<?xml version="1.0" encoding="UTF-8"?>
<testsuites tests="16" failures="0" errors="0" skipped="0">
  <testsuite timestamp="2025-05-24T17:28:00" time="1646.254" tests="12" failures="0" errors="0" skipped="0">
    <properties>
      <property name="specId" value="0"/>
      <property name="suiteName" value="Partner specific tests US150819 US151080 US151654 US151176 US103444 US151078 US151079 US151109 US151174 US151175 US151189"/>
      <property name="capabilities" value="chrome.136_0_7103_93.windows"/>
      <property name="file" value="file:///D:/a/1/s/test/specs/BTS/manage-partners.spec.js"/>
    </properties>
    <testcase classname="chrome.136_0_7103_93.windows.Partner_specific_tests_US150819_US151080_US151654_US151176_US103444_US151078_US151079_US151109_US151174_US151175_US151189" name="Should create a new yard prerequisite" time="155.598">
      <system-out><![CDATA[
COMMAND: POST /session/7410a71b14728fd3846eb83ce69f197f/window/fullscreen - {}
RESULT: {}
COMMAND: POST /session/7410a71b14728fd3846eb83ce69f197f/element - {"using":"xpath","value":"//li[.//span[text()=\"Manage Partners\"]]"}
RESULT: {"using":"xpath","value":"//li[.//span[text()=\"Manage Partners\"]]"}
COMMAND: POST /session/7410a71b14728fd3846eb83ce69f197f/element - {"using":"xpath","value":"//li[.//span[text()=\"Manage Partners\"]]"}
RESULT: {"using":"xpath","value":"//li[.//span[text()=\"Manage Partners\"]]"}
COMMAND: POST /session/7410a71b14728fd3846eb83ce69f197f/element - {"using":"css selector","value":"#shell-header-logo"}
RESULT: {"using":"css selector","value":"#shell-header-logo"}
COMMAND: POST /session/7410a71b14728fd3846eb83ce69f197f/element/f.86015CA9C3D3DEEAC7F6EBF17DD69AAD.d.474F4C677ACD3E7D61E21DEBD93DDD20.e.278/click - {}
COMMAND: POST /session/7410a71b14728fd3846eb83ce69f197f/execute/sync - {"script":"<script> [8489 bytes]","args":[{"element-6066-11e4-a52e-4f735466cecf":"f.86015CA9C3D3DEEAC7F6EBF17DD69AAD.d.474F4C677ACD3E7D61E21DEBD93DDD20.e.278","ELEMENT":"f.86015CA9C3D3DEEAC7F6EBF17DD69AAD.d.474F4C677ACD3E7D61E21DEBD93DDD20.e.278"}]}
RESULT: {}
COMMAND: GET /session/7410a71b14728fd3846eb83ce69f197f/screenshot - {}
RESULT: {"script":"<script> [8489 bytes]","args":[{"element-6066-11e4-a52e-4f735466cecf":"f.86015CA9C3D3DEEAC7F6EBF17DD69AAD.d.474F4C677ACD3E7D61E21DEBD93DDD20.e.278","ELEMENT":"f.86015CA9C3D3DEEAC7F6EBF17DD69AAD.d.474F4C677ACD3E7D61E21DEBD93DDD20.e.278"}]}
COMMAND: POST /session/7410a71b14728fd3846eb83ce69f197f/execute/sync - {"script":"<script> [5351 bytes]","args":[{"element-6066-11e4-a52e-4f735466cecf":"f.86015CA9C3D3DEEAC7F6EBF17DD69AAD.d.474F4C677ACD3E7D61E21DEBD93DDD20.e.278","ELEMENT":"f.86015CA9C3D3DEEAC7F6EBF17DD69AAD.d.474F4C677ACD3E7D61E21DEBD93DDD20.e.278"}]}
COMMAND: GET /session/7410a71b14728fd3846eb83ce69f197f/screenshot - {}
RESULT: {}
RESULT: {"script":"<script> [5351 bytes]","args":[{"element-6066-11e4-a52e-4f735466cecf":"f.86015CA9C3D3DEEAC7F6EBF17DD69AAD.d.474F4C677ACD3E7D61E21DEBD93DDD20.e.278","ELEMENT":"f.86015CA9C3D3DEEAC7F6EBF17DD69AAD.d.474F4C677ACD3E7D61E21DEBD93DDD20.e.278"}]}
COMMAND: GET /session/7410a71b14728fd3846eb83ce69f197f/screenshot - {}
RESULT: {}
RESULT: {}
COMMAND: POST /session/7410a71b14728fd3846eb83ce69f197f/execute/async - {"script":"<script> [1562 bytes]","args":[{"selector":{"controlType":"sap.m.GenericTile","properties":{"header":"Manage Yards"}},"wdio_ui5_key":"sapm.GenericTile{\"header\":\"Manage Yards\"}"}]}
RESULT: {"script":"<script> [1562 bytes]","args":[{"selector":{"controlType":"sap.m.GenericTile","properties":{"header":"Manage Yards"}},"wdio_ui5_key":"sapm.GenericTile{\"header\":\"Manage Yards\"}"}]}
RESULT: undefined
COMMAND: POST /session/7410a71b14728fd3846eb83ce69f197f/element - {"using":"xpath","value":"//*[@id=\"__tile41\"]"}
RESULT: {"using":"xpath","value":"//*[@id=\"__tile41\"]"}
COMMAND: POST /session/7410a71b14728fd3846eb83ce69f197f/element/f.86015CA9C3D3DEEAC7F6EBF17DD69AAD.d.474F4C677ACD3E7D61E21DEBD93DDD20.e.175/click - {}
RESULT: {}
COMMAND: GET /session/7410a71b14728fd3846eb83ce69f197f/screenshot - {}
RESULT: {}
COMMAND: POST /session/7410a71b14728fd3846eb83ce69f197f/elements - {"using":"xpath","value":"//span[text()='Error']"}
RESULT: {"using":"xpath","value":"//span[text()='Error']"}
COMMAND: POST /session/7410a71b14728fd3846eb83ce69f197f/element - {"using":"xpath","value":"//button[@data-kt=\"addNewYardOverflowToolbarButton\"]"}
RESULT: {"using":"xpath","value":"//button[@data-kt=\"addNewYardOverflowToolbarButton\"]"}
COMMAND: POST /session/7410a71b14728fd3846eb83ce69f197f/elements - {"using":"xpath","value":"//button[@data-kt=\"addNewYardOverflowToolbarButton\"]"}
RESULT: {"using":"xpath","value":"//button[@data-kt=\"addNewYardOverflowToolbarButton\"]"}
COMMAND: POST /session/7410a71b14728fd3846eb83ce69f197f/elements - {"using":"xpath","value":"//button[@data-kt=\"addNewYardOverflowToolbarButton\"]"}
RESULT: {"using":"xpath","value":"//button[@data-kt=\"addNewYardOverflowToolbarButton\"]"}
COMMAND: POST /session/7410a71b14728fd3846eb83ce69f197f/elements - {"using":"xpath","value":"//button[@data-kt=\"addNewYardOverflowToolbarButton\"]"}
RESULT: {"using":"xpath","value":"//button[@data-kt=\"addNewYardOverflowToolbarButton\"]"}
COMMAND: POST /session/7410a71b14728fd3846eb83ce69f197f/elements - {"using":"xpath","value":"//button[@data-kt=\"addNewYardOverflowToolbarButton\"]"}
RESULT: {"using":"xpath","value":"//button[@data-kt=\"addNewYardOverflowToolbarButton\"]"}
COMMAND: POST /session/7410a71b14728fd3846eb83ce69f197f/elements - {"using":"xpath","value":"//button[@data-kt=\"addNewYardOverflowToolbarButton\"]"}
RESULT: {"using":"xpath","value":"//button[@data-kt=\"addNewYardOverflowToolbarButton\"]"}
COMMAND: POST /session/7410a71b14728fd3846eb83ce69f197f/elements - {"using":"xpath","value":"//button[@data-kt=\"addNewYardOverflowToolbarButton\"]"}
RESULT: {"using":"xpath","value":"//button[@data-kt=\"addNewYardOverflowToolbarButton\"]"}
COMMAND: POST /session/7410a71b14728fd3846eb83ce69f197f/elements - {"using":"xpath","value":"//button[@data-kt=\"addNewYardOverflowToolbarButton\"]"}
RESULT: {"using":"xpath","value":"//button[@data-kt=\"addNewYardOverflowToolbarButton\"]"}
COMMAND: POST /session/7410a71b14728fd3846eb83ce69f197f/elements - {"using":"xpath","value":"//button[@data-kt=\"addNewYardOverflowToolbarButton\"]"}
RESULT: {"using":"xpath","value":"//button[@data-kt=\"addNewYardOverflowToolbarButton\"]"}
COMMAND: POST /session/7410a71b14728fd3846eb83ce69f197f/elements - {"using":"xpath","value":"//button[@data-kt=\"addNewYardOverflowToolbarButton\"]"}
RESULT: {"using":"xpath","value":"//button[@data-kt=\"addNewYardOverflowToolbarButton\"]"}
COMMAND: POST /session/7410a71b14728fd3846eb83ce69f197f/elements - {"using":"xpath","value":"//button[@data-kt=\"addNewYardOverflowToolbarButton\"]"}
RESULT: {"using":"xpath","value":"//button[@data-kt=\"addNewYardOverflowToolbarButton\"]"}
COMMAND: POST /session/7410a71b14728fd3846eb83ce69f197f/elements - {"using":"xpath","value":"//button[@data-kt=\"addNewYardOverflowToolbarButton\"]"}
RESULT: {"using":"xpath","value":"//button[@data-kt=\"addNewYardOverflowToolbarButton\"]"}
COMMAND: POST /session/7410a71b14728fd3846eb83ce69f197f/elements - {"using":"xpath","value":"//button[@data-kt=\"addNewYardOverflowToolbarButton\"]"}
RESULT: {"using":"xpath","value":"//button[@data-kt=\"addNewYardOverflowToolbarButton\"]"}
COMMAND: POST /session/7410a71b14728fd3846eb83ce69f197f/elements - {"using":"xpath","value":"//button[@data-kt=\"addNewYardOverflowToolbarButton\"]"}
RESULT: {"using":"xpath","value":"//button[@data-kt=\"addNewYardOverflowToolbarButton\"]"}
COMMAND: POST /session/7410a71b14728fd3846eb83ce69f197f/elements - {"using":"xpath","value":"//button[@data-kt=\"addNewYardOverflowToolbarButton\"]"}
RESULT: {"using":"xpath","value":"//button[@data-kt=\"addNewYardOverflowToolbarButton\"]"}
COMMAND: POST /session/7410a71b14728fd3846eb83ce69f197f/elements - {"using":"xpath","value":"//button[@data-kt=\"addNewYardOverflowToolbarButton\"]"}
RESULT: {"using":"xpath","value":"//button[@data-kt=\"addNewYardOverflowToolbarButton\"]"}
COMMAND: POST /session/7410a71b14728fd3846eb83ce69f197f/elements - {"using":"xpath","value":"//button[@data-kt=\"addNewYardOverflowToolbarButton\"]"}
RESULT: {"using":"xpath","value":"//button[@data-kt=\"addNewYardOverflowToolbarButton\"]"}
COMMAND: POST /session/7410a71b14728fd3846eb83ce69f197f/elements - {"using":"xpath","value":"//button[@data-kt=\"addNewYardOverflowToolbarButton\"]"}
RESULT: {"using":"xpath","value":"//button[@data-kt=\"addNewYardOverflowToolbarButton\"]"}
COMMAND: POST /session/7410a71b14728fd3846eb83ce69f197f/elements - {"using":"xpath","value":"//button[@data-kt=\"addNewYardOverflowToolbarButton\"]"}
RESULT: {"using":"xpath","value":"//button[@data-kt=\"addNewYardOverflowToolbarButton\"]"}
COMMAND: POST /session/7410a71b14728fd3846eb83ce69f197f/elements - {"using":"xpath","value":"//button[@data-kt=\"addNewYardOverflowToolbarButton\"]"}
RESULT: {"using":"xpath","value":"//button[@data-kt=\"addNewYardOverflowToolbarButton\"]"}
COMMAND: POST /session/7410a71b14728fd3846eb83ce69f197f/element - {"using":"xpath","value":"//button[@data-kt=\"addNewYardOverflowToolbarButton\"]"}
RESULT: {"using":"xpath","value":"//button[@data-kt=\"addNewYardOverflowToolbarButton\"]"}
COMMAND: POST /session/7410a71b14728fd3846eb83ce69f197f/execute/sync - {"script":"<script> [8489 bytes]","args":[{"element-6066-11e4-a52e-4f735466cecf":"f.86015CA9C3D3DEEAC7F6EBF17DD69AAD.d.474F4C677ACD3E7D61E21DEBD93DDD20.e.306","ELEMENT":"f.86015CA9C3D3DEEAC7F6EBF17DD69AAD.d.474F4C677ACD3E7D61E21DEBD93DDD20.e.306"}]}
RESULT: {"script":"<script> [8489 bytes]","args":[{"element-6066-11e4-a52e-4f735466cecf":"f.86015CA9C3D3DEEAC7F6EBF17DD69AAD.d.474F4C677ACD3E7D61E21DEBD93DDD20.e.306","ELEMENT":"f.86015CA9C3D3DEEAC7F6EBF17DD69AAD.d.474F4C677ACD3E7D61E21DEBD93DDD20.e.306"}]}
COMMAND: GET /session/7410a71b14728fd3846eb83ce69f197f/element/f.86015CA9C3D3DEEAC7F6EBF17DD69AAD.d.474F4C677ACD3E7D61E21DEBD93DDD20.e.306/enabled - {}
COMMAND: GET /session/7410a71b14728fd3846eb83ce69f197f/screenshot - {}
RESULT: {}
COMMAND: POST /session/7410a71b14728fd3846eb83ce69f197f/execute/sync - {"script":"<script> [8489 bytes]","args":[{"element-6066-11e4-a52e-4f735466cecf":"f.86015CA9C3D3DEEAC7F6EBF17DD69AAD.d.474F4C677ACD3E7D61E21DEBD93DDD20.e.306","ELEMENT":"f.86015CA9C3D3DEEAC7F6EBF17DD69AAD.d.474F4C677ACD3E7D61E21DEBD93DDD20.e.306"}]}
COMMAND: GET /session/7410a71b14728fd3846eb83ce69f197f/screenshot - {}
RESULT: {}
RESULT: {"script":"<script> [8489 bytes]","args":[{"element-6066-11e4-a52e-4f735466cecf":"f.86015CA9C3D3DEEAC7F6EBF17DD69AAD.d.474F4C677ACD3E7D61E21DEBD93DDD20.e.306","ELEMENT":"f.86015CA9C3D3DEEAC7F6EBF17DD69AAD.d.474F4C677ACD3E7D61E21DEBD93DDD20.e.306"}]}
COMMAND: POST /session/7410a71b14728fd3846eb83ce69f197f/execute/sync - {"script":"<script> [5351 bytes]","args":[{"element-6066-11e4-a52e-4f735466cecf":"f.86015CA9C3D3DEEAC7F6EBF17DD69AAD.d.474F4C677ACD3E7D61E21DEBD93DDD20.e.306","ELEMENT":"f.86015CA9C3D3DEEAC7F6EBF17DD69AAD.d.474F4C677ACD3E7D61E21DEBD93DDD20.e.306"}]}
COMMAND: GET /session/7410a71b14728fd3846eb83ce69f197f/screenshot - {}
RESULT: {}
RESULT: {"script":"<script> [5351 bytes]","args":[{"element-6066-11e4-a52e-4f735466cecf":"f.86015CA9C3D3DEEAC7F6EBF17DD69AAD.d.474F4C677ACD3E7D61E21DEBD93DDD20.e.306","ELEMENT":"f.86015CA9C3D3DEEAC7F6EBF17DD69AAD.d.474F4C677ACD3E7D61E21DEBD93DDD20.e.306"}]}
COMMAND: POST /session/7410a71b14728fd3846eb83ce69f197f/element/f.86015CA9C3D3DEEAC7F6EBF17DD69AAD.d.474F4C677ACD3E7D61E21DEBD93DDD20.e.306/click - {}
COMMAND: GET /session/7410a71b14728fd3846eb83ce69f197f/screenshot - {}
RESULT: {}
RESULT: {}
COMMAND: GET /session/7410a71b14728fd3846eb83ce69f197f/screenshot - {}
COMMAND: POST /session/7410a71b14728fd3846eb83ce69f197f/element - {"using":"xpath","value":"//input[@id=\"application-manageyards-display-component---NewYard--yardId-inner\"]"}
RESULT: {}
RESULT: {}
RESULT: {"using":"xpath","value":"//input[@id=\"application-manageyards-display-component---NewYard--yardId-inner\"]"}
COMMAND: POST /session/7410a71b14728fd3846eb83ce69f197f/element - {"using":"xpath","value":"//input[@id=\"application-manageyards-display-component---NewYard--yardId-inner\"]"}
RESULT: {"using":"xpath","value":"//input[@id=\"application-manageyards-display-component---NewYard--yardId-inner\"]"}
COMMAND: POST /session/7410a71b14728fd3846eb83ce69f197f/execute/async - {"script":"<script> [1562 bytes]","args":[{"selector":{"id":"application-manageyards-display-component---NewYard--addressDetailDetailsName1","interaction":{"idSuffix":"inner"}},"wdio_ui5_key":"applicationmanageyards-display-component---NewYard--addressDetailDetailsName1"}]}
RESULT: {"script":"<script> [1562 bytes]","args":[{"selector":{"id":"application-manageyards-display-component---NewYard--addressDetailDetailsName1","interaction":{"idSuffix":"inner"}},"wdio_ui5_key":"applicationmanageyards-display-component---NewYard--addressDetailDetailsName1"}]}
RESULT: undefined
COMMAND: POST /session/7410a71b14728fd3846eb83ce69f197f/execute/async - {"script":"<script> [776 bytes]","args":[{"enterText":"Intracompany Yard wdIO","selector":{"id":"application-manageyards-display-component---NewYard--addressDetailDetailsName1","interaction":{"idSuffix":"inner"}},"clearTextFirst":true,"interactionType":"ENTER_TEXT"}]}
RESULT: {"script":"<script> [776 bytes]","args":[{"enterText":"Intracompany Yard wdIO","selector":{"id":"application-manageyards-display-component---NewYard--addressDetailDetailsName1","interaction":{"idSuffix":"inner"}},"clearTextFirst":true,"interactionType":"ENTER_TEXT"}]}
COMMAND: POST /session/7410a71b14728fd3846eb83ce69f197f/execute/async - {"script":"<script> [1562 bytes]","args":[{"selector":{"id":"application-manageyards-display-component---NewYard--addressDetailDetailsLanguage-arrow"},"wdio_ui5_key":"applicationmanageyards-display-component---NewYard--addressDetailDetailsLanguage-arrow"}]}
RESULT: {"script":"<script> [1562 bytes]","args":[{"selector":{"id":"application-manageyards-display-component---NewYard--addressDetailDetailsLanguage-arrow"},"wdio_ui5_key":"applicationmanageyards-display-component---NewYard--addressDetailDetailsLanguage-arrow"}]}
RESULT: undefined
COMMAND: POST /session/7410a71b14728fd3846eb83ce69f197f/element - {"using":"xpath","value":"//*[@id=\"application-manageyards-display-component---NewYard--addressDetailDetailsLanguage-arrow\"]"}
RESULT: {"using":"xpath","value":"//*[@id=\"application-manageyards-display-component---NewYard--addressDetailDetailsLanguage-arrow\"]"}
COMMAND: POST /session/7410a71b14728fd3846eb83ce69f197f/element/f.86015CA9C3D3DEEAC7F6EBF17DD69AAD.d.474F4C677ACD3E7D61E21DEBD93DDD20.e.744/click - {}
RESULT: {}
COMMAND: POST /session/7410a71b14728fd3846eb83ce69f197f/element - {"using":"xpath","value":"//span[contains(text(), \"English\")]"}
COMMAND: GET /session/7410a71b14728fd3846eb83ce69f197f/screenshot - {}
RESULT: {"using":"xpath","value":"//span[contains(text(), \"English\")]"}
COMMAND: POST /session/7410a71b14728fd3846eb83ce69f197f/element/f.86015CA9C3D3DEEAC7F6EBF17DD69AAD.d.474F4C677ACD3E7D61E21DEBD93DDD20.e.745/click - {}
RESULT: {}
RESULT: {}
COMMAND: POST /session/7410a71b14728fd3846eb83ce69f197f/execute/async - {"script":"<script> [1562 bytes]","args":[{"selector":{"id":"application-manageyards-display-component---NewYard--addressDetailDetailsCity1","interaction":{"idSuffix":"inner"}},"wdio_ui5_key":"applicationmanageyards-display-component---NewYard--addressDetailDetailsCity1"}]}
COMMAND: GET /session/7410a71b14728fd3846eb83ce69f197f/screenshot - {}
RESULT: {"script":"<script> [1562 bytes]","args":[{"selector":{"id":"application-manageyards-display-component---NewYard--addressDetailDetailsCity1","interaction":{"idSuffix":"inner"}},"wdio_ui5_key":"applicationmanageyards-display-component---NewYard--addressDetailDetailsCity1"}]}
RESULT: undefined
COMMAND: POST /session/7410a71b14728fd3846eb83ce69f197f/execute/async - {"script":"<script> [776 bytes]","args":[{"enterText":"Rosario","selector":{"id":"application-manageyards-display-component---NewYard--addressDetailDetailsCity1","interaction":{"idSuffix":"inner"}},"clearTextFirst":true,"interactionType":"ENTER_TEXT"}]}
RESULT: {}
RESULT: {"script":"<script> [776 bytes]","args":[{"enterText":"Rosario","selector":{"id":"application-manageyards-display-component---NewYard--addressDetailDetailsCity1","interaction":{"idSuffix":"inner"}},"clearTextFirst":true,"interactionType":"ENTER_TEXT"}]}
COMMAND: POST /session/7410a71b14728fd3846eb83ce69f197f/execute/async - {"script":"<script> [1562 bytes]","args":[{"selector":{"id":"application-manageyards-display-component---NewYard--addressDetailDetailsCountry-arrow"},"wdio_ui5_key":"applicationmanageyards-display-component---NewYard--addressDetailDetailsCountry-arrow"}]}
RESULT: {"script":"<script> [1562 bytes]","args":[{"selector":{"id":"application-manageyards-display-component---NewYard--addressDetailDetailsCountry-arrow"},"wdio_ui5_key":"applicationmanageyards-display-component---NewYard--addressDetailDetailsCountry-arrow"}]}
RESULT: undefined
COMMAND: POST /session/7410a71b14728fd3846eb83ce69f197f/element - {"using":"xpath","value":"//*[@id=\"application-manageyards-display-component---NewYard--addressDetailDetailsCountry-arrow\"]"}
RESULT: {"using":"xpath","value":"//*[@id=\"application-manageyards-display-component---NewYard--addressDetailDetailsCountry-arrow\"]"}
COMMAND: POST /session/7410a71b14728fd3846eb83ce69f197f/element/f.86015CA9C3D3DEEAC7F6EBF17DD69AAD.d.474F4C677ACD3E7D61E21DEBD93DDD20.e.747/click - {}
RESULT: {}
COMMAND: POST /session/7410a71b14728fd3846eb83ce69f197f/element - {"using":"xpath","value":"//span[contains(text(), \"Argentina\")]"}
COMMAND: GET /session/7410a71b14728fd3846eb83ce69f197f/screenshot - {}
RESULT: {"using":"xpath","value":"//span[contains(text(), \"Argentina\")]"}
COMMAND: POST /session/7410a71b14728fd3846eb83ce69f197f/element/f.86015CA9C3D3DEEAC7F6EBF17DD69AAD.d.474F4C677ACD3E7D61E21DEBD93DDD20.e.748/click - {}
RESULT: {}
RESULT: {}
COMMAND: POST /session/7410a71b14728fd3846eb83ce69f197f/execute/async - {"script":"<script> [1562 bytes]","args":[{"selector":{"id":"application-manageyards-display-component---NewYard--addressEditDetailsCostObjectCstType-arrow"},"wdio_ui5_key":"applicationmanageyards-display-component---NewYard--addressEditDetailsCostObjectCstType-arrow"}]}
COMMAND: GET /session/7410a71b14728fd3846eb83ce69f197f/screenshot - {}
RESULT: {"script":"<script> [1562 bytes]","args":[{"selector":{"id":"application-manageyards-display-component---NewYard--addressEditDetailsCostObjectCstType-arrow"},"wdio_ui5_key":"applicationmanageyards-display-component---NewYard--addressEditDetailsCostObjectCstType-arrow"}]}
RESULT: undefined
COMMAND: POST /session/7410a71b14728fd3846eb83ce69f197f/element - {"using":"xpath","value":"//*[@id=\"application-manageyards-display-component---NewYard--addressEditDetailsCostObjectCstType-arrow\"]"}
RESULT: {}
RESULT: {"using":"xpath","value":"//*[@id=\"application-manageyards-display-component---NewYard--addressEditDetailsCostObjectCstType-arrow\"]"}
COMMAND: POST /session/7410a71b14728fd3846eb83ce69f197f/element/f.86015CA9C3D3DEEAC7F6EBF17DD69AAD.d.474F4C677ACD3E7D61E21DEBD93DDD20.e.750/click - {}
RESULT: {}
COMMAND: POST /session/7410a71b14728fd3846eb83ce69f197f/element - {"using":"xpath","value":"//span[contains(text(), \"Cost Center\")]"}
COMMAND: GET /session/7410a71b14728fd3846eb83ce69f197f/screenshot - {}
RESULT: {"using":"xpath","value":"//span[contains(text(), \"Cost Center\")]"}
COMMAND: POST /session/7410a71b14728fd3846eb83ce69f197f/element/f.86015CA9C3D3DEEAC7F6EBF17DD69AAD.d.474F4C677ACD3E7D61E21DEBD93DDD20.e.751/click - {}
RESULT: {}
RESULT: {}
COMMAND: GET /session/7410a71b14728fd3846eb83ce69f197f/screenshot - {}
RESULT: {}
COMMAND: POST /session/7410a71b14728fd3846eb83ce69f197f/element - {"using":"xpath","value":"//span[@id=\"application-manageyards-display-component---NewYard--addressNewCostObjectCstID-vhi\"]"}
RESULT: {"using":"xpath","value":"//span[@id=\"application-manageyards-display-component---NewYard--addressNewCostObjectCstID-vhi\"]"}
COMMAND: POST /session/7410a71b14728fd3846eb83ce69f197f/execute/sync - {"script":"<script> [8489 bytes]","args":[{"element-6066-11e4-a52e-4f735466cecf":"f.86015CA9C3D3DEEAC7F6EBF17DD69AAD.d.474F4C677ACD3E7D61E21DEBD93DDD20.e.755","ELEMENT":"f.86015CA9C3D3DEEAC7F6EBF17DD69AAD.d.474F4C677ACD3E7D61E21DEBD93DDD20.e.755"}]}
RESULT: {"script":"<script> [8489 bytes]","args":[{"element-6066-11e4-a52e-4f735466cecf":"f.86015CA9C3D3DEEAC7F6EBF17DD69AAD.d.474F4C677ACD3E7D61E21DEBD93DDD20.e.755","ELEMENT":"f.86015CA9C3D3DEEAC7F6EBF17DD69AAD.d.474F4C677ACD3E7D61E21DEBD93DDD20.e.755"}]}
COMMAND: POST /session/7410a71b14728fd3846eb83ce69f197f/execute/async - {"script":"<script> [1562 bytes]","args":[{"selector":{"id":"application-manageyards-display-component---NewYard--addressNewCostObjectCstID-vhi"},"wdio_ui5_key":"applicationmanageyards-display-component---NewYard--addressNewCostObjectCstID-vhi"}]}
COMMAND: GET /session/7410a71b14728fd3846eb83ce69f197f/screenshot - {}
RESULT: {"script":"<script> [1562 bytes]","args":[{"selector":{"id":"application-manageyards-display-component---NewYard--addressNewCostObjectCstID-vhi"},"wdio_ui5_key":"applicationmanageyards-display-component---NewYard--addressNewCostObjectCstID-vhi"}]}
RESULT: undefined
COMMAND: POST /session/7410a71b14728fd3846eb83ce69f197f/element - {"using":"xpath","value":"//*[@id=\"application-manageyards-display-component---NewYard--addressNewCostObjectCstID-vhi\"]"}
RESULT: {}
RESULT: {"using":"xpath","value":"//*[@id=\"application-manageyards-display-component---NewYard--addressNewCostObjectCstID-vhi\"]"}
COMMAND: POST /session/7410a71b14728fd3846eb83ce69f197f/element/f.86015CA9C3D3DEEAC7F6EBF17DD69AAD.d.474F4C677ACD3E7D61E21DEBD93DDD20.e.755/click - {}
RESULT: {}
COMMAND: GET /session/7410a71b14728fd3846eb83ce69f197f/screenshot - {}
RESULT: {}
COMMAND: POST /session/7410a71b14728fd3846eb83ce69f197f/execute/async - {"script":"<script> [1562 bytes]","args":[{"selector":{"controlType":"sap.m.SearchField","properties":{"placeholder":"Search"},"searchOpenDialogs":true,"interaction":{"idSuffix":"I"}},"wdio_ui5_key":"sapm.SearchField{\"placeholder\":\"Search\"}"}]}
RESULT: {"script":"<script> [1562 bytes]","args":[{"selector":{"controlType":"sap.m.SearchField","properties":{"placeholder":"Search"},"searchOpenDialogs":true,"interaction":{"idSuffix":"I"}},"wdio_ui5_key":"sapm.SearchField{\"placeholder\":\"Search\"}"}]}
RESULT: undefined
COMMAND: POST /session/7410a71b14728fd3846eb83ce69f197f/execute/async - {"script":"<script> [776 bytes]","args":[{"enterText":"bauh_b","selector":{"controlType":"sap.m.SearchField","properties":{"placeholder":"Search"},"searchOpenDialogs":true,"interaction":{"idSuffix":"I"}},"clearTextFirst":true,"interactionType":"ENTER_TEXT"}]}
RESULT: {"script":"<script> [776 bytes]","args":[{"enterText":"bauh_b","selector":{"controlType":"sap.m.SearchField","properties":{"placeholder":"Search"},"searchOpenDialogs":true,"interaction":{"idSuffix":"I"}},"clearTextFirst":true,"interactionType":"ENTER_TEXT"}]}
COMMAND: POST /session/7410a71b14728fd3846eb83ce69f197f/actions - {"actions":[{"id":"action1","type":"key","parameters":{},"actions":[{"type":"keyDown","value":""},{"type":"pause","duration":10},{"type":"keyUp","value":""}]}]}
RESULT: {"actions":[{"id":"action1","type":"key","parameters":{},"actions":[{"type":"keyDown","value":""},{"type":"pause","duration":10},{"type":"keyUp","value":""}]}]}
COMMAND: GET /session/7410a71b14728fd3846eb83ce69f197f/screenshot - {}
RESULT: {}
COMMAND: POST /session/7410a71b14728fd3846eb83ce69f197f/element - {"using":"xpath","value":"//span[contains(text(), \"Demo Yard\")]"}
RESULT: {"using":"xpath","value":"//span[contains(text(), \"Demo Yard\")]"}
COMMAND: POST /session/7410a71b14728fd3846eb83ce69f197f/element/f.86015CA9C3D3DEEAC7F6EBF17DD69AAD.d.474F4C677ACD3E7D61E21DEBD93DDD20.e.799/click - {}
RESULT: {}
COMMAND: GET /session/7410a71b14728fd3846eb83ce69f197f/screenshot - {}
RESULT: {}
COMMAND: POST /session/7410a71b14728fd3846eb83ce69f197f/element - {"using":"xpath","value":"//bdi[contains(text(), \"OK\")]"}
RESULT: {"using":"xpath","value":"//bdi[contains(text(), \"OK\")]"}
COMMAND: POST /session/7410a71b14728fd3846eb83ce69f197f/element/f.86015CA9C3D3DEEAC7F6EBF17DD69AAD.d.474F4C677ACD3E7D61E21DEBD93DDD20.e.800/click - {}
RESULT: {}
COMMAND: GET /session/7410a71b14728fd3846eb83ce69f197f/screenshot - {}
RESULT: {}
COMMAND: POST /session/7410a71b14728fd3846eb83ce69f197f/execute/async - {"script":"<script> [1562 bytes]","args":[{"selector":{"id":"application-manageyards-display-component---NewYard--addressEditDetailsCurrency-arrow"},"wdio_ui5_key":"applicationmanageyards-display-component---NewYard--addressEditDetailsCurrency-arrow"}]}
RESULT: {"script":"<script> [1562 bytes]","args":[{"selector":{"id":"application-manageyards-display-component---NewYard--addressEditDetailsCurrency-arrow"},"wdio_ui5_key":"applicationmanageyards-display-component---NewYard--addressEditDetailsCurrency-arrow"}]}
RESULT: undefined
COMMAND: POST /session/7410a71b14728fd3846eb83ce69f197f/element - {"using":"xpath","value":"//*[@id=\"application-manageyards-display-component---NewYard--addressEditDetailsCurrency-arrow\"]"}
RESULT: {"using":"xpath","value":"//*[@id=\"application-manageyards-display-component---NewYard--addressEditDetailsCurrency-arrow\"]"}
COMMAND: POST /session/7410a71b14728fd3846eb83ce69f197f/element/f.86015CA9C3D3DEEAC7F6EBF17DD69AAD.d.474F4C677ACD3E7D61E21DEBD93DDD20.e.803/click - {}
RESULT: {}
COMMAND: POST /session/7410a71b14728fd3846eb83ce69f197f/element - {"using":"xpath","value":"//span[contains(text(), \"Euro\")]"}
COMMAND: GET /session/7410a71b14728fd3846eb83ce69f197f/screenshot - {}
RESULT: {"using":"xpath","value":"//span[contains(text(), \"Euro\")]"}
COMMAND: POST /session/7410a71b14728fd3846eb83ce69f197f/element/f.86015CA9C3D3DEEAC7F6EBF17DD69AAD.d.474F4C677ACD3E7D61E21DEBD93DDD20.e.804/click - {}
RESULT: {}
RESULT: {}
COMMAND: POST /session/7410a71b14728fd3846eb83ce69f197f/execute/async - {"script":"<script> [1562 bytes]","args":[{"selector":{"controlType":"sap.m.Input","viewName":"etm.portal.ui.manageyards.view.New","viewId":"application-manageyards-display-component---NewYard","bindingPath":{"path":"","propertyPath":"/CONTROLLING_AREA","modelName":"NewYardModel"},"interaction":{"idSuffix":"inner"}},"wdio_ui5_key":"etmportal.ui.manageyards.view.Newsap.m.Input{\"path\":\"\",\"propertyPath\":\"/CONTROLLING_AREA\",\"modelName\":\"NewYardModel\"}"}]}
COMMAND: GET /session/7410a71b14728fd3846eb83ce69f197f/screenshot - {}
RESULT: {"script":"<script> [1562 bytes]","args":[{"selector":{"controlType":"sap.m.Input","viewName":"etm.portal.ui.manageyards.view.New","viewId":"application-manageyards-display-component---NewYard","bindingPath":{"path":"","propertyPath":"/CONTROLLING_AREA","modelName":"NewYardModel"},"interaction":{"idSuffix":"inner"}},"wdio_ui5_key":"etmportal.ui.manageyards.view.Newsap.m.Input{\"path\":\"\",\"propertyPath\":\"/CONTROLLING_AREA\",\"modelName\":\"NewYardModel\"}"}]}
RESULT: undefined
COMMAND: POST /session/7410a71b14728fd3846eb83ce69f197f/execute/async - {"script":"<script> [776 bytes]","args":[{"enterText":"Z001","selector":{"controlType":"sap.m.Input","viewName":"etm.portal.ui.manageyards.view.New","viewId":"application-manageyards-display-component---NewYard","bindingPath":{"path":"","propertyPath":"/CONTROLLING_AREA","modelName":"NewYardModel"},"interaction":{"idSuffix":"inner"}},"clearTextFirst":true,"interactionType":"ENTER_TEXT"}]}
RESULT: {}
RESULT: {"script":"<script> [776 bytes]","args":[{"enterText":"Z001","selector":{"controlType":"sap.m.Input","viewName":"etm.portal.ui.manageyards.view.New","viewId":"application-manageyards-display-component---NewYard","bindingPath":{"path":"","propertyPath":"/CONTROLLING_AREA","modelName":"NewYardModel"},"interaction":{"idSuffix":"inner"}},"clearTextFirst":true,"interactionType":"ENTER_TEXT"}]}
COMMAND: POST /session/7410a71b14728fd3846eb83ce69f197f/execute/async - {"script":"<script> [1562 bytes]","args":[{"selector":{"id":"application-manageyards-display-component---NewYard--companyCodeComboBox","interaction":{"idSuffix":"inner"}},"wdio_ui5_key":"applicationmanageyards-display-component---NewYard--companyCodeComboBox"}]}
RESULT: {"script":"<script> [1562 bytes]","args":[{"selector":{"id":"application-manageyards-display-component---NewYard--companyCodeComboBox","interaction":{"idSuffix":"inner"}},"wdio_ui5_key":"applicationmanageyards-display-component---NewYard--companyCodeComboBox"}]}
RESULT: undefined
COMMAND: POST /session/7410a71b14728fd3846eb83ce69f197f/execute/async - {"script":"<script> [776 bytes]","args":[{"enterText":"1000","selector":{"id":"application-manageyards-display-component---NewYard--companyCodeComboBox","interaction":{"idSuffix":"inner"}},"clearTextFirst":true,"interactionType":"ENTER_TEXT"}]}
RESULT: {"script":"<script> [776 bytes]","args":[{"enterText":"1000","selector":{"id":"application-manageyards-display-component---NewYard--companyCodeComboBox","interaction":{"idSuffix":"inner"}},"clearTextFirst":true,"interactionType":"ENTER_TEXT"}]}
COMMAND: POST /session/7410a71b14728fd3846eb83ce69f197f/execute/async - {"script":"<script> [1562 bytes]","args":[{"selector":{"controlType":"sap.m.Input","viewName":"etm.portal.ui.manageyards.view.New","viewId":"application-manageyards-display-component---NewYard","bindingPath":{"path":"","propertyPath":"/PLANT","modelName":"NewYardModel"},"interaction":{"idSuffix":"inner"}},"wdio_ui5_key":"etmportal.ui.manageyards.view.Newsap.m.Input{\"path\":\"\",\"propertyPath\":\"/PLANT\",\"modelName\":\"NewYardModel\"}"}]}
RESULT: {"script":"<script> [1562 bytes]","args":[{"selector":{"controlType":"sap.m.Input","viewName":"etm.portal.ui.manageyards.view.New","viewId":"application-manageyards-display-component---NewYard","bindingPath":{"path":"","propertyPath":"/PLANT","modelName":"NewYardModel"},"interaction":{"idSuffix":"inner"}},"wdio_ui5_key":"etmportal.ui.manageyards.view.Newsap.m.Input{\"path\":\"\",\"propertyPath\":\"/PLANT\",\"modelName\":\"NewYardModel\"}"}]}
RESULT: undefined
COMMAND: POST /session/7410a71b14728fd3846eb83ce69f197f/execute/async - {"script":"<script> [776 bytes]","args":[{"enterText":"1001","selector":{"controlType":"sap.m.Input","viewName":"etm.portal.ui.manageyards.view.New","viewId":"application-manageyards-display-component---NewYard","bindingPath":{"path":"","propertyPath":"/PLANT","modelName":"NewYardModel"},"interaction":{"idSuffix":"inner"}},"clearTextFirst":true,"interactionType":"ENTER_TEXT"}]}
RESULT: {"script":"<script> [776 bytes]","args":[{"enterText":"1001","selector":{"controlType":"sap.m.Input","viewName":"etm.portal.ui.manageyards.view.New","viewId":"application-manageyards-display-component---NewYard","bindingPath":{"path":"","propertyPath":"/PLANT","modelName":"NewYardModel"},"interaction":{"idSuffix":"inner"}},"clearTextFirst":true,"interactionType":"ENTER_TEXT"}]}
COMMAND: POST /session/7410a71b14728fd3846eb83ce69f197f/execute/async - {"script":"<script> [1562 bytes]","args":[{"selector":{"controlType":"sap.m.Input","viewName":"etm.portal.ui.manageyards.view.New","viewId":"application-manageyards-display-component---NewYard","bindingPath":{"path":"","propertyPath":"/SALES_AREA_VKORG","modelName":"NewYardModel"},"interaction":{"idSuffix":"inner"}},"wdio_ui5_key":"etmportal.ui.manageyards.view.Newsap.m.Input{\"path\":\"\",\"propertyPath\":\"/SALES_AREA_VKORG\",\"modelName\":\"NewYardModel\"}"}]}
RESULT: {"script":"<script> [1562 bytes]","args":[{"selector":{"controlType":"sap.m.Input","viewName":"etm.portal.ui.manageyards.view.New","viewId":"application-manageyards-display-component---NewYard","bindingPath":{"path":"","propertyPath":"/SALES_AREA_VKORG","modelName":"NewYardModel"},"interaction":{"idSuffix":"inner"}},"wdio_ui5_key":"etmportal.ui.manageyards.view.Newsap.m.Input{\"path\":\"\",\"propertyPath\":\"/SALES_AREA_VKORG\",\"modelName\":\"NewYardModel\"}"}]}
RESULT: undefined
COMMAND: POST /session/7410a71b14728fd3846eb83ce69f197f/execute/async - {"script":"<script> [776 bytes]","args":[{"enterText":"C002","selector":{"controlType":"sap.m.Input","viewName":"etm.portal.ui.manageyards.view.New","viewId":"application-manageyards-display-component---NewYard","bindingPath":{"path":"","propertyPath":"/SALES_AREA_VKORG","modelName":"NewYardModel"},"interaction":{"idSuffix":"inner"}},"clearTextFirst":true,"interactionType":"ENTER_TEXT"}]}
RESULT: {"script":"<script> [776 bytes]","args":[{"enterText":"C002","selector":{"controlType":"sap.m.Input","viewName":"etm.portal.ui.manageyards.view.New","viewId":"application-manageyards-display-component---NewYard","bindingPath":{"path":"","propertyPath":"/SALES_AREA_VKORG","modelName":"NewYardModel"},"interaction":{"idSuffix":"inner"}},"clearTextFirst":true,"interactionType":"ENTER_TEXT"}]}
COMMAND: POST /session/7410a71b14728fd3846eb83ce69f197f/execute/async - {"script":"<script> [1562 bytes]","args":[{"selector":{"controlType":"sap.m.Input","viewName":"etm.portal.ui.manageyards.view.New","viewId":"application-manageyards-display-component---NewYard","bindingPath":{"path":"","propertyPath":"/SALES_AREA_VTWEG","modelName":"NewYardModel"},"interaction":{"idSuffix":"inner"}},"wdio_ui5_key":"etmportal.ui.manageyards.view.Newsap.m.Input{\"path\":\"\",\"propertyPath\":\"/SALES_AREA_VTWEG\",\"modelName\":\"NewYardModel\"}"}]}
RESULT: {"script":"<script> [1562 bytes]","args":[{"selector":{"controlType":"sap.m.Input","viewName":"etm.portal.ui.manageyards.view.New","viewId":"application-manageyards-display-component---NewYard","bindingPath":{"path":"","propertyPath":"/SALES_AREA_VTWEG","modelName":"NewYardModel"},"interaction":{"idSuffix":"inner"}},"wdio_ui5_key":"etmportal.ui.manageyards.view.Newsap.m.Input{\"path\":\"\",\"propertyPath\":\"/SALES_AREA_VTWEG\",\"modelName\":\"NewYardModel\"}"}]}
RESULT: undefined
COMMAND: POST /session/7410a71b14728fd3846eb83ce69f197f/execute/async - {"script":"<script> [776 bytes]","args":[{"enterText":"C2","selector":{"controlType":"sap.m.Input","viewName":"etm.portal.ui.manageyards.view.New","viewId":"application-manageyards-display-component---NewYard","bindingPath":{"path":"","propertyPath":"/SALES_AREA_VTWEG","modelName":"NewYardModel"},"interaction":{"idSuffix":"inner"}},"clearTextFirst":true,"interactionType":"ENTER_TEXT"}]}
RESULT: {"script":"<script> [776 bytes]","args":[{"enterText":"C2","selector":{"controlType":"sap.m.Input","viewName":"etm.portal.ui.manageyards.view.New","viewId":"application-manageyards-display-component---NewYard","bindingPath":{"path":"","propertyPath":"/SALES_AREA_VTWEG","modelName":"NewYardModel"},"interaction":{"idSuffix":"inner"}},"clearTextFirst":true,"interactionType":"ENTER_TEXT"}]}
COMMAND: POST /session/7410a71b14728fd3846eb83ce69f197f/execute/async - {"script":"<script> [1562 bytes]","args":[{"selector":{"controlType":"sap.m.Input","viewName":"etm.portal.ui.manageyards.view.New","viewId":"application-manageyards-display-component---NewYard","bindingPath":{"path":"","propertyPath":"/SALES_AREA_SPART","modelName":"NewYardModel"},"interaction":{"idSuffix":"inner"}},"wdio_ui5_key":"etmportal.ui.manageyards.view.Newsap.m.Input{\"path\":\"\",\"propertyPath\":\"/SALES_AREA_SPART\",\"modelName\":\"NewYardModel\"}"}]}
RESULT: {"script":"<script> [1562 bytes]","args":[{"selector":{"controlType":"sap.m.Input","viewName":"etm.portal.ui.manageyards.view.New","viewId":"application-manageyards-display-component---NewYard","bindingPath":{"path":"","propertyPath":"/SALES_AREA_SPART","modelName":"NewYardModel"},"interaction":{"idSuffix":"inner"}},"wdio_ui5_key":"etmportal.ui.manageyards.view.Newsap.m.Input{\"path\":\"\",\"propertyPath\":\"/SALES_AREA_SPART\",\"modelName\":\"NewYardModel\"}"}]}
RESULT: undefined
COMMAND: POST /session/7410a71b14728fd3846eb83ce69f197f/execute/async - {"script":"<script> [776 bytes]","args":[{"enterText":"C2","selector":{"controlType":"sap.m.Input","viewName":"etm.portal.ui.manageyards.view.New","viewId":"application-manageyards-display-component---NewYard","bindingPath":{"path":"","propertyPath":"/SALES_AREA_SPART","modelName":"NewYardModel"},"interaction":{"idSuffix":"inner"}},"clearTextFirst":true,"interactionType":"ENTER_TEXT"}]}
RESULT: {"script":"<script> [776 bytes]","args":[{"enterText":"C2","selector":{"controlType":"sap.m.Input","viewName":"etm.portal.ui.manageyards.view.New","viewId":"application-manageyards-display-component---NewYard","bindingPath":{"path":"","propertyPath":"/SALES_AREA_SPART","modelName":"NewYardModel"},"interaction":{"idSuffix":"inner"}},"clearTextFirst":true,"interactionType":"ENTER_TEXT"}]}
COMMAND: POST /session/7410a71b14728fd3846eb83ce69f197f/execute/async - {"script":"<script> [1562 bytes]","args":[{"selector":{"controlType":"sap.m.Input","viewName":"etm.portal.ui.manageyards.view.New","viewId":"application-manageyards-display-component---NewYard","bindingPath":{"path":"","propertyPath":"/SHIP_POINT","modelName":"NewYardModel"},"interaction":{"idSuffix":"inner"}},"wdio_ui5_key":"etmportal.ui.manageyards.view.Newsap.m.Input{\"path\":\"\",\"propertyPath\":\"/SHIP_POINT\",\"modelName\":\"NewYardModel\"}"}]}
RESULT: {"script":"<script> [1562 bytes]","args":[{"selector":{"controlType":"sap.m.Input","viewName":"etm.portal.ui.manageyards.view.New","viewId":"application-manageyards-display-component---NewYard","bindingPath":{"path":"","propertyPath":"/SHIP_POINT","modelName":"NewYardModel"},"interaction":{"idSuffix":"inner"}},"wdio_ui5_key":"etmportal.ui.manageyards.view.Newsap.m.Input{\"path\":\"\",\"propertyPath\":\"/SHIP_POINT\",\"modelName\":\"NewYardModel\"}"}]}
RESULT: undefined
COMMAND: POST /session/7410a71b14728fd3846eb83ce69f197f/execute/async - {"script":"<script> [776 bytes]","args":[{"enterText":"1710","selector":{"controlType":"sap.m.Input","viewName":"etm.portal.ui.manageyards.view.New","viewId":"application-manageyards-display-component---NewYard","bindingPath":{"path":"","propertyPath":"/SHIP_POINT","modelName":"NewYardModel"},"interaction":{"idSuffix":"inner"}},"clearTextFirst":true,"interactionType":"ENTER_TEXT"}]}
RESULT: {"script":"<script> [776 bytes]","args":[{"enterText":"1710","selector":{"controlType":"sap.m.Input","viewName":"etm.portal.ui.manageyards.view.New","viewId":"application-manageyards-display-component---NewYard","bindingPath":{"path":"","propertyPath":"/SHIP_POINT","modelName":"NewYardModel"},"interaction":{"idSuffix":"inner"}},"clearTextFirst":true,"interactionType":"ENTER_TEXT"}]}
COMMAND: POST /session/7410a71b14728fd3846eb83ce69f197f/execute/async - {"script":"<script> [1562 bytes]","args":[{"selector":{"controlType":"sap.m.Input","viewName":"etm.portal.ui.manageyards.view.New","viewId":"application-manageyards-display-component---NewYard","bindingPath":{"path":"","propertyPath":"/DELIVERY_TYPE","modelName":"NewYardModel"},"interaction":{"idSuffix":"inner"}},"wdio_ui5_key":"etmportal.ui.manageyards.view.Newsap.m.Input{\"path\":\"\",\"propertyPath\":\"/DELIVERY_TYPE\",\"modelName\":\"NewYardModel\"}"}]}
RESULT: {"script":"<script> [1562 bytes]","args":[{"selector":{"controlType":"sap.m.Input","viewName":"etm.portal.ui.manageyards.view.New","viewId":"application-manageyards-display-component---NewYard","bindingPath":{"path":"","propertyPath":"/DELIVERY_TYPE","modelName":"NewYardModel"},"interaction":{"idSuffix":"inner"}},"wdio_ui5_key":"etmportal.ui.manageyards.view.Newsap.m.Input{\"path\":\"\",\"propertyPath\":\"/DELIVERY_TYPE\",\"modelName\":\"NewYardModel\"}"}]}
RESULT: undefined
COMMAND: POST /session/7410a71b14728fd3846eb83ce69f197f/execute/async - {"script":"<script> [776 bytes]","args":[{"enterText":"ZL01","selector":{"controlType":"sap.m.Input","viewName":"etm.portal.ui.manageyards.view.New","viewId":"application-manageyards-display-component---NewYard","bindingPath":{"path":"","propertyPath":"/DELIVERY_TYPE","modelName":"NewYardModel"},"interaction":{"idSuffix":"inner"}},"clearTextFirst":true,"interactionType":"ENTER_TEXT"}]}
RESULT: {"script":"<script> [776 bytes]","args":[{"enterText":"ZL01","selector":{"controlType":"sap.m.Input","viewName":"etm.portal.ui.manageyards.view.New","viewId":"application-manageyards-display-component---NewYard","bindingPath":{"path":"","propertyPath":"/DELIVERY_TYPE","modelName":"NewYardModel"},"interaction":{"idSuffix":"inner"}},"clearTextFirst":true,"interactionType":"ENTER_TEXT"}]}
COMMAND: POST /session/7410a71b14728fd3846eb83ce69f197f/execute/async - {"script":"<script> [1562 bytes]","args":[{"selector":{"controlType":"sap.m.Input","viewName":"etm.portal.ui.manageyards.view.New","viewId":"application-manageyards-display-component---NewYard","bindingPath":{"path":"","propertyPath":"/AUART","modelName":"NewYardModel"},"interaction":{"idSuffix":"inner"}},"wdio_ui5_key":"etmportal.ui.manageyards.view.Newsap.m.Input{\"path\":\"\",\"propertyPath\":\"/AUART\",\"modelName\":\"NewYardModel\"}"}]}
RESULT: {"script":"<script> [1562 bytes]","args":[{"selector":{"controlType":"sap.m.Input","viewName":"etm.portal.ui.manageyards.view.New","viewId":"application-manageyards-display-component---NewYard","bindingPath":{"path":"","propertyPath":"/AUART","modelName":"NewYardModel"},"interaction":{"idSuffix":"inner"}},"wdio_ui5_key":"etmportal.ui.manageyards.view.Newsap.m.Input{\"path\":\"\",\"propertyPath\":\"/AUART\",\"modelName\":\"NewYardModel\"}"}]}
RESULT: undefined
COMMAND: POST /session/7410a71b14728fd3846eb83ce69f197f/execute/async - {"script":"<script> [776 bytes]","args":[{"enterText":"TA","selector":{"controlType":"sap.m.Input","viewName":"etm.portal.ui.manageyards.view.New","viewId":"application-manageyards-display-component---NewYard","bindingPath":{"path":"","propertyPath":"/AUART","modelName":"NewYardModel"},"interaction":{"idSuffix":"inner"}},"clearTextFirst":true,"interactionType":"ENTER_TEXT"}]}
RESULT: {"script":"<script> [776 bytes]","args":[{"enterText":"TA","selector":{"controlType":"sap.m.Input","viewName":"etm.portal.ui.manageyards.view.New","viewId":"application-manageyards-display-component---NewYard","bindingPath":{"path":"","propertyPath":"/AUART","modelName":"NewYardModel"},"interaction":{"idSuffix":"inner"}},"clearTextFirst":true,"interactionType":"ENTER_TEXT"}]}
COMMAND: POST /session/7410a71b14728fd3846eb83ce69f197f/element - {"using":"xpath","value":"//button[@data-kt=\"newYardSaveButton\"]"}
RESULT: {"using":"xpath","value":"//button[@data-kt=\"newYardSaveButton\"]"}
COMMAND: POST /session/7410a71b14728fd3846eb83ce69f197f/element/f.86015CA9C3D3DEEAC7F6EBF17DD69AAD.d.474F4C677ACD3E7D61E21DEBD93DDD20.e.729/click - {}
RESULT: {}
COMMAND: GET /session/7410a71b14728fd3846eb83ce69f197f/screenshot - {}
RESULT: {}
COMMAND: POST /session/7410a71b14728fd3846eb83ce69f197f/element - {"using":"xpath","value":"//header[contains(@id, 'ObjectPageLayout-headerTitle')]/div[1]/div[2]/div[1]/span[1]"}
RESULT: {"using":"xpath","value":"//header[contains(@id, 'ObjectPageLayout-headerTitle')]/div[1]/div[2]/div[1]/span[1]"}
COMMAND: POST /session/7410a71b14728fd3846eb83ce69f197f/elements - {"using":"xpath","value":"//header[contains(@id, 'ObjectPageLayout-headerTitle')]/div[1]/div[2]/div[1]/span[1]"}
RESULT: {"using":"xpath","value":"//header[contains(@id, 'ObjectPageLayout-headerTitle')]/div[1]/div[2]/div[1]/span[1]"}
COMMAND: POST /session/7410a71b14728fd3846eb83ce69f197f/execute/sync - {"script":"<script> [56 bytes]","args":[{"element-6066-11e4-a52e-4f735466cecf":"f.86015CA9C3D3DEEAC7F6EBF17DD69AAD.d.474F4C677ACD3E7D61E21DEBD93DDD20.e.1020","ELEMENT":"f.86015CA9C3D3DEEAC7F6EBF17DD69AAD.d.474F4C677ACD3E7D61E21DEBD93DDD20.e.1020"}]}
RESULT: {"script":"<script> [56 bytes]","args":[{"element-6066-11e4-a52e-4f735466cecf":"f.86015CA9C3D3DEEAC7F6EBF17DD69AAD.d.474F4C677ACD3E7D61E21DEBD93DDD20.e.1020","ELEMENT":"f.86015CA9C3D3DEEAC7F6EBF17DD69AAD.d.474F4C677ACD3E7D61E21DEBD93DDD20.e.1020"}]}
COMMAND: GET /session/7410a71b14728fd3846eb83ce69f197f/screenshot - {}
RESULT: {}
COMMAND: POST /session/7410a71b14728fd3846eb83ce69f197f/element - {"using":"css selector","value":"#shell-header-logo"}
RESULT: {"using":"css selector","value":"#shell-header-logo"}
COMMAND: POST /session/7410a71b14728fd3846eb83ce69f197f/element/f.86015CA9C3D3DEEAC7F6EBF17DD69AAD.d.474F4C677ACD3E7D61E21DEBD93DDD20.e.278/click - {}
RESULT: {}
COMMAND: GET /session/7410a71b14728fd3846eb83ce69f197f/screenshot - {}
RESULT: {}
COMMAND: POST /session/7410a71b14728fd3846eb83ce69f197f/execute/sync - {"script":"<script> [299 bytes]","args":[["getModel","getResource"]]}
RESULT: {"script":"<script> [299 bytes]","args":[["getModel","getResource"]]}
]]></system-out>
    </testcase>
    <testcase classname="chrome.136_0_7103_93.windows.Partner_specific_tests_US150819_US151080_US151654_US151176_US103444_US151078_US151079_US151109_US151174_US151175_US151189" name="Should create new external partner US150819" time="110.054">
      <system-out><![CDATA[
COMMAND: GET /session/7410a71b14728fd3846eb83ce69f197f/screenshot - {}
COMMAND: POST /session/7410a71b14728fd3846eb83ce69f197f/element - {"using":"xpath","value":"//li[.//span[text()=\"Manage Partners\"]]"}
RESULT: {}
RESULT: {"using":"xpath","value":"//li[.//span[text()=\"Manage Partners\"]]"}
COMMAND: POST /session/7410a71b14728fd3846eb83ce69f197f/element - {"using":"xpath","value":"//li[.//span[text()=\"Manage Partners\"]]"}
RESULT: {"using":"xpath","value":"//li[.//span[text()=\"Manage Partners\"]]"}
COMMAND: POST /session/7410a71b14728fd3846eb83ce69f197f/element - {"using":"css selector","value":"#shell-header-logo"}
RESULT: {"using":"css selector","value":"#shell-header-logo"}
COMMAND: POST /session/7410a71b14728fd3846eb83ce69f197f/element/f.86015CA9C3D3DEEAC7F6EBF17DD69AAD.d.474F4C677ACD3E7D61E21DEBD93DDD20.e.1022/click - {}
COMMAND: POST /session/7410a71b14728fd3846eb83ce69f197f/execute/sync - {"script":"<script> [8489 bytes]","args":[{"element-6066-11e4-a52e-4f735466cecf":"f.86015CA9C3D3DEEAC7F6EBF17DD69AAD.d.474F4C677ACD3E7D61E21DEBD93DDD20.e.1022","ELEMENT":"f.86015CA9C3D3DEEAC7F6EBF17DD69AAD.d.474F4C677ACD3E7D61E21DEBD93DDD20.e.1022"}]}
RESULT: {}
COMMAND: GET /session/7410a71b14728fd3846eb83ce69f197f/screenshot - {}
RESULT: {"script":"<script> [8489 bytes]","args":[{"element-6066-11e4-a52e-4f735466cecf":"f.86015CA9C3D3DEEAC7F6EBF17DD69AAD.d.474F4C677ACD3E7D61E21DEBD93DDD20.e.1022","ELEMENT":"f.86015CA9C3D3DEEAC7F6EBF17DD69AAD.d.474F4C677ACD3E7D61E21DEBD93DDD20.e.1022"}]}
COMMAND: POST /session/7410a71b14728fd3846eb83ce69f197f/execute/sync - {"script":"<script> [5351 bytes]","args":[{"element-6066-11e4-a52e-4f735466cecf":"f.86015CA9C3D3DEEAC7F6EBF17DD69AAD.d.474F4C677ACD3E7D61E21DEBD93DDD20.e.1022","ELEMENT":"f.86015CA9C3D3DEEAC7F6EBF17DD69AAD.d.474F4C677ACD3E7D61E21DEBD93DDD20.e.1022"}]}
COMMAND: GET /session/7410a71b14728fd3846eb83ce69f197f/screenshot - {}
RESULT: {}
RESULT: {"script":"<script> [5351 bytes]","args":[{"element-6066-11e4-a52e-4f735466cecf":"f.86015CA9C3D3DEEAC7F6EBF17DD69AAD.d.474F4C677ACD3E7D61E21DEBD93DDD20.e.1022","ELEMENT":"f.86015CA9C3D3DEEAC7F6EBF17DD69AAD.d.474F4C677ACD3E7D61E21DEBD93DDD20.e.1022"}]}
COMMAND: GET /session/7410a71b14728fd3846eb83ce69f197f/screenshot - {}
RESULT: {}
RESULT: {}
COMMAND: POST /session/7410a71b14728fd3846eb83ce69f197f/window/fullscreen - {}
RESULT: {}
COMMAND: POST /session/7410a71b14728fd3846eb83ce69f197f/execute/async - {"script":"<script> [1562 bytes]","args":[{"selector":{"controlType":"sap.m.GenericTile","properties":{"header":"Manage Partners"}},"wdio_ui5_key":"sapm.GenericTile{\"header\":\"Manage Partners\"}"}]}
RESULT: {"script":"<script> [1562 bytes]","args":[{"selector":{"controlType":"sap.m.GenericTile","properties":{"header":"Manage Partners"}},"wdio_ui5_key":"sapm.GenericTile{\"header\":\"Manage Partners\"}"}]}
RESULT: undefined
COMMAND: POST /session/7410a71b14728fd3846eb83ce69f197f/element - {"using":"xpath","value":"//*[@id=\"__tile38\"]"}
RESULT: {"using":"xpath","value":"//*[@id=\"__tile38\"]"}
COMMAND: POST /session/7410a71b14728fd3846eb83ce69f197f/element/f.86015CA9C3D3DEEAC7F6EBF17DD69AAD.d.474F4C677ACD3E7D61E21DEBD93DDD20.e.166/click - {}
RESULT: {}
COMMAND: GET /session/7410a71b14728fd3846eb83ce69f197f/screenshot - {}
RESULT: {}
COMMAND: POST /session/7410a71b14728fd3846eb83ce69f197f/elements - {"using":"xpath","value":"//span[text()='Error']"}
RESULT: {"using":"xpath","value":"//span[text()='Error']"}
COMMAND: POST /session/7410a71b14728fd3846eb83ce69f197f/element - {"using":"xpath","value":"//button[@data-kt=\"addButton\"]"}
RESULT: {"using":"xpath","value":"//button[@data-kt=\"addButton\"]"}
COMMAND: POST /session/7410a71b14728fd3846eb83ce69f197f/elements - {"using":"xpath","value":"//button[@data-kt=\"addButton\"]"}
RESULT: {"using":"xpath","value":"//button[@data-kt=\"addButton\"]"}
COMMAND: POST /session/7410a71b14728fd3846eb83ce69f197f/elements - {"using":"xpath","value":"//button[@data-kt=\"addButton\"]"}
RESULT: {"using":"xpath","value":"//button[@data-kt=\"addButton\"]"}
COMMAND: POST /session/7410a71b14728fd3846eb83ce69f197f/element - {"using":"xpath","value":"//button[@data-kt=\"addButton\"]"}
RESULT: {"using":"xpath","value":"//button[@data-kt=\"addButton\"]"}
COMMAND: POST /session/7410a71b14728fd3846eb83ce69f197f/execute/sync - {"script":"<script> [8489 bytes]","args":[{"element-6066-11e4-a52e-4f735466cecf":"f.86015CA9C3D3DEEAC7F6EBF17DD69AAD.d.474F4C677ACD3E7D61E21DEBD93DDD20.e.1068","ELEMENT":"f.86015CA9C3D3DEEAC7F6EBF17DD69AAD.d.474F4C677ACD3E7D61E21DEBD93DDD20.e.1068"}]}
RESULT: {"script":"<script> [8489 bytes]","args":[{"element-6066-11e4-a52e-4f735466cecf":"f.86015CA9C3D3DEEAC7F6EBF17DD69AAD.d.474F4C677ACD3E7D61E21DEBD93DDD20.e.1068","ELEMENT":"f.86015CA9C3D3DEEAC7F6EBF17DD69AAD.d.474F4C677ACD3E7D61E21DEBD93DDD20.e.1068"}]}
COMMAND: GET /session/7410a71b14728fd3846eb83ce69f197f/element/f.86015CA9C3D3DEEAC7F6EBF17DD69AAD.d.474F4C677ACD3E7D61E21DEBD93DDD20.e.1068/enabled - {}
COMMAND: GET /session/7410a71b14728fd3846eb83ce69f197f/screenshot - {}
RESULT: {}
COMMAND: POST /session/7410a71b14728fd3846eb83ce69f197f/execute/sync - {"script":"<script> [8489 bytes]","args":[{"element-6066-11e4-a52e-4f735466cecf":"f.86015CA9C3D3DEEAC7F6EBF17DD69AAD.d.474F4C677ACD3E7D61E21DEBD93DDD20.e.1068","ELEMENT":"f.86015CA9C3D3DEEAC7F6EBF17DD69AAD.d.474F4C677ACD3E7D61E21DEBD93DDD20.e.1068"}]}
COMMAND: GET /session/7410a71b14728fd3846eb83ce69f197f/screenshot - {}
RESULT: {}
RESULT: {"script":"<script> [8489 bytes]","args":[{"element-6066-11e4-a52e-4f735466cecf":"f.86015CA9C3D3DEEAC7F6EBF17DD69AAD.d.474F4C677ACD3E7D61E21DEBD93DDD20.e.1068","ELEMENT":"f.86015CA9C3D3DEEAC7F6EBF17DD69AAD.d.474F4C677ACD3E7D61E21DEBD93DDD20.e.1068"}]}
COMMAND: POST /session/7410a71b14728fd3846eb83ce69f197f/execute/sync - {"script":"<script> [5351 bytes]","args":[{"element-6066-11e4-a52e-4f735466cecf":"f.86015CA9C3D3DEEAC7F6EBF17DD69AAD.d.474F4C677ACD3E7D61E21DEBD93DDD20.e.1068","ELEMENT":"f.86015CA9C3D3DEEAC7F6EBF17DD69AAD.d.474F4C677ACD3E7D61E21DEBD93DDD20.e.1068"}]}
COMMAND: GET /session/7410a71b14728fd3846eb83ce69f197f/screenshot - {}
RESULT: {}
RESULT: {"script":"<script> [5351 bytes]","args":[{"element-6066-11e4-a52e-4f735466cecf":"f.86015CA9C3D3DEEAC7F6EBF17DD69AAD.d.474F4C677ACD3E7D61E21DEBD93DDD20.e.1068","ELEMENT":"f.86015CA9C3D3DEEAC7F6EBF17DD69AAD.d.474F4C677ACD3E7D61E21DEBD93DDD20.e.1068"}]}
COMMAND: POST /session/7410a71b14728fd3846eb83ce69f197f/element/f.86015CA9C3D3DEEAC7F6EBF17DD69AAD.d.474F4C677ACD3E7D61E21DEBD93DDD20.e.1068/click - {}
COMMAND: GET /session/7410a71b14728fd3846eb83ce69f197f/screenshot - {}
RESULT: {}
RESULT: {}
COMMAND: GET /session/7410a71b14728fd3846eb83ce69f197f/screenshot - {}
COMMAND: POST /session/7410a71b14728fd3846eb83ce69f197f/execute/async - {"script":"<script> [1562 bytes]","args":[{"selector":{"id":"application-managepartners-display-component---NewPartner--addressDetailDetailsName1","interaction":{"idSuffix":"inner"}},"wdio_ui5_key":"applicationmanagepartners-display-component---NewPartner--addressDetailDetailsName1"}]}
RESULT: {}
RESULT: {}
RESULT: {"script":"<script> [1562 bytes]","args":[{"selector":{"id":"application-managepartners-display-component---NewPartner--addressDetailDetailsName1","interaction":{"idSuffix":"inner"}},"wdio_ui5_key":"applicationmanagepartners-display-component---NewPartner--addressDetailDetailsName1"}]}
RESULT: undefined
COMMAND: POST /session/7410a71b14728fd3846eb83ce69f197f/execute/async - {"script":"<script> [776 bytes]","args":[{"enterText":"External Partner WDIO","selector":{"id":"application-managepartners-display-component---NewPartner--addressDetailDetailsName1","interaction":{"idSuffix":"inner"}},"clearTextFirst":true,"interactionType":"ENTER_TEXT"}]}
RESULT: {"script":"<script> [776 bytes]","args":[{"enterText":"External Partner WDIO","selector":{"id":"application-managepartners-display-component---NewPartner--addressDetailDetailsName1","interaction":{"idSuffix":"inner"}},"clearTextFirst":true,"interactionType":"ENTER_TEXT"}]}
COMMAND: POST /session/7410a71b14728fd3846eb83ce69f197f/execute/async - {"script":"<script> [1562 bytes]","args":[{"selector":{"id":"application-managepartners-display-component---NewPartner--addressDetailDetailsLanguage-arrow"},"wdio_ui5_key":"applicationmanagepartners-display-component---NewPartner--addressDetailDetailsLanguage-arrow"}]}
RESULT: {"script":"<script> [1562 bytes]","args":[{"selector":{"id":"application-managepartners-display-component---NewPartner--addressDetailDetailsLanguage-arrow"},"wdio_ui5_key":"applicationmanagepartners-display-component---NewPartner--addressDetailDetailsLanguage-arrow"}]}
RESULT: undefined
COMMAND: POST /session/7410a71b14728fd3846eb83ce69f197f/element - {"using":"xpath","value":"//*[@id=\"application-managepartners-display-component---NewPartner--addressDetailDetailsLanguage-arrow\"]"}
RESULT: {"using":"xpath","value":"//*[@id=\"application-managepartners-display-component---NewPartner--addressDetailDetailsLanguage-arrow\"]"}
COMMAND: POST /session/7410a71b14728fd3846eb83ce69f197f/element/f.86015CA9C3D3DEEAC7F6EBF17DD69AAD.d.474F4C677ACD3E7D61E21DEBD93DDD20.e.1510/click - {}
RESULT: {}
COMMAND: POST /session/7410a71b14728fd3846eb83ce69f197f/element - {"using":"xpath","value":"//span[contains(text(), \"English\")]"}
COMMAND: GET /session/7410a71b14728fd3846eb83ce69f197f/screenshot - {}
RESULT: {"using":"xpath","value":"//span[contains(text(), \"English\")]"}
COMMAND: POST /session/7410a71b14728fd3846eb83ce69f197f/element/f.86015CA9C3D3DEEAC7F6EBF17DD69AAD.d.474F4C677ACD3E7D61E21DEBD93DDD20.e.1511/click - {}
RESULT: {}
RESULT: {}
COMMAND: GET /session/7410a71b14728fd3846eb83ce69f197f/screenshot - {}
RESULT: {}
COMMAND: POST /session/7410a71b14728fd3846eb83ce69f197f/execute/async - {"script":"<script> [1562 bytes]","args":[{"selector":{"id":"application-managepartners-display-component---NewPartner--addressDetailDetailsCity1","interaction":{"idSuffix":"inner"}},"wdio_ui5_key":"applicationmanagepartners-display-component---NewPartner--addressDetailDetailsCity1"}]}
RESULT: {"script":"<script> [1562 bytes]","args":[{"selector":{"id":"application-managepartners-display-component---NewPartner--addressDetailDetailsCity1","interaction":{"idSuffix":"inner"}},"wdio_ui5_key":"applicationmanagepartners-display-component---NewPartner--addressDetailDetailsCity1"}]}
RESULT: undefined
COMMAND: POST /session/7410a71b14728fd3846eb83ce69f197f/execute/async - {"script":"<script> [776 bytes]","args":[{"enterText":"Rosario","selector":{"id":"application-managepartners-display-component---NewPartner--addressDetailDetailsCity1","interaction":{"idSuffix":"inner"}},"clearTextFirst":true,"interactionType":"ENTER_TEXT"}]}
RESULT: {"script":"<script> [776 bytes]","args":[{"enterText":"Rosario","selector":{"id":"application-managepartners-display-component---NewPartner--addressDetailDetailsCity1","interaction":{"idSuffix":"inner"}},"clearTextFirst":true,"interactionType":"ENTER_TEXT"}]}
COMMAND: POST /session/7410a71b14728fd3846eb83ce69f197f/execute/async - {"script":"<script> [1562 bytes]","args":[{"selector":{"id":"application-managepartners-display-component---NewPartner--addressDetailDetailsCountry-arrow"},"wdio_ui5_key":"applicationmanagepartners-display-component---NewPartner--addressDetailDetailsCountry-arrow"}]}
RESULT: {"script":"<script> [1562 bytes]","args":[{"selector":{"id":"application-managepartners-display-component---NewPartner--addressDetailDetailsCountry-arrow"},"wdio_ui5_key":"applicationmanagepartners-display-component---NewPartner--addressDetailDetailsCountry-arrow"}]}
RESULT: undefined
COMMAND: POST /session/7410a71b14728fd3846eb83ce69f197f/element - {"using":"xpath","value":"//*[@id=\"application-managepartners-display-component---NewPartner--addressDetailDetailsCountry-arrow\"]"}
RESULT: {"using":"xpath","value":"//*[@id=\"application-managepartners-display-component---NewPartner--addressDetailDetailsCountry-arrow\"]"}
COMMAND: POST /session/7410a71b14728fd3846eb83ce69f197f/element/f.86015CA9C3D3DEEAC7F6EBF17DD69AAD.d.474F4C677ACD3E7D61E21DEBD93DDD20.e.1496/click - {}
RESULT: {}
COMMAND: POST /session/7410a71b14728fd3846eb83ce69f197f/element - {"using":"xpath","value":"//span[contains(text(), \"Argentina\")]"}
COMMAND: GET /session/7410a71b14728fd3846eb83ce69f197f/screenshot - {}
RESULT: {"using":"xpath","value":"//span[contains(text(), \"Argentina\")]"}
COMMAND: POST /session/7410a71b14728fd3846eb83ce69f197f/element/f.86015CA9C3D3DEEAC7F6EBF17DD69AAD.d.474F4C677ACD3E7D61E21DEBD93DDD20.e.1513/click - {}
RESULT: {}
RESULT: {}
COMMAND: GET /session/7410a71b14728fd3846eb83ce69f197f/screenshot - {}
RESULT: {}
COMMAND: POST /session/7410a71b14728fd3846eb83ce69f197f/element - {"using":"xpath","value":"//bdi[contains(text(), \"Commercial\")]"}
RESULT: {"using":"xpath","value":"//bdi[contains(text(), \"Commercial\")]"}
COMMAND: POST /session/7410a71b14728fd3846eb83ce69f197f/element/f.86015CA9C3D3DEEAC7F6EBF17DD69AAD.d.474F4C677ACD3E7D61E21DEBD93DDD20.e.1514/click - {}
RESULT: {}
COMMAND: GET /session/7410a71b14728fd3846eb83ce69f197f/screenshot - {}
RESULT: {}
COMMAND: POST /session/7410a71b14728fd3846eb83ce69f197f/execute/async - {"script":"<script> [1562 bytes]","args":[{"selector":{"id":"application-managepartners-display-component---NewPartner--partnerDetailInternal-arrow"},"wdio_ui5_key":"applicationmanagepartners-display-component---NewPartner--partnerDetailInternal-arrow"}]}
RESULT: {"script":"<script> [1562 bytes]","args":[{"selector":{"id":"application-managepartners-display-component---NewPartner--partnerDetailInternal-arrow"},"wdio_ui5_key":"applicationmanagepartners-display-component---NewPartner--partnerDetailInternal-arrow"}]}
RESULT: undefined
COMMAND: POST /session/7410a71b14728fd3846eb83ce69f197f/element - {"using":"xpath","value":"//*[@id=\"application-managepartners-display-component---NewPartner--partnerDetailInternal-arrow\"]"}
RESULT: {"using":"xpath","value":"//*[@id=\"application-managepartners-display-component---NewPartner--partnerDetailInternal-arrow\"]"}
COMMAND: POST /session/7410a71b14728fd3846eb83ce69f197f/element/f.86015CA9C3D3DEEAC7F6EBF17DD69AAD.d.474F4C677ACD3E7D61E21DEBD93DDD20.e.1520/click - {}
RESULT: {}
COMMAND: POST /session/7410a71b14728fd3846eb83ce69f197f/element - {"using":"xpath","value":"//span[contains(text(), \"External partner\")]"}
COMMAND: GET /session/7410a71b14728fd3846eb83ce69f197f/screenshot - {}
RESULT: {"using":"xpath","value":"//span[contains(text(), \"External partner\")]"}
COMMAND: POST /session/7410a71b14728fd3846eb83ce69f197f/element/f.86015CA9C3D3DEEAC7F6EBF17DD69AAD.d.474F4C677ACD3E7D61E21DEBD93DDD20.e.1521/click - {}
RESULT: {}
RESULT: {}
COMMAND: POST /session/7410a71b14728fd3846eb83ce69f197f/execute/async - {"script":"<script> [1562 bytes]","args":[{"selector":{"id":"application-managepartners-display-component---NewPartner--partnerDetailsCurrency-arrow"},"wdio_ui5_key":"applicationmanagepartners-display-component---NewPartner--partnerDetailsCurrency-arrow"}]}
COMMAND: GET /session/7410a71b14728fd3846eb83ce69f197f/screenshot - {}
RESULT: {"script":"<script> [1562 bytes]","args":[{"selector":{"id":"application-managepartners-display-component---NewPartner--partnerDetailsCurrency-arrow"},"wdio_ui5_key":"applicationmanagepartners-display-component---NewPartner--partnerDetailsCurrency-arrow"}]}
RESULT: undefined
COMMAND: POST /session/7410a71b14728fd3846eb83ce69f197f/element - {"using":"xpath","value":"//*[@id=\"application-managepartners-display-component---NewPartner--partnerDetailsCurrency-arrow\"]"}
RESULT: {}
RESULT: {"using":"xpath","value":"//*[@id=\"application-managepartners-display-component---NewPartner--partnerDetailsCurrency-arrow\"]"}
COMMAND: POST /session/7410a71b14728fd3846eb83ce69f197f/element/f.86015CA9C3D3DEEAC7F6EBF17DD69AAD.d.474F4C677ACD3E7D61E21DEBD93DDD20.e.1526/click - {}
RESULT: {}
COMMAND: POST /session/7410a71b14728fd3846eb83ce69f197f/element - {"using":"xpath","value":"//span[contains(text(), \"US Dollar\")]"}
COMMAND: GET /session/7410a71b14728fd3846eb83ce69f197f/screenshot - {}
RESULT: {"using":"xpath","value":"//span[contains(text(), \"US Dollar\")]"}
COMMAND: POST /session/7410a71b14728fd3846eb83ce69f197f/element/f.86015CA9C3D3DEEAC7F6EBF17DD69AAD.d.474F4C677ACD3E7D61E21DEBD93DDD20.e.1527/click - {}
RESULT: {}
RESULT: {}
COMMAND: GET /session/7410a71b14728fd3846eb83ce69f197f/screenshot - {}
RESULT: {}
COMMAND: POST /session/7410a71b14728fd3846eb83ce69f197f/element - {"using":"xpath","value":"//input[@id=\"application-managepartners-display-component---NewPartner--companyCodeComboBox-inner\"]"}
RESULT: {"using":"xpath","value":"//input[@id=\"application-managepartners-display-component---NewPartner--companyCodeComboBox-inner\"]"}
COMMAND: POST /session/7410a71b14728fd3846eb83ce69f197f/element/f.86015CA9C3D3DEEAC7F6EBF17DD69AAD.d.474F4C677ACD3E7D61E21DEBD93DDD20.e.1371/clear - {}
RESULT: {}
COMMAND: POST /session/7410a71b14728fd3846eb83ce69f197f/element/f.86015CA9C3D3DEEAC7F6EBF17DD69AAD.d.474F4C677ACD3E7D61E21DEBD93DDD20.e.1371/value - {"text":"C002"}
COMMAND: GET /session/7410a71b14728fd3846eb83ce69f197f/screenshot - {}
RESULT: {"text":"C002"}
COMMAND: GET /session/7410a71b14728fd3846eb83ce69f197f/screenshot - {}
RESULT: {}
RESULT: {}
COMMAND: POST /session/7410a71b14728fd3846eb83ce69f197f/element - {"using":"xpath","value":"//li[.//span[text()= \"C002\"]]"}
RESULT: {"using":"xpath","value":"//li[.//span[text()= \"C002\"]]"}
COMMAND: POST /session/7410a71b14728fd3846eb83ce69f197f/element/f.86015CA9C3D3DEEAC7F6EBF17DD69AAD.d.474F4C677ACD3E7D61E21DEBD93DDD20.e.1531/click - {}
RESULT: {}
COMMAND: GET /session/7410a71b14728fd3846eb83ce69f197f/screenshot - {}
RESULT: {}
COMMAND: POST /session/7410a71b14728fd3846eb83ce69f197f/execute/async - {"script":"<script> [1562 bytes]","args":[{"selector":{"id":"application-managepartners-display-component---NewPartner--btnAddTableRow-img"},"wdio_ui5_key":"applicationmanagepartners-display-component---NewPartner--btnAddTableRow-img"}]}
RESULT: {"script":"<script> [1562 bytes]","args":[{"selector":{"id":"application-managepartners-display-component---NewPartner--btnAddTableRow-img"},"wdio_ui5_key":"applicationmanagepartners-display-component---NewPartner--btnAddTableRow-img"}]}
RESULT: undefined
COMMAND: POST /session/7410a71b14728fd3846eb83ce69f197f/element - {"using":"xpath","value":"//*[@id=\"application-managepartners-display-component---NewPartner--btnAddTableRow-img\"]"}
RESULT: {"using":"xpath","value":"//*[@id=\"application-managepartners-display-component---NewPartner--btnAddTableRow-img\"]"}
COMMAND: POST /session/7410a71b14728fd3846eb83ce69f197f/element/f.86015CA9C3D3DEEAC7F6EBF17DD69AAD.d.474F4C677ACD3E7D61E21DEBD93DDD20.e.1532/click - {}
RESULT: {}
COMMAND: GET /session/7410a71b14728fd3846eb83ce69f197f/screenshot - {}
RESULT: {}
COMMAND: POST /session/7410a71b14728fd3846eb83ce69f197f/element - {"using":"xpath","value":"//input[@id=\"application-managepartners-display-component---NewPartner--assignmentYard-application-managepartners-display-component---NewPartner--assignmentsTable-0-inner\"]"}
RESULT: {"using":"xpath","value":"//input[@id=\"application-managepartners-display-component---NewPartner--assignmentYard-application-managepartners-display-component---NewPartner--assignmentsTable-0-inner\"]"}
COMMAND: POST /session/7410a71b14728fd3846eb83ce69f197f/element/f.86015CA9C3D3DEEAC7F6EBF17DD69AAD.d.474F4C677ACD3E7D61E21DEBD93DDD20.e.1535/clear - {}
RESULT: {}
COMMAND: POST /session/7410a71b14728fd3846eb83ce69f197f/element/f.86015CA9C3D3DEEAC7F6EBF17DD69AAD.d.474F4C677ACD3E7D61E21DEBD93DDD20.e.1535/value - {"text":"257"}
COMMAND: GET /session/7410a71b14728fd3846eb83ce69f197f/screenshot - {}
RESULT: {"text":"257"}
COMMAND: GET /session/7410a71b14728fd3846eb83ce69f197f/screenshot - {}
RESULT: {}
RESULT: {}
COMMAND: POST /session/7410a71b14728fd3846eb83ce69f197f/element - {"using":"xpath","value":"//li[.//span[text()='257']]"}
RESULT: {"using":"xpath","value":"//li[.//span[text()='257']]"}
COMMAND: POST /session/7410a71b14728fd3846eb83ce69f197f/element/f.86015CA9C3D3DEEAC7F6EBF17DD69AAD.d.474F4C677ACD3E7D61E21DEBD93DDD20.e.1543/click - {}
RESULT: {}
COMMAND: GET /session/7410a71b14728fd3846eb83ce69f197f/screenshot - {}
RESULT: {}
COMMAND: POST /session/7410a71b14728fd3846eb83ce69f197f/actions - {"actions":[{"id":"action2","type":"key","parameters":{},"actions":[{"type":"keyDown","value":""},{"type":"pause","duration":10},{"type":"keyUp","value":""}]}]}
RESULT: {"actions":[{"id":"action2","type":"key","parameters":{},"actions":[{"type":"keyDown","value":""},{"type":"pause","duration":10},{"type":"keyUp","value":""}]}]}
COMMAND: POST /session/7410a71b14728fd3846eb83ce69f197f/element - {"using":"xpath","value":"//td[contains(@id, \"assignmentsTable-0-cell2\")]/div/div"}
COMMAND: GET /session/7410a71b14728fd3846eb83ce69f197f/screenshot - {}
RESULT: {"using":"xpath","value":"//td[contains(@id, \"assignmentsTable-0-cell2\")]/div/div"}
COMMAND: POST /session/7410a71b14728fd3846eb83ce69f197f/element/f.86015CA9C3D3DEEAC7F6EBF17DD69AAD.d.474F4C677ACD3E7D61E21DEBD93DDD20.e.1546/click - {}
RESULT: {}
RESULT: {}
COMMAND: GET /session/7410a71b14728fd3846eb83ce69f197f/screenshot - {}
RESULT: {}
COMMAND: POST /session/7410a71b14728fd3846eb83ce69f197f/element - {"using":"xpath","value":"//button[@data-kt=\"saveButton\"]"}
RESULT: {"using":"xpath","value":"//button[@data-kt=\"saveButton\"]"}
COMMAND: POST /session/7410a71b14728fd3846eb83ce69f197f/element/f.86015CA9C3D3DEEAC7F6EBF17DD69AAD.d.474F4C677ACD3E7D61E21DEBD93DDD20.e.1492/click - {}
RESULT: {}
COMMAND: GET /session/7410a71b14728fd3846eb83ce69f197f/screenshot - {}
RESULT: {}
COMMAND: POST /session/7410a71b14728fd3846eb83ce69f197f/element - {"using":"xpath","value":"//header[contains(@id, 'ObjectPageLayout-headerTitle')]/div[1]/div[2]/div[2]/span[1]"}
RESULT: {"using":"xpath","value":"//header[contains(@id, 'ObjectPageLayout-headerTitle')]/div[1]/div[2]/div[2]/span[1]"}
COMMAND: POST /session/7410a71b14728fd3846eb83ce69f197f/elements - {"using":"xpath","value":"//header[contains(@id, 'ObjectPageLayout-headerTitle')]/div[1]/div[2]/div[2]/span[1]"}
RESULT: {"using":"xpath","value":"//header[contains(@id, 'ObjectPageLayout-headerTitle')]/div[1]/div[2]/div[2]/span[1]"}
COMMAND: POST /session/7410a71b14728fd3846eb83ce69f197f/execute/sync - {"script":"<script> [56 bytes]","args":[{"element-6066-11e4-a52e-4f735466cecf":"f.86015CA9C3D3DEEAC7F6EBF17DD69AAD.d.474F4C677ACD3E7D61E21DEBD93DDD20.e.1711","ELEMENT":"f.86015CA9C3D3DEEAC7F6EBF17DD69AAD.d.474F4C677ACD3E7D61E21DEBD93DDD20.e.1711"}]}
RESULT: {"script":"<script> [56 bytes]","args":[{"element-6066-11e4-a52e-4f735466cecf":"f.86015CA9C3D3DEEAC7F6EBF17DD69AAD.d.474F4C677ACD3E7D61E21DEBD93DDD20.e.1711","ELEMENT":"f.86015CA9C3D3DEEAC7F6EBF17DD69AAD.d.474F4C677ACD3E7D61E21DEBD93DDD20.e.1711"}]}
COMMAND: POST /session/7410a71b14728fd3846eb83ce69f197f/element - {"using":"css selector","value":"#shell-header-logo"}
COMMAND: GET /session/7410a71b14728fd3846eb83ce69f197f/screenshot - {}
RESULT: {"using":"css selector","value":"#shell-header-logo"}
COMMAND: POST /session/7410a71b14728fd3846eb83ce69f197f/element/f.86015CA9C3D3DEEAC7F6EBF17DD69AAD.d.474F4C677ACD3E7D61E21DEBD93DDD20.e.1022/click - {}
RESULT: {}
RESULT: {}
COMMAND: GET /session/7410a71b14728fd3846eb83ce69f197f/screenshot - {}
RESULT: {}
COMMAND: POST /session/7410a71b14728fd3846eb83ce69f197f/execute/sync - {"script":"<script> [299 bytes]","args":[["getModel","getResource"]]}
RESULT: {"script":"<script> [299 bytes]","args":[["getModel","getResource"]]}
]]></system-out>
    </testcase>
    <testcase classname="chrome.136_0_7103_93.windows.Partner_specific_tests_US150819_US151080_US151654_US151176_US103444_US151078_US151079_US151109_US151174_US151175_US151189" name="Should filter and search partners US151080" time="100.099">
      <system-out><![CDATA[
COMMAND: POST /session/7410a71b14728fd3846eb83ce69f197f/element - {"using":"xpath","value":"//li[.//span[text()=\"Manage Partners\"]]"}
COMMAND: GET /session/7410a71b14728fd3846eb83ce69f197f/screenshot - {}
RESULT: {"using":"xpath","value":"//li[.//span[text()=\"Manage Partners\"]]"}
COMMAND: POST /session/7410a71b14728fd3846eb83ce69f197f/element - {"using":"xpath","value":"//li[.//span[text()=\"Manage Partners\"]]"}
RESULT: {}
RESULT: {"using":"xpath","value":"//li[.//span[text()=\"Manage Partners\"]]"}
COMMAND: POST /session/7410a71b14728fd3846eb83ce69f197f/element - {"using":"css selector","value":"#shell-header-logo"}
RESULT: {"using":"css selector","value":"#shell-header-logo"}
COMMAND: POST /session/7410a71b14728fd3846eb83ce69f197f/element/f.86015CA9C3D3DEEAC7F6EBF17DD69AAD.d.474F4C677ACD3E7D61E21DEBD93DDD20.e.1713/click - {}
COMMAND: POST /session/7410a71b14728fd3846eb83ce69f197f/execute/sync - {"script":"<script> [8489 bytes]","args":[{"element-6066-11e4-a52e-4f735466cecf":"f.86015CA9C3D3DEEAC7F6EBF17DD69AAD.d.474F4C677ACD3E7D61E21DEBD93DDD20.e.1713","ELEMENT":"f.86015CA9C3D3DEEAC7F6EBF17DD69AAD.d.474F4C677ACD3E7D61E21DEBD93DDD20.e.1713"}]}
RESULT: {"script":"<script> [8489 bytes]","args":[{"element-6066-11e4-a52e-4f735466cecf":"f.86015CA9C3D3DEEAC7F6EBF17DD69AAD.d.474F4C677ACD3E7D61E21DEBD93DDD20.e.1713","ELEMENT":"f.86015CA9C3D3DEEAC7F6EBF17DD69AAD.d.474F4C677ACD3E7D61E21DEBD93DDD20.e.1713"}]}
COMMAND: POST /session/7410a71b14728fd3846eb83ce69f197f/execute/sync - {"script":"<script> [5351 bytes]","args":[{"element-6066-11e4-a52e-4f735466cecf":"f.86015CA9C3D3DEEAC7F6EBF17DD69AAD.d.474F4C677ACD3E7D61E21DEBD93DDD20.e.1713","ELEMENT":"f.86015CA9C3D3DEEAC7F6EBF17DD69AAD.d.474F4C677ACD3E7D61E21DEBD93DDD20.e.1713"}]}
COMMAND: GET /session/7410a71b14728fd3846eb83ce69f197f/screenshot - {}
RESULT: {}
COMMAND: GET /session/7410a71b14728fd3846eb83ce69f197f/screenshot - {}
RESULT: {"script":"<script> [5351 bytes]","args":[{"element-6066-11e4-a52e-4f735466cecf":"f.86015CA9C3D3DEEAC7F6EBF17DD69AAD.d.474F4C677ACD3E7D61E21DEBD93DDD20.e.1713","ELEMENT":"f.86015CA9C3D3DEEAC7F6EBF17DD69AAD.d.474F4C677ACD3E7D61E21DEBD93DDD20.e.1713"}]}
COMMAND: GET /session/7410a71b14728fd3846eb83ce69f197f/screenshot - {}
RESULT: {}
RESULT: {}
RESULT: {}
RESULT: undefined
COMMAND: POST /session/7410a71b14728fd3846eb83ce69f197f/element - {"using":"xpath","value":"//*[@id=\"__tile38\"]"}
RESULT: {"using":"xpath","value":"//*[@id=\"__tile38\"]"}
COMMAND: POST /session/7410a71b14728fd3846eb83ce69f197f/element/f.86015CA9C3D3DEEAC7F6EBF17DD69AAD.d.474F4C677ACD3E7D61E21DEBD93DDD20.e.166/click - {}
RESULT: {}
COMMAND: GET /session/7410a71b14728fd3846eb83ce69f197f/screenshot - {}
RESULT: {}
COMMAND: POST /session/7410a71b14728fd3846eb83ce69f197f/elements - {"using":"xpath","value":"//span[text()='Error']"}
RESULT: {"using":"xpath","value":"//span[text()='Error']"}
COMMAND: POST /session/7410a71b14728fd3846eb83ce69f197f/element - {"using":"xpath","value":"//button[@data-kt=\"addButton\"]"}
RESULT: {"using":"xpath","value":"//button[@data-kt=\"addButton\"]"}
COMMAND: POST /session/7410a71b14728fd3846eb83ce69f197f/elements - {"using":"xpath","value":"//button[@data-kt=\"addButton\"]"}
RESULT: {"using":"xpath","value":"//button[@data-kt=\"addButton\"]"}
COMMAND: POST /session/7410a71b14728fd3846eb83ce69f197f/execute/sync - {"script":"<script> [8489 bytes]","args":[{"element-6066-11e4-a52e-4f735466cecf":"f.86015CA9C3D3DEEAC7F6EBF17DD69AAD.d.474F4C677ACD3E7D61E21DEBD93DDD20.e.1759","ELEMENT":"f.86015CA9C3D3DEEAC7F6EBF17DD69AAD.d.474F4C677ACD3E7D61E21DEBD93DDD20.e.1759"}]}
RESULT: {"script":"<script> [8489 bytes]","args":[{"element-6066-11e4-a52e-4f735466cecf":"f.86015CA9C3D3DEEAC7F6EBF17DD69AAD.d.474F4C677ACD3E7D61E21DEBD93DDD20.e.1759","ELEMENT":"f.86015CA9C3D3DEEAC7F6EBF17DD69AAD.d.474F4C677ACD3E7D61E21DEBD93DDD20.e.1759"}]}
COMMAND: GET /session/7410a71b14728fd3846eb83ce69f197f/element/f.86015CA9C3D3DEEAC7F6EBF17DD69AAD.d.474F4C677ACD3E7D61E21DEBD93DDD20.e.1759/enabled - {}
COMMAND: GET /session/7410a71b14728fd3846eb83ce69f197f/screenshot - {}
RESULT: {}
COMMAND: POST /session/7410a71b14728fd3846eb83ce69f197f/execute/sync - {"script":"<script> [8489 bytes]","args":[{"element-6066-11e4-a52e-4f735466cecf":"f.86015CA9C3D3DEEAC7F6EBF17DD69AAD.d.474F4C677ACD3E7D61E21DEBD93DDD20.e.1759","ELEMENT":"f.86015CA9C3D3DEEAC7F6EBF17DD69AAD.d.474F4C677ACD3E7D61E21DEBD93DDD20.e.1759"}]}
COMMAND: GET /session/7410a71b14728fd3846eb83ce69f197f/screenshot - {}
RESULT: {}
RESULT: {"script":"<script> [8489 bytes]","args":[{"element-6066-11e4-a52e-4f735466cecf":"f.86015CA9C3D3DEEAC7F6EBF17DD69AAD.d.474F4C677ACD3E7D61E21DEBD93DDD20.e.1759","ELEMENT":"f.86015CA9C3D3DEEAC7F6EBF17DD69AAD.d.474F4C677ACD3E7D61E21DEBD93DDD20.e.1759"}]}
COMMAND: POST /session/7410a71b14728fd3846eb83ce69f197f/execute/sync - {"script":"<script> [5351 bytes]","args":[{"element-6066-11e4-a52e-4f735466cecf":"f.86015CA9C3D3DEEAC7F6EBF17DD69AAD.d.474F4C677ACD3E7D61E21DEBD93DDD20.e.1759","ELEMENT":"f.86015CA9C3D3DEEAC7F6EBF17DD69AAD.d.474F4C677ACD3E7D61E21DEBD93DDD20.e.1759"}]}
COMMAND: GET /session/7410a71b14728fd3846eb83ce69f197f/screenshot - {}
RESULT: {}
RESULT: {"script":"<script> [5351 bytes]","args":[{"element-6066-11e4-a52e-4f735466cecf":"f.86015CA9C3D3DEEAC7F6EBF17DD69AAD.d.474F4C677ACD3E7D61E21DEBD93DDD20.e.1759","ELEMENT":"f.86015CA9C3D3DEEAC7F6EBF17DD69AAD.d.474F4C677ACD3E7D61E21DEBD93DDD20.e.1759"}]}
COMMAND: GET /session/7410a71b14728fd3846eb83ce69f197f/screenshot - {}
RESULT: {}
RESULT: {}
COMMAND: POST /session/7410a71b14728fd3846eb83ce69f197f/execute/async - {"script":"<script> [1562 bytes]","args":[{"selector":{"id":"application-managepartners-display-component---masterPtm--smartTable-btnPersonalisation-img"},"wdio_ui5_key":"applicationmanagepartners-display-component---masterPtm--smartTable-btnPersonalisation-img"}]}
RESULT: {"script":"<script> [1562 bytes]","args":[{"selector":{"id":"application-managepartners-display-component---masterPtm--smartTable-btnPersonalisation-img"},"wdio_ui5_key":"applicationmanagepartners-display-component---masterPtm--smartTable-btnPersonalisation-img"}]}
RESULT: undefined
COMMAND: POST /session/7410a71b14728fd3846eb83ce69f197f/element - {"using":"xpath","value":"//*[@id=\"application-managepartners-display-component---masterPtm--smartTable-btnPersonalisation-img\"]"}
RESULT: {"using":"xpath","value":"//*[@id=\"application-managepartners-display-component---masterPtm--smartTable-btnPersonalisation-img\"]"}
COMMAND: POST /session/7410a71b14728fd3846eb83ce69f197f/element/f.86015CA9C3D3DEEAC7F6EBF17DD69AAD.d.474F4C677ACD3E7D61E21DEBD93DDD20.e.1764/click - {}
RESULT: {}
COMMAND: GET /session/7410a71b14728fd3846eb83ce69f197f/screenshot - {}
RESULT: {}
COMMAND: POST /session/7410a71b14728fd3846eb83ce69f197f/execute/async - {"script":"<script> [1562 bytes]","args":[{"selector":{"controlType":"sap.m.IconTabFilter","viewName":"etm.portal.ui.managepartners.view.Master","viewId":"application-managepartners-display-component---masterPtm","properties":{"text":"Sort"},"searchOpenDialogs":true,"interaction":{"idSuffix":"text"}},"wdio_ui5_key":"etmportal.ui.managepartners.view.Mastersap.m.IconTabFilter{\"text\":\"Sort\"}"}]}
RESULT: {"script":"<script> [1562 bytes]","args":[{"selector":{"controlType":"sap.m.IconTabFilter","viewName":"etm.portal.ui.managepartners.view.Master","viewId":"application-managepartners-display-component---masterPtm","properties":{"text":"Sort"},"searchOpenDialogs":true,"interaction":{"idSuffix":"text"}},"wdio_ui5_key":"etmportal.ui.managepartners.view.Mastersap.m.IconTabFilter{\"text\":\"Sort\"}"}]}
RESULT: undefined
COMMAND: POST /session/7410a71b14728fd3846eb83ce69f197f/element - {"using":"xpath","value":"//*[@id=\"__filter1\"]"}
RESULT: {"using":"xpath","value":"//*[@id=\"__filter1\"]"}
COMMAND: POST /session/7410a71b14728fd3846eb83ce69f197f/element/f.86015CA9C3D3DEEAC7F6EBF17DD69AAD.d.474F4C677ACD3E7D61E21DEBD93DDD20.e.1904/click - {}
RESULT: {}
COMMAND: GET /session/7410a71b14728fd3846eb83ce69f197f/screenshot - {}
RESULT: {}
COMMAND: POST /session/7410a71b14728fd3846eb83ce69f197f/element - {"using":"xpath","value":"//input[@placeholder=\"Sort by\"]/following-sibling::div//span"}
RESULT: {"using":"xpath","value":"//input[@placeholder=\"Sort by\"]/following-sibling::div//span"}
COMMAND: POST /session/7410a71b14728fd3846eb83ce69f197f/element/f.86015CA9C3D3DEEAC7F6EBF17DD69AAD.d.474F4C677ACD3E7D61E21DEBD93DDD20.e.1906/click - {}
RESULT: {}
COMMAND: GET /session/7410a71b14728fd3846eb83ce69f197f/screenshot - {}
RESULT: {}
COMMAND: POST /session/7410a71b14728fd3846eb83ce69f197f/element - {"using":"xpath","value":"//li[.//span[text()=\"Language\"]]"}
RESULT: {"using":"xpath","value":"//li[.//span[text()=\"Language\"]]"}
COMMAND: POST /session/7410a71b14728fd3846eb83ce69f197f/element/f.86015CA9C3D3DEEAC7F6EBF17DD69AAD.d.474F4C677ACD3E7D61E21DEBD93DDD20.e.1907/click - {}
RESULT: {}
COMMAND: GET /session/7410a71b14728fd3846eb83ce69f197f/screenshot - {}
RESULT: {}
COMMAND: POST /session/7410a71b14728fd3846eb83ce69f197f/element - {"using":"xpath","value":"//bdi[contains(text(), \"OK\")]"}
RESULT: {"using":"xpath","value":"//bdi[contains(text(), \"OK\")]"}
COMMAND: POST /session/7410a71b14728fd3846eb83ce69f197f/element/f.86015CA9C3D3DEEAC7F6EBF17DD69AAD.d.474F4C677ACD3E7D61E21DEBD93DDD20.e.1911/click - {}
RESULT: {}
COMMAND: GET /session/7410a71b14728fd3846eb83ce69f197f/screenshot - {}
RESULT: {}
COMMAND: POST /session/7410a71b14728fd3846eb83ce69f197f/element - {"using":"xpath","value":"//table[contains(@id, \"customPartnersTable\")]//tbody/tr[1]/td[3]/span"}
RESULT: {"using":"xpath","value":"//table[contains(@id, \"customPartnersTable\")]//tbody/tr[1]/td[3]/span"}
COMMAND: POST /session/7410a71b14728fd3846eb83ce69f197f/execute/sync - {"script":"<script> [56 bytes]","args":[{"element-6066-11e4-a52e-4f735466cecf":"f.86015CA9C3D3DEEAC7F6EBF17DD69AAD.d.474F4C677ACD3E7D61E21DEBD93DDD20.e.2029","ELEMENT":"f.86015CA9C3D3DEEAC7F6EBF17DD69AAD.d.474F4C677ACD3E7D61E21DEBD93DDD20.e.2029"}]}
RESULT: {"script":"<script> [56 bytes]","args":[{"element-6066-11e4-a52e-4f735466cecf":"f.86015CA9C3D3DEEAC7F6EBF17DD69AAD.d.474F4C677ACD3E7D61E21DEBD93DDD20.e.2029","ELEMENT":"f.86015CA9C3D3DEEAC7F6EBF17DD69AAD.d.474F4C677ACD3E7D61E21DEBD93DDD20.e.2029"}]}
RESULT: undefined
COMMAND: POST /session/7410a71b14728fd3846eb83ce69f197f/element - {"using":"xpath","value":"//*[@id=\"application-managepartners-display-component---masterPtm--smartTable-btnPersonalisation-img\"]"}
COMMAND: GET /session/7410a71b14728fd3846eb83ce69f197f/screenshot - {}
RESULT: {"using":"xpath","value":"//*[@id=\"application-managepartners-display-component---masterPtm--smartTable-btnPersonalisation-img\"]"}
COMMAND: POST /session/7410a71b14728fd3846eb83ce69f197f/element/f.86015CA9C3D3DEEAC7F6EBF17DD69AAD.d.474F4C677ACD3E7D61E21DEBD93DDD20.e.1764/click - {}
RESULT: {}
RESULT: {}
COMMAND: GET /session/7410a71b14728fd3846eb83ce69f197f/screenshot - {}
RESULT: {}
COMMAND: POST /session/7410a71b14728fd3846eb83ce69f197f/element - {"using":"xpath","value":"//bdi[contains(text(), \"Reset\")]"}
RESULT: {"using":"xpath","value":"//bdi[contains(text(), \"Reset\")]"}
COMMAND: POST /session/7410a71b14728fd3846eb83ce69f197f/element/f.86015CA9C3D3DEEAC7F6EBF17DD69AAD.d.474F4C677ACD3E7D61E21DEBD93DDD20.e.2034/click - {}
RESULT: {}
COMMAND: GET /session/7410a71b14728fd3846eb83ce69f197f/screenshot - {}
RESULT: {}
COMMAND: POST /session/7410a71b14728fd3846eb83ce69f197f/element - {"using":"xpath","value":"(//bdi[contains(text(), \"OK\")])[2]"}
RESULT: {"using":"xpath","value":"(//bdi[contains(text(), \"OK\")])[2]"}
COMMAND: POST /session/7410a71b14728fd3846eb83ce69f197f/element/f.86015CA9C3D3DEEAC7F6EBF17DD69AAD.d.474F4C677ACD3E7D61E21DEBD93DDD20.e.2036/click - {}
RESULT: {}
COMMAND: GET /session/7410a71b14728fd3846eb83ce69f197f/screenshot - {}
RESULT: {}
COMMAND: POST /session/7410a71b14728fd3846eb83ce69f197f/element - {"using":"xpath","value":"//bdi[contains(text(), \"OK\")]"}
RESULT: {"using":"xpath","value":"//bdi[contains(text(), \"OK\")]"}
COMMAND: POST /session/7410a71b14728fd3846eb83ce69f197f/element/f.86015CA9C3D3DEEAC7F6EBF17DD69AAD.d.474F4C677ACD3E7D61E21DEBD93DDD20.e.2085/click - {}
RESULT: {}
COMMAND: GET /session/7410a71b14728fd3846eb83ce69f197f/screenshot - {}
RESULT: {}
COMMAND: POST /session/7410a71b14728fd3846eb83ce69f197f/element - {"using":"xpath","value":"//table[contains(@id, \"customPartnersTable\")]//tbody/tr[1]/td[3]/span"}
RESULT: {"using":"xpath","value":"//table[contains(@id, \"customPartnersTable\")]//tbody/tr[1]/td[3]/span"}
COMMAND: POST /session/7410a71b14728fd3846eb83ce69f197f/execute/sync - {"script":"<script> [56 bytes]","args":[{"element-6066-11e4-a52e-4f735466cecf":"f.86015CA9C3D3DEEAC7F6EBF17DD69AAD.d.474F4C677ACD3E7D61E21DEBD93DDD20.e.2088","ELEMENT":"f.86015CA9C3D3DEEAC7F6EBF17DD69AAD.d.474F4C677ACD3E7D61E21DEBD93DDD20.e.2088"}]}
RESULT: {"script":"<script> [56 bytes]","args":[{"element-6066-11e4-a52e-4f735466cecf":"f.86015CA9C3D3DEEAC7F6EBF17DD69AAD.d.474F4C677ACD3E7D61E21DEBD93DDD20.e.2088","ELEMENT":"f.86015CA9C3D3DEEAC7F6EBF17DD69AAD.d.474F4C677ACD3E7D61E21DEBD93DDD20.e.2088"}]}
RESULT: undefined
COMMAND: POST /session/7410a71b14728fd3846eb83ce69f197f/element - {"using":"xpath","value":"//*[@id=\"application-managepartners-display-component---masterPtm--smartTable-btnPersonalisation-img\"]"}
COMMAND: GET /session/7410a71b14728fd3846eb83ce69f197f/screenshot - {}
RESULT: {}
RESULT: {"using":"xpath","value":"//*[@id=\"application-managepartners-display-component---masterPtm--smartTable-btnPersonalisation-img\"]"}
COMMAND: POST /session/7410a71b14728fd3846eb83ce69f197f/element/f.86015CA9C3D3DEEAC7F6EBF17DD69AAD.d.474F4C677ACD3E7D61E21DEBD93DDD20.e.1764/click - {}
RESULT: {}
COMMAND: GET /session/7410a71b14728fd3846eb83ce69f197f/screenshot - {}
RESULT: {}
COMMAND: POST /session/7410a71b14728fd3846eb83ce69f197f/execute/async - {"script":"<script> [1562 bytes]","args":[{"selector":{"controlType":"sap.m.IconTabFilter","viewName":"etm.portal.ui.managepartners.view.Master","viewId":"application-managepartners-display-component---masterPtm","properties":{"text":"Filter"},"searchOpenDialogs":true,"interaction":{"idSuffix":"text"}},"wdio_ui5_key":"etmportal.ui.managepartners.view.Mastersap.m.IconTabFilter{\"text\":\"Filter\"}"}]}
RESULT: {"script":"<script> [1562 bytes]","args":[{"selector":{"controlType":"sap.m.IconTabFilter","viewName":"etm.portal.ui.managepartners.view.Master","viewId":"application-managepartners-display-component---masterPtm","properties":{"text":"Filter"},"searchOpenDialogs":true,"interaction":{"idSuffix":"text"}},"wdio_ui5_key":"etmportal.ui.managepartners.view.Mastersap.m.IconTabFilter{\"text\":\"Filter\"}"}]}
RESULT: undefined
COMMAND: POST /session/7410a71b14728fd3846eb83ce69f197f/element - {"using":"xpath","value":"//*[@id=\"__filter10\"]"}
RESULT: {"using":"xpath","value":"//*[@id=\"__filter10\"]"}
COMMAND: POST /session/7410a71b14728fd3846eb83ce69f197f/element/f.86015CA9C3D3DEEAC7F6EBF17DD69AAD.d.474F4C677ACD3E7D61E21DEBD93DDD20.e.2093/click - {}
RESULT: {}
COMMAND: GET /session/7410a71b14728fd3846eb83ce69f197f/screenshot - {}
RESULT: {}
COMMAND: POST /session/7410a71b14728fd3846eb83ce69f197f/element - {"using":"xpath","value":"//input[@placeholder=\"Filter by\"]/following-sibling::div//span"}
RESULT: {"using":"xpath","value":"//input[@placeholder=\"Filter by\"]/following-sibling::div//span"}
COMMAND: POST /session/7410a71b14728fd3846eb83ce69f197f/element/f.86015CA9C3D3DEEAC7F6EBF17DD69AAD.d.474F4C677ACD3E7D61E21DEBD93DDD20.e.2095/click - {}
RESULT: {}
COMMAND: GET /session/7410a71b14728fd3846eb83ce69f197f/screenshot - {}
RESULT: {}
COMMAND: POST /session/7410a71b14728fd3846eb83ce69f197f/element - {"using":"xpath","value":"//li[.//span[text()=\"Preferred Yard\"]]"}
RESULT: {"using":"xpath","value":"//li[.//span[text()=\"Preferred Yard\"]]"}
COMMAND: POST /session/7410a71b14728fd3846eb83ce69f197f/element/f.86015CA9C3D3DEEAC7F6EBF17DD69AAD.d.474F4C677ACD3E7D61E21DEBD93DDD20.e.2096/click - {}
RESULT: {}
COMMAND: GET /session/7410a71b14728fd3846eb83ce69f197f/screenshot - {}
RESULT: {}
COMMAND: POST /session/7410a71b14728fd3846eb83ce69f197f/execute/async - {"script":"<script> [1562 bytes]","args":[{"selector":{"id":"FilterPanel-filterItemControl_BASIC-application-managepartners-display-component---masterPtm--smartTable-YARDYARD-vhi","searchOpenDialogs":true},"wdio_ui5_key":"FilterPanelfilterItemControl_BASIC-application-managepartners-display-component---masterPtm--smartTable-YARDYARD-vhi"}]}
RESULT: {"script":"<script> [1562 bytes]","args":[{"selector":{"id":"FilterPanel-filterItemControl_BASIC-application-managepartners-display-component---masterPtm--smartTable-YARDYARD-vhi","searchOpenDialogs":true},"wdio_ui5_key":"FilterPanelfilterItemControl_BASIC-application-managepartners-display-component---masterPtm--smartTable-YARDYARD-vhi"}]}
RESULT: undefined
COMMAND: POST /session/7410a71b14728fd3846eb83ce69f197f/element - {"using":"xpath","value":"//*[@id=\"FilterPanel-filterItemControl_BASIC-application-managepartners-display-component---masterPtm--smartTable-YARDYARD-vhi\"]"}
RESULT: {"using":"xpath","value":"//*[@id=\"FilterPanel-filterItemControl_BASIC-application-managepartners-display-component---masterPtm--smartTable-YARDYARD-vhi\"]"}
COMMAND: POST /session/7410a71b14728fd3846eb83ce69f197f/element/f.86015CA9C3D3DEEAC7F6EBF17DD69AAD.d.474F4C677ACD3E7D61E21DEBD93DDD20.e.2099/click - {}
RESULT: {}
COMMAND: GET /session/7410a71b14728fd3846eb83ce69f197f/screenshot - {}
RESULT: {}
COMMAND: POST /session/7410a71b14728fd3846eb83ce69f197f/execute/async - {"script":"<script> [1562 bytes]","args":[{"selector":{"id":"FilterPanel-filterItemControl_BASIC-application-managepartners-display-component---masterPtm--smartTable-YARDYARD-valueHelpDialog-smartFilterBar-btnBasicSearch","searchOpenDialogs":true,"interaction":{"idSuffix":"I"}},"wdio_ui5_key":"FilterPanelfilterItemControl_BASIC-application-managepartners-display-component---masterPtm--smartTable-YARDYARD-valueHelpDialog-smartFilterBar-btnBasicSearch"}]}
RESULT: {"script":"<script> [1562 bytes]","args":[{"selector":{"id":"FilterPanel-filterItemControl_BASIC-application-managepartners-display-component---masterPtm--smartTable-YARDYARD-valueHelpDialog-smartFilterBar-btnBasicSearch","searchOpenDialogs":true,"interaction":{"idSuffix":"I"}},"wdio_ui5_key":"FilterPanelfilterItemControl_BASIC-application-managepartners-display-component---masterPtm--smartTable-YARDYARD-valueHelpDialog-smartFilterBar-btnBasicSearch"}]}
RESULT: undefined
COMMAND: POST /session/7410a71b14728fd3846eb83ce69f197f/execute/async - {"script":"<script> [776 bytes]","args":[{"enterText":"257","selector":{"id":"FilterPanel-filterItemControl_BASIC-application-managepartners-display-component---masterPtm--smartTable-YARDYARD-valueHelpDialog-smartFilterBar-btnBasicSearch","searchOpenDialogs":true,"interaction":{"idSuffix":"I"}},"clearTextFirst":true,"interactionType":"ENTER_TEXT"}]}
RESULT: {"script":"<script> [776 bytes]","args":[{"enterText":"257","selector":{"id":"FilterPanel-filterItemControl_BASIC-application-managepartners-display-component---masterPtm--smartTable-YARDYARD-valueHelpDialog-smartFilterBar-btnBasicSearch","searchOpenDialogs":true,"interaction":{"idSuffix":"I"}},"clearTextFirst":true,"interactionType":"ENTER_TEXT"}]}
COMMAND: POST /session/7410a71b14728fd3846eb83ce69f197f/actions - {"actions":[{"id":"action3","type":"key","parameters":{},"actions":[{"type":"keyDown","value":""},{"type":"pause","duration":10},{"type":"keyUp","value":""}]}]}
RESULT: {"actions":[{"id":"action3","type":"key","parameters":{},"actions":[{"type":"keyDown","value":""},{"type":"pause","duration":10},{"type":"keyUp","value":""}]}]}
COMMAND: GET /session/7410a71b14728fd3846eb83ce69f197f/screenshot - {}
RESULT: {}
COMMAND: POST /session/7410a71b14728fd3846eb83ce69f197f/elements - {"using":"xpath","value":"//table[contains(@id, \"smartTable-YARDYARD-valueHelpDialog-table-table\")]/tbody/tr"}
RESULT: {"using":"xpath","value":"//table[contains(@id, \"smartTable-YARDYARD-valueHelpDialog-table-table\")]/tbody/tr"}
COMMAND: POST /session/7410a71b14728fd3846eb83ce69f197f/element - {"using":"xpath","value":"//table[contains(@id, \"smartTable-YARDYARD-valueHelpDialog-table-table\")]/tbody/tr[1]/td[1]/div/span"}
RESULT: {"using":"xpath","value":"//table[contains(@id, \"smartTable-YARDYARD-valueHelpDialog-table-table\")]/tbody/tr[1]/td[1]/div/span"}
COMMAND: POST /session/7410a71b14728fd3846eb83ce69f197f/elements - {"using":"xpath","value":"//table[contains(@id, \"smartTable-YARDYARD-valueHelpDialog-table-table\")]/tbody/tr[1]/td[1]/div/span"}
RESULT: {"using":"xpath","value":"//table[contains(@id, \"smartTable-YARDYARD-valueHelpDialog-table-table\")]/tbody/tr[1]/td[1]/div/span"}
COMMAND: POST /session/7410a71b14728fd3846eb83ce69f197f/execute/sync - {"script":"<script> [56 bytes]","args":[{"element-6066-11e4-a52e-4f735466cecf":"f.86015CA9C3D3DEEAC7F6EBF17DD69AAD.d.474F4C677ACD3E7D61E21DEBD93DDD20.e.2118","ELEMENT":"f.86015CA9C3D3DEEAC7F6EBF17DD69AAD.d.474F4C677ACD3E7D61E21DEBD93DDD20.e.2118"}]}
RESULT: {"script":"<script> [56 bytes]","args":[{"element-6066-11e4-a52e-4f735466cecf":"f.86015CA9C3D3DEEAC7F6EBF17DD69AAD.d.474F4C677ACD3E7D61E21DEBD93DDD20.e.2118","ELEMENT":"f.86015CA9C3D3DEEAC7F6EBF17DD69AAD.d.474F4C677ACD3E7D61E21DEBD93DDD20.e.2118"}]}
COMMAND: POST /session/7410a71b14728fd3846eb83ce69f197f/element - {"using":"xpath","value":"//div[contains(@id, \"YARDYARD-valueHelpDialog-table-rowsel0\")]"}
COMMAND: GET /session/7410a71b14728fd3846eb83ce69f197f/screenshot - {}
RESULT: {"using":"xpath","value":"//div[contains(@id, \"YARDYARD-valueHelpDialog-table-rowsel0\")]"}
COMMAND: POST /session/7410a71b14728fd3846eb83ce69f197f/element/f.86015CA9C3D3DEEAC7F6EBF17DD69AAD.d.474F4C677ACD3E7D61E21DEBD93DDD20.e.2119/click - {}
RESULT: {}
RESULT: {}
COMMAND: GET /session/7410a71b14728fd3846eb83ce69f197f/screenshot - {}
RESULT: {}
COMMAND: POST /session/7410a71b14728fd3846eb83ce69f197f/element - {"using":"xpath","value":"(//bdi[contains(text(), \"OK\")])[2]"}
RESULT: {"using":"xpath","value":"(//bdi[contains(text(), \"OK\")])[2]"}
COMMAND: POST /session/7410a71b14728fd3846eb83ce69f197f/element/f.86015CA9C3D3DEEAC7F6EBF17DD69AAD.d.474F4C677ACD3E7D61E21DEBD93DDD20.e.2121/click - {}
RESULT: {}
COMMAND: GET /session/7410a71b14728fd3846eb83ce69f197f/screenshot - {}
RESULT: {}
COMMAND: POST /session/7410a71b14728fd3846eb83ce69f197f/element - {"using":"xpath","value":"//bdi[contains(text(), \"OK\")]"}
RESULT: {"using":"xpath","value":"//bdi[contains(text(), \"OK\")]"}
COMMAND: POST /session/7410a71b14728fd3846eb83ce69f197f/element/f.86015CA9C3D3DEEAC7F6EBF17DD69AAD.d.474F4C677ACD3E7D61E21DEBD93DDD20.e.2124/click - {}
RESULT: {}
COMMAND: GET /session/7410a71b14728fd3846eb83ce69f197f/screenshot - {}
RESULT: {}
COMMAND: POST /session/7410a71b14728fd3846eb83ce69f197f/element - {"using":"xpath","value":"//table[contains(@id, \"customPartnersTable\")]//tbody/tr[1]/td[3]/span"}
RESULT: {"using":"xpath","value":"//table[contains(@id, \"customPartnersTable\")]//tbody/tr[1]/td[3]/span"}
COMMAND: POST /session/7410a71b14728fd3846eb83ce69f197f/execute/sync - {"script":"<script> [56 bytes]","args":[{"element-6066-11e4-a52e-4f735466cecf":"f.86015CA9C3D3DEEAC7F6EBF17DD69AAD.d.474F4C677ACD3E7D61E21DEBD93DDD20.e.2179","ELEMENT":"f.86015CA9C3D3DEEAC7F6EBF17DD69AAD.d.474F4C677ACD3E7D61E21DEBD93DDD20.e.2179"}]}
RESULT: {"script":"<script> [56 bytes]","args":[{"element-6066-11e4-a52e-4f735466cecf":"f.86015CA9C3D3DEEAC7F6EBF17DD69AAD.d.474F4C677ACD3E7D61E21DEBD93DDD20.e.2179","ELEMENT":"f.86015CA9C3D3DEEAC7F6EBF17DD69AAD.d.474F4C677ACD3E7D61E21DEBD93DDD20.e.2179"}]}
COMMAND: POST /session/7410a71b14728fd3846eb83ce69f197f/element - {"using":"css selector","value":"#shell-header-logo"}
COMMAND: GET /session/7410a71b14728fd3846eb83ce69f197f/screenshot - {}
RESULT: {"using":"css selector","value":"#shell-header-logo"}
COMMAND: POST /session/7410a71b14728fd3846eb83ce69f197f/element/f.86015CA9C3D3DEEAC7F6EBF17DD69AAD.d.474F4C677ACD3E7D61E21DEBD93DDD20.e.1713/click - {}
RESULT: {}
RESULT: {}
COMMAND: GET /session/7410a71b14728fd3846eb83ce69f197f/screenshot - {}
RESULT: {}
]]></system-out>
    </testcase>
    <testcase classname="chrome.136_0_7103_93.windows.Partner_specific_tests_US150819_US151080_US151654_US151176_US103444_US151078_US151079_US151109_US151174_US151175_US151189" name="Should deactivate the created partner in earlier step US151654" time="62.998">
      <system-out><![CDATA[
COMMAND: POST /session/7410a71b14728fd3846eb83ce69f197f/element - {"using":"xpath","value":"//li[.//span[text()=\"Manage Partners\"]]"}
RESULT: {"using":"xpath","value":"//li[.//span[text()=\"Manage Partners\"]]"}
COMMAND: POST /session/7410a71b14728fd3846eb83ce69f197f/element - {"using":"xpath","value":"//li[.//span[text()=\"Manage Partners\"]]"}
RESULT: {"using":"xpath","value":"//li[.//span[text()=\"Manage Partners\"]]"}
COMMAND: POST /session/7410a71b14728fd3846eb83ce69f197f/element - {"using":"css selector","value":"#shell-header-logo"}
RESULT: {"using":"css selector","value":"#shell-header-logo"}
COMMAND: POST /session/7410a71b14728fd3846eb83ce69f197f/element/f.86015CA9C3D3DEEAC7F6EBF17DD69AAD.d.474F4C677ACD3E7D61E21DEBD93DDD20.e.2181/click - {}
COMMAND: POST /session/7410a71b14728fd3846eb83ce69f197f/execute/sync - {"script":"<script> [8489 bytes]","args":[{"element-6066-11e4-a52e-4f735466cecf":"f.86015CA9C3D3DEEAC7F6EBF17DD69AAD.d.474F4C677ACD3E7D61E21DEBD93DDD20.e.2181","ELEMENT":"f.86015CA9C3D3DEEAC7F6EBF17DD69AAD.d.474F4C677ACD3E7D61E21DEBD93DDD20.e.2181"}]}
RESULT: {}
COMMAND: GET /session/7410a71b14728fd3846eb83ce69f197f/screenshot - {}
RESULT: {"script":"<script> [8489 bytes]","args":[{"element-6066-11e4-a52e-4f735466cecf":"f.86015CA9C3D3DEEAC7F6EBF17DD69AAD.d.474F4C677ACD3E7D61E21DEBD93DDD20.e.2181","ELEMENT":"f.86015CA9C3D3DEEAC7F6EBF17DD69AAD.d.474F4C677ACD3E7D61E21DEBD93DDD20.e.2181"}]}
COMMAND: POST /session/7410a71b14728fd3846eb83ce69f197f/execute/sync - {"script":"<script> [5351 bytes]","args":[{"element-6066-11e4-a52e-4f735466cecf":"f.86015CA9C3D3DEEAC7F6EBF17DD69AAD.d.474F4C677ACD3E7D61E21DEBD93DDD20.e.2181","ELEMENT":"f.86015CA9C3D3DEEAC7F6EBF17DD69AAD.d.474F4C677ACD3E7D61E21DEBD93DDD20.e.2181"}]}
COMMAND: GET /session/7410a71b14728fd3846eb83ce69f197f/screenshot - {}
RESULT: {}
RESULT: {"script":"<script> [5351 bytes]","args":[{"element-6066-11e4-a52e-4f735466cecf":"f.86015CA9C3D3DEEAC7F6EBF17DD69AAD.d.474F4C677ACD3E7D61E21DEBD93DDD20.e.2181","ELEMENT":"f.86015CA9C3D3DEEAC7F6EBF17DD69AAD.d.474F4C677ACD3E7D61E21DEBD93DDD20.e.2181"}]}
COMMAND: GET /session/7410a71b14728fd3846eb83ce69f197f/screenshot - {}
RESULT: {}
RESULT: {}
RESULT: undefined
COMMAND: POST /session/7410a71b14728fd3846eb83ce69f197f/element - {"using":"xpath","value":"//*[@id=\"__tile38\"]"}
RESULT: {"using":"xpath","value":"//*[@id=\"__tile38\"]"}
COMMAND: POST /session/7410a71b14728fd3846eb83ce69f197f/element/f.86015CA9C3D3DEEAC7F6EBF17DD69AAD.d.474F4C677ACD3E7D61E21DEBD93DDD20.e.166/click - {}
RESULT: {}
COMMAND: GET /session/7410a71b14728fd3846eb83ce69f197f/screenshot - {}
RESULT: {}
COMMAND: POST /session/7410a71b14728fd3846eb83ce69f197f/elements - {"using":"xpath","value":"//span[text()='Error']"}
RESULT: {"using":"xpath","value":"//span[text()='Error']"}
COMMAND: POST /session/7410a71b14728fd3846eb83ce69f197f/element - {"using":"xpath","value":"//button[@data-kt=\"addButton\"]"}
RESULT: {"using":"xpath","value":"//button[@data-kt=\"addButton\"]"}
COMMAND: POST /session/7410a71b14728fd3846eb83ce69f197f/elements - {"using":"xpath","value":"//button[@data-kt=\"addButton\"]"}
RESULT: {"using":"xpath","value":"//button[@data-kt=\"addButton\"]"}
COMMAND: POST /session/7410a71b14728fd3846eb83ce69f197f/execute/sync - {"script":"<script> [8489 bytes]","args":[{"element-6066-11e4-a52e-4f735466cecf":"f.86015CA9C3D3DEEAC7F6EBF17DD69AAD.d.474F4C677ACD3E7D61E21DEBD93DDD20.e.2227","ELEMENT":"f.86015CA9C3D3DEEAC7F6EBF17DD69AAD.d.474F4C677ACD3E7D61E21DEBD93DDD20.e.2227"}]}
RESULT: {"script":"<script> [8489 bytes]","args":[{"element-6066-11e4-a52e-4f735466cecf":"f.86015CA9C3D3DEEAC7F6EBF17DD69AAD.d.474F4C677ACD3E7D61E21DEBD93DDD20.e.2227","ELEMENT":"f.86015CA9C3D3DEEAC7F6EBF17DD69AAD.d.474F4C677ACD3E7D61E21DEBD93DDD20.e.2227"}]}
COMMAND: GET /session/7410a71b14728fd3846eb83ce69f197f/element/f.86015CA9C3D3DEEAC7F6EBF17DD69AAD.d.474F4C677ACD3E7D61E21DEBD93DDD20.e.2227/enabled - {}
COMMAND: GET /session/7410a71b14728fd3846eb83ce69f197f/screenshot - {}
RESULT: {}
COMMAND: POST /session/7410a71b14728fd3846eb83ce69f197f/execute/sync - {"script":"<script> [8489 bytes]","args":[{"element-6066-11e4-a52e-4f735466cecf":"f.86015CA9C3D3DEEAC7F6EBF17DD69AAD.d.474F4C677ACD3E7D61E21DEBD93DDD20.e.2227","ELEMENT":"f.86015CA9C3D3DEEAC7F6EBF17DD69AAD.d.474F4C677ACD3E7D61E21DEBD93DDD20.e.2227"}]}
COMMAND: GET /session/7410a71b14728fd3846eb83ce69f197f/screenshot - {}
RESULT: {}
RESULT: {"script":"<script> [8489 bytes]","args":[{"element-6066-11e4-a52e-4f735466cecf":"f.86015CA9C3D3DEEAC7F6EBF17DD69AAD.d.474F4C677ACD3E7D61E21DEBD93DDD20.e.2227","ELEMENT":"f.86015CA9C3D3DEEAC7F6EBF17DD69AAD.d.474F4C677ACD3E7D61E21DEBD93DDD20.e.2227"}]}
COMMAND: POST /session/7410a71b14728fd3846eb83ce69f197f/execute/sync - {"script":"<script> [5351 bytes]","args":[{"element-6066-11e4-a52e-4f735466cecf":"f.86015CA9C3D3DEEAC7F6EBF17DD69AAD.d.474F4C677ACD3E7D61E21DEBD93DDD20.e.2227","ELEMENT":"f.86015CA9C3D3DEEAC7F6EBF17DD69AAD.d.474F4C677ACD3E7D61E21DEBD93DDD20.e.2227"}]}
COMMAND: GET /session/7410a71b14728fd3846eb83ce69f197f/screenshot - {}
RESULT: {}
RESULT: {"script":"<script> [5351 bytes]","args":[{"element-6066-11e4-a52e-4f735466cecf":"f.86015CA9C3D3DEEAC7F6EBF17DD69AAD.d.474F4C677ACD3E7D61E21DEBD93DDD20.e.2227","ELEMENT":"f.86015CA9C3D3DEEAC7F6EBF17DD69AAD.d.474F4C677ACD3E7D61E21DEBD93DDD20.e.2227"}]}
COMMAND: GET /session/7410a71b14728fd3846eb83ce69f197f/screenshot - {}
RESULT: {}
RESULT: {}
COMMAND: POST /session/7410a71b14728fd3846eb83ce69f197f/execute/async - {"script":"<script> [1562 bytes]","args":[{"selector":{"id":"application-managepartners-display-component---masterPtm--smartFilterBar-btnBasicSearch","interaction":{"idSuffix":"I"}},"wdio_ui5_key":"applicationmanagepartners-display-component---masterPtm--smartFilterBar-btnBasicSearch"}]}
RESULT: {"script":"<script> [1562 bytes]","args":[{"selector":{"id":"application-managepartners-display-component---masterPtm--smartFilterBar-btnBasicSearch","interaction":{"idSuffix":"I"}},"wdio_ui5_key":"applicationmanagepartners-display-component---masterPtm--smartFilterBar-btnBasicSearch"}]}
RESULT: undefined
COMMAND: POST /session/7410a71b14728fd3846eb83ce69f197f/execute/async - {"script":"<script> [776 bytes]","args":[{"enterText":"1105","selector":{"id":"application-managepartners-display-component---masterPtm--smartFilterBar-btnBasicSearch","interaction":{"idSuffix":"I"}},"clearTextFirst":true,"interactionType":"ENTER_TEXT"}]}
RESULT: {"script":"<script> [776 bytes]","args":[{"enterText":"1105","selector":{"id":"application-managepartners-display-component---masterPtm--smartFilterBar-btnBasicSearch","interaction":{"idSuffix":"I"}},"clearTextFirst":true,"interactionType":"ENTER_TEXT"}]}
COMMAND: POST /session/7410a71b14728fd3846eb83ce69f197f/actions - {"actions":[{"id":"action4","type":"key","parameters":{},"actions":[{"type":"keyDown","value":""},{"type":"pause","duration":10},{"type":"keyUp","value":""}]}]}
RESULT: {"actions":[{"id":"action4","type":"key","parameters":{},"actions":[{"type":"keyDown","value":""},{"type":"pause","duration":10},{"type":"keyUp","value":""}]}]}
COMMAND: GET /session/7410a71b14728fd3846eb83ce69f197f/screenshot - {}
RESULT: {}
COMMAND: POST /session/7410a71b14728fd3846eb83ce69f197f/elements - {"using":"xpath","value":"//table[contains(@id, \"customPartnersTable-listUl\")]/tbody/tr"}
RESULT: {"using":"xpath","value":"//table[contains(@id, \"customPartnersTable-listUl\")]/tbody/tr"}
COMMAND: POST /session/7410a71b14728fd3846eb83ce69f197f/element - {"using":"xpath","value":"//table[contains(@id, \"customPartnersTable-listUl\")]/tbody/tr[1]/td[3]/span"}
RESULT: {"using":"xpath","value":"//table[contains(@id, \"customPartnersTable-listUl\")]/tbody/tr[1]/td[3]/span"}
COMMAND: POST /session/7410a71b14728fd3846eb83ce69f197f/elements - {"using":"xpath","value":"//table[contains(@id, \"customPartnersTable-listUl\")]/tbody/tr[1]/td[3]/span"}
RESULT: {"using":"xpath","value":"//table[contains(@id, \"customPartnersTable-listUl\")]/tbody/tr[1]/td[3]/span"}
COMMAND: POST /session/7410a71b14728fd3846eb83ce69f197f/execute/sync - {"script":"<script> [56 bytes]","args":[{"element-6066-11e4-a52e-4f735466cecf":"f.86015CA9C3D3DEEAC7F6EBF17DD69AAD.d.474F4C677ACD3E7D61E21DEBD93DDD20.e.2365","ELEMENT":"f.86015CA9C3D3DEEAC7F6EBF17DD69AAD.d.474F4C677ACD3E7D61E21DEBD93DDD20.e.2365"}]}
RESULT: {"script":"<script> [56 bytes]","args":[{"element-6066-11e4-a52e-4f735466cecf":"f.86015CA9C3D3DEEAC7F6EBF17DD69AAD.d.474F4C677ACD3E7D61E21DEBD93DDD20.e.2365","ELEMENT":"f.86015CA9C3D3DEEAC7F6EBF17DD69AAD.d.474F4C677ACD3E7D61E21DEBD93DDD20.e.2365"}]}
COMMAND: POST /session/7410a71b14728fd3846eb83ce69f197f/element - {"using":"xpath","value":"//table[contains(@id, \"customPartnersTable-listUl\")]/tbody/tr[1]/td[7]/div/span"}
COMMAND: GET /session/7410a71b14728fd3846eb83ce69f197f/screenshot - {}
RESULT: {"using":"xpath","value":"//table[contains(@id, \"customPartnersTable-listUl\")]/tbody/tr[1]/td[7]/div/span"}
COMMAND: POST /session/7410a71b14728fd3846eb83ce69f197f/execute/sync - {"script":"<script> [56 bytes]","args":[{"element-6066-11e4-a52e-4f735466cecf":"f.86015CA9C3D3DEEAC7F6EBF17DD69AAD.d.474F4C677ACD3E7D61E21DEBD93DDD20.e.2366","ELEMENT":"f.86015CA9C3D3DEEAC7F6EBF17DD69AAD.d.474F4C677ACD3E7D61E21DEBD93DDD20.e.2366"}]}
RESULT: {}
RESULT: {"script":"<script> [56 bytes]","args":[{"element-6066-11e4-a52e-4f735466cecf":"f.86015CA9C3D3DEEAC7F6EBF17DD69AAD.d.474F4C677ACD3E7D61E21DEBD93DDD20.e.2366","ELEMENT":"f.86015CA9C3D3DEEAC7F6EBF17DD69AAD.d.474F4C677ACD3E7D61E21DEBD93DDD20.e.2366"}]}
COMMAND: POST /session/7410a71b14728fd3846eb83ce69f197f/element - {"using":"xpath","value":"//table[contains(@id, \"customPartnersTable-listUl\")]/tbody/tr[1]/td[2]/div/div"}
COMMAND: GET /session/7410a71b14728fd3846eb83ce69f197f/screenshot - {}
RESULT: {"using":"xpath","value":"//table[contains(@id, \"customPartnersTable-listUl\")]/tbody/tr[1]/td[2]/div/div"}
COMMAND: POST /session/7410a71b14728fd3846eb83ce69f197f/element/f.86015CA9C3D3DEEAC7F6EBF17DD69AAD.d.474F4C677ACD3E7D61E21DEBD93DDD20.e.2358/click - {}
RESULT: {}
RESULT: {}
COMMAND: GET /session/7410a71b14728fd3846eb83ce69f197f/screenshot - {}
RESULT: {}
COMMAND: POST /session/7410a71b14728fd3846eb83ce69f197f/element - {"using":"xpath","value":"//bdi[contains(text(), \"Deactivate\")]"}
RESULT: {"using":"xpath","value":"//bdi[contains(text(), \"Deactivate\")]"}
COMMAND: POST /session/7410a71b14728fd3846eb83ce69f197f/element/f.86015CA9C3D3DEEAC7F6EBF17DD69AAD.d.474F4C677ACD3E7D61E21DEBD93DDD20.e.2367/click - {}
RESULT: {}
COMMAND: GET /session/7410a71b14728fd3846eb83ce69f197f/screenshot - {}
RESULT: {}
COMMAND: POST /session/7410a71b14728fd3846eb83ce69f197f/element - {"using":"xpath","value":"//bdi[contains(text(), \"Yes\")]"}
RESULT: {"using":"xpath","value":"//bdi[contains(text(), \"Yes\")]"}
COMMAND: POST /session/7410a71b14728fd3846eb83ce69f197f/element/f.86015CA9C3D3DEEAC7F6EBF17DD69AAD.d.474F4C677ACD3E7D61E21DEBD93DDD20.e.2369/click - {}
RESULT: {}
COMMAND: GET /session/7410a71b14728fd3846eb83ce69f197f/screenshot - {}
RESULT: {}
COMMAND: POST /session/7410a71b14728fd3846eb83ce69f197f/element - {"using":"xpath","value":"//table[contains(@id, \"customPartnersTable-listUl\")]/tbody/tr[1]/td[7]/div/span"}
RESULT: {"using":"xpath","value":"//table[contains(@id, \"customPartnersTable-listUl\")]/tbody/tr[1]/td[7]/div/span"}
COMMAND: POST /session/7410a71b14728fd3846eb83ce69f197f/execute/sync - {"script":"<script> [56 bytes]","args":[{"element-6066-11e4-a52e-4f735466cecf":"f.86015CA9C3D3DEEAC7F6EBF17DD69AAD.d.474F4C677ACD3E7D61E21DEBD93DDD20.e.2366","ELEMENT":"f.86015CA9C3D3DEEAC7F6EBF17DD69AAD.d.474F4C677ACD3E7D61E21DEBD93DDD20.e.2366"}]}
RESULT: {"script":"<script> [56 bytes]","args":[{"element-6066-11e4-a52e-4f735466cecf":"f.86015CA9C3D3DEEAC7F6EBF17DD69AAD.d.474F4C677ACD3E7D61E21DEBD93DDD20.e.2366","ELEMENT":"f.86015CA9C3D3DEEAC7F6EBF17DD69AAD.d.474F4C677ACD3E7D61E21DEBD93DDD20.e.2366"}]}
COMMAND: GET /session/7410a71b14728fd3846eb83ce69f197f/screenshot - {}
RESULT: {}
COMMAND: POST /session/7410a71b14728fd3846eb83ce69f197f/element - {"using":"css selector","value":"#shell-header-logo"}
RESULT: {"using":"css selector","value":"#shell-header-logo"}
COMMAND: POST /session/7410a71b14728fd3846eb83ce69f197f/element/f.86015CA9C3D3DEEAC7F6EBF17DD69AAD.d.474F4C677ACD3E7D61E21DEBD93DDD20.e.2181/click - {}
RESULT: {}
COMMAND: GET /session/7410a71b14728fd3846eb83ce69f197f/screenshot - {}
RESULT: {}
]]></system-out>
    </testcase>
    <testcase classname="chrome.136_0_7103_93.windows.Partner_specific_tests_US150819_US151080_US151654_US151176_US103444_US151078_US151079_US151109_US151174_US151175_US151189" name="Should activate the created partner again US151176" time="61.017">
      <system-out><![CDATA[
COMMAND: POST /session/7410a71b14728fd3846eb83ce69f197f/element - {"using":"xpath","value":"//li[.//span[text()=\"Manage Partners\"]]"}
RESULT: {"using":"xpath","value":"//li[.//span[text()=\"Manage Partners\"]]"}
COMMAND: POST /session/7410a71b14728fd3846eb83ce69f197f/element - {"using":"xpath","value":"//li[.//span[text()=\"Manage Partners\"]]"}
RESULT: {"using":"xpath","value":"//li[.//span[text()=\"Manage Partners\"]]"}
COMMAND: POST /session/7410a71b14728fd3846eb83ce69f197f/element - {"using":"css selector","value":"#shell-header-logo"}
RESULT: {"using":"css selector","value":"#shell-header-logo"}
COMMAND: POST /session/7410a71b14728fd3846eb83ce69f197f/element/f.86015CA9C3D3DEEAC7F6EBF17DD69AAD.d.474F4C677ACD3E7D61E21DEBD93DDD20.e.2373/click - {}
COMMAND: POST /session/7410a71b14728fd3846eb83ce69f197f/execute/sync - {"script":"<script> [8489 bytes]","args":[{"element-6066-11e4-a52e-4f735466cecf":"f.86015CA9C3D3DEEAC7F6EBF17DD69AAD.d.474F4C677ACD3E7D61E21DEBD93DDD20.e.2373","ELEMENT":"f.86015CA9C3D3DEEAC7F6EBF17DD69AAD.d.474F4C677ACD3E7D61E21DEBD93DDD20.e.2373"}]}
RESULT: {}
COMMAND: GET /session/7410a71b14728fd3846eb83ce69f197f/screenshot - {}
RESULT: {"script":"<script> [8489 bytes]","args":[{"element-6066-11e4-a52e-4f735466cecf":"f.86015CA9C3D3DEEAC7F6EBF17DD69AAD.d.474F4C677ACD3E7D61E21DEBD93DDD20.e.2373","ELEMENT":"f.86015CA9C3D3DEEAC7F6EBF17DD69AAD.d.474F4C677ACD3E7D61E21DEBD93DDD20.e.2373"}]}
COMMAND: POST /session/7410a71b14728fd3846eb83ce69f197f/execute/sync - {"script":"<script> [5351 bytes]","args":[{"element-6066-11e4-a52e-4f735466cecf":"f.86015CA9C3D3DEEAC7F6EBF17DD69AAD.d.474F4C677ACD3E7D61E21DEBD93DDD20.e.2373","ELEMENT":"f.86015CA9C3D3DEEAC7F6EBF17DD69AAD.d.474F4C677ACD3E7D61E21DEBD93DDD20.e.2373"}]}
COMMAND: GET /session/7410a71b14728fd3846eb83ce69f197f/screenshot - {}
RESULT: {}
RESULT: {"script":"<script> [5351 bytes]","args":[{"element-6066-11e4-a52e-4f735466cecf":"f.86015CA9C3D3DEEAC7F6EBF17DD69AAD.d.474F4C677ACD3E7D61E21DEBD93DDD20.e.2373","ELEMENT":"f.86015CA9C3D3DEEAC7F6EBF17DD69AAD.d.474F4C677ACD3E7D61E21DEBD93DDD20.e.2373"}]}
COMMAND: GET /session/7410a71b14728fd3846eb83ce69f197f/screenshot - {}
RESULT: {}
RESULT: {}
RESULT: undefined
COMMAND: POST /session/7410a71b14728fd3846eb83ce69f197f/element - {"using":"xpath","value":"//*[@id=\"__tile38\"]"}
RESULT: {"using":"xpath","value":"//*[@id=\"__tile38\"]"}
COMMAND: POST /session/7410a71b14728fd3846eb83ce69f197f/element/f.86015CA9C3D3DEEAC7F6EBF17DD69AAD.d.474F4C677ACD3E7D61E21DEBD93DDD20.e.166/click - {}
RESULT: {}
COMMAND: GET /session/7410a71b14728fd3846eb83ce69f197f/screenshot - {}
RESULT: {}
COMMAND: POST /session/7410a71b14728fd3846eb83ce69f197f/elements - {"using":"xpath","value":"//span[text()='Error']"}
RESULT: {"using":"xpath","value":"//span[text()='Error']"}
COMMAND: POST /session/7410a71b14728fd3846eb83ce69f197f/element - {"using":"xpath","value":"//button[@data-kt=\"addButton\"]"}
RESULT: {"using":"xpath","value":"//button[@data-kt=\"addButton\"]"}
COMMAND: POST /session/7410a71b14728fd3846eb83ce69f197f/elements - {"using":"xpath","value":"//button[@data-kt=\"addButton\"]"}
RESULT: {"using":"xpath","value":"//button[@data-kt=\"addButton\"]"}
COMMAND: POST /session/7410a71b14728fd3846eb83ce69f197f/execute/sync - {"script":"<script> [8489 bytes]","args":[{"element-6066-11e4-a52e-4f735466cecf":"f.86015CA9C3D3DEEAC7F6EBF17DD69AAD.d.474F4C677ACD3E7D61E21DEBD93DDD20.e.2418","ELEMENT":"f.86015CA9C3D3DEEAC7F6EBF17DD69AAD.d.474F4C677ACD3E7D61E21DEBD93DDD20.e.2418"}]}
RESULT: {"script":"<script> [8489 bytes]","args":[{"element-6066-11e4-a52e-4f735466cecf":"f.86015CA9C3D3DEEAC7F6EBF17DD69AAD.d.474F4C677ACD3E7D61E21DEBD93DDD20.e.2418","ELEMENT":"f.86015CA9C3D3DEEAC7F6EBF17DD69AAD.d.474F4C677ACD3E7D61E21DEBD93DDD20.e.2418"}]}
COMMAND: GET /session/7410a71b14728fd3846eb83ce69f197f/element/f.86015CA9C3D3DEEAC7F6EBF17DD69AAD.d.474F4C677ACD3E7D61E21DEBD93DDD20.e.2418/enabled - {}
COMMAND: GET /session/7410a71b14728fd3846eb83ce69f197f/screenshot - {}
RESULT: {}
COMMAND: POST /session/7410a71b14728fd3846eb83ce69f197f/execute/sync - {"script":"<script> [8489 bytes]","args":[{"element-6066-11e4-a52e-4f735466cecf":"f.86015CA9C3D3DEEAC7F6EBF17DD69AAD.d.474F4C677ACD3E7D61E21DEBD93DDD20.e.2418","ELEMENT":"f.86015CA9C3D3DEEAC7F6EBF17DD69AAD.d.474F4C677ACD3E7D61E21DEBD93DDD20.e.2418"}]}
COMMAND: GET /session/7410a71b14728fd3846eb83ce69f197f/screenshot - {}
RESULT: {}
RESULT: {"script":"<script> [8489 bytes]","args":[{"element-6066-11e4-a52e-4f735466cecf":"f.86015CA9C3D3DEEAC7F6EBF17DD69AAD.d.474F4C677ACD3E7D61E21DEBD93DDD20.e.2418","ELEMENT":"f.86015CA9C3D3DEEAC7F6EBF17DD69AAD.d.474F4C677ACD3E7D61E21DEBD93DDD20.e.2418"}]}
COMMAND: POST /session/7410a71b14728fd3846eb83ce69f197f/execute/sync - {"script":"<script> [5351 bytes]","args":[{"element-6066-11e4-a52e-4f735466cecf":"f.86015CA9C3D3DEEAC7F6EBF17DD69AAD.d.474F4C677ACD3E7D61E21DEBD93DDD20.e.2418","ELEMENT":"f.86015CA9C3D3DEEAC7F6EBF17DD69AAD.d.474F4C677ACD3E7D61E21DEBD93DDD20.e.2418"}]}
COMMAND: GET /session/7410a71b14728fd3846eb83ce69f197f/screenshot - {}
RESULT: {}
RESULT: {}
RESULT: {"script":"<script> [5351 bytes]","args":[{"element-6066-11e4-a52e-4f735466cecf":"f.86015CA9C3D3DEEAC7F6EBF17DD69AAD.d.474F4C677ACD3E7D61E21DEBD93DDD20.e.2418","ELEMENT":"f.86015CA9C3D3DEEAC7F6EBF17DD69AAD.d.474F4C677ACD3E7D61E21DEBD93DDD20.e.2418"}]}
COMMAND: GET /session/7410a71b14728fd3846eb83ce69f197f/screenshot - {}
RESULT: {}
RESULT: undefined
COMMAND: POST /session/7410a71b14728fd3846eb83ce69f197f/execute/async - {"script":"<script> [776 bytes]","args":[{"enterText":"1105","selector":{"id":"application-managepartners-display-component---masterPtm--smartFilterBar-btnBasicSearch","interaction":{"idSuffix":"I"}},"clearTextFirst":true,"interactionType":"ENTER_TEXT"}]}
RESULT: {"script":"<script> [776 bytes]","args":[{"enterText":"1105","selector":{"id":"application-managepartners-display-component---masterPtm--smartFilterBar-btnBasicSearch","interaction":{"idSuffix":"I"}},"clearTextFirst":true,"interactionType":"ENTER_TEXT"}]}
COMMAND: POST /session/7410a71b14728fd3846eb83ce69f197f/actions - {"actions":[{"id":"action5","type":"key","parameters":{},"actions":[{"type":"keyDown","value":""},{"type":"pause","duration":10},{"type":"keyUp","value":""}]}]}
RESULT: {"actions":[{"id":"action5","type":"key","parameters":{},"actions":[{"type":"keyDown","value":""},{"type":"pause","duration":10},{"type":"keyUp","value":""}]}]}
COMMAND: GET /session/7410a71b14728fd3846eb83ce69f197f/screenshot - {}
RESULT: {}
COMMAND: POST /session/7410a71b14728fd3846eb83ce69f197f/elements - {"using":"xpath","value":"//table[contains(@id, \"customPartnersTable-listUl\")]/tbody/tr"}
RESULT: {"using":"xpath","value":"//table[contains(@id, \"customPartnersTable-listUl\")]/tbody/tr"}
COMMAND: POST /session/7410a71b14728fd3846eb83ce69f197f/element - {"using":"xpath","value":"//table[contains(@id, \"customPartnersTable-listUl\")]/tbody/tr[1]/td[3]/span"}
RESULT: {"using":"xpath","value":"//table[contains(@id, \"customPartnersTable-listUl\")]/tbody/tr[1]/td[3]/span"}
COMMAND: POST /session/7410a71b14728fd3846eb83ce69f197f/elements - {"using":"xpath","value":"//table[contains(@id, \"customPartnersTable-listUl\")]/tbody/tr[1]/td[3]/span"}
RESULT: {"using":"xpath","value":"//table[contains(@id, \"customPartnersTable-listUl\")]/tbody/tr[1]/td[3]/span"}
COMMAND: POST /session/7410a71b14728fd3846eb83ce69f197f/execute/sync - {"script":"<script> [56 bytes]","args":[{"element-6066-11e4-a52e-4f735466cecf":"f.86015CA9C3D3DEEAC7F6EBF17DD69AAD.d.474F4C677ACD3E7D61E21DEBD93DDD20.e.2555","ELEMENT":"f.86015CA9C3D3DEEAC7F6EBF17DD69AAD.d.474F4C677ACD3E7D61E21DEBD93DDD20.e.2555"}]}
RESULT: {"script":"<script> [56 bytes]","args":[{"element-6066-11e4-a52e-4f735466cecf":"f.86015CA9C3D3DEEAC7F6EBF17DD69AAD.d.474F4C677ACD3E7D61E21DEBD93DDD20.e.2555","ELEMENT":"f.86015CA9C3D3DEEAC7F6EBF17DD69AAD.d.474F4C677ACD3E7D61E21DEBD93DDD20.e.2555"}]}
COMMAND: POST /session/7410a71b14728fd3846eb83ce69f197f/element - {"using":"xpath","value":"//table[contains(@id, \"customPartnersTable-listUl\")]/tbody/tr[1]/td[7]/div/span"}
COMMAND: GET /session/7410a71b14728fd3846eb83ce69f197f/screenshot - {}
RESULT: {"using":"xpath","value":"//table[contains(@id, \"customPartnersTable-listUl\")]/tbody/tr[1]/td[7]/div/span"}
COMMAND: POST /session/7410a71b14728fd3846eb83ce69f197f/execute/sync - {"script":"<script> [56 bytes]","args":[{"element-6066-11e4-a52e-4f735466cecf":"f.86015CA9C3D3DEEAC7F6EBF17DD69AAD.d.474F4C677ACD3E7D61E21DEBD93DDD20.e.2556","ELEMENT":"f.86015CA9C3D3DEEAC7F6EBF17DD69AAD.d.474F4C677ACD3E7D61E21DEBD93DDD20.e.2556"}]}
RESULT: {}
RESULT: {"script":"<script> [56 bytes]","args":[{"element-6066-11e4-a52e-4f735466cecf":"f.86015CA9C3D3DEEAC7F6EBF17DD69AAD.d.474F4C677ACD3E7D61E21DEBD93DDD20.e.2556","ELEMENT":"f.86015CA9C3D3DEEAC7F6EBF17DD69AAD.d.474F4C677ACD3E7D61E21DEBD93DDD20.e.2556"}]}
COMMAND: POST /session/7410a71b14728fd3846eb83ce69f197f/element - {"using":"xpath","value":"//table[contains(@id, \"customPartnersTable-listUl\")]/tbody/tr[1]/td[2]/div/div"}
COMMAND: GET /session/7410a71b14728fd3846eb83ce69f197f/screenshot - {}
RESULT: {"using":"xpath","value":"//table[contains(@id, \"customPartnersTable-listUl\")]/tbody/tr[1]/td[2]/div/div"}
COMMAND: POST /session/7410a71b14728fd3846eb83ce69f197f/element/f.86015CA9C3D3DEEAC7F6EBF17DD69AAD.d.474F4C677ACD3E7D61E21DEBD93DDD20.e.2547/click - {}
RESULT: {}
RESULT: {}
COMMAND: GET /session/7410a71b14728fd3846eb83ce69f197f/screenshot - {}
RESULT: {}
COMMAND: POST /session/7410a71b14728fd3846eb83ce69f197f/element - {"using":"xpath","value":"//bdi[contains(text(), \"Activate\")]"}
RESULT: {"using":"xpath","value":"//bdi[contains(text(), \"Activate\")]"}
COMMAND: POST /session/7410a71b14728fd3846eb83ce69f197f/element/f.86015CA9C3D3DEEAC7F6EBF17DD69AAD.d.474F4C677ACD3E7D61E21DEBD93DDD20.e.2557/click - {}
RESULT: {}
COMMAND: GET /session/7410a71b14728fd3846eb83ce69f197f/screenshot - {}
RESULT: {}
COMMAND: POST /session/7410a71b14728fd3846eb83ce69f197f/element - {"using":"xpath","value":"//bdi[contains(text(), \"Yes\")]"}
RESULT: {"using":"xpath","value":"//bdi[contains(text(), \"Yes\")]"}
COMMAND: POST /session/7410a71b14728fd3846eb83ce69f197f/element/f.86015CA9C3D3DEEAC7F6EBF17DD69AAD.d.474F4C677ACD3E7D61E21DEBD93DDD20.e.2560/click - {}
RESULT: {}
COMMAND: GET /session/7410a71b14728fd3846eb83ce69f197f/screenshot - {}
RESULT: {}
COMMAND: POST /session/7410a71b14728fd3846eb83ce69f197f/element - {"using":"xpath","value":"//table[contains(@id, \"customPartnersTable-listUl\")]/tbody/tr[1]/td[7]/div/span"}
RESULT: {"using":"xpath","value":"//table[contains(@id, \"customPartnersTable-listUl\")]/tbody/tr[1]/td[7]/div/span"}
COMMAND: POST /session/7410a71b14728fd3846eb83ce69f197f/execute/sync - {"script":"<script> [56 bytes]","args":[{"element-6066-11e4-a52e-4f735466cecf":"f.86015CA9C3D3DEEAC7F6EBF17DD69AAD.d.474F4C677ACD3E7D61E21DEBD93DDD20.e.2556","ELEMENT":"f.86015CA9C3D3DEEAC7F6EBF17DD69AAD.d.474F4C677ACD3E7D61E21DEBD93DDD20.e.2556"}]}
RESULT: {"script":"<script> [56 bytes]","args":[{"element-6066-11e4-a52e-4f735466cecf":"f.86015CA9C3D3DEEAC7F6EBF17DD69AAD.d.474F4C677ACD3E7D61E21DEBD93DDD20.e.2556","ELEMENT":"f.86015CA9C3D3DEEAC7F6EBF17DD69AAD.d.474F4C677ACD3E7D61E21DEBD93DDD20.e.2556"}]}
COMMAND: GET /session/7410a71b14728fd3846eb83ce69f197f/screenshot - {}
RESULT: {}
COMMAND: POST /session/7410a71b14728fd3846eb83ce69f197f/element - {"using":"css selector","value":"#shell-header-logo"}
RESULT: {"using":"css selector","value":"#shell-header-logo"}
COMMAND: POST /session/7410a71b14728fd3846eb83ce69f197f/element/f.86015CA9C3D3DEEAC7F6EBF17DD69AAD.d.474F4C677ACD3E7D61E21DEBD93DDD20.e.2373/click - {}
RESULT: {}
COMMAND: GET /session/7410a71b14728fd3846eb83ce69f197f/screenshot - {}
RESULT: {}
]]></system-out>
    </testcase>
    <testcase classname="chrome.136_0_7103_93.windows.Partner_specific_tests_US150819_US151080_US151654_US151176_US103444_US151078_US151079_US151109_US151174_US151175_US151189" name="Should edit the created external partner and save it and check its content US103444" time="71.16">
      <system-out><![CDATA[
COMMAND: POST /session/7410a71b14728fd3846eb83ce69f197f/element - {"using":"xpath","value":"//li[.//span[text()=\"Manage Partners\"]]"}
RESULT: {"using":"xpath","value":"//li[.//span[text()=\"Manage Partners\"]]"}
COMMAND: POST /session/7410a71b14728fd3846eb83ce69f197f/element - {"using":"xpath","value":"//li[.//span[text()=\"Manage Partners\"]]"}
RESULT: {"using":"xpath","value":"//li[.//span[text()=\"Manage Partners\"]]"}
COMMAND: POST /session/7410a71b14728fd3846eb83ce69f197f/element - {"using":"css selector","value":"#shell-header-logo"}
RESULT: {"using":"css selector","value":"#shell-header-logo"}
COMMAND: POST /session/7410a71b14728fd3846eb83ce69f197f/element/f.86015CA9C3D3DEEAC7F6EBF17DD69AAD.d.474F4C677ACD3E7D61E21DEBD93DDD20.e.2563/click - {}
COMMAND: POST /session/7410a71b14728fd3846eb83ce69f197f/execute/sync - {"script":"<script> [8489 bytes]","args":[{"element-6066-11e4-a52e-4f735466cecf":"f.86015CA9C3D3DEEAC7F6EBF17DD69AAD.d.474F4C677ACD3E7D61E21DEBD93DDD20.e.2563","ELEMENT":"f.86015CA9C3D3DEEAC7F6EBF17DD69AAD.d.474F4C677ACD3E7D61E21DEBD93DDD20.e.2563"}]}
RESULT: {}
COMMAND: GET /session/7410a71b14728fd3846eb83ce69f197f/screenshot - {}
RESULT: {"script":"<script> [8489 bytes]","args":[{"element-6066-11e4-a52e-4f735466cecf":"f.86015CA9C3D3DEEAC7F6EBF17DD69AAD.d.474F4C677ACD3E7D61E21DEBD93DDD20.e.2563","ELEMENT":"f.86015CA9C3D3DEEAC7F6EBF17DD69AAD.d.474F4C677ACD3E7D61E21DEBD93DDD20.e.2563"}]}
COMMAND: POST /session/7410a71b14728fd3846eb83ce69f197f/execute/sync - {"script":"<script> [5351 bytes]","args":[{"element-6066-11e4-a52e-4f735466cecf":"f.86015CA9C3D3DEEAC7F6EBF17DD69AAD.d.474F4C677ACD3E7D61E21DEBD93DDD20.e.2563","ELEMENT":"f.86015CA9C3D3DEEAC7F6EBF17DD69AAD.d.474F4C677ACD3E7D61E21DEBD93DDD20.e.2563"}]}
COMMAND: GET /session/7410a71b14728fd3846eb83ce69f197f/screenshot - {}
RESULT: {}
RESULT: {"script":"<script> [5351 bytes]","args":[{"element-6066-11e4-a52e-4f735466cecf":"f.86015CA9C3D3DEEAC7F6EBF17DD69AAD.d.474F4C677ACD3E7D61E21DEBD93DDD20.e.2563","ELEMENT":"f.86015CA9C3D3DEEAC7F6EBF17DD69AAD.d.474F4C677ACD3E7D61E21DEBD93DDD20.e.2563"}]}
COMMAND: GET /session/7410a71b14728fd3846eb83ce69f197f/screenshot - {}
RESULT: {}
RESULT: {}
RESULT: undefined
COMMAND: POST /session/7410a71b14728fd3846eb83ce69f197f/element - {"using":"xpath","value":"//*[@id=\"__tile38\"]"}
RESULT: {"using":"xpath","value":"//*[@id=\"__tile38\"]"}
COMMAND: POST /session/7410a71b14728fd3846eb83ce69f197f/element/f.86015CA9C3D3DEEAC7F6EBF17DD69AAD.d.474F4C677ACD3E7D61E21DEBD93DDD20.e.166/click - {}
RESULT: {}
COMMAND: GET /session/7410a71b14728fd3846eb83ce69f197f/screenshot - {}
RESULT: {}
COMMAND: POST /session/7410a71b14728fd3846eb83ce69f197f/elements - {"using":"xpath","value":"//span[text()='Error']"}
RESULT: {"using":"xpath","value":"//span[text()='Error']"}
COMMAND: POST /session/7410a71b14728fd3846eb83ce69f197f/element - {"using":"xpath","value":"//button[@data-kt=\"addButton\"]"}
RESULT: {"using":"xpath","value":"//button[@data-kt=\"addButton\"]"}
COMMAND: POST /session/7410a71b14728fd3846eb83ce69f197f/elements - {"using":"xpath","value":"//button[@data-kt=\"addButton\"]"}
RESULT: {"using":"xpath","value":"//button[@data-kt=\"addButton\"]"}
COMMAND: POST /session/7410a71b14728fd3846eb83ce69f197f/execute/sync - {"script":"<script> [8489 bytes]","args":[{"element-6066-11e4-a52e-4f735466cecf":"f.86015CA9C3D3DEEAC7F6EBF17DD69AAD.d.474F4C677ACD3E7D61E21DEBD93DDD20.e.2608","ELEMENT":"f.86015CA9C3D3DEEAC7F6EBF17DD69AAD.d.474F4C677ACD3E7D61E21DEBD93DDD20.e.2608"}]}
RESULT: {"script":"<script> [8489 bytes]","args":[{"element-6066-11e4-a52e-4f735466cecf":"f.86015CA9C3D3DEEAC7F6EBF17DD69AAD.d.474F4C677ACD3E7D61E21DEBD93DDD20.e.2608","ELEMENT":"f.86015CA9C3D3DEEAC7F6EBF17DD69AAD.d.474F4C677ACD3E7D61E21DEBD93DDD20.e.2608"}]}
COMMAND: GET /session/7410a71b14728fd3846eb83ce69f197f/element/f.86015CA9C3D3DEEAC7F6EBF17DD69AAD.d.474F4C677ACD3E7D61E21DEBD93DDD20.e.2608/enabled - {}
COMMAND: GET /session/7410a71b14728fd3846eb83ce69f197f/screenshot - {}
RESULT: {}
COMMAND: POST /session/7410a71b14728fd3846eb83ce69f197f/execute/sync - {"script":"<script> [8489 bytes]","args":[{"element-6066-11e4-a52e-4f735466cecf":"f.86015CA9C3D3DEEAC7F6EBF17DD69AAD.d.474F4C677ACD3E7D61E21DEBD93DDD20.e.2608","ELEMENT":"f.86015CA9C3D3DEEAC7F6EBF17DD69AAD.d.474F4C677ACD3E7D61E21DEBD93DDD20.e.2608"}]}
COMMAND: GET /session/7410a71b14728fd3846eb83ce69f197f/screenshot - {}
RESULT: {}
RESULT: {"script":"<script> [8489 bytes]","args":[{"element-6066-11e4-a52e-4f735466cecf":"f.86015CA9C3D3DEEAC7F6EBF17DD69AAD.d.474F4C677ACD3E7D61E21DEBD93DDD20.e.2608","ELEMENT":"f.86015CA9C3D3DEEAC7F6EBF17DD69AAD.d.474F4C677ACD3E7D61E21DEBD93DDD20.e.2608"}]}
COMMAND: POST /session/7410a71b14728fd3846eb83ce69f197f/execute/sync - {"script":"<script> [5351 bytes]","args":[{"element-6066-11e4-a52e-4f735466cecf":"f.86015CA9C3D3DEEAC7F6EBF17DD69AAD.d.474F4C677ACD3E7D61E21DEBD93DDD20.e.2608","ELEMENT":"f.86015CA9C3D3DEEAC7F6EBF17DD69AAD.d.474F4C677ACD3E7D61E21DEBD93DDD20.e.2608"}]}
COMMAND: GET /session/7410a71b14728fd3846eb83ce69f197f/screenshot - {}
RESULT: {}
RESULT: {"script":"<script> [5351 bytes]","args":[{"element-6066-11e4-a52e-4f735466cecf":"f.86015CA9C3D3DEEAC7F6EBF17DD69AAD.d.474F4C677ACD3E7D61E21DEBD93DDD20.e.2608","ELEMENT":"f.86015CA9C3D3DEEAC7F6EBF17DD69AAD.d.474F4C677ACD3E7D61E21DEBD93DDD20.e.2608"}]}
COMMAND: GET /session/7410a71b14728fd3846eb83ce69f197f/screenshot - {}
RESULT: {}
RESULT: {}
RESULT: undefined
COMMAND: POST /session/7410a71b14728fd3846eb83ce69f197f/execute/async - {"script":"<script> [776 bytes]","args":[{"enterText":"1105","selector":{"id":"application-managepartners-display-component---masterPtm--smartFilterBar-btnBasicSearch","interaction":{"idSuffix":"I"}},"clearTextFirst":true,"interactionType":"ENTER_TEXT"}]}
RESULT: {"script":"<script> [776 bytes]","args":[{"enterText":"1105","selector":{"id":"application-managepartners-display-component---masterPtm--smartFilterBar-btnBasicSearch","interaction":{"idSuffix":"I"}},"clearTextFirst":true,"interactionType":"ENTER_TEXT"}]}
COMMAND: POST /session/7410a71b14728fd3846eb83ce69f197f/actions - {"actions":[{"id":"action6","type":"key","parameters":{},"actions":[{"type":"keyDown","value":""},{"type":"pause","duration":10},{"type":"keyUp","value":""}]}]}
RESULT: {"actions":[{"id":"action6","type":"key","parameters":{},"actions":[{"type":"keyDown","value":""},{"type":"pause","duration":10},{"type":"keyUp","value":""}]}]}
COMMAND: GET /session/7410a71b14728fd3846eb83ce69f197f/screenshot - {}
RESULT: {}
COMMAND: POST /session/7410a71b14728fd3846eb83ce69f197f/elements - {"using":"xpath","value":"//table[contains(@id, \"customPartnersTable-listUl\")]/tbody/tr"}
RESULT: {"using":"xpath","value":"//table[contains(@id, \"customPartnersTable-listUl\")]/tbody/tr"}
COMMAND: POST /session/7410a71b14728fd3846eb83ce69f197f/element - {"using":"xpath","value":"//table[contains(@id, \"customPartnersTable-listUl\")]/tbody/tr[1]/td[3]/span"}
RESULT: {"using":"xpath","value":"//table[contains(@id, \"customPartnersTable-listUl\")]/tbody/tr[1]/td[3]/span"}
COMMAND: POST /session/7410a71b14728fd3846eb83ce69f197f/elements - {"using":"xpath","value":"//table[contains(@id, \"customPartnersTable-listUl\")]/tbody/tr[1]/td[3]/span"}
RESULT: {"using":"xpath","value":"//table[contains(@id, \"customPartnersTable-listUl\")]/tbody/tr[1]/td[3]/span"}
COMMAND: POST /session/7410a71b14728fd3846eb83ce69f197f/execute/sync - {"script":"<script> [56 bytes]","args":[{"element-6066-11e4-a52e-4f735466cecf":"f.86015CA9C3D3DEEAC7F6EBF17DD69AAD.d.474F4C677ACD3E7D61E21DEBD93DDD20.e.2743","ELEMENT":"f.86015CA9C3D3DEEAC7F6EBF17DD69AAD.d.474F4C677ACD3E7D61E21DEBD93DDD20.e.2743"}]}
RESULT: {"script":"<script> [56 bytes]","args":[{"element-6066-11e4-a52e-4f735466cecf":"f.86015CA9C3D3DEEAC7F6EBF17DD69AAD.d.474F4C677ACD3E7D61E21DEBD93DDD20.e.2743","ELEMENT":"f.86015CA9C3D3DEEAC7F6EBF17DD69AAD.d.474F4C677ACD3E7D61E21DEBD93DDD20.e.2743"}]}
COMMAND: POST /session/7410a71b14728fd3846eb83ce69f197f/element - {"using":"xpath","value":"(//span[contains(@id, \"imgNav\")])[1]"}
COMMAND: GET /session/7410a71b14728fd3846eb83ce69f197f/screenshot - {}
RESULT: {"using":"xpath","value":"(//span[contains(@id, \"imgNav\")])[1]"}
COMMAND: POST /session/7410a71b14728fd3846eb83ce69f197f/element/f.86015CA9C3D3DEEAC7F6EBF17DD69AAD.d.474F4C677ACD3E7D61E21DEBD93DDD20.e.2741/click - {}
RESULT: {}
RESULT: {}
COMMAND: GET /session/7410a71b14728fd3846eb83ce69f197f/screenshot - {}
RESULT: {}
COMMAND: POST /session/7410a71b14728fd3846eb83ce69f197f/element - {"using":"xpath","value":"//bdi[contains(text(), \"Edit\")]"}
RESULT: {"using":"xpath","value":"//bdi[contains(text(), \"Edit\")]"}
COMMAND: POST /session/7410a71b14728fd3846eb83ce69f197f/element/f.86015CA9C3D3DEEAC7F6EBF17DD69AAD.d.474F4C677ACD3E7D61E21DEBD93DDD20.e.2884/click - {}
RESULT: {}
COMMAND: GET /session/7410a71b14728fd3846eb83ce69f197f/screenshot - {}
RESULT: {}
COMMAND: POST /session/7410a71b14728fd3846eb83ce69f197f/execute/async - {"script":"<script> [1562 bytes]","args":[{"selector":{"controlType":"sap.m.Input","viewName":"etm.portal.ui.managepartners.view.EditDetail","labelFor":{"text":"Name"},"interaction":{"idSuffix":"inner"}},"wdio_ui5_key":"etmportal.ui.managepartners.view.EditDetailsap.m.Input{\"text\":\"Name\"}"}]}
RESULT: {"script":"<script> [1562 bytes]","args":[{"selector":{"controlType":"sap.m.Input","viewName":"etm.portal.ui.managepartners.view.EditDetail","labelFor":{"text":"Name"},"interaction":{"idSuffix":"inner"}},"wdio_ui5_key":"etmportal.ui.managepartners.view.EditDetailsap.m.Input{\"text\":\"Name\"}"}]}
RESULT: undefined
COMMAND: POST /session/7410a71b14728fd3846eb83ce69f197f/execute/async - {"script":"<script> [776 bytes]","args":[{"enterText":"External EDIT","selector":{"controlType":"sap.m.Input","viewName":"etm.portal.ui.managepartners.view.EditDetail","labelFor":{"text":"Name"},"interaction":{"idSuffix":"inner"}},"clearTextFirst":true,"interactionType":"ENTER_TEXT"}]}
RESULT: {"script":"<script> [776 bytes]","args":[{"enterText":"External EDIT","selector":{"controlType":"sap.m.Input","viewName":"etm.portal.ui.managepartners.view.EditDetail","labelFor":{"text":"Name"},"interaction":{"idSuffix":"inner"}},"clearTextFirst":true,"interactionType":"ENTER_TEXT"}]}
COMMAND: POST /session/7410a71b14728fd3846eb83ce69f197f/element - {"using":"xpath","value":"(//span[contains(@id,\"addressDetailDetailsLanguage-arrow\")])[1]"}
RESULT: {"using":"xpath","value":"(//span[contains(@id,\"addressDetailDetailsLanguage-arrow\")])[1]"}
COMMAND: POST /session/7410a71b14728fd3846eb83ce69f197f/element/f.86015CA9C3D3DEEAC7F6EBF17DD69AAD.d.474F4C677ACD3E7D61E21DEBD93DDD20.e.2963/click - {}
RESULT: {}
COMMAND: POST /session/7410a71b14728fd3846eb83ce69f197f/element - {"using":"xpath","value":"//span[contains(text(), \"Chinese\")]"}
COMMAND: GET /session/7410a71b14728fd3846eb83ce69f197f/screenshot - {}
RESULT: {"using":"xpath","value":"//span[contains(text(), \"Chinese\")]"}
COMMAND: POST /session/7410a71b14728fd3846eb83ce69f197f/element/f.86015CA9C3D3DEEAC7F6EBF17DD69AAD.d.474F4C677ACD3E7D61E21DEBD93DDD20.e.2964/click - {}
RESULT: {}
RESULT: {}
COMMAND: GET /session/7410a71b14728fd3846eb83ce69f197f/screenshot - {}
RESULT: {}
COMMAND: POST /session/7410a71b14728fd3846eb83ce69f197f/execute/async - {"script":"<script> [1562 bytes]","args":[{"selector":{"controlType":"sap.m.Input","viewName":"etm.portal.ui.managepartners.view.EditDetail","labelFor":{"text":"City"},"interaction":{"idSuffix":"inner"}},"wdio_ui5_key":"etmportal.ui.managepartners.view.EditDetailsap.m.Input{\"text\":\"City\"}"}]}
RESULT: {"script":"<script> [1562 bytes]","args":[{"selector":{"controlType":"sap.m.Input","viewName":"etm.portal.ui.managepartners.view.EditDetail","labelFor":{"text":"City"},"interaction":{"idSuffix":"inner"}},"wdio_ui5_key":"etmportal.ui.managepartners.view.EditDetailsap.m.Input{\"text\":\"City\"}"}]}
RESULT: undefined
COMMAND: POST /session/7410a71b14728fd3846eb83ce69f197f/execute/async - {"script":"<script> [776 bytes]","args":[{"enterText":"Clooj-Napoca","selector":{"controlType":"sap.m.Input","viewName":"etm.portal.ui.managepartners.view.EditDetail","labelFor":{"text":"City"},"interaction":{"idSuffix":"inner"}},"clearTextFirst":true,"interactionType":"ENTER_TEXT"}]}
RESULT: {"script":"<script> [776 bytes]","args":[{"enterText":"Clooj-Napoca","selector":{"controlType":"sap.m.Input","viewName":"etm.portal.ui.managepartners.view.EditDetail","labelFor":{"text":"City"},"interaction":{"idSuffix":"inner"}},"clearTextFirst":true,"interactionType":"ENTER_TEXT"}]}
COMMAND: POST /session/7410a71b14728fd3846eb83ce69f197f/element - {"using":"xpath","value":"//button[@data-kt=\"saveButton\"]"}
RESULT: {"using":"xpath","value":"//button[@data-kt=\"saveButton\"]"}
COMMAND: POST /session/7410a71b14728fd3846eb83ce69f197f/element/f.86015CA9C3D3DEEAC7F6EBF17DD69AAD.d.474F4C677ACD3E7D61E21DEBD93DDD20.e.2946/click - {}
RESULT: {}
COMMAND: GET /session/7410a71b14728fd3846eb83ce69f197f/screenshot - {}
RESULT: {}
COMMAND: POST /session/7410a71b14728fd3846eb83ce69f197f/execute/async - {"script":"<script> [1562 bytes]","args":[{"selector":{"id":"application-managepartners-display-component---detailPtm--addressDetailDetailsName1"},"wdio_ui5_key":"applicationmanagepartners-display-component---detailPtm--addressDetailDetailsName1"}]}
RESULT: {"script":"<script> [1562 bytes]","args":[{"selector":{"id":"application-managepartners-display-component---detailPtm--addressDetailDetailsName1"},"wdio_ui5_key":"applicationmanagepartners-display-component---detailPtm--addressDetailDetailsName1"}]}
RESULT: undefined
COMMAND: POST /session/7410a71b14728fd3846eb83ce69f197f/execute/async - {"script":"<script> [6424 bytes]","args":[{"element-6066-11e4-a52e-4f735466cecf":"f.86015CA9C3D3DEEAC7F6EBF17DD69AAD.d.474F4C677ACD3E7D61E21DEBD93DDD20.e.2995"},"getValue",[]]}
RESULT: {"script":"<script> [6424 bytes]","args":[{"element-6066-11e4-a52e-4f735466cecf":"f.86015CA9C3D3DEEAC7F6EBF17DD69AAD.d.474F4C677ACD3E7D61E21DEBD93DDD20.e.2995"},"getValue",[]]}
COMMAND: POST /session/7410a71b14728fd3846eb83ce69f197f/element - {"using":"xpath","value":"//input[@id = \"application-managepartners-display-component---detailPtm--addressDetailDetailsLanguage-inner\"]"}
RESULT: {"using":"xpath","value":"//input[@id = \"application-managepartners-display-component---detailPtm--addressDetailDetailsLanguage-inner\"]"}
COMMAND: GET /session/7410a71b14728fd3846eb83ce69f197f/element/f.86015CA9C3D3DEEAC7F6EBF17DD69AAD.d.474F4C677ACD3E7D61E21DEBD93DDD20.e.2996/property/value - {}
RESULT: {}
COMMAND: POST /session/7410a71b14728fd3846eb83ce69f197f/execute/async - {"script":"<script> [1562 bytes]","args":[{"selector":{"id":"application-managepartners-display-component---detailPtm--addressDetailDetailsCity1"},"wdio_ui5_key":"applicationmanagepartners-display-component---detailPtm--addressDetailDetailsCity1"}]}
COMMAND: GET /session/7410a71b14728fd3846eb83ce69f197f/screenshot - {}
RESULT: {"script":"<script> [1562 bytes]","args":[{"selector":{"id":"application-managepartners-display-component---detailPtm--addressDetailDetailsCity1"},"wdio_ui5_key":"applicationmanagepartners-display-component---detailPtm--addressDetailDetailsCity1"}]}
RESULT: undefined
COMMAND: POST /session/7410a71b14728fd3846eb83ce69f197f/execute/async - {"script":"<script> [6424 bytes]","args":[{"element-6066-11e4-a52e-4f735466cecf":"f.86015CA9C3D3DEEAC7F6EBF17DD69AAD.d.474F4C677ACD3E7D61E21DEBD93DDD20.e.2997"},"getValue",[]]}
RESULT: {}
RESULT: {"script":"<script> [6424 bytes]","args":[{"element-6066-11e4-a52e-4f735466cecf":"f.86015CA9C3D3DEEAC7F6EBF17DD69AAD.d.474F4C677ACD3E7D61E21DEBD93DDD20.e.2997"},"getValue",[]]}
COMMAND: POST /session/7410a71b14728fd3846eb83ce69f197f/element - {"using":"css selector","value":"#shell-header-logo"}
RESULT: {"using":"css selector","value":"#shell-header-logo"}
COMMAND: POST /session/7410a71b14728fd3846eb83ce69f197f/element/f.86015CA9C3D3DEEAC7F6EBF17DD69AAD.d.474F4C677ACD3E7D61E21DEBD93DDD20.e.2563/click - {}
RESULT: {}
COMMAND: GET /session/7410a71b14728fd3846eb83ce69f197f/screenshot - {}
RESULT: {}
]]></system-out>
    </testcase>
    <testcase classname="chrome.136_0_7103_93.windows.Partner_specific_tests_US150819_US151080_US151654_US151176_US103444_US151078_US151079_US151109_US151174_US151175_US151189" name="Should create a new intercompany partner edit some of its fields US151078" time="266.656">
      <system-out><![CDATA[
COMMAND: POST /session/7410a71b14728fd3846eb83ce69f197f/element - {"using":"xpath","value":"//li[.//span[text()=\"Manage Partners\"]]"}
RESULT: {"using":"xpath","value":"//li[.//span[text()=\"Manage Partners\"]]"}
COMMAND: POST /session/7410a71b14728fd3846eb83ce69f197f/element - {"using":"xpath","value":"//li[.//span[text()=\"Manage Partners\"]]"}
RESULT: {"using":"xpath","value":"//li[.//span[text()=\"Manage Partners\"]]"}
COMMAND: POST /session/7410a71b14728fd3846eb83ce69f197f/element - {"using":"css selector","value":"#shell-header-logo"}
RESULT: {"using":"css selector","value":"#shell-header-logo"}
COMMAND: POST /session/7410a71b14728fd3846eb83ce69f197f/element/f.86015CA9C3D3DEEAC7F6EBF17DD69AAD.d.474F4C677ACD3E7D61E21DEBD93DDD20.e.3027/click - {}
COMMAND: POST /session/7410a71b14728fd3846eb83ce69f197f/execute/sync - {"script":"<script> [8489 bytes]","args":[{"element-6066-11e4-a52e-4f735466cecf":"f.86015CA9C3D3DEEAC7F6EBF17DD69AAD.d.474F4C677ACD3E7D61E21DEBD93DDD20.e.3027","ELEMENT":"f.86015CA9C3D3DEEAC7F6EBF17DD69AAD.d.474F4C677ACD3E7D61E21DEBD93DDD20.e.3027"}]}
RESULT: {}
COMMAND: GET /session/7410a71b14728fd3846eb83ce69f197f/screenshot - {}
RESULT: {"script":"<script> [8489 bytes]","args":[{"element-6066-11e4-a52e-4f735466cecf":"f.86015CA9C3D3DEEAC7F6EBF17DD69AAD.d.474F4C677ACD3E7D61E21DEBD93DDD20.e.3027","ELEMENT":"f.86015CA9C3D3DEEAC7F6EBF17DD69AAD.d.474F4C677ACD3E7D61E21DEBD93DDD20.e.3027"}]}
COMMAND: POST /session/7410a71b14728fd3846eb83ce69f197f/execute/sync - {"script":"<script> [5351 bytes]","args":[{"element-6066-11e4-a52e-4f735466cecf":"f.86015CA9C3D3DEEAC7F6EBF17DD69AAD.d.474F4C677ACD3E7D61E21DEBD93DDD20.e.3027","ELEMENT":"f.86015CA9C3D3DEEAC7F6EBF17DD69AAD.d.474F4C677ACD3E7D61E21DEBD93DDD20.e.3027"}]}
COMMAND: GET /session/7410a71b14728fd3846eb83ce69f197f/screenshot - {}
RESULT: {}
RESULT: {"script":"<script> [5351 bytes]","args":[{"element-6066-11e4-a52e-4f735466cecf":"f.86015CA9C3D3DEEAC7F6EBF17DD69AAD.d.474F4C677ACD3E7D61E21DEBD93DDD20.e.3027","ELEMENT":"f.86015CA9C3D3DEEAC7F6EBF17DD69AAD.d.474F4C677ACD3E7D61E21DEBD93DDD20.e.3027"}]}
COMMAND: GET /session/7410a71b14728fd3846eb83ce69f197f/screenshot - {}
RESULT: {}
RESULT: {}
COMMAND: POST /session/7410a71b14728fd3846eb83ce69f197f/refresh - {}
RESULT: {}
COMMAND: GET /session/7410a71b14728fd3846eb83ce69f197f/screenshot - {}
RESULT: {}
COMMAND: POST /session/7410a71b14728fd3846eb83ce69f197f/refresh - {}
RESULT: {}
COMMAND: GET /session/7410a71b14728fd3846eb83ce69f197f/screenshot - {}
RESULT: {}
COMMAND: POST /session/7410a71b14728fd3846eb83ce69f197f/window/fullscreen - {}
RESULT: {}
COMMAND: POST /session/7410a71b14728fd3846eb83ce69f197f/execute/async - {"script":"<script> [189 bytes]","args":[]}
RESULT: {"script":"<script> [189 bytes]","args":[]}
COMMAND: POST /session/7410a71b14728fd3846eb83ce69f197f/execute/async - {"script":"<script> [123 bytes]","args":[]}
RESULT: {"script":"<script> [123 bytes]","args":[]}
COMMAND: POST /session/7410a71b14728fd3846eb83ce69f197f/timeouts - {"script":"<number>"}
RESULT: {"script":"<number>"}
COMMAND: GET /session/7410a71b14728fd3846eb83ce69f197f/timeouts - {}
RESULT: {}
RESULT: undefined
COMMAND: POST /session/7410a71b14728fd3846eb83ce69f197f/execute/async - {"script":"<script> [2676 bytes]","args":[]}
RESULT: {"script":"<script> [2676 bytes]","args":[]}
COMMAND: POST /session/7410a71b14728fd3846eb83ce69f197f/execute/async - {"script":"<script> [2342 bytes]","args":[{"protocol":"http","hostname":"0.0.0.0","path":"/","capabilities":{"browserName":"chrome","goog:chromeOptions":{"binary":"C:\\Program Files\\Google\\Chrome\\Application\\chrome.exe","args":["--start-maximized"]}},"logLevel":"warn","connectionRetryTimeout":120000,"connectionRetryCount":3,"logLevels":{},"enableDirectConnect":true,"strictSSL":true,"_":"65 more keys: [\"cacheDir\",\"port\",\"requestedCapabilities\",\"automationProtocol\",\"baseUrl\",\"waitforInterval\",\"waitforTimeout\",\"onReload\",\"beforeCommand\",\"afterCommand\",\"rootDir\",\"specs\",\"suites\",\"exclude\",\"groupLogsByTestSpec\",\"excludeDriverLogs\",\"bail\",\"framework\",\"reporters\",\"services\",\"maxInstances\",\"maxInstancesPerCapability\",\"injectGlobals\",\"filesToWatch\",\"execArgv\",\"runnerEnv\",\"runner\",\"shard\",\"specFileRetries\",\"specFileRetriesDelay\",\"specFileRetriesDeferred\",\"reporterSyncInterval\",\"reporterSyncTimeout\",\"cucumberFeaturesWithLineNumbers\",\"autoCompileOpts\",\"mochaOpts\",\"jasmineOpts\",\"cucumberOpts\",\"onPrepare\",\"onWorkerStart\",\"onWorkerEnd\",\"before\",\"beforeSession\",\"beforeSuite\",\"beforeHook\",\"beforeTest\",\"afterTest\",\"afterHook\",\"afterSuite\",\"afterSession\",\"after\",\"onComplete\",\"beforeAssertion\",\"afterAssertion\",\"beforeFeature\",\"beforeScenario\",\"beforeStep\",\"afterStep\",\"afterScenario\",\"afterFeature\",\"_\",\"suite\",\"$0\",\"ignoredWorkerServices\",\"wdi5\"]"}]}
RESULT: {"script":"<script> [2342 bytes]","args":[{"protocol":"http","hostname":"0.0.0.0","path":"/","capabilities":{"browserName":"chrome","goog:chromeOptions":{"binary":"C:\\Program Files\\Google\\Chrome\\Application\\chrome.exe","args":["--start-maximized"]}},"logLevel":"warn","connectionRetryTimeout":120000,"connectionRetryCount":3,"logLevels":{},"enableDirectConnect":true,"strictSSL":true,"_":"65 more keys: [\"cacheDir\",\"port\",\"requestedCapabilities\",\"automationProtocol\",\"baseUrl\",\"waitforInterval\",\"waitforTimeout\",\"onReload\",\"beforeCommand\",\"afterCommand\",\"rootDir\",\"specs\",\"suites\",\"exclude\",\"groupLogsByTestSpec\",\"excludeDriverLogs\",\"bail\",\"framework\",\"reporters\",\"services\",\"maxInstances\",\"maxInstancesPerCapability\",\"injectGlobals\",\"filesToWatch\",\"execArgv\",\"runnerEnv\",\"runner\",\"shard\",\"specFileRetries\",\"specFileRetriesDelay\",\"specFileRetriesDeferred\",\"reporterSyncInterval\",\"reporterSyncTimeout\",\"cucumberFeaturesWithLineNumbers\",\"autoCompileOpts\",\"mochaOpts\",\"jasmineOpts\",\"cucumberOpts\",\"onPrepare\",\"onWorkerStart\",\"onWorkerEnd\",\"before\",\"beforeSession\",\"beforeSuite\",\"beforeHook\",\"beforeTest\",\"afterTest\",\"afterHook\",\"afterSuite\",\"afterSession\",\"after\",\"onComplete\",\"beforeAssertion\",\"afterAssertion\",\"beforeFeature\",\"beforeScenario\",\"beforeStep\",\"afterStep\",\"afterScenario\",\"afterFeature\",\"_\",\"suite\",\"$0\",\"ignoredWorkerServices\",\"wdi5\"]"}]}
COMMAND: POST /session/7410a71b14728fd3846eb83ce69f197f/execute/async - {"script":"<script> [21126 bytes]","args":[35000]}
RESULT: {"script":"<script> [21126 bytes]","args":[35000]}
COMMAND: POST /session/7410a71b14728fd3846eb83ce69f197f/window/fullscreen - {}
RESULT: {}
COMMAND: POST /session/7410a71b14728fd3846eb83ce69f197f/window/fullscreen - {}
RESULT: {}
COMMAND: POST /session/7410a71b14728fd3846eb83ce69f197f/execute/async - {"script":"<script> [1562 bytes]","args":[{"selector":{"controlType":"sap.m.GenericTile","properties":{"header":"Manage Partners"}},"wdio_ui5_key":"sapm.GenericTile{\"header\":\"Manage Partners\"}"}]}
RESULT: {"script":"<script> [1562 bytes]","args":[{"selector":{"controlType":"sap.m.GenericTile","properties":{"header":"Manage Partners"}},"wdio_ui5_key":"sapm.GenericTile{\"header\":\"Manage Partners\"}"}]}
RESULT: undefined
COMMAND: POST /session/7410a71b14728fd3846eb83ce69f197f/element - {"using":"xpath","value":"//*[@id=\"__tile30\"]"}
RESULT: {"using":"xpath","value":"//*[@id=\"__tile30\"]"}
COMMAND: POST /session/7410a71b14728fd3846eb83ce69f197f/element/f.86015CA9C3D3DEEAC7F6EBF17DD69AAD.d.79BEFF5C5D4FA703AC17071FBCE67438.e.3095/click - {}
RESULT: {}
COMMAND: GET /session/7410a71b14728fd3846eb83ce69f197f/screenshot - {}
RESULT: {}
COMMAND: POST /session/7410a71b14728fd3846eb83ce69f197f/elements - {"using":"xpath","value":"//span[text()='Error']"}
RESULT: {"using":"xpath","value":"//span[text()='Error']"}
COMMAND: POST /session/7410a71b14728fd3846eb83ce69f197f/element - {"using":"xpath","value":"//button[@data-kt=\"addButton\"]"}
RESULT: {"using":"xpath","value":"//button[@data-kt=\"addButton\"]"}
COMMAND: POST /session/7410a71b14728fd3846eb83ce69f197f/elements - {"using":"xpath","value":"//button[@data-kt=\"addButton\"]"}
RESULT: {"using":"xpath","value":"//button[@data-kt=\"addButton\"]"}
COMMAND: POST /session/7410a71b14728fd3846eb83ce69f197f/execute/sync - {"script":"<script> [8489 bytes]","args":[{"element-6066-11e4-a52e-4f735466cecf":"f.86015CA9C3D3DEEAC7F6EBF17DD69AAD.d.79BEFF5C5D4FA703AC17071FBCE67438.e.3221","ELEMENT":"f.86015CA9C3D3DEEAC7F6EBF17DD69AAD.d.79BEFF5C5D4FA703AC17071FBCE67438.e.3221"}]}
RESULT: {"script":"<script> [8489 bytes]","args":[{"element-6066-11e4-a52e-4f735466cecf":"f.86015CA9C3D3DEEAC7F6EBF17DD69AAD.d.79BEFF5C5D4FA703AC17071FBCE67438.e.3221","ELEMENT":"f.86015CA9C3D3DEEAC7F6EBF17DD69AAD.d.79BEFF5C5D4FA703AC17071FBCE67438.e.3221"}]}
COMMAND: GET /session/7410a71b14728fd3846eb83ce69f197f/element/f.86015CA9C3D3DEEAC7F6EBF17DD69AAD.d.79BEFF5C5D4FA703AC17071FBCE67438.e.3221/enabled - {}
COMMAND: GET /session/7410a71b14728fd3846eb83ce69f197f/screenshot - {}
RESULT: {}
COMMAND: POST /session/7410a71b14728fd3846eb83ce69f197f/execute/sync - {"script":"<script> [8489 bytes]","args":[{"element-6066-11e4-a52e-4f735466cecf":"f.86015CA9C3D3DEEAC7F6EBF17DD69AAD.d.79BEFF5C5D4FA703AC17071FBCE67438.e.3221","ELEMENT":"f.86015CA9C3D3DEEAC7F6EBF17DD69AAD.d.79BEFF5C5D4FA703AC17071FBCE67438.e.3221"}]}
COMMAND: GET /session/7410a71b14728fd3846eb83ce69f197f/screenshot - {}
RESULT: {}
RESULT: {"script":"<script> [8489 bytes]","args":[{"element-6066-11e4-a52e-4f735466cecf":"f.86015CA9C3D3DEEAC7F6EBF17DD69AAD.d.79BEFF5C5D4FA703AC17071FBCE67438.e.3221","ELEMENT":"f.86015CA9C3D3DEEAC7F6EBF17DD69AAD.d.79BEFF5C5D4FA703AC17071FBCE67438.e.3221"}]}
COMMAND: POST /session/7410a71b14728fd3846eb83ce69f197f/execute/sync - {"script":"<script> [5351 bytes]","args":[{"element-6066-11e4-a52e-4f735466cecf":"f.86015CA9C3D3DEEAC7F6EBF17DD69AAD.d.79BEFF5C5D4FA703AC17071FBCE67438.e.3221","ELEMENT":"f.86015CA9C3D3DEEAC7F6EBF17DD69AAD.d.79BEFF5C5D4FA703AC17071FBCE67438.e.3221"}]}
COMMAND: GET /session/7410a71b14728fd3846eb83ce69f197f/screenshot - {}
RESULT: {}
RESULT: {"script":"<script> [5351 bytes]","args":[{"element-6066-11e4-a52e-4f735466cecf":"f.86015CA9C3D3DEEAC7F6EBF17DD69AAD.d.79BEFF5C5D4FA703AC17071FBCE67438.e.3221","ELEMENT":"f.86015CA9C3D3DEEAC7F6EBF17DD69AAD.d.79BEFF5C5D4FA703AC17071FBCE67438.e.3221"}]}
COMMAND: POST /session/7410a71b14728fd3846eb83ce69f197f/element/f.86015CA9C3D3DEEAC7F6EBF17DD69AAD.d.79BEFF5C5D4FA703AC17071FBCE67438.e.3221/click - {}
COMMAND: GET /session/7410a71b14728fd3846eb83ce69f197f/screenshot - {}
RESULT: {}
RESULT: {}
COMMAND: GET /session/7410a71b14728fd3846eb83ce69f197f/screenshot - {}
COMMAND: POST /session/7410a71b14728fd3846eb83ce69f197f/execute/async - {"script":"<script> [1562 bytes]","args":[{"selector":{"id":"application-managepartners-display-component---NewPartner--addressDetailDetailsName1","interaction":{"idSuffix":"inner"}},"wdio_ui5_key":"applicationmanagepartners-display-component---NewPartner--addressDetailDetailsName1"}]}
RESULT: {}
RESULT: {}
RESULT: {"script":"<script> [1562 bytes]","args":[{"selector":{"id":"application-managepartners-display-component---NewPartner--addressDetailDetailsName1","interaction":{"idSuffix":"inner"}},"wdio_ui5_key":"applicationmanagepartners-display-component---NewPartner--addressDetailDetailsName1"}]}
RESULT: undefined
COMMAND: POST /session/7410a71b14728fd3846eb83ce69f197f/execute/async - {"script":"<script> [776 bytes]","args":[{"enterText":"Intercompany Partner WDIO","selector":{"id":"application-managepartners-display-component---NewPartner--addressDetailDetailsName1","interaction":{"idSuffix":"inner"}},"clearTextFirst":true,"interactionType":"ENTER_TEXT"}]}
RESULT: {"script":"<script> [776 bytes]","args":[{"enterText":"Intercompany Partner WDIO","selector":{"id":"application-managepartners-display-component---NewPartner--addressDetailDetailsName1","interaction":{"idSuffix":"inner"}},"clearTextFirst":true,"interactionType":"ENTER_TEXT"}]}
COMMAND: POST /session/7410a71b14728fd3846eb83ce69f197f/execute/async - {"script":"<script> [1562 bytes]","args":[{"selector":{"id":"application-managepartners-display-component---NewPartner--addressDetailDetailsLanguage-arrow"},"wdio_ui5_key":"applicationmanagepartners-display-component---NewPartner--addressDetailDetailsLanguage-arrow"}]}
RESULT: {"script":"<script> [1562 bytes]","args":[{"selector":{"id":"application-managepartners-display-component---NewPartner--addressDetailDetailsLanguage-arrow"},"wdio_ui5_key":"applicationmanagepartners-display-component---NewPartner--addressDetailDetailsLanguage-arrow"}]}
RESULT: undefined
COMMAND: POST /session/7410a71b14728fd3846eb83ce69f197f/element - {"using":"xpath","value":"//*[@id=\"application-managepartners-display-component---NewPartner--addressDetailDetailsLanguage-arrow\"]"}
RESULT: {"using":"xpath","value":"//*[@id=\"application-managepartners-display-component---NewPartner--addressDetailDetailsLanguage-arrow\"]"}
COMMAND: POST /session/7410a71b14728fd3846eb83ce69f197f/element/f.86015CA9C3D3DEEAC7F6EBF17DD69AAD.d.79BEFF5C5D4FA703AC17071FBCE67438.e.3664/click - {}
RESULT: {}
COMMAND: POST /session/7410a71b14728fd3846eb83ce69f197f/element - {"using":"xpath","value":"//span[contains(text(), \"English\")]"}
COMMAND: GET /session/7410a71b14728fd3846eb83ce69f197f/screenshot - {}
RESULT: {"using":"xpath","value":"//span[contains(text(), \"English\")]"}
COMMAND: POST /session/7410a71b14728fd3846eb83ce69f197f/element/f.86015CA9C3D3DEEAC7F6EBF17DD69AAD.d.79BEFF5C5D4FA703AC17071FBCE67438.e.3665/click - {}
RESULT: {}
RESULT: {}
COMMAND: GET /session/7410a71b14728fd3846eb83ce69f197f/screenshot - {}
RESULT: {}
COMMAND: POST /session/7410a71b14728fd3846eb83ce69f197f/execute/async - {"script":"<script> [1562 bytes]","args":[{"selector":{"id":"application-managepartners-display-component---NewPartner--addressDetailDetailsCity1","interaction":{"idSuffix":"inner"}},"wdio_ui5_key":"applicationmanagepartners-display-component---NewPartner--addressDetailDetailsCity1"}]}
RESULT: {"script":"<script> [1562 bytes]","args":[{"selector":{"id":"application-managepartners-display-component---NewPartner--addressDetailDetailsCity1","interaction":{"idSuffix":"inner"}},"wdio_ui5_key":"applicationmanagepartners-display-component---NewPartner--addressDetailDetailsCity1"}]}
RESULT: undefined
COMMAND: POST /session/7410a71b14728fd3846eb83ce69f197f/execute/async - {"script":"<script> [776 bytes]","args":[{"enterText":"Rosario","selector":{"id":"application-managepartners-display-component---NewPartner--addressDetailDetailsCity1","interaction":{"idSuffix":"inner"}},"clearTextFirst":true,"interactionType":"ENTER_TEXT"}]}
RESULT: {"script":"<script> [776 bytes]","args":[{"enterText":"Rosario","selector":{"id":"application-managepartners-display-component---NewPartner--addressDetailDetailsCity1","interaction":{"idSuffix":"inner"}},"clearTextFirst":true,"interactionType":"ENTER_TEXT"}]}
COMMAND: POST /session/7410a71b14728fd3846eb83ce69f197f/execute/async - {"script":"<script> [1562 bytes]","args":[{"selector":{"id":"application-managepartners-display-component---NewPartner--addressDetailDetailsCountry-arrow"},"wdio_ui5_key":"applicationmanagepartners-display-component---NewPartner--addressDetailDetailsCountry-arrow"}]}
RESULT: {"script":"<script> [1562 bytes]","args":[{"selector":{"id":"application-managepartners-display-component---NewPartner--addressDetailDetailsCountry-arrow"},"wdio_ui5_key":"applicationmanagepartners-display-component---NewPartner--addressDetailDetailsCountry-arrow"}]}
RESULT: undefined
COMMAND: POST /session/7410a71b14728fd3846eb83ce69f197f/element - {"using":"xpath","value":"//*[@id=\"application-managepartners-display-component---NewPartner--addressDetailDetailsCountry-arrow\"]"}
RESULT: {"using":"xpath","value":"//*[@id=\"application-managepartners-display-component---NewPartner--addressDetailDetailsCountry-arrow\"]"}
COMMAND: POST /session/7410a71b14728fd3846eb83ce69f197f/element/f.86015CA9C3D3DEEAC7F6EBF17DD69AAD.d.79BEFF5C5D4FA703AC17071FBCE67438.e.3628/click - {}
RESULT: {}
COMMAND: POST /session/7410a71b14728fd3846eb83ce69f197f/element - {"using":"xpath","value":"//span[contains(text(), \"Argentina\")]"}
COMMAND: GET /session/7410a71b14728fd3846eb83ce69f197f/screenshot - {}
RESULT: {"using":"xpath","value":"//span[contains(text(), \"Argentina\")]"}
COMMAND: POST /session/7410a71b14728fd3846eb83ce69f197f/element/f.86015CA9C3D3DEEAC7F6EBF17DD69AAD.d.79BEFF5C5D4FA703AC17071FBCE67438.e.3667/click - {}
RESULT: {}
RESULT: {}
COMMAND: GET /session/7410a71b14728fd3846eb83ce69f197f/screenshot - {}
RESULT: {}
COMMAND: POST /session/7410a71b14728fd3846eb83ce69f197f/element - {"using":"xpath","value":"//bdi[contains(text(), \"Commercial\")]"}
RESULT: {"using":"xpath","value":"//bdi[contains(text(), \"Commercial\")]"}
COMMAND: POST /session/7410a71b14728fd3846eb83ce69f197f/element/f.86015CA9C3D3DEEAC7F6EBF17DD69AAD.d.79BEFF5C5D4FA703AC17071FBCE67438.e.3668/click - {}
RESULT: {}
COMMAND: GET /session/7410a71b14728fd3846eb83ce69f197f/screenshot - {}
RESULT: {}
COMMAND: POST /session/7410a71b14728fd3846eb83ce69f197f/execute/async - {"script":"<script> [1562 bytes]","args":[{"selector":{"id":"application-managepartners-display-component---NewPartner--partnerDetailInternal-arrow"},"wdio_ui5_key":"applicationmanagepartners-display-component---NewPartner--partnerDetailInternal-arrow"}]}
RESULT: {"script":"<script> [1562 bytes]","args":[{"selector":{"id":"application-managepartners-display-component---NewPartner--partnerDetailInternal-arrow"},"wdio_ui5_key":"applicationmanagepartners-display-component---NewPartner--partnerDetailInternal-arrow"}]}
RESULT: undefined
COMMAND: POST /session/7410a71b14728fd3846eb83ce69f197f/element - {"using":"xpath","value":"//*[@id=\"application-managepartners-display-component---NewPartner--partnerDetailInternal-arrow\"]"}
RESULT: {"using":"xpath","value":"//*[@id=\"application-managepartners-display-component---NewPartner--partnerDetailInternal-arrow\"]"}
COMMAND: POST /session/7410a71b14728fd3846eb83ce69f197f/element/f.86015CA9C3D3DEEAC7F6EBF17DD69AAD.d.79BEFF5C5D4FA703AC17071FBCE67438.e.3674/click - {}
RESULT: {}
COMMAND: POST /session/7410a71b14728fd3846eb83ce69f197f/element - {"using":"xpath","value":"//span[contains(text(), \"Affiliated company\")]"}
COMMAND: GET /session/7410a71b14728fd3846eb83ce69f197f/screenshot - {}
RESULT: {"using":"xpath","value":"//span[contains(text(), \"Affiliated company\")]"}
COMMAND: POST /session/7410a71b14728fd3846eb83ce69f197f/element/f.86015CA9C3D3DEEAC7F6EBF17DD69AAD.d.79BEFF5C5D4FA703AC17071FBCE67438.e.3675/click - {}
RESULT: {}
RESULT: {}
COMMAND: POST /session/7410a71b14728fd3846eb83ce69f197f/execute/async - {"script":"<script> [1562 bytes]","args":[{"selector":{"id":"application-managepartners-display-component---NewPartner--partnerDetailsCurrency-arrow"},"wdio_ui5_key":"applicationmanagepartners-display-component---NewPartner--partnerDetailsCurrency-arrow"}]}
COMMAND: GET /session/7410a71b14728fd3846eb83ce69f197f/screenshot - {}
RESULT: {"script":"<script> [1562 bytes]","args":[{"selector":{"id":"application-managepartners-display-component---NewPartner--partnerDetailsCurrency-arrow"},"wdio_ui5_key":"applicationmanagepartners-display-component---NewPartner--partnerDetailsCurrency-arrow"}]}
RESULT: undefined
COMMAND: POST /session/7410a71b14728fd3846eb83ce69f197f/element - {"using":"xpath","value":"//*[@id=\"application-managepartners-display-component---NewPartner--partnerDetailsCurrency-arrow\"]"}
RESULT: {}
RESULT: {"using":"xpath","value":"//*[@id=\"application-managepartners-display-component---NewPartner--partnerDetailsCurrency-arrow\"]"}
COMMAND: POST /session/7410a71b14728fd3846eb83ce69f197f/element/f.86015CA9C3D3DEEAC7F6EBF17DD69AAD.d.79BEFF5C5D4FA703AC17071FBCE67438.e.3682/click - {}
RESULT: {}
COMMAND: POST /session/7410a71b14728fd3846eb83ce69f197f/element - {"using":"xpath","value":"//span[contains(text(), \"Euro\")]"}
COMMAND: GET /session/7410a71b14728fd3846eb83ce69f197f/screenshot - {}
RESULT: {"using":"xpath","value":"//span[contains(text(), \"Euro\")]"}
COMMAND: POST /session/7410a71b14728fd3846eb83ce69f197f/element/f.86015CA9C3D3DEEAC7F6EBF17DD69AAD.d.79BEFF5C5D4FA703AC17071FBCE67438.e.3683/click - {}
RESULT: {}
RESULT: {}
COMMAND: POST /session/7410a71b14728fd3846eb83ce69f197f/execute/async - {"script":"<script> [1562 bytes]","args":[{"selector":{"id":"application-managepartners-display-component---NewPartner--addressEditDetailsCostObjectCstType-arrow"},"wdio_ui5_key":"applicationmanagepartners-display-component---NewPartner--addressEditDetailsCostObjectCstType-arrow"}]}
COMMAND: GET /session/7410a71b14728fd3846eb83ce69f197f/screenshot - {}
RESULT: {"script":"<script> [1562 bytes]","args":[{"selector":{"id":"application-managepartners-display-component---NewPartner--addressEditDetailsCostObjectCstType-arrow"},"wdio_ui5_key":"applicationmanagepartners-display-component---NewPartner--addressEditDetailsCostObjectCstType-arrow"}]}
RESULT: undefined
COMMAND: POST /session/7410a71b14728fd3846eb83ce69f197f/element - {"using":"xpath","value":"//*[@id=\"application-managepartners-display-component---NewPartner--addressEditDetailsCostObjectCstType-arrow\"]"}
RESULT: {}
RESULT: {"using":"xpath","value":"//*[@id=\"application-managepartners-display-component---NewPartner--addressEditDetailsCostObjectCstType-arrow\"]"}
COMMAND: POST /session/7410a71b14728fd3846eb83ce69f197f/element/f.86015CA9C3D3DEEAC7F6EBF17DD69AAD.d.79BEFF5C5D4FA703AC17071FBCE67438.e.3684/click - {}
RESULT: {}
COMMAND: POST /session/7410a71b14728fd3846eb83ce69f197f/element - {"using":"xpath","value":"//span[contains(text(), \"Cost Center\")]"}
COMMAND: GET /session/7410a71b14728fd3846eb83ce69f197f/screenshot - {}
RESULT: {"using":"xpath","value":"//span[contains(text(), \"Cost Center\")]"}
COMMAND: POST /session/7410a71b14728fd3846eb83ce69f197f/element/f.86015CA9C3D3DEEAC7F6EBF17DD69AAD.d.79BEFF5C5D4FA703AC17071FBCE67438.e.3685/click - {}
RESULT: {}
RESULT: {}
COMMAND: GET /session/7410a71b14728fd3846eb83ce69f197f/screenshot - {}
RESULT: {}
COMMAND: POST /session/7410a71b14728fd3846eb83ce69f197f/element - {"using":"xpath","value":"//span[@id=\"application-managepartners-display-component---NewPartner--addressNewCostObjectCstID-vhi\"]"}
RESULT: {"using":"xpath","value":"//span[@id=\"application-managepartners-display-component---NewPartner--addressNewCostObjectCstID-vhi\"]"}
COMMAND: POST /session/7410a71b14728fd3846eb83ce69f197f/execute/sync - {"script":"<script> [8489 bytes]","args":[{"element-6066-11e4-a52e-4f735466cecf":"f.86015CA9C3D3DEEAC7F6EBF17DD69AAD.d.79BEFF5C5D4FA703AC17071FBCE67438.e.3689","ELEMENT":"f.86015CA9C3D3DEEAC7F6EBF17DD69AAD.d.79BEFF5C5D4FA703AC17071FBCE67438.e.3689"}]}
RESULT: {"script":"<script> [8489 bytes]","args":[{"element-6066-11e4-a52e-4f735466cecf":"f.86015CA9C3D3DEEAC7F6EBF17DD69AAD.d.79BEFF5C5D4FA703AC17071FBCE67438.e.3689","ELEMENT":"f.86015CA9C3D3DEEAC7F6EBF17DD69AAD.d.79BEFF5C5D4FA703AC17071FBCE67438.e.3689"}]}
COMMAND: POST /session/7410a71b14728fd3846eb83ce69f197f/execute/async - {"script":"<script> [1562 bytes]","args":[{"selector":{"id":"application-managepartners-display-component---NewPartner--addressNewCostObjectCstID-vhi"},"wdio_ui5_key":"applicationmanagepartners-display-component---NewPartner--addressNewCostObjectCstID-vhi"}]}
COMMAND: GET /session/7410a71b14728fd3846eb83ce69f197f/screenshot - {}
RESULT: {"script":"<script> [1562 bytes]","args":[{"selector":{"id":"application-managepartners-display-component---NewPartner--addressNewCostObjectCstID-vhi"},"wdio_ui5_key":"applicationmanagepartners-display-component---NewPartner--addressNewCostObjectCstID-vhi"}]}
RESULT: undefined
COMMAND: POST /session/7410a71b14728fd3846eb83ce69f197f/element - {"using":"xpath","value":"//*[@id=\"application-managepartners-display-component---NewPartner--addressNewCostObjectCstID-vhi\"]"}
RESULT: {}
RESULT: {"using":"xpath","value":"//*[@id=\"application-managepartners-display-component---NewPartner--addressNewCostObjectCstID-vhi\"]"}
COMMAND: POST /session/7410a71b14728fd3846eb83ce69f197f/element/f.86015CA9C3D3DEEAC7F6EBF17DD69AAD.d.79BEFF5C5D4FA703AC17071FBCE67438.e.3689/click - {}
RESULT: {}
COMMAND: GET /session/7410a71b14728fd3846eb83ce69f197f/screenshot - {}
RESULT: {}
COMMAND: POST /session/7410a71b14728fd3846eb83ce69f197f/execute/async - {"script":"<script> [1562 bytes]","args":[{"selector":{"controlType":"sap.m.SearchField","properties":{"placeholder":"Search"},"searchOpenDialogs":true,"interaction":{"idSuffix":"I"}},"wdio_ui5_key":"sapm.SearchField{\"placeholder\":\"Search\"}"}]}
RESULT: {"script":"<script> [1562 bytes]","args":[{"selector":{"controlType":"sap.m.SearchField","properties":{"placeholder":"Search"},"searchOpenDialogs":true,"interaction":{"idSuffix":"I"}},"wdio_ui5_key":"sapm.SearchField{\"placeholder\":\"Search\"}"}]}
RESULT: undefined
COMMAND: POST /session/7410a71b14728fd3846eb83ce69f197f/execute/async - {"script":"<script> [776 bytes]","args":[{"enterText":"10001013","selector":{"controlType":"sap.m.SearchField","properties":{"placeholder":"Search"},"searchOpenDialogs":true,"interaction":{"idSuffix":"I"}},"clearTextFirst":true,"interactionType":"ENTER_TEXT"}]}
RESULT: {"script":"<script> [776 bytes]","args":[{"enterText":"10001013","selector":{"controlType":"sap.m.SearchField","properties":{"placeholder":"Search"},"searchOpenDialogs":true,"interaction":{"idSuffix":"I"}},"clearTextFirst":true,"interactionType":"ENTER_TEXT"}]}
COMMAND: POST /session/7410a71b14728fd3846eb83ce69f197f/actions - {"actions":[{"id":"action7","type":"key","parameters":{},"actions":[{"type":"keyDown","value":""},{"type":"pause","duration":10},{"type":"keyUp","value":""}]}]}
RESULT: {"actions":[{"id":"action7","type":"key","parameters":{},"actions":[{"type":"keyDown","value":""},{"type":"pause","duration":10},{"type":"keyUp","value":""}]}]}
COMMAND: GET /session/7410a71b14728fd3846eb83ce69f197f/screenshot - {}
RESULT: {}
COMMAND: POST /session/7410a71b14728fd3846eb83ce69f197f/element - {"using":"xpath","value":"//span[contains(text(), \"General Management\")]"}
RESULT: {"using":"xpath","value":"//span[contains(text(), \"General Management\")]"}
COMMAND: POST /session/7410a71b14728fd3846eb83ce69f197f/element/f.86015CA9C3D3DEEAC7F6EBF17DD69AAD.d.79BEFF5C5D4FA703AC17071FBCE67438.e.3731/click - {}
RESULT: {}
COMMAND: GET /session/7410a71b14728fd3846eb83ce69f197f/screenshot - {}
RESULT: {}
COMMAND: POST /session/7410a71b14728fd3846eb83ce69f197f/element - {"using":"xpath","value":"//bdi[contains(text(), \"OK\")]"}
RESULT: {"using":"xpath","value":"//bdi[contains(text(), \"OK\")]"}
COMMAND: POST /session/7410a71b14728fd3846eb83ce69f197f/element/f.86015CA9C3D3DEEAC7F6EBF17DD69AAD.d.79BEFF5C5D4FA703AC17071FBCE67438.e.3732/click - {}
RESULT: {}
COMMAND: GET /session/7410a71b14728fd3846eb83ce69f197f/screenshot - {}
RESULT: {}
COMMAND: POST /session/7410a71b14728fd3846eb83ce69f197f/element - {"using":"xpath","value":"//input[@id=\"application-managepartners-display-component---NewPartner--companyCodeComboBox-inner\"]"}
RESULT: {"using":"xpath","value":"//input[@id=\"application-managepartners-display-component---NewPartner--companyCodeComboBox-inner\"]"}
COMMAND: POST /session/7410a71b14728fd3846eb83ce69f197f/element/f.86015CA9C3D3DEEAC7F6EBF17DD69AAD.d.79BEFF5C5D4FA703AC17071FBCE67438.e.3623/clear - {}
RESULT: {}
COMMAND: POST /session/7410a71b14728fd3846eb83ce69f197f/element/f.86015CA9C3D3DEEAC7F6EBF17DD69AAD.d.79BEFF5C5D4FA703AC17071FBCE67438.e.3623/value - {"text":"C002"}
COMMAND: GET /session/7410a71b14728fd3846eb83ce69f197f/screenshot - {}
RESULT: {"text":"C002"}
COMMAND: GET /session/7410a71b14728fd3846eb83ce69f197f/screenshot - {}
RESULT: {}
RESULT: {}
COMMAND: POST /session/7410a71b14728fd3846eb83ce69f197f/element - {"using":"xpath","value":"//li[.//span[text()= \"C002\"]]"}
RESULT: {"using":"xpath","value":"//li[.//span[text()= \"C002\"]]"}
COMMAND: POST /session/7410a71b14728fd3846eb83ce69f197f/element/f.86015CA9C3D3DEEAC7F6EBF17DD69AAD.d.79BEFF5C5D4FA703AC17071FBCE67438.e.3738/click - {}
RESULT: {}
COMMAND: GET /session/7410a71b14728fd3846eb83ce69f197f/screenshot - {}
RESULT: {}
COMMAND: POST /session/7410a71b14728fd3846eb83ce69f197f/execute/async - {"script":"<script> [1562 bytes]","args":[{"selector":{"id":"application-managepartners-display-component---NewPartner--btnAddTableRow-img"},"wdio_ui5_key":"applicationmanagepartners-display-component---NewPartner--btnAddTableRow-img"}]}
RESULT: {"script":"<script> [1562 bytes]","args":[{"selector":{"id":"application-managepartners-display-component---NewPartner--btnAddTableRow-img"},"wdio_ui5_key":"applicationmanagepartners-display-component---NewPartner--btnAddTableRow-img"}]}
RESULT: undefined
COMMAND: POST /session/7410a71b14728fd3846eb83ce69f197f/element - {"using":"xpath","value":"//*[@id=\"application-managepartners-display-component---NewPartner--btnAddTableRow-img\"]"}
RESULT: {"using":"xpath","value":"//*[@id=\"application-managepartners-display-component---NewPartner--btnAddTableRow-img\"]"}
COMMAND: POST /session/7410a71b14728fd3846eb83ce69f197f/element/f.86015CA9C3D3DEEAC7F6EBF17DD69AAD.d.79BEFF5C5D4FA703AC17071FBCE67438.e.3739/click - {}
RESULT: {}
COMMAND: GET /session/7410a71b14728fd3846eb83ce69f197f/screenshot - {}
RESULT: {}
COMMAND: POST /session/7410a71b14728fd3846eb83ce69f197f/element - {"using":"xpath","value":"//input[@id=\"application-managepartners-display-component---NewPartner--assignmentYard-application-managepartners-display-component---NewPartner--assignmentsTable-0-inner\"]"}
RESULT: {"using":"xpath","value":"//input[@id=\"application-managepartners-display-component---NewPartner--assignmentYard-application-managepartners-display-component---NewPartner--assignmentsTable-0-inner\"]"}
COMMAND: POST /session/7410a71b14728fd3846eb83ce69f197f/element/f.86015CA9C3D3DEEAC7F6EBF17DD69AAD.d.79BEFF5C5D4FA703AC17071FBCE67438.e.3742/clear - {}
RESULT: {}
COMMAND: POST /session/7410a71b14728fd3846eb83ce69f197f/element/f.86015CA9C3D3DEEAC7F6EBF17DD69AAD.d.79BEFF5C5D4FA703AC17071FBCE67438.e.3742/value - {"text":"257"}
COMMAND: GET /session/7410a71b14728fd3846eb83ce69f197f/screenshot - {}
RESULT: {"text":"257"}
COMMAND: GET /session/7410a71b14728fd3846eb83ce69f197f/screenshot - {}
RESULT: {}
RESULT: {}
COMMAND: POST /session/7410a71b14728fd3846eb83ce69f197f/element - {"using":"xpath","value":"//li[.//span[text()='257']]"}
RESULT: {"using":"xpath","value":"//li[.//span[text()='257']]"}
COMMAND: POST /session/7410a71b14728fd3846eb83ce69f197f/element/f.86015CA9C3D3DEEAC7F6EBF17DD69AAD.d.79BEFF5C5D4FA703AC17071FBCE67438.e.3751/click - {}
RESULT: {}
COMMAND: GET /session/7410a71b14728fd3846eb83ce69f197f/screenshot - {}
RESULT: {}
COMMAND: POST /session/7410a71b14728fd3846eb83ce69f197f/actions - {"actions":[{"id":"action8","type":"key","parameters":{},"actions":[{"type":"keyDown","value":""},{"type":"pause","duration":10},{"type":"keyUp","value":""}]}]}
RESULT: {"actions":[{"id":"action8","type":"key","parameters":{},"actions":[{"type":"keyDown","value":""},{"type":"pause","duration":10},{"type":"keyUp","value":""}]}]}
COMMAND: POST /session/7410a71b14728fd3846eb83ce69f197f/execute/async - {"script":"<script> [1562 bytes]","args":[{"selector":{"id":"application-managepartners-display-component---NewPartner--externalCustomerComboBox-application-managepartners-display-component---NewPartner--assignmentsTable-0-vhi"},"wdio_ui5_key":"applicationmanagepartners-display-component---NewPartner--externalCustomerComboBox-application-managepartners-display-component---NewPartner--assignmentsTable-0-vhi"}]}
COMMAND: GET /session/7410a71b14728fd3846eb83ce69f197f/screenshot - {}
RESULT: {"script":"<script> [1562 bytes]","args":[{"selector":{"id":"application-managepartners-display-component---NewPartner--externalCustomerComboBox-application-managepartners-display-component---NewPartner--assignmentsTable-0-vhi"},"wdio_ui5_key":"applicationmanagepartners-display-component---NewPartner--externalCustomerComboBox-application-managepartners-display-component---NewPartner--assignmentsTable-0-vhi"}]}
RESULT: undefined
COMMAND: POST /session/7410a71b14728fd3846eb83ce69f197f/element - {"using":"xpath","value":"//*[@id=\"application-managepartners-display-component---NewPartner--externalCustomerComboBox-application-managepartners-display-component---NewPartner--assignmentsTable-0-vhi\"]"}
RESULT: {}
RESULT: {"using":"xpath","value":"//*[@id=\"application-managepartners-display-component---NewPartner--externalCustomerComboBox-application-managepartners-display-component---NewPartner--assignmentsTable-0-vhi\"]"}
COMMAND: POST /session/7410a71b14728fd3846eb83ce69f197f/element/f.86015CA9C3D3DEEAC7F6EBF17DD69AAD.d.79BEFF5C5D4FA703AC17071FBCE67438.e.3755/click - {}
RESULT: {}
RESULT: undefined
COMMAND: POST /session/7410a71b14728fd3846eb83ce69f197f/execute/async - {"script":"<script> [776 bytes]","args":[{"enterText":"300003","selector":{"controlType":"sap.m.SearchField","properties":{"placeholder":"Search"},"searchOpenDialogs":true,"interaction":{"idSuffix":"I"}},"clearTextFirst":true,"interactionType":"ENTER_TEXT"}]}
COMMAND: GET /session/7410a71b14728fd3846eb83ce69f197f/screenshot - {}
RESULT: {"script":"<script> [776 bytes]","args":[{"enterText":"300003","selector":{"controlType":"sap.m.SearchField","properties":{"placeholder":"Search"},"searchOpenDialogs":true,"interaction":{"idSuffix":"I"}},"clearTextFirst":true,"interactionType":"ENTER_TEXT"}]}
COMMAND: POST /session/7410a71b14728fd3846eb83ce69f197f/actions - {"actions":[{"id":"action9","type":"key","parameters":{},"actions":[{"type":"keyDown","value":""},{"type":"pause","duration":10},{"type":"keyUp","value":""}]}]}
RESULT: {}
RESULT: {"actions":[{"id":"action9","type":"key","parameters":{},"actions":[{"type":"keyDown","value":""},{"type":"pause","duration":10},{"type":"keyUp","value":""}]}]}
COMMAND: GET /session/7410a71b14728fd3846eb83ce69f197f/screenshot - {}
RESULT: {}
COMMAND: POST /session/7410a71b14728fd3846eb83ce69f197f/element - {"using":"xpath","value":"//span[contains(text(), \"300003\")]"}
RESULT: {"using":"xpath","value":"//span[contains(text(), \"300003\")]"}
COMMAND: POST /session/7410a71b14728fd3846eb83ce69f197f/element/f.86015CA9C3D3DEEAC7F6EBF17DD69AAD.d.79BEFF5C5D4FA703AC17071FBCE67438.e.3773/click - {}
RESULT: {}
COMMAND: GET /session/7410a71b14728fd3846eb83ce69f197f/screenshot - {}
RESULT: {}
COMMAND: POST /session/7410a71b14728fd3846eb83ce69f197f/element - {"using":"xpath","value":"//bdi[contains(text(), \"OK\")]"}
RESULT: {"using":"xpath","value":"//bdi[contains(text(), \"OK\")]"}
COMMAND: POST /session/7410a71b14728fd3846eb83ce69f197f/element/f.86015CA9C3D3DEEAC7F6EBF17DD69AAD.d.79BEFF5C5D4FA703AC17071FBCE67438.e.3775/click - {}
RESULT: {}
COMMAND: GET /session/7410a71b14728fd3846eb83ce69f197f/screenshot - {}
RESULT: {}
COMMAND: POST /session/7410a71b14728fd3846eb83ce69f197f/execute/async - {"script":"<script> [1562 bytes]","args":[{"selector":{"id":"application-managepartners-display-component---NewPartner--intercompVendorComboBox-application-managepartners-display-component---NewPartner--assignmentsTable-0-vhi"},"wdio_ui5_key":"applicationmanagepartners-display-component---NewPartner--intercompVendorComboBox-application-managepartners-display-component---NewPartner--assignmentsTable-0-vhi"}]}
RESULT: {"script":"<script> [1562 bytes]","args":[{"selector":{"id":"application-managepartners-display-component---NewPartner--intercompVendorComboBox-application-managepartners-display-component---NewPartner--assignmentsTable-0-vhi"},"wdio_ui5_key":"applicationmanagepartners-display-component---NewPartner--intercompVendorComboBox-application-managepartners-display-component---NewPartner--assignmentsTable-0-vhi"}]}
RESULT: undefined
COMMAND: POST /session/7410a71b14728fd3846eb83ce69f197f/element - {"using":"xpath","value":"//*[@id=\"application-managepartners-display-component---NewPartner--intercompVendorComboBox-application-managepartners-display-component---NewPartner--assignmentsTable-0-vhi\"]"}
RESULT: {"using":"xpath","value":"//*[@id=\"application-managepartners-display-component---NewPartner--intercompVendorComboBox-application-managepartners-display-component---NewPartner--assignmentsTable-0-vhi\"]"}
COMMAND: POST /session/7410a71b14728fd3846eb83ce69f197f/element/f.86015CA9C3D3DEEAC7F6EBF17DD69AAD.d.79BEFF5C5D4FA703AC17071FBCE67438.e.3779/click - {}
RESULT: {}
RESULT: undefined
COMMAND: POST /session/7410a71b14728fd3846eb83ce69f197f/execute/async - {"script":"<script> [776 bytes]","args":[{"enterText":"100005","selector":{"controlType":"sap.m.SearchField","properties":{"placeholder":"Search"},"searchOpenDialogs":true,"interaction":{"idSuffix":"I"}},"clearTextFirst":true,"interactionType":"ENTER_TEXT"}]}
COMMAND: GET /session/7410a71b14728fd3846eb83ce69f197f/screenshot - {}
RESULT: {"script":"<script> [776 bytes]","args":[{"enterText":"100005","selector":{"controlType":"sap.m.SearchField","properties":{"placeholder":"Search"},"searchOpenDialogs":true,"interaction":{"idSuffix":"I"}},"clearTextFirst":true,"interactionType":"ENTER_TEXT"}]}
COMMAND: POST /session/7410a71b14728fd3846eb83ce69f197f/actions - {"actions":[{"id":"action10","type":"key","parameters":{},"actions":[{"type":"keyDown","value":""},{"type":"pause","duration":10},{"type":"keyUp","value":""}]}]}
RESULT: {}
RESULT: {"actions":[{"id":"action10","type":"key","parameters":{},"actions":[{"type":"keyDown","value":""},{"type":"pause","duration":10},{"type":"keyUp","value":""}]}]}
COMMAND: GET /session/7410a71b14728fd3846eb83ce69f197f/screenshot - {}
RESULT: {}
COMMAND: POST /session/7410a71b14728fd3846eb83ce69f197f/element - {"using":"xpath","value":"//span[contains(text(), \"Penguins - Field/12345 Berlin\")]"}
RESULT: {"using":"xpath","value":"//span[contains(text(), \"Penguins - Field/12345 Berlin\")]"}
COMMAND: POST /session/7410a71b14728fd3846eb83ce69f197f/element/f.86015CA9C3D3DEEAC7F6EBF17DD69AAD.d.79BEFF5C5D4FA703AC17071FBCE67438.e.3797/click - {}
RESULT: {}
COMMAND: GET /session/7410a71b14728fd3846eb83ce69f197f/screenshot - {}
RESULT: {}
COMMAND: POST /session/7410a71b14728fd3846eb83ce69f197f/element - {"using":"xpath","value":"//bdi[contains(text(), \"OK\")]"}
RESULT: {"using":"xpath","value":"//bdi[contains(text(), \"OK\")]"}
COMMAND: POST /session/7410a71b14728fd3846eb83ce69f197f/element/f.86015CA9C3D3DEEAC7F6EBF17DD69AAD.d.79BEFF5C5D4FA703AC17071FBCE67438.e.3799/click - {}
RESULT: {}
COMMAND: GET /session/7410a71b14728fd3846eb83ce69f197f/screenshot - {}
RESULT: {}
COMMAND: POST /session/7410a71b14728fd3846eb83ce69f197f/element - {"using":"xpath","value":"//button[@data-kt=\"saveButton\"]"}
RESULT: {"using":"xpath","value":"//button[@data-kt=\"saveButton\"]"}
COMMAND: POST /session/7410a71b14728fd3846eb83ce69f197f/element/f.86015CA9C3D3DEEAC7F6EBF17DD69AAD.d.79BEFF5C5D4FA703AC17071FBCE67438.e.3649/click - {}
RESULT: {}
COMMAND: GET /session/7410a71b14728fd3846eb83ce69f197f/screenshot - {}
RESULT: {}
COMMAND: POST /session/7410a71b14728fd3846eb83ce69f197f/element - {"using":"xpath","value":"//header[contains(@id, 'ObjectPageLayout-headerTitle')]/div[1]/div[2]/div[2]/span[1]"}
RESULT: {"using":"xpath","value":"//header[contains(@id, 'ObjectPageLayout-headerTitle')]/div[1]/div[2]/div[2]/span[1]"}
COMMAND: POST /session/7410a71b14728fd3846eb83ce69f197f/elements - {"using":"xpath","value":"//header[contains(@id, 'ObjectPageLayout-headerTitle')]/div[1]/div[2]/div[2]/span[1]"}
RESULT: {"using":"xpath","value":"//header[contains(@id, 'ObjectPageLayout-headerTitle')]/div[1]/div[2]/div[2]/span[1]"}
COMMAND: POST /session/7410a71b14728fd3846eb83ce69f197f/execute/sync - {"script":"<script> [56 bytes]","args":[{"element-6066-11e4-a52e-4f735466cecf":"f.86015CA9C3D3DEEAC7F6EBF17DD69AAD.d.79BEFF5C5D4FA703AC17071FBCE67438.e.3962","ELEMENT":"f.86015CA9C3D3DEEAC7F6EBF17DD69AAD.d.79BEFF5C5D4FA703AC17071FBCE67438.e.3962"}]}
RESULT: {"script":"<script> [56 bytes]","args":[{"element-6066-11e4-a52e-4f735466cecf":"f.86015CA9C3D3DEEAC7F6EBF17DD69AAD.d.79BEFF5C5D4FA703AC17071FBCE67438.e.3962","ELEMENT":"f.86015CA9C3D3DEEAC7F6EBF17DD69AAD.d.79BEFF5C5D4FA703AC17071FBCE67438.e.3962"}]}
COMMAND: POST /session/7410a71b14728fd3846eb83ce69f197f/element - {"using":"css selector","value":"#shell-header-logo"}
COMMAND: GET /session/7410a71b14728fd3846eb83ce69f197f/screenshot - {}
RESULT: {"using":"css selector","value":"#shell-header-logo"}
COMMAND: POST /session/7410a71b14728fd3846eb83ce69f197f/element/f.86015CA9C3D3DEEAC7F6EBF17DD69AAD.d.79BEFF5C5D4FA703AC17071FBCE67438.e.3175/click - {}
RESULT: {}
RESULT: {}
COMMAND: GET /session/7410a71b14728fd3846eb83ce69f197f/screenshot - {}
RESULT: {}
COMMAND: POST /session/7410a71b14728fd3846eb83ce69f197f/execute/sync - {"script":"<script> [299 bytes]","args":[["getModel","getResource"]]}
RESULT: {"script":"<script> [299 bytes]","args":[["getModel","getResource"]]}
RESULT: undefined
COMMAND: POST /session/7410a71b14728fd3846eb83ce69f197f/element - {"using":"xpath","value":"//*[@id=\"__tile30\"]"}
COMMAND: GET /session/7410a71b14728fd3846eb83ce69f197f/screenshot - {}
RESULT: {}
RESULT: {"using":"xpath","value":"//*[@id=\"__tile30\"]"}
COMMAND: POST /session/7410a71b14728fd3846eb83ce69f197f/element/f.86015CA9C3D3DEEAC7F6EBF17DD69AAD.d.79BEFF5C5D4FA703AC17071FBCE67438.e.3095/click - {}
RESULT: {}
COMMAND: GET /session/7410a71b14728fd3846eb83ce69f197f/screenshot - {}
RESULT: {}
COMMAND: POST /session/7410a71b14728fd3846eb83ce69f197f/elements - {"using":"xpath","value":"//span[text()='Error']"}
RESULT: {"using":"xpath","value":"//span[text()='Error']"}
COMMAND: POST /session/7410a71b14728fd3846eb83ce69f197f/element - {"using":"xpath","value":"//button[@data-kt=\"addButton\"]"}
RESULT: {"using":"xpath","value":"//button[@data-kt=\"addButton\"]"}
COMMAND: POST /session/7410a71b14728fd3846eb83ce69f197f/elements - {"using":"xpath","value":"//button[@data-kt=\"addButton\"]"}
RESULT: {"using":"xpath","value":"//button[@data-kt=\"addButton\"]"}
COMMAND: POST /session/7410a71b14728fd3846eb83ce69f197f/execute/sync - {"script":"<script> [8489 bytes]","args":[{"element-6066-11e4-a52e-4f735466cecf":"f.86015CA9C3D3DEEAC7F6EBF17DD69AAD.d.79BEFF5C5D4FA703AC17071FBCE67438.e.4009","ELEMENT":"f.86015CA9C3D3DEEAC7F6EBF17DD69AAD.d.79BEFF5C5D4FA703AC17071FBCE67438.e.4009"}]}
RESULT: {"script":"<script> [8489 bytes]","args":[{"element-6066-11e4-a52e-4f735466cecf":"f.86015CA9C3D3DEEAC7F6EBF17DD69AAD.d.79BEFF5C5D4FA703AC17071FBCE67438.e.4009","ELEMENT":"f.86015CA9C3D3DEEAC7F6EBF17DD69AAD.d.79BEFF5C5D4FA703AC17071FBCE67438.e.4009"}]}
COMMAND: GET /session/7410a71b14728fd3846eb83ce69f197f/element/f.86015CA9C3D3DEEAC7F6EBF17DD69AAD.d.79BEFF5C5D4FA703AC17071FBCE67438.e.4009/enabled - {}
COMMAND: GET /session/7410a71b14728fd3846eb83ce69f197f/screenshot - {}
RESULT: {}
COMMAND: POST /session/7410a71b14728fd3846eb83ce69f197f/execute/sync - {"script":"<script> [8489 bytes]","args":[{"element-6066-11e4-a52e-4f735466cecf":"f.86015CA9C3D3DEEAC7F6EBF17DD69AAD.d.79BEFF5C5D4FA703AC17071FBCE67438.e.4009","ELEMENT":"f.86015CA9C3D3DEEAC7F6EBF17DD69AAD.d.79BEFF5C5D4FA703AC17071FBCE67438.e.4009"}]}
COMMAND: GET /session/7410a71b14728fd3846eb83ce69f197f/screenshot - {}
RESULT: {}
RESULT: {"script":"<script> [8489 bytes]","args":[{"element-6066-11e4-a52e-4f735466cecf":"f.86015CA9C3D3DEEAC7F6EBF17DD69AAD.d.79BEFF5C5D4FA703AC17071FBCE67438.e.4009","ELEMENT":"f.86015CA9C3D3DEEAC7F6EBF17DD69AAD.d.79BEFF5C5D4FA703AC17071FBCE67438.e.4009"}]}
COMMAND: POST /session/7410a71b14728fd3846eb83ce69f197f/execute/sync - {"script":"<script> [5351 bytes]","args":[{"element-6066-11e4-a52e-4f735466cecf":"f.86015CA9C3D3DEEAC7F6EBF17DD69AAD.d.79BEFF5C5D4FA703AC17071FBCE67438.e.4009","ELEMENT":"f.86015CA9C3D3DEEAC7F6EBF17DD69AAD.d.79BEFF5C5D4FA703AC17071FBCE67438.e.4009"}]}
COMMAND: GET /session/7410a71b14728fd3846eb83ce69f197f/screenshot - {}
RESULT: {}
RESULT: {"script":"<script> [5351 bytes]","args":[{"element-6066-11e4-a52e-4f735466cecf":"f.86015CA9C3D3DEEAC7F6EBF17DD69AAD.d.79BEFF5C5D4FA703AC17071FBCE67438.e.4009","ELEMENT":"f.86015CA9C3D3DEEAC7F6EBF17DD69AAD.d.79BEFF5C5D4FA703AC17071FBCE67438.e.4009"}]}
COMMAND: GET /session/7410a71b14728fd3846eb83ce69f197f/screenshot - {}
RESULT: {}
RESULT: {}
COMMAND: POST /session/7410a71b14728fd3846eb83ce69f197f/execute/async - {"script":"<script> [1562 bytes]","args":[{"selector":{"id":"application-managepartners-display-component---masterPtm--smartFilterBar-btnBasicSearch","interaction":{"idSuffix":"I"}},"wdio_ui5_key":"applicationmanagepartners-display-component---masterPtm--smartFilterBar-btnBasicSearch"}]}
RESULT: {"script":"<script> [1562 bytes]","args":[{"selector":{"id":"application-managepartners-display-component---masterPtm--smartFilterBar-btnBasicSearch","interaction":{"idSuffix":"I"}},"wdio_ui5_key":"applicationmanagepartners-display-component---masterPtm--smartFilterBar-btnBasicSearch"}]}
RESULT: undefined
COMMAND: POST /session/7410a71b14728fd3846eb83ce69f197f/execute/async - {"script":"<script> [776 bytes]","args":[{"enterText":"1106","selector":{"id":"application-managepartners-display-component---masterPtm--smartFilterBar-btnBasicSearch","interaction":{"idSuffix":"I"}},"clearTextFirst":true,"interactionType":"ENTER_TEXT"}]}
RESULT: {"script":"<script> [776 bytes]","args":[{"enterText":"1106","selector":{"id":"application-managepartners-display-component---masterPtm--smartFilterBar-btnBasicSearch","interaction":{"idSuffix":"I"}},"clearTextFirst":true,"interactionType":"ENTER_TEXT"}]}
COMMAND: POST /session/7410a71b14728fd3846eb83ce69f197f/actions - {"actions":[{"id":"action11","type":"key","parameters":{},"actions":[{"type":"keyDown","value":""},{"type":"pause","duration":10},{"type":"keyUp","value":""}]}]}
RESULT: {"actions":[{"id":"action11","type":"key","parameters":{},"actions":[{"type":"keyDown","value":""},{"type":"pause","duration":10},{"type":"keyUp","value":""}]}]}
COMMAND: GET /session/7410a71b14728fd3846eb83ce69f197f/screenshot - {}
RESULT: {}
COMMAND: POST /session/7410a71b14728fd3846eb83ce69f197f/elements - {"using":"xpath","value":"//table[contains(@id, \"customPartnersTable-listUl\")]/tbody/tr"}
RESULT: {"using":"xpath","value":"//table[contains(@id, \"customPartnersTable-listUl\")]/tbody/tr"}
COMMAND: POST /session/7410a71b14728fd3846eb83ce69f197f/element - {"using":"xpath","value":"//table[contains(@id, \"customPartnersTable-listUl\")]/tbody/tr[1]/td[3]/span"}
RESULT: {"using":"xpath","value":"//table[contains(@id, \"customPartnersTable-listUl\")]/tbody/tr[1]/td[3]/span"}
COMMAND: POST /session/7410a71b14728fd3846eb83ce69f197f/elements - {"using":"xpath","value":"//table[contains(@id, \"customPartnersTable-listUl\")]/tbody/tr[1]/td[3]/span"}
RESULT: {"using":"xpath","value":"//table[contains(@id, \"customPartnersTable-listUl\")]/tbody/tr[1]/td[3]/span"}
COMMAND: POST /session/7410a71b14728fd3846eb83ce69f197f/execute/sync - {"script":"<script> [56 bytes]","args":[{"element-6066-11e4-a52e-4f735466cecf":"f.86015CA9C3D3DEEAC7F6EBF17DD69AAD.d.79BEFF5C5D4FA703AC17071FBCE67438.e.4149","ELEMENT":"f.86015CA9C3D3DEEAC7F6EBF17DD69AAD.d.79BEFF5C5D4FA703AC17071FBCE67438.e.4149"}]}
RESULT: {"script":"<script> [56 bytes]","args":[{"element-6066-11e4-a52e-4f735466cecf":"f.86015CA9C3D3DEEAC7F6EBF17DD69AAD.d.79BEFF5C5D4FA703AC17071FBCE67438.e.4149","ELEMENT":"f.86015CA9C3D3DEEAC7F6EBF17DD69AAD.d.79BEFF5C5D4FA703AC17071FBCE67438.e.4149"}]}
COMMAND: POST /session/7410a71b14728fd3846eb83ce69f197f/element - {"using":"xpath","value":"(//span[contains(@id, \"imgNav\")])[1]"}
COMMAND: GET /session/7410a71b14728fd3846eb83ce69f197f/screenshot - {}
RESULT: {"using":"xpath","value":"(//span[contains(@id, \"imgNav\")])[1]"}
COMMAND: POST /session/7410a71b14728fd3846eb83ce69f197f/element/f.86015CA9C3D3DEEAC7F6EBF17DD69AAD.d.79BEFF5C5D4FA703AC17071FBCE67438.e.4148/click - {}
RESULT: {}
RESULT: {}
COMMAND: GET /session/7410a71b14728fd3846eb83ce69f197f/screenshot - {}
RESULT: {}
COMMAND: POST /session/7410a71b14728fd3846eb83ce69f197f/element - {"using":"xpath","value":"//bdi[contains(text(), \"Edit\")]"}
RESULT: {"using":"xpath","value":"//bdi[contains(text(), \"Edit\")]"}
COMMAND: POST /session/7410a71b14728fd3846eb83ce69f197f/element/f.86015CA9C3D3DEEAC7F6EBF17DD69AAD.d.79BEFF5C5D4FA703AC17071FBCE67438.e.4293/click - {}
RESULT: {}
COMMAND: GET /session/7410a71b14728fd3846eb83ce69f197f/screenshot - {}
RESULT: {}
COMMAND: POST /session/7410a71b14728fd3846eb83ce69f197f/execute/async - {"script":"<script> [1562 bytes]","args":[{"selector":{"controlType":"sap.m.Input","viewName":"etm.portal.ui.managepartners.view.EditDetail","labelFor":{"text":"Name"},"interaction":{"idSuffix":"inner"}},"wdio_ui5_key":"etmportal.ui.managepartners.view.EditDetailsap.m.Input{\"text\":\"Name\"}"}]}
RESULT: {"script":"<script> [1562 bytes]","args":[{"selector":{"controlType":"sap.m.Input","viewName":"etm.portal.ui.managepartners.view.EditDetail","labelFor":{"text":"Name"},"interaction":{"idSuffix":"inner"}},"wdio_ui5_key":"etmportal.ui.managepartners.view.EditDetailsap.m.Input{\"text\":\"Name\"}"}]}
RESULT: undefined
COMMAND: POST /session/7410a71b14728fd3846eb83ce69f197f/execute/async - {"script":"<script> [776 bytes]","args":[{"enterText":"Intercompany EDIT","selector":{"controlType":"sap.m.Input","viewName":"etm.portal.ui.managepartners.view.EditDetail","labelFor":{"text":"Name"},"interaction":{"idSuffix":"inner"}},"clearTextFirst":true,"interactionType":"ENTER_TEXT"}]}
RESULT: {"script":"<script> [776 bytes]","args":[{"enterText":"Intercompany EDIT","selector":{"controlType":"sap.m.Input","viewName":"etm.portal.ui.managepartners.view.EditDetail","labelFor":{"text":"Name"},"interaction":{"idSuffix":"inner"}},"clearTextFirst":true,"interactionType":"ENTER_TEXT"}]}
COMMAND: POST /session/7410a71b14728fd3846eb83ce69f197f/element - {"using":"xpath","value":"(//span[contains(@id,\"addressDetailDetailsLanguage-arrow\")])[1]"}
RESULT: {"using":"xpath","value":"(//span[contains(@id,\"addressDetailDetailsLanguage-arrow\")])[1]"}
COMMAND: POST /session/7410a71b14728fd3846eb83ce69f197f/element/f.86015CA9C3D3DEEAC7F6EBF17DD69AAD.d.79BEFF5C5D4FA703AC17071FBCE67438.e.4378/click - {}
RESULT: {}
COMMAND: POST /session/7410a71b14728fd3846eb83ce69f197f/element - {"using":"xpath","value":"//span[contains(text(), \"Chinese\")]"}
COMMAND: GET /session/7410a71b14728fd3846eb83ce69f197f/screenshot - {}
RESULT: {"using":"xpath","value":"//span[contains(text(), \"Chinese\")]"}
COMMAND: POST /session/7410a71b14728fd3846eb83ce69f197f/element/f.86015CA9C3D3DEEAC7F6EBF17DD69AAD.d.79BEFF5C5D4FA703AC17071FBCE67438.e.4379/click - {}
RESULT: {}
RESULT: {}
COMMAND: GET /session/7410a71b14728fd3846eb83ce69f197f/screenshot - {}
RESULT: {}
COMMAND: POST /session/7410a71b14728fd3846eb83ce69f197f/execute/async - {"script":"<script> [1562 bytes]","args":[{"selector":{"controlType":"sap.m.Input","viewName":"etm.portal.ui.managepartners.view.EditDetail","labelFor":{"text":"City"},"interaction":{"idSuffix":"inner"}},"wdio_ui5_key":"etmportal.ui.managepartners.view.EditDetailsap.m.Input{\"text\":\"City\"}"}]}
RESULT: {"script":"<script> [1562 bytes]","args":[{"selector":{"controlType":"sap.m.Input","viewName":"etm.portal.ui.managepartners.view.EditDetail","labelFor":{"text":"City"},"interaction":{"idSuffix":"inner"}},"wdio_ui5_key":"etmportal.ui.managepartners.view.EditDetailsap.m.Input{\"text\":\"City\"}"}]}
RESULT: undefined
COMMAND: POST /session/7410a71b14728fd3846eb83ce69f197f/execute/async - {"script":"<script> [776 bytes]","args":[{"enterText":"Clooj-Napoca","selector":{"controlType":"sap.m.Input","viewName":"etm.portal.ui.managepartners.view.EditDetail","labelFor":{"text":"City"},"interaction":{"idSuffix":"inner"}},"clearTextFirst":true,"interactionType":"ENTER_TEXT"}]}
RESULT: {"script":"<script> [776 bytes]","args":[{"enterText":"Clooj-Napoca","selector":{"controlType":"sap.m.Input","viewName":"etm.portal.ui.managepartners.view.EditDetail","labelFor":{"text":"City"},"interaction":{"idSuffix":"inner"}},"clearTextFirst":true,"interactionType":"ENTER_TEXT"}]}
COMMAND: POST /session/7410a71b14728fd3846eb83ce69f197f/element - {"using":"xpath","value":"//button[@data-kt=\"saveButton\"]"}
RESULT: {"using":"xpath","value":"//button[@data-kt=\"saveButton\"]"}
COMMAND: POST /session/7410a71b14728fd3846eb83ce69f197f/element/f.86015CA9C3D3DEEAC7F6EBF17DD69AAD.d.79BEFF5C5D4FA703AC17071FBCE67438.e.4355/click - {}
RESULT: {}
COMMAND: GET /session/7410a71b14728fd3846eb83ce69f197f/screenshot - {}
RESULT: {}
COMMAND: POST /session/7410a71b14728fd3846eb83ce69f197f/execute/async - {"script":"<script> [1562 bytes]","args":[{"selector":{"id":"application-managepartners-display-component---detailPtm--addressDetailDetailsName1"},"wdio_ui5_key":"applicationmanagepartners-display-component---detailPtm--addressDetailDetailsName1"}]}
RESULT: {"script":"<script> [1562 bytes]","args":[{"selector":{"id":"application-managepartners-display-component---detailPtm--addressDetailDetailsName1"},"wdio_ui5_key":"applicationmanagepartners-display-component---detailPtm--addressDetailDetailsName1"}]}
RESULT: undefined
COMMAND: POST /session/7410a71b14728fd3846eb83ce69f197f/execute/async - {"script":"<script> [6424 bytes]","args":[{"element-6066-11e4-a52e-4f735466cecf":"f.86015CA9C3D3DEEAC7F6EBF17DD69AAD.d.79BEFF5C5D4FA703AC17071FBCE67438.e.4410"},"getValue",[]]}
RESULT: {"script":"<script> [6424 bytes]","args":[{"element-6066-11e4-a52e-4f735466cecf":"f.86015CA9C3D3DEEAC7F6EBF17DD69AAD.d.79BEFF5C5D4FA703AC17071FBCE67438.e.4410"},"getValue",[]]}
COMMAND: POST /session/7410a71b14728fd3846eb83ce69f197f/element - {"using":"xpath","value":"//input[@id = \"application-managepartners-display-component---detailPtm--addressDetailDetailsLanguage-inner\"]"}
RESULT: {"using":"xpath","value":"//input[@id = \"application-managepartners-display-component---detailPtm--addressDetailDetailsLanguage-inner\"]"}
COMMAND: GET /session/7410a71b14728fd3846eb83ce69f197f/element/f.86015CA9C3D3DEEAC7F6EBF17DD69AAD.d.79BEFF5C5D4FA703AC17071FBCE67438.e.4411/property/value - {}
RESULT: {}
COMMAND: POST /session/7410a71b14728fd3846eb83ce69f197f/execute/async - {"script":"<script> [1562 bytes]","args":[{"selector":{"id":"application-managepartners-display-component---detailPtm--addressDetailDetailsCity1"},"wdio_ui5_key":"applicationmanagepartners-display-component---detailPtm--addressDetailDetailsCity1"}]}
COMMAND: GET /session/7410a71b14728fd3846eb83ce69f197f/screenshot - {}
RESULT: {"script":"<script> [1562 bytes]","args":[{"selector":{"id":"application-managepartners-display-component---detailPtm--addressDetailDetailsCity1"},"wdio_ui5_key":"applicationmanagepartners-display-component---detailPtm--addressDetailDetailsCity1"}]}
RESULT: undefined
COMMAND: POST /session/7410a71b14728fd3846eb83ce69f197f/execute/async - {"script":"<script> [6424 bytes]","args":[{"element-6066-11e4-a52e-4f735466cecf":"f.86015CA9C3D3DEEAC7F6EBF17DD69AAD.d.79BEFF5C5D4FA703AC17071FBCE67438.e.4412"},"getValue",[]]}
RESULT: {}
RESULT: {"script":"<script> [6424 bytes]","args":[{"element-6066-11e4-a52e-4f735466cecf":"f.86015CA9C3D3DEEAC7F6EBF17DD69AAD.d.79BEFF5C5D4FA703AC17071FBCE67438.e.4412"},"getValue",[]]}
COMMAND: POST /session/7410a71b14728fd3846eb83ce69f197f/element - {"using":"css selector","value":"#shell-header-logo"}
RESULT: {"using":"css selector","value":"#shell-header-logo"}
COMMAND: POST /session/7410a71b14728fd3846eb83ce69f197f/element/f.86015CA9C3D3DEEAC7F6EBF17DD69AAD.d.79BEFF5C5D4FA703AC17071FBCE67438.e.3965/click - {}
RESULT: {}
COMMAND: GET /session/7410a71b14728fd3846eb83ce69f197f/screenshot - {}
RESULT: {}
]]></system-out>
    </testcase>
    <testcase classname="chrome.136_0_7103_93.windows.Partner_specific_tests_US150819_US151080_US151654_US151176_US103444_US151078_US151079_US151109_US151174_US151175_US151189" name="Should create a new intracompany partner edit some of its fields US151079" time="262.237">
      <system-out><![CDATA[
COMMAND: POST /session/7410a71b14728fd3846eb83ce69f197f/element - {"using":"xpath","value":"//li[.//span[text()=\"Manage Partners\"]]"}
RESULT: {"using":"xpath","value":"//li[.//span[text()=\"Manage Partners\"]]"}
COMMAND: POST /session/7410a71b14728fd3846eb83ce69f197f/element - {"using":"xpath","value":"//li[.//span[text()=\"Manage Partners\"]]"}
RESULT: {"using":"xpath","value":"//li[.//span[text()=\"Manage Partners\"]]"}
COMMAND: POST /session/7410a71b14728fd3846eb83ce69f197f/element - {"using":"css selector","value":"#shell-header-logo"}
RESULT: {"using":"css selector","value":"#shell-header-logo"}
COMMAND: POST /session/7410a71b14728fd3846eb83ce69f197f/element/f.86015CA9C3D3DEEAC7F6EBF17DD69AAD.d.79BEFF5C5D4FA703AC17071FBCE67438.e.4442/click - {}
COMMAND: POST /session/7410a71b14728fd3846eb83ce69f197f/execute/sync - {"script":"<script> [8489 bytes]","args":[{"element-6066-11e4-a52e-4f735466cecf":"f.86015CA9C3D3DEEAC7F6EBF17DD69AAD.d.79BEFF5C5D4FA703AC17071FBCE67438.e.4442","ELEMENT":"f.86015CA9C3D3DEEAC7F6EBF17DD69AAD.d.79BEFF5C5D4FA703AC17071FBCE67438.e.4442"}]}
RESULT: {}
COMMAND: GET /session/7410a71b14728fd3846eb83ce69f197f/screenshot - {}
RESULT: {"script":"<script> [8489 bytes]","args":[{"element-6066-11e4-a52e-4f735466cecf":"f.86015CA9C3D3DEEAC7F6EBF17DD69AAD.d.79BEFF5C5D4FA703AC17071FBCE67438.e.4442","ELEMENT":"f.86015CA9C3D3DEEAC7F6EBF17DD69AAD.d.79BEFF5C5D4FA703AC17071FBCE67438.e.4442"}]}
COMMAND: POST /session/7410a71b14728fd3846eb83ce69f197f/execute/sync - {"script":"<script> [5351 bytes]","args":[{"element-6066-11e4-a52e-4f735466cecf":"f.86015CA9C3D3DEEAC7F6EBF17DD69AAD.d.79BEFF5C5D4FA703AC17071FBCE67438.e.4442","ELEMENT":"f.86015CA9C3D3DEEAC7F6EBF17DD69AAD.d.79BEFF5C5D4FA703AC17071FBCE67438.e.4442"}]}
COMMAND: GET /session/7410a71b14728fd3846eb83ce69f197f/screenshot - {}
RESULT: {}
RESULT: {"script":"<script> [5351 bytes]","args":[{"element-6066-11e4-a52e-4f735466cecf":"f.86015CA9C3D3DEEAC7F6EBF17DD69AAD.d.79BEFF5C5D4FA703AC17071FBCE67438.e.4442","ELEMENT":"f.86015CA9C3D3DEEAC7F6EBF17DD69AAD.d.79BEFF5C5D4FA703AC17071FBCE67438.e.4442"}]}
COMMAND: GET /session/7410a71b14728fd3846eb83ce69f197f/screenshot - {}
RESULT: {}
RESULT: {}
COMMAND: POST /session/7410a71b14728fd3846eb83ce69f197f/refresh - {}
RESULT: {}
COMMAND: GET /session/7410a71b14728fd3846eb83ce69f197f/screenshot - {}
RESULT: {}
COMMAND: POST /session/7410a71b14728fd3846eb83ce69f197f/refresh - {}
RESULT: {}
COMMAND: GET /session/7410a71b14728fd3846eb83ce69f197f/screenshot - {}
RESULT: {}
COMMAND: POST /session/7410a71b14728fd3846eb83ce69f197f/window/fullscreen - {}
RESULT: {}
COMMAND: POST /session/7410a71b14728fd3846eb83ce69f197f/execute/async - {"script":"<script> [189 bytes]","args":[]}
RESULT: {"script":"<script> [189 bytes]","args":[]}
COMMAND: POST /session/7410a71b14728fd3846eb83ce69f197f/execute/async - {"script":"<script> [123 bytes]","args":[]}
RESULT: {"script":"<script> [123 bytes]","args":[]}
COMMAND: POST /session/7410a71b14728fd3846eb83ce69f197f/timeouts - {"script":"<number>"}
RESULT: {"script":"<number>"}
COMMAND: GET /session/7410a71b14728fd3846eb83ce69f197f/timeouts - {}
RESULT: {}
RESULT: undefined
COMMAND: POST /session/7410a71b14728fd3846eb83ce69f197f/execute/async - {"script":"<script> [2676 bytes]","args":[]}
RESULT: {"script":"<script> [2676 bytes]","args":[]}
COMMAND: POST /session/7410a71b14728fd3846eb83ce69f197f/execute/async - {"script":"<script> [2342 bytes]","args":[{"protocol":"http","hostname":"0.0.0.0","path":"/","capabilities":{"browserName":"chrome","goog:chromeOptions":{"binary":"C:\\Program Files\\Google\\Chrome\\Application\\chrome.exe","args":["--start-maximized"]}},"logLevel":"warn","connectionRetryTimeout":120000,"connectionRetryCount":3,"logLevels":{},"enableDirectConnect":true,"strictSSL":true,"_":"65 more keys: [\"cacheDir\",\"port\",\"requestedCapabilities\",\"automationProtocol\",\"baseUrl\",\"waitforInterval\",\"waitforTimeout\",\"onReload\",\"beforeCommand\",\"afterCommand\",\"rootDir\",\"specs\",\"suites\",\"exclude\",\"groupLogsByTestSpec\",\"excludeDriverLogs\",\"bail\",\"framework\",\"reporters\",\"services\",\"maxInstances\",\"maxInstancesPerCapability\",\"injectGlobals\",\"filesToWatch\",\"execArgv\",\"runnerEnv\",\"runner\",\"shard\",\"specFileRetries\",\"specFileRetriesDelay\",\"specFileRetriesDeferred\",\"reporterSyncInterval\",\"reporterSyncTimeout\",\"cucumberFeaturesWithLineNumbers\",\"autoCompileOpts\",\"mochaOpts\",\"jasmineOpts\",\"cucumberOpts\",\"onPrepare\",\"onWorkerStart\",\"onWorkerEnd\",\"before\",\"beforeSession\",\"beforeSuite\",\"beforeHook\",\"beforeTest\",\"afterTest\",\"afterHook\",\"afterSuite\",\"afterSession\",\"after\",\"onComplete\",\"beforeAssertion\",\"afterAssertion\",\"beforeFeature\",\"beforeScenario\",\"beforeStep\",\"afterStep\",\"afterScenario\",\"afterFeature\",\"_\",\"suite\",\"$0\",\"ignoredWorkerServices\",\"wdi5\"]"}]}
RESULT: {"script":"<script> [2342 bytes]","args":[{"protocol":"http","hostname":"0.0.0.0","path":"/","capabilities":{"browserName":"chrome","goog:chromeOptions":{"binary":"C:\\Program Files\\Google\\Chrome\\Application\\chrome.exe","args":["--start-maximized"]}},"logLevel":"warn","connectionRetryTimeout":120000,"connectionRetryCount":3,"logLevels":{},"enableDirectConnect":true,"strictSSL":true,"_":"65 more keys: [\"cacheDir\",\"port\",\"requestedCapabilities\",\"automationProtocol\",\"baseUrl\",\"waitforInterval\",\"waitforTimeout\",\"onReload\",\"beforeCommand\",\"afterCommand\",\"rootDir\",\"specs\",\"suites\",\"exclude\",\"groupLogsByTestSpec\",\"excludeDriverLogs\",\"bail\",\"framework\",\"reporters\",\"services\",\"maxInstances\",\"maxInstancesPerCapability\",\"injectGlobals\",\"filesToWatch\",\"execArgv\",\"runnerEnv\",\"runner\",\"shard\",\"specFileRetries\",\"specFileRetriesDelay\",\"specFileRetriesDeferred\",\"reporterSyncInterval\",\"reporterSyncTimeout\",\"cucumberFeaturesWithLineNumbers\",\"autoCompileOpts\",\"mochaOpts\",\"jasmineOpts\",\"cucumberOpts\",\"onPrepare\",\"onWorkerStart\",\"onWorkerEnd\",\"before\",\"beforeSession\",\"beforeSuite\",\"beforeHook\",\"beforeTest\",\"afterTest\",\"afterHook\",\"afterSuite\",\"afterSession\",\"after\",\"onComplete\",\"beforeAssertion\",\"afterAssertion\",\"beforeFeature\",\"beforeScenario\",\"beforeStep\",\"afterStep\",\"afterScenario\",\"afterFeature\",\"_\",\"suite\",\"$0\",\"ignoredWorkerServices\",\"wdi5\"]"}]}
COMMAND: POST /session/7410a71b14728fd3846eb83ce69f197f/execute/async - {"script":"<script> [21126 bytes]","args":[35000]}
RESULT: {"script":"<script> [21126 bytes]","args":[35000]}
COMMAND: POST /session/7410a71b14728fd3846eb83ce69f197f/window/fullscreen - {}
RESULT: {}
COMMAND: POST /session/7410a71b14728fd3846eb83ce69f197f/window/fullscreen - {}
RESULT: {}
COMMAND: POST /session/7410a71b14728fd3846eb83ce69f197f/execute/async - {"script":"<script> [1562 bytes]","args":[{"selector":{"controlType":"sap.m.GenericTile","properties":{"header":"Manage Partners"}},"wdio_ui5_key":"sapm.GenericTile{\"header\":\"Manage Partners\"}"}]}
RESULT: {"script":"<script> [1562 bytes]","args":[{"selector":{"controlType":"sap.m.GenericTile","properties":{"header":"Manage Partners"}},"wdio_ui5_key":"sapm.GenericTile{\"header\":\"Manage Partners\"}"}]}
RESULT: undefined
COMMAND: POST /session/7410a71b14728fd3846eb83ce69f197f/element - {"using":"xpath","value":"//*[@id=\"__tile30\"]"}
RESULT: {"using":"xpath","value":"//*[@id=\"__tile30\"]"}
COMMAND: POST /session/7410a71b14728fd3846eb83ce69f197f/element/f.86015CA9C3D3DEEAC7F6EBF17DD69AAD.d.EBCE6ED0FDFA2CC4E319992E9454B41C.e.4514/click - {}
RESULT: {}
COMMAND: GET /session/7410a71b14728fd3846eb83ce69f197f/screenshot - {}
RESULT: {}
COMMAND: POST /session/7410a71b14728fd3846eb83ce69f197f/elements - {"using":"xpath","value":"//span[text()='Error']"}
RESULT: {"using":"xpath","value":"//span[text()='Error']"}
COMMAND: POST /session/7410a71b14728fd3846eb83ce69f197f/element - {"using":"xpath","value":"//button[@data-kt=\"addButton\"]"}
RESULT: {"using":"xpath","value":"//button[@data-kt=\"addButton\"]"}
COMMAND: POST /session/7410a71b14728fd3846eb83ce69f197f/elements - {"using":"xpath","value":"//button[@data-kt=\"addButton\"]"}
RESULT: {"using":"xpath","value":"//button[@data-kt=\"addButton\"]"}
COMMAND: POST /session/7410a71b14728fd3846eb83ce69f197f/elements - {"using":"xpath","value":"//button[@data-kt=\"addButton\"]"}
RESULT: {"using":"xpath","value":"//button[@data-kt=\"addButton\"]"}
COMMAND: POST /session/7410a71b14728fd3846eb83ce69f197f/elements - {"using":"xpath","value":"//button[@data-kt=\"addButton\"]"}
RESULT: {"using":"xpath","value":"//button[@data-kt=\"addButton\"]"}
COMMAND: POST /session/7410a71b14728fd3846eb83ce69f197f/elements - {"using":"xpath","value":"//button[@data-kt=\"addButton\"]"}
RESULT: {"using":"xpath","value":"//button[@data-kt=\"addButton\"]"}
COMMAND: POST /session/7410a71b14728fd3846eb83ce69f197f/elements - {"using":"xpath","value":"//button[@data-kt=\"addButton\"]"}
RESULT: {"using":"xpath","value":"//button[@data-kt=\"addButton\"]"}
COMMAND: POST /session/7410a71b14728fd3846eb83ce69f197f/elements - {"using":"xpath","value":"//button[@data-kt=\"addButton\"]"}
RESULT: {"using":"xpath","value":"//button[@data-kt=\"addButton\"]"}
COMMAND: POST /session/7410a71b14728fd3846eb83ce69f197f/elements - {"using":"xpath","value":"//button[@data-kt=\"addButton\"]"}
RESULT: {"using":"xpath","value":"//button[@data-kt=\"addButton\"]"}
COMMAND: POST /session/7410a71b14728fd3846eb83ce69f197f/elements - {"using":"xpath","value":"//button[@data-kt=\"addButton\"]"}
RESULT: {"using":"xpath","value":"//button[@data-kt=\"addButton\"]"}
COMMAND: POST /session/7410a71b14728fd3846eb83ce69f197f/elements - {"using":"xpath","value":"//button[@data-kt=\"addButton\"]"}
RESULT: {"using":"xpath","value":"//button[@data-kt=\"addButton\"]"}
COMMAND: POST /session/7410a71b14728fd3846eb83ce69f197f/elements - {"using":"xpath","value":"//button[@data-kt=\"addButton\"]"}
RESULT: {"using":"xpath","value":"//button[@data-kt=\"addButton\"]"}
COMMAND: POST /session/7410a71b14728fd3846eb83ce69f197f/elements - {"using":"xpath","value":"//button[@data-kt=\"addButton\"]"}
RESULT: {"using":"xpath","value":"//button[@data-kt=\"addButton\"]"}
COMMAND: POST /session/7410a71b14728fd3846eb83ce69f197f/elements - {"using":"xpath","value":"//button[@data-kt=\"addButton\"]"}
RESULT: {"using":"xpath","value":"//button[@data-kt=\"addButton\"]"}
COMMAND: POST /session/7410a71b14728fd3846eb83ce69f197f/elements - {"using":"xpath","value":"//button[@data-kt=\"addButton\"]"}
RESULT: {"using":"xpath","value":"//button[@data-kt=\"addButton\"]"}
COMMAND: POST /session/7410a71b14728fd3846eb83ce69f197f/elements - {"using":"xpath","value":"//button[@data-kt=\"addButton\"]"}
RESULT: {"using":"xpath","value":"//button[@data-kt=\"addButton\"]"}
COMMAND: POST /session/7410a71b14728fd3846eb83ce69f197f/elements - {"using":"xpath","value":"//button[@data-kt=\"addButton\"]"}
RESULT: {"using":"xpath","value":"//button[@data-kt=\"addButton\"]"}
COMMAND: POST /session/7410a71b14728fd3846eb83ce69f197f/elements - {"using":"xpath","value":"//button[@data-kt=\"addButton\"]"}
RESULT: {"using":"xpath","value":"//button[@data-kt=\"addButton\"]"}
COMMAND: POST /session/7410a71b14728fd3846eb83ce69f197f/elements - {"using":"xpath","value":"//button[@data-kt=\"addButton\"]"}
RESULT: {"using":"xpath","value":"//button[@data-kt=\"addButton\"]"}
COMMAND: POST /session/7410a71b14728fd3846eb83ce69f197f/elements - {"using":"xpath","value":"//button[@data-kt=\"addButton\"]"}
RESULT: {"using":"xpath","value":"//button[@data-kt=\"addButton\"]"}
COMMAND: POST /session/7410a71b14728fd3846eb83ce69f197f/elements - {"using":"xpath","value":"//button[@data-kt=\"addButton\"]"}
RESULT: {"using":"xpath","value":"//button[@data-kt=\"addButton\"]"}
COMMAND: POST /session/7410a71b14728fd3846eb83ce69f197f/elements - {"using":"xpath","value":"//button[@data-kt=\"addButton\"]"}
RESULT: {"using":"xpath","value":"//button[@data-kt=\"addButton\"]"}
COMMAND: POST /session/7410a71b14728fd3846eb83ce69f197f/element - {"using":"xpath","value":"//button[@data-kt=\"addButton\"]"}
RESULT: {"using":"xpath","value":"//button[@data-kt=\"addButton\"]"}
COMMAND: POST /session/7410a71b14728fd3846eb83ce69f197f/execute/sync - {"script":"<script> [8489 bytes]","args":[{"element-6066-11e4-a52e-4f735466cecf":"f.86015CA9C3D3DEEAC7F6EBF17DD69AAD.d.EBCE6ED0FDFA2CC4E319992E9454B41C.e.4629","ELEMENT":"f.86015CA9C3D3DEEAC7F6EBF17DD69AAD.d.EBCE6ED0FDFA2CC4E319992E9454B41C.e.4629"}]}
RESULT: {"script":"<script> [8489 bytes]","args":[{"element-6066-11e4-a52e-4f735466cecf":"f.86015CA9C3D3DEEAC7F6EBF17DD69AAD.d.EBCE6ED0FDFA2CC4E319992E9454B41C.e.4629","ELEMENT":"f.86015CA9C3D3DEEAC7F6EBF17DD69AAD.d.EBCE6ED0FDFA2CC4E319992E9454B41C.e.4629"}]}
COMMAND: GET /session/7410a71b14728fd3846eb83ce69f197f/element/f.86015CA9C3D3DEEAC7F6EBF17DD69AAD.d.EBCE6ED0FDFA2CC4E319992E9454B41C.e.4629/enabled - {}
COMMAND: GET /session/7410a71b14728fd3846eb83ce69f197f/screenshot - {}
RESULT: {}
COMMAND: POST /session/7410a71b14728fd3846eb83ce69f197f/execute/sync - {"script":"<script> [8489 bytes]","args":[{"element-6066-11e4-a52e-4f735466cecf":"f.86015CA9C3D3DEEAC7F6EBF17DD69AAD.d.EBCE6ED0FDFA2CC4E319992E9454B41C.e.4629","ELEMENT":"f.86015CA9C3D3DEEAC7F6EBF17DD69AAD.d.EBCE6ED0FDFA2CC4E319992E9454B41C.e.4629"}]}
COMMAND: GET /session/7410a71b14728fd3846eb83ce69f197f/screenshot - {}
RESULT: {}
RESULT: {"script":"<script> [8489 bytes]","args":[{"element-6066-11e4-a52e-4f735466cecf":"f.86015CA9C3D3DEEAC7F6EBF17DD69AAD.d.EBCE6ED0FDFA2CC4E319992E9454B41C.e.4629","ELEMENT":"f.86015CA9C3D3DEEAC7F6EBF17DD69AAD.d.EBCE6ED0FDFA2CC4E319992E9454B41C.e.4629"}]}
COMMAND: POST /session/7410a71b14728fd3846eb83ce69f197f/execute/sync - {"script":"<script> [5351 bytes]","args":[{"element-6066-11e4-a52e-4f735466cecf":"f.86015CA9C3D3DEEAC7F6EBF17DD69AAD.d.EBCE6ED0FDFA2CC4E319992E9454B41C.e.4629","ELEMENT":"f.86015CA9C3D3DEEAC7F6EBF17DD69AAD.d.EBCE6ED0FDFA2CC4E319992E9454B41C.e.4629"}]}
RESULT: {}
COMMAND: GET /session/7410a71b14728fd3846eb83ce69f197f/screenshot - {}
RESULT: {"script":"<script> [5351 bytes]","args":[{"element-6066-11e4-a52e-4f735466cecf":"f.86015CA9C3D3DEEAC7F6EBF17DD69AAD.d.EBCE6ED0FDFA2CC4E319992E9454B41C.e.4629","ELEMENT":"f.86015CA9C3D3DEEAC7F6EBF17DD69AAD.d.EBCE6ED0FDFA2CC4E319992E9454B41C.e.4629"}]}
COMMAND: POST /session/7410a71b14728fd3846eb83ce69f197f/element/f.86015CA9C3D3DEEAC7F6EBF17DD69AAD.d.EBCE6ED0FDFA2CC4E319992E9454B41C.e.4629/click - {}
COMMAND: GET /session/7410a71b14728fd3846eb83ce69f197f/screenshot - {}
RESULT: {}
RESULT: {}
COMMAND: GET /session/7410a71b14728fd3846eb83ce69f197f/screenshot - {}
COMMAND: POST /session/7410a71b14728fd3846eb83ce69f197f/execute/async - {"script":"<script> [1562 bytes]","args":[{"selector":{"id":"application-managepartners-display-component---NewPartner--addressDetailDetailsName1","interaction":{"idSuffix":"inner"}},"wdio_ui5_key":"applicationmanagepartners-display-component---NewPartner--addressDetailDetailsName1"}]}
RESULT: {}
RESULT: {}
RESULT: {"script":"<script> [1562 bytes]","args":[{"selector":{"id":"application-managepartners-display-component---NewPartner--addressDetailDetailsName1","interaction":{"idSuffix":"inner"}},"wdio_ui5_key":"applicationmanagepartners-display-component---NewPartner--addressDetailDetailsName1"}]}
RESULT: undefined
COMMAND: POST /session/7410a71b14728fd3846eb83ce69f197f/execute/async - {"script":"<script> [776 bytes]","args":[{"enterText":"Intracompany Partner WDIO","selector":{"id":"application-managepartners-display-component---NewPartner--addressDetailDetailsName1","interaction":{"idSuffix":"inner"}},"clearTextFirst":true,"interactionType":"ENTER_TEXT"}]}
RESULT: {"script":"<script> [776 bytes]","args":[{"enterText":"Intracompany Partner WDIO","selector":{"id":"application-managepartners-display-component---NewPartner--addressDetailDetailsName1","interaction":{"idSuffix":"inner"}},"clearTextFirst":true,"interactionType":"ENTER_TEXT"}]}
COMMAND: POST /session/7410a71b14728fd3846eb83ce69f197f/execute/async - {"script":"<script> [1562 bytes]","args":[{"selector":{"id":"application-managepartners-display-component---NewPartner--addressDetailDetailsLanguage-arrow"},"wdio_ui5_key":"applicationmanagepartners-display-component---NewPartner--addressDetailDetailsLanguage-arrow"}]}
RESULT: {"script":"<script> [1562 bytes]","args":[{"selector":{"id":"application-managepartners-display-component---NewPartner--addressDetailDetailsLanguage-arrow"},"wdio_ui5_key":"applicationmanagepartners-display-component---NewPartner--addressDetailDetailsLanguage-arrow"}]}
RESULT: undefined
COMMAND: POST /session/7410a71b14728fd3846eb83ce69f197f/element - {"using":"xpath","value":"//*[@id=\"application-managepartners-display-component---NewPartner--addressDetailDetailsLanguage-arrow\"]"}
RESULT: {"using":"xpath","value":"//*[@id=\"application-managepartners-display-component---NewPartner--addressDetailDetailsLanguage-arrow\"]"}
COMMAND: POST /session/7410a71b14728fd3846eb83ce69f197f/element/f.86015CA9C3D3DEEAC7F6EBF17DD69AAD.d.EBCE6ED0FDFA2CC4E319992E9454B41C.e.5075/click - {}
RESULT: {}
COMMAND: POST /session/7410a71b14728fd3846eb83ce69f197f/element - {"using":"xpath","value":"//span[contains(text(), \"English\")]"}
COMMAND: GET /session/7410a71b14728fd3846eb83ce69f197f/screenshot - {}
RESULT: {"using":"xpath","value":"//span[contains(text(), \"English\")]"}
COMMAND: POST /session/7410a71b14728fd3846eb83ce69f197f/element/f.86015CA9C3D3DEEAC7F6EBF17DD69AAD.d.EBCE6ED0FDFA2CC4E319992E9454B41C.e.5076/click - {}
RESULT: {}
RESULT: {}
COMMAND: GET /session/7410a71b14728fd3846eb83ce69f197f/screenshot - {}
RESULT: {}
COMMAND: POST /session/7410a71b14728fd3846eb83ce69f197f/execute/async - {"script":"<script> [1562 bytes]","args":[{"selector":{"id":"application-managepartners-display-component---NewPartner--addressDetailDetailsCity1","interaction":{"idSuffix":"inner"}},"wdio_ui5_key":"applicationmanagepartners-display-component---NewPartner--addressDetailDetailsCity1"}]}
RESULT: {"script":"<script> [1562 bytes]","args":[{"selector":{"id":"application-managepartners-display-component---NewPartner--addressDetailDetailsCity1","interaction":{"idSuffix":"inner"}},"wdio_ui5_key":"applicationmanagepartners-display-component---NewPartner--addressDetailDetailsCity1"}]}
RESULT: undefined
COMMAND: POST /session/7410a71b14728fd3846eb83ce69f197f/execute/async - {"script":"<script> [776 bytes]","args":[{"enterText":"Rosario","selector":{"id":"application-managepartners-display-component---NewPartner--addressDetailDetailsCity1","interaction":{"idSuffix":"inner"}},"clearTextFirst":true,"interactionType":"ENTER_TEXT"}]}
RESULT: {"script":"<script> [776 bytes]","args":[{"enterText":"Rosario","selector":{"id":"application-managepartners-display-component---NewPartner--addressDetailDetailsCity1","interaction":{"idSuffix":"inner"}},"clearTextFirst":true,"interactionType":"ENTER_TEXT"}]}
COMMAND: POST /session/7410a71b14728fd3846eb83ce69f197f/execute/async - {"script":"<script> [1562 bytes]","args":[{"selector":{"id":"application-managepartners-display-component---NewPartner--addressDetailDetailsCountry-arrow"},"wdio_ui5_key":"applicationmanagepartners-display-component---NewPartner--addressDetailDetailsCountry-arrow"}]}
RESULT: {"script":"<script> [1562 bytes]","args":[{"selector":{"id":"application-managepartners-display-component---NewPartner--addressDetailDetailsCountry-arrow"},"wdio_ui5_key":"applicationmanagepartners-display-component---NewPartner--addressDetailDetailsCountry-arrow"}]}
RESULT: undefined
COMMAND: POST /session/7410a71b14728fd3846eb83ce69f197f/element - {"using":"xpath","value":"//*[@id=\"application-managepartners-display-component---NewPartner--addressDetailDetailsCountry-arrow\"]"}
RESULT: {"using":"xpath","value":"//*[@id=\"application-managepartners-display-component---NewPartner--addressDetailDetailsCountry-arrow\"]"}
COMMAND: POST /session/7410a71b14728fd3846eb83ce69f197f/element/f.86015CA9C3D3DEEAC7F6EBF17DD69AAD.d.EBCE6ED0FDFA2CC4E319992E9454B41C.e.5032/click - {}
RESULT: {}
COMMAND: POST /session/7410a71b14728fd3846eb83ce69f197f/element - {"using":"xpath","value":"//span[contains(text(), \"Argentina\")]"}
COMMAND: GET /session/7410a71b14728fd3846eb83ce69f197f/screenshot - {}
RESULT: {"using":"xpath","value":"//span[contains(text(), \"Argentina\")]"}
COMMAND: POST /session/7410a71b14728fd3846eb83ce69f197f/element/f.86015CA9C3D3DEEAC7F6EBF17DD69AAD.d.EBCE6ED0FDFA2CC4E319992E9454B41C.e.5078/click - {}
RESULT: {}
RESULT: {}
COMMAND: GET /session/7410a71b14728fd3846eb83ce69f197f/screenshot - {}
RESULT: {}
COMMAND: POST /session/7410a71b14728fd3846eb83ce69f197f/element - {"using":"xpath","value":"//bdi[contains(text(), \"Commercial\")]"}
RESULT: {"using":"xpath","value":"//bdi[contains(text(), \"Commercial\")]"}
COMMAND: POST /session/7410a71b14728fd3846eb83ce69f197f/element/f.86015CA9C3D3DEEAC7F6EBF17DD69AAD.d.EBCE6ED0FDFA2CC4E319992E9454B41C.e.5079/click - {}
RESULT: {}
COMMAND: GET /session/7410a71b14728fd3846eb83ce69f197f/screenshot - {}
RESULT: {}
COMMAND: POST /session/7410a71b14728fd3846eb83ce69f197f/execute/async - {"script":"<script> [1562 bytes]","args":[{"selector":{"id":"application-managepartners-display-component---NewPartner--partnerDetailInternal-arrow"},"wdio_ui5_key":"applicationmanagepartners-display-component---NewPartner--partnerDetailInternal-arrow"}]}
RESULT: {"script":"<script> [1562 bytes]","args":[{"selector":{"id":"application-managepartners-display-component---NewPartner--partnerDetailInternal-arrow"},"wdio_ui5_key":"applicationmanagepartners-display-component---NewPartner--partnerDetailInternal-arrow"}]}
RESULT: undefined
COMMAND: POST /session/7410a71b14728fd3846eb83ce69f197f/element - {"using":"xpath","value":"//*[@id=\"application-managepartners-display-component---NewPartner--partnerDetailInternal-arrow\"]"}
RESULT: {"using":"xpath","value":"//*[@id=\"application-managepartners-display-component---NewPartner--partnerDetailInternal-arrow\"]"}
COMMAND: POST /session/7410a71b14728fd3846eb83ce69f197f/element/f.86015CA9C3D3DEEAC7F6EBF17DD69AAD.d.EBCE6ED0FDFA2CC4E319992E9454B41C.e.5085/click - {}
RESULT: {}
COMMAND: POST /session/7410a71b14728fd3846eb83ce69f197f/element - {"using":"xpath","value":"//span[contains(text(), \"Affiliated company\")]"}
COMMAND: GET /session/7410a71b14728fd3846eb83ce69f197f/screenshot - {}
RESULT: {"using":"xpath","value":"//span[contains(text(), \"Affiliated company\")]"}
COMMAND: POST /session/7410a71b14728fd3846eb83ce69f197f/element/f.86015CA9C3D3DEEAC7F6EBF17DD69AAD.d.EBCE6ED0FDFA2CC4E319992E9454B41C.e.5086/click - {}
RESULT: {}
RESULT: {}
COMMAND: POST /session/7410a71b14728fd3846eb83ce69f197f/execute/async - {"script":"<script> [1562 bytes]","args":[{"selector":{"id":"application-managepartners-display-component---NewPartner--partnerDetailsCurrency-arrow"},"wdio_ui5_key":"applicationmanagepartners-display-component---NewPartner--partnerDetailsCurrency-arrow"}]}
COMMAND: GET /session/7410a71b14728fd3846eb83ce69f197f/screenshot - {}
RESULT: {"script":"<script> [1562 bytes]","args":[{"selector":{"id":"application-managepartners-display-component---NewPartner--partnerDetailsCurrency-arrow"},"wdio_ui5_key":"applicationmanagepartners-display-component---NewPartner--partnerDetailsCurrency-arrow"}]}
RESULT: undefined
COMMAND: POST /session/7410a71b14728fd3846eb83ce69f197f/element - {"using":"xpath","value":"//*[@id=\"application-managepartners-display-component---NewPartner--partnerDetailsCurrency-arrow\"]"}
RESULT: {}
RESULT: {"using":"xpath","value":"//*[@id=\"application-managepartners-display-component---NewPartner--partnerDetailsCurrency-arrow\"]"}
COMMAND: POST /session/7410a71b14728fd3846eb83ce69f197f/element/f.86015CA9C3D3DEEAC7F6EBF17DD69AAD.d.EBCE6ED0FDFA2CC4E319992E9454B41C.e.5093/click - {}
RESULT: {}
COMMAND: POST /session/7410a71b14728fd3846eb83ce69f197f/element - {"using":"xpath","value":"//span[contains(text(), \"Euro\")]"}
COMMAND: GET /session/7410a71b14728fd3846eb83ce69f197f/screenshot - {}
RESULT: {"using":"xpath","value":"//span[contains(text(), \"Euro\")]"}
COMMAND: POST /session/7410a71b14728fd3846eb83ce69f197f/element/f.86015CA9C3D3DEEAC7F6EBF17DD69AAD.d.EBCE6ED0FDFA2CC4E319992E9454B41C.e.5094/click - {}
RESULT: {}
RESULT: {}
COMMAND: POST /session/7410a71b14728fd3846eb83ce69f197f/execute/async - {"script":"<script> [1562 bytes]","args":[{"selector":{"id":"application-managepartners-display-component---NewPartner--addressEditDetailsCostObjectCstType-arrow"},"wdio_ui5_key":"applicationmanagepartners-display-component---NewPartner--addressEditDetailsCostObjectCstType-arrow"}]}
COMMAND: GET /session/7410a71b14728fd3846eb83ce69f197f/screenshot - {}
RESULT: {"script":"<script> [1562 bytes]","args":[{"selector":{"id":"application-managepartners-display-component---NewPartner--addressEditDetailsCostObjectCstType-arrow"},"wdio_ui5_key":"applicationmanagepartners-display-component---NewPartner--addressEditDetailsCostObjectCstType-arrow"}]}
RESULT: undefined
COMMAND: POST /session/7410a71b14728fd3846eb83ce69f197f/element - {"using":"xpath","value":"//*[@id=\"application-managepartners-display-component---NewPartner--addressEditDetailsCostObjectCstType-arrow\"]"}
RESULT: {}
RESULT: {"using":"xpath","value":"//*[@id=\"application-managepartners-display-component---NewPartner--addressEditDetailsCostObjectCstType-arrow\"]"}
COMMAND: POST /session/7410a71b14728fd3846eb83ce69f197f/element/f.86015CA9C3D3DEEAC7F6EBF17DD69AAD.d.EBCE6ED0FDFA2CC4E319992E9454B41C.e.5095/click - {}
RESULT: {}
COMMAND: POST /session/7410a71b14728fd3846eb83ce69f197f/element - {"using":"xpath","value":"//span[contains(text(), \"Cost Center\")]"}
COMMAND: GET /session/7410a71b14728fd3846eb83ce69f197f/screenshot - {}
RESULT: {"using":"xpath","value":"//span[contains(text(), \"Cost Center\")]"}
COMMAND: POST /session/7410a71b14728fd3846eb83ce69f197f/element/f.86015CA9C3D3DEEAC7F6EBF17DD69AAD.d.EBCE6ED0FDFA2CC4E319992E9454B41C.e.5096/click - {}
RESULT: {}
RESULT: {}
COMMAND: GET /session/7410a71b14728fd3846eb83ce69f197f/screenshot - {}
RESULT: {}
COMMAND: POST /session/7410a71b14728fd3846eb83ce69f197f/element - {"using":"xpath","value":"//span[@id=\"application-managepartners-display-component---NewPartner--addressNewCostObjectCstID-vhi\"]"}
RESULT: {"using":"xpath","value":"//span[@id=\"application-managepartners-display-component---NewPartner--addressNewCostObjectCstID-vhi\"]"}
COMMAND: POST /session/7410a71b14728fd3846eb83ce69f197f/execute/sync - {"script":"<script> [8489 bytes]","args":[{"element-6066-11e4-a52e-4f735466cecf":"f.86015CA9C3D3DEEAC7F6EBF17DD69AAD.d.EBCE6ED0FDFA2CC4E319992E9454B41C.e.5100","ELEMENT":"f.86015CA9C3D3DEEAC7F6EBF17DD69AAD.d.EBCE6ED0FDFA2CC4E319992E9454B41C.e.5100"}]}
RESULT: {"script":"<script> [8489 bytes]","args":[{"element-6066-11e4-a52e-4f735466cecf":"f.86015CA9C3D3DEEAC7F6EBF17DD69AAD.d.EBCE6ED0FDFA2CC4E319992E9454B41C.e.5100","ELEMENT":"f.86015CA9C3D3DEEAC7F6EBF17DD69AAD.d.EBCE6ED0FDFA2CC4E319992E9454B41C.e.5100"}]}
COMMAND: POST /session/7410a71b14728fd3846eb83ce69f197f/execute/async - {"script":"<script> [1562 bytes]","args":[{"selector":{"id":"application-managepartners-display-component---NewPartner--addressNewCostObjectCstID-vhi"},"wdio_ui5_key":"applicationmanagepartners-display-component---NewPartner--addressNewCostObjectCstID-vhi"}]}
COMMAND: GET /session/7410a71b14728fd3846eb83ce69f197f/screenshot - {}
RESULT: {"script":"<script> [1562 bytes]","args":[{"selector":{"id":"application-managepartners-display-component---NewPartner--addressNewCostObjectCstID-vhi"},"wdio_ui5_key":"applicationmanagepartners-display-component---NewPartner--addressNewCostObjectCstID-vhi"}]}
RESULT: undefined
COMMAND: POST /session/7410a71b14728fd3846eb83ce69f197f/element - {"using":"xpath","value":"//*[@id=\"application-managepartners-display-component---NewPartner--addressNewCostObjectCstID-vhi\"]"}
RESULT: {}
RESULT: {"using":"xpath","value":"//*[@id=\"application-managepartners-display-component---NewPartner--addressNewCostObjectCstID-vhi\"]"}
COMMAND: POST /session/7410a71b14728fd3846eb83ce69f197f/element/f.86015CA9C3D3DEEAC7F6EBF17DD69AAD.d.EBCE6ED0FDFA2CC4E319992E9454B41C.e.5100/click - {}
RESULT: {}
COMMAND: GET /session/7410a71b14728fd3846eb83ce69f197f/screenshot - {}
RESULT: {}
COMMAND: POST /session/7410a71b14728fd3846eb83ce69f197f/execute/async - {"script":"<script> [1562 bytes]","args":[{"selector":{"controlType":"sap.m.SearchField","properties":{"placeholder":"Search"},"searchOpenDialogs":true,"interaction":{"idSuffix":"I"}},"wdio_ui5_key":"sapm.SearchField{\"placeholder\":\"Search\"}"}]}
RESULT: {"script":"<script> [1562 bytes]","args":[{"selector":{"controlType":"sap.m.SearchField","properties":{"placeholder":"Search"},"searchOpenDialogs":true,"interaction":{"idSuffix":"I"}},"wdio_ui5_key":"sapm.SearchField{\"placeholder\":\"Search\"}"}]}
RESULT: undefined
COMMAND: POST /session/7410a71b14728fd3846eb83ce69f197f/execute/async - {"script":"<script> [776 bytes]","args":[{"enterText":"10001013","selector":{"controlType":"sap.m.SearchField","properties":{"placeholder":"Search"},"searchOpenDialogs":true,"interaction":{"idSuffix":"I"}},"clearTextFirst":true,"interactionType":"ENTER_TEXT"}]}
RESULT: {"script":"<script> [776 bytes]","args":[{"enterText":"10001013","selector":{"controlType":"sap.m.SearchField","properties":{"placeholder":"Search"},"searchOpenDialogs":true,"interaction":{"idSuffix":"I"}},"clearTextFirst":true,"interactionType":"ENTER_TEXT"}]}
COMMAND: POST /session/7410a71b14728fd3846eb83ce69f197f/actions - {"actions":[{"id":"action12","type":"key","parameters":{},"actions":[{"type":"keyDown","value":""},{"type":"pause","duration":10},{"type":"keyUp","value":""}]}]}
RESULT: {"actions":[{"id":"action12","type":"key","parameters":{},"actions":[{"type":"keyDown","value":""},{"type":"pause","duration":10},{"type":"keyUp","value":""}]}]}
COMMAND: GET /session/7410a71b14728fd3846eb83ce69f197f/screenshot - {}
RESULT: {}
COMMAND: POST /session/7410a71b14728fd3846eb83ce69f197f/element - {"using":"xpath","value":"//span[contains(text(), \"General Management\")]"}
RESULT: {"using":"xpath","value":"//span[contains(text(), \"General Management\")]"}
COMMAND: POST /session/7410a71b14728fd3846eb83ce69f197f/element/f.86015CA9C3D3DEEAC7F6EBF17DD69AAD.d.EBCE6ED0FDFA2CC4E319992E9454B41C.e.5142/click - {}
RESULT: {}
COMMAND: GET /session/7410a71b14728fd3846eb83ce69f197f/screenshot - {}
RESULT: {}
COMMAND: POST /session/7410a71b14728fd3846eb83ce69f197f/element - {"using":"xpath","value":"//bdi[contains(text(), \"OK\")]"}
RESULT: {"using":"xpath","value":"//bdi[contains(text(), \"OK\")]"}
COMMAND: POST /session/7410a71b14728fd3846eb83ce69f197f/element/f.86015CA9C3D3DEEAC7F6EBF17DD69AAD.d.EBCE6ED0FDFA2CC4E319992E9454B41C.e.5143/click - {}
RESULT: {}
COMMAND: GET /session/7410a71b14728fd3846eb83ce69f197f/screenshot - {}
RESULT: {}
COMMAND: POST /session/7410a71b14728fd3846eb83ce69f197f/element - {"using":"xpath","value":"//input[@id=\"application-managepartners-display-component---NewPartner--companyCodeComboBox-inner\"]"}
RESULT: {"using":"xpath","value":"//input[@id=\"application-managepartners-display-component---NewPartner--companyCodeComboBox-inner\"]"}
COMMAND: POST /session/7410a71b14728fd3846eb83ce69f197f/element/f.86015CA9C3D3DEEAC7F6EBF17DD69AAD.d.EBCE6ED0FDFA2CC4E319992E9454B41C.e.5027/clear - {}
RESULT: {}
COMMAND: POST /session/7410a71b14728fd3846eb83ce69f197f/element/f.86015CA9C3D3DEEAC7F6EBF17DD69AAD.d.EBCE6ED0FDFA2CC4E319992E9454B41C.e.5027/value - {"text":"1000"}
COMMAND: GET /session/7410a71b14728fd3846eb83ce69f197f/screenshot - {}
RESULT: {"text":"1000"}
COMMAND: GET /session/7410a71b14728fd3846eb83ce69f197f/screenshot - {}
RESULT: {}
RESULT: {}
COMMAND: POST /session/7410a71b14728fd3846eb83ce69f197f/element - {"using":"xpath","value":"//li[.//span[text()= \"1000\"]]"}
RESULT: {"using":"xpath","value":"//li[.//span[text()= \"1000\"]]"}
COMMAND: POST /session/7410a71b14728fd3846eb83ce69f197f/element/f.86015CA9C3D3DEEAC7F6EBF17DD69AAD.d.EBCE6ED0FDFA2CC4E319992E9454B41C.e.5149/click - {}
RESULT: {}
COMMAND: GET /session/7410a71b14728fd3846eb83ce69f197f/screenshot - {}
RESULT: {}
COMMAND: POST /session/7410a71b14728fd3846eb83ce69f197f/execute/async - {"script":"<script> [1562 bytes]","args":[{"selector":{"id":"application-managepartners-display-component---NewPartner--btnAddTableRow-img"},"wdio_ui5_key":"applicationmanagepartners-display-component---NewPartner--btnAddTableRow-img"}]}
RESULT: {"script":"<script> [1562 bytes]","args":[{"selector":{"id":"application-managepartners-display-component---NewPartner--btnAddTableRow-img"},"wdio_ui5_key":"applicationmanagepartners-display-component---NewPartner--btnAddTableRow-img"}]}
RESULT: undefined
COMMAND: POST /session/7410a71b14728fd3846eb83ce69f197f/element - {"using":"xpath","value":"//*[@id=\"application-managepartners-display-component---NewPartner--btnAddTableRow-img\"]"}
RESULT: {"using":"xpath","value":"//*[@id=\"application-managepartners-display-component---NewPartner--btnAddTableRow-img\"]"}
COMMAND: POST /session/7410a71b14728fd3846eb83ce69f197f/element/f.86015CA9C3D3DEEAC7F6EBF17DD69AAD.d.EBCE6ED0FDFA2CC4E319992E9454B41C.e.5150/click - {}
RESULT: {}
COMMAND: GET /session/7410a71b14728fd3846eb83ce69f197f/screenshot - {}
RESULT: {}
COMMAND: POST /session/7410a71b14728fd3846eb83ce69f197f/element - {"using":"xpath","value":"//input[@id=\"application-managepartners-display-component---NewPartner--assignmentYard-application-managepartners-display-component---NewPartner--assignmentsTable-0-inner\"]"}
RESULT: {"using":"xpath","value":"//input[@id=\"application-managepartners-display-component---NewPartner--assignmentYard-application-managepartners-display-component---NewPartner--assignmentsTable-0-inner\"]"}
COMMAND: POST /session/7410a71b14728fd3846eb83ce69f197f/element/f.86015CA9C3D3DEEAC7F6EBF17DD69AAD.d.EBCE6ED0FDFA2CC4E319992E9454B41C.e.5153/clear - {}
RESULT: {}
COMMAND: POST /session/7410a71b14728fd3846eb83ce69f197f/element/f.86015CA9C3D3DEEAC7F6EBF17DD69AAD.d.EBCE6ED0FDFA2CC4E319992E9454B41C.e.5153/value - {"text":"257"}
COMMAND: GET /session/7410a71b14728fd3846eb83ce69f197f/screenshot - {}
RESULT: {"text":"257"}
COMMAND: GET /session/7410a71b14728fd3846eb83ce69f197f/screenshot - {}
RESULT: {}
RESULT: {}
COMMAND: POST /session/7410a71b14728fd3846eb83ce69f197f/element - {"using":"xpath","value":"//li[.//span[text()='257']]"}
RESULT: {"using":"xpath","value":"//li[.//span[text()='257']]"}
COMMAND: POST /session/7410a71b14728fd3846eb83ce69f197f/element/f.86015CA9C3D3DEEAC7F6EBF17DD69AAD.d.EBCE6ED0FDFA2CC4E319992E9454B41C.e.5162/click - {}
RESULT: {}
COMMAND: GET /session/7410a71b14728fd3846eb83ce69f197f/screenshot - {}
RESULT: {}
COMMAND: POST /session/7410a71b14728fd3846eb83ce69f197f/actions - {"actions":[{"id":"action13","type":"key","parameters":{},"actions":[{"type":"keyDown","value":""},{"type":"pause","duration":10},{"type":"keyUp","value":""}]}]}
RESULT: {"actions":[{"id":"action13","type":"key","parameters":{},"actions":[{"type":"keyDown","value":""},{"type":"pause","duration":10},{"type":"keyUp","value":""}]}]}
COMMAND: POST /session/7410a71b14728fd3846eb83ce69f197f/execute/async - {"script":"<script> [1562 bytes]","args":[{"selector":{"id":"application-managepartners-display-component---NewPartner--externalCustomerComboBox-application-managepartners-display-component---NewPartner--assignmentsTable-0-vhi"},"wdio_ui5_key":"applicationmanagepartners-display-component---NewPartner--externalCustomerComboBox-application-managepartners-display-component---NewPartner--assignmentsTable-0-vhi"}]}
COMMAND: GET /session/7410a71b14728fd3846eb83ce69f197f/screenshot - {}
RESULT: {"script":"<script> [1562 bytes]","args":[{"selector":{"id":"application-managepartners-display-component---NewPartner--externalCustomerComboBox-application-managepartners-display-component---NewPartner--assignmentsTable-0-vhi"},"wdio_ui5_key":"applicationmanagepartners-display-component---NewPartner--externalCustomerComboBox-application-managepartners-display-component---NewPartner--assignmentsTable-0-vhi"}]}
RESULT: undefined
COMMAND: POST /session/7410a71b14728fd3846eb83ce69f197f/element - {"using":"xpath","value":"//*[@id=\"application-managepartners-display-component---NewPartner--externalCustomerComboBox-application-managepartners-display-component---NewPartner--assignmentsTable-0-vhi\"]"}
RESULT: {}
RESULT: {"using":"xpath","value":"//*[@id=\"application-managepartners-display-component---NewPartner--externalCustomerComboBox-application-managepartners-display-component---NewPartner--assignmentsTable-0-vhi\"]"}
COMMAND: POST /session/7410a71b14728fd3846eb83ce69f197f/element/f.86015CA9C3D3DEEAC7F6EBF17DD69AAD.d.EBCE6ED0FDFA2CC4E319992E9454B41C.e.5166/click - {}
RESULT: {}
RESULT: undefined
COMMAND: POST /session/7410a71b14728fd3846eb83ce69f197f/execute/async - {"script":"<script> [776 bytes]","args":[{"enterText":"300003","selector":{"controlType":"sap.m.SearchField","properties":{"placeholder":"Search"},"searchOpenDialogs":true,"interaction":{"idSuffix":"I"}},"clearTextFirst":true,"interactionType":"ENTER_TEXT"}]}
COMMAND: GET /session/7410a71b14728fd3846eb83ce69f197f/screenshot - {}
RESULT: {"script":"<script> [776 bytes]","args":[{"enterText":"300003","selector":{"controlType":"sap.m.SearchField","properties":{"placeholder":"Search"},"searchOpenDialogs":true,"interaction":{"idSuffix":"I"}},"clearTextFirst":true,"interactionType":"ENTER_TEXT"}]}
COMMAND: POST /session/7410a71b14728fd3846eb83ce69f197f/actions - {"actions":[{"id":"action14","type":"key","parameters":{},"actions":[{"type":"keyDown","value":""},{"type":"pause","duration":10},{"type":"keyUp","value":""}]}]}
RESULT: {}
RESULT: {"actions":[{"id":"action14","type":"key","parameters":{},"actions":[{"type":"keyDown","value":""},{"type":"pause","duration":10},{"type":"keyUp","value":""}]}]}
COMMAND: GET /session/7410a71b14728fd3846eb83ce69f197f/screenshot - {}
RESULT: {}
COMMAND: POST /session/7410a71b14728fd3846eb83ce69f197f/element - {"using":"xpath","value":"//span[contains(text(), \"300003\")]"}
RESULT: {"using":"xpath","value":"//span[contains(text(), \"300003\")]"}
COMMAND: POST /session/7410a71b14728fd3846eb83ce69f197f/element/f.86015CA9C3D3DEEAC7F6EBF17DD69AAD.d.EBCE6ED0FDFA2CC4E319992E9454B41C.e.5186/click - {}
RESULT: {}
COMMAND: GET /session/7410a71b14728fd3846eb83ce69f197f/screenshot - {}
RESULT: {}
COMMAND: POST /session/7410a71b14728fd3846eb83ce69f197f/element - {"using":"xpath","value":"//bdi[contains(text(), \"OK\")]"}
RESULT: {"using":"xpath","value":"//bdi[contains(text(), \"OK\")]"}
COMMAND: POST /session/7410a71b14728fd3846eb83ce69f197f/element/f.86015CA9C3D3DEEAC7F6EBF17DD69AAD.d.EBCE6ED0FDFA2CC4E319992E9454B41C.e.5188/click - {}
RESULT: {}
COMMAND: GET /session/7410a71b14728fd3846eb83ce69f197f/screenshot - {}
RESULT: {}
COMMAND: POST /session/7410a71b14728fd3846eb83ce69f197f/execute/async - {"script":"<script> [1562 bytes]","args":[{"selector":{"id":"application-managepartners-display-component---NewPartner--intercompVendorComboBox-application-managepartners-display-component---NewPartner--assignmentsTable-0-vhi"},"wdio_ui5_key":"applicationmanagepartners-display-component---NewPartner--intercompVendorComboBox-application-managepartners-display-component---NewPartner--assignmentsTable-0-vhi"}]}
RESULT: {"script":"<script> [1562 bytes]","args":[{"selector":{"id":"application-managepartners-display-component---NewPartner--intercompVendorComboBox-application-managepartners-display-component---NewPartner--assignmentsTable-0-vhi"},"wdio_ui5_key":"applicationmanagepartners-display-component---NewPartner--intercompVendorComboBox-application-managepartners-display-component---NewPartner--assignmentsTable-0-vhi"}]}
RESULT: undefined
COMMAND: POST /session/7410a71b14728fd3846eb83ce69f197f/element - {"using":"xpath","value":"//*[@id=\"application-managepartners-display-component---NewPartner--intercompVendorComboBox-application-managepartners-display-component---NewPartner--assignmentsTable-0-vhi\"]"}
RESULT: {"using":"xpath","value":"//*[@id=\"application-managepartners-display-component---NewPartner--intercompVendorComboBox-application-managepartners-display-component---NewPartner--assignmentsTable-0-vhi\"]"}
COMMAND: POST /session/7410a71b14728fd3846eb83ce69f197f/element/f.86015CA9C3D3DEEAC7F6EBF17DD69AAD.d.EBCE6ED0FDFA2CC4E319992E9454B41C.e.5192/click - {}
RESULT: {}
RESULT: undefined
COMMAND: POST /session/7410a71b14728fd3846eb83ce69f197f/execute/async - {"script":"<script> [776 bytes]","args":[{"enterText":"100005","selector":{"controlType":"sap.m.SearchField","properties":{"placeholder":"Search"},"searchOpenDialogs":true,"interaction":{"idSuffix":"I"}},"clearTextFirst":true,"interactionType":"ENTER_TEXT"}]}
COMMAND: GET /session/7410a71b14728fd3846eb83ce69f197f/screenshot - {}
RESULT: {"script":"<script> [776 bytes]","args":[{"enterText":"100005","selector":{"controlType":"sap.m.SearchField","properties":{"placeholder":"Search"},"searchOpenDialogs":true,"interaction":{"idSuffix":"I"}},"clearTextFirst":true,"interactionType":"ENTER_TEXT"}]}
COMMAND: POST /session/7410a71b14728fd3846eb83ce69f197f/actions - {"actions":[{"id":"action15","type":"key","parameters":{},"actions":[{"type":"keyDown","value":""},{"type":"pause","duration":10},{"type":"keyUp","value":""}]}]}
RESULT: {}
RESULT: {"actions":[{"id":"action15","type":"key","parameters":{},"actions":[{"type":"keyDown","value":""},{"type":"pause","duration":10},{"type":"keyUp","value":""}]}]}
COMMAND: GET /session/7410a71b14728fd3846eb83ce69f197f/screenshot - {}
RESULT: {}
COMMAND: POST /session/7410a71b14728fd3846eb83ce69f197f/element - {"using":"xpath","value":"//span[contains(text(), \"Penguins - Field/12345 Berlin\")]"}
RESULT: {"using":"xpath","value":"//span[contains(text(), \"Penguins - Field/12345 Berlin\")]"}
COMMAND: POST /session/7410a71b14728fd3846eb83ce69f197f/element/f.86015CA9C3D3DEEAC7F6EBF17DD69AAD.d.EBCE6ED0FDFA2CC4E319992E9454B41C.e.5210/click - {}
RESULT: {}
COMMAND: GET /session/7410a71b14728fd3846eb83ce69f197f/screenshot - {}
RESULT: {}
COMMAND: POST /session/7410a71b14728fd3846eb83ce69f197f/element - {"using":"xpath","value":"//bdi[contains(text(), \"OK\")]"}
RESULT: {"using":"xpath","value":"//bdi[contains(text(), \"OK\")]"}
COMMAND: POST /session/7410a71b14728fd3846eb83ce69f197f/element/f.86015CA9C3D3DEEAC7F6EBF17DD69AAD.d.EBCE6ED0FDFA2CC4E319992E9454B41C.e.5211/click - {}
RESULT: {}
COMMAND: GET /session/7410a71b14728fd3846eb83ce69f197f/screenshot - {}
RESULT: {}
COMMAND: POST /session/7410a71b14728fd3846eb83ce69f197f/element - {"using":"xpath","value":"//button[@data-kt=\"saveButton\"]"}
RESULT: {"using":"xpath","value":"//button[@data-kt=\"saveButton\"]"}
COMMAND: POST /session/7410a71b14728fd3846eb83ce69f197f/element/f.86015CA9C3D3DEEAC7F6EBF17DD69AAD.d.EBCE6ED0FDFA2CC4E319992E9454B41C.e.5053/click - {}
RESULT: {}
COMMAND: GET /session/7410a71b14728fd3846eb83ce69f197f/screenshot - {}
RESULT: {}
COMMAND: POST /session/7410a71b14728fd3846eb83ce69f197f/element - {"using":"xpath","value":"//header[contains(@id, 'ObjectPageLayout-headerTitle')]/div[1]/div[2]/div[2]/span[1]"}
RESULT: {"using":"xpath","value":"//header[contains(@id, 'ObjectPageLayout-headerTitle')]/div[1]/div[2]/div[2]/span[1]"}
COMMAND: POST /session/7410a71b14728fd3846eb83ce69f197f/elements - {"using":"xpath","value":"//header[contains(@id, 'ObjectPageLayout-headerTitle')]/div[1]/div[2]/div[2]/span[1]"}
RESULT: {"using":"xpath","value":"//header[contains(@id, 'ObjectPageLayout-headerTitle')]/div[1]/div[2]/div[2]/span[1]"}
COMMAND: POST /session/7410a71b14728fd3846eb83ce69f197f/execute/sync - {"script":"<script> [56 bytes]","args":[{"element-6066-11e4-a52e-4f735466cecf":"f.86015CA9C3D3DEEAC7F6EBF17DD69AAD.d.EBCE6ED0FDFA2CC4E319992E9454B41C.e.5376","ELEMENT":"f.86015CA9C3D3DEEAC7F6EBF17DD69AAD.d.EBCE6ED0FDFA2CC4E319992E9454B41C.e.5376"}]}
RESULT: {"script":"<script> [56 bytes]","args":[{"element-6066-11e4-a52e-4f735466cecf":"f.86015CA9C3D3DEEAC7F6EBF17DD69AAD.d.EBCE6ED0FDFA2CC4E319992E9454B41C.e.5376","ELEMENT":"f.86015CA9C3D3DEEAC7F6EBF17DD69AAD.d.EBCE6ED0FDFA2CC4E319992E9454B41C.e.5376"}]}
COMMAND: POST /session/7410a71b14728fd3846eb83ce69f197f/element - {"using":"css selector","value":"#shell-header-logo"}
COMMAND: GET /session/7410a71b14728fd3846eb83ce69f197f/screenshot - {}
RESULT: {"using":"css selector","value":"#shell-header-logo"}
COMMAND: POST /session/7410a71b14728fd3846eb83ce69f197f/element/f.86015CA9C3D3DEEAC7F6EBF17DD69AAD.d.EBCE6ED0FDFA2CC4E319992E9454B41C.e.4593/click - {}
RESULT: {}
RESULT: {}
COMMAND: GET /session/7410a71b14728fd3846eb83ce69f197f/screenshot - {}
RESULT: {}
COMMAND: POST /session/7410a71b14728fd3846eb83ce69f197f/execute/sync - {"script":"<script> [299 bytes]","args":[["getModel","getResource"]]}
RESULT: {"script":"<script> [299 bytes]","args":[["getModel","getResource"]]}
RESULT: undefined
COMMAND: POST /session/7410a71b14728fd3846eb83ce69f197f/element - {"using":"xpath","value":"//*[@id=\"__tile30\"]"}
RESULT: {"using":"xpath","value":"//*[@id=\"__tile30\"]"}
COMMAND: POST /session/7410a71b14728fd3846eb83ce69f197f/element/f.86015CA9C3D3DEEAC7F6EBF17DD69AAD.d.EBCE6ED0FDFA2CC4E319992E9454B41C.e.4514/click - {}
COMMAND: GET /session/7410a71b14728fd3846eb83ce69f197f/screenshot - {}
RESULT: {}
COMMAND: GET /session/7410a71b14728fd3846eb83ce69f197f/screenshot - {}
RESULT: {}
COMMAND: POST /session/7410a71b14728fd3846eb83ce69f197f/elements - {"using":"xpath","value":"//span[text()='Error']"}
RESULT: {}
RESULT: {"using":"xpath","value":"//span[text()='Error']"}
COMMAND: POST /session/7410a71b14728fd3846eb83ce69f197f/element - {"using":"xpath","value":"//button[@data-kt=\"addButton\"]"}
RESULT: {"using":"xpath","value":"//button[@data-kt=\"addButton\"]"}
COMMAND: POST /session/7410a71b14728fd3846eb83ce69f197f/elements - {"using":"xpath","value":"//button[@data-kt=\"addButton\"]"}
RESULT: {"using":"xpath","value":"//button[@data-kt=\"addButton\"]"}
COMMAND: POST /session/7410a71b14728fd3846eb83ce69f197f/execute/sync - {"script":"<script> [8489 bytes]","args":[{"element-6066-11e4-a52e-4f735466cecf":"f.86015CA9C3D3DEEAC7F6EBF17DD69AAD.d.EBCE6ED0FDFA2CC4E319992E9454B41C.e.5424","ELEMENT":"f.86015CA9C3D3DEEAC7F6EBF17DD69AAD.d.EBCE6ED0FDFA2CC4E319992E9454B41C.e.5424"}]}
RESULT: {"script":"<script> [8489 bytes]","args":[{"element-6066-11e4-a52e-4f735466cecf":"f.86015CA9C3D3DEEAC7F6EBF17DD69AAD.d.EBCE6ED0FDFA2CC4E319992E9454B41C.e.5424","ELEMENT":"f.86015CA9C3D3DEEAC7F6EBF17DD69AAD.d.EBCE6ED0FDFA2CC4E319992E9454B41C.e.5424"}]}
COMMAND: GET /session/7410a71b14728fd3846eb83ce69f197f/element/f.86015CA9C3D3DEEAC7F6EBF17DD69AAD.d.EBCE6ED0FDFA2CC4E319992E9454B41C.e.5424/enabled - {}
COMMAND: GET /session/7410a71b14728fd3846eb83ce69f197f/screenshot - {}
RESULT: {}
COMMAND: POST /session/7410a71b14728fd3846eb83ce69f197f/execute/sync - {"script":"<script> [8489 bytes]","args":[{"element-6066-11e4-a52e-4f735466cecf":"f.86015CA9C3D3DEEAC7F6EBF17DD69AAD.d.EBCE6ED0FDFA2CC4E319992E9454B41C.e.5424","ELEMENT":"f.86015CA9C3D3DEEAC7F6EBF17DD69AAD.d.EBCE6ED0FDFA2CC4E319992E9454B41C.e.5424"}]}
COMMAND: GET /session/7410a71b14728fd3846eb83ce69f197f/screenshot - {}
RESULT: {}
RESULT: {"script":"<script> [8489 bytes]","args":[{"element-6066-11e4-a52e-4f735466cecf":"f.86015CA9C3D3DEEAC7F6EBF17DD69AAD.d.EBCE6ED0FDFA2CC4E319992E9454B41C.e.5424","ELEMENT":"f.86015CA9C3D3DEEAC7F6EBF17DD69AAD.d.EBCE6ED0FDFA2CC4E319992E9454B41C.e.5424"}]}
COMMAND: POST /session/7410a71b14728fd3846eb83ce69f197f/execute/sync - {"script":"<script> [5351 bytes]","args":[{"element-6066-11e4-a52e-4f735466cecf":"f.86015CA9C3D3DEEAC7F6EBF17DD69AAD.d.EBCE6ED0FDFA2CC4E319992E9454B41C.e.5424","ELEMENT":"f.86015CA9C3D3DEEAC7F6EBF17DD69AAD.d.EBCE6ED0FDFA2CC4E319992E9454B41C.e.5424"}]}
COMMAND: GET /session/7410a71b14728fd3846eb83ce69f197f/screenshot - {}
RESULT: {}
RESULT: {"script":"<script> [5351 bytes]","args":[{"element-6066-11e4-a52e-4f735466cecf":"f.86015CA9C3D3DEEAC7F6EBF17DD69AAD.d.EBCE6ED0FDFA2CC4E319992E9454B41C.e.5424","ELEMENT":"f.86015CA9C3D3DEEAC7F6EBF17DD69AAD.d.EBCE6ED0FDFA2CC4E319992E9454B41C.e.5424"}]}
COMMAND: GET /session/7410a71b14728fd3846eb83ce69f197f/screenshot - {}
RESULT: {}
RESULT: {}
COMMAND: POST /session/7410a71b14728fd3846eb83ce69f197f/execute/async - {"script":"<script> [1562 bytes]","args":[{"selector":{"id":"application-managepartners-display-component---masterPtm--smartFilterBar-btnBasicSearch","interaction":{"idSuffix":"I"}},"wdio_ui5_key":"applicationmanagepartners-display-component---masterPtm--smartFilterBar-btnBasicSearch"}]}
RESULT: {"script":"<script> [1562 bytes]","args":[{"selector":{"id":"application-managepartners-display-component---masterPtm--smartFilterBar-btnBasicSearch","interaction":{"idSuffix":"I"}},"wdio_ui5_key":"applicationmanagepartners-display-component---masterPtm--smartFilterBar-btnBasicSearch"}]}
RESULT: undefined
COMMAND: POST /session/7410a71b14728fd3846eb83ce69f197f/execute/async - {"script":"<script> [776 bytes]","args":[{"enterText":"1107","selector":{"id":"application-managepartners-display-component---masterPtm--smartFilterBar-btnBasicSearch","interaction":{"idSuffix":"I"}},"clearTextFirst":true,"interactionType":"ENTER_TEXT"}]}
RESULT: {"script":"<script> [776 bytes]","args":[{"enterText":"1107","selector":{"id":"application-managepartners-display-component---masterPtm--smartFilterBar-btnBasicSearch","interaction":{"idSuffix":"I"}},"clearTextFirst":true,"interactionType":"ENTER_TEXT"}]}
COMMAND: POST /session/7410a71b14728fd3846eb83ce69f197f/actions - {"actions":[{"id":"action16","type":"key","parameters":{},"actions":[{"type":"keyDown","value":""},{"type":"pause","duration":10},{"type":"keyUp","value":""}]}]}
RESULT: {"actions":[{"id":"action16","type":"key","parameters":{},"actions":[{"type":"keyDown","value":""},{"type":"pause","duration":10},{"type":"keyUp","value":""}]}]}
COMMAND: GET /session/7410a71b14728fd3846eb83ce69f197f/screenshot - {}
RESULT: {}
COMMAND: POST /session/7410a71b14728fd3846eb83ce69f197f/elements - {"using":"xpath","value":"//table[contains(@id, \"customPartnersTable-listUl\")]/tbody/tr"}
RESULT: {"using":"xpath","value":"//table[contains(@id, \"customPartnersTable-listUl\")]/tbody/tr"}
COMMAND: POST /session/7410a71b14728fd3846eb83ce69f197f/element - {"using":"xpath","value":"//table[contains(@id, \"customPartnersTable-listUl\")]/tbody/tr[1]/td[3]/span"}
RESULT: {"using":"xpath","value":"//table[contains(@id, \"customPartnersTable-listUl\")]/tbody/tr[1]/td[3]/span"}
COMMAND: POST /session/7410a71b14728fd3846eb83ce69f197f/elements - {"using":"xpath","value":"//table[contains(@id, \"customPartnersTable-listUl\")]/tbody/tr[1]/td[3]/span"}
RESULT: {"using":"xpath","value":"//table[contains(@id, \"customPartnersTable-listUl\")]/tbody/tr[1]/td[3]/span"}
COMMAND: POST /session/7410a71b14728fd3846eb83ce69f197f/execute/sync - {"script":"<script> [56 bytes]","args":[{"element-6066-11e4-a52e-4f735466cecf":"f.86015CA9C3D3DEEAC7F6EBF17DD69AAD.d.EBCE6ED0FDFA2CC4E319992E9454B41C.e.5564","ELEMENT":"f.86015CA9C3D3DEEAC7F6EBF17DD69AAD.d.EBCE6ED0FDFA2CC4E319992E9454B41C.e.5564"}]}
RESULT: {"script":"<script> [56 bytes]","args":[{"element-6066-11e4-a52e-4f735466cecf":"f.86015CA9C3D3DEEAC7F6EBF17DD69AAD.d.EBCE6ED0FDFA2CC4E319992E9454B41C.e.5564","ELEMENT":"f.86015CA9C3D3DEEAC7F6EBF17DD69AAD.d.EBCE6ED0FDFA2CC4E319992E9454B41C.e.5564"}]}
COMMAND: POST /session/7410a71b14728fd3846eb83ce69f197f/element - {"using":"xpath","value":"(//span[contains(@id, \"imgNav\")])[1]"}
COMMAND: GET /session/7410a71b14728fd3846eb83ce69f197f/screenshot - {}
RESULT: {"using":"xpath","value":"(//span[contains(@id, \"imgNav\")])[1]"}
COMMAND: POST /session/7410a71b14728fd3846eb83ce69f197f/element/f.86015CA9C3D3DEEAC7F6EBF17DD69AAD.d.EBCE6ED0FDFA2CC4E319992E9454B41C.e.5562/click - {}
RESULT: {}
RESULT: {}
COMMAND: GET /session/7410a71b14728fd3846eb83ce69f197f/screenshot - {}
RESULT: {}
COMMAND: POST /session/7410a71b14728fd3846eb83ce69f197f/element - {"using":"xpath","value":"//bdi[contains(text(), \"Edit\")]"}
RESULT: {"using":"xpath","value":"//bdi[contains(text(), \"Edit\")]"}
COMMAND: POST /session/7410a71b14728fd3846eb83ce69f197f/element/f.86015CA9C3D3DEEAC7F6EBF17DD69AAD.d.EBCE6ED0FDFA2CC4E319992E9454B41C.e.5709/click - {}
RESULT: {}
COMMAND: GET /session/7410a71b14728fd3846eb83ce69f197f/screenshot - {}
RESULT: {}
COMMAND: POST /session/7410a71b14728fd3846eb83ce69f197f/execute/async - {"script":"<script> [1562 bytes]","args":[{"selector":{"controlType":"sap.m.Input","viewName":"etm.portal.ui.managepartners.view.EditDetail","labelFor":{"text":"Name"},"interaction":{"idSuffix":"inner"}},"wdio_ui5_key":"etmportal.ui.managepartners.view.EditDetailsap.m.Input{\"text\":\"Name\"}"}]}
RESULT: {"script":"<script> [1562 bytes]","args":[{"selector":{"controlType":"sap.m.Input","viewName":"etm.portal.ui.managepartners.view.EditDetail","labelFor":{"text":"Name"},"interaction":{"idSuffix":"inner"}},"wdio_ui5_key":"etmportal.ui.managepartners.view.EditDetailsap.m.Input{\"text\":\"Name\"}"}]}
RESULT: undefined
COMMAND: POST /session/7410a71b14728fd3846eb83ce69f197f/execute/async - {"script":"<script> [776 bytes]","args":[{"enterText":"Intracompany EDIT","selector":{"controlType":"sap.m.Input","viewName":"etm.portal.ui.managepartners.view.EditDetail","labelFor":{"text":"Name"},"interaction":{"idSuffix":"inner"}},"clearTextFirst":true,"interactionType":"ENTER_TEXT"}]}
RESULT: {"script":"<script> [776 bytes]","args":[{"enterText":"Intracompany EDIT","selector":{"controlType":"sap.m.Input","viewName":"etm.portal.ui.managepartners.view.EditDetail","labelFor":{"text":"Name"},"interaction":{"idSuffix":"inner"}},"clearTextFirst":true,"interactionType":"ENTER_TEXT"}]}
COMMAND: POST /session/7410a71b14728fd3846eb83ce69f197f/element - {"using":"xpath","value":"(//span[contains(@id,\"addressDetailDetailsLanguage-arrow\")])[1]"}
RESULT: {"using":"xpath","value":"(//span[contains(@id,\"addressDetailDetailsLanguage-arrow\")])[1]"}
COMMAND: POST /session/7410a71b14728fd3846eb83ce69f197f/element/f.86015CA9C3D3DEEAC7F6EBF17DD69AAD.d.EBCE6ED0FDFA2CC4E319992E9454B41C.e.5793/click - {}
RESULT: {}
COMMAND: POST /session/7410a71b14728fd3846eb83ce69f197f/element - {"using":"xpath","value":"//span[contains(text(), \"Chinese\")]"}
COMMAND: GET /session/7410a71b14728fd3846eb83ce69f197f/screenshot - {}
RESULT: {"using":"xpath","value":"//span[contains(text(), \"Chinese\")]"}
COMMAND: POST /session/7410a71b14728fd3846eb83ce69f197f/element/f.86015CA9C3D3DEEAC7F6EBF17DD69AAD.d.EBCE6ED0FDFA2CC4E319992E9454B41C.e.5794/click - {}
RESULT: {}
RESULT: {}
COMMAND: GET /session/7410a71b14728fd3846eb83ce69f197f/screenshot - {}
RESULT: {}
COMMAND: POST /session/7410a71b14728fd3846eb83ce69f197f/execute/async - {"script":"<script> [1562 bytes]","args":[{"selector":{"controlType":"sap.m.Input","viewName":"etm.portal.ui.managepartners.view.EditDetail","labelFor":{"text":"City"},"interaction":{"idSuffix":"inner"}},"wdio_ui5_key":"etmportal.ui.managepartners.view.EditDetailsap.m.Input{\"text\":\"City\"}"}]}
RESULT: {"script":"<script> [1562 bytes]","args":[{"selector":{"controlType":"sap.m.Input","viewName":"etm.portal.ui.managepartners.view.EditDetail","labelFor":{"text":"City"},"interaction":{"idSuffix":"inner"}},"wdio_ui5_key":"etmportal.ui.managepartners.view.EditDetailsap.m.Input{\"text\":\"City\"}"}]}
RESULT: undefined
COMMAND: POST /session/7410a71b14728fd3846eb83ce69f197f/execute/async - {"script":"<script> [776 bytes]","args":[{"enterText":"Clooj-Napoca","selector":{"controlType":"sap.m.Input","viewName":"etm.portal.ui.managepartners.view.EditDetail","labelFor":{"text":"City"},"interaction":{"idSuffix":"inner"}},"clearTextFirst":true,"interactionType":"ENTER_TEXT"}]}
RESULT: {"script":"<script> [776 bytes]","args":[{"enterText":"Clooj-Napoca","selector":{"controlType":"sap.m.Input","viewName":"etm.portal.ui.managepartners.view.EditDetail","labelFor":{"text":"City"},"interaction":{"idSuffix":"inner"}},"clearTextFirst":true,"interactionType":"ENTER_TEXT"}]}
COMMAND: POST /session/7410a71b14728fd3846eb83ce69f197f/element - {"using":"xpath","value":"//button[@data-kt=\"saveButton\"]"}
RESULT: {"using":"xpath","value":"//button[@data-kt=\"saveButton\"]"}
COMMAND: POST /session/7410a71b14728fd3846eb83ce69f197f/element/f.86015CA9C3D3DEEAC7F6EBF17DD69AAD.d.EBCE6ED0FDFA2CC4E319992E9454B41C.e.5771/click - {}
RESULT: {}
COMMAND: GET /session/7410a71b14728fd3846eb83ce69f197f/screenshot - {}
RESULT: {}
COMMAND: POST /session/7410a71b14728fd3846eb83ce69f197f/execute/async - {"script":"<script> [1562 bytes]","args":[{"selector":{"id":"application-managepartners-display-component---detailPtm--addressDetailDetailsName1"},"wdio_ui5_key":"applicationmanagepartners-display-component---detailPtm--addressDetailDetailsName1"}]}
RESULT: {"script":"<script> [1562 bytes]","args":[{"selector":{"id":"application-managepartners-display-component---detailPtm--addressDetailDetailsName1"},"wdio_ui5_key":"applicationmanagepartners-display-component---detailPtm--addressDetailDetailsName1"}]}
RESULT: undefined
COMMAND: POST /session/7410a71b14728fd3846eb83ce69f197f/execute/async - {"script":"<script> [6424 bytes]","args":[{"element-6066-11e4-a52e-4f735466cecf":"f.86015CA9C3D3DEEAC7F6EBF17DD69AAD.d.EBCE6ED0FDFA2CC4E319992E9454B41C.e.5825"},"getValue",[]]}
RESULT: {"script":"<script> [6424 bytes]","args":[{"element-6066-11e4-a52e-4f735466cecf":"f.86015CA9C3D3DEEAC7F6EBF17DD69AAD.d.EBCE6ED0FDFA2CC4E319992E9454B41C.e.5825"},"getValue",[]]}
COMMAND: POST /session/7410a71b14728fd3846eb83ce69f197f/element - {"using":"xpath","value":"//input[@id = \"application-managepartners-display-component---detailPtm--addressDetailDetailsLanguage-inner\"]"}
RESULT: {"using":"xpath","value":"//input[@id = \"application-managepartners-display-component---detailPtm--addressDetailDetailsLanguage-inner\"]"}
COMMAND: GET /session/7410a71b14728fd3846eb83ce69f197f/element/f.86015CA9C3D3DEEAC7F6EBF17DD69AAD.d.EBCE6ED0FDFA2CC4E319992E9454B41C.e.5826/property/value - {}
RESULT: {}
COMMAND: POST /session/7410a71b14728fd3846eb83ce69f197f/execute/async - {"script":"<script> [1562 bytes]","args":[{"selector":{"id":"application-managepartners-display-component---detailPtm--addressDetailDetailsCity1"},"wdio_ui5_key":"applicationmanagepartners-display-component---detailPtm--addressDetailDetailsCity1"}]}
COMMAND: GET /session/7410a71b14728fd3846eb83ce69f197f/screenshot - {}
RESULT: {"script":"<script> [1562 bytes]","args":[{"selector":{"id":"application-managepartners-display-component---detailPtm--addressDetailDetailsCity1"},"wdio_ui5_key":"applicationmanagepartners-display-component---detailPtm--addressDetailDetailsCity1"}]}
RESULT: undefined
COMMAND: POST /session/7410a71b14728fd3846eb83ce69f197f/execute/async - {"script":"<script> [6424 bytes]","args":[{"element-6066-11e4-a52e-4f735466cecf":"f.86015CA9C3D3DEEAC7F6EBF17DD69AAD.d.EBCE6ED0FDFA2CC4E319992E9454B41C.e.5827"},"getValue",[]]}
RESULT: {}
RESULT: {"script":"<script> [6424 bytes]","args":[{"element-6066-11e4-a52e-4f735466cecf":"f.86015CA9C3D3DEEAC7F6EBF17DD69AAD.d.EBCE6ED0FDFA2CC4E319992E9454B41C.e.5827"},"getValue",[]]}
COMMAND: POST /session/7410a71b14728fd3846eb83ce69f197f/element - {"using":"css selector","value":"#shell-header-logo"}
RESULT: {"using":"css selector","value":"#shell-header-logo"}
COMMAND: POST /session/7410a71b14728fd3846eb83ce69f197f/element/f.86015CA9C3D3DEEAC7F6EBF17DD69AAD.d.EBCE6ED0FDFA2CC4E319992E9454B41C.e.5379/click - {}
RESULT: {}
COMMAND: GET /session/7410a71b14728fd3846eb83ce69f197f/screenshot - {}
RESULT: {}
]]></system-out>
    </testcase>
    <testcase classname="chrome.136_0_7103_93.windows.Partner_specific_tests_US150819_US151080_US151654_US151176_US103444_US151078_US151079_US151109_US151174_US151175_US151189" name="Should do filtering and navigation tests US151109" time="176.231">
      <system-out><![CDATA[
COMMAND: POST /session/7410a71b14728fd3846eb83ce69f197f/element - {"using":"xpath","value":"//li[.//span[text()=\"Manage Partners\"]]"}
RESULT: {"using":"xpath","value":"//li[.//span[text()=\"Manage Partners\"]]"}
COMMAND: POST /session/7410a71b14728fd3846eb83ce69f197f/element - {"using":"xpath","value":"//li[.//span[text()=\"Manage Partners\"]]"}
RESULT: {"using":"xpath","value":"//li[.//span[text()=\"Manage Partners\"]]"}
COMMAND: POST /session/7410a71b14728fd3846eb83ce69f197f/element - {"using":"css selector","value":"#shell-header-logo"}
RESULT: {"using":"css selector","value":"#shell-header-logo"}
COMMAND: POST /session/7410a71b14728fd3846eb83ce69f197f/element/f.86015CA9C3D3DEEAC7F6EBF17DD69AAD.d.EBCE6ED0FDFA2CC4E319992E9454B41C.e.5857/click - {}
COMMAND: POST /session/7410a71b14728fd3846eb83ce69f197f/execute/sync - {"script":"<script> [8489 bytes]","args":[{"element-6066-11e4-a52e-4f735466cecf":"f.86015CA9C3D3DEEAC7F6EBF17DD69AAD.d.EBCE6ED0FDFA2CC4E319992E9454B41C.e.5857","ELEMENT":"f.86015CA9C3D3DEEAC7F6EBF17DD69AAD.d.EBCE6ED0FDFA2CC4E319992E9454B41C.e.5857"}]}
RESULT: {"script":"<script> [8489 bytes]","args":[{"element-6066-11e4-a52e-4f735466cecf":"f.86015CA9C3D3DEEAC7F6EBF17DD69AAD.d.EBCE6ED0FDFA2CC4E319992E9454B41C.e.5857","ELEMENT":"f.86015CA9C3D3DEEAC7F6EBF17DD69AAD.d.EBCE6ED0FDFA2CC4E319992E9454B41C.e.5857"}]}
COMMAND: POST /session/7410a71b14728fd3846eb83ce69f197f/execute/sync - {"script":"<script> [5351 bytes]","args":[{"element-6066-11e4-a52e-4f735466cecf":"f.86015CA9C3D3DEEAC7F6EBF17DD69AAD.d.EBCE6ED0FDFA2CC4E319992E9454B41C.e.5857","ELEMENT":"f.86015CA9C3D3DEEAC7F6EBF17DD69AAD.d.EBCE6ED0FDFA2CC4E319992E9454B41C.e.5857"}]}
COMMAND: GET /session/7410a71b14728fd3846eb83ce69f197f/screenshot - {}
RESULT: {}
COMMAND: GET /session/7410a71b14728fd3846eb83ce69f197f/screenshot - {}
RESULT: {"script":"<script> [5351 bytes]","args":[{"element-6066-11e4-a52e-4f735466cecf":"f.86015CA9C3D3DEEAC7F6EBF17DD69AAD.d.EBCE6ED0FDFA2CC4E319992E9454B41C.e.5857","ELEMENT":"f.86015CA9C3D3DEEAC7F6EBF17DD69AAD.d.EBCE6ED0FDFA2CC4E319992E9454B41C.e.5857"}]}
COMMAND: GET /session/7410a71b14728fd3846eb83ce69f197f/screenshot - {}
RESULT: {}
RESULT: {}
RESULT: {}
RESULT: undefined
COMMAND: POST /session/7410a71b14728fd3846eb83ce69f197f/element - {"using":"xpath","value":"//*[@id=\"__tile30\"]"}
RESULT: {"using":"xpath","value":"//*[@id=\"__tile30\"]"}
COMMAND: POST /session/7410a71b14728fd3846eb83ce69f197f/element/f.86015CA9C3D3DEEAC7F6EBF17DD69AAD.d.EBCE6ED0FDFA2CC4E319992E9454B41C.e.4514/click - {}
RESULT: {}
COMMAND: GET /session/7410a71b14728fd3846eb83ce69f197f/screenshot - {}
RESULT: {}
COMMAND: POST /session/7410a71b14728fd3846eb83ce69f197f/elements - {"using":"xpath","value":"//span[text()='Error']"}
RESULT: {"using":"xpath","value":"//span[text()='Error']"}
COMMAND: POST /session/7410a71b14728fd3846eb83ce69f197f/element - {"using":"xpath","value":"//button[@data-kt=\"addButton\"]"}
RESULT: {"using":"xpath","value":"//button[@data-kt=\"addButton\"]"}
COMMAND: POST /session/7410a71b14728fd3846eb83ce69f197f/elements - {"using":"xpath","value":"//button[@data-kt=\"addButton\"]"}
RESULT: {"using":"xpath","value":"//button[@data-kt=\"addButton\"]"}
COMMAND: POST /session/7410a71b14728fd3846eb83ce69f197f/execute/sync - {"script":"<script> [8489 bytes]","args":[{"element-6066-11e4-a52e-4f735466cecf":"f.86015CA9C3D3DEEAC7F6EBF17DD69AAD.d.EBCE6ED0FDFA2CC4E319992E9454B41C.e.5903","ELEMENT":"f.86015CA9C3D3DEEAC7F6EBF17DD69AAD.d.EBCE6ED0FDFA2CC4E319992E9454B41C.e.5903"}]}
RESULT: {"script":"<script> [8489 bytes]","args":[{"element-6066-11e4-a52e-4f735466cecf":"f.86015CA9C3D3DEEAC7F6EBF17DD69AAD.d.EBCE6ED0FDFA2CC4E319992E9454B41C.e.5903","ELEMENT":"f.86015CA9C3D3DEEAC7F6EBF17DD69AAD.d.EBCE6ED0FDFA2CC4E319992E9454B41C.e.5903"}]}
COMMAND: GET /session/7410a71b14728fd3846eb83ce69f197f/element/f.86015CA9C3D3DEEAC7F6EBF17DD69AAD.d.EBCE6ED0FDFA2CC4E319992E9454B41C.e.5903/enabled - {}
COMMAND: GET /session/7410a71b14728fd3846eb83ce69f197f/screenshot - {}
RESULT: {}
COMMAND: POST /session/7410a71b14728fd3846eb83ce69f197f/execute/sync - {"script":"<script> [8489 bytes]","args":[{"element-6066-11e4-a52e-4f735466cecf":"f.86015CA9C3D3DEEAC7F6EBF17DD69AAD.d.EBCE6ED0FDFA2CC4E319992E9454B41C.e.5903","ELEMENT":"f.86015CA9C3D3DEEAC7F6EBF17DD69AAD.d.EBCE6ED0FDFA2CC4E319992E9454B41C.e.5903"}]}
COMMAND: GET /session/7410a71b14728fd3846eb83ce69f197f/screenshot - {}
RESULT: {}
RESULT: {"script":"<script> [8489 bytes]","args":[{"element-6066-11e4-a52e-4f735466cecf":"f.86015CA9C3D3DEEAC7F6EBF17DD69AAD.d.EBCE6ED0FDFA2CC4E319992E9454B41C.e.5903","ELEMENT":"f.86015CA9C3D3DEEAC7F6EBF17DD69AAD.d.EBCE6ED0FDFA2CC4E319992E9454B41C.e.5903"}]}
COMMAND: POST /session/7410a71b14728fd3846eb83ce69f197f/execute/sync - {"script":"<script> [5351 bytes]","args":[{"element-6066-11e4-a52e-4f735466cecf":"f.86015CA9C3D3DEEAC7F6EBF17DD69AAD.d.EBCE6ED0FDFA2CC4E319992E9454B41C.e.5903","ELEMENT":"f.86015CA9C3D3DEEAC7F6EBF17DD69AAD.d.EBCE6ED0FDFA2CC4E319992E9454B41C.e.5903"}]}
COMMAND: GET /session/7410a71b14728fd3846eb83ce69f197f/screenshot - {}
RESULT: {}
RESULT: {"script":"<script> [5351 bytes]","args":[{"element-6066-11e4-a52e-4f735466cecf":"f.86015CA9C3D3DEEAC7F6EBF17DD69AAD.d.EBCE6ED0FDFA2CC4E319992E9454B41C.e.5903","ELEMENT":"f.86015CA9C3D3DEEAC7F6EBF17DD69AAD.d.EBCE6ED0FDFA2CC4E319992E9454B41C.e.5903"}]}
COMMAND: GET /session/7410a71b14728fd3846eb83ce69f197f/screenshot - {}
RESULT: {}
RESULT: {}
COMMAND: POST /session/7410a71b14728fd3846eb83ce69f197f/element - {"using":"xpath","value":"//span[@id=\"application-managepartners-display-component---masterPtm--smartTable-header-inner\"]"}
RESULT: {"using":"xpath","value":"//span[@id=\"application-managepartners-display-component---masterPtm--smartTable-header-inner\"]"}
COMMAND: POST /session/7410a71b14728fd3846eb83ce69f197f/elements - {"using":"xpath","value":"//span[@id=\"application-managepartners-display-component---masterPtm--smartTable-header-inner\"]"}
RESULT: {"using":"xpath","value":"//span[@id=\"application-managepartners-display-component---masterPtm--smartTable-header-inner\"]"}
COMMAND: POST /session/7410a71b14728fd3846eb83ce69f197f/execute/sync - {"script":"<script> [56 bytes]","args":[{"element-6066-11e4-a52e-4f735466cecf":"f.86015CA9C3D3DEEAC7F6EBF17DD69AAD.d.EBCE6ED0FDFA2CC4E319992E9454B41C.e.6028","ELEMENT":"f.86015CA9C3D3DEEAC7F6EBF17DD69AAD.d.EBCE6ED0FDFA2CC4E319992E9454B41C.e.6028"}]}
RESULT: {"script":"<script> [56 bytes]","args":[{"element-6066-11e4-a52e-4f735466cecf":"f.86015CA9C3D3DEEAC7F6EBF17DD69AAD.d.EBCE6ED0FDFA2CC4E319992E9454B41C.e.6028","ELEMENT":"f.86015CA9C3D3DEEAC7F6EBF17DD69AAD.d.EBCE6ED0FDFA2CC4E319992E9454B41C.e.6028"}]}
RESULT: undefined
COMMAND: POST /session/7410a71b14728fd3846eb83ce69f197f/execute/async - {"script":"<script> [776 bytes]","args":[{"enterText":"External Partner WDIO","selector":{"id":"application-managepartners-display-component---masterPtm--smartFilterBar-btnBasicSearch","interaction":{"idSuffix":"I"}},"clearTextFirst":true,"interactionType":"ENTER_TEXT"}]}
COMMAND: GET /session/7410a71b14728fd3846eb83ce69f197f/screenshot - {}
RESULT: {"script":"<script> [776 bytes]","args":[{"enterText":"External Partner WDIO","selector":{"id":"application-managepartners-display-component---masterPtm--smartFilterBar-btnBasicSearch","interaction":{"idSuffix":"I"}},"clearTextFirst":true,"interactionType":"ENTER_TEXT"}]}
RESULT: {}
COMMAND: POST /session/7410a71b14728fd3846eb83ce69f197f/actions - {"actions":[{"id":"action17","type":"key","parameters":{},"actions":[{"type":"keyDown","value":""},{"type":"pause","duration":10},{"type":"keyUp","value":""}]}]}
RESULT: {"actions":[{"id":"action17","type":"key","parameters":{},"actions":[{"type":"keyDown","value":""},{"type":"pause","duration":10},{"type":"keyUp","value":""}]}]}
COMMAND: GET /session/7410a71b14728fd3846eb83ce69f197f/screenshot - {}
RESULT: {}
COMMAND: POST /session/7410a71b14728fd3846eb83ce69f197f/element - {"using":"xpath","value":"//span[@id=\"application-managepartners-display-component---masterPtm--smartTable-header-inner\"]"}
RESULT: {"using":"xpath","value":"//span[@id=\"application-managepartners-display-component---masterPtm--smartTable-header-inner\"]"}
COMMAND: POST /session/7410a71b14728fd3846eb83ce69f197f/elements - {"using":"xpath","value":"//span[@id=\"application-managepartners-display-component---masterPtm--smartTable-header-inner\"]"}
RESULT: {"using":"xpath","value":"//span[@id=\"application-managepartners-display-component---masterPtm--smartTable-header-inner\"]"}
COMMAND: POST /session/7410a71b14728fd3846eb83ce69f197f/execute/sync - {"script":"<script> [56 bytes]","args":[{"element-6066-11e4-a52e-4f735466cecf":"f.86015CA9C3D3DEEAC7F6EBF17DD69AAD.d.EBCE6ED0FDFA2CC4E319992E9454B41C.e.6028","ELEMENT":"f.86015CA9C3D3DEEAC7F6EBF17DD69AAD.d.EBCE6ED0FDFA2CC4E319992E9454B41C.e.6028"}]}
RESULT: {"script":"<script> [56 bytes]","args":[{"element-6066-11e4-a52e-4f735466cecf":"f.86015CA9C3D3DEEAC7F6EBF17DD69AAD.d.EBCE6ED0FDFA2CC4E319992E9454B41C.e.6028","ELEMENT":"f.86015CA9C3D3DEEAC7F6EBF17DD69AAD.d.EBCE6ED0FDFA2CC4E319992E9454B41C.e.6028"}]}
COMMAND: POST /session/7410a71b14728fd3846eb83ce69f197f/element - {"using":"xpath","value":"//div[contains(@id, \"managepartners-display-component---masterPtm--smartFilterBar-btnBasicSearch-reset\")]"}
COMMAND: GET /session/7410a71b14728fd3846eb83ce69f197f/screenshot - {}
RESULT: {"using":"xpath","value":"//div[contains(@id, \"managepartners-display-component---masterPtm--smartFilterBar-btnBasicSearch-reset\")]"}
COMMAND: POST /session/7410a71b14728fd3846eb83ce69f197f/element/f.86015CA9C3D3DEEAC7F6EBF17DD69AAD.d.EBCE6ED0FDFA2CC4E319992E9454B41C.e.6109/click - {}
RESULT: {}
RESULT: {}
COMMAND: GET /session/7410a71b14728fd3846eb83ce69f197f/screenshot - {}
RESULT: {}
COMMAND: POST /session/7410a71b14728fd3846eb83ce69f197f/execute/async - {"script":"<script> [1562 bytes]","args":[{"selector":{"id":"application-managepartners-display-component---masterPtm--smartFilterBar-filterItemControl_BASIC-MAIN_ADDRESS-vhi"},"wdio_ui5_key":"applicationmanagepartners-display-component---masterPtm--smartFilterBar-filterItemControl_BASIC-MAIN_ADDRESS-vhi"}]}
RESULT: {"script":"<script> [1562 bytes]","args":[{"selector":{"id":"application-managepartners-display-component---masterPtm--smartFilterBar-filterItemControl_BASIC-MAIN_ADDRESS-vhi"},"wdio_ui5_key":"applicationmanagepartners-display-component---masterPtm--smartFilterBar-filterItemControl_BASIC-MAIN_ADDRESS-vhi"}]}
RESULT: undefined
COMMAND: POST /session/7410a71b14728fd3846eb83ce69f197f/element - {"using":"xpath","value":"//*[@id=\"application-managepartners-display-component---masterPtm--smartFilterBar-filterItemControl_BASIC-MAIN_ADDRESS-vhi\"]"}
RESULT: {"using":"xpath","value":"//*[@id=\"application-managepartners-display-component---masterPtm--smartFilterBar-filterItemControl_BASIC-MAIN_ADDRESS-vhi\"]"}
COMMAND: POST /session/7410a71b14728fd3846eb83ce69f197f/element/f.86015CA9C3D3DEEAC7F6EBF17DD69AAD.d.EBCE6ED0FDFA2CC4E319992E9454B41C.e.6192/click - {}
RESULT: {}
COMMAND: GET /session/7410a71b14728fd3846eb83ce69f197f/screenshot - {}
RESULT: {}
COMMAND: POST /session/7410a71b14728fd3846eb83ce69f197f/execute/async - {"script":"<script> [1562 bytes]","args":[{"selector":{"id":"application-managepartners-display-component---masterPtm--smartFilterBar-filterItemControl_BASIC-MAIN_ADDRESS-valueHelpDialog-smartFilterBar-btnBasicSearch","searchOpenDialogs":true,"interaction":{"idSuffix":"I"}},"wdio_ui5_key":"applicationmanagepartners-display-component---masterPtm--smartFilterBar-filterItemControl_BASIC-MAIN_ADDRESS-valueHelpDialog-smartFilterBar-btnBasicSearch"}]}
RESULT: {"script":"<script> [1562 bytes]","args":[{"selector":{"id":"application-managepartners-display-component---masterPtm--smartFilterBar-filterItemControl_BASIC-MAIN_ADDRESS-valueHelpDialog-smartFilterBar-btnBasicSearch","searchOpenDialogs":true,"interaction":{"idSuffix":"I"}},"wdio_ui5_key":"applicationmanagepartners-display-component---masterPtm--smartFilterBar-filterItemControl_BASIC-MAIN_ADDRESS-valueHelpDialog-smartFilterBar-btnBasicSearch"}]}
RESULT: undefined
COMMAND: POST /session/7410a71b14728fd3846eb83ce69f197f/execute/async - {"script":"<script> [776 bytes]","args":[{"enterText":"Romania","selector":{"id":"application-managepartners-display-component---masterPtm--smartFilterBar-filterItemControl_BASIC-MAIN_ADDRESS-valueHelpDialog-smartFilterBar-btnBasicSearch","searchOpenDialogs":true,"interaction":{"idSuffix":"I"}},"clearTextFirst":true,"interactionType":"ENTER_TEXT"}]}
RESULT: {"script":"<script> [776 bytes]","args":[{"enterText":"Romania","selector":{"id":"application-managepartners-display-component---masterPtm--smartFilterBar-filterItemControl_BASIC-MAIN_ADDRESS-valueHelpDialog-smartFilterBar-btnBasicSearch","searchOpenDialogs":true,"interaction":{"idSuffix":"I"}},"clearTextFirst":true,"interactionType":"ENTER_TEXT"}]}
COMMAND: POST /session/7410a71b14728fd3846eb83ce69f197f/actions - {"actions":[{"id":"action18","type":"key","parameters":{},"actions":[{"type":"keyDown","value":""},{"type":"pause","duration":10},{"type":"keyUp","value":""}]}]}
RESULT: {"actions":[{"id":"action18","type":"key","parameters":{},"actions":[{"type":"keyDown","value":""},{"type":"pause","duration":10},{"type":"keyUp","value":""}]}]}
COMMAND: POST /session/7410a71b14728fd3846eb83ce69f197f/elements - {"using":"xpath","value":"//table[contains(@id, \"smartFilterBar-filterItemControl_BASIC-MAIN_ADDRESS-valueHelpDialog-table-table\")]/tbody/tr"}
COMMAND: GET /session/7410a71b14728fd3846eb83ce69f197f/screenshot - {}
RESULT: {"using":"xpath","value":"//table[contains(@id, \"smartFilterBar-filterItemControl_BASIC-MAIN_ADDRESS-valueHelpDialog-table-table\")]/tbody/tr"}
COMMAND: POST /session/7410a71b14728fd3846eb83ce69f197f/element - {"using":"xpath","value":"//table[contains(@id, \"smartFilterBar-filterItemControl_BASIC-MAIN_ADDRESS-valueHelpDialog-table-table\")]/tbody/tr[1]/td[1]/div/span"}
RESULT: {}
RESULT: {"using":"xpath","value":"//table[contains(@id, \"smartFilterBar-filterItemControl_BASIC-MAIN_ADDRESS-valueHelpDialog-table-table\")]/tbody/tr[1]/td[1]/div/span"}
COMMAND: POST /session/7410a71b14728fd3846eb83ce69f197f/elements - {"using":"xpath","value":"//table[contains(@id, \"smartFilterBar-filterItemControl_BASIC-MAIN_ADDRESS-valueHelpDialog-table-table\")]/tbody/tr[1]/td[1]/div/span"}
RESULT: {"using":"xpath","value":"//table[contains(@id, \"smartFilterBar-filterItemControl_BASIC-MAIN_ADDRESS-valueHelpDialog-table-table\")]/tbody/tr[1]/td[1]/div/span"}
COMMAND: POST /session/7410a71b14728fd3846eb83ce69f197f/execute/sync - {"script":"<script> [56 bytes]","args":[{"element-6066-11e4-a52e-4f735466cecf":"f.86015CA9C3D3DEEAC7F6EBF17DD69AAD.d.EBCE6ED0FDFA2CC4E319992E9454B41C.e.6214","ELEMENT":"f.86015CA9C3D3DEEAC7F6EBF17DD69AAD.d.EBCE6ED0FDFA2CC4E319992E9454B41C.e.6214"}]}
RESULT: {"script":"<script> [56 bytes]","args":[{"element-6066-11e4-a52e-4f735466cecf":"f.86015CA9C3D3DEEAC7F6EBF17DD69AAD.d.EBCE6ED0FDFA2CC4E319992E9454B41C.e.6214","ELEMENT":"f.86015CA9C3D3DEEAC7F6EBF17DD69AAD.d.EBCE6ED0FDFA2CC4E319992E9454B41C.e.6214"}]}
COMMAND: POST /session/7410a71b14728fd3846eb83ce69f197f/element - {"using":"xpath","value":"//div[contains(@id, \"filterItemControl_BASIC-MAIN_ADDRESS-valueHelpDialog-table-rowsel0\")]"}
COMMAND: GET /session/7410a71b14728fd3846eb83ce69f197f/screenshot - {}
RESULT: {"using":"xpath","value":"//div[contains(@id, \"filterItemControl_BASIC-MAIN_ADDRESS-valueHelpDialog-table-rowsel0\")]"}
COMMAND: POST /session/7410a71b14728fd3846eb83ce69f197f/element/f.86015CA9C3D3DEEAC7F6EBF17DD69AAD.d.EBCE6ED0FDFA2CC4E319992E9454B41C.e.6215/click - {}
RESULT: {}
RESULT: {}
COMMAND: GET /session/7410a71b14728fd3846eb83ce69f197f/screenshot - {}
RESULT: {}
COMMAND: POST /session/7410a71b14728fd3846eb83ce69f197f/element - {"using":"xpath","value":"(//bdi[contains(text(), \"OK\")])[1]"}
RESULT: {"using":"xpath","value":"(//bdi[contains(text(), \"OK\")])[1]"}
COMMAND: POST /session/7410a71b14728fd3846eb83ce69f197f/element/f.86015CA9C3D3DEEAC7F6EBF17DD69AAD.d.EBCE6ED0FDFA2CC4E319992E9454B41C.e.6217/click - {}
RESULT: {}
COMMAND: GET /session/7410a71b14728fd3846eb83ce69f197f/screenshot - {}
RESULT: {}
COMMAND: POST /session/7410a71b14728fd3846eb83ce69f197f/element - {"using":"xpath","value":"//span[@id=\"application-managepartners-display-component---masterPtm--smartTable-header-inner\"]"}
RESULT: {"using":"xpath","value":"//span[@id=\"application-managepartners-display-component---masterPtm--smartTable-header-inner\"]"}
COMMAND: POST /session/7410a71b14728fd3846eb83ce69f197f/elements - {"using":"xpath","value":"//span[@id=\"application-managepartners-display-component---masterPtm--smartTable-header-inner\"]"}
RESULT: {"using":"xpath","value":"//span[@id=\"application-managepartners-display-component---masterPtm--smartTable-header-inner\"]"}
COMMAND: POST /session/7410a71b14728fd3846eb83ce69f197f/execute/sync - {"script":"<script> [56 bytes]","args":[{"element-6066-11e4-a52e-4f735466cecf":"f.86015CA9C3D3DEEAC7F6EBF17DD69AAD.d.EBCE6ED0FDFA2CC4E319992E9454B41C.e.6028","ELEMENT":"f.86015CA9C3D3DEEAC7F6EBF17DD69AAD.d.EBCE6ED0FDFA2CC4E319992E9454B41C.e.6028"}]}
RESULT: {"script":"<script> [56 bytes]","args":[{"element-6066-11e4-a52e-4f735466cecf":"f.86015CA9C3D3DEEAC7F6EBF17DD69AAD.d.EBCE6ED0FDFA2CC4E319992E9454B41C.e.6028","ELEMENT":"f.86015CA9C3D3DEEAC7F6EBF17DD69AAD.d.EBCE6ED0FDFA2CC4E319992E9454B41C.e.6028"}]}
COMMAND: POST /session/7410a71b14728fd3846eb83ce69f197f/element - {"using":"xpath","value":"//span[contains(@title, \"Remove\")]"}
COMMAND: GET /session/7410a71b14728fd3846eb83ce69f197f/screenshot - {}
RESULT: {"using":"xpath","value":"//span[contains(@title, \"Remove\")]"}
COMMAND: POST /session/7410a71b14728fd3846eb83ce69f197f/element/f.86015CA9C3D3DEEAC7F6EBF17DD69AAD.d.EBCE6ED0FDFA2CC4E319992E9454B41C.e.6230/click - {}
RESULT: {}
RESULT: {}
COMMAND: GET /session/7410a71b14728fd3846eb83ce69f197f/screenshot - {}
COMMAND: POST /session/7410a71b14728fd3846eb83ce69f197f/element - {"using":"xpath","value":"//span[@id=\"application-managepartners-display-component---masterPtm--smartTable-header-inner\"]"}
RESULT: {}
RESULT: {"using":"xpath","value":"//span[@id=\"application-managepartners-display-component---masterPtm--smartTable-header-inner\"]"}
COMMAND: POST /session/7410a71b14728fd3846eb83ce69f197f/elements - {"using":"xpath","value":"//span[@id=\"application-managepartners-display-component---masterPtm--smartTable-header-inner\"]"}
RESULT: {"using":"xpath","value":"//span[@id=\"application-managepartners-display-component---masterPtm--smartTable-header-inner\"]"}
COMMAND: POST /session/7410a71b14728fd3846eb83ce69f197f/execute/sync - {"script":"<script> [56 bytes]","args":[{"element-6066-11e4-a52e-4f735466cecf":"f.86015CA9C3D3DEEAC7F6EBF17DD69AAD.d.EBCE6ED0FDFA2CC4E319992E9454B41C.e.6028","ELEMENT":"f.86015CA9C3D3DEEAC7F6EBF17DD69AAD.d.EBCE6ED0FDFA2CC4E319992E9454B41C.e.6028"}]}
RESULT: {"script":"<script> [56 bytes]","args":[{"element-6066-11e4-a52e-4f735466cecf":"f.86015CA9C3D3DEEAC7F6EBF17DD69AAD.d.EBCE6ED0FDFA2CC4E319992E9454B41C.e.6028","ELEMENT":"f.86015CA9C3D3DEEAC7F6EBF17DD69AAD.d.EBCE6ED0FDFA2CC4E319992E9454B41C.e.6028"}]}
COMMAND: POST /session/7410a71b14728fd3846eb83ce69f197f/execute/async - {"script":"<script> [1562 bytes]","args":[{"selector":{"id":"application-managepartners-display-component---masterPtm--smartFilterBar-filterItemControl_BASIC-YARD-vhi"},"wdio_ui5_key":"applicationmanagepartners-display-component---masterPtm--smartFilterBar-filterItemControl_BASIC-YARD-vhi"}]}
COMMAND: GET /session/7410a71b14728fd3846eb83ce69f197f/screenshot - {}
RESULT: {"script":"<script> [1562 bytes]","args":[{"selector":{"id":"application-managepartners-display-component---masterPtm--smartFilterBar-filterItemControl_BASIC-YARD-vhi"},"wdio_ui5_key":"applicationmanagepartners-display-component---masterPtm--smartFilterBar-filterItemControl_BASIC-YARD-vhi"}]}
RESULT: undefined
COMMAND: POST /session/7410a71b14728fd3846eb83ce69f197f/element - {"using":"xpath","value":"//*[@id=\"application-managepartners-display-component---masterPtm--smartFilterBar-filterItemControl_BASIC-YARD-vhi\"]"}
RESULT: {}
RESULT: {"using":"xpath","value":"//*[@id=\"application-managepartners-display-component---masterPtm--smartFilterBar-filterItemControl_BASIC-YARD-vhi\"]"}
COMMAND: POST /session/7410a71b14728fd3846eb83ce69f197f/element/f.86015CA9C3D3DEEAC7F6EBF17DD69AAD.d.EBCE6ED0FDFA2CC4E319992E9454B41C.e.6336/click - {}
RESULT: {}
COMMAND: GET /session/7410a71b14728fd3846eb83ce69f197f/screenshot - {}
RESULT: {}
COMMAND: POST /session/7410a71b14728fd3846eb83ce69f197f/execute/async - {"script":"<script> [1562 bytes]","args":[{"selector":{"id":"application-managepartners-display-component---masterPtm--smartFilterBar-filterItemControl_BASIC-YARD-valueHelpDialog-smartFilterBar-btnBasicSearch","searchOpenDialogs":true,"interaction":{"idSuffix":"I"}},"wdio_ui5_key":"applicationmanagepartners-display-component---masterPtm--smartFilterBar-filterItemControl_BASIC-YARD-valueHelpDialog-smartFilterBar-btnBasicSearch"}]}
RESULT: {"script":"<script> [1562 bytes]","args":[{"selector":{"id":"application-managepartners-display-component---masterPtm--smartFilterBar-filterItemControl_BASIC-YARD-valueHelpDialog-smartFilterBar-btnBasicSearch","searchOpenDialogs":true,"interaction":{"idSuffix":"I"}},"wdio_ui5_key":"applicationmanagepartners-display-component---masterPtm--smartFilterBar-filterItemControl_BASIC-YARD-valueHelpDialog-smartFilterBar-btnBasicSearch"}]}
RESULT: undefined
COMMAND: POST /session/7410a71b14728fd3846eb83ce69f197f/execute/async - {"script":"<script> [776 bytes]","args":[{"enterText":"Test","selector":{"id":"application-managepartners-display-component---masterPtm--smartFilterBar-filterItemControl_BASIC-YARD-valueHelpDialog-smartFilterBar-btnBasicSearch","searchOpenDialogs":true,"interaction":{"idSuffix":"I"}},"clearTextFirst":true,"interactionType":"ENTER_TEXT"}]}
RESULT: {"script":"<script> [776 bytes]","args":[{"enterText":"Test","selector":{"id":"application-managepartners-display-component---masterPtm--smartFilterBar-filterItemControl_BASIC-YARD-valueHelpDialog-smartFilterBar-btnBasicSearch","searchOpenDialogs":true,"interaction":{"idSuffix":"I"}},"clearTextFirst":true,"interactionType":"ENTER_TEXT"}]}
COMMAND: POST /session/7410a71b14728fd3846eb83ce69f197f/actions - {"actions":[{"id":"action19","type":"key","parameters":{},"actions":[{"type":"keyDown","value":""},{"type":"pause","duration":10},{"type":"keyUp","value":""}]}]}
RESULT: {"actions":[{"id":"action19","type":"key","parameters":{},"actions":[{"type":"keyDown","value":""},{"type":"pause","duration":10},{"type":"keyUp","value":""}]}]}
COMMAND: POST /session/7410a71b14728fd3846eb83ce69f197f/elements - {"using":"xpath","value":"//table[contains(@id, \"smartFilterBar-filterItemControl_BASIC-YARD-valueHelpDialog-table-table\")]/tbody/tr"}
COMMAND: GET /session/7410a71b14728fd3846eb83ce69f197f/screenshot - {}
RESULT: {"using":"xpath","value":"//table[contains(@id, \"smartFilterBar-filterItemControl_BASIC-YARD-valueHelpDialog-table-table\")]/tbody/tr"}
COMMAND: POST /session/7410a71b14728fd3846eb83ce69f197f/element - {"using":"xpath","value":"//table[contains(@id, \"smartFilterBar-filterItemControl_BASIC-YARD-valueHelpDialog-table-table\")]/tbody/tr[1]/td[1]/div/span"}
RESULT: {}
RESULT: {"using":"xpath","value":"//table[contains(@id, \"smartFilterBar-filterItemControl_BASIC-YARD-valueHelpDialog-table-table\")]/tbody/tr[1]/td[1]/div/span"}
COMMAND: POST /session/7410a71b14728fd3846eb83ce69f197f/elements - {"using":"xpath","value":"//table[contains(@id, \"smartFilterBar-filterItemControl_BASIC-YARD-valueHelpDialog-table-table\")]/tbody/tr[1]/td[1]/div/span"}
RESULT: {"using":"xpath","value":"//table[contains(@id, \"smartFilterBar-filterItemControl_BASIC-YARD-valueHelpDialog-table-table\")]/tbody/tr[1]/td[1]/div/span"}
COMMAND: POST /session/7410a71b14728fd3846eb83ce69f197f/execute/sync - {"script":"<script> [56 bytes]","args":[{"element-6066-11e4-a52e-4f735466cecf":"f.86015CA9C3D3DEEAC7F6EBF17DD69AAD.d.EBCE6ED0FDFA2CC4E319992E9454B41C.e.6356","ELEMENT":"f.86015CA9C3D3DEEAC7F6EBF17DD69AAD.d.EBCE6ED0FDFA2CC4E319992E9454B41C.e.6356"}]}
RESULT: {"script":"<script> [56 bytes]","args":[{"element-6066-11e4-a52e-4f735466cecf":"f.86015CA9C3D3DEEAC7F6EBF17DD69AAD.d.EBCE6ED0FDFA2CC4E319992E9454B41C.e.6356","ELEMENT":"f.86015CA9C3D3DEEAC7F6EBF17DD69AAD.d.EBCE6ED0FDFA2CC4E319992E9454B41C.e.6356"}]}
COMMAND: POST /session/7410a71b14728fd3846eb83ce69f197f/element - {"using":"xpath","value":"//table[contains(@id, \"smartFilterBar-filterItemControl_BASIC-YARD-valueHelpDialog-table-table\")]/tbody/tr[2]/td[1]/div/span"}
COMMAND: GET /session/7410a71b14728fd3846eb83ce69f197f/screenshot - {}
RESULT: {"using":"xpath","value":"//table[contains(@id, \"smartFilterBar-filterItemControl_BASIC-YARD-valueHelpDialog-table-table\")]/tbody/tr[2]/td[1]/div/span"}
COMMAND: POST /session/7410a71b14728fd3846eb83ce69f197f/elements - {"using":"xpath","value":"//table[contains(@id, \"smartFilterBar-filterItemControl_BASIC-YARD-valueHelpDialog-table-table\")]/tbody/tr[2]/td[1]/div/span"}
RESULT: {}
RESULT: {"using":"xpath","value":"//table[contains(@id, \"smartFilterBar-filterItemControl_BASIC-YARD-valueHelpDialog-table-table\")]/tbody/tr[2]/td[1]/div/span"}
COMMAND: POST /session/7410a71b14728fd3846eb83ce69f197f/execute/sync - {"script":"<script> [56 bytes]","args":[{"element-6066-11e4-a52e-4f735466cecf":"f.86015CA9C3D3DEEAC7F6EBF17DD69AAD.d.EBCE6ED0FDFA2CC4E319992E9454B41C.e.6357","ELEMENT":"f.86015CA9C3D3DEEAC7F6EBF17DD69AAD.d.EBCE6ED0FDFA2CC4E319992E9454B41C.e.6357"}]}
RESULT: {"script":"<script> [56 bytes]","args":[{"element-6066-11e4-a52e-4f735466cecf":"f.86015CA9C3D3DEEAC7F6EBF17DD69AAD.d.EBCE6ED0FDFA2CC4E319992E9454B41C.e.6357","ELEMENT":"f.86015CA9C3D3DEEAC7F6EBF17DD69AAD.d.EBCE6ED0FDFA2CC4E319992E9454B41C.e.6357"}]}
COMMAND: POST /session/7410a71b14728fd3846eb83ce69f197f/element - {"using":"xpath","value":"//table[contains(@id, \"smartFilterBar-filterItemControl_BASIC-YARD-valueHelpDialog-table-table\")]/tbody/tr[3]/td[1]/div/span"}
COMMAND: GET /session/7410a71b14728fd3846eb83ce69f197f/screenshot - {}
RESULT: {"using":"xpath","value":"//table[contains(@id, \"smartFilterBar-filterItemControl_BASIC-YARD-valueHelpDialog-table-table\")]/tbody/tr[3]/td[1]/div/span"}
COMMAND: POST /session/7410a71b14728fd3846eb83ce69f197f/elements - {"using":"xpath","value":"//table[contains(@id, \"smartFilterBar-filterItemControl_BASIC-YARD-valueHelpDialog-table-table\")]/tbody/tr[3]/td[1]/div/span"}
RESULT: {}
RESULT: {"using":"xpath","value":"//table[contains(@id, \"smartFilterBar-filterItemControl_BASIC-YARD-valueHelpDialog-table-table\")]/tbody/tr[3]/td[1]/div/span"}
COMMAND: POST /session/7410a71b14728fd3846eb83ce69f197f/execute/sync - {"script":"<script> [56 bytes]","args":[{"element-6066-11e4-a52e-4f735466cecf":"f.86015CA9C3D3DEEAC7F6EBF17DD69AAD.d.EBCE6ED0FDFA2CC4E319992E9454B41C.e.6358","ELEMENT":"f.86015CA9C3D3DEEAC7F6EBF17DD69AAD.d.EBCE6ED0FDFA2CC4E319992E9454B41C.e.6358"}]}
RESULT: {"script":"<script> [56 bytes]","args":[{"element-6066-11e4-a52e-4f735466cecf":"f.86015CA9C3D3DEEAC7F6EBF17DD69AAD.d.EBCE6ED0FDFA2CC4E319992E9454B41C.e.6358","ELEMENT":"f.86015CA9C3D3DEEAC7F6EBF17DD69AAD.d.EBCE6ED0FDFA2CC4E319992E9454B41C.e.6358"}]}
COMMAND: POST /session/7410a71b14728fd3846eb83ce69f197f/element - {"using":"xpath","value":"//div[contains(@id, \"filterItemControl_BASIC-YARD-valueHelpDialog-table-rowsel2\")]"}
COMMAND: GET /session/7410a71b14728fd3846eb83ce69f197f/screenshot - {}
RESULT: {"using":"xpath","value":"//div[contains(@id, \"filterItemControl_BASIC-YARD-valueHelpDialog-table-rowsel2\")]"}
COMMAND: POST /session/7410a71b14728fd3846eb83ce69f197f/element/f.86015CA9C3D3DEEAC7F6EBF17DD69AAD.d.EBCE6ED0FDFA2CC4E319992E9454B41C.e.6359/click - {}
RESULT: {}
RESULT: {}
COMMAND: GET /session/7410a71b14728fd3846eb83ce69f197f/screenshot - {}
RESULT: {}
COMMAND: POST /session/7410a71b14728fd3846eb83ce69f197f/element - {"using":"xpath","value":"(//bdi[contains(text(), \"OK\")])[1]"}
RESULT: {"using":"xpath","value":"(//bdi[contains(text(), \"OK\")])[1]"}
COMMAND: POST /session/7410a71b14728fd3846eb83ce69f197f/element/f.86015CA9C3D3DEEAC7F6EBF17DD69AAD.d.EBCE6ED0FDFA2CC4E319992E9454B41C.e.6361/click - {}
RESULT: {}
COMMAND: GET /session/7410a71b14728fd3846eb83ce69f197f/screenshot - {}
RESULT: {}
COMMAND: POST /session/7410a71b14728fd3846eb83ce69f197f/element - {"using":"xpath","value":"//span[@id=\"application-managepartners-display-component---masterPtm--smartTable-header-inner\"]"}
RESULT: {"using":"xpath","value":"//span[@id=\"application-managepartners-display-component---masterPtm--smartTable-header-inner\"]"}
COMMAND: POST /session/7410a71b14728fd3846eb83ce69f197f/elements - {"using":"xpath","value":"//span[@id=\"application-managepartners-display-component---masterPtm--smartTable-header-inner\"]"}
RESULT: {"using":"xpath","value":"//span[@id=\"application-managepartners-display-component---masterPtm--smartTable-header-inner\"]"}
COMMAND: POST /session/7410a71b14728fd3846eb83ce69f197f/execute/sync - {"script":"<script> [56 bytes]","args":[{"element-6066-11e4-a52e-4f735466cecf":"f.86015CA9C3D3DEEAC7F6EBF17DD69AAD.d.EBCE6ED0FDFA2CC4E319992E9454B41C.e.6028","ELEMENT":"f.86015CA9C3D3DEEAC7F6EBF17DD69AAD.d.EBCE6ED0FDFA2CC4E319992E9454B41C.e.6028"}]}
RESULT: {"script":"<script> [56 bytes]","args":[{"element-6066-11e4-a52e-4f735466cecf":"f.86015CA9C3D3DEEAC7F6EBF17DD69AAD.d.EBCE6ED0FDFA2CC4E319992E9454B41C.e.6028","ELEMENT":"f.86015CA9C3D3DEEAC7F6EBF17DD69AAD.d.EBCE6ED0FDFA2CC4E319992E9454B41C.e.6028"}]}
COMMAND: POST /session/7410a71b14728fd3846eb83ce69f197f/element - {"using":"xpath","value":"//span[contains(@title, \"Remove\")]"}
COMMAND: GET /session/7410a71b14728fd3846eb83ce69f197f/screenshot - {}
RESULT: {"using":"xpath","value":"//span[contains(@title, \"Remove\")]"}
COMMAND: POST /session/7410a71b14728fd3846eb83ce69f197f/element/f.86015CA9C3D3DEEAC7F6EBF17DD69AAD.d.EBCE6ED0FDFA2CC4E319992E9454B41C.e.6374/click - {}
RESULT: {}
RESULT: {}
COMMAND: GET /session/7410a71b14728fd3846eb83ce69f197f/screenshot - {}
COMMAND: POST /session/7410a71b14728fd3846eb83ce69f197f/element - {"using":"xpath","value":"//span[@id=\"application-managepartners-display-component---masterPtm--smartTable-header-inner\"]"}
RESULT: {}
RESULT: {"using":"xpath","value":"//span[@id=\"application-managepartners-display-component---masterPtm--smartTable-header-inner\"]"}
COMMAND: POST /session/7410a71b14728fd3846eb83ce69f197f/elements - {"using":"xpath","value":"//span[@id=\"application-managepartners-display-component---masterPtm--smartTable-header-inner\"]"}
RESULT: {"using":"xpath","value":"//span[@id=\"application-managepartners-display-component---masterPtm--smartTable-header-inner\"]"}
COMMAND: POST /session/7410a71b14728fd3846eb83ce69f197f/execute/sync - {"script":"<script> [56 bytes]","args":[{"element-6066-11e4-a52e-4f735466cecf":"f.86015CA9C3D3DEEAC7F6EBF17DD69AAD.d.EBCE6ED0FDFA2CC4E319992E9454B41C.e.6028","ELEMENT":"f.86015CA9C3D3DEEAC7F6EBF17DD69AAD.d.EBCE6ED0FDFA2CC4E319992E9454B41C.e.6028"}]}
RESULT: {"script":"<script> [56 bytes]","args":[{"element-6066-11e4-a52e-4f735466cecf":"f.86015CA9C3D3DEEAC7F6EBF17DD69AAD.d.EBCE6ED0FDFA2CC4E319992E9454B41C.e.6028","ELEMENT":"f.86015CA9C3D3DEEAC7F6EBF17DD69AAD.d.EBCE6ED0FDFA2CC4E319992E9454B41C.e.6028"}]}
COMMAND: POST /session/7410a71b14728fd3846eb83ce69f197f/execute/async - {"script":"<script> [1562 bytes]","args":[{"selector":{"id":"application-managepartners-display-component---masterPtm--smartFilterBar-filterItemControl_BASIC-ALL_TAGS-vhi"},"wdio_ui5_key":"applicationmanagepartners-display-component---masterPtm--smartFilterBar-filterItemControl_BASIC-ALL_TAGS-vhi"}]}
COMMAND: GET /session/7410a71b14728fd3846eb83ce69f197f/screenshot - {}
RESULT: {"script":"<script> [1562 bytes]","args":[{"selector":{"id":"application-managepartners-display-component---masterPtm--smartFilterBar-filterItemControl_BASIC-ALL_TAGS-vhi"},"wdio_ui5_key":"applicationmanagepartners-display-component---masterPtm--smartFilterBar-filterItemControl_BASIC-ALL_TAGS-vhi"}]}
RESULT: undefined
COMMAND: POST /session/7410a71b14728fd3846eb83ce69f197f/element - {"using":"xpath","value":"//*[@id=\"application-managepartners-display-component---masterPtm--smartFilterBar-filterItemControl_BASIC-ALL_TAGS-vhi\"]"}
RESULT: {}
RESULT: {"using":"xpath","value":"//*[@id=\"application-managepartners-display-component---masterPtm--smartFilterBar-filterItemControl_BASIC-ALL_TAGS-vhi\"]"}
COMMAND: POST /session/7410a71b14728fd3846eb83ce69f197f/element/f.86015CA9C3D3DEEAC7F6EBF17DD69AAD.d.EBCE6ED0FDFA2CC4E319992E9454B41C.e.6480/click - {}
RESULT: {}
COMMAND: GET /session/7410a71b14728fd3846eb83ce69f197f/screenshot - {}
RESULT: {}
COMMAND: POST /session/7410a71b14728fd3846eb83ce69f197f/execute/async - {"script":"<script> [1562 bytes]","args":[{"selector":{"id":"application-managepartners-display-component---masterPtm--smartFilterBar-filterItemControl_BASIC-ALL_TAGS-valueHelpDialog-smartFilterBar-btnBasicSearch","searchOpenDialogs":true,"interaction":{"idSuffix":"I"}},"wdio_ui5_key":"applicationmanagepartners-display-component---masterPtm--smartFilterBar-filterItemControl_BASIC-ALL_TAGS-valueHelpDialog-smartFilterBar-btnBasicSearch"}]}
RESULT: {"script":"<script> [1562 bytes]","args":[{"selector":{"id":"application-managepartners-display-component---masterPtm--smartFilterBar-filterItemControl_BASIC-ALL_TAGS-valueHelpDialog-smartFilterBar-btnBasicSearch","searchOpenDialogs":true,"interaction":{"idSuffix":"I"}},"wdio_ui5_key":"applicationmanagepartners-display-component---masterPtm--smartFilterBar-filterItemControl_BASIC-ALL_TAGS-valueHelpDialog-smartFilterBar-btnBasicSearch"}]}
RESULT: undefined
COMMAND: POST /session/7410a71b14728fd3846eb83ce69f197f/execute/async - {"script":"<script> [776 bytes]","args":[{"enterText":"test-tag-1","selector":{"id":"application-managepartners-display-component---masterPtm--smartFilterBar-filterItemControl_BASIC-ALL_TAGS-valueHelpDialog-smartFilterBar-btnBasicSearch","searchOpenDialogs":true,"interaction":{"idSuffix":"I"}},"clearTextFirst":true,"interactionType":"ENTER_TEXT"}]}
RESULT: {"script":"<script> [776 bytes]","args":[{"enterText":"test-tag-1","selector":{"id":"application-managepartners-display-component---masterPtm--smartFilterBar-filterItemControl_BASIC-ALL_TAGS-valueHelpDialog-smartFilterBar-btnBasicSearch","searchOpenDialogs":true,"interaction":{"idSuffix":"I"}},"clearTextFirst":true,"interactionType":"ENTER_TEXT"}]}
COMMAND: POST /session/7410a71b14728fd3846eb83ce69f197f/actions - {"actions":[{"id":"action20","type":"key","parameters":{},"actions":[{"type":"keyDown","value":""},{"type":"pause","duration":10},{"type":"keyUp","value":""}]}]}
RESULT: {"actions":[{"id":"action20","type":"key","parameters":{},"actions":[{"type":"keyDown","value":""},{"type":"pause","duration":10},{"type":"keyUp","value":""}]}]}
COMMAND: POST /session/7410a71b14728fd3846eb83ce69f197f/elements - {"using":"xpath","value":"//table[contains(@id, \"smartFilterBar-filterItemControl_BASIC-ALL_TAGS-valueHelpDialog-table-table\")]/tbody/tr"}
COMMAND: GET /session/7410a71b14728fd3846eb83ce69f197f/screenshot - {}
RESULT: {"using":"xpath","value":"//table[contains(@id, \"smartFilterBar-filterItemControl_BASIC-ALL_TAGS-valueHelpDialog-table-table\")]/tbody/tr"}
COMMAND: POST /session/7410a71b14728fd3846eb83ce69f197f/element - {"using":"xpath","value":"//table[contains(@id, \"smartFilterBar-filterItemControl_BASIC-ALL_TAGS-valueHelpDialog-table-table\")]/tbody/tr[1]/td[1]/div/span"}
RESULT: {}
RESULT: {"using":"xpath","value":"//table[contains(@id, \"smartFilterBar-filterItemControl_BASIC-ALL_TAGS-valueHelpDialog-table-table\")]/tbody/tr[1]/td[1]/div/span"}
COMMAND: POST /session/7410a71b14728fd3846eb83ce69f197f/elements - {"using":"xpath","value":"//table[contains(@id, \"smartFilterBar-filterItemControl_BASIC-ALL_TAGS-valueHelpDialog-table-table\")]/tbody/tr[1]/td[1]/div/span"}
RESULT: {"using":"xpath","value":"//table[contains(@id, \"smartFilterBar-filterItemControl_BASIC-ALL_TAGS-valueHelpDialog-table-table\")]/tbody/tr[1]/td[1]/div/span"}
COMMAND: POST /session/7410a71b14728fd3846eb83ce69f197f/execute/sync - {"script":"<script> [56 bytes]","args":[{"element-6066-11e4-a52e-4f735466cecf":"f.86015CA9C3D3DEEAC7F6EBF17DD69AAD.d.EBCE6ED0FDFA2CC4E319992E9454B41C.e.6502","ELEMENT":"f.86015CA9C3D3DEEAC7F6EBF17DD69AAD.d.EBCE6ED0FDFA2CC4E319992E9454B41C.e.6502"}]}
RESULT: {"script":"<script> [56 bytes]","args":[{"element-6066-11e4-a52e-4f735466cecf":"f.86015CA9C3D3DEEAC7F6EBF17DD69AAD.d.EBCE6ED0FDFA2CC4E319992E9454B41C.e.6502","ELEMENT":"f.86015CA9C3D3DEEAC7F6EBF17DD69AAD.d.EBCE6ED0FDFA2CC4E319992E9454B41C.e.6502"}]}
COMMAND: POST /session/7410a71b14728fd3846eb83ce69f197f/element - {"using":"xpath","value":"//div[contains(@id, \"filterItemControl_BASIC-ALL_TAGS-valueHelpDialog-table-rowsel0\")]"}
COMMAND: GET /session/7410a71b14728fd3846eb83ce69f197f/screenshot - {}
RESULT: {"using":"xpath","value":"//div[contains(@id, \"filterItemControl_BASIC-ALL_TAGS-valueHelpDialog-table-rowsel0\")]"}
COMMAND: POST /session/7410a71b14728fd3846eb83ce69f197f/element/f.86015CA9C3D3DEEAC7F6EBF17DD69AAD.d.EBCE6ED0FDFA2CC4E319992E9454B41C.e.6503/click - {}
RESULT: {}
RESULT: {}
COMMAND: GET /session/7410a71b14728fd3846eb83ce69f197f/screenshot - {}
RESULT: {}
COMMAND: POST /session/7410a71b14728fd3846eb83ce69f197f/element - {"using":"xpath","value":"(//bdi[contains(text(), \"OK\")])[1]"}
RESULT: {"using":"xpath","value":"(//bdi[contains(text(), \"OK\")])[1]"}
COMMAND: POST /session/7410a71b14728fd3846eb83ce69f197f/element/f.86015CA9C3D3DEEAC7F6EBF17DD69AAD.d.EBCE6ED0FDFA2CC4E319992E9454B41C.e.6505/click - {}
RESULT: {}
COMMAND: GET /session/7410a71b14728fd3846eb83ce69f197f/screenshot - {}
RESULT: {}
COMMAND: POST /session/7410a71b14728fd3846eb83ce69f197f/element - {"using":"xpath","value":"//span[@id=\"application-managepartners-display-component---masterPtm--smartTable-header-inner\"]"}
RESULT: {"using":"xpath","value":"//span[@id=\"application-managepartners-display-component---masterPtm--smartTable-header-inner\"]"}
COMMAND: POST /session/7410a71b14728fd3846eb83ce69f197f/elements - {"using":"xpath","value":"//span[@id=\"application-managepartners-display-component---masterPtm--smartTable-header-inner\"]"}
RESULT: {"using":"xpath","value":"//span[@id=\"application-managepartners-display-component---masterPtm--smartTable-header-inner\"]"}
COMMAND: POST /session/7410a71b14728fd3846eb83ce69f197f/execute/sync - {"script":"<script> [56 bytes]","args":[{"element-6066-11e4-a52e-4f735466cecf":"f.86015CA9C3D3DEEAC7F6EBF17DD69AAD.d.EBCE6ED0FDFA2CC4E319992E9454B41C.e.6028","ELEMENT":"f.86015CA9C3D3DEEAC7F6EBF17DD69AAD.d.EBCE6ED0FDFA2CC4E319992E9454B41C.e.6028"}]}
RESULT: {"script":"<script> [56 bytes]","args":[{"element-6066-11e4-a52e-4f735466cecf":"f.86015CA9C3D3DEEAC7F6EBF17DD69AAD.d.EBCE6ED0FDFA2CC4E319992E9454B41C.e.6028","ELEMENT":"f.86015CA9C3D3DEEAC7F6EBF17DD69AAD.d.EBCE6ED0FDFA2CC4E319992E9454B41C.e.6028"}]}
COMMAND: POST /session/7410a71b14728fd3846eb83ce69f197f/element - {"using":"xpath","value":"//span[contains(@title, \"Remove\")]"}
COMMAND: GET /session/7410a71b14728fd3846eb83ce69f197f/screenshot - {}
RESULT: {"using":"xpath","value":"//span[contains(@title, \"Remove\")]"}
COMMAND: POST /session/7410a71b14728fd3846eb83ce69f197f/element/f.86015CA9C3D3DEEAC7F6EBF17DD69AAD.d.EBCE6ED0FDFA2CC4E319992E9454B41C.e.6527/click - {}
RESULT: {}
RESULT: {}
COMMAND: GET /session/7410a71b14728fd3846eb83ce69f197f/screenshot - {}
COMMAND: POST /session/7410a71b14728fd3846eb83ce69f197f/execute/async - {"script":"<script> [1562 bytes]","args":[{"selector":{"id":"application-managepartners-display-component---masterPtm--partnerTypes-arrow"},"wdio_ui5_key":"applicationmanagepartners-display-component---masterPtm--partnerTypes-arrow"}]}
RESULT: {}
RESULT: {"script":"<script> [1562 bytes]","args":[{"selector":{"id":"application-managepartners-display-component---masterPtm--partnerTypes-arrow"},"wdio_ui5_key":"applicationmanagepartners-display-component---masterPtm--partnerTypes-arrow"}]}
RESULT: undefined
COMMAND: POST /session/7410a71b14728fd3846eb83ce69f197f/element - {"using":"xpath","value":"//*[@id=\"application-managepartners-display-component---masterPtm--partnerTypes-arrow\"]"}
RESULT: {"using":"xpath","value":"//*[@id=\"application-managepartners-display-component---masterPtm--partnerTypes-arrow\"]"}
COMMAND: POST /session/7410a71b14728fd3846eb83ce69f197f/element/f.86015CA9C3D3DEEAC7F6EBF17DD69AAD.d.EBCE6ED0FDFA2CC4E319992E9454B41C.e.6629/click - {}
RESULT: {}
COMMAND: GET /session/7410a71b14728fd3846eb83ce69f197f/screenshot - {}
RESULT: {}
COMMAND: POST /session/7410a71b14728fd3846eb83ce69f197f/element - {"using":"xpath","value":"//li[.//span[text()=\"External partner\"]]//div[contains(@class,\"sapMCbBg\")]"}
RESULT: {"using":"xpath","value":"//li[.//span[text()=\"External partner\"]]//div[contains(@class,\"sapMCbBg\")]"}
COMMAND: POST /session/7410a71b14728fd3846eb83ce69f197f/element/f.86015CA9C3D3DEEAC7F6EBF17DD69AAD.d.EBCE6ED0FDFA2CC4E319992E9454B41C.e.6634/click - {}
RESULT: {}
COMMAND: GET /session/7410a71b14728fd3846eb83ce69f197f/screenshot - {}
RESULT: {}
COMMAND: POST /session/7410a71b14728fd3846eb83ce69f197f/element - {"using":"xpath","value":"//div[contains(@id,\"application-managepartners-display-component---masterPtm--smartFilterBar-btnBasicSearch-search\")]"}
RESULT: {"using":"xpath","value":"//div[contains(@id,\"application-managepartners-display-component---masterPtm--smartFilterBar-btnBasicSearch-search\")]"}
COMMAND: POST /session/7410a71b14728fd3846eb83ce69f197f/element/f.86015CA9C3D3DEEAC7F6EBF17DD69AAD.d.EBCE6ED0FDFA2CC4E319992E9454B41C.e.6678/click - {}
RESULT: {}
COMMAND: GET /session/7410a71b14728fd3846eb83ce69f197f/screenshot - {}
RESULT: {}
COMMAND: POST /session/7410a71b14728fd3846eb83ce69f197f/element - {"using":"xpath","value":"//span[@id=\"application-managepartners-display-component---masterPtm--smartTable-header-inner\"]"}
RESULT: {"using":"xpath","value":"//span[@id=\"application-managepartners-display-component---masterPtm--smartTable-header-inner\"]"}
COMMAND: POST /session/7410a71b14728fd3846eb83ce69f197f/elements - {"using":"xpath","value":"//span[@id=\"application-managepartners-display-component---masterPtm--smartTable-header-inner\"]"}
RESULT: {"using":"xpath","value":"//span[@id=\"application-managepartners-display-component---masterPtm--smartTable-header-inner\"]"}
COMMAND: POST /session/7410a71b14728fd3846eb83ce69f197f/execute/sync - {"script":"<script> [56 bytes]","args":[{"element-6066-11e4-a52e-4f735466cecf":"f.86015CA9C3D3DEEAC7F6EBF17DD69AAD.d.EBCE6ED0FDFA2CC4E319992E9454B41C.e.6028","ELEMENT":"f.86015CA9C3D3DEEAC7F6EBF17DD69AAD.d.EBCE6ED0FDFA2CC4E319992E9454B41C.e.6028"}]}
RESULT: {"script":"<script> [56 bytes]","args":[{"element-6066-11e4-a52e-4f735466cecf":"f.86015CA9C3D3DEEAC7F6EBF17DD69AAD.d.EBCE6ED0FDFA2CC4E319992E9454B41C.e.6028","ELEMENT":"f.86015CA9C3D3DEEAC7F6EBF17DD69AAD.d.EBCE6ED0FDFA2CC4E319992E9454B41C.e.6028"}]}
COMMAND: POST /session/7410a71b14728fd3846eb83ce69f197f/element - {"using":"xpath","value":"//span[contains(@title, \"Remove\")]"}
COMMAND: GET /session/7410a71b14728fd3846eb83ce69f197f/screenshot - {}
RESULT: {"using":"xpath","value":"//span[contains(@title, \"Remove\")]"}
COMMAND: POST /session/7410a71b14728fd3846eb83ce69f197f/element/f.86015CA9C3D3DEEAC7F6EBF17DD69AAD.d.EBCE6ED0FDFA2CC4E319992E9454B41C.e.6680/click - {}
RESULT: {}
RESULT: {}
COMMAND: GET /session/7410a71b14728fd3846eb83ce69f197f/screenshot - {}
RESULT: {}
COMMAND: POST /session/7410a71b14728fd3846eb83ce69f197f/execute/async - {"script":"<script> [1562 bytes]","args":[{"selector":{"id":"application-managepartners-display-component---masterPtm--smartFilterBar-btnFilters","interaction":{"idSuffix":"BDI-content"}},"wdio_ui5_key":"applicationmanagepartners-display-component---masterPtm--smartFilterBar-btnFilters"}]}
RESULT: {"script":"<script> [1562 bytes]","args":[{"selector":{"id":"application-managepartners-display-component---masterPtm--smartFilterBar-btnFilters","interaction":{"idSuffix":"BDI-content"}},"wdio_ui5_key":"applicationmanagepartners-display-component---masterPtm--smartFilterBar-btnFilters"}]}
RESULT: undefined
COMMAND: POST /session/7410a71b14728fd3846eb83ce69f197f/element - {"using":"xpath","value":"//*[@id=\"application-managepartners-display-component---masterPtm--smartFilterBar-btnFilters\"]"}
RESULT: {"using":"xpath","value":"//*[@id=\"application-managepartners-display-component---masterPtm--smartFilterBar-btnFilters\"]"}
COMMAND: POST /session/7410a71b14728fd3846eb83ce69f197f/element/f.86015CA9C3D3DEEAC7F6EBF17DD69AAD.d.EBCE6ED0FDFA2CC4E319992E9454B41C.e.5868/click - {}
RESULT: {}
COMMAND: GET /session/7410a71b14728fd3846eb83ce69f197f/screenshot - {}
RESULT: {}
COMMAND: POST /session/7410a71b14728fd3846eb83ce69f197f/elements - {"using":"xpath","value":"//table[contains(@id, \"listView-innerSelectionPanelTable-listUl\")]/tbody/tr"}
RESULT: {"using":"xpath","value":"//table[contains(@id, \"listView-innerSelectionPanelTable-listUl\")]/tbody/tr"}
COMMAND: POST /session/7410a71b14728fd3846eb83ce69f197f/element - {"using":"xpath","value":"//table[contains(@id, \"listView-innerSelectionPanelTable-listUl\")]/tbody/tr[2]/td[2]/div/div"}
RESULT: {"using":"xpath","value":"//table[contains(@id, \"listView-innerSelectionPanelTable-listUl\")]/tbody/tr[2]/td[2]/div/div"}
COMMAND: POST /session/7410a71b14728fd3846eb83ce69f197f/element - {"using":"xpath","value":"//table[contains(@id, \"listView-innerSelectionPanelTable-listUl\")]/tbody/tr[2]/td[2]/div"}
RESULT: {"using":"xpath","value":"//table[contains(@id, \"listView-innerSelectionPanelTable-listUl\")]/tbody/tr[2]/td[2]/div"}
COMMAND: POST /session/7410a71b14728fd3846eb83ce69f197f/element - {"using":"xpath","value":"//table[contains(@id, \"listView-innerSelectionPanelTable-listUl\")]/tbody/tr[2]/td[3]/div/div/span/span[1]/bdi"}
RESULT: {"using":"xpath","value":"//table[contains(@id, \"listView-innerSelectionPanelTable-listUl\")]/tbody/tr[2]/td[3]/div/div/span/span[1]/bdi"}
COMMAND: POST /session/7410a71b14728fd3846eb83ce69f197f/execute/sync - {"script":"<script> [56 bytes]","args":[{"element-6066-11e4-a52e-4f735466cecf":"f.86015CA9C3D3DEEAC7F6EBF17DD69AAD.d.EBCE6ED0FDFA2CC4E319992E9454B41C.e.6789","ELEMENT":"f.86015CA9C3D3DEEAC7F6EBF17DD69AAD.d.EBCE6ED0FDFA2CC4E319992E9454B41C.e.6789"}]}
RESULT: {"script":"<script> [56 bytes]","args":[{"element-6066-11e4-a52e-4f735466cecf":"f.86015CA9C3D3DEEAC7F6EBF17DD69AAD.d.EBCE6ED0FDFA2CC4E319992E9454B41C.e.6789","ELEMENT":"f.86015CA9C3D3DEEAC7F6EBF17DD69AAD.d.EBCE6ED0FDFA2CC4E319992E9454B41C.e.6789"}]}
COMMAND: GET /session/7410a71b14728fd3846eb83ce69f197f/element/f.86015CA9C3D3DEEAC7F6EBF17DD69AAD.d.EBCE6ED0FDFA2CC4E319992E9454B41C.e.6788/attribute/aria-checked - {}
COMMAND: GET /session/7410a71b14728fd3846eb83ce69f197f/screenshot - {}
RESULT: {}
COMMAND: POST /session/7410a71b14728fd3846eb83ce69f197f/element - {"using":"xpath","value":"//table[contains(@id, \"listView-innerSelectionPanelTable-listUl\")]/tbody/tr[3]/td[2]/div/div"}
RESULT: {}
RESULT: {"using":"xpath","value":"//table[contains(@id, \"listView-innerSelectionPanelTable-listUl\")]/tbody/tr[3]/td[2]/div/div"}
COMMAND: POST /session/7410a71b14728fd3846eb83ce69f197f/element - {"using":"xpath","value":"//table[contains(@id, \"listView-innerSelectionPanelTable-listUl\")]/tbody/tr[3]/td[2]/div"}
RESULT: {"using":"xpath","value":"//table[contains(@id, \"listView-innerSelectionPanelTable-listUl\")]/tbody/tr[3]/td[2]/div"}
COMMAND: POST /session/7410a71b14728fd3846eb83ce69f197f/element - {"using":"xpath","value":"//table[contains(@id, \"listView-innerSelectionPanelTable-listUl\")]/tbody/tr[3]/td[3]/div/div/span/span[1]/bdi"}
RESULT: {"using":"xpath","value":"//table[contains(@id, \"listView-innerSelectionPanelTable-listUl\")]/tbody/tr[3]/td[3]/div/div/span/span[1]/bdi"}
COMMAND: POST /session/7410a71b14728fd3846eb83ce69f197f/execute/sync - {"script":"<script> [56 bytes]","args":[{"element-6066-11e4-a52e-4f735466cecf":"f.86015CA9C3D3DEEAC7F6EBF17DD69AAD.d.EBCE6ED0FDFA2CC4E319992E9454B41C.e.6792","ELEMENT":"f.86015CA9C3D3DEEAC7F6EBF17DD69AAD.d.EBCE6ED0FDFA2CC4E319992E9454B41C.e.6792"}]}
RESULT: {"script":"<script> [56 bytes]","args":[{"element-6066-11e4-a52e-4f735466cecf":"f.86015CA9C3D3DEEAC7F6EBF17DD69AAD.d.EBCE6ED0FDFA2CC4E319992E9454B41C.e.6792","ELEMENT":"f.86015CA9C3D3DEEAC7F6EBF17DD69AAD.d.EBCE6ED0FDFA2CC4E319992E9454B41C.e.6792"}]}
COMMAND: GET /session/7410a71b14728fd3846eb83ce69f197f/element/f.86015CA9C3D3DEEAC7F6EBF17DD69AAD.d.EBCE6ED0FDFA2CC4E319992E9454B41C.e.6791/attribute/aria-checked - {}
COMMAND: GET /session/7410a71b14728fd3846eb83ce69f197f/screenshot - {}
RESULT: {}
COMMAND: POST /session/7410a71b14728fd3846eb83ce69f197f/element - {"using":"xpath","value":"//table[contains(@id, \"listView-innerSelectionPanelTable-listUl\")]/tbody/tr[4]/td[2]/div/div"}
RESULT: {}
RESULT: {"using":"xpath","value":"//table[contains(@id, \"listView-innerSelectionPanelTable-listUl\")]/tbody/tr[4]/td[2]/div/div"}
COMMAND: POST /session/7410a71b14728fd3846eb83ce69f197f/element - {"using":"xpath","value":"//table[contains(@id, \"listView-innerSelectionPanelTable-listUl\")]/tbody/tr[4]/td[2]/div"}
RESULT: {"using":"xpath","value":"//table[contains(@id, \"listView-innerSelectionPanelTable-listUl\")]/tbody/tr[4]/td[2]/div"}
COMMAND: POST /session/7410a71b14728fd3846eb83ce69f197f/element - {"using":"xpath","value":"//table[contains(@id, \"listView-innerSelectionPanelTable-listUl\")]/tbody/tr[4]/td[3]/div/div/span/span[1]/bdi"}
RESULT: {"using":"xpath","value":"//table[contains(@id, \"listView-innerSelectionPanelTable-listUl\")]/tbody/tr[4]/td[3]/div/div/span/span[1]/bdi"}
COMMAND: POST /session/7410a71b14728fd3846eb83ce69f197f/execute/sync - {"script":"<script> [56 bytes]","args":[{"element-6066-11e4-a52e-4f735466cecf":"f.86015CA9C3D3DEEAC7F6EBF17DD69AAD.d.EBCE6ED0FDFA2CC4E319992E9454B41C.e.6795","ELEMENT":"f.86015CA9C3D3DEEAC7F6EBF17DD69AAD.d.EBCE6ED0FDFA2CC4E319992E9454B41C.e.6795"}]}
RESULT: {"script":"<script> [56 bytes]","args":[{"element-6066-11e4-a52e-4f735466cecf":"f.86015CA9C3D3DEEAC7F6EBF17DD69AAD.d.EBCE6ED0FDFA2CC4E319992E9454B41C.e.6795","ELEMENT":"f.86015CA9C3D3DEEAC7F6EBF17DD69AAD.d.EBCE6ED0FDFA2CC4E319992E9454B41C.e.6795"}]}
COMMAND: GET /session/7410a71b14728fd3846eb83ce69f197f/element/f.86015CA9C3D3DEEAC7F6EBF17DD69AAD.d.EBCE6ED0FDFA2CC4E319992E9454B41C.e.6794/attribute/aria-checked - {}
COMMAND: GET /session/7410a71b14728fd3846eb83ce69f197f/screenshot - {}
RESULT: {}
COMMAND: POST /session/7410a71b14728fd3846eb83ce69f197f/element - {"using":"xpath","value":"//table[contains(@id, \"listView-innerSelectionPanelTable-listUl\")]/tbody/tr[5]/td[2]/div/div"}
RESULT: {}
RESULT: {"using":"xpath","value":"//table[contains(@id, \"listView-innerSelectionPanelTable-listUl\")]/tbody/tr[5]/td[2]/div/div"}
COMMAND: POST /session/7410a71b14728fd3846eb83ce69f197f/element - {"using":"xpath","value":"//table[contains(@id, \"listView-innerSelectionPanelTable-listUl\")]/tbody/tr[5]/td[2]/div"}
RESULT: {"using":"xpath","value":"//table[contains(@id, \"listView-innerSelectionPanelTable-listUl\")]/tbody/tr[5]/td[2]/div"}
COMMAND: POST /session/7410a71b14728fd3846eb83ce69f197f/element - {"using":"xpath","value":"//table[contains(@id, \"listView-innerSelectionPanelTable-listUl\")]/tbody/tr[5]/td[3]/div/div/span/span[1]/bdi"}
RESULT: {"using":"xpath","value":"//table[contains(@id, \"listView-innerSelectionPanelTable-listUl\")]/tbody/tr[5]/td[3]/div/div/span/span[1]/bdi"}
COMMAND: POST /session/7410a71b14728fd3846eb83ce69f197f/execute/sync - {"script":"<script> [56 bytes]","args":[{"element-6066-11e4-a52e-4f735466cecf":"f.86015CA9C3D3DEEAC7F6EBF17DD69AAD.d.EBCE6ED0FDFA2CC4E319992E9454B41C.e.6798","ELEMENT":"f.86015CA9C3D3DEEAC7F6EBF17DD69AAD.d.EBCE6ED0FDFA2CC4E319992E9454B41C.e.6798"}]}
RESULT: {"script":"<script> [56 bytes]","args":[{"element-6066-11e4-a52e-4f735466cecf":"f.86015CA9C3D3DEEAC7F6EBF17DD69AAD.d.EBCE6ED0FDFA2CC4E319992E9454B41C.e.6798","ELEMENT":"f.86015CA9C3D3DEEAC7F6EBF17DD69AAD.d.EBCE6ED0FDFA2CC4E319992E9454B41C.e.6798"}]}
COMMAND: GET /session/7410a71b14728fd3846eb83ce69f197f/element/f.86015CA9C3D3DEEAC7F6EBF17DD69AAD.d.EBCE6ED0FDFA2CC4E319992E9454B41C.e.6797/attribute/aria-checked - {}
COMMAND: GET /session/7410a71b14728fd3846eb83ce69f197f/screenshot - {}
RESULT: {}
COMMAND: POST /session/7410a71b14728fd3846eb83ce69f197f/element - {"using":"xpath","value":"//table[contains(@id, \"listView-innerSelectionPanelTable-listUl\")]/tbody/tr[6]/td[2]/div/div"}
RESULT: {}
RESULT: {"using":"xpath","value":"//table[contains(@id, \"listView-innerSelectionPanelTable-listUl\")]/tbody/tr[6]/td[2]/div/div"}
COMMAND: POST /session/7410a71b14728fd3846eb83ce69f197f/element - {"using":"xpath","value":"//table[contains(@id, \"listView-innerSelectionPanelTable-listUl\")]/tbody/tr[6]/td[2]/div"}
RESULT: {"using":"xpath","value":"//table[contains(@id, \"listView-innerSelectionPanelTable-listUl\")]/tbody/tr[6]/td[2]/div"}
COMMAND: POST /session/7410a71b14728fd3846eb83ce69f197f/element - {"using":"xpath","value":"//table[contains(@id, \"listView-innerSelectionPanelTable-listUl\")]/tbody/tr[6]/td[3]/div/div/span/span[1]/bdi"}
RESULT: {"using":"xpath","value":"//table[contains(@id, \"listView-innerSelectionPanelTable-listUl\")]/tbody/tr[6]/td[3]/div/div/span/span[1]/bdi"}
COMMAND: POST /session/7410a71b14728fd3846eb83ce69f197f/execute/sync - {"script":"<script> [56 bytes]","args":[{"element-6066-11e4-a52e-4f735466cecf":"f.86015CA9C3D3DEEAC7F6EBF17DD69AAD.d.EBCE6ED0FDFA2CC4E319992E9454B41C.e.6801","ELEMENT":"f.86015CA9C3D3DEEAC7F6EBF17DD69AAD.d.EBCE6ED0FDFA2CC4E319992E9454B41C.e.6801"}]}
RESULT: {"script":"<script> [56 bytes]","args":[{"element-6066-11e4-a52e-4f735466cecf":"f.86015CA9C3D3DEEAC7F6EBF17DD69AAD.d.EBCE6ED0FDFA2CC4E319992E9454B41C.e.6801","ELEMENT":"f.86015CA9C3D3DEEAC7F6EBF17DD69AAD.d.EBCE6ED0FDFA2CC4E319992E9454B41C.e.6801"}]}
COMMAND: GET /session/7410a71b14728fd3846eb83ce69f197f/element/f.86015CA9C3D3DEEAC7F6EBF17DD69AAD.d.EBCE6ED0FDFA2CC4E319992E9454B41C.e.6800/attribute/aria-checked - {}
COMMAND: GET /session/7410a71b14728fd3846eb83ce69f197f/screenshot - {}
RESULT: {}
COMMAND: POST /session/7410a71b14728fd3846eb83ce69f197f/element - {"using":"xpath","value":"//table[contains(@id, \"listView-innerSelectionPanelTable-listUl\")]/tbody/tr[7]/td[2]/div/div"}
RESULT: {}
RESULT: {"using":"xpath","value":"//table[contains(@id, \"listView-innerSelectionPanelTable-listUl\")]/tbody/tr[7]/td[2]/div/div"}
COMMAND: POST /session/7410a71b14728fd3846eb83ce69f197f/element - {"using":"xpath","value":"//table[contains(@id, \"listView-innerSelectionPanelTable-listUl\")]/tbody/tr[7]/td[2]/div"}
RESULT: {"using":"xpath","value":"//table[contains(@id, \"listView-innerSelectionPanelTable-listUl\")]/tbody/tr[7]/td[2]/div"}
COMMAND: POST /session/7410a71b14728fd3846eb83ce69f197f/element - {"using":"xpath","value":"//table[contains(@id, \"listView-innerSelectionPanelTable-listUl\")]/tbody/tr[7]/td[3]/div/div/span/span[1]/bdi"}
RESULT: {"using":"xpath","value":"//table[contains(@id, \"listView-innerSelectionPanelTable-listUl\")]/tbody/tr[7]/td[3]/div/div/span/span[1]/bdi"}
COMMAND: POST /session/7410a71b14728fd3846eb83ce69f197f/execute/sync - {"script":"<script> [56 bytes]","args":[{"element-6066-11e4-a52e-4f735466cecf":"f.86015CA9C3D3DEEAC7F6EBF17DD69AAD.d.EBCE6ED0FDFA2CC4E319992E9454B41C.e.6804","ELEMENT":"f.86015CA9C3D3DEEAC7F6EBF17DD69AAD.d.EBCE6ED0FDFA2CC4E319992E9454B41C.e.6804"}]}
RESULT: {"script":"<script> [56 bytes]","args":[{"element-6066-11e4-a52e-4f735466cecf":"f.86015CA9C3D3DEEAC7F6EBF17DD69AAD.d.EBCE6ED0FDFA2CC4E319992E9454B41C.e.6804","ELEMENT":"f.86015CA9C3D3DEEAC7F6EBF17DD69AAD.d.EBCE6ED0FDFA2CC4E319992E9454B41C.e.6804"}]}
COMMAND: GET /session/7410a71b14728fd3846eb83ce69f197f/element/f.86015CA9C3D3DEEAC7F6EBF17DD69AAD.d.EBCE6ED0FDFA2CC4E319992E9454B41C.e.6803/attribute/aria-checked - {}
COMMAND: GET /session/7410a71b14728fd3846eb83ce69f197f/screenshot - {}
RESULT: {}
COMMAND: POST /session/7410a71b14728fd3846eb83ce69f197f/element - {"using":"xpath","value":"//table[contains(@id, \"listView-innerSelectionPanelTable-listUl\")]/tbody/tr[8]/td[2]/div/div"}
RESULT: {}
RESULT: {"using":"xpath","value":"//table[contains(@id, \"listView-innerSelectionPanelTable-listUl\")]/tbody/tr[8]/td[2]/div/div"}
COMMAND: POST /session/7410a71b14728fd3846eb83ce69f197f/element - {"using":"xpath","value":"//table[contains(@id, \"listView-innerSelectionPanelTable-listUl\")]/tbody/tr[8]/td[2]/div"}
RESULT: {"using":"xpath","value":"//table[contains(@id, \"listView-innerSelectionPanelTable-listUl\")]/tbody/tr[8]/td[2]/div"}
COMMAND: POST /session/7410a71b14728fd3846eb83ce69f197f/element - {"using":"xpath","value":"//table[contains(@id, \"listView-innerSelectionPanelTable-listUl\")]/tbody/tr[8]/td[3]/div/div/span/span[1]/bdi"}
RESULT: {"using":"xpath","value":"//table[contains(@id, \"listView-innerSelectionPanelTable-listUl\")]/tbody/tr[8]/td[3]/div/div/span/span[1]/bdi"}
COMMAND: POST /session/7410a71b14728fd3846eb83ce69f197f/execute/sync - {"script":"<script> [56 bytes]","args":[{"element-6066-11e4-a52e-4f735466cecf":"f.86015CA9C3D3DEEAC7F6EBF17DD69AAD.d.EBCE6ED0FDFA2CC4E319992E9454B41C.e.6807","ELEMENT":"f.86015CA9C3D3DEEAC7F6EBF17DD69AAD.d.EBCE6ED0FDFA2CC4E319992E9454B41C.e.6807"}]}
RESULT: {"script":"<script> [56 bytes]","args":[{"element-6066-11e4-a52e-4f735466cecf":"f.86015CA9C3D3DEEAC7F6EBF17DD69AAD.d.EBCE6ED0FDFA2CC4E319992E9454B41C.e.6807","ELEMENT":"f.86015CA9C3D3DEEAC7F6EBF17DD69AAD.d.EBCE6ED0FDFA2CC4E319992E9454B41C.e.6807"}]}
COMMAND: GET /session/7410a71b14728fd3846eb83ce69f197f/element/f.86015CA9C3D3DEEAC7F6EBF17DD69AAD.d.EBCE6ED0FDFA2CC4E319992E9454B41C.e.6806/attribute/aria-checked - {}
COMMAND: GET /session/7410a71b14728fd3846eb83ce69f197f/screenshot - {}
RESULT: {}
COMMAND: POST /session/7410a71b14728fd3846eb83ce69f197f/element - {"using":"xpath","value":"//table[contains(@id, \"listView-innerSelectionPanelTable-listUl\")]/tbody/tr[9]/td[2]/div/div"}
RESULT: {}
RESULT: {"using":"xpath","value":"//table[contains(@id, \"listView-innerSelectionPanelTable-listUl\")]/tbody/tr[9]/td[2]/div/div"}
COMMAND: POST /session/7410a71b14728fd3846eb83ce69f197f/element - {"using":"xpath","value":"//table[contains(@id, \"listView-innerSelectionPanelTable-listUl\")]/tbody/tr[9]/td[2]/div"}
RESULT: {"using":"xpath","value":"//table[contains(@id, \"listView-innerSelectionPanelTable-listUl\")]/tbody/tr[9]/td[2]/div"}
COMMAND: POST /session/7410a71b14728fd3846eb83ce69f197f/element - {"using":"xpath","value":"//table[contains(@id, \"listView-innerSelectionPanelTable-listUl\")]/tbody/tr[9]/td[3]/div/div/span/span[1]/bdi"}
RESULT: {"using":"xpath","value":"//table[contains(@id, \"listView-innerSelectionPanelTable-listUl\")]/tbody/tr[9]/td[3]/div/div/span/span[1]/bdi"}
COMMAND: POST /session/7410a71b14728fd3846eb83ce69f197f/execute/sync - {"script":"<script> [56 bytes]","args":[{"element-6066-11e4-a52e-4f735466cecf":"f.86015CA9C3D3DEEAC7F6EBF17DD69AAD.d.EBCE6ED0FDFA2CC4E319992E9454B41C.e.6810","ELEMENT":"f.86015CA9C3D3DEEAC7F6EBF17DD69AAD.d.EBCE6ED0FDFA2CC4E319992E9454B41C.e.6810"}]}
RESULT: {"script":"<script> [56 bytes]","args":[{"element-6066-11e4-a52e-4f735466cecf":"f.86015CA9C3D3DEEAC7F6EBF17DD69AAD.d.EBCE6ED0FDFA2CC4E319992E9454B41C.e.6810","ELEMENT":"f.86015CA9C3D3DEEAC7F6EBF17DD69AAD.d.EBCE6ED0FDFA2CC4E319992E9454B41C.e.6810"}]}
COMMAND: GET /session/7410a71b14728fd3846eb83ce69f197f/element/f.86015CA9C3D3DEEAC7F6EBF17DD69AAD.d.EBCE6ED0FDFA2CC4E319992E9454B41C.e.6809/attribute/aria-checked - {}
COMMAND: GET /session/7410a71b14728fd3846eb83ce69f197f/screenshot - {}
RESULT: {}
COMMAND: POST /session/7410a71b14728fd3846eb83ce69f197f/element - {"using":"xpath","value":"//table[contains(@id, \"listView-innerSelectionPanelTable-listUl\")]/tbody/tr[10]/td[2]/div/div"}
RESULT: {}
RESULT: {"using":"xpath","value":"//table[contains(@id, \"listView-innerSelectionPanelTable-listUl\")]/tbody/tr[10]/td[2]/div/div"}
COMMAND: POST /session/7410a71b14728fd3846eb83ce69f197f/element - {"using":"xpath","value":"//table[contains(@id, \"listView-innerSelectionPanelTable-listUl\")]/tbody/tr[10]/td[2]/div"}
RESULT: {"using":"xpath","value":"//table[contains(@id, \"listView-innerSelectionPanelTable-listUl\")]/tbody/tr[10]/td[2]/div"}
COMMAND: POST /session/7410a71b14728fd3846eb83ce69f197f/element - {"using":"xpath","value":"//table[contains(@id, \"listView-innerSelectionPanelTable-listUl\")]/tbody/tr[10]/td[3]/div/div/span/span[1]/bdi"}
RESULT: {"using":"xpath","value":"//table[contains(@id, \"listView-innerSelectionPanelTable-listUl\")]/tbody/tr[10]/td[3]/div/div/span/span[1]/bdi"}
COMMAND: POST /session/7410a71b14728fd3846eb83ce69f197f/execute/sync - {"script":"<script> [56 bytes]","args":[{"element-6066-11e4-a52e-4f735466cecf":"f.86015CA9C3D3DEEAC7F6EBF17DD69AAD.d.EBCE6ED0FDFA2CC4E319992E9454B41C.e.6813","ELEMENT":"f.86015CA9C3D3DEEAC7F6EBF17DD69AAD.d.EBCE6ED0FDFA2CC4E319992E9454B41C.e.6813"}]}
RESULT: {"script":"<script> [56 bytes]","args":[{"element-6066-11e4-a52e-4f735466cecf":"f.86015CA9C3D3DEEAC7F6EBF17DD69AAD.d.EBCE6ED0FDFA2CC4E319992E9454B41C.e.6813","ELEMENT":"f.86015CA9C3D3DEEAC7F6EBF17DD69AAD.d.EBCE6ED0FDFA2CC4E319992E9454B41C.e.6813"}]}
COMMAND: GET /session/7410a71b14728fd3846eb83ce69f197f/element/f.86015CA9C3D3DEEAC7F6EBF17DD69AAD.d.EBCE6ED0FDFA2CC4E319992E9454B41C.e.6812/attribute/aria-checked - {}
COMMAND: GET /session/7410a71b14728fd3846eb83ce69f197f/screenshot - {}
RESULT: {}
COMMAND: POST /session/7410a71b14728fd3846eb83ce69f197f/element - {"using":"xpath","value":"//table[contains(@id, \"listView-innerSelectionPanelTable-listUl\")]/tbody/tr[11]/td[2]/div/div"}
RESULT: {}
RESULT: {"using":"xpath","value":"//table[contains(@id, \"listView-innerSelectionPanelTable-listUl\")]/tbody/tr[11]/td[2]/div/div"}
COMMAND: POST /session/7410a71b14728fd3846eb83ce69f197f/element - {"using":"xpath","value":"//table[contains(@id, \"listView-innerSelectionPanelTable-listUl\")]/tbody/tr[11]/td[2]/div"}
RESULT: {"using":"xpath","value":"//table[contains(@id, \"listView-innerSelectionPanelTable-listUl\")]/tbody/tr[11]/td[2]/div"}
COMMAND: POST /session/7410a71b14728fd3846eb83ce69f197f/element - {"using":"xpath","value":"//table[contains(@id, \"listView-innerSelectionPanelTable-listUl\")]/tbody/tr[11]/td[3]/div/div/span/span[1]/bdi"}
RESULT: {"using":"xpath","value":"//table[contains(@id, \"listView-innerSelectionPanelTable-listUl\")]/tbody/tr[11]/td[3]/div/div/span/span[1]/bdi"}
COMMAND: POST /session/7410a71b14728fd3846eb83ce69f197f/execute/sync - {"script":"<script> [56 bytes]","args":[{"element-6066-11e4-a52e-4f735466cecf":"f.86015CA9C3D3DEEAC7F6EBF17DD69AAD.d.EBCE6ED0FDFA2CC4E319992E9454B41C.e.6816","ELEMENT":"f.86015CA9C3D3DEEAC7F6EBF17DD69AAD.d.EBCE6ED0FDFA2CC4E319992E9454B41C.e.6816"}]}
RESULT: {"script":"<script> [56 bytes]","args":[{"element-6066-11e4-a52e-4f735466cecf":"f.86015CA9C3D3DEEAC7F6EBF17DD69AAD.d.EBCE6ED0FDFA2CC4E319992E9454B41C.e.6816","ELEMENT":"f.86015CA9C3D3DEEAC7F6EBF17DD69AAD.d.EBCE6ED0FDFA2CC4E319992E9454B41C.e.6816"}]}
COMMAND: GET /session/7410a71b14728fd3846eb83ce69f197f/element/f.86015CA9C3D3DEEAC7F6EBF17DD69AAD.d.EBCE6ED0FDFA2CC4E319992E9454B41C.e.6815/attribute/aria-checked - {}
COMMAND: GET /session/7410a71b14728fd3846eb83ce69f197f/screenshot - {}
RESULT: {}
COMMAND: POST /session/7410a71b14728fd3846eb83ce69f197f/element - {"using":"xpath","value":"//table[contains(@id, \"listView-innerSelectionPanelTable-listUl\")]/tbody/tr[12]/td[2]/div/div"}
RESULT: {}
RESULT: {"using":"xpath","value":"//table[contains(@id, \"listView-innerSelectionPanelTable-listUl\")]/tbody/tr[12]/td[2]/div/div"}
COMMAND: POST /session/7410a71b14728fd3846eb83ce69f197f/element - {"using":"xpath","value":"//table[contains(@id, \"listView-innerSelectionPanelTable-listUl\")]/tbody/tr[12]/td[2]/div"}
RESULT: {"using":"xpath","value":"//table[contains(@id, \"listView-innerSelectionPanelTable-listUl\")]/tbody/tr[12]/td[2]/div"}
COMMAND: POST /session/7410a71b14728fd3846eb83ce69f197f/element - {"using":"xpath","value":"//table[contains(@id, \"listView-innerSelectionPanelTable-listUl\")]/tbody/tr[12]/td[3]/div/div/span/span[1]/bdi"}
RESULT: {"using":"xpath","value":"//table[contains(@id, \"listView-innerSelectionPanelTable-listUl\")]/tbody/tr[12]/td[3]/div/div/span/span[1]/bdi"}
COMMAND: POST /session/7410a71b14728fd3846eb83ce69f197f/execute/sync - {"script":"<script> [56 bytes]","args":[{"element-6066-11e4-a52e-4f735466cecf":"f.86015CA9C3D3DEEAC7F6EBF17DD69AAD.d.EBCE6ED0FDFA2CC4E319992E9454B41C.e.6819","ELEMENT":"f.86015CA9C3D3DEEAC7F6EBF17DD69AAD.d.EBCE6ED0FDFA2CC4E319992E9454B41C.e.6819"}]}
RESULT: {"script":"<script> [56 bytes]","args":[{"element-6066-11e4-a52e-4f735466cecf":"f.86015CA9C3D3DEEAC7F6EBF17DD69AAD.d.EBCE6ED0FDFA2CC4E319992E9454B41C.e.6819","ELEMENT":"f.86015CA9C3D3DEEAC7F6EBF17DD69AAD.d.EBCE6ED0FDFA2CC4E319992E9454B41C.e.6819"}]}
COMMAND: GET /session/7410a71b14728fd3846eb83ce69f197f/element/f.86015CA9C3D3DEEAC7F6EBF17DD69AAD.d.EBCE6ED0FDFA2CC4E319992E9454B41C.e.6818/attribute/aria-checked - {}
COMMAND: GET /session/7410a71b14728fd3846eb83ce69f197f/screenshot - {}
RESULT: {}
COMMAND: POST /session/7410a71b14728fd3846eb83ce69f197f/element - {"using":"xpath","value":"//table[contains(@id, \"listView-innerSelectionPanelTable-listUl\")]/tbody/tr[13]/td[2]/div/div"}
RESULT: {}
RESULT: {"using":"xpath","value":"//table[contains(@id, \"listView-innerSelectionPanelTable-listUl\")]/tbody/tr[13]/td[2]/div/div"}
COMMAND: POST /session/7410a71b14728fd3846eb83ce69f197f/element - {"using":"xpath","value":"//table[contains(@id, \"listView-innerSelectionPanelTable-listUl\")]/tbody/tr[13]/td[2]/div"}
RESULT: {"using":"xpath","value":"//table[contains(@id, \"listView-innerSelectionPanelTable-listUl\")]/tbody/tr[13]/td[2]/div"}
COMMAND: POST /session/7410a71b14728fd3846eb83ce69f197f/element - {"using":"xpath","value":"//table[contains(@id, \"listView-innerSelectionPanelTable-listUl\")]/tbody/tr[13]/td[3]/div/div/span/span[1]/bdi"}
RESULT: {"using":"xpath","value":"//table[contains(@id, \"listView-innerSelectionPanelTable-listUl\")]/tbody/tr[13]/td[3]/div/div/span/span[1]/bdi"}
COMMAND: POST /session/7410a71b14728fd3846eb83ce69f197f/execute/sync - {"script":"<script> [56 bytes]","args":[{"element-6066-11e4-a52e-4f735466cecf":"f.86015CA9C3D3DEEAC7F6EBF17DD69AAD.d.EBCE6ED0FDFA2CC4E319992E9454B41C.e.6822","ELEMENT":"f.86015CA9C3D3DEEAC7F6EBF17DD69AAD.d.EBCE6ED0FDFA2CC4E319992E9454B41C.e.6822"}]}
RESULT: {"script":"<script> [56 bytes]","args":[{"element-6066-11e4-a52e-4f735466cecf":"f.86015CA9C3D3DEEAC7F6EBF17DD69AAD.d.EBCE6ED0FDFA2CC4E319992E9454B41C.e.6822","ELEMENT":"f.86015CA9C3D3DEEAC7F6EBF17DD69AAD.d.EBCE6ED0FDFA2CC4E319992E9454B41C.e.6822"}]}
COMMAND: GET /session/7410a71b14728fd3846eb83ce69f197f/element/f.86015CA9C3D3DEEAC7F6EBF17DD69AAD.d.EBCE6ED0FDFA2CC4E319992E9454B41C.e.6821/attribute/aria-checked - {}
COMMAND: GET /session/7410a71b14728fd3846eb83ce69f197f/screenshot - {}
RESULT: {}
COMMAND: POST /session/7410a71b14728fd3846eb83ce69f197f/element - {"using":"xpath","value":"//table[contains(@id, \"listView-innerSelectionPanelTable-listUl\")]/tbody/tr[14]/td[2]/div/div"}
COMMAND: POST /session/7410a71b14728fd3846eb83ce69f197f/element/f.86015CA9C3D3DEEAC7F6EBF17DD69AAD.d.EBCE6ED0FDFA2CC4E319992E9454B41C.e.6820/click - {}
RESULT: {}
RESULT: {"using":"xpath","value":"//table[contains(@id, \"listView-innerSelectionPanelTable-listUl\")]/tbody/tr[14]/td[2]/div/div"}
COMMAND: POST /session/7410a71b14728fd3846eb83ce69f197f/element - {"using":"xpath","value":"//table[contains(@id, \"listView-innerSelectionPanelTable-listUl\")]/tbody/tr[14]/td[2]/div"}
RESULT: {}
COMMAND: GET /session/7410a71b14728fd3846eb83ce69f197f/screenshot - {}
RESULT: {"using":"xpath","value":"//table[contains(@id, \"listView-innerSelectionPanelTable-listUl\")]/tbody/tr[14]/td[2]/div"}
COMMAND: POST /session/7410a71b14728fd3846eb83ce69f197f/element - {"using":"xpath","value":"//table[contains(@id, \"listView-innerSelectionPanelTable-listUl\")]/tbody/tr[14]/td[3]/div/div/span/span[1]/bdi"}
RESULT: {}
RESULT: {"using":"xpath","value":"//table[contains(@id, \"listView-innerSelectionPanelTable-listUl\")]/tbody/tr[14]/td[3]/div/div/span/span[1]/bdi"}
COMMAND: POST /session/7410a71b14728fd3846eb83ce69f197f/execute/sync - {"script":"<script> [56 bytes]","args":[{"element-6066-11e4-a52e-4f735466cecf":"f.86015CA9C3D3DEEAC7F6EBF17DD69AAD.d.EBCE6ED0FDFA2CC4E319992E9454B41C.e.6826","ELEMENT":"f.86015CA9C3D3DEEAC7F6EBF17DD69AAD.d.EBCE6ED0FDFA2CC4E319992E9454B41C.e.6826"}]}
RESULT: {"script":"<script> [56 bytes]","args":[{"element-6066-11e4-a52e-4f735466cecf":"f.86015CA9C3D3DEEAC7F6EBF17DD69AAD.d.EBCE6ED0FDFA2CC4E319992E9454B41C.e.6826","ELEMENT":"f.86015CA9C3D3DEEAC7F6EBF17DD69AAD.d.EBCE6ED0FDFA2CC4E319992E9454B41C.e.6826"}]}
COMMAND: GET /session/7410a71b14728fd3846eb83ce69f197f/element/f.86015CA9C3D3DEEAC7F6EBF17DD69AAD.d.EBCE6ED0FDFA2CC4E319992E9454B41C.e.6825/attribute/aria-checked - {}
COMMAND: GET /session/7410a71b14728fd3846eb83ce69f197f/screenshot - {}
RESULT: {}
COMMAND: POST /session/7410a71b14728fd3846eb83ce69f197f/element - {"using":"xpath","value":"//table[contains(@id, \"listView-innerSelectionPanelTable-listUl\")]/tbody/tr[15]/td[2]/div/div"}
RESULT: {}
RESULT: {"using":"xpath","value":"//table[contains(@id, \"listView-innerSelectionPanelTable-listUl\")]/tbody/tr[15]/td[2]/div/div"}
COMMAND: POST /session/7410a71b14728fd3846eb83ce69f197f/element - {"using":"xpath","value":"//table[contains(@id, \"listView-innerSelectionPanelTable-listUl\")]/tbody/tr[15]/td[2]/div"}
RESULT: {"using":"xpath","value":"//table[contains(@id, \"listView-innerSelectionPanelTable-listUl\")]/tbody/tr[15]/td[2]/div"}
COMMAND: POST /session/7410a71b14728fd3846eb83ce69f197f/element - {"using":"xpath","value":"//table[contains(@id, \"listView-innerSelectionPanelTable-listUl\")]/tbody/tr[15]/td[3]/div/div/span/span[1]/bdi"}
RESULT: {"using":"xpath","value":"//table[contains(@id, \"listView-innerSelectionPanelTable-listUl\")]/tbody/tr[15]/td[3]/div/div/span/span[1]/bdi"}
COMMAND: POST /session/7410a71b14728fd3846eb83ce69f197f/execute/sync - {"script":"<script> [56 bytes]","args":[{"element-6066-11e4-a52e-4f735466cecf":"f.86015CA9C3D3DEEAC7F6EBF17DD69AAD.d.EBCE6ED0FDFA2CC4E319992E9454B41C.e.6829","ELEMENT":"f.86015CA9C3D3DEEAC7F6EBF17DD69AAD.d.EBCE6ED0FDFA2CC4E319992E9454B41C.e.6829"}]}
RESULT: {"script":"<script> [56 bytes]","args":[{"element-6066-11e4-a52e-4f735466cecf":"f.86015CA9C3D3DEEAC7F6EBF17DD69AAD.d.EBCE6ED0FDFA2CC4E319992E9454B41C.e.6829","ELEMENT":"f.86015CA9C3D3DEEAC7F6EBF17DD69AAD.d.EBCE6ED0FDFA2CC4E319992E9454B41C.e.6829"}]}
COMMAND: GET /session/7410a71b14728fd3846eb83ce69f197f/element/f.86015CA9C3D3DEEAC7F6EBF17DD69AAD.d.EBCE6ED0FDFA2CC4E319992E9454B41C.e.6828/attribute/aria-checked - {}
COMMAND: GET /session/7410a71b14728fd3846eb83ce69f197f/screenshot - {}
RESULT: {}
COMMAND: POST /session/7410a71b14728fd3846eb83ce69f197f/element - {"using":"xpath","value":"//table[contains(@id, \"listView-innerSelectionPanelTable-listUl\")]/tbody/tr[16]/td[2]/div/div"}
RESULT: {}
RESULT: {"using":"xpath","value":"//table[contains(@id, \"listView-innerSelectionPanelTable-listUl\")]/tbody/tr[16]/td[2]/div/div"}
COMMAND: POST /session/7410a71b14728fd3846eb83ce69f197f/element - {"using":"xpath","value":"//table[contains(@id, \"listView-innerSelectionPanelTable-listUl\")]/tbody/tr[16]/td[2]/div"}
RESULT: {"using":"xpath","value":"//table[contains(@id, \"listView-innerSelectionPanelTable-listUl\")]/tbody/tr[16]/td[2]/div"}
COMMAND: POST /session/7410a71b14728fd3846eb83ce69f197f/element - {"using":"xpath","value":"//table[contains(@id, \"listView-innerSelectionPanelTable-listUl\")]/tbody/tr[16]/td[3]/div/div/span/span[1]/bdi"}
RESULT: {"using":"xpath","value":"//table[contains(@id, \"listView-innerSelectionPanelTable-listUl\")]/tbody/tr[16]/td[3]/div/div/span/span[1]/bdi"}
COMMAND: POST /session/7410a71b14728fd3846eb83ce69f197f/execute/sync - {"script":"<script> [56 bytes]","args":[{"element-6066-11e4-a52e-4f735466cecf":"f.86015CA9C3D3DEEAC7F6EBF17DD69AAD.d.EBCE6ED0FDFA2CC4E319992E9454B41C.e.6832","ELEMENT":"f.86015CA9C3D3DEEAC7F6EBF17DD69AAD.d.EBCE6ED0FDFA2CC4E319992E9454B41C.e.6832"}]}
RESULT: {"script":"<script> [56 bytes]","args":[{"element-6066-11e4-a52e-4f735466cecf":"f.86015CA9C3D3DEEAC7F6EBF17DD69AAD.d.EBCE6ED0FDFA2CC4E319992E9454B41C.e.6832","ELEMENT":"f.86015CA9C3D3DEEAC7F6EBF17DD69AAD.d.EBCE6ED0FDFA2CC4E319992E9454B41C.e.6832"}]}
COMMAND: GET /session/7410a71b14728fd3846eb83ce69f197f/element/f.86015CA9C3D3DEEAC7F6EBF17DD69AAD.d.EBCE6ED0FDFA2CC4E319992E9454B41C.e.6831/attribute/aria-checked - {}
COMMAND: GET /session/7410a71b14728fd3846eb83ce69f197f/screenshot - {}
RESULT: {}
COMMAND: POST /session/7410a71b14728fd3846eb83ce69f197f/element - {"using":"xpath","value":"//table[contains(@id, \"listView-innerSelectionPanelTable-listUl\")]/tbody/tr[17]/td[2]/div/div"}
RESULT: {}
RESULT: {"using":"xpath","value":"//table[contains(@id, \"listView-innerSelectionPanelTable-listUl\")]/tbody/tr[17]/td[2]/div/div"}
COMMAND: POST /session/7410a71b14728fd3846eb83ce69f197f/element - {"using":"xpath","value":"//table[contains(@id, \"listView-innerSelectionPanelTable-listUl\")]/tbody/tr[17]/td[2]/div"}
RESULT: {"using":"xpath","value":"//table[contains(@id, \"listView-innerSelectionPanelTable-listUl\")]/tbody/tr[17]/td[2]/div"}
COMMAND: POST /session/7410a71b14728fd3846eb83ce69f197f/element - {"using":"xpath","value":"//table[contains(@id, \"listView-innerSelectionPanelTable-listUl\")]/tbody/tr[17]/td[3]/div/div/span/span[1]/bdi"}
RESULT: {"using":"xpath","value":"//table[contains(@id, \"listView-innerSelectionPanelTable-listUl\")]/tbody/tr[17]/td[3]/div/div/span/span[1]/bdi"}
COMMAND: POST /session/7410a71b14728fd3846eb83ce69f197f/execute/sync - {"script":"<script> [56 bytes]","args":[{"element-6066-11e4-a52e-4f735466cecf":"f.86015CA9C3D3DEEAC7F6EBF17DD69AAD.d.EBCE6ED0FDFA2CC4E319992E9454B41C.e.6835","ELEMENT":"f.86015CA9C3D3DEEAC7F6EBF17DD69AAD.d.EBCE6ED0FDFA2CC4E319992E9454B41C.e.6835"}]}
RESULT: {"script":"<script> [56 bytes]","args":[{"element-6066-11e4-a52e-4f735466cecf":"f.86015CA9C3D3DEEAC7F6EBF17DD69AAD.d.EBCE6ED0FDFA2CC4E319992E9454B41C.e.6835","ELEMENT":"f.86015CA9C3D3DEEAC7F6EBF17DD69AAD.d.EBCE6ED0FDFA2CC4E319992E9454B41C.e.6835"}]}
COMMAND: GET /session/7410a71b14728fd3846eb83ce69f197f/element/f.86015CA9C3D3DEEAC7F6EBF17DD69AAD.d.EBCE6ED0FDFA2CC4E319992E9454B41C.e.6834/attribute/aria-checked - {}
COMMAND: GET /session/7410a71b14728fd3846eb83ce69f197f/screenshot - {}
RESULT: {}
RESULT: {}
COMMAND: POST /session/7410a71b14728fd3846eb83ce69f197f/element - {"using":"xpath","value":"//table[contains(@id, \"listView-innerSelectionPanelTable-listUl\")]/tbody/tr[18]/td[2]/div/div"}
RESULT: {"using":"xpath","value":"//table[contains(@id, \"listView-innerSelectionPanelTable-listUl\")]/tbody/tr[18]/td[2]/div/div"}
COMMAND: POST /session/7410a71b14728fd3846eb83ce69f197f/element - {"using":"xpath","value":"//table[contains(@id, \"listView-innerSelectionPanelTable-listUl\")]/tbody/tr[18]/td[2]/div"}
RESULT: {"using":"xpath","value":"//table[contains(@id, \"listView-innerSelectionPanelTable-listUl\")]/tbody/tr[18]/td[2]/div"}
COMMAND: POST /session/7410a71b14728fd3846eb83ce69f197f/element - {"using":"xpath","value":"//table[contains(@id, \"listView-innerSelectionPanelTable-listUl\")]/tbody/tr[18]/td[3]/div/div/span/span[1]/bdi"}
RESULT: {"using":"xpath","value":"//table[contains(@id, \"listView-innerSelectionPanelTable-listUl\")]/tbody/tr[18]/td[3]/div/div/span/span[1]/bdi"}
COMMAND: POST /session/7410a71b14728fd3846eb83ce69f197f/execute/sync - {"script":"<script> [56 bytes]","args":[{"element-6066-11e4-a52e-4f735466cecf":"f.86015CA9C3D3DEEAC7F6EBF17DD69AAD.d.EBCE6ED0FDFA2CC4E319992E9454B41C.e.6838","ELEMENT":"f.86015CA9C3D3DEEAC7F6EBF17DD69AAD.d.EBCE6ED0FDFA2CC4E319992E9454B41C.e.6838"}]}
RESULT: {"script":"<script> [56 bytes]","args":[{"element-6066-11e4-a52e-4f735466cecf":"f.86015CA9C3D3DEEAC7F6EBF17DD69AAD.d.EBCE6ED0FDFA2CC4E319992E9454B41C.e.6838","ELEMENT":"f.86015CA9C3D3DEEAC7F6EBF17DD69AAD.d.EBCE6ED0FDFA2CC4E319992E9454B41C.e.6838"}]}
COMMAND: GET /session/7410a71b14728fd3846eb83ce69f197f/element/f.86015CA9C3D3DEEAC7F6EBF17DD69AAD.d.EBCE6ED0FDFA2CC4E319992E9454B41C.e.6837/attribute/aria-checked - {}
COMMAND: GET /session/7410a71b14728fd3846eb83ce69f197f/screenshot - {}
RESULT: {}
COMMAND: POST /session/7410a71b14728fd3846eb83ce69f197f/element - {"using":"xpath","value":"//table[contains(@id, \"listView-innerSelectionPanelTable-listUl\")]/tbody/tr[19]/td[2]/div/div"}
RESULT: {}
RESULT: {"using":"xpath","value":"//table[contains(@id, \"listView-innerSelectionPanelTable-listUl\")]/tbody/tr[19]/td[2]/div/div"}
COMMAND: POST /session/7410a71b14728fd3846eb83ce69f197f/element - {"using":"xpath","value":"//table[contains(@id, \"listView-innerSelectionPanelTable-listUl\")]/tbody/tr[19]/td[2]/div"}
RESULT: {"using":"xpath","value":"//table[contains(@id, \"listView-innerSelectionPanelTable-listUl\")]/tbody/tr[19]/td[2]/div"}
COMMAND: POST /session/7410a71b14728fd3846eb83ce69f197f/element - {"using":"xpath","value":"//table[contains(@id, \"listView-innerSelectionPanelTable-listUl\")]/tbody/tr[19]/td[3]/div/div/span/span[1]/bdi"}
RESULT: {"using":"xpath","value":"//table[contains(@id, \"listView-innerSelectionPanelTable-listUl\")]/tbody/tr[19]/td[3]/div/div/span/span[1]/bdi"}
COMMAND: POST /session/7410a71b14728fd3846eb83ce69f197f/execute/sync - {"script":"<script> [56 bytes]","args":[{"element-6066-11e4-a52e-4f735466cecf":"f.86015CA9C3D3DEEAC7F6EBF17DD69AAD.d.EBCE6ED0FDFA2CC4E319992E9454B41C.e.6841","ELEMENT":"f.86015CA9C3D3DEEAC7F6EBF17DD69AAD.d.EBCE6ED0FDFA2CC4E319992E9454B41C.e.6841"}]}
RESULT: {"script":"<script> [56 bytes]","args":[{"element-6066-11e4-a52e-4f735466cecf":"f.86015CA9C3D3DEEAC7F6EBF17DD69AAD.d.EBCE6ED0FDFA2CC4E319992E9454B41C.e.6841","ELEMENT":"f.86015CA9C3D3DEEAC7F6EBF17DD69AAD.d.EBCE6ED0FDFA2CC4E319992E9454B41C.e.6841"}]}
COMMAND: GET /session/7410a71b14728fd3846eb83ce69f197f/element/f.86015CA9C3D3DEEAC7F6EBF17DD69AAD.d.EBCE6ED0FDFA2CC4E319992E9454B41C.e.6840/attribute/aria-checked - {}
COMMAND: GET /session/7410a71b14728fd3846eb83ce69f197f/screenshot - {}
RESULT: {}
COMMAND: POST /session/7410a71b14728fd3846eb83ce69f197f/element - {"using":"xpath","value":"//table[contains(@id, \"listView-innerSelectionPanelTable-listUl\")]/tbody/tr[20]/td[2]/div/div"}
RESULT: {}
RESULT: {"using":"xpath","value":"//table[contains(@id, \"listView-innerSelectionPanelTable-listUl\")]/tbody/tr[20]/td[2]/div/div"}
COMMAND: POST /session/7410a71b14728fd3846eb83ce69f197f/element - {"using":"xpath","value":"//table[contains(@id, \"listView-innerSelectionPanelTable-listUl\")]/tbody/tr[20]/td[2]/div"}
RESULT: {"using":"xpath","value":"//table[contains(@id, \"listView-innerSelectionPanelTable-listUl\")]/tbody/tr[20]/td[2]/div"}
COMMAND: POST /session/7410a71b14728fd3846eb83ce69f197f/element - {"using":"xpath","value":"//table[contains(@id, \"listView-innerSelectionPanelTable-listUl\")]/tbody/tr[20]/td[3]/div/div/span/span[1]/bdi"}
RESULT: {"using":"xpath","value":"//table[contains(@id, \"listView-innerSelectionPanelTable-listUl\")]/tbody/tr[20]/td[3]/div/div/span/span[1]/bdi"}
COMMAND: POST /session/7410a71b14728fd3846eb83ce69f197f/execute/sync - {"script":"<script> [56 bytes]","args":[{"element-6066-11e4-a52e-4f735466cecf":"f.86015CA9C3D3DEEAC7F6EBF17DD69AAD.d.EBCE6ED0FDFA2CC4E319992E9454B41C.e.6844","ELEMENT":"f.86015CA9C3D3DEEAC7F6EBF17DD69AAD.d.EBCE6ED0FDFA2CC4E319992E9454B41C.e.6844"}]}
RESULT: {"script":"<script> [56 bytes]","args":[{"element-6066-11e4-a52e-4f735466cecf":"f.86015CA9C3D3DEEAC7F6EBF17DD69AAD.d.EBCE6ED0FDFA2CC4E319992E9454B41C.e.6844","ELEMENT":"f.86015CA9C3D3DEEAC7F6EBF17DD69AAD.d.EBCE6ED0FDFA2CC4E319992E9454B41C.e.6844"}]}
COMMAND: GET /session/7410a71b14728fd3846eb83ce69f197f/element/f.86015CA9C3D3DEEAC7F6EBF17DD69AAD.d.EBCE6ED0FDFA2CC4E319992E9454B41C.e.6843/attribute/aria-checked - {}
COMMAND: GET /session/7410a71b14728fd3846eb83ce69f197f/screenshot - {}
RESULT: {}
COMMAND: POST /session/7410a71b14728fd3846eb83ce69f197f/element - {"using":"xpath","value":"//table[contains(@id, \"listView-innerSelectionPanelTable-listUl\")]/tbody/tr[21]/td[2]/div/div"}
RESULT: {}
RESULT: {"using":"xpath","value":"//table[contains(@id, \"listView-innerSelectionPanelTable-listUl\")]/tbody/tr[21]/td[2]/div/div"}
COMMAND: POST /session/7410a71b14728fd3846eb83ce69f197f/element - {"using":"xpath","value":"//table[contains(@id, \"listView-innerSelectionPanelTable-listUl\")]/tbody/tr[21]/td[2]/div"}
RESULT: {"using":"xpath","value":"//table[contains(@id, \"listView-innerSelectionPanelTable-listUl\")]/tbody/tr[21]/td[2]/div"}
COMMAND: POST /session/7410a71b14728fd3846eb83ce69f197f/element - {"using":"xpath","value":"//table[contains(@id, \"listView-innerSelectionPanelTable-listUl\")]/tbody/tr[21]/td[3]/div/div/span/span[1]/bdi"}
RESULT: {"using":"xpath","value":"//table[contains(@id, \"listView-innerSelectionPanelTable-listUl\")]/tbody/tr[21]/td[3]/div/div/span/span[1]/bdi"}
COMMAND: POST /session/7410a71b14728fd3846eb83ce69f197f/execute/sync - {"script":"<script> [56 bytes]","args":[{"element-6066-11e4-a52e-4f735466cecf":"f.86015CA9C3D3DEEAC7F6EBF17DD69AAD.d.EBCE6ED0FDFA2CC4E319992E9454B41C.e.6847","ELEMENT":"f.86015CA9C3D3DEEAC7F6EBF17DD69AAD.d.EBCE6ED0FDFA2CC4E319992E9454B41C.e.6847"}]}
RESULT: {"script":"<script> [56 bytes]","args":[{"element-6066-11e4-a52e-4f735466cecf":"f.86015CA9C3D3DEEAC7F6EBF17DD69AAD.d.EBCE6ED0FDFA2CC4E319992E9454B41C.e.6847","ELEMENT":"f.86015CA9C3D3DEEAC7F6EBF17DD69AAD.d.EBCE6ED0FDFA2CC4E319992E9454B41C.e.6847"}]}
COMMAND: GET /session/7410a71b14728fd3846eb83ce69f197f/element/f.86015CA9C3D3DEEAC7F6EBF17DD69AAD.d.EBCE6ED0FDFA2CC4E319992E9454B41C.e.6846/attribute/aria-checked - {}
COMMAND: GET /session/7410a71b14728fd3846eb83ce69f197f/screenshot - {}
RESULT: {}
COMMAND: POST /session/7410a71b14728fd3846eb83ce69f197f/element - {"using":"xpath","value":"//table[contains(@id, \"listView-innerSelectionPanelTable-listUl\")]/tbody/tr[22]/td[2]/div/div"}
RESULT: {}
RESULT: {"using":"xpath","value":"//table[contains(@id, \"listView-innerSelectionPanelTable-listUl\")]/tbody/tr[22]/td[2]/div/div"}
COMMAND: POST /session/7410a71b14728fd3846eb83ce69f197f/element - {"using":"xpath","value":"//table[contains(@id, \"listView-innerSelectionPanelTable-listUl\")]/tbody/tr[22]/td[2]/div"}
RESULT: {"using":"xpath","value":"//table[contains(@id, \"listView-innerSelectionPanelTable-listUl\")]/tbody/tr[22]/td[2]/div"}
COMMAND: POST /session/7410a71b14728fd3846eb83ce69f197f/element - {"using":"xpath","value":"//table[contains(@id, \"listView-innerSelectionPanelTable-listUl\")]/tbody/tr[22]/td[3]/div/div/span/span[1]/bdi"}
RESULT: {"using":"xpath","value":"//table[contains(@id, \"listView-innerSelectionPanelTable-listUl\")]/tbody/tr[22]/td[3]/div/div/span/span[1]/bdi"}
COMMAND: POST /session/7410a71b14728fd3846eb83ce69f197f/execute/sync - {"script":"<script> [56 bytes]","args":[{"element-6066-11e4-a52e-4f735466cecf":"f.86015CA9C3D3DEEAC7F6EBF17DD69AAD.d.EBCE6ED0FDFA2CC4E319992E9454B41C.e.6850","ELEMENT":"f.86015CA9C3D3DEEAC7F6EBF17DD69AAD.d.EBCE6ED0FDFA2CC4E319992E9454B41C.e.6850"}]}
RESULT: {"script":"<script> [56 bytes]","args":[{"element-6066-11e4-a52e-4f735466cecf":"f.86015CA9C3D3DEEAC7F6EBF17DD69AAD.d.EBCE6ED0FDFA2CC4E319992E9454B41C.e.6850","ELEMENT":"f.86015CA9C3D3DEEAC7F6EBF17DD69AAD.d.EBCE6ED0FDFA2CC4E319992E9454B41C.e.6850"}]}
COMMAND: GET /session/7410a71b14728fd3846eb83ce69f197f/element/f.86015CA9C3D3DEEAC7F6EBF17DD69AAD.d.EBCE6ED0FDFA2CC4E319992E9454B41C.e.6849/attribute/aria-checked - {}
COMMAND: GET /session/7410a71b14728fd3846eb83ce69f197f/screenshot - {}
RESULT: {}
COMMAND: POST /session/7410a71b14728fd3846eb83ce69f197f/element - {"using":"xpath","value":"//table[contains(@id, \"listView-innerSelectionPanelTable-listUl\")]/tbody/tr[23]/td[2]/div/div"}
RESULT: {}
RESULT: {"using":"xpath","value":"//table[contains(@id, \"listView-innerSelectionPanelTable-listUl\")]/tbody/tr[23]/td[2]/div/div"}
COMMAND: POST /session/7410a71b14728fd3846eb83ce69f197f/element - {"using":"xpath","value":"//table[contains(@id, \"listView-innerSelectionPanelTable-listUl\")]/tbody/tr[23]/td[2]/div"}
RESULT: {"using":"xpath","value":"//table[contains(@id, \"listView-innerSelectionPanelTable-listUl\")]/tbody/tr[23]/td[2]/div"}
COMMAND: POST /session/7410a71b14728fd3846eb83ce69f197f/element - {"using":"xpath","value":"//table[contains(@id, \"listView-innerSelectionPanelTable-listUl\")]/tbody/tr[23]/td[3]/div/div/span/span[1]/bdi"}
RESULT: {"using":"xpath","value":"//table[contains(@id, \"listView-innerSelectionPanelTable-listUl\")]/tbody/tr[23]/td[3]/div/div/span/span[1]/bdi"}
COMMAND: POST /session/7410a71b14728fd3846eb83ce69f197f/execute/sync - {"script":"<script> [56 bytes]","args":[{"element-6066-11e4-a52e-4f735466cecf":"f.86015CA9C3D3DEEAC7F6EBF17DD69AAD.d.EBCE6ED0FDFA2CC4E319992E9454B41C.e.6853","ELEMENT":"f.86015CA9C3D3DEEAC7F6EBF17DD69AAD.d.EBCE6ED0FDFA2CC4E319992E9454B41C.e.6853"}]}
RESULT: {"script":"<script> [56 bytes]","args":[{"element-6066-11e4-a52e-4f735466cecf":"f.86015CA9C3D3DEEAC7F6EBF17DD69AAD.d.EBCE6ED0FDFA2CC4E319992E9454B41C.e.6853","ELEMENT":"f.86015CA9C3D3DEEAC7F6EBF17DD69AAD.d.EBCE6ED0FDFA2CC4E319992E9454B41C.e.6853"}]}
COMMAND: GET /session/7410a71b14728fd3846eb83ce69f197f/element/f.86015CA9C3D3DEEAC7F6EBF17DD69AAD.d.EBCE6ED0FDFA2CC4E319992E9454B41C.e.6852/attribute/aria-checked - {}
COMMAND: GET /session/7410a71b14728fd3846eb83ce69f197f/screenshot - {}
RESULT: {}
COMMAND: POST /session/7410a71b14728fd3846eb83ce69f197f/element - {"using":"xpath","value":"//table[contains(@id, \"listView-innerSelectionPanelTable-listUl\")]/tbody/tr[24]/td[2]/div/div"}
RESULT: {}
RESULT: {"using":"xpath","value":"//table[contains(@id, \"listView-innerSelectionPanelTable-listUl\")]/tbody/tr[24]/td[2]/div/div"}
COMMAND: POST /session/7410a71b14728fd3846eb83ce69f197f/element - {"using":"xpath","value":"//table[contains(@id, \"listView-innerSelectionPanelTable-listUl\")]/tbody/tr[24]/td[2]/div"}
RESULT: {"using":"xpath","value":"//table[contains(@id, \"listView-innerSelectionPanelTable-listUl\")]/tbody/tr[24]/td[2]/div"}
COMMAND: POST /session/7410a71b14728fd3846eb83ce69f197f/element - {"using":"xpath","value":"//table[contains(@id, \"listView-innerSelectionPanelTable-listUl\")]/tbody/tr[24]/td[3]/div/div/span/span[1]/bdi"}
RESULT: {"using":"xpath","value":"//table[contains(@id, \"listView-innerSelectionPanelTable-listUl\")]/tbody/tr[24]/td[3]/div/div/span/span[1]/bdi"}
COMMAND: POST /session/7410a71b14728fd3846eb83ce69f197f/execute/sync - {"script":"<script> [56 bytes]","args":[{"element-6066-11e4-a52e-4f735466cecf":"f.86015CA9C3D3DEEAC7F6EBF17DD69AAD.d.EBCE6ED0FDFA2CC4E319992E9454B41C.e.6856","ELEMENT":"f.86015CA9C3D3DEEAC7F6EBF17DD69AAD.d.EBCE6ED0FDFA2CC4E319992E9454B41C.e.6856"}]}
RESULT: {"script":"<script> [56 bytes]","args":[{"element-6066-11e4-a52e-4f735466cecf":"f.86015CA9C3D3DEEAC7F6EBF17DD69AAD.d.EBCE6ED0FDFA2CC4E319992E9454B41C.e.6856","ELEMENT":"f.86015CA9C3D3DEEAC7F6EBF17DD69AAD.d.EBCE6ED0FDFA2CC4E319992E9454B41C.e.6856"}]}
COMMAND: GET /session/7410a71b14728fd3846eb83ce69f197f/element/f.86015CA9C3D3DEEAC7F6EBF17DD69AAD.d.EBCE6ED0FDFA2CC4E319992E9454B41C.e.6855/attribute/aria-checked - {}
COMMAND: GET /session/7410a71b14728fd3846eb83ce69f197f/screenshot - {}
RESULT: {}
COMMAND: POST /session/7410a71b14728fd3846eb83ce69f197f/element - {"using":"xpath","value":"//table[contains(@id, \"listView-innerSelectionPanelTable-listUl\")]/tbody/tr[25]/td[2]/div/div"}
RESULT: {}
RESULT: {"using":"xpath","value":"//table[contains(@id, \"listView-innerSelectionPanelTable-listUl\")]/tbody/tr[25]/td[2]/div/div"}
COMMAND: POST /session/7410a71b14728fd3846eb83ce69f197f/element - {"using":"xpath","value":"//table[contains(@id, \"listView-innerSelectionPanelTable-listUl\")]/tbody/tr[25]/td[2]/div"}
RESULT: {"using":"xpath","value":"//table[contains(@id, \"listView-innerSelectionPanelTable-listUl\")]/tbody/tr[25]/td[2]/div"}
COMMAND: POST /session/7410a71b14728fd3846eb83ce69f197f/element - {"using":"xpath","value":"//table[contains(@id, \"listView-innerSelectionPanelTable-listUl\")]/tbody/tr[25]/td[3]/div/div/span/span[1]/bdi"}
RESULT: {"using":"xpath","value":"//table[contains(@id, \"listView-innerSelectionPanelTable-listUl\")]/tbody/tr[25]/td[3]/div/div/span/span[1]/bdi"}
COMMAND: POST /session/7410a71b14728fd3846eb83ce69f197f/execute/sync - {"script":"<script> [56 bytes]","args":[{"element-6066-11e4-a52e-4f735466cecf":"f.86015CA9C3D3DEEAC7F6EBF17DD69AAD.d.EBCE6ED0FDFA2CC4E319992E9454B41C.e.6859","ELEMENT":"f.86015CA9C3D3DEEAC7F6EBF17DD69AAD.d.EBCE6ED0FDFA2CC4E319992E9454B41C.e.6859"}]}
RESULT: {"script":"<script> [56 bytes]","args":[{"element-6066-11e4-a52e-4f735466cecf":"f.86015CA9C3D3DEEAC7F6EBF17DD69AAD.d.EBCE6ED0FDFA2CC4E319992E9454B41C.e.6859","ELEMENT":"f.86015CA9C3D3DEEAC7F6EBF17DD69AAD.d.EBCE6ED0FDFA2CC4E319992E9454B41C.e.6859"}]}
COMMAND: GET /session/7410a71b14728fd3846eb83ce69f197f/element/f.86015CA9C3D3DEEAC7F6EBF17DD69AAD.d.EBCE6ED0FDFA2CC4E319992E9454B41C.e.6858/attribute/aria-checked - {}
COMMAND: GET /session/7410a71b14728fd3846eb83ce69f197f/screenshot - {}
RESULT: {}
COMMAND: POST /session/7410a71b14728fd3846eb83ce69f197f/element - {"using":"xpath","value":"//bdi[contains(text(), \"OK\")]"}
RESULT: {}
RESULT: {"using":"xpath","value":"//bdi[contains(text(), \"OK\")]"}
COMMAND: POST /session/7410a71b14728fd3846eb83ce69f197f/element/f.86015CA9C3D3DEEAC7F6EBF17DD69AAD.d.EBCE6ED0FDFA2CC4E319992E9454B41C.e.6860/click - {}
RESULT: {}
COMMAND: GET /session/7410a71b14728fd3846eb83ce69f197f/screenshot - {}
RESULT: {}
COMMAND: POST /session/7410a71b14728fd3846eb83ce69f197f/execute/async - {"script":"<script> [1562 bytes]","args":[{"selector":{"id":"application-managepartners-display-component---masterPtm--smartFilterBar-filterItemControlA_-LINK_TO_ADDRESSES_MAIN.CITY1-vhi"},"wdio_ui5_key":"applicationmanagepartners-display-component---masterPtm--smartFilterBar-filterItemControlA_-LINK_TO_ADDRESSES_MAIN.CITY1-vhi"}]}
RESULT: {"script":"<script> [1562 bytes]","args":[{"selector":{"id":"application-managepartners-display-component---masterPtm--smartFilterBar-filterItemControlA_-LINK_TO_ADDRESSES_MAIN.CITY1-vhi"},"wdio_ui5_key":"applicationmanagepartners-display-component---masterPtm--smartFilterBar-filterItemControlA_-LINK_TO_ADDRESSES_MAIN.CITY1-vhi"}]}
RESULT: undefined
COMMAND: POST /session/7410a71b14728fd3846eb83ce69f197f/element - {"using":"xpath","value":"//*[@id=\"application-managepartners-display-component---masterPtm--smartFilterBar-filterItemControlA_-LINK_TO_ADDRESSES_MAIN.CITY1-vhi\"]"}
RESULT: {"using":"xpath","value":"//*[@id=\"application-managepartners-display-component---masterPtm--smartFilterBar-filterItemControlA_-LINK_TO_ADDRESSES_MAIN.CITY1-vhi\"]"}
COMMAND: POST /session/7410a71b14728fd3846eb83ce69f197f/element/f.86015CA9C3D3DEEAC7F6EBF17DD69AAD.d.EBCE6ED0FDFA2CC4E319992E9454B41C.e.6874/click - {}
RESULT: {}
COMMAND: GET /session/7410a71b14728fd3846eb83ce69f197f/screenshot - {}
RESULT: {}
COMMAND: POST /session/7410a71b14728fd3846eb83ce69f197f/execute/async - {"script":"<script> [1562 bytes]","args":[{"selector":{"controlType":"sap.m.Input","viewName":"etm.portal.ui.managepartners.view.Master","viewId":"application-managepartners-display-component---masterPtm","properties":{"valueState":"None"},"searchOpenDialogs":true,"interaction":{"idSuffix":"inner"}},"wdio_ui5_key":"etmportal.ui.managepartners.view.Mastersap.m.Input{\"valueState\":\"None\"}"}]}
RESULT: {"script":"<script> [1562 bytes]","args":[{"selector":{"controlType":"sap.m.Input","viewName":"etm.portal.ui.managepartners.view.Master","viewId":"application-managepartners-display-component---masterPtm","properties":{"valueState":"None"},"searchOpenDialogs":true,"interaction":{"idSuffix":"inner"}},"wdio_ui5_key":"etmportal.ui.managepartners.view.Mastersap.m.Input{\"valueState\":\"None\"}"}]}
RESULT: undefined
COMMAND: POST /session/7410a71b14728fd3846eb83ce69f197f/execute/async - {"script":"<script> [776 bytes]","args":[{"enterText":"Bucure","selector":{"controlType":"sap.m.Input","viewName":"etm.portal.ui.managepartners.view.Master","viewId":"application-managepartners-display-component---masterPtm","properties":{"valueState":"None"},"searchOpenDialogs":true,"interaction":{"idSuffix":"inner"}},"clearTextFirst":true,"interactionType":"ENTER_TEXT"}]}
RESULT: {"script":"<script> [776 bytes]","args":[{"enterText":"Bucure","selector":{"controlType":"sap.m.Input","viewName":"etm.portal.ui.managepartners.view.Master","viewId":"application-managepartners-display-component---masterPtm","properties":{"valueState":"None"},"searchOpenDialogs":true,"interaction":{"idSuffix":"inner"}},"clearTextFirst":true,"interactionType":"ENTER_TEXT"}]}
COMMAND: POST /session/7410a71b14728fd3846eb83ce69f197f/actions - {"actions":[{"id":"action21","type":"key","parameters":{},"actions":[{"type":"keyDown","value":""},{"type":"pause","duration":10},{"type":"keyUp","value":""}]}]}
RESULT: {"actions":[{"id":"action21","type":"key","parameters":{},"actions":[{"type":"keyDown","value":""},{"type":"pause","duration":10},{"type":"keyUp","value":""}]}]}
COMMAND: GET /session/7410a71b14728fd3846eb83ce69f197f/screenshot - {}
RESULT: {}
COMMAND: POST /session/7410a71b14728fd3846eb83ce69f197f/element - {"using":"xpath","value":"(//bdi[contains(text(), \"OK\")])[1]"}
RESULT: {"using":"xpath","value":"(//bdi[contains(text(), \"OK\")])[1]"}
COMMAND: POST /session/7410a71b14728fd3846eb83ce69f197f/element/f.86015CA9C3D3DEEAC7F6EBF17DD69AAD.d.EBCE6ED0FDFA2CC4E319992E9454B41C.e.6880/click - {}
RESULT: {}
COMMAND: GET /session/7410a71b14728fd3846eb83ce69f197f/screenshot - {}
RESULT: {}
COMMAND: POST /session/7410a71b14728fd3846eb83ce69f197f/element - {"using":"xpath","value":"//span[@id=\"application-managepartners-display-component---masterPtm--smartTable-header-inner\"]"}
RESULT: {"using":"xpath","value":"//span[@id=\"application-managepartners-display-component---masterPtm--smartTable-header-inner\"]"}
COMMAND: POST /session/7410a71b14728fd3846eb83ce69f197f/elements - {"using":"xpath","value":"//span[@id=\"application-managepartners-display-component---masterPtm--smartTable-header-inner\"]"}
RESULT: {"using":"xpath","value":"//span[@id=\"application-managepartners-display-component---masterPtm--smartTable-header-inner\"]"}
COMMAND: POST /session/7410a71b14728fd3846eb83ce69f197f/execute/sync - {"script":"<script> [56 bytes]","args":[{"element-6066-11e4-a52e-4f735466cecf":"f.86015CA9C3D3DEEAC7F6EBF17DD69AAD.d.EBCE6ED0FDFA2CC4E319992E9454B41C.e.6028","ELEMENT":"f.86015CA9C3D3DEEAC7F6EBF17DD69AAD.d.EBCE6ED0FDFA2CC4E319992E9454B41C.e.6028"}]}
RESULT: {"script":"<script> [56 bytes]","args":[{"element-6066-11e4-a52e-4f735466cecf":"f.86015CA9C3D3DEEAC7F6EBF17DD69AAD.d.EBCE6ED0FDFA2CC4E319992E9454B41C.e.6028","ELEMENT":"f.86015CA9C3D3DEEAC7F6EBF17DD69AAD.d.EBCE6ED0FDFA2CC4E319992E9454B41C.e.6028"}]}
COMMAND: POST /session/7410a71b14728fd3846eb83ce69f197f/element - {"using":"xpath","value":"//span[contains(@title, \"Remove\")]"}
COMMAND: GET /session/7410a71b14728fd3846eb83ce69f197f/screenshot - {}
RESULT: {"using":"xpath","value":"//span[contains(@title, \"Remove\")]"}
COMMAND: POST /session/7410a71b14728fd3846eb83ce69f197f/element/f.86015CA9C3D3DEEAC7F6EBF17DD69AAD.d.EBCE6ED0FDFA2CC4E319992E9454B41C.e.6956/click - {}
RESULT: {}
RESULT: {}
COMMAND: GET /session/7410a71b14728fd3846eb83ce69f197f/screenshot - {}
RESULT: {}
COMMAND: POST /session/7410a71b14728fd3846eb83ce69f197f/element - {"using":"xpath","value":"//span[@id=\"application-managepartners-display-component---masterPtm--smartTable-header-inner\"]"}
RESULT: {"using":"xpath","value":"//span[@id=\"application-managepartners-display-component---masterPtm--smartTable-header-inner\"]"}
COMMAND: POST /session/7410a71b14728fd3846eb83ce69f197f/elements - {"using":"xpath","value":"//span[@id=\"application-managepartners-display-component---masterPtm--smartTable-header-inner\"]"}
RESULT: {"using":"xpath","value":"//span[@id=\"application-managepartners-display-component---masterPtm--smartTable-header-inner\"]"}
COMMAND: POST /session/7410a71b14728fd3846eb83ce69f197f/execute/sync - {"script":"<script> [56 bytes]","args":[{"element-6066-11e4-a52e-4f735466cecf":"f.86015CA9C3D3DEEAC7F6EBF17DD69AAD.d.EBCE6ED0FDFA2CC4E319992E9454B41C.e.6028","ELEMENT":"f.86015CA9C3D3DEEAC7F6EBF17DD69AAD.d.EBCE6ED0FDFA2CC4E319992E9454B41C.e.6028"}]}
RESULT: {"script":"<script> [56 bytes]","args":[{"element-6066-11e4-a52e-4f735466cecf":"f.86015CA9C3D3DEEAC7F6EBF17DD69AAD.d.EBCE6ED0FDFA2CC4E319992E9454B41C.e.6028","ELEMENT":"f.86015CA9C3D3DEEAC7F6EBF17DD69AAD.d.EBCE6ED0FDFA2CC4E319992E9454B41C.e.6028"}]}
COMMAND: POST /session/7410a71b14728fd3846eb83ce69f197f/element - {"using":"css selector","value":"#shell-header-logo"}
COMMAND: GET /session/7410a71b14728fd3846eb83ce69f197f/screenshot - {}
RESULT: {"using":"css selector","value":"#shell-header-logo"}
COMMAND: POST /session/7410a71b14728fd3846eb83ce69f197f/element/f.86015CA9C3D3DEEAC7F6EBF17DD69AAD.d.EBCE6ED0FDFA2CC4E319992E9454B41C.e.5857/click - {}
RESULT: {}
RESULT: {}
COMMAND: GET /session/7410a71b14728fd3846eb83ce69f197f/screenshot - {}
RESULT: {}
]]></system-out>
    </testcase>
    <testcase classname="chrome.136_0_7103_93.windows.Partner_specific_tests_US150819_US151080_US151654_US151176_US103444_US151078_US151079_US151109_US151174_US151175_US151189" name="Should try to save empty partner US151174" time="55.667">
      <system-out><![CDATA[
COMMAND: POST /session/7410a71b14728fd3846eb83ce69f197f/element - {"using":"xpath","value":"//li[.//span[text()=\"Manage Partners\"]]"}
RESULT: {"using":"xpath","value":"//li[.//span[text()=\"Manage Partners\"]]"}
COMMAND: POST /session/7410a71b14728fd3846eb83ce69f197f/element - {"using":"xpath","value":"//li[.//span[text()=\"Manage Partners\"]]"}
RESULT: {"using":"xpath","value":"//li[.//span[text()=\"Manage Partners\"]]"}
COMMAND: POST /session/7410a71b14728fd3846eb83ce69f197f/element - {"using":"css selector","value":"#shell-header-logo"}
RESULT: {"using":"css selector","value":"#shell-header-logo"}
COMMAND: POST /session/7410a71b14728fd3846eb83ce69f197f/element/f.86015CA9C3D3DEEAC7F6EBF17DD69AAD.d.EBCE6ED0FDFA2CC4E319992E9454B41C.e.7054/click - {}
COMMAND: POST /session/7410a71b14728fd3846eb83ce69f197f/execute/sync - {"script":"<script> [8489 bytes]","args":[{"element-6066-11e4-a52e-4f735466cecf":"f.86015CA9C3D3DEEAC7F6EBF17DD69AAD.d.EBCE6ED0FDFA2CC4E319992E9454B41C.e.7054","ELEMENT":"f.86015CA9C3D3DEEAC7F6EBF17DD69AAD.d.EBCE6ED0FDFA2CC4E319992E9454B41C.e.7054"}]}
RESULT: {}
COMMAND: GET /session/7410a71b14728fd3846eb83ce69f197f/screenshot - {}
RESULT: {"script":"<script> [8489 bytes]","args":[{"element-6066-11e4-a52e-4f735466cecf":"f.86015CA9C3D3DEEAC7F6EBF17DD69AAD.d.EBCE6ED0FDFA2CC4E319992E9454B41C.e.7054","ELEMENT":"f.86015CA9C3D3DEEAC7F6EBF17DD69AAD.d.EBCE6ED0FDFA2CC4E319992E9454B41C.e.7054"}]}
COMMAND: POST /session/7410a71b14728fd3846eb83ce69f197f/execute/sync - {"script":"<script> [5351 bytes]","args":[{"element-6066-11e4-a52e-4f735466cecf":"f.86015CA9C3D3DEEAC7F6EBF17DD69AAD.d.EBCE6ED0FDFA2CC4E319992E9454B41C.e.7054","ELEMENT":"f.86015CA9C3D3DEEAC7F6EBF17DD69AAD.d.EBCE6ED0FDFA2CC4E319992E9454B41C.e.7054"}]}
COMMAND: GET /session/7410a71b14728fd3846eb83ce69f197f/screenshot - {}
RESULT: {}
RESULT: {"script":"<script> [5351 bytes]","args":[{"element-6066-11e4-a52e-4f735466cecf":"f.86015CA9C3D3DEEAC7F6EBF17DD69AAD.d.EBCE6ED0FDFA2CC4E319992E9454B41C.e.7054","ELEMENT":"f.86015CA9C3D3DEEAC7F6EBF17DD69AAD.d.EBCE6ED0FDFA2CC4E319992E9454B41C.e.7054"}]}
COMMAND: GET /session/7410a71b14728fd3846eb83ce69f197f/screenshot - {}
RESULT: {}
RESULT: {}
RESULT: undefined
COMMAND: POST /session/7410a71b14728fd3846eb83ce69f197f/element - {"using":"xpath","value":"//*[@id=\"__tile30\"]"}
RESULT: {"using":"xpath","value":"//*[@id=\"__tile30\"]"}
COMMAND: POST /session/7410a71b14728fd3846eb83ce69f197f/element/f.86015CA9C3D3DEEAC7F6EBF17DD69AAD.d.EBCE6ED0FDFA2CC4E319992E9454B41C.e.4514/click - {}
RESULT: {}
COMMAND: GET /session/7410a71b14728fd3846eb83ce69f197f/screenshot - {}
RESULT: {}
COMMAND: POST /session/7410a71b14728fd3846eb83ce69f197f/elements - {"using":"xpath","value":"//span[text()='Error']"}
RESULT: {"using":"xpath","value":"//span[text()='Error']"}
COMMAND: POST /session/7410a71b14728fd3846eb83ce69f197f/element - {"using":"xpath","value":"//button[@data-kt=\"addButton\"]"}
RESULT: {"using":"xpath","value":"//button[@data-kt=\"addButton\"]"}
COMMAND: POST /session/7410a71b14728fd3846eb83ce69f197f/elements - {"using":"xpath","value":"//button[@data-kt=\"addButton\"]"}
RESULT: {"using":"xpath","value":"//button[@data-kt=\"addButton\"]"}
COMMAND: POST /session/7410a71b14728fd3846eb83ce69f197f/execute/sync - {"script":"<script> [8489 bytes]","args":[{"element-6066-11e4-a52e-4f735466cecf":"f.86015CA9C3D3DEEAC7F6EBF17DD69AAD.d.EBCE6ED0FDFA2CC4E319992E9454B41C.e.7099","ELEMENT":"f.86015CA9C3D3DEEAC7F6EBF17DD69AAD.d.EBCE6ED0FDFA2CC4E319992E9454B41C.e.7099"}]}
RESULT: {"script":"<script> [8489 bytes]","args":[{"element-6066-11e4-a52e-4f735466cecf":"f.86015CA9C3D3DEEAC7F6EBF17DD69AAD.d.EBCE6ED0FDFA2CC4E319992E9454B41C.e.7099","ELEMENT":"f.86015CA9C3D3DEEAC7F6EBF17DD69AAD.d.EBCE6ED0FDFA2CC4E319992E9454B41C.e.7099"}]}
COMMAND: GET /session/7410a71b14728fd3846eb83ce69f197f/element/f.86015CA9C3D3DEEAC7F6EBF17DD69AAD.d.EBCE6ED0FDFA2CC4E319992E9454B41C.e.7099/enabled - {}
COMMAND: GET /session/7410a71b14728fd3846eb83ce69f197f/screenshot - {}
RESULT: {}
COMMAND: POST /session/7410a71b14728fd3846eb83ce69f197f/execute/sync - {"script":"<script> [8489 bytes]","args":[{"element-6066-11e4-a52e-4f735466cecf":"f.86015CA9C3D3DEEAC7F6EBF17DD69AAD.d.EBCE6ED0FDFA2CC4E319992E9454B41C.e.7099","ELEMENT":"f.86015CA9C3D3DEEAC7F6EBF17DD69AAD.d.EBCE6ED0FDFA2CC4E319992E9454B41C.e.7099"}]}
COMMAND: GET /session/7410a71b14728fd3846eb83ce69f197f/screenshot - {}
RESULT: {}
RESULT: {"script":"<script> [8489 bytes]","args":[{"element-6066-11e4-a52e-4f735466cecf":"f.86015CA9C3D3DEEAC7F6EBF17DD69AAD.d.EBCE6ED0FDFA2CC4E319992E9454B41C.e.7099","ELEMENT":"f.86015CA9C3D3DEEAC7F6EBF17DD69AAD.d.EBCE6ED0FDFA2CC4E319992E9454B41C.e.7099"}]}
COMMAND: POST /session/7410a71b14728fd3846eb83ce69f197f/execute/sync - {"script":"<script> [5351 bytes]","args":[{"element-6066-11e4-a52e-4f735466cecf":"f.86015CA9C3D3DEEAC7F6EBF17DD69AAD.d.EBCE6ED0FDFA2CC4E319992E9454B41C.e.7099","ELEMENT":"f.86015CA9C3D3DEEAC7F6EBF17DD69AAD.d.EBCE6ED0FDFA2CC4E319992E9454B41C.e.7099"}]}
COMMAND: GET /session/7410a71b14728fd3846eb83ce69f197f/screenshot - {}
RESULT: {}
RESULT: {"script":"<script> [5351 bytes]","args":[{"element-6066-11e4-a52e-4f735466cecf":"f.86015CA9C3D3DEEAC7F6EBF17DD69AAD.d.EBCE6ED0FDFA2CC4E319992E9454B41C.e.7099","ELEMENT":"f.86015CA9C3D3DEEAC7F6EBF17DD69AAD.d.EBCE6ED0FDFA2CC4E319992E9454B41C.e.7099"}]}
COMMAND: POST /session/7410a71b14728fd3846eb83ce69f197f/element/f.86015CA9C3D3DEEAC7F6EBF17DD69AAD.d.EBCE6ED0FDFA2CC4E319992E9454B41C.e.7099/click - {}
COMMAND: GET /session/7410a71b14728fd3846eb83ce69f197f/screenshot - {}
RESULT: {}
RESULT: {}
COMMAND: GET /session/7410a71b14728fd3846eb83ce69f197f/screenshot - {}
COMMAND: POST /session/7410a71b14728fd3846eb83ce69f197f/element - {"using":"xpath","value":"//button[@data-kt=\"saveButton\"]"}
RESULT: {}
RESULT: {}
RESULT: {"using":"xpath","value":"//button[@data-kt=\"saveButton\"]"}
COMMAND: POST /session/7410a71b14728fd3846eb83ce69f197f/element/f.86015CA9C3D3DEEAC7F6EBF17DD69AAD.d.EBCE6ED0FDFA2CC4E319992E9454B41C.e.7512/click - {}
RESULT: {}
COMMAND: GET /session/7410a71b14728fd3846eb83ce69f197f/screenshot - {}
RESULT: {}
COMMAND: POST /session/7410a71b14728fd3846eb83ce69f197f/element - {"using":"xpath","value":"//span[contains(@class, \"sapMMsgBoxText\")]"}
RESULT: {"using":"xpath","value":"//span[contains(@class, \"sapMMsgBoxText\")]"}
COMMAND: POST /session/7410a71b14728fd3846eb83ce69f197f/execute/sync - {"script":"<script> [56 bytes]","args":[{"element-6066-11e4-a52e-4f735466cecf":"f.86015CA9C3D3DEEAC7F6EBF17DD69AAD.d.EBCE6ED0FDFA2CC4E319992E9454B41C.e.7534","ELEMENT":"f.86015CA9C3D3DEEAC7F6EBF17DD69AAD.d.EBCE6ED0FDFA2CC4E319992E9454B41C.e.7534"}]}
RESULT: {"script":"<script> [56 bytes]","args":[{"element-6066-11e4-a52e-4f735466cecf":"f.86015CA9C3D3DEEAC7F6EBF17DD69AAD.d.EBCE6ED0FDFA2CC4E319992E9454B41C.e.7534","ELEMENT":"f.86015CA9C3D3DEEAC7F6EBF17DD69AAD.d.EBCE6ED0FDFA2CC4E319992E9454B41C.e.7534"}]}
COMMAND: POST /session/7410a71b14728fd3846eb83ce69f197f/element - {"using":"xpath","value":"(//bdi[contains(text(), \"Close\")])[1]"}
COMMAND: POST /session/7410a71b14728fd3846eb83ce69f197f/elements - {"using":"xpath","value":"//span[contains(@class, \"sapMMsgBoxText\")]"}
COMMAND: GET /session/7410a71b14728fd3846eb83ce69f197f/screenshot - {}
RESULT: {"using":"xpath","value":"(//bdi[contains(text(), \"Close\")])[1]"}
COMMAND: POST /session/7410a71b14728fd3846eb83ce69f197f/element/f.86015CA9C3D3DEEAC7F6EBF17DD69AAD.d.EBCE6ED0FDFA2CC4E319992E9454B41C.e.7535/click - {}
RESULT: {"using":"xpath","value":"//span[contains(@class, \"sapMMsgBoxText\")]"}
RESULT: {}
RESULT: {}
COMMAND: GET /session/7410a71b14728fd3846eb83ce69f197f/screenshot - {}
RESULT: {}
COMMAND: POST /session/7410a71b14728fd3846eb83ce69f197f/element - {"using":"css selector","value":"#shell-header-logo"}
RESULT: {"using":"css selector","value":"#shell-header-logo"}
COMMAND: POST /session/7410a71b14728fd3846eb83ce69f197f/element/f.86015CA9C3D3DEEAC7F6EBF17DD69AAD.d.EBCE6ED0FDFA2CC4E319992E9454B41C.e.7054/click - {}
RESULT: {}
COMMAND: GET /session/7410a71b14728fd3846eb83ce69f197f/screenshot - {}
RESULT: {}
]]></system-out>
    </testcase>
    <testcase classname="chrome.136_0_7103_93.windows.Partner_specific_tests_US150819_US151080_US151654_US151176_US103444_US151078_US151079_US151109_US151174_US151175_US151189" name="Should do various searches US151175" time="178.036">
      <system-out><![CDATA[
COMMAND: POST /session/7410a71b14728fd3846eb83ce69f197f/element - {"using":"xpath","value":"//li[.//span[text()=\"Manage Partners\"]]"}
RESULT: {"using":"xpath","value":"//li[.//span[text()=\"Manage Partners\"]]"}
COMMAND: POST /session/7410a71b14728fd3846eb83ce69f197f/element - {"using":"xpath","value":"//li[.//span[text()=\"Manage Partners\"]]"}
RESULT: {"using":"xpath","value":"//li[.//span[text()=\"Manage Partners\"]]"}
COMMAND: POST /session/7410a71b14728fd3846eb83ce69f197f/element - {"using":"css selector","value":"#shell-header-logo"}
RESULT: {"using":"css selector","value":"#shell-header-logo"}
COMMAND: POST /session/7410a71b14728fd3846eb83ce69f197f/element/f.86015CA9C3D3DEEAC7F6EBF17DD69AAD.d.EBCE6ED0FDFA2CC4E319992E9454B41C.e.7537/click - {}
COMMAND: POST /session/7410a71b14728fd3846eb83ce69f197f/execute/sync - {"script":"<script> [8489 bytes]","args":[{"element-6066-11e4-a52e-4f735466cecf":"f.86015CA9C3D3DEEAC7F6EBF17DD69AAD.d.EBCE6ED0FDFA2CC4E319992E9454B41C.e.7537","ELEMENT":"f.86015CA9C3D3DEEAC7F6EBF17DD69AAD.d.EBCE6ED0FDFA2CC4E319992E9454B41C.e.7537"}]}
RESULT: {}
COMMAND: GET /session/7410a71b14728fd3846eb83ce69f197f/screenshot - {}
RESULT: {"script":"<script> [8489 bytes]","args":[{"element-6066-11e4-a52e-4f735466cecf":"f.86015CA9C3D3DEEAC7F6EBF17DD69AAD.d.EBCE6ED0FDFA2CC4E319992E9454B41C.e.7537","ELEMENT":"f.86015CA9C3D3DEEAC7F6EBF17DD69AAD.d.EBCE6ED0FDFA2CC4E319992E9454B41C.e.7537"}]}
COMMAND: POST /session/7410a71b14728fd3846eb83ce69f197f/execute/sync - {"script":"<script> [5351 bytes]","args":[{"element-6066-11e4-a52e-4f735466cecf":"f.86015CA9C3D3DEEAC7F6EBF17DD69AAD.d.EBCE6ED0FDFA2CC4E319992E9454B41C.e.7537","ELEMENT":"f.86015CA9C3D3DEEAC7F6EBF17DD69AAD.d.EBCE6ED0FDFA2CC4E319992E9454B41C.e.7537"}]}
COMMAND: GET /session/7410a71b14728fd3846eb83ce69f197f/screenshot - {}
RESULT: {}
RESULT: {"script":"<script> [5351 bytes]","args":[{"element-6066-11e4-a52e-4f735466cecf":"f.86015CA9C3D3DEEAC7F6EBF17DD69AAD.d.EBCE6ED0FDFA2CC4E319992E9454B41C.e.7537","ELEMENT":"f.86015CA9C3D3DEEAC7F6EBF17DD69AAD.d.EBCE6ED0FDFA2CC4E319992E9454B41C.e.7537"}]}
COMMAND: GET /session/7410a71b14728fd3846eb83ce69f197f/screenshot - {}
RESULT: {}
RESULT: {}
RESULT: undefined
COMMAND: POST /session/7410a71b14728fd3846eb83ce69f197f/element - {"using":"xpath","value":"//*[@id=\"__tile30\"]"}
RESULT: {"using":"xpath","value":"//*[@id=\"__tile30\"]"}
COMMAND: POST /session/7410a71b14728fd3846eb83ce69f197f/element/f.86015CA9C3D3DEEAC7F6EBF17DD69AAD.d.EBCE6ED0FDFA2CC4E319992E9454B41C.e.4514/click - {}
RESULT: {}
COMMAND: GET /session/7410a71b14728fd3846eb83ce69f197f/screenshot - {}
RESULT: {}
COMMAND: POST /session/7410a71b14728fd3846eb83ce69f197f/elements - {"using":"xpath","value":"//span[text()='Error']"}
RESULT: {"using":"xpath","value":"//span[text()='Error']"}
COMMAND: POST /session/7410a71b14728fd3846eb83ce69f197f/element - {"using":"xpath","value":"//button[@data-kt=\"addButton\"]"}
RESULT: {"using":"xpath","value":"//button[@data-kt=\"addButton\"]"}
COMMAND: POST /session/7410a71b14728fd3846eb83ce69f197f/elements - {"using":"xpath","value":"//button[@data-kt=\"addButton\"]"}
RESULT: {"using":"xpath","value":"//button[@data-kt=\"addButton\"]"}
COMMAND: POST /session/7410a71b14728fd3846eb83ce69f197f/execute/sync - {"script":"<script> [8489 bytes]","args":[{"element-6066-11e4-a52e-4f735466cecf":"f.86015CA9C3D3DEEAC7F6EBF17DD69AAD.d.EBCE6ED0FDFA2CC4E319992E9454B41C.e.7583","ELEMENT":"f.86015CA9C3D3DEEAC7F6EBF17DD69AAD.d.EBCE6ED0FDFA2CC4E319992E9454B41C.e.7583"}]}
RESULT: {"script":"<script> [8489 bytes]","args":[{"element-6066-11e4-a52e-4f735466cecf":"f.86015CA9C3D3DEEAC7F6EBF17DD69AAD.d.EBCE6ED0FDFA2CC4E319992E9454B41C.e.7583","ELEMENT":"f.86015CA9C3D3DEEAC7F6EBF17DD69AAD.d.EBCE6ED0FDFA2CC4E319992E9454B41C.e.7583"}]}
COMMAND: GET /session/7410a71b14728fd3846eb83ce69f197f/element/f.86015CA9C3D3DEEAC7F6EBF17DD69AAD.d.EBCE6ED0FDFA2CC4E319992E9454B41C.e.7583/enabled - {}
COMMAND: GET /session/7410a71b14728fd3846eb83ce69f197f/screenshot - {}
RESULT: {}
COMMAND: POST /session/7410a71b14728fd3846eb83ce69f197f/execute/sync - {"script":"<script> [8489 bytes]","args":[{"element-6066-11e4-a52e-4f735466cecf":"f.86015CA9C3D3DEEAC7F6EBF17DD69AAD.d.EBCE6ED0FDFA2CC4E319992E9454B41C.e.7583","ELEMENT":"f.86015CA9C3D3DEEAC7F6EBF17DD69AAD.d.EBCE6ED0FDFA2CC4E319992E9454B41C.e.7583"}]}
COMMAND: GET /session/7410a71b14728fd3846eb83ce69f197f/screenshot - {}
RESULT: {}
RESULT: {"script":"<script> [8489 bytes]","args":[{"element-6066-11e4-a52e-4f735466cecf":"f.86015CA9C3D3DEEAC7F6EBF17DD69AAD.d.EBCE6ED0FDFA2CC4E319992E9454B41C.e.7583","ELEMENT":"f.86015CA9C3D3DEEAC7F6EBF17DD69AAD.d.EBCE6ED0FDFA2CC4E319992E9454B41C.e.7583"}]}
COMMAND: POST /session/7410a71b14728fd3846eb83ce69f197f/execute/sync - {"script":"<script> [5351 bytes]","args":[{"element-6066-11e4-a52e-4f735466cecf":"f.86015CA9C3D3DEEAC7F6EBF17DD69AAD.d.EBCE6ED0FDFA2CC4E319992E9454B41C.e.7583","ELEMENT":"f.86015CA9C3D3DEEAC7F6EBF17DD69AAD.d.EBCE6ED0FDFA2CC4E319992E9454B41C.e.7583"}]}
COMMAND: GET /session/7410a71b14728fd3846eb83ce69f197f/screenshot - {}
RESULT: {}
RESULT: {"script":"<script> [5351 bytes]","args":[{"element-6066-11e4-a52e-4f735466cecf":"f.86015CA9C3D3DEEAC7F6EBF17DD69AAD.d.EBCE6ED0FDFA2CC4E319992E9454B41C.e.7583","ELEMENT":"f.86015CA9C3D3DEEAC7F6EBF17DD69AAD.d.EBCE6ED0FDFA2CC4E319992E9454B41C.e.7583"}]}
COMMAND: GET /session/7410a71b14728fd3846eb83ce69f197f/screenshot - {}
RESULT: {}
RESULT: {}
COMMAND: POST /session/7410a71b14728fd3846eb83ce69f197f/element - {"using":"xpath","value":"//span[@id=\"application-managepartners-display-component---masterPtm--smartTable-header-inner\"]"}
RESULT: {"using":"xpath","value":"//span[@id=\"application-managepartners-display-component---masterPtm--smartTable-header-inner\"]"}
COMMAND: POST /session/7410a71b14728fd3846eb83ce69f197f/elements - {"using":"xpath","value":"//span[@id=\"application-managepartners-display-component---masterPtm--smartTable-header-inner\"]"}
RESULT: {"using":"xpath","value":"//span[@id=\"application-managepartners-display-component---masterPtm--smartTable-header-inner\"]"}
COMMAND: POST /session/7410a71b14728fd3846eb83ce69f197f/execute/sync - {"script":"<script> [56 bytes]","args":[{"element-6066-11e4-a52e-4f735466cecf":"f.86015CA9C3D3DEEAC7F6EBF17DD69AAD.d.EBCE6ED0FDFA2CC4E319992E9454B41C.e.7708","ELEMENT":"f.86015CA9C3D3DEEAC7F6EBF17DD69AAD.d.EBCE6ED0FDFA2CC4E319992E9454B41C.e.7708"}]}
RESULT: {"script":"<script> [56 bytes]","args":[{"element-6066-11e4-a52e-4f735466cecf":"f.86015CA9C3D3DEEAC7F6EBF17DD69AAD.d.EBCE6ED0FDFA2CC4E319992E9454B41C.e.7708","ELEMENT":"f.86015CA9C3D3DEEAC7F6EBF17DD69AAD.d.EBCE6ED0FDFA2CC4E319992E9454B41C.e.7708"}]}
RESULT: undefined
COMMAND: POST /session/7410a71b14728fd3846eb83ce69f197f/element - {"using":"xpath","value":"//*[@id=\"application-managepartners-display-component---masterPtm--smartFilterBar-btnFilters\"]"}
COMMAND: GET /session/7410a71b14728fd3846eb83ce69f197f/screenshot - {}
RESULT: {"using":"xpath","value":"//*[@id=\"application-managepartners-display-component---masterPtm--smartFilterBar-btnFilters\"]"}
COMMAND: POST /session/7410a71b14728fd3846eb83ce69f197f/element/f.86015CA9C3D3DEEAC7F6EBF17DD69AAD.d.EBCE6ED0FDFA2CC4E319992E9454B41C.e.7547/click - {}
RESULT: {}
RESULT: {}
COMMAND: GET /session/7410a71b14728fd3846eb83ce69f197f/screenshot - {}
RESULT: {}
COMMAND: POST /session/7410a71b14728fd3846eb83ce69f197f/elements - {"using":"xpath","value":"//table[contains(@id, \"listView-innerSelectionPanelTable-listUl\")]/tbody/tr"}
RESULT: {"using":"xpath","value":"//table[contains(@id, \"listView-innerSelectionPanelTable-listUl\")]/tbody/tr"}
COMMAND: POST /session/7410a71b14728fd3846eb83ce69f197f/element - {"using":"xpath","value":"//table[contains(@id, \"listView-innerSelectionPanelTable-listUl\")]/tbody/tr[2]/td[2]/div/div"}
RESULT: {"using":"xpath","value":"//table[contains(@id, \"listView-innerSelectionPanelTable-listUl\")]/tbody/tr[2]/td[2]/div/div"}
COMMAND: POST /session/7410a71b14728fd3846eb83ce69f197f/element - {"using":"xpath","value":"//table[contains(@id, \"listView-innerSelectionPanelTable-listUl\")]/tbody/tr[2]/td[2]/div"}
RESULT: {"using":"xpath","value":"//table[contains(@id, \"listView-innerSelectionPanelTable-listUl\")]/tbody/tr[2]/td[2]/div"}
COMMAND: POST /session/7410a71b14728fd3846eb83ce69f197f/element - {"using":"xpath","value":"//table[contains(@id, \"listView-innerSelectionPanelTable-listUl\")]/tbody/tr[2]/td[3]/div/div/span/span[1]/bdi"}
RESULT: {"using":"xpath","value":"//table[contains(@id, \"listView-innerSelectionPanelTable-listUl\")]/tbody/tr[2]/td[3]/div/div/span/span[1]/bdi"}
COMMAND: POST /session/7410a71b14728fd3846eb83ce69f197f/execute/sync - {"script":"<script> [56 bytes]","args":[{"element-6066-11e4-a52e-4f735466cecf":"f.86015CA9C3D3DEEAC7F6EBF17DD69AAD.d.EBCE6ED0FDFA2CC4E319992E9454B41C.e.7776","ELEMENT":"f.86015CA9C3D3DEEAC7F6EBF17DD69AAD.d.EBCE6ED0FDFA2CC4E319992E9454B41C.e.7776"}]}
RESULT: {"script":"<script> [56 bytes]","args":[{"element-6066-11e4-a52e-4f735466cecf":"f.86015CA9C3D3DEEAC7F6EBF17DD69AAD.d.EBCE6ED0FDFA2CC4E319992E9454B41C.e.7776","ELEMENT":"f.86015CA9C3D3DEEAC7F6EBF17DD69AAD.d.EBCE6ED0FDFA2CC4E319992E9454B41C.e.7776"}]}
COMMAND: GET /session/7410a71b14728fd3846eb83ce69f197f/element/f.86015CA9C3D3DEEAC7F6EBF17DD69AAD.d.EBCE6ED0FDFA2CC4E319992E9454B41C.e.7775/attribute/aria-checked - {}
COMMAND: GET /session/7410a71b14728fd3846eb83ce69f197f/screenshot - {}
RESULT: {}
COMMAND: POST /session/7410a71b14728fd3846eb83ce69f197f/element - {"using":"xpath","value":"//table[contains(@id, \"listView-innerSelectionPanelTable-listUl\")]/tbody/tr[3]/td[2]/div/div"}
RESULT: {}
RESULT: {"using":"xpath","value":"//table[contains(@id, \"listView-innerSelectionPanelTable-listUl\")]/tbody/tr[3]/td[2]/div/div"}
COMMAND: POST /session/7410a71b14728fd3846eb83ce69f197f/element - {"using":"xpath","value":"//table[contains(@id, \"listView-innerSelectionPanelTable-listUl\")]/tbody/tr[3]/td[2]/div"}
RESULT: {"using":"xpath","value":"//table[contains(@id, \"listView-innerSelectionPanelTable-listUl\")]/tbody/tr[3]/td[2]/div"}
COMMAND: POST /session/7410a71b14728fd3846eb83ce69f197f/element - {"using":"xpath","value":"//table[contains(@id, \"listView-innerSelectionPanelTable-listUl\")]/tbody/tr[3]/td[3]/div/div/span/span[1]/bdi"}
RESULT: {"using":"xpath","value":"//table[contains(@id, \"listView-innerSelectionPanelTable-listUl\")]/tbody/tr[3]/td[3]/div/div/span/span[1]/bdi"}
COMMAND: POST /session/7410a71b14728fd3846eb83ce69f197f/execute/sync - {"script":"<script> [56 bytes]","args":[{"element-6066-11e4-a52e-4f735466cecf":"f.86015CA9C3D3DEEAC7F6EBF17DD69AAD.d.EBCE6ED0FDFA2CC4E319992E9454B41C.e.7779","ELEMENT":"f.86015CA9C3D3DEEAC7F6EBF17DD69AAD.d.EBCE6ED0FDFA2CC4E319992E9454B41C.e.7779"}]}
RESULT: {"script":"<script> [56 bytes]","args":[{"element-6066-11e4-a52e-4f735466cecf":"f.86015CA9C3D3DEEAC7F6EBF17DD69AAD.d.EBCE6ED0FDFA2CC4E319992E9454B41C.e.7779","ELEMENT":"f.86015CA9C3D3DEEAC7F6EBF17DD69AAD.d.EBCE6ED0FDFA2CC4E319992E9454B41C.e.7779"}]}
COMMAND: GET /session/7410a71b14728fd3846eb83ce69f197f/element/f.86015CA9C3D3DEEAC7F6EBF17DD69AAD.d.EBCE6ED0FDFA2CC4E319992E9454B41C.e.7778/attribute/aria-checked - {}
COMMAND: GET /session/7410a71b14728fd3846eb83ce69f197f/screenshot - {}
RESULT: {}
COMMAND: POST /session/7410a71b14728fd3846eb83ce69f197f/element - {"using":"xpath","value":"//table[contains(@id, \"listView-innerSelectionPanelTable-listUl\")]/tbody/tr[4]/td[2]/div/div"}
RESULT: {}
RESULT: {"using":"xpath","value":"//table[contains(@id, \"listView-innerSelectionPanelTable-listUl\")]/tbody/tr[4]/td[2]/div/div"}
COMMAND: POST /session/7410a71b14728fd3846eb83ce69f197f/element - {"using":"xpath","value":"//table[contains(@id, \"listView-innerSelectionPanelTable-listUl\")]/tbody/tr[4]/td[2]/div"}
RESULT: {"using":"xpath","value":"//table[contains(@id, \"listView-innerSelectionPanelTable-listUl\")]/tbody/tr[4]/td[2]/div"}
COMMAND: POST /session/7410a71b14728fd3846eb83ce69f197f/element - {"using":"xpath","value":"//table[contains(@id, \"listView-innerSelectionPanelTable-listUl\")]/tbody/tr[4]/td[3]/div/div/span/span[1]/bdi"}
RESULT: {"using":"xpath","value":"//table[contains(@id, \"listView-innerSelectionPanelTable-listUl\")]/tbody/tr[4]/td[3]/div/div/span/span[1]/bdi"}
COMMAND: POST /session/7410a71b14728fd3846eb83ce69f197f/execute/sync - {"script":"<script> [56 bytes]","args":[{"element-6066-11e4-a52e-4f735466cecf":"f.86015CA9C3D3DEEAC7F6EBF17DD69AAD.d.EBCE6ED0FDFA2CC4E319992E9454B41C.e.7782","ELEMENT":"f.86015CA9C3D3DEEAC7F6EBF17DD69AAD.d.EBCE6ED0FDFA2CC4E319992E9454B41C.e.7782"}]}
RESULT: {"script":"<script> [56 bytes]","args":[{"element-6066-11e4-a52e-4f735466cecf":"f.86015CA9C3D3DEEAC7F6EBF17DD69AAD.d.EBCE6ED0FDFA2CC4E319992E9454B41C.e.7782","ELEMENT":"f.86015CA9C3D3DEEAC7F6EBF17DD69AAD.d.EBCE6ED0FDFA2CC4E319992E9454B41C.e.7782"}]}
COMMAND: GET /session/7410a71b14728fd3846eb83ce69f197f/element/f.86015CA9C3D3DEEAC7F6EBF17DD69AAD.d.EBCE6ED0FDFA2CC4E319992E9454B41C.e.7781/attribute/aria-checked - {}
COMMAND: GET /session/7410a71b14728fd3846eb83ce69f197f/screenshot - {}
RESULT: {}
COMMAND: POST /session/7410a71b14728fd3846eb83ce69f197f/element - {"using":"xpath","value":"//table[contains(@id, \"listView-innerSelectionPanelTable-listUl\")]/tbody/tr[5]/td[2]/div/div"}
RESULT: {}
RESULT: {"using":"xpath","value":"//table[contains(@id, \"listView-innerSelectionPanelTable-listUl\")]/tbody/tr[5]/td[2]/div/div"}
COMMAND: POST /session/7410a71b14728fd3846eb83ce69f197f/element - {"using":"xpath","value":"//table[contains(@id, \"listView-innerSelectionPanelTable-listUl\")]/tbody/tr[5]/td[2]/div"}
RESULT: {"using":"xpath","value":"//table[contains(@id, \"listView-innerSelectionPanelTable-listUl\")]/tbody/tr[5]/td[2]/div"}
COMMAND: POST /session/7410a71b14728fd3846eb83ce69f197f/element - {"using":"xpath","value":"//table[contains(@id, \"listView-innerSelectionPanelTable-listUl\")]/tbody/tr[5]/td[3]/div/div/span/span[1]/bdi"}
RESULT: {"using":"xpath","value":"//table[contains(@id, \"listView-innerSelectionPanelTable-listUl\")]/tbody/tr[5]/td[3]/div/div/span/span[1]/bdi"}
COMMAND: POST /session/7410a71b14728fd3846eb83ce69f197f/execute/sync - {"script":"<script> [56 bytes]","args":[{"element-6066-11e4-a52e-4f735466cecf":"f.86015CA9C3D3DEEAC7F6EBF17DD69AAD.d.EBCE6ED0FDFA2CC4E319992E9454B41C.e.7785","ELEMENT":"f.86015CA9C3D3DEEAC7F6EBF17DD69AAD.d.EBCE6ED0FDFA2CC4E319992E9454B41C.e.7785"}]}
RESULT: {"script":"<script> [56 bytes]","args":[{"element-6066-11e4-a52e-4f735466cecf":"f.86015CA9C3D3DEEAC7F6EBF17DD69AAD.d.EBCE6ED0FDFA2CC4E319992E9454B41C.e.7785","ELEMENT":"f.86015CA9C3D3DEEAC7F6EBF17DD69AAD.d.EBCE6ED0FDFA2CC4E319992E9454B41C.e.7785"}]}
COMMAND: GET /session/7410a71b14728fd3846eb83ce69f197f/element/f.86015CA9C3D3DEEAC7F6EBF17DD69AAD.d.EBCE6ED0FDFA2CC4E319992E9454B41C.e.7784/attribute/aria-checked - {}
COMMAND: GET /session/7410a71b14728fd3846eb83ce69f197f/screenshot - {}
RESULT: {}
COMMAND: POST /session/7410a71b14728fd3846eb83ce69f197f/element - {"using":"xpath","value":"//table[contains(@id, \"listView-innerSelectionPanelTable-listUl\")]/tbody/tr[6]/td[2]/div/div"}
RESULT: {}
RESULT: {"using":"xpath","value":"//table[contains(@id, \"listView-innerSelectionPanelTable-listUl\")]/tbody/tr[6]/td[2]/div/div"}
COMMAND: POST /session/7410a71b14728fd3846eb83ce69f197f/element - {"using":"xpath","value":"//table[contains(@id, \"listView-innerSelectionPanelTable-listUl\")]/tbody/tr[6]/td[2]/div"}
RESULT: {"using":"xpath","value":"//table[contains(@id, \"listView-innerSelectionPanelTable-listUl\")]/tbody/tr[6]/td[2]/div"}
COMMAND: POST /session/7410a71b14728fd3846eb83ce69f197f/element - {"using":"xpath","value":"//table[contains(@id, \"listView-innerSelectionPanelTable-listUl\")]/tbody/tr[6]/td[3]/div/div/span/span[1]/bdi"}
RESULT: {"using":"xpath","value":"//table[contains(@id, \"listView-innerSelectionPanelTable-listUl\")]/tbody/tr[6]/td[3]/div/div/span/span[1]/bdi"}
COMMAND: POST /session/7410a71b14728fd3846eb83ce69f197f/execute/sync - {"script":"<script> [56 bytes]","args":[{"element-6066-11e4-a52e-4f735466cecf":"f.86015CA9C3D3DEEAC7F6EBF17DD69AAD.d.EBCE6ED0FDFA2CC4E319992E9454B41C.e.7788","ELEMENT":"f.86015CA9C3D3DEEAC7F6EBF17DD69AAD.d.EBCE6ED0FDFA2CC4E319992E9454B41C.e.7788"}]}
RESULT: {"script":"<script> [56 bytes]","args":[{"element-6066-11e4-a52e-4f735466cecf":"f.86015CA9C3D3DEEAC7F6EBF17DD69AAD.d.EBCE6ED0FDFA2CC4E319992E9454B41C.e.7788","ELEMENT":"f.86015CA9C3D3DEEAC7F6EBF17DD69AAD.d.EBCE6ED0FDFA2CC4E319992E9454B41C.e.7788"}]}
COMMAND: GET /session/7410a71b14728fd3846eb83ce69f197f/element/f.86015CA9C3D3DEEAC7F6EBF17DD69AAD.d.EBCE6ED0FDFA2CC4E319992E9454B41C.e.7787/attribute/aria-checked - {}
COMMAND: GET /session/7410a71b14728fd3846eb83ce69f197f/screenshot - {}
RESULT: {}
COMMAND: POST /session/7410a71b14728fd3846eb83ce69f197f/element - {"using":"xpath","value":"//table[contains(@id, \"listView-innerSelectionPanelTable-listUl\")]/tbody/tr[7]/td[2]/div/div"}
RESULT: {}
RESULT: {"using":"xpath","value":"//table[contains(@id, \"listView-innerSelectionPanelTable-listUl\")]/tbody/tr[7]/td[2]/div/div"}
COMMAND: POST /session/7410a71b14728fd3846eb83ce69f197f/element - {"using":"xpath","value":"//table[contains(@id, \"listView-innerSelectionPanelTable-listUl\")]/tbody/tr[7]/td[2]/div"}
RESULT: {"using":"xpath","value":"//table[contains(@id, \"listView-innerSelectionPanelTable-listUl\")]/tbody/tr[7]/td[2]/div"}
COMMAND: POST /session/7410a71b14728fd3846eb83ce69f197f/element - {"using":"xpath","value":"//table[contains(@id, \"listView-innerSelectionPanelTable-listUl\")]/tbody/tr[7]/td[3]/div/div/span/span[1]/bdi"}
RESULT: {"using":"xpath","value":"//table[contains(@id, \"listView-innerSelectionPanelTable-listUl\")]/tbody/tr[7]/td[3]/div/div/span/span[1]/bdi"}
COMMAND: POST /session/7410a71b14728fd3846eb83ce69f197f/execute/sync - {"script":"<script> [56 bytes]","args":[{"element-6066-11e4-a52e-4f735466cecf":"f.86015CA9C3D3DEEAC7F6EBF17DD69AAD.d.EBCE6ED0FDFA2CC4E319992E9454B41C.e.7791","ELEMENT":"f.86015CA9C3D3DEEAC7F6EBF17DD69AAD.d.EBCE6ED0FDFA2CC4E319992E9454B41C.e.7791"}]}
RESULT: {"script":"<script> [56 bytes]","args":[{"element-6066-11e4-a52e-4f735466cecf":"f.86015CA9C3D3DEEAC7F6EBF17DD69AAD.d.EBCE6ED0FDFA2CC4E319992E9454B41C.e.7791","ELEMENT":"f.86015CA9C3D3DEEAC7F6EBF17DD69AAD.d.EBCE6ED0FDFA2CC4E319992E9454B41C.e.7791"}]}
COMMAND: GET /session/7410a71b14728fd3846eb83ce69f197f/element/f.86015CA9C3D3DEEAC7F6EBF17DD69AAD.d.EBCE6ED0FDFA2CC4E319992E9454B41C.e.7790/attribute/aria-checked - {}
COMMAND: GET /session/7410a71b14728fd3846eb83ce69f197f/screenshot - {}
RESULT: {}
COMMAND: POST /session/7410a71b14728fd3846eb83ce69f197f/element - {"using":"xpath","value":"//table[contains(@id, \"listView-innerSelectionPanelTable-listUl\")]/tbody/tr[8]/td[2]/div/div"}
RESULT: {}
RESULT: {"using":"xpath","value":"//table[contains(@id, \"listView-innerSelectionPanelTable-listUl\")]/tbody/tr[8]/td[2]/div/div"}
COMMAND: POST /session/7410a71b14728fd3846eb83ce69f197f/element - {"using":"xpath","value":"//table[contains(@id, \"listView-innerSelectionPanelTable-listUl\")]/tbody/tr[8]/td[2]/div"}
RESULT: {"using":"xpath","value":"//table[contains(@id, \"listView-innerSelectionPanelTable-listUl\")]/tbody/tr[8]/td[2]/div"}
COMMAND: POST /session/7410a71b14728fd3846eb83ce69f197f/element - {"using":"xpath","value":"//table[contains(@id, \"listView-innerSelectionPanelTable-listUl\")]/tbody/tr[8]/td[3]/div/div/span/span[1]/bdi"}
RESULT: {"using":"xpath","value":"//table[contains(@id, \"listView-innerSelectionPanelTable-listUl\")]/tbody/tr[8]/td[3]/div/div/span/span[1]/bdi"}
COMMAND: POST /session/7410a71b14728fd3846eb83ce69f197f/execute/sync - {"script":"<script> [56 bytes]","args":[{"element-6066-11e4-a52e-4f735466cecf":"f.86015CA9C3D3DEEAC7F6EBF17DD69AAD.d.EBCE6ED0FDFA2CC4E319992E9454B41C.e.7794","ELEMENT":"f.86015CA9C3D3DEEAC7F6EBF17DD69AAD.d.EBCE6ED0FDFA2CC4E319992E9454B41C.e.7794"}]}
RESULT: {"script":"<script> [56 bytes]","args":[{"element-6066-11e4-a52e-4f735466cecf":"f.86015CA9C3D3DEEAC7F6EBF17DD69AAD.d.EBCE6ED0FDFA2CC4E319992E9454B41C.e.7794","ELEMENT":"f.86015CA9C3D3DEEAC7F6EBF17DD69AAD.d.EBCE6ED0FDFA2CC4E319992E9454B41C.e.7794"}]}
COMMAND: GET /session/7410a71b14728fd3846eb83ce69f197f/element/f.86015CA9C3D3DEEAC7F6EBF17DD69AAD.d.EBCE6ED0FDFA2CC4E319992E9454B41C.e.7793/attribute/aria-checked - {}
COMMAND: GET /session/7410a71b14728fd3846eb83ce69f197f/screenshot - {}
RESULT: {}
COMMAND: POST /session/7410a71b14728fd3846eb83ce69f197f/element - {"using":"xpath","value":"//table[contains(@id, \"listView-innerSelectionPanelTable-listUl\")]/tbody/tr[9]/td[2]/div/div"}
RESULT: {}
RESULT: {"using":"xpath","value":"//table[contains(@id, \"listView-innerSelectionPanelTable-listUl\")]/tbody/tr[9]/td[2]/div/div"}
COMMAND: POST /session/7410a71b14728fd3846eb83ce69f197f/element - {"using":"xpath","value":"//table[contains(@id, \"listView-innerSelectionPanelTable-listUl\")]/tbody/tr[9]/td[2]/div"}
RESULT: {"using":"xpath","value":"//table[contains(@id, \"listView-innerSelectionPanelTable-listUl\")]/tbody/tr[9]/td[2]/div"}
COMMAND: POST /session/7410a71b14728fd3846eb83ce69f197f/element - {"using":"xpath","value":"//table[contains(@id, \"listView-innerSelectionPanelTable-listUl\")]/tbody/tr[9]/td[3]/div/div/span/span[1]/bdi"}
RESULT: {"using":"xpath","value":"//table[contains(@id, \"listView-innerSelectionPanelTable-listUl\")]/tbody/tr[9]/td[3]/div/div/span/span[1]/bdi"}
COMMAND: POST /session/7410a71b14728fd3846eb83ce69f197f/execute/sync - {"script":"<script> [56 bytes]","args":[{"element-6066-11e4-a52e-4f735466cecf":"f.86015CA9C3D3DEEAC7F6EBF17DD69AAD.d.EBCE6ED0FDFA2CC4E319992E9454B41C.e.7797","ELEMENT":"f.86015CA9C3D3DEEAC7F6EBF17DD69AAD.d.EBCE6ED0FDFA2CC4E319992E9454B41C.e.7797"}]}
RESULT: {"script":"<script> [56 bytes]","args":[{"element-6066-11e4-a52e-4f735466cecf":"f.86015CA9C3D3DEEAC7F6EBF17DD69AAD.d.EBCE6ED0FDFA2CC4E319992E9454B41C.e.7797","ELEMENT":"f.86015CA9C3D3DEEAC7F6EBF17DD69AAD.d.EBCE6ED0FDFA2CC4E319992E9454B41C.e.7797"}]}
COMMAND: GET /session/7410a71b14728fd3846eb83ce69f197f/element/f.86015CA9C3D3DEEAC7F6EBF17DD69AAD.d.EBCE6ED0FDFA2CC4E319992E9454B41C.e.7796/attribute/aria-checked - {}
COMMAND: GET /session/7410a71b14728fd3846eb83ce69f197f/screenshot - {}
RESULT: {}
COMMAND: POST /session/7410a71b14728fd3846eb83ce69f197f/element - {"using":"xpath","value":"//table[contains(@id, \"listView-innerSelectionPanelTable-listUl\")]/tbody/tr[10]/td[2]/div/div"}
RESULT: {}
RESULT: {"using":"xpath","value":"//table[contains(@id, \"listView-innerSelectionPanelTable-listUl\")]/tbody/tr[10]/td[2]/div/div"}
COMMAND: POST /session/7410a71b14728fd3846eb83ce69f197f/element - {"using":"xpath","value":"//table[contains(@id, \"listView-innerSelectionPanelTable-listUl\")]/tbody/tr[10]/td[2]/div"}
RESULT: {"using":"xpath","value":"//table[contains(@id, \"listView-innerSelectionPanelTable-listUl\")]/tbody/tr[10]/td[2]/div"}
COMMAND: POST /session/7410a71b14728fd3846eb83ce69f197f/element - {"using":"xpath","value":"//table[contains(@id, \"listView-innerSelectionPanelTable-listUl\")]/tbody/tr[10]/td[3]/div/div/span/span[1]/bdi"}
RESULT: {"using":"xpath","value":"//table[contains(@id, \"listView-innerSelectionPanelTable-listUl\")]/tbody/tr[10]/td[3]/div/div/span/span[1]/bdi"}
COMMAND: POST /session/7410a71b14728fd3846eb83ce69f197f/execute/sync - {"script":"<script> [56 bytes]","args":[{"element-6066-11e4-a52e-4f735466cecf":"f.86015CA9C3D3DEEAC7F6EBF17DD69AAD.d.EBCE6ED0FDFA2CC4E319992E9454B41C.e.7800","ELEMENT":"f.86015CA9C3D3DEEAC7F6EBF17DD69AAD.d.EBCE6ED0FDFA2CC4E319992E9454B41C.e.7800"}]}
RESULT: {"script":"<script> [56 bytes]","args":[{"element-6066-11e4-a52e-4f735466cecf":"f.86015CA9C3D3DEEAC7F6EBF17DD69AAD.d.EBCE6ED0FDFA2CC4E319992E9454B41C.e.7800","ELEMENT":"f.86015CA9C3D3DEEAC7F6EBF17DD69AAD.d.EBCE6ED0FDFA2CC4E319992E9454B41C.e.7800"}]}
COMMAND: GET /session/7410a71b14728fd3846eb83ce69f197f/element/f.86015CA9C3D3DEEAC7F6EBF17DD69AAD.d.EBCE6ED0FDFA2CC4E319992E9454B41C.e.7799/attribute/aria-checked - {}
COMMAND: GET /session/7410a71b14728fd3846eb83ce69f197f/screenshot - {}
RESULT: {}
COMMAND: POST /session/7410a71b14728fd3846eb83ce69f197f/element - {"using":"xpath","value":"//table[contains(@id, \"listView-innerSelectionPanelTable-listUl\")]/tbody/tr[11]/td[2]/div/div"}
RESULT: {}
RESULT: {"using":"xpath","value":"//table[contains(@id, \"listView-innerSelectionPanelTable-listUl\")]/tbody/tr[11]/td[2]/div/div"}
COMMAND: POST /session/7410a71b14728fd3846eb83ce69f197f/element - {"using":"xpath","value":"//table[contains(@id, \"listView-innerSelectionPanelTable-listUl\")]/tbody/tr[11]/td[2]/div"}
RESULT: {"using":"xpath","value":"//table[contains(@id, \"listView-innerSelectionPanelTable-listUl\")]/tbody/tr[11]/td[2]/div"}
COMMAND: POST /session/7410a71b14728fd3846eb83ce69f197f/element - {"using":"xpath","value":"//table[contains(@id, \"listView-innerSelectionPanelTable-listUl\")]/tbody/tr[11]/td[3]/div/div/span/span[1]/bdi"}
RESULT: {"using":"xpath","value":"//table[contains(@id, \"listView-innerSelectionPanelTable-listUl\")]/tbody/tr[11]/td[3]/div/div/span/span[1]/bdi"}
COMMAND: POST /session/7410a71b14728fd3846eb83ce69f197f/execute/sync - {"script":"<script> [56 bytes]","args":[{"element-6066-11e4-a52e-4f735466cecf":"f.86015CA9C3D3DEEAC7F6EBF17DD69AAD.d.EBCE6ED0FDFA2CC4E319992E9454B41C.e.7803","ELEMENT":"f.86015CA9C3D3DEEAC7F6EBF17DD69AAD.d.EBCE6ED0FDFA2CC4E319992E9454B41C.e.7803"}]}
RESULT: {"script":"<script> [56 bytes]","args":[{"element-6066-11e4-a52e-4f735466cecf":"f.86015CA9C3D3DEEAC7F6EBF17DD69AAD.d.EBCE6ED0FDFA2CC4E319992E9454B41C.e.7803","ELEMENT":"f.86015CA9C3D3DEEAC7F6EBF17DD69AAD.d.EBCE6ED0FDFA2CC4E319992E9454B41C.e.7803"}]}
COMMAND: GET /session/7410a71b14728fd3846eb83ce69f197f/element/f.86015CA9C3D3DEEAC7F6EBF17DD69AAD.d.EBCE6ED0FDFA2CC4E319992E9454B41C.e.7802/attribute/aria-checked - {}
COMMAND: GET /session/7410a71b14728fd3846eb83ce69f197f/screenshot - {}
RESULT: {}
COMMAND: POST /session/7410a71b14728fd3846eb83ce69f197f/element - {"using":"xpath","value":"//table[contains(@id, \"listView-innerSelectionPanelTable-listUl\")]/tbody/tr[12]/td[2]/div/div"}
RESULT: {}
RESULT: {"using":"xpath","value":"//table[contains(@id, \"listView-innerSelectionPanelTable-listUl\")]/tbody/tr[12]/td[2]/div/div"}
COMMAND: POST /session/7410a71b14728fd3846eb83ce69f197f/element - {"using":"xpath","value":"//table[contains(@id, \"listView-innerSelectionPanelTable-listUl\")]/tbody/tr[12]/td[2]/div"}
RESULT: {"using":"xpath","value":"//table[contains(@id, \"listView-innerSelectionPanelTable-listUl\")]/tbody/tr[12]/td[2]/div"}
COMMAND: POST /session/7410a71b14728fd3846eb83ce69f197f/element - {"using":"xpath","value":"//table[contains(@id, \"listView-innerSelectionPanelTable-listUl\")]/tbody/tr[12]/td[3]/div/div/span/span[1]/bdi"}
RESULT: {"using":"xpath","value":"//table[contains(@id, \"listView-innerSelectionPanelTable-listUl\")]/tbody/tr[12]/td[3]/div/div/span/span[1]/bdi"}
COMMAND: POST /session/7410a71b14728fd3846eb83ce69f197f/execute/sync - {"script":"<script> [56 bytes]","args":[{"element-6066-11e4-a52e-4f735466cecf":"f.86015CA9C3D3DEEAC7F6EBF17DD69AAD.d.EBCE6ED0FDFA2CC4E319992E9454B41C.e.7806","ELEMENT":"f.86015CA9C3D3DEEAC7F6EBF17DD69AAD.d.EBCE6ED0FDFA2CC4E319992E9454B41C.e.7806"}]}
RESULT: {"script":"<script> [56 bytes]","args":[{"element-6066-11e4-a52e-4f735466cecf":"f.86015CA9C3D3DEEAC7F6EBF17DD69AAD.d.EBCE6ED0FDFA2CC4E319992E9454B41C.e.7806","ELEMENT":"f.86015CA9C3D3DEEAC7F6EBF17DD69AAD.d.EBCE6ED0FDFA2CC4E319992E9454B41C.e.7806"}]}
COMMAND: GET /session/7410a71b14728fd3846eb83ce69f197f/element/f.86015CA9C3D3DEEAC7F6EBF17DD69AAD.d.EBCE6ED0FDFA2CC4E319992E9454B41C.e.7805/attribute/aria-checked - {}
COMMAND: GET /session/7410a71b14728fd3846eb83ce69f197f/screenshot - {}
RESULT: {}
COMMAND: POST /session/7410a71b14728fd3846eb83ce69f197f/element - {"using":"xpath","value":"//table[contains(@id, \"listView-innerSelectionPanelTable-listUl\")]/tbody/tr[13]/td[2]/div/div"}
RESULT: {}
RESULT: {"using":"xpath","value":"//table[contains(@id, \"listView-innerSelectionPanelTable-listUl\")]/tbody/tr[13]/td[2]/div/div"}
COMMAND: POST /session/7410a71b14728fd3846eb83ce69f197f/element - {"using":"xpath","value":"//table[contains(@id, \"listView-innerSelectionPanelTable-listUl\")]/tbody/tr[13]/td[2]/div"}
RESULT: {"using":"xpath","value":"//table[contains(@id, \"listView-innerSelectionPanelTable-listUl\")]/tbody/tr[13]/td[2]/div"}
COMMAND: POST /session/7410a71b14728fd3846eb83ce69f197f/element - {"using":"xpath","value":"//table[contains(@id, \"listView-innerSelectionPanelTable-listUl\")]/tbody/tr[13]/td[3]/div/div/span/span[1]/bdi"}
RESULT: {"using":"xpath","value":"//table[contains(@id, \"listView-innerSelectionPanelTable-listUl\")]/tbody/tr[13]/td[3]/div/div/span/span[1]/bdi"}
COMMAND: POST /session/7410a71b14728fd3846eb83ce69f197f/execute/sync - {"script":"<script> [56 bytes]","args":[{"element-6066-11e4-a52e-4f735466cecf":"f.86015CA9C3D3DEEAC7F6EBF17DD69AAD.d.EBCE6ED0FDFA2CC4E319992E9454B41C.e.7809","ELEMENT":"f.86015CA9C3D3DEEAC7F6EBF17DD69AAD.d.EBCE6ED0FDFA2CC4E319992E9454B41C.e.7809"}]}
RESULT: {"script":"<script> [56 bytes]","args":[{"element-6066-11e4-a52e-4f735466cecf":"f.86015CA9C3D3DEEAC7F6EBF17DD69AAD.d.EBCE6ED0FDFA2CC4E319992E9454B41C.e.7809","ELEMENT":"f.86015CA9C3D3DEEAC7F6EBF17DD69AAD.d.EBCE6ED0FDFA2CC4E319992E9454B41C.e.7809"}]}
COMMAND: GET /session/7410a71b14728fd3846eb83ce69f197f/element/f.86015CA9C3D3DEEAC7F6EBF17DD69AAD.d.EBCE6ED0FDFA2CC4E319992E9454B41C.e.7808/attribute/aria-checked - {}
COMMAND: GET /session/7410a71b14728fd3846eb83ce69f197f/screenshot - {}
RESULT: {}
COMMAND: POST /session/7410a71b14728fd3846eb83ce69f197f/element - {"using":"xpath","value":"//table[contains(@id, \"listView-innerSelectionPanelTable-listUl\")]/tbody/tr[14]/td[2]/div/div"}
RESULT: {}
RESULT: {"using":"xpath","value":"//table[contains(@id, \"listView-innerSelectionPanelTable-listUl\")]/tbody/tr[14]/td[2]/div/div"}
COMMAND: POST /session/7410a71b14728fd3846eb83ce69f197f/element - {"using":"xpath","value":"//table[contains(@id, \"listView-innerSelectionPanelTable-listUl\")]/tbody/tr[14]/td[2]/div"}
RESULT: {"using":"xpath","value":"//table[contains(@id, \"listView-innerSelectionPanelTable-listUl\")]/tbody/tr[14]/td[2]/div"}
COMMAND: POST /session/7410a71b14728fd3846eb83ce69f197f/element - {"using":"xpath","value":"//table[contains(@id, \"listView-innerSelectionPanelTable-listUl\")]/tbody/tr[14]/td[3]/div/div/span/span[1]/bdi"}
RESULT: {"using":"xpath","value":"//table[contains(@id, \"listView-innerSelectionPanelTable-listUl\")]/tbody/tr[14]/td[3]/div/div/span/span[1]/bdi"}
COMMAND: POST /session/7410a71b14728fd3846eb83ce69f197f/execute/sync - {"script":"<script> [56 bytes]","args":[{"element-6066-11e4-a52e-4f735466cecf":"f.86015CA9C3D3DEEAC7F6EBF17DD69AAD.d.EBCE6ED0FDFA2CC4E319992E9454B41C.e.7812","ELEMENT":"f.86015CA9C3D3DEEAC7F6EBF17DD69AAD.d.EBCE6ED0FDFA2CC4E319992E9454B41C.e.7812"}]}
RESULT: {"script":"<script> [56 bytes]","args":[{"element-6066-11e4-a52e-4f735466cecf":"f.86015CA9C3D3DEEAC7F6EBF17DD69AAD.d.EBCE6ED0FDFA2CC4E319992E9454B41C.e.7812","ELEMENT":"f.86015CA9C3D3DEEAC7F6EBF17DD69AAD.d.EBCE6ED0FDFA2CC4E319992E9454B41C.e.7812"}]}
COMMAND: GET /session/7410a71b14728fd3846eb83ce69f197f/element/f.86015CA9C3D3DEEAC7F6EBF17DD69AAD.d.EBCE6ED0FDFA2CC4E319992E9454B41C.e.7811/attribute/aria-checked - {}
COMMAND: GET /session/7410a71b14728fd3846eb83ce69f197f/screenshot - {}
RESULT: {}
COMMAND: POST /session/7410a71b14728fd3846eb83ce69f197f/element - {"using":"xpath","value":"//table[contains(@id, \"listView-innerSelectionPanelTable-listUl\")]/tbody/tr[15]/td[2]/div/div"}
RESULT: {}
RESULT: {"using":"xpath","value":"//table[contains(@id, \"listView-innerSelectionPanelTable-listUl\")]/tbody/tr[15]/td[2]/div/div"}
COMMAND: POST /session/7410a71b14728fd3846eb83ce69f197f/element - {"using":"xpath","value":"//table[contains(@id, \"listView-innerSelectionPanelTable-listUl\")]/tbody/tr[15]/td[2]/div"}
RESULT: {"using":"xpath","value":"//table[contains(@id, \"listView-innerSelectionPanelTable-listUl\")]/tbody/tr[15]/td[2]/div"}
COMMAND: POST /session/7410a71b14728fd3846eb83ce69f197f/element - {"using":"xpath","value":"//table[contains(@id, \"listView-innerSelectionPanelTable-listUl\")]/tbody/tr[15]/td[3]/div/div/span/span[1]/bdi"}
RESULT: {"using":"xpath","value":"//table[contains(@id, \"listView-innerSelectionPanelTable-listUl\")]/tbody/tr[15]/td[3]/div/div/span/span[1]/bdi"}
COMMAND: POST /session/7410a71b14728fd3846eb83ce69f197f/execute/sync - {"script":"<script> [56 bytes]","args":[{"element-6066-11e4-a52e-4f735466cecf":"f.86015CA9C3D3DEEAC7F6EBF17DD69AAD.d.EBCE6ED0FDFA2CC4E319992E9454B41C.e.7815","ELEMENT":"f.86015CA9C3D3DEEAC7F6EBF17DD69AAD.d.EBCE6ED0FDFA2CC4E319992E9454B41C.e.7815"}]}
RESULT: {"script":"<script> [56 bytes]","args":[{"element-6066-11e4-a52e-4f735466cecf":"f.86015CA9C3D3DEEAC7F6EBF17DD69AAD.d.EBCE6ED0FDFA2CC4E319992E9454B41C.e.7815","ELEMENT":"f.86015CA9C3D3DEEAC7F6EBF17DD69AAD.d.EBCE6ED0FDFA2CC4E319992E9454B41C.e.7815"}]}
COMMAND: GET /session/7410a71b14728fd3846eb83ce69f197f/element/f.86015CA9C3D3DEEAC7F6EBF17DD69AAD.d.EBCE6ED0FDFA2CC4E319992E9454B41C.e.7814/attribute/aria-checked - {}
COMMAND: GET /session/7410a71b14728fd3846eb83ce69f197f/screenshot - {}
RESULT: {}
COMMAND: POST /session/7410a71b14728fd3846eb83ce69f197f/element - {"using":"xpath","value":"//table[contains(@id, \"listView-innerSelectionPanelTable-listUl\")]/tbody/tr[16]/td[2]/div/div"}
RESULT: {}
RESULT: {"using":"xpath","value":"//table[contains(@id, \"listView-innerSelectionPanelTable-listUl\")]/tbody/tr[16]/td[2]/div/div"}
COMMAND: POST /session/7410a71b14728fd3846eb83ce69f197f/element - {"using":"xpath","value":"//table[contains(@id, \"listView-innerSelectionPanelTable-listUl\")]/tbody/tr[16]/td[2]/div"}
RESULT: {"using":"xpath","value":"//table[contains(@id, \"listView-innerSelectionPanelTable-listUl\")]/tbody/tr[16]/td[2]/div"}
COMMAND: POST /session/7410a71b14728fd3846eb83ce69f197f/element - {"using":"xpath","value":"//table[contains(@id, \"listView-innerSelectionPanelTable-listUl\")]/tbody/tr[16]/td[3]/div/div/span/span[1]/bdi"}
RESULT: {"using":"xpath","value":"//table[contains(@id, \"listView-innerSelectionPanelTable-listUl\")]/tbody/tr[16]/td[3]/div/div/span/span[1]/bdi"}
COMMAND: POST /session/7410a71b14728fd3846eb83ce69f197f/execute/sync - {"script":"<script> [56 bytes]","args":[{"element-6066-11e4-a52e-4f735466cecf":"f.86015CA9C3D3DEEAC7F6EBF17DD69AAD.d.EBCE6ED0FDFA2CC4E319992E9454B41C.e.7818","ELEMENT":"f.86015CA9C3D3DEEAC7F6EBF17DD69AAD.d.EBCE6ED0FDFA2CC4E319992E9454B41C.e.7818"}]}
RESULT: {"script":"<script> [56 bytes]","args":[{"element-6066-11e4-a52e-4f735466cecf":"f.86015CA9C3D3DEEAC7F6EBF17DD69AAD.d.EBCE6ED0FDFA2CC4E319992E9454B41C.e.7818","ELEMENT":"f.86015CA9C3D3DEEAC7F6EBF17DD69AAD.d.EBCE6ED0FDFA2CC4E319992E9454B41C.e.7818"}]}
COMMAND: GET /session/7410a71b14728fd3846eb83ce69f197f/element/f.86015CA9C3D3DEEAC7F6EBF17DD69AAD.d.EBCE6ED0FDFA2CC4E319992E9454B41C.e.7817/attribute/aria-checked - {}
COMMAND: GET /session/7410a71b14728fd3846eb83ce69f197f/screenshot - {}
RESULT: {}
COMMAND: POST /session/7410a71b14728fd3846eb83ce69f197f/element - {"using":"xpath","value":"//table[contains(@id, \"listView-innerSelectionPanelTable-listUl\")]/tbody/tr[17]/td[2]/div/div"}
RESULT: {}
RESULT: {"using":"xpath","value":"//table[contains(@id, \"listView-innerSelectionPanelTable-listUl\")]/tbody/tr[17]/td[2]/div/div"}
COMMAND: POST /session/7410a71b14728fd3846eb83ce69f197f/element - {"using":"xpath","value":"//table[contains(@id, \"listView-innerSelectionPanelTable-listUl\")]/tbody/tr[17]/td[2]/div"}
RESULT: {"using":"xpath","value":"//table[contains(@id, \"listView-innerSelectionPanelTable-listUl\")]/tbody/tr[17]/td[2]/div"}
COMMAND: POST /session/7410a71b14728fd3846eb83ce69f197f/element - {"using":"xpath","value":"//table[contains(@id, \"listView-innerSelectionPanelTable-listUl\")]/tbody/tr[17]/td[3]/div/div/span/span[1]/bdi"}
RESULT: {"using":"xpath","value":"//table[contains(@id, \"listView-innerSelectionPanelTable-listUl\")]/tbody/tr[17]/td[3]/div/div/span/span[1]/bdi"}
COMMAND: POST /session/7410a71b14728fd3846eb83ce69f197f/execute/sync - {"script":"<script> [56 bytes]","args":[{"element-6066-11e4-a52e-4f735466cecf":"f.86015CA9C3D3DEEAC7F6EBF17DD69AAD.d.EBCE6ED0FDFA2CC4E319992E9454B41C.e.7821","ELEMENT":"f.86015CA9C3D3DEEAC7F6EBF17DD69AAD.d.EBCE6ED0FDFA2CC4E319992E9454B41C.e.7821"}]}
RESULT: {"script":"<script> [56 bytes]","args":[{"element-6066-11e4-a52e-4f735466cecf":"f.86015CA9C3D3DEEAC7F6EBF17DD69AAD.d.EBCE6ED0FDFA2CC4E319992E9454B41C.e.7821","ELEMENT":"f.86015CA9C3D3DEEAC7F6EBF17DD69AAD.d.EBCE6ED0FDFA2CC4E319992E9454B41C.e.7821"}]}
COMMAND: GET /session/7410a71b14728fd3846eb83ce69f197f/element/f.86015CA9C3D3DEEAC7F6EBF17DD69AAD.d.EBCE6ED0FDFA2CC4E319992E9454B41C.e.7820/attribute/aria-checked - {}
COMMAND: GET /session/7410a71b14728fd3846eb83ce69f197f/screenshot - {}
RESULT: {}
COMMAND: POST /session/7410a71b14728fd3846eb83ce69f197f/element - {"using":"xpath","value":"//table[contains(@id, \"listView-innerSelectionPanelTable-listUl\")]/tbody/tr[18]/td[2]/div/div"}
RESULT: {}
RESULT: {"using":"xpath","value":"//table[contains(@id, \"listView-innerSelectionPanelTable-listUl\")]/tbody/tr[18]/td[2]/div/div"}
COMMAND: POST /session/7410a71b14728fd3846eb83ce69f197f/element - {"using":"xpath","value":"//table[contains(@id, \"listView-innerSelectionPanelTable-listUl\")]/tbody/tr[18]/td[2]/div"}
RESULT: {"using":"xpath","value":"//table[contains(@id, \"listView-innerSelectionPanelTable-listUl\")]/tbody/tr[18]/td[2]/div"}
COMMAND: POST /session/7410a71b14728fd3846eb83ce69f197f/element - {"using":"xpath","value":"//table[contains(@id, \"listView-innerSelectionPanelTable-listUl\")]/tbody/tr[18]/td[3]/div/div/span/span[1]/bdi"}
RESULT: {"using":"xpath","value":"//table[contains(@id, \"listView-innerSelectionPanelTable-listUl\")]/tbody/tr[18]/td[3]/div/div/span/span[1]/bdi"}
COMMAND: POST /session/7410a71b14728fd3846eb83ce69f197f/execute/sync - {"script":"<script> [56 bytes]","args":[{"element-6066-11e4-a52e-4f735466cecf":"f.86015CA9C3D3DEEAC7F6EBF17DD69AAD.d.EBCE6ED0FDFA2CC4E319992E9454B41C.e.7824","ELEMENT":"f.86015CA9C3D3DEEAC7F6EBF17DD69AAD.d.EBCE6ED0FDFA2CC4E319992E9454B41C.e.7824"}]}
RESULT: {"script":"<script> [56 bytes]","args":[{"element-6066-11e4-a52e-4f735466cecf":"f.86015CA9C3D3DEEAC7F6EBF17DD69AAD.d.EBCE6ED0FDFA2CC4E319992E9454B41C.e.7824","ELEMENT":"f.86015CA9C3D3DEEAC7F6EBF17DD69AAD.d.EBCE6ED0FDFA2CC4E319992E9454B41C.e.7824"}]}
COMMAND: GET /session/7410a71b14728fd3846eb83ce69f197f/element/f.86015CA9C3D3DEEAC7F6EBF17DD69AAD.d.EBCE6ED0FDFA2CC4E319992E9454B41C.e.7823/attribute/aria-checked - {}
COMMAND: GET /session/7410a71b14728fd3846eb83ce69f197f/screenshot - {}
RESULT: {}
COMMAND: POST /session/7410a71b14728fd3846eb83ce69f197f/element - {"using":"xpath","value":"//table[contains(@id, \"listView-innerSelectionPanelTable-listUl\")]/tbody/tr[19]/td[2]/div/div"}
RESULT: {}
RESULT: {"using":"xpath","value":"//table[contains(@id, \"listView-innerSelectionPanelTable-listUl\")]/tbody/tr[19]/td[2]/div/div"}
COMMAND: POST /session/7410a71b14728fd3846eb83ce69f197f/element - {"using":"xpath","value":"//table[contains(@id, \"listView-innerSelectionPanelTable-listUl\")]/tbody/tr[19]/td[2]/div"}
RESULT: {"using":"xpath","value":"//table[contains(@id, \"listView-innerSelectionPanelTable-listUl\")]/tbody/tr[19]/td[2]/div"}
COMMAND: POST /session/7410a71b14728fd3846eb83ce69f197f/element - {"using":"xpath","value":"//table[contains(@id, \"listView-innerSelectionPanelTable-listUl\")]/tbody/tr[19]/td[3]/div/div/span/span[1]/bdi"}
RESULT: {"using":"xpath","value":"//table[contains(@id, \"listView-innerSelectionPanelTable-listUl\")]/tbody/tr[19]/td[3]/div/div/span/span[1]/bdi"}
COMMAND: POST /session/7410a71b14728fd3846eb83ce69f197f/execute/sync - {"script":"<script> [56 bytes]","args":[{"element-6066-11e4-a52e-4f735466cecf":"f.86015CA9C3D3DEEAC7F6EBF17DD69AAD.d.EBCE6ED0FDFA2CC4E319992E9454B41C.e.7827","ELEMENT":"f.86015CA9C3D3DEEAC7F6EBF17DD69AAD.d.EBCE6ED0FDFA2CC4E319992E9454B41C.e.7827"}]}
RESULT: {"script":"<script> [56 bytes]","args":[{"element-6066-11e4-a52e-4f735466cecf":"f.86015CA9C3D3DEEAC7F6EBF17DD69AAD.d.EBCE6ED0FDFA2CC4E319992E9454B41C.e.7827","ELEMENT":"f.86015CA9C3D3DEEAC7F6EBF17DD69AAD.d.EBCE6ED0FDFA2CC4E319992E9454B41C.e.7827"}]}
COMMAND: GET /session/7410a71b14728fd3846eb83ce69f197f/element/f.86015CA9C3D3DEEAC7F6EBF17DD69AAD.d.EBCE6ED0FDFA2CC4E319992E9454B41C.e.7826/attribute/aria-checked - {}
COMMAND: GET /session/7410a71b14728fd3846eb83ce69f197f/screenshot - {}
RESULT: {}
COMMAND: POST /session/7410a71b14728fd3846eb83ce69f197f/element - {"using":"xpath","value":"//table[contains(@id, \"listView-innerSelectionPanelTable-listUl\")]/tbody/tr[20]/td[2]/div/div"}
RESULT: {}
RESULT: {"using":"xpath","value":"//table[contains(@id, \"listView-innerSelectionPanelTable-listUl\")]/tbody/tr[20]/td[2]/div/div"}
COMMAND: POST /session/7410a71b14728fd3846eb83ce69f197f/element - {"using":"xpath","value":"//table[contains(@id, \"listView-innerSelectionPanelTable-listUl\")]/tbody/tr[20]/td[2]/div"}
RESULT: {"using":"xpath","value":"//table[contains(@id, \"listView-innerSelectionPanelTable-listUl\")]/tbody/tr[20]/td[2]/div"}
COMMAND: POST /session/7410a71b14728fd3846eb83ce69f197f/element - {"using":"xpath","value":"//table[contains(@id, \"listView-innerSelectionPanelTable-listUl\")]/tbody/tr[20]/td[3]/div/div/span/span[1]/bdi"}
RESULT: {"using":"xpath","value":"//table[contains(@id, \"listView-innerSelectionPanelTable-listUl\")]/tbody/tr[20]/td[3]/div/div/span/span[1]/bdi"}
COMMAND: POST /session/7410a71b14728fd3846eb83ce69f197f/execute/sync - {"script":"<script> [56 bytes]","args":[{"element-6066-11e4-a52e-4f735466cecf":"f.86015CA9C3D3DEEAC7F6EBF17DD69AAD.d.EBCE6ED0FDFA2CC4E319992E9454B41C.e.7830","ELEMENT":"f.86015CA9C3D3DEEAC7F6EBF17DD69AAD.d.EBCE6ED0FDFA2CC4E319992E9454B41C.e.7830"}]}
RESULT: {"script":"<script> [56 bytes]","args":[{"element-6066-11e4-a52e-4f735466cecf":"f.86015CA9C3D3DEEAC7F6EBF17DD69AAD.d.EBCE6ED0FDFA2CC4E319992E9454B41C.e.7830","ELEMENT":"f.86015CA9C3D3DEEAC7F6EBF17DD69AAD.d.EBCE6ED0FDFA2CC4E319992E9454B41C.e.7830"}]}
COMMAND: GET /session/7410a71b14728fd3846eb83ce69f197f/element/f.86015CA9C3D3DEEAC7F6EBF17DD69AAD.d.EBCE6ED0FDFA2CC4E319992E9454B41C.e.7829/attribute/aria-checked - {}
COMMAND: GET /session/7410a71b14728fd3846eb83ce69f197f/screenshot - {}
RESULT: {}
COMMAND: POST /session/7410a71b14728fd3846eb83ce69f197f/element - {"using":"xpath","value":"//table[contains(@id, \"listView-innerSelectionPanelTable-listUl\")]/tbody/tr[21]/td[2]/div/div"}
COMMAND: POST /session/7410a71b14728fd3846eb83ce69f197f/element/f.86015CA9C3D3DEEAC7F6EBF17DD69AAD.d.EBCE6ED0FDFA2CC4E319992E9454B41C.e.7828/click - {}
RESULT: {}
RESULT: {"using":"xpath","value":"//table[contains(@id, \"listView-innerSelectionPanelTable-listUl\")]/tbody/tr[21]/td[2]/div/div"}
COMMAND: POST /session/7410a71b14728fd3846eb83ce69f197f/element - {"using":"xpath","value":"//table[contains(@id, \"listView-innerSelectionPanelTable-listUl\")]/tbody/tr[21]/td[2]/div"}
RESULT: {}
COMMAND: GET /session/7410a71b14728fd3846eb83ce69f197f/screenshot - {}
RESULT: {"using":"xpath","value":"//table[contains(@id, \"listView-innerSelectionPanelTable-listUl\")]/tbody/tr[21]/td[2]/div"}
COMMAND: POST /session/7410a71b14728fd3846eb83ce69f197f/element - {"using":"xpath","value":"//table[contains(@id, \"listView-innerSelectionPanelTable-listUl\")]/tbody/tr[21]/td[3]/div/div/span/span[1]/bdi"}
RESULT: {}
RESULT: {"using":"xpath","value":"//table[contains(@id, \"listView-innerSelectionPanelTable-listUl\")]/tbody/tr[21]/td[3]/div/div/span/span[1]/bdi"}
COMMAND: POST /session/7410a71b14728fd3846eb83ce69f197f/execute/sync - {"script":"<script> [56 bytes]","args":[{"element-6066-11e4-a52e-4f735466cecf":"f.86015CA9C3D3DEEAC7F6EBF17DD69AAD.d.EBCE6ED0FDFA2CC4E319992E9454B41C.e.7836","ELEMENT":"f.86015CA9C3D3DEEAC7F6EBF17DD69AAD.d.EBCE6ED0FDFA2CC4E319992E9454B41C.e.7836"}]}
RESULT: {"script":"<script> [56 bytes]","args":[{"element-6066-11e4-a52e-4f735466cecf":"f.86015CA9C3D3DEEAC7F6EBF17DD69AAD.d.EBCE6ED0FDFA2CC4E319992E9454B41C.e.7836","ELEMENT":"f.86015CA9C3D3DEEAC7F6EBF17DD69AAD.d.EBCE6ED0FDFA2CC4E319992E9454B41C.e.7836"}]}
COMMAND: GET /session/7410a71b14728fd3846eb83ce69f197f/element/f.86015CA9C3D3DEEAC7F6EBF17DD69AAD.d.EBCE6ED0FDFA2CC4E319992E9454B41C.e.7835/attribute/aria-checked - {}
COMMAND: GET /session/7410a71b14728fd3846eb83ce69f197f/screenshot - {}
RESULT: {}
COMMAND: POST /session/7410a71b14728fd3846eb83ce69f197f/element - {"using":"xpath","value":"//table[contains(@id, \"listView-innerSelectionPanelTable-listUl\")]/tbody/tr[22]/td[2]/div/div"}
COMMAND: POST /session/7410a71b14728fd3846eb83ce69f197f/element/f.86015CA9C3D3DEEAC7F6EBF17DD69AAD.d.EBCE6ED0FDFA2CC4E319992E9454B41C.e.7831/click - {}
RESULT: {}
RESULT: {}
COMMAND: GET /session/7410a71b14728fd3846eb83ce69f197f/screenshot - {}
RESULT: {"using":"xpath","value":"//table[contains(@id, \"listView-innerSelectionPanelTable-listUl\")]/tbody/tr[22]/td[2]/div/div"}
COMMAND: POST /session/7410a71b14728fd3846eb83ce69f197f/element - {"using":"xpath","value":"//table[contains(@id, \"listView-innerSelectionPanelTable-listUl\")]/tbody/tr[22]/td[2]/div"}
RESULT: {}
RESULT: {"using":"xpath","value":"//table[contains(@id, \"listView-innerSelectionPanelTable-listUl\")]/tbody/tr[22]/td[2]/div"}
COMMAND: POST /session/7410a71b14728fd3846eb83ce69f197f/element - {"using":"xpath","value":"//table[contains(@id, \"listView-innerSelectionPanelTable-listUl\")]/tbody/tr[22]/td[3]/div/div/span/span[1]/bdi"}
RESULT: {"using":"xpath","value":"//table[contains(@id, \"listView-innerSelectionPanelTable-listUl\")]/tbody/tr[22]/td[3]/div/div/span/span[1]/bdi"}
COMMAND: POST /session/7410a71b14728fd3846eb83ce69f197f/execute/sync - {"script":"<script> [56 bytes]","args":[{"element-6066-11e4-a52e-4f735466cecf":"f.86015CA9C3D3DEEAC7F6EBF17DD69AAD.d.EBCE6ED0FDFA2CC4E319992E9454B41C.e.7840","ELEMENT":"f.86015CA9C3D3DEEAC7F6EBF17DD69AAD.d.EBCE6ED0FDFA2CC4E319992E9454B41C.e.7840"}]}
RESULT: {"script":"<script> [56 bytes]","args":[{"element-6066-11e4-a52e-4f735466cecf":"f.86015CA9C3D3DEEAC7F6EBF17DD69AAD.d.EBCE6ED0FDFA2CC4E319992E9454B41C.e.7840","ELEMENT":"f.86015CA9C3D3DEEAC7F6EBF17DD69AAD.d.EBCE6ED0FDFA2CC4E319992E9454B41C.e.7840"}]}
COMMAND: GET /session/7410a71b14728fd3846eb83ce69f197f/element/f.86015CA9C3D3DEEAC7F6EBF17DD69AAD.d.EBCE6ED0FDFA2CC4E319992E9454B41C.e.7839/attribute/aria-checked - {}
COMMAND: GET /session/7410a71b14728fd3846eb83ce69f197f/screenshot - {}
RESULT: {}
COMMAND: POST /session/7410a71b14728fd3846eb83ce69f197f/element - {"using":"xpath","value":"//table[contains(@id, \"listView-innerSelectionPanelTable-listUl\")]/tbody/tr[23]/td[2]/div/div"}
RESULT: {}
RESULT: {"using":"xpath","value":"//table[contains(@id, \"listView-innerSelectionPanelTable-listUl\")]/tbody/tr[23]/td[2]/div/div"}
COMMAND: POST /session/7410a71b14728fd3846eb83ce69f197f/element - {"using":"xpath","value":"//table[contains(@id, \"listView-innerSelectionPanelTable-listUl\")]/tbody/tr[23]/td[2]/div"}
RESULT: {"using":"xpath","value":"//table[contains(@id, \"listView-innerSelectionPanelTable-listUl\")]/tbody/tr[23]/td[2]/div"}
COMMAND: POST /session/7410a71b14728fd3846eb83ce69f197f/element - {"using":"xpath","value":"//table[contains(@id, \"listView-innerSelectionPanelTable-listUl\")]/tbody/tr[23]/td[3]/div/div/span/span[1]/bdi"}
RESULT: {"using":"xpath","value":"//table[contains(@id, \"listView-innerSelectionPanelTable-listUl\")]/tbody/tr[23]/td[3]/div/div/span/span[1]/bdi"}
COMMAND: POST /session/7410a71b14728fd3846eb83ce69f197f/execute/sync - {"script":"<script> [56 bytes]","args":[{"element-6066-11e4-a52e-4f735466cecf":"f.86015CA9C3D3DEEAC7F6EBF17DD69AAD.d.EBCE6ED0FDFA2CC4E319992E9454B41C.e.7843","ELEMENT":"f.86015CA9C3D3DEEAC7F6EBF17DD69AAD.d.EBCE6ED0FDFA2CC4E319992E9454B41C.e.7843"}]}
RESULT: {"script":"<script> [56 bytes]","args":[{"element-6066-11e4-a52e-4f735466cecf":"f.86015CA9C3D3DEEAC7F6EBF17DD69AAD.d.EBCE6ED0FDFA2CC4E319992E9454B41C.e.7843","ELEMENT":"f.86015CA9C3D3DEEAC7F6EBF17DD69AAD.d.EBCE6ED0FDFA2CC4E319992E9454B41C.e.7843"}]}
COMMAND: GET /session/7410a71b14728fd3846eb83ce69f197f/element/f.86015CA9C3D3DEEAC7F6EBF17DD69AAD.d.EBCE6ED0FDFA2CC4E319992E9454B41C.e.7842/attribute/aria-checked - {}
COMMAND: GET /session/7410a71b14728fd3846eb83ce69f197f/screenshot - {}
RESULT: {}
COMMAND: POST /session/7410a71b14728fd3846eb83ce69f197f/element - {"using":"xpath","value":"//table[contains(@id, \"listView-innerSelectionPanelTable-listUl\")]/tbody/tr[24]/td[2]/div/div"}
RESULT: {}
RESULT: {"using":"xpath","value":"//table[contains(@id, \"listView-innerSelectionPanelTable-listUl\")]/tbody/tr[24]/td[2]/div/div"}
COMMAND: POST /session/7410a71b14728fd3846eb83ce69f197f/element - {"using":"xpath","value":"//table[contains(@id, \"listView-innerSelectionPanelTable-listUl\")]/tbody/tr[24]/td[2]/div"}
RESULT: {"using":"xpath","value":"//table[contains(@id, \"listView-innerSelectionPanelTable-listUl\")]/tbody/tr[24]/td[2]/div"}
COMMAND: POST /session/7410a71b14728fd3846eb83ce69f197f/element - {"using":"xpath","value":"//table[contains(@id, \"listView-innerSelectionPanelTable-listUl\")]/tbody/tr[24]/td[3]/div/div/span/span[1]/bdi"}
RESULT: {"using":"xpath","value":"//table[contains(@id, \"listView-innerSelectionPanelTable-listUl\")]/tbody/tr[24]/td[3]/div/div/span/span[1]/bdi"}
COMMAND: POST /session/7410a71b14728fd3846eb83ce69f197f/execute/sync - {"script":"<script> [56 bytes]","args":[{"element-6066-11e4-a52e-4f735466cecf":"f.86015CA9C3D3DEEAC7F6EBF17DD69AAD.d.EBCE6ED0FDFA2CC4E319992E9454B41C.e.7846","ELEMENT":"f.86015CA9C3D3DEEAC7F6EBF17DD69AAD.d.EBCE6ED0FDFA2CC4E319992E9454B41C.e.7846"}]}
RESULT: {"script":"<script> [56 bytes]","args":[{"element-6066-11e4-a52e-4f735466cecf":"f.86015CA9C3D3DEEAC7F6EBF17DD69AAD.d.EBCE6ED0FDFA2CC4E319992E9454B41C.e.7846","ELEMENT":"f.86015CA9C3D3DEEAC7F6EBF17DD69AAD.d.EBCE6ED0FDFA2CC4E319992E9454B41C.e.7846"}]}
COMMAND: GET /session/7410a71b14728fd3846eb83ce69f197f/element/f.86015CA9C3D3DEEAC7F6EBF17DD69AAD.d.EBCE6ED0FDFA2CC4E319992E9454B41C.e.7845/attribute/aria-checked - {}
COMMAND: GET /session/7410a71b14728fd3846eb83ce69f197f/screenshot - {}
RESULT: {}
COMMAND: POST /session/7410a71b14728fd3846eb83ce69f197f/element - {"using":"xpath","value":"//table[contains(@id, \"listView-innerSelectionPanelTable-listUl\")]/tbody/tr[25]/td[2]/div/div"}
RESULT: {}
RESULT: {"using":"xpath","value":"//table[contains(@id, \"listView-innerSelectionPanelTable-listUl\")]/tbody/tr[25]/td[2]/div/div"}
COMMAND: POST /session/7410a71b14728fd3846eb83ce69f197f/element - {"using":"xpath","value":"//table[contains(@id, \"listView-innerSelectionPanelTable-listUl\")]/tbody/tr[25]/td[2]/div"}
RESULT: {"using":"xpath","value":"//table[contains(@id, \"listView-innerSelectionPanelTable-listUl\")]/tbody/tr[25]/td[2]/div"}
COMMAND: POST /session/7410a71b14728fd3846eb83ce69f197f/element - {"using":"xpath","value":"//table[contains(@id, \"listView-innerSelectionPanelTable-listUl\")]/tbody/tr[25]/td[3]/div/div/span/span[1]/bdi"}
RESULT: {"using":"xpath","value":"//table[contains(@id, \"listView-innerSelectionPanelTable-listUl\")]/tbody/tr[25]/td[3]/div/div/span/span[1]/bdi"}
COMMAND: POST /session/7410a71b14728fd3846eb83ce69f197f/execute/sync - {"script":"<script> [56 bytes]","args":[{"element-6066-11e4-a52e-4f735466cecf":"f.86015CA9C3D3DEEAC7F6EBF17DD69AAD.d.EBCE6ED0FDFA2CC4E319992E9454B41C.e.7849","ELEMENT":"f.86015CA9C3D3DEEAC7F6EBF17DD69AAD.d.EBCE6ED0FDFA2CC4E319992E9454B41C.e.7849"}]}
RESULT: {"script":"<script> [56 bytes]","args":[{"element-6066-11e4-a52e-4f735466cecf":"f.86015CA9C3D3DEEAC7F6EBF17DD69AAD.d.EBCE6ED0FDFA2CC4E319992E9454B41C.e.7849","ELEMENT":"f.86015CA9C3D3DEEAC7F6EBF17DD69AAD.d.EBCE6ED0FDFA2CC4E319992E9454B41C.e.7849"}]}
COMMAND: GET /session/7410a71b14728fd3846eb83ce69f197f/element/f.86015CA9C3D3DEEAC7F6EBF17DD69AAD.d.EBCE6ED0FDFA2CC4E319992E9454B41C.e.7848/attribute/aria-checked - {}
COMMAND: GET /session/7410a71b14728fd3846eb83ce69f197f/screenshot - {}
RESULT: {}
COMMAND: POST /session/7410a71b14728fd3846eb83ce69f197f/element - {"using":"xpath","value":"//bdi[contains(text(), \"OK\")]"}
RESULT: {}
RESULT: {"using":"xpath","value":"//bdi[contains(text(), \"OK\")]"}
COMMAND: POST /session/7410a71b14728fd3846eb83ce69f197f/element/f.86015CA9C3D3DEEAC7F6EBF17DD69AAD.d.EBCE6ED0FDFA2CC4E319992E9454B41C.e.7850/click - {}
RESULT: {}
COMMAND: GET /session/7410a71b14728fd3846eb83ce69f197f/screenshot - {}
RESULT: {}
COMMAND: POST /session/7410a71b14728fd3846eb83ce69f197f/execute/async - {"script":"<script> [1562 bytes]","args":[{"selector":{"id":"application-managepartners-display-component---masterPtm--smartFilterBar-filterItemControlA_-LINK_TO_ADDRESSES_MAIN.ID-vhi"},"wdio_ui5_key":"applicationmanagepartners-display-component---masterPtm--smartFilterBar-filterItemControlA_-LINK_TO_ADDRESSES_MAIN.ID-vhi"}]}
RESULT: {"script":"<script> [1562 bytes]","args":[{"selector":{"id":"application-managepartners-display-component---masterPtm--smartFilterBar-filterItemControlA_-LINK_TO_ADDRESSES_MAIN.ID-vhi"},"wdio_ui5_key":"applicationmanagepartners-display-component---masterPtm--smartFilterBar-filterItemControlA_-LINK_TO_ADDRESSES_MAIN.ID-vhi"}]}
RESULT: undefined
COMMAND: POST /session/7410a71b14728fd3846eb83ce69f197f/element - {"using":"xpath","value":"//*[@id=\"application-managepartners-display-component---masterPtm--smartFilterBar-filterItemControlA_-LINK_TO_ADDRESSES_MAIN.ID-vhi\"]"}
RESULT: {"using":"xpath","value":"//*[@id=\"application-managepartners-display-component---masterPtm--smartFilterBar-filterItemControlA_-LINK_TO_ADDRESSES_MAIN.ID-vhi\"]"}
COMMAND: POST /session/7410a71b14728fd3846eb83ce69f197f/element/f.86015CA9C3D3DEEAC7F6EBF17DD69AAD.d.EBCE6ED0FDFA2CC4E319992E9454B41C.e.7863/click - {}
RESULT: {}
COMMAND: GET /session/7410a71b14728fd3846eb83ce69f197f/screenshot - {}
RESULT: {}
COMMAND: POST /session/7410a71b14728fd3846eb83ce69f197f/element - {"using":"xpath","value":"//div[input[@value=\"contains\"]]//span[contains(@id, \"arrow\")]"}
RESULT: {"using":"xpath","value":"//div[input[@value=\"contains\"]]//span[contains(@id, \"arrow\")]"}
COMMAND: POST /session/7410a71b14728fd3846eb83ce69f197f/element/f.86015CA9C3D3DEEAC7F6EBF17DD69AAD.d.EBCE6ED0FDFA2CC4E319992E9454B41C.e.7868/click - {}
RESULT: {}
COMMAND: GET /session/7410a71b14728fd3846eb83ce69f197f/screenshot - {}
RESULT: {}
COMMAND: POST /session/7410a71b14728fd3846eb83ce69f197f/element - {"using":"xpath","value":"//li[.//span[text()='equal to']]"}
RESULT: {"using":"xpath","value":"//li[.//span[text()='equal to']]"}
COMMAND: POST /session/7410a71b14728fd3846eb83ce69f197f/element/f.86015CA9C3D3DEEAC7F6EBF17DD69AAD.d.EBCE6ED0FDFA2CC4E319992E9454B41C.e.7869/click - {}
RESULT: {}
COMMAND: GET /session/7410a71b14728fd3846eb83ce69f197f/screenshot - {}
RESULT: {}
RESULT: undefined
COMMAND: POST /session/7410a71b14728fd3846eb83ce69f197f/execute/async - {"script":"<script> [776 bytes]","args":[{"enterText":"1006","selector":{"controlType":"sap.m.Input","viewName":"etm.portal.ui.managepartners.view.Master","viewId":"application-managepartners-display-component---masterPtm","properties":{"valueState":"None"},"searchOpenDialogs":true,"interaction":{"idSuffix":"inner"}},"clearTextFirst":true,"interactionType":"ENTER_TEXT"}]}
RESULT: {"script":"<script> [776 bytes]","args":[{"enterText":"1006","selector":{"controlType":"sap.m.Input","viewName":"etm.portal.ui.managepartners.view.Master","viewId":"application-managepartners-display-component---masterPtm","properties":{"valueState":"None"},"searchOpenDialogs":true,"interaction":{"idSuffix":"inner"}},"clearTextFirst":true,"interactionType":"ENTER_TEXT"}]}
COMMAND: POST /session/7410a71b14728fd3846eb83ce69f197f/actions - {"actions":[{"id":"action22","type":"key","parameters":{},"actions":[{"type":"keyDown","value":""},{"type":"pause","duration":10},{"type":"keyUp","value":""}]}]}
RESULT: {"actions":[{"id":"action22","type":"key","parameters":{},"actions":[{"type":"keyDown","value":""},{"type":"pause","duration":10},{"type":"keyUp","value":""}]}]}
COMMAND: GET /session/7410a71b14728fd3846eb83ce69f197f/screenshot - {}
RESULT: {}
COMMAND: POST /session/7410a71b14728fd3846eb83ce69f197f/element - {"using":"xpath","value":"(//bdi[contains(text(), \"OK\")])[1]"}
RESULT: {"using":"xpath","value":"(//bdi[contains(text(), \"OK\")])[1]"}
COMMAND: POST /session/7410a71b14728fd3846eb83ce69f197f/element/f.86015CA9C3D3DEEAC7F6EBF17DD69AAD.d.EBCE6ED0FDFA2CC4E319992E9454B41C.e.7870/click - {}
RESULT: {}
COMMAND: GET /session/7410a71b14728fd3846eb83ce69f197f/screenshot - {}
RESULT: {}
COMMAND: POST /session/7410a71b14728fd3846eb83ce69f197f/element - {"using":"xpath","value":"//span[@id=\"application-managepartners-display-component---masterPtm--smartTable-header-inner\"]"}
RESULT: {"using":"xpath","value":"//span[@id=\"application-managepartners-display-component---masterPtm--smartTable-header-inner\"]"}
COMMAND: POST /session/7410a71b14728fd3846eb83ce69f197f/elements - {"using":"xpath","value":"//span[@id=\"application-managepartners-display-component---masterPtm--smartTable-header-inner\"]"}
RESULT: {"using":"xpath","value":"//span[@id=\"application-managepartners-display-component---masterPtm--smartTable-header-inner\"]"}
COMMAND: POST /session/7410a71b14728fd3846eb83ce69f197f/execute/sync - {"script":"<script> [56 bytes]","args":[{"element-6066-11e4-a52e-4f735466cecf":"f.86015CA9C3D3DEEAC7F6EBF17DD69AAD.d.EBCE6ED0FDFA2CC4E319992E9454B41C.e.7708","ELEMENT":"f.86015CA9C3D3DEEAC7F6EBF17DD69AAD.d.EBCE6ED0FDFA2CC4E319992E9454B41C.e.7708"}]}
RESULT: {"script":"<script> [56 bytes]","args":[{"element-6066-11e4-a52e-4f735466cecf":"f.86015CA9C3D3DEEAC7F6EBF17DD69AAD.d.EBCE6ED0FDFA2CC4E319992E9454B41C.e.7708","ELEMENT":"f.86015CA9C3D3DEEAC7F6EBF17DD69AAD.d.EBCE6ED0FDFA2CC4E319992E9454B41C.e.7708"}]}
COMMAND: POST /session/7410a71b14728fd3846eb83ce69f197f/element - {"using":"xpath","value":"//span[contains(@title, \"Remove\")]"}
COMMAND: GET /session/7410a71b14728fd3846eb83ce69f197f/screenshot - {}
RESULT: {"using":"xpath","value":"//span[contains(@title, \"Remove\")]"}
COMMAND: POST /session/7410a71b14728fd3846eb83ce69f197f/element/f.86015CA9C3D3DEEAC7F6EBF17DD69AAD.d.EBCE6ED0FDFA2CC4E319992E9454B41C.e.7874/click - {}
RESULT: {}
RESULT: {}
COMMAND: GET /session/7410a71b14728fd3846eb83ce69f197f/screenshot - {}
RESULT: {}
RESULT: undefined
COMMAND: POST /session/7410a71b14728fd3846eb83ce69f197f/element - {"using":"xpath","value":"//*[@id=\"application-managepartners-display-component---masterPtm--smartFilterBar-filterItemControl_BASIC-YARD-vhi\"]"}
RESULT: {"using":"xpath","value":"//*[@id=\"application-managepartners-display-component---masterPtm--smartFilterBar-filterItemControl_BASIC-YARD-vhi\"]"}
COMMAND: POST /session/7410a71b14728fd3846eb83ce69f197f/element/f.86015CA9C3D3DEEAC7F6EBF17DD69AAD.d.EBCE6ED0FDFA2CC4E319992E9454B41C.e.7979/click - {}
RESULT: {}
COMMAND: GET /session/7410a71b14728fd3846eb83ce69f197f/screenshot - {}
RESULT: {}
RESULT: undefined
COMMAND: POST /session/7410a71b14728fd3846eb83ce69f197f/execute/async - {"script":"<script> [776 bytes]","args":[{"enterText":"Test","selector":{"id":"application-managepartners-display-component---masterPtm--smartFilterBar-filterItemControl_BASIC-YARD-valueHelpDialog-smartFilterBar-btnBasicSearch","searchOpenDialogs":true,"interaction":{"idSuffix":"I"}},"clearTextFirst":true,"interactionType":"ENTER_TEXT"}]}
RESULT: {"script":"<script> [776 bytes]","args":[{"enterText":"Test","selector":{"id":"application-managepartners-display-component---masterPtm--smartFilterBar-filterItemControl_BASIC-YARD-valueHelpDialog-smartFilterBar-btnBasicSearch","searchOpenDialogs":true,"interaction":{"idSuffix":"I"}},"clearTextFirst":true,"interactionType":"ENTER_TEXT"}]}
COMMAND: POST /session/7410a71b14728fd3846eb83ce69f197f/actions - {"actions":[{"id":"action23","type":"key","parameters":{},"actions":[{"type":"keyDown","value":""},{"type":"pause","duration":10},{"type":"keyUp","value":""}]}]}
RESULT: {"actions":[{"id":"action23","type":"key","parameters":{},"actions":[{"type":"keyDown","value":""},{"type":"pause","duration":10},{"type":"keyUp","value":""}]}]}
COMMAND: POST /session/7410a71b14728fd3846eb83ce69f197f/elements - {"using":"xpath","value":"//table[contains(@id, \"smartFilterBar-filterItemControl_BASIC-YARD-valueHelpDialog-table-table\")]/tbody/tr"}
COMMAND: GET /session/7410a71b14728fd3846eb83ce69f197f/screenshot - {}
RESULT: {"using":"xpath","value":"//table[contains(@id, \"smartFilterBar-filterItemControl_BASIC-YARD-valueHelpDialog-table-table\")]/tbody/tr"}
COMMAND: POST /session/7410a71b14728fd3846eb83ce69f197f/element - {"using":"xpath","value":"//table[contains(@id, \"smartFilterBar-filterItemControl_BASIC-YARD-valueHelpDialog-table-table\")]/tbody/tr[1]/td[1]/div/span"}
RESULT: {}
RESULT: {"using":"xpath","value":"//table[contains(@id, \"smartFilterBar-filterItemControl_BASIC-YARD-valueHelpDialog-table-table\")]/tbody/tr[1]/td[1]/div/span"}
COMMAND: POST /session/7410a71b14728fd3846eb83ce69f197f/elements - {"using":"xpath","value":"//table[contains(@id, \"smartFilterBar-filterItemControl_BASIC-YARD-valueHelpDialog-table-table\")]/tbody/tr[1]/td[1]/div/span"}
RESULT: {"using":"xpath","value":"//table[contains(@id, \"smartFilterBar-filterItemControl_BASIC-YARD-valueHelpDialog-table-table\")]/tbody/tr[1]/td[1]/div/span"}
COMMAND: POST /session/7410a71b14728fd3846eb83ce69f197f/execute/sync - {"script":"<script> [56 bytes]","args":[{"element-6066-11e4-a52e-4f735466cecf":"f.86015CA9C3D3DEEAC7F6EBF17DD69AAD.d.EBCE6ED0FDFA2CC4E319992E9454B41C.e.7999","ELEMENT":"f.86015CA9C3D3DEEAC7F6EBF17DD69AAD.d.EBCE6ED0FDFA2CC4E319992E9454B41C.e.7999"}]}
RESULT: {"script":"<script> [56 bytes]","args":[{"element-6066-11e4-a52e-4f735466cecf":"f.86015CA9C3D3DEEAC7F6EBF17DD69AAD.d.EBCE6ED0FDFA2CC4E319992E9454B41C.e.7999","ELEMENT":"f.86015CA9C3D3DEEAC7F6EBF17DD69AAD.d.EBCE6ED0FDFA2CC4E319992E9454B41C.e.7999"}]}
COMMAND: POST /session/7410a71b14728fd3846eb83ce69f197f/element - {"using":"xpath","value":"//table[contains(@id, \"smartFilterBar-filterItemControl_BASIC-YARD-valueHelpDialog-table-table\")]/tbody/tr[2]/td[1]/div/span"}
COMMAND: GET /session/7410a71b14728fd3846eb83ce69f197f/screenshot - {}
RESULT: {"using":"xpath","value":"//table[contains(@id, \"smartFilterBar-filterItemControl_BASIC-YARD-valueHelpDialog-table-table\")]/tbody/tr[2]/td[1]/div/span"}
COMMAND: POST /session/7410a71b14728fd3846eb83ce69f197f/elements - {"using":"xpath","value":"//table[contains(@id, \"smartFilterBar-filterItemControl_BASIC-YARD-valueHelpDialog-table-table\")]/tbody/tr[2]/td[1]/div/span"}
RESULT: {}
RESULT: {"using":"xpath","value":"//table[contains(@id, \"smartFilterBar-filterItemControl_BASIC-YARD-valueHelpDialog-table-table\")]/tbody/tr[2]/td[1]/div/span"}
COMMAND: POST /session/7410a71b14728fd3846eb83ce69f197f/execute/sync - {"script":"<script> [56 bytes]","args":[{"element-6066-11e4-a52e-4f735466cecf":"f.86015CA9C3D3DEEAC7F6EBF17DD69AAD.d.EBCE6ED0FDFA2CC4E319992E9454B41C.e.8000","ELEMENT":"f.86015CA9C3D3DEEAC7F6EBF17DD69AAD.d.EBCE6ED0FDFA2CC4E319992E9454B41C.e.8000"}]}
RESULT: {"script":"<script> [56 bytes]","args":[{"element-6066-11e4-a52e-4f735466cecf":"f.86015CA9C3D3DEEAC7F6EBF17DD69AAD.d.EBCE6ED0FDFA2CC4E319992E9454B41C.e.8000","ELEMENT":"f.86015CA9C3D3DEEAC7F6EBF17DD69AAD.d.EBCE6ED0FDFA2CC4E319992E9454B41C.e.8000"}]}
COMMAND: POST /session/7410a71b14728fd3846eb83ce69f197f/element - {"using":"xpath","value":"//table[contains(@id, \"smartFilterBar-filterItemControl_BASIC-YARD-valueHelpDialog-table-table\")]/tbody/tr[3]/td[1]/div/span"}
COMMAND: GET /session/7410a71b14728fd3846eb83ce69f197f/screenshot - {}
RESULT: {"using":"xpath","value":"//table[contains(@id, \"smartFilterBar-filterItemControl_BASIC-YARD-valueHelpDialog-table-table\")]/tbody/tr[3]/td[1]/div/span"}
COMMAND: POST /session/7410a71b14728fd3846eb83ce69f197f/elements - {"using":"xpath","value":"//table[contains(@id, \"smartFilterBar-filterItemControl_BASIC-YARD-valueHelpDialog-table-table\")]/tbody/tr[3]/td[1]/div/span"}
RESULT: {}
RESULT: {"using":"xpath","value":"//table[contains(@id, \"smartFilterBar-filterItemControl_BASIC-YARD-valueHelpDialog-table-table\")]/tbody/tr[3]/td[1]/div/span"}
COMMAND: POST /session/7410a71b14728fd3846eb83ce69f197f/execute/sync - {"script":"<script> [56 bytes]","args":[{"element-6066-11e4-a52e-4f735466cecf":"f.86015CA9C3D3DEEAC7F6EBF17DD69AAD.d.EBCE6ED0FDFA2CC4E319992E9454B41C.e.8001","ELEMENT":"f.86015CA9C3D3DEEAC7F6EBF17DD69AAD.d.EBCE6ED0FDFA2CC4E319992E9454B41C.e.8001"}]}
RESULT: {"script":"<script> [56 bytes]","args":[{"element-6066-11e4-a52e-4f735466cecf":"f.86015CA9C3D3DEEAC7F6EBF17DD69AAD.d.EBCE6ED0FDFA2CC4E319992E9454B41C.e.8001","ELEMENT":"f.86015CA9C3D3DEEAC7F6EBF17DD69AAD.d.EBCE6ED0FDFA2CC4E319992E9454B41C.e.8001"}]}
COMMAND: POST /session/7410a71b14728fd3846eb83ce69f197f/element - {"using":"xpath","value":"//div[contains(@id, \"filterItemControl_BASIC-YARD-valueHelpDialog-table-rowsel2\")]"}
COMMAND: GET /session/7410a71b14728fd3846eb83ce69f197f/screenshot - {}
RESULT: {"using":"xpath","value":"//div[contains(@id, \"filterItemControl_BASIC-YARD-valueHelpDialog-table-rowsel2\")]"}
COMMAND: POST /session/7410a71b14728fd3846eb83ce69f197f/element/f.86015CA9C3D3DEEAC7F6EBF17DD69AAD.d.EBCE6ED0FDFA2CC4E319992E9454B41C.e.8002/click - {}
RESULT: {}
RESULT: {}
COMMAND: GET /session/7410a71b14728fd3846eb83ce69f197f/screenshot - {}
RESULT: {}
COMMAND: POST /session/7410a71b14728fd3846eb83ce69f197f/element - {"using":"xpath","value":"(//bdi[contains(text(), \"OK\")])[1]"}
RESULT: {"using":"xpath","value":"(//bdi[contains(text(), \"OK\")])[1]"}
COMMAND: POST /session/7410a71b14728fd3846eb83ce69f197f/element/f.86015CA9C3D3DEEAC7F6EBF17DD69AAD.d.EBCE6ED0FDFA2CC4E319992E9454B41C.e.8004/click - {}
RESULT: {}
COMMAND: GET /session/7410a71b14728fd3846eb83ce69f197f/screenshot - {}
RESULT: {}
COMMAND: POST /session/7410a71b14728fd3846eb83ce69f197f/element - {"using":"xpath","value":"//span[@id=\"application-managepartners-display-component---masterPtm--smartTable-header-inner\"]"}
RESULT: {"using":"xpath","value":"//span[@id=\"application-managepartners-display-component---masterPtm--smartTable-header-inner\"]"}
COMMAND: POST /session/7410a71b14728fd3846eb83ce69f197f/elements - {"using":"xpath","value":"//span[@id=\"application-managepartners-display-component---masterPtm--smartTable-header-inner\"]"}
RESULT: {"using":"xpath","value":"//span[@id=\"application-managepartners-display-component---masterPtm--smartTable-header-inner\"]"}
COMMAND: POST /session/7410a71b14728fd3846eb83ce69f197f/execute/sync - {"script":"<script> [56 bytes]","args":[{"element-6066-11e4-a52e-4f735466cecf":"f.86015CA9C3D3DEEAC7F6EBF17DD69AAD.d.EBCE6ED0FDFA2CC4E319992E9454B41C.e.7708","ELEMENT":"f.86015CA9C3D3DEEAC7F6EBF17DD69AAD.d.EBCE6ED0FDFA2CC4E319992E9454B41C.e.7708"}]}
RESULT: {"script":"<script> [56 bytes]","args":[{"element-6066-11e4-a52e-4f735466cecf":"f.86015CA9C3D3DEEAC7F6EBF17DD69AAD.d.EBCE6ED0FDFA2CC4E319992E9454B41C.e.7708","ELEMENT":"f.86015CA9C3D3DEEAC7F6EBF17DD69AAD.d.EBCE6ED0FDFA2CC4E319992E9454B41C.e.7708"}]}
COMMAND: POST /session/7410a71b14728fd3846eb83ce69f197f/element - {"using":"xpath","value":"//span[contains(@title, \"Remove\")]"}
COMMAND: GET /session/7410a71b14728fd3846eb83ce69f197f/screenshot - {}
RESULT: {"using":"xpath","value":"//span[contains(@title, \"Remove\")]"}
COMMAND: POST /session/7410a71b14728fd3846eb83ce69f197f/element/f.86015CA9C3D3DEEAC7F6EBF17DD69AAD.d.EBCE6ED0FDFA2CC4E319992E9454B41C.e.8016/click - {}
RESULT: {}
RESULT: {}
COMMAND: GET /session/7410a71b14728fd3846eb83ce69f197f/screenshot - {}
RESULT: undefined
COMMAND: POST /session/7410a71b14728fd3846eb83ce69f197f/element - {"using":"xpath","value":"//*[@id=\"application-managepartners-display-component---masterPtm--smartFilterBar-filterItemControl_BASIC-MAIN_ADDRESS-vhi\"]"}
RESULT: {}
RESULT: {"using":"xpath","value":"//*[@id=\"application-managepartners-display-component---masterPtm--smartFilterBar-filterItemControl_BASIC-MAIN_ADDRESS-vhi\"]"}
COMMAND: POST /session/7410a71b14728fd3846eb83ce69f197f/element/f.86015CA9C3D3DEEAC7F6EBF17DD69AAD.d.EBCE6ED0FDFA2CC4E319992E9454B41C.e.8119/click - {}
RESULT: {}
COMMAND: GET /session/7410a71b14728fd3846eb83ce69f197f/screenshot - {}
RESULT: {}
RESULT: undefined
COMMAND: POST /session/7410a71b14728fd3846eb83ce69f197f/execute/async - {"script":"<script> [776 bytes]","args":[{"enterText":"Romania","selector":{"id":"application-managepartners-display-component---masterPtm--smartFilterBar-filterItemControl_BASIC-MAIN_ADDRESS-valueHelpDialog-smartFilterBar-btnBasicSearch","searchOpenDialogs":true,"interaction":{"idSuffix":"I"}},"clearTextFirst":true,"interactionType":"ENTER_TEXT"}]}
RESULT: {"script":"<script> [776 bytes]","args":[{"enterText":"Romania","selector":{"id":"application-managepartners-display-component---masterPtm--smartFilterBar-filterItemControl_BASIC-MAIN_ADDRESS-valueHelpDialog-smartFilterBar-btnBasicSearch","searchOpenDialogs":true,"interaction":{"idSuffix":"I"}},"clearTextFirst":true,"interactionType":"ENTER_TEXT"}]}
COMMAND: POST /session/7410a71b14728fd3846eb83ce69f197f/actions - {"actions":[{"id":"action24","type":"key","parameters":{},"actions":[{"type":"keyDown","value":""},{"type":"pause","duration":10},{"type":"keyUp","value":""}]}]}
RESULT: {"actions":[{"id":"action24","type":"key","parameters":{},"actions":[{"type":"keyDown","value":""},{"type":"pause","duration":10},{"type":"keyUp","value":""}]}]}
COMMAND: POST /session/7410a71b14728fd3846eb83ce69f197f/elements - {"using":"xpath","value":"//table[contains(@id, \"smartFilterBar-filterItemControl_BASIC-MAIN_ADDRESS-valueHelpDialog-table-table\")]/tbody/tr"}
COMMAND: GET /session/7410a71b14728fd3846eb83ce69f197f/screenshot - {}
RESULT: {"using":"xpath","value":"//table[contains(@id, \"smartFilterBar-filterItemControl_BASIC-MAIN_ADDRESS-valueHelpDialog-table-table\")]/tbody/tr"}
COMMAND: POST /session/7410a71b14728fd3846eb83ce69f197f/element - {"using":"xpath","value":"//table[contains(@id, \"smartFilterBar-filterItemControl_BASIC-MAIN_ADDRESS-valueHelpDialog-table-table\")]/tbody/tr[1]/td[1]/div/span"}
RESULT: {}
RESULT: {"using":"xpath","value":"//table[contains(@id, \"smartFilterBar-filterItemControl_BASIC-MAIN_ADDRESS-valueHelpDialog-table-table\")]/tbody/tr[1]/td[1]/div/span"}
COMMAND: POST /session/7410a71b14728fd3846eb83ce69f197f/elements - {"using":"xpath","value":"//table[contains(@id, \"smartFilterBar-filterItemControl_BASIC-MAIN_ADDRESS-valueHelpDialog-table-table\")]/tbody/tr[1]/td[1]/div/span"}
RESULT: {"using":"xpath","value":"//table[contains(@id, \"smartFilterBar-filterItemControl_BASIC-MAIN_ADDRESS-valueHelpDialog-table-table\")]/tbody/tr[1]/td[1]/div/span"}
COMMAND: POST /session/7410a71b14728fd3846eb83ce69f197f/execute/sync - {"script":"<script> [56 bytes]","args":[{"element-6066-11e4-a52e-4f735466cecf":"f.86015CA9C3D3DEEAC7F6EBF17DD69AAD.d.EBCE6ED0FDFA2CC4E319992E9454B41C.e.8139","ELEMENT":"f.86015CA9C3D3DEEAC7F6EBF17DD69AAD.d.EBCE6ED0FDFA2CC4E319992E9454B41C.e.8139"}]}
RESULT: {"script":"<script> [56 bytes]","args":[{"element-6066-11e4-a52e-4f735466cecf":"f.86015CA9C3D3DEEAC7F6EBF17DD69AAD.d.EBCE6ED0FDFA2CC4E319992E9454B41C.e.8139","ELEMENT":"f.86015CA9C3D3DEEAC7F6EBF17DD69AAD.d.EBCE6ED0FDFA2CC4E319992E9454B41C.e.8139"}]}
COMMAND: POST /session/7410a71b14728fd3846eb83ce69f197f/element - {"using":"xpath","value":"//div[contains(@id, \"filterItemControl_BASIC-MAIN_ADDRESS-valueHelpDialog-table-rowsel0\")]"}
COMMAND: GET /session/7410a71b14728fd3846eb83ce69f197f/screenshot - {}
RESULT: {"using":"xpath","value":"//div[contains(@id, \"filterItemControl_BASIC-MAIN_ADDRESS-valueHelpDialog-table-rowsel0\")]"}
COMMAND: POST /session/7410a71b14728fd3846eb83ce69f197f/element/f.86015CA9C3D3DEEAC7F6EBF17DD69AAD.d.EBCE6ED0FDFA2CC4E319992E9454B41C.e.8140/click - {}
RESULT: {}
RESULT: {}
COMMAND: GET /session/7410a71b14728fd3846eb83ce69f197f/screenshot - {}
RESULT: {}
COMMAND: POST /session/7410a71b14728fd3846eb83ce69f197f/element - {"using":"xpath","value":"(//bdi[contains(text(), \"OK\")])[1]"}
RESULT: {"using":"xpath","value":"(//bdi[contains(text(), \"OK\")])[1]"}
COMMAND: POST /session/7410a71b14728fd3846eb83ce69f197f/element/f.86015CA9C3D3DEEAC7F6EBF17DD69AAD.d.EBCE6ED0FDFA2CC4E319992E9454B41C.e.8142/click - {}
RESULT: {}
COMMAND: GET /session/7410a71b14728fd3846eb83ce69f197f/screenshot - {}
RESULT: {}
COMMAND: POST /session/7410a71b14728fd3846eb83ce69f197f/element - {"using":"xpath","value":"//span[@id=\"application-managepartners-display-component---masterPtm--smartTable-header-inner\"]"}
RESULT: {"using":"xpath","value":"//span[@id=\"application-managepartners-display-component---masterPtm--smartTable-header-inner\"]"}
COMMAND: POST /session/7410a71b14728fd3846eb83ce69f197f/elements - {"using":"xpath","value":"//span[@id=\"application-managepartners-display-component---masterPtm--smartTable-header-inner\"]"}
RESULT: {"using":"xpath","value":"//span[@id=\"application-managepartners-display-component---masterPtm--smartTable-header-inner\"]"}
COMMAND: POST /session/7410a71b14728fd3846eb83ce69f197f/execute/sync - {"script":"<script> [56 bytes]","args":[{"element-6066-11e4-a52e-4f735466cecf":"f.86015CA9C3D3DEEAC7F6EBF17DD69AAD.d.EBCE6ED0FDFA2CC4E319992E9454B41C.e.7708","ELEMENT":"f.86015CA9C3D3DEEAC7F6EBF17DD69AAD.d.EBCE6ED0FDFA2CC4E319992E9454B41C.e.7708"}]}
RESULT: {"script":"<script> [56 bytes]","args":[{"element-6066-11e4-a52e-4f735466cecf":"f.86015CA9C3D3DEEAC7F6EBF17DD69AAD.d.EBCE6ED0FDFA2CC4E319992E9454B41C.e.7708","ELEMENT":"f.86015CA9C3D3DEEAC7F6EBF17DD69AAD.d.EBCE6ED0FDFA2CC4E319992E9454B41C.e.7708"}]}
COMMAND: POST /session/7410a71b14728fd3846eb83ce69f197f/element - {"using":"xpath","value":"//span[contains(@title, \"Remove\")]"}
COMMAND: GET /session/7410a71b14728fd3846eb83ce69f197f/screenshot - {}
RESULT: {"using":"xpath","value":"//span[contains(@title, \"Remove\")]"}
COMMAND: POST /session/7410a71b14728fd3846eb83ce69f197f/element/f.86015CA9C3D3DEEAC7F6EBF17DD69AAD.d.EBCE6ED0FDFA2CC4E319992E9454B41C.e.8155/click - {}
RESULT: {}
RESULT: {}
COMMAND: GET /session/7410a71b14728fd3846eb83ce69f197f/screenshot - {}
COMMAND: POST /session/7410a71b14728fd3846eb83ce69f197f/execute/async - {"script":"<script> [1562 bytes]","args":[{"selector":{"id":"application-managepartners-display-component---masterPtm--catalogs-arrow"},"wdio_ui5_key":"applicationmanagepartners-display-component---masterPtm--catalogs-arrow"}]}
RESULT: {}
RESULT: {"script":"<script> [1562 bytes]","args":[{"selector":{"id":"application-managepartners-display-component---masterPtm--catalogs-arrow"},"wdio_ui5_key":"applicationmanagepartners-display-component---masterPtm--catalogs-arrow"}]}
RESULT: undefined
COMMAND: POST /session/7410a71b14728fd3846eb83ce69f197f/element - {"using":"xpath","value":"//*[@id=\"application-managepartners-display-component---masterPtm--catalogs-arrow\"]"}
RESULT: {"using":"xpath","value":"//*[@id=\"application-managepartners-display-component---masterPtm--catalogs-arrow\"]"}
COMMAND: POST /session/7410a71b14728fd3846eb83ce69f197f/element/f.86015CA9C3D3DEEAC7F6EBF17DD69AAD.d.EBCE6ED0FDFA2CC4E319992E9454B41C.e.8260/click - {}
RESULT: {}
COMMAND: GET /session/7410a71b14728fd3846eb83ce69f197f/screenshot - {}
RESULT: {}
COMMAND: POST /session/7410a71b14728fd3846eb83ce69f197f/element - {"using":"xpath","value":"//li[.//span[text()=\"Webshop Catalog\"]]//div[contains(@class,\"sapMCbBg\")]"}
RESULT: {"using":"xpath","value":"//li[.//span[text()=\"Webshop Catalog\"]]//div[contains(@class,\"sapMCbBg\")]"}
COMMAND: POST /session/7410a71b14728fd3846eb83ce69f197f/element/f.86015CA9C3D3DEEAC7F6EBF17DD69AAD.d.EBCE6ED0FDFA2CC4E319992E9454B41C.e.8272/click - {}
RESULT: {}
COMMAND: GET /session/7410a71b14728fd3846eb83ce69f197f/screenshot - {}
RESULT: {}
RESULT: undefined
COMMAND: POST /session/7410a71b14728fd3846eb83ce69f197f/element - {"using":"xpath","value":"//*[@id=\"application-managepartners-display-component---masterPtm--catalogs-arrow\"]"}
RESULT: {"using":"xpath","value":"//*[@id=\"application-managepartners-display-component---masterPtm--catalogs-arrow\"]"}
COMMAND: POST /session/7410a71b14728fd3846eb83ce69f197f/element/f.86015CA9C3D3DEEAC7F6EBF17DD69AAD.d.EBCE6ED0FDFA2CC4E319992E9454B41C.e.8260/click - {}
RESULT: {}
COMMAND: POST /session/7410a71b14728fd3846eb83ce69f197f/element - {"using":"xpath","value":"//span[@id=\"application-managepartners-display-component---masterPtm--smartTable-header-inner\"]"}
COMMAND: GET /session/7410a71b14728fd3846eb83ce69f197f/screenshot - {}
RESULT: {"using":"xpath","value":"//span[@id=\"application-managepartners-display-component---masterPtm--smartTable-header-inner\"]"}
COMMAND: POST /session/7410a71b14728fd3846eb83ce69f197f/elements - {"using":"xpath","value":"//span[@id=\"application-managepartners-display-component---masterPtm--smartTable-header-inner\"]"}
RESULT: {}
RESULT: {"using":"xpath","value":"//span[@id=\"application-managepartners-display-component---masterPtm--smartTable-header-inner\"]"}
COMMAND: POST /session/7410a71b14728fd3846eb83ce69f197f/execute/sync - {"script":"<script> [56 bytes]","args":[{"element-6066-11e4-a52e-4f735466cecf":"f.86015CA9C3D3DEEAC7F6EBF17DD69AAD.d.EBCE6ED0FDFA2CC4E319992E9454B41C.e.7708","ELEMENT":"f.86015CA9C3D3DEEAC7F6EBF17DD69AAD.d.EBCE6ED0FDFA2CC4E319992E9454B41C.e.7708"}]}
RESULT: {"script":"<script> [56 bytes]","args":[{"element-6066-11e4-a52e-4f735466cecf":"f.86015CA9C3D3DEEAC7F6EBF17DD69AAD.d.EBCE6ED0FDFA2CC4E319992E9454B41C.e.7708","ELEMENT":"f.86015CA9C3D3DEEAC7F6EBF17DD69AAD.d.EBCE6ED0FDFA2CC4E319992E9454B41C.e.7708"}]}
COMMAND: POST /session/7410a71b14728fd3846eb83ce69f197f/element - {"using":"xpath","value":"//span[contains(@title, \"Remove\")]"}
COMMAND: GET /session/7410a71b14728fd3846eb83ce69f197f/screenshot - {}
RESULT: {"using":"xpath","value":"//span[contains(@title, \"Remove\")]"}
COMMAND: POST /session/7410a71b14728fd3846eb83ce69f197f/element/f.86015CA9C3D3DEEAC7F6EBF17DD69AAD.d.EBCE6ED0FDFA2CC4E319992E9454B41C.e.8287/click - {}
RESULT: {}
RESULT: {}
COMMAND: GET /session/7410a71b14728fd3846eb83ce69f197f/screenshot - {}
RESULT: {}
COMMAND: POST /session/7410a71b14728fd3846eb83ce69f197f/execute/async - {"script":"<script> [1562 bytes]","args":[{"selector":{"id":"application-managepartners-display-component---masterPtm--currencies-arrow"},"wdio_ui5_key":"applicationmanagepartners-display-component---masterPtm--currencies-arrow"}]}
RESULT: {"script":"<script> [1562 bytes]","args":[{"selector":{"id":"application-managepartners-display-component---masterPtm--currencies-arrow"},"wdio_ui5_key":"applicationmanagepartners-display-component---masterPtm--currencies-arrow"}]}
RESULT: undefined
COMMAND: POST /session/7410a71b14728fd3846eb83ce69f197f/element - {"using":"xpath","value":"//*[@id=\"application-managepartners-display-component---masterPtm--currencies-arrow\"]"}
RESULT: {"using":"xpath","value":"//*[@id=\"application-managepartners-display-component---masterPtm--currencies-arrow\"]"}
COMMAND: POST /session/7410a71b14728fd3846eb83ce69f197f/element/f.86015CA9C3D3DEEAC7F6EBF17DD69AAD.d.EBCE6ED0FDFA2CC4E319992E9454B41C.e.8403/click - {}
RESULT: {}
COMMAND: GET /session/7410a71b14728fd3846eb83ce69f197f/screenshot - {}
RESULT: {}
COMMAND: POST /session/7410a71b14728fd3846eb83ce69f197f/element - {"using":"xpath","value":"//li[.//span[text()=\"US Dollar\"]]//div[contains(@class,\"sapMCbBg\")]"}
RESULT: {"using":"xpath","value":"//li[.//span[text()=\"US Dollar\"]]//div[contains(@class,\"sapMCbBg\")]"}
COMMAND: POST /session/7410a71b14728fd3846eb83ce69f197f/element/f.86015CA9C3D3DEEAC7F6EBF17DD69AAD.d.EBCE6ED0FDFA2CC4E319992E9454B41C.e.8406/click - {}
RESULT: {}
COMMAND: GET /session/7410a71b14728fd3846eb83ce69f197f/screenshot - {}
RESULT: {}
RESULT: undefined
COMMAND: POST /session/7410a71b14728fd3846eb83ce69f197f/element - {"using":"xpath","value":"//*[@id=\"application-managepartners-display-component---masterPtm--currencies-arrow\"]"}
RESULT: {"using":"xpath","value":"//*[@id=\"application-managepartners-display-component---masterPtm--currencies-arrow\"]"}
COMMAND: POST /session/7410a71b14728fd3846eb83ce69f197f/element/f.86015CA9C3D3DEEAC7F6EBF17DD69AAD.d.EBCE6ED0FDFA2CC4E319992E9454B41C.e.8403/click - {}
RESULT: {}
COMMAND: POST /session/7410a71b14728fd3846eb83ce69f197f/element - {"using":"xpath","value":"//span[@id=\"application-managepartners-display-component---masterPtm--smartTable-header-inner\"]"}
COMMAND: GET /session/7410a71b14728fd3846eb83ce69f197f/screenshot - {}
RESULT: {"using":"xpath","value":"//span[@id=\"application-managepartners-display-component---masterPtm--smartTable-header-inner\"]"}
COMMAND: POST /session/7410a71b14728fd3846eb83ce69f197f/elements - {"using":"xpath","value":"//span[@id=\"application-managepartners-display-component---masterPtm--smartTable-header-inner\"]"}
RESULT: {}
RESULT: {"using":"xpath","value":"//span[@id=\"application-managepartners-display-component---masterPtm--smartTable-header-inner\"]"}
COMMAND: POST /session/7410a71b14728fd3846eb83ce69f197f/execute/sync - {"script":"<script> [56 bytes]","args":[{"element-6066-11e4-a52e-4f735466cecf":"f.86015CA9C3D3DEEAC7F6EBF17DD69AAD.d.EBCE6ED0FDFA2CC4E319992E9454B41C.e.7708","ELEMENT":"f.86015CA9C3D3DEEAC7F6EBF17DD69AAD.d.EBCE6ED0FDFA2CC4E319992E9454B41C.e.7708"}]}
RESULT: {"script":"<script> [56 bytes]","args":[{"element-6066-11e4-a52e-4f735466cecf":"f.86015CA9C3D3DEEAC7F6EBF17DD69AAD.d.EBCE6ED0FDFA2CC4E319992E9454B41C.e.7708","ELEMENT":"f.86015CA9C3D3DEEAC7F6EBF17DD69AAD.d.EBCE6ED0FDFA2CC4E319992E9454B41C.e.7708"}]}
COMMAND: POST /session/7410a71b14728fd3846eb83ce69f197f/element - {"using":"xpath","value":"//span[contains(@title, \"Remove\")]"}
COMMAND: GET /session/7410a71b14728fd3846eb83ce69f197f/screenshot - {}
RESULT: {"using":"xpath","value":"//span[contains(@title, \"Remove\")]"}
COMMAND: POST /session/7410a71b14728fd3846eb83ce69f197f/element/f.86015CA9C3D3DEEAC7F6EBF17DD69AAD.d.EBCE6ED0FDFA2CC4E319992E9454B41C.e.8489/click - {}
RESULT: {}
RESULT: {}
COMMAND: GET /session/7410a71b14728fd3846eb83ce69f197f/screenshot - {}
RESULT: {}
COMMAND: POST /session/7410a71b14728fd3846eb83ce69f197f/execute/async - {"script":"<script> [1562 bytes]","args":[{"selector":{"id":"application-managepartners-display-component---masterPtm--languages-arrow"},"wdio_ui5_key":"applicationmanagepartners-display-component---masterPtm--languages-arrow"}]}
RESULT: {"script":"<script> [1562 bytes]","args":[{"selector":{"id":"application-managepartners-display-component---masterPtm--languages-arrow"},"wdio_ui5_key":"applicationmanagepartners-display-component---masterPtm--languages-arrow"}]}
RESULT: undefined
COMMAND: POST /session/7410a71b14728fd3846eb83ce69f197f/element - {"using":"xpath","value":"//*[@id=\"application-managepartners-display-component---masterPtm--languages-arrow\"]"}
RESULT: {"using":"xpath","value":"//*[@id=\"application-managepartners-display-component---masterPtm--languages-arrow\"]"}
COMMAND: POST /session/7410a71b14728fd3846eb83ce69f197f/element/f.86015CA9C3D3DEEAC7F6EBF17DD69AAD.d.EBCE6ED0FDFA2CC4E319992E9454B41C.e.8570/click - {}
RESULT: {}
COMMAND: GET /session/7410a71b14728fd3846eb83ce69f197f/screenshot - {}
RESULT: {}
COMMAND: POST /session/7410a71b14728fd3846eb83ce69f197f/element - {"using":"xpath","value":"//li[.//span[text()=\"German\"]]//div[contains(@class,\"sapMCbBg\")]"}
RESULT: {"using":"xpath","value":"//li[.//span[text()=\"German\"]]//div[contains(@class,\"sapMCbBg\")]"}
COMMAND: POST /session/7410a71b14728fd3846eb83ce69f197f/element/f.86015CA9C3D3DEEAC7F6EBF17DD69AAD.d.EBCE6ED0FDFA2CC4E319992E9454B41C.e.8616/click - {}
RESULT: {}
COMMAND: GET /session/7410a71b14728fd3846eb83ce69f197f/screenshot - {}
RESULT: {}
RESULT: undefined
COMMAND: POST /session/7410a71b14728fd3846eb83ce69f197f/element - {"using":"xpath","value":"//*[@id=\"application-managepartners-display-component---masterPtm--languages-arrow\"]"}
RESULT: {"using":"xpath","value":"//*[@id=\"application-managepartners-display-component---masterPtm--languages-arrow\"]"}
COMMAND: POST /session/7410a71b14728fd3846eb83ce69f197f/element/f.86015CA9C3D3DEEAC7F6EBF17DD69AAD.d.EBCE6ED0FDFA2CC4E319992E9454B41C.e.8570/click - {}
RESULT: {}
COMMAND: POST /session/7410a71b14728fd3846eb83ce69f197f/element - {"using":"xpath","value":"//span[@id=\"application-managepartners-display-component---masterPtm--smartTable-header-inner\"]"}
COMMAND: GET /session/7410a71b14728fd3846eb83ce69f197f/screenshot - {}
RESULT: {"using":"xpath","value":"//span[@id=\"application-managepartners-display-component---masterPtm--smartTable-header-inner\"]"}
COMMAND: POST /session/7410a71b14728fd3846eb83ce69f197f/elements - {"using":"xpath","value":"//span[@id=\"application-managepartners-display-component---masterPtm--smartTable-header-inner\"]"}
RESULT: {}
RESULT: {"using":"xpath","value":"//span[@id=\"application-managepartners-display-component---masterPtm--smartTable-header-inner\"]"}
COMMAND: POST /session/7410a71b14728fd3846eb83ce69f197f/execute/sync - {"script":"<script> [56 bytes]","args":[{"element-6066-11e4-a52e-4f735466cecf":"f.86015CA9C3D3DEEAC7F6EBF17DD69AAD.d.EBCE6ED0FDFA2CC4E319992E9454B41C.e.7708","ELEMENT":"f.86015CA9C3D3DEEAC7F6EBF17DD69AAD.d.EBCE6ED0FDFA2CC4E319992E9454B41C.e.7708"}]}
RESULT: {"script":"<script> [56 bytes]","args":[{"element-6066-11e4-a52e-4f735466cecf":"f.86015CA9C3D3DEEAC7F6EBF17DD69AAD.d.EBCE6ED0FDFA2CC4E319992E9454B41C.e.7708","ELEMENT":"f.86015CA9C3D3DEEAC7F6EBF17DD69AAD.d.EBCE6ED0FDFA2CC4E319992E9454B41C.e.7708"}]}
COMMAND: POST /session/7410a71b14728fd3846eb83ce69f197f/element - {"using":"css selector","value":"#shell-header-logo"}
COMMAND: GET /session/7410a71b14728fd3846eb83ce69f197f/screenshot - {}
RESULT: {"using":"css selector","value":"#shell-header-logo"}
COMMAND: POST /session/7410a71b14728fd3846eb83ce69f197f/element/f.86015CA9C3D3DEEAC7F6EBF17DD69AAD.d.EBCE6ED0FDFA2CC4E319992E9454B41C.e.7537/click - {}
RESULT: {}
RESULT: {}
COMMAND: GET /session/7410a71b14728fd3846eb83ce69f197f/screenshot - {}
]]></system-out>
    </testcase>
    <testcase classname="chrome.136_0_7103_93.windows.Partner_specific_tests_US150819_US151080_US151654_US151176_US103444_US151078_US151079_US151109_US151174_US151175_US151189" name="Should add a new Business Partner role same role US151541" time="76.21">
      <system-out><![CDATA[
COMMAND: POST /session/7410a71b14728fd3846eb83ce69f197f/execute/async - {"script":"<script> [1562 bytes]","args":[{"selector":{"controlType":"sap.m.GenericTile","properties":{"header":"Data Explorer"}},"wdio_ui5_key":"sapm.GenericTile{\"header\":\"Data Explorer\"}"}]}
RESULT: {}
RESULT: {"script":"<script> [1562 bytes]","args":[{"selector":{"controlType":"sap.m.GenericTile","properties":{"header":"Data Explorer"}},"wdio_ui5_key":"sapm.GenericTile{\"header\":\"Data Explorer\"}"}]}
RESULT: undefined
COMMAND: POST /session/7410a71b14728fd3846eb83ce69f197f/element - {"using":"xpath","value":"//*[@id=\"__tile117\"]"}
RESULT: {"using":"xpath","value":"//*[@id=\"__tile117\"]"}
COMMAND: POST /session/7410a71b14728fd3846eb83ce69f197f/element/f.86015CA9C3D3DEEAC7F6EBF17DD69AAD.d.EBCE6ED0FDFA2CC4E319992E9454B41C.e.4473/click - {}
RESULT: {}
COMMAND: GET /session/7410a71b14728fd3846eb83ce69f197f/screenshot - {}
RESULT: {}
COMMAND: POST /session/7410a71b14728fd3846eb83ce69f197f/elements - {"using":"xpath","value":"//span[text()='Error']"}
RESULT: {"using":"xpath","value":"//span[text()='Error']"}
COMMAND: POST /session/7410a71b14728fd3846eb83ce69f197f/window/fullscreen - {}
RESULT: {}
COMMAND: POST /session/7410a71b14728fd3846eb83ce69f197f/element - {"using":"xpath","value":"//input[@id=\"application-businessconfigurations-display-component---masterBusinessConfigurations--smartFilterBar-btnBasicSearch-I\"]"}
RESULT: {"using":"xpath","value":"//input[@id=\"application-businessconfigurations-display-component---masterBusinessConfigurations--smartFilterBar-btnBasicSearch-I\"]"}
COMMAND: POST /session/7410a71b14728fd3846eb83ce69f197f/elements - {"using":"xpath","value":"//input[@id=\"application-businessconfigurations-display-component---masterBusinessConfigurations--smartFilterBar-btnBasicSearch-I\"]"}
RESULT: {"using":"xpath","value":"//input[@id=\"application-businessconfigurations-display-component---masterBusinessConfigurations--smartFilterBar-btnBasicSearch-I\"]"}
COMMAND: POST /session/7410a71b14728fd3846eb83ce69f197f/execute/sync - {"script":"<script> [8489 bytes]","args":[{"element-6066-11e4-a52e-4f735466cecf":"f.86015CA9C3D3DEEAC7F6EBF17DD69AAD.d.EBCE6ED0FDFA2CC4E319992E9454B41C.e.8705","ELEMENT":"f.86015CA9C3D3DEEAC7F6EBF17DD69AAD.d.EBCE6ED0FDFA2CC4E319992E9454B41C.e.8705"}]}
RESULT: {"script":"<script> [8489 bytes]","args":[{"element-6066-11e4-a52e-4f735466cecf":"f.86015CA9C3D3DEEAC7F6EBF17DD69AAD.d.EBCE6ED0FDFA2CC4E319992E9454B41C.e.8705","ELEMENT":"f.86015CA9C3D3DEEAC7F6EBF17DD69AAD.d.EBCE6ED0FDFA2CC4E319992E9454B41C.e.8705"}]}
COMMAND: GET /session/7410a71b14728fd3846eb83ce69f197f/element/f.86015CA9C3D3DEEAC7F6EBF17DD69AAD.d.EBCE6ED0FDFA2CC4E319992E9454B41C.e.8705/enabled - {}
COMMAND: GET /session/7410a71b14728fd3846eb83ce69f197f/screenshot - {}
RESULT: {}
COMMAND: POST /session/7410a71b14728fd3846eb83ce69f197f/execute/sync - {"script":"<script> [8489 bytes]","args":[{"element-6066-11e4-a52e-4f735466cecf":"f.86015CA9C3D3DEEAC7F6EBF17DD69AAD.d.EBCE6ED0FDFA2CC4E319992E9454B41C.e.8705","ELEMENT":"f.86015CA9C3D3DEEAC7F6EBF17DD69AAD.d.EBCE6ED0FDFA2CC4E319992E9454B41C.e.8705"}]}
COMMAND: GET /session/7410a71b14728fd3846eb83ce69f197f/screenshot - {}
RESULT: {}
RESULT: {"script":"<script> [8489 bytes]","args":[{"element-6066-11e4-a52e-4f735466cecf":"f.86015CA9C3D3DEEAC7F6EBF17DD69AAD.d.EBCE6ED0FDFA2CC4E319992E9454B41C.e.8705","ELEMENT":"f.86015CA9C3D3DEEAC7F6EBF17DD69AAD.d.EBCE6ED0FDFA2CC4E319992E9454B41C.e.8705"}]}
COMMAND: POST /session/7410a71b14728fd3846eb83ce69f197f/execute/sync - {"script":"<script> [5351 bytes]","args":[{"element-6066-11e4-a52e-4f735466cecf":"f.86015CA9C3D3DEEAC7F6EBF17DD69AAD.d.EBCE6ED0FDFA2CC4E319992E9454B41C.e.8705","ELEMENT":"f.86015CA9C3D3DEEAC7F6EBF17DD69AAD.d.EBCE6ED0FDFA2CC4E319992E9454B41C.e.8705"}]}
COMMAND: GET /session/7410a71b14728fd3846eb83ce69f197f/screenshot - {}
RESULT: {}
RESULT: {"script":"<script> [5351 bytes]","args":[{"element-6066-11e4-a52e-4f735466cecf":"f.86015CA9C3D3DEEAC7F6EBF17DD69AAD.d.EBCE6ED0FDFA2CC4E319992E9454B41C.e.8705","ELEMENT":"f.86015CA9C3D3DEEAC7F6EBF17DD69AAD.d.EBCE6ED0FDFA2CC4E319992E9454B41C.e.8705"}]}
COMMAND: GET /session/7410a71b14728fd3846eb83ce69f197f/screenshot - {}
RESULT: {}
RESULT: {}
COMMAND: POST /session/7410a71b14728fd3846eb83ce69f197f/element - {"using":"xpath","value":"//span[@id=\"application-businessconfigurations-display-component---masterBusinessConfigurations--masterListDataExplorerSmartTable-header-inner\"]"}
RESULT: {"using":"xpath","value":"//span[@id=\"application-businessconfigurations-display-component---masterBusinessConfigurations--masterListDataExplorerSmartTable-header-inner\"]"}
COMMAND: POST /session/7410a71b14728fd3846eb83ce69f197f/elements - {"using":"xpath","value":"//span[@id=\"application-businessconfigurations-display-component---masterBusinessConfigurations--masterListDataExplorerSmartTable-header-inner\"]"}
RESULT: {"using":"xpath","value":"//span[@id=\"application-businessconfigurations-display-component---masterBusinessConfigurations--masterListDataExplorerSmartTable-header-inner\"]"}
COMMAND: POST /session/7410a71b14728fd3846eb83ce69f197f/execute/sync - {"script":"<script> [56 bytes]","args":[{"element-6066-11e4-a52e-4f735466cecf":"f.86015CA9C3D3DEEAC7F6EBF17DD69AAD.d.EBCE6ED0FDFA2CC4E319992E9454B41C.e.8851","ELEMENT":"f.86015CA9C3D3DEEAC7F6EBF17DD69AAD.d.EBCE6ED0FDFA2CC4E319992E9454B41C.e.8851"}]}
RESULT: {"script":"<script> [56 bytes]","args":[{"element-6066-11e4-a52e-4f735466cecf":"f.86015CA9C3D3DEEAC7F6EBF17DD69AAD.d.EBCE6ED0FDFA2CC4E319992E9454B41C.e.8851","ELEMENT":"f.86015CA9C3D3DEEAC7F6EBF17DD69AAD.d.EBCE6ED0FDFA2CC4E319992E9454B41C.e.8851"}]}
COMMAND: POST /session/7410a71b14728fd3846eb83ce69f197f/element/f.86015CA9C3D3DEEAC7F6EBF17DD69AAD.d.EBCE6ED0FDFA2CC4E319992E9454B41C.e.8705/clear - {}
COMMAND: GET /session/7410a71b14728fd3846eb83ce69f197f/screenshot - {}
RESULT: {}
COMMAND: POST /session/7410a71b14728fd3846eb83ce69f197f/element/f.86015CA9C3D3DEEAC7F6EBF17DD69AAD.d.EBCE6ED0FDFA2CC4E319992E9454B41C.e.8705/value - {"text":"NETM_C_BUSINESS_PARTNER_ROLES"}
COMMAND: GET /session/7410a71b14728fd3846eb83ce69f197f/screenshot - {}
RESULT: {}
RESULT: {"text":"NETM_C_BUSINESS_PARTNER_ROLES"}
COMMAND: GET /session/7410a71b14728fd3846eb83ce69f197f/screenshot - {}
RESULT: {}
RESULT: {}
COMMAND: POST /session/7410a71b14728fd3846eb83ce69f197f/actions - {"actions":[{"id":"action25","type":"key","parameters":{},"actions":[{"type":"keyDown","value":""},{"type":"pause","duration":10},{"type":"keyUp","value":""}]}]}
RESULT: {"actions":[{"id":"action25","type":"key","parameters":{},"actions":[{"type":"keyDown","value":""},{"type":"pause","duration":10},{"type":"keyUp","value":""}]}]}
COMMAND: GET /session/7410a71b14728fd3846eb83ce69f197f/screenshot - {}
RESULT: {}
COMMAND: POST /session/7410a71b14728fd3846eb83ce69f197f/elements - {"using":"xpath","value":"//table[contains(@id, \"masterListDataExplorerTable-listUl\")]/tbody/tr"}
RESULT: {"using":"xpath","value":"//table[contains(@id, \"masterListDataExplorerTable-listUl\")]/tbody/tr"}
COMMAND: POST /session/7410a71b14728fd3846eb83ce69f197f/element - {"using":"xpath","value":"//table[contains(@id, \"masterListDataExplorerTable-listUl\")]/tbody/tr[2]/td[4]/span"}
RESULT: {"using":"xpath","value":"//table[contains(@id, \"masterListDataExplorerTable-listUl\")]/tbody/tr[2]/td[4]/span"}
COMMAND: POST /session/7410a71b14728fd3846eb83ce69f197f/elements - {"using":"xpath","value":"//table[contains(@id, \"masterListDataExplorerTable-listUl\")]/tbody/tr[2]/td[4]/span"}
RESULT: {"using":"xpath","value":"//table[contains(@id, \"masterListDataExplorerTable-listUl\")]/tbody/tr[2]/td[4]/span"}
COMMAND: POST /session/7410a71b14728fd3846eb83ce69f197f/execute/sync - {"script":"<script> [56 bytes]","args":[{"element-6066-11e4-a52e-4f735466cecf":"f.86015CA9C3D3DEEAC7F6EBF17DD69AAD.d.EBCE6ED0FDFA2CC4E319992E9454B41C.e.8859","ELEMENT":"f.86015CA9C3D3DEEAC7F6EBF17DD69AAD.d.EBCE6ED0FDFA2CC4E319992E9454B41C.e.8859"}]}
RESULT: {"script":"<script> [56 bytes]","args":[{"element-6066-11e4-a52e-4f735466cecf":"f.86015CA9C3D3DEEAC7F6EBF17DD69AAD.d.EBCE6ED0FDFA2CC4E319992E9454B41C.e.8859","ELEMENT":"f.86015CA9C3D3DEEAC7F6EBF17DD69AAD.d.EBCE6ED0FDFA2CC4E319992E9454B41C.e.8859"}]}
COMMAND: POST /session/7410a71b14728fd3846eb83ce69f197f/element - {"using":"xpath","value":"(//span[contains(@id, \"imgNav\")])[1]"}
COMMAND: GET /session/7410a71b14728fd3846eb83ce69f197f/screenshot - {}
RESULT: {"using":"xpath","value":"(//span[contains(@id, \"imgNav\")])[1]"}
COMMAND: POST /session/7410a71b14728fd3846eb83ce69f197f/element/f.86015CA9C3D3DEEAC7F6EBF17DD69AAD.d.EBCE6ED0FDFA2CC4E319992E9454B41C.e.8860/click - {}
RESULT: {}
RESULT: {}
COMMAND: GET /session/7410a71b14728fd3846eb83ce69f197f/screenshot - {}
RESULT: {}
COMMAND: POST /session/7410a71b14728fd3846eb83ce69f197f/element - {"using":"xpath","value":"//bdi[contains(text(), \"Edit\")]"}
RESULT: {"using":"xpath","value":"//bdi[contains(text(), \"Edit\")]"}
COMMAND: POST /session/7410a71b14728fd3846eb83ce69f197f/element/f.86015CA9C3D3DEEAC7F6EBF17DD69AAD.d.EBCE6ED0FDFA2CC4E319992E9454B41C.e.8980/click - {}
RESULT: {}
COMMAND: GET /session/7410a71b14728fd3846eb83ce69f197f/screenshot - {}
RESULT: {}
COMMAND: POST /session/7410a71b14728fd3846eb83ce69f197f/element - {"using":"xpath","value":"//button[contains(@id, \"detailBusinessConfigurations--addButton\")]"}
RESULT: {"using":"xpath","value":"//button[contains(@id, \"detailBusinessConfigurations--addButton\")]"}
COMMAND: POST /session/7410a71b14728fd3846eb83ce69f197f/element/f.86015CA9C3D3DEEAC7F6EBF17DD69AAD.d.EBCE6ED0FDFA2CC4E319992E9454B41C.e.8990/click - {}
RESULT: {}
COMMAND: GET /session/7410a71b14728fd3846eb83ce69f197f/screenshot - {}
RESULT: {}
COMMAND: POST /session/7410a71b14728fd3846eb83ce69f197f/elements - {"using":"xpath","value":"//table[contains(@id, \"detailBusinessConfigurations--detailsTable-listUl\")]/tbody/tr"}
RESULT: {"using":"xpath","value":"//table[contains(@id, \"detailBusinessConfigurations--detailsTable-listUl\")]/tbody/tr"}
COMMAND: POST /session/7410a71b14728fd3846eb83ce69f197f/element - {"using":"xpath","value":"//table[contains(@id, \"detailBusinessConfigurations--detailsTable-listUl\")]/tbody/tr[1]/td[3]/div/div/div/div/input"}
RESULT: {"using":"xpath","value":"//table[contains(@id, \"detailBusinessConfigurations--detailsTable-listUl\")]/tbody/tr[1]/td[3]/div/div/div/div/input"}
COMMAND: POST /session/7410a71b14728fd3846eb83ce69f197f/element/f.86015CA9C3D3DEEAC7F6EBF17DD69AAD.d.EBCE6ED0FDFA2CC4E319992E9454B41C.e.8993/clear - {}
RESULT: {}
COMMAND: POST /session/7410a71b14728fd3846eb83ce69f197f/element/f.86015CA9C3D3DEEAC7F6EBF17DD69AAD.d.EBCE6ED0FDFA2CC4E319992E9454B41C.e.8993/value - {"text":"WebDriver Testy"}
COMMAND: GET /session/7410a71b14728fd3846eb83ce69f197f/screenshot - {}
RESULT: {"text":"WebDriver Testy"}
COMMAND: GET /session/7410a71b14728fd3846eb83ce69f197f/screenshot - {}
RESULT: {}
RESULT: {}
COMMAND: POST /session/7410a71b14728fd3846eb83ce69f197f/element - {"using":"xpath","value":"//button[contains(@id, \"detailBusinessConfigurations--addButton\")]"}
RESULT: {"using":"xpath","value":"//button[contains(@id, \"detailBusinessConfigurations--addButton\")]"}
COMMAND: POST /session/7410a71b14728fd3846eb83ce69f197f/element/f.86015CA9C3D3DEEAC7F6EBF17DD69AAD.d.EBCE6ED0FDFA2CC4E319992E9454B41C.e.8990/click - {}
RESULT: {}
COMMAND: GET /session/7410a71b14728fd3846eb83ce69f197f/screenshot - {}
RESULT: {}
COMMAND: POST /session/7410a71b14728fd3846eb83ce69f197f/element - {"using":"xpath","value":"//table[contains(@id, \"detailBusinessConfigurations--detailsTable-listUl\")]/tbody/tr[1]/td[3]/div/div/div/div/input"}
RESULT: {"using":"xpath","value":"//table[contains(@id, \"detailBusinessConfigurations--detailsTable-listUl\")]/tbody/tr[1]/td[3]/div/div/div/div/input"}
COMMAND: POST /session/7410a71b14728fd3846eb83ce69f197f/element/f.86015CA9C3D3DEEAC7F6EBF17DD69AAD.d.EBCE6ED0FDFA2CC4E319992E9454B41C.e.9005/clear - {}
RESULT: {}
COMMAND: POST /session/7410a71b14728fd3846eb83ce69f197f/element/f.86015CA9C3D3DEEAC7F6EBF17DD69AAD.d.EBCE6ED0FDFA2CC4E319992E9454B41C.e.9005/value - {"text":"WebDriver Testy"}
COMMAND: GET /session/7410a71b14728fd3846eb83ce69f197f/screenshot - {}
RESULT: {"text":"WebDriver Testy"}
COMMAND: GET /session/7410a71b14728fd3846eb83ce69f197f/screenshot - {}
RESULT: {}
RESULT: {}
COMMAND: POST /session/7410a71b14728fd3846eb83ce69f197f/element - {"using":"xpath","value":"//bdi[text()=\"Save\"]"}
RESULT: {"using":"xpath","value":"//bdi[text()=\"Save\"]"}
COMMAND: POST /session/7410a71b14728fd3846eb83ce69f197f/element/f.86015CA9C3D3DEEAC7F6EBF17DD69AAD.d.EBCE6ED0FDFA2CC4E319992E9454B41C.e.9013/click - {}
RESULT: {}
COMMAND: GET /session/7410a71b14728fd3846eb83ce69f197f/screenshot - {}
RESULT: {}
COMMAND: POST /session/7410a71b14728fd3846eb83ce69f197f/element - {"using":"xpath","value":"//span[contains(@class, \"sapMMsgBoxText\")]"}
RESULT: {"using":"xpath","value":"//span[contains(@class, \"sapMMsgBoxText\")]"}
COMMAND: POST /session/7410a71b14728fd3846eb83ce69f197f/elements - {"using":"xpath","value":"//span[contains(@class, \"sapMMsgBoxText\")]"}
RESULT: {"using":"xpath","value":"//span[contains(@class, \"sapMMsgBoxText\")]"}
COMMAND: POST /session/7410a71b14728fd3846eb83ce69f197f/execute/sync - {"script":"<script> [56 bytes]","args":[{"element-6066-11e4-a52e-4f735466cecf":"f.86015CA9C3D3DEEAC7F6EBF17DD69AAD.d.EBCE6ED0FDFA2CC4E319992E9454B41C.e.9031","ELEMENT":"f.86015CA9C3D3DEEAC7F6EBF17DD69AAD.d.EBCE6ED0FDFA2CC4E319992E9454B41C.e.9031"}]}
RESULT: {"script":"<script> [56 bytes]","args":[{"element-6066-11e4-a52e-4f735466cecf":"f.86015CA9C3D3DEEAC7F6EBF17DD69AAD.d.EBCE6ED0FDFA2CC4E319992E9454B41C.e.9031","ELEMENT":"f.86015CA9C3D3DEEAC7F6EBF17DD69AAD.d.EBCE6ED0FDFA2CC4E319992E9454B41C.e.9031"}]}
COMMAND: POST /session/7410a71b14728fd3846eb83ce69f197f/element - {"using":"xpath","value":"//bdi[text()=\"Close\"]"}
COMMAND: GET /session/7410a71b14728fd3846eb83ce69f197f/screenshot - {}
RESULT: {"using":"xpath","value":"//bdi[text()=\"Close\"]"}
COMMAND: POST /session/7410a71b14728fd3846eb83ce69f197f/element/f.86015CA9C3D3DEEAC7F6EBF17DD69AAD.d.EBCE6ED0FDFA2CC4E319992E9454B41C.e.9033/click - {}
RESULT: {}
RESULT: {}
COMMAND: GET /session/7410a71b14728fd3846eb83ce69f197f/screenshot - {}
RESULT: {}
COMMAND: POST /session/7410a71b14728fd3846eb83ce69f197f/element - {"using":"css selector","value":"#shell-header-logo"}
RESULT: {"using":"css selector","value":"#shell-header-logo"}
COMMAND: POST /session/7410a71b14728fd3846eb83ce69f197f/element/f.86015CA9C3D3DEEAC7F6EBF17DD69AAD.d.EBCE6ED0FDFA2CC4E319992E9454B41C.e.8688/click - {}
RESULT: {}
COMMAND: GET /session/7410a71b14728fd3846eb83ce69f197f/screenshot - {}
RESULT: {}
COMMAND: POST /session/7410a71b14728fd3846eb83ce69f197f/element - {"using":"css selector","value":"#j_username"}
COMMAND: POST /session/7410a71b14728fd3846eb83ce69f197f/url - {"url":"https://qa-testing-00-live-etm-ui.cfapps.eu10-004.hana.ondemand.com/"}
RESULT: {"using":"css selector","value":"#j_username"}
COMMAND: POST /session/7410a71b14728fd3846eb83ce69f197f/element - {"using":"css selector","value":"#j_username"}
RESULT: {"url":"https://qa-testing-00-live-etm-ui.cfapps.eu10-004.hana.ondemand.com/"}
RESULT: undefined
COMMAND: GET /session/7410a71b14728fd3846eb83ce69f197f/screenshot - {}
RESULT: {"using":"css selector","value":"#j_username"}
COMMAND: POST /session/7410a71b14728fd3846eb83ce69f197f/element - {"using":"css selector","value":"#shell-header-logo"}
RESULT: {}
RESULT: {"using":"css selector","value":"#shell-header-logo"}
COMMAND: POST /session/7410a71b14728fd3846eb83ce69f197f/execute/sync - {"script":"<script> [8489 bytes]","args":[{"element-6066-11e4-a52e-4f735466cecf":"f.86015CA9C3D3DEEAC7F6EBF17DD69AAD.d.33D689200521029ED14558FA4FCBAE72.e.9048","ELEMENT":"f.86015CA9C3D3DEEAC7F6EBF17DD69AAD.d.33D689200521029ED14558FA4FCBAE72.e.9048"}]}
RESULT: {"script":"<script> [8489 bytes]","args":[{"element-6066-11e4-a52e-4f735466cecf":"f.86015CA9C3D3DEEAC7F6EBF17DD69AAD.d.33D689200521029ED14558FA4FCBAE72.e.9048","ELEMENT":"f.86015CA9C3D3DEEAC7F6EBF17DD69AAD.d.33D689200521029ED14558FA4FCBAE72.e.9048"}]}
COMMAND: POST /session/7410a71b14728fd3846eb83ce69f197f/element - {"using":"css selector","value":"#shell-header-logo"}
COMMAND: GET /session/7410a71b14728fd3846eb83ce69f197f/screenshot - {}
RESULT: {"using":"css selector","value":"#shell-header-logo"}
COMMAND: POST /session/7410a71b14728fd3846eb83ce69f197f/execute/sync - {"script":"<script> [8489 bytes]","args":[{"element-6066-11e4-a52e-4f735466cecf":"f.86015CA9C3D3DEEAC7F6EBF17DD69AAD.d.33D689200521029ED14558FA4FCBAE72.e.9048","ELEMENT":"f.86015CA9C3D3DEEAC7F6EBF17DD69AAD.d.33D689200521029ED14558FA4FCBAE72.e.9048"}]}
RESULT: {}
RESULT: {"script":"<script> [8489 bytes]","args":[{"element-6066-11e4-a52e-4f735466cecf":"f.86015CA9C3D3DEEAC7F6EBF17DD69AAD.d.33D689200521029ED14558FA4FCBAE72.e.9048","ELEMENT":"f.86015CA9C3D3DEEAC7F6EBF17DD69AAD.d.33D689200521029ED14558FA4FCBAE72.e.9048"}]}
COMMAND: POST /session/7410a71b14728fd3846eb83ce69f197f/execute/sync - {"script":"<script> [5351 bytes]","args":[{"element-6066-11e4-a52e-4f735466cecf":"f.86015CA9C3D3DEEAC7F6EBF17DD69AAD.d.33D689200521029ED14558FA4FCBAE72.e.9048","ELEMENT":"f.86015CA9C3D3DEEAC7F6EBF17DD69AAD.d.33D689200521029ED14558FA4FCBAE72.e.9048"}]}
COMMAND: GET /session/7410a71b14728fd3846eb83ce69f197f/screenshot - {}
RESULT: {"script":"<script> [5351 bytes]","args":[{"element-6066-11e4-a52e-4f735466cecf":"f.86015CA9C3D3DEEAC7F6EBF17DD69AAD.d.33D689200521029ED14558FA4FCBAE72.e.9048","ELEMENT":"f.86015CA9C3D3DEEAC7F6EBF17DD69AAD.d.33D689200521029ED14558FA4FCBAE72.e.9048"}]}
COMMAND: POST /session/7410a71b14728fd3846eb83ce69f197f/element - {"using":"css selector","value":"#shell-header-logo"}
COMMAND: GET /session/7410a71b14728fd3846eb83ce69f197f/screenshot - {}
RESULT: {}
RESULT: {"using":"css selector","value":"#shell-header-logo"}
COMMAND: POST /session/7410a71b14728fd3846eb83ce69f197f/element/f.86015CA9C3D3DEEAC7F6EBF17DD69AAD.d.33D689200521029ED14558FA4FCBAE72.e.9048/click - {}
RESULT: {}
RESULT: {}
COMMAND: GET /session/7410a71b14728fd3846eb83ce69f197f/screenshot - {}
RESULT: {}
COMMAND: POST /session/7410a71b14728fd3846eb83ce69f197f/execute/async - {"script":"<script> [189 bytes]","args":[]}
RESULT: {"script":"<script> [189 bytes]","args":[]}
COMMAND: POST /session/7410a71b14728fd3846eb83ce69f197f/execute/async - {"script":"<script> [123 bytes]","args":[]}
RESULT: {"script":"<script> [123 bytes]","args":[]}
COMMAND: POST /session/7410a71b14728fd3846eb83ce69f197f/timeouts - {"script":"<number>"}
RESULT: {"script":"<number>"}
COMMAND: GET /session/7410a71b14728fd3846eb83ce69f197f/timeouts - {}
RESULT: {}
RESULT: undefined
COMMAND: POST /session/7410a71b14728fd3846eb83ce69f197f/execute/async - {"script":"<script> [2676 bytes]","args":[]}
RESULT: {"script":"<script> [2676 bytes]","args":[]}
COMMAND: POST /session/7410a71b14728fd3846eb83ce69f197f/execute/async - {"script":"<script> [2342 bytes]","args":[{"protocol":"http","hostname":"0.0.0.0","path":"/","capabilities":{"browserName":"chrome","goog:chromeOptions":{"binary":"C:\\Program Files\\Google\\Chrome\\Application\\chrome.exe","args":["--start-maximized"]}},"logLevel":"warn","connectionRetryTimeout":120000,"connectionRetryCount":3,"logLevels":{},"enableDirectConnect":true,"strictSSL":true,"_":"65 more keys: [\"cacheDir\",\"port\",\"requestedCapabilities\",\"automationProtocol\",\"baseUrl\",\"waitforInterval\",\"waitforTimeout\",\"onReload\",\"beforeCommand\",\"afterCommand\",\"rootDir\",\"specs\",\"suites\",\"exclude\",\"groupLogsByTestSpec\",\"excludeDriverLogs\",\"bail\",\"framework\",\"reporters\",\"services\",\"maxInstances\",\"maxInstancesPerCapability\",\"injectGlobals\",\"filesToWatch\",\"execArgv\",\"runnerEnv\",\"runner\",\"shard\",\"specFileRetries\",\"specFileRetriesDelay\",\"specFileRetriesDeferred\",\"reporterSyncInterval\",\"reporterSyncTimeout\",\"cucumberFeaturesWithLineNumbers\",\"autoCompileOpts\",\"mochaOpts\",\"jasmineOpts\",\"cucumberOpts\",\"onPrepare\",\"onWorkerStart\",\"onWorkerEnd\",\"before\",\"beforeSession\",\"beforeSuite\",\"beforeHook\",\"beforeTest\",\"afterTest\",\"afterHook\",\"afterSuite\",\"afterSession\",\"after\",\"onComplete\",\"beforeAssertion\",\"afterAssertion\",\"beforeFeature\",\"beforeScenario\",\"beforeStep\",\"afterStep\",\"afterScenario\",\"afterFeature\",\"_\",\"suite\",\"$0\",\"ignoredWorkerServices\",\"wdi5\"]"}]}
RESULT: {"script":"<script> [2342 bytes]","args":[{"protocol":"http","hostname":"0.0.0.0","path":"/","capabilities":{"browserName":"chrome","goog:chromeOptions":{"binary":"C:\\Program Files\\Google\\Chrome\\Application\\chrome.exe","args":["--start-maximized"]}},"logLevel":"warn","connectionRetryTimeout":120000,"connectionRetryCount":3,"logLevels":{},"enableDirectConnect":true,"strictSSL":true,"_":"65 more keys: [\"cacheDir\",\"port\",\"requestedCapabilities\",\"automationProtocol\",\"baseUrl\",\"waitforInterval\",\"waitforTimeout\",\"onReload\",\"beforeCommand\",\"afterCommand\",\"rootDir\",\"specs\",\"suites\",\"exclude\",\"groupLogsByTestSpec\",\"excludeDriverLogs\",\"bail\",\"framework\",\"reporters\",\"services\",\"maxInstances\",\"maxInstancesPerCapability\",\"injectGlobals\",\"filesToWatch\",\"execArgv\",\"runnerEnv\",\"runner\",\"shard\",\"specFileRetries\",\"specFileRetriesDelay\",\"specFileRetriesDeferred\",\"reporterSyncInterval\",\"reporterSyncTimeout\",\"cucumberFeaturesWithLineNumbers\",\"autoCompileOpts\",\"mochaOpts\",\"jasmineOpts\",\"cucumberOpts\",\"onPrepare\",\"onWorkerStart\",\"onWorkerEnd\",\"before\",\"beforeSession\",\"beforeSuite\",\"beforeHook\",\"beforeTest\",\"afterTest\",\"afterHook\",\"afterSuite\",\"afterSession\",\"after\",\"onComplete\",\"beforeAssertion\",\"afterAssertion\",\"beforeFeature\",\"beforeScenario\",\"beforeStep\",\"afterStep\",\"afterScenario\",\"afterFeature\",\"_\",\"suite\",\"$0\",\"ignoredWorkerServices\",\"wdi5\"]"}]}
COMMAND: POST /session/7410a71b14728fd3846eb83ce69f197f/execute/async - {"script":"<script> [21126 bytes]","args":[35000]}
RESULT: {"script":"<script> [21126 bytes]","args":[35000]}
COMMAND: POST /session/7410a71b14728fd3846eb83ce69f197f/window/maximize - {}
RESULT: {}
COMMAND: POST /session/7410a71b14728fd3846eb83ce69f197f/execute/async - {"script":"<script> [1562 bytes]","args":[{"selector":{"id":"shell-header","interaction":{"idSuffix":"icon"}},"wdio_ui5_key":"shellheader"}]}
COMMAND: GET /session/7410a71b14728fd3846eb83ce69f197f/screenshot - {}
RESULT: {"script":"<script> [1562 bytes]","args":[{"selector":{"id":"shell-header","interaction":{"idSuffix":"icon"}},"wdio_ui5_key":"shellheader"}]}
RESULT: undefined
COMMAND: POST /session/7410a71b14728fd3846eb83ce69f197f/refresh - {}
RESULT: {}
RESULT: {}
COMMAND: GET /session/7410a71b14728fd3846eb83ce69f197f/screenshot - {}
RESULT: {}
COMMAND: POST /session/7410a71b14728fd3846eb83ce69f197f/refresh - {}
RESULT: {}
COMMAND: GET /session/7410a71b14728fd3846eb83ce69f197f/screenshot - {}
RESULT: {}
COMMAND: POST /session/7410a71b14728fd3846eb83ce69f197f/window/fullscreen - {}
RESULT: {}
COMMAND: POST /session/7410a71b14728fd3846eb83ce69f197f/execute/async - {"script":"<script> [189 bytes]","args":[]}
RESULT: {"script":"<script> [189 bytes]","args":[]}
COMMAND: POST /session/7410a71b14728fd3846eb83ce69f197f/execute/async - {"script":"<script> [123 bytes]","args":[]}
RESULT: {"script":"<script> [123 bytes]","args":[]}
COMMAND: POST /session/7410a71b14728fd3846eb83ce69f197f/timeouts - {"script":"<number>"}
RESULT: {"script":"<number>"}
COMMAND: GET /session/7410a71b14728fd3846eb83ce69f197f/timeouts - {}
RESULT: {}
RESULT: undefined
COMMAND: POST /session/7410a71b14728fd3846eb83ce69f197f/execute/async - {"script":"<script> [2676 bytes]","args":[]}
RESULT: {"script":"<script> [2676 bytes]","args":[]}
COMMAND: POST /session/7410a71b14728fd3846eb83ce69f197f/execute/async - {"script":"<script> [2342 bytes]","args":[{"protocol":"http","hostname":"0.0.0.0","path":"/","capabilities":{"browserName":"chrome","goog:chromeOptions":{"binary":"C:\\Program Files\\Google\\Chrome\\Application\\chrome.exe","args":["--start-maximized"]}},"logLevel":"warn","connectionRetryTimeout":120000,"connectionRetryCount":3,"logLevels":{},"enableDirectConnect":true,"strictSSL":true,"_":"65 more keys: [\"cacheDir\",\"port\",\"requestedCapabilities\",\"automationProtocol\",\"baseUrl\",\"waitforInterval\",\"waitforTimeout\",\"onReload\",\"beforeCommand\",\"afterCommand\",\"rootDir\",\"specs\",\"suites\",\"exclude\",\"groupLogsByTestSpec\",\"excludeDriverLogs\",\"bail\",\"framework\",\"reporters\",\"services\",\"maxInstances\",\"maxInstancesPerCapability\",\"injectGlobals\",\"filesToWatch\",\"execArgv\",\"runnerEnv\",\"runner\",\"shard\",\"specFileRetries\",\"specFileRetriesDelay\",\"specFileRetriesDeferred\",\"reporterSyncInterval\",\"reporterSyncTimeout\",\"cucumberFeaturesWithLineNumbers\",\"autoCompileOpts\",\"mochaOpts\",\"jasmineOpts\",\"cucumberOpts\",\"onPrepare\",\"onWorkerStart\",\"onWorkerEnd\",\"before\",\"beforeSession\",\"beforeSuite\",\"beforeHook\",\"beforeTest\",\"afterTest\",\"afterHook\",\"afterSuite\",\"afterSession\",\"after\",\"onComplete\",\"beforeAssertion\",\"afterAssertion\",\"beforeFeature\",\"beforeScenario\",\"beforeStep\",\"afterStep\",\"afterScenario\",\"afterFeature\",\"_\",\"suite\",\"$0\",\"ignoredWorkerServices\",\"wdi5\"]"}]}
RESULT: {"script":"<script> [2342 bytes]","args":[{"protocol":"http","hostname":"0.0.0.0","path":"/","capabilities":{"browserName":"chrome","goog:chromeOptions":{"binary":"C:\\Program Files\\Google\\Chrome\\Application\\chrome.exe","args":["--start-maximized"]}},"logLevel":"warn","connectionRetryTimeout":120000,"connectionRetryCount":3,"logLevels":{},"enableDirectConnect":true,"strictSSL":true,"_":"65 more keys: [\"cacheDir\",\"port\",\"requestedCapabilities\",\"automationProtocol\",\"baseUrl\",\"waitforInterval\",\"waitforTimeout\",\"onReload\",\"beforeCommand\",\"afterCommand\",\"rootDir\",\"specs\",\"suites\",\"exclude\",\"groupLogsByTestSpec\",\"excludeDriverLogs\",\"bail\",\"framework\",\"reporters\",\"services\",\"maxInstances\",\"maxInstancesPerCapability\",\"injectGlobals\",\"filesToWatch\",\"execArgv\",\"runnerEnv\",\"runner\",\"shard\",\"specFileRetries\",\"specFileRetriesDelay\",\"specFileRetriesDeferred\",\"reporterSyncInterval\",\"reporterSyncTimeout\",\"cucumberFeaturesWithLineNumbers\",\"autoCompileOpts\",\"mochaOpts\",\"jasmineOpts\",\"cucumberOpts\",\"onPrepare\",\"onWorkerStart\",\"onWorkerEnd\",\"before\",\"beforeSession\",\"beforeSuite\",\"beforeHook\",\"beforeTest\",\"afterTest\",\"afterHook\",\"afterSuite\",\"afterSession\",\"after\",\"onComplete\",\"beforeAssertion\",\"afterAssertion\",\"beforeFeature\",\"beforeScenario\",\"beforeStep\",\"afterStep\",\"afterScenario\",\"afterFeature\",\"_\",\"suite\",\"$0\",\"ignoredWorkerServices\",\"wdi5\"]"}]}
COMMAND: POST /session/7410a71b14728fd3846eb83ce69f197f/execute/async - {"script":"<script> [21126 bytes]","args":[35000]}
RESULT: {"script":"<script> [21126 bytes]","args":[35000]}
]]></system-out>
    </testcase>
  </testsuite>
  <testsuite timestamp="2025-05-24T17:55:27" time="529.516" tests="4" failures="0" errors="0" skipped="0">
    <properties>
      <property name="specId" value="0"/>
      <property name="suiteName" value="Create partner US118246"/>
      <property name="capabilities" value="chrome.136_0_7103_93.windows"/>
      <property name="file" value="file:///D:/a/1/s/test/specs/BTS/create-partner.spec.js"/>
    </properties>
    <testcase classname="chrome.136_0_7103_93.windows.Create_partner_US118246" name="Should create a new yard in case create yard failed" time="136.42">
      <system-out><![CDATA[
COMMAND: POST /session/7410a71b14728fd3846eb83ce69f197f/window/fullscreen - {}
RESULT: {}
COMMAND: POST /session/7410a71b14728fd3846eb83ce69f197f/execute/async - {"script":"<script> [1562 bytes]","args":[{"selector":{"controlType":"sap.m.GenericTile","properties":{"header":"Manage Yards"}},"wdio_ui5_key":"sapm.GenericTile{\"header\":\"Manage Yards\"}"}]}
RESULT: {"script":"<script> [1562 bytes]","args":[{"selector":{"controlType":"sap.m.GenericTile","properties":{"header":"Manage Yards"}},"wdio_ui5_key":"sapm.GenericTile{\"header\":\"Manage Yards\"}"}]}
RESULT: undefined
COMMAND: POST /session/7410a71b14728fd3846eb83ce69f197f/element - {"using":"xpath","value":"//*[@id=\"__tile41\"]"}
RESULT: {"using":"xpath","value":"//*[@id=\"__tile41\"]"}
COMMAND: POST /session/7410a71b14728fd3846eb83ce69f197f/element/f.86015CA9C3D3DEEAC7F6EBF17DD69AAD.d.41A9522747E02949C376C9DDED0D3829.e.9201/click - {}
RESULT: {}
COMMAND: GET /session/7410a71b14728fd3846eb83ce69f197f/screenshot - {}
RESULT: {}
COMMAND: POST /session/7410a71b14728fd3846eb83ce69f197f/elements - {"using":"xpath","value":"//span[text()='Error']"}
RESULT: {"using":"xpath","value":"//span[text()='Error']"}
COMMAND: POST /session/7410a71b14728fd3846eb83ce69f197f/element - {"using":"xpath","value":"//button[@data-kt=\"addNewYardOverflowToolbarButton\"]"}
RESULT: {"using":"xpath","value":"//button[@data-kt=\"addNewYardOverflowToolbarButton\"]"}
COMMAND: POST /session/7410a71b14728fd3846eb83ce69f197f/elements - {"using":"xpath","value":"//button[@data-kt=\"addNewYardOverflowToolbarButton\"]"}
RESULT: {"using":"xpath","value":"//button[@data-kt=\"addNewYardOverflowToolbarButton\"]"}
COMMAND: POST /session/7410a71b14728fd3846eb83ce69f197f/elements - {"using":"xpath","value":"//button[@data-kt=\"addNewYardOverflowToolbarButton\"]"}
RESULT: {"using":"xpath","value":"//button[@data-kt=\"addNewYardOverflowToolbarButton\"]"}
COMMAND: POST /session/7410a71b14728fd3846eb83ce69f197f/elements - {"using":"xpath","value":"//button[@data-kt=\"addNewYardOverflowToolbarButton\"]"}
RESULT: {"using":"xpath","value":"//button[@data-kt=\"addNewYardOverflowToolbarButton\"]"}
COMMAND: POST /session/7410a71b14728fd3846eb83ce69f197f/elements - {"using":"xpath","value":"//button[@data-kt=\"addNewYardOverflowToolbarButton\"]"}
RESULT: {"using":"xpath","value":"//button[@data-kt=\"addNewYardOverflowToolbarButton\"]"}
COMMAND: POST /session/7410a71b14728fd3846eb83ce69f197f/elements - {"using":"xpath","value":"//button[@data-kt=\"addNewYardOverflowToolbarButton\"]"}
RESULT: {"using":"xpath","value":"//button[@data-kt=\"addNewYardOverflowToolbarButton\"]"}
COMMAND: POST /session/7410a71b14728fd3846eb83ce69f197f/elements - {"using":"xpath","value":"//button[@data-kt=\"addNewYardOverflowToolbarButton\"]"}
RESULT: {"using":"xpath","value":"//button[@data-kt=\"addNewYardOverflowToolbarButton\"]"}
COMMAND: POST /session/7410a71b14728fd3846eb83ce69f197f/elements - {"using":"xpath","value":"//button[@data-kt=\"addNewYardOverflowToolbarButton\"]"}
RESULT: {"using":"xpath","value":"//button[@data-kt=\"addNewYardOverflowToolbarButton\"]"}
COMMAND: POST /session/7410a71b14728fd3846eb83ce69f197f/element - {"using":"xpath","value":"//button[@data-kt=\"addNewYardOverflowToolbarButton\"]"}
RESULT: {"using":"xpath","value":"//button[@data-kt=\"addNewYardOverflowToolbarButton\"]"}
COMMAND: POST /session/7410a71b14728fd3846eb83ce69f197f/execute/sync - {"script":"<script> [8489 bytes]","args":[{"element-6066-11e4-a52e-4f735466cecf":"f.86015CA9C3D3DEEAC7F6EBF17DD69AAD.d.41A9522747E02949C376C9DDED0D3829.e.9325","ELEMENT":"f.86015CA9C3D3DEEAC7F6EBF17DD69AAD.d.41A9522747E02949C376C9DDED0D3829.e.9325"}]}
RESULT: {"script":"<script> [8489 bytes]","args":[{"element-6066-11e4-a52e-4f735466cecf":"f.86015CA9C3D3DEEAC7F6EBF17DD69AAD.d.41A9522747E02949C376C9DDED0D3829.e.9325","ELEMENT":"f.86015CA9C3D3DEEAC7F6EBF17DD69AAD.d.41A9522747E02949C376C9DDED0D3829.e.9325"}]}
COMMAND: GET /session/7410a71b14728fd3846eb83ce69f197f/element/f.86015CA9C3D3DEEAC7F6EBF17DD69AAD.d.41A9522747E02949C376C9DDED0D3829.e.9325/enabled - {}
COMMAND: GET /session/7410a71b14728fd3846eb83ce69f197f/screenshot - {}
RESULT: {}
COMMAND: POST /session/7410a71b14728fd3846eb83ce69f197f/execute/sync - {"script":"<script> [8489 bytes]","args":[{"element-6066-11e4-a52e-4f735466cecf":"f.86015CA9C3D3DEEAC7F6EBF17DD69AAD.d.41A9522747E02949C376C9DDED0D3829.e.9325","ELEMENT":"f.86015CA9C3D3DEEAC7F6EBF17DD69AAD.d.41A9522747E02949C376C9DDED0D3829.e.9325"}]}
COMMAND: GET /session/7410a71b14728fd3846eb83ce69f197f/screenshot - {}
RESULT: {}
RESULT: {"script":"<script> [8489 bytes]","args":[{"element-6066-11e4-a52e-4f735466cecf":"f.86015CA9C3D3DEEAC7F6EBF17DD69AAD.d.41A9522747E02949C376C9DDED0D3829.e.9325","ELEMENT":"f.86015CA9C3D3DEEAC7F6EBF17DD69AAD.d.41A9522747E02949C376C9DDED0D3829.e.9325"}]}
COMMAND: POST /session/7410a71b14728fd3846eb83ce69f197f/execute/sync - {"script":"<script> [5351 bytes]","args":[{"element-6066-11e4-a52e-4f735466cecf":"f.86015CA9C3D3DEEAC7F6EBF17DD69AAD.d.41A9522747E02949C376C9DDED0D3829.e.9325","ELEMENT":"f.86015CA9C3D3DEEAC7F6EBF17DD69AAD.d.41A9522747E02949C376C9DDED0D3829.e.9325"}]}
RESULT: {}
COMMAND: GET /session/7410a71b14728fd3846eb83ce69f197f/screenshot - {}
RESULT: {"script":"<script> [5351 bytes]","args":[{"element-6066-11e4-a52e-4f735466cecf":"f.86015CA9C3D3DEEAC7F6EBF17DD69AAD.d.41A9522747E02949C376C9DDED0D3829.e.9325","ELEMENT":"f.86015CA9C3D3DEEAC7F6EBF17DD69AAD.d.41A9522747E02949C376C9DDED0D3829.e.9325"}]}
COMMAND: POST /session/7410a71b14728fd3846eb83ce69f197f/element/f.86015CA9C3D3DEEAC7F6EBF17DD69AAD.d.41A9522747E02949C376C9DDED0D3829.e.9325/click - {}
COMMAND: GET /session/7410a71b14728fd3846eb83ce69f197f/screenshot - {}
RESULT: {}
RESULT: {}
COMMAND: GET /session/7410a71b14728fd3846eb83ce69f197f/screenshot - {}
COMMAND: POST /session/7410a71b14728fd3846eb83ce69f197f/element - {"using":"xpath","value":"//input[@id=\"application-manageyards-display-component---NewYard--yardId-inner\"]"}
RESULT: {}
RESULT: {}
RESULT: {"using":"xpath","value":"//input[@id=\"application-manageyards-display-component---NewYard--yardId-inner\"]"}
COMMAND: POST /session/7410a71b14728fd3846eb83ce69f197f/element - {"using":"xpath","value":"//input[@id=\"application-manageyards-display-component---NewYard--yardId-inner\"]"}
RESULT: {"using":"xpath","value":"//input[@id=\"application-manageyards-display-component---NewYard--yardId-inner\"]"}
COMMAND: POST /session/7410a71b14728fd3846eb83ce69f197f/execute/async - {"script":"<script> [1562 bytes]","args":[{"selector":{"id":"application-manageyards-display-component---NewYard--addressDetailDetailsName1","interaction":{"idSuffix":"inner"}},"wdio_ui5_key":"applicationmanageyards-display-component---NewYard--addressDetailDetailsName1"}]}
RESULT: {"script":"<script> [1562 bytes]","args":[{"selector":{"id":"application-manageyards-display-component---NewYard--addressDetailDetailsName1","interaction":{"idSuffix":"inner"}},"wdio_ui5_key":"applicationmanageyards-display-component---NewYard--addressDetailDetailsName1"}]}
RESULT: undefined
COMMAND: POST /session/7410a71b14728fd3846eb83ce69f197f/execute/async - {"script":"<script> [776 bytes]","args":[{"enterText":"Intracompany Yard wdIO","selector":{"id":"application-manageyards-display-component---NewYard--addressDetailDetailsName1","interaction":{"idSuffix":"inner"}},"clearTextFirst":true,"interactionType":"ENTER_TEXT"}]}
RESULT: {"script":"<script> [776 bytes]","args":[{"enterText":"Intracompany Yard wdIO","selector":{"id":"application-manageyards-display-component---NewYard--addressDetailDetailsName1","interaction":{"idSuffix":"inner"}},"clearTextFirst":true,"interactionType":"ENTER_TEXT"}]}
COMMAND: POST /session/7410a71b14728fd3846eb83ce69f197f/execute/async - {"script":"<script> [1562 bytes]","args":[{"selector":{"id":"application-manageyards-display-component---NewYard--addressDetailDetailsLanguage-arrow"},"wdio_ui5_key":"applicationmanageyards-display-component---NewYard--addressDetailDetailsLanguage-arrow"}]}
RESULT: {"script":"<script> [1562 bytes]","args":[{"selector":{"id":"application-manageyards-display-component---NewYard--addressDetailDetailsLanguage-arrow"},"wdio_ui5_key":"applicationmanageyards-display-component---NewYard--addressDetailDetailsLanguage-arrow"}]}
RESULT: undefined
COMMAND: POST /session/7410a71b14728fd3846eb83ce69f197f/element - {"using":"xpath","value":"//*[@id=\"application-manageyards-display-component---NewYard--addressDetailDetailsLanguage-arrow\"]"}
RESULT: {"using":"xpath","value":"//*[@id=\"application-manageyards-display-component---NewYard--addressDetailDetailsLanguage-arrow\"]"}
COMMAND: POST /session/7410a71b14728fd3846eb83ce69f197f/element/f.86015CA9C3D3DEEAC7F6EBF17DD69AAD.d.41A9522747E02949C376C9DDED0D3829.e.9749/click - {}
RESULT: {}
COMMAND: POST /session/7410a71b14728fd3846eb83ce69f197f/element - {"using":"xpath","value":"//span[contains(text(), \"English\")]"}
COMMAND: GET /session/7410a71b14728fd3846eb83ce69f197f/screenshot - {}
RESULT: {"using":"xpath","value":"//span[contains(text(), \"English\")]"}
COMMAND: POST /session/7410a71b14728fd3846eb83ce69f197f/element/f.86015CA9C3D3DEEAC7F6EBF17DD69AAD.d.41A9522747E02949C376C9DDED0D3829.e.9750/click - {}
RESULT: {}
RESULT: {}
COMMAND: POST /session/7410a71b14728fd3846eb83ce69f197f/execute/async - {"script":"<script> [1562 bytes]","args":[{"selector":{"id":"application-manageyards-display-component---NewYard--addressDetailDetailsCity1","interaction":{"idSuffix":"inner"}},"wdio_ui5_key":"applicationmanageyards-display-component---NewYard--addressDetailDetailsCity1"}]}
COMMAND: GET /session/7410a71b14728fd3846eb83ce69f197f/screenshot - {}
RESULT: {"script":"<script> [1562 bytes]","args":[{"selector":{"id":"application-manageyards-display-component---NewYard--addressDetailDetailsCity1","interaction":{"idSuffix":"inner"}},"wdio_ui5_key":"applicationmanageyards-display-component---NewYard--addressDetailDetailsCity1"}]}
RESULT: undefined
COMMAND: POST /session/7410a71b14728fd3846eb83ce69f197f/execute/async - {"script":"<script> [776 bytes]","args":[{"enterText":"Rosario","selector":{"id":"application-manageyards-display-component---NewYard--addressDetailDetailsCity1","interaction":{"idSuffix":"inner"}},"clearTextFirst":true,"interactionType":"ENTER_TEXT"}]}
RESULT: {}
RESULT: {"script":"<script> [776 bytes]","args":[{"enterText":"Rosario","selector":{"id":"application-manageyards-display-component---NewYard--addressDetailDetailsCity1","interaction":{"idSuffix":"inner"}},"clearTextFirst":true,"interactionType":"ENTER_TEXT"}]}
COMMAND: POST /session/7410a71b14728fd3846eb83ce69f197f/execute/async - {"script":"<script> [1562 bytes]","args":[{"selector":{"id":"application-manageyards-display-component---NewYard--addressDetailDetailsCountry-arrow"},"wdio_ui5_key":"applicationmanageyards-display-component---NewYard--addressDetailDetailsCountry-arrow"}]}
RESULT: {"script":"<script> [1562 bytes]","args":[{"selector":{"id":"application-manageyards-display-component---NewYard--addressDetailDetailsCountry-arrow"},"wdio_ui5_key":"applicationmanageyards-display-component---NewYard--addressDetailDetailsCountry-arrow"}]}
RESULT: undefined
COMMAND: POST /session/7410a71b14728fd3846eb83ce69f197f/element - {"using":"xpath","value":"//*[@id=\"application-manageyards-display-component---NewYard--addressDetailDetailsCountry-arrow\"]"}
RESULT: {"using":"xpath","value":"//*[@id=\"application-manageyards-display-component---NewYard--addressDetailDetailsCountry-arrow\"]"}
COMMAND: POST /session/7410a71b14728fd3846eb83ce69f197f/element/f.86015CA9C3D3DEEAC7F6EBF17DD69AAD.d.41A9522747E02949C376C9DDED0D3829.e.9752/click - {}
RESULT: {}
COMMAND: POST /session/7410a71b14728fd3846eb83ce69f197f/element - {"using":"xpath","value":"//span[contains(text(), \"Argentina\")]"}
COMMAND: GET /session/7410a71b14728fd3846eb83ce69f197f/screenshot - {}
RESULT: {"using":"xpath","value":"//span[contains(text(), \"Argentina\")]"}
COMMAND: POST /session/7410a71b14728fd3846eb83ce69f197f/element/f.86015CA9C3D3DEEAC7F6EBF17DD69AAD.d.41A9522747E02949C376C9DDED0D3829.e.9754/click - {}
RESULT: {}
RESULT: {}
COMMAND: POST /session/7410a71b14728fd3846eb83ce69f197f/execute/async - {"script":"<script> [1562 bytes]","args":[{"selector":{"id":"application-manageyards-display-component---NewYard--addressEditDetailsCostObjectCstType-arrow"},"wdio_ui5_key":"applicationmanageyards-display-component---NewYard--addressEditDetailsCostObjectCstType-arrow"}]}
COMMAND: GET /session/7410a71b14728fd3846eb83ce69f197f/screenshot - {}
RESULT: {"script":"<script> [1562 bytes]","args":[{"selector":{"id":"application-manageyards-display-component---NewYard--addressEditDetailsCostObjectCstType-arrow"},"wdio_ui5_key":"applicationmanageyards-display-component---NewYard--addressEditDetailsCostObjectCstType-arrow"}]}
RESULT: undefined
COMMAND: POST /session/7410a71b14728fd3846eb83ce69f197f/element - {"using":"xpath","value":"//*[@id=\"application-manageyards-display-component---NewYard--addressEditDetailsCostObjectCstType-arrow\"]"}
RESULT: {}
RESULT: {"using":"xpath","value":"//*[@id=\"application-manageyards-display-component---NewYard--addressEditDetailsCostObjectCstType-arrow\"]"}
COMMAND: POST /session/7410a71b14728fd3846eb83ce69f197f/element/f.86015CA9C3D3DEEAC7F6EBF17DD69AAD.d.41A9522747E02949C376C9DDED0D3829.e.9755/click - {}
RESULT: {}
COMMAND: POST /session/7410a71b14728fd3846eb83ce69f197f/element - {"using":"xpath","value":"//span[contains(text(), \"Cost Center\")]"}
COMMAND: GET /session/7410a71b14728fd3846eb83ce69f197f/screenshot - {}
RESULT: {"using":"xpath","value":"//span[contains(text(), \"Cost Center\")]"}
COMMAND: POST /session/7410a71b14728fd3846eb83ce69f197f/element/f.86015CA9C3D3DEEAC7F6EBF17DD69AAD.d.41A9522747E02949C376C9DDED0D3829.e.9756/click - {}
RESULT: {}
RESULT: {}
COMMAND: GET /session/7410a71b14728fd3846eb83ce69f197f/screenshot - {}
RESULT: {}
COMMAND: POST /session/7410a71b14728fd3846eb83ce69f197f/element - {"using":"xpath","value":"//span[@id=\"application-manageyards-display-component---NewYard--addressNewCostObjectCstID-vhi\"]"}
RESULT: {"using":"xpath","value":"//span[@id=\"application-manageyards-display-component---NewYard--addressNewCostObjectCstID-vhi\"]"}
COMMAND: POST /session/7410a71b14728fd3846eb83ce69f197f/execute/sync - {"script":"<script> [8489 bytes]","args":[{"element-6066-11e4-a52e-4f735466cecf":"f.86015CA9C3D3DEEAC7F6EBF17DD69AAD.d.41A9522747E02949C376C9DDED0D3829.e.9760","ELEMENT":"f.86015CA9C3D3DEEAC7F6EBF17DD69AAD.d.41A9522747E02949C376C9DDED0D3829.e.9760"}]}
RESULT: {"script":"<script> [8489 bytes]","args":[{"element-6066-11e4-a52e-4f735466cecf":"f.86015CA9C3D3DEEAC7F6EBF17DD69AAD.d.41A9522747E02949C376C9DDED0D3829.e.9760","ELEMENT":"f.86015CA9C3D3DEEAC7F6EBF17DD69AAD.d.41A9522747E02949C376C9DDED0D3829.e.9760"}]}
COMMAND: POST /session/7410a71b14728fd3846eb83ce69f197f/execute/async - {"script":"<script> [1562 bytes]","args":[{"selector":{"id":"application-manageyards-display-component---NewYard--addressNewCostObjectCstID-vhi"},"wdio_ui5_key":"applicationmanageyards-display-component---NewYard--addressNewCostObjectCstID-vhi"}]}
COMMAND: GET /session/7410a71b14728fd3846eb83ce69f197f/screenshot - {}
RESULT: {"script":"<script> [1562 bytes]","args":[{"selector":{"id":"application-manageyards-display-component---NewYard--addressNewCostObjectCstID-vhi"},"wdio_ui5_key":"applicationmanageyards-display-component---NewYard--addressNewCostObjectCstID-vhi"}]}
RESULT: undefined
COMMAND: POST /session/7410a71b14728fd3846eb83ce69f197f/element - {"using":"xpath","value":"//*[@id=\"application-manageyards-display-component---NewYard--addressNewCostObjectCstID-vhi\"]"}
RESULT: {}
RESULT: {"using":"xpath","value":"//*[@id=\"application-manageyards-display-component---NewYard--addressNewCostObjectCstID-vhi\"]"}
COMMAND: POST /session/7410a71b14728fd3846eb83ce69f197f/element/f.86015CA9C3D3DEEAC7F6EBF17DD69AAD.d.41A9522747E02949C376C9DDED0D3829.e.9760/click - {}
RESULT: {}
COMMAND: GET /session/7410a71b14728fd3846eb83ce69f197f/screenshot - {}
RESULT: {}
COMMAND: POST /session/7410a71b14728fd3846eb83ce69f197f/execute/async - {"script":"<script> [1562 bytes]","args":[{"selector":{"controlType":"sap.m.SearchField","properties":{"placeholder":"Search"},"searchOpenDialogs":true,"interaction":{"idSuffix":"I"}},"wdio_ui5_key":"sapm.SearchField{\"placeholder\":\"Search\"}"}]}
RESULT: {"script":"<script> [1562 bytes]","args":[{"selector":{"controlType":"sap.m.SearchField","properties":{"placeholder":"Search"},"searchOpenDialogs":true,"interaction":{"idSuffix":"I"}},"wdio_ui5_key":"sapm.SearchField{\"placeholder\":\"Search\"}"}]}
RESULT: undefined
COMMAND: POST /session/7410a71b14728fd3846eb83ce69f197f/execute/async - {"script":"<script> [776 bytes]","args":[{"enterText":"bauh_b","selector":{"controlType":"sap.m.SearchField","properties":{"placeholder":"Search"},"searchOpenDialogs":true,"interaction":{"idSuffix":"I"}},"clearTextFirst":true,"interactionType":"ENTER_TEXT"}]}
RESULT: {"script":"<script> [776 bytes]","args":[{"enterText":"bauh_b","selector":{"controlType":"sap.m.SearchField","properties":{"placeholder":"Search"},"searchOpenDialogs":true,"interaction":{"idSuffix":"I"}},"clearTextFirst":true,"interactionType":"ENTER_TEXT"}]}
COMMAND: POST /session/7410a71b14728fd3846eb83ce69f197f/actions - {"actions":[{"id":"action26","type":"key","parameters":{},"actions":[{"type":"keyDown","value":""},{"type":"pause","duration":10},{"type":"keyUp","value":""}]}]}
RESULT: {"actions":[{"id":"action26","type":"key","parameters":{},"actions":[{"type":"keyDown","value":""},{"type":"pause","duration":10},{"type":"keyUp","value":""}]}]}
COMMAND: GET /session/7410a71b14728fd3846eb83ce69f197f/screenshot - {}
RESULT: {}
COMMAND: POST /session/7410a71b14728fd3846eb83ce69f197f/element - {"using":"xpath","value":"//span[contains(text(), \"Demo Yard\")]"}
RESULT: {"using":"xpath","value":"//span[contains(text(), \"Demo Yard\")]"}
COMMAND: POST /session/7410a71b14728fd3846eb83ce69f197f/element/f.86015CA9C3D3DEEAC7F6EBF17DD69AAD.d.41A9522747E02949C376C9DDED0D3829.e.9769/click - {}
RESULT: {}
COMMAND: GET /session/7410a71b14728fd3846eb83ce69f197f/screenshot - {}
RESULT: {}
COMMAND: POST /session/7410a71b14728fd3846eb83ce69f197f/element - {"using":"xpath","value":"//bdi[contains(text(), \"OK\")]"}
RESULT: {"using":"xpath","value":"//bdi[contains(text(), \"OK\")]"}
COMMAND: POST /session/7410a71b14728fd3846eb83ce69f197f/element/f.86015CA9C3D3DEEAC7F6EBF17DD69AAD.d.41A9522747E02949C376C9DDED0D3829.e.9771/click - {}
RESULT: {}
COMMAND: GET /session/7410a71b14728fd3846eb83ce69f197f/screenshot - {}
RESULT: {}
COMMAND: POST /session/7410a71b14728fd3846eb83ce69f197f/execute/async - {"script":"<script> [1562 bytes]","args":[{"selector":{"id":"application-manageyards-display-component---NewYard--addressEditDetailsCurrency-arrow"},"wdio_ui5_key":"applicationmanageyards-display-component---NewYard--addressEditDetailsCurrency-arrow"}]}
RESULT: {"script":"<script> [1562 bytes]","args":[{"selector":{"id":"application-manageyards-display-component---NewYard--addressEditDetailsCurrency-arrow"},"wdio_ui5_key":"applicationmanageyards-display-component---NewYard--addressEditDetailsCurrency-arrow"}]}
RESULT: undefined
COMMAND: POST /session/7410a71b14728fd3846eb83ce69f197f/element - {"using":"xpath","value":"//*[@id=\"application-manageyards-display-component---NewYard--addressEditDetailsCurrency-arrow\"]"}
RESULT: {"using":"xpath","value":"//*[@id=\"application-manageyards-display-component---NewYard--addressEditDetailsCurrency-arrow\"]"}
COMMAND: POST /session/7410a71b14728fd3846eb83ce69f197f/element/f.86015CA9C3D3DEEAC7F6EBF17DD69AAD.d.41A9522747E02949C376C9DDED0D3829.e.9774/click - {}
RESULT: {}
COMMAND: POST /session/7410a71b14728fd3846eb83ce69f197f/element - {"using":"xpath","value":"//span[contains(text(), \"Euro\")]"}
COMMAND: GET /session/7410a71b14728fd3846eb83ce69f197f/screenshot - {}
RESULT: {"using":"xpath","value":"//span[contains(text(), \"Euro\")]"}
COMMAND: POST /session/7410a71b14728fd3846eb83ce69f197f/element/f.86015CA9C3D3DEEAC7F6EBF17DD69AAD.d.41A9522747E02949C376C9DDED0D3829.e.9775/click - {}
RESULT: {}
RESULT: {}
COMMAND: POST /session/7410a71b14728fd3846eb83ce69f197f/execute/async - {"script":"<script> [1562 bytes]","args":[{"selector":{"controlType":"sap.m.Input","viewName":"etm.portal.ui.manageyards.view.New","viewId":"application-manageyards-display-component---NewYard","bindingPath":{"path":"","propertyPath":"/CONTROLLING_AREA","modelName":"NewYardModel"},"interaction":{"idSuffix":"inner"}},"wdio_ui5_key":"etmportal.ui.manageyards.view.Newsap.m.Input{\"path\":\"\",\"propertyPath\":\"/CONTROLLING_AREA\",\"modelName\":\"NewYardModel\"}"}]}
COMMAND: GET /session/7410a71b14728fd3846eb83ce69f197f/screenshot - {}
RESULT: {"script":"<script> [1562 bytes]","args":[{"selector":{"controlType":"sap.m.Input","viewName":"etm.portal.ui.manageyards.view.New","viewId":"application-manageyards-display-component---NewYard","bindingPath":{"path":"","propertyPath":"/CONTROLLING_AREA","modelName":"NewYardModel"},"interaction":{"idSuffix":"inner"}},"wdio_ui5_key":"etmportal.ui.manageyards.view.Newsap.m.Input{\"path\":\"\",\"propertyPath\":\"/CONTROLLING_AREA\",\"modelName\":\"NewYardModel\"}"}]}
RESULT: undefined
COMMAND: POST /session/7410a71b14728fd3846eb83ce69f197f/execute/async - {"script":"<script> [776 bytes]","args":[{"enterText":"Z001","selector":{"controlType":"sap.m.Input","viewName":"etm.portal.ui.manageyards.view.New","viewId":"application-manageyards-display-component---NewYard","bindingPath":{"path":"","propertyPath":"/CONTROLLING_AREA","modelName":"NewYardModel"},"interaction":{"idSuffix":"inner"}},"clearTextFirst":true,"interactionType":"ENTER_TEXT"}]}
RESULT: {}
RESULT: {"script":"<script> [776 bytes]","args":[{"enterText":"Z001","selector":{"controlType":"sap.m.Input","viewName":"etm.portal.ui.manageyards.view.New","viewId":"application-manageyards-display-component---NewYard","bindingPath":{"path":"","propertyPath":"/CONTROLLING_AREA","modelName":"NewYardModel"},"interaction":{"idSuffix":"inner"}},"clearTextFirst":true,"interactionType":"ENTER_TEXT"}]}
COMMAND: POST /session/7410a71b14728fd3846eb83ce69f197f/execute/async - {"script":"<script> [1562 bytes]","args":[{"selector":{"id":"application-manageyards-display-component---NewYard--companyCodeComboBox","interaction":{"idSuffix":"inner"}},"wdio_ui5_key":"applicationmanageyards-display-component---NewYard--companyCodeComboBox"}]}
RESULT: {"script":"<script> [1562 bytes]","args":[{"selector":{"id":"application-manageyards-display-component---NewYard--companyCodeComboBox","interaction":{"idSuffix":"inner"}},"wdio_ui5_key":"applicationmanageyards-display-component---NewYard--companyCodeComboBox"}]}
RESULT: undefined
COMMAND: POST /session/7410a71b14728fd3846eb83ce69f197f/execute/async - {"script":"<script> [776 bytes]","args":[{"enterText":"1000","selector":{"id":"application-manageyards-display-component---NewYard--companyCodeComboBox","interaction":{"idSuffix":"inner"}},"clearTextFirst":true,"interactionType":"ENTER_TEXT"}]}
RESULT: {"script":"<script> [776 bytes]","args":[{"enterText":"1000","selector":{"id":"application-manageyards-display-component---NewYard--companyCodeComboBox","interaction":{"idSuffix":"inner"}},"clearTextFirst":true,"interactionType":"ENTER_TEXT"}]}
COMMAND: POST /session/7410a71b14728fd3846eb83ce69f197f/execute/async - {"script":"<script> [1562 bytes]","args":[{"selector":{"controlType":"sap.m.Input","viewName":"etm.portal.ui.manageyards.view.New","viewId":"application-manageyards-display-component---NewYard","bindingPath":{"path":"","propertyPath":"/PLANT","modelName":"NewYardModel"},"interaction":{"idSuffix":"inner"}},"wdio_ui5_key":"etmportal.ui.manageyards.view.Newsap.m.Input{\"path\":\"\",\"propertyPath\":\"/PLANT\",\"modelName\":\"NewYardModel\"}"}]}
RESULT: {"script":"<script> [1562 bytes]","args":[{"selector":{"controlType":"sap.m.Input","viewName":"etm.portal.ui.manageyards.view.New","viewId":"application-manageyards-display-component---NewYard","bindingPath":{"path":"","propertyPath":"/PLANT","modelName":"NewYardModel"},"interaction":{"idSuffix":"inner"}},"wdio_ui5_key":"etmportal.ui.manageyards.view.Newsap.m.Input{\"path\":\"\",\"propertyPath\":\"/PLANT\",\"modelName\":\"NewYardModel\"}"}]}
RESULT: undefined
COMMAND: POST /session/7410a71b14728fd3846eb83ce69f197f/execute/async - {"script":"<script> [776 bytes]","args":[{"enterText":"1001","selector":{"controlType":"sap.m.Input","viewName":"etm.portal.ui.manageyards.view.New","viewId":"application-manageyards-display-component---NewYard","bindingPath":{"path":"","propertyPath":"/PLANT","modelName":"NewYardModel"},"interaction":{"idSuffix":"inner"}},"clearTextFirst":true,"interactionType":"ENTER_TEXT"}]}
RESULT: {"script":"<script> [776 bytes]","args":[{"enterText":"1001","selector":{"controlType":"sap.m.Input","viewName":"etm.portal.ui.manageyards.view.New","viewId":"application-manageyards-display-component---NewYard","bindingPath":{"path":"","propertyPath":"/PLANT","modelName":"NewYardModel"},"interaction":{"idSuffix":"inner"}},"clearTextFirst":true,"interactionType":"ENTER_TEXT"}]}
COMMAND: POST /session/7410a71b14728fd3846eb83ce69f197f/execute/async - {"script":"<script> [1562 bytes]","args":[{"selector":{"controlType":"sap.m.Input","viewName":"etm.portal.ui.manageyards.view.New","viewId":"application-manageyards-display-component---NewYard","bindingPath":{"path":"","propertyPath":"/SALES_AREA_VKORG","modelName":"NewYardModel"},"interaction":{"idSuffix":"inner"}},"wdio_ui5_key":"etmportal.ui.manageyards.view.Newsap.m.Input{\"path\":\"\",\"propertyPath\":\"/SALES_AREA_VKORG\",\"modelName\":\"NewYardModel\"}"}]}
RESULT: {"script":"<script> [1562 bytes]","args":[{"selector":{"controlType":"sap.m.Input","viewName":"etm.portal.ui.manageyards.view.New","viewId":"application-manageyards-display-component---NewYard","bindingPath":{"path":"","propertyPath":"/SALES_AREA_VKORG","modelName":"NewYardModel"},"interaction":{"idSuffix":"inner"}},"wdio_ui5_key":"etmportal.ui.manageyards.view.Newsap.m.Input{\"path\":\"\",\"propertyPath\":\"/SALES_AREA_VKORG\",\"modelName\":\"NewYardModel\"}"}]}
RESULT: undefined
COMMAND: POST /session/7410a71b14728fd3846eb83ce69f197f/execute/async - {"script":"<script> [776 bytes]","args":[{"enterText":"C002","selector":{"controlType":"sap.m.Input","viewName":"etm.portal.ui.manageyards.view.New","viewId":"application-manageyards-display-component---NewYard","bindingPath":{"path":"","propertyPath":"/SALES_AREA_VKORG","modelName":"NewYardModel"},"interaction":{"idSuffix":"inner"}},"clearTextFirst":true,"interactionType":"ENTER_TEXT"}]}
RESULT: {"script":"<script> [776 bytes]","args":[{"enterText":"C002","selector":{"controlType":"sap.m.Input","viewName":"etm.portal.ui.manageyards.view.New","viewId":"application-manageyards-display-component---NewYard","bindingPath":{"path":"","propertyPath":"/SALES_AREA_VKORG","modelName":"NewYardModel"},"interaction":{"idSuffix":"inner"}},"clearTextFirst":true,"interactionType":"ENTER_TEXT"}]}
COMMAND: POST /session/7410a71b14728fd3846eb83ce69f197f/execute/async - {"script":"<script> [1562 bytes]","args":[{"selector":{"controlType":"sap.m.Input","viewName":"etm.portal.ui.manageyards.view.New","viewId":"application-manageyards-display-component---NewYard","bindingPath":{"path":"","propertyPath":"/SALES_AREA_VTWEG","modelName":"NewYardModel"},"interaction":{"idSuffix":"inner"}},"wdio_ui5_key":"etmportal.ui.manageyards.view.Newsap.m.Input{\"path\":\"\",\"propertyPath\":\"/SALES_AREA_VTWEG\",\"modelName\":\"NewYardModel\"}"}]}
RESULT: {"script":"<script> [1562 bytes]","args":[{"selector":{"controlType":"sap.m.Input","viewName":"etm.portal.ui.manageyards.view.New","viewId":"application-manageyards-display-component---NewYard","bindingPath":{"path":"","propertyPath":"/SALES_AREA_VTWEG","modelName":"NewYardModel"},"interaction":{"idSuffix":"inner"}},"wdio_ui5_key":"etmportal.ui.manageyards.view.Newsap.m.Input{\"path\":\"\",\"propertyPath\":\"/SALES_AREA_VTWEG\",\"modelName\":\"NewYardModel\"}"}]}
RESULT: undefined
COMMAND: POST /session/7410a71b14728fd3846eb83ce69f197f/execute/async - {"script":"<script> [776 bytes]","args":[{"enterText":"C2","selector":{"controlType":"sap.m.Input","viewName":"etm.portal.ui.manageyards.view.New","viewId":"application-manageyards-display-component---NewYard","bindingPath":{"path":"","propertyPath":"/SALES_AREA_VTWEG","modelName":"NewYardModel"},"interaction":{"idSuffix":"inner"}},"clearTextFirst":true,"interactionType":"ENTER_TEXT"}]}
RESULT: {"script":"<script> [776 bytes]","args":[{"enterText":"C2","selector":{"controlType":"sap.m.Input","viewName":"etm.portal.ui.manageyards.view.New","viewId":"application-manageyards-display-component---NewYard","bindingPath":{"path":"","propertyPath":"/SALES_AREA_VTWEG","modelName":"NewYardModel"},"interaction":{"idSuffix":"inner"}},"clearTextFirst":true,"interactionType":"ENTER_TEXT"}]}
COMMAND: POST /session/7410a71b14728fd3846eb83ce69f197f/execute/async - {"script":"<script> [1562 bytes]","args":[{"selector":{"controlType":"sap.m.Input","viewName":"etm.portal.ui.manageyards.view.New","viewId":"application-manageyards-display-component---NewYard","bindingPath":{"path":"","propertyPath":"/SALES_AREA_SPART","modelName":"NewYardModel"},"interaction":{"idSuffix":"inner"}},"wdio_ui5_key":"etmportal.ui.manageyards.view.Newsap.m.Input{\"path\":\"\",\"propertyPath\":\"/SALES_AREA_SPART\",\"modelName\":\"NewYardModel\"}"}]}
RESULT: {"script":"<script> [1562 bytes]","args":[{"selector":{"controlType":"sap.m.Input","viewName":"etm.portal.ui.manageyards.view.New","viewId":"application-manageyards-display-component---NewYard","bindingPath":{"path":"","propertyPath":"/SALES_AREA_SPART","modelName":"NewYardModel"},"interaction":{"idSuffix":"inner"}},"wdio_ui5_key":"etmportal.ui.manageyards.view.Newsap.m.Input{\"path\":\"\",\"propertyPath\":\"/SALES_AREA_SPART\",\"modelName\":\"NewYardModel\"}"}]}
RESULT: undefined
COMMAND: POST /session/7410a71b14728fd3846eb83ce69f197f/execute/async - {"script":"<script> [776 bytes]","args":[{"enterText":"C2","selector":{"controlType":"sap.m.Input","viewName":"etm.portal.ui.manageyards.view.New","viewId":"application-manageyards-display-component---NewYard","bindingPath":{"path":"","propertyPath":"/SALES_AREA_SPART","modelName":"NewYardModel"},"interaction":{"idSuffix":"inner"}},"clearTextFirst":true,"interactionType":"ENTER_TEXT"}]}
RESULT: {"script":"<script> [776 bytes]","args":[{"enterText":"C2","selector":{"controlType":"sap.m.Input","viewName":"etm.portal.ui.manageyards.view.New","viewId":"application-manageyards-display-component---NewYard","bindingPath":{"path":"","propertyPath":"/SALES_AREA_SPART","modelName":"NewYardModel"},"interaction":{"idSuffix":"inner"}},"clearTextFirst":true,"interactionType":"ENTER_TEXT"}]}
COMMAND: POST /session/7410a71b14728fd3846eb83ce69f197f/execute/async - {"script":"<script> [1562 bytes]","args":[{"selector":{"controlType":"sap.m.Input","viewName":"etm.portal.ui.manageyards.view.New","viewId":"application-manageyards-display-component---NewYard","bindingPath":{"path":"","propertyPath":"/SHIP_POINT","modelName":"NewYardModel"},"interaction":{"idSuffix":"inner"}},"wdio_ui5_key":"etmportal.ui.manageyards.view.Newsap.m.Input{\"path\":\"\",\"propertyPath\":\"/SHIP_POINT\",\"modelName\":\"NewYardModel\"}"}]}
RESULT: {"script":"<script> [1562 bytes]","args":[{"selector":{"controlType":"sap.m.Input","viewName":"etm.portal.ui.manageyards.view.New","viewId":"application-manageyards-display-component---NewYard","bindingPath":{"path":"","propertyPath":"/SHIP_POINT","modelName":"NewYardModel"},"interaction":{"idSuffix":"inner"}},"wdio_ui5_key":"etmportal.ui.manageyards.view.Newsap.m.Input{\"path\":\"\",\"propertyPath\":\"/SHIP_POINT\",\"modelName\":\"NewYardModel\"}"}]}
RESULT: undefined
COMMAND: POST /session/7410a71b14728fd3846eb83ce69f197f/execute/async - {"script":"<script> [776 bytes]","args":[{"enterText":"1710","selector":{"controlType":"sap.m.Input","viewName":"etm.portal.ui.manageyards.view.New","viewId":"application-manageyards-display-component---NewYard","bindingPath":{"path":"","propertyPath":"/SHIP_POINT","modelName":"NewYardModel"},"interaction":{"idSuffix":"inner"}},"clearTextFirst":true,"interactionType":"ENTER_TEXT"}]}
RESULT: {"script":"<script> [776 bytes]","args":[{"enterText":"1710","selector":{"controlType":"sap.m.Input","viewName":"etm.portal.ui.manageyards.view.New","viewId":"application-manageyards-display-component---NewYard","bindingPath":{"path":"","propertyPath":"/SHIP_POINT","modelName":"NewYardModel"},"interaction":{"idSuffix":"inner"}},"clearTextFirst":true,"interactionType":"ENTER_TEXT"}]}
COMMAND: POST /session/7410a71b14728fd3846eb83ce69f197f/execute/async - {"script":"<script> [1562 bytes]","args":[{"selector":{"controlType":"sap.m.Input","viewName":"etm.portal.ui.manageyards.view.New","viewId":"application-manageyards-display-component---NewYard","bindingPath":{"path":"","propertyPath":"/DELIVERY_TYPE","modelName":"NewYardModel"},"interaction":{"idSuffix":"inner"}},"wdio_ui5_key":"etmportal.ui.manageyards.view.Newsap.m.Input{\"path\":\"\",\"propertyPath\":\"/DELIVERY_TYPE\",\"modelName\":\"NewYardModel\"}"}]}
RESULT: {"script":"<script> [1562 bytes]","args":[{"selector":{"controlType":"sap.m.Input","viewName":"etm.portal.ui.manageyards.view.New","viewId":"application-manageyards-display-component---NewYard","bindingPath":{"path":"","propertyPath":"/DELIVERY_TYPE","modelName":"NewYardModel"},"interaction":{"idSuffix":"inner"}},"wdio_ui5_key":"etmportal.ui.manageyards.view.Newsap.m.Input{\"path\":\"\",\"propertyPath\":\"/DELIVERY_TYPE\",\"modelName\":\"NewYardModel\"}"}]}
RESULT: undefined
COMMAND: POST /session/7410a71b14728fd3846eb83ce69f197f/execute/async - {"script":"<script> [776 bytes]","args":[{"enterText":"ZL01","selector":{"controlType":"sap.m.Input","viewName":"etm.portal.ui.manageyards.view.New","viewId":"application-manageyards-display-component---NewYard","bindingPath":{"path":"","propertyPath":"/DELIVERY_TYPE","modelName":"NewYardModel"},"interaction":{"idSuffix":"inner"}},"clearTextFirst":true,"interactionType":"ENTER_TEXT"}]}
RESULT: {"script":"<script> [776 bytes]","args":[{"enterText":"ZL01","selector":{"controlType":"sap.m.Input","viewName":"etm.portal.ui.manageyards.view.New","viewId":"application-manageyards-display-component---NewYard","bindingPath":{"path":"","propertyPath":"/DELIVERY_TYPE","modelName":"NewYardModel"},"interaction":{"idSuffix":"inner"}},"clearTextFirst":true,"interactionType":"ENTER_TEXT"}]}
COMMAND: POST /session/7410a71b14728fd3846eb83ce69f197f/execute/async - {"script":"<script> [1562 bytes]","args":[{"selector":{"controlType":"sap.m.Input","viewName":"etm.portal.ui.manageyards.view.New","viewId":"application-manageyards-display-component---NewYard","bindingPath":{"path":"","propertyPath":"/AUART","modelName":"NewYardModel"},"interaction":{"idSuffix":"inner"}},"wdio_ui5_key":"etmportal.ui.manageyards.view.Newsap.m.Input{\"path\":\"\",\"propertyPath\":\"/AUART\",\"modelName\":\"NewYardModel\"}"}]}
RESULT: {"script":"<script> [1562 bytes]","args":[{"selector":{"controlType":"sap.m.Input","viewName":"etm.portal.ui.manageyards.view.New","viewId":"application-manageyards-display-component---NewYard","bindingPath":{"path":"","propertyPath":"/AUART","modelName":"NewYardModel"},"interaction":{"idSuffix":"inner"}},"wdio_ui5_key":"etmportal.ui.manageyards.view.Newsap.m.Input{\"path\":\"\",\"propertyPath\":\"/AUART\",\"modelName\":\"NewYardModel\"}"}]}
RESULT: undefined
COMMAND: POST /session/7410a71b14728fd3846eb83ce69f197f/execute/async - {"script":"<script> [776 bytes]","args":[{"enterText":"TA","selector":{"controlType":"sap.m.Input","viewName":"etm.portal.ui.manageyards.view.New","viewId":"application-manageyards-display-component---NewYard","bindingPath":{"path":"","propertyPath":"/AUART","modelName":"NewYardModel"},"interaction":{"idSuffix":"inner"}},"clearTextFirst":true,"interactionType":"ENTER_TEXT"}]}
RESULT: {"script":"<script> [776 bytes]","args":[{"enterText":"TA","selector":{"controlType":"sap.m.Input","viewName":"etm.portal.ui.manageyards.view.New","viewId":"application-manageyards-display-component---NewYard","bindingPath":{"path":"","propertyPath":"/AUART","modelName":"NewYardModel"},"interaction":{"idSuffix":"inner"}},"clearTextFirst":true,"interactionType":"ENTER_TEXT"}]}
COMMAND: POST /session/7410a71b14728fd3846eb83ce69f197f/element - {"using":"xpath","value":"//button[@data-kt=\"newYardSaveButton\"]"}
RESULT: {"using":"xpath","value":"//button[@data-kt=\"newYardSaveButton\"]"}
COMMAND: POST /session/7410a71b14728fd3846eb83ce69f197f/element/f.86015CA9C3D3DEEAC7F6EBF17DD69AAD.d.41A9522747E02949C376C9DDED0D3829.e.9742/click - {}
RESULT: {}
COMMAND: GET /session/7410a71b14728fd3846eb83ce69f197f/screenshot - {}
RESULT: {}
COMMAND: POST /session/7410a71b14728fd3846eb83ce69f197f/element - {"using":"xpath","value":"//header[contains(@id, 'ObjectPageLayout-headerTitle')]/div[1]/div[2]/div[1]/span[1]"}
RESULT: {"using":"xpath","value":"//header[contains(@id, 'ObjectPageLayout-headerTitle')]/div[1]/div[2]/div[1]/span[1]"}
COMMAND: POST /session/7410a71b14728fd3846eb83ce69f197f/elements - {"using":"xpath","value":"//header[contains(@id, 'ObjectPageLayout-headerTitle')]/div[1]/div[2]/div[1]/span[1]"}
RESULT: {"using":"xpath","value":"//header[contains(@id, 'ObjectPageLayout-headerTitle')]/div[1]/div[2]/div[1]/span[1]"}
COMMAND: POST /session/7410a71b14728fd3846eb83ce69f197f/execute/sync - {"script":"<script> [56 bytes]","args":[{"element-6066-11e4-a52e-4f735466cecf":"f.86015CA9C3D3DEEAC7F6EBF17DD69AAD.d.41A9522747E02949C376C9DDED0D3829.e.9993","ELEMENT":"f.86015CA9C3D3DEEAC7F6EBF17DD69AAD.d.41A9522747E02949C376C9DDED0D3829.e.9993"}]}
RESULT: {"script":"<script> [56 bytes]","args":[{"element-6066-11e4-a52e-4f735466cecf":"f.86015CA9C3D3DEEAC7F6EBF17DD69AAD.d.41A9522747E02949C376C9DDED0D3829.e.9993","ELEMENT":"f.86015CA9C3D3DEEAC7F6EBF17DD69AAD.d.41A9522747E02949C376C9DDED0D3829.e.9993"}]}
COMMAND: GET /session/7410a71b14728fd3846eb83ce69f197f/screenshot - {}
RESULT: {}
COMMAND: POST /session/7410a71b14728fd3846eb83ce69f197f/element - {"using":"css selector","value":"#shell-header-logo"}
RESULT: {"using":"css selector","value":"#shell-header-logo"}
COMMAND: POST /session/7410a71b14728fd3846eb83ce69f197f/element/f.86015CA9C3D3DEEAC7F6EBF17DD69AAD.d.41A9522747E02949C376C9DDED0D3829.e.9295/click - {}
RESULT: {}
COMMAND: GET /session/7410a71b14728fd3846eb83ce69f197f/screenshot - {}
RESULT: {}
COMMAND: POST /session/7410a71b14728fd3846eb83ce69f197f/execute/sync - {"script":"<script> [299 bytes]","args":[["getModel","getResource"]]}
RESULT: {"script":"<script> [299 bytes]","args":[["getModel","getResource"]]}
]]></system-out>
    </testcase>
    <testcase classname="chrome.136_0_7103_93.windows.Create_partner_US118246" name="Should create new external partner" time="112.215">
      <system-out><![CDATA[
COMMAND: POST /session/7410a71b14728fd3846eb83ce69f197f/window/fullscreen - {}
COMMAND: GET /session/7410a71b14728fd3846eb83ce69f197f/screenshot - {}
RESULT: {}
COMMAND: POST /session/7410a71b14728fd3846eb83ce69f197f/execute/async - {"script":"<script> [1562 bytes]","args":[{"selector":{"controlType":"sap.m.GenericTile","properties":{"header":"Manage Partners"}},"wdio_ui5_key":"sapm.GenericTile{\"header\":\"Manage Partners\"}"}]}
RESULT: {}
RESULT: {"script":"<script> [1562 bytes]","args":[{"selector":{"controlType":"sap.m.GenericTile","properties":{"header":"Manage Partners"}},"wdio_ui5_key":"sapm.GenericTile{\"header\":\"Manage Partners\"}"}]}
RESULT: undefined
COMMAND: POST /session/7410a71b14728fd3846eb83ce69f197f/element - {"using":"xpath","value":"//*[@id=\"__tile38\"]"}
RESULT: {"using":"xpath","value":"//*[@id=\"__tile38\"]"}
COMMAND: POST /session/7410a71b14728fd3846eb83ce69f197f/element/f.86015CA9C3D3DEEAC7F6EBF17DD69AAD.d.41A9522747E02949C376C9DDED0D3829.e.9192/click - {}
RESULT: {}
COMMAND: GET /session/7410a71b14728fd3846eb83ce69f197f/screenshot - {}
RESULT: {}
COMMAND: POST /session/7410a71b14728fd3846eb83ce69f197f/elements - {"using":"xpath","value":"//span[text()='Error']"}
RESULT: {"using":"xpath","value":"//span[text()='Error']"}
COMMAND: POST /session/7410a71b14728fd3846eb83ce69f197f/element - {"using":"xpath","value":"//button[@data-kt=\"addButton\"]"}
RESULT: {"using":"xpath","value":"//button[@data-kt=\"addButton\"]"}
COMMAND: POST /session/7410a71b14728fd3846eb83ce69f197f/elements - {"using":"xpath","value":"//button[@data-kt=\"addButton\"]"}
RESULT: {"using":"xpath","value":"//button[@data-kt=\"addButton\"]"}
COMMAND: POST /session/7410a71b14728fd3846eb83ce69f197f/elements - {"using":"xpath","value":"//button[@data-kt=\"addButton\"]"}
RESULT: {"using":"xpath","value":"//button[@data-kt=\"addButton\"]"}
COMMAND: POST /session/7410a71b14728fd3846eb83ce69f197f/element - {"using":"xpath","value":"//button[@data-kt=\"addButton\"]"}
RESULT: {"using":"xpath","value":"//button[@data-kt=\"addButton\"]"}
COMMAND: POST /session/7410a71b14728fd3846eb83ce69f197f/execute/sync - {"script":"<script> [8489 bytes]","args":[{"element-6066-11e4-a52e-4f735466cecf":"f.86015CA9C3D3DEEAC7F6EBF17DD69AAD.d.41A9522747E02949C376C9DDED0D3829.e.10031","ELEMENT":"f.86015CA9C3D3DEEAC7F6EBF17DD69AAD.d.41A9522747E02949C376C9DDED0D3829.e.10031"}]}
RESULT: {"script":"<script> [8489 bytes]","args":[{"element-6066-11e4-a52e-4f735466cecf":"f.86015CA9C3D3DEEAC7F6EBF17DD69AAD.d.41A9522747E02949C376C9DDED0D3829.e.10031","ELEMENT":"f.86015CA9C3D3DEEAC7F6EBF17DD69AAD.d.41A9522747E02949C376C9DDED0D3829.e.10031"}]}
COMMAND: GET /session/7410a71b14728fd3846eb83ce69f197f/element/f.86015CA9C3D3DEEAC7F6EBF17DD69AAD.d.41A9522747E02949C376C9DDED0D3829.e.10031/enabled - {}
COMMAND: GET /session/7410a71b14728fd3846eb83ce69f197f/screenshot - {}
RESULT: {}
COMMAND: POST /session/7410a71b14728fd3846eb83ce69f197f/execute/sync - {"script":"<script> [8489 bytes]","args":[{"element-6066-11e4-a52e-4f735466cecf":"f.86015CA9C3D3DEEAC7F6EBF17DD69AAD.d.41A9522747E02949C376C9DDED0D3829.e.10031","ELEMENT":"f.86015CA9C3D3DEEAC7F6EBF17DD69AAD.d.41A9522747E02949C376C9DDED0D3829.e.10031"}]}
COMMAND: GET /session/7410a71b14728fd3846eb83ce69f197f/screenshot - {}
RESULT: {}
RESULT: {"script":"<script> [8489 bytes]","args":[{"element-6066-11e4-a52e-4f735466cecf":"f.86015CA9C3D3DEEAC7F6EBF17DD69AAD.d.41A9522747E02949C376C9DDED0D3829.e.10031","ELEMENT":"f.86015CA9C3D3DEEAC7F6EBF17DD69AAD.d.41A9522747E02949C376C9DDED0D3829.e.10031"}]}
COMMAND: POST /session/7410a71b14728fd3846eb83ce69f197f/execute/sync - {"script":"<script> [5351 bytes]","args":[{"element-6066-11e4-a52e-4f735466cecf":"f.86015CA9C3D3DEEAC7F6EBF17DD69AAD.d.41A9522747E02949C376C9DDED0D3829.e.10031","ELEMENT":"f.86015CA9C3D3DEEAC7F6EBF17DD69AAD.d.41A9522747E02949C376C9DDED0D3829.e.10031"}]}
COMMAND: GET /session/7410a71b14728fd3846eb83ce69f197f/screenshot - {}
RESULT: {}
RESULT: {"script":"<script> [5351 bytes]","args":[{"element-6066-11e4-a52e-4f735466cecf":"f.86015CA9C3D3DEEAC7F6EBF17DD69AAD.d.41A9522747E02949C376C9DDED0D3829.e.10031","ELEMENT":"f.86015CA9C3D3DEEAC7F6EBF17DD69AAD.d.41A9522747E02949C376C9DDED0D3829.e.10031"}]}
COMMAND: POST /session/7410a71b14728fd3846eb83ce69f197f/element/f.86015CA9C3D3DEEAC7F6EBF17DD69AAD.d.41A9522747E02949C376C9DDED0D3829.e.10031/click - {}
COMMAND: GET /session/7410a71b14728fd3846eb83ce69f197f/screenshot - {}
RESULT: {}
RESULT: {}
COMMAND: GET /session/7410a71b14728fd3846eb83ce69f197f/screenshot - {}
RESULT: {}
RESULT: {}
COMMAND: POST /session/7410a71b14728fd3846eb83ce69f197f/execute/async - {"script":"<script> [1562 bytes]","args":[{"selector":{"id":"application-managepartners-display-component---NewPartner--addressDetailDetailsName1","interaction":{"idSuffix":"inner"}},"wdio_ui5_key":"applicationmanagepartners-display-component---NewPartner--addressDetailDetailsName1"}]}
RESULT: {"script":"<script> [1562 bytes]","args":[{"selector":{"id":"application-managepartners-display-component---NewPartner--addressDetailDetailsName1","interaction":{"idSuffix":"inner"}},"wdio_ui5_key":"applicationmanagepartners-display-component---NewPartner--addressDetailDetailsName1"}]}
RESULT: undefined
COMMAND: POST /session/7410a71b14728fd3846eb83ce69f197f/execute/async - {"script":"<script> [776 bytes]","args":[{"enterText":"External Partner WDIO","selector":{"id":"application-managepartners-display-component---NewPartner--addressDetailDetailsName1","interaction":{"idSuffix":"inner"}},"clearTextFirst":true,"interactionType":"ENTER_TEXT"}]}
RESULT: {"script":"<script> [776 bytes]","args":[{"enterText":"External Partner WDIO","selector":{"id":"application-managepartners-display-component---NewPartner--addressDetailDetailsName1","interaction":{"idSuffix":"inner"}},"clearTextFirst":true,"interactionType":"ENTER_TEXT"}]}
COMMAND: POST /session/7410a71b14728fd3846eb83ce69f197f/execute/async - {"script":"<script> [1562 bytes]","args":[{"selector":{"id":"application-managepartners-display-component---NewPartner--addressDetailDetailsLanguage-arrow"},"wdio_ui5_key":"applicationmanagepartners-display-component---NewPartner--addressDetailDetailsLanguage-arrow"}]}
RESULT: {"script":"<script> [1562 bytes]","args":[{"selector":{"id":"application-managepartners-display-component---NewPartner--addressDetailDetailsLanguage-arrow"},"wdio_ui5_key":"applicationmanagepartners-display-component---NewPartner--addressDetailDetailsLanguage-arrow"}]}
RESULT: undefined
COMMAND: POST /session/7410a71b14728fd3846eb83ce69f197f/element - {"using":"xpath","value":"//*[@id=\"application-managepartners-display-component---NewPartner--addressDetailDetailsLanguage-arrow\"]"}
RESULT: {"using":"xpath","value":"//*[@id=\"application-managepartners-display-component---NewPartner--addressDetailDetailsLanguage-arrow\"]"}
COMMAND: POST /session/7410a71b14728fd3846eb83ce69f197f/element/f.86015CA9C3D3DEEAC7F6EBF17DD69AAD.d.41A9522747E02949C376C9DDED0D3829.e.10483/click - {}
RESULT: {}
COMMAND: POST /session/7410a71b14728fd3846eb83ce69f197f/element - {"using":"xpath","value":"//span[contains(text(), \"English\")]"}
COMMAND: GET /session/7410a71b14728fd3846eb83ce69f197f/screenshot - {}
RESULT: {"using":"xpath","value":"//span[contains(text(), \"English\")]"}
COMMAND: POST /session/7410a71b14728fd3846eb83ce69f197f/element/f.86015CA9C3D3DEEAC7F6EBF17DD69AAD.d.41A9522747E02949C376C9DDED0D3829.e.10484/click - {}
RESULT: {}
RESULT: {}
COMMAND: GET /session/7410a71b14728fd3846eb83ce69f197f/screenshot - {}
RESULT: {}
COMMAND: POST /session/7410a71b14728fd3846eb83ce69f197f/execute/async - {"script":"<script> [1562 bytes]","args":[{"selector":{"id":"application-managepartners-display-component---NewPartner--addressDetailDetailsCity1","interaction":{"idSuffix":"inner"}},"wdio_ui5_key":"applicationmanagepartners-display-component---NewPartner--addressDetailDetailsCity1"}]}
RESULT: {"script":"<script> [1562 bytes]","args":[{"selector":{"id":"application-managepartners-display-component---NewPartner--addressDetailDetailsCity1","interaction":{"idSuffix":"inner"}},"wdio_ui5_key":"applicationmanagepartners-display-component---NewPartner--addressDetailDetailsCity1"}]}
RESULT: undefined
COMMAND: POST /session/7410a71b14728fd3846eb83ce69f197f/execute/async - {"script":"<script> [776 bytes]","args":[{"enterText":"Rosario","selector":{"id":"application-managepartners-display-component---NewPartner--addressDetailDetailsCity1","interaction":{"idSuffix":"inner"}},"clearTextFirst":true,"interactionType":"ENTER_TEXT"}]}
RESULT: {"script":"<script> [776 bytes]","args":[{"enterText":"Rosario","selector":{"id":"application-managepartners-display-component---NewPartner--addressDetailDetailsCity1","interaction":{"idSuffix":"inner"}},"clearTextFirst":true,"interactionType":"ENTER_TEXT"}]}
COMMAND: POST /session/7410a71b14728fd3846eb83ce69f197f/execute/async - {"script":"<script> [1562 bytes]","args":[{"selector":{"id":"application-managepartners-display-component---NewPartner--addressDetailDetailsCountry-arrow"},"wdio_ui5_key":"applicationmanagepartners-display-component---NewPartner--addressDetailDetailsCountry-arrow"}]}
RESULT: {"script":"<script> [1562 bytes]","args":[{"selector":{"id":"application-managepartners-display-component---NewPartner--addressDetailDetailsCountry-arrow"},"wdio_ui5_key":"applicationmanagepartners-display-component---NewPartner--addressDetailDetailsCountry-arrow"}]}
RESULT: undefined
COMMAND: POST /session/7410a71b14728fd3846eb83ce69f197f/element - {"using":"xpath","value":"//*[@id=\"application-managepartners-display-component---NewPartner--addressDetailDetailsCountry-arrow\"]"}
RESULT: {"using":"xpath","value":"//*[@id=\"application-managepartners-display-component---NewPartner--addressDetailDetailsCountry-arrow\"]"}
COMMAND: POST /session/7410a71b14728fd3846eb83ce69f197f/element/f.86015CA9C3D3DEEAC7F6EBF17DD69AAD.d.41A9522747E02949C376C9DDED0D3829.e.10458/click - {}
RESULT: {}
COMMAND: POST /session/7410a71b14728fd3846eb83ce69f197f/element - {"using":"xpath","value":"//span[contains(text(), \"Argentina\")]"}
COMMAND: GET /session/7410a71b14728fd3846eb83ce69f197f/screenshot - {}
RESULT: {"using":"xpath","value":"//span[contains(text(), \"Argentina\")]"}
COMMAND: POST /session/7410a71b14728fd3846eb83ce69f197f/element/f.86015CA9C3D3DEEAC7F6EBF17DD69AAD.d.41A9522747E02949C376C9DDED0D3829.e.10486/click - {}
RESULT: {}
RESULT: {}
COMMAND: GET /session/7410a71b14728fd3846eb83ce69f197f/screenshot - {}
RESULT: {}
COMMAND: POST /session/7410a71b14728fd3846eb83ce69f197f/element - {"using":"xpath","value":"//bdi[contains(text(), \"Commercial\")]"}
RESULT: {"using":"xpath","value":"//bdi[contains(text(), \"Commercial\")]"}
COMMAND: POST /session/7410a71b14728fd3846eb83ce69f197f/element/f.86015CA9C3D3DEEAC7F6EBF17DD69AAD.d.41A9522747E02949C376C9DDED0D3829.e.10487/click - {}
RESULT: {}
COMMAND: GET /session/7410a71b14728fd3846eb83ce69f197f/screenshot - {}
RESULT: {}
COMMAND: POST /session/7410a71b14728fd3846eb83ce69f197f/execute/async - {"script":"<script> [1562 bytes]","args":[{"selector":{"id":"application-managepartners-display-component---NewPartner--partnerDetailInternal-arrow"},"wdio_ui5_key":"applicationmanagepartners-display-component---NewPartner--partnerDetailInternal-arrow"}]}
RESULT: {"script":"<script> [1562 bytes]","args":[{"selector":{"id":"application-managepartners-display-component---NewPartner--partnerDetailInternal-arrow"},"wdio_ui5_key":"applicationmanagepartners-display-component---NewPartner--partnerDetailInternal-arrow"}]}
RESULT: undefined
COMMAND: POST /session/7410a71b14728fd3846eb83ce69f197f/element - {"using":"xpath","value":"//*[@id=\"application-managepartners-display-component---NewPartner--partnerDetailInternal-arrow\"]"}
RESULT: {"using":"xpath","value":"//*[@id=\"application-managepartners-display-component---NewPartner--partnerDetailInternal-arrow\"]"}
COMMAND: POST /session/7410a71b14728fd3846eb83ce69f197f/element/f.86015CA9C3D3DEEAC7F6EBF17DD69AAD.d.41A9522747E02949C376C9DDED0D3829.e.10493/click - {}
RESULT: {}
COMMAND: POST /session/7410a71b14728fd3846eb83ce69f197f/element - {"using":"xpath","value":"//span[contains(text(), \"External partner\")]"}
COMMAND: GET /session/7410a71b14728fd3846eb83ce69f197f/screenshot - {}
RESULT: {"using":"xpath","value":"//span[contains(text(), \"External partner\")]"}
COMMAND: POST /session/7410a71b14728fd3846eb83ce69f197f/element/f.86015CA9C3D3DEEAC7F6EBF17DD69AAD.d.41A9522747E02949C376C9DDED0D3829.e.10494/click - {}
RESULT: {}
RESULT: {}
COMMAND: POST /session/7410a71b14728fd3846eb83ce69f197f/execute/async - {"script":"<script> [1562 bytes]","args":[{"selector":{"id":"application-managepartners-display-component---NewPartner--partnerDetailsCurrency-arrow"},"wdio_ui5_key":"applicationmanagepartners-display-component---NewPartner--partnerDetailsCurrency-arrow"}]}
COMMAND: GET /session/7410a71b14728fd3846eb83ce69f197f/screenshot - {}
RESULT: {"script":"<script> [1562 bytes]","args":[{"selector":{"id":"application-managepartners-display-component---NewPartner--partnerDetailsCurrency-arrow"},"wdio_ui5_key":"applicationmanagepartners-display-component---NewPartner--partnerDetailsCurrency-arrow"}]}
RESULT: undefined
COMMAND: POST /session/7410a71b14728fd3846eb83ce69f197f/element - {"using":"xpath","value":"//*[@id=\"application-managepartners-display-component---NewPartner--partnerDetailsCurrency-arrow\"]"}
RESULT: {}
RESULT: {"using":"xpath","value":"//*[@id=\"application-managepartners-display-component---NewPartner--partnerDetailsCurrency-arrow\"]"}
COMMAND: POST /session/7410a71b14728fd3846eb83ce69f197f/element/f.86015CA9C3D3DEEAC7F6EBF17DD69AAD.d.41A9522747E02949C376C9DDED0D3829.e.10499/click - {}
RESULT: {}
COMMAND: POST /session/7410a71b14728fd3846eb83ce69f197f/element - {"using":"xpath","value":"//span[contains(text(), \"US Dollar\")]"}
COMMAND: GET /session/7410a71b14728fd3846eb83ce69f197f/screenshot - {}
RESULT: {}
RESULT: {"using":"xpath","value":"//span[contains(text(), \"US Dollar\")]"}
COMMAND: POST /session/7410a71b14728fd3846eb83ce69f197f/element/f.86015CA9C3D3DEEAC7F6EBF17DD69AAD.d.41A9522747E02949C376C9DDED0D3829.e.10500/click - {}
RESULT: {}
COMMAND: GET /session/7410a71b14728fd3846eb83ce69f197f/screenshot - {}
RESULT: {}
COMMAND: POST /session/7410a71b14728fd3846eb83ce69f197f/element - {"using":"xpath","value":"//input[@id=\"application-managepartners-display-component---NewPartner--companyCodeComboBox-inner\"]"}
RESULT: {"using":"xpath","value":"//input[@id=\"application-managepartners-display-component---NewPartner--companyCodeComboBox-inner\"]"}
COMMAND: POST /session/7410a71b14728fd3846eb83ce69f197f/element/f.86015CA9C3D3DEEAC7F6EBF17DD69AAD.d.41A9522747E02949C376C9DDED0D3829.e.10396/clear - {}
RESULT: {}
COMMAND: POST /session/7410a71b14728fd3846eb83ce69f197f/element/f.86015CA9C3D3DEEAC7F6EBF17DD69AAD.d.41A9522747E02949C376C9DDED0D3829.e.10396/value - {"text":"C002"}
COMMAND: GET /session/7410a71b14728fd3846eb83ce69f197f/screenshot - {}
RESULT: {"text":"C002"}
COMMAND: GET /session/7410a71b14728fd3846eb83ce69f197f/screenshot - {}
RESULT: {}
RESULT: {}
COMMAND: POST /session/7410a71b14728fd3846eb83ce69f197f/element - {"using":"xpath","value":"//li[.//span[text()= \"C002\"]]"}
RESULT: {"using":"xpath","value":"//li[.//span[text()= \"C002\"]]"}
COMMAND: POST /session/7410a71b14728fd3846eb83ce69f197f/element/f.86015CA9C3D3DEEAC7F6EBF17DD69AAD.d.41A9522747E02949C376C9DDED0D3829.e.10504/click - {}
RESULT: {}
COMMAND: GET /session/7410a71b14728fd3846eb83ce69f197f/screenshot - {}
RESULT: {}
COMMAND: POST /session/7410a71b14728fd3846eb83ce69f197f/execute/async - {"script":"<script> [1562 bytes]","args":[{"selector":{"id":"application-managepartners-display-component---NewPartner--btnAddTableRow-img"},"wdio_ui5_key":"applicationmanagepartners-display-component---NewPartner--btnAddTableRow-img"}]}
RESULT: {"script":"<script> [1562 bytes]","args":[{"selector":{"id":"application-managepartners-display-component---NewPartner--btnAddTableRow-img"},"wdio_ui5_key":"applicationmanagepartners-display-component---NewPartner--btnAddTableRow-img"}]}
RESULT: undefined
COMMAND: POST /session/7410a71b14728fd3846eb83ce69f197f/element - {"using":"xpath","value":"//*[@id=\"application-managepartners-display-component---NewPartner--btnAddTableRow-img\"]"}
RESULT: {"using":"xpath","value":"//*[@id=\"application-managepartners-display-component---NewPartner--btnAddTableRow-img\"]"}
COMMAND: POST /session/7410a71b14728fd3846eb83ce69f197f/element/f.86015CA9C3D3DEEAC7F6EBF17DD69AAD.d.41A9522747E02949C376C9DDED0D3829.e.10505/click - {}
RESULT: {}
COMMAND: GET /session/7410a71b14728fd3846eb83ce69f197f/screenshot - {}
RESULT: {}
COMMAND: POST /session/7410a71b14728fd3846eb83ce69f197f/element - {"using":"xpath","value":"//input[@id=\"application-managepartners-display-component---NewPartner--assignmentYard-application-managepartners-display-component---NewPartner--assignmentsTable-0-inner\"]"}
RESULT: {"using":"xpath","value":"//input[@id=\"application-managepartners-display-component---NewPartner--assignmentYard-application-managepartners-display-component---NewPartner--assignmentsTable-0-inner\"]"}
COMMAND: POST /session/7410a71b14728fd3846eb83ce69f197f/element/f.86015CA9C3D3DEEAC7F6EBF17DD69AAD.d.41A9522747E02949C376C9DDED0D3829.e.10508/clear - {}
RESULT: {}
COMMAND: POST /session/7410a71b14728fd3846eb83ce69f197f/element/f.86015CA9C3D3DEEAC7F6EBF17DD69AAD.d.41A9522747E02949C376C9DDED0D3829.e.10508/value - {"text":"261"}
COMMAND: GET /session/7410a71b14728fd3846eb83ce69f197f/screenshot - {}
RESULT: {"text":"261"}
COMMAND: GET /session/7410a71b14728fd3846eb83ce69f197f/screenshot - {}
RESULT: {}
RESULT: {}
COMMAND: POST /session/7410a71b14728fd3846eb83ce69f197f/element - {"using":"xpath","value":"//li[.//span[text()='261']]"}
RESULT: {"using":"xpath","value":"//li[.//span[text()='261']]"}
COMMAND: POST /session/7410a71b14728fd3846eb83ce69f197f/element/f.86015CA9C3D3DEEAC7F6EBF17DD69AAD.d.41A9522747E02949C376C9DDED0D3829.e.10516/click - {}
RESULT: {}
COMMAND: GET /session/7410a71b14728fd3846eb83ce69f197f/screenshot - {}
RESULT: {}
COMMAND: POST /session/7410a71b14728fd3846eb83ce69f197f/actions - {"actions":[{"id":"action27","type":"key","parameters":{},"actions":[{"type":"keyDown","value":""},{"type":"pause","duration":10},{"type":"keyUp","value":""}]}]}
RESULT: {"actions":[{"id":"action27","type":"key","parameters":{},"actions":[{"type":"keyDown","value":""},{"type":"pause","duration":10},{"type":"keyUp","value":""}]}]}
COMMAND: POST /session/7410a71b14728fd3846eb83ce69f197f/element - {"using":"xpath","value":"//td[contains(@id, \"assignmentsTable-0-cell2\")]/div/div"}
COMMAND: GET /session/7410a71b14728fd3846eb83ce69f197f/screenshot - {}
RESULT: {"using":"xpath","value":"//td[contains(@id, \"assignmentsTable-0-cell2\")]/div/div"}
COMMAND: POST /session/7410a71b14728fd3846eb83ce69f197f/element/f.86015CA9C3D3DEEAC7F6EBF17DD69AAD.d.41A9522747E02949C376C9DDED0D3829.e.10519/click - {}
RESULT: {}
RESULT: {}
COMMAND: GET /session/7410a71b14728fd3846eb83ce69f197f/screenshot - {}
RESULT: {}
COMMAND: POST /session/7410a71b14728fd3846eb83ce69f197f/element - {"using":"xpath","value":"//button[@data-kt=\"saveButton\"]"}
RESULT: {"using":"xpath","value":"//button[@data-kt=\"saveButton\"]"}
COMMAND: POST /session/7410a71b14728fd3846eb83ce69f197f/element/f.86015CA9C3D3DEEAC7F6EBF17DD69AAD.d.41A9522747E02949C376C9DDED0D3829.e.10460/click - {}
RESULT: {}
COMMAND: GET /session/7410a71b14728fd3846eb83ce69f197f/screenshot - {}
RESULT: {}
COMMAND: POST /session/7410a71b14728fd3846eb83ce69f197f/element - {"using":"xpath","value":"//header[contains(@id, 'ObjectPageLayout-headerTitle')]/div[1]/div[2]/div[2]/span[1]"}
RESULT: {"using":"xpath","value":"//header[contains(@id, 'ObjectPageLayout-headerTitle')]/div[1]/div[2]/div[2]/span[1]"}
COMMAND: POST /session/7410a71b14728fd3846eb83ce69f197f/elements - {"using":"xpath","value":"//header[contains(@id, 'ObjectPageLayout-headerTitle')]/div[1]/div[2]/div[2]/span[1]"}
RESULT: {"using":"xpath","value":"//header[contains(@id, 'ObjectPageLayout-headerTitle')]/div[1]/div[2]/div[2]/span[1]"}
COMMAND: POST /session/7410a71b14728fd3846eb83ce69f197f/execute/sync - {"script":"<script> [56 bytes]","args":[{"element-6066-11e4-a52e-4f735466cecf":"f.86015CA9C3D3DEEAC7F6EBF17DD69AAD.d.41A9522747E02949C376C9DDED0D3829.e.10680","ELEMENT":"f.86015CA9C3D3DEEAC7F6EBF17DD69AAD.d.41A9522747E02949C376C9DDED0D3829.e.10680"}]}
RESULT: {"script":"<script> [56 bytes]","args":[{"element-6066-11e4-a52e-4f735466cecf":"f.86015CA9C3D3DEEAC7F6EBF17DD69AAD.d.41A9522747E02949C376C9DDED0D3829.e.10680","ELEMENT":"f.86015CA9C3D3DEEAC7F6EBF17DD69AAD.d.41A9522747E02949C376C9DDED0D3829.e.10680"}]}
COMMAND: POST /session/7410a71b14728fd3846eb83ce69f197f/element - {"using":"css selector","value":"#shell-header-logo"}
COMMAND: GET /session/7410a71b14728fd3846eb83ce69f197f/screenshot - {}
RESULT: {"using":"css selector","value":"#shell-header-logo"}
COMMAND: POST /session/7410a71b14728fd3846eb83ce69f197f/element/f.86015CA9C3D3DEEAC7F6EBF17DD69AAD.d.41A9522747E02949C376C9DDED0D3829.e.9997/click - {}
RESULT: {}
RESULT: {}
COMMAND: GET /session/7410a71b14728fd3846eb83ce69f197f/screenshot - {}
RESULT: {}
COMMAND: POST /session/7410a71b14728fd3846eb83ce69f197f/execute/sync - {"script":"<script> [299 bytes]","args":[["getModel","getResource"]]}
RESULT: {"script":"<script> [299 bytes]","args":[["getModel","getResource"]]}
COMMAND: GET /session/7410a71b14728fd3846eb83ce69f197f/screenshot - {}
]]></system-out>
    </testcase>
    <testcase classname="chrome.136_0_7103_93.windows.Create_partner_US118246" name="Should create a new yard in case create yard failed" time="127.357">
      <system-out><![CDATA[
RESULT: undefined
COMMAND: POST /session/7410a71b14728fd3846eb83ce69f197f/element - {"using":"xpath","value":"//*[@id=\"__tile41\"]"}
RESULT: {}
RESULT: {"using":"xpath","value":"//*[@id=\"__tile41\"]"}
COMMAND: POST /session/7410a71b14728fd3846eb83ce69f197f/element/f.86015CA9C3D3DEEAC7F6EBF17DD69AAD.d.41A9522747E02949C376C9DDED0D3829.e.9201/click - {}
RESULT: {}
COMMAND: GET /session/7410a71b14728fd3846eb83ce69f197f/screenshot - {}
RESULT: {}
COMMAND: POST /session/7410a71b14728fd3846eb83ce69f197f/elements - {"using":"xpath","value":"//span[text()='Error']"}
RESULT: {"using":"xpath","value":"//span[text()='Error']"}
COMMAND: POST /session/7410a71b14728fd3846eb83ce69f197f/element - {"using":"xpath","value":"//button[@data-kt=\"addNewYardOverflowToolbarButton\"]"}
RESULT: {"using":"xpath","value":"//button[@data-kt=\"addNewYardOverflowToolbarButton\"]"}
COMMAND: POST /session/7410a71b14728fd3846eb83ce69f197f/elements - {"using":"xpath","value":"//button[@data-kt=\"addNewYardOverflowToolbarButton\"]"}
RESULT: {"using":"xpath","value":"//button[@data-kt=\"addNewYardOverflowToolbarButton\"]"}
COMMAND: POST /session/7410a71b14728fd3846eb83ce69f197f/execute/sync - {"script":"<script> [8489 bytes]","args":[{"element-6066-11e4-a52e-4f735466cecf":"f.86015CA9C3D3DEEAC7F6EBF17DD69AAD.d.41A9522747E02949C376C9DDED0D3829.e.10716","ELEMENT":"f.86015CA9C3D3DEEAC7F6EBF17DD69AAD.d.41A9522747E02949C376C9DDED0D3829.e.10716"}]}
RESULT: {"script":"<script> [8489 bytes]","args":[{"element-6066-11e4-a52e-4f735466cecf":"f.86015CA9C3D3DEEAC7F6EBF17DD69AAD.d.41A9522747E02949C376C9DDED0D3829.e.10716","ELEMENT":"f.86015CA9C3D3DEEAC7F6EBF17DD69AAD.d.41A9522747E02949C376C9DDED0D3829.e.10716"}]}
COMMAND: GET /session/7410a71b14728fd3846eb83ce69f197f/element/f.86015CA9C3D3DEEAC7F6EBF17DD69AAD.d.41A9522747E02949C376C9DDED0D3829.e.10716/enabled - {}
COMMAND: GET /session/7410a71b14728fd3846eb83ce69f197f/screenshot - {}
RESULT: {}
COMMAND: POST /session/7410a71b14728fd3846eb83ce69f197f/execute/sync - {"script":"<script> [8489 bytes]","args":[{"element-6066-11e4-a52e-4f735466cecf":"f.86015CA9C3D3DEEAC7F6EBF17DD69AAD.d.41A9522747E02949C376C9DDED0D3829.e.10716","ELEMENT":"f.86015CA9C3D3DEEAC7F6EBF17DD69AAD.d.41A9522747E02949C376C9DDED0D3829.e.10716"}]}
COMMAND: GET /session/7410a71b14728fd3846eb83ce69f197f/screenshot - {}
RESULT: {}
RESULT: {"script":"<script> [8489 bytes]","args":[{"element-6066-11e4-a52e-4f735466cecf":"f.86015CA9C3D3DEEAC7F6EBF17DD69AAD.d.41A9522747E02949C376C9DDED0D3829.e.10716","ELEMENT":"f.86015CA9C3D3DEEAC7F6EBF17DD69AAD.d.41A9522747E02949C376C9DDED0D3829.e.10716"}]}
COMMAND: POST /session/7410a71b14728fd3846eb83ce69f197f/execute/sync - {"script":"<script> [5351 bytes]","args":[{"element-6066-11e4-a52e-4f735466cecf":"f.86015CA9C3D3DEEAC7F6EBF17DD69AAD.d.41A9522747E02949C376C9DDED0D3829.e.10716","ELEMENT":"f.86015CA9C3D3DEEAC7F6EBF17DD69AAD.d.41A9522747E02949C376C9DDED0D3829.e.10716"}]}
COMMAND: GET /session/7410a71b14728fd3846eb83ce69f197f/screenshot - {}
RESULT: {}
RESULT: {"script":"<script> [5351 bytes]","args":[{"element-6066-11e4-a52e-4f735466cecf":"f.86015CA9C3D3DEEAC7F6EBF17DD69AAD.d.41A9522747E02949C376C9DDED0D3829.e.10716","ELEMENT":"f.86015CA9C3D3DEEAC7F6EBF17DD69AAD.d.41A9522747E02949C376C9DDED0D3829.e.10716"}]}
COMMAND: POST /session/7410a71b14728fd3846eb83ce69f197f/element/f.86015CA9C3D3DEEAC7F6EBF17DD69AAD.d.41A9522747E02949C376C9DDED0D3829.e.10716/click - {}
COMMAND: GET /session/7410a71b14728fd3846eb83ce69f197f/screenshot - {}
RESULT: {}
RESULT: {}
COMMAND: GET /session/7410a71b14728fd3846eb83ce69f197f/screenshot - {}
COMMAND: POST /session/7410a71b14728fd3846eb83ce69f197f/element - {"using":"xpath","value":"//input[@id=\"application-manageyards-display-component---NewYard--yardId-inner\"]"}
RESULT: {}
RESULT: {}
RESULT: {"using":"xpath","value":"//input[@id=\"application-manageyards-display-component---NewYard--yardId-inner\"]"}
COMMAND: POST /session/7410a71b14728fd3846eb83ce69f197f/element - {"using":"xpath","value":"//input[@id=\"application-manageyards-display-component---NewYard--yardId-inner\"]"}
RESULT: {"using":"xpath","value":"//input[@id=\"application-manageyards-display-component---NewYard--yardId-inner\"]"}
RESULT: undefined
COMMAND: POST /session/7410a71b14728fd3846eb83ce69f197f/execute/async - {"script":"<script> [776 bytes]","args":[{"enterText":"Warehouse Managed WDIO","selector":{"id":"application-manageyards-display-component---NewYard--addressDetailDetailsName1","interaction":{"idSuffix":"inner"}},"clearTextFirst":true,"interactionType":"ENTER_TEXT"}]}
RESULT: {"script":"<script> [776 bytes]","args":[{"enterText":"Warehouse Managed WDIO","selector":{"id":"application-manageyards-display-component---NewYard--addressDetailDetailsName1","interaction":{"idSuffix":"inner"}},"clearTextFirst":true,"interactionType":"ENTER_TEXT"}]}
RESULT: undefined
COMMAND: POST /session/7410a71b14728fd3846eb83ce69f197f/element - {"using":"xpath","value":"//*[@id=\"application-manageyards-display-component---NewYard--addressDetailDetailsLanguage-arrow\"]"}
RESULT: {"using":"xpath","value":"//*[@id=\"application-manageyards-display-component---NewYard--addressDetailDetailsLanguage-arrow\"]"}
COMMAND: POST /session/7410a71b14728fd3846eb83ce69f197f/element/f.86015CA9C3D3DEEAC7F6EBF17DD69AAD.d.41A9522747E02949C376C9DDED0D3829.e.11151/click - {}
RESULT: {}
COMMAND: POST /session/7410a71b14728fd3846eb83ce69f197f/element - {"using":"xpath","value":"//span[contains(text(), \"English\")]"}
COMMAND: GET /session/7410a71b14728fd3846eb83ce69f197f/screenshot - {}
RESULT: {"using":"xpath","value":"//span[contains(text(), \"English\")]"}
COMMAND: POST /session/7410a71b14728fd3846eb83ce69f197f/element/f.86015CA9C3D3DEEAC7F6EBF17DD69AAD.d.41A9522747E02949C376C9DDED0D3829.e.11152/click - {}
RESULT: {}
RESULT: {}
RESULT: undefined
COMMAND: POST /session/7410a71b14728fd3846eb83ce69f197f/execute/async - {"script":"<script> [776 bytes]","args":[{"enterText":"Rosario","selector":{"id":"application-manageyards-display-component---NewYard--addressDetailDetailsCity1","interaction":{"idSuffix":"inner"}},"clearTextFirst":true,"interactionType":"ENTER_TEXT"}]}
COMMAND: GET /session/7410a71b14728fd3846eb83ce69f197f/screenshot - {}
RESULT: {"script":"<script> [776 bytes]","args":[{"enterText":"Rosario","selector":{"id":"application-manageyards-display-component---NewYard--addressDetailDetailsCity1","interaction":{"idSuffix":"inner"}},"clearTextFirst":true,"interactionType":"ENTER_TEXT"}]}
RESULT: undefined
COMMAND: POST /session/7410a71b14728fd3846eb83ce69f197f/element - {"using":"xpath","value":"//*[@id=\"application-manageyards-display-component---NewYard--addressDetailDetailsCountry-arrow\"]"}
RESULT: {}
RESULT: {"using":"xpath","value":"//*[@id=\"application-manageyards-display-component---NewYard--addressDetailDetailsCountry-arrow\"]"}
COMMAND: POST /session/7410a71b14728fd3846eb83ce69f197f/element/f.86015CA9C3D3DEEAC7F6EBF17DD69AAD.d.41A9522747E02949C376C9DDED0D3829.e.11153/click - {}
RESULT: {}
COMMAND: POST /session/7410a71b14728fd3846eb83ce69f197f/element - {"using":"xpath","value":"//span[contains(text(), \"Argentina\")]"}
COMMAND: GET /session/7410a71b14728fd3846eb83ce69f197f/screenshot - {}
RESULT: {"using":"xpath","value":"//span[contains(text(), \"Argentina\")]"}
COMMAND: POST /session/7410a71b14728fd3846eb83ce69f197f/element/f.86015CA9C3D3DEEAC7F6EBF17DD69AAD.d.41A9522747E02949C376C9DDED0D3829.e.11155/click - {}
RESULT: {}
RESULT: {}
RESULT: undefined
COMMAND: POST /session/7410a71b14728fd3846eb83ce69f197f/element - {"using":"xpath","value":"//*[@id=\"application-manageyards-display-component---NewYard--addressEditDetailsCostObjectCstType-arrow\"]"}
COMMAND: GET /session/7410a71b14728fd3846eb83ce69f197f/screenshot - {}
RESULT: {"using":"xpath","value":"//*[@id=\"application-manageyards-display-component---NewYard--addressEditDetailsCostObjectCstType-arrow\"]"}
COMMAND: POST /session/7410a71b14728fd3846eb83ce69f197f/element/f.86015CA9C3D3DEEAC7F6EBF17DD69AAD.d.41A9522747E02949C376C9DDED0D3829.e.11156/click - {}
RESULT: {}
RESULT: {}
COMMAND: POST /session/7410a71b14728fd3846eb83ce69f197f/element - {"using":"xpath","value":"//span[contains(text(), \"Cost Center\")]"}
COMMAND: GET /session/7410a71b14728fd3846eb83ce69f197f/screenshot - {}
RESULT: {"using":"xpath","value":"//span[contains(text(), \"Cost Center\")]"}
COMMAND: POST /session/7410a71b14728fd3846eb83ce69f197f/element/f.86015CA9C3D3DEEAC7F6EBF17DD69AAD.d.41A9522747E02949C376C9DDED0D3829.e.11157/click - {}
RESULT: {}
RESULT: {}
COMMAND: GET /session/7410a71b14728fd3846eb83ce69f197f/screenshot - {}
RESULT: {}
COMMAND: POST /session/7410a71b14728fd3846eb83ce69f197f/element - {"using":"xpath","value":"//span[@id=\"application-manageyards-display-component---NewYard--addressNewCostObjectCstID-vhi\"]"}
RESULT: {"using":"xpath","value":"//span[@id=\"application-manageyards-display-component---NewYard--addressNewCostObjectCstID-vhi\"]"}
COMMAND: POST /session/7410a71b14728fd3846eb83ce69f197f/execute/sync - {"script":"<script> [8489 bytes]","args":[{"element-6066-11e4-a52e-4f735466cecf":"f.86015CA9C3D3DEEAC7F6EBF17DD69AAD.d.41A9522747E02949C376C9DDED0D3829.e.11161","ELEMENT":"f.86015CA9C3D3DEEAC7F6EBF17DD69AAD.d.41A9522747E02949C376C9DDED0D3829.e.11161"}]}
RESULT: {"script":"<script> [8489 bytes]","args":[{"element-6066-11e4-a52e-4f735466cecf":"f.86015CA9C3D3DEEAC7F6EBF17DD69AAD.d.41A9522747E02949C376C9DDED0D3829.e.11161","ELEMENT":"f.86015CA9C3D3DEEAC7F6EBF17DD69AAD.d.41A9522747E02949C376C9DDED0D3829.e.11161"}]}
RESULT: undefined
COMMAND: POST /session/7410a71b14728fd3846eb83ce69f197f/element - {"using":"xpath","value":"//*[@id=\"application-manageyards-display-component---NewYard--addressNewCostObjectCstID-vhi\"]"}
COMMAND: GET /session/7410a71b14728fd3846eb83ce69f197f/screenshot - {}
RESULT: {"using":"xpath","value":"//*[@id=\"application-manageyards-display-component---NewYard--addressNewCostObjectCstID-vhi\"]"}
COMMAND: POST /session/7410a71b14728fd3846eb83ce69f197f/element/f.86015CA9C3D3DEEAC7F6EBF17DD69AAD.d.41A9522747E02949C376C9DDED0D3829.e.11161/click - {}
RESULT: {}
RESULT: {}
COMMAND: GET /session/7410a71b14728fd3846eb83ce69f197f/screenshot - {}
RESULT: {}
RESULT: undefined
COMMAND: POST /session/7410a71b14728fd3846eb83ce69f197f/execute/async - {"script":"<script> [776 bytes]","args":[{"enterText":"bauh_b","selector":{"controlType":"sap.m.SearchField","properties":{"placeholder":"Search"},"searchOpenDialogs":true,"interaction":{"idSuffix":"I"}},"clearTextFirst":true,"interactionType":"ENTER_TEXT"}]}
RESULT: {"script":"<script> [776 bytes]","args":[{"enterText":"bauh_b","selector":{"controlType":"sap.m.SearchField","properties":{"placeholder":"Search"},"searchOpenDialogs":true,"interaction":{"idSuffix":"I"}},"clearTextFirst":true,"interactionType":"ENTER_TEXT"}]}
COMMAND: POST /session/7410a71b14728fd3846eb83ce69f197f/actions - {"actions":[{"id":"action28","type":"key","parameters":{},"actions":[{"type":"keyDown","value":""},{"type":"pause","duration":10},{"type":"keyUp","value":""}]}]}
RESULT: {"actions":[{"id":"action28","type":"key","parameters":{},"actions":[{"type":"keyDown","value":""},{"type":"pause","duration":10},{"type":"keyUp","value":""}]}]}
COMMAND: GET /session/7410a71b14728fd3846eb83ce69f197f/screenshot - {}
RESULT: {}
COMMAND: POST /session/7410a71b14728fd3846eb83ce69f197f/element - {"using":"xpath","value":"//span[contains(text(), \"Demo Yard\")]"}
RESULT: {"using":"xpath","value":"//span[contains(text(), \"Demo Yard\")]"}
COMMAND: POST /session/7410a71b14728fd3846eb83ce69f197f/element/f.86015CA9C3D3DEEAC7F6EBF17DD69AAD.d.41A9522747E02949C376C9DDED0D3829.e.11200/click - {}
RESULT: {}
COMMAND: GET /session/7410a71b14728fd3846eb83ce69f197f/screenshot - {}
RESULT: {}
COMMAND: POST /session/7410a71b14728fd3846eb83ce69f197f/element - {"using":"xpath","value":"//bdi[contains(text(), \"OK\")]"}
RESULT: {"using":"xpath","value":"//bdi[contains(text(), \"OK\")]"}
COMMAND: POST /session/7410a71b14728fd3846eb83ce69f197f/element/f.86015CA9C3D3DEEAC7F6EBF17DD69AAD.d.41A9522747E02949C376C9DDED0D3829.e.11201/click - {}
RESULT: {}
COMMAND: GET /session/7410a71b14728fd3846eb83ce69f197f/screenshot - {}
RESULT: {}
RESULT: undefined
COMMAND: POST /session/7410a71b14728fd3846eb83ce69f197f/element - {"using":"xpath","value":"//*[@id=\"application-manageyards-display-component---NewYard--addressEditDetailsCurrency-arrow\"]"}
RESULT: {"using":"xpath","value":"//*[@id=\"application-manageyards-display-component---NewYard--addressEditDetailsCurrency-arrow\"]"}
COMMAND: POST /session/7410a71b14728fd3846eb83ce69f197f/element/f.86015CA9C3D3DEEAC7F6EBF17DD69AAD.d.41A9522747E02949C376C9DDED0D3829.e.11204/click - {}
RESULT: {}
COMMAND: POST /session/7410a71b14728fd3846eb83ce69f197f/element - {"using":"xpath","value":"//span[contains(text(), \"Euro\")]"}
COMMAND: GET /session/7410a71b14728fd3846eb83ce69f197f/screenshot - {}
RESULT: {"using":"xpath","value":"//span[contains(text(), \"Euro\")]"}
COMMAND: POST /session/7410a71b14728fd3846eb83ce69f197f/element/f.86015CA9C3D3DEEAC7F6EBF17DD69AAD.d.41A9522747E02949C376C9DDED0D3829.e.11205/click - {}
RESULT: {}
RESULT: {}
RESULT: undefined
COMMAND: POST /session/7410a71b14728fd3846eb83ce69f197f/execute/async - {"script":"<script> [776 bytes]","args":[{"enterText":"Z001","selector":{"controlType":"sap.m.Input","viewName":"etm.portal.ui.manageyards.view.New","viewId":"application-manageyards-display-component---NewYard","bindingPath":{"path":"","propertyPath":"/CONTROLLING_AREA","modelName":"NewYardModel"},"interaction":{"idSuffix":"inner"}},"clearTextFirst":true,"interactionType":"ENTER_TEXT"}]}
COMMAND: GET /session/7410a71b14728fd3846eb83ce69f197f/screenshot - {}
RESULT: {"script":"<script> [776 bytes]","args":[{"enterText":"Z001","selector":{"controlType":"sap.m.Input","viewName":"etm.portal.ui.manageyards.view.New","viewId":"application-manageyards-display-component---NewYard","bindingPath":{"path":"","propertyPath":"/CONTROLLING_AREA","modelName":"NewYardModel"},"interaction":{"idSuffix":"inner"}},"clearTextFirst":true,"interactionType":"ENTER_TEXT"}]}
RESULT: undefined
COMMAND: POST /session/7410a71b14728fd3846eb83ce69f197f/execute/async - {"script":"<script> [776 bytes]","args":[{"enterText":"1000","selector":{"id":"application-manageyards-display-component---NewYard--companyCodeComboBox","interaction":{"idSuffix":"inner"}},"clearTextFirst":true,"interactionType":"ENTER_TEXT"}]}
RESULT: {}
RESULT: {"script":"<script> [776 bytes]","args":[{"enterText":"1000","selector":{"id":"application-manageyards-display-component---NewYard--companyCodeComboBox","interaction":{"idSuffix":"inner"}},"clearTextFirst":true,"interactionType":"ENTER_TEXT"}]}
RESULT: undefined
COMMAND: POST /session/7410a71b14728fd3846eb83ce69f197f/execute/async - {"script":"<script> [776 bytes]","args":[{"enterText":"1001","selector":{"controlType":"sap.m.Input","viewName":"etm.portal.ui.manageyards.view.New","viewId":"application-manageyards-display-component---NewYard","bindingPath":{"path":"","propertyPath":"/PLANT","modelName":"NewYardModel"},"interaction":{"idSuffix":"inner"}},"clearTextFirst":true,"interactionType":"ENTER_TEXT"}]}
RESULT: {"script":"<script> [776 bytes]","args":[{"enterText":"1001","selector":{"controlType":"sap.m.Input","viewName":"etm.portal.ui.manageyards.view.New","viewId":"application-manageyards-display-component---NewYard","bindingPath":{"path":"","propertyPath":"/PLANT","modelName":"NewYardModel"},"interaction":{"idSuffix":"inner"}},"clearTextFirst":true,"interactionType":"ENTER_TEXT"}]}
RESULT: undefined
COMMAND: POST /session/7410a71b14728fd3846eb83ce69f197f/execute/async - {"script":"<script> [776 bytes]","args":[{"enterText":"C002","selector":{"controlType":"sap.m.Input","viewName":"etm.portal.ui.manageyards.view.New","viewId":"application-manageyards-display-component---NewYard","bindingPath":{"path":"","propertyPath":"/SALES_AREA_VKORG","modelName":"NewYardModel"},"interaction":{"idSuffix":"inner"}},"clearTextFirst":true,"interactionType":"ENTER_TEXT"}]}
RESULT: {"script":"<script> [776 bytes]","args":[{"enterText":"C002","selector":{"controlType":"sap.m.Input","viewName":"etm.portal.ui.manageyards.view.New","viewId":"application-manageyards-display-component---NewYard","bindingPath":{"path":"","propertyPath":"/SALES_AREA_VKORG","modelName":"NewYardModel"},"interaction":{"idSuffix":"inner"}},"clearTextFirst":true,"interactionType":"ENTER_TEXT"}]}
RESULT: undefined
COMMAND: POST /session/7410a71b14728fd3846eb83ce69f197f/execute/async - {"script":"<script> [776 bytes]","args":[{"enterText":"C2","selector":{"controlType":"sap.m.Input","viewName":"etm.portal.ui.manageyards.view.New","viewId":"application-manageyards-display-component---NewYard","bindingPath":{"path":"","propertyPath":"/SALES_AREA_VTWEG","modelName":"NewYardModel"},"interaction":{"idSuffix":"inner"}},"clearTextFirst":true,"interactionType":"ENTER_TEXT"}]}
RESULT: {"script":"<script> [776 bytes]","args":[{"enterText":"C2","selector":{"controlType":"sap.m.Input","viewName":"etm.portal.ui.manageyards.view.New","viewId":"application-manageyards-display-component---NewYard","bindingPath":{"path":"","propertyPath":"/SALES_AREA_VTWEG","modelName":"NewYardModel"},"interaction":{"idSuffix":"inner"}},"clearTextFirst":true,"interactionType":"ENTER_TEXT"}]}
RESULT: undefined
COMMAND: POST /session/7410a71b14728fd3846eb83ce69f197f/execute/async - {"script":"<script> [776 bytes]","args":[{"enterText":"C2","selector":{"controlType":"sap.m.Input","viewName":"etm.portal.ui.manageyards.view.New","viewId":"application-manageyards-display-component---NewYard","bindingPath":{"path":"","propertyPath":"/SALES_AREA_SPART","modelName":"NewYardModel"},"interaction":{"idSuffix":"inner"}},"clearTextFirst":true,"interactionType":"ENTER_TEXT"}]}
RESULT: {"script":"<script> [776 bytes]","args":[{"enterText":"C2","selector":{"controlType":"sap.m.Input","viewName":"etm.portal.ui.manageyards.view.New","viewId":"application-manageyards-display-component---NewYard","bindingPath":{"path":"","propertyPath":"/SALES_AREA_SPART","modelName":"NewYardModel"},"interaction":{"idSuffix":"inner"}},"clearTextFirst":true,"interactionType":"ENTER_TEXT"}]}
RESULT: undefined
COMMAND: POST /session/7410a71b14728fd3846eb83ce69f197f/execute/async - {"script":"<script> [776 bytes]","args":[{"enterText":"1710","selector":{"controlType":"sap.m.Input","viewName":"etm.portal.ui.manageyards.view.New","viewId":"application-manageyards-display-component---NewYard","bindingPath":{"path":"","propertyPath":"/SHIP_POINT","modelName":"NewYardModel"},"interaction":{"idSuffix":"inner"}},"clearTextFirst":true,"interactionType":"ENTER_TEXT"}]}
RESULT: {"script":"<script> [776 bytes]","args":[{"enterText":"1710","selector":{"controlType":"sap.m.Input","viewName":"etm.portal.ui.manageyards.view.New","viewId":"application-manageyards-display-component---NewYard","bindingPath":{"path":"","propertyPath":"/SHIP_POINT","modelName":"NewYardModel"},"interaction":{"idSuffix":"inner"}},"clearTextFirst":true,"interactionType":"ENTER_TEXT"}]}
RESULT: undefined
COMMAND: POST /session/7410a71b14728fd3846eb83ce69f197f/execute/async - {"script":"<script> [776 bytes]","args":[{"enterText":"ZL01","selector":{"controlType":"sap.m.Input","viewName":"etm.portal.ui.manageyards.view.New","viewId":"application-manageyards-display-component---NewYard","bindingPath":{"path":"","propertyPath":"/DELIVERY_TYPE","modelName":"NewYardModel"},"interaction":{"idSuffix":"inner"}},"clearTextFirst":true,"interactionType":"ENTER_TEXT"}]}
RESULT: {"script":"<script> [776 bytes]","args":[{"enterText":"ZL01","selector":{"controlType":"sap.m.Input","viewName":"etm.portal.ui.manageyards.view.New","viewId":"application-manageyards-display-component---NewYard","bindingPath":{"path":"","propertyPath":"/DELIVERY_TYPE","modelName":"NewYardModel"},"interaction":{"idSuffix":"inner"}},"clearTextFirst":true,"interactionType":"ENTER_TEXT"}]}
RESULT: undefined
COMMAND: POST /session/7410a71b14728fd3846eb83ce69f197f/execute/async - {"script":"<script> [776 bytes]","args":[{"enterText":"TA","selector":{"controlType":"sap.m.Input","viewName":"etm.portal.ui.manageyards.view.New","viewId":"application-manageyards-display-component---NewYard","bindingPath":{"path":"","propertyPath":"/AUART","modelName":"NewYardModel"},"interaction":{"idSuffix":"inner"}},"clearTextFirst":true,"interactionType":"ENTER_TEXT"}]}
RESULT: {"script":"<script> [776 bytes]","args":[{"enterText":"TA","selector":{"controlType":"sap.m.Input","viewName":"etm.portal.ui.manageyards.view.New","viewId":"application-manageyards-display-component---NewYard","bindingPath":{"path":"","propertyPath":"/AUART","modelName":"NewYardModel"},"interaction":{"idSuffix":"inner"}},"clearTextFirst":true,"interactionType":"ENTER_TEXT"}]}
COMMAND: POST /session/7410a71b14728fd3846eb83ce69f197f/execute/async - {"script":"<script> [1562 bytes]","args":[{"selector":{"id":"application-manageyards-display-component---NewYard--whmCheckBox","interaction":{"idSuffix":"CbBg"}},"wdio_ui5_key":"applicationmanageyards-display-component---NewYard--whmCheckBox"}]}
RESULT: {"script":"<script> [1562 bytes]","args":[{"selector":{"id":"application-manageyards-display-component---NewYard--whmCheckBox","interaction":{"idSuffix":"CbBg"}},"wdio_ui5_key":"applicationmanageyards-display-component---NewYard--whmCheckBox"}]}
RESULT: undefined
COMMAND: POST /session/7410a71b14728fd3846eb83ce69f197f/element - {"using":"xpath","value":"//*[@id=\"application-manageyards-display-component---NewYard--whmCheckBox\"]"}
RESULT: {"using":"xpath","value":"//*[@id=\"application-manageyards-display-component---NewYard--whmCheckBox\"]"}
COMMAND: POST /session/7410a71b14728fd3846eb83ce69f197f/element/f.86015CA9C3D3DEEAC7F6EBF17DD69AAD.d.41A9522747E02949C376C9DDED0D3829.e.11215/click - {}
RESULT: {}
COMMAND: GET /session/7410a71b14728fd3846eb83ce69f197f/screenshot - {}
RESULT: {}
COMMAND: POST /session/7410a71b14728fd3846eb83ce69f197f/element - {"using":"xpath","value":"//button[@data-kt=\"newYardSaveButton\"]"}
RESULT: {"using":"xpath","value":"//button[@data-kt=\"newYardSaveButton\"]"}
COMMAND: POST /session/7410a71b14728fd3846eb83ce69f197f/element/f.86015CA9C3D3DEEAC7F6EBF17DD69AAD.d.41A9522747E02949C376C9DDED0D3829.e.11137/click - {}
RESULT: {}
COMMAND: GET /session/7410a71b14728fd3846eb83ce69f197f/screenshot - {}
RESULT: {}
COMMAND: POST /session/7410a71b14728fd3846eb83ce69f197f/element - {"using":"xpath","value":"//header[contains(@id, 'ObjectPageLayout-headerTitle')]/div[1]/div[2]/div[1]/span[1]"}
RESULT: {"using":"xpath","value":"//header[contains(@id, 'ObjectPageLayout-headerTitle')]/div[1]/div[2]/div[1]/span[1]"}
COMMAND: POST /session/7410a71b14728fd3846eb83ce69f197f/elements - {"using":"xpath","value":"//header[contains(@id, 'ObjectPageLayout-headerTitle')]/div[1]/div[2]/div[1]/span[1]"}
RESULT: {"using":"xpath","value":"//header[contains(@id, 'ObjectPageLayout-headerTitle')]/div[1]/div[2]/div[1]/span[1]"}
COMMAND: POST /session/7410a71b14728fd3846eb83ce69f197f/execute/sync - {"script":"<script> [56 bytes]","args":[{"element-6066-11e4-a52e-4f735466cecf":"f.86015CA9C3D3DEEAC7F6EBF17DD69AAD.d.41A9522747E02949C376C9DDED0D3829.e.11415","ELEMENT":"f.86015CA9C3D3DEEAC7F6EBF17DD69AAD.d.41A9522747E02949C376C9DDED0D3829.e.11415"}]}
RESULT: {"script":"<script> [56 bytes]","args":[{"element-6066-11e4-a52e-4f735466cecf":"f.86015CA9C3D3DEEAC7F6EBF17DD69AAD.d.41A9522747E02949C376C9DDED0D3829.e.11415","ELEMENT":"f.86015CA9C3D3DEEAC7F6EBF17DD69AAD.d.41A9522747E02949C376C9DDED0D3829.e.11415"}]}
COMMAND: GET /session/7410a71b14728fd3846eb83ce69f197f/screenshot - {}
RESULT: {}
COMMAND: POST /session/7410a71b14728fd3846eb83ce69f197f/element - {"using":"css selector","value":"#shell-header-logo"}
RESULT: {"using":"css selector","value":"#shell-header-logo"}
COMMAND: POST /session/7410a71b14728fd3846eb83ce69f197f/element/f.86015CA9C3D3DEEAC7F6EBF17DD69AAD.d.41A9522747E02949C376C9DDED0D3829.e.10684/click - {}
RESULT: {}
COMMAND: GET /session/7410a71b14728fd3846eb83ce69f197f/screenshot - {}
RESULT: {}
COMMAND: POST /session/7410a71b14728fd3846eb83ce69f197f/execute/sync - {"script":"<script> [299 bytes]","args":[["getModel","getResource"]]}
RESULT: {"script":"<script> [299 bytes]","args":[["getModel","getResource"]]}
COMMAND: GET /session/7410a71b14728fd3846eb83ce69f197f/screenshot - {}
]]></system-out>
    </testcase>
    <testcase classname="chrome.136_0_7103_93.windows.Create_partner_US118246" name="Should create new external WHM partner" time="98.355">
      <system-out><![CDATA[
COMMAND: POST /session/7410a71b14728fd3846eb83ce69f197f/window/fullscreen - {}
RESULT: {}
RESULT: {}
RESULT: undefined
COMMAND: POST /session/7410a71b14728fd3846eb83ce69f197f/element - {"using":"xpath","value":"//*[@id=\"__tile38\"]"}
RESULT: {"using":"xpath","value":"//*[@id=\"__tile38\"]"}
COMMAND: POST /session/7410a71b14728fd3846eb83ce69f197f/element/f.86015CA9C3D3DEEAC7F6EBF17DD69AAD.d.41A9522747E02949C376C9DDED0D3829.e.9192/click - {}
RESULT: {}
COMMAND: GET /session/7410a71b14728fd3846eb83ce69f197f/screenshot - {}
COMMAND: POST /session/7410a71b14728fd3846eb83ce69f197f/elements - {"using":"xpath","value":"//span[text()='Error']"}
RESULT: {}
RESULT: {"using":"xpath","value":"//span[text()='Error']"}
COMMAND: POST /session/7410a71b14728fd3846eb83ce69f197f/element - {"using":"xpath","value":"//button[@data-kt=\"addButton\"]"}
RESULT: {"using":"xpath","value":"//button[@data-kt=\"addButton\"]"}
COMMAND: POST /session/7410a71b14728fd3846eb83ce69f197f/elements - {"using":"xpath","value":"//button[@data-kt=\"addButton\"]"}
RESULT: {"using":"xpath","value":"//button[@data-kt=\"addButton\"]"}
COMMAND: POST /session/7410a71b14728fd3846eb83ce69f197f/elements - {"using":"xpath","value":"//button[@data-kt=\"addButton\"]"}
RESULT: {"using":"xpath","value":"//button[@data-kt=\"addButton\"]"}
COMMAND: POST /session/7410a71b14728fd3846eb83ce69f197f/elements - {"using":"xpath","value":"//button[@data-kt=\"addButton\"]"}
RESULT: {"using":"xpath","value":"//button[@data-kt=\"addButton\"]"}
COMMAND: POST /session/7410a71b14728fd3846eb83ce69f197f/elements - {"using":"xpath","value":"//button[@data-kt=\"addButton\"]"}
RESULT: {"using":"xpath","value":"//button[@data-kt=\"addButton\"]"}
COMMAND: POST /session/7410a71b14728fd3846eb83ce69f197f/elements - {"using":"xpath","value":"//button[@data-kt=\"addButton\"]"}
RESULT: {"using":"xpath","value":"//button[@data-kt=\"addButton\"]"}
COMMAND: POST /session/7410a71b14728fd3846eb83ce69f197f/elements - {"using":"xpath","value":"//button[@data-kt=\"addButton\"]"}
RESULT: {"using":"xpath","value":"//button[@data-kt=\"addButton\"]"}
COMMAND: POST /session/7410a71b14728fd3846eb83ce69f197f/elements - {"using":"xpath","value":"//button[@data-kt=\"addButton\"]"}
RESULT: {"using":"xpath","value":"//button[@data-kt=\"addButton\"]"}
COMMAND: POST /session/7410a71b14728fd3846eb83ce69f197f/elements - {"using":"xpath","value":"//button[@data-kt=\"addButton\"]"}
RESULT: {"using":"xpath","value":"//button[@data-kt=\"addButton\"]"}
COMMAND: POST /session/7410a71b14728fd3846eb83ce69f197f/elements - {"using":"xpath","value":"//button[@data-kt=\"addButton\"]"}
RESULT: {"using":"xpath","value":"//button[@data-kt=\"addButton\"]"}
COMMAND: POST /session/7410a71b14728fd3846eb83ce69f197f/elements - {"using":"xpath","value":"//button[@data-kt=\"addButton\"]"}
RESULT: {"using":"xpath","value":"//button[@data-kt=\"addButton\"]"}
COMMAND: POST /session/7410a71b14728fd3846eb83ce69f197f/element - {"using":"xpath","value":"//button[@data-kt=\"addButton\"]"}
RESULT: {"using":"xpath","value":"//button[@data-kt=\"addButton\"]"}
COMMAND: POST /session/7410a71b14728fd3846eb83ce69f197f/execute/sync - {"script":"<script> [8489 bytes]","args":[{"element-6066-11e4-a52e-4f735466cecf":"f.86015CA9C3D3DEEAC7F6EBF17DD69AAD.d.41A9522747E02949C376C9DDED0D3829.e.11462","ELEMENT":"f.86015CA9C3D3DEEAC7F6EBF17DD69AAD.d.41A9522747E02949C376C9DDED0D3829.e.11462"}]}
RESULT: {"script":"<script> [8489 bytes]","args":[{"element-6066-11e4-a52e-4f735466cecf":"f.86015CA9C3D3DEEAC7F6EBF17DD69AAD.d.41A9522747E02949C376C9DDED0D3829.e.11462","ELEMENT":"f.86015CA9C3D3DEEAC7F6EBF17DD69AAD.d.41A9522747E02949C376C9DDED0D3829.e.11462"}]}
COMMAND: GET /session/7410a71b14728fd3846eb83ce69f197f/element/f.86015CA9C3D3DEEAC7F6EBF17DD69AAD.d.41A9522747E02949C376C9DDED0D3829.e.11462/enabled - {}
COMMAND: GET /session/7410a71b14728fd3846eb83ce69f197f/screenshot - {}
RESULT: {}
COMMAND: POST /session/7410a71b14728fd3846eb83ce69f197f/execute/sync - {"script":"<script> [8489 bytes]","args":[{"element-6066-11e4-a52e-4f735466cecf":"f.86015CA9C3D3DEEAC7F6EBF17DD69AAD.d.41A9522747E02949C376C9DDED0D3829.e.11462","ELEMENT":"f.86015CA9C3D3DEEAC7F6EBF17DD69AAD.d.41A9522747E02949C376C9DDED0D3829.e.11462"}]}
COMMAND: GET /session/7410a71b14728fd3846eb83ce69f197f/screenshot - {}
RESULT: {}
RESULT: {"script":"<script> [8489 bytes]","args":[{"element-6066-11e4-a52e-4f735466cecf":"f.86015CA9C3D3DEEAC7F6EBF17DD69AAD.d.41A9522747E02949C376C9DDED0D3829.e.11462","ELEMENT":"f.86015CA9C3D3DEEAC7F6EBF17DD69AAD.d.41A9522747E02949C376C9DDED0D3829.e.11462"}]}
COMMAND: POST /session/7410a71b14728fd3846eb83ce69f197f/execute/sync - {"script":"<script> [5351 bytes]","args":[{"element-6066-11e4-a52e-4f735466cecf":"f.86015CA9C3D3DEEAC7F6EBF17DD69AAD.d.41A9522747E02949C376C9DDED0D3829.e.11462","ELEMENT":"f.86015CA9C3D3DEEAC7F6EBF17DD69AAD.d.41A9522747E02949C376C9DDED0D3829.e.11462"}]}
COMMAND: GET /session/7410a71b14728fd3846eb83ce69f197f/screenshot - {}
RESULT: {}
RESULT: {"script":"<script> [5351 bytes]","args":[{"element-6066-11e4-a52e-4f735466cecf":"f.86015CA9C3D3DEEAC7F6EBF17DD69AAD.d.41A9522747E02949C376C9DDED0D3829.e.11462","ELEMENT":"f.86015CA9C3D3DEEAC7F6EBF17DD69AAD.d.41A9522747E02949C376C9DDED0D3829.e.11462"}]}
COMMAND: POST /session/7410a71b14728fd3846eb83ce69f197f/element/f.86015CA9C3D3DEEAC7F6EBF17DD69AAD.d.41A9522747E02949C376C9DDED0D3829.e.11462/click - {}
COMMAND: GET /session/7410a71b14728fd3846eb83ce69f197f/screenshot - {}
RESULT: {}
RESULT: {}
COMMAND: GET /session/7410a71b14728fd3846eb83ce69f197f/screenshot - {}
RESULT: undefined
COMMAND: POST /session/7410a71b14728fd3846eb83ce69f197f/execute/async - {"script":"<script> [776 bytes]","args":[{"enterText":"External Partner WDIO","selector":{"id":"application-managepartners-display-component---NewPartner--addressDetailDetailsName1","interaction":{"idSuffix":"inner"}},"clearTextFirst":true,"interactionType":"ENTER_TEXT"}]}
RESULT: {}
RESULT: {}
RESULT: {"script":"<script> [776 bytes]","args":[{"enterText":"External Partner WDIO","selector":{"id":"application-managepartners-display-component---NewPartner--addressDetailDetailsName1","interaction":{"idSuffix":"inner"}},"clearTextFirst":true,"interactionType":"ENTER_TEXT"}]}
RESULT: undefined
COMMAND: POST /session/7410a71b14728fd3846eb83ce69f197f/element - {"using":"xpath","value":"//*[@id=\"application-managepartners-display-component---NewPartner--addressDetailDetailsLanguage-arrow\"]"}
RESULT: {"using":"xpath","value":"//*[@id=\"application-managepartners-display-component---NewPartner--addressDetailDetailsLanguage-arrow\"]"}
COMMAND: POST /session/7410a71b14728fd3846eb83ce69f197f/element/f.86015CA9C3D3DEEAC7F6EBF17DD69AAD.d.41A9522747E02949C376C9DDED0D3829.e.11903/click - {}
RESULT: {}
COMMAND: POST /session/7410a71b14728fd3846eb83ce69f197f/element - {"using":"xpath","value":"//span[contains(text(), \"English\")]"}
COMMAND: GET /session/7410a71b14728fd3846eb83ce69f197f/screenshot - {}
RESULT: {"using":"xpath","value":"//span[contains(text(), \"English\")]"}
COMMAND: POST /session/7410a71b14728fd3846eb83ce69f197f/element/f.86015CA9C3D3DEEAC7F6EBF17DD69AAD.d.41A9522747E02949C376C9DDED0D3829.e.11904/click - {}
RESULT: {}
RESULT: {}
COMMAND: GET /session/7410a71b14728fd3846eb83ce69f197f/screenshot - {}
RESULT: {}
RESULT: undefined
COMMAND: POST /session/7410a71b14728fd3846eb83ce69f197f/execute/async - {"script":"<script> [776 bytes]","args":[{"enterText":"Rosario","selector":{"id":"application-managepartners-display-component---NewPartner--addressDetailDetailsCity1","interaction":{"idSuffix":"inner"}},"clearTextFirst":true,"interactionType":"ENTER_TEXT"}]}
RESULT: {"script":"<script> [776 bytes]","args":[{"enterText":"Rosario","selector":{"id":"application-managepartners-display-component---NewPartner--addressDetailDetailsCity1","interaction":{"idSuffix":"inner"}},"clearTextFirst":true,"interactionType":"ENTER_TEXT"}]}
RESULT: undefined
COMMAND: POST /session/7410a71b14728fd3846eb83ce69f197f/element - {"using":"xpath","value":"//*[@id=\"application-managepartners-display-component---NewPartner--addressDetailDetailsCountry-arrow\"]"}
RESULT: {"using":"xpath","value":"//*[@id=\"application-managepartners-display-component---NewPartner--addressDetailDetailsCountry-arrow\"]"}
COMMAND: POST /session/7410a71b14728fd3846eb83ce69f197f/element/f.86015CA9C3D3DEEAC7F6EBF17DD69AAD.d.41A9522747E02949C376C9DDED0D3829.e.11861/click - {}
RESULT: {}
COMMAND: POST /session/7410a71b14728fd3846eb83ce69f197f/element - {"using":"xpath","value":"//span[contains(text(), \"Argentina\")]"}
COMMAND: GET /session/7410a71b14728fd3846eb83ce69f197f/screenshot - {}
RESULT: {"using":"xpath","value":"//span[contains(text(), \"Argentina\")]"}
COMMAND: POST /session/7410a71b14728fd3846eb83ce69f197f/element/f.86015CA9C3D3DEEAC7F6EBF17DD69AAD.d.41A9522747E02949C376C9DDED0D3829.e.11905/click - {}
RESULT: {}
RESULT: {}
COMMAND: GET /session/7410a71b14728fd3846eb83ce69f197f/screenshot - {}
RESULT: {}
COMMAND: POST /session/7410a71b14728fd3846eb83ce69f197f/element - {"using":"xpath","value":"//bdi[contains(text(), \"Commercial\")]"}
RESULT: {"using":"xpath","value":"//bdi[contains(text(), \"Commercial\")]"}
COMMAND: POST /session/7410a71b14728fd3846eb83ce69f197f/element/f.86015CA9C3D3DEEAC7F6EBF17DD69AAD.d.41A9522747E02949C376C9DDED0D3829.e.11906/click - {}
RESULT: {}
COMMAND: GET /session/7410a71b14728fd3846eb83ce69f197f/screenshot - {}
RESULT: {}
RESULT: undefined
COMMAND: POST /session/7410a71b14728fd3846eb83ce69f197f/element - {"using":"xpath","value":"//*[@id=\"application-managepartners-display-component---NewPartner--partnerDetailInternal-arrow\"]"}
RESULT: {"using":"xpath","value":"//*[@id=\"application-managepartners-display-component---NewPartner--partnerDetailInternal-arrow\"]"}
COMMAND: POST /session/7410a71b14728fd3846eb83ce69f197f/element/f.86015CA9C3D3DEEAC7F6EBF17DD69AAD.d.41A9522747E02949C376C9DDED0D3829.e.11914/click - {}
RESULT: {}
COMMAND: POST /session/7410a71b14728fd3846eb83ce69f197f/element - {"using":"xpath","value":"//span[contains(text(), \"External partner\")]"}
COMMAND: GET /session/7410a71b14728fd3846eb83ce69f197f/screenshot - {}
RESULT: {"using":"xpath","value":"//span[contains(text(), \"External partner\")]"}
COMMAND: POST /session/7410a71b14728fd3846eb83ce69f197f/element/f.86015CA9C3D3DEEAC7F6EBF17DD69AAD.d.41A9522747E02949C376C9DDED0D3829.e.11915/click - {}
RESULT: {}
RESULT: {}
RESULT: undefined
COMMAND: POST /session/7410a71b14728fd3846eb83ce69f197f/element - {"using":"xpath","value":"//*[@id=\"application-managepartners-display-component---NewPartner--partnerDetailsCurrency-arrow\"]"}
COMMAND: GET /session/7410a71b14728fd3846eb83ce69f197f/screenshot - {}
RESULT: {"using":"xpath","value":"//*[@id=\"application-managepartners-display-component---NewPartner--partnerDetailsCurrency-arrow\"]"}
COMMAND: POST /session/7410a71b14728fd3846eb83ce69f197f/element/f.86015CA9C3D3DEEAC7F6EBF17DD69AAD.d.41A9522747E02949C376C9DDED0D3829.e.11920/click - {}
RESULT: {}
RESULT: {}
COMMAND: POST /session/7410a71b14728fd3846eb83ce69f197f/element - {"using":"xpath","value":"//span[contains(text(), \"US Dollar\")]"}
COMMAND: GET /session/7410a71b14728fd3846eb83ce69f197f/screenshot - {}
RESULT: {"using":"xpath","value":"//span[contains(text(), \"US Dollar\")]"}
COMMAND: POST /session/7410a71b14728fd3846eb83ce69f197f/element/f.86015CA9C3D3DEEAC7F6EBF17DD69AAD.d.41A9522747E02949C376C9DDED0D3829.e.11921/click - {}
RESULT: {}
RESULT: {}
COMMAND: GET /session/7410a71b14728fd3846eb83ce69f197f/screenshot - {}
RESULT: {}
COMMAND: POST /session/7410a71b14728fd3846eb83ce69f197f/element - {"using":"xpath","value":"//input[@id=\"application-managepartners-display-component---NewPartner--companyCodeComboBox-inner\"]"}
RESULT: {"using":"xpath","value":"//input[@id=\"application-managepartners-display-component---NewPartner--companyCodeComboBox-inner\"]"}
COMMAND: POST /session/7410a71b14728fd3846eb83ce69f197f/element/f.86015CA9C3D3DEEAC7F6EBF17DD69AAD.d.41A9522747E02949C376C9DDED0D3829.e.11856/clear - {}
RESULT: {}
COMMAND: POST /session/7410a71b14728fd3846eb83ce69f197f/element/f.86015CA9C3D3DEEAC7F6EBF17DD69AAD.d.41A9522747E02949C376C9DDED0D3829.e.11856/value - {"text":"C002"}
COMMAND: GET /session/7410a71b14728fd3846eb83ce69f197f/screenshot - {}
RESULT: {"text":"C002"}
COMMAND: GET /session/7410a71b14728fd3846eb83ce69f197f/screenshot - {}
RESULT: {}
RESULT: {}
COMMAND: POST /session/7410a71b14728fd3846eb83ce69f197f/element - {"using":"xpath","value":"//li[.//span[text()= \"C002\"]]"}
RESULT: {"using":"xpath","value":"//li[.//span[text()= \"C002\"]]"}
COMMAND: POST /session/7410a71b14728fd3846eb83ce69f197f/element/f.86015CA9C3D3DEEAC7F6EBF17DD69AAD.d.41A9522747E02949C376C9DDED0D3829.e.11925/click - {}
RESULT: {}
COMMAND: GET /session/7410a71b14728fd3846eb83ce69f197f/screenshot - {}
RESULT: {}
RESULT: undefined
COMMAND: POST /session/7410a71b14728fd3846eb83ce69f197f/element - {"using":"xpath","value":"//*[@id=\"application-managepartners-display-component---NewPartner--btnAddTableRow-img\"]"}
RESULT: {"using":"xpath","value":"//*[@id=\"application-managepartners-display-component---NewPartner--btnAddTableRow-img\"]"}
COMMAND: POST /session/7410a71b14728fd3846eb83ce69f197f/element/f.86015CA9C3D3DEEAC7F6EBF17DD69AAD.d.41A9522747E02949C376C9DDED0D3829.e.11926/click - {}
RESULT: {}
COMMAND: GET /session/7410a71b14728fd3846eb83ce69f197f/screenshot - {}
RESULT: {}
COMMAND: POST /session/7410a71b14728fd3846eb83ce69f197f/element - {"using":"xpath","value":"//input[@id=\"application-managepartners-display-component---NewPartner--assignmentYard-application-managepartners-display-component---NewPartner--assignmentsTable-0-inner\"]"}
RESULT: {"using":"xpath","value":"//input[@id=\"application-managepartners-display-component---NewPartner--assignmentYard-application-managepartners-display-component---NewPartner--assignmentsTable-0-inner\"]"}
COMMAND: POST /session/7410a71b14728fd3846eb83ce69f197f/element/f.86015CA9C3D3DEEAC7F6EBF17DD69AAD.d.41A9522747E02949C376C9DDED0D3829.e.11929/clear - {}
RESULT: {}
COMMAND: POST /session/7410a71b14728fd3846eb83ce69f197f/element/f.86015CA9C3D3DEEAC7F6EBF17DD69AAD.d.41A9522747E02949C376C9DDED0D3829.e.11929/value - {"text":"263"}
COMMAND: GET /session/7410a71b14728fd3846eb83ce69f197f/screenshot - {}
RESULT: {"text":"263"}
COMMAND: GET /session/7410a71b14728fd3846eb83ce69f197f/screenshot - {}
RESULT: {}
RESULT: {}
COMMAND: POST /session/7410a71b14728fd3846eb83ce69f197f/element - {"using":"xpath","value":"//li[.//span[text()='263']]"}
RESULT: {"using":"xpath","value":"//li[.//span[text()='263']]"}
COMMAND: POST /session/7410a71b14728fd3846eb83ce69f197f/element/f.86015CA9C3D3DEEAC7F6EBF17DD69AAD.d.41A9522747E02949C376C9DDED0D3829.e.11937/click - {}
RESULT: {}
COMMAND: GET /session/7410a71b14728fd3846eb83ce69f197f/screenshot - {}
RESULT: {}
COMMAND: POST /session/7410a71b14728fd3846eb83ce69f197f/actions - {"actions":[{"id":"action29","type":"key","parameters":{},"actions":[{"type":"keyDown","value":""},{"type":"pause","duration":10},{"type":"keyUp","value":""}]}]}
RESULT: {"actions":[{"id":"action29","type":"key","parameters":{},"actions":[{"type":"keyDown","value":""},{"type":"pause","duration":10},{"type":"keyUp","value":""}]}]}
COMMAND: POST /session/7410a71b14728fd3846eb83ce69f197f/element - {"using":"xpath","value":"//td[contains(@id, \"assignmentsTable-0-cell2\")]/div/div"}
COMMAND: GET /session/7410a71b14728fd3846eb83ce69f197f/screenshot - {}
RESULT: {"using":"xpath","value":"//td[contains(@id, \"assignmentsTable-0-cell2\")]/div/div"}
COMMAND: POST /session/7410a71b14728fd3846eb83ce69f197f/element/f.86015CA9C3D3DEEAC7F6EBF17DD69AAD.d.41A9522747E02949C376C9DDED0D3829.e.11940/click - {}
RESULT: {}
RESULT: {}
COMMAND: GET /session/7410a71b14728fd3846eb83ce69f197f/screenshot - {}
RESULT: {}
COMMAND: POST /session/7410a71b14728fd3846eb83ce69f197f/element - {"using":"xpath","value":"//button[@data-kt=\"saveButton\"]"}
RESULT: {"using":"xpath","value":"//button[@data-kt=\"saveButton\"]"}
COMMAND: POST /session/7410a71b14728fd3846eb83ce69f197f/element/f.86015CA9C3D3DEEAC7F6EBF17DD69AAD.d.41A9522747E02949C376C9DDED0D3829.e.11882/click - {}
RESULT: {}
COMMAND: GET /session/7410a71b14728fd3846eb83ce69f197f/screenshot - {}
RESULT: {}
COMMAND: POST /session/7410a71b14728fd3846eb83ce69f197f/element - {"using":"xpath","value":"//header[contains(@id, 'ObjectPageLayout-headerTitle')]/div[1]/div[2]/div[2]/span[1]"}
RESULT: {"using":"xpath","value":"//header[contains(@id, 'ObjectPageLayout-headerTitle')]/div[1]/div[2]/div[2]/span[1]"}
COMMAND: POST /session/7410a71b14728fd3846eb83ce69f197f/elements - {"using":"xpath","value":"//header[contains(@id, 'ObjectPageLayout-headerTitle')]/div[1]/div[2]/div[2]/span[1]"}
RESULT: {"using":"xpath","value":"//header[contains(@id, 'ObjectPageLayout-headerTitle')]/div[1]/div[2]/div[2]/span[1]"}
COMMAND: POST /session/7410a71b14728fd3846eb83ce69f197f/execute/sync - {"script":"<script> [56 bytes]","args":[{"element-6066-11e4-a52e-4f735466cecf":"f.86015CA9C3D3DEEAC7F6EBF17DD69AAD.d.41A9522747E02949C376C9DDED0D3829.e.12101","ELEMENT":"f.86015CA9C3D3DEEAC7F6EBF17DD69AAD.d.41A9522747E02949C376C9DDED0D3829.e.12101"}]}
RESULT: {"script":"<script> [56 bytes]","args":[{"element-6066-11e4-a52e-4f735466cecf":"f.86015CA9C3D3DEEAC7F6EBF17DD69AAD.d.41A9522747E02949C376C9DDED0D3829.e.12101","ELEMENT":"f.86015CA9C3D3DEEAC7F6EBF17DD69AAD.d.41A9522747E02949C376C9DDED0D3829.e.12101"}]}
COMMAND: POST /session/7410a71b14728fd3846eb83ce69f197f/element - {"using":"css selector","value":"#shell-header-logo"}
COMMAND: GET /session/7410a71b14728fd3846eb83ce69f197f/screenshot - {}
RESULT: {"using":"css selector","value":"#shell-header-logo"}
COMMAND: POST /session/7410a71b14728fd3846eb83ce69f197f/element/f.86015CA9C3D3DEEAC7F6EBF17DD69AAD.d.41A9522747E02949C376C9DDED0D3829.e.11418/click - {}
RESULT: {}
RESULT: {}
COMMAND: GET /session/7410a71b14728fd3846eb83ce69f197f/screenshot - {}
RESULT: {}
COMMAND: POST /session/7410a71b14728fd3846eb83ce69f197f/execute/sync - {"script":"<script> [299 bytes]","args":[["getModel","getResource"]]}
RESULT: {"script":"<script> [299 bytes]","args":[["getModel","getResource"]]}
COMMAND: GET /session/7410a71b14728fd3846eb83ce69f197f/screenshot - {}
RESULT: {}
COMMAND: DELETE /session/7410a71b14728fd3846eb83ce69f197f - {}
RESULT: {}
]]></system-out>
    </testcase>
  </testsuite>
</testsuites>