<?xml version="1.0" encoding="UTF-8"?>
<testsuites tests="6" failures="0" errors="0" skipped="0">
  <testsuite timestamp="2025-05-23T16:32:59" time="1152.195" tests="6" failures="0" errors="0" skipped="0">
    <properties>
      <property name="specId" value="0"/>
      <property name="suiteName" value="RU Inventory Mass State Change Multiple Items US151066"/>
      <property name="capabilities" value="chrome.136_0_7103_93.windows"/>
      <property name="file" value="file:///D:/a/1/s/test/specs/HTR/ru-inv-list-mass-state-change.spec.js"/>
    </properties>
    <testcase classname="chrome.136_0_7103_93.windows.RU_Inventory_Mass_State_Change_Multiple_Items_US151066" name="Step 1 Should do a RU inventory mass state change on chosen yard 109 with the resources available one equipment multipart one tool pool" time="282.397">
      <system-out><![CDATA[
COMMAND: POST /session/0ed3e58e6e3cd5417bd3b3f225d9af79/execute/async - {"script":"<script> [1562 bytes]","args":[{"selector":{"controlType":"sap.m.GenericTile","properties":{"header":"RU Inventory List"}},"wdio_ui5_key":"sapm.GenericTile{\"header\":\"RU Inventory List\"}"}]}
RESULT: {"script":"<script> [1562 bytes]","args":[{"selector":{"controlType":"sap.m.GenericTile","properties":{"header":"RU Inventory List"}},"wdio_ui5_key":"sapm.GenericTile{\"header\":\"RU Inventory List\"}"}]}
RESULT: undefined
COMMAND: POST /session/0ed3e58e6e3cd5417bd3b3f225d9af79/element - {"using":"xpath","value":"//*[@id=\"__tile99\"]"}
RESULT: {"using":"xpath","value":"//*[@id=\"__tile99\"]"}
COMMAND: POST /session/0ed3e58e6e3cd5417bd3b3f225d9af79/element/f.52AB194D52E8559853F1D34C601D985B.d.95AF1A35478AF97CCF40CCD6D9996706.e.248/click - {}
RESULT: {}
COMMAND: GET /session/0ed3e58e6e3cd5417bd3b3f225d9af79/screenshot - {}
RESULT: {}
COMMAND: POST /session/0ed3e58e6e3cd5417bd3b3f225d9af79/elements - {"using":"xpath","value":"//span[text()='Error']"}
RESULT: {"using":"xpath","value":"//span[text()='Error']"}
COMMAND: POST /session/0ed3e58e6e3cd5417bd3b3f225d9af79/element - {"using":"xpath","value":"//button[contains(@id, \"massStateBtn\")]"}
RESULT: {"using":"xpath","value":"//button[contains(@id, \"massStateBtn\")]"}
COMMAND: POST /session/0ed3e58e6e3cd5417bd3b3f225d9af79/elements - {"using":"xpath","value":"//button[contains(@id, \"massStateBtn\")]"}
RESULT: {"using":"xpath","value":"//button[contains(@id, \"massStateBtn\")]"}
COMMAND: POST /session/0ed3e58e6e3cd5417bd3b3f225d9af79/elements - {"using":"xpath","value":"//button[contains(@id, \"massStateBtn\")]"}
RESULT: {"using":"xpath","value":"//button[contains(@id, \"massStateBtn\")]"}
COMMAND: POST /session/0ed3e58e6e3cd5417bd3b3f225d9af79/elements - {"using":"xpath","value":"//button[contains(@id, \"massStateBtn\")]"}
RESULT: {"using":"xpath","value":"//button[contains(@id, \"massStateBtn\")]"}
COMMAND: POST /session/0ed3e58e6e3cd5417bd3b3f225d9af79/element - {"using":"xpath","value":"//button[contains(@id, \"massStateBtn\")]"}
RESULT: {"using":"xpath","value":"//button[contains(@id, \"massStateBtn\")]"}
COMMAND: POST /session/0ed3e58e6e3cd5417bd3b3f225d9af79/execute/sync - {"script":"<script> [8489 bytes]","args":[{"element-6066-11e4-a52e-4f735466cecf":"f.52AB194D52E8559853F1D34C601D985B.d.95AF1A35478AF97CCF40CCD6D9996706.e.284","ELEMENT":"f.52AB194D52E8559853F1D34C601D985B.d.95AF1A35478AF97CCF40CCD6D9996706.e.284"}]}
RESULT: {"script":"<script> [8489 bytes]","args":[{"element-6066-11e4-a52e-4f735466cecf":"f.52AB194D52E8559853F1D34C601D985B.d.95AF1A35478AF97CCF40CCD6D9996706.e.284","ELEMENT":"f.52AB194D52E8559853F1D34C601D985B.d.95AF1A35478AF97CCF40CCD6D9996706.e.284"}]}
COMMAND: GET /session/0ed3e58e6e3cd5417bd3b3f225d9af79/element/f.52AB194D52E8559853F1D34C601D985B.d.95AF1A35478AF97CCF40CCD6D9996706.e.284/enabled - {}
COMMAND: GET /session/0ed3e58e6e3cd5417bd3b3f225d9af79/screenshot - {}
RESULT: {}
COMMAND: POST /session/0ed3e58e6e3cd5417bd3b3f225d9af79/execute/sync - {"script":"<script> [8489 bytes]","args":[{"element-6066-11e4-a52e-4f735466cecf":"f.52AB194D52E8559853F1D34C601D985B.d.95AF1A35478AF97CCF40CCD6D9996706.e.284","ELEMENT":"f.52AB194D52E8559853F1D34C601D985B.d.95AF1A35478AF97CCF40CCD6D9996706.e.284"}]}
COMMAND: GET /session/0ed3e58e6e3cd5417bd3b3f225d9af79/screenshot - {}
RESULT: {}
RESULT: {"script":"<script> [8489 bytes]","args":[{"element-6066-11e4-a52e-4f735466cecf":"f.52AB194D52E8559853F1D34C601D985B.d.95AF1A35478AF97CCF40CCD6D9996706.e.284","ELEMENT":"f.52AB194D52E8559853F1D34C601D985B.d.95AF1A35478AF97CCF40CCD6D9996706.e.284"}]}
COMMAND: POST /session/0ed3e58e6e3cd5417bd3b3f225d9af79/execute/sync - {"script":"<script> [5351 bytes]","args":[{"element-6066-11e4-a52e-4f735466cecf":"f.52AB194D52E8559853F1D34C601D985B.d.95AF1A35478AF97CCF40CCD6D9996706.e.284","ELEMENT":"f.52AB194D52E8559853F1D34C601D985B.d.95AF1A35478AF97CCF40CCD6D9996706.e.284"}]}
COMMAND: GET /session/0ed3e58e6e3cd5417bd3b3f225d9af79/screenshot - {}
RESULT: {}
RESULT: {"script":"<script> [5351 bytes]","args":[{"element-6066-11e4-a52e-4f735466cecf":"f.52AB194D52E8559853F1D34C601D985B.d.95AF1A35478AF97CCF40CCD6D9996706.e.284","ELEMENT":"f.52AB194D52E8559853F1D34C601D985B.d.95AF1A35478AF97CCF40CCD6D9996706.e.284"}]}
COMMAND: POST /session/0ed3e58e6e3cd5417bd3b3f225d9af79/element/f.52AB194D52E8559853F1D34C601D985B.d.95AF1A35478AF97CCF40CCD6D9996706.e.284/click - {}
COMMAND: GET /session/0ed3e58e6e3cd5417bd3b3f225d9af79/screenshot - {}
RESULT: {}
RESULT: {}
COMMAND: GET /session/0ed3e58e6e3cd5417bd3b3f225d9af79/screenshot - {}
RESULT: {}
RESULT: {}
COMMAND: POST /session/0ed3e58e6e3cd5417bd3b3f225d9af79/execute/async - {"script":"<script> [1562 bytes]","args":[{"selector":{"id":"application-ruinventorylist-display-component---Master--ruLocationTypeComboBox-arrow"},"wdio_ui5_key":"applicationruinventorylist-display-component---Master--ruLocationTypeComboBox-arrow"}]}
RESULT: {"script":"<script> [1562 bytes]","args":[{"selector":{"id":"application-ruinventorylist-display-component---Master--ruLocationTypeComboBox-arrow"},"wdio_ui5_key":"applicationruinventorylist-display-component---Master--ruLocationTypeComboBox-arrow"}]}
RESULT: undefined
COMMAND: POST /session/0ed3e58e6e3cd5417bd3b3f225d9af79/element - {"using":"xpath","value":"//*[@id=\"application-ruinventorylist-display-component---Master--ruLocationTypeComboBox-arrow\"]"}
RESULT: {"using":"xpath","value":"//*[@id=\"application-ruinventorylist-display-component---Master--ruLocationTypeComboBox-arrow\"]"}
COMMAND: POST /session/0ed3e58e6e3cd5417bd3b3f225d9af79/element/f.52AB194D52E8559853F1D34C601D985B.d.95AF1A35478AF97CCF40CCD6D9996706.e.636/click - {}
RESULT: {}
COMMAND: GET /session/0ed3e58e6e3cd5417bd3b3f225d9af79/screenshot - {}
RESULT: {}
COMMAND: POST /session/0ed3e58e6e3cd5417bd3b3f225d9af79/element - {"using":"xpath","value":"//li[.//span[text()='Yard']]"}
RESULT: {"using":"xpath","value":"//li[.//span[text()='Yard']]"}
COMMAND: POST /session/0ed3e58e6e3cd5417bd3b3f225d9af79/element/f.52AB194D52E8559853F1D34C601D985B.d.95AF1A35478AF97CCF40CCD6D9996706.e.637/click - {}
RESULT: {}
COMMAND: GET /session/0ed3e58e6e3cd5417bd3b3f225d9af79/screenshot - {}
RESULT: {}
COMMAND: POST /session/0ed3e58e6e3cd5417bd3b3f225d9af79/execute/async - {"script":"<script> [1562 bytes]","args":[{"selector":{"id":"application-ruinventorylist-display-component---Master--smartFilterBar-filterItemControl_BASIC-YARD-vhi"},"wdio_ui5_key":"applicationruinventorylist-display-component---Master--smartFilterBar-filterItemControl_BASIC-YARD-vhi"}]}
RESULT: {"script":"<script> [1562 bytes]","args":[{"selector":{"id":"application-ruinventorylist-display-component---Master--smartFilterBar-filterItemControl_BASIC-YARD-vhi"},"wdio_ui5_key":"applicationruinventorylist-display-component---Master--smartFilterBar-filterItemControl_BASIC-YARD-vhi"}]}
RESULT: undefined
COMMAND: POST /session/0ed3e58e6e3cd5417bd3b3f225d9af79/element - {"using":"xpath","value":"//*[@id=\"application-ruinventorylist-display-component---Master--smartFilterBar-filterItemControl_BASIC-YARD-vhi\"]"}
RESULT: {"using":"xpath","value":"//*[@id=\"application-ruinventorylist-display-component---Master--smartFilterBar-filterItemControl_BASIC-YARD-vhi\"]"}
COMMAND: POST /session/0ed3e58e6e3cd5417bd3b3f225d9af79/element/f.52AB194D52E8559853F1D34C601D985B.d.95AF1A35478AF97CCF40CCD6D9996706.e.671/click - {}
RESULT: {}
COMMAND: GET /session/0ed3e58e6e3cd5417bd3b3f225d9af79/screenshot - {}
RESULT: {}
COMMAND: POST /session/0ed3e58e6e3cd5417bd3b3f225d9af79/execute/async - {"script":"<script> [1562 bytes]","args":[{"selector":{"id":"application-ruinventorylist-display-component---Master--smartFilterBar-filterItemControl_BASIC-YARD-valueHelpDialog-smartFilterBar-btnBasicSearch","searchOpenDialogs":true,"interaction":{"idSuffix":"I"}},"wdio_ui5_key":"applicationruinventorylist-display-component---Master--smartFilterBar-filterItemControl_BASIC-YARD-valueHelpDialog-smartFilterBar-btnBasicSearch"}]}
RESULT: {"script":"<script> [1562 bytes]","args":[{"selector":{"id":"application-ruinventorylist-display-component---Master--smartFilterBar-filterItemControl_BASIC-YARD-valueHelpDialog-smartFilterBar-btnBasicSearch","searchOpenDialogs":true,"interaction":{"idSuffix":"I"}},"wdio_ui5_key":"applicationruinventorylist-display-component---Master--smartFilterBar-filterItemControl_BASIC-YARD-valueHelpDialog-smartFilterBar-btnBasicSearch"}]}
RESULT: undefined
COMMAND: POST /session/0ed3e58e6e3cd5417bd3b3f225d9af79/execute/async - {"script":"<script> [776 bytes]","args":[{"enterText":"109","selector":{"id":"application-ruinventorylist-display-component---Master--smartFilterBar-filterItemControl_BASIC-YARD-valueHelpDialog-smartFilterBar-btnBasicSearch","searchOpenDialogs":true,"interaction":{"idSuffix":"I"}},"clearTextFirst":true,"interactionType":"ENTER_TEXT"}]}
RESULT: {"script":"<script> [776 bytes]","args":[{"enterText":"109","selector":{"id":"application-ruinventorylist-display-component---Master--smartFilterBar-filterItemControl_BASIC-YARD-valueHelpDialog-smartFilterBar-btnBasicSearch","searchOpenDialogs":true,"interaction":{"idSuffix":"I"}},"clearTextFirst":true,"interactionType":"ENTER_TEXT"}]}
COMMAND: POST /session/0ed3e58e6e3cd5417bd3b3f225d9af79/actions - {"actions":[{"id":"action1","type":"key","parameters":{},"actions":[{"type":"keyDown","value":""},{"type":"pause","duration":10},{"type":"keyUp","value":""}]}]}
RESULT: {"actions":[{"id":"action1","type":"key","parameters":{},"actions":[{"type":"keyDown","value":""},{"type":"pause","duration":10},{"type":"keyUp","value":""}]}]}
COMMAND: GET /session/0ed3e58e6e3cd5417bd3b3f225d9af79/screenshot - {}
RESULT: {}
COMMAND: POST /session/0ed3e58e6e3cd5417bd3b3f225d9af79/elements - {"using":"xpath","value":"//table[contains(@id, \"filterItemControl_BASIC-YARD-valueHelpDialog-table-table\")]/tbody/tr"}
RESULT: {"using":"xpath","value":"//table[contains(@id, \"filterItemControl_BASIC-YARD-valueHelpDialog-table-table\")]/tbody/tr"}
COMMAND: POST /session/0ed3e58e6e3cd5417bd3b3f225d9af79/element - {"using":"xpath","value":"//table[contains(@id, \"filterItemControl_BASIC-YARD-valueHelpDialog-table-table\")]/tbody/tr[1]/td[1]/div/span"}
RESULT: {"using":"xpath","value":"//table[contains(@id, \"filterItemControl_BASIC-YARD-valueHelpDialog-table-table\")]/tbody/tr[1]/td[1]/div/span"}
COMMAND: POST /session/0ed3e58e6e3cd5417bd3b3f225d9af79/elements - {"using":"xpath","value":"//table[contains(@id, \"filterItemControl_BASIC-YARD-valueHelpDialog-table-table\")]/tbody/tr[1]/td[1]/div/span"}
RESULT: {"using":"xpath","value":"//table[contains(@id, \"filterItemControl_BASIC-YARD-valueHelpDialog-table-table\")]/tbody/tr[1]/td[1]/div/span"}
COMMAND: POST /session/0ed3e58e6e3cd5417bd3b3f225d9af79/execute/sync - {"script":"<script> [56 bytes]","args":[{"element-6066-11e4-a52e-4f735466cecf":"f.52AB194D52E8559853F1D34C601D985B.d.95AF1A35478AF97CCF40CCD6D9996706.e.693","ELEMENT":"f.52AB194D52E8559853F1D34C601D985B.d.95AF1A35478AF97CCF40CCD6D9996706.e.693"}]}
RESULT: {"script":"<script> [56 bytes]","args":[{"element-6066-11e4-a52e-4f735466cecf":"f.52AB194D52E8559853F1D34C601D985B.d.95AF1A35478AF97CCF40CCD6D9996706.e.693","ELEMENT":"f.52AB194D52E8559853F1D34C601D985B.d.95AF1A35478AF97CCF40CCD6D9996706.e.693"}]}
COMMAND: POST /session/0ed3e58e6e3cd5417bd3b3f225d9af79/element - {"using":"xpath","value":"//div[contains(@id, \"filterItemControl_BASIC-YARD-valueHelpDialog-table-rowsel0\")]"}
COMMAND: GET /session/0ed3e58e6e3cd5417bd3b3f225d9af79/screenshot - {}
RESULT: {"using":"xpath","value":"//div[contains(@id, \"filterItemControl_BASIC-YARD-valueHelpDialog-table-rowsel0\")]"}
COMMAND: POST /session/0ed3e58e6e3cd5417bd3b3f225d9af79/element/f.52AB194D52E8559853F1D34C601D985B.d.95AF1A35478AF97CCF40CCD6D9996706.e.694/click - {}
RESULT: {}
RESULT: {}
COMMAND: GET /session/0ed3e58e6e3cd5417bd3b3f225d9af79/screenshot - {}
RESULT: {}
COMMAND: POST /session/0ed3e58e6e3cd5417bd3b3f225d9af79/element - {"using":"xpath","value":"//div[contains(@id, \"smartFilterBar-filterItemControl_BASIC-YARD-valueHelpDialog-smartFilterBar-btnBasicSearch-reset\")]"}
RESULT: {"using":"xpath","value":"//div[contains(@id, \"smartFilterBar-filterItemControl_BASIC-YARD-valueHelpDialog-smartFilterBar-btnBasicSearch-reset\")]"}
COMMAND: POST /session/0ed3e58e6e3cd5417bd3b3f225d9af79/element/f.52AB194D52E8559853F1D34C601D985B.d.95AF1A35478AF97CCF40CCD6D9996706.e.696/click - {}
RESULT: {}
RESULT: undefined
COMMAND: POST /session/0ed3e58e6e3cd5417bd3b3f225d9af79/execute/async - {"script":"<script> [776 bytes]","args":[{"enterText":"OPA5_BST01_YARD1","selector":{"id":"application-ruinventorylist-display-component---Master--smartFilterBar-filterItemControl_BASIC-YARD-valueHelpDialog-smartFilterBar-btnBasicSearch","searchOpenDialogs":true,"interaction":{"idSuffix":"I"}},"clearTextFirst":true,"interactionType":"ENTER_TEXT"}]}
COMMAND: GET /session/0ed3e58e6e3cd5417bd3b3f225d9af79/screenshot - {}
RESULT: {"script":"<script> [776 bytes]","args":[{"enterText":"OPA5_BST01_YARD1","selector":{"id":"application-ruinventorylist-display-component---Master--smartFilterBar-filterItemControl_BASIC-YARD-valueHelpDialog-smartFilterBar-btnBasicSearch","searchOpenDialogs":true,"interaction":{"idSuffix":"I"}},"clearTextFirst":true,"interactionType":"ENTER_TEXT"}]}
COMMAND: POST /session/0ed3e58e6e3cd5417bd3b3f225d9af79/actions - {"actions":[{"id":"action2","type":"key","parameters":{},"actions":[{"type":"keyDown","value":""},{"type":"pause","duration":10},{"type":"keyUp","value":""}]}]}
RESULT: {}
RESULT: {"actions":[{"id":"action2","type":"key","parameters":{},"actions":[{"type":"keyDown","value":""},{"type":"pause","duration":10},{"type":"keyUp","value":""}]}]}
COMMAND: GET /session/0ed3e58e6e3cd5417bd3b3f225d9af79/screenshot - {}
RESULT: {}
COMMAND: POST /session/0ed3e58e6e3cd5417bd3b3f225d9af79/elements - {"using":"xpath","value":"//table[contains(@id, \"filterItemControl_BASIC-YARD-valueHelpDialog-table-table\")]/tbody/tr"}
RESULT: {"using":"xpath","value":"//table[contains(@id, \"filterItemControl_BASIC-YARD-valueHelpDialog-table-table\")]/tbody/tr"}
COMMAND: POST /session/0ed3e58e6e3cd5417bd3b3f225d9af79/element - {"using":"xpath","value":"//table[contains(@id, \"filterItemControl_BASIC-YARD-valueHelpDialog-table-table\")]/tbody/tr[1]/td[1]/div/span"}
RESULT: {"using":"xpath","value":"//table[contains(@id, \"filterItemControl_BASIC-YARD-valueHelpDialog-table-table\")]/tbody/tr[1]/td[1]/div/span"}
COMMAND: POST /session/0ed3e58e6e3cd5417bd3b3f225d9af79/elements - {"using":"xpath","value":"//table[contains(@id, \"filterItemControl_BASIC-YARD-valueHelpDialog-table-table\")]/tbody/tr[1]/td[1]/div/span"}
RESULT: {"using":"xpath","value":"//table[contains(@id, \"filterItemControl_BASIC-YARD-valueHelpDialog-table-table\")]/tbody/tr[1]/td[1]/div/span"}
COMMAND: POST /session/0ed3e58e6e3cd5417bd3b3f225d9af79/execute/sync - {"script":"<script> [56 bytes]","args":[{"element-6066-11e4-a52e-4f735466cecf":"f.52AB194D52E8559853F1D34C601D985B.d.95AF1A35478AF97CCF40CCD6D9996706.e.693","ELEMENT":"f.52AB194D52E8559853F1D34C601D985B.d.95AF1A35478AF97CCF40CCD6D9996706.e.693"}]}
RESULT: {"script":"<script> [56 bytes]","args":[{"element-6066-11e4-a52e-4f735466cecf":"f.52AB194D52E8559853F1D34C601D985B.d.95AF1A35478AF97CCF40CCD6D9996706.e.693","ELEMENT":"f.52AB194D52E8559853F1D34C601D985B.d.95AF1A35478AF97CCF40CCD6D9996706.e.693"}]}
COMMAND: POST /session/0ed3e58e6e3cd5417bd3b3f225d9af79/element - {"using":"xpath","value":"//div[contains(@id, \"filterItemControl_BASIC-YARD-valueHelpDialog-table-rowsel0\")]"}
COMMAND: GET /session/0ed3e58e6e3cd5417bd3b3f225d9af79/screenshot - {}
RESULT: {"using":"xpath","value":"//div[contains(@id, \"filterItemControl_BASIC-YARD-valueHelpDialog-table-rowsel0\")]"}
COMMAND: POST /session/0ed3e58e6e3cd5417bd3b3f225d9af79/element/f.52AB194D52E8559853F1D34C601D985B.d.95AF1A35478AF97CCF40CCD6D9996706.e.694/click - {}
RESULT: {}
RESULT: {}
COMMAND: GET /session/0ed3e58e6e3cd5417bd3b3f225d9af79/screenshot - {}
RESULT: {}
COMMAND: POST /session/0ed3e58e6e3cd5417bd3b3f225d9af79/element - {"using":"xpath","value":"(//bdi[contains(text(), \"OK\")])[1]"}
RESULT: {"using":"xpath","value":"(//bdi[contains(text(), \"OK\")])[1]"}
COMMAND: POST /session/0ed3e58e6e3cd5417bd3b3f225d9af79/element/f.52AB194D52E8559853F1D34C601D985B.d.95AF1A35478AF97CCF40CCD6D9996706.e.698/click - {}
RESULT: {}
COMMAND: GET /session/0ed3e58e6e3cd5417bd3b3f225d9af79/screenshot - {}
RESULT: {}
COMMAND: POST /session/0ed3e58e6e3cd5417bd3b3f225d9af79/element - {"using":"xpath","value":"//span[@id=\"application-ruinventorylist-display-component---Master--smartTableRuInventoryList-header-inner\"]"}
RESULT: {"using":"xpath","value":"//span[@id=\"application-ruinventorylist-display-component---Master--smartTableRuInventoryList-header-inner\"]"}
COMMAND: POST /session/0ed3e58e6e3cd5417bd3b3f225d9af79/elements - {"using":"xpath","value":"//span[@id=\"application-ruinventorylist-display-component---Master--smartTableRuInventoryList-header-inner\"]"}
RESULT: {"using":"xpath","value":"//span[@id=\"application-ruinventorylist-display-component---Master--smartTableRuInventoryList-header-inner\"]"}
COMMAND: POST /session/0ed3e58e6e3cd5417bd3b3f225d9af79/execute/sync - {"script":"<script> [56 bytes]","args":[{"element-6066-11e4-a52e-4f735466cecf":"f.52AB194D52E8559853F1D34C601D985B.d.95AF1A35478AF97CCF40CCD6D9996706.e.828","ELEMENT":"f.52AB194D52E8559853F1D34C601D985B.d.95AF1A35478AF97CCF40CCD6D9996706.e.828"}]}
RESULT: {"script":"<script> [56 bytes]","args":[{"element-6066-11e4-a52e-4f735466cecf":"f.52AB194D52E8559853F1D34C601D985B.d.95AF1A35478AF97CCF40CCD6D9996706.e.828","ELEMENT":"f.52AB194D52E8559853F1D34C601D985B.d.95AF1A35478AF97CCF40CCD6D9996706.e.828"}]}
COMMAND: POST /session/0ed3e58e6e3cd5417bd3b3f225d9af79/execute/async - {"script":"<script> [1562 bytes]","args":[{"selector":{"id":"application-ruinventorylist-display-component---Master--smartFilterBar-btnBasicSearch","interaction":{"idSuffix":"I"}},"wdio_ui5_key":"applicationruinventorylist-display-component---Master--smartFilterBar-btnBasicSearch"}]}
COMMAND: GET /session/0ed3e58e6e3cd5417bd3b3f225d9af79/screenshot - {}
RESULT: {"script":"<script> [1562 bytes]","args":[{"selector":{"id":"application-ruinventorylist-display-component---Master--smartFilterBar-btnBasicSearch","interaction":{"idSuffix":"I"}},"wdio_ui5_key":"applicationruinventorylist-display-component---Master--smartFilterBar-btnBasicSearch"}]}
RESULT: undefined
COMMAND: POST /session/0ed3e58e6e3cd5417bd3b3f225d9af79/execute/async - {"script":"<script> [776 bytes]","args":[{"enterText":"600002","selector":{"id":"application-ruinventorylist-display-component---Master--smartFilterBar-btnBasicSearch","interaction":{"idSuffix":"I"}},"clearTextFirst":true,"interactionType":"ENTER_TEXT"}]}
RESULT: {}
RESULT: {"script":"<script> [776 bytes]","args":[{"enterText":"600002","selector":{"id":"application-ruinventorylist-display-component---Master--smartFilterBar-btnBasicSearch","interaction":{"idSuffix":"I"}},"clearTextFirst":true,"interactionType":"ENTER_TEXT"}]}
COMMAND: POST /session/0ed3e58e6e3cd5417bd3b3f225d9af79/actions - {"actions":[{"id":"action3","type":"key","parameters":{},"actions":[{"type":"keyDown","value":""},{"type":"pause","duration":10},{"type":"keyUp","value":""}]}]}
RESULT: {"actions":[{"id":"action3","type":"key","parameters":{},"actions":[{"type":"keyDown","value":""},{"type":"pause","duration":10},{"type":"keyUp","value":""}]}]}
COMMAND: GET /session/0ed3e58e6e3cd5417bd3b3f225d9af79/screenshot - {}
RESULT: {}
COMMAND: POST /session/0ed3e58e6e3cd5417bd3b3f225d9af79/element - {"using":"xpath","value":"//span[@id=\"application-ruinventorylist-display-component---Master--smartTableRuInventoryList-header-inner\"]"}
RESULT: {"using":"xpath","value":"//span[@id=\"application-ruinventorylist-display-component---Master--smartTableRuInventoryList-header-inner\"]"}
COMMAND: POST /session/0ed3e58e6e3cd5417bd3b3f225d9af79/elements - {"using":"xpath","value":"//span[@id=\"application-ruinventorylist-display-component---Master--smartTableRuInventoryList-header-inner\"]"}
RESULT: {"using":"xpath","value":"//span[@id=\"application-ruinventorylist-display-component---Master--smartTableRuInventoryList-header-inner\"]"}
COMMAND: POST /session/0ed3e58e6e3cd5417bd3b3f225d9af79/execute/sync - {"script":"<script> [56 bytes]","args":[{"element-6066-11e4-a52e-4f735466cecf":"f.52AB194D52E8559853F1D34C601D985B.d.95AF1A35478AF97CCF40CCD6D9996706.e.828","ELEMENT":"f.52AB194D52E8559853F1D34C601D985B.d.95AF1A35478AF97CCF40CCD6D9996706.e.828"}]}
RESULT: {"script":"<script> [56 bytes]","args":[{"element-6066-11e4-a52e-4f735466cecf":"f.52AB194D52E8559853F1D34C601D985B.d.95AF1A35478AF97CCF40CCD6D9996706.e.828","ELEMENT":"f.52AB194D52E8559853F1D34C601D985B.d.95AF1A35478AF97CCF40CCD6D9996706.e.828"}]}
COMMAND: POST /session/0ed3e58e6e3cd5417bd3b3f225d9af79/element - {"using":"xpath","value":"//table[contains(@id, \"application-ruinventorylist-display-component---Master--tableRuInventoryList-listUl\")]/tbody/tr[1]/td[2]/div/div"}
COMMAND: GET /session/0ed3e58e6e3cd5417bd3b3f225d9af79/screenshot - {}
RESULT: {"using":"xpath","value":"//table[contains(@id, \"application-ruinventorylist-display-component---Master--tableRuInventoryList-listUl\")]/tbody/tr[1]/td[2]/div/div"}
COMMAND: POST /session/0ed3e58e6e3cd5417bd3b3f225d9af79/element/f.52AB194D52E8559853F1D34C601D985B.d.95AF1A35478AF97CCF40CCD6D9996706.e.836/click - {}
RESULT: {}
RESULT: {}
COMMAND: GET /session/0ed3e58e6e3cd5417bd3b3f225d9af79/screenshot - {}
RESULT: {}
COMMAND: POST /session/0ed3e58e6e3cd5417bd3b3f225d9af79/element - {"using":"xpath","value":"//div[contains(@id, \"smartFilterBar-btnBasicSearch-reset\")]"}
RESULT: {"using":"xpath","value":"//div[contains(@id, \"smartFilterBar-btnBasicSearch-reset\")]"}
COMMAND: POST /session/0ed3e58e6e3cd5417bd3b3f225d9af79/element/f.52AB194D52E8559853F1D34C601D985B.d.95AF1A35478AF97CCF40CCD6D9996706.e.846/click - {}
RESULT: {}
COMMAND: GET /session/0ed3e58e6e3cd5417bd3b3f225d9af79/screenshot - {}
RESULT: {}
RESULT: undefined
COMMAND: POST /session/0ed3e58e6e3cd5417bd3b3f225d9af79/execute/async - {"script":"<script> [776 bytes]","args":[{"enterText":"401002","selector":{"id":"application-ruinventorylist-display-component---Master--smartFilterBar-btnBasicSearch","interaction":{"idSuffix":"I"}},"clearTextFirst":true,"interactionType":"ENTER_TEXT"}]}
RESULT: {"script":"<script> [776 bytes]","args":[{"enterText":"401002","selector":{"id":"application-ruinventorylist-display-component---Master--smartFilterBar-btnBasicSearch","interaction":{"idSuffix":"I"}},"clearTextFirst":true,"interactionType":"ENTER_TEXT"}]}
COMMAND: POST /session/0ed3e58e6e3cd5417bd3b3f225d9af79/actions - {"actions":[{"id":"action4","type":"key","parameters":{},"actions":[{"type":"keyDown","value":""},{"type":"pause","duration":10},{"type":"keyUp","value":""}]}]}
RESULT: {"actions":[{"id":"action4","type":"key","parameters":{},"actions":[{"type":"keyDown","value":""},{"type":"pause","duration":10},{"type":"keyUp","value":""}]}]}
COMMAND: GET /session/0ed3e58e6e3cd5417bd3b3f225d9af79/screenshot - {}
RESULT: {}
COMMAND: POST /session/0ed3e58e6e3cd5417bd3b3f225d9af79/element - {"using":"xpath","value":"//span[@id=\"application-ruinventorylist-display-component---Master--smartTableRuInventoryList-header-inner\"]"}
RESULT: {"using":"xpath","value":"//span[@id=\"application-ruinventorylist-display-component---Master--smartTableRuInventoryList-header-inner\"]"}
COMMAND: POST /session/0ed3e58e6e3cd5417bd3b3f225d9af79/elements - {"using":"xpath","value":"//span[@id=\"application-ruinventorylist-display-component---Master--smartTableRuInventoryList-header-inner\"]"}
RESULT: {"using":"xpath","value":"//span[@id=\"application-ruinventorylist-display-component---Master--smartTableRuInventoryList-header-inner\"]"}
COMMAND: POST /session/0ed3e58e6e3cd5417bd3b3f225d9af79/execute/sync - {"script":"<script> [56 bytes]","args":[{"element-6066-11e4-a52e-4f735466cecf":"f.52AB194D52E8559853F1D34C601D985B.d.95AF1A35478AF97CCF40CCD6D9996706.e.828","ELEMENT":"f.52AB194D52E8559853F1D34C601D985B.d.95AF1A35478AF97CCF40CCD6D9996706.e.828"}]}
RESULT: {"script":"<script> [56 bytes]","args":[{"element-6066-11e4-a52e-4f735466cecf":"f.52AB194D52E8559853F1D34C601D985B.d.95AF1A35478AF97CCF40CCD6D9996706.e.828","ELEMENT":"f.52AB194D52E8559853F1D34C601D985B.d.95AF1A35478AF97CCF40CCD6D9996706.e.828"}]}
COMMAND: POST /session/0ed3e58e6e3cd5417bd3b3f225d9af79/element - {"using":"xpath","value":"//table[contains(@id, \"application-ruinventorylist-display-component---Master--tableRuInventoryList-listUl\")]/tbody/tr[1]/td[2]/div/div"}
COMMAND: GET /session/0ed3e58e6e3cd5417bd3b3f225d9af79/screenshot - {}
RESULT: {"using":"xpath","value":"//table[contains(@id, \"application-ruinventorylist-display-component---Master--tableRuInventoryList-listUl\")]/tbody/tr[1]/td[2]/div/div"}
COMMAND: POST /session/0ed3e58e6e3cd5417bd3b3f225d9af79/element/f.52AB194D52E8559853F1D34C601D985B.d.95AF1A35478AF97CCF40CCD6D9996706.e.969/click - {}
RESULT: {}
RESULT: {}
COMMAND: GET /session/0ed3e58e6e3cd5417bd3b3f225d9af79/screenshot - {}
RESULT: {}
COMMAND: POST /session/0ed3e58e6e3cd5417bd3b3f225d9af79/element - {"using":"xpath","value":"//div[contains(@id, \"smartFilterBar-btnBasicSearch-reset\")]"}
RESULT: {"using":"xpath","value":"//div[contains(@id, \"smartFilterBar-btnBasicSearch-reset\")]"}
COMMAND: POST /session/0ed3e58e6e3cd5417bd3b3f225d9af79/element/f.52AB194D52E8559853F1D34C601D985B.d.95AF1A35478AF97CCF40CCD6D9996706.e.846/click - {}
RESULT: {}
COMMAND: GET /session/0ed3e58e6e3cd5417bd3b3f225d9af79/screenshot - {}
RESULT: {}
COMMAND: POST /session/0ed3e58e6e3cd5417bd3b3f225d9af79/element/f.52AB194D52E8559853F1D34C601D985B.d.95AF1A35478AF97CCF40CCD6D9996706.e.284/click - {}
RESULT: {}
COMMAND: GET /session/0ed3e58e6e3cd5417bd3b3f225d9af79/screenshot - {}
RESULT: {}
COMMAND: POST /session/0ed3e58e6e3cd5417bd3b3f225d9af79/execute/async - {"script":"<script> [1562 bytes]","args":[{"selector":{"controlType":"sap.m.Title","viewName":"etm.portal.ui.ruinventorylist.view.Master","viewId":"application-ruinventorylist-display-component---Master","properties":{"text":"Mass State Change"},"searchOpenDialogs":true},"wdio_ui5_key":"etmportal.ui.ruinventorylist.view.Mastersap.m.Title{\"text\":\"Mass State Change\"}"}]}
RESULT: {"script":"<script> [1562 bytes]","args":[{"selector":{"controlType":"sap.m.Title","viewName":"etm.portal.ui.ruinventorylist.view.Master","viewId":"application-ruinventorylist-display-component---Master","properties":{"text":"Mass State Change"},"searchOpenDialogs":true},"wdio_ui5_key":"etmportal.ui.ruinventorylist.view.Mastersap.m.Title{\"text\":\"Mass State Change\"}"}]}
RESULT: undefined
COMMAND: POST /session/0ed3e58e6e3cd5417bd3b3f225d9af79/execute/async - {"script":"<script> [6424 bytes]","args":[{"element-6066-11e4-a52e-4f735466cecf":"f.52AB194D52E8559853F1D34C601D985B.d.95AF1A35478AF97CCF40CCD6D9996706.e.1114"},"getText",[]]}
RESULT: {"script":"<script> [6424 bytes]","args":[{"element-6066-11e4-a52e-4f735466cecf":"f.52AB194D52E8559853F1D34C601D985B.d.95AF1A35478AF97CCF40CCD6D9996706.e.1114"},"getText",[]]}
COMMAND: POST /session/0ed3e58e6e3cd5417bd3b3f225d9af79/element - {"using":"xpath","value":"(//bdi[contains(text(), \"OK\")])[1]"}
RESULT: {"using":"xpath","value":"(//bdi[contains(text(), \"OK\")])[1]"}
COMMAND: POST /session/0ed3e58e6e3cd5417bd3b3f225d9af79/element/f.52AB194D52E8559853F1D34C601D985B.d.95AF1A35478AF97CCF40CCD6D9996706.e.1115/click - {}
RESULT: {}
COMMAND: GET /session/0ed3e58e6e3cd5417bd3b3f225d9af79/screenshot - {}
RESULT: {}
COMMAND: POST /session/0ed3e58e6e3cd5417bd3b3f225d9af79/element - {"using":"css selector","value":"div.sapMMessageBoxError"}
RESULT: {"using":"css selector","value":"div.sapMMessageBoxError"}
COMMAND: POST /session/0ed3e58e6e3cd5417bd3b3f225d9af79/elements - {"using":"css selector","value":"div.sapMMessageBoxError"}
RESULT: {"using":"css selector","value":"div.sapMMessageBoxError"}
COMMAND: POST /session/0ed3e58e6e3cd5417bd3b3f225d9af79/element - {"using":"xpath","value":"(//bdi[contains(text(), \"Close\")])[1]"}
RESULT: {"using":"xpath","value":"(//bdi[contains(text(), \"Close\")])[1]"}
COMMAND: POST /session/0ed3e58e6e3cd5417bd3b3f225d9af79/element/f.52AB194D52E8559853F1D34C601D985B.d.95AF1A35478AF97CCF40CCD6D9996706.e.1120/click - {}
RESULT: {}
COMMAND: GET /session/0ed3e58e6e3cd5417bd3b3f225d9af79/screenshot - {}
RESULT: {}
COMMAND: POST /session/0ed3e58e6e3cd5417bd3b3f225d9af79/execute/async - {"script":"<script> [1562 bytes]","args":[{"selector":{"id":"application-ruinventorylist-display-component---Master--ruStateTypes-arrow","searchOpenDialogs":true},"wdio_ui5_key":"applicationruinventorylist-display-component---Master--ruStateTypes-arrow"}]}
RESULT: {"script":"<script> [1562 bytes]","args":[{"selector":{"id":"application-ruinventorylist-display-component---Master--ruStateTypes-arrow","searchOpenDialogs":true},"wdio_ui5_key":"applicationruinventorylist-display-component---Master--ruStateTypes-arrow"}]}
RESULT: undefined
COMMAND: POST /session/0ed3e58e6e3cd5417bd3b3f225d9af79/element - {"using":"xpath","value":"//*[@id=\"application-ruinventorylist-display-component---Master--ruStateTypes-arrow\"]"}
RESULT: {"using":"xpath","value":"//*[@id=\"application-ruinventorylist-display-component---Master--ruStateTypes-arrow\"]"}
COMMAND: POST /session/0ed3e58e6e3cd5417bd3b3f225d9af79/element/f.52AB194D52E8559853F1D34C601D985B.d.95AF1A35478AF97CCF40CCD6D9996706.e.1121/click - {}
RESULT: {}
COMMAND: GET /session/0ed3e58e6e3cd5417bd3b3f225d9af79/screenshot - {}
RESULT: {}
COMMAND: POST /session/0ed3e58e6e3cd5417bd3b3f225d9af79/element - {"using":"xpath","value":"//li[.//span[text()=\"defect\"]]"}
RESULT: {"using":"xpath","value":"//li[.//span[text()=\"defect\"]]"}
COMMAND: POST /session/0ed3e58e6e3cd5417bd3b3f225d9af79/element/f.52AB194D52E8559853F1D34C601D985B.d.95AF1A35478AF97CCF40CCD6D9996706.e.1122/click - {}
RESULT: {}
COMMAND: GET /session/0ed3e58e6e3cd5417bd3b3f225d9af79/screenshot - {}
RESULT: {}
COMMAND: POST /session/0ed3e58e6e3cd5417bd3b3f225d9af79/element - {"using":"xpath","value":"(//span[@data-kt=\"trashMassStateChangeIcon\"])[1]"}
RESULT: {"using":"xpath","value":"(//span[@data-kt=\"trashMassStateChangeIcon\"])[1]"}
COMMAND: POST /session/0ed3e58e6e3cd5417bd3b3f225d9af79/element/f.52AB194D52E8559853F1D34C601D985B.d.95AF1A35478AF97CCF40CCD6D9996706.e.1123/click - {}
RESULT: {}
COMMAND: GET /session/0ed3e58e6e3cd5417bd3b3f225d9af79/screenshot - {}
RESULT: {}
COMMAND: POST /session/0ed3e58e6e3cd5417bd3b3f225d9af79/element - {"using":"xpath","value":"//table[contains(@id, \"massStateChangeTable-listUl\")]/tbody/tr[1]/td[11]/div/div/div/input"}
RESULT: {"using":"xpath","value":"//table[contains(@id, \"massStateChangeTable-listUl\")]/tbody/tr[1]/td[11]/div/div/div/input"}
COMMAND: GET /session/0ed3e58e6e3cd5417bd3b3f225d9af79/element/f.52AB194D52E8559853F1D34C601D985B.d.95AF1A35478AF97CCF40CCD6D9996706.e.1108/property/value - {}
RESULT: {}
COMMAND: POST /session/0ed3e58e6e3cd5417bd3b3f225d9af79/element - {"using":"xpath","value":"(//span[@data-kt=\"trashMassStateChangeIcon\"])[2]"}
COMMAND: GET /session/0ed3e58e6e3cd5417bd3b3f225d9af79/screenshot - {}
RESULT: {"using":"xpath","value":"(//span[@data-kt=\"trashMassStateChangeIcon\"])[2]"}
COMMAND: POST /session/0ed3e58e6e3cd5417bd3b3f225d9af79/element/f.52AB194D52E8559853F1D34C601D985B.d.95AF1A35478AF97CCF40CCD6D9996706.e.1125/click - {}
RESULT: {}
RESULT: {}
COMMAND: GET /session/0ed3e58e6e3cd5417bd3b3f225d9af79/screenshot - {}
RESULT: {}
COMMAND: POST /session/0ed3e58e6e3cd5417bd3b3f225d9af79/element - {"using":"xpath","value":"//table[contains(@id, \"massStateChangeTable-listUl\")]/tbody/tr[2]/td[11]/div/div/div/input"}
RESULT: {"using":"xpath","value":"//table[contains(@id, \"massStateChangeTable-listUl\")]/tbody/tr[2]/td[11]/div/div/div/input"}
COMMAND: GET /session/0ed3e58e6e3cd5417bd3b3f225d9af79/element/f.52AB194D52E8559853F1D34C601D985B.d.95AF1A35478AF97CCF40CCD6D9996706.e.1112/property/value - {}
RESULT: {}
COMMAND: POST /session/0ed3e58e6e3cd5417bd3b3f225d9af79/element - {"using":"xpath","value":"//table[contains(@id, \"massStateChangeTable-listUl\")]/tbody/tr[1]/td[10]/div/span/span[1]"}
COMMAND: GET /session/0ed3e58e6e3cd5417bd3b3f225d9af79/screenshot - {}
RESULT: {"using":"xpath","value":"//table[contains(@id, \"massStateChangeTable-listUl\")]/tbody/tr[1]/td[10]/div/span/span[1]"}
COMMAND: POST /session/0ed3e58e6e3cd5417bd3b3f225d9af79/execute/sync - {"script":"<script> [56 bytes]","args":[{"element-6066-11e4-a52e-4f735466cecf":"f.52AB194D52E8559853F1D34C601D985B.d.95AF1A35478AF97CCF40CCD6D9996706.e.1127","ELEMENT":"f.52AB194D52E8559853F1D34C601D985B.d.95AF1A35478AF97CCF40CCD6D9996706.e.1127"}]}
RESULT: {}
RESULT: {"script":"<script> [56 bytes]","args":[{"element-6066-11e4-a52e-4f735466cecf":"f.52AB194D52E8559853F1D34C601D985B.d.95AF1A35478AF97CCF40CCD6D9996706.e.1127","ELEMENT":"f.52AB194D52E8559853F1D34C601D985B.d.95AF1A35478AF97CCF40CCD6D9996706.e.1127"}]}
COMMAND: POST /session/0ed3e58e6e3cd5417bd3b3f225d9af79/element - {"using":"xpath","value":"//table[contains(@id, \"massStateChangeTable-listUl\")]/tbody/tr[1]/td[11]/div/div/div/div[2]/span"}
COMMAND: GET /session/0ed3e58e6e3cd5417bd3b3f225d9af79/screenshot - {}
RESULT: {"using":"xpath","value":"//table[contains(@id, \"massStateChangeTable-listUl\")]/tbody/tr[1]/td[11]/div/div/div/div[2]/span"}
COMMAND: POST /session/0ed3e58e6e3cd5417bd3b3f225d9af79/element/f.52AB194D52E8559853F1D34C601D985B.d.95AF1A35478AF97CCF40CCD6D9996706.e.1128/click - {}
RESULT: {}
RESULT: {}
COMMAND: GET /session/0ed3e58e6e3cd5417bd3b3f225d9af79/screenshot - {}
RESULT: {}
COMMAND: POST /session/0ed3e58e6e3cd5417bd3b3f225d9af79/element - {"using":"xpath","value":"//table[contains(@id, \"massStateChangeTable-listUl\")]/tbody/tr[1]/td[11]/div/div/div/div[2]/span"}
RESULT: {"using":"xpath","value":"//table[contains(@id, \"massStateChangeTable-listUl\")]/tbody/tr[1]/td[11]/div/div/div/div[2]/span"}
COMMAND: POST /session/0ed3e58e6e3cd5417bd3b3f225d9af79/element/f.52AB194D52E8559853F1D34C601D985B.d.95AF1A35478AF97CCF40CCD6D9996706.e.1128/click - {}
RESULT: {}
COMMAND: GET /session/0ed3e58e6e3cd5417bd3b3f225d9af79/screenshot - {}
RESULT: {}
COMMAND: POST /session/0ed3e58e6e3cd5417bd3b3f225d9af79/element - {"using":"xpath","value":"//table[contains(@id, \"massStateChangeTable-listUl\")]/tbody/tr[1]/td[11]/div/div/div/div[2]/span"}
RESULT: {"using":"xpath","value":"//table[contains(@id, \"massStateChangeTable-listUl\")]/tbody/tr[1]/td[11]/div/div/div/div[2]/span"}
COMMAND: POST /session/0ed3e58e6e3cd5417bd3b3f225d9af79/element/f.52AB194D52E8559853F1D34C601D985B.d.95AF1A35478AF97CCF40CCD6D9996706.e.1128/click - {}
RESULT: {}
COMMAND: GET /session/0ed3e58e6e3cd5417bd3b3f225d9af79/screenshot - {}
RESULT: {}
COMMAND: POST /session/0ed3e58e6e3cd5417bd3b3f225d9af79/element - {"using":"xpath","value":"//table[contains(@id, \"massStateChangeTable-listUl\")]/tbody/tr[1]/td[11]/div/div/div/div[2]/span"}
RESULT: {"using":"xpath","value":"//table[contains(@id, \"massStateChangeTable-listUl\")]/tbody/tr[1]/td[11]/div/div/div/div[2]/span"}
COMMAND: POST /session/0ed3e58e6e3cd5417bd3b3f225d9af79/element/f.52AB194D52E8559853F1D34C601D985B.d.95AF1A35478AF97CCF40CCD6D9996706.e.1128/click - {}
RESULT: {}
COMMAND: GET /session/0ed3e58e6e3cd5417bd3b3f225d9af79/screenshot - {}
RESULT: {}
COMMAND: POST /session/0ed3e58e6e3cd5417bd3b3f225d9af79/element - {"using":"xpath","value":"//table[contains(@id, \"massStateChangeTable-listUl\")]/tbody/tr[1]/td[11]/div/div/div/div[2]/span"}
RESULT: {"using":"xpath","value":"//table[contains(@id, \"massStateChangeTable-listUl\")]/tbody/tr[1]/td[11]/div/div/div/div[2]/span"}
COMMAND: POST /session/0ed3e58e6e3cd5417bd3b3f225d9af79/element/f.52AB194D52E8559853F1D34C601D985B.d.95AF1A35478AF97CCF40CCD6D9996706.e.1128/click - {}
RESULT: {}
COMMAND: GET /session/0ed3e58e6e3cd5417bd3b3f225d9af79/screenshot - {}
RESULT: {}
COMMAND: POST /session/0ed3e58e6e3cd5417bd3b3f225d9af79/element - {"using":"xpath","value":"//table[contains(@id, \"massStateChangeTable-listUl\")]/tbody/tr[1]/td[11]/div/div/div/div[2]/span"}
RESULT: {"using":"xpath","value":"//table[contains(@id, \"massStateChangeTable-listUl\")]/tbody/tr[1]/td[11]/div/div/div/div[2]/span"}
COMMAND: POST /session/0ed3e58e6e3cd5417bd3b3f225d9af79/element/f.52AB194D52E8559853F1D34C601D985B.d.95AF1A35478AF97CCF40CCD6D9996706.e.1128/click - {}
RESULT: {}
COMMAND: GET /session/0ed3e58e6e3cd5417bd3b3f225d9af79/screenshot - {}
RESULT: {}
COMMAND: POST /session/0ed3e58e6e3cd5417bd3b3f225d9af79/element - {"using":"xpath","value":"//table[contains(@id, \"massStateChangeTable-listUl\")]/tbody/tr[1]/td[11]/div/div/div/div[2]/span"}
RESULT: {"using":"xpath","value":"//table[contains(@id, \"massStateChangeTable-listUl\")]/tbody/tr[1]/td[11]/div/div/div/div[2]/span"}
COMMAND: POST /session/0ed3e58e6e3cd5417bd3b3f225d9af79/element/f.52AB194D52E8559853F1D34C601D985B.d.95AF1A35478AF97CCF40CCD6D9996706.e.1128/click - {}
RESULT: {}
COMMAND: GET /session/0ed3e58e6e3cd5417bd3b3f225d9af79/screenshot - {}
RESULT: {}
COMMAND: POST /session/0ed3e58e6e3cd5417bd3b3f225d9af79/element - {"using":"xpath","value":"//table[contains(@id, \"massStateChangeTable-listUl\")]/tbody/tr[1]/td[11]/div/div/div/div[2]/span"}
RESULT: {"using":"xpath","value":"//table[contains(@id, \"massStateChangeTable-listUl\")]/tbody/tr[1]/td[11]/div/div/div/div[2]/span"}
COMMAND: POST /session/0ed3e58e6e3cd5417bd3b3f225d9af79/element/f.52AB194D52E8559853F1D34C601D985B.d.95AF1A35478AF97CCF40CCD6D9996706.e.1128/click - {}
RESULT: {}
COMMAND: GET /session/0ed3e58e6e3cd5417bd3b3f225d9af79/screenshot - {}
RESULT: {}
COMMAND: POST /session/0ed3e58e6e3cd5417bd3b3f225d9af79/element - {"using":"xpath","value":"//table[contains(@id, \"massStateChangeTable-listUl\")]/tbody/tr[1]/td[11]/div/div/div/div[2]/span"}
RESULT: {"using":"xpath","value":"//table[contains(@id, \"massStateChangeTable-listUl\")]/tbody/tr[1]/td[11]/div/div/div/div[2]/span"}
COMMAND: POST /session/0ed3e58e6e3cd5417bd3b3f225d9af79/element/f.52AB194D52E8559853F1D34C601D985B.d.95AF1A35478AF97CCF40CCD6D9996706.e.1128/click - {}
RESULT: {}
COMMAND: GET /session/0ed3e58e6e3cd5417bd3b3f225d9af79/screenshot - {}
RESULT: {}
COMMAND: POST /session/0ed3e58e6e3cd5417bd3b3f225d9af79/element - {"using":"xpath","value":"//table[contains(@id, \"massStateChangeTable-listUl\")]/tbody/tr[1]/td[11]/div/div/div/div[2]/span"}
RESULT: {"using":"xpath","value":"//table[contains(@id, \"massStateChangeTable-listUl\")]/tbody/tr[1]/td[11]/div/div/div/div[2]/span"}
COMMAND: POST /session/0ed3e58e6e3cd5417bd3b3f225d9af79/element/f.52AB194D52E8559853F1D34C601D985B.d.95AF1A35478AF97CCF40CCD6D9996706.e.1128/click - {}
RESULT: {}
COMMAND: GET /session/0ed3e58e6e3cd5417bd3b3f225d9af79/screenshot - {}
RESULT: {}
COMMAND: POST /session/0ed3e58e6e3cd5417bd3b3f225d9af79/element - {"using":"xpath","value":"//table[contains(@id, \"massStateChangeTable-listUl\")]/tbody/tr[1]/td[11]/div/div/div/div[2]/span"}
RESULT: {"using":"xpath","value":"//table[contains(@id, \"massStateChangeTable-listUl\")]/tbody/tr[1]/td[11]/div/div/div/div[2]/span"}
COMMAND: POST /session/0ed3e58e6e3cd5417bd3b3f225d9af79/element/f.52AB194D52E8559853F1D34C601D985B.d.95AF1A35478AF97CCF40CCD6D9996706.e.1128/click - {}
RESULT: {}
COMMAND: GET /session/0ed3e58e6e3cd5417bd3b3f225d9af79/screenshot - {}
RESULT: {}
COMMAND: POST /session/0ed3e58e6e3cd5417bd3b3f225d9af79/element - {"using":"xpath","value":"//table[contains(@id, \"massStateChangeTable-listUl\")]/tbody/tr[1]/td[11]/div/div/div/div[2]/span"}
RESULT: {"using":"xpath","value":"//table[contains(@id, \"massStateChangeTable-listUl\")]/tbody/tr[1]/td[11]/div/div/div/div[2]/span"}
COMMAND: POST /session/0ed3e58e6e3cd5417bd3b3f225d9af79/element/f.52AB194D52E8559853F1D34C601D985B.d.95AF1A35478AF97CCF40CCD6D9996706.e.1128/click - {}
RESULT: {}
COMMAND: GET /session/0ed3e58e6e3cd5417bd3b3f225d9af79/screenshot - {}
RESULT: {}
COMMAND: POST /session/0ed3e58e6e3cd5417bd3b3f225d9af79/element - {"using":"xpath","value":"//table[contains(@id, \"massStateChangeTable-listUl\")]/tbody/tr[1]/td[11]/div/div/div/div[2]/span"}
RESULT: {"using":"xpath","value":"//table[contains(@id, \"massStateChangeTable-listUl\")]/tbody/tr[1]/td[11]/div/div/div/div[2]/span"}
COMMAND: POST /session/0ed3e58e6e3cd5417bd3b3f225d9af79/element/f.52AB194D52E8559853F1D34C601D985B.d.95AF1A35478AF97CCF40CCD6D9996706.e.1128/click - {}
RESULT: {}
COMMAND: GET /session/0ed3e58e6e3cd5417bd3b3f225d9af79/screenshot - {}
RESULT: {}
COMMAND: POST /session/0ed3e58e6e3cd5417bd3b3f225d9af79/element - {"using":"xpath","value":"//table[contains(@id, \"massStateChangeTable-listUl\")]/tbody/tr[1]/td[11]/div/div/div/div[2]/span"}
RESULT: {"using":"xpath","value":"//table[contains(@id, \"massStateChangeTable-listUl\")]/tbody/tr[1]/td[11]/div/div/div/div[2]/span"}
COMMAND: POST /session/0ed3e58e6e3cd5417bd3b3f225d9af79/element/f.52AB194D52E8559853F1D34C601D985B.d.95AF1A35478AF97CCF40CCD6D9996706.e.1128/click - {}
RESULT: {}
COMMAND: GET /session/0ed3e58e6e3cd5417bd3b3f225d9af79/screenshot - {}
RESULT: {}
COMMAND: POST /session/0ed3e58e6e3cd5417bd3b3f225d9af79/element - {"using":"xpath","value":"//table[contains(@id, \"massStateChangeTable-listUl\")]/tbody/tr[1]/td[11]/div/div/div/div[2]/span"}
RESULT: {"using":"xpath","value":"//table[contains(@id, \"massStateChangeTable-listUl\")]/tbody/tr[1]/td[11]/div/div/div/div[2]/span"}
COMMAND: POST /session/0ed3e58e6e3cd5417bd3b3f225d9af79/element/f.52AB194D52E8559853F1D34C601D985B.d.95AF1A35478AF97CCF40CCD6D9996706.e.1128/click - {}
RESULT: {}
COMMAND: GET /session/0ed3e58e6e3cd5417bd3b3f225d9af79/screenshot - {}
RESULT: {}
COMMAND: POST /session/0ed3e58e6e3cd5417bd3b3f225d9af79/element - {"using":"xpath","value":"//table[contains(@id, \"massStateChangeTable-listUl\")]/tbody/tr[1]/td[11]/div/div/div/div[2]/span"}
RESULT: {"using":"xpath","value":"//table[contains(@id, \"massStateChangeTable-listUl\")]/tbody/tr[1]/td[11]/div/div/div/div[2]/span"}
COMMAND: POST /session/0ed3e58e6e3cd5417bd3b3f225d9af79/element/f.52AB194D52E8559853F1D34C601D985B.d.95AF1A35478AF97CCF40CCD6D9996706.e.1128/click - {}
RESULT: {}
COMMAND: GET /session/0ed3e58e6e3cd5417bd3b3f225d9af79/screenshot - {}
RESULT: {}
COMMAND: POST /session/0ed3e58e6e3cd5417bd3b3f225d9af79/element - {"using":"xpath","value":"//table[contains(@id, \"massStateChangeTable-listUl\")]/tbody/tr[1]/td[11]/div/div/div/div[2]/span"}
RESULT: {"using":"xpath","value":"//table[contains(@id, \"massStateChangeTable-listUl\")]/tbody/tr[1]/td[11]/div/div/div/div[2]/span"}
COMMAND: POST /session/0ed3e58e6e3cd5417bd3b3f225d9af79/element/f.52AB194D52E8559853F1D34C601D985B.d.95AF1A35478AF97CCF40CCD6D9996706.e.1128/click - {}
RESULT: {}
COMMAND: GET /session/0ed3e58e6e3cd5417bd3b3f225d9af79/screenshot - {}
RESULT: {}
COMMAND: POST /session/0ed3e58e6e3cd5417bd3b3f225d9af79/element - {"using":"xpath","value":"//table[contains(@id, \"massStateChangeTable-listUl\")]/tbody/tr[1]/td[11]/div/div/div/div[2]/span"}
RESULT: {"using":"xpath","value":"//table[contains(@id, \"massStateChangeTable-listUl\")]/tbody/tr[1]/td[11]/div/div/div/div[2]/span"}
COMMAND: POST /session/0ed3e58e6e3cd5417bd3b3f225d9af79/element/f.52AB194D52E8559853F1D34C601D985B.d.95AF1A35478AF97CCF40CCD6D9996706.e.1128/click - {}
RESULT: {}
COMMAND: GET /session/0ed3e58e6e3cd5417bd3b3f225d9af79/screenshot - {}
RESULT: {}
COMMAND: POST /session/0ed3e58e6e3cd5417bd3b3f225d9af79/element - {"using":"xpath","value":"//table[contains(@id, \"massStateChangeTable-listUl\")]/tbody/tr[1]/td[11]/div/div/div/div[2]/span"}
RESULT: {"using":"xpath","value":"//table[contains(@id, \"massStateChangeTable-listUl\")]/tbody/tr[1]/td[11]/div/div/div/div[2]/span"}
COMMAND: POST /session/0ed3e58e6e3cd5417bd3b3f225d9af79/element/f.52AB194D52E8559853F1D34C601D985B.d.95AF1A35478AF97CCF40CCD6D9996706.e.1128/click - {}
RESULT: {}
COMMAND: GET /session/0ed3e58e6e3cd5417bd3b3f225d9af79/screenshot - {}
RESULT: {}
COMMAND: POST /session/0ed3e58e6e3cd5417bd3b3f225d9af79/element - {"using":"xpath","value":"//table[contains(@id, \"massStateChangeTable-listUl\")]/tbody/tr[1]/td[11]/div/div/div/div[2]/span"}
RESULT: {"using":"xpath","value":"//table[contains(@id, \"massStateChangeTable-listUl\")]/tbody/tr[1]/td[11]/div/div/div/div[2]/span"}
COMMAND: POST /session/0ed3e58e6e3cd5417bd3b3f225d9af79/element/f.52AB194D52E8559853F1D34C601D985B.d.95AF1A35478AF97CCF40CCD6D9996706.e.1128/click - {}
RESULT: {}
COMMAND: GET /session/0ed3e58e6e3cd5417bd3b3f225d9af79/screenshot - {}
RESULT: {}
COMMAND: POST /session/0ed3e58e6e3cd5417bd3b3f225d9af79/element - {"using":"xpath","value":"//table[contains(@id, \"massStateChangeTable-listUl\")]/tbody/tr[1]/td[11]/div/div/div/div[2]/span"}
RESULT: {"using":"xpath","value":"//table[contains(@id, \"massStateChangeTable-listUl\")]/tbody/tr[1]/td[11]/div/div/div/div[2]/span"}
COMMAND: POST /session/0ed3e58e6e3cd5417bd3b3f225d9af79/element/f.52AB194D52E8559853F1D34C601D985B.d.95AF1A35478AF97CCF40CCD6D9996706.e.1128/click - {}
RESULT: {}
COMMAND: GET /session/0ed3e58e6e3cd5417bd3b3f225d9af79/screenshot - {}
RESULT: {}
COMMAND: POST /session/0ed3e58e6e3cd5417bd3b3f225d9af79/element - {"using":"xpath","value":"//table[contains(@id, \"massStateChangeTable-listUl\")]/tbody/tr[1]/td[11]/div/div/div/div[2]/span"}
RESULT: {"using":"xpath","value":"//table[contains(@id, \"massStateChangeTable-listUl\")]/tbody/tr[1]/td[11]/div/div/div/div[2]/span"}
COMMAND: POST /session/0ed3e58e6e3cd5417bd3b3f225d9af79/element/f.52AB194D52E8559853F1D34C601D985B.d.95AF1A35478AF97CCF40CCD6D9996706.e.1128/click - {}
RESULT: {}
COMMAND: GET /session/0ed3e58e6e3cd5417bd3b3f225d9af79/screenshot - {}
RESULT: {}
COMMAND: POST /session/0ed3e58e6e3cd5417bd3b3f225d9af79/element - {"using":"xpath","value":"//table[contains(@id, \"massStateChangeTable-listUl\")]/tbody/tr[1]/td[11]/div/div/div/div[2]/span"}
RESULT: {"using":"xpath","value":"//table[contains(@id, \"massStateChangeTable-listUl\")]/tbody/tr[1]/td[11]/div/div/div/div[2]/span"}
COMMAND: POST /session/0ed3e58e6e3cd5417bd3b3f225d9af79/element/f.52AB194D52E8559853F1D34C601D985B.d.95AF1A35478AF97CCF40CCD6D9996706.e.1128/click - {}
RESULT: {}
COMMAND: GET /session/0ed3e58e6e3cd5417bd3b3f225d9af79/screenshot - {}
RESULT: {}
COMMAND: POST /session/0ed3e58e6e3cd5417bd3b3f225d9af79/element - {"using":"xpath","value":"//table[contains(@id, \"massStateChangeTable-listUl\")]/tbody/tr[1]/td[11]/div/div/div/div[2]/span"}
RESULT: {"using":"xpath","value":"//table[contains(@id, \"massStateChangeTable-listUl\")]/tbody/tr[1]/td[11]/div/div/div/div[2]/span"}
COMMAND: POST /session/0ed3e58e6e3cd5417bd3b3f225d9af79/element/f.52AB194D52E8559853F1D34C601D985B.d.95AF1A35478AF97CCF40CCD6D9996706.e.1128/click - {}
RESULT: {}
COMMAND: GET /session/0ed3e58e6e3cd5417bd3b3f225d9af79/screenshot - {}
RESULT: {}
COMMAND: POST /session/0ed3e58e6e3cd5417bd3b3f225d9af79/element - {"using":"xpath","value":"//table[contains(@id, \"massStateChangeTable-listUl\")]/tbody/tr[1]/td[11]/div/div/div/div[2]/span"}
RESULT: {"using":"xpath","value":"//table[contains(@id, \"massStateChangeTable-listUl\")]/tbody/tr[1]/td[11]/div/div/div/div[2]/span"}
COMMAND: POST /session/0ed3e58e6e3cd5417bd3b3f225d9af79/element/f.52AB194D52E8559853F1D34C601D985B.d.95AF1A35478AF97CCF40CCD6D9996706.e.1128/click - {}
RESULT: {}
COMMAND: GET /session/0ed3e58e6e3cd5417bd3b3f225d9af79/screenshot - {}
RESULT: {}
COMMAND: POST /session/0ed3e58e6e3cd5417bd3b3f225d9af79/element - {"using":"xpath","value":"//table[contains(@id, \"massStateChangeTable-listUl\")]/tbody/tr[1]/td[11]/div/div/div/div[2]/span"}
RESULT: {"using":"xpath","value":"//table[contains(@id, \"massStateChangeTable-listUl\")]/tbody/tr[1]/td[11]/div/div/div/div[2]/span"}
COMMAND: POST /session/0ed3e58e6e3cd5417bd3b3f225d9af79/element/f.52AB194D52E8559853F1D34C601D985B.d.95AF1A35478AF97CCF40CCD6D9996706.e.1128/click - {}
RESULT: {}
COMMAND: GET /session/0ed3e58e6e3cd5417bd3b3f225d9af79/screenshot - {}
RESULT: {}
COMMAND: POST /session/0ed3e58e6e3cd5417bd3b3f225d9af79/element - {"using":"xpath","value":"//table[contains(@id, \"massStateChangeTable-listUl\")]/tbody/tr[1]/td[11]/div/div/div/div[2]/span"}
RESULT: {"using":"xpath","value":"//table[contains(@id, \"massStateChangeTable-listUl\")]/tbody/tr[1]/td[11]/div/div/div/div[2]/span"}
COMMAND: POST /session/0ed3e58e6e3cd5417bd3b3f225d9af79/element/f.52AB194D52E8559853F1D34C601D985B.d.95AF1A35478AF97CCF40CCD6D9996706.e.1128/click - {}
RESULT: {}
COMMAND: GET /session/0ed3e58e6e3cd5417bd3b3f225d9af79/screenshot - {}
RESULT: {}
COMMAND: POST /session/0ed3e58e6e3cd5417bd3b3f225d9af79/element - {"using":"xpath","value":"//table[contains(@id, \"massStateChangeTable-listUl\")]/tbody/tr[1]/td[11]/div/div/div/div[2]/span"}
RESULT: {"using":"xpath","value":"//table[contains(@id, \"massStateChangeTable-listUl\")]/tbody/tr[1]/td[11]/div/div/div/div[2]/span"}
COMMAND: POST /session/0ed3e58e6e3cd5417bd3b3f225d9af79/element/f.52AB194D52E8559853F1D34C601D985B.d.95AF1A35478AF97CCF40CCD6D9996706.e.1128/click - {}
RESULT: {}
COMMAND: GET /session/0ed3e58e6e3cd5417bd3b3f225d9af79/screenshot - {}
RESULT: {}
COMMAND: POST /session/0ed3e58e6e3cd5417bd3b3f225d9af79/element - {"using":"xpath","value":"//table[contains(@id, \"massStateChangeTable-listUl\")]/tbody/tr[1]/td[11]/div/div/div/div[2]/span"}
RESULT: {"using":"xpath","value":"//table[contains(@id, \"massStateChangeTable-listUl\")]/tbody/tr[1]/td[11]/div/div/div/div[2]/span"}
COMMAND: POST /session/0ed3e58e6e3cd5417bd3b3f225d9af79/element/f.52AB194D52E8559853F1D34C601D985B.d.95AF1A35478AF97CCF40CCD6D9996706.e.1128/click - {}
RESULT: {}
COMMAND: GET /session/0ed3e58e6e3cd5417bd3b3f225d9af79/screenshot - {}
RESULT: {}
COMMAND: POST /session/0ed3e58e6e3cd5417bd3b3f225d9af79/element - {"using":"xpath","value":"//table[contains(@id, \"massStateChangeTable-listUl\")]/tbody/tr[1]/td[11]/div/div/div/div[2]/span"}
RESULT: {"using":"xpath","value":"//table[contains(@id, \"massStateChangeTable-listUl\")]/tbody/tr[1]/td[11]/div/div/div/div[2]/span"}
COMMAND: POST /session/0ed3e58e6e3cd5417bd3b3f225d9af79/element/f.52AB194D52E8559853F1D34C601D985B.d.95AF1A35478AF97CCF40CCD6D9996706.e.1128/click - {}
RESULT: {}
COMMAND: GET /session/0ed3e58e6e3cd5417bd3b3f225d9af79/screenshot - {}
RESULT: {}
COMMAND: POST /session/0ed3e58e6e3cd5417bd3b3f225d9af79/element - {"using":"xpath","value":"//table[contains(@id, \"massStateChangeTable-listUl\")]/tbody/tr[1]/td[11]/div/div/div/div[2]/span"}
RESULT: {"using":"xpath","value":"//table[contains(@id, \"massStateChangeTable-listUl\")]/tbody/tr[1]/td[11]/div/div/div/div[2]/span"}
COMMAND: POST /session/0ed3e58e6e3cd5417bd3b3f225d9af79/element/f.52AB194D52E8559853F1D34C601D985B.d.95AF1A35478AF97CCF40CCD6D9996706.e.1128/click - {}
RESULT: {}
COMMAND: GET /session/0ed3e58e6e3cd5417bd3b3f225d9af79/screenshot - {}
RESULT: {}
COMMAND: POST /session/0ed3e58e6e3cd5417bd3b3f225d9af79/element - {"using":"xpath","value":"//table[contains(@id, \"massStateChangeTable-listUl\")]/tbody/tr[1]/td[11]/div/div/div/div[2]/span"}
RESULT: {"using":"xpath","value":"//table[contains(@id, \"massStateChangeTable-listUl\")]/tbody/tr[1]/td[11]/div/div/div/div[2]/span"}
COMMAND: POST /session/0ed3e58e6e3cd5417bd3b3f225d9af79/element/f.52AB194D52E8559853F1D34C601D985B.d.95AF1A35478AF97CCF40CCD6D9996706.e.1128/click - {}
RESULT: {}
COMMAND: GET /session/0ed3e58e6e3cd5417bd3b3f225d9af79/screenshot - {}
RESULT: {}
COMMAND: POST /session/0ed3e58e6e3cd5417bd3b3f225d9af79/element - {"using":"xpath","value":"//table[contains(@id, \"massStateChangeTable-listUl\")]/tbody/tr[1]/td[11]/div/div/div/div[2]/span"}
RESULT: {"using":"xpath","value":"//table[contains(@id, \"massStateChangeTable-listUl\")]/tbody/tr[1]/td[11]/div/div/div/div[2]/span"}
COMMAND: POST /session/0ed3e58e6e3cd5417bd3b3f225d9af79/element/f.52AB194D52E8559853F1D34C601D985B.d.95AF1A35478AF97CCF40CCD6D9996706.e.1128/click - {}
RESULT: {}
COMMAND: GET /session/0ed3e58e6e3cd5417bd3b3f225d9af79/screenshot - {}
RESULT: {}
COMMAND: POST /session/0ed3e58e6e3cd5417bd3b3f225d9af79/element - {"using":"xpath","value":"//table[contains(@id, \"massStateChangeTable-listUl\")]/tbody/tr[1]/td[11]/div/div/div/div[2]/span"}
RESULT: {"using":"xpath","value":"//table[contains(@id, \"massStateChangeTable-listUl\")]/tbody/tr[1]/td[11]/div/div/div/div[2]/span"}
COMMAND: POST /session/0ed3e58e6e3cd5417bd3b3f225d9af79/element/f.52AB194D52E8559853F1D34C601D985B.d.95AF1A35478AF97CCF40CCD6D9996706.e.1128/click - {}
RESULT: {}
COMMAND: GET /session/0ed3e58e6e3cd5417bd3b3f225d9af79/screenshot - {}
RESULT: {}
COMMAND: POST /session/0ed3e58e6e3cd5417bd3b3f225d9af79/element - {"using":"xpath","value":"//table[contains(@id, \"massStateChangeTable-listUl\")]/tbody/tr[1]/td[11]/div/div/div/div[2]/span"}
RESULT: {"using":"xpath","value":"//table[contains(@id, \"massStateChangeTable-listUl\")]/tbody/tr[1]/td[11]/div/div/div/div[2]/span"}
COMMAND: POST /session/0ed3e58e6e3cd5417bd3b3f225d9af79/element/f.52AB194D52E8559853F1D34C601D985B.d.95AF1A35478AF97CCF40CCD6D9996706.e.1128/click - {}
RESULT: {}
COMMAND: GET /session/0ed3e58e6e3cd5417bd3b3f225d9af79/screenshot - {}
RESULT: {}
COMMAND: POST /session/0ed3e58e6e3cd5417bd3b3f225d9af79/element - {"using":"xpath","value":"//table[contains(@id, \"massStateChangeTable-listUl\")]/tbody/tr[1]/td[11]/div/div/div/div[2]/span"}
RESULT: {"using":"xpath","value":"//table[contains(@id, \"massStateChangeTable-listUl\")]/tbody/tr[1]/td[11]/div/div/div/div[2]/span"}
COMMAND: POST /session/0ed3e58e6e3cd5417bd3b3f225d9af79/element/f.52AB194D52E8559853F1D34C601D985B.d.95AF1A35478AF97CCF40CCD6D9996706.e.1128/click - {}
RESULT: {}
COMMAND: GET /session/0ed3e58e6e3cd5417bd3b3f225d9af79/screenshot - {}
RESULT: {}
COMMAND: POST /session/0ed3e58e6e3cd5417bd3b3f225d9af79/element - {"using":"xpath","value":"//table[contains(@id, \"massStateChangeTable-listUl\")]/tbody/tr[1]/td[11]/div/div/div/div[2]/span"}
RESULT: {"using":"xpath","value":"//table[contains(@id, \"massStateChangeTable-listUl\")]/tbody/tr[1]/td[11]/div/div/div/div[2]/span"}
COMMAND: POST /session/0ed3e58e6e3cd5417bd3b3f225d9af79/element/f.52AB194D52E8559853F1D34C601D985B.d.95AF1A35478AF97CCF40CCD6D9996706.e.1128/click - {}
RESULT: {}
COMMAND: GET /session/0ed3e58e6e3cd5417bd3b3f225d9af79/screenshot - {}
RESULT: {}
COMMAND: POST /session/0ed3e58e6e3cd5417bd3b3f225d9af79/element - {"using":"xpath","value":"//table[contains(@id, \"massStateChangeTable-listUl\")]/tbody/tr[1]/td[11]/div/div/div/div[2]/span"}
RESULT: {"using":"xpath","value":"//table[contains(@id, \"massStateChangeTable-listUl\")]/tbody/tr[1]/td[11]/div/div/div/div[2]/span"}
COMMAND: POST /session/0ed3e58e6e3cd5417bd3b3f225d9af79/element/f.52AB194D52E8559853F1D34C601D985B.d.95AF1A35478AF97CCF40CCD6D9996706.e.1128/click - {}
RESULT: {}
COMMAND: GET /session/0ed3e58e6e3cd5417bd3b3f225d9af79/screenshot - {}
RESULT: {}
COMMAND: POST /session/0ed3e58e6e3cd5417bd3b3f225d9af79/element - {"using":"xpath","value":"//table[contains(@id, \"massStateChangeTable-listUl\")]/tbody/tr[1]/td[11]/div/div/div/div[2]/span"}
RESULT: {"using":"xpath","value":"//table[contains(@id, \"massStateChangeTable-listUl\")]/tbody/tr[1]/td[11]/div/div/div/div[2]/span"}
COMMAND: POST /session/0ed3e58e6e3cd5417bd3b3f225d9af79/element/f.52AB194D52E8559853F1D34C601D985B.d.95AF1A35478AF97CCF40CCD6D9996706.e.1128/click - {}
RESULT: {}
COMMAND: GET /session/0ed3e58e6e3cd5417bd3b3f225d9af79/screenshot - {}
RESULT: {}
COMMAND: POST /session/0ed3e58e6e3cd5417bd3b3f225d9af79/element - {"using":"xpath","value":"//table[contains(@id, \"massStateChangeTable-listUl\")]/tbody/tr[1]/td[11]/div/div/div/div[2]/span"}
RESULT: {"using":"xpath","value":"//table[contains(@id, \"massStateChangeTable-listUl\")]/tbody/tr[1]/td[11]/div/div/div/div[2]/span"}
COMMAND: POST /session/0ed3e58e6e3cd5417bd3b3f225d9af79/element/f.52AB194D52E8559853F1D34C601D985B.d.95AF1A35478AF97CCF40CCD6D9996706.e.1128/click - {}
RESULT: {}
COMMAND: GET /session/0ed3e58e6e3cd5417bd3b3f225d9af79/screenshot - {}
RESULT: {}
COMMAND: POST /session/0ed3e58e6e3cd5417bd3b3f225d9af79/element - {"using":"xpath","value":"//table[contains(@id, \"massStateChangeTable-listUl\")]/tbody/tr[1]/td[11]/div/div/div/div[2]/span"}
RESULT: {"using":"xpath","value":"//table[contains(@id, \"massStateChangeTable-listUl\")]/tbody/tr[1]/td[11]/div/div/div/div[2]/span"}
COMMAND: POST /session/0ed3e58e6e3cd5417bd3b3f225d9af79/element/f.52AB194D52E8559853F1D34C601D985B.d.95AF1A35478AF97CCF40CCD6D9996706.e.1128/click - {}
RESULT: {}
COMMAND: GET /session/0ed3e58e6e3cd5417bd3b3f225d9af79/screenshot - {}
RESULT: {}
COMMAND: POST /session/0ed3e58e6e3cd5417bd3b3f225d9af79/element - {"using":"xpath","value":"//table[contains(@id, \"massStateChangeTable-listUl\")]/tbody/tr[1]/td[11]/div/div/div/div[2]/span"}
RESULT: {"using":"xpath","value":"//table[contains(@id, \"massStateChangeTable-listUl\")]/tbody/tr[1]/td[11]/div/div/div/div[2]/span"}
COMMAND: POST /session/0ed3e58e6e3cd5417bd3b3f225d9af79/element/f.52AB194D52E8559853F1D34C601D985B.d.95AF1A35478AF97CCF40CCD6D9996706.e.1128/click - {}
RESULT: {}
COMMAND: GET /session/0ed3e58e6e3cd5417bd3b3f225d9af79/screenshot - {}
RESULT: {}
COMMAND: POST /session/0ed3e58e6e3cd5417bd3b3f225d9af79/element - {"using":"xpath","value":"//table[contains(@id, \"massStateChangeTable-listUl\")]/tbody/tr[1]/td[11]/div/div/div/div[2]/span"}
RESULT: {"using":"xpath","value":"//table[contains(@id, \"massStateChangeTable-listUl\")]/tbody/tr[1]/td[11]/div/div/div/div[2]/span"}
COMMAND: POST /session/0ed3e58e6e3cd5417bd3b3f225d9af79/element/f.52AB194D52E8559853F1D34C601D985B.d.95AF1A35478AF97CCF40CCD6D9996706.e.1128/click - {}
RESULT: {}
COMMAND: GET /session/0ed3e58e6e3cd5417bd3b3f225d9af79/screenshot - {}
RESULT: {}
COMMAND: POST /session/0ed3e58e6e3cd5417bd3b3f225d9af79/element - {"using":"xpath","value":"//table[contains(@id, \"massStateChangeTable-listUl\")]/tbody/tr[1]/td[11]/div/div/div/div[2]/span"}
RESULT: {"using":"xpath","value":"//table[contains(@id, \"massStateChangeTable-listUl\")]/tbody/tr[1]/td[11]/div/div/div/div[2]/span"}
COMMAND: POST /session/0ed3e58e6e3cd5417bd3b3f225d9af79/element/f.52AB194D52E8559853F1D34C601D985B.d.95AF1A35478AF97CCF40CCD6D9996706.e.1128/click - {}
RESULT: {}
COMMAND: GET /session/0ed3e58e6e3cd5417bd3b3f225d9af79/screenshot - {}
RESULT: {}
COMMAND: POST /session/0ed3e58e6e3cd5417bd3b3f225d9af79/element - {"using":"xpath","value":"//table[contains(@id, \"massStateChangeTable-listUl\")]/tbody/tr[1]/td[11]/div/div/div/div[2]/span"}
RESULT: {"using":"xpath","value":"//table[contains(@id, \"massStateChangeTable-listUl\")]/tbody/tr[1]/td[11]/div/div/div/div[2]/span"}
COMMAND: POST /session/0ed3e58e6e3cd5417bd3b3f225d9af79/element/f.52AB194D52E8559853F1D34C601D985B.d.95AF1A35478AF97CCF40CCD6D9996706.e.1128/click - {}
RESULT: {}
COMMAND: GET /session/0ed3e58e6e3cd5417bd3b3f225d9af79/screenshot - {}
RESULT: {}
COMMAND: POST /session/0ed3e58e6e3cd5417bd3b3f225d9af79/element - {"using":"xpath","value":"//table[contains(@id, \"massStateChangeTable-listUl\")]/tbody/tr[1]/td[11]/div/div/div/div[2]/span"}
RESULT: {"using":"xpath","value":"//table[contains(@id, \"massStateChangeTable-listUl\")]/tbody/tr[1]/td[11]/div/div/div/div[2]/span"}
COMMAND: POST /session/0ed3e58e6e3cd5417bd3b3f225d9af79/element/f.52AB194D52E8559853F1D34C601D985B.d.95AF1A35478AF97CCF40CCD6D9996706.e.1128/click - {}
RESULT: {}
COMMAND: GET /session/0ed3e58e6e3cd5417bd3b3f225d9af79/screenshot - {}
RESULT: {}
COMMAND: POST /session/0ed3e58e6e3cd5417bd3b3f225d9af79/element - {"using":"xpath","value":"//table[contains(@id, \"massStateChangeTable-listUl\")]/tbody/tr[1]/td[11]/div/div/div/div[2]/span"}
RESULT: {"using":"xpath","value":"//table[contains(@id, \"massStateChangeTable-listUl\")]/tbody/tr[1]/td[11]/div/div/div/div[2]/span"}
COMMAND: POST /session/0ed3e58e6e3cd5417bd3b3f225d9af79/element/f.52AB194D52E8559853F1D34C601D985B.d.95AF1A35478AF97CCF40CCD6D9996706.e.1128/click - {}
RESULT: {}
COMMAND: GET /session/0ed3e58e6e3cd5417bd3b3f225d9af79/screenshot - {}
RESULT: {}
COMMAND: POST /session/0ed3e58e6e3cd5417bd3b3f225d9af79/element - {"using":"xpath","value":"//table[contains(@id, \"massStateChangeTable-listUl\")]/tbody/tr[1]/td[11]/div/div/div/div[2]/span"}
RESULT: {"using":"xpath","value":"//table[contains(@id, \"massStateChangeTable-listUl\")]/tbody/tr[1]/td[11]/div/div/div/div[2]/span"}
COMMAND: POST /session/0ed3e58e6e3cd5417bd3b3f225d9af79/element/f.52AB194D52E8559853F1D34C601D985B.d.95AF1A35478AF97CCF40CCD6D9996706.e.1128/click - {}
RESULT: {}
COMMAND: GET /session/0ed3e58e6e3cd5417bd3b3f225d9af79/screenshot - {}
RESULT: {}
COMMAND: POST /session/0ed3e58e6e3cd5417bd3b3f225d9af79/element - {"using":"xpath","value":"//table[contains(@id, \"massStateChangeTable-listUl\")]/tbody/tr[1]/td[11]/div/div/div/div[2]/span"}
RESULT: {"using":"xpath","value":"//table[contains(@id, \"massStateChangeTable-listUl\")]/tbody/tr[1]/td[11]/div/div/div/div[2]/span"}
COMMAND: POST /session/0ed3e58e6e3cd5417bd3b3f225d9af79/element/f.52AB194D52E8559853F1D34C601D985B.d.95AF1A35478AF97CCF40CCD6D9996706.e.1128/click - {}
RESULT: {}
COMMAND: GET /session/0ed3e58e6e3cd5417bd3b3f225d9af79/screenshot - {}
RESULT: {}
COMMAND: POST /session/0ed3e58e6e3cd5417bd3b3f225d9af79/element - {"using":"xpath","value":"//table[contains(@id, \"massStateChangeTable-listUl\")]/tbody/tr[1]/td[11]/div/div/div/div[2]/span"}
RESULT: {"using":"xpath","value":"//table[contains(@id, \"massStateChangeTable-listUl\")]/tbody/tr[1]/td[11]/div/div/div/div[2]/span"}
COMMAND: POST /session/0ed3e58e6e3cd5417bd3b3f225d9af79/element/f.52AB194D52E8559853F1D34C601D985B.d.95AF1A35478AF97CCF40CCD6D9996706.e.1128/click - {}
RESULT: {}
COMMAND: GET /session/0ed3e58e6e3cd5417bd3b3f225d9af79/screenshot - {}
RESULT: {}
COMMAND: POST /session/0ed3e58e6e3cd5417bd3b3f225d9af79/element - {"using":"xpath","value":"//table[contains(@id, \"massStateChangeTable-listUl\")]/tbody/tr[2]/td[11]/div/div/div/div[2]/span"}
RESULT: {"using":"xpath","value":"//table[contains(@id, \"massStateChangeTable-listUl\")]/tbody/tr[2]/td[11]/div/div/div/div[2]/span"}
COMMAND: POST /session/0ed3e58e6e3cd5417bd3b3f225d9af79/element/f.52AB194D52E8559853F1D34C601D985B.d.95AF1A35478AF97CCF40CCD6D9996706.e.1129/click - {}
RESULT: {}
COMMAND: GET /session/0ed3e58e6e3cd5417bd3b3f225d9af79/screenshot - {}
RESULT: {}
COMMAND: POST /session/0ed3e58e6e3cd5417bd3b3f225d9af79/element - {"using":"xpath","value":"//table[contains(@id, \"massStateChangeTable-listUl\")]/tbody/tr[1]/td[11]/div/div/div/input"}
RESULT: {"using":"xpath","value":"//table[contains(@id, \"massStateChangeTable-listUl\")]/tbody/tr[1]/td[11]/div/div/div/input"}
COMMAND: GET /session/0ed3e58e6e3cd5417bd3b3f225d9af79/element/f.52AB194D52E8559853F1D34C601D985B.d.95AF1A35478AF97CCF40CCD6D9996706.e.1108/property/value - {}
RESULT: {}
COMMAND: POST /session/0ed3e58e6e3cd5417bd3b3f225d9af79/element - {"using":"xpath","value":"//table[contains(@id, \"massStateChangeTable-listUl\")]/tbody/tr[2]/td[11]/div/div/div/input"}
COMMAND: GET /session/0ed3e58e6e3cd5417bd3b3f225d9af79/screenshot - {}
RESULT: {"using":"xpath","value":"//table[contains(@id, \"massStateChangeTable-listUl\")]/tbody/tr[2]/td[11]/div/div/div/input"}
COMMAND: GET /session/0ed3e58e6e3cd5417bd3b3f225d9af79/element/f.52AB194D52E8559853F1D34C601D985B.d.95AF1A35478AF97CCF40CCD6D9996706.e.1112/property/value - {}
RESULT: {}
RESULT: {}
COMMAND: POST /session/0ed3e58e6e3cd5417bd3b3f225d9af79/element - {"using":"xpath","value":"(//bdi[contains(text(), \"OK\")])[1]"}
COMMAND: GET /session/0ed3e58e6e3cd5417bd3b3f225d9af79/screenshot - {}
RESULT: {"using":"xpath","value":"(//bdi[contains(text(), \"OK\")])[1]"}
COMMAND: POST /session/0ed3e58e6e3cd5417bd3b3f225d9af79/element/f.52AB194D52E8559853F1D34C601D985B.d.95AF1A35478AF97CCF40CCD6D9996706.e.1115/click - {}
RESULT: {}
RESULT: {}
COMMAND: GET /session/0ed3e58e6e3cd5417bd3b3f225d9af79/screenshot - {}
RESULT: {}
COMMAND: POST /session/0ed3e58e6e3cd5417bd3b3f225d9af79/element - {"using":"xpath","value":"(//bdi[contains(text(), \"OK\")])[2]"}
RESULT: {"using":"xpath","value":"(//bdi[contains(text(), \"OK\")])[2]"}
COMMAND: POST /session/0ed3e58e6e3cd5417bd3b3f225d9af79/element/f.52AB194D52E8559853F1D34C601D985B.d.95AF1A35478AF97CCF40CCD6D9996706.e.1132/click - {}
RESULT: {}
COMMAND: GET /session/0ed3e58e6e3cd5417bd3b3f225d9af79/screenshot - {}
RESULT: {}
RESULT: undefined
COMMAND: POST /session/0ed3e58e6e3cd5417bd3b3f225d9af79/execute/async - {"script":"<script> [776 bytes]","args":[{"enterText":"600002","selector":{"id":"application-ruinventorylist-display-component---Master--smartFilterBar-btnBasicSearch","interaction":{"idSuffix":"I"}},"clearTextFirst":true,"interactionType":"ENTER_TEXT"}]}
RESULT: {"script":"<script> [776 bytes]","args":[{"enterText":"600002","selector":{"id":"application-ruinventorylist-display-component---Master--smartFilterBar-btnBasicSearch","interaction":{"idSuffix":"I"}},"clearTextFirst":true,"interactionType":"ENTER_TEXT"}]}
COMMAND: POST /session/0ed3e58e6e3cd5417bd3b3f225d9af79/actions - {"actions":[{"id":"action5","type":"key","parameters":{},"actions":[{"type":"keyDown","value":""},{"type":"pause","duration":10},{"type":"keyUp","value":""}]}]}
RESULT: {"actions":[{"id":"action5","type":"key","parameters":{},"actions":[{"type":"keyDown","value":""},{"type":"pause","duration":10},{"type":"keyUp","value":""}]}]}
COMMAND: GET /session/0ed3e58e6e3cd5417bd3b3f225d9af79/screenshot - {}
RESULT: {}
COMMAND: POST /session/0ed3e58e6e3cd5417bd3b3f225d9af79/element - {"using":"xpath","value":"//span[@id=\"application-ruinventorylist-display-component---Master--smartTableRuInventoryList-header-inner\"]"}
RESULT: {"using":"xpath","value":"//span[@id=\"application-ruinventorylist-display-component---Master--smartTableRuInventoryList-header-inner\"]"}
COMMAND: POST /session/0ed3e58e6e3cd5417bd3b3f225d9af79/elements - {"using":"xpath","value":"//span[@id=\"application-ruinventorylist-display-component---Master--smartTableRuInventoryList-header-inner\"]"}
RESULT: {"using":"xpath","value":"//span[@id=\"application-ruinventorylist-display-component---Master--smartTableRuInventoryList-header-inner\"]"}
COMMAND: POST /session/0ed3e58e6e3cd5417bd3b3f225d9af79/execute/sync - {"script":"<script> [56 bytes]","args":[{"element-6066-11e4-a52e-4f735466cecf":"f.52AB194D52E8559853F1D34C601D985B.d.95AF1A35478AF97CCF40CCD6D9996706.e.828","ELEMENT":"f.52AB194D52E8559853F1D34C601D985B.d.95AF1A35478AF97CCF40CCD6D9996706.e.828"}]}
RESULT: {"script":"<script> [56 bytes]","args":[{"element-6066-11e4-a52e-4f735466cecf":"f.52AB194D52E8559853F1D34C601D985B.d.95AF1A35478AF97CCF40CCD6D9996706.e.828","ELEMENT":"f.52AB194D52E8559853F1D34C601D985B.d.95AF1A35478AF97CCF40CCD6D9996706.e.828"}]}
COMMAND: POST /session/0ed3e58e6e3cd5417bd3b3f225d9af79/element - {"using":"xpath","value":"//table[contains(@id, \"application-ruinventorylist-display-component---Master--tableRuInventoryList-listUl\")]/tbody/tr[1]/td[6]/div/span"}
COMMAND: GET /session/0ed3e58e6e3cd5417bd3b3f225d9af79/screenshot - {}
RESULT: {"using":"xpath","value":"//table[contains(@id, \"application-ruinventorylist-display-component---Master--tableRuInventoryList-listUl\")]/tbody/tr[1]/td[6]/div/span"}
COMMAND: POST /session/0ed3e58e6e3cd5417bd3b3f225d9af79/execute/sync - {"script":"<script> [56 bytes]","args":[{"element-6066-11e4-a52e-4f735466cecf":"f.52AB194D52E8559853F1D34C601D985B.d.95AF1A35478AF97CCF40CCD6D9996706.e.1153","ELEMENT":"f.52AB194D52E8559853F1D34C601D985B.d.95AF1A35478AF97CCF40CCD6D9996706.e.1153"}]}
RESULT: {}
RESULT: {"script":"<script> [56 bytes]","args":[{"element-6066-11e4-a52e-4f735466cecf":"f.52AB194D52E8559853F1D34C601D985B.d.95AF1A35478AF97CCF40CCD6D9996706.e.1153","ELEMENT":"f.52AB194D52E8559853F1D34C601D985B.d.95AF1A35478AF97CCF40CCD6D9996706.e.1153"}]}
COMMAND: POST /session/0ed3e58e6e3cd5417bd3b3f225d9af79/element - {"using":"xpath","value":"//div[contains(@id, \"smartFilterBar-btnBasicSearch-reset\")]"}
COMMAND: GET /session/0ed3e58e6e3cd5417bd3b3f225d9af79/screenshot - {}
RESULT: {"using":"xpath","value":"//div[contains(@id, \"smartFilterBar-btnBasicSearch-reset\")]"}
COMMAND: POST /session/0ed3e58e6e3cd5417bd3b3f225d9af79/element/f.52AB194D52E8559853F1D34C601D985B.d.95AF1A35478AF97CCF40CCD6D9996706.e.846/click - {}
RESULT: {}
RESULT: {}
COMMAND: GET /session/0ed3e58e6e3cd5417bd3b3f225d9af79/screenshot - {}
RESULT: {}
RESULT: undefined
COMMAND: POST /session/0ed3e58e6e3cd5417bd3b3f225d9af79/execute/async - {"script":"<script> [776 bytes]","args":[{"enterText":"401002","selector":{"id":"application-ruinventorylist-display-component---Master--smartFilterBar-btnBasicSearch","interaction":{"idSuffix":"I"}},"clearTextFirst":true,"interactionType":"ENTER_TEXT"}]}
RESULT: {"script":"<script> [776 bytes]","args":[{"enterText":"401002","selector":{"id":"application-ruinventorylist-display-component---Master--smartFilterBar-btnBasicSearch","interaction":{"idSuffix":"I"}},"clearTextFirst":true,"interactionType":"ENTER_TEXT"}]}
COMMAND: POST /session/0ed3e58e6e3cd5417bd3b3f225d9af79/actions - {"actions":[{"id":"action6","type":"key","parameters":{},"actions":[{"type":"keyDown","value":""},{"type":"pause","duration":10},{"type":"keyUp","value":""}]}]}
RESULT: {"actions":[{"id":"action6","type":"key","parameters":{},"actions":[{"type":"keyDown","value":""},{"type":"pause","duration":10},{"type":"keyUp","value":""}]}]}
COMMAND: GET /session/0ed3e58e6e3cd5417bd3b3f225d9af79/screenshot - {}
RESULT: {}
COMMAND: POST /session/0ed3e58e6e3cd5417bd3b3f225d9af79/element - {"using":"xpath","value":"//span[@id=\"application-ruinventorylist-display-component---Master--smartTableRuInventoryList-header-inner\"]"}
RESULT: {"using":"xpath","value":"//span[@id=\"application-ruinventorylist-display-component---Master--smartTableRuInventoryList-header-inner\"]"}
COMMAND: POST /session/0ed3e58e6e3cd5417bd3b3f225d9af79/elements - {"using":"xpath","value":"//span[@id=\"application-ruinventorylist-display-component---Master--smartTableRuInventoryList-header-inner\"]"}
RESULT: {"using":"xpath","value":"//span[@id=\"application-ruinventorylist-display-component---Master--smartTableRuInventoryList-header-inner\"]"}
COMMAND: POST /session/0ed3e58e6e3cd5417bd3b3f225d9af79/execute/sync - {"script":"<script> [56 bytes]","args":[{"element-6066-11e4-a52e-4f735466cecf":"f.52AB194D52E8559853F1D34C601D985B.d.95AF1A35478AF97CCF40CCD6D9996706.e.828","ELEMENT":"f.52AB194D52E8559853F1D34C601D985B.d.95AF1A35478AF97CCF40CCD6D9996706.e.828"}]}
RESULT: {"script":"<script> [56 bytes]","args":[{"element-6066-11e4-a52e-4f735466cecf":"f.52AB194D52E8559853F1D34C601D985B.d.95AF1A35478AF97CCF40CCD6D9996706.e.828","ELEMENT":"f.52AB194D52E8559853F1D34C601D985B.d.95AF1A35478AF97CCF40CCD6D9996706.e.828"}]}
COMMAND: POST /session/0ed3e58e6e3cd5417bd3b3f225d9af79/element - {"using":"xpath","value":"//table[contains(@id, \"application-ruinventorylist-display-component---Master--tableRuInventoryList-listUl\")]/tbody/tr[1]/td[6]/div/span"}
COMMAND: GET /session/0ed3e58e6e3cd5417bd3b3f225d9af79/screenshot - {}
RESULT: {"using":"xpath","value":"//table[contains(@id, \"application-ruinventorylist-display-component---Master--tableRuInventoryList-listUl\")]/tbody/tr[1]/td[6]/div/span"}
COMMAND: POST /session/0ed3e58e6e3cd5417bd3b3f225d9af79/execute/sync - {"script":"<script> [56 bytes]","args":[{"element-6066-11e4-a52e-4f735466cecf":"f.52AB194D52E8559853F1D34C601D985B.d.95AF1A35478AF97CCF40CCD6D9996706.e.1226","ELEMENT":"f.52AB194D52E8559853F1D34C601D985B.d.95AF1A35478AF97CCF40CCD6D9996706.e.1226"}]}
RESULT: {}
RESULT: {"script":"<script> [56 bytes]","args":[{"element-6066-11e4-a52e-4f735466cecf":"f.52AB194D52E8559853F1D34C601D985B.d.95AF1A35478AF97CCF40CCD6D9996706.e.1226","ELEMENT":"f.52AB194D52E8559853F1D34C601D985B.d.95AF1A35478AF97CCF40CCD6D9996706.e.1226"}]}
COMMAND: POST /session/0ed3e58e6e3cd5417bd3b3f225d9af79/element - {"using":"xpath","value":"//div[contains(@id, \"smartFilterBar-btnBasicSearch-reset\")]"}
COMMAND: GET /session/0ed3e58e6e3cd5417bd3b3f225d9af79/screenshot - {}
RESULT: {"using":"xpath","value":"//div[contains(@id, \"smartFilterBar-btnBasicSearch-reset\")]"}
COMMAND: POST /session/0ed3e58e6e3cd5417bd3b3f225d9af79/element/f.52AB194D52E8559853F1D34C601D985B.d.95AF1A35478AF97CCF40CCD6D9996706.e.846/click - {}
RESULT: {}
RESULT: {}
COMMAND: GET /session/0ed3e58e6e3cd5417bd3b3f225d9af79/screenshot - {}
RESULT: {}
COMMAND: POST /session/0ed3e58e6e3cd5417bd3b3f225d9af79/element/f.52AB194D52E8559853F1D34C601D985B.d.95AF1A35478AF97CCF40CCD6D9996706.e.284/click - {}
RESULT: {}
COMMAND: GET /session/0ed3e58e6e3cd5417bd3b3f225d9af79/screenshot - {}
RESULT: {}
RESULT: undefined
COMMAND: POST /session/0ed3e58e6e3cd5417bd3b3f225d9af79/execute/async - {"script":"<script> [776 bytes]","args":[{"enterText":"600002","selector":{"id":"application-ruinventorylist-display-component---Master--smartFilterBar-btnBasicSearch","interaction":{"idSuffix":"I"}},"clearTextFirst":true,"interactionType":"ENTER_TEXT"}]}
RESULT: {"script":"<script> [776 bytes]","args":[{"enterText":"600002","selector":{"id":"application-ruinventorylist-display-component---Master--smartFilterBar-btnBasicSearch","interaction":{"idSuffix":"I"}},"clearTextFirst":true,"interactionType":"ENTER_TEXT"}]}
COMMAND: POST /session/0ed3e58e6e3cd5417bd3b3f225d9af79/actions - {"actions":[{"id":"action7","type":"key","parameters":{},"actions":[{"type":"keyDown","value":""},{"type":"pause","duration":10},{"type":"keyUp","value":""}]}]}
RESULT: {"actions":[{"id":"action7","type":"key","parameters":{},"actions":[{"type":"keyDown","value":""},{"type":"pause","duration":10},{"type":"keyUp","value":""}]}]}
COMMAND: GET /session/0ed3e58e6e3cd5417bd3b3f225d9af79/screenshot - {}
RESULT: {}
COMMAND: POST /session/0ed3e58e6e3cd5417bd3b3f225d9af79/element - {"using":"xpath","value":"//span[@id=\"application-ruinventorylist-display-component---Master--smartTableRuInventoryList-header-inner\"]"}
RESULT: {"using":"xpath","value":"//span[@id=\"application-ruinventorylist-display-component---Master--smartTableRuInventoryList-header-inner\"]"}
COMMAND: POST /session/0ed3e58e6e3cd5417bd3b3f225d9af79/elements - {"using":"xpath","value":"//span[@id=\"application-ruinventorylist-display-component---Master--smartTableRuInventoryList-header-inner\"]"}
RESULT: {"using":"xpath","value":"//span[@id=\"application-ruinventorylist-display-component---Master--smartTableRuInventoryList-header-inner\"]"}
COMMAND: POST /session/0ed3e58e6e3cd5417bd3b3f225d9af79/execute/sync - {"script":"<script> [56 bytes]","args":[{"element-6066-11e4-a52e-4f735466cecf":"f.52AB194D52E8559853F1D34C601D985B.d.95AF1A35478AF97CCF40CCD6D9996706.e.828","ELEMENT":"f.52AB194D52E8559853F1D34C601D985B.d.95AF1A35478AF97CCF40CCD6D9996706.e.828"}]}
RESULT: {"script":"<script> [56 bytes]","args":[{"element-6066-11e4-a52e-4f735466cecf":"f.52AB194D52E8559853F1D34C601D985B.d.95AF1A35478AF97CCF40CCD6D9996706.e.828","ELEMENT":"f.52AB194D52E8559853F1D34C601D985B.d.95AF1A35478AF97CCF40CCD6D9996706.e.828"}]}
COMMAND: POST /session/0ed3e58e6e3cd5417bd3b3f225d9af79/element - {"using":"xpath","value":"//table[contains(@id, \"application-ruinventorylist-display-component---Master--tableRuInventoryList-listUl\")]/tbody/tr[1]/td[2]/div/div"}
COMMAND: GET /session/0ed3e58e6e3cd5417bd3b3f225d9af79/screenshot - {}
RESULT: {"using":"xpath","value":"//table[contains(@id, \"application-ruinventorylist-display-component---Master--tableRuInventoryList-listUl\")]/tbody/tr[1]/td[2]/div/div"}
COMMAND: POST /session/0ed3e58e6e3cd5417bd3b3f225d9af79/element/f.52AB194D52E8559853F1D34C601D985B.d.95AF1A35478AF97CCF40CCD6D9996706.e.1461/click - {}
RESULT: {}
RESULT: {}
COMMAND: GET /session/0ed3e58e6e3cd5417bd3b3f225d9af79/screenshot - {}
RESULT: {}
COMMAND: POST /session/0ed3e58e6e3cd5417bd3b3f225d9af79/element - {"using":"xpath","value":"//div[contains(@id, \"smartFilterBar-btnBasicSearch-reset\")]"}
RESULT: {"using":"xpath","value":"//div[contains(@id, \"smartFilterBar-btnBasicSearch-reset\")]"}
COMMAND: POST /session/0ed3e58e6e3cd5417bd3b3f225d9af79/element/f.52AB194D52E8559853F1D34C601D985B.d.95AF1A35478AF97CCF40CCD6D9996706.e.846/click - {}
RESULT: {}
COMMAND: GET /session/0ed3e58e6e3cd5417bd3b3f225d9af79/screenshot - {}
RESULT: {}
RESULT: undefined
COMMAND: POST /session/0ed3e58e6e3cd5417bd3b3f225d9af79/execute/async - {"script":"<script> [776 bytes]","args":[{"enterText":"401002","selector":{"id":"application-ruinventorylist-display-component---Master--smartFilterBar-btnBasicSearch","interaction":{"idSuffix":"I"}},"clearTextFirst":true,"interactionType":"ENTER_TEXT"}]}
RESULT: {"script":"<script> [776 bytes]","args":[{"enterText":"401002","selector":{"id":"application-ruinventorylist-display-component---Master--smartFilterBar-btnBasicSearch","interaction":{"idSuffix":"I"}},"clearTextFirst":true,"interactionType":"ENTER_TEXT"}]}
COMMAND: POST /session/0ed3e58e6e3cd5417bd3b3f225d9af79/actions - {"actions":[{"id":"action8","type":"key","parameters":{},"actions":[{"type":"keyDown","value":""},{"type":"pause","duration":10},{"type":"keyUp","value":""}]}]}
RESULT: {"actions":[{"id":"action8","type":"key","parameters":{},"actions":[{"type":"keyDown","value":""},{"type":"pause","duration":10},{"type":"keyUp","value":""}]}]}
COMMAND: GET /session/0ed3e58e6e3cd5417bd3b3f225d9af79/screenshot - {}
RESULT: {}
COMMAND: POST /session/0ed3e58e6e3cd5417bd3b3f225d9af79/element - {"using":"xpath","value":"//span[@id=\"application-ruinventorylist-display-component---Master--smartTableRuInventoryList-header-inner\"]"}
RESULT: {"using":"xpath","value":"//span[@id=\"application-ruinventorylist-display-component---Master--smartTableRuInventoryList-header-inner\"]"}
COMMAND: POST /session/0ed3e58e6e3cd5417bd3b3f225d9af79/elements - {"using":"xpath","value":"//span[@id=\"application-ruinventorylist-display-component---Master--smartTableRuInventoryList-header-inner\"]"}
RESULT: {"using":"xpath","value":"//span[@id=\"application-ruinventorylist-display-component---Master--smartTableRuInventoryList-header-inner\"]"}
COMMAND: POST /session/0ed3e58e6e3cd5417bd3b3f225d9af79/execute/sync - {"script":"<script> [56 bytes]","args":[{"element-6066-11e4-a52e-4f735466cecf":"f.52AB194D52E8559853F1D34C601D985B.d.95AF1A35478AF97CCF40CCD6D9996706.e.828","ELEMENT":"f.52AB194D52E8559853F1D34C601D985B.d.95AF1A35478AF97CCF40CCD6D9996706.e.828"}]}
RESULT: {"script":"<script> [56 bytes]","args":[{"element-6066-11e4-a52e-4f735466cecf":"f.52AB194D52E8559853F1D34C601D985B.d.95AF1A35478AF97CCF40CCD6D9996706.e.828","ELEMENT":"f.52AB194D52E8559853F1D34C601D985B.d.95AF1A35478AF97CCF40CCD6D9996706.e.828"}]}
COMMAND: POST /session/0ed3e58e6e3cd5417bd3b3f225d9af79/element - {"using":"xpath","value":"//table[contains(@id, \"application-ruinventorylist-display-component---Master--tableRuInventoryList-listUl\")]/tbody/tr[1]/td[2]/div/div"}
COMMAND: GET /session/0ed3e58e6e3cd5417bd3b3f225d9af79/screenshot - {}
RESULT: {"using":"xpath","value":"//table[contains(@id, \"application-ruinventorylist-display-component---Master--tableRuInventoryList-listUl\")]/tbody/tr[1]/td[2]/div/div"}
COMMAND: POST /session/0ed3e58e6e3cd5417bd3b3f225d9af79/element/f.52AB194D52E8559853F1D34C601D985B.d.95AF1A35478AF97CCF40CCD6D9996706.e.1593/click - {}
RESULT: {}
RESULT: {}
COMMAND: GET /session/0ed3e58e6e3cd5417bd3b3f225d9af79/screenshot - {}
RESULT: {}
COMMAND: POST /session/0ed3e58e6e3cd5417bd3b3f225d9af79/element - {"using":"xpath","value":"//div[contains(@id, \"smartFilterBar-btnBasicSearch-reset\")]"}
RESULT: {"using":"xpath","value":"//div[contains(@id, \"smartFilterBar-btnBasicSearch-reset\")]"}
COMMAND: POST /session/0ed3e58e6e3cd5417bd3b3f225d9af79/element/f.52AB194D52E8559853F1D34C601D985B.d.95AF1A35478AF97CCF40CCD6D9996706.e.846/click - {}
RESULT: {}
COMMAND: GET /session/0ed3e58e6e3cd5417bd3b3f225d9af79/screenshot - {}
RESULT: {}
COMMAND: POST /session/0ed3e58e6e3cd5417bd3b3f225d9af79/element/f.52AB194D52E8559853F1D34C601D985B.d.95AF1A35478AF97CCF40CCD6D9996706.e.284/click - {}
RESULT: {}
COMMAND: GET /session/0ed3e58e6e3cd5417bd3b3f225d9af79/screenshot - {}
RESULT: {}
RESULT: undefined
COMMAND: POST /session/0ed3e58e6e3cd5417bd3b3f225d9af79/element - {"using":"xpath","value":"//*[@id=\"application-ruinventorylist-display-component---Master--ruStateTypes-arrow\"]"}
RESULT: {"using":"xpath","value":"//*[@id=\"application-ruinventorylist-display-component---Master--ruStateTypes-arrow\"]"}
COMMAND: POST /session/0ed3e58e6e3cd5417bd3b3f225d9af79/element/f.52AB194D52E8559853F1D34C601D985B.d.95AF1A35478AF97CCF40CCD6D9996706.e.1736/click - {}
RESULT: {}
COMMAND: GET /session/0ed3e58e6e3cd5417bd3b3f225d9af79/screenshot - {}
RESULT: {}
COMMAND: POST /session/0ed3e58e6e3cd5417bd3b3f225d9af79/element - {"using":"xpath","value":"//li[.//span[text()=\"available\"]]"}
RESULT: {"using":"xpath","value":"//li[.//span[text()=\"available\"]]"}
COMMAND: POST /session/0ed3e58e6e3cd5417bd3b3f225d9af79/element/f.52AB194D52E8559853F1D34C601D985B.d.95AF1A35478AF97CCF40CCD6D9996706.e.1737/click - {}
RESULT: {}
COMMAND: GET /session/0ed3e58e6e3cd5417bd3b3f225d9af79/screenshot - {}
RESULT: {}
COMMAND: POST /session/0ed3e58e6e3cd5417bd3b3f225d9af79/element - {"using":"xpath","value":"(//bdi[contains(text(), \"OK\")])[1]"}
RESULT: {"using":"xpath","value":"(//bdi[contains(text(), \"OK\")])[1]"}
COMMAND: POST /session/0ed3e58e6e3cd5417bd3b3f225d9af79/element/f.52AB194D52E8559853F1D34C601D985B.d.95AF1A35478AF97CCF40CCD6D9996706.e.1738/click - {}
RESULT: {}
COMMAND: GET /session/0ed3e58e6e3cd5417bd3b3f225d9af79/screenshot - {}
RESULT: {}
COMMAND: POST /session/0ed3e58e6e3cd5417bd3b3f225d9af79/element - {"using":"xpath","value":"(//bdi[contains(text(), \"OK\")])[2]"}
RESULT: {"using":"xpath","value":"(//bdi[contains(text(), \"OK\")])[2]"}
COMMAND: POST /session/0ed3e58e6e3cd5417bd3b3f225d9af79/element/f.52AB194D52E8559853F1D34C601D985B.d.95AF1A35478AF97CCF40CCD6D9996706.e.1742/click - {}
RESULT: {}
COMMAND: GET /session/0ed3e58e6e3cd5417bd3b3f225d9af79/screenshot - {}
RESULT: {}
RESULT: undefined
COMMAND: POST /session/0ed3e58e6e3cd5417bd3b3f225d9af79/execute/async - {"script":"<script> [776 bytes]","args":[{"enterText":"600002","selector":{"id":"application-ruinventorylist-display-component---Master--smartFilterBar-btnBasicSearch","interaction":{"idSuffix":"I"}},"clearTextFirst":true,"interactionType":"ENTER_TEXT"}]}
RESULT: {"script":"<script> [776 bytes]","args":[{"enterText":"600002","selector":{"id":"application-ruinventorylist-display-component---Master--smartFilterBar-btnBasicSearch","interaction":{"idSuffix":"I"}},"clearTextFirst":true,"interactionType":"ENTER_TEXT"}]}
COMMAND: POST /session/0ed3e58e6e3cd5417bd3b3f225d9af79/actions - {"actions":[{"id":"action9","type":"key","parameters":{},"actions":[{"type":"keyDown","value":""},{"type":"pause","duration":10},{"type":"keyUp","value":""}]}]}
RESULT: {"actions":[{"id":"action9","type":"key","parameters":{},"actions":[{"type":"keyDown","value":""},{"type":"pause","duration":10},{"type":"keyUp","value":""}]}]}
COMMAND: GET /session/0ed3e58e6e3cd5417bd3b3f225d9af79/screenshot - {}
RESULT: {}
COMMAND: POST /session/0ed3e58e6e3cd5417bd3b3f225d9af79/element - {"using":"xpath","value":"//span[@id=\"application-ruinventorylist-display-component---Master--smartTableRuInventoryList-header-inner\"]"}
RESULT: {"using":"xpath","value":"//span[@id=\"application-ruinventorylist-display-component---Master--smartTableRuInventoryList-header-inner\"]"}
COMMAND: POST /session/0ed3e58e6e3cd5417bd3b3f225d9af79/elements - {"using":"xpath","value":"//span[@id=\"application-ruinventorylist-display-component---Master--smartTableRuInventoryList-header-inner\"]"}
RESULT: {"using":"xpath","value":"//span[@id=\"application-ruinventorylist-display-component---Master--smartTableRuInventoryList-header-inner\"]"}
COMMAND: POST /session/0ed3e58e6e3cd5417bd3b3f225d9af79/execute/sync - {"script":"<script> [56 bytes]","args":[{"element-6066-11e4-a52e-4f735466cecf":"f.52AB194D52E8559853F1D34C601D985B.d.95AF1A35478AF97CCF40CCD6D9996706.e.828","ELEMENT":"f.52AB194D52E8559853F1D34C601D985B.d.95AF1A35478AF97CCF40CCD6D9996706.e.828"}]}
RESULT: {"script":"<script> [56 bytes]","args":[{"element-6066-11e4-a52e-4f735466cecf":"f.52AB194D52E8559853F1D34C601D985B.d.95AF1A35478AF97CCF40CCD6D9996706.e.828","ELEMENT":"f.52AB194D52E8559853F1D34C601D985B.d.95AF1A35478AF97CCF40CCD6D9996706.e.828"}]}
COMMAND: POST /session/0ed3e58e6e3cd5417bd3b3f225d9af79/element - {"using":"xpath","value":"//table[contains(@id, \"application-ruinventorylist-display-component---Master--tableRuInventoryList-listUl\")]/tbody/tr[1]/td[6]/div/span"}
COMMAND: GET /session/0ed3e58e6e3cd5417bd3b3f225d9af79/screenshot - {}
RESULT: {"using":"xpath","value":"//table[contains(@id, \"application-ruinventorylist-display-component---Master--tableRuInventoryList-listUl\")]/tbody/tr[1]/td[6]/div/span"}
COMMAND: POST /session/0ed3e58e6e3cd5417bd3b3f225d9af79/execute/sync - {"script":"<script> [56 bytes]","args":[{"element-6066-11e4-a52e-4f735466cecf":"f.52AB194D52E8559853F1D34C601D985B.d.95AF1A35478AF97CCF40CCD6D9996706.e.1763","ELEMENT":"f.52AB194D52E8559853F1D34C601D985B.d.95AF1A35478AF97CCF40CCD6D9996706.e.1763"}]}
RESULT: {}
RESULT: {"script":"<script> [56 bytes]","args":[{"element-6066-11e4-a52e-4f735466cecf":"f.52AB194D52E8559853F1D34C601D985B.d.95AF1A35478AF97CCF40CCD6D9996706.e.1763","ELEMENT":"f.52AB194D52E8559853F1D34C601D985B.d.95AF1A35478AF97CCF40CCD6D9996706.e.1763"}]}
COMMAND: POST /session/0ed3e58e6e3cd5417bd3b3f225d9af79/element - {"using":"xpath","value":"//div[contains(@id, \"smartFilterBar-btnBasicSearch-reset\")]"}
COMMAND: GET /session/0ed3e58e6e3cd5417bd3b3f225d9af79/screenshot - {}
RESULT: {"using":"xpath","value":"//div[contains(@id, \"smartFilterBar-btnBasicSearch-reset\")]"}
COMMAND: POST /session/0ed3e58e6e3cd5417bd3b3f225d9af79/element/f.52AB194D52E8559853F1D34C601D985B.d.95AF1A35478AF97CCF40CCD6D9996706.e.846/click - {}
RESULT: {}
RESULT: {}
COMMAND: GET /session/0ed3e58e6e3cd5417bd3b3f225d9af79/screenshot - {}
RESULT: {}
RESULT: undefined
COMMAND: POST /session/0ed3e58e6e3cd5417bd3b3f225d9af79/execute/async - {"script":"<script> [776 bytes]","args":[{"enterText":"401002","selector":{"id":"application-ruinventorylist-display-component---Master--smartFilterBar-btnBasicSearch","interaction":{"idSuffix":"I"}},"clearTextFirst":true,"interactionType":"ENTER_TEXT"}]}
RESULT: {"script":"<script> [776 bytes]","args":[{"enterText":"401002","selector":{"id":"application-ruinventorylist-display-component---Master--smartFilterBar-btnBasicSearch","interaction":{"idSuffix":"I"}},"clearTextFirst":true,"interactionType":"ENTER_TEXT"}]}
COMMAND: POST /session/0ed3e58e6e3cd5417bd3b3f225d9af79/actions - {"actions":[{"id":"action10","type":"key","parameters":{},"actions":[{"type":"keyDown","value":""},{"type":"pause","duration":10},{"type":"keyUp","value":""}]}]}
RESULT: {"actions":[{"id":"action10","type":"key","parameters":{},"actions":[{"type":"keyDown","value":""},{"type":"pause","duration":10},{"type":"keyUp","value":""}]}]}
COMMAND: GET /session/0ed3e58e6e3cd5417bd3b3f225d9af79/screenshot - {}
RESULT: {}
COMMAND: POST /session/0ed3e58e6e3cd5417bd3b3f225d9af79/element - {"using":"xpath","value":"//span[@id=\"application-ruinventorylist-display-component---Master--smartTableRuInventoryList-header-inner\"]"}
RESULT: {"using":"xpath","value":"//span[@id=\"application-ruinventorylist-display-component---Master--smartTableRuInventoryList-header-inner\"]"}
COMMAND: POST /session/0ed3e58e6e3cd5417bd3b3f225d9af79/elements - {"using":"xpath","value":"//span[@id=\"application-ruinventorylist-display-component---Master--smartTableRuInventoryList-header-inner\"]"}
RESULT: {"using":"xpath","value":"//span[@id=\"application-ruinventorylist-display-component---Master--smartTableRuInventoryList-header-inner\"]"}
COMMAND: POST /session/0ed3e58e6e3cd5417bd3b3f225d9af79/execute/sync - {"script":"<script> [56 bytes]","args":[{"element-6066-11e4-a52e-4f735466cecf":"f.52AB194D52E8559853F1D34C601D985B.d.95AF1A35478AF97CCF40CCD6D9996706.e.828","ELEMENT":"f.52AB194D52E8559853F1D34C601D985B.d.95AF1A35478AF97CCF40CCD6D9996706.e.828"}]}
RESULT: {"script":"<script> [56 bytes]","args":[{"element-6066-11e4-a52e-4f735466cecf":"f.52AB194D52E8559853F1D34C601D985B.d.95AF1A35478AF97CCF40CCD6D9996706.e.828","ELEMENT":"f.52AB194D52E8559853F1D34C601D985B.d.95AF1A35478AF97CCF40CCD6D9996706.e.828"}]}
COMMAND: POST /session/0ed3e58e6e3cd5417bd3b3f225d9af79/element - {"using":"xpath","value":"//table[contains(@id, \"application-ruinventorylist-display-component---Master--tableRuInventoryList-listUl\")]/tbody/tr[1]/td[6]/div/span"}
COMMAND: GET /session/0ed3e58e6e3cd5417bd3b3f225d9af79/screenshot - {}
RESULT: {"using":"xpath","value":"//table[contains(@id, \"application-ruinventorylist-display-component---Master--tableRuInventoryList-listUl\")]/tbody/tr[1]/td[6]/div/span"}
COMMAND: POST /session/0ed3e58e6e3cd5417bd3b3f225d9af79/execute/sync - {"script":"<script> [56 bytes]","args":[{"element-6066-11e4-a52e-4f735466cecf":"f.52AB194D52E8559853F1D34C601D985B.d.95AF1A35478AF97CCF40CCD6D9996706.e.1839","ELEMENT":"f.52AB194D52E8559853F1D34C601D985B.d.95AF1A35478AF97CCF40CCD6D9996706.e.1839"}]}
RESULT: {}
RESULT: {"script":"<script> [56 bytes]","args":[{"element-6066-11e4-a52e-4f735466cecf":"f.52AB194D52E8559853F1D34C601D985B.d.95AF1A35478AF97CCF40CCD6D9996706.e.1839","ELEMENT":"f.52AB194D52E8559853F1D34C601D985B.d.95AF1A35478AF97CCF40CCD6D9996706.e.1839"}]}
COMMAND: POST /session/0ed3e58e6e3cd5417bd3b3f225d9af79/element - {"using":"xpath","value":"//div[contains(@id, \"smartFilterBar-btnBasicSearch-reset\")]"}
COMMAND: GET /session/0ed3e58e6e3cd5417bd3b3f225d9af79/screenshot - {}
RESULT: {"using":"xpath","value":"//div[contains(@id, \"smartFilterBar-btnBasicSearch-reset\")]"}
COMMAND: POST /session/0ed3e58e6e3cd5417bd3b3f225d9af79/element/f.52AB194D52E8559853F1D34C601D985B.d.95AF1A35478AF97CCF40CCD6D9996706.e.846/click - {}
RESULT: {}
RESULT: {}
COMMAND: GET /session/0ed3e58e6e3cd5417bd3b3f225d9af79/screenshot - {}
RESULT: {}
COMMAND: POST /session/0ed3e58e6e3cd5417bd3b3f225d9af79/element - {"using":"css selector","value":"#shell-header-logo"}
RESULT: {"using":"css selector","value":"#shell-header-logo"}
COMMAND: POST /session/0ed3e58e6e3cd5417bd3b3f225d9af79/element/f.52AB194D52E8559853F1D34C601D985B.d.95AF1A35478AF97CCF40CCD6D9996706.e.252/click - {}
RESULT: {}
COMMAND: GET /session/0ed3e58e6e3cd5417bd3b3f225d9af79/screenshot - {}
RESULT: {}
]]></system-out>
    </testcase>
    <testcase classname="chrome.136_0_7103_93.windows.RU_Inventory_Mass_State_Change_Multiple_Items_US151066" name="Prerequisite Step 2 Should create a new equipment" time="162.862">
      <system-out><![CDATA[
COMMAND: POST /session/0ed3e58e6e3cd5417bd3b3f225d9af79/execute/async - {"script":"<script> [1562 bytes]","args":[{"selector":{"controlType":"sap.m.GenericTile","properties":{"header":"Manage Resources"}},"wdio_ui5_key":"sapm.GenericTile{\"header\":\"Manage Resources\"}"}]}
RESULT: {"script":"<script> [1562 bytes]","args":[{"selector":{"controlType":"sap.m.GenericTile","properties":{"header":"Manage Resources"}},"wdio_ui5_key":"sapm.GenericTile{\"header\":\"Manage Resources\"}"}]}
RESULT: undefined
COMMAND: POST /session/0ed3e58e6e3cd5417bd3b3f225d9af79/element - {"using":"xpath","value":"//*[@id=\"__tile39\"]"}
RESULT: {"using":"xpath","value":"//*[@id=\"__tile39\"]"}
COMMAND: POST /session/0ed3e58e6e3cd5417bd3b3f225d9af79/element/f.52AB194D52E8559853F1D34C601D985B.d.95AF1A35478AF97CCF40CCD6D9996706.e.149/click - {}
RESULT: {}
COMMAND: GET /session/0ed3e58e6e3cd5417bd3b3f225d9af79/screenshot - {}
RESULT: {}
COMMAND: POST /session/0ed3e58e6e3cd5417bd3b3f225d9af79/elements - {"using":"xpath","value":"//span[text()='Error']"}
RESULT: {"using":"xpath","value":"//span[text()='Error']"}
COMMAND: POST /session/0ed3e58e6e3cd5417bd3b3f225d9af79/element - {"using":"xpath","value":"//button[@data-kt=\"addNewRUOverflowToolbarButton\"]"}
RESULT: {"using":"xpath","value":"//button[@data-kt=\"addNewRUOverflowToolbarButton\"]"}
COMMAND: POST /session/0ed3e58e6e3cd5417bd3b3f225d9af79/elements - {"using":"xpath","value":"//button[@data-kt=\"addNewRUOverflowToolbarButton\"]"}
RESULT: {"using":"xpath","value":"//button[@data-kt=\"addNewRUOverflowToolbarButton\"]"}
COMMAND: POST /session/0ed3e58e6e3cd5417bd3b3f225d9af79/elements - {"using":"xpath","value":"//button[@data-kt=\"addNewRUOverflowToolbarButton\"]"}
RESULT: {"using":"xpath","value":"//button[@data-kt=\"addNewRUOverflowToolbarButton\"]"}
COMMAND: POST /session/0ed3e58e6e3cd5417bd3b3f225d9af79/elements - {"using":"xpath","value":"//button[@data-kt=\"addNewRUOverflowToolbarButton\"]"}
RESULT: {"using":"xpath","value":"//button[@data-kt=\"addNewRUOverflowToolbarButton\"]"}
COMMAND: POST /session/0ed3e58e6e3cd5417bd3b3f225d9af79/elements - {"using":"xpath","value":"//button[@data-kt=\"addNewRUOverflowToolbarButton\"]"}
RESULT: {"using":"xpath","value":"//button[@data-kt=\"addNewRUOverflowToolbarButton\"]"}
COMMAND: POST /session/0ed3e58e6e3cd5417bd3b3f225d9af79/element - {"using":"xpath","value":"//button[@data-kt=\"addNewRUOverflowToolbarButton\"]"}
RESULT: {"using":"xpath","value":"//button[@data-kt=\"addNewRUOverflowToolbarButton\"]"}
COMMAND: POST /session/0ed3e58e6e3cd5417bd3b3f225d9af79/execute/sync - {"script":"<script> [8489 bytes]","args":[{"element-6066-11e4-a52e-4f735466cecf":"f.52AB194D52E8559853F1D34C601D985B.d.95AF1A35478AF97CCF40CCD6D9996706.e.1937","ELEMENT":"f.52AB194D52E8559853F1D34C601D985B.d.95AF1A35478AF97CCF40CCD6D9996706.e.1937"}]}
RESULT: {"script":"<script> [8489 bytes]","args":[{"element-6066-11e4-a52e-4f735466cecf":"f.52AB194D52E8559853F1D34C601D985B.d.95AF1A35478AF97CCF40CCD6D9996706.e.1937","ELEMENT":"f.52AB194D52E8559853F1D34C601D985B.d.95AF1A35478AF97CCF40CCD6D9996706.e.1937"}]}
COMMAND: GET /session/0ed3e58e6e3cd5417bd3b3f225d9af79/element/f.52AB194D52E8559853F1D34C601D985B.d.95AF1A35478AF97CCF40CCD6D9996706.e.1937/enabled - {}
COMMAND: GET /session/0ed3e58e6e3cd5417bd3b3f225d9af79/screenshot - {}
RESULT: {}
COMMAND: POST /session/0ed3e58e6e3cd5417bd3b3f225d9af79/execute/sync - {"script":"<script> [8489 bytes]","args":[{"element-6066-11e4-a52e-4f735466cecf":"f.52AB194D52E8559853F1D34C601D985B.d.95AF1A35478AF97CCF40CCD6D9996706.e.1937","ELEMENT":"f.52AB194D52E8559853F1D34C601D985B.d.95AF1A35478AF97CCF40CCD6D9996706.e.1937"}]}
COMMAND: GET /session/0ed3e58e6e3cd5417bd3b3f225d9af79/screenshot - {}
RESULT: {}
RESULT: {"script":"<script> [8489 bytes]","args":[{"element-6066-11e4-a52e-4f735466cecf":"f.52AB194D52E8559853F1D34C601D985B.d.95AF1A35478AF97CCF40CCD6D9996706.e.1937","ELEMENT":"f.52AB194D52E8559853F1D34C601D985B.d.95AF1A35478AF97CCF40CCD6D9996706.e.1937"}]}
COMMAND: POST /session/0ed3e58e6e3cd5417bd3b3f225d9af79/execute/sync - {"script":"<script> [5351 bytes]","args":[{"element-6066-11e4-a52e-4f735466cecf":"f.52AB194D52E8559853F1D34C601D985B.d.95AF1A35478AF97CCF40CCD6D9996706.e.1937","ELEMENT":"f.52AB194D52E8559853F1D34C601D985B.d.95AF1A35478AF97CCF40CCD6D9996706.e.1937"}]}
COMMAND: GET /session/0ed3e58e6e3cd5417bd3b3f225d9af79/screenshot - {}
RESULT: {}
RESULT: {"script":"<script> [5351 bytes]","args":[{"element-6066-11e4-a52e-4f735466cecf":"f.52AB194D52E8559853F1D34C601D985B.d.95AF1A35478AF97CCF40CCD6D9996706.e.1937","ELEMENT":"f.52AB194D52E8559853F1D34C601D985B.d.95AF1A35478AF97CCF40CCD6D9996706.e.1937"}]}
COMMAND: POST /session/0ed3e58e6e3cd5417bd3b3f225d9af79/element/f.52AB194D52E8559853F1D34C601D985B.d.95AF1A35478AF97CCF40CCD6D9996706.e.1937/click - {}
COMMAND: GET /session/0ed3e58e6e3cd5417bd3b3f225d9af79/screenshot - {}
RESULT: {}
RESULT: {}
COMMAND: GET /session/0ed3e58e6e3cd5417bd3b3f225d9af79/screenshot - {}
COMMAND: POST /session/0ed3e58e6e3cd5417bd3b3f225d9af79/execute/async - {"script":"<script> [1562 bytes]","args":[{"selector":{"id":"application-manageresources-display-component---newResourceUnit--TYPE-arrow"},"wdio_ui5_key":"applicationmanageresources-display-component---newResourceUnit--TYPE-arrow"}]}
RESULT: {}
RESULT: {}
RESULT: {"script":"<script> [1562 bytes]","args":[{"selector":{"id":"application-manageresources-display-component---newResourceUnit--TYPE-arrow"},"wdio_ui5_key":"applicationmanageresources-display-component---newResourceUnit--TYPE-arrow"}]}
RESULT: undefined
COMMAND: POST /session/0ed3e58e6e3cd5417bd3b3f225d9af79/element - {"using":"xpath","value":"//*[@id=\"application-manageresources-display-component---newResourceUnit--TYPE-arrow\"]"}
RESULT: {"using":"xpath","value":"//*[@id=\"application-manageresources-display-component---newResourceUnit--TYPE-arrow\"]"}
COMMAND: POST /session/0ed3e58e6e3cd5417bd3b3f225d9af79/element/f.52AB194D52E8559853F1D34C601D985B.d.95AF1A35478AF97CCF40CCD6D9996706.e.2292/click - {}
RESULT: {}
COMMAND: POST /session/0ed3e58e6e3cd5417bd3b3f225d9af79/element - {"using":"xpath","value":"//input[@id=\"application-manageresources-display-component---newResourceUnit--TYPE-inner\"]"}
COMMAND: GET /session/0ed3e58e6e3cd5417bd3b3f225d9af79/screenshot - {}
RESULT: {"using":"xpath","value":"//input[@id=\"application-manageresources-display-component---newResourceUnit--TYPE-inner\"]"}
COMMAND: POST /session/0ed3e58e6e3cd5417bd3b3f225d9af79/element/f.52AB194D52E8559853F1D34C601D985B.d.95AF1A35478AF97CCF40CCD6D9996706.e.2288/clear - {}
RESULT: {}
RESULT: {}
COMMAND: POST /session/0ed3e58e6e3cd5417bd3b3f225d9af79/element/f.52AB194D52E8559853F1D34C601D985B.d.95AF1A35478AF97CCF40CCD6D9996706.e.2288/value - {"text":"Equipment"}
COMMAND: GET /session/0ed3e58e6e3cd5417bd3b3f225d9af79/screenshot - {}
RESULT: {"text":"Equipment"}
COMMAND: GET /session/0ed3e58e6e3cd5417bd3b3f225d9af79/screenshot - {}
RESULT: {}
RESULT: {}
COMMAND: POST /session/0ed3e58e6e3cd5417bd3b3f225d9af79/actions - {"actions":[{"id":"action11","type":"key","parameters":{},"actions":[{"type":"keyDown","value":""},{"type":"pause","duration":10},{"type":"keyUp","value":""}]}]}
RESULT: {"actions":[{"id":"action11","type":"key","parameters":{},"actions":[{"type":"keyDown","value":""},{"type":"pause","duration":10},{"type":"keyUp","value":""}]}]}
COMMAND: POST /session/0ed3e58e6e3cd5417bd3b3f225d9af79/execute/async - {"script":"<script> [1562 bytes]","args":[{"selector":{"id":"application-manageresources-display-component---newResourceUnit--resourceId","interaction":{"idSuffix":"inner"}},"wdio_ui5_key":"applicationmanageresources-display-component---newResourceUnit--resourceId"}]}
COMMAND: GET /session/0ed3e58e6e3cd5417bd3b3f225d9af79/screenshot - {}
RESULT: {"script":"<script> [1562 bytes]","args":[{"selector":{"id":"application-manageresources-display-component---newResourceUnit--resourceId","interaction":{"idSuffix":"inner"}},"wdio_ui5_key":"applicationmanageresources-display-component---newResourceUnit--resourceId"}]}
RESULT: undefined
COMMAND: POST /session/0ed3e58e6e3cd5417bd3b3f225d9af79/execute/async - {"script":"<script> [776 bytes]","args":[{"enterText":"sFNxVONDe6","selector":{"id":"application-manageresources-display-component---newResourceUnit--resourceId","interaction":{"idSuffix":"inner"}},"clearTextFirst":true,"interactionType":"ENTER_TEXT"}]}
RESULT: {}
RESULT: {"script":"<script> [776 bytes]","args":[{"enterText":"sFNxVONDe6","selector":{"id":"application-manageresources-display-component---newResourceUnit--resourceId","interaction":{"idSuffix":"inner"}},"clearTextFirst":true,"interactionType":"ENTER_TEXT"}]}
COMMAND: POST /session/0ed3e58e6e3cd5417bd3b3f225d9af79/execute/async - {"script":"<script> [1562 bytes]","args":[{"selector":{"id":"application-manageresources-display-component---newResourceUnit--SHORT_TEXT","interaction":{"idSuffix":"inner"}},"wdio_ui5_key":"applicationmanageresources-display-component---newResourceUnit--SHORT_TEXT"}]}
RESULT: {"script":"<script> [1562 bytes]","args":[{"selector":{"id":"application-manageresources-display-component---newResourceUnit--SHORT_TEXT","interaction":{"idSuffix":"inner"}},"wdio_ui5_key":"applicationmanageresources-display-component---newResourceUnit--SHORT_TEXT"}]}
RESULT: undefined
COMMAND: POST /session/0ed3e58e6e3cd5417bd3b3f225d9af79/execute/async - {"script":"<script> [776 bytes]","args":[{"enterText":"Intercompany Equipment WDIO","selector":{"id":"application-manageresources-display-component---newResourceUnit--SHORT_TEXT","interaction":{"idSuffix":"inner"}},"clearTextFirst":true,"interactionType":"ENTER_TEXT"}]}
RESULT: {"script":"<script> [776 bytes]","args":[{"enterText":"Intercompany Equipment WDIO","selector":{"id":"application-manageresources-display-component---newResourceUnit--SHORT_TEXT","interaction":{"idSuffix":"inner"}},"clearTextFirst":true,"interactionType":"ENTER_TEXT"}]}
COMMAND: POST /session/0ed3e58e6e3cd5417bd3b3f225d9af79/execute/async - {"script":"<script> [1562 bytes]","args":[{"selector":{"id":"application-manageresources-display-component---newResourceUnit--BASE_UNIT_OF_MEASURE","interaction":{"idSuffix":"inner"}},"wdio_ui5_key":"applicationmanageresources-display-component---newResourceUnit--BASE_UNIT_OF_MEASURE"}]}
RESULT: {"script":"<script> [1562 bytes]","args":[{"selector":{"id":"application-manageresources-display-component---newResourceUnit--BASE_UNIT_OF_MEASURE","interaction":{"idSuffix":"inner"}},"wdio_ui5_key":"applicationmanageresources-display-component---newResourceUnit--BASE_UNIT_OF_MEASURE"}]}
RESULT: undefined
COMMAND: POST /session/0ed3e58e6e3cd5417bd3b3f225d9af79/execute/async - {"script":"<script> [776 bytes]","args":[{"enterText":"Piece","selector":{"id":"application-manageresources-display-component---newResourceUnit--BASE_UNIT_OF_MEASURE","interaction":{"idSuffix":"inner"}},"clearTextFirst":true,"interactionType":"ENTER_TEXT"}]}
RESULT: {"script":"<script> [776 bytes]","args":[{"enterText":"Piece","selector":{"id":"application-manageresources-display-component---newResourceUnit--BASE_UNIT_OF_MEASURE","interaction":{"idSuffix":"inner"}},"clearTextFirst":true,"interactionType":"ENTER_TEXT"}]}
COMMAND: POST /session/0ed3e58e6e3cd5417bd3b3f225d9af79/execute/async - {"script":"<script> [1562 bytes]","args":[{"selector":{"id":"application-manageresources-display-component---newResourceUnit--WEIGHT_UNIT","interaction":{"idSuffix":"inner"}},"wdio_ui5_key":"applicationmanageresources-display-component---newResourceUnit--WEIGHT_UNIT"}]}
RESULT: {"script":"<script> [1562 bytes]","args":[{"selector":{"id":"application-manageresources-display-component---newResourceUnit--WEIGHT_UNIT","interaction":{"idSuffix":"inner"}},"wdio_ui5_key":"applicationmanageresources-display-component---newResourceUnit--WEIGHT_UNIT"}]}
RESULT: undefined
COMMAND: POST /session/0ed3e58e6e3cd5417bd3b3f225d9af79/execute/async - {"script":"<script> [776 bytes]","args":[{"enterText":"Gram","selector":{"id":"application-manageresources-display-component---newResourceUnit--WEIGHT_UNIT","interaction":{"idSuffix":"inner"}},"clearTextFirst":true,"interactionType":"ENTER_TEXT"}]}
RESULT: {"script":"<script> [776 bytes]","args":[{"enterText":"Gram","selector":{"id":"application-manageresources-display-component---newResourceUnit--WEIGHT_UNIT","interaction":{"idSuffix":"inner"}},"clearTextFirst":true,"interactionType":"ENTER_TEXT"}]}
COMMAND: POST /session/0ed3e58e6e3cd5417bd3b3f225d9af79/execute/async - {"script":"<script> [1562 bytes]","args":[{"selector":{"id":"application-manageresources-display-component---newResourceUnit--DIMENSION_UNIT","interaction":{"idSuffix":"inner"}},"wdio_ui5_key":"applicationmanageresources-display-component---newResourceUnit--DIMENSION_UNIT"}]}
RESULT: {"script":"<script> [1562 bytes]","args":[{"selector":{"id":"application-manageresources-display-component---newResourceUnit--DIMENSION_UNIT","interaction":{"idSuffix":"inner"}},"wdio_ui5_key":"applicationmanageresources-display-component---newResourceUnit--DIMENSION_UNIT"}]}
RESULT: undefined
COMMAND: POST /session/0ed3e58e6e3cd5417bd3b3f225d9af79/execute/async - {"script":"<script> [776 bytes]","args":[{"enterText":"Meter","selector":{"id":"application-manageresources-display-component---newResourceUnit--DIMENSION_UNIT","interaction":{"idSuffix":"inner"}},"clearTextFirst":true,"interactionType":"ENTER_TEXT"}]}
RESULT: {"script":"<script> [776 bytes]","args":[{"enterText":"Meter","selector":{"id":"application-manageresources-display-component---newResourceUnit--DIMENSION_UNIT","interaction":{"idSuffix":"inner"}},"clearTextFirst":true,"interactionType":"ENTER_TEXT"}]}
COMMAND: POST /session/0ed3e58e6e3cd5417bd3b3f225d9af79/execute/async - {"script":"<script> [1562 bytes]","args":[{"selector":{"id":"application-manageresources-display-component---newResourceUnit--newRRUPage-anchBar-application-manageresources-display-component---newResourceUnit--control-anchor","interaction":{"idSuffix":"BDI-content"}},"wdio_ui5_key":"applicationmanageresources-display-component---newResourceUnit--newRRUPage-anchBar-application-manageresources-display-component---newResourceUnit--control-anchor"}]}
RESULT: {"script":"<script> [1562 bytes]","args":[{"selector":{"id":"application-manageresources-display-component---newResourceUnit--newRRUPage-anchBar-application-manageresources-display-component---newResourceUnit--control-anchor","interaction":{"idSuffix":"BDI-content"}},"wdio_ui5_key":"applicationmanageresources-display-component---newResourceUnit--newRRUPage-anchBar-application-manageresources-display-component---newResourceUnit--control-anchor"}]}
RESULT: undefined
COMMAND: POST /session/0ed3e58e6e3cd5417bd3b3f225d9af79/element - {"using":"xpath","value":"//*[@id=\"application-manageresources-display-component---newResourceUnit--newRRUPage-anchBar-application-manageresources-display-component---newResourceUnit--control-anchor\"]"}
RESULT: {"using":"xpath","value":"//*[@id=\"application-manageresources-display-component---newResourceUnit--newRRUPage-anchBar-application-manageresources-display-component---newResourceUnit--control-anchor\"]"}
COMMAND: POST /session/0ed3e58e6e3cd5417bd3b3f225d9af79/element/f.52AB194D52E8559853F1D34C601D985B.d.95AF1A35478AF97CCF40CCD6D9996706.e.2451/click - {}
RESULT: {}
COMMAND: POST /session/0ed3e58e6e3cd5417bd3b3f225d9af79/execute/async - {"script":"<script> [1562 bytes]","args":[{"selector":{"id":"application-manageresources-display-component---newResourceUnit--PLANNING_GROUP","interaction":{"idSuffix":"inner"}},"wdio_ui5_key":"applicationmanageresources-display-component---newResourceUnit--PLANNING_GROUP"}]}
COMMAND: GET /session/0ed3e58e6e3cd5417bd3b3f225d9af79/screenshot - {}
RESULT: {"script":"<script> [1562 bytes]","args":[{"selector":{"id":"application-manageresources-display-component---newResourceUnit--PLANNING_GROUP","interaction":{"idSuffix":"inner"}},"wdio_ui5_key":"applicationmanageresources-display-component---newResourceUnit--PLANNING_GROUP"}]}
RESULT: undefined
COMMAND: POST /session/0ed3e58e6e3cd5417bd3b3f225d9af79/execute/async - {"script":"<script> [776 bytes]","args":[{"enterText":"Heavy Equi","selector":{"id":"application-manageresources-display-component---newResourceUnit--PLANNING_GROUP","interaction":{"idSuffix":"inner"}},"clearTextFirst":true,"interactionType":"ENTER_TEXT"}]}
RESULT: {}
RESULT: {"script":"<script> [776 bytes]","args":[{"enterText":"Heavy Equi","selector":{"id":"application-manageresources-display-component---newResourceUnit--PLANNING_GROUP","interaction":{"idSuffix":"inner"}},"clearTextFirst":true,"interactionType":"ENTER_TEXT"}]}
COMMAND: POST /session/0ed3e58e6e3cd5417bd3b3f225d9af79/execute/async - {"script":"<script> [1562 bytes]","args":[{"selector":{"id":"application-manageresources-display-component---newResourceUnit--ITEM_TYPE-arrow"},"wdio_ui5_key":"applicationmanageresources-display-component---newResourceUnit--ITEM_TYPE-arrow"}]}
RESULT: {"script":"<script> [1562 bytes]","args":[{"selector":{"id":"application-manageresources-display-component---newResourceUnit--ITEM_TYPE-arrow"},"wdio_ui5_key":"applicationmanageresources-display-component---newResourceUnit--ITEM_TYPE-arrow"}]}
RESULT: undefined
COMMAND: POST /session/0ed3e58e6e3cd5417bd3b3f225d9af79/element - {"using":"xpath","value":"//*[@id=\"application-manageresources-display-component---newResourceUnit--ITEM_TYPE-arrow\"]"}
RESULT: {"using":"xpath","value":"//*[@id=\"application-manageresources-display-component---newResourceUnit--ITEM_TYPE-arrow\"]"}
COMMAND: POST /session/0ed3e58e6e3cd5417bd3b3f225d9af79/element/f.52AB194D52E8559853F1D34C601D985B.d.95AF1A35478AF97CCF40CCD6D9996706.e.2460/click - {}
RESULT: {}
COMMAND: POST /session/0ed3e58e6e3cd5417bd3b3f225d9af79/element - {"using":"xpath","value":"(//span[contains(text(), \"Resource Unit\")])[2]"}
COMMAND: GET /session/0ed3e58e6e3cd5417bd3b3f225d9af79/screenshot - {}
RESULT: {"using":"xpath","value":"(//span[contains(text(), \"Resource Unit\")])[2]"}
COMMAND: POST /session/0ed3e58e6e3cd5417bd3b3f225d9af79/element/f.52AB194D52E8559853F1D34C601D985B.d.95AF1A35478AF97CCF40CCD6D9996706.e.2461/click - {}
RESULT: {}
RESULT: {}
COMMAND: GET /session/0ed3e58e6e3cd5417bd3b3f225d9af79/screenshot - {}
RESULT: {}
COMMAND: POST /session/0ed3e58e6e3cd5417bd3b3f225d9af79/element - {"using":"css selector","value":"#application-manageresources-display-component---newResourceUnit--btnAddTimeSegment"}
RESULT: {"using":"css selector","value":"#application-manageresources-display-component---newResourceUnit--btnAddTimeSegment"}
COMMAND: GET /session/0ed3e58e6e3cd5417bd3b3f225d9af79/element/f.52AB194D52E8559853F1D34C601D985B.d.95AF1A35478AF97CCF40CCD6D9996706.e.2468/rect - {}
RESULT: {}
COMMAND: GET /session/0ed3e58e6e3cd5417bd3b3f225d9af79/window/rect - {}
RESULT: {}
COMMAND: POST /session/0ed3e58e6e3cd5417bd3b3f225d9af79/execute/sync - {"script":"<script> [92 bytes]","args":[]}
RESULT: {"script":"<script> [92 bytes]","args":[]}
COMMAND: POST /session/0ed3e58e6e3cd5417bd3b3f225d9af79/actions - {"actions":[{"id":"action12","type":"wheel","parameters":{},"actions":[{"type":"scroll","x":-1888,"y":-32,"deltaX":0,"deltaY":0,"duration":0,"origin":{"element-6066-11e4-a52e-4f735466cecf":"f.52AB194D52E8559853F1D34C601D985B.d.95AF1A35478AF97CCF40CCD6D9996706.e.2468"}}]}]}
COMMAND: GET /session/0ed3e58e6e3cd5417bd3b3f225d9af79/screenshot - {}
RESULT: {}
COMMAND: POST /session/0ed3e58e6e3cd5417bd3b3f225d9af79/execute/sync - {"script":"<script> [79 bytes]","args":[{"element-6066-11e4-a52e-4f735466cecf":"f.52AB194D52E8559853F1D34C601D985B.d.95AF1A35478AF97CCF40CCD6D9996706.e.2468","ELEMENT":"f.52AB194D52E8559853F1D34C601D985B.d.95AF1A35478AF97CCF40CCD6D9996706.e.2468"},{"block":"start","inline":"nearest"}]}
RESULT: {"script":"<script> [79 bytes]","args":[{"element-6066-11e4-a52e-4f735466cecf":"f.52AB194D52E8559853F1D34C601D985B.d.95AF1A35478AF97CCF40CCD6D9996706.e.2468","ELEMENT":"f.52AB194D52E8559853F1D34C601D985B.d.95AF1A35478AF97CCF40CCD6D9996706.e.2468"},{"block":"start","inline":"nearest"}]}
COMMAND: POST /session/0ed3e58e6e3cd5417bd3b3f225d9af79/execute/async - {"script":"<script> [1562 bytes]","args":[{"selector":{"id":"application-manageresources-display-component---newResourceUnit--btnAddTimeSegment","interaction":{"idSuffix":"inner"}},"wdio_ui5_key":"applicationmanageresources-display-component---newResourceUnit--btnAddTimeSegment"}]}
COMMAND: GET /session/0ed3e58e6e3cd5417bd3b3f225d9af79/screenshot - {}
RESULT: {"script":"<script> [1562 bytes]","args":[{"selector":{"id":"application-manageresources-display-component---newResourceUnit--btnAddTimeSegment","interaction":{"idSuffix":"inner"}},"wdio_ui5_key":"applicationmanageresources-display-component---newResourceUnit--btnAddTimeSegment"}]}
RESULT: undefined
COMMAND: POST /session/0ed3e58e6e3cd5417bd3b3f225d9af79/element - {"using":"xpath","value":"//*[@id=\"application-manageresources-display-component---newResourceUnit--btnAddTimeSegment\"]"}
RESULT: {}
RESULT: {"using":"xpath","value":"//*[@id=\"application-manageresources-display-component---newResourceUnit--btnAddTimeSegment\"]"}
COMMAND: POST /session/0ed3e58e6e3cd5417bd3b3f225d9af79/element/f.52AB194D52E8559853F1D34C601D985B.d.95AF1A35478AF97CCF40CCD6D9996706.e.2468/click - {}
RESULT: {}
COMMAND: GET /session/0ed3e58e6e3cd5417bd3b3f225d9af79/screenshot - {}
RESULT: {}
COMMAND: POST /session/0ed3e58e6e3cd5417bd3b3f225d9af79/element - {"using":"xpath","value":"//input[@id=\"application-manageresources-display-component---newResourceUnit--idRuTSAdmin-application-manageresources-display-component---newResourceUnit--RUTimeSegment-0-inner\"]"}
RESULT: {"using":"xpath","value":"//input[@id=\"application-manageresources-display-component---newResourceUnit--idRuTSAdmin-application-manageresources-display-component---newResourceUnit--RUTimeSegment-0-inner\"]"}
COMMAND: POST /session/0ed3e58e6e3cd5417bd3b3f225d9af79/element/f.52AB194D52E8559853F1D34C601D985B.d.95AF1A35478AF97CCF40CCD6D9996706.e.2474/clear - {}
RESULT: {}
COMMAND: POST /session/0ed3e58e6e3cd5417bd3b3f225d9af79/element/f.52AB194D52E8559853F1D34C601D985B.d.95AF1A35478AF97CCF40CCD6D9996706.e.2474/value - {"text":"109"}
COMMAND: GET /session/0ed3e58e6e3cd5417bd3b3f225d9af79/screenshot - {}
RESULT: {"text":"109"}
COMMAND: GET /session/0ed3e58e6e3cd5417bd3b3f225d9af79/screenshot - {}
RESULT: {}
RESULT: {}
COMMAND: POST /session/0ed3e58e6e3cd5417bd3b3f225d9af79/element - {"using":"xpath","value":"//li[.//span[text()='109']]"}
RESULT: {"using":"xpath","value":"//li[.//span[text()='109']]"}
COMMAND: POST /session/0ed3e58e6e3cd5417bd3b3f225d9af79/element/f.52AB194D52E8559853F1D34C601D985B.d.95AF1A35478AF97CCF40CCD6D9996706.e.2486/click - {}
RESULT: {}
COMMAND: GET /session/0ed3e58e6e3cd5417bd3b3f225d9af79/screenshot - {}
RESULT: {}
COMMAND: POST /session/0ed3e58e6e3cd5417bd3b3f225d9af79/element - {"using":"xpath","value":"(//span[contains(@id, \"-application-manageresources-display-component---newResourceUnit--RUTimeSegment-0-arrow\")])[6]"}
RESULT: {"using":"xpath","value":"(//span[contains(@id, \"-application-manageresources-display-component---newResourceUnit--RUTimeSegment-0-arrow\")])[6]"}
COMMAND: POST /session/0ed3e58e6e3cd5417bd3b3f225d9af79/element/f.52AB194D52E8559853F1D34C601D985B.d.95AF1A35478AF97CCF40CCD6D9996706.e.2487/click - {}
RESULT: {}
COMMAND: GET /session/0ed3e58e6e3cd5417bd3b3f225d9af79/screenshot - {}
RESULT: {}
COMMAND: POST /session/0ed3e58e6e3cd5417bd3b3f225d9af79/element - {"using":"xpath","value":"//span[contains(text(), \"PM Order\")]"}
RESULT: {"using":"xpath","value":"//span[contains(text(), \"PM Order\")]"}
COMMAND: POST /session/0ed3e58e6e3cd5417bd3b3f225d9af79/element/f.52AB194D52E8559853F1D34C601D985B.d.95AF1A35478AF97CCF40CCD6D9996706.e.2490/click - {}
RESULT: {}
COMMAND: GET /session/0ed3e58e6e3cd5417bd3b3f225d9af79/screenshot - {}
RESULT: {}
COMMAND: POST /session/0ed3e58e6e3cd5417bd3b3f225d9af79/element - {"using":"xpath","value":"(//span[contains(@id ,\"manageresources-display-component---newResourceUnit--RUTimeSegment-0-vhi\")])[1]"}
RESULT: {"using":"xpath","value":"(//span[contains(@id ,\"manageresources-display-component---newResourceUnit--RUTimeSegment-0-vhi\")])[1]"}
COMMAND: GET /session/0ed3e58e6e3cd5417bd3b3f225d9af79/element/f.52AB194D52E8559853F1D34C601D985B.d.95AF1A35478AF97CCF40CCD6D9996706.e.2494/rect - {}
RESULT: {}
COMMAND: GET /session/0ed3e58e6e3cd5417bd3b3f225d9af79/window/rect - {}
RESULT: {}
COMMAND: POST /session/0ed3e58e6e3cd5417bd3b3f225d9af79/execute/sync - {"script":"<script> [92 bytes]","args":[]}
RESULT: {"script":"<script> [92 bytes]","args":[]}
COMMAND: POST /session/0ed3e58e6e3cd5417bd3b3f225d9af79/actions - {"actions":[{"id":"action13","type":"wheel","parameters":{},"actions":[{"type":"scroll","x":-869,"y":-24,"deltaX":0,"deltaY":0,"duration":0,"origin":{"element-6066-11e4-a52e-4f735466cecf":"f.52AB194D52E8559853F1D34C601D985B.d.95AF1A35478AF97CCF40CCD6D9996706.e.2494"}}]}]}
COMMAND: GET /session/0ed3e58e6e3cd5417bd3b3f225d9af79/screenshot - {}
RESULT: {"actions":[{"id":"action13","type":"wheel","parameters":{},"actions":[{"type":"scroll","x":-869,"y":-24,"deltaX":0,"deltaY":0,"duration":0,"origin":{"element-6066-11e4-a52e-4f735466cecf":"f.52AB194D52E8559853F1D34C601D985B.d.95AF1A35478AF97CCF40CCD6D9996706.e.2494"}}]}]}
COMMAND: DELETE /session/0ed3e58e6e3cd5417bd3b3f225d9af79/actions - {}
COMMAND: GET /session/0ed3e58e6e3cd5417bd3b3f225d9af79/screenshot - {}
RESULT: {}
RESULT: {}
COMMAND: GET /session/0ed3e58e6e3cd5417bd3b3f225d9af79/screenshot - {}
RESULT: {}
RESULT: {}
COMMAND: POST /session/0ed3e58e6e3cd5417bd3b3f225d9af79/element/f.52AB194D52E8559853F1D34C601D985B.d.95AF1A35478AF97CCF40CCD6D9996706.e.2494/click - {}
RESULT: {}
COMMAND: GET /session/0ed3e58e6e3cd5417bd3b3f225d9af79/screenshot - {}
RESULT: {}
COMMAND: POST /session/0ed3e58e6e3cd5417bd3b3f225d9af79/execute/async - {"script":"<script> [1562 bytes]","args":[{"selector":{"controlType":"sap.m.SearchField","properties":{"placeholder":"Search"},"searchOpenDialogs":true,"interaction":{"idSuffix":"I"}},"wdio_ui5_key":"sapm.SearchField{\"placeholder\":\"Search\"}"}]}
RESULT: {"script":"<script> [1562 bytes]","args":[{"selector":{"controlType":"sap.m.SearchField","properties":{"placeholder":"Search"},"searchOpenDialogs":true,"interaction":{"idSuffix":"I"}},"wdio_ui5_key":"sapm.SearchField{\"placeholder\":\"Search\"}"}]}
RESULT: undefined
COMMAND: POST /session/0ed3e58e6e3cd5417bd3b3f225d9af79/execute/async - {"script":"<script> [776 bytes]","args":[{"enterText":"4000360","selector":{"controlType":"sap.m.SearchField","properties":{"placeholder":"Search"},"searchOpenDialogs":true,"interaction":{"idSuffix":"I"}},"clearTextFirst":true,"interactionType":"ENTER_TEXT"}]}
RESULT: {"script":"<script> [776 bytes]","args":[{"enterText":"4000360","selector":{"controlType":"sap.m.SearchField","properties":{"placeholder":"Search"},"searchOpenDialogs":true,"interaction":{"idSuffix":"I"}},"clearTextFirst":true,"interactionType":"ENTER_TEXT"}]}
COMMAND: POST /session/0ed3e58e6e3cd5417bd3b3f225d9af79/actions - {"actions":[{"id":"action14","type":"key","parameters":{},"actions":[{"type":"keyDown","value":""},{"type":"pause","duration":10},{"type":"keyUp","value":""}]}]}
RESULT: {"actions":[{"id":"action14","type":"key","parameters":{},"actions":[{"type":"keyDown","value":""},{"type":"pause","duration":10},{"type":"keyUp","value":""}]}]}
COMMAND: GET /session/0ed3e58e6e3cd5417bd3b3f225d9af79/screenshot - {}
RESULT: {}
COMMAND: POST /session/0ed3e58e6e3cd5417bd3b3f225d9af79/element - {"using":"xpath","value":"//td/div/span[contains(text(), \"BGL Vehicles\")]"}
RESULT: {"using":"xpath","value":"//td/div/span[contains(text(), \"BGL Vehicles\")]"}
COMMAND: POST /session/0ed3e58e6e3cd5417bd3b3f225d9af79/element/f.52AB194D52E8559853F1D34C601D985B.d.95AF1A35478AF97CCF40CCD6D9996706.e.2516/click - {}
RESULT: {}
COMMAND: GET /session/0ed3e58e6e3cd5417bd3b3f225d9af79/screenshot - {}
RESULT: {}
COMMAND: POST /session/0ed3e58e6e3cd5417bd3b3f225d9af79/element - {"using":"xpath","value":"//bdi[contains(text(), \"OK\")]"}
RESULT: {"using":"xpath","value":"//bdi[contains(text(), \"OK\")]"}
COMMAND: POST /session/0ed3e58e6e3cd5417bd3b3f225d9af79/element/f.52AB194D52E8559853F1D34C601D985B.d.95AF1A35478AF97CCF40CCD6D9996706.e.2517/click - {}
RESULT: {}
COMMAND: GET /session/0ed3e58e6e3cd5417bd3b3f225d9af79/screenshot - {}
RESULT: {}
COMMAND: POST /session/0ed3e58e6e3cd5417bd3b3f225d9af79/execute/async - {"script":"<script> [1562 bytes]","args":[{"selector":{"id":"application-manageresources-display-component---newResourceUnit--newRRUPage-anchBar-application-manageresources-display-component---newResourceUnit--resource-anchor","interaction":{"idSuffix":"BDI-content"}},"wdio_ui5_key":"applicationmanageresources-display-component---newResourceUnit--newRRUPage-anchBar-application-manageresources-display-component---newResourceUnit--resource-anchor"}]}
RESULT: {"script":"<script> [1562 bytes]","args":[{"selector":{"id":"application-manageresources-display-component---newResourceUnit--newRRUPage-anchBar-application-manageresources-display-component---newResourceUnit--resource-anchor","interaction":{"idSuffix":"BDI-content"}},"wdio_ui5_key":"applicationmanageresources-display-component---newResourceUnit--newRRUPage-anchBar-application-manageresources-display-component---newResourceUnit--resource-anchor"}]}
RESULT: undefined
COMMAND: POST /session/0ed3e58e6e3cd5417bd3b3f225d9af79/element - {"using":"xpath","value":"//*[@id=\"application-manageresources-display-component---newResourceUnit--newRRUPage-anchBar-application-manageresources-display-component---newResourceUnit--resource-anchor\"]"}
RESULT: {"using":"xpath","value":"//*[@id=\"application-manageresources-display-component---newResourceUnit--newRRUPage-anchBar-application-manageresources-display-component---newResourceUnit--resource-anchor\"]"}
COMMAND: POST /session/0ed3e58e6e3cd5417bd3b3f225d9af79/element/f.52AB194D52E8559853F1D34C601D985B.d.95AF1A35478AF97CCF40CCD6D9996706.e.2521/click - {}
RESULT: {}
COMMAND: POST /session/0ed3e58e6e3cd5417bd3b3f225d9af79/execute/async - {"script":"<script> [1562 bytes]","args":[{"selector":{"id":"application-manageresources-display-component---newResourceUnit--PLANNED_DELIVERY_DATE","interaction":{"idSuffix":"inner"}},"wdio_ui5_key":"applicationmanageresources-display-component---newResourceUnit--PLANNED_DELIVERY_DATE"}]}
COMMAND: GET /session/0ed3e58e6e3cd5417bd3b3f225d9af79/screenshot - {}
RESULT: {"script":"<script> [1562 bytes]","args":[{"selector":{"id":"application-manageresources-display-component---newResourceUnit--PLANNED_DELIVERY_DATE","interaction":{"idSuffix":"inner"}},"wdio_ui5_key":"applicationmanageresources-display-component---newResourceUnit--PLANNED_DELIVERY_DATE"}]}
RESULT: undefined
COMMAND: POST /session/0ed3e58e6e3cd5417bd3b3f225d9af79/execute/async - {"script":"<script> [6424 bytes]","args":[{"element-6066-11e4-a52e-4f735466cecf":"f.52AB194D52E8559853F1D34C601D985B.d.95AF1A35478AF97CCF40CCD6D9996706.e.2350"},"setValue",["5/23/25"]]}
RESULT: {}
RESULT: {"script":"<script> [6424 bytes]","args":[{"element-6066-11e4-a52e-4f735466cecf":"f.52AB194D52E8559853F1D34C601D985B.d.95AF1A35478AF97CCF40CCD6D9996706.e.2350"},"setValue",["5/23/25"]]}
COMMAND: POST /session/0ed3e58e6e3cd5417bd3b3f225d9af79/element - {"using":"xpath","value":"//label[contains(@class, 'sapMLabelRequired') and .//bdi[contains(text(), 'Planned Retirement')]]"}
RESULT: {"using":"xpath","value":"//label[contains(@class, 'sapMLabelRequired') and .//bdi[contains(text(), 'Planned Retirement')]]"}
COMMAND: POST /session/0ed3e58e6e3cd5417bd3b3f225d9af79/elements - {"using":"xpath","value":"//label[contains(@class, 'sapMLabelRequired') and .//bdi[contains(text(), 'Planned Retirement')]]"}
RESULT: {"using":"xpath","value":"//label[contains(@class, 'sapMLabelRequired') and .//bdi[contains(text(), 'Planned Retirement')]]"}
COMMAND: POST /session/0ed3e58e6e3cd5417bd3b3f225d9af79/element - {"using":"xpath","value":"//button[@data-kt=\"resourceUnitSaveButton\"]"}
RESULT: {"using":"xpath","value":"//button[@data-kt=\"resourceUnitSaveButton\"]"}
COMMAND: POST /session/0ed3e58e6e3cd5417bd3b3f225d9af79/element/f.52AB194D52E8559853F1D34C601D985B.d.95AF1A35478AF97CCF40CCD6D9996706.e.2309/click - {}
RESULT: {}
COMMAND: GET /session/0ed3e58e6e3cd5417bd3b3f225d9af79/screenshot - {}
RESULT: {}
COMMAND: POST /session/0ed3e58e6e3cd5417bd3b3f225d9af79/element - {"using":"xpath","value":"//bdi[contains(text(), \"Close\")]"}
RESULT: {"using":"xpath","value":"//bdi[contains(text(), \"Close\")]"}
COMMAND: POST /session/0ed3e58e6e3cd5417bd3b3f225d9af79/element/f.52AB194D52E8559853F1D34C601D985B.d.95AF1A35478AF97CCF40CCD6D9996706.e.2530/click - {}
RESULT: {}
COMMAND: GET /session/0ed3e58e6e3cd5417bd3b3f225d9af79/screenshot - {}
RESULT: {}
COMMAND: POST /session/0ed3e58e6e3cd5417bd3b3f225d9af79/element - {"using":"xpath","value":"(//button[contains(@id ,\"actionsToolbar-overflowButton\")])[1]"}
RESULT: {"using":"xpath","value":"(//button[contains(@id ,\"actionsToolbar-overflowButton\")])[1]"}
COMMAND: POST /session/0ed3e58e6e3cd5417bd3b3f225d9af79/element/f.52AB194D52E8559853F1D34C601D985B.d.95AF1A35478AF97CCF40CCD6D9996706.e.2562/click - {}
RESULT: {}
COMMAND: GET /session/0ed3e58e6e3cd5417bd3b3f225d9af79/screenshot - {}
RESULT: {}
COMMAND: POST /session/0ed3e58e6e3cd5417bd3b3f225d9af79/element - {"using":"xpath","value":"//button[@data-kt=\"priceInfoButton\"]"}
RESULT: {"using":"xpath","value":"//button[@data-kt=\"priceInfoButton\"]"}
COMMAND: POST /session/0ed3e58e6e3cd5417bd3b3f225d9af79/element/f.52AB194D52E8559853F1D34C601D985B.d.95AF1A35478AF97CCF40CCD6D9996706.e.2564/click - {}
RESULT: {}
COMMAND: GET /session/0ed3e58e6e3cd5417bd3b3f225d9af79/screenshot - {}
RESULT: {}
COMMAND: POST /session/0ed3e58e6e3cd5417bd3b3f225d9af79/element - {"using":"css selector","value":"#shell-header-logo"}
RESULT: {"using":"css selector","value":"#shell-header-logo"}
COMMAND: POST /session/0ed3e58e6e3cd5417bd3b3f225d9af79/element/f.52AB194D52E8559853F1D34C601D985B.d.95AF1A35478AF97CCF40CCD6D9996706.e.1909/click - {}
RESULT: {}
COMMAND: GET /session/0ed3e58e6e3cd5417bd3b3f225d9af79/screenshot - {}
RESULT: {}
]]></system-out>
    </testcase>
    <testcase classname="chrome.136_0_7103_93.windows.RU_Inventory_Mass_State_Change_Multiple_Items_US151066" name="Prerequisite Step 2 Should create a new material" time="119.95">
      <system-out><![CDATA[
RESULT: undefined
COMMAND: POST /session/0ed3e58e6e3cd5417bd3b3f225d9af79/element - {"using":"xpath","value":"//*[@id=\"__tile39\"]"}
RESULT: {"using":"xpath","value":"//*[@id=\"__tile39\"]"}
COMMAND: POST /session/0ed3e58e6e3cd5417bd3b3f225d9af79/element/f.52AB194D52E8559853F1D34C601D985B.d.95AF1A35478AF97CCF40CCD6D9996706.e.149/click - {}
RESULT: {}
COMMAND: GET /session/0ed3e58e6e3cd5417bd3b3f225d9af79/screenshot - {}
RESULT: {}
COMMAND: POST /session/0ed3e58e6e3cd5417bd3b3f225d9af79/elements - {"using":"xpath","value":"//span[text()='Error']"}
RESULT: {"using":"xpath","value":"//span[text()='Error']"}
COMMAND: POST /session/0ed3e58e6e3cd5417bd3b3f225d9af79/element - {"using":"xpath","value":"//button[@data-kt=\"addNewRUOverflowToolbarButton\"]"}
RESULT: {"using":"xpath","value":"//button[@data-kt=\"addNewRUOverflowToolbarButton\"]"}
COMMAND: POST /session/0ed3e58e6e3cd5417bd3b3f225d9af79/elements - {"using":"xpath","value":"//button[@data-kt=\"addNewRUOverflowToolbarButton\"]"}
RESULT: {"using":"xpath","value":"//button[@data-kt=\"addNewRUOverflowToolbarButton\"]"}
COMMAND: POST /session/0ed3e58e6e3cd5417bd3b3f225d9af79/execute/sync - {"script":"<script> [8489 bytes]","args":[{"element-6066-11e4-a52e-4f735466cecf":"f.52AB194D52E8559853F1D34C601D985B.d.95AF1A35478AF97CCF40CCD6D9996706.e.2667","ELEMENT":"f.52AB194D52E8559853F1D34C601D985B.d.95AF1A35478AF97CCF40CCD6D9996706.e.2667"}]}
RESULT: {"script":"<script> [8489 bytes]","args":[{"element-6066-11e4-a52e-4f735466cecf":"f.52AB194D52E8559853F1D34C601D985B.d.95AF1A35478AF97CCF40CCD6D9996706.e.2667","ELEMENT":"f.52AB194D52E8559853F1D34C601D985B.d.95AF1A35478AF97CCF40CCD6D9996706.e.2667"}]}
COMMAND: GET /session/0ed3e58e6e3cd5417bd3b3f225d9af79/element/f.52AB194D52E8559853F1D34C601D985B.d.95AF1A35478AF97CCF40CCD6D9996706.e.2667/enabled - {}
COMMAND: GET /session/0ed3e58e6e3cd5417bd3b3f225d9af79/screenshot - {}
RESULT: {}
COMMAND: POST /session/0ed3e58e6e3cd5417bd3b3f225d9af79/execute/sync - {"script":"<script> [8489 bytes]","args":[{"element-6066-11e4-a52e-4f735466cecf":"f.52AB194D52E8559853F1D34C601D985B.d.95AF1A35478AF97CCF40CCD6D9996706.e.2667","ELEMENT":"f.52AB194D52E8559853F1D34C601D985B.d.95AF1A35478AF97CCF40CCD6D9996706.e.2667"}]}
COMMAND: GET /session/0ed3e58e6e3cd5417bd3b3f225d9af79/screenshot - {}
RESULT: {}
RESULT: {"script":"<script> [8489 bytes]","args":[{"element-6066-11e4-a52e-4f735466cecf":"f.52AB194D52E8559853F1D34C601D985B.d.95AF1A35478AF97CCF40CCD6D9996706.e.2667","ELEMENT":"f.52AB194D52E8559853F1D34C601D985B.d.95AF1A35478AF97CCF40CCD6D9996706.e.2667"}]}
COMMAND: POST /session/0ed3e58e6e3cd5417bd3b3f225d9af79/execute/sync - {"script":"<script> [5351 bytes]","args":[{"element-6066-11e4-a52e-4f735466cecf":"f.52AB194D52E8559853F1D34C601D985B.d.95AF1A35478AF97CCF40CCD6D9996706.e.2667","ELEMENT":"f.52AB194D52E8559853F1D34C601D985B.d.95AF1A35478AF97CCF40CCD6D9996706.e.2667"}]}
RESULT: {}
COMMAND: GET /session/0ed3e58e6e3cd5417bd3b3f225d9af79/screenshot - {}
RESULT: {"script":"<script> [5351 bytes]","args":[{"element-6066-11e4-a52e-4f735466cecf":"f.52AB194D52E8559853F1D34C601D985B.d.95AF1A35478AF97CCF40CCD6D9996706.e.2667","ELEMENT":"f.52AB194D52E8559853F1D34C601D985B.d.95AF1A35478AF97CCF40CCD6D9996706.e.2667"}]}
COMMAND: POST /session/0ed3e58e6e3cd5417bd3b3f225d9af79/element/f.52AB194D52E8559853F1D34C601D985B.d.95AF1A35478AF97CCF40CCD6D9996706.e.2667/click - {}
COMMAND: GET /session/0ed3e58e6e3cd5417bd3b3f225d9af79/screenshot - {}
RESULT: {}
RESULT: {}
RESULT: undefined
COMMAND: POST /session/0ed3e58e6e3cd5417bd3b3f225d9af79/element - {"using":"xpath","value":"//*[@id=\"application-manageresources-display-component---newResourceUnit--TYPE-arrow\"]"}
COMMAND: GET /session/0ed3e58e6e3cd5417bd3b3f225d9af79/screenshot - {}
RESULT: {}
RESULT: {"using":"xpath","value":"//*[@id=\"application-manageresources-display-component---newResourceUnit--TYPE-arrow\"]"}
COMMAND: POST /session/0ed3e58e6e3cd5417bd3b3f225d9af79/element/f.52AB194D52E8559853F1D34C601D985B.d.95AF1A35478AF97CCF40CCD6D9996706.e.3012/click - {}
RESULT: {}
RESULT: {}
COMMAND: POST /session/0ed3e58e6e3cd5417bd3b3f225d9af79/element - {"using":"xpath","value":"//input[@id=\"application-manageresources-display-component---newResourceUnit--TYPE-inner\"]"}
COMMAND: GET /session/0ed3e58e6e3cd5417bd3b3f225d9af79/screenshot - {}
RESULT: {"using":"xpath","value":"//input[@id=\"application-manageresources-display-component---newResourceUnit--TYPE-inner\"]"}
COMMAND: POST /session/0ed3e58e6e3cd5417bd3b3f225d9af79/element/f.52AB194D52E8559853F1D34C601D985B.d.95AF1A35478AF97CCF40CCD6D9996706.e.3008/clear - {}
RESULT: {}
RESULT: {}
COMMAND: POST /session/0ed3e58e6e3cd5417bd3b3f225d9af79/element/f.52AB194D52E8559853F1D34C601D985B.d.95AF1A35478AF97CCF40CCD6D9996706.e.3008/value - {"text":"Material"}
COMMAND: GET /session/0ed3e58e6e3cd5417bd3b3f225d9af79/screenshot - {}
RESULT: {"text":"Material"}
COMMAND: GET /session/0ed3e58e6e3cd5417bd3b3f225d9af79/screenshot - {}
RESULT: {}
RESULT: {}
COMMAND: POST /session/0ed3e58e6e3cd5417bd3b3f225d9af79/actions - {"actions":[{"id":"action15","type":"key","parameters":{},"actions":[{"type":"keyDown","value":""},{"type":"pause","duration":10},{"type":"keyUp","value":""}]}]}
RESULT: {"actions":[{"id":"action15","type":"key","parameters":{},"actions":[{"type":"keyDown","value":""},{"type":"pause","duration":10},{"type":"keyUp","value":""}]}]}
RESULT: undefined
COMMAND: POST /session/0ed3e58e6e3cd5417bd3b3f225d9af79/execute/async - {"script":"<script> [776 bytes]","args":[{"enterText":"Cement WDIO","selector":{"id":"application-manageresources-display-component---newResourceUnit--SHORT_TEXT","interaction":{"idSuffix":"inner"}},"clearTextFirst":true,"interactionType":"ENTER_TEXT"}]}
COMMAND: GET /session/0ed3e58e6e3cd5417bd3b3f225d9af79/screenshot - {}
RESULT: {"script":"<script> [776 bytes]","args":[{"enterText":"Cement WDIO","selector":{"id":"application-manageresources-display-component---newResourceUnit--SHORT_TEXT","interaction":{"idSuffix":"inner"}},"clearTextFirst":true,"interactionType":"ENTER_TEXT"}]}
RESULT: undefined
COMMAND: POST /session/0ed3e58e6e3cd5417bd3b3f225d9af79/execute/async - {"script":"<script> [776 bytes]","args":[{"enterText":"Piece","selector":{"id":"application-manageresources-display-component---newResourceUnit--BASE_UNIT_OF_MEASURE","interaction":{"idSuffix":"inner"}},"clearTextFirst":true,"interactionType":"ENTER_TEXT"}]}
RESULT: {}
RESULT: {"script":"<script> [776 bytes]","args":[{"enterText":"Piece","selector":{"id":"application-manageresources-display-component---newResourceUnit--BASE_UNIT_OF_MEASURE","interaction":{"idSuffix":"inner"}},"clearTextFirst":true,"interactionType":"ENTER_TEXT"}]}
RESULT: undefined
COMMAND: POST /session/0ed3e58e6e3cd5417bd3b3f225d9af79/execute/async - {"script":"<script> [776 bytes]","args":[{"enterText":"Gram","selector":{"id":"application-manageresources-display-component---newResourceUnit--WEIGHT_UNIT","interaction":{"idSuffix":"inner"}},"clearTextFirst":true,"interactionType":"ENTER_TEXT"}]}
RESULT: {"script":"<script> [776 bytes]","args":[{"enterText":"Gram","selector":{"id":"application-manageresources-display-component---newResourceUnit--WEIGHT_UNIT","interaction":{"idSuffix":"inner"}},"clearTextFirst":true,"interactionType":"ENTER_TEXT"}]}
RESULT: undefined
COMMAND: POST /session/0ed3e58e6e3cd5417bd3b3f225d9af79/execute/async - {"script":"<script> [776 bytes]","args":[{"enterText":"Meter","selector":{"id":"application-manageresources-display-component---newResourceUnit--DIMENSION_UNIT","interaction":{"idSuffix":"inner"}},"clearTextFirst":true,"interactionType":"ENTER_TEXT"}]}
RESULT: {"script":"<script> [776 bytes]","args":[{"enterText":"Meter","selector":{"id":"application-manageresources-display-component---newResourceUnit--DIMENSION_UNIT","interaction":{"idSuffix":"inner"}},"clearTextFirst":true,"interactionType":"ENTER_TEXT"}]}
RESULT: undefined
COMMAND: POST /session/0ed3e58e6e3cd5417bd3b3f225d9af79/element - {"using":"xpath","value":"//*[@id=\"application-manageresources-display-component---newResourceUnit--newRRUPage-anchBar-application-manageresources-display-component---newResourceUnit--control-anchor\"]"}
RESULT: {"using":"xpath","value":"//*[@id=\"application-manageresources-display-component---newResourceUnit--newRRUPage-anchBar-application-manageresources-display-component---newResourceUnit--control-anchor\"]"}
COMMAND: POST /session/0ed3e58e6e3cd5417bd3b3f225d9af79/element/f.52AB194D52E8559853F1D34C601D985B.d.95AF1A35478AF97CCF40CCD6D9996706.e.3137/click - {}
RESULT: {}
RESULT: undefined
COMMAND: POST /session/0ed3e58e6e3cd5417bd3b3f225d9af79/execute/async - {"script":"<script> [776 bytes]","args":[{"enterText":"Material","selector":{"id":"application-manageresources-display-component---newResourceUnit--PLANNING_GROUP","interaction":{"idSuffix":"inner"}},"clearTextFirst":true,"interactionType":"ENTER_TEXT"}]}
COMMAND: GET /session/0ed3e58e6e3cd5417bd3b3f225d9af79/screenshot - {}
RESULT: {"script":"<script> [776 bytes]","args":[{"enterText":"Material","selector":{"id":"application-manageresources-display-component---newResourceUnit--PLANNING_GROUP","interaction":{"idSuffix":"inner"}},"clearTextFirst":true,"interactionType":"ENTER_TEXT"}]}
RESULT: {}
COMMAND: POST /session/0ed3e58e6e3cd5417bd3b3f225d9af79/execute/async - {"script":"<script> [1562 bytes]","args":[{"selector":{"id":"application-manageresources-display-component---newResourceUnit--PLANNING_INDICATOR","interaction":{"idSuffix":"inner"}},"wdio_ui5_key":"applicationmanageresources-display-component---newResourceUnit--PLANNING_INDICATOR"}]}
RESULT: {"script":"<script> [1562 bytes]","args":[{"selector":{"id":"application-manageresources-display-component---newResourceUnit--PLANNING_INDICATOR","interaction":{"idSuffix":"inner"}},"wdio_ui5_key":"applicationmanageresources-display-component---newResourceUnit--PLANNING_INDICATOR"}]}
RESULT: undefined
COMMAND: POST /session/0ed3e58e6e3cd5417bd3b3f225d9af79/execute/async - {"script":"<script> [776 bytes]","args":[{"enterText":"10 - infinite","selector":{"id":"application-manageresources-display-component---newResourceUnit--PLANNING_INDICATOR","interaction":{"idSuffix":"inner"}},"clearTextFirst":true,"interactionType":"ENTER_TEXT"}]}
RESULT: {"script":"<script> [776 bytes]","args":[{"enterText":"10 - infinite","selector":{"id":"application-manageresources-display-component---newResourceUnit--PLANNING_INDICATOR","interaction":{"idSuffix":"inner"}},"clearTextFirst":true,"interactionType":"ENTER_TEXT"}]}
COMMAND: POST /session/0ed3e58e6e3cd5417bd3b3f225d9af79/element - {"using":"css selector","value":"#application-manageresources-display-component---newResourceUnit--btnAddTimeSegment"}
RESULT: {"using":"css selector","value":"#application-manageresources-display-component---newResourceUnit--btnAddTimeSegment"}
COMMAND: GET /session/0ed3e58e6e3cd5417bd3b3f225d9af79/element/f.52AB194D52E8559853F1D34C601D985B.d.95AF1A35478AF97CCF40CCD6D9996706.e.3144/rect - {}
RESULT: {}
COMMAND: GET /session/0ed3e58e6e3cd5417bd3b3f225d9af79/window/rect - {}
RESULT: {}
COMMAND: POST /session/0ed3e58e6e3cd5417bd3b3f225d9af79/execute/sync - {"script":"<script> [92 bytes]","args":[]}
RESULT: {"script":"<script> [92 bytes]","args":[]}
COMMAND: POST /session/0ed3e58e6e3cd5417bd3b3f225d9af79/actions - {"actions":[{"id":"action16","type":"wheel","parameters":{},"actions":[{"type":"scroll","x":-1888,"y":-32,"deltaX":0,"deltaY":0,"duration":0,"origin":{"element-6066-11e4-a52e-4f735466cecf":"f.52AB194D52E8559853F1D34C601D985B.d.95AF1A35478AF97CCF40CCD6D9996706.e.3144"}}]}]}
COMMAND: GET /session/0ed3e58e6e3cd5417bd3b3f225d9af79/screenshot - {}
RESULT: {}
COMMAND: POST /session/0ed3e58e6e3cd5417bd3b3f225d9af79/execute/sync - {"script":"<script> [79 bytes]","args":[{"element-6066-11e4-a52e-4f735466cecf":"f.52AB194D52E8559853F1D34C601D985B.d.95AF1A35478AF97CCF40CCD6D9996706.e.3144","ELEMENT":"f.52AB194D52E8559853F1D34C601D985B.d.95AF1A35478AF97CCF40CCD6D9996706.e.3144"},{"block":"start","inline":"nearest"}]}
RESULT: {"script":"<script> [79 bytes]","args":[{"element-6066-11e4-a52e-4f735466cecf":"f.52AB194D52E8559853F1D34C601D985B.d.95AF1A35478AF97CCF40CCD6D9996706.e.3144","ELEMENT":"f.52AB194D52E8559853F1D34C601D985B.d.95AF1A35478AF97CCF40CCD6D9996706.e.3144"},{"block":"start","inline":"nearest"}]}
RESULT: undefined
COMMAND: POST /session/0ed3e58e6e3cd5417bd3b3f225d9af79/element - {"using":"xpath","value":"//*[@id=\"application-manageresources-display-component---newResourceUnit--btnAddTimeSegment\"]"}
COMMAND: GET /session/0ed3e58e6e3cd5417bd3b3f225d9af79/screenshot - {}
RESULT: {"using":"xpath","value":"//*[@id=\"application-manageresources-display-component---newResourceUnit--btnAddTimeSegment\"]"}
COMMAND: POST /session/0ed3e58e6e3cd5417bd3b3f225d9af79/element/f.52AB194D52E8559853F1D34C601D985B.d.95AF1A35478AF97CCF40CCD6D9996706.e.3144/click - {}
RESULT: {}
RESULT: {}
COMMAND: GET /session/0ed3e58e6e3cd5417bd3b3f225d9af79/screenshot - {}
RESULT: {}
COMMAND: POST /session/0ed3e58e6e3cd5417bd3b3f225d9af79/element - {"using":"xpath","value":"//input[@id=\"application-manageresources-display-component---newResourceUnit--idRuTSAdmin-application-manageresources-display-component---newResourceUnit--RUTimeSegment-0-inner\"]"}
RESULT: {"using":"xpath","value":"//input[@id=\"application-manageresources-display-component---newResourceUnit--idRuTSAdmin-application-manageresources-display-component---newResourceUnit--RUTimeSegment-0-inner\"]"}
COMMAND: POST /session/0ed3e58e6e3cd5417bd3b3f225d9af79/element/f.52AB194D52E8559853F1D34C601D985B.d.95AF1A35478AF97CCF40CCD6D9996706.e.3148/clear - {}
RESULT: {}
COMMAND: POST /session/0ed3e58e6e3cd5417bd3b3f225d9af79/element/f.52AB194D52E8559853F1D34C601D985B.d.95AF1A35478AF97CCF40CCD6D9996706.e.3148/value - {"text":"109"}
COMMAND: GET /session/0ed3e58e6e3cd5417bd3b3f225d9af79/screenshot - {}
RESULT: {"text":"109"}
COMMAND: GET /session/0ed3e58e6e3cd5417bd3b3f225d9af79/screenshot - {}
RESULT: {}
RESULT: {}
COMMAND: POST /session/0ed3e58e6e3cd5417bd3b3f225d9af79/element - {"using":"xpath","value":"//li[.//span[text()='109']]"}
RESULT: {"using":"xpath","value":"//li[.//span[text()='109']]"}
COMMAND: POST /session/0ed3e58e6e3cd5417bd3b3f225d9af79/element/f.52AB194D52E8559853F1D34C601D985B.d.95AF1A35478AF97CCF40CCD6D9996706.e.3157/click - {}
RESULT: {}
COMMAND: GET /session/0ed3e58e6e3cd5417bd3b3f225d9af79/screenshot - {}
RESULT: {}
COMMAND: POST /session/0ed3e58e6e3cd5417bd3b3f225d9af79/element - {"using":"xpath","value":"(//span[contains(@id, \"-application-manageresources-display-component---newResourceUnit--RUTimeSegment-0-arrow\")])[2]"}
RESULT: {"using":"xpath","value":"(//span[contains(@id, \"-application-manageresources-display-component---newResourceUnit--RUTimeSegment-0-arrow\")])[2]"}
COMMAND: POST /session/0ed3e58e6e3cd5417bd3b3f225d9af79/element/f.52AB194D52E8559853F1D34C601D985B.d.95AF1A35478AF97CCF40CCD6D9996706.e.3158/click - {}
RESULT: {}
COMMAND: POST /session/0ed3e58e6e3cd5417bd3b3f225d9af79/element - {"using":"xpath","value":"//span[contains(text(), \"PM Order\")]"}
COMMAND: GET /session/0ed3e58e6e3cd5417bd3b3f225d9af79/screenshot - {}
RESULT: {"using":"xpath","value":"//span[contains(text(), \"PM Order\")]"}
COMMAND: POST /session/0ed3e58e6e3cd5417bd3b3f225d9af79/element/f.52AB194D52E8559853F1D34C601D985B.d.95AF1A35478AF97CCF40CCD6D9996706.e.3159/click - {}
RESULT: {}
RESULT: {}
COMMAND: GET /session/0ed3e58e6e3cd5417bd3b3f225d9af79/screenshot - {}
RESULT: {}
COMMAND: POST /session/0ed3e58e6e3cd5417bd3b3f225d9af79/element - {"using":"xpath","value":"//td/div/div/div/span[contains(@id, \"newResourceUnit--RUTimeSegment-0-vhi\")][1]"}
RESULT: {"using":"xpath","value":"//td/div/div/div/span[contains(@id, \"newResourceUnit--RUTimeSegment-0-vhi\")][1]"}
COMMAND: GET /session/0ed3e58e6e3cd5417bd3b3f225d9af79/element/f.52AB194D52E8559853F1D34C601D985B.d.95AF1A35478AF97CCF40CCD6D9996706.e.3163/rect - {}
RESULT: {}
COMMAND: GET /session/0ed3e58e6e3cd5417bd3b3f225d9af79/window/rect - {}
RESULT: {}
COMMAND: POST /session/0ed3e58e6e3cd5417bd3b3f225d9af79/execute/sync - {"script":"<script> [92 bytes]","args":[]}
RESULT: {"script":"<script> [92 bytes]","args":[]}
COMMAND: POST /session/0ed3e58e6e3cd5417bd3b3f225d9af79/actions - {"actions":[{"id":"action17","type":"wheel","parameters":{},"actions":[{"type":"scroll","x":-1888,"y":-24,"deltaX":0,"deltaY":0,"duration":0,"origin":{"element-6066-11e4-a52e-4f735466cecf":"f.52AB194D52E8559853F1D34C601D985B.d.95AF1A35478AF97CCF40CCD6D9996706.e.3163"}}]}]}
COMMAND: GET /session/0ed3e58e6e3cd5417bd3b3f225d9af79/screenshot - {}
RESULT: {}
COMMAND: POST /session/0ed3e58e6e3cd5417bd3b3f225d9af79/execute/sync - {"script":"<script> [79 bytes]","args":[{"element-6066-11e4-a52e-4f735466cecf":"f.52AB194D52E8559853F1D34C601D985B.d.95AF1A35478AF97CCF40CCD6D9996706.e.3163","ELEMENT":"f.52AB194D52E8559853F1D34C601D985B.d.95AF1A35478AF97CCF40CCD6D9996706.e.3163"},{"block":"start","inline":"nearest"}]}
RESULT: {"script":"<script> [79 bytes]","args":[{"element-6066-11e4-a52e-4f735466cecf":"f.52AB194D52E8559853F1D34C601D985B.d.95AF1A35478AF97CCF40CCD6D9996706.e.3163","ELEMENT":"f.52AB194D52E8559853F1D34C601D985B.d.95AF1A35478AF97CCF40CCD6D9996706.e.3163"},{"block":"start","inline":"nearest"}]}
COMMAND: GET /session/0ed3e58e6e3cd5417bd3b3f225d9af79/screenshot - {}
RESULT: {}
COMMAND: POST /session/0ed3e58e6e3cd5417bd3b3f225d9af79/element/f.52AB194D52E8559853F1D34C601D985B.d.95AF1A35478AF97CCF40CCD6D9996706.e.3163/click - {}
RESULT: {}
COMMAND: GET /session/0ed3e58e6e3cd5417bd3b3f225d9af79/screenshot - {}
RESULT: {}
RESULT: undefined
COMMAND: POST /session/0ed3e58e6e3cd5417bd3b3f225d9af79/execute/async - {"script":"<script> [776 bytes]","args":[{"enterText":"4000360","selector":{"controlType":"sap.m.SearchField","properties":{"placeholder":"Search"},"searchOpenDialogs":true,"interaction":{"idSuffix":"I"}},"clearTextFirst":true,"interactionType":"ENTER_TEXT"}]}
RESULT: {"script":"<script> [776 bytes]","args":[{"enterText":"4000360","selector":{"controlType":"sap.m.SearchField","properties":{"placeholder":"Search"},"searchOpenDialogs":true,"interaction":{"idSuffix":"I"}},"clearTextFirst":true,"interactionType":"ENTER_TEXT"}]}
COMMAND: POST /session/0ed3e58e6e3cd5417bd3b3f225d9af79/actions - {"actions":[{"id":"action18","type":"key","parameters":{},"actions":[{"type":"keyDown","value":""},{"type":"pause","duration":10},{"type":"keyUp","value":""}]}]}
RESULT: {"actions":[{"id":"action18","type":"key","parameters":{},"actions":[{"type":"keyDown","value":""},{"type":"pause","duration":10},{"type":"keyUp","value":""}]}]}
COMMAND: GET /session/0ed3e58e6e3cd5417bd3b3f225d9af79/screenshot - {}
RESULT: {}
COMMAND: POST /session/0ed3e58e6e3cd5417bd3b3f225d9af79/element - {"using":"xpath","value":"//td/div/span[contains(text(), \"BGL Vehicles\")]"}
RESULT: {"using":"xpath","value":"//td/div/span[contains(text(), \"BGL Vehicles\")]"}
COMMAND: POST /session/0ed3e58e6e3cd5417bd3b3f225d9af79/element/f.52AB194D52E8559853F1D34C601D985B.d.95AF1A35478AF97CCF40CCD6D9996706.e.3183/click - {}
RESULT: {}
COMMAND: GET /session/0ed3e58e6e3cd5417bd3b3f225d9af79/screenshot - {}
RESULT: {}
COMMAND: POST /session/0ed3e58e6e3cd5417bd3b3f225d9af79/element - {"using":"xpath","value":"//bdi[contains(text(), \"OK\")]"}
RESULT: {"using":"xpath","value":"//bdi[contains(text(), \"OK\")]"}
COMMAND: POST /session/0ed3e58e6e3cd5417bd3b3f225d9af79/element/f.52AB194D52E8559853F1D34C601D985B.d.95AF1A35478AF97CCF40CCD6D9996706.e.3184/click - {}
RESULT: {}
COMMAND: GET /session/0ed3e58e6e3cd5417bd3b3f225d9af79/screenshot - {}
RESULT: {}
COMMAND: POST /session/0ed3e58e6e3cd5417bd3b3f225d9af79/element - {"using":"xpath","value":"//label[contains(@class, 'sapMLabelRequired') and .//bdi[contains(text(), 'Planned Retirement')]]"}
RESULT: {"using":"xpath","value":"//label[contains(@class, 'sapMLabelRequired') and .//bdi[contains(text(), 'Planned Retirement')]]"}
COMMAND: POST /session/0ed3e58e6e3cd5417bd3b3f225d9af79/elements - {"using":"xpath","value":"//label[contains(@class, 'sapMLabelRequired') and .//bdi[contains(text(), 'Planned Retirement')]]"}
RESULT: {"using":"xpath","value":"//label[contains(@class, 'sapMLabelRequired') and .//bdi[contains(text(), 'Planned Retirement')]]"}
COMMAND: POST /session/0ed3e58e6e3cd5417bd3b3f225d9af79/element - {"using":"xpath","value":"//button[@data-kt=\"resourceUnitSaveButton\"]"}
RESULT: {"using":"xpath","value":"//button[@data-kt=\"resourceUnitSaveButton\"]"}
COMMAND: POST /session/0ed3e58e6e3cd5417bd3b3f225d9af79/element/f.52AB194D52E8559853F1D34C601D985B.d.95AF1A35478AF97CCF40CCD6D9996706.e.3029/click - {}
RESULT: {}
COMMAND: GET /session/0ed3e58e6e3cd5417bd3b3f225d9af79/screenshot - {}
RESULT: {}
COMMAND: POST /session/0ed3e58e6e3cd5417bd3b3f225d9af79/element - {"using":"xpath","value":"//bdi[contains(text(), \"Close\")]"}
RESULT: {"using":"xpath","value":"//bdi[contains(text(), \"Close\")]"}
COMMAND: POST /session/0ed3e58e6e3cd5417bd3b3f225d9af79/element/f.52AB194D52E8559853F1D34C601D985B.d.95AF1A35478AF97CCF40CCD6D9996706.e.3191/click - {}
RESULT: {}
COMMAND: GET /session/0ed3e58e6e3cd5417bd3b3f225d9af79/screenshot - {}
RESULT: {}
COMMAND: POST /session/0ed3e58e6e3cd5417bd3b3f225d9af79/element - {"using":"xpath","value":"//header[contains(@id, 'detailRruPage-headerTitle')]/div[1]/div[2]/div[2]/span[1]"}
RESULT: {"using":"xpath","value":"//header[contains(@id, 'detailRruPage-headerTitle')]/div[1]/div[2]/div[2]/span[1]"}
COMMAND: POST /session/0ed3e58e6e3cd5417bd3b3f225d9af79/elements - {"using":"xpath","value":"//header[contains(@id, 'detailRruPage-headerTitle')]/div[1]/div[2]/div[2]/span[1]"}
RESULT: {"using":"xpath","value":"//header[contains(@id, 'detailRruPage-headerTitle')]/div[1]/div[2]/div[2]/span[1]"}
COMMAND: POST /session/0ed3e58e6e3cd5417bd3b3f225d9af79/execute/sync - {"script":"<script> [56 bytes]","args":[{"element-6066-11e4-a52e-4f735466cecf":"f.52AB194D52E8559853F1D34C601D985B.d.95AF1A35478AF97CCF40CCD6D9996706.e.3227","ELEMENT":"f.52AB194D52E8559853F1D34C601D985B.d.95AF1A35478AF97CCF40CCD6D9996706.e.3227"}]}
RESULT: {"script":"<script> [56 bytes]","args":[{"element-6066-11e4-a52e-4f735466cecf":"f.52AB194D52E8559853F1D34C601D985B.d.95AF1A35478AF97CCF40CCD6D9996706.e.3227","ELEMENT":"f.52AB194D52E8559853F1D34C601D985B.d.95AF1A35478AF97CCF40CCD6D9996706.e.3227"}]}
COMMAND: POST /session/0ed3e58e6e3cd5417bd3b3f225d9af79/element - {"using":"css selector","value":"#shell-header-logo"}
COMMAND: GET /session/0ed3e58e6e3cd5417bd3b3f225d9af79/screenshot - {}
RESULT: {"using":"css selector","value":"#shell-header-logo"}
COMMAND: POST /session/0ed3e58e6e3cd5417bd3b3f225d9af79/element/f.52AB194D52E8559853F1D34C601D985B.d.95AF1A35478AF97CCF40CCD6D9996706.e.2629/click - {}
RESULT: {}
RESULT: {}
COMMAND: GET /session/0ed3e58e6e3cd5417bd3b3f225d9af79/screenshot - {}
RESULT: {}
]]></system-out>
    </testcase>
    <testcase classname="chrome.136_0_7103_93.windows.RU_Inventory_Mass_State_Change_Multiple_Items_US151066" name="Prerequisite Step 2 Should do a stock increase handover for the equipment" time="110.438">
      <system-out><![CDATA[
COMMAND: POST /session/0ed3e58e6e3cd5417bd3b3f225d9af79/execute/async - {"script":"<script> [1562 bytes]","args":[{"selector":{"controlType":"sap.m.GenericTile","properties":{"header":"Manage Handovers"}},"wdio_ui5_key":"sapm.GenericTile{\"header\":\"Manage Handovers\"}"}]}
RESULT: {"script":"<script> [1562 bytes]","args":[{"selector":{"controlType":"sap.m.GenericTile","properties":{"header":"Manage Handovers"}},"wdio_ui5_key":"sapm.GenericTile{\"header\":\"Manage Handovers\"}"}]}
RESULT: undefined
COMMAND: POST /session/0ed3e58e6e3cd5417bd3b3f225d9af79/element - {"using":"xpath","value":"//*[@id=\"__tile132\"]"}
RESULT: {"using":"xpath","value":"//*[@id=\"__tile132\"]"}
COMMAND: POST /session/0ed3e58e6e3cd5417bd3b3f225d9af79/element/f.52AB194D52E8559853F1D34C601D985B.d.95AF1A35478AF97CCF40CCD6D9996706.e.3229/click - {}
RESULT: {}
COMMAND: GET /session/0ed3e58e6e3cd5417bd3b3f225d9af79/screenshot - {}
RESULT: {}
COMMAND: POST /session/0ed3e58e6e3cd5417bd3b3f225d9af79/elements - {"using":"xpath","value":"//span[text()='Error']"}
RESULT: {"using":"xpath","value":"//span[text()='Error']"}
COMMAND: POST /session/0ed3e58e6e3cd5417bd3b3f225d9af79/element - {"using":"xpath","value":"//button[@data-kt=\"masterHOAddButton\"]"}
RESULT: {"using":"xpath","value":"//button[@data-kt=\"masterHOAddButton\"]"}
COMMAND: POST /session/0ed3e58e6e3cd5417bd3b3f225d9af79/elements - {"using":"xpath","value":"//button[@data-kt=\"masterHOAddButton\"]"}
RESULT: {"using":"xpath","value":"//button[@data-kt=\"masterHOAddButton\"]"}
COMMAND: POST /session/0ed3e58e6e3cd5417bd3b3f225d9af79/elements - {"using":"xpath","value":"//button[@data-kt=\"masterHOAddButton\"]"}
RESULT: {"using":"xpath","value":"//button[@data-kt=\"masterHOAddButton\"]"}
COMMAND: POST /session/0ed3e58e6e3cd5417bd3b3f225d9af79/element - {"using":"xpath","value":"//button[@data-kt=\"masterHOAddButton\"]"}
RESULT: {"using":"xpath","value":"//button[@data-kt=\"masterHOAddButton\"]"}
COMMAND: POST /session/0ed3e58e6e3cd5417bd3b3f225d9af79/execute/sync - {"script":"<script> [8489 bytes]","args":[{"element-6066-11e4-a52e-4f735466cecf":"f.52AB194D52E8559853F1D34C601D985B.d.95AF1A35478AF97CCF40CCD6D9996706.e.3269","ELEMENT":"f.52AB194D52E8559853F1D34C601D985B.d.95AF1A35478AF97CCF40CCD6D9996706.e.3269"}]}
RESULT: {"script":"<script> [8489 bytes]","args":[{"element-6066-11e4-a52e-4f735466cecf":"f.52AB194D52E8559853F1D34C601D985B.d.95AF1A35478AF97CCF40CCD6D9996706.e.3269","ELEMENT":"f.52AB194D52E8559853F1D34C601D985B.d.95AF1A35478AF97CCF40CCD6D9996706.e.3269"}]}
COMMAND: GET /session/0ed3e58e6e3cd5417bd3b3f225d9af79/element/f.52AB194D52E8559853F1D34C601D985B.d.95AF1A35478AF97CCF40CCD6D9996706.e.3269/enabled - {}
COMMAND: GET /session/0ed3e58e6e3cd5417bd3b3f225d9af79/screenshot - {}
RESULT: {}
COMMAND: POST /session/0ed3e58e6e3cd5417bd3b3f225d9af79/execute/sync - {"script":"<script> [8489 bytes]","args":[{"element-6066-11e4-a52e-4f735466cecf":"f.52AB194D52E8559853F1D34C601D985B.d.95AF1A35478AF97CCF40CCD6D9996706.e.3269","ELEMENT":"f.52AB194D52E8559853F1D34C601D985B.d.95AF1A35478AF97CCF40CCD6D9996706.e.3269"}]}
COMMAND: GET /session/0ed3e58e6e3cd5417bd3b3f225d9af79/screenshot - {}
RESULT: {}
RESULT: {"script":"<script> [8489 bytes]","args":[{"element-6066-11e4-a52e-4f735466cecf":"f.52AB194D52E8559853F1D34C601D985B.d.95AF1A35478AF97CCF40CCD6D9996706.e.3269","ELEMENT":"f.52AB194D52E8559853F1D34C601D985B.d.95AF1A35478AF97CCF40CCD6D9996706.e.3269"}]}
COMMAND: POST /session/0ed3e58e6e3cd5417bd3b3f225d9af79/execute/sync - {"script":"<script> [5351 bytes]","args":[{"element-6066-11e4-a52e-4f735466cecf":"f.52AB194D52E8559853F1D34C601D985B.d.95AF1A35478AF97CCF40CCD6D9996706.e.3269","ELEMENT":"f.52AB194D52E8559853F1D34C601D985B.d.95AF1A35478AF97CCF40CCD6D9996706.e.3269"}]}
COMMAND: GET /session/0ed3e58e6e3cd5417bd3b3f225d9af79/screenshot - {}
RESULT: {}
RESULT: {"script":"<script> [5351 bytes]","args":[{"element-6066-11e4-a52e-4f735466cecf":"f.52AB194D52E8559853F1D34C601D985B.d.95AF1A35478AF97CCF40CCD6D9996706.e.3269","ELEMENT":"f.52AB194D52E8559853F1D34C601D985B.d.95AF1A35478AF97CCF40CCD6D9996706.e.3269"}]}
COMMAND: POST /session/0ed3e58e6e3cd5417bd3b3f225d9af79/element/f.52AB194D52E8559853F1D34C601D985B.d.95AF1A35478AF97CCF40CCD6D9996706.e.3269/click - {}
COMMAND: GET /session/0ed3e58e6e3cd5417bd3b3f225d9af79/screenshot - {}
RESULT: {}
RESULT: {}
COMMAND: GET /session/0ed3e58e6e3cd5417bd3b3f225d9af79/screenshot - {}
COMMAND: POST /session/0ed3e58e6e3cd5417bd3b3f225d9af79/element - {"using":"xpath","value":"//span[contains(@id ,\"AddNewHO--typeSelect-arrow\")]"}
RESULT: {}
RESULT: {}
RESULT: {"using":"xpath","value":"//span[contains(@id ,\"AddNewHO--typeSelect-arrow\")]"}
COMMAND: POST /session/0ed3e58e6e3cd5417bd3b3f225d9af79/element/f.52AB194D52E8559853F1D34C601D985B.d.95AF1A35478AF97CCF40CCD6D9996706.e.3606/click - {}
RESULT: {}
COMMAND: GET /session/0ed3e58e6e3cd5417bd3b3f225d9af79/screenshot - {}
RESULT: {}
COMMAND: POST /session/0ed3e58e6e3cd5417bd3b3f225d9af79/element - {"using":"xpath","value":"(//li[contains(text(), \"stock increase yard\")])[1]"}
RESULT: {"using":"xpath","value":"(//li[contains(text(), \"stock increase yard\")])[1]"}
COMMAND: POST /session/0ed3e58e6e3cd5417bd3b3f225d9af79/element/f.52AB194D52E8559853F1D34C601D985B.d.95AF1A35478AF97CCF40CCD6D9996706.e.3607/click - {}
RESULT: {}
COMMAND: GET /session/0ed3e58e6e3cd5417bd3b3f225d9af79/screenshot - {}
RESULT: {}
COMMAND: POST /session/0ed3e58e6e3cd5417bd3b3f225d9af79/execute/async - {"script":"<script> [1562 bytes]","args":[{"selector":{"id":"application-managehandovers-display-component---AddNewHO--dueDate","interaction":{"idSuffix":"inner"}},"wdio_ui5_key":"applicationmanagehandovers-display-component---AddNewHO--dueDate"}]}
RESULT: {"script":"<script> [1562 bytes]","args":[{"selector":{"id":"application-managehandovers-display-component---AddNewHO--dueDate","interaction":{"idSuffix":"inner"}},"wdio_ui5_key":"applicationmanagehandovers-display-component---AddNewHO--dueDate"}]}
RESULT: undefined
COMMAND: POST /session/0ed3e58e6e3cd5417bd3b3f225d9af79/execute/async - {"script":"<script> [6424 bytes]","args":[{"element-6066-11e4-a52e-4f735466cecf":"f.52AB194D52E8559853F1D34C601D985B.d.95AF1A35478AF97CCF40CCD6D9996706.e.3611"},"setValue",["5/23/25"]]}
RESULT: {"script":"<script> [6424 bytes]","args":[{"element-6066-11e4-a52e-4f735466cecf":"f.52AB194D52E8559853F1D34C601D985B.d.95AF1A35478AF97CCF40CCD6D9996706.e.3611"},"setValue",["5/23/25"]]}
COMMAND: POST /session/0ed3e58e6e3cd5417bd3b3f225d9af79/element - {"using":"xpath","value":"//input[@id=\"generalSectionFrg--receiveYard-inner\"]"}
RESULT: {"using":"xpath","value":"//input[@id=\"generalSectionFrg--receiveYard-inner\"]"}
COMMAND: POST /session/0ed3e58e6e3cd5417bd3b3f225d9af79/element/f.52AB194D52E8559853F1D34C601D985B.d.95AF1A35478AF97CCF40CCD6D9996706.e.3617/clear - {}
RESULT: {}
COMMAND: POST /session/0ed3e58e6e3cd5417bd3b3f225d9af79/element/f.52AB194D52E8559853F1D34C601D985B.d.95AF1A35478AF97CCF40CCD6D9996706.e.3617/value - {"text":"109"}
COMMAND: GET /session/0ed3e58e6e3cd5417bd3b3f225d9af79/screenshot - {}
RESULT: {"text":"109"}
COMMAND: GET /session/0ed3e58e6e3cd5417bd3b3f225d9af79/screenshot - {}
RESULT: {}
RESULT: {}
COMMAND: POST /session/0ed3e58e6e3cd5417bd3b3f225d9af79/element - {"using":"xpath","value":"//li[.//span[text()='109']]"}
RESULT: {"using":"xpath","value":"//li[.//span[text()='109']]"}
COMMAND: POST /session/0ed3e58e6e3cd5417bd3b3f225d9af79/element/f.52AB194D52E8559853F1D34C601D985B.d.95AF1A35478AF97CCF40CCD6D9996706.e.3633/click - {}
RESULT: {}
COMMAND: GET /session/0ed3e58e6e3cd5417bd3b3f225d9af79/screenshot - {}
RESULT: {}
COMMAND: POST /session/0ed3e58e6e3cd5417bd3b3f225d9af79/execute/async - {"script":"<script> [1562 bytes]","args":[{"selector":{"id":"application-managehandovers-display-component---AddNewHO--ObjectPageLayout-anchBar-application-managehandovers-display-component---AddNewHO--section4-anchor","interaction":{"idSuffix":"BDI-content"}},"wdio_ui5_key":"applicationmanagehandovers-display-component---AddNewHO--ObjectPageLayout-anchBar-application-managehandovers-display-component---AddNewHO--section4-anchor"}]}
RESULT: {"script":"<script> [1562 bytes]","args":[{"selector":{"id":"application-managehandovers-display-component---AddNewHO--ObjectPageLayout-anchBar-application-managehandovers-display-component---AddNewHO--section4-anchor","interaction":{"idSuffix":"BDI-content"}},"wdio_ui5_key":"applicationmanagehandovers-display-component---AddNewHO--ObjectPageLayout-anchBar-application-managehandovers-display-component---AddNewHO--section4-anchor"}]}
RESULT: undefined
COMMAND: POST /session/0ed3e58e6e3cd5417bd3b3f225d9af79/element - {"using":"xpath","value":"//*[@id=\"application-managehandovers-display-component---AddNewHO--ObjectPageLayout-anchBar-application-managehandovers-display-component---AddNewHO--section4-anchor\"]"}
RESULT: {"using":"xpath","value":"//*[@id=\"application-managehandovers-display-component---AddNewHO--ObjectPageLayout-anchBar-application-managehandovers-display-component---AddNewHO--section4-anchor\"]"}
COMMAND: POST /session/0ed3e58e6e3cd5417bd3b3f225d9af79/element/f.52AB194D52E8559853F1D34C601D985B.d.95AF1A35478AF97CCF40CCD6D9996706.e.3635/click - {}
RESULT: {}
COMMAND: POST /session/0ed3e58e6e3cd5417bd3b3f225d9af79/element - {"using":"xpath","value":"//button[@aria-label=\"Add\"]"}
COMMAND: GET /session/0ed3e58e6e3cd5417bd3b3f225d9af79/screenshot - {}
RESULT: {"using":"xpath","value":"//button[@aria-label=\"Add\"]"}
COMMAND: POST /session/0ed3e58e6e3cd5417bd3b3f225d9af79/element/f.52AB194D52E8559853F1D34C601D985B.d.95AF1A35478AF97CCF40CCD6D9996706.e.3637/click - {}
RESULT: {}
RESULT: {}
COMMAND: GET /session/0ed3e58e6e3cd5417bd3b3f225d9af79/screenshot - {}
RESULT: {}
COMMAND: POST /session/0ed3e58e6e3cd5417bd3b3f225d9af79/execute/async - {"script":"<script> [1562 bytes]","args":[{"selector":{"id":"application-managehandovers-display-component---AddNewHO--smartFilterBar-btnBasicSearch","searchOpenDialogs":true,"interaction":{"idSuffix":"I"}},"wdio_ui5_key":"applicationmanagehandovers-display-component---AddNewHO--smartFilterBar-btnBasicSearch"}]}
RESULT: {"script":"<script> [1562 bytes]","args":[{"selector":{"id":"application-managehandovers-display-component---AddNewHO--smartFilterBar-btnBasicSearch","searchOpenDialogs":true,"interaction":{"idSuffix":"I"}},"wdio_ui5_key":"applicationmanagehandovers-display-component---AddNewHO--smartFilterBar-btnBasicSearch"}]}
RESULT: undefined
COMMAND: POST /session/0ed3e58e6e3cd5417bd3b3f225d9af79/execute/async - {"script":"<script> [776 bytes]","args":[{"enterText":"sFNxVONDe6","selector":{"id":"application-managehandovers-display-component---AddNewHO--smartFilterBar-btnBasicSearch","searchOpenDialogs":true,"interaction":{"idSuffix":"I"}},"clearTextFirst":true,"interactionType":"ENTER_TEXT"}]}
RESULT: {"script":"<script> [776 bytes]","args":[{"enterText":"sFNxVONDe6","selector":{"id":"application-managehandovers-display-component---AddNewHO--smartFilterBar-btnBasicSearch","searchOpenDialogs":true,"interaction":{"idSuffix":"I"}},"clearTextFirst":true,"interactionType":"ENTER_TEXT"}]}
COMMAND: POST /session/0ed3e58e6e3cd5417bd3b3f225d9af79/actions - {"actions":[{"id":"action19","type":"key","parameters":{},"actions":[{"type":"keyDown","value":""},{"type":"pause","duration":10},{"type":"keyUp","value":""}]}]}
RESULT: {"actions":[{"id":"action19","type":"key","parameters":{},"actions":[{"type":"keyDown","value":""},{"type":"pause","duration":10},{"type":"keyUp","value":""}]}]}
COMMAND: GET /session/0ed3e58e6e3cd5417bd3b3f225d9af79/screenshot - {}
RESULT: {}
COMMAND: POST /session/0ed3e58e6e3cd5417bd3b3f225d9af79/execute/async - {"script":"<script> [1562 bytes]","args":[{"selector":{"id":"application-managehandovers-display-component---AddNewHO--popup-sa","searchOpenDialogs":true,"interaction":{"idSuffix":"CbBg"}},"wdio_ui5_key":"applicationmanagehandovers-display-component---AddNewHO--popup-sa"}]}
RESULT: {"script":"<script> [1562 bytes]","args":[{"selector":{"id":"application-managehandovers-display-component---AddNewHO--popup-sa","searchOpenDialogs":true,"interaction":{"idSuffix":"CbBg"}},"wdio_ui5_key":"applicationmanagehandovers-display-component---AddNewHO--popup-sa"}]}
RESULT: undefined
COMMAND: POST /session/0ed3e58e6e3cd5417bd3b3f225d9af79/element - {"using":"xpath","value":"//*[@id=\"application-managehandovers-display-component---AddNewHO--popup-sa\"]"}
RESULT: {"using":"xpath","value":"//*[@id=\"application-managehandovers-display-component---AddNewHO--popup-sa\"]"}
COMMAND: POST /session/0ed3e58e6e3cd5417bd3b3f225d9af79/element/f.52AB194D52E8559853F1D34C601D985B.d.95AF1A35478AF97CCF40CCD6D9996706.e.3791/click - {}
RESULT: {}
COMMAND: GET /session/0ed3e58e6e3cd5417bd3b3f225d9af79/screenshot - {}
RESULT: {}
COMMAND: POST /session/0ed3e58e6e3cd5417bd3b3f225d9af79/element - {"using":"xpath","value":"//bdi[contains(text(), \"Select\")]"}
RESULT: {"using":"xpath","value":"//bdi[contains(text(), \"Select\")]"}
COMMAND: POST /session/0ed3e58e6e3cd5417bd3b3f225d9af79/element/f.52AB194D52E8559853F1D34C601D985B.d.95AF1A35478AF97CCF40CCD6D9996706.e.3792/click - {}
RESULT: {}
COMMAND: GET /session/0ed3e58e6e3cd5417bd3b3f225d9af79/screenshot - {}
RESULT: {}
COMMAND: POST /session/0ed3e58e6e3cd5417bd3b3f225d9af79/element - {"using":"xpath","value":"//button[@data-kt=\"AddNewHOSaveButton\"]"}
RESULT: {"using":"xpath","value":"//button[@data-kt=\"AddNewHOSaveButton\"]"}
COMMAND: POST /session/0ed3e58e6e3cd5417bd3b3f225d9af79/element/f.52AB194D52E8559853F1D34C601D985B.d.95AF1A35478AF97CCF40CCD6D9996706.e.3796/click - {}
RESULT: {}
COMMAND: GET /session/0ed3e58e6e3cd5417bd3b3f225d9af79/screenshot - {}
RESULT: {}
COMMAND: POST /session/0ed3e58e6e3cd5417bd3b3f225d9af79/execute/async - {"script":"<script> [1562 bytes]","args":[{"selector":{"id":"receiptDatePicker","viewName":"etm.portal.ui.managehandovers.view.DetailExecuteHO","interaction":{"idSuffix":"inner"}},"wdio_ui5_key":"receiptDatePickeretmportal.ui.managehandovers.view.DetailExecuteHO"}]}
RESULT: {"script":"<script> [1562 bytes]","args":[{"selector":{"id":"receiptDatePicker","viewName":"etm.portal.ui.managehandovers.view.DetailExecuteHO","interaction":{"idSuffix":"inner"}},"wdio_ui5_key":"receiptDatePickeretmportal.ui.managehandovers.view.DetailExecuteHO"}]}
RESULT: undefined
COMMAND: POST /session/0ed3e58e6e3cd5417bd3b3f225d9af79/execute/async - {"script":"<script> [6424 bytes]","args":[{"element-6066-11e4-a52e-4f735466cecf":"f.52AB194D52E8559853F1D34C601D985B.d.95AF1A35478AF97CCF40CCD6D9996706.e.3823"},"setValue",["5/23/25"]]}
RESULT: {"script":"<script> [6424 bytes]","args":[{"element-6066-11e4-a52e-4f735466cecf":"f.52AB194D52E8559853F1D34C601D985B.d.95AF1A35478AF97CCF40CCD6D9996706.e.3823"},"setValue",["5/23/25"]]}
COMMAND: POST /session/0ed3e58e6e3cd5417bd3b3f225d9af79/element - {"using":"xpath","value":"//button[@data-kt=\"ReceivingTableConfirmAllButton\"]"}
RESULT: {"using":"xpath","value":"//button[@data-kt=\"ReceivingTableConfirmAllButton\"]"}
COMMAND: POST /session/0ed3e58e6e3cd5417bd3b3f225d9af79/element/f.52AB194D52E8559853F1D34C601D985B.d.95AF1A35478AF97CCF40CCD6D9996706.e.3839/click - {}
RESULT: {}
COMMAND: GET /session/0ed3e58e6e3cd5417bd3b3f225d9af79/screenshot - {}
RESULT: {}
COMMAND: POST /session/0ed3e58e6e3cd5417bd3b3f225d9af79/element - {"using":"xpath","value":"//bdi[contains(text(), \"OK\")]"}
RESULT: {"using":"xpath","value":"//bdi[contains(text(), \"OK\")]"}
COMMAND: POST /session/0ed3e58e6e3cd5417bd3b3f225d9af79/element/f.52AB194D52E8559853F1D34C601D985B.d.95AF1A35478AF97CCF40CCD6D9996706.e.3841/click - {}
RESULT: {}
COMMAND: GET /session/0ed3e58e6e3cd5417bd3b3f225d9af79/screenshot - {}
RESULT: {}
COMMAND: POST /session/0ed3e58e6e3cd5417bd3b3f225d9af79/element - {"using":"xpath","value":"(//bdi[contains(text(), \"Receive\")])[2]"}
RESULT: {"using":"xpath","value":"(//bdi[contains(text(), \"Receive\")])[2]"}
COMMAND: POST /session/0ed3e58e6e3cd5417bd3b3f225d9af79/element/f.52AB194D52E8559853F1D34C601D985B.d.95AF1A35478AF97CCF40CCD6D9996706.e.3843/click - {}
RESULT: {}
COMMAND: GET /session/0ed3e58e6e3cd5417bd3b3f225d9af79/screenshot - {}
RESULT: {}
COMMAND: POST /session/0ed3e58e6e3cd5417bd3b3f225d9af79/element - {"using":"css selector","value":"#shell-header-logo"}
RESULT: {"using":"css selector","value":"#shell-header-logo"}
COMMAND: POST /session/0ed3e58e6e3cd5417bd3b3f225d9af79/element/f.52AB194D52E8559853F1D34C601D985B.d.95AF1A35478AF97CCF40CCD6D9996706.e.3231/click - {}
RESULT: {}
COMMAND: GET /session/0ed3e58e6e3cd5417bd3b3f225d9af79/screenshot - {}
RESULT: {}
]]></system-out>
    </testcase>
    <testcase classname="chrome.136_0_7103_93.windows.RU_Inventory_Mass_State_Change_Multiple_Items_US151066" name="Prerequisite Step 2 Should do a stock increase handover for the material" time="98.055">
      <system-out><![CDATA[
RESULT: undefined
COMMAND: POST /session/0ed3e58e6e3cd5417bd3b3f225d9af79/element - {"using":"xpath","value":"//*[@id=\"__tile132\"]"}
RESULT: {"using":"xpath","value":"//*[@id=\"__tile132\"]"}
COMMAND: POST /session/0ed3e58e6e3cd5417bd3b3f225d9af79/element/f.52AB194D52E8559853F1D34C601D985B.d.95AF1A35478AF97CCF40CCD6D9996706.e.3229/click - {}
RESULT: {}
COMMAND: GET /session/0ed3e58e6e3cd5417bd3b3f225d9af79/screenshot - {}
RESULT: {}
COMMAND: POST /session/0ed3e58e6e3cd5417bd3b3f225d9af79/elements - {"using":"xpath","value":"//span[text()='Error']"}
RESULT: {"using":"xpath","value":"//span[text()='Error']"}
COMMAND: POST /session/0ed3e58e6e3cd5417bd3b3f225d9af79/element - {"using":"xpath","value":"//button[@data-kt=\"masterHOAddButton\"]"}
RESULT: {"using":"xpath","value":"//button[@data-kt=\"masterHOAddButton\"]"}
COMMAND: POST /session/0ed3e58e6e3cd5417bd3b3f225d9af79/elements - {"using":"xpath","value":"//button[@data-kt=\"masterHOAddButton\"]"}
RESULT: {"using":"xpath","value":"//button[@data-kt=\"masterHOAddButton\"]"}
COMMAND: POST /session/0ed3e58e6e3cd5417bd3b3f225d9af79/execute/sync - {"script":"<script> [8489 bytes]","args":[{"element-6066-11e4-a52e-4f735466cecf":"f.52AB194D52E8559853F1D34C601D985B.d.95AF1A35478AF97CCF40CCD6D9996706.e.4178","ELEMENT":"f.52AB194D52E8559853F1D34C601D985B.d.95AF1A35478AF97CCF40CCD6D9996706.e.4178"}]}
RESULT: {"script":"<script> [8489 bytes]","args":[{"element-6066-11e4-a52e-4f735466cecf":"f.52AB194D52E8559853F1D34C601D985B.d.95AF1A35478AF97CCF40CCD6D9996706.e.4178","ELEMENT":"f.52AB194D52E8559853F1D34C601D985B.d.95AF1A35478AF97CCF40CCD6D9996706.e.4178"}]}
COMMAND: GET /session/0ed3e58e6e3cd5417bd3b3f225d9af79/element/f.52AB194D52E8559853F1D34C601D985B.d.95AF1A35478AF97CCF40CCD6D9996706.e.4178/enabled - {}
COMMAND: GET /session/0ed3e58e6e3cd5417bd3b3f225d9af79/screenshot - {}
RESULT: {}
COMMAND: POST /session/0ed3e58e6e3cd5417bd3b3f225d9af79/execute/sync - {"script":"<script> [8489 bytes]","args":[{"element-6066-11e4-a52e-4f735466cecf":"f.52AB194D52E8559853F1D34C601D985B.d.95AF1A35478AF97CCF40CCD6D9996706.e.4178","ELEMENT":"f.52AB194D52E8559853F1D34C601D985B.d.95AF1A35478AF97CCF40CCD6D9996706.e.4178"}]}
COMMAND: GET /session/0ed3e58e6e3cd5417bd3b3f225d9af79/screenshot - {}
RESULT: {}
RESULT: {"script":"<script> [8489 bytes]","args":[{"element-6066-11e4-a52e-4f735466cecf":"f.52AB194D52E8559853F1D34C601D985B.d.95AF1A35478AF97CCF40CCD6D9996706.e.4178","ELEMENT":"f.52AB194D52E8559853F1D34C601D985B.d.95AF1A35478AF97CCF40CCD6D9996706.e.4178"}]}
COMMAND: POST /session/0ed3e58e6e3cd5417bd3b3f225d9af79/execute/sync - {"script":"<script> [5351 bytes]","args":[{"element-6066-11e4-a52e-4f735466cecf":"f.52AB194D52E8559853F1D34C601D985B.d.95AF1A35478AF97CCF40CCD6D9996706.e.4178","ELEMENT":"f.52AB194D52E8559853F1D34C601D985B.d.95AF1A35478AF97CCF40CCD6D9996706.e.4178"}]}
COMMAND: GET /session/0ed3e58e6e3cd5417bd3b3f225d9af79/screenshot - {}
RESULT: {}
RESULT: {}
RESULT: {"script":"<script> [5351 bytes]","args":[{"element-6066-11e4-a52e-4f735466cecf":"f.52AB194D52E8559853F1D34C601D985B.d.95AF1A35478AF97CCF40CCD6D9996706.e.4178","ELEMENT":"f.52AB194D52E8559853F1D34C601D985B.d.95AF1A35478AF97CCF40CCD6D9996706.e.4178"}]}
COMMAND: POST /session/0ed3e58e6e3cd5417bd3b3f225d9af79/element/f.52AB194D52E8559853F1D34C601D985B.d.95AF1A35478AF97CCF40CCD6D9996706.e.4178/click - {}
COMMAND: GET /session/0ed3e58e6e3cd5417bd3b3f225d9af79/screenshot - {}
RESULT: {}
COMMAND: GET /session/0ed3e58e6e3cd5417bd3b3f225d9af79/screenshot - {}
COMMAND: POST /session/0ed3e58e6e3cd5417bd3b3f225d9af79/element - {"using":"xpath","value":"//span[contains(@id ,\"AddNewHO--typeSelect-arrow\")]"}
RESULT: {}
RESULT: {}
RESULT: {"using":"xpath","value":"//span[contains(@id ,\"AddNewHO--typeSelect-arrow\")]"}
COMMAND: POST /session/0ed3e58e6e3cd5417bd3b3f225d9af79/element/f.52AB194D52E8559853F1D34C601D985B.d.95AF1A35478AF97CCF40CCD6D9996706.e.4568/click - {}
RESULT: {}
COMMAND: GET /session/0ed3e58e6e3cd5417bd3b3f225d9af79/screenshot - {}
RESULT: {}
COMMAND: POST /session/0ed3e58e6e3cd5417bd3b3f225d9af79/element - {"using":"xpath","value":"(//li[contains(text(), \"stock increase yard\")])[1]"}
RESULT: {"using":"xpath","value":"(//li[contains(text(), \"stock increase yard\")])[1]"}
COMMAND: POST /session/0ed3e58e6e3cd5417bd3b3f225d9af79/element/f.52AB194D52E8559853F1D34C601D985B.d.95AF1A35478AF97CCF40CCD6D9996706.e.4569/click - {}
RESULT: {}
COMMAND: GET /session/0ed3e58e6e3cd5417bd3b3f225d9af79/screenshot - {}
RESULT: {}
RESULT: undefined
COMMAND: POST /session/0ed3e58e6e3cd5417bd3b3f225d9af79/execute/async - {"script":"<script> [6424 bytes]","args":[{"element-6066-11e4-a52e-4f735466cecf":"f.52AB194D52E8559853F1D34C601D985B.d.95AF1A35478AF97CCF40CCD6D9996706.e.3611"},"setValue",["5/23/25"]]}
COMMAND: POST /session/0ed3e58e6e3cd5417bd3b3f225d9af79/execute/async - {"script":"<script> [1562 bytes]","args":[{"selector":{"id":"application-managehandovers-display-component---AddNewHO--dueDate","interaction":{"idSuffix":"inner"}},"wdio_ui5_key":"applicationmanagehandovers-display-component---AddNewHO--dueDate"}]}
RESULT: {"script":"<script> [1562 bytes]","args":[{"selector":{"id":"application-managehandovers-display-component---AddNewHO--dueDate","interaction":{"idSuffix":"inner"}},"wdio_ui5_key":"applicationmanagehandovers-display-component---AddNewHO--dueDate"}]}
COMMAND: POST /session/0ed3e58e6e3cd5417bd3b3f225d9af79/execute/async - {"script":"<script> [6424 bytes]","args":[{"element-6066-11e4-a52e-4f735466cecf":"f.52AB194D52E8559853F1D34C601D985B.d.95AF1A35478AF97CCF40CCD6D9996706.e.4571"},"setValue",["5/23/25"]]}
RESULT: {"script":"<script> [6424 bytes]","args":[{"element-6066-11e4-a52e-4f735466cecf":"f.52AB194D52E8559853F1D34C601D985B.d.95AF1A35478AF97CCF40CCD6D9996706.e.4571"},"setValue",["5/23/25"]]}
COMMAND: POST /session/0ed3e58e6e3cd5417bd3b3f225d9af79/element - {"using":"xpath","value":"//input[@id=\"generalSectionFrg--receiveYard-inner\"]"}
RESULT: {"using":"xpath","value":"//input[@id=\"generalSectionFrg--receiveYard-inner\"]"}
COMMAND: POST /session/0ed3e58e6e3cd5417bd3b3f225d9af79/element/f.52AB194D52E8559853F1D34C601D985B.d.95AF1A35478AF97CCF40CCD6D9996706.e.4577/clear - {}
RESULT: {}
COMMAND: POST /session/0ed3e58e6e3cd5417bd3b3f225d9af79/element/f.52AB194D52E8559853F1D34C601D985B.d.95AF1A35478AF97CCF40CCD6D9996706.e.4577/value - {"text":"109"}
COMMAND: GET /session/0ed3e58e6e3cd5417bd3b3f225d9af79/screenshot - {}
RESULT: {"text":"109"}
COMMAND: GET /session/0ed3e58e6e3cd5417bd3b3f225d9af79/screenshot - {}
RESULT: {}
RESULT: {}
COMMAND: POST /session/0ed3e58e6e3cd5417bd3b3f225d9af79/element - {"using":"xpath","value":"//li[.//span[text()='109']]"}
RESULT: {"using":"xpath","value":"//li[.//span[text()='109']]"}
COMMAND: POST /session/0ed3e58e6e3cd5417bd3b3f225d9af79/element/f.52AB194D52E8559853F1D34C601D985B.d.95AF1A35478AF97CCF40CCD6D9996706.e.4595/click - {}
RESULT: {}
COMMAND: GET /session/0ed3e58e6e3cd5417bd3b3f225d9af79/screenshot - {}
RESULT: {}
RESULT: undefined
COMMAND: POST /session/0ed3e58e6e3cd5417bd3b3f225d9af79/element - {"using":"xpath","value":"//*[@id=\"application-managehandovers-display-component---AddNewHO--ObjectPageLayout-anchBar-application-managehandovers-display-component---AddNewHO--section4-anchor\"]"}
RESULT: {"using":"xpath","value":"//*[@id=\"application-managehandovers-display-component---AddNewHO--ObjectPageLayout-anchBar-application-managehandovers-display-component---AddNewHO--section4-anchor\"]"}
COMMAND: POST /session/0ed3e58e6e3cd5417bd3b3f225d9af79/element/f.52AB194D52E8559853F1D34C601D985B.d.95AF1A35478AF97CCF40CCD6D9996706.e.4596/click - {}
RESULT: {}
COMMAND: POST /session/0ed3e58e6e3cd5417bd3b3f225d9af79/element - {"using":"xpath","value":"//button[@aria-label=\"Add\"]"}
COMMAND: GET /session/0ed3e58e6e3cd5417bd3b3f225d9af79/screenshot - {}
RESULT: {"using":"xpath","value":"//button[@aria-label=\"Add\"]"}
COMMAND: POST /session/0ed3e58e6e3cd5417bd3b3f225d9af79/element/f.52AB194D52E8559853F1D34C601D985B.d.95AF1A35478AF97CCF40CCD6D9996706.e.4600/click - {}
RESULT: {}
RESULT: {}
COMMAND: GET /session/0ed3e58e6e3cd5417bd3b3f225d9af79/screenshot - {}
RESULT: {}
RESULT: undefined
COMMAND: POST /session/0ed3e58e6e3cd5417bd3b3f225d9af79/execute/async - {"script":"<script> [776 bytes]","args":[{"enterText":"200090","selector":{"id":"application-managehandovers-display-component---AddNewHO--smartFilterBar-btnBasicSearch","searchOpenDialogs":true,"interaction":{"idSuffix":"I"}},"clearTextFirst":true,"interactionType":"ENTER_TEXT"}]}
RESULT: {"script":"<script> [776 bytes]","args":[{"enterText":"200090","selector":{"id":"application-managehandovers-display-component---AddNewHO--smartFilterBar-btnBasicSearch","searchOpenDialogs":true,"interaction":{"idSuffix":"I"}},"clearTextFirst":true,"interactionType":"ENTER_TEXT"}]}
COMMAND: POST /session/0ed3e58e6e3cd5417bd3b3f225d9af79/actions - {"actions":[{"id":"action20","type":"key","parameters":{},"actions":[{"type":"keyDown","value":""},{"type":"pause","duration":10},{"type":"keyUp","value":""}]}]}
RESULT: {"actions":[{"id":"action20","type":"key","parameters":{},"actions":[{"type":"keyDown","value":""},{"type":"pause","duration":10},{"type":"keyUp","value":""}]}]}
COMMAND: GET /session/0ed3e58e6e3cd5417bd3b3f225d9af79/screenshot - {}
RESULT: {}
RESULT: undefined
COMMAND: POST /session/0ed3e58e6e3cd5417bd3b3f225d9af79/element - {"using":"xpath","value":"//*[@id=\"application-managehandovers-display-component---AddNewHO--popup-sa\"]"}
RESULT: {"using":"xpath","value":"//*[@id=\"application-managehandovers-display-component---AddNewHO--popup-sa\"]"}
COMMAND: POST /session/0ed3e58e6e3cd5417bd3b3f225d9af79/element/f.52AB194D52E8559853F1D34C601D985B.d.95AF1A35478AF97CCF40CCD6D9996706.e.4751/click - {}
RESULT: {}
COMMAND: GET /session/0ed3e58e6e3cd5417bd3b3f225d9af79/screenshot - {}
RESULT: {}
COMMAND: POST /session/0ed3e58e6e3cd5417bd3b3f225d9af79/element - {"using":"xpath","value":"//bdi[contains(text(), \"Select\")]"}
RESULT: {"using":"xpath","value":"//bdi[contains(text(), \"Select\")]"}
COMMAND: POST /session/0ed3e58e6e3cd5417bd3b3f225d9af79/element/f.52AB194D52E8559853F1D34C601D985B.d.95AF1A35478AF97CCF40CCD6D9996706.e.4752/click - {}
RESULT: {}
COMMAND: GET /session/0ed3e58e6e3cd5417bd3b3f225d9af79/screenshot - {}
RESULT: {}
COMMAND: POST /session/0ed3e58e6e3cd5417bd3b3f225d9af79/element - {"using":"xpath","value":"//button[@data-kt=\"AddNewHOSaveButton\"]"}
RESULT: {"using":"xpath","value":"//button[@data-kt=\"AddNewHOSaveButton\"]"}
COMMAND: POST /session/0ed3e58e6e3cd5417bd3b3f225d9af79/element/f.52AB194D52E8559853F1D34C601D985B.d.95AF1A35478AF97CCF40CCD6D9996706.e.4756/click - {}
RESULT: {}
COMMAND: GET /session/0ed3e58e6e3cd5417bd3b3f225d9af79/screenshot - {}
RESULT: undefined
COMMAND: POST /session/0ed3e58e6e3cd5417bd3b3f225d9af79/execute/async - {"script":"<script> [6424 bytes]","args":[{"element-6066-11e4-a52e-4f735466cecf":"f.52AB194D52E8559853F1D34C601D985B.d.95AF1A35478AF97CCF40CCD6D9996706.e.3823"},"setValue",["5/23/25"]]}
RESULT: {}
COMMAND: POST /session/0ed3e58e6e3cd5417bd3b3f225d9af79/execute/async - {"script":"<script> [1562 bytes]","args":[{"selector":{"id":"receiptDatePicker","viewName":"etm.portal.ui.managehandovers.view.DetailExecuteHO","interaction":{"idSuffix":"inner"}},"wdio_ui5_key":"receiptDatePickeretmportal.ui.managehandovers.view.DetailExecuteHO"}]}
RESULT: {"script":"<script> [1562 bytes]","args":[{"selector":{"id":"receiptDatePicker","viewName":"etm.portal.ui.managehandovers.view.DetailExecuteHO","interaction":{"idSuffix":"inner"}},"wdio_ui5_key":"receiptDatePickeretmportal.ui.managehandovers.view.DetailExecuteHO"}]}
COMMAND: POST /session/0ed3e58e6e3cd5417bd3b3f225d9af79/execute/async - {"script":"<script> [6424 bytes]","args":[{"element-6066-11e4-a52e-4f735466cecf":"f.52AB194D52E8559853F1D34C601D985B.d.95AF1A35478AF97CCF40CCD6D9996706.e.4788"},"setValue",["5/23/25"]]}
RESULT: {"script":"<script> [6424 bytes]","args":[{"element-6066-11e4-a52e-4f735466cecf":"f.52AB194D52E8559853F1D34C601D985B.d.95AF1A35478AF97CCF40CCD6D9996706.e.4788"},"setValue",["5/23/25"]]}
COMMAND: POST /session/0ed3e58e6e3cd5417bd3b3f225d9af79/element - {"using":"xpath","value":"//button[@data-kt=\"ReceivingTableConfirmAllButton\"]"}
RESULT: {"using":"xpath","value":"//button[@data-kt=\"ReceivingTableConfirmAllButton\"]"}
COMMAND: POST /session/0ed3e58e6e3cd5417bd3b3f225d9af79/element/f.52AB194D52E8559853F1D34C601D985B.d.95AF1A35478AF97CCF40CCD6D9996706.e.4802/click - {}
RESULT: {}
COMMAND: GET /session/0ed3e58e6e3cd5417bd3b3f225d9af79/screenshot - {}
RESULT: {}
COMMAND: POST /session/0ed3e58e6e3cd5417bd3b3f225d9af79/element - {"using":"xpath","value":"//bdi[contains(text(), \"OK\")]"}
RESULT: {"using":"xpath","value":"//bdi[contains(text(), \"OK\")]"}
COMMAND: POST /session/0ed3e58e6e3cd5417bd3b3f225d9af79/element/f.52AB194D52E8559853F1D34C601D985B.d.95AF1A35478AF97CCF40CCD6D9996706.e.4804/click - {}
RESULT: {}
COMMAND: GET /session/0ed3e58e6e3cd5417bd3b3f225d9af79/screenshot - {}
RESULT: {}
COMMAND: POST /session/0ed3e58e6e3cd5417bd3b3f225d9af79/element - {"using":"xpath","value":"(//bdi[contains(text(), \"Receive\")])[2]"}
RESULT: {"using":"xpath","value":"(//bdi[contains(text(), \"Receive\")])[2]"}
COMMAND: POST /session/0ed3e58e6e3cd5417bd3b3f225d9af79/element/f.52AB194D52E8559853F1D34C601D985B.d.95AF1A35478AF97CCF40CCD6D9996706.e.4806/click - {}
RESULT: {}
COMMAND: GET /session/0ed3e58e6e3cd5417bd3b3f225d9af79/screenshot - {}
RESULT: {}
COMMAND: POST /session/0ed3e58e6e3cd5417bd3b3f225d9af79/element - {"using":"css selector","value":"#shell-header-logo"}
RESULT: {"using":"css selector","value":"#shell-header-logo"}
COMMAND: POST /session/0ed3e58e6e3cd5417bd3b3f225d9af79/element/f.52AB194D52E8559853F1D34C601D985B.d.95AF1A35478AF97CCF40CCD6D9996706.e.4128/click - {}
RESULT: {}
COMMAND: GET /session/0ed3e58e6e3cd5417bd3b3f225d9af79/screenshot - {}
RESULT: {}
]]></system-out>
    </testcase>
    <testcase classname="chrome.136_0_7103_93.windows.RU_Inventory_Mass_State_Change_Multiple_Items_US151066" name="Step 2 Should do a RU inventory mass state change on chosen yard 109 with the resources created one equipment one material the existing ones too" time="302.892">
      <system-out><![CDATA[
RESULT: undefined
COMMAND: POST /session/0ed3e58e6e3cd5417bd3b3f225d9af79/element - {"using":"xpath","value":"//*[@id=\"__tile99\"]"}
RESULT: {"using":"xpath","value":"//*[@id=\"__tile99\"]"}
COMMAND: POST /session/0ed3e58e6e3cd5417bd3b3f225d9af79/element/f.52AB194D52E8559853F1D34C601D985B.d.95AF1A35478AF97CCF40CCD6D9996706.e.248/click - {}
RESULT: {}
COMMAND: GET /session/0ed3e58e6e3cd5417bd3b3f225d9af79/screenshot - {}
COMMAND: POST /session/0ed3e58e6e3cd5417bd3b3f225d9af79/elements - {"using":"xpath","value":"//span[text()='Error']"}
RESULT: {}
RESULT: {"using":"xpath","value":"//span[text()='Error']"}
COMMAND: POST /session/0ed3e58e6e3cd5417bd3b3f225d9af79/element - {"using":"xpath","value":"//button[contains(@id, \"massStateBtn\")]"}
RESULT: {"using":"xpath","value":"//button[contains(@id, \"massStateBtn\")]"}
COMMAND: POST /session/0ed3e58e6e3cd5417bd3b3f225d9af79/elements - {"using":"xpath","value":"//button[contains(@id, \"massStateBtn\")]"}
RESULT: {"using":"xpath","value":"//button[contains(@id, \"massStateBtn\")]"}
COMMAND: POST /session/0ed3e58e6e3cd5417bd3b3f225d9af79/execute/sync - {"script":"<script> [8489 bytes]","args":[{"element-6066-11e4-a52e-4f735466cecf":"f.52AB194D52E8559853F1D34C601D985B.d.95AF1A35478AF97CCF40CCD6D9996706.e.5013","ELEMENT":"f.52AB194D52E8559853F1D34C601D985B.d.95AF1A35478AF97CCF40CCD6D9996706.e.5013"}]}
RESULT: {"script":"<script> [8489 bytes]","args":[{"element-6066-11e4-a52e-4f735466cecf":"f.52AB194D52E8559853F1D34C601D985B.d.95AF1A35478AF97CCF40CCD6D9996706.e.5013","ELEMENT":"f.52AB194D52E8559853F1D34C601D985B.d.95AF1A35478AF97CCF40CCD6D9996706.e.5013"}]}
COMMAND: GET /session/0ed3e58e6e3cd5417bd3b3f225d9af79/element/f.52AB194D52E8559853F1D34C601D985B.d.95AF1A35478AF97CCF40CCD6D9996706.e.5013/enabled - {}
COMMAND: GET /session/0ed3e58e6e3cd5417bd3b3f225d9af79/screenshot - {}
RESULT: {}
COMMAND: POST /session/0ed3e58e6e3cd5417bd3b3f225d9af79/execute/sync - {"script":"<script> [8489 bytes]","args":[{"element-6066-11e4-a52e-4f735466cecf":"f.52AB194D52E8559853F1D34C601D985B.d.95AF1A35478AF97CCF40CCD6D9996706.e.5013","ELEMENT":"f.52AB194D52E8559853F1D34C601D985B.d.95AF1A35478AF97CCF40CCD6D9996706.e.5013"}]}
COMMAND: GET /session/0ed3e58e6e3cd5417bd3b3f225d9af79/screenshot - {}
RESULT: {}
RESULT: {"script":"<script> [8489 bytes]","args":[{"element-6066-11e4-a52e-4f735466cecf":"f.52AB194D52E8559853F1D34C601D985B.d.95AF1A35478AF97CCF40CCD6D9996706.e.5013","ELEMENT":"f.52AB194D52E8559853F1D34C601D985B.d.95AF1A35478AF97CCF40CCD6D9996706.e.5013"}]}
COMMAND: POST /session/0ed3e58e6e3cd5417bd3b3f225d9af79/execute/sync - {"script":"<script> [5351 bytes]","args":[{"element-6066-11e4-a52e-4f735466cecf":"f.52AB194D52E8559853F1D34C601D985B.d.95AF1A35478AF97CCF40CCD6D9996706.e.5013","ELEMENT":"f.52AB194D52E8559853F1D34C601D985B.d.95AF1A35478AF97CCF40CCD6D9996706.e.5013"}]}
COMMAND: GET /session/0ed3e58e6e3cd5417bd3b3f225d9af79/screenshot - {}
RESULT: {}
RESULT: {"script":"<script> [5351 bytes]","args":[{"element-6066-11e4-a52e-4f735466cecf":"f.52AB194D52E8559853F1D34C601D985B.d.95AF1A35478AF97CCF40CCD6D9996706.e.5013","ELEMENT":"f.52AB194D52E8559853F1D34C601D985B.d.95AF1A35478AF97CCF40CCD6D9996706.e.5013"}]}
COMMAND: POST /session/0ed3e58e6e3cd5417bd3b3f225d9af79/element/f.52AB194D52E8559853F1D34C601D985B.d.95AF1A35478AF97CCF40CCD6D9996706.e.5013/click - {}
COMMAND: GET /session/0ed3e58e6e3cd5417bd3b3f225d9af79/screenshot - {}
RESULT: {}
RESULT: {}
COMMAND: GET /session/0ed3e58e6e3cd5417bd3b3f225d9af79/screenshot - {}
RESULT: {}
RESULT: {}
RESULT: undefined
COMMAND: POST /session/0ed3e58e6e3cd5417bd3b3f225d9af79/element - {"using":"xpath","value":"//*[@id=\"application-ruinventorylist-display-component---Master--ruLocationTypeComboBox-arrow\"]"}
RESULT: {"using":"xpath","value":"//*[@id=\"application-ruinventorylist-display-component---Master--ruLocationTypeComboBox-arrow\"]"}
COMMAND: POST /session/0ed3e58e6e3cd5417bd3b3f225d9af79/element/f.52AB194D52E8559853F1D34C601D985B.d.95AF1A35478AF97CCF40CCD6D9996706.e.5268/click - {}
RESULT: {}
COMMAND: GET /session/0ed3e58e6e3cd5417bd3b3f225d9af79/screenshot - {}
RESULT: {}
COMMAND: POST /session/0ed3e58e6e3cd5417bd3b3f225d9af79/element - {"using":"xpath","value":"//li[.//span[text()='Yard']]"}
RESULT: {"using":"xpath","value":"//li[.//span[text()='Yard']]"}
COMMAND: POST /session/0ed3e58e6e3cd5417bd3b3f225d9af79/element/f.52AB194D52E8559853F1D34C601D985B.d.95AF1A35478AF97CCF40CCD6D9996706.e.5269/click - {}
RESULT: {}
COMMAND: GET /session/0ed3e58e6e3cd5417bd3b3f225d9af79/screenshot - {}
RESULT: {}
RESULT: undefined
COMMAND: POST /session/0ed3e58e6e3cd5417bd3b3f225d9af79/element - {"using":"xpath","value":"//*[@id=\"application-ruinventorylist-display-component---Master--smartFilterBar-filterItemControl_BASIC-YARD-vhi\"]"}
RESULT: {"using":"xpath","value":"//*[@id=\"application-ruinventorylist-display-component---Master--smartFilterBar-filterItemControl_BASIC-YARD-vhi\"]"}
COMMAND: POST /session/0ed3e58e6e3cd5417bd3b3f225d9af79/element/f.52AB194D52E8559853F1D34C601D985B.d.95AF1A35478AF97CCF40CCD6D9996706.e.5308/click - {}
RESULT: {}
COMMAND: GET /session/0ed3e58e6e3cd5417bd3b3f225d9af79/screenshot - {}
RESULT: {}
RESULT: undefined
COMMAND: POST /session/0ed3e58e6e3cd5417bd3b3f225d9af79/execute/async - {"script":"<script> [776 bytes]","args":[{"enterText":"109","selector":{"id":"application-ruinventorylist-display-component---Master--smartFilterBar-filterItemControl_BASIC-YARD-valueHelpDialog-smartFilterBar-btnBasicSearch","searchOpenDialogs":true,"interaction":{"idSuffix":"I"}},"clearTextFirst":true,"interactionType":"ENTER_TEXT"}]}
RESULT: {"script":"<script> [776 bytes]","args":[{"enterText":"109","selector":{"id":"application-ruinventorylist-display-component---Master--smartFilterBar-filterItemControl_BASIC-YARD-valueHelpDialog-smartFilterBar-btnBasicSearch","searchOpenDialogs":true,"interaction":{"idSuffix":"I"}},"clearTextFirst":true,"interactionType":"ENTER_TEXT"}]}
COMMAND: POST /session/0ed3e58e6e3cd5417bd3b3f225d9af79/actions - {"actions":[{"id":"action21","type":"key","parameters":{},"actions":[{"type":"keyDown","value":""},{"type":"pause","duration":10},{"type":"keyUp","value":""}]}]}
RESULT: {"actions":[{"id":"action21","type":"key","parameters":{},"actions":[{"type":"keyDown","value":""},{"type":"pause","duration":10},{"type":"keyUp","value":""}]}]}
COMMAND: GET /session/0ed3e58e6e3cd5417bd3b3f225d9af79/screenshot - {}
RESULT: {}
COMMAND: POST /session/0ed3e58e6e3cd5417bd3b3f225d9af79/elements - {"using":"xpath","value":"//table[contains(@id, \"filterItemControl_BASIC-YARD-valueHelpDialog-table-table\")]/tbody/tr"}
RESULT: {"using":"xpath","value":"//table[contains(@id, \"filterItemControl_BASIC-YARD-valueHelpDialog-table-table\")]/tbody/tr"}
COMMAND: POST /session/0ed3e58e6e3cd5417bd3b3f225d9af79/element - {"using":"xpath","value":"//table[contains(@id, \"filterItemControl_BASIC-YARD-valueHelpDialog-table-table\")]/tbody/tr[1]/td[1]/div/span"}
RESULT: {"using":"xpath","value":"//table[contains(@id, \"filterItemControl_BASIC-YARD-valueHelpDialog-table-table\")]/tbody/tr[1]/td[1]/div/span"}
COMMAND: POST /session/0ed3e58e6e3cd5417bd3b3f225d9af79/elements - {"using":"xpath","value":"//table[contains(@id, \"filterItemControl_BASIC-YARD-valueHelpDialog-table-table\")]/tbody/tr[1]/td[1]/div/span"}
RESULT: {"using":"xpath","value":"//table[contains(@id, \"filterItemControl_BASIC-YARD-valueHelpDialog-table-table\")]/tbody/tr[1]/td[1]/div/span"}
COMMAND: POST /session/0ed3e58e6e3cd5417bd3b3f225d9af79/execute/sync - {"script":"<script> [56 bytes]","args":[{"element-6066-11e4-a52e-4f735466cecf":"f.52AB194D52E8559853F1D34C601D985B.d.95AF1A35478AF97CCF40CCD6D9996706.e.5327","ELEMENT":"f.52AB194D52E8559853F1D34C601D985B.d.95AF1A35478AF97CCF40CCD6D9996706.e.5327"}]}
RESULT: {"script":"<script> [56 bytes]","args":[{"element-6066-11e4-a52e-4f735466cecf":"f.52AB194D52E8559853F1D34C601D985B.d.95AF1A35478AF97CCF40CCD6D9996706.e.5327","ELEMENT":"f.52AB194D52E8559853F1D34C601D985B.d.95AF1A35478AF97CCF40CCD6D9996706.e.5327"}]}
COMMAND: POST /session/0ed3e58e6e3cd5417bd3b3f225d9af79/element - {"using":"xpath","value":"//div[contains(@id, \"filterItemControl_BASIC-YARD-valueHelpDialog-table-rowsel0\")]"}
COMMAND: GET /session/0ed3e58e6e3cd5417bd3b3f225d9af79/screenshot - {}
RESULT: {"using":"xpath","value":"//div[contains(@id, \"filterItemControl_BASIC-YARD-valueHelpDialog-table-rowsel0\")]"}
COMMAND: POST /session/0ed3e58e6e3cd5417bd3b3f225d9af79/element/f.52AB194D52E8559853F1D34C601D985B.d.95AF1A35478AF97CCF40CCD6D9996706.e.5328/click - {}
RESULT: {}
RESULT: {}
COMMAND: GET /session/0ed3e58e6e3cd5417bd3b3f225d9af79/screenshot - {}
RESULT: {}
COMMAND: POST /session/0ed3e58e6e3cd5417bd3b3f225d9af79/element - {"using":"xpath","value":"//div[contains(@id, \"smartFilterBar-filterItemControl_BASIC-YARD-valueHelpDialog-smartFilterBar-btnBasicSearch-reset\")]"}
RESULT: {"using":"xpath","value":"//div[contains(@id, \"smartFilterBar-filterItemControl_BASIC-YARD-valueHelpDialog-smartFilterBar-btnBasicSearch-reset\")]"}
COMMAND: POST /session/0ed3e58e6e3cd5417bd3b3f225d9af79/element/f.52AB194D52E8559853F1D34C601D985B.d.95AF1A35478AF97CCF40CCD6D9996706.e.5330/click - {}
RESULT: {}
RESULT: undefined
COMMAND: POST /session/0ed3e58e6e3cd5417bd3b3f225d9af79/execute/async - {"script":"<script> [776 bytes]","args":[{"enterText":"OPA5_BST01_YARD1","selector":{"id":"application-ruinventorylist-display-component---Master--smartFilterBar-filterItemControl_BASIC-YARD-valueHelpDialog-smartFilterBar-btnBasicSearch","searchOpenDialogs":true,"interaction":{"idSuffix":"I"}},"clearTextFirst":true,"interactionType":"ENTER_TEXT"}]}
COMMAND: GET /session/0ed3e58e6e3cd5417bd3b3f225d9af79/screenshot - {}
RESULT: {"script":"<script> [776 bytes]","args":[{"enterText":"OPA5_BST01_YARD1","selector":{"id":"application-ruinventorylist-display-component---Master--smartFilterBar-filterItemControl_BASIC-YARD-valueHelpDialog-smartFilterBar-btnBasicSearch","searchOpenDialogs":true,"interaction":{"idSuffix":"I"}},"clearTextFirst":true,"interactionType":"ENTER_TEXT"}]}
COMMAND: POST /session/0ed3e58e6e3cd5417bd3b3f225d9af79/actions - {"actions":[{"id":"action22","type":"key","parameters":{},"actions":[{"type":"keyDown","value":""},{"type":"pause","duration":10},{"type":"keyUp","value":""}]}]}
RESULT: {}
RESULT: {"actions":[{"id":"action22","type":"key","parameters":{},"actions":[{"type":"keyDown","value":""},{"type":"pause","duration":10},{"type":"keyUp","value":""}]}]}
COMMAND: GET /session/0ed3e58e6e3cd5417bd3b3f225d9af79/screenshot - {}
RESULT: {}
COMMAND: POST /session/0ed3e58e6e3cd5417bd3b3f225d9af79/elements - {"using":"xpath","value":"//table[contains(@id, \"filterItemControl_BASIC-YARD-valueHelpDialog-table-table\")]/tbody/tr"}
RESULT: {"using":"xpath","value":"//table[contains(@id, \"filterItemControl_BASIC-YARD-valueHelpDialog-table-table\")]/tbody/tr"}
COMMAND: POST /session/0ed3e58e6e3cd5417bd3b3f225d9af79/element - {"using":"xpath","value":"//table[contains(@id, \"filterItemControl_BASIC-YARD-valueHelpDialog-table-table\")]/tbody/tr[1]/td[1]/div/span"}
RESULT: {"using":"xpath","value":"//table[contains(@id, \"filterItemControl_BASIC-YARD-valueHelpDialog-table-table\")]/tbody/tr[1]/td[1]/div/span"}
COMMAND: POST /session/0ed3e58e6e3cd5417bd3b3f225d9af79/elements - {"using":"xpath","value":"//table[contains(@id, \"filterItemControl_BASIC-YARD-valueHelpDialog-table-table\")]/tbody/tr[1]/td[1]/div/span"}
RESULT: {"using":"xpath","value":"//table[contains(@id, \"filterItemControl_BASIC-YARD-valueHelpDialog-table-table\")]/tbody/tr[1]/td[1]/div/span"}
COMMAND: POST /session/0ed3e58e6e3cd5417bd3b3f225d9af79/execute/sync - {"script":"<script> [56 bytes]","args":[{"element-6066-11e4-a52e-4f735466cecf":"f.52AB194D52E8559853F1D34C601D985B.d.95AF1A35478AF97CCF40CCD6D9996706.e.5327","ELEMENT":"f.52AB194D52E8559853F1D34C601D985B.d.95AF1A35478AF97CCF40CCD6D9996706.e.5327"}]}
RESULT: {"script":"<script> [56 bytes]","args":[{"element-6066-11e4-a52e-4f735466cecf":"f.52AB194D52E8559853F1D34C601D985B.d.95AF1A35478AF97CCF40CCD6D9996706.e.5327","ELEMENT":"f.52AB194D52E8559853F1D34C601D985B.d.95AF1A35478AF97CCF40CCD6D9996706.e.5327"}]}
COMMAND: POST /session/0ed3e58e6e3cd5417bd3b3f225d9af79/element - {"using":"xpath","value":"//div[contains(@id, \"filterItemControl_BASIC-YARD-valueHelpDialog-table-rowsel0\")]"}
COMMAND: GET /session/0ed3e58e6e3cd5417bd3b3f225d9af79/screenshot - {}
RESULT: {"using":"xpath","value":"//div[contains(@id, \"filterItemControl_BASIC-YARD-valueHelpDialog-table-rowsel0\")]"}
COMMAND: POST /session/0ed3e58e6e3cd5417bd3b3f225d9af79/element/f.52AB194D52E8559853F1D34C601D985B.d.95AF1A35478AF97CCF40CCD6D9996706.e.5328/click - {}
RESULT: {}
RESULT: {}
COMMAND: GET /session/0ed3e58e6e3cd5417bd3b3f225d9af79/screenshot - {}
RESULT: {}
COMMAND: POST /session/0ed3e58e6e3cd5417bd3b3f225d9af79/element - {"using":"xpath","value":"(//bdi[contains(text(), \"OK\")])[1]"}
RESULT: {"using":"xpath","value":"(//bdi[contains(text(), \"OK\")])[1]"}
COMMAND: POST /session/0ed3e58e6e3cd5417bd3b3f225d9af79/element/f.52AB194D52E8559853F1D34C601D985B.d.95AF1A35478AF97CCF40CCD6D9996706.e.5332/click - {}
RESULT: {}
COMMAND: GET /session/0ed3e58e6e3cd5417bd3b3f225d9af79/screenshot - {}
RESULT: {}
COMMAND: POST /session/0ed3e58e6e3cd5417bd3b3f225d9af79/element - {"using":"xpath","value":"//span[@id=\"application-ruinventorylist-display-component---Master--smartTableRuInventoryList-header-inner\"]"}
RESULT: {"using":"xpath","value":"//span[@id=\"application-ruinventorylist-display-component---Master--smartTableRuInventoryList-header-inner\"]"}
COMMAND: POST /session/0ed3e58e6e3cd5417bd3b3f225d9af79/elements - {"using":"xpath","value":"//span[@id=\"application-ruinventorylist-display-component---Master--smartTableRuInventoryList-header-inner\"]"}
RESULT: {"using":"xpath","value":"//span[@id=\"application-ruinventorylist-display-component---Master--smartTableRuInventoryList-header-inner\"]"}
COMMAND: POST /session/0ed3e58e6e3cd5417bd3b3f225d9af79/execute/sync - {"script":"<script> [56 bytes]","args":[{"element-6066-11e4-a52e-4f735466cecf":"f.52AB194D52E8559853F1D34C601D985B.d.95AF1A35478AF97CCF40CCD6D9996706.e.5465","ELEMENT":"f.52AB194D52E8559853F1D34C601D985B.d.95AF1A35478AF97CCF40CCD6D9996706.e.5465"}]}
RESULT: {"script":"<script> [56 bytes]","args":[{"element-6066-11e4-a52e-4f735466cecf":"f.52AB194D52E8559853F1D34C601D985B.d.95AF1A35478AF97CCF40CCD6D9996706.e.5465","ELEMENT":"f.52AB194D52E8559853F1D34C601D985B.d.95AF1A35478AF97CCF40CCD6D9996706.e.5465"}]}
RESULT: undefined
COMMAND: POST /session/0ed3e58e6e3cd5417bd3b3f225d9af79/execute/async - {"script":"<script> [776 bytes]","args":[{"enterText":"600002","selector":{"id":"application-ruinventorylist-display-component---Master--smartFilterBar-btnBasicSearch","interaction":{"idSuffix":"I"}},"clearTextFirst":true,"interactionType":"ENTER_TEXT"}]}
COMMAND: GET /session/0ed3e58e6e3cd5417bd3b3f225d9af79/screenshot - {}
RESULT: {"script":"<script> [776 bytes]","args":[{"enterText":"600002","selector":{"id":"application-ruinventorylist-display-component---Master--smartFilterBar-btnBasicSearch","interaction":{"idSuffix":"I"}},"clearTextFirst":true,"interactionType":"ENTER_TEXT"}]}
COMMAND: POST /session/0ed3e58e6e3cd5417bd3b3f225d9af79/actions - {"actions":[{"id":"action23","type":"key","parameters":{},"actions":[{"type":"keyDown","value":""},{"type":"pause","duration":10},{"type":"keyUp","value":""}]}]}
RESULT: {}
RESULT: {"actions":[{"id":"action23","type":"key","parameters":{},"actions":[{"type":"keyDown","value":""},{"type":"pause","duration":10},{"type":"keyUp","value":""}]}]}
COMMAND: GET /session/0ed3e58e6e3cd5417bd3b3f225d9af79/screenshot - {}
RESULT: {}
COMMAND: POST /session/0ed3e58e6e3cd5417bd3b3f225d9af79/element - {"using":"xpath","value":"//span[@id=\"application-ruinventorylist-display-component---Master--smartTableRuInventoryList-header-inner\"]"}
RESULT: {"using":"xpath","value":"//span[@id=\"application-ruinventorylist-display-component---Master--smartTableRuInventoryList-header-inner\"]"}
COMMAND: POST /session/0ed3e58e6e3cd5417bd3b3f225d9af79/elements - {"using":"xpath","value":"//span[@id=\"application-ruinventorylist-display-component---Master--smartTableRuInventoryList-header-inner\"]"}
RESULT: {"using":"xpath","value":"//span[@id=\"application-ruinventorylist-display-component---Master--smartTableRuInventoryList-header-inner\"]"}
COMMAND: POST /session/0ed3e58e6e3cd5417bd3b3f225d9af79/execute/sync - {"script":"<script> [56 bytes]","args":[{"element-6066-11e4-a52e-4f735466cecf":"f.52AB194D52E8559853F1D34C601D985B.d.95AF1A35478AF97CCF40CCD6D9996706.e.5465","ELEMENT":"f.52AB194D52E8559853F1D34C601D985B.d.95AF1A35478AF97CCF40CCD6D9996706.e.5465"}]}
RESULT: {"script":"<script> [56 bytes]","args":[{"element-6066-11e4-a52e-4f735466cecf":"f.52AB194D52E8559853F1D34C601D985B.d.95AF1A35478AF97CCF40CCD6D9996706.e.5465","ELEMENT":"f.52AB194D52E8559853F1D34C601D985B.d.95AF1A35478AF97CCF40CCD6D9996706.e.5465"}]}
COMMAND: POST /session/0ed3e58e6e3cd5417bd3b3f225d9af79/element - {"using":"xpath","value":"//table[contains(@id, \"application-ruinventorylist-display-component---Master--tableRuInventoryList-listUl\")]/tbody/tr[1]/td[2]/div/div"}
COMMAND: GET /session/0ed3e58e6e3cd5417bd3b3f225d9af79/screenshot - {}
RESULT: {"using":"xpath","value":"//table[contains(@id, \"application-ruinventorylist-display-component---Master--tableRuInventoryList-listUl\")]/tbody/tr[1]/td[2]/div/div"}
COMMAND: POST /session/0ed3e58e6e3cd5417bd3b3f225d9af79/element/f.52AB194D52E8559853F1D34C601D985B.d.95AF1A35478AF97CCF40CCD6D9996706.e.5470/click - {}
RESULT: {}
RESULT: {}
COMMAND: GET /session/0ed3e58e6e3cd5417bd3b3f225d9af79/screenshot - {}
RESULT: {}
COMMAND: POST /session/0ed3e58e6e3cd5417bd3b3f225d9af79/element - {"using":"xpath","value":"//div[contains(@id, \"smartFilterBar-btnBasicSearch-reset\")]"}
RESULT: {"using":"xpath","value":"//div[contains(@id, \"smartFilterBar-btnBasicSearch-reset\")]"}
COMMAND: POST /session/0ed3e58e6e3cd5417bd3b3f225d9af79/element/f.52AB194D52E8559853F1D34C601D985B.d.95AF1A35478AF97CCF40CCD6D9996706.e.5480/click - {}
RESULT: {}
COMMAND: GET /session/0ed3e58e6e3cd5417bd3b3f225d9af79/screenshot - {}
RESULT: {}
RESULT: undefined
COMMAND: POST /session/0ed3e58e6e3cd5417bd3b3f225d9af79/execute/async - {"script":"<script> [776 bytes]","args":[{"enterText":"401002","selector":{"id":"application-ruinventorylist-display-component---Master--smartFilterBar-btnBasicSearch","interaction":{"idSuffix":"I"}},"clearTextFirst":true,"interactionType":"ENTER_TEXT"}]}
RESULT: {"script":"<script> [776 bytes]","args":[{"enterText":"401002","selector":{"id":"application-ruinventorylist-display-component---Master--smartFilterBar-btnBasicSearch","interaction":{"idSuffix":"I"}},"clearTextFirst":true,"interactionType":"ENTER_TEXT"}]}
COMMAND: POST /session/0ed3e58e6e3cd5417bd3b3f225d9af79/actions - {"actions":[{"id":"action24","type":"key","parameters":{},"actions":[{"type":"keyDown","value":""},{"type":"pause","duration":10},{"type":"keyUp","value":""}]}]}
RESULT: {"actions":[{"id":"action24","type":"key","parameters":{},"actions":[{"type":"keyDown","value":""},{"type":"pause","duration":10},{"type":"keyUp","value":""}]}]}
COMMAND: GET /session/0ed3e58e6e3cd5417bd3b3f225d9af79/screenshot - {}
RESULT: {}
COMMAND: POST /session/0ed3e58e6e3cd5417bd3b3f225d9af79/element - {"using":"xpath","value":"//span[@id=\"application-ruinventorylist-display-component---Master--smartTableRuInventoryList-header-inner\"]"}
RESULT: {"using":"xpath","value":"//span[@id=\"application-ruinventorylist-display-component---Master--smartTableRuInventoryList-header-inner\"]"}
COMMAND: POST /session/0ed3e58e6e3cd5417bd3b3f225d9af79/elements - {"using":"xpath","value":"//span[@id=\"application-ruinventorylist-display-component---Master--smartTableRuInventoryList-header-inner\"]"}
RESULT: {"using":"xpath","value":"//span[@id=\"application-ruinventorylist-display-component---Master--smartTableRuInventoryList-header-inner\"]"}
COMMAND: POST /session/0ed3e58e6e3cd5417bd3b3f225d9af79/execute/sync - {"script":"<script> [56 bytes]","args":[{"element-6066-11e4-a52e-4f735466cecf":"f.52AB194D52E8559853F1D34C601D985B.d.95AF1A35478AF97CCF40CCD6D9996706.e.5465","ELEMENT":"f.52AB194D52E8559853F1D34C601D985B.d.95AF1A35478AF97CCF40CCD6D9996706.e.5465"}]}
RESULT: {"script":"<script> [56 bytes]","args":[{"element-6066-11e4-a52e-4f735466cecf":"f.52AB194D52E8559853F1D34C601D985B.d.95AF1A35478AF97CCF40CCD6D9996706.e.5465","ELEMENT":"f.52AB194D52E8559853F1D34C601D985B.d.95AF1A35478AF97CCF40CCD6D9996706.e.5465"}]}
COMMAND: POST /session/0ed3e58e6e3cd5417bd3b3f225d9af79/element - {"using":"xpath","value":"//table[contains(@id, \"application-ruinventorylist-display-component---Master--tableRuInventoryList-listUl\")]/tbody/tr[1]/td[2]/div/div"}
COMMAND: GET /session/0ed3e58e6e3cd5417bd3b3f225d9af79/screenshot - {}
RESULT: {"using":"xpath","value":"//table[contains(@id, \"application-ruinventorylist-display-component---Master--tableRuInventoryList-listUl\")]/tbody/tr[1]/td[2]/div/div"}
COMMAND: POST /session/0ed3e58e6e3cd5417bd3b3f225d9af79/element/f.52AB194D52E8559853F1D34C601D985B.d.95AF1A35478AF97CCF40CCD6D9996706.e.5606/click - {}
RESULT: {}
RESULT: {}
COMMAND: GET /session/0ed3e58e6e3cd5417bd3b3f225d9af79/screenshot - {}
RESULT: {}
COMMAND: POST /session/0ed3e58e6e3cd5417bd3b3f225d9af79/element - {"using":"xpath","value":"//div[contains(@id, \"smartFilterBar-btnBasicSearch-reset\")]"}
RESULT: {"using":"xpath","value":"//div[contains(@id, \"smartFilterBar-btnBasicSearch-reset\")]"}
COMMAND: POST /session/0ed3e58e6e3cd5417bd3b3f225d9af79/element/f.52AB194D52E8559853F1D34C601D985B.d.95AF1A35478AF97CCF40CCD6D9996706.e.5480/click - {}
RESULT: {}
COMMAND: GET /session/0ed3e58e6e3cd5417bd3b3f225d9af79/screenshot - {}
RESULT: {}
RESULT: undefined
COMMAND: POST /session/0ed3e58e6e3cd5417bd3b3f225d9af79/execute/async - {"script":"<script> [776 bytes]","args":[{"enterText":"sFNxVONDe6","selector":{"id":"application-ruinventorylist-display-component---Master--smartFilterBar-btnBasicSearch","interaction":{"idSuffix":"I"}},"clearTextFirst":true,"interactionType":"ENTER_TEXT"}]}
RESULT: {"script":"<script> [776 bytes]","args":[{"enterText":"sFNxVONDe6","selector":{"id":"application-ruinventorylist-display-component---Master--smartFilterBar-btnBasicSearch","interaction":{"idSuffix":"I"}},"clearTextFirst":true,"interactionType":"ENTER_TEXT"}]}
COMMAND: POST /session/0ed3e58e6e3cd5417bd3b3f225d9af79/actions - {"actions":[{"id":"action25","type":"key","parameters":{},"actions":[{"type":"keyDown","value":""},{"type":"pause","duration":10},{"type":"keyUp","value":""}]}]}
RESULT: {"actions":[{"id":"action25","type":"key","parameters":{},"actions":[{"type":"keyDown","value":""},{"type":"pause","duration":10},{"type":"keyUp","value":""}]}]}
COMMAND: GET /session/0ed3e58e6e3cd5417bd3b3f225d9af79/screenshot - {}
RESULT: {}
COMMAND: POST /session/0ed3e58e6e3cd5417bd3b3f225d9af79/element - {"using":"xpath","value":"//span[@id=\"application-ruinventorylist-display-component---Master--smartTableRuInventoryList-header-inner\"]"}
RESULT: {"using":"xpath","value":"//span[@id=\"application-ruinventorylist-display-component---Master--smartTableRuInventoryList-header-inner\"]"}
COMMAND: POST /session/0ed3e58e6e3cd5417bd3b3f225d9af79/elements - {"using":"xpath","value":"//span[@id=\"application-ruinventorylist-display-component---Master--smartTableRuInventoryList-header-inner\"]"}
RESULT: {"using":"xpath","value":"//span[@id=\"application-ruinventorylist-display-component---Master--smartTableRuInventoryList-header-inner\"]"}
COMMAND: POST /session/0ed3e58e6e3cd5417bd3b3f225d9af79/execute/sync - {"script":"<script> [56 bytes]","args":[{"element-6066-11e4-a52e-4f735466cecf":"f.52AB194D52E8559853F1D34C601D985B.d.95AF1A35478AF97CCF40CCD6D9996706.e.5465","ELEMENT":"f.52AB194D52E8559853F1D34C601D985B.d.95AF1A35478AF97CCF40CCD6D9996706.e.5465"}]}
RESULT: {"script":"<script> [56 bytes]","args":[{"element-6066-11e4-a52e-4f735466cecf":"f.52AB194D52E8559853F1D34C601D985B.d.95AF1A35478AF97CCF40CCD6D9996706.e.5465","ELEMENT":"f.52AB194D52E8559853F1D34C601D985B.d.95AF1A35478AF97CCF40CCD6D9996706.e.5465"}]}
COMMAND: POST /session/0ed3e58e6e3cd5417bd3b3f225d9af79/element - {"using":"xpath","value":"//table[contains(@id, \"application-ruinventorylist-display-component---Master--tableRuInventoryList-listUl\")]/tbody/tr[1]/td[2]/div/div"}
COMMAND: GET /session/0ed3e58e6e3cd5417bd3b3f225d9af79/screenshot - {}
RESULT: {"using":"xpath","value":"//table[contains(@id, \"application-ruinventorylist-display-component---Master--tableRuInventoryList-listUl\")]/tbody/tr[1]/td[2]/div/div"}
COMMAND: POST /session/0ed3e58e6e3cd5417bd3b3f225d9af79/element/f.52AB194D52E8559853F1D34C601D985B.d.95AF1A35478AF97CCF40CCD6D9996706.e.5742/click - {}
RESULT: {}
RESULT: {}
COMMAND: GET /session/0ed3e58e6e3cd5417bd3b3f225d9af79/screenshot - {}
RESULT: {}
COMMAND: POST /session/0ed3e58e6e3cd5417bd3b3f225d9af79/element - {"using":"xpath","value":"//div[contains(@id, \"smartFilterBar-btnBasicSearch-reset\")]"}
RESULT: {"using":"xpath","value":"//div[contains(@id, \"smartFilterBar-btnBasicSearch-reset\")]"}
COMMAND: POST /session/0ed3e58e6e3cd5417bd3b3f225d9af79/element/f.52AB194D52E8559853F1D34C601D985B.d.95AF1A35478AF97CCF40CCD6D9996706.e.5480/click - {}
RESULT: {}
COMMAND: GET /session/0ed3e58e6e3cd5417bd3b3f225d9af79/screenshot - {}
RESULT: undefined
COMMAND: POST /session/0ed3e58e6e3cd5417bd3b3f225d9af79/execute/async - {"script":"<script> [776 bytes]","args":[{"enterText":"200090","selector":{"id":"application-ruinventorylist-display-component---Master--smartFilterBar-btnBasicSearch","interaction":{"idSuffix":"I"}},"clearTextFirst":true,"interactionType":"ENTER_TEXT"}]}
RESULT: {}
RESULT: {"script":"<script> [776 bytes]","args":[{"enterText":"200090","selector":{"id":"application-ruinventorylist-display-component---Master--smartFilterBar-btnBasicSearch","interaction":{"idSuffix":"I"}},"clearTextFirst":true,"interactionType":"ENTER_TEXT"}]}
COMMAND: POST /session/0ed3e58e6e3cd5417bd3b3f225d9af79/actions - {"actions":[{"id":"action26","type":"key","parameters":{},"actions":[{"type":"keyDown","value":""},{"type":"pause","duration":10},{"type":"keyUp","value":""}]}]}
RESULT: {"actions":[{"id":"action26","type":"key","parameters":{},"actions":[{"type":"keyDown","value":""},{"type":"pause","duration":10},{"type":"keyUp","value":""}]}]}
COMMAND: GET /session/0ed3e58e6e3cd5417bd3b3f225d9af79/screenshot - {}
RESULT: {}
COMMAND: POST /session/0ed3e58e6e3cd5417bd3b3f225d9af79/element - {"using":"xpath","value":"//span[@id=\"application-ruinventorylist-display-component---Master--smartTableRuInventoryList-header-inner\"]"}
RESULT: {"using":"xpath","value":"//span[@id=\"application-ruinventorylist-display-component---Master--smartTableRuInventoryList-header-inner\"]"}
COMMAND: POST /session/0ed3e58e6e3cd5417bd3b3f225d9af79/elements - {"using":"xpath","value":"//span[@id=\"application-ruinventorylist-display-component---Master--smartTableRuInventoryList-header-inner\"]"}
RESULT: {"using":"xpath","value":"//span[@id=\"application-ruinventorylist-display-component---Master--smartTableRuInventoryList-header-inner\"]"}
COMMAND: POST /session/0ed3e58e6e3cd5417bd3b3f225d9af79/execute/sync - {"script":"<script> [56 bytes]","args":[{"element-6066-11e4-a52e-4f735466cecf":"f.52AB194D52E8559853F1D34C601D985B.d.95AF1A35478AF97CCF40CCD6D9996706.e.5465","ELEMENT":"f.52AB194D52E8559853F1D34C601D985B.d.95AF1A35478AF97CCF40CCD6D9996706.e.5465"}]}
RESULT: {"script":"<script> [56 bytes]","args":[{"element-6066-11e4-a52e-4f735466cecf":"f.52AB194D52E8559853F1D34C601D985B.d.95AF1A35478AF97CCF40CCD6D9996706.e.5465","ELEMENT":"f.52AB194D52E8559853F1D34C601D985B.d.95AF1A35478AF97CCF40CCD6D9996706.e.5465"}]}
COMMAND: POST /session/0ed3e58e6e3cd5417bd3b3f225d9af79/element - {"using":"xpath","value":"//table[contains(@id, \"application-ruinventorylist-display-component---Master--tableRuInventoryList-listUl\")]/tbody/tr[1]/td[2]/div/div"}
COMMAND: GET /session/0ed3e58e6e3cd5417bd3b3f225d9af79/screenshot - {}
RESULT: {"using":"xpath","value":"//table[contains(@id, \"application-ruinventorylist-display-component---Master--tableRuInventoryList-listUl\")]/tbody/tr[1]/td[2]/div/div"}
COMMAND: POST /session/0ed3e58e6e3cd5417bd3b3f225d9af79/element/f.52AB194D52E8559853F1D34C601D985B.d.95AF1A35478AF97CCF40CCD6D9996706.e.5877/click - {}
RESULT: {}
RESULT: {}
COMMAND: GET /session/0ed3e58e6e3cd5417bd3b3f225d9af79/screenshot - {}
RESULT: {}
COMMAND: POST /session/0ed3e58e6e3cd5417bd3b3f225d9af79/element - {"using":"xpath","value":"//div[contains(@id, \"smartFilterBar-btnBasicSearch-reset\")]"}
RESULT: {"using":"xpath","value":"//div[contains(@id, \"smartFilterBar-btnBasicSearch-reset\")]"}
COMMAND: POST /session/0ed3e58e6e3cd5417bd3b3f225d9af79/element/f.52AB194D52E8559853F1D34C601D985B.d.95AF1A35478AF97CCF40CCD6D9996706.e.5480/click - {}
RESULT: {}
COMMAND: GET /session/0ed3e58e6e3cd5417bd3b3f225d9af79/screenshot - {}
RESULT: {}
COMMAND: POST /session/0ed3e58e6e3cd5417bd3b3f225d9af79/element/f.52AB194D52E8559853F1D34C601D985B.d.95AF1A35478AF97CCF40CCD6D9996706.e.5013/click - {}
RESULT: {}
COMMAND: GET /session/0ed3e58e6e3cd5417bd3b3f225d9af79/screenshot - {}
RESULT: {}
COMMAND: POST /session/0ed3e58e6e3cd5417bd3b3f225d9af79/execute/async - {"script":"<script> [1562 bytes]","args":[{"selector":{"id":"application-ruinventorylist-display-component---Master--effectiveDate","searchOpenDialogs":true,"interaction":{"idSuffix":"inner"}},"wdio_ui5_key":"applicationruinventorylist-display-component---Master--effectiveDate"}]}
RESULT: {"script":"<script> [1562 bytes]","args":[{"selector":{"id":"application-ruinventorylist-display-component---Master--effectiveDate","searchOpenDialogs":true,"interaction":{"idSuffix":"inner"}},"wdio_ui5_key":"applicationruinventorylist-display-component---Master--effectiveDate"}]}
RESULT: undefined
COMMAND: POST /session/0ed3e58e6e3cd5417bd3b3f225d9af79/execute/async - {"script":"<script> [776 bytes]","args":[{"enterText":"05/22/25","selector":{"id":"application-ruinventorylist-display-component---Master--effectiveDate","searchOpenDialogs":true,"interaction":{"idSuffix":"inner"}},"clearTextFirst":true,"interactionType":"ENTER_TEXT"}]}
RESULT: {"script":"<script> [776 bytes]","args":[{"enterText":"05/22/25","selector":{"id":"application-ruinventorylist-display-component---Master--effectiveDate","searchOpenDialogs":true,"interaction":{"idSuffix":"inner"}},"clearTextFirst":true,"interactionType":"ENTER_TEXT"}]}
COMMAND: POST /session/0ed3e58e6e3cd5417bd3b3f225d9af79/element - {"using":"xpath","value":"//span[contains(@data-kt,\"correctionMassStateChangeIcon\")]"}
RESULT: {"using":"xpath","value":"//span[contains(@data-kt,\"correctionMassStateChangeIcon\")]"}
COMMAND: POST /session/0ed3e58e6e3cd5417bd3b3f225d9af79/elements - {"using":"xpath","value":"//span[contains(@data-kt,\"correctionMassStateChangeIcon\")]"}
RESULT: {"using":"xpath","value":"//span[contains(@data-kt,\"correctionMassStateChangeIcon\")]"}
COMMAND: POST /session/0ed3e58e6e3cd5417bd3b3f225d9af79/elements - {"using":"xpath","value":"//span[contains(@data-kt,\"correctionMassStateChangeIcon\")]"}
RESULT: {"using":"xpath","value":"//span[contains(@data-kt,\"correctionMassStateChangeIcon\")]"}
RESULT: undefined
COMMAND: POST /session/0ed3e58e6e3cd5417bd3b3f225d9af79/element - {"using":"xpath","value":"//*[@id=\"application-ruinventorylist-display-component---Master--ruStateTypes-arrow\"]"}
RESULT: {"using":"xpath","value":"//*[@id=\"application-ruinventorylist-display-component---Master--ruStateTypes-arrow\"]"}
COMMAND: POST /session/0ed3e58e6e3cd5417bd3b3f225d9af79/element/f.52AB194D52E8559853F1D34C601D985B.d.95AF1A35478AF97CCF40CCD6D9996706.e.6053/click - {}
RESULT: {}
COMMAND: GET /session/0ed3e58e6e3cd5417bd3b3f225d9af79/screenshot - {}
RESULT: {}
COMMAND: POST /session/0ed3e58e6e3cd5417bd3b3f225d9af79/element - {"using":"xpath","value":"//li[.//span[text()=\"defect\"]]"}
RESULT: {"using":"xpath","value":"//li[.//span[text()=\"defect\"]]"}
COMMAND: POST /session/0ed3e58e6e3cd5417bd3b3f225d9af79/element/f.52AB194D52E8559853F1D34C601D985B.d.95AF1A35478AF97CCF40CCD6D9996706.e.6054/click - {}
RESULT: {}
COMMAND: GET /session/0ed3e58e6e3cd5417bd3b3f225d9af79/screenshot - {}
RESULT: {}
COMMAND: POST /session/0ed3e58e6e3cd5417bd3b3f225d9af79/element - {"using":"xpath","value":"(//bdi[contains(text(), \"OK\")])[1]"}
RESULT: {"using":"xpath","value":"(//bdi[contains(text(), \"OK\")])[1]"}
COMMAND: POST /session/0ed3e58e6e3cd5417bd3b3f225d9af79/element/f.52AB194D52E8559853F1D34C601D985B.d.95AF1A35478AF97CCF40CCD6D9996706.e.6055/click - {}
RESULT: {}
COMMAND: GET /session/0ed3e58e6e3cd5417bd3b3f225d9af79/screenshot - {}
RESULT: {}
COMMAND: POST /session/0ed3e58e6e3cd5417bd3b3f225d9af79/element - {"using":"css selector","value":"div.sapMMessageBoxError"}
RESULT: {"using":"css selector","value":"div.sapMMessageBoxError"}
COMMAND: POST /session/0ed3e58e6e3cd5417bd3b3f225d9af79/elements - {"using":"css selector","value":"div.sapMMessageBoxError"}
RESULT: {"using":"css selector","value":"div.sapMMessageBoxError"}
COMMAND: POST /session/0ed3e58e6e3cd5417bd3b3f225d9af79/element - {"using":"xpath","value":"//div[contains(@class, \"sapMMessageBoxError\")]/section/div/div/span"}
RESULT: {"using":"xpath","value":"//div[contains(@class, \"sapMMessageBoxError\")]/section/div/div/span"}
COMMAND: POST /session/0ed3e58e6e3cd5417bd3b3f225d9af79/execute/sync - {"script":"<script> [56 bytes]","args":[{"element-6066-11e4-a52e-4f735466cecf":"f.52AB194D52E8559853F1D34C601D985B.d.95AF1A35478AF97CCF40CCD6D9996706.e.6058","ELEMENT":"f.52AB194D52E8559853F1D34C601D985B.d.95AF1A35478AF97CCF40CCD6D9996706.e.6058"}]}
RESULT: {"script":"<script> [56 bytes]","args":[{"element-6066-11e4-a52e-4f735466cecf":"f.52AB194D52E8559853F1D34C601D985B.d.95AF1A35478AF97CCF40CCD6D9996706.e.6058","ELEMENT":"f.52AB194D52E8559853F1D34C601D985B.d.95AF1A35478AF97CCF40CCD6D9996706.e.6058"}]}
COMMAND: POST /session/0ed3e58e6e3cd5417bd3b3f225d9af79/element - {"using":"xpath","value":"(//bdi[contains(text(), \"Close\")])[1]"}
COMMAND: GET /session/0ed3e58e6e3cd5417bd3b3f225d9af79/screenshot - {}
RESULT: {"using":"xpath","value":"(//bdi[contains(text(), \"Close\")])[1]"}
COMMAND: POST /session/0ed3e58e6e3cd5417bd3b3f225d9af79/element/f.52AB194D52E8559853F1D34C601D985B.d.95AF1A35478AF97CCF40CCD6D9996706.e.6060/click - {}
RESULT: {}
RESULT: {}
COMMAND: GET /session/0ed3e58e6e3cd5417bd3b3f225d9af79/screenshot - {}
RESULT: {}
RESULT: undefined
COMMAND: POST /session/0ed3e58e6e3cd5417bd3b3f225d9af79/execute/async - {"script":"<script> [776 bytes]","args":[{"enterText":"05/23/25","selector":{"id":"application-ruinventorylist-display-component---Master--effectiveDate","searchOpenDialogs":true,"interaction":{"idSuffix":"inner"}},"clearTextFirst":true,"interactionType":"ENTER_TEXT"}]}
RESULT: {"script":"<script> [776 bytes]","args":[{"enterText":"05/23/25","selector":{"id":"application-ruinventorylist-display-component---Master--effectiveDate","searchOpenDialogs":true,"interaction":{"idSuffix":"inner"}},"clearTextFirst":true,"interactionType":"ENTER_TEXT"}]}
COMMAND: POST /session/0ed3e58e6e3cd5417bd3b3f225d9af79/element - {"using":"xpath","value":"(//bdi[contains(text(), \"OK\")])[1]"}
RESULT: {"using":"xpath","value":"(//bdi[contains(text(), \"OK\")])[1]"}
COMMAND: POST /session/0ed3e58e6e3cd5417bd3b3f225d9af79/element/f.52AB194D52E8559853F1D34C601D985B.d.95AF1A35478AF97CCF40CCD6D9996706.e.6055/click - {}
RESULT: {}
COMMAND: GET /session/0ed3e58e6e3cd5417bd3b3f225d9af79/screenshot - {}
RESULT: {}
COMMAND: POST /session/0ed3e58e6e3cd5417bd3b3f225d9af79/element - {"using":"xpath","value":"(//bdi[contains(text(), \"OK\")])[2]"}
RESULT: {"using":"xpath","value":"(//bdi[contains(text(), \"OK\")])[2]"}
COMMAND: POST /session/0ed3e58e6e3cd5417bd3b3f225d9af79/element/f.52AB194D52E8559853F1D34C601D985B.d.95AF1A35478AF97CCF40CCD6D9996706.e.6102/click - {}
RESULT: {}
COMMAND: GET /session/0ed3e58e6e3cd5417bd3b3f225d9af79/screenshot - {}
RESULT: {}
RESULT: undefined
COMMAND: POST /session/0ed3e58e6e3cd5417bd3b3f225d9af79/execute/async - {"script":"<script> [776 bytes]","args":[{"enterText":"600002","selector":{"id":"application-ruinventorylist-display-component---Master--smartFilterBar-btnBasicSearch","interaction":{"idSuffix":"I"}},"clearTextFirst":true,"interactionType":"ENTER_TEXT"}]}
RESULT: {"script":"<script> [776 bytes]","args":[{"enterText":"600002","selector":{"id":"application-ruinventorylist-display-component---Master--smartFilterBar-btnBasicSearch","interaction":{"idSuffix":"I"}},"clearTextFirst":true,"interactionType":"ENTER_TEXT"}]}
COMMAND: POST /session/0ed3e58e6e3cd5417bd3b3f225d9af79/actions - {"actions":[{"id":"action27","type":"key","parameters":{},"actions":[{"type":"keyDown","value":""},{"type":"pause","duration":10},{"type":"keyUp","value":""}]}]}
RESULT: {"actions":[{"id":"action27","type":"key","parameters":{},"actions":[{"type":"keyDown","value":""},{"type":"pause","duration":10},{"type":"keyUp","value":""}]}]}
COMMAND: GET /session/0ed3e58e6e3cd5417bd3b3f225d9af79/screenshot - {}
RESULT: {}
COMMAND: POST /session/0ed3e58e6e3cd5417bd3b3f225d9af79/element - {"using":"xpath","value":"//span[@id=\"application-ruinventorylist-display-component---Master--smartTableRuInventoryList-header-inner\"]"}
RESULT: {"using":"xpath","value":"//span[@id=\"application-ruinventorylist-display-component---Master--smartTableRuInventoryList-header-inner\"]"}
COMMAND: POST /session/0ed3e58e6e3cd5417bd3b3f225d9af79/elements - {"using":"xpath","value":"//span[@id=\"application-ruinventorylist-display-component---Master--smartTableRuInventoryList-header-inner\"]"}
RESULT: {"using":"xpath","value":"//span[@id=\"application-ruinventorylist-display-component---Master--smartTableRuInventoryList-header-inner\"]"}
COMMAND: POST /session/0ed3e58e6e3cd5417bd3b3f225d9af79/execute/sync - {"script":"<script> [56 bytes]","args":[{"element-6066-11e4-a52e-4f735466cecf":"f.52AB194D52E8559853F1D34C601D985B.d.95AF1A35478AF97CCF40CCD6D9996706.e.5465","ELEMENT":"f.52AB194D52E8559853F1D34C601D985B.d.95AF1A35478AF97CCF40CCD6D9996706.e.5465"}]}
RESULT: {"script":"<script> [56 bytes]","args":[{"element-6066-11e4-a52e-4f735466cecf":"f.52AB194D52E8559853F1D34C601D985B.d.95AF1A35478AF97CCF40CCD6D9996706.e.5465","ELEMENT":"f.52AB194D52E8559853F1D34C601D985B.d.95AF1A35478AF97CCF40CCD6D9996706.e.5465"}]}
COMMAND: POST /session/0ed3e58e6e3cd5417bd3b3f225d9af79/element - {"using":"xpath","value":"//table[contains(@id, \"application-ruinventorylist-display-component---Master--tableRuInventoryList-listUl\")]/tbody/tr[1]/td[6]/div/span"}
COMMAND: GET /session/0ed3e58e6e3cd5417bd3b3f225d9af79/screenshot - {}
RESULT: {"using":"xpath","value":"//table[contains(@id, \"application-ruinventorylist-display-component---Master--tableRuInventoryList-listUl\")]/tbody/tr[1]/td[6]/div/span"}
COMMAND: POST /session/0ed3e58e6e3cd5417bd3b3f225d9af79/execute/sync - {"script":"<script> [56 bytes]","args":[{"element-6066-11e4-a52e-4f735466cecf":"f.52AB194D52E8559853F1D34C601D985B.d.95AF1A35478AF97CCF40CCD6D9996706.e.6120","ELEMENT":"f.52AB194D52E8559853F1D34C601D985B.d.95AF1A35478AF97CCF40CCD6D9996706.e.6120"}]}
RESULT: {}
RESULT: {"script":"<script> [56 bytes]","args":[{"element-6066-11e4-a52e-4f735466cecf":"f.52AB194D52E8559853F1D34C601D985B.d.95AF1A35478AF97CCF40CCD6D9996706.e.6120","ELEMENT":"f.52AB194D52E8559853F1D34C601D985B.d.95AF1A35478AF97CCF40CCD6D9996706.e.6120"}]}
COMMAND: POST /session/0ed3e58e6e3cd5417bd3b3f225d9af79/element - {"using":"xpath","value":"//div[contains(@id, \"smartFilterBar-btnBasicSearch-reset\")]"}
COMMAND: GET /session/0ed3e58e6e3cd5417bd3b3f225d9af79/screenshot - {}
RESULT: {"using":"xpath","value":"//div[contains(@id, \"smartFilterBar-btnBasicSearch-reset\")]"}
COMMAND: POST /session/0ed3e58e6e3cd5417bd3b3f225d9af79/element/f.52AB194D52E8559853F1D34C601D985B.d.95AF1A35478AF97CCF40CCD6D9996706.e.5480/click - {}
RESULT: {}
RESULT: {}
COMMAND: GET /session/0ed3e58e6e3cd5417bd3b3f225d9af79/screenshot - {}
RESULT: {}
RESULT: undefined
COMMAND: POST /session/0ed3e58e6e3cd5417bd3b3f225d9af79/execute/async - {"script":"<script> [776 bytes]","args":[{"enterText":"401002","selector":{"id":"application-ruinventorylist-display-component---Master--smartFilterBar-btnBasicSearch","interaction":{"idSuffix":"I"}},"clearTextFirst":true,"interactionType":"ENTER_TEXT"}]}
RESULT: {"script":"<script> [776 bytes]","args":[{"enterText":"401002","selector":{"id":"application-ruinventorylist-display-component---Master--smartFilterBar-btnBasicSearch","interaction":{"idSuffix":"I"}},"clearTextFirst":true,"interactionType":"ENTER_TEXT"}]}
COMMAND: POST /session/0ed3e58e6e3cd5417bd3b3f225d9af79/actions - {"actions":[{"id":"action28","type":"key","parameters":{},"actions":[{"type":"keyDown","value":""},{"type":"pause","duration":10},{"type":"keyUp","value":""}]}]}
RESULT: {"actions":[{"id":"action28","type":"key","parameters":{},"actions":[{"type":"keyDown","value":""},{"type":"pause","duration":10},{"type":"keyUp","value":""}]}]}
COMMAND: GET /session/0ed3e58e6e3cd5417bd3b3f225d9af79/screenshot - {}
RESULT: {}
COMMAND: POST /session/0ed3e58e6e3cd5417bd3b3f225d9af79/element - {"using":"xpath","value":"//span[@id=\"application-ruinventorylist-display-component---Master--smartTableRuInventoryList-header-inner\"]"}
RESULT: {"using":"xpath","value":"//span[@id=\"application-ruinventorylist-display-component---Master--smartTableRuInventoryList-header-inner\"]"}
COMMAND: POST /session/0ed3e58e6e3cd5417bd3b3f225d9af79/elements - {"using":"xpath","value":"//span[@id=\"application-ruinventorylist-display-component---Master--smartTableRuInventoryList-header-inner\"]"}
RESULT: {"using":"xpath","value":"//span[@id=\"application-ruinventorylist-display-component---Master--smartTableRuInventoryList-header-inner\"]"}
COMMAND: POST /session/0ed3e58e6e3cd5417bd3b3f225d9af79/execute/sync - {"script":"<script> [56 bytes]","args":[{"element-6066-11e4-a52e-4f735466cecf":"f.52AB194D52E8559853F1D34C601D985B.d.95AF1A35478AF97CCF40CCD6D9996706.e.5465","ELEMENT":"f.52AB194D52E8559853F1D34C601D985B.d.95AF1A35478AF97CCF40CCD6D9996706.e.5465"}]}
RESULT: {"script":"<script> [56 bytes]","args":[{"element-6066-11e4-a52e-4f735466cecf":"f.52AB194D52E8559853F1D34C601D985B.d.95AF1A35478AF97CCF40CCD6D9996706.e.5465","ELEMENT":"f.52AB194D52E8559853F1D34C601D985B.d.95AF1A35478AF97CCF40CCD6D9996706.e.5465"}]}
COMMAND: POST /session/0ed3e58e6e3cd5417bd3b3f225d9af79/element - {"using":"xpath","value":"//table[contains(@id, \"application-ruinventorylist-display-component---Master--tableRuInventoryList-listUl\")]/tbody/tr[1]/td[6]/div/span"}
COMMAND: GET /session/0ed3e58e6e3cd5417bd3b3f225d9af79/screenshot - {}
RESULT: {"using":"xpath","value":"//table[contains(@id, \"application-ruinventorylist-display-component---Master--tableRuInventoryList-listUl\")]/tbody/tr[1]/td[6]/div/span"}
COMMAND: POST /session/0ed3e58e6e3cd5417bd3b3f225d9af79/execute/sync - {"script":"<script> [56 bytes]","args":[{"element-6066-11e4-a52e-4f735466cecf":"f.52AB194D52E8559853F1D34C601D985B.d.95AF1A35478AF97CCF40CCD6D9996706.e.6195","ELEMENT":"f.52AB194D52E8559853F1D34C601D985B.d.95AF1A35478AF97CCF40CCD6D9996706.e.6195"}]}
RESULT: {}
RESULT: {"script":"<script> [56 bytes]","args":[{"element-6066-11e4-a52e-4f735466cecf":"f.52AB194D52E8559853F1D34C601D985B.d.95AF1A35478AF97CCF40CCD6D9996706.e.6195","ELEMENT":"f.52AB194D52E8559853F1D34C601D985B.d.95AF1A35478AF97CCF40CCD6D9996706.e.6195"}]}
COMMAND: POST /session/0ed3e58e6e3cd5417bd3b3f225d9af79/element - {"using":"xpath","value":"//div[contains(@id, \"smartFilterBar-btnBasicSearch-reset\")]"}
COMMAND: GET /session/0ed3e58e6e3cd5417bd3b3f225d9af79/screenshot - {}
RESULT: {"using":"xpath","value":"//div[contains(@id, \"smartFilterBar-btnBasicSearch-reset\")]"}
COMMAND: POST /session/0ed3e58e6e3cd5417bd3b3f225d9af79/element/f.52AB194D52E8559853F1D34C601D985B.d.95AF1A35478AF97CCF40CCD6D9996706.e.5480/click - {}
RESULT: {}
RESULT: {}
COMMAND: GET /session/0ed3e58e6e3cd5417bd3b3f225d9af79/screenshot - {}
RESULT: undefined
COMMAND: POST /session/0ed3e58e6e3cd5417bd3b3f225d9af79/execute/async - {"script":"<script> [776 bytes]","args":[{"enterText":"sFNxVONDe6","selector":{"id":"application-ruinventorylist-display-component---Master--smartFilterBar-btnBasicSearch","interaction":{"idSuffix":"I"}},"clearTextFirst":true,"interactionType":"ENTER_TEXT"}]}
RESULT: {}
RESULT: {"script":"<script> [776 bytes]","args":[{"enterText":"sFNxVONDe6","selector":{"id":"application-ruinventorylist-display-component---Master--smartFilterBar-btnBasicSearch","interaction":{"idSuffix":"I"}},"clearTextFirst":true,"interactionType":"ENTER_TEXT"}]}
COMMAND: POST /session/0ed3e58e6e3cd5417bd3b3f225d9af79/actions - {"actions":[{"id":"action29","type":"key","parameters":{},"actions":[{"type":"keyDown","value":""},{"type":"pause","duration":10},{"type":"keyUp","value":""}]}]}
RESULT: {"actions":[{"id":"action29","type":"key","parameters":{},"actions":[{"type":"keyDown","value":""},{"type":"pause","duration":10},{"type":"keyUp","value":""}]}]}
COMMAND: GET /session/0ed3e58e6e3cd5417bd3b3f225d9af79/screenshot - {}
RESULT: {}
COMMAND: POST /session/0ed3e58e6e3cd5417bd3b3f225d9af79/element - {"using":"xpath","value":"//span[@id=\"application-ruinventorylist-display-component---Master--smartTableRuInventoryList-header-inner\"]"}
RESULT: {"using":"xpath","value":"//span[@id=\"application-ruinventorylist-display-component---Master--smartTableRuInventoryList-header-inner\"]"}
COMMAND: POST /session/0ed3e58e6e3cd5417bd3b3f225d9af79/elements - {"using":"xpath","value":"//span[@id=\"application-ruinventorylist-display-component---Master--smartTableRuInventoryList-header-inner\"]"}
RESULT: {"using":"xpath","value":"//span[@id=\"application-ruinventorylist-display-component---Master--smartTableRuInventoryList-header-inner\"]"}
COMMAND: POST /session/0ed3e58e6e3cd5417bd3b3f225d9af79/execute/sync - {"script":"<script> [56 bytes]","args":[{"element-6066-11e4-a52e-4f735466cecf":"f.52AB194D52E8559853F1D34C601D985B.d.95AF1A35478AF97CCF40CCD6D9996706.e.5465","ELEMENT":"f.52AB194D52E8559853F1D34C601D985B.d.95AF1A35478AF97CCF40CCD6D9996706.e.5465"}]}
RESULT: {"script":"<script> [56 bytes]","args":[{"element-6066-11e4-a52e-4f735466cecf":"f.52AB194D52E8559853F1D34C601D985B.d.95AF1A35478AF97CCF40CCD6D9996706.e.5465","ELEMENT":"f.52AB194D52E8559853F1D34C601D985B.d.95AF1A35478AF97CCF40CCD6D9996706.e.5465"}]}
COMMAND: POST /session/0ed3e58e6e3cd5417bd3b3f225d9af79/element - {"using":"xpath","value":"//table[contains(@id, \"application-ruinventorylist-display-component---Master--tableRuInventoryList-listUl\")]/tbody/tr[1]/td[6]/div/span"}
COMMAND: GET /session/0ed3e58e6e3cd5417bd3b3f225d9af79/screenshot - {}
RESULT: {"using":"xpath","value":"//table[contains(@id, \"application-ruinventorylist-display-component---Master--tableRuInventoryList-listUl\")]/tbody/tr[1]/td[6]/div/span"}
COMMAND: POST /session/0ed3e58e6e3cd5417bd3b3f225d9af79/execute/sync - {"script":"<script> [56 bytes]","args":[{"element-6066-11e4-a52e-4f735466cecf":"f.52AB194D52E8559853F1D34C601D985B.d.95AF1A35478AF97CCF40CCD6D9996706.e.6271","ELEMENT":"f.52AB194D52E8559853F1D34C601D985B.d.95AF1A35478AF97CCF40CCD6D9996706.e.6271"}]}
RESULT: {}
RESULT: {"script":"<script> [56 bytes]","args":[{"element-6066-11e4-a52e-4f735466cecf":"f.52AB194D52E8559853F1D34C601D985B.d.95AF1A35478AF97CCF40CCD6D9996706.e.6271","ELEMENT":"f.52AB194D52E8559853F1D34C601D985B.d.95AF1A35478AF97CCF40CCD6D9996706.e.6271"}]}
COMMAND: POST /session/0ed3e58e6e3cd5417bd3b3f225d9af79/element - {"using":"xpath","value":"//div[contains(@id, \"smartFilterBar-btnBasicSearch-reset\")]"}
COMMAND: GET /session/0ed3e58e6e3cd5417bd3b3f225d9af79/screenshot - {}
RESULT: {"using":"xpath","value":"//div[contains(@id, \"smartFilterBar-btnBasicSearch-reset\")]"}
COMMAND: POST /session/0ed3e58e6e3cd5417bd3b3f225d9af79/element/f.52AB194D52E8559853F1D34C601D985B.d.95AF1A35478AF97CCF40CCD6D9996706.e.5480/click - {}
RESULT: {}
RESULT: {}
COMMAND: GET /session/0ed3e58e6e3cd5417bd3b3f225d9af79/screenshot - {}
RESULT: {}
RESULT: undefined
COMMAND: POST /session/0ed3e58e6e3cd5417bd3b3f225d9af79/execute/async - {"script":"<script> [776 bytes]","args":[{"enterText":"200090","selector":{"id":"application-ruinventorylist-display-component---Master--smartFilterBar-btnBasicSearch","interaction":{"idSuffix":"I"}},"clearTextFirst":true,"interactionType":"ENTER_TEXT"}]}
RESULT: {"script":"<script> [776 bytes]","args":[{"enterText":"200090","selector":{"id":"application-ruinventorylist-display-component---Master--smartFilterBar-btnBasicSearch","interaction":{"idSuffix":"I"}},"clearTextFirst":true,"interactionType":"ENTER_TEXT"}]}
COMMAND: POST /session/0ed3e58e6e3cd5417bd3b3f225d9af79/actions - {"actions":[{"id":"action30","type":"key","parameters":{},"actions":[{"type":"keyDown","value":""},{"type":"pause","duration":10},{"type":"keyUp","value":""}]}]}
RESULT: {"actions":[{"id":"action30","type":"key","parameters":{},"actions":[{"type":"keyDown","value":""},{"type":"pause","duration":10},{"type":"keyUp","value":""}]}]}
COMMAND: GET /session/0ed3e58e6e3cd5417bd3b3f225d9af79/screenshot - {}
RESULT: {}
COMMAND: POST /session/0ed3e58e6e3cd5417bd3b3f225d9af79/element - {"using":"xpath","value":"//span[@id=\"application-ruinventorylist-display-component---Master--smartTableRuInventoryList-header-inner\"]"}
RESULT: {"using":"xpath","value":"//span[@id=\"application-ruinventorylist-display-component---Master--smartTableRuInventoryList-header-inner\"]"}
COMMAND: POST /session/0ed3e58e6e3cd5417bd3b3f225d9af79/elements - {"using":"xpath","value":"//span[@id=\"application-ruinventorylist-display-component---Master--smartTableRuInventoryList-header-inner\"]"}
RESULT: {"using":"xpath","value":"//span[@id=\"application-ruinventorylist-display-component---Master--smartTableRuInventoryList-header-inner\"]"}
COMMAND: POST /session/0ed3e58e6e3cd5417bd3b3f225d9af79/execute/sync - {"script":"<script> [56 bytes]","args":[{"element-6066-11e4-a52e-4f735466cecf":"f.52AB194D52E8559853F1D34C601D985B.d.95AF1A35478AF97CCF40CCD6D9996706.e.5465","ELEMENT":"f.52AB194D52E8559853F1D34C601D985B.d.95AF1A35478AF97CCF40CCD6D9996706.e.5465"}]}
RESULT: {"script":"<script> [56 bytes]","args":[{"element-6066-11e4-a52e-4f735466cecf":"f.52AB194D52E8559853F1D34C601D985B.d.95AF1A35478AF97CCF40CCD6D9996706.e.5465","ELEMENT":"f.52AB194D52E8559853F1D34C601D985B.d.95AF1A35478AF97CCF40CCD6D9996706.e.5465"}]}
COMMAND: POST /session/0ed3e58e6e3cd5417bd3b3f225d9af79/element - {"using":"xpath","value":"//table[contains(@id, \"application-ruinventorylist-display-component---Master--tableRuInventoryList-listUl\")]/tbody/tr[1]/td[6]/div/span"}
COMMAND: GET /session/0ed3e58e6e3cd5417bd3b3f225d9af79/screenshot - {}
RESULT: {"using":"xpath","value":"//table[contains(@id, \"application-ruinventorylist-display-component---Master--tableRuInventoryList-listUl\")]/tbody/tr[1]/td[6]/div/span"}
COMMAND: POST /session/0ed3e58e6e3cd5417bd3b3f225d9af79/execute/sync - {"script":"<script> [56 bytes]","args":[{"element-6066-11e4-a52e-4f735466cecf":"f.52AB194D52E8559853F1D34C601D985B.d.95AF1A35478AF97CCF40CCD6D9996706.e.6347","ELEMENT":"f.52AB194D52E8559853F1D34C601D985B.d.95AF1A35478AF97CCF40CCD6D9996706.e.6347"}]}
RESULT: {}
RESULT: {"script":"<script> [56 bytes]","args":[{"element-6066-11e4-a52e-4f735466cecf":"f.52AB194D52E8559853F1D34C601D985B.d.95AF1A35478AF97CCF40CCD6D9996706.e.6347","ELEMENT":"f.52AB194D52E8559853F1D34C601D985B.d.95AF1A35478AF97CCF40CCD6D9996706.e.6347"}]}
COMMAND: POST /session/0ed3e58e6e3cd5417bd3b3f225d9af79/element - {"using":"xpath","value":"//div[contains(@id, \"smartFilterBar-btnBasicSearch-reset\")]"}
COMMAND: GET /session/0ed3e58e6e3cd5417bd3b3f225d9af79/screenshot - {}
RESULT: {"using":"xpath","value":"//div[contains(@id, \"smartFilterBar-btnBasicSearch-reset\")]"}
COMMAND: POST /session/0ed3e58e6e3cd5417bd3b3f225d9af79/element/f.52AB194D52E8559853F1D34C601D985B.d.95AF1A35478AF97CCF40CCD6D9996706.e.5480/click - {}
RESULT: {}
RESULT: {}
COMMAND: GET /session/0ed3e58e6e3cd5417bd3b3f225d9af79/screenshot - {}
RESULT: {}
COMMAND: POST /session/0ed3e58e6e3cd5417bd3b3f225d9af79/element/f.52AB194D52E8559853F1D34C601D985B.d.95AF1A35478AF97CCF40CCD6D9996706.e.5013/click - {}
RESULT: {}
COMMAND: GET /session/0ed3e58e6e3cd5417bd3b3f225d9af79/screenshot - {}
RESULT: {}
RESULT: undefined
COMMAND: POST /session/0ed3e58e6e3cd5417bd3b3f225d9af79/execute/async - {"script":"<script> [776 bytes]","args":[{"enterText":"600002","selector":{"id":"application-ruinventorylist-display-component---Master--smartFilterBar-btnBasicSearch","interaction":{"idSuffix":"I"}},"clearTextFirst":true,"interactionType":"ENTER_TEXT"}]}
RESULT: {"script":"<script> [776 bytes]","args":[{"enterText":"600002","selector":{"id":"application-ruinventorylist-display-component---Master--smartFilterBar-btnBasicSearch","interaction":{"idSuffix":"I"}},"clearTextFirst":true,"interactionType":"ENTER_TEXT"}]}
COMMAND: POST /session/0ed3e58e6e3cd5417bd3b3f225d9af79/actions - {"actions":[{"id":"action31","type":"key","parameters":{},"actions":[{"type":"keyDown","value":""},{"type":"pause","duration":10},{"type":"keyUp","value":""}]}]}
RESULT: {"actions":[{"id":"action31","type":"key","parameters":{},"actions":[{"type":"keyDown","value":""},{"type":"pause","duration":10},{"type":"keyUp","value":""}]}]}
COMMAND: GET /session/0ed3e58e6e3cd5417bd3b3f225d9af79/screenshot - {}
RESULT: {}
COMMAND: POST /session/0ed3e58e6e3cd5417bd3b3f225d9af79/element - {"using":"xpath","value":"//span[@id=\"application-ruinventorylist-display-component---Master--smartTableRuInventoryList-header-inner\"]"}
RESULT: {"using":"xpath","value":"//span[@id=\"application-ruinventorylist-display-component---Master--smartTableRuInventoryList-header-inner\"]"}
COMMAND: POST /session/0ed3e58e6e3cd5417bd3b3f225d9af79/elements - {"using":"xpath","value":"//span[@id=\"application-ruinventorylist-display-component---Master--smartTableRuInventoryList-header-inner\"]"}
RESULT: {"using":"xpath","value":"//span[@id=\"application-ruinventorylist-display-component---Master--smartTableRuInventoryList-header-inner\"]"}
COMMAND: POST /session/0ed3e58e6e3cd5417bd3b3f225d9af79/execute/sync - {"script":"<script> [56 bytes]","args":[{"element-6066-11e4-a52e-4f735466cecf":"f.52AB194D52E8559853F1D34C601D985B.d.95AF1A35478AF97CCF40CCD6D9996706.e.5465","ELEMENT":"f.52AB194D52E8559853F1D34C601D985B.d.95AF1A35478AF97CCF40CCD6D9996706.e.5465"}]}
RESULT: {"script":"<script> [56 bytes]","args":[{"element-6066-11e4-a52e-4f735466cecf":"f.52AB194D52E8559853F1D34C601D985B.d.95AF1A35478AF97CCF40CCD6D9996706.e.5465","ELEMENT":"f.52AB194D52E8559853F1D34C601D985B.d.95AF1A35478AF97CCF40CCD6D9996706.e.5465"}]}
COMMAND: POST /session/0ed3e58e6e3cd5417bd3b3f225d9af79/element - {"using":"xpath","value":"//table[contains(@id, \"application-ruinventorylist-display-component---Master--tableRuInventoryList-listUl\")]/tbody/tr[1]/td[2]/div/div"}
COMMAND: GET /session/0ed3e58e6e3cd5417bd3b3f225d9af79/screenshot - {}
RESULT: {"using":"xpath","value":"//table[contains(@id, \"application-ruinventorylist-display-component---Master--tableRuInventoryList-listUl\")]/tbody/tr[1]/td[2]/div/div"}
COMMAND: POST /session/0ed3e58e6e3cd5417bd3b3f225d9af79/element/f.52AB194D52E8559853F1D34C601D985B.d.95AF1A35478AF97CCF40CCD6D9996706.e.6587/click - {}
RESULT: {}
RESULT: {}
COMMAND: GET /session/0ed3e58e6e3cd5417bd3b3f225d9af79/screenshot - {}
RESULT: {}
COMMAND: POST /session/0ed3e58e6e3cd5417bd3b3f225d9af79/element - {"using":"xpath","value":"//div[contains(@id, \"smartFilterBar-btnBasicSearch-reset\")]"}
RESULT: {"using":"xpath","value":"//div[contains(@id, \"smartFilterBar-btnBasicSearch-reset\")]"}
COMMAND: POST /session/0ed3e58e6e3cd5417bd3b3f225d9af79/element/f.52AB194D52E8559853F1D34C601D985B.d.95AF1A35478AF97CCF40CCD6D9996706.e.5480/click - {}
RESULT: {}
COMMAND: GET /session/0ed3e58e6e3cd5417bd3b3f225d9af79/screenshot - {}
RESULT: {}
RESULT: undefined
COMMAND: POST /session/0ed3e58e6e3cd5417bd3b3f225d9af79/execute/async - {"script":"<script> [776 bytes]","args":[{"enterText":"401002","selector":{"id":"application-ruinventorylist-display-component---Master--smartFilterBar-btnBasicSearch","interaction":{"idSuffix":"I"}},"clearTextFirst":true,"interactionType":"ENTER_TEXT"}]}
RESULT: {"script":"<script> [776 bytes]","args":[{"enterText":"401002","selector":{"id":"application-ruinventorylist-display-component---Master--smartFilterBar-btnBasicSearch","interaction":{"idSuffix":"I"}},"clearTextFirst":true,"interactionType":"ENTER_TEXT"}]}
COMMAND: POST /session/0ed3e58e6e3cd5417bd3b3f225d9af79/actions - {"actions":[{"id":"action32","type":"key","parameters":{},"actions":[{"type":"keyDown","value":""},{"type":"pause","duration":10},{"type":"keyUp","value":""}]}]}
RESULT: {"actions":[{"id":"action32","type":"key","parameters":{},"actions":[{"type":"keyDown","value":""},{"type":"pause","duration":10},{"type":"keyUp","value":""}]}]}
COMMAND: GET /session/0ed3e58e6e3cd5417bd3b3f225d9af79/screenshot - {}
RESULT: {}
COMMAND: POST /session/0ed3e58e6e3cd5417bd3b3f225d9af79/element - {"using":"xpath","value":"//span[@id=\"application-ruinventorylist-display-component---Master--smartTableRuInventoryList-header-inner\"]"}
RESULT: {"using":"xpath","value":"//span[@id=\"application-ruinventorylist-display-component---Master--smartTableRuInventoryList-header-inner\"]"}
COMMAND: POST /session/0ed3e58e6e3cd5417bd3b3f225d9af79/elements - {"using":"xpath","value":"//span[@id=\"application-ruinventorylist-display-component---Master--smartTableRuInventoryList-header-inner\"]"}
RESULT: {"using":"xpath","value":"//span[@id=\"application-ruinventorylist-display-component---Master--smartTableRuInventoryList-header-inner\"]"}
COMMAND: POST /session/0ed3e58e6e3cd5417bd3b3f225d9af79/execute/sync - {"script":"<script> [56 bytes]","args":[{"element-6066-11e4-a52e-4f735466cecf":"f.52AB194D52E8559853F1D34C601D985B.d.95AF1A35478AF97CCF40CCD6D9996706.e.5465","ELEMENT":"f.52AB194D52E8559853F1D34C601D985B.d.95AF1A35478AF97CCF40CCD6D9996706.e.5465"}]}
RESULT: {"script":"<script> [56 bytes]","args":[{"element-6066-11e4-a52e-4f735466cecf":"f.52AB194D52E8559853F1D34C601D985B.d.95AF1A35478AF97CCF40CCD6D9996706.e.5465","ELEMENT":"f.52AB194D52E8559853F1D34C601D985B.d.95AF1A35478AF97CCF40CCD6D9996706.e.5465"}]}
COMMAND: POST /session/0ed3e58e6e3cd5417bd3b3f225d9af79/element - {"using":"xpath","value":"//table[contains(@id, \"application-ruinventorylist-display-component---Master--tableRuInventoryList-listUl\")]/tbody/tr[1]/td[2]/div/div"}
COMMAND: GET /session/0ed3e58e6e3cd5417bd3b3f225d9af79/screenshot - {}
RESULT: {"using":"xpath","value":"//table[contains(@id, \"application-ruinventorylist-display-component---Master--tableRuInventoryList-listUl\")]/tbody/tr[1]/td[2]/div/div"}
COMMAND: POST /session/0ed3e58e6e3cd5417bd3b3f225d9af79/element/f.52AB194D52E8559853F1D34C601D985B.d.95AF1A35478AF97CCF40CCD6D9996706.e.6722/click - {}
RESULT: {}
RESULT: {}
COMMAND: GET /session/0ed3e58e6e3cd5417bd3b3f225d9af79/screenshot - {}
RESULT: {}
COMMAND: POST /session/0ed3e58e6e3cd5417bd3b3f225d9af79/element - {"using":"xpath","value":"//div[contains(@id, \"smartFilterBar-btnBasicSearch-reset\")]"}
RESULT: {"using":"xpath","value":"//div[contains(@id, \"smartFilterBar-btnBasicSearch-reset\")]"}
COMMAND: POST /session/0ed3e58e6e3cd5417bd3b3f225d9af79/element/f.52AB194D52E8559853F1D34C601D985B.d.95AF1A35478AF97CCF40CCD6D9996706.e.5480/click - {}
RESULT: {}
COMMAND: GET /session/0ed3e58e6e3cd5417bd3b3f225d9af79/screenshot - {}
RESULT: {}
RESULT: undefined
COMMAND: POST /session/0ed3e58e6e3cd5417bd3b3f225d9af79/execute/async - {"script":"<script> [776 bytes]","args":[{"enterText":"sFNxVONDe6","selector":{"id":"application-ruinventorylist-display-component---Master--smartFilterBar-btnBasicSearch","interaction":{"idSuffix":"I"}},"clearTextFirst":true,"interactionType":"ENTER_TEXT"}]}
RESULT: {"script":"<script> [776 bytes]","args":[{"enterText":"sFNxVONDe6","selector":{"id":"application-ruinventorylist-display-component---Master--smartFilterBar-btnBasicSearch","interaction":{"idSuffix":"I"}},"clearTextFirst":true,"interactionType":"ENTER_TEXT"}]}
COMMAND: POST /session/0ed3e58e6e3cd5417bd3b3f225d9af79/actions - {"actions":[{"id":"action33","type":"key","parameters":{},"actions":[{"type":"keyDown","value":""},{"type":"pause","duration":10},{"type":"keyUp","value":""}]}]}
RESULT: {"actions":[{"id":"action33","type":"key","parameters":{},"actions":[{"type":"keyDown","value":""},{"type":"pause","duration":10},{"type":"keyUp","value":""}]}]}
COMMAND: GET /session/0ed3e58e6e3cd5417bd3b3f225d9af79/screenshot - {}
RESULT: {}
COMMAND: POST /session/0ed3e58e6e3cd5417bd3b3f225d9af79/element - {"using":"xpath","value":"//span[@id=\"application-ruinventorylist-display-component---Master--smartTableRuInventoryList-header-inner\"]"}
RESULT: {"using":"xpath","value":"//span[@id=\"application-ruinventorylist-display-component---Master--smartTableRuInventoryList-header-inner\"]"}
COMMAND: POST /session/0ed3e58e6e3cd5417bd3b3f225d9af79/elements - {"using":"xpath","value":"//span[@id=\"application-ruinventorylist-display-component---Master--smartTableRuInventoryList-header-inner\"]"}
RESULT: {"using":"xpath","value":"//span[@id=\"application-ruinventorylist-display-component---Master--smartTableRuInventoryList-header-inner\"]"}
COMMAND: POST /session/0ed3e58e6e3cd5417bd3b3f225d9af79/execute/sync - {"script":"<script> [56 bytes]","args":[{"element-6066-11e4-a52e-4f735466cecf":"f.52AB194D52E8559853F1D34C601D985B.d.95AF1A35478AF97CCF40CCD6D9996706.e.5465","ELEMENT":"f.52AB194D52E8559853F1D34C601D985B.d.95AF1A35478AF97CCF40CCD6D9996706.e.5465"}]}
RESULT: {"script":"<script> [56 bytes]","args":[{"element-6066-11e4-a52e-4f735466cecf":"f.52AB194D52E8559853F1D34C601D985B.d.95AF1A35478AF97CCF40CCD6D9996706.e.5465","ELEMENT":"f.52AB194D52E8559853F1D34C601D985B.d.95AF1A35478AF97CCF40CCD6D9996706.e.5465"}]}
COMMAND: POST /session/0ed3e58e6e3cd5417bd3b3f225d9af79/element - {"using":"xpath","value":"//table[contains(@id, \"application-ruinventorylist-display-component---Master--tableRuInventoryList-listUl\")]/tbody/tr[1]/td[2]/div/div"}
COMMAND: GET /session/0ed3e58e6e3cd5417bd3b3f225d9af79/screenshot - {}
RESULT: {"using":"xpath","value":"//table[contains(@id, \"application-ruinventorylist-display-component---Master--tableRuInventoryList-listUl\")]/tbody/tr[1]/td[2]/div/div"}
COMMAND: POST /session/0ed3e58e6e3cd5417bd3b3f225d9af79/element/f.52AB194D52E8559853F1D34C601D985B.d.95AF1A35478AF97CCF40CCD6D9996706.e.6859/click - {}
RESULT: {}
RESULT: {}
COMMAND: GET /session/0ed3e58e6e3cd5417bd3b3f225d9af79/screenshot - {}
RESULT: {}
COMMAND: POST /session/0ed3e58e6e3cd5417bd3b3f225d9af79/element - {"using":"xpath","value":"//div[contains(@id, \"smartFilterBar-btnBasicSearch-reset\")]"}
RESULT: {"using":"xpath","value":"//div[contains(@id, \"smartFilterBar-btnBasicSearch-reset\")]"}
COMMAND: POST /session/0ed3e58e6e3cd5417bd3b3f225d9af79/element/f.52AB194D52E8559853F1D34C601D985B.d.95AF1A35478AF97CCF40CCD6D9996706.e.5480/click - {}
RESULT: {}
COMMAND: GET /session/0ed3e58e6e3cd5417bd3b3f225d9af79/screenshot - {}
RESULT: {}
RESULT: undefined
COMMAND: POST /session/0ed3e58e6e3cd5417bd3b3f225d9af79/execute/async - {"script":"<script> [776 bytes]","args":[{"enterText":"200090","selector":{"id":"application-ruinventorylist-display-component---Master--smartFilterBar-btnBasicSearch","interaction":{"idSuffix":"I"}},"clearTextFirst":true,"interactionType":"ENTER_TEXT"}]}
RESULT: {"script":"<script> [776 bytes]","args":[{"enterText":"200090","selector":{"id":"application-ruinventorylist-display-component---Master--smartFilterBar-btnBasicSearch","interaction":{"idSuffix":"I"}},"clearTextFirst":true,"interactionType":"ENTER_TEXT"}]}
COMMAND: POST /session/0ed3e58e6e3cd5417bd3b3f225d9af79/actions - {"actions":[{"id":"action34","type":"key","parameters":{},"actions":[{"type":"keyDown","value":""},{"type":"pause","duration":10},{"type":"keyUp","value":""}]}]}
RESULT: {"actions":[{"id":"action34","type":"key","parameters":{},"actions":[{"type":"keyDown","value":""},{"type":"pause","duration":10},{"type":"keyUp","value":""}]}]}
COMMAND: GET /session/0ed3e58e6e3cd5417bd3b3f225d9af79/screenshot - {}
RESULT: {}
COMMAND: POST /session/0ed3e58e6e3cd5417bd3b3f225d9af79/element - {"using":"xpath","value":"//span[@id=\"application-ruinventorylist-display-component---Master--smartTableRuInventoryList-header-inner\"]"}
RESULT: {"using":"xpath","value":"//span[@id=\"application-ruinventorylist-display-component---Master--smartTableRuInventoryList-header-inner\"]"}
COMMAND: POST /session/0ed3e58e6e3cd5417bd3b3f225d9af79/elements - {"using":"xpath","value":"//span[@id=\"application-ruinventorylist-display-component---Master--smartTableRuInventoryList-header-inner\"]"}
RESULT: {"using":"xpath","value":"//span[@id=\"application-ruinventorylist-display-component---Master--smartTableRuInventoryList-header-inner\"]"}
COMMAND: POST /session/0ed3e58e6e3cd5417bd3b3f225d9af79/execute/sync - {"script":"<script> [56 bytes]","args":[{"element-6066-11e4-a52e-4f735466cecf":"f.52AB194D52E8559853F1D34C601D985B.d.95AF1A35478AF97CCF40CCD6D9996706.e.5465","ELEMENT":"f.52AB194D52E8559853F1D34C601D985B.d.95AF1A35478AF97CCF40CCD6D9996706.e.5465"}]}
RESULT: {"script":"<script> [56 bytes]","args":[{"element-6066-11e4-a52e-4f735466cecf":"f.52AB194D52E8559853F1D34C601D985B.d.95AF1A35478AF97CCF40CCD6D9996706.e.5465","ELEMENT":"f.52AB194D52E8559853F1D34C601D985B.d.95AF1A35478AF97CCF40CCD6D9996706.e.5465"}]}
COMMAND: POST /session/0ed3e58e6e3cd5417bd3b3f225d9af79/element - {"using":"xpath","value":"//table[contains(@id, \"application-ruinventorylist-display-component---Master--tableRuInventoryList-listUl\")]/tbody/tr[1]/td[2]/div/div"}
COMMAND: GET /session/0ed3e58e6e3cd5417bd3b3f225d9af79/screenshot - {}
RESULT: {"using":"xpath","value":"//table[contains(@id, \"application-ruinventorylist-display-component---Master--tableRuInventoryList-listUl\")]/tbody/tr[1]/td[2]/div/div"}
COMMAND: POST /session/0ed3e58e6e3cd5417bd3b3f225d9af79/element/f.52AB194D52E8559853F1D34C601D985B.d.95AF1A35478AF97CCF40CCD6D9996706.e.6994/click - {}
RESULT: {}
RESULT: {}
COMMAND: GET /session/0ed3e58e6e3cd5417bd3b3f225d9af79/screenshot - {}
RESULT: {}
COMMAND: POST /session/0ed3e58e6e3cd5417bd3b3f225d9af79/element - {"using":"xpath","value":"//div[contains(@id, \"smartFilterBar-btnBasicSearch-reset\")]"}
RESULT: {"using":"xpath","value":"//div[contains(@id, \"smartFilterBar-btnBasicSearch-reset\")]"}
COMMAND: POST /session/0ed3e58e6e3cd5417bd3b3f225d9af79/element/f.52AB194D52E8559853F1D34C601D985B.d.95AF1A35478AF97CCF40CCD6D9996706.e.5480/click - {}
RESULT: {}
COMMAND: GET /session/0ed3e58e6e3cd5417bd3b3f225d9af79/screenshot - {}
RESULT: {}
COMMAND: POST /session/0ed3e58e6e3cd5417bd3b3f225d9af79/element/f.52AB194D52E8559853F1D34C601D985B.d.95AF1A35478AF97CCF40CCD6D9996706.e.5013/click - {}
RESULT: {}
COMMAND: GET /session/0ed3e58e6e3cd5417bd3b3f225d9af79/screenshot - {}
RESULT: {}
RESULT: undefined
COMMAND: POST /session/0ed3e58e6e3cd5417bd3b3f225d9af79/element - {"using":"xpath","value":"//*[@id=\"application-ruinventorylist-display-component---Master--ruStateTypes-arrow\"]"}
RESULT: {"using":"xpath","value":"//*[@id=\"application-ruinventorylist-display-component---Master--ruStateTypes-arrow\"]"}
COMMAND: POST /session/0ed3e58e6e3cd5417bd3b3f225d9af79/element/f.52AB194D52E8559853F1D34C601D985B.d.95AF1A35478AF97CCF40CCD6D9996706.e.7149/click - {}
RESULT: {}
COMMAND: GET /session/0ed3e58e6e3cd5417bd3b3f225d9af79/screenshot - {}
RESULT: {}
COMMAND: POST /session/0ed3e58e6e3cd5417bd3b3f225d9af79/element - {"using":"xpath","value":"//li[.//span[text()=\"available\"]]"}
RESULT: {"using":"xpath","value":"//li[.//span[text()=\"available\"]]"}
COMMAND: POST /session/0ed3e58e6e3cd5417bd3b3f225d9af79/element/f.52AB194D52E8559853F1D34C601D985B.d.95AF1A35478AF97CCF40CCD6D9996706.e.7150/click - {}
RESULT: {}
COMMAND: GET /session/0ed3e58e6e3cd5417bd3b3f225d9af79/screenshot - {}
RESULT: {}
COMMAND: POST /session/0ed3e58e6e3cd5417bd3b3f225d9af79/element - {"using":"xpath","value":"(//bdi[contains(text(), \"OK\")])[1]"}
RESULT: {"using":"xpath","value":"(//bdi[contains(text(), \"OK\")])[1]"}
COMMAND: POST /session/0ed3e58e6e3cd5417bd3b3f225d9af79/element/f.52AB194D52E8559853F1D34C601D985B.d.95AF1A35478AF97CCF40CCD6D9996706.e.7151/click - {}
RESULT: {}
COMMAND: GET /session/0ed3e58e6e3cd5417bd3b3f225d9af79/screenshot - {}
RESULT: {}
COMMAND: POST /session/0ed3e58e6e3cd5417bd3b3f225d9af79/element - {"using":"xpath","value":"(//bdi[contains(text(), \"OK\")])[2]"}
RESULT: {"using":"xpath","value":"(//bdi[contains(text(), \"OK\")])[2]"}
COMMAND: POST /session/0ed3e58e6e3cd5417bd3b3f225d9af79/element/f.52AB194D52E8559853F1D34C601D985B.d.95AF1A35478AF97CCF40CCD6D9996706.e.7155/click - {}
RESULT: {}
COMMAND: GET /session/0ed3e58e6e3cd5417bd3b3f225d9af79/screenshot - {}
RESULT: {}
RESULT: undefined
COMMAND: POST /session/0ed3e58e6e3cd5417bd3b3f225d9af79/execute/async - {"script":"<script> [776 bytes]","args":[{"enterText":"600002","selector":{"id":"application-ruinventorylist-display-component---Master--smartFilterBar-btnBasicSearch","interaction":{"idSuffix":"I"}},"clearTextFirst":true,"interactionType":"ENTER_TEXT"}]}
RESULT: {"script":"<script> [776 bytes]","args":[{"enterText":"600002","selector":{"id":"application-ruinventorylist-display-component---Master--smartFilterBar-btnBasicSearch","interaction":{"idSuffix":"I"}},"clearTextFirst":true,"interactionType":"ENTER_TEXT"}]}
COMMAND: POST /session/0ed3e58e6e3cd5417bd3b3f225d9af79/actions - {"actions":[{"id":"action35","type":"key","parameters":{},"actions":[{"type":"keyDown","value":""},{"type":"pause","duration":10},{"type":"keyUp","value":""}]}]}
RESULT: {"actions":[{"id":"action35","type":"key","parameters":{},"actions":[{"type":"keyDown","value":""},{"type":"pause","duration":10},{"type":"keyUp","value":""}]}]}
COMMAND: GET /session/0ed3e58e6e3cd5417bd3b3f225d9af79/screenshot - {}
RESULT: {}
COMMAND: POST /session/0ed3e58e6e3cd5417bd3b3f225d9af79/element - {"using":"xpath","value":"//span[@id=\"application-ruinventorylist-display-component---Master--smartTableRuInventoryList-header-inner\"]"}
RESULT: {"using":"xpath","value":"//span[@id=\"application-ruinventorylist-display-component---Master--smartTableRuInventoryList-header-inner\"]"}
COMMAND: POST /session/0ed3e58e6e3cd5417bd3b3f225d9af79/elements - {"using":"xpath","value":"//span[@id=\"application-ruinventorylist-display-component---Master--smartTableRuInventoryList-header-inner\"]"}
RESULT: {"using":"xpath","value":"//span[@id=\"application-ruinventorylist-display-component---Master--smartTableRuInventoryList-header-inner\"]"}
COMMAND: POST /session/0ed3e58e6e3cd5417bd3b3f225d9af79/execute/sync - {"script":"<script> [56 bytes]","args":[{"element-6066-11e4-a52e-4f735466cecf":"f.52AB194D52E8559853F1D34C601D985B.d.95AF1A35478AF97CCF40CCD6D9996706.e.5465","ELEMENT":"f.52AB194D52E8559853F1D34C601D985B.d.95AF1A35478AF97CCF40CCD6D9996706.e.5465"}]}
RESULT: {"script":"<script> [56 bytes]","args":[{"element-6066-11e4-a52e-4f735466cecf":"f.52AB194D52E8559853F1D34C601D985B.d.95AF1A35478AF97CCF40CCD6D9996706.e.5465","ELEMENT":"f.52AB194D52E8559853F1D34C601D985B.d.95AF1A35478AF97CCF40CCD6D9996706.e.5465"}]}
COMMAND: POST /session/0ed3e58e6e3cd5417bd3b3f225d9af79/element - {"using":"xpath","value":"//table[contains(@id, \"application-ruinventorylist-display-component---Master--tableRuInventoryList-listUl\")]/tbody/tr[1]/td[6]/div/span"}
COMMAND: GET /session/0ed3e58e6e3cd5417bd3b3f225d9af79/screenshot - {}
RESULT: {"using":"xpath","value":"//table[contains(@id, \"application-ruinventorylist-display-component---Master--tableRuInventoryList-listUl\")]/tbody/tr[1]/td[6]/div/span"}
COMMAND: POST /session/0ed3e58e6e3cd5417bd3b3f225d9af79/execute/sync - {"script":"<script> [56 bytes]","args":[{"element-6066-11e4-a52e-4f735466cecf":"f.52AB194D52E8559853F1D34C601D985B.d.95AF1A35478AF97CCF40CCD6D9996706.e.7175","ELEMENT":"f.52AB194D52E8559853F1D34C601D985B.d.95AF1A35478AF97CCF40CCD6D9996706.e.7175"}]}
RESULT: {}
RESULT: {"script":"<script> [56 bytes]","args":[{"element-6066-11e4-a52e-4f735466cecf":"f.52AB194D52E8559853F1D34C601D985B.d.95AF1A35478AF97CCF40CCD6D9996706.e.7175","ELEMENT":"f.52AB194D52E8559853F1D34C601D985B.d.95AF1A35478AF97CCF40CCD6D9996706.e.7175"}]}
COMMAND: POST /session/0ed3e58e6e3cd5417bd3b3f225d9af79/element - {"using":"xpath","value":"//div[contains(@id, \"smartFilterBar-btnBasicSearch-reset\")]"}
COMMAND: GET /session/0ed3e58e6e3cd5417bd3b3f225d9af79/screenshot - {}
RESULT: {"using":"xpath","value":"//div[contains(@id, \"smartFilterBar-btnBasicSearch-reset\")]"}
COMMAND: POST /session/0ed3e58e6e3cd5417bd3b3f225d9af79/element/f.52AB194D52E8559853F1D34C601D985B.d.95AF1A35478AF97CCF40CCD6D9996706.e.5480/click - {}
RESULT: {}
RESULT: {}
COMMAND: GET /session/0ed3e58e6e3cd5417bd3b3f225d9af79/screenshot - {}
RESULT: {}
RESULT: undefined
COMMAND: POST /session/0ed3e58e6e3cd5417bd3b3f225d9af79/execute/async - {"script":"<script> [776 bytes]","args":[{"enterText":"401002","selector":{"id":"application-ruinventorylist-display-component---Master--smartFilterBar-btnBasicSearch","interaction":{"idSuffix":"I"}},"clearTextFirst":true,"interactionType":"ENTER_TEXT"}]}
RESULT: {"script":"<script> [776 bytes]","args":[{"enterText":"401002","selector":{"id":"application-ruinventorylist-display-component---Master--smartFilterBar-btnBasicSearch","interaction":{"idSuffix":"I"}},"clearTextFirst":true,"interactionType":"ENTER_TEXT"}]}
COMMAND: POST /session/0ed3e58e6e3cd5417bd3b3f225d9af79/actions - {"actions":[{"id":"action36","type":"key","parameters":{},"actions":[{"type":"keyDown","value":""},{"type":"pause","duration":10},{"type":"keyUp","value":""}]}]}
RESULT: {"actions":[{"id":"action36","type":"key","parameters":{},"actions":[{"type":"keyDown","value":""},{"type":"pause","duration":10},{"type":"keyUp","value":""}]}]}
COMMAND: GET /session/0ed3e58e6e3cd5417bd3b3f225d9af79/screenshot - {}
RESULT: {}
COMMAND: POST /session/0ed3e58e6e3cd5417bd3b3f225d9af79/element - {"using":"xpath","value":"//span[@id=\"application-ruinventorylist-display-component---Master--smartTableRuInventoryList-header-inner\"]"}
RESULT: {"using":"xpath","value":"//span[@id=\"application-ruinventorylist-display-component---Master--smartTableRuInventoryList-header-inner\"]"}
COMMAND: POST /session/0ed3e58e6e3cd5417bd3b3f225d9af79/elements - {"using":"xpath","value":"//span[@id=\"application-ruinventorylist-display-component---Master--smartTableRuInventoryList-header-inner\"]"}
RESULT: {"using":"xpath","value":"//span[@id=\"application-ruinventorylist-display-component---Master--smartTableRuInventoryList-header-inner\"]"}
COMMAND: POST /session/0ed3e58e6e3cd5417bd3b3f225d9af79/execute/sync - {"script":"<script> [56 bytes]","args":[{"element-6066-11e4-a52e-4f735466cecf":"f.52AB194D52E8559853F1D34C601D985B.d.95AF1A35478AF97CCF40CCD6D9996706.e.5465","ELEMENT":"f.52AB194D52E8559853F1D34C601D985B.d.95AF1A35478AF97CCF40CCD6D9996706.e.5465"}]}
RESULT: {"script":"<script> [56 bytes]","args":[{"element-6066-11e4-a52e-4f735466cecf":"f.52AB194D52E8559853F1D34C601D985B.d.95AF1A35478AF97CCF40CCD6D9996706.e.5465","ELEMENT":"f.52AB194D52E8559853F1D34C601D985B.d.95AF1A35478AF97CCF40CCD6D9996706.e.5465"}]}
COMMAND: POST /session/0ed3e58e6e3cd5417bd3b3f225d9af79/element - {"using":"xpath","value":"//table[contains(@id, \"application-ruinventorylist-display-component---Master--tableRuInventoryList-listUl\")]/tbody/tr[1]/td[6]/div/span"}
COMMAND: GET /session/0ed3e58e6e3cd5417bd3b3f225d9af79/screenshot - {}
RESULT: {"using":"xpath","value":"//table[contains(@id, \"application-ruinventorylist-display-component---Master--tableRuInventoryList-listUl\")]/tbody/tr[1]/td[6]/div/span"}
COMMAND: POST /session/0ed3e58e6e3cd5417bd3b3f225d9af79/execute/sync - {"script":"<script> [56 bytes]","args":[{"element-6066-11e4-a52e-4f735466cecf":"f.52AB194D52E8559853F1D34C601D985B.d.95AF1A35478AF97CCF40CCD6D9996706.e.7253","ELEMENT":"f.52AB194D52E8559853F1D34C601D985B.d.95AF1A35478AF97CCF40CCD6D9996706.e.7253"}]}
RESULT: {}
RESULT: {"script":"<script> [56 bytes]","args":[{"element-6066-11e4-a52e-4f735466cecf":"f.52AB194D52E8559853F1D34C601D985B.d.95AF1A35478AF97CCF40CCD6D9996706.e.7253","ELEMENT":"f.52AB194D52E8559853F1D34C601D985B.d.95AF1A35478AF97CCF40CCD6D9996706.e.7253"}]}
COMMAND: POST /session/0ed3e58e6e3cd5417bd3b3f225d9af79/element - {"using":"xpath","value":"//div[contains(@id, \"smartFilterBar-btnBasicSearch-reset\")]"}
COMMAND: GET /session/0ed3e58e6e3cd5417bd3b3f225d9af79/screenshot - {}
RESULT: {"using":"xpath","value":"//div[contains(@id, \"smartFilterBar-btnBasicSearch-reset\")]"}
COMMAND: POST /session/0ed3e58e6e3cd5417bd3b3f225d9af79/element/f.52AB194D52E8559853F1D34C601D985B.d.95AF1A35478AF97CCF40CCD6D9996706.e.5480/click - {}
RESULT: {}
RESULT: {}
COMMAND: GET /session/0ed3e58e6e3cd5417bd3b3f225d9af79/screenshot - {}
RESULT: {}
RESULT: undefined
COMMAND: POST /session/0ed3e58e6e3cd5417bd3b3f225d9af79/execute/async - {"script":"<script> [776 bytes]","args":[{"enterText":"sFNxVONDe6","selector":{"id":"application-ruinventorylist-display-component---Master--smartFilterBar-btnBasicSearch","interaction":{"idSuffix":"I"}},"clearTextFirst":true,"interactionType":"ENTER_TEXT"}]}
RESULT: {"script":"<script> [776 bytes]","args":[{"enterText":"sFNxVONDe6","selector":{"id":"application-ruinventorylist-display-component---Master--smartFilterBar-btnBasicSearch","interaction":{"idSuffix":"I"}},"clearTextFirst":true,"interactionType":"ENTER_TEXT"}]}
COMMAND: POST /session/0ed3e58e6e3cd5417bd3b3f225d9af79/actions - {"actions":[{"id":"action37","type":"key","parameters":{},"actions":[{"type":"keyDown","value":""},{"type":"pause","duration":10},{"type":"keyUp","value":""}]}]}
RESULT: {"actions":[{"id":"action37","type":"key","parameters":{},"actions":[{"type":"keyDown","value":""},{"type":"pause","duration":10},{"type":"keyUp","value":""}]}]}
COMMAND: GET /session/0ed3e58e6e3cd5417bd3b3f225d9af79/screenshot - {}
RESULT: {}
COMMAND: POST /session/0ed3e58e6e3cd5417bd3b3f225d9af79/element - {"using":"xpath","value":"//span[@id=\"application-ruinventorylist-display-component---Master--smartTableRuInventoryList-header-inner\"]"}
RESULT: {"using":"xpath","value":"//span[@id=\"application-ruinventorylist-display-component---Master--smartTableRuInventoryList-header-inner\"]"}
COMMAND: POST /session/0ed3e58e6e3cd5417bd3b3f225d9af79/elements - {"using":"xpath","value":"//span[@id=\"application-ruinventorylist-display-component---Master--smartTableRuInventoryList-header-inner\"]"}
RESULT: {"using":"xpath","value":"//span[@id=\"application-ruinventorylist-display-component---Master--smartTableRuInventoryList-header-inner\"]"}
COMMAND: POST /session/0ed3e58e6e3cd5417bd3b3f225d9af79/execute/sync - {"script":"<script> [56 bytes]","args":[{"element-6066-11e4-a52e-4f735466cecf":"f.52AB194D52E8559853F1D34C601D985B.d.95AF1A35478AF97CCF40CCD6D9996706.e.5465","ELEMENT":"f.52AB194D52E8559853F1D34C601D985B.d.95AF1A35478AF97CCF40CCD6D9996706.e.5465"}]}
RESULT: {"script":"<script> [56 bytes]","args":[{"element-6066-11e4-a52e-4f735466cecf":"f.52AB194D52E8559853F1D34C601D985B.d.95AF1A35478AF97CCF40CCD6D9996706.e.5465","ELEMENT":"f.52AB194D52E8559853F1D34C601D985B.d.95AF1A35478AF97CCF40CCD6D9996706.e.5465"}]}
COMMAND: POST /session/0ed3e58e6e3cd5417bd3b3f225d9af79/element - {"using":"xpath","value":"//table[contains(@id, \"application-ruinventorylist-display-component---Master--tableRuInventoryList-listUl\")]/tbody/tr[1]/td[6]/div/span"}
COMMAND: GET /session/0ed3e58e6e3cd5417bd3b3f225d9af79/screenshot - {}
RESULT: {"using":"xpath","value":"//table[contains(@id, \"application-ruinventorylist-display-component---Master--tableRuInventoryList-listUl\")]/tbody/tr[1]/td[6]/div/span"}
COMMAND: POST /session/0ed3e58e6e3cd5417bd3b3f225d9af79/execute/sync - {"script":"<script> [56 bytes]","args":[{"element-6066-11e4-a52e-4f735466cecf":"f.52AB194D52E8559853F1D34C601D985B.d.95AF1A35478AF97CCF40CCD6D9996706.e.7332","ELEMENT":"f.52AB194D52E8559853F1D34C601D985B.d.95AF1A35478AF97CCF40CCD6D9996706.e.7332"}]}
RESULT: {}
RESULT: {"script":"<script> [56 bytes]","args":[{"element-6066-11e4-a52e-4f735466cecf":"f.52AB194D52E8559853F1D34C601D985B.d.95AF1A35478AF97CCF40CCD6D9996706.e.7332","ELEMENT":"f.52AB194D52E8559853F1D34C601D985B.d.95AF1A35478AF97CCF40CCD6D9996706.e.7332"}]}
COMMAND: POST /session/0ed3e58e6e3cd5417bd3b3f225d9af79/element - {"using":"xpath","value":"//div[contains(@id, \"smartFilterBar-btnBasicSearch-reset\")]"}
COMMAND: GET /session/0ed3e58e6e3cd5417bd3b3f225d9af79/screenshot - {}
RESULT: {"using":"xpath","value":"//div[contains(@id, \"smartFilterBar-btnBasicSearch-reset\")]"}
COMMAND: POST /session/0ed3e58e6e3cd5417bd3b3f225d9af79/element/f.52AB194D52E8559853F1D34C601D985B.d.95AF1A35478AF97CCF40CCD6D9996706.e.5480/click - {}
RESULT: {}
RESULT: {}
COMMAND: GET /session/0ed3e58e6e3cd5417bd3b3f225d9af79/screenshot - {}
RESULT: {}
RESULT: undefined
COMMAND: POST /session/0ed3e58e6e3cd5417bd3b3f225d9af79/execute/async - {"script":"<script> [776 bytes]","args":[{"enterText":"200090","selector":{"id":"application-ruinventorylist-display-component---Master--smartFilterBar-btnBasicSearch","interaction":{"idSuffix":"I"}},"clearTextFirst":true,"interactionType":"ENTER_TEXT"}]}
RESULT: {"script":"<script> [776 bytes]","args":[{"enterText":"200090","selector":{"id":"application-ruinventorylist-display-component---Master--smartFilterBar-btnBasicSearch","interaction":{"idSuffix":"I"}},"clearTextFirst":true,"interactionType":"ENTER_TEXT"}]}
COMMAND: POST /session/0ed3e58e6e3cd5417bd3b3f225d9af79/actions - {"actions":[{"id":"action38","type":"key","parameters":{},"actions":[{"type":"keyDown","value":""},{"type":"pause","duration":10},{"type":"keyUp","value":""}]}]}
RESULT: {"actions":[{"id":"action38","type":"key","parameters":{},"actions":[{"type":"keyDown","value":""},{"type":"pause","duration":10},{"type":"keyUp","value":""}]}]}
COMMAND: GET /session/0ed3e58e6e3cd5417bd3b3f225d9af79/screenshot - {}
RESULT: {}
COMMAND: POST /session/0ed3e58e6e3cd5417bd3b3f225d9af79/element - {"using":"xpath","value":"//span[@id=\"application-ruinventorylist-display-component---Master--smartTableRuInventoryList-header-inner\"]"}
RESULT: {"using":"xpath","value":"//span[@id=\"application-ruinventorylist-display-component---Master--smartTableRuInventoryList-header-inner\"]"}
COMMAND: POST /session/0ed3e58e6e3cd5417bd3b3f225d9af79/elements - {"using":"xpath","value":"//span[@id=\"application-ruinventorylist-display-component---Master--smartTableRuInventoryList-header-inner\"]"}
RESULT: {"using":"xpath","value":"//span[@id=\"application-ruinventorylist-display-component---Master--smartTableRuInventoryList-header-inner\"]"}
COMMAND: POST /session/0ed3e58e6e3cd5417bd3b3f225d9af79/execute/sync - {"script":"<script> [56 bytes]","args":[{"element-6066-11e4-a52e-4f735466cecf":"f.52AB194D52E8559853F1D34C601D985B.d.95AF1A35478AF97CCF40CCD6D9996706.e.5465","ELEMENT":"f.52AB194D52E8559853F1D34C601D985B.d.95AF1A35478AF97CCF40CCD6D9996706.e.5465"}]}
RESULT: {"script":"<script> [56 bytes]","args":[{"element-6066-11e4-a52e-4f735466cecf":"f.52AB194D52E8559853F1D34C601D985B.d.95AF1A35478AF97CCF40CCD6D9996706.e.5465","ELEMENT":"f.52AB194D52E8559853F1D34C601D985B.d.95AF1A35478AF97CCF40CCD6D9996706.e.5465"}]}
COMMAND: POST /session/0ed3e58e6e3cd5417bd3b3f225d9af79/element - {"using":"xpath","value":"//table[contains(@id, \"application-ruinventorylist-display-component---Master--tableRuInventoryList-listUl\")]/tbody/tr[1]/td[6]/div/span"}
COMMAND: GET /session/0ed3e58e6e3cd5417bd3b3f225d9af79/screenshot - {}
RESULT: {"using":"xpath","value":"//table[contains(@id, \"application-ruinventorylist-display-component---Master--tableRuInventoryList-listUl\")]/tbody/tr[1]/td[6]/div/span"}
COMMAND: POST /session/0ed3e58e6e3cd5417bd3b3f225d9af79/execute/sync - {"script":"<script> [56 bytes]","args":[{"element-6066-11e4-a52e-4f735466cecf":"f.52AB194D52E8559853F1D34C601D985B.d.95AF1A35478AF97CCF40CCD6D9996706.e.7408","ELEMENT":"f.52AB194D52E8559853F1D34C601D985B.d.95AF1A35478AF97CCF40CCD6D9996706.e.7408"}]}
RESULT: {}
RESULT: {"script":"<script> [56 bytes]","args":[{"element-6066-11e4-a52e-4f735466cecf":"f.52AB194D52E8559853F1D34C601D985B.d.95AF1A35478AF97CCF40CCD6D9996706.e.7408","ELEMENT":"f.52AB194D52E8559853F1D34C601D985B.d.95AF1A35478AF97CCF40CCD6D9996706.e.7408"}]}
COMMAND: POST /session/0ed3e58e6e3cd5417bd3b3f225d9af79/element - {"using":"xpath","value":"//div[contains(@id, \"smartFilterBar-btnBasicSearch-reset\")]"}
COMMAND: GET /session/0ed3e58e6e3cd5417bd3b3f225d9af79/screenshot - {}
RESULT: {"using":"xpath","value":"//div[contains(@id, \"smartFilterBar-btnBasicSearch-reset\")]"}
COMMAND: POST /session/0ed3e58e6e3cd5417bd3b3f225d9af79/element/f.52AB194D52E8559853F1D34C601D985B.d.95AF1A35478AF97CCF40CCD6D9996706.e.5480/click - {}
RESULT: {}
RESULT: {}
COMMAND: GET /session/0ed3e58e6e3cd5417bd3b3f225d9af79/screenshot - {}
RESULT: {}
COMMAND: POST /session/0ed3e58e6e3cd5417bd3b3f225d9af79/element - {"using":"css selector","value":"#shell-header-logo"}
RESULT: {"using":"css selector","value":"#shell-header-logo"}
COMMAND: POST /session/0ed3e58e6e3cd5417bd3b3f225d9af79/element/f.52AB194D52E8559853F1D34C601D985B.d.95AF1A35478AF97CCF40CCD6D9996706.e.4978/click - {}
RESULT: {}
COMMAND: GET /session/0ed3e58e6e3cd5417bd3b3f225d9af79/screenshot - {}
RESULT: {}
COMMAND: DELETE /session/0ed3e58e6e3cd5417bd3b3f225d9af79 - {}
RESULT: {}
]]></system-out>
    </testcase>
  </testsuite>
</testsuites>