<?xml version="1.0" encoding="UTF-8"?>
<testsuites tests="21" failures="1" errors="1" skipped="0">
  <testsuite timestamp="2025-05-27T17:05:00" time="416.72" tests="3" failures="1" errors="1" skipped="0">
    <properties>
      <property name="specId" value="0"/>
      <property name="suiteName" value="Create condition pricing US117289 US134625"/>
      <property name="capabilities" value="chrome.136_0_7103_93.windows"/>
      <property name="file" value="file:///D:/a/1/s/test/specs/BTS/create-condition-pricing.spec.js"/>
    </properties>
    <testcase classname="chrome.136_0_7103_93.windows.Create_condition_pricing_US117289_US134625" name="Should create a new yard used for all following tests" time="140.475">
      <system-out><![CDATA[
COMMAND: POST /session/457e17a5ac387caa92e8fd77ed96fa85/window/fullscreen - {}
RESULT: {}
COMMAND: POST /session/457e17a5ac387caa92e8fd77ed96fa85/execute/async - {"script":"<script> [1562 bytes]","args":[{"selector":{"controlType":"sap.m.GenericTile","properties":{"header":"Manage Yards"}},"wdio_ui5_key":"sapm.GenericTile{\"header\":\"Manage Yards\"}"}]}
RESULT: {"script":"<script> [1562 bytes]","args":[{"selector":{"controlType":"sap.m.GenericTile","properties":{"header":"Manage Yards"}},"wdio_ui5_key":"sapm.GenericTile{\"header\":\"Manage Yards\"}"}]}
RESULT: undefined
COMMAND: POST /session/457e17a5ac387caa92e8fd77ed96fa85/element - {"using":"xpath","value":"//*[@id=\"__tile41\"]"}
RESULT: {"using":"xpath","value":"//*[@id=\"__tile41\"]"}
COMMAND: POST /session/457e17a5ac387caa92e8fd77ed96fa85/element/f.926BFD6822BE6588C43F56A434E828F6.d.7F10ED658041E6692D8433F1FDF3E614.e.152/click - {}
RESULT: {}
COMMAND: GET /session/457e17a5ac387caa92e8fd77ed96fa85/screenshot - {}
RESULT: {}
COMMAND: POST /session/457e17a5ac387caa92e8fd77ed96fa85/elements - {"using":"xpath","value":"//span[text()='Error']"}
RESULT: {"using":"xpath","value":"//span[text()='Error']"}
COMMAND: POST /session/457e17a5ac387caa92e8fd77ed96fa85/element - {"using":"xpath","value":"//button[@data-kt=\"addNewYardOverflowToolbarButton\"]"}
RESULT: {"using":"xpath","value":"//button[@data-kt=\"addNewYardOverflowToolbarButton\"]"}
COMMAND: POST /session/457e17a5ac387caa92e8fd77ed96fa85/elements - {"using":"xpath","value":"//button[@data-kt=\"addNewYardOverflowToolbarButton\"]"}
RESULT: {"using":"xpath","value":"//button[@data-kt=\"addNewYardOverflowToolbarButton\"]"}
COMMAND: POST /session/457e17a5ac387caa92e8fd77ed96fa85/elements - {"using":"xpath","value":"//button[@data-kt=\"addNewYardOverflowToolbarButton\"]"}
RESULT: {"using":"xpath","value":"//button[@data-kt=\"addNewYardOverflowToolbarButton\"]"}
COMMAND: POST /session/457e17a5ac387caa92e8fd77ed96fa85/elements - {"using":"xpath","value":"//button[@data-kt=\"addNewYardOverflowToolbarButton\"]"}
RESULT: {"using":"xpath","value":"//button[@data-kt=\"addNewYardOverflowToolbarButton\"]"}
COMMAND: POST /session/457e17a5ac387caa92e8fd77ed96fa85/elements - {"using":"xpath","value":"//button[@data-kt=\"addNewYardOverflowToolbarButton\"]"}
RESULT: {"using":"xpath","value":"//button[@data-kt=\"addNewYardOverflowToolbarButton\"]"}
COMMAND: POST /session/457e17a5ac387caa92e8fd77ed96fa85/elements - {"using":"xpath","value":"//button[@data-kt=\"addNewYardOverflowToolbarButton\"]"}
RESULT: {"using":"xpath","value":"//button[@data-kt=\"addNewYardOverflowToolbarButton\"]"}
COMMAND: POST /session/457e17a5ac387caa92e8fd77ed96fa85/elements - {"using":"xpath","value":"//button[@data-kt=\"addNewYardOverflowToolbarButton\"]"}
RESULT: {"using":"xpath","value":"//button[@data-kt=\"addNewYardOverflowToolbarButton\"]"}
COMMAND: POST /session/457e17a5ac387caa92e8fd77ed96fa85/elements - {"using":"xpath","value":"//button[@data-kt=\"addNewYardOverflowToolbarButton\"]"}
RESULT: {"using":"xpath","value":"//button[@data-kt=\"addNewYardOverflowToolbarButton\"]"}
COMMAND: POST /session/457e17a5ac387caa92e8fd77ed96fa85/elements - {"using":"xpath","value":"//button[@data-kt=\"addNewYardOverflowToolbarButton\"]"}
RESULT: {"using":"xpath","value":"//button[@data-kt=\"addNewYardOverflowToolbarButton\"]"}
COMMAND: POST /session/457e17a5ac387caa92e8fd77ed96fa85/elements - {"using":"xpath","value":"//button[@data-kt=\"addNewYardOverflowToolbarButton\"]"}
RESULT: {"using":"xpath","value":"//button[@data-kt=\"addNewYardOverflowToolbarButton\"]"}
COMMAND: POST /session/457e17a5ac387caa92e8fd77ed96fa85/element - {"using":"xpath","value":"//button[@data-kt=\"addNewYardOverflowToolbarButton\"]"}
RESULT: {"using":"xpath","value":"//button[@data-kt=\"addNewYardOverflowToolbarButton\"]"}
COMMAND: POST /session/457e17a5ac387caa92e8fd77ed96fa85/execute/sync - {"script":"<script> [8489 bytes]","args":[{"element-6066-11e4-a52e-4f735466cecf":"f.926BFD6822BE6588C43F56A434E828F6.d.7F10ED658041E6692D8433F1FDF3E614.e.283","ELEMENT":"f.926BFD6822BE6588C43F56A434E828F6.d.7F10ED658041E6692D8433F1FDF3E614.e.283"}]}
RESULT: {"script":"<script> [8489 bytes]","args":[{"element-6066-11e4-a52e-4f735466cecf":"f.926BFD6822BE6588C43F56A434E828F6.d.7F10ED658041E6692D8433F1FDF3E614.e.283","ELEMENT":"f.926BFD6822BE6588C43F56A434E828F6.d.7F10ED658041E6692D8433F1FDF3E614.e.283"}]}
COMMAND: GET /session/457e17a5ac387caa92e8fd77ed96fa85/element/f.926BFD6822BE6588C43F56A434E828F6.d.7F10ED658041E6692D8433F1FDF3E614.e.283/enabled - {}
COMMAND: GET /session/457e17a5ac387caa92e8fd77ed96fa85/screenshot - {}
RESULT: {}
COMMAND: POST /session/457e17a5ac387caa92e8fd77ed96fa85/execute/sync - {"script":"<script> [8489 bytes]","args":[{"element-6066-11e4-a52e-4f735466cecf":"f.926BFD6822BE6588C43F56A434E828F6.d.7F10ED658041E6692D8433F1FDF3E614.e.283","ELEMENT":"f.926BFD6822BE6588C43F56A434E828F6.d.7F10ED658041E6692D8433F1FDF3E614.e.283"}]}
COMMAND: GET /session/457e17a5ac387caa92e8fd77ed96fa85/screenshot - {}
RESULT: {}
RESULT: {"script":"<script> [8489 bytes]","args":[{"element-6066-11e4-a52e-4f735466cecf":"f.926BFD6822BE6588C43F56A434E828F6.d.7F10ED658041E6692D8433F1FDF3E614.e.283","ELEMENT":"f.926BFD6822BE6588C43F56A434E828F6.d.7F10ED658041E6692D8433F1FDF3E614.e.283"}]}
COMMAND: POST /session/457e17a5ac387caa92e8fd77ed96fa85/execute/sync - {"script":"<script> [5351 bytes]","args":[{"element-6066-11e4-a52e-4f735466cecf":"f.926BFD6822BE6588C43F56A434E828F6.d.7F10ED658041E6692D8433F1FDF3E614.e.283","ELEMENT":"f.926BFD6822BE6588C43F56A434E828F6.d.7F10ED658041E6692D8433F1FDF3E614.e.283"}]}
COMMAND: GET /session/457e17a5ac387caa92e8fd77ed96fa85/screenshot - {}
RESULT: {}
RESULT: {"script":"<script> [5351 bytes]","args":[{"element-6066-11e4-a52e-4f735466cecf":"f.926BFD6822BE6588C43F56A434E828F6.d.7F10ED658041E6692D8433F1FDF3E614.e.283","ELEMENT":"f.926BFD6822BE6588C43F56A434E828F6.d.7F10ED658041E6692D8433F1FDF3E614.e.283"}]}
COMMAND: POST /session/457e17a5ac387caa92e8fd77ed96fa85/element/f.926BFD6822BE6588C43F56A434E828F6.d.7F10ED658041E6692D8433F1FDF3E614.e.283/click - {}
COMMAND: GET /session/457e17a5ac387caa92e8fd77ed96fa85/screenshot - {}
RESULT: {}
RESULT: {}
COMMAND: GET /session/457e17a5ac387caa92e8fd77ed96fa85/screenshot - {}
COMMAND: POST /session/457e17a5ac387caa92e8fd77ed96fa85/element - {"using":"xpath","value":"//input[@id=\"application-manageyards-display-component---NewYard--yardId-inner\"]"}
RESULT: {}
RESULT: {}
RESULT: {"using":"xpath","value":"//input[@id=\"application-manageyards-display-component---NewYard--yardId-inner\"]"}
COMMAND: POST /session/457e17a5ac387caa92e8fd77ed96fa85/element - {"using":"xpath","value":"//input[@id=\"application-manageyards-display-component---NewYard--yardId-inner\"]"}
RESULT: {"using":"xpath","value":"//input[@id=\"application-manageyards-display-component---NewYard--yardId-inner\"]"}
COMMAND: POST /session/457e17a5ac387caa92e8fd77ed96fa85/execute/async - {"script":"<script> [1562 bytes]","args":[{"selector":{"id":"application-manageyards-display-component---NewYard--addressDetailDetailsName1","interaction":{"idSuffix":"inner"}},"wdio_ui5_key":"applicationmanageyards-display-component---NewYard--addressDetailDetailsName1"}]}
RESULT: {"script":"<script> [1562 bytes]","args":[{"selector":{"id":"application-manageyards-display-component---NewYard--addressDetailDetailsName1","interaction":{"idSuffix":"inner"}},"wdio_ui5_key":"applicationmanageyards-display-component---NewYard--addressDetailDetailsName1"}]}
RESULT: undefined
COMMAND: POST /session/457e17a5ac387caa92e8fd77ed96fa85/execute/async - {"script":"<script> [776 bytes]","args":[{"enterText":"DailyPrice WDIO","selector":{"id":"application-manageyards-display-component---NewYard--addressDetailDetailsName1","interaction":{"idSuffix":"inner"}},"clearTextFirst":true,"interactionType":"ENTER_TEXT"}]}
RESULT: {"script":"<script> [776 bytes]","args":[{"enterText":"DailyPrice WDIO","selector":{"id":"application-manageyards-display-component---NewYard--addressDetailDetailsName1","interaction":{"idSuffix":"inner"}},"clearTextFirst":true,"interactionType":"ENTER_TEXT"}]}
COMMAND: POST /session/457e17a5ac387caa92e8fd77ed96fa85/execute/async - {"script":"<script> [1562 bytes]","args":[{"selector":{"id":"application-manageyards-display-component---NewYard--addressDetailDetailsLanguage-arrow"},"wdio_ui5_key":"applicationmanageyards-display-component---NewYard--addressDetailDetailsLanguage-arrow"}]}
RESULT: {"script":"<script> [1562 bytes]","args":[{"selector":{"id":"application-manageyards-display-component---NewYard--addressDetailDetailsLanguage-arrow"},"wdio_ui5_key":"applicationmanageyards-display-component---NewYard--addressDetailDetailsLanguage-arrow"}]}
RESULT: undefined
COMMAND: POST /session/457e17a5ac387caa92e8fd77ed96fa85/element - {"using":"xpath","value":"//*[@id=\"application-manageyards-display-component---NewYard--addressDetailDetailsLanguage-arrow\"]"}
RESULT: {"using":"xpath","value":"//*[@id=\"application-manageyards-display-component---NewYard--addressDetailDetailsLanguage-arrow\"]"}
COMMAND: POST /session/457e17a5ac387caa92e8fd77ed96fa85/element/f.926BFD6822BE6588C43F56A434E828F6.d.7F10ED658041E6692D8433F1FDF3E614.e.720/click - {}
RESULT: {}
COMMAND: POST /session/457e17a5ac387caa92e8fd77ed96fa85/element - {"using":"xpath","value":"//span[contains(text(), \"English\")]"}
COMMAND: GET /session/457e17a5ac387caa92e8fd77ed96fa85/screenshot - {}
RESULT: {"using":"xpath","value":"//span[contains(text(), \"English\")]"}
COMMAND: POST /session/457e17a5ac387caa92e8fd77ed96fa85/element/f.926BFD6822BE6588C43F56A434E828F6.d.7F10ED658041E6692D8433F1FDF3E614.e.721/click - {}
RESULT: {}
RESULT: {}
COMMAND: POST /session/457e17a5ac387caa92e8fd77ed96fa85/execute/async - {"script":"<script> [1562 bytes]","args":[{"selector":{"id":"application-manageyards-display-component---NewYard--addressDetailDetailsCity1","interaction":{"idSuffix":"inner"}},"wdio_ui5_key":"applicationmanageyards-display-component---NewYard--addressDetailDetailsCity1"}]}
COMMAND: GET /session/457e17a5ac387caa92e8fd77ed96fa85/screenshot - {}
RESULT: {"script":"<script> [1562 bytes]","args":[{"selector":{"id":"application-manageyards-display-component---NewYard--addressDetailDetailsCity1","interaction":{"idSuffix":"inner"}},"wdio_ui5_key":"applicationmanageyards-display-component---NewYard--addressDetailDetailsCity1"}]}
RESULT: undefined
COMMAND: POST /session/457e17a5ac387caa92e8fd77ed96fa85/execute/async - {"script":"<script> [776 bytes]","args":[{"enterText":"Rosario","selector":{"id":"application-manageyards-display-component---NewYard--addressDetailDetailsCity1","interaction":{"idSuffix":"inner"}},"clearTextFirst":true,"interactionType":"ENTER_TEXT"}]}
RESULT: {}
RESULT: {"script":"<script> [776 bytes]","args":[{"enterText":"Rosario","selector":{"id":"application-manageyards-display-component---NewYard--addressDetailDetailsCity1","interaction":{"idSuffix":"inner"}},"clearTextFirst":true,"interactionType":"ENTER_TEXT"}]}
COMMAND: POST /session/457e17a5ac387caa92e8fd77ed96fa85/execute/async - {"script":"<script> [1562 bytes]","args":[{"selector":{"id":"application-manageyards-display-component---NewYard--addressDetailDetailsCountry-arrow"},"wdio_ui5_key":"applicationmanageyards-display-component---NewYard--addressDetailDetailsCountry-arrow"}]}
RESULT: {"script":"<script> [1562 bytes]","args":[{"selector":{"id":"application-manageyards-display-component---NewYard--addressDetailDetailsCountry-arrow"},"wdio_ui5_key":"applicationmanageyards-display-component---NewYard--addressDetailDetailsCountry-arrow"}]}
RESULT: undefined
COMMAND: POST /session/457e17a5ac387caa92e8fd77ed96fa85/element - {"using":"xpath","value":"//*[@id=\"application-manageyards-display-component---NewYard--addressDetailDetailsCountry-arrow\"]"}
RESULT: {"using":"xpath","value":"//*[@id=\"application-manageyards-display-component---NewYard--addressDetailDetailsCountry-arrow\"]"}
COMMAND: POST /session/457e17a5ac387caa92e8fd77ed96fa85/element/f.926BFD6822BE6588C43F56A434E828F6.d.7F10ED658041E6692D8433F1FDF3E614.e.723/click - {}
RESULT: {}
COMMAND: POST /session/457e17a5ac387caa92e8fd77ed96fa85/element - {"using":"xpath","value":"//span[contains(text(), \"Argentina\")]"}
COMMAND: GET /session/457e17a5ac387caa92e8fd77ed96fa85/screenshot - {}
RESULT: {"using":"xpath","value":"//span[contains(text(), \"Argentina\")]"}
COMMAND: POST /session/457e17a5ac387caa92e8fd77ed96fa85/element/f.926BFD6822BE6588C43F56A434E828F6.d.7F10ED658041E6692D8433F1FDF3E614.e.725/click - {}
RESULT: {}
RESULT: {}
COMMAND: POST /session/457e17a5ac387caa92e8fd77ed96fa85/execute/async - {"script":"<script> [1562 bytes]","args":[{"selector":{"id":"application-manageyards-display-component---NewYard--addressEditDetailsCostObjectCstType-arrow"},"wdio_ui5_key":"applicationmanageyards-display-component---NewYard--addressEditDetailsCostObjectCstType-arrow"}]}
COMMAND: GET /session/457e17a5ac387caa92e8fd77ed96fa85/screenshot - {}
RESULT: {"script":"<script> [1562 bytes]","args":[{"selector":{"id":"application-manageyards-display-component---NewYard--addressEditDetailsCostObjectCstType-arrow"},"wdio_ui5_key":"applicationmanageyards-display-component---NewYard--addressEditDetailsCostObjectCstType-arrow"}]}
RESULT: undefined
COMMAND: POST /session/457e17a5ac387caa92e8fd77ed96fa85/element - {"using":"xpath","value":"//*[@id=\"application-manageyards-display-component---NewYard--addressEditDetailsCostObjectCstType-arrow\"]"}
RESULT: {}
RESULT: {"using":"xpath","value":"//*[@id=\"application-manageyards-display-component---NewYard--addressEditDetailsCostObjectCstType-arrow\"]"}
COMMAND: POST /session/457e17a5ac387caa92e8fd77ed96fa85/element/f.926BFD6822BE6588C43F56A434E828F6.d.7F10ED658041E6692D8433F1FDF3E614.e.726/click - {}
RESULT: {}
COMMAND: POST /session/457e17a5ac387caa92e8fd77ed96fa85/element - {"using":"xpath","value":"//span[contains(text(), \"Cost Center\")]"}
COMMAND: GET /session/457e17a5ac387caa92e8fd77ed96fa85/screenshot - {}
RESULT: {"using":"xpath","value":"//span[contains(text(), \"Cost Center\")]"}
COMMAND: POST /session/457e17a5ac387caa92e8fd77ed96fa85/element/f.926BFD6822BE6588C43F56A434E828F6.d.7F10ED658041E6692D8433F1FDF3E614.e.727/click - {}
RESULT: {}
RESULT: {}
COMMAND: GET /session/457e17a5ac387caa92e8fd77ed96fa85/screenshot - {}
RESULT: {}
COMMAND: POST /session/457e17a5ac387caa92e8fd77ed96fa85/element - {"using":"xpath","value":"//span[@id=\"application-manageyards-display-component---NewYard--addressNewCostObjectCstID-vhi\"]"}
RESULT: {"using":"xpath","value":"//span[@id=\"application-manageyards-display-component---NewYard--addressNewCostObjectCstID-vhi\"]"}
COMMAND: POST /session/457e17a5ac387caa92e8fd77ed96fa85/execute/sync - {"script":"<script> [8489 bytes]","args":[{"element-6066-11e4-a52e-4f735466cecf":"f.926BFD6822BE6588C43F56A434E828F6.d.7F10ED658041E6692D8433F1FDF3E614.e.731","ELEMENT":"f.926BFD6822BE6588C43F56A434E828F6.d.7F10ED658041E6692D8433F1FDF3E614.e.731"}]}
RESULT: {"script":"<script> [8489 bytes]","args":[{"element-6066-11e4-a52e-4f735466cecf":"f.926BFD6822BE6588C43F56A434E828F6.d.7F10ED658041E6692D8433F1FDF3E614.e.731","ELEMENT":"f.926BFD6822BE6588C43F56A434E828F6.d.7F10ED658041E6692D8433F1FDF3E614.e.731"}]}
COMMAND: POST /session/457e17a5ac387caa92e8fd77ed96fa85/execute/async - {"script":"<script> [1562 bytes]","args":[{"selector":{"id":"application-manageyards-display-component---NewYard--addressNewCostObjectCstID-vhi"},"wdio_ui5_key":"applicationmanageyards-display-component---NewYard--addressNewCostObjectCstID-vhi"}]}
COMMAND: GET /session/457e17a5ac387caa92e8fd77ed96fa85/screenshot - {}
RESULT: {"script":"<script> [1562 bytes]","args":[{"selector":{"id":"application-manageyards-display-component---NewYard--addressNewCostObjectCstID-vhi"},"wdio_ui5_key":"applicationmanageyards-display-component---NewYard--addressNewCostObjectCstID-vhi"}]}
RESULT: undefined
COMMAND: POST /session/457e17a5ac387caa92e8fd77ed96fa85/element - {"using":"xpath","value":"//*[@id=\"application-manageyards-display-component---NewYard--addressNewCostObjectCstID-vhi\"]"}
RESULT: {}
RESULT: {"using":"xpath","value":"//*[@id=\"application-manageyards-display-component---NewYard--addressNewCostObjectCstID-vhi\"]"}
COMMAND: POST /session/457e17a5ac387caa92e8fd77ed96fa85/element/f.926BFD6822BE6588C43F56A434E828F6.d.7F10ED658041E6692D8433F1FDF3E614.e.731/click - {}
RESULT: {}
COMMAND: GET /session/457e17a5ac387caa92e8fd77ed96fa85/screenshot - {}
RESULT: {}
COMMAND: POST /session/457e17a5ac387caa92e8fd77ed96fa85/execute/async - {"script":"<script> [1562 bytes]","args":[{"selector":{"controlType":"sap.m.SearchField","properties":{"placeholder":"Search"},"searchOpenDialogs":true,"interaction":{"idSuffix":"I"}},"wdio_ui5_key":"sapm.SearchField{\"placeholder\":\"Search\"}"}]}
RESULT: {"script":"<script> [1562 bytes]","args":[{"selector":{"controlType":"sap.m.SearchField","properties":{"placeholder":"Search"},"searchOpenDialogs":true,"interaction":{"idSuffix":"I"}},"wdio_ui5_key":"sapm.SearchField{\"placeholder\":\"Search\"}"}]}
RESULT: undefined
COMMAND: POST /session/457e17a5ac387caa92e8fd77ed96fa85/execute/async - {"script":"<script> [776 bytes]","args":[{"enterText":"bauh_b","selector":{"controlType":"sap.m.SearchField","properties":{"placeholder":"Search"},"searchOpenDialogs":true,"interaction":{"idSuffix":"I"}},"clearTextFirst":true,"interactionType":"ENTER_TEXT"}]}
RESULT: {"script":"<script> [776 bytes]","args":[{"enterText":"bauh_b","selector":{"controlType":"sap.m.SearchField","properties":{"placeholder":"Search"},"searchOpenDialogs":true,"interaction":{"idSuffix":"I"}},"clearTextFirst":true,"interactionType":"ENTER_TEXT"}]}
COMMAND: POST /session/457e17a5ac387caa92e8fd77ed96fa85/actions - {"actions":[{"id":"action1","type":"key","parameters":{},"actions":[{"type":"keyDown","value":""},{"type":"pause","duration":10},{"type":"keyUp","value":""}]}]}
RESULT: {"actions":[{"id":"action1","type":"key","parameters":{},"actions":[{"type":"keyDown","value":""},{"type":"pause","duration":10},{"type":"keyUp","value":""}]}]}
COMMAND: GET /session/457e17a5ac387caa92e8fd77ed96fa85/screenshot - {}
RESULT: {}
COMMAND: POST /session/457e17a5ac387caa92e8fd77ed96fa85/element - {"using":"xpath","value":"//span[contains(text(), \"Demo Yard\")]"}
RESULT: {"using":"xpath","value":"//span[contains(text(), \"Demo Yard\")]"}
COMMAND: POST /session/457e17a5ac387caa92e8fd77ed96fa85/element/f.926BFD6822BE6588C43F56A434E828F6.d.7F10ED658041E6692D8433F1FDF3E614.e.773/click - {}
RESULT: {}
COMMAND: GET /session/457e17a5ac387caa92e8fd77ed96fa85/screenshot - {}
RESULT: {}
COMMAND: POST /session/457e17a5ac387caa92e8fd77ed96fa85/element - {"using":"xpath","value":"//bdi[contains(text(), \"OK\")]"}
RESULT: {"using":"xpath","value":"//bdi[contains(text(), \"OK\")]"}
COMMAND: POST /session/457e17a5ac387caa92e8fd77ed96fa85/element/f.926BFD6822BE6588C43F56A434E828F6.d.7F10ED658041E6692D8433F1FDF3E614.e.774/click - {}
RESULT: {}
COMMAND: GET /session/457e17a5ac387caa92e8fd77ed96fa85/screenshot - {}
RESULT: {}
COMMAND: POST /session/457e17a5ac387caa92e8fd77ed96fa85/execute/async - {"script":"<script> [1562 bytes]","args":[{"selector":{"id":"application-manageyards-display-component---NewYard--addressEditDetailsCurrency-arrow"},"wdio_ui5_key":"applicationmanageyards-display-component---NewYard--addressEditDetailsCurrency-arrow"}]}
RESULT: {"script":"<script> [1562 bytes]","args":[{"selector":{"id":"application-manageyards-display-component---NewYard--addressEditDetailsCurrency-arrow"},"wdio_ui5_key":"applicationmanageyards-display-component---NewYard--addressEditDetailsCurrency-arrow"}]}
RESULT: undefined
COMMAND: POST /session/457e17a5ac387caa92e8fd77ed96fa85/element - {"using":"xpath","value":"//*[@id=\"application-manageyards-display-component---NewYard--addressEditDetailsCurrency-arrow\"]"}
RESULT: {"using":"xpath","value":"//*[@id=\"application-manageyards-display-component---NewYard--addressEditDetailsCurrency-arrow\"]"}
COMMAND: POST /session/457e17a5ac387caa92e8fd77ed96fa85/element/f.926BFD6822BE6588C43F56A434E828F6.d.7F10ED658041E6692D8433F1FDF3E614.e.777/click - {}
RESULT: {}
COMMAND: POST /session/457e17a5ac387caa92e8fd77ed96fa85/element - {"using":"xpath","value":"//span[contains(text(), \"Euro\")]"}
COMMAND: GET /session/457e17a5ac387caa92e8fd77ed96fa85/screenshot - {}
RESULT: {"using":"xpath","value":"//span[contains(text(), \"Euro\")]"}
COMMAND: POST /session/457e17a5ac387caa92e8fd77ed96fa85/element/f.926BFD6822BE6588C43F56A434E828F6.d.7F10ED658041E6692D8433F1FDF3E614.e.778/click - {}
RESULT: {}
RESULT: {}
COMMAND: POST /session/457e17a5ac387caa92e8fd77ed96fa85/execute/async - {"script":"<script> [1562 bytes]","args":[{"selector":{"controlType":"sap.m.Input","viewName":"etm.portal.ui.manageyards.view.New","viewId":"application-manageyards-display-component---NewYard","bindingPath":{"path":"","propertyPath":"/CONTROLLING_AREA","modelName":"NewYardModel"},"interaction":{"idSuffix":"inner"}},"wdio_ui5_key":"etmportal.ui.manageyards.view.Newsap.m.Input{\"path\":\"\",\"propertyPath\":\"/CONTROLLING_AREA\",\"modelName\":\"NewYardModel\"}"}]}
COMMAND: GET /session/457e17a5ac387caa92e8fd77ed96fa85/screenshot - {}
RESULT: {"script":"<script> [1562 bytes]","args":[{"selector":{"controlType":"sap.m.Input","viewName":"etm.portal.ui.manageyards.view.New","viewId":"application-manageyards-display-component---NewYard","bindingPath":{"path":"","propertyPath":"/CONTROLLING_AREA","modelName":"NewYardModel"},"interaction":{"idSuffix":"inner"}},"wdio_ui5_key":"etmportal.ui.manageyards.view.Newsap.m.Input{\"path\":\"\",\"propertyPath\":\"/CONTROLLING_AREA\",\"modelName\":\"NewYardModel\"}"}]}
RESULT: undefined
COMMAND: POST /session/457e17a5ac387caa92e8fd77ed96fa85/execute/async - {"script":"<script> [776 bytes]","args":[{"enterText":"Z001","selector":{"controlType":"sap.m.Input","viewName":"etm.portal.ui.manageyards.view.New","viewId":"application-manageyards-display-component---NewYard","bindingPath":{"path":"","propertyPath":"/CONTROLLING_AREA","modelName":"NewYardModel"},"interaction":{"idSuffix":"inner"}},"clearTextFirst":true,"interactionType":"ENTER_TEXT"}]}
RESULT: {}
RESULT: {"script":"<script> [776 bytes]","args":[{"enterText":"Z001","selector":{"controlType":"sap.m.Input","viewName":"etm.portal.ui.manageyards.view.New","viewId":"application-manageyards-display-component---NewYard","bindingPath":{"path":"","propertyPath":"/CONTROLLING_AREA","modelName":"NewYardModel"},"interaction":{"idSuffix":"inner"}},"clearTextFirst":true,"interactionType":"ENTER_TEXT"}]}
COMMAND: POST /session/457e17a5ac387caa92e8fd77ed96fa85/execute/async - {"script":"<script> [1562 bytes]","args":[{"selector":{"id":"application-manageyards-display-component---NewYard--companyCodeComboBox","interaction":{"idSuffix":"inner"}},"wdio_ui5_key":"applicationmanageyards-display-component---NewYard--companyCodeComboBox"}]}
RESULT: {"script":"<script> [1562 bytes]","args":[{"selector":{"id":"application-manageyards-display-component---NewYard--companyCodeComboBox","interaction":{"idSuffix":"inner"}},"wdio_ui5_key":"applicationmanageyards-display-component---NewYard--companyCodeComboBox"}]}
RESULT: undefined
COMMAND: POST /session/457e17a5ac387caa92e8fd77ed96fa85/execute/async - {"script":"<script> [776 bytes]","args":[{"enterText":"1000","selector":{"id":"application-manageyards-display-component---NewYard--companyCodeComboBox","interaction":{"idSuffix":"inner"}},"clearTextFirst":true,"interactionType":"ENTER_TEXT"}]}
RESULT: {"script":"<script> [776 bytes]","args":[{"enterText":"1000","selector":{"id":"application-manageyards-display-component---NewYard--companyCodeComboBox","interaction":{"idSuffix":"inner"}},"clearTextFirst":true,"interactionType":"ENTER_TEXT"}]}
COMMAND: POST /session/457e17a5ac387caa92e8fd77ed96fa85/execute/async - {"script":"<script> [1562 bytes]","args":[{"selector":{"controlType":"sap.m.Input","viewName":"etm.portal.ui.manageyards.view.New","viewId":"application-manageyards-display-component---NewYard","bindingPath":{"path":"","propertyPath":"/PLANT","modelName":"NewYardModel"},"interaction":{"idSuffix":"inner"}},"wdio_ui5_key":"etmportal.ui.manageyards.view.Newsap.m.Input{\"path\":\"\",\"propertyPath\":\"/PLANT\",\"modelName\":\"NewYardModel\"}"}]}
RESULT: {"script":"<script> [1562 bytes]","args":[{"selector":{"controlType":"sap.m.Input","viewName":"etm.portal.ui.manageyards.view.New","viewId":"application-manageyards-display-component---NewYard","bindingPath":{"path":"","propertyPath":"/PLANT","modelName":"NewYardModel"},"interaction":{"idSuffix":"inner"}},"wdio_ui5_key":"etmportal.ui.manageyards.view.Newsap.m.Input{\"path\":\"\",\"propertyPath\":\"/PLANT\",\"modelName\":\"NewYardModel\"}"}]}
RESULT: undefined
COMMAND: POST /session/457e17a5ac387caa92e8fd77ed96fa85/execute/async - {"script":"<script> [776 bytes]","args":[{"enterText":"1001","selector":{"controlType":"sap.m.Input","viewName":"etm.portal.ui.manageyards.view.New","viewId":"application-manageyards-display-component---NewYard","bindingPath":{"path":"","propertyPath":"/PLANT","modelName":"NewYardModel"},"interaction":{"idSuffix":"inner"}},"clearTextFirst":true,"interactionType":"ENTER_TEXT"}]}
RESULT: {"script":"<script> [776 bytes]","args":[{"enterText":"1001","selector":{"controlType":"sap.m.Input","viewName":"etm.portal.ui.manageyards.view.New","viewId":"application-manageyards-display-component---NewYard","bindingPath":{"path":"","propertyPath":"/PLANT","modelName":"NewYardModel"},"interaction":{"idSuffix":"inner"}},"clearTextFirst":true,"interactionType":"ENTER_TEXT"}]}
COMMAND: POST /session/457e17a5ac387caa92e8fd77ed96fa85/execute/async - {"script":"<script> [1562 bytes]","args":[{"selector":{"controlType":"sap.m.Input","viewName":"etm.portal.ui.manageyards.view.New","viewId":"application-manageyards-display-component---NewYard","bindingPath":{"path":"","propertyPath":"/SALES_AREA_VKORG","modelName":"NewYardModel"},"interaction":{"idSuffix":"inner"}},"wdio_ui5_key":"etmportal.ui.manageyards.view.Newsap.m.Input{\"path\":\"\",\"propertyPath\":\"/SALES_AREA_VKORG\",\"modelName\":\"NewYardModel\"}"}]}
RESULT: {"script":"<script> [1562 bytes]","args":[{"selector":{"controlType":"sap.m.Input","viewName":"etm.portal.ui.manageyards.view.New","viewId":"application-manageyards-display-component---NewYard","bindingPath":{"path":"","propertyPath":"/SALES_AREA_VKORG","modelName":"NewYardModel"},"interaction":{"idSuffix":"inner"}},"wdio_ui5_key":"etmportal.ui.manageyards.view.Newsap.m.Input{\"path\":\"\",\"propertyPath\":\"/SALES_AREA_VKORG\",\"modelName\":\"NewYardModel\"}"}]}
RESULT: undefined
COMMAND: POST /session/457e17a5ac387caa92e8fd77ed96fa85/execute/async - {"script":"<script> [776 bytes]","args":[{"enterText":"C002","selector":{"controlType":"sap.m.Input","viewName":"etm.portal.ui.manageyards.view.New","viewId":"application-manageyards-display-component---NewYard","bindingPath":{"path":"","propertyPath":"/SALES_AREA_VKORG","modelName":"NewYardModel"},"interaction":{"idSuffix":"inner"}},"clearTextFirst":true,"interactionType":"ENTER_TEXT"}]}
RESULT: {"script":"<script> [776 bytes]","args":[{"enterText":"C002","selector":{"controlType":"sap.m.Input","viewName":"etm.portal.ui.manageyards.view.New","viewId":"application-manageyards-display-component---NewYard","bindingPath":{"path":"","propertyPath":"/SALES_AREA_VKORG","modelName":"NewYardModel"},"interaction":{"idSuffix":"inner"}},"clearTextFirst":true,"interactionType":"ENTER_TEXT"}]}
COMMAND: POST /session/457e17a5ac387caa92e8fd77ed96fa85/execute/async - {"script":"<script> [1562 bytes]","args":[{"selector":{"controlType":"sap.m.Input","viewName":"etm.portal.ui.manageyards.view.New","viewId":"application-manageyards-display-component---NewYard","bindingPath":{"path":"","propertyPath":"/SALES_AREA_VTWEG","modelName":"NewYardModel"},"interaction":{"idSuffix":"inner"}},"wdio_ui5_key":"etmportal.ui.manageyards.view.Newsap.m.Input{\"path\":\"\",\"propertyPath\":\"/SALES_AREA_VTWEG\",\"modelName\":\"NewYardModel\"}"}]}
RESULT: {"script":"<script> [1562 bytes]","args":[{"selector":{"controlType":"sap.m.Input","viewName":"etm.portal.ui.manageyards.view.New","viewId":"application-manageyards-display-component---NewYard","bindingPath":{"path":"","propertyPath":"/SALES_AREA_VTWEG","modelName":"NewYardModel"},"interaction":{"idSuffix":"inner"}},"wdio_ui5_key":"etmportal.ui.manageyards.view.Newsap.m.Input{\"path\":\"\",\"propertyPath\":\"/SALES_AREA_VTWEG\",\"modelName\":\"NewYardModel\"}"}]}
RESULT: undefined
COMMAND: POST /session/457e17a5ac387caa92e8fd77ed96fa85/execute/async - {"script":"<script> [776 bytes]","args":[{"enterText":"C2","selector":{"controlType":"sap.m.Input","viewName":"etm.portal.ui.manageyards.view.New","viewId":"application-manageyards-display-component---NewYard","bindingPath":{"path":"","propertyPath":"/SALES_AREA_VTWEG","modelName":"NewYardModel"},"interaction":{"idSuffix":"inner"}},"clearTextFirst":true,"interactionType":"ENTER_TEXT"}]}
RESULT: {"script":"<script> [776 bytes]","args":[{"enterText":"C2","selector":{"controlType":"sap.m.Input","viewName":"etm.portal.ui.manageyards.view.New","viewId":"application-manageyards-display-component---NewYard","bindingPath":{"path":"","propertyPath":"/SALES_AREA_VTWEG","modelName":"NewYardModel"},"interaction":{"idSuffix":"inner"}},"clearTextFirst":true,"interactionType":"ENTER_TEXT"}]}
COMMAND: POST /session/457e17a5ac387caa92e8fd77ed96fa85/execute/async - {"script":"<script> [1562 bytes]","args":[{"selector":{"controlType":"sap.m.Input","viewName":"etm.portal.ui.manageyards.view.New","viewId":"application-manageyards-display-component---NewYard","bindingPath":{"path":"","propertyPath":"/SALES_AREA_SPART","modelName":"NewYardModel"},"interaction":{"idSuffix":"inner"}},"wdio_ui5_key":"etmportal.ui.manageyards.view.Newsap.m.Input{\"path\":\"\",\"propertyPath\":\"/SALES_AREA_SPART\",\"modelName\":\"NewYardModel\"}"}]}
RESULT: {"script":"<script> [1562 bytes]","args":[{"selector":{"controlType":"sap.m.Input","viewName":"etm.portal.ui.manageyards.view.New","viewId":"application-manageyards-display-component---NewYard","bindingPath":{"path":"","propertyPath":"/SALES_AREA_SPART","modelName":"NewYardModel"},"interaction":{"idSuffix":"inner"}},"wdio_ui5_key":"etmportal.ui.manageyards.view.Newsap.m.Input{\"path\":\"\",\"propertyPath\":\"/SALES_AREA_SPART\",\"modelName\":\"NewYardModel\"}"}]}
RESULT: undefined
COMMAND: POST /session/457e17a5ac387caa92e8fd77ed96fa85/execute/async - {"script":"<script> [776 bytes]","args":[{"enterText":"C2","selector":{"controlType":"sap.m.Input","viewName":"etm.portal.ui.manageyards.view.New","viewId":"application-manageyards-display-component---NewYard","bindingPath":{"path":"","propertyPath":"/SALES_AREA_SPART","modelName":"NewYardModel"},"interaction":{"idSuffix":"inner"}},"clearTextFirst":true,"interactionType":"ENTER_TEXT"}]}
RESULT: {"script":"<script> [776 bytes]","args":[{"enterText":"C2","selector":{"controlType":"sap.m.Input","viewName":"etm.portal.ui.manageyards.view.New","viewId":"application-manageyards-display-component---NewYard","bindingPath":{"path":"","propertyPath":"/SALES_AREA_SPART","modelName":"NewYardModel"},"interaction":{"idSuffix":"inner"}},"clearTextFirst":true,"interactionType":"ENTER_TEXT"}]}
COMMAND: POST /session/457e17a5ac387caa92e8fd77ed96fa85/execute/async - {"script":"<script> [1562 bytes]","args":[{"selector":{"controlType":"sap.m.Input","viewName":"etm.portal.ui.manageyards.view.New","viewId":"application-manageyards-display-component---NewYard","bindingPath":{"path":"","propertyPath":"/SHIP_POINT","modelName":"NewYardModel"},"interaction":{"idSuffix":"inner"}},"wdio_ui5_key":"etmportal.ui.manageyards.view.Newsap.m.Input{\"path\":\"\",\"propertyPath\":\"/SHIP_POINT\",\"modelName\":\"NewYardModel\"}"}]}
RESULT: {"script":"<script> [1562 bytes]","args":[{"selector":{"controlType":"sap.m.Input","viewName":"etm.portal.ui.manageyards.view.New","viewId":"application-manageyards-display-component---NewYard","bindingPath":{"path":"","propertyPath":"/SHIP_POINT","modelName":"NewYardModel"},"interaction":{"idSuffix":"inner"}},"wdio_ui5_key":"etmportal.ui.manageyards.view.Newsap.m.Input{\"path\":\"\",\"propertyPath\":\"/SHIP_POINT\",\"modelName\":\"NewYardModel\"}"}]}
RESULT: undefined
COMMAND: POST /session/457e17a5ac387caa92e8fd77ed96fa85/execute/async - {"script":"<script> [776 bytes]","args":[{"enterText":"1710","selector":{"controlType":"sap.m.Input","viewName":"etm.portal.ui.manageyards.view.New","viewId":"application-manageyards-display-component---NewYard","bindingPath":{"path":"","propertyPath":"/SHIP_POINT","modelName":"NewYardModel"},"interaction":{"idSuffix":"inner"}},"clearTextFirst":true,"interactionType":"ENTER_TEXT"}]}
RESULT: {"script":"<script> [776 bytes]","args":[{"enterText":"1710","selector":{"controlType":"sap.m.Input","viewName":"etm.portal.ui.manageyards.view.New","viewId":"application-manageyards-display-component---NewYard","bindingPath":{"path":"","propertyPath":"/SHIP_POINT","modelName":"NewYardModel"},"interaction":{"idSuffix":"inner"}},"clearTextFirst":true,"interactionType":"ENTER_TEXT"}]}
COMMAND: POST /session/457e17a5ac387caa92e8fd77ed96fa85/execute/async - {"script":"<script> [1562 bytes]","args":[{"selector":{"controlType":"sap.m.Input","viewName":"etm.portal.ui.manageyards.view.New","viewId":"application-manageyards-display-component---NewYard","bindingPath":{"path":"","propertyPath":"/DELIVERY_TYPE","modelName":"NewYardModel"},"interaction":{"idSuffix":"inner"}},"wdio_ui5_key":"etmportal.ui.manageyards.view.Newsap.m.Input{\"path\":\"\",\"propertyPath\":\"/DELIVERY_TYPE\",\"modelName\":\"NewYardModel\"}"}]}
RESULT: {"script":"<script> [1562 bytes]","args":[{"selector":{"controlType":"sap.m.Input","viewName":"etm.portal.ui.manageyards.view.New","viewId":"application-manageyards-display-component---NewYard","bindingPath":{"path":"","propertyPath":"/DELIVERY_TYPE","modelName":"NewYardModel"},"interaction":{"idSuffix":"inner"}},"wdio_ui5_key":"etmportal.ui.manageyards.view.Newsap.m.Input{\"path\":\"\",\"propertyPath\":\"/DELIVERY_TYPE\",\"modelName\":\"NewYardModel\"}"}]}
RESULT: undefined
COMMAND: POST /session/457e17a5ac387caa92e8fd77ed96fa85/execute/async - {"script":"<script> [776 bytes]","args":[{"enterText":"ZL01","selector":{"controlType":"sap.m.Input","viewName":"etm.portal.ui.manageyards.view.New","viewId":"application-manageyards-display-component---NewYard","bindingPath":{"path":"","propertyPath":"/DELIVERY_TYPE","modelName":"NewYardModel"},"interaction":{"idSuffix":"inner"}},"clearTextFirst":true,"interactionType":"ENTER_TEXT"}]}
RESULT: {"script":"<script> [776 bytes]","args":[{"enterText":"ZL01","selector":{"controlType":"sap.m.Input","viewName":"etm.portal.ui.manageyards.view.New","viewId":"application-manageyards-display-component---NewYard","bindingPath":{"path":"","propertyPath":"/DELIVERY_TYPE","modelName":"NewYardModel"},"interaction":{"idSuffix":"inner"}},"clearTextFirst":true,"interactionType":"ENTER_TEXT"}]}
COMMAND: POST /session/457e17a5ac387caa92e8fd77ed96fa85/execute/async - {"script":"<script> [1562 bytes]","args":[{"selector":{"controlType":"sap.m.Input","viewName":"etm.portal.ui.manageyards.view.New","viewId":"application-manageyards-display-component---NewYard","bindingPath":{"path":"","propertyPath":"/AUART","modelName":"NewYardModel"},"interaction":{"idSuffix":"inner"}},"wdio_ui5_key":"etmportal.ui.manageyards.view.Newsap.m.Input{\"path\":\"\",\"propertyPath\":\"/AUART\",\"modelName\":\"NewYardModel\"}"}]}
RESULT: {"script":"<script> [1562 bytes]","args":[{"selector":{"controlType":"sap.m.Input","viewName":"etm.portal.ui.manageyards.view.New","viewId":"application-manageyards-display-component---NewYard","bindingPath":{"path":"","propertyPath":"/AUART","modelName":"NewYardModel"},"interaction":{"idSuffix":"inner"}},"wdio_ui5_key":"etmportal.ui.manageyards.view.Newsap.m.Input{\"path\":\"\",\"propertyPath\":\"/AUART\",\"modelName\":\"NewYardModel\"}"}]}
RESULT: undefined
COMMAND: POST /session/457e17a5ac387caa92e8fd77ed96fa85/execute/async - {"script":"<script> [776 bytes]","args":[{"enterText":"TA","selector":{"controlType":"sap.m.Input","viewName":"etm.portal.ui.manageyards.view.New","viewId":"application-manageyards-display-component---NewYard","bindingPath":{"path":"","propertyPath":"/AUART","modelName":"NewYardModel"},"interaction":{"idSuffix":"inner"}},"clearTextFirst":true,"interactionType":"ENTER_TEXT"}]}
RESULT: {"script":"<script> [776 bytes]","args":[{"enterText":"TA","selector":{"controlType":"sap.m.Input","viewName":"etm.portal.ui.manageyards.view.New","viewId":"application-manageyards-display-component---NewYard","bindingPath":{"path":"","propertyPath":"/AUART","modelName":"NewYardModel"},"interaction":{"idSuffix":"inner"}},"clearTextFirst":true,"interactionType":"ENTER_TEXT"}]}
COMMAND: POST /session/457e17a5ac387caa92e8fd77ed96fa85/element - {"using":"xpath","value":"//button[@data-kt=\"newYardSaveButton\"]"}
RESULT: {"using":"xpath","value":"//button[@data-kt=\"newYardSaveButton\"]"}
COMMAND: POST /session/457e17a5ac387caa92e8fd77ed96fa85/element/f.926BFD6822BE6588C43F56A434E828F6.d.7F10ED658041E6692D8433F1FDF3E614.e.705/click - {}
RESULT: {}
COMMAND: GET /session/457e17a5ac387caa92e8fd77ed96fa85/screenshot - {}
RESULT: {}
COMMAND: POST /session/457e17a5ac387caa92e8fd77ed96fa85/element - {"using":"xpath","value":"//header[contains(@id, 'ObjectPageLayout-headerTitle')]/div[1]/div[2]/div[1]/span[1]"}
RESULT: {"using":"xpath","value":"//header[contains(@id, 'ObjectPageLayout-headerTitle')]/div[1]/div[2]/div[1]/span[1]"}
COMMAND: POST /session/457e17a5ac387caa92e8fd77ed96fa85/elements - {"using":"xpath","value":"//header[contains(@id, 'ObjectPageLayout-headerTitle')]/div[1]/div[2]/div[1]/span[1]"}
RESULT: {"using":"xpath","value":"//header[contains(@id, 'ObjectPageLayout-headerTitle')]/div[1]/div[2]/div[1]/span[1]"}
COMMAND: POST /session/457e17a5ac387caa92e8fd77ed96fa85/execute/sync - {"script":"<script> [56 bytes]","args":[{"element-6066-11e4-a52e-4f735466cecf":"f.926BFD6822BE6588C43F56A434E828F6.d.7F10ED658041E6692D8433F1FDF3E614.e.997","ELEMENT":"f.926BFD6822BE6588C43F56A434E828F6.d.7F10ED658041E6692D8433F1FDF3E614.e.997"}]}
RESULT: {"script":"<script> [56 bytes]","args":[{"element-6066-11e4-a52e-4f735466cecf":"f.926BFD6822BE6588C43F56A434E828F6.d.7F10ED658041E6692D8433F1FDF3E614.e.997","ELEMENT":"f.926BFD6822BE6588C43F56A434E828F6.d.7F10ED658041E6692D8433F1FDF3E614.e.997"}]}
COMMAND: GET /session/457e17a5ac387caa92e8fd77ed96fa85/screenshot - {}
RESULT: {}
COMMAND: POST /session/457e17a5ac387caa92e8fd77ed96fa85/element - {"using":"css selector","value":"#shell-header-logo"}
RESULT: {"using":"css selector","value":"#shell-header-logo"}
COMMAND: POST /session/457e17a5ac387caa92e8fd77ed96fa85/element/f.926BFD6822BE6588C43F56A434E828F6.d.7F10ED658041E6692D8433F1FDF3E614.e.256/click - {}
RESULT: {}
COMMAND: GET /session/457e17a5ac387caa92e8fd77ed96fa85/screenshot - {}
RESULT: {}
COMMAND: POST /session/457e17a5ac387caa92e8fd77ed96fa85/execute/sync - {"script":"<script> [299 bytes]","args":[["getModel","getResource"]]}
RESULT: {"script":"<script> [299 bytes]","args":[["getModel","getResource"]]}
COMMAND: GET /session/457e17a5ac387caa92e8fd77ed96fa85/screenshot - {}
]]></system-out>
    </testcase>
    <testcase classname="chrome.136_0_7103_93.windows.Create_condition_pricing_US117289_US134625" name="Should create a new equipment used for all following tests" time="162.254">
      <system-out><![CDATA[
COMMAND: POST /session/457e17a5ac387caa92e8fd77ed96fa85/execute/async - {"script":"<script> [1562 bytes]","args":[{"selector":{"controlType":"sap.m.GenericTile","properties":{"header":"Manage Resources"}},"wdio_ui5_key":"sapm.GenericTile{\"header\":\"Manage Resources\"}"}]}
RESULT: {"script":"<script> [1562 bytes]","args":[{"selector":{"controlType":"sap.m.GenericTile","properties":{"header":"Manage Resources"}},"wdio_ui5_key":"sapm.GenericTile{\"header\":\"Manage Resources\"}"}]}
RESULT: undefined
COMMAND: POST /session/457e17a5ac387caa92e8fd77ed96fa85/element - {"using":"xpath","value":"//*[@id=\"__tile39\"]"}
RESULT: {}
RESULT: {"using":"xpath","value":"//*[@id=\"__tile39\"]"}
COMMAND: POST /session/457e17a5ac387caa92e8fd77ed96fa85/element/f.926BFD6822BE6588C43F56A434E828F6.d.7F10ED658041E6692D8433F1FDF3E614.e.146/click - {}
RESULT: {}
COMMAND: GET /session/457e17a5ac387caa92e8fd77ed96fa85/screenshot - {}
RESULT: {}
COMMAND: POST /session/457e17a5ac387caa92e8fd77ed96fa85/elements - {"using":"xpath","value":"//span[text()='Error']"}
RESULT: {"using":"xpath","value":"//span[text()='Error']"}
COMMAND: POST /session/457e17a5ac387caa92e8fd77ed96fa85/element - {"using":"xpath","value":"//button[@data-kt=\"addNewRUOverflowToolbarButton\"]"}
RESULT: {"using":"xpath","value":"//button[@data-kt=\"addNewRUOverflowToolbarButton\"]"}
COMMAND: POST /session/457e17a5ac387caa92e8fd77ed96fa85/elements - {"using":"xpath","value":"//button[@data-kt=\"addNewRUOverflowToolbarButton\"]"}
RESULT: {"using":"xpath","value":"//button[@data-kt=\"addNewRUOverflowToolbarButton\"]"}
COMMAND: POST /session/457e17a5ac387caa92e8fd77ed96fa85/elements - {"using":"xpath","value":"//button[@data-kt=\"addNewRUOverflowToolbarButton\"]"}
RESULT: {"using":"xpath","value":"//button[@data-kt=\"addNewRUOverflowToolbarButton\"]"}
COMMAND: POST /session/457e17a5ac387caa92e8fd77ed96fa85/elements - {"using":"xpath","value":"//button[@data-kt=\"addNewRUOverflowToolbarButton\"]"}
RESULT: {"using":"xpath","value":"//button[@data-kt=\"addNewRUOverflowToolbarButton\"]"}
COMMAND: POST /session/457e17a5ac387caa92e8fd77ed96fa85/elements - {"using":"xpath","value":"//button[@data-kt=\"addNewRUOverflowToolbarButton\"]"}
RESULT: {"using":"xpath","value":"//button[@data-kt=\"addNewRUOverflowToolbarButton\"]"}
COMMAND: POST /session/457e17a5ac387caa92e8fd77ed96fa85/elements - {"using":"xpath","value":"//button[@data-kt=\"addNewRUOverflowToolbarButton\"]"}
RESULT: {"using":"xpath","value":"//button[@data-kt=\"addNewRUOverflowToolbarButton\"]"}
COMMAND: POST /session/457e17a5ac387caa92e8fd77ed96fa85/element - {"using":"xpath","value":"//button[@data-kt=\"addNewRUOverflowToolbarButton\"]"}
RESULT: {"using":"xpath","value":"//button[@data-kt=\"addNewRUOverflowToolbarButton\"]"}
COMMAND: POST /session/457e17a5ac387caa92e8fd77ed96fa85/execute/sync - {"script":"<script> [8489 bytes]","args":[{"element-6066-11e4-a52e-4f735466cecf":"f.926BFD6822BE6588C43F56A434E828F6.d.7F10ED658041E6692D8433F1FDF3E614.e.1042","ELEMENT":"f.926BFD6822BE6588C43F56A434E828F6.d.7F10ED658041E6692D8433F1FDF3E614.e.1042"}]}
RESULT: {"script":"<script> [8489 bytes]","args":[{"element-6066-11e4-a52e-4f735466cecf":"f.926BFD6822BE6588C43F56A434E828F6.d.7F10ED658041E6692D8433F1FDF3E614.e.1042","ELEMENT":"f.926BFD6822BE6588C43F56A434E828F6.d.7F10ED658041E6692D8433F1FDF3E614.e.1042"}]}
COMMAND: GET /session/457e17a5ac387caa92e8fd77ed96fa85/element/f.926BFD6822BE6588C43F56A434E828F6.d.7F10ED658041E6692D8433F1FDF3E614.e.1042/enabled - {}
COMMAND: GET /session/457e17a5ac387caa92e8fd77ed96fa85/screenshot - {}
RESULT: {}
COMMAND: POST /session/457e17a5ac387caa92e8fd77ed96fa85/execute/sync - {"script":"<script> [8489 bytes]","args":[{"element-6066-11e4-a52e-4f735466cecf":"f.926BFD6822BE6588C43F56A434E828F6.d.7F10ED658041E6692D8433F1FDF3E614.e.1042","ELEMENT":"f.926BFD6822BE6588C43F56A434E828F6.d.7F10ED658041E6692D8433F1FDF3E614.e.1042"}]}
COMMAND: GET /session/457e17a5ac387caa92e8fd77ed96fa85/screenshot - {}
RESULT: {}
RESULT: {}
RESULT: {"script":"<script> [8489 bytes]","args":[{"element-6066-11e4-a52e-4f735466cecf":"f.926BFD6822BE6588C43F56A434E828F6.d.7F10ED658041E6692D8433F1FDF3E614.e.1042","ELEMENT":"f.926BFD6822BE6588C43F56A434E828F6.d.7F10ED658041E6692D8433F1FDF3E614.e.1042"}]}
COMMAND: POST /session/457e17a5ac387caa92e8fd77ed96fa85/execute/sync - {"script":"<script> [5351 bytes]","args":[{"element-6066-11e4-a52e-4f735466cecf":"f.926BFD6822BE6588C43F56A434E828F6.d.7F10ED658041E6692D8433F1FDF3E614.e.1042","ELEMENT":"f.926BFD6822BE6588C43F56A434E828F6.d.7F10ED658041E6692D8433F1FDF3E614.e.1042"}]}
COMMAND: GET /session/457e17a5ac387caa92e8fd77ed96fa85/screenshot - {}
RESULT: {"script":"<script> [5351 bytes]","args":[{"element-6066-11e4-a52e-4f735466cecf":"f.926BFD6822BE6588C43F56A434E828F6.d.7F10ED658041E6692D8433F1FDF3E614.e.1042","ELEMENT":"f.926BFD6822BE6588C43F56A434E828F6.d.7F10ED658041E6692D8433F1FDF3E614.e.1042"}]}
COMMAND: POST /session/457e17a5ac387caa92e8fd77ed96fa85/element/f.926BFD6822BE6588C43F56A434E828F6.d.7F10ED658041E6692D8433F1FDF3E614.e.1042/click - {}
COMMAND: GET /session/457e17a5ac387caa92e8fd77ed96fa85/screenshot - {}
RESULT: {}
RESULT: {}
COMMAND: GET /session/457e17a5ac387caa92e8fd77ed96fa85/screenshot - {}
COMMAND: POST /session/457e17a5ac387caa92e8fd77ed96fa85/execute/async - {"script":"<script> [1562 bytes]","args":[{"selector":{"id":"application-manageresources-display-component---newResourceUnit--TYPE-arrow"},"wdio_ui5_key":"applicationmanageresources-display-component---newResourceUnit--TYPE-arrow"}]}
RESULT: {}
RESULT: {}
RESULT: {"script":"<script> [1562 bytes]","args":[{"selector":{"id":"application-manageresources-display-component---newResourceUnit--TYPE-arrow"},"wdio_ui5_key":"applicationmanageresources-display-component---newResourceUnit--TYPE-arrow"}]}
RESULT: undefined
COMMAND: POST /session/457e17a5ac387caa92e8fd77ed96fa85/element - {"using":"xpath","value":"//*[@id=\"application-manageresources-display-component---newResourceUnit--TYPE-arrow\"]"}
RESULT: {"using":"xpath","value":"//*[@id=\"application-manageresources-display-component---newResourceUnit--TYPE-arrow\"]"}
COMMAND: POST /session/457e17a5ac387caa92e8fd77ed96fa85/element/f.926BFD6822BE6588C43F56A434E828F6.d.7F10ED658041E6692D8433F1FDF3E614.e.1389/click - {}
RESULT: {}
COMMAND: POST /session/457e17a5ac387caa92e8fd77ed96fa85/element - {"using":"xpath","value":"//input[@id=\"application-manageresources-display-component---newResourceUnit--TYPE-inner\"]"}
COMMAND: GET /session/457e17a5ac387caa92e8fd77ed96fa85/screenshot - {}
RESULT: {"using":"xpath","value":"//input[@id=\"application-manageresources-display-component---newResourceUnit--TYPE-inner\"]"}
COMMAND: POST /session/457e17a5ac387caa92e8fd77ed96fa85/element/f.926BFD6822BE6588C43F56A434E828F6.d.7F10ED658041E6692D8433F1FDF3E614.e.1385/clear - {}
RESULT: {}
RESULT: {}
COMMAND: POST /session/457e17a5ac387caa92e8fd77ed96fa85/element/f.926BFD6822BE6588C43F56A434E828F6.d.7F10ED658041E6692D8433F1FDF3E614.e.1385/value - {"text":"Equipment"}
COMMAND: GET /session/457e17a5ac387caa92e8fd77ed96fa85/screenshot - {}
RESULT: {"text":"Equipment"}
COMMAND: GET /session/457e17a5ac387caa92e8fd77ed96fa85/screenshot - {}
RESULT: {}
RESULT: {}
COMMAND: POST /session/457e17a5ac387caa92e8fd77ed96fa85/actions - {"actions":[{"id":"action2","type":"key","parameters":{},"actions":[{"type":"keyDown","value":""},{"type":"pause","duration":10},{"type":"keyUp","value":""}]}]}
RESULT: {"actions":[{"id":"action2","type":"key","parameters":{},"actions":[{"type":"keyDown","value":""},{"type":"pause","duration":10},{"type":"keyUp","value":""}]}]}
COMMAND: POST /session/457e17a5ac387caa92e8fd77ed96fa85/execute/async - {"script":"<script> [1562 bytes]","args":[{"selector":{"id":"application-manageresources-display-component---newResourceUnit--resourceId","interaction":{"idSuffix":"inner"}},"wdio_ui5_key":"applicationmanageresources-display-component---newResourceUnit--resourceId"}]}
COMMAND: GET /session/457e17a5ac387caa92e8fd77ed96fa85/screenshot - {}
RESULT: {"script":"<script> [1562 bytes]","args":[{"selector":{"id":"application-manageresources-display-component---newResourceUnit--resourceId","interaction":{"idSuffix":"inner"}},"wdio_ui5_key":"applicationmanageresources-display-component---newResourceUnit--resourceId"}]}
RESULT: undefined
COMMAND: POST /session/457e17a5ac387caa92e8fd77ed96fa85/execute/async - {"script":"<script> [776 bytes]","args":[{"enterText":"f6ekDxV7t2","selector":{"id":"application-manageresources-display-component---newResourceUnit--resourceId","interaction":{"idSuffix":"inner"}},"clearTextFirst":true,"interactionType":"ENTER_TEXT"}]}
RESULT: {}
RESULT: {"script":"<script> [776 bytes]","args":[{"enterText":"f6ekDxV7t2","selector":{"id":"application-manageresources-display-component---newResourceUnit--resourceId","interaction":{"idSuffix":"inner"}},"clearTextFirst":true,"interactionType":"ENTER_TEXT"}]}
COMMAND: POST /session/457e17a5ac387caa92e8fd77ed96fa85/execute/async - {"script":"<script> [1562 bytes]","args":[{"selector":{"id":"application-manageresources-display-component---newResourceUnit--SHORT_TEXT","interaction":{"idSuffix":"inner"}},"wdio_ui5_key":"applicationmanageresources-display-component---newResourceUnit--SHORT_TEXT"}]}
RESULT: {"script":"<script> [1562 bytes]","args":[{"selector":{"id":"application-manageresources-display-component---newResourceUnit--SHORT_TEXT","interaction":{"idSuffix":"inner"}},"wdio_ui5_key":"applicationmanageresources-display-component---newResourceUnit--SHORT_TEXT"}]}
RESULT: undefined
COMMAND: POST /session/457e17a5ac387caa92e8fd77ed96fa85/execute/async - {"script":"<script> [776 bytes]","args":[{"enterText":"Intercompany Equipment WDIO","selector":{"id":"application-manageresources-display-component---newResourceUnit--SHORT_TEXT","interaction":{"idSuffix":"inner"}},"clearTextFirst":true,"interactionType":"ENTER_TEXT"}]}
RESULT: {"script":"<script> [776 bytes]","args":[{"enterText":"Intercompany Equipment WDIO","selector":{"id":"application-manageresources-display-component---newResourceUnit--SHORT_TEXT","interaction":{"idSuffix":"inner"}},"clearTextFirst":true,"interactionType":"ENTER_TEXT"}]}
COMMAND: POST /session/457e17a5ac387caa92e8fd77ed96fa85/execute/async - {"script":"<script> [1562 bytes]","args":[{"selector":{"id":"application-manageresources-display-component---newResourceUnit--BASE_UNIT_OF_MEASURE","interaction":{"idSuffix":"inner"}},"wdio_ui5_key":"applicationmanageresources-display-component---newResourceUnit--BASE_UNIT_OF_MEASURE"}]}
RESULT: {"script":"<script> [1562 bytes]","args":[{"selector":{"id":"application-manageresources-display-component---newResourceUnit--BASE_UNIT_OF_MEASURE","interaction":{"idSuffix":"inner"}},"wdio_ui5_key":"applicationmanageresources-display-component---newResourceUnit--BASE_UNIT_OF_MEASURE"}]}
RESULT: undefined
COMMAND: POST /session/457e17a5ac387caa92e8fd77ed96fa85/execute/async - {"script":"<script> [776 bytes]","args":[{"enterText":"Piece","selector":{"id":"application-manageresources-display-component---newResourceUnit--BASE_UNIT_OF_MEASURE","interaction":{"idSuffix":"inner"}},"clearTextFirst":true,"interactionType":"ENTER_TEXT"}]}
RESULT: {"script":"<script> [776 bytes]","args":[{"enterText":"Piece","selector":{"id":"application-manageresources-display-component---newResourceUnit--BASE_UNIT_OF_MEASURE","interaction":{"idSuffix":"inner"}},"clearTextFirst":true,"interactionType":"ENTER_TEXT"}]}
COMMAND: POST /session/457e17a5ac387caa92e8fd77ed96fa85/execute/async - {"script":"<script> [1562 bytes]","args":[{"selector":{"id":"application-manageresources-display-component---newResourceUnit--WEIGHT_UNIT","interaction":{"idSuffix":"inner"}},"wdio_ui5_key":"applicationmanageresources-display-component---newResourceUnit--WEIGHT_UNIT"}]}
RESULT: {"script":"<script> [1562 bytes]","args":[{"selector":{"id":"application-manageresources-display-component---newResourceUnit--WEIGHT_UNIT","interaction":{"idSuffix":"inner"}},"wdio_ui5_key":"applicationmanageresources-display-component---newResourceUnit--WEIGHT_UNIT"}]}
RESULT: undefined
COMMAND: POST /session/457e17a5ac387caa92e8fd77ed96fa85/execute/async - {"script":"<script> [776 bytes]","args":[{"enterText":"Gram","selector":{"id":"application-manageresources-display-component---newResourceUnit--WEIGHT_UNIT","interaction":{"idSuffix":"inner"}},"clearTextFirst":true,"interactionType":"ENTER_TEXT"}]}
RESULT: {"script":"<script> [776 bytes]","args":[{"enterText":"Gram","selector":{"id":"application-manageresources-display-component---newResourceUnit--WEIGHT_UNIT","interaction":{"idSuffix":"inner"}},"clearTextFirst":true,"interactionType":"ENTER_TEXT"}]}
COMMAND: POST /session/457e17a5ac387caa92e8fd77ed96fa85/execute/async - {"script":"<script> [1562 bytes]","args":[{"selector":{"id":"application-manageresources-display-component---newResourceUnit--DIMENSION_UNIT","interaction":{"idSuffix":"inner"}},"wdio_ui5_key":"applicationmanageresources-display-component---newResourceUnit--DIMENSION_UNIT"}]}
RESULT: {"script":"<script> [1562 bytes]","args":[{"selector":{"id":"application-manageresources-display-component---newResourceUnit--DIMENSION_UNIT","interaction":{"idSuffix":"inner"}},"wdio_ui5_key":"applicationmanageresources-display-component---newResourceUnit--DIMENSION_UNIT"}]}
RESULT: undefined
COMMAND: POST /session/457e17a5ac387caa92e8fd77ed96fa85/execute/async - {"script":"<script> [776 bytes]","args":[{"enterText":"Meter","selector":{"id":"application-manageresources-display-component---newResourceUnit--DIMENSION_UNIT","interaction":{"idSuffix":"inner"}},"clearTextFirst":true,"interactionType":"ENTER_TEXT"}]}
RESULT: {"script":"<script> [776 bytes]","args":[{"enterText":"Meter","selector":{"id":"application-manageresources-display-component---newResourceUnit--DIMENSION_UNIT","interaction":{"idSuffix":"inner"}},"clearTextFirst":true,"interactionType":"ENTER_TEXT"}]}
COMMAND: POST /session/457e17a5ac387caa92e8fd77ed96fa85/execute/async - {"script":"<script> [1562 bytes]","args":[{"selector":{"id":"application-manageresources-display-component---newResourceUnit--newRRUPage-anchBar-application-manageresources-display-component---newResourceUnit--control-anchor","interaction":{"idSuffix":"BDI-content"}},"wdio_ui5_key":"applicationmanageresources-display-component---newResourceUnit--newRRUPage-anchBar-application-manageresources-display-component---newResourceUnit--control-anchor"}]}
RESULT: {"script":"<script> [1562 bytes]","args":[{"selector":{"id":"application-manageresources-display-component---newResourceUnit--newRRUPage-anchBar-application-manageresources-display-component---newResourceUnit--control-anchor","interaction":{"idSuffix":"BDI-content"}},"wdio_ui5_key":"applicationmanageresources-display-component---newResourceUnit--newRRUPage-anchBar-application-manageresources-display-component---newResourceUnit--control-anchor"}]}
RESULT: undefined
COMMAND: POST /session/457e17a5ac387caa92e8fd77ed96fa85/element - {"using":"xpath","value":"//*[@id=\"application-manageresources-display-component---newResourceUnit--newRRUPage-anchBar-application-manageresources-display-component---newResourceUnit--control-anchor\"]"}
RESULT: {"using":"xpath","value":"//*[@id=\"application-manageresources-display-component---newResourceUnit--newRRUPage-anchBar-application-manageresources-display-component---newResourceUnit--control-anchor\"]"}
COMMAND: POST /session/457e17a5ac387caa92e8fd77ed96fa85/element/f.926BFD6822BE6588C43F56A434E828F6.d.7F10ED658041E6692D8433F1FDF3E614.e.1547/click - {}
RESULT: {}
COMMAND: POST /session/457e17a5ac387caa92e8fd77ed96fa85/execute/async - {"script":"<script> [1562 bytes]","args":[{"selector":{"id":"application-manageresources-display-component---newResourceUnit--PLANNING_GROUP","interaction":{"idSuffix":"inner"}},"wdio_ui5_key":"applicationmanageresources-display-component---newResourceUnit--PLANNING_GROUP"}]}
COMMAND: GET /session/457e17a5ac387caa92e8fd77ed96fa85/screenshot - {}
RESULT: {"script":"<script> [1562 bytes]","args":[{"selector":{"id":"application-manageresources-display-component---newResourceUnit--PLANNING_GROUP","interaction":{"idSuffix":"inner"}},"wdio_ui5_key":"applicationmanageresources-display-component---newResourceUnit--PLANNING_GROUP"}]}
RESULT: undefined
COMMAND: POST /session/457e17a5ac387caa92e8fd77ed96fa85/execute/async - {"script":"<script> [776 bytes]","args":[{"enterText":"Heavy Equi","selector":{"id":"application-manageresources-display-component---newResourceUnit--PLANNING_GROUP","interaction":{"idSuffix":"inner"}},"clearTextFirst":true,"interactionType":"ENTER_TEXT"}]}
RESULT: {}
RESULT: {"script":"<script> [776 bytes]","args":[{"enterText":"Heavy Equi","selector":{"id":"application-manageresources-display-component---newResourceUnit--PLANNING_GROUP","interaction":{"idSuffix":"inner"}},"clearTextFirst":true,"interactionType":"ENTER_TEXT"}]}
COMMAND: POST /session/457e17a5ac387caa92e8fd77ed96fa85/execute/async - {"script":"<script> [1562 bytes]","args":[{"selector":{"id":"application-manageresources-display-component---newResourceUnit--ITEM_TYPE-arrow"},"wdio_ui5_key":"applicationmanageresources-display-component---newResourceUnit--ITEM_TYPE-arrow"}]}
RESULT: {"script":"<script> [1562 bytes]","args":[{"selector":{"id":"application-manageresources-display-component---newResourceUnit--ITEM_TYPE-arrow"},"wdio_ui5_key":"applicationmanageresources-display-component---newResourceUnit--ITEM_TYPE-arrow"}]}
RESULT: undefined
COMMAND: POST /session/457e17a5ac387caa92e8fd77ed96fa85/element - {"using":"xpath","value":"//*[@id=\"application-manageresources-display-component---newResourceUnit--ITEM_TYPE-arrow\"]"}
RESULT: {"using":"xpath","value":"//*[@id=\"application-manageresources-display-component---newResourceUnit--ITEM_TYPE-arrow\"]"}
COMMAND: POST /session/457e17a5ac387caa92e8fd77ed96fa85/element/f.926BFD6822BE6588C43F56A434E828F6.d.7F10ED658041E6692D8433F1FDF3E614.e.1556/click - {}
RESULT: {}
COMMAND: POST /session/457e17a5ac387caa92e8fd77ed96fa85/element - {"using":"xpath","value":"(//span[contains(text(), \"Resource Unit\")])[2]"}
COMMAND: GET /session/457e17a5ac387caa92e8fd77ed96fa85/screenshot - {}
RESULT: {"using":"xpath","value":"(//span[contains(text(), \"Resource Unit\")])[2]"}
COMMAND: POST /session/457e17a5ac387caa92e8fd77ed96fa85/element/f.926BFD6822BE6588C43F56A434E828F6.d.7F10ED658041E6692D8433F1FDF3E614.e.1557/click - {}
RESULT: {}
RESULT: {}
COMMAND: GET /session/457e17a5ac387caa92e8fd77ed96fa85/screenshot - {}
RESULT: {}
COMMAND: POST /session/457e17a5ac387caa92e8fd77ed96fa85/element - {"using":"css selector","value":"#application-manageresources-display-component---newResourceUnit--btnAddTimeSegment"}
RESULT: {"using":"css selector","value":"#application-manageresources-display-component---newResourceUnit--btnAddTimeSegment"}
COMMAND: GET /session/457e17a5ac387caa92e8fd77ed96fa85/element/f.926BFD6822BE6588C43F56A434E828F6.d.7F10ED658041E6692D8433F1FDF3E614.e.1564/rect - {}
RESULT: {}
COMMAND: GET /session/457e17a5ac387caa92e8fd77ed96fa85/window/rect - {}
RESULT: {}
COMMAND: POST /session/457e17a5ac387caa92e8fd77ed96fa85/execute/sync - {"script":"<script> [92 bytes]","args":[]}
RESULT: {"script":"<script> [92 bytes]","args":[]}
COMMAND: POST /session/457e17a5ac387caa92e8fd77ed96fa85/actions - {"actions":[{"id":"action3","type":"wheel","parameters":{},"actions":[{"type":"scroll","x":-1888,"y":-32,"deltaX":0,"deltaY":0,"duration":0,"origin":{"element-6066-11e4-a52e-4f735466cecf":"f.926BFD6822BE6588C43F56A434E828F6.d.7F10ED658041E6692D8433F1FDF3E614.e.1564"}}]}]}
COMMAND: GET /session/457e17a5ac387caa92e8fd77ed96fa85/screenshot - {}
RESULT: {}
COMMAND: POST /session/457e17a5ac387caa92e8fd77ed96fa85/execute/sync - {"script":"<script> [79 bytes]","args":[{"element-6066-11e4-a52e-4f735466cecf":"f.926BFD6822BE6588C43F56A434E828F6.d.7F10ED658041E6692D8433F1FDF3E614.e.1564","ELEMENT":"f.926BFD6822BE6588C43F56A434E828F6.d.7F10ED658041E6692D8433F1FDF3E614.e.1564"},{"block":"start","inline":"nearest"}]}
RESULT: {"script":"<script> [79 bytes]","args":[{"element-6066-11e4-a52e-4f735466cecf":"f.926BFD6822BE6588C43F56A434E828F6.d.7F10ED658041E6692D8433F1FDF3E614.e.1564","ELEMENT":"f.926BFD6822BE6588C43F56A434E828F6.d.7F10ED658041E6692D8433F1FDF3E614.e.1564"},{"block":"start","inline":"nearest"}]}
COMMAND: POST /session/457e17a5ac387caa92e8fd77ed96fa85/execute/async - {"script":"<script> [1562 bytes]","args":[{"selector":{"id":"application-manageresources-display-component---newResourceUnit--btnAddTimeSegment","interaction":{"idSuffix":"inner"}},"wdio_ui5_key":"applicationmanageresources-display-component---newResourceUnit--btnAddTimeSegment"}]}
COMMAND: GET /session/457e17a5ac387caa92e8fd77ed96fa85/screenshot - {}
RESULT: {"script":"<script> [1562 bytes]","args":[{"selector":{"id":"application-manageresources-display-component---newResourceUnit--btnAddTimeSegment","interaction":{"idSuffix":"inner"}},"wdio_ui5_key":"applicationmanageresources-display-component---newResourceUnit--btnAddTimeSegment"}]}
RESULT: undefined
COMMAND: POST /session/457e17a5ac387caa92e8fd77ed96fa85/element - {"using":"xpath","value":"//*[@id=\"application-manageresources-display-component---newResourceUnit--btnAddTimeSegment\"]"}
RESULT: {}
RESULT: {"using":"xpath","value":"//*[@id=\"application-manageresources-display-component---newResourceUnit--btnAddTimeSegment\"]"}
COMMAND: POST /session/457e17a5ac387caa92e8fd77ed96fa85/element/f.926BFD6822BE6588C43F56A434E828F6.d.7F10ED658041E6692D8433F1FDF3E614.e.1564/click - {}
RESULT: {}
COMMAND: GET /session/457e17a5ac387caa92e8fd77ed96fa85/screenshot - {}
RESULT: {}
COMMAND: POST /session/457e17a5ac387caa92e8fd77ed96fa85/element - {"using":"xpath","value":"//input[@id=\"application-manageresources-display-component---newResourceUnit--idRuTSAdmin-application-manageresources-display-component---newResourceUnit--RUTimeSegment-0-inner\"]"}
RESULT: {"using":"xpath","value":"//input[@id=\"application-manageresources-display-component---newResourceUnit--idRuTSAdmin-application-manageresources-display-component---newResourceUnit--RUTimeSegment-0-inner\"]"}
COMMAND: POST /session/457e17a5ac387caa92e8fd77ed96fa85/element/f.926BFD6822BE6588C43F56A434E828F6.d.7F10ED658041E6692D8433F1FDF3E614.e.1570/clear - {}
RESULT: {}
COMMAND: POST /session/457e17a5ac387caa92e8fd77ed96fa85/element/f.926BFD6822BE6588C43F56A434E828F6.d.7F10ED658041E6692D8433F1FDF3E614.e.1570/value - {"text":"394"}
COMMAND: GET /session/457e17a5ac387caa92e8fd77ed96fa85/screenshot - {}
RESULT: {"text":"394"}
COMMAND: GET /session/457e17a5ac387caa92e8fd77ed96fa85/screenshot - {}
RESULT: {}
RESULT: {}
COMMAND: POST /session/457e17a5ac387caa92e8fd77ed96fa85/element - {"using":"xpath","value":"//li[.//span[text()='394']]"}
RESULT: {"using":"xpath","value":"//li[.//span[text()='394']]"}
COMMAND: POST /session/457e17a5ac387caa92e8fd77ed96fa85/element/f.926BFD6822BE6588C43F56A434E828F6.d.7F10ED658041E6692D8433F1FDF3E614.e.1582/click - {}
RESULT: {}
COMMAND: GET /session/457e17a5ac387caa92e8fd77ed96fa85/screenshot - {}
RESULT: {}
COMMAND: POST /session/457e17a5ac387caa92e8fd77ed96fa85/element - {"using":"xpath","value":"(//span[contains(@id, \"-application-manageresources-display-component---newResourceUnit--RUTimeSegment-0-arrow\")])[6]"}
RESULT: {"using":"xpath","value":"(//span[contains(@id, \"-application-manageresources-display-component---newResourceUnit--RUTimeSegment-0-arrow\")])[6]"}
COMMAND: POST /session/457e17a5ac387caa92e8fd77ed96fa85/element/f.926BFD6822BE6588C43F56A434E828F6.d.7F10ED658041E6692D8433F1FDF3E614.e.1583/click - {}
RESULT: {}
COMMAND: GET /session/457e17a5ac387caa92e8fd77ed96fa85/screenshot - {}
RESULT: {}
COMMAND: POST /session/457e17a5ac387caa92e8fd77ed96fa85/element - {"using":"xpath","value":"//span[contains(text(), \"PM Order\")]"}
RESULT: {"using":"xpath","value":"//span[contains(text(), \"PM Order\")]"}
COMMAND: POST /session/457e17a5ac387caa92e8fd77ed96fa85/element/f.926BFD6822BE6588C43F56A434E828F6.d.7F10ED658041E6692D8433F1FDF3E614.e.1586/click - {}
RESULT: {}
COMMAND: GET /session/457e17a5ac387caa92e8fd77ed96fa85/screenshot - {}
RESULT: {}
COMMAND: POST /session/457e17a5ac387caa92e8fd77ed96fa85/element - {"using":"xpath","value":"(//span[contains(@id ,\"manageresources-display-component---newResourceUnit--RUTimeSegment-0-vhi\")])[1]"}
RESULT: {"using":"xpath","value":"(//span[contains(@id ,\"manageresources-display-component---newResourceUnit--RUTimeSegment-0-vhi\")])[1]"}
COMMAND: GET /session/457e17a5ac387caa92e8fd77ed96fa85/element/f.926BFD6822BE6588C43F56A434E828F6.d.7F10ED658041E6692D8433F1FDF3E614.e.1590/rect - {}
RESULT: {}
COMMAND: GET /session/457e17a5ac387caa92e8fd77ed96fa85/window/rect - {}
RESULT: {}
COMMAND: POST /session/457e17a5ac387caa92e8fd77ed96fa85/execute/sync - {"script":"<script> [92 bytes]","args":[]}
RESULT: {"script":"<script> [92 bytes]","args":[]}
COMMAND: POST /session/457e17a5ac387caa92e8fd77ed96fa85/actions - {"actions":[{"id":"action4","type":"wheel","parameters":{},"actions":[{"type":"scroll","x":-869,"y":-24,"deltaX":0,"deltaY":0,"duration":0,"origin":{"element-6066-11e4-a52e-4f735466cecf":"f.926BFD6822BE6588C43F56A434E828F6.d.7F10ED658041E6692D8433F1FDF3E614.e.1590"}}]}]}
COMMAND: GET /session/457e17a5ac387caa92e8fd77ed96fa85/screenshot - {}
RESULT: {"actions":[{"id":"action4","type":"wheel","parameters":{},"actions":[{"type":"scroll","x":-869,"y":-24,"deltaX":0,"deltaY":0,"duration":0,"origin":{"element-6066-11e4-a52e-4f735466cecf":"f.926BFD6822BE6588C43F56A434E828F6.d.7F10ED658041E6692D8433F1FDF3E614.e.1590"}}]}]}
COMMAND: DELETE /session/457e17a5ac387caa92e8fd77ed96fa85/actions - {}
COMMAND: GET /session/457e17a5ac387caa92e8fd77ed96fa85/screenshot - {}
RESULT: {}
RESULT: {}
COMMAND: GET /session/457e17a5ac387caa92e8fd77ed96fa85/screenshot - {}
RESULT: {}
RESULT: {}
COMMAND: POST /session/457e17a5ac387caa92e8fd77ed96fa85/element/f.926BFD6822BE6588C43F56A434E828F6.d.7F10ED658041E6692D8433F1FDF3E614.e.1590/click - {}
RESULT: {}
COMMAND: GET /session/457e17a5ac387caa92e8fd77ed96fa85/screenshot - {}
RESULT: {}
RESULT: undefined
COMMAND: POST /session/457e17a5ac387caa92e8fd77ed96fa85/execute/async - {"script":"<script> [776 bytes]","args":[{"enterText":"4000360","selector":{"controlType":"sap.m.SearchField","properties":{"placeholder":"Search"},"searchOpenDialogs":true,"interaction":{"idSuffix":"I"}},"clearTextFirst":true,"interactionType":"ENTER_TEXT"}]}
RESULT: {"script":"<script> [776 bytes]","args":[{"enterText":"4000360","selector":{"controlType":"sap.m.SearchField","properties":{"placeholder":"Search"},"searchOpenDialogs":true,"interaction":{"idSuffix":"I"}},"clearTextFirst":true,"interactionType":"ENTER_TEXT"}]}
COMMAND: POST /session/457e17a5ac387caa92e8fd77ed96fa85/actions - {"actions":[{"id":"action5","type":"key","parameters":{},"actions":[{"type":"keyDown","value":""},{"type":"pause","duration":10},{"type":"keyUp","value":""}]}]}
RESULT: {"actions":[{"id":"action5","type":"key","parameters":{},"actions":[{"type":"keyDown","value":""},{"type":"pause","duration":10},{"type":"keyUp","value":""}]}]}
COMMAND: GET /session/457e17a5ac387caa92e8fd77ed96fa85/screenshot - {}
RESULT: {}
COMMAND: POST /session/457e17a5ac387caa92e8fd77ed96fa85/element - {"using":"xpath","value":"//td/div/span[contains(text(), \"BGL Vehicles\")]"}
RESULT: {"using":"xpath","value":"//td/div/span[contains(text(), \"BGL Vehicles\")]"}
COMMAND: POST /session/457e17a5ac387caa92e8fd77ed96fa85/element/f.926BFD6822BE6588C43F56A434E828F6.d.7F10ED658041E6692D8433F1FDF3E614.e.1610/click - {}
RESULT: {}
COMMAND: GET /session/457e17a5ac387caa92e8fd77ed96fa85/screenshot - {}
RESULT: {}
COMMAND: POST /session/457e17a5ac387caa92e8fd77ed96fa85/element - {"using":"xpath","value":"//bdi[contains(text(), \"OK\")]"}
RESULT: {"using":"xpath","value":"//bdi[contains(text(), \"OK\")]"}
COMMAND: POST /session/457e17a5ac387caa92e8fd77ed96fa85/element/f.926BFD6822BE6588C43F56A434E828F6.d.7F10ED658041E6692D8433F1FDF3E614.e.1611/click - {}
RESULT: {}
COMMAND: GET /session/457e17a5ac387caa92e8fd77ed96fa85/screenshot - {}
RESULT: {}
COMMAND: POST /session/457e17a5ac387caa92e8fd77ed96fa85/execute/async - {"script":"<script> [1562 bytes]","args":[{"selector":{"id":"application-manageresources-display-component---newResourceUnit--newRRUPage-anchBar-application-manageresources-display-component---newResourceUnit--resource-anchor","interaction":{"idSuffix":"BDI-content"}},"wdio_ui5_key":"applicationmanageresources-display-component---newResourceUnit--newRRUPage-anchBar-application-manageresources-display-component---newResourceUnit--resource-anchor"}]}
RESULT: {"script":"<script> [1562 bytes]","args":[{"selector":{"id":"application-manageresources-display-component---newResourceUnit--newRRUPage-anchBar-application-manageresources-display-component---newResourceUnit--resource-anchor","interaction":{"idSuffix":"BDI-content"}},"wdio_ui5_key":"applicationmanageresources-display-component---newResourceUnit--newRRUPage-anchBar-application-manageresources-display-component---newResourceUnit--resource-anchor"}]}
RESULT: undefined
COMMAND: POST /session/457e17a5ac387caa92e8fd77ed96fa85/element - {"using":"xpath","value":"//*[@id=\"application-manageresources-display-component---newResourceUnit--newRRUPage-anchBar-application-manageresources-display-component---newResourceUnit--resource-anchor\"]"}
RESULT: {"using":"xpath","value":"//*[@id=\"application-manageresources-display-component---newResourceUnit--newRRUPage-anchBar-application-manageresources-display-component---newResourceUnit--resource-anchor\"]"}
COMMAND: POST /session/457e17a5ac387caa92e8fd77ed96fa85/element/f.926BFD6822BE6588C43F56A434E828F6.d.7F10ED658041E6692D8433F1FDF3E614.e.1615/click - {}
RESULT: {}
COMMAND: POST /session/457e17a5ac387caa92e8fd77ed96fa85/execute/async - {"script":"<script> [1562 bytes]","args":[{"selector":{"id":"application-manageresources-display-component---newResourceUnit--PLANNED_DELIVERY_DATE","interaction":{"idSuffix":"inner"}},"wdio_ui5_key":"applicationmanageresources-display-component---newResourceUnit--PLANNED_DELIVERY_DATE"}]}
COMMAND: GET /session/457e17a5ac387caa92e8fd77ed96fa85/screenshot - {}
RESULT: {"script":"<script> [1562 bytes]","args":[{"selector":{"id":"application-manageresources-display-component---newResourceUnit--PLANNED_DELIVERY_DATE","interaction":{"idSuffix":"inner"}},"wdio_ui5_key":"applicationmanageresources-display-component---newResourceUnit--PLANNED_DELIVERY_DATE"}]}
RESULT: undefined
COMMAND: POST /session/457e17a5ac387caa92e8fd77ed96fa85/execute/async - {"script":"<script> [6424 bytes]","args":[{"element-6066-11e4-a52e-4f735466cecf":"f.926BFD6822BE6588C43F56A434E828F6.d.7F10ED658041E6692D8433F1FDF3E614.e.1446"},"setValue",["5/27/25"]]}
RESULT: {}
RESULT: {"script":"<script> [6424 bytes]","args":[{"element-6066-11e4-a52e-4f735466cecf":"f.926BFD6822BE6588C43F56A434E828F6.d.7F10ED658041E6692D8433F1FDF3E614.e.1446"},"setValue",["5/27/25"]]}
COMMAND: POST /session/457e17a5ac387caa92e8fd77ed96fa85/element - {"using":"xpath","value":"//label[contains(@class, 'sapMLabelRequired') and .//bdi[contains(text(), 'Planned Retirement')]]"}
RESULT: {"using":"xpath","value":"//label[contains(@class, 'sapMLabelRequired') and .//bdi[contains(text(), 'Planned Retirement')]]"}
COMMAND: POST /session/457e17a5ac387caa92e8fd77ed96fa85/elements - {"using":"xpath","value":"//label[contains(@class, 'sapMLabelRequired') and .//bdi[contains(text(), 'Planned Retirement')]]"}
RESULT: {"using":"xpath","value":"//label[contains(@class, 'sapMLabelRequired') and .//bdi[contains(text(), 'Planned Retirement')]]"}
COMMAND: POST /session/457e17a5ac387caa92e8fd77ed96fa85/element - {"using":"xpath","value":"//button[@data-kt=\"resourceUnitSaveButton\"]"}
RESULT: {"using":"xpath","value":"//button[@data-kt=\"resourceUnitSaveButton\"]"}
COMMAND: POST /session/457e17a5ac387caa92e8fd77ed96fa85/element/f.926BFD6822BE6588C43F56A434E828F6.d.7F10ED658041E6692D8433F1FDF3E614.e.1406/click - {}
RESULT: {}
COMMAND: GET /session/457e17a5ac387caa92e8fd77ed96fa85/screenshot - {}
RESULT: {}
COMMAND: POST /session/457e17a5ac387caa92e8fd77ed96fa85/element - {"using":"xpath","value":"//bdi[contains(text(), \"Close\")]"}
RESULT: {"using":"xpath","value":"//bdi[contains(text(), \"Close\")]"}
COMMAND: POST /session/457e17a5ac387caa92e8fd77ed96fa85/element/f.926BFD6822BE6588C43F56A434E828F6.d.7F10ED658041E6692D8433F1FDF3E614.e.1623/click - {}
RESULT: {}
COMMAND: GET /session/457e17a5ac387caa92e8fd77ed96fa85/screenshot - {}
RESULT: {}
COMMAND: POST /session/457e17a5ac387caa92e8fd77ed96fa85/element - {"using":"xpath","value":"(//button[contains(@id ,\"actionsToolbar-overflowButton\")])[1]"}
RESULT: {"using":"xpath","value":"(//button[contains(@id ,\"actionsToolbar-overflowButton\")])[1]"}
COMMAND: POST /session/457e17a5ac387caa92e8fd77ed96fa85/element/f.926BFD6822BE6588C43F56A434E828F6.d.7F10ED658041E6692D8433F1FDF3E614.e.1655/click - {}
RESULT: {}
COMMAND: GET /session/457e17a5ac387caa92e8fd77ed96fa85/screenshot - {}
RESULT: {}
COMMAND: POST /session/457e17a5ac387caa92e8fd77ed96fa85/element - {"using":"xpath","value":"//button[@data-kt=\"priceInfoButton\"]"}
RESULT: {"using":"xpath","value":"//button[@data-kt=\"priceInfoButton\"]"}
COMMAND: POST /session/457e17a5ac387caa92e8fd77ed96fa85/element/f.926BFD6822BE6588C43F56A434E828F6.d.7F10ED658041E6692D8433F1FDF3E614.e.1657/click - {}
RESULT: {}
COMMAND: GET /session/457e17a5ac387caa92e8fd77ed96fa85/screenshot - {}
RESULT: {}
COMMAND: POST /session/457e17a5ac387caa92e8fd77ed96fa85/element - {"using":"css selector","value":"#shell-header-logo"}
RESULT: {"using":"css selector","value":"#shell-header-logo"}
COMMAND: POST /session/457e17a5ac387caa92e8fd77ed96fa85/element/f.926BFD6822BE6588C43F56A434E828F6.d.7F10ED658041E6692D8433F1FDF3E614.e.1002/click - {}
RESULT: {}
]]></system-out>
    </testcase>
    <testcase classname="chrome.136_0_7103_93.windows.Create_condition_pricing_US117289_US134625" name="Should create new condition" time="56.693">
      <failure/>
      <error message="element (&quot;//button[@aria-label=&quot;Create&quot;]&quot;) still not existing after 45000ms"/>
      <system-out><![CDATA[
COMMAND: GET /session/457e17a5ac387caa92e8fd77ed96fa85/screenshot - {}
COMMAND: POST /session/457e17a5ac387caa92e8fd77ed96fa85/execute/async - {"script":"<script> [1562 bytes]","args":[{"selector":{"controlType":"sap.m.GenericTile","properties":{"header":"Manage Conditions & Prices"}},"wdio_ui5_key":"sapm.GenericTile{\"header\":\"Manage Conditions & Prices\"}"}]}
RESULT: {"script":"<script> [1562 bytes]","args":[{"selector":{"controlType":"sap.m.GenericTile","properties":{"header":"Manage Conditions & Prices"}},"wdio_ui5_key":"sapm.GenericTile{\"header\":\"Manage Conditions & Prices\"}"}]}
RESULT: undefined
RESULT: {}
COMMAND: POST /session/457e17a5ac387caa92e8fd77ed96fa85/elements - {"using":"xpath","value":"//span[text()='Error']"}
RESULT: {"using":"xpath","value":"//span[text()='Error']"}
COMMAND: POST /session/457e17a5ac387caa92e8fd77ed96fa85/element - {"using":"xpath","value":"//button[@aria-label=\"Create\"]"}
RESULT: {"using":"xpath","value":"//button[@aria-label=\"Create\"]"}
COMMAND: POST /session/457e17a5ac387caa92e8fd77ed96fa85/elements - {"using":"xpath","value":"//button[@aria-label=\"Create\"]"}
RESULT: {"using":"xpath","value":"//button[@aria-label=\"Create\"]"}
COMMAND: POST /session/457e17a5ac387caa92e8fd77ed96fa85/elements - {"using":"xpath","value":"//button[@aria-label=\"Create\"]"}
RESULT: {"using":"xpath","value":"//button[@aria-label=\"Create\"]"}
COMMAND: POST /session/457e17a5ac387caa92e8fd77ed96fa85/elements - {"using":"xpath","value":"//button[@aria-label=\"Create\"]"}
RESULT: {"using":"xpath","value":"//button[@aria-label=\"Create\"]"}
COMMAND: POST /session/457e17a5ac387caa92e8fd77ed96fa85/elements - {"using":"xpath","value":"//button[@aria-label=\"Create\"]"}
RESULT: {"using":"xpath","value":"//button[@aria-label=\"Create\"]"}
COMMAND: POST /session/457e17a5ac387caa92e8fd77ed96fa85/elements - {"using":"xpath","value":"//button[@aria-label=\"Create\"]"}
RESULT: {"using":"xpath","value":"//button[@aria-label=\"Create\"]"}
COMMAND: POST /session/457e17a5ac387caa92e8fd77ed96fa85/elements - {"using":"xpath","value":"//button[@aria-label=\"Create\"]"}
RESULT: {"using":"xpath","value":"//button[@aria-label=\"Create\"]"}
COMMAND: POST /session/457e17a5ac387caa92e8fd77ed96fa85/elements - {"using":"xpath","value":"//button[@aria-label=\"Create\"]"}
RESULT: {"using":"xpath","value":"//button[@aria-label=\"Create\"]"}
COMMAND: POST /session/457e17a5ac387caa92e8fd77ed96fa85/elements - {"using":"xpath","value":"//button[@aria-label=\"Create\"]"}
RESULT: {"using":"xpath","value":"//button[@aria-label=\"Create\"]"}
COMMAND: POST /session/457e17a5ac387caa92e8fd77ed96fa85/elements - {"using":"xpath","value":"//button[@aria-label=\"Create\"]"}
RESULT: {"using":"xpath","value":"//button[@aria-label=\"Create\"]"}
COMMAND: POST /session/457e17a5ac387caa92e8fd77ed96fa85/elements - {"using":"xpath","value":"//button[@aria-label=\"Create\"]"}
RESULT: {"using":"xpath","value":"//button[@aria-label=\"Create\"]"}
COMMAND: POST /session/457e17a5ac387caa92e8fd77ed96fa85/elements - {"using":"xpath","value":"//button[@aria-label=\"Create\"]"}
RESULT: {"using":"xpath","value":"//button[@aria-label=\"Create\"]"}
COMMAND: POST /session/457e17a5ac387caa92e8fd77ed96fa85/elements - {"using":"xpath","value":"//button[@aria-label=\"Create\"]"}
RESULT: {"using":"xpath","value":"//button[@aria-label=\"Create\"]"}
COMMAND: POST /session/457e17a5ac387caa92e8fd77ed96fa85/elements - {"using":"xpath","value":"//button[@aria-label=\"Create\"]"}
RESULT: {"using":"xpath","value":"//button[@aria-label=\"Create\"]"}
COMMAND: POST /session/457e17a5ac387caa92e8fd77ed96fa85/elements - {"using":"xpath","value":"//button[@aria-label=\"Create\"]"}
RESULT: {"using":"xpath","value":"//button[@aria-label=\"Create\"]"}
COMMAND: POST /session/457e17a5ac387caa92e8fd77ed96fa85/elements - {"using":"xpath","value":"//button[@aria-label=\"Create\"]"}
RESULT: {"using":"xpath","value":"//button[@aria-label=\"Create\"]"}
COMMAND: POST /session/457e17a5ac387caa92e8fd77ed96fa85/elements - {"using":"xpath","value":"//button[@aria-label=\"Create\"]"}
RESULT: {"using":"xpath","value":"//button[@aria-label=\"Create\"]"}
COMMAND: POST /session/457e17a5ac387caa92e8fd77ed96fa85/elements - {"using":"xpath","value":"//button[@aria-label=\"Create\"]"}
RESULT: {"using":"xpath","value":"//button[@aria-label=\"Create\"]"}
COMMAND: POST /session/457e17a5ac387caa92e8fd77ed96fa85/elements - {"using":"xpath","value":"//button[@aria-label=\"Create\"]"}
RESULT: {"using":"xpath","value":"//button[@aria-label=\"Create\"]"}
COMMAND: POST /session/457e17a5ac387caa92e8fd77ed96fa85/elements - {"using":"xpath","value":"//button[@aria-label=\"Create\"]"}
RESULT: {"using":"xpath","value":"//button[@aria-label=\"Create\"]"}
COMMAND: POST /session/457e17a5ac387caa92e8fd77ed96fa85/elements - {"using":"xpath","value":"//button[@aria-label=\"Create\"]"}
RESULT: {"using":"xpath","value":"//button[@aria-label=\"Create\"]"}
COMMAND: POST /session/457e17a5ac387caa92e8fd77ed96fa85/elements - {"using":"xpath","value":"//button[@aria-label=\"Create\"]"}
RESULT: {"using":"xpath","value":"//button[@aria-label=\"Create\"]"}
COMMAND: POST /session/457e17a5ac387caa92e8fd77ed96fa85/elements - {"using":"xpath","value":"//button[@aria-label=\"Create\"]"}
RESULT: {"using":"xpath","value":"//button[@aria-label=\"Create\"]"}
COMMAND: POST /session/457e17a5ac387caa92e8fd77ed96fa85/elements - {"using":"xpath","value":"//button[@aria-label=\"Create\"]"}
RESULT: {"using":"xpath","value":"//button[@aria-label=\"Create\"]"}
COMMAND: POST /session/457e17a5ac387caa92e8fd77ed96fa85/elements - {"using":"xpath","value":"//button[@aria-label=\"Create\"]"}
RESULT: {"using":"xpath","value":"//button[@aria-label=\"Create\"]"}
COMMAND: POST /session/457e17a5ac387caa92e8fd77ed96fa85/elements - {"using":"xpath","value":"//button[@aria-label=\"Create\"]"}
RESULT: {"using":"xpath","value":"//button[@aria-label=\"Create\"]"}
COMMAND: POST /session/457e17a5ac387caa92e8fd77ed96fa85/elements - {"using":"xpath","value":"//button[@aria-label=\"Create\"]"}
RESULT: {"using":"xpath","value":"//button[@aria-label=\"Create\"]"}
COMMAND: POST /session/457e17a5ac387caa92e8fd77ed96fa85/elements - {"using":"xpath","value":"//button[@aria-label=\"Create\"]"}
RESULT: {"using":"xpath","value":"//button[@aria-label=\"Create\"]"}
COMMAND: POST /session/457e17a5ac387caa92e8fd77ed96fa85/elements - {"using":"xpath","value":"//button[@aria-label=\"Create\"]"}
RESULT: {"using":"xpath","value":"//button[@aria-label=\"Create\"]"}
COMMAND: POST /session/457e17a5ac387caa92e8fd77ed96fa85/elements - {"using":"xpath","value":"//button[@aria-label=\"Create\"]"}
RESULT: {"using":"xpath","value":"//button[@aria-label=\"Create\"]"}
COMMAND: POST /session/457e17a5ac387caa92e8fd77ed96fa85/elements - {"using":"xpath","value":"//button[@aria-label=\"Create\"]"}
RESULT: {"using":"xpath","value":"//button[@aria-label=\"Create\"]"}
COMMAND: POST /session/457e17a5ac387caa92e8fd77ed96fa85/elements - {"using":"xpath","value":"//button[@aria-label=\"Create\"]"}
RESULT: {"using":"xpath","value":"//button[@aria-label=\"Create\"]"}
COMMAND: POST /session/457e17a5ac387caa92e8fd77ed96fa85/elements - {"using":"xpath","value":"//button[@aria-label=\"Create\"]"}
RESULT: {"using":"xpath","value":"//button[@aria-label=\"Create\"]"}
COMMAND: POST /session/457e17a5ac387caa92e8fd77ed96fa85/elements - {"using":"xpath","value":"//button[@aria-label=\"Create\"]"}
RESULT: {"using":"xpath","value":"//button[@aria-label=\"Create\"]"}
COMMAND: POST /session/457e17a5ac387caa92e8fd77ed96fa85/elements - {"using":"xpath","value":"//button[@aria-label=\"Create\"]"}
RESULT: {"using":"xpath","value":"//button[@aria-label=\"Create\"]"}
COMMAND: POST /session/457e17a5ac387caa92e8fd77ed96fa85/elements - {"using":"xpath","value":"//button[@aria-label=\"Create\"]"}
RESULT: {"using":"xpath","value":"//button[@aria-label=\"Create\"]"}
COMMAND: POST /session/457e17a5ac387caa92e8fd77ed96fa85/elements - {"using":"xpath","value":"//button[@aria-label=\"Create\"]"}
RESULT: {"using":"xpath","value":"//button[@aria-label=\"Create\"]"}
COMMAND: POST /session/457e17a5ac387caa92e8fd77ed96fa85/elements - {"using":"xpath","value":"//button[@aria-label=\"Create\"]"}
RESULT: {"using":"xpath","value":"//button[@aria-label=\"Create\"]"}
COMMAND: POST /session/457e17a5ac387caa92e8fd77ed96fa85/elements - {"using":"xpath","value":"//button[@aria-label=\"Create\"]"}
RESULT: {"using":"xpath","value":"//button[@aria-label=\"Create\"]"}
COMMAND: POST /session/457e17a5ac387caa92e8fd77ed96fa85/elements - {"using":"xpath","value":"//button[@aria-label=\"Create\"]"}
RESULT: {"using":"xpath","value":"//button[@aria-label=\"Create\"]"}
COMMAND: POST /session/457e17a5ac387caa92e8fd77ed96fa85/elements - {"using":"xpath","value":"//button[@aria-label=\"Create\"]"}
RESULT: {"using":"xpath","value":"//button[@aria-label=\"Create\"]"}
COMMAND: POST /session/457e17a5ac387caa92e8fd77ed96fa85/elements - {"using":"xpath","value":"//button[@aria-label=\"Create\"]"}
RESULT: {"using":"xpath","value":"//button[@aria-label=\"Create\"]"}
COMMAND: POST /session/457e17a5ac387caa92e8fd77ed96fa85/elements - {"using":"xpath","value":"//button[@aria-label=\"Create\"]"}
RESULT: {"using":"xpath","value":"//button[@aria-label=\"Create\"]"}
COMMAND: POST /session/457e17a5ac387caa92e8fd77ed96fa85/elements - {"using":"xpath","value":"//button[@aria-label=\"Create\"]"}
RESULT: {"using":"xpath","value":"//button[@aria-label=\"Create\"]"}
COMMAND: POST /session/457e17a5ac387caa92e8fd77ed96fa85/elements - {"using":"xpath","value":"//button[@aria-label=\"Create\"]"}
RESULT: {"using":"xpath","value":"//button[@aria-label=\"Create\"]"}
COMMAND: POST /session/457e17a5ac387caa92e8fd77ed96fa85/elements - {"using":"xpath","value":"//button[@aria-label=\"Create\"]"}
RESULT: {"using":"xpath","value":"//button[@aria-label=\"Create\"]"}
COMMAND: POST /session/457e17a5ac387caa92e8fd77ed96fa85/elements - {"using":"xpath","value":"//button[@aria-label=\"Create\"]"}
RESULT: {"using":"xpath","value":"//button[@aria-label=\"Create\"]"}
COMMAND: POST /session/457e17a5ac387caa92e8fd77ed96fa85/elements - {"using":"xpath","value":"//button[@aria-label=\"Create\"]"}
RESULT: {"using":"xpath","value":"//button[@aria-label=\"Create\"]"}
COMMAND: POST /session/457e17a5ac387caa92e8fd77ed96fa85/elements - {"using":"xpath","value":"//button[@aria-label=\"Create\"]"}
RESULT: {"using":"xpath","value":"//button[@aria-label=\"Create\"]"}
COMMAND: POST /session/457e17a5ac387caa92e8fd77ed96fa85/elements - {"using":"xpath","value":"//button[@aria-label=\"Create\"]"}
RESULT: {"using":"xpath","value":"//button[@aria-label=\"Create\"]"}
COMMAND: POST /session/457e17a5ac387caa92e8fd77ed96fa85/elements - {"using":"xpath","value":"//button[@aria-label=\"Create\"]"}
RESULT: {"using":"xpath","value":"//button[@aria-label=\"Create\"]"}
COMMAND: POST /session/457e17a5ac387caa92e8fd77ed96fa85/elements - {"using":"xpath","value":"//button[@aria-label=\"Create\"]"}
RESULT: {"using":"xpath","value":"//button[@aria-label=\"Create\"]"}
COMMAND: POST /session/457e17a5ac387caa92e8fd77ed96fa85/elements - {"using":"xpath","value":"//button[@aria-label=\"Create\"]"}
RESULT: {"using":"xpath","value":"//button[@aria-label=\"Create\"]"}
COMMAND: POST /session/457e17a5ac387caa92e8fd77ed96fa85/elements - {"using":"xpath","value":"//button[@aria-label=\"Create\"]"}
RESULT: {"using":"xpath","value":"//button[@aria-label=\"Create\"]"}
COMMAND: POST /session/457e17a5ac387caa92e8fd77ed96fa85/elements - {"using":"xpath","value":"//button[@aria-label=\"Create\"]"}
RESULT: {"using":"xpath","value":"//button[@aria-label=\"Create\"]"}
COMMAND: POST /session/457e17a5ac387caa92e8fd77ed96fa85/elements - {"using":"xpath","value":"//button[@aria-label=\"Create\"]"}
RESULT: {"using":"xpath","value":"//button[@aria-label=\"Create\"]"}
COMMAND: POST /session/457e17a5ac387caa92e8fd77ed96fa85/elements - {"using":"xpath","value":"//button[@aria-label=\"Create\"]"}
RESULT: {"using":"xpath","value":"//button[@aria-label=\"Create\"]"}
COMMAND: POST /session/457e17a5ac387caa92e8fd77ed96fa85/elements - {"using":"xpath","value":"//button[@aria-label=\"Create\"]"}
RESULT: {"using":"xpath","value":"//button[@aria-label=\"Create\"]"}
COMMAND: POST /session/457e17a5ac387caa92e8fd77ed96fa85/elements - {"using":"xpath","value":"//button[@aria-label=\"Create\"]"}
RESULT: {"using":"xpath","value":"//button[@aria-label=\"Create\"]"}
COMMAND: POST /session/457e17a5ac387caa92e8fd77ed96fa85/elements - {"using":"xpath","value":"//button[@aria-label=\"Create\"]"}
RESULT: {"using":"xpath","value":"//button[@aria-label=\"Create\"]"}
COMMAND: POST /session/457e17a5ac387caa92e8fd77ed96fa85/elements - {"using":"xpath","value":"//button[@aria-label=\"Create\"]"}
RESULT: {"using":"xpath","value":"//button[@aria-label=\"Create\"]"}
COMMAND: POST /session/457e17a5ac387caa92e8fd77ed96fa85/elements - {"using":"xpath","value":"//button[@aria-label=\"Create\"]"}
RESULT: {"using":"xpath","value":"//button[@aria-label=\"Create\"]"}
COMMAND: POST /session/457e17a5ac387caa92e8fd77ed96fa85/elements - {"using":"xpath","value":"//button[@aria-label=\"Create\"]"}
RESULT: {"using":"xpath","value":"//button[@aria-label=\"Create\"]"}
COMMAND: POST /session/457e17a5ac387caa92e8fd77ed96fa85/elements - {"using":"xpath","value":"//button[@aria-label=\"Create\"]"}
RESULT: {"using":"xpath","value":"//button[@aria-label=\"Create\"]"}
COMMAND: POST /session/457e17a5ac387caa92e8fd77ed96fa85/elements - {"using":"xpath","value":"//button[@aria-label=\"Create\"]"}
RESULT: {"using":"xpath","value":"//button[@aria-label=\"Create\"]"}
COMMAND: POST /session/457e17a5ac387caa92e8fd77ed96fa85/elements - {"using":"xpath","value":"//button[@aria-label=\"Create\"]"}
RESULT: {"using":"xpath","value":"//button[@aria-label=\"Create\"]"}
COMMAND: POST /session/457e17a5ac387caa92e8fd77ed96fa85/elements - {"using":"xpath","value":"//button[@aria-label=\"Create\"]"}
RESULT: {"using":"xpath","value":"//button[@aria-label=\"Create\"]"}
COMMAND: POST /session/457e17a5ac387caa92e8fd77ed96fa85/elements - {"using":"xpath","value":"//button[@aria-label=\"Create\"]"}
RESULT: {"using":"xpath","value":"//button[@aria-label=\"Create\"]"}
COMMAND: POST /session/457e17a5ac387caa92e8fd77ed96fa85/elements - {"using":"xpath","value":"//button[@aria-label=\"Create\"]"}
RESULT: {"using":"xpath","value":"//button[@aria-label=\"Create\"]"}
COMMAND: POST /session/457e17a5ac387caa92e8fd77ed96fa85/elements - {"using":"xpath","value":"//button[@aria-label=\"Create\"]"}
RESULT: {"using":"xpath","value":"//button[@aria-label=\"Create\"]"}
COMMAND: POST /session/457e17a5ac387caa92e8fd77ed96fa85/elements - {"using":"xpath","value":"//button[@aria-label=\"Create\"]"}
RESULT: {"using":"xpath","value":"//button[@aria-label=\"Create\"]"}
COMMAND: POST /session/457e17a5ac387caa92e8fd77ed96fa85/elements - {"using":"xpath","value":"//button[@aria-label=\"Create\"]"}
RESULT: {"using":"xpath","value":"//button[@aria-label=\"Create\"]"}
COMMAND: POST /session/457e17a5ac387caa92e8fd77ed96fa85/elements - {"using":"xpath","value":"//button[@aria-label=\"Create\"]"}
RESULT: {"using":"xpath","value":"//button[@aria-label=\"Create\"]"}
COMMAND: POST /session/457e17a5ac387caa92e8fd77ed96fa85/elements - {"using":"xpath","value":"//button[@aria-label=\"Create\"]"}
RESULT: {"using":"xpath","value":"//button[@aria-label=\"Create\"]"}
COMMAND: POST /session/457e17a5ac387caa92e8fd77ed96fa85/elements - {"using":"xpath","value":"//button[@aria-label=\"Create\"]"}
RESULT: {"using":"xpath","value":"//button[@aria-label=\"Create\"]"}
COMMAND: POST /session/457e17a5ac387caa92e8fd77ed96fa85/elements - {"using":"xpath","value":"//button[@aria-label=\"Create\"]"}
RESULT: {"using":"xpath","value":"//button[@aria-label=\"Create\"]"}
COMMAND: POST /session/457e17a5ac387caa92e8fd77ed96fa85/elements - {"using":"xpath","value":"//button[@aria-label=\"Create\"]"}
RESULT: {"using":"xpath","value":"//button[@aria-label=\"Create\"]"}
COMMAND: POST /session/457e17a5ac387caa92e8fd77ed96fa85/elements - {"using":"xpath","value":"//button[@aria-label=\"Create\"]"}
RESULT: {"using":"xpath","value":"//button[@aria-label=\"Create\"]"}
COMMAND: POST /session/457e17a5ac387caa92e8fd77ed96fa85/elements - {"using":"xpath","value":"//button[@aria-label=\"Create\"]"}
RESULT: {"using":"xpath","value":"//button[@aria-label=\"Create\"]"}
COMMAND: POST /session/457e17a5ac387caa92e8fd77ed96fa85/elements - {"using":"xpath","value":"//button[@aria-label=\"Create\"]"}
RESULT: {"using":"xpath","value":"//button[@aria-label=\"Create\"]"}
COMMAND: POST /session/457e17a5ac387caa92e8fd77ed96fa85/elements - {"using":"xpath","value":"//button[@aria-label=\"Create\"]"}
RESULT: {"using":"xpath","value":"//button[@aria-label=\"Create\"]"}
COMMAND: POST /session/457e17a5ac387caa92e8fd77ed96fa85/elements - {"using":"xpath","value":"//button[@aria-label=\"Create\"]"}
RESULT: {"using":"xpath","value":"//button[@aria-label=\"Create\"]"}
COMMAND: POST /session/457e17a5ac387caa92e8fd77ed96fa85/elements - {"using":"xpath","value":"//button[@aria-label=\"Create\"]"}
RESULT: {"using":"xpath","value":"//button[@aria-label=\"Create\"]"}
COMMAND: POST /session/457e17a5ac387caa92e8fd77ed96fa85/elements - {"using":"xpath","value":"//button[@aria-label=\"Create\"]"}
RESULT: {"using":"xpath","value":"//button[@aria-label=\"Create\"]"}
COMMAND: POST /session/457e17a5ac387caa92e8fd77ed96fa85/elements - {"using":"xpath","value":"//button[@aria-label=\"Create\"]"}
RESULT: {"using":"xpath","value":"//button[@aria-label=\"Create\"]"}
COMMAND: POST /session/457e17a5ac387caa92e8fd77ed96fa85/elements - {"using":"xpath","value":"//button[@aria-label=\"Create\"]"}
RESULT: {"using":"xpath","value":"//button[@aria-label=\"Create\"]"}
COMMAND: POST /session/457e17a5ac387caa92e8fd77ed96fa85/elements - {"using":"xpath","value":"//button[@aria-label=\"Create\"]"}
RESULT: {"using":"xpath","value":"//button[@aria-label=\"Create\"]"}
COMMAND: POST /session/457e17a5ac387caa92e8fd77ed96fa85/elements - {"using":"xpath","value":"//button[@aria-label=\"Create\"]"}
RESULT: {"using":"xpath","value":"//button[@aria-label=\"Create\"]"}
COMMAND: POST /session/457e17a5ac387caa92e8fd77ed96fa85/elements - {"using":"xpath","value":"//button[@aria-label=\"Create\"]"}
RESULT: {"using":"xpath","value":"//button[@aria-label=\"Create\"]"}
COMMAND: POST /session/457e17a5ac387caa92e8fd77ed96fa85/elements - {"using":"xpath","value":"//button[@aria-label=\"Create\"]"}
RESULT: {"using":"xpath","value":"//button[@aria-label=\"Create\"]"}
COMMAND: POST /session/457e17a5ac387caa92e8fd77ed96fa85/elements - {"using":"xpath","value":"//button[@aria-label=\"Create\"]"}
RESULT: {"using":"xpath","value":"//button[@aria-label=\"Create\"]"}
COMMAND: GET /session/457e17a5ac387caa92e8fd77ed96fa85/screenshot - {}
RESULT: {}
COMMAND: POST /session/457e17a5ac387caa92e8fd77ed96fa85/element - {"using":"css selector","value":"#j_username"}
COMMAND: POST /session/457e17a5ac387caa92e8fd77ed96fa85/url - {"url":"https://qa-testing-00-live-etm-ui.cfapps.eu10-004.hana.ondemand.com/"}
COMMAND: GET /session/457e17a5ac387caa92e8fd77ed96fa85/screenshot - {}
COMMAND: GET /session/457e17a5ac387caa92e8fd77ed96fa85/screenshot - {}
RESULT: {"using":"css selector","value":"#j_username"}
COMMAND: POST /session/457e17a5ac387caa92e8fd77ed96fa85/element - {"using":"css selector","value":"#j_username"}
RESULT: {"url":"https://qa-testing-00-live-etm-ui.cfapps.eu10-004.hana.ondemand.com/"}
RESULT: undefined
COMMAND: GET /session/457e17a5ac387caa92e8fd77ed96fa85/screenshot - {}
RESULT: {}
RESULT: {}
RESULT: {"using":"css selector","value":"#j_username"}
COMMAND: POST /session/457e17a5ac387caa92e8fd77ed96fa85/element - {"using":"css selector","value":"#shell-header-logo"}
RESULT: {}
RESULT: {"using":"css selector","value":"#shell-header-logo"}
COMMAND: POST /session/457e17a5ac387caa92e8fd77ed96fa85/execute/sync - {"script":"<script> [8489 bytes]","args":[{"element-6066-11e4-a52e-4f735466cecf":"f.926BFD6822BE6588C43F56A434E828F6.d.5800B388D4B0001B520636DB9EFF0C59.e.1668","ELEMENT":"f.926BFD6822BE6588C43F56A434E828F6.d.5800B388D4B0001B520636DB9EFF0C59.e.1668"}]}
RESULT: {"script":"<script> [8489 bytes]","args":[{"element-6066-11e4-a52e-4f735466cecf":"f.926BFD6822BE6588C43F56A434E828F6.d.5800B388D4B0001B520636DB9EFF0C59.e.1668","ELEMENT":"f.926BFD6822BE6588C43F56A434E828F6.d.5800B388D4B0001B520636DB9EFF0C59.e.1668"}]}
COMMAND: POST /session/457e17a5ac387caa92e8fd77ed96fa85/element - {"using":"css selector","value":"#shell-header-logo"}
COMMAND: GET /session/457e17a5ac387caa92e8fd77ed96fa85/screenshot - {}
RESULT: {"using":"css selector","value":"#shell-header-logo"}
COMMAND: POST /session/457e17a5ac387caa92e8fd77ed96fa85/execute/sync - {"script":"<script> [8489 bytes]","args":[{"element-6066-11e4-a52e-4f735466cecf":"f.926BFD6822BE6588C43F56A434E828F6.d.5800B388D4B0001B520636DB9EFF0C59.e.1668","ELEMENT":"f.926BFD6822BE6588C43F56A434E828F6.d.5800B388D4B0001B520636DB9EFF0C59.e.1668"}]}
RESULT: {}
RESULT: {"script":"<script> [8489 bytes]","args":[{"element-6066-11e4-a52e-4f735466cecf":"f.926BFD6822BE6588C43F56A434E828F6.d.5800B388D4B0001B520636DB9EFF0C59.e.1668","ELEMENT":"f.926BFD6822BE6588C43F56A434E828F6.d.5800B388D4B0001B520636DB9EFF0C59.e.1668"}]}
COMMAND: POST /session/457e17a5ac387caa92e8fd77ed96fa85/execute/sync - {"script":"<script> [5351 bytes]","args":[{"element-6066-11e4-a52e-4f735466cecf":"f.926BFD6822BE6588C43F56A434E828F6.d.5800B388D4B0001B520636DB9EFF0C59.e.1668","ELEMENT":"f.926BFD6822BE6588C43F56A434E828F6.d.5800B388D4B0001B520636DB9EFF0C59.e.1668"}]}
COMMAND: GET /session/457e17a5ac387caa92e8fd77ed96fa85/screenshot - {}
RESULT: {"script":"<script> [5351 bytes]","args":[{"element-6066-11e4-a52e-4f735466cecf":"f.926BFD6822BE6588C43F56A434E828F6.d.5800B388D4B0001B520636DB9EFF0C59.e.1668","ELEMENT":"f.926BFD6822BE6588C43F56A434E828F6.d.5800B388D4B0001B520636DB9EFF0C59.e.1668"}]}
COMMAND: POST /session/457e17a5ac387caa92e8fd77ed96fa85/element - {"using":"css selector","value":"#shell-header-logo"}
COMMAND: GET /session/457e17a5ac387caa92e8fd77ed96fa85/screenshot - {}
RESULT: {}
RESULT: {"using":"css selector","value":"#shell-header-logo"}
COMMAND: POST /session/457e17a5ac387caa92e8fd77ed96fa85/element/f.926BFD6822BE6588C43F56A434E828F6.d.5800B388D4B0001B520636DB9EFF0C59.e.1668/click - {}
RESULT: {}
RESULT: {}
COMMAND: GET /session/457e17a5ac387caa92e8fd77ed96fa85/screenshot - {}
RESULT: {}
COMMAND: POST /session/457e17a5ac387caa92e8fd77ed96fa85/execute/async - {"script":"<script> [189 bytes]","args":[]}
RESULT: {"script":"<script> [189 bytes]","args":[]}
COMMAND: POST /session/457e17a5ac387caa92e8fd77ed96fa85/execute/async - {"script":"<script> [123 bytes]","args":[]}
RESULT: {"script":"<script> [123 bytes]","args":[]}
COMMAND: POST /session/457e17a5ac387caa92e8fd77ed96fa85/timeouts - {"script":"<number>"}
RESULT: {"script":"<number>"}
COMMAND: GET /session/457e17a5ac387caa92e8fd77ed96fa85/timeouts - {}
RESULT: {}
RESULT: undefined
COMMAND: POST /session/457e17a5ac387caa92e8fd77ed96fa85/execute/async - {"script":"<script> [2676 bytes]","args":[]}
RESULT: {"script":"<script> [2676 bytes]","args":[]}
COMMAND: POST /session/457e17a5ac387caa92e8fd77ed96fa85/execute/async - {"script":"<script> [2342 bytes]","args":[{"protocol":"http","hostname":"0.0.0.0","path":"/","capabilities":{"browserName":"chrome","goog:chromeOptions":{"binary":"C:\\Program Files\\Google\\Chrome\\Application\\chrome.exe","args":["--start-maximized"]}},"logLevel":"warn","connectionRetryTimeout":120000,"connectionRetryCount":3,"logLevels":{},"enableDirectConnect":true,"strictSSL":true,"_":"65 more keys: [\"cacheDir\",\"port\",\"requestedCapabilities\",\"automationProtocol\",\"baseUrl\",\"waitforInterval\",\"waitforTimeout\",\"onReload\",\"beforeCommand\",\"afterCommand\",\"rootDir\",\"specs\",\"suites\",\"exclude\",\"groupLogsByTestSpec\",\"excludeDriverLogs\",\"bail\",\"framework\",\"reporters\",\"services\",\"maxInstances\",\"maxInstancesPerCapability\",\"injectGlobals\",\"filesToWatch\",\"execArgv\",\"runnerEnv\",\"runner\",\"shard\",\"specFileRetries\",\"specFileRetriesDelay\",\"specFileRetriesDeferred\",\"reporterSyncInterval\",\"reporterSyncTimeout\",\"cucumberFeaturesWithLineNumbers\",\"autoCompileOpts\",\"mochaOpts\",\"jasmineOpts\",\"cucumberOpts\",\"onPrepare\",\"onWorkerStart\",\"onWorkerEnd\",\"before\",\"beforeSession\",\"beforeSuite\",\"beforeHook\",\"beforeTest\",\"afterTest\",\"afterHook\",\"afterSuite\",\"afterSession\",\"after\",\"onComplete\",\"beforeAssertion\",\"afterAssertion\",\"beforeFeature\",\"beforeScenario\",\"beforeStep\",\"afterStep\",\"afterScenario\",\"afterFeature\",\"_\",\"suite\",\"$0\",\"ignoredWorkerServices\",\"wdi5\"]"}]}
RESULT: {"script":"<script> [2342 bytes]","args":[{"protocol":"http","hostname":"0.0.0.0","path":"/","capabilities":{"browserName":"chrome","goog:chromeOptions":{"binary":"C:\\Program Files\\Google\\Chrome\\Application\\chrome.exe","args":["--start-maximized"]}},"logLevel":"warn","connectionRetryTimeout":120000,"connectionRetryCount":3,"logLevels":{},"enableDirectConnect":true,"strictSSL":true,"_":"65 more keys: [\"cacheDir\",\"port\",\"requestedCapabilities\",\"automationProtocol\",\"baseUrl\",\"waitforInterval\",\"waitforTimeout\",\"onReload\",\"beforeCommand\",\"afterCommand\",\"rootDir\",\"specs\",\"suites\",\"exclude\",\"groupLogsByTestSpec\",\"excludeDriverLogs\",\"bail\",\"framework\",\"reporters\",\"services\",\"maxInstances\",\"maxInstancesPerCapability\",\"injectGlobals\",\"filesToWatch\",\"execArgv\",\"runnerEnv\",\"runner\",\"shard\",\"specFileRetries\",\"specFileRetriesDelay\",\"specFileRetriesDeferred\",\"reporterSyncInterval\",\"reporterSyncTimeout\",\"cucumberFeaturesWithLineNumbers\",\"autoCompileOpts\",\"mochaOpts\",\"jasmineOpts\",\"cucumberOpts\",\"onPrepare\",\"onWorkerStart\",\"onWorkerEnd\",\"before\",\"beforeSession\",\"beforeSuite\",\"beforeHook\",\"beforeTest\",\"afterTest\",\"afterHook\",\"afterSuite\",\"afterSession\",\"after\",\"onComplete\",\"beforeAssertion\",\"afterAssertion\",\"beforeFeature\",\"beforeScenario\",\"beforeStep\",\"afterStep\",\"afterScenario\",\"afterFeature\",\"_\",\"suite\",\"$0\",\"ignoredWorkerServices\",\"wdi5\"]"}]}
COMMAND: POST /session/457e17a5ac387caa92e8fd77ed96fa85/execute/async - {"script":"<script> [21126 bytes]","args":[35000]}
RESULT: {"script":"<script> [21126 bytes]","args":[35000]}
COMMAND: POST /session/457e17a5ac387caa92e8fd77ed96fa85/window/maximize - {}
RESULT: {}
COMMAND: POST /session/457e17a5ac387caa92e8fd77ed96fa85/execute/async - {"script":"<script> [1562 bytes]","args":[{"selector":{"id":"shell-header","interaction":{"idSuffix":"icon"}},"wdio_ui5_key":"shellheader"}]}
COMMAND: GET /session/457e17a5ac387caa92e8fd77ed96fa85/screenshot - {}
RESULT: {"script":"<script> [1562 bytes]","args":[{"selector":{"id":"shell-header","interaction":{"idSuffix":"icon"}},"wdio_ui5_key":"shellheader"}]}
RESULT: undefined
COMMAND: POST /session/457e17a5ac387caa92e8fd77ed96fa85/refresh - {}
RESULT: {}
RESULT: {}
COMMAND: GET /session/457e17a5ac387caa92e8fd77ed96fa85/screenshot - {}
RESULT: {}
COMMAND: POST /session/457e17a5ac387caa92e8fd77ed96fa85/refresh - {}
RESULT: {}
COMMAND: GET /session/457e17a5ac387caa92e8fd77ed96fa85/screenshot - {}
RESULT: {}
COMMAND: POST /session/457e17a5ac387caa92e8fd77ed96fa85/window/fullscreen - {}
RESULT: {}
COMMAND: POST /session/457e17a5ac387caa92e8fd77ed96fa85/execute/async - {"script":"<script> [189 bytes]","args":[]}
RESULT: {"script":"<script> [189 bytes]","args":[]}
COMMAND: POST /session/457e17a5ac387caa92e8fd77ed96fa85/execute/async - {"script":"<script> [123 bytes]","args":[]}
RESULT: {"script":"<script> [123 bytes]","args":[]}
COMMAND: POST /session/457e17a5ac387caa92e8fd77ed96fa85/timeouts - {"script":"<number>"}
RESULT: {"script":"<number>"}
COMMAND: GET /session/457e17a5ac387caa92e8fd77ed96fa85/timeouts - {}
RESULT: {}
RESULT: undefined
COMMAND: POST /session/457e17a5ac387caa92e8fd77ed96fa85/execute/async - {"script":"<script> [2676 bytes]","args":[]}
RESULT: {"script":"<script> [2676 bytes]","args":[]}
COMMAND: POST /session/457e17a5ac387caa92e8fd77ed96fa85/execute/async - {"script":"<script> [2342 bytes]","args":[{"protocol":"http","hostname":"0.0.0.0","path":"/","capabilities":{"browserName":"chrome","goog:chromeOptions":{"binary":"C:\\Program Files\\Google\\Chrome\\Application\\chrome.exe","args":["--start-maximized"]}},"logLevel":"warn","connectionRetryTimeout":120000,"connectionRetryCount":3,"logLevels":{},"enableDirectConnect":true,"strictSSL":true,"_":"65 more keys: [\"cacheDir\",\"port\",\"requestedCapabilities\",\"automationProtocol\",\"baseUrl\",\"waitforInterval\",\"waitforTimeout\",\"onReload\",\"beforeCommand\",\"afterCommand\",\"rootDir\",\"specs\",\"suites\",\"exclude\",\"groupLogsByTestSpec\",\"excludeDriverLogs\",\"bail\",\"framework\",\"reporters\",\"services\",\"maxInstances\",\"maxInstancesPerCapability\",\"injectGlobals\",\"filesToWatch\",\"execArgv\",\"runnerEnv\",\"runner\",\"shard\",\"specFileRetries\",\"specFileRetriesDelay\",\"specFileRetriesDeferred\",\"reporterSyncInterval\",\"reporterSyncTimeout\",\"cucumberFeaturesWithLineNumbers\",\"autoCompileOpts\",\"mochaOpts\",\"jasmineOpts\",\"cucumberOpts\",\"onPrepare\",\"onWorkerStart\",\"onWorkerEnd\",\"before\",\"beforeSession\",\"beforeSuite\",\"beforeHook\",\"beforeTest\",\"afterTest\",\"afterHook\",\"afterSuite\",\"afterSession\",\"after\",\"onComplete\",\"beforeAssertion\",\"afterAssertion\",\"beforeFeature\",\"beforeScenario\",\"beforeStep\",\"afterStep\",\"afterScenario\",\"afterFeature\",\"_\",\"suite\",\"$0\",\"ignoredWorkerServices\",\"wdi5\"]"}]}
RESULT: {"script":"<script> [2342 bytes]","args":[{"protocol":"http","hostname":"0.0.0.0","path":"/","capabilities":{"browserName":"chrome","goog:chromeOptions":{"binary":"C:\\Program Files\\Google\\Chrome\\Application\\chrome.exe","args":["--start-maximized"]}},"logLevel":"warn","connectionRetryTimeout":120000,"connectionRetryCount":3,"logLevels":{},"enableDirectConnect":true,"strictSSL":true,"_":"65 more keys: [\"cacheDir\",\"port\",\"requestedCapabilities\",\"automationProtocol\",\"baseUrl\",\"waitforInterval\",\"waitforTimeout\",\"onReload\",\"beforeCommand\",\"afterCommand\",\"rootDir\",\"specs\",\"suites\",\"exclude\",\"groupLogsByTestSpec\",\"excludeDriverLogs\",\"bail\",\"framework\",\"reporters\",\"services\",\"maxInstances\",\"maxInstancesPerCapability\",\"injectGlobals\",\"filesToWatch\",\"execArgv\",\"runnerEnv\",\"runner\",\"shard\",\"specFileRetries\",\"specFileRetriesDelay\",\"specFileRetriesDeferred\",\"reporterSyncInterval\",\"reporterSyncTimeout\",\"cucumberFeaturesWithLineNumbers\",\"autoCompileOpts\",\"mochaOpts\",\"jasmineOpts\",\"cucumberOpts\",\"onPrepare\",\"onWorkerStart\",\"onWorkerEnd\",\"before\",\"beforeSession\",\"beforeSuite\",\"beforeHook\",\"beforeTest\",\"afterTest\",\"afterHook\",\"afterSuite\",\"afterSession\",\"after\",\"onComplete\",\"beforeAssertion\",\"afterAssertion\",\"beforeFeature\",\"beforeScenario\",\"beforeStep\",\"afterStep\",\"afterScenario\",\"afterFeature\",\"_\",\"suite\",\"$0\",\"ignoredWorkerServices\",\"wdi5\"]"}]}
COMMAND: POST /session/457e17a5ac387caa92e8fd77ed96fa85/execute/async - {"script":"<script> [21126 bytes]","args":[35000]}
RESULT: {"script":"<script> [21126 bytes]","args":[35000]}
]]></system-out>
      <system-err><![CDATA[
Error: element ("//button[@aria-label="Create"]") still not existing after 45000ms
    at async UtilsPrerequisites.pricingConditionCreation (D:\a\1\s\test\specs\BTS\prerequisites-and-utils-functions.js:1433:9)
    at async Context.<anonymous> (D:\a\1\s\test\specs\BTS\create-condition-pricing.spec.js:35:9)
]]></system-err>
    </testcase>
  </testsuite>
  <testsuite timestamp="2025-05-27T17:11:57" time="141.38" tests="3" failures="0" errors="0" skipped="0">
    <properties>
      <property name="specId" value="0"/>
      <property name="suiteName" value="Set up pricing rule(OT) 104624"/>
      <property name="capabilities" value="chrome.136_0_7103_93.windows"/>
      <property name="file" value="file:///D:/a/1/s/test/specs/BTS/create-pricing-rule.spec.js"/>
    </properties>
    <testcase classname="chrome.136_0_7103_93.windows.Set_up_pricing_rule(OT)_104624" name="Should create a new yard used for all following tests" time="0.024">
      <system-out><![CDATA[
COMMAND: POST /session/457e17a5ac387caa92e8fd77ed96fa85/window/fullscreen - {}
RESULT: {}
]]></system-out>
    </testcase>
    <testcase classname="chrome.136_0_7103_93.windows.Set_up_pricing_rule(OT)_104624" name="Should create a new equipment used for all following tests" time="0.007"/>
    <testcase classname="chrome.136_0_7103_93.windows.Set_up_pricing_rule(OT)_104624" name="Should create new pricing rule on the created resource from earlier module or above" time="85.912">
      <system-out><![CDATA[
COMMAND: POST /session/457e17a5ac387caa92e8fd77ed96fa85/execute/async - {"script":"<script> [1562 bytes]","args":[{"selector":{"controlType":"sap.m.GenericTile","properties":{"header":"Manage Pricing Rules"}},"wdio_ui5_key":"sapm.GenericTile{\"header\":\"Manage Pricing Rules\"}"}]}
RESULT: {"script":"<script> [1562 bytes]","args":[{"selector":{"controlType":"sap.m.GenericTile","properties":{"header":"Manage Pricing Rules"}},"wdio_ui5_key":"sapm.GenericTile{\"header\":\"Manage Pricing Rules\"}"}]}
RESULT: undefined
COMMAND: POST /session/457e17a5ac387caa92e8fd77ed96fa85/element - {"using":"xpath","value":"//*[@id=\"__tile55\"]"}
RESULT: {"using":"xpath","value":"//*[@id=\"__tile55\"]"}
COMMAND: POST /session/457e17a5ac387caa92e8fd77ed96fa85/element/f.926BFD6822BE6588C43F56A434E828F6.d.F0EA3ADF1B270576B67BB3B3E344FFCF.e.1914/click - {}
RESULT: {}
COMMAND: GET /session/457e17a5ac387caa92e8fd77ed96fa85/screenshot - {}
RESULT: {}
COMMAND: POST /session/457e17a5ac387caa92e8fd77ed96fa85/elements - {"using":"xpath","value":"//span[text()='Error']"}
RESULT: {"using":"xpath","value":"//span[text()='Error']"}
COMMAND: POST /session/457e17a5ac387caa92e8fd77ed96fa85/execute/async - {"script":"<script> [1562 bytes]","args":[{"selector":{"controlType":"sap.ui.core.Icon","viewName":"etm.portal.ui.managepricingrules.view.MasterHeader","viewId":"application-managepricingrules-display-component---priceInfoHeader","properties":{"src":{"regex":{"source":"activity\\-items"}}}},"wdio_ui5_key":"etmportal.ui.managepricingrules.view.MasterHeadersap.ui.core.Icon{\"src\":{\"regex\":{\"source\":\"activity\\\\-items\"}}}"}]}
RESULT: {"script":"<script> [1562 bytes]","args":[{"selector":{"controlType":"sap.ui.core.Icon","viewName":"etm.portal.ui.managepricingrules.view.MasterHeader","viewId":"application-managepricingrules-display-component---priceInfoHeader","properties":{"src":{"regex":{"source":"activity\\-items"}}}},"wdio_ui5_key":"etmportal.ui.managepricingrules.view.MasterHeadersap.ui.core.Icon{\"src\":{\"regex\":{\"source\":\"activity\\\\-items\"}}}"}]}
RESULT: undefined
COMMAND: POST /session/457e17a5ac387caa92e8fd77ed96fa85/element - {"using":"xpath","value":"//*[@id=\"__filter1-icon\"]"}
RESULT: {"using":"xpath","value":"//*[@id=\"__filter1-icon\"]"}
COMMAND: POST /session/457e17a5ac387caa92e8fd77ed96fa85/element/f.926BFD6822BE6588C43F56A434E828F6.d.F0EA3ADF1B270576B67BB3B3E344FFCF.e.1969/click - {}
RESULT: {}
COMMAND: GET /session/457e17a5ac387caa92e8fd77ed96fa85/screenshot - {}
RESULT: {}
COMMAND: POST /session/457e17a5ac387caa92e8fd77ed96fa85/element - {"using":"xpath","value":"//button[@data-kt=\"addButton\"]"}
RESULT: {"using":"xpath","value":"//button[@data-kt=\"addButton\"]"}
COMMAND: POST /session/457e17a5ac387caa92e8fd77ed96fa85/elements - {"using":"xpath","value":"//button[@data-kt=\"addButton\"]"}
RESULT: {"using":"xpath","value":"//button[@data-kt=\"addButton\"]"}
COMMAND: POST /session/457e17a5ac387caa92e8fd77ed96fa85/execute/sync - {"script":"<script> [8489 bytes]","args":[{"element-6066-11e4-a52e-4f735466cecf":"f.926BFD6822BE6588C43F56A434E828F6.d.F0EA3ADF1B270576B67BB3B3E344FFCF.e.2009","ELEMENT":"f.926BFD6822BE6588C43F56A434E828F6.d.F0EA3ADF1B270576B67BB3B3E344FFCF.e.2009"}]}
RESULT: {"script":"<script> [8489 bytes]","args":[{"element-6066-11e4-a52e-4f735466cecf":"f.926BFD6822BE6588C43F56A434E828F6.d.F0EA3ADF1B270576B67BB3B3E344FFCF.e.2009","ELEMENT":"f.926BFD6822BE6588C43F56A434E828F6.d.F0EA3ADF1B270576B67BB3B3E344FFCF.e.2009"}]}
COMMAND: GET /session/457e17a5ac387caa92e8fd77ed96fa85/element/f.926BFD6822BE6588C43F56A434E828F6.d.F0EA3ADF1B270576B67BB3B3E344FFCF.e.2009/enabled - {}
COMMAND: GET /session/457e17a5ac387caa92e8fd77ed96fa85/screenshot - {}
RESULT: {}
COMMAND: POST /session/457e17a5ac387caa92e8fd77ed96fa85/execute/sync - {"script":"<script> [8489 bytes]","args":[{"element-6066-11e4-a52e-4f735466cecf":"f.926BFD6822BE6588C43F56A434E828F6.d.F0EA3ADF1B270576B67BB3B3E344FFCF.e.2009","ELEMENT":"f.926BFD6822BE6588C43F56A434E828F6.d.F0EA3ADF1B270576B67BB3B3E344FFCF.e.2009"}]}
COMMAND: GET /session/457e17a5ac387caa92e8fd77ed96fa85/screenshot - {}
RESULT: {}
RESULT: {"script":"<script> [8489 bytes]","args":[{"element-6066-11e4-a52e-4f735466cecf":"f.926BFD6822BE6588C43F56A434E828F6.d.F0EA3ADF1B270576B67BB3B3E344FFCF.e.2009","ELEMENT":"f.926BFD6822BE6588C43F56A434E828F6.d.F0EA3ADF1B270576B67BB3B3E344FFCF.e.2009"}]}
COMMAND: POST /session/457e17a5ac387caa92e8fd77ed96fa85/execute/sync - {"script":"<script> [5351 bytes]","args":[{"element-6066-11e4-a52e-4f735466cecf":"f.926BFD6822BE6588C43F56A434E828F6.d.F0EA3ADF1B270576B67BB3B3E344FFCF.e.2009","ELEMENT":"f.926BFD6822BE6588C43F56A434E828F6.d.F0EA3ADF1B270576B67BB3B3E344FFCF.e.2009"}]}
COMMAND: GET /session/457e17a5ac387caa92e8fd77ed96fa85/screenshot - {}
RESULT: {}
RESULT: {"script":"<script> [5351 bytes]","args":[{"element-6066-11e4-a52e-4f735466cecf":"f.926BFD6822BE6588C43F56A434E828F6.d.F0EA3ADF1B270576B67BB3B3E344FFCF.e.2009","ELEMENT":"f.926BFD6822BE6588C43F56A434E828F6.d.F0EA3ADF1B270576B67BB3B3E344FFCF.e.2009"}]}
COMMAND: POST /session/457e17a5ac387caa92e8fd77ed96fa85/element/f.926BFD6822BE6588C43F56A434E828F6.d.F0EA3ADF1B270576B67BB3B3E344FFCF.e.2009/click - {}
COMMAND: GET /session/457e17a5ac387caa92e8fd77ed96fa85/screenshot - {}
RESULT: {}
RESULT: {}
COMMAND: GET /session/457e17a5ac387caa92e8fd77ed96fa85/screenshot - {}
RESULT: {}
RESULT: {}
COMMAND: POST /session/457e17a5ac387caa92e8fd77ed96fa85/execute/async - {"script":"<script> [1562 bytes]","args":[{"selector":{"controlType":"sap.m.Title","viewName":"etm.portal.ui.managepricingrules.view.NewItem","viewId":"application-managepricingrules-display-component---newInfoPriceItem","properties":{"text":"New Pricing Rules - Item Level"}},"wdio_ui5_key":"etmportal.ui.managepricingrules.view.NewItemsap.m.Title{\"text\":\"New Pricing Rules - Item Level\"}"}]}
RESULT: {"script":"<script> [1562 bytes]","args":[{"selector":{"controlType":"sap.m.Title","viewName":"etm.portal.ui.managepricingrules.view.NewItem","viewId":"application-managepricingrules-display-component---newInfoPriceItem","properties":{"text":"New Pricing Rules - Item Level"}},"wdio_ui5_key":"etmportal.ui.managepricingrules.view.NewItemsap.m.Title{\"text\":\"New Pricing Rules - Item Level\"}"}]}
RESULT: undefined
COMMAND: POST /session/457e17a5ac387caa92e8fd77ed96fa85/execute/async - {"script":"<script> [6424 bytes]","args":[{"element-6066-11e4-a52e-4f735466cecf":"f.926BFD6822BE6588C43F56A434E828F6.d.F0EA3ADF1B270576B67BB3B3E344FFCF.e.2155"},"getText",[]]}
RESULT: {"script":"<script> [6424 bytes]","args":[{"element-6066-11e4-a52e-4f735466cecf":"f.926BFD6822BE6588C43F56A434E828F6.d.F0EA3ADF1B270576B67BB3B3E344FFCF.e.2155"},"getText",[]]}
COMMAND: POST /session/457e17a5ac387caa92e8fd77ed96fa85/execute/async - {"script":"<script> [1562 bytes]","args":[{"selector":{"id":"application-managepricingrules-display-component---newInfoPriceItem--condValidTo","interaction":{"idSuffix":"inner"}},"wdio_ui5_key":"applicationmanagepricingrules-display-component---newInfoPriceItem--condValidTo"}]}
RESULT: {"script":"<script> [1562 bytes]","args":[{"selector":{"id":"application-managepricingrules-display-component---newInfoPriceItem--condValidTo","interaction":{"idSuffix":"inner"}},"wdio_ui5_key":"applicationmanagepricingrules-display-component---newInfoPriceItem--condValidTo"}]}
RESULT: undefined
COMMAND: POST /session/457e17a5ac387caa92e8fd77ed96fa85/execute/async - {"script":"<script> [776 bytes]","args":[{"enterText":"1/27/26","selector":{"id":"application-managepricingrules-display-component---newInfoPriceItem--condValidTo","interaction":{"idSuffix":"inner"}},"clearTextFirst":true,"interactionType":"ENTER_TEXT"}]}
RESULT: {"script":"<script> [776 bytes]","args":[{"enterText":"1/27/26","selector":{"id":"application-managepricingrules-display-component---newInfoPriceItem--condValidTo","interaction":{"idSuffix":"inner"}},"clearTextFirst":true,"interactionType":"ENTER_TEXT"}]}
COMMAND: POST /session/457e17a5ac387caa92e8fd77ed96fa85/element - {"using":"xpath","value":"//input[@id=\"application-managepricingrules-display-component---newInfoPriceItem--condRU-inner\"]"}
RESULT: {"using":"xpath","value":"//input[@id=\"application-managepricingrules-display-component---newInfoPriceItem--condRU-inner\"]"}
COMMAND: POST /session/457e17a5ac387caa92e8fd77ed96fa85/element/f.926BFD6822BE6588C43F56A434E828F6.d.F0EA3ADF1B270576B67BB3B3E344FFCF.e.2119/clear - {}
RESULT: {}
COMMAND: POST /session/457e17a5ac387caa92e8fd77ed96fa85/element/f.926BFD6822BE6588C43F56A434E828F6.d.F0EA3ADF1B270576B67BB3B3E344FFCF.e.2119/value - {"text":"f6ekDxV7t2"}
COMMAND: GET /session/457e17a5ac387caa92e8fd77ed96fa85/screenshot - {}
RESULT: {"text":"f6ekDxV7t2"}
COMMAND: GET /session/457e17a5ac387caa92e8fd77ed96fa85/screenshot - {}
RESULT: {}
RESULT: {}
COMMAND: POST /session/457e17a5ac387caa92e8fd77ed96fa85/execute/async - {"script":"<script> [1562 bytes]","args":[{"selector":{"id":"application-managepricingrules-display-component---newInfoPriceItem--billType-arrow"},"wdio_ui5_key":"applicationmanagepricingrules-display-component---newInfoPriceItem--billType-arrow"}]}
RESULT: {"script":"<script> [1562 bytes]","args":[{"selector":{"id":"application-managepricingrules-display-component---newInfoPriceItem--billType-arrow"},"wdio_ui5_key":"applicationmanagepricingrules-display-component---newInfoPriceItem--billType-arrow"}]}
RESULT: undefined
COMMAND: POST /session/457e17a5ac387caa92e8fd77ed96fa85/element - {"using":"xpath","value":"//*[@id=\"application-managepricingrules-display-component---newInfoPriceItem--billType-arrow\"]"}
RESULT: {"using":"xpath","value":"//*[@id=\"application-managepricingrules-display-component---newInfoPriceItem--billType-arrow\"]"}
COMMAND: POST /session/457e17a5ac387caa92e8fd77ed96fa85/element/f.926BFD6822BE6588C43F56A434E828F6.d.F0EA3ADF1B270576B67BB3B3E344FFCF.e.2224/click - {}
RESULT: {}
COMMAND: POST /session/457e17a5ac387caa92e8fd77ed96fa85/element - {"using":"xpath","value":"//span[contains(text(), \"OT - Sales (one-time)\")]"}
COMMAND: GET /session/457e17a5ac387caa92e8fd77ed96fa85/screenshot - {}
RESULT: {"using":"xpath","value":"//span[contains(text(), \"OT - Sales (one-time)\")]"}
COMMAND: POST /session/457e17a5ac387caa92e8fd77ed96fa85/element/f.926BFD6822BE6588C43F56A434E828F6.d.F0EA3ADF1B270576B67BB3B3E344FFCF.e.2265/click - {}
RESULT: {}
RESULT: {}
COMMAND: POST /session/457e17a5ac387caa92e8fd77ed96fa85/execute/async - {"script":"<script> [1562 bytes]","args":[{"selector":{"id":"application-managepricingrules-display-component---newInfoPriceItem--priceProc-arrow"},"wdio_ui5_key":"applicationmanagepricingrules-display-component---newInfoPriceItem--priceProc-arrow"}]}
COMMAND: GET /session/457e17a5ac387caa92e8fd77ed96fa85/screenshot - {}
RESULT: {"script":"<script> [1562 bytes]","args":[{"selector":{"id":"application-managepricingrules-display-component---newInfoPriceItem--priceProc-arrow"},"wdio_ui5_key":"applicationmanagepricingrules-display-component---newInfoPriceItem--priceProc-arrow"}]}
RESULT: undefined
COMMAND: POST /session/457e17a5ac387caa92e8fd77ed96fa85/element - {"using":"xpath","value":"//*[@id=\"application-managepricingrules-display-component---newInfoPriceItem--priceProc-arrow\"]"}
RESULT: {}
RESULT: {"using":"xpath","value":"//*[@id=\"application-managepricingrules-display-component---newInfoPriceItem--priceProc-arrow\"]"}
COMMAND: POST /session/457e17a5ac387caa92e8fd77ed96fa85/element/f.926BFD6822BE6588C43F56A434E828F6.d.F0EA3ADF1B270576B67BB3B3E344FFCF.e.2231/click - {}
RESULT: {}
COMMAND: POST /session/457e17a5ac387caa92e8fd77ed96fa85/element - {"using":"xpath","value":"//span[contains(text(), \"MAT - Material\")]"}
COMMAND: GET /session/457e17a5ac387caa92e8fd77ed96fa85/screenshot - {}
RESULT: {"using":"xpath","value":"//span[contains(text(), \"MAT - Material\")]"}
COMMAND: POST /session/457e17a5ac387caa92e8fd77ed96fa85/element/f.926BFD6822BE6588C43F56A434E828F6.d.F0EA3ADF1B270576B67BB3B3E344FFCF.e.2266/click - {}
RESULT: {}
RESULT: {}
COMMAND: POST /session/457e17a5ac387caa92e8fd77ed96fa85/execute/async - {"script":"<script> [1562 bytes]","args":[{"selector":{"id":"application-managepricingrules-display-component---newInfoPriceItem--calcBase-arrow"},"wdio_ui5_key":"applicationmanagepricingrules-display-component---newInfoPriceItem--calcBase-arrow"}]}
COMMAND: GET /session/457e17a5ac387caa92e8fd77ed96fa85/screenshot - {}
RESULT: {"script":"<script> [1562 bytes]","args":[{"selector":{"id":"application-managepricingrules-display-component---newInfoPriceItem--calcBase-arrow"},"wdio_ui5_key":"applicationmanagepricingrules-display-component---newInfoPriceItem--calcBase-arrow"}]}
RESULT: undefined
COMMAND: POST /session/457e17a5ac387caa92e8fd77ed96fa85/element - {"using":"xpath","value":"//*[@id=\"application-managepricingrules-display-component---newInfoPriceItem--calcBase-arrow\"]"}
RESULT: {}
RESULT: {"using":"xpath","value":"//*[@id=\"application-managepricingrules-display-component---newInfoPriceItem--calcBase-arrow\"]"}
COMMAND: POST /session/457e17a5ac387caa92e8fd77ed96fa85/element/f.926BFD6822BE6588C43F56A434E828F6.d.F0EA3ADF1B270576B67BB3B3E344FFCF.e.2238/click - {}
RESULT: {}
COMMAND: GET /session/457e17a5ac387caa92e8fd77ed96fa85/screenshot - {}
RESULT: {}
COMMAND: POST /session/457e17a5ac387caa92e8fd77ed96fa85/element - {"using":"xpath","value":"//span[contains(text(), \"0001 - TB(exact month + cal_days)\")]"}
RESULT: {"using":"xpath","value":"//span[contains(text(), \"0001 - TB(exact month + cal_days)\")]"}
COMMAND: POST /session/457e17a5ac387caa92e8fd77ed96fa85/element/f.926BFD6822BE6588C43F56A434E828F6.d.F0EA3ADF1B270576B67BB3B3E344FFCF.e.2267/click - {}
RESULT: {}
COMMAND: GET /session/457e17a5ac387caa92e8fd77ed96fa85/screenshot - {}
RESULT: {}
COMMAND: POST /session/457e17a5ac387caa92e8fd77ed96fa85/element - {"using":"xpath","value":"//button[@data-kt=\"saveNewRuleButton\"]"}
RESULT: {"using":"xpath","value":"//button[@data-kt=\"saveNewRuleButton\"]"}
COMMAND: POST /session/457e17a5ac387caa92e8fd77ed96fa85/element/f.926BFD6822BE6588C43F56A434E828F6.d.F0EA3ADF1B270576B67BB3B3E344FFCF.e.2258/click - {}
RESULT: {}
COMMAND: GET /session/457e17a5ac387caa92e8fd77ed96fa85/screenshot - {}
RESULT: {}
COMMAND: POST /session/457e17a5ac387caa92e8fd77ed96fa85/execute/async - {"script":"<script> [1562 bytes]","args":[{"selector":{"id":"application-managepricingrules-display-component---priceInfoItem--smartFilterBar-btnBasicSearch","interaction":{"idSuffix":"I"}},"wdio_ui5_key":"applicationmanagepricingrules-display-component---priceInfoItem--smartFilterBar-btnBasicSearch"}]}
RESULT: {"script":"<script> [1562 bytes]","args":[{"selector":{"id":"application-managepricingrules-display-component---priceInfoItem--smartFilterBar-btnBasicSearch","interaction":{"idSuffix":"I"}},"wdio_ui5_key":"applicationmanagepricingrules-display-component---priceInfoItem--smartFilterBar-btnBasicSearch"}]}
RESULT: undefined
COMMAND: POST /session/457e17a5ac387caa92e8fd77ed96fa85/execute/async - {"script":"<script> [776 bytes]","args":[{"enterText":"f6ekDxV7t2","selector":{"id":"application-managepricingrules-display-component---priceInfoItem--smartFilterBar-btnBasicSearch","interaction":{"idSuffix":"I"}},"clearTextFirst":true,"interactionType":"ENTER_TEXT"}]}
RESULT: {"script":"<script> [776 bytes]","args":[{"enterText":"f6ekDxV7t2","selector":{"id":"application-managepricingrules-display-component---priceInfoItem--smartFilterBar-btnBasicSearch","interaction":{"idSuffix":"I"}},"clearTextFirst":true,"interactionType":"ENTER_TEXT"}]}
COMMAND: POST /session/457e17a5ac387caa92e8fd77ed96fa85/actions - {"actions":[{"id":"action6","type":"key","parameters":{},"actions":[{"type":"keyDown","value":""},{"type":"pause","duration":10},{"type":"keyUp","value":""}]}]}
RESULT: {"actions":[{"id":"action6","type":"key","parameters":{},"actions":[{"type":"keyDown","value":""},{"type":"pause","duration":10},{"type":"keyUp","value":""}]}]}
COMMAND: GET /session/457e17a5ac387caa92e8fd77ed96fa85/screenshot - {}
RESULT: {}
COMMAND: POST /session/457e17a5ac387caa92e8fd77ed96fa85/element - {"using":"xpath","value":"//span[@id=\"application-managepricingrules-display-component---priceInfoItem--smartTable-header-inner\"]"}
RESULT: {"using":"xpath","value":"//span[@id=\"application-managepricingrules-display-component---priceInfoItem--smartTable-header-inner\"]"}
COMMAND: POST /session/457e17a5ac387caa92e8fd77ed96fa85/elements - {"using":"xpath","value":"//span[@id=\"application-managepricingrules-display-component---priceInfoItem--smartTable-header-inner\"]"}
RESULT: {"using":"xpath","value":"//span[@id=\"application-managepricingrules-display-component---priceInfoItem--smartTable-header-inner\"]"}
COMMAND: POST /session/457e17a5ac387caa92e8fd77ed96fa85/execute/sync - {"script":"<script> [56 bytes]","args":[{"element-6066-11e4-a52e-4f735466cecf":"f.926BFD6822BE6588C43F56A434E828F6.d.F0EA3ADF1B270576B67BB3B3E344FFCF.e.2309","ELEMENT":"f.926BFD6822BE6588C43F56A434E828F6.d.F0EA3ADF1B270576B67BB3B3E344FFCF.e.2309"}]}
RESULT: {"script":"<script> [56 bytes]","args":[{"element-6066-11e4-a52e-4f735466cecf":"f.926BFD6822BE6588C43F56A434E828F6.d.F0EA3ADF1B270576B67BB3B3E344FFCF.e.2309","ELEMENT":"f.926BFD6822BE6588C43F56A434E828F6.d.F0EA3ADF1B270576B67BB3B3E344FFCF.e.2309"}]}
COMMAND: POST /session/457e17a5ac387caa92e8fd77ed96fa85/element - {"using":"css selector","value":"#shell-header-logo"}
COMMAND: GET /session/457e17a5ac387caa92e8fd77ed96fa85/screenshot - {}
RESULT: {"using":"css selector","value":"#shell-header-logo"}
COMMAND: POST /session/457e17a5ac387caa92e8fd77ed96fa85/element/f.926BFD6822BE6588C43F56A434E828F6.d.F0EA3ADF1B270576B67BB3B3E344FFCF.e.1920/click - {}
RESULT: {}
RESULT: {}
COMMAND: GET /session/457e17a5ac387caa92e8fd77ed96fa85/screenshot - {}
RESULT: {}
COMMAND: POST /session/457e17a5ac387caa92e8fd77ed96fa85/element - {"using":"css selector","value":"#j_username"}
COMMAND: POST /session/457e17a5ac387caa92e8fd77ed96fa85/url - {"url":"https://qa-testing-00-live-etm-ui.cfapps.eu10-004.hana.ondemand.com/"}
RESULT: {"using":"css selector","value":"#j_username"}
COMMAND: POST /session/457e17a5ac387caa92e8fd77ed96fa85/element - {"using":"css selector","value":"#j_username"}
RESULT: {"url":"https://qa-testing-00-live-etm-ui.cfapps.eu10-004.hana.ondemand.com/"}
RESULT: undefined
COMMAND: GET /session/457e17a5ac387caa92e8fd77ed96fa85/screenshot - {}
RESULT: {"using":"css selector","value":"#j_username"}
COMMAND: POST /session/457e17a5ac387caa92e8fd77ed96fa85/element - {"using":"css selector","value":"#shell-header-logo"}
RESULT: {}
RESULT: {"using":"css selector","value":"#shell-header-logo"}
COMMAND: POST /session/457e17a5ac387caa92e8fd77ed96fa85/execute/sync - {"script":"<script> [8489 bytes]","args":[{"element-6066-11e4-a52e-4f735466cecf":"f.926BFD6822BE6588C43F56A434E828F6.d.0E35E4F8C2CCEF0F085F21D9C83E8F62.e.2317","ELEMENT":"f.926BFD6822BE6588C43F56A434E828F6.d.0E35E4F8C2CCEF0F085F21D9C83E8F62.e.2317"}]}
RESULT: {"script":"<script> [8489 bytes]","args":[{"element-6066-11e4-a52e-4f735466cecf":"f.926BFD6822BE6588C43F56A434E828F6.d.0E35E4F8C2CCEF0F085F21D9C83E8F62.e.2317","ELEMENT":"f.926BFD6822BE6588C43F56A434E828F6.d.0E35E4F8C2CCEF0F085F21D9C83E8F62.e.2317"}]}
COMMAND: POST /session/457e17a5ac387caa92e8fd77ed96fa85/element - {"using":"css selector","value":"#shell-header-logo"}
COMMAND: GET /session/457e17a5ac387caa92e8fd77ed96fa85/screenshot - {}
RESULT: {"using":"css selector","value":"#shell-header-logo"}
COMMAND: POST /session/457e17a5ac387caa92e8fd77ed96fa85/execute/sync - {"script":"<script> [8489 bytes]","args":[{"element-6066-11e4-a52e-4f735466cecf":"f.926BFD6822BE6588C43F56A434E828F6.d.0E35E4F8C2CCEF0F085F21D9C83E8F62.e.2317","ELEMENT":"f.926BFD6822BE6588C43F56A434E828F6.d.0E35E4F8C2CCEF0F085F21D9C83E8F62.e.2317"}]}
RESULT: {}
RESULT: {"script":"<script> [8489 bytes]","args":[{"element-6066-11e4-a52e-4f735466cecf":"f.926BFD6822BE6588C43F56A434E828F6.d.0E35E4F8C2CCEF0F085F21D9C83E8F62.e.2317","ELEMENT":"f.926BFD6822BE6588C43F56A434E828F6.d.0E35E4F8C2CCEF0F085F21D9C83E8F62.e.2317"}]}
COMMAND: POST /session/457e17a5ac387caa92e8fd77ed96fa85/execute/sync - {"script":"<script> [5351 bytes]","args":[{"element-6066-11e4-a52e-4f735466cecf":"f.926BFD6822BE6588C43F56A434E828F6.d.0E35E4F8C2CCEF0F085F21D9C83E8F62.e.2317","ELEMENT":"f.926BFD6822BE6588C43F56A434E828F6.d.0E35E4F8C2CCEF0F085F21D9C83E8F62.e.2317"}]}
COMMAND: GET /session/457e17a5ac387caa92e8fd77ed96fa85/screenshot - {}
RESULT: {"script":"<script> [5351 bytes]","args":[{"element-6066-11e4-a52e-4f735466cecf":"f.926BFD6822BE6588C43F56A434E828F6.d.0E35E4F8C2CCEF0F085F21D9C83E8F62.e.2317","ELEMENT":"f.926BFD6822BE6588C43F56A434E828F6.d.0E35E4F8C2CCEF0F085F21D9C83E8F62.e.2317"}]}
COMMAND: POST /session/457e17a5ac387caa92e8fd77ed96fa85/element - {"using":"css selector","value":"#shell-header-logo"}
COMMAND: GET /session/457e17a5ac387caa92e8fd77ed96fa85/screenshot - {}
RESULT: {}
RESULT: {"using":"css selector","value":"#shell-header-logo"}
COMMAND: POST /session/457e17a5ac387caa92e8fd77ed96fa85/element/f.926BFD6822BE6588C43F56A434E828F6.d.0E35E4F8C2CCEF0F085F21D9C83E8F62.e.2317/click - {}
RESULT: {}
RESULT: {}
COMMAND: GET /session/457e17a5ac387caa92e8fd77ed96fa85/screenshot - {}
RESULT: {}
COMMAND: POST /session/457e17a5ac387caa92e8fd77ed96fa85/execute/async - {"script":"<script> [189 bytes]","args":[]}
RESULT: {"script":"<script> [189 bytes]","args":[]}
COMMAND: POST /session/457e17a5ac387caa92e8fd77ed96fa85/execute/async - {"script":"<script> [123 bytes]","args":[]}
RESULT: {"script":"<script> [123 bytes]","args":[]}
COMMAND: POST /session/457e17a5ac387caa92e8fd77ed96fa85/timeouts - {"script":"<number>"}
RESULT: {"script":"<number>"}
COMMAND: GET /session/457e17a5ac387caa92e8fd77ed96fa85/timeouts - {}
RESULT: {}
RESULT: undefined
COMMAND: POST /session/457e17a5ac387caa92e8fd77ed96fa85/execute/async - {"script":"<script> [2676 bytes]","args":[]}
RESULT: {"script":"<script> [2676 bytes]","args":[]}
COMMAND: POST /session/457e17a5ac387caa92e8fd77ed96fa85/execute/async - {"script":"<script> [2342 bytes]","args":[{"protocol":"http","hostname":"0.0.0.0","path":"/","capabilities":{"browserName":"chrome","goog:chromeOptions":{"binary":"C:\\Program Files\\Google\\Chrome\\Application\\chrome.exe","args":["--start-maximized"]}},"logLevel":"warn","connectionRetryTimeout":120000,"connectionRetryCount":3,"logLevels":{},"enableDirectConnect":true,"strictSSL":true,"_":"65 more keys: [\"cacheDir\",\"port\",\"requestedCapabilities\",\"automationProtocol\",\"baseUrl\",\"waitforInterval\",\"waitforTimeout\",\"onReload\",\"beforeCommand\",\"afterCommand\",\"rootDir\",\"specs\",\"suites\",\"exclude\",\"groupLogsByTestSpec\",\"excludeDriverLogs\",\"bail\",\"framework\",\"reporters\",\"services\",\"maxInstances\",\"maxInstancesPerCapability\",\"injectGlobals\",\"filesToWatch\",\"execArgv\",\"runnerEnv\",\"runner\",\"shard\",\"specFileRetries\",\"specFileRetriesDelay\",\"specFileRetriesDeferred\",\"reporterSyncInterval\",\"reporterSyncTimeout\",\"cucumberFeaturesWithLineNumbers\",\"autoCompileOpts\",\"mochaOpts\",\"jasmineOpts\",\"cucumberOpts\",\"onPrepare\",\"onWorkerStart\",\"onWorkerEnd\",\"before\",\"beforeSession\",\"beforeSuite\",\"beforeHook\",\"beforeTest\",\"afterTest\",\"afterHook\",\"afterSuite\",\"afterSession\",\"after\",\"onComplete\",\"beforeAssertion\",\"afterAssertion\",\"beforeFeature\",\"beforeScenario\",\"beforeStep\",\"afterStep\",\"afterScenario\",\"afterFeature\",\"_\",\"suite\",\"$0\",\"ignoredWorkerServices\",\"wdi5\"]"}]}
RESULT: {"script":"<script> [2342 bytes]","args":[{"protocol":"http","hostname":"0.0.0.0","path":"/","capabilities":{"browserName":"chrome","goog:chromeOptions":{"binary":"C:\\Program Files\\Google\\Chrome\\Application\\chrome.exe","args":["--start-maximized"]}},"logLevel":"warn","connectionRetryTimeout":120000,"connectionRetryCount":3,"logLevels":{},"enableDirectConnect":true,"strictSSL":true,"_":"65 more keys: [\"cacheDir\",\"port\",\"requestedCapabilities\",\"automationProtocol\",\"baseUrl\",\"waitforInterval\",\"waitforTimeout\",\"onReload\",\"beforeCommand\",\"afterCommand\",\"rootDir\",\"specs\",\"suites\",\"exclude\",\"groupLogsByTestSpec\",\"excludeDriverLogs\",\"bail\",\"framework\",\"reporters\",\"services\",\"maxInstances\",\"maxInstancesPerCapability\",\"injectGlobals\",\"filesToWatch\",\"execArgv\",\"runnerEnv\",\"runner\",\"shard\",\"specFileRetries\",\"specFileRetriesDelay\",\"specFileRetriesDeferred\",\"reporterSyncInterval\",\"reporterSyncTimeout\",\"cucumberFeaturesWithLineNumbers\",\"autoCompileOpts\",\"mochaOpts\",\"jasmineOpts\",\"cucumberOpts\",\"onPrepare\",\"onWorkerStart\",\"onWorkerEnd\",\"before\",\"beforeSession\",\"beforeSuite\",\"beforeHook\",\"beforeTest\",\"afterTest\",\"afterHook\",\"afterSuite\",\"afterSession\",\"after\",\"onComplete\",\"beforeAssertion\",\"afterAssertion\",\"beforeFeature\",\"beforeScenario\",\"beforeStep\",\"afterStep\",\"afterScenario\",\"afterFeature\",\"_\",\"suite\",\"$0\",\"ignoredWorkerServices\",\"wdi5\"]"}]}
COMMAND: POST /session/457e17a5ac387caa92e8fd77ed96fa85/execute/async - {"script":"<script> [21126 bytes]","args":[35000]}
RESULT: {"script":"<script> [21126 bytes]","args":[35000]}
COMMAND: POST /session/457e17a5ac387caa92e8fd77ed96fa85/window/maximize - {}
RESULT: {}
COMMAND: POST /session/457e17a5ac387caa92e8fd77ed96fa85/execute/async - {"script":"<script> [1562 bytes]","args":[{"selector":{"id":"shell-header","interaction":{"idSuffix":"icon"}},"wdio_ui5_key":"shellheader"}]}
COMMAND: GET /session/457e17a5ac387caa92e8fd77ed96fa85/screenshot - {}
RESULT: {"script":"<script> [1562 bytes]","args":[{"selector":{"id":"shell-header","interaction":{"idSuffix":"icon"}},"wdio_ui5_key":"shellheader"}]}
RESULT: undefined
COMMAND: POST /session/457e17a5ac387caa92e8fd77ed96fa85/refresh - {}
RESULT: {}
RESULT: {}
COMMAND: GET /session/457e17a5ac387caa92e8fd77ed96fa85/screenshot - {}
RESULT: {}
COMMAND: POST /session/457e17a5ac387caa92e8fd77ed96fa85/refresh - {}
RESULT: {}
COMMAND: GET /session/457e17a5ac387caa92e8fd77ed96fa85/screenshot - {}
RESULT: {}
COMMAND: POST /session/457e17a5ac387caa92e8fd77ed96fa85/window/fullscreen - {}
RESULT: {}
COMMAND: POST /session/457e17a5ac387caa92e8fd77ed96fa85/execute/async - {"script":"<script> [189 bytes]","args":[]}
RESULT: {"script":"<script> [189 bytes]","args":[]}
COMMAND: POST /session/457e17a5ac387caa92e8fd77ed96fa85/execute/async - {"script":"<script> [123 bytes]","args":[]}
RESULT: {"script":"<script> [123 bytes]","args":[]}
COMMAND: POST /session/457e17a5ac387caa92e8fd77ed96fa85/timeouts - {"script":"<number>"}
RESULT: {"script":"<number>"}
COMMAND: GET /session/457e17a5ac387caa92e8fd77ed96fa85/timeouts - {}
RESULT: {}
RESULT: undefined
COMMAND: POST /session/457e17a5ac387caa92e8fd77ed96fa85/execute/async - {"script":"<script> [2676 bytes]","args":[]}
RESULT: {"script":"<script> [2676 bytes]","args":[]}
COMMAND: POST /session/457e17a5ac387caa92e8fd77ed96fa85/execute/async - {"script":"<script> [2342 bytes]","args":[{"protocol":"http","hostname":"0.0.0.0","path":"/","capabilities":{"browserName":"chrome","goog:chromeOptions":{"binary":"C:\\Program Files\\Google\\Chrome\\Application\\chrome.exe","args":["--start-maximized"]}},"logLevel":"warn","connectionRetryTimeout":120000,"connectionRetryCount":3,"logLevels":{},"enableDirectConnect":true,"strictSSL":true,"_":"65 more keys: [\"cacheDir\",\"port\",\"requestedCapabilities\",\"automationProtocol\",\"baseUrl\",\"waitforInterval\",\"waitforTimeout\",\"onReload\",\"beforeCommand\",\"afterCommand\",\"rootDir\",\"specs\",\"suites\",\"exclude\",\"groupLogsByTestSpec\",\"excludeDriverLogs\",\"bail\",\"framework\",\"reporters\",\"services\",\"maxInstances\",\"maxInstancesPerCapability\",\"injectGlobals\",\"filesToWatch\",\"execArgv\",\"runnerEnv\",\"runner\",\"shard\",\"specFileRetries\",\"specFileRetriesDelay\",\"specFileRetriesDeferred\",\"reporterSyncInterval\",\"reporterSyncTimeout\",\"cucumberFeaturesWithLineNumbers\",\"autoCompileOpts\",\"mochaOpts\",\"jasmineOpts\",\"cucumberOpts\",\"onPrepare\",\"onWorkerStart\",\"onWorkerEnd\",\"before\",\"beforeSession\",\"beforeSuite\",\"beforeHook\",\"beforeTest\",\"afterTest\",\"afterHook\",\"afterSuite\",\"afterSession\",\"after\",\"onComplete\",\"beforeAssertion\",\"afterAssertion\",\"beforeFeature\",\"beforeScenario\",\"beforeStep\",\"afterStep\",\"afterScenario\",\"afterFeature\",\"_\",\"suite\",\"$0\",\"ignoredWorkerServices\",\"wdi5\"]"}]}
RESULT: {"script":"<script> [2342 bytes]","args":[{"protocol":"http","hostname":"0.0.0.0","path":"/","capabilities":{"browserName":"chrome","goog:chromeOptions":{"binary":"C:\\Program Files\\Google\\Chrome\\Application\\chrome.exe","args":["--start-maximized"]}},"logLevel":"warn","connectionRetryTimeout":120000,"connectionRetryCount":3,"logLevels":{},"enableDirectConnect":true,"strictSSL":true,"_":"65 more keys: [\"cacheDir\",\"port\",\"requestedCapabilities\",\"automationProtocol\",\"baseUrl\",\"waitforInterval\",\"waitforTimeout\",\"onReload\",\"beforeCommand\",\"afterCommand\",\"rootDir\",\"specs\",\"suites\",\"exclude\",\"groupLogsByTestSpec\",\"excludeDriverLogs\",\"bail\",\"framework\",\"reporters\",\"services\",\"maxInstances\",\"maxInstancesPerCapability\",\"injectGlobals\",\"filesToWatch\",\"execArgv\",\"runnerEnv\",\"runner\",\"shard\",\"specFileRetries\",\"specFileRetriesDelay\",\"specFileRetriesDeferred\",\"reporterSyncInterval\",\"reporterSyncTimeout\",\"cucumberFeaturesWithLineNumbers\",\"autoCompileOpts\",\"mochaOpts\",\"jasmineOpts\",\"cucumberOpts\",\"onPrepare\",\"onWorkerStart\",\"onWorkerEnd\",\"before\",\"beforeSession\",\"beforeSuite\",\"beforeHook\",\"beforeTest\",\"afterTest\",\"afterHook\",\"afterSuite\",\"afterSession\",\"after\",\"onComplete\",\"beforeAssertion\",\"afterAssertion\",\"beforeFeature\",\"beforeScenario\",\"beforeStep\",\"afterStep\",\"afterScenario\",\"afterFeature\",\"_\",\"suite\",\"$0\",\"ignoredWorkerServices\",\"wdi5\"]"}]}
COMMAND: POST /session/457e17a5ac387caa92e8fd77ed96fa85/execute/async - {"script":"<script> [21126 bytes]","args":[35000]}
RESULT: {"script":"<script> [21126 bytes]","args":[35000]}
]]></system-out>
    </testcase>
  </testsuite>
  <testsuite timestamp="2025-05-27T17:14:18" time="467.504" tests="6" failures="0" errors="0" skipped="0">
    <properties>
      <property name="specId" value="0"/>
      <property name="suiteName" value="Edit and delete daily price US134629 US134627"/>
      <property name="capabilities" value="chrome.136_0_7103_93.windows"/>
      <property name="file" value="file:///D:/a/1/s/test/specs/BTS/conditions-prices-daily-price.spec.js"/>
    </properties>
    <testcase classname="chrome.136_0_7103_93.windows.Edit_and_delete_daily_price_US134629_US134627" name="Should create a new yard used for all following tests" time="0.014">
      <system-out><![CDATA[
COMMAND: POST /session/457e17a5ac387caa92e8fd77ed96fa85/window/fullscreen - {}
RESULT: {}
]]></system-out>
    </testcase>
    <testcase classname="chrome.136_0_7103_93.windows.Edit_and_delete_daily_price_US134629_US134627" name="Should create a new partner" time="153.416">
      <system-out><![CDATA[
COMMAND: POST /session/457e17a5ac387caa92e8fd77ed96fa85/window/fullscreen - {}
RESULT: {}
COMMAND: POST /session/457e17a5ac387caa92e8fd77ed96fa85/execute/async - {"script":"<script> [1562 bytes]","args":[{"selector":{"controlType":"sap.m.GenericTile","properties":{"header":"Manage Partners"}},"wdio_ui5_key":"sapm.GenericTile{\"header\":\"Manage Partners\"}"}]}
RESULT: {"script":"<script> [1562 bytes]","args":[{"selector":{"controlType":"sap.m.GenericTile","properties":{"header":"Manage Partners"}},"wdio_ui5_key":"sapm.GenericTile{\"header\":\"Manage Partners\"}"}]}
RESULT: undefined
COMMAND: POST /session/457e17a5ac387caa92e8fd77ed96fa85/element - {"using":"xpath","value":"//*[@id=\"__tile38\"]"}
RESULT: {"using":"xpath","value":"//*[@id=\"__tile38\"]"}
COMMAND: POST /session/457e17a5ac387caa92e8fd77ed96fa85/element/f.926BFD6822BE6588C43F56A434E828F6.d.0A81238935E6DE3AE5C364FD73834451.e.2480/click - {}
RESULT: {}
COMMAND: GET /session/457e17a5ac387caa92e8fd77ed96fa85/screenshot - {}
RESULT: {}
COMMAND: POST /session/457e17a5ac387caa92e8fd77ed96fa85/elements - {"using":"xpath","value":"//span[text()='Error']"}
RESULT: {"using":"xpath","value":"//span[text()='Error']"}
COMMAND: POST /session/457e17a5ac387caa92e8fd77ed96fa85/element - {"using":"xpath","value":"//button[@data-kt=\"addButton\"]"}
RESULT: {"using":"xpath","value":"//button[@data-kt=\"addButton\"]"}
COMMAND: POST /session/457e17a5ac387caa92e8fd77ed96fa85/elements - {"using":"xpath","value":"//button[@data-kt=\"addButton\"]"}
RESULT: {"using":"xpath","value":"//button[@data-kt=\"addButton\"]"}
COMMAND: POST /session/457e17a5ac387caa92e8fd77ed96fa85/elements - {"using":"xpath","value":"//button[@data-kt=\"addButton\"]"}
RESULT: {"using":"xpath","value":"//button[@data-kt=\"addButton\"]"}
COMMAND: POST /session/457e17a5ac387caa92e8fd77ed96fa85/elements - {"using":"xpath","value":"//button[@data-kt=\"addButton\"]"}
RESULT: {"using":"xpath","value":"//button[@data-kt=\"addButton\"]"}
COMMAND: POST /session/457e17a5ac387caa92e8fd77ed96fa85/elements - {"using":"xpath","value":"//button[@data-kt=\"addButton\"]"}
RESULT: {"using":"xpath","value":"//button[@data-kt=\"addButton\"]"}
COMMAND: POST /session/457e17a5ac387caa92e8fd77ed96fa85/elements - {"using":"xpath","value":"//button[@data-kt=\"addButton\"]"}
RESULT: {"using":"xpath","value":"//button[@data-kt=\"addButton\"]"}
COMMAND: POST /session/457e17a5ac387caa92e8fd77ed96fa85/elements - {"using":"xpath","value":"//button[@data-kt=\"addButton\"]"}
RESULT: {"using":"xpath","value":"//button[@data-kt=\"addButton\"]"}
COMMAND: POST /session/457e17a5ac387caa92e8fd77ed96fa85/elements - {"using":"xpath","value":"//button[@data-kt=\"addButton\"]"}
RESULT: {"using":"xpath","value":"//button[@data-kt=\"addButton\"]"}
COMMAND: POST /session/457e17a5ac387caa92e8fd77ed96fa85/elements - {"using":"xpath","value":"//button[@data-kt=\"addButton\"]"}
RESULT: {"using":"xpath","value":"//button[@data-kt=\"addButton\"]"}
COMMAND: POST /session/457e17a5ac387caa92e8fd77ed96fa85/elements - {"using":"xpath","value":"//button[@data-kt=\"addButton\"]"}
RESULT: {"using":"xpath","value":"//button[@data-kt=\"addButton\"]"}
COMMAND: POST /session/457e17a5ac387caa92e8fd77ed96fa85/elements - {"using":"xpath","value":"//button[@data-kt=\"addButton\"]"}
RESULT: {"using":"xpath","value":"//button[@data-kt=\"addButton\"]"}
COMMAND: POST /session/457e17a5ac387caa92e8fd77ed96fa85/elements - {"using":"xpath","value":"//button[@data-kt=\"addButton\"]"}
RESULT: {"using":"xpath","value":"//button[@data-kt=\"addButton\"]"}
COMMAND: POST /session/457e17a5ac387caa92e8fd77ed96fa85/elements - {"using":"xpath","value":"//button[@data-kt=\"addButton\"]"}
RESULT: {"using":"xpath","value":"//button[@data-kt=\"addButton\"]"}
COMMAND: POST /session/457e17a5ac387caa92e8fd77ed96fa85/elements - {"using":"xpath","value":"//button[@data-kt=\"addButton\"]"}
RESULT: {"using":"xpath","value":"//button[@data-kt=\"addButton\"]"}
COMMAND: POST /session/457e17a5ac387caa92e8fd77ed96fa85/elements - {"using":"xpath","value":"//button[@data-kt=\"addButton\"]"}
RESULT: {"using":"xpath","value":"//button[@data-kt=\"addButton\"]"}
COMMAND: POST /session/457e17a5ac387caa92e8fd77ed96fa85/elements - {"using":"xpath","value":"//button[@data-kt=\"addButton\"]"}
RESULT: {"using":"xpath","value":"//button[@data-kt=\"addButton\"]"}
COMMAND: POST /session/457e17a5ac387caa92e8fd77ed96fa85/elements - {"using":"xpath","value":"//button[@data-kt=\"addButton\"]"}
RESULT: {"using":"xpath","value":"//button[@data-kt=\"addButton\"]"}
COMMAND: POST /session/457e17a5ac387caa92e8fd77ed96fa85/elements - {"using":"xpath","value":"//button[@data-kt=\"addButton\"]"}
RESULT: {"using":"xpath","value":"//button[@data-kt=\"addButton\"]"}
COMMAND: POST /session/457e17a5ac387caa92e8fd77ed96fa85/elements - {"using":"xpath","value":"//button[@data-kt=\"addButton\"]"}
RESULT: {"using":"xpath","value":"//button[@data-kt=\"addButton\"]"}
COMMAND: POST /session/457e17a5ac387caa92e8fd77ed96fa85/elements - {"using":"xpath","value":"//button[@data-kt=\"addButton\"]"}
RESULT: {"using":"xpath","value":"//button[@data-kt=\"addButton\"]"}
COMMAND: POST /session/457e17a5ac387caa92e8fd77ed96fa85/elements - {"using":"xpath","value":"//button[@data-kt=\"addButton\"]"}
RESULT: {"using":"xpath","value":"//button[@data-kt=\"addButton\"]"}
COMMAND: POST /session/457e17a5ac387caa92e8fd77ed96fa85/element - {"using":"xpath","value":"//button[@data-kt=\"addButton\"]"}
RESULT: {"using":"xpath","value":"//button[@data-kt=\"addButton\"]"}
COMMAND: POST /session/457e17a5ac387caa92e8fd77ed96fa85/execute/sync - {"script":"<script> [8489 bytes]","args":[{"element-6066-11e4-a52e-4f735466cecf":"f.926BFD6822BE6588C43F56A434E828F6.d.0A81238935E6DE3AE5C364FD73834451.e.2630","ELEMENT":"f.926BFD6822BE6588C43F56A434E828F6.d.0A81238935E6DE3AE5C364FD73834451.e.2630"}]}
RESULT: {"script":"<script> [8489 bytes]","args":[{"element-6066-11e4-a52e-4f735466cecf":"f.926BFD6822BE6588C43F56A434E828F6.d.0A81238935E6DE3AE5C364FD73834451.e.2630","ELEMENT":"f.926BFD6822BE6588C43F56A434E828F6.d.0A81238935E6DE3AE5C364FD73834451.e.2630"}]}
COMMAND: GET /session/457e17a5ac387caa92e8fd77ed96fa85/element/f.926BFD6822BE6588C43F56A434E828F6.d.0A81238935E6DE3AE5C364FD73834451.e.2630/enabled - {}
COMMAND: GET /session/457e17a5ac387caa92e8fd77ed96fa85/screenshot - {}
RESULT: {}
COMMAND: POST /session/457e17a5ac387caa92e8fd77ed96fa85/execute/sync - {"script":"<script> [8489 bytes]","args":[{"element-6066-11e4-a52e-4f735466cecf":"f.926BFD6822BE6588C43F56A434E828F6.d.0A81238935E6DE3AE5C364FD73834451.e.2630","ELEMENT":"f.926BFD6822BE6588C43F56A434E828F6.d.0A81238935E6DE3AE5C364FD73834451.e.2630"}]}
COMMAND: GET /session/457e17a5ac387caa92e8fd77ed96fa85/screenshot - {}
RESULT: {}
RESULT: {"script":"<script> [8489 bytes]","args":[{"element-6066-11e4-a52e-4f735466cecf":"f.926BFD6822BE6588C43F56A434E828F6.d.0A81238935E6DE3AE5C364FD73834451.e.2630","ELEMENT":"f.926BFD6822BE6588C43F56A434E828F6.d.0A81238935E6DE3AE5C364FD73834451.e.2630"}]}
COMMAND: POST /session/457e17a5ac387caa92e8fd77ed96fa85/execute/sync - {"script":"<script> [5351 bytes]","args":[{"element-6066-11e4-a52e-4f735466cecf":"f.926BFD6822BE6588C43F56A434E828F6.d.0A81238935E6DE3AE5C364FD73834451.e.2630","ELEMENT":"f.926BFD6822BE6588C43F56A434E828F6.d.0A81238935E6DE3AE5C364FD73834451.e.2630"}]}
COMMAND: GET /session/457e17a5ac387caa92e8fd77ed96fa85/screenshot - {}
RESULT: {}
RESULT: {"script":"<script> [5351 bytes]","args":[{"element-6066-11e4-a52e-4f735466cecf":"f.926BFD6822BE6588C43F56A434E828F6.d.0A81238935E6DE3AE5C364FD73834451.e.2630","ELEMENT":"f.926BFD6822BE6588C43F56A434E828F6.d.0A81238935E6DE3AE5C364FD73834451.e.2630"}]}
COMMAND: POST /session/457e17a5ac387caa92e8fd77ed96fa85/element/f.926BFD6822BE6588C43F56A434E828F6.d.0A81238935E6DE3AE5C364FD73834451.e.2630/click - {}
COMMAND: GET /session/457e17a5ac387caa92e8fd77ed96fa85/screenshot - {}
RESULT: {}
RESULT: {}
COMMAND: GET /session/457e17a5ac387caa92e8fd77ed96fa85/screenshot - {}
COMMAND: POST /session/457e17a5ac387caa92e8fd77ed96fa85/execute/async - {"script":"<script> [1562 bytes]","args":[{"selector":{"id":"application-managepartners-display-component---NewPartner--addressDetailDetailsName1","interaction":{"idSuffix":"inner"}},"wdio_ui5_key":"applicationmanagepartners-display-component---NewPartner--addressDetailDetailsName1"}]}
RESULT: {}
RESULT: {}
RESULT: {"script":"<script> [1562 bytes]","args":[{"selector":{"id":"application-managepartners-display-component---NewPartner--addressDetailDetailsName1","interaction":{"idSuffix":"inner"}},"wdio_ui5_key":"applicationmanagepartners-display-component---NewPartner--addressDetailDetailsName1"}]}
RESULT: undefined
COMMAND: POST /session/457e17a5ac387caa92e8fd77ed96fa85/execute/async - {"script":"<script> [776 bytes]","args":[{"enterText":"DailyPrice Partner WDIO","selector":{"id":"application-managepartners-display-component---NewPartner--addressDetailDetailsName1","interaction":{"idSuffix":"inner"}},"clearTextFirst":true,"interactionType":"ENTER_TEXT"}]}
RESULT: {"script":"<script> [776 bytes]","args":[{"enterText":"DailyPrice Partner WDIO","selector":{"id":"application-managepartners-display-component---NewPartner--addressDetailDetailsName1","interaction":{"idSuffix":"inner"}},"clearTextFirst":true,"interactionType":"ENTER_TEXT"}]}
COMMAND: POST /session/457e17a5ac387caa92e8fd77ed96fa85/execute/async - {"script":"<script> [1562 bytes]","args":[{"selector":{"id":"application-managepartners-display-component---NewPartner--addressDetailDetailsLanguage-arrow"},"wdio_ui5_key":"applicationmanagepartners-display-component---NewPartner--addressDetailDetailsLanguage-arrow"}]}
RESULT: {"script":"<script> [1562 bytes]","args":[{"selector":{"id":"application-managepartners-display-component---NewPartner--addressDetailDetailsLanguage-arrow"},"wdio_ui5_key":"applicationmanagepartners-display-component---NewPartner--addressDetailDetailsLanguage-arrow"}]}
RESULT: undefined
COMMAND: POST /session/457e17a5ac387caa92e8fd77ed96fa85/element - {"using":"xpath","value":"//*[@id=\"application-managepartners-display-component---NewPartner--addressDetailDetailsLanguage-arrow\"]"}
RESULT: {"using":"xpath","value":"//*[@id=\"application-managepartners-display-component---NewPartner--addressDetailDetailsLanguage-arrow\"]"}
COMMAND: POST /session/457e17a5ac387caa92e8fd77ed96fa85/element/f.926BFD6822BE6588C43F56A434E828F6.d.0A81238935E6DE3AE5C364FD73834451.e.3074/click - {}
RESULT: {}
COMMAND: POST /session/457e17a5ac387caa92e8fd77ed96fa85/element - {"using":"xpath","value":"//span[contains(text(), \"English\")]"}
COMMAND: GET /session/457e17a5ac387caa92e8fd77ed96fa85/screenshot - {}
RESULT: {"using":"xpath","value":"//span[contains(text(), \"English\")]"}
COMMAND: POST /session/457e17a5ac387caa92e8fd77ed96fa85/element/f.926BFD6822BE6588C43F56A434E828F6.d.0A81238935E6DE3AE5C364FD73834451.e.3075/click - {}
RESULT: {}
RESULT: {}
COMMAND: GET /session/457e17a5ac387caa92e8fd77ed96fa85/screenshot - {}
RESULT: {}
COMMAND: POST /session/457e17a5ac387caa92e8fd77ed96fa85/execute/async - {"script":"<script> [1562 bytes]","args":[{"selector":{"id":"application-managepartners-display-component---NewPartner--addressDetailDetailsCity1","interaction":{"idSuffix":"inner"}},"wdio_ui5_key":"applicationmanagepartners-display-component---NewPartner--addressDetailDetailsCity1"}]}
RESULT: {"script":"<script> [1562 bytes]","args":[{"selector":{"id":"application-managepartners-display-component---NewPartner--addressDetailDetailsCity1","interaction":{"idSuffix":"inner"}},"wdio_ui5_key":"applicationmanagepartners-display-component---NewPartner--addressDetailDetailsCity1"}]}
RESULT: undefined
COMMAND: POST /session/457e17a5ac387caa92e8fd77ed96fa85/execute/async - {"script":"<script> [776 bytes]","args":[{"enterText":"Rosario","selector":{"id":"application-managepartners-display-component---NewPartner--addressDetailDetailsCity1","interaction":{"idSuffix":"inner"}},"clearTextFirst":true,"interactionType":"ENTER_TEXT"}]}
RESULT: {"script":"<script> [776 bytes]","args":[{"enterText":"Rosario","selector":{"id":"application-managepartners-display-component---NewPartner--addressDetailDetailsCity1","interaction":{"idSuffix":"inner"}},"clearTextFirst":true,"interactionType":"ENTER_TEXT"}]}
COMMAND: POST /session/457e17a5ac387caa92e8fd77ed96fa85/execute/async - {"script":"<script> [1562 bytes]","args":[{"selector":{"id":"application-managepartners-display-component---NewPartner--addressDetailDetailsCountry-arrow"},"wdio_ui5_key":"applicationmanagepartners-display-component---NewPartner--addressDetailDetailsCountry-arrow"}]}
RESULT: {"script":"<script> [1562 bytes]","args":[{"selector":{"id":"application-managepartners-display-component---NewPartner--addressDetailDetailsCountry-arrow"},"wdio_ui5_key":"applicationmanagepartners-display-component---NewPartner--addressDetailDetailsCountry-arrow"}]}
RESULT: undefined
COMMAND: POST /session/457e17a5ac387caa92e8fd77ed96fa85/element - {"using":"xpath","value":"//*[@id=\"application-managepartners-display-component---NewPartner--addressDetailDetailsCountry-arrow\"]"}
RESULT: {"using":"xpath","value":"//*[@id=\"application-managepartners-display-component---NewPartner--addressDetailDetailsCountry-arrow\"]"}
COMMAND: POST /session/457e17a5ac387caa92e8fd77ed96fa85/element/f.926BFD6822BE6588C43F56A434E828F6.d.0A81238935E6DE3AE5C364FD73834451.e.3028/click - {}
RESULT: {}
COMMAND: POST /session/457e17a5ac387caa92e8fd77ed96fa85/element - {"using":"xpath","value":"//span[contains(text(), \"Argentina\")]"}
COMMAND: GET /session/457e17a5ac387caa92e8fd77ed96fa85/screenshot - {}
RESULT: {"using":"xpath","value":"//span[contains(text(), \"Argentina\")]"}
COMMAND: POST /session/457e17a5ac387caa92e8fd77ed96fa85/element/f.926BFD6822BE6588C43F56A434E828F6.d.0A81238935E6DE3AE5C364FD73834451.e.3077/click - {}
RESULT: {}
RESULT: {}
COMMAND: GET /session/457e17a5ac387caa92e8fd77ed96fa85/screenshot - {}
RESULT: {}
COMMAND: POST /session/457e17a5ac387caa92e8fd77ed96fa85/element - {"using":"xpath","value":"//bdi[contains(text(), \"Commercial\")]"}
RESULT: {"using":"xpath","value":"//bdi[contains(text(), \"Commercial\")]"}
COMMAND: POST /session/457e17a5ac387caa92e8fd77ed96fa85/element/f.926BFD6822BE6588C43F56A434E828F6.d.0A81238935E6DE3AE5C364FD73834451.e.3078/click - {}
RESULT: {}
COMMAND: GET /session/457e17a5ac387caa92e8fd77ed96fa85/screenshot - {}
RESULT: {}
COMMAND: POST /session/457e17a5ac387caa92e8fd77ed96fa85/execute/async - {"script":"<script> [1562 bytes]","args":[{"selector":{"id":"application-managepartners-display-component---NewPartner--partnerDetailInternal-arrow"},"wdio_ui5_key":"applicationmanagepartners-display-component---NewPartner--partnerDetailInternal-arrow"}]}
RESULT: {"script":"<script> [1562 bytes]","args":[{"selector":{"id":"application-managepartners-display-component---NewPartner--partnerDetailInternal-arrow"},"wdio_ui5_key":"applicationmanagepartners-display-component---NewPartner--partnerDetailInternal-arrow"}]}
RESULT: undefined
COMMAND: POST /session/457e17a5ac387caa92e8fd77ed96fa85/element - {"using":"xpath","value":"//*[@id=\"application-managepartners-display-component---NewPartner--partnerDetailInternal-arrow\"]"}
RESULT: {"using":"xpath","value":"//*[@id=\"application-managepartners-display-component---NewPartner--partnerDetailInternal-arrow\"]"}
COMMAND: POST /session/457e17a5ac387caa92e8fd77ed96fa85/element/f.926BFD6822BE6588C43F56A434E828F6.d.0A81238935E6DE3AE5C364FD73834451.e.3084/click - {}
RESULT: {}
COMMAND: POST /session/457e17a5ac387caa92e8fd77ed96fa85/element - {"using":"xpath","value":"//span[contains(text(), \"Affiliated company\")]"}
COMMAND: GET /session/457e17a5ac387caa92e8fd77ed96fa85/screenshot - {}
RESULT: {"using":"xpath","value":"//span[contains(text(), \"Affiliated company\")]"}
COMMAND: POST /session/457e17a5ac387caa92e8fd77ed96fa85/element/f.926BFD6822BE6588C43F56A434E828F6.d.0A81238935E6DE3AE5C364FD73834451.e.3085/click - {}
RESULT: {}
RESULT: {}
COMMAND: POST /session/457e17a5ac387caa92e8fd77ed96fa85/execute/async - {"script":"<script> [1562 bytes]","args":[{"selector":{"id":"application-managepartners-display-component---NewPartner--partnerDetailsCurrency-arrow"},"wdio_ui5_key":"applicationmanagepartners-display-component---NewPartner--partnerDetailsCurrency-arrow"}]}
COMMAND: GET /session/457e17a5ac387caa92e8fd77ed96fa85/screenshot - {}
RESULT: {"script":"<script> [1562 bytes]","args":[{"selector":{"id":"application-managepartners-display-component---NewPartner--partnerDetailsCurrency-arrow"},"wdio_ui5_key":"applicationmanagepartners-display-component---NewPartner--partnerDetailsCurrency-arrow"}]}
RESULT: undefined
COMMAND: POST /session/457e17a5ac387caa92e8fd77ed96fa85/element - {"using":"xpath","value":"//*[@id=\"application-managepartners-display-component---NewPartner--partnerDetailsCurrency-arrow\"]"}
RESULT: {}
RESULT: {"using":"xpath","value":"//*[@id=\"application-managepartners-display-component---NewPartner--partnerDetailsCurrency-arrow\"]"}
COMMAND: POST /session/457e17a5ac387caa92e8fd77ed96fa85/element/f.926BFD6822BE6588C43F56A434E828F6.d.0A81238935E6DE3AE5C364FD73834451.e.3092/click - {}
RESULT: {}
COMMAND: POST /session/457e17a5ac387caa92e8fd77ed96fa85/element - {"using":"xpath","value":"//span[contains(text(), \"Euro\")]"}
COMMAND: GET /session/457e17a5ac387caa92e8fd77ed96fa85/screenshot - {}
RESULT: {"using":"xpath","value":"//span[contains(text(), \"Euro\")]"}
COMMAND: POST /session/457e17a5ac387caa92e8fd77ed96fa85/element/f.926BFD6822BE6588C43F56A434E828F6.d.0A81238935E6DE3AE5C364FD73834451.e.3093/click - {}
RESULT: {}
RESULT: {}
COMMAND: POST /session/457e17a5ac387caa92e8fd77ed96fa85/execute/async - {"script":"<script> [1562 bytes]","args":[{"selector":{"id":"application-managepartners-display-component---NewPartner--addressEditDetailsCostObjectCstType-arrow"},"wdio_ui5_key":"applicationmanagepartners-display-component---NewPartner--addressEditDetailsCostObjectCstType-arrow"}]}
COMMAND: GET /session/457e17a5ac387caa92e8fd77ed96fa85/screenshot - {}
RESULT: {"script":"<script> [1562 bytes]","args":[{"selector":{"id":"application-managepartners-display-component---NewPartner--addressEditDetailsCostObjectCstType-arrow"},"wdio_ui5_key":"applicationmanagepartners-display-component---NewPartner--addressEditDetailsCostObjectCstType-arrow"}]}
RESULT: undefined
COMMAND: POST /session/457e17a5ac387caa92e8fd77ed96fa85/element - {"using":"xpath","value":"//*[@id=\"application-managepartners-display-component---NewPartner--addressEditDetailsCostObjectCstType-arrow\"]"}
RESULT: {}
RESULT: {"using":"xpath","value":"//*[@id=\"application-managepartners-display-component---NewPartner--addressEditDetailsCostObjectCstType-arrow\"]"}
COMMAND: POST /session/457e17a5ac387caa92e8fd77ed96fa85/element/f.926BFD6822BE6588C43F56A434E828F6.d.0A81238935E6DE3AE5C364FD73834451.e.3094/click - {}
RESULT: {}
COMMAND: POST /session/457e17a5ac387caa92e8fd77ed96fa85/element - {"using":"xpath","value":"//span[contains(text(), \"Cost Center\")]"}
COMMAND: GET /session/457e17a5ac387caa92e8fd77ed96fa85/screenshot - {}
RESULT: {"using":"xpath","value":"//span[contains(text(), \"Cost Center\")]"}
COMMAND: POST /session/457e17a5ac387caa92e8fd77ed96fa85/element/f.926BFD6822BE6588C43F56A434E828F6.d.0A81238935E6DE3AE5C364FD73834451.e.3095/click - {}
RESULT: {}
RESULT: {}
COMMAND: GET /session/457e17a5ac387caa92e8fd77ed96fa85/screenshot - {}
RESULT: {}
COMMAND: POST /session/457e17a5ac387caa92e8fd77ed96fa85/element - {"using":"xpath","value":"//span[@id=\"application-managepartners-display-component---NewPartner--addressNewCostObjectCstID-vhi\"]"}
RESULT: {"using":"xpath","value":"//span[@id=\"application-managepartners-display-component---NewPartner--addressNewCostObjectCstID-vhi\"]"}
COMMAND: POST /session/457e17a5ac387caa92e8fd77ed96fa85/execute/sync - {"script":"<script> [8489 bytes]","args":[{"element-6066-11e4-a52e-4f735466cecf":"f.926BFD6822BE6588C43F56A434E828F6.d.0A81238935E6DE3AE5C364FD73834451.e.3099","ELEMENT":"f.926BFD6822BE6588C43F56A434E828F6.d.0A81238935E6DE3AE5C364FD73834451.e.3099"}]}
RESULT: {"script":"<script> [8489 bytes]","args":[{"element-6066-11e4-a52e-4f735466cecf":"f.926BFD6822BE6588C43F56A434E828F6.d.0A81238935E6DE3AE5C364FD73834451.e.3099","ELEMENT":"f.926BFD6822BE6588C43F56A434E828F6.d.0A81238935E6DE3AE5C364FD73834451.e.3099"}]}
COMMAND: POST /session/457e17a5ac387caa92e8fd77ed96fa85/execute/async - {"script":"<script> [1562 bytes]","args":[{"selector":{"id":"application-managepartners-display-component---NewPartner--addressNewCostObjectCstID-vhi"},"wdio_ui5_key":"applicationmanagepartners-display-component---NewPartner--addressNewCostObjectCstID-vhi"}]}
COMMAND: GET /session/457e17a5ac387caa92e8fd77ed96fa85/screenshot - {}
RESULT: {"script":"<script> [1562 bytes]","args":[{"selector":{"id":"application-managepartners-display-component---NewPartner--addressNewCostObjectCstID-vhi"},"wdio_ui5_key":"applicationmanagepartners-display-component---NewPartner--addressNewCostObjectCstID-vhi"}]}
RESULT: undefined
COMMAND: POST /session/457e17a5ac387caa92e8fd77ed96fa85/element - {"using":"xpath","value":"//*[@id=\"application-managepartners-display-component---NewPartner--addressNewCostObjectCstID-vhi\"]"}
RESULT: {}
RESULT: {"using":"xpath","value":"//*[@id=\"application-managepartners-display-component---NewPartner--addressNewCostObjectCstID-vhi\"]"}
COMMAND: POST /session/457e17a5ac387caa92e8fd77ed96fa85/element/f.926BFD6822BE6588C43F56A434E828F6.d.0A81238935E6DE3AE5C364FD73834451.e.3099/click - {}
RESULT: {}
COMMAND: GET /session/457e17a5ac387caa92e8fd77ed96fa85/screenshot - {}
RESULT: {}
COMMAND: POST /session/457e17a5ac387caa92e8fd77ed96fa85/execute/async - {"script":"<script> [1562 bytes]","args":[{"selector":{"controlType":"sap.m.SearchField","properties":{"placeholder":"Search"},"searchOpenDialogs":true,"interaction":{"idSuffix":"I"}},"wdio_ui5_key":"sapm.SearchField{\"placeholder\":\"Search\"}"}]}
RESULT: {"script":"<script> [1562 bytes]","args":[{"selector":{"controlType":"sap.m.SearchField","properties":{"placeholder":"Search"},"searchOpenDialogs":true,"interaction":{"idSuffix":"I"}},"wdio_ui5_key":"sapm.SearchField{\"placeholder\":\"Search\"}"}]}
RESULT: undefined
COMMAND: POST /session/457e17a5ac387caa92e8fd77ed96fa85/execute/async - {"script":"<script> [776 bytes]","args":[{"enterText":"10001013","selector":{"controlType":"sap.m.SearchField","properties":{"placeholder":"Search"},"searchOpenDialogs":true,"interaction":{"idSuffix":"I"}},"clearTextFirst":true,"interactionType":"ENTER_TEXT"}]}
RESULT: {"script":"<script> [776 bytes]","args":[{"enterText":"10001013","selector":{"controlType":"sap.m.SearchField","properties":{"placeholder":"Search"},"searchOpenDialogs":true,"interaction":{"idSuffix":"I"}},"clearTextFirst":true,"interactionType":"ENTER_TEXT"}]}
COMMAND: POST /session/457e17a5ac387caa92e8fd77ed96fa85/actions - {"actions":[{"id":"action7","type":"key","parameters":{},"actions":[{"type":"keyDown","value":""},{"type":"pause","duration":10},{"type":"keyUp","value":""}]}]}
RESULT: {"actions":[{"id":"action7","type":"key","parameters":{},"actions":[{"type":"keyDown","value":""},{"type":"pause","duration":10},{"type":"keyUp","value":""}]}]}
COMMAND: GET /session/457e17a5ac387caa92e8fd77ed96fa85/screenshot - {}
RESULT: {}
COMMAND: POST /session/457e17a5ac387caa92e8fd77ed96fa85/element - {"using":"xpath","value":"//span[contains(text(), \"General Management\")]"}
RESULT: {"using":"xpath","value":"//span[contains(text(), \"General Management\")]"}
COMMAND: POST /session/457e17a5ac387caa92e8fd77ed96fa85/element/f.926BFD6822BE6588C43F56A434E828F6.d.0A81238935E6DE3AE5C364FD73834451.e.3140/click - {}
RESULT: {}
COMMAND: GET /session/457e17a5ac387caa92e8fd77ed96fa85/screenshot - {}
RESULT: {}
COMMAND: POST /session/457e17a5ac387caa92e8fd77ed96fa85/element - {"using":"xpath","value":"//bdi[contains(text(), \"OK\")]"}
RESULT: {"using":"xpath","value":"//bdi[contains(text(), \"OK\")]"}
COMMAND: POST /session/457e17a5ac387caa92e8fd77ed96fa85/element/f.926BFD6822BE6588C43F56A434E828F6.d.0A81238935E6DE3AE5C364FD73834451.e.3141/click - {}
RESULT: {}
COMMAND: GET /session/457e17a5ac387caa92e8fd77ed96fa85/screenshot - {}
RESULT: {}
COMMAND: POST /session/457e17a5ac387caa92e8fd77ed96fa85/element - {"using":"xpath","value":"//input[@id=\"application-managepartners-display-component---NewPartner--companyCodeComboBox-inner\"]"}
RESULT: {"using":"xpath","value":"//input[@id=\"application-managepartners-display-component---NewPartner--companyCodeComboBox-inner\"]"}
COMMAND: POST /session/457e17a5ac387caa92e8fd77ed96fa85/element/f.926BFD6822BE6588C43F56A434E828F6.d.0A81238935E6DE3AE5C364FD73834451.e.3023/clear - {}
RESULT: {}
COMMAND: POST /session/457e17a5ac387caa92e8fd77ed96fa85/element/f.926BFD6822BE6588C43F56A434E828F6.d.0A81238935E6DE3AE5C364FD73834451.e.3023/value - {"text":"C002"}
COMMAND: GET /session/457e17a5ac387caa92e8fd77ed96fa85/screenshot - {}
RESULT: {"text":"C002"}
COMMAND: GET /session/457e17a5ac387caa92e8fd77ed96fa85/screenshot - {}
RESULT: {}
RESULT: {}
COMMAND: POST /session/457e17a5ac387caa92e8fd77ed96fa85/element - {"using":"xpath","value":"//li[.//span[text()= \"C002\"]]"}
RESULT: {"using":"xpath","value":"//li[.//span[text()= \"C002\"]]"}
COMMAND: POST /session/457e17a5ac387caa92e8fd77ed96fa85/element/f.926BFD6822BE6588C43F56A434E828F6.d.0A81238935E6DE3AE5C364FD73834451.e.3147/click - {}
RESULT: {}
COMMAND: GET /session/457e17a5ac387caa92e8fd77ed96fa85/screenshot - {}
RESULT: {}
COMMAND: POST /session/457e17a5ac387caa92e8fd77ed96fa85/execute/async - {"script":"<script> [1562 bytes]","args":[{"selector":{"id":"application-managepartners-display-component---NewPartner--btnAddTableRow-img"},"wdio_ui5_key":"applicationmanagepartners-display-component---NewPartner--btnAddTableRow-img"}]}
RESULT: {"script":"<script> [1562 bytes]","args":[{"selector":{"id":"application-managepartners-display-component---NewPartner--btnAddTableRow-img"},"wdio_ui5_key":"applicationmanagepartners-display-component---NewPartner--btnAddTableRow-img"}]}
RESULT: undefined
COMMAND: POST /session/457e17a5ac387caa92e8fd77ed96fa85/element - {"using":"xpath","value":"//*[@id=\"application-managepartners-display-component---NewPartner--btnAddTableRow-img\"]"}
RESULT: {"using":"xpath","value":"//*[@id=\"application-managepartners-display-component---NewPartner--btnAddTableRow-img\"]"}
COMMAND: POST /session/457e17a5ac387caa92e8fd77ed96fa85/element/f.926BFD6822BE6588C43F56A434E828F6.d.0A81238935E6DE3AE5C364FD73834451.e.3148/click - {}
RESULT: {}
COMMAND: GET /session/457e17a5ac387caa92e8fd77ed96fa85/screenshot - {}
RESULT: {}
COMMAND: POST /session/457e17a5ac387caa92e8fd77ed96fa85/element - {"using":"xpath","value":"//input[@id=\"application-managepartners-display-component---NewPartner--assignmentYard-application-managepartners-display-component---NewPartner--assignmentsTable-0-inner\"]"}
RESULT: {"using":"xpath","value":"//input[@id=\"application-managepartners-display-component---NewPartner--assignmentYard-application-managepartners-display-component---NewPartner--assignmentsTable-0-inner\"]"}
COMMAND: POST /session/457e17a5ac387caa92e8fd77ed96fa85/element/f.926BFD6822BE6588C43F56A434E828F6.d.0A81238935E6DE3AE5C364FD73834451.e.3151/clear - {}
RESULT: {}
COMMAND: POST /session/457e17a5ac387caa92e8fd77ed96fa85/element/f.926BFD6822BE6588C43F56A434E828F6.d.0A81238935E6DE3AE5C364FD73834451.e.3151/value - {"text":"394"}
COMMAND: GET /session/457e17a5ac387caa92e8fd77ed96fa85/screenshot - {}
RESULT: {"text":"394"}
COMMAND: GET /session/457e17a5ac387caa92e8fd77ed96fa85/screenshot - {}
RESULT: {}
RESULT: {}
COMMAND: POST /session/457e17a5ac387caa92e8fd77ed96fa85/element - {"using":"xpath","value":"//li[.//span[text()='394']]"}
RESULT: {"using":"xpath","value":"//li[.//span[text()='394']]"}
COMMAND: POST /session/457e17a5ac387caa92e8fd77ed96fa85/element/f.926BFD6822BE6588C43F56A434E828F6.d.0A81238935E6DE3AE5C364FD73834451.e.3160/click - {}
RESULT: {}
COMMAND: GET /session/457e17a5ac387caa92e8fd77ed96fa85/screenshot - {}
RESULT: {}
COMMAND: POST /session/457e17a5ac387caa92e8fd77ed96fa85/actions - {"actions":[{"id":"action8","type":"key","parameters":{},"actions":[{"type":"keyDown","value":""},{"type":"pause","duration":10},{"type":"keyUp","value":""}]}]}
RESULT: {"actions":[{"id":"action8","type":"key","parameters":{},"actions":[{"type":"keyDown","value":""},{"type":"pause","duration":10},{"type":"keyUp","value":""}]}]}
COMMAND: POST /session/457e17a5ac387caa92e8fd77ed96fa85/execute/async - {"script":"<script> [1562 bytes]","args":[{"selector":{"id":"application-managepartners-display-component---NewPartner--externalCustomerComboBox-application-managepartners-display-component---NewPartner--assignmentsTable-0-vhi"},"wdio_ui5_key":"applicationmanagepartners-display-component---NewPartner--externalCustomerComboBox-application-managepartners-display-component---NewPartner--assignmentsTable-0-vhi"}]}
COMMAND: GET /session/457e17a5ac387caa92e8fd77ed96fa85/screenshot - {}
RESULT: {"script":"<script> [1562 bytes]","args":[{"selector":{"id":"application-managepartners-display-component---NewPartner--externalCustomerComboBox-application-managepartners-display-component---NewPartner--assignmentsTable-0-vhi"},"wdio_ui5_key":"applicationmanagepartners-display-component---NewPartner--externalCustomerComboBox-application-managepartners-display-component---NewPartner--assignmentsTable-0-vhi"}]}
RESULT: undefined
COMMAND: POST /session/457e17a5ac387caa92e8fd77ed96fa85/element - {"using":"xpath","value":"//*[@id=\"application-managepartners-display-component---NewPartner--externalCustomerComboBox-application-managepartners-display-component---NewPartner--assignmentsTable-0-vhi\"]"}
RESULT: {}
RESULT: {"using":"xpath","value":"//*[@id=\"application-managepartners-display-component---NewPartner--externalCustomerComboBox-application-managepartners-display-component---NewPartner--assignmentsTable-0-vhi\"]"}
COMMAND: POST /session/457e17a5ac387caa92e8fd77ed96fa85/element/f.926BFD6822BE6588C43F56A434E828F6.d.0A81238935E6DE3AE5C364FD73834451.e.3164/click - {}
RESULT: {}
RESULT: undefined
COMMAND: POST /session/457e17a5ac387caa92e8fd77ed96fa85/execute/async - {"script":"<script> [776 bytes]","args":[{"enterText":"300003","selector":{"controlType":"sap.m.SearchField","properties":{"placeholder":"Search"},"searchOpenDialogs":true,"interaction":{"idSuffix":"I"}},"clearTextFirst":true,"interactionType":"ENTER_TEXT"}]}
COMMAND: GET /session/457e17a5ac387caa92e8fd77ed96fa85/screenshot - {}
RESULT: {"script":"<script> [776 bytes]","args":[{"enterText":"300003","selector":{"controlType":"sap.m.SearchField","properties":{"placeholder":"Search"},"searchOpenDialogs":true,"interaction":{"idSuffix":"I"}},"clearTextFirst":true,"interactionType":"ENTER_TEXT"}]}
COMMAND: POST /session/457e17a5ac387caa92e8fd77ed96fa85/actions - {"actions":[{"id":"action9","type":"key","parameters":{},"actions":[{"type":"keyDown","value":""},{"type":"pause","duration":10},{"type":"keyUp","value":""}]}]}
RESULT: {}
RESULT: {"actions":[{"id":"action9","type":"key","parameters":{},"actions":[{"type":"keyDown","value":""},{"type":"pause","duration":10},{"type":"keyUp","value":""}]}]}
COMMAND: GET /session/457e17a5ac387caa92e8fd77ed96fa85/screenshot - {}
RESULT: {}
COMMAND: POST /session/457e17a5ac387caa92e8fd77ed96fa85/element - {"using":"xpath","value":"//span[contains(text(), \"300003\")]"}
RESULT: {"using":"xpath","value":"//span[contains(text(), \"300003\")]"}
COMMAND: POST /session/457e17a5ac387caa92e8fd77ed96fa85/element/f.926BFD6822BE6588C43F56A434E828F6.d.0A81238935E6DE3AE5C364FD73834451.e.3182/click - {}
RESULT: {}
COMMAND: GET /session/457e17a5ac387caa92e8fd77ed96fa85/screenshot - {}
RESULT: {}
COMMAND: POST /session/457e17a5ac387caa92e8fd77ed96fa85/element - {"using":"xpath","value":"//bdi[contains(text(), \"OK\")]"}
RESULT: {"using":"xpath","value":"//bdi[contains(text(), \"OK\")]"}
COMMAND: POST /session/457e17a5ac387caa92e8fd77ed96fa85/element/f.926BFD6822BE6588C43F56A434E828F6.d.0A81238935E6DE3AE5C364FD73834451.e.3184/click - {}
RESULT: {}
COMMAND: GET /session/457e17a5ac387caa92e8fd77ed96fa85/screenshot - {}
RESULT: {}
COMMAND: POST /session/457e17a5ac387caa92e8fd77ed96fa85/execute/async - {"script":"<script> [1562 bytes]","args":[{"selector":{"id":"application-managepartners-display-component---NewPartner--intercompVendorComboBox-application-managepartners-display-component---NewPartner--assignmentsTable-0-vhi"},"wdio_ui5_key":"applicationmanagepartners-display-component---NewPartner--intercompVendorComboBox-application-managepartners-display-component---NewPartner--assignmentsTable-0-vhi"}]}
RESULT: {"script":"<script> [1562 bytes]","args":[{"selector":{"id":"application-managepartners-display-component---NewPartner--intercompVendorComboBox-application-managepartners-display-component---NewPartner--assignmentsTable-0-vhi"},"wdio_ui5_key":"applicationmanagepartners-display-component---NewPartner--intercompVendorComboBox-application-managepartners-display-component---NewPartner--assignmentsTable-0-vhi"}]}
RESULT: undefined
COMMAND: POST /session/457e17a5ac387caa92e8fd77ed96fa85/element - {"using":"xpath","value":"//*[@id=\"application-managepartners-display-component---NewPartner--intercompVendorComboBox-application-managepartners-display-component---NewPartner--assignmentsTable-0-vhi\"]"}
RESULT: {"using":"xpath","value":"//*[@id=\"application-managepartners-display-component---NewPartner--intercompVendorComboBox-application-managepartners-display-component---NewPartner--assignmentsTable-0-vhi\"]"}
COMMAND: POST /session/457e17a5ac387caa92e8fd77ed96fa85/element/f.926BFD6822BE6588C43F56A434E828F6.d.0A81238935E6DE3AE5C364FD73834451.e.3187/click - {}
RESULT: {}
RESULT: undefined
COMMAND: POST /session/457e17a5ac387caa92e8fd77ed96fa85/execute/async - {"script":"<script> [776 bytes]","args":[{"enterText":"100005","selector":{"controlType":"sap.m.SearchField","properties":{"placeholder":"Search"},"searchOpenDialogs":true,"interaction":{"idSuffix":"I"}},"clearTextFirst":true,"interactionType":"ENTER_TEXT"}]}
COMMAND: GET /session/457e17a5ac387caa92e8fd77ed96fa85/screenshot - {}
RESULT: {"script":"<script> [776 bytes]","args":[{"enterText":"100005","selector":{"controlType":"sap.m.SearchField","properties":{"placeholder":"Search"},"searchOpenDialogs":true,"interaction":{"idSuffix":"I"}},"clearTextFirst":true,"interactionType":"ENTER_TEXT"}]}
COMMAND: POST /session/457e17a5ac387caa92e8fd77ed96fa85/actions - {"actions":[{"id":"action10","type":"key","parameters":{},"actions":[{"type":"keyDown","value":""},{"type":"pause","duration":10},{"type":"keyUp","value":""}]}]}
RESULT: {}
RESULT: {"actions":[{"id":"action10","type":"key","parameters":{},"actions":[{"type":"keyDown","value":""},{"type":"pause","duration":10},{"type":"keyUp","value":""}]}]}
COMMAND: GET /session/457e17a5ac387caa92e8fd77ed96fa85/screenshot - {}
RESULT: {}
COMMAND: POST /session/457e17a5ac387caa92e8fd77ed96fa85/element - {"using":"xpath","value":"//span[contains(text(), \"Penguins - Field/12345 Berlin\")]"}
RESULT: {"using":"xpath","value":"//span[contains(text(), \"Penguins - Field/12345 Berlin\")]"}
COMMAND: POST /session/457e17a5ac387caa92e8fd77ed96fa85/element/f.926BFD6822BE6588C43F56A434E828F6.d.0A81238935E6DE3AE5C364FD73834451.e.3206/click - {}
RESULT: {}
COMMAND: GET /session/457e17a5ac387caa92e8fd77ed96fa85/screenshot - {}
RESULT: {}
COMMAND: POST /session/457e17a5ac387caa92e8fd77ed96fa85/element - {"using":"xpath","value":"//bdi[contains(text(), \"OK\")]"}
RESULT: {"using":"xpath","value":"//bdi[contains(text(), \"OK\")]"}
COMMAND: POST /session/457e17a5ac387caa92e8fd77ed96fa85/element/f.926BFD6822BE6588C43F56A434E828F6.d.0A81238935E6DE3AE5C364FD73834451.e.3207/click - {}
RESULT: {}
COMMAND: GET /session/457e17a5ac387caa92e8fd77ed96fa85/screenshot - {}
RESULT: {}
COMMAND: POST /session/457e17a5ac387caa92e8fd77ed96fa85/element - {"using":"xpath","value":"//button[@data-kt=\"saveButton\"]"}
RESULT: {"using":"xpath","value":"//button[@data-kt=\"saveButton\"]"}
COMMAND: POST /session/457e17a5ac387caa92e8fd77ed96fa85/element/f.926BFD6822BE6588C43F56A434E828F6.d.0A81238935E6DE3AE5C364FD73834451.e.3059/click - {}
RESULT: {}
COMMAND: GET /session/457e17a5ac387caa92e8fd77ed96fa85/screenshot - {}
RESULT: {}
COMMAND: POST /session/457e17a5ac387caa92e8fd77ed96fa85/element - {"using":"xpath","value":"//header[contains(@id, 'ObjectPageLayout-headerTitle')]/div[1]/div[2]/div[2]/span[1]"}
RESULT: {"using":"xpath","value":"//header[contains(@id, 'ObjectPageLayout-headerTitle')]/div[1]/div[2]/div[2]/span[1]"}
COMMAND: POST /session/457e17a5ac387caa92e8fd77ed96fa85/elements - {"using":"xpath","value":"//header[contains(@id, 'ObjectPageLayout-headerTitle')]/div[1]/div[2]/div[2]/span[1]"}
RESULT: {"using":"xpath","value":"//header[contains(@id, 'ObjectPageLayout-headerTitle')]/div[1]/div[2]/div[2]/span[1]"}
COMMAND: POST /session/457e17a5ac387caa92e8fd77ed96fa85/execute/sync - {"script":"<script> [56 bytes]","args":[{"element-6066-11e4-a52e-4f735466cecf":"f.926BFD6822BE6588C43F56A434E828F6.d.0A81238935E6DE3AE5C364FD73834451.e.3372","ELEMENT":"f.926BFD6822BE6588C43F56A434E828F6.d.0A81238935E6DE3AE5C364FD73834451.e.3372"}]}
RESULT: {"script":"<script> [56 bytes]","args":[{"element-6066-11e4-a52e-4f735466cecf":"f.926BFD6822BE6588C43F56A434E828F6.d.0A81238935E6DE3AE5C364FD73834451.e.3372","ELEMENT":"f.926BFD6822BE6588C43F56A434E828F6.d.0A81238935E6DE3AE5C364FD73834451.e.3372"}]}
COMMAND: POST /session/457e17a5ac387caa92e8fd77ed96fa85/element - {"using":"css selector","value":"#shell-header-logo"}
COMMAND: GET /session/457e17a5ac387caa92e8fd77ed96fa85/screenshot - {}
RESULT: {"using":"css selector","value":"#shell-header-logo"}
COMMAND: POST /session/457e17a5ac387caa92e8fd77ed96fa85/element/f.926BFD6822BE6588C43F56A434E828F6.d.0A81238935E6DE3AE5C364FD73834451.e.2595/click - {}
RESULT: {}
RESULT: {}
COMMAND: GET /session/457e17a5ac387caa92e8fd77ed96fa85/screenshot - {}
RESULT: {}
COMMAND: POST /session/457e17a5ac387caa92e8fd77ed96fa85/execute/sync - {"script":"<script> [299 bytes]","args":[["getModel","getResource"]]}
RESULT: {"script":"<script> [299 bytes]","args":[["getModel","getResource"]]}
]]></system-out>
    </testcase>
    <testcase classname="chrome.136_0_7103_93.windows.Edit_and_delete_daily_price_US134629_US134627" name="Should create a new site used for following tests" time="110.986">
      <system-out><![CDATA[
COMMAND: POST /session/457e17a5ac387caa92e8fd77ed96fa85/execute/async - {"script":"<script> [1562 bytes]","args":[{"selector":{"controlType":"sap.m.GenericTile","properties":{"header":"Manage Sites"}},"wdio_ui5_key":"sapm.GenericTile{\"header\":\"Manage Sites\"}"}]}
COMMAND: GET /session/457e17a5ac387caa92e8fd77ed96fa85/screenshot - {}
RESULT: {"script":"<script> [1562 bytes]","args":[{"selector":{"controlType":"sap.m.GenericTile","properties":{"header":"Manage Sites"}},"wdio_ui5_key":"sapm.GenericTile{\"header\":\"Manage Sites\"}"}]}
RESULT: undefined
COMMAND: POST /session/457e17a5ac387caa92e8fd77ed96fa85/element - {"using":"xpath","value":"//*[@id=\"__tile40\"]"}
RESULT: {}
RESULT: {"using":"xpath","value":"//*[@id=\"__tile40\"]"}
COMMAND: POST /session/457e17a5ac387caa92e8fd77ed96fa85/element/f.926BFD6822BE6588C43F56A434E828F6.d.0A81238935E6DE3AE5C364FD73834451.e.2486/click - {}
RESULT: {}
COMMAND: GET /session/457e17a5ac387caa92e8fd77ed96fa85/screenshot - {}
RESULT: {}
COMMAND: POST /session/457e17a5ac387caa92e8fd77ed96fa85/elements - {"using":"xpath","value":"//span[text()='Error']"}
RESULT: {"using":"xpath","value":"//span[text()='Error']"}
COMMAND: POST /session/457e17a5ac387caa92e8fd77ed96fa85/element - {"using":"xpath","value":"//button[@data-kt=\"addOverflowToolbarButton\"]"}
RESULT: {"using":"xpath","value":"//button[@data-kt=\"addOverflowToolbarButton\"]"}
COMMAND: POST /session/457e17a5ac387caa92e8fd77ed96fa85/elements - {"using":"xpath","value":"//button[@data-kt=\"addOverflowToolbarButton\"]"}
RESULT: {"using":"xpath","value":"//button[@data-kt=\"addOverflowToolbarButton\"]"}
COMMAND: POST /session/457e17a5ac387caa92e8fd77ed96fa85/execute/sync - {"script":"<script> [8489 bytes]","args":[{"element-6066-11e4-a52e-4f735466cecf":"f.926BFD6822BE6588C43F56A434E828F6.d.0A81238935E6DE3AE5C364FD73834451.e.3520","ELEMENT":"f.926BFD6822BE6588C43F56A434E828F6.d.0A81238935E6DE3AE5C364FD73834451.e.3520"}]}
RESULT: {"script":"<script> [8489 bytes]","args":[{"element-6066-11e4-a52e-4f735466cecf":"f.926BFD6822BE6588C43F56A434E828F6.d.0A81238935E6DE3AE5C364FD73834451.e.3520","ELEMENT":"f.926BFD6822BE6588C43F56A434E828F6.d.0A81238935E6DE3AE5C364FD73834451.e.3520"}]}
COMMAND: GET /session/457e17a5ac387caa92e8fd77ed96fa85/element/f.926BFD6822BE6588C43F56A434E828F6.d.0A81238935E6DE3AE5C364FD73834451.e.3520/enabled - {}
COMMAND: GET /session/457e17a5ac387caa92e8fd77ed96fa85/screenshot - {}
RESULT: {}
COMMAND: POST /session/457e17a5ac387caa92e8fd77ed96fa85/execute/sync - {"script":"<script> [8489 bytes]","args":[{"element-6066-11e4-a52e-4f735466cecf":"f.926BFD6822BE6588C43F56A434E828F6.d.0A81238935E6DE3AE5C364FD73834451.e.3520","ELEMENT":"f.926BFD6822BE6588C43F56A434E828F6.d.0A81238935E6DE3AE5C364FD73834451.e.3520"}]}
COMMAND: GET /session/457e17a5ac387caa92e8fd77ed96fa85/screenshot - {}
RESULT: {}
RESULT: {"script":"<script> [8489 bytes]","args":[{"element-6066-11e4-a52e-4f735466cecf":"f.926BFD6822BE6588C43F56A434E828F6.d.0A81238935E6DE3AE5C364FD73834451.e.3520","ELEMENT":"f.926BFD6822BE6588C43F56A434E828F6.d.0A81238935E6DE3AE5C364FD73834451.e.3520"}]}
COMMAND: POST /session/457e17a5ac387caa92e8fd77ed96fa85/execute/sync - {"script":"<script> [5351 bytes]","args":[{"element-6066-11e4-a52e-4f735466cecf":"f.926BFD6822BE6588C43F56A434E828F6.d.0A81238935E6DE3AE5C364FD73834451.e.3520","ELEMENT":"f.926BFD6822BE6588C43F56A434E828F6.d.0A81238935E6DE3AE5C364FD73834451.e.3520"}]}
COMMAND: GET /session/457e17a5ac387caa92e8fd77ed96fa85/screenshot - {}
RESULT: {}
RESULT: {"script":"<script> [5351 bytes]","args":[{"element-6066-11e4-a52e-4f735466cecf":"f.926BFD6822BE6588C43F56A434E828F6.d.0A81238935E6DE3AE5C364FD73834451.e.3520","ELEMENT":"f.926BFD6822BE6588C43F56A434E828F6.d.0A81238935E6DE3AE5C364FD73834451.e.3520"}]}
COMMAND: POST /session/457e17a5ac387caa92e8fd77ed96fa85/element/f.926BFD6822BE6588C43F56A434E828F6.d.0A81238935E6DE3AE5C364FD73834451.e.3520/click - {}
COMMAND: GET /session/457e17a5ac387caa92e8fd77ed96fa85/screenshot - {}
RESULT: {}
RESULT: {}
COMMAND: GET /session/457e17a5ac387caa92e8fd77ed96fa85/screenshot - {}
RESULT: {}
COMMAND: POST /session/457e17a5ac387caa92e8fd77ed96fa85/element - {"using":"xpath","value":"//input[@id=\"application-managesites-display-component---NewSite--siteId-inner\"]"}
RESULT: {}
RESULT: {"using":"xpath","value":"//input[@id=\"application-managesites-display-component---NewSite--siteId-inner\"]"}
COMMAND: POST /session/457e17a5ac387caa92e8fd77ed96fa85/element - {"using":"xpath","value":"//input[@id=\"application-managesites-display-component---NewSite--siteId-inner\"]"}
RESULT: {"using":"xpath","value":"//input[@id=\"application-managesites-display-component---NewSite--siteId-inner\"]"}
COMMAND: POST /session/457e17a5ac387caa92e8fd77ed96fa85/execute/async - {"script":"<script> [1562 bytes]","args":[{"selector":{"id":"application-managesites-display-component---NewSite--addressDetailDetailsName1","interaction":{"idSuffix":"inner"}},"wdio_ui5_key":"applicationmanagesites-display-component---NewSite--addressDetailDetailsName1"}]}
RESULT: {"script":"<script> [1562 bytes]","args":[{"selector":{"id":"application-managesites-display-component---NewSite--addressDetailDetailsName1","interaction":{"idSuffix":"inner"}},"wdio_ui5_key":"applicationmanagesites-display-component---NewSite--addressDetailDetailsName1"}]}
RESULT: undefined
COMMAND: POST /session/457e17a5ac387caa92e8fd77ed96fa85/execute/async - {"script":"<script> [776 bytes]","args":[{"enterText":"DailyPrice WDIO","selector":{"id":"application-managesites-display-component---NewSite--addressDetailDetailsName1","interaction":{"idSuffix":"inner"}},"clearTextFirst":true,"interactionType":"ENTER_TEXT"}]}
RESULT: {"script":"<script> [776 bytes]","args":[{"enterText":"DailyPrice WDIO","selector":{"id":"application-managesites-display-component---NewSite--addressDetailDetailsName1","interaction":{"idSuffix":"inner"}},"clearTextFirst":true,"interactionType":"ENTER_TEXT"}]}
COMMAND: POST /session/457e17a5ac387caa92e8fd77ed96fa85/execute/async - {"script":"<script> [1562 bytes]","args":[{"selector":{"id":"application-managesites-display-component---NewSite--addressDetailDetailsLanguage-arrow"},"wdio_ui5_key":"applicationmanagesites-display-component---NewSite--addressDetailDetailsLanguage-arrow"}]}
RESULT: {"script":"<script> [1562 bytes]","args":[{"selector":{"id":"application-managesites-display-component---NewSite--addressDetailDetailsLanguage-arrow"},"wdio_ui5_key":"applicationmanagesites-display-component---NewSite--addressDetailDetailsLanguage-arrow"}]}
RESULT: undefined
COMMAND: POST /session/457e17a5ac387caa92e8fd77ed96fa85/element - {"using":"xpath","value":"//*[@id=\"application-managesites-display-component---NewSite--addressDetailDetailsLanguage-arrow\"]"}
RESULT: {"using":"xpath","value":"//*[@id=\"application-managesites-display-component---NewSite--addressDetailDetailsLanguage-arrow\"]"}
COMMAND: POST /session/457e17a5ac387caa92e8fd77ed96fa85/element/f.926BFD6822BE6588C43F56A434E828F6.d.0A81238935E6DE3AE5C364FD73834451.e.4029/click - {}
RESULT: {}
COMMAND: POST /session/457e17a5ac387caa92e8fd77ed96fa85/element - {"using":"xpath","value":"//span[contains(text(), \"English\")]"}
COMMAND: GET /session/457e17a5ac387caa92e8fd77ed96fa85/screenshot - {}
RESULT: {"using":"xpath","value":"//span[contains(text(), \"English\")]"}
COMMAND: POST /session/457e17a5ac387caa92e8fd77ed96fa85/element/f.926BFD6822BE6588C43F56A434E828F6.d.0A81238935E6DE3AE5C364FD73834451.e.4030/click - {}
RESULT: {}
RESULT: {}
COMMAND: POST /session/457e17a5ac387caa92e8fd77ed96fa85/execute/async - {"script":"<script> [1562 bytes]","args":[{"selector":{"id":"application-managesites-display-component---NewSite--addressDetailDetailsCity1","interaction":{"idSuffix":"inner"}},"wdio_ui5_key":"applicationmanagesites-display-component---NewSite--addressDetailDetailsCity1"}]}
COMMAND: GET /session/457e17a5ac387caa92e8fd77ed96fa85/screenshot - {}
RESULT: {"script":"<script> [1562 bytes]","args":[{"selector":{"id":"application-managesites-display-component---NewSite--addressDetailDetailsCity1","interaction":{"idSuffix":"inner"}},"wdio_ui5_key":"applicationmanagesites-display-component---NewSite--addressDetailDetailsCity1"}]}
RESULT: undefined
COMMAND: POST /session/457e17a5ac387caa92e8fd77ed96fa85/execute/async - {"script":"<script> [776 bytes]","args":[{"enterText":"Rosario","selector":{"id":"application-managesites-display-component---NewSite--addressDetailDetailsCity1","interaction":{"idSuffix":"inner"}},"clearTextFirst":true,"interactionType":"ENTER_TEXT"}]}
RESULT: {}
RESULT: {"script":"<script> [776 bytes]","args":[{"enterText":"Rosario","selector":{"id":"application-managesites-display-component---NewSite--addressDetailDetailsCity1","interaction":{"idSuffix":"inner"}},"clearTextFirst":true,"interactionType":"ENTER_TEXT"}]}
COMMAND: POST /session/457e17a5ac387caa92e8fd77ed96fa85/execute/async - {"script":"<script> [1562 bytes]","args":[{"selector":{"id":"application-managesites-display-component---NewSite--addressDetailDetailsCountry-arrow"},"wdio_ui5_key":"applicationmanagesites-display-component---NewSite--addressDetailDetailsCountry-arrow"}]}
RESULT: {"script":"<script> [1562 bytes]","args":[{"selector":{"id":"application-managesites-display-component---NewSite--addressDetailDetailsCountry-arrow"},"wdio_ui5_key":"applicationmanagesites-display-component---NewSite--addressDetailDetailsCountry-arrow"}]}
RESULT: undefined
COMMAND: POST /session/457e17a5ac387caa92e8fd77ed96fa85/element - {"using":"xpath","value":"//*[@id=\"application-managesites-display-component---NewSite--addressDetailDetailsCountry-arrow\"]"}
RESULT: {"using":"xpath","value":"//*[@id=\"application-managesites-display-component---NewSite--addressDetailDetailsCountry-arrow\"]"}
COMMAND: POST /session/457e17a5ac387caa92e8fd77ed96fa85/element/f.926BFD6822BE6588C43F56A434E828F6.d.0A81238935E6DE3AE5C364FD73834451.e.4032/click - {}
RESULT: {}
COMMAND: POST /session/457e17a5ac387caa92e8fd77ed96fa85/element - {"using":"xpath","value":"//span[contains(text(), \"Argentina\")]"}
COMMAND: GET /session/457e17a5ac387caa92e8fd77ed96fa85/screenshot - {}
RESULT: {"using":"xpath","value":"//span[contains(text(), \"Argentina\")]"}
COMMAND: POST /session/457e17a5ac387caa92e8fd77ed96fa85/element/f.926BFD6822BE6588C43F56A434E828F6.d.0A81238935E6DE3AE5C364FD73834451.e.4033/click - {}
RESULT: {}
RESULT: {}
COMMAND: GET /session/457e17a5ac387caa92e8fd77ed96fa85/screenshot - {}
RESULT: {}
COMMAND: POST /session/457e17a5ac387caa92e8fd77ed96fa85/execute/async - {"script":"<script> [1562 bytes]","args":[{"selector":{"id":"application-managesites-display-component---NewSite--addressEditDetailsCostObjectCstType-arrow"},"wdio_ui5_key":"applicationmanagesites-display-component---NewSite--addressEditDetailsCostObjectCstType-arrow"}]}
RESULT: {"script":"<script> [1562 bytes]","args":[{"selector":{"id":"application-managesites-display-component---NewSite--addressEditDetailsCostObjectCstType-arrow"},"wdio_ui5_key":"applicationmanagesites-display-component---NewSite--addressEditDetailsCostObjectCstType-arrow"}]}
RESULT: undefined
COMMAND: POST /session/457e17a5ac387caa92e8fd77ed96fa85/element - {"using":"xpath","value":"//*[@id=\"application-managesites-display-component---NewSite--addressEditDetailsCostObjectCstType-arrow\"]"}
RESULT: {"using":"xpath","value":"//*[@id=\"application-managesites-display-component---NewSite--addressEditDetailsCostObjectCstType-arrow\"]"}
COMMAND: POST /session/457e17a5ac387caa92e8fd77ed96fa85/element/f.926BFD6822BE6588C43F56A434E828F6.d.0A81238935E6DE3AE5C364FD73834451.e.4035/click - {}
RESULT: {}
COMMAND: POST /session/457e17a5ac387caa92e8fd77ed96fa85/element - {"using":"xpath","value":"//span[contains(text(), \"Cost Center\")]"}
COMMAND: GET /session/457e17a5ac387caa92e8fd77ed96fa85/screenshot - {}
RESULT: {"using":"xpath","value":"//span[contains(text(), \"Cost Center\")]"}
COMMAND: POST /session/457e17a5ac387caa92e8fd77ed96fa85/element/f.926BFD6822BE6588C43F56A434E828F6.d.0A81238935E6DE3AE5C364FD73834451.e.4037/click - {}
RESULT: {}
RESULT: {}
COMMAND: GET /session/457e17a5ac387caa92e8fd77ed96fa85/screenshot - {}
RESULT: {}
COMMAND: POST /session/457e17a5ac387caa92e8fd77ed96fa85/element - {"using":"xpath","value":"//span[@id=\"application-managesites-display-component---NewSite--addressNewCostObjectCstID-vhi\"]"}
RESULT: {"using":"xpath","value":"//span[@id=\"application-managesites-display-component---NewSite--addressNewCostObjectCstID-vhi\"]"}
COMMAND: POST /session/457e17a5ac387caa92e8fd77ed96fa85/execute/sync - {"script":"<script> [8489 bytes]","args":[{"element-6066-11e4-a52e-4f735466cecf":"f.926BFD6822BE6588C43F56A434E828F6.d.0A81238935E6DE3AE5C364FD73834451.e.4041","ELEMENT":"f.926BFD6822BE6588C43F56A434E828F6.d.0A81238935E6DE3AE5C364FD73834451.e.4041"}]}
RESULT: {"script":"<script> [8489 bytes]","args":[{"element-6066-11e4-a52e-4f735466cecf":"f.926BFD6822BE6588C43F56A434E828F6.d.0A81238935E6DE3AE5C364FD73834451.e.4041","ELEMENT":"f.926BFD6822BE6588C43F56A434E828F6.d.0A81238935E6DE3AE5C364FD73834451.e.4041"}]}
COMMAND: POST /session/457e17a5ac387caa92e8fd77ed96fa85/execute/async - {"script":"<script> [1562 bytes]","args":[{"selector":{"id":"application-managesites-display-component---NewSite--addressNewCostObjectCstID-vhi"},"wdio_ui5_key":"applicationmanagesites-display-component---NewSite--addressNewCostObjectCstID-vhi"}]}
COMMAND: GET /session/457e17a5ac387caa92e8fd77ed96fa85/screenshot - {}
RESULT: {"script":"<script> [1562 bytes]","args":[{"selector":{"id":"application-managesites-display-component---NewSite--addressNewCostObjectCstID-vhi"},"wdio_ui5_key":"applicationmanagesites-display-component---NewSite--addressNewCostObjectCstID-vhi"}]}
RESULT: undefined
COMMAND: POST /session/457e17a5ac387caa92e8fd77ed96fa85/element - {"using":"xpath","value":"//*[@id=\"application-managesites-display-component---NewSite--addressNewCostObjectCstID-vhi\"]"}
RESULT: {}
RESULT: {"using":"xpath","value":"//*[@id=\"application-managesites-display-component---NewSite--addressNewCostObjectCstID-vhi\"]"}
COMMAND: POST /session/457e17a5ac387caa92e8fd77ed96fa85/element/f.926BFD6822BE6588C43F56A434E828F6.d.0A81238935E6DE3AE5C364FD73834451.e.4041/click - {}
RESULT: {}
COMMAND: GET /session/457e17a5ac387caa92e8fd77ed96fa85/screenshot - {}
RESULT: {}
RESULT: undefined
COMMAND: POST /session/457e17a5ac387caa92e8fd77ed96fa85/execute/async - {"script":"<script> [776 bytes]","args":[{"enterText":"10001013","selector":{"controlType":"sap.m.SearchField","properties":{"placeholder":"Search"},"searchOpenDialogs":true,"interaction":{"idSuffix":"I"}},"clearTextFirst":true,"interactionType":"ENTER_TEXT"}]}
RESULT: {"script":"<script> [776 bytes]","args":[{"enterText":"10001013","selector":{"controlType":"sap.m.SearchField","properties":{"placeholder":"Search"},"searchOpenDialogs":true,"interaction":{"idSuffix":"I"}},"clearTextFirst":true,"interactionType":"ENTER_TEXT"}]}
COMMAND: POST /session/457e17a5ac387caa92e8fd77ed96fa85/actions - {"actions":[{"id":"action11","type":"key","parameters":{},"actions":[{"type":"keyDown","value":""},{"type":"pause","duration":10},{"type":"keyUp","value":""}]}]}
RESULT: {"actions":[{"id":"action11","type":"key","parameters":{},"actions":[{"type":"keyDown","value":""},{"type":"pause","duration":10},{"type":"keyUp","value":""}]}]}
COMMAND: GET /session/457e17a5ac387caa92e8fd77ed96fa85/screenshot - {}
RESULT: {}
COMMAND: POST /session/457e17a5ac387caa92e8fd77ed96fa85/element - {"using":"xpath","value":"//span[contains(text(), \"General Management\")]"}
RESULT: {"using":"xpath","value":"//span[contains(text(), \"General Management\")]"}
COMMAND: POST /session/457e17a5ac387caa92e8fd77ed96fa85/element/f.926BFD6822BE6588C43F56A434E828F6.d.0A81238935E6DE3AE5C364FD73834451.e.4081/click - {}
RESULT: {}
COMMAND: GET /session/457e17a5ac387caa92e8fd77ed96fa85/screenshot - {}
RESULT: {}
COMMAND: POST /session/457e17a5ac387caa92e8fd77ed96fa85/element - {"using":"xpath","value":"//bdi[contains(text(), \"OK\")]"}
RESULT: {"using":"xpath","value":"//bdi[contains(text(), \"OK\")]"}
COMMAND: POST /session/457e17a5ac387caa92e8fd77ed96fa85/element/f.926BFD6822BE6588C43F56A434E828F6.d.0A81238935E6DE3AE5C364FD73834451.e.4082/click - {}
RESULT: {}
COMMAND: GET /session/457e17a5ac387caa92e8fd77ed96fa85/screenshot - {}
RESULT: {}
COMMAND: POST /session/457e17a5ac387caa92e8fd77ed96fa85/element - {"using":"xpath","value":"//input[@id=\"application-managesites-display-component---NewSite--addressDetailDetailsCalendar-inner\"]"}
RESULT: {"using":"xpath","value":"//input[@id=\"application-managesites-display-component---NewSite--addressDetailDetailsCalendar-inner\"]"}
COMMAND: POST /session/457e17a5ac387caa92e8fd77ed96fa85/element/f.926BFD6822BE6588C43F56A434E828F6.d.0A81238935E6DE3AE5C364FD73834451.e.3824/clear - {}
RESULT: {}
COMMAND: POST /session/457e17a5ac387caa92e8fd77ed96fa85/element/f.926BFD6822BE6588C43F56A434E828F6.d.0A81238935E6DE3AE5C364FD73834451.e.3824/value - {"text":"Unit"}
COMMAND: GET /session/457e17a5ac387caa92e8fd77ed96fa85/screenshot - {}
RESULT: {}
RESULT: {"text":"Unit"}
COMMAND: GET /session/457e17a5ac387caa92e8fd77ed96fa85/screenshot - {}
RESULT: {}
COMMAND: POST /session/457e17a5ac387caa92e8fd77ed96fa85/actions - {"actions":[{"id":"action12","type":"key","parameters":{},"actions":[{"type":"keyDown","value":""},{"type":"pause","duration":10},{"type":"keyUp","value":""}]}]}
RESULT: {"actions":[{"id":"action12","type":"key","parameters":{},"actions":[{"type":"keyDown","value":""},{"type":"pause","duration":10},{"type":"keyUp","value":""}]}]}
COMMAND: POST /session/457e17a5ac387caa92e8fd77ed96fa85/element - {"using":"xpath","value":"//input[@id=\"application-managesites-display-component---NewSite--addressDetailDetailsYard-inner\"]"}
COMMAND: GET /session/457e17a5ac387caa92e8fd77ed96fa85/screenshot - {}
RESULT: {"using":"xpath","value":"//input[@id=\"application-managesites-display-component---NewSite--addressDetailDetailsYard-inner\"]"}
COMMAND: POST /session/457e17a5ac387caa92e8fd77ed96fa85/element/f.926BFD6822BE6588C43F56A434E828F6.d.0A81238935E6DE3AE5C364FD73834451.e.3825/clear - {}
RESULT: {}
RESULT: {}
COMMAND: POST /session/457e17a5ac387caa92e8fd77ed96fa85/element/f.926BFD6822BE6588C43F56A434E828F6.d.0A81238935E6DE3AE5C364FD73834451.e.3825/value - {"text":"394"}
COMMAND: GET /session/457e17a5ac387caa92e8fd77ed96fa85/screenshot - {}
RESULT: {"text":"394"}
COMMAND: GET /session/457e17a5ac387caa92e8fd77ed96fa85/screenshot - {}
RESULT: {}
RESULT: {}
COMMAND: POST /session/457e17a5ac387caa92e8fd77ed96fa85/element - {"using":"xpath","value":"//li[.//span[text()='394']]"}
RESULT: {"using":"xpath","value":"//li[.//span[text()='394']]"}
COMMAND: POST /session/457e17a5ac387caa92e8fd77ed96fa85/element/f.926BFD6822BE6588C43F56A434E828F6.d.0A81238935E6DE3AE5C364FD73834451.e.4090/click - {}
RESULT: {}
COMMAND: GET /session/457e17a5ac387caa92e8fd77ed96fa85/screenshot - {}
RESULT: {}
COMMAND: POST /session/457e17a5ac387caa92e8fd77ed96fa85/element - {"using":"xpath","value":"//input[@id=\"application-managesites-display-component---NewSite--addressDetailDetailsPartner-inner\"]"}
RESULT: {"using":"xpath","value":"//input[@id=\"application-managesites-display-component---NewSite--addressDetailDetailsPartner-inner\"]"}
COMMAND: POST /session/457e17a5ac387caa92e8fd77ed96fa85/element - {"using":"xpath","value":"//input[@id=\"application-managesites-display-component---NewSite--addressDetailDetailsPartner-inner\"]"}
RESULT: {"using":"xpath","value":"//input[@id=\"application-managesites-display-component---NewSite--addressDetailDetailsPartner-inner\"]"}
COMMAND: POST /session/457e17a5ac387caa92e8fd77ed96fa85/element - {"using":"xpath","value":"//button[@data-kt=\"saveButton\"]"}
RESULT: {"using":"xpath","value":"//button[@data-kt=\"saveButton\"]"}
COMMAND: POST /session/457e17a5ac387caa92e8fd77ed96fa85/element/f.926BFD6822BE6588C43F56A434E828F6.d.0A81238935E6DE3AE5C364FD73834451.e.4014/click - {}
RESULT: {}
COMMAND: GET /session/457e17a5ac387caa92e8fd77ed96fa85/screenshot - {}
RESULT: {}
COMMAND: POST /session/457e17a5ac387caa92e8fd77ed96fa85/element - {"using":"xpath","value":"//header[contains(@id, 'ObjectPageLayout-headerTitle')]/div[1]/div[2]/div[2]/span[1]"}
RESULT: {"using":"xpath","value":"//header[contains(@id, 'ObjectPageLayout-headerTitle')]/div[1]/div[2]/div[2]/span[1]"}
COMMAND: POST /session/457e17a5ac387caa92e8fd77ed96fa85/elements - {"using":"xpath","value":"//header[contains(@id, 'ObjectPageLayout-headerTitle')]/div[1]/div[2]/div[2]/span[1]"}
RESULT: {"using":"xpath","value":"//header[contains(@id, 'ObjectPageLayout-headerTitle')]/div[1]/div[2]/div[2]/span[1]"}
COMMAND: POST /session/457e17a5ac387caa92e8fd77ed96fa85/execute/sync - {"script":"<script> [56 bytes]","args":[{"element-6066-11e4-a52e-4f735466cecf":"f.926BFD6822BE6588C43F56A434E828F6.d.0A81238935E6DE3AE5C364FD73834451.e.4293","ELEMENT":"f.926BFD6822BE6588C43F56A434E828F6.d.0A81238935E6DE3AE5C364FD73834451.e.4293"}]}
RESULT: {"script":"<script> [56 bytes]","args":[{"element-6066-11e4-a52e-4f735466cecf":"f.926BFD6822BE6588C43F56A434E828F6.d.0A81238935E6DE3AE5C364FD73834451.e.4293","ELEMENT":"f.926BFD6822BE6588C43F56A434E828F6.d.0A81238935E6DE3AE5C364FD73834451.e.4293"}]}
COMMAND: POST /session/457e17a5ac387caa92e8fd77ed96fa85/element - {"using":"css selector","value":"#shell-header-logo"}
COMMAND: GET /session/457e17a5ac387caa92e8fd77ed96fa85/screenshot - {}
RESULT: {"using":"css selector","value":"#shell-header-logo"}
COMMAND: POST /session/457e17a5ac387caa92e8fd77ed96fa85/element/f.926BFD6822BE6588C43F56A434E828F6.d.0A81238935E6DE3AE5C364FD73834451.e.3377/click - {}
RESULT: {}
RESULT: {}
COMMAND: GET /session/457e17a5ac387caa92e8fd77ed96fa85/screenshot - {}
RESULT: {}
COMMAND: POST /session/457e17a5ac387caa92e8fd77ed96fa85/execute/sync - {"script":"<script> [299 bytes]","args":[["getModel","getResource"]]}
RESULT: {"script":"<script> [299 bytes]","args":[["getModel","getResource"]]}
COMMAND: GET /session/457e17a5ac387caa92e8fd77ed96fa85/screenshot - {}
]]></system-out>
    </testcase>
    <testcase classname="chrome.136_0_7103_93.windows.Edit_and_delete_daily_price_US134629_US134627" name="Should go to Manage Conditions Daily Price and add the 2 rows one with yard site and one with yard" time="99.724">
      <system-out><![CDATA[
COMMAND: POST /session/457e17a5ac387caa92e8fd77ed96fa85/execute/async - {"script":"<script> [1562 bytes]","args":[{"selector":{"controlType":"sap.m.GenericTile","properties":{"header":"Manage Conditions & Prices"}},"wdio_ui5_key":"sapm.GenericTile{\"header\":\"Manage Conditions & Prices\"}"}]}
RESULT: {"script":"<script> [1562 bytes]","args":[{"selector":{"controlType":"sap.m.GenericTile","properties":{"header":"Manage Conditions & Prices"}},"wdio_ui5_key":"sapm.GenericTile{\"header\":\"Manage Conditions & Prices\"}"}]}
RESULT: undefined
COMMAND: POST /session/457e17a5ac387caa92e8fd77ed96fa85/element - {"using":"xpath","value":"//*[@id=\"__tile53\"]"}
RESULT: {}
RESULT: {"using":"xpath","value":"//*[@id=\"__tile53\"]"}
COMMAND: POST /session/457e17a5ac387caa92e8fd77ed96fa85/element/f.926BFD6822BE6588C43F56A434E828F6.d.0A81238935E6DE3AE5C364FD73834451.e.2530/click - {}
RESULT: {}
COMMAND: GET /session/457e17a5ac387caa92e8fd77ed96fa85/screenshot - {}
RESULT: {}
COMMAND: POST /session/457e17a5ac387caa92e8fd77ed96fa85/elements - {"using":"xpath","value":"//span[text()='Error']"}
RESULT: {"using":"xpath","value":"//span[text()='Error']"}
COMMAND: POST /session/457e17a5ac387caa92e8fd77ed96fa85/element - {"using":"xpath","value":"//button[@aria-label=\"Create\"]"}
RESULT: {"using":"xpath","value":"//button[@aria-label=\"Create\"]"}
COMMAND: POST /session/457e17a5ac387caa92e8fd77ed96fa85/element/f.926BFD6822BE6588C43F56A434E828F6.d.0A81238935E6DE3AE5C364FD73834451.e.4333/click - {}
RESULT: {}
COMMAND: GET /session/457e17a5ac387caa92e8fd77ed96fa85/screenshot - {}
RESULT: {}
COMMAND: POST /session/457e17a5ac387caa92e8fd77ed96fa85/actions - {"actions":[{"id":"action13","type":"key","parameters":{},"actions":[{"type":"keyDown","value":""},{"type":"pause","duration":10},{"type":"keyUp","value":""}]}]}
RESULT: {"actions":[{"id":"action13","type":"key","parameters":{},"actions":[{"type":"keyDown","value":""},{"type":"pause","duration":10},{"type":"keyUp","value":""}]}]}
COMMAND: POST /session/457e17a5ac387caa92e8fd77ed96fa85/actions - {"actions":[{"id":"action14","type":"key","parameters":{},"actions":[{"type":"keyDown","value":""},{"type":"pause","duration":10},{"type":"keyUp","value":""}]}]}
COMMAND: GET /session/457e17a5ac387caa92e8fd77ed96fa85/screenshot - {}
RESULT: {"actions":[{"id":"action14","type":"key","parameters":{},"actions":[{"type":"keyDown","value":""},{"type":"pause","duration":10},{"type":"keyUp","value":""}]}]}
COMMAND: POST /session/457e17a5ac387caa92e8fd77ed96fa85/execute/async - {"script":"<script> [1562 bytes]","args":[{"selector":{"controlType":"sap.m.Title","viewName":"etm.portal.ui.manageconditionprice.view.DailyPrices","viewId":"application-manageconditionprice-display-component---dailyPrices","i18NText":{"propertyName":"text","key":"dailyPrices"}},"wdio_ui5_key":"etmportal.ui.manageconditionprice.view.DailyPricessap.m.Title{\"propertyName\":\"text\",\"key\":\"dailyPrices\"}"}]}
COMMAND: GET /session/457e17a5ac387caa92e8fd77ed96fa85/screenshot - {}
RESULT: {}
RESULT: {"script":"<script> [1562 bytes]","args":[{"selector":{"controlType":"sap.m.Title","viewName":"etm.portal.ui.manageconditionprice.view.DailyPrices","viewId":"application-manageconditionprice-display-component---dailyPrices","i18NText":{"propertyName":"text","key":"dailyPrices"}},"wdio_ui5_key":"etmportal.ui.manageconditionprice.view.DailyPricessap.m.Title{\"propertyName\":\"text\",\"key\":\"dailyPrices\"}"}]}
RESULT: undefined
COMMAND: POST /session/457e17a5ac387caa92e8fd77ed96fa85/execute/async - {"script":"<script> [6424 bytes]","args":[{"element-6066-11e4-a52e-4f735466cecf":"f.926BFD6822BE6588C43F56A434E828F6.d.0A81238935E6DE3AE5C364FD73834451.e.4704"},"getText",[]]}
RESULT: {}
RESULT: {"script":"<script> [6424 bytes]","args":[{"element-6066-11e4-a52e-4f735466cecf":"f.926BFD6822BE6588C43F56A434E828F6.d.0A81238935E6DE3AE5C364FD73834451.e.4704"},"getText",[]]}
COMMAND: POST /session/457e17a5ac387caa92e8fd77ed96fa85/execute/async - {"script":"<script> [1562 bytes]","args":[{"selector":{"id":"application-manageconditionprice-display-component---dailyPrices--condBillCond","interaction":{"idSuffix":"inner"}},"wdio_ui5_key":"applicationmanageconditionprice-display-component---dailyPrices--condBillCond"}]}
RESULT: {"script":"<script> [1562 bytes]","args":[{"selector":{"id":"application-manageconditionprice-display-component---dailyPrices--condBillCond","interaction":{"idSuffix":"inner"}},"wdio_ui5_key":"applicationmanageconditionprice-display-component---dailyPrices--condBillCond"}]}
RESULT: undefined
COMMAND: POST /session/457e17a5ac387caa92e8fd77ed96fa85/execute/async - {"script":"<script> [776 bytes]","args":[{"enterText":"Residual Value %","selector":{"id":"application-manageconditionprice-display-component---dailyPrices--condBillCond","interaction":{"idSuffix":"inner"}},"clearTextFirst":true,"interactionType":"ENTER_TEXT"}]}
RESULT: {"script":"<script> [776 bytes]","args":[{"enterText":"Residual Value %","selector":{"id":"application-manageconditionprice-display-component---dailyPrices--condBillCond","interaction":{"idSuffix":"inner"}},"clearTextFirst":true,"interactionType":"ENTER_TEXT"}]}
COMMAND: POST /session/457e17a5ac387caa92e8fd77ed96fa85/execute/async - {"script":"<script> [1562 bytes]","args":[{"selector":{"controlType":"sap.m.StandardListItem","viewName":"etm.portal.ui.manageconditionprice.view.DailyPrices","viewId":"application-manageconditionprice-display-component---dailyPrices","properties":{"type":"Active"},"searchOpenDialogs":true,"interaction":{"idSuffix":"titleText"}},"wdio_ui5_key":"etmportal.ui.manageconditionprice.view.DailyPricessap.m.StandardListItem{\"type\":\"Active\"}"}]}
RESULT: {"script":"<script> [1562 bytes]","args":[{"selector":{"controlType":"sap.m.StandardListItem","viewName":"etm.portal.ui.manageconditionprice.view.DailyPrices","viewId":"application-manageconditionprice-display-component---dailyPrices","properties":{"type":"Active"},"searchOpenDialogs":true,"interaction":{"idSuffix":"titleText"}},"wdio_ui5_key":"etmportal.ui.manageconditionprice.view.DailyPricessap.m.StandardListItem{\"type\":\"Active\"}"}]}
RESULT: undefined
COMMAND: POST /session/457e17a5ac387caa92e8fd77ed96fa85/element - {"using":"xpath","value":"//*[@id=\"__item1193\"]"}
RESULT: {"using":"xpath","value":"//*[@id=\"__item1193\"]"}
COMMAND: POST /session/457e17a5ac387caa92e8fd77ed96fa85/element/f.926BFD6822BE6588C43F56A434E828F6.d.0A81238935E6DE3AE5C364FD73834451.e.4708/click - {}
RESULT: {}
COMMAND: POST /session/457e17a5ac387caa92e8fd77ed96fa85/execute/async - {"script":"<script> [1562 bytes]","args":[{"selector":{"id":"application-manageconditionprice-display-component---dailyPrices--editBtn","interaction":{"idSuffix":"BDI-content"}},"wdio_ui5_key":"applicationmanageconditionprice-display-component---dailyPrices--editBtn"}]}
COMMAND: GET /session/457e17a5ac387caa92e8fd77ed96fa85/screenshot - {}
RESULT: {"script":"<script> [1562 bytes]","args":[{"selector":{"id":"application-manageconditionprice-display-component---dailyPrices--editBtn","interaction":{"idSuffix":"BDI-content"}},"wdio_ui5_key":"applicationmanageconditionprice-display-component---dailyPrices--editBtn"}]}
RESULT: undefined
COMMAND: POST /session/457e17a5ac387caa92e8fd77ed96fa85/element - {"using":"xpath","value":"//*[@id=\"application-manageconditionprice-display-component---dailyPrices--editBtn\"]"}
RESULT: {}
RESULT: {"using":"xpath","value":"//*[@id=\"application-manageconditionprice-display-component---dailyPrices--editBtn\"]"}
COMMAND: POST /session/457e17a5ac387caa92e8fd77ed96fa85/element/f.926BFD6822BE6588C43F56A434E828F6.d.0A81238935E6DE3AE5C364FD73834451.e.4706/click - {}
RESULT: {}
COMMAND: POST /session/457e17a5ac387caa92e8fd77ed96fa85/execute/async - {"script":"<script> [1562 bytes]","args":[{"selector":{"controlType":"sap.m.Button","viewName":"etm.portal.ui.manageconditionprice.view.DailyPrices","viewId":"application-manageconditionprice-display-component---dailyPrices","i18NText":{"propertyName":"text","key":"add"},"interaction":{"idSuffix":"BDI-content"}},"wdio_ui5_key":"etmportal.ui.manageconditionprice.view.DailyPricessap.m.Button{\"propertyName\":\"text\",\"key\":\"add\"}"}]}
COMMAND: GET /session/457e17a5ac387caa92e8fd77ed96fa85/screenshot - {}
RESULT: {"script":"<script> [1562 bytes]","args":[{"selector":{"controlType":"sap.m.Button","viewName":"etm.portal.ui.manageconditionprice.view.DailyPrices","viewId":"application-manageconditionprice-display-component---dailyPrices","i18NText":{"propertyName":"text","key":"add"},"interaction":{"idSuffix":"BDI-content"}},"wdio_ui5_key":"etmportal.ui.manageconditionprice.view.DailyPricessap.m.Button{\"propertyName\":\"text\",\"key\":\"add\"}"}]}
RESULT: undefined
COMMAND: POST /session/457e17a5ac387caa92e8fd77ed96fa85/element - {"using":"xpath","value":"//*[@id=\"__button113\"]"}
RESULT: {}
RESULT: {"using":"xpath","value":"//*[@id=\"__button113\"]"}
COMMAND: POST /session/457e17a5ac387caa92e8fd77ed96fa85/element/f.926BFD6822BE6588C43F56A434E828F6.d.0A81238935E6DE3AE5C364FD73834451.e.4716/click - {}
RESULT: {}
COMMAND: POST /session/457e17a5ac387caa92e8fd77ed96fa85/elements - {"using":"css selector","value":"table tr"}
COMMAND: GET /session/457e17a5ac387caa92e8fd77ed96fa85/screenshot - {}
RESULT: {"using":"css selector","value":"table tr"}
COMMAND: POST /session/457e17a5ac387caa92e8fd77ed96fa85/element/f.926BFD6822BE6588C43F56A434E828F6.d.0A81238935E6DE3AE5C364FD73834451.e.4914/elements - {"using":"css selector","value":"input"}
RESULT: {}
RESULT: {"using":"css selector","value":"input"}
COMMAND: POST /session/457e17a5ac387caa92e8fd77ed96fa85/element/f.926BFD6822BE6588C43F56A434E828F6.d.0A81238935E6DE3AE5C364FD73834451.e.4917/clear - {}
COMMAND: POST /session/457e17a5ac387caa92e8fd77ed96fa85/element/f.926BFD6822BE6588C43F56A434E828F6.d.0A81238935E6DE3AE5C364FD73834451.e.4915/clear - {}
COMMAND: POST /session/457e17a5ac387caa92e8fd77ed96fa85/element/f.926BFD6822BE6588C43F56A434E828F6.d.0A81238935E6DE3AE5C364FD73834451.e.4918/clear - {}
COMMAND: POST /session/457e17a5ac387caa92e8fd77ed96fa85/element/f.926BFD6822BE6588C43F56A434E828F6.d.0A81238935E6DE3AE5C364FD73834451.e.4916/clear - {}
COMMAND: POST /session/457e17a5ac387caa92e8fd77ed96fa85/element/f.926BFD6822BE6588C43F56A434E828F6.d.0A81238935E6DE3AE5C364FD73834451.e.4914/elements - {"using":"css selector","value":"td"}
RESULT: {}
COMMAND: POST /session/457e17a5ac387caa92e8fd77ed96fa85/element/f.926BFD6822BE6588C43F56A434E828F6.d.0A81238935E6DE3AE5C364FD73834451.e.4917/value - {"text":"705.60"}
RESULT: {}
COMMAND: POST /session/457e17a5ac387caa92e8fd77ed96fa85/element/f.926BFD6822BE6588C43F56A434E828F6.d.0A81238935E6DE3AE5C364FD73834451.e.4915/value - {"text":"05/27/25"}
RESULT: {}
COMMAND: POST /session/457e17a5ac387caa92e8fd77ed96fa85/element/f.926BFD6822BE6588C43F56A434E828F6.d.0A81238935E6DE3AE5C364FD73834451.e.4918/value - {"text":"Euro"}
RESULT: {}
COMMAND: POST /session/457e17a5ac387caa92e8fd77ed96fa85/element/f.926BFD6822BE6588C43F56A434E828F6.d.0A81238935E6DE3AE5C364FD73834451.e.4916/value - {"text":"10/27/25"}
COMMAND: GET /session/457e17a5ac387caa92e8fd77ed96fa85/screenshot - {}
COMMAND: GET /session/457e17a5ac387caa92e8fd77ed96fa85/screenshot - {}
COMMAND: GET /session/457e17a5ac387caa92e8fd77ed96fa85/screenshot - {}
COMMAND: GET /session/457e17a5ac387caa92e8fd77ed96fa85/screenshot - {}
RESULT: {"text":"705.60"}
RESULT: {"text":"05/27/25"}
RESULT: {"text":"Euro"}
RESULT: {"using":"css selector","value":"td"}
COMMAND: POST /session/457e17a5ac387caa92e8fd77ed96fa85/element - {"using":"xpath","value":".//li[contains(., \"2185\") and not(.//li)]"}
COMMAND: POST /session/457e17a5ac387caa92e8fd77ed96fa85/element/f.926BFD6822BE6588C43F56A434E828F6.d.0A81238935E6DE3AE5C364FD73834451.e.4936/element - {"using":"css selector","value":"input"}
COMMAND: POST /session/457e17a5ac387caa92e8fd77ed96fa85/element/f.926BFD6822BE6588C43F56A434E828F6.d.0A81238935E6DE3AE5C364FD73834451.e.4936/element - {"using":"css selector","value":"input"}
COMMAND: GET /session/457e17a5ac387caa92e8fd77ed96fa85/screenshot - {}
COMMAND: GET /session/457e17a5ac387caa92e8fd77ed96fa85/screenshot - {}
COMMAND: GET /session/457e17a5ac387caa92e8fd77ed96fa85/screenshot - {}
RESULT: {"text":"10/27/25"}
RESULT: {"using":"xpath","value":".//li[contains(., \"2185\") and not(.//li)]"}
RESULT: {"using":"css selector","value":"input"}
COMMAND: POST /session/457e17a5ac387caa92e8fd77ed96fa85/element/f.926BFD6822BE6588C43F56A434E828F6.d.0A81238935E6DE3AE5C364FD73834451.e.4919/click - {}
COMMAND: GET /session/457e17a5ac387caa92e8fd77ed96fa85/screenshot - {}
RESULT: {"using":"css selector","value":"input"}
COMMAND: POST /session/457e17a5ac387caa92e8fd77ed96fa85/element/f.926BFD6822BE6588C43F56A434E828F6.d.0A81238935E6DE3AE5C364FD73834451.e.4919/clear - {}
RESULT: {}
RESULT: {}
RESULT: {}
RESULT: {}
COMMAND: POST /session/457e17a5ac387caa92e8fd77ed96fa85/elements - {"using":"xpath","value":".//li[contains(., \"2185\") and not(.//li)]"}
RESULT: {}
RESULT: {}
COMMAND: GET /session/457e17a5ac387caa92e8fd77ed96fa85/screenshot - {}
RESULT: {}
RESULT: {}
COMMAND: POST /session/457e17a5ac387caa92e8fd77ed96fa85/element/f.926BFD6822BE6588C43F56A434E828F6.d.0A81238935E6DE3AE5C364FD73834451.e.4919/value - {"text":"2185"}
COMMAND: GET /session/457e17a5ac387caa92e8fd77ed96fa85/screenshot - {}
RESULT: {}
RESULT: {}
RESULT: {"using":"xpath","value":".//li[contains(., \"2185\") and not(.//li)]"}
COMMAND: POST /session/457e17a5ac387caa92e8fd77ed96fa85/elements - {"using":"xpath","value":".//li[contains(., \"2185\") and not(.//li)]"}
RESULT: {}
RESULT: {"text":"2185"}
COMMAND: GET /session/457e17a5ac387caa92e8fd77ed96fa85/screenshot - {}
RESULT: {}
RESULT: {"using":"xpath","value":".//li[contains(., \"2185\") and not(.//li)]"}
COMMAND: POST /session/457e17a5ac387caa92e8fd77ed96fa85/element - {"using":"xpath","value":".//li[contains(., \"2185\") and not(.//li)]"}
RESULT: {}
RESULT: {"using":"xpath","value":".//li[contains(., \"2185\") and not(.//li)]"}
COMMAND: POST /session/457e17a5ac387caa92e8fd77ed96fa85/element/f.926BFD6822BE6588C43F56A434E828F6.d.0A81238935E6DE3AE5C364FD73834451.e.4942/click - {}
RESULT: {}
COMMAND: POST /session/457e17a5ac387caa92e8fd77ed96fa85/element/f.926BFD6822BE6588C43F56A434E828F6.d.0A81238935E6DE3AE5C364FD73834451.e.4937/element - {"using":"css selector","value":"input"}
COMMAND: GET /session/457e17a5ac387caa92e8fd77ed96fa85/screenshot - {}
RESULT: {"using":"css selector","value":"input"}
COMMAND: POST /session/457e17a5ac387caa92e8fd77ed96fa85/element/f.926BFD6822BE6588C43F56A434E828F6.d.0A81238935E6DE3AE5C364FD73834451.e.4920/click - {}
RESULT: {}
RESULT: {}
COMMAND: GET /session/457e17a5ac387caa92e8fd77ed96fa85/screenshot - {}
RESULT: {}
COMMAND: POST /session/457e17a5ac387caa92e8fd77ed96fa85/element/f.926BFD6822BE6588C43F56A434E828F6.d.0A81238935E6DE3AE5C364FD73834451.e.4937/element - {"using":"css selector","value":"input"}
RESULT: {"using":"css selector","value":"input"}
COMMAND: POST /session/457e17a5ac387caa92e8fd77ed96fa85/element/f.926BFD6822BE6588C43F56A434E828F6.d.0A81238935E6DE3AE5C364FD73834451.e.4920/clear - {}
RESULT: {}
COMMAND: POST /session/457e17a5ac387caa92e8fd77ed96fa85/element/f.926BFD6822BE6588C43F56A434E828F6.d.0A81238935E6DE3AE5C364FD73834451.e.4920/value - {"text":"394"}
COMMAND: GET /session/457e17a5ac387caa92e8fd77ed96fa85/screenshot - {}
RESULT: {"text":"394"}
COMMAND: GET /session/457e17a5ac387caa92e8fd77ed96fa85/screenshot - {}
RESULT: {}
RESULT: {}
COMMAND: POST /session/457e17a5ac387caa92e8fd77ed96fa85/element - {"using":"xpath","value":".//li[contains(., \"394\") and not(.//li)]"}
RESULT: {"using":"xpath","value":".//li[contains(., \"394\") and not(.//li)]"}
COMMAND: POST /session/457e17a5ac387caa92e8fd77ed96fa85/element/f.926BFD6822BE6588C43F56A434E828F6.d.0A81238935E6DE3AE5C364FD73834451.e.4943/click - {}
RESULT: {}
RESULT: undefined
COMMAND: POST /session/457e17a5ac387caa92e8fd77ed96fa85/element - {"using":"xpath","value":"//*[@id=\"__button113\"]"}
COMMAND: GET /session/457e17a5ac387caa92e8fd77ed96fa85/screenshot - {}
RESULT: {"using":"xpath","value":"//*[@id=\"__button113\"]"}
COMMAND: POST /session/457e17a5ac387caa92e8fd77ed96fa85/element/f.926BFD6822BE6588C43F56A434E828F6.d.0A81238935E6DE3AE5C364FD73834451.e.4716/click - {}
RESULT: {}
RESULT: {}
COMMAND: POST /session/457e17a5ac387caa92e8fd77ed96fa85/elements - {"using":"css selector","value":"table tr"}
COMMAND: GET /session/457e17a5ac387caa92e8fd77ed96fa85/screenshot - {}
RESULT: {"using":"css selector","value":"table tr"}
COMMAND: POST /session/457e17a5ac387caa92e8fd77ed96fa85/element/f.926BFD6822BE6588C43F56A434E828F6.d.0A81238935E6DE3AE5C364FD73834451.e.4945/elements - {"using":"css selector","value":"input"}
RESULT: {}
RESULT: {"using":"css selector","value":"input"}
COMMAND: POST /session/457e17a5ac387caa92e8fd77ed96fa85/element/f.926BFD6822BE6588C43F56A434E828F6.d.0A81238935E6DE3AE5C364FD73834451.e.4948/clear - {}
COMMAND: POST /session/457e17a5ac387caa92e8fd77ed96fa85/element/f.926BFD6822BE6588C43F56A434E828F6.d.0A81238935E6DE3AE5C364FD73834451.e.4946/clear - {}
COMMAND: POST /session/457e17a5ac387caa92e8fd77ed96fa85/element/f.926BFD6822BE6588C43F56A434E828F6.d.0A81238935E6DE3AE5C364FD73834451.e.4949/clear - {}
COMMAND: POST /session/457e17a5ac387caa92e8fd77ed96fa85/element/f.926BFD6822BE6588C43F56A434E828F6.d.0A81238935E6DE3AE5C364FD73834451.e.4947/clear - {}
RESULT: {}
COMMAND: POST /session/457e17a5ac387caa92e8fd77ed96fa85/element/f.926BFD6822BE6588C43F56A434E828F6.d.0A81238935E6DE3AE5C364FD73834451.e.4948/value - {"text":"99.5"}
COMMAND: GET /session/457e17a5ac387caa92e8fd77ed96fa85/screenshot - {}
RESULT: {}
COMMAND: POST /session/457e17a5ac387caa92e8fd77ed96fa85/element/f.926BFD6822BE6588C43F56A434E828F6.d.0A81238935E6DE3AE5C364FD73834451.e.4946/value - {"text":"05/27/25"}
COMMAND: GET /session/457e17a5ac387caa92e8fd77ed96fa85/screenshot - {}
RESULT: {}
COMMAND: POST /session/457e17a5ac387caa92e8fd77ed96fa85/element/f.926BFD6822BE6588C43F56A434E828F6.d.0A81238935E6DE3AE5C364FD73834451.e.4949/value - {"text":"US Dollar"}
COMMAND: GET /session/457e17a5ac387caa92e8fd77ed96fa85/screenshot - {}
RESULT: {}
COMMAND: POST /session/457e17a5ac387caa92e8fd77ed96fa85/element/f.926BFD6822BE6588C43F56A434E828F6.d.0A81238935E6DE3AE5C364FD73834451.e.4947/value - {"text":"10/27/25"}
COMMAND: GET /session/457e17a5ac387caa92e8fd77ed96fa85/screenshot - {}
RESULT: {"text":"99.5"}
COMMAND: GET /session/457e17a5ac387caa92e8fd77ed96fa85/screenshot - {}
RESULT: {}
COMMAND: POST /session/457e17a5ac387caa92e8fd77ed96fa85/element/f.926BFD6822BE6588C43F56A434E828F6.d.0A81238935E6DE3AE5C364FD73834451.e.4945/elements - {"using":"css selector","value":"td"}
RESULT: {"text":"05/27/25"}
COMMAND: GET /session/457e17a5ac387caa92e8fd77ed96fa85/screenshot - {}
RESULT: {}
RESULT: {"text":"US Dollar"}
COMMAND: GET /session/457e17a5ac387caa92e8fd77ed96fa85/screenshot - {}
RESULT: {}
RESULT: {"text":"10/27/25"}
COMMAND: GET /session/457e17a5ac387caa92e8fd77ed96fa85/screenshot - {}
RESULT: {}
RESULT: {}
RESULT: {"using":"css selector","value":"td"}
COMMAND: POST /session/457e17a5ac387caa92e8fd77ed96fa85/element/f.926BFD6822BE6588C43F56A434E828F6.d.0A81238935E6DE3AE5C364FD73834451.e.4967/element - {"using":"css selector","value":"input"}
RESULT: {}
RESULT: {}
RESULT: {}
RESULT: {"using":"css selector","value":"input"}
COMMAND: POST /session/457e17a5ac387caa92e8fd77ed96fa85/element/f.926BFD6822BE6588C43F56A434E828F6.d.0A81238935E6DE3AE5C364FD73834451.e.4950/click - {}
RESULT: {}
COMMAND: GET /session/457e17a5ac387caa92e8fd77ed96fa85/screenshot - {}
RESULT: {}
COMMAND: POST /session/457e17a5ac387caa92e8fd77ed96fa85/element/f.926BFD6822BE6588C43F56A434E828F6.d.0A81238935E6DE3AE5C364FD73834451.e.4967/element - {"using":"css selector","value":"input"}
RESULT: {"using":"css selector","value":"input"}
COMMAND: POST /session/457e17a5ac387caa92e8fd77ed96fa85/element/f.926BFD6822BE6588C43F56A434E828F6.d.0A81238935E6DE3AE5C364FD73834451.e.4950/clear - {}
RESULT: {}
COMMAND: POST /session/457e17a5ac387caa92e8fd77ed96fa85/element/f.926BFD6822BE6588C43F56A434E828F6.d.0A81238935E6DE3AE5C364FD73834451.e.4950/value - {"text":"2185"}
COMMAND: GET /session/457e17a5ac387caa92e8fd77ed96fa85/screenshot - {}
RESULT: {"text":"2185"}
COMMAND: GET /session/457e17a5ac387caa92e8fd77ed96fa85/screenshot - {}
RESULT: {}
RESULT: {}
COMMAND: POST /session/457e17a5ac387caa92e8fd77ed96fa85/element - {"using":"xpath","value":"(//li[div//span[contains(text(), '2185')]])[2]"}
RESULT: {"using":"xpath","value":"(//li[div//span[contains(text(), '2185')]])[2]"}
COMMAND: POST /session/457e17a5ac387caa92e8fd77ed96fa85/element/f.926BFD6822BE6588C43F56A434E828F6.d.0A81238935E6DE3AE5C364FD73834451.e.4971/click - {}
RESULT: {}
COMMAND: POST /session/457e17a5ac387caa92e8fd77ed96fa85/execute/async - {"script":"<script> [1562 bytes]","args":[{"selector":{"controlType":"sap.m.Button","viewName":"etm.portal.ui.manageconditionprice.view.DailyPrices","viewId":"application-manageconditionprice-display-component---dailyPrices","i18NText":{"propertyName":"tooltip","key":"save"},"interaction":{"idSuffix":"BDI-content"}},"wdio_ui5_key":"etmportal.ui.manageconditionprice.view.DailyPricessap.m.Button{\"propertyName\":\"tooltip\",\"key\":\"save\"}"}]}
COMMAND: GET /session/457e17a5ac387caa92e8fd77ed96fa85/screenshot - {}
RESULT: {"script":"<script> [1562 bytes]","args":[{"selector":{"controlType":"sap.m.Button","viewName":"etm.portal.ui.manageconditionprice.view.DailyPrices","viewId":"application-manageconditionprice-display-component---dailyPrices","i18NText":{"propertyName":"tooltip","key":"save"},"interaction":{"idSuffix":"BDI-content"}},"wdio_ui5_key":"etmportal.ui.manageconditionprice.view.DailyPricessap.m.Button{\"propertyName\":\"tooltip\",\"key\":\"save\"}"}]}
RESULT: undefined
COMMAND: POST /session/457e17a5ac387caa92e8fd77ed96fa85/element - {"using":"xpath","value":"//*[@id=\"__button115\"]"}
RESULT: {}
RESULT: {"using":"xpath","value":"//*[@id=\"__button115\"]"}
COMMAND: POST /session/457e17a5ac387caa92e8fd77ed96fa85/element/f.926BFD6822BE6588C43F56A434E828F6.d.0A81238935E6DE3AE5C364FD73834451.e.4710/click - {}
RESULT: {}
COMMAND: GET /session/457e17a5ac387caa92e8fd77ed96fa85/screenshot - {}
RESULT: {}
]]></system-out>
    </testcase>
    <testcase classname="chrome.136_0_7103_93.windows.Edit_and_delete_daily_price_US134629_US134627" name="Should check whether the 2 rows have been added then edit one of the rows s currency and value and save and check the edited values" time="11.977">
      <system-out><![CDATA[
COMMAND: POST /session/457e17a5ac387caa92e8fd77ed96fa85/elements - {"using":"css selector","value":"table tr"}
RESULT: {"using":"css selector","value":"table tr"}
COMMAND: POST /session/457e17a5ac387caa92e8fd77ed96fa85/element/f.926BFD6822BE6588C43F56A434E828F6.d.0A81238935E6DE3AE5C364FD73834451.e.4945/elements - {"using":"css selector","value":"td"}
RESULT: {"using":"css selector","value":"td"}
COMMAND: POST /session/457e17a5ac387caa92e8fd77ed96fa85/element/f.926BFD6822BE6588C43F56A434E828F6.d.0A81238935E6DE3AE5C364FD73834451.e.4914/elements - {"using":"css selector","value":"td"}
RESULT: {"using":"css selector","value":"td"}
COMMAND: POST /session/457e17a5ac387caa92e8fd77ed96fa85/element/f.926BFD6822BE6588C43F56A434E828F6.d.0A81238935E6DE3AE5C364FD73834451.e.4975/element - {"using":"css selector","value":".sapMObjectNumberText"}
RESULT: {"using":"css selector","value":".sapMObjectNumberText"}
COMMAND: GET /session/457e17a5ac387caa92e8fd77ed96fa85/element/f.926BFD6822BE6588C43F56A434E828F6.d.0A81238935E6DE3AE5C364FD73834451.e.4977/text - {}
RESULT: {}
COMMAND: POST /session/457e17a5ac387caa92e8fd77ed96fa85/element/f.926BFD6822BE6588C43F56A434E828F6.d.0A81238935E6DE3AE5C364FD73834451.e.4976/element - {"using":"css selector","value":".sapMObjectNumberText"}
RESULT: {"using":"css selector","value":".sapMObjectNumberText"}
COMMAND: GET /session/457e17a5ac387caa92e8fd77ed96fa85/element/f.926BFD6822BE6588C43F56A434E828F6.d.0A81238935E6DE3AE5C364FD73834451.e.4978/text - {}
RESULT: {}
RESULT: undefined
COMMAND: POST /session/457e17a5ac387caa92e8fd77ed96fa85/element - {"using":"xpath","value":"//*[@id=\"application-manageconditionprice-display-component---dailyPrices--editBtn\"]"}
RESULT: {"using":"xpath","value":"//*[@id=\"application-manageconditionprice-display-component---dailyPrices--editBtn\"]"}
COMMAND: POST /session/457e17a5ac387caa92e8fd77ed96fa85/element/f.926BFD6822BE6588C43F56A434E828F6.d.0A81238935E6DE3AE5C364FD73834451.e.4974/click - {}
RESULT: {}
COMMAND: POST /session/457e17a5ac387caa92e8fd77ed96fa85/elements - {"using":"css selector","value":"table tr"}
COMMAND: GET /session/457e17a5ac387caa92e8fd77ed96fa85/screenshot - {}
RESULT: {"using":"css selector","value":"table tr"}
COMMAND: POST /session/457e17a5ac387caa92e8fd77ed96fa85/element/f.926BFD6822BE6588C43F56A434E828F6.d.0A81238935E6DE3AE5C364FD73834451.e.4945/elements - {"using":"css selector","value":"input"}
RESULT: {}
RESULT: {"using":"css selector","value":"input"}
COMMAND: POST /session/457e17a5ac387caa92e8fd77ed96fa85/element/f.926BFD6822BE6588C43F56A434E828F6.d.0A81238935E6DE3AE5C364FD73834451.e.4993/clear - {}
COMMAND: POST /session/457e17a5ac387caa92e8fd77ed96fa85/element/f.926BFD6822BE6588C43F56A434E828F6.d.0A81238935E6DE3AE5C364FD73834451.e.4994/clear - {}
RESULT: {}
COMMAND: POST /session/457e17a5ac387caa92e8fd77ed96fa85/element/f.926BFD6822BE6588C43F56A434E828F6.d.0A81238935E6DE3AE5C364FD73834451.e.4993/value - {"text":"566.1"}
COMMAND: GET /session/457e17a5ac387caa92e8fd77ed96fa85/screenshot - {}
RESULT: {}
COMMAND: POST /session/457e17a5ac387caa92e8fd77ed96fa85/element/f.926BFD6822BE6588C43F56A434E828F6.d.0A81238935E6DE3AE5C364FD73834451.e.4994/value - {"text":"US Dollar"}
COMMAND: GET /session/457e17a5ac387caa92e8fd77ed96fa85/screenshot - {}
RESULT: {"text":"566.1"}
COMMAND: GET /session/457e17a5ac387caa92e8fd77ed96fa85/screenshot - {}
RESULT: {}
RESULT: {"text":"US Dollar"}
COMMAND: GET /session/457e17a5ac387caa92e8fd77ed96fa85/screenshot - {}
RESULT: {}
RESULT: undefined
COMMAND: POST /session/457e17a5ac387caa92e8fd77ed96fa85/element - {"using":"xpath","value":"//*[@id=\"__button115\"]"}
RESULT: {}
RESULT: {}
RESULT: {"using":"xpath","value":"//*[@id=\"__button115\"]"}
COMMAND: POST /session/457e17a5ac387caa92e8fd77ed96fa85/element/f.926BFD6822BE6588C43F56A434E828F6.d.0A81238935E6DE3AE5C364FD73834451.e.4979/click - {}
RESULT: {}
COMMAND: GET /session/457e17a5ac387caa92e8fd77ed96fa85/screenshot - {}
RESULT: {}
COMMAND: POST /session/457e17a5ac387caa92e8fd77ed96fa85/elements - {"using":"css selector","value":"table tr"}
RESULT: {"using":"css selector","value":"table tr"}
COMMAND: POST /session/457e17a5ac387caa92e8fd77ed96fa85/element/f.926BFD6822BE6588C43F56A434E828F6.d.0A81238935E6DE3AE5C364FD73834451.e.4945/elements - {"using":"css selector","value":"td"}
RESULT: {"using":"css selector","value":"td"}
COMMAND: POST /session/457e17a5ac387caa92e8fd77ed96fa85/element/f.926BFD6822BE6588C43F56A434E828F6.d.0A81238935E6DE3AE5C364FD73834451.e.4998/element - {"using":"css selector","value":".sapMObjectNumberText"}
RESULT: {"using":"css selector","value":".sapMObjectNumberText"}
COMMAND: GET /session/457e17a5ac387caa92e8fd77ed96fa85/element/f.926BFD6822BE6588C43F56A434E828F6.d.0A81238935E6DE3AE5C364FD73834451.e.5000/text - {}
RESULT: {}
]]></system-out>
    </testcase>
    <testcase classname="chrome.136_0_7103_93.windows.Edit_and_delete_daily_price_US134629_US134627" name="Should go into edit and delete all the rows that match the yard we have created for this scenario check if all rows deleted" time="34.319">
      <system-out><![CDATA[
RESULT: undefined
COMMAND: POST /session/457e17a5ac387caa92e8fd77ed96fa85/element - {"using":"xpath","value":"//*[@id=\"application-manageconditionprice-display-component---dailyPrices--editBtn\"]"}
RESULT: {"using":"xpath","value":"//*[@id=\"application-manageconditionprice-display-component---dailyPrices--editBtn\"]"}
COMMAND: POST /session/457e17a5ac387caa92e8fd77ed96fa85/element/f.926BFD6822BE6588C43F56A434E828F6.d.0A81238935E6DE3AE5C364FD73834451.e.4997/click - {}
RESULT: {}
COMMAND: GET /session/457e17a5ac387caa92e8fd77ed96fa85/screenshot - {}
RESULT: {}
COMMAND: POST /session/457e17a5ac387caa92e8fd77ed96fa85/elements - {"using":"css selector","value":"table tr"}
RESULT: {"using":"css selector","value":"table tr"}
COMMAND: POST /session/457e17a5ac387caa92e8fd77ed96fa85/element/f.926BFD6822BE6588C43F56A434E828F6.d.0A81238935E6DE3AE5C364FD73834451.e.4718/elements - {"using":"css selector","value":"td"}
RESULT: {"using":"css selector","value":"td"}
COMMAND: POST /session/457e17a5ac387caa92e8fd77ed96fa85/element/f.926BFD6822BE6588C43F56A434E828F6.d.0A81238935E6DE3AE5C364FD73834451.e.4719/elements - {"using":"css selector","value":"td"}
RESULT: {"using":"css selector","value":"td"}
COMMAND: POST /session/457e17a5ac387caa92e8fd77ed96fa85/element/f.926BFD6822BE6588C43F56A434E828F6.d.0A81238935E6DE3AE5C364FD73834451.e.4720/elements - {"using":"css selector","value":"td"}
RESULT: {"using":"css selector","value":"td"}
COMMAND: POST /session/457e17a5ac387caa92e8fd77ed96fa85/element/f.926BFD6822BE6588C43F56A434E828F6.d.0A81238935E6DE3AE5C364FD73834451.e.4632/elements - {"using":"css selector","value":"td"}
RESULT: {"using":"css selector","value":"td"}
COMMAND: POST /session/457e17a5ac387caa92e8fd77ed96fa85/element/f.926BFD6822BE6588C43F56A434E828F6.d.0A81238935E6DE3AE5C364FD73834451.e.4633/elements - {"using":"css selector","value":"td"}
RESULT: {"using":"css selector","value":"td"}
COMMAND: POST /session/457e17a5ac387caa92e8fd77ed96fa85/element/f.926BFD6822BE6588C43F56A434E828F6.d.0A81238935E6DE3AE5C364FD73834451.e.4642/elements - {"using":"css selector","value":"td"}
RESULT: {"using":"css selector","value":"td"}
COMMAND: POST /session/457e17a5ac387caa92e8fd77ed96fa85/element/f.926BFD6822BE6588C43F56A434E828F6.d.0A81238935E6DE3AE5C364FD73834451.e.4643/elements - {"using":"css selector","value":"td"}
RESULT: {"using":"css selector","value":"td"}
COMMAND: POST /session/457e17a5ac387caa92e8fd77ed96fa85/element/f.926BFD6822BE6588C43F56A434E828F6.d.0A81238935E6DE3AE5C364FD73834451.e.4652/elements - {"using":"css selector","value":"td"}
RESULT: {"using":"css selector","value":"td"}
COMMAND: POST /session/457e17a5ac387caa92e8fd77ed96fa85/element/f.926BFD6822BE6588C43F56A434E828F6.d.0A81238935E6DE3AE5C364FD73834451.e.4653/elements - {"using":"css selector","value":"td"}
RESULT: {"using":"css selector","value":"td"}
COMMAND: POST /session/457e17a5ac387caa92e8fd77ed96fa85/element/f.926BFD6822BE6588C43F56A434E828F6.d.0A81238935E6DE3AE5C364FD73834451.e.4503/elements - {"using":"css selector","value":"td"}
RESULT: {"using":"css selector","value":"td"}
COMMAND: POST /session/457e17a5ac387caa92e8fd77ed96fa85/element/f.926BFD6822BE6588C43F56A434E828F6.d.0A81238935E6DE3AE5C364FD73834451.e.4721/elements - {"using":"css selector","value":"td"}
RESULT: {"using":"css selector","value":"td"}
COMMAND: POST /session/457e17a5ac387caa92e8fd77ed96fa85/element/f.926BFD6822BE6588C43F56A434E828F6.d.0A81238935E6DE3AE5C364FD73834451.e.4722/elements - {"using":"css selector","value":"td"}
RESULT: {"using":"css selector","value":"td"}
COMMAND: POST /session/457e17a5ac387caa92e8fd77ed96fa85/element/f.926BFD6822BE6588C43F56A434E828F6.d.0A81238935E6DE3AE5C364FD73834451.e.4723/elements - {"using":"css selector","value":"td"}
RESULT: {"using":"css selector","value":"td"}
COMMAND: POST /session/457e17a5ac387caa92e8fd77ed96fa85/element/f.926BFD6822BE6588C43F56A434E828F6.d.0A81238935E6DE3AE5C364FD73834451.e.4724/elements - {"using":"css selector","value":"td"}
RESULT: {"using":"css selector","value":"td"}
COMMAND: POST /session/457e17a5ac387caa92e8fd77ed96fa85/element/f.926BFD6822BE6588C43F56A434E828F6.d.0A81238935E6DE3AE5C364FD73834451.e.4725/elements - {"using":"css selector","value":"td"}
RESULT: {"using":"css selector","value":"td"}
COMMAND: POST /session/457e17a5ac387caa92e8fd77ed96fa85/element/f.926BFD6822BE6588C43F56A434E828F6.d.0A81238935E6DE3AE5C364FD73834451.e.4726/elements - {"using":"css selector","value":"td"}
RESULT: {"using":"css selector","value":"td"}
COMMAND: POST /session/457e17a5ac387caa92e8fd77ed96fa85/element/f.926BFD6822BE6588C43F56A434E828F6.d.0A81238935E6DE3AE5C364FD73834451.e.4727/elements - {"using":"css selector","value":"td"}
RESULT: {"using":"css selector","value":"td"}
COMMAND: POST /session/457e17a5ac387caa92e8fd77ed96fa85/element/f.926BFD6822BE6588C43F56A434E828F6.d.0A81238935E6DE3AE5C364FD73834451.e.4728/elements - {"using":"css selector","value":"td"}
RESULT: {"using":"css selector","value":"td"}
COMMAND: POST /session/457e17a5ac387caa92e8fd77ed96fa85/element/f.926BFD6822BE6588C43F56A434E828F6.d.0A81238935E6DE3AE5C364FD73834451.e.4729/elements - {"using":"css selector","value":"td"}
RESULT: {"using":"css selector","value":"td"}
COMMAND: POST /session/457e17a5ac387caa92e8fd77ed96fa85/element/f.926BFD6822BE6588C43F56A434E828F6.d.0A81238935E6DE3AE5C364FD73834451.e.4730/elements - {"using":"css selector","value":"td"}
RESULT: {"using":"css selector","value":"td"}
COMMAND: POST /session/457e17a5ac387caa92e8fd77ed96fa85/element/f.926BFD6822BE6588C43F56A434E828F6.d.0A81238935E6DE3AE5C364FD73834451.e.4731/elements - {"using":"css selector","value":"td"}
RESULT: {"using":"css selector","value":"td"}
COMMAND: POST /session/457e17a5ac387caa92e8fd77ed96fa85/element/f.926BFD6822BE6588C43F56A434E828F6.d.0A81238935E6DE3AE5C364FD73834451.e.4732/elements - {"using":"css selector","value":"td"}
RESULT: {"using":"css selector","value":"td"}
COMMAND: POST /session/457e17a5ac387caa92e8fd77ed96fa85/element/f.926BFD6822BE6588C43F56A434E828F6.d.0A81238935E6DE3AE5C364FD73834451.e.4733/elements - {"using":"css selector","value":"td"}
RESULT: {"using":"css selector","value":"td"}
COMMAND: POST /session/457e17a5ac387caa92e8fd77ed96fa85/element/f.926BFD6822BE6588C43F56A434E828F6.d.0A81238935E6DE3AE5C364FD73834451.e.4734/elements - {"using":"css selector","value":"td"}
RESULT: {"using":"css selector","value":"td"}
COMMAND: POST /session/457e17a5ac387caa92e8fd77ed96fa85/element/f.926BFD6822BE6588C43F56A434E828F6.d.0A81238935E6DE3AE5C364FD73834451.e.4735/elements - {"using":"css selector","value":"td"}
RESULT: {"using":"css selector","value":"td"}
COMMAND: POST /session/457e17a5ac387caa92e8fd77ed96fa85/element/f.926BFD6822BE6588C43F56A434E828F6.d.0A81238935E6DE3AE5C364FD73834451.e.4736/elements - {"using":"css selector","value":"td"}
RESULT: {"using":"css selector","value":"td"}
COMMAND: POST /session/457e17a5ac387caa92e8fd77ed96fa85/element/f.926BFD6822BE6588C43F56A434E828F6.d.0A81238935E6DE3AE5C364FD73834451.e.4737/elements - {"using":"css selector","value":"td"}
RESULT: {"using":"css selector","value":"td"}
COMMAND: POST /session/457e17a5ac387caa92e8fd77ed96fa85/element/f.926BFD6822BE6588C43F56A434E828F6.d.0A81238935E6DE3AE5C364FD73834451.e.4738/elements - {"using":"css selector","value":"td"}
RESULT: {"using":"css selector","value":"td"}
COMMAND: POST /session/457e17a5ac387caa92e8fd77ed96fa85/element/f.926BFD6822BE6588C43F56A434E828F6.d.0A81238935E6DE3AE5C364FD73834451.e.4739/elements - {"using":"css selector","value":"td"}
RESULT: {"using":"css selector","value":"td"}
COMMAND: POST /session/457e17a5ac387caa92e8fd77ed96fa85/element/f.926BFD6822BE6588C43F56A434E828F6.d.0A81238935E6DE3AE5C364FD73834451.e.4740/elements - {"using":"css selector","value":"td"}
RESULT: {"using":"css selector","value":"td"}
COMMAND: POST /session/457e17a5ac387caa92e8fd77ed96fa85/element/f.926BFD6822BE6588C43F56A434E828F6.d.0A81238935E6DE3AE5C364FD73834451.e.4741/elements - {"using":"css selector","value":"td"}
RESULT: {"using":"css selector","value":"td"}
COMMAND: POST /session/457e17a5ac387caa92e8fd77ed96fa85/element/f.926BFD6822BE6588C43F56A434E828F6.d.0A81238935E6DE3AE5C364FD73834451.e.4742/elements - {"using":"css selector","value":"td"}
RESULT: {"using":"css selector","value":"td"}
COMMAND: POST /session/457e17a5ac387caa92e8fd77ed96fa85/element/f.926BFD6822BE6588C43F56A434E828F6.d.0A81238935E6DE3AE5C364FD73834451.e.4743/elements - {"using":"css selector","value":"td"}
RESULT: {"using":"css selector","value":"td"}
COMMAND: POST /session/457e17a5ac387caa92e8fd77ed96fa85/element/f.926BFD6822BE6588C43F56A434E828F6.d.0A81238935E6DE3AE5C364FD73834451.e.4744/elements - {"using":"css selector","value":"td"}
RESULT: {"using":"css selector","value":"td"}
COMMAND: POST /session/457e17a5ac387caa92e8fd77ed96fa85/element/f.926BFD6822BE6588C43F56A434E828F6.d.0A81238935E6DE3AE5C364FD73834451.e.4745/elements - {"using":"css selector","value":"td"}
RESULT: {"using":"css selector","value":"td"}
COMMAND: POST /session/457e17a5ac387caa92e8fd77ed96fa85/element/f.926BFD6822BE6588C43F56A434E828F6.d.0A81238935E6DE3AE5C364FD73834451.e.4746/elements - {"using":"css selector","value":"td"}
RESULT: {"using":"css selector","value":"td"}
COMMAND: POST /session/457e17a5ac387caa92e8fd77ed96fa85/element/f.926BFD6822BE6588C43F56A434E828F6.d.0A81238935E6DE3AE5C364FD73834451.e.4747/elements - {"using":"css selector","value":"td"}
RESULT: {"using":"css selector","value":"td"}
COMMAND: POST /session/457e17a5ac387caa92e8fd77ed96fa85/element/f.926BFD6822BE6588C43F56A434E828F6.d.0A81238935E6DE3AE5C364FD73834451.e.4748/elements - {"using":"css selector","value":"td"}
RESULT: {"using":"css selector","value":"td"}
COMMAND: POST /session/457e17a5ac387caa92e8fd77ed96fa85/element/f.926BFD6822BE6588C43F56A434E828F6.d.0A81238935E6DE3AE5C364FD73834451.e.4749/elements - {"using":"css selector","value":"td"}
RESULT: {"using":"css selector","value":"td"}
COMMAND: POST /session/457e17a5ac387caa92e8fd77ed96fa85/element/f.926BFD6822BE6588C43F56A434E828F6.d.0A81238935E6DE3AE5C364FD73834451.e.4750/elements - {"using":"css selector","value":"td"}
RESULT: {"using":"css selector","value":"td"}
COMMAND: POST /session/457e17a5ac387caa92e8fd77ed96fa85/element/f.926BFD6822BE6588C43F56A434E828F6.d.0A81238935E6DE3AE5C364FD73834451.e.4751/elements - {"using":"css selector","value":"td"}
RESULT: {"using":"css selector","value":"td"}
COMMAND: POST /session/457e17a5ac387caa92e8fd77ed96fa85/element/f.926BFD6822BE6588C43F56A434E828F6.d.0A81238935E6DE3AE5C364FD73834451.e.4752/elements - {"using":"css selector","value":"td"}
RESULT: {"using":"css selector","value":"td"}
COMMAND: POST /session/457e17a5ac387caa92e8fd77ed96fa85/element/f.926BFD6822BE6588C43F56A434E828F6.d.0A81238935E6DE3AE5C364FD73834451.e.4753/elements - {"using":"css selector","value":"td"}
RESULT: {"using":"css selector","value":"td"}
COMMAND: POST /session/457e17a5ac387caa92e8fd77ed96fa85/element/f.926BFD6822BE6588C43F56A434E828F6.d.0A81238935E6DE3AE5C364FD73834451.e.4754/elements - {"using":"css selector","value":"td"}
RESULT: {"using":"css selector","value":"td"}
COMMAND: POST /session/457e17a5ac387caa92e8fd77ed96fa85/element/f.926BFD6822BE6588C43F56A434E828F6.d.0A81238935E6DE3AE5C364FD73834451.e.4755/elements - {"using":"css selector","value":"td"}
RESULT: {"using":"css selector","value":"td"}
COMMAND: POST /session/457e17a5ac387caa92e8fd77ed96fa85/element/f.926BFD6822BE6588C43F56A434E828F6.d.0A81238935E6DE3AE5C364FD73834451.e.4756/elements - {"using":"css selector","value":"td"}
RESULT: {"using":"css selector","value":"td"}
COMMAND: POST /session/457e17a5ac387caa92e8fd77ed96fa85/element/f.926BFD6822BE6588C43F56A434E828F6.d.0A81238935E6DE3AE5C364FD73834451.e.4757/elements - {"using":"css selector","value":"td"}
RESULT: {"using":"css selector","value":"td"}
COMMAND: POST /session/457e17a5ac387caa92e8fd77ed96fa85/element/f.926BFD6822BE6588C43F56A434E828F6.d.0A81238935E6DE3AE5C364FD73834451.e.4758/elements - {"using":"css selector","value":"td"}
RESULT: {"using":"css selector","value":"td"}
COMMAND: POST /session/457e17a5ac387caa92e8fd77ed96fa85/element/f.926BFD6822BE6588C43F56A434E828F6.d.0A81238935E6DE3AE5C364FD73834451.e.4759/elements - {"using":"css selector","value":"td"}
RESULT: {"using":"css selector","value":"td"}
COMMAND: POST /session/457e17a5ac387caa92e8fd77ed96fa85/element/f.926BFD6822BE6588C43F56A434E828F6.d.0A81238935E6DE3AE5C364FD73834451.e.4760/elements - {"using":"css selector","value":"td"}
RESULT: {"using":"css selector","value":"td"}
COMMAND: POST /session/457e17a5ac387caa92e8fd77ed96fa85/element/f.926BFD6822BE6588C43F56A434E828F6.d.0A81238935E6DE3AE5C364FD73834451.e.4761/elements - {"using":"css selector","value":"td"}
RESULT: {"using":"css selector","value":"td"}
COMMAND: POST /session/457e17a5ac387caa92e8fd77ed96fa85/element/f.926BFD6822BE6588C43F56A434E828F6.d.0A81238935E6DE3AE5C364FD73834451.e.4762/elements - {"using":"css selector","value":"td"}
RESULT: {"using":"css selector","value":"td"}
COMMAND: POST /session/457e17a5ac387caa92e8fd77ed96fa85/element/f.926BFD6822BE6588C43F56A434E828F6.d.0A81238935E6DE3AE5C364FD73834451.e.4763/elements - {"using":"css selector","value":"td"}
RESULT: {"using":"css selector","value":"td"}
COMMAND: POST /session/457e17a5ac387caa92e8fd77ed96fa85/element/f.926BFD6822BE6588C43F56A434E828F6.d.0A81238935E6DE3AE5C364FD73834451.e.4764/elements - {"using":"css selector","value":"td"}
RESULT: {"using":"css selector","value":"td"}
COMMAND: POST /session/457e17a5ac387caa92e8fd77ed96fa85/element/f.926BFD6822BE6588C43F56A434E828F6.d.0A81238935E6DE3AE5C364FD73834451.e.4765/elements - {"using":"css selector","value":"td"}
RESULT: {"using":"css selector","value":"td"}
COMMAND: POST /session/457e17a5ac387caa92e8fd77ed96fa85/element/f.926BFD6822BE6588C43F56A434E828F6.d.0A81238935E6DE3AE5C364FD73834451.e.4766/elements - {"using":"css selector","value":"td"}
RESULT: {"using":"css selector","value":"td"}
COMMAND: POST /session/457e17a5ac387caa92e8fd77ed96fa85/element/f.926BFD6822BE6588C43F56A434E828F6.d.0A81238935E6DE3AE5C364FD73834451.e.4767/elements - {"using":"css selector","value":"td"}
RESULT: {"using":"css selector","value":"td"}
COMMAND: POST /session/457e17a5ac387caa92e8fd77ed96fa85/element/f.926BFD6822BE6588C43F56A434E828F6.d.0A81238935E6DE3AE5C364FD73834451.e.4768/elements - {"using":"css selector","value":"td"}
RESULT: {"using":"css selector","value":"td"}
COMMAND: POST /session/457e17a5ac387caa92e8fd77ed96fa85/element/f.926BFD6822BE6588C43F56A434E828F6.d.0A81238935E6DE3AE5C364FD73834451.e.4769/elements - {"using":"css selector","value":"td"}
RESULT: {"using":"css selector","value":"td"}
COMMAND: POST /session/457e17a5ac387caa92e8fd77ed96fa85/element/f.926BFD6822BE6588C43F56A434E828F6.d.0A81238935E6DE3AE5C364FD73834451.e.4770/elements - {"using":"css selector","value":"td"}
RESULT: {"using":"css selector","value":"td"}
COMMAND: POST /session/457e17a5ac387caa92e8fd77ed96fa85/element/f.926BFD6822BE6588C43F56A434E828F6.d.0A81238935E6DE3AE5C364FD73834451.e.4771/elements - {"using":"css selector","value":"td"}
RESULT: {"using":"css selector","value":"td"}
COMMAND: POST /session/457e17a5ac387caa92e8fd77ed96fa85/element/f.926BFD6822BE6588C43F56A434E828F6.d.0A81238935E6DE3AE5C364FD73834451.e.4772/elements - {"using":"css selector","value":"td"}
RESULT: {"using":"css selector","value":"td"}
COMMAND: POST /session/457e17a5ac387caa92e8fd77ed96fa85/element/f.926BFD6822BE6588C43F56A434E828F6.d.0A81238935E6DE3AE5C364FD73834451.e.4773/elements - {"using":"css selector","value":"td"}
RESULT: {"using":"css selector","value":"td"}
COMMAND: POST /session/457e17a5ac387caa92e8fd77ed96fa85/element/f.926BFD6822BE6588C43F56A434E828F6.d.0A81238935E6DE3AE5C364FD73834451.e.4774/elements - {"using":"css selector","value":"td"}
RESULT: {"using":"css selector","value":"td"}
COMMAND: POST /session/457e17a5ac387caa92e8fd77ed96fa85/element/f.926BFD6822BE6588C43F56A434E828F6.d.0A81238935E6DE3AE5C364FD73834451.e.4775/elements - {"using":"css selector","value":"td"}
RESULT: {"using":"css selector","value":"td"}
COMMAND: POST /session/457e17a5ac387caa92e8fd77ed96fa85/element/f.926BFD6822BE6588C43F56A434E828F6.d.0A81238935E6DE3AE5C364FD73834451.e.4776/elements - {"using":"css selector","value":"td"}
RESULT: {"using":"css selector","value":"td"}
COMMAND: POST /session/457e17a5ac387caa92e8fd77ed96fa85/element/f.926BFD6822BE6588C43F56A434E828F6.d.0A81238935E6DE3AE5C364FD73834451.e.4777/elements - {"using":"css selector","value":"td"}
RESULT: {"using":"css selector","value":"td"}
COMMAND: POST /session/457e17a5ac387caa92e8fd77ed96fa85/element/f.926BFD6822BE6588C43F56A434E828F6.d.0A81238935E6DE3AE5C364FD73834451.e.4778/elements - {"using":"css selector","value":"td"}
RESULT: {"using":"css selector","value":"td"}
COMMAND: POST /session/457e17a5ac387caa92e8fd77ed96fa85/element/f.926BFD6822BE6588C43F56A434E828F6.d.0A81238935E6DE3AE5C364FD73834451.e.4779/elements - {"using":"css selector","value":"td"}
RESULT: {"using":"css selector","value":"td"}
COMMAND: POST /session/457e17a5ac387caa92e8fd77ed96fa85/element/f.926BFD6822BE6588C43F56A434E828F6.d.0A81238935E6DE3AE5C364FD73834451.e.4780/elements - {"using":"css selector","value":"td"}
RESULT: {"using":"css selector","value":"td"}
COMMAND: POST /session/457e17a5ac387caa92e8fd77ed96fa85/element/f.926BFD6822BE6588C43F56A434E828F6.d.0A81238935E6DE3AE5C364FD73834451.e.4781/elements - {"using":"css selector","value":"td"}
RESULT: {"using":"css selector","value":"td"}
COMMAND: POST /session/457e17a5ac387caa92e8fd77ed96fa85/element/f.926BFD6822BE6588C43F56A434E828F6.d.0A81238935E6DE3AE5C364FD73834451.e.4782/elements - {"using":"css selector","value":"td"}
RESULT: {"using":"css selector","value":"td"}
COMMAND: POST /session/457e17a5ac387caa92e8fd77ed96fa85/element/f.926BFD6822BE6588C43F56A434E828F6.d.0A81238935E6DE3AE5C364FD73834451.e.4783/elements - {"using":"css selector","value":"td"}
RESULT: {"using":"css selector","value":"td"}
COMMAND: POST /session/457e17a5ac387caa92e8fd77ed96fa85/element/f.926BFD6822BE6588C43F56A434E828F6.d.0A81238935E6DE3AE5C364FD73834451.e.4784/elements - {"using":"css selector","value":"td"}
RESULT: {"using":"css selector","value":"td"}
COMMAND: POST /session/457e17a5ac387caa92e8fd77ed96fa85/element/f.926BFD6822BE6588C43F56A434E828F6.d.0A81238935E6DE3AE5C364FD73834451.e.4785/elements - {"using":"css selector","value":"td"}
RESULT: {"using":"css selector","value":"td"}
COMMAND: POST /session/457e17a5ac387caa92e8fd77ed96fa85/element/f.926BFD6822BE6588C43F56A434E828F6.d.0A81238935E6DE3AE5C364FD73834451.e.4786/elements - {"using":"css selector","value":"td"}
RESULT: {"using":"css selector","value":"td"}
COMMAND: POST /session/457e17a5ac387caa92e8fd77ed96fa85/element/f.926BFD6822BE6588C43F56A434E828F6.d.0A81238935E6DE3AE5C364FD73834451.e.4787/elements - {"using":"css selector","value":"td"}
RESULT: {"using":"css selector","value":"td"}
COMMAND: POST /session/457e17a5ac387caa92e8fd77ed96fa85/element/f.926BFD6822BE6588C43F56A434E828F6.d.0A81238935E6DE3AE5C364FD73834451.e.4788/elements - {"using":"css selector","value":"td"}
RESULT: {"using":"css selector","value":"td"}
COMMAND: POST /session/457e17a5ac387caa92e8fd77ed96fa85/element/f.926BFD6822BE6588C43F56A434E828F6.d.0A81238935E6DE3AE5C364FD73834451.e.4789/elements - {"using":"css selector","value":"td"}
RESULT: {"using":"css selector","value":"td"}
COMMAND: POST /session/457e17a5ac387caa92e8fd77ed96fa85/element/f.926BFD6822BE6588C43F56A434E828F6.d.0A81238935E6DE3AE5C364FD73834451.e.4790/elements - {"using":"css selector","value":"td"}
RESULT: {"using":"css selector","value":"td"}
COMMAND: POST /session/457e17a5ac387caa92e8fd77ed96fa85/element/f.926BFD6822BE6588C43F56A434E828F6.d.0A81238935E6DE3AE5C364FD73834451.e.4791/elements - {"using":"css selector","value":"td"}
RESULT: {"using":"css selector","value":"td"}
COMMAND: POST /session/457e17a5ac387caa92e8fd77ed96fa85/element/f.926BFD6822BE6588C43F56A434E828F6.d.0A81238935E6DE3AE5C364FD73834451.e.4792/elements - {"using":"css selector","value":"td"}
RESULT: {"using":"css selector","value":"td"}
COMMAND: POST /session/457e17a5ac387caa92e8fd77ed96fa85/element/f.926BFD6822BE6588C43F56A434E828F6.d.0A81238935E6DE3AE5C364FD73834451.e.4793/elements - {"using":"css selector","value":"td"}
RESULT: {"using":"css selector","value":"td"}
COMMAND: POST /session/457e17a5ac387caa92e8fd77ed96fa85/element/f.926BFD6822BE6588C43F56A434E828F6.d.0A81238935E6DE3AE5C364FD73834451.e.4794/elements - {"using":"css selector","value":"td"}
RESULT: {"using":"css selector","value":"td"}
COMMAND: POST /session/457e17a5ac387caa92e8fd77ed96fa85/element/f.926BFD6822BE6588C43F56A434E828F6.d.0A81238935E6DE3AE5C364FD73834451.e.4795/elements - {"using":"css selector","value":"td"}
RESULT: {"using":"css selector","value":"td"}
COMMAND: POST /session/457e17a5ac387caa92e8fd77ed96fa85/element/f.926BFD6822BE6588C43F56A434E828F6.d.0A81238935E6DE3AE5C364FD73834451.e.4796/elements - {"using":"css selector","value":"td"}
RESULT: {"using":"css selector","value":"td"}
COMMAND: POST /session/457e17a5ac387caa92e8fd77ed96fa85/element/f.926BFD6822BE6588C43F56A434E828F6.d.0A81238935E6DE3AE5C364FD73834451.e.4797/elements - {"using":"css selector","value":"td"}
RESULT: {"using":"css selector","value":"td"}
COMMAND: POST /session/457e17a5ac387caa92e8fd77ed96fa85/element/f.926BFD6822BE6588C43F56A434E828F6.d.0A81238935E6DE3AE5C364FD73834451.e.4798/elements - {"using":"css selector","value":"td"}
RESULT: {"using":"css selector","value":"td"}
COMMAND: POST /session/457e17a5ac387caa92e8fd77ed96fa85/element/f.926BFD6822BE6588C43F56A434E828F6.d.0A81238935E6DE3AE5C364FD73834451.e.4799/elements - {"using":"css selector","value":"td"}
RESULT: {"using":"css selector","value":"td"}
COMMAND: POST /session/457e17a5ac387caa92e8fd77ed96fa85/element/f.926BFD6822BE6588C43F56A434E828F6.d.0A81238935E6DE3AE5C364FD73834451.e.4800/elements - {"using":"css selector","value":"td"}
RESULT: {"using":"css selector","value":"td"}
COMMAND: POST /session/457e17a5ac387caa92e8fd77ed96fa85/element/f.926BFD6822BE6588C43F56A434E828F6.d.0A81238935E6DE3AE5C364FD73834451.e.4801/elements - {"using":"css selector","value":"td"}
RESULT: {"using":"css selector","value":"td"}
COMMAND: POST /session/457e17a5ac387caa92e8fd77ed96fa85/element/f.926BFD6822BE6588C43F56A434E828F6.d.0A81238935E6DE3AE5C364FD73834451.e.4802/elements - {"using":"css selector","value":"td"}
RESULT: {"using":"css selector","value":"td"}
COMMAND: POST /session/457e17a5ac387caa92e8fd77ed96fa85/element/f.926BFD6822BE6588C43F56A434E828F6.d.0A81238935E6DE3AE5C364FD73834451.e.4803/elements - {"using":"css selector","value":"td"}
RESULT: {"using":"css selector","value":"td"}
COMMAND: POST /session/457e17a5ac387caa92e8fd77ed96fa85/element/f.926BFD6822BE6588C43F56A434E828F6.d.0A81238935E6DE3AE5C364FD73834451.e.4804/elements - {"using":"css selector","value":"td"}
RESULT: {"using":"css selector","value":"td"}
COMMAND: POST /session/457e17a5ac387caa92e8fd77ed96fa85/element/f.926BFD6822BE6588C43F56A434E828F6.d.0A81238935E6DE3AE5C364FD73834451.e.4805/elements - {"using":"css selector","value":"td"}
RESULT: {"using":"css selector","value":"td"}
COMMAND: POST /session/457e17a5ac387caa92e8fd77ed96fa85/element/f.926BFD6822BE6588C43F56A434E828F6.d.0A81238935E6DE3AE5C364FD73834451.e.4806/elements - {"using":"css selector","value":"td"}
RESULT: {"using":"css selector","value":"td"}
COMMAND: POST /session/457e17a5ac387caa92e8fd77ed96fa85/element/f.926BFD6822BE6588C43F56A434E828F6.d.0A81238935E6DE3AE5C364FD73834451.e.4807/elements - {"using":"css selector","value":"td"}
RESULT: {"using":"css selector","value":"td"}
COMMAND: POST /session/457e17a5ac387caa92e8fd77ed96fa85/element/f.926BFD6822BE6588C43F56A434E828F6.d.0A81238935E6DE3AE5C364FD73834451.e.4808/elements - {"using":"css selector","value":"td"}
RESULT: {"using":"css selector","value":"td"}
COMMAND: POST /session/457e17a5ac387caa92e8fd77ed96fa85/element/f.926BFD6822BE6588C43F56A434E828F6.d.0A81238935E6DE3AE5C364FD73834451.e.4809/elements - {"using":"css selector","value":"td"}
RESULT: {"using":"css selector","value":"td"}
COMMAND: POST /session/457e17a5ac387caa92e8fd77ed96fa85/element/f.926BFD6822BE6588C43F56A434E828F6.d.0A81238935E6DE3AE5C364FD73834451.e.4810/elements - {"using":"css selector","value":"td"}
RESULT: {"using":"css selector","value":"td"}
COMMAND: POST /session/457e17a5ac387caa92e8fd77ed96fa85/element/f.926BFD6822BE6588C43F56A434E828F6.d.0A81238935E6DE3AE5C364FD73834451.e.4811/elements - {"using":"css selector","value":"td"}
RESULT: {"using":"css selector","value":"td"}
COMMAND: POST /session/457e17a5ac387caa92e8fd77ed96fa85/element/f.926BFD6822BE6588C43F56A434E828F6.d.0A81238935E6DE3AE5C364FD73834451.e.4812/elements - {"using":"css selector","value":"td"}
RESULT: {"using":"css selector","value":"td"}
COMMAND: POST /session/457e17a5ac387caa92e8fd77ed96fa85/element/f.926BFD6822BE6588C43F56A434E828F6.d.0A81238935E6DE3AE5C364FD73834451.e.4813/elements - {"using":"css selector","value":"td"}
RESULT: {"using":"css selector","value":"td"}
COMMAND: POST /session/457e17a5ac387caa92e8fd77ed96fa85/element/f.926BFD6822BE6588C43F56A434E828F6.d.0A81238935E6DE3AE5C364FD73834451.e.4814/elements - {"using":"css selector","value":"td"}
RESULT: {"using":"css selector","value":"td"}
COMMAND: POST /session/457e17a5ac387caa92e8fd77ed96fa85/element/f.926BFD6822BE6588C43F56A434E828F6.d.0A81238935E6DE3AE5C364FD73834451.e.4815/elements - {"using":"css selector","value":"td"}
RESULT: {"using":"css selector","value":"td"}
COMMAND: POST /session/457e17a5ac387caa92e8fd77ed96fa85/element/f.926BFD6822BE6588C43F56A434E828F6.d.0A81238935E6DE3AE5C364FD73834451.e.4816/elements - {"using":"css selector","value":"td"}
RESULT: {"using":"css selector","value":"td"}
COMMAND: POST /session/457e17a5ac387caa92e8fd77ed96fa85/element/f.926BFD6822BE6588C43F56A434E828F6.d.0A81238935E6DE3AE5C364FD73834451.e.4817/elements - {"using":"css selector","value":"td"}
RESULT: {"using":"css selector","value":"td"}
COMMAND: POST /session/457e17a5ac387caa92e8fd77ed96fa85/element/f.926BFD6822BE6588C43F56A434E828F6.d.0A81238935E6DE3AE5C364FD73834451.e.4818/elements - {"using":"css selector","value":"td"}
RESULT: {"using":"css selector","value":"td"}
COMMAND: POST /session/457e17a5ac387caa92e8fd77ed96fa85/element/f.926BFD6822BE6588C43F56A434E828F6.d.0A81238935E6DE3AE5C364FD73834451.e.4819/elements - {"using":"css selector","value":"td"}
RESULT: {"using":"css selector","value":"td"}
COMMAND: POST /session/457e17a5ac387caa92e8fd77ed96fa85/element/f.926BFD6822BE6588C43F56A434E828F6.d.0A81238935E6DE3AE5C364FD73834451.e.4820/elements - {"using":"css selector","value":"td"}
RESULT: {"using":"css selector","value":"td"}
COMMAND: POST /session/457e17a5ac387caa92e8fd77ed96fa85/element/f.926BFD6822BE6588C43F56A434E828F6.d.0A81238935E6DE3AE5C364FD73834451.e.4821/elements - {"using":"css selector","value":"td"}
RESULT: {"using":"css selector","value":"td"}
COMMAND: POST /session/457e17a5ac387caa92e8fd77ed96fa85/element/f.926BFD6822BE6588C43F56A434E828F6.d.0A81238935E6DE3AE5C364FD73834451.e.4822/elements - {"using":"css selector","value":"td"}
RESULT: {"using":"css selector","value":"td"}
COMMAND: POST /session/457e17a5ac387caa92e8fd77ed96fa85/element/f.926BFD6822BE6588C43F56A434E828F6.d.0A81238935E6DE3AE5C364FD73834451.e.4823/elements - {"using":"css selector","value":"td"}
RESULT: {"using":"css selector","value":"td"}
COMMAND: POST /session/457e17a5ac387caa92e8fd77ed96fa85/element/f.926BFD6822BE6588C43F56A434E828F6.d.0A81238935E6DE3AE5C364FD73834451.e.4824/elements - {"using":"css selector","value":"td"}
RESULT: {"using":"css selector","value":"td"}
COMMAND: POST /session/457e17a5ac387caa92e8fd77ed96fa85/element/f.926BFD6822BE6588C43F56A434E828F6.d.0A81238935E6DE3AE5C364FD73834451.e.4825/elements - {"using":"css selector","value":"td"}
RESULT: {"using":"css selector","value":"td"}
COMMAND: POST /session/457e17a5ac387caa92e8fd77ed96fa85/element/f.926BFD6822BE6588C43F56A434E828F6.d.0A81238935E6DE3AE5C364FD73834451.e.4826/elements - {"using":"css selector","value":"td"}
RESULT: {"using":"css selector","value":"td"}
COMMAND: POST /session/457e17a5ac387caa92e8fd77ed96fa85/element/f.926BFD6822BE6588C43F56A434E828F6.d.0A81238935E6DE3AE5C364FD73834451.e.4827/elements - {"using":"css selector","value":"td"}
RESULT: {"using":"css selector","value":"td"}
COMMAND: POST /session/457e17a5ac387caa92e8fd77ed96fa85/element/f.926BFD6822BE6588C43F56A434E828F6.d.0A81238935E6DE3AE5C364FD73834451.e.4828/elements - {"using":"css selector","value":"td"}
RESULT: {"using":"css selector","value":"td"}
COMMAND: POST /session/457e17a5ac387caa92e8fd77ed96fa85/element/f.926BFD6822BE6588C43F56A434E828F6.d.0A81238935E6DE3AE5C364FD73834451.e.4829/elements - {"using":"css selector","value":"td"}
RESULT: {"using":"css selector","value":"td"}
COMMAND: POST /session/457e17a5ac387caa92e8fd77ed96fa85/element/f.926BFD6822BE6588C43F56A434E828F6.d.0A81238935E6DE3AE5C364FD73834451.e.4830/elements - {"using":"css selector","value":"td"}
RESULT: {"using":"css selector","value":"td"}
COMMAND: POST /session/457e17a5ac387caa92e8fd77ed96fa85/element/f.926BFD6822BE6588C43F56A434E828F6.d.0A81238935E6DE3AE5C364FD73834451.e.4831/elements - {"using":"css selector","value":"td"}
RESULT: {"using":"css selector","value":"td"}
COMMAND: POST /session/457e17a5ac387caa92e8fd77ed96fa85/element/f.926BFD6822BE6588C43F56A434E828F6.d.0A81238935E6DE3AE5C364FD73834451.e.4832/elements - {"using":"css selector","value":"td"}
RESULT: {"using":"css selector","value":"td"}
COMMAND: POST /session/457e17a5ac387caa92e8fd77ed96fa85/element/f.926BFD6822BE6588C43F56A434E828F6.d.0A81238935E6DE3AE5C364FD73834451.e.4833/elements - {"using":"css selector","value":"td"}
RESULT: {"using":"css selector","value":"td"}
COMMAND: POST /session/457e17a5ac387caa92e8fd77ed96fa85/element/f.926BFD6822BE6588C43F56A434E828F6.d.0A81238935E6DE3AE5C364FD73834451.e.4834/elements - {"using":"css selector","value":"td"}
RESULT: {"using":"css selector","value":"td"}
COMMAND: POST /session/457e17a5ac387caa92e8fd77ed96fa85/element/f.926BFD6822BE6588C43F56A434E828F6.d.0A81238935E6DE3AE5C364FD73834451.e.4835/elements - {"using":"css selector","value":"td"}
RESULT: {"using":"css selector","value":"td"}
COMMAND: POST /session/457e17a5ac387caa92e8fd77ed96fa85/element/f.926BFD6822BE6588C43F56A434E828F6.d.0A81238935E6DE3AE5C364FD73834451.e.4836/elements - {"using":"css selector","value":"td"}
RESULT: {"using":"css selector","value":"td"}
COMMAND: POST /session/457e17a5ac387caa92e8fd77ed96fa85/element/f.926BFD6822BE6588C43F56A434E828F6.d.0A81238935E6DE3AE5C364FD73834451.e.4837/elements - {"using":"css selector","value":"td"}
RESULT: {"using":"css selector","value":"td"}
COMMAND: POST /session/457e17a5ac387caa92e8fd77ed96fa85/element/f.926BFD6822BE6588C43F56A434E828F6.d.0A81238935E6DE3AE5C364FD73834451.e.4838/elements - {"using":"css selector","value":"td"}
RESULT: {"using":"css selector","value":"td"}
COMMAND: POST /session/457e17a5ac387caa92e8fd77ed96fa85/element/f.926BFD6822BE6588C43F56A434E828F6.d.0A81238935E6DE3AE5C364FD73834451.e.4839/elements - {"using":"css selector","value":"td"}
RESULT: {"using":"css selector","value":"td"}
COMMAND: POST /session/457e17a5ac387caa92e8fd77ed96fa85/element/f.926BFD6822BE6588C43F56A434E828F6.d.0A81238935E6DE3AE5C364FD73834451.e.4840/elements - {"using":"css selector","value":"td"}
RESULT: {"using":"css selector","value":"td"}
COMMAND: POST /session/457e17a5ac387caa92e8fd77ed96fa85/element/f.926BFD6822BE6588C43F56A434E828F6.d.0A81238935E6DE3AE5C364FD73834451.e.4841/elements - {"using":"css selector","value":"td"}
RESULT: {"using":"css selector","value":"td"}
COMMAND: POST /session/457e17a5ac387caa92e8fd77ed96fa85/element/f.926BFD6822BE6588C43F56A434E828F6.d.0A81238935E6DE3AE5C364FD73834451.e.4842/elements - {"using":"css selector","value":"td"}
RESULT: {"using":"css selector","value":"td"}
COMMAND: POST /session/457e17a5ac387caa92e8fd77ed96fa85/element/f.926BFD6822BE6588C43F56A434E828F6.d.0A81238935E6DE3AE5C364FD73834451.e.4843/elements - {"using":"css selector","value":"td"}
RESULT: {"using":"css selector","value":"td"}
COMMAND: POST /session/457e17a5ac387caa92e8fd77ed96fa85/element/f.926BFD6822BE6588C43F56A434E828F6.d.0A81238935E6DE3AE5C364FD73834451.e.4844/elements - {"using":"css selector","value":"td"}
RESULT: {"using":"css selector","value":"td"}
COMMAND: POST /session/457e17a5ac387caa92e8fd77ed96fa85/element/f.926BFD6822BE6588C43F56A434E828F6.d.0A81238935E6DE3AE5C364FD73834451.e.4845/elements - {"using":"css selector","value":"td"}
RESULT: {"using":"css selector","value":"td"}
COMMAND: POST /session/457e17a5ac387caa92e8fd77ed96fa85/element/f.926BFD6822BE6588C43F56A434E828F6.d.0A81238935E6DE3AE5C364FD73834451.e.4846/elements - {"using":"css selector","value":"td"}
RESULT: {"using":"css selector","value":"td"}
COMMAND: POST /session/457e17a5ac387caa92e8fd77ed96fa85/element/f.926BFD6822BE6588C43F56A434E828F6.d.0A81238935E6DE3AE5C364FD73834451.e.4847/elements - {"using":"css selector","value":"td"}
RESULT: {"using":"css selector","value":"td"}
COMMAND: POST /session/457e17a5ac387caa92e8fd77ed96fa85/element/f.926BFD6822BE6588C43F56A434E828F6.d.0A81238935E6DE3AE5C364FD73834451.e.4848/elements - {"using":"css selector","value":"td"}
RESULT: {"using":"css selector","value":"td"}
COMMAND: POST /session/457e17a5ac387caa92e8fd77ed96fa85/element/f.926BFD6822BE6588C43F56A434E828F6.d.0A81238935E6DE3AE5C364FD73834451.e.4849/elements - {"using":"css selector","value":"td"}
RESULT: {"using":"css selector","value":"td"}
COMMAND: POST /session/457e17a5ac387caa92e8fd77ed96fa85/element/f.926BFD6822BE6588C43F56A434E828F6.d.0A81238935E6DE3AE5C364FD73834451.e.4850/elements - {"using":"css selector","value":"td"}
RESULT: {"using":"css selector","value":"td"}
COMMAND: POST /session/457e17a5ac387caa92e8fd77ed96fa85/element/f.926BFD6822BE6588C43F56A434E828F6.d.0A81238935E6DE3AE5C364FD73834451.e.4851/elements - {"using":"css selector","value":"td"}
RESULT: {"using":"css selector","value":"td"}
COMMAND: POST /session/457e17a5ac387caa92e8fd77ed96fa85/element/f.926BFD6822BE6588C43F56A434E828F6.d.0A81238935E6DE3AE5C364FD73834451.e.4852/elements - {"using":"css selector","value":"td"}
RESULT: {"using":"css selector","value":"td"}
COMMAND: POST /session/457e17a5ac387caa92e8fd77ed96fa85/element/f.926BFD6822BE6588C43F56A434E828F6.d.0A81238935E6DE3AE5C364FD73834451.e.4853/elements - {"using":"css selector","value":"td"}
RESULT: {"using":"css selector","value":"td"}
COMMAND: POST /session/457e17a5ac387caa92e8fd77ed96fa85/element/f.926BFD6822BE6588C43F56A434E828F6.d.0A81238935E6DE3AE5C364FD73834451.e.4854/elements - {"using":"css selector","value":"td"}
RESULT: {"using":"css selector","value":"td"}
COMMAND: POST /session/457e17a5ac387caa92e8fd77ed96fa85/element/f.926BFD6822BE6588C43F56A434E828F6.d.0A81238935E6DE3AE5C364FD73834451.e.4855/elements - {"using":"css selector","value":"td"}
RESULT: {"using":"css selector","value":"td"}
COMMAND: POST /session/457e17a5ac387caa92e8fd77ed96fa85/element/f.926BFD6822BE6588C43F56A434E828F6.d.0A81238935E6DE3AE5C364FD73834451.e.4856/elements - {"using":"css selector","value":"td"}
RESULT: {"using":"css selector","value":"td"}
COMMAND: POST /session/457e17a5ac387caa92e8fd77ed96fa85/element/f.926BFD6822BE6588C43F56A434E828F6.d.0A81238935E6DE3AE5C364FD73834451.e.4857/elements - {"using":"css selector","value":"td"}
RESULT: {"using":"css selector","value":"td"}
COMMAND: POST /session/457e17a5ac387caa92e8fd77ed96fa85/element/f.926BFD6822BE6588C43F56A434E828F6.d.0A81238935E6DE3AE5C364FD73834451.e.4858/elements - {"using":"css selector","value":"td"}
RESULT: {"using":"css selector","value":"td"}
COMMAND: POST /session/457e17a5ac387caa92e8fd77ed96fa85/element/f.926BFD6822BE6588C43F56A434E828F6.d.0A81238935E6DE3AE5C364FD73834451.e.4859/elements - {"using":"css selector","value":"td"}
RESULT: {"using":"css selector","value":"td"}
COMMAND: POST /session/457e17a5ac387caa92e8fd77ed96fa85/element/f.926BFD6822BE6588C43F56A434E828F6.d.0A81238935E6DE3AE5C364FD73834451.e.4860/elements - {"using":"css selector","value":"td"}
RESULT: {"using":"css selector","value":"td"}
COMMAND: POST /session/457e17a5ac387caa92e8fd77ed96fa85/element/f.926BFD6822BE6588C43F56A434E828F6.d.0A81238935E6DE3AE5C364FD73834451.e.4861/elements - {"using":"css selector","value":"td"}
RESULT: {"using":"css selector","value":"td"}
COMMAND: POST /session/457e17a5ac387caa92e8fd77ed96fa85/element/f.926BFD6822BE6588C43F56A434E828F6.d.0A81238935E6DE3AE5C364FD73834451.e.4862/elements - {"using":"css selector","value":"td"}
RESULT: {"using":"css selector","value":"td"}
COMMAND: POST /session/457e17a5ac387caa92e8fd77ed96fa85/element/f.926BFD6822BE6588C43F56A434E828F6.d.0A81238935E6DE3AE5C364FD73834451.e.4863/elements - {"using":"css selector","value":"td"}
RESULT: {"using":"css selector","value":"td"}
COMMAND: POST /session/457e17a5ac387caa92e8fd77ed96fa85/element/f.926BFD6822BE6588C43F56A434E828F6.d.0A81238935E6DE3AE5C364FD73834451.e.4864/elements - {"using":"css selector","value":"td"}
RESULT: {"using":"css selector","value":"td"}
COMMAND: POST /session/457e17a5ac387caa92e8fd77ed96fa85/element/f.926BFD6822BE6588C43F56A434E828F6.d.0A81238935E6DE3AE5C364FD73834451.e.4865/elements - {"using":"css selector","value":"td"}
RESULT: {"using":"css selector","value":"td"}
COMMAND: POST /session/457e17a5ac387caa92e8fd77ed96fa85/element/f.926BFD6822BE6588C43F56A434E828F6.d.0A81238935E6DE3AE5C364FD73834451.e.4866/elements - {"using":"css selector","value":"td"}
RESULT: {"using":"css selector","value":"td"}
COMMAND: POST /session/457e17a5ac387caa92e8fd77ed96fa85/element/f.926BFD6822BE6588C43F56A434E828F6.d.0A81238935E6DE3AE5C364FD73834451.e.4867/elements - {"using":"css selector","value":"td"}
RESULT: {"using":"css selector","value":"td"}
COMMAND: POST /session/457e17a5ac387caa92e8fd77ed96fa85/element/f.926BFD6822BE6588C43F56A434E828F6.d.0A81238935E6DE3AE5C364FD73834451.e.4868/elements - {"using":"css selector","value":"td"}
RESULT: {"using":"css selector","value":"td"}
COMMAND: POST /session/457e17a5ac387caa92e8fd77ed96fa85/element/f.926BFD6822BE6588C43F56A434E828F6.d.0A81238935E6DE3AE5C364FD73834451.e.4869/elements - {"using":"css selector","value":"td"}
RESULT: {"using":"css selector","value":"td"}
COMMAND: POST /session/457e17a5ac387caa92e8fd77ed96fa85/element/f.926BFD6822BE6588C43F56A434E828F6.d.0A81238935E6DE3AE5C364FD73834451.e.4870/elements - {"using":"css selector","value":"td"}
RESULT: {"using":"css selector","value":"td"}
COMMAND: POST /session/457e17a5ac387caa92e8fd77ed96fa85/element/f.926BFD6822BE6588C43F56A434E828F6.d.0A81238935E6DE3AE5C364FD73834451.e.4871/elements - {"using":"css selector","value":"td"}
RESULT: {"using":"css selector","value":"td"}
COMMAND: POST /session/457e17a5ac387caa92e8fd77ed96fa85/element/f.926BFD6822BE6588C43F56A434E828F6.d.0A81238935E6DE3AE5C364FD73834451.e.4872/elements - {"using":"css selector","value":"td"}
RESULT: {"using":"css selector","value":"td"}
COMMAND: POST /session/457e17a5ac387caa92e8fd77ed96fa85/element/f.926BFD6822BE6588C43F56A434E828F6.d.0A81238935E6DE3AE5C364FD73834451.e.4873/elements - {"using":"css selector","value":"td"}
RESULT: {"using":"css selector","value":"td"}
COMMAND: POST /session/457e17a5ac387caa92e8fd77ed96fa85/element/f.926BFD6822BE6588C43F56A434E828F6.d.0A81238935E6DE3AE5C364FD73834451.e.4874/elements - {"using":"css selector","value":"td"}
RESULT: {"using":"css selector","value":"td"}
COMMAND: POST /session/457e17a5ac387caa92e8fd77ed96fa85/element/f.926BFD6822BE6588C43F56A434E828F6.d.0A81238935E6DE3AE5C364FD73834451.e.4875/elements - {"using":"css selector","value":"td"}
RESULT: {"using":"css selector","value":"td"}
COMMAND: POST /session/457e17a5ac387caa92e8fd77ed96fa85/element/f.926BFD6822BE6588C43F56A434E828F6.d.0A81238935E6DE3AE5C364FD73834451.e.4876/elements - {"using":"css selector","value":"td"}
RESULT: {"using":"css selector","value":"td"}
COMMAND: POST /session/457e17a5ac387caa92e8fd77ed96fa85/element/f.926BFD6822BE6588C43F56A434E828F6.d.0A81238935E6DE3AE5C364FD73834451.e.4877/elements - {"using":"css selector","value":"td"}
RESULT: {"using":"css selector","value":"td"}
COMMAND: POST /session/457e17a5ac387caa92e8fd77ed96fa85/element/f.926BFD6822BE6588C43F56A434E828F6.d.0A81238935E6DE3AE5C364FD73834451.e.4878/elements - {"using":"css selector","value":"td"}
RESULT: {"using":"css selector","value":"td"}
COMMAND: POST /session/457e17a5ac387caa92e8fd77ed96fa85/element/f.926BFD6822BE6588C43F56A434E828F6.d.0A81238935E6DE3AE5C364FD73834451.e.4879/elements - {"using":"css selector","value":"td"}
RESULT: {"using":"css selector","value":"td"}
COMMAND: POST /session/457e17a5ac387caa92e8fd77ed96fa85/element/f.926BFD6822BE6588C43F56A434E828F6.d.0A81238935E6DE3AE5C364FD73834451.e.4880/elements - {"using":"css selector","value":"td"}
RESULT: {"using":"css selector","value":"td"}
COMMAND: POST /session/457e17a5ac387caa92e8fd77ed96fa85/element/f.926BFD6822BE6588C43F56A434E828F6.d.0A81238935E6DE3AE5C364FD73834451.e.4881/elements - {"using":"css selector","value":"td"}
RESULT: {"using":"css selector","value":"td"}
COMMAND: POST /session/457e17a5ac387caa92e8fd77ed96fa85/element/f.926BFD6822BE6588C43F56A434E828F6.d.0A81238935E6DE3AE5C364FD73834451.e.4882/elements - {"using":"css selector","value":"td"}
RESULT: {"using":"css selector","value":"td"}
COMMAND: POST /session/457e17a5ac387caa92e8fd77ed96fa85/element/f.926BFD6822BE6588C43F56A434E828F6.d.0A81238935E6DE3AE5C364FD73834451.e.4883/elements - {"using":"css selector","value":"td"}
RESULT: {"using":"css selector","value":"td"}
COMMAND: POST /session/457e17a5ac387caa92e8fd77ed96fa85/element/f.926BFD6822BE6588C43F56A434E828F6.d.0A81238935E6DE3AE5C364FD73834451.e.4884/elements - {"using":"css selector","value":"td"}
RESULT: {"using":"css selector","value":"td"}
COMMAND: POST /session/457e17a5ac387caa92e8fd77ed96fa85/element/f.926BFD6822BE6588C43F56A434E828F6.d.0A81238935E6DE3AE5C364FD73834451.e.4885/elements - {"using":"css selector","value":"td"}
RESULT: {"using":"css selector","value":"td"}
COMMAND: POST /session/457e17a5ac387caa92e8fd77ed96fa85/element/f.926BFD6822BE6588C43F56A434E828F6.d.0A81238935E6DE3AE5C364FD73834451.e.4886/elements - {"using":"css selector","value":"td"}
RESULT: {"using":"css selector","value":"td"}
COMMAND: POST /session/457e17a5ac387caa92e8fd77ed96fa85/element/f.926BFD6822BE6588C43F56A434E828F6.d.0A81238935E6DE3AE5C364FD73834451.e.4887/elements - {"using":"css selector","value":"td"}
RESULT: {"using":"css selector","value":"td"}
COMMAND: POST /session/457e17a5ac387caa92e8fd77ed96fa85/element/f.926BFD6822BE6588C43F56A434E828F6.d.0A81238935E6DE3AE5C364FD73834451.e.4888/elements - {"using":"css selector","value":"td"}
RESULT: {"using":"css selector","value":"td"}
COMMAND: POST /session/457e17a5ac387caa92e8fd77ed96fa85/element/f.926BFD6822BE6588C43F56A434E828F6.d.0A81238935E6DE3AE5C364FD73834451.e.4889/elements - {"using":"css selector","value":"td"}
RESULT: {"using":"css selector","value":"td"}
COMMAND: POST /session/457e17a5ac387caa92e8fd77ed96fa85/element/f.926BFD6822BE6588C43F56A434E828F6.d.0A81238935E6DE3AE5C364FD73834451.e.4890/elements - {"using":"css selector","value":"td"}
RESULT: {"using":"css selector","value":"td"}
COMMAND: POST /session/457e17a5ac387caa92e8fd77ed96fa85/element/f.926BFD6822BE6588C43F56A434E828F6.d.0A81238935E6DE3AE5C364FD73834451.e.4891/elements - {"using":"css selector","value":"td"}
RESULT: {"using":"css selector","value":"td"}
COMMAND: POST /session/457e17a5ac387caa92e8fd77ed96fa85/element/f.926BFD6822BE6588C43F56A434E828F6.d.0A81238935E6DE3AE5C364FD73834451.e.4892/elements - {"using":"css selector","value":"td"}
RESULT: {"using":"css selector","value":"td"}
COMMAND: POST /session/457e17a5ac387caa92e8fd77ed96fa85/element/f.926BFD6822BE6588C43F56A434E828F6.d.0A81238935E6DE3AE5C364FD73834451.e.4893/elements - {"using":"css selector","value":"td"}
RESULT: {"using":"css selector","value":"td"}
COMMAND: POST /session/457e17a5ac387caa92e8fd77ed96fa85/element/f.926BFD6822BE6588C43F56A434E828F6.d.0A81238935E6DE3AE5C364FD73834451.e.4894/elements - {"using":"css selector","value":"td"}
RESULT: {"using":"css selector","value":"td"}
COMMAND: POST /session/457e17a5ac387caa92e8fd77ed96fa85/element/f.926BFD6822BE6588C43F56A434E828F6.d.0A81238935E6DE3AE5C364FD73834451.e.4895/elements - {"using":"css selector","value":"td"}
RESULT: {"using":"css selector","value":"td"}
COMMAND: POST /session/457e17a5ac387caa92e8fd77ed96fa85/element/f.926BFD6822BE6588C43F56A434E828F6.d.0A81238935E6DE3AE5C364FD73834451.e.4896/elements - {"using":"css selector","value":"td"}
RESULT: {"using":"css selector","value":"td"}
COMMAND: POST /session/457e17a5ac387caa92e8fd77ed96fa85/element/f.926BFD6822BE6588C43F56A434E828F6.d.0A81238935E6DE3AE5C364FD73834451.e.4897/elements - {"using":"css selector","value":"td"}
RESULT: {"using":"css selector","value":"td"}
COMMAND: POST /session/457e17a5ac387caa92e8fd77ed96fa85/element/f.926BFD6822BE6588C43F56A434E828F6.d.0A81238935E6DE3AE5C364FD73834451.e.4898/elements - {"using":"css selector","value":"td"}
RESULT: {"using":"css selector","value":"td"}
COMMAND: POST /session/457e17a5ac387caa92e8fd77ed96fa85/element/f.926BFD6822BE6588C43F56A434E828F6.d.0A81238935E6DE3AE5C364FD73834451.e.4899/elements - {"using":"css selector","value":"td"}
RESULT: {"using":"css selector","value":"td"}
COMMAND: POST /session/457e17a5ac387caa92e8fd77ed96fa85/element/f.926BFD6822BE6588C43F56A434E828F6.d.0A81238935E6DE3AE5C364FD73834451.e.4900/elements - {"using":"css selector","value":"td"}
RESULT: {"using":"css selector","value":"td"}
COMMAND: POST /session/457e17a5ac387caa92e8fd77ed96fa85/element/f.926BFD6822BE6588C43F56A434E828F6.d.0A81238935E6DE3AE5C364FD73834451.e.4901/elements - {"using":"css selector","value":"td"}
RESULT: {"using":"css selector","value":"td"}
COMMAND: POST /session/457e17a5ac387caa92e8fd77ed96fa85/element/f.926BFD6822BE6588C43F56A434E828F6.d.0A81238935E6DE3AE5C364FD73834451.e.4902/elements - {"using":"css selector","value":"td"}
RESULT: {"using":"css selector","value":"td"}
COMMAND: POST /session/457e17a5ac387caa92e8fd77ed96fa85/element/f.926BFD6822BE6588C43F56A434E828F6.d.0A81238935E6DE3AE5C364FD73834451.e.4903/elements - {"using":"css selector","value":"td"}
RESULT: {"using":"css selector","value":"td"}
COMMAND: POST /session/457e17a5ac387caa92e8fd77ed96fa85/element/f.926BFD6822BE6588C43F56A434E828F6.d.0A81238935E6DE3AE5C364FD73834451.e.4904/elements - {"using":"css selector","value":"td"}
RESULT: {"using":"css selector","value":"td"}
COMMAND: POST /session/457e17a5ac387caa92e8fd77ed96fa85/element/f.926BFD6822BE6588C43F56A434E828F6.d.0A81238935E6DE3AE5C364FD73834451.e.4905/elements - {"using":"css selector","value":"td"}
RESULT: {"using":"css selector","value":"td"}
COMMAND: POST /session/457e17a5ac387caa92e8fd77ed96fa85/element/f.926BFD6822BE6588C43F56A434E828F6.d.0A81238935E6DE3AE5C364FD73834451.e.4906/elements - {"using":"css selector","value":"td"}
RESULT: {"using":"css selector","value":"td"}
COMMAND: POST /session/457e17a5ac387caa92e8fd77ed96fa85/element/f.926BFD6822BE6588C43F56A434E828F6.d.0A81238935E6DE3AE5C364FD73834451.e.4907/elements - {"using":"css selector","value":"td"}
RESULT: {"using":"css selector","value":"td"}
COMMAND: POST /session/457e17a5ac387caa92e8fd77ed96fa85/element/f.926BFD6822BE6588C43F56A434E828F6.d.0A81238935E6DE3AE5C364FD73834451.e.4908/elements - {"using":"css selector","value":"td"}
RESULT: {"using":"css selector","value":"td"}
COMMAND: POST /session/457e17a5ac387caa92e8fd77ed96fa85/element/f.926BFD6822BE6588C43F56A434E828F6.d.0A81238935E6DE3AE5C364FD73834451.e.4909/elements - {"using":"css selector","value":"td"}
RESULT: {"using":"css selector","value":"td"}
COMMAND: POST /session/457e17a5ac387caa92e8fd77ed96fa85/element/f.926BFD6822BE6588C43F56A434E828F6.d.0A81238935E6DE3AE5C364FD73834451.e.4910/elements - {"using":"css selector","value":"td"}
RESULT: {"using":"css selector","value":"td"}
COMMAND: POST /session/457e17a5ac387caa92e8fd77ed96fa85/element/f.926BFD6822BE6588C43F56A434E828F6.d.0A81238935E6DE3AE5C364FD73834451.e.4911/elements - {"using":"css selector","value":"td"}
RESULT: {"using":"css selector","value":"td"}
COMMAND: POST /session/457e17a5ac387caa92e8fd77ed96fa85/element/f.926BFD6822BE6588C43F56A434E828F6.d.0A81238935E6DE3AE5C364FD73834451.e.4912/elements - {"using":"css selector","value":"td"}
RESULT: {"using":"css selector","value":"td"}
COMMAND: POST /session/457e17a5ac387caa92e8fd77ed96fa85/element/f.926BFD6822BE6588C43F56A434E828F6.d.0A81238935E6DE3AE5C364FD73834451.e.4913/elements - {"using":"css selector","value":"td"}
RESULT: {"using":"css selector","value":"td"}
COMMAND: POST /session/457e17a5ac387caa92e8fd77ed96fa85/element/f.926BFD6822BE6588C43F56A434E828F6.d.0A81238935E6DE3AE5C364FD73834451.e.4914/elements - {"using":"css selector","value":"td"}
RESULT: {"using":"css selector","value":"td"}
COMMAND: POST /session/457e17a5ac387caa92e8fd77ed96fa85/element/f.926BFD6822BE6588C43F56A434E828F6.d.0A81238935E6DE3AE5C364FD73834451.e.4936/element - {"using":"css selector","value":"input"}
RESULT: {"using":"css selector","value":"input"}
COMMAND: GET /session/457e17a5ac387caa92e8fd77ed96fa85/element/f.926BFD6822BE6588C43F56A434E828F6.d.0A81238935E6DE3AE5C364FD73834451.e.4919/property/value - {}
RESULT: {}
COMMAND: POST /session/457e17a5ac387caa92e8fd77ed96fa85/element/f.926BFD6822BE6588C43F56A434E828F6.d.0A81238935E6DE3AE5C364FD73834451.e.4914/element - {"using":"css selector","value":".sapMCbBg"}
COMMAND: GET /session/457e17a5ac387caa92e8fd77ed96fa85/screenshot - {}
RESULT: {"using":"css selector","value":".sapMCbBg"}
COMMAND: GET /session/457e17a5ac387caa92e8fd77ed96fa85/element/f.926BFD6822BE6588C43F56A434E828F6.d.0A81238935E6DE3AE5C364FD73834451.e.5806/selected - {}
RESULT: {}
RESULT: {}
COMMAND: POST /session/457e17a5ac387caa92e8fd77ed96fa85/element/f.926BFD6822BE6588C43F56A434E828F6.d.0A81238935E6DE3AE5C364FD73834451.e.5806/click - {}
COMMAND: GET /session/457e17a5ac387caa92e8fd77ed96fa85/screenshot - {}
RESULT: {}
COMMAND: POST /session/457e17a5ac387caa92e8fd77ed96fa85/element/f.926BFD6822BE6588C43F56A434E828F6.d.0A81238935E6DE3AE5C364FD73834451.e.4945/elements - {"using":"css selector","value":"td"}
COMMAND: GET /session/457e17a5ac387caa92e8fd77ed96fa85/screenshot - {}
RESULT: {}
RESULT: {"using":"css selector","value":"td"}
COMMAND: POST /session/457e17a5ac387caa92e8fd77ed96fa85/element/f.926BFD6822BE6588C43F56A434E828F6.d.0A81238935E6DE3AE5C364FD73834451.e.4967/element - {"using":"css selector","value":"input"}
RESULT: {}
RESULT: {"using":"css selector","value":"input"}
COMMAND: GET /session/457e17a5ac387caa92e8fd77ed96fa85/element/f.926BFD6822BE6588C43F56A434E828F6.d.0A81238935E6DE3AE5C364FD73834451.e.4950/property/value - {}
RESULT: {}
COMMAND: POST /session/457e17a5ac387caa92e8fd77ed96fa85/element/f.926BFD6822BE6588C43F56A434E828F6.d.0A81238935E6DE3AE5C364FD73834451.e.4945/element - {"using":"css selector","value":".sapMCbBg"}
COMMAND: GET /session/457e17a5ac387caa92e8fd77ed96fa85/screenshot - {}
RESULT: {"using":"css selector","value":".sapMCbBg"}
COMMAND: GET /session/457e17a5ac387caa92e8fd77ed96fa85/element/f.926BFD6822BE6588C43F56A434E828F6.d.0A81238935E6DE3AE5C364FD73834451.e.5810/selected - {}
RESULT: {}
RESULT: {}
COMMAND: POST /session/457e17a5ac387caa92e8fd77ed96fa85/element/f.926BFD6822BE6588C43F56A434E828F6.d.0A81238935E6DE3AE5C364FD73834451.e.5810/click - {}
COMMAND: GET /session/457e17a5ac387caa92e8fd77ed96fa85/screenshot - {}
RESULT: {}
COMMAND: GET /session/457e17a5ac387caa92e8fd77ed96fa85/screenshot - {}
RESULT: {}
RESULT: {}
COMMAND: POST /session/457e17a5ac387caa92e8fd77ed96fa85/execute/async - {"script":"<script> [1562 bytes]","args":[{"selector":{"id":"application-manageconditionprice-display-component---dailyPrices--deleteBtn","interaction":{"idSuffix":"content"}},"wdio_ui5_key":"applicationmanageconditionprice-display-component---dailyPrices--deleteBtn"}]}
RESULT: {"script":"<script> [1562 bytes]","args":[{"selector":{"id":"application-manageconditionprice-display-component---dailyPrices--deleteBtn","interaction":{"idSuffix":"content"}},"wdio_ui5_key":"applicationmanageconditionprice-display-component---dailyPrices--deleteBtn"}]}
RESULT: undefined
COMMAND: POST /session/457e17a5ac387caa92e8fd77ed96fa85/element - {"using":"xpath","value":"//*[@id=\"application-manageconditionprice-display-component---dailyPrices--deleteBtn\"]"}
RESULT: {"using":"xpath","value":"//*[@id=\"application-manageconditionprice-display-component---dailyPrices--deleteBtn\"]"}
COMMAND: POST /session/457e17a5ac387caa92e8fd77ed96fa85/element/f.926BFD6822BE6588C43F56A434E828F6.d.0A81238935E6DE3AE5C364FD73834451.e.5812/click - {}
RESULT: {}
COMMAND: POST /session/457e17a5ac387caa92e8fd77ed96fa85/execute/async - {"script":"<script> [1562 bytes]","args":[{"selector":{"controlType":"sap.m.Button","properties":{"text":"OK"},"searchOpenDialogs":true,"interaction":{"idSuffix":"BDI-content"}},"wdio_ui5_key":"sapm.Button{\"text\":\"OK\"}"}]}
COMMAND: GET /session/457e17a5ac387caa92e8fd77ed96fa85/screenshot - {}
RESULT: {"script":"<script> [1562 bytes]","args":[{"selector":{"controlType":"sap.m.Button","properties":{"text":"OK"},"searchOpenDialogs":true,"interaction":{"idSuffix":"BDI-content"}},"wdio_ui5_key":"sapm.Button{\"text\":\"OK\"}"}]}
RESULT: undefined
COMMAND: POST /session/457e17a5ac387caa92e8fd77ed96fa85/element - {"using":"xpath","value":"//*[@id=\"__mbox-btn-0\"]"}
RESULT: {}
RESULT: {"using":"xpath","value":"//*[@id=\"__mbox-btn-0\"]"}
COMMAND: POST /session/457e17a5ac387caa92e8fd77ed96fa85/element/f.926BFD6822BE6588C43F56A434E828F6.d.0A81238935E6DE3AE5C364FD73834451.e.5813/click - {}
RESULT: {}
COMMAND: GET /session/457e17a5ac387caa92e8fd77ed96fa85/screenshot - {}
RESULT: {}
RESULT: undefined
COMMAND: POST /session/457e17a5ac387caa92e8fd77ed96fa85/element - {"using":"xpath","value":"//*[@id=\"__button115\"]"}
RESULT: {"using":"xpath","value":"//*[@id=\"__button115\"]"}
COMMAND: POST /session/457e17a5ac387caa92e8fd77ed96fa85/element/f.926BFD6822BE6588C43F56A434E828F6.d.0A81238935E6DE3AE5C364FD73834451.e.5001/click - {}
RESULT: {}
COMMAND: GET /session/457e17a5ac387caa92e8fd77ed96fa85/screenshot - {}
RESULT: {}
COMMAND: POST /session/457e17a5ac387caa92e8fd77ed96fa85/elements - {"using":"css selector","value":"table tr"}
RESULT: {"using":"css selector","value":"table tr"}
COMMAND: POST /session/457e17a5ac387caa92e8fd77ed96fa85/element/f.926BFD6822BE6588C43F56A434E828F6.d.0A81238935E6DE3AE5C364FD73834451.e.4718/elements - {"using":"css selector","value":"td"}
RESULT: {"using":"css selector","value":"td"}
COMMAND: POST /session/457e17a5ac387caa92e8fd77ed96fa85/element/f.926BFD6822BE6588C43F56A434E828F6.d.0A81238935E6DE3AE5C364FD73834451.e.4719/elements - {"using":"css selector","value":"td"}
RESULT: {"using":"css selector","value":"td"}
COMMAND: POST /session/457e17a5ac387caa92e8fd77ed96fa85/element/f.926BFD6822BE6588C43F56A434E828F6.d.0A81238935E6DE3AE5C364FD73834451.e.4720/elements - {"using":"css selector","value":"td"}
RESULT: {"using":"css selector","value":"td"}
COMMAND: POST /session/457e17a5ac387caa92e8fd77ed96fa85/element/f.926BFD6822BE6588C43F56A434E828F6.d.0A81238935E6DE3AE5C364FD73834451.e.4632/elements - {"using":"css selector","value":"td"}
RESULT: {"using":"css selector","value":"td"}
COMMAND: POST /session/457e17a5ac387caa92e8fd77ed96fa85/element/f.926BFD6822BE6588C43F56A434E828F6.d.0A81238935E6DE3AE5C364FD73834451.e.4633/elements - {"using":"css selector","value":"td"}
RESULT: {"using":"css selector","value":"td"}
COMMAND: POST /session/457e17a5ac387caa92e8fd77ed96fa85/element/f.926BFD6822BE6588C43F56A434E828F6.d.0A81238935E6DE3AE5C364FD73834451.e.4642/elements - {"using":"css selector","value":"td"}
RESULT: {"using":"css selector","value":"td"}
COMMAND: POST /session/457e17a5ac387caa92e8fd77ed96fa85/element/f.926BFD6822BE6588C43F56A434E828F6.d.0A81238935E6DE3AE5C364FD73834451.e.4643/elements - {"using":"css selector","value":"td"}
RESULT: {"using":"css selector","value":"td"}
COMMAND: POST /session/457e17a5ac387caa92e8fd77ed96fa85/element/f.926BFD6822BE6588C43F56A434E828F6.d.0A81238935E6DE3AE5C364FD73834451.e.4652/elements - {"using":"css selector","value":"td"}
RESULT: {"using":"css selector","value":"td"}
COMMAND: POST /session/457e17a5ac387caa92e8fd77ed96fa85/element/f.926BFD6822BE6588C43F56A434E828F6.d.0A81238935E6DE3AE5C364FD73834451.e.4653/elements - {"using":"css selector","value":"td"}
RESULT: {"using":"css selector","value":"td"}
COMMAND: POST /session/457e17a5ac387caa92e8fd77ed96fa85/element/f.926BFD6822BE6588C43F56A434E828F6.d.0A81238935E6DE3AE5C364FD73834451.e.4503/elements - {"using":"css selector","value":"td"}
RESULT: {"using":"css selector","value":"td"}
COMMAND: POST /session/457e17a5ac387caa92e8fd77ed96fa85/element/f.926BFD6822BE6588C43F56A434E828F6.d.0A81238935E6DE3AE5C364FD73834451.e.4721/elements - {"using":"css selector","value":"td"}
RESULT: {"using":"css selector","value":"td"}
COMMAND: POST /session/457e17a5ac387caa92e8fd77ed96fa85/element/f.926BFD6822BE6588C43F56A434E828F6.d.0A81238935E6DE3AE5C364FD73834451.e.4722/elements - {"using":"css selector","value":"td"}
RESULT: {"using":"css selector","value":"td"}
COMMAND: POST /session/457e17a5ac387caa92e8fd77ed96fa85/element/f.926BFD6822BE6588C43F56A434E828F6.d.0A81238935E6DE3AE5C364FD73834451.e.4723/elements - {"using":"css selector","value":"td"}
RESULT: {"using":"css selector","value":"td"}
COMMAND: POST /session/457e17a5ac387caa92e8fd77ed96fa85/element/f.926BFD6822BE6588C43F56A434E828F6.d.0A81238935E6DE3AE5C364FD73834451.e.4724/elements - {"using":"css selector","value":"td"}
RESULT: {"using":"css selector","value":"td"}
COMMAND: POST /session/457e17a5ac387caa92e8fd77ed96fa85/element/f.926BFD6822BE6588C43F56A434E828F6.d.0A81238935E6DE3AE5C364FD73834451.e.4725/elements - {"using":"css selector","value":"td"}
RESULT: {"using":"css selector","value":"td"}
COMMAND: POST /session/457e17a5ac387caa92e8fd77ed96fa85/element/f.926BFD6822BE6588C43F56A434E828F6.d.0A81238935E6DE3AE5C364FD73834451.e.4726/elements - {"using":"css selector","value":"td"}
RESULT: {"using":"css selector","value":"td"}
COMMAND: POST /session/457e17a5ac387caa92e8fd77ed96fa85/element/f.926BFD6822BE6588C43F56A434E828F6.d.0A81238935E6DE3AE5C364FD73834451.e.4727/elements - {"using":"css selector","value":"td"}
RESULT: {"using":"css selector","value":"td"}
COMMAND: POST /session/457e17a5ac387caa92e8fd77ed96fa85/element/f.926BFD6822BE6588C43F56A434E828F6.d.0A81238935E6DE3AE5C364FD73834451.e.4728/elements - {"using":"css selector","value":"td"}
RESULT: {"using":"css selector","value":"td"}
COMMAND: POST /session/457e17a5ac387caa92e8fd77ed96fa85/element/f.926BFD6822BE6588C43F56A434E828F6.d.0A81238935E6DE3AE5C364FD73834451.e.4729/elements - {"using":"css selector","value":"td"}
RESULT: {"using":"css selector","value":"td"}
COMMAND: POST /session/457e17a5ac387caa92e8fd77ed96fa85/element/f.926BFD6822BE6588C43F56A434E828F6.d.0A81238935E6DE3AE5C364FD73834451.e.4730/elements - {"using":"css selector","value":"td"}
RESULT: {"using":"css selector","value":"td"}
COMMAND: POST /session/457e17a5ac387caa92e8fd77ed96fa85/element/f.926BFD6822BE6588C43F56A434E828F6.d.0A81238935E6DE3AE5C364FD73834451.e.4731/elements - {"using":"css selector","value":"td"}
RESULT: {"using":"css selector","value":"td"}
COMMAND: POST /session/457e17a5ac387caa92e8fd77ed96fa85/element/f.926BFD6822BE6588C43F56A434E828F6.d.0A81238935E6DE3AE5C364FD73834451.e.4732/elements - {"using":"css selector","value":"td"}
RESULT: {"using":"css selector","value":"td"}
COMMAND: POST /session/457e17a5ac387caa92e8fd77ed96fa85/element/f.926BFD6822BE6588C43F56A434E828F6.d.0A81238935E6DE3AE5C364FD73834451.e.4733/elements - {"using":"css selector","value":"td"}
RESULT: {"using":"css selector","value":"td"}
COMMAND: POST /session/457e17a5ac387caa92e8fd77ed96fa85/element/f.926BFD6822BE6588C43F56A434E828F6.d.0A81238935E6DE3AE5C364FD73834451.e.4734/elements - {"using":"css selector","value":"td"}
RESULT: {"using":"css selector","value":"td"}
COMMAND: POST /session/457e17a5ac387caa92e8fd77ed96fa85/element/f.926BFD6822BE6588C43F56A434E828F6.d.0A81238935E6DE3AE5C364FD73834451.e.4735/elements - {"using":"css selector","value":"td"}
RESULT: {"using":"css selector","value":"td"}
COMMAND: POST /session/457e17a5ac387caa92e8fd77ed96fa85/element/f.926BFD6822BE6588C43F56A434E828F6.d.0A81238935E6DE3AE5C364FD73834451.e.4736/elements - {"using":"css selector","value":"td"}
RESULT: {"using":"css selector","value":"td"}
COMMAND: POST /session/457e17a5ac387caa92e8fd77ed96fa85/element/f.926BFD6822BE6588C43F56A434E828F6.d.0A81238935E6DE3AE5C364FD73834451.e.4737/elements - {"using":"css selector","value":"td"}
RESULT: {"using":"css selector","value":"td"}
COMMAND: POST /session/457e17a5ac387caa92e8fd77ed96fa85/element/f.926BFD6822BE6588C43F56A434E828F6.d.0A81238935E6DE3AE5C364FD73834451.e.4738/elements - {"using":"css selector","value":"td"}
RESULT: {"using":"css selector","value":"td"}
COMMAND: POST /session/457e17a5ac387caa92e8fd77ed96fa85/element/f.926BFD6822BE6588C43F56A434E828F6.d.0A81238935E6DE3AE5C364FD73834451.e.4739/elements - {"using":"css selector","value":"td"}
RESULT: {"using":"css selector","value":"td"}
COMMAND: POST /session/457e17a5ac387caa92e8fd77ed96fa85/element/f.926BFD6822BE6588C43F56A434E828F6.d.0A81238935E6DE3AE5C364FD73834451.e.4740/elements - {"using":"css selector","value":"td"}
RESULT: {"using":"css selector","value":"td"}
COMMAND: POST /session/457e17a5ac387caa92e8fd77ed96fa85/element/f.926BFD6822BE6588C43F56A434E828F6.d.0A81238935E6DE3AE5C364FD73834451.e.4741/elements - {"using":"css selector","value":"td"}
RESULT: {"using":"css selector","value":"td"}
COMMAND: POST /session/457e17a5ac387caa92e8fd77ed96fa85/element/f.926BFD6822BE6588C43F56A434E828F6.d.0A81238935E6DE3AE5C364FD73834451.e.4742/elements - {"using":"css selector","value":"td"}
RESULT: {"using":"css selector","value":"td"}
COMMAND: POST /session/457e17a5ac387caa92e8fd77ed96fa85/element/f.926BFD6822BE6588C43F56A434E828F6.d.0A81238935E6DE3AE5C364FD73834451.e.4743/elements - {"using":"css selector","value":"td"}
RESULT: {"using":"css selector","value":"td"}
COMMAND: POST /session/457e17a5ac387caa92e8fd77ed96fa85/element/f.926BFD6822BE6588C43F56A434E828F6.d.0A81238935E6DE3AE5C364FD73834451.e.4744/elements - {"using":"css selector","value":"td"}
RESULT: {"using":"css selector","value":"td"}
COMMAND: POST /session/457e17a5ac387caa92e8fd77ed96fa85/element/f.926BFD6822BE6588C43F56A434E828F6.d.0A81238935E6DE3AE5C364FD73834451.e.4745/elements - {"using":"css selector","value":"td"}
RESULT: {"using":"css selector","value":"td"}
COMMAND: POST /session/457e17a5ac387caa92e8fd77ed96fa85/element/f.926BFD6822BE6588C43F56A434E828F6.d.0A81238935E6DE3AE5C364FD73834451.e.4746/elements - {"using":"css selector","value":"td"}
RESULT: {"using":"css selector","value":"td"}
COMMAND: POST /session/457e17a5ac387caa92e8fd77ed96fa85/element/f.926BFD6822BE6588C43F56A434E828F6.d.0A81238935E6DE3AE5C364FD73834451.e.4747/elements - {"using":"css selector","value":"td"}
RESULT: {"using":"css selector","value":"td"}
COMMAND: POST /session/457e17a5ac387caa92e8fd77ed96fa85/element/f.926BFD6822BE6588C43F56A434E828F6.d.0A81238935E6DE3AE5C364FD73834451.e.4748/elements - {"using":"css selector","value":"td"}
RESULT: {"using":"css selector","value":"td"}
COMMAND: POST /session/457e17a5ac387caa92e8fd77ed96fa85/element/f.926BFD6822BE6588C43F56A434E828F6.d.0A81238935E6DE3AE5C364FD73834451.e.4749/elements - {"using":"css selector","value":"td"}
RESULT: {"using":"css selector","value":"td"}
COMMAND: POST /session/457e17a5ac387caa92e8fd77ed96fa85/element/f.926BFD6822BE6588C43F56A434E828F6.d.0A81238935E6DE3AE5C364FD73834451.e.4750/elements - {"using":"css selector","value":"td"}
RESULT: {"using":"css selector","value":"td"}
COMMAND: POST /session/457e17a5ac387caa92e8fd77ed96fa85/element/f.926BFD6822BE6588C43F56A434E828F6.d.0A81238935E6DE3AE5C364FD73834451.e.4751/elements - {"using":"css selector","value":"td"}
RESULT: {"using":"css selector","value":"td"}
COMMAND: POST /session/457e17a5ac387caa92e8fd77ed96fa85/element/f.926BFD6822BE6588C43F56A434E828F6.d.0A81238935E6DE3AE5C364FD73834451.e.4752/elements - {"using":"css selector","value":"td"}
RESULT: {"using":"css selector","value":"td"}
COMMAND: POST /session/457e17a5ac387caa92e8fd77ed96fa85/element/f.926BFD6822BE6588C43F56A434E828F6.d.0A81238935E6DE3AE5C364FD73834451.e.4753/elements - {"using":"css selector","value":"td"}
RESULT: {"using":"css selector","value":"td"}
COMMAND: POST /session/457e17a5ac387caa92e8fd77ed96fa85/element/f.926BFD6822BE6588C43F56A434E828F6.d.0A81238935E6DE3AE5C364FD73834451.e.4754/elements - {"using":"css selector","value":"td"}
RESULT: {"using":"css selector","value":"td"}
COMMAND: POST /session/457e17a5ac387caa92e8fd77ed96fa85/element/f.926BFD6822BE6588C43F56A434E828F6.d.0A81238935E6DE3AE5C364FD73834451.e.4755/elements - {"using":"css selector","value":"td"}
RESULT: {"using":"css selector","value":"td"}
COMMAND: POST /session/457e17a5ac387caa92e8fd77ed96fa85/element/f.926BFD6822BE6588C43F56A434E828F6.d.0A81238935E6DE3AE5C364FD73834451.e.4756/elements - {"using":"css selector","value":"td"}
RESULT: {"using":"css selector","value":"td"}
COMMAND: POST /session/457e17a5ac387caa92e8fd77ed96fa85/element/f.926BFD6822BE6588C43F56A434E828F6.d.0A81238935E6DE3AE5C364FD73834451.e.4757/elements - {"using":"css selector","value":"td"}
RESULT: {"using":"css selector","value":"td"}
COMMAND: POST /session/457e17a5ac387caa92e8fd77ed96fa85/element/f.926BFD6822BE6588C43F56A434E828F6.d.0A81238935E6DE3AE5C364FD73834451.e.4758/elements - {"using":"css selector","value":"td"}
RESULT: {"using":"css selector","value":"td"}
COMMAND: POST /session/457e17a5ac387caa92e8fd77ed96fa85/element/f.926BFD6822BE6588C43F56A434E828F6.d.0A81238935E6DE3AE5C364FD73834451.e.4759/elements - {"using":"css selector","value":"td"}
RESULT: {"using":"css selector","value":"td"}
COMMAND: POST /session/457e17a5ac387caa92e8fd77ed96fa85/element/f.926BFD6822BE6588C43F56A434E828F6.d.0A81238935E6DE3AE5C364FD73834451.e.4760/elements - {"using":"css selector","value":"td"}
RESULT: {"using":"css selector","value":"td"}
COMMAND: POST /session/457e17a5ac387caa92e8fd77ed96fa85/element/f.926BFD6822BE6588C43F56A434E828F6.d.0A81238935E6DE3AE5C364FD73834451.e.4761/elements - {"using":"css selector","value":"td"}
RESULT: {"using":"css selector","value":"td"}
COMMAND: POST /session/457e17a5ac387caa92e8fd77ed96fa85/element/f.926BFD6822BE6588C43F56A434E828F6.d.0A81238935E6DE3AE5C364FD73834451.e.4762/elements - {"using":"css selector","value":"td"}
RESULT: {"using":"css selector","value":"td"}
COMMAND: POST /session/457e17a5ac387caa92e8fd77ed96fa85/element/f.926BFD6822BE6588C43F56A434E828F6.d.0A81238935E6DE3AE5C364FD73834451.e.4763/elements - {"using":"css selector","value":"td"}
RESULT: {"using":"css selector","value":"td"}
COMMAND: POST /session/457e17a5ac387caa92e8fd77ed96fa85/element/f.926BFD6822BE6588C43F56A434E828F6.d.0A81238935E6DE3AE5C364FD73834451.e.4764/elements - {"using":"css selector","value":"td"}
RESULT: {"using":"css selector","value":"td"}
COMMAND: POST /session/457e17a5ac387caa92e8fd77ed96fa85/element/f.926BFD6822BE6588C43F56A434E828F6.d.0A81238935E6DE3AE5C364FD73834451.e.4765/elements - {"using":"css selector","value":"td"}
RESULT: {"using":"css selector","value":"td"}
COMMAND: POST /session/457e17a5ac387caa92e8fd77ed96fa85/element/f.926BFD6822BE6588C43F56A434E828F6.d.0A81238935E6DE3AE5C364FD73834451.e.4766/elements - {"using":"css selector","value":"td"}
RESULT: {"using":"css selector","value":"td"}
COMMAND: POST /session/457e17a5ac387caa92e8fd77ed96fa85/element/f.926BFD6822BE6588C43F56A434E828F6.d.0A81238935E6DE3AE5C364FD73834451.e.4767/elements - {"using":"css selector","value":"td"}
RESULT: {"using":"css selector","value":"td"}
COMMAND: POST /session/457e17a5ac387caa92e8fd77ed96fa85/element/f.926BFD6822BE6588C43F56A434E828F6.d.0A81238935E6DE3AE5C364FD73834451.e.4768/elements - {"using":"css selector","value":"td"}
RESULT: {"using":"css selector","value":"td"}
COMMAND: POST /session/457e17a5ac387caa92e8fd77ed96fa85/element/f.926BFD6822BE6588C43F56A434E828F6.d.0A81238935E6DE3AE5C364FD73834451.e.4769/elements - {"using":"css selector","value":"td"}
RESULT: {"using":"css selector","value":"td"}
COMMAND: POST /session/457e17a5ac387caa92e8fd77ed96fa85/element/f.926BFD6822BE6588C43F56A434E828F6.d.0A81238935E6DE3AE5C364FD73834451.e.4770/elements - {"using":"css selector","value":"td"}
RESULT: {"using":"css selector","value":"td"}
COMMAND: POST /session/457e17a5ac387caa92e8fd77ed96fa85/element/f.926BFD6822BE6588C43F56A434E828F6.d.0A81238935E6DE3AE5C364FD73834451.e.4771/elements - {"using":"css selector","value":"td"}
RESULT: {"using":"css selector","value":"td"}
COMMAND: POST /session/457e17a5ac387caa92e8fd77ed96fa85/element/f.926BFD6822BE6588C43F56A434E828F6.d.0A81238935E6DE3AE5C364FD73834451.e.4772/elements - {"using":"css selector","value":"td"}
RESULT: {"using":"css selector","value":"td"}
COMMAND: POST /session/457e17a5ac387caa92e8fd77ed96fa85/element/f.926BFD6822BE6588C43F56A434E828F6.d.0A81238935E6DE3AE5C364FD73834451.e.4773/elements - {"using":"css selector","value":"td"}
RESULT: {"using":"css selector","value":"td"}
COMMAND: POST /session/457e17a5ac387caa92e8fd77ed96fa85/element/f.926BFD6822BE6588C43F56A434E828F6.d.0A81238935E6DE3AE5C364FD73834451.e.4774/elements - {"using":"css selector","value":"td"}
RESULT: {"using":"css selector","value":"td"}
COMMAND: POST /session/457e17a5ac387caa92e8fd77ed96fa85/element/f.926BFD6822BE6588C43F56A434E828F6.d.0A81238935E6DE3AE5C364FD73834451.e.4775/elements - {"using":"css selector","value":"td"}
RESULT: {"using":"css selector","value":"td"}
COMMAND: POST /session/457e17a5ac387caa92e8fd77ed96fa85/element/f.926BFD6822BE6588C43F56A434E828F6.d.0A81238935E6DE3AE5C364FD73834451.e.4776/elements - {"using":"css selector","value":"td"}
RESULT: {"using":"css selector","value":"td"}
COMMAND: POST /session/457e17a5ac387caa92e8fd77ed96fa85/element/f.926BFD6822BE6588C43F56A434E828F6.d.0A81238935E6DE3AE5C364FD73834451.e.4777/elements - {"using":"css selector","value":"td"}
RESULT: {"using":"css selector","value":"td"}
COMMAND: POST /session/457e17a5ac387caa92e8fd77ed96fa85/element/f.926BFD6822BE6588C43F56A434E828F6.d.0A81238935E6DE3AE5C364FD73834451.e.4778/elements - {"using":"css selector","value":"td"}
RESULT: {"using":"css selector","value":"td"}
COMMAND: POST /session/457e17a5ac387caa92e8fd77ed96fa85/element/f.926BFD6822BE6588C43F56A434E828F6.d.0A81238935E6DE3AE5C364FD73834451.e.4779/elements - {"using":"css selector","value":"td"}
RESULT: {"using":"css selector","value":"td"}
COMMAND: POST /session/457e17a5ac387caa92e8fd77ed96fa85/element/f.926BFD6822BE6588C43F56A434E828F6.d.0A81238935E6DE3AE5C364FD73834451.e.4780/elements - {"using":"css selector","value":"td"}
RESULT: {"using":"css selector","value":"td"}
COMMAND: POST /session/457e17a5ac387caa92e8fd77ed96fa85/element/f.926BFD6822BE6588C43F56A434E828F6.d.0A81238935E6DE3AE5C364FD73834451.e.4781/elements - {"using":"css selector","value":"td"}
RESULT: {"using":"css selector","value":"td"}
COMMAND: POST /session/457e17a5ac387caa92e8fd77ed96fa85/element/f.926BFD6822BE6588C43F56A434E828F6.d.0A81238935E6DE3AE5C364FD73834451.e.4782/elements - {"using":"css selector","value":"td"}
RESULT: {"using":"css selector","value":"td"}
COMMAND: POST /session/457e17a5ac387caa92e8fd77ed96fa85/element/f.926BFD6822BE6588C43F56A434E828F6.d.0A81238935E6DE3AE5C364FD73834451.e.4783/elements - {"using":"css selector","value":"td"}
RESULT: {"using":"css selector","value":"td"}
COMMAND: POST /session/457e17a5ac387caa92e8fd77ed96fa85/element/f.926BFD6822BE6588C43F56A434E828F6.d.0A81238935E6DE3AE5C364FD73834451.e.4784/elements - {"using":"css selector","value":"td"}
RESULT: {"using":"css selector","value":"td"}
COMMAND: POST /session/457e17a5ac387caa92e8fd77ed96fa85/element/f.926BFD6822BE6588C43F56A434E828F6.d.0A81238935E6DE3AE5C364FD73834451.e.4785/elements - {"using":"css selector","value":"td"}
RESULT: {"using":"css selector","value":"td"}
COMMAND: POST /session/457e17a5ac387caa92e8fd77ed96fa85/element/f.926BFD6822BE6588C43F56A434E828F6.d.0A81238935E6DE3AE5C364FD73834451.e.4786/elements - {"using":"css selector","value":"td"}
RESULT: {"using":"css selector","value":"td"}
COMMAND: POST /session/457e17a5ac387caa92e8fd77ed96fa85/element/f.926BFD6822BE6588C43F56A434E828F6.d.0A81238935E6DE3AE5C364FD73834451.e.4787/elements - {"using":"css selector","value":"td"}
RESULT: {"using":"css selector","value":"td"}
COMMAND: POST /session/457e17a5ac387caa92e8fd77ed96fa85/element/f.926BFD6822BE6588C43F56A434E828F6.d.0A81238935E6DE3AE5C364FD73834451.e.4788/elements - {"using":"css selector","value":"td"}
RESULT: {"using":"css selector","value":"td"}
COMMAND: POST /session/457e17a5ac387caa92e8fd77ed96fa85/element/f.926BFD6822BE6588C43F56A434E828F6.d.0A81238935E6DE3AE5C364FD73834451.e.4789/elements - {"using":"css selector","value":"td"}
RESULT: {"using":"css selector","value":"td"}
COMMAND: POST /session/457e17a5ac387caa92e8fd77ed96fa85/element/f.926BFD6822BE6588C43F56A434E828F6.d.0A81238935E6DE3AE5C364FD73834451.e.4790/elements - {"using":"css selector","value":"td"}
RESULT: {"using":"css selector","value":"td"}
COMMAND: POST /session/457e17a5ac387caa92e8fd77ed96fa85/element/f.926BFD6822BE6588C43F56A434E828F6.d.0A81238935E6DE3AE5C364FD73834451.e.4791/elements - {"using":"css selector","value":"td"}
RESULT: {"using":"css selector","value":"td"}
COMMAND: POST /session/457e17a5ac387caa92e8fd77ed96fa85/element/f.926BFD6822BE6588C43F56A434E828F6.d.0A81238935E6DE3AE5C364FD73834451.e.4792/elements - {"using":"css selector","value":"td"}
RESULT: {"using":"css selector","value":"td"}
COMMAND: POST /session/457e17a5ac387caa92e8fd77ed96fa85/element/f.926BFD6822BE6588C43F56A434E828F6.d.0A81238935E6DE3AE5C364FD73834451.e.4793/elements - {"using":"css selector","value":"td"}
RESULT: {"using":"css selector","value":"td"}
COMMAND: POST /session/457e17a5ac387caa92e8fd77ed96fa85/element/f.926BFD6822BE6588C43F56A434E828F6.d.0A81238935E6DE3AE5C364FD73834451.e.4794/elements - {"using":"css selector","value":"td"}
RESULT: {"using":"css selector","value":"td"}
COMMAND: POST /session/457e17a5ac387caa92e8fd77ed96fa85/element/f.926BFD6822BE6588C43F56A434E828F6.d.0A81238935E6DE3AE5C364FD73834451.e.4795/elements - {"using":"css selector","value":"td"}
RESULT: {"using":"css selector","value":"td"}
COMMAND: POST /session/457e17a5ac387caa92e8fd77ed96fa85/element/f.926BFD6822BE6588C43F56A434E828F6.d.0A81238935E6DE3AE5C364FD73834451.e.4796/elements - {"using":"css selector","value":"td"}
RESULT: {"using":"css selector","value":"td"}
COMMAND: POST /session/457e17a5ac387caa92e8fd77ed96fa85/element/f.926BFD6822BE6588C43F56A434E828F6.d.0A81238935E6DE3AE5C364FD73834451.e.4797/elements - {"using":"css selector","value":"td"}
RESULT: {"using":"css selector","value":"td"}
COMMAND: POST /session/457e17a5ac387caa92e8fd77ed96fa85/element/f.926BFD6822BE6588C43F56A434E828F6.d.0A81238935E6DE3AE5C364FD73834451.e.4798/elements - {"using":"css selector","value":"td"}
RESULT: {"using":"css selector","value":"td"}
COMMAND: POST /session/457e17a5ac387caa92e8fd77ed96fa85/element/f.926BFD6822BE6588C43F56A434E828F6.d.0A81238935E6DE3AE5C364FD73834451.e.4799/elements - {"using":"css selector","value":"td"}
RESULT: {"using":"css selector","value":"td"}
COMMAND: POST /session/457e17a5ac387caa92e8fd77ed96fa85/element/f.926BFD6822BE6588C43F56A434E828F6.d.0A81238935E6DE3AE5C364FD73834451.e.4800/elements - {"using":"css selector","value":"td"}
RESULT: {"using":"css selector","value":"td"}
COMMAND: POST /session/457e17a5ac387caa92e8fd77ed96fa85/element/f.926BFD6822BE6588C43F56A434E828F6.d.0A81238935E6DE3AE5C364FD73834451.e.4801/elements - {"using":"css selector","value":"td"}
RESULT: {"using":"css selector","value":"td"}
COMMAND: POST /session/457e17a5ac387caa92e8fd77ed96fa85/element/f.926BFD6822BE6588C43F56A434E828F6.d.0A81238935E6DE3AE5C364FD73834451.e.4802/elements - {"using":"css selector","value":"td"}
RESULT: {"using":"css selector","value":"td"}
COMMAND: POST /session/457e17a5ac387caa92e8fd77ed96fa85/element/f.926BFD6822BE6588C43F56A434E828F6.d.0A81238935E6DE3AE5C364FD73834451.e.4803/elements - {"using":"css selector","value":"td"}
RESULT: {"using":"css selector","value":"td"}
COMMAND: POST /session/457e17a5ac387caa92e8fd77ed96fa85/element/f.926BFD6822BE6588C43F56A434E828F6.d.0A81238935E6DE3AE5C364FD73834451.e.4804/elements - {"using":"css selector","value":"td"}
RESULT: {"using":"css selector","value":"td"}
COMMAND: POST /session/457e17a5ac387caa92e8fd77ed96fa85/element/f.926BFD6822BE6588C43F56A434E828F6.d.0A81238935E6DE3AE5C364FD73834451.e.4805/elements - {"using":"css selector","value":"td"}
RESULT: {"using":"css selector","value":"td"}
COMMAND: POST /session/457e17a5ac387caa92e8fd77ed96fa85/element/f.926BFD6822BE6588C43F56A434E828F6.d.0A81238935E6DE3AE5C364FD73834451.e.4806/elements - {"using":"css selector","value":"td"}
RESULT: {"using":"css selector","value":"td"}
COMMAND: POST /session/457e17a5ac387caa92e8fd77ed96fa85/element/f.926BFD6822BE6588C43F56A434E828F6.d.0A81238935E6DE3AE5C364FD73834451.e.4807/elements - {"using":"css selector","value":"td"}
RESULT: {"using":"css selector","value":"td"}
COMMAND: POST /session/457e17a5ac387caa92e8fd77ed96fa85/element/f.926BFD6822BE6588C43F56A434E828F6.d.0A81238935E6DE3AE5C364FD73834451.e.4808/elements - {"using":"css selector","value":"td"}
RESULT: {"using":"css selector","value":"td"}
COMMAND: POST /session/457e17a5ac387caa92e8fd77ed96fa85/element/f.926BFD6822BE6588C43F56A434E828F6.d.0A81238935E6DE3AE5C364FD73834451.e.4809/elements - {"using":"css selector","value":"td"}
RESULT: {"using":"css selector","value":"td"}
COMMAND: POST /session/457e17a5ac387caa92e8fd77ed96fa85/element/f.926BFD6822BE6588C43F56A434E828F6.d.0A81238935E6DE3AE5C364FD73834451.e.4810/elements - {"using":"css selector","value":"td"}
RESULT: {"using":"css selector","value":"td"}
COMMAND: POST /session/457e17a5ac387caa92e8fd77ed96fa85/element/f.926BFD6822BE6588C43F56A434E828F6.d.0A81238935E6DE3AE5C364FD73834451.e.4811/elements - {"using":"css selector","value":"td"}
RESULT: {"using":"css selector","value":"td"}
COMMAND: POST /session/457e17a5ac387caa92e8fd77ed96fa85/element/f.926BFD6822BE6588C43F56A434E828F6.d.0A81238935E6DE3AE5C364FD73834451.e.4812/elements - {"using":"css selector","value":"td"}
RESULT: {"using":"css selector","value":"td"}
COMMAND: POST /session/457e17a5ac387caa92e8fd77ed96fa85/element/f.926BFD6822BE6588C43F56A434E828F6.d.0A81238935E6DE3AE5C364FD73834451.e.4813/elements - {"using":"css selector","value":"td"}
RESULT: {"using":"css selector","value":"td"}
COMMAND: POST /session/457e17a5ac387caa92e8fd77ed96fa85/element/f.926BFD6822BE6588C43F56A434E828F6.d.0A81238935E6DE3AE5C364FD73834451.e.4814/elements - {"using":"css selector","value":"td"}
RESULT: {"using":"css selector","value":"td"}
COMMAND: POST /session/457e17a5ac387caa92e8fd77ed96fa85/element/f.926BFD6822BE6588C43F56A434E828F6.d.0A81238935E6DE3AE5C364FD73834451.e.4815/elements - {"using":"css selector","value":"td"}
RESULT: {"using":"css selector","value":"td"}
COMMAND: POST /session/457e17a5ac387caa92e8fd77ed96fa85/element/f.926BFD6822BE6588C43F56A434E828F6.d.0A81238935E6DE3AE5C364FD73834451.e.4816/elements - {"using":"css selector","value":"td"}
RESULT: {"using":"css selector","value":"td"}
COMMAND: POST /session/457e17a5ac387caa92e8fd77ed96fa85/element/f.926BFD6822BE6588C43F56A434E828F6.d.0A81238935E6DE3AE5C364FD73834451.e.4817/elements - {"using":"css selector","value":"td"}
RESULT: {"using":"css selector","value":"td"}
COMMAND: POST /session/457e17a5ac387caa92e8fd77ed96fa85/element/f.926BFD6822BE6588C43F56A434E828F6.d.0A81238935E6DE3AE5C364FD73834451.e.4818/elements - {"using":"css selector","value":"td"}
RESULT: {"using":"css selector","value":"td"}
COMMAND: POST /session/457e17a5ac387caa92e8fd77ed96fa85/element/f.926BFD6822BE6588C43F56A434E828F6.d.0A81238935E6DE3AE5C364FD73834451.e.4819/elements - {"using":"css selector","value":"td"}
RESULT: {"using":"css selector","value":"td"}
COMMAND: POST /session/457e17a5ac387caa92e8fd77ed96fa85/element/f.926BFD6822BE6588C43F56A434E828F6.d.0A81238935E6DE3AE5C364FD73834451.e.4820/elements - {"using":"css selector","value":"td"}
RESULT: {"using":"css selector","value":"td"}
COMMAND: POST /session/457e17a5ac387caa92e8fd77ed96fa85/element/f.926BFD6822BE6588C43F56A434E828F6.d.0A81238935E6DE3AE5C364FD73834451.e.4821/elements - {"using":"css selector","value":"td"}
RESULT: {"using":"css selector","value":"td"}
COMMAND: POST /session/457e17a5ac387caa92e8fd77ed96fa85/element/f.926BFD6822BE6588C43F56A434E828F6.d.0A81238935E6DE3AE5C364FD73834451.e.4822/elements - {"using":"css selector","value":"td"}
RESULT: {"using":"css selector","value":"td"}
COMMAND: POST /session/457e17a5ac387caa92e8fd77ed96fa85/element/f.926BFD6822BE6588C43F56A434E828F6.d.0A81238935E6DE3AE5C364FD73834451.e.4823/elements - {"using":"css selector","value":"td"}
RESULT: {"using":"css selector","value":"td"}
COMMAND: POST /session/457e17a5ac387caa92e8fd77ed96fa85/element/f.926BFD6822BE6588C43F56A434E828F6.d.0A81238935E6DE3AE5C364FD73834451.e.4824/elements - {"using":"css selector","value":"td"}
RESULT: {"using":"css selector","value":"td"}
COMMAND: POST /session/457e17a5ac387caa92e8fd77ed96fa85/element/f.926BFD6822BE6588C43F56A434E828F6.d.0A81238935E6DE3AE5C364FD73834451.e.4825/elements - {"using":"css selector","value":"td"}
RESULT: {"using":"css selector","value":"td"}
COMMAND: POST /session/457e17a5ac387caa92e8fd77ed96fa85/element/f.926BFD6822BE6588C43F56A434E828F6.d.0A81238935E6DE3AE5C364FD73834451.e.4826/elements - {"using":"css selector","value":"td"}
RESULT: {"using":"css selector","value":"td"}
COMMAND: POST /session/457e17a5ac387caa92e8fd77ed96fa85/element/f.926BFD6822BE6588C43F56A434E828F6.d.0A81238935E6DE3AE5C364FD73834451.e.4827/elements - {"using":"css selector","value":"td"}
RESULT: {"using":"css selector","value":"td"}
COMMAND: POST /session/457e17a5ac387caa92e8fd77ed96fa85/element/f.926BFD6822BE6588C43F56A434E828F6.d.0A81238935E6DE3AE5C364FD73834451.e.4828/elements - {"using":"css selector","value":"td"}
RESULT: {"using":"css selector","value":"td"}
COMMAND: POST /session/457e17a5ac387caa92e8fd77ed96fa85/element/f.926BFD6822BE6588C43F56A434E828F6.d.0A81238935E6DE3AE5C364FD73834451.e.4829/elements - {"using":"css selector","value":"td"}
RESULT: {"using":"css selector","value":"td"}
COMMAND: POST /session/457e17a5ac387caa92e8fd77ed96fa85/element/f.926BFD6822BE6588C43F56A434E828F6.d.0A81238935E6DE3AE5C364FD73834451.e.4830/elements - {"using":"css selector","value":"td"}
RESULT: {"using":"css selector","value":"td"}
COMMAND: POST /session/457e17a5ac387caa92e8fd77ed96fa85/element/f.926BFD6822BE6588C43F56A434E828F6.d.0A81238935E6DE3AE5C364FD73834451.e.4831/elements - {"using":"css selector","value":"td"}
RESULT: {"using":"css selector","value":"td"}
COMMAND: POST /session/457e17a5ac387caa92e8fd77ed96fa85/element/f.926BFD6822BE6588C43F56A434E828F6.d.0A81238935E6DE3AE5C364FD73834451.e.4832/elements - {"using":"css selector","value":"td"}
RESULT: {"using":"css selector","value":"td"}
COMMAND: POST /session/457e17a5ac387caa92e8fd77ed96fa85/element/f.926BFD6822BE6588C43F56A434E828F6.d.0A81238935E6DE3AE5C364FD73834451.e.4833/elements - {"using":"css selector","value":"td"}
RESULT: {"using":"css selector","value":"td"}
COMMAND: POST /session/457e17a5ac387caa92e8fd77ed96fa85/element/f.926BFD6822BE6588C43F56A434E828F6.d.0A81238935E6DE3AE5C364FD73834451.e.4834/elements - {"using":"css selector","value":"td"}
RESULT: {"using":"css selector","value":"td"}
COMMAND: POST /session/457e17a5ac387caa92e8fd77ed96fa85/element/f.926BFD6822BE6588C43F56A434E828F6.d.0A81238935E6DE3AE5C364FD73834451.e.4835/elements - {"using":"css selector","value":"td"}
RESULT: {"using":"css selector","value":"td"}
COMMAND: POST /session/457e17a5ac387caa92e8fd77ed96fa85/element/f.926BFD6822BE6588C43F56A434E828F6.d.0A81238935E6DE3AE5C364FD73834451.e.4836/elements - {"using":"css selector","value":"td"}
RESULT: {"using":"css selector","value":"td"}
COMMAND: POST /session/457e17a5ac387caa92e8fd77ed96fa85/element/f.926BFD6822BE6588C43F56A434E828F6.d.0A81238935E6DE3AE5C364FD73834451.e.4837/elements - {"using":"css selector","value":"td"}
RESULT: {"using":"css selector","value":"td"}
COMMAND: POST /session/457e17a5ac387caa92e8fd77ed96fa85/element/f.926BFD6822BE6588C43F56A434E828F6.d.0A81238935E6DE3AE5C364FD73834451.e.4838/elements - {"using":"css selector","value":"td"}
RESULT: {"using":"css selector","value":"td"}
COMMAND: POST /session/457e17a5ac387caa92e8fd77ed96fa85/element/f.926BFD6822BE6588C43F56A434E828F6.d.0A81238935E6DE3AE5C364FD73834451.e.4839/elements - {"using":"css selector","value":"td"}
RESULT: {"using":"css selector","value":"td"}
COMMAND: POST /session/457e17a5ac387caa92e8fd77ed96fa85/element/f.926BFD6822BE6588C43F56A434E828F6.d.0A81238935E6DE3AE5C364FD73834451.e.4840/elements - {"using":"css selector","value":"td"}
RESULT: {"using":"css selector","value":"td"}
COMMAND: POST /session/457e17a5ac387caa92e8fd77ed96fa85/element/f.926BFD6822BE6588C43F56A434E828F6.d.0A81238935E6DE3AE5C364FD73834451.e.4841/elements - {"using":"css selector","value":"td"}
RESULT: {"using":"css selector","value":"td"}
COMMAND: POST /session/457e17a5ac387caa92e8fd77ed96fa85/element/f.926BFD6822BE6588C43F56A434E828F6.d.0A81238935E6DE3AE5C364FD73834451.e.4842/elements - {"using":"css selector","value":"td"}
RESULT: {"using":"css selector","value":"td"}
COMMAND: POST /session/457e17a5ac387caa92e8fd77ed96fa85/element/f.926BFD6822BE6588C43F56A434E828F6.d.0A81238935E6DE3AE5C364FD73834451.e.4843/elements - {"using":"css selector","value":"td"}
RESULT: {"using":"css selector","value":"td"}
COMMAND: POST /session/457e17a5ac387caa92e8fd77ed96fa85/element/f.926BFD6822BE6588C43F56A434E828F6.d.0A81238935E6DE3AE5C364FD73834451.e.4844/elements - {"using":"css selector","value":"td"}
RESULT: {"using":"css selector","value":"td"}
COMMAND: POST /session/457e17a5ac387caa92e8fd77ed96fa85/element/f.926BFD6822BE6588C43F56A434E828F6.d.0A81238935E6DE3AE5C364FD73834451.e.4845/elements - {"using":"css selector","value":"td"}
RESULT: {"using":"css selector","value":"td"}
COMMAND: POST /session/457e17a5ac387caa92e8fd77ed96fa85/element/f.926BFD6822BE6588C43F56A434E828F6.d.0A81238935E6DE3AE5C364FD73834451.e.4846/elements - {"using":"css selector","value":"td"}
RESULT: {"using":"css selector","value":"td"}
COMMAND: POST /session/457e17a5ac387caa92e8fd77ed96fa85/element/f.926BFD6822BE6588C43F56A434E828F6.d.0A81238935E6DE3AE5C364FD73834451.e.4847/elements - {"using":"css selector","value":"td"}
RESULT: {"using":"css selector","value":"td"}
COMMAND: POST /session/457e17a5ac387caa92e8fd77ed96fa85/element/f.926BFD6822BE6588C43F56A434E828F6.d.0A81238935E6DE3AE5C364FD73834451.e.4848/elements - {"using":"css selector","value":"td"}
RESULT: {"using":"css selector","value":"td"}
COMMAND: POST /session/457e17a5ac387caa92e8fd77ed96fa85/element/f.926BFD6822BE6588C43F56A434E828F6.d.0A81238935E6DE3AE5C364FD73834451.e.4849/elements - {"using":"css selector","value":"td"}
RESULT: {"using":"css selector","value":"td"}
COMMAND: POST /session/457e17a5ac387caa92e8fd77ed96fa85/element/f.926BFD6822BE6588C43F56A434E828F6.d.0A81238935E6DE3AE5C364FD73834451.e.4850/elements - {"using":"css selector","value":"td"}
RESULT: {"using":"css selector","value":"td"}
COMMAND: POST /session/457e17a5ac387caa92e8fd77ed96fa85/element/f.926BFD6822BE6588C43F56A434E828F6.d.0A81238935E6DE3AE5C364FD73834451.e.4851/elements - {"using":"css selector","value":"td"}
RESULT: {"using":"css selector","value":"td"}
COMMAND: POST /session/457e17a5ac387caa92e8fd77ed96fa85/element/f.926BFD6822BE6588C43F56A434E828F6.d.0A81238935E6DE3AE5C364FD73834451.e.4852/elements - {"using":"css selector","value":"td"}
RESULT: {"using":"css selector","value":"td"}
COMMAND: POST /session/457e17a5ac387caa92e8fd77ed96fa85/element/f.926BFD6822BE6588C43F56A434E828F6.d.0A81238935E6DE3AE5C364FD73834451.e.4853/elements - {"using":"css selector","value":"td"}
RESULT: {"using":"css selector","value":"td"}
COMMAND: POST /session/457e17a5ac387caa92e8fd77ed96fa85/element/f.926BFD6822BE6588C43F56A434E828F6.d.0A81238935E6DE3AE5C364FD73834451.e.4854/elements - {"using":"css selector","value":"td"}
RESULT: {"using":"css selector","value":"td"}
COMMAND: POST /session/457e17a5ac387caa92e8fd77ed96fa85/element/f.926BFD6822BE6588C43F56A434E828F6.d.0A81238935E6DE3AE5C364FD73834451.e.4855/elements - {"using":"css selector","value":"td"}
RESULT: {"using":"css selector","value":"td"}
COMMAND: POST /session/457e17a5ac387caa92e8fd77ed96fa85/element/f.926BFD6822BE6588C43F56A434E828F6.d.0A81238935E6DE3AE5C364FD73834451.e.4856/elements - {"using":"css selector","value":"td"}
RESULT: {"using":"css selector","value":"td"}
COMMAND: POST /session/457e17a5ac387caa92e8fd77ed96fa85/element/f.926BFD6822BE6588C43F56A434E828F6.d.0A81238935E6DE3AE5C364FD73834451.e.4857/elements - {"using":"css selector","value":"td"}
RESULT: {"using":"css selector","value":"td"}
COMMAND: POST /session/457e17a5ac387caa92e8fd77ed96fa85/element/f.926BFD6822BE6588C43F56A434E828F6.d.0A81238935E6DE3AE5C364FD73834451.e.4858/elements - {"using":"css selector","value":"td"}
RESULT: {"using":"css selector","value":"td"}
COMMAND: POST /session/457e17a5ac387caa92e8fd77ed96fa85/element/f.926BFD6822BE6588C43F56A434E828F6.d.0A81238935E6DE3AE5C364FD73834451.e.4859/elements - {"using":"css selector","value":"td"}
RESULT: {"using":"css selector","value":"td"}
COMMAND: POST /session/457e17a5ac387caa92e8fd77ed96fa85/element/f.926BFD6822BE6588C43F56A434E828F6.d.0A81238935E6DE3AE5C364FD73834451.e.4860/elements - {"using":"css selector","value":"td"}
RESULT: {"using":"css selector","value":"td"}
COMMAND: POST /session/457e17a5ac387caa92e8fd77ed96fa85/element/f.926BFD6822BE6588C43F56A434E828F6.d.0A81238935E6DE3AE5C364FD73834451.e.4861/elements - {"using":"css selector","value":"td"}
RESULT: {"using":"css selector","value":"td"}
COMMAND: POST /session/457e17a5ac387caa92e8fd77ed96fa85/element/f.926BFD6822BE6588C43F56A434E828F6.d.0A81238935E6DE3AE5C364FD73834451.e.4862/elements - {"using":"css selector","value":"td"}
RESULT: {"using":"css selector","value":"td"}
COMMAND: POST /session/457e17a5ac387caa92e8fd77ed96fa85/element/f.926BFD6822BE6588C43F56A434E828F6.d.0A81238935E6DE3AE5C364FD73834451.e.4863/elements - {"using":"css selector","value":"td"}
RESULT: {"using":"css selector","value":"td"}
COMMAND: POST /session/457e17a5ac387caa92e8fd77ed96fa85/element/f.926BFD6822BE6588C43F56A434E828F6.d.0A81238935E6DE3AE5C364FD73834451.e.4864/elements - {"using":"css selector","value":"td"}
RESULT: {"using":"css selector","value":"td"}
COMMAND: POST /session/457e17a5ac387caa92e8fd77ed96fa85/element/f.926BFD6822BE6588C43F56A434E828F6.d.0A81238935E6DE3AE5C364FD73834451.e.4865/elements - {"using":"css selector","value":"td"}
RESULT: {"using":"css selector","value":"td"}
COMMAND: POST /session/457e17a5ac387caa92e8fd77ed96fa85/element/f.926BFD6822BE6588C43F56A434E828F6.d.0A81238935E6DE3AE5C364FD73834451.e.4866/elements - {"using":"css selector","value":"td"}
RESULT: {"using":"css selector","value":"td"}
COMMAND: POST /session/457e17a5ac387caa92e8fd77ed96fa85/element/f.926BFD6822BE6588C43F56A434E828F6.d.0A81238935E6DE3AE5C364FD73834451.e.4867/elements - {"using":"css selector","value":"td"}
RESULT: {"using":"css selector","value":"td"}
COMMAND: POST /session/457e17a5ac387caa92e8fd77ed96fa85/element/f.926BFD6822BE6588C43F56A434E828F6.d.0A81238935E6DE3AE5C364FD73834451.e.4868/elements - {"using":"css selector","value":"td"}
RESULT: {"using":"css selector","value":"td"}
COMMAND: POST /session/457e17a5ac387caa92e8fd77ed96fa85/element/f.926BFD6822BE6588C43F56A434E828F6.d.0A81238935E6DE3AE5C364FD73834451.e.4869/elements - {"using":"css selector","value":"td"}
RESULT: {"using":"css selector","value":"td"}
COMMAND: POST /session/457e17a5ac387caa92e8fd77ed96fa85/element/f.926BFD6822BE6588C43F56A434E828F6.d.0A81238935E6DE3AE5C364FD73834451.e.4870/elements - {"using":"css selector","value":"td"}
RESULT: {"using":"css selector","value":"td"}
COMMAND: POST /session/457e17a5ac387caa92e8fd77ed96fa85/element/f.926BFD6822BE6588C43F56A434E828F6.d.0A81238935E6DE3AE5C364FD73834451.e.4871/elements - {"using":"css selector","value":"td"}
RESULT: {"using":"css selector","value":"td"}
COMMAND: POST /session/457e17a5ac387caa92e8fd77ed96fa85/element/f.926BFD6822BE6588C43F56A434E828F6.d.0A81238935E6DE3AE5C364FD73834451.e.4872/elements - {"using":"css selector","value":"td"}
RESULT: {"using":"css selector","value":"td"}
COMMAND: POST /session/457e17a5ac387caa92e8fd77ed96fa85/element/f.926BFD6822BE6588C43F56A434E828F6.d.0A81238935E6DE3AE5C364FD73834451.e.4873/elements - {"using":"css selector","value":"td"}
RESULT: {"using":"css selector","value":"td"}
COMMAND: POST /session/457e17a5ac387caa92e8fd77ed96fa85/element/f.926BFD6822BE6588C43F56A434E828F6.d.0A81238935E6DE3AE5C364FD73834451.e.4874/elements - {"using":"css selector","value":"td"}
RESULT: {"using":"css selector","value":"td"}
COMMAND: POST /session/457e17a5ac387caa92e8fd77ed96fa85/element/f.926BFD6822BE6588C43F56A434E828F6.d.0A81238935E6DE3AE5C364FD73834451.e.4875/elements - {"using":"css selector","value":"td"}
RESULT: {"using":"css selector","value":"td"}
COMMAND: POST /session/457e17a5ac387caa92e8fd77ed96fa85/element/f.926BFD6822BE6588C43F56A434E828F6.d.0A81238935E6DE3AE5C364FD73834451.e.4876/elements - {"using":"css selector","value":"td"}
RESULT: {"using":"css selector","value":"td"}
COMMAND: POST /session/457e17a5ac387caa92e8fd77ed96fa85/element/f.926BFD6822BE6588C43F56A434E828F6.d.0A81238935E6DE3AE5C364FD73834451.e.4877/elements - {"using":"css selector","value":"td"}
RESULT: {"using":"css selector","value":"td"}
COMMAND: POST /session/457e17a5ac387caa92e8fd77ed96fa85/element/f.926BFD6822BE6588C43F56A434E828F6.d.0A81238935E6DE3AE5C364FD73834451.e.4878/elements - {"using":"css selector","value":"td"}
RESULT: {"using":"css selector","value":"td"}
COMMAND: POST /session/457e17a5ac387caa92e8fd77ed96fa85/element/f.926BFD6822BE6588C43F56A434E828F6.d.0A81238935E6DE3AE5C364FD73834451.e.4879/elements - {"using":"css selector","value":"td"}
RESULT: {"using":"css selector","value":"td"}
COMMAND: POST /session/457e17a5ac387caa92e8fd77ed96fa85/element/f.926BFD6822BE6588C43F56A434E828F6.d.0A81238935E6DE3AE5C364FD73834451.e.4880/elements - {"using":"css selector","value":"td"}
RESULT: {"using":"css selector","value":"td"}
COMMAND: POST /session/457e17a5ac387caa92e8fd77ed96fa85/element/f.926BFD6822BE6588C43F56A434E828F6.d.0A81238935E6DE3AE5C364FD73834451.e.4881/elements - {"using":"css selector","value":"td"}
RESULT: {"using":"css selector","value":"td"}
COMMAND: POST /session/457e17a5ac387caa92e8fd77ed96fa85/element/f.926BFD6822BE6588C43F56A434E828F6.d.0A81238935E6DE3AE5C364FD73834451.e.4882/elements - {"using":"css selector","value":"td"}
RESULT: {"using":"css selector","value":"td"}
COMMAND: POST /session/457e17a5ac387caa92e8fd77ed96fa85/element/f.926BFD6822BE6588C43F56A434E828F6.d.0A81238935E6DE3AE5C364FD73834451.e.4883/elements - {"using":"css selector","value":"td"}
RESULT: {"using":"css selector","value":"td"}
COMMAND: POST /session/457e17a5ac387caa92e8fd77ed96fa85/element/f.926BFD6822BE6588C43F56A434E828F6.d.0A81238935E6DE3AE5C364FD73834451.e.4884/elements - {"using":"css selector","value":"td"}
RESULT: {"using":"css selector","value":"td"}
COMMAND: POST /session/457e17a5ac387caa92e8fd77ed96fa85/element/f.926BFD6822BE6588C43F56A434E828F6.d.0A81238935E6DE3AE5C364FD73834451.e.4885/elements - {"using":"css selector","value":"td"}
RESULT: {"using":"css selector","value":"td"}
COMMAND: POST /session/457e17a5ac387caa92e8fd77ed96fa85/element/f.926BFD6822BE6588C43F56A434E828F6.d.0A81238935E6DE3AE5C364FD73834451.e.4886/elements - {"using":"css selector","value":"td"}
RESULT: {"using":"css selector","value":"td"}
COMMAND: POST /session/457e17a5ac387caa92e8fd77ed96fa85/element/f.926BFD6822BE6588C43F56A434E828F6.d.0A81238935E6DE3AE5C364FD73834451.e.4887/elements - {"using":"css selector","value":"td"}
RESULT: {"using":"css selector","value":"td"}
COMMAND: POST /session/457e17a5ac387caa92e8fd77ed96fa85/element/f.926BFD6822BE6588C43F56A434E828F6.d.0A81238935E6DE3AE5C364FD73834451.e.4888/elements - {"using":"css selector","value":"td"}
RESULT: {"using":"css selector","value":"td"}
COMMAND: POST /session/457e17a5ac387caa92e8fd77ed96fa85/element/f.926BFD6822BE6588C43F56A434E828F6.d.0A81238935E6DE3AE5C364FD73834451.e.4889/elements - {"using":"css selector","value":"td"}
RESULT: {"using":"css selector","value":"td"}
COMMAND: POST /session/457e17a5ac387caa92e8fd77ed96fa85/element/f.926BFD6822BE6588C43F56A434E828F6.d.0A81238935E6DE3AE5C364FD73834451.e.4890/elements - {"using":"css selector","value":"td"}
RESULT: {"using":"css selector","value":"td"}
COMMAND: POST /session/457e17a5ac387caa92e8fd77ed96fa85/element/f.926BFD6822BE6588C43F56A434E828F6.d.0A81238935E6DE3AE5C364FD73834451.e.4891/elements - {"using":"css selector","value":"td"}
RESULT: {"using":"css selector","value":"td"}
COMMAND: POST /session/457e17a5ac387caa92e8fd77ed96fa85/element/f.926BFD6822BE6588C43F56A434E828F6.d.0A81238935E6DE3AE5C364FD73834451.e.4892/elements - {"using":"css selector","value":"td"}
RESULT: {"using":"css selector","value":"td"}
COMMAND: POST /session/457e17a5ac387caa92e8fd77ed96fa85/element/f.926BFD6822BE6588C43F56A434E828F6.d.0A81238935E6DE3AE5C364FD73834451.e.4893/elements - {"using":"css selector","value":"td"}
RESULT: {"using":"css selector","value":"td"}
COMMAND: POST /session/457e17a5ac387caa92e8fd77ed96fa85/element/f.926BFD6822BE6588C43F56A434E828F6.d.0A81238935E6DE3AE5C364FD73834451.e.4894/elements - {"using":"css selector","value":"td"}
RESULT: {"using":"css selector","value":"td"}
COMMAND: POST /session/457e17a5ac387caa92e8fd77ed96fa85/element/f.926BFD6822BE6588C43F56A434E828F6.d.0A81238935E6DE3AE5C364FD73834451.e.4895/elements - {"using":"css selector","value":"td"}
RESULT: {"using":"css selector","value":"td"}
COMMAND: POST /session/457e17a5ac387caa92e8fd77ed96fa85/element/f.926BFD6822BE6588C43F56A434E828F6.d.0A81238935E6DE3AE5C364FD73834451.e.4896/elements - {"using":"css selector","value":"td"}
RESULT: {"using":"css selector","value":"td"}
COMMAND: POST /session/457e17a5ac387caa92e8fd77ed96fa85/element/f.926BFD6822BE6588C43F56A434E828F6.d.0A81238935E6DE3AE5C364FD73834451.e.4897/elements - {"using":"css selector","value":"td"}
RESULT: {"using":"css selector","value":"td"}
COMMAND: POST /session/457e17a5ac387caa92e8fd77ed96fa85/element/f.926BFD6822BE6588C43F56A434E828F6.d.0A81238935E6DE3AE5C364FD73834451.e.4898/elements - {"using":"css selector","value":"td"}
RESULT: {"using":"css selector","value":"td"}
COMMAND: POST /session/457e17a5ac387caa92e8fd77ed96fa85/element/f.926BFD6822BE6588C43F56A434E828F6.d.0A81238935E6DE3AE5C364FD73834451.e.4899/elements - {"using":"css selector","value":"td"}
RESULT: {"using":"css selector","value":"td"}
COMMAND: POST /session/457e17a5ac387caa92e8fd77ed96fa85/element/f.926BFD6822BE6588C43F56A434E828F6.d.0A81238935E6DE3AE5C364FD73834451.e.4900/elements - {"using":"css selector","value":"td"}
RESULT: {"using":"css selector","value":"td"}
COMMAND: POST /session/457e17a5ac387caa92e8fd77ed96fa85/element/f.926BFD6822BE6588C43F56A434E828F6.d.0A81238935E6DE3AE5C364FD73834451.e.4901/elements - {"using":"css selector","value":"td"}
RESULT: {"using":"css selector","value":"td"}
COMMAND: POST /session/457e17a5ac387caa92e8fd77ed96fa85/element/f.926BFD6822BE6588C43F56A434E828F6.d.0A81238935E6DE3AE5C364FD73834451.e.4902/elements - {"using":"css selector","value":"td"}
RESULT: {"using":"css selector","value":"td"}
COMMAND: POST /session/457e17a5ac387caa92e8fd77ed96fa85/element/f.926BFD6822BE6588C43F56A434E828F6.d.0A81238935E6DE3AE5C364FD73834451.e.4903/elements - {"using":"css selector","value":"td"}
RESULT: {"using":"css selector","value":"td"}
COMMAND: POST /session/457e17a5ac387caa92e8fd77ed96fa85/element/f.926BFD6822BE6588C43F56A434E828F6.d.0A81238935E6DE3AE5C364FD73834451.e.4904/elements - {"using":"css selector","value":"td"}
RESULT: {"using":"css selector","value":"td"}
COMMAND: POST /session/457e17a5ac387caa92e8fd77ed96fa85/element/f.926BFD6822BE6588C43F56A434E828F6.d.0A81238935E6DE3AE5C364FD73834451.e.4905/elements - {"using":"css selector","value":"td"}
RESULT: {"using":"css selector","value":"td"}
COMMAND: POST /session/457e17a5ac387caa92e8fd77ed96fa85/element/f.926BFD6822BE6588C43F56A434E828F6.d.0A81238935E6DE3AE5C364FD73834451.e.4906/elements - {"using":"css selector","value":"td"}
RESULT: {"using":"css selector","value":"td"}
COMMAND: POST /session/457e17a5ac387caa92e8fd77ed96fa85/element/f.926BFD6822BE6588C43F56A434E828F6.d.0A81238935E6DE3AE5C364FD73834451.e.4907/elements - {"using":"css selector","value":"td"}
RESULT: {"using":"css selector","value":"td"}
COMMAND: POST /session/457e17a5ac387caa92e8fd77ed96fa85/element/f.926BFD6822BE6588C43F56A434E828F6.d.0A81238935E6DE3AE5C364FD73834451.e.4908/elements - {"using":"css selector","value":"td"}
RESULT: {"using":"css selector","value":"td"}
COMMAND: POST /session/457e17a5ac387caa92e8fd77ed96fa85/element/f.926BFD6822BE6588C43F56A434E828F6.d.0A81238935E6DE3AE5C364FD73834451.e.4909/elements - {"using":"css selector","value":"td"}
RESULT: {"using":"css selector","value":"td"}
COMMAND: POST /session/457e17a5ac387caa92e8fd77ed96fa85/element/f.926BFD6822BE6588C43F56A434E828F6.d.0A81238935E6DE3AE5C364FD73834451.e.4910/elements - {"using":"css selector","value":"td"}
RESULT: {"using":"css selector","value":"td"}
COMMAND: POST /session/457e17a5ac387caa92e8fd77ed96fa85/element/f.926BFD6822BE6588C43F56A434E828F6.d.0A81238935E6DE3AE5C364FD73834451.e.4911/elements - {"using":"css selector","value":"td"}
RESULT: {"using":"css selector","value":"td"}
COMMAND: POST /session/457e17a5ac387caa92e8fd77ed96fa85/element/f.926BFD6822BE6588C43F56A434E828F6.d.0A81238935E6DE3AE5C364FD73834451.e.4912/elements - {"using":"css selector","value":"td"}
RESULT: {"using":"css selector","value":"td"}
COMMAND: POST /session/457e17a5ac387caa92e8fd77ed96fa85/element/f.926BFD6822BE6588C43F56A434E828F6.d.0A81238935E6DE3AE5C364FD73834451.e.4913/elements - {"using":"css selector","value":"td"}
RESULT: {"using":"css selector","value":"td"}
COMMAND: POST /session/457e17a5ac387caa92e8fd77ed96fa85/element/f.926BFD6822BE6588C43F56A434E828F6.d.0A81238935E6DE3AE5C364FD73834451.e.5818/elements - {"using":"css selector","value":"td"}
RESULT: {"using":"css selector","value":"td"}
COMMAND: POST /session/457e17a5ac387caa92e8fd77ed96fa85/element - {"using":"css selector","value":"#j_username"}
COMMAND: POST /session/457e17a5ac387caa92e8fd77ed96fa85/url - {"url":"https://qa-testing-00-live-etm-ui.cfapps.eu10-004.hana.ondemand.com/"}
RESULT: {"using":"css selector","value":"#j_username"}
COMMAND: POST /session/457e17a5ac387caa92e8fd77ed96fa85/element - {"using":"css selector","value":"#j_username"}
RESULT: {"url":"https://qa-testing-00-live-etm-ui.cfapps.eu10-004.hana.ondemand.com/"}
RESULT: undefined
COMMAND: GET /session/457e17a5ac387caa92e8fd77ed96fa85/screenshot - {}
RESULT: {"using":"css selector","value":"#j_username"}
COMMAND: POST /session/457e17a5ac387caa92e8fd77ed96fa85/element - {"using":"css selector","value":"#shell-header-logo"}
RESULT: {}
RESULT: {"using":"css selector","value":"#shell-header-logo"}
COMMAND: POST /session/457e17a5ac387caa92e8fd77ed96fa85/execute/sync - {"script":"<script> [8489 bytes]","args":[{"element-6066-11e4-a52e-4f735466cecf":"f.926BFD6822BE6588C43F56A434E828F6.d.69F30EFC45C90F562634D2CA36F6007B.e.5824","ELEMENT":"f.926BFD6822BE6588C43F56A434E828F6.d.69F30EFC45C90F562634D2CA36F6007B.e.5824"}]}
RESULT: {"script":"<script> [8489 bytes]","args":[{"element-6066-11e4-a52e-4f735466cecf":"f.926BFD6822BE6588C43F56A434E828F6.d.69F30EFC45C90F562634D2CA36F6007B.e.5824","ELEMENT":"f.926BFD6822BE6588C43F56A434E828F6.d.69F30EFC45C90F562634D2CA36F6007B.e.5824"}]}
COMMAND: POST /session/457e17a5ac387caa92e8fd77ed96fa85/element - {"using":"css selector","value":"#shell-header-logo"}
COMMAND: GET /session/457e17a5ac387caa92e8fd77ed96fa85/screenshot - {}
RESULT: {"using":"css selector","value":"#shell-header-logo"}
COMMAND: POST /session/457e17a5ac387caa92e8fd77ed96fa85/execute/sync - {"script":"<script> [8489 bytes]","args":[{"element-6066-11e4-a52e-4f735466cecf":"f.926BFD6822BE6588C43F56A434E828F6.d.69F30EFC45C90F562634D2CA36F6007B.e.5824","ELEMENT":"f.926BFD6822BE6588C43F56A434E828F6.d.69F30EFC45C90F562634D2CA36F6007B.e.5824"}]}
RESULT: {}
RESULT: {"script":"<script> [8489 bytes]","args":[{"element-6066-11e4-a52e-4f735466cecf":"f.926BFD6822BE6588C43F56A434E828F6.d.69F30EFC45C90F562634D2CA36F6007B.e.5824","ELEMENT":"f.926BFD6822BE6588C43F56A434E828F6.d.69F30EFC45C90F562634D2CA36F6007B.e.5824"}]}
COMMAND: POST /session/457e17a5ac387caa92e8fd77ed96fa85/execute/sync - {"script":"<script> [5351 bytes]","args":[{"element-6066-11e4-a52e-4f735466cecf":"f.926BFD6822BE6588C43F56A434E828F6.d.69F30EFC45C90F562634D2CA36F6007B.e.5824","ELEMENT":"f.926BFD6822BE6588C43F56A434E828F6.d.69F30EFC45C90F562634D2CA36F6007B.e.5824"}]}
COMMAND: GET /session/457e17a5ac387caa92e8fd77ed96fa85/screenshot - {}
RESULT: {"script":"<script> [5351 bytes]","args":[{"element-6066-11e4-a52e-4f735466cecf":"f.926BFD6822BE6588C43F56A434E828F6.d.69F30EFC45C90F562634D2CA36F6007B.e.5824","ELEMENT":"f.926BFD6822BE6588C43F56A434E828F6.d.69F30EFC45C90F562634D2CA36F6007B.e.5824"}]}
COMMAND: POST /session/457e17a5ac387caa92e8fd77ed96fa85/element - {"using":"css selector","value":"#shell-header-logo"}
COMMAND: GET /session/457e17a5ac387caa92e8fd77ed96fa85/screenshot - {}
RESULT: {}
RESULT: {"using":"css selector","value":"#shell-header-logo"}
COMMAND: POST /session/457e17a5ac387caa92e8fd77ed96fa85/element/f.926BFD6822BE6588C43F56A434E828F6.d.69F30EFC45C90F562634D2CA36F6007B.e.5824/click - {}
RESULT: {}
RESULT: {}
COMMAND: GET /session/457e17a5ac387caa92e8fd77ed96fa85/screenshot - {}
RESULT: {}
COMMAND: POST /session/457e17a5ac387caa92e8fd77ed96fa85/execute/async - {"script":"<script> [189 bytes]","args":[]}
RESULT: {"script":"<script> [189 bytes]","args":[]}
COMMAND: POST /session/457e17a5ac387caa92e8fd77ed96fa85/execute/async - {"script":"<script> [123 bytes]","args":[]}
RESULT: {"script":"<script> [123 bytes]","args":[]}
COMMAND: POST /session/457e17a5ac387caa92e8fd77ed96fa85/timeouts - {"script":"<number>"}
RESULT: {"script":"<number>"}
COMMAND: GET /session/457e17a5ac387caa92e8fd77ed96fa85/timeouts - {}
RESULT: {}
RESULT: undefined
COMMAND: POST /session/457e17a5ac387caa92e8fd77ed96fa85/execute/async - {"script":"<script> [2676 bytes]","args":[]}
RESULT: {"script":"<script> [2676 bytes]","args":[]}
COMMAND: POST /session/457e17a5ac387caa92e8fd77ed96fa85/execute/async - {"script":"<script> [2342 bytes]","args":[{"protocol":"http","hostname":"0.0.0.0","path":"/","capabilities":{"browserName":"chrome","goog:chromeOptions":{"binary":"C:\\Program Files\\Google\\Chrome\\Application\\chrome.exe","args":["--start-maximized"]}},"logLevel":"warn","connectionRetryTimeout":120000,"connectionRetryCount":3,"logLevels":{},"enableDirectConnect":true,"strictSSL":true,"_":"65 more keys: [\"cacheDir\",\"port\",\"requestedCapabilities\",\"automationProtocol\",\"baseUrl\",\"waitforInterval\",\"waitforTimeout\",\"onReload\",\"beforeCommand\",\"afterCommand\",\"rootDir\",\"specs\",\"suites\",\"exclude\",\"groupLogsByTestSpec\",\"excludeDriverLogs\",\"bail\",\"framework\",\"reporters\",\"services\",\"maxInstances\",\"maxInstancesPerCapability\",\"injectGlobals\",\"filesToWatch\",\"execArgv\",\"runnerEnv\",\"runner\",\"shard\",\"specFileRetries\",\"specFileRetriesDelay\",\"specFileRetriesDeferred\",\"reporterSyncInterval\",\"reporterSyncTimeout\",\"cucumberFeaturesWithLineNumbers\",\"autoCompileOpts\",\"mochaOpts\",\"jasmineOpts\",\"cucumberOpts\",\"onPrepare\",\"onWorkerStart\",\"onWorkerEnd\",\"before\",\"beforeSession\",\"beforeSuite\",\"beforeHook\",\"beforeTest\",\"afterTest\",\"afterHook\",\"afterSuite\",\"afterSession\",\"after\",\"onComplete\",\"beforeAssertion\",\"afterAssertion\",\"beforeFeature\",\"beforeScenario\",\"beforeStep\",\"afterStep\",\"afterScenario\",\"afterFeature\",\"_\",\"suite\",\"$0\",\"ignoredWorkerServices\",\"wdi5\"]"}]}
RESULT: {"script":"<script> [2342 bytes]","args":[{"protocol":"http","hostname":"0.0.0.0","path":"/","capabilities":{"browserName":"chrome","goog:chromeOptions":{"binary":"C:\\Program Files\\Google\\Chrome\\Application\\chrome.exe","args":["--start-maximized"]}},"logLevel":"warn","connectionRetryTimeout":120000,"connectionRetryCount":3,"logLevels":{},"enableDirectConnect":true,"strictSSL":true,"_":"65 more keys: [\"cacheDir\",\"port\",\"requestedCapabilities\",\"automationProtocol\",\"baseUrl\",\"waitforInterval\",\"waitforTimeout\",\"onReload\",\"beforeCommand\",\"afterCommand\",\"rootDir\",\"specs\",\"suites\",\"exclude\",\"groupLogsByTestSpec\",\"excludeDriverLogs\",\"bail\",\"framework\",\"reporters\",\"services\",\"maxInstances\",\"maxInstancesPerCapability\",\"injectGlobals\",\"filesToWatch\",\"execArgv\",\"runnerEnv\",\"runner\",\"shard\",\"specFileRetries\",\"specFileRetriesDelay\",\"specFileRetriesDeferred\",\"reporterSyncInterval\",\"reporterSyncTimeout\",\"cucumberFeaturesWithLineNumbers\",\"autoCompileOpts\",\"mochaOpts\",\"jasmineOpts\",\"cucumberOpts\",\"onPrepare\",\"onWorkerStart\",\"onWorkerEnd\",\"before\",\"beforeSession\",\"beforeSuite\",\"beforeHook\",\"beforeTest\",\"afterTest\",\"afterHook\",\"afterSuite\",\"afterSession\",\"after\",\"onComplete\",\"beforeAssertion\",\"afterAssertion\",\"beforeFeature\",\"beforeScenario\",\"beforeStep\",\"afterStep\",\"afterScenario\",\"afterFeature\",\"_\",\"suite\",\"$0\",\"ignoredWorkerServices\",\"wdi5\"]"}]}
COMMAND: POST /session/457e17a5ac387caa92e8fd77ed96fa85/execute/async - {"script":"<script> [21126 bytes]","args":[35000]}
RESULT: {"script":"<script> [21126 bytes]","args":[35000]}
COMMAND: POST /session/457e17a5ac387caa92e8fd77ed96fa85/window/maximize - {}
RESULT: {}
COMMAND: POST /session/457e17a5ac387caa92e8fd77ed96fa85/execute/async - {"script":"<script> [1562 bytes]","args":[{"selector":{"id":"shell-header","interaction":{"idSuffix":"icon"}},"wdio_ui5_key":"shellheader"}]}
COMMAND: GET /session/457e17a5ac387caa92e8fd77ed96fa85/screenshot - {}
RESULT: {"script":"<script> [1562 bytes]","args":[{"selector":{"id":"shell-header","interaction":{"idSuffix":"icon"}},"wdio_ui5_key":"shellheader"}]}
RESULT: undefined
COMMAND: POST /session/457e17a5ac387caa92e8fd77ed96fa85/refresh - {}
RESULT: {}
RESULT: {}
COMMAND: GET /session/457e17a5ac387caa92e8fd77ed96fa85/screenshot - {}
RESULT: {}
COMMAND: POST /session/457e17a5ac387caa92e8fd77ed96fa85/refresh - {}
RESULT: {}
COMMAND: GET /session/457e17a5ac387caa92e8fd77ed96fa85/screenshot - {}
RESULT: {}
COMMAND: POST /session/457e17a5ac387caa92e8fd77ed96fa85/window/fullscreen - {}
RESULT: {}
COMMAND: POST /session/457e17a5ac387caa92e8fd77ed96fa85/execute/async - {"script":"<script> [189 bytes]","args":[]}
RESULT: {"script":"<script> [189 bytes]","args":[]}
COMMAND: POST /session/457e17a5ac387caa92e8fd77ed96fa85/execute/async - {"script":"<script> [123 bytes]","args":[]}
RESULT: {"script":"<script> [123 bytes]","args":[]}
COMMAND: POST /session/457e17a5ac387caa92e8fd77ed96fa85/timeouts - {"script":"<number>"}
RESULT: {"script":"<number>"}
COMMAND: GET /session/457e17a5ac387caa92e8fd77ed96fa85/timeouts - {}
RESULT: {}
RESULT: undefined
COMMAND: POST /session/457e17a5ac387caa92e8fd77ed96fa85/execute/async - {"script":"<script> [2676 bytes]","args":[]}
RESULT: {"script":"<script> [2676 bytes]","args":[]}
COMMAND: POST /session/457e17a5ac387caa92e8fd77ed96fa85/execute/async - {"script":"<script> [2342 bytes]","args":[{"protocol":"http","hostname":"0.0.0.0","path":"/","capabilities":{"browserName":"chrome","goog:chromeOptions":{"binary":"C:\\Program Files\\Google\\Chrome\\Application\\chrome.exe","args":["--start-maximized"]}},"logLevel":"warn","connectionRetryTimeout":120000,"connectionRetryCount":3,"logLevels":{},"enableDirectConnect":true,"strictSSL":true,"_":"65 more keys: [\"cacheDir\",\"port\",\"requestedCapabilities\",\"automationProtocol\",\"baseUrl\",\"waitforInterval\",\"waitforTimeout\",\"onReload\",\"beforeCommand\",\"afterCommand\",\"rootDir\",\"specs\",\"suites\",\"exclude\",\"groupLogsByTestSpec\",\"excludeDriverLogs\",\"bail\",\"framework\",\"reporters\",\"services\",\"maxInstances\",\"maxInstancesPerCapability\",\"injectGlobals\",\"filesToWatch\",\"execArgv\",\"runnerEnv\",\"runner\",\"shard\",\"specFileRetries\",\"specFileRetriesDelay\",\"specFileRetriesDeferred\",\"reporterSyncInterval\",\"reporterSyncTimeout\",\"cucumberFeaturesWithLineNumbers\",\"autoCompileOpts\",\"mochaOpts\",\"jasmineOpts\",\"cucumberOpts\",\"onPrepare\",\"onWorkerStart\",\"onWorkerEnd\",\"before\",\"beforeSession\",\"beforeSuite\",\"beforeHook\",\"beforeTest\",\"afterTest\",\"afterHook\",\"afterSuite\",\"afterSession\",\"after\",\"onComplete\",\"beforeAssertion\",\"afterAssertion\",\"beforeFeature\",\"beforeScenario\",\"beforeStep\",\"afterStep\",\"afterScenario\",\"afterFeature\",\"_\",\"suite\",\"$0\",\"ignoredWorkerServices\",\"wdi5\"]"}]}
RESULT: {"script":"<script> [2342 bytes]","args":[{"protocol":"http","hostname":"0.0.0.0","path":"/","capabilities":{"browserName":"chrome","goog:chromeOptions":{"binary":"C:\\Program Files\\Google\\Chrome\\Application\\chrome.exe","args":["--start-maximized"]}},"logLevel":"warn","connectionRetryTimeout":120000,"connectionRetryCount":3,"logLevels":{},"enableDirectConnect":true,"strictSSL":true,"_":"65 more keys: [\"cacheDir\",\"port\",\"requestedCapabilities\",\"automationProtocol\",\"baseUrl\",\"waitforInterval\",\"waitforTimeout\",\"onReload\",\"beforeCommand\",\"afterCommand\",\"rootDir\",\"specs\",\"suites\",\"exclude\",\"groupLogsByTestSpec\",\"excludeDriverLogs\",\"bail\",\"framework\",\"reporters\",\"services\",\"maxInstances\",\"maxInstancesPerCapability\",\"injectGlobals\",\"filesToWatch\",\"execArgv\",\"runnerEnv\",\"runner\",\"shard\",\"specFileRetries\",\"specFileRetriesDelay\",\"specFileRetriesDeferred\",\"reporterSyncInterval\",\"reporterSyncTimeout\",\"cucumberFeaturesWithLineNumbers\",\"autoCompileOpts\",\"mochaOpts\",\"jasmineOpts\",\"cucumberOpts\",\"onPrepare\",\"onWorkerStart\",\"onWorkerEnd\",\"before\",\"beforeSession\",\"beforeSuite\",\"beforeHook\",\"beforeTest\",\"afterTest\",\"afterHook\",\"afterSuite\",\"afterSession\",\"after\",\"onComplete\",\"beforeAssertion\",\"afterAssertion\",\"beforeFeature\",\"beforeScenario\",\"beforeStep\",\"afterStep\",\"afterScenario\",\"afterFeature\",\"_\",\"suite\",\"$0\",\"ignoredWorkerServices\",\"wdi5\"]"}]}
COMMAND: POST /session/457e17a5ac387caa92e8fd77ed96fa85/execute/async - {"script":"<script> [21126 bytes]","args":[35000]}
RESULT: {"script":"<script> [21126 bytes]","args":[35000]}
]]></system-out>
    </testcase>
  </testsuite>
  <testsuite timestamp="2025-05-27T17:22:06" time="464.717" tests="9" failures="0" errors="0" skipped="0">
    <properties>
      <property name="specId" value="0"/>
      <property name="suiteName" value="US134625 Set up price condition - one time"/>
      <property name="capabilities" value="chrome.136_0_7103_93.windows"/>
      <property name="file" value="file:///D:/a/1/s/test/specs/BTS/set-up-price-condition-one-time.spec.js"/>
    </properties>
    <testcase classname="chrome.136_0_7103_93.windows.US134625_Set_up_price_condition_-_one_time" name="Should create a new yard used for all following tests" time="0.142">
      <system-out><![CDATA[
COMMAND: POST /session/457e17a5ac387caa92e8fd77ed96fa85/window/fullscreen - {}
RESULT: {}
]]></system-out>
    </testcase>
    <testcase classname="chrome.136_0_7103_93.windows.US134625_Set_up_price_condition_-_one_time" name="Should create a new partner" time="0.005"/>
    <testcase classname="chrome.136_0_7103_93.windows.US134625_Set_up_price_condition_-_one_time" name="Should create a new site used for following tests" time="0.007"/>
    <testcase classname="chrome.136_0_7103_93.windows.US134625_Set_up_price_condition_-_one_time" name="Should create a new material for billing type one time" time="129.28">
      <system-out><![CDATA[
COMMAND: POST /session/457e17a5ac387caa92e8fd77ed96fa85/execute/async - {"script":"<script> [1562 bytes]","args":[{"selector":{"controlType":"sap.m.GenericTile","properties":{"header":"Manage Resources"}},"wdio_ui5_key":"sapm.GenericTile{\"header\":\"Manage Resources\"}"}]}
RESULT: {"script":"<script> [1562 bytes]","args":[{"selector":{"controlType":"sap.m.GenericTile","properties":{"header":"Manage Resources"}},"wdio_ui5_key":"sapm.GenericTile{\"header\":\"Manage Resources\"}"}]}
RESULT: undefined
COMMAND: POST /session/457e17a5ac387caa92e8fd77ed96fa85/element - {"using":"xpath","value":"//*[@id=\"__tile39\"]"}
RESULT: {"using":"xpath","value":"//*[@id=\"__tile39\"]"}
COMMAND: POST /session/457e17a5ac387caa92e8fd77ed96fa85/element/f.926BFD6822BE6588C43F56A434E828F6.d.CF304652C8735CE1CA98BB5F33D47176.e.5991/click - {}
RESULT: {}
COMMAND: GET /session/457e17a5ac387caa92e8fd77ed96fa85/screenshot - {}
RESULT: {}
COMMAND: POST /session/457e17a5ac387caa92e8fd77ed96fa85/elements - {"using":"xpath","value":"//span[text()='Error']"}
RESULT: {"using":"xpath","value":"//span[text()='Error']"}
COMMAND: POST /session/457e17a5ac387caa92e8fd77ed96fa85/element - {"using":"xpath","value":"//button[@data-kt=\"addNewRUOverflowToolbarButton\"]"}
RESULT: {"using":"xpath","value":"//button[@data-kt=\"addNewRUOverflowToolbarButton\"]"}
COMMAND: POST /session/457e17a5ac387caa92e8fd77ed96fa85/elements - {"using":"xpath","value":"//button[@data-kt=\"addNewRUOverflowToolbarButton\"]"}
RESULT: {"using":"xpath","value":"//button[@data-kt=\"addNewRUOverflowToolbarButton\"]"}
COMMAND: POST /session/457e17a5ac387caa92e8fd77ed96fa85/element - {"using":"xpath","value":"//button[@data-kt=\"addNewRUOverflowToolbarButton\"]"}
RESULT: {"using":"xpath","value":"//button[@data-kt=\"addNewRUOverflowToolbarButton\"]"}
COMMAND: POST /session/457e17a5ac387caa92e8fd77ed96fa85/execute/sync - {"script":"<script> [8489 bytes]","args":[{"element-6066-11e4-a52e-4f735466cecf":"f.926BFD6822BE6588C43F56A434E828F6.d.CF304652C8735CE1CA98BB5F33D47176.e.6139","ELEMENT":"f.926BFD6822BE6588C43F56A434E828F6.d.CF304652C8735CE1CA98BB5F33D47176.e.6139"}]}
RESULT: {"script":"<script> [8489 bytes]","args":[{"element-6066-11e4-a52e-4f735466cecf":"f.926BFD6822BE6588C43F56A434E828F6.d.CF304652C8735CE1CA98BB5F33D47176.e.6139","ELEMENT":"f.926BFD6822BE6588C43F56A434E828F6.d.CF304652C8735CE1CA98BB5F33D47176.e.6139"}]}
COMMAND: GET /session/457e17a5ac387caa92e8fd77ed96fa85/element/f.926BFD6822BE6588C43F56A434E828F6.d.CF304652C8735CE1CA98BB5F33D47176.e.6139/enabled - {}
COMMAND: GET /session/457e17a5ac387caa92e8fd77ed96fa85/screenshot - {}
RESULT: {}
COMMAND: POST /session/457e17a5ac387caa92e8fd77ed96fa85/execute/sync - {"script":"<script> [8489 bytes]","args":[{"element-6066-11e4-a52e-4f735466cecf":"f.926BFD6822BE6588C43F56A434E828F6.d.CF304652C8735CE1CA98BB5F33D47176.e.6139","ELEMENT":"f.926BFD6822BE6588C43F56A434E828F6.d.CF304652C8735CE1CA98BB5F33D47176.e.6139"}]}
COMMAND: GET /session/457e17a5ac387caa92e8fd77ed96fa85/screenshot - {}
RESULT: {}
RESULT: {"script":"<script> [8489 bytes]","args":[{"element-6066-11e4-a52e-4f735466cecf":"f.926BFD6822BE6588C43F56A434E828F6.d.CF304652C8735CE1CA98BB5F33D47176.e.6139","ELEMENT":"f.926BFD6822BE6588C43F56A434E828F6.d.CF304652C8735CE1CA98BB5F33D47176.e.6139"}]}
COMMAND: POST /session/457e17a5ac387caa92e8fd77ed96fa85/execute/sync - {"script":"<script> [5351 bytes]","args":[{"element-6066-11e4-a52e-4f735466cecf":"f.926BFD6822BE6588C43F56A434E828F6.d.CF304652C8735CE1CA98BB5F33D47176.e.6139","ELEMENT":"f.926BFD6822BE6588C43F56A434E828F6.d.CF304652C8735CE1CA98BB5F33D47176.e.6139"}]}
COMMAND: GET /session/457e17a5ac387caa92e8fd77ed96fa85/screenshot - {}
RESULT: {}
RESULT: {"script":"<script> [5351 bytes]","args":[{"element-6066-11e4-a52e-4f735466cecf":"f.926BFD6822BE6588C43F56A434E828F6.d.CF304652C8735CE1CA98BB5F33D47176.e.6139","ELEMENT":"f.926BFD6822BE6588C43F56A434E828F6.d.CF304652C8735CE1CA98BB5F33D47176.e.6139"}]}
COMMAND: POST /session/457e17a5ac387caa92e8fd77ed96fa85/element/f.926BFD6822BE6588C43F56A434E828F6.d.CF304652C8735CE1CA98BB5F33D47176.e.6139/click - {}
COMMAND: GET /session/457e17a5ac387caa92e8fd77ed96fa85/screenshot - {}
RESULT: {}
RESULT: {}
COMMAND: GET /session/457e17a5ac387caa92e8fd77ed96fa85/screenshot - {}
RESULT: {}
COMMAND: POST /session/457e17a5ac387caa92e8fd77ed96fa85/execute/async - {"script":"<script> [1562 bytes]","args":[{"selector":{"id":"application-manageresources-display-component---newResourceUnit--TYPE-arrow"},"wdio_ui5_key":"applicationmanageresources-display-component---newResourceUnit--TYPE-arrow"}]}
RESULT: {}
RESULT: {"script":"<script> [1562 bytes]","args":[{"selector":{"id":"application-manageresources-display-component---newResourceUnit--TYPE-arrow"},"wdio_ui5_key":"applicationmanageresources-display-component---newResourceUnit--TYPE-arrow"}]}
RESULT: undefined
COMMAND: POST /session/457e17a5ac387caa92e8fd77ed96fa85/element - {"using":"xpath","value":"//*[@id=\"application-manageresources-display-component---newResourceUnit--TYPE-arrow\"]"}
RESULT: {"using":"xpath","value":"//*[@id=\"application-manageresources-display-component---newResourceUnit--TYPE-arrow\"]"}
COMMAND: POST /session/457e17a5ac387caa92e8fd77ed96fa85/element/f.926BFD6822BE6588C43F56A434E828F6.d.CF304652C8735CE1CA98BB5F33D47176.e.6494/click - {}
RESULT: {}
COMMAND: POST /session/457e17a5ac387caa92e8fd77ed96fa85/element - {"using":"xpath","value":"//input[@id=\"application-manageresources-display-component---newResourceUnit--TYPE-inner\"]"}
COMMAND: GET /session/457e17a5ac387caa92e8fd77ed96fa85/screenshot - {}
RESULT: {"using":"xpath","value":"//input[@id=\"application-manageresources-display-component---newResourceUnit--TYPE-inner\"]"}
COMMAND: POST /session/457e17a5ac387caa92e8fd77ed96fa85/element/f.926BFD6822BE6588C43F56A434E828F6.d.CF304652C8735CE1CA98BB5F33D47176.e.6490/clear - {}
RESULT: {}
RESULT: {}
COMMAND: POST /session/457e17a5ac387caa92e8fd77ed96fa85/element/f.926BFD6822BE6588C43F56A434E828F6.d.CF304652C8735CE1CA98BB5F33D47176.e.6490/value - {"text":"Material"}
COMMAND: GET /session/457e17a5ac387caa92e8fd77ed96fa85/screenshot - {}
RESULT: {"text":"Material"}
COMMAND: GET /session/457e17a5ac387caa92e8fd77ed96fa85/screenshot - {}
RESULT: {}
RESULT: {}
COMMAND: POST /session/457e17a5ac387caa92e8fd77ed96fa85/actions - {"actions":[{"id":"action15","type":"key","parameters":{},"actions":[{"type":"keyDown","value":""},{"type":"pause","duration":10},{"type":"keyUp","value":""}]}]}
RESULT: {"actions":[{"id":"action15","type":"key","parameters":{},"actions":[{"type":"keyDown","value":""},{"type":"pause","duration":10},{"type":"keyUp","value":""}]}]}
COMMAND: POST /session/457e17a5ac387caa92e8fd77ed96fa85/execute/async - {"script":"<script> [1562 bytes]","args":[{"selector":{"id":"application-manageresources-display-component---newResourceUnit--SHORT_TEXT","interaction":{"idSuffix":"inner"}},"wdio_ui5_key":"applicationmanageresources-display-component---newResourceUnit--SHORT_TEXT"}]}
COMMAND: GET /session/457e17a5ac387caa92e8fd77ed96fa85/screenshot - {}
RESULT: {"script":"<script> [1562 bytes]","args":[{"selector":{"id":"application-manageresources-display-component---newResourceUnit--SHORT_TEXT","interaction":{"idSuffix":"inner"}},"wdio_ui5_key":"applicationmanageresources-display-component---newResourceUnit--SHORT_TEXT"}]}
RESULT: undefined
COMMAND: POST /session/457e17a5ac387caa92e8fd77ed96fa85/execute/async - {"script":"<script> [776 bytes]","args":[{"enterText":"Cement WDIO","selector":{"id":"application-manageresources-display-component---newResourceUnit--SHORT_TEXT","interaction":{"idSuffix":"inner"}},"clearTextFirst":true,"interactionType":"ENTER_TEXT"}]}
RESULT: {}
RESULT: {"script":"<script> [776 bytes]","args":[{"enterText":"Cement WDIO","selector":{"id":"application-manageresources-display-component---newResourceUnit--SHORT_TEXT","interaction":{"idSuffix":"inner"}},"clearTextFirst":true,"interactionType":"ENTER_TEXT"}]}
COMMAND: POST /session/457e17a5ac387caa92e8fd77ed96fa85/execute/async - {"script":"<script> [1562 bytes]","args":[{"selector":{"id":"application-manageresources-display-component---newResourceUnit--BASE_UNIT_OF_MEASURE","interaction":{"idSuffix":"inner"}},"wdio_ui5_key":"applicationmanageresources-display-component---newResourceUnit--BASE_UNIT_OF_MEASURE"}]}
RESULT: {"script":"<script> [1562 bytes]","args":[{"selector":{"id":"application-manageresources-display-component---newResourceUnit--BASE_UNIT_OF_MEASURE","interaction":{"idSuffix":"inner"}},"wdio_ui5_key":"applicationmanageresources-display-component---newResourceUnit--BASE_UNIT_OF_MEASURE"}]}
RESULT: undefined
COMMAND: POST /session/457e17a5ac387caa92e8fd77ed96fa85/execute/async - {"script":"<script> [776 bytes]","args":[{"enterText":"Piece","selector":{"id":"application-manageresources-display-component---newResourceUnit--BASE_UNIT_OF_MEASURE","interaction":{"idSuffix":"inner"}},"clearTextFirst":true,"interactionType":"ENTER_TEXT"}]}
RESULT: {"script":"<script> [776 bytes]","args":[{"enterText":"Piece","selector":{"id":"application-manageresources-display-component---newResourceUnit--BASE_UNIT_OF_MEASURE","interaction":{"idSuffix":"inner"}},"clearTextFirst":true,"interactionType":"ENTER_TEXT"}]}
COMMAND: POST /session/457e17a5ac387caa92e8fd77ed96fa85/execute/async - {"script":"<script> [1562 bytes]","args":[{"selector":{"id":"application-manageresources-display-component---newResourceUnit--WEIGHT_UNIT","interaction":{"idSuffix":"inner"}},"wdio_ui5_key":"applicationmanageresources-display-component---newResourceUnit--WEIGHT_UNIT"}]}
RESULT: {"script":"<script> [1562 bytes]","args":[{"selector":{"id":"application-manageresources-display-component---newResourceUnit--WEIGHT_UNIT","interaction":{"idSuffix":"inner"}},"wdio_ui5_key":"applicationmanageresources-display-component---newResourceUnit--WEIGHT_UNIT"}]}
RESULT: undefined
COMMAND: POST /session/457e17a5ac387caa92e8fd77ed96fa85/execute/async - {"script":"<script> [776 bytes]","args":[{"enterText":"Gram","selector":{"id":"application-manageresources-display-component---newResourceUnit--WEIGHT_UNIT","interaction":{"idSuffix":"inner"}},"clearTextFirst":true,"interactionType":"ENTER_TEXT"}]}
RESULT: {"script":"<script> [776 bytes]","args":[{"enterText":"Gram","selector":{"id":"application-manageresources-display-component---newResourceUnit--WEIGHT_UNIT","interaction":{"idSuffix":"inner"}},"clearTextFirst":true,"interactionType":"ENTER_TEXT"}]}
COMMAND: POST /session/457e17a5ac387caa92e8fd77ed96fa85/execute/async - {"script":"<script> [1562 bytes]","args":[{"selector":{"id":"application-manageresources-display-component---newResourceUnit--DIMENSION_UNIT","interaction":{"idSuffix":"inner"}},"wdio_ui5_key":"applicationmanageresources-display-component---newResourceUnit--DIMENSION_UNIT"}]}
RESULT: {"script":"<script> [1562 bytes]","args":[{"selector":{"id":"application-manageresources-display-component---newResourceUnit--DIMENSION_UNIT","interaction":{"idSuffix":"inner"}},"wdio_ui5_key":"applicationmanageresources-display-component---newResourceUnit--DIMENSION_UNIT"}]}
RESULT: undefined
COMMAND: POST /session/457e17a5ac387caa92e8fd77ed96fa85/execute/async - {"script":"<script> [776 bytes]","args":[{"enterText":"Meter","selector":{"id":"application-manageresources-display-component---newResourceUnit--DIMENSION_UNIT","interaction":{"idSuffix":"inner"}},"clearTextFirst":true,"interactionType":"ENTER_TEXT"}]}
RESULT: {"script":"<script> [776 bytes]","args":[{"enterText":"Meter","selector":{"id":"application-manageresources-display-component---newResourceUnit--DIMENSION_UNIT","interaction":{"idSuffix":"inner"}},"clearTextFirst":true,"interactionType":"ENTER_TEXT"}]}
COMMAND: POST /session/457e17a5ac387caa92e8fd77ed96fa85/execute/async - {"script":"<script> [1562 bytes]","args":[{"selector":{"id":"application-manageresources-display-component---newResourceUnit--newRRUPage-anchBar-application-manageresources-display-component---newResourceUnit--control-anchor","interaction":{"idSuffix":"BDI-content"}},"wdio_ui5_key":"applicationmanageresources-display-component---newResourceUnit--newRRUPage-anchBar-application-manageresources-display-component---newResourceUnit--control-anchor"}]}
RESULT: {"script":"<script> [1562 bytes]","args":[{"selector":{"id":"application-manageresources-display-component---newResourceUnit--newRRUPage-anchBar-application-manageresources-display-component---newResourceUnit--control-anchor","interaction":{"idSuffix":"BDI-content"}},"wdio_ui5_key":"applicationmanageresources-display-component---newResourceUnit--newRRUPage-anchBar-application-manageresources-display-component---newResourceUnit--control-anchor"}]}
RESULT: undefined
COMMAND: POST /session/457e17a5ac387caa92e8fd77ed96fa85/element - {"using":"xpath","value":"//*[@id=\"application-manageresources-display-component---newResourceUnit--newRRUPage-anchBar-application-manageresources-display-component---newResourceUnit--control-anchor\"]"}
RESULT: {"using":"xpath","value":"//*[@id=\"application-manageresources-display-component---newResourceUnit--newRRUPage-anchBar-application-manageresources-display-component---newResourceUnit--control-anchor\"]"}
COMMAND: POST /session/457e17a5ac387caa92e8fd77ed96fa85/element/f.926BFD6822BE6588C43F56A434E828F6.d.CF304652C8735CE1CA98BB5F33D47176.e.6627/click - {}
RESULT: {}
COMMAND: POST /session/457e17a5ac387caa92e8fd77ed96fa85/execute/async - {"script":"<script> [1562 bytes]","args":[{"selector":{"id":"application-manageresources-display-component---newResourceUnit--PLANNING_GROUP","interaction":{"idSuffix":"inner"}},"wdio_ui5_key":"applicationmanageresources-display-component---newResourceUnit--PLANNING_GROUP"}]}
COMMAND: GET /session/457e17a5ac387caa92e8fd77ed96fa85/screenshot - {}
RESULT: {"script":"<script> [1562 bytes]","args":[{"selector":{"id":"application-manageresources-display-component---newResourceUnit--PLANNING_GROUP","interaction":{"idSuffix":"inner"}},"wdio_ui5_key":"applicationmanageresources-display-component---newResourceUnit--PLANNING_GROUP"}]}
RESULT: undefined
COMMAND: POST /session/457e17a5ac387caa92e8fd77ed96fa85/execute/async - {"script":"<script> [776 bytes]","args":[{"enterText":"Material","selector":{"id":"application-manageresources-display-component---newResourceUnit--PLANNING_GROUP","interaction":{"idSuffix":"inner"}},"clearTextFirst":true,"interactionType":"ENTER_TEXT"}]}
RESULT: {}
RESULT: {"script":"<script> [776 bytes]","args":[{"enterText":"Material","selector":{"id":"application-manageresources-display-component---newResourceUnit--PLANNING_GROUP","interaction":{"idSuffix":"inner"}},"clearTextFirst":true,"interactionType":"ENTER_TEXT"}]}
COMMAND: POST /session/457e17a5ac387caa92e8fd77ed96fa85/execute/async - {"script":"<script> [1562 bytes]","args":[{"selector":{"id":"application-manageresources-display-component---newResourceUnit--PLANNING_INDICATOR","interaction":{"idSuffix":"inner"}},"wdio_ui5_key":"applicationmanageresources-display-component---newResourceUnit--PLANNING_INDICATOR"}]}
RESULT: {"script":"<script> [1562 bytes]","args":[{"selector":{"id":"application-manageresources-display-component---newResourceUnit--PLANNING_INDICATOR","interaction":{"idSuffix":"inner"}},"wdio_ui5_key":"applicationmanageresources-display-component---newResourceUnit--PLANNING_INDICATOR"}]}
RESULT: undefined
COMMAND: POST /session/457e17a5ac387caa92e8fd77ed96fa85/execute/async - {"script":"<script> [776 bytes]","args":[{"enterText":"10 - infinite","selector":{"id":"application-manageresources-display-component---newResourceUnit--PLANNING_INDICATOR","interaction":{"idSuffix":"inner"}},"clearTextFirst":true,"interactionType":"ENTER_TEXT"}]}
RESULT: {"script":"<script> [776 bytes]","args":[{"enterText":"10 - infinite","selector":{"id":"application-manageresources-display-component---newResourceUnit--PLANNING_INDICATOR","interaction":{"idSuffix":"inner"}},"clearTextFirst":true,"interactionType":"ENTER_TEXT"}]}
COMMAND: POST /session/457e17a5ac387caa92e8fd77ed96fa85/element - {"using":"css selector","value":"#application-manageresources-display-component---newResourceUnit--btnAddTimeSegment"}
RESULT: {"using":"css selector","value":"#application-manageresources-display-component---newResourceUnit--btnAddTimeSegment"}
COMMAND: GET /session/457e17a5ac387caa92e8fd77ed96fa85/element/f.926BFD6822BE6588C43F56A434E828F6.d.CF304652C8735CE1CA98BB5F33D47176.e.6637/rect - {}
RESULT: {}
COMMAND: GET /session/457e17a5ac387caa92e8fd77ed96fa85/window/rect - {}
RESULT: {}
COMMAND: POST /session/457e17a5ac387caa92e8fd77ed96fa85/execute/sync - {"script":"<script> [92 bytes]","args":[]}
RESULT: {"script":"<script> [92 bytes]","args":[]}
COMMAND: POST /session/457e17a5ac387caa92e8fd77ed96fa85/actions - {"actions":[{"id":"action16","type":"wheel","parameters":{},"actions":[{"type":"scroll","x":-1888,"y":-32,"deltaX":0,"deltaY":0,"duration":0,"origin":{"element-6066-11e4-a52e-4f735466cecf":"f.926BFD6822BE6588C43F56A434E828F6.d.CF304652C8735CE1CA98BB5F33D47176.e.6637"}}]}]}
COMMAND: GET /session/457e17a5ac387caa92e8fd77ed96fa85/screenshot - {}
RESULT: {}
COMMAND: POST /session/457e17a5ac387caa92e8fd77ed96fa85/execute/sync - {"script":"<script> [79 bytes]","args":[{"element-6066-11e4-a52e-4f735466cecf":"f.926BFD6822BE6588C43F56A434E828F6.d.CF304652C8735CE1CA98BB5F33D47176.e.6637","ELEMENT":"f.926BFD6822BE6588C43F56A434E828F6.d.CF304652C8735CE1CA98BB5F33D47176.e.6637"},{"block":"start","inline":"nearest"}]}
RESULT: {"script":"<script> [79 bytes]","args":[{"element-6066-11e4-a52e-4f735466cecf":"f.926BFD6822BE6588C43F56A434E828F6.d.CF304652C8735CE1CA98BB5F33D47176.e.6637","ELEMENT":"f.926BFD6822BE6588C43F56A434E828F6.d.CF304652C8735CE1CA98BB5F33D47176.e.6637"},{"block":"start","inline":"nearest"}]}
COMMAND: POST /session/457e17a5ac387caa92e8fd77ed96fa85/execute/async - {"script":"<script> [1562 bytes]","args":[{"selector":{"id":"application-manageresources-display-component---newResourceUnit--btnAddTimeSegment","interaction":{"idSuffix":"inner"}},"wdio_ui5_key":"applicationmanageresources-display-component---newResourceUnit--btnAddTimeSegment"}]}
COMMAND: GET /session/457e17a5ac387caa92e8fd77ed96fa85/screenshot - {}
RESULT: {"script":"<script> [1562 bytes]","args":[{"selector":{"id":"application-manageresources-display-component---newResourceUnit--btnAddTimeSegment","interaction":{"idSuffix":"inner"}},"wdio_ui5_key":"applicationmanageresources-display-component---newResourceUnit--btnAddTimeSegment"}]}
RESULT: undefined
COMMAND: POST /session/457e17a5ac387caa92e8fd77ed96fa85/element - {"using":"xpath","value":"//*[@id=\"application-manageresources-display-component---newResourceUnit--btnAddTimeSegment\"]"}
RESULT: {}
RESULT: {"using":"xpath","value":"//*[@id=\"application-manageresources-display-component---newResourceUnit--btnAddTimeSegment\"]"}
COMMAND: POST /session/457e17a5ac387caa92e8fd77ed96fa85/element/f.926BFD6822BE6588C43F56A434E828F6.d.CF304652C8735CE1CA98BB5F33D47176.e.6637/click - {}
RESULT: {}
COMMAND: GET /session/457e17a5ac387caa92e8fd77ed96fa85/screenshot - {}
RESULT: {}
COMMAND: POST /session/457e17a5ac387caa92e8fd77ed96fa85/element - {"using":"xpath","value":"//input[@id=\"application-manageresources-display-component---newResourceUnit--idRuTSAdmin-application-manageresources-display-component---newResourceUnit--RUTimeSegment-0-inner\"]"}
RESULT: {"using":"xpath","value":"//input[@id=\"application-manageresources-display-component---newResourceUnit--idRuTSAdmin-application-manageresources-display-component---newResourceUnit--RUTimeSegment-0-inner\"]"}
COMMAND: POST /session/457e17a5ac387caa92e8fd77ed96fa85/element/f.926BFD6822BE6588C43F56A434E828F6.d.CF304652C8735CE1CA98BB5F33D47176.e.6642/clear - {}
RESULT: {}
COMMAND: POST /session/457e17a5ac387caa92e8fd77ed96fa85/element/f.926BFD6822BE6588C43F56A434E828F6.d.CF304652C8735CE1CA98BB5F33D47176.e.6642/value - {"text":"394"}
COMMAND: GET /session/457e17a5ac387caa92e8fd77ed96fa85/screenshot - {}
RESULT: {"text":"394"}
COMMAND: GET /session/457e17a5ac387caa92e8fd77ed96fa85/screenshot - {}
RESULT: {}
RESULT: {}
COMMAND: POST /session/457e17a5ac387caa92e8fd77ed96fa85/element - {"using":"xpath","value":"//li[.//span[text()='394']]"}
RESULT: {"using":"xpath","value":"//li[.//span[text()='394']]"}
COMMAND: POST /session/457e17a5ac387caa92e8fd77ed96fa85/element/f.926BFD6822BE6588C43F56A434E828F6.d.CF304652C8735CE1CA98BB5F33D47176.e.6652/click - {}
RESULT: {}
COMMAND: GET /session/457e17a5ac387caa92e8fd77ed96fa85/screenshot - {}
RESULT: {}
COMMAND: POST /session/457e17a5ac387caa92e8fd77ed96fa85/element - {"using":"xpath","value":"(//span[contains(@id, \"-application-manageresources-display-component---newResourceUnit--RUTimeSegment-0-arrow\")])[2]"}
RESULT: {"using":"xpath","value":"(//span[contains(@id, \"-application-manageresources-display-component---newResourceUnit--RUTimeSegment-0-arrow\")])[2]"}
COMMAND: POST /session/457e17a5ac387caa92e8fd77ed96fa85/element/f.926BFD6822BE6588C43F56A434E828F6.d.CF304652C8735CE1CA98BB5F33D47176.e.6653/click - {}
RESULT: {}
COMMAND: POST /session/457e17a5ac387caa92e8fd77ed96fa85/element - {"using":"xpath","value":"//span[contains(text(), \"PM Order\")]"}
COMMAND: GET /session/457e17a5ac387caa92e8fd77ed96fa85/screenshot - {}
RESULT: {"using":"xpath","value":"//span[contains(text(), \"PM Order\")]"}
COMMAND: POST /session/457e17a5ac387caa92e8fd77ed96fa85/element/f.926BFD6822BE6588C43F56A434E828F6.d.CF304652C8735CE1CA98BB5F33D47176.e.6654/click - {}
RESULT: {}
RESULT: {}
COMMAND: GET /session/457e17a5ac387caa92e8fd77ed96fa85/screenshot - {}
RESULT: {}
COMMAND: POST /session/457e17a5ac387caa92e8fd77ed96fa85/element - {"using":"xpath","value":"//td/div/div/div/span[contains(@id, \"newResourceUnit--RUTimeSegment-0-vhi\")][1]"}
RESULT: {"using":"xpath","value":"//td/div/div/div/span[contains(@id, \"newResourceUnit--RUTimeSegment-0-vhi\")][1]"}
COMMAND: GET /session/457e17a5ac387caa92e8fd77ed96fa85/element/f.926BFD6822BE6588C43F56A434E828F6.d.CF304652C8735CE1CA98BB5F33D47176.e.6658/rect - {}
RESULT: {}
COMMAND: GET /session/457e17a5ac387caa92e8fd77ed96fa85/window/rect - {}
RESULT: {}
COMMAND: POST /session/457e17a5ac387caa92e8fd77ed96fa85/execute/sync - {"script":"<script> [92 bytes]","args":[]}
RESULT: {"script":"<script> [92 bytes]","args":[]}
COMMAND: POST /session/457e17a5ac387caa92e8fd77ed96fa85/actions - {"actions":[{"id":"action17","type":"wheel","parameters":{},"actions":[{"type":"scroll","x":-1888,"y":-24,"deltaX":0,"deltaY":0,"duration":0,"origin":{"element-6066-11e4-a52e-4f735466cecf":"f.926BFD6822BE6588C43F56A434E828F6.d.CF304652C8735CE1CA98BB5F33D47176.e.6658"}}]}]}
COMMAND: GET /session/457e17a5ac387caa92e8fd77ed96fa85/screenshot - {}
RESULT: {}
COMMAND: POST /session/457e17a5ac387caa92e8fd77ed96fa85/execute/sync - {"script":"<script> [79 bytes]","args":[{"element-6066-11e4-a52e-4f735466cecf":"f.926BFD6822BE6588C43F56A434E828F6.d.CF304652C8735CE1CA98BB5F33D47176.e.6658","ELEMENT":"f.926BFD6822BE6588C43F56A434E828F6.d.CF304652C8735CE1CA98BB5F33D47176.e.6658"},{"block":"start","inline":"nearest"}]}
RESULT: {"script":"<script> [79 bytes]","args":[{"element-6066-11e4-a52e-4f735466cecf":"f.926BFD6822BE6588C43F56A434E828F6.d.CF304652C8735CE1CA98BB5F33D47176.e.6658","ELEMENT":"f.926BFD6822BE6588C43F56A434E828F6.d.CF304652C8735CE1CA98BB5F33D47176.e.6658"},{"block":"start","inline":"nearest"}]}
COMMAND: GET /session/457e17a5ac387caa92e8fd77ed96fa85/screenshot - {}
RESULT: {}
COMMAND: POST /session/457e17a5ac387caa92e8fd77ed96fa85/element/f.926BFD6822BE6588C43F56A434E828F6.d.CF304652C8735CE1CA98BB5F33D47176.e.6658/click - {}
RESULT: {}
COMMAND: GET /session/457e17a5ac387caa92e8fd77ed96fa85/screenshot - {}
RESULT: {}
COMMAND: POST /session/457e17a5ac387caa92e8fd77ed96fa85/execute/async - {"script":"<script> [1562 bytes]","args":[{"selector":{"controlType":"sap.m.SearchField","properties":{"placeholder":"Search"},"searchOpenDialogs":true,"interaction":{"idSuffix":"I"}},"wdio_ui5_key":"sapm.SearchField{\"placeholder\":\"Search\"}"}]}
RESULT: {"script":"<script> [1562 bytes]","args":[{"selector":{"controlType":"sap.m.SearchField","properties":{"placeholder":"Search"},"searchOpenDialogs":true,"interaction":{"idSuffix":"I"}},"wdio_ui5_key":"sapm.SearchField{\"placeholder\":\"Search\"}"}]}
RESULT: undefined
COMMAND: POST /session/457e17a5ac387caa92e8fd77ed96fa85/execute/async - {"script":"<script> [776 bytes]","args":[{"enterText":"4000360","selector":{"controlType":"sap.m.SearchField","properties":{"placeholder":"Search"},"searchOpenDialogs":true,"interaction":{"idSuffix":"I"}},"clearTextFirst":true,"interactionType":"ENTER_TEXT"}]}
RESULT: {"script":"<script> [776 bytes]","args":[{"enterText":"4000360","selector":{"controlType":"sap.m.SearchField","properties":{"placeholder":"Search"},"searchOpenDialogs":true,"interaction":{"idSuffix":"I"}},"clearTextFirst":true,"interactionType":"ENTER_TEXT"}]}
COMMAND: POST /session/457e17a5ac387caa92e8fd77ed96fa85/actions - {"actions":[{"id":"action18","type":"key","parameters":{},"actions":[{"type":"keyDown","value":""},{"type":"pause","duration":10},{"type":"keyUp","value":""}]}]}
RESULT: {"actions":[{"id":"action18","type":"key","parameters":{},"actions":[{"type":"keyDown","value":""},{"type":"pause","duration":10},{"type":"keyUp","value":""}]}]}
COMMAND: GET /session/457e17a5ac387caa92e8fd77ed96fa85/screenshot - {}
RESULT: {}
COMMAND: POST /session/457e17a5ac387caa92e8fd77ed96fa85/element - {"using":"xpath","value":"//td/div/span[contains(text(), \"BGL Vehicles\")]"}
RESULT: {"using":"xpath","value":"//td/div/span[contains(text(), \"BGL Vehicles\")]"}
COMMAND: POST /session/457e17a5ac387caa92e8fd77ed96fa85/element/f.926BFD6822BE6588C43F56A434E828F6.d.CF304652C8735CE1CA98BB5F33D47176.e.6681/click - {}
RESULT: {}
COMMAND: GET /session/457e17a5ac387caa92e8fd77ed96fa85/screenshot - {}
RESULT: {}
COMMAND: POST /session/457e17a5ac387caa92e8fd77ed96fa85/element - {"using":"xpath","value":"//bdi[contains(text(), \"OK\")]"}
RESULT: {"using":"xpath","value":"//bdi[contains(text(), \"OK\")]"}
COMMAND: POST /session/457e17a5ac387caa92e8fd77ed96fa85/element/f.926BFD6822BE6588C43F56A434E828F6.d.CF304652C8735CE1CA98BB5F33D47176.e.6682/click - {}
RESULT: {}
COMMAND: GET /session/457e17a5ac387caa92e8fd77ed96fa85/screenshot - {}
RESULT: {}
COMMAND: POST /session/457e17a5ac387caa92e8fd77ed96fa85/element - {"using":"xpath","value":"//label[contains(@class, 'sapMLabelRequired') and .//bdi[contains(text(), 'Planned Retirement')]]"}
RESULT: {"using":"xpath","value":"//label[contains(@class, 'sapMLabelRequired') and .//bdi[contains(text(), 'Planned Retirement')]]"}
COMMAND: POST /session/457e17a5ac387caa92e8fd77ed96fa85/elements - {"using":"xpath","value":"//label[contains(@class, 'sapMLabelRequired') and .//bdi[contains(text(), 'Planned Retirement')]]"}
RESULT: {"using":"xpath","value":"//label[contains(@class, 'sapMLabelRequired') and .//bdi[contains(text(), 'Planned Retirement')]]"}
COMMAND: POST /session/457e17a5ac387caa92e8fd77ed96fa85/element - {"using":"xpath","value":"//button[@data-kt=\"resourceUnitSaveButton\"]"}
RESULT: {"using":"xpath","value":"//button[@data-kt=\"resourceUnitSaveButton\"]"}
COMMAND: POST /session/457e17a5ac387caa92e8fd77ed96fa85/element/f.926BFD6822BE6588C43F56A434E828F6.d.CF304652C8735CE1CA98BB5F33D47176.e.6513/click - {}
RESULT: {}
COMMAND: GET /session/457e17a5ac387caa92e8fd77ed96fa85/screenshot - {}
RESULT: {}
COMMAND: POST /session/457e17a5ac387caa92e8fd77ed96fa85/element - {"using":"xpath","value":"//bdi[contains(text(), \"Close\")]"}
RESULT: {"using":"xpath","value":"//bdi[contains(text(), \"Close\")]"}
COMMAND: POST /session/457e17a5ac387caa92e8fd77ed96fa85/element/f.926BFD6822BE6588C43F56A434E828F6.d.CF304652C8735CE1CA98BB5F33D47176.e.6689/click - {}
RESULT: {}
COMMAND: GET /session/457e17a5ac387caa92e8fd77ed96fa85/screenshot - {}
RESULT: {}
COMMAND: POST /session/457e17a5ac387caa92e8fd77ed96fa85/element - {"using":"xpath","value":"//header[contains(@id, 'detailRruPage-headerTitle')]/div[1]/div[2]/div[2]/span[1]"}
RESULT: {"using":"xpath","value":"//header[contains(@id, 'detailRruPage-headerTitle')]/div[1]/div[2]/div[2]/span[1]"}
COMMAND: POST /session/457e17a5ac387caa92e8fd77ed96fa85/elements - {"using":"xpath","value":"//header[contains(@id, 'detailRruPage-headerTitle')]/div[1]/div[2]/div[2]/span[1]"}
RESULT: {"using":"xpath","value":"//header[contains(@id, 'detailRruPage-headerTitle')]/div[1]/div[2]/div[2]/span[1]"}
COMMAND: POST /session/457e17a5ac387caa92e8fd77ed96fa85/execute/sync - {"script":"<script> [56 bytes]","args":[{"element-6066-11e4-a52e-4f735466cecf":"f.926BFD6822BE6588C43F56A434E828F6.d.CF304652C8735CE1CA98BB5F33D47176.e.6717","ELEMENT":"f.926BFD6822BE6588C43F56A434E828F6.d.CF304652C8735CE1CA98BB5F33D47176.e.6717"}]}
RESULT: {"script":"<script> [56 bytes]","args":[{"element-6066-11e4-a52e-4f735466cecf":"f.926BFD6822BE6588C43F56A434E828F6.d.CF304652C8735CE1CA98BB5F33D47176.e.6717","ELEMENT":"f.926BFD6822BE6588C43F56A434E828F6.d.CF304652C8735CE1CA98BB5F33D47176.e.6717"}]}
]]></system-out>
    </testcase>
    <testcase classname="chrome.136_0_7103_93.windows.US134625_Set_up_price_condition_-_one_time" name="Should create new pricing rule one time" time="62.857">
      <system-out><![CDATA[
COMMAND: POST /session/457e17a5ac387caa92e8fd77ed96fa85/element - {"using":"xpath","value":"(//button[contains(@id ,\"actionsToolbar-overflowButton\")])[1]"}
COMMAND: GET /session/457e17a5ac387caa92e8fd77ed96fa85/screenshot - {}
RESULT: {"using":"xpath","value":"(//button[contains(@id ,\"actionsToolbar-overflowButton\")])[1]"}
COMMAND: POST /session/457e17a5ac387caa92e8fd77ed96fa85/element/f.926BFD6822BE6588C43F56A434E828F6.d.CF304652C8735CE1CA98BB5F33D47176.e.6718/click - {}
RESULT: {}
RESULT: {}
COMMAND: GET /session/457e17a5ac387caa92e8fd77ed96fa85/screenshot - {}
RESULT: {}
COMMAND: POST /session/457e17a5ac387caa92e8fd77ed96fa85/element - {"using":"xpath","value":"//button[@data-kt=\"priceInfoButton\"]"}
RESULT: {"using":"xpath","value":"//button[@data-kt=\"priceInfoButton\"]"}
COMMAND: POST /session/457e17a5ac387caa92e8fd77ed96fa85/element/f.926BFD6822BE6588C43F56A434E828F6.d.CF304652C8735CE1CA98BB5F33D47176.e.6720/click - {}
RESULT: {}
COMMAND: GET /session/457e17a5ac387caa92e8fd77ed96fa85/screenshot - {}
RESULT: {}
COMMAND: POST /session/457e17a5ac387caa92e8fd77ed96fa85/element - {"using":"xpath","value":"//button[@data-kt=\"addButton\"]"}
RESULT: {"using":"xpath","value":"//button[@data-kt=\"addButton\"]"}
COMMAND: POST /session/457e17a5ac387caa92e8fd77ed96fa85/elements - {"using":"xpath","value":"//button[@data-kt=\"addButton\"]"}
RESULT: {"using":"xpath","value":"//button[@data-kt=\"addButton\"]"}
COMMAND: POST /session/457e17a5ac387caa92e8fd77ed96fa85/elements - {"using":"xpath","value":"//button[@data-kt=\"addButton\"]"}
RESULT: {"using":"xpath","value":"//button[@data-kt=\"addButton\"]"}
COMMAND: POST /session/457e17a5ac387caa92e8fd77ed96fa85/element - {"using":"xpath","value":"//button[@data-kt=\"addButton\"]"}
RESULT: {"using":"xpath","value":"//button[@data-kt=\"addButton\"]"}
COMMAND: POST /session/457e17a5ac387caa92e8fd77ed96fa85/execute/sync - {"script":"<script> [8489 bytes]","args":[{"element-6066-11e4-a52e-4f735466cecf":"f.926BFD6822BE6588C43F56A434E828F6.d.CF304652C8735CE1CA98BB5F33D47176.e.6757","ELEMENT":"f.926BFD6822BE6588C43F56A434E828F6.d.CF304652C8735CE1CA98BB5F33D47176.e.6757"}]}
RESULT: {"script":"<script> [8489 bytes]","args":[{"element-6066-11e4-a52e-4f735466cecf":"f.926BFD6822BE6588C43F56A434E828F6.d.CF304652C8735CE1CA98BB5F33D47176.e.6757","ELEMENT":"f.926BFD6822BE6588C43F56A434E828F6.d.CF304652C8735CE1CA98BB5F33D47176.e.6757"}]}
COMMAND: GET /session/457e17a5ac387caa92e8fd77ed96fa85/element/f.926BFD6822BE6588C43F56A434E828F6.d.CF304652C8735CE1CA98BB5F33D47176.e.6757/enabled - {}
COMMAND: GET /session/457e17a5ac387caa92e8fd77ed96fa85/screenshot - {}
RESULT: {}
COMMAND: POST /session/457e17a5ac387caa92e8fd77ed96fa85/execute/sync - {"script":"<script> [8489 bytes]","args":[{"element-6066-11e4-a52e-4f735466cecf":"f.926BFD6822BE6588C43F56A434E828F6.d.CF304652C8735CE1CA98BB5F33D47176.e.6757","ELEMENT":"f.926BFD6822BE6588C43F56A434E828F6.d.CF304652C8735CE1CA98BB5F33D47176.e.6757"}]}
COMMAND: GET /session/457e17a5ac387caa92e8fd77ed96fa85/screenshot - {}
RESULT: {}
RESULT: {"script":"<script> [8489 bytes]","args":[{"element-6066-11e4-a52e-4f735466cecf":"f.926BFD6822BE6588C43F56A434E828F6.d.CF304652C8735CE1CA98BB5F33D47176.e.6757","ELEMENT":"f.926BFD6822BE6588C43F56A434E828F6.d.CF304652C8735CE1CA98BB5F33D47176.e.6757"}]}
COMMAND: POST /session/457e17a5ac387caa92e8fd77ed96fa85/execute/sync - {"script":"<script> [5351 bytes]","args":[{"element-6066-11e4-a52e-4f735466cecf":"f.926BFD6822BE6588C43F56A434E828F6.d.CF304652C8735CE1CA98BB5F33D47176.e.6757","ELEMENT":"f.926BFD6822BE6588C43F56A434E828F6.d.CF304652C8735CE1CA98BB5F33D47176.e.6757"}]}
COMMAND: GET /session/457e17a5ac387caa92e8fd77ed96fa85/screenshot - {}
RESULT: {}
RESULT: {"script":"<script> [5351 bytes]","args":[{"element-6066-11e4-a52e-4f735466cecf":"f.926BFD6822BE6588C43F56A434E828F6.d.CF304652C8735CE1CA98BB5F33D47176.e.6757","ELEMENT":"f.926BFD6822BE6588C43F56A434E828F6.d.CF304652C8735CE1CA98BB5F33D47176.e.6757"}]}
COMMAND: POST /session/457e17a5ac387caa92e8fd77ed96fa85/element/f.926BFD6822BE6588C43F56A434E828F6.d.CF304652C8735CE1CA98BB5F33D47176.e.6757/click - {}
COMMAND: GET /session/457e17a5ac387caa92e8fd77ed96fa85/screenshot - {}
RESULT: {}
RESULT: {}
COMMAND: GET /session/457e17a5ac387caa92e8fd77ed96fa85/screenshot - {}
RESULT: {}
RESULT: {}
COMMAND: POST /session/457e17a5ac387caa92e8fd77ed96fa85/execute/async - {"script":"<script> [1562 bytes]","args":[{"selector":{"controlType":"sap.m.Title","viewName":"etm.portal.ui.managepricingrules.view.NewItem","viewId":"application-managepricingrules-display-component---newInfoPriceItem","properties":{"text":"New Pricing Rules - Item Level"}},"wdio_ui5_key":"etmportal.ui.managepricingrules.view.NewItemsap.m.Title{\"text\":\"New Pricing Rules - Item Level\"}"}]}
RESULT: {"script":"<script> [1562 bytes]","args":[{"selector":{"controlType":"sap.m.Title","viewName":"etm.portal.ui.managepricingrules.view.NewItem","viewId":"application-managepricingrules-display-component---newInfoPriceItem","properties":{"text":"New Pricing Rules - Item Level"}},"wdio_ui5_key":"etmportal.ui.managepricingrules.view.NewItemsap.m.Title{\"text\":\"New Pricing Rules - Item Level\"}"}]}
RESULT: undefined
COMMAND: POST /session/457e17a5ac387caa92e8fd77ed96fa85/execute/async - {"script":"<script> [6424 bytes]","args":[{"element-6066-11e4-a52e-4f735466cecf":"f.926BFD6822BE6588C43F56A434E828F6.d.CF304652C8735CE1CA98BB5F33D47176.e.6841"},"getText",[]]}
RESULT: {"script":"<script> [6424 bytes]","args":[{"element-6066-11e4-a52e-4f735466cecf":"f.926BFD6822BE6588C43F56A434E828F6.d.CF304652C8735CE1CA98BB5F33D47176.e.6841"},"getText",[]]}
COMMAND: POST /session/457e17a5ac387caa92e8fd77ed96fa85/execute/async - {"script":"<script> [1562 bytes]","args":[{"selector":{"id":"application-managepricingrules-display-component---newInfoPriceItem--condValidTo","interaction":{"idSuffix":"inner"}},"wdio_ui5_key":"applicationmanagepricingrules-display-component---newInfoPriceItem--condValidTo"}]}
RESULT: {"script":"<script> [1562 bytes]","args":[{"selector":{"id":"application-managepricingrules-display-component---newInfoPriceItem--condValidTo","interaction":{"idSuffix":"inner"}},"wdio_ui5_key":"applicationmanagepricingrules-display-component---newInfoPriceItem--condValidTo"}]}
RESULT: undefined
COMMAND: POST /session/457e17a5ac387caa92e8fd77ed96fa85/execute/async - {"script":"<script> [776 bytes]","args":[{"enterText":"1/27/26","selector":{"id":"application-managepricingrules-display-component---newInfoPriceItem--condValidTo","interaction":{"idSuffix":"inner"}},"clearTextFirst":true,"interactionType":"ENTER_TEXT"}]}
RESULT: {"script":"<script> [776 bytes]","args":[{"enterText":"1/27/26","selector":{"id":"application-managepricingrules-display-component---newInfoPriceItem--condValidTo","interaction":{"idSuffix":"inner"}},"clearTextFirst":true,"interactionType":"ENTER_TEXT"}]}
COMMAND: POST /session/457e17a5ac387caa92e8fd77ed96fa85/execute/async - {"script":"<script> [1562 bytes]","args":[{"selector":{"id":"application-managepricingrules-display-component---newInfoPriceItem--billType-arrow"},"wdio_ui5_key":"applicationmanagepricingrules-display-component---newInfoPriceItem--billType-arrow"}]}
RESULT: {"script":"<script> [1562 bytes]","args":[{"selector":{"id":"application-managepricingrules-display-component---newInfoPriceItem--billType-arrow"},"wdio_ui5_key":"applicationmanagepricingrules-display-component---newInfoPriceItem--billType-arrow"}]}
RESULT: undefined
COMMAND: POST /session/457e17a5ac387caa92e8fd77ed96fa85/element - {"using":"xpath","value":"//*[@id=\"application-managepricingrules-display-component---newInfoPriceItem--billType-arrow\"]"}
RESULT: {"using":"xpath","value":"//*[@id=\"application-managepricingrules-display-component---newInfoPriceItem--billType-arrow\"]"}
COMMAND: POST /session/457e17a5ac387caa92e8fd77ed96fa85/element/f.926BFD6822BE6588C43F56A434E828F6.d.CF304652C8735CE1CA98BB5F33D47176.e.6843/click - {}
RESULT: {}
COMMAND: POST /session/457e17a5ac387caa92e8fd77ed96fa85/element - {"using":"xpath","value":"//span[contains(text(), \"OT - Sales (one-time)\")]"}
COMMAND: GET /session/457e17a5ac387caa92e8fd77ed96fa85/screenshot - {}
RESULT: {"using":"xpath","value":"//span[contains(text(), \"OT - Sales (one-time)\")]"}
COMMAND: POST /session/457e17a5ac387caa92e8fd77ed96fa85/element/f.926BFD6822BE6588C43F56A434E828F6.d.CF304652C8735CE1CA98BB5F33D47176.e.6844/click - {}
RESULT: {}
RESULT: {}
COMMAND: POST /session/457e17a5ac387caa92e8fd77ed96fa85/execute/async - {"script":"<script> [1562 bytes]","args":[{"selector":{"id":"application-managepricingrules-display-component---newInfoPriceItem--priceProc-arrow"},"wdio_ui5_key":"applicationmanagepricingrules-display-component---newInfoPriceItem--priceProc-arrow"}]}
COMMAND: GET /session/457e17a5ac387caa92e8fd77ed96fa85/screenshot - {}
RESULT: {"script":"<script> [1562 bytes]","args":[{"selector":{"id":"application-managepricingrules-display-component---newInfoPriceItem--priceProc-arrow"},"wdio_ui5_key":"applicationmanagepricingrules-display-component---newInfoPriceItem--priceProc-arrow"}]}
RESULT: undefined
COMMAND: POST /session/457e17a5ac387caa92e8fd77ed96fa85/element - {"using":"xpath","value":"//*[@id=\"application-managepricingrules-display-component---newInfoPriceItem--priceProc-arrow\"]"}
RESULT: {}
RESULT: {"using":"xpath","value":"//*[@id=\"application-managepricingrules-display-component---newInfoPriceItem--priceProc-arrow\"]"}
COMMAND: POST /session/457e17a5ac387caa92e8fd77ed96fa85/element/f.926BFD6822BE6588C43F56A434E828F6.d.CF304652C8735CE1CA98BB5F33D47176.e.6845/click - {}
RESULT: {}
COMMAND: POST /session/457e17a5ac387caa92e8fd77ed96fa85/element - {"using":"xpath","value":"//span[contains(text(), \"MAT - Material\")]"}
COMMAND: GET /session/457e17a5ac387caa92e8fd77ed96fa85/screenshot - {}
RESULT: {"using":"xpath","value":"//span[contains(text(), \"MAT - Material\")]"}
COMMAND: POST /session/457e17a5ac387caa92e8fd77ed96fa85/element/f.926BFD6822BE6588C43F56A434E828F6.d.CF304652C8735CE1CA98BB5F33D47176.e.6846/click - {}
RESULT: {}
RESULT: {}
COMMAND: POST /session/457e17a5ac387caa92e8fd77ed96fa85/execute/async - {"script":"<script> [1562 bytes]","args":[{"selector":{"id":"application-managepricingrules-display-component---newInfoPriceItem--calcBase-arrow"},"wdio_ui5_key":"applicationmanagepricingrules-display-component---newInfoPriceItem--calcBase-arrow"}]}
COMMAND: GET /session/457e17a5ac387caa92e8fd77ed96fa85/screenshot - {}
RESULT: {"script":"<script> [1562 bytes]","args":[{"selector":{"id":"application-managepricingrules-display-component---newInfoPriceItem--calcBase-arrow"},"wdio_ui5_key":"applicationmanagepricingrules-display-component---newInfoPriceItem--calcBase-arrow"}]}
RESULT: undefined
COMMAND: POST /session/457e17a5ac387caa92e8fd77ed96fa85/element - {"using":"xpath","value":"//*[@id=\"application-managepricingrules-display-component---newInfoPriceItem--calcBase-arrow\"]"}
RESULT: {}
RESULT: {"using":"xpath","value":"//*[@id=\"application-managepricingrules-display-component---newInfoPriceItem--calcBase-arrow\"]"}
COMMAND: POST /session/457e17a5ac387caa92e8fd77ed96fa85/element/f.926BFD6822BE6588C43F56A434E828F6.d.CF304652C8735CE1CA98BB5F33D47176.e.6847/click - {}
RESULT: {}
COMMAND: GET /session/457e17a5ac387caa92e8fd77ed96fa85/screenshot - {}
RESULT: {}
COMMAND: POST /session/457e17a5ac387caa92e8fd77ed96fa85/element - {"using":"xpath","value":"//span[contains(text(), \"0001 - TB(exact month + cal_days)\")]"}
RESULT: {"using":"xpath","value":"//span[contains(text(), \"0001 - TB(exact month + cal_days)\")]"}
COMMAND: POST /session/457e17a5ac387caa92e8fd77ed96fa85/element/f.926BFD6822BE6588C43F56A434E828F6.d.CF304652C8735CE1CA98BB5F33D47176.e.6848/click - {}
RESULT: {}
COMMAND: GET /session/457e17a5ac387caa92e8fd77ed96fa85/screenshot - {}
RESULT: {}
COMMAND: POST /session/457e17a5ac387caa92e8fd77ed96fa85/element - {"using":"xpath","value":"//button[@data-kt=\"saveNewRuleButton\"]"}
RESULT: {"using":"xpath","value":"//button[@data-kt=\"saveNewRuleButton\"]"}
COMMAND: POST /session/457e17a5ac387caa92e8fd77ed96fa85/element/f.926BFD6822BE6588C43F56A434E828F6.d.CF304652C8735CE1CA98BB5F33D47176.e.6849/click - {}
RESULT: {}
COMMAND: GET /session/457e17a5ac387caa92e8fd77ed96fa85/screenshot - {}
RESULT: {}
COMMAND: POST /session/457e17a5ac387caa92e8fd77ed96fa85/execute/async - {"script":"<script> [1562 bytes]","args":[{"selector":{"id":"application-managepricingrules-display-component---priceInfoItem--smartFilterBar-btnBasicSearch","interaction":{"idSuffix":"I"}},"wdio_ui5_key":"applicationmanagepricingrules-display-component---priceInfoItem--smartFilterBar-btnBasicSearch"}]}
RESULT: {"script":"<script> [1562 bytes]","args":[{"selector":{"id":"application-managepricingrules-display-component---priceInfoItem--smartFilterBar-btnBasicSearch","interaction":{"idSuffix":"I"}},"wdio_ui5_key":"applicationmanagepricingrules-display-component---priceInfoItem--smartFilterBar-btnBasicSearch"}]}
RESULT: undefined
COMMAND: POST /session/457e17a5ac387caa92e8fd77ed96fa85/execute/async - {"script":"<script> [776 bytes]","args":[{"enterText":"200218","selector":{"id":"application-managepricingrules-display-component---priceInfoItem--smartFilterBar-btnBasicSearch","interaction":{"idSuffix":"I"}},"clearTextFirst":true,"interactionType":"ENTER_TEXT"}]}
RESULT: {"script":"<script> [776 bytes]","args":[{"enterText":"200218","selector":{"id":"application-managepricingrules-display-component---priceInfoItem--smartFilterBar-btnBasicSearch","interaction":{"idSuffix":"I"}},"clearTextFirst":true,"interactionType":"ENTER_TEXT"}]}
COMMAND: POST /session/457e17a5ac387caa92e8fd77ed96fa85/actions - {"actions":[{"id":"action19","type":"key","parameters":{},"actions":[{"type":"keyDown","value":""},{"type":"pause","duration":10},{"type":"keyUp","value":""}]}]}
RESULT: {"actions":[{"id":"action19","type":"key","parameters":{},"actions":[{"type":"keyDown","value":""},{"type":"pause","duration":10},{"type":"keyUp","value":""}]}]}
COMMAND: GET /session/457e17a5ac387caa92e8fd77ed96fa85/screenshot - {}
RESULT: {}
COMMAND: POST /session/457e17a5ac387caa92e8fd77ed96fa85/element - {"using":"xpath","value":"//span[@id=\"application-managepricingrules-display-component---priceInfoItem--smartTable-header-inner\"]"}
RESULT: {"using":"xpath","value":"//span[@id=\"application-managepricingrules-display-component---priceInfoItem--smartTable-header-inner\"]"}
COMMAND: POST /session/457e17a5ac387caa92e8fd77ed96fa85/elements - {"using":"xpath","value":"//span[@id=\"application-managepricingrules-display-component---priceInfoItem--smartTable-header-inner\"]"}
RESULT: {"using":"xpath","value":"//span[@id=\"application-managepricingrules-display-component---priceInfoItem--smartTable-header-inner\"]"}
COMMAND: POST /session/457e17a5ac387caa92e8fd77ed96fa85/execute/sync - {"script":"<script> [56 bytes]","args":[{"element-6066-11e4-a52e-4f735466cecf":"f.926BFD6822BE6588C43F56A434E828F6.d.CF304652C8735CE1CA98BB5F33D47176.e.6862","ELEMENT":"f.926BFD6822BE6588C43F56A434E828F6.d.CF304652C8735CE1CA98BB5F33D47176.e.6862"}]}
RESULT: {"script":"<script> [56 bytes]","args":[{"element-6066-11e4-a52e-4f735466cecf":"f.926BFD6822BE6588C43F56A434E828F6.d.CF304652C8735CE1CA98BB5F33D47176.e.6862","ELEMENT":"f.926BFD6822BE6588C43F56A434E828F6.d.CF304652C8735CE1CA98BB5F33D47176.e.6862"}]}
COMMAND: POST /session/457e17a5ac387caa92e8fd77ed96fa85/element - {"using":"css selector","value":"#shell-header-logo"}
COMMAND: GET /session/457e17a5ac387caa92e8fd77ed96fa85/screenshot - {}
RESULT: {"using":"css selector","value":"#shell-header-logo"}
COMMAND: POST /session/457e17a5ac387caa92e8fd77ed96fa85/element/f.926BFD6822BE6588C43F56A434E828F6.d.CF304652C8735CE1CA98BB5F33D47176.e.6108/click - {}
RESULT: {}
RESULT: {}
COMMAND: GET /session/457e17a5ac387caa92e8fd77ed96fa85/screenshot - {}
RESULT: {}
]]></system-out>
    </testcase>
    <testcase classname="chrome.136_0_7103_93.windows.US134625_Set_up_price_condition_-_one_time" name="Should create new condition one time" time="77.652">
      <system-out><![CDATA[
COMMAND: POST /session/457e17a5ac387caa92e8fd77ed96fa85/execute/async - {"script":"<script> [1562 bytes]","args":[{"selector":{"controlType":"sap.m.GenericTile","properties":{"header":"Manage Conditions & Prices"}},"wdio_ui5_key":"sapm.GenericTile{\"header\":\"Manage Conditions & Prices\"}"}]}
RESULT: {"script":"<script> [1562 bytes]","args":[{"selector":{"controlType":"sap.m.GenericTile","properties":{"header":"Manage Conditions & Prices"}},"wdio_ui5_key":"sapm.GenericTile{\"header\":\"Manage Conditions & Prices\"}"}]}
RESULT: undefined
COMMAND: POST /session/457e17a5ac387caa92e8fd77ed96fa85/element - {"using":"xpath","value":"//*[@id=\"__tile53\"]"}
RESULT: {"using":"xpath","value":"//*[@id=\"__tile53\"]"}
COMMAND: POST /session/457e17a5ac387caa92e8fd77ed96fa85/element/f.926BFD6822BE6588C43F56A434E828F6.d.CF304652C8735CE1CA98BB5F33D47176.e.5981/click - {}
RESULT: {}
COMMAND: GET /session/457e17a5ac387caa92e8fd77ed96fa85/screenshot - {}
RESULT: {}
COMMAND: POST /session/457e17a5ac387caa92e8fd77ed96fa85/elements - {"using":"xpath","value":"//span[text()='Error']"}
RESULT: {"using":"xpath","value":"//span[text()='Error']"}
COMMAND: POST /session/457e17a5ac387caa92e8fd77ed96fa85/element - {"using":"xpath","value":"//button[@aria-label=\"Create\"]"}
RESULT: {"using":"xpath","value":"//button[@aria-label=\"Create\"]"}
COMMAND: POST /session/457e17a5ac387caa92e8fd77ed96fa85/elements - {"using":"xpath","value":"//button[@aria-label=\"Create\"]"}
RESULT: {"using":"xpath","value":"//button[@aria-label=\"Create\"]"}
COMMAND: POST /session/457e17a5ac387caa92e8fd77ed96fa85/execute/sync - {"script":"<script> [8489 bytes]","args":[{"element-6066-11e4-a52e-4f735466cecf":"f.926BFD6822BE6588C43F56A434E828F6.d.CF304652C8735CE1CA98BB5F33D47176.e.6897","ELEMENT":"f.926BFD6822BE6588C43F56A434E828F6.d.CF304652C8735CE1CA98BB5F33D47176.e.6897"}]}
RESULT: {"script":"<script> [8489 bytes]","args":[{"element-6066-11e4-a52e-4f735466cecf":"f.926BFD6822BE6588C43F56A434E828F6.d.CF304652C8735CE1CA98BB5F33D47176.e.6897","ELEMENT":"f.926BFD6822BE6588C43F56A434E828F6.d.CF304652C8735CE1CA98BB5F33D47176.e.6897"}]}
COMMAND: GET /session/457e17a5ac387caa92e8fd77ed96fa85/element/f.926BFD6822BE6588C43F56A434E828F6.d.CF304652C8735CE1CA98BB5F33D47176.e.6897/enabled - {}
COMMAND: GET /session/457e17a5ac387caa92e8fd77ed96fa85/screenshot - {}
RESULT: {}
COMMAND: POST /session/457e17a5ac387caa92e8fd77ed96fa85/execute/sync - {"script":"<script> [8489 bytes]","args":[{"element-6066-11e4-a52e-4f735466cecf":"f.926BFD6822BE6588C43F56A434E828F6.d.CF304652C8735CE1CA98BB5F33D47176.e.6897","ELEMENT":"f.926BFD6822BE6588C43F56A434E828F6.d.CF304652C8735CE1CA98BB5F33D47176.e.6897"}]}
COMMAND: GET /session/457e17a5ac387caa92e8fd77ed96fa85/screenshot - {}
RESULT: {}
RESULT: {"script":"<script> [8489 bytes]","args":[{"element-6066-11e4-a52e-4f735466cecf":"f.926BFD6822BE6588C43F56A434E828F6.d.CF304652C8735CE1CA98BB5F33D47176.e.6897","ELEMENT":"f.926BFD6822BE6588C43F56A434E828F6.d.CF304652C8735CE1CA98BB5F33D47176.e.6897"}]}
COMMAND: POST /session/457e17a5ac387caa92e8fd77ed96fa85/execute/sync - {"script":"<script> [5351 bytes]","args":[{"element-6066-11e4-a52e-4f735466cecf":"f.926BFD6822BE6588C43F56A434E828F6.d.CF304652C8735CE1CA98BB5F33D47176.e.6897","ELEMENT":"f.926BFD6822BE6588C43F56A434E828F6.d.CF304652C8735CE1CA98BB5F33D47176.e.6897"}]}
COMMAND: GET /session/457e17a5ac387caa92e8fd77ed96fa85/screenshot - {}
RESULT: {}
RESULT: {"script":"<script> [5351 bytes]","args":[{"element-6066-11e4-a52e-4f735466cecf":"f.926BFD6822BE6588C43F56A434E828F6.d.CF304652C8735CE1CA98BB5F33D47176.e.6897","ELEMENT":"f.926BFD6822BE6588C43F56A434E828F6.d.CF304652C8735CE1CA98BB5F33D47176.e.6897"}]}
COMMAND: POST /session/457e17a5ac387caa92e8fd77ed96fa85/element/f.926BFD6822BE6588C43F56A434E828F6.d.CF304652C8735CE1CA98BB5F33D47176.e.6897/click - {}
COMMAND: GET /session/457e17a5ac387caa92e8fd77ed96fa85/screenshot - {}
RESULT: {}
RESULT: {}
COMMAND: GET /session/457e17a5ac387caa92e8fd77ed96fa85/screenshot - {}
RESULT: {}
RESULT: {}
COMMAND: POST /session/457e17a5ac387caa92e8fd77ed96fa85/actions - {"actions":[{"id":"action20","type":"key","parameters":{},"actions":[{"type":"keyDown","value":""},{"type":"pause","duration":10},{"type":"keyUp","value":""}]}]}
RESULT: {"actions":[{"id":"action20","type":"key","parameters":{},"actions":[{"type":"keyDown","value":""},{"type":"pause","duration":10},{"type":"keyUp","value":""}]}]}
COMMAND: GET /session/457e17a5ac387caa92e8fd77ed96fa85/screenshot - {}
RESULT: {}
COMMAND: POST /session/457e17a5ac387caa92e8fd77ed96fa85/execute/async - {"script":"<script> [1562 bytes]","args":[{"selector":{"id":"application-manageconditionprice-display-component---newCondition--condBillCond-arrow"},"wdio_ui5_key":"applicationmanageconditionprice-display-component---newCondition--condBillCond-arrow"}]}
RESULT: {"script":"<script> [1562 bytes]","args":[{"selector":{"id":"application-manageconditionprice-display-component---newCondition--condBillCond-arrow"},"wdio_ui5_key":"applicationmanageconditionprice-display-component---newCondition--condBillCond-arrow"}]}
RESULT: undefined
COMMAND: POST /session/457e17a5ac387caa92e8fd77ed96fa85/element - {"using":"xpath","value":"//*[@id=\"application-manageconditionprice-display-component---newCondition--condBillCond-arrow\"]"}
RESULT: {"using":"xpath","value":"//*[@id=\"application-manageconditionprice-display-component---newCondition--condBillCond-arrow\"]"}
COMMAND: POST /session/457e17a5ac387caa92e8fd77ed96fa85/element/f.926BFD6822BE6588C43F56A434E828F6.d.CF304652C8735CE1CA98BB5F33D47176.e.7076/click - {}
RESULT: {}
COMMAND: GET /session/457e17a5ac387caa92e8fd77ed96fa85/screenshot - {}
RESULT: {}
COMMAND: POST /session/457e17a5ac387caa92e8fd77ed96fa85/element - {"using":"xpath","value":"//li[.//span[contains(text(), \"SAPR - Sales price\")]]"}
RESULT: {"using":"xpath","value":"//li[.//span[contains(text(), \"SAPR - Sales price\")]]"}
COMMAND: POST /session/457e17a5ac387caa92e8fd77ed96fa85/element/f.926BFD6822BE6588C43F56A434E828F6.d.CF304652C8735CE1CA98BB5F33D47176.e.7079/click - {}
RESULT: {}
COMMAND: GET /session/457e17a5ac387caa92e8fd77ed96fa85/screenshot - {}
RESULT: {}
COMMAND: POST /session/457e17a5ac387caa92e8fd77ed96fa85/execute/async - {"script":"<script> [1562 bytes]","args":[{"selector":{"id":"application-manageconditionprice-display-component---newCondition--condValidTo","interaction":{"idSuffix":"inner"}},"wdio_ui5_key":"applicationmanageconditionprice-display-component---newCondition--condValidTo"}]}
RESULT: {"script":"<script> [1562 bytes]","args":[{"selector":{"id":"application-manageconditionprice-display-component---newCondition--condValidTo","interaction":{"idSuffix":"inner"}},"wdio_ui5_key":"applicationmanageconditionprice-display-component---newCondition--condValidTo"}]}
RESULT: undefined
COMMAND: POST /session/457e17a5ac387caa92e8fd77ed96fa85/execute/async - {"script":"<script> [776 bytes]","args":[{"enterText":"1/27/26","selector":{"id":"application-manageconditionprice-display-component---newCondition--condValidTo","interaction":{"idSuffix":"inner"}},"clearTextFirst":true,"interactionType":"ENTER_TEXT"}]}
RESULT: {"script":"<script> [776 bytes]","args":[{"enterText":"1/27/26","selector":{"id":"application-manageconditionprice-display-component---newCondition--condValidTo","interaction":{"idSuffix":"inner"}},"clearTextFirst":true,"interactionType":"ENTER_TEXT"}]}
COMMAND: POST /session/457e17a5ac387caa92e8fd77ed96fa85/element - {"using":"xpath","value":"//input[@id=\"application-manageconditionprice-display-component---newCondition--condRU-inner\"]"}
RESULT: {"using":"xpath","value":"//input[@id=\"application-manageconditionprice-display-component---newCondition--condRU-inner\"]"}
COMMAND: POST /session/457e17a5ac387caa92e8fd77ed96fa85/element/f.926BFD6822BE6588C43F56A434E828F6.d.CF304652C8735CE1CA98BB5F33D47176.e.6942/clear - {}
RESULT: {}
COMMAND: POST /session/457e17a5ac387caa92e8fd77ed96fa85/element/f.926BFD6822BE6588C43F56A434E828F6.d.CF304652C8735CE1CA98BB5F33D47176.e.6942/value - {"text":"200218"}
COMMAND: GET /session/457e17a5ac387caa92e8fd77ed96fa85/screenshot - {}
RESULT: {"text":"200218"}
COMMAND: GET /session/457e17a5ac387caa92e8fd77ed96fa85/screenshot - {}
RESULT: {}
RESULT: {}
COMMAND: POST /session/457e17a5ac387caa92e8fd77ed96fa85/actions - {"actions":[{"id":"action21","type":"key","parameters":{},"actions":[{"type":"keyDown","value":""},{"type":"pause","duration":10},{"type":"keyUp","value":""}]}]}
RESULT: {"actions":[{"id":"action21","type":"key","parameters":{},"actions":[{"type":"keyDown","value":""},{"type":"pause","duration":10},{"type":"keyUp","value":""}]}]}
COMMAND: POST /session/457e17a5ac387caa92e8fd77ed96fa85/execute/async - {"script":"<script> [1562 bytes]","args":[{"selector":{"id":"application-manageconditionprice-display-component---newCondition--condBaseQty","interaction":{"idSuffix":"inner"}},"wdio_ui5_key":"applicationmanageconditionprice-display-component---newCondition--condBaseQty"}]}
COMMAND: GET /session/457e17a5ac387caa92e8fd77ed96fa85/screenshot - {}
RESULT: {"script":"<script> [1562 bytes]","args":[{"selector":{"id":"application-manageconditionprice-display-component---newCondition--condBaseQty","interaction":{"idSuffix":"inner"}},"wdio_ui5_key":"applicationmanageconditionprice-display-component---newCondition--condBaseQty"}]}
RESULT: undefined
COMMAND: POST /session/457e17a5ac387caa92e8fd77ed96fa85/execute/async - {"script":"<script> [776 bytes]","args":[{"enterText":"1","selector":{"id":"application-manageconditionprice-display-component---newCondition--condBaseQty","interaction":{"idSuffix":"inner"}},"clearTextFirst":true,"interactionType":"ENTER_TEXT"}]}
RESULT: {}
RESULT: {"script":"<script> [776 bytes]","args":[{"enterText":"1","selector":{"id":"application-manageconditionprice-display-component---newCondition--condBaseQty","interaction":{"idSuffix":"inner"}},"clearTextFirst":true,"interactionType":"ENTER_TEXT"}]}
COMMAND: POST /session/457e17a5ac387caa92e8fd77ed96fa85/execute/async - {"script":"<script> [1562 bytes]","args":[{"selector":{"id":"application-manageconditionprice-display-component---newCondition--condValue","interaction":{"idSuffix":"inner"}},"wdio_ui5_key":"applicationmanageconditionprice-display-component---newCondition--condValue"}]}
RESULT: {"script":"<script> [1562 bytes]","args":[{"selector":{"id":"application-manageconditionprice-display-component---newCondition--condValue","interaction":{"idSuffix":"inner"}},"wdio_ui5_key":"applicationmanageconditionprice-display-component---newCondition--condValue"}]}
RESULT: undefined
COMMAND: POST /session/457e17a5ac387caa92e8fd77ed96fa85/execute/async - {"script":"<script> [776 bytes]","args":[{"enterText":"100.00","selector":{"id":"application-manageconditionprice-display-component---newCondition--condValue","interaction":{"idSuffix":"inner"}},"clearTextFirst":true,"interactionType":"ENTER_TEXT"}]}
RESULT: {"script":"<script> [776 bytes]","args":[{"enterText":"100.00","selector":{"id":"application-manageconditionprice-display-component---newCondition--condValue","interaction":{"idSuffix":"inner"}},"clearTextFirst":true,"interactionType":"ENTER_TEXT"}]}
COMMAND: POST /session/457e17a5ac387caa92e8fd77ed96fa85/execute/async - {"script":"<script> [1562 bytes]","args":[{"selector":{"id":"application-manageconditionprice-display-component---newCondition--condCurr-arrow"},"wdio_ui5_key":"applicationmanageconditionprice-display-component---newCondition--condCurr-arrow"}]}
RESULT: {"script":"<script> [1562 bytes]","args":[{"selector":{"id":"application-manageconditionprice-display-component---newCondition--condCurr-arrow"},"wdio_ui5_key":"applicationmanageconditionprice-display-component---newCondition--condCurr-arrow"}]}
RESULT: undefined
COMMAND: POST /session/457e17a5ac387caa92e8fd77ed96fa85/element - {"using":"xpath","value":"//*[@id=\"application-manageconditionprice-display-component---newCondition--condCurr-arrow\"]"}
RESULT: {"using":"xpath","value":"//*[@id=\"application-manageconditionprice-display-component---newCondition--condCurr-arrow\"]"}
COMMAND: POST /session/457e17a5ac387caa92e8fd77ed96fa85/element/f.926BFD6822BE6588C43F56A434E828F6.d.CF304652C8735CE1CA98BB5F33D47176.e.7032/click - {}
RESULT: {}
COMMAND: POST /session/457e17a5ac387caa92e8fd77ed96fa85/element - {"using":"xpath","value":"//span[contains(text(), \"Euro\")]"}
COMMAND: GET /session/457e17a5ac387caa92e8fd77ed96fa85/screenshot - {}
RESULT: {"using":"xpath","value":"//span[contains(text(), \"Euro\")]"}
COMMAND: POST /session/457e17a5ac387caa92e8fd77ed96fa85/element/f.926BFD6822BE6588C43F56A434E828F6.d.CF304652C8735CE1CA98BB5F33D47176.e.7119/click - {}
RESULT: {}
RESULT: {}
COMMAND: POST /session/457e17a5ac387caa92e8fd77ed96fa85/element - {"using":"xpath","value":"//button[@data-kt=\"saveButton\"]"}
COMMAND: GET /session/457e17a5ac387caa92e8fd77ed96fa85/screenshot - {}
RESULT: {"using":"xpath","value":"//button[@data-kt=\"saveButton\"]"}
COMMAND: POST /session/457e17a5ac387caa92e8fd77ed96fa85/element/f.926BFD6822BE6588C43F56A434E828F6.d.CF304652C8735CE1CA98BB5F33D47176.e.7033/click - {}
RESULT: {}
RESULT: {}
COMMAND: GET /session/457e17a5ac387caa92e8fd77ed96fa85/screenshot - {}
RESULT: {}
COMMAND: POST /session/457e17a5ac387caa92e8fd77ed96fa85/execute/async - {"script":"<script> [1562 bytes]","args":[{"selector":{"id":"application-manageconditionprice-display-component---conditions--smartFilterBar-btnBasicSearch","interaction":{"idSuffix":"I"}},"wdio_ui5_key":"applicationmanageconditionprice-display-component---conditions--smartFilterBar-btnBasicSearch"}]}
RESULT: {"script":"<script> [1562 bytes]","args":[{"selector":{"id":"application-manageconditionprice-display-component---conditions--smartFilterBar-btnBasicSearch","interaction":{"idSuffix":"I"}},"wdio_ui5_key":"applicationmanageconditionprice-display-component---conditions--smartFilterBar-btnBasicSearch"}]}
RESULT: undefined
COMMAND: POST /session/457e17a5ac387caa92e8fd77ed96fa85/execute/async - {"script":"<script> [776 bytes]","args":[{"enterText":"200218","selector":{"id":"application-manageconditionprice-display-component---conditions--smartFilterBar-btnBasicSearch","interaction":{"idSuffix":"I"}},"clearTextFirst":true,"interactionType":"ENTER_TEXT"}]}
RESULT: {"script":"<script> [776 bytes]","args":[{"enterText":"200218","selector":{"id":"application-manageconditionprice-display-component---conditions--smartFilterBar-btnBasicSearch","interaction":{"idSuffix":"I"}},"clearTextFirst":true,"interactionType":"ENTER_TEXT"}]}
COMMAND: POST /session/457e17a5ac387caa92e8fd77ed96fa85/actions - {"actions":[{"id":"action22","type":"key","parameters":{},"actions":[{"type":"keyDown","value":""},{"type":"pause","duration":10},{"type":"keyUp","value":""}]}]}
RESULT: {"actions":[{"id":"action22","type":"key","parameters":{},"actions":[{"type":"keyDown","value":""},{"type":"pause","duration":10},{"type":"keyUp","value":""}]}]}
COMMAND: GET /session/457e17a5ac387caa92e8fd77ed96fa85/screenshot - {}
RESULT: {}
COMMAND: POST /session/457e17a5ac387caa92e8fd77ed96fa85/execute/async - {"script":"<script> [1562 bytes]","args":[{"selector":{"id":"application-manageconditionprice-display-component---conditions--smartFilterBar-filterItemControl_BASIC-BILL_TYPES-vhi"},"wdio_ui5_key":"applicationmanageconditionprice-display-component---conditions--smartFilterBar-filterItemControl_BASIC-BILL_TYPES-vhi"}]}
RESULT: {"script":"<script> [1562 bytes]","args":[{"selector":{"id":"application-manageconditionprice-display-component---conditions--smartFilterBar-filterItemControl_BASIC-BILL_TYPES-vhi"},"wdio_ui5_key":"applicationmanageconditionprice-display-component---conditions--smartFilterBar-filterItemControl_BASIC-BILL_TYPES-vhi"}]}
RESULT: undefined
COMMAND: POST /session/457e17a5ac387caa92e8fd77ed96fa85/element - {"using":"xpath","value":"//*[@id=\"application-manageconditionprice-display-component---conditions--smartFilterBar-filterItemControl_BASIC-BILL_TYPES-vhi\"]"}
RESULT: {"using":"xpath","value":"//*[@id=\"application-manageconditionprice-display-component---conditions--smartFilterBar-filterItemControl_BASIC-BILL_TYPES-vhi\"]"}
COMMAND: POST /session/457e17a5ac387caa92e8fd77ed96fa85/element/f.926BFD6822BE6588C43F56A434E828F6.d.CF304652C8735CE1CA98BB5F33D47176.e.7225/click - {}
RESULT: {}
COMMAND: POST /session/457e17a5ac387caa92e8fd77ed96fa85/execute/async - {"script":"<script> [1562 bytes]","args":[{"selector":{"id":"application-manageconditionprice-display-component---conditions--smartFilterBar-filterItemControl_BASIC-BILL_TYPES-valueHelpDialog-smartFilterBar-btnBasicSearch","searchOpenDialogs":true,"interaction":{"idSuffix":"I"}},"wdio_ui5_key":"applicationmanageconditionprice-display-component---conditions--smartFilterBar-filterItemControl_BASIC-BILL_TYPES-valueHelpDialog-smartFilterBar-btnBasicSearch"}]}
COMMAND: GET /session/457e17a5ac387caa92e8fd77ed96fa85/screenshot - {}
RESULT: {"script":"<script> [1562 bytes]","args":[{"selector":{"id":"application-manageconditionprice-display-component---conditions--smartFilterBar-filterItemControl_BASIC-BILL_TYPES-valueHelpDialog-smartFilterBar-btnBasicSearch","searchOpenDialogs":true,"interaction":{"idSuffix":"I"}},"wdio_ui5_key":"applicationmanageconditionprice-display-component---conditions--smartFilterBar-filterItemControl_BASIC-BILL_TYPES-valueHelpDialog-smartFilterBar-btnBasicSearch"}]}
RESULT: undefined
COMMAND: POST /session/457e17a5ac387caa92e8fd77ed96fa85/execute/async - {"script":"<script> [776 bytes]","args":[{"enterText":"one","selector":{"id":"application-manageconditionprice-display-component---conditions--smartFilterBar-filterItemControl_BASIC-BILL_TYPES-valueHelpDialog-smartFilterBar-btnBasicSearch","searchOpenDialogs":true,"interaction":{"idSuffix":"I"}},"clearTextFirst":true,"interactionType":"ENTER_TEXT"}]}
RESULT: {}
RESULT: {"script":"<script> [776 bytes]","args":[{"enterText":"one","selector":{"id":"application-manageconditionprice-display-component---conditions--smartFilterBar-filterItemControl_BASIC-BILL_TYPES-valueHelpDialog-smartFilterBar-btnBasicSearch","searchOpenDialogs":true,"interaction":{"idSuffix":"I"}},"clearTextFirst":true,"interactionType":"ENTER_TEXT"}]}
COMMAND: POST /session/457e17a5ac387caa92e8fd77ed96fa85/actions - {"actions":[{"id":"action23","type":"key","parameters":{},"actions":[{"type":"keyDown","value":""},{"type":"pause","duration":10},{"type":"keyUp","value":""}]}]}
RESULT: {"actions":[{"id":"action23","type":"key","parameters":{},"actions":[{"type":"keyDown","value":""},{"type":"pause","duration":10},{"type":"keyUp","value":""}]}]}
COMMAND: GET /session/457e17a5ac387caa92e8fd77ed96fa85/screenshot - {}
RESULT: {}
COMMAND: POST /session/457e17a5ac387caa92e8fd77ed96fa85/element - {"using":"xpath","value":"//div[contains(@id, 'application-manageconditionprice-display-component---conditions--smartFilterBar-filterItemControl_BASIC-BILL_TYPES-valueHelpDialog-table-rowsel0')]"}
RESULT: {"using":"xpath","value":"//div[contains(@id, 'application-manageconditionprice-display-component---conditions--smartFilterBar-filterItemControl_BASIC-BILL_TYPES-valueHelpDialog-table-rowsel0')]"}
COMMAND: POST /session/457e17a5ac387caa92e8fd77ed96fa85/element/f.926BFD6822BE6588C43F56A434E828F6.d.CF304652C8735CE1CA98BB5F33D47176.e.7234/click - {}
RESULT: {}
COMMAND: GET /session/457e17a5ac387caa92e8fd77ed96fa85/screenshot - {}
RESULT: {}
COMMAND: POST /session/457e17a5ac387caa92e8fd77ed96fa85/element - {"using":"xpath","value":"//bdi[contains(text(), \"OK\")]"}
RESULT: {"using":"xpath","value":"//bdi[contains(text(), \"OK\")]"}
COMMAND: POST /session/457e17a5ac387caa92e8fd77ed96fa85/element/f.926BFD6822BE6588C43F56A434E828F6.d.CF304652C8735CE1CA98BB5F33D47176.e.7236/click - {}
RESULT: {}
COMMAND: GET /session/457e17a5ac387caa92e8fd77ed96fa85/screenshot - {}
RESULT: {}
COMMAND: POST /session/457e17a5ac387caa92e8fd77ed96fa85/element - {"using":"xpath","value":"//span[@id=\"application-manageconditionprice-display-component---conditions--smartTable-header-inner\"]"}
RESULT: {"using":"xpath","value":"//span[@id=\"application-manageconditionprice-display-component---conditions--smartTable-header-inner\"]"}
COMMAND: POST /session/457e17a5ac387caa92e8fd77ed96fa85/elements - {"using":"xpath","value":"//span[@id=\"application-manageconditionprice-display-component---conditions--smartTable-header-inner\"]"}
RESULT: {"using":"xpath","value":"//span[@id=\"application-manageconditionprice-display-component---conditions--smartTable-header-inner\"]"}
COMMAND: POST /session/457e17a5ac387caa92e8fd77ed96fa85/execute/sync - {"script":"<script> [56 bytes]","args":[{"element-6066-11e4-a52e-4f735466cecf":"f.926BFD6822BE6588C43F56A434E828F6.d.CF304652C8735CE1CA98BB5F33D47176.e.7239","ELEMENT":"f.926BFD6822BE6588C43F56A434E828F6.d.CF304652C8735CE1CA98BB5F33D47176.e.7239"}]}
RESULT: {"script":"<script> [56 bytes]","args":[{"element-6066-11e4-a52e-4f735466cecf":"f.926BFD6822BE6588C43F56A434E828F6.d.CF304652C8735CE1CA98BB5F33D47176.e.7239","ELEMENT":"f.926BFD6822BE6588C43F56A434E828F6.d.CF304652C8735CE1CA98BB5F33D47176.e.7239"}]}
COMMAND: POST /session/457e17a5ac387caa92e8fd77ed96fa85/element - {"using":"css selector","value":"#shell-header-logo"}
COMMAND: GET /session/457e17a5ac387caa92e8fd77ed96fa85/screenshot - {}
RESULT: {"using":"css selector","value":"#shell-header-logo"}
COMMAND: POST /session/457e17a5ac387caa92e8fd77ed96fa85/element/f.926BFD6822BE6588C43F56A434E828F6.d.CF304652C8735CE1CA98BB5F33D47176.e.6865/click - {}
RESULT: {}
RESULT: {}
COMMAND: GET /session/457e17a5ac387caa92e8fd77ed96fa85/screenshot - {}
RESULT: {}
]]></system-out>
    </testcase>
    <testcase classname="chrome.136_0_7103_93.windows.US134625_Set_up_price_condition_-_one_time" name="Should create a new contract" time="66.365">
      <system-out><![CDATA[
COMMAND: POST /session/457e17a5ac387caa92e8fd77ed96fa85/execute/async - {"script":"<script> [1562 bytes]","args":[{"selector":{"controlType":"sap.m.GenericTile","properties":{"header":"Manage Contracts"}},"wdio_ui5_key":"sapm.GenericTile{\"header\":\"Manage Contracts\"}"}]}
RESULT: {"script":"<script> [1562 bytes]","args":[{"selector":{"controlType":"sap.m.GenericTile","properties":{"header":"Manage Contracts"}},"wdio_ui5_key":"sapm.GenericTile{\"header\":\"Manage Contracts\"}"}]}
RESULT: undefined
COMMAND: POST /session/457e17a5ac387caa92e8fd77ed96fa85/element - {"using":"xpath","value":"//*[@id=\"__tile132\"]"}
RESULT: {"using":"xpath","value":"//*[@id=\"__tile132\"]"}
COMMAND: POST /session/457e17a5ac387caa92e8fd77ed96fa85/element/f.926BFD6822BE6588C43F56A434E828F6.d.CF304652C8735CE1CA98BB5F33D47176.e.6007/click - {}
RESULT: {}
COMMAND: GET /session/457e17a5ac387caa92e8fd77ed96fa85/screenshot - {}
RESULT: {}
COMMAND: POST /session/457e17a5ac387caa92e8fd77ed96fa85/elements - {"using":"xpath","value":"//span[text()='Error']"}
RESULT: {"using":"xpath","value":"//span[text()='Error']"}
COMMAND: POST /session/457e17a5ac387caa92e8fd77ed96fa85/element - {"using":"xpath","value":"//button[@data-kt=\"addButton\"]"}
RESULT: {"using":"xpath","value":"//button[@data-kt=\"addButton\"]"}
COMMAND: POST /session/457e17a5ac387caa92e8fd77ed96fa85/elements - {"using":"xpath","value":"//button[@data-kt=\"addButton\"]"}
RESULT: {"using":"xpath","value":"//button[@data-kt=\"addButton\"]"}
COMMAND: POST /session/457e17a5ac387caa92e8fd77ed96fa85/execute/sync - {"script":"<script> [8489 bytes]","args":[{"element-6066-11e4-a52e-4f735466cecf":"f.926BFD6822BE6588C43F56A434E828F6.d.CF304652C8735CE1CA98BB5F33D47176.e.7292","ELEMENT":"f.926BFD6822BE6588C43F56A434E828F6.d.CF304652C8735CE1CA98BB5F33D47176.e.7292"}]}
RESULT: {"script":"<script> [8489 bytes]","args":[{"element-6066-11e4-a52e-4f735466cecf":"f.926BFD6822BE6588C43F56A434E828F6.d.CF304652C8735CE1CA98BB5F33D47176.e.7292","ELEMENT":"f.926BFD6822BE6588C43F56A434E828F6.d.CF304652C8735CE1CA98BB5F33D47176.e.7292"}]}
COMMAND: GET /session/457e17a5ac387caa92e8fd77ed96fa85/element/f.926BFD6822BE6588C43F56A434E828F6.d.CF304652C8735CE1CA98BB5F33D47176.e.7292/enabled - {}
COMMAND: GET /session/457e17a5ac387caa92e8fd77ed96fa85/screenshot - {}
RESULT: {}
COMMAND: POST /session/457e17a5ac387caa92e8fd77ed96fa85/execute/sync - {"script":"<script> [8489 bytes]","args":[{"element-6066-11e4-a52e-4f735466cecf":"f.926BFD6822BE6588C43F56A434E828F6.d.CF304652C8735CE1CA98BB5F33D47176.e.7292","ELEMENT":"f.926BFD6822BE6588C43F56A434E828F6.d.CF304652C8735CE1CA98BB5F33D47176.e.7292"}]}
COMMAND: GET /session/457e17a5ac387caa92e8fd77ed96fa85/screenshot - {}
RESULT: {}
RESULT: {"script":"<script> [8489 bytes]","args":[{"element-6066-11e4-a52e-4f735466cecf":"f.926BFD6822BE6588C43F56A434E828F6.d.CF304652C8735CE1CA98BB5F33D47176.e.7292","ELEMENT":"f.926BFD6822BE6588C43F56A434E828F6.d.CF304652C8735CE1CA98BB5F33D47176.e.7292"}]}
COMMAND: POST /session/457e17a5ac387caa92e8fd77ed96fa85/execute/sync - {"script":"<script> [5351 bytes]","args":[{"element-6066-11e4-a52e-4f735466cecf":"f.926BFD6822BE6588C43F56A434E828F6.d.CF304652C8735CE1CA98BB5F33D47176.e.7292","ELEMENT":"f.926BFD6822BE6588C43F56A434E828F6.d.CF304652C8735CE1CA98BB5F33D47176.e.7292"}]}
COMMAND: GET /session/457e17a5ac387caa92e8fd77ed96fa85/screenshot - {}
RESULT: {}
RESULT: {"script":"<script> [5351 bytes]","args":[{"element-6066-11e4-a52e-4f735466cecf":"f.926BFD6822BE6588C43F56A434E828F6.d.CF304652C8735CE1CA98BB5F33D47176.e.7292","ELEMENT":"f.926BFD6822BE6588C43F56A434E828F6.d.CF304652C8735CE1CA98BB5F33D47176.e.7292"}]}
COMMAND: GET /session/457e17a5ac387caa92e8fd77ed96fa85/screenshot - {}
RESULT: {}
RESULT: {}
COMMAND: POST /session/457e17a5ac387caa92e8fd77ed96fa85/element/f.926BFD6822BE6588C43F56A434E828F6.d.CF304652C8735CE1CA98BB5F33D47176.e.7292/click - {}
RESULT: {}
COMMAND: GET /session/457e17a5ac387caa92e8fd77ed96fa85/screenshot - {}
COMMAND: POST /session/457e17a5ac387caa92e8fd77ed96fa85/execute/async - {"script":"<script> [1562 bytes]","args":[{"selector":{"id":"application-managecontracts-display-component---AddNewContract--projectDescription","interaction":{"idSuffix":"inner"}},"wdio_ui5_key":"applicationmanagecontracts-display-component---AddNewContract--projectDescription"}]}
RESULT: {}
RESULT: {"script":"<script> [1562 bytes]","args":[{"selector":{"id":"application-managecontracts-display-component---AddNewContract--projectDescription","interaction":{"idSuffix":"inner"}},"wdio_ui5_key":"applicationmanagecontracts-display-component---AddNewContract--projectDescription"}]}
RESULT: undefined
COMMAND: POST /session/457e17a5ac387caa92e8fd77ed96fa85/execute/async - {"script":"<script> [776 bytes]","args":[{"enterText":"Intercompany Contract WDIO","selector":{"id":"application-managecontracts-display-component---AddNewContract--projectDescription","interaction":{"idSuffix":"inner"}},"clearTextFirst":true,"interactionType":"ENTER_TEXT"}]}
RESULT: {"script":"<script> [776 bytes]","args":[{"enterText":"Intercompany Contract WDIO","selector":{"id":"application-managecontracts-display-component---AddNewContract--projectDescription","interaction":{"idSuffix":"inner"}},"clearTextFirst":true,"interactionType":"ENTER_TEXT"}]}
COMMAND: POST /session/457e17a5ac387caa92e8fd77ed96fa85/element - {"using":"xpath","value":"//input[@id=\"application-managecontracts-display-component---AddNewContract--site-inner\"]"}
RESULT: {"using":"xpath","value":"//input[@id=\"application-managecontracts-display-component---AddNewContract--site-inner\"]"}
COMMAND: POST /session/457e17a5ac387caa92e8fd77ed96fa85/element/f.926BFD6822BE6588C43F56A434E828F6.d.CF304652C8735CE1CA98BB5F33D47176.e.7615/clear - {}
RESULT: {}
COMMAND: POST /session/457e17a5ac387caa92e8fd77ed96fa85/element/f.926BFD6822BE6588C43F56A434E828F6.d.CF304652C8735CE1CA98BB5F33D47176.e.7615/value - {"text":"2185"}
COMMAND: GET /session/457e17a5ac387caa92e8fd77ed96fa85/screenshot - {}
RESULT: {"text":"2185"}
COMMAND: GET /session/457e17a5ac387caa92e8fd77ed96fa85/screenshot - {}
RESULT: {}
RESULT: {}
COMMAND: POST /session/457e17a5ac387caa92e8fd77ed96fa85/element - {"using":"xpath","value":"//li[.//span[text()='2185']]"}
RESULT: {"using":"xpath","value":"//li[.//span[text()='2185']]"}
COMMAND: POST /session/457e17a5ac387caa92e8fd77ed96fa85/element/f.926BFD6822BE6588C43F56A434E828F6.d.CF304652C8735CE1CA98BB5F33D47176.e.7697/click - {}
RESULT: {}
COMMAND: GET /session/457e17a5ac387caa92e8fd77ed96fa85/screenshot - {}
RESULT: {}
COMMAND: POST /session/457e17a5ac387caa92e8fd77ed96fa85/element - {"using":"xpath","value":"//input[@id=\"application-managecontracts-display-component---AddNewContract--yardId-inner\"]"}
RESULT: {"using":"xpath","value":"//input[@id=\"application-managecontracts-display-component---AddNewContract--yardId-inner\"]"}
COMMAND: GET /session/457e17a5ac387caa92e8fd77ed96fa85/element/f.926BFD6822BE6588C43F56A434E828F6.d.CF304652C8735CE1CA98BB5F33D47176.e.7616/property/value - {}
RESULT: {}
COMMAND: POST /session/457e17a5ac387caa92e8fd77ed96fa85/element - {"using":"xpath","value":"//input[@id=\"application-managecontracts-display-component---AddNewContract--customerSelect-inner\"]"}
COMMAND: GET /session/457e17a5ac387caa92e8fd77ed96fa85/screenshot - {}
RESULT: {"using":"xpath","value":"//input[@id=\"application-managecontracts-display-component---AddNewContract--customerSelect-inner\"]"}
COMMAND: POST /session/457e17a5ac387caa92e8fd77ed96fa85/element/f.926BFD6822BE6588C43F56A434E828F6.d.CF304652C8735CE1CA98BB5F33D47176.e.7614/clear - {}
RESULT: {}
RESULT: {}
COMMAND: POST /session/457e17a5ac387caa92e8fd77ed96fa85/element/f.926BFD6822BE6588C43F56A434E828F6.d.CF304652C8735CE1CA98BB5F33D47176.e.7614/value - {"text":"1201"}
COMMAND: GET /session/457e17a5ac387caa92e8fd77ed96fa85/screenshot - {}
RESULT: {"text":"1201"}
COMMAND: GET /session/457e17a5ac387caa92e8fd77ed96fa85/screenshot - {}
RESULT: {}
RESULT: {}
COMMAND: POST /session/457e17a5ac387caa92e8fd77ed96fa85/element - {"using":"xpath","value":"//li[.//span[text()='1201']]"}
RESULT: {"using":"xpath","value":"//li[.//span[text()='1201']]"}
COMMAND: POST /session/457e17a5ac387caa92e8fd77ed96fa85/element/f.926BFD6822BE6588C43F56A434E828F6.d.CF304652C8735CE1CA98BB5F33D47176.e.7700/click - {}
RESULT: {}
COMMAND: GET /session/457e17a5ac387caa92e8fd77ed96fa85/screenshot - {}
RESULT: {}
COMMAND: POST /session/457e17a5ac387caa92e8fd77ed96fa85/element - {"using":"xpath","value":"//button[@data-kt=\"saveButton\"]"}
RESULT: {"using":"xpath","value":"//button[@data-kt=\"saveButton\"]"}
COMMAND: POST /session/457e17a5ac387caa92e8fd77ed96fa85/element/f.926BFD6822BE6588C43F56A434E828F6.d.CF304652C8735CE1CA98BB5F33D47176.e.7690/click - {}
RESULT: {}
COMMAND: GET /session/457e17a5ac387caa92e8fd77ed96fa85/screenshot - {}
RESULT: {}
COMMAND: POST /session/457e17a5ac387caa92e8fd77ed96fa85/element - {"using":"xpath","value":"//span[contains(@id ,\"contractDetailTitleNoExpanded\")]"}
RESULT: {"using":"xpath","value":"//span[contains(@id ,\"contractDetailTitleNoExpanded\")]"}
COMMAND: POST /session/457e17a5ac387caa92e8fd77ed96fa85/elements - {"using":"xpath","value":"//span[contains(@id ,\"contractDetailTitleNoExpanded\")]"}
RESULT: {"using":"xpath","value":"//span[contains(@id ,\"contractDetailTitleNoExpanded\")]"}
COMMAND: POST /session/457e17a5ac387caa92e8fd77ed96fa85/execute/sync - {"script":"<script> [56 bytes]","args":[{"element-6066-11e4-a52e-4f735466cecf":"f.926BFD6822BE6588C43F56A434E828F6.d.CF304652C8735CE1CA98BB5F33D47176.e.7773","ELEMENT":"f.926BFD6822BE6588C43F56A434E828F6.d.CF304652C8735CE1CA98BB5F33D47176.e.7773"}]}
RESULT: {"script":"<script> [56 bytes]","args":[{"element-6066-11e4-a52e-4f735466cecf":"f.926BFD6822BE6588C43F56A434E828F6.d.CF304652C8735CE1CA98BB5F33D47176.e.7773","ELEMENT":"f.926BFD6822BE6588C43F56A434E828F6.d.CF304652C8735CE1CA98BB5F33D47176.e.7773"}]}
COMMAND: GET /session/457e17a5ac387caa92e8fd77ed96fa85/screenshot - {}
RESULT: {}
]]></system-out>
    </testcase>
    <testcase classname="chrome.136_0_7103_93.windows.US134625_Set_up_price_condition_-_one_time" name="Should add the material to the contract" time="59.758">
      <system-out><![CDATA[
COMMAND: POST /session/457e17a5ac387caa92e8fd77ed96fa85/element - {"using":"xpath","value":"//button[@data-kt=\"contractDetailEditBtnButton\"]"}
RESULT: {"using":"xpath","value":"//button[@data-kt=\"contractDetailEditBtnButton\"]"}
COMMAND: POST /session/457e17a5ac387caa92e8fd77ed96fa85/element/f.926BFD6822BE6588C43F56A434E828F6.d.CF304652C8735CE1CA98BB5F33D47176.e.7775/click - {}
RESULT: {}
COMMAND: GET /session/457e17a5ac387caa92e8fd77ed96fa85/screenshot - {}
RESULT: {}
COMMAND: POST /session/457e17a5ac387caa92e8fd77ed96fa85/element - {"using":"xpath","value":"(//span[contains(text(), \"Additional Addresses\")])[2]"}
RESULT: {"using":"xpath","value":"(//span[contains(text(), \"Additional Addresses\")])[2]"}
COMMAND: POST /session/457e17a5ac387caa92e8fd77ed96fa85/element/f.926BFD6822BE6588C43F56A434E828F6.d.CF304652C8735CE1CA98BB5F33D47176.e.7832/click - {}
RESULT: {}
COMMAND: GET /session/457e17a5ac387caa92e8fd77ed96fa85/screenshot - {}
RESULT: {}
COMMAND: POST /session/457e17a5ac387caa92e8fd77ed96fa85/element - {"using":"xpath","value":"//button[@data-kt=\"btnAddTableRowOverflowToolbarButton\"]"}
RESULT: {"using":"xpath","value":"//button[@data-kt=\"btnAddTableRowOverflowToolbarButton\"]"}
COMMAND: POST /session/457e17a5ac387caa92e8fd77ed96fa85/element/f.926BFD6822BE6588C43F56A434E828F6.d.CF304652C8735CE1CA98BB5F33D47176.e.7835/click - {}
RESULT: {}
COMMAND: GET /session/457e17a5ac387caa92e8fd77ed96fa85/screenshot - {}
RESULT: {}
COMMAND: POST /session/457e17a5ac387caa92e8fd77ed96fa85/element - {"using":"xpath","value":"//div[(text() = 'Standard Entry' or . = 'Standard Entry')]"}
RESULT: {"using":"xpath","value":"//div[(text() = 'Standard Entry' or . = 'Standard Entry')]"}
COMMAND: POST /session/457e17a5ac387caa92e8fd77ed96fa85/element/f.926BFD6822BE6588C43F56A434E828F6.d.CF304652C8735CE1CA98BB5F33D47176.e.7837/click - {}
RESULT: {}
COMMAND: GET /session/457e17a5ac387caa92e8fd77ed96fa85/screenshot - {}
RESULT: {}
COMMAND: POST /session/457e17a5ac387caa92e8fd77ed96fa85/element - {"using":"xpath","value":"//td[6]/div/div/div/span"}
RESULT: {"using":"xpath","value":"//td[6]/div/div/div/span"}
COMMAND: POST /session/457e17a5ac387caa92e8fd77ed96fa85/element/f.926BFD6822BE6588C43F56A434E828F6.d.CF304652C8735CE1CA98BB5F33D47176.e.7849/click - {}
RESULT: {}
COMMAND: GET /session/457e17a5ac387caa92e8fd77ed96fa85/screenshot - {}
RESULT: {}
COMMAND: POST /session/457e17a5ac387caa92e8fd77ed96fa85/element - {"using":"xpath","value":"(//span[contains(text(), \"Material\")])"}
RESULT: {"using":"xpath","value":"(//span[contains(text(), \"Material\")])"}
COMMAND: POST /session/457e17a5ac387caa92e8fd77ed96fa85/element/f.926BFD6822BE6588C43F56A434E828F6.d.CF304652C8735CE1CA98BB5F33D47176.e.7850/click - {}
RESULT: {}
COMMAND: GET /session/457e17a5ac387caa92e8fd77ed96fa85/screenshot - {}
RESULT: {}
COMMAND: POST /session/457e17a5ac387caa92e8fd77ed96fa85/element - {"using":"xpath","value":"//td[7]/div/div/input"}
RESULT: {"using":"xpath","value":"//td[7]/div/div/input"}
COMMAND: POST /session/457e17a5ac387caa92e8fd77ed96fa85/element/f.926BFD6822BE6588C43F56A434E828F6.d.CF304652C8735CE1CA98BB5F33D47176.e.7854/clear - {}
RESULT: {}
COMMAND: POST /session/457e17a5ac387caa92e8fd77ed96fa85/element/f.926BFD6822BE6588C43F56A434E828F6.d.CF304652C8735CE1CA98BB5F33D47176.e.7854/value - {"text":"200218"}
COMMAND: GET /session/457e17a5ac387caa92e8fd77ed96fa85/screenshot - {}
RESULT: {"text":"200218"}
COMMAND: GET /session/457e17a5ac387caa92e8fd77ed96fa85/screenshot - {}
RESULT: {}
RESULT: {}
COMMAND: POST /session/457e17a5ac387caa92e8fd77ed96fa85/actions - {"actions":[{"id":"action24","type":"key","parameters":{},"actions":[{"type":"keyDown","value":""},{"type":"pause","duration":10},{"type":"keyUp","value":""}]}]}
RESULT: {"actions":[{"id":"action24","type":"key","parameters":{},"actions":[{"type":"keyDown","value":""},{"type":"pause","duration":10},{"type":"keyUp","value":""}]}]}
COMMAND: GET /session/457e17a5ac387caa92e8fd77ed96fa85/screenshot - {}
RESULT: {}
COMMAND: POST /session/457e17a5ac387caa92e8fd77ed96fa85/execute/sync - {"script":"<script> [276 bytes]","args":["No pricing information was found"]}
RESULT: {"script":"<script> [276 bytes]","args":["No pricing information was found"]}
COMMAND: POST /session/457e17a5ac387caa92e8fd77ed96fa85/element - {"using":"xpath","value":"(//button[@data-kt=\"saveButton\"])[2]"}
COMMAND: GET /session/457e17a5ac387caa92e8fd77ed96fa85/screenshot - {}
RESULT: {"using":"xpath","value":"(//button[@data-kt=\"saveButton\"])[2]"}
COMMAND: POST /session/457e17a5ac387caa92e8fd77ed96fa85/element/f.926BFD6822BE6588C43F56A434E828F6.d.CF304652C8735CE1CA98BB5F33D47176.e.7877/click - {}
RESULT: {}
RESULT: {}
COMMAND: GET /session/457e17a5ac387caa92e8fd77ed96fa85/screenshot - {}
RESULT: {}
COMMAND: POST /session/457e17a5ac387caa92e8fd77ed96fa85/execute/sync - {"script":"<script> [276 bytes]","args":["Some contract items are having rental validity exceeding header rental validity"]}
RESULT: {"script":"<script> [276 bytes]","args":["Some contract items are having rental validity exceeding header rental validity"]}
COMMAND: GET /session/457e17a5ac387caa92e8fd77ed96fa85/screenshot - {}
RESULT: {}
COMMAND: POST /session/457e17a5ac387caa92e8fd77ed96fa85/element - {"using":"xpath","value":"//span[contains(@id ,\"contractItemsSmartTable-header-inner\")]"}
RESULT: {"using":"xpath","value":"//span[contains(@id ,\"contractItemsSmartTable-header-inner\")]"}
COMMAND: POST /session/457e17a5ac387caa92e8fd77ed96fa85/elements - {"using":"xpath","value":"//span[contains(@id ,\"contractItemsSmartTable-header-inner\")]"}
RESULT: {"using":"xpath","value":"//span[contains(@id ,\"contractItemsSmartTable-header-inner\")]"}
COMMAND: POST /session/457e17a5ac387caa92e8fd77ed96fa85/execute/sync - {"script":"<script> [56 bytes]","args":[{"element-6066-11e4-a52e-4f735466cecf":"f.926BFD6822BE6588C43F56A434E828F6.d.CF304652C8735CE1CA98BB5F33D47176.e.7883","ELEMENT":"f.926BFD6822BE6588C43F56A434E828F6.d.CF304652C8735CE1CA98BB5F33D47176.e.7883"}]}
RESULT: {"script":"<script> [56 bytes]","args":[{"element-6066-11e4-a52e-4f735466cecf":"f.926BFD6822BE6588C43F56A434E828F6.d.CF304652C8735CE1CA98BB5F33D47176.e.7883","ELEMENT":"f.926BFD6822BE6588C43F56A434E828F6.d.CF304652C8735CE1CA98BB5F33D47176.e.7883"}]}
COMMAND: GET /session/457e17a5ac387caa92e8fd77ed96fa85/screenshot - {}
]]></system-out>
    </testcase>
    <testcase classname="chrome.136_0_7103_93.windows.US134625_Set_up_price_condition_-_one_time" name="Should verify the bill item creation and pricing condition" time="12.935">
      <system-out><![CDATA[
COMMAND: POST /session/457e17a5ac387caa92e8fd77ed96fa85/execute/async - {"script":"<script> [1562 bytes]","args":[{"selector":{"controlType":"sap.ui.core.Icon","viewName":"etm.portal.ui.managecontracts.view.Detail","properties":{"src":{"regex":{"source":"slim\\-arrow\\-right"}}}},"wdio_ui5_key":"etmportal.ui.managecontracts.view.Detailsap.ui.core.Icon{\"src\":{\"regex\":{\"source\":\"slim\\\\-arrow\\\\-right\"}}}"}]}
RESULT: {}
RESULT: {"script":"<script> [1562 bytes]","args":[{"selector":{"controlType":"sap.ui.core.Icon","viewName":"etm.portal.ui.managecontracts.view.Detail","properties":{"src":{"regex":{"source":"slim\\-arrow\\-right"}}}},"wdio_ui5_key":"etmportal.ui.managecontracts.view.Detailsap.ui.core.Icon{\"src\":{\"regex\":{\"source\":\"slim\\\\-arrow\\\\-right\"}}}"}]}
RESULT: undefined
COMMAND: POST /session/457e17a5ac387caa92e8fd77ed96fa85/element - {"using":"xpath","value":"//*[@id=\"__item1460-__clone3068-imgNav\"]"}
RESULT: {"using":"xpath","value":"//*[@id=\"__item1460-__clone3068-imgNav\"]"}
COMMAND: POST /session/457e17a5ac387caa92e8fd77ed96fa85/element/f.926BFD6822BE6588C43F56A434E828F6.d.CF304652C8735CE1CA98BB5F33D47176.e.7884/click - {}
RESULT: {}
COMMAND: GET /session/457e17a5ac387caa92e8fd77ed96fa85/screenshot - {}
COMMAND: POST /session/457e17a5ac387caa92e8fd77ed96fa85/execute/async - {"script":"<script> [1562 bytes]","args":[{"selector":{"controlType":"sap.m.Text","viewName":"etm.portal.ui.managecontracts.view.BillingItem","viewId":"application-managecontracts-display-component---BillingItem","bindingPath":{"propertyPath":"LINK_TO_C_BILL_TYPES/DESCRIPTION"}},"wdio_ui5_key":"etmportal.ui.managecontracts.view.BillingItemsap.m.Text{\"propertyPath\":\"LINK_TO_C_BILL_TYPES/DESCRIPTION\"}"}]}
RESULT: {}
RESULT: {"script":"<script> [1562 bytes]","args":[{"selector":{"controlType":"sap.m.Text","viewName":"etm.portal.ui.managecontracts.view.BillingItem","viewId":"application-managecontracts-display-component---BillingItem","bindingPath":{"propertyPath":"LINK_TO_C_BILL_TYPES/DESCRIPTION"}},"wdio_ui5_key":"etmportal.ui.managecontracts.view.BillingItemsap.m.Text{\"propertyPath\":\"LINK_TO_C_BILL_TYPES/DESCRIPTION\"}"}]}
RESULT: undefined
COMMAND: POST /session/457e17a5ac387caa92e8fd77ed96fa85/execute/async - {"script":"<script> [6424 bytes]","args":[{"element-6066-11e4-a52e-4f735466cecf":"f.926BFD6822BE6588C43F56A434E828F6.d.CF304652C8735CE1CA98BB5F33D47176.e.7923"},"getText",[]]}
RESULT: {"script":"<script> [6424 bytes]","args":[{"element-6066-11e4-a52e-4f735466cecf":"f.926BFD6822BE6588C43F56A434E828F6.d.CF304652C8735CE1CA98BB5F33D47176.e.7923"},"getText",[]]}
COMMAND: POST /session/457e17a5ac387caa92e8fd77ed96fa85/execute/async - {"script":"<script> [1562 bytes]","args":[{"selector":{"controlType":"sap.m.ObjectNumber","viewName":"etm.portal.ui.managecontracts.view.BillingItem","viewId":"application-managecontracts-display-component---BillingItem","bindingPath":{"propertyPath":"BASE_PRICE"}},"wdio_ui5_key":"etmportal.ui.managecontracts.view.BillingItemsap.m.ObjectNumber{\"propertyPath\":\"BASE_PRICE\"}"}]}
RESULT: {"script":"<script> [1562 bytes]","args":[{"selector":{"controlType":"sap.m.ObjectNumber","viewName":"etm.portal.ui.managecontracts.view.BillingItem","viewId":"application-managecontracts-display-component---BillingItem","bindingPath":{"propertyPath":"BASE_PRICE"}},"wdio_ui5_key":"etmportal.ui.managecontracts.view.BillingItemsap.m.ObjectNumber{\"propertyPath\":\"BASE_PRICE\"}"}]}
RESULT: undefined
COMMAND: POST /session/457e17a5ac387caa92e8fd77ed96fa85/execute/async - {"script":"<script> [6424 bytes]","args":[{"element-6066-11e4-a52e-4f735466cecf":"f.926BFD6822BE6588C43F56A434E828F6.d.CF304652C8735CE1CA98BB5F33D47176.e.7924"},"getNumber",[]]}
RESULT: {"script":"<script> [6424 bytes]","args":[{"element-6066-11e4-a52e-4f735466cecf":"f.926BFD6822BE6588C43F56A434E828F6.d.CF304652C8735CE1CA98BB5F33D47176.e.7924"},"getNumber",[]]}
COMMAND: POST /session/457e17a5ac387caa92e8fd77ed96fa85/execute/async - {"script":"<script> [1562 bytes]","args":[{"selector":{"controlType":"sap.m.ObjectNumber","viewName":"etm.portal.ui.managecontracts.view.BillingItem","viewId":"application-managecontracts-display-component---BillingItem","bindingPath":{"propertyPath":"BASE_QUANTITY"}},"wdio_ui5_key":"etmportal.ui.managecontracts.view.BillingItemsap.m.ObjectNumber{\"propertyPath\":\"BASE_QUANTITY\"}"}]}
RESULT: {"script":"<script> [1562 bytes]","args":[{"selector":{"controlType":"sap.m.ObjectNumber","viewName":"etm.portal.ui.managecontracts.view.BillingItem","viewId":"application-managecontracts-display-component---BillingItem","bindingPath":{"propertyPath":"BASE_QUANTITY"}},"wdio_ui5_key":"etmportal.ui.managecontracts.view.BillingItemsap.m.ObjectNumber{\"propertyPath\":\"BASE_QUANTITY\"}"}]}
RESULT: undefined
COMMAND: POST /session/457e17a5ac387caa92e8fd77ed96fa85/execute/async - {"script":"<script> [6424 bytes]","args":[{"element-6066-11e4-a52e-4f735466cecf":"f.926BFD6822BE6588C43F56A434E828F6.d.CF304652C8735CE1CA98BB5F33D47176.e.7925"},"getNumber",[]]}
RESULT: {"script":"<script> [6424 bytes]","args":[{"element-6066-11e4-a52e-4f735466cecf":"f.926BFD6822BE6588C43F56A434E828F6.d.CF304652C8735CE1CA98BB5F33D47176.e.7925"},"getNumber",[]]}
COMMAND: DELETE /session/457e17a5ac387caa92e8fd77ed96fa85 - {}
RESULT: {}
]]></system-out>
    </testcase>
  </testsuite>
</testsuites>