<?xml version="1.0" encoding="UTF-8"?>
<testsuites tests="3" failures="0" errors="0" skipped="0">
  <testsuite timestamp="2025-04-28T18:04:15" time="231.986" tests="3" failures="0" errors="0" skipped="0">
    <properties>
      <property name="specId" value="0" />
      <property name="suiteName" value="Address Management Tests US151165 US151160" />
      <property name="capabilities" value="chrome.135_0_7049_96.windows" />
      <property name="file" value="file:///D:/a/1/s/test/specs/BTS/address-management.spec.js" />
    </properties>
    <testcase classname="chrome.135_0_7049_96.windows.Address_Management_Tests_US151165_US151160" name="Step 1 Will check existence of address created with generated name if none then we create" time="69.361">
      <system-out><![CDATA[
COMMAND: POST /session/941d43ecdcc0c75dcc0f2ed8f3db9102/execute/async - {"script":"<script> [1562 bytes]","args":[{"selector":{"controlType":"sap.m.GenericTile","properties":{"header":"Address Management"}},"wdio_ui5_key":"sapm.GenericTile{\"header\":\"Address Management\"}"}]}
RESULT: {"script":"<script> [1562 bytes]","args":[{"selector":{"controlType":"sap.m.GenericTile","properties":{"header":"Address Management"}},"wdio_ui5_key":"sapm.GenericTile{\"header\":\"Address Management\"}"}]}
RESULT: undefined
COMMAND: POST /session/941d43ecdcc0c75dcc0f2ed8f3db9102/element - {"using":"xpath","value":"//*[@id=\"__tile33\"]"}
RESULT: {"using":"xpath","value":"//*[@id=\"__tile33\"]"}
COMMAND: POST /session/941d43ecdcc0c75dcc0f2ed8f3db9102/element/f.DCC36E8675049FDC2B1F19A908E8F0BA.d.B2DD0E4BEDA361E7C831CBE6DF668EBB.e.224/click - {}
RESULT: {}
COMMAND: POST /session/941d43ecdcc0c75dcc0f2ed8f3db9102/element - {"using":"xpath","value":"//button[@data-kt=\"addButton\"]"}
COMMAND: GET /session/941d43ecdcc0c75dcc0f2ed8f3db9102/screenshot - {}
RESULT: {"using":"xpath","value":"//button[@data-kt=\"addButton\"]"}
COMMAND: POST /session/941d43ecdcc0c75dcc0f2ed8f3db9102/elements - {"using":"xpath","value":"//button[@data-kt=\"addButton\"]"}
RESULT: {}
RESULT: {"using":"xpath","value":"//button[@data-kt=\"addButton\"]"}
COMMAND: POST /session/941d43ecdcc0c75dcc0f2ed8f3db9102/elements - {"using":"xpath","value":"//button[@data-kt=\"addButton\"]"}
RESULT: {"using":"xpath","value":"//button[@data-kt=\"addButton\"]"}
COMMAND: POST /session/941d43ecdcc0c75dcc0f2ed8f3db9102/elements - {"using":"xpath","value":"//button[@data-kt=\"addButton\"]"}
RESULT: {"using":"xpath","value":"//button[@data-kt=\"addButton\"]"}
COMMAND: POST /session/941d43ecdcc0c75dcc0f2ed8f3db9102/elements - {"using":"xpath","value":"//button[@data-kt=\"addButton\"]"}
RESULT: {"using":"xpath","value":"//button[@data-kt=\"addButton\"]"}
COMMAND: POST /session/941d43ecdcc0c75dcc0f2ed8f3db9102/elements - {"using":"xpath","value":"//button[@data-kt=\"addButton\"]"}
RESULT: {"using":"xpath","value":"//button[@data-kt=\"addButton\"]"}
COMMAND: POST /session/941d43ecdcc0c75dcc0f2ed8f3db9102/elements - {"using":"xpath","value":"//button[@data-kt=\"addButton\"]"}
RESULT: {"using":"xpath","value":"//button[@data-kt=\"addButton\"]"}
COMMAND: POST /session/941d43ecdcc0c75dcc0f2ed8f3db9102/elements - {"using":"xpath","value":"//button[@data-kt=\"addButton\"]"}
RESULT: {"using":"xpath","value":"//button[@data-kt=\"addButton\"]"}
COMMAND: POST /session/941d43ecdcc0c75dcc0f2ed8f3db9102/elements - {"using":"xpath","value":"//button[@data-kt=\"addButton\"]"}
RESULT: {"using":"xpath","value":"//button[@data-kt=\"addButton\"]"}
COMMAND: POST /session/941d43ecdcc0c75dcc0f2ed8f3db9102/elements - {"using":"xpath","value":"//button[@data-kt=\"addButton\"]"}
RESULT: {"using":"xpath","value":"//button[@data-kt=\"addButton\"]"}
COMMAND: POST /session/941d43ecdcc0c75dcc0f2ed8f3db9102/elements - {"using":"xpath","value":"//button[@data-kt=\"addButton\"]"}
RESULT: {"using":"xpath","value":"//button[@data-kt=\"addButton\"]"}
COMMAND: POST /session/941d43ecdcc0c75dcc0f2ed8f3db9102/elements - {"using":"xpath","value":"//button[@data-kt=\"addButton\"]"}
RESULT: {"using":"xpath","value":"//button[@data-kt=\"addButton\"]"}
COMMAND: POST /session/941d43ecdcc0c75dcc0f2ed8f3db9102/elements - {"using":"xpath","value":"//button[@data-kt=\"addButton\"]"}
RESULT: {"using":"xpath","value":"//button[@data-kt=\"addButton\"]"}
COMMAND: POST /session/941d43ecdcc0c75dcc0f2ed8f3db9102/elements - {"using":"xpath","value":"//button[@data-kt=\"addButton\"]"}
RESULT: {"using":"xpath","value":"//button[@data-kt=\"addButton\"]"}
COMMAND: POST /session/941d43ecdcc0c75dcc0f2ed8f3db9102/elements - {"using":"xpath","value":"//button[@data-kt=\"addButton\"]"}
RESULT: {"using":"xpath","value":"//button[@data-kt=\"addButton\"]"}
COMMAND: POST /session/941d43ecdcc0c75dcc0f2ed8f3db9102/elements - {"using":"xpath","value":"//button[@data-kt=\"addButton\"]"}
RESULT: {"using":"xpath","value":"//button[@data-kt=\"addButton\"]"}
COMMAND: POST /session/941d43ecdcc0c75dcc0f2ed8f3db9102/elements - {"using":"xpath","value":"//button[@data-kt=\"addButton\"]"}
RESULT: {"using":"xpath","value":"//button[@data-kt=\"addButton\"]"}
COMMAND: POST /session/941d43ecdcc0c75dcc0f2ed8f3db9102/elements - {"using":"xpath","value":"//button[@data-kt=\"addButton\"]"}
RESULT: {"using":"xpath","value":"//button[@data-kt=\"addButton\"]"}
COMMAND: POST /session/941d43ecdcc0c75dcc0f2ed8f3db9102/elements - {"using":"xpath","value":"//button[@data-kt=\"addButton\"]"}
RESULT: {"using":"xpath","value":"//button[@data-kt=\"addButton\"]"}
COMMAND: POST /session/941d43ecdcc0c75dcc0f2ed8f3db9102/elements - {"using":"xpath","value":"//button[@data-kt=\"addButton\"]"}
RESULT: {"using":"xpath","value":"//button[@data-kt=\"addButton\"]"}
COMMAND: POST /session/941d43ecdcc0c75dcc0f2ed8f3db9102/elements - {"using":"xpath","value":"//button[@data-kt=\"addButton\"]"}
RESULT: {"using":"xpath","value":"//button[@data-kt=\"addButton\"]"}
COMMAND: POST /session/941d43ecdcc0c75dcc0f2ed8f3db9102/elements - {"using":"xpath","value":"//button[@data-kt=\"addButton\"]"}
RESULT: {"using":"xpath","value":"//button[@data-kt=\"addButton\"]"}
COMMAND: POST /session/941d43ecdcc0c75dcc0f2ed8f3db9102/elements - {"using":"xpath","value":"//button[@data-kt=\"addButton\"]"}
RESULT: {"using":"xpath","value":"//button[@data-kt=\"addButton\"]"}
COMMAND: POST /session/941d43ecdcc0c75dcc0f2ed8f3db9102/elements - {"using":"xpath","value":"//button[@data-kt=\"addButton\"]"}
RESULT: {"using":"xpath","value":"//button[@data-kt=\"addButton\"]"}
COMMAND: POST /session/941d43ecdcc0c75dcc0f2ed8f3db9102/elements - {"using":"xpath","value":"//button[@data-kt=\"addButton\"]"}
RESULT: {"using":"xpath","value":"//button[@data-kt=\"addButton\"]"}
COMMAND: POST /session/941d43ecdcc0c75dcc0f2ed8f3db9102/elements - {"using":"xpath","value":"//button[@data-kt=\"addButton\"]"}
RESULT: {"using":"xpath","value":"//button[@data-kt=\"addButton\"]"}
COMMAND: POST /session/941d43ecdcc0c75dcc0f2ed8f3db9102/elements - {"using":"xpath","value":"//button[@data-kt=\"addButton\"]"}
RESULT: {"using":"xpath","value":"//button[@data-kt=\"addButton\"]"}
COMMAND: POST /session/941d43ecdcc0c75dcc0f2ed8f3db9102/elements - {"using":"xpath","value":"//button[@data-kt=\"addButton\"]"}
RESULT: {"using":"xpath","value":"//button[@data-kt=\"addButton\"]"}
COMMAND: POST /session/941d43ecdcc0c75dcc0f2ed8f3db9102/elements - {"using":"xpath","value":"//button[@data-kt=\"addButton\"]"}
RESULT: {"using":"xpath","value":"//button[@data-kt=\"addButton\"]"}
COMMAND: POST /session/941d43ecdcc0c75dcc0f2ed8f3db9102/elements - {"using":"xpath","value":"//button[@data-kt=\"addButton\"]"}
RESULT: {"using":"xpath","value":"//button[@data-kt=\"addButton\"]"}
COMMAND: POST /session/941d43ecdcc0c75dcc0f2ed8f3db9102/elements - {"using":"xpath","value":"//button[@data-kt=\"addButton\"]"}
RESULT: {"using":"xpath","value":"//button[@data-kt=\"addButton\"]"}
COMMAND: POST /session/941d43ecdcc0c75dcc0f2ed8f3db9102/elements - {"using":"xpath","value":"//button[@data-kt=\"addButton\"]"}
RESULT: {"using":"xpath","value":"//button[@data-kt=\"addButton\"]"}
COMMAND: POST /session/941d43ecdcc0c75dcc0f2ed8f3db9102/elements - {"using":"xpath","value":"//button[@data-kt=\"addButton\"]"}
RESULT: {"using":"xpath","value":"//button[@data-kt=\"addButton\"]"}
COMMAND: POST /session/941d43ecdcc0c75dcc0f2ed8f3db9102/elements - {"using":"xpath","value":"//button[@data-kt=\"addButton\"]"}
RESULT: {"using":"xpath","value":"//button[@data-kt=\"addButton\"]"}
COMMAND: POST /session/941d43ecdcc0c75dcc0f2ed8f3db9102/element - {"using":"xpath","value":"//button[@data-kt=\"addButton\"]"}
RESULT: {"using":"xpath","value":"//button[@data-kt=\"addButton\"]"}
COMMAND: POST /session/941d43ecdcc0c75dcc0f2ed8f3db9102/execute/sync - {"script":"<script> [8489 bytes]","args":[{"element-6066-11e4-a52e-4f735466cecf":"f.DCC36E8675049FDC2B1F19A908E8F0BA.d.B2DD0E4BEDA361E7C831CBE6DF668EBB.e.315","ELEMENT":"f.DCC36E8675049FDC2B1F19A908E8F0BA.d.B2DD0E4BEDA361E7C831CBE6DF668EBB.e.315"}]}
RESULT: {"script":"<script> [8489 bytes]","args":[{"element-6066-11e4-a52e-4f735466cecf":"f.DCC36E8675049FDC2B1F19A908E8F0BA.d.B2DD0E4BEDA361E7C831CBE6DF668EBB.e.315","ELEMENT":"f.DCC36E8675049FDC2B1F19A908E8F0BA.d.B2DD0E4BEDA361E7C831CBE6DF668EBB.e.315"}]}
COMMAND: GET /session/941d43ecdcc0c75dcc0f2ed8f3db9102/element/f.DCC36E8675049FDC2B1F19A908E8F0BA.d.B2DD0E4BEDA361E7C831CBE6DF668EBB.e.315/enabled - {}
COMMAND: GET /session/941d43ecdcc0c75dcc0f2ed8f3db9102/screenshot - {}
RESULT: {}
COMMAND: POST /session/941d43ecdcc0c75dcc0f2ed8f3db9102/execute/sync - {"script":"<script> [8489 bytes]","args":[{"element-6066-11e4-a52e-4f735466cecf":"f.DCC36E8675049FDC2B1F19A908E8F0BA.d.B2DD0E4BEDA361E7C831CBE6DF668EBB.e.315","ELEMENT":"f.DCC36E8675049FDC2B1F19A908E8F0BA.d.B2DD0E4BEDA361E7C831CBE6DF668EBB.e.315"}]}
COMMAND: GET /session/941d43ecdcc0c75dcc0f2ed8f3db9102/screenshot - {}
RESULT: {}
RESULT: {"script":"<script> [8489 bytes]","args":[{"element-6066-11e4-a52e-4f735466cecf":"f.DCC36E8675049FDC2B1F19A908E8F0BA.d.B2DD0E4BEDA361E7C831CBE6DF668EBB.e.315","ELEMENT":"f.DCC36E8675049FDC2B1F19A908E8F0BA.d.B2DD0E4BEDA361E7C831CBE6DF668EBB.e.315"}]}
COMMAND: POST /session/941d43ecdcc0c75dcc0f2ed8f3db9102/execute/sync - {"script":"<script> [5351 bytes]","args":[{"element-6066-11e4-a52e-4f735466cecf":"f.DCC36E8675049FDC2B1F19A908E8F0BA.d.B2DD0E4BEDA361E7C831CBE6DF668EBB.e.315","ELEMENT":"f.DCC36E8675049FDC2B1F19A908E8F0BA.d.B2DD0E4BEDA361E7C831CBE6DF668EBB.e.315"}]}
COMMAND: GET /session/941d43ecdcc0c75dcc0f2ed8f3db9102/screenshot - {}
RESULT: {}
RESULT: {"script":"<script> [5351 bytes]","args":[{"element-6066-11e4-a52e-4f735466cecf":"f.DCC36E8675049FDC2B1F19A908E8F0BA.d.B2DD0E4BEDA361E7C831CBE6DF668EBB.e.315","ELEMENT":"f.DCC36E8675049FDC2B1F19A908E8F0BA.d.B2DD0E4BEDA361E7C831CBE6DF668EBB.e.315"}]}
COMMAND: GET /session/941d43ecdcc0c75dcc0f2ed8f3db9102/screenshot - {}
RESULT: {}
RESULT: {}
COMMAND: POST /session/941d43ecdcc0c75dcc0f2ed8f3db9102/execute/async - {"script":"<script> [1562 bytes]","args":[{"selector":{"id":"application-addressmanagement-display-component---masterAdm--smartFilterBar-btnBasicSearch","interaction":{"idSuffix":"I"}},"wdio_ui5_key":"applicationaddressmanagement-display-component---masterAdm--smartFilterBar-btnBasicSearch"}]}
RESULT: {"script":"<script> [1562 bytes]","args":[{"selector":{"id":"application-addressmanagement-display-component---masterAdm--smartFilterBar-btnBasicSearch","interaction":{"idSuffix":"I"}},"wdio_ui5_key":"applicationaddressmanagement-display-component---masterAdm--smartFilterBar-btnBasicSearch"}]}
RESULT: undefined
COMMAND: POST /session/941d43ecdcc0c75dcc0f2ed8f3db9102/execute/async - {"script":"<script> [776 bytes]","args":[{"enterText":"Wvfuse4mkB","selector":{"id":"application-addressmanagement-display-component---masterAdm--smartFilterBar-btnBasicSearch","interaction":{"idSuffix":"I"}},"clearTextFirst":true,"interactionType":"ENTER_TEXT"}]}
RESULT: {"script":"<script> [776 bytes]","args":[{"enterText":"Wvfuse4mkB","selector":{"id":"application-addressmanagement-display-component---masterAdm--smartFilterBar-btnBasicSearch","interaction":{"idSuffix":"I"}},"clearTextFirst":true,"interactionType":"ENTER_TEXT"}]}
COMMAND: POST /session/941d43ecdcc0c75dcc0f2ed8f3db9102/actions - {"actions":[{"id":"action1","type":"key","parameters":{},"actions":[{"type":"keyDown","value":"î€‡"},{"type":"pause","duration":10},{"type":"keyUp","value":"î€‡"}]}]}
RESULT: {"actions":[{"id":"action1","type":"key","parameters":{},"actions":[{"type":"keyDown","value":"î€‡"},{"type":"pause","duration":10},{"type":"keyUp","value":"î€‡"}]}]}
COMMAND: GET /session/941d43ecdcc0c75dcc0f2ed8f3db9102/screenshot - {}
RESULT: {}
COMMAND: POST /session/941d43ecdcc0c75dcc0f2ed8f3db9102/elements - {"using":"xpath","value":"//table[contains(@id, \"customPersonsAddressesTable-listUl\")]/tbody/tr"}
RESULT: {"using":"xpath","value":"//table[contains(@id, \"customPersonsAddressesTable-listUl\")]/tbody/tr"}
COMMAND: POST /session/941d43ecdcc0c75dcc0f2ed8f3db9102/element - {"using":"xpath","value":"//table[contains(@id, \"customPersonsAddressesTable-listUl\")]/tbody/tr[1]/td[5]/span/span"}
RESULT: {"using":"xpath","value":"//table[contains(@id, \"customPersonsAddressesTable-listUl\")]/tbody/tr[1]/td[5]/span/span"}
COMMAND: POST /session/941d43ecdcc0c75dcc0f2ed8f3db9102/element - {"using":"xpath","value":"//table[contains(@id, \"customPersonsAddressesTable-listUl\")]/tbody/tr[1]/td[3]/span"}
RESULT: {"using":"xpath","value":"//table[contains(@id, \"customPersonsAddressesTable-listUl\")]/tbody/tr[1]/td[3]/span"}
COMMAND: POST /session/941d43ecdcc0c75dcc0f2ed8f3db9102/elements - {"using":"xpath","value":"//table[contains(@id, \"customPersonsAddressesTable-listUl\")]/tbody/tr[1]/td[5]/span/span"}
RESULT: {"using":"xpath","value":"//table[contains(@id, \"customPersonsAddressesTable-listUl\")]/tbody/tr[1]/td[5]/span/span"}
COMMAND: POST /session/941d43ecdcc0c75dcc0f2ed8f3db9102/element - {"using":"xpath","value":"//span[@id=\"application-addressmanagement-display-component---masterAdm--smartTable-header-inner\"]"}
RESULT: {"using":"xpath","value":"//span[@id=\"application-addressmanagement-display-component---masterAdm--smartTable-header-inner\"]"}
COMMAND: POST /session/941d43ecdcc0c75dcc0f2ed8f3db9102/elements - {"using":"xpath","value":"//span[@id=\"application-addressmanagement-display-component---masterAdm--smartTable-header-inner\"]"}
RESULT: {"using":"xpath","value":"//span[@id=\"application-addressmanagement-display-component---masterAdm--smartTable-header-inner\"]"}
COMMAND: POST /session/941d43ecdcc0c75dcc0f2ed8f3db9102/execute/sync - {"script":"<script> [56 bytes]","args":[{"element-6066-11e4-a52e-4f735466cecf":"f.DCC36E8675049FDC2B1F19A908E8F0BA.d.B2DD0E4BEDA361E7C831CBE6DF668EBB.e.457","ELEMENT":"f.DCC36E8675049FDC2B1F19A908E8F0BA.d.B2DD0E4BEDA361E7C831CBE6DF668EBB.e.457"}]}
RESULT: {"script":"<script> [56 bytes]","args":[{"element-6066-11e4-a52e-4f735466cecf":"f.DCC36E8675049FDC2B1F19A908E8F0BA.d.B2DD0E4BEDA361E7C831CBE6DF668EBB.e.457","ELEMENT":"f.DCC36E8675049FDC2B1F19A908E8F0BA.d.B2DD0E4BEDA361E7C831CBE6DF668EBB.e.457"}]}
COMMAND: POST /session/941d43ecdcc0c75dcc0f2ed8f3db9102/element - {"using":"xpath","value":"//button[@data-kt=\"addButton\"]"}
COMMAND: GET /session/941d43ecdcc0c75dcc0f2ed8f3db9102/screenshot - {}
RESULT: {"using":"xpath","value":"//button[@data-kt=\"addButton\"]"}
COMMAND: POST /session/941d43ecdcc0c75dcc0f2ed8f3db9102/element/f.DCC36E8675049FDC2B1F19A908E8F0BA.d.B2DD0E4BEDA361E7C831CBE6DF668EBB.e.315/click - {}
RESULT: {}
RESULT: {}
COMMAND: GET /session/941d43ecdcc0c75dcc0f2ed8f3db9102/screenshot - {}
RESULT: {}
COMMAND: POST /session/941d43ecdcc0c75dcc0f2ed8f3db9102/execute/async - {"script":"<script> [1562 bytes]","args":[{"selector":{"controlType":"sap.ui.core.Icon","viewName":"etm.portal.ui.addressmanagement.view.NewAddress","properties":{"src":{"regex":{"source":"slim\\-arrow\\-down"}}},"ancestor":{"id":"addressTitle","viewName":"etm.portal.ui.addressmanagement.view.NewAddress"}},"wdio_ui5_key":"etmportal.ui.addressmanagement.view.NewAddresssap.ui.core.Icon{\"src\":{\"regex\":{\"source\":\"slim\\\\-arrow\\\\-down\"}}}{\"id\":\"addressTitle\",\"viewName\":\"etm.portal.ui.addressmanagement.view.NewAddress\"}"}]}
RESULT: {"script":"<script> [1562 bytes]","args":[{"selector":{"controlType":"sap.ui.core.Icon","viewName":"etm.portal.ui.addressmanagement.view.NewAddress","properties":{"src":{"regex":{"source":"slim\\-arrow\\-down"}}},"ancestor":{"id":"addressTitle","viewName":"etm.portal.ui.addressmanagement.view.NewAddress"}},"wdio_ui5_key":"etmportal.ui.addressmanagement.view.NewAddresssap.ui.core.Icon{\"src\":{\"regex\":{\"source\":\"slim\\\\-arrow\\\\-down\"}}}{\"id\":\"addressTitle\",\"viewName\":\"etm.portal.ui.addressmanagement.view.NewAddress\"}"}]}
RESULT: undefined
COMMAND: POST /session/941d43ecdcc0c75dcc0f2ed8f3db9102/element - {"using":"xpath","value":"//*[@id=\"__xmlview58--addressTitle-arrow\"]"}
RESULT: {"using":"xpath","value":"//*[@id=\"__xmlview58--addressTitle-arrow\"]"}
COMMAND: POST /session/941d43ecdcc0c75dcc0f2ed8f3db9102/element/f.DCC36E8675049FDC2B1F19A908E8F0BA.d.B2DD0E4BEDA361E7C831CBE6DF668EBB.e.487/click - {}
RESULT: {}
COMMAND: GET /session/941d43ecdcc0c75dcc0f2ed8f3db9102/screenshot - {}
RESULT: {}
COMMAND: POST /session/941d43ecdcc0c75dcc0f2ed8f3db9102/element - {"using":"xpath","value":"//li[.//span[text()=\"Dr.\"]]"}
RESULT: {"using":"xpath","value":"//li[.//span[text()=\"Dr.\"]]"}
COMMAND: POST /session/941d43ecdcc0c75dcc0f2ed8f3db9102/element/f.DCC36E8675049FDC2B1F19A908E8F0BA.d.B2DD0E4BEDA361E7C831CBE6DF668EBB.e.599/click - {}
RESULT: {}
COMMAND: POST /session/941d43ecdcc0c75dcc0f2ed8f3db9102/execute/async - {"script":"<script> [1562 bytes]","args":[{"selector":{"controlType":"sap.ui.core.Icon","viewName":"etm.portal.ui.addressmanagement.view.NewAddress","properties":{"src":{"regex":{"source":"slim\\-arrow\\-down"}}},"ancestor":{"id":"addressDetailDetailsLanguage","viewName":"etm.portal.ui.addressmanagement.view.NewAddress"}},"wdio_ui5_key":"etmportal.ui.addressmanagement.view.NewAddresssap.ui.core.Icon{\"src\":{\"regex\":{\"source\":\"slim\\\\-arrow\\\\-down\"}}}{\"id\":\"addressDetailDetailsLanguage\",\"viewName\":\"etm.portal.ui.addressmanagement.view.NewAddress\"}"}]}
COMMAND: GET /session/941d43ecdcc0c75dcc0f2ed8f3db9102/screenshot - {}
RESULT: {"script":"<script> [1562 bytes]","args":[{"selector":{"controlType":"sap.ui.core.Icon","viewName":"etm.portal.ui.addressmanagement.view.NewAddress","properties":{"src":{"regex":{"source":"slim\\-arrow\\-down"}}},"ancestor":{"id":"addressDetailDetailsLanguage","viewName":"etm.portal.ui.addressmanagement.view.NewAddress"}},"wdio_ui5_key":"etmportal.ui.addressmanagement.view.NewAddresssap.ui.core.Icon{\"src\":{\"regex\":{\"source\":\"slim\\\\-arrow\\\\-down\"}}}{\"id\":\"addressDetailDetailsLanguage\",\"viewName\":\"etm.portal.ui.addressmanagement.view.NewAddress\"}"}]}
RESULT: undefined
COMMAND: POST /session/941d43ecdcc0c75dcc0f2ed8f3db9102/element - {"using":"xpath","value":"//*[@id=\"__xmlview58--addressDetailDetailsLanguage-arrow\"]"}
RESULT: {}
RESULT: {"using":"xpath","value":"//*[@id=\"__xmlview58--addressDetailDetailsLanguage-arrow\"]"}
COMMAND: POST /session/941d43ecdcc0c75dcc0f2ed8f3db9102/element/f.DCC36E8675049FDC2B1F19A908E8F0BA.d.B2DD0E4BEDA361E7C831CBE6DF668EBB.e.500/click - {}
RESULT: {}
COMMAND: GET /session/941d43ecdcc0c75dcc0f2ed8f3db9102/screenshot - {}
RESULT: {}
COMMAND: POST /session/941d43ecdcc0c75dcc0f2ed8f3db9102/element - {"using":"xpath","value":"//span[contains(text(), \"English\")]"}
RESULT: {"using":"xpath","value":"//span[contains(text(), \"English\")]"}
COMMAND: POST /session/941d43ecdcc0c75dcc0f2ed8f3db9102/element/f.DCC36E8675049FDC2B1F19A908E8F0BA.d.B2DD0E4BEDA361E7C831CBE6DF668EBB.e.600/click - {}
RESULT: {}
COMMAND: POST /session/941d43ecdcc0c75dcc0f2ed8f3db9102/execute/async - {"script":"<script> [1562 bytes]","args":[{"selector":{"controlType":"sap.m.Input","viewName":"etm.portal.ui.addressmanagement.view.NewAddress","labelFor":{"text":"Name"},"interaction":{"idSuffix":"inner"}},"wdio_ui5_key":"etmportal.ui.addressmanagement.view.NewAddresssap.m.Input{\"text\":\"Name\"}"}]}
COMMAND: GET /session/941d43ecdcc0c75dcc0f2ed8f3db9102/screenshot - {}
RESULT: {"script":"<script> [1562 bytes]","args":[{"selector":{"controlType":"sap.m.Input","viewName":"etm.portal.ui.addressmanagement.view.NewAddress","labelFor":{"text":"Name"},"interaction":{"idSuffix":"inner"}},"wdio_ui5_key":"etmportal.ui.addressmanagement.view.NewAddresssap.m.Input{\"text\":\"Name\"}"}]}
RESULT: undefined
COMMAND: POST /session/941d43ecdcc0c75dcc0f2ed8f3db9102/execute/async - {"script":"<script> [776 bytes]","args":[{"enterText":"Wvfuse4mkB","selector":{"controlType":"sap.m.Input","viewName":"etm.portal.ui.addressmanagement.view.NewAddress","labelFor":{"text":"Name"},"interaction":{"idSuffix":"inner"}},"clearTextFirst":true,"interactionType":"ENTER_TEXT"}]}
RESULT: {}
RESULT: {"script":"<script> [776 bytes]","args":[{"enterText":"Wvfuse4mkB","selector":{"controlType":"sap.m.Input","viewName":"etm.portal.ui.addressmanagement.view.NewAddress","labelFor":{"text":"Name"},"interaction":{"idSuffix":"inner"}},"clearTextFirst":true,"interactionType":"ENTER_TEXT"}]}
COMMAND: POST /session/941d43ecdcc0c75dcc0f2ed8f3db9102/element - {"using":"xpath","value":"//button[@title=\"Save\"]"}
RESULT: {"using":"xpath","value":"//button[@title=\"Save\"]"}
COMMAND: POST /session/941d43ecdcc0c75dcc0f2ed8f3db9102/element/f.DCC36E8675049FDC2B1F19A908E8F0BA.d.B2DD0E4BEDA361E7C831CBE6DF668EBB.e.589/click - {}
RESULT: {}
COMMAND: GET /session/941d43ecdcc0c75dcc0f2ed8f3db9102/screenshot - {}
RESULT: {}
COMMAND: POST /session/941d43ecdcc0c75dcc0f2ed8f3db9102/element - {"using":"xpath","value":"//header[contains(@id, \"application-addressmanagement-display-component---detailAdm--ObjectPageLayout-headerTitle\")]/div[1]/div[3]/div[2]/span"}
RESULT: {"using":"xpath","value":"//header[contains(@id, \"application-addressmanagement-display-component---detailAdm--ObjectPageLayout-headerTitle\")]/div[1]/div[3]/div[2]/span"}
COMMAND: POST /session/941d43ecdcc0c75dcc0f2ed8f3db9102/elements - {"using":"xpath","value":"//header[contains(@id, \"application-addressmanagement-display-component---detailAdm--ObjectPageLayout-headerTitle\")]/div[1]/div[3]/div[2]/span"}
RESULT: {"using":"xpath","value":"//header[contains(@id, \"application-addressmanagement-display-component---detailAdm--ObjectPageLayout-headerTitle\")]/div[1]/div[3]/div[2]/span"}
COMMAND: POST /session/941d43ecdcc0c75dcc0f2ed8f3db9102/execute/sync - {"script":"<script> [56 bytes]","args":[{"element-6066-11e4-a52e-4f735466cecf":"f.DCC36E8675049FDC2B1F19A908E8F0BA.d.B2DD0E4BEDA361E7C831CBE6DF668EBB.e.624","ELEMENT":"f.DCC36E8675049FDC2B1F19A908E8F0BA.d.B2DD0E4BEDA361E7C831CBE6DF668EBB.e.624"}]}
RESULT: {"script":"<script> [56 bytes]","args":[{"element-6066-11e4-a52e-4f735466cecf":"f.DCC36E8675049FDC2B1F19A908E8F0BA.d.B2DD0E4BEDA361E7C831CBE6DF668EBB.e.624","ELEMENT":"f.DCC36E8675049FDC2B1F19A908E8F0BA.d.B2DD0E4BEDA361E7C831CBE6DF668EBB.e.624"}]}
COMMAND: GET /session/941d43ecdcc0c75dcc0f2ed8f3db9102/screenshot - {}
RESULT: {}
COMMAND: POST /session/941d43ecdcc0c75dcc0f2ed8f3db9102/element - {"using":"css selector","value":"#shell-header-logo"}
RESULT: {"using":"css selector","value":"#shell-header-logo"}
COMMAND: POST /session/941d43ecdcc0c75dcc0f2ed8f3db9102/element/f.DCC36E8675049FDC2B1F19A908E8F0BA.d.B2DD0E4BEDA361E7C831CBE6DF668EBB.e.278/click - {}
RESULT: {}
COMMAND: GET /session/941d43ecdcc0c75dcc0f2ed8f3db9102/screenshot - {}
RESULT: {}
]]></system-out>
    </testcase>
    <testcase classname="chrome.135_0_7049_96.windows.Address_Management_Tests_US151165_US151160" name="Step 2 Should deactivate the created address in earlier step US151165" time="42.242">
      <system-out><![CDATA[
RESULT: undefined
COMMAND: POST /session/941d43ecdcc0c75dcc0f2ed8f3db9102/element - {"using":"xpath","value":"//*[@id=\"__tile33\"]"}
RESULT: {"using":"xpath","value":"//*[@id=\"__tile33\"]"}
COMMAND: POST /session/941d43ecdcc0c75dcc0f2ed8f3db9102/element/f.DCC36E8675049FDC2B1F19A908E8F0BA.d.B2DD0E4BEDA361E7C831CBE6DF668EBB.e.224/click - {}
RESULT: {}
COMMAND: POST /session/941d43ecdcc0c75dcc0f2ed8f3db9102/element - {"using":"xpath","value":"//button[@data-kt=\"addButton\"]"}
COMMAND: GET /session/941d43ecdcc0c75dcc0f2ed8f3db9102/screenshot - {}
RESULT: {"using":"xpath","value":"//button[@data-kt=\"addButton\"]"}
COMMAND: POST /session/941d43ecdcc0c75dcc0f2ed8f3db9102/elements - {"using":"xpath","value":"//button[@data-kt=\"addButton\"]"}
RESULT: {}
RESULT: {"using":"xpath","value":"//button[@data-kt=\"addButton\"]"}
COMMAND: POST /session/941d43ecdcc0c75dcc0f2ed8f3db9102/element - {"using":"xpath","value":"//button[@data-kt=\"addButton\"]"}
RESULT: {"using":"xpath","value":"//button[@data-kt=\"addButton\"]"}
COMMAND: POST /session/941d43ecdcc0c75dcc0f2ed8f3db9102/execute/sync - {"script":"<script> [8489 bytes]","args":[{"element-6066-11e4-a52e-4f735466cecf":"f.DCC36E8675049FDC2B1F19A908E8F0BA.d.B2DD0E4BEDA361E7C831CBE6DF668EBB.e.681","ELEMENT":"f.DCC36E8675049FDC2B1F19A908E8F0BA.d.B2DD0E4BEDA361E7C831CBE6DF668EBB.e.681"}]}
RESULT: {"script":"<script> [8489 bytes]","args":[{"element-6066-11e4-a52e-4f735466cecf":"f.DCC36E8675049FDC2B1F19A908E8F0BA.d.B2DD0E4BEDA361E7C831CBE6DF668EBB.e.681","ELEMENT":"f.DCC36E8675049FDC2B1F19A908E8F0BA.d.B2DD0E4BEDA361E7C831CBE6DF668EBB.e.681"}]}
COMMAND: GET /session/941d43ecdcc0c75dcc0f2ed8f3db9102/element/f.DCC36E8675049FDC2B1F19A908E8F0BA.d.B2DD0E4BEDA361E7C831CBE6DF668EBB.e.681/enabled - {}
COMMAND: GET /session/941d43ecdcc0c75dcc0f2ed8f3db9102/screenshot - {}
RESULT: {}
COMMAND: POST /session/941d43ecdcc0c75dcc0f2ed8f3db9102/execute/sync - {"script":"<script> [8489 bytes]","args":[{"element-6066-11e4-a52e-4f735466cecf":"f.DCC36E8675049FDC2B1F19A908E8F0BA.d.B2DD0E4BEDA361E7C831CBE6DF668EBB.e.681","ELEMENT":"f.DCC36E8675049FDC2B1F19A908E8F0BA.d.B2DD0E4BEDA361E7C831CBE6DF668EBB.e.681"}]}
COMMAND: GET /session/941d43ecdcc0c75dcc0f2ed8f3db9102/screenshot - {}
RESULT: {}
RESULT: {"script":"<script> [8489 bytes]","args":[{"element-6066-11e4-a52e-4f735466cecf":"f.DCC36E8675049FDC2B1F19A908E8F0BA.d.B2DD0E4BEDA361E7C831CBE6DF668EBB.e.681","ELEMENT":"f.DCC36E8675049FDC2B1F19A908E8F0BA.d.B2DD0E4BEDA361E7C831CBE6DF668EBB.e.681"}]}
COMMAND: POST /session/941d43ecdcc0c75dcc0f2ed8f3db9102/execute/sync - {"script":"<script> [5351 bytes]","args":[{"element-6066-11e4-a52e-4f735466cecf":"f.DCC36E8675049FDC2B1F19A908E8F0BA.d.B2DD0E4BEDA361E7C831CBE6DF668EBB.e.681","ELEMENT":"f.DCC36E8675049FDC2B1F19A908E8F0BA.d.B2DD0E4BEDA361E7C831CBE6DF668EBB.e.681"}]}
COMMAND: GET /session/941d43ecdcc0c75dcc0f2ed8f3db9102/screenshot - {}
RESULT: {}
RESULT: {"script":"<script> [5351 bytes]","args":[{"element-6066-11e4-a52e-4f735466cecf":"f.DCC36E8675049FDC2B1F19A908E8F0BA.d.B2DD0E4BEDA361E7C831CBE6DF668EBB.e.681","ELEMENT":"f.DCC36E8675049FDC2B1F19A908E8F0BA.d.B2DD0E4BEDA361E7C831CBE6DF668EBB.e.681"}]}
COMMAND: GET /session/941d43ecdcc0c75dcc0f2ed8f3db9102/screenshot - {}
RESULT: {}
RESULT: {}
RESULT: undefined
COMMAND: POST /session/941d43ecdcc0c75dcc0f2ed8f3db9102/execute/async - {"script":"<script> [776 bytes]","args":[{"enterText":"Wvfuse4mkB","selector":{"id":"application-addressmanagement-display-component---masterAdm--smartFilterBar-btnBasicSearch","interaction":{"idSuffix":"I"}},"clearTextFirst":true,"interactionType":"ENTER_TEXT"}]}
RESULT: {"script":"<script> [776 bytes]","args":[{"enterText":"Wvfuse4mkB","selector":{"id":"application-addressmanagement-display-component---masterAdm--smartFilterBar-btnBasicSearch","interaction":{"idSuffix":"I"}},"clearTextFirst":true,"interactionType":"ENTER_TEXT"}]}
COMMAND: POST /session/941d43ecdcc0c75dcc0f2ed8f3db9102/actions - {"actions":[{"id":"action2","type":"key","parameters":{},"actions":[{"type":"keyDown","value":"î€‡"},{"type":"pause","duration":10},{"type":"keyUp","value":"î€‡"}]}]}
RESULT: {"actions":[{"id":"action2","type":"key","parameters":{},"actions":[{"type":"keyDown","value":"î€‡"},{"type":"pause","duration":10},{"type":"keyUp","value":"î€‡"}]}]}
COMMAND: GET /session/941d43ecdcc0c75dcc0f2ed8f3db9102/screenshot - {}
RESULT: {}
COMMAND: POST /session/941d43ecdcc0c75dcc0f2ed8f3db9102/elements - {"using":"xpath","value":"//table[contains(@id, \"customPersonsAddressesTable-listUl\")]/tbody/tr"}
RESULT: {"using":"xpath","value":"//table[contains(@id, \"customPersonsAddressesTable-listUl\")]/tbody/tr"}
COMMAND: POST /session/941d43ecdcc0c75dcc0f2ed8f3db9102/element - {"using":"xpath","value":"//table[contains(@id, \"customPersonsAddressesTable-listUl\")]/tbody/tr[1]/td[5]/span/span"}
RESULT: {"using":"xpath","value":"//table[contains(@id, \"customPersonsAddressesTable-listUl\")]/tbody/tr[1]/td[5]/span/span"}
COMMAND: POST /session/941d43ecdcc0c75dcc0f2ed8f3db9102/element - {"using":"xpath","value":"//table[contains(@id, \"customPersonsAddressesTable-listUl\")]/tbody/tr[1]/td[3]/span"}
RESULT: {"using":"xpath","value":"//table[contains(@id, \"customPersonsAddressesTable-listUl\")]/tbody/tr[1]/td[3]/span"}
COMMAND: POST /session/941d43ecdcc0c75dcc0f2ed8f3db9102/elements - {"using":"xpath","value":"//table[contains(@id, \"customPersonsAddressesTable-listUl\")]/tbody/tr[1]/td[5]/span/span"}
RESULT: {"using":"xpath","value":"//table[contains(@id, \"customPersonsAddressesTable-listUl\")]/tbody/tr[1]/td[5]/span/span"}
COMMAND: POST /session/941d43ecdcc0c75dcc0f2ed8f3db9102/execute/sync - {"script":"<script> [56 bytes]","args":[{"element-6066-11e4-a52e-4f735466cecf":"f.DCC36E8675049FDC2B1F19A908E8F0BA.d.B2DD0E4BEDA361E7C831CBE6DF668EBB.e.823","ELEMENT":"f.DCC36E8675049FDC2B1F19A908E8F0BA.d.B2DD0E4BEDA361E7C831CBE6DF668EBB.e.823"}]}
RESULT: {"script":"<script> [56 bytes]","args":[{"element-6066-11e4-a52e-4f735466cecf":"f.DCC36E8675049FDC2B1F19A908E8F0BA.d.B2DD0E4BEDA361E7C831CBE6DF668EBB.e.823","ELEMENT":"f.DCC36E8675049FDC2B1F19A908E8F0BA.d.B2DD0E4BEDA361E7C831CBE6DF668EBB.e.823"}]}
COMMAND: POST /session/941d43ecdcc0c75dcc0f2ed8f3db9102/execute/sync - {"script":"<script> [56 bytes]","args":[{"element-6066-11e4-a52e-4f735466cecf":"f.DCC36E8675049FDC2B1F19A908E8F0BA.d.B2DD0E4BEDA361E7C831CBE6DF668EBB.e.824","ELEMENT":"f.DCC36E8675049FDC2B1F19A908E8F0BA.d.B2DD0E4BEDA361E7C831CBE6DF668EBB.e.824"}]}
COMMAND: GET /session/941d43ecdcc0c75dcc0f2ed8f3db9102/screenshot - {}
RESULT: {"script":"<script> [56 bytes]","args":[{"element-6066-11e4-a52e-4f735466cecf":"f.DCC36E8675049FDC2B1F19A908E8F0BA.d.B2DD0E4BEDA361E7C831CBE6DF668EBB.e.824","ELEMENT":"f.DCC36E8675049FDC2B1F19A908E8F0BA.d.B2DD0E4BEDA361E7C831CBE6DF668EBB.e.824"}]}
COMMAND: POST /session/941d43ecdcc0c75dcc0f2ed8f3db9102/element - {"using":"xpath","value":"//table[contains(@id, \"customPersonsAddressesTable-listUl\")]/tbody/tr[1]/td[10]/div/span"}
COMMAND: GET /session/941d43ecdcc0c75dcc0f2ed8f3db9102/screenshot - {}
RESULT: {}
RESULT: {"using":"xpath","value":"//table[contains(@id, \"customPersonsAddressesTable-listUl\")]/tbody/tr[1]/td[10]/div/span"}
COMMAND: POST /session/941d43ecdcc0c75dcc0f2ed8f3db9102/execute/sync - {"script":"<script> [56 bytes]","args":[{"element-6066-11e4-a52e-4f735466cecf":"f.DCC36E8675049FDC2B1F19A908E8F0BA.d.B2DD0E4BEDA361E7C831CBE6DF668EBB.e.825","ELEMENT":"f.DCC36E8675049FDC2B1F19A908E8F0BA.d.B2DD0E4BEDA361E7C831CBE6DF668EBB.e.825"}]}
RESULT: {}
RESULT: {"script":"<script> [56 bytes]","args":[{"element-6066-11e4-a52e-4f735466cecf":"f.DCC36E8675049FDC2B1F19A908E8F0BA.d.B2DD0E4BEDA361E7C831CBE6DF668EBB.e.825","ELEMENT":"f.DCC36E8675049FDC2B1F19A908E8F0BA.d.B2DD0E4BEDA361E7C831CBE6DF668EBB.e.825"}]}
COMMAND: POST /session/941d43ecdcc0c75dcc0f2ed8f3db9102/element - {"using":"xpath","value":"//table[contains(@id, \"customPersonsAddressesTable-listUl\")]/tbody/tr[1]/td[2]/div/div"}
COMMAND: GET /session/941d43ecdcc0c75dcc0f2ed8f3db9102/screenshot - {}
RESULT: {"using":"xpath","value":"//table[contains(@id, \"customPersonsAddressesTable-listUl\")]/tbody/tr[1]/td[2]/div/div"}
COMMAND: POST /session/941d43ecdcc0c75dcc0f2ed8f3db9102/element/f.DCC36E8675049FDC2B1F19A908E8F0BA.d.B2DD0E4BEDA361E7C831CBE6DF668EBB.e.826/click - {}
RESULT: {}
RESULT: {}
COMMAND: GET /session/941d43ecdcc0c75dcc0f2ed8f3db9102/screenshot - {}
RESULT: {}
COMMAND: POST /session/941d43ecdcc0c75dcc0f2ed8f3db9102/element - {"using":"xpath","value":"//bdi[contains(text(), \"Deactivate\")]"}
RESULT: {"using":"xpath","value":"//bdi[contains(text(), \"Deactivate\")]"}
COMMAND: POST /session/941d43ecdcc0c75dcc0f2ed8f3db9102/element/f.DCC36E8675049FDC2B1F19A908E8F0BA.d.B2DD0E4BEDA361E7C831CBE6DF668EBB.e.827/click - {}
RESULT: {}
COMMAND: GET /session/941d43ecdcc0c75dcc0f2ed8f3db9102/screenshot - {}
RESULT: {}
COMMAND: POST /session/941d43ecdcc0c75dcc0f2ed8f3db9102/element - {"using":"xpath","value":"//bdi[contains(text(), \"Yes\")]"}
RESULT: {"using":"xpath","value":"//bdi[contains(text(), \"Yes\")]"}
COMMAND: POST /session/941d43ecdcc0c75dcc0f2ed8f3db9102/element/f.DCC36E8675049FDC2B1F19A908E8F0BA.d.B2DD0E4BEDA361E7C831CBE6DF668EBB.e.829/click - {}
RESULT: {}
COMMAND: GET /session/941d43ecdcc0c75dcc0f2ed8f3db9102/screenshot - {}
RESULT: {}
COMMAND: POST /session/941d43ecdcc0c75dcc0f2ed8f3db9102/element - {"using":"xpath","value":"//table[contains(@id, \"customPersonsAddressesTable-listUl\")]/tbody/tr[1]/td[10]/div/span"}
RESULT: {"using":"xpath","value":"//table[contains(@id, \"customPersonsAddressesTable-listUl\")]/tbody/tr[1]/td[10]/div/span"}
COMMAND: POST /session/941d43ecdcc0c75dcc0f2ed8f3db9102/execute/sync - {"script":"<script> [56 bytes]","args":[{"element-6066-11e4-a52e-4f735466cecf":"f.DCC36E8675049FDC2B1F19A908E8F0BA.d.B2DD0E4BEDA361E7C831CBE6DF668EBB.e.825","ELEMENT":"f.DCC36E8675049FDC2B1F19A908E8F0BA.d.B2DD0E4BEDA361E7C831CBE6DF668EBB.e.825"}]}
RESULT: {"script":"<script> [56 bytes]","args":[{"element-6066-11e4-a52e-4f735466cecf":"f.DCC36E8675049FDC2B1F19A908E8F0BA.d.B2DD0E4BEDA361E7C831CBE6DF668EBB.e.825","ELEMENT":"f.DCC36E8675049FDC2B1F19A908E8F0BA.d.B2DD0E4BEDA361E7C831CBE6DF668EBB.e.825"}]}
COMMAND: GET /session/941d43ecdcc0c75dcc0f2ed8f3db9102/screenshot - {}
RESULT: {}
COMMAND: POST /session/941d43ecdcc0c75dcc0f2ed8f3db9102/element - {"using":"css selector","value":"#shell-header-logo"}
RESULT: {"using":"css selector","value":"#shell-header-logo"}
COMMAND: POST /session/941d43ecdcc0c75dcc0f2ed8f3db9102/element/f.DCC36E8675049FDC2B1F19A908E8F0BA.d.B2DD0E4BEDA361E7C831CBE6DF668EBB.e.629/click - {}
RESULT: {}
COMMAND: GET /session/941d43ecdcc0c75dcc0f2ed8f3db9102/screenshot - {}
RESULT: {}
]]></system-out>
    </testcase>
    <testcase classname="chrome.135_0_7049_96.windows.Address_Management_Tests_US151165_US151160" name="Step 3 Should activate the created address back again US151160" time="53.651">
      <system-out><![CDATA[
RESULT: undefined
COMMAND: POST /session/941d43ecdcc0c75dcc0f2ed8f3db9102/element - {"using":"xpath","value":"//*[@id=\"__tile33\"]"}
RESULT: {"using":"xpath","value":"//*[@id=\"__tile33\"]"}
COMMAND: POST /session/941d43ecdcc0c75dcc0f2ed8f3db9102/element/f.DCC36E8675049FDC2B1F19A908E8F0BA.d.B2DD0E4BEDA361E7C831CBE6DF668EBB.e.224/click - {}
RESULT: {}
COMMAND: POST /session/941d43ecdcc0c75dcc0f2ed8f3db9102/element - {"using":"xpath","value":"//button[@data-kt=\"addButton\"]"}
COMMAND: GET /session/941d43ecdcc0c75dcc0f2ed8f3db9102/screenshot - {}
RESULT: {"using":"xpath","value":"//button[@data-kt=\"addButton\"]"}
COMMAND: POST /session/941d43ecdcc0c75dcc0f2ed8f3db9102/elements - {"using":"xpath","value":"//button[@data-kt=\"addButton\"]"}
RESULT: {}
RESULT: {"using":"xpath","value":"//button[@data-kt=\"addButton\"]"}
COMMAND: POST /session/941d43ecdcc0c75dcc0f2ed8f3db9102/element - {"using":"xpath","value":"//button[@data-kt=\"addButton\"]"}
RESULT: {"using":"xpath","value":"//button[@data-kt=\"addButton\"]"}
COMMAND: POST /session/941d43ecdcc0c75dcc0f2ed8f3db9102/execute/sync - {"script":"<script> [8489 bytes]","args":[{"element-6066-11e4-a52e-4f735466cecf":"f.DCC36E8675049FDC2B1F19A908E8F0BA.d.B2DD0E4BEDA361E7C831CBE6DF668EBB.e.890","ELEMENT":"f.DCC36E8675049FDC2B1F19A908E8F0BA.d.B2DD0E4BEDA361E7C831CBE6DF668EBB.e.890"}]}
RESULT: {"script":"<script> [8489 bytes]","args":[{"element-6066-11e4-a52e-4f735466cecf":"f.DCC36E8675049FDC2B1F19A908E8F0BA.d.B2DD0E4BEDA361E7C831CBE6DF668EBB.e.890","ELEMENT":"f.DCC36E8675049FDC2B1F19A908E8F0BA.d.B2DD0E4BEDA361E7C831CBE6DF668EBB.e.890"}]}
COMMAND: GET /session/941d43ecdcc0c75dcc0f2ed8f3db9102/element/f.DCC36E8675049FDC2B1F19A908E8F0BA.d.B2DD0E4BEDA361E7C831CBE6DF668EBB.e.890/enabled - {}
COMMAND: GET /session/941d43ecdcc0c75dcc0f2ed8f3db9102/screenshot - {}
RESULT: {}
COMMAND: POST /session/941d43ecdcc0c75dcc0f2ed8f3db9102/execute/sync - {"script":"<script> [8489 bytes]","args":[{"element-6066-11e4-a52e-4f735466cecf":"f.DCC36E8675049FDC2B1F19A908E8F0BA.d.B2DD0E4BEDA361E7C831CBE6DF668EBB.e.890","ELEMENT":"f.DCC36E8675049FDC2B1F19A908E8F0BA.d.B2DD0E4BEDA361E7C831CBE6DF668EBB.e.890"}]}
COMMAND: GET /session/941d43ecdcc0c75dcc0f2ed8f3db9102/screenshot - {}
RESULT: {}
RESULT: {"script":"<script> [8489 bytes]","args":[{"element-6066-11e4-a52e-4f735466cecf":"f.DCC36E8675049FDC2B1F19A908E8F0BA.d.B2DD0E4BEDA361E7C831CBE6DF668EBB.e.890","ELEMENT":"f.DCC36E8675049FDC2B1F19A908E8F0BA.d.B2DD0E4BEDA361E7C831CBE6DF668EBB.e.890"}]}
COMMAND: POST /session/941d43ecdcc0c75dcc0f2ed8f3db9102/execute/sync - {"script":"<script> [5351 bytes]","args":[{"element-6066-11e4-a52e-4f735466cecf":"f.DCC36E8675049FDC2B1F19A908E8F0BA.d.B2DD0E4BEDA361E7C831CBE6DF668EBB.e.890","ELEMENT":"f.DCC36E8675049FDC2B1F19A908E8F0BA.d.B2DD0E4BEDA361E7C831CBE6DF668EBB.e.890"}]}
COMMAND: GET /session/941d43ecdcc0c75dcc0f2ed8f3db9102/screenshot - {}
RESULT: {}
RESULT: {"script":"<script> [5351 bytes]","args":[{"element-6066-11e4-a52e-4f735466cecf":"f.DCC36E8675049FDC2B1F19A908E8F0BA.d.B2DD0E4BEDA361E7C831CBE6DF668EBB.e.890","ELEMENT":"f.DCC36E8675049FDC2B1F19A908E8F0BA.d.B2DD0E4BEDA361E7C831CBE6DF668EBB.e.890"}]}
COMMAND: GET /session/941d43ecdcc0c75dcc0f2ed8f3db9102/screenshot - {}
RESULT: undefined
COMMAND: POST /session/941d43ecdcc0c75dcc0f2ed8f3db9102/execute/async - {"script":"<script> [776 bytes]","args":[{"enterText":"Wvfuse4mkB","selector":{"id":"application-addressmanagement-display-component---masterAdm--smartFilterBar-btnBasicSearch","interaction":{"idSuffix":"I"}},"clearTextFirst":true,"interactionType":"ENTER_TEXT"}]}
RESULT: {}
RESULT: {}
RESULT: {"script":"<script> [776 bytes]","args":[{"enterText":"Wvfuse4mkB","selector":{"id":"application-addressmanagement-display-component---masterAdm--smartFilterBar-btnBasicSearch","interaction":{"idSuffix":"I"}},"clearTextFirst":true,"interactionType":"ENTER_TEXT"}]}
COMMAND: POST /session/941d43ecdcc0c75dcc0f2ed8f3db9102/actions - {"actions":[{"id":"action3","type":"key","parameters":{},"actions":[{"type":"keyDown","value":"î€‡"},{"type":"pause","duration":10},{"type":"keyUp","value":"î€‡"}]}]}
RESULT: {"actions":[{"id":"action3","type":"key","parameters":{},"actions":[{"type":"keyDown","value":"î€‡"},{"type":"pause","duration":10},{"type":"keyUp","value":"î€‡"}]}]}
COMMAND: GET /session/941d43ecdcc0c75dcc0f2ed8f3db9102/screenshot - {}
RESULT: {}
COMMAND: POST /session/941d43ecdcc0c75dcc0f2ed8f3db9102/elements - {"using":"xpath","value":"//table[contains(@id, \"customPersonsAddressesTable-listUl\")]/tbody/tr"}
RESULT: {"using":"xpath","value":"//table[contains(@id, \"customPersonsAddressesTable-listUl\")]/tbody/tr"}
COMMAND: POST /session/941d43ecdcc0c75dcc0f2ed8f3db9102/element - {"using":"xpath","value":"//table[contains(@id, \"customPersonsAddressesTable-listUl\")]/tbody/tr[1]/td[5]/span/span"}
RESULT: {"using":"xpath","value":"//table[contains(@id, \"customPersonsAddressesTable-listUl\")]/tbody/tr[1]/td[5]/span/span"}
COMMAND: POST /session/941d43ecdcc0c75dcc0f2ed8f3db9102/element - {"using":"xpath","value":"//table[contains(@id, \"customPersonsAddressesTable-listUl\")]/tbody/tr[1]/td[3]/span"}
RESULT: {"using":"xpath","value":"//table[contains(@id, \"customPersonsAddressesTable-listUl\")]/tbody/tr[1]/td[3]/span"}
COMMAND: POST /session/941d43ecdcc0c75dcc0f2ed8f3db9102/elements - {"using":"xpath","value":"//table[contains(@id, \"customPersonsAddressesTable-listUl\")]/tbody/tr[1]/td[5]/span/span"}
RESULT: {"using":"xpath","value":"//table[contains(@id, \"customPersonsAddressesTable-listUl\")]/tbody/tr[1]/td[5]/span/span"}
COMMAND: POST /session/941d43ecdcc0c75dcc0f2ed8f3db9102/execute/sync - {"script":"<script> [56 bytes]","args":[{"element-6066-11e4-a52e-4f735466cecf":"f.DCC36E8675049FDC2B1F19A908E8F0BA.d.B2DD0E4BEDA361E7C831CBE6DF668EBB.e.1032","ELEMENT":"f.DCC36E8675049FDC2B1F19A908E8F0BA.d.B2DD0E4BEDA361E7C831CBE6DF668EBB.e.1032"}]}
RESULT: {"script":"<script> [56 bytes]","args":[{"element-6066-11e4-a52e-4f735466cecf":"f.DCC36E8675049FDC2B1F19A908E8F0BA.d.B2DD0E4BEDA361E7C831CBE6DF668EBB.e.1032","ELEMENT":"f.DCC36E8675049FDC2B1F19A908E8F0BA.d.B2DD0E4BEDA361E7C831CBE6DF668EBB.e.1032"}]}
COMMAND: POST /session/941d43ecdcc0c75dcc0f2ed8f3db9102/execute/sync - {"script":"<script> [56 bytes]","args":[{"element-6066-11e4-a52e-4f735466cecf":"f.DCC36E8675049FDC2B1F19A908E8F0BA.d.B2DD0E4BEDA361E7C831CBE6DF668EBB.e.1033","ELEMENT":"f.DCC36E8675049FDC2B1F19A908E8F0BA.d.B2DD0E4BEDA361E7C831CBE6DF668EBB.e.1033"}]}
COMMAND: GET /session/941d43ecdcc0c75dcc0f2ed8f3db9102/screenshot - {}
RESULT: {"script":"<script> [56 bytes]","args":[{"element-6066-11e4-a52e-4f735466cecf":"f.DCC36E8675049FDC2B1F19A908E8F0BA.d.B2DD0E4BEDA361E7C831CBE6DF668EBB.e.1033","ELEMENT":"f.DCC36E8675049FDC2B1F19A908E8F0BA.d.B2DD0E4BEDA361E7C831CBE6DF668EBB.e.1033"}]}
COMMAND: POST /session/941d43ecdcc0c75dcc0f2ed8f3db9102/element - {"using":"xpath","value":"//table[contains(@id, \"customPersonsAddressesTable-listUl\")]/tbody/tr[1]/td[10]/div/span"}
COMMAND: GET /session/941d43ecdcc0c75dcc0f2ed8f3db9102/screenshot - {}
RESULT: {}
RESULT: {"using":"xpath","value":"//table[contains(@id, \"customPersonsAddressesTable-listUl\")]/tbody/tr[1]/td[10]/div/span"}
COMMAND: POST /session/941d43ecdcc0c75dcc0f2ed8f3db9102/execute/sync - {"script":"<script> [56 bytes]","args":[{"element-6066-11e4-a52e-4f735466cecf":"f.DCC36E8675049FDC2B1F19A908E8F0BA.d.B2DD0E4BEDA361E7C831CBE6DF668EBB.e.1034","ELEMENT":"f.DCC36E8675049FDC2B1F19A908E8F0BA.d.B2DD0E4BEDA361E7C831CBE6DF668EBB.e.1034"}]}
RESULT: {}
RESULT: {"script":"<script> [56 bytes]","args":[{"element-6066-11e4-a52e-4f735466cecf":"f.DCC36E8675049FDC2B1F19A908E8F0BA.d.B2DD0E4BEDA361E7C831CBE6DF668EBB.e.1034","ELEMENT":"f.DCC36E8675049FDC2B1F19A908E8F0BA.d.B2DD0E4BEDA361E7C831CBE6DF668EBB.e.1034"}]}
COMMAND: POST /session/941d43ecdcc0c75dcc0f2ed8f3db9102/element - {"using":"xpath","value":"//table[contains(@id, \"customPersonsAddressesTable-listUl\")]/tbody/tr[1]/td[2]/div/div"}
COMMAND: GET /session/941d43ecdcc0c75dcc0f2ed8f3db9102/screenshot - {}
RESULT: {"using":"xpath","value":"//table[contains(@id, \"customPersonsAddressesTable-listUl\")]/tbody/tr[1]/td[2]/div/div"}
COMMAND: POST /session/941d43ecdcc0c75dcc0f2ed8f3db9102/element/f.DCC36E8675049FDC2B1F19A908E8F0BA.d.B2DD0E4BEDA361E7C831CBE6DF668EBB.e.1035/click - {}
RESULT: {}
RESULT: {}
COMMAND: GET /session/941d43ecdcc0c75dcc0f2ed8f3db9102/screenshot - {}
RESULT: {}
COMMAND: POST /session/941d43ecdcc0c75dcc0f2ed8f3db9102/element - {"using":"xpath","value":"//bdi[contains(text(), \"Activate\")]"}
RESULT: {"using":"xpath","value":"//bdi[contains(text(), \"Activate\")]"}
COMMAND: POST /session/941d43ecdcc0c75dcc0f2ed8f3db9102/element/f.DCC36E8675049FDC2B1F19A908E8F0BA.d.B2DD0E4BEDA361E7C831CBE6DF668EBB.e.1036/click - {}
RESULT: {}
COMMAND: GET /session/941d43ecdcc0c75dcc0f2ed8f3db9102/screenshot - {}
RESULT: {}
COMMAND: POST /session/941d43ecdcc0c75dcc0f2ed8f3db9102/element - {"using":"xpath","value":"//bdi[contains(text(), \"Yes\")]"}
RESULT: {"using":"xpath","value":"//bdi[contains(text(), \"Yes\")]"}
COMMAND: POST /session/941d43ecdcc0c75dcc0f2ed8f3db9102/element/f.DCC36E8675049FDC2B1F19A908E8F0BA.d.B2DD0E4BEDA361E7C831CBE6DF668EBB.e.1038/click - {}
RESULT: {}
COMMAND: GET /session/941d43ecdcc0c75dcc0f2ed8f3db9102/screenshot - {}
RESULT: {}
COMMAND: POST /session/941d43ecdcc0c75dcc0f2ed8f3db9102/element - {"using":"xpath","value":"//table[contains(@id, \"customPersonsAddressesTable-listUl\")]/tbody/tr[1]/td[10]/div/span"}
RESULT: {"using":"xpath","value":"//table[contains(@id, \"customPersonsAddressesTable-listUl\")]/tbody/tr[1]/td[10]/div/span"}
COMMAND: POST /session/941d43ecdcc0c75dcc0f2ed8f3db9102/execute/sync - {"script":"<script> [56 bytes]","args":[{"element-6066-11e4-a52e-4f735466cecf":"f.DCC36E8675049FDC2B1F19A908E8F0BA.d.B2DD0E4BEDA361E7C831CBE6DF668EBB.e.1034","ELEMENT":"f.DCC36E8675049FDC2B1F19A908E8F0BA.d.B2DD0E4BEDA361E7C831CBE6DF668EBB.e.1034"}]}
RESULT: {"script":"<script> [56 bytes]","args":[{"element-6066-11e4-a52e-4f735466cecf":"f.DCC36E8675049FDC2B1F19A908E8F0BA.d.B2DD0E4BEDA361E7C831CBE6DF668EBB.e.1034","ELEMENT":"f.DCC36E8675049FDC2B1F19A908E8F0BA.d.B2DD0E4BEDA361E7C831CBE6DF668EBB.e.1034"}]}
COMMAND: GET /session/941d43ecdcc0c75dcc0f2ed8f3db9102/screenshot - {}
RESULT: {}
COMMAND: POST /session/941d43ecdcc0c75dcc0f2ed8f3db9102/element - {"using":"css selector","value":"#shell-header-logo"}
RESULT: {"using":"css selector","value":"#shell-header-logo"}
COMMAND: POST /session/941d43ecdcc0c75dcc0f2ed8f3db9102/element/f.DCC36E8675049FDC2B1F19A908E8F0BA.d.B2DD0E4BEDA361E7C831CBE6DF668EBB.e.837/click - {}
RESULT: {}
COMMAND: GET /session/941d43ecdcc0c75dcc0f2ed8f3db9102/screenshot - {}
RESULT: {}
COMMAND: DELETE /session/941d43ecdcc0c75dcc0f2ed8f3db9102 - {}
RESULT: {}
]]></system-out>
    </testcase>
  </testsuite>
</testsuites>