<?xml version="1.0" encoding="UTF-8"?>
<testsuites tests="49" failures="0" errors="0" skipped="0">
  <testsuite timestamp="2025-04-19T15:06:34" time="1582.52" tests="49" failures="0" errors="0" skipped="0">
    <properties>
      <property name="specId" value="0"/>
      <property name="suiteName" value="Sanity Tests US104253"/>
      <property name="capabilities" value="chrome.135_0_7049_42.windows"/>
      <property name="file" value="file:///D:/a/1/s/test/specs/General/sanity.spec.js"/>
    </properties>
    <testcase classname="chrome.135_0_7049_42.windows.Sanity_Tests_US104253" name="Should open Manage Partners page" time="30.962">
      <system-out><![CDATA[
COMMAND: POST /session/0b5e153e999db5b9def621a0e8cd33c7/execute/async - {"script":"<script> [1562 bytes]","args":[{"selector":{"controlType":"sap.m.GenericTile","properties":{"header":"Manage Partners"}},"wdio_ui5_key":"sapm.GenericTile{\"header\":\"Manage Partners\"}"}]}
RESULT: {"script":"<script> [1562 bytes]","args":[{"selector":{"controlType":"sap.m.GenericTile","properties":{"header":"Manage Partners"}},"wdio_ui5_key":"sapm.GenericTile{\"header\":\"Manage Partners\"}"}]}
RESULT: undefined
COMMAND: POST /session/0b5e153e999db5b9def621a0e8cd33c7/element - {"using":"xpath","value":"//*[@id=\"__tile38\"]"}
RESULT: {"using":"xpath","value":"//*[@id=\"__tile38\"]"}
COMMAND: POST /session/0b5e153e999db5b9def621a0e8cd33c7/element/f.16FD335629E18F5298EA577BED138745.d.69A33DC5D169E9EB50E301F8026D2456.e.108/click - {}
RESULT: {}
COMMAND: GET /session/0b5e153e999db5b9def621a0e8cd33c7/screenshot - {}
RESULT: {}
RESULT: undefined
COMMAND: POST /session/0b5e153e999db5b9def621a0e8cd33c7/element - {"using":"xpath","value":"//*[@id=\"__tile38\"]"}
RESULT: {"using":"xpath","value":"//*[@id=\"__tile38\"]"}
COMMAND: POST /session/0b5e153e999db5b9def621a0e8cd33c7/element/f.16FD335629E18F5298EA577BED138745.d.69A33DC5D169E9EB50E301F8026D2456.e.108/click - {}
RESULT: undefined
COMMAND: POST /session/0b5e153e999db5b9def621a0e8cd33c7/element - {"using":"xpath","value":"//*[@id=\"__tile38\"]"}
RESULT: {"using":"xpath","value":"//*[@id=\"__tile38\"]"}
COMMAND: POST /session/0b5e153e999db5b9def621a0e8cd33c7/element/f.16FD335629E18F5298EA577BED138745.d.69A33DC5D169E9EB50E301F8026D2456.e.108/click - {}
COMMAND: POST /session/0b5e153e999db5b9def621a0e8cd33c7/execute/async - {"script":"<script> [1562 bytes]","args":[{"selector":{"id":"shellAppTitle"},"wdio_ui5_key":"shellAppTitle"}]}
RESULT: {"script":"<script> [1562 bytes]","args":[{"selector":{"id":"shellAppTitle"},"wdio_ui5_key":"shellAppTitle"}]}
RESULT: undefined
COMMAND: POST /session/0b5e153e999db5b9def621a0e8cd33c7/execute/async - {"script":"<script> [6424 bytes]","args":[{"element-6066-11e4-a52e-4f735466cecf":"f.16FD335629E18F5298EA577BED138745.d.69A33DC5D169E9EB50E301F8026D2456.e.282"},"getTitle",[]]}
RESULT: {"script":"<script> [6424 bytes]","args":[{"element-6066-11e4-a52e-4f735466cecf":"f.16FD335629E18F5298EA577BED138745.d.69A33DC5D169E9EB50E301F8026D2456.e.282"},"getTitle",[]]}
COMMAND: POST /session/0b5e153e999db5b9def621a0e8cd33c7/execute/async - {"script":"<script> [1562 bytes]","args":[{"selector":{"id":"backBtn"},"wdio_ui5_key":"backBtn"}]}
RESULT: {"script":"<script> [1562 bytes]","args":[{"selector":{"id":"backBtn"},"wdio_ui5_key":"backBtn"}]}
RESULT: undefined
COMMAND: POST /session/0b5e153e999db5b9def621a0e8cd33c7/element - {"using":"xpath","value":"//*[@id=\"backBtn\"]"}
RESULT: {"using":"xpath","value":"//*[@id=\"backBtn\"]"}
COMMAND: POST /session/0b5e153e999db5b9def621a0e8cd33c7/element/f.16FD335629E18F5298EA577BED138745.d.69A33DC5D169E9EB50E301F8026D2456.e.283/click - {}
RESULT: {}
COMMAND: GET /session/0b5e153e999db5b9def621a0e8cd33c7/screenshot - {}
RESULT: {}
]]></system-out>
    </testcase>
    <testcase classname="chrome.135_0_7049_42.windows.Sanity_Tests_US104253" name="Should open Manage Sites page" time="29.252">
      <system-out><![CDATA[
COMMAND: POST /session/0b5e153e999db5b9def621a0e8cd33c7/execute/async - {"script":"<script> [1562 bytes]","args":[{"selector":{"controlType":"sap.m.GenericTile","properties":{"header":"Manage Sites"}},"wdio_ui5_key":"sapm.GenericTile{\"header\":\"Manage Sites\"}"}]}
RESULT: {"script":"<script> [1562 bytes]","args":[{"selector":{"controlType":"sap.m.GenericTile","properties":{"header":"Manage Sites"}},"wdio_ui5_key":"sapm.GenericTile{\"header\":\"Manage Sites\"}"}]}
RESULT: undefined
COMMAND: POST /session/0b5e153e999db5b9def621a0e8cd33c7/element - {"using":"xpath","value":"//*[@id=\"__tile40\"]"}
RESULT: {"using":"xpath","value":"//*[@id=\"__tile40\"]"}
COMMAND: POST /session/0b5e153e999db5b9def621a0e8cd33c7/element/f.16FD335629E18F5298EA577BED138745.d.69A33DC5D169E9EB50E301F8026D2456.e.285/click - {}
RESULT: {}
COMMAND: GET /session/0b5e153e999db5b9def621a0e8cd33c7/screenshot - {}
RESULT: {}
RESULT: undefined
COMMAND: POST /session/0b5e153e999db5b9def621a0e8cd33c7/element - {"using":"xpath","value":"//*[@id=\"__tile40\"]"}
RESULT: {"using":"xpath","value":"//*[@id=\"__tile40\"]"}
COMMAND: POST /session/0b5e153e999db5b9def621a0e8cd33c7/element/f.16FD335629E18F5298EA577BED138745.d.69A33DC5D169E9EB50E301F8026D2456.e.285/click - {}
RESULT: undefined
COMMAND: POST /session/0b5e153e999db5b9def621a0e8cd33c7/element - {"using":"xpath","value":"//*[@id=\"__tile40\"]"}
RESULT: {"using":"xpath","value":"//*[@id=\"__tile40\"]"}
COMMAND: POST /session/0b5e153e999db5b9def621a0e8cd33c7/element/f.16FD335629E18F5298EA577BED138745.d.69A33DC5D169E9EB50E301F8026D2456.e.285/click - {}
RESULT: undefined
COMMAND: POST /session/0b5e153e999db5b9def621a0e8cd33c7/execute/async - {"script":"<script> [6424 bytes]","args":[{"element-6066-11e4-a52e-4f735466cecf":"f.16FD335629E18F5298EA577BED138745.d.69A33DC5D169E9EB50E301F8026D2456.e.282"},"getTitle",[]]}
COMMAND: POST /session/0b5e153e999db5b9def621a0e8cd33c7/execute/async - {"script":"<script> [1562 bytes]","args":[{"selector":{"id":"shellAppTitle"},"wdio_ui5_key":"shellAppTitle"}]}
RESULT: {"script":"<script> [1562 bytes]","args":[{"selector":{"id":"shellAppTitle"},"wdio_ui5_key":"shellAppTitle"}]}
COMMAND: POST /session/0b5e153e999db5b9def621a0e8cd33c7/execute/async - {"script":"<script> [6424 bytes]","args":[{"element-6066-11e4-a52e-4f735466cecf":"f.16FD335629E18F5298EA577BED138745.d.69A33DC5D169E9EB50E301F8026D2456.e.474"},"getTitle",[]]}
RESULT: {"script":"<script> [6424 bytes]","args":[{"element-6066-11e4-a52e-4f735466cecf":"f.16FD335629E18F5298EA577BED138745.d.69A33DC5D169E9EB50E301F8026D2456.e.474"},"getTitle",[]]}
RESULT: undefined
COMMAND: POST /session/0b5e153e999db5b9def621a0e8cd33c7/element/f.16FD335629E18F5298EA577BED138745.d.69A33DC5D169E9EB50E301F8026D2456.e.283/click - {}
RESULT: {}
COMMAND: GET /session/0b5e153e999db5b9def621a0e8cd33c7/screenshot - {}
RESULT: {}
]]></system-out>
    </testcase>
    <testcase classname="chrome.135_0_7049_42.windows.Sanity_Tests_US104253" name="Should open Manage Resources page" time="29.79">
      <system-out><![CDATA[
COMMAND: POST /session/0b5e153e999db5b9def621a0e8cd33c7/execute/async - {"script":"<script> [1562 bytes]","args":[{"selector":{"controlType":"sap.m.GenericTile","properties":{"header":"Manage Resources"}},"wdio_ui5_key":"sapm.GenericTile{\"header\":\"Manage Resources\"}"}]}
RESULT: {"script":"<script> [1562 bytes]","args":[{"selector":{"controlType":"sap.m.GenericTile","properties":{"header":"Manage Resources"}},"wdio_ui5_key":"sapm.GenericTile{\"header\":\"Manage Resources\"}"}]}
RESULT: undefined
COMMAND: POST /session/0b5e153e999db5b9def621a0e8cd33c7/element - {"using":"xpath","value":"//*[@id=\"__tile39\"]"}
RESULT: {"using":"xpath","value":"//*[@id=\"__tile39\"]"}
COMMAND: POST /session/0b5e153e999db5b9def621a0e8cd33c7/element/f.16FD335629E18F5298EA577BED138745.d.69A33DC5D169E9EB50E301F8026D2456.e.476/click - {}
RESULT: {}
COMMAND: GET /session/0b5e153e999db5b9def621a0e8cd33c7/screenshot - {}
RESULT: {}
RESULT: undefined
COMMAND: POST /session/0b5e153e999db5b9def621a0e8cd33c7/element - {"using":"xpath","value":"//*[@id=\"__tile39\"]"}
RESULT: {"using":"xpath","value":"//*[@id=\"__tile39\"]"}
COMMAND: POST /session/0b5e153e999db5b9def621a0e8cd33c7/element/f.16FD335629E18F5298EA577BED138745.d.69A33DC5D169E9EB50E301F8026D2456.e.476/click - {}
RESULT: undefined
COMMAND: POST /session/0b5e153e999db5b9def621a0e8cd33c7/element - {"using":"xpath","value":"//*[@id=\"__tile39\"]"}
RESULT: {"using":"xpath","value":"//*[@id=\"__tile39\"]"}
COMMAND: POST /session/0b5e153e999db5b9def621a0e8cd33c7/element/f.16FD335629E18F5298EA577BED138745.d.69A33DC5D169E9EB50E301F8026D2456.e.476/click - {}
RESULT: undefined
RESULT: undefined
COMMAND: POST /session/0b5e153e999db5b9def621a0e8cd33c7/execute/async - {"script":"<script> [6424 bytes]","args":[{"element-6066-11e4-a52e-4f735466cecf":"f.16FD335629E18F5298EA577BED138745.d.69A33DC5D169E9EB50E301F8026D2456.e.282"},"getTitle",[]]}
COMMAND: POST /session/0b5e153e999db5b9def621a0e8cd33c7/execute/async - {"script":"<script> [1562 bytes]","args":[{"selector":{"id":"shellAppTitle"},"wdio_ui5_key":"shellAppTitle"}]}
RESULT: {"script":"<script> [1562 bytes]","args":[{"selector":{"id":"shellAppTitle"},"wdio_ui5_key":"shellAppTitle"}]}
COMMAND: POST /session/0b5e153e999db5b9def621a0e8cd33c7/execute/async - {"script":"<script> [6424 bytes]","args":[{"element-6066-11e4-a52e-4f735466cecf":"f.16FD335629E18F5298EA577BED138745.d.69A33DC5D169E9EB50E301F8026D2456.e.649"},"getTitle",[]]}
RESULT: {"script":"<script> [6424 bytes]","args":[{"element-6066-11e4-a52e-4f735466cecf":"f.16FD335629E18F5298EA577BED138745.d.69A33DC5D169E9EB50E301F8026D2456.e.649"},"getTitle",[]]}
RESULT: undefined
COMMAND: POST /session/0b5e153e999db5b9def621a0e8cd33c7/element/f.16FD335629E18F5298EA577BED138745.d.69A33DC5D169E9EB50E301F8026D2456.e.283/click - {}
COMMAND: POST /session/0b5e153e999db5b9def621a0e8cd33c7/element - {"using":"xpath","value":"//*[@id=\"backBtn\"]"}
RESULT: {"using":"xpath","value":"//*[@id=\"backBtn\"]"}
COMMAND: POST /session/0b5e153e999db5b9def621a0e8cd33c7/element/f.16FD335629E18F5298EA577BED138745.d.69A33DC5D169E9EB50E301F8026D2456.e.283/click - {}
COMMAND: POST /session/0b5e153e999db5b9def621a0e8cd33c7/element - {"using":"xpath","value":"//*[@id=\"backBtn\"]"}
RESULT: {"using":"xpath","value":"//*[@id=\"backBtn\"]"}
COMMAND: POST /session/0b5e153e999db5b9def621a0e8cd33c7/element/f.16FD335629E18F5298EA577BED138745.d.69A33DC5D169E9EB50E301F8026D2456.e.650/click - {}
RESULT: {}
COMMAND: GET /session/0b5e153e999db5b9def621a0e8cd33c7/screenshot - {}
RESULT: {}
]]></system-out>
    </testcase>
    <testcase classname="chrome.135_0_7049_42.windows.Sanity_Tests_US104253" name="Should open Manage Catalogs page" time="30.411">
      <system-out><![CDATA[
COMMAND: POST /session/0b5e153e999db5b9def621a0e8cd33c7/execute/async - {"script":"<script> [1562 bytes]","args":[{"selector":{"controlType":"sap.m.GenericTile","properties":{"header":"Manage Catalogs"}},"wdio_ui5_key":"sapm.GenericTile{\"header\":\"Manage Catalogs\"}"}]}
RESULT: {"script":"<script> [1562 bytes]","args":[{"selector":{"controlType":"sap.m.GenericTile","properties":{"header":"Manage Catalogs"}},"wdio_ui5_key":"sapm.GenericTile{\"header\":\"Manage Catalogs\"}"}]}
RESULT: undefined
COMMAND: POST /session/0b5e153e999db5b9def621a0e8cd33c7/element - {"using":"xpath","value":"//*[@id=\"__tile37\"]"}
RESULT: {"using":"xpath","value":"//*[@id=\"__tile37\"]"}
COMMAND: POST /session/0b5e153e999db5b9def621a0e8cd33c7/element/f.16FD335629E18F5298EA577BED138745.d.69A33DC5D169E9EB50E301F8026D2456.e.652/click - {}
RESULT: {}
COMMAND: GET /session/0b5e153e999db5b9def621a0e8cd33c7/screenshot - {}
RESULT: {}
RESULT: undefined
COMMAND: POST /session/0b5e153e999db5b9def621a0e8cd33c7/element - {"using":"xpath","value":"//*[@id=\"__tile37\"]"}
RESULT: {"using":"xpath","value":"//*[@id=\"__tile37\"]"}
COMMAND: POST /session/0b5e153e999db5b9def621a0e8cd33c7/element/f.16FD335629E18F5298EA577BED138745.d.69A33DC5D169E9EB50E301F8026D2456.e.652/click - {}
RESULT: undefined
COMMAND: POST /session/0b5e153e999db5b9def621a0e8cd33c7/element - {"using":"xpath","value":"//*[@id=\"__tile37\"]"}
RESULT: {"using":"xpath","value":"//*[@id=\"__tile37\"]"}
COMMAND: POST /session/0b5e153e999db5b9def621a0e8cd33c7/element/f.16FD335629E18F5298EA577BED138745.d.69A33DC5D169E9EB50E301F8026D2456.e.652/click - {}
RESULT: undefined
COMMAND: POST /session/0b5e153e999db5b9def621a0e8cd33c7/execute/async - {"script":"<script> [6424 bytes]","args":[{"element-6066-11e4-a52e-4f735466cecf":"f.16FD335629E18F5298EA577BED138745.d.69A33DC5D169E9EB50E301F8026D2456.e.282"},"getTitle",[]]}
COMMAND: POST /session/0b5e153e999db5b9def621a0e8cd33c7/execute/async - {"script":"<script> [1562 bytes]","args":[{"selector":{"id":"shellAppTitle"},"wdio_ui5_key":"shellAppTitle"}]}
RESULT: {"script":"<script> [1562 bytes]","args":[{"selector":{"id":"shellAppTitle"},"wdio_ui5_key":"shellAppTitle"}]}
COMMAND: POST /session/0b5e153e999db5b9def621a0e8cd33c7/execute/async - {"script":"<script> [6424 bytes]","args":[{"element-6066-11e4-a52e-4f735466cecf":"f.16FD335629E18F5298EA577BED138745.d.69A33DC5D169E9EB50E301F8026D2456.e.723"},"getTitle",[]]}
RESULT: {"script":"<script> [6424 bytes]","args":[{"element-6066-11e4-a52e-4f735466cecf":"f.16FD335629E18F5298EA577BED138745.d.69A33DC5D169E9EB50E301F8026D2456.e.723"},"getTitle",[]]}
RESULT: undefined
COMMAND: POST /session/0b5e153e999db5b9def621a0e8cd33c7/element/f.16FD335629E18F5298EA577BED138745.d.69A33DC5D169E9EB50E301F8026D2456.e.650/click - {}
RESULT: {}
COMMAND: GET /session/0b5e153e999db5b9def621a0e8cd33c7/screenshot - {}
RESULT: {}
]]></system-out>
    </testcase>
    <testcase classname="chrome.135_0_7049_42.windows.Sanity_Tests_US104253" name="Should open Manage Calendars page" time="31.043">
      <system-out><![CDATA[
COMMAND: POST /session/0b5e153e999db5b9def621a0e8cd33c7/execute/async - {"script":"<script> [1562 bytes]","args":[{"selector":{"controlType":"sap.m.GenericTile","properties":{"header":"Manage Calendars"}},"wdio_ui5_key":"sapm.GenericTile{\"header\":\"Manage Calendars\"}"}]}
RESULT: {"script":"<script> [1562 bytes]","args":[{"selector":{"controlType":"sap.m.GenericTile","properties":{"header":"Manage Calendars"}},"wdio_ui5_key":"sapm.GenericTile{\"header\":\"Manage Calendars\"}"}]}
RESULT: undefined
COMMAND: POST /session/0b5e153e999db5b9def621a0e8cd33c7/element - {"using":"xpath","value":"//*[@id=\"__tile36\"]"}
RESULT: {"using":"xpath","value":"//*[@id=\"__tile36\"]"}
COMMAND: POST /session/0b5e153e999db5b9def621a0e8cd33c7/element/f.16FD335629E18F5298EA577BED138745.d.69A33DC5D169E9EB50E301F8026D2456.e.725/click - {}
RESULT: {}
COMMAND: GET /session/0b5e153e999db5b9def621a0e8cd33c7/screenshot - {}
RESULT: {}
RESULT: undefined
COMMAND: POST /session/0b5e153e999db5b9def621a0e8cd33c7/element - {"using":"xpath","value":"//*[@id=\"__tile36\"]"}
RESULT: {"using":"xpath","value":"//*[@id=\"__tile36\"]"}
COMMAND: POST /session/0b5e153e999db5b9def621a0e8cd33c7/element/f.16FD335629E18F5298EA577BED138745.d.69A33DC5D169E9EB50E301F8026D2456.e.725/click - {}
RESULT: undefined
COMMAND: POST /session/0b5e153e999db5b9def621a0e8cd33c7/element - {"using":"xpath","value":"//*[@id=\"__tile36\"]"}
RESULT: {"using":"xpath","value":"//*[@id=\"__tile36\"]"}
COMMAND: POST /session/0b5e153e999db5b9def621a0e8cd33c7/element/f.16FD335629E18F5298EA577BED138745.d.69A33DC5D169E9EB50E301F8026D2456.e.725/click - {}
RESULT: undefined
COMMAND: POST /session/0b5e153e999db5b9def621a0e8cd33c7/execute/async - {"script":"<script> [6424 bytes]","args":[{"element-6066-11e4-a52e-4f735466cecf":"f.16FD335629E18F5298EA577BED138745.d.69A33DC5D169E9EB50E301F8026D2456.e.282"},"getTitle",[]]}
COMMAND: POST /session/0b5e153e999db5b9def621a0e8cd33c7/execute/async - {"script":"<script> [1562 bytes]","args":[{"selector":{"id":"shellAppTitle"},"wdio_ui5_key":"shellAppTitle"}]}
RESULT: {"script":"<script> [1562 bytes]","args":[{"selector":{"id":"shellAppTitle"},"wdio_ui5_key":"shellAppTitle"}]}
COMMAND: POST /session/0b5e153e999db5b9def621a0e8cd33c7/execute/async - {"script":"<script> [6424 bytes]","args":[{"element-6066-11e4-a52e-4f735466cecf":"f.16FD335629E18F5298EA577BED138745.d.69A33DC5D169E9EB50E301F8026D2456.e.806"},"getTitle",[]]}
RESULT: {"script":"<script> [6424 bytes]","args":[{"element-6066-11e4-a52e-4f735466cecf":"f.16FD335629E18F5298EA577BED138745.d.69A33DC5D169E9EB50E301F8026D2456.e.806"},"getTitle",[]]}
RESULT: undefined
COMMAND: POST /session/0b5e153e999db5b9def621a0e8cd33c7/element/f.16FD335629E18F5298EA577BED138745.d.69A33DC5D169E9EB50E301F8026D2456.e.650/click - {}
COMMAND: POST /session/0b5e153e999db5b9def621a0e8cd33c7/element - {"using":"xpath","value":"//*[@id=\"backBtn\"]"}
RESULT: {"using":"xpath","value":"//*[@id=\"backBtn\"]"}
COMMAND: POST /session/0b5e153e999db5b9def621a0e8cd33c7/element/f.16FD335629E18F5298EA577BED138745.d.69A33DC5D169E9EB50E301F8026D2456.e.650/click - {}
COMMAND: POST /session/0b5e153e999db5b9def621a0e8cd33c7/element - {"using":"xpath","value":"//*[@id=\"backBtn\"]"}
RESULT: {"using":"xpath","value":"//*[@id=\"backBtn\"]"}
COMMAND: POST /session/0b5e153e999db5b9def621a0e8cd33c7/element/f.16FD335629E18F5298EA577BED138745.d.69A33DC5D169E9EB50E301F8026D2456.e.807/click - {}
RESULT: {}
COMMAND: GET /session/0b5e153e999db5b9def621a0e8cd33c7/screenshot - {}
RESULT: {}
]]></system-out>
    </testcase>
    <testcase classname="chrome.135_0_7049_42.windows.Sanity_Tests_US104253" name="Should open Address Management page" time="32.538">
      <system-out><![CDATA[
COMMAND: POST /session/0b5e153e999db5b9def621a0e8cd33c7/execute/async - {"script":"<script> [1562 bytes]","args":[{"selector":{"controlType":"sap.m.GenericTile","properties":{"header":"Address Management"}},"wdio_ui5_key":"sapm.GenericTile{\"header\":\"Address Management\"}"}]}
RESULT: {"script":"<script> [1562 bytes]","args":[{"selector":{"controlType":"sap.m.GenericTile","properties":{"header":"Address Management"}},"wdio_ui5_key":"sapm.GenericTile{\"header\":\"Address Management\"}"}]}
RESULT: undefined
COMMAND: POST /session/0b5e153e999db5b9def621a0e8cd33c7/element - {"using":"xpath","value":"//*[@id=\"__tile33\"]"}
RESULT: {"using":"xpath","value":"//*[@id=\"__tile33\"]"}
COMMAND: POST /session/0b5e153e999db5b9def621a0e8cd33c7/element/f.16FD335629E18F5298EA577BED138745.d.69A33DC5D169E9EB50E301F8026D2456.e.809/click - {}
RESULT: {}
COMMAND: GET /session/0b5e153e999db5b9def621a0e8cd33c7/screenshot - {}
RESULT: {}
RESULT: undefined
COMMAND: POST /session/0b5e153e999db5b9def621a0e8cd33c7/element - {"using":"xpath","value":"//*[@id=\"__tile33\"]"}
RESULT: {"using":"xpath","value":"//*[@id=\"__tile33\"]"}
COMMAND: POST /session/0b5e153e999db5b9def621a0e8cd33c7/element/f.16FD335629E18F5298EA577BED138745.d.69A33DC5D169E9EB50E301F8026D2456.e.809/click - {}
RESULT: undefined
COMMAND: POST /session/0b5e153e999db5b9def621a0e8cd33c7/element - {"using":"xpath","value":"//*[@id=\"__tile33\"]"}
RESULT: {"using":"xpath","value":"//*[@id=\"__tile33\"]"}
COMMAND: POST /session/0b5e153e999db5b9def621a0e8cd33c7/element/f.16FD335629E18F5298EA577BED138745.d.69A33DC5D169E9EB50E301F8026D2456.e.809/click - {}
RESULT: undefined
COMMAND: POST /session/0b5e153e999db5b9def621a0e8cd33c7/execute/async - {"script":"<script> [6424 bytes]","args":[{"element-6066-11e4-a52e-4f735466cecf":"f.16FD335629E18F5298EA577BED138745.d.69A33DC5D169E9EB50E301F8026D2456.e.282"},"getTitle",[]]}
COMMAND: POST /session/0b5e153e999db5b9def621a0e8cd33c7/execute/async - {"script":"<script> [1562 bytes]","args":[{"selector":{"id":"shellAppTitle"},"wdio_ui5_key":"shellAppTitle"}]}
RESULT: {"script":"<script> [1562 bytes]","args":[{"selector":{"id":"shellAppTitle"},"wdio_ui5_key":"shellAppTitle"}]}
COMMAND: POST /session/0b5e153e999db5b9def621a0e8cd33c7/execute/async - {"script":"<script> [6424 bytes]","args":[{"element-6066-11e4-a52e-4f735466cecf":"f.16FD335629E18F5298EA577BED138745.d.69A33DC5D169E9EB50E301F8026D2456.e.1008"},"getTitle",[]]}
RESULT: {"script":"<script> [6424 bytes]","args":[{"element-6066-11e4-a52e-4f735466cecf":"f.16FD335629E18F5298EA577BED138745.d.69A33DC5D169E9EB50E301F8026D2456.e.1008"},"getTitle",[]]}
RESULT: undefined
COMMAND: POST /session/0b5e153e999db5b9def621a0e8cd33c7/element/f.16FD335629E18F5298EA577BED138745.d.69A33DC5D169E9EB50E301F8026D2456.e.807/click - {}
RESULT: {}
COMMAND: GET /session/0b5e153e999db5b9def621a0e8cd33c7/screenshot - {}
RESULT: {}
]]></system-out>
    </testcase>
    <testcase classname="chrome.135_0_7049_42.windows.Sanity_Tests_US104253" name="Should open Bill Of Resources page" time="30.627">
      <system-out><![CDATA[
COMMAND: POST /session/0b5e153e999db5b9def621a0e8cd33c7/execute/async - {"script":"<script> [1562 bytes]","args":[{"selector":{"controlType":"sap.m.GenericTile","properties":{"header":"Bill Of Resources"}},"wdio_ui5_key":"sapm.GenericTile{\"header\":\"Bill Of Resources\"}"}]}
RESULT: {"script":"<script> [1562 bytes]","args":[{"selector":{"controlType":"sap.m.GenericTile","properties":{"header":"Bill Of Resources"}},"wdio_ui5_key":"sapm.GenericTile{\"header\":\"Bill Of Resources\"}"}]}
RESULT: undefined
COMMAND: POST /session/0b5e153e999db5b9def621a0e8cd33c7/element - {"using":"xpath","value":"//*[@id=\"__tile34\"]"}
RESULT: {"using":"xpath","value":"//*[@id=\"__tile34\"]"}
COMMAND: POST /session/0b5e153e999db5b9def621a0e8cd33c7/element/f.16FD335629E18F5298EA577BED138745.d.69A33DC5D169E9EB50E301F8026D2456.e.1010/click - {}
RESULT: {}
COMMAND: GET /session/0b5e153e999db5b9def621a0e8cd33c7/screenshot - {}
RESULT: {}
RESULT: undefined
COMMAND: POST /session/0b5e153e999db5b9def621a0e8cd33c7/element - {"using":"xpath","value":"//*[@id=\"__tile34\"]"}
RESULT: {"using":"xpath","value":"//*[@id=\"__tile34\"]"}
COMMAND: POST /session/0b5e153e999db5b9def621a0e8cd33c7/element/f.16FD335629E18F5298EA577BED138745.d.69A33DC5D169E9EB50E301F8026D2456.e.1010/click - {}
RESULT: undefined
COMMAND: POST /session/0b5e153e999db5b9def621a0e8cd33c7/element - {"using":"xpath","value":"//*[@id=\"__tile34\"]"}
RESULT: {"using":"xpath","value":"//*[@id=\"__tile34\"]"}
COMMAND: POST /session/0b5e153e999db5b9def621a0e8cd33c7/element/f.16FD335629E18F5298EA577BED138745.d.69A33DC5D169E9EB50E301F8026D2456.e.1010/click - {}
RESULT: undefined
COMMAND: POST /session/0b5e153e999db5b9def621a0e8cd33c7/execute/async - {"script":"<script> [6424 bytes]","args":[{"element-6066-11e4-a52e-4f735466cecf":"f.16FD335629E18F5298EA577BED138745.d.69A33DC5D169E9EB50E301F8026D2456.e.282"},"getTitle",[]]}
COMMAND: POST /session/0b5e153e999db5b9def621a0e8cd33c7/execute/async - {"script":"<script> [1562 bytes]","args":[{"selector":{"id":"shellAppTitle"},"wdio_ui5_key":"shellAppTitle"}]}
RESULT: {"script":"<script> [1562 bytes]","args":[{"selector":{"id":"shellAppTitle"},"wdio_ui5_key":"shellAppTitle"}]}
COMMAND: POST /session/0b5e153e999db5b9def621a0e8cd33c7/execute/async - {"script":"<script> [6424 bytes]","args":[{"element-6066-11e4-a52e-4f735466cecf":"f.16FD335629E18F5298EA577BED138745.d.69A33DC5D169E9EB50E301F8026D2456.e.1102"},"getTitle",[]]}
RESULT: {"script":"<script> [6424 bytes]","args":[{"element-6066-11e4-a52e-4f735466cecf":"f.16FD335629E18F5298EA577BED138745.d.69A33DC5D169E9EB50E301F8026D2456.e.1102"},"getTitle",[]]}
RESULT: undefined
COMMAND: POST /session/0b5e153e999db5b9def621a0e8cd33c7/element/f.16FD335629E18F5298EA577BED138745.d.69A33DC5D169E9EB50E301F8026D2456.e.807/click - {}
COMMAND: POST /session/0b5e153e999db5b9def621a0e8cd33c7/element - {"using":"xpath","value":"//*[@id=\"backBtn\"]"}
RESULT: {"using":"xpath","value":"//*[@id=\"backBtn\"]"}
COMMAND: POST /session/0b5e153e999db5b9def621a0e8cd33c7/element/f.16FD335629E18F5298EA577BED138745.d.69A33DC5D169E9EB50E301F8026D2456.e.807/click - {}
COMMAND: POST /session/0b5e153e999db5b9def621a0e8cd33c7/element - {"using":"xpath","value":"//*[@id=\"backBtn\"]"}
RESULT: {"using":"xpath","value":"//*[@id=\"backBtn\"]"}
COMMAND: POST /session/0b5e153e999db5b9def621a0e8cd33c7/element/f.16FD335629E18F5298EA577BED138745.d.69A33DC5D169E9EB50E301F8026D2456.e.1103/click - {}
RESULT: {}
COMMAND: GET /session/0b5e153e999db5b9def621a0e8cd33c7/screenshot - {}
RESULT: {}
]]></system-out>
    </testcase>
    <testcase classname="chrome.135_0_7049_42.windows.Sanity_Tests_US104253" name="Should open Manage Yards page" time="30.656">
      <system-out><![CDATA[
COMMAND: POST /session/0b5e153e999db5b9def621a0e8cd33c7/execute/async - {"script":"<script> [1562 bytes]","args":[{"selector":{"controlType":"sap.m.GenericTile","properties":{"header":"Manage Yards"}},"wdio_ui5_key":"sapm.GenericTile{\"header\":\"Manage Yards\"}"}]}
RESULT: {"script":"<script> [1562 bytes]","args":[{"selector":{"controlType":"sap.m.GenericTile","properties":{"header":"Manage Yards"}},"wdio_ui5_key":"sapm.GenericTile{\"header\":\"Manage Yards\"}"}]}
RESULT: undefined
COMMAND: POST /session/0b5e153e999db5b9def621a0e8cd33c7/element - {"using":"xpath","value":"//*[@id=\"__tile41\"]"}
RESULT: {"using":"xpath","value":"//*[@id=\"__tile41\"]"}
COMMAND: POST /session/0b5e153e999db5b9def621a0e8cd33c7/element/f.16FD335629E18F5298EA577BED138745.d.69A33DC5D169E9EB50E301F8026D2456.e.1105/click - {}
RESULT: {}
COMMAND: GET /session/0b5e153e999db5b9def621a0e8cd33c7/screenshot - {}
RESULT: {}
RESULT: undefined
COMMAND: POST /session/0b5e153e999db5b9def621a0e8cd33c7/element - {"using":"xpath","value":"//*[@id=\"__tile41\"]"}
RESULT: {"using":"xpath","value":"//*[@id=\"__tile41\"]"}
COMMAND: POST /session/0b5e153e999db5b9def621a0e8cd33c7/element/f.16FD335629E18F5298EA577BED138745.d.69A33DC5D169E9EB50E301F8026D2456.e.1105/click - {}
RESULT: undefined
COMMAND: POST /session/0b5e153e999db5b9def621a0e8cd33c7/element - {"using":"xpath","value":"//*[@id=\"__tile41\"]"}
RESULT: {"using":"xpath","value":"//*[@id=\"__tile41\"]"}
COMMAND: POST /session/0b5e153e999db5b9def621a0e8cd33c7/element/f.16FD335629E18F5298EA577BED138745.d.69A33DC5D169E9EB50E301F8026D2456.e.1105/click - {}
RESULT: undefined
COMMAND: POST /session/0b5e153e999db5b9def621a0e8cd33c7/execute/async - {"script":"<script> [6424 bytes]","args":[{"element-6066-11e4-a52e-4f735466cecf":"f.16FD335629E18F5298EA577BED138745.d.69A33DC5D169E9EB50E301F8026D2456.e.282"},"getTitle",[]]}
COMMAND: POST /session/0b5e153e999db5b9def621a0e8cd33c7/execute/async - {"script":"<script> [1562 bytes]","args":[{"selector":{"id":"shellAppTitle"},"wdio_ui5_key":"shellAppTitle"}]}
RESULT: {"script":"<script> [1562 bytes]","args":[{"selector":{"id":"shellAppTitle"},"wdio_ui5_key":"shellAppTitle"}]}
COMMAND: POST /session/0b5e153e999db5b9def621a0e8cd33c7/execute/async - {"script":"<script> [6424 bytes]","args":[{"element-6066-11e4-a52e-4f735466cecf":"f.16FD335629E18F5298EA577BED138745.d.69A33DC5D169E9EB50E301F8026D2456.e.1290"},"getTitle",[]]}
RESULT: {"script":"<script> [6424 bytes]","args":[{"element-6066-11e4-a52e-4f735466cecf":"f.16FD335629E18F5298EA577BED138745.d.69A33DC5D169E9EB50E301F8026D2456.e.1290"},"getTitle",[]]}
RESULT: undefined
COMMAND: POST /session/0b5e153e999db5b9def621a0e8cd33c7/element/f.16FD335629E18F5298EA577BED138745.d.69A33DC5D169E9EB50E301F8026D2456.e.1103/click - {}
RESULT: {}
COMMAND: GET /session/0b5e153e999db5b9def621a0e8cd33c7/screenshot - {}
RESULT: {}
]]></system-out>
    </testcase>
    <testcase classname="chrome.135_0_7049_42.windows.Sanity_Tests_US104253" name="Should open Manage Requests page" time="29.215">
      <system-out><![CDATA[
COMMAND: POST /session/0b5e153e999db5b9def621a0e8cd33c7/execute/async - {"script":"<script> [1562 bytes]","args":[{"selector":{"controlType":"sap.m.GenericTile","properties":{"header":"Manage Requests"}},"wdio_ui5_key":"sapm.GenericTile{\"header\":\"Manage Requests\"}"}]}
RESULT: {"script":"<script> [1562 bytes]","args":[{"selector":{"controlType":"sap.m.GenericTile","properties":{"header":"Manage Requests"}},"wdio_ui5_key":"sapm.GenericTile{\"header\":\"Manage Requests\"}"}]}
RESULT: undefined
COMMAND: POST /session/0b5e153e999db5b9def621a0e8cd33c7/element - {"using":"xpath","value":"//*[@id=\"__tile47\"]"}
RESULT: {"using":"xpath","value":"//*[@id=\"__tile47\"]"}
COMMAND: POST /session/0b5e153e999db5b9def621a0e8cd33c7/element/f.16FD335629E18F5298EA577BED138745.d.69A33DC5D169E9EB50E301F8026D2456.e.1292/click - {}
RESULT: {}
COMMAND: GET /session/0b5e153e999db5b9def621a0e8cd33c7/screenshot - {}
RESULT: {}
RESULT: undefined
COMMAND: POST /session/0b5e153e999db5b9def621a0e8cd33c7/element - {"using":"xpath","value":"//*[@id=\"__tile47\"]"}
RESULT: {"using":"xpath","value":"//*[@id=\"__tile47\"]"}
COMMAND: POST /session/0b5e153e999db5b9def621a0e8cd33c7/element/f.16FD335629E18F5298EA577BED138745.d.69A33DC5D169E9EB50E301F8026D2456.e.1292/click - {}
RESULT: undefined
COMMAND: POST /session/0b5e153e999db5b9def621a0e8cd33c7/element - {"using":"xpath","value":"//*[@id=\"__tile47\"]"}
RESULT: {"using":"xpath","value":"//*[@id=\"__tile47\"]"}
COMMAND: POST /session/0b5e153e999db5b9def621a0e8cd33c7/element/f.16FD335629E18F5298EA577BED138745.d.69A33DC5D169E9EB50E301F8026D2456.e.1292/click - {}
RESULT: undefined
COMMAND: POST /session/0b5e153e999db5b9def621a0e8cd33c7/execute/async - {"script":"<script> [6424 bytes]","args":[{"element-6066-11e4-a52e-4f735466cecf":"f.16FD335629E18F5298EA577BED138745.d.69A33DC5D169E9EB50E301F8026D2456.e.282"},"getTitle",[]]}
COMMAND: POST /session/0b5e153e999db5b9def621a0e8cd33c7/execute/async - {"script":"<script> [1562 bytes]","args":[{"selector":{"id":"shellAppTitle"},"wdio_ui5_key":"shellAppTitle"}]}
RESULT: {"script":"<script> [1562 bytes]","args":[{"selector":{"id":"shellAppTitle"},"wdio_ui5_key":"shellAppTitle"}]}
COMMAND: POST /session/0b5e153e999db5b9def621a0e8cd33c7/execute/async - {"script":"<script> [6424 bytes]","args":[{"element-6066-11e4-a52e-4f735466cecf":"f.16FD335629E18F5298EA577BED138745.d.69A33DC5D169E9EB50E301F8026D2456.e.1390"},"getTitle",[]]}
RESULT: {"script":"<script> [6424 bytes]","args":[{"element-6066-11e4-a52e-4f735466cecf":"f.16FD335629E18F5298EA577BED138745.d.69A33DC5D169E9EB50E301F8026D2456.e.1390"},"getTitle",[]]}
RESULT: undefined
COMMAND: POST /session/0b5e153e999db5b9def621a0e8cd33c7/element/f.16FD335629E18F5298EA577BED138745.d.69A33DC5D169E9EB50E301F8026D2456.e.1103/click - {}
COMMAND: POST /session/0b5e153e999db5b9def621a0e8cd33c7/element - {"using":"xpath","value":"//*[@id=\"backBtn\"]"}
RESULT: {"using":"xpath","value":"//*[@id=\"backBtn\"]"}
COMMAND: POST /session/0b5e153e999db5b9def621a0e8cd33c7/element/f.16FD335629E18F5298EA577BED138745.d.69A33DC5D169E9EB50E301F8026D2456.e.1103/click - {}
COMMAND: POST /session/0b5e153e999db5b9def621a0e8cd33c7/element - {"using":"xpath","value":"//*[@id=\"backBtn\"]"}
RESULT: {"using":"xpath","value":"//*[@id=\"backBtn\"]"}
COMMAND: POST /session/0b5e153e999db5b9def621a0e8cd33c7/element/f.16FD335629E18F5298EA577BED138745.d.69A33DC5D169E9EB50E301F8026D2456.e.1391/click - {}
RESULT: {}
COMMAND: GET /session/0b5e153e999db5b9def621a0e8cd33c7/screenshot - {}
RESULT: {}
]]></system-out>
    </testcase>
    <testcase classname="chrome.135_0_7049_42.windows.Sanity_Tests_US104253" name="Should open Manage Purchasing page" time="28.779">
      <system-out><![CDATA[
COMMAND: POST /session/0b5e153e999db5b9def621a0e8cd33c7/execute/async - {"script":"<script> [1562 bytes]","args":[{"selector":{"controlType":"sap.m.GenericTile","properties":{"header":"Manage Purchasing"}},"wdio_ui5_key":"sapm.GenericTile{\"header\":\"Manage Purchasing\"}"}]}
RESULT: {"script":"<script> [1562 bytes]","args":[{"selector":{"controlType":"sap.m.GenericTile","properties":{"header":"Manage Purchasing"}},"wdio_ui5_key":"sapm.GenericTile{\"header\":\"Manage Purchasing\"}"}]}
RESULT: undefined
COMMAND: POST /session/0b5e153e999db5b9def621a0e8cd33c7/element - {"using":"xpath","value":"//*[@id=\"__tile46\"]"}
RESULT: {"using":"xpath","value":"//*[@id=\"__tile46\"]"}
COMMAND: POST /session/0b5e153e999db5b9def621a0e8cd33c7/element/f.16FD335629E18F5298EA577BED138745.d.69A33DC5D169E9EB50E301F8026D2456.e.1394/click - {}
RESULT: {}
COMMAND: GET /session/0b5e153e999db5b9def621a0e8cd33c7/screenshot - {}
RESULT: {}
RESULT: undefined
COMMAND: POST /session/0b5e153e999db5b9def621a0e8cd33c7/element - {"using":"xpath","value":"//*[@id=\"__tile46\"]"}
RESULT: {"using":"xpath","value":"//*[@id=\"__tile46\"]"}
COMMAND: POST /session/0b5e153e999db5b9def621a0e8cd33c7/element/f.16FD335629E18F5298EA577BED138745.d.69A33DC5D169E9EB50E301F8026D2456.e.1394/click - {}
RESULT: undefined
COMMAND: POST /session/0b5e153e999db5b9def621a0e8cd33c7/element - {"using":"xpath","value":"//*[@id=\"__tile46\"]"}
RESULT: {"using":"xpath","value":"//*[@id=\"__tile46\"]"}
COMMAND: POST /session/0b5e153e999db5b9def621a0e8cd33c7/element/f.16FD335629E18F5298EA577BED138745.d.69A33DC5D169E9EB50E301F8026D2456.e.1394/click - {}
RESULT: undefined
COMMAND: POST /session/0b5e153e999db5b9def621a0e8cd33c7/execute/async - {"script":"<script> [6424 bytes]","args":[{"element-6066-11e4-a52e-4f735466cecf":"f.16FD335629E18F5298EA577BED138745.d.69A33DC5D169E9EB50E301F8026D2456.e.282"},"getTitle",[]]}
COMMAND: POST /session/0b5e153e999db5b9def621a0e8cd33c7/execute/async - {"script":"<script> [1562 bytes]","args":[{"selector":{"id":"shellAppTitle"},"wdio_ui5_key":"shellAppTitle"}]}
RESULT: {"script":"<script> [1562 bytes]","args":[{"selector":{"id":"shellAppTitle"},"wdio_ui5_key":"shellAppTitle"}]}
COMMAND: POST /session/0b5e153e999db5b9def621a0e8cd33c7/execute/async - {"script":"<script> [6424 bytes]","args":[{"element-6066-11e4-a52e-4f735466cecf":"f.16FD335629E18F5298EA577BED138745.d.69A33DC5D169E9EB50E301F8026D2456.e.1471"},"getTitle",[]]}
RESULT: {"script":"<script> [6424 bytes]","args":[{"element-6066-11e4-a52e-4f735466cecf":"f.16FD335629E18F5298EA577BED138745.d.69A33DC5D169E9EB50E301F8026D2456.e.1471"},"getTitle",[]]}
RESULT: undefined
COMMAND: POST /session/0b5e153e999db5b9def621a0e8cd33c7/element/f.16FD335629E18F5298EA577BED138745.d.69A33DC5D169E9EB50E301F8026D2456.e.1391/click - {}
RESULT: {}
COMMAND: GET /session/0b5e153e999db5b9def621a0e8cd33c7/screenshot - {}
RESULT: {}
]]></system-out>
    </testcase>
    <testcase classname="chrome.135_0_7049_42.windows.Sanity_Tests_US104253" name="Should open Planning Board page" time="29.896">
      <system-out><![CDATA[
COMMAND: POST /session/0b5e153e999db5b9def621a0e8cd33c7/execute/async - {"script":"<script> [1562 bytes]","args":[{"selector":{"controlType":"sap.m.GenericTile","properties":{"header":"Planning Board"}},"wdio_ui5_key":"sapm.GenericTile{\"header\":\"Planning Board\"}"}]}
RESULT: {"script":"<script> [1562 bytes]","args":[{"selector":{"controlType":"sap.m.GenericTile","properties":{"header":"Planning Board"}},"wdio_ui5_key":"sapm.GenericTile{\"header\":\"Planning Board\"}"}]}
RESULT: undefined
COMMAND: POST /session/0b5e153e999db5b9def621a0e8cd33c7/element - {"using":"xpath","value":"//*[@id=\"__tile130\"]"}
RESULT: {"using":"xpath","value":"//*[@id=\"__tile130\"]"}
COMMAND: POST /session/0b5e153e999db5b9def621a0e8cd33c7/element/f.16FD335629E18F5298EA577BED138745.d.69A33DC5D169E9EB50E301F8026D2456.e.1473/click - {}
RESULT: {}
COMMAND: GET /session/0b5e153e999db5b9def621a0e8cd33c7/screenshot - {}
RESULT: {}
RESULT: undefined
COMMAND: POST /session/0b5e153e999db5b9def621a0e8cd33c7/element - {"using":"xpath","value":"//*[@id=\"__tile130\"]"}
RESULT: {"using":"xpath","value":"//*[@id=\"__tile130\"]"}
COMMAND: POST /session/0b5e153e999db5b9def621a0e8cd33c7/element/f.16FD335629E18F5298EA577BED138745.d.69A33DC5D169E9EB50E301F8026D2456.e.1473/click - {}
RESULT: undefined
COMMAND: POST /session/0b5e153e999db5b9def621a0e8cd33c7/element - {"using":"xpath","value":"//*[@id=\"__tile130\"]"}
RESULT: {"using":"xpath","value":"//*[@id=\"__tile130\"]"}
COMMAND: POST /session/0b5e153e999db5b9def621a0e8cd33c7/element/f.16FD335629E18F5298EA577BED138745.d.69A33DC5D169E9EB50E301F8026D2456.e.1473/click - {}
RESULT: undefined
COMMAND: POST /session/0b5e153e999db5b9def621a0e8cd33c7/execute/async - {"script":"<script> [6424 bytes]","args":[{"element-6066-11e4-a52e-4f735466cecf":"f.16FD335629E18F5298EA577BED138745.d.69A33DC5D169E9EB50E301F8026D2456.e.282"},"getTitle",[]]}
COMMAND: POST /session/0b5e153e999db5b9def621a0e8cd33c7/execute/async - {"script":"<script> [1562 bytes]","args":[{"selector":{"id":"shellAppTitle"},"wdio_ui5_key":"shellAppTitle"}]}
RESULT: {"script":"<script> [1562 bytes]","args":[{"selector":{"id":"shellAppTitle"},"wdio_ui5_key":"shellAppTitle"}]}
COMMAND: POST /session/0b5e153e999db5b9def621a0e8cd33c7/execute/async - {"script":"<script> [6424 bytes]","args":[{"element-6066-11e4-a52e-4f735466cecf":"f.16FD335629E18F5298EA577BED138745.d.69A33DC5D169E9EB50E301F8026D2456.e.1521"},"getTitle",[]]}
RESULT: {"script":"<script> [6424 bytes]","args":[{"element-6066-11e4-a52e-4f735466cecf":"f.16FD335629E18F5298EA577BED138745.d.69A33DC5D169E9EB50E301F8026D2456.e.1521"},"getTitle",[]]}
RESULT: undefined
COMMAND: POST /session/0b5e153e999db5b9def621a0e8cd33c7/element/f.16FD335629E18F5298EA577BED138745.d.69A33DC5D169E9EB50E301F8026D2456.e.1391/click - {}
COMMAND: POST /session/0b5e153e999db5b9def621a0e8cd33c7/element/f.16FD335629E18F5298EA577BED138745.d.69A33DC5D169E9EB50E301F8026D2456.e.1391/click - {}
COMMAND: POST /session/0b5e153e999db5b9def621a0e8cd33c7/element - {"using":"xpath","value":"//*[@id=\"backBtn\"]"}
COMMAND: POST /session/0b5e153e999db5b9def621a0e8cd33c7/element - {"using":"xpath","value":"//*[@id=\"backBtn\"]"}
RESULT: {"using":"xpath","value":"//*[@id=\"backBtn\"]"}
COMMAND: POST /session/0b5e153e999db5b9def621a0e8cd33c7/element/f.16FD335629E18F5298EA577BED138745.d.69A33DC5D169E9EB50E301F8026D2456.e.1391/click - {}
RESULT: {"using":"xpath","value":"//*[@id=\"backBtn\"]"}
COMMAND: POST /session/0b5e153e999db5b9def621a0e8cd33c7/element/f.16FD335629E18F5298EA577BED138745.d.69A33DC5D169E9EB50E301F8026D2456.e.1391/click - {}
COMMAND: POST /session/0b5e153e999db5b9def621a0e8cd33c7/element - {"using":"xpath","value":"//*[@id=\"backBtn\"]"}
COMMAND: POST /session/0b5e153e999db5b9def621a0e8cd33c7/element - {"using":"xpath","value":"//*[@id=\"backBtn\"]"}
RESULT: {"using":"xpath","value":"//*[@id=\"backBtn\"]"}
COMMAND: POST /session/0b5e153e999db5b9def621a0e8cd33c7/element/f.16FD335629E18F5298EA577BED138745.d.69A33DC5D169E9EB50E301F8026D2456.e.1522/click - {}
RESULT: {"using":"xpath","value":"//*[@id=\"backBtn\"]"}
COMMAND: POST /session/0b5e153e999db5b9def621a0e8cd33c7/element/f.16FD335629E18F5298EA577BED138745.d.69A33DC5D169E9EB50E301F8026D2456.e.1522/click - {}
RESULT: {}
COMMAND: GET /session/0b5e153e999db5b9def621a0e8cd33c7/screenshot - {}
RESULT: {}
COMMAND: GET /session/0b5e153e999db5b9def621a0e8cd33c7/screenshot - {}
RESULT: {}
RESULT: {}
]]></system-out>
    </testcase>
    <testcase classname="chrome.135_0_7049_42.windows.Sanity_Tests_US104253" name="Should open Manage Contracts page" time="31.632">
      <system-out><![CDATA[
COMMAND: POST /session/0b5e153e999db5b9def621a0e8cd33c7/execute/async - {"script":"<script> [1562 bytes]","args":[{"selector":{"controlType":"sap.m.GenericTile","properties":{"header":"Manage Contracts"}},"wdio_ui5_key":"sapm.GenericTile{\"header\":\"Manage Contracts\"}"}]}
RESULT: {"script":"<script> [1562 bytes]","args":[{"selector":{"controlType":"sap.m.GenericTile","properties":{"header":"Manage Contracts"}},"wdio_ui5_key":"sapm.GenericTile{\"header\":\"Manage Contracts\"}"}]}
RESULT: undefined
COMMAND: POST /session/0b5e153e999db5b9def621a0e8cd33c7/element - {"using":"xpath","value":"//*[@id=\"__tile131\"]"}
RESULT: {"using":"xpath","value":"//*[@id=\"__tile131\"]"}
COMMAND: POST /session/0b5e153e999db5b9def621a0e8cd33c7/element/f.16FD335629E18F5298EA577BED138745.d.69A33DC5D169E9EB50E301F8026D2456.e.1524/click - {}
RESULT: {}
COMMAND: GET /session/0b5e153e999db5b9def621a0e8cd33c7/screenshot - {}
RESULT: {}
RESULT: undefined
COMMAND: POST /session/0b5e153e999db5b9def621a0e8cd33c7/element - {"using":"xpath","value":"//*[@id=\"__tile131\"]"}
RESULT: {"using":"xpath","value":"//*[@id=\"__tile131\"]"}
COMMAND: POST /session/0b5e153e999db5b9def621a0e8cd33c7/element/f.16FD335629E18F5298EA577BED138745.d.69A33DC5D169E9EB50E301F8026D2456.e.1524/click - {}
RESULT: undefined
RESULT: undefined
RESULT: undefined
COMMAND: POST /session/0b5e153e999db5b9def621a0e8cd33c7/element - {"using":"xpath","value":"//*[@id=\"__tile131\"]"}
RESULT: {"using":"xpath","value":"//*[@id=\"__tile131\"]"}
COMMAND: POST /session/0b5e153e999db5b9def621a0e8cd33c7/element/f.16FD335629E18F5298EA577BED138745.d.69A33DC5D169E9EB50E301F8026D2456.e.1524/click - {}
RESULT: undefined
COMMAND: POST /session/0b5e153e999db5b9def621a0e8cd33c7/execute/async - {"script":"<script> [6424 bytes]","args":[{"element-6066-11e4-a52e-4f735466cecf":"f.16FD335629E18F5298EA577BED138745.d.69A33DC5D169E9EB50E301F8026D2456.e.282"},"getTitle",[]]}
COMMAND: POST /session/0b5e153e999db5b9def621a0e8cd33c7/execute/async - {"script":"<script> [1562 bytes]","args":[{"selector":{"id":"shellAppTitle"},"wdio_ui5_key":"shellAppTitle"}]}
RESULT: {"script":"<script> [1562 bytes]","args":[{"selector":{"id":"shellAppTitle"},"wdio_ui5_key":"shellAppTitle"}]}
COMMAND: POST /session/0b5e153e999db5b9def621a0e8cd33c7/execute/async - {"script":"<script> [6424 bytes]","args":[{"element-6066-11e4-a52e-4f735466cecf":"f.16FD335629E18F5298EA577BED138745.d.69A33DC5D169E9EB50E301F8026D2456.e.1604"},"getTitle",[]]}
RESULT: {"script":"<script> [6424 bytes]","args":[{"element-6066-11e4-a52e-4f735466cecf":"f.16FD335629E18F5298EA577BED138745.d.69A33DC5D169E9EB50E301F8026D2456.e.1604"},"getTitle",[]]}
RESULT: undefined
COMMAND: POST /session/0b5e153e999db5b9def621a0e8cd33c7/element/f.16FD335629E18F5298EA577BED138745.d.69A33DC5D169E9EB50E301F8026D2456.e.1522/click - {}
RESULT: {}
COMMAND: GET /session/0b5e153e999db5b9def621a0e8cd33c7/screenshot - {}
RESULT: {}
]]></system-out>
    </testcase>
    <testcase classname="chrome.135_0_7049_42.windows.Sanity_Tests_US104253" name="Should open Manage Quotations page" time="29.446">
      <system-out><![CDATA[
COMMAND: POST /session/0b5e153e999db5b9def621a0e8cd33c7/execute/async - {"script":"<script> [1562 bytes]","args":[{"selector":{"controlType":"sap.m.GenericTile","properties":{"header":"Manage Quotations"}},"wdio_ui5_key":"sapm.GenericTile{\"header\":\"Manage Quotations\"}"}]}
RESULT: {"script":"<script> [1562 bytes]","args":[{"selector":{"controlType":"sap.m.GenericTile","properties":{"header":"Manage Quotations"}},"wdio_ui5_key":"sapm.GenericTile{\"header\":\"Manage Quotations\"}"}]}
RESULT: undefined
COMMAND: POST /session/0b5e153e999db5b9def621a0e8cd33c7/element - {"using":"xpath","value":"//*[@id=\"__tile133\"]"}
RESULT: {"using":"xpath","value":"//*[@id=\"__tile133\"]"}
COMMAND: POST /session/0b5e153e999db5b9def621a0e8cd33c7/element/f.16FD335629E18F5298EA577BED138745.d.69A33DC5D169E9EB50E301F8026D2456.e.1606/click - {}
RESULT: {}
COMMAND: GET /session/0b5e153e999db5b9def621a0e8cd33c7/screenshot - {}
RESULT: {}
RESULT: undefined
COMMAND: POST /session/0b5e153e999db5b9def621a0e8cd33c7/element - {"using":"xpath","value":"//*[@id=\"__tile133\"]"}
RESULT: {"using":"xpath","value":"//*[@id=\"__tile133\"]"}
COMMAND: POST /session/0b5e153e999db5b9def621a0e8cd33c7/element/f.16FD335629E18F5298EA577BED138745.d.69A33DC5D169E9EB50E301F8026D2456.e.1606/click - {}
RESULT: undefined
COMMAND: POST /session/0b5e153e999db5b9def621a0e8cd33c7/element - {"using":"xpath","value":"//*[@id=\"__tile133\"]"}
RESULT: {"using":"xpath","value":"//*[@id=\"__tile133\"]"}
COMMAND: POST /session/0b5e153e999db5b9def621a0e8cd33c7/element/f.16FD335629E18F5298EA577BED138745.d.69A33DC5D169E9EB50E301F8026D2456.e.1606/click - {}
RESULT: undefined
RESULT: undefined
RESULT: undefined
COMMAND: POST /session/0b5e153e999db5b9def621a0e8cd33c7/execute/async - {"script":"<script> [6424 bytes]","args":[{"element-6066-11e4-a52e-4f735466cecf":"f.16FD335629E18F5298EA577BED138745.d.69A33DC5D169E9EB50E301F8026D2456.e.282"},"getTitle",[]]}
COMMAND: POST /session/0b5e153e999db5b9def621a0e8cd33c7/execute/async - {"script":"<script> [1562 bytes]","args":[{"selector":{"id":"shellAppTitle"},"wdio_ui5_key":"shellAppTitle"}]}
RESULT: {"script":"<script> [1562 bytes]","args":[{"selector":{"id":"shellAppTitle"},"wdio_ui5_key":"shellAppTitle"}]}
COMMAND: POST /session/0b5e153e999db5b9def621a0e8cd33c7/execute/async - {"script":"<script> [6424 bytes]","args":[{"element-6066-11e4-a52e-4f735466cecf":"f.16FD335629E18F5298EA577BED138745.d.69A33DC5D169E9EB50E301F8026D2456.e.1681"},"getTitle",[]]}
RESULT: {"script":"<script> [6424 bytes]","args":[{"element-6066-11e4-a52e-4f735466cecf":"f.16FD335629E18F5298EA577BED138745.d.69A33DC5D169E9EB50E301F8026D2456.e.1681"},"getTitle",[]]}
RESULT: undefined
COMMAND: POST /session/0b5e153e999db5b9def621a0e8cd33c7/element/f.16FD335629E18F5298EA577BED138745.d.69A33DC5D169E9EB50E301F8026D2456.e.1522/click - {}
COMMAND: POST /session/0b5e153e999db5b9def621a0e8cd33c7/element - {"using":"xpath","value":"//*[@id=\"backBtn\"]"}
RESULT: {"using":"xpath","value":"//*[@id=\"backBtn\"]"}
COMMAND: POST /session/0b5e153e999db5b9def621a0e8cd33c7/element/f.16FD335629E18F5298EA577BED138745.d.69A33DC5D169E9EB50E301F8026D2456.e.1522/click - {}
COMMAND: POST /session/0b5e153e999db5b9def621a0e8cd33c7/element - {"using":"xpath","value":"//*[@id=\"backBtn\"]"}
RESULT: {"using":"xpath","value":"//*[@id=\"backBtn\"]"}
COMMAND: POST /session/0b5e153e999db5b9def621a0e8cd33c7/element/f.16FD335629E18F5298EA577BED138745.d.69A33DC5D169E9EB50E301F8026D2456.e.1682/click - {}
RESULT: {}
COMMAND: GET /session/0b5e153e999db5b9def621a0e8cd33c7/screenshot - {}
RESULT: {}
]]></system-out>
    </testcase>
    <testcase classname="chrome.135_0_7049_42.windows.Sanity_Tests_US104253" name="Should open Manage Handovers page" time="31.611">
      <system-out><![CDATA[
COMMAND: POST /session/0b5e153e999db5b9def621a0e8cd33c7/execute/async - {"script":"<script> [1562 bytes]","args":[{"selector":{"controlType":"sap.m.GenericTile","properties":{"header":"Manage Handovers"}},"wdio_ui5_key":"sapm.GenericTile{\"header\":\"Manage Handovers\"}"}]}
RESULT: {"script":"<script> [1562 bytes]","args":[{"selector":{"controlType":"sap.m.GenericTile","properties":{"header":"Manage Handovers"}},"wdio_ui5_key":"sapm.GenericTile{\"header\":\"Manage Handovers\"}"}]}
RESULT: undefined
COMMAND: POST /session/0b5e153e999db5b9def621a0e8cd33c7/element - {"using":"xpath","value":"//*[@id=\"__tile132\"]"}
RESULT: {"using":"xpath","value":"//*[@id=\"__tile132\"]"}
COMMAND: POST /session/0b5e153e999db5b9def621a0e8cd33c7/element/f.16FD335629E18F5298EA577BED138745.d.69A33DC5D169E9EB50E301F8026D2456.e.1684/click - {}
RESULT: {}
COMMAND: GET /session/0b5e153e999db5b9def621a0e8cd33c7/screenshot - {}
RESULT: {}
RESULT: undefined
COMMAND: POST /session/0b5e153e999db5b9def621a0e8cd33c7/element - {"using":"xpath","value":"//*[@id=\"__tile132\"]"}
RESULT: {"using":"xpath","value":"//*[@id=\"__tile132\"]"}
COMMAND: POST /session/0b5e153e999db5b9def621a0e8cd33c7/element/f.16FD335629E18F5298EA577BED138745.d.69A33DC5D169E9EB50E301F8026D2456.e.1684/click - {}
RESULT: undefined
COMMAND: POST /session/0b5e153e999db5b9def621a0e8cd33c7/element - {"using":"xpath","value":"//*[@id=\"__tile132\"]"}
RESULT: {"using":"xpath","value":"//*[@id=\"__tile132\"]"}
COMMAND: POST /session/0b5e153e999db5b9def621a0e8cd33c7/element/f.16FD335629E18F5298EA577BED138745.d.69A33DC5D169E9EB50E301F8026D2456.e.1684/click - {}
RESULT: undefined
COMMAND: POST /session/0b5e153e999db5b9def621a0e8cd33c7/execute/async - {"script":"<script> [6424 bytes]","args":[{"element-6066-11e4-a52e-4f735466cecf":"f.16FD335629E18F5298EA577BED138745.d.69A33DC5D169E9EB50E301F8026D2456.e.282"},"getTitle",[]]}
COMMAND: POST /session/0b5e153e999db5b9def621a0e8cd33c7/execute/async - {"script":"<script> [1562 bytes]","args":[{"selector":{"id":"shellAppTitle"},"wdio_ui5_key":"shellAppTitle"}]}
RESULT: {"script":"<script> [1562 bytes]","args":[{"selector":{"id":"shellAppTitle"},"wdio_ui5_key":"shellAppTitle"}]}
COMMAND: POST /session/0b5e153e999db5b9def621a0e8cd33c7/execute/async - {"script":"<script> [6424 bytes]","args":[{"element-6066-11e4-a52e-4f735466cecf":"f.16FD335629E18F5298EA577BED138745.d.69A33DC5D169E9EB50E301F8026D2456.e.1793"},"getTitle",[]]}
RESULT: {"script":"<script> [6424 bytes]","args":[{"element-6066-11e4-a52e-4f735466cecf":"f.16FD335629E18F5298EA577BED138745.d.69A33DC5D169E9EB50E301F8026D2456.e.1793"},"getTitle",[]]}
RESULT: undefined
COMMAND: POST /session/0b5e153e999db5b9def621a0e8cd33c7/element/f.16FD335629E18F5298EA577BED138745.d.69A33DC5D169E9EB50E301F8026D2456.e.1682/click - {}
RESULT: {}
COMMAND: GET /session/0b5e153e999db5b9def621a0e8cd33c7/screenshot - {}
RESULT: {}
]]></system-out>
    </testcase>
    <testcase classname="chrome.135_0_7049_42.windows.Sanity_Tests_US104253" name="Should open Delivery Monitor page" time="33.113">
      <system-out><![CDATA[
COMMAND: POST /session/0b5e153e999db5b9def621a0e8cd33c7/execute/async - {"script":"<script> [1562 bytes]","args":[{"selector":{"controlType":"sap.m.GenericTile","properties":{"header":"Delivery Monitor"}},"wdio_ui5_key":"sapm.GenericTile{\"header\":\"Delivery Monitor\"}"}]}
RESULT: {"script":"<script> [1562 bytes]","args":[{"selector":{"controlType":"sap.m.GenericTile","properties":{"header":"Delivery Monitor"}},"wdio_ui5_key":"sapm.GenericTile{\"header\":\"Delivery Monitor\"}"}]}
RESULT: undefined
COMMAND: POST /session/0b5e153e999db5b9def621a0e8cd33c7/element - {"using":"xpath","value":"//*[@id=\"__tile43\"]"}
RESULT: {"using":"xpath","value":"//*[@id=\"__tile43\"]"}
COMMAND: POST /session/0b5e153e999db5b9def621a0e8cd33c7/element/f.16FD335629E18F5298EA577BED138745.d.69A33DC5D169E9EB50E301F8026D2456.e.1795/click - {}
RESULT: {}
COMMAND: GET /session/0b5e153e999db5b9def621a0e8cd33c7/screenshot - {}
RESULT: {}
RESULT: undefined
COMMAND: POST /session/0b5e153e999db5b9def621a0e8cd33c7/element - {"using":"xpath","value":"//*[@id=\"__tile43\"]"}
RESULT: {"using":"xpath","value":"//*[@id=\"__tile43\"]"}
COMMAND: POST /session/0b5e153e999db5b9def621a0e8cd33c7/element/f.16FD335629E18F5298EA577BED138745.d.69A33DC5D169E9EB50E301F8026D2456.e.1795/click - {}
RESULT: undefined
COMMAND: POST /session/0b5e153e999db5b9def621a0e8cd33c7/element - {"using":"xpath","value":"//*[@id=\"__tile43\"]"}
RESULT: {"using":"xpath","value":"//*[@id=\"__tile43\"]"}
COMMAND: POST /session/0b5e153e999db5b9def621a0e8cd33c7/element/f.16FD335629E18F5298EA577BED138745.d.69A33DC5D169E9EB50E301F8026D2456.e.1795/click - {}
RESULT: undefined
COMMAND: POST /session/0b5e153e999db5b9def621a0e8cd33c7/execute/async - {"script":"<script> [6424 bytes]","args":[{"element-6066-11e4-a52e-4f735466cecf":"f.16FD335629E18F5298EA577BED138745.d.69A33DC5D169E9EB50E301F8026D2456.e.282"},"getTitle",[]]}
COMMAND: POST /session/0b5e153e999db5b9def621a0e8cd33c7/execute/async - {"script":"<script> [1562 bytes]","args":[{"selector":{"id":"shellAppTitle"},"wdio_ui5_key":"shellAppTitle"}]}
RESULT: {"script":"<script> [1562 bytes]","args":[{"selector":{"id":"shellAppTitle"},"wdio_ui5_key":"shellAppTitle"}]}
COMMAND: POST /session/0b5e153e999db5b9def621a0e8cd33c7/execute/async - {"script":"<script> [6424 bytes]","args":[{"element-6066-11e4-a52e-4f735466cecf":"f.16FD335629E18F5298EA577BED138745.d.69A33DC5D169E9EB50E301F8026D2456.e.1905"},"getTitle",[]]}
RESULT: {"script":"<script> [6424 bytes]","args":[{"element-6066-11e4-a52e-4f735466cecf":"f.16FD335629E18F5298EA577BED138745.d.69A33DC5D169E9EB50E301F8026D2456.e.1905"},"getTitle",[]]}
RESULT: undefined
COMMAND: POST /session/0b5e153e999db5b9def621a0e8cd33c7/element/f.16FD335629E18F5298EA577BED138745.d.69A33DC5D169E9EB50E301F8026D2456.e.1682/click - {}
COMMAND: POST /session/0b5e153e999db5b9def621a0e8cd33c7/element - {"using":"xpath","value":"//*[@id=\"backBtn\"]"}
RESULT: {"using":"xpath","value":"//*[@id=\"backBtn\"]"}
COMMAND: POST /session/0b5e153e999db5b9def621a0e8cd33c7/element/f.16FD335629E18F5298EA577BED138745.d.69A33DC5D169E9EB50E301F8026D2456.e.1682/click - {}
COMMAND: POST /session/0b5e153e999db5b9def621a0e8cd33c7/element - {"using":"xpath","value":"//*[@id=\"backBtn\"]"}
RESULT: {"using":"xpath","value":"//*[@id=\"backBtn\"]"}
COMMAND: POST /session/0b5e153e999db5b9def621a0e8cd33c7/element/f.16FD335629E18F5298EA577BED138745.d.69A33DC5D169E9EB50E301F8026D2456.e.1906/click - {}
RESULT: {}
COMMAND: GET /session/0b5e153e999db5b9def621a0e8cd33c7/screenshot - {}
RESULT: {}
]]></system-out>
    </testcase>
    <testcase classname="chrome.135_0_7049_42.windows.Sanity_Tests_US104253" name="Should open Manage Calendar Exceptions page" time="31.657">
      <system-out><![CDATA[
COMMAND: POST /session/0b5e153e999db5b9def621a0e8cd33c7/execute/async - {"script":"<script> [1562 bytes]","args":[{"selector":{"controlType":"sap.m.GenericTile","properties":{"header":"Manage Calendar Exceptions"}},"wdio_ui5_key":"sapm.GenericTile{\"header\":\"Manage Calendar Exceptions\"}"}]}
RESULT: {"script":"<script> [1562 bytes]","args":[{"selector":{"controlType":"sap.m.GenericTile","properties":{"header":"Manage Calendar Exceptions"}},"wdio_ui5_key":"sapm.GenericTile{\"header\":\"Manage Calendar Exceptions\"}"}]}
RESULT: undefined
COMMAND: POST /session/0b5e153e999db5b9def621a0e8cd33c7/element - {"using":"xpath","value":"//*[@id=\"__tile52\"]"}
RESULT: {"using":"xpath","value":"//*[@id=\"__tile52\"]"}
COMMAND: POST /session/0b5e153e999db5b9def621a0e8cd33c7/element/f.16FD335629E18F5298EA577BED138745.d.69A33DC5D169E9EB50E301F8026D2456.e.1908/click - {}
RESULT: {}
COMMAND: GET /session/0b5e153e999db5b9def621a0e8cd33c7/screenshot - {}
RESULT: {}
RESULT: undefined
COMMAND: POST /session/0b5e153e999db5b9def621a0e8cd33c7/element - {"using":"xpath","value":"//*[@id=\"__tile52\"]"}
RESULT: {"using":"xpath","value":"//*[@id=\"__tile52\"]"}
COMMAND: POST /session/0b5e153e999db5b9def621a0e8cd33c7/element/f.16FD335629E18F5298EA577BED138745.d.69A33DC5D169E9EB50E301F8026D2456.e.1908/click - {}
RESULT: undefined
COMMAND: POST /session/0b5e153e999db5b9def621a0e8cd33c7/element - {"using":"xpath","value":"//*[@id=\"__tile52\"]"}
RESULT: {"using":"xpath","value":"//*[@id=\"__tile52\"]"}
COMMAND: POST /session/0b5e153e999db5b9def621a0e8cd33c7/element/f.16FD335629E18F5298EA577BED138745.d.69A33DC5D169E9EB50E301F8026D2456.e.1908/click - {}
RESULT: undefined
COMMAND: POST /session/0b5e153e999db5b9def621a0e8cd33c7/execute/async - {"script":"<script> [6424 bytes]","args":[{"element-6066-11e4-a52e-4f735466cecf":"f.16FD335629E18F5298EA577BED138745.d.69A33DC5D169E9EB50E301F8026D2456.e.282"},"getTitle",[]]}
COMMAND: POST /session/0b5e153e999db5b9def621a0e8cd33c7/execute/async - {"script":"<script> [1562 bytes]","args":[{"selector":{"id":"shellAppTitle"},"wdio_ui5_key":"shellAppTitle"}]}
RESULT: {"script":"<script> [1562 bytes]","args":[{"selector":{"id":"shellAppTitle"},"wdio_ui5_key":"shellAppTitle"}]}
COMMAND: POST /session/0b5e153e999db5b9def621a0e8cd33c7/execute/async - {"script":"<script> [6424 bytes]","args":[{"element-6066-11e4-a52e-4f735466cecf":"f.16FD335629E18F5298EA577BED138745.d.69A33DC5D169E9EB50E301F8026D2456.e.1985"},"getTitle",[]]}
RESULT: {"script":"<script> [6424 bytes]","args":[{"element-6066-11e4-a52e-4f735466cecf":"f.16FD335629E18F5298EA577BED138745.d.69A33DC5D169E9EB50E301F8026D2456.e.1985"},"getTitle",[]]}
RESULT: undefined
COMMAND: POST /session/0b5e153e999db5b9def621a0e8cd33c7/element/f.16FD335629E18F5298EA577BED138745.d.69A33DC5D169E9EB50E301F8026D2456.e.1906/click - {}
RESULT: {}
COMMAND: GET /session/0b5e153e999db5b9def621a0e8cd33c7/screenshot - {}
RESULT: {}
]]></system-out>
    </testcase>
    <testcase classname="chrome.135_0_7049_42.windows.Sanity_Tests_US104253" name="Should open Manage States Performance page" time="31.459">
      <system-out><![CDATA[
COMMAND: POST /session/0b5e153e999db5b9def621a0e8cd33c7/execute/async - {"script":"<script> [1562 bytes]","args":[{"selector":{"controlType":"sap.m.GenericTile","properties":{"header":"Manage States & Performance"}},"wdio_ui5_key":"sapm.GenericTile{\"header\":\"Manage States & Performance\"}"}]}
RESULT: {"script":"<script> [1562 bytes]","args":[{"selector":{"controlType":"sap.m.GenericTile","properties":{"header":"Manage States & Performance"}},"wdio_ui5_key":"sapm.GenericTile{\"header\":\"Manage States & Performance\"}"}]}
RESULT: undefined
COMMAND: POST /session/0b5e153e999db5b9def621a0e8cd33c7/element - {"using":"xpath","value":"//*[@id=\"__tile56\"]"}
RESULT: {"using":"xpath","value":"//*[@id=\"__tile56\"]"}
COMMAND: POST /session/0b5e153e999db5b9def621a0e8cd33c7/element/f.16FD335629E18F5298EA577BED138745.d.69A33DC5D169E9EB50E301F8026D2456.e.1989/click - {}
RESULT: {}
COMMAND: GET /session/0b5e153e999db5b9def621a0e8cd33c7/screenshot - {}
RESULT: {}
RESULT: undefined
COMMAND: POST /session/0b5e153e999db5b9def621a0e8cd33c7/element - {"using":"xpath","value":"//*[@id=\"__tile56\"]"}
RESULT: {"using":"xpath","value":"//*[@id=\"__tile56\"]"}
COMMAND: POST /session/0b5e153e999db5b9def621a0e8cd33c7/element/f.16FD335629E18F5298EA577BED138745.d.69A33DC5D169E9EB50E301F8026D2456.e.1989/click - {}
RESULT: undefined
COMMAND: POST /session/0b5e153e999db5b9def621a0e8cd33c7/element - {"using":"xpath","value":"//*[@id=\"__tile56\"]"}
RESULT: {"using":"xpath","value":"//*[@id=\"__tile56\"]"}
COMMAND: POST /session/0b5e153e999db5b9def621a0e8cd33c7/element/f.16FD335629E18F5298EA577BED138745.d.69A33DC5D169E9EB50E301F8026D2456.e.1989/click - {}
RESULT: undefined
COMMAND: POST /session/0b5e153e999db5b9def621a0e8cd33c7/execute/async - {"script":"<script> [6424 bytes]","args":[{"element-6066-11e4-a52e-4f735466cecf":"f.16FD335629E18F5298EA577BED138745.d.69A33DC5D169E9EB50E301F8026D2456.e.282"},"getTitle",[]]}
COMMAND: POST /session/0b5e153e999db5b9def621a0e8cd33c7/execute/async - {"script":"<script> [1562 bytes]","args":[{"selector":{"id":"shellAppTitle"},"wdio_ui5_key":"shellAppTitle"}]}
RESULT: {"script":"<script> [1562 bytes]","args":[{"selector":{"id":"shellAppTitle"},"wdio_ui5_key":"shellAppTitle"}]}
COMMAND: POST /session/0b5e153e999db5b9def621a0e8cd33c7/execute/async - {"script":"<script> [6424 bytes]","args":[{"element-6066-11e4-a52e-4f735466cecf":"f.16FD335629E18F5298EA577BED138745.d.69A33DC5D169E9EB50E301F8026D2456.e.2186"},"getTitle",[]]}
RESULT: {"script":"<script> [6424 bytes]","args":[{"element-6066-11e4-a52e-4f735466cecf":"f.16FD335629E18F5298EA577BED138745.d.69A33DC5D169E9EB50E301F8026D2456.e.2186"},"getTitle",[]]}
RESULT: undefined
COMMAND: POST /session/0b5e153e999db5b9def621a0e8cd33c7/element/f.16FD335629E18F5298EA577BED138745.d.69A33DC5D169E9EB50E301F8026D2456.e.1906/click - {}
COMMAND: POST /session/0b5e153e999db5b9def621a0e8cd33c7/element - {"using":"xpath","value":"//*[@id=\"backBtn\"]"}
RESULT: {"using":"xpath","value":"//*[@id=\"backBtn\"]"}
COMMAND: POST /session/0b5e153e999db5b9def621a0e8cd33c7/element/f.16FD335629E18F5298EA577BED138745.d.69A33DC5D169E9EB50E301F8026D2456.e.1906/click - {}
COMMAND: POST /session/0b5e153e999db5b9def621a0e8cd33c7/element - {"using":"xpath","value":"//*[@id=\"backBtn\"]"}
RESULT: {"using":"xpath","value":"//*[@id=\"backBtn\"]"}
COMMAND: POST /session/0b5e153e999db5b9def621a0e8cd33c7/element/f.16FD335629E18F5298EA577BED138745.d.69A33DC5D169E9EB50E301F8026D2456.e.2187/click - {}
RESULT: {}
COMMAND: GET /session/0b5e153e999db5b9def621a0e8cd33c7/screenshot - {}
RESULT: {}
]]></system-out>
    </testcase>
    <testcase classname="chrome.135_0_7049_42.windows.Sanity_Tests_US104253" name="Should open Manage Billings page" time="34.231">
      <system-out><![CDATA[
COMMAND: POST /session/0b5e153e999db5b9def621a0e8cd33c7/execute/async - {"script":"<script> [1562 bytes]","args":[{"selector":{"controlType":"sap.m.GenericTile","properties":{"header":"Manage Billings"}},"wdio_ui5_key":"sapm.GenericTile{\"header\":\"Manage Billings\"}"}]}
RESULT: {"script":"<script> [1562 bytes]","args":[{"selector":{"controlType":"sap.m.GenericTile","properties":{"header":"Manage Billings"}},"wdio_ui5_key":"sapm.GenericTile{\"header\":\"Manage Billings\"}"}]}
RESULT: undefined
COMMAND: POST /session/0b5e153e999db5b9def621a0e8cd33c7/element - {"using":"xpath","value":"//*[@id=\"__tile51\"]"}
RESULT: {"using":"xpath","value":"//*[@id=\"__tile51\"]"}
COMMAND: POST /session/0b5e153e999db5b9def621a0e8cd33c7/element/f.16FD335629E18F5298EA577BED138745.d.69A33DC5D169E9EB50E301F8026D2456.e.2189/click - {}
RESULT: {}
COMMAND: GET /session/0b5e153e999db5b9def621a0e8cd33c7/screenshot - {}
RESULT: {}
RESULT: undefined
COMMAND: POST /session/0b5e153e999db5b9def621a0e8cd33c7/element - {"using":"xpath","value":"//*[@id=\"__tile51\"]"}
RESULT: {"using":"xpath","value":"//*[@id=\"__tile51\"]"}
COMMAND: POST /session/0b5e153e999db5b9def621a0e8cd33c7/element/f.16FD335629E18F5298EA577BED138745.d.69A33DC5D169E9EB50E301F8026D2456.e.2189/click - {}
RESULT: undefined
COMMAND: POST /session/0b5e153e999db5b9def621a0e8cd33c7/element - {"using":"xpath","value":"//*[@id=\"__tile51\"]"}
RESULT: {"using":"xpath","value":"//*[@id=\"__tile51\"]"}
COMMAND: POST /session/0b5e153e999db5b9def621a0e8cd33c7/element/f.16FD335629E18F5298EA577BED138745.d.69A33DC5D169E9EB50E301F8026D2456.e.2189/click - {}
RESULT: undefined
COMMAND: POST /session/0b5e153e999db5b9def621a0e8cd33c7/execute/async - {"script":"<script> [6424 bytes]","args":[{"element-6066-11e4-a52e-4f735466cecf":"f.16FD335629E18F5298EA577BED138745.d.69A33DC5D169E9EB50E301F8026D2456.e.282"},"getTitle",[]]}
COMMAND: POST /session/0b5e153e999db5b9def621a0e8cd33c7/execute/async - {"script":"<script> [1562 bytes]","args":[{"selector":{"id":"shellAppTitle"},"wdio_ui5_key":"shellAppTitle"}]}
RESULT: {"script":"<script> [1562 bytes]","args":[{"selector":{"id":"shellAppTitle"},"wdio_ui5_key":"shellAppTitle"}]}
COMMAND: POST /session/0b5e153e999db5b9def621a0e8cd33c7/execute/async - {"script":"<script> [6424 bytes]","args":[{"element-6066-11e4-a52e-4f735466cecf":"f.16FD335629E18F5298EA577BED138745.d.69A33DC5D169E9EB50E301F8026D2456.e.2423"},"getTitle",[]]}
RESULT: {"script":"<script> [6424 bytes]","args":[{"element-6066-11e4-a52e-4f735466cecf":"f.16FD335629E18F5298EA577BED138745.d.69A33DC5D169E9EB50E301F8026D2456.e.2423"},"getTitle",[]]}
RESULT: undefined
COMMAND: POST /session/0b5e153e999db5b9def621a0e8cd33c7/element/f.16FD335629E18F5298EA577BED138745.d.69A33DC5D169E9EB50E301F8026D2456.e.2187/click - {}
COMMAND: POST /session/0b5e153e999db5b9def621a0e8cd33c7/element/f.16FD335629E18F5298EA577BED138745.d.69A33DC5D169E9EB50E301F8026D2456.e.2187/click - {}
RESULT: {}
COMMAND: GET /session/0b5e153e999db5b9def621a0e8cd33c7/screenshot - {}
COMMAND: POST /session/0b5e153e999db5b9def621a0e8cd33c7/element - {"using":"xpath","value":"//*[@id=\"backBtn\"]"}
RESULT: {}
RESULT: {"using":"xpath","value":"//*[@id=\"backBtn\"]"}
COMMAND: POST /session/0b5e153e999db5b9def621a0e8cd33c7/elements - {"using":"xpath","value":"//*[@id=\"backBtn\"]"}
RESULT: {"using":"xpath","value":"//*[@id=\"backBtn\"]"}
COMMAND: POST /session/0b5e153e999db5b9def621a0e8cd33c7/elements - {"using":"xpath","value":"//*[@id=\"backBtn\"]"}
RESULT: {"using":"xpath","value":"//*[@id=\"backBtn\"]"}
COMMAND: POST /session/0b5e153e999db5b9def621a0e8cd33c7/elements - {"using":"xpath","value":"//*[@id=\"backBtn\"]"}
RESULT: {"using":"xpath","value":"//*[@id=\"backBtn\"]"}
COMMAND: POST /session/0b5e153e999db5b9def621a0e8cd33c7/elements - {"using":"xpath","value":"//*[@id=\"backBtn\"]"}
RESULT: {"using":"xpath","value":"//*[@id=\"backBtn\"]"}
COMMAND: POST /session/0b5e153e999db5b9def621a0e8cd33c7/elements - {"using":"xpath","value":"//*[@id=\"backBtn\"]"}
RESULT: {"using":"xpath","value":"//*[@id=\"backBtn\"]"}
COMMAND: POST /session/0b5e153e999db5b9def621a0e8cd33c7/elements - {"using":"xpath","value":"//*[@id=\"backBtn\"]"}
RESULT: {"using":"xpath","value":"//*[@id=\"backBtn\"]"}
COMMAND: POST /session/0b5e153e999db5b9def621a0e8cd33c7/elements - {"using":"xpath","value":"//*[@id=\"backBtn\"]"}
RESULT: {"using":"xpath","value":"//*[@id=\"backBtn\"]"}
COMMAND: POST /session/0b5e153e999db5b9def621a0e8cd33c7/elements - {"using":"xpath","value":"//*[@id=\"backBtn\"]"}
RESULT: {"using":"xpath","value":"//*[@id=\"backBtn\"]"}
COMMAND: POST /session/0b5e153e999db5b9def621a0e8cd33c7/elements - {"using":"xpath","value":"//*[@id=\"backBtn\"]"}
RESULT: {"using":"xpath","value":"//*[@id=\"backBtn\"]"}
COMMAND: POST /session/0b5e153e999db5b9def621a0e8cd33c7/elements - {"using":"xpath","value":"//*[@id=\"backBtn\"]"}
RESULT: {"using":"xpath","value":"//*[@id=\"backBtn\"]"}
COMMAND: POST /session/0b5e153e999db5b9def621a0e8cd33c7/elements - {"using":"xpath","value":"//*[@id=\"backBtn\"]"}
RESULT: {"using":"xpath","value":"//*[@id=\"backBtn\"]"}
COMMAND: POST /session/0b5e153e999db5b9def621a0e8cd33c7/elements - {"using":"xpath","value":"//*[@id=\"backBtn\"]"}
RESULT: {"using":"xpath","value":"//*[@id=\"backBtn\"]"}
COMMAND: POST /session/0b5e153e999db5b9def621a0e8cd33c7/elements - {"using":"xpath","value":"//*[@id=\"backBtn\"]"}
RESULT: {"using":"xpath","value":"//*[@id=\"backBtn\"]"}
COMMAND: POST /session/0b5e153e999db5b9def621a0e8cd33c7/elements - {"using":"xpath","value":"//*[@id=\"backBtn\"]"}
RESULT: {"using":"xpath","value":"//*[@id=\"backBtn\"]"}
COMMAND: POST /session/0b5e153e999db5b9def621a0e8cd33c7/elements - {"using":"xpath","value":"//*[@id=\"backBtn\"]"}
RESULT: {"using":"xpath","value":"//*[@id=\"backBtn\"]"}
COMMAND: POST /session/0b5e153e999db5b9def621a0e8cd33c7/elements - {"using":"xpath","value":"//*[@id=\"backBtn\"]"}
RESULT: {"using":"xpath","value":"//*[@id=\"backBtn\"]"}
COMMAND: POST /session/0b5e153e999db5b9def621a0e8cd33c7/elements - {"using":"xpath","value":"//*[@id=\"backBtn\"]"}
RESULT: {"using":"xpath","value":"//*[@id=\"backBtn\"]"}
COMMAND: POST /session/0b5e153e999db5b9def621a0e8cd33c7/elements - {"using":"xpath","value":"//*[@id=\"backBtn\"]"}
RESULT: {"using":"xpath","value":"//*[@id=\"backBtn\"]"}
]]></system-out>
    </testcase>
    <testcase classname="chrome.135_0_7049_42.windows.Sanity_Tests_US104253" name="Should open Manage Conditions Prices page" time="39.09">
      <system-out><![CDATA[
COMMAND: POST /session/0b5e153e999db5b9def621a0e8cd33c7/execute/async - {"script":"<script> [1562 bytes]","args":[{"selector":{"controlType":"sap.m.GenericTile","properties":{"header":"Manage Conditions & Prices"}},"wdio_ui5_key":"sapm.GenericTile{\"header\":\"Manage Conditions & Prices\"}"}]}
COMMAND: POST /session/0b5e153e999db5b9def621a0e8cd33c7/elements - {"using":"xpath","value":"//*[@id=\"backBtn\"]"}
RESULT: {"script":"<script> [1562 bytes]","args":[{"selector":{"controlType":"sap.m.GenericTile","properties":{"header":"Manage Conditions & Prices"}},"wdio_ui5_key":"sapm.GenericTile{\"header\":\"Manage Conditions & Prices\"}"}]}
RESULT: undefined
COMMAND: POST /session/0b5e153e999db5b9def621a0e8cd33c7/element - {"using":"xpath","value":"//*[@id=\"__tile53\"]"}
RESULT: {"using":"xpath","value":"//*[@id=\"backBtn\"]"}
RESULT: {"using":"xpath","value":"//*[@id=\"__tile53\"]"}
COMMAND: POST /session/0b5e153e999db5b9def621a0e8cd33c7/element/f.16FD335629E18F5298EA577BED138745.d.69A33DC5D169E9EB50E301F8026D2456.e.2425/click - {}
RESULT: {}
COMMAND: GET /session/0b5e153e999db5b9def621a0e8cd33c7/screenshot - {}
RESULT: {}
COMMAND: POST /session/0b5e153e999db5b9def621a0e8cd33c7/elements - {"using":"xpath","value":"//*[@id=\"backBtn\"]"}
RESULT: {"using":"xpath","value":"//*[@id=\"backBtn\"]"}
COMMAND: POST /session/0b5e153e999db5b9def621a0e8cd33c7/elements - {"using":"xpath","value":"//*[@id=\"backBtn\"]"}
RESULT: {"using":"xpath","value":"//*[@id=\"backBtn\"]"}
COMMAND: POST /session/0b5e153e999db5b9def621a0e8cd33c7/elements - {"using":"xpath","value":"//*[@id=\"backBtn\"]"}
RESULT: undefined
COMMAND: POST /session/0b5e153e999db5b9def621a0e8cd33c7/element - {"using":"xpath","value":"//*[@id=\"__tile53\"]"}
RESULT: {"using":"xpath","value":"//*[@id=\"backBtn\"]"}
COMMAND: POST /session/0b5e153e999db5b9def621a0e8cd33c7/element - {"using":"xpath","value":"//*[@id=\"backBtn\"]"}
RESULT: {"using":"xpath","value":"//*[@id=\"__tile53\"]"}
COMMAND: POST /session/0b5e153e999db5b9def621a0e8cd33c7/element/f.16FD335629E18F5298EA577BED138745.d.69A33DC5D169E9EB50E301F8026D2456.e.2425/click - {}
RESULT: {"using":"xpath","value":"//*[@id=\"backBtn\"]"}
COMMAND: POST /session/0b5e153e999db5b9def621a0e8cd33c7/element/f.16FD335629E18F5298EA577BED138745.d.69A33DC5D169E9EB50E301F8026D2456.e.2187/click - {}
COMMAND: POST /session/0b5e153e999db5b9def621a0e8cd33c7/element - {"using":"xpath","value":"//*[@id=\"backBtn\"]"}
RESULT: {"using":"xpath","value":"//*[@id=\"backBtn\"]"}
COMMAND: POST /session/0b5e153e999db5b9def621a0e8cd33c7/element/f.16FD335629E18F5298EA577BED138745.d.69A33DC5D169E9EB50E301F8026D2456.e.2428/click - {}
RESULT: {}
COMMAND: GET /session/0b5e153e999db5b9def621a0e8cd33c7/screenshot - {}
RESULT: {}
RESULT: undefined
COMMAND: POST /session/0b5e153e999db5b9def621a0e8cd33c7/element - {"using":"xpath","value":"//*[@id=\"__tile53\"]"}
COMMAND: GET /session/0b5e153e999db5b9def621a0e8cd33c7/screenshot - {}
RESULT: {}
RESULT: {"using":"xpath","value":"//*[@id=\"__tile53\"]"}
COMMAND: POST /session/0b5e153e999db5b9def621a0e8cd33c7/element/f.16FD335629E18F5298EA577BED138745.d.69A33DC5D169E9EB50E301F8026D2456.e.2425/click - {}
RESULT: {}
RESULT: undefined
COMMAND: POST /session/0b5e153e999db5b9def621a0e8cd33c7/execute/async - {"script":"<script> [6424 bytes]","args":[{"element-6066-11e4-a52e-4f735466cecf":"f.16FD335629E18F5298EA577BED138745.d.69A33DC5D169E9EB50E301F8026D2456.e.282"},"getTitle",[]]}
COMMAND: POST /session/0b5e153e999db5b9def621a0e8cd33c7/execute/async - {"script":"<script> [1562 bytes]","args":[{"selector":{"id":"shellAppTitle"},"wdio_ui5_key":"shellAppTitle"}]}
RESULT: {"script":"<script> [1562 bytes]","args":[{"selector":{"id":"shellAppTitle"},"wdio_ui5_key":"shellAppTitle"}]}
COMMAND: POST /session/0b5e153e999db5b9def621a0e8cd33c7/execute/async - {"script":"<script> [6424 bytes]","args":[{"element-6066-11e4-a52e-4f735466cecf":"f.16FD335629E18F5298EA577BED138745.d.69A33DC5D169E9EB50E301F8026D2456.e.2623"},"getTitle",[]]}
RESULT: {"script":"<script> [6424 bytes]","args":[{"element-6066-11e4-a52e-4f735466cecf":"f.16FD335629E18F5298EA577BED138745.d.69A33DC5D169E9EB50E301F8026D2456.e.2623"},"getTitle",[]]}
RESULT: undefined
COMMAND: POST /session/0b5e153e999db5b9def621a0e8cd33c7/element/f.16FD335629E18F5298EA577BED138745.d.69A33DC5D169E9EB50E301F8026D2456.e.2428/click - {}
RESULT: {}
COMMAND: GET /session/0b5e153e999db5b9def621a0e8cd33c7/screenshot - {}
RESULT: {}
]]></system-out>
    </testcase>
    <testcase classname="chrome.135_0_7049_42.windows.Sanity_Tests_US104253" name="Should open Billing Transfer page" time="31.796">
      <system-out><![CDATA[
COMMAND: POST /session/0b5e153e999db5b9def621a0e8cd33c7/execute/async - {"script":"<script> [1562 bytes]","args":[{"selector":{"controlType":"sap.m.GenericTile","properties":{"header":"Billing Transfer"}},"wdio_ui5_key":"sapm.GenericTile{\"header\":\"Billing Transfer\"}"}]}
RESULT: {"script":"<script> [1562 bytes]","args":[{"selector":{"controlType":"sap.m.GenericTile","properties":{"header":"Billing Transfer"}},"wdio_ui5_key":"sapm.GenericTile{\"header\":\"Billing Transfer\"}"}]}
RESULT: undefined
COMMAND: POST /session/0b5e153e999db5b9def621a0e8cd33c7/element - {"using":"xpath","value":"//*[@id=\"__tile50\"]"}
RESULT: {"using":"xpath","value":"//*[@id=\"__tile50\"]"}
COMMAND: POST /session/0b5e153e999db5b9def621a0e8cd33c7/element/f.16FD335629E18F5298EA577BED138745.d.69A33DC5D169E9EB50E301F8026D2456.e.2625/click - {}
RESULT: {}
COMMAND: GET /session/0b5e153e999db5b9def621a0e8cd33c7/screenshot - {}
RESULT: {}
RESULT: undefined
COMMAND: POST /session/0b5e153e999db5b9def621a0e8cd33c7/element - {"using":"xpath","value":"//*[@id=\"__tile50\"]"}
RESULT: {"using":"xpath","value":"//*[@id=\"__tile50\"]"}
COMMAND: POST /session/0b5e153e999db5b9def621a0e8cd33c7/element/f.16FD335629E18F5298EA577BED138745.d.69A33DC5D169E9EB50E301F8026D2456.e.2625/click - {}
RESULT: undefined
COMMAND: POST /session/0b5e153e999db5b9def621a0e8cd33c7/element - {"using":"xpath","value":"//*[@id=\"__tile50\"]"}
RESULT: {"using":"xpath","value":"//*[@id=\"__tile50\"]"}
COMMAND: POST /session/0b5e153e999db5b9def621a0e8cd33c7/element/f.16FD335629E18F5298EA577BED138745.d.69A33DC5D169E9EB50E301F8026D2456.e.2625/click - {}
RESULT: undefined
COMMAND: POST /session/0b5e153e999db5b9def621a0e8cd33c7/execute/async - {"script":"<script> [6424 bytes]","args":[{"element-6066-11e4-a52e-4f735466cecf":"f.16FD335629E18F5298EA577BED138745.d.69A33DC5D169E9EB50E301F8026D2456.e.282"},"getTitle",[]]}
COMMAND: POST /session/0b5e153e999db5b9def621a0e8cd33c7/execute/async - {"script":"<script> [1562 bytes]","args":[{"selector":{"id":"shellAppTitle"},"wdio_ui5_key":"shellAppTitle"}]}
RESULT: {"script":"<script> [1562 bytes]","args":[{"selector":{"id":"shellAppTitle"},"wdio_ui5_key":"shellAppTitle"}]}
COMMAND: POST /session/0b5e153e999db5b9def621a0e8cd33c7/execute/async - {"script":"<script> [6424 bytes]","args":[{"element-6066-11e4-a52e-4f735466cecf":"f.16FD335629E18F5298EA577BED138745.d.69A33DC5D169E9EB50E301F8026D2456.e.2751"},"getTitle",[]]}
RESULT: {"script":"<script> [6424 bytes]","args":[{"element-6066-11e4-a52e-4f735466cecf":"f.16FD335629E18F5298EA577BED138745.d.69A33DC5D169E9EB50E301F8026D2456.e.2751"},"getTitle",[]]}
RESULT: undefined
COMMAND: POST /session/0b5e153e999db5b9def621a0e8cd33c7/element/f.16FD335629E18F5298EA577BED138745.d.69A33DC5D169E9EB50E301F8026D2456.e.2428/click - {}
COMMAND: POST /session/0b5e153e999db5b9def621a0e8cd33c7/element - {"using":"xpath","value":"//*[@id=\"backBtn\"]"}
RESULT: {"using":"xpath","value":"//*[@id=\"backBtn\"]"}
COMMAND: POST /session/0b5e153e999db5b9def621a0e8cd33c7/element/f.16FD335629E18F5298EA577BED138745.d.69A33DC5D169E9EB50E301F8026D2456.e.2428/click - {}
COMMAND: POST /session/0b5e153e999db5b9def621a0e8cd33c7/element - {"using":"xpath","value":"//*[@id=\"backBtn\"]"}
RESULT: {"using":"xpath","value":"//*[@id=\"backBtn\"]"}
COMMAND: POST /session/0b5e153e999db5b9def621a0e8cd33c7/element/f.16FD335629E18F5298EA577BED138745.d.69A33DC5D169E9EB50E301F8026D2456.e.2752/click - {}
RESULT: {}
COMMAND: GET /session/0b5e153e999db5b9def621a0e8cd33c7/screenshot - {}
RESULT: {}
]]></system-out>
    </testcase>
    <testcase classname="chrome.135_0_7049_42.windows.Sanity_Tests_US104253" name="Should open Manage Pricing Rules page" time="31.915">
      <system-out><![CDATA[
COMMAND: POST /session/0b5e153e999db5b9def621a0e8cd33c7/execute/async - {"script":"<script> [1562 bytes]","args":[{"selector":{"controlType":"sap.m.GenericTile","properties":{"header":"Manage Pricing Rules"}},"wdio_ui5_key":"sapm.GenericTile{\"header\":\"Manage Pricing Rules\"}"}]}
RESULT: {"script":"<script> [1562 bytes]","args":[{"selector":{"controlType":"sap.m.GenericTile","properties":{"header":"Manage Pricing Rules"}},"wdio_ui5_key":"sapm.GenericTile{\"header\":\"Manage Pricing Rules\"}"}]}
RESULT: undefined
COMMAND: POST /session/0b5e153e999db5b9def621a0e8cd33c7/element - {"using":"xpath","value":"//*[@id=\"__tile55\"]"}
RESULT: {"using":"xpath","value":"//*[@id=\"__tile55\"]"}
COMMAND: POST /session/0b5e153e999db5b9def621a0e8cd33c7/element/f.16FD335629E18F5298EA577BED138745.d.69A33DC5D169E9EB50E301F8026D2456.e.2754/click - {}
RESULT: {}
COMMAND: GET /session/0b5e153e999db5b9def621a0e8cd33c7/screenshot - {}
RESULT: {}
RESULT: undefined
COMMAND: POST /session/0b5e153e999db5b9def621a0e8cd33c7/element - {"using":"xpath","value":"//*[@id=\"__tile55\"]"}
RESULT: {"using":"xpath","value":"//*[@id=\"__tile55\"]"}
COMMAND: POST /session/0b5e153e999db5b9def621a0e8cd33c7/element/f.16FD335629E18F5298EA577BED138745.d.69A33DC5D169E9EB50E301F8026D2456.e.2754/click - {}
RESULT: undefined
COMMAND: POST /session/0b5e153e999db5b9def621a0e8cd33c7/element - {"using":"xpath","value":"//*[@id=\"__tile55\"]"}
RESULT: {"using":"xpath","value":"//*[@id=\"__tile55\"]"}
COMMAND: POST /session/0b5e153e999db5b9def621a0e8cd33c7/element/f.16FD335629E18F5298EA577BED138745.d.69A33DC5D169E9EB50E301F8026D2456.e.2754/click - {}
RESULT: undefined
COMMAND: POST /session/0b5e153e999db5b9def621a0e8cd33c7/execute/async - {"script":"<script> [6424 bytes]","args":[{"element-6066-11e4-a52e-4f735466cecf":"f.16FD335629E18F5298EA577BED138745.d.69A33DC5D169E9EB50E301F8026D2456.e.282"},"getTitle",[]]}
COMMAND: POST /session/0b5e153e999db5b9def621a0e8cd33c7/execute/async - {"script":"<script> [1562 bytes]","args":[{"selector":{"id":"shellAppTitle"},"wdio_ui5_key":"shellAppTitle"}]}
RESULT: {"script":"<script> [1562 bytes]","args":[{"selector":{"id":"shellAppTitle"},"wdio_ui5_key":"shellAppTitle"}]}
COMMAND: POST /session/0b5e153e999db5b9def621a0e8cd33c7/execute/async - {"script":"<script> [6424 bytes]","args":[{"element-6066-11e4-a52e-4f735466cecf":"f.16FD335629E18F5298EA577BED138745.d.69A33DC5D169E9EB50E301F8026D2456.e.2802"},"getTitle",[]]}
RESULT: {"script":"<script> [6424 bytes]","args":[{"element-6066-11e4-a52e-4f735466cecf":"f.16FD335629E18F5298EA577BED138745.d.69A33DC5D169E9EB50E301F8026D2456.e.2802"},"getTitle",[]]}
RESULT: undefined
COMMAND: POST /session/0b5e153e999db5b9def621a0e8cd33c7/element/f.16FD335629E18F5298EA577BED138745.d.69A33DC5D169E9EB50E301F8026D2456.e.2752/click - {}
RESULT: {}
COMMAND: GET /session/0b5e153e999db5b9def621a0e8cd33c7/screenshot - {}
RESULT: {}
]]></system-out>
    </testcase>
    <testcase classname="chrome.135_0_7049_42.windows.Sanity_Tests_US104253" name="Should open Manage Price Determination Matrices page" time="36.076">
      <system-out><![CDATA[
COMMAND: POST /session/0b5e153e999db5b9def621a0e8cd33c7/execute/async - {"script":"<script> [1562 bytes]","args":[{"selector":{"controlType":"sap.m.GenericTile","properties":{"header":"Manage Price Determination Matrices"}},"wdio_ui5_key":"sapm.GenericTile{\"header\":\"Manage Price Determination Matrices\"}"}]}
RESULT: {"script":"<script> [1562 bytes]","args":[{"selector":{"controlType":"sap.m.GenericTile","properties":{"header":"Manage Price Determination Matrices"}},"wdio_ui5_key":"sapm.GenericTile{\"header\":\"Manage Price Determination Matrices\"}"}]}
RESULT: undefined
COMMAND: POST /session/0b5e153e999db5b9def621a0e8cd33c7/element - {"using":"xpath","value":"//*[@id=\"__tile54\"]"}
RESULT: {"using":"xpath","value":"//*[@id=\"__tile54\"]"}
COMMAND: POST /session/0b5e153e999db5b9def621a0e8cd33c7/element/f.16FD335629E18F5298EA577BED138745.d.69A33DC5D169E9EB50E301F8026D2456.e.2804/click - {}
RESULT: {}
COMMAND: GET /session/0b5e153e999db5b9def621a0e8cd33c7/screenshot - {}
RESULT: {}
RESULT: undefined
COMMAND: POST /session/0b5e153e999db5b9def621a0e8cd33c7/element - {"using":"xpath","value":"//*[@id=\"__tile54\"]"}
RESULT: {"using":"xpath","value":"//*[@id=\"__tile54\"]"}
COMMAND: POST /session/0b5e153e999db5b9def621a0e8cd33c7/element/f.16FD335629E18F5298EA577BED138745.d.69A33DC5D169E9EB50E301F8026D2456.e.2804/click - {}
RESULT: undefined
COMMAND: POST /session/0b5e153e999db5b9def621a0e8cd33c7/element - {"using":"xpath","value":"//*[@id=\"__tile54\"]"}
RESULT: {"using":"xpath","value":"//*[@id=\"__tile54\"]"}
COMMAND: POST /session/0b5e153e999db5b9def621a0e8cd33c7/element/f.16FD335629E18F5298EA577BED138745.d.69A33DC5D169E9EB50E301F8026D2456.e.2804/click - {}
RESULT: undefined
COMMAND: POST /session/0b5e153e999db5b9def621a0e8cd33c7/execute/async - {"script":"<script> [6424 bytes]","args":[{"element-6066-11e4-a52e-4f735466cecf":"f.16FD335629E18F5298EA577BED138745.d.69A33DC5D169E9EB50E301F8026D2456.e.282"},"getTitle",[]]}
COMMAND: POST /session/0b5e153e999db5b9def621a0e8cd33c7/execute/async - {"script":"<script> [1562 bytes]","args":[{"selector":{"id":"shellAppTitle"},"wdio_ui5_key":"shellAppTitle"}]}
RESULT: {"script":"<script> [1562 bytes]","args":[{"selector":{"id":"shellAppTitle"},"wdio_ui5_key":"shellAppTitle"}]}
COMMAND: POST /session/0b5e153e999db5b9def621a0e8cd33c7/execute/async - {"script":"<script> [6424 bytes]","args":[{"element-6066-11e4-a52e-4f735466cecf":"f.16FD335629E18F5298EA577BED138745.d.69A33DC5D169E9EB50E301F8026D2456.e.2884"},"getTitle",[]]}
RESULT: {"script":"<script> [6424 bytes]","args":[{"element-6066-11e4-a52e-4f735466cecf":"f.16FD335629E18F5298EA577BED138745.d.69A33DC5D169E9EB50E301F8026D2456.e.2884"},"getTitle",[]]}
RESULT: undefined
COMMAND: POST /session/0b5e153e999db5b9def621a0e8cd33c7/element/f.16FD335629E18F5298EA577BED138745.d.69A33DC5D169E9EB50E301F8026D2456.e.2752/click - {}
COMMAND: POST /session/0b5e153e999db5b9def621a0e8cd33c7/element - {"using":"xpath","value":"//*[@id=\"backBtn\"]"}
RESULT: {"using":"xpath","value":"//*[@id=\"backBtn\"]"}
COMMAND: POST /session/0b5e153e999db5b9def621a0e8cd33c7/element/f.16FD335629E18F5298EA577BED138745.d.69A33DC5D169E9EB50E301F8026D2456.e.2752/click - {}
COMMAND: POST /session/0b5e153e999db5b9def621a0e8cd33c7/element - {"using":"xpath","value":"//*[@id=\"backBtn\"]"}
RESULT: {"using":"xpath","value":"//*[@id=\"backBtn\"]"}
COMMAND: POST /session/0b5e153e999db5b9def621a0e8cd33c7/element/f.16FD335629E18F5298EA577BED138745.d.69A33DC5D169E9EB50E301F8026D2456.e.2885/click - {}
RESULT: {}
COMMAND: GET /session/0b5e153e999db5b9def621a0e8cd33c7/screenshot - {}
RESULT: {}
]]></system-out>
    </testcase>
    <testcase classname="chrome.135_0_7049_42.windows.Sanity_Tests_US104253" name="Should open Yard Overview page" time="31.426">
      <system-out><![CDATA[
COMMAND: POST /session/0b5e153e999db5b9def621a0e8cd33c7/execute/async - {"script":"<script> [1562 bytes]","args":[{"selector":{"controlType":"sap.m.GenericTile","properties":{"header":"Yard Overview"}},"wdio_ui5_key":"sapm.GenericTile{\"header\":\"Yard Overview\"}"}]}
RESULT: {"script":"<script> [1562 bytes]","args":[{"selector":{"controlType":"sap.m.GenericTile","properties":{"header":"Yard Overview"}},"wdio_ui5_key":"sapm.GenericTile{\"header\":\"Yard Overview\"}"}]}
RESULT: undefined
COMMAND: POST /session/0b5e153e999db5b9def621a0e8cd33c7/element - {"using":"xpath","value":"//*[@id=\"__tile102\"]"}
RESULT: {"using":"xpath","value":"//*[@id=\"__tile102\"]"}
COMMAND: POST /session/0b5e153e999db5b9def621a0e8cd33c7/element/f.16FD335629E18F5298EA577BED138745.d.69A33DC5D169E9EB50E301F8026D2456.e.2887/click - {}
RESULT: {}
COMMAND: GET /session/0b5e153e999db5b9def621a0e8cd33c7/screenshot - {}
RESULT: {}
RESULT: undefined
COMMAND: POST /session/0b5e153e999db5b9def621a0e8cd33c7/element - {"using":"xpath","value":"//*[@id=\"__tile102\"]"}
RESULT: {"using":"xpath","value":"//*[@id=\"__tile102\"]"}
COMMAND: POST /session/0b5e153e999db5b9def621a0e8cd33c7/element/f.16FD335629E18F5298EA577BED138745.d.69A33DC5D169E9EB50E301F8026D2456.e.2887/click - {}
RESULT: undefined
COMMAND: POST /session/0b5e153e999db5b9def621a0e8cd33c7/element - {"using":"xpath","value":"//*[@id=\"__tile102\"]"}
RESULT: {"using":"xpath","value":"//*[@id=\"__tile102\"]"}
COMMAND: POST /session/0b5e153e999db5b9def621a0e8cd33c7/element/f.16FD335629E18F5298EA577BED138745.d.69A33DC5D169E9EB50E301F8026D2456.e.2887/click - {}
RESULT: undefined
COMMAND: POST /session/0b5e153e999db5b9def621a0e8cd33c7/execute/async - {"script":"<script> [6424 bytes]","args":[{"element-6066-11e4-a52e-4f735466cecf":"f.16FD335629E18F5298EA577BED138745.d.69A33DC5D169E9EB50E301F8026D2456.e.282"},"getTitle",[]]}
COMMAND: POST /session/0b5e153e999db5b9def621a0e8cd33c7/execute/async - {"script":"<script> [1562 bytes]","args":[{"selector":{"id":"shellAppTitle"},"wdio_ui5_key":"shellAppTitle"}]}
RESULT: {"script":"<script> [1562 bytes]","args":[{"selector":{"id":"shellAppTitle"},"wdio_ui5_key":"shellAppTitle"}]}
COMMAND: POST /session/0b5e153e999db5b9def621a0e8cd33c7/execute/async - {"script":"<script> [6424 bytes]","args":[{"element-6066-11e4-a52e-4f735466cecf":"f.16FD335629E18F5298EA577BED138745.d.69A33DC5D169E9EB50E301F8026D2456.e.2952"},"getTitle",[]]}
RESULT: {"script":"<script> [6424 bytes]","args":[{"element-6066-11e4-a52e-4f735466cecf":"f.16FD335629E18F5298EA577BED138745.d.69A33DC5D169E9EB50E301F8026D2456.e.2952"},"getTitle",[]]}
RESULT: undefined
COMMAND: POST /session/0b5e153e999db5b9def621a0e8cd33c7/element/f.16FD335629E18F5298EA577BED138745.d.69A33DC5D169E9EB50E301F8026D2456.e.2885/click - {}
RESULT: {}
COMMAND: GET /session/0b5e153e999db5b9def621a0e8cd33c7/screenshot - {}
RESULT: {}
]]></system-out>
    </testcase>
    <testcase classname="chrome.135_0_7049_42.windows.Sanity_Tests_US104253" name="Should open Site Overview page" time="36.257">
      <system-out><![CDATA[
COMMAND: POST /session/0b5e153e999db5b9def621a0e8cd33c7/execute/async - {"script":"<script> [1562 bytes]","args":[{"selector":{"controlType":"sap.m.GenericTile","properties":{"header":"Site Overview"}},"wdio_ui5_key":"sapm.GenericTile{\"header\":\"Site Overview\"}"}]}
RESULT: {"script":"<script> [1562 bytes]","args":[{"selector":{"controlType":"sap.m.GenericTile","properties":{"header":"Site Overview"}},"wdio_ui5_key":"sapm.GenericTile{\"header\":\"Site Overview\"}"}]}
RESULT: undefined
COMMAND: POST /session/0b5e153e999db5b9def621a0e8cd33c7/element - {"using":"xpath","value":"//*[@id=\"__tile100\"]"}
RESULT: {"using":"xpath","value":"//*[@id=\"__tile100\"]"}
COMMAND: POST /session/0b5e153e999db5b9def621a0e8cd33c7/element/f.16FD335629E18F5298EA577BED138745.d.69A33DC5D169E9EB50E301F8026D2456.e.2955/click - {}
RESULT: {}
COMMAND: GET /session/0b5e153e999db5b9def621a0e8cd33c7/screenshot - {}
RESULT: {}
RESULT: undefined
COMMAND: POST /session/0b5e153e999db5b9def621a0e8cd33c7/element - {"using":"xpath","value":"//*[@id=\"__tile100\"]"}
RESULT: {"using":"xpath","value":"//*[@id=\"__tile100\"]"}
COMMAND: POST /session/0b5e153e999db5b9def621a0e8cd33c7/element/f.16FD335629E18F5298EA577BED138745.d.69A33DC5D169E9EB50E301F8026D2456.e.2955/click - {}
RESULT: undefined
COMMAND: POST /session/0b5e153e999db5b9def621a0e8cd33c7/element - {"using":"xpath","value":"//*[@id=\"__tile100\"]"}
RESULT: {"using":"xpath","value":"//*[@id=\"__tile100\"]"}
COMMAND: POST /session/0b5e153e999db5b9def621a0e8cd33c7/element/f.16FD335629E18F5298EA577BED138745.d.69A33DC5D169E9EB50E301F8026D2456.e.2955/click - {}
RESULT: undefined
COMMAND: POST /session/0b5e153e999db5b9def621a0e8cd33c7/execute/async - {"script":"<script> [6424 bytes]","args":[{"element-6066-11e4-a52e-4f735466cecf":"f.16FD335629E18F5298EA577BED138745.d.69A33DC5D169E9EB50E301F8026D2456.e.282"},"getTitle",[]]}
COMMAND: POST /session/0b5e153e999db5b9def621a0e8cd33c7/execute/async - {"script":"<script> [1562 bytes]","args":[{"selector":{"id":"shellAppTitle"},"wdio_ui5_key":"shellAppTitle"}]}
RESULT: {"script":"<script> [1562 bytes]","args":[{"selector":{"id":"shellAppTitle"},"wdio_ui5_key":"shellAppTitle"}]}
COMMAND: POST /session/0b5e153e999db5b9def621a0e8cd33c7/execute/async - {"script":"<script> [6424 bytes]","args":[{"element-6066-11e4-a52e-4f735466cecf":"f.16FD335629E18F5298EA577BED138745.d.69A33DC5D169E9EB50E301F8026D2456.e.3085"},"getTitle",[]]}
RESULT: {"script":"<script> [6424 bytes]","args":[{"element-6066-11e4-a52e-4f735466cecf":"f.16FD335629E18F5298EA577BED138745.d.69A33DC5D169E9EB50E301F8026D2456.e.3085"},"getTitle",[]]}
RESULT: undefined
COMMAND: POST /session/0b5e153e999db5b9def621a0e8cd33c7/element/f.16FD335629E18F5298EA577BED138745.d.69A33DC5D169E9EB50E301F8026D2456.e.2885/click - {}
COMMAND: POST /session/0b5e153e999db5b9def621a0e8cd33c7/element - {"using":"xpath","value":"//*[@id=\"backBtn\"]"}
RESULT: {"using":"xpath","value":"//*[@id=\"backBtn\"]"}
COMMAND: POST /session/0b5e153e999db5b9def621a0e8cd33c7/element/f.16FD335629E18F5298EA577BED138745.d.69A33DC5D169E9EB50E301F8026D2456.e.2885/click - {}
COMMAND: POST /session/0b5e153e999db5b9def621a0e8cd33c7/element - {"using":"xpath","value":"//*[@id=\"backBtn\"]"}
RESULT: {"using":"xpath","value":"//*[@id=\"backBtn\"]"}
COMMAND: POST /session/0b5e153e999db5b9def621a0e8cd33c7/element/f.16FD335629E18F5298EA577BED138745.d.69A33DC5D169E9EB50E301F8026D2456.e.3086/click - {}
RESULT: {}
COMMAND: GET /session/0b5e153e999db5b9def621a0e8cd33c7/screenshot - {}
RESULT: {}
]]></system-out>
    </testcase>
    <testcase classname="chrome.135_0_7049_42.windows.Sanity_Tests_US104253" name="Should open Trace Track Resources page" time="31.024">
      <system-out><![CDATA[
COMMAND: POST /session/0b5e153e999db5b9def621a0e8cd33c7/execute/async - {"script":"<script> [1562 bytes]","args":[{"selector":{"controlType":"sap.m.GenericTile","properties":{"header":"Trace & Track Resources"}},"wdio_ui5_key":"sapm.GenericTile{\"header\":\"Trace & Track Resources\"}"}]}
RESULT: {"script":"<script> [1562 bytes]","args":[{"selector":{"controlType":"sap.m.GenericTile","properties":{"header":"Trace & Track Resources"}},"wdio_ui5_key":"sapm.GenericTile{\"header\":\"Trace & Track Resources\"}"}]}
RESULT: undefined
COMMAND: POST /session/0b5e153e999db5b9def621a0e8cd33c7/element - {"using":"xpath","value":"//*[@id=\"__tile101\"]"}
RESULT: {"using":"xpath","value":"//*[@id=\"__tile101\"]"}
COMMAND: POST /session/0b5e153e999db5b9def621a0e8cd33c7/element/f.16FD335629E18F5298EA577BED138745.d.69A33DC5D169E9EB50E301F8026D2456.e.3088/click - {}
RESULT: {}
COMMAND: GET /session/0b5e153e999db5b9def621a0e8cd33c7/screenshot - {}
RESULT: {}
RESULT: undefined
COMMAND: POST /session/0b5e153e999db5b9def621a0e8cd33c7/element - {"using":"xpath","value":"//*[@id=\"__tile101\"]"}
RESULT: {"using":"xpath","value":"//*[@id=\"__tile101\"]"}
COMMAND: POST /session/0b5e153e999db5b9def621a0e8cd33c7/element/f.16FD335629E18F5298EA577BED138745.d.69A33DC5D169E9EB50E301F8026D2456.e.3088/click - {}
RESULT: undefined
COMMAND: POST /session/0b5e153e999db5b9def621a0e8cd33c7/element - {"using":"xpath","value":"//*[@id=\"__tile101\"]"}
RESULT: {"using":"xpath","value":"//*[@id=\"__tile101\"]"}
COMMAND: POST /session/0b5e153e999db5b9def621a0e8cd33c7/element/f.16FD335629E18F5298EA577BED138745.d.69A33DC5D169E9EB50E301F8026D2456.e.3088/click - {}
RESULT: undefined
COMMAND: POST /session/0b5e153e999db5b9def621a0e8cd33c7/execute/async - {"script":"<script> [6424 bytes]","args":[{"element-6066-11e4-a52e-4f735466cecf":"f.16FD335629E18F5298EA577BED138745.d.69A33DC5D169E9EB50E301F8026D2456.e.282"},"getTitle",[]]}
COMMAND: POST /session/0b5e153e999db5b9def621a0e8cd33c7/execute/async - {"script":"<script> [1562 bytes]","args":[{"selector":{"id":"shellAppTitle"},"wdio_ui5_key":"shellAppTitle"}]}
RESULT: {"script":"<script> [1562 bytes]","args":[{"selector":{"id":"shellAppTitle"},"wdio_ui5_key":"shellAppTitle"}]}
COMMAND: POST /session/0b5e153e999db5b9def621a0e8cd33c7/execute/async - {"script":"<script> [6424 bytes]","args":[{"element-6066-11e4-a52e-4f735466cecf":"f.16FD335629E18F5298EA577BED138745.d.69A33DC5D169E9EB50E301F8026D2456.e.3123"},"getTitle",[]]}
RESULT: {"script":"<script> [6424 bytes]","args":[{"element-6066-11e4-a52e-4f735466cecf":"f.16FD335629E18F5298EA577BED138745.d.69A33DC5D169E9EB50E301F8026D2456.e.3123"},"getTitle",[]]}
RESULT: undefined
COMMAND: POST /session/0b5e153e999db5b9def621a0e8cd33c7/element/f.16FD335629E18F5298EA577BED138745.d.69A33DC5D169E9EB50E301F8026D2456.e.3086/click - {}
RESULT: {}
COMMAND: GET /session/0b5e153e999db5b9def621a0e8cd33c7/screenshot - {}
RESULT: {}
]]></system-out>
    </testcase>
    <testcase classname="chrome.135_0_7049_42.windows.Sanity_Tests_US104253" name="Should open RU Inventory List page" time="31.503">
      <system-out><![CDATA[
COMMAND: POST /session/0b5e153e999db5b9def621a0e8cd33c7/execute/async - {"script":"<script> [1562 bytes]","args":[{"selector":{"controlType":"sap.m.GenericTile","properties":{"header":"RU Inventory List"}},"wdio_ui5_key":"sapm.GenericTile{\"header\":\"RU Inventory List\"}"}]}
RESULT: {"script":"<script> [1562 bytes]","args":[{"selector":{"controlType":"sap.m.GenericTile","properties":{"header":"RU Inventory List"}},"wdio_ui5_key":"sapm.GenericTile{\"header\":\"RU Inventory List\"}"}]}
RESULT: undefined
COMMAND: POST /session/0b5e153e999db5b9def621a0e8cd33c7/element - {"using":"xpath","value":"//*[@id=\"__tile99\"]"}
RESULT: {"using":"xpath","value":"//*[@id=\"__tile99\"]"}
COMMAND: POST /session/0b5e153e999db5b9def621a0e8cd33c7/element/f.16FD335629E18F5298EA577BED138745.d.69A33DC5D169E9EB50E301F8026D2456.e.3125/click - {}
RESULT: {}
COMMAND: GET /session/0b5e153e999db5b9def621a0e8cd33c7/screenshot - {}
RESULT: {}
RESULT: undefined
COMMAND: POST /session/0b5e153e999db5b9def621a0e8cd33c7/element - {"using":"xpath","value":"//*[@id=\"__tile99\"]"}
RESULT: {"using":"xpath","value":"//*[@id=\"__tile99\"]"}
COMMAND: POST /session/0b5e153e999db5b9def621a0e8cd33c7/element/f.16FD335629E18F5298EA577BED138745.d.69A33DC5D169E9EB50E301F8026D2456.e.3125/click - {}
RESULT: undefined
COMMAND: POST /session/0b5e153e999db5b9def621a0e8cd33c7/element - {"using":"xpath","value":"//*[@id=\"__tile99\"]"}
RESULT: {"using":"xpath","value":"//*[@id=\"__tile99\"]"}
COMMAND: POST /session/0b5e153e999db5b9def621a0e8cd33c7/element/f.16FD335629E18F5298EA577BED138745.d.69A33DC5D169E9EB50E301F8026D2456.e.3125/click - {}
RESULT: undefined
COMMAND: POST /session/0b5e153e999db5b9def621a0e8cd33c7/execute/async - {"script":"<script> [6424 bytes]","args":[{"element-6066-11e4-a52e-4f735466cecf":"f.16FD335629E18F5298EA577BED138745.d.69A33DC5D169E9EB50E301F8026D2456.e.282"},"getTitle",[]]}
COMMAND: POST /session/0b5e153e999db5b9def621a0e8cd33c7/execute/async - {"script":"<script> [1562 bytes]","args":[{"selector":{"id":"shellAppTitle"},"wdio_ui5_key":"shellAppTitle"}]}
RESULT: {"script":"<script> [1562 bytes]","args":[{"selector":{"id":"shellAppTitle"},"wdio_ui5_key":"shellAppTitle"}]}
COMMAND: POST /session/0b5e153e999db5b9def621a0e8cd33c7/execute/async - {"script":"<script> [6424 bytes]","args":[{"element-6066-11e4-a52e-4f735466cecf":"f.16FD335629E18F5298EA577BED138745.d.69A33DC5D169E9EB50E301F8026D2456.e.3484"},"getTitle",[]]}
RESULT: {"script":"<script> [6424 bytes]","args":[{"element-6066-11e4-a52e-4f735466cecf":"f.16FD335629E18F5298EA577BED138745.d.69A33DC5D169E9EB50E301F8026D2456.e.3484"},"getTitle",[]]}
RESULT: undefined
COMMAND: POST /session/0b5e153e999db5b9def621a0e8cd33c7/element/f.16FD335629E18F5298EA577BED138745.d.69A33DC5D169E9EB50E301F8026D2456.e.3086/click - {}
COMMAND: POST /session/0b5e153e999db5b9def621a0e8cd33c7/element - {"using":"xpath","value":"//*[@id=\"backBtn\"]"}
RESULT: {"using":"xpath","value":"//*[@id=\"backBtn\"]"}
COMMAND: POST /session/0b5e153e999db5b9def621a0e8cd33c7/element/f.16FD335629E18F5298EA577BED138745.d.69A33DC5D169E9EB50E301F8026D2456.e.3086/click - {}
COMMAND: POST /session/0b5e153e999db5b9def621a0e8cd33c7/element - {"using":"xpath","value":"//*[@id=\"backBtn\"]"}
RESULT: {"using":"xpath","value":"//*[@id=\"backBtn\"]"}
COMMAND: POST /session/0b5e153e999db5b9def621a0e8cd33c7/element/f.16FD335629E18F5298EA577BED138745.d.69A33DC5D169E9EB50E301F8026D2456.e.3485/click - {}
RESULT: {}
COMMAND: GET /session/0b5e153e999db5b9def621a0e8cd33c7/screenshot - {}
RESULT: {}
]]></system-out>
    </testcase>
    <testcase classname="chrome.135_0_7049_42.windows.Sanity_Tests_US104253" name="Should open Contracts Dashboard page" time="29.549">
      <system-out><![CDATA[
COMMAND: POST /session/0b5e153e999db5b9def621a0e8cd33c7/execute/async - {"script":"<script> [1562 bytes]","args":[{"selector":{"controlType":"sap.m.GenericTile","properties":{"header":"Contracts Dashboard"}},"wdio_ui5_key":"sapm.GenericTile{\"header\":\"Contracts Dashboard\"}"}]}
RESULT: {"script":"<script> [1562 bytes]","args":[{"selector":{"controlType":"sap.m.GenericTile","properties":{"header":"Contracts Dashboard"}},"wdio_ui5_key":"sapm.GenericTile{\"header\":\"Contracts Dashboard\"}"}]}
RESULT: undefined
COMMAND: POST /session/0b5e153e999db5b9def621a0e8cd33c7/element - {"using":"xpath","value":"//*[@id=\"__tile97\"]"}
RESULT: {"using":"xpath","value":"//*[@id=\"__tile97\"]"}
COMMAND: POST /session/0b5e153e999db5b9def621a0e8cd33c7/element/f.16FD335629E18F5298EA577BED138745.d.69A33DC5D169E9EB50E301F8026D2456.e.3487/click - {}
RESULT: {}
COMMAND: GET /session/0b5e153e999db5b9def621a0e8cd33c7/screenshot - {}
RESULT: {}
RESULT: undefined
COMMAND: POST /session/0b5e153e999db5b9def621a0e8cd33c7/element - {"using":"xpath","value":"//*[@id=\"__tile97\"]"}
RESULT: {"using":"xpath","value":"//*[@id=\"__tile97\"]"}
COMMAND: POST /session/0b5e153e999db5b9def621a0e8cd33c7/element/f.16FD335629E18F5298EA577BED138745.d.69A33DC5D169E9EB50E301F8026D2456.e.3487/click - {}
RESULT: undefined
COMMAND: POST /session/0b5e153e999db5b9def621a0e8cd33c7/element - {"using":"xpath","value":"//*[@id=\"__tile97\"]"}
RESULT: {"using":"xpath","value":"//*[@id=\"__tile97\"]"}
COMMAND: POST /session/0b5e153e999db5b9def621a0e8cd33c7/element/f.16FD335629E18F5298EA577BED138745.d.69A33DC5D169E9EB50E301F8026D2456.e.3487/click - {}
RESULT: undefined
COMMAND: POST /session/0b5e153e999db5b9def621a0e8cd33c7/execute/async - {"script":"<script> [6424 bytes]","args":[{"element-6066-11e4-a52e-4f735466cecf":"f.16FD335629E18F5298EA577BED138745.d.69A33DC5D169E9EB50E301F8026D2456.e.282"},"getTitle",[]]}
COMMAND: POST /session/0b5e153e999db5b9def621a0e8cd33c7/execute/async - {"script":"<script> [1562 bytes]","args":[{"selector":{"id":"shellAppTitle"},"wdio_ui5_key":"shellAppTitle"}]}
RESULT: {"script":"<script> [1562 bytes]","args":[{"selector":{"id":"shellAppTitle"},"wdio_ui5_key":"shellAppTitle"}]}
COMMAND: POST /session/0b5e153e999db5b9def621a0e8cd33c7/execute/async - {"script":"<script> [6424 bytes]","args":[{"element-6066-11e4-a52e-4f735466cecf":"f.16FD335629E18F5298EA577BED138745.d.69A33DC5D169E9EB50E301F8026D2456.e.3508"},"getTitle",[]]}
RESULT: {"script":"<script> [6424 bytes]","args":[{"element-6066-11e4-a52e-4f735466cecf":"f.16FD335629E18F5298EA577BED138745.d.69A33DC5D169E9EB50E301F8026D2456.e.3508"},"getTitle",[]]}
RESULT: undefined
COMMAND: POST /session/0b5e153e999db5b9def621a0e8cd33c7/element/f.16FD335629E18F5298EA577BED138745.d.69A33DC5D169E9EB50E301F8026D2456.e.3485/click - {}
RESULT: {}
COMMAND: GET /session/0b5e153e999db5b9def621a0e8cd33c7/screenshot - {}
RESULT: {}
]]></system-out>
    </testcase>
    <testcase classname="chrome.135_0_7049_42.windows.Sanity_Tests_US104253" name="Should open Bin Status Report page" time="34.223">
      <system-out><![CDATA[
COMMAND: POST /session/0b5e153e999db5b9def621a0e8cd33c7/execute/async - {"script":"<script> [1562 bytes]","args":[{"selector":{"controlType":"sap.m.GenericTile","properties":{"header":"Bin Status Report"}},"wdio_ui5_key":"sapm.GenericTile{\"header\":\"Bin Status Report\"}"}]}
RESULT: {"script":"<script> [1562 bytes]","args":[{"selector":{"controlType":"sap.m.GenericTile","properties":{"header":"Bin Status Report"}},"wdio_ui5_key":"sapm.GenericTile{\"header\":\"Bin Status Report\"}"}]}
RESULT: undefined
COMMAND: POST /session/0b5e153e999db5b9def621a0e8cd33c7/element - {"using":"xpath","value":"//*[@id=\"__tile104\"]"}
RESULT: {"using":"xpath","value":"//*[@id=\"__tile104\"]"}
COMMAND: POST /session/0b5e153e999db5b9def621a0e8cd33c7/element/f.16FD335629E18F5298EA577BED138745.d.69A33DC5D169E9EB50E301F8026D2456.e.3510/click - {}
RESULT: {}
COMMAND: GET /session/0b5e153e999db5b9def621a0e8cd33c7/screenshot - {}
RESULT: {}
RESULT: undefined
COMMAND: POST /session/0b5e153e999db5b9def621a0e8cd33c7/element - {"using":"xpath","value":"//*[@id=\"__tile104\"]"}
RESULT: {"using":"xpath","value":"//*[@id=\"__tile104\"]"}
COMMAND: POST /session/0b5e153e999db5b9def621a0e8cd33c7/element/f.16FD335629E18F5298EA577BED138745.d.69A33DC5D169E9EB50E301F8026D2456.e.3510/click - {}
RESULT: undefined
COMMAND: POST /session/0b5e153e999db5b9def621a0e8cd33c7/element - {"using":"xpath","value":"//*[@id=\"__tile104\"]"}
RESULT: {"using":"xpath","value":"//*[@id=\"__tile104\"]"}
COMMAND: POST /session/0b5e153e999db5b9def621a0e8cd33c7/element/f.16FD335629E18F5298EA577BED138745.d.69A33DC5D169E9EB50E301F8026D2456.e.3510/click - {}
RESULT: undefined
COMMAND: POST /session/0b5e153e999db5b9def621a0e8cd33c7/execute/async - {"script":"<script> [6424 bytes]","args":[{"element-6066-11e4-a52e-4f735466cecf":"f.16FD335629E18F5298EA577BED138745.d.69A33DC5D169E9EB50E301F8026D2456.e.282"},"getTitle",[]]}
COMMAND: POST /session/0b5e153e999db5b9def621a0e8cd33c7/execute/async - {"script":"<script> [1562 bytes]","args":[{"selector":{"id":"shellAppTitle"},"wdio_ui5_key":"shellAppTitle"}]}
RESULT: {"script":"<script> [1562 bytes]","args":[{"selector":{"id":"shellAppTitle"},"wdio_ui5_key":"shellAppTitle"}]}
COMMAND: POST /session/0b5e153e999db5b9def621a0e8cd33c7/execute/async - {"script":"<script> [6424 bytes]","args":[{"element-6066-11e4-a52e-4f735466cecf":"f.16FD335629E18F5298EA577BED138745.d.69A33DC5D169E9EB50E301F8026D2456.e.3612"},"getTitle",[]]}
RESULT: {"script":"<script> [6424 bytes]","args":[{"element-6066-11e4-a52e-4f735466cecf":"f.16FD335629E18F5298EA577BED138745.d.69A33DC5D169E9EB50E301F8026D2456.e.3612"},"getTitle",[]]}
RESULT: undefined
COMMAND: POST /session/0b5e153e999db5b9def621a0e8cd33c7/element/f.16FD335629E18F5298EA577BED138745.d.69A33DC5D169E9EB50E301F8026D2456.e.3485/click - {}
COMMAND: POST /session/0b5e153e999db5b9def621a0e8cd33c7/element - {"using":"xpath","value":"//*[@id=\"backBtn\"]"}
RESULT: {"using":"xpath","value":"//*[@id=\"backBtn\"]"}
COMMAND: POST /session/0b5e153e999db5b9def621a0e8cd33c7/element/f.16FD335629E18F5298EA577BED138745.d.69A33DC5D169E9EB50E301F8026D2456.e.3485/click - {}
COMMAND: POST /session/0b5e153e999db5b9def621a0e8cd33c7/element - {"using":"xpath","value":"//*[@id=\"backBtn\"]"}
RESULT: {"using":"xpath","value":"//*[@id=\"backBtn\"]"}
COMMAND: POST /session/0b5e153e999db5b9def621a0e8cd33c7/element/f.16FD335629E18F5298EA577BED138745.d.69A33DC5D169E9EB50E301F8026D2456.e.3613/click - {}
RESULT: {}
COMMAND: GET /session/0b5e153e999db5b9def621a0e8cd33c7/screenshot - {}
RESULT: {}
]]></system-out>
    </testcase>
    <testcase classname="chrome.135_0_7049_42.windows.Sanity_Tests_US104253" name="Should open Manage Warehouse Movements page" time="32.071">
      <system-out><![CDATA[
COMMAND: POST /session/0b5e153e999db5b9def621a0e8cd33c7/execute/async - {"script":"<script> [1562 bytes]","args":[{"selector":{"controlType":"sap.m.GenericTile","properties":{"header":"Manage Warehouse Movements"}},"wdio_ui5_key":"sapm.GenericTile{\"header\":\"Manage Warehouse Movements\"}"}]}
RESULT: {"script":"<script> [1562 bytes]","args":[{"selector":{"controlType":"sap.m.GenericTile","properties":{"header":"Manage Warehouse Movements"}},"wdio_ui5_key":"sapm.GenericTile{\"header\":\"Manage Warehouse Movements\"}"}]}
RESULT: undefined
COMMAND: POST /session/0b5e153e999db5b9def621a0e8cd33c7/element - {"using":"xpath","value":"//*[@id=\"__tile105\"]"}
RESULT: {"using":"xpath","value":"//*[@id=\"__tile105\"]"}
COMMAND: POST /session/0b5e153e999db5b9def621a0e8cd33c7/element/f.16FD335629E18F5298EA577BED138745.d.69A33DC5D169E9EB50E301F8026D2456.e.3617/click - {}
RESULT: {}
COMMAND: GET /session/0b5e153e999db5b9def621a0e8cd33c7/screenshot - {}
RESULT: {}
RESULT: undefined
COMMAND: POST /session/0b5e153e999db5b9def621a0e8cd33c7/element - {"using":"xpath","value":"//*[@id=\"__tile105\"]"}
RESULT: {"using":"xpath","value":"//*[@id=\"__tile105\"]"}
COMMAND: POST /session/0b5e153e999db5b9def621a0e8cd33c7/element/f.16FD335629E18F5298EA577BED138745.d.69A33DC5D169E9EB50E301F8026D2456.e.3617/click - {}
RESULT: undefined
COMMAND: POST /session/0b5e153e999db5b9def621a0e8cd33c7/element - {"using":"xpath","value":"//*[@id=\"__tile105\"]"}
RESULT: {"using":"xpath","value":"//*[@id=\"__tile105\"]"}
COMMAND: POST /session/0b5e153e999db5b9def621a0e8cd33c7/element/f.16FD335629E18F5298EA577BED138745.d.69A33DC5D169E9EB50E301F8026D2456.e.3617/click - {}
RESULT: undefined
COMMAND: POST /session/0b5e153e999db5b9def621a0e8cd33c7/execute/async - {"script":"<script> [6424 bytes]","args":[{"element-6066-11e4-a52e-4f735466cecf":"f.16FD335629E18F5298EA577BED138745.d.69A33DC5D169E9EB50E301F8026D2456.e.282"},"getTitle",[]]}
COMMAND: POST /session/0b5e153e999db5b9def621a0e8cd33c7/execute/async - {"script":"<script> [1562 bytes]","args":[{"selector":{"id":"shellAppTitle"},"wdio_ui5_key":"shellAppTitle"}]}
RESULT: {"script":"<script> [1562 bytes]","args":[{"selector":{"id":"shellAppTitle"},"wdio_ui5_key":"shellAppTitle"}]}
COMMAND: POST /session/0b5e153e999db5b9def621a0e8cd33c7/execute/async - {"script":"<script> [6424 bytes]","args":[{"element-6066-11e4-a52e-4f735466cecf":"f.16FD335629E18F5298EA577BED138745.d.69A33DC5D169E9EB50E301F8026D2456.e.3720"},"getTitle",[]]}
RESULT: {"script":"<script> [6424 bytes]","args":[{"element-6066-11e4-a52e-4f735466cecf":"f.16FD335629E18F5298EA577BED138745.d.69A33DC5D169E9EB50E301F8026D2456.e.3720"},"getTitle",[]]}
RESULT: undefined
COMMAND: POST /session/0b5e153e999db5b9def621a0e8cd33c7/element/f.16FD335629E18F5298EA577BED138745.d.69A33DC5D169E9EB50E301F8026D2456.e.3613/click - {}
RESULT: {}
COMMAND: GET /session/0b5e153e999db5b9def621a0e8cd33c7/screenshot - {}
RESULT: {}
]]></system-out>
    </testcase>
    <testcase classname="chrome.135_0_7049_42.windows.Sanity_Tests_US104253" name="Should open Bin Inventory List page" time="32.702">
      <system-out><![CDATA[
COMMAND: POST /session/0b5e153e999db5b9def621a0e8cd33c7/execute/async - {"script":"<script> [1562 bytes]","args":[{"selector":{"controlType":"sap.m.GenericTile","properties":{"header":"Bin Inventory List"}},"wdio_ui5_key":"sapm.GenericTile{\"header\":\"Bin Inventory List\"}"}]}
RESULT: {"script":"<script> [1562 bytes]","args":[{"selector":{"controlType":"sap.m.GenericTile","properties":{"header":"Bin Inventory List"}},"wdio_ui5_key":"sapm.GenericTile{\"header\":\"Bin Inventory List\"}"}]}
RESULT: undefined
COMMAND: POST /session/0b5e153e999db5b9def621a0e8cd33c7/element - {"using":"xpath","value":"//*[@id=\"__tile103\"]"}
RESULT: {"using":"xpath","value":"//*[@id=\"__tile103\"]"}
COMMAND: POST /session/0b5e153e999db5b9def621a0e8cd33c7/element/f.16FD335629E18F5298EA577BED138745.d.69A33DC5D169E9EB50E301F8026D2456.e.3722/click - {}
RESULT: {}
COMMAND: GET /session/0b5e153e999db5b9def621a0e8cd33c7/screenshot - {}
RESULT: {}
RESULT: undefined
COMMAND: POST /session/0b5e153e999db5b9def621a0e8cd33c7/element - {"using":"xpath","value":"//*[@id=\"__tile103\"]"}
RESULT: {"using":"xpath","value":"//*[@id=\"__tile103\"]"}
COMMAND: POST /session/0b5e153e999db5b9def621a0e8cd33c7/element/f.16FD335629E18F5298EA577BED138745.d.69A33DC5D169E9EB50E301F8026D2456.e.3722/click - {}
RESULT: undefined
COMMAND: POST /session/0b5e153e999db5b9def621a0e8cd33c7/element - {"using":"xpath","value":"//*[@id=\"__tile103\"]"}
RESULT: {"using":"xpath","value":"//*[@id=\"__tile103\"]"}
COMMAND: POST /session/0b5e153e999db5b9def621a0e8cd33c7/element/f.16FD335629E18F5298EA577BED138745.d.69A33DC5D169E9EB50E301F8026D2456.e.3722/click - {}
RESULT: undefined
COMMAND: POST /session/0b5e153e999db5b9def621a0e8cd33c7/execute/async - {"script":"<script> [6424 bytes]","args":[{"element-6066-11e4-a52e-4f735466cecf":"f.16FD335629E18F5298EA577BED138745.d.69A33DC5D169E9EB50E301F8026D2456.e.282"},"getTitle",[]]}
COMMAND: POST /session/0b5e153e999db5b9def621a0e8cd33c7/execute/async - {"script":"<script> [1562 bytes]","args":[{"selector":{"id":"shellAppTitle"},"wdio_ui5_key":"shellAppTitle"}]}
RESULT: {"script":"<script> [1562 bytes]","args":[{"selector":{"id":"shellAppTitle"},"wdio_ui5_key":"shellAppTitle"}]}
COMMAND: POST /session/0b5e153e999db5b9def621a0e8cd33c7/execute/async - {"script":"<script> [6424 bytes]","args":[{"element-6066-11e4-a52e-4f735466cecf":"f.16FD335629E18F5298EA577BED138745.d.69A33DC5D169E9EB50E301F8026D2456.e.3811"},"getTitle",[]]}
RESULT: {"script":"<script> [6424 bytes]","args":[{"element-6066-11e4-a52e-4f735466cecf":"f.16FD335629E18F5298EA577BED138745.d.69A33DC5D169E9EB50E301F8026D2456.e.3811"},"getTitle",[]]}
RESULT: undefined
COMMAND: POST /session/0b5e153e999db5b9def621a0e8cd33c7/element/f.16FD335629E18F5298EA577BED138745.d.69A33DC5D169E9EB50E301F8026D2456.e.3613/click - {}
COMMAND: POST /session/0b5e153e999db5b9def621a0e8cd33c7/element - {"using":"xpath","value":"//*[@id=\"backBtn\"]"}
RESULT: {"using":"xpath","value":"//*[@id=\"backBtn\"]"}
COMMAND: POST /session/0b5e153e999db5b9def621a0e8cd33c7/element/f.16FD335629E18F5298EA577BED138745.d.69A33DC5D169E9EB50E301F8026D2456.e.3613/click - {}
COMMAND: POST /session/0b5e153e999db5b9def621a0e8cd33c7/element - {"using":"xpath","value":"//*[@id=\"backBtn\"]"}
RESULT: {"using":"xpath","value":"//*[@id=\"backBtn\"]"}
COMMAND: POST /session/0b5e153e999db5b9def621a0e8cd33c7/element/f.16FD335629E18F5298EA577BED138745.d.69A33DC5D169E9EB50E301F8026D2456.e.3812/click - {}
RESULT: {}
COMMAND: GET /session/0b5e153e999db5b9def621a0e8cd33c7/screenshot - {}
RESULT: {}
]]></system-out>
    </testcase>
    <testcase classname="chrome.135_0_7049_42.windows.Sanity_Tests_US104253" name="Should open ISC Templates page" time="31.321">
      <system-out><![CDATA[
COMMAND: POST /session/0b5e153e999db5b9def621a0e8cd33c7/execute/async - {"script":"<script> [1562 bytes]","args":[{"selector":{"controlType":"sap.m.GenericTile","properties":{"header":"ISC Templates"}},"wdio_ui5_key":"sapm.GenericTile{\"header\":\"ISC Templates\"}"}]}
RESULT: {"script":"<script> [1562 bytes]","args":[{"selector":{"controlType":"sap.m.GenericTile","properties":{"header":"ISC Templates"}},"wdio_ui5_key":"sapm.GenericTile{\"header\":\"ISC Templates\"}"}]}
RESULT: undefined
COMMAND: POST /session/0b5e153e999db5b9def621a0e8cd33c7/element - {"using":"xpath","value":"//*[@id=\"__tile111\"]"}
RESULT: {"using":"xpath","value":"//*[@id=\"__tile111\"]"}
COMMAND: POST /session/0b5e153e999db5b9def621a0e8cd33c7/element/f.16FD335629E18F5298EA577BED138745.d.69A33DC5D169E9EB50E301F8026D2456.e.3814/click - {}
RESULT: {}
COMMAND: GET /session/0b5e153e999db5b9def621a0e8cd33c7/screenshot - {}
RESULT: {}
RESULT: undefined
COMMAND: POST /session/0b5e153e999db5b9def621a0e8cd33c7/element - {"using":"xpath","value":"//*[@id=\"__tile111\"]"}
RESULT: {"using":"xpath","value":"//*[@id=\"__tile111\"]"}
COMMAND: POST /session/0b5e153e999db5b9def621a0e8cd33c7/element/f.16FD335629E18F5298EA577BED138745.d.69A33DC5D169E9EB50E301F8026D2456.e.3814/click - {}
RESULT: undefined
COMMAND: POST /session/0b5e153e999db5b9def621a0e8cd33c7/element - {"using":"xpath","value":"//*[@id=\"__tile111\"]"}
RESULT: {"using":"xpath","value":"//*[@id=\"__tile111\"]"}
COMMAND: POST /session/0b5e153e999db5b9def621a0e8cd33c7/element/f.16FD335629E18F5298EA577BED138745.d.69A33DC5D169E9EB50E301F8026D2456.e.3814/click - {}
RESULT: undefined
COMMAND: POST /session/0b5e153e999db5b9def621a0e8cd33c7/execute/async - {"script":"<script> [6424 bytes]","args":[{"element-6066-11e4-a52e-4f735466cecf":"f.16FD335629E18F5298EA577BED138745.d.69A33DC5D169E9EB50E301F8026D2456.e.282"},"getTitle",[]]}
COMMAND: POST /session/0b5e153e999db5b9def621a0e8cd33c7/execute/async - {"script":"<script> [1562 bytes]","args":[{"selector":{"id":"shellAppTitle"},"wdio_ui5_key":"shellAppTitle"}]}
RESULT: {"script":"<script> [1562 bytes]","args":[{"selector":{"id":"shellAppTitle"},"wdio_ui5_key":"shellAppTitle"}]}
COMMAND: POST /session/0b5e153e999db5b9def621a0e8cd33c7/execute/async - {"script":"<script> [6424 bytes]","args":[{"element-6066-11e4-a52e-4f735466cecf":"f.16FD335629E18F5298EA577BED138745.d.69A33DC5D169E9EB50E301F8026D2456.e.3883"},"getTitle",[]]}
RESULT: {"script":"<script> [6424 bytes]","args":[{"element-6066-11e4-a52e-4f735466cecf":"f.16FD335629E18F5298EA577BED138745.d.69A33DC5D169E9EB50E301F8026D2456.e.3883"},"getTitle",[]]}
RESULT: undefined
COMMAND: POST /session/0b5e153e999db5b9def621a0e8cd33c7/element/f.16FD335629E18F5298EA577BED138745.d.69A33DC5D169E9EB50E301F8026D2456.e.3812/click - {}
RESULT: {}
COMMAND: GET /session/0b5e153e999db5b9def621a0e8cd33c7/screenshot - {}
RESULT: {}
]]></system-out>
    </testcase>
    <testcase classname="chrome.135_0_7049_42.windows.Sanity_Tests_US104253" name="Should open ISC Schedules page" time="30.884">
      <system-out><![CDATA[
COMMAND: POST /session/0b5e153e999db5b9def621a0e8cd33c7/execute/async - {"script":"<script> [1562 bytes]","args":[{"selector":{"controlType":"sap.m.GenericTile","properties":{"header":"ISC Schedules"}},"wdio_ui5_key":"sapm.GenericTile{\"header\":\"ISC Schedules\"}"}]}
RESULT: {"script":"<script> [1562 bytes]","args":[{"selector":{"controlType":"sap.m.GenericTile","properties":{"header":"ISC Schedules"}},"wdio_ui5_key":"sapm.GenericTile{\"header\":\"ISC Schedules\"}"}]}
RESULT: undefined
COMMAND: POST /session/0b5e153e999db5b9def621a0e8cd33c7/element - {"using":"xpath","value":"//*[@id=\"__tile109\"]"}
RESULT: {"using":"xpath","value":"//*[@id=\"__tile109\"]"}
COMMAND: POST /session/0b5e153e999db5b9def621a0e8cd33c7/element/f.16FD335629E18F5298EA577BED138745.d.69A33DC5D169E9EB50E301F8026D2456.e.3886/click - {}
RESULT: {}
COMMAND: GET /session/0b5e153e999db5b9def621a0e8cd33c7/screenshot - {}
RESULT: {}
RESULT: undefined
COMMAND: POST /session/0b5e153e999db5b9def621a0e8cd33c7/element - {"using":"xpath","value":"//*[@id=\"__tile109\"]"}
RESULT: {"using":"xpath","value":"//*[@id=\"__tile109\"]"}
COMMAND: POST /session/0b5e153e999db5b9def621a0e8cd33c7/element/f.16FD335629E18F5298EA577BED138745.d.69A33DC5D169E9EB50E301F8026D2456.e.3886/click - {}
RESULT: undefined
COMMAND: POST /session/0b5e153e999db5b9def621a0e8cd33c7/element - {"using":"xpath","value":"//*[@id=\"__tile109\"]"}
RESULT: {"using":"xpath","value":"//*[@id=\"__tile109\"]"}
COMMAND: POST /session/0b5e153e999db5b9def621a0e8cd33c7/element/f.16FD335629E18F5298EA577BED138745.d.69A33DC5D169E9EB50E301F8026D2456.e.3886/click - {}
RESULT: undefined
COMMAND: POST /session/0b5e153e999db5b9def621a0e8cd33c7/execute/async - {"script":"<script> [6424 bytes]","args":[{"element-6066-11e4-a52e-4f735466cecf":"f.16FD335629E18F5298EA577BED138745.d.69A33DC5D169E9EB50E301F8026D2456.e.282"},"getTitle",[]]}
COMMAND: POST /session/0b5e153e999db5b9def621a0e8cd33c7/execute/async - {"script":"<script> [1562 bytes]","args":[{"selector":{"id":"shellAppTitle"},"wdio_ui5_key":"shellAppTitle"}]}
RESULT: {"script":"<script> [1562 bytes]","args":[{"selector":{"id":"shellAppTitle"},"wdio_ui5_key":"shellAppTitle"}]}
COMMAND: POST /session/0b5e153e999db5b9def621a0e8cd33c7/execute/async - {"script":"<script> [6424 bytes]","args":[{"element-6066-11e4-a52e-4f735466cecf":"f.16FD335629E18F5298EA577BED138745.d.69A33DC5D169E9EB50E301F8026D2456.e.3963"},"getTitle",[]]}
RESULT: {"script":"<script> [6424 bytes]","args":[{"element-6066-11e4-a52e-4f735466cecf":"f.16FD335629E18F5298EA577BED138745.d.69A33DC5D169E9EB50E301F8026D2456.e.3963"},"getTitle",[]]}
RESULT: undefined
COMMAND: POST /session/0b5e153e999db5b9def621a0e8cd33c7/element/f.16FD335629E18F5298EA577BED138745.d.69A33DC5D169E9EB50E301F8026D2456.e.3812/click - {}
COMMAND: POST /session/0b5e153e999db5b9def621a0e8cd33c7/element - {"using":"xpath","value":"//*[@id=\"backBtn\"]"}
RESULT: {"using":"xpath","value":"//*[@id=\"backBtn\"]"}
COMMAND: POST /session/0b5e153e999db5b9def621a0e8cd33c7/element/f.16FD335629E18F5298EA577BED138745.d.69A33DC5D169E9EB50E301F8026D2456.e.3812/click - {}
COMMAND: POST /session/0b5e153e999db5b9def621a0e8cd33c7/element - {"using":"xpath","value":"//*[@id=\"backBtn\"]"}
RESULT: {"using":"xpath","value":"//*[@id=\"backBtn\"]"}
COMMAND: POST /session/0b5e153e999db5b9def621a0e8cd33c7/element/f.16FD335629E18F5298EA577BED138745.d.69A33DC5D169E9EB50E301F8026D2456.e.3964/click - {}
RESULT: {}
COMMAND: GET /session/0b5e153e999db5b9def621a0e8cd33c7/screenshot - {}
RESULT: {}
]]></system-out>
    </testcase>
    <testcase classname="chrome.135_0_7049_42.windows.Sanity_Tests_US104253" name="Should open ISC Dashboard page" time="32.401">
      <system-out><![CDATA[
COMMAND: POST /session/0b5e153e999db5b9def621a0e8cd33c7/execute/async - {"script":"<script> [1562 bytes]","args":[{"selector":{"controlType":"sap.m.GenericTile","properties":{"header":"ISC Dashboard"}},"wdio_ui5_key":"sapm.GenericTile{\"header\":\"ISC Dashboard\"}"}]}
RESULT: {"script":"<script> [1562 bytes]","args":[{"selector":{"controlType":"sap.m.GenericTile","properties":{"header":"ISC Dashboard"}},"wdio_ui5_key":"sapm.GenericTile{\"header\":\"ISC Dashboard\"}"}]}
RESULT: undefined
COMMAND: POST /session/0b5e153e999db5b9def621a0e8cd33c7/element - {"using":"xpath","value":"//*[@id=\"__tile106\"]"}
RESULT: {"using":"xpath","value":"//*[@id=\"__tile106\"]"}
COMMAND: POST /session/0b5e153e999db5b9def621a0e8cd33c7/element/f.16FD335629E18F5298EA577BED138745.d.69A33DC5D169E9EB50E301F8026D2456.e.3966/click - {}
RESULT: {}
COMMAND: GET /session/0b5e153e999db5b9def621a0e8cd33c7/screenshot - {}
RESULT: {}
RESULT: undefined
COMMAND: POST /session/0b5e153e999db5b9def621a0e8cd33c7/element - {"using":"xpath","value":"//*[@id=\"__tile106\"]"}
RESULT: {"using":"xpath","value":"//*[@id=\"__tile106\"]"}
COMMAND: POST /session/0b5e153e999db5b9def621a0e8cd33c7/element/f.16FD335629E18F5298EA577BED138745.d.69A33DC5D169E9EB50E301F8026D2456.e.3966/click - {}
RESULT: undefined
COMMAND: POST /session/0b5e153e999db5b9def621a0e8cd33c7/element - {"using":"xpath","value":"//*[@id=\"__tile106\"]"}
RESULT: {"using":"xpath","value":"//*[@id=\"__tile106\"]"}
COMMAND: POST /session/0b5e153e999db5b9def621a0e8cd33c7/element/f.16FD335629E18F5298EA577BED138745.d.69A33DC5D169E9EB50E301F8026D2456.e.3966/click - {}
RESULT: undefined
COMMAND: POST /session/0b5e153e999db5b9def621a0e8cd33c7/execute/async - {"script":"<script> [6424 bytes]","args":[{"element-6066-11e4-a52e-4f735466cecf":"f.16FD335629E18F5298EA577BED138745.d.69A33DC5D169E9EB50E301F8026D2456.e.282"},"getTitle",[]]}
COMMAND: POST /session/0b5e153e999db5b9def621a0e8cd33c7/execute/async - {"script":"<script> [1562 bytes]","args":[{"selector":{"id":"shellAppTitle"},"wdio_ui5_key":"shellAppTitle"}]}
RESULT: {"script":"<script> [1562 bytes]","args":[{"selector":{"id":"shellAppTitle"},"wdio_ui5_key":"shellAppTitle"}]}
COMMAND: POST /session/0b5e153e999db5b9def621a0e8cd33c7/execute/async - {"script":"<script> [6424 bytes]","args":[{"element-6066-11e4-a52e-4f735466cecf":"f.16FD335629E18F5298EA577BED138745.d.69A33DC5D169E9EB50E301F8026D2456.e.4095"},"getTitle",[]]}
RESULT: {"script":"<script> [6424 bytes]","args":[{"element-6066-11e4-a52e-4f735466cecf":"f.16FD335629E18F5298EA577BED138745.d.69A33DC5D169E9EB50E301F8026D2456.e.4095"},"getTitle",[]]}
RESULT: undefined
COMMAND: POST /session/0b5e153e999db5b9def621a0e8cd33c7/element/f.16FD335629E18F5298EA577BED138745.d.69A33DC5D169E9EB50E301F8026D2456.e.3964/click - {}
RESULT: {}
COMMAND: GET /session/0b5e153e999db5b9def621a0e8cd33c7/screenshot - {}
RESULT: {}
]]></system-out>
    </testcase>
    <testcase classname="chrome.135_0_7049_42.windows.Sanity_Tests_US104253" name="Should open ISC Orders page" time="29.862">
      <system-out><![CDATA[
COMMAND: POST /session/0b5e153e999db5b9def621a0e8cd33c7/execute/async - {"script":"<script> [1562 bytes]","args":[{"selector":{"controlType":"sap.m.GenericTile","properties":{"header":"ISC Orders"}},"wdio_ui5_key":"sapm.GenericTile{\"header\":\"ISC Orders\"}"}]}
RESULT: {"script":"<script> [1562 bytes]","args":[{"selector":{"controlType":"sap.m.GenericTile","properties":{"header":"ISC Orders"}},"wdio_ui5_key":"sapm.GenericTile{\"header\":\"ISC Orders\"}"}]}
RESULT: undefined
COMMAND: POST /session/0b5e153e999db5b9def621a0e8cd33c7/element - {"using":"xpath","value":"//*[@id=\"__tile108\"]"}
RESULT: {"using":"xpath","value":"//*[@id=\"__tile108\"]"}
COMMAND: POST /session/0b5e153e999db5b9def621a0e8cd33c7/element/f.16FD335629E18F5298EA577BED138745.d.69A33DC5D169E9EB50E301F8026D2456.e.4097/click - {}
RESULT: {}
COMMAND: GET /session/0b5e153e999db5b9def621a0e8cd33c7/screenshot - {}
RESULT: {}
RESULT: undefined
COMMAND: POST /session/0b5e153e999db5b9def621a0e8cd33c7/element - {"using":"xpath","value":"//*[@id=\"__tile108\"]"}
RESULT: {"using":"xpath","value":"//*[@id=\"__tile108\"]"}
COMMAND: POST /session/0b5e153e999db5b9def621a0e8cd33c7/element/f.16FD335629E18F5298EA577BED138745.d.69A33DC5D169E9EB50E301F8026D2456.e.4097/click - {}
RESULT: undefined
COMMAND: POST /session/0b5e153e999db5b9def621a0e8cd33c7/element - {"using":"xpath","value":"//*[@id=\"__tile108\"]"}
RESULT: {"using":"xpath","value":"//*[@id=\"__tile108\"]"}
COMMAND: POST /session/0b5e153e999db5b9def621a0e8cd33c7/element/f.16FD335629E18F5298EA577BED138745.d.69A33DC5D169E9EB50E301F8026D2456.e.4097/click - {}
RESULT: undefined
COMMAND: POST /session/0b5e153e999db5b9def621a0e8cd33c7/execute/async - {"script":"<script> [6424 bytes]","args":[{"element-6066-11e4-a52e-4f735466cecf":"f.16FD335629E18F5298EA577BED138745.d.69A33DC5D169E9EB50E301F8026D2456.e.282"},"getTitle",[]]}
COMMAND: POST /session/0b5e153e999db5b9def621a0e8cd33c7/execute/async - {"script":"<script> [1562 bytes]","args":[{"selector":{"id":"shellAppTitle"},"wdio_ui5_key":"shellAppTitle"}]}
RESULT: {"script":"<script> [1562 bytes]","args":[{"selector":{"id":"shellAppTitle"},"wdio_ui5_key":"shellAppTitle"}]}
COMMAND: POST /session/0b5e153e999db5b9def621a0e8cd33c7/execute/async - {"script":"<script> [6424 bytes]","args":[{"element-6066-11e4-a52e-4f735466cecf":"f.16FD335629E18F5298EA577BED138745.d.69A33DC5D169E9EB50E301F8026D2456.e.4209"},"getTitle",[]]}
RESULT: {"script":"<script> [6424 bytes]","args":[{"element-6066-11e4-a52e-4f735466cecf":"f.16FD335629E18F5298EA577BED138745.d.69A33DC5D169E9EB50E301F8026D2456.e.4209"},"getTitle",[]]}
RESULT: undefined
COMMAND: POST /session/0b5e153e999db5b9def621a0e8cd33c7/element/f.16FD335629E18F5298EA577BED138745.d.69A33DC5D169E9EB50E301F8026D2456.e.3964/click - {}
COMMAND: POST /session/0b5e153e999db5b9def621a0e8cd33c7/element - {"using":"xpath","value":"//*[@id=\"backBtn\"]"}
RESULT: {"using":"xpath","value":"//*[@id=\"backBtn\"]"}
COMMAND: POST /session/0b5e153e999db5b9def621a0e8cd33c7/element/f.16FD335629E18F5298EA577BED138745.d.69A33DC5D169E9EB50E301F8026D2456.e.3964/click - {}
COMMAND: POST /session/0b5e153e999db5b9def621a0e8cd33c7/element - {"using":"xpath","value":"//*[@id=\"backBtn\"]"}
RESULT: {"using":"xpath","value":"//*[@id=\"backBtn\"]"}
COMMAND: POST /session/0b5e153e999db5b9def621a0e8cd33c7/element/f.16FD335629E18F5298EA577BED138745.d.69A33DC5D169E9EB50E301F8026D2456.e.4210/click - {}
RESULT: {}
COMMAND: GET /session/0b5e153e999db5b9def621a0e8cd33c7/screenshot - {}
RESULT: {}
]]></system-out>
    </testcase>
    <testcase classname="chrome.135_0_7049_42.windows.Sanity_Tests_US104253" name="Should open ISC Tasks page" time="39.967">
      <system-out><![CDATA[
COMMAND: POST /session/0b5e153e999db5b9def621a0e8cd33c7/execute/async - {"script":"<script> [1562 bytes]","args":[{"selector":{"controlType":"sap.m.GenericTile","properties":{"header":"ISC Tasks"}},"wdio_ui5_key":"sapm.GenericTile{\"header\":\"ISC Tasks\"}"}]}
RESULT: {"script":"<script> [1562 bytes]","args":[{"selector":{"controlType":"sap.m.GenericTile","properties":{"header":"ISC Tasks"}},"wdio_ui5_key":"sapm.GenericTile{\"header\":\"ISC Tasks\"}"}]}
RESULT: undefined
COMMAND: POST /session/0b5e153e999db5b9def621a0e8cd33c7/element - {"using":"xpath","value":"//*[@id=\"__tile110\"]"}
RESULT: {"using":"xpath","value":"//*[@id=\"__tile110\"]"}
COMMAND: POST /session/0b5e153e999db5b9def621a0e8cd33c7/element/f.16FD335629E18F5298EA577BED138745.d.69A33DC5D169E9EB50E301F8026D2456.e.4212/click - {}
RESULT: {}
COMMAND: GET /session/0b5e153e999db5b9def621a0e8cd33c7/screenshot - {}
RESULT: {}
RESULT: undefined
COMMAND: POST /session/0b5e153e999db5b9def621a0e8cd33c7/element - {"using":"xpath","value":"//*[@id=\"__tile110\"]"}
RESULT: {"using":"xpath","value":"//*[@id=\"__tile110\"]"}
COMMAND: POST /session/0b5e153e999db5b9def621a0e8cd33c7/element/f.16FD335629E18F5298EA577BED138745.d.69A33DC5D169E9EB50E301F8026D2456.e.4212/click - {}
RESULT: undefined
COMMAND: POST /session/0b5e153e999db5b9def621a0e8cd33c7/element - {"using":"xpath","value":"//*[@id=\"__tile110\"]"}
RESULT: {"using":"xpath","value":"//*[@id=\"__tile110\"]"}
COMMAND: POST /session/0b5e153e999db5b9def621a0e8cd33c7/element/f.16FD335629E18F5298EA577BED138745.d.69A33DC5D169E9EB50E301F8026D2456.e.4212/click - {}
RESULT: undefined
COMMAND: POST /session/0b5e153e999db5b9def621a0e8cd33c7/execute/async - {"script":"<script> [6424 bytes]","args":[{"element-6066-11e4-a52e-4f735466cecf":"f.16FD335629E18F5298EA577BED138745.d.69A33DC5D169E9EB50E301F8026D2456.e.282"},"getTitle",[]]}
COMMAND: POST /session/0b5e153e999db5b9def621a0e8cd33c7/execute/async - {"script":"<script> [1562 bytes]","args":[{"selector":{"id":"shellAppTitle"},"wdio_ui5_key":"shellAppTitle"}]}
RESULT: {"script":"<script> [1562 bytes]","args":[{"selector":{"id":"shellAppTitle"},"wdio_ui5_key":"shellAppTitle"}]}
COMMAND: POST /session/0b5e153e999db5b9def621a0e8cd33c7/execute/async - {"script":"<script> [6424 bytes]","args":[{"element-6066-11e4-a52e-4f735466cecf":"f.16FD335629E18F5298EA577BED138745.d.69A33DC5D169E9EB50E301F8026D2456.e.4308"},"getTitle",[]]}
RESULT: {"script":"<script> [6424 bytes]","args":[{"element-6066-11e4-a52e-4f735466cecf":"f.16FD335629E18F5298EA577BED138745.d.69A33DC5D169E9EB50E301F8026D2456.e.4308"},"getTitle",[]]}
RESULT: undefined
COMMAND: POST /session/0b5e153e999db5b9def621a0e8cd33c7/element/f.16FD335629E18F5298EA577BED138745.d.69A33DC5D169E9EB50E301F8026D2456.e.4210/click - {}
RESULT: {}
COMMAND: GET /session/0b5e153e999db5b9def621a0e8cd33c7/screenshot - {}
RESULT: {}
]]></system-out>
    </testcase>
    <testcase classname="chrome.135_0_7049_42.windows.Sanity_Tests_US104253" name="Should open Manage Resource Logbook page" time="31.368">
      <system-out><![CDATA[
COMMAND: POST /session/0b5e153e999db5b9def621a0e8cd33c7/execute/async - {"script":"<script> [1562 bytes]","args":[{"selector":{"controlType":"sap.m.GenericTile","properties":{"header":"Manage Resource Logbook"}},"wdio_ui5_key":"sapm.GenericTile{\"header\":\"Manage Resource Logbook\"}"}]}
RESULT: {"script":"<script> [1562 bytes]","args":[{"selector":{"controlType":"sap.m.GenericTile","properties":{"header":"Manage Resource Logbook"}},"wdio_ui5_key":"sapm.GenericTile{\"header\":\"Manage Resource Logbook\"}"}]}
RESULT: undefined
COMMAND: POST /session/0b5e153e999db5b9def621a0e8cd33c7/element - {"using":"xpath","value":"//*[@id=\"__tile113\"]"}
RESULT: {"using":"xpath","value":"//*[@id=\"__tile113\"]"}
COMMAND: POST /session/0b5e153e999db5b9def621a0e8cd33c7/element/f.16FD335629E18F5298EA577BED138745.d.69A33DC5D169E9EB50E301F8026D2456.e.4310/click - {}
RESULT: {}
COMMAND: GET /session/0b5e153e999db5b9def621a0e8cd33c7/screenshot - {}
RESULT: {}
RESULT: undefined
COMMAND: POST /session/0b5e153e999db5b9def621a0e8cd33c7/element - {"using":"xpath","value":"//*[@id=\"__tile113\"]"}
RESULT: {"using":"xpath","value":"//*[@id=\"__tile113\"]"}
COMMAND: POST /session/0b5e153e999db5b9def621a0e8cd33c7/element/f.16FD335629E18F5298EA577BED138745.d.69A33DC5D169E9EB50E301F8026D2456.e.4310/click - {}
RESULT: undefined
COMMAND: POST /session/0b5e153e999db5b9def621a0e8cd33c7/element - {"using":"xpath","value":"//*[@id=\"__tile113\"]"}
RESULT: {"using":"xpath","value":"//*[@id=\"__tile113\"]"}
COMMAND: POST /session/0b5e153e999db5b9def621a0e8cd33c7/element/f.16FD335629E18F5298EA577BED138745.d.69A33DC5D169E9EB50E301F8026D2456.e.4310/click - {}
RESULT: undefined
COMMAND: POST /session/0b5e153e999db5b9def621a0e8cd33c7/execute/async - {"script":"<script> [6424 bytes]","args":[{"element-6066-11e4-a52e-4f735466cecf":"f.16FD335629E18F5298EA577BED138745.d.69A33DC5D169E9EB50E301F8026D2456.e.282"},"getTitle",[]]}
COMMAND: POST /session/0b5e153e999db5b9def621a0e8cd33c7/execute/async - {"script":"<script> [1562 bytes]","args":[{"selector":{"id":"shellAppTitle"},"wdio_ui5_key":"shellAppTitle"}]}
RESULT: {"script":"<script> [1562 bytes]","args":[{"selector":{"id":"shellAppTitle"},"wdio_ui5_key":"shellAppTitle"}]}
COMMAND: POST /session/0b5e153e999db5b9def621a0e8cd33c7/execute/async - {"script":"<script> [6424 bytes]","args":[{"element-6066-11e4-a52e-4f735466cecf":"f.16FD335629E18F5298EA577BED138745.d.69A33DC5D169E9EB50E301F8026D2456.e.4406"},"getTitle",[]]}
RESULT: {"script":"<script> [6424 bytes]","args":[{"element-6066-11e4-a52e-4f735466cecf":"f.16FD335629E18F5298EA577BED138745.d.69A33DC5D169E9EB50E301F8026D2456.e.4406"},"getTitle",[]]}
RESULT: undefined
COMMAND: POST /session/0b5e153e999db5b9def621a0e8cd33c7/element/f.16FD335629E18F5298EA577BED138745.d.69A33DC5D169E9EB50E301F8026D2456.e.4210/click - {}
COMMAND: POST /session/0b5e153e999db5b9def621a0e8cd33c7/element - {"using":"xpath","value":"//*[@id=\"backBtn\"]"}
RESULT: {"using":"xpath","value":"//*[@id=\"backBtn\"]"}
COMMAND: POST /session/0b5e153e999db5b9def621a0e8cd33c7/element/f.16FD335629E18F5298EA577BED138745.d.69A33DC5D169E9EB50E301F8026D2456.e.4210/click - {}
COMMAND: POST /session/0b5e153e999db5b9def621a0e8cd33c7/element - {"using":"xpath","value":"//*[@id=\"backBtn\"]"}
RESULT: {"using":"xpath","value":"//*[@id=\"backBtn\"]"}
COMMAND: POST /session/0b5e153e999db5b9def621a0e8cd33c7/element/f.16FD335629E18F5298EA577BED138745.d.69A33DC5D169E9EB50E301F8026D2456.e.4407/click - {}
RESULT: {}
COMMAND: GET /session/0b5e153e999db5b9def621a0e8cd33c7/screenshot - {}
RESULT: {}
]]></system-out>
    </testcase>
    <testcase classname="chrome.135_0_7049_42.windows.Sanity_Tests_US104253" name="Should open Manage Logbook page" time="36.752">
      <system-out><![CDATA[
COMMAND: POST /session/0b5e153e999db5b9def621a0e8cd33c7/execute/async - {"script":"<script> [1562 bytes]","args":[{"selector":{"controlType":"sap.m.GenericTile","properties":{"header":"Manage Logbook"}},"wdio_ui5_key":"sapm.GenericTile{\"header\":\"Manage Logbook\"}"}]}
RESULT: {"script":"<script> [1562 bytes]","args":[{"selector":{"controlType":"sap.m.GenericTile","properties":{"header":"Manage Logbook"}},"wdio_ui5_key":"sapm.GenericTile{\"header\":\"Manage Logbook\"}"}]}
RESULT: undefined
COMMAND: POST /session/0b5e153e999db5b9def621a0e8cd33c7/element - {"using":"xpath","value":"//*[@id=\"__tile112\"]"}
RESULT: {"using":"xpath","value":"//*[@id=\"__tile112\"]"}
COMMAND: POST /session/0b5e153e999db5b9def621a0e8cd33c7/element/f.16FD335629E18F5298EA577BED138745.d.69A33DC5D169E9EB50E301F8026D2456.e.4409/click - {}
RESULT: {}
COMMAND: GET /session/0b5e153e999db5b9def621a0e8cd33c7/screenshot - {}
RESULT: {}
RESULT: undefined
COMMAND: POST /session/0b5e153e999db5b9def621a0e8cd33c7/element - {"using":"xpath","value":"//*[@id=\"__tile112\"]"}
RESULT: {"using":"xpath","value":"//*[@id=\"__tile112\"]"}
COMMAND: POST /session/0b5e153e999db5b9def621a0e8cd33c7/element/f.16FD335629E18F5298EA577BED138745.d.69A33DC5D169E9EB50E301F8026D2456.e.4409/click - {}
RESULT: undefined
COMMAND: POST /session/0b5e153e999db5b9def621a0e8cd33c7/element - {"using":"xpath","value":"//*[@id=\"__tile112\"]"}
RESULT: {"using":"xpath","value":"//*[@id=\"__tile112\"]"}
COMMAND: POST /session/0b5e153e999db5b9def621a0e8cd33c7/element/f.16FD335629E18F5298EA577BED138745.d.69A33DC5D169E9EB50E301F8026D2456.e.4409/click - {}
RESULT: undefined
COMMAND: POST /session/0b5e153e999db5b9def621a0e8cd33c7/execute/async - {"script":"<script> [6424 bytes]","args":[{"element-6066-11e4-a52e-4f735466cecf":"f.16FD335629E18F5298EA577BED138745.d.69A33DC5D169E9EB50E301F8026D2456.e.282"},"getTitle",[]]}
COMMAND: POST /session/0b5e153e999db5b9def621a0e8cd33c7/execute/async - {"script":"<script> [1562 bytes]","args":[{"selector":{"id":"shellAppTitle"},"wdio_ui5_key":"shellAppTitle"}]}
RESULT: {"script":"<script> [1562 bytes]","args":[{"selector":{"id":"shellAppTitle"},"wdio_ui5_key":"shellAppTitle"}]}
COMMAND: POST /session/0b5e153e999db5b9def621a0e8cd33c7/execute/async - {"script":"<script> [6424 bytes]","args":[{"element-6066-11e4-a52e-4f735466cecf":"f.16FD335629E18F5298EA577BED138745.d.69A33DC5D169E9EB50E301F8026D2456.e.4636"},"getTitle",[]]}
RESULT: {"script":"<script> [6424 bytes]","args":[{"element-6066-11e4-a52e-4f735466cecf":"f.16FD335629E18F5298EA577BED138745.d.69A33DC5D169E9EB50E301F8026D2456.e.4636"},"getTitle",[]]}
RESULT: undefined
COMMAND: POST /session/0b5e153e999db5b9def621a0e8cd33c7/element/f.16FD335629E18F5298EA577BED138745.d.69A33DC5D169E9EB50E301F8026D2456.e.4407/click - {}
RESULT: {}
COMMAND: GET /session/0b5e153e999db5b9def621a0e8cd33c7/screenshot - {}
RESULT: {}
]]></system-out>
    </testcase>
    <testcase classname="chrome.135_0_7049_42.windows.Sanity_Tests_US104253" name="Should open ISC Orders Calendar page" time="32.003">
      <system-out><![CDATA[
COMMAND: POST /session/0b5e153e999db5b9def621a0e8cd33c7/execute/async - {"script":"<script> [1562 bytes]","args":[{"selector":{"controlType":"sap.m.GenericTile","properties":{"header":"ISC Orders Calendar"}},"wdio_ui5_key":"sapm.GenericTile{\"header\":\"ISC Orders Calendar\"}"}]}
RESULT: {"script":"<script> [1562 bytes]","args":[{"selector":{"controlType":"sap.m.GenericTile","properties":{"header":"ISC Orders Calendar"}},"wdio_ui5_key":"sapm.GenericTile{\"header\":\"ISC Orders Calendar\"}"}]}
RESULT: undefined
COMMAND: POST /session/0b5e153e999db5b9def621a0e8cd33c7/element - {"using":"xpath","value":"//*[@id=\"__tile107\"]"}
RESULT: {"using":"xpath","value":"//*[@id=\"__tile107\"]"}
COMMAND: POST /session/0b5e153e999db5b9def621a0e8cd33c7/element/f.16FD335629E18F5298EA577BED138745.d.69A33DC5D169E9EB50E301F8026D2456.e.4638/click - {}
RESULT: {}
COMMAND: GET /session/0b5e153e999db5b9def621a0e8cd33c7/screenshot - {}
RESULT: {}
RESULT: undefined
COMMAND: POST /session/0b5e153e999db5b9def621a0e8cd33c7/element - {"using":"xpath","value":"//*[@id=\"__tile107\"]"}
RESULT: {"using":"xpath","value":"//*[@id=\"__tile107\"]"}
COMMAND: POST /session/0b5e153e999db5b9def621a0e8cd33c7/element/f.16FD335629E18F5298EA577BED138745.d.69A33DC5D169E9EB50E301F8026D2456.e.4638/click - {}
RESULT: undefined
COMMAND: POST /session/0b5e153e999db5b9def621a0e8cd33c7/element - {"using":"xpath","value":"//*[@id=\"__tile107\"]"}
RESULT: {"using":"xpath","value":"//*[@id=\"__tile107\"]"}
COMMAND: POST /session/0b5e153e999db5b9def621a0e8cd33c7/element/f.16FD335629E18F5298EA577BED138745.d.69A33DC5D169E9EB50E301F8026D2456.e.4638/click - {}
RESULT: undefined
COMMAND: POST /session/0b5e153e999db5b9def621a0e8cd33c7/execute/async - {"script":"<script> [6424 bytes]","args":[{"element-6066-11e4-a52e-4f735466cecf":"f.16FD335629E18F5298EA577BED138745.d.69A33DC5D169E9EB50E301F8026D2456.e.282"},"getTitle",[]]}
COMMAND: POST /session/0b5e153e999db5b9def621a0e8cd33c7/execute/async - {"script":"<script> [1562 bytes]","args":[{"selector":{"id":"shellAppTitle"},"wdio_ui5_key":"shellAppTitle"}]}
RESULT: {"script":"<script> [1562 bytes]","args":[{"selector":{"id":"shellAppTitle"},"wdio_ui5_key":"shellAppTitle"}]}
COMMAND: POST /session/0b5e153e999db5b9def621a0e8cd33c7/execute/async - {"script":"<script> [6424 bytes]","args":[{"element-6066-11e4-a52e-4f735466cecf":"f.16FD335629E18F5298EA577BED138745.d.69A33DC5D169E9EB50E301F8026D2456.e.4844"},"getTitle",[]]}
RESULT: {"script":"<script> [6424 bytes]","args":[{"element-6066-11e4-a52e-4f735466cecf":"f.16FD335629E18F5298EA577BED138745.d.69A33DC5D169E9EB50E301F8026D2456.e.4844"},"getTitle",[]]}
RESULT: undefined
COMMAND: POST /session/0b5e153e999db5b9def621a0e8cd33c7/element/f.16FD335629E18F5298EA577BED138745.d.69A33DC5D169E9EB50E301F8026D2456.e.4407/click - {}
COMMAND: POST /session/0b5e153e999db5b9def621a0e8cd33c7/element - {"using":"xpath","value":"//*[@id=\"backBtn\"]"}
RESULT: {"using":"xpath","value":"//*[@id=\"backBtn\"]"}
COMMAND: POST /session/0b5e153e999db5b9def621a0e8cd33c7/element/f.16FD335629E18F5298EA577BED138745.d.69A33DC5D169E9EB50E301F8026D2456.e.4407/click - {}
COMMAND: POST /session/0b5e153e999db5b9def621a0e8cd33c7/element - {"using":"xpath","value":"//*[@id=\"backBtn\"]"}
RESULT: {"using":"xpath","value":"//*[@id=\"backBtn\"]"}
COMMAND: POST /session/0b5e153e999db5b9def621a0e8cd33c7/element/f.16FD335629E18F5298EA577BED138745.d.69A33DC5D169E9EB50E301F8026D2456.e.4845/click - {}
RESULT: {}
COMMAND: GET /session/0b5e153e999db5b9def621a0e8cd33c7/screenshot - {}
RESULT: {}
]]></system-out>
    </testcase>
    <testcase classname="chrome.135_0_7049_42.windows.Sanity_Tests_US104253" name="Should open Configure System page" time="31.1">
      <system-out><![CDATA[
COMMAND: POST /session/0b5e153e999db5b9def621a0e8cd33c7/execute/async - {"script":"<script> [1562 bytes]","args":[{"selector":{"controlType":"sap.m.GenericTile","properties":{"header":"Configure System"}},"wdio_ui5_key":"sapm.GenericTile{\"header\":\"Configure System\"}"}]}
RESULT: {"script":"<script> [1562 bytes]","args":[{"selector":{"controlType":"sap.m.GenericTile","properties":{"header":"Configure System"}},"wdio_ui5_key":"sapm.GenericTile{\"header\":\"Configure System\"}"}]}
RESULT: undefined
COMMAND: POST /session/0b5e153e999db5b9def621a0e8cd33c7/element - {"using":"xpath","value":"//*[@id=\"__tile114\"]"}
RESULT: {"using":"xpath","value":"//*[@id=\"__tile114\"]"}
COMMAND: POST /session/0b5e153e999db5b9def621a0e8cd33c7/element/f.16FD335629E18F5298EA577BED138745.d.69A33DC5D169E9EB50E301F8026D2456.e.4847/click - {}
RESULT: {}
COMMAND: GET /session/0b5e153e999db5b9def621a0e8cd33c7/screenshot - {}
RESULT: {}
RESULT: undefined
COMMAND: POST /session/0b5e153e999db5b9def621a0e8cd33c7/element - {"using":"xpath","value":"//*[@id=\"__tile114\"]"}
RESULT: {"using":"xpath","value":"//*[@id=\"__tile114\"]"}
COMMAND: POST /session/0b5e153e999db5b9def621a0e8cd33c7/element/f.16FD335629E18F5298EA577BED138745.d.69A33DC5D169E9EB50E301F8026D2456.e.4847/click - {}
RESULT: undefined
COMMAND: POST /session/0b5e153e999db5b9def621a0e8cd33c7/element - {"using":"xpath","value":"//*[@id=\"__tile114\"]"}
RESULT: {"using":"xpath","value":"//*[@id=\"__tile114\"]"}
COMMAND: POST /session/0b5e153e999db5b9def621a0e8cd33c7/element/f.16FD335629E18F5298EA577BED138745.d.69A33DC5D169E9EB50E301F8026D2456.e.4847/click - {}
RESULT: undefined
COMMAND: POST /session/0b5e153e999db5b9def621a0e8cd33c7/execute/async - {"script":"<script> [6424 bytes]","args":[{"element-6066-11e4-a52e-4f735466cecf":"f.16FD335629E18F5298EA577BED138745.d.69A33DC5D169E9EB50E301F8026D2456.e.282"},"getTitle",[]]}
COMMAND: POST /session/0b5e153e999db5b9def621a0e8cd33c7/execute/async - {"script":"<script> [1562 bytes]","args":[{"selector":{"id":"shellAppTitle"},"wdio_ui5_key":"shellAppTitle"}]}
RESULT: {"script":"<script> [1562 bytes]","args":[{"selector":{"id":"shellAppTitle"},"wdio_ui5_key":"shellAppTitle"}]}
COMMAND: POST /session/0b5e153e999db5b9def621a0e8cd33c7/execute/async - {"script":"<script> [6424 bytes]","args":[{"element-6066-11e4-a52e-4f735466cecf":"f.16FD335629E18F5298EA577BED138745.d.69A33DC5D169E9EB50E301F8026D2456.e.4886"},"getTitle",[]]}
RESULT: {"script":"<script> [6424 bytes]","args":[{"element-6066-11e4-a52e-4f735466cecf":"f.16FD335629E18F5298EA577BED138745.d.69A33DC5D169E9EB50E301F8026D2456.e.4886"},"getTitle",[]]}
RESULT: undefined
COMMAND: POST /session/0b5e153e999db5b9def621a0e8cd33c7/element/f.16FD335629E18F5298EA577BED138745.d.69A33DC5D169E9EB50E301F8026D2456.e.4845/click - {}
RESULT: {}
COMMAND: GET /session/0b5e153e999db5b9def621a0e8cd33c7/screenshot - {}
RESULT: {}
]]></system-out>
    </testcase>
    <testcase classname="chrome.135_0_7049_42.windows.Sanity_Tests_US104253" name="Should open Manage Classifications page" time="30.934">
      <system-out><![CDATA[
COMMAND: POST /session/0b5e153e999db5b9def621a0e8cd33c7/execute/async - {"script":"<script> [1562 bytes]","args":[{"selector":{"controlType":"sap.m.GenericTile","properties":{"header":"Manage Classifications"}},"wdio_ui5_key":"sapm.GenericTile{\"header\":\"Manage Classifications\"}"}]}
RESULT: {"script":"<script> [1562 bytes]","args":[{"selector":{"controlType":"sap.m.GenericTile","properties":{"header":"Manage Classifications"}},"wdio_ui5_key":"sapm.GenericTile{\"header\":\"Manage Classifications\"}"}]}
RESULT: undefined
COMMAND: POST /session/0b5e153e999db5b9def621a0e8cd33c7/element - {"using":"xpath","value":"//*[@id=\"__tile115\"]"}
RESULT: {"using":"xpath","value":"//*[@id=\"__tile115\"]"}
COMMAND: POST /session/0b5e153e999db5b9def621a0e8cd33c7/element/f.16FD335629E18F5298EA577BED138745.d.69A33DC5D169E9EB50E301F8026D2456.e.4889/click - {}
RESULT: {}
COMMAND: GET /session/0b5e153e999db5b9def621a0e8cd33c7/screenshot - {}
RESULT: {}
RESULT: undefined
COMMAND: POST /session/0b5e153e999db5b9def621a0e8cd33c7/element - {"using":"xpath","value":"//*[@id=\"__tile115\"]"}
RESULT: {"using":"xpath","value":"//*[@id=\"__tile115\"]"}
COMMAND: POST /session/0b5e153e999db5b9def621a0e8cd33c7/element/f.16FD335629E18F5298EA577BED138745.d.69A33DC5D169E9EB50E301F8026D2456.e.4889/click - {}
RESULT: undefined
COMMAND: POST /session/0b5e153e999db5b9def621a0e8cd33c7/element - {"using":"xpath","value":"//*[@id=\"__tile115\"]"}
RESULT: {"using":"xpath","value":"//*[@id=\"__tile115\"]"}
COMMAND: POST /session/0b5e153e999db5b9def621a0e8cd33c7/element/f.16FD335629E18F5298EA577BED138745.d.69A33DC5D169E9EB50E301F8026D2456.e.4889/click - {}
RESULT: undefined
COMMAND: POST /session/0b5e153e999db5b9def621a0e8cd33c7/execute/async - {"script":"<script> [6424 bytes]","args":[{"element-6066-11e4-a52e-4f735466cecf":"f.16FD335629E18F5298EA577BED138745.d.69A33DC5D169E9EB50E301F8026D2456.e.282"},"getTitle",[]]}
COMMAND: POST /session/0b5e153e999db5b9def621a0e8cd33c7/execute/async - {"script":"<script> [1562 bytes]","args":[{"selector":{"id":"shellAppTitle"},"wdio_ui5_key":"shellAppTitle"}]}
RESULT: {"script":"<script> [1562 bytes]","args":[{"selector":{"id":"shellAppTitle"},"wdio_ui5_key":"shellAppTitle"}]}
COMMAND: POST /session/0b5e153e999db5b9def621a0e8cd33c7/execute/async - {"script":"<script> [6424 bytes]","args":[{"element-6066-11e4-a52e-4f735466cecf":"f.16FD335629E18F5298EA577BED138745.d.69A33DC5D169E9EB50E301F8026D2456.e.5013"},"getTitle",[]]}
RESULT: {"script":"<script> [6424 bytes]","args":[{"element-6066-11e4-a52e-4f735466cecf":"f.16FD335629E18F5298EA577BED138745.d.69A33DC5D169E9EB50E301F8026D2456.e.5013"},"getTitle",[]]}
RESULT: undefined
COMMAND: POST /session/0b5e153e999db5b9def621a0e8cd33c7/element/f.16FD335629E18F5298EA577BED138745.d.69A33DC5D169E9EB50E301F8026D2456.e.4845/click - {}
COMMAND: POST /session/0b5e153e999db5b9def621a0e8cd33c7/element - {"using":"xpath","value":"//*[@id=\"backBtn\"]"}
RESULT: {"using":"xpath","value":"//*[@id=\"backBtn\"]"}
COMMAND: POST /session/0b5e153e999db5b9def621a0e8cd33c7/element/f.16FD335629E18F5298EA577BED138745.d.69A33DC5D169E9EB50E301F8026D2456.e.4845/click - {}
COMMAND: POST /session/0b5e153e999db5b9def621a0e8cd33c7/element - {"using":"xpath","value":"//*[@id=\"backBtn\"]"}
RESULT: {"using":"xpath","value":"//*[@id=\"backBtn\"]"}
COMMAND: POST /session/0b5e153e999db5b9def621a0e8cd33c7/element/f.16FD335629E18F5298EA577BED138745.d.69A33DC5D169E9EB50E301F8026D2456.e.5014/click - {}
RESULT: {}
COMMAND: GET /session/0b5e153e999db5b9def621a0e8cd33c7/screenshot - {}
RESULT: {}
]]></system-out>
    </testcase>
    <testcase classname="chrome.135_0_7049_42.windows.Sanity_Tests_US104253" name="Should open Data Explorer page" time="30.229">
      <system-out><![CDATA[
COMMAND: POST /session/0b5e153e999db5b9def621a0e8cd33c7/execute/async - {"script":"<script> [1562 bytes]","args":[{"selector":{"controlType":"sap.m.GenericTile","properties":{"header":"Data Explorer"}},"wdio_ui5_key":"sapm.GenericTile{\"header\":\"Data Explorer\"}"}]}
RESULT: {"script":"<script> [1562 bytes]","args":[{"selector":{"controlType":"sap.m.GenericTile","properties":{"header":"Data Explorer"}},"wdio_ui5_key":"sapm.GenericTile{\"header\":\"Data Explorer\"}"}]}
RESULT: undefined
COMMAND: POST /session/0b5e153e999db5b9def621a0e8cd33c7/element - {"using":"xpath","value":"//*[@id=\"__tile117\"]"}
RESULT: {"using":"xpath","value":"//*[@id=\"__tile117\"]"}
COMMAND: POST /session/0b5e153e999db5b9def621a0e8cd33c7/element/f.16FD335629E18F5298EA577BED138745.d.69A33DC5D169E9EB50E301F8026D2456.e.5016/click - {}
RESULT: {}
COMMAND: GET /session/0b5e153e999db5b9def621a0e8cd33c7/screenshot - {}
RESULT: {}
RESULT: undefined
COMMAND: POST /session/0b5e153e999db5b9def621a0e8cd33c7/element - {"using":"xpath","value":"//*[@id=\"__tile117\"]"}
RESULT: {"using":"xpath","value":"//*[@id=\"__tile117\"]"}
COMMAND: POST /session/0b5e153e999db5b9def621a0e8cd33c7/element/f.16FD335629E18F5298EA577BED138745.d.69A33DC5D169E9EB50E301F8026D2456.e.5016/click - {}
RESULT: undefined
COMMAND: POST /session/0b5e153e999db5b9def621a0e8cd33c7/element - {"using":"xpath","value":"//*[@id=\"__tile117\"]"}
RESULT: {"using":"xpath","value":"//*[@id=\"__tile117\"]"}
COMMAND: POST /session/0b5e153e999db5b9def621a0e8cd33c7/element/f.16FD335629E18F5298EA577BED138745.d.69A33DC5D169E9EB50E301F8026D2456.e.5016/click - {}
RESULT: undefined
COMMAND: POST /session/0b5e153e999db5b9def621a0e8cd33c7/execute/async - {"script":"<script> [6424 bytes]","args":[{"element-6066-11e4-a52e-4f735466cecf":"f.16FD335629E18F5298EA577BED138745.d.69A33DC5D169E9EB50E301F8026D2456.e.282"},"getTitle",[]]}
COMMAND: POST /session/0b5e153e999db5b9def621a0e8cd33c7/execute/async - {"script":"<script> [1562 bytes]","args":[{"selector":{"id":"shellAppTitle"},"wdio_ui5_key":"shellAppTitle"}]}
RESULT: {"script":"<script> [1562 bytes]","args":[{"selector":{"id":"shellAppTitle"},"wdio_ui5_key":"shellAppTitle"}]}
COMMAND: POST /session/0b5e153e999db5b9def621a0e8cd33c7/execute/async - {"script":"<script> [6424 bytes]","args":[{"element-6066-11e4-a52e-4f735466cecf":"f.16FD335629E18F5298EA577BED138745.d.69A33DC5D169E9EB50E301F8026D2456.e.5344"},"getTitle",[]]}
RESULT: {"script":"<script> [6424 bytes]","args":[{"element-6066-11e4-a52e-4f735466cecf":"f.16FD335629E18F5298EA577BED138745.d.69A33DC5D169E9EB50E301F8026D2456.e.5344"},"getTitle",[]]}
RESULT: undefined
COMMAND: POST /session/0b5e153e999db5b9def621a0e8cd33c7/element/f.16FD335629E18F5298EA577BED138745.d.69A33DC5D169E9EB50E301F8026D2456.e.5014/click - {}
RESULT: {}
COMMAND: GET /session/0b5e153e999db5b9def621a0e8cd33c7/screenshot - {}
RESULT: {}
]]></system-out>
    </testcase>
    <testcase classname="chrome.135_0_7049_42.windows.Sanity_Tests_US104253" name="Should open Performance Monitor page" time="31.174">
      <system-out><![CDATA[
COMMAND: POST /session/0b5e153e999db5b9def621a0e8cd33c7/execute/async - {"script":"<script> [1562 bytes]","args":[{"selector":{"controlType":"sap.m.GenericTile","properties":{"header":"Performance Monitor"}},"wdio_ui5_key":"sapm.GenericTile{\"header\":\"Performance Monitor\"}"}]}
RESULT: {"script":"<script> [1562 bytes]","args":[{"selector":{"controlType":"sap.m.GenericTile","properties":{"header":"Performance Monitor"}},"wdio_ui5_key":"sapm.GenericTile{\"header\":\"Performance Monitor\"}"}]}
RESULT: undefined
COMMAND: POST /session/0b5e153e999db5b9def621a0e8cd33c7/element - {"using":"xpath","value":"//*[@id=\"__tile116\"]"}
RESULT: {"using":"xpath","value":"//*[@id=\"__tile116\"]"}
COMMAND: POST /session/0b5e153e999db5b9def621a0e8cd33c7/element/f.16FD335629E18F5298EA577BED138745.d.69A33DC5D169E9EB50E301F8026D2456.e.5346/click - {}
RESULT: {}
COMMAND: GET /session/0b5e153e999db5b9def621a0e8cd33c7/screenshot - {}
RESULT: {}
RESULT: undefined
COMMAND: POST /session/0b5e153e999db5b9def621a0e8cd33c7/element - {"using":"xpath","value":"//*[@id=\"__tile116\"]"}
RESULT: {"using":"xpath","value":"//*[@id=\"__tile116\"]"}
COMMAND: POST /session/0b5e153e999db5b9def621a0e8cd33c7/element/f.16FD335629E18F5298EA577BED138745.d.69A33DC5D169E9EB50E301F8026D2456.e.5346/click - {}
RESULT: undefined
COMMAND: POST /session/0b5e153e999db5b9def621a0e8cd33c7/element - {"using":"xpath","value":"//*[@id=\"__tile116\"]"}
RESULT: {"using":"xpath","value":"//*[@id=\"__tile116\"]"}
COMMAND: POST /session/0b5e153e999db5b9def621a0e8cd33c7/element/f.16FD335629E18F5298EA577BED138745.d.69A33DC5D169E9EB50E301F8026D2456.e.5346/click - {}
RESULT: undefined
COMMAND: POST /session/0b5e153e999db5b9def621a0e8cd33c7/execute/async - {"script":"<script> [6424 bytes]","args":[{"element-6066-11e4-a52e-4f735466cecf":"f.16FD335629E18F5298EA577BED138745.d.69A33DC5D169E9EB50E301F8026D2456.e.282"},"getTitle",[]]}
COMMAND: POST /session/0b5e153e999db5b9def621a0e8cd33c7/execute/async - {"script":"<script> [1562 bytes]","args":[{"selector":{"id":"shellAppTitle"},"wdio_ui5_key":"shellAppTitle"}]}
RESULT: {"script":"<script> [1562 bytes]","args":[{"selector":{"id":"shellAppTitle"},"wdio_ui5_key":"shellAppTitle"}]}
COMMAND: POST /session/0b5e153e999db5b9def621a0e8cd33c7/execute/async - {"script":"<script> [6424 bytes]","args":[{"element-6066-11e4-a52e-4f735466cecf":"f.16FD335629E18F5298EA577BED138745.d.69A33DC5D169E9EB50E301F8026D2456.e.5386"},"getTitle",[]]}
RESULT: {"script":"<script> [6424 bytes]","args":[{"element-6066-11e4-a52e-4f735466cecf":"f.16FD335629E18F5298EA577BED138745.d.69A33DC5D169E9EB50E301F8026D2456.e.5386"},"getTitle",[]]}
RESULT: undefined
COMMAND: POST /session/0b5e153e999db5b9def621a0e8cd33c7/element/f.16FD335629E18F5298EA577BED138745.d.69A33DC5D169E9EB50E301F8026D2456.e.5014/click - {}
COMMAND: POST /session/0b5e153e999db5b9def621a0e8cd33c7/element - {"using":"xpath","value":"//*[@id=\"backBtn\"]"}
RESULT: {"using":"xpath","value":"//*[@id=\"backBtn\"]"}
COMMAND: POST /session/0b5e153e999db5b9def621a0e8cd33c7/element/f.16FD335629E18F5298EA577BED138745.d.69A33DC5D169E9EB50E301F8026D2456.e.5014/click - {}
COMMAND: POST /session/0b5e153e999db5b9def621a0e8cd33c7/element - {"using":"xpath","value":"//*[@id=\"backBtn\"]"}
RESULT: {"using":"xpath","value":"//*[@id=\"backBtn\"]"}
COMMAND: POST /session/0b5e153e999db5b9def621a0e8cd33c7/element/f.16FD335629E18F5298EA577BED138745.d.69A33DC5D169E9EB50E301F8026D2456.e.5387/click - {}
RESULT: {}
COMMAND: GET /session/0b5e153e999db5b9def621a0e8cd33c7/screenshot - {}
RESULT: {}
]]></system-out>
    </testcase>
    <testcase classname="chrome.135_0_7049_42.windows.Sanity_Tests_US104253" name="Should open Organizational Model page" time="33.627">
      <system-out><![CDATA[
COMMAND: POST /session/0b5e153e999db5b9def621a0e8cd33c7/execute/async - {"script":"<script> [1562 bytes]","args":[{"selector":{"controlType":"sap.m.GenericTile","properties":{"header":"Organizational Model"}},"wdio_ui5_key":"sapm.GenericTile{\"header\":\"Organizational Model\"}"}]}
RESULT: {"script":"<script> [1562 bytes]","args":[{"selector":{"controlType":"sap.m.GenericTile","properties":{"header":"Organizational Model"}},"wdio_ui5_key":"sapm.GenericTile{\"header\":\"Organizational Model\"}"}]}
RESULT: undefined
COMMAND: POST /session/0b5e153e999db5b9def621a0e8cd33c7/element - {"using":"xpath","value":"//*[@id=\"__tile120\"]"}
RESULT: {"using":"xpath","value":"//*[@id=\"__tile120\"]"}
COMMAND: POST /session/0b5e153e999db5b9def621a0e8cd33c7/element/f.16FD335629E18F5298EA577BED138745.d.69A33DC5D169E9EB50E301F8026D2456.e.5390/click - {}
RESULT: {}
COMMAND: GET /session/0b5e153e999db5b9def621a0e8cd33c7/screenshot - {}
RESULT: {}
RESULT: undefined
COMMAND: POST /session/0b5e153e999db5b9def621a0e8cd33c7/element - {"using":"xpath","value":"//*[@id=\"__tile120\"]"}
RESULT: {"using":"xpath","value":"//*[@id=\"__tile120\"]"}
COMMAND: POST /session/0b5e153e999db5b9def621a0e8cd33c7/element/f.16FD335629E18F5298EA577BED138745.d.69A33DC5D169E9EB50E301F8026D2456.e.5390/click - {}
RESULT: undefined
COMMAND: POST /session/0b5e153e999db5b9def621a0e8cd33c7/element - {"using":"xpath","value":"//*[@id=\"__tile120\"]"}
RESULT: {"using":"xpath","value":"//*[@id=\"__tile120\"]"}
COMMAND: POST /session/0b5e153e999db5b9def621a0e8cd33c7/element/f.16FD335629E18F5298EA577BED138745.d.69A33DC5D169E9EB50E301F8026D2456.e.5390/click - {}
RESULT: undefined
COMMAND: POST /session/0b5e153e999db5b9def621a0e8cd33c7/execute/async - {"script":"<script> [6424 bytes]","args":[{"element-6066-11e4-a52e-4f735466cecf":"f.16FD335629E18F5298EA577BED138745.d.69A33DC5D169E9EB50E301F8026D2456.e.282"},"getTitle",[]]}
COMMAND: POST /session/0b5e153e999db5b9def621a0e8cd33c7/execute/async - {"script":"<script> [1562 bytes]","args":[{"selector":{"id":"shellAppTitle"},"wdio_ui5_key":"shellAppTitle"}]}
RESULT: {"script":"<script> [1562 bytes]","args":[{"selector":{"id":"shellAppTitle"},"wdio_ui5_key":"shellAppTitle"}]}
COMMAND: POST /session/0b5e153e999db5b9def621a0e8cd33c7/execute/async - {"script":"<script> [6424 bytes]","args":[{"element-6066-11e4-a52e-4f735466cecf":"f.16FD335629E18F5298EA577BED138745.d.69A33DC5D169E9EB50E301F8026D2456.e.5408"},"getTitle",[]]}
RESULT: {"script":"<script> [6424 bytes]","args":[{"element-6066-11e4-a52e-4f735466cecf":"f.16FD335629E18F5298EA577BED138745.d.69A33DC5D169E9EB50E301F8026D2456.e.5408"},"getTitle",[]]}
RESULT: undefined
COMMAND: POST /session/0b5e153e999db5b9def621a0e8cd33c7/element/f.16FD335629E18F5298EA577BED138745.d.69A33DC5D169E9EB50E301F8026D2456.e.5387/click - {}
RESULT: {}
COMMAND: GET /session/0b5e153e999db5b9def621a0e8cd33c7/screenshot - {}
RESULT: {}
]]></system-out>
    </testcase>
    <testcase classname="chrome.135_0_7049_42.windows.Sanity_Tests_US104253" name="Should open Manage Roles page" time="38.034">
      <system-out><![CDATA[
COMMAND: POST /session/0b5e153e999db5b9def621a0e8cd33c7/execute/async - {"script":"<script> [1562 bytes]","args":[{"selector":{"controlType":"sap.m.GenericTile","properties":{"header":"Manage Roles"}},"wdio_ui5_key":"sapm.GenericTile{\"header\":\"Manage Roles\"}"}]}
RESULT: {"script":"<script> [1562 bytes]","args":[{"selector":{"controlType":"sap.m.GenericTile","properties":{"header":"Manage Roles"}},"wdio_ui5_key":"sapm.GenericTile{\"header\":\"Manage Roles\"}"}]}
RESULT: undefined
COMMAND: POST /session/0b5e153e999db5b9def621a0e8cd33c7/element - {"using":"xpath","value":"//*[@id=\"__tile119\"]"}
RESULT: {"using":"xpath","value":"//*[@id=\"__tile119\"]"}
COMMAND: POST /session/0b5e153e999db5b9def621a0e8cd33c7/element/f.16FD335629E18F5298EA577BED138745.d.69A33DC5D169E9EB50E301F8026D2456.e.5412/click - {}
RESULT: {}
COMMAND: GET /session/0b5e153e999db5b9def621a0e8cd33c7/screenshot - {}
RESULT: {}
RESULT: undefined
COMMAND: POST /session/0b5e153e999db5b9def621a0e8cd33c7/element - {"using":"xpath","value":"//*[@id=\"__tile119\"]"}
RESULT: {"using":"xpath","value":"//*[@id=\"__tile119\"]"}
COMMAND: POST /session/0b5e153e999db5b9def621a0e8cd33c7/element/f.16FD335629E18F5298EA577BED138745.d.69A33DC5D169E9EB50E301F8026D2456.e.5412/click - {}
RESULT: undefined
COMMAND: POST /session/0b5e153e999db5b9def621a0e8cd33c7/element - {"using":"xpath","value":"//*[@id=\"__tile119\"]"}
RESULT: {"using":"xpath","value":"//*[@id=\"__tile119\"]"}
COMMAND: POST /session/0b5e153e999db5b9def621a0e8cd33c7/element/f.16FD335629E18F5298EA577BED138745.d.69A33DC5D169E9EB50E301F8026D2456.e.5412/click - {}
RESULT: undefined
COMMAND: POST /session/0b5e153e999db5b9def621a0e8cd33c7/execute/async - {"script":"<script> [6424 bytes]","args":[{"element-6066-11e4-a52e-4f735466cecf":"f.16FD335629E18F5298EA577BED138745.d.69A33DC5D169E9EB50E301F8026D2456.e.282"},"getTitle",[]]}
COMMAND: POST /session/0b5e153e999db5b9def621a0e8cd33c7/execute/async - {"script":"<script> [1562 bytes]","args":[{"selector":{"id":"shellAppTitle"},"wdio_ui5_key":"shellAppTitle"}]}
RESULT: {"script":"<script> [1562 bytes]","args":[{"selector":{"id":"shellAppTitle"},"wdio_ui5_key":"shellAppTitle"}]}
COMMAND: POST /session/0b5e153e999db5b9def621a0e8cd33c7/execute/async - {"script":"<script> [6424 bytes]","args":[{"element-6066-11e4-a52e-4f735466cecf":"f.16FD335629E18F5298EA577BED138745.d.69A33DC5D169E9EB50E301F8026D2456.e.5457"},"getTitle",[]]}
RESULT: {"script":"<script> [6424 bytes]","args":[{"element-6066-11e4-a52e-4f735466cecf":"f.16FD335629E18F5298EA577BED138745.d.69A33DC5D169E9EB50E301F8026D2456.e.5457"},"getTitle",[]]}
RESULT: undefined
COMMAND: POST /session/0b5e153e999db5b9def621a0e8cd33c7/element/f.16FD335629E18F5298EA577BED138745.d.69A33DC5D169E9EB50E301F8026D2456.e.5387/click - {}
COMMAND: POST /session/0b5e153e999db5b9def621a0e8cd33c7/element - {"using":"xpath","value":"//*[@id=\"backBtn\"]"}
RESULT: {"using":"xpath","value":"//*[@id=\"backBtn\"]"}
COMMAND: POST /session/0b5e153e999db5b9def621a0e8cd33c7/element/f.16FD335629E18F5298EA577BED138745.d.69A33DC5D169E9EB50E301F8026D2456.e.5387/click - {}
COMMAND: POST /session/0b5e153e999db5b9def621a0e8cd33c7/element - {"using":"xpath","value":"//*[@id=\"backBtn\"]"}
RESULT: {"using":"xpath","value":"//*[@id=\"backBtn\"]"}
COMMAND: POST /session/0b5e153e999db5b9def621a0e8cd33c7/element/f.16FD335629E18F5298EA577BED138745.d.69A33DC5D169E9EB50E301F8026D2456.e.5458/click - {}
RESULT: {}
COMMAND: GET /session/0b5e153e999db5b9def621a0e8cd33c7/screenshot - {}
RESULT: {}
]]></system-out>
    </testcase>
    <testcase classname="chrome.135_0_7049_42.windows.Sanity_Tests_US104253" name="Should open Authorization Tables page" time="31.785">
      <system-out><![CDATA[
COMMAND: POST /session/0b5e153e999db5b9def621a0e8cd33c7/execute/async - {"script":"<script> [1562 bytes]","args":[{"selector":{"controlType":"sap.m.GenericTile","properties":{"header":"Authorization Tables"}},"wdio_ui5_key":"sapm.GenericTile{\"header\":\"Authorization Tables\"}"}]}
RESULT: {"script":"<script> [1562 bytes]","args":[{"selector":{"controlType":"sap.m.GenericTile","properties":{"header":"Authorization Tables"}},"wdio_ui5_key":"sapm.GenericTile{\"header\":\"Authorization Tables\"}"}]}
RESULT: undefined
COMMAND: POST /session/0b5e153e999db5b9def621a0e8cd33c7/element - {"using":"xpath","value":"//*[@id=\"__tile118\"]"}
RESULT: {"using":"xpath","value":"//*[@id=\"__tile118\"]"}
COMMAND: POST /session/0b5e153e999db5b9def621a0e8cd33c7/element/f.16FD335629E18F5298EA577BED138745.d.69A33DC5D169E9EB50E301F8026D2456.e.5460/click - {}
RESULT: {}
COMMAND: GET /session/0b5e153e999db5b9def621a0e8cd33c7/screenshot - {}
RESULT: {}
RESULT: undefined
COMMAND: POST /session/0b5e153e999db5b9def621a0e8cd33c7/element - {"using":"xpath","value":"//*[@id=\"__tile118\"]"}
RESULT: {"using":"xpath","value":"//*[@id=\"__tile118\"]"}
COMMAND: POST /session/0b5e153e999db5b9def621a0e8cd33c7/element/f.16FD335629E18F5298EA577BED138745.d.69A33DC5D169E9EB50E301F8026D2456.e.5460/click - {}
RESULT: undefined
COMMAND: POST /session/0b5e153e999db5b9def621a0e8cd33c7/element - {"using":"xpath","value":"//*[@id=\"__tile118\"]"}
RESULT: {"using":"xpath","value":"//*[@id=\"__tile118\"]"}
COMMAND: POST /session/0b5e153e999db5b9def621a0e8cd33c7/element/f.16FD335629E18F5298EA577BED138745.d.69A33DC5D169E9EB50E301F8026D2456.e.5460/click - {}
RESULT: undefined
COMMAND: POST /session/0b5e153e999db5b9def621a0e8cd33c7/execute/async - {"script":"<script> [6424 bytes]","args":[{"element-6066-11e4-a52e-4f735466cecf":"f.16FD335629E18F5298EA577BED138745.d.69A33DC5D169E9EB50E301F8026D2456.e.282"},"getTitle",[]]}
COMMAND: POST /session/0b5e153e999db5b9def621a0e8cd33c7/execute/async - {"script":"<script> [1562 bytes]","args":[{"selector":{"id":"shellAppTitle"},"wdio_ui5_key":"shellAppTitle"}]}
RESULT: {"script":"<script> [1562 bytes]","args":[{"selector":{"id":"shellAppTitle"},"wdio_ui5_key":"shellAppTitle"}]}
COMMAND: POST /session/0b5e153e999db5b9def621a0e8cd33c7/execute/async - {"script":"<script> [6424 bytes]","args":[{"element-6066-11e4-a52e-4f735466cecf":"f.16FD335629E18F5298EA577BED138745.d.69A33DC5D169E9EB50E301F8026D2456.e.5525"},"getTitle",[]]}
RESULT: {"script":"<script> [6424 bytes]","args":[{"element-6066-11e4-a52e-4f735466cecf":"f.16FD335629E18F5298EA577BED138745.d.69A33DC5D169E9EB50E301F8026D2456.e.5525"},"getTitle",[]]}
RESULT: undefined
COMMAND: POST /session/0b5e153e999db5b9def621a0e8cd33c7/element/f.16FD335629E18F5298EA577BED138745.d.69A33DC5D169E9EB50E301F8026D2456.e.5458/click - {}
RESULT: {}
COMMAND: GET /session/0b5e153e999db5b9def621a0e8cd33c7/screenshot - {}
RESULT: {}
]]></system-out>
    </testcase>
    <testcase classname="chrome.135_0_7049_42.windows.Sanity_Tests_US104253" name="Should open User Maintenance page" time="30.276">
      <system-out><![CDATA[
COMMAND: POST /session/0b5e153e999db5b9def621a0e8cd33c7/execute/async - {"script":"<script> [1562 bytes]","args":[{"selector":{"controlType":"sap.m.GenericTile","properties":{"header":"User Maintenance"}},"wdio_ui5_key":"sapm.GenericTile{\"header\":\"User Maintenance\"}"}]}
RESULT: {"script":"<script> [1562 bytes]","args":[{"selector":{"controlType":"sap.m.GenericTile","properties":{"header":"User Maintenance"}},"wdio_ui5_key":"sapm.GenericTile{\"header\":\"User Maintenance\"}"}]}
RESULT: undefined
COMMAND: POST /session/0b5e153e999db5b9def621a0e8cd33c7/element - {"using":"xpath","value":"//*[@id=\"__tile121\"]"}
RESULT: {"using":"xpath","value":"//*[@id=\"__tile121\"]"}
COMMAND: POST /session/0b5e153e999db5b9def621a0e8cd33c7/element/f.16FD335629E18F5298EA577BED138745.d.69A33DC5D169E9EB50E301F8026D2456.e.5527/click - {}
RESULT: {}
COMMAND: GET /session/0b5e153e999db5b9def621a0e8cd33c7/screenshot - {}
RESULT: {}
RESULT: undefined
COMMAND: POST /session/0b5e153e999db5b9def621a0e8cd33c7/element - {"using":"xpath","value":"//*[@id=\"__tile121\"]"}
RESULT: {"using":"xpath","value":"//*[@id=\"__tile121\"]"}
COMMAND: POST /session/0b5e153e999db5b9def621a0e8cd33c7/element/f.16FD335629E18F5298EA577BED138745.d.69A33DC5D169E9EB50E301F8026D2456.e.5527/click - {}
RESULT: undefined
COMMAND: POST /session/0b5e153e999db5b9def621a0e8cd33c7/element - {"using":"xpath","value":"//*[@id=\"__tile121\"]"}
RESULT: {"using":"xpath","value":"//*[@id=\"__tile121\"]"}
COMMAND: POST /session/0b5e153e999db5b9def621a0e8cd33c7/element/f.16FD335629E18F5298EA577BED138745.d.69A33DC5D169E9EB50E301F8026D2456.e.5527/click - {}
RESULT: undefined
COMMAND: POST /session/0b5e153e999db5b9def621a0e8cd33c7/execute/async - {"script":"<script> [6424 bytes]","args":[{"element-6066-11e4-a52e-4f735466cecf":"f.16FD335629E18F5298EA577BED138745.d.69A33DC5D169E9EB50E301F8026D2456.e.282"},"getTitle",[]]}
COMMAND: POST /session/0b5e153e999db5b9def621a0e8cd33c7/execute/async - {"script":"<script> [1562 bytes]","args":[{"selector":{"id":"shellAppTitle"},"wdio_ui5_key":"shellAppTitle"}]}
RESULT: {"script":"<script> [1562 bytes]","args":[{"selector":{"id":"shellAppTitle"},"wdio_ui5_key":"shellAppTitle"}]}
COMMAND: POST /session/0b5e153e999db5b9def621a0e8cd33c7/execute/async - {"script":"<script> [6424 bytes]","args":[{"element-6066-11e4-a52e-4f735466cecf":"f.16FD335629E18F5298EA577BED138745.d.69A33DC5D169E9EB50E301F8026D2456.e.5619"},"getTitle",[]]}
RESULT: {"script":"<script> [6424 bytes]","args":[{"element-6066-11e4-a52e-4f735466cecf":"f.16FD335629E18F5298EA577BED138745.d.69A33DC5D169E9EB50E301F8026D2456.e.5619"},"getTitle",[]]}
RESULT: undefined
COMMAND: POST /session/0b5e153e999db5b9def621a0e8cd33c7/element/f.16FD335629E18F5298EA577BED138745.d.69A33DC5D169E9EB50E301F8026D2456.e.5458/click - {}
COMMAND: POST /session/0b5e153e999db5b9def621a0e8cd33c7/element - {"using":"xpath","value":"//*[@id=\"backBtn\"]"}
RESULT: {"using":"xpath","value":"//*[@id=\"backBtn\"]"}
COMMAND: POST /session/0b5e153e999db5b9def621a0e8cd33c7/element/f.16FD335629E18F5298EA577BED138745.d.69A33DC5D169E9EB50E301F8026D2456.e.5458/click - {}
COMMAND: POST /session/0b5e153e999db5b9def621a0e8cd33c7/element - {"using":"xpath","value":"//*[@id=\"backBtn\"]"}
RESULT: {"using":"xpath","value":"//*[@id=\"backBtn\"]"}
COMMAND: POST /session/0b5e153e999db5b9def621a0e8cd33c7/element/f.16FD335629E18F5298EA577BED138745.d.69A33DC5D169E9EB50E301F8026D2456.e.5620/click - {}
RESULT: {}
COMMAND: GET /session/0b5e153e999db5b9def621a0e8cd33c7/screenshot - {}
RESULT: {}
]]></system-out>
    </testcase>
    <testcase classname="chrome.135_0_7049_42.windows.Sanity_Tests_US104253" name="Should open Schedule Jobs page" time="25.746">
      <system-out><![CDATA[
COMMAND: POST /session/0b5e153e999db5b9def621a0e8cd33c7/execute/async - {"script":"<script> [1562 bytes]","args":[{"selector":{"controlType":"sap.m.GenericTile","properties":{"header":"Schedule Jobs"}},"wdio_ui5_key":"sapm.GenericTile{\"header\":\"Schedule Jobs\"}"}]}
RESULT: {"script":"<script> [1562 bytes]","args":[{"selector":{"controlType":"sap.m.GenericTile","properties":{"header":"Schedule Jobs"}},"wdio_ui5_key":"sapm.GenericTile{\"header\":\"Schedule Jobs\"}"}]}
RESULT: undefined
COMMAND: POST /session/0b5e153e999db5b9def621a0e8cd33c7/element - {"using":"xpath","value":"//*[@id=\"__tile127\"]"}
RESULT: {"using":"xpath","value":"//*[@id=\"__tile127\"]"}
COMMAND: POST /session/0b5e153e999db5b9def621a0e8cd33c7/element/f.16FD335629E18F5298EA577BED138745.d.69A33DC5D169E9EB50E301F8026D2456.e.5623/click - {}
RESULT: {}
COMMAND: GET /session/0b5e153e999db5b9def621a0e8cd33c7/screenshot - {}
RESULT: {}
RESULT: undefined
COMMAND: POST /session/0b5e153e999db5b9def621a0e8cd33c7/element - {"using":"xpath","value":"//*[@id=\"__tile127\"]"}
RESULT: {"using":"xpath","value":"//*[@id=\"__tile127\"]"}
COMMAND: POST /session/0b5e153e999db5b9def621a0e8cd33c7/element/f.16FD335629E18F5298EA577BED138745.d.69A33DC5D169E9EB50E301F8026D2456.e.5623/click - {}
RESULT: undefined
COMMAND: POST /session/0b5e153e999db5b9def621a0e8cd33c7/element - {"using":"xpath","value":"//*[@id=\"__tile127\"]"}
RESULT: {"using":"xpath","value":"//*[@id=\"__tile127\"]"}
COMMAND: POST /session/0b5e153e999db5b9def621a0e8cd33c7/element/f.16FD335629E18F5298EA577BED138745.d.69A33DC5D169E9EB50E301F8026D2456.e.5623/click - {}
RESULT: undefined
COMMAND: POST /session/0b5e153e999db5b9def621a0e8cd33c7/execute/async - {"script":"<script> [6424 bytes]","args":[{"element-6066-11e4-a52e-4f735466cecf":"f.16FD335629E18F5298EA577BED138745.d.69A33DC5D169E9EB50E301F8026D2456.e.282"},"getTitle",[]]}
COMMAND: POST /session/0b5e153e999db5b9def621a0e8cd33c7/execute/async - {"script":"<script> [1562 bytes]","args":[{"selector":{"id":"shellAppTitle"},"wdio_ui5_key":"shellAppTitle"}]}
RESULT: {"script":"<script> [1562 bytes]","args":[{"selector":{"id":"shellAppTitle"},"wdio_ui5_key":"shellAppTitle"}]}
COMMAND: POST /session/0b5e153e999db5b9def621a0e8cd33c7/execute/async - {"script":"<script> [6424 bytes]","args":[{"element-6066-11e4-a52e-4f735466cecf":"f.16FD335629E18F5298EA577BED138745.d.69A33DC5D169E9EB50E301F8026D2456.e.5667"},"getTitle",[]]}
RESULT: {"script":"<script> [6424 bytes]","args":[{"element-6066-11e4-a52e-4f735466cecf":"f.16FD335629E18F5298EA577BED138745.d.69A33DC5D169E9EB50E301F8026D2456.e.5667"},"getTitle",[]]}
RESULT: undefined
COMMAND: POST /session/0b5e153e999db5b9def621a0e8cd33c7/element/f.16FD335629E18F5298EA577BED138745.d.69A33DC5D169E9EB50E301F8026D2456.e.5620/click - {}
COMMAND: POST /session/0b5e153e999db5b9def621a0e8cd33c7/element/f.16FD335629E18F5298EA577BED138745.d.69A33DC5D169E9EB50E301F8026D2456.e.5620/click - {}
RESULT: {}
COMMAND: GET /session/0b5e153e999db5b9def621a0e8cd33c7/screenshot - {}
COMMAND: POST /session/0b5e153e999db5b9def621a0e8cd33c7/element - {"using":"xpath","value":"//*[@id=\"backBtn\"]"}
RESULT: {}
RESULT: {"using":"xpath","value":"//*[@id=\"backBtn\"]"}
COMMAND: POST /session/0b5e153e999db5b9def621a0e8cd33c7/elements - {"using":"xpath","value":"//*[@id=\"backBtn\"]"}
RESULT: {"using":"xpath","value":"//*[@id=\"backBtn\"]"}
COMMAND: POST /session/0b5e153e999db5b9def621a0e8cd33c7/elements - {"using":"xpath","value":"//*[@id=\"backBtn\"]"}
RESULT: {"using":"xpath","value":"//*[@id=\"backBtn\"]"}
COMMAND: POST /session/0b5e153e999db5b9def621a0e8cd33c7/elements - {"using":"xpath","value":"//*[@id=\"backBtn\"]"}
RESULT: {"using":"xpath","value":"//*[@id=\"backBtn\"]"}
COMMAND: POST /session/0b5e153e999db5b9def621a0e8cd33c7/elements - {"using":"xpath","value":"//*[@id=\"backBtn\"]"}
RESULT: {"using":"xpath","value":"//*[@id=\"backBtn\"]"}
COMMAND: POST /session/0b5e153e999db5b9def621a0e8cd33c7/elements - {"using":"xpath","value":"//*[@id=\"backBtn\"]"}
RESULT: {"using":"xpath","value":"//*[@id=\"backBtn\"]"}
COMMAND: POST /session/0b5e153e999db5b9def621a0e8cd33c7/elements - {"using":"xpath","value":"//*[@id=\"backBtn\"]"}
RESULT: {"using":"xpath","value":"//*[@id=\"backBtn\"]"}
COMMAND: POST /session/0b5e153e999db5b9def621a0e8cd33c7/elements - {"using":"xpath","value":"//*[@id=\"backBtn\"]"}
RESULT: {"using":"xpath","value":"//*[@id=\"backBtn\"]"}
COMMAND: POST /session/0b5e153e999db5b9def621a0e8cd33c7/elements - {"using":"xpath","value":"//*[@id=\"backBtn\"]"}
RESULT: {"using":"xpath","value":"//*[@id=\"backBtn\"]"}
COMMAND: POST /session/0b5e153e999db5b9def621a0e8cd33c7/elements - {"using":"xpath","value":"//*[@id=\"backBtn\"]"}
RESULT: {"using":"xpath","value":"//*[@id=\"backBtn\"]"}
COMMAND: POST /session/0b5e153e999db5b9def621a0e8cd33c7/elements - {"using":"xpath","value":"//*[@id=\"backBtn\"]"}
RESULT: {"using":"xpath","value":"//*[@id=\"backBtn\"]"}
COMMAND: POST /session/0b5e153e999db5b9def621a0e8cd33c7/elements - {"using":"xpath","value":"//*[@id=\"backBtn\"]"}
RESULT: {"using":"xpath","value":"//*[@id=\"backBtn\"]"}
COMMAND: POST /session/0b5e153e999db5b9def621a0e8cd33c7/elements - {"using":"xpath","value":"//*[@id=\"backBtn\"]"}
RESULT: {"using":"xpath","value":"//*[@id=\"backBtn\"]"}
COMMAND: POST /session/0b5e153e999db5b9def621a0e8cd33c7/elements - {"using":"xpath","value":"//*[@id=\"backBtn\"]"}
RESULT: {"using":"xpath","value":"//*[@id=\"backBtn\"]"}
COMMAND: POST /session/0b5e153e999db5b9def621a0e8cd33c7/elements - {"using":"xpath","value":"//*[@id=\"backBtn\"]"}
RESULT: {"using":"xpath","value":"//*[@id=\"backBtn\"]"}
COMMAND: POST /session/0b5e153e999db5b9def621a0e8cd33c7/elements - {"using":"xpath","value":"//*[@id=\"backBtn\"]"}
RESULT: {"using":"xpath","value":"//*[@id=\"backBtn\"]"}
COMMAND: POST /session/0b5e153e999db5b9def621a0e8cd33c7/elements - {"using":"xpath","value":"//*[@id=\"backBtn\"]"}
RESULT: {"using":"xpath","value":"//*[@id=\"backBtn\"]"}
COMMAND: POST /session/0b5e153e999db5b9def621a0e8cd33c7/elements - {"using":"xpath","value":"//*[@id=\"backBtn\"]"}
RESULT: {"using":"xpath","value":"//*[@id=\"backBtn\"]"}
COMMAND: POST /session/0b5e153e999db5b9def621a0e8cd33c7/elements - {"using":"xpath","value":"//*[@id=\"backBtn\"]"}
RESULT: {"using":"xpath","value":"//*[@id=\"backBtn\"]"}
]]></system-out>
    </testcase>
    <testcase classname="chrome.135_0_7049_42.windows.Sanity_Tests_US104253" name="Should open Jobs Setup page" time="25.877">
      <system-out><![CDATA[
COMMAND: POST /session/0b5e153e999db5b9def621a0e8cd33c7/execute/async - {"script":"<script> [1562 bytes]","args":[{"selector":{"controlType":"sap.m.GenericTile","properties":{"header":"Jobs Setup"}},"wdio_ui5_key":"sapm.GenericTile{\"header\":\"Jobs Setup\"}"}]}
COMMAND: POST /session/0b5e153e999db5b9def621a0e8cd33c7/elements - {"using":"xpath","value":"//*[@id=\"backBtn\"]"}
RESULT: {"script":"<script> [1562 bytes]","args":[{"selector":{"controlType":"sap.m.GenericTile","properties":{"header":"Jobs Setup"}},"wdio_ui5_key":"sapm.GenericTile{\"header\":\"Jobs Setup\"}"}]}
RESULT: undefined
COMMAND: POST /session/0b5e153e999db5b9def621a0e8cd33c7/element - {"using":"xpath","value":"//*[@id=\"__tile128\"]"}
RESULT: {"using":"xpath","value":"//*[@id=\"backBtn\"]"}
RESULT: {"using":"xpath","value":"//*[@id=\"__tile128\"]"}
COMMAND: POST /session/0b5e153e999db5b9def621a0e8cd33c7/element/f.16FD335629E18F5298EA577BED138745.d.69A33DC5D169E9EB50E301F8026D2456.e.5669/click - {}
COMMAND: POST /session/0b5e153e999db5b9def621a0e8cd33c7/elements - {"using":"xpath","value":"//*[@id=\"backBtn\"]"}
RESULT: {}
COMMAND: GET /session/0b5e153e999db5b9def621a0e8cd33c7/screenshot - {}
RESULT: {"using":"xpath","value":"//*[@id=\"backBtn\"]"}
COMMAND: POST /session/0b5e153e999db5b9def621a0e8cd33c7/elements - {"using":"xpath","value":"//*[@id=\"backBtn\"]"}
RESULT: {}
RESULT: {"using":"xpath","value":"//*[@id=\"backBtn\"]"}
COMMAND: POST /session/0b5e153e999db5b9def621a0e8cd33c7/element - {"using":"xpath","value":"//*[@id=\"backBtn\"]"}
RESULT: {"using":"xpath","value":"//*[@id=\"backBtn\"]"}
COMMAND: POST /session/0b5e153e999db5b9def621a0e8cd33c7/element/f.16FD335629E18F5298EA577BED138745.d.69A33DC5D169E9EB50E301F8026D2456.e.5620/click - {}
COMMAND: POST /session/0b5e153e999db5b9def621a0e8cd33c7/element - {"using":"xpath","value":"//*[@id=\"backBtn\"]"}
RESULT: {"using":"xpath","value":"//*[@id=\"backBtn\"]"}
COMMAND: POST /session/0b5e153e999db5b9def621a0e8cd33c7/element/f.16FD335629E18F5298EA577BED138745.d.69A33DC5D169E9EB50E301F8026D2456.e.5753/click - {}
RESULT: {}
COMMAND: GET /session/0b5e153e999db5b9def621a0e8cd33c7/screenshot - {}
RESULT: {}
RESULT: undefined
COMMAND: POST /session/0b5e153e999db5b9def621a0e8cd33c7/element - {"using":"xpath","value":"//*[@id=\"__tile128\"]"}
RESULT: {"using":"xpath","value":"//*[@id=\"__tile128\"]"}
COMMAND: POST /session/0b5e153e999db5b9def621a0e8cd33c7/element/f.16FD335629E18F5298EA577BED138745.d.69A33DC5D169E9EB50E301F8026D2456.e.5669/click - {}
RESULT: undefined
COMMAND: POST /session/0b5e153e999db5b9def621a0e8cd33c7/element - {"using":"xpath","value":"//*[@id=\"__tile128\"]"}
RESULT: {"using":"xpath","value":"//*[@id=\"__tile128\"]"}
COMMAND: POST /session/0b5e153e999db5b9def621a0e8cd33c7/element/f.16FD335629E18F5298EA577BED138745.d.69A33DC5D169E9EB50E301F8026D2456.e.5669/click - {}
RESULT: undefined
COMMAND: POST /session/0b5e153e999db5b9def621a0e8cd33c7/execute/async - {"script":"<script> [6424 bytes]","args":[{"element-6066-11e4-a52e-4f735466cecf":"f.16FD335629E18F5298EA577BED138745.d.69A33DC5D169E9EB50E301F8026D2456.e.282"},"getTitle",[]]}
COMMAND: POST /session/0b5e153e999db5b9def621a0e8cd33c7/execute/async - {"script":"<script> [1562 bytes]","args":[{"selector":{"id":"shellAppTitle"},"wdio_ui5_key":"shellAppTitle"}]}
RESULT: {"script":"<script> [1562 bytes]","args":[{"selector":{"id":"shellAppTitle"},"wdio_ui5_key":"shellAppTitle"}]}
COMMAND: POST /session/0b5e153e999db5b9def621a0e8cd33c7/execute/async - {"script":"<script> [6424 bytes]","args":[{"element-6066-11e4-a52e-4f735466cecf":"f.16FD335629E18F5298EA577BED138745.d.69A33DC5D169E9EB50E301F8026D2456.e.5754"},"getTitle",[]]}
RESULT: {"script":"<script> [6424 bytes]","args":[{"element-6066-11e4-a52e-4f735466cecf":"f.16FD335629E18F5298EA577BED138745.d.69A33DC5D169E9EB50E301F8026D2456.e.5754"},"getTitle",[]]}
RESULT: undefined
COMMAND: POST /session/0b5e153e999db5b9def621a0e8cd33c7/element/f.16FD335629E18F5298EA577BED138745.d.69A33DC5D169E9EB50E301F8026D2456.e.5753/click - {}
COMMAND: POST /session/0b5e153e999db5b9def621a0e8cd33c7/element/f.16FD335629E18F5298EA577BED138745.d.69A33DC5D169E9EB50E301F8026D2456.e.5753/click - {}
RESULT: {}
COMMAND: GET /session/0b5e153e999db5b9def621a0e8cd33c7/screenshot - {}
RESULT: {}
COMMAND: GET /session/0b5e153e999db5b9def621a0e8cd33c7/screenshot - {}
RESULT: {}
RESULT: {}
]]></system-out>
    </testcase>
    <testcase classname="chrome.135_0_7049_42.windows.Sanity_Tests_US104253" name="Should open Target Systems Configuration page" time="26.353">
      <system-out><![CDATA[
COMMAND: POST /session/0b5e153e999db5b9def621a0e8cd33c7/execute/async - {"script":"<script> [1562 bytes]","args":[{"selector":{"controlType":"sap.m.GenericTile","properties":{"header":"Target Systems Configuration"}},"wdio_ui5_key":"sapm.GenericTile{\"header\":\"Target Systems Configuration\"}"}]}
RESULT: {"script":"<script> [1562 bytes]","args":[{"selector":{"controlType":"sap.m.GenericTile","properties":{"header":"Target Systems Configuration"}},"wdio_ui5_key":"sapm.GenericTile{\"header\":\"Target Systems Configuration\"}"}]}
RESULT: undefined
COMMAND: POST /session/0b5e153e999db5b9def621a0e8cd33c7/element - {"using":"xpath","value":"//*[@id=\"__tile129\"]"}
RESULT: {"using":"xpath","value":"//*[@id=\"__tile129\"]"}
COMMAND: POST /session/0b5e153e999db5b9def621a0e8cd33c7/element/f.16FD335629E18F5298EA577BED138745.d.69A33DC5D169E9EB50E301F8026D2456.e.5758/click - {}
RESULT: {}
COMMAND: GET /session/0b5e153e999db5b9def621a0e8cd33c7/screenshot - {}
RESULT: {}
RESULT: undefined
COMMAND: POST /session/0b5e153e999db5b9def621a0e8cd33c7/element - {"using":"xpath","value":"//*[@id=\"__tile129\"]"}
RESULT: {"using":"xpath","value":"//*[@id=\"__tile129\"]"}
COMMAND: POST /session/0b5e153e999db5b9def621a0e8cd33c7/element/f.16FD335629E18F5298EA577BED138745.d.69A33DC5D169E9EB50E301F8026D2456.e.5758/click - {}
RESULT: undefined
COMMAND: POST /session/0b5e153e999db5b9def621a0e8cd33c7/element - {"using":"xpath","value":"//*[@id=\"__tile129\"]"}
RESULT: {"using":"xpath","value":"//*[@id=\"__tile129\"]"}
COMMAND: POST /session/0b5e153e999db5b9def621a0e8cd33c7/element/f.16FD335629E18F5298EA577BED138745.d.69A33DC5D169E9EB50E301F8026D2456.e.5758/click - {}
RESULT: undefined
COMMAND: POST /session/0b5e153e999db5b9def621a0e8cd33c7/execute/async - {"script":"<script> [6424 bytes]","args":[{"element-6066-11e4-a52e-4f735466cecf":"f.16FD335629E18F5298EA577BED138745.d.69A33DC5D169E9EB50E301F8026D2456.e.282"},"getTitle",[]]}
COMMAND: POST /session/0b5e153e999db5b9def621a0e8cd33c7/execute/async - {"script":"<script> [1562 bytes]","args":[{"selector":{"id":"shellAppTitle"},"wdio_ui5_key":"shellAppTitle"}]}
RESULT: {"script":"<script> [1562 bytes]","args":[{"selector":{"id":"shellAppTitle"},"wdio_ui5_key":"shellAppTitle"}]}
COMMAND: POST /session/0b5e153e999db5b9def621a0e8cd33c7/execute/async - {"script":"<script> [6424 bytes]","args":[{"element-6066-11e4-a52e-4f735466cecf":"f.16FD335629E18F5298EA577BED138745.d.69A33DC5D169E9EB50E301F8026D2456.e.5810"},"getTitle",[]]}
RESULT: {"script":"<script> [6424 bytes]","args":[{"element-6066-11e4-a52e-4f735466cecf":"f.16FD335629E18F5298EA577BED138745.d.69A33DC5D169E9EB50E301F8026D2456.e.5810"},"getTitle",[]]}
RESULT: undefined
COMMAND: POST /session/0b5e153e999db5b9def621a0e8cd33c7/element/f.16FD335629E18F5298EA577BED138745.d.69A33DC5D169E9EB50E301F8026D2456.e.5753/click - {}
COMMAND: POST /session/0b5e153e999db5b9def621a0e8cd33c7/element/f.16FD335629E18F5298EA577BED138745.d.69A33DC5D169E9EB50E301F8026D2456.e.5753/click - {}
RESULT: {}
COMMAND: GET /session/0b5e153e999db5b9def621a0e8cd33c7/screenshot - {}
COMMAND: POST /session/0b5e153e999db5b9def621a0e8cd33c7/element - {"using":"xpath","value":"//*[@id=\"backBtn\"]"}
RESULT: {}
RESULT: {"using":"xpath","value":"//*[@id=\"backBtn\"]"}
COMMAND: POST /session/0b5e153e999db5b9def621a0e8cd33c7/elements - {"using":"xpath","value":"//*[@id=\"backBtn\"]"}
RESULT: {"using":"xpath","value":"//*[@id=\"backBtn\"]"}
COMMAND: POST /session/0b5e153e999db5b9def621a0e8cd33c7/elements - {"using":"xpath","value":"//*[@id=\"backBtn\"]"}
RESULT: {"using":"xpath","value":"//*[@id=\"backBtn\"]"}
COMMAND: POST /session/0b5e153e999db5b9def621a0e8cd33c7/elements - {"using":"xpath","value":"//*[@id=\"backBtn\"]"}
RESULT: {"using":"xpath","value":"//*[@id=\"backBtn\"]"}
COMMAND: POST /session/0b5e153e999db5b9def621a0e8cd33c7/elements - {"using":"xpath","value":"//*[@id=\"backBtn\"]"}
RESULT: {"using":"xpath","value":"//*[@id=\"backBtn\"]"}
COMMAND: POST /session/0b5e153e999db5b9def621a0e8cd33c7/elements - {"using":"xpath","value":"//*[@id=\"backBtn\"]"}
RESULT: {"using":"xpath","value":"//*[@id=\"backBtn\"]"}
COMMAND: POST /session/0b5e153e999db5b9def621a0e8cd33c7/elements - {"using":"xpath","value":"//*[@id=\"backBtn\"]"}
RESULT: {"using":"xpath","value":"//*[@id=\"backBtn\"]"}
COMMAND: POST /session/0b5e153e999db5b9def621a0e8cd33c7/elements - {"using":"xpath","value":"//*[@id=\"backBtn\"]"}
RESULT: {"using":"xpath","value":"//*[@id=\"backBtn\"]"}
COMMAND: POST /session/0b5e153e999db5b9def621a0e8cd33c7/elements - {"using":"xpath","value":"//*[@id=\"backBtn\"]"}
RESULT: {"using":"xpath","value":"//*[@id=\"backBtn\"]"}
COMMAND: POST /session/0b5e153e999db5b9def621a0e8cd33c7/elements - {"using":"xpath","value":"//*[@id=\"backBtn\"]"}
RESULT: {"using":"xpath","value":"//*[@id=\"backBtn\"]"}
COMMAND: POST /session/0b5e153e999db5b9def621a0e8cd33c7/elements - {"using":"xpath","value":"//*[@id=\"backBtn\"]"}
RESULT: {"using":"xpath","value":"//*[@id=\"backBtn\"]"}
COMMAND: POST /session/0b5e153e999db5b9def621a0e8cd33c7/elements - {"using":"xpath","value":"//*[@id=\"backBtn\"]"}
RESULT: {"using":"xpath","value":"//*[@id=\"backBtn\"]"}
COMMAND: POST /session/0b5e153e999db5b9def621a0e8cd33c7/elements - {"using":"xpath","value":"//*[@id=\"backBtn\"]"}
RESULT: {"using":"xpath","value":"//*[@id=\"backBtn\"]"}
COMMAND: POST /session/0b5e153e999db5b9def621a0e8cd33c7/elements - {"using":"xpath","value":"//*[@id=\"backBtn\"]"}
RESULT: {"using":"xpath","value":"//*[@id=\"backBtn\"]"}
COMMAND: POST /session/0b5e153e999db5b9def621a0e8cd33c7/elements - {"using":"xpath","value":"//*[@id=\"backBtn\"]"}
RESULT: {"using":"xpath","value":"//*[@id=\"backBtn\"]"}
COMMAND: POST /session/0b5e153e999db5b9def621a0e8cd33c7/elements - {"using":"xpath","value":"//*[@id=\"backBtn\"]"}
RESULT: {"using":"xpath","value":"//*[@id=\"backBtn\"]"}
COMMAND: POST /session/0b5e153e999db5b9def621a0e8cd33c7/elements - {"using":"xpath","value":"//*[@id=\"backBtn\"]"}
RESULT: {"using":"xpath","value":"//*[@id=\"backBtn\"]"}
COMMAND: POST /session/0b5e153e999db5b9def621a0e8cd33c7/elements - {"using":"xpath","value":"//*[@id=\"backBtn\"]"}
RESULT: {"using":"xpath","value":"//*[@id=\"backBtn\"]"}
COMMAND: POST /session/0b5e153e999db5b9def621a0e8cd33c7/elements - {"using":"xpath","value":"//*[@id=\"backBtn\"]"}
RESULT: {"using":"xpath","value":"//*[@id=\"backBtn\"]"}
COMMAND: POST /session/0b5e153e999db5b9def621a0e8cd33c7/elements - {"using":"xpath","value":"//*[@id=\"backBtn\"]"}
RESULT: {"using":"xpath","value":"//*[@id=\"backBtn\"]"}
COMMAND: POST /session/0b5e153e999db5b9def621a0e8cd33c7/elements - {"using":"xpath","value":"//*[@id=\"backBtn\"]"}
RESULT: {"using":"xpath","value":"//*[@id=\"backBtn\"]"}
COMMAND: POST /session/0b5e153e999db5b9def621a0e8cd33c7/elements - {"using":"xpath","value":"//*[@id=\"backBtn\"]"}
RESULT: {"using":"xpath","value":"//*[@id=\"backBtn\"]"}
COMMAND: POST /session/0b5e153e999db5b9def621a0e8cd33c7/elements - {"using":"xpath","value":"//*[@id=\"backBtn\"]"}
RESULT: {"using":"xpath","value":"//*[@id=\"backBtn\"]"}
COMMAND: POST /session/0b5e153e999db5b9def621a0e8cd33c7/elements - {"using":"xpath","value":"//*[@id=\"backBtn\"]"}
RESULT: {"using":"xpath","value":"//*[@id=\"backBtn\"]"}
COMMAND: POST /session/0b5e153e999db5b9def621a0e8cd33c7/elements - {"using":"xpath","value":"//*[@id=\"backBtn\"]"}
RESULT: {"using":"xpath","value":"//*[@id=\"backBtn\"]"}
COMMAND: POST /session/0b5e153e999db5b9def621a0e8cd33c7/elements - {"using":"xpath","value":"//*[@id=\"backBtn\"]"}
RESULT: {"using":"xpath","value":"//*[@id=\"backBtn\"]"}
COMMAND: POST /session/0b5e153e999db5b9def621a0e8cd33c7/elements - {"using":"xpath","value":"//*[@id=\"backBtn\"]"}
RESULT: {"using":"xpath","value":"//*[@id=\"backBtn\"]"}
COMMAND: POST /session/0b5e153e999db5b9def621a0e8cd33c7/elements - {"using":"xpath","value":"//*[@id=\"backBtn\"]"}
RESULT: {"using":"xpath","value":"//*[@id=\"backBtn\"]"}
COMMAND: POST /session/0b5e153e999db5b9def621a0e8cd33c7/elements - {"using":"xpath","value":"//*[@id=\"backBtn\"]"}
RESULT: {"using":"xpath","value":"//*[@id=\"backBtn\"]"}
COMMAND: POST /session/0b5e153e999db5b9def621a0e8cd33c7/elements - {"using":"xpath","value":"//*[@id=\"backBtn\"]"}
RESULT: {"using":"xpath","value":"//*[@id=\"backBtn\"]"}
COMMAND: POST /session/0b5e153e999db5b9def621a0e8cd33c7/elements - {"using":"xpath","value":"//*[@id=\"backBtn\"]"}
RESULT: {"using":"xpath","value":"//*[@id=\"backBtn\"]"}
COMMAND: POST /session/0b5e153e999db5b9def621a0e8cd33c7/elements - {"using":"xpath","value":"//*[@id=\"backBtn\"]"}
RESULT: {"using":"xpath","value":"//*[@id=\"backBtn\"]"}
COMMAND: POST /session/0b5e153e999db5b9def621a0e8cd33c7/elements - {"using":"xpath","value":"//*[@id=\"backBtn\"]"}
RESULT: {"using":"xpath","value":"//*[@id=\"backBtn\"]"}
COMMAND: POST /session/0b5e153e999db5b9def621a0e8cd33c7/elements - {"using":"xpath","value":"//*[@id=\"backBtn\"]"}
RESULT: {"using":"xpath","value":"//*[@id=\"backBtn\"]"}
COMMAND: POST /session/0b5e153e999db5b9def621a0e8cd33c7/elements - {"using":"xpath","value":"//*[@id=\"backBtn\"]"}
RESULT: {"using":"xpath","value":"//*[@id=\"backBtn\"]"}
COMMAND: POST /session/0b5e153e999db5b9def621a0e8cd33c7/elements - {"using":"xpath","value":"//*[@id=\"backBtn\"]"}
RESULT: {"using":"xpath","value":"//*[@id=\"backBtn\"]"}
COMMAND: POST /session/0b5e153e999db5b9def621a0e8cd33c7/elements - {"using":"xpath","value":"//*[@id=\"backBtn\"]"}
RESULT: {"using":"xpath","value":"//*[@id=\"backBtn\"]"}
COMMAND: POST /session/0b5e153e999db5b9def621a0e8cd33c7/elements - {"using":"xpath","value":"//*[@id=\"backBtn\"]"}
RESULT: {"using":"xpath","value":"//*[@id=\"backBtn\"]"}
COMMAND: POST /session/0b5e153e999db5b9def621a0e8cd33c7/elements - {"using":"xpath","value":"//*[@id=\"backBtn\"]"}
RESULT: {"using":"xpath","value":"//*[@id=\"backBtn\"]"}
COMMAND: DELETE /session/0b5e153e999db5b9def621a0e8cd33c7 - {}
RESULT: {}
]]></system-out>
    </testcase>
  </testsuite>
</testsuites>