<?xml version="1.0" encoding="UTF-8"?>
<testsuites tests="8" failures="1" errors="1" skipped="0">
  <testsuite timestamp="2025-05-16T16:08:23" time="694.52" tests="4" failures="1" errors="1" skipped="0">
    <properties>
      <property name="specId" value="0" />
      <property name="suiteName" value="Webshop - Hyperlinks visible and working properly  US139085" />
      <property name="capabilities" value="chrome.136_0_7103_93.windows" />
      <property name="file" value="file:///D:/a/1/s/test/specs/R2C/webshop-hyperlinks-yard-site.spec.js" />
    </properties>
    <testcase classname="chrome.136_0_7103_93.windows.Webshop_-_Hyperlinks_visible_and_working_properly__US139085" name="Should create prerequisites for webshop suite" time="296.076">
      <system-out><![CDATA[
COMMAND: POST /session/e20f28e5870399c2ebdcb1f5c585c23c/execute/async - {"script":"<script> [1562 bytes]","args":[{"selector":{"controlType":"sap.m.GenericTile","properties":{"header":"Manage Yards"}},"wdio_ui5_key":"sapm.GenericTile{\"header\":\"Manage Yards\"}"}]}
RESULT: {"script":"<script> [1562 bytes]","args":[{"selector":{"controlType":"sap.m.GenericTile","properties":{"header":"Manage Yards"}},"wdio_ui5_key":"sapm.GenericTile{\"header\":\"Manage Yards\"}"}]}
RESULT: undefined
COMMAND: POST /session/e20f28e5870399c2ebdcb1f5c585c23c/element - {"using":"xpath","value":"//*[@id=\"__tile41\"]"}
RESULT: {"using":"xpath","value":"//*[@id=\"__tile41\"]"}
COMMAND: POST /session/e20f28e5870399c2ebdcb1f5c585c23c/element/f.995A9DDE63C2E497ED89F267647EB6A9.d.4BC0D9A099956B14926B3E9460AF2D8F.e.112/click - {}
RESULT: {}
COMMAND: GET /session/e20f28e5870399c2ebdcb1f5c585c23c/screenshot - {}
RESULT: {}
COMMAND: POST /session/e20f28e5870399c2ebdcb1f5c585c23c/elements - {"using":"xpath","value":"//span[text()='Error']"}
RESULT: {"using":"xpath","value":"//span[text()='Error']"}
COMMAND: POST /session/e20f28e5870399c2ebdcb1f5c585c23c/execute/async - {"script":"<script> [1562 bytes]","args":[{"selector":{"controlType":"sap.ui.core.Icon","viewName":"etm.portal.ui.manageyards.view.Master","viewId":"application-manageyards-display-component---masterYard","properties":{"src":{"regex":{"source":"add"}}}},"wdio_ui5_key":"etmportal.ui.manageyards.view.Mastersap.ui.core.Icon{\"src\":{\"regex\":{\"source\":\"add\"}}}"}]}
RESULT: {"script":"<script> [1562 bytes]","args":[{"selector":{"controlType":"sap.ui.core.Icon","viewName":"etm.portal.ui.manageyards.view.Master","viewId":"application-manageyards-display-component---masterYard","properties":{"src":{"regex":{"source":"add"}}}},"wdio_ui5_key":"etmportal.ui.manageyards.view.Mastersap.ui.core.Icon{\"src\":{\"regex\":{\"source\":\"add\"}}}"}]}
RESULT: undefined
COMMAND: POST /session/e20f28e5870399c2ebdcb1f5c585c23c/element - {"using":"xpath","value":"//*[@id=\"__button4-img\"]"}
RESULT: {"using":"xpath","value":"//*[@id=\"__button4-img\"]"}
COMMAND: POST /session/e20f28e5870399c2ebdcb1f5c585c23c/element/f.995A9DDE63C2E497ED89F267647EB6A9.d.4BC0D9A099956B14926B3E9460AF2D8F.e.159/click - {}
RESULT: {}
COMMAND: GET /session/e20f28e5870399c2ebdcb1f5c585c23c/screenshot - {}
RESULT: {}
COMMAND: POST /session/e20f28e5870399c2ebdcb1f5c585c23c/execute/async - {"script":"<script> [1562 bytes]","args":[{"selector":{"id":"application-manageyards-display-component---NewYard--yardId","interaction":{"idSuffix":"inner"}},"wdio_ui5_key":"applicationmanageyards-display-component---NewYard--yardId"}]}
RESULT: {"script":"<script> [1562 bytes]","args":[{"selector":{"id":"application-manageyards-display-component---NewYard--yardId","interaction":{"idSuffix":"inner"}},"wdio_ui5_key":"applicationmanageyards-display-component---NewYard--yardId"}]}
RESULT: undefined
COMMAND: POST /session/e20f28e5870399c2ebdcb1f5c585c23c/element - {"using":"xpath","value":"//*[@id=\"application-manageyards-display-component---NewYard--addressDetailDetailsName1-inner\"]"}
RESULT: {"using":"xpath","value":"//*[@id=\"application-manageyards-display-component---NewYard--addressDetailDetailsName1-inner\"]"}
COMMAND: POST /session/e20f28e5870399c2ebdcb1f5c585c23c/element/f.995A9DDE63C2E497ED89F267647EB6A9.d.4BC0D9A099956B14926B3E9460AF2D8F.e.295/clear - {}
RESULT: {}
COMMAND: POST /session/e20f28e5870399c2ebdcb1f5c585c23c/element/f.995A9DDE63C2E497ED89F267647EB6A9.d.4BC0D9A099956B14926B3E9460AF2D8F.e.295/value - {"text":"WebdriverYard5b0hl"}
COMMAND: GET /session/e20f28e5870399c2ebdcb1f5c585c23c/screenshot - {}
RESULT: {"text":"WebdriverYard5b0hl"}
COMMAND: POST /session/e20f28e5870399c2ebdcb1f5c585c23c/element - {"using":"xpath","value":"//*[@id=\"application-manageyards-display-component---NewYard--addressDetailDetailsLanguage-inner\"]"}
COMMAND: GET /session/e20f28e5870399c2ebdcb1f5c585c23c/screenshot - {}
RESULT: {}
RESULT: {"using":"xpath","value":"//*[@id=\"application-manageyards-display-component---NewYard--addressDetailDetailsLanguage-inner\"]"}
COMMAND: POST /session/e20f28e5870399c2ebdcb1f5c585c23c/element/f.995A9DDE63C2E497ED89F267647EB6A9.d.4BC0D9A099956B14926B3E9460AF2D8F.e.296/clear - {}
RESULT: {}
RESULT: {}
COMMAND: POST /session/e20f28e5870399c2ebdcb1f5c585c23c/element/f.995A9DDE63C2E497ED89F267647EB6A9.d.4BC0D9A099956B14926B3E9460AF2D8F.e.296/value - {"text":"Romanian"}
COMMAND: GET /session/e20f28e5870399c2ebdcb1f5c585c23c/screenshot - {}
RESULT: {"text":"Romanian"}
COMMAND: POST /session/e20f28e5870399c2ebdcb1f5c585c23c/element - {"using":"xpath","value":"//input[contains(@id ,\"application-manageyards-display-component---NewYard--addressDetailDetailsName1-inner\")]"}
COMMAND: GET /session/e20f28e5870399c2ebdcb1f5c585c23c/screenshot - {}
RESULT: {}
RESULT: {"using":"xpath","value":"//input[contains(@id ,\"application-manageyards-display-component---NewYard--addressDetailDetailsName1-inner\")]"}
COMMAND: GET /session/e20f28e5870399c2ebdcb1f5c585c23c/element/f.995A9DDE63C2E497ED89F267647EB6A9.d.4BC0D9A099956B14926B3E9460AF2D8F.e.295/property/value - {}
RESULT: {}
RESULT: {}
COMMAND: GET /session/e20f28e5870399c2ebdcb1f5c585c23c/screenshot - {}
RESULT: {}
COMMAND: POST /session/e20f28e5870399c2ebdcb1f5c585c23c/element - {"using":"xpath","value":"//*[@id=\"application-manageyards-display-component---NewYard--addressDetailDetailsCity1-inner\"]"}
RESULT: {"using":"xpath","value":"//*[@id=\"application-manageyards-display-component---NewYard--addressDetailDetailsCity1-inner\"]"}
COMMAND: POST /session/e20f28e5870399c2ebdcb1f5c585c23c/element/f.995A9DDE63C2E497ED89F267647EB6A9.d.4BC0D9A099956B14926B3E9460AF2D8F.e.298/clear - {}
RESULT: {}
COMMAND: POST /session/e20f28e5870399c2ebdcb1f5c585c23c/element/f.995A9DDE63C2E497ED89F267647EB6A9.d.4BC0D9A099956B14926B3E9460AF2D8F.e.298/value - {"text":"Bucuresti"}
COMMAND: GET /session/e20f28e5870399c2ebdcb1f5c585c23c/screenshot - {}
RESULT: {"text":"Bucuresti"}
COMMAND: GET /session/e20f28e5870399c2ebdcb1f5c585c23c/screenshot - {}
RESULT: {}
RESULT: {}
COMMAND: POST /session/e20f28e5870399c2ebdcb1f5c585c23c/element - {"using":"xpath","value":"//*[@id=\"application-manageyards-display-component---NewYard--addressDetailDetailsCountry-inner\"]"}
RESULT: {"using":"xpath","value":"//*[@id=\"application-manageyards-display-component---NewYard--addressDetailDetailsCountry-inner\"]"}
COMMAND: POST /session/e20f28e5870399c2ebdcb1f5c585c23c/element/f.995A9DDE63C2E497ED89F267647EB6A9.d.4BC0D9A099956B14926B3E9460AF2D8F.e.302/clear - {}
RESULT: {}
COMMAND: POST /session/e20f28e5870399c2ebdcb1f5c585c23c/element/f.995A9DDE63C2E497ED89F267647EB6A9.d.4BC0D9A099956B14926B3E9460AF2D8F.e.302/value - {"text":"Romania"}
COMMAND: GET /session/e20f28e5870399c2ebdcb1f5c585c23c/screenshot - {}
RESULT: {"text":"Romania"}
COMMAND: GET /session/e20f28e5870399c2ebdcb1f5c585c23c/screenshot - {}
RESULT: {}
RESULT: {}
COMMAND: POST /session/e20f28e5870399c2ebdcb1f5c585c23c/element - {"using":"xpath","value":"//div[contains(text(), \"Commercial\")]"}
RESULT: {"using":"xpath","value":"//div[contains(text(), \"Commercial\")]"}
COMMAND: GET /session/e20f28e5870399c2ebdcb1f5c585c23c/element/f.995A9DDE63C2E497ED89F267647EB6A9.d.4BC0D9A099956B14926B3E9460AF2D8F.e.587/rect - {}
RESULT: {}
COMMAND: GET /session/e20f28e5870399c2ebdcb1f5c585c23c/window/rect - {}
RESULT: {}
COMMAND: POST /session/e20f28e5870399c2ebdcb1f5c585c23c/execute/sync - {"script":"<script> [92 bytes]","args":[]}
RESULT: {"script":"<script> [92 bytes]","args":[]}
COMMAND: POST /session/e20f28e5870399c2ebdcb1f5c585c23c/actions - {"actions":[{"id":"action1","type":"wheel","parameters":{},"actions":[{"type":"scroll","x":-1841,"y":-44,"deltaX":0,"deltaY":0,"duration":0,"origin":{"element-6066-11e4-a52e-4f735466cecf":"f.995A9DDE63C2E497ED89F267647EB6A9.d.4BC0D9A099956B14926B3E9460AF2D8F.e.587"}}]}]}
COMMAND: GET /session/e20f28e5870399c2ebdcb1f5c585c23c/screenshot - {}
RESULT: {}
COMMAND: POST /session/e20f28e5870399c2ebdcb1f5c585c23c/execute/sync - {"script":"<script> [79 bytes]","args":[{"element-6066-11e4-a52e-4f735466cecf":"f.995A9DDE63C2E497ED89F267647EB6A9.d.4BC0D9A099956B14926B3E9460AF2D8F.e.587","ELEMENT":"f.995A9DDE63C2E497ED89F267647EB6A9.d.4BC0D9A099956B14926B3E9460AF2D8F.e.587"},{"block":"start","inline":"nearest"}]}
RESULT: {"script":"<script> [79 bytes]","args":[{"element-6066-11e4-a52e-4f735466cecf":"f.995A9DDE63C2E497ED89F267647EB6A9.d.4BC0D9A099956B14926B3E9460AF2D8F.e.587","ELEMENT":"f.995A9DDE63C2E497ED89F267647EB6A9.d.4BC0D9A099956B14926B3E9460AF2D8F.e.587"},{"block":"start","inline":"nearest"}]}
COMMAND: GET /session/e20f28e5870399c2ebdcb1f5c585c23c/screenshot - {}
RESULT: {}
COMMAND: POST /session/e20f28e5870399c2ebdcb1f5c585c23c/execute/async - {"script":"<script> [1562 bytes]","args":[{"selector":{"id":"application-manageyards-display-component---NewYard--addressEditDetailsCostObjectCstType-arrow"},"wdio_ui5_key":"applicationmanageyards-display-component---NewYard--addressEditDetailsCostObjectCstType-arrow"}]}
RESULT: {"script":"<script> [1562 bytes]","args":[{"selector":{"id":"application-manageyards-display-component---NewYard--addressEditDetailsCostObjectCstType-arrow"},"wdio_ui5_key":"applicationmanageyards-display-component---NewYard--addressEditDetailsCostObjectCstType-arrow"}]}
RESULT: undefined
COMMAND: POST /session/e20f28e5870399c2ebdcb1f5c585c23c/element - {"using":"xpath","value":"//*[@id=\"application-manageyards-display-component---NewYard--addressEditDetailsCostObjectCstType-arrow\"]"}
RESULT: {"using":"xpath","value":"//*[@id=\"application-manageyards-display-component---NewYard--addressEditDetailsCostObjectCstType-arrow\"]"}
COMMAND: POST /session/e20f28e5870399c2ebdcb1f5c585c23c/element/f.995A9DDE63C2E497ED89F267647EB6A9.d.4BC0D9A099956B14926B3E9460AF2D8F.e.595/click - {}
RESULT: {}
COMMAND: POST /session/e20f28e5870399c2ebdcb1f5c585c23c/element - {"using":"xpath","value":"//span[contains(text(), \"Cost Center\")]"}
COMMAND: GET /session/e20f28e5870399c2ebdcb1f5c585c23c/screenshot - {}
RESULT: {"using":"xpath","value":"//span[contains(text(), \"Cost Center\")]"}
COMMAND: POST /session/e20f28e5870399c2ebdcb1f5c585c23c/element/f.995A9DDE63C2E497ED89F267647EB6A9.d.4BC0D9A099956B14926B3E9460AF2D8F.e.596/click - {}
RESULT: {}
RESULT: {}
COMMAND: GET /session/e20f28e5870399c2ebdcb1f5c585c23c/screenshot - {}
RESULT: {}
COMMAND: POST /session/e20f28e5870399c2ebdcb1f5c585c23c/execute/async - {"script":"<script> [1562 bytes]","args":[{"selector":{"id":"application-manageyards-display-component---NewYard--addressNewCostObjectCstID-vhi"},"wdio_ui5_key":"applicationmanageyards-display-component---NewYard--addressNewCostObjectCstID-vhi"}]}
RESULT: {"script":"<script> [1562 bytes]","args":[{"selector":{"id":"application-manageyards-display-component---NewYard--addressNewCostObjectCstID-vhi"},"wdio_ui5_key":"applicationmanageyards-display-component---NewYard--addressNewCostObjectCstID-vhi"}]}
RESULT: undefined
COMMAND: POST /session/e20f28e5870399c2ebdcb1f5c585c23c/element - {"using":"xpath","value":"//*[@id=\"application-manageyards-display-component---NewYard--addressNewCostObjectCstID-vhi\"]"}
RESULT: {"using":"xpath","value":"//*[@id=\"application-manageyards-display-component---NewYard--addressNewCostObjectCstID-vhi\"]"}
COMMAND: POST /session/e20f28e5870399c2ebdcb1f5c585c23c/element/f.995A9DDE63C2E497ED89F267647EB6A9.d.4BC0D9A099956B14926B3E9460AF2D8F.e.600/click - {}
RESULT: {}
COMMAND: GET /session/e20f28e5870399c2ebdcb1f5c585c23c/screenshot - {}
RESULT: {}
COMMAND: POST /session/e20f28e5870399c2ebdcb1f5c585c23c/execute/async - {"script":"<script> [1562 bytes]","args":[{"selector":{"controlType":"sap.m.SearchField","properties":{"placeholder":"Search"},"searchOpenDialogs":true,"interaction":{"idSuffix":"I"}},"wdio_ui5_key":"sapm.SearchField{\"placeholder\":\"Search\"}"}]}
RESULT: {"script":"<script> [1562 bytes]","args":[{"selector":{"controlType":"sap.m.SearchField","properties":{"placeholder":"Search"},"searchOpenDialogs":true,"interaction":{"idSuffix":"I"}},"wdio_ui5_key":"sapm.SearchField{\"placeholder\":\"Search\"}"}]}
RESULT: undefined
COMMAND: POST /session/e20f28e5870399c2ebdcb1f5c585c23c/execute/async - {"script":"<script> [776 bytes]","args":[{"enterText":"10001013","selector":{"controlType":"sap.m.SearchField","properties":{"placeholder":"Search"},"searchOpenDialogs":true,"interaction":{"idSuffix":"I"}},"clearTextFirst":true,"interactionType":"ENTER_TEXT"}]}
RESULT: {"script":"<script> [776 bytes]","args":[{"enterText":"10001013","selector":{"controlType":"sap.m.SearchField","properties":{"placeholder":"Search"},"searchOpenDialogs":true,"interaction":{"idSuffix":"I"}},"clearTextFirst":true,"interactionType":"ENTER_TEXT"}]}
COMMAND: POST /session/e20f28e5870399c2ebdcb1f5c585c23c/actions - {"actions":[{"id":"action2","type":"key","parameters":{},"actions":[{"type":"keyDown","value":"î€‡"},{"type":"pause","duration":10},{"type":"keyUp","value":"î€‡"}]}]}
RESULT: {"actions":[{"id":"action2","type":"key","parameters":{},"actions":[{"type":"keyDown","value":"î€‡"},{"type":"pause","duration":10},{"type":"keyUp","value":"î€‡"}]}]}
COMMAND: GET /session/e20f28e5870399c2ebdcb1f5c585c23c/screenshot - {}
RESULT: {}
COMMAND: POST /session/e20f28e5870399c2ebdcb1f5c585c23c/element - {"using":"xpath","value":"//span[contains(text(), \"General Management\")]"}
RESULT: {"using":"xpath","value":"//span[contains(text(), \"General Management\")]"}
COMMAND: POST /session/e20f28e5870399c2ebdcb1f5c585c23c/element/f.995A9DDE63C2E497ED89F267647EB6A9.d.4BC0D9A099956B14926B3E9460AF2D8F.e.641/click - {}
RESULT: {}
COMMAND: GET /session/e20f28e5870399c2ebdcb1f5c585c23c/screenshot - {}
RESULT: {}
COMMAND: POST /session/e20f28e5870399c2ebdcb1f5c585c23c/element - {"using":"xpath","value":"//bdi[contains(text(), \"OK\")]"}
RESULT: {"using":"xpath","value":"//bdi[contains(text(), \"OK\")]"}
COMMAND: POST /session/e20f28e5870399c2ebdcb1f5c585c23c/element/f.995A9DDE63C2E497ED89F267647EB6A9.d.4BC0D9A099956B14926B3E9460AF2D8F.e.642/click - {}
RESULT: {}
COMMAND: GET /session/e20f28e5870399c2ebdcb1f5c585c23c/screenshot - {}
RESULT: {}
COMMAND: POST /session/e20f28e5870399c2ebdcb1f5c585c23c/execute/async - {"script":"<script> [1562 bytes]","args":[{"selector":{"controlType":"sap.m.Button","viewName":"etm.portal.ui.manageyards.view.New","viewId":"application-manageyards-display-component---NewYard","i18NText":{"propertyName":"text","key":"save"},"interaction":{"idSuffix":"inner"}},"wdio_ui5_key":"etmportal.ui.manageyards.view.Newsap.m.Button{\"propertyName\":\"text\",\"key\":\"save\"}"}]}
RESULT: {"script":"<script> [1562 bytes]","args":[{"selector":{"controlType":"sap.m.Button","viewName":"etm.portal.ui.manageyards.view.New","viewId":"application-manageyards-display-component---NewYard","i18NText":{"propertyName":"text","key":"save"},"interaction":{"idSuffix":"inner"}},"wdio_ui5_key":"etmportal.ui.manageyards.view.Newsap.m.Button{\"propertyName\":\"text\",\"key\":\"save\"}"}]}
RESULT: undefined
COMMAND: POST /session/e20f28e5870399c2ebdcb1f5c585c23c/element - {"using":"xpath","value":"//*[@id=\"__button18\"]"}
RESULT: {"using":"xpath","value":"//*[@id=\"__button18\"]"}
COMMAND: POST /session/e20f28e5870399c2ebdcb1f5c585c23c/element/f.995A9DDE63C2E497ED89F267647EB6A9.d.4BC0D9A099956B14926B3E9460AF2D8F.e.532/click - {}
RESULT: {}
COMMAND: GET /session/e20f28e5870399c2ebdcb1f5c585c23c/screenshot - {}
RESULT: {}
COMMAND: POST /session/e20f28e5870399c2ebdcb1f5c585c23c/element - {"using":"xpath","value":"//header/div/div[2]/div[2]/span"}
RESULT: {"using":"xpath","value":"//header/div/div[2]/div[2]/span"}
COMMAND: GET /session/e20f28e5870399c2ebdcb1f5c585c23c/element/f.995A9DDE63C2E497ED89F267647EB6A9.d.4BC0D9A099956B14926B3E9460AF2D8F.e.843/text - {}
RESULT: {}
COMMAND: POST /session/e20f28e5870399c2ebdcb1f5c585c23c/execute/async - {"script":"<script> [1562 bytes]","args":[{"selector":{"controlType":"sap.m.OverflowToolbarButton","viewName":"etm.portal.ui.manageyards.view.Detail","viewId":"application-manageyards-display-component---detailYard","i18NText":{"propertyName":"tooltip","key":"closeColumn"},"interaction":{"idSuffix":"inner"}},"wdio_ui5_key":"etmportal.ui.manageyards.view.Detailsap.m.OverflowToolbarButton{\"propertyName\":\"tooltip\",\"key\":\"closeColumn\"}"}]}
RESULT: {"script":"<script> [1562 bytes]","args":[{"selector":{"controlType":"sap.m.OverflowToolbarButton","viewName":"etm.portal.ui.manageyards.view.Detail","viewId":"application-manageyards-display-component---detailYard","i18NText":{"propertyName":"tooltip","key":"closeColumn"},"interaction":{"idSuffix":"inner"}},"wdio_ui5_key":"etmportal.ui.manageyards.view.Detailsap.m.OverflowToolbarButton{\"propertyName\":\"tooltip\",\"key\":\"closeColumn\"}"}]}
RESULT: undefined
COMMAND: POST /session/e20f28e5870399c2ebdcb1f5c585c23c/element - {"using":"xpath","value":"//*[@id=\"__button40\"]"}
RESULT: {"using":"xpath","value":"//*[@id=\"__button40\"]"}
COMMAND: POST /session/e20f28e5870399c2ebdcb1f5c585c23c/element/f.995A9DDE63C2E497ED89F267647EB6A9.d.4BC0D9A099956B14926B3E9460AF2D8F.e.845/click - {}
RESULT: {}
COMMAND: GET /session/e20f28e5870399c2ebdcb1f5c585c23c/screenshot - {}
RESULT: {}
COMMAND: POST /session/e20f28e5870399c2ebdcb1f5c585c23c/element - {"using":"css selector","value":"#shell-header-logo"}
RESULT: {"using":"css selector","value":"#shell-header-logo"}
COMMAND: POST /session/e20f28e5870399c2ebdcb1f5c585c23c/element/f.995A9DDE63C2E497ED89F267647EB6A9.d.4BC0D9A099956B14926B3E9460AF2D8F.e.114/click - {}
RESULT: {}
COMMAND: GET /session/e20f28e5870399c2ebdcb1f5c585c23c/screenshot - {}
RESULT: {}
COMMAND: POST /session/e20f28e5870399c2ebdcb1f5c585c23c/refresh - {}
RESULT: {}
COMMAND: GET /session/e20f28e5870399c2ebdcb1f5c585c23c/screenshot - {}
RESULT: {}
COMMAND: POST /session/e20f28e5870399c2ebdcb1f5c585c23c/execute/async - {"script":"<script> [189 bytes]","args":[]}
RESULT: {"script":"<script> [189 bytes]","args":[]}
COMMAND: POST /session/e20f28e5870399c2ebdcb1f5c585c23c/execute/async - {"script":"<script> [123 bytes]","args":[]}
RESULT: {"script":"<script> [123 bytes]","args":[]}
COMMAND: POST /session/e20f28e5870399c2ebdcb1f5c585c23c/timeouts - {"script":"<number>"}
RESULT: {"script":"<number>"}
COMMAND: GET /session/e20f28e5870399c2ebdcb1f5c585c23c/timeouts - {}
RESULT: {}
RESULT: undefined
COMMAND: POST /session/e20f28e5870399c2ebdcb1f5c585c23c/execute/async - {"script":"<script> [2676 bytes]","args":[]}
RESULT: {"script":"<script> [2676 bytes]","args":[]}
COMMAND: POST /session/e20f28e5870399c2ebdcb1f5c585c23c/execute/async - {"script":"<script> [2342 bytes]","args":[{"protocol":"http","hostname":"0.0.0.0","path":"/","capabilities":{"browserName":"chrome","goog:chromeOptions":{"binary":"C:\\Program Files\\Google\\Chrome\\Application\\chrome.exe","args":["--start-maximized"]}},"logLevel":"warn","connectionRetryTimeout":120000,"connectionRetryCount":3,"logLevels":{},"enableDirectConnect":true,"strictSSL":true,"_":"65 more keys: [\"cacheDir\",\"port\",\"requestedCapabilities\",\"automationProtocol\",\"baseUrl\",\"waitforInterval\",\"waitforTimeout\",\"onReload\",\"beforeCommand\",\"afterCommand\",\"rootDir\",\"specs\",\"suites\",\"exclude\",\"groupLogsByTestSpec\",\"excludeDriverLogs\",\"bail\",\"framework\",\"reporters\",\"services\",\"maxInstances\",\"maxInstancesPerCapability\",\"injectGlobals\",\"filesToWatch\",\"execArgv\",\"runnerEnv\",\"runner\",\"shard\",\"specFileRetries\",\"specFileRetriesDelay\",\"specFileRetriesDeferred\",\"reporterSyncInterval\",\"reporterSyncTimeout\",\"cucumberFeaturesWithLineNumbers\",\"autoCompileOpts\",\"mochaOpts\",\"jasmineOpts\",\"cucumberOpts\",\"onPrepare\",\"onWorkerStart\",\"onWorkerEnd\",\"before\",\"beforeSession\",\"beforeSuite\",\"beforeHook\",\"beforeTest\",\"afterTest\",\"afterHook\",\"afterSuite\",\"afterSession\",\"after\",\"onComplete\",\"beforeAssertion\",\"afterAssertion\",\"beforeFeature\",\"beforeScenario\",\"beforeStep\",\"afterStep\",\"afterScenario\",\"afterFeature\",\"_\",\"suite\",\"$0\",\"ignoredWorkerServices\",\"wdi5\"]"}]}
RESULT: {"script":"<script> [2342 bytes]","args":[{"protocol":"http","hostname":"0.0.0.0","path":"/","capabilities":{"browserName":"chrome","goog:chromeOptions":{"binary":"C:\\Program Files\\Google\\Chrome\\Application\\chrome.exe","args":["--start-maximized"]}},"logLevel":"warn","connectionRetryTimeout":120000,"connectionRetryCount":3,"logLevels":{},"enableDirectConnect":true,"strictSSL":true,"_":"65 more keys: [\"cacheDir\",\"port\",\"requestedCapabilities\",\"automationProtocol\",\"baseUrl\",\"waitforInterval\",\"waitforTimeout\",\"onReload\",\"beforeCommand\",\"afterCommand\",\"rootDir\",\"specs\",\"suites\",\"exclude\",\"groupLogsByTestSpec\",\"excludeDriverLogs\",\"bail\",\"framework\",\"reporters\",\"services\",\"maxInstances\",\"maxInstancesPerCapability\",\"injectGlobals\",\"filesToWatch\",\"execArgv\",\"runnerEnv\",\"runner\",\"shard\",\"specFileRetries\",\"specFileRetriesDelay\",\"specFileRetriesDeferred\",\"reporterSyncInterval\",\"reporterSyncTimeout\",\"cucumberFeaturesWithLineNumbers\",\"autoCompileOpts\",\"mochaOpts\",\"jasmineOpts\",\"cucumberOpts\",\"onPrepare\",\"onWorkerStart\",\"onWorkerEnd\",\"before\",\"beforeSession\",\"beforeSuite\",\"beforeHook\",\"beforeTest\",\"afterTest\",\"afterHook\",\"afterSuite\",\"afterSession\",\"after\",\"onComplete\",\"beforeAssertion\",\"afterAssertion\",\"beforeFeature\",\"beforeScenario\",\"beforeStep\",\"afterStep\",\"afterScenario\",\"afterFeature\",\"_\",\"suite\",\"$0\",\"ignoredWorkerServices\",\"wdi5\"]"}]}
COMMAND: POST /session/e20f28e5870399c2ebdcb1f5c585c23c/execute/async - {"script":"<script> [21126 bytes]","args":[35000]}
RESULT: {"script":"<script> [21126 bytes]","args":[35000]}
COMMAND: POST /session/e20f28e5870399c2ebdcb1f5c585c23c/execute/async - {"script":"<script> [1562 bytes]","args":[{"selector":{"controlType":"sap.m.GenericTile","properties":{"header":"Manage Sites"}},"wdio_ui5_key":"sapm.GenericTile{\"header\":\"Manage Sites\"}"}]}
RESULT: {"script":"<script> [1562 bytes]","args":[{"selector":{"controlType":"sap.m.GenericTile","properties":{"header":"Manage Sites"}},"wdio_ui5_key":"sapm.GenericTile{\"header\":\"Manage Sites\"}"}]}
RESULT: undefined
COMMAND: POST /session/e20f28e5870399c2ebdcb1f5c585c23c/element - {"using":"xpath","value":"//*[@id=\"__tile40\"]"}
RESULT: {"using":"xpath","value":"//*[@id=\"__tile40\"]"}
COMMAND: POST /session/e20f28e5870399c2ebdcb1f5c585c23c/element/f.995A9DDE63C2E497ED89F267647EB6A9.d.291303C111E9891CDF253DACF9A02935.e.1200/click - {}
RESULT: {}
COMMAND: GET /session/e20f28e5870399c2ebdcb1f5c585c23c/screenshot - {}
RESULT: {}
COMMAND: POST /session/e20f28e5870399c2ebdcb1f5c585c23c/elements - {"using":"xpath","value":"//span[text()='Error']"}
RESULT: {"using":"xpath","value":"//span[text()='Error']"}
COMMAND: POST /session/e20f28e5870399c2ebdcb1f5c585c23c/execute/async - {"script":"<script> [1562 bytes]","args":[{"selector":{"controlType":"sap.ui.core.Icon","viewName":"etm.portal.ui.managesites.view.Master","viewId":"application-managesites-display-component---masterSite","properties":{"src":{"regex":{"source":"add"}}}},"wdio_ui5_key":"etmportal.ui.managesites.view.Mastersap.ui.core.Icon{\"src\":{\"regex\":{\"source\":\"add\"}}}"}]}
RESULT: {"script":"<script> [1562 bytes]","args":[{"selector":{"controlType":"sap.ui.core.Icon","viewName":"etm.portal.ui.managesites.view.Master","viewId":"application-managesites-display-component---masterSite","properties":{"src":{"regex":{"source":"add"}}}},"wdio_ui5_key":"etmportal.ui.managesites.view.Mastersap.ui.core.Icon{\"src\":{\"regex\":{\"source\":\"add\"}}}"}]}
RESULT: undefined
COMMAND: POST /session/e20f28e5870399c2ebdcb1f5c585c23c/element - {"using":"xpath","value":"//*[@id=\"__button4-img\"]"}
RESULT: {"using":"xpath","value":"//*[@id=\"__button4-img\"]"}
COMMAND: POST /session/e20f28e5870399c2ebdcb1f5c585c23c/element/f.995A9DDE63C2E497ED89F267647EB6A9.d.291303C111E9891CDF253DACF9A02935.e.1250/click - {}
RESULT: {}
COMMAND: POST /session/e20f28e5870399c2ebdcb1f5c585c23c/execute/async - {"script":"<script> [1562 bytes]","args":[{"selector":{"id":"application-managesites-display-component---NewSite--siteId","interaction":{"idSuffix":"inner"}},"wdio_ui5_key":"applicationmanagesites-display-component---NewSite--siteId"}]}
COMMAND: GET /session/e20f28e5870399c2ebdcb1f5c585c23c/screenshot - {}
RESULT: {"script":"<script> [1562 bytes]","args":[{"selector":{"id":"application-managesites-display-component---NewSite--siteId","interaction":{"idSuffix":"inner"}},"wdio_ui5_key":"applicationmanagesites-display-component---NewSite--siteId"}]}
RESULT: undefined
COMMAND: POST /session/e20f28e5870399c2ebdcb1f5c585c23c/execute/async - {"script":"<script> [1562 bytes]","args":[{"selector":{"id":"application-managesites-display-component---NewSite--addressDetailDetailsName1","interaction":{"idSuffix":"inner"}},"wdio_ui5_key":"applicationmanagesites-display-component---NewSite--addressDetailDetailsName1"}]}
RESULT: {}
RESULT: {"script":"<script> [1562 bytes]","args":[{"selector":{"id":"application-managesites-display-component---NewSite--addressDetailDetailsName1","interaction":{"idSuffix":"inner"}},"wdio_ui5_key":"applicationmanagesites-display-component---NewSite--addressDetailDetailsName1"}]}
RESULT: undefined
COMMAND: POST /session/e20f28e5870399c2ebdcb1f5c585c23c/execute/async - {"script":"<script> [776 bytes]","args":[{"enterText":"WebdriverSitehklaef","selector":{"id":"application-managesites-display-component---NewSite--addressDetailDetailsName1","interaction":{"idSuffix":"inner"}},"clearTextFirst":true,"interactionType":"ENTER_TEXT"}]}
RESULT: {"script":"<script> [776 bytes]","args":[{"enterText":"WebdriverSitehklaef","selector":{"id":"application-managesites-display-component---NewSite--addressDetailDetailsName1","interaction":{"idSuffix":"inner"}},"clearTextFirst":true,"interactionType":"ENTER_TEXT"}]}
COMMAND: POST /session/e20f28e5870399c2ebdcb1f5c585c23c/execute/async - {"script":"<script> [1562 bytes]","args":[{"selector":{"id":"application-managesites-display-component---NewSite--addressDetailDetailsLanguage","interaction":{"idSuffix":"inner"}},"wdio_ui5_key":"applicationmanagesites-display-component---NewSite--addressDetailDetailsLanguage"}]}
RESULT: {"script":"<script> [1562 bytes]","args":[{"selector":{"id":"application-managesites-display-component---NewSite--addressDetailDetailsLanguage","interaction":{"idSuffix":"inner"}},"wdio_ui5_key":"applicationmanagesites-display-component---NewSite--addressDetailDetailsLanguage"}]}
RESULT: undefined
COMMAND: POST /session/e20f28e5870399c2ebdcb1f5c585c23c/execute/async - {"script":"<script> [776 bytes]","args":[{"enterText":"Romanian","selector":{"id":"application-managesites-display-component---NewSite--addressDetailDetailsLanguage","interaction":{"idSuffix":"inner"}},"clearTextFirst":true,"interactionType":"ENTER_TEXT"}]}
RESULT: {"script":"<script> [776 bytes]","args":[{"enterText":"Romanian","selector":{"id":"application-managesites-display-component---NewSite--addressDetailDetailsLanguage","interaction":{"idSuffix":"inner"}},"clearTextFirst":true,"interactionType":"ENTER_TEXT"}]}
COMMAND: POST /session/e20f28e5870399c2ebdcb1f5c585c23c/execute/async - {"script":"<script> [1562 bytes]","args":[{"selector":{"id":"application-managesites-display-component---NewSite--addressDetailDetailsCity1","interaction":{"idSuffix":"inner"}},"wdio_ui5_key":"applicationmanagesites-display-component---NewSite--addressDetailDetailsCity1"}]}
RESULT: {"script":"<script> [1562 bytes]","args":[{"selector":{"id":"application-managesites-display-component---NewSite--addressDetailDetailsCity1","interaction":{"idSuffix":"inner"}},"wdio_ui5_key":"applicationmanagesites-display-component---NewSite--addressDetailDetailsCity1"}]}
RESULT: undefined
COMMAND: POST /session/e20f28e5870399c2ebdcb1f5c585c23c/execute/async - {"script":"<script> [776 bytes]","args":[{"enterText":"Bucharest","selector":{"id":"application-managesites-display-component---NewSite--addressDetailDetailsCity1","interaction":{"idSuffix":"inner"}},"clearTextFirst":true,"interactionType":"ENTER_TEXT"}]}
RESULT: {"script":"<script> [776 bytes]","args":[{"enterText":"Bucharest","selector":{"id":"application-managesites-display-component---NewSite--addressDetailDetailsCity1","interaction":{"idSuffix":"inner"}},"clearTextFirst":true,"interactionType":"ENTER_TEXT"}]}
COMMAND: POST /session/e20f28e5870399c2ebdcb1f5c585c23c/execute/async - {"script":"<script> [1562 bytes]","args":[{"selector":{"id":"application-managesites-display-component---NewSite--addressDetailDetailsCountry","interaction":{"idSuffix":"inner"}},"wdio_ui5_key":"applicationmanagesites-display-component---NewSite--addressDetailDetailsCountry"}]}
RESULT: {"script":"<script> [1562 bytes]","args":[{"selector":{"id":"application-managesites-display-component---NewSite--addressDetailDetailsCountry","interaction":{"idSuffix":"inner"}},"wdio_ui5_key":"applicationmanagesites-display-component---NewSite--addressDetailDetailsCountry"}]}
RESULT: undefined
COMMAND: POST /session/e20f28e5870399c2ebdcb1f5c585c23c/execute/async - {"script":"<script> [776 bytes]","args":[{"enterText":"Romania","selector":{"id":"application-managesites-display-component---NewSite--addressDetailDetailsCountry","interaction":{"idSuffix":"inner"}},"clearTextFirst":true,"interactionType":"ENTER_TEXT"}]}
RESULT: {"script":"<script> [776 bytes]","args":[{"enterText":"Romania","selector":{"id":"application-managesites-display-component---NewSite--addressDetailDetailsCountry","interaction":{"idSuffix":"inner"}},"clearTextFirst":true,"interactionType":"ENTER_TEXT"}]}
COMMAND: POST /session/e20f28e5870399c2ebdcb1f5c585c23c/element - {"using":"css selector","value":"#application-managesites-display-component---NewSite--addressDetailDetailsCalendar-inner"}
RESULT: {"using":"css selector","value":"#application-managesites-display-component---NewSite--addressDetailDetailsCalendar-inner"}
COMMAND: POST /session/e20f28e5870399c2ebdcb1f5c585c23c/element/f.995A9DDE63C2E497ED89F267647EB6A9.d.291303C111E9891CDF253DACF9A02935.e.1439/clear - {}
RESULT: {}
COMMAND: POST /session/e20f28e5870399c2ebdcb1f5c585c23c/element/f.995A9DDE63C2E497ED89F267647EB6A9.d.291303C111E9891CDF253DACF9A02935.e.1439/value - {"text":"Germany"}
COMMAND: GET /session/e20f28e5870399c2ebdcb1f5c585c23c/screenshot - {}
RESULT: {"text":"Germany"}
COMMAND: POST /session/e20f28e5870399c2ebdcb1f5c585c23c/execute/async - {"script":"<script> [1562 bytes]","args":[{"selector":{"id":"application-managesites-display-component---NewSite--addressEditDetailsCostObjectCstType-arrow"},"wdio_ui5_key":"applicationmanagesites-display-component---NewSite--addressEditDetailsCostObjectCstType-arrow"}]}
COMMAND: GET /session/e20f28e5870399c2ebdcb1f5c585c23c/screenshot - {}
RESULT: {}
RESULT: {"script":"<script> [1562 bytes]","args":[{"selector":{"id":"application-managesites-display-component---NewSite--addressEditDetailsCostObjectCstType-arrow"},"wdio_ui5_key":"applicationmanagesites-display-component---NewSite--addressEditDetailsCostObjectCstType-arrow"}]}
RESULT: undefined
COMMAND: POST /session/e20f28e5870399c2ebdcb1f5c585c23c/element - {"using":"xpath","value":"//*[@id=\"application-managesites-display-component---NewSite--addressEditDetailsCostObjectCstType-arrow\"]"}
RESULT: {}
RESULT: {"using":"xpath","value":"//*[@id=\"application-managesites-display-component---NewSite--addressEditDetailsCostObjectCstType-arrow\"]"}
COMMAND: POST /session/e20f28e5870399c2ebdcb1f5c585c23c/element/f.995A9DDE63C2E497ED89F267647EB6A9.d.291303C111E9891CDF253DACF9A02935.e.1632/click - {}
RESULT: {}
COMMAND: POST /session/e20f28e5870399c2ebdcb1f5c585c23c/element - {"using":"xpath","value":"//span[contains(text(), \"Work Breakdown Structure\")]"}
COMMAND: GET /session/e20f28e5870399c2ebdcb1f5c585c23c/screenshot - {}
RESULT: {"using":"xpath","value":"//span[contains(text(), \"Work Breakdown Structure\")]"}
COMMAND: POST /session/e20f28e5870399c2ebdcb1f5c585c23c/element/f.995A9DDE63C2E497ED89F267647EB6A9.d.291303C111E9891CDF253DACF9A02935.e.1633/click - {}
RESULT: {}
RESULT: {}
COMMAND: GET /session/e20f28e5870399c2ebdcb1f5c585c23c/screenshot - {}
RESULT: {}
COMMAND: POST /session/e20f28e5870399c2ebdcb1f5c585c23c/execute/async - {"script":"<script> [1562 bytes]","args":[{"selector":{"id":"application-managesites-display-component---NewSite--addressNewCostObjectCstID-vhi"},"wdio_ui5_key":"applicationmanagesites-display-component---NewSite--addressNewCostObjectCstID-vhi"}]}
RESULT: {"script":"<script> [1562 bytes]","args":[{"selector":{"id":"application-managesites-display-component---NewSite--addressNewCostObjectCstID-vhi"},"wdio_ui5_key":"applicationmanagesites-display-component---NewSite--addressNewCostObjectCstID-vhi"}]}
RESULT: undefined
COMMAND: POST /session/e20f28e5870399c2ebdcb1f5c585c23c/element - {"using":"xpath","value":"//*[@id=\"application-managesites-display-component---NewSite--addressNewCostObjectCstID-vhi\"]"}
RESULT: {"using":"xpath","value":"//*[@id=\"application-managesites-display-component---NewSite--addressNewCostObjectCstID-vhi\"]"}
COMMAND: POST /session/e20f28e5870399c2ebdcb1f5c585c23c/element/f.995A9DDE63C2E497ED89F267647EB6A9.d.291303C111E9891CDF253DACF9A02935.e.1638/click - {}
RESULT: {}
COMMAND: GET /session/e20f28e5870399c2ebdcb1f5c585c23c/screenshot - {}
RESULT: {}
COMMAND: POST /session/e20f28e5870399c2ebdcb1f5c585c23c/execute/async - {"script":"<script> [1562 bytes]","args":[{"selector":{"controlType":"sap.m.SearchField","properties":{"placeholder":"Search"},"searchOpenDialogs":true,"interaction":{"idSuffix":"I"}},"wdio_ui5_key":"sapm.SearchField{\"placeholder\":\"Search\"}"}]}
RESULT: {"script":"<script> [1562 bytes]","args":[{"selector":{"controlType":"sap.m.SearchField","properties":{"placeholder":"Search"},"searchOpenDialogs":true,"interaction":{"idSuffix":"I"}},"wdio_ui5_key":"sapm.SearchField{\"placeholder\":\"Search\"}"}]}
RESULT: undefined
COMMAND: POST /session/e20f28e5870399c2ebdcb1f5c585c23c/execute/async - {"script":"<script> [776 bytes]","args":[{"enterText":"A1-000100-01","selector":{"controlType":"sap.m.SearchField","properties":{"placeholder":"Search"},"searchOpenDialogs":true,"interaction":{"idSuffix":"I"}},"clearTextFirst":true,"interactionType":"ENTER_TEXT"}]}
RESULT: {"script":"<script> [776 bytes]","args":[{"enterText":"A1-000100-01","selector":{"controlType":"sap.m.SearchField","properties":{"placeholder":"Search"},"searchOpenDialogs":true,"interaction":{"idSuffix":"I"}},"clearTextFirst":true,"interactionType":"ENTER_TEXT"}]}
COMMAND: POST /session/e20f28e5870399c2ebdcb1f5c585c23c/actions - {"actions":[{"id":"action3","type":"key","parameters":{},"actions":[{"type":"keyDown","value":"î€‡"},{"type":"pause","duration":10},{"type":"keyUp","value":"î€‡"}]}]}
RESULT: {"actions":[{"id":"action3","type":"key","parameters":{},"actions":[{"type":"keyDown","value":"î€‡"},{"type":"pause","duration":10},{"type":"keyUp","value":"î€‡"}]}]}
COMMAND: GET /session/e20f28e5870399c2ebdcb1f5c585c23c/screenshot - {}
RESULT: {}
COMMAND: POST /session/e20f28e5870399c2ebdcb1f5c585c23c/element - {"using":"xpath","value":"//span[contains(text(), \"Template for ETO-Process\")]"}
RESULT: {"using":"xpath","value":"//span[contains(text(), \"Template for ETO-Process\")]"}
COMMAND: POST /session/e20f28e5870399c2ebdcb1f5c585c23c/element/f.995A9DDE63C2E497ED89F267647EB6A9.d.291303C111E9891CDF253DACF9A02935.e.1657/click - {}
RESULT: {}
COMMAND: GET /session/e20f28e5870399c2ebdcb1f5c585c23c/screenshot - {}
RESULT: {}
COMMAND: POST /session/e20f28e5870399c2ebdcb1f5c585c23c/element - {"using":"xpath","value":"//bdi[contains(text(), \"OK\")]"}
RESULT: {"using":"xpath","value":"//bdi[contains(text(), \"OK\")]"}
COMMAND: POST /session/e20f28e5870399c2ebdcb1f5c585c23c/element/f.995A9DDE63C2E497ED89F267647EB6A9.d.291303C111E9891CDF253DACF9A02935.e.1658/click - {}
RESULT: {}
COMMAND: GET /session/e20f28e5870399c2ebdcb1f5c585c23c/screenshot - {}
RESULT: {}
COMMAND: POST /session/e20f28e5870399c2ebdcb1f5c585c23c/element - {"using":"xpath","value":"//input[@id=\"application-managesites-display-component---NewSite--addressDetailDetailsYard-inner\"]"}
RESULT: {"using":"xpath","value":"//input[@id=\"application-managesites-display-component---NewSite--addressDetailDetailsYard-inner\"]"}
COMMAND: POST /session/e20f28e5870399c2ebdcb1f5c585c23c/element/f.995A9DDE63C2E497ED89F267647EB6A9.d.291303C111E9891CDF253DACF9A02935.e.1440/value - {"text":"WebdriverYard5b0hl"}
RESULT: {"text":"WebdriverYard5b0hl"}
COMMAND: GET /session/e20f28e5870399c2ebdcb1f5c585c23c/screenshot - {}
RESULT: {}
COMMAND: POST /session/e20f28e5870399c2ebdcb1f5c585c23c/actions - {"actions":[{"id":"action4","type":"key","parameters":{},"actions":[{"type":"keyDown","value":"î€‡"},{"type":"pause","duration":10},{"type":"keyUp","value":"î€‡"}]}]}
RESULT: {"actions":[{"id":"action4","type":"key","parameters":{},"actions":[{"type":"keyDown","value":"î€‡"},{"type":"pause","duration":10},{"type":"keyUp","value":"î€‡"}]}]}
COMMAND: GET /session/e20f28e5870399c2ebdcb1f5c585c23c/screenshot - {}
RESULT: {}
COMMAND: POST /session/e20f28e5870399c2ebdcb1f5c585c23c/element - {"using":"xpath","value":"//input[@id=\"application-managesites-display-component---NewSite--addressDetailDetailsPartner-inner\"]"}
RESULT: {"using":"xpath","value":"//input[@id=\"application-managesites-display-component---NewSite--addressDetailDetailsPartner-inner\"]"}
COMMAND: POST /session/e20f28e5870399c2ebdcb1f5c585c23c/elements - {"using":"xpath","value":"//input[@id=\"application-managesites-display-component---NewSite--addressDetailDetailsPartner-inner\"]"}
RESULT: {"using":"xpath","value":"//input[@id=\"application-managesites-display-component---NewSite--addressDetailDetailsPartner-inner\"]"}
COMMAND: POST /session/e20f28e5870399c2ebdcb1f5c585c23c/execute/async - {"script":"<script> [1562 bytes]","args":[{"selector":{"controlType":"sap.m.Button","viewName":"etm.portal.ui.managesites.view.NewSmartSite","viewId":"application-managesites-display-component---NewSite","properties":{"text":"Commercial"},"interaction":{"idSuffix":"BDI-content"}},"wdio_ui5_key":"etmportal.ui.managesites.view.NewSmartSitesap.m.Button{\"text\":\"Commercial\"}"}]}
RESULT: {"script":"<script> [1562 bytes]","args":[{"selector":{"controlType":"sap.m.Button","viewName":"etm.portal.ui.managesites.view.NewSmartSite","viewId":"application-managesites-display-component---NewSite","properties":{"text":"Commercial"},"interaction":{"idSuffix":"BDI-content"}},"wdio_ui5_key":"etmportal.ui.managesites.view.NewSmartSitesap.m.Button{\"text\":\"Commercial\"}"}]}
RESULT: undefined
COMMAND: POST /session/e20f28e5870399c2ebdcb1f5c585c23c/element - {"using":"xpath","value":"//*[@id=\"application-managesites-display-component---NewSite--ObjectPageLayout-anchBar-__section5-anchor\"]"}
RESULT: {"using":"xpath","value":"//*[@id=\"application-managesites-display-component---NewSite--ObjectPageLayout-anchBar-__section5-anchor\"]"}
COMMAND: POST /session/e20f28e5870399c2ebdcb1f5c585c23c/element/f.995A9DDE63C2E497ED89F267647EB6A9.d.291303C111E9891CDF253DACF9A02935.e.1665/click - {}
RESULT: {}
COMMAND: POST /session/e20f28e5870399c2ebdcb1f5c585c23c/execute/async - {"script":"<script> [1562 bytes]","args":[{"selector":{"controlType":"sap.m.Button","viewName":"etm.portal.ui.managesites.view.NewSmartSite","viewId":"application-managesites-display-component---NewSite","i18NText":{"propertyName":"text","key":"save"},"interaction":{"idSuffix":"BDI-content"}},"wdio_ui5_key":"etmportal.ui.managesites.view.NewSmartSitesap.m.Button{\"propertyName\":\"text\",\"key\":\"save\"}"}]}
COMMAND: GET /session/e20f28e5870399c2ebdcb1f5c585c23c/screenshot - {}
RESULT: {"script":"<script> [1562 bytes]","args":[{"selector":{"controlType":"sap.m.Button","viewName":"etm.portal.ui.managesites.view.NewSmartSite","viewId":"application-managesites-display-component---NewSite","i18NText":{"propertyName":"text","key":"save"},"interaction":{"idSuffix":"BDI-content"}},"wdio_ui5_key":"etmportal.ui.managesites.view.NewSmartSitesap.m.Button{\"propertyName\":\"text\",\"key\":\"save\"}"}]}
RESULT: undefined
COMMAND: POST /session/e20f28e5870399c2ebdcb1f5c585c23c/element - {"using":"xpath","value":"//*[@id=\"__button16\"]"}
RESULT: {}
RESULT: {"using":"xpath","value":"//*[@id=\"__button16\"]"}
COMMAND: POST /session/e20f28e5870399c2ebdcb1f5c585c23c/element/f.995A9DDE63C2E497ED89F267647EB6A9.d.291303C111E9891CDF253DACF9A02935.e.1575/click - {}
RESULT: {}
COMMAND: GET /session/e20f28e5870399c2ebdcb1f5c585c23c/screenshot - {}
RESULT: {}
COMMAND: POST /session/e20f28e5870399c2ebdcb1f5c585c23c/execute/async - {"script":"<script> [1562 bytes]","args":[{"selector":{"id":"application-managesites-display-component---detailSite--addressDetailDetailsYardText"},"wdio_ui5_key":"applicationmanagesites-display-component---detailSite--addressDetailDetailsYardText"}]}
RESULT: {"script":"<script> [1562 bytes]","args":[{"selector":{"id":"application-managesites-display-component---detailSite--addressDetailDetailsYardText"},"wdio_ui5_key":"applicationmanagesites-display-component---detailSite--addressDetailDetailsYardText"}]}
RESULT: undefined
COMMAND: POST /session/e20f28e5870399c2ebdcb1f5c585c23c/element - {"using":"xpath","value":"//header/div/div[2]/div[2]/span"}
RESULT: {"using":"xpath","value":"//header/div/div[2]/div[2]/span"}
COMMAND: GET /session/e20f28e5870399c2ebdcb1f5c585c23c/element/f.995A9DDE63C2E497ED89F267647EB6A9.d.291303C111E9891CDF253DACF9A02935.e.1872/text - {}
RESULT: {}
COMMAND: POST /session/e20f28e5870399c2ebdcb1f5c585c23c/element - {"using":"xpath","value":"//header/div/div/div/div/div/div[2]/div/span"}
RESULT: {"using":"xpath","value":"//header/div/div/div/div/div/div[2]/div/span"}
COMMAND: GET /session/e20f28e5870399c2ebdcb1f5c585c23c/element/f.995A9DDE63C2E497ED89F267647EB6A9.d.291303C111E9891CDF253DACF9A02935.e.1873/text - {}
RESULT: {}
COMMAND: POST /session/e20f28e5870399c2ebdcb1f5c585c23c/element - {"using":"css selector","value":"#shell-header-logo"}
RESULT: {"using":"css selector","value":"#shell-header-logo"}
COMMAND: POST /session/e20f28e5870399c2ebdcb1f5c585c23c/element/f.995A9DDE63C2E497ED89F267647EB6A9.d.291303C111E9891CDF253DACF9A02935.e.1203/click - {}
RESULT: {}
COMMAND: GET /session/e20f28e5870399c2ebdcb1f5c585c23c/screenshot - {}
RESULT: {}
COMMAND: POST /session/e20f28e5870399c2ebdcb1f5c585c23c/execute/async - {"script":"<script> [1562 bytes]","args":[{"selector":{"controlType":"sap.m.GenericTile","properties":{"header":"Manage Partners"}},"wdio_ui5_key":"sapm.GenericTile{\"header\":\"Manage Partners\"}"}]}
RESULT: {"script":"<script> [1562 bytes]","args":[{"selector":{"controlType":"sap.m.GenericTile","properties":{"header":"Manage Partners"}},"wdio_ui5_key":"sapm.GenericTile{\"header\":\"Manage Partners\"}"}]}
RESULT: undefined
COMMAND: POST /session/e20f28e5870399c2ebdcb1f5c585c23c/element - {"using":"xpath","value":"//*[@id=\"__tile38\"]"}
RESULT: {"using":"xpath","value":"//*[@id=\"__tile38\"]"}
COMMAND: POST /session/e20f28e5870399c2ebdcb1f5c585c23c/element/f.995A9DDE63C2E497ED89F267647EB6A9.d.291303C111E9891CDF253DACF9A02935.e.1875/click - {}
RESULT: {}
COMMAND: GET /session/e20f28e5870399c2ebdcb1f5c585c23c/screenshot - {}
RESULT: {}
COMMAND: POST /session/e20f28e5870399c2ebdcb1f5c585c23c/elements - {"using":"xpath","value":"//span[text()='Error']"}
RESULT: {"using":"xpath","value":"//span[text()='Error']"}
COMMAND: POST /session/e20f28e5870399c2ebdcb1f5c585c23c/execute/async - {"script":"<script> [1562 bytes]","args":[{"selector":{"controlType":"sap.ui.core.Icon","viewName":"etm.portal.ui.managepartners.view.Master","viewId":"application-managepartners-display-component---masterPtm","properties":{"src":{"regex":{"source":"add"}}}},"wdio_ui5_key":"etmportal.ui.managepartners.view.Mastersap.ui.core.Icon{\"src\":{\"regex\":{\"source\":\"add\"}}}"}]}
RESULT: {"script":"<script> [1562 bytes]","args":[{"selector":{"controlType":"sap.ui.core.Icon","viewName":"etm.portal.ui.managepartners.view.Master","viewId":"application-managepartners-display-component---masterPtm","properties":{"src":{"regex":{"source":"add"}}}},"wdio_ui5_key":"etmportal.ui.managepartners.view.Mastersap.ui.core.Icon{\"src\":{\"regex\":{\"source\":\"add\"}}}"}]}
RESULT: undefined
COMMAND: POST /session/e20f28e5870399c2ebdcb1f5c585c23c/element - {"using":"xpath","value":"//*[@id=\"__button56-img\"]"}
RESULT: {"using":"xpath","value":"//*[@id=\"__button56-img\"]"}
COMMAND: POST /session/e20f28e5870399c2ebdcb1f5c585c23c/element/f.995A9DDE63C2E497ED89F267647EB6A9.d.291303C111E9891CDF253DACF9A02935.e.1924/click - {}
RESULT: {}
COMMAND: GET /session/e20f28e5870399c2ebdcb1f5c585c23c/screenshot - {}
RESULT: {}
COMMAND: POST /session/e20f28e5870399c2ebdcb1f5c585c23c/execute/async - {"script":"<script> [1562 bytes]","args":[{"selector":{"id":"application-managepartners-display-component---NewPartner--partnerId","interaction":{"idSuffix":"inner"}},"wdio_ui5_key":"applicationmanagepartners-display-component---NewPartner--partnerId"}]}
RESULT: {"script":"<script> [1562 bytes]","args":[{"selector":{"id":"application-managepartners-display-component---NewPartner--partnerId","interaction":{"idSuffix":"inner"}},"wdio_ui5_key":"applicationmanagepartners-display-component---NewPartner--partnerId"}]}
RESULT: undefined
COMMAND: POST /session/e20f28e5870399c2ebdcb1f5c585c23c/execute/async - {"script":"<script> [1562 bytes]","args":[{"selector":{"id":"application-managepartners-display-component---NewPartner--addressDetailDetailsName1","interaction":{"idSuffix":"inner"}},"wdio_ui5_key":"applicationmanagepartners-display-component---NewPartner--addressDetailDetailsName1"}]}
RESULT: {"script":"<script> [1562 bytes]","args":[{"selector":{"id":"application-managepartners-display-component---NewPartner--addressDetailDetailsName1","interaction":{"idSuffix":"inner"}},"wdio_ui5_key":"applicationmanagepartners-display-component---NewPartner--addressDetailDetailsName1"}]}
RESULT: undefined
COMMAND: POST /session/e20f28e5870399c2ebdcb1f5c585c23c/execute/async - {"script":"<script> [776 bytes]","args":[{"enterText":"WebdriverPartnerhfkb7","selector":{"id":"application-managepartners-display-component---NewPartner--addressDetailDetailsName1","interaction":{"idSuffix":"inner"}},"clearTextFirst":true,"interactionType":"ENTER_TEXT"}]}
RESULT: {"script":"<script> [776 bytes]","args":[{"enterText":"WebdriverPartnerhfkb7","selector":{"id":"application-managepartners-display-component---NewPartner--addressDetailDetailsName1","interaction":{"idSuffix":"inner"}},"clearTextFirst":true,"interactionType":"ENTER_TEXT"}]}
COMMAND: POST /session/e20f28e5870399c2ebdcb1f5c585c23c/execute/async - {"script":"<script> [1562 bytes]","args":[{"selector":{"id":"application-managepartners-display-component---NewPartner--addressDetailDetailsLanguage","interaction":{"idSuffix":"inner"}},"wdio_ui5_key":"applicationmanagepartners-display-component---NewPartner--addressDetailDetailsLanguage"}]}
RESULT: {"script":"<script> [1562 bytes]","args":[{"selector":{"id":"application-managepartners-display-component---NewPartner--addressDetailDetailsLanguage","interaction":{"idSuffix":"inner"}},"wdio_ui5_key":"applicationmanagepartners-display-component---NewPartner--addressDetailDetailsLanguage"}]}
RESULT: undefined
COMMAND: POST /session/e20f28e5870399c2ebdcb1f5c585c23c/execute/async - {"script":"<script> [776 bytes]","args":[{"enterText":"Romanian","selector":{"id":"application-managepartners-display-component---NewPartner--addressDetailDetailsLanguage","interaction":{"idSuffix":"inner"}},"clearTextFirst":true,"interactionType":"ENTER_TEXT"}]}
RESULT: {"script":"<script> [776 bytes]","args":[{"enterText":"Romanian","selector":{"id":"application-managepartners-display-component---NewPartner--addressDetailDetailsLanguage","interaction":{"idSuffix":"inner"}},"clearTextFirst":true,"interactionType":"ENTER_TEXT"}]}
COMMAND: POST /session/e20f28e5870399c2ebdcb1f5c585c23c/element - {"using":"xpath","value":"//input[contains(@id ,\"application-managepartners-display-component---NewPartner--addressDetailDetailsName1-inner\")]"}
RESULT: {"using":"xpath","value":"//input[contains(@id ,\"application-managepartners-display-component---NewPartner--addressDetailDetailsName1-inner\")]"}
COMMAND: GET /session/e20f28e5870399c2ebdcb1f5c585c23c/element/f.995A9DDE63C2E497ED89F267647EB6A9.d.291303C111E9891CDF253DACF9A02935.e.2110/property/value - {}
RESULT: {}
COMMAND: POST /session/e20f28e5870399c2ebdcb1f5c585c23c/execute/async - {"script":"<script> [1562 bytes]","args":[{"selector":{"id":"application-managepartners-display-component---NewPartner--addressDetailDetailsCity1","interaction":{"idSuffix":"inner"}},"wdio_ui5_key":"applicationmanagepartners-display-component---NewPartner--addressDetailDetailsCity1"}]}
COMMAND: GET /session/e20f28e5870399c2ebdcb1f5c585c23c/screenshot - {}
RESULT: {"script":"<script> [1562 bytes]","args":[{"selector":{"id":"application-managepartners-display-component---NewPartner--addressDetailDetailsCity1","interaction":{"idSuffix":"inner"}},"wdio_ui5_key":"applicationmanagepartners-display-component---NewPartner--addressDetailDetailsCity1"}]}
RESULT: undefined
COMMAND: POST /session/e20f28e5870399c2ebdcb1f5c585c23c/execute/async - {"script":"<script> [776 bytes]","args":[{"enterText":"Bucharest","selector":{"id":"application-managepartners-display-component---NewPartner--addressDetailDetailsCity1","interaction":{"idSuffix":"inner"}},"clearTextFirst":true,"interactionType":"ENTER_TEXT"}]}
RESULT: {}
RESULT: {"script":"<script> [776 bytes]","args":[{"enterText":"Bucharest","selector":{"id":"application-managepartners-display-component---NewPartner--addressDetailDetailsCity1","interaction":{"idSuffix":"inner"}},"clearTextFirst":true,"interactionType":"ENTER_TEXT"}]}
COMMAND: POST /session/e20f28e5870399c2ebdcb1f5c585c23c/execute/async - {"script":"<script> [1562 bytes]","args":[{"selector":{"id":"application-managepartners-display-component---NewPartner--addressDetailDetailsCountry","interaction":{"idSuffix":"inner"}},"wdio_ui5_key":"applicationmanagepartners-display-component---NewPartner--addressDetailDetailsCountry"}]}
RESULT: {"script":"<script> [1562 bytes]","args":[{"selector":{"id":"application-managepartners-display-component---NewPartner--addressDetailDetailsCountry","interaction":{"idSuffix":"inner"}},"wdio_ui5_key":"applicationmanagepartners-display-component---NewPartner--addressDetailDetailsCountry"}]}
RESULT: undefined
COMMAND: POST /session/e20f28e5870399c2ebdcb1f5c585c23c/execute/async - {"script":"<script> [6424 bytes]","args":[{"element-6066-11e4-a52e-4f735466cecf":"f.995A9DDE63C2E497ED89F267647EB6A9.d.291303C111E9891CDF253DACF9A02935.e.2117"},"setValue",["Romania"]]}
RESULT: {"script":"<script> [6424 bytes]","args":[{"element-6066-11e4-a52e-4f735466cecf":"f.995A9DDE63C2E497ED89F267647EB6A9.d.291303C111E9891CDF253DACF9A02935.e.2117"},"setValue",["Romania"]]}
COMMAND: POST /session/e20f28e5870399c2ebdcb1f5c585c23c/execute/async - {"script":"<script> [1562 bytes]","args":[{"selector":{"id":"application-managepartners-display-component---NewPartner--partnerDetailInternal","interaction":{"idSuffix":"inner"}},"wdio_ui5_key":"applicationmanagepartners-display-component---NewPartner--partnerDetailInternal"}]}
RESULT: {"script":"<script> [1562 bytes]","args":[{"selector":{"id":"application-managepartners-display-component---NewPartner--partnerDetailInternal","interaction":{"idSuffix":"inner"}},"wdio_ui5_key":"applicationmanagepartners-display-component---NewPartner--partnerDetailInternal"}]}
RESULT: undefined
COMMAND: POST /session/e20f28e5870399c2ebdcb1f5c585c23c/execute/async - {"script":"<script> [776 bytes]","args":[{"enterText":"External partner","selector":{"id":"application-managepartners-display-component---NewPartner--partnerDetailInternal","interaction":{"idSuffix":"inner"}},"clearTextFirst":true,"interactionType":"ENTER_TEXT"}]}
RESULT: {"script":"<script> [776 bytes]","args":[{"enterText":"External partner","selector":{"id":"application-managepartners-display-component---NewPartner--partnerDetailInternal","interaction":{"idSuffix":"inner"}},"clearTextFirst":true,"interactionType":"ENTER_TEXT"}]}
COMMAND: POST /session/e20f28e5870399c2ebdcb1f5c585c23c/execute/async - {"script":"<script> [1562 bytes]","args":[{"selector":{"id":"application-managepartners-display-component---NewPartner--partnerDetailsCurrency","interaction":{"idSuffix":"inner"}},"wdio_ui5_key":"applicationmanagepartners-display-component---NewPartner--partnerDetailsCurrency"}]}
RESULT: {"script":"<script> [1562 bytes]","args":[{"selector":{"id":"application-managepartners-display-component---NewPartner--partnerDetailsCurrency","interaction":{"idSuffix":"inner"}},"wdio_ui5_key":"applicationmanagepartners-display-component---NewPartner--partnerDetailsCurrency"}]}
RESULT: undefined
COMMAND: POST /session/e20f28e5870399c2ebdcb1f5c585c23c/execute/async - {"script":"<script> [776 bytes]","args":[{"enterText":"Euro","selector":{"id":"application-managepartners-display-component---NewPartner--partnerDetailsCurrency","interaction":{"idSuffix":"inner"}},"clearTextFirst":true,"interactionType":"ENTER_TEXT"}]}
RESULT: {"script":"<script> [776 bytes]","args":[{"enterText":"Euro","selector":{"id":"application-managepartners-display-component---NewPartner--partnerDetailsCurrency","interaction":{"idSuffix":"inner"}},"clearTextFirst":true,"interactionType":"ENTER_TEXT"}]}
COMMAND: POST /session/e20f28e5870399c2ebdcb1f5c585c23c/execute/async - {"script":"<script> [1562 bytes]","args":[{"selector":{"controlType":"sap.m.Button","viewName":"etm.portal.ui.managepartners.view.NewPartner","viewId":"application-managepartners-display-component---NewPartner","properties":{"text":"Commercial"},"interaction":{"idSuffix":"BDI-content"}},"wdio_ui5_key":"etmportal.ui.managepartners.view.NewPartnersap.m.Button{\"text\":\"Commercial\"}"}]}
RESULT: {"script":"<script> [1562 bytes]","args":[{"selector":{"controlType":"sap.m.Button","viewName":"etm.portal.ui.managepartners.view.NewPartner","viewId":"application-managepartners-display-component---NewPartner","properties":{"text":"Commercial"},"interaction":{"idSuffix":"BDI-content"}},"wdio_ui5_key":"etmportal.ui.managepartners.view.NewPartnersap.m.Button{\"text\":\"Commercial\"}"}]}
RESULT: undefined
COMMAND: POST /session/e20f28e5870399c2ebdcb1f5c585c23c/element - {"using":"xpath","value":"//*[@id=\"application-managepartners-display-component---NewPartner--ObjectPageLayout-anchBar-__section27-anchor\"]"}
RESULT: {"using":"xpath","value":"//*[@id=\"application-managepartners-display-component---NewPartner--ObjectPageLayout-anchBar-__section27-anchor\"]"}
COMMAND: POST /session/e20f28e5870399c2ebdcb1f5c585c23c/element/f.995A9DDE63C2E497ED89F267647EB6A9.d.291303C111E9891CDF253DACF9A02935.e.2356/click - {}
RESULT: {}
COMMAND: GET /session/e20f28e5870399c2ebdcb1f5c585c23c/screenshot - {}
RESULT: {}
COMMAND: POST /session/e20f28e5870399c2ebdcb1f5c585c23c/execute/async - {"script":"<script> [1562 bytes]","args":[{"selector":{"id":"application-managepartners-display-component---NewPartner--btnAddTableRow-img"},"wdio_ui5_key":"applicationmanagepartners-display-component---NewPartner--btnAddTableRow-img"}]}
RESULT: {"script":"<script> [1562 bytes]","args":[{"selector":{"id":"application-managepartners-display-component---NewPartner--btnAddTableRow-img"},"wdio_ui5_key":"applicationmanagepartners-display-component---NewPartner--btnAddTableRow-img"}]}
RESULT: undefined
COMMAND: POST /session/e20f28e5870399c2ebdcb1f5c585c23c/element - {"using":"xpath","value":"//*[@id=\"application-managepartners-display-component---NewPartner--btnAddTableRow-img\"]"}
RESULT: {"using":"xpath","value":"//*[@id=\"application-managepartners-display-component---NewPartner--btnAddTableRow-img\"]"}
COMMAND: POST /session/e20f28e5870399c2ebdcb1f5c585c23c/element/f.995A9DDE63C2E497ED89F267647EB6A9.d.291303C111E9891CDF253DACF9A02935.e.2362/click - {}
RESULT: {}
COMMAND: POST /session/e20f28e5870399c2ebdcb1f5c585c23c/element - {"using":"xpath","value":"//input[contains(@id ,\"application-managepartners-display-component---NewPartner--assignmentYard-application-managepartners-display-component---NewPartner\")]"}
COMMAND: GET /session/e20f28e5870399c2ebdcb1f5c585c23c/screenshot - {}
RESULT: {"using":"xpath","value":"//input[contains(@id ,\"application-managepartners-display-component---NewPartner--assignmentYard-application-managepartners-display-component---NewPartner\")]"}
COMMAND: POST /session/e20f28e5870399c2ebdcb1f5c585c23c/element/f.995A9DDE63C2E497ED89F267647EB6A9.d.291303C111E9891CDF253DACF9A02935.e.2365/clear - {}
RESULT: {}
RESULT: {}
COMMAND: POST /session/e20f28e5870399c2ebdcb1f5c585c23c/element/f.995A9DDE63C2E497ED89F267647EB6A9.d.291303C111E9891CDF253DACF9A02935.e.2365/value - {"text":"WebdriverYard5b0hl"}
COMMAND: GET /session/e20f28e5870399c2ebdcb1f5c585c23c/screenshot - {}
RESULT: {"text":"WebdriverYard5b0hl"}
COMMAND: GET /session/e20f28e5870399c2ebdcb1f5c585c23c/screenshot - {}
RESULT: {}
RESULT: {}
COMMAND: POST /session/e20f28e5870399c2ebdcb1f5c585c23c/execute/async - {"script":"<script> [1562 bytes]","args":[{"selector":{"controlType":"sap.m.Button","viewName":"etm.portal.ui.managepartners.view.NewPartner","viewId":"application-managepartners-display-component---NewPartner","i18NText":{"propertyName":"text","key":"save"},"interaction":{"idSuffix":"BDI-content"}},"wdio_ui5_key":"etmportal.ui.managepartners.view.NewPartnersap.m.Button{\"propertyName\":\"text\",\"key\":\"save\"}"}]}
RESULT: {"script":"<script> [1562 bytes]","args":[{"selector":{"controlType":"sap.m.Button","viewName":"etm.portal.ui.managepartners.view.NewPartner","viewId":"application-managepartners-display-component---NewPartner","i18NText":{"propertyName":"text","key":"save"},"interaction":{"idSuffix":"BDI-content"}},"wdio_ui5_key":"etmportal.ui.managepartners.view.NewPartnersap.m.Button{\"propertyName\":\"text\",\"key\":\"save\"}"}]}
RESULT: undefined
COMMAND: POST /session/e20f28e5870399c2ebdcb1f5c585c23c/element - {"using":"xpath","value":"//*[@id=\"__button64\"]"}
RESULT: {"using":"xpath","value":"//*[@id=\"__button64\"]"}
COMMAND: POST /session/e20f28e5870399c2ebdcb1f5c585c23c/element/f.995A9DDE63C2E497ED89F267647EB6A9.d.291303C111E9891CDF253DACF9A02935.e.2255/click - {}
RESULT: {}
COMMAND: GET /session/e20f28e5870399c2ebdcb1f5c585c23c/screenshot - {}
RESULT: {}
COMMAND: POST /session/e20f28e5870399c2ebdcb1f5c585c23c/element - {"using":"xpath","value":"//header/div/div[2]/div[2]/span"}
RESULT: {"using":"xpath","value":"//header/div/div[2]/div[2]/span"}
COMMAND: GET /session/e20f28e5870399c2ebdcb1f5c585c23c/element/f.995A9DDE63C2E497ED89F267647EB6A9.d.291303C111E9891CDF253DACF9A02935.e.2537/text - {}
RESULT: {}
COMMAND: POST /session/e20f28e5870399c2ebdcb1f5c585c23c/element - {"using":"xpath","value":"//header/div/div/div/div/div/div[2]/div/span"}
RESULT: {"using":"xpath","value":"//header/div/div/div/div/div/div[2]/div/span"}
COMMAND: GET /session/e20f28e5870399c2ebdcb1f5c585c23c/element/f.995A9DDE63C2E497ED89F267647EB6A9.d.291303C111E9891CDF253DACF9A02935.e.2538/text - {}
RESULT: {}
COMMAND: POST /session/e20f28e5870399c2ebdcb1f5c585c23c/execute/async - {"script":"<script> [1562 bytes]","args":[{"selector":{"id":"application-managepartners-display-component---detailPtm--partnerType"},"wdio_ui5_key":"applicationmanagepartners-display-component---detailPtm--partnerType"}]}
RESULT: {"script":"<script> [1562 bytes]","args":[{"selector":{"id":"application-managepartners-display-component---detailPtm--partnerType"},"wdio_ui5_key":"applicationmanagepartners-display-component---detailPtm--partnerType"}]}
RESULT: undefined
COMMAND: POST /session/e20f28e5870399c2ebdcb1f5c585c23c/execute/async - {"script":"<script> [6424 bytes]","args":[{"element-6066-11e4-a52e-4f735466cecf":"f.995A9DDE63C2E497ED89F267647EB6A9.d.291303C111E9891CDF253DACF9A02935.e.2539"},"getText",[]]}
RESULT: {"script":"<script> [6424 bytes]","args":[{"element-6066-11e4-a52e-4f735466cecf":"f.995A9DDE63C2E497ED89F267647EB6A9.d.291303C111E9891CDF253DACF9A02935.e.2539"},"getText",[]]}
COMMAND: POST /session/e20f28e5870399c2ebdcb1f5c585c23c/element - {"using":"css selector","value":"#shell-header-logo"}
RESULT: {"using":"css selector","value":"#shell-header-logo"}
COMMAND: POST /session/e20f28e5870399c2ebdcb1f5c585c23c/element/f.995A9DDE63C2E497ED89F267647EB6A9.d.291303C111E9891CDF253DACF9A02935.e.1877/click - {}
RESULT: {}
COMMAND: GET /session/e20f28e5870399c2ebdcb1f5c585c23c/screenshot - {}
RESULT: {}
]]></system-out>
    </testcase>
    <testcase classname="chrome.136_0_7103_93.windows.Webshop_-_Hyperlinks_visible_and_working_properly__US139085" name="Should create a new contract" time="98.013">
      <system-out><![CDATA[
COMMAND: POST /session/e20f28e5870399c2ebdcb1f5c585c23c/execute/async - {"script":"<script> [1562 bytes]","args":[{"selector":{"controlType":"sap.m.GenericTile","properties":{"header":"Manage Contracts"}},"wdio_ui5_key":"sapm.GenericTile{\"header\":\"Manage Contracts\"}"}]}
RESULT: {"script":"<script> [1562 bytes]","args":[{"selector":{"controlType":"sap.m.GenericTile","properties":{"header":"Manage Contracts"}},"wdio_ui5_key":"sapm.GenericTile{\"header\":\"Manage Contracts\"}"}]}
RESULT: undefined
COMMAND: POST /session/e20f28e5870399c2ebdcb1f5c585c23c/element - {"using":"xpath","value":"//*[@id=\"__tile130\"]"}
RESULT: {"using":"xpath","value":"//*[@id=\"__tile130\"]"}
COMMAND: POST /session/e20f28e5870399c2ebdcb1f5c585c23c/element/f.995A9DDE63C2E497ED89F267647EB6A9.d.291303C111E9891CDF253DACF9A02935.e.2541/click - {}
RESULT: {}
COMMAND: GET /session/e20f28e5870399c2ebdcb1f5c585c23c/screenshot - {}
RESULT: {}
COMMAND: POST /session/e20f28e5870399c2ebdcb1f5c585c23c/elements - {"using":"xpath","value":"//span[text()='Error']"}
RESULT: {"using":"xpath","value":"//span[text()='Error']"}
COMMAND: POST /session/e20f28e5870399c2ebdcb1f5c585c23c/element - {"using":"xpath","value":"//button[@data-kt=\"addButton\"]"}
RESULT: {"using":"xpath","value":"//button[@data-kt=\"addButton\"]"}
COMMAND: POST /session/e20f28e5870399c2ebdcb1f5c585c23c/element/f.995A9DDE63C2E497ED89F267647EB6A9.d.291303C111E9891CDF253DACF9A02935.e.2587/click - {}
RESULT: {}
COMMAND: GET /session/e20f28e5870399c2ebdcb1f5c585c23c/screenshot - {}
RESULT: {}
COMMAND: POST /session/e20f28e5870399c2ebdcb1f5c585c23c/execute/async - {"script":"<script> [1562 bytes]","args":[{"selector":{"id":"application-managecontracts-display-component---AddNewContract--projectDescription","interaction":{"idSuffix":"inner"}},"wdio_ui5_key":"applicationmanagecontracts-display-component---AddNewContract--projectDescription"}]}
RESULT: {"script":"<script> [1562 bytes]","args":[{"selector":{"id":"application-managecontracts-display-component---AddNewContract--projectDescription","interaction":{"idSuffix":"inner"}},"wdio_ui5_key":"applicationmanagecontracts-display-component---AddNewContract--projectDescription"}]}
RESULT: undefined
COMMAND: POST /session/e20f28e5870399c2ebdcb1f5c585c23c/execute/async - {"script":"<script> [776 bytes]","args":[{"enterText":"WdIOR2cdjvgm","selector":{"id":"application-managecontracts-display-component---AddNewContract--projectDescription","interaction":{"idSuffix":"inner"}},"clearTextFirst":true,"interactionType":"ENTER_TEXT"}]}
RESULT: {"script":"<script> [776 bytes]","args":[{"enterText":"WdIOR2cdjvgm","selector":{"id":"application-managecontracts-display-component---AddNewContract--projectDescription","interaction":{"idSuffix":"inner"}},"clearTextFirst":true,"interactionType":"ENTER_TEXT"}]}
COMMAND: POST /session/e20f28e5870399c2ebdcb1f5c585c23c/element - {"using":"xpath","value":"//input[@id=\"application-managecontracts-display-component---AddNewContract--yardId-inner\"]"}
RESULT: {"using":"xpath","value":"//input[@id=\"application-managecontracts-display-component---AddNewContract--yardId-inner\"]"}
COMMAND: POST /session/e20f28e5870399c2ebdcb1f5c585c23c/element/f.995A9DDE63C2E497ED89F267647EB6A9.d.291303C111E9891CDF253DACF9A02935.e.2893/clear - {}
RESULT: {}
COMMAND: POST /session/e20f28e5870399c2ebdcb1f5c585c23c/element/f.995A9DDE63C2E497ED89F267647EB6A9.d.291303C111E9891CDF253DACF9A02935.e.2893/value - {"text":"WebdriverYard5b0hl"}
COMMAND: GET /session/e20f28e5870399c2ebdcb1f5c585c23c/screenshot - {}
RESULT: {"text":"WebdriverYard5b0hl"}
COMMAND: GET /session/e20f28e5870399c2ebdcb1f5c585c23c/screenshot - {}
RESULT: {}
RESULT: {}
COMMAND: POST /session/e20f28e5870399c2ebdcb1f5c585c23c/actions - {"actions":[{"id":"action5","type":"key","parameters":{},"actions":[{"type":"keyDown","value":"î€‡"},{"type":"pause","duration":10},{"type":"keyUp","value":"î€‡"}]}]}
RESULT: {"actions":[{"id":"action5","type":"key","parameters":{},"actions":[{"type":"keyDown","value":"î€‡"},{"type":"pause","duration":10},{"type":"keyUp","value":"î€‡"}]}]}
COMMAND: GET /session/e20f28e5870399c2ebdcb1f5c585c23c/screenshot - {}
RESULT: {}
COMMAND: POST /session/e20f28e5870399c2ebdcb1f5c585c23c/element - {"using":"xpath","value":"//input[@id=\"application-managecontracts-display-component---AddNewContract--customerSelect-inner\"]"}
RESULT: {"using":"xpath","value":"//input[@id=\"application-managecontracts-display-component---AddNewContract--customerSelect-inner\"]"}
COMMAND: POST /session/e20f28e5870399c2ebdcb1f5c585c23c/element/f.995A9DDE63C2E497ED89F267647EB6A9.d.291303C111E9891CDF253DACF9A02935.e.2891/clear - {}
RESULT: {}
COMMAND: POST /session/e20f28e5870399c2ebdcb1f5c585c23c/element/f.995A9DDE63C2E497ED89F267647EB6A9.d.291303C111E9891CDF253DACF9A02935.e.2891/value - {"text":"WebdriverPartnerhfkb7"}
COMMAND: GET /session/e20f28e5870399c2ebdcb1f5c585c23c/screenshot - {}
RESULT: {"text":"WebdriverPartnerhfkb7"}
COMMAND: GET /session/e20f28e5870399c2ebdcb1f5c585c23c/screenshot - {}
RESULT: {}
RESULT: {}
COMMAND: POST /session/e20f28e5870399c2ebdcb1f5c585c23c/actions - {"actions":[{"id":"action6","type":"key","parameters":{},"actions":[{"type":"keyDown","value":"î€‡"},{"type":"pause","duration":10},{"type":"keyUp","value":"î€‡"}]}]}
RESULT: {"actions":[{"id":"action6","type":"key","parameters":{},"actions":[{"type":"keyDown","value":"î€‡"},{"type":"pause","duration":10},{"type":"keyUp","value":"î€‡"}]}]}
COMMAND: GET /session/e20f28e5870399c2ebdcb1f5c585c23c/screenshot - {}
RESULT: {}
COMMAND: POST /session/e20f28e5870399c2ebdcb1f5c585c23c/element - {"using":"xpath","value":"//input[@id=\"application-managecontracts-display-component---AddNewContract--site-inner\"]"}
RESULT: {"using":"xpath","value":"//input[@id=\"application-managecontracts-display-component---AddNewContract--site-inner\"]"}
COMMAND: POST /session/e20f28e5870399c2ebdcb1f5c585c23c/element/f.995A9DDE63C2E497ED89F267647EB6A9.d.291303C111E9891CDF253DACF9A02935.e.2892/clear - {}
RESULT: {}
COMMAND: POST /session/e20f28e5870399c2ebdcb1f5c585c23c/element/f.995A9DDE63C2E497ED89F267647EB6A9.d.291303C111E9891CDF253DACF9A02935.e.2892/value - {"text":"WebdriverSitehklaef"}
COMMAND: GET /session/e20f28e5870399c2ebdcb1f5c585c23c/screenshot - {}
RESULT: {"text":"WebdriverSitehklaef"}
COMMAND: GET /session/e20f28e5870399c2ebdcb1f5c585c23c/screenshot - {}
RESULT: {}
RESULT: {}
COMMAND: POST /session/e20f28e5870399c2ebdcb1f5c585c23c/actions - {"actions":[{"id":"action7","type":"key","parameters":{},"actions":[{"type":"keyDown","value":"î€‡"},{"type":"pause","duration":10},{"type":"keyUp","value":"î€‡"}]}]}
RESULT: {"actions":[{"id":"action7","type":"key","parameters":{},"actions":[{"type":"keyDown","value":"î€‡"},{"type":"pause","duration":10},{"type":"keyUp","value":"î€‡"}]}]}
COMMAND: GET /session/e20f28e5870399c2ebdcb1f5c585c23c/screenshot - {}
RESULT: {}
COMMAND: POST /session/e20f28e5870399c2ebdcb1f5c585c23c/element - {"using":"xpath","value":"//button[@data-kt=\"saveButton\"]"}
RESULT: {"using":"xpath","value":"//button[@data-kt=\"saveButton\"]"}
COMMAND: POST /session/e20f28e5870399c2ebdcb1f5c585c23c/element/f.995A9DDE63C2E497ED89F267647EB6A9.d.291303C111E9891CDF253DACF9A02935.e.2927/click - {}
RESULT: {}
COMMAND: GET /session/e20f28e5870399c2ebdcb1f5c585c23c/screenshot - {}
RESULT: {}
COMMAND: POST /session/e20f28e5870399c2ebdcb1f5c585c23c/execute/async - {"script":"<script> [1562 bytes]","args":[{"selector":{"id":"contractDetailTitleNoExpanded","viewName":"etm.portal.ui.managecontracts.view.Detail"},"wdio_ui5_key":"contractDetailTitleNoExpandedetmportal.ui.managecontracts.view.Detail"}]}
RESULT: {"script":"<script> [1562 bytes]","args":[{"selector":{"id":"contractDetailTitleNoExpanded","viewName":"etm.portal.ui.managecontracts.view.Detail"},"wdio_ui5_key":"contractDetailTitleNoExpandedetmportal.ui.managecontracts.view.Detail"}]}
RESULT: undefined
COMMAND: POST /session/e20f28e5870399c2ebdcb1f5c585c23c/execute/async - {"script":"<script> [6424 bytes]","args":[{"element-6066-11e4-a52e-4f735466cecf":"f.995A9DDE63C2E497ED89F267647EB6A9.d.291303C111E9891CDF253DACF9A02935.e.2997"},"getText",[]]}
RESULT: {"script":"<script> [6424 bytes]","args":[{"element-6066-11e4-a52e-4f735466cecf":"f.995A9DDE63C2E497ED89F267647EB6A9.d.291303C111E9891CDF253DACF9A02935.e.2997"},"getText",[]]}
COMMAND: POST /session/e20f28e5870399c2ebdcb1f5c585c23c/element - {"using":"css selector","value":"#shell-header-logo"}
RESULT: {"using":"css selector","value":"#shell-header-logo"}
COMMAND: POST /session/e20f28e5870399c2ebdcb1f5c585c23c/element/f.995A9DDE63C2E497ED89F267647EB6A9.d.291303C111E9891CDF253DACF9A02935.e.2543/click - {}
RESULT: {}
COMMAND: GET /session/e20f28e5870399c2ebdcb1f5c585c23c/screenshot - {}
RESULT: {}
]]></system-out>
    </testcase>
    <testcase classname="chrome.136_0_7103_93.windows.Webshop_-_Hyperlinks_visible_and_working_properly__US139085" name="Shpuld verify site hyperlinks" time="194.389">
      <system-out><![CDATA[
COMMAND: POST /session/e20f28e5870399c2ebdcb1f5c585c23c/element - {"using":"xpath","value":"//*[contains(@data-kt ,\"webshopDetailSiteLink\")]"}
COMMAND: GET /session/e20f28e5870399c2ebdcb1f5c585c23c/screenshot - {}
RESULT: {"using":"xpath","value":"//*[contains(@data-kt ,\"webshopDetailSiteLink\")]"}
COMMAND: POST /session/e20f28e5870399c2ebdcb1f5c585c23c/execute/sync - {"script":"<script> [8489 bytes]","args":[{"element-6066-11e4-a52e-4f735466cecf":"f.995A9DDE63C2E497ED89F267647EB6A9.d.291303C111E9891CDF253DACF9A02935.e.3090","ELEMENT":"f.995A9DDE63C2E497ED89F267647EB6A9.d.291303C111E9891CDF253DACF9A02935.e.3090"}]}
RESULT: {}
RESULT: {"script":"<script> [8489 bytes]","args":[{"element-6066-11e4-a52e-4f735466cecf":"f.995A9DDE63C2E497ED89F267647EB6A9.d.291303C111E9891CDF253DACF9A02935.e.3090","ELEMENT":"f.995A9DDE63C2E497ED89F267647EB6A9.d.291303C111E9891CDF253DACF9A02935.e.3090"}]}
COMMAND: GET /session/e20f28e5870399c2ebdcb1f5c585c23c/screenshot - {}
COMMAND: POST /session/e20f28e5870399c2ebdcb1f5c585c23c/execute/sync - {"script":"<script> [8489 bytes]","args":[{"element-6066-11e4-a52e-4f735466cecf":"f.995A9DDE63C2E497ED89F267647EB6A9.d.291303C111E9891CDF253DACF9A02935.e.3090","ELEMENT":"f.995A9DDE63C2E497ED89F267647EB6A9.d.291303C111E9891CDF253DACF9A02935.e.3090"}]}
RESULT: {}
RESULT: {"script":"<script> [8489 bytes]","args":[{"element-6066-11e4-a52e-4f735466cecf":"f.995A9DDE63C2E497ED89F267647EB6A9.d.291303C111E9891CDF253DACF9A02935.e.3090","ELEMENT":"f.995A9DDE63C2E497ED89F267647EB6A9.d.291303C111E9891CDF253DACF9A02935.e.3090"}]}
COMMAND: GET /session/e20f28e5870399c2ebdcb1f5c585c23c/screenshot - {}
RESULT: {}
COMMAND: POST /session/e20f28e5870399c2ebdcb1f5c585c23c/execute/sync - {"script":"<script> [8489 bytes]","args":[{"element-6066-11e4-a52e-4f735466cecf":"f.995A9DDE63C2E497ED89F267647EB6A9.d.291303C111E9891CDF253DACF9A02935.e.3090","ELEMENT":"f.995A9DDE63C2E497ED89F267647EB6A9.d.291303C111E9891CDF253DACF9A02935.e.3090"}]}
RESULT: {"script":"<script> [8489 bytes]","args":[{"element-6066-11e4-a52e-4f735466cecf":"f.995A9DDE63C2E497ED89F267647EB6A9.d.291303C111E9891CDF253DACF9A02935.e.3090","ELEMENT":"f.995A9DDE63C2E497ED89F267647EB6A9.d.291303C111E9891CDF253DACF9A02935.e.3090"}]}
COMMAND: GET /session/e20f28e5870399c2ebdcb1f5c585c23c/screenshot - {}
RESULT: {}
COMMAND: POST /session/e20f28e5870399c2ebdcb1f5c585c23c/execute/sync - {"script":"<script> [8489 bytes]","args":[{"element-6066-11e4-a52e-4f735466cecf":"f.995A9DDE63C2E497ED89F267647EB6A9.d.291303C111E9891CDF253DACF9A02935.e.3090","ELEMENT":"f.995A9DDE63C2E497ED89F267647EB6A9.d.291303C111E9891CDF253DACF9A02935.e.3090"}]}
RESULT: {"script":"<script> [8489 bytes]","args":[{"element-6066-11e4-a52e-4f735466cecf":"f.995A9DDE63C2E497ED89F267647EB6A9.d.291303C111E9891CDF253DACF9A02935.e.3090","ELEMENT":"f.995A9DDE63C2E497ED89F267647EB6A9.d.291303C111E9891CDF253DACF9A02935.e.3090"}]}
COMMAND: POST /session/e20f28e5870399c2ebdcb1f5c585c23c/execute/sync - {"script":"<script> [5351 bytes]","args":[{"element-6066-11e4-a52e-4f735466cecf":"f.995A9DDE63C2E497ED89F267647EB6A9.d.291303C111E9891CDF253DACF9A02935.e.3090","ELEMENT":"f.995A9DDE63C2E497ED89F267647EB6A9.d.291303C111E9891CDF253DACF9A02935.e.3090"}]}
COMMAND: GET /session/e20f28e5870399c2ebdcb1f5c585c23c/screenshot - {}
RESULT: {"script":"<script> [5351 bytes]","args":[{"element-6066-11e4-a52e-4f735466cecf":"f.995A9DDE63C2E497ED89F267647EB6A9.d.291303C111E9891CDF253DACF9A02935.e.3090","ELEMENT":"f.995A9DDE63C2E497ED89F267647EB6A9.d.291303C111E9891CDF253DACF9A02935.e.3090"}]}
COMMAND: GET /session/e20f28e5870399c2ebdcb1f5c585c23c/screenshot - {}
COMMAND: POST /session/e20f28e5870399c2ebdcb1f5c585c23c/execute/sync - {"script":"<script> [8489 bytes]","args":[{"element-6066-11e4-a52e-4f735466cecf":"f.995A9DDE63C2E497ED89F267647EB6A9.d.291303C111E9891CDF253DACF9A02935.e.3090","ELEMENT":"f.995A9DDE63C2E497ED89F267647EB6A9.d.291303C111E9891CDF253DACF9A02935.e.3090"}]}
RESULT: {}
RESULT: {}
RESULT: {"script":"<script> [8489 bytes]","args":[{"element-6066-11e4-a52e-4f735466cecf":"f.995A9DDE63C2E497ED89F267647EB6A9.d.291303C111E9891CDF253DACF9A02935.e.3090","ELEMENT":"f.995A9DDE63C2E497ED89F267647EB6A9.d.291303C111E9891CDF253DACF9A02935.e.3090"}]}
COMMAND: POST /session/e20f28e5870399c2ebdcb1f5c585c23c/execute/sync - {"script":"<script> [5351 bytes]","args":[{"element-6066-11e4-a52e-4f735466cecf":"f.995A9DDE63C2E497ED89F267647EB6A9.d.291303C111E9891CDF253DACF9A02935.e.3090","ELEMENT":"f.995A9DDE63C2E497ED89F267647EB6A9.d.291303C111E9891CDF253DACF9A02935.e.3090"}]}
COMMAND: GET /session/e20f28e5870399c2ebdcb1f5c585c23c/screenshot - {}
RESULT: {"script":"<script> [5351 bytes]","args":[{"element-6066-11e4-a52e-4f735466cecf":"f.995A9DDE63C2E497ED89F267647EB6A9.d.291303C111E9891CDF253DACF9A02935.e.3090","ELEMENT":"f.995A9DDE63C2E497ED89F267647EB6A9.d.291303C111E9891CDF253DACF9A02935.e.3090"}]}
COMMAND: POST /session/e20f28e5870399c2ebdcb1f5c585c23c/execute/sync - {"script":"<script> [8489 bytes]","args":[{"element-6066-11e4-a52e-4f735466cecf":"f.995A9DDE63C2E497ED89F267647EB6A9.d.291303C111E9891CDF253DACF9A02935.e.3090","ELEMENT":"f.995A9DDE63C2E497ED89F267647EB6A9.d.291303C111E9891CDF253DACF9A02935.e.3090"}]}
COMMAND: GET /session/e20f28e5870399c2ebdcb1f5c585c23c/screenshot - {}
RESULT: {}
RESULT: {"script":"<script> [8489 bytes]","args":[{"element-6066-11e4-a52e-4f735466cecf":"f.995A9DDE63C2E497ED89F267647EB6A9.d.291303C111E9891CDF253DACF9A02935.e.3090","ELEMENT":"f.995A9DDE63C2E497ED89F267647EB6A9.d.291303C111E9891CDF253DACF9A02935.e.3090"}]}
COMMAND: POST /session/e20f28e5870399c2ebdcb1f5c585c23c/execute/sync - {"script":"<script> [5351 bytes]","args":[{"element-6066-11e4-a52e-4f735466cecf":"f.995A9DDE63C2E497ED89F267647EB6A9.d.291303C111E9891CDF253DACF9A02935.e.3090","ELEMENT":"f.995A9DDE63C2E497ED89F267647EB6A9.d.291303C111E9891CDF253DACF9A02935.e.3090"}]}
COMMAND: GET /session/e20f28e5870399c2ebdcb1f5c585c23c/screenshot - {}
RESULT: {}
RESULT: {"script":"<script> [5351 bytes]","args":[{"element-6066-11e4-a52e-4f735466cecf":"f.995A9DDE63C2E497ED89F267647EB6A9.d.291303C111E9891CDF253DACF9A02935.e.3090","ELEMENT":"f.995A9DDE63C2E497ED89F267647EB6A9.d.291303C111E9891CDF253DACF9A02935.e.3090"}]}
COMMAND: POST /session/e20f28e5870399c2ebdcb1f5c585c23c/element - {"using":"xpath","value":"//*[contains(@data-kt ,\"webshopDetailSiteLink\")]"}
COMMAND: GET /session/e20f28e5870399c2ebdcb1f5c585c23c/screenshot - {}
RESULT: {}
RESULT: {"using":"xpath","value":"//*[contains(@data-kt ,\"webshopDetailSiteLink\")]"}
COMMAND: POST /session/e20f28e5870399c2ebdcb1f5c585c23c/element/f.995A9DDE63C2E497ED89F267647EB6A9.d.291303C111E9891CDF253DACF9A02935.e.3090/click - {}
RESULT: {}
RESULT: {}
COMMAND: GET /session/e20f28e5870399c2ebdcb1f5c585c23c/screenshot - {}
RESULT: {}
COMMAND: POST /session/e20f28e5870399c2ebdcb1f5c585c23c/element - {"using":"xpath","value":"//*[contains(@data-kt ,\"ContextMenuIdLink\")][contains(text(), \"Manage Site\")]"}
RESULT: {"using":"xpath","value":"//*[contains(@data-kt ,\"ContextMenuIdLink\")][contains(text(), \"Manage Site\")]"}
COMMAND: POST /session/e20f28e5870399c2ebdcb1f5c585c23c/execute/sync - {"script":"<script> [8489 bytes]","args":[{"element-6066-11e4-a52e-4f735466cecf":"f.995A9DDE63C2E497ED89F267647EB6A9.d.291303C111E9891CDF253DACF9A02935.e.3138","ELEMENT":"f.995A9DDE63C2E497ED89F267647EB6A9.d.291303C111E9891CDF253DACF9A02935.e.3138"}]}
COMMAND: POST /session/e20f28e5870399c2ebdcb1f5c585c23c/element - {"using":"xpath","value":"//*[contains(@data-kt ,\"ContextMenuId2Link\")][contains(text(), \"Site Overview\")]"}
RESULT: {"using":"xpath","value":"//*[contains(@data-kt ,\"ContextMenuId2Link\")][contains(text(), \"Site Overview\")]"}
COMMAND: POST /session/e20f28e5870399c2ebdcb1f5c585c23c/execute/sync - {"script":"<script> [8489 bytes]","args":[{"element-6066-11e4-a52e-4f735466cecf":"f.995A9DDE63C2E497ED89F267647EB6A9.d.291303C111E9891CDF253DACF9A02935.e.3139","ELEMENT":"f.995A9DDE63C2E497ED89F267647EB6A9.d.291303C111E9891CDF253DACF9A02935.e.3139"}]}
COMMAND: POST /session/e20f28e5870399c2ebdcb1f5c585c23c/element - {"using":"xpath","value":"//*[contains(@data-kt ,\"ContextMenuId3Link\")][contains(text(), \"Site Main Address\")]"}
RESULT: {"script":"<script> [8489 bytes]","args":[{"element-6066-11e4-a52e-4f735466cecf":"f.995A9DDE63C2E497ED89F267647EB6A9.d.291303C111E9891CDF253DACF9A02935.e.3138","ELEMENT":"f.995A9DDE63C2E497ED89F267647EB6A9.d.291303C111E9891CDF253DACF9A02935.e.3138"}]}
COMMAND: GET /session/e20f28e5870399c2ebdcb1f5c585c23c/screenshot - {}
RESULT: {"using":"xpath","value":"//*[contains(@data-kt ,\"ContextMenuId3Link\")][contains(text(), \"Site Main Address\")]"}
COMMAND: POST /session/e20f28e5870399c2ebdcb1f5c585c23c/execute/sync - {"script":"<script> [8489 bytes]","args":[{"element-6066-11e4-a52e-4f735466cecf":"f.995A9DDE63C2E497ED89F267647EB6A9.d.291303C111E9891CDF253DACF9A02935.e.3140","ELEMENT":"f.995A9DDE63C2E497ED89F267647EB6A9.d.291303C111E9891CDF253DACF9A02935.e.3140"}]}
COMMAND: POST /session/e20f28e5870399c2ebdcb1f5c585c23c/element/f.995A9DDE63C2E497ED89F267647EB6A9.d.291303C111E9891CDF253DACF9A02935.e.3138/click - {}
RESULT: {"script":"<script> [8489 bytes]","args":[{"element-6066-11e4-a52e-4f735466cecf":"f.995A9DDE63C2E497ED89F267647EB6A9.d.291303C111E9891CDF253DACF9A02935.e.3139","ELEMENT":"f.995A9DDE63C2E497ED89F267647EB6A9.d.291303C111E9891CDF253DACF9A02935.e.3139"}]}
COMMAND: GET /session/e20f28e5870399c2ebdcb1f5c585c23c/screenshot - {}
RESULT: {}
RESULT: {}
COMMAND: GET /session/e20f28e5870399c2ebdcb1f5c585c23c/screenshot - {}
RESULT: {"script":"<script> [8489 bytes]","args":[{"element-6066-11e4-a52e-4f735466cecf":"f.995A9DDE63C2E497ED89F267647EB6A9.d.291303C111E9891CDF253DACF9A02935.e.3140","ELEMENT":"f.995A9DDE63C2E497ED89F267647EB6A9.d.291303C111E9891CDF253DACF9A02935.e.3140"}]}
COMMAND: GET /session/e20f28e5870399c2ebdcb1f5c585c23c/screenshot - {}
RESULT: {}
RESULT: {}
RESULT: {}
COMMAND: POST /session/e20f28e5870399c2ebdcb1f5c585c23c/execute/async - {"script":"<script> [1562 bytes]","args":[{"selector":{"controlType":"sap.m.Title","viewName":"etm.portal.ui.managesites.view.Master","viewId":"application-managesites-display-component---masterSite","i18NText":{"propertyName":"text","key":"sites"}},"wdio_ui5_key":"etmportal.ui.managesites.view.Mastersap.m.Title{\"propertyName\":\"text\",\"key\":\"sites\"}"}]}
RESULT: {"script":"<script> [1562 bytes]","args":[{"selector":{"controlType":"sap.m.Title","viewName":"etm.portal.ui.managesites.view.Master","viewId":"application-managesites-display-component---masterSite","i18NText":{"propertyName":"text","key":"sites"}},"wdio_ui5_key":"etmportal.ui.managesites.view.Mastersap.m.Title{\"propertyName\":\"text\",\"key\":\"sites\"}"}]}
RESULT: undefined
COMMAND: POST /session/e20f28e5870399c2ebdcb1f5c585c23c/execute/async - {"script":"<script> [6424 bytes]","args":[{"element-6066-11e4-a52e-4f735466cecf":"f.995A9DDE63C2E497ED89F267647EB6A9.d.291303C111E9891CDF253DACF9A02935.e.3436"},"getText",[]]}
RESULT: {"script":"<script> [6424 bytes]","args":[{"element-6066-11e4-a52e-4f735466cecf":"f.995A9DDE63C2E497ED89F267647EB6A9.d.291303C111E9891CDF253DACF9A02935.e.3436"},"getText",[]]}
COMMAND: POST /session/e20f28e5870399c2ebdcb1f5c585c23c/execute/async - {"script":"<script> [1562 bytes]","args":[{"selector":{"id":"application-managesites-display-component---detailSite--addressDetailDetailsName1"},"wdio_ui5_key":"applicationmanagesites-display-component---detailSite--addressDetailDetailsName1"}]}
RESULT: {"script":"<script> [1562 bytes]","args":[{"selector":{"id":"application-managesites-display-component---detailSite--addressDetailDetailsName1"},"wdio_ui5_key":"applicationmanagesites-display-component---detailSite--addressDetailDetailsName1"}]}
RESULT: undefined
COMMAND: POST /session/e20f28e5870399c2ebdcb1f5c585c23c/execute/async - {"script":"<script> [6424 bytes]","args":[{"element-6066-11e4-a52e-4f735466cecf":"f.995A9DDE63C2E497ED89F267647EB6A9.d.291303C111E9891CDF253DACF9A02935.e.3189"},"getValue",[]]}
RESULT: {"script":"<script> [6424 bytes]","args":[{"element-6066-11e4-a52e-4f735466cecf":"f.995A9DDE63C2E497ED89F267647EB6A9.d.291303C111E9891CDF253DACF9A02935.e.3189"},"getValue",[]]}
COMMAND: POST /session/e20f28e5870399c2ebdcb1f5c585c23c/execute/async - {"script":"<script> [1562 bytes]","args":[{"selector":{"id":"backBtn"},"wdio_ui5_key":"backBtn"}]}
RESULT: {"script":"<script> [1562 bytes]","args":[{"selector":{"id":"backBtn"},"wdio_ui5_key":"backBtn"}]}
RESULT: undefined
COMMAND: POST /session/e20f28e5870399c2ebdcb1f5c585c23c/element - {"using":"xpath","value":"//*[@id=\"backBtn\"]"}
RESULT: {"using":"xpath","value":"//*[@id=\"backBtn\"]"}
COMMAND: POST /session/e20f28e5870399c2ebdcb1f5c585c23c/element/f.995A9DDE63C2E497ED89F267647EB6A9.d.291303C111E9891CDF253DACF9A02935.e.3438/click - {}
RESULT: {}
COMMAND: GET /session/e20f28e5870399c2ebdcb1f5c585c23c/screenshot - {}
RESULT: {}
COMMAND: POST /session/e20f28e5870399c2ebdcb1f5c585c23c/execute/sync - {"script":"<script> [8489 bytes]","args":[{"element-6066-11e4-a52e-4f735466cecf":"f.995A9DDE63C2E497ED89F267647EB6A9.d.291303C111E9891CDF253DACF9A02935.e.3090","ELEMENT":"f.995A9DDE63C2E497ED89F267647EB6A9.d.291303C111E9891CDF253DACF9A02935.e.3090"}]}
COMMAND: POST /session/e20f28e5870399c2ebdcb1f5c585c23c/element - {"using":"xpath","value":"//*[contains(@data-kt ,\"webshopDetailSiteLink\")]"}
RESULT: {"using":"xpath","value":"//*[contains(@data-kt ,\"webshopDetailSiteLink\")]"}
COMMAND: POST /session/e20f28e5870399c2ebdcb1f5c585c23c/execute/sync - {"script":"<script> [8489 bytes]","args":[{"element-6066-11e4-a52e-4f735466cecf":"f.995A9DDE63C2E497ED89F267647EB6A9.d.291303C111E9891CDF253DACF9A02935.e.3578","ELEMENT":"f.995A9DDE63C2E497ED89F267647EB6A9.d.291303C111E9891CDF253DACF9A02935.e.3578"}]}
RESULT: {"script":"<script> [8489 bytes]","args":[{"element-6066-11e4-a52e-4f735466cecf":"f.995A9DDE63C2E497ED89F267647EB6A9.d.291303C111E9891CDF253DACF9A02935.e.3578","ELEMENT":"f.995A9DDE63C2E497ED89F267647EB6A9.d.291303C111E9891CDF253DACF9A02935.e.3578"}]}
COMMAND: POST /session/e20f28e5870399c2ebdcb1f5c585c23c/execute/sync - {"script":"<script> [5351 bytes]","args":[{"element-6066-11e4-a52e-4f735466cecf":"f.995A9DDE63C2E497ED89F267647EB6A9.d.291303C111E9891CDF253DACF9A02935.e.3578","ELEMENT":"f.995A9DDE63C2E497ED89F267647EB6A9.d.291303C111E9891CDF253DACF9A02935.e.3578"}]}
COMMAND: GET /session/e20f28e5870399c2ebdcb1f5c585c23c/screenshot - {}
RESULT: {"script":"<script> [5351 bytes]","args":[{"element-6066-11e4-a52e-4f735466cecf":"f.995A9DDE63C2E497ED89F267647EB6A9.d.291303C111E9891CDF253DACF9A02935.e.3578","ELEMENT":"f.995A9DDE63C2E497ED89F267647EB6A9.d.291303C111E9891CDF253DACF9A02935.e.3578"}]}
COMMAND: POST /session/e20f28e5870399c2ebdcb1f5c585c23c/element - {"using":"xpath","value":"//*[contains(@data-kt ,\"webshopDetailSiteLink\")]"}
COMMAND: GET /session/e20f28e5870399c2ebdcb1f5c585c23c/screenshot - {}
RESULT: {}
RESULT: {"using":"xpath","value":"//*[contains(@data-kt ,\"webshopDetailSiteLink\")]"}
COMMAND: POST /session/e20f28e5870399c2ebdcb1f5c585c23c/element/f.995A9DDE63C2E497ED89F267647EB6A9.d.291303C111E9891CDF253DACF9A02935.e.3578/click - {}
RESULT: {}
RESULT: {}
COMMAND: GET /session/e20f28e5870399c2ebdcb1f5c585c23c/screenshot - {}
RESULT: {}
COMMAND: POST /session/e20f28e5870399c2ebdcb1f5c585c23c/element/f.995A9DDE63C2E497ED89F267647EB6A9.d.291303C111E9891CDF253DACF9A02935.e.3139/click - {}
COMMAND: POST /session/e20f28e5870399c2ebdcb1f5c585c23c/element - {"using":"xpath","value":"//*[contains(@data-kt ,\"ContextMenuId2Link\")][contains(text(), \"Site Overview\")]"}
RESULT: {"using":"xpath","value":"//*[contains(@data-kt ,\"ContextMenuId2Link\")][contains(text(), \"Site Overview\")]"}
COMMAND: POST /session/e20f28e5870399c2ebdcb1f5c585c23c/element/f.995A9DDE63C2E497ED89F267647EB6A9.d.291303C111E9891CDF253DACF9A02935.e.3139/click - {}
COMMAND: POST /session/e20f28e5870399c2ebdcb1f5c585c23c/element - {"using":"xpath","value":"//*[contains(@data-kt ,\"ContextMenuId2Link\")][contains(text(), \"Site Overview\")]"}
RESULT: {"using":"xpath","value":"//*[contains(@data-kt ,\"ContextMenuId2Link\")][contains(text(), \"Site Overview\")]"}
COMMAND: POST /session/e20f28e5870399c2ebdcb1f5c585c23c/element/f.995A9DDE63C2E497ED89F267647EB6A9.d.291303C111E9891CDF253DACF9A02935.e.3581/click - {}
RESULT: {}
COMMAND: GET /session/e20f28e5870399c2ebdcb1f5c585c23c/screenshot - {}
RESULT: {}
COMMAND: POST /session/e20f28e5870399c2ebdcb1f5c585c23c/execute/async - {"script":"<script> [1562 bytes]","args":[{"selector":{"id":"shellAppTitle"},"wdio_ui5_key":"shellAppTitle"}]}
RESULT: {"script":"<script> [1562 bytes]","args":[{"selector":{"id":"shellAppTitle"},"wdio_ui5_key":"shellAppTitle"}]}
RESULT: undefined
COMMAND: POST /session/e20f28e5870399c2ebdcb1f5c585c23c/execute/async - {"script":"<script> [6424 bytes]","args":[{"element-6066-11e4-a52e-4f735466cecf":"f.995A9DDE63C2E497ED89F267647EB6A9.d.291303C111E9891CDF253DACF9A02935.e.3661"},"getTitle",[]]}
RESULT: {"script":"<script> [6424 bytes]","args":[{"element-6066-11e4-a52e-4f735466cecf":"f.995A9DDE63C2E497ED89F267647EB6A9.d.291303C111E9891CDF253DACF9A02935.e.3661"},"getTitle",[]]}
COMMAND: POST /session/e20f28e5870399c2ebdcb1f5c585c23c/element - {"using":"xpath","value":"(//span[contains(text(), \"WebdriverSitehklaef\")])[2]"}
RESULT: {"using":"xpath","value":"(//span[contains(text(), \"WebdriverSitehklaef\")])[2]"}
COMMAND: POST /session/e20f28e5870399c2ebdcb1f5c585c23c/execute/sync - {"script":"<script> [8489 bytes]","args":[{"element-6066-11e4-a52e-4f735466cecf":"f.995A9DDE63C2E497ED89F267647EB6A9.d.291303C111E9891CDF253DACF9A02935.e.3662","ELEMENT":"f.995A9DDE63C2E497ED89F267647EB6A9.d.291303C111E9891CDF253DACF9A02935.e.3662"}]}
RESULT: undefined
COMMAND: POST /session/e20f28e5870399c2ebdcb1f5c585c23c/element - {"using":"xpath","value":"//*[@id=\"backBtn\"]"}
RESULT: {"script":"<script> [8489 bytes]","args":[{"element-6066-11e4-a52e-4f735466cecf":"f.995A9DDE63C2E497ED89F267647EB6A9.d.291303C111E9891CDF253DACF9A02935.e.3662","ELEMENT":"f.995A9DDE63C2E497ED89F267647EB6A9.d.291303C111E9891CDF253DACF9A02935.e.3662"}]}
COMMAND: GET /session/e20f28e5870399c2ebdcb1f5c585c23c/screenshot - {}
RESULT: {"using":"xpath","value":"//*[@id=\"backBtn\"]"}
COMMAND: POST /session/e20f28e5870399c2ebdcb1f5c585c23c/element/f.995A9DDE63C2E497ED89F267647EB6A9.d.291303C111E9891CDF253DACF9A02935.e.3438/click - {}
RESULT: {}
RESULT: {}
COMMAND: GET /session/e20f28e5870399c2ebdcb1f5c585c23c/screenshot - {}
RESULT: {}
COMMAND: POST /session/e20f28e5870399c2ebdcb1f5c585c23c/execute/sync - {"script":"<script> [8489 bytes]","args":[{"element-6066-11e4-a52e-4f735466cecf":"f.995A9DDE63C2E497ED89F267647EB6A9.d.291303C111E9891CDF253DACF9A02935.e.3578","ELEMENT":"f.995A9DDE63C2E497ED89F267647EB6A9.d.291303C111E9891CDF253DACF9A02935.e.3578"}]}
COMMAND: POST /session/e20f28e5870399c2ebdcb1f5c585c23c/element - {"using":"xpath","value":"//*[contains(@data-kt ,\"webshopDetailSiteLink\")]"}
RESULT: {"using":"xpath","value":"//*[contains(@data-kt ,\"webshopDetailSiteLink\")]"}
COMMAND: POST /session/e20f28e5870399c2ebdcb1f5c585c23c/execute/sync - {"script":"<script> [8489 bytes]","args":[{"element-6066-11e4-a52e-4f735466cecf":"f.995A9DDE63C2E497ED89F267647EB6A9.d.291303C111E9891CDF253DACF9A02935.e.3809","ELEMENT":"f.995A9DDE63C2E497ED89F267647EB6A9.d.291303C111E9891CDF253DACF9A02935.e.3809"}]}
RESULT: {"script":"<script> [8489 bytes]","args":[{"element-6066-11e4-a52e-4f735466cecf":"f.995A9DDE63C2E497ED89F267647EB6A9.d.291303C111E9891CDF253DACF9A02935.e.3809","ELEMENT":"f.995A9DDE63C2E497ED89F267647EB6A9.d.291303C111E9891CDF253DACF9A02935.e.3809"}]}
COMMAND: POST /session/e20f28e5870399c2ebdcb1f5c585c23c/execute/sync - {"script":"<script> [5351 bytes]","args":[{"element-6066-11e4-a52e-4f735466cecf":"f.995A9DDE63C2E497ED89F267647EB6A9.d.291303C111E9891CDF253DACF9A02935.e.3809","ELEMENT":"f.995A9DDE63C2E497ED89F267647EB6A9.d.291303C111E9891CDF253DACF9A02935.e.3809"}]}
COMMAND: GET /session/e20f28e5870399c2ebdcb1f5c585c23c/screenshot - {}
RESULT: {"script":"<script> [5351 bytes]","args":[{"element-6066-11e4-a52e-4f735466cecf":"f.995A9DDE63C2E497ED89F267647EB6A9.d.291303C111E9891CDF253DACF9A02935.e.3809","ELEMENT":"f.995A9DDE63C2E497ED89F267647EB6A9.d.291303C111E9891CDF253DACF9A02935.e.3809"}]}
COMMAND: POST /session/e20f28e5870399c2ebdcb1f5c585c23c/element - {"using":"xpath","value":"//*[contains(@data-kt ,\"webshopDetailSiteLink\")]"}
COMMAND: GET /session/e20f28e5870399c2ebdcb1f5c585c23c/screenshot - {}
RESULT: {}
RESULT: {"using":"xpath","value":"//*[contains(@data-kt ,\"webshopDetailSiteLink\")]"}
COMMAND: POST /session/e20f28e5870399c2ebdcb1f5c585c23c/element/f.995A9DDE63C2E497ED89F267647EB6A9.d.291303C111E9891CDF253DACF9A02935.e.3809/click - {}
RESULT: {}
RESULT: {}
COMMAND: GET /session/e20f28e5870399c2ebdcb1f5c585c23c/screenshot - {}
RESULT: {}
COMMAND: POST /session/e20f28e5870399c2ebdcb1f5c585c23c/element/f.995A9DDE63C2E497ED89F267647EB6A9.d.291303C111E9891CDF253DACF9A02935.e.3140/click - {}
COMMAND: POST /session/e20f28e5870399c2ebdcb1f5c585c23c/element - {"using":"xpath","value":"//*[contains(@data-kt ,\"ContextMenuId3Link\")][contains(text(), \"Site Main Address\")]"}
RESULT: {"using":"xpath","value":"//*[contains(@data-kt ,\"ContextMenuId3Link\")][contains(text(), \"Site Main Address\")]"}
COMMAND: POST /session/e20f28e5870399c2ebdcb1f5c585c23c/element/f.995A9DDE63C2E497ED89F267647EB6A9.d.291303C111E9891CDF253DACF9A02935.e.3140/click - {}
COMMAND: POST /session/e20f28e5870399c2ebdcb1f5c585c23c/element - {"using":"xpath","value":"//*[contains(@data-kt ,\"ContextMenuId3Link\")][contains(text(), \"Site Main Address\")]"}
RESULT: {"using":"xpath","value":"//*[contains(@data-kt ,\"ContextMenuId3Link\")][contains(text(), \"Site Main Address\")]"}
COMMAND: POST /session/e20f28e5870399c2ebdcb1f5c585c23c/element/f.995A9DDE63C2E497ED89F267647EB6A9.d.291303C111E9891CDF253DACF9A02935.e.3811/click - {}
RESULT: {}
COMMAND: GET /session/e20f28e5870399c2ebdcb1f5c585c23c/screenshot - {}
RESULT: {}
COMMAND: POST /session/e20f28e5870399c2ebdcb1f5c585c23c/element - {"using":"xpath","value":"//span[contains(@id ,\"application-addressmanagement-display-component---masterAdm--title1-inner\")]"}
RESULT: {"using":"xpath","value":"//span[contains(@id ,\"application-addressmanagement-display-component---masterAdm--title1-inner\")]"}
COMMAND: GET /session/e20f28e5870399c2ebdcb1f5c585c23c/element/f.995A9DDE63C2E497ED89F267647EB6A9.d.291303C111E9891CDF253DACF9A02935.e.4110/text - {}
RESULT: {}
COMMAND: POST /session/e20f28e5870399c2ebdcb1f5c585c23c/element - {"using":"xpath","value":"//span[contains(@id ,\"application-addressmanagement-display-component---detailAdm--addressDetailDetailsName1\")][contains(text(), \"WebdriverSitehklaef\")]"}
RESULT: {"using":"xpath","value":"//span[contains(@id ,\"application-addressmanagement-display-component---detailAdm--addressDetailDetailsName1\")][contains(text(), \"WebdriverSitehklaef\")]"}
COMMAND: POST /session/e20f28e5870399c2ebdcb1f5c585c23c/execute/sync - {"script":"<script> [8489 bytes]","args":[{"element-6066-11e4-a52e-4f735466cecf":"f.995A9DDE63C2E497ED89F267647EB6A9.d.291303C111E9891CDF253DACF9A02935.e.4111","ELEMENT":"f.995A9DDE63C2E497ED89F267647EB6A9.d.291303C111E9891CDF253DACF9A02935.e.4111"}]}
RESULT: undefined
COMMAND: POST /session/e20f28e5870399c2ebdcb1f5c585c23c/element - {"using":"xpath","value":"//*[@id=\"backBtn\"]"}
RESULT: {"script":"<script> [8489 bytes]","args":[{"element-6066-11e4-a52e-4f735466cecf":"f.995A9DDE63C2E497ED89F267647EB6A9.d.291303C111E9891CDF253DACF9A02935.e.4111","ELEMENT":"f.995A9DDE63C2E497ED89F267647EB6A9.d.291303C111E9891CDF253DACF9A02935.e.4111"}]}
COMMAND: GET /session/e20f28e5870399c2ebdcb1f5c585c23c/screenshot - {}
RESULT: {"using":"xpath","value":"//*[@id=\"backBtn\"]"}
COMMAND: POST /session/e20f28e5870399c2ebdcb1f5c585c23c/element/f.995A9DDE63C2E497ED89F267647EB6A9.d.291303C111E9891CDF253DACF9A02935.e.3438/click - {}
RESULT: {}
RESULT: {}
COMMAND: GET /session/e20f28e5870399c2ebdcb1f5c585c23c/screenshot - {}
RESULT: {}
COMMAND: POST /session/e20f28e5870399c2ebdcb1f5c585c23c/execute/sync - {"script":"<script> [8489 bytes]","args":[{"element-6066-11e4-a52e-4f735466cecf":"f.995A9DDE63C2E497ED89F267647EB6A9.d.291303C111E9891CDF253DACF9A02935.e.3809","ELEMENT":"f.995A9DDE63C2E497ED89F267647EB6A9.d.291303C111E9891CDF253DACF9A02935.e.3809"}]}
COMMAND: POST /session/e20f28e5870399c2ebdcb1f5c585c23c/element - {"using":"xpath","value":"//*[contains(@data-kt ,\"webshopDetailSiteLink\")]"}
RESULT: {"using":"xpath","value":"//*[contains(@data-kt ,\"webshopDetailSiteLink\")]"}
COMMAND: POST /session/e20f28e5870399c2ebdcb1f5c585c23c/execute/sync - {"script":"<script> [8489 bytes]","args":[{"element-6066-11e4-a52e-4f735466cecf":"f.995A9DDE63C2E497ED89F267647EB6A9.d.291303C111E9891CDF253DACF9A02935.e.4292","ELEMENT":"f.995A9DDE63C2E497ED89F267647EB6A9.d.291303C111E9891CDF253DACF9A02935.e.4292"}]}
RESULT: {"script":"<script> [8489 bytes]","args":[{"element-6066-11e4-a52e-4f735466cecf":"f.995A9DDE63C2E497ED89F267647EB6A9.d.291303C111E9891CDF253DACF9A02935.e.4292","ELEMENT":"f.995A9DDE63C2E497ED89F267647EB6A9.d.291303C111E9891CDF253DACF9A02935.e.4292"}]}
COMMAND: POST /session/e20f28e5870399c2ebdcb1f5c585c23c/execute/sync - {"script":"<script> [5351 bytes]","args":[{"element-6066-11e4-a52e-4f735466cecf":"f.995A9DDE63C2E497ED89F267647EB6A9.d.291303C111E9891CDF253DACF9A02935.e.4292","ELEMENT":"f.995A9DDE63C2E497ED89F267647EB6A9.d.291303C111E9891CDF253DACF9A02935.e.4292"}]}
COMMAND: GET /session/e20f28e5870399c2ebdcb1f5c585c23c/screenshot - {}
RESULT: {"script":"<script> [5351 bytes]","args":[{"element-6066-11e4-a52e-4f735466cecf":"f.995A9DDE63C2E497ED89F267647EB6A9.d.291303C111E9891CDF253DACF9A02935.e.4292","ELEMENT":"f.995A9DDE63C2E497ED89F267647EB6A9.d.291303C111E9891CDF253DACF9A02935.e.4292"}]}
COMMAND: POST /session/e20f28e5870399c2ebdcb1f5c585c23c/element - {"using":"xpath","value":"//*[contains(@data-kt ,\"webshopDetailSiteLink\")]"}
COMMAND: GET /session/e20f28e5870399c2ebdcb1f5c585c23c/screenshot - {}
RESULT: {}
RESULT: {"using":"xpath","value":"//*[contains(@data-kt ,\"webshopDetailSiteLink\")]"}
COMMAND: POST /session/e20f28e5870399c2ebdcb1f5c585c23c/element/f.995A9DDE63C2E497ED89F267647EB6A9.d.291303C111E9891CDF253DACF9A02935.e.4292/click - {}
RESULT: {}
RESULT: {}
COMMAND: GET /session/e20f28e5870399c2ebdcb1f5c585c23c/screenshot - {}
RESULT: {}
COMMAND: POST /session/e20f28e5870399c2ebdcb1f5c585c23c/element - {"using":"xpath","value":"//button[contains(@data-kt ,\"ContextMenuIdExternalLink\")]"}
RESULT: {"using":"xpath","value":"//button[contains(@data-kt ,\"ContextMenuIdExternalLink\")]"}
COMMAND: POST /session/e20f28e5870399c2ebdcb1f5c585c23c/element/f.995A9DDE63C2E497ED89F267647EB6A9.d.291303C111E9891CDF253DACF9A02935.e.4293/click - {}
RESULT: {}
COMMAND: GET /session/e20f28e5870399c2ebdcb1f5c585c23c/screenshot - {}
RESULT: {}
COMMAND: GET /session/e20f28e5870399c2ebdcb1f5c585c23c/window/handles - {}
RESULT: {}
COMMAND: POST /session/e20f28e5870399c2ebdcb1f5c585c23c/window - {"handle":"6E311A3608C17343B0F26C50D5DC2A1D"}
RESULT: {"handle":"6E311A3608C17343B0F26C50D5DC2A1D"}
COMMAND: GET /session/e20f28e5870399c2ebdcb1f5c585c23c/url - {}
RESULT: {}
COMMAND: GET /session/e20f28e5870399c2ebdcb1f5c585c23c/screenshot - {}
COMMAND: DELETE /session/e20f28e5870399c2ebdcb1f5c585c23c/window - {}
RESULT: {}
RESULT: {}
COMMAND: POST /session/e20f28e5870399c2ebdcb1f5c585c23c/window - {"handle":"995A9DDE63C2E497ED89F267647EB6A9"}
RESULT: {"handle":"995A9DDE63C2E497ED89F267647EB6A9"}
COMMAND: GET /session/e20f28e5870399c2ebdcb1f5c585c23c/url - {}
RESULT: {}
COMMAND: GET /session/e20f28e5870399c2ebdcb1f5c585c23c/screenshot - {}
RESULT: {}
COMMAND: POST /session/e20f28e5870399c2ebdcb1f5c585c23c/element - {"using":"xpath","value":"//button[contains(@data-kt ,\"ContextMenuExternalId2Link\")]"}
RESULT: {"using":"xpath","value":"//button[contains(@data-kt ,\"ContextMenuExternalId2Link\")]"}
COMMAND: POST /session/e20f28e5870399c2ebdcb1f5c585c23c/element/f.995A9DDE63C2E497ED89F267647EB6A9.d.291303C111E9891CDF253DACF9A02935.e.4532/click - {}
RESULT: {}
COMMAND: GET /session/e20f28e5870399c2ebdcb1f5c585c23c/screenshot - {}
RESULT: {}
COMMAND: GET /session/e20f28e5870399c2ebdcb1f5c585c23c/window/handles - {}
RESULT: {}
COMMAND: POST /session/e20f28e5870399c2ebdcb1f5c585c23c/window - {"handle":"310166383D4538E7EFAC212C1300E6F0"}
RESULT: {"handle":"310166383D4538E7EFAC212C1300E6F0"}
COMMAND: GET /session/e20f28e5870399c2ebdcb1f5c585c23c/url - {}
RESULT: {}
COMMAND: GET /session/e20f28e5870399c2ebdcb1f5c585c23c/screenshot - {}
RESULT: {}
COMMAND: POST /session/e20f28e5870399c2ebdcb1f5c585c23c/execute/sync - {"script":"<script> [8489 bytes]","args":[{"element-6066-11e4-a52e-4f735466cecf":"f.995A9DDE63C2E497ED89F267647EB6A9.d.291303C111E9891CDF253DACF9A02935.e.3662","ELEMENT":"f.995A9DDE63C2E497ED89F267647EB6A9.d.291303C111E9891CDF253DACF9A02935.e.3662"}]}
COMMAND: DELETE /session/e20f28e5870399c2ebdcb1f5c585c23c/window - {}
RESULT: {}
COMMAND: POST /session/e20f28e5870399c2ebdcb1f5c585c23c/window - {"handle":"995A9DDE63C2E497ED89F267647EB6A9"}
RESULT: {"handle":"995A9DDE63C2E497ED89F267647EB6A9"}
COMMAND: GET /session/e20f28e5870399c2ebdcb1f5c585c23c/url - {}
COMMAND: POST /session/e20f28e5870399c2ebdcb1f5c585c23c/element - {"using":"xpath","value":"(//span[contains(text(), \"WebdriverSitehklaef\")])[2]"}
RESULT: {}
COMMAND: GET /session/e20f28e5870399c2ebdcb1f5c585c23c/screenshot - {}
COMMAND: POST /session/e20f28e5870399c2ebdcb1f5c585c23c/execute/sync - {"script":"<script> [8489 bytes]","args":[{"element-6066-11e4-a52e-4f735466cecf":"f.995A9DDE63C2E497ED89F267647EB6A9.d.291303C111E9891CDF253DACF9A02935.e.4292","ELEMENT":"f.995A9DDE63C2E497ED89F267647EB6A9.d.291303C111E9891CDF253DACF9A02935.e.4292"}]}
RESULT: {"using":"xpath","value":"(//span[contains(text(), \"WebdriverSitehklaef\")])[2]"}
COMMAND: POST /session/e20f28e5870399c2ebdcb1f5c585c23c/element - {"using":"xpath","value":"(//span[contains(text(), \"WebdriverSitehklaef\")])[2]"}
RESULT: {}
RESULT: {"using":"xpath","value":"(//span[contains(text(), \"WebdriverSitehklaef\")])[2]"}
RESULT: {"script":"<script> [8489 bytes]","args":[{"element-6066-11e4-a52e-4f735466cecf":"f.995A9DDE63C2E497ED89F267647EB6A9.d.291303C111E9891CDF253DACF9A02935.e.4292","ELEMENT":"f.995A9DDE63C2E497ED89F267647EB6A9.d.291303C111E9891CDF253DACF9A02935.e.4292"}]}
COMMAND: POST /session/e20f28e5870399c2ebdcb1f5c585c23c/execute/sync - {"script":"<script> [5351 bytes]","args":[{"element-6066-11e4-a52e-4f735466cecf":"f.995A9DDE63C2E497ED89F267647EB6A9.d.291303C111E9891CDF253DACF9A02935.e.4292","ELEMENT":"f.995A9DDE63C2E497ED89F267647EB6A9.d.291303C111E9891CDF253DACF9A02935.e.4292"}]}
COMMAND: GET /session/e20f28e5870399c2ebdcb1f5c585c23c/screenshot - {}
RESULT: {"script":"<script> [5351 bytes]","args":[{"element-6066-11e4-a52e-4f735466cecf":"f.995A9DDE63C2E497ED89F267647EB6A9.d.291303C111E9891CDF253DACF9A02935.e.4292","ELEMENT":"f.995A9DDE63C2E497ED89F267647EB6A9.d.291303C111E9891CDF253DACF9A02935.e.4292"}]}
COMMAND: POST /session/e20f28e5870399c2ebdcb1f5c585c23c/element - {"using":"xpath","value":"//*[contains(@data-kt ,\"webshopDetailSiteLink\")]"}
COMMAND: GET /session/e20f28e5870399c2ebdcb1f5c585c23c/screenshot - {}
COMMAND: POST /session/e20f28e5870399c2ebdcb1f5c585c23c/element - {"using":"xpath","value":"(//span[contains(text(), \"WebdriverSitehklaef\")])[2]"}
RESULT: {}
RESULT: {"using":"xpath","value":"//*[contains(@data-kt ,\"webshopDetailSiteLink\")]"}
COMMAND: POST /session/e20f28e5870399c2ebdcb1f5c585c23c/element/f.995A9DDE63C2E497ED89F267647EB6A9.d.291303C111E9891CDF253DACF9A02935.e.4292/click - {}
RESULT: {}
RESULT: {"using":"xpath","value":"(//span[contains(text(), \"WebdriverSitehklaef\")])[2]"}
RESULT: {}
COMMAND: GET /session/e20f28e5870399c2ebdcb1f5c585c23c/screenshot - {}
RESULT: {}
COMMAND: POST /session/e20f28e5870399c2ebdcb1f5c585c23c/element - {"using":"xpath","value":"(//span[contains(text(), \"WebdriverSitehklaef\")])[2]"}
RESULT: {"using":"xpath","value":"(//span[contains(text(), \"WebdriverSitehklaef\")])[2]"}
COMMAND: POST /session/e20f28e5870399c2ebdcb1f5c585c23c/execute/sync - {"script":"<script> [8489 bytes]","args":[{"element-6066-11e4-a52e-4f735466cecf":"f.995A9DDE63C2E497ED89F267647EB6A9.d.291303C111E9891CDF253DACF9A02935.e.4547","ELEMENT":"f.995A9DDE63C2E497ED89F267647EB6A9.d.291303C111E9891CDF253DACF9A02935.e.4547"}]}
RESULT: {"script":"<script> [8489 bytes]","args":[{"element-6066-11e4-a52e-4f735466cecf":"f.995A9DDE63C2E497ED89F267647EB6A9.d.291303C111E9891CDF253DACF9A02935.e.4547","ELEMENT":"f.995A9DDE63C2E497ED89F267647EB6A9.d.291303C111E9891CDF253DACF9A02935.e.4547"}]}
COMMAND: GET /session/e20f28e5870399c2ebdcb1f5c585c23c/screenshot - {}
RESULT: {}
COMMAND: POST /session/e20f28e5870399c2ebdcb1f5c585c23c/element - {"using":"xpath","value":"(//button[contains(@data-kt ,\"ContextMenuExternalId3Link\")])[2]"}
RESULT: {"using":"xpath","value":"(//button[contains(@data-kt ,\"ContextMenuExternalId3Link\")])[2]"}
COMMAND: POST /session/e20f28e5870399c2ebdcb1f5c585c23c/element/f.995A9DDE63C2E497ED89F267647EB6A9.d.291303C111E9891CDF253DACF9A02935.e.4548/click - {}
RESULT: {}
COMMAND: GET /session/e20f28e5870399c2ebdcb1f5c585c23c/screenshot - {}
RESULT: {}
COMMAND: GET /session/e20f28e5870399c2ebdcb1f5c585c23c/window/handles - {}
RESULT: {}
COMMAND: POST /session/e20f28e5870399c2ebdcb1f5c585c23c/window - {"handle":"0632A5D20C1DBD4375A68C3656E3A34C"}
RESULT: {"handle":"0632A5D20C1DBD4375A68C3656E3A34C"}
COMMAND: GET /session/e20f28e5870399c2ebdcb1f5c585c23c/url - {}
RESULT: {}
COMMAND: GET /session/e20f28e5870399c2ebdcb1f5c585c23c/screenshot - {}
RESULT: {}
COMMAND: POST /session/e20f28e5870399c2ebdcb1f5c585c23c/execute/sync - {"script":"<script> [8489 bytes]","args":[{"element-6066-11e4-a52e-4f735466cecf":"f.995A9DDE63C2E497ED89F267647EB6A9.d.291303C111E9891CDF253DACF9A02935.e.4111","ELEMENT":"f.995A9DDE63C2E497ED89F267647EB6A9.d.291303C111E9891CDF253DACF9A02935.e.4111"}]}
RESULT: {"script":"<script> [8489 bytes]","args":[{"element-6066-11e4-a52e-4f735466cecf":"f.995A9DDE63C2E497ED89F267647EB6A9.d.291303C111E9891CDF253DACF9A02935.e.4111","ELEMENT":"f.995A9DDE63C2E497ED89F267647EB6A9.d.291303C111E9891CDF253DACF9A02935.e.4111"}]}
COMMAND: GET /session/e20f28e5870399c2ebdcb1f5c585c23c/screenshot - {}
RESULT: {}
COMMAND: POST /session/e20f28e5870399c2ebdcb1f5c585c23c/execute/sync - {"script":"<script> [8489 bytes]","args":[{"element-6066-11e4-a52e-4f735466cecf":"f.995A9DDE63C2E497ED89F267647EB6A9.d.291303C111E9891CDF253DACF9A02935.e.4111","ELEMENT":"f.995A9DDE63C2E497ED89F267647EB6A9.d.291303C111E9891CDF253DACF9A02935.e.4111"}]}
RESULT: {"script":"<script> [8489 bytes]","args":[{"element-6066-11e4-a52e-4f735466cecf":"f.995A9DDE63C2E497ED89F267647EB6A9.d.291303C111E9891CDF253DACF9A02935.e.4111","ELEMENT":"f.995A9DDE63C2E497ED89F267647EB6A9.d.291303C111E9891CDF253DACF9A02935.e.4111"}]}
COMMAND: GET /session/e20f28e5870399c2ebdcb1f5c585c23c/screenshot - {}
RESULT: {}
COMMAND: POST /session/e20f28e5870399c2ebdcb1f5c585c23c/execute/sync - {"script":"<script> [8489 bytes]","args":[{"element-6066-11e4-a52e-4f735466cecf":"f.995A9DDE63C2E497ED89F267647EB6A9.d.291303C111E9891CDF253DACF9A02935.e.4111","ELEMENT":"f.995A9DDE63C2E497ED89F267647EB6A9.d.291303C111E9891CDF253DACF9A02935.e.4111"}]}
RESULT: {"script":"<script> [8489 bytes]","args":[{"element-6066-11e4-a52e-4f735466cecf":"f.995A9DDE63C2E497ED89F267647EB6A9.d.291303C111E9891CDF253DACF9A02935.e.4111","ELEMENT":"f.995A9DDE63C2E497ED89F267647EB6A9.d.291303C111E9891CDF253DACF9A02935.e.4111"}]}
COMMAND: GET /session/e20f28e5870399c2ebdcb1f5c585c23c/screenshot - {}
RESULT: {}
COMMAND: POST /session/e20f28e5870399c2ebdcb1f5c585c23c/execute/sync - {"script":"<script> [8489 bytes]","args":[{"element-6066-11e4-a52e-4f735466cecf":"f.995A9DDE63C2E497ED89F267647EB6A9.d.291303C111E9891CDF253DACF9A02935.e.4111","ELEMENT":"f.995A9DDE63C2E497ED89F267647EB6A9.d.291303C111E9891CDF253DACF9A02935.e.4111"}]}
RESULT: {"script":"<script> [8489 bytes]","args":[{"element-6066-11e4-a52e-4f735466cecf":"f.995A9DDE63C2E497ED89F267647EB6A9.d.291303C111E9891CDF253DACF9A02935.e.4111","ELEMENT":"f.995A9DDE63C2E497ED89F267647EB6A9.d.291303C111E9891CDF253DACF9A02935.e.4111"}]}
COMMAND: GET /session/e20f28e5870399c2ebdcb1f5c585c23c/screenshot - {}
RESULT: {}
COMMAND: POST /session/e20f28e5870399c2ebdcb1f5c585c23c/execute/sync - {"script":"<script> [8489 bytes]","args":[{"element-6066-11e4-a52e-4f735466cecf":"f.995A9DDE63C2E497ED89F267647EB6A9.d.291303C111E9891CDF253DACF9A02935.e.4111","ELEMENT":"f.995A9DDE63C2E497ED89F267647EB6A9.d.291303C111E9891CDF253DACF9A02935.e.4111"}]}
RESULT: {"script":"<script> [8489 bytes]","args":[{"element-6066-11e4-a52e-4f735466cecf":"f.995A9DDE63C2E497ED89F267647EB6A9.d.291303C111E9891CDF253DACF9A02935.e.4111","ELEMENT":"f.995A9DDE63C2E497ED89F267647EB6A9.d.291303C111E9891CDF253DACF9A02935.e.4111"}]}
COMMAND: GET /session/e20f28e5870399c2ebdcb1f5c585c23c/screenshot - {}
RESULT: {}
COMMAND: POST /session/e20f28e5870399c2ebdcb1f5c585c23c/execute/sync - {"script":"<script> [8489 bytes]","args":[{"element-6066-11e4-a52e-4f735466cecf":"f.995A9DDE63C2E497ED89F267647EB6A9.d.291303C111E9891CDF253DACF9A02935.e.4111","ELEMENT":"f.995A9DDE63C2E497ED89F267647EB6A9.d.291303C111E9891CDF253DACF9A02935.e.4111"}]}
RESULT: {"script":"<script> [8489 bytes]","args":[{"element-6066-11e4-a52e-4f735466cecf":"f.995A9DDE63C2E497ED89F267647EB6A9.d.291303C111E9891CDF253DACF9A02935.e.4111","ELEMENT":"f.995A9DDE63C2E497ED89F267647EB6A9.d.291303C111E9891CDF253DACF9A02935.e.4111"}]}
COMMAND: GET /session/e20f28e5870399c2ebdcb1f5c585c23c/screenshot - {}
RESULT: {}
COMMAND: POST /session/e20f28e5870399c2ebdcb1f5c585c23c/execute/sync - {"script":"<script> [8489 bytes]","args":[{"element-6066-11e4-a52e-4f735466cecf":"f.995A9DDE63C2E497ED89F267647EB6A9.d.291303C111E9891CDF253DACF9A02935.e.4111","ELEMENT":"f.995A9DDE63C2E497ED89F267647EB6A9.d.291303C111E9891CDF253DACF9A02935.e.4111"}]}
RESULT: {"script":"<script> [8489 bytes]","args":[{"element-6066-11e4-a52e-4f735466cecf":"f.995A9DDE63C2E497ED89F267647EB6A9.d.291303C111E9891CDF253DACF9A02935.e.4111","ELEMENT":"f.995A9DDE63C2E497ED89F267647EB6A9.d.291303C111E9891CDF253DACF9A02935.e.4111"}]}
COMMAND: GET /session/e20f28e5870399c2ebdcb1f5c585c23c/screenshot - {}
RESULT: {}
COMMAND: POST /session/e20f28e5870399c2ebdcb1f5c585c23c/execute/sync - {"script":"<script> [8489 bytes]","args":[{"element-6066-11e4-a52e-4f735466cecf":"f.995A9DDE63C2E497ED89F267647EB6A9.d.291303C111E9891CDF253DACF9A02935.e.4111","ELEMENT":"f.995A9DDE63C2E497ED89F267647EB6A9.d.291303C111E9891CDF253DACF9A02935.e.4111"}]}
RESULT: {"script":"<script> [8489 bytes]","args":[{"element-6066-11e4-a52e-4f735466cecf":"f.995A9DDE63C2E497ED89F267647EB6A9.d.291303C111E9891CDF253DACF9A02935.e.4111","ELEMENT":"f.995A9DDE63C2E497ED89F267647EB6A9.d.291303C111E9891CDF253DACF9A02935.e.4111"}]}
COMMAND: GET /session/e20f28e5870399c2ebdcb1f5c585c23c/screenshot - {}
RESULT: {}
COMMAND: POST /session/e20f28e5870399c2ebdcb1f5c585c23c/execute/sync - {"script":"<script> [8489 bytes]","args":[{"element-6066-11e4-a52e-4f735466cecf":"f.995A9DDE63C2E497ED89F267647EB6A9.d.291303C111E9891CDF253DACF9A02935.e.4111","ELEMENT":"f.995A9DDE63C2E497ED89F267647EB6A9.d.291303C111E9891CDF253DACF9A02935.e.4111"}]}
RESULT: {"script":"<script> [8489 bytes]","args":[{"element-6066-11e4-a52e-4f735466cecf":"f.995A9DDE63C2E497ED89F267647EB6A9.d.291303C111E9891CDF253DACF9A02935.e.4111","ELEMENT":"f.995A9DDE63C2E497ED89F267647EB6A9.d.291303C111E9891CDF253DACF9A02935.e.4111"}]}
COMMAND: GET /session/e20f28e5870399c2ebdcb1f5c585c23c/screenshot - {}
RESULT: {}
COMMAND: POST /session/e20f28e5870399c2ebdcb1f5c585c23c/execute/sync - {"script":"<script> [8489 bytes]","args":[{"element-6066-11e4-a52e-4f735466cecf":"f.995A9DDE63C2E497ED89F267647EB6A9.d.291303C111E9891CDF253DACF9A02935.e.4111","ELEMENT":"f.995A9DDE63C2E497ED89F267647EB6A9.d.291303C111E9891CDF253DACF9A02935.e.4111"}]}
RESULT: {"script":"<script> [8489 bytes]","args":[{"element-6066-11e4-a52e-4f735466cecf":"f.995A9DDE63C2E497ED89F267647EB6A9.d.291303C111E9891CDF253DACF9A02935.e.4111","ELEMENT":"f.995A9DDE63C2E497ED89F267647EB6A9.d.291303C111E9891CDF253DACF9A02935.e.4111"}]}
COMMAND: GET /session/e20f28e5870399c2ebdcb1f5c585c23c/screenshot - {}
RESULT: {}
COMMAND: DELETE /session/e20f28e5870399c2ebdcb1f5c585c23c/window - {}
COMMAND: POST /session/e20f28e5870399c2ebdcb1f5c585c23c/execute/sync - {"script":"<script> [8489 bytes]","args":[{"element-6066-11e4-a52e-4f735466cecf":"f.995A9DDE63C2E497ED89F267647EB6A9.d.291303C111E9891CDF253DACF9A02935.e.4111","ELEMENT":"f.995A9DDE63C2E497ED89F267647EB6A9.d.291303C111E9891CDF253DACF9A02935.e.4111"}]}
RESULT: {}
COMMAND: POST /session/e20f28e5870399c2ebdcb1f5c585c23c/window - {"handle":"995A9DDE63C2E497ED89F267647EB6A9"}
RESULT: {"handle":"995A9DDE63C2E497ED89F267647EB6A9"}
COMMAND: GET /session/e20f28e5870399c2ebdcb1f5c585c23c/url - {}
COMMAND: POST /session/e20f28e5870399c2ebdcb1f5c585c23c/element - {"using":"xpath","value":"//span[contains(@id ,\"application-addressmanagement-display-component---detailAdm--addressDetailDetailsName1\")][contains(text(), \"WebdriverSitehklaef\")]"}
RESULT: {}
COMMAND: GET /session/e20f28e5870399c2ebdcb1f5c585c23c/screenshot - {}
RESULT: {"using":"xpath","value":"//span[contains(@id ,\"application-addressmanagement-display-component---detailAdm--addressDetailDetailsName1\")][contains(text(), \"WebdriverSitehklaef\")]"}
COMMAND: POST /session/e20f28e5870399c2ebdcb1f5c585c23c/element - {"using":"xpath","value":"//span[contains(@id ,\"application-addressmanagement-display-component---detailAdm--addressDetailDetailsName1\")][contains(text(), \"WebdriverSitehklaef\")]"}
RESULT: {}
RESULT: {"using":"xpath","value":"//span[contains(@id ,\"application-addressmanagement-display-component---detailAdm--addressDetailDetailsName1\")][contains(text(), \"WebdriverSitehklaef\")]"}
COMMAND: POST /session/e20f28e5870399c2ebdcb1f5c585c23c/element - {"using":"xpath","value":"//span[contains(@id ,\"application-addressmanagement-display-component---detailAdm--addressDetailDetailsName1\")][contains(text(), \"WebdriverSitehklaef\")]"}
RESULT: {"using":"xpath","value":"//span[contains(@id ,\"application-addressmanagement-display-component---detailAdm--addressDetailDetailsName1\")][contains(text(), \"WebdriverSitehklaef\")]"}
COMMAND: POST /session/e20f28e5870399c2ebdcb1f5c585c23c/element - {"using":"xpath","value":"//span[contains(@id ,\"application-addressmanagement-display-component---detailAdm--addressDetailDetailsName1\")][contains(text(), \"WebdriverSitehklaef\")]"}
RESULT: {"using":"xpath","value":"//span[contains(@id ,\"application-addressmanagement-display-component---detailAdm--addressDetailDetailsName1\")][contains(text(), \"WebdriverSitehklaef\")]"}
COMMAND: POST /session/e20f28e5870399c2ebdcb1f5c585c23c/element - {"using":"xpath","value":"//span[contains(@id ,\"application-addressmanagement-display-component---detailAdm--addressDetailDetailsName1\")][contains(text(), \"WebdriverSitehklaef\")]"}
RESULT: {"using":"xpath","value":"//span[contains(@id ,\"application-addressmanagement-display-component---detailAdm--addressDetailDetailsName1\")][contains(text(), \"WebdriverSitehklaef\")]"}
COMMAND: POST /session/e20f28e5870399c2ebdcb1f5c585c23c/element - {"using":"xpath","value":"//span[contains(@id ,\"application-addressmanagement-display-component---detailAdm--addressDetailDetailsName1\")][contains(text(), \"WebdriverSitehklaef\")]"}
RESULT: {"using":"xpath","value":"//span[contains(@id ,\"application-addressmanagement-display-component---detailAdm--addressDetailDetailsName1\")][contains(text(), \"WebdriverSitehklaef\")]"}
COMMAND: POST /session/e20f28e5870399c2ebdcb1f5c585c23c/element - {"using":"xpath","value":"//span[contains(@id ,\"application-addressmanagement-display-component---detailAdm--addressDetailDetailsName1\")][contains(text(), \"WebdriverSitehklaef\")]"}
RESULT: {"using":"xpath","value":"//span[contains(@id ,\"application-addressmanagement-display-component---detailAdm--addressDetailDetailsName1\")][contains(text(), \"WebdriverSitehklaef\")]"}
COMMAND: POST /session/e20f28e5870399c2ebdcb1f5c585c23c/element - {"using":"xpath","value":"//span[contains(@id ,\"application-addressmanagement-display-component---detailAdm--addressDetailDetailsName1\")][contains(text(), \"WebdriverSitehklaef\")]"}
RESULT: {"using":"xpath","value":"//span[contains(@id ,\"application-addressmanagement-display-component---detailAdm--addressDetailDetailsName1\")][contains(text(), \"WebdriverSitehklaef\")]"}
COMMAND: POST /session/e20f28e5870399c2ebdcb1f5c585c23c/element - {"using":"xpath","value":"//span[contains(@id ,\"application-addressmanagement-display-component---detailAdm--addressDetailDetailsName1\")][contains(text(), \"WebdriverSitehklaef\")]"}
RESULT: {"using":"xpath","value":"//span[contains(@id ,\"application-addressmanagement-display-component---detailAdm--addressDetailDetailsName1\")][contains(text(), \"WebdriverSitehklaef\")]"}
COMMAND: POST /session/e20f28e5870399c2ebdcb1f5c585c23c/element - {"using":"xpath","value":"//span[contains(@id ,\"application-addressmanagement-display-component---detailAdm--addressDetailDetailsName1\")][contains(text(), \"WebdriverSitehklaef\")]"}
RESULT: {"using":"xpath","value":"//span[contains(@id ,\"application-addressmanagement-display-component---detailAdm--addressDetailDetailsName1\")][contains(text(), \"WebdriverSitehklaef\")]"}
]]></system-out>
    </testcase>
  </testsuite>
  <testsuite timestamp="2025-05-16T16:19:58" time="264.844" tests="2" failures="0" errors="0" skipped="0">
    <properties>
      <property name="specId" value="0" />
      <property name="suiteName" value="Webshop - Hyperlinks visible and working properly  US139085" />
      <property name="capabilities" value="chrome.136_0_7103_93.windows" />
      <property name="file" value="file:///D:/a/1/s/test/specs/R2C/webshop-hyperlinks-partner-address-contract-item.spec.js" />
    </properties>
    <testcase classname="chrome.136_0_7103_93.windows.Webshop_-_Hyperlinks_visible_and_working_properly__US139085" name="Should verify the customer and address hyperlinks" time="167.739">
      <system-out><![CDATA[
COMMAND: POST /session/e20f28e5870399c2ebdcb1f5c585c23c/element - {"using":"xpath","value":"//*[contains(@data-kt ,\"webshopDetailAddressLink\")]"}
COMMAND: GET /session/e20f28e5870399c2ebdcb1f5c585c23c/screenshot - {}
RESULT: {"using":"xpath","value":"//*[contains(@data-kt ,\"webshopDetailAddressLink\")]"}
COMMAND: POST /session/e20f28e5870399c2ebdcb1f5c585c23c/execute/sync - {"script":"<script> [8489 bytes]","args":[{"element-6066-11e4-a52e-4f735466cecf":"f.995A9DDE63C2E497ED89F267647EB6A9.d.291303C111E9891CDF253DACF9A02935.e.4756","ELEMENT":"f.995A9DDE63C2E497ED89F267647EB6A9.d.291303C111E9891CDF253DACF9A02935.e.4756"}]}
COMMAND: POST /session/e20f28e5870399c2ebdcb1f5c585c23c/element - {"using":"xpath","value":"//span[contains(@id ,\"application-addressmanagement-display-component---detailAdm--addressDetailDetailsName1\")][contains(text(), \"WebdriverSitehklaef\")]"}
RESULT: {}
RESULT: {"script":"<script> [8489 bytes]","args":[{"element-6066-11e4-a52e-4f735466cecf":"f.995A9DDE63C2E497ED89F267647EB6A9.d.291303C111E9891CDF253DACF9A02935.e.4756","ELEMENT":"f.995A9DDE63C2E497ED89F267647EB6A9.d.291303C111E9891CDF253DACF9A02935.e.4756"}]}
COMMAND: POST /session/e20f28e5870399c2ebdcb1f5c585c23c/execute/sync - {"script":"<script> [5351 bytes]","args":[{"element-6066-11e4-a52e-4f735466cecf":"f.995A9DDE63C2E497ED89F267647EB6A9.d.291303C111E9891CDF253DACF9A02935.e.4756","ELEMENT":"f.995A9DDE63C2E497ED89F267647EB6A9.d.291303C111E9891CDF253DACF9A02935.e.4756"}]}
COMMAND: GET /session/e20f28e5870399c2ebdcb1f5c585c23c/screenshot - {}
RESULT: {"using":"xpath","value":"//span[contains(@id ,\"application-addressmanagement-display-component---detailAdm--addressDetailDetailsName1\")][contains(text(), \"WebdriverSitehklaef\")]"}
RESULT: {"script":"<script> [5351 bytes]","args":[{"element-6066-11e4-a52e-4f735466cecf":"f.995A9DDE63C2E497ED89F267647EB6A9.d.291303C111E9891CDF253DACF9A02935.e.4756","ELEMENT":"f.995A9DDE63C2E497ED89F267647EB6A9.d.291303C111E9891CDF253DACF9A02935.e.4756"}]}
COMMAND: GET /session/e20f28e5870399c2ebdcb1f5c585c23c/screenshot - {}
RESULT: {}
RESULT: {}
COMMAND: POST /session/e20f28e5870399c2ebdcb1f5c585c23c/element - {"using":"xpath","value":"//span[contains(@id ,\"application-addressmanagement-display-component---detailAdm--addressDetailDetailsName1\")][contains(text(), \"WebdriverSitehklaef\")]"}
RESULT: {"using":"xpath","value":"//span[contains(@id ,\"application-addressmanagement-display-component---detailAdm--addressDetailDetailsName1\")][contains(text(), \"WebdriverSitehklaef\")]"}
COMMAND: POST /session/e20f28e5870399c2ebdcb1f5c585c23c/element - {"using":"xpath","value":"//span[contains(@id ,\"application-addressmanagement-display-component---detailAdm--addressDetailDetailsName1\")][contains(text(), \"WebdriverSitehklaef\")]"}
RESULT: {"using":"xpath","value":"//span[contains(@id ,\"application-addressmanagement-display-component---detailAdm--addressDetailDetailsName1\")][contains(text(), \"WebdriverSitehklaef\")]"}
COMMAND: POST /session/e20f28e5870399c2ebdcb1f5c585c23c/element - {"using":"xpath","value":"//span[contains(@id ,\"application-addressmanagement-display-component---detailAdm--addressDetailDetailsName1\")][contains(text(), \"WebdriverSitehklaef\")]"}
RESULT: {"using":"xpath","value":"//span[contains(@id ,\"application-addressmanagement-display-component---detailAdm--addressDetailDetailsName1\")][contains(text(), \"WebdriverSitehklaef\")]"}
COMMAND: POST /session/e20f28e5870399c2ebdcb1f5c585c23c/element - {"using":"xpath","value":"//span[contains(@id ,\"application-addressmanagement-display-component---detailAdm--addressDetailDetailsName1\")][contains(text(), \"WebdriverSitehklaef\")]"}
RESULT: {"using":"xpath","value":"//span[contains(@id ,\"application-addressmanagement-display-component---detailAdm--addressDetailDetailsName1\")][contains(text(), \"WebdriverSitehklaef\")]"}
COMMAND: POST /session/e20f28e5870399c2ebdcb1f5c585c23c/element - {"using":"xpath","value":"//span[contains(@id ,\"application-addressmanagement-display-component---detailAdm--addressDetailDetailsName1\")][contains(text(), \"WebdriverSitehklaef\")]"}
RESULT: {"using":"xpath","value":"//span[contains(@id ,\"application-addressmanagement-display-component---detailAdm--addressDetailDetailsName1\")][contains(text(), \"WebdriverSitehklaef\")]"}
COMMAND: POST /session/e20f28e5870399c2ebdcb1f5c585c23c/element - {"using":"xpath","value":"//span[contains(@id ,\"application-addressmanagement-display-component---detailAdm--addressDetailDetailsName1\")][contains(text(), \"WebdriverSitehklaef\")]"}
RESULT: {"using":"xpath","value":"//span[contains(@id ,\"application-addressmanagement-display-component---detailAdm--addressDetailDetailsName1\")][contains(text(), \"WebdriverSitehklaef\")]"}
COMMAND: POST /session/e20f28e5870399c2ebdcb1f5c585c23c/element - {"using":"xpath","value":"//span[contains(@id ,\"application-addressmanagement-display-component---detailAdm--addressDetailDetailsName1\")][contains(text(), \"WebdriverSitehklaef\")]"}
RESULT: {"using":"xpath","value":"//span[contains(@id ,\"application-addressmanagement-display-component---detailAdm--addressDetailDetailsName1\")][contains(text(), \"WebdriverSitehklaef\")]"}
COMMAND: POST /session/e20f28e5870399c2ebdcb1f5c585c23c/element - {"using":"xpath","value":"//span[contains(@id ,\"application-addressmanagement-display-component---detailAdm--addressDetailDetailsName1\")][contains(text(), \"WebdriverSitehklaef\")]"}
COMMAND: POST /session/e20f28e5870399c2ebdcb1f5c585c23c/element - {"using":"xpath","value":"//*[contains(@data-kt ,\"webshopDetailAddressLink\")]"}
RESULT: {"using":"xpath","value":"//span[contains(@id ,\"application-addressmanagement-display-component---detailAdm--addressDetailDetailsName1\")][contains(text(), \"WebdriverSitehklaef\")]"}
RESULT: {"using":"xpath","value":"//*[contains(@data-kt ,\"webshopDetailAddressLink\")]"}
COMMAND: POST /session/e20f28e5870399c2ebdcb1f5c585c23c/element/f.995A9DDE63C2E497ED89F267647EB6A9.d.291303C111E9891CDF253DACF9A02935.e.4756/click - {}
RESULT: {}
COMMAND: GET /session/e20f28e5870399c2ebdcb1f5c585c23c/screenshot - {}
RESULT: {}
COMMAND: POST /session/e20f28e5870399c2ebdcb1f5c585c23c/element - {"using":"xpath","value":"//span[contains(@id ,\"application-addressmanagement-display-component---detailAdm--addressDetailDetailsName1\")][contains(text(), \"WebdriverSitehklaef\")]"}
RESULT: {"using":"xpath","value":"//span[contains(@id ,\"application-addressmanagement-display-component---detailAdm--addressDetailDetailsName1\")][contains(text(), \"WebdriverSitehklaef\")]"}
COMMAND: POST /session/e20f28e5870399c2ebdcb1f5c585c23c/element - {"using":"xpath","value":"//span[contains(@id ,\"application-addressmanagement-display-component---detailAdm--addressDetailDetailsName1\")][contains(text(), \"WebdriverSitehklaef\")]"}
RESULT: {"using":"xpath","value":"//span[contains(@id ,\"application-addressmanagement-display-component---detailAdm--addressDetailDetailsName1\")][contains(text(), \"WebdriverSitehklaef\")]"}
COMMAND: POST /session/e20f28e5870399c2ebdcb1f5c585c23c/element - {"using":"xpath","value":"//span[contains(@id ,\"application-addressmanagement-display-component---detailAdm--addressDetailDetailsName1\")][contains(text(), \"WebdriverSitehklaef\")]"}
RESULT: {"using":"xpath","value":"//span[contains(@id ,\"application-addressmanagement-display-component---detailAdm--addressDetailDetailsName1\")][contains(text(), \"WebdriverSitehklaef\")]"}
COMMAND: POST /session/e20f28e5870399c2ebdcb1f5c585c23c/element - {"using":"xpath","value":"//span[contains(@id ,\"application-addressmanagement-display-component---detailAdm--addressDetailDetailsName1\")][contains(text(), \"WebdriverSitehklaef\")]"}
RESULT: {"using":"xpath","value":"//span[contains(@id ,\"application-addressmanagement-display-component---detailAdm--addressDetailDetailsName1\")][contains(text(), \"WebdriverSitehklaef\")]"}
COMMAND: POST /session/e20f28e5870399c2ebdcb1f5c585c23c/element - {"using":"xpath","value":"//*[contains(@data-kt ,\"ContextMenuId2Link\")][contains(text(), \"Address Overview\")]"}
RESULT: {"using":"xpath","value":"//*[contains(@data-kt ,\"ContextMenuId2Link\")][contains(text(), \"Address Overview\")]"}
COMMAND: POST /session/e20f28e5870399c2ebdcb1f5c585c23c/execute/sync - {"script":"<script> [8489 bytes]","args":[{"element-6066-11e4-a52e-4f735466cecf":"f.995A9DDE63C2E497ED89F267647EB6A9.d.291303C111E9891CDF253DACF9A02935.e.4758","ELEMENT":"f.995A9DDE63C2E497ED89F267647EB6A9.d.291303C111E9891CDF253DACF9A02935.e.4758"}]}
COMMAND: POST /session/e20f28e5870399c2ebdcb1f5c585c23c/element - {"using":"xpath","value":"//*[contains(@data-kt ,\"ContextMenuId2Link\")][contains(text(), \"Address Overview\")]"}
RESULT: {"using":"xpath","value":"//*[contains(@data-kt ,\"ContextMenuId2Link\")][contains(text(), \"Address Overview\")]"}
COMMAND: POST /session/e20f28e5870399c2ebdcb1f5c585c23c/element/f.995A9DDE63C2E497ED89F267647EB6A9.d.291303C111E9891CDF253DACF9A02935.e.4758/click - {}
RESULT: {"script":"<script> [8489 bytes]","args":[{"element-6066-11e4-a52e-4f735466cecf":"f.995A9DDE63C2E497ED89F267647EB6A9.d.291303C111E9891CDF253DACF9A02935.e.4758","ELEMENT":"f.995A9DDE63C2E497ED89F267647EB6A9.d.291303C111E9891CDF253DACF9A02935.e.4758"}]}
COMMAND: GET /session/e20f28e5870399c2ebdcb1f5c585c23c/screenshot - {}
COMMAND: POST /session/e20f28e5870399c2ebdcb1f5c585c23c/element - {"using":"xpath","value":"//span[contains(@id ,\"application-addressmanagement-display-component---detailAdm--addressDetailDetailsName1\")][contains(text(), \"WebdriverSitehklaef\")]"}
RESULT: {}
COMMAND: GET /session/e20f28e5870399c2ebdcb1f5c585c23c/screenshot - {}
RESULT: {}
RESULT: {"using":"xpath","value":"//span[contains(@id ,\"application-addressmanagement-display-component---detailAdm--addressDetailDetailsName1\")][contains(text(), \"WebdriverSitehklaef\")]"}
COMMAND: POST /session/e20f28e5870399c2ebdcb1f5c585c23c/execute/sync - {"script":"<script> [8489 bytes]","args":[{"element-6066-11e4-a52e-4f735466cecf":"f.995A9DDE63C2E497ED89F267647EB6A9.d.291303C111E9891CDF253DACF9A02935.e.4984","ELEMENT":"f.995A9DDE63C2E497ED89F267647EB6A9.d.291303C111E9891CDF253DACF9A02935.e.4984"}]}
RESULT: {}
RESULT: {"script":"<script> [8489 bytes]","args":[{"element-6066-11e4-a52e-4f735466cecf":"f.995A9DDE63C2E497ED89F267647EB6A9.d.291303C111E9891CDF253DACF9A02935.e.4984","ELEMENT":"f.995A9DDE63C2E497ED89F267647EB6A9.d.291303C111E9891CDF253DACF9A02935.e.4984"}]}
COMMAND: GET /session/e20f28e5870399c2ebdcb1f5c585c23c/screenshot - {}
RESULT: {}
RESULT: undefined
COMMAND: POST /session/e20f28e5870399c2ebdcb1f5c585c23c/execute/async - {"script":"<script> [6424 bytes]","args":[{"element-6066-11e4-a52e-4f735466cecf":"f.995A9DDE63C2E497ED89F267647EB6A9.d.291303C111E9891CDF253DACF9A02935.e.3661"},"getTitle",[]]}
COMMAND: POST /session/e20f28e5870399c2ebdcb1f5c585c23c/execute/async - {"script":"<script> [1562 bytes]","args":[{"selector":{"id":"shellAppTitle"},"wdio_ui5_key":"shellAppTitle"}]}
RESULT: {"script":"<script> [1562 bytes]","args":[{"selector":{"id":"shellAppTitle"},"wdio_ui5_key":"shellAppTitle"}]}
COMMAND: POST /session/e20f28e5870399c2ebdcb1f5c585c23c/execute/async - {"script":"<script> [6424 bytes]","args":[{"element-6066-11e4-a52e-4f735466cecf":"f.995A9DDE63C2E497ED89F267647EB6A9.d.291303C111E9891CDF253DACF9A02935.e.4985"},"getTitle",[]]}
RESULT: {"script":"<script> [6424 bytes]","args":[{"element-6066-11e4-a52e-4f735466cecf":"f.995A9DDE63C2E497ED89F267647EB6A9.d.291303C111E9891CDF253DACF9A02935.e.4985"},"getTitle",[]]}
COMMAND: POST /session/e20f28e5870399c2ebdcb1f5c585c23c/element - {"using":"xpath","value":"//span[contains(@id ,\"application-addressmanagement-display-component---detailAdm--addressDetailDetailsName1\")][contains(text(), \"WebdriverSitehklaef\")]"}
RESULT: {"using":"xpath","value":"//span[contains(@id ,\"application-addressmanagement-display-component---detailAdm--addressDetailDetailsName1\")][contains(text(), \"WebdriverSitehklaef\")]"}
COMMAND: POST /session/e20f28e5870399c2ebdcb1f5c585c23c/execute/sync - {"script":"<script> [8489 bytes]","args":[{"element-6066-11e4-a52e-4f735466cecf":"f.995A9DDE63C2E497ED89F267647EB6A9.d.291303C111E9891CDF253DACF9A02935.e.4984","ELEMENT":"f.995A9DDE63C2E497ED89F267647EB6A9.d.291303C111E9891CDF253DACF9A02935.e.4984"}]}
RESULT: undefined
COMMAND: POST /session/e20f28e5870399c2ebdcb1f5c585c23c/element - {"using":"xpath","value":"//*[@id=\"backBtn\"]"}
RESULT: {"script":"<script> [8489 bytes]","args":[{"element-6066-11e4-a52e-4f735466cecf":"f.995A9DDE63C2E497ED89F267647EB6A9.d.291303C111E9891CDF253DACF9A02935.e.4984","ELEMENT":"f.995A9DDE63C2E497ED89F267647EB6A9.d.291303C111E9891CDF253DACF9A02935.e.4984"}]}
COMMAND: GET /session/e20f28e5870399c2ebdcb1f5c585c23c/screenshot - {}
RESULT: {"using":"xpath","value":"//*[@id=\"backBtn\"]"}
COMMAND: POST /session/e20f28e5870399c2ebdcb1f5c585c23c/element/f.995A9DDE63C2E497ED89F267647EB6A9.d.291303C111E9891CDF253DACF9A02935.e.3438/click - {}
RESULT: {}
RESULT: {}
COMMAND: GET /session/e20f28e5870399c2ebdcb1f5c585c23c/screenshot - {}
RESULT: {}
COMMAND: POST /session/e20f28e5870399c2ebdcb1f5c585c23c/execute/sync - {"script":"<script> [8489 bytes]","args":[{"element-6066-11e4-a52e-4f735466cecf":"f.995A9DDE63C2E497ED89F267647EB6A9.d.291303C111E9891CDF253DACF9A02935.e.4756","ELEMENT":"f.995A9DDE63C2E497ED89F267647EB6A9.d.291303C111E9891CDF253DACF9A02935.e.4756"}]}
COMMAND: POST /session/e20f28e5870399c2ebdcb1f5c585c23c/element - {"using":"xpath","value":"//*[contains(@data-kt ,\"webshopDetailAddressLink\")]"}
RESULT: {"using":"xpath","value":"//*[contains(@data-kt ,\"webshopDetailAddressLink\")]"}
COMMAND: POST /session/e20f28e5870399c2ebdcb1f5c585c23c/execute/sync - {"script":"<script> [8489 bytes]","args":[{"element-6066-11e4-a52e-4f735466cecf":"f.995A9DDE63C2E497ED89F267647EB6A9.d.291303C111E9891CDF253DACF9A02935.e.5125","ELEMENT":"f.995A9DDE63C2E497ED89F267647EB6A9.d.291303C111E9891CDF253DACF9A02935.e.5125"}]}
RESULT: {"script":"<script> [8489 bytes]","args":[{"element-6066-11e4-a52e-4f735466cecf":"f.995A9DDE63C2E497ED89F267647EB6A9.d.291303C111E9891CDF253DACF9A02935.e.5125","ELEMENT":"f.995A9DDE63C2E497ED89F267647EB6A9.d.291303C111E9891CDF253DACF9A02935.e.5125"}]}
COMMAND: POST /session/e20f28e5870399c2ebdcb1f5c585c23c/execute/sync - {"script":"<script> [5351 bytes]","args":[{"element-6066-11e4-a52e-4f735466cecf":"f.995A9DDE63C2E497ED89F267647EB6A9.d.291303C111E9891CDF253DACF9A02935.e.5125","ELEMENT":"f.995A9DDE63C2E497ED89F267647EB6A9.d.291303C111E9891CDF253DACF9A02935.e.5125"}]}
COMMAND: GET /session/e20f28e5870399c2ebdcb1f5c585c23c/screenshot - {}
RESULT: {"script":"<script> [5351 bytes]","args":[{"element-6066-11e4-a52e-4f735466cecf":"f.995A9DDE63C2E497ED89F267647EB6A9.d.291303C111E9891CDF253DACF9A02935.e.5125","ELEMENT":"f.995A9DDE63C2E497ED89F267647EB6A9.d.291303C111E9891CDF253DACF9A02935.e.5125"}]}
COMMAND: POST /session/e20f28e5870399c2ebdcb1f5c585c23c/element - {"using":"xpath","value":"//*[contains(@data-kt ,\"webshopDetailAddressLink\")]"}
COMMAND: GET /session/e20f28e5870399c2ebdcb1f5c585c23c/screenshot - {}
RESULT: {}
RESULT: {"using":"xpath","value":"//*[contains(@data-kt ,\"webshopDetailAddressLink\")]"}
COMMAND: POST /session/e20f28e5870399c2ebdcb1f5c585c23c/element/f.995A9DDE63C2E497ED89F267647EB6A9.d.291303C111E9891CDF253DACF9A02935.e.5125/click - {}
RESULT: {}
RESULT: {}
COMMAND: GET /session/e20f28e5870399c2ebdcb1f5c585c23c/screenshot - {}
RESULT: {}
COMMAND: POST /session/e20f28e5870399c2ebdcb1f5c585c23c/element - {"using":"xpath","value":"//button[contains(@data-kt ,\"ContextMenuExternalId2Link\")]"}
RESULT: {"using":"xpath","value":"//button[contains(@data-kt ,\"ContextMenuExternalId2Link\")]"}
COMMAND: POST /session/e20f28e5870399c2ebdcb1f5c585c23c/element/f.995A9DDE63C2E497ED89F267647EB6A9.d.291303C111E9891CDF253DACF9A02935.e.5126/click - {}
RESULT: {}
COMMAND: GET /session/e20f28e5870399c2ebdcb1f5c585c23c/screenshot - {}
RESULT: {}
COMMAND: GET /session/e20f28e5870399c2ebdcb1f5c585c23c/window/handles - {}
RESULT: {}
COMMAND: POST /session/e20f28e5870399c2ebdcb1f5c585c23c/window - {"handle":"97850B682BC8317800F2C6946C530F44"}
RESULT: {"handle":"97850B682BC8317800F2C6946C530F44"}
COMMAND: GET /session/e20f28e5870399c2ebdcb1f5c585c23c/url - {}
RESULT: {}
COMMAND: GET /session/e20f28e5870399c2ebdcb1f5c585c23c/screenshot - {}
RESULT: {}
COMMAND: POST /session/e20f28e5870399c2ebdcb1f5c585c23c/execute/sync - {"script":"<script> [8489 bytes]","args":[{"element-6066-11e4-a52e-4f735466cecf":"f.995A9DDE63C2E497ED89F267647EB6A9.d.291303C111E9891CDF253DACF9A02935.e.4984","ELEMENT":"f.995A9DDE63C2E497ED89F267647EB6A9.d.291303C111E9891CDF253DACF9A02935.e.4984"}]}
COMMAND: DELETE /session/e20f28e5870399c2ebdcb1f5c585c23c/window - {}
RESULT: {}
COMMAND: POST /session/e20f28e5870399c2ebdcb1f5c585c23c/window - {"handle":"995A9DDE63C2E497ED89F267647EB6A9"}
RESULT: {"handle":"995A9DDE63C2E497ED89F267647EB6A9"}
COMMAND: GET /session/e20f28e5870399c2ebdcb1f5c585c23c/url - {}
COMMAND: POST /session/e20f28e5870399c2ebdcb1f5c585c23c/element - {"using":"xpath","value":"//span[contains(@id ,\"application-addressmanagement-display-component---detailAdm--addressDetailDetailsName1\")][contains(text(), \"WebdriverSitehklaef\")]"}
RESULT: {}
COMMAND: GET /session/e20f28e5870399c2ebdcb1f5c585c23c/screenshot - {}
RESULT: {"using":"xpath","value":"//span[contains(@id ,\"application-addressmanagement-display-component---detailAdm--addressDetailDetailsName1\")][contains(text(), \"WebdriverSitehklaef\")]"}
COMMAND: POST /session/e20f28e5870399c2ebdcb1f5c585c23c/element - {"using":"xpath","value":"//span[contains(@id ,\"application-addressmanagement-display-component---detailAdm--addressDetailDetailsName1\")][contains(text(), \"WebdriverSitehklaef\")]"}
RESULT: {}
RESULT: {"using":"xpath","value":"//span[contains(@id ,\"application-addressmanagement-display-component---detailAdm--addressDetailDetailsName1\")][contains(text(), \"WebdriverSitehklaef\")]"}
COMMAND: POST /session/e20f28e5870399c2ebdcb1f5c585c23c/element - {"using":"xpath","value":"//span[contains(@id ,\"application-addressmanagement-display-component---detailAdm--addressDetailDetailsName1\")][contains(text(), \"WebdriverSitehklaef\")]"}
RESULT: {"using":"xpath","value":"//span[contains(@id ,\"application-addressmanagement-display-component---detailAdm--addressDetailDetailsName1\")][contains(text(), \"WebdriverSitehklaef\")]"}
COMMAND: POST /session/e20f28e5870399c2ebdcb1f5c585c23c/element - {"using":"xpath","value":"//span[contains(@id ,\"application-addressmanagement-display-component---detailAdm--addressDetailDetailsName1\")][contains(text(), \"WebdriverSitehklaef\")]"}
RESULT: {"using":"xpath","value":"//span[contains(@id ,\"application-addressmanagement-display-component---detailAdm--addressDetailDetailsName1\")][contains(text(), \"WebdriverSitehklaef\")]"}
COMMAND: POST /session/e20f28e5870399c2ebdcb1f5c585c23c/element - {"using":"xpath","value":"//span[contains(@id ,\"application-addressmanagement-display-component---detailAdm--addressDetailDetailsName1\")][contains(text(), \"WebdriverSitehklaef\")]"}
RESULT: {"using":"xpath","value":"//span[contains(@id ,\"application-addressmanagement-display-component---detailAdm--addressDetailDetailsName1\")][contains(text(), \"WebdriverSitehklaef\")]"}
COMMAND: POST /session/e20f28e5870399c2ebdcb1f5c585c23c/element - {"using":"xpath","value":"//span[contains(@id ,\"application-addressmanagement-display-component---detailAdm--addressDetailDetailsName1\")][contains(text(), \"WebdriverSitehklaef\")]"}
RESULT: {"using":"xpath","value":"//span[contains(@id ,\"application-addressmanagement-display-component---detailAdm--addressDetailDetailsName1\")][contains(text(), \"WebdriverSitehklaef\")]"}
COMMAND: POST /session/e20f28e5870399c2ebdcb1f5c585c23c/element - {"using":"xpath","value":"//*[contains(@data-kt ,\"webshopDetailCustomerLink\")]"}
RESULT: {"using":"xpath","value":"//*[contains(@data-kt ,\"webshopDetailCustomerLink\")]"}
COMMAND: POST /session/e20f28e5870399c2ebdcb1f5c585c23c/execute/sync - {"script":"<script> [8489 bytes]","args":[{"element-6066-11e4-a52e-4f735466cecf":"f.995A9DDE63C2E497ED89F267647EB6A9.d.291303C111E9891CDF253DACF9A02935.e.5264","ELEMENT":"f.995A9DDE63C2E497ED89F267647EB6A9.d.291303C111E9891CDF253DACF9A02935.e.5264"}]}
RESULT: {"script":"<script> [8489 bytes]","args":[{"element-6066-11e4-a52e-4f735466cecf":"f.995A9DDE63C2E497ED89F267647EB6A9.d.291303C111E9891CDF253DACF9A02935.e.5264","ELEMENT":"f.995A9DDE63C2E497ED89F267647EB6A9.d.291303C111E9891CDF253DACF9A02935.e.5264"}]}
COMMAND: POST /session/e20f28e5870399c2ebdcb1f5c585c23c/execute/sync - {"script":"<script> [5351 bytes]","args":[{"element-6066-11e4-a52e-4f735466cecf":"f.995A9DDE63C2E497ED89F267647EB6A9.d.291303C111E9891CDF253DACF9A02935.e.5264","ELEMENT":"f.995A9DDE63C2E497ED89F267647EB6A9.d.291303C111E9891CDF253DACF9A02935.e.5264"}]}
COMMAND: GET /session/e20f28e5870399c2ebdcb1f5c585c23c/screenshot - {}
RESULT: {"script":"<script> [5351 bytes]","args":[{"element-6066-11e4-a52e-4f735466cecf":"f.995A9DDE63C2E497ED89F267647EB6A9.d.291303C111E9891CDF253DACF9A02935.e.5264","ELEMENT":"f.995A9DDE63C2E497ED89F267647EB6A9.d.291303C111E9891CDF253DACF9A02935.e.5264"}]}
COMMAND: POST /session/e20f28e5870399c2ebdcb1f5c585c23c/element - {"using":"xpath","value":"//*[contains(@data-kt ,\"webshopDetailCustomerLink\")]"}
COMMAND: GET /session/e20f28e5870399c2ebdcb1f5c585c23c/screenshot - {}
RESULT: {}
RESULT: {"using":"xpath","value":"//*[contains(@data-kt ,\"webshopDetailCustomerLink\")]"}
COMMAND: POST /session/e20f28e5870399c2ebdcb1f5c585c23c/element/f.995A9DDE63C2E497ED89F267647EB6A9.d.291303C111E9891CDF253DACF9A02935.e.5264/click - {}
RESULT: {}
COMMAND: POST /session/e20f28e5870399c2ebdcb1f5c585c23c/element - {"using":"xpath","value":"//span[contains(@id ,\"application-addressmanagement-display-component---detailAdm--addressDetailDetailsName1\")][contains(text(), \"WebdriverSitehklaef\")]"}
RESULT: {}
RESULT: {"using":"xpath","value":"//span[contains(@id ,\"application-addressmanagement-display-component---detailAdm--addressDetailDetailsName1\")][contains(text(), \"WebdriverSitehklaef\")]"}
COMMAND: GET /session/e20f28e5870399c2ebdcb1f5c585c23c/screenshot - {}
RESULT: {}
COMMAND: POST /session/e20f28e5870399c2ebdcb1f5c585c23c/element - {"using":"xpath","value":"//span[contains(@id ,\"application-addressmanagement-display-component---detailAdm--addressDetailDetailsName1\")][contains(text(), \"WebdriverSitehklaef\")]"}
RESULT: {"using":"xpath","value":"//span[contains(@id ,\"application-addressmanagement-display-component---detailAdm--addressDetailDetailsName1\")][contains(text(), \"WebdriverSitehklaef\")]"}
COMMAND: POST /session/e20f28e5870399c2ebdcb1f5c585c23c/element - {"using":"xpath","value":"//span[contains(@id ,\"application-addressmanagement-display-component---detailAdm--addressDetailDetailsName1\")][contains(text(), \"WebdriverSitehklaef\")]"}
RESULT: {"using":"xpath","value":"//span[contains(@id ,\"application-addressmanagement-display-component---detailAdm--addressDetailDetailsName1\")][contains(text(), \"WebdriverSitehklaef\")]"}
COMMAND: POST /session/e20f28e5870399c2ebdcb1f5c585c23c/element - {"using":"xpath","value":"//span[contains(@id ,\"application-addressmanagement-display-component---detailAdm--addressDetailDetailsName1\")][contains(text(), \"WebdriverSitehklaef\")]"}
RESULT: {"using":"xpath","value":"//span[contains(@id ,\"application-addressmanagement-display-component---detailAdm--addressDetailDetailsName1\")][contains(text(), \"WebdriverSitehklaef\")]"}
COMMAND: POST /session/e20f28e5870399c2ebdcb1f5c585c23c/element - {"using":"xpath","value":"//*[contains(@data-kt ,\"ContextMenuId2Link\")][contains(text(), \"Partner Overview\")]"}
RESULT: {"using":"xpath","value":"//*[contains(@data-kt ,\"ContextMenuId2Link\")][contains(text(), \"Partner Overview\")]"}
COMMAND: POST /session/e20f28e5870399c2ebdcb1f5c585c23c/execute/sync - {"script":"<script> [8489 bytes]","args":[{"element-6066-11e4-a52e-4f735466cecf":"f.995A9DDE63C2E497ED89F267647EB6A9.d.291303C111E9891CDF253DACF9A02935.e.5266","ELEMENT":"f.995A9DDE63C2E497ED89F267647EB6A9.d.291303C111E9891CDF253DACF9A02935.e.5266"}]}
COMMAND: POST /session/e20f28e5870399c2ebdcb1f5c585c23c/element - {"using":"xpath","value":"//*[contains(@data-kt ,\"ContextMenuId2Link\")][contains(text(), \"Partner Overview\")]"}
RESULT: {"script":"<script> [8489 bytes]","args":[{"element-6066-11e4-a52e-4f735466cecf":"f.995A9DDE63C2E497ED89F267647EB6A9.d.291303C111E9891CDF253DACF9A02935.e.5266","ELEMENT":"f.995A9DDE63C2E497ED89F267647EB6A9.d.291303C111E9891CDF253DACF9A02935.e.5266"}]}
COMMAND: GET /session/e20f28e5870399c2ebdcb1f5c585c23c/screenshot - {}
RESULT: {"using":"xpath","value":"//*[contains(@data-kt ,\"ContextMenuId2Link\")][contains(text(), \"Partner Overview\")]"}
COMMAND: POST /session/e20f28e5870399c2ebdcb1f5c585c23c/element/f.995A9DDE63C2E497ED89F267647EB6A9.d.291303C111E9891CDF253DACF9A02935.e.5266/click - {}
COMMAND: POST /session/e20f28e5870399c2ebdcb1f5c585c23c/element - {"using":"xpath","value":"//span[contains(@id ,\"application-addressmanagement-display-component---detailAdm--addressDetailDetailsName1\")][contains(text(), \"WebdriverSitehklaef\")]"}
RESULT: {}
RESULT: {}
COMMAND: GET /session/e20f28e5870399c2ebdcb1f5c585c23c/screenshot - {}
RESULT: {"using":"xpath","value":"//span[contains(@id ,\"application-addressmanagement-display-component---detailAdm--addressDetailDetailsName1\")][contains(text(), \"WebdriverSitehklaef\")]"}
RESULT: {}
COMMAND: POST /session/e20f28e5870399c2ebdcb1f5c585c23c/element - {"using":"xpath","value":"//span[contains(@id ,\"application-addressmanagement-display-component---detailAdm--addressDetailDetailsName1\")][contains(text(), \"WebdriverSitehklaef\")]"}
RESULT: {"using":"xpath","value":"//span[contains(@id ,\"application-addressmanagement-display-component---detailAdm--addressDetailDetailsName1\")][contains(text(), \"WebdriverSitehklaef\")]"}
COMMAND: POST /session/e20f28e5870399c2ebdcb1f5c585c23c/element - {"using":"xpath","value":"//span[contains(@id ,\"application-addressmanagement-display-component---detailAdm--addressDetailDetailsName1\")][contains(text(), \"WebdriverSitehklaef\")]"}
RESULT: {"using":"xpath","value":"//span[contains(@id ,\"application-addressmanagement-display-component---detailAdm--addressDetailDetailsName1\")][contains(text(), \"WebdriverSitehklaef\")]"}
COMMAND: POST /session/e20f28e5870399c2ebdcb1f5c585c23c/element - {"using":"xpath","value":"//span[contains(@id ,\"application-addressmanagement-display-component---detailAdm--addressDetailDetailsName1\")][contains(text(), \"WebdriverSitehklaef\")]"}
RESULT: {"using":"xpath","value":"//span[contains(@id ,\"application-addressmanagement-display-component---detailAdm--addressDetailDetailsName1\")][contains(text(), \"WebdriverSitehklaef\")]"}
COMMAND: POST /session/e20f28e5870399c2ebdcb1f5c585c23c/element - {"using":"xpath","value":"//span[contains(@id ,\"application-addressmanagement-display-component---detailAdm--addressDetailDetailsName1\")][contains(text(), \"WebdriverSitehklaef\")]"}
RESULT: {"using":"xpath","value":"//span[contains(@id ,\"application-addressmanagement-display-component---detailAdm--addressDetailDetailsName1\")][contains(text(), \"WebdriverSitehklaef\")]"}
COMMAND: POST /session/e20f28e5870399c2ebdcb1f5c585c23c/element - {"using":"xpath","value":"//span[contains(@id ,\"application-addressmanagement-display-component---detailAdm--addressDetailDetailsName1\")][contains(text(), \"WebdriverSitehklaef\")]"}
RESULT: {"using":"xpath","value":"//span[contains(@id ,\"application-addressmanagement-display-component---detailAdm--addressDetailDetailsName1\")][contains(text(), \"WebdriverSitehklaef\")]"}
COMMAND: POST /session/e20f28e5870399c2ebdcb1f5c585c23c/element - {"using":"xpath","value":"//span[contains(@id ,\"application-addressmanagement-display-component---detailAdm--addressDetailDetailsName1\")][contains(text(), \"WebdriverSitehklaef\")]"}
RESULT: {"using":"xpath","value":"//span[contains(@id ,\"application-addressmanagement-display-component---detailAdm--addressDetailDetailsName1\")][contains(text(), \"WebdriverSitehklaef\")]"}
COMMAND: POST /session/e20f28e5870399c2ebdcb1f5c585c23c/element - {"using":"xpath","value":"//span[contains(@id ,\"application-addressmanagement-display-component---detailAdm--addressDetailDetailsName1\")][contains(text(), \"WebdriverSitehklaef\")]"}
RESULT: {"using":"xpath","value":"//span[contains(@id ,\"application-addressmanagement-display-component---detailAdm--addressDetailDetailsName1\")][contains(text(), \"WebdriverSitehklaef\")]"}
COMMAND: POST /session/e20f28e5870399c2ebdcb1f5c585c23c/element - {"using":"xpath","value":"//span[contains(@id ,\"application-addressmanagement-display-component---detailAdm--addressDetailDetailsName1\")][contains(text(), \"WebdriverSitehklaef\")]"}
RESULT: {"using":"xpath","value":"//span[contains(@id ,\"application-addressmanagement-display-component---detailAdm--addressDetailDetailsName1\")][contains(text(), \"WebdriverSitehklaef\")]"}
COMMAND: POST /session/e20f28e5870399c2ebdcb1f5c585c23c/element - {"using":"xpath","value":"//span[contains(@id ,\"application-addressmanagement-display-component---detailAdm--addressDetailDetailsName1\")][contains(text(), \"WebdriverSitehklaef\")]"}
RESULT: {"using":"xpath","value":"//span[contains(@id ,\"application-addressmanagement-display-component---detailAdm--addressDetailDetailsName1\")][contains(text(), \"WebdriverSitehklaef\")]"}
COMMAND: POST /session/e20f28e5870399c2ebdcb1f5c585c23c/element - {"using":"xpath","value":"//span[contains(@id ,\"application-addressmanagement-display-component---detailAdm--addressDetailDetailsName1\")][contains(text(), \"WebdriverSitehklaef\")]"}
RESULT: {"using":"xpath","value":"//span[contains(@id ,\"application-addressmanagement-display-component---detailAdm--addressDetailDetailsName1\")][contains(text(), \"WebdriverSitehklaef\")]"}
COMMAND: POST /session/e20f28e5870399c2ebdcb1f5c585c23c/element - {"using":"xpath","value":"//span[contains(@id ,\"application-addressmanagement-display-component---detailAdm--addressDetailDetailsName1\")][contains(text(), \"WebdriverSitehklaef\")]"}
RESULT: {"using":"xpath","value":"//span[contains(@id ,\"application-addressmanagement-display-component---detailAdm--addressDetailDetailsName1\")][contains(text(), \"WebdriverSitehklaef\")]"}
COMMAND: POST /session/e20f28e5870399c2ebdcb1f5c585c23c/element - {"using":"xpath","value":"//span[contains(@id ,\"application-addressmanagement-display-component---detailAdm--addressDetailDetailsName1\")][contains(text(), \"WebdriverSitehklaef\")]"}
RESULT: {"using":"xpath","value":"//span[contains(@id ,\"application-addressmanagement-display-component---detailAdm--addressDetailDetailsName1\")][contains(text(), \"WebdriverSitehklaef\")]"}
COMMAND: POST /session/e20f28e5870399c2ebdcb1f5c585c23c/element - {"using":"xpath","value":"//span[contains(@id ,\"application-addressmanagement-display-component---detailAdm--addressDetailDetailsName1\")][contains(text(), \"WebdriverSitehklaef\")]"}
RESULT: {"using":"xpath","value":"//span[contains(@id ,\"application-addressmanagement-display-component---detailAdm--addressDetailDetailsName1\")][contains(text(), \"WebdriverSitehklaef\")]"}
COMMAND: POST /session/e20f28e5870399c2ebdcb1f5c585c23c/element - {"using":"xpath","value":"//span[contains(@id ,\"application-addressmanagement-display-component---detailAdm--addressDetailDetailsName1\")][contains(text(), \"WebdriverSitehklaef\")]"}
RESULT: {"using":"xpath","value":"//span[contains(@id ,\"application-addressmanagement-display-component---detailAdm--addressDetailDetailsName1\")][contains(text(), \"WebdriverSitehklaef\")]"}
COMMAND: POST /session/e20f28e5870399c2ebdcb1f5c585c23c/element - {"using":"xpath","value":"//span[contains(@id ,\"application-addressmanagement-display-component---detailAdm--addressDetailDetailsName1\")][contains(text(), \"WebdriverSitehklaef\")]"}
RESULT: {"using":"xpath","value":"//span[contains(@id ,\"application-addressmanagement-display-component---detailAdm--addressDetailDetailsName1\")][contains(text(), \"WebdriverSitehklaef\")]"}
COMMAND: POST /session/e20f28e5870399c2ebdcb1f5c585c23c/element - {"using":"xpath","value":"//span[contains(@id ,\"application-addressmanagement-display-component---detailAdm--addressDetailDetailsName1\")][contains(text(), \"WebdriverSitehklaef\")]"}
RESULT: {"using":"xpath","value":"//span[contains(@id ,\"application-addressmanagement-display-component---detailAdm--addressDetailDetailsName1\")][contains(text(), \"WebdriverSitehklaef\")]"}
COMMAND: POST /session/e20f28e5870399c2ebdcb1f5c585c23c/element - {"using":"xpath","value":"//span[contains(@id ,\"application-addressmanagement-display-component---detailAdm--addressDetailDetailsName1\")][contains(text(), \"WebdriverSitehklaef\")]"}
RESULT: {"using":"xpath","value":"//span[contains(@id ,\"application-addressmanagement-display-component---detailAdm--addressDetailDetailsName1\")][contains(text(), \"WebdriverSitehklaef\")]"}
COMMAND: POST /session/e20f28e5870399c2ebdcb1f5c585c23c/element - {"using":"xpath","value":"//span[contains(@id ,\"application-addressmanagement-display-component---detailAdm--addressDetailDetailsName1\")][contains(text(), \"WebdriverSitehklaef\")]"}
RESULT: {"using":"xpath","value":"//span[contains(@id ,\"application-addressmanagement-display-component---detailAdm--addressDetailDetailsName1\")][contains(text(), \"WebdriverSitehklaef\")]"}
COMMAND: POST /session/e20f28e5870399c2ebdcb1f5c585c23c/element - {"using":"xpath","value":"//span[contains(@id ,\"application-addressmanagement-display-component---detailAdm--addressDetailDetailsName1\")][contains(text(), \"WebdriverSitehklaef\")]"}
RESULT: {"using":"xpath","value":"//span[contains(@id ,\"application-addressmanagement-display-component---detailAdm--addressDetailDetailsName1\")][contains(text(), \"WebdriverSitehklaef\")]"}
COMMAND: POST /session/e20f28e5870399c2ebdcb1f5c585c23c/element - {"using":"xpath","value":"//span[contains(@id ,\"application-addressmanagement-display-component---detailAdm--addressDetailDetailsName1\")][contains(text(), \"WebdriverSitehklaef\")]"}
RESULT: {"using":"xpath","value":"//span[contains(@id ,\"application-addressmanagement-display-component---detailAdm--addressDetailDetailsName1\")][contains(text(), \"WebdriverSitehklaef\")]"}
COMMAND: POST /session/e20f28e5870399c2ebdcb1f5c585c23c/element - {"using":"xpath","value":"//span[contains(@id ,\"application-addressmanagement-display-component---detailAdm--addressDetailDetailsName1\")][contains(text(), \"WebdriverSitehklaef\")]"}
RESULT: {"using":"xpath","value":"//span[contains(@id ,\"application-addressmanagement-display-component---detailAdm--addressDetailDetailsName1\")][contains(text(), \"WebdriverSitehklaef\")]"}
RESULT: undefined
COMMAND: POST /session/e20f28e5870399c2ebdcb1f5c585c23c/execute/async - {"script":"<script> [6424 bytes]","args":[{"element-6066-11e4-a52e-4f735466cecf":"f.995A9DDE63C2E497ED89F267647EB6A9.d.291303C111E9891CDF253DACF9A02935.e.3661"},"getTitle",[]]}
COMMAND: POST /session/e20f28e5870399c2ebdcb1f5c585c23c/execute/async - {"script":"<script> [1562 bytes]","args":[{"selector":{"id":"shellAppTitle"},"wdio_ui5_key":"shellAppTitle"}]}
COMMAND: POST /session/e20f28e5870399c2ebdcb1f5c585c23c/element - {"using":"xpath","value":"//span[contains(@id ,\"application-addressmanagement-display-component---detailAdm--addressDetailDetailsName1\")][contains(text(), \"WebdriverSitehklaef\")]"}
RESULT: {"script":"<script> [1562 bytes]","args":[{"selector":{"id":"shellAppTitle"},"wdio_ui5_key":"shellAppTitle"}]}
COMMAND: POST /session/e20f28e5870399c2ebdcb1f5c585c23c/execute/async - {"script":"<script> [6424 bytes]","args":[{"element-6066-11e4-a52e-4f735466cecf":"f.995A9DDE63C2E497ED89F267647EB6A9.d.291303C111E9891CDF253DACF9A02935.e.5506"},"getTitle",[]]}
RESULT: {"using":"xpath","value":"//span[contains(@id ,\"application-addressmanagement-display-component---detailAdm--addressDetailDetailsName1\")][contains(text(), \"WebdriverSitehklaef\")]"}
RESULT: {"script":"<script> [6424 bytes]","args":[{"element-6066-11e4-a52e-4f735466cecf":"f.995A9DDE63C2E497ED89F267647EB6A9.d.291303C111E9891CDF253DACF9A02935.e.5506"},"getTitle",[]]}
COMMAND: POST /session/e20f28e5870399c2ebdcb1f5c585c23c/element - {"using":"xpath","value":"//span[contains(@id ,\"title\")][contains(text(), \"WebdriverPartnerhfkb7\")]"}
RESULT: {"using":"xpath","value":"//span[contains(@id ,\"title\")][contains(text(), \"WebdriverPartnerhfkb7\")]"}
COMMAND: POST /session/e20f28e5870399c2ebdcb1f5c585c23c/execute/sync - {"script":"<script> [8489 bytes]","args":[{"element-6066-11e4-a52e-4f735466cecf":"f.995A9DDE63C2E497ED89F267647EB6A9.d.291303C111E9891CDF253DACF9A02935.e.5507","ELEMENT":"f.995A9DDE63C2E497ED89F267647EB6A9.d.291303C111E9891CDF253DACF9A02935.e.5507"}]}
RESULT: undefined
COMMAND: POST /session/e20f28e5870399c2ebdcb1f5c585c23c/element - {"using":"xpath","value":"//*[@id=\"backBtn\"]"}
RESULT: {"script":"<script> [8489 bytes]","args":[{"element-6066-11e4-a52e-4f735466cecf":"f.995A9DDE63C2E497ED89F267647EB6A9.d.291303C111E9891CDF253DACF9A02935.e.5507","ELEMENT":"f.995A9DDE63C2E497ED89F267647EB6A9.d.291303C111E9891CDF253DACF9A02935.e.5507"}]}
COMMAND: GET /session/e20f28e5870399c2ebdcb1f5c585c23c/screenshot - {}
COMMAND: POST /session/e20f28e5870399c2ebdcb1f5c585c23c/element - {"using":"xpath","value":"//span[contains(@id ,\"application-addressmanagement-display-component---detailAdm--addressDetailDetailsName1\")][contains(text(), \"WebdriverSitehklaef\")]"}
RESULT: {"using":"xpath","value":"//*[@id=\"backBtn\"]"}
COMMAND: POST /session/e20f28e5870399c2ebdcb1f5c585c23c/element/f.995A9DDE63C2E497ED89F267647EB6A9.d.291303C111E9891CDF253DACF9A02935.e.3438/click - {}
RESULT: {}
RESULT: {"using":"xpath","value":"//span[contains(@id ,\"application-addressmanagement-display-component---detailAdm--addressDetailDetailsName1\")][contains(text(), \"WebdriverSitehklaef\")]"}
RESULT: {}
COMMAND: GET /session/e20f28e5870399c2ebdcb1f5c585c23c/screenshot - {}
COMMAND: POST /session/e20f28e5870399c2ebdcb1f5c585c23c/execute/sync - {"script":"<script> [8489 bytes]","args":[{"element-6066-11e4-a52e-4f735466cecf":"f.995A9DDE63C2E497ED89F267647EB6A9.d.291303C111E9891CDF253DACF9A02935.e.5507","ELEMENT":"f.995A9DDE63C2E497ED89F267647EB6A9.d.291303C111E9891CDF253DACF9A02935.e.5507"}]}
COMMAND: POST /session/e20f28e5870399c2ebdcb1f5c585c23c/element - {"using":"xpath","value":"//span[contains(@id ,\"application-addressmanagement-display-component---detailAdm--addressDetailDetailsName1\")][contains(text(), \"WebdriverSitehklaef\")]"}
RESULT: {}
COMMAND: POST /session/e20f28e5870399c2ebdcb1f5c585c23c/element - {"using":"xpath","value":"//span[contains(@id ,\"title\")][contains(text(), \"WebdriverPartnerhfkb7\")]"}
RESULT: {"using":"xpath","value":"//span[contains(@id ,\"application-addressmanagement-display-component---detailAdm--addressDetailDetailsName1\")][contains(text(), \"WebdriverSitehklaef\")]"}
RESULT: {"using":"xpath","value":"//span[contains(@id ,\"title\")][contains(text(), \"WebdriverPartnerhfkb7\")]"}
COMMAND: POST /session/e20f28e5870399c2ebdcb1f5c585c23c/element - {"using":"xpath","value":"//span[contains(@id ,\"title\")][contains(text(), \"WebdriverPartnerhfkb7\")]"}
RESULT: {"using":"xpath","value":"//span[contains(@id ,\"title\")][contains(text(), \"WebdriverPartnerhfkb7\")]"}
COMMAND: POST /session/e20f28e5870399c2ebdcb1f5c585c23c/element - {"using":"xpath","value":"//span[contains(@id ,\"application-addressmanagement-display-component---detailAdm--addressDetailDetailsName1\")][contains(text(), \"WebdriverSitehklaef\")]"}
COMMAND: POST /session/e20f28e5870399c2ebdcb1f5c585c23c/element - {"using":"xpath","value":"//span[contains(@id ,\"title\")][contains(text(), \"WebdriverPartnerhfkb7\")]"}
RESULT: {"using":"xpath","value":"//span[contains(@id ,\"application-addressmanagement-display-component---detailAdm--addressDetailDetailsName1\")][contains(text(), \"WebdriverSitehklaef\")]"}
RESULT: {"using":"xpath","value":"//span[contains(@id ,\"title\")][contains(text(), \"WebdriverPartnerhfkb7\")]"}
COMMAND: POST /session/e20f28e5870399c2ebdcb1f5c585c23c/element - {"using":"xpath","value":"//span[contains(@id ,\"application-addressmanagement-display-component---detailAdm--addressDetailDetailsName1\")][contains(text(), \"WebdriverSitehklaef\")]"}
COMMAND: POST /session/e20f28e5870399c2ebdcb1f5c585c23c/element - {"using":"xpath","value":"//span[contains(@id ,\"title\")][contains(text(), \"WebdriverPartnerhfkb7\")]"}
RESULT: {"using":"xpath","value":"//span[contains(@id ,\"application-addressmanagement-display-component---detailAdm--addressDetailDetailsName1\")][contains(text(), \"WebdriverSitehklaef\")]"}
RESULT: {"using":"xpath","value":"//span[contains(@id ,\"title\")][contains(text(), \"WebdriverPartnerhfkb7\")]"}
COMMAND: POST /session/e20f28e5870399c2ebdcb1f5c585c23c/element - {"using":"xpath","value":"//span[contains(@id ,\"application-addressmanagement-display-component---detailAdm--addressDetailDetailsName1\")][contains(text(), \"WebdriverSitehklaef\")]"}
COMMAND: POST /session/e20f28e5870399c2ebdcb1f5c585c23c/element - {"using":"xpath","value":"//span[contains(@id ,\"title\")][contains(text(), \"WebdriverPartnerhfkb7\")]"}
RESULT: {"using":"xpath","value":"//span[contains(@id ,\"application-addressmanagement-display-component---detailAdm--addressDetailDetailsName1\")][contains(text(), \"WebdriverSitehklaef\")]"}
RESULT: {"using":"xpath","value":"//span[contains(@id ,\"title\")][contains(text(), \"WebdriverPartnerhfkb7\")]"}
COMMAND: POST /session/e20f28e5870399c2ebdcb1f5c585c23c/element - {"using":"xpath","value":"//span[contains(@id ,\"application-addressmanagement-display-component---detailAdm--addressDetailDetailsName1\")][contains(text(), \"WebdriverSitehklaef\")]"}
RESULT: {"using":"xpath","value":"//span[contains(@id ,\"application-addressmanagement-display-component---detailAdm--addressDetailDetailsName1\")][contains(text(), \"WebdriverSitehklaef\")]"}
COMMAND: POST /session/e20f28e5870399c2ebdcb1f5c585c23c/element - {"using":"xpath","value":"//span[contains(@id ,\"title\")][contains(text(), \"WebdriverPartnerhfkb7\")]"}
RESULT: {"using":"xpath","value":"//span[contains(@id ,\"title\")][contains(text(), \"WebdriverPartnerhfkb7\")]"}
COMMAND: POST /session/e20f28e5870399c2ebdcb1f5c585c23c/element - {"using":"xpath","value":"//span[contains(@id ,\"application-addressmanagement-display-component---detailAdm--addressDetailDetailsName1\")][contains(text(), \"WebdriverSitehklaef\")]"}
COMMAND: POST /session/e20f28e5870399c2ebdcb1f5c585c23c/element - {"using":"xpath","value":"//span[contains(@id ,\"title\")][contains(text(), \"WebdriverPartnerhfkb7\")]"}
RESULT: {"using":"xpath","value":"//span[contains(@id ,\"application-addressmanagement-display-component---detailAdm--addressDetailDetailsName1\")][contains(text(), \"WebdriverSitehklaef\")]"}
RESULT: {"using":"xpath","value":"//span[contains(@id ,\"title\")][contains(text(), \"WebdriverPartnerhfkb7\")]"}
COMMAND: POST /session/e20f28e5870399c2ebdcb1f5c585c23c/element - {"using":"xpath","value":"//span[contains(@id ,\"application-addressmanagement-display-component---detailAdm--addressDetailDetailsName1\")][contains(text(), \"WebdriverSitehklaef\")]"}
RESULT: {"using":"xpath","value":"//span[contains(@id ,\"application-addressmanagement-display-component---detailAdm--addressDetailDetailsName1\")][contains(text(), \"WebdriverSitehklaef\")]"}
COMMAND: POST /session/e20f28e5870399c2ebdcb1f5c585c23c/element - {"using":"xpath","value":"//span[contains(@id ,\"title\")][contains(text(), \"WebdriverPartnerhfkb7\")]"}
RESULT: {"using":"xpath","value":"//span[contains(@id ,\"title\")][contains(text(), \"WebdriverPartnerhfkb7\")]"}
COMMAND: POST /session/e20f28e5870399c2ebdcb1f5c585c23c/element - {"using":"xpath","value":"//span[contains(@id ,\"application-addressmanagement-display-component---detailAdm--addressDetailDetailsName1\")][contains(text(), \"WebdriverSitehklaef\")]"}
RESULT: {"using":"xpath","value":"//span[contains(@id ,\"application-addressmanagement-display-component---detailAdm--addressDetailDetailsName1\")][contains(text(), \"WebdriverSitehklaef\")]"}
COMMAND: POST /session/e20f28e5870399c2ebdcb1f5c585c23c/element - {"using":"xpath","value":"//span[contains(@id ,\"title\")][contains(text(), \"WebdriverPartnerhfkb7\")]"}
RESULT: {"using":"xpath","value":"//span[contains(@id ,\"title\")][contains(text(), \"WebdriverPartnerhfkb7\")]"}
COMMAND: POST /session/e20f28e5870399c2ebdcb1f5c585c23c/element - {"using":"xpath","value":"//span[contains(@id ,\"application-addressmanagement-display-component---detailAdm--addressDetailDetailsName1\")][contains(text(), \"WebdriverSitehklaef\")]"}
RESULT: {"using":"xpath","value":"//span[contains(@id ,\"application-addressmanagement-display-component---detailAdm--addressDetailDetailsName1\")][contains(text(), \"WebdriverSitehklaef\")]"}
COMMAND: POST /session/e20f28e5870399c2ebdcb1f5c585c23c/element - {"using":"xpath","value":"//span[contains(@id ,\"title\")][contains(text(), \"WebdriverPartnerhfkb7\")]"}
RESULT: {"using":"xpath","value":"//span[contains(@id ,\"title\")][contains(text(), \"WebdriverPartnerhfkb7\")]"}
COMMAND: POST /session/e20f28e5870399c2ebdcb1f5c585c23c/element - {"using":"xpath","value":"//span[contains(@id ,\"application-addressmanagement-display-component---detailAdm--addressDetailDetailsName1\")][contains(text(), \"WebdriverSitehklaef\")]"}
RESULT: {"using":"xpath","value":"//span[contains(@id ,\"application-addressmanagement-display-component---detailAdm--addressDetailDetailsName1\")][contains(text(), \"WebdriverSitehklaef\")]"}
COMMAND: POST /session/e20f28e5870399c2ebdcb1f5c585c23c/element - {"using":"xpath","value":"//span[contains(@id ,\"title\")][contains(text(), \"WebdriverPartnerhfkb7\")]"}
RESULT: {"using":"xpath","value":"//span[contains(@id ,\"title\")][contains(text(), \"WebdriverPartnerhfkb7\")]"}
COMMAND: POST /session/e20f28e5870399c2ebdcb1f5c585c23c/element - {"using":"xpath","value":"//span[contains(@id ,\"application-addressmanagement-display-component---detailAdm--addressDetailDetailsName1\")][contains(text(), \"WebdriverSitehklaef\")]"}
RESULT: {"using":"xpath","value":"//span[contains(@id ,\"application-addressmanagement-display-component---detailAdm--addressDetailDetailsName1\")][contains(text(), \"WebdriverSitehklaef\")]"}
COMMAND: POST /session/e20f28e5870399c2ebdcb1f5c585c23c/element - {"using":"xpath","value":"//span[contains(@id ,\"title\")][contains(text(), \"WebdriverPartnerhfkb7\")]"}
RESULT: {"using":"xpath","value":"//span[contains(@id ,\"title\")][contains(text(), \"WebdriverPartnerhfkb7\")]"}
COMMAND: POST /session/e20f28e5870399c2ebdcb1f5c585c23c/element - {"using":"xpath","value":"//span[contains(@id ,\"application-addressmanagement-display-component---detailAdm--addressDetailDetailsName1\")][contains(text(), \"WebdriverSitehklaef\")]"}
COMMAND: POST /session/e20f28e5870399c2ebdcb1f5c585c23c/element - {"using":"xpath","value":"//span[contains(@id ,\"title\")][contains(text(), \"WebdriverPartnerhfkb7\")]"}
RESULT: {"using":"xpath","value":"//span[contains(@id ,\"application-addressmanagement-display-component---detailAdm--addressDetailDetailsName1\")][contains(text(), \"WebdriverSitehklaef\")]"}
RESULT: {"using":"xpath","value":"//span[contains(@id ,\"title\")][contains(text(), \"WebdriverPartnerhfkb7\")]"}
COMMAND: POST /session/e20f28e5870399c2ebdcb1f5c585c23c/element - {"using":"xpath","value":"//span[contains(@id ,\"application-addressmanagement-display-component---detailAdm--addressDetailDetailsName1\")][contains(text(), \"WebdriverSitehklaef\")]"}
COMMAND: POST /session/e20f28e5870399c2ebdcb1f5c585c23c/element - {"using":"xpath","value":"//span[contains(@id ,\"title\")][contains(text(), \"WebdriverPartnerhfkb7\")]"}
RESULT: {"using":"xpath","value":"//span[contains(@id ,\"application-addressmanagement-display-component---detailAdm--addressDetailDetailsName1\")][contains(text(), \"WebdriverSitehklaef\")]"}
RESULT: {"using":"xpath","value":"//span[contains(@id ,\"title\")][contains(text(), \"WebdriverPartnerhfkb7\")]"}
COMMAND: POST /session/e20f28e5870399c2ebdcb1f5c585c23c/element - {"using":"xpath","value":"//span[contains(@id ,\"application-addressmanagement-display-component---detailAdm--addressDetailDetailsName1\")][contains(text(), \"WebdriverSitehklaef\")]"}
COMMAND: POST /session/e20f28e5870399c2ebdcb1f5c585c23c/element - {"using":"xpath","value":"//span[contains(@id ,\"title\")][contains(text(), \"WebdriverPartnerhfkb7\")]"}
RESULT: {"using":"xpath","value":"//span[contains(@id ,\"application-addressmanagement-display-component---detailAdm--addressDetailDetailsName1\")][contains(text(), \"WebdriverSitehklaef\")]"}
RESULT: {"using":"xpath","value":"//span[contains(@id ,\"title\")][contains(text(), \"WebdriverPartnerhfkb7\")]"}
COMMAND: POST /session/e20f28e5870399c2ebdcb1f5c585c23c/execute/sync - {"script":"<script> [8489 bytes]","args":[{"element-6066-11e4-a52e-4f735466cecf":"f.995A9DDE63C2E497ED89F267647EB6A9.d.291303C111E9891CDF253DACF9A02935.e.5264","ELEMENT":"f.995A9DDE63C2E497ED89F267647EB6A9.d.291303C111E9891CDF253DACF9A02935.e.5264"}]}
COMMAND: POST /session/e20f28e5870399c2ebdcb1f5c585c23c/element - {"using":"xpath","value":"//*[contains(@data-kt ,\"webshopDetailCustomerLink\")]"}
RESULT: {"using":"xpath","value":"//*[contains(@data-kt ,\"webshopDetailCustomerLink\")]"}
COMMAND: POST /session/e20f28e5870399c2ebdcb1f5c585c23c/execute/sync - {"script":"<script> [8489 bytes]","args":[{"element-6066-11e4-a52e-4f735466cecf":"f.995A9DDE63C2E497ED89F267647EB6A9.d.291303C111E9891CDF253DACF9A02935.e.5678","ELEMENT":"f.995A9DDE63C2E497ED89F267647EB6A9.d.291303C111E9891CDF253DACF9A02935.e.5678"}]}
RESULT: {"script":"<script> [8489 bytes]","args":[{"element-6066-11e4-a52e-4f735466cecf":"f.995A9DDE63C2E497ED89F267647EB6A9.d.291303C111E9891CDF253DACF9A02935.e.5678","ELEMENT":"f.995A9DDE63C2E497ED89F267647EB6A9.d.291303C111E9891CDF253DACF9A02935.e.5678"}]}
COMMAND: POST /session/e20f28e5870399c2ebdcb1f5c585c23c/execute/sync - {"script":"<script> [5351 bytes]","args":[{"element-6066-11e4-a52e-4f735466cecf":"f.995A9DDE63C2E497ED89F267647EB6A9.d.291303C111E9891CDF253DACF9A02935.e.5678","ELEMENT":"f.995A9DDE63C2E497ED89F267647EB6A9.d.291303C111E9891CDF253DACF9A02935.e.5678"}]}
RESULT: {"script":"<script> [5351 bytes]","args":[{"element-6066-11e4-a52e-4f735466cecf":"f.995A9DDE63C2E497ED89F267647EB6A9.d.291303C111E9891CDF253DACF9A02935.e.5678","ELEMENT":"f.995A9DDE63C2E497ED89F267647EB6A9.d.291303C111E9891CDF253DACF9A02935.e.5678"}]}
COMMAND: POST /session/e20f28e5870399c2ebdcb1f5c585c23c/element - {"using":"xpath","value":"//*[contains(@data-kt ,\"webshopDetailCustomerLink\")]"}
RESULT: {"using":"xpath","value":"//*[contains(@data-kt ,\"webshopDetailCustomerLink\")]"}
COMMAND: POST /session/e20f28e5870399c2ebdcb1f5c585c23c/element/f.995A9DDE63C2E497ED89F267647EB6A9.d.291303C111E9891CDF253DACF9A02935.e.5678/click - {}
COMMAND: GET /session/e20f28e5870399c2ebdcb1f5c585c23c/screenshot - {}
COMMAND: GET /session/e20f28e5870399c2ebdcb1f5c585c23c/screenshot - {}
RESULT: {}
COMMAND: GET /session/e20f28e5870399c2ebdcb1f5c585c23c/screenshot - {}
COMMAND: POST /session/e20f28e5870399c2ebdcb1f5c585c23c/element - {"using":"xpath","value":"//span[contains(@id ,\"application-addressmanagement-display-component---detailAdm--addressDetailDetailsName1\")][contains(text(), \"WebdriverSitehklaef\")]"}
COMMAND: POST /session/e20f28e5870399c2ebdcb1f5c585c23c/element - {"using":"xpath","value":"//span[contains(@id ,\"title\")][contains(text(), \"WebdriverPartnerhfkb7\")]"}
RESULT: {}
RESULT: {}
RESULT: {}
RESULT: {"using":"xpath","value":"//span[contains(@id ,\"application-addressmanagement-display-component---detailAdm--addressDetailDetailsName1\")][contains(text(), \"WebdriverSitehklaef\")]"}
RESULT: {"using":"xpath","value":"//span[contains(@id ,\"title\")][contains(text(), \"WebdriverPartnerhfkb7\")]"}
COMMAND: POST /session/e20f28e5870399c2ebdcb1f5c585c23c/execute/sync - {"script":"<script> [8489 bytes]","args":[{"element-6066-11e4-a52e-4f735466cecf":"f.995A9DDE63C2E497ED89F267647EB6A9.d.291303C111E9891CDF253DACF9A02935.e.5680","ELEMENT":"f.995A9DDE63C2E497ED89F267647EB6A9.d.291303C111E9891CDF253DACF9A02935.e.5680"}]}
RESULT: {"script":"<script> [8489 bytes]","args":[{"element-6066-11e4-a52e-4f735466cecf":"f.995A9DDE63C2E497ED89F267647EB6A9.d.291303C111E9891CDF253DACF9A02935.e.5680","ELEMENT":"f.995A9DDE63C2E497ED89F267647EB6A9.d.291303C111E9891CDF253DACF9A02935.e.5680"}]}
COMMAND: GET /session/e20f28e5870399c2ebdcb1f5c585c23c/screenshot - {}
RESULT: {}
COMMAND: POST /session/e20f28e5870399c2ebdcb1f5c585c23c/element - {"using":"xpath","value":"//span[contains(@id ,\"application-addressmanagement-display-component---detailAdm--addressDetailDetailsName1\")][contains(text(), \"WebdriverSitehklaef\")]"}
RESULT: {"using":"xpath","value":"//span[contains(@id ,\"application-addressmanagement-display-component---detailAdm--addressDetailDetailsName1\")][contains(text(), \"WebdriverSitehklaef\")]"}
COMMAND: POST /session/e20f28e5870399c2ebdcb1f5c585c23c/element - {"using":"xpath","value":"//span[contains(@id ,\"application-addressmanagement-display-component---detailAdm--addressDetailDetailsName1\")][contains(text(), \"WebdriverSitehklaef\")]"}
RESULT: {"using":"xpath","value":"//span[contains(@id ,\"application-addressmanagement-display-component---detailAdm--addressDetailDetailsName1\")][contains(text(), \"WebdriverSitehklaef\")]"}
COMMAND: POST /session/e20f28e5870399c2ebdcb1f5c585c23c/element - {"using":"xpath","value":"//button[contains(@data-kt ,\"ContextMenuExternalId2Link\")]"}
RESULT: {"using":"xpath","value":"//button[contains(@data-kt ,\"ContextMenuExternalId2Link\")]"}
COMMAND: POST /session/e20f28e5870399c2ebdcb1f5c585c23c/element/f.995A9DDE63C2E497ED89F267647EB6A9.d.291303C111E9891CDF253DACF9A02935.e.5679/click - {}
COMMAND: POST /session/e20f28e5870399c2ebdcb1f5c585c23c/element - {"using":"xpath","value":"//span[contains(@id ,\"application-addressmanagement-display-component---detailAdm--addressDetailDetailsName1\")][contains(text(), \"WebdriverSitehklaef\")]"}
RESULT: {}
COMMAND: GET /session/e20f28e5870399c2ebdcb1f5c585c23c/screenshot - {}
RESULT: {"using":"xpath","value":"//span[contains(@id ,\"application-addressmanagement-display-component---detailAdm--addressDetailDetailsName1\")][contains(text(), \"WebdriverSitehklaef\")]"}
RESULT: {}
COMMAND: POST /session/e20f28e5870399c2ebdcb1f5c585c23c/element - {"using":"xpath","value":"//span[contains(@id ,\"application-addressmanagement-display-component---detailAdm--addressDetailDetailsName1\")][contains(text(), \"WebdriverSitehklaef\")]"}
RESULT: {"using":"xpath","value":"//span[contains(@id ,\"application-addressmanagement-display-component---detailAdm--addressDetailDetailsName1\")][contains(text(), \"WebdriverSitehklaef\")]"}
COMMAND: POST /session/e20f28e5870399c2ebdcb1f5c585c23c/element - {"using":"xpath","value":"//span[contains(@id ,\"application-addressmanagement-display-component---detailAdm--addressDetailDetailsName1\")][contains(text(), \"WebdriverSitehklaef\")]"}
RESULT: {"using":"xpath","value":"//span[contains(@id ,\"application-addressmanagement-display-component---detailAdm--addressDetailDetailsName1\")][contains(text(), \"WebdriverSitehklaef\")]"}
COMMAND: POST /session/e20f28e5870399c2ebdcb1f5c585c23c/element - {"using":"xpath","value":"//span[contains(@id ,\"application-addressmanagement-display-component---detailAdm--addressDetailDetailsName1\")][contains(text(), \"WebdriverSitehklaef\")]"}
RESULT: {"using":"xpath","value":"//span[contains(@id ,\"application-addressmanagement-display-component---detailAdm--addressDetailDetailsName1\")][contains(text(), \"WebdriverSitehklaef\")]"}
COMMAND: POST /session/e20f28e5870399c2ebdcb1f5c585c23c/element - {"using":"xpath","value":"//span[contains(@id ,\"application-addressmanagement-display-component---detailAdm--addressDetailDetailsName1\")][contains(text(), \"WebdriverSitehklaef\")]"}
RESULT: {"using":"xpath","value":"//span[contains(@id ,\"application-addressmanagement-display-component---detailAdm--addressDetailDetailsName1\")][contains(text(), \"WebdriverSitehklaef\")]"}
COMMAND: POST /session/e20f28e5870399c2ebdcb1f5c585c23c/element - {"using":"xpath","value":"//span[contains(@id ,\"application-addressmanagement-display-component---detailAdm--addressDetailDetailsName1\")][contains(text(), \"WebdriverSitehklaef\")]"}
RESULT: {"using":"xpath","value":"//span[contains(@id ,\"application-addressmanagement-display-component---detailAdm--addressDetailDetailsName1\")][contains(text(), \"WebdriverSitehklaef\")]"}
COMMAND: POST /session/e20f28e5870399c2ebdcb1f5c585c23c/element - {"using":"xpath","value":"//span[contains(@id ,\"application-addressmanagement-display-component---detailAdm--addressDetailDetailsName1\")][contains(text(), \"WebdriverSitehklaef\")]"}
RESULT: {"using":"xpath","value":"//span[contains(@id ,\"application-addressmanagement-display-component---detailAdm--addressDetailDetailsName1\")][contains(text(), \"WebdriverSitehklaef\")]"}
COMMAND: POST /session/e20f28e5870399c2ebdcb1f5c585c23c/element - {"using":"xpath","value":"//span[contains(@id ,\"application-addressmanagement-display-component---detailAdm--addressDetailDetailsName1\")][contains(text(), \"WebdriverSitehklaef\")]"}
RESULT: {"using":"xpath","value":"//span[contains(@id ,\"application-addressmanagement-display-component---detailAdm--addressDetailDetailsName1\")][contains(text(), \"WebdriverSitehklaef\")]"}
COMMAND: GET /session/e20f28e5870399c2ebdcb1f5c585c23c/window/handles - {}
RESULT: {}
COMMAND: POST /session/e20f28e5870399c2ebdcb1f5c585c23c/window - {"handle":"001535AAB2F1E126C167661294DDB11C"}
RESULT: {"handle":"001535AAB2F1E126C167661294DDB11C"}
COMMAND: GET /session/e20f28e5870399c2ebdcb1f5c585c23c/url - {}
RESULT: {}
COMMAND: GET /session/e20f28e5870399c2ebdcb1f5c585c23c/screenshot - {}
RESULT: {}
COMMAND: POST /session/e20f28e5870399c2ebdcb1f5c585c23c/execute/sync - {"script":"<script> [8489 bytes]","args":[{"element-6066-11e4-a52e-4f735466cecf":"f.995A9DDE63C2E497ED89F267647EB6A9.d.291303C111E9891CDF253DACF9A02935.e.5680","ELEMENT":"f.995A9DDE63C2E497ED89F267647EB6A9.d.291303C111E9891CDF253DACF9A02935.e.5680"}]}
COMMAND: DELETE /session/e20f28e5870399c2ebdcb1f5c585c23c/window - {}
RESULT: {"script":"<script> [8489 bytes]","args":[{"element-6066-11e4-a52e-4f735466cecf":"f.995A9DDE63C2E497ED89F267647EB6A9.d.291303C111E9891CDF253DACF9A02935.e.5680","ELEMENT":"f.995A9DDE63C2E497ED89F267647EB6A9.d.291303C111E9891CDF253DACF9A02935.e.5680"}]}
COMMAND: GET /session/e20f28e5870399c2ebdcb1f5c585c23c/screenshot - {}
RESULT: {}
COMMAND: POST /session/e20f28e5870399c2ebdcb1f5c585c23c/window - {"handle":"995A9DDE63C2E497ED89F267647EB6A9"}
RESULT: {"handle":"995A9DDE63C2E497ED89F267647EB6A9"}
COMMAND: GET /session/e20f28e5870399c2ebdcb1f5c585c23c/url - {}
COMMAND: POST /session/e20f28e5870399c2ebdcb1f5c585c23c/execute/sync - {"script":"<script> [8489 bytes]","args":[{"element-6066-11e4-a52e-4f735466cecf":"f.995A9DDE63C2E497ED89F267647EB6A9.d.291303C111E9891CDF253DACF9A02935.e.5680","ELEMENT":"f.995A9DDE63C2E497ED89F267647EB6A9.d.291303C111E9891CDF253DACF9A02935.e.5680"}]}
RESULT: {}
RESULT: {}
COMMAND: GET /session/e20f28e5870399c2ebdcb1f5c585c23c/screenshot - {}
RESULT: {"script":"<script> [8489 bytes]","args":[{"element-6066-11e4-a52e-4f735466cecf":"f.995A9DDE63C2E497ED89F267647EB6A9.d.291303C111E9891CDF253DACF9A02935.e.5680","ELEMENT":"f.995A9DDE63C2E497ED89F267647EB6A9.d.291303C111E9891CDF253DACF9A02935.e.5680"}]}
COMMAND: GET /session/e20f28e5870399c2ebdcb1f5c585c23c/screenshot - {}
RESULT: {}
RESULT: {}
]]></system-out>
    </testcase>
    <testcase classname="chrome.136_0_7103_93.windows.Webshop_-_Hyperlinks_visible_and_working_properly__US139085" name="Should verify the contract and catalog item hyperlinks" time="97.101">
      <system-out><![CDATA[
COMMAND: POST /session/e20f28e5870399c2ebdcb1f5c585c23c/element - {"using":"xpath","value":"//*[contains(@data-kt ,\"webshopDetailContractLink\")]"}
RESULT: {"using":"xpath","value":"//*[contains(@data-kt ,\"webshopDetailContractLink\")]"}
COMMAND: POST /session/e20f28e5870399c2ebdcb1f5c585c23c/execute/sync - {"script":"<script> [8489 bytes]","args":[{"element-6066-11e4-a52e-4f735466cecf":"f.995A9DDE63C2E497ED89F267647EB6A9.d.291303C111E9891CDF253DACF9A02935.e.5931","ELEMENT":"f.995A9DDE63C2E497ED89F267647EB6A9.d.291303C111E9891CDF253DACF9A02935.e.5931"}]}
RESULT: {"script":"<script> [8489 bytes]","args":[{"element-6066-11e4-a52e-4f735466cecf":"f.995A9DDE63C2E497ED89F267647EB6A9.d.291303C111E9891CDF253DACF9A02935.e.5931","ELEMENT":"f.995A9DDE63C2E497ED89F267647EB6A9.d.291303C111E9891CDF253DACF9A02935.e.5931"}]}
COMMAND: POST /session/e20f28e5870399c2ebdcb1f5c585c23c/execute/sync - {"script":"<script> [5351 bytes]","args":[{"element-6066-11e4-a52e-4f735466cecf":"f.995A9DDE63C2E497ED89F267647EB6A9.d.291303C111E9891CDF253DACF9A02935.e.5931","ELEMENT":"f.995A9DDE63C2E497ED89F267647EB6A9.d.291303C111E9891CDF253DACF9A02935.e.5931"}]}
COMMAND: GET /session/e20f28e5870399c2ebdcb1f5c585c23c/screenshot - {}
RESULT: {"script":"<script> [5351 bytes]","args":[{"element-6066-11e4-a52e-4f735466cecf":"f.995A9DDE63C2E497ED89F267647EB6A9.d.291303C111E9891CDF253DACF9A02935.e.5931","ELEMENT":"f.995A9DDE63C2E497ED89F267647EB6A9.d.291303C111E9891CDF253DACF9A02935.e.5931"}]}
COMMAND: POST /session/e20f28e5870399c2ebdcb1f5c585c23c/element - {"using":"xpath","value":"//*[contains(@data-kt ,\"webshopDetailContractLink\")]"}
COMMAND: GET /session/e20f28e5870399c2ebdcb1f5c585c23c/screenshot - {}
RESULT: {}
RESULT: {"using":"xpath","value":"//*[contains(@data-kt ,\"webshopDetailContractLink\")]"}
COMMAND: POST /session/e20f28e5870399c2ebdcb1f5c585c23c/element/f.995A9DDE63C2E497ED89F267647EB6A9.d.291303C111E9891CDF253DACF9A02935.e.5931/click - {}
RESULT: {}
RESULT: {}
COMMAND: GET /session/e20f28e5870399c2ebdcb1f5c585c23c/screenshot - {}
RESULT: {}
COMMAND: POST /session/e20f28e5870399c2ebdcb1f5c585c23c/element - {"using":"xpath","value":"//*[contains(@data-kt ,\"ContextMenuId2Link\")][contains(text(), \"Contract Overview\")]"}
RESULT: {"using":"xpath","value":"//*[contains(@data-kt ,\"ContextMenuId2Link\")][contains(text(), \"Contract Overview\")]"}
COMMAND: POST /session/e20f28e5870399c2ebdcb1f5c585c23c/execute/sync - {"script":"<script> [8489 bytes]","args":[{"element-6066-11e4-a52e-4f735466cecf":"f.995A9DDE63C2E497ED89F267647EB6A9.d.291303C111E9891CDF253DACF9A02935.e.5933","ELEMENT":"f.995A9DDE63C2E497ED89F267647EB6A9.d.291303C111E9891CDF253DACF9A02935.e.5933"}]}
COMMAND: POST /session/e20f28e5870399c2ebdcb1f5c585c23c/element - {"using":"xpath","value":"//*[contains(@data-kt ,\"ContextMenuId2Link\")][contains(text(), \"Contract Overview\")]"}
RESULT: {"script":"<script> [8489 bytes]","args":[{"element-6066-11e4-a52e-4f735466cecf":"f.995A9DDE63C2E497ED89F267647EB6A9.d.291303C111E9891CDF253DACF9A02935.e.5933","ELEMENT":"f.995A9DDE63C2E497ED89F267647EB6A9.d.291303C111E9891CDF253DACF9A02935.e.5933"}]}
COMMAND: GET /session/e20f28e5870399c2ebdcb1f5c585c23c/screenshot - {}
RESULT: {"using":"xpath","value":"//*[contains(@data-kt ,\"ContextMenuId2Link\")][contains(text(), \"Contract Overview\")]"}
COMMAND: POST /session/e20f28e5870399c2ebdcb1f5c585c23c/element/f.995A9DDE63C2E497ED89F267647EB6A9.d.291303C111E9891CDF253DACF9A02935.e.5933/click - {}
RESULT: {}
RESULT: {}
COMMAND: GET /session/e20f28e5870399c2ebdcb1f5c585c23c/screenshot - {}
RESULT: {}
RESULT: undefined
COMMAND: POST /session/e20f28e5870399c2ebdcb1f5c585c23c/execute/async - {"script":"<script> [6424 bytes]","args":[{"element-6066-11e4-a52e-4f735466cecf":"f.995A9DDE63C2E497ED89F267647EB6A9.d.291303C111E9891CDF253DACF9A02935.e.3661"},"getTitle",[]]}
COMMAND: POST /session/e20f28e5870399c2ebdcb1f5c585c23c/execute/async - {"script":"<script> [1562 bytes]","args":[{"selector":{"id":"shellAppTitle"},"wdio_ui5_key":"shellAppTitle"}]}
RESULT: {"script":"<script> [1562 bytes]","args":[{"selector":{"id":"shellAppTitle"},"wdio_ui5_key":"shellAppTitle"}]}
COMMAND: POST /session/e20f28e5870399c2ebdcb1f5c585c23c/execute/async - {"script":"<script> [6424 bytes]","args":[{"element-6066-11e4-a52e-4f735466cecf":"f.995A9DDE63C2E497ED89F267647EB6A9.d.291303C111E9891CDF253DACF9A02935.e.6155"},"getTitle",[]]}
RESULT: {"script":"<script> [6424 bytes]","args":[{"element-6066-11e4-a52e-4f735466cecf":"f.995A9DDE63C2E497ED89F267647EB6A9.d.291303C111E9891CDF253DACF9A02935.e.6155"},"getTitle",[]]}
COMMAND: POST /session/e20f28e5870399c2ebdcb1f5c585c23c/element - {"using":"xpath","value":"//span[contains(@id ,\"contractDetailTitleNoExpanded\")][contains(text(), \"10306\")]"}
RESULT: {"using":"xpath","value":"//span[contains(@id ,\"contractDetailTitleNoExpanded\")][contains(text(), \"10306\")]"}
COMMAND: POST /session/e20f28e5870399c2ebdcb1f5c585c23c/execute/sync - {"script":"<script> [8489 bytes]","args":[{"element-6066-11e4-a52e-4f735466cecf":"f.995A9DDE63C2E497ED89F267647EB6A9.d.291303C111E9891CDF253DACF9A02935.e.6156","ELEMENT":"f.995A9DDE63C2E497ED89F267647EB6A9.d.291303C111E9891CDF253DACF9A02935.e.6156"}]}
RESULT: undefined
COMMAND: POST /session/e20f28e5870399c2ebdcb1f5c585c23c/element - {"using":"xpath","value":"//*[@id=\"backBtn\"]"}
RESULT: {"using":"xpath","value":"//*[@id=\"backBtn\"]"}
COMMAND: POST /session/e20f28e5870399c2ebdcb1f5c585c23c/element/f.995A9DDE63C2E497ED89F267647EB6A9.d.291303C111E9891CDF253DACF9A02935.e.3438/click - {}
RESULT: {"script":"<script> [8489 bytes]","args":[{"element-6066-11e4-a52e-4f735466cecf":"f.995A9DDE63C2E497ED89F267647EB6A9.d.291303C111E9891CDF253DACF9A02935.e.6156","ELEMENT":"f.995A9DDE63C2E497ED89F267647EB6A9.d.291303C111E9891CDF253DACF9A02935.e.6156"}]}
COMMAND: GET /session/e20f28e5870399c2ebdcb1f5c585c23c/screenshot - {}
RESULT: {}
COMMAND: GET /session/e20f28e5870399c2ebdcb1f5c585c23c/screenshot - {}
RESULT: {}
RESULT: {}
COMMAND: POST /session/e20f28e5870399c2ebdcb1f5c585c23c/execute/sync - {"script":"<script> [8489 bytes]","args":[{"element-6066-11e4-a52e-4f735466cecf":"f.995A9DDE63C2E497ED89F267647EB6A9.d.291303C111E9891CDF253DACF9A02935.e.5931","ELEMENT":"f.995A9DDE63C2E497ED89F267647EB6A9.d.291303C111E9891CDF253DACF9A02935.e.5931"}]}
COMMAND: POST /session/e20f28e5870399c2ebdcb1f5c585c23c/element - {"using":"xpath","value":"//*[contains(@data-kt ,\"webshopDetailContractLink\")]"}
RESULT: {"using":"xpath","value":"//*[contains(@data-kt ,\"webshopDetailContractLink\")]"}
COMMAND: POST /session/e20f28e5870399c2ebdcb1f5c585c23c/execute/sync - {"script":"<script> [8489 bytes]","args":[{"element-6066-11e4-a52e-4f735466cecf":"f.995A9DDE63C2E497ED89F267647EB6A9.d.291303C111E9891CDF253DACF9A02935.e.6322","ELEMENT":"f.995A9DDE63C2E497ED89F267647EB6A9.d.291303C111E9891CDF253DACF9A02935.e.6322"}]}
RESULT: {"script":"<script> [8489 bytes]","args":[{"element-6066-11e4-a52e-4f735466cecf":"f.995A9DDE63C2E497ED89F267647EB6A9.d.291303C111E9891CDF253DACF9A02935.e.6322","ELEMENT":"f.995A9DDE63C2E497ED89F267647EB6A9.d.291303C111E9891CDF253DACF9A02935.e.6322"}]}
COMMAND: POST /session/e20f28e5870399c2ebdcb1f5c585c23c/execute/sync - {"script":"<script> [5351 bytes]","args":[{"element-6066-11e4-a52e-4f735466cecf":"f.995A9DDE63C2E497ED89F267647EB6A9.d.291303C111E9891CDF253DACF9A02935.e.6322","ELEMENT":"f.995A9DDE63C2E497ED89F267647EB6A9.d.291303C111E9891CDF253DACF9A02935.e.6322"}]}
COMMAND: GET /session/e20f28e5870399c2ebdcb1f5c585c23c/screenshot - {}
RESULT: {"script":"<script> [5351 bytes]","args":[{"element-6066-11e4-a52e-4f735466cecf":"f.995A9DDE63C2E497ED89F267647EB6A9.d.291303C111E9891CDF253DACF9A02935.e.6322","ELEMENT":"f.995A9DDE63C2E497ED89F267647EB6A9.d.291303C111E9891CDF253DACF9A02935.e.6322"}]}
COMMAND: POST /session/e20f28e5870399c2ebdcb1f5c585c23c/element - {"using":"xpath","value":"//*[contains(@data-kt ,\"webshopDetailContractLink\")]"}
COMMAND: GET /session/e20f28e5870399c2ebdcb1f5c585c23c/screenshot - {}
RESULT: {}
RESULT: {"using":"xpath","value":"//*[contains(@data-kt ,\"webshopDetailContractLink\")]"}
COMMAND: POST /session/e20f28e5870399c2ebdcb1f5c585c23c/element/f.995A9DDE63C2E497ED89F267647EB6A9.d.291303C111E9891CDF253DACF9A02935.e.6322/click - {}
RESULT: {}
RESULT: {}
COMMAND: GET /session/e20f28e5870399c2ebdcb1f5c585c23c/screenshot - {}
RESULT: {}
COMMAND: POST /session/e20f28e5870399c2ebdcb1f5c585c23c/element - {"using":"xpath","value":"//button[contains(@data-kt ,\"ContextMenuExternalId2Link\")]"}
RESULT: {"using":"xpath","value":"//button[contains(@data-kt ,\"ContextMenuExternalId2Link\")]"}
COMMAND: POST /session/e20f28e5870399c2ebdcb1f5c585c23c/element/f.995A9DDE63C2E497ED89F267647EB6A9.d.291303C111E9891CDF253DACF9A02935.e.6324/click - {}
RESULT: {}
COMMAND: GET /session/e20f28e5870399c2ebdcb1f5c585c23c/screenshot - {}
RESULT: {}
COMMAND: GET /session/e20f28e5870399c2ebdcb1f5c585c23c/window/handles - {}
RESULT: {}
COMMAND: POST /session/e20f28e5870399c2ebdcb1f5c585c23c/window - {"handle":"CD7405B5117AC572010429793F8D2919"}
RESULT: {"handle":"CD7405B5117AC572010429793F8D2919"}
COMMAND: GET /session/e20f28e5870399c2ebdcb1f5c585c23c/url - {}
RESULT: {}
COMMAND: GET /session/e20f28e5870399c2ebdcb1f5c585c23c/screenshot - {}
RESULT: {}
COMMAND: POST /session/e20f28e5870399c2ebdcb1f5c585c23c/execute/sync - {"script":"<script> [8489 bytes]","args":[{"element-6066-11e4-a52e-4f735466cecf":"f.995A9DDE63C2E497ED89F267647EB6A9.d.291303C111E9891CDF253DACF9A02935.e.6156","ELEMENT":"f.995A9DDE63C2E497ED89F267647EB6A9.d.291303C111E9891CDF253DACF9A02935.e.6156"}]}
COMMAND: DELETE /session/e20f28e5870399c2ebdcb1f5c585c23c/window - {}
RESULT: {}
COMMAND: POST /session/e20f28e5870399c2ebdcb1f5c585c23c/window - {"handle":"995A9DDE63C2E497ED89F267647EB6A9"}
RESULT: {"handle":"995A9DDE63C2E497ED89F267647EB6A9"}
COMMAND: GET /session/e20f28e5870399c2ebdcb1f5c585c23c/url - {}
COMMAND: POST /session/e20f28e5870399c2ebdcb1f5c585c23c/element - {"using":"xpath","value":"//span[contains(@id ,\"contractDetailTitleNoExpanded\")][contains(text(), \"10306\")]"}
RESULT: {}
COMMAND: GET /session/e20f28e5870399c2ebdcb1f5c585c23c/screenshot - {}
RESULT: {"using":"xpath","value":"//span[contains(@id ,\"contractDetailTitleNoExpanded\")][contains(text(), \"10306\")]"}
COMMAND: POST /session/e20f28e5870399c2ebdcb1f5c585c23c/element - {"using":"xpath","value":"//span[contains(@id ,\"contractDetailTitleNoExpanded\")][contains(text(), \"10306\")]"}
RESULT: {}
RESULT: {"using":"xpath","value":"//span[contains(@id ,\"contractDetailTitleNoExpanded\")][contains(text(), \"10306\")]"}
COMMAND: POST /session/e20f28e5870399c2ebdcb1f5c585c23c/element - {"using":"xpath","value":"//span[contains(@id ,\"contractDetailTitleNoExpanded\")][contains(text(), \"10306\")]"}
RESULT: {"using":"xpath","value":"//span[contains(@id ,\"contractDetailTitleNoExpanded\")][contains(text(), \"10306\")]"}
COMMAND: POST /session/e20f28e5870399c2ebdcb1f5c585c23c/element - {"using":"xpath","value":"//span[contains(@id ,\"contractDetailTitleNoExpanded\")][contains(text(), \"10306\")]"}
RESULT: {"using":"xpath","value":"//span[contains(@id ,\"contractDetailTitleNoExpanded\")][contains(text(), \"10306\")]"}
COMMAND: POST /session/e20f28e5870399c2ebdcb1f5c585c23c/element - {"using":"xpath","value":"//span[contains(@id ,\"contractDetailTitleNoExpanded\")][contains(text(), \"10306\")]"}
RESULT: {"using":"xpath","value":"//span[contains(@id ,\"contractDetailTitleNoExpanded\")][contains(text(), \"10306\")]"}
COMMAND: POST /session/e20f28e5870399c2ebdcb1f5c585c23c/element - {"using":"xpath","value":"//span[contains(@id ,\"contractDetailTitleNoExpanded\")][contains(text(), \"10306\")]"}
RESULT: {"using":"xpath","value":"//span[contains(@id ,\"contractDetailTitleNoExpanded\")][contains(text(), \"10306\")]"}
COMMAND: POST /session/e20f28e5870399c2ebdcb1f5c585c23c/element - {"using":"xpath","value":"//span[contains(@id ,\"contractDetailTitleNoExpanded\")][contains(text(), \"10306\")]"}
RESULT: {"using":"xpath","value":"//span[contains(@id ,\"contractDetailTitleNoExpanded\")][contains(text(), \"10306\")]"}
COMMAND: POST /session/e20f28e5870399c2ebdcb1f5c585c23c/element - {"using":"xpath","value":"//span[contains(@id ,\"contractDetailTitleNoExpanded\")][contains(text(), \"10306\")]"}
RESULT: {"using":"xpath","value":"//span[contains(@id ,\"contractDetailTitleNoExpanded\")][contains(text(), \"10306\")]"}
COMMAND: POST /session/e20f28e5870399c2ebdcb1f5c585c23c/element - {"using":"xpath","value":"//span[contains(@id ,\"contractDetailTitleNoExpanded\")][contains(text(), \"10306\")]"}
RESULT: {"using":"xpath","value":"//span[contains(@id ,\"contractDetailTitleNoExpanded\")][contains(text(), \"10306\")]"}
COMMAND: POST /session/e20f28e5870399c2ebdcb1f5c585c23c/element - {"using":"xpath","value":"//span[contains(@id ,\"contractDetailTitleNoExpanded\")][contains(text(), \"10306\")]"}
RESULT: {"using":"xpath","value":"//span[contains(@id ,\"contractDetailTitleNoExpanded\")][contains(text(), \"10306\")]"}
COMMAND: POST /session/e20f28e5870399c2ebdcb1f5c585c23c/element - {"using":"xpath","value":"//*[contains(@data-kt ,\"webshopDetailCatalogItemLink\")]"}
RESULT: {"using":"xpath","value":"//*[contains(@data-kt ,\"webshopDetailCatalogItemLink\")]"}
COMMAND: POST /session/e20f28e5870399c2ebdcb1f5c585c23c/execute/sync - {"script":"<script> [8489 bytes]","args":[{"element-6066-11e4-a52e-4f735466cecf":"f.995A9DDE63C2E497ED89F267647EB6A9.d.291303C111E9891CDF253DACF9A02935.e.6445","ELEMENT":"f.995A9DDE63C2E497ED89F267647EB6A9.d.291303C111E9891CDF253DACF9A02935.e.6445"}]}
RESULT: {"script":"<script> [8489 bytes]","args":[{"element-6066-11e4-a52e-4f735466cecf":"f.995A9DDE63C2E497ED89F267647EB6A9.d.291303C111E9891CDF253DACF9A02935.e.6445","ELEMENT":"f.995A9DDE63C2E497ED89F267647EB6A9.d.291303C111E9891CDF253DACF9A02935.e.6445"}]}
COMMAND: POST /session/e20f28e5870399c2ebdcb1f5c585c23c/execute/sync - {"script":"<script> [5351 bytes]","args":[{"element-6066-11e4-a52e-4f735466cecf":"f.995A9DDE63C2E497ED89F267647EB6A9.d.291303C111E9891CDF253DACF9A02935.e.6445","ELEMENT":"f.995A9DDE63C2E497ED89F267647EB6A9.d.291303C111E9891CDF253DACF9A02935.e.6445"}]}
COMMAND: GET /session/e20f28e5870399c2ebdcb1f5c585c23c/screenshot - {}
RESULT: {"script":"<script> [5351 bytes]","args":[{"element-6066-11e4-a52e-4f735466cecf":"f.995A9DDE63C2E497ED89F267647EB6A9.d.291303C111E9891CDF253DACF9A02935.e.6445","ELEMENT":"f.995A9DDE63C2E497ED89F267647EB6A9.d.291303C111E9891CDF253DACF9A02935.e.6445"}]}
COMMAND: POST /session/e20f28e5870399c2ebdcb1f5c585c23c/element - {"using":"xpath","value":"//*[contains(@data-kt ,\"webshopDetailCatalogItemLink\")]"}
COMMAND: GET /session/e20f28e5870399c2ebdcb1f5c585c23c/screenshot - {}
COMMAND: POST /session/e20f28e5870399c2ebdcb1f5c585c23c/element - {"using":"xpath","value":"//span[contains(@id ,\"contractDetailTitleNoExpanded\")][contains(text(), \"10306\")]"}
RESULT: {}
RESULT: {"using":"xpath","value":"//*[contains(@data-kt ,\"webshopDetailCatalogItemLink\")]"}
COMMAND: POST /session/e20f28e5870399c2ebdcb1f5c585c23c/element/f.995A9DDE63C2E497ED89F267647EB6A9.d.291303C111E9891CDF253DACF9A02935.e.6445/click - {}
RESULT: {}
RESULT: {"using":"xpath","value":"//span[contains(@id ,\"contractDetailTitleNoExpanded\")][contains(text(), \"10306\")]"}
RESULT: {}
COMMAND: GET /session/e20f28e5870399c2ebdcb1f5c585c23c/screenshot - {}
RESULT: {}
COMMAND: POST /session/e20f28e5870399c2ebdcb1f5c585c23c/element - {"using":"xpath","value":"//span[contains(@id ,\"contractDetailTitleNoExpanded\")][contains(text(), \"10306\")]"}
RESULT: {"using":"xpath","value":"//span[contains(@id ,\"contractDetailTitleNoExpanded\")][contains(text(), \"10306\")]"}
COMMAND: POST /session/e20f28e5870399c2ebdcb1f5c585c23c/element - {"using":"xpath","value":"//span[contains(@id ,\"contractDetailTitleNoExpanded\")][contains(text(), \"10306\")]"}
RESULT: {"using":"xpath","value":"//span[contains(@id ,\"contractDetailTitleNoExpanded\")][contains(text(), \"10306\")]"}
COMMAND: POST /session/e20f28e5870399c2ebdcb1f5c585c23c/element - {"using":"xpath","value":"//span[contains(@id ,\"contractDetailTitleNoExpanded\")][contains(text(), \"10306\")]"}
RESULT: {"using":"xpath","value":"//span[contains(@id ,\"contractDetailTitleNoExpanded\")][contains(text(), \"10306\")]"}
COMMAND: POST /session/e20f28e5870399c2ebdcb1f5c585c23c/element - {"using":"xpath","value":"//span[contains(@id ,\"contractDetailTitleNoExpanded\")][contains(text(), \"10306\")]"}
RESULT: {"using":"xpath","value":"//span[contains(@id ,\"contractDetailTitleNoExpanded\")][contains(text(), \"10306\")]"}
COMMAND: POST /session/e20f28e5870399c2ebdcb1f5c585c23c/element - {"using":"xpath","value":"//span[contains(@id ,\"contractDetailTitleNoExpanded\")][contains(text(), \"10306\")]"}
RESULT: {"using":"xpath","value":"//span[contains(@id ,\"contractDetailTitleNoExpanded\")][contains(text(), \"10306\")]"}
COMMAND: POST /session/e20f28e5870399c2ebdcb1f5c585c23c/element - {"using":"xpath","value":"//span[contains(@id ,\"contractDetailTitleNoExpanded\")][contains(text(), \"10306\")]"}
RESULT: {"using":"xpath","value":"//span[contains(@id ,\"contractDetailTitleNoExpanded\")][contains(text(), \"10306\")]"}
COMMAND: POST /session/e20f28e5870399c2ebdcb1f5c585c23c/element - {"using":"xpath","value":"//span[contains(@id ,\"contractDetailTitleNoExpanded\")][contains(text(), \"10306\")]"}
RESULT: {"using":"xpath","value":"//span[contains(@id ,\"contractDetailTitleNoExpanded\")][contains(text(), \"10306\")]"}
COMMAND: POST /session/e20f28e5870399c2ebdcb1f5c585c23c/element - {"using":"xpath","value":"//span[contains(@id ,\"contractDetailTitleNoExpanded\")][contains(text(), \"10306\")]"}
RESULT: {"using":"xpath","value":"//span[contains(@id ,\"contractDetailTitleNoExpanded\")][contains(text(), \"10306\")]"}
COMMAND: POST /session/e20f28e5870399c2ebdcb1f5c585c23c/element - {"using":"xpath","value":"//span[contains(@id ,\"contractDetailTitleNoExpanded\")][contains(text(), \"10306\")]"}
RESULT: {"using":"xpath","value":"//span[contains(@id ,\"contractDetailTitleNoExpanded\")][contains(text(), \"10306\")]"}
COMMAND: POST /session/e20f28e5870399c2ebdcb1f5c585c23c/element - {"using":"xpath","value":"(//span[contains(text(), \"Dri-Prime CD150M Diesel Pump\")])[2]"}
RESULT: {"using":"xpath","value":"(//span[contains(text(), \"Dri-Prime CD150M Diesel Pump\")])[2]"}
COMMAND: POST /session/e20f28e5870399c2ebdcb1f5c585c23c/execute/sync - {"script":"<script> [8489 bytes]","args":[{"element-6066-11e4-a52e-4f735466cecf":"f.995A9DDE63C2E497ED89F267647EB6A9.d.291303C111E9891CDF253DACF9A02935.e.6450","ELEMENT":"f.995A9DDE63C2E497ED89F267647EB6A9.d.291303C111E9891CDF253DACF9A02935.e.6450"}]}
COMMAND: POST /session/e20f28e5870399c2ebdcb1f5c585c23c/element - {"using":"xpath","value":"(//span[contains(text(), \"Description\")])[1]"}
RESULT: {"using":"xpath","value":"(//span[contains(text(), \"Description\")])[1]"}
COMMAND: GET /session/e20f28e5870399c2ebdcb1f5c585c23c/element/f.995A9DDE63C2E497ED89F267647EB6A9.d.291303C111E9891CDF253DACF9A02935.e.6451/rect - {}
RESULT: {"script":"<script> [8489 bytes]","args":[{"element-6066-11e4-a52e-4f735466cecf":"f.995A9DDE63C2E497ED89F267647EB6A9.d.291303C111E9891CDF253DACF9A02935.e.6450","ELEMENT":"f.995A9DDE63C2E497ED89F267647EB6A9.d.291303C111E9891CDF253DACF9A02935.e.6450"}]}
COMMAND: GET /session/e20f28e5870399c2ebdcb1f5c585c23c/screenshot - {}
RESULT: {}
COMMAND: GET /session/e20f28e5870399c2ebdcb1f5c585c23c/window/rect - {}
RESULT: {}
RESULT: {}
COMMAND: POST /session/e20f28e5870399c2ebdcb1f5c585c23c/execute/sync - {"script":"<script> [92 bytes]","args":[]}
RESULT: {"script":"<script> [92 bytes]","args":[]}
COMMAND: POST /session/e20f28e5870399c2ebdcb1f5c585c23c/actions - {"actions":[{"id":"action10","type":"wheel","parameters":{},"actions":[{"type":"scroll","x":-1833,"y":-23,"deltaX":0,"deltaY":0,"duration":0,"origin":{"element-6066-11e4-a52e-4f735466cecf":"f.995A9DDE63C2E497ED89F267647EB6A9.d.291303C111E9891CDF253DACF9A02935.e.6451"}}]}]}
COMMAND: GET /session/e20f28e5870399c2ebdcb1f5c585c23c/screenshot - {}
COMMAND: POST /session/e20f28e5870399c2ebdcb1f5c585c23c/element - {"using":"xpath","value":"//span[contains(@id ,\"contractDetailTitleNoExpanded\")][contains(text(), \"10306\")]"}
RESULT: {}
RESULT: {"using":"xpath","value":"//span[contains(@id ,\"contractDetailTitleNoExpanded\")][contains(text(), \"10306\")]"}
COMMAND: POST /session/e20f28e5870399c2ebdcb1f5c585c23c/execute/sync - {"script":"<script> [79 bytes]","args":[{"element-6066-11e4-a52e-4f735466cecf":"f.995A9DDE63C2E497ED89F267647EB6A9.d.291303C111E9891CDF253DACF9A02935.e.6451","ELEMENT":"f.995A9DDE63C2E497ED89F267647EB6A9.d.291303C111E9891CDF253DACF9A02935.e.6451"},{"block":"start","inline":"nearest"}]}
RESULT: {"script":"<script> [79 bytes]","args":[{"element-6066-11e4-a52e-4f735466cecf":"f.995A9DDE63C2E497ED89F267647EB6A9.d.291303C111E9891CDF253DACF9A02935.e.6451","ELEMENT":"f.995A9DDE63C2E497ED89F267647EB6A9.d.291303C111E9891CDF253DACF9A02935.e.6451"},{"block":"start","inline":"nearest"}]}
COMMAND: GET /session/e20f28e5870399c2ebdcb1f5c585c23c/screenshot - {}
RESULT: {}
COMMAND: POST /session/e20f28e5870399c2ebdcb1f5c585c23c/element - {"using":"xpath","value":"//span[contains(@id ,\"contractDetailTitleNoExpanded\")][contains(text(), \"10306\")]"}
RESULT: {"using":"xpath","value":"//span[contains(@id ,\"contractDetailTitleNoExpanded\")][contains(text(), \"10306\")]"}
COMMAND: POST /session/e20f28e5870399c2ebdcb1f5c585c23c/element - {"using":"xpath","value":"//span[contains(@id ,\"contractDetailTitleNoExpanded\")][contains(text(), \"10306\")]"}
RESULT: {"using":"xpath","value":"//span[contains(@id ,\"contractDetailTitleNoExpanded\")][contains(text(), \"10306\")]"}
COMMAND: POST /session/e20f28e5870399c2ebdcb1f5c585c23c/element - {"using":"xpath","value":"//span[contains(@id ,\"contractDetailTitleNoExpanded\")][contains(text(), \"10306\")]"}
RESULT: {"using":"xpath","value":"//span[contains(@id ,\"contractDetailTitleNoExpanded\")][contains(text(), \"10306\")]"}
COMMAND: POST /session/e20f28e5870399c2ebdcb1f5c585c23c/element - {"using":"xpath","value":"//span[contains(@id ,\"contractDetailTitleNoExpanded\")][contains(text(), \"10306\")]"}
RESULT: {"using":"xpath","value":"//span[contains(@id ,\"contractDetailTitleNoExpanded\")][contains(text(), \"10306\")]"}
COMMAND: POST /session/e20f28e5870399c2ebdcb1f5c585c23c/element - {"using":"xpath","value":"//span[contains(@id ,\"contractDetailTitleNoExpanded\")][contains(text(), \"10306\")]"}
RESULT: {"using":"xpath","value":"//span[contains(@id ,\"contractDetailTitleNoExpanded\")][contains(text(), \"10306\")]"}
COMMAND: POST /session/e20f28e5870399c2ebdcb1f5c585c23c/element - {"using":"xpath","value":"(//textarea[@rows=\"15\"])[1]"}
COMMAND: POST /session/e20f28e5870399c2ebdcb1f5c585c23c/element - {"using":"xpath","value":"//span[contains(@id ,\"contractDetailTitleNoExpanded\")][contains(text(), \"10306\")]"}
RESULT: {"using":"xpath","value":"(//textarea[@rows=\"15\"])[1]"}
COMMAND: POST /session/e20f28e5870399c2ebdcb1f5c585c23c/execute/sync - {"script":"<script> [8489 bytes]","args":[{"element-6066-11e4-a52e-4f735466cecf":"f.995A9DDE63C2E497ED89F267647EB6A9.d.291303C111E9891CDF253DACF9A02935.e.6449","ELEMENT":"f.995A9DDE63C2E497ED89F267647EB6A9.d.291303C111E9891CDF253DACF9A02935.e.6449"}]}
RESULT: {"using":"xpath","value":"//span[contains(@id ,\"contractDetailTitleNoExpanded\")][contains(text(), \"10306\")]"}
RESULT: {"script":"<script> [8489 bytes]","args":[{"element-6066-11e4-a52e-4f735466cecf":"f.995A9DDE63C2E497ED89F267647EB6A9.d.291303C111E9891CDF253DACF9A02935.e.6449","ELEMENT":"f.995A9DDE63C2E497ED89F267647EB6A9.d.291303C111E9891CDF253DACF9A02935.e.6449"}]}
COMMAND: GET /session/e20f28e5870399c2ebdcb1f5c585c23c/screenshot - {}
RESULT: {}
COMMAND: POST /session/e20f28e5870399c2ebdcb1f5c585c23c/element - {"using":"xpath","value":"//span[contains(@id ,\"contractDetailTitleNoExpanded\")][contains(text(), \"10306\")]"}
RESULT: {"using":"xpath","value":"//span[contains(@id ,\"contractDetailTitleNoExpanded\")][contains(text(), \"10306\")]"}
COMMAND: POST /session/e20f28e5870399c2ebdcb1f5c585c23c/element - {"using":"xpath","value":"//span[contains(@id ,\"contractDetailTitleNoExpanded\")][contains(text(), \"10306\")]"}
RESULT: {"using":"xpath","value":"//span[contains(@id ,\"contractDetailTitleNoExpanded\")][contains(text(), \"10306\")]"}
COMMAND: POST /session/e20f28e5870399c2ebdcb1f5c585c23c/element - {"using":"xpath","value":"//span[contains(@id ,\"contractDetailTitleNoExpanded\")][contains(text(), \"10306\")]"}
RESULT: {"using":"xpath","value":"//span[contains(@id ,\"contractDetailTitleNoExpanded\")][contains(text(), \"10306\")]"}
COMMAND: POST /session/e20f28e5870399c2ebdcb1f5c585c23c/element - {"using":"xpath","value":"//span[contains(@id ,\"contractDetailTitleNoExpanded\")][contains(text(), \"10306\")]"}
RESULT: {"using":"xpath","value":"//span[contains(@id ,\"contractDetailTitleNoExpanded\")][contains(text(), \"10306\")]"}
COMMAND: POST /session/e20f28e5870399c2ebdcb1f5c585c23c/element - {"using":"xpath","value":"//span[contains(@id ,\"contractDetailTitleNoExpanded\")][contains(text(), \"10306\")]"}
RESULT: {"using":"xpath","value":"//span[contains(@id ,\"contractDetailTitleNoExpanded\")][contains(text(), \"10306\")]"}
COMMAND: POST /session/e20f28e5870399c2ebdcb1f5c585c23c/element - {"using":"xpath","value":"//span[contains(@id ,\"contractDetailTitleNoExpanded\")][contains(text(), \"10306\")]"}
RESULT: {"using":"xpath","value":"//span[contains(@id ,\"contractDetailTitleNoExpanded\")][contains(text(), \"10306\")]"}
COMMAND: POST /session/e20f28e5870399c2ebdcb1f5c585c23c/element - {"using":"xpath","value":"//span[contains(@id ,\"contractDetailTitleNoExpanded\")][contains(text(), \"10306\")]"}
RESULT: {"using":"xpath","value":"//span[contains(@id ,\"contractDetailTitleNoExpanded\")][contains(text(), \"10306\")]"}
COMMAND: POST /session/e20f28e5870399c2ebdcb1f5c585c23c/element - {"using":"xpath","value":"//span[contains(@id ,\"contractDetailTitleNoExpanded\")][contains(text(), \"10306\")]"}
RESULT: {"using":"xpath","value":"//span[contains(@id ,\"contractDetailTitleNoExpanded\")][contains(text(), \"10306\")]"}
COMMAND: POST /session/e20f28e5870399c2ebdcb1f5c585c23c/element - {"using":"xpath","value":"//span[contains(@id ,\"contractDetailTitleNoExpanded\")][contains(text(), \"10306\")]"}
RESULT: {"using":"xpath","value":"//span[contains(@id ,\"contractDetailTitleNoExpanded\")][contains(text(), \"10306\")]"}
COMMAND: POST /session/e20f28e5870399c2ebdcb1f5c585c23c/execute/async - {"script":"<script> [1562 bytes]","args":[{"selector":{"controlType":"sap.tnt.NavigationListItem","viewName":"etm.portal.ui.webshop.view.RequestDetail","i18NText":{"propertyName":"text","key":"exit"},"interaction":{"idSuffix":"a"}},"wdio_ui5_key":"etmportal.ui.webshop.view.RequestDetailsap.tnt.NavigationListItem{\"propertyName\":\"text\",\"key\":\"exit\"}"}]}
COMMAND: POST /session/e20f28e5870399c2ebdcb1f5c585c23c/element - {"using":"xpath","value":"//span[contains(@id ,\"contractDetailTitleNoExpanded\")][contains(text(), \"10306\")]"}
RESULT: {"script":"<script> [1562 bytes]","args":[{"selector":{"controlType":"sap.tnt.NavigationListItem","viewName":"etm.portal.ui.webshop.view.RequestDetail","i18NText":{"propertyName":"text","key":"exit"},"interaction":{"idSuffix":"a"}},"wdio_ui5_key":"etmportal.ui.webshop.view.RequestDetailsap.tnt.NavigationListItem{\"propertyName\":\"text\",\"key\":\"exit\"}"}]}
RESULT: undefined
COMMAND: POST /session/e20f28e5870399c2ebdcb1f5c585c23c/element - {"using":"xpath","value":"//*[@id=\"__item3204\"]"}
RESULT: {"using":"xpath","value":"//span[contains(@id ,\"contractDetailTitleNoExpanded\")][contains(text(), \"10306\")]"}
RESULT: {"using":"xpath","value":"//*[@id=\"__item3204\"]"}
COMMAND: POST /session/e20f28e5870399c2ebdcb1f5c585c23c/element/f.995A9DDE63C2E497ED89F267647EB6A9.d.291303C111E9891CDF253DACF9A02935.e.6457/click - {}
COMMAND: POST /session/e20f28e5870399c2ebdcb1f5c585c23c/element - {"using":"xpath","value":"//span[contains(@id ,\"contractDetailTitleNoExpanded\")][contains(text(), \"10306\")]"}
RESULT: {}
COMMAND: GET /session/e20f28e5870399c2ebdcb1f5c585c23c/screenshot - {}
RESULT: {"using":"xpath","value":"//span[contains(@id ,\"contractDetailTitleNoExpanded\")][contains(text(), \"10306\")]"}
RESULT: {}
COMMAND: POST /session/e20f28e5870399c2ebdcb1f5c585c23c/element - {"using":"xpath","value":"//span[contains(@id ,\"contractDetailTitleNoExpanded\")][contains(text(), \"10306\")]"}
RESULT: {"using":"xpath","value":"//span[contains(@id ,\"contractDetailTitleNoExpanded\")][contains(text(), \"10306\")]"}
COMMAND: POST /session/e20f28e5870399c2ebdcb1f5c585c23c/element - {"using":"xpath","value":"//span[contains(@id ,\"contractDetailTitleNoExpanded\")][contains(text(), \"10306\")]"}
RESULT: {"using":"xpath","value":"//span[contains(@id ,\"contractDetailTitleNoExpanded\")][contains(text(), \"10306\")]"}
COMMAND: POST /session/e20f28e5870399c2ebdcb1f5c585c23c/element - {"using":"xpath","value":"//span[contains(@id ,\"contractDetailTitleNoExpanded\")][contains(text(), \"10306\")]"}
RESULT: {"using":"xpath","value":"//span[contains(@id ,\"contractDetailTitleNoExpanded\")][contains(text(), \"10306\")]"}
COMMAND: POST /session/e20f28e5870399c2ebdcb1f5c585c23c/element - {"using":"xpath","value":"//span[contains(@id ,\"contractDetailTitleNoExpanded\")][contains(text(), \"10306\")]"}
RESULT: {"using":"xpath","value":"//span[contains(@id ,\"contractDetailTitleNoExpanded\")][contains(text(), \"10306\")]"}
COMMAND: POST /session/e20f28e5870399c2ebdcb1f5c585c23c/element - {"using":"xpath","value":"//span[contains(@id ,\"contractDetailTitleNoExpanded\")][contains(text(), \"10306\")]"}
RESULT: {"using":"xpath","value":"//span[contains(@id ,\"contractDetailTitleNoExpanded\")][contains(text(), \"10306\")]"}
COMMAND: POST /session/e20f28e5870399c2ebdcb1f5c585c23c/element - {"using":"xpath","value":"//span[contains(@id ,\"contractDetailTitleNoExpanded\")][contains(text(), \"10306\")]"}
RESULT: {"using":"xpath","value":"//span[contains(@id ,\"contractDetailTitleNoExpanded\")][contains(text(), \"10306\")]"}
COMMAND: POST /session/e20f28e5870399c2ebdcb1f5c585c23c/element - {"using":"xpath","value":"//span[contains(@id ,\"contractDetailTitleNoExpanded\")][contains(text(), \"10306\")]"}
RESULT: {"using":"xpath","value":"//span[contains(@id ,\"contractDetailTitleNoExpanded\")][contains(text(), \"10306\")]"}
COMMAND: POST /session/e20f28e5870399c2ebdcb1f5c585c23c/element - {"using":"css selector","value":"#shell-header-logo"}
RESULT: {"using":"css selector","value":"#shell-header-logo"}
COMMAND: POST /session/e20f28e5870399c2ebdcb1f5c585c23c/element/f.995A9DDE63C2E497ED89F267647EB6A9.d.291303C111E9891CDF253DACF9A02935.e.3438/click - {}
RESULT: {}
COMMAND: GET /session/e20f28e5870399c2ebdcb1f5c585c23c/screenshot - {}
COMMAND: POST /session/e20f28e5870399c2ebdcb1f5c585c23c/element - {"using":"xpath","value":"//span[contains(@id ,\"contractDetailTitleNoExpanded\")][contains(text(), \"10306\")]"}
RESULT: {}
RESULT: {"using":"xpath","value":"//span[contains(@id ,\"contractDetailTitleNoExpanded\")][contains(text(), \"10306\")]"}
COMMAND: POST /session/e20f28e5870399c2ebdcb1f5c585c23c/element - {"using":"xpath","value":"//span[contains(@id ,\"contractDetailTitleNoExpanded\")][contains(text(), \"10306\")]"}
RESULT: {"using":"xpath","value":"//span[contains(@id ,\"contractDetailTitleNoExpanded\")][contains(text(), \"10306\")]"}
COMMAND: POST /session/e20f28e5870399c2ebdcb1f5c585c23c/element - {"using":"xpath","value":"//span[contains(@id ,\"contractDetailTitleNoExpanded\")][contains(text(), \"10306\")]"}
RESULT: {"using":"xpath","value":"//span[contains(@id ,\"contractDetailTitleNoExpanded\")][contains(text(), \"10306\")]"}
COMMAND: POST /session/e20f28e5870399c2ebdcb1f5c585c23c/element - {"using":"xpath","value":"//span[contains(@id ,\"contractDetailTitleNoExpanded\")][contains(text(), \"10306\")]"}
RESULT: {"using":"xpath","value":"//span[contains(@id ,\"contractDetailTitleNoExpanded\")][contains(text(), \"10306\")]"}
COMMAND: POST /session/e20f28e5870399c2ebdcb1f5c585c23c/element - {"using":"xpath","value":"//span[contains(@id ,\"contractDetailTitleNoExpanded\")][contains(text(), \"10306\")]"}
RESULT: {"using":"xpath","value":"//span[contains(@id ,\"contractDetailTitleNoExpanded\")][contains(text(), \"10306\")]"}
COMMAND: POST /session/e20f28e5870399c2ebdcb1f5c585c23c/element - {"using":"xpath","value":"//span[contains(@id ,\"contractDetailTitleNoExpanded\")][contains(text(), \"10306\")]"}
RESULT: {"using":"xpath","value":"//span[contains(@id ,\"contractDetailTitleNoExpanded\")][contains(text(), \"10306\")]"}
]]></system-out>
    </testcase>
  </testsuite>
  <testsuite timestamp="2025-05-16T16:24:23" time="68.401" tests="1" failures="0" errors="0" skipped="0">
    <properties>
      <property name="specId" value="0" />
      <property name="suiteName" value="Add items into the basket without creating a request US151315" />
      <property name="capabilities" value="chrome.136_0_7103_93.windows" />
      <property name="file" value="file:///D:/a/1/s/test/specs/R2C/add-items-into-basket-wo-creating-a-request.spec.js" />
    </properties>
    <testcase classname="chrome.136_0_7103_93.windows.Add_items_into_the_basket_without_creating_a_request_US151315" name="Should verify if a catalog item can be added without creating a request" time="65.222">
      <system-out><![CDATA[
RESULT: undefined
COMMAND: POST /session/e20f28e5870399c2ebdcb1f5c585c23c/element - {"using":"xpath","value":"//*[@id=\"__tile49\"]"}
RESULT: {"using":"xpath","value":"//*[@id=\"__tile49\"]"}
COMMAND: POST /session/e20f28e5870399c2ebdcb1f5c585c23c/element/f.995A9DDE63C2E497ED89F267647EB6A9.d.291303C111E9891CDF253DACF9A02935.e.3002/click - {}
COMMAND: POST /session/e20f28e5870399c2ebdcb1f5c585c23c/element - {"using":"xpath","value":"//span[contains(@id ,\"contractDetailTitleNoExpanded\")][contains(text(), \"10306\")]"}
RESULT: {}
COMMAND: GET /session/e20f28e5870399c2ebdcb1f5c585c23c/screenshot - {}
RESULT: {"using":"xpath","value":"//span[contains(@id ,\"contractDetailTitleNoExpanded\")][contains(text(), \"10306\")]"}
RESULT: {}
COMMAND: POST /session/e20f28e5870399c2ebdcb1f5c585c23c/element - {"using":"xpath","value":"//span[contains(@id ,\"contractDetailTitleNoExpanded\")][contains(text(), \"10306\")]"}
COMMAND: POST /session/e20f28e5870399c2ebdcb1f5c585c23c/elements - {"using":"xpath","value":"//span[text()='Error']"}
RESULT: {"using":"xpath","value":"//span[contains(@id ,\"contractDetailTitleNoExpanded\")][contains(text(), \"10306\")]"}
RESULT: {"using":"xpath","value":"//span[text()='Error']"}
COMMAND: POST /session/e20f28e5870399c2ebdcb1f5c585c23c/element - {"using":"xpath","value":"//span[contains(@id ,\"contractDetailTitleNoExpanded\")][contains(text(), \"10306\")]"}
RESULT: {"using":"xpath","value":"//span[contains(@id ,\"contractDetailTitleNoExpanded\")][contains(text(), \"10306\")]"}
COMMAND: POST /session/e20f28e5870399c2ebdcb1f5c585c23c/element - {"using":"xpath","value":"//span[contains(@id ,\"contractDetailTitleNoExpanded\")][contains(text(), \"10306\")]"}
RESULT: {"using":"xpath","value":"//span[contains(@id ,\"contractDetailTitleNoExpanded\")][contains(text(), \"10306\")]"}
COMMAND: POST /session/e20f28e5870399c2ebdcb1f5c585c23c/element - {"using":"xpath","value":"//span[contains(@id ,\"contractDetailTitleNoExpanded\")][contains(text(), \"10306\")]"}
RESULT: {"using":"xpath","value":"//span[contains(@id ,\"contractDetailTitleNoExpanded\")][contains(text(), \"10306\")]"}
COMMAND: POST /session/e20f28e5870399c2ebdcb1f5c585c23c/element - {"using":"xpath","value":"//span[contains(@id ,\"contractDetailTitleNoExpanded\")][contains(text(), \"10306\")]"}
RESULT: {"using":"xpath","value":"//span[contains(@id ,\"contractDetailTitleNoExpanded\")][contains(text(), \"10306\")]"}
COMMAND: POST /session/e20f28e5870399c2ebdcb1f5c585c23c/element - {"using":"xpath","value":"//span[contains(@id ,\"contractDetailTitleNoExpanded\")][contains(text(), \"10306\")]"}
RESULT: {"using":"xpath","value":"//span[contains(@id ,\"contractDetailTitleNoExpanded\")][contains(text(), \"10306\")]"}
COMMAND: POST /session/e20f28e5870399c2ebdcb1f5c585c23c/element - {"using":"xpath","value":"//span[contains(@id ,\"contractDetailTitleNoExpanded\")][contains(text(), \"10306\")]"}
RESULT: {"using":"xpath","value":"//span[contains(@id ,\"contractDetailTitleNoExpanded\")][contains(text(), \"10306\")]"}
COMMAND: POST /session/e20f28e5870399c2ebdcb1f5c585c23c/element - {"using":"xpath","value":"//span[contains(@id ,\"contractDetailTitleNoExpanded\")][contains(text(), \"10306\")]"}
RESULT: {"using":"xpath","value":"//span[contains(@id ,\"contractDetailTitleNoExpanded\")][contains(text(), \"10306\")]"}
COMMAND: POST /session/e20f28e5870399c2ebdcb1f5c585c23c/element - {"using":"xpath","value":"//span[contains(@id ,\"contractDetailTitleNoExpanded\")][contains(text(), \"10306\")]"}
RESULT: {"using":"xpath","value":"//span[contains(@id ,\"contractDetailTitleNoExpanded\")][contains(text(), \"10306\")]"}
COMMAND: POST /session/e20f28e5870399c2ebdcb1f5c585c23c/element - {"using":"xpath","value":"//span[contains(@id ,\"contractDetailTitleNoExpanded\")][contains(text(), \"10306\")]"}
RESULT: {"using":"xpath","value":"//span[contains(@id ,\"contractDetailTitleNoExpanded\")][contains(text(), \"10306\")]"}
COMMAND: POST /session/e20f28e5870399c2ebdcb1f5c585c23c/element - {"using":"xpath","value":"//span[contains(@id ,\"contractDetailTitleNoExpanded\")][contains(text(), \"10306\")]"}
RESULT: {"using":"xpath","value":"//span[contains(@id ,\"contractDetailTitleNoExpanded\")][contains(text(), \"10306\")]"}
COMMAND: POST /session/e20f28e5870399c2ebdcb1f5c585c23c/element - {"using":"xpath","value":"//span[contains(@id ,\"contractDetailTitleNoExpanded\")][contains(text(), \"10306\")]"}
RESULT: {"using":"xpath","value":"//span[contains(@id ,\"contractDetailTitleNoExpanded\")][contains(text(), \"10306\")]"}
COMMAND: POST /session/e20f28e5870399c2ebdcb1f5c585c23c/element - {"using":"xpath","value":"//span[contains(@id ,\"contractDetailTitleNoExpanded\")][contains(text(), \"10306\")]"}
RESULT: {"using":"xpath","value":"//span[contains(@id ,\"contractDetailTitleNoExpanded\")][contains(text(), \"10306\")]"}
COMMAND: POST /session/e20f28e5870399c2ebdcb1f5c585c23c/element - {"using":"xpath","value":"//span[contains(@id ,\"contractDetailTitleNoExpanded\")][contains(text(), \"10306\")]"}
RESULT: {"using":"xpath","value":"//span[contains(@id ,\"contractDetailTitleNoExpanded\")][contains(text(), \"10306\")]"}
COMMAND: POST /session/e20f28e5870399c2ebdcb1f5c585c23c/element - {"using":"xpath","value":"//span[contains(@id ,\"contractDetailTitleNoExpanded\")][contains(text(), \"10306\")]"}
RESULT: {"using":"xpath","value":"//span[contains(@id ,\"contractDetailTitleNoExpanded\")][contains(text(), \"10306\")]"}
COMMAND: POST /session/e20f28e5870399c2ebdcb1f5c585c23c/element - {"using":"xpath","value":"//span[contains(@id ,\"contractDetailTitleNoExpanded\")][contains(text(), \"10306\")]"}
RESULT: {"using":"xpath","value":"//span[contains(@id ,\"contractDetailTitleNoExpanded\")][contains(text(), \"10306\")]"}
COMMAND: POST /session/e20f28e5870399c2ebdcb1f5c585c23c/element - {"using":"xpath","value":"//span[contains(@id ,\"contractDetailTitleNoExpanded\")][contains(text(), \"10306\")]"}
RESULT: {"using":"xpath","value":"//span[contains(@id ,\"contractDetailTitleNoExpanded\")][contains(text(), \"10306\")]"}
COMMAND: POST /session/e20f28e5870399c2ebdcb1f5c585c23c/element - {"using":"xpath","value":"//span[contains(@id ,\"contractDetailTitleNoExpanded\")][contains(text(), \"10306\")]"}
RESULT: {"using":"xpath","value":"//span[contains(@id ,\"contractDetailTitleNoExpanded\")][contains(text(), \"10306\")]"}
COMMAND: POST /session/e20f28e5870399c2ebdcb1f5c585c23c/element - {"using":"xpath","value":"//span[contains(@id ,\"contractDetailTitleNoExpanded\")][contains(text(), \"10306\")]"}
RESULT: {"using":"xpath","value":"//span[contains(@id ,\"contractDetailTitleNoExpanded\")][contains(text(), \"10306\")]"}
COMMAND: POST /session/e20f28e5870399c2ebdcb1f5c585c23c/element - {"using":"xpath","value":"//span[contains(@id ,\"contractDetailTitleNoExpanded\")][contains(text(), \"10306\")]"}
RESULT: {"using":"xpath","value":"//span[contains(@id ,\"contractDetailTitleNoExpanded\")][contains(text(), \"10306\")]"}
COMMAND: POST /session/e20f28e5870399c2ebdcb1f5c585c23c/element - {"using":"css selector","value":"#requestCreationDialog--createRequestPopUp-title-inner"}
RESULT: {"using":"css selector","value":"#requestCreationDialog--createRequestPopUp-title-inner"}
COMMAND: POST /session/e20f28e5870399c2ebdcb1f5c585c23c/execute/sync - {"script":"<script> [8489 bytes]","args":[{"element-6066-11e4-a52e-4f735466cecf":"f.995A9DDE63C2E497ED89F267647EB6A9.d.291303C111E9891CDF253DACF9A02935.e.6510","ELEMENT":"f.995A9DDE63C2E497ED89F267647EB6A9.d.291303C111E9891CDF253DACF9A02935.e.6510"}]}
RESULT: {"script":"<script> [8489 bytes]","args":[{"element-6066-11e4-a52e-4f735466cecf":"f.995A9DDE63C2E497ED89F267647EB6A9.d.291303C111E9891CDF253DACF9A02935.e.6510","ELEMENT":"f.995A9DDE63C2E497ED89F267647EB6A9.d.291303C111E9891CDF253DACF9A02935.e.6510"}]}
COMMAND: GET /session/e20f28e5870399c2ebdcb1f5c585c23c/element/f.995A9DDE63C2E497ED89F267647EB6A9.d.291303C111E9891CDF253DACF9A02935.e.6510/enabled - {}
RESULT: {}
COMMAND: POST /session/e20f28e5870399c2ebdcb1f5c585c23c/element - {"using":"xpath","value":"//span[contains(@id ,\"requestCreationDialog--cancelButton-content\")]"}
RESULT: {"using":"xpath","value":"//span[contains(@id ,\"requestCreationDialog--cancelButton-content\")]"}
COMMAND: POST /session/e20f28e5870399c2ebdcb1f5c585c23c/element/f.995A9DDE63C2E497ED89F267647EB6A9.d.291303C111E9891CDF253DACF9A02935.e.6511/click - {}
COMMAND: GET /session/e20f28e5870399c2ebdcb1f5c585c23c/screenshot - {}
COMMAND: GET /session/e20f28e5870399c2ebdcb1f5c585c23c/screenshot - {}
RESULT: {}
COMMAND: GET /session/e20f28e5870399c2ebdcb1f5c585c23c/screenshot - {}
RESULT: {}
RESULT: {}
RESULT: {}
COMMAND: POST /session/e20f28e5870399c2ebdcb1f5c585c23c/element - {"using":"xpath","value":"//input[contains(@id ,\"searchFiledId-I\")]"}
RESULT: {"using":"xpath","value":"//input[contains(@id ,\"searchFiledId-I\")]"}
COMMAND: POST /session/e20f28e5870399c2ebdcb1f5c585c23c/element/f.995A9DDE63C2E497ED89F267647EB6A9.d.291303C111E9891CDF253DACF9A02935.e.6460/value - {"text":"Dri-Prime CD150M Diesel Pump"}
RESULT: {"text":"Dri-Prime CD150M Diesel Pump"}
COMMAND: POST /session/e20f28e5870399c2ebdcb1f5c585c23c/actions - {"actions":[{"id":"action11","type":"key","parameters":{},"actions":[{"type":"keyDown","value":"î€‡"},{"type":"pause","duration":10},{"type":"keyUp","value":"î€‡"}]}]}
COMMAND: GET /session/e20f28e5870399c2ebdcb1f5c585c23c/screenshot - {}
RESULT: {"actions":[{"id":"action11","type":"key","parameters":{},"actions":[{"type":"keyDown","value":"î€‡"},{"type":"pause","duration":10},{"type":"keyUp","value":"î€‡"}]}]}
COMMAND: GET /session/e20f28e5870399c2ebdcb1f5c585c23c/screenshot - {}
RESULT: {}
RESULT: {}
COMMAND: POST /session/e20f28e5870399c2ebdcb1f5c585c23c/element - {"using":"xpath","value":"//span[contains(@id ,\"subTitle\")][contains(text(), \"Dri-Prime CD150M Diesel Pump\")]"}
RESULT: {"using":"xpath","value":"//span[contains(@id ,\"subTitle\")][contains(text(), \"Dri-Prime CD150M Diesel Pump\")]"}
COMMAND: POST /session/e20f28e5870399c2ebdcb1f5c585c23c/element/f.995A9DDE63C2E497ED89F267647EB6A9.d.291303C111E9891CDF253DACF9A02935.e.6518/click - {}
RESULT: {}
COMMAND: GET /session/e20f28e5870399c2ebdcb1f5c585c23c/screenshot - {}
RESULT: {}
COMMAND: POST /session/e20f28e5870399c2ebdcb1f5c585c23c/element - {"using":"xpath","value":"//bdi[contains(text(), \"Add to Request\")]"}
RESULT: {"using":"xpath","value":"//bdi[contains(text(), \"Add to Request\")]"}
COMMAND: POST /session/e20f28e5870399c2ebdcb1f5c585c23c/element/f.995A9DDE63C2E497ED89F267647EB6A9.d.291303C111E9891CDF253DACF9A02935.e.6530/click - {}
RESULT: {}
COMMAND: POST /session/e20f28e5870399c2ebdcb1f5c585c23c/element - {"using":"xpath","value":"//div[contains(@class ,\"sapMMessageToast sapUiSelectable sapContrast sapContrastPlus sapUiUserSelectable\")]"}
COMMAND: GET /session/e20f28e5870399c2ebdcb1f5c585c23c/screenshot - {}
RESULT: {"using":"xpath","value":"//div[contains(@class ,\"sapMMessageToast sapUiSelectable sapContrast sapContrastPlus sapUiUserSelectable\")]"}
COMMAND: POST /session/e20f28e5870399c2ebdcb1f5c585c23c/execute/sync - {"script":"<script> [8489 bytes]","args":[{"element-6066-11e4-a52e-4f735466cecf":"f.995A9DDE63C2E497ED89F267647EB6A9.d.291303C111E9891CDF253DACF9A02935.e.6534","ELEMENT":"f.995A9DDE63C2E497ED89F267647EB6A9.d.291303C111E9891CDF253DACF9A02935.e.6534"}]}
RESULT: {}
RESULT: {"script":"<script> [8489 bytes]","args":[{"element-6066-11e4-a52e-4f735466cecf":"f.995A9DDE63C2E497ED89F267647EB6A9.d.291303C111E9891CDF253DACF9A02935.e.6534","ELEMENT":"f.995A9DDE63C2E497ED89F267647EB6A9.d.291303C111E9891CDF253DACF9A02935.e.6534"}]}
COMMAND: GET /session/e20f28e5870399c2ebdcb1f5c585c23c/element/f.995A9DDE63C2E497ED89F267647EB6A9.d.291303C111E9891CDF253DACF9A02935.e.6534/text - {}
COMMAND: GET /session/e20f28e5870399c2ebdcb1f5c585c23c/screenshot - {}
RESULT: {}
RESULT: {}
COMMAND: POST /session/e20f28e5870399c2ebdcb1f5c585c23c/element - {"using":"xpath","value":"//bdi[contains(@id ,\"activeCartId-BDI-content\")]"}
RESULT: {"using":"xpath","value":"//bdi[contains(@id ,\"activeCartId-BDI-content\")]"}
COMMAND: GET /session/e20f28e5870399c2ebdcb1f5c585c23c/element/f.995A9DDE63C2E497ED89F267647EB6A9.d.291303C111E9891CDF253DACF9A02935.e.6535/text - {}
RESULT: {}
COMMAND: POST /session/e20f28e5870399c2ebdcb1f5c585c23c/element - {"using":"xpath","value":"//li[@title=\"Exit\"]"}
RESULT: {"using":"xpath","value":"//li[@title=\"Exit\"]"}
COMMAND: POST /session/e20f28e5870399c2ebdcb1f5c585c23c/element/f.995A9DDE63C2E497ED89F267647EB6A9.d.291303C111E9891CDF253DACF9A02935.e.6536/click - {}
RESULT: {}
COMMAND: GET /session/e20f28e5870399c2ebdcb1f5c585c23c/screenshot - {}
RESULT: {}
COMMAND: POST /session/e20f28e5870399c2ebdcb1f5c585c23c/element - {"using":"css selector","value":"#shell-header-logo"}
RESULT: {"using":"css selector","value":"#shell-header-logo"}
COMMAND: POST /session/e20f28e5870399c2ebdcb1f5c585c23c/element/f.995A9DDE63C2E497ED89F267647EB6A9.d.291303C111E9891CDF253DACF9A02935.e.6546/click - {}
RESULT: {}
COMMAND: GET /session/e20f28e5870399c2ebdcb1f5c585c23c/screenshot - {}
RESULT: {}
]]></system-out>
    </testcase>
  </testsuite>
  <testsuite timestamp="2025-05-16T16:25:31" time="130.758" tests="1" failures="0" errors="0" skipped="0">
    <properties>
      <property name="specId" value="0" />
      <property name="suiteName" value=" Webshop - Request management - Verifying the Master List - Filtering /Sorting - Deleting - Creating US151314" />
      <property name="capabilities" value="chrome.136_0_7103_93.windows" />
      <property name="file" value="file:///D:/a/1/s/test/specs/R2C/webshop-request-management-verify-master-list.spec.js" />
    </properties>
    <testcase classname="chrome.136_0_7103_93.windows._Webshop_-_Request_management_-_Verifying_the_Master_List_-_Filtering_/Sorting_-_Deleting_-_Creating_US151314" name="Should navigate to request management in webshop and verify the filters" time="127.634">
      <system-out><![CDATA[
RESULT: undefined
COMMAND: POST /session/e20f28e5870399c2ebdcb1f5c585c23c/element - {"using":"xpath","value":"//*[@id=\"__tile49\"]"}
RESULT: {"using":"xpath","value":"//*[@id=\"__tile49\"]"}
COMMAND: POST /session/e20f28e5870399c2ebdcb1f5c585c23c/element/f.995A9DDE63C2E497ED89F267647EB6A9.d.291303C111E9891CDF253DACF9A02935.e.3002/click - {}
RESULT: {}
COMMAND: GET /session/e20f28e5870399c2ebdcb1f5c585c23c/screenshot - {}
RESULT: {}
COMMAND: POST /session/e20f28e5870399c2ebdcb1f5c585c23c/elements - {"using":"xpath","value":"//span[text()='Error']"}
RESULT: {"using":"xpath","value":"//span[text()='Error']"}
COMMAND: POST /session/e20f28e5870399c2ebdcb1f5c585c23c/execute/async - {"script":"<script> [1562 bytes]","args":[{"selector":{"id":"requestCreationDialog--cancelButton","searchOpenDialogs":true,"interaction":{"idSuffix":"BDI-content"}},"wdio_ui5_key":"requestCreationDialogcancelButton"}]}
RESULT: {"script":"<script> [1562 bytes]","args":[{"selector":{"id":"requestCreationDialog--cancelButton","searchOpenDialogs":true,"interaction":{"idSuffix":"BDI-content"}},"wdio_ui5_key":"requestCreationDialogcancelButton"}]}
RESULT: undefined
COMMAND: POST /session/e20f28e5870399c2ebdcb1f5c585c23c/element - {"using":"xpath","value":"//*[@id=\"requestCreationDialog--cancelButton\"]"}
RESULT: {"using":"xpath","value":"//*[@id=\"requestCreationDialog--cancelButton\"]"}
COMMAND: POST /session/e20f28e5870399c2ebdcb1f5c585c23c/element/f.995A9DDE63C2E497ED89F267647EB6A9.d.291303C111E9891CDF253DACF9A02935.e.6599/click - {}
RESULT: {}
COMMAND: GET /session/e20f28e5870399c2ebdcb1f5c585c23c/screenshot - {}
RESULT: {}
COMMAND: POST /session/e20f28e5870399c2ebdcb1f5c585c23c/execute/async - {"script":"<script> [1562 bytes]","args":[{"selector":{"controlType":"sap.tnt.NavigationListItem","viewName":"etm.portal.ui.webshop.view.Homepage","i18NText":{"propertyName":"text","key":"requestsManagement"},"interaction":{"idSuffix":"a"}},"wdio_ui5_key":"etmportal.ui.webshop.view.Homepagesap.tnt.NavigationListItem{\"propertyName\":\"text\",\"key\":\"requestsManagement\"}"}]}
RESULT: {"script":"<script> [1562 bytes]","args":[{"selector":{"controlType":"sap.tnt.NavigationListItem","viewName":"etm.portal.ui.webshop.view.Homepage","i18NText":{"propertyName":"text","key":"requestsManagement"},"interaction":{"idSuffix":"a"}},"wdio_ui5_key":"etmportal.ui.webshop.view.Homepagesap.tnt.NavigationListItem{\"propertyName\":\"text\",\"key\":\"requestsManagement\"}"}]}
RESULT: undefined
COMMAND: POST /session/e20f28e5870399c2ebdcb1f5c585c23c/element - {"using":"xpath","value":"//*[@id=\"__item3271\"]"}
RESULT: {"using":"xpath","value":"//*[@id=\"__item3271\"]"}
COMMAND: POST /session/e20f28e5870399c2ebdcb1f5c585c23c/element/f.995A9DDE63C2E497ED89F267647EB6A9.d.291303C111E9891CDF253DACF9A02935.e.6601/click - {}
RESULT: {}
COMMAND: GET /session/e20f28e5870399c2ebdcb1f5c585c23c/screenshot - {}
RESULT: {}
COMMAND: POST /session/e20f28e5870399c2ebdcb1f5c585c23c/element - {"using":"xpath","value":"//input[contains(@id ,\"smartFilterBar-btnBasicSearch-I\")]"}
RESULT: {"using":"xpath","value":"//input[contains(@id ,\"smartFilterBar-btnBasicSearch-I\")]"}
COMMAND: POST /session/e20f28e5870399c2ebdcb1f5c585c23c/element/f.995A9DDE63C2E497ED89F267647EB6A9.d.291303C111E9891CDF253DACF9A02935.e.6606/clear - {}
RESULT: {}
COMMAND: POST /session/e20f28e5870399c2ebdcb1f5c585c23c/element/f.995A9DDE63C2E497ED89F267647EB6A9.d.291303C111E9891CDF253DACF9A02935.e.6606/value - {"text":"20001"}
COMMAND: GET /session/e20f28e5870399c2ebdcb1f5c585c23c/screenshot - {}
RESULT: {"text":"20001"}
COMMAND: GET /session/e20f28e5870399c2ebdcb1f5c585c23c/screenshot - {}
RESULT: {}
RESULT: {}
COMMAND: POST /session/e20f28e5870399c2ebdcb1f5c585c23c/actions - {"actions":[{"id":"action12","type":"key","parameters":{},"actions":[{"type":"keyDown","value":"î€‡"},{"type":"pause","duration":10},{"type":"keyUp","value":"î€‡"}]}]}
RESULT: {"actions":[{"id":"action12","type":"key","parameters":{},"actions":[{"type":"keyDown","value":"î€‡"},{"type":"pause","duration":10},{"type":"keyUp","value":"î€‡"}]}]}
COMMAND: GET /session/e20f28e5870399c2ebdcb1f5c585c23c/screenshot - {}
RESULT: {}
COMMAND: POST /session/e20f28e5870399c2ebdcb1f5c585c23c/execute/async - {"script":"<script> [1562 bytes]","args":[{"selector":{"controlType":"sap.m.Title","viewName":"etm.portal.ui.webshop.view.RequestMaster","properties":{"text":"Records (1)"}},"wdio_ui5_key":"etmportal.ui.webshop.view.RequestMastersap.m.Title{\"text\":\"Records (1)\"}"}]}
RESULT: {"script":"<script> [1562 bytes]","args":[{"selector":{"controlType":"sap.m.Title","viewName":"etm.portal.ui.webshop.view.RequestMaster","properties":{"text":"Records (1)"}},"wdio_ui5_key":"etmportal.ui.webshop.view.RequestMastersap.m.Title{\"text\":\"Records (1)\"}"}]}
RESULT: undefined
COMMAND: POST /session/e20f28e5870399c2ebdcb1f5c585c23c/execute/async - {"script":"<script> [6424 bytes]","args":[{"element-6066-11e4-a52e-4f735466cecf":"f.995A9DDE63C2E497ED89F267647EB6A9.d.291303C111E9891CDF253DACF9A02935.e.6689"},"getText",[]]}
RESULT: {"script":"<script> [6424 bytes]","args":[{"element-6066-11e4-a52e-4f735466cecf":"f.995A9DDE63C2E497ED89F267647EB6A9.d.291303C111E9891CDF253DACF9A02935.e.6689"},"getText",[]]}
COMMAND: POST /session/e20f28e5870399c2ebdcb1f5c585c23c/element - {"using":"xpath","value":"//div[contains(@id ,\"smartFilterBar-btnBasicSearch-reset\")]"}
RESULT: {"using":"xpath","value":"//div[contains(@id ,\"smartFilterBar-btnBasicSearch-reset\")]"}
COMMAND: POST /session/e20f28e5870399c2ebdcb1f5c585c23c/element/f.995A9DDE63C2E497ED89F267647EB6A9.d.291303C111E9891CDF253DACF9A02935.e.6690/click - {}
RESULT: {}
COMMAND: GET /session/e20f28e5870399c2ebdcb1f5c585c23c/screenshot - {}
RESULT: {}
COMMAND: POST /session/e20f28e5870399c2ebdcb1f5c585c23c/element - {"using":"xpath","value":"//input[contains(@id ,\"smartStatusFilter-inner\")]"}
RESULT: {"using":"xpath","value":"//input[contains(@id ,\"smartStatusFilter-inner\")]"}
COMMAND: POST /session/e20f28e5870399c2ebdcb1f5c585c23c/element/f.995A9DDE63C2E497ED89F267647EB6A9.d.291303C111E9891CDF253DACF9A02935.e.6611/clear - {}
RESULT: {}
COMMAND: POST /session/e20f28e5870399c2ebdcb1f5c585c23c/element/f.995A9DDE63C2E497ED89F267647EB6A9.d.291303C111E9891CDF253DACF9A02935.e.6611/value - {"text":"draft"}
COMMAND: GET /session/e20f28e5870399c2ebdcb1f5c585c23c/screenshot - {}
RESULT: {"text":"draft"}
COMMAND: GET /session/e20f28e5870399c2ebdcb1f5c585c23c/screenshot - {}
RESULT: {}
RESULT: {}
COMMAND: POST /session/e20f28e5870399c2ebdcb1f5c585c23c/actions - {"actions":[{"id":"action13","type":"key","parameters":{},"actions":[{"type":"keyDown","value":"î€‡"},{"type":"pause","duration":10},{"type":"keyUp","value":"î€‡"}]}]}
RESULT: {"actions":[{"id":"action13","type":"key","parameters":{},"actions":[{"type":"keyDown","value":"î€‡"},{"type":"pause","duration":10},{"type":"keyUp","value":"î€‡"}]}]}
COMMAND: GET /session/e20f28e5870399c2ebdcb1f5c585c23c/screenshot - {}
RESULT: {}
COMMAND: POST /session/e20f28e5870399c2ebdcb1f5c585c23c/execute/async - {"script":"<script> [1562 bytes]","args":[{"selector":{"controlType":"sap.m.ObjectStatus","viewName":"etm.portal.ui.webshop.view.RequestMaster","bindingPath":{"propertyPath":"STATUS_DESCRIPTION"}},"wdio_ui5_key":"etmportal.ui.webshop.view.RequestMastersap.m.ObjectStatus{\"propertyPath\":\"STATUS_DESCRIPTION\"}"}]}
RESULT: {"script":"<script> [1562 bytes]","args":[{"selector":{"controlType":"sap.m.ObjectStatus","viewName":"etm.portal.ui.webshop.view.RequestMaster","bindingPath":{"propertyPath":"STATUS_DESCRIPTION"}},"wdio_ui5_key":"etmportal.ui.webshop.view.RequestMastersap.m.ObjectStatus{\"propertyPath\":\"STATUS_DESCRIPTION\"}"}]}
RESULT: undefined
COMMAND: POST /session/e20f28e5870399c2ebdcb1f5c585c23c/execute/async - {"script":"<script> [6424 bytes]","args":[{"element-6066-11e4-a52e-4f735466cecf":"f.995A9DDE63C2E497ED89F267647EB6A9.d.291303C111E9891CDF253DACF9A02935.e.6734"},"getText",[]]}
RESULT: {"script":"<script> [6424 bytes]","args":[{"element-6066-11e4-a52e-4f735466cecf":"f.995A9DDE63C2E497ED89F267647EB6A9.d.291303C111E9891CDF253DACF9A02935.e.6734"},"getText",[]]}
COMMAND: POST /session/e20f28e5870399c2ebdcb1f5c585c23c/element - {"using":"xpath","value":"//span[contains(@title ,\"Remove\")]"}
RESULT: {"using":"xpath","value":"//span[contains(@title ,\"Remove\")]"}
COMMAND: POST /session/e20f28e5870399c2ebdcb1f5c585c23c/element/f.995A9DDE63C2E497ED89F267647EB6A9.d.291303C111E9891CDF253DACF9A02935.e.6735/click - {}
RESULT: {}
COMMAND: GET /session/e20f28e5870399c2ebdcb1f5c585c23c/screenshot - {}
COMMAND: POST /session/e20f28e5870399c2ebdcb1f5c585c23c/element - {"using":"xpath","value":"//input[contains(@id ,\"smartStatusFilter-inner\")]"}
RESULT: {}
RESULT: {"using":"xpath","value":"//input[contains(@id ,\"smartStatusFilter-inner\")]"}
COMMAND: POST /session/e20f28e5870399c2ebdcb1f5c585c23c/element/f.995A9DDE63C2E497ED89F267647EB6A9.d.291303C111E9891CDF253DACF9A02935.e.6611/clear - {}
RESULT: {}
COMMAND: POST /session/e20f28e5870399c2ebdcb1f5c585c23c/element/f.995A9DDE63C2E497ED89F267647EB6A9.d.291303C111E9891CDF253DACF9A02935.e.6611/value - {"text":"created"}
COMMAND: GET /session/e20f28e5870399c2ebdcb1f5c585c23c/screenshot - {}
RESULT: {"text":"created"}
COMMAND: GET /session/e20f28e5870399c2ebdcb1f5c585c23c/screenshot - {}
RESULT: {}
RESULT: {}
COMMAND: POST /session/e20f28e5870399c2ebdcb1f5c585c23c/actions - {"actions":[{"id":"action14","type":"key","parameters":{},"actions":[{"type":"keyDown","value":"î€‡"},{"type":"pause","duration":10},{"type":"keyUp","value":"î€‡"}]}]}
RESULT: {"actions":[{"id":"action14","type":"key","parameters":{},"actions":[{"type":"keyDown","value":"î€‡"},{"type":"pause","duration":10},{"type":"keyUp","value":"î€‡"}]}]}
COMMAND: GET /session/e20f28e5870399c2ebdcb1f5c585c23c/screenshot - {}
RESULT: {}
RESULT: undefined
COMMAND: POST /session/e20f28e5870399c2ebdcb1f5c585c23c/execute/async - {"script":"<script> [6424 bytes]","args":[{"element-6066-11e4-a52e-4f735466cecf":"f.995A9DDE63C2E497ED89F267647EB6A9.d.291303C111E9891CDF253DACF9A02935.e.6734"},"getText",[]]}
COMMAND: POST /session/e20f28e5870399c2ebdcb1f5c585c23c/execute/async - {"script":"<script> [1562 bytes]","args":[{"selector":{"controlType":"sap.m.ObjectStatus","viewName":"etm.portal.ui.webshop.view.RequestMaster","bindingPath":{"propertyPath":"STATUS_DESCRIPTION"}},"wdio_ui5_key":"etmportal.ui.webshop.view.RequestMastersap.m.ObjectStatus{\"propertyPath\":\"STATUS_DESCRIPTION\"}"}]}
RESULT: {"script":"<script> [1562 bytes]","args":[{"selector":{"controlType":"sap.m.ObjectStatus","viewName":"etm.portal.ui.webshop.view.RequestMaster","bindingPath":{"propertyPath":"STATUS_DESCRIPTION"}},"wdio_ui5_key":"etmportal.ui.webshop.view.RequestMastersap.m.ObjectStatus{\"propertyPath\":\"STATUS_DESCRIPTION\"}"}]}
COMMAND: POST /session/e20f28e5870399c2ebdcb1f5c585c23c/execute/async - {"script":"<script> [6424 bytes]","args":[{"element-6066-11e4-a52e-4f735466cecf":"f.995A9DDE63C2E497ED89F267647EB6A9.d.291303C111E9891CDF253DACF9A02935.e.6790"},"getText",[]]}
RESULT: {"script":"<script> [6424 bytes]","args":[{"element-6066-11e4-a52e-4f735466cecf":"f.995A9DDE63C2E497ED89F267647EB6A9.d.291303C111E9891CDF253DACF9A02935.e.6790"},"getText",[]]}
COMMAND: POST /session/e20f28e5870399c2ebdcb1f5c585c23c/element - {"using":"xpath","value":"//span[contains(@title ,\"Remove\")]"}
RESULT: {"using":"xpath","value":"//span[contains(@title ,\"Remove\")]"}
COMMAND: POST /session/e20f28e5870399c2ebdcb1f5c585c23c/element/f.995A9DDE63C2E497ED89F267647EB6A9.d.291303C111E9891CDF253DACF9A02935.e.6791/click - {}
RESULT: {}
COMMAND: GET /session/e20f28e5870399c2ebdcb1f5c585c23c/screenshot - {}
COMMAND: POST /session/e20f28e5870399c2ebdcb1f5c585c23c/execute/async - {"script":"<script> [1562 bytes]","args":[{"selector":{"controlType":"sap.m.Button","viewName":"etm.portal.ui.webshop.view.RequestMaster","properties":{"text":"Filters (1)"},"interaction":{"idSuffix":"BDI-content"}},"wdio_ui5_key":"etmportal.ui.webshop.view.RequestMastersap.m.Button{\"text\":\"Filters (1)\"}"}]}
RESULT: {}
RESULT: {"script":"<script> [1562 bytes]","args":[{"selector":{"controlType":"sap.m.Button","viewName":"etm.portal.ui.webshop.view.RequestMaster","properties":{"text":"Filters (1)"},"interaction":{"idSuffix":"BDI-content"}},"wdio_ui5_key":"etmportal.ui.webshop.view.RequestMastersap.m.Button{\"text\":\"Filters (1)\"}"}]}
RESULT: undefined
COMMAND: POST /session/e20f28e5870399c2ebdcb1f5c585c23c/element - {"using":"xpath","value":"//*[@id=\"__xmlview72--smartFilterBar-btnFilters\"]"}
RESULT: {"using":"xpath","value":"//*[@id=\"__xmlview72--smartFilterBar-btnFilters\"]"}
COMMAND: POST /session/e20f28e5870399c2ebdcb1f5c585c23c/element/f.995A9DDE63C2E497ED89F267647EB6A9.d.291303C111E9891CDF253DACF9A02935.e.6676/click - {}
RESULT: {}
COMMAND: GET /session/e20f28e5870399c2ebdcb1f5c585c23c/screenshot - {}
RESULT: {}
COMMAND: POST /session/e20f28e5870399c2ebdcb1f5c585c23c/element - {"using":"xpath","value":"//input[contains(@id ,\"searchField-I\")]"}
RESULT: {"using":"xpath","value":"//input[contains(@id ,\"searchField-I\")]"}
COMMAND: POST /session/e20f28e5870399c2ebdcb1f5c585c23c/element/f.995A9DDE63C2E497ED89F267647EB6A9.d.291303C111E9891CDF253DACF9A02935.e.6837/clear - {}
RESULT: {}
COMMAND: POST /session/e20f28e5870399c2ebdcb1f5c585c23c/element/f.995A9DDE63C2E497ED89F267647EB6A9.d.291303C111E9891CDF253DACF9A02935.e.6837/value - {"text":"tags"}
COMMAND: GET /session/e20f28e5870399c2ebdcb1f5c585c23c/screenshot - {}
RESULT: {"text":"tags"}
COMMAND: GET /session/e20f28e5870399c2ebdcb1f5c585c23c/screenshot - {}
RESULT: {}
RESULT: {}
COMMAND: POST /session/e20f28e5870399c2ebdcb1f5c585c23c/element - {"using":"xpath","value":"(//div[contains(@id ,\"selectMulti\")][@role=\"checkbox\"])[8]"}
RESULT: {"using":"xpath","value":"(//div[contains(@id ,\"selectMulti\")][@role=\"checkbox\"])[8]"}
COMMAND: POST /session/e20f28e5870399c2ebdcb1f5c585c23c/element/f.995A9DDE63C2E497ED89F267647EB6A9.d.291303C111E9891CDF253DACF9A02935.e.6860/click - {}
RESULT: {}
COMMAND: GET /session/e20f28e5870399c2ebdcb1f5c585c23c/screenshot - {}
RESULT: {}
COMMAND: POST /session/e20f28e5870399c2ebdcb1f5c585c23c/execute/async - {"script":"<script> [1562 bytes]","args":[{"selector":{"controlType":"sap.m.Button","viewName":"etm.portal.ui.webshop.view.RequestMaster","properties":{"text":"OK"},"searchOpenDialogs":true,"interaction":{"idSuffix":"BDI-content"}},"wdio_ui5_key":"etmportal.ui.webshop.view.RequestMastersap.m.Button{\"text\":\"OK\"}"}]}
RESULT: {"script":"<script> [1562 bytes]","args":[{"selector":{"controlType":"sap.m.Button","viewName":"etm.portal.ui.webshop.view.RequestMaster","properties":{"text":"OK"},"searchOpenDialogs":true,"interaction":{"idSuffix":"BDI-content"}},"wdio_ui5_key":"etmportal.ui.webshop.view.RequestMastersap.m.Button{\"text\":\"OK\"}"}]}
RESULT: undefined
COMMAND: POST /session/e20f28e5870399c2ebdcb1f5c585c23c/element - {"using":"xpath","value":"//*[@id=\"__xmlview72--smartFilterBar-adapt-filters-dialog-confirmBtn\"]"}
RESULT: {"using":"xpath","value":"//*[@id=\"__xmlview72--smartFilterBar-adapt-filters-dialog-confirmBtn\"]"}
COMMAND: POST /session/e20f28e5870399c2ebdcb1f5c585c23c/element/f.995A9DDE63C2E497ED89F267647EB6A9.d.291303C111E9891CDF253DACF9A02935.e.6864/click - {}
RESULT: {}
COMMAND: GET /session/e20f28e5870399c2ebdcb1f5c585c23c/screenshot - {}
RESULT: {}
COMMAND: POST /session/e20f28e5870399c2ebdcb1f5c585c23c/element - {"using":"xpath","value":"//input[contains(@id ,\"smartFilterBar-filterItemControlA_-ALL_TAGS-inner\")]"}
RESULT: {"using":"xpath","value":"//input[contains(@id ,\"smartFilterBar-filterItemControlA_-ALL_TAGS-inner\")]"}
COMMAND: POST /session/e20f28e5870399c2ebdcb1f5c585c23c/element/f.995A9DDE63C2E497ED89F267647EB6A9.d.291303C111E9891CDF253DACF9A02935.e.6872/clear - {}
RESULT: {}
COMMAND: POST /session/e20f28e5870399c2ebdcb1f5c585c23c/element/f.995A9DDE63C2E497ED89F267647EB6A9.d.291303C111E9891CDF253DACF9A02935.e.6872/value - {"text":"tag1"}
COMMAND: GET /session/e20f28e5870399c2ebdcb1f5c585c23c/screenshot - {}
RESULT: {"text":"tag1"}
COMMAND: GET /session/e20f28e5870399c2ebdcb1f5c585c23c/screenshot - {}
RESULT: {}
RESULT: {}
COMMAND: POST /session/e20f28e5870399c2ebdcb1f5c585c23c/actions - {"actions":[{"id":"action15","type":"key","parameters":{},"actions":[{"type":"keyDown","value":"î€‡"},{"type":"pause","duration":10},{"type":"keyUp","value":"î€‡"}]}]}
RESULT: {"actions":[{"id":"action15","type":"key","parameters":{},"actions":[{"type":"keyDown","value":"î€‡"},{"type":"pause","duration":10},{"type":"keyUp","value":"î€‡"}]}]}
COMMAND: GET /session/e20f28e5870399c2ebdcb1f5c585c23c/screenshot - {}
RESULT: {}
RESULT: undefined
COMMAND: POST /session/e20f28e5870399c2ebdcb1f5c585c23c/execute/async - {"script":"<script> [6424 bytes]","args":[{"element-6066-11e4-a52e-4f735466cecf":"f.995A9DDE63C2E497ED89F267647EB6A9.d.291303C111E9891CDF253DACF9A02935.e.6689"},"getText",[]]}
RESULT: {"script":"<script> [6424 bytes]","args":[{"element-6066-11e4-a52e-4f735466cecf":"f.995A9DDE63C2E497ED89F267647EB6A9.d.291303C111E9891CDF253DACF9A02935.e.6689"},"getText",[]]}
COMMAND: POST /session/e20f28e5870399c2ebdcb1f5c585c23c/execute/async - {"script":"<script> [1562 bytes]","args":[{"selector":{"controlType":"sap.ui.core.Icon","viewName":"etm.portal.ui.webshop.view.RequestMaster","properties":{"src":{"regex":{"source":"action\\-settings"}}}},"wdio_ui5_key":"etmportal.ui.webshop.view.RequestMastersap.ui.core.Icon{\"src\":{\"regex\":{\"source\":\"action\\\\-settings\"}}}"}]}
RESULT: {"script":"<script> [1562 bytes]","args":[{"selector":{"controlType":"sap.ui.core.Icon","viewName":"etm.portal.ui.webshop.view.RequestMaster","properties":{"src":{"regex":{"source":"action\\-settings"}}}},"wdio_ui5_key":"etmportal.ui.webshop.view.RequestMastersap.ui.core.Icon{\"src\":{\"regex\":{\"source\":\"action\\\\-settings\"}}}"}]}
RESULT: undefined
COMMAND: POST /session/e20f28e5870399c2ebdcb1f5c585c23c/element - {"using":"xpath","value":"//*[@id=\"__xmlview72--smartTable-btnPersonalisation-img\"]"}
RESULT: {"using":"xpath","value":"//*[@id=\"__xmlview72--smartTable-btnPersonalisation-img\"]"}
COMMAND: POST /session/e20f28e5870399c2ebdcb1f5c585c23c/element/f.995A9DDE63C2E497ED89F267647EB6A9.d.291303C111E9891CDF253DACF9A02935.e.6641/click - {}
RESULT: {}
COMMAND: GET /session/e20f28e5870399c2ebdcb1f5c585c23c/screenshot - {}
RESULT: {}
COMMAND: POST /session/e20f28e5870399c2ebdcb1f5c585c23c/element - {"using":"xpath","value":"//input[contains(@id ,\"searchField-I\")]"}
RESULT: {"using":"xpath","value":"//input[contains(@id ,\"searchField-I\")]"}
COMMAND: POST /session/e20f28e5870399c2ebdcb1f5c585c23c/element/f.995A9DDE63C2E497ED89F267647EB6A9.d.291303C111E9891CDF253DACF9A02935.e.6901/clear - {}
RESULT: {}
COMMAND: POST /session/e20f28e5870399c2ebdcb1f5c585c23c/element/f.995A9DDE63C2E497ED89F267647EB6A9.d.291303C111E9891CDF253DACF9A02935.e.6901/value - {"text":"tags"}
COMMAND: GET /session/e20f28e5870399c2ebdcb1f5c585c23c/screenshot - {}
RESULT: {"text":"tags"}
COMMAND: GET /session/e20f28e5870399c2ebdcb1f5c585c23c/screenshot - {}
RESULT: {}
RESULT: {}
COMMAND: POST /session/e20f28e5870399c2ebdcb1f5c585c23c/element - {"using":"xpath","value":"(//div[contains(@id ,\"selectMulti\")][@role=\"checkbox\"])[8]"}
RESULT: {"using":"xpath","value":"(//div[contains(@id ,\"selectMulti\")][@role=\"checkbox\"])[8]"}
COMMAND: POST /session/e20f28e5870399c2ebdcb1f5c585c23c/element/f.995A9DDE63C2E497ED89F267647EB6A9.d.291303C111E9891CDF253DACF9A02935.e.6969/click - {}
RESULT: {}
COMMAND: GET /session/e20f28e5870399c2ebdcb1f5c585c23c/screenshot - {}
RESULT: {}
COMMAND: POST /session/e20f28e5870399c2ebdcb1f5c585c23c/element - {"using":"xpath","value":"//div[contains(@id ,\"searchField-reset\")]"}
RESULT: {"using":"xpath","value":"//div[contains(@id ,\"searchField-reset\")]"}
COMMAND: POST /session/e20f28e5870399c2ebdcb1f5c585c23c/element - {"using":"xpath","value":"//input[contains(@id ,\"searchField-I\")]"}
RESULT: {"using":"xpath","value":"//input[contains(@id ,\"searchField-I\")]"}
COMMAND: POST /session/e20f28e5870399c2ebdcb1f5c585c23c/element/f.995A9DDE63C2E497ED89F267647EB6A9.d.291303C111E9891CDF253DACF9A02935.e.6901/clear - {}
RESULT: {}
COMMAND: POST /session/e20f28e5870399c2ebdcb1f5c585c23c/element/f.995A9DDE63C2E497ED89F267647EB6A9.d.291303C111E9891CDF253DACF9A02935.e.6901/value - {"text":"status"}
COMMAND: GET /session/e20f28e5870399c2ebdcb1f5c585c23c/screenshot - {}
RESULT: {"text":"status"}
COMMAND: GET /session/e20f28e5870399c2ebdcb1f5c585c23c/screenshot - {}
RESULT: {}
RESULT: {}
COMMAND: POST /session/e20f28e5870399c2ebdcb1f5c585c23c/element - {"using":"xpath","value":"(//div[contains(@id ,\"selectMulti\")][@role=\"checkbox\"])[8]"}
RESULT: {"using":"xpath","value":"(//div[contains(@id ,\"selectMulti\")][@role=\"checkbox\"])[8]"}
COMMAND: POST /session/e20f28e5870399c2ebdcb1f5c585c23c/element/f.995A9DDE63C2E497ED89F267647EB6A9.d.291303C111E9891CDF253DACF9A02935.e.6969/click - {}
RESULT: {}
COMMAND: GET /session/e20f28e5870399c2ebdcb1f5c585c23c/screenshot - {}
RESULT: {}
COMMAND: POST /session/e20f28e5870399c2ebdcb1f5c585c23c/element - {"using":"xpath","value":"//bdi[contains(@id ,\"confirmBtn-BDI-content\")]"}
RESULT: {"using":"xpath","value":"//bdi[contains(@id ,\"confirmBtn-BDI-content\")]"}
COMMAND: POST /session/e20f28e5870399c2ebdcb1f5c585c23c/element/f.995A9DDE63C2E497ED89F267647EB6A9.d.291303C111E9891CDF253DACF9A02935.e.6982/click - {}
RESULT: {}
COMMAND: GET /session/e20f28e5870399c2ebdcb1f5c585c23c/screenshot - {}
RESULT: {}
COMMAND: POST /session/e20f28e5870399c2ebdcb1f5c585c23c/element - {"using":"xpath","value":"(//span[contains(text(), \"Status\")])[2]"}
RESULT: {"using":"xpath","value":"(//span[contains(text(), \"Status\")])[2]"}
COMMAND: POST /session/e20f28e5870399c2ebdcb1f5c585c23c/element - {"using":"xpath","value":"(//span[contains(text(), \"Status\")])[2]"}
RESULT: {"using":"xpath","value":"(//span[contains(text(), \"Status\")])[2]"}
COMMAND: POST /session/e20f28e5870399c2ebdcb1f5c585c23c/element - {"using":"xpath","value":"(//bdi[contains(text(), \"Tags\")])[2]"}
RESULT: {"using":"xpath","value":"(//bdi[contains(text(), \"Tags\")])[2]"}
COMMAND: POST /session/e20f28e5870399c2ebdcb1f5c585c23c/execute/sync - {"script":"<script> [8489 bytes]","args":[{"element-6066-11e4-a52e-4f735466cecf":"f.995A9DDE63C2E497ED89F267647EB6A9.d.291303C111E9891CDF253DACF9A02935.e.6989","ELEMENT":"f.995A9DDE63C2E497ED89F267647EB6A9.d.291303C111E9891CDF253DACF9A02935.e.6989"}]}
RESULT: {"script":"<script> [8489 bytes]","args":[{"element-6066-11e4-a52e-4f735466cecf":"f.995A9DDE63C2E497ED89F267647EB6A9.d.291303C111E9891CDF253DACF9A02935.e.6989","ELEMENT":"f.995A9DDE63C2E497ED89F267647EB6A9.d.291303C111E9891CDF253DACF9A02935.e.6989"}]}
COMMAND: POST /session/e20f28e5870399c2ebdcb1f5c585c23c/element - {"using":"xpath","value":"//span[contains(@title ,\"Remove\")]"}
COMMAND: GET /session/e20f28e5870399c2ebdcb1f5c585c23c/screenshot - {}
RESULT: {}
RESULT: {"using":"xpath","value":"//span[contains(@title ,\"Remove\")]"}
COMMAND: POST /session/e20f28e5870399c2ebdcb1f5c585c23c/element/f.995A9DDE63C2E497ED89F267647EB6A9.d.291303C111E9891CDF253DACF9A02935.e.6990/click - {}
RESULT: {}
COMMAND: GET /session/e20f28e5870399c2ebdcb1f5c585c23c/screenshot - {}
RESULT: {}
COMMAND: POST /session/e20f28e5870399c2ebdcb1f5c585c23c/element - {"using":"xpath","value":"//button[contains(@id ,\"btnDeleteRequest\")]"}
RESULT: {"using":"xpath","value":"//button[contains(@id ,\"btnDeleteRequest\")]"}
COMMAND: POST /session/e20f28e5870399c2ebdcb1f5c585c23c/element - {"using":"xpath","value":"//button[contains(@id ,\"btnDeleteRequest\")]"}
RESULT: {"using":"xpath","value":"//button[contains(@id ,\"btnDeleteRequest\")]"}
COMMAND: POST /session/e20f28e5870399c2ebdcb1f5c585c23c/element - {"using":"xpath","value":"(//span[contains(text(), \"Draft\")])[1]"}
RESULT: {"using":"xpath","value":"(//span[contains(text(), \"Draft\")])[1]"}
COMMAND: POST /session/e20f28e5870399c2ebdcb1f5c585c23c/element/f.995A9DDE63C2E497ED89F267647EB6A9.d.291303C111E9891CDF253DACF9A02935.e.7017/click - {}
RESULT: {}
COMMAND: GET /session/e20f28e5870399c2ebdcb1f5c585c23c/screenshot - {}
RESULT: {}
COMMAND: POST /session/e20f28e5870399c2ebdcb1f5c585c23c/element - {"using":"xpath","value":"//button[contains(@id ,\"btnDeleteRequest\")]"}
RESULT: {"using":"xpath","value":"//button[contains(@id ,\"btnDeleteRequest\")]"}
COMMAND: POST /session/e20f28e5870399c2ebdcb1f5c585c23c/execute/sync - {"script":"<script> [8489 bytes]","args":[{"element-6066-11e4-a52e-4f735466cecf":"f.995A9DDE63C2E497ED89F267647EB6A9.d.291303C111E9891CDF253DACF9A02935.e.7048","ELEMENT":"f.995A9DDE63C2E497ED89F267647EB6A9.d.291303C111E9891CDF253DACF9A02935.e.7048"}]}
RESULT: {"script":"<script> [8489 bytes]","args":[{"element-6066-11e4-a52e-4f735466cecf":"f.995A9DDE63C2E497ED89F267647EB6A9.d.291303C111E9891CDF253DACF9A02935.e.7048","ELEMENT":"f.995A9DDE63C2E497ED89F267647EB6A9.d.291303C111E9891CDF253DACF9A02935.e.7048"}]}
COMMAND: POST /session/e20f28e5870399c2ebdcb1f5c585c23c/element - {"using":"xpath","value":"(//span[contains(text(), \"Proposal\")])[1]"}
COMMAND: GET /session/e20f28e5870399c2ebdcb1f5c585c23c/screenshot - {}
RESULT: {"using":"xpath","value":"(//span[contains(text(), \"Proposal\")])[1]"}
COMMAND: POST /session/e20f28e5870399c2ebdcb1f5c585c23c/element/f.995A9DDE63C2E497ED89F267647EB6A9.d.291303C111E9891CDF253DACF9A02935.e.7086/click - {}
RESULT: {}
RESULT: {}
COMMAND: GET /session/e20f28e5870399c2ebdcb1f5c585c23c/screenshot - {}
RESULT: {}
COMMAND: POST /session/e20f28e5870399c2ebdcb1f5c585c23c/execute/sync - {"script":"<script> [8489 bytes]","args":[{"element-6066-11e4-a52e-4f735466cecf":"f.995A9DDE63C2E497ED89F267647EB6A9.d.291303C111E9891CDF253DACF9A02935.e.7048","ELEMENT":"f.995A9DDE63C2E497ED89F267647EB6A9.d.291303C111E9891CDF253DACF9A02935.e.7048"}]}
RESULT: {"script":"<script> [8489 bytes]","args":[{"element-6066-11e4-a52e-4f735466cecf":"f.995A9DDE63C2E497ED89F267647EB6A9.d.291303C111E9891CDF253DACF9A02935.e.7048","ELEMENT":"f.995A9DDE63C2E497ED89F267647EB6A9.d.291303C111E9891CDF253DACF9A02935.e.7048"}]}
COMMAND: GET /session/e20f28e5870399c2ebdcb1f5c585c23c/screenshot - {}
RESULT: {}
COMMAND: DELETE /session/e20f28e5870399c2ebdcb1f5c585c23c - {}
RESULT: {}
]]></system-out>
    </testcase>
  </testsuite>
</testsuites>