<?xml version="1.0" encoding="UTF-8"?>
<testsuites tests="7" failures="0" errors="0" skipped="0">
  <testsuite timestamp="2025-05-21T15:28:29" time="770.61" tests="7" failures="0" errors="0" skipped="0">
    <properties>
      <property name="specId" value="0"/>
      <property name="suiteName" value="Related resources for groups US139107"/>
      <property name="capabilities" value="chrome.136_0_7103_93.windows"/>
      <property name="file" value="file:///D:/a/1/s/test/specs/R2C/related-resources-area-rpg.spec.js"/>
    </properties>
    <testcase classname="chrome.136_0_7103_93.windows.Related_resources_for_groups_US139107" name="Should create a new yard" time="128.016">
      <system-out><![CDATA[
COMMAND: POST /session/5c0f611fe9e992bf6baa21fdd84b9363/execute/async - {"script":"<script> [1562 bytes]","args":[{"selector":{"controlType":"sap.m.GenericTile","properties":{"header":"Manage Yards"}},"wdio_ui5_key":"sapm.GenericTile{\"header\":\"Manage Yards\"}"}]}
RESULT: {"script":"<script> [1562 bytes]","args":[{"selector":{"controlType":"sap.m.GenericTile","properties":{"header":"Manage Yards"}},"wdio_ui5_key":"sapm.GenericTile{\"header\":\"Manage Yards\"}"}]}
RESULT: undefined
COMMAND: POST /session/5c0f611fe9e992bf6baa21fdd84b9363/element - {"using":"xpath","value":"//*[@id=\"__tile41\"]"}
RESULT: {"using":"xpath","value":"//*[@id=\"__tile41\"]"}
COMMAND: POST /session/5c0f611fe9e992bf6baa21fdd84b9363/element/f.29A4D9279EB6458BA2B177A8085AE4F2.d.A8DD393D30A1FBA8DB282C9912E04363.e.111/click - {}
RESULT: {}
COMMAND: GET /session/5c0f611fe9e992bf6baa21fdd84b9363/screenshot - {}
RESULT: {}
COMMAND: POST /session/5c0f611fe9e992bf6baa21fdd84b9363/elements - {"using":"xpath","value":"//span[text()='Error']"}
RESULT: {"using":"xpath","value":"//span[text()='Error']"}
COMMAND: POST /session/5c0f611fe9e992bf6baa21fdd84b9363/execute/async - {"script":"<script> [1562 bytes]","args":[{"selector":{"controlType":"sap.ui.core.Icon","viewName":"etm.portal.ui.manageyards.view.Master","viewId":"application-manageyards-display-component---masterYard","properties":{"src":{"regex":{"source":"add"}}}},"wdio_ui5_key":"etmportal.ui.manageyards.view.Mastersap.ui.core.Icon{\"src\":{\"regex\":{\"source\":\"add\"}}}"}]}
RESULT: {"script":"<script> [1562 bytes]","args":[{"selector":{"controlType":"sap.ui.core.Icon","viewName":"etm.portal.ui.manageyards.view.Master","viewId":"application-manageyards-display-component---masterYard","properties":{"src":{"regex":{"source":"add"}}}},"wdio_ui5_key":"etmportal.ui.manageyards.view.Mastersap.ui.core.Icon{\"src\":{\"regex\":{\"source\":\"add\"}}}"}]}
RESULT: undefined
COMMAND: POST /session/5c0f611fe9e992bf6baa21fdd84b9363/element - {"using":"xpath","value":"//*[@id=\"__button4-img\"]"}
RESULT: {"using":"xpath","value":"//*[@id=\"__button4-img\"]"}
COMMAND: POST /session/5c0f611fe9e992bf6baa21fdd84b9363/element/f.29A4D9279EB6458BA2B177A8085AE4F2.d.A8DD393D30A1FBA8DB282C9912E04363.e.159/click - {}
RESULT: {}
COMMAND: GET /session/5c0f611fe9e992bf6baa21fdd84b9363/screenshot - {}
RESULT: {}
COMMAND: POST /session/5c0f611fe9e992bf6baa21fdd84b9363/execute/async - {"script":"<script> [1562 bytes]","args":[{"selector":{"id":"application-manageyards-display-component---NewYard--yardId","interaction":{"idSuffix":"inner"}},"wdio_ui5_key":"applicationmanageyards-display-component---NewYard--yardId"}]}
RESULT: {"script":"<script> [1562 bytes]","args":[{"selector":{"id":"application-manageyards-display-component---NewYard--yardId","interaction":{"idSuffix":"inner"}},"wdio_ui5_key":"applicationmanageyards-display-component---NewYard--yardId"}]}
RESULT: undefined
COMMAND: POST /session/5c0f611fe9e992bf6baa21fdd84b9363/element - {"using":"xpath","value":"//*[@id=\"application-manageyards-display-component---NewYard--addressDetailDetailsName1-inner\"]"}
RESULT: {"using":"xpath","value":"//*[@id=\"application-manageyards-display-component---NewYard--addressDetailDetailsName1-inner\"]"}
COMMAND: POST /session/5c0f611fe9e992bf6baa21fdd84b9363/element/f.29A4D9279EB6458BA2B177A8085AE4F2.d.A8DD393D30A1FBA8DB282C9912E04363.e.290/clear - {}
RESULT: {}
COMMAND: POST /session/5c0f611fe9e992bf6baa21fdd84b9363/element/f.29A4D9279EB6458BA2B177A8085AE4F2.d.A8DD393D30A1FBA8DB282C9912E04363.e.290/value - {"text":"WebdriverYardglhm9k"}
COMMAND: GET /session/5c0f611fe9e992bf6baa21fdd84b9363/screenshot - {}
RESULT: {"text":"WebdriverYardglhm9k"}
COMMAND: POST /session/5c0f611fe9e992bf6baa21fdd84b9363/element - {"using":"xpath","value":"//*[@id=\"application-manageyards-display-component---NewYard--addressDetailDetailsLanguage-inner\"]"}
COMMAND: GET /session/5c0f611fe9e992bf6baa21fdd84b9363/screenshot - {}
RESULT: {}
RESULT: {"using":"xpath","value":"//*[@id=\"application-manageyards-display-component---NewYard--addressDetailDetailsLanguage-inner\"]"}
COMMAND: POST /session/5c0f611fe9e992bf6baa21fdd84b9363/element/f.29A4D9279EB6458BA2B177A8085AE4F2.d.A8DD393D30A1FBA8DB282C9912E04363.e.291/clear - {}
RESULT: {}
RESULT: {}
COMMAND: POST /session/5c0f611fe9e992bf6baa21fdd84b9363/element/f.29A4D9279EB6458BA2B177A8085AE4F2.d.A8DD393D30A1FBA8DB282C9912E04363.e.291/value - {"text":"Romanian"}
COMMAND: GET /session/5c0f611fe9e992bf6baa21fdd84b9363/screenshot - {}
RESULT: {"text":"Romanian"}
COMMAND: POST /session/5c0f611fe9e992bf6baa21fdd84b9363/element - {"using":"xpath","value":"//input[contains(@id ,\"application-manageyards-display-component---NewYard--addressDetailDetailsName1-inner\")]"}
COMMAND: GET /session/5c0f611fe9e992bf6baa21fdd84b9363/screenshot - {}
RESULT: {}
RESULT: {"using":"xpath","value":"//input[contains(@id ,\"application-manageyards-display-component---NewYard--addressDetailDetailsName1-inner\")]"}
COMMAND: GET /session/5c0f611fe9e992bf6baa21fdd84b9363/element/f.29A4D9279EB6458BA2B177A8085AE4F2.d.A8DD393D30A1FBA8DB282C9912E04363.e.290/property/value - {}
RESULT: {}
RESULT: {}
COMMAND: GET /session/5c0f611fe9e992bf6baa21fdd84b9363/screenshot - {}
RESULT: {}
COMMAND: POST /session/5c0f611fe9e992bf6baa21fdd84b9363/element - {"using":"xpath","value":"//*[@id=\"application-manageyards-display-component---NewYard--addressDetailDetailsCity1-inner\"]"}
RESULT: {"using":"xpath","value":"//*[@id=\"application-manageyards-display-component---NewYard--addressDetailDetailsCity1-inner\"]"}
COMMAND: POST /session/5c0f611fe9e992bf6baa21fdd84b9363/element/f.29A4D9279EB6458BA2B177A8085AE4F2.d.A8DD393D30A1FBA8DB282C9912E04363.e.293/clear - {}
RESULT: {}
COMMAND: POST /session/5c0f611fe9e992bf6baa21fdd84b9363/element/f.29A4D9279EB6458BA2B177A8085AE4F2.d.A8DD393D30A1FBA8DB282C9912E04363.e.293/value - {"text":"Bucuresti"}
COMMAND: GET /session/5c0f611fe9e992bf6baa21fdd84b9363/screenshot - {}
RESULT: {"text":"Bucuresti"}
COMMAND: GET /session/5c0f611fe9e992bf6baa21fdd84b9363/screenshot - {}
RESULT: {}
RESULT: {}
COMMAND: POST /session/5c0f611fe9e992bf6baa21fdd84b9363/element - {"using":"xpath","value":"//*[@id=\"application-manageyards-display-component---NewYard--addressDetailDetailsCountry-inner\"]"}
RESULT: {"using":"xpath","value":"//*[@id=\"application-manageyards-display-component---NewYard--addressDetailDetailsCountry-inner\"]"}
COMMAND: POST /session/5c0f611fe9e992bf6baa21fdd84b9363/element/f.29A4D9279EB6458BA2B177A8085AE4F2.d.A8DD393D30A1FBA8DB282C9912E04363.e.297/clear - {}
RESULT: {}
COMMAND: POST /session/5c0f611fe9e992bf6baa21fdd84b9363/element/f.29A4D9279EB6458BA2B177A8085AE4F2.d.A8DD393D30A1FBA8DB282C9912E04363.e.297/value - {"text":"Romania"}
COMMAND: GET /session/5c0f611fe9e992bf6baa21fdd84b9363/screenshot - {}
RESULT: {"text":"Romania"}
COMMAND: GET /session/5c0f611fe9e992bf6baa21fdd84b9363/screenshot - {}
RESULT: {}
RESULT: {}
COMMAND: POST /session/5c0f611fe9e992bf6baa21fdd84b9363/element - {"using":"xpath","value":"//div[contains(text(), \"Commercial\")]"}
RESULT: {"using":"xpath","value":"//div[contains(text(), \"Commercial\")]"}
COMMAND: GET /session/5c0f611fe9e992bf6baa21fdd84b9363/element/f.29A4D9279EB6458BA2B177A8085AE4F2.d.A8DD393D30A1FBA8DB282C9912E04363.e.582/rect - {}
RESULT: {}
COMMAND: GET /session/5c0f611fe9e992bf6baa21fdd84b9363/window/rect - {}
RESULT: {}
COMMAND: POST /session/5c0f611fe9e992bf6baa21fdd84b9363/execute/sync - {"script":"<script> [92 bytes]","args":[]}
RESULT: {"script":"<script> [92 bytes]","args":[]}
COMMAND: POST /session/5c0f611fe9e992bf6baa21fdd84b9363/actions - {"actions":[{"id":"action1","type":"wheel","parameters":{},"actions":[{"type":"scroll","x":-1841,"y":-44,"deltaX":0,"deltaY":0,"duration":0,"origin":{"element-6066-11e4-a52e-4f735466cecf":"f.29A4D9279EB6458BA2B177A8085AE4F2.d.A8DD393D30A1FBA8DB282C9912E04363.e.582"}}]}]}
COMMAND: GET /session/5c0f611fe9e992bf6baa21fdd84b9363/screenshot - {}
RESULT: {}
COMMAND: POST /session/5c0f611fe9e992bf6baa21fdd84b9363/execute/sync - {"script":"<script> [79 bytes]","args":[{"element-6066-11e4-a52e-4f735466cecf":"f.29A4D9279EB6458BA2B177A8085AE4F2.d.A8DD393D30A1FBA8DB282C9912E04363.e.582","ELEMENT":"f.29A4D9279EB6458BA2B177A8085AE4F2.d.A8DD393D30A1FBA8DB282C9912E04363.e.582"},{"block":"start","inline":"nearest"}]}
RESULT: {"script":"<script> [79 bytes]","args":[{"element-6066-11e4-a52e-4f735466cecf":"f.29A4D9279EB6458BA2B177A8085AE4F2.d.A8DD393D30A1FBA8DB282C9912E04363.e.582","ELEMENT":"f.29A4D9279EB6458BA2B177A8085AE4F2.d.A8DD393D30A1FBA8DB282C9912E04363.e.582"},{"block":"start","inline":"nearest"}]}
COMMAND: GET /session/5c0f611fe9e992bf6baa21fdd84b9363/screenshot - {}
RESULT: {}
COMMAND: POST /session/5c0f611fe9e992bf6baa21fdd84b9363/execute/async - {"script":"<script> [1562 bytes]","args":[{"selector":{"id":"application-manageyards-display-component---NewYard--addressEditDetailsCostObjectCstType-arrow"},"wdio_ui5_key":"applicationmanageyards-display-component---NewYard--addressEditDetailsCostObjectCstType-arrow"}]}
RESULT: {"script":"<script> [1562 bytes]","args":[{"selector":{"id":"application-manageyards-display-component---NewYard--addressEditDetailsCostObjectCstType-arrow"},"wdio_ui5_key":"applicationmanageyards-display-component---NewYard--addressEditDetailsCostObjectCstType-arrow"}]}
RESULT: undefined
COMMAND: POST /session/5c0f611fe9e992bf6baa21fdd84b9363/element - {"using":"xpath","value":"//*[@id=\"application-manageyards-display-component---NewYard--addressEditDetailsCostObjectCstType-arrow\"]"}
RESULT: {"using":"xpath","value":"//*[@id=\"application-manageyards-display-component---NewYard--addressEditDetailsCostObjectCstType-arrow\"]"}
COMMAND: POST /session/5c0f611fe9e992bf6baa21fdd84b9363/element/f.29A4D9279EB6458BA2B177A8085AE4F2.d.A8DD393D30A1FBA8DB282C9912E04363.e.591/click - {}
RESULT: {}
COMMAND: POST /session/5c0f611fe9e992bf6baa21fdd84b9363/element - {"using":"xpath","value":"//span[contains(text(), \"Cost Center\")]"}
COMMAND: GET /session/5c0f611fe9e992bf6baa21fdd84b9363/screenshot - {}
RESULT: {"using":"xpath","value":"//span[contains(text(), \"Cost Center\")]"}
COMMAND: POST /session/5c0f611fe9e992bf6baa21fdd84b9363/element/f.29A4D9279EB6458BA2B177A8085AE4F2.d.A8DD393D30A1FBA8DB282C9912E04363.e.603/click - {}
RESULT: {}
RESULT: {}
COMMAND: GET /session/5c0f611fe9e992bf6baa21fdd84b9363/screenshot - {}
RESULT: {}
COMMAND: POST /session/5c0f611fe9e992bf6baa21fdd84b9363/execute/async - {"script":"<script> [1562 bytes]","args":[{"selector":{"id":"application-manageyards-display-component---NewYard--addressNewCostObjectCstID-vhi"},"wdio_ui5_key":"applicationmanageyards-display-component---NewYard--addressNewCostObjectCstID-vhi"}]}
RESULT: {"script":"<script> [1562 bytes]","args":[{"selector":{"id":"application-manageyards-display-component---NewYard--addressNewCostObjectCstID-vhi"},"wdio_ui5_key":"applicationmanageyards-display-component---NewYard--addressNewCostObjectCstID-vhi"}]}
RESULT: undefined
COMMAND: POST /session/5c0f611fe9e992bf6baa21fdd84b9363/element - {"using":"xpath","value":"//*[@id=\"application-manageyards-display-component---NewYard--addressNewCostObjectCstID-vhi\"]"}
RESULT: {"using":"xpath","value":"//*[@id=\"application-manageyards-display-component---NewYard--addressNewCostObjectCstID-vhi\"]"}
COMMAND: POST /session/5c0f611fe9e992bf6baa21fdd84b9363/element/f.29A4D9279EB6458BA2B177A8085AE4F2.d.A8DD393D30A1FBA8DB282C9912E04363.e.607/click - {}
RESULT: {}
COMMAND: GET /session/5c0f611fe9e992bf6baa21fdd84b9363/screenshot - {}
RESULT: {}
COMMAND: POST /session/5c0f611fe9e992bf6baa21fdd84b9363/execute/async - {"script":"<script> [1562 bytes]","args":[{"selector":{"controlType":"sap.m.SearchField","properties":{"placeholder":"Search"},"searchOpenDialogs":true,"interaction":{"idSuffix":"I"}},"wdio_ui5_key":"sapm.SearchField{\"placeholder\":\"Search\"}"}]}
RESULT: {"script":"<script> [1562 bytes]","args":[{"selector":{"controlType":"sap.m.SearchField","properties":{"placeholder":"Search"},"searchOpenDialogs":true,"interaction":{"idSuffix":"I"}},"wdio_ui5_key":"sapm.SearchField{\"placeholder\":\"Search\"}"}]}
RESULT: undefined
COMMAND: POST /session/5c0f611fe9e992bf6baa21fdd84b9363/execute/async - {"script":"<script> [776 bytes]","args":[{"enterText":"10001013","selector":{"controlType":"sap.m.SearchField","properties":{"placeholder":"Search"},"searchOpenDialogs":true,"interaction":{"idSuffix":"I"}},"clearTextFirst":true,"interactionType":"ENTER_TEXT"}]}
RESULT: {"script":"<script> [776 bytes]","args":[{"enterText":"10001013","selector":{"controlType":"sap.m.SearchField","properties":{"placeholder":"Search"},"searchOpenDialogs":true,"interaction":{"idSuffix":"I"}},"clearTextFirst":true,"interactionType":"ENTER_TEXT"}]}
COMMAND: POST /session/5c0f611fe9e992bf6baa21fdd84b9363/actions - {"actions":[{"id":"action2","type":"key","parameters":{},"actions":[{"type":"keyDown","value":""},{"type":"pause","duration":10},{"type":"keyUp","value":""}]}]}
RESULT: {"actions":[{"id":"action2","type":"key","parameters":{},"actions":[{"type":"keyDown","value":""},{"type":"pause","duration":10},{"type":"keyUp","value":""}]}]}
COMMAND: GET /session/5c0f611fe9e992bf6baa21fdd84b9363/screenshot - {}
RESULT: {}
COMMAND: POST /session/5c0f611fe9e992bf6baa21fdd84b9363/element - {"using":"xpath","value":"//span[contains(text(), \"General Management\")]"}
RESULT: {"using":"xpath","value":"//span[contains(text(), \"General Management\")]"}
COMMAND: POST /session/5c0f611fe9e992bf6baa21fdd84b9363/element/f.29A4D9279EB6458BA2B177A8085AE4F2.d.A8DD393D30A1FBA8DB282C9912E04363.e.649/click - {}
RESULT: {}
COMMAND: GET /session/5c0f611fe9e992bf6baa21fdd84b9363/screenshot - {}
RESULT: {}
COMMAND: POST /session/5c0f611fe9e992bf6baa21fdd84b9363/element - {"using":"xpath","value":"//bdi[contains(text(), \"OK\")]"}
RESULT: {"using":"xpath","value":"//bdi[contains(text(), \"OK\")]"}
COMMAND: POST /session/5c0f611fe9e992bf6baa21fdd84b9363/element/f.29A4D9279EB6458BA2B177A8085AE4F2.d.A8DD393D30A1FBA8DB282C9912E04363.e.650/click - {}
RESULT: {}
COMMAND: GET /session/5c0f611fe9e992bf6baa21fdd84b9363/screenshot - {}
RESULT: {}
COMMAND: POST /session/5c0f611fe9e992bf6baa21fdd84b9363/execute/async - {"script":"<script> [1562 bytes]","args":[{"selector":{"controlType":"sap.m.Button","viewName":"etm.portal.ui.manageyards.view.New","viewId":"application-manageyards-display-component---NewYard","i18NText":{"propertyName":"text","key":"save"},"interaction":{"idSuffix":"inner"}},"wdio_ui5_key":"etmportal.ui.manageyards.view.Newsap.m.Button{\"propertyName\":\"text\",\"key\":\"save\"}"}]}
RESULT: {"script":"<script> [1562 bytes]","args":[{"selector":{"controlType":"sap.m.Button","viewName":"etm.portal.ui.manageyards.view.New","viewId":"application-manageyards-display-component---NewYard","i18NText":{"propertyName":"text","key":"save"},"interaction":{"idSuffix":"inner"}},"wdio_ui5_key":"etmportal.ui.manageyards.view.Newsap.m.Button{\"propertyName\":\"text\",\"key\":\"save\"}"}]}
RESULT: undefined
COMMAND: POST /session/5c0f611fe9e992bf6baa21fdd84b9363/element - {"using":"xpath","value":"//*[@id=\"__button18\"]"}
RESULT: {"using":"xpath","value":"//*[@id=\"__button18\"]"}
COMMAND: POST /session/5c0f611fe9e992bf6baa21fdd84b9363/element/f.29A4D9279EB6458BA2B177A8085AE4F2.d.A8DD393D30A1FBA8DB282C9912E04363.e.527/click - {}
RESULT: {}
COMMAND: GET /session/5c0f611fe9e992bf6baa21fdd84b9363/screenshot - {}
RESULT: {}
COMMAND: POST /session/5c0f611fe9e992bf6baa21fdd84b9363/element - {"using":"xpath","value":"//header/div/div[2]/div[2]/span"}
RESULT: {"using":"xpath","value":"//header/div/div[2]/div[2]/span"}
COMMAND: GET /session/5c0f611fe9e992bf6baa21fdd84b9363/element/f.29A4D9279EB6458BA2B177A8085AE4F2.d.A8DD393D30A1FBA8DB282C9912E04363.e.848/text - {}
RESULT: {}
COMMAND: POST /session/5c0f611fe9e992bf6baa21fdd84b9363/execute/async - {"script":"<script> [1562 bytes]","args":[{"selector":{"controlType":"sap.m.OverflowToolbarButton","viewName":"etm.portal.ui.manageyards.view.Detail","viewId":"application-manageyards-display-component---detailYard","i18NText":{"propertyName":"tooltip","key":"closeColumn"},"interaction":{"idSuffix":"inner"}},"wdio_ui5_key":"etmportal.ui.manageyards.view.Detailsap.m.OverflowToolbarButton{\"propertyName\":\"tooltip\",\"key\":\"closeColumn\"}"}]}
RESULT: {"script":"<script> [1562 bytes]","args":[{"selector":{"controlType":"sap.m.OverflowToolbarButton","viewName":"etm.portal.ui.manageyards.view.Detail","viewId":"application-manageyards-display-component---detailYard","i18NText":{"propertyName":"tooltip","key":"closeColumn"},"interaction":{"idSuffix":"inner"}},"wdio_ui5_key":"etmportal.ui.manageyards.view.Detailsap.m.OverflowToolbarButton{\"propertyName\":\"tooltip\",\"key\":\"closeColumn\"}"}]}
RESULT: undefined
COMMAND: POST /session/5c0f611fe9e992bf6baa21fdd84b9363/element - {"using":"xpath","value":"//*[@id=\"__button40\"]"}
RESULT: {"using":"xpath","value":"//*[@id=\"__button40\"]"}
COMMAND: POST /session/5c0f611fe9e992bf6baa21fdd84b9363/element/f.29A4D9279EB6458BA2B177A8085AE4F2.d.A8DD393D30A1FBA8DB282C9912E04363.e.850/click - {}
RESULT: {}
COMMAND: GET /session/5c0f611fe9e992bf6baa21fdd84b9363/screenshot - {}
RESULT: {}
COMMAND: POST /session/5c0f611fe9e992bf6baa21fdd84b9363/element - {"using":"css selector","value":"#shell-header-logo"}
RESULT: {"using":"css selector","value":"#shell-header-logo"}
COMMAND: POST /session/5c0f611fe9e992bf6baa21fdd84b9363/element/f.29A4D9279EB6458BA2B177A8085AE4F2.d.A8DD393D30A1FBA8DB282C9912E04363.e.114/click - {}
RESULT: {}
COMMAND: GET /session/5c0f611fe9e992bf6baa21fdd84b9363/screenshot - {}
RESULT: {}
COMMAND: POST /session/5c0f611fe9e992bf6baa21fdd84b9363/refresh - {}
RESULT: {}
COMMAND: GET /session/5c0f611fe9e992bf6baa21fdd84b9363/screenshot - {}
RESULT: {}
COMMAND: POST /session/5c0f611fe9e992bf6baa21fdd84b9363/execute/async - {"script":"<script> [189 bytes]","args":[]}
RESULT: {"script":"<script> [189 bytes]","args":[]}
COMMAND: POST /session/5c0f611fe9e992bf6baa21fdd84b9363/execute/async - {"script":"<script> [123 bytes]","args":[]}
RESULT: {"script":"<script> [123 bytes]","args":[]}
COMMAND: POST /session/5c0f611fe9e992bf6baa21fdd84b9363/timeouts - {"script":"<number>"}
RESULT: {"script":"<number>"}
COMMAND: GET /session/5c0f611fe9e992bf6baa21fdd84b9363/timeouts - {}
RESULT: {}
RESULT: undefined
COMMAND: POST /session/5c0f611fe9e992bf6baa21fdd84b9363/execute/async - {"script":"<script> [2676 bytes]","args":[]}
RESULT: {"script":"<script> [2676 bytes]","args":[]}
COMMAND: POST /session/5c0f611fe9e992bf6baa21fdd84b9363/execute/async - {"script":"<script> [2342 bytes]","args":[{"protocol":"http","hostname":"0.0.0.0","path":"/","capabilities":{"browserName":"chrome","goog:chromeOptions":{"binary":"C:\\Program Files\\Google\\Chrome\\Application\\chrome.exe","args":["--start-maximized"]}},"logLevel":"warn","connectionRetryTimeout":120000,"connectionRetryCount":3,"logLevels":{},"enableDirectConnect":true,"strictSSL":true,"_":"65 more keys: [\"cacheDir\",\"port\",\"requestedCapabilities\",\"automationProtocol\",\"baseUrl\",\"waitforInterval\",\"waitforTimeout\",\"onReload\",\"beforeCommand\",\"afterCommand\",\"rootDir\",\"specs\",\"suites\",\"exclude\",\"groupLogsByTestSpec\",\"excludeDriverLogs\",\"bail\",\"framework\",\"reporters\",\"services\",\"maxInstances\",\"maxInstancesPerCapability\",\"injectGlobals\",\"filesToWatch\",\"execArgv\",\"runnerEnv\",\"runner\",\"shard\",\"specFileRetries\",\"specFileRetriesDelay\",\"specFileRetriesDeferred\",\"reporterSyncInterval\",\"reporterSyncTimeout\",\"cucumberFeaturesWithLineNumbers\",\"autoCompileOpts\",\"mochaOpts\",\"jasmineOpts\",\"cucumberOpts\",\"onPrepare\",\"onWorkerStart\",\"onWorkerEnd\",\"before\",\"beforeSession\",\"beforeSuite\",\"beforeHook\",\"beforeTest\",\"afterTest\",\"afterHook\",\"afterSuite\",\"afterSession\",\"after\",\"onComplete\",\"beforeAssertion\",\"afterAssertion\",\"beforeFeature\",\"beforeScenario\",\"beforeStep\",\"afterStep\",\"afterScenario\",\"afterFeature\",\"_\",\"suite\",\"$0\",\"ignoredWorkerServices\",\"wdi5\"]"}]}
RESULT: {"script":"<script> [2342 bytes]","args":[{"protocol":"http","hostname":"0.0.0.0","path":"/","capabilities":{"browserName":"chrome","goog:chromeOptions":{"binary":"C:\\Program Files\\Google\\Chrome\\Application\\chrome.exe","args":["--start-maximized"]}},"logLevel":"warn","connectionRetryTimeout":120000,"connectionRetryCount":3,"logLevels":{},"enableDirectConnect":true,"strictSSL":true,"_":"65 more keys: [\"cacheDir\",\"port\",\"requestedCapabilities\",\"automationProtocol\",\"baseUrl\",\"waitforInterval\",\"waitforTimeout\",\"onReload\",\"beforeCommand\",\"afterCommand\",\"rootDir\",\"specs\",\"suites\",\"exclude\",\"groupLogsByTestSpec\",\"excludeDriverLogs\",\"bail\",\"framework\",\"reporters\",\"services\",\"maxInstances\",\"maxInstancesPerCapability\",\"injectGlobals\",\"filesToWatch\",\"execArgv\",\"runnerEnv\",\"runner\",\"shard\",\"specFileRetries\",\"specFileRetriesDelay\",\"specFileRetriesDeferred\",\"reporterSyncInterval\",\"reporterSyncTimeout\",\"cucumberFeaturesWithLineNumbers\",\"autoCompileOpts\",\"mochaOpts\",\"jasmineOpts\",\"cucumberOpts\",\"onPrepare\",\"onWorkerStart\",\"onWorkerEnd\",\"before\",\"beforeSession\",\"beforeSuite\",\"beforeHook\",\"beforeTest\",\"afterTest\",\"afterHook\",\"afterSuite\",\"afterSession\",\"after\",\"onComplete\",\"beforeAssertion\",\"afterAssertion\",\"beforeFeature\",\"beforeScenario\",\"beforeStep\",\"afterStep\",\"afterScenario\",\"afterFeature\",\"_\",\"suite\",\"$0\",\"ignoredWorkerServices\",\"wdi5\"]"}]}
COMMAND: POST /session/5c0f611fe9e992bf6baa21fdd84b9363/execute/async - {"script":"<script> [21126 bytes]","args":[35000]}
RESULT: {"script":"<script> [21126 bytes]","args":[35000]}
]]></system-out>
    </testcase>
    <testcase classname="chrome.136_0_7103_93.windows.Related_resources_for_groups_US139107" name="Should create a resource of type group" time="96.247">
      <system-out><![CDATA[
COMMAND: POST /session/5c0f611fe9e992bf6baa21fdd84b9363/execute/async - {"script":"<script> [1562 bytes]","args":[{"selector":{"controlType":"sap.m.GenericTile","properties":{"header":"Manage Resources"}},"wdio_ui5_key":"sapm.GenericTile{\"header\":\"Manage Resources\"}"}]}
RESULT: {"script":"<script> [1562 bytes]","args":[{"selector":{"controlType":"sap.m.GenericTile","properties":{"header":"Manage Resources"}},"wdio_ui5_key":"sapm.GenericTile{\"header\":\"Manage Resources\"}"}]}
RESULT: undefined
COMMAND: POST /session/5c0f611fe9e992bf6baa21fdd84b9363/element - {"using":"xpath","value":"//*[@id=\"__tile39\"]"}
RESULT: {"using":"xpath","value":"//*[@id=\"__tile39\"]"}
COMMAND: POST /session/5c0f611fe9e992bf6baa21fdd84b9363/element/f.29A4D9279EB6458BA2B177A8085AE4F2.d.6A7E876EC2B2327D1077E83620D388B8.e.1199/click - {}
RESULT: {}
COMMAND: GET /session/5c0f611fe9e992bf6baa21fdd84b9363/screenshot - {}
RESULT: {}
COMMAND: POST /session/5c0f611fe9e992bf6baa21fdd84b9363/elements - {"using":"xpath","value":"//span[text()='Error']"}
RESULT: {"using":"xpath","value":"//span[text()='Error']"}
COMMAND: POST /session/5c0f611fe9e992bf6baa21fdd84b9363/element - {"using":"xpath","value":"//button[@data-kt=\"addNewRUOverflowToolbarButton\"]"}
RESULT: {"using":"xpath","value":"//button[@data-kt=\"addNewRUOverflowToolbarButton\"]"}
COMMAND: POST /session/5c0f611fe9e992bf6baa21fdd84b9363/execute/sync - {"script":"<script> [8489 bytes]","args":[{"element-6066-11e4-a52e-4f735466cecf":"f.29A4D9279EB6458BA2B177A8085AE4F2.d.6A7E876EC2B2327D1077E83620D388B8.e.1243","ELEMENT":"f.29A4D9279EB6458BA2B177A8085AE4F2.d.6A7E876EC2B2327D1077E83620D388B8.e.1243"}]}
RESULT: {"script":"<script> [8489 bytes]","args":[{"element-6066-11e4-a52e-4f735466cecf":"f.29A4D9279EB6458BA2B177A8085AE4F2.d.6A7E876EC2B2327D1077E83620D388B8.e.1243","ELEMENT":"f.29A4D9279EB6458BA2B177A8085AE4F2.d.6A7E876EC2B2327D1077E83620D388B8.e.1243"}]}
COMMAND: POST /session/5c0f611fe9e992bf6baa21fdd84b9363/element/f.29A4D9279EB6458BA2B177A8085AE4F2.d.6A7E876EC2B2327D1077E83620D388B8.e.1243/click - {}
COMMAND: GET /session/5c0f611fe9e992bf6baa21fdd84b9363/screenshot - {}
RESULT: {}
COMMAND: GET /session/5c0f611fe9e992bf6baa21fdd84b9363/screenshot - {}
COMMAND: POST /session/5c0f611fe9e992bf6baa21fdd84b9363/execute/async - {"script":"<script> [1562 bytes]","args":[{"selector":{"id":"application-manageresources-display-component---newResourceUnit--TYPE-arrow"},"wdio_ui5_key":"applicationmanageresources-display-component---newResourceUnit--TYPE-arrow"}]}
RESULT: {}
RESULT: {}
RESULT: {"script":"<script> [1562 bytes]","args":[{"selector":{"id":"application-manageresources-display-component---newResourceUnit--TYPE-arrow"},"wdio_ui5_key":"applicationmanageresources-display-component---newResourceUnit--TYPE-arrow"}]}
RESULT: undefined
COMMAND: POST /session/5c0f611fe9e992bf6baa21fdd84b9363/element - {"using":"xpath","value":"//*[@id=\"application-manageresources-display-component---newResourceUnit--TYPE-arrow\"]"}
RESULT: {"using":"xpath","value":"//*[@id=\"application-manageresources-display-component---newResourceUnit--TYPE-arrow\"]"}
COMMAND: POST /session/5c0f611fe9e992bf6baa21fdd84b9363/element/f.29A4D9279EB6458BA2B177A8085AE4F2.d.6A7E876EC2B2327D1077E83620D388B8.e.1564/click - {}
RESULT: {}
COMMAND: POST /session/5c0f611fe9e992bf6baa21fdd84b9363/execute/async - {"script":"<script> [1562 bytes]","args":[{"selector":{"controlType":"sap.m.StandardListItem","viewName":"reusables.view.manageresources.NewResourceUnit","viewId":"application-manageresources-display-component---newResourceUnit","properties":{"title":"Group"},"searchOpenDialogs":true,"interaction":{"idSuffix":"content"}},"wdio_ui5_key":"reusablesview.manageresources.NewResourceUnitsap.m.StandardListItem{\"title\":\"Group\"}"}]}
COMMAND: GET /session/5c0f611fe9e992bf6baa21fdd84b9363/screenshot - {}
RESULT: {"script":"<script> [1562 bytes]","args":[{"selector":{"controlType":"sap.m.StandardListItem","viewName":"reusables.view.manageresources.NewResourceUnit","viewId":"application-manageresources-display-component---newResourceUnit","properties":{"title":"Group"},"searchOpenDialogs":true,"interaction":{"idSuffix":"content"}},"wdio_ui5_key":"reusablesview.manageresources.NewResourceUnitsap.m.StandardListItem{\"title\":\"Group\"}"}]}
RESULT: undefined
COMMAND: POST /session/5c0f611fe9e992bf6baa21fdd84b9363/element - {"using":"xpath","value":"//*[@id=\"__item149\"]"}
RESULT: {}
RESULT: {"using":"xpath","value":"//*[@id=\"__item149\"]"}
COMMAND: POST /session/5c0f611fe9e992bf6baa21fdd84b9363/element/f.29A4D9279EB6458BA2B177A8085AE4F2.d.6A7E876EC2B2327D1077E83620D388B8.e.1567/click - {}
RESULT: {}
COMMAND: GET /session/5c0f611fe9e992bf6baa21fdd84b9363/screenshot - {}
RESULT: {}
COMMAND: POST /session/5c0f611fe9e992bf6baa21fdd84b9363/execute/async - {"script":"<script> [1562 bytes]","args":[{"selector":{"id":"application-manageresources-display-component---newResourceUnit--SHORT_TEXT","interaction":{"idSuffix":"inner"}},"wdio_ui5_key":"applicationmanageresources-display-component---newResourceUnit--SHORT_TEXT"}]}
RESULT: {"script":"<script> [1562 bytes]","args":[{"selector":{"id":"application-manageresources-display-component---newResourceUnit--SHORT_TEXT","interaction":{"idSuffix":"inner"}},"wdio_ui5_key":"applicationmanageresources-display-component---newResourceUnit--SHORT_TEXT"}]}
RESULT: undefined
COMMAND: POST /session/5c0f611fe9e992bf6baa21fdd84b9363/execute/async - {"script":"<script> [776 bytes]","args":[{"enterText":"WdIORUGroupvs55s","selector":{"id":"application-manageresources-display-component---newResourceUnit--SHORT_TEXT","interaction":{"idSuffix":"inner"}},"clearTextFirst":true,"interactionType":"ENTER_TEXT"}]}
RESULT: {"script":"<script> [776 bytes]","args":[{"enterText":"WdIORUGroupvs55s","selector":{"id":"application-manageresources-display-component---newResourceUnit--SHORT_TEXT","interaction":{"idSuffix":"inner"}},"clearTextFirst":true,"interactionType":"ENTER_TEXT"}]}
COMMAND: POST /session/5c0f611fe9e992bf6baa21fdd84b9363/execute/async - {"script":"<script> [1562 bytes]","args":[{"selector":{"id":"application-manageresources-display-component---newResourceUnit--BASE_UNIT_OF_MEASURE","interaction":{"idSuffix":"inner"}},"wdio_ui5_key":"applicationmanageresources-display-component---newResourceUnit--BASE_UNIT_OF_MEASURE"}]}
RESULT: {"script":"<script> [1562 bytes]","args":[{"selector":{"id":"application-manageresources-display-component---newResourceUnit--BASE_UNIT_OF_MEASURE","interaction":{"idSuffix":"inner"}},"wdio_ui5_key":"applicationmanageresources-display-component---newResourceUnit--BASE_UNIT_OF_MEASURE"}]}
RESULT: undefined
COMMAND: POST /session/5c0f611fe9e992bf6baa21fdd84b9363/execute/async - {"script":"<script> [776 bytes]","args":[{"enterText":"Piece","selector":{"id":"application-manageresources-display-component---newResourceUnit--BASE_UNIT_OF_MEASURE","interaction":{"idSuffix":"inner"}},"clearTextFirst":true,"interactionType":"ENTER_TEXT"}]}
RESULT: {"script":"<script> [776 bytes]","args":[{"enterText":"Piece","selector":{"id":"application-manageresources-display-component---newResourceUnit--BASE_UNIT_OF_MEASURE","interaction":{"idSuffix":"inner"}},"clearTextFirst":true,"interactionType":"ENTER_TEXT"}]}
COMMAND: POST /session/5c0f611fe9e992bf6baa21fdd84b9363/execute/async - {"script":"<script> [1562 bytes]","args":[{"selector":{"id":"application-manageresources-display-component---newResourceUnit--newRRUPage-OPHeaderContent-collapseBtn-img"},"wdio_ui5_key":"applicationmanageresources-display-component---newResourceUnit--newRRUPage-OPHeaderContent-collapseBtn-img"}]}
RESULT: {"script":"<script> [1562 bytes]","args":[{"selector":{"id":"application-manageresources-display-component---newResourceUnit--newRRUPage-OPHeaderContent-collapseBtn-img"},"wdio_ui5_key":"applicationmanageresources-display-component---newResourceUnit--newRRUPage-OPHeaderContent-collapseBtn-img"}]}
RESULT: undefined
COMMAND: POST /session/5c0f611fe9e992bf6baa21fdd84b9363/element - {"using":"xpath","value":"//*[@id=\"application-manageresources-display-component---newResourceUnit--newRRUPage-OPHeaderContent-collapseBtn-img\"]"}
RESULT: {"using":"xpath","value":"//*[@id=\"application-manageresources-display-component---newResourceUnit--newRRUPage-OPHeaderContent-collapseBtn-img\"]"}
COMMAND: POST /session/5c0f611fe9e992bf6baa21fdd84b9363/element/f.29A4D9279EB6458BA2B177A8085AE4F2.d.6A7E876EC2B2327D1077E83620D388B8.e.1575/click - {}
RESULT: {}
COMMAND: GET /session/5c0f611fe9e992bf6baa21fdd84b9363/screenshot - {}
RESULT: {}
COMMAND: POST /session/5c0f611fe9e992bf6baa21fdd84b9363/execute/async - {"script":"<script> [1562 bytes]","args":[{"selector":{"id":"application-manageresources-display-component---newResourceUnit--newRRUPage-anchBar-application-manageresources-display-component---newResourceUnit--control-anchor","interaction":{"idSuffix":"BDI-content"}},"wdio_ui5_key":"applicationmanageresources-display-component---newResourceUnit--newRRUPage-anchBar-application-manageresources-display-component---newResourceUnit--control-anchor"}]}
RESULT: {"script":"<script> [1562 bytes]","args":[{"selector":{"id":"application-manageresources-display-component---newResourceUnit--newRRUPage-anchBar-application-manageresources-display-component---newResourceUnit--control-anchor","interaction":{"idSuffix":"BDI-content"}},"wdio_ui5_key":"applicationmanageresources-display-component---newResourceUnit--newRRUPage-anchBar-application-manageresources-display-component---newResourceUnit--control-anchor"}]}
RESULT: undefined
COMMAND: POST /session/5c0f611fe9e992bf6baa21fdd84b9363/element - {"using":"xpath","value":"//*[@id=\"application-manageresources-display-component---newResourceUnit--newRRUPage-anchBar-application-manageresources-display-component---newResourceUnit--control-anchor\"]"}
RESULT: {"using":"xpath","value":"//*[@id=\"application-manageresources-display-component---newResourceUnit--newRRUPage-anchBar-application-manageresources-display-component---newResourceUnit--control-anchor\"]"}
COMMAND: POST /session/5c0f611fe9e992bf6baa21fdd84b9363/element/f.29A4D9279EB6458BA2B177A8085AE4F2.d.6A7E876EC2B2327D1077E83620D388B8.e.1620/click - {}
RESULT: {}
COMMAND: POST /session/5c0f611fe9e992bf6baa21fdd84b9363/execute/async - {"script":"<script> [1562 bytes]","args":[{"selector":{"id":"application-manageresources-display-component---newResourceUnit--PLANNING_GROUP","interaction":{"idSuffix":"inner"}},"wdio_ui5_key":"applicationmanageresources-display-component---newResourceUnit--PLANNING_GROUP"}]}
COMMAND: GET /session/5c0f611fe9e992bf6baa21fdd84b9363/screenshot - {}
RESULT: {"script":"<script> [1562 bytes]","args":[{"selector":{"id":"application-manageresources-display-component---newResourceUnit--PLANNING_GROUP","interaction":{"idSuffix":"inner"}},"wdio_ui5_key":"applicationmanageresources-display-component---newResourceUnit--PLANNING_GROUP"}]}
RESULT: undefined
COMMAND: POST /session/5c0f611fe9e992bf6baa21fdd84b9363/execute/async - {"script":"<script> [776 bytes]","args":[{"enterText":"Heavy Equi","selector":{"id":"application-manageresources-display-component---newResourceUnit--PLANNING_GROUP","interaction":{"idSuffix":"inner"}},"clearTextFirst":true,"interactionType":"ENTER_TEXT"}]}
RESULT: {}
RESULT: {"script":"<script> [776 bytes]","args":[{"enterText":"Heavy Equi","selector":{"id":"application-manageresources-display-component---newResourceUnit--PLANNING_GROUP","interaction":{"idSuffix":"inner"}},"clearTextFirst":true,"interactionType":"ENTER_TEXT"}]}
COMMAND: POST /session/5c0f611fe9e992bf6baa21fdd84b9363/element - {"using":"xpath","value":"//bdi[contains(text(), \"Time Segment\")]"}
RESULT: {"using":"xpath","value":"//bdi[contains(text(), \"Time Segment\")]"}
COMMAND: GET /session/5c0f611fe9e992bf6baa21fdd84b9363/element/f.29A4D9279EB6458BA2B177A8085AE4F2.d.6A7E876EC2B2327D1077E83620D388B8.e.1627/rect - {}
RESULT: {}
COMMAND: GET /session/5c0f611fe9e992bf6baa21fdd84b9363/window/rect - {}
RESULT: {}
COMMAND: POST /session/5c0f611fe9e992bf6baa21fdd84b9363/execute/sync - {"script":"<script> [92 bytes]","args":[]}
RESULT: {"script":"<script> [92 bytes]","args":[]}
COMMAND: POST /session/5c0f611fe9e992bf6baa21fdd84b9363/actions - {"actions":[{"id":"action3","type":"wheel","parameters":{},"actions":[{"type":"scroll","x":-1820,"y":-21,"deltaX":0,"deltaY":0,"duration":0,"origin":{"element-6066-11e4-a52e-4f735466cecf":"f.29A4D9279EB6458BA2B177A8085AE4F2.d.6A7E876EC2B2327D1077E83620D388B8.e.1627"}}]}]}
COMMAND: GET /session/5c0f611fe9e992bf6baa21fdd84b9363/screenshot - {}
RESULT: {}
COMMAND: POST /session/5c0f611fe9e992bf6baa21fdd84b9363/execute/sync - {"script":"<script> [79 bytes]","args":[{"element-6066-11e4-a52e-4f735466cecf":"f.29A4D9279EB6458BA2B177A8085AE4F2.d.6A7E876EC2B2327D1077E83620D388B8.e.1627","ELEMENT":"f.29A4D9279EB6458BA2B177A8085AE4F2.d.6A7E876EC2B2327D1077E83620D388B8.e.1627"},{"block":"start","inline":"nearest"}]}
RESULT: {"script":"<script> [79 bytes]","args":[{"element-6066-11e4-a52e-4f735466cecf":"f.29A4D9279EB6458BA2B177A8085AE4F2.d.6A7E876EC2B2327D1077E83620D388B8.e.1627","ELEMENT":"f.29A4D9279EB6458BA2B177A8085AE4F2.d.6A7E876EC2B2327D1077E83620D388B8.e.1627"},{"block":"start","inline":"nearest"}]}
COMMAND: GET /session/5c0f611fe9e992bf6baa21fdd84b9363/screenshot - {}
RESULT: {}
COMMAND: POST /session/5c0f611fe9e992bf6baa21fdd84b9363/execute/async - {"script":"<script> [1562 bytes]","args":[{"selector":{"id":"application-manageresources-display-component---newResourceUnit--btnAddTimeSegment-img"},"wdio_ui5_key":"applicationmanageresources-display-component---newResourceUnit--btnAddTimeSegment-img"}]}
RESULT: {"script":"<script> [1562 bytes]","args":[{"selector":{"id":"application-manageresources-display-component---newResourceUnit--btnAddTimeSegment-img"},"wdio_ui5_key":"applicationmanageresources-display-component---newResourceUnit--btnAddTimeSegment-img"}]}
RESULT: undefined
COMMAND: POST /session/5c0f611fe9e992bf6baa21fdd84b9363/element - {"using":"xpath","value":"//*[@id=\"application-manageresources-display-component---newResourceUnit--btnAddTimeSegment-img\"]"}
RESULT: {"using":"xpath","value":"//*[@id=\"application-manageresources-display-component---newResourceUnit--btnAddTimeSegment-img\"]"}
COMMAND: POST /session/5c0f611fe9e992bf6baa21fdd84b9363/element/f.29A4D9279EB6458BA2B177A8085AE4F2.d.6A7E876EC2B2327D1077E83620D388B8.e.1630/click - {}
RESULT: {}
COMMAND: GET /session/5c0f611fe9e992bf6baa21fdd84b9363/screenshot - {}
RESULT: {}
COMMAND: POST /session/5c0f611fe9e992bf6baa21fdd84b9363/element - {"using":"xpath","value":"//input[@id=\"application-manageresources-display-component---newResourceUnit--idRuTSAdmin-application-manageresources-display-component---newResourceUnit--RUTimeSegment-0-inner\"]"}
RESULT: {"using":"xpath","value":"//input[@id=\"application-manageresources-display-component---newResourceUnit--idRuTSAdmin-application-manageresources-display-component---newResourceUnit--RUTimeSegment-0-inner\"]"}
COMMAND: POST /session/5c0f611fe9e992bf6baa21fdd84b9363/element/f.29A4D9279EB6458BA2B177A8085AE4F2.d.6A7E876EC2B2327D1077E83620D388B8.e.1633/clear - {}
RESULT: {}
COMMAND: POST /session/5c0f611fe9e992bf6baa21fdd84b9363/element/f.29A4D9279EB6458BA2B177A8085AE4F2.d.6A7E876EC2B2327D1077E83620D388B8.e.1633/value - {"text":"WebdriverYardglhm9k"}
COMMAND: GET /session/5c0f611fe9e992bf6baa21fdd84b9363/screenshot - {}
RESULT: {"text":"WebdriverYardglhm9k"}
COMMAND: GET /session/5c0f611fe9e992bf6baa21fdd84b9363/screenshot - {}
RESULT: {}
RESULT: {}
COMMAND: POST /session/5c0f611fe9e992bf6baa21fdd84b9363/actions - {"actions":[{"id":"action4","type":"key","parameters":{},"actions":[{"type":"keyDown","value":""},{"type":"pause","duration":10},{"type":"keyUp","value":""}]}]}
RESULT: {"actions":[{"id":"action4","type":"key","parameters":{},"actions":[{"type":"keyDown","value":""},{"type":"pause","duration":10},{"type":"keyUp","value":""}]}]}
COMMAND: GET /session/5c0f611fe9e992bf6baa21fdd84b9363/screenshot - {}
RESULT: {}
COMMAND: POST /session/5c0f611fe9e992bf6baa21fdd84b9363/execute/async - {"script":"<script> [1562 bytes]","args":[{"selector":{"controlType":"sap.m.Button","viewName":"reusables.view.manageresources.NewResourceUnit","viewId":"application-manageresources-display-component---newResourceUnit","i18NText":{"propertyName":"tooltip","key":"save"},"interaction":{"idSuffix":"BDI-content"}},"wdio_ui5_key":"reusablesview.manageresources.NewResourceUnitsap.m.Button{\"propertyName\":\"tooltip\",\"key\":\"save\"}"}]}
RESULT: {"script":"<script> [1562 bytes]","args":[{"selector":{"controlType":"sap.m.Button","viewName":"reusables.view.manageresources.NewResourceUnit","viewId":"application-manageresources-display-component---newResourceUnit","i18NText":{"propertyName":"tooltip","key":"save"},"interaction":{"idSuffix":"BDI-content"}},"wdio_ui5_key":"reusablesview.manageresources.NewResourceUnitsap.m.Button{\"propertyName\":\"tooltip\",\"key\":\"save\"}"}]}
RESULT: undefined
COMMAND: POST /session/5c0f611fe9e992bf6baa21fdd84b9363/element - {"using":"xpath","value":"//*[@id=\"application-manageresources-display-component---newResourceUnit--createRuButton\"]"}
RESULT: {"using":"xpath","value":"//*[@id=\"application-manageresources-display-component---newResourceUnit--createRuButton\"]"}
COMMAND: POST /session/5c0f611fe9e992bf6baa21fdd84b9363/element/f.29A4D9279EB6458BA2B177A8085AE4F2.d.6A7E876EC2B2327D1077E83620D388B8.e.1581/click - {}
RESULT: {}
COMMAND: GET /session/5c0f611fe9e992bf6baa21fdd84b9363/screenshot - {}
RESULT: {}
COMMAND: POST /session/5c0f611fe9e992bf6baa21fdd84b9363/execute/async - {"script":"<script> [1562 bytes]","args":[{"selector":{"controlType":"sap.m.Button","properties":{"text":"Close"},"searchOpenDialogs":true,"interaction":{"idSuffix":"inner"}},"wdio_ui5_key":"sapm.Button{\"text\":\"Close\"}"}]}
RESULT: {"script":"<script> [1562 bytes]","args":[{"selector":{"controlType":"sap.m.Button","properties":{"text":"Close"},"searchOpenDialogs":true,"interaction":{"idSuffix":"inner"}},"wdio_ui5_key":"sapm.Button{\"text\":\"Close\"}"}]}
RESULT: undefined
COMMAND: POST /session/5c0f611fe9e992bf6baa21fdd84b9363/element - {"using":"xpath","value":"//*[@id=\"__mbox-btn-0\"]"}
RESULT: {"using":"xpath","value":"//*[@id=\"__mbox-btn-0\"]"}
COMMAND: POST /session/5c0f611fe9e992bf6baa21fdd84b9363/element/f.29A4D9279EB6458BA2B177A8085AE4F2.d.6A7E876EC2B2327D1077E83620D388B8.e.1642/click - {}
RESULT: {}
COMMAND: GET /session/5c0f611fe9e992bf6baa21fdd84b9363/screenshot - {}
RESULT: {}
COMMAND: POST /session/5c0f611fe9e992bf6baa21fdd84b9363/element - {"using":"css selector","value":"#shell-header-logo"}
RESULT: {"using":"css selector","value":"#shell-header-logo"}
COMMAND: POST /session/5c0f611fe9e992bf6baa21fdd84b9363/element/f.29A4D9279EB6458BA2B177A8085AE4F2.d.6A7E876EC2B2327D1077E83620D388B8.e.1201/click - {}
RESULT: {}
COMMAND: GET /session/5c0f611fe9e992bf6baa21fdd84b9363/screenshot - {}
RESULT: {}
]]></system-out>
    </testcase>
    <testcase classname="chrome.136_0_7103_93.windows.Related_resources_for_groups_US139107" name="Should create first equipment and add it to the group" time="120.729">
      <system-out><![CDATA[
RESULT: undefined
COMMAND: POST /session/5c0f611fe9e992bf6baa21fdd84b9363/element - {"using":"xpath","value":"//*[@id=\"__tile39\"]"}
RESULT: {"using":"xpath","value":"//*[@id=\"__tile39\"]"}
COMMAND: POST /session/5c0f611fe9e992bf6baa21fdd84b9363/element/f.29A4D9279EB6458BA2B177A8085AE4F2.d.6A7E876EC2B2327D1077E83620D388B8.e.1199/click - {}
RESULT: {}
COMMAND: GET /session/5c0f611fe9e992bf6baa21fdd84b9363/screenshot - {}
RESULT: {}
COMMAND: POST /session/5c0f611fe9e992bf6baa21fdd84b9363/elements - {"using":"xpath","value":"//span[text()='Error']"}
RESULT: {"using":"xpath","value":"//span[text()='Error']"}
COMMAND: POST /session/5c0f611fe9e992bf6baa21fdd84b9363/element - {"using":"xpath","value":"//button[@data-kt=\"addNewRUOverflowToolbarButton\"]"}
RESULT: {"using":"xpath","value":"//button[@data-kt=\"addNewRUOverflowToolbarButton\"]"}
COMMAND: POST /session/5c0f611fe9e992bf6baa21fdd84b9363/execute/sync - {"script":"<script> [8489 bytes]","args":[{"element-6066-11e4-a52e-4f735466cecf":"f.29A4D9279EB6458BA2B177A8085AE4F2.d.6A7E876EC2B2327D1077E83620D388B8.e.1716","ELEMENT":"f.29A4D9279EB6458BA2B177A8085AE4F2.d.6A7E876EC2B2327D1077E83620D388B8.e.1716"}]}
RESULT: {"script":"<script> [8489 bytes]","args":[{"element-6066-11e4-a52e-4f735466cecf":"f.29A4D9279EB6458BA2B177A8085AE4F2.d.6A7E876EC2B2327D1077E83620D388B8.e.1716","ELEMENT":"f.29A4D9279EB6458BA2B177A8085AE4F2.d.6A7E876EC2B2327D1077E83620D388B8.e.1716"}]}
COMMAND: POST /session/5c0f611fe9e992bf6baa21fdd84b9363/element/f.29A4D9279EB6458BA2B177A8085AE4F2.d.6A7E876EC2B2327D1077E83620D388B8.e.1716/click - {}
COMMAND: GET /session/5c0f611fe9e992bf6baa21fdd84b9363/screenshot - {}
RESULT: {}
COMMAND: GET /session/5c0f611fe9e992bf6baa21fdd84b9363/screenshot - {}
RESULT: undefined
COMMAND: POST /session/5c0f611fe9e992bf6baa21fdd84b9363/element - {"using":"xpath","value":"//*[@id=\"application-manageresources-display-component---newResourceUnit--TYPE-arrow\"]"}
RESULT: {}
RESULT: {}
RESULT: {"using":"xpath","value":"//*[@id=\"application-manageresources-display-component---newResourceUnit--TYPE-arrow\"]"}
COMMAND: POST /session/5c0f611fe9e992bf6baa21fdd84b9363/element/f.29A4D9279EB6458BA2B177A8085AE4F2.d.6A7E876EC2B2327D1077E83620D388B8.e.2042/click - {}
RESULT: {}
COMMAND: POST /session/5c0f611fe9e992bf6baa21fdd84b9363/execute/async - {"script":"<script> [1562 bytes]","args":[{"selector":{"controlType":"sap.m.StandardListItem","viewName":"reusables.view.manageresources.NewResourceUnit","viewId":"application-manageresources-display-component---newResourceUnit","properties":{"title":"Equipment"},"searchOpenDialogs":true,"interaction":{"idSuffix":"content"}},"wdio_ui5_key":"reusablesview.manageresources.NewResourceUnitsap.m.StandardListItem{\"title\":\"Equipment\"}"}]}
COMMAND: GET /session/5c0f611fe9e992bf6baa21fdd84b9363/screenshot - {}
RESULT: {"script":"<script> [1562 bytes]","args":[{"selector":{"controlType":"sap.m.StandardListItem","viewName":"reusables.view.manageresources.NewResourceUnit","viewId":"application-manageresources-display-component---newResourceUnit","properties":{"title":"Equipment"},"searchOpenDialogs":true,"interaction":{"idSuffix":"content"}},"wdio_ui5_key":"reusablesview.manageresources.NewResourceUnitsap.m.StandardListItem{\"title\":\"Equipment\"}"}]}
RESULT: undefined
COMMAND: POST /session/5c0f611fe9e992bf6baa21fdd84b9363/element - {"using":"xpath","value":"//*[@id=\"__item1326\"]"}
RESULT: {}
RESULT: {"using":"xpath","value":"//*[@id=\"__item1326\"]"}
COMMAND: POST /session/5c0f611fe9e992bf6baa21fdd84b9363/element/f.29A4D9279EB6458BA2B177A8085AE4F2.d.6A7E876EC2B2327D1077E83620D388B8.e.2045/click - {}
RESULT: {}
COMMAND: GET /session/5c0f611fe9e992bf6baa21fdd84b9363/screenshot - {}
RESULT: {}
COMMAND: POST /session/5c0f611fe9e992bf6baa21fdd84b9363/execute/async - {"script":"<script> [1562 bytes]","args":[{"selector":{"id":"application-manageresources-display-component---newResourceUnit--resourceId","interaction":{"idSuffix":"inner"}},"wdio_ui5_key":"applicationmanageresources-display-component---newResourceUnit--resourceId"}]}
RESULT: {"script":"<script> [1562 bytes]","args":[{"selector":{"id":"application-manageresources-display-component---newResourceUnit--resourceId","interaction":{"idSuffix":"inner"}},"wdio_ui5_key":"applicationmanageresources-display-component---newResourceUnit--resourceId"}]}
RESULT: undefined
COMMAND: POST /session/5c0f611fe9e992bf6baa21fdd84b9363/execute/async - {"script":"<script> [776 bytes]","args":[{"enterText":"WdIORUEquip17pig7","selector":{"id":"application-manageresources-display-component---newResourceUnit--resourceId","interaction":{"idSuffix":"inner"}},"clearTextFirst":true,"interactionType":"ENTER_TEXT"}]}
RESULT: {"script":"<script> [776 bytes]","args":[{"enterText":"WdIORUEquip17pig7","selector":{"id":"application-manageresources-display-component---newResourceUnit--resourceId","interaction":{"idSuffix":"inner"}},"clearTextFirst":true,"interactionType":"ENTER_TEXT"}]}
RESULT: undefined
COMMAND: POST /session/5c0f611fe9e992bf6baa21fdd84b9363/execute/async - {"script":"<script> [776 bytes]","args":[{"enterText":"WdIORUEquip17pig7","selector":{"id":"application-manageresources-display-component---newResourceUnit--SHORT_TEXT","interaction":{"idSuffix":"inner"}},"clearTextFirst":true,"interactionType":"ENTER_TEXT"}]}
RESULT: {"script":"<script> [776 bytes]","args":[{"enterText":"WdIORUEquip17pig7","selector":{"id":"application-manageresources-display-component---newResourceUnit--SHORT_TEXT","interaction":{"idSuffix":"inner"}},"clearTextFirst":true,"interactionType":"ENTER_TEXT"}]}
RESULT: undefined
COMMAND: POST /session/5c0f611fe9e992bf6baa21fdd84b9363/execute/async - {"script":"<script> [776 bytes]","args":[{"enterText":"Piece","selector":{"id":"application-manageresources-display-component---newResourceUnit--BASE_UNIT_OF_MEASURE","interaction":{"idSuffix":"inner"}},"clearTextFirst":true,"interactionType":"ENTER_TEXT"}]}
RESULT: {"script":"<script> [776 bytes]","args":[{"enterText":"Piece","selector":{"id":"application-manageresources-display-component---newResourceUnit--BASE_UNIT_OF_MEASURE","interaction":{"idSuffix":"inner"}},"clearTextFirst":true,"interactionType":"ENTER_TEXT"}]}
COMMAND: POST /session/5c0f611fe9e992bf6baa21fdd84b9363/element - {"using":"xpath","value":"//input[contains(@id ,\"application-manageresources-display-component---newResourceUnit--HIGHER_LEVEL_RESOURCE-inner\")]"}
RESULT: {"using":"xpath","value":"//input[contains(@id ,\"application-manageresources-display-component---newResourceUnit--HIGHER_LEVEL_RESOURCE-inner\")]"}
COMMAND: POST /session/5c0f611fe9e992bf6baa21fdd84b9363/element/f.29A4D9279EB6458BA2B177A8085AE4F2.d.6A7E876EC2B2327D1077E83620D388B8.e.2067/value - {"text":"WdIORUGroupvs55s"}
RESULT: {"text":"WdIORUGroupvs55s"}
COMMAND: GET /session/5c0f611fe9e992bf6baa21fdd84b9363/screenshot - {}
RESULT: {}
COMMAND: POST /session/5c0f611fe9e992bf6baa21fdd84b9363/actions - {"actions":[{"id":"action5","type":"key","parameters":{},"actions":[{"type":"keyDown","value":""},{"type":"pause","duration":10},{"type":"keyUp","value":""}]}]}
RESULT: {"actions":[{"id":"action5","type":"key","parameters":{},"actions":[{"type":"keyDown","value":""},{"type":"pause","duration":10},{"type":"keyUp","value":""}]}]}
COMMAND: POST /session/5c0f611fe9e992bf6baa21fdd84b9363/execute/async - {"script":"<script> [1562 bytes]","args":[{"selector":{"id":"application-manageresources-display-component---newResourceUnit--WEIGHT_UNIT","interaction":{"idSuffix":"inner"}},"wdio_ui5_key":"applicationmanageresources-display-component---newResourceUnit--WEIGHT_UNIT"}]}
COMMAND: GET /session/5c0f611fe9e992bf6baa21fdd84b9363/screenshot - {}
RESULT: {"script":"<script> [1562 bytes]","args":[{"selector":{"id":"application-manageresources-display-component---newResourceUnit--WEIGHT_UNIT","interaction":{"idSuffix":"inner"}},"wdio_ui5_key":"applicationmanageresources-display-component---newResourceUnit--WEIGHT_UNIT"}]}
RESULT: undefined
COMMAND: POST /session/5c0f611fe9e992bf6baa21fdd84b9363/execute/async - {"script":"<script> [776 bytes]","args":[{"enterText":"Gram","selector":{"id":"application-manageresources-display-component---newResourceUnit--WEIGHT_UNIT","interaction":{"idSuffix":"inner"}},"clearTextFirst":true,"interactionType":"ENTER_TEXT"}]}
RESULT: {}
RESULT: {"script":"<script> [776 bytes]","args":[{"enterText":"Gram","selector":{"id":"application-manageresources-display-component---newResourceUnit--WEIGHT_UNIT","interaction":{"idSuffix":"inner"}},"clearTextFirst":true,"interactionType":"ENTER_TEXT"}]}
RESULT: undefined
COMMAND: POST /session/5c0f611fe9e992bf6baa21fdd84b9363/element - {"using":"xpath","value":"//*[@id=\"application-manageresources-display-component---newResourceUnit--newRRUPage-OPHeaderContent-collapseBtn-img\"]"}
RESULT: {"using":"xpath","value":"//*[@id=\"application-manageresources-display-component---newResourceUnit--newRRUPage-OPHeaderContent-collapseBtn-img\"]"}
COMMAND: POST /session/5c0f611fe9e992bf6baa21fdd84b9363/element/f.29A4D9279EB6458BA2B177A8085AE4F2.d.6A7E876EC2B2327D1077E83620D388B8.e.2052/click - {}
RESULT: {}
COMMAND: GET /session/5c0f611fe9e992bf6baa21fdd84b9363/screenshot - {}
RESULT: {}
COMMAND: POST /session/5c0f611fe9e992bf6baa21fdd84b9363/element - {"using":"xpath","value":"(//span[contains(@id ,\"application-manageresources-display-component---newResourceUnit--DIMENSION_UNIT-arrow\")])[1]"}
RESULT: {"using":"xpath","value":"(//span[contains(@id ,\"application-manageresources-display-component---newResourceUnit--DIMENSION_UNIT-arrow\")])[1]"}
COMMAND: POST /session/5c0f611fe9e992bf6baa21fdd84b9363/element/f.29A4D9279EB6458BA2B177A8085AE4F2.d.6A7E876EC2B2327D1077E83620D388B8.e.2173/click - {}
RESULT: {}
COMMAND: GET /session/5c0f611fe9e992bf6baa21fdd84b9363/screenshot - {}
RESULT: {}
COMMAND: POST /session/5c0f611fe9e992bf6baa21fdd84b9363/execute/async - {"script":"<script> [1562 bytes]","args":[{"selector":{"controlType":"sap.m.StandardListItem","viewName":"reusables.view.manageresources.NewResourceUnit","viewId":"application-manageresources-display-component---newResourceUnit","properties":{"title":"Centimeter"},"searchOpenDialogs":true,"interaction":{"idSuffix":"titleText"}},"wdio_ui5_key":"reusablesview.manageresources.NewResourceUnitsap.m.StandardListItem{\"title\":\"Centimeter\"}"}]}
RESULT: {"script":"<script> [1562 bytes]","args":[{"selector":{"controlType":"sap.m.StandardListItem","viewName":"reusables.view.manageresources.NewResourceUnit","viewId":"application-manageresources-display-component---newResourceUnit","properties":{"title":"Centimeter"},"searchOpenDialogs":true,"interaction":{"idSuffix":"titleText"}},"wdio_ui5_key":"reusablesview.manageresources.NewResourceUnitsap.m.StandardListItem{\"title\":\"Centimeter\"}"}]}
RESULT: undefined
COMMAND: POST /session/5c0f611fe9e992bf6baa21fdd84b9363/element - {"using":"xpath","value":"//*[@id=\"__item1421\"]"}
RESULT: {"using":"xpath","value":"//*[@id=\"__item1421\"]"}
COMMAND: POST /session/5c0f611fe9e992bf6baa21fdd84b9363/element/f.29A4D9279EB6458BA2B177A8085AE4F2.d.6A7E876EC2B2327D1077E83620D388B8.e.2177/click - {}
RESULT: {}
COMMAND: GET /session/5c0f611fe9e992bf6baa21fdd84b9363/screenshot - {}
RESULT: {}
RESULT: undefined
COMMAND: POST /session/5c0f611fe9e992bf6baa21fdd84b9363/element - {"using":"xpath","value":"//*[@id=\"application-manageresources-display-component---newResourceUnit--newRRUPage-anchBar-application-manageresources-display-component---newResourceUnit--control-anchor\"]"}
RESULT: {"using":"xpath","value":"//*[@id=\"application-manageresources-display-component---newResourceUnit--newRRUPage-anchBar-application-manageresources-display-component---newResourceUnit--control-anchor\"]"}
COMMAND: POST /session/5c0f611fe9e992bf6baa21fdd84b9363/element/f.29A4D9279EB6458BA2B177A8085AE4F2.d.6A7E876EC2B2327D1077E83620D388B8.e.2178/click - {}
RESULT: {}
RESULT: undefined
COMMAND: POST /session/5c0f611fe9e992bf6baa21fdd84b9363/execute/async - {"script":"<script> [776 bytes]","args":[{"enterText":"Heavy Equi","selector":{"id":"application-manageresources-display-component---newResourceUnit--PLANNING_GROUP","interaction":{"idSuffix":"inner"}},"clearTextFirst":true,"interactionType":"ENTER_TEXT"}]}
COMMAND: GET /session/5c0f611fe9e992bf6baa21fdd84b9363/screenshot - {}
RESULT: {"script":"<script> [776 bytes]","args":[{"enterText":"Heavy Equi","selector":{"id":"application-manageresources-display-component---newResourceUnit--PLANNING_GROUP","interaction":{"idSuffix":"inner"}},"clearTextFirst":true,"interactionType":"ENTER_TEXT"}]}
RESULT: {}
COMMAND: POST /session/5c0f611fe9e992bf6baa21fdd84b9363/execute/async - {"script":"<script> [1562 bytes]","args":[{"selector":{"id":"application-manageresources-display-component---newResourceUnit--ITEM_TYPE-arrow"},"wdio_ui5_key":"applicationmanageresources-display-component---newResourceUnit--ITEM_TYPE-arrow"}]}
RESULT: {"script":"<script> [1562 bytes]","args":[{"selector":{"id":"application-manageresources-display-component---newResourceUnit--ITEM_TYPE-arrow"},"wdio_ui5_key":"applicationmanageresources-display-component---newResourceUnit--ITEM_TYPE-arrow"}]}
RESULT: undefined
COMMAND: POST /session/5c0f611fe9e992bf6baa21fdd84b9363/element - {"using":"xpath","value":"//*[@id=\"application-manageresources-display-component---newResourceUnit--ITEM_TYPE-arrow\"]"}
RESULT: {"using":"xpath","value":"//*[@id=\"application-manageresources-display-component---newResourceUnit--ITEM_TYPE-arrow\"]"}
COMMAND: POST /session/5c0f611fe9e992bf6baa21fdd84b9363/element/f.29A4D9279EB6458BA2B177A8085AE4F2.d.6A7E876EC2B2327D1077E83620D388B8.e.2184/click - {}
RESULT: {}
COMMAND: POST /session/5c0f611fe9e992bf6baa21fdd84b9363/execute/async - {"script":"<script> [1562 bytes]","args":[{"selector":{"controlType":"sap.m.StandardListItem","viewName":"reusables.view.manageresources.NewResourceUnit","viewId":"application-manageresources-display-component---newResourceUnit","properties":{"title":"Resource Unit"},"searchOpenDialogs":true,"interaction":{"idSuffix":"titleText"}},"wdio_ui5_key":"reusablesview.manageresources.NewResourceUnitsap.m.StandardListItem{\"title\":\"Resource Unit\"}"}]}
COMMAND: GET /session/5c0f611fe9e992bf6baa21fdd84b9363/screenshot - {}
RESULT: {"script":"<script> [1562 bytes]","args":[{"selector":{"controlType":"sap.m.StandardListItem","viewName":"reusables.view.manageresources.NewResourceUnit","viewId":"application-manageresources-display-component---newResourceUnit","properties":{"title":"Resource Unit"},"searchOpenDialogs":true,"interaction":{"idSuffix":"titleText"}},"wdio_ui5_key":"reusablesview.manageresources.NewResourceUnitsap.m.StandardListItem{\"title\":\"Resource Unit\"}"}]}
RESULT: undefined
COMMAND: POST /session/5c0f611fe9e992bf6baa21fdd84b9363/element - {"using":"xpath","value":"//*[@id=\"__item1443\"]"}
RESULT: {}
RESULT: {"using":"xpath","value":"//*[@id=\"__item1443\"]"}
COMMAND: POST /session/5c0f611fe9e992bf6baa21fdd84b9363/element/f.29A4D9279EB6458BA2B177A8085AE4F2.d.6A7E876EC2B2327D1077E83620D388B8.e.2186/click - {}
RESULT: {}
COMMAND: POST /session/5c0f611fe9e992bf6baa21fdd84b9363/element - {"using":"xpath","value":"//bdi[contains(text(), \"Time Segment\")]"}
COMMAND: GET /session/5c0f611fe9e992bf6baa21fdd84b9363/screenshot - {}
RESULT: {"using":"xpath","value":"//bdi[contains(text(), \"Time Segment\")]"}
COMMAND: GET /session/5c0f611fe9e992bf6baa21fdd84b9363/element/f.29A4D9279EB6458BA2B177A8085AE4F2.d.6A7E876EC2B2327D1077E83620D388B8.e.2187/rect - {}
RESULT: {}
RESULT: {}
COMMAND: GET /session/5c0f611fe9e992bf6baa21fdd84b9363/window/rect - {}
RESULT: {}
COMMAND: POST /session/5c0f611fe9e992bf6baa21fdd84b9363/execute/sync - {"script":"<script> [92 bytes]","args":[]}
RESULT: {"script":"<script> [92 bytes]","args":[]}
COMMAND: POST /session/5c0f611fe9e992bf6baa21fdd84b9363/actions - {"actions":[{"id":"action6","type":"wheel","parameters":{},"actions":[{"type":"scroll","x":-1820,"y":-21,"deltaX":0,"deltaY":0,"duration":0,"origin":{"element-6066-11e4-a52e-4f735466cecf":"f.29A4D9279EB6458BA2B177A8085AE4F2.d.6A7E876EC2B2327D1077E83620D388B8.e.2187"}}]}]}
COMMAND: GET /session/5c0f611fe9e992bf6baa21fdd84b9363/screenshot - {}
RESULT: {}
COMMAND: POST /session/5c0f611fe9e992bf6baa21fdd84b9363/execute/sync - {"script":"<script> [79 bytes]","args":[{"element-6066-11e4-a52e-4f735466cecf":"f.29A4D9279EB6458BA2B177A8085AE4F2.d.6A7E876EC2B2327D1077E83620D388B8.e.2187","ELEMENT":"f.29A4D9279EB6458BA2B177A8085AE4F2.d.6A7E876EC2B2327D1077E83620D388B8.e.2187"},{"block":"start","inline":"nearest"}]}
RESULT: {"script":"<script> [79 bytes]","args":[{"element-6066-11e4-a52e-4f735466cecf":"f.29A4D9279EB6458BA2B177A8085AE4F2.d.6A7E876EC2B2327D1077E83620D388B8.e.2187","ELEMENT":"f.29A4D9279EB6458BA2B177A8085AE4F2.d.6A7E876EC2B2327D1077E83620D388B8.e.2187"},{"block":"start","inline":"nearest"}]}
RESULT: undefined
COMMAND: POST /session/5c0f611fe9e992bf6baa21fdd84b9363/element - {"using":"xpath","value":"//*[@id=\"application-manageresources-display-component---newResourceUnit--btnAddTimeSegment-img\"]"}
COMMAND: GET /session/5c0f611fe9e992bf6baa21fdd84b9363/screenshot - {}
RESULT: {"using":"xpath","value":"//*[@id=\"application-manageresources-display-component---newResourceUnit--btnAddTimeSegment-img\"]"}
COMMAND: POST /session/5c0f611fe9e992bf6baa21fdd84b9363/element/f.29A4D9279EB6458BA2B177A8085AE4F2.d.6A7E876EC2B2327D1077E83620D388B8.e.2188/click - {}
RESULT: {}
RESULT: {}
COMMAND: GET /session/5c0f611fe9e992bf6baa21fdd84b9363/screenshot - {}
RESULT: {}
COMMAND: POST /session/5c0f611fe9e992bf6baa21fdd84b9363/element - {"using":"xpath","value":"//input[@id=\"application-manageresources-display-component---newResourceUnit--idRuTSAdmin-application-manageresources-display-component---newResourceUnit--RUTimeSegment-0-inner\"]"}
RESULT: {"using":"xpath","value":"//input[@id=\"application-manageresources-display-component---newResourceUnit--idRuTSAdmin-application-manageresources-display-component---newResourceUnit--RUTimeSegment-0-inner\"]"}
COMMAND: POST /session/5c0f611fe9e992bf6baa21fdd84b9363/element/f.29A4D9279EB6458BA2B177A8085AE4F2.d.6A7E876EC2B2327D1077E83620D388B8.e.2192/clear - {}
RESULT: {}
COMMAND: POST /session/5c0f611fe9e992bf6baa21fdd84b9363/element/f.29A4D9279EB6458BA2B177A8085AE4F2.d.6A7E876EC2B2327D1077E83620D388B8.e.2192/value - {"text":"WebdriverYardglhm9k"}
COMMAND: GET /session/5c0f611fe9e992bf6baa21fdd84b9363/screenshot - {}
RESULT: {"text":"WebdriverYardglhm9k"}
COMMAND: GET /session/5c0f611fe9e992bf6baa21fdd84b9363/screenshot - {}
RESULT: {}
RESULT: {}
COMMAND: POST /session/5c0f611fe9e992bf6baa21fdd84b9363/actions - {"actions":[{"id":"action7","type":"key","parameters":{},"actions":[{"type":"keyDown","value":""},{"type":"pause","duration":10},{"type":"keyUp","value":""}]}]}
RESULT: {"actions":[{"id":"action7","type":"key","parameters":{},"actions":[{"type":"keyDown","value":""},{"type":"pause","duration":10},{"type":"keyUp","value":""}]}]}
COMMAND: POST /session/5c0f611fe9e992bf6baa21fdd84b9363/execute/async - {"script":"<script> [1562 bytes]","args":[{"selector":{"controlType":"sap.ui.core.Icon","viewName":"reusables.view.manageresources.NewResourceUnit","viewId":"application-manageresources-display-component---newResourceUnit","properties":{"src":{"regex":{"source":"slim\\-arrow\\-down"}}},"ancestor":{"controlType":"sap.m.ComboBox","viewName":"reusables.view.manageresources.NewResourceUnit","viewId":"application-manageresources-display-component---newResourceUnit","bindingPath":{"path":"/RESOURCE_UNIT_TIME_SEQUENCES/0","propertyPath":"COST_OBJECT_ADMIN_CST_TYPE","modelName":"oNewRruModel"}}},"wdio_ui5_key":"reusablesview.manageresources.NewResourceUnitsap.ui.core.Icon{\"src\":{\"regex\":{\"source\":\"slim\\\\-arrow\\\\-down\"}}}{\"controlType\":\"sap.m.ComboBox\",\"viewName\":\"reusables.view.manageresources.NewResourceUnit\",\"viewId\":\"application-manageresources-display-component---newResourceUnit\",\"bindingPath\":{\"path\":\"/RESOURCE_UNIT_TIME_SEQUENCES/0\",\"propertyPath\":\"COST_OBJECT_ADMIN_CST_TYPE\",\"modelName\":\"oNewRruModel\"}}"}]}
COMMAND: GET /session/5c0f611fe9e992bf6baa21fdd84b9363/screenshot - {}
RESULT: {"script":"<script> [1562 bytes]","args":[{"selector":{"controlType":"sap.ui.core.Icon","viewName":"reusables.view.manageresources.NewResourceUnit","viewId":"application-manageresources-display-component---newResourceUnit","properties":{"src":{"regex":{"source":"slim\\-arrow\\-down"}}},"ancestor":{"controlType":"sap.m.ComboBox","viewName":"reusables.view.manageresources.NewResourceUnit","viewId":"application-manageresources-display-component---newResourceUnit","bindingPath":{"path":"/RESOURCE_UNIT_TIME_SEQUENCES/0","propertyPath":"COST_OBJECT_ADMIN_CST_TYPE","modelName":"oNewRruModel"}}},"wdio_ui5_key":"reusablesview.manageresources.NewResourceUnitsap.ui.core.Icon{\"src\":{\"regex\":{\"source\":\"slim\\\\-arrow\\\\-down\"}}}{\"controlType\":\"sap.m.ComboBox\",\"viewName\":\"reusables.view.manageresources.NewResourceUnit\",\"viewId\":\"application-manageresources-display-component---newResourceUnit\",\"bindingPath\":{\"path\":\"/RESOURCE_UNIT_TIME_SEQUENCES/0\",\"propertyPath\":\"COST_OBJECT_ADMIN_CST_TYPE\",\"modelName\":\"oNewRruModel\"}}"}]}
RESULT: undefined
COMMAND: POST /session/5c0f611fe9e992bf6baa21fdd84b9363/element - {"using":"xpath","value":"//*[@id=\"__box10-application-manageresources-display-component---newResourceUnit--RUTimeSegment-0-arrow\"]"}
RESULT: {}
RESULT: {"using":"xpath","value":"//*[@id=\"__box10-application-manageresources-display-component---newResourceUnit--RUTimeSegment-0-arrow\"]"}
COMMAND: POST /session/5c0f611fe9e992bf6baa21fdd84b9363/element/f.29A4D9279EB6458BA2B177A8085AE4F2.d.6A7E876EC2B2327D1077E83620D388B8.e.2208/click - {}
RESULT: {}
COMMAND: POST /session/5c0f611fe9e992bf6baa21fdd84b9363/execute/async - {"script":"<script> [1562 bytes]","args":[{"selector":{"controlType":"sap.m.StandardListItem","viewName":"reusables.view.manageresources.NewResourceUnit","viewId":"application-manageresources-display-component---newResourceUnit","properties":{"title":"PM Order"},"searchOpenDialogs":true,"interaction":{"idSuffix":"titleText"}},"wdio_ui5_key":"reusablesview.manageresources.NewResourceUnitsap.m.StandardListItem{\"title\":\"PM Order\"}"}]}
COMMAND: GET /session/5c0f611fe9e992bf6baa21fdd84b9363/screenshot - {}
RESULT: {"script":"<script> [1562 bytes]","args":[{"selector":{"controlType":"sap.m.StandardListItem","viewName":"reusables.view.manageresources.NewResourceUnit","viewId":"application-manageresources-display-component---newResourceUnit","properties":{"title":"PM Order"},"searchOpenDialogs":true,"interaction":{"idSuffix":"titleText"}},"wdio_ui5_key":"reusablesview.manageresources.NewResourceUnitsap.m.StandardListItem{\"title\":\"PM Order\"}"}]}
RESULT: undefined
COMMAND: POST /session/5c0f611fe9e992bf6baa21fdd84b9363/element - {"using":"xpath","value":"//*[@id=\"__item2443\"]"}
RESULT: {}
RESULT: {"using":"xpath","value":"//*[@id=\"__item2443\"]"}
COMMAND: POST /session/5c0f611fe9e992bf6baa21fdd84b9363/element/f.29A4D9279EB6458BA2B177A8085AE4F2.d.6A7E876EC2B2327D1077E83620D388B8.e.2212/click - {}
RESULT: {}
COMMAND: GET /session/5c0f611fe9e992bf6baa21fdd84b9363/screenshot - {}
RESULT: {}
COMMAND: POST /session/5c0f611fe9e992bf6baa21fdd84b9363/element - {"using":"xpath","value":"(//input[contains(@id ,\"-application-manageresources-display-component---newResourceUnit--RUTimeSegment-0-inner\")])[8]"}
RESULT: {"using":"xpath","value":"(//input[contains(@id ,\"-application-manageresources-display-component---newResourceUnit--RUTimeSegment-0-inner\")])[8]"}
COMMAND: POST /session/5c0f611fe9e992bf6baa21fdd84b9363/element/f.29A4D9279EB6458BA2B177A8085AE4F2.d.6A7E876EC2B2327D1077E83620D388B8.e.2215/clear - {}
RESULT: {}
COMMAND: POST /session/5c0f611fe9e992bf6baa21fdd84b9363/element/f.29A4D9279EB6458BA2B177A8085AE4F2.d.6A7E876EC2B2327D1077E83620D388B8.e.2215/value - {"text":"4000360"}
COMMAND: GET /session/5c0f611fe9e992bf6baa21fdd84b9363/screenshot - {}
RESULT: {"text":"4000360"}
COMMAND: GET /session/5c0f611fe9e992bf6baa21fdd84b9363/screenshot - {}
RESULT: {}
RESULT: {}
COMMAND: POST /session/5c0f611fe9e992bf6baa21fdd84b9363/actions - {"actions":[{"id":"action8","type":"key","parameters":{},"actions":[{"type":"keyDown","value":""},{"type":"pause","duration":10},{"type":"keyUp","value":""}]}]}
RESULT: {"actions":[{"id":"action8","type":"key","parameters":{},"actions":[{"type":"keyDown","value":""},{"type":"pause","duration":10},{"type":"keyUp","value":""}]}]}
COMMAND: GET /session/5c0f611fe9e992bf6baa21fdd84b9363/screenshot - {}
RESULT: {}
COMMAND: POST /session/5c0f611fe9e992bf6baa21fdd84b9363/element - {"using":"xpath","value":"//input[contains(@id ,\"application-manageresources-display-component---newResourceUnit--newTimeSegmentFromDatePicker-application-manageresources-display-component---newResourceUnit--RUTimeSegment-0-inner\")]"}
RESULT: {"using":"xpath","value":"//input[contains(@id ,\"application-manageresources-display-component---newResourceUnit--newTimeSegmentFromDatePicker-application-manageresources-display-component---newResourceUnit--RUTimeSegment-0-inner\")]"}
COMMAND: POST /session/5c0f611fe9e992bf6baa21fdd84b9363/element/f.29A4D9279EB6458BA2B177A8085AE4F2.d.6A7E876EC2B2327D1077E83620D388B8.e.2199/clear - {}
RESULT: {}
COMMAND: POST /session/5c0f611fe9e992bf6baa21fdd84b9363/element/f.29A4D9279EB6458BA2B177A8085AE4F2.d.6A7E876EC2B2327D1077E83620D388B8.e.2199/clear - {}
COMMAND: GET /session/5c0f611fe9e992bf6baa21fdd84b9363/screenshot - {}
RESULT: {}
COMMAND: POST /session/5c0f611fe9e992bf6baa21fdd84b9363/element/f.29A4D9279EB6458BA2B177A8085AE4F2.d.6A7E876EC2B2327D1077E83620D388B8.e.2199/value - {"text":"06/21/24"}
COMMAND: GET /session/5c0f611fe9e992bf6baa21fdd84b9363/screenshot - {}
RESULT: {}
RESULT: {"text":"06/21/24"}
COMMAND: POST /session/5c0f611fe9e992bf6baa21fdd84b9363/execute/async - {"script":"<script> [1562 bytes]","args":[{"selector":{"id":"application-manageresources-display-component---newResourceUnit--newRRUPage-anchBar-application-manageresources-display-component---newResourceUnit--resource-anchor","interaction":{"idSuffix":"BDI-content"}},"wdio_ui5_key":"applicationmanageresources-display-component---newResourceUnit--newRRUPage-anchBar-application-manageresources-display-component---newResourceUnit--resource-anchor"}]}
COMMAND: GET /session/5c0f611fe9e992bf6baa21fdd84b9363/screenshot - {}
RESULT: {}
RESULT: {"script":"<script> [1562 bytes]","args":[{"selector":{"id":"application-manageresources-display-component---newResourceUnit--newRRUPage-anchBar-application-manageresources-display-component---newResourceUnit--resource-anchor","interaction":{"idSuffix":"BDI-content"}},"wdio_ui5_key":"applicationmanageresources-display-component---newResourceUnit--newRRUPage-anchBar-application-manageresources-display-component---newResourceUnit--resource-anchor"}]}
RESULT: undefined
COMMAND: POST /session/5c0f611fe9e992bf6baa21fdd84b9363/element - {"using":"xpath","value":"//*[@id=\"application-manageresources-display-component---newResourceUnit--newRRUPage-anchBar-application-manageresources-display-component---newResourceUnit--resource-anchor\"]"}
RESULT: {}
RESULT: {"using":"xpath","value":"//*[@id=\"application-manageresources-display-component---newResourceUnit--newRRUPage-anchBar-application-manageresources-display-component---newResourceUnit--resource-anchor\"]"}
COMMAND: POST /session/5c0f611fe9e992bf6baa21fdd84b9363/element/f.29A4D9279EB6458BA2B177A8085AE4F2.d.6A7E876EC2B2327D1077E83620D388B8.e.2222/click - {}
RESULT: {}
COMMAND: POST /session/5c0f611fe9e992bf6baa21fdd84b9363/execute/async - {"script":"<script> [1562 bytes]","args":[{"selector":{"id":"application-manageresources-display-component---newResourceUnit--PLANNED_DELIVERY_DATE","interaction":{"idSuffix":"inner"}},"wdio_ui5_key":"applicationmanageresources-display-component---newResourceUnit--PLANNED_DELIVERY_DATE"}]}
COMMAND: GET /session/5c0f611fe9e992bf6baa21fdd84b9363/screenshot - {}
RESULT: {"script":"<script> [1562 bytes]","args":[{"selector":{"id":"application-manageresources-display-component---newResourceUnit--PLANNED_DELIVERY_DATE","interaction":{"idSuffix":"inner"}},"wdio_ui5_key":"applicationmanageresources-display-component---newResourceUnit--PLANNED_DELIVERY_DATE"}]}
RESULT: undefined
COMMAND: POST /session/5c0f611fe9e992bf6baa21fdd84b9363/execute/async - {"script":"<script> [6424 bytes]","args":[{"element-6066-11e4-a52e-4f735466cecf":"f.29A4D9279EB6458BA2B177A8085AE4F2.d.6A7E876EC2B2327D1077E83620D388B8.e.2097"},"setValue",["06/21/24"]]}
RESULT: {}
RESULT: {"script":"<script> [6424 bytes]","args":[{"element-6066-11e4-a52e-4f735466cecf":"f.29A4D9279EB6458BA2B177A8085AE4F2.d.6A7E876EC2B2327D1077E83620D388B8.e.2097"},"setValue",["06/21/24"]]}
COMMAND: POST /session/5c0f611fe9e992bf6baa21fdd84b9363/execute/async - {"script":"<script> [1562 bytes]","args":[{"selector":{"id":"application-manageresources-display-component---newResourceUnit--RETIRE_PLANNED_DATE","interaction":{"idSuffix":"inner"}},"wdio_ui5_key":"applicationmanageresources-display-component---newResourceUnit--RETIRE_PLANNED_DATE"}]}
RESULT: {"script":"<script> [1562 bytes]","args":[{"selector":{"id":"application-manageresources-display-component---newResourceUnit--RETIRE_PLANNED_DATE","interaction":{"idSuffix":"inner"}},"wdio_ui5_key":"applicationmanageresources-display-component---newResourceUnit--RETIRE_PLANNED_DATE"}]}
RESULT: undefined
COMMAND: POST /session/5c0f611fe9e992bf6baa21fdd84b9363/execute/async - {"script":"<script> [776 bytes]","args":[{"enterText":"3/14/29","selector":{"id":"application-manageresources-display-component---newResourceUnit--RETIRE_PLANNED_DATE","interaction":{"idSuffix":"inner"}},"clearTextFirst":true,"interactionType":"ENTER_TEXT"}]}
RESULT: {"script":"<script> [776 bytes]","args":[{"enterText":"3/14/29","selector":{"id":"application-manageresources-display-component---newResourceUnit--RETIRE_PLANNED_DATE","interaction":{"idSuffix":"inner"}},"clearTextFirst":true,"interactionType":"ENTER_TEXT"}]}
RESULT: undefined
COMMAND: POST /session/5c0f611fe9e992bf6baa21fdd84b9363/element - {"using":"xpath","value":"//*[@id=\"application-manageresources-display-component---newResourceUnit--createRuButton\"]"}
RESULT: {"using":"xpath","value":"//*[@id=\"application-manageresources-display-component---newResourceUnit--createRuButton\"]"}
COMMAND: POST /session/5c0f611fe9e992bf6baa21fdd84b9363/element/f.29A4D9279EB6458BA2B177A8085AE4F2.d.6A7E876EC2B2327D1077E83620D388B8.e.2058/click - {}
RESULT: {}
COMMAND: GET /session/5c0f611fe9e992bf6baa21fdd84b9363/screenshot - {}
RESULT: {}
COMMAND: POST /session/5c0f611fe9e992bf6baa21fdd84b9363/element - {"using":"xpath","value":"(//bdi[contains(text(), \"Close\")])[1]"}
RESULT: {"using":"xpath","value":"(//bdi[contains(text(), \"Close\")])[1]"}
COMMAND: POST /session/5c0f611fe9e992bf6baa21fdd84b9363/element/f.29A4D9279EB6458BA2B177A8085AE4F2.d.6A7E876EC2B2327D1077E83620D388B8.e.2231/click - {}
RESULT: {}
COMMAND: GET /session/5c0f611fe9e992bf6baa21fdd84b9363/screenshot - {}
RESULT: {}
]]></system-out>
    </testcase>
    <testcase classname="chrome.136_0_7103_93.windows.Related_resources_for_groups_US139107" name="Should create one more equipment using copy function and add it to the group" time="62.993">
      <system-out><![CDATA[
COMMAND: POST /session/5c0f611fe9e992bf6baa21fdd84b9363/element - {"using":"xpath","value":"//span[contains(@id ,\"actionsToolbar-overflowButton-img\")]"}
RESULT: {"using":"xpath","value":"//span[contains(@id ,\"actionsToolbar-overflowButton-img\")]"}
COMMAND: POST /session/5c0f611fe9e992bf6baa21fdd84b9363/execute/sync - {"script":"<script> [8489 bytes]","args":[{"element-6066-11e4-a52e-4f735466cecf":"f.29A4D9279EB6458BA2B177A8085AE4F2.d.6A7E876EC2B2327D1077E83620D388B8.e.2263","ELEMENT":"f.29A4D9279EB6458BA2B177A8085AE4F2.d.6A7E876EC2B2327D1077E83620D388B8.e.2263"}]}
RESULT: {"script":"<script> [8489 bytes]","args":[{"element-6066-11e4-a52e-4f735466cecf":"f.29A4D9279EB6458BA2B177A8085AE4F2.d.6A7E876EC2B2327D1077E83620D388B8.e.2263","ELEMENT":"f.29A4D9279EB6458BA2B177A8085AE4F2.d.6A7E876EC2B2327D1077E83620D388B8.e.2263"}]}
COMMAND: POST /session/5c0f611fe9e992bf6baa21fdd84b9363/execute/sync - {"script":"<script> [5351 bytes]","args":[{"element-6066-11e4-a52e-4f735466cecf":"f.29A4D9279EB6458BA2B177A8085AE4F2.d.6A7E876EC2B2327D1077E83620D388B8.e.2263","ELEMENT":"f.29A4D9279EB6458BA2B177A8085AE4F2.d.6A7E876EC2B2327D1077E83620D388B8.e.2263"}]}
COMMAND: GET /session/5c0f611fe9e992bf6baa21fdd84b9363/screenshot - {}
RESULT: {"script":"<script> [5351 bytes]","args":[{"element-6066-11e4-a52e-4f735466cecf":"f.29A4D9279EB6458BA2B177A8085AE4F2.d.6A7E876EC2B2327D1077E83620D388B8.e.2263","ELEMENT":"f.29A4D9279EB6458BA2B177A8085AE4F2.d.6A7E876EC2B2327D1077E83620D388B8.e.2263"}]}
COMMAND: POST /session/5c0f611fe9e992bf6baa21fdd84b9363/element/f.29A4D9279EB6458BA2B177A8085AE4F2.d.6A7E876EC2B2327D1077E83620D388B8.e.2263/click - {}
COMMAND: GET /session/5c0f611fe9e992bf6baa21fdd84b9363/screenshot - {}
RESULT: {}
RESULT: {}
COMMAND: GET /session/5c0f611fe9e992bf6baa21fdd84b9363/screenshot - {}
RESULT: {}
RESULT: {}
COMMAND: POST /session/5c0f611fe9e992bf6baa21fdd84b9363/execute/async - {"script":"<script> [1562 bytes]","args":[{"selector":{"controlType":"sap.m.Button","viewName":"etm.portal.ui.manageresources.view.Detail","viewId":"application-manageresources-display-component---detailRU","i18NText":{"propertyName":"text","key":"copy"},"interaction":{"idSuffix":"BDI-content"}},"wdio_ui5_key":"etmportal.ui.manageresources.view.Detailsap.m.Button{\"propertyName\":\"text\",\"key\":\"copy\"}"}]}
RESULT: {"script":"<script> [1562 bytes]","args":[{"selector":{"controlType":"sap.m.Button","viewName":"etm.portal.ui.manageresources.view.Detail","viewId":"application-manageresources-display-component---detailRU","i18NText":{"propertyName":"text","key":"copy"},"interaction":{"idSuffix":"BDI-content"}},"wdio_ui5_key":"etmportal.ui.manageresources.view.Detailsap.m.Button{\"propertyName\":\"text\",\"key\":\"copy\"}"}]}
RESULT: undefined
COMMAND: POST /session/5c0f611fe9e992bf6baa21fdd84b9363/element - {"using":"xpath","value":"//*[@id=\"__button96\"]"}
RESULT: {"using":"xpath","value":"//*[@id=\"__button96\"]"}
COMMAND: POST /session/5c0f611fe9e992bf6baa21fdd84b9363/element/f.29A4D9279EB6458BA2B177A8085AE4F2.d.6A7E876EC2B2327D1077E83620D388B8.e.2267/click - {}
RESULT: {}
COMMAND: GET /session/5c0f611fe9e992bf6baa21fdd84b9363/screenshot - {}
RESULT: {}
COMMAND: POST /session/5c0f611fe9e992bf6baa21fdd84b9363/execute/async - {"script":"<script> [1562 bytes]","args":[{"selector":{"controlType":"sap.m.Button","viewName":"etm.portal.ui.manageresources.view.Detail","viewId":"application-manageresources-display-component---detailRU","i18NText":{"propertyName":"text","key":"selectAll"},"searchOpenDialogs":true,"interaction":{"idSuffix":"BDI-content"}},"wdio_ui5_key":"etmportal.ui.manageresources.view.Detailsap.m.Button{\"propertyName\":\"text\",\"key\":\"selectAll\"}"}]}
RESULT: {"script":"<script> [1562 bytes]","args":[{"selector":{"controlType":"sap.m.Button","viewName":"etm.portal.ui.manageresources.view.Detail","viewId":"application-manageresources-display-component---detailRU","i18NText":{"propertyName":"text","key":"selectAll"},"searchOpenDialogs":true,"interaction":{"idSuffix":"BDI-content"}},"wdio_ui5_key":"etmportal.ui.manageresources.view.Detailsap.m.Button{\"propertyName\":\"text\",\"key\":\"selectAll\"}"}]}
RESULT: undefined
COMMAND: POST /session/5c0f611fe9e992bf6baa21fdd84b9363/element - {"using":"xpath","value":"//*[@id=\"__button140\"]"}
RESULT: {"using":"xpath","value":"//*[@id=\"__button140\"]"}
COMMAND: POST /session/5c0f611fe9e992bf6baa21fdd84b9363/element/f.29A4D9279EB6458BA2B177A8085AE4F2.d.6A7E876EC2B2327D1077E83620D388B8.e.2268/click - {}
RESULT: {}
COMMAND: GET /session/5c0f611fe9e992bf6baa21fdd84b9363/screenshot - {}
RESULT: {}
COMMAND: POST /session/5c0f611fe9e992bf6baa21fdd84b9363/execute/async - {"script":"<script> [1562 bytes]","args":[{"selector":{"controlType":"sap.m.Button","viewName":"etm.portal.ui.manageresources.view.Detail","viewId":"application-manageresources-display-component---detailRU","i18NText":{"propertyName":"text","key":"confirm"},"searchOpenDialogs":true,"interaction":{"idSuffix":"content"}},"wdio_ui5_key":"etmportal.ui.manageresources.view.Detailsap.m.Button{\"propertyName\":\"text\",\"key\":\"confirm\"}"}]}
RESULT: {"script":"<script> [1562 bytes]","args":[{"selector":{"controlType":"sap.m.Button","viewName":"etm.portal.ui.manageresources.view.Detail","viewId":"application-manageresources-display-component---detailRU","i18NText":{"propertyName":"text","key":"confirm"},"searchOpenDialogs":true,"interaction":{"idSuffix":"content"}},"wdio_ui5_key":"etmportal.ui.manageresources.view.Detailsap.m.Button{\"propertyName\":\"text\",\"key\":\"confirm\"}"}]}
RESULT: undefined
COMMAND: POST /session/5c0f611fe9e992bf6baa21fdd84b9363/element - {"using":"xpath","value":"//*[@id=\"__button141\"]"}
RESULT: {"using":"xpath","value":"//*[@id=\"__button141\"]"}
COMMAND: POST /session/5c0f611fe9e992bf6baa21fdd84b9363/element/f.29A4D9279EB6458BA2B177A8085AE4F2.d.6A7E876EC2B2327D1077E83620D388B8.e.2292/click - {}
RESULT: {}
COMMAND: GET /session/5c0f611fe9e992bf6baa21fdd84b9363/screenshot - {}
RESULT: {}
COMMAND: POST /session/5c0f611fe9e992bf6baa21fdd84b9363/element - {"using":"xpath","value":"(//span[contains(@id ,\"expandBtn-inner\")])[2]"}
RESULT: {"using":"xpath","value":"(//span[contains(@id ,\"expandBtn-inner\")])[2]"}
COMMAND: POST /session/5c0f611fe9e992bf6baa21fdd84b9363/element/f.29A4D9279EB6458BA2B177A8085AE4F2.d.6A7E876EC2B2327D1077E83620D388B8.e.2304/click - {}
RESULT: {}
COMMAND: GET /session/5c0f611fe9e992bf6baa21fdd84b9363/screenshot - {}
RESULT: {}
COMMAND: POST /session/5c0f611fe9e992bf6baa21fdd84b9363/element - {"using":"xpath","value":"//input[contains(@id ,\"application-manageresources-display-component---newResourceUnit--resourceId-inner\")]"}
RESULT: {"using":"xpath","value":"//input[contains(@id ,\"application-manageresources-display-component---newResourceUnit--resourceId-inner\")]"}
COMMAND: POST /session/5c0f611fe9e992bf6baa21fdd84b9363/element/f.29A4D9279EB6458BA2B177A8085AE4F2.d.6A7E876EC2B2327D1077E83620D388B8.e.2062/clear - {}
RESULT: {}
COMMAND: POST /session/5c0f611fe9e992bf6baa21fdd84b9363/element/f.29A4D9279EB6458BA2B177A8085AE4F2.d.6A7E876EC2B2327D1077E83620D388B8.e.2062/value - {"text":"WdIORUEquip21dc9hf"}
COMMAND: GET /session/5c0f611fe9e992bf6baa21fdd84b9363/screenshot - {}
RESULT: {"text":"WdIORUEquip21dc9hf"}
COMMAND: POST /session/5c0f611fe9e992bf6baa21fdd84b9363/element - {"using":"xpath","value":"//input[contains(@id ,\"application-manageresources-display-component---newResourceUnit--SHORT_TEXT-inner\")]"}
COMMAND: GET /session/5c0f611fe9e992bf6baa21fdd84b9363/screenshot - {}
RESULT: {}
RESULT: {"using":"xpath","value":"//input[contains(@id ,\"application-manageresources-display-component---newResourceUnit--SHORT_TEXT-inner\")]"}
COMMAND: POST /session/5c0f611fe9e992bf6baa21fdd84b9363/element/f.29A4D9279EB6458BA2B177A8085AE4F2.d.6A7E876EC2B2327D1077E83620D388B8.e.2063/clear - {}
RESULT: {}
RESULT: {}
COMMAND: POST /session/5c0f611fe9e992bf6baa21fdd84b9363/element/f.29A4D9279EB6458BA2B177A8085AE4F2.d.6A7E876EC2B2327D1077E83620D388B8.e.2063/clear - {}
COMMAND: GET /session/5c0f611fe9e992bf6baa21fdd84b9363/screenshot - {}
RESULT: {}
COMMAND: POST /session/5c0f611fe9e992bf6baa21fdd84b9363/element/f.29A4D9279EB6458BA2B177A8085AE4F2.d.6A7E876EC2B2327D1077E83620D388B8.e.2063/value - {"text":"WdIORUEquip21dc9hf"}
COMMAND: GET /session/5c0f611fe9e992bf6baa21fdd84b9363/screenshot - {}
RESULT: {}
RESULT: {"text":"WdIORUEquip21dc9hf"}
COMMAND: POST /session/5c0f611fe9e992bf6baa21fdd84b9363/element - {"using":"xpath","value":"//bdi[contains(text(), \"Time Segment\")]"}
COMMAND: GET /session/5c0f611fe9e992bf6baa21fdd84b9363/screenshot - {}
RESULT: {}
RESULT: {"using":"xpath","value":"//bdi[contains(text(), \"Time Segment\")]"}
COMMAND: GET /session/5c0f611fe9e992bf6baa21fdd84b9363/element/f.29A4D9279EB6458BA2B177A8085AE4F2.d.6A7E876EC2B2327D1077E83620D388B8.e.2187/rect - {}
RESULT: {}
RESULT: {}
COMMAND: GET /session/5c0f611fe9e992bf6baa21fdd84b9363/window/rect - {}
RESULT: {}
COMMAND: POST /session/5c0f611fe9e992bf6baa21fdd84b9363/execute/sync - {"script":"<script> [92 bytes]","args":[]}
RESULT: {"script":"<script> [92 bytes]","args":[]}
COMMAND: POST /session/5c0f611fe9e992bf6baa21fdd84b9363/actions - {"actions":[{"id":"action9","type":"wheel","parameters":{},"actions":[{"type":"scroll","x":-1820,"y":1110,"deltaX":0,"deltaY":0,"duration":0,"origin":{"element-6066-11e4-a52e-4f735466cecf":"f.29A4D9279EB6458BA2B177A8085AE4F2.d.6A7E876EC2B2327D1077E83620D388B8.e.2187"}}]}]}
COMMAND: GET /session/5c0f611fe9e992bf6baa21fdd84b9363/screenshot - {}
RESULT: {}
COMMAND: POST /session/5c0f611fe9e992bf6baa21fdd84b9363/execute/sync - {"script":"<script> [79 bytes]","args":[{"element-6066-11e4-a52e-4f735466cecf":"f.29A4D9279EB6458BA2B177A8085AE4F2.d.6A7E876EC2B2327D1077E83620D388B8.e.2187","ELEMENT":"f.29A4D9279EB6458BA2B177A8085AE4F2.d.6A7E876EC2B2327D1077E83620D388B8.e.2187"},{"block":"start","inline":"nearest"}]}
RESULT: {"script":"<script> [79 bytes]","args":[{"element-6066-11e4-a52e-4f735466cecf":"f.29A4D9279EB6458BA2B177A8085AE4F2.d.6A7E876EC2B2327D1077E83620D388B8.e.2187","ELEMENT":"f.29A4D9279EB6458BA2B177A8085AE4F2.d.6A7E876EC2B2327D1077E83620D388B8.e.2187"},{"block":"start","inline":"nearest"}]}
COMMAND: GET /session/5c0f611fe9e992bf6baa21fdd84b9363/screenshot - {}
RESULT: {}
COMMAND: POST /session/5c0f611fe9e992bf6baa21fdd84b9363/element - {"using":"xpath","value":"//input[@id=\"application-manageresources-display-component---newResourceUnit--idRuTSAdmin-application-manageresources-display-component---newResourceUnit--RUTimeSegment-0-inner\"]"}
RESULT: {"using":"xpath","value":"//input[@id=\"application-manageresources-display-component---newResourceUnit--idRuTSAdmin-application-manageresources-display-component---newResourceUnit--RUTimeSegment-0-inner\"]"}
COMMAND: POST /session/5c0f611fe9e992bf6baa21fdd84b9363/element/f.29A4D9279EB6458BA2B177A8085AE4F2.d.6A7E876EC2B2327D1077E83620D388B8.e.2192/clear - {}
RESULT: {}
COMMAND: POST /session/5c0f611fe9e992bf6baa21fdd84b9363/element/f.29A4D9279EB6458BA2B177A8085AE4F2.d.6A7E876EC2B2327D1077E83620D388B8.e.2192/value - {"text":"WebdriverYardglhm9k"}
COMMAND: GET /session/5c0f611fe9e992bf6baa21fdd84b9363/screenshot - {}
RESULT: {"text":"WebdriverYardglhm9k"}
COMMAND: GET /session/5c0f611fe9e992bf6baa21fdd84b9363/screenshot - {}
RESULT: {}
RESULT: {}
COMMAND: POST /session/5c0f611fe9e992bf6baa21fdd84b9363/actions - {"actions":[{"id":"action10","type":"key","parameters":{},"actions":[{"type":"keyDown","value":""},{"type":"pause","duration":10},{"type":"keyUp","value":""}]}]}
RESULT: {"actions":[{"id":"action10","type":"key","parameters":{},"actions":[{"type":"keyDown","value":""},{"type":"pause","duration":10},{"type":"keyUp","value":""}]}]}
COMMAND: GET /session/5c0f611fe9e992bf6baa21fdd84b9363/screenshot - {}
RESULT: {}
RESULT: undefined
COMMAND: POST /session/5c0f611fe9e992bf6baa21fdd84b9363/element - {"using":"xpath","value":"//*[@id=\"__box10-application-manageresources-display-component---newResourceUnit--RUTimeSegment-0-arrow\"]"}
RESULT: {"using":"xpath","value":"//*[@id=\"__box10-application-manageresources-display-component---newResourceUnit--RUTimeSegment-0-arrow\"]"}
COMMAND: POST /session/5c0f611fe9e992bf6baa21fdd84b9363/element/f.29A4D9279EB6458BA2B177A8085AE4F2.d.6A7E876EC2B2327D1077E83620D388B8.e.2208/click - {}
RESULT: {}
COMMAND: GET /session/5c0f611fe9e992bf6baa21fdd84b9363/screenshot - {}
RESULT: {}
COMMAND: POST /session/5c0f611fe9e992bf6baa21fdd84b9363/element - {"using":"xpath","value":"//span[contains(@id ,\"titleText\")][contains(text(), \"PM Order\")]"}
RESULT: {"using":"xpath","value":"//span[contains(@id ,\"titleText\")][contains(text(), \"PM Order\")]"}
COMMAND: POST /session/5c0f611fe9e992bf6baa21fdd84b9363/element/f.29A4D9279EB6458BA2B177A8085AE4F2.d.6A7E876EC2B2327D1077E83620D388B8.e.2376/click - {}
RESULT: {}
COMMAND: GET /session/5c0f611fe9e992bf6baa21fdd84b9363/screenshot - {}
RESULT: {}
COMMAND: POST /session/5c0f611fe9e992bf6baa21fdd84b9363/element - {"using":"xpath","value":"(//input[contains(@id ,\"-application-manageresources-display-component---newResourceUnit--RUTimeSegment-0-inner\")])[8]"}
RESULT: {"using":"xpath","value":"(//input[contains(@id ,\"-application-manageresources-display-component---newResourceUnit--RUTimeSegment-0-inner\")])[8]"}
COMMAND: POST /session/5c0f611fe9e992bf6baa21fdd84b9363/element/f.29A4D9279EB6458BA2B177A8085AE4F2.d.6A7E876EC2B2327D1077E83620D388B8.e.2379/clear - {}
RESULT: {}
COMMAND: POST /session/5c0f611fe9e992bf6baa21fdd84b9363/element/f.29A4D9279EB6458BA2B177A8085AE4F2.d.6A7E876EC2B2327D1077E83620D388B8.e.2379/value - {"text":"4000360"}
COMMAND: GET /session/5c0f611fe9e992bf6baa21fdd84b9363/screenshot - {}
RESULT: {}
RESULT: {"text":"4000360"}
COMMAND: GET /session/5c0f611fe9e992bf6baa21fdd84b9363/screenshot - {}
RESULT: {}
COMMAND: POST /session/5c0f611fe9e992bf6baa21fdd84b9363/actions - {"actions":[{"id":"action11","type":"key","parameters":{},"actions":[{"type":"keyDown","value":""},{"type":"pause","duration":10},{"type":"keyUp","value":""}]}]}
RESULT: {"actions":[{"id":"action11","type":"key","parameters":{},"actions":[{"type":"keyDown","value":""},{"type":"pause","duration":10},{"type":"keyUp","value":""}]}]}
COMMAND: GET /session/5c0f611fe9e992bf6baa21fdd84b9363/screenshot - {}
RESULT: {}
RESULT: undefined
COMMAND: POST /session/5c0f611fe9e992bf6baa21fdd84b9363/element - {"using":"xpath","value":"//*[@id=\"application-manageresources-display-component---newResourceUnit--createRuButton\"]"}
RESULT: {"using":"xpath","value":"//*[@id=\"application-manageresources-display-component---newResourceUnit--createRuButton\"]"}
COMMAND: POST /session/5c0f611fe9e992bf6baa21fdd84b9363/element/f.29A4D9279EB6458BA2B177A8085AE4F2.d.6A7E876EC2B2327D1077E83620D388B8.e.2058/click - {}
RESULT: {}
COMMAND: GET /session/5c0f611fe9e992bf6baa21fdd84b9363/screenshot - {}
RESULT: {}
COMMAND: POST /session/5c0f611fe9e992bf6baa21fdd84b9363/element - {"using":"xpath","value":"(//bdi[contains(text(), \"Close\")])[1]"}
RESULT: {"using":"xpath","value":"(//bdi[contains(text(), \"Close\")])[1]"}
COMMAND: POST /session/5c0f611fe9e992bf6baa21fdd84b9363/element/f.29A4D9279EB6458BA2B177A8085AE4F2.d.6A7E876EC2B2327D1077E83620D388B8.e.2399/click - {}
RESULT: {}
COMMAND: GET /session/5c0f611fe9e992bf6baa21fdd84b9363/screenshot - {}
RESULT: {}
]]></system-out>
    </testcase>
    <testcase classname="chrome.136_0_7103_93.windows.Related_resources_for_groups_US139107" name="Should verify the Yard Overview hyperlinks in related resource" time="117.512">
      <system-out><![CDATA[
COMMAND: POST /session/5c0f611fe9e992bf6baa21fdd84b9363/execute/async - {"script":"<script> [1562 bytes]","args":[{"selector":{"controlType":"sap.ui.core.Icon","viewName":"etm.portal.ui.manageresources.view.Detail","viewId":"application-manageresources-display-component---detailRU","properties":{"src":{"regex":{"source":"decline"}}}},"wdio_ui5_key":"etmportal.ui.manageresources.view.Detailsap.ui.core.Icon{\"src\":{\"regex\":{\"source\":\"decline\"}}}"}]}
RESULT: {"script":"<script> [1562 bytes]","args":[{"selector":{"controlType":"sap.ui.core.Icon","viewName":"etm.portal.ui.manageresources.view.Detail","viewId":"application-manageresources-display-component---detailRU","properties":{"src":{"regex":{"source":"decline"}}}},"wdio_ui5_key":"etmportal.ui.manageresources.view.Detailsap.ui.core.Icon{\"src\":{\"regex\":{\"source\":\"decline\"}}}"}]}
RESULT: undefined
COMMAND: POST /session/5c0f611fe9e992bf6baa21fdd84b9363/element - {"using":"xpath","value":"//input[contains(@id ,\"application-manageresources-display-component---masterRU--smartFilterBar-btnBasicSearch-I\")]"}
RESULT: {"using":"xpath","value":"//input[contains(@id ,\"application-manageresources-display-component---masterRU--smartFilterBar-btnBasicSearch-I\")]"}
COMMAND: POST /session/5c0f611fe9e992bf6baa21fdd84b9363/element/f.29A4D9279EB6458BA2B177A8085AE4F2.d.6A7E876EC2B2327D1077E83620D388B8.e.1689/value - {"text":"WdIORUGroupvs55s"}
RESULT: {"text":"WdIORUGroupvs55s"}
COMMAND: GET /session/5c0f611fe9e992bf6baa21fdd84b9363/screenshot - {}
RESULT: {}
COMMAND: POST /session/5c0f611fe9e992bf6baa21fdd84b9363/actions - {"actions":[{"id":"action12","type":"key","parameters":{},"actions":[{"type":"keyDown","value":""},{"type":"pause","duration":10},{"type":"keyUp","value":""}]}]}
RESULT: {"actions":[{"id":"action12","type":"key","parameters":{},"actions":[{"type":"keyDown","value":""},{"type":"pause","duration":10},{"type":"keyUp","value":""}]}]}
COMMAND: GET /session/5c0f611fe9e992bf6baa21fdd84b9363/screenshot - {}
RESULT: {}
COMMAND: POST /session/5c0f611fe9e992bf6baa21fdd84b9363/execute/async - {"script":"<script> [1562 bytes]","args":[{"selector":{"controlType":"sap.ui.core.Icon","viewName":"etm.portal.ui.manageresources.view.Master","viewId":"application-manageresources-display-component---masterRU","properties":{"src":{"regex":{"source":"slim\\-arrow\\-right"}}}},"wdio_ui5_key":"etmportal.ui.manageresources.view.Mastersap.ui.core.Icon{\"src\":{\"regex\":{\"source\":\"slim\\\\-arrow\\\\-right\"}}}"}]}
RESULT: {"script":"<script> [1562 bytes]","args":[{"selector":{"controlType":"sap.ui.core.Icon","viewName":"etm.portal.ui.manageresources.view.Master","viewId":"application-manageresources-display-component---masterRU","properties":{"src":{"regex":{"source":"slim\\-arrow\\-right"}}}},"wdio_ui5_key":"etmportal.ui.manageresources.view.Mastersap.ui.core.Icon{\"src\":{\"regex\":{\"source\":\"slim\\\\-arrow\\\\-right\"}}}"}]}
RESULT: undefined
COMMAND: POST /session/5c0f611fe9e992bf6baa21fdd84b9363/element - {"using":"xpath","value":"//*[@id=\"__item1221-__clone3361-imgNav\"]"}
RESULT: {"using":"xpath","value":"//*[@id=\"__item1221-__clone3361-imgNav\"]"}
COMMAND: POST /session/5c0f611fe9e992bf6baa21fdd84b9363/element/f.29A4D9279EB6458BA2B177A8085AE4F2.d.6A7E876EC2B2327D1077E83620D388B8.e.1863/click - {}
RESULT: {}
COMMAND: GET /session/5c0f611fe9e992bf6baa21fdd84b9363/screenshot - {}
RESULT: {}
COMMAND: POST /session/5c0f611fe9e992bf6baa21fdd84b9363/element - {"using":"xpath","value":"//bdi[contains(@id ,\"application-manageresources-display-component---detailRU--openRelatedRus-BDI-content\")]"}
RESULT: {"using":"xpath","value":"//bdi[contains(@id ,\"application-manageresources-display-component---detailRU--openRelatedRus-BDI-content\")]"}
COMMAND: POST /session/5c0f611fe9e992bf6baa21fdd84b9363/execute/sync - {"script":"<script> [8489 bytes]","args":[{"element-6066-11e4-a52e-4f735466cecf":"f.29A4D9279EB6458BA2B177A8085AE4F2.d.6A7E876EC2B2327D1077E83620D388B8.e.2456","ELEMENT":"f.29A4D9279EB6458BA2B177A8085AE4F2.d.6A7E876EC2B2327D1077E83620D388B8.e.2456"}]}
RESULT: {"script":"<script> [8489 bytes]","args":[{"element-6066-11e4-a52e-4f735466cecf":"f.29A4D9279EB6458BA2B177A8085AE4F2.d.6A7E876EC2B2327D1077E83620D388B8.e.2456","ELEMENT":"f.29A4D9279EB6458BA2B177A8085AE4F2.d.6A7E876EC2B2327D1077E83620D388B8.e.2456"}]}
COMMAND: POST /session/5c0f611fe9e992bf6baa21fdd84b9363/execute/sync - {"script":"<script> [5351 bytes]","args":[{"element-6066-11e4-a52e-4f735466cecf":"f.29A4D9279EB6458BA2B177A8085AE4F2.d.6A7E876EC2B2327D1077E83620D388B8.e.2456","ELEMENT":"f.29A4D9279EB6458BA2B177A8085AE4F2.d.6A7E876EC2B2327D1077E83620D388B8.e.2456"}]}
COMMAND: GET /session/5c0f611fe9e992bf6baa21fdd84b9363/screenshot - {}
RESULT: {"script":"<script> [5351 bytes]","args":[{"element-6066-11e4-a52e-4f735466cecf":"f.29A4D9279EB6458BA2B177A8085AE4F2.d.6A7E876EC2B2327D1077E83620D388B8.e.2456","ELEMENT":"f.29A4D9279EB6458BA2B177A8085AE4F2.d.6A7E876EC2B2327D1077E83620D388B8.e.2456"}]}
COMMAND: POST /session/5c0f611fe9e992bf6baa21fdd84b9363/element/f.29A4D9279EB6458BA2B177A8085AE4F2.d.6A7E876EC2B2327D1077E83620D388B8.e.2456/click - {}
COMMAND: GET /session/5c0f611fe9e992bf6baa21fdd84b9363/screenshot - {}
RESULT: {}
RESULT: {}
COMMAND: GET /session/5c0f611fe9e992bf6baa21fdd84b9363/screenshot - {}
RESULT: {}
RESULT: {}
COMMAND: POST /session/5c0f611fe9e992bf6baa21fdd84b9363/element - {"using":"xpath","value":"//*[contains(@data-kt ,\"openRUIdMenuLink\")]"}
RESULT: {"using":"xpath","value":"//*[contains(@data-kt ,\"openRUIdMenuLink\")]"}
COMMAND: POST /session/5c0f611fe9e992bf6baa21fdd84b9363/execute/sync - {"script":"<script> [8489 bytes]","args":[{"element-6066-11e4-a52e-4f735466cecf":"f.29A4D9279EB6458BA2B177A8085AE4F2.d.6A7E876EC2B2327D1077E83620D388B8.e.2462","ELEMENT":"f.29A4D9279EB6458BA2B177A8085AE4F2.d.6A7E876EC2B2327D1077E83620D388B8.e.2462"}]}
RESULT: {"script":"<script> [8489 bytes]","args":[{"element-6066-11e4-a52e-4f735466cecf":"f.29A4D9279EB6458BA2B177A8085AE4F2.d.6A7E876EC2B2327D1077E83620D388B8.e.2462","ELEMENT":"f.29A4D9279EB6458BA2B177A8085AE4F2.d.6A7E876EC2B2327D1077E83620D388B8.e.2462"}]}
COMMAND: POST /session/5c0f611fe9e992bf6baa21fdd84b9363/execute/sync - {"script":"<script> [5351 bytes]","args":[{"element-6066-11e4-a52e-4f735466cecf":"f.29A4D9279EB6458BA2B177A8085AE4F2.d.6A7E876EC2B2327D1077E83620D388B8.e.2462","ELEMENT":"f.29A4D9279EB6458BA2B177A8085AE4F2.d.6A7E876EC2B2327D1077E83620D388B8.e.2462"}]}
COMMAND: GET /session/5c0f611fe9e992bf6baa21fdd84b9363/screenshot - {}
RESULT: {"script":"<script> [5351 bytes]","args":[{"element-6066-11e4-a52e-4f735466cecf":"f.29A4D9279EB6458BA2B177A8085AE4F2.d.6A7E876EC2B2327D1077E83620D388B8.e.2462","ELEMENT":"f.29A4D9279EB6458BA2B177A8085AE4F2.d.6A7E876EC2B2327D1077E83620D388B8.e.2462"}]}
COMMAND: POST /session/5c0f611fe9e992bf6baa21fdd84b9363/execute/async - {"script":"<script> [1562 bytes]","args":[{"selector":{"id":"RelatedRUsFragmentID--smartTableRUs-header","searchOpenDialogs":true},"wdio_ui5_key":"RelatedRUsFragmentIDsmartTableRUs-header"}]}
COMMAND: GET /session/5c0f611fe9e992bf6baa21fdd84b9363/screenshot - {}
RESULT: {}
RESULT: {"script":"<script> [1562 bytes]","args":[{"selector":{"id":"RelatedRUsFragmentID--smartTableRUs-header","searchOpenDialogs":true},"wdio_ui5_key":"RelatedRUsFragmentIDsmartTableRUs-header"}]}
RESULT: undefined
COMMAND: POST /session/5c0f611fe9e992bf6baa21fdd84b9363/execute/async - {"script":"<script> [6424 bytes]","args":[{"element-6066-11e4-a52e-4f735466cecf":"f.29A4D9279EB6458BA2B177A8085AE4F2.d.6A7E876EC2B2327D1077E83620D388B8.e.2463"},"getText",[]]}
RESULT: {}
RESULT: {"script":"<script> [6424 bytes]","args":[{"element-6066-11e4-a52e-4f735466cecf":"f.29A4D9279EB6458BA2B177A8085AE4F2.d.6A7E876EC2B2327D1077E83620D388B8.e.2463"},"getText",[]]}
COMMAND: POST /session/5c0f611fe9e992bf6baa21fdd84b9363/element/f.29A4D9279EB6458BA2B177A8085AE4F2.d.6A7E876EC2B2327D1077E83620D388B8.e.2462/click - {}
RESULT: {}
COMMAND: GET /session/5c0f611fe9e992bf6baa21fdd84b9363/screenshot - {}
RESULT: {}
COMMAND: POST /session/5c0f611fe9e992bf6baa21fdd84b9363/element - {"using":"xpath","value":"//*[contains(@data-kt ,\"ContextMenuId2Link\")][contains(text(), \"RU Overview\")]"}
RESULT: {"using":"xpath","value":"//*[contains(@data-kt ,\"ContextMenuId2Link\")][contains(text(), \"RU Overview\")]"}
COMMAND: POST /session/5c0f611fe9e992bf6baa21fdd84b9363/execute/sync - {"script":"<script> [8489 bytes]","args":[{"element-6066-11e4-a52e-4f735466cecf":"f.29A4D9279EB6458BA2B177A8085AE4F2.d.6A7E876EC2B2327D1077E83620D388B8.e.2465","ELEMENT":"f.29A4D9279EB6458BA2B177A8085AE4F2.d.6A7E876EC2B2327D1077E83620D388B8.e.2465"}]}
COMMAND: POST /session/5c0f611fe9e992bf6baa21fdd84b9363/element/f.29A4D9279EB6458BA2B177A8085AE4F2.d.6A7E876EC2B2327D1077E83620D388B8.e.2465/click - {}
RESULT: {"script":"<script> [8489 bytes]","args":[{"element-6066-11e4-a52e-4f735466cecf":"f.29A4D9279EB6458BA2B177A8085AE4F2.d.6A7E876EC2B2327D1077E83620D388B8.e.2465","ELEMENT":"f.29A4D9279EB6458BA2B177A8085AE4F2.d.6A7E876EC2B2327D1077E83620D388B8.e.2465"}]}
COMMAND: GET /session/5c0f611fe9e992bf6baa21fdd84b9363/screenshot - {}
RESULT: {}
COMMAND: GET /session/5c0f611fe9e992bf6baa21fdd84b9363/screenshot - {}
RESULT: {}
RESULT: {}
COMMAND: POST /session/5c0f611fe9e992bf6baa21fdd84b9363/execute/async - {"script":"<script> [1562 bytes]","args":[{"selector":{"id":"shellAppTitle"},"wdio_ui5_key":"shellAppTitle"}]}
RESULT: {"script":"<script> [1562 bytes]","args":[{"selector":{"id":"shellAppTitle"},"wdio_ui5_key":"shellAppTitle"}]}
RESULT: undefined
COMMAND: POST /session/5c0f611fe9e992bf6baa21fdd84b9363/execute/async - {"script":"<script> [6424 bytes]","args":[{"element-6066-11e4-a52e-4f735466cecf":"f.29A4D9279EB6458BA2B177A8085AE4F2.d.6A7E876EC2B2327D1077E83620D388B8.e.2720"},"getTitle",[]]}
RESULT: {"script":"<script> [6424 bytes]","args":[{"element-6066-11e4-a52e-4f735466cecf":"f.29A4D9279EB6458BA2B177A8085AE4F2.d.6A7E876EC2B2327D1077E83620D388B8.e.2720"},"getTitle",[]]}
COMMAND: POST /session/5c0f611fe9e992bf6baa21fdd84b9363/element - {"using":"xpath","value":"//span[contains(@id ,\"application-manageresources-display-component---detailRU--snappedTitle-inner\")][contains(text(), \"WdIORUEquip17pig7\")]"}
RESULT: {"using":"xpath","value":"//span[contains(@id ,\"application-manageresources-display-component---detailRU--snappedTitle-inner\")][contains(text(), \"WdIORUEquip17pig7\")]"}
COMMAND: POST /session/5c0f611fe9e992bf6baa21fdd84b9363/execute/sync - {"script":"<script> [8489 bytes]","args":[{"element-6066-11e4-a52e-4f735466cecf":"f.29A4D9279EB6458BA2B177A8085AE4F2.d.6A7E876EC2B2327D1077E83620D388B8.e.2721","ELEMENT":"f.29A4D9279EB6458BA2B177A8085AE4F2.d.6A7E876EC2B2327D1077E83620D388B8.e.2721"}]}
COMMAND: POST /session/5c0f611fe9e992bf6baa21fdd84b9363/execute/async - {"script":"<script> [1562 bytes]","args":[{"selector":{"id":"backBtn"},"wdio_ui5_key":"backBtn"}]}
RESULT: {"script":"<script> [8489 bytes]","args":[{"element-6066-11e4-a52e-4f735466cecf":"f.29A4D9279EB6458BA2B177A8085AE4F2.d.6A7E876EC2B2327D1077E83620D388B8.e.2721","ELEMENT":"f.29A4D9279EB6458BA2B177A8085AE4F2.d.6A7E876EC2B2327D1077E83620D388B8.e.2721"}]}
COMMAND: GET /session/5c0f611fe9e992bf6baa21fdd84b9363/screenshot - {}
RESULT: {"script":"<script> [1562 bytes]","args":[{"selector":{"id":"backBtn"},"wdio_ui5_key":"backBtn"}]}
RESULT: undefined
COMMAND: POST /session/5c0f611fe9e992bf6baa21fdd84b9363/element - {"using":"xpath","value":"//*[@id=\"backBtn\"]"}
RESULT: {}
RESULT: {"using":"xpath","value":"//*[@id=\"backBtn\"]"}
COMMAND: POST /session/5c0f611fe9e992bf6baa21fdd84b9363/element/f.29A4D9279EB6458BA2B177A8085AE4F2.d.6A7E876EC2B2327D1077E83620D388B8.e.2722/click - {}
RESULT: {}
COMMAND: GET /session/5c0f611fe9e992bf6baa21fdd84b9363/screenshot - {}
RESULT: {}
COMMAND: POST /session/5c0f611fe9e992bf6baa21fdd84b9363/execute/sync - {"script":"<script> [8489 bytes]","args":[{"element-6066-11e4-a52e-4f735466cecf":"f.29A4D9279EB6458BA2B177A8085AE4F2.d.6A7E876EC2B2327D1077E83620D388B8.e.2456","ELEMENT":"f.29A4D9279EB6458BA2B177A8085AE4F2.d.6A7E876EC2B2327D1077E83620D388B8.e.2456"}]}
COMMAND: POST /session/5c0f611fe9e992bf6baa21fdd84b9363/element - {"using":"xpath","value":"//bdi[contains(@id ,\"application-manageresources-display-component---detailRU--openRelatedRus-BDI-content\")]"}
RESULT: {"using":"xpath","value":"//bdi[contains(@id ,\"application-manageresources-display-component---detailRU--openRelatedRus-BDI-content\")]"}
COMMAND: POST /session/5c0f611fe9e992bf6baa21fdd84b9363/execute/sync - {"script":"<script> [8489 bytes]","args":[{"element-6066-11e4-a52e-4f735466cecf":"f.29A4D9279EB6458BA2B177A8085AE4F2.d.6A7E876EC2B2327D1077E83620D388B8.e.2957","ELEMENT":"f.29A4D9279EB6458BA2B177A8085AE4F2.d.6A7E876EC2B2327D1077E83620D388B8.e.2957"}]}
RESULT: {"script":"<script> [8489 bytes]","args":[{"element-6066-11e4-a52e-4f735466cecf":"f.29A4D9279EB6458BA2B177A8085AE4F2.d.6A7E876EC2B2327D1077E83620D388B8.e.2957","ELEMENT":"f.29A4D9279EB6458BA2B177A8085AE4F2.d.6A7E876EC2B2327D1077E83620D388B8.e.2957"}]}
COMMAND: POST /session/5c0f611fe9e992bf6baa21fdd84b9363/execute/sync - {"script":"<script> [5351 bytes]","args":[{"element-6066-11e4-a52e-4f735466cecf":"f.29A4D9279EB6458BA2B177A8085AE4F2.d.6A7E876EC2B2327D1077E83620D388B8.e.2957","ELEMENT":"f.29A4D9279EB6458BA2B177A8085AE4F2.d.6A7E876EC2B2327D1077E83620D388B8.e.2957"}]}
COMMAND: GET /session/5c0f611fe9e992bf6baa21fdd84b9363/screenshot - {}
RESULT: {"script":"<script> [5351 bytes]","args":[{"element-6066-11e4-a52e-4f735466cecf":"f.29A4D9279EB6458BA2B177A8085AE4F2.d.6A7E876EC2B2327D1077E83620D388B8.e.2957","ELEMENT":"f.29A4D9279EB6458BA2B177A8085AE4F2.d.6A7E876EC2B2327D1077E83620D388B8.e.2957"}]}
COMMAND: POST /session/5c0f611fe9e992bf6baa21fdd84b9363/element/f.29A4D9279EB6458BA2B177A8085AE4F2.d.6A7E876EC2B2327D1077E83620D388B8.e.2957/click - {}
COMMAND: GET /session/5c0f611fe9e992bf6baa21fdd84b9363/screenshot - {}
RESULT: {}
RESULT: {}
COMMAND: GET /session/5c0f611fe9e992bf6baa21fdd84b9363/screenshot - {}
RESULT: {}
RESULT: {}
COMMAND: POST /session/5c0f611fe9e992bf6baa21fdd84b9363/execute/sync - {"script":"<script> [8489 bytes]","args":[{"element-6066-11e4-a52e-4f735466cecf":"f.29A4D9279EB6458BA2B177A8085AE4F2.d.6A7E876EC2B2327D1077E83620D388B8.e.2462","ELEMENT":"f.29A4D9279EB6458BA2B177A8085AE4F2.d.6A7E876EC2B2327D1077E83620D388B8.e.2462"}]}
COMMAND: POST /session/5c0f611fe9e992bf6baa21fdd84b9363/element - {"using":"xpath","value":"//*[contains(@data-kt ,\"openRUIdMenuLink\")]"}
RESULT: {"using":"xpath","value":"//*[contains(@data-kt ,\"openRUIdMenuLink\")]"}
COMMAND: POST /session/5c0f611fe9e992bf6baa21fdd84b9363/execute/sync - {"script":"<script> [8489 bytes]","args":[{"element-6066-11e4-a52e-4f735466cecf":"f.29A4D9279EB6458BA2B177A8085AE4F2.d.6A7E876EC2B2327D1077E83620D388B8.e.2962","ELEMENT":"f.29A4D9279EB6458BA2B177A8085AE4F2.d.6A7E876EC2B2327D1077E83620D388B8.e.2962"}]}
RESULT: {"script":"<script> [8489 bytes]","args":[{"element-6066-11e4-a52e-4f735466cecf":"f.29A4D9279EB6458BA2B177A8085AE4F2.d.6A7E876EC2B2327D1077E83620D388B8.e.2962","ELEMENT":"f.29A4D9279EB6458BA2B177A8085AE4F2.d.6A7E876EC2B2327D1077E83620D388B8.e.2962"}]}
COMMAND: POST /session/5c0f611fe9e992bf6baa21fdd84b9363/execute/sync - {"script":"<script> [5351 bytes]","args":[{"element-6066-11e4-a52e-4f735466cecf":"f.29A4D9279EB6458BA2B177A8085AE4F2.d.6A7E876EC2B2327D1077E83620D388B8.e.2962","ELEMENT":"f.29A4D9279EB6458BA2B177A8085AE4F2.d.6A7E876EC2B2327D1077E83620D388B8.e.2962"}]}
COMMAND: GET /session/5c0f611fe9e992bf6baa21fdd84b9363/screenshot - {}
RESULT: {"script":"<script> [5351 bytes]","args":[{"element-6066-11e4-a52e-4f735466cecf":"f.29A4D9279EB6458BA2B177A8085AE4F2.d.6A7E876EC2B2327D1077E83620D388B8.e.2962","ELEMENT":"f.29A4D9279EB6458BA2B177A8085AE4F2.d.6A7E876EC2B2327D1077E83620D388B8.e.2962"}]}
COMMAND: POST /session/5c0f611fe9e992bf6baa21fdd84b9363/element/f.29A4D9279EB6458BA2B177A8085AE4F2.d.6A7E876EC2B2327D1077E83620D388B8.e.2962/click - {}
COMMAND: GET /session/5c0f611fe9e992bf6baa21fdd84b9363/screenshot - {}
RESULT: {}
RESULT: {}
COMMAND: GET /session/5c0f611fe9e992bf6baa21fdd84b9363/screenshot - {}
RESULT: {}
RESULT: {}
COMMAND: POST /session/5c0f611fe9e992bf6baa21fdd84b9363/element - {"using":"xpath","value":"//button[contains(@data-kt ,\"ContextMenuExternalId2Link\")]"}
RESULT: {"using":"xpath","value":"//button[contains(@data-kt ,\"ContextMenuExternalId2Link\")]"}
COMMAND: POST /session/5c0f611fe9e992bf6baa21fdd84b9363/element/f.29A4D9279EB6458BA2B177A8085AE4F2.d.6A7E876EC2B2327D1077E83620D388B8.e.2963/click - {}
RESULT: {}
COMMAND: GET /session/5c0f611fe9e992bf6baa21fdd84b9363/screenshot - {}
RESULT: {}
COMMAND: GET /session/5c0f611fe9e992bf6baa21fdd84b9363/window/handles - {}
RESULT: {}
COMMAND: POST /session/5c0f611fe9e992bf6baa21fdd84b9363/window - {"handle":"1A1DCDBFCE654E93AA51E5BC4A50C850"}
RESULT: {"handle":"1A1DCDBFCE654E93AA51E5BC4A50C850"}
COMMAND: GET /session/5c0f611fe9e992bf6baa21fdd84b9363/url - {}
RESULT: {}
COMMAND: GET /session/5c0f611fe9e992bf6baa21fdd84b9363/screenshot - {}
RESULT: {}
COMMAND: POST /session/5c0f611fe9e992bf6baa21fdd84b9363/execute/sync - {"script":"<script> [8489 bytes]","args":[{"element-6066-11e4-a52e-4f735466cecf":"f.29A4D9279EB6458BA2B177A8085AE4F2.d.6A7E876EC2B2327D1077E83620D388B8.e.2721","ELEMENT":"f.29A4D9279EB6458BA2B177A8085AE4F2.d.6A7E876EC2B2327D1077E83620D388B8.e.2721"}]}
COMMAND: DELETE /session/5c0f611fe9e992bf6baa21fdd84b9363/window - {}
RESULT: {}
COMMAND: POST /session/5c0f611fe9e992bf6baa21fdd84b9363/window - {"handle":"29A4D9279EB6458BA2B177A8085AE4F2"}
RESULT: {"handle":"29A4D9279EB6458BA2B177A8085AE4F2"}
COMMAND: GET /session/5c0f611fe9e992bf6baa21fdd84b9363/url - {}
COMMAND: POST /session/5c0f611fe9e992bf6baa21fdd84b9363/element - {"using":"xpath","value":"//span[contains(@id ,\"application-manageresources-display-component---detailRU--snappedTitle-inner\")][contains(text(), \"WdIORUEquip17pig7\")]"}
RESULT: {}
COMMAND: GET /session/5c0f611fe9e992bf6baa21fdd84b9363/screenshot - {}
RESULT: {"using":"xpath","value":"//span[contains(@id ,\"application-manageresources-display-component---detailRU--snappedTitle-inner\")][contains(text(), \"WdIORUEquip17pig7\")]"}
COMMAND: POST /session/5c0f611fe9e992bf6baa21fdd84b9363/element - {"using":"xpath","value":"//span[contains(@id ,\"application-manageresources-display-component---detailRU--snappedTitle-inner\")][contains(text(), \"WdIORUEquip17pig7\")]"}
RESULT: {}
RESULT: {"using":"xpath","value":"//span[contains(@id ,\"application-manageresources-display-component---detailRU--snappedTitle-inner\")][contains(text(), \"WdIORUEquip17pig7\")]"}
COMMAND: POST /session/5c0f611fe9e992bf6baa21fdd84b9363/element - {"using":"xpath","value":"//span[contains(@id ,\"application-manageresources-display-component---detailRU--snappedTitle-inner\")][contains(text(), \"WdIORUEquip17pig7\")]"}
RESULT: {"using":"xpath","value":"//span[contains(@id ,\"application-manageresources-display-component---detailRU--snappedTitle-inner\")][contains(text(), \"WdIORUEquip17pig7\")]"}
COMMAND: POST /session/5c0f611fe9e992bf6baa21fdd84b9363/element - {"using":"xpath","value":"//span[contains(@id ,\"application-manageresources-display-component---detailRU--snappedTitle-inner\")][contains(text(), \"WdIORUEquip17pig7\")]"}
RESULT: {"using":"xpath","value":"//span[contains(@id ,\"application-manageresources-display-component---detailRU--snappedTitle-inner\")][contains(text(), \"WdIORUEquip17pig7\")]"}
COMMAND: POST /session/5c0f611fe9e992bf6baa21fdd84b9363/element - {"using":"xpath","value":"//span[contains(@id ,\"application-manageresources-display-component---detailRU--snappedTitle-inner\")][contains(text(), \"WdIORUEquip17pig7\")]"}
RESULT: {"using":"xpath","value":"//span[contains(@id ,\"application-manageresources-display-component---detailRU--snappedTitle-inner\")][contains(text(), \"WdIORUEquip17pig7\")]"}
COMMAND: POST /session/5c0f611fe9e992bf6baa21fdd84b9363/element - {"using":"xpath","value":"//span[contains(@id ,\"application-manageresources-display-component---detailRU--snappedTitle-inner\")][contains(text(), \"WdIORUEquip17pig7\")]"}
RESULT: {"using":"xpath","value":"//span[contains(@id ,\"application-manageresources-display-component---detailRU--snappedTitle-inner\")][contains(text(), \"WdIORUEquip17pig7\")]"}
COMMAND: POST /session/5c0f611fe9e992bf6baa21fdd84b9363/element - {"using":"xpath","value":"//span[contains(@id ,\"application-manageresources-display-component---detailRU--snappedTitle-inner\")][contains(text(), \"WdIORUEquip17pig7\")]"}
RESULT: {"using":"xpath","value":"//span[contains(@id ,\"application-manageresources-display-component---detailRU--snappedTitle-inner\")][contains(text(), \"WdIORUEquip17pig7\")]"}
COMMAND: POST /session/5c0f611fe9e992bf6baa21fdd84b9363/element - {"using":"xpath","value":"//span[contains(@id ,\"application-manageresources-display-component---detailRU--snappedTitle-inner\")][contains(text(), \"WdIORUEquip17pig7\")]"}
RESULT: {"using":"xpath","value":"//span[contains(@id ,\"application-manageresources-display-component---detailRU--snappedTitle-inner\")][contains(text(), \"WdIORUEquip17pig7\")]"}
]]></system-out>
    </testcase>
    <testcase classname="chrome.136_0_7103_93.windows.Related_resources_for_groups_US139107" name="Should verify the current location hyperlinks in related resources" time="159.054">
      <system-out><![CDATA[
COMMAND: POST /session/5c0f611fe9e992bf6baa21fdd84b9363/element - {"using":"xpath","value":"//*[contains(@data-kt ,\"openLocationActionMenuLink\")]"}
RESULT: {"using":"xpath","value":"//*[contains(@data-kt ,\"openLocationActionMenuLink\")]"}
COMMAND: POST /session/5c0f611fe9e992bf6baa21fdd84b9363/execute/sync - {"script":"<script> [8489 bytes]","args":[{"element-6066-11e4-a52e-4f735466cecf":"f.29A4D9279EB6458BA2B177A8085AE4F2.d.6A7E876EC2B2327D1077E83620D388B8.e.3185","ELEMENT":"f.29A4D9279EB6458BA2B177A8085AE4F2.d.6A7E876EC2B2327D1077E83620D388B8.e.3185"}]}
RESULT: {"script":"<script> [8489 bytes]","args":[{"element-6066-11e4-a52e-4f735466cecf":"f.29A4D9279EB6458BA2B177A8085AE4F2.d.6A7E876EC2B2327D1077E83620D388B8.e.3185","ELEMENT":"f.29A4D9279EB6458BA2B177A8085AE4F2.d.6A7E876EC2B2327D1077E83620D388B8.e.3185"}]}
COMMAND: POST /session/5c0f611fe9e992bf6baa21fdd84b9363/execute/sync - {"script":"<script> [5351 bytes]","args":[{"element-6066-11e4-a52e-4f735466cecf":"f.29A4D9279EB6458BA2B177A8085AE4F2.d.6A7E876EC2B2327D1077E83620D388B8.e.3185","ELEMENT":"f.29A4D9279EB6458BA2B177A8085AE4F2.d.6A7E876EC2B2327D1077E83620D388B8.e.3185"}]}
COMMAND: GET /session/5c0f611fe9e992bf6baa21fdd84b9363/screenshot - {}
RESULT: {"script":"<script> [5351 bytes]","args":[{"element-6066-11e4-a52e-4f735466cecf":"f.29A4D9279EB6458BA2B177A8085AE4F2.d.6A7E876EC2B2327D1077E83620D388B8.e.3185","ELEMENT":"f.29A4D9279EB6458BA2B177A8085AE4F2.d.6A7E876EC2B2327D1077E83620D388B8.e.3185"}]}
COMMAND: POST /session/5c0f611fe9e992bf6baa21fdd84b9363/element/f.29A4D9279EB6458BA2B177A8085AE4F2.d.6A7E876EC2B2327D1077E83620D388B8.e.3185/click - {}
COMMAND: GET /session/5c0f611fe9e992bf6baa21fdd84b9363/screenshot - {}
RESULT: {}
COMMAND: POST /session/5c0f611fe9e992bf6baa21fdd84b9363/element - {"using":"xpath","value":"//span[contains(@id ,\"application-manageresources-display-component---detailRU--snappedTitle-inner\")][contains(text(), \"WdIORUEquip17pig7\")]"}
RESULT: {}
COMMAND: GET /session/5c0f611fe9e992bf6baa21fdd84b9363/screenshot - {}
RESULT: {}
RESULT: {"using":"xpath","value":"//span[contains(@id ,\"application-manageresources-display-component---detailRU--snappedTitle-inner\")][contains(text(), \"WdIORUEquip17pig7\")]"}
RESULT: {}
COMMAND: POST /session/5c0f611fe9e992bf6baa21fdd84b9363/element - {"using":"xpath","value":"//span[contains(@id ,\"application-manageresources-display-component---detailRU--snappedTitle-inner\")][contains(text(), \"WdIORUEquip17pig7\")]"}
RESULT: {"using":"xpath","value":"//span[contains(@id ,\"application-manageresources-display-component---detailRU--snappedTitle-inner\")][contains(text(), \"WdIORUEquip17pig7\")]"}
COMMAND: POST /session/5c0f611fe9e992bf6baa21fdd84b9363/element - {"using":"xpath","value":"//span[contains(@id ,\"application-manageresources-display-component---detailRU--snappedTitle-inner\")][contains(text(), \"WdIORUEquip17pig7\")]"}
RESULT: {"using":"xpath","value":"//span[contains(@id ,\"application-manageresources-display-component---detailRU--snappedTitle-inner\")][contains(text(), \"WdIORUEquip17pig7\")]"}
COMMAND: POST /session/5c0f611fe9e992bf6baa21fdd84b9363/element - {"using":"xpath","value":"//span[contains(@id ,\"application-manageresources-display-component---detailRU--snappedTitle-inner\")][contains(text(), \"WdIORUEquip17pig7\")]"}
RESULT: {"using":"xpath","value":"//span[contains(@id ,\"application-manageresources-display-component---detailRU--snappedTitle-inner\")][contains(text(), \"WdIORUEquip17pig7\")]"}
COMMAND: POST /session/5c0f611fe9e992bf6baa21fdd84b9363/element - {"using":"xpath","value":"//a[contains(@class ,\"sapMLnk sapMLnkMaxWidth sapUiTinyMarginTop\")][contains(text(), \"Yard Overview\")]"}
RESULT: {"using":"xpath","value":"//a[contains(@class ,\"sapMLnk sapMLnkMaxWidth sapUiTinyMarginTop\")][contains(text(), \"Yard Overview\")]"}
COMMAND: POST /session/5c0f611fe9e992bf6baa21fdd84b9363/execute/sync - {"script":"<script> [8489 bytes]","args":[{"element-6066-11e4-a52e-4f735466cecf":"f.29A4D9279EB6458BA2B177A8085AE4F2.d.6A7E876EC2B2327D1077E83620D388B8.e.3187","ELEMENT":"f.29A4D9279EB6458BA2B177A8085AE4F2.d.6A7E876EC2B2327D1077E83620D388B8.e.3187"}]}
COMMAND: POST /session/5c0f611fe9e992bf6baa21fdd84b9363/element - {"using":"xpath","value":"//a[contains(@class ,\"sapMLnk sapMLnkMaxWidth sapUiTinyMarginTop\")][contains(text(), \"Yard Address\")]"}
RESULT: {"script":"<script> [8489 bytes]","args":[{"element-6066-11e4-a52e-4f735466cecf":"f.29A4D9279EB6458BA2B177A8085AE4F2.d.6A7E876EC2B2327D1077E83620D388B8.e.3187","ELEMENT":"f.29A4D9279EB6458BA2B177A8085AE4F2.d.6A7E876EC2B2327D1077E83620D388B8.e.3187"}]}
COMMAND: GET /session/5c0f611fe9e992bf6baa21fdd84b9363/screenshot - {}
RESULT: {"using":"xpath","value":"//a[contains(@class ,\"sapMLnk sapMLnkMaxWidth sapUiTinyMarginTop\")][contains(text(), \"Yard Address\")]"}
COMMAND: POST /session/5c0f611fe9e992bf6baa21fdd84b9363/execute/sync - {"script":"<script> [8489 bytes]","args":[{"element-6066-11e4-a52e-4f735466cecf":"f.29A4D9279EB6458BA2B177A8085AE4F2.d.6A7E876EC2B2327D1077E83620D388B8.e.3188","ELEMENT":"f.29A4D9279EB6458BA2B177A8085AE4F2.d.6A7E876EC2B2327D1077E83620D388B8.e.3188"}]}
COMMAND: POST /session/5c0f611fe9e992bf6baa21fdd84b9363/element/f.29A4D9279EB6458BA2B177A8085AE4F2.d.6A7E876EC2B2327D1077E83620D388B8.e.3187/click - {}
RESULT: {}
RESULT: {"script":"<script> [8489 bytes]","args":[{"element-6066-11e4-a52e-4f735466cecf":"f.29A4D9279EB6458BA2B177A8085AE4F2.d.6A7E876EC2B2327D1077E83620D388B8.e.3188","ELEMENT":"f.29A4D9279EB6458BA2B177A8085AE4F2.d.6A7E876EC2B2327D1077E83620D388B8.e.3188"}]}
COMMAND: GET /session/5c0f611fe9e992bf6baa21fdd84b9363/screenshot - {}
COMMAND: POST /session/5c0f611fe9e992bf6baa21fdd84b9363/element - {"using":"xpath","value":"//span[contains(@id ,\"application-manageresources-display-component---detailRU--snappedTitle-inner\")][contains(text(), \"WdIORUEquip17pig7\")]"}
RESULT: {}
COMMAND: GET /session/5c0f611fe9e992bf6baa21fdd84b9363/screenshot - {}
RESULT: {}
RESULT: {"using":"xpath","value":"//span[contains(@id ,\"application-manageresources-display-component---detailRU--snappedTitle-inner\")][contains(text(), \"WdIORUEquip17pig7\")]"}
RESULT: {}
COMMAND: POST /session/5c0f611fe9e992bf6baa21fdd84b9363/element - {"using":"xpath","value":"//span[contains(@id ,\"application-manageresources-display-component---detailRU--snappedTitle-inner\")][contains(text(), \"WdIORUEquip17pig7\")]"}
RESULT: {"using":"xpath","value":"//span[contains(@id ,\"application-manageresources-display-component---detailRU--snappedTitle-inner\")][contains(text(), \"WdIORUEquip17pig7\")]"}
COMMAND: POST /session/5c0f611fe9e992bf6baa21fdd84b9363/element - {"using":"xpath","value":"//span[contains(@id ,\"application-manageresources-display-component---detailRU--snappedTitle-inner\")][contains(text(), \"WdIORUEquip17pig7\")]"}
RESULT: {"using":"xpath","value":"//span[contains(@id ,\"application-manageresources-display-component---detailRU--snappedTitle-inner\")][contains(text(), \"WdIORUEquip17pig7\")]"}
COMMAND: POST /session/5c0f611fe9e992bf6baa21fdd84b9363/element - {"using":"xpath","value":"//span[contains(@id ,\"application-manageresources-display-component---detailRU--snappedTitle-inner\")][contains(text(), \"WdIORUEquip17pig7\")]"}
RESULT: {"using":"xpath","value":"//span[contains(@id ,\"application-manageresources-display-component---detailRU--snappedTitle-inner\")][contains(text(), \"WdIORUEquip17pig7\")]"}
COMMAND: POST /session/5c0f611fe9e992bf6baa21fdd84b9363/element - {"using":"xpath","value":"//span[contains(@id ,\"application-manageresources-display-component---detailRU--snappedTitle-inner\")][contains(text(), \"WdIORUEquip17pig7\")]"}
RESULT: {"using":"xpath","value":"//span[contains(@id ,\"application-manageresources-display-component---detailRU--snappedTitle-inner\")][contains(text(), \"WdIORUEquip17pig7\")]"}
COMMAND: POST /session/5c0f611fe9e992bf6baa21fdd84b9363/element - {"using":"xpath","value":"//span[contains(@id ,\"application-manageresources-display-component---detailRU--snappedTitle-inner\")][contains(text(), \"WdIORUEquip17pig7\")]"}
RESULT: {"using":"xpath","value":"//span[contains(@id ,\"application-manageresources-display-component---detailRU--snappedTitle-inner\")][contains(text(), \"WdIORUEquip17pig7\")]"}
COMMAND: POST /session/5c0f611fe9e992bf6baa21fdd84b9363/element - {"using":"xpath","value":"//span[contains(@id ,\"application-manageresources-display-component---detailRU--snappedTitle-inner\")][contains(text(), \"WdIORUEquip17pig7\")]"}
RESULT: {"using":"xpath","value":"//span[contains(@id ,\"application-manageresources-display-component---detailRU--snappedTitle-inner\")][contains(text(), \"WdIORUEquip17pig7\")]"}
COMMAND: POST /session/5c0f611fe9e992bf6baa21fdd84b9363/element - {"using":"xpath","value":"//span[contains(@id ,\"application-manageresources-display-component---detailRU--snappedTitle-inner\")][contains(text(), \"WdIORUEquip17pig7\")]"}
RESULT: {"using":"xpath","value":"//span[contains(@id ,\"application-manageresources-display-component---detailRU--snappedTitle-inner\")][contains(text(), \"WdIORUEquip17pig7\")]"}
COMMAND: POST /session/5c0f611fe9e992bf6baa21fdd84b9363/element - {"using":"xpath","value":"//span[contains(@id ,\"application-manageresources-display-component---detailRU--snappedTitle-inner\")][contains(text(), \"WdIORUEquip17pig7\")]"}
RESULT: {"using":"xpath","value":"//span[contains(@id ,\"application-manageresources-display-component---detailRU--snappedTitle-inner\")][contains(text(), \"WdIORUEquip17pig7\")]"}
COMMAND: POST /session/5c0f611fe9e992bf6baa21fdd84b9363/element - {"using":"xpath","value":"//span[contains(@id ,\"application-manageresources-display-component---detailRU--snappedTitle-inner\")][contains(text(), \"WdIORUEquip17pig7\")]"}
RESULT: {"using":"xpath","value":"//span[contains(@id ,\"application-manageresources-display-component---detailRU--snappedTitle-inner\")][contains(text(), \"WdIORUEquip17pig7\")]"}
COMMAND: POST /session/5c0f611fe9e992bf6baa21fdd84b9363/element - {"using":"xpath","value":"//span[contains(@id ,\"application-manageresources-display-component---detailRU--snappedTitle-inner\")][contains(text(), \"WdIORUEquip17pig7\")]"}
RESULT: {"using":"xpath","value":"//span[contains(@id ,\"application-manageresources-display-component---detailRU--snappedTitle-inner\")][contains(text(), \"WdIORUEquip17pig7\")]"}
COMMAND: POST /session/5c0f611fe9e992bf6baa21fdd84b9363/element - {"using":"xpath","value":"//span[contains(@id ,\"application-manageresources-display-component---detailRU--snappedTitle-inner\")][contains(text(), \"WdIORUEquip17pig7\")]"}
RESULT: {"using":"xpath","value":"//span[contains(@id ,\"application-manageresources-display-component---detailRU--snappedTitle-inner\")][contains(text(), \"WdIORUEquip17pig7\")]"}
COMMAND: POST /session/5c0f611fe9e992bf6baa21fdd84b9363/element - {"using":"xpath","value":"//span[contains(@id ,\"application-manageresources-display-component---detailRU--snappedTitle-inner\")][contains(text(), \"WdIORUEquip17pig7\")]"}
RESULT: {"using":"xpath","value":"//span[contains(@id ,\"application-manageresources-display-component---detailRU--snappedTitle-inner\")][contains(text(), \"WdIORUEquip17pig7\")]"}
COMMAND: POST /session/5c0f611fe9e992bf6baa21fdd84b9363/element - {"using":"xpath","value":"//span[contains(@id ,\"application-manageresources-display-component---detailRU--snappedTitle-inner\")][contains(text(), \"WdIORUEquip17pig7\")]"}
RESULT: {"using":"xpath","value":"//span[contains(@id ,\"application-manageresources-display-component---detailRU--snappedTitle-inner\")][contains(text(), \"WdIORUEquip17pig7\")]"}
COMMAND: POST /session/5c0f611fe9e992bf6baa21fdd84b9363/element - {"using":"xpath","value":"//span[contains(@id ,\"application-manageresources-display-component---detailRU--snappedTitle-inner\")][contains(text(), \"WdIORUEquip17pig7\")]"}
RESULT: {"using":"xpath","value":"//span[contains(@id ,\"application-manageresources-display-component---detailRU--snappedTitle-inner\")][contains(text(), \"WdIORUEquip17pig7\")]"}
COMMAND: POST /session/5c0f611fe9e992bf6baa21fdd84b9363/element - {"using":"xpath","value":"//span[contains(@id ,\"application-manageresources-display-component---detailRU--snappedTitle-inner\")][contains(text(), \"WdIORUEquip17pig7\")]"}
RESULT: {"using":"xpath","value":"//span[contains(@id ,\"application-manageresources-display-component---detailRU--snappedTitle-inner\")][contains(text(), \"WdIORUEquip17pig7\")]"}
COMMAND: POST /session/5c0f611fe9e992bf6baa21fdd84b9363/element - {"using":"xpath","value":"//span[contains(@id ,\"application-manageresources-display-component---detailRU--snappedTitle-inner\")][contains(text(), \"WdIORUEquip17pig7\")]"}
RESULT: {"using":"xpath","value":"//span[contains(@id ,\"application-manageresources-display-component---detailRU--snappedTitle-inner\")][contains(text(), \"WdIORUEquip17pig7\")]"}
COMMAND: POST /session/5c0f611fe9e992bf6baa21fdd84b9363/element - {"using":"xpath","value":"//span[contains(@id ,\"application-manageresources-display-component---detailRU--snappedTitle-inner\")][contains(text(), \"WdIORUEquip17pig7\")]"}
RESULT: {"using":"xpath","value":"//span[contains(@id ,\"application-manageresources-display-component---detailRU--snappedTitle-inner\")][contains(text(), \"WdIORUEquip17pig7\")]"}
COMMAND: POST /session/5c0f611fe9e992bf6baa21fdd84b9363/element - {"using":"xpath","value":"//span[contains(@id ,\"application-manageresources-display-component---detailRU--snappedTitle-inner\")][contains(text(), \"WdIORUEquip17pig7\")]"}
RESULT: {"using":"xpath","value":"//span[contains(@id ,\"application-manageresources-display-component---detailRU--snappedTitle-inner\")][contains(text(), \"WdIORUEquip17pig7\")]"}
COMMAND: POST /session/5c0f611fe9e992bf6baa21fdd84b9363/element - {"using":"xpath","value":"//span[contains(@id ,\"application-manageresources-display-component---detailRU--snappedTitle-inner\")][contains(text(), \"WdIORUEquip17pig7\")]"}
RESULT: {"using":"xpath","value":"//span[contains(@id ,\"application-manageresources-display-component---detailRU--snappedTitle-inner\")][contains(text(), \"WdIORUEquip17pig7\")]"}
COMMAND: POST /session/5c0f611fe9e992bf6baa21fdd84b9363/element - {"using":"xpath","value":"//span[contains(@id ,\"application-manageresources-display-component---detailRU--snappedTitle-inner\")][contains(text(), \"WdIORUEquip17pig7\")]"}
RESULT: {"using":"xpath","value":"//span[contains(@id ,\"application-manageresources-display-component---detailRU--snappedTitle-inner\")][contains(text(), \"WdIORUEquip17pig7\")]"}
RESULT: undefined
COMMAND: POST /session/5c0f611fe9e992bf6baa21fdd84b9363/execute/async - {"script":"<script> [6424 bytes]","args":[{"element-6066-11e4-a52e-4f735466cecf":"f.29A4D9279EB6458BA2B177A8085AE4F2.d.6A7E876EC2B2327D1077E83620D388B8.e.2720"},"getTitle",[]]}
COMMAND: POST /session/5c0f611fe9e992bf6baa21fdd84b9363/execute/async - {"script":"<script> [1562 bytes]","args":[{"selector":{"id":"shellAppTitle"},"wdio_ui5_key":"shellAppTitle"}]}
COMMAND: POST /session/5c0f611fe9e992bf6baa21fdd84b9363/element - {"using":"xpath","value":"//span[contains(@id ,\"application-manageresources-display-component---detailRU--snappedTitle-inner\")][contains(text(), \"WdIORUEquip17pig7\")]"}
RESULT: {"script":"<script> [1562 bytes]","args":[{"selector":{"id":"shellAppTitle"},"wdio_ui5_key":"shellAppTitle"}]}
COMMAND: POST /session/5c0f611fe9e992bf6baa21fdd84b9363/execute/async - {"script":"<script> [6424 bytes]","args":[{"element-6066-11e4-a52e-4f735466cecf":"f.29A4D9279EB6458BA2B177A8085AE4F2.d.6A7E876EC2B2327D1077E83620D388B8.e.3307"},"getTitle",[]]}
RESULT: {"using":"xpath","value":"//span[contains(@id ,\"application-manageresources-display-component---detailRU--snappedTitle-inner\")][contains(text(), \"WdIORUEquip17pig7\")]"}
RESULT: {"script":"<script> [6424 bytes]","args":[{"element-6066-11e4-a52e-4f735466cecf":"f.29A4D9279EB6458BA2B177A8085AE4F2.d.6A7E876EC2B2327D1077E83620D388B8.e.3307"},"getTitle",[]]}
COMMAND: POST /session/5c0f611fe9e992bf6baa21fdd84b9363/element - {"using":"xpath","value":"(//span[contains(text(), \"WebdriverYardglhm9k\")])[2]"}
RESULT: {"using":"xpath","value":"(//span[contains(text(), \"WebdriverYardglhm9k\")])[2]"}
COMMAND: POST /session/5c0f611fe9e992bf6baa21fdd84b9363/execute/sync - {"script":"<script> [8489 bytes]","args":[{"element-6066-11e4-a52e-4f735466cecf":"f.29A4D9279EB6458BA2B177A8085AE4F2.d.6A7E876EC2B2327D1077E83620D388B8.e.3308","ELEMENT":"f.29A4D9279EB6458BA2B177A8085AE4F2.d.6A7E876EC2B2327D1077E83620D388B8.e.3308"}]}
RESULT: undefined
COMMAND: POST /session/5c0f611fe9e992bf6baa21fdd84b9363/element - {"using":"xpath","value":"//*[@id=\"backBtn\"]"}
RESULT: {"using":"xpath","value":"//*[@id=\"backBtn\"]"}
COMMAND: POST /session/5c0f611fe9e992bf6baa21fdd84b9363/element/f.29A4D9279EB6458BA2B177A8085AE4F2.d.6A7E876EC2B2327D1077E83620D388B8.e.2722/click - {}
RESULT: {"script":"<script> [8489 bytes]","args":[{"element-6066-11e4-a52e-4f735466cecf":"f.29A4D9279EB6458BA2B177A8085AE4F2.d.6A7E876EC2B2327D1077E83620D388B8.e.3308","ELEMENT":"f.29A4D9279EB6458BA2B177A8085AE4F2.d.6A7E876EC2B2327D1077E83620D388B8.e.3308"}]}
COMMAND: GET /session/5c0f611fe9e992bf6baa21fdd84b9363/screenshot - {}
COMMAND: POST /session/5c0f611fe9e992bf6baa21fdd84b9363/element - {"using":"xpath","value":"//span[contains(@id ,\"application-manageresources-display-component---detailRU--snappedTitle-inner\")][contains(text(), \"WdIORUEquip17pig7\")]"}
RESULT: {}
COMMAND: GET /session/5c0f611fe9e992bf6baa21fdd84b9363/screenshot - {}
COMMAND: POST /session/5c0f611fe9e992bf6baa21fdd84b9363/execute/sync - {"script":"<script> [8489 bytes]","args":[{"element-6066-11e4-a52e-4f735466cecf":"f.29A4D9279EB6458BA2B177A8085AE4F2.d.6A7E876EC2B2327D1077E83620D388B8.e.3308","ELEMENT":"f.29A4D9279EB6458BA2B177A8085AE4F2.d.6A7E876EC2B2327D1077E83620D388B8.e.3308"}]}
RESULT: {}
RESULT: {"using":"xpath","value":"//span[contains(@id ,\"application-manageresources-display-component---detailRU--snappedTitle-inner\")][contains(text(), \"WdIORUEquip17pig7\")]"}
RESULT: {}
COMMAND: POST /session/5c0f611fe9e992bf6baa21fdd84b9363/element - {"using":"xpath","value":"(//span[contains(text(), \"WebdriverYardglhm9k\")])[2]"}
RESULT: {"using":"xpath","value":"(//span[contains(text(), \"WebdriverYardglhm9k\")])[2]"}
COMMAND: POST /session/5c0f611fe9e992bf6baa21fdd84b9363/element - {"using":"xpath","value":"(//span[contains(text(), \"WebdriverYardglhm9k\")])[2]"}
RESULT: {"using":"xpath","value":"(//span[contains(text(), \"WebdriverYardglhm9k\")])[2]"}
COMMAND: POST /session/5c0f611fe9e992bf6baa21fdd84b9363/element - {"using":"xpath","value":"//span[contains(@id ,\"application-manageresources-display-component---detailRU--snappedTitle-inner\")][contains(text(), \"WdIORUEquip17pig7\")]"}
COMMAND: POST /session/5c0f611fe9e992bf6baa21fdd84b9363/element - {"using":"xpath","value":"(//span[contains(text(), \"WebdriverYardglhm9k\")])[2]"}
RESULT: {"using":"xpath","value":"//span[contains(@id ,\"application-manageresources-display-component---detailRU--snappedTitle-inner\")][contains(text(), \"WdIORUEquip17pig7\")]"}
RESULT: {"using":"xpath","value":"(//span[contains(text(), \"WebdriverYardglhm9k\")])[2]"}
COMMAND: POST /session/5c0f611fe9e992bf6baa21fdd84b9363/element - {"using":"xpath","value":"//span[contains(@id ,\"application-manageresources-display-component---detailRU--snappedTitle-inner\")][contains(text(), \"WdIORUEquip17pig7\")]"}
COMMAND: POST /session/5c0f611fe9e992bf6baa21fdd84b9363/element - {"using":"xpath","value":"(//span[contains(text(), \"WebdriverYardglhm9k\")])[2]"}
RESULT: {"using":"xpath","value":"//span[contains(@id ,\"application-manageresources-display-component---detailRU--snappedTitle-inner\")][contains(text(), \"WdIORUEquip17pig7\")]"}
RESULT: {"using":"xpath","value":"(//span[contains(text(), \"WebdriverYardglhm9k\")])[2]"}
COMMAND: POST /session/5c0f611fe9e992bf6baa21fdd84b9363/element - {"using":"xpath","value":"//span[contains(@id ,\"application-manageresources-display-component---detailRU--snappedTitle-inner\")][contains(text(), \"WdIORUEquip17pig7\")]"}
COMMAND: POST /session/5c0f611fe9e992bf6baa21fdd84b9363/element - {"using":"xpath","value":"(//span[contains(text(), \"WebdriverYardglhm9k\")])[2]"}
RESULT: {"using":"xpath","value":"//span[contains(@id ,\"application-manageresources-display-component---detailRU--snappedTitle-inner\")][contains(text(), \"WdIORUEquip17pig7\")]"}
RESULT: {"using":"xpath","value":"(//span[contains(text(), \"WebdriverYardglhm9k\")])[2]"}
COMMAND: POST /session/5c0f611fe9e992bf6baa21fdd84b9363/element - {"using":"xpath","value":"//span[contains(@id ,\"application-manageresources-display-component---detailRU--snappedTitle-inner\")][contains(text(), \"WdIORUEquip17pig7\")]"}
COMMAND: POST /session/5c0f611fe9e992bf6baa21fdd84b9363/element - {"using":"xpath","value":"(//span[contains(text(), \"WebdriverYardglhm9k\")])[2]"}
RESULT: {"using":"xpath","value":"//span[contains(@id ,\"application-manageresources-display-component---detailRU--snappedTitle-inner\")][contains(text(), \"WdIORUEquip17pig7\")]"}
RESULT: {"using":"xpath","value":"(//span[contains(text(), \"WebdriverYardglhm9k\")])[2]"}
COMMAND: POST /session/5c0f611fe9e992bf6baa21fdd84b9363/element - {"using":"xpath","value":"//span[contains(@id ,\"application-manageresources-display-component---detailRU--snappedTitle-inner\")][contains(text(), \"WdIORUEquip17pig7\")]"}
COMMAND: POST /session/5c0f611fe9e992bf6baa21fdd84b9363/element - {"using":"xpath","value":"(//span[contains(text(), \"WebdriverYardglhm9k\")])[2]"}
RESULT: {"using":"xpath","value":"//span[contains(@id ,\"application-manageresources-display-component---detailRU--snappedTitle-inner\")][contains(text(), \"WdIORUEquip17pig7\")]"}
RESULT: {"using":"xpath","value":"(//span[contains(text(), \"WebdriverYardglhm9k\")])[2]"}
COMMAND: POST /session/5c0f611fe9e992bf6baa21fdd84b9363/execute/sync - {"script":"<script> [8489 bytes]","args":[{"element-6066-11e4-a52e-4f735466cecf":"f.29A4D9279EB6458BA2B177A8085AE4F2.d.6A7E876EC2B2327D1077E83620D388B8.e.3538","ELEMENT":"f.29A4D9279EB6458BA2B177A8085AE4F2.d.6A7E876EC2B2327D1077E83620D388B8.e.3538"}]}
RESULT: {"script":"<script> [8489 bytes]","args":[{"element-6066-11e4-a52e-4f735466cecf":"f.29A4D9279EB6458BA2B177A8085AE4F2.d.6A7E876EC2B2327D1077E83620D388B8.e.3538","ELEMENT":"f.29A4D9279EB6458BA2B177A8085AE4F2.d.6A7E876EC2B2327D1077E83620D388B8.e.3538"}]}
COMMAND: GET /session/5c0f611fe9e992bf6baa21fdd84b9363/screenshot - {}
RESULT: {}
COMMAND: POST /session/5c0f611fe9e992bf6baa21fdd84b9363/element - {"using":"xpath","value":"//span[contains(@id ,\"application-manageresources-display-component---detailRU--snappedTitle-inner\")][contains(text(), \"WdIORUEquip17pig7\")]"}
RESULT: {"using":"xpath","value":"//span[contains(@id ,\"application-manageresources-display-component---detailRU--snappedTitle-inner\")][contains(text(), \"WdIORUEquip17pig7\")]"}
COMMAND: POST /session/5c0f611fe9e992bf6baa21fdd84b9363/element - {"using":"xpath","value":"//span[contains(@id ,\"application-manageresources-display-component---detailRU--snappedTitle-inner\")][contains(text(), \"WdIORUEquip17pig7\")]"}
RESULT: {"using":"xpath","value":"//span[contains(@id ,\"application-manageresources-display-component---detailRU--snappedTitle-inner\")][contains(text(), \"WdIORUEquip17pig7\")]"}
COMMAND: POST /session/5c0f611fe9e992bf6baa21fdd84b9363/element - {"using":"xpath","value":"//span[contains(@id ,\"application-manageresources-display-component---detailRU--snappedTitle-inner\")][contains(text(), \"WdIORUEquip17pig7\")]"}
RESULT: {"using":"xpath","value":"//span[contains(@id ,\"application-manageresources-display-component---detailRU--snappedTitle-inner\")][contains(text(), \"WdIORUEquip17pig7\")]"}
COMMAND: POST /session/5c0f611fe9e992bf6baa21fdd84b9363/element - {"using":"xpath","value":"//span[contains(@id ,\"application-manageresources-display-component---detailRU--snappedTitle-inner\")][contains(text(), \"WdIORUEquip17pig7\")]"}
RESULT: {"using":"xpath","value":"//span[contains(@id ,\"application-manageresources-display-component---detailRU--snappedTitle-inner\")][contains(text(), \"WdIORUEquip17pig7\")]"}
COMMAND: POST /session/5c0f611fe9e992bf6baa21fdd84b9363/element - {"using":"xpath","value":"//span[contains(@id ,\"application-manageresources-display-component---detailRU--snappedTitle-inner\")][contains(text(), \"WdIORUEquip17pig7\")]"}
RESULT: {"using":"xpath","value":"//span[contains(@id ,\"application-manageresources-display-component---detailRU--snappedTitle-inner\")][contains(text(), \"WdIORUEquip17pig7\")]"}
COMMAND: POST /session/5c0f611fe9e992bf6baa21fdd84b9363/element - {"using":"xpath","value":"//span[contains(@id ,\"application-manageresources-display-component---detailRU--snappedTitle-inner\")][contains(text(), \"WdIORUEquip17pig7\")]"}
RESULT: {"using":"xpath","value":"//span[contains(@id ,\"application-manageresources-display-component---detailRU--snappedTitle-inner\")][contains(text(), \"WdIORUEquip17pig7\")]"}
COMMAND: POST /session/5c0f611fe9e992bf6baa21fdd84b9363/element - {"using":"xpath","value":"//span[contains(@id ,\"application-manageresources-display-component---detailRU--snappedTitle-inner\")][contains(text(), \"WdIORUEquip17pig7\")]"}
RESULT: {"using":"xpath","value":"//span[contains(@id ,\"application-manageresources-display-component---detailRU--snappedTitle-inner\")][contains(text(), \"WdIORUEquip17pig7\")]"}
COMMAND: POST /session/5c0f611fe9e992bf6baa21fdd84b9363/element - {"using":"xpath","value":"//span[contains(@id ,\"application-manageresources-display-component---detailRU--snappedTitle-inner\")][contains(text(), \"WdIORUEquip17pig7\")]"}
RESULT: {"using":"xpath","value":"//span[contains(@id ,\"application-manageresources-display-component---detailRU--snappedTitle-inner\")][contains(text(), \"WdIORUEquip17pig7\")]"}
COMMAND: POST /session/5c0f611fe9e992bf6baa21fdd84b9363/element - {"using":"xpath","value":"//span[contains(@id ,\"application-manageresources-display-component---detailRU--snappedTitle-inner\")][contains(text(), \"WdIORUEquip17pig7\")]"}
RESULT: {"using":"xpath","value":"//span[contains(@id ,\"application-manageresources-display-component---detailRU--snappedTitle-inner\")][contains(text(), \"WdIORUEquip17pig7\")]"}
COMMAND: POST /session/5c0f611fe9e992bf6baa21fdd84b9363/element - {"using":"xpath","value":"//span[contains(@id ,\"application-manageresources-display-component---detailRU--snappedTitle-inner\")][contains(text(), \"WdIORUEquip17pig7\")]"}
RESULT: {"using":"xpath","value":"//span[contains(@id ,\"application-manageresources-display-component---detailRU--snappedTitle-inner\")][contains(text(), \"WdIORUEquip17pig7\")]"}
COMMAND: POST /session/5c0f611fe9e992bf6baa21fdd84b9363/element - {"using":"xpath","value":"//span[contains(@id ,\"application-manageresources-display-component---detailRU--snappedTitle-inner\")][contains(text(), \"WdIORUEquip17pig7\")]"}
RESULT: {"using":"xpath","value":"//span[contains(@id ,\"application-manageresources-display-component---detailRU--snappedTitle-inner\")][contains(text(), \"WdIORUEquip17pig7\")]"}
COMMAND: POST /session/5c0f611fe9e992bf6baa21fdd84b9363/element - {"using":"xpath","value":"//span[contains(@id ,\"application-manageresources-display-component---detailRU--snappedTitle-inner\")][contains(text(), \"WdIORUEquip17pig7\")]"}
RESULT: {"using":"xpath","value":"//span[contains(@id ,\"application-manageresources-display-component---detailRU--snappedTitle-inner\")][contains(text(), \"WdIORUEquip17pig7\")]"}
COMMAND: POST /session/5c0f611fe9e992bf6baa21fdd84b9363/element - {"using":"xpath","value":"//span[contains(@id ,\"application-manageresources-display-component---detailRU--snappedTitle-inner\")][contains(text(), \"WdIORUEquip17pig7\")]"}
RESULT: {"using":"xpath","value":"//span[contains(@id ,\"application-manageresources-display-component---detailRU--snappedTitle-inner\")][contains(text(), \"WdIORUEquip17pig7\")]"}
COMMAND: POST /session/5c0f611fe9e992bf6baa21fdd84b9363/element - {"using":"xpath","value":"//span[contains(@id ,\"application-manageresources-display-component---detailRU--snappedTitle-inner\")][contains(text(), \"WdIORUEquip17pig7\")]"}
RESULT: {"using":"xpath","value":"//span[contains(@id ,\"application-manageresources-display-component---detailRU--snappedTitle-inner\")][contains(text(), \"WdIORUEquip17pig7\")]"}
COMMAND: POST /session/5c0f611fe9e992bf6baa21fdd84b9363/element - {"using":"xpath","value":"//span[contains(@id ,\"application-manageresources-display-component---detailRU--snappedTitle-inner\")][contains(text(), \"WdIORUEquip17pig7\")]"}
RESULT: {"using":"xpath","value":"//span[contains(@id ,\"application-manageresources-display-component---detailRU--snappedTitle-inner\")][contains(text(), \"WdIORUEquip17pig7\")]"}
COMMAND: POST /session/5c0f611fe9e992bf6baa21fdd84b9363/element - {"using":"xpath","value":"//span[contains(@id ,\"application-manageresources-display-component---detailRU--snappedTitle-inner\")][contains(text(), \"WdIORUEquip17pig7\")]"}
RESULT: {"using":"xpath","value":"//span[contains(@id ,\"application-manageresources-display-component---detailRU--snappedTitle-inner\")][contains(text(), \"WdIORUEquip17pig7\")]"}
COMMAND: POST /session/5c0f611fe9e992bf6baa21fdd84b9363/element - {"using":"xpath","value":"//span[contains(@id ,\"application-manageresources-display-component---detailRU--snappedTitle-inner\")][contains(text(), \"WdIORUEquip17pig7\")]"}
RESULT: {"using":"xpath","value":"//span[contains(@id ,\"application-manageresources-display-component---detailRU--snappedTitle-inner\")][contains(text(), \"WdIORUEquip17pig7\")]"}
COMMAND: POST /session/5c0f611fe9e992bf6baa21fdd84b9363/element - {"using":"xpath","value":"//span[contains(@id ,\"application-manageresources-display-component---detailRU--snappedTitle-inner\")][contains(text(), \"WdIORUEquip17pig7\")]"}
RESULT: {"using":"xpath","value":"//span[contains(@id ,\"application-manageresources-display-component---detailRU--snappedTitle-inner\")][contains(text(), \"WdIORUEquip17pig7\")]"}
COMMAND: POST /session/5c0f611fe9e992bf6baa21fdd84b9363/element - {"using":"xpath","value":"//bdi[contains(@id ,\"application-manageresources-display-component---detailRU--openRelatedRus-BDI-content\")]"}
RESULT: {"using":"xpath","value":"//bdi[contains(@id ,\"application-manageresources-display-component---detailRU--openRelatedRus-BDI-content\")]"}
COMMAND: POST /session/5c0f611fe9e992bf6baa21fdd84b9363/execute/sync - {"script":"<script> [8489 bytes]","args":[{"element-6066-11e4-a52e-4f735466cecf":"f.29A4D9279EB6458BA2B177A8085AE4F2.d.6A7E876EC2B2327D1077E83620D388B8.e.3539","ELEMENT":"f.29A4D9279EB6458BA2B177A8085AE4F2.d.6A7E876EC2B2327D1077E83620D388B8.e.3539"}]}
RESULT: {"script":"<script> [8489 bytes]","args":[{"element-6066-11e4-a52e-4f735466cecf":"f.29A4D9279EB6458BA2B177A8085AE4F2.d.6A7E876EC2B2327D1077E83620D388B8.e.3539","ELEMENT":"f.29A4D9279EB6458BA2B177A8085AE4F2.d.6A7E876EC2B2327D1077E83620D388B8.e.3539"}]}
COMMAND: POST /session/5c0f611fe9e992bf6baa21fdd84b9363/execute/sync - {"script":"<script> [5351 bytes]","args":[{"element-6066-11e4-a52e-4f735466cecf":"f.29A4D9279EB6458BA2B177A8085AE4F2.d.6A7E876EC2B2327D1077E83620D388B8.e.3539","ELEMENT":"f.29A4D9279EB6458BA2B177A8085AE4F2.d.6A7E876EC2B2327D1077E83620D388B8.e.3539"}]}
COMMAND: GET /session/5c0f611fe9e992bf6baa21fdd84b9363/screenshot - {}
RESULT: {"script":"<script> [5351 bytes]","args":[{"element-6066-11e4-a52e-4f735466cecf":"f.29A4D9279EB6458BA2B177A8085AE4F2.d.6A7E876EC2B2327D1077E83620D388B8.e.3539","ELEMENT":"f.29A4D9279EB6458BA2B177A8085AE4F2.d.6A7E876EC2B2327D1077E83620D388B8.e.3539"}]}
COMMAND: POST /session/5c0f611fe9e992bf6baa21fdd84b9363/element/f.29A4D9279EB6458BA2B177A8085AE4F2.d.6A7E876EC2B2327D1077E83620D388B8.e.3539/click - {}
COMMAND: GET /session/5c0f611fe9e992bf6baa21fdd84b9363/screenshot - {}
RESULT: {}
COMMAND: POST /session/5c0f611fe9e992bf6baa21fdd84b9363/element - {"using":"xpath","value":"//span[contains(@id ,\"application-manageresources-display-component---detailRU--snappedTitle-inner\")][contains(text(), \"WdIORUEquip17pig7\")]"}
RESULT: {}
COMMAND: GET /session/5c0f611fe9e992bf6baa21fdd84b9363/screenshot - {}
RESULT: {}
RESULT: {"using":"xpath","value":"//span[contains(@id ,\"application-manageresources-display-component---detailRU--snappedTitle-inner\")][contains(text(), \"WdIORUEquip17pig7\")]"}
RESULT: {}
COMMAND: POST /session/5c0f611fe9e992bf6baa21fdd84b9363/element - {"using":"xpath","value":"//span[contains(@id ,\"application-manageresources-display-component---detailRU--snappedTitle-inner\")][contains(text(), \"WdIORUEquip17pig7\")]"}
RESULT: {"using":"xpath","value":"//span[contains(@id ,\"application-manageresources-display-component---detailRU--snappedTitle-inner\")][contains(text(), \"WdIORUEquip17pig7\")]"}
COMMAND: POST /session/5c0f611fe9e992bf6baa21fdd84b9363/element - {"using":"xpath","value":"//span[contains(@id ,\"application-manageresources-display-component---detailRU--snappedTitle-inner\")][contains(text(), \"WdIORUEquip17pig7\")]"}
RESULT: {"using":"xpath","value":"//span[contains(@id ,\"application-manageresources-display-component---detailRU--snappedTitle-inner\")][contains(text(), \"WdIORUEquip17pig7\")]"}
COMMAND: POST /session/5c0f611fe9e992bf6baa21fdd84b9363/element - {"using":"xpath","value":"//span[contains(@id ,\"application-manageresources-display-component---detailRU--snappedTitle-inner\")][contains(text(), \"WdIORUEquip17pig7\")]"}
RESULT: {"using":"xpath","value":"//span[contains(@id ,\"application-manageresources-display-component---detailRU--snappedTitle-inner\")][contains(text(), \"WdIORUEquip17pig7\")]"}
COMMAND: POST /session/5c0f611fe9e992bf6baa21fdd84b9363/element - {"using":"xpath","value":"//span[contains(@id ,\"application-manageresources-display-component---detailRU--snappedTitle-inner\")][contains(text(), \"WdIORUEquip17pig7\")]"}
RESULT: {"using":"xpath","value":"//span[contains(@id ,\"application-manageresources-display-component---detailRU--snappedTitle-inner\")][contains(text(), \"WdIORUEquip17pig7\")]"}
COMMAND: POST /session/5c0f611fe9e992bf6baa21fdd84b9363/element - {"using":"xpath","value":"//span[contains(@id ,\"application-manageresources-display-component---detailRU--snappedTitle-inner\")][contains(text(), \"WdIORUEquip17pig7\")]"}
RESULT: {"using":"xpath","value":"//span[contains(@id ,\"application-manageresources-display-component---detailRU--snappedTitle-inner\")][contains(text(), \"WdIORUEquip17pig7\")]"}
COMMAND: POST /session/5c0f611fe9e992bf6baa21fdd84b9363/element - {"using":"xpath","value":"//span[contains(@id ,\"application-manageresources-display-component---detailRU--snappedTitle-inner\")][contains(text(), \"WdIORUEquip17pig7\")]"}
RESULT: {"using":"xpath","value":"//span[contains(@id ,\"application-manageresources-display-component---detailRU--snappedTitle-inner\")][contains(text(), \"WdIORUEquip17pig7\")]"}
COMMAND: POST /session/5c0f611fe9e992bf6baa21fdd84b9363/element - {"using":"xpath","value":"//span[contains(@id ,\"application-manageresources-display-component---detailRU--snappedTitle-inner\")][contains(text(), \"WdIORUEquip17pig7\")]"}
RESULT: {"using":"xpath","value":"//span[contains(@id ,\"application-manageresources-display-component---detailRU--snappedTitle-inner\")][contains(text(), \"WdIORUEquip17pig7\")]"}
COMMAND: POST /session/5c0f611fe9e992bf6baa21fdd84b9363/element - {"using":"xpath","value":"//span[contains(@id ,\"application-manageresources-display-component---detailRU--snappedTitle-inner\")][contains(text(), \"WdIORUEquip17pig7\")]"}
RESULT: {"using":"xpath","value":"//span[contains(@id ,\"application-manageresources-display-component---detailRU--snappedTitle-inner\")][contains(text(), \"WdIORUEquip17pig7\")]"}
COMMAND: POST /session/5c0f611fe9e992bf6baa21fdd84b9363/element/f.29A4D9279EB6458BA2B177A8085AE4F2.d.6A7E876EC2B2327D1077E83620D388B8.e.3185/click - {}
COMMAND: POST /session/5c0f611fe9e992bf6baa21fdd84b9363/element - {"using":"xpath","value":"//*[contains(@data-kt ,\"openLocationActionMenuLink\")]"}
RESULT: {"using":"xpath","value":"//*[contains(@data-kt ,\"openLocationActionMenuLink\")]"}
COMMAND: POST /session/5c0f611fe9e992bf6baa21fdd84b9363/element/f.29A4D9279EB6458BA2B177A8085AE4F2.d.6A7E876EC2B2327D1077E83620D388B8.e.3185/click - {}
COMMAND: POST /session/5c0f611fe9e992bf6baa21fdd84b9363/element - {"using":"xpath","value":"//*[contains(@data-kt ,\"openLocationActionMenuLink\")]"}
RESULT: {"using":"xpath","value":"//*[contains(@data-kt ,\"openLocationActionMenuLink\")]"}
COMMAND: POST /session/5c0f611fe9e992bf6baa21fdd84b9363/element/f.29A4D9279EB6458BA2B177A8085AE4F2.d.6A7E876EC2B2327D1077E83620D388B8.e.3543/click - {}
RESULT: {}
COMMAND: GET /session/5c0f611fe9e992bf6baa21fdd84b9363/screenshot - {}
RESULT: {}
COMMAND: POST /session/5c0f611fe9e992bf6baa21fdd84b9363/element/f.29A4D9279EB6458BA2B177A8085AE4F2.d.6A7E876EC2B2327D1077E83620D388B8.e.3188/click - {}
COMMAND: POST /session/5c0f611fe9e992bf6baa21fdd84b9363/element - {"using":"xpath","value":"//a[contains(@class ,\"sapMLnk sapMLnkMaxWidth sapUiTinyMarginTop\")][contains(text(), \"Yard Address\")]"}
RESULT: {"using":"xpath","value":"//a[contains(@class ,\"sapMLnk sapMLnkMaxWidth sapUiTinyMarginTop\")][contains(text(), \"Yard Address\")]"}
COMMAND: POST /session/5c0f611fe9e992bf6baa21fdd84b9363/element/f.29A4D9279EB6458BA2B177A8085AE4F2.d.6A7E876EC2B2327D1077E83620D388B8.e.3188/click - {}
COMMAND: POST /session/5c0f611fe9e992bf6baa21fdd84b9363/element - {"using":"xpath","value":"//a[contains(@class ,\"sapMLnk sapMLnkMaxWidth sapUiTinyMarginTop\")][contains(text(), \"Yard Address\")]"}
RESULT: {"using":"xpath","value":"//a[contains(@class ,\"sapMLnk sapMLnkMaxWidth sapUiTinyMarginTop\")][contains(text(), \"Yard Address\")]"}
COMMAND: POST /session/5c0f611fe9e992bf6baa21fdd84b9363/element/f.29A4D9279EB6458BA2B177A8085AE4F2.d.6A7E876EC2B2327D1077E83620D388B8.e.3545/click - {}
RESULT: {}
COMMAND: GET /session/5c0f611fe9e992bf6baa21fdd84b9363/screenshot - {}
RESULT: {}
RESULT: undefined
COMMAND: POST /session/5c0f611fe9e992bf6baa21fdd84b9363/execute/async - {"script":"<script> [6424 bytes]","args":[{"element-6066-11e4-a52e-4f735466cecf":"f.29A4D9279EB6458BA2B177A8085AE4F2.d.6A7E876EC2B2327D1077E83620D388B8.e.2720"},"getTitle",[]]}
COMMAND: POST /session/5c0f611fe9e992bf6baa21fdd84b9363/execute/async - {"script":"<script> [1562 bytes]","args":[{"selector":{"id":"shellAppTitle"},"wdio_ui5_key":"shellAppTitle"}]}
RESULT: {"script":"<script> [1562 bytes]","args":[{"selector":{"id":"shellAppTitle"},"wdio_ui5_key":"shellAppTitle"}]}
COMMAND: POST /session/5c0f611fe9e992bf6baa21fdd84b9363/execute/async - {"script":"<script> [6424 bytes]","args":[{"element-6066-11e4-a52e-4f735466cecf":"f.29A4D9279EB6458BA2B177A8085AE4F2.d.6A7E876EC2B2327D1077E83620D388B8.e.3750"},"getTitle",[]]}
RESULT: {"script":"<script> [6424 bytes]","args":[{"element-6066-11e4-a52e-4f735466cecf":"f.29A4D9279EB6458BA2B177A8085AE4F2.d.6A7E876EC2B2327D1077E83620D388B8.e.3750"},"getTitle",[]]}
COMMAND: POST /session/5c0f611fe9e992bf6baa21fdd84b9363/element - {"using":"xpath","value":"//span[contains(@id ,\"application-addressmanagement-display-component---detailAdm--addressDetailDetailsName1\")][contains(text(), \"WebdriverYardglhm9k\")]"}
RESULT: {"using":"xpath","value":"//span[contains(@id ,\"application-addressmanagement-display-component---detailAdm--addressDetailDetailsName1\")][contains(text(), \"WebdriverYardglhm9k\")]"}
COMMAND: POST /session/5c0f611fe9e992bf6baa21fdd84b9363/execute/sync - {"script":"<script> [8489 bytes]","args":[{"element-6066-11e4-a52e-4f735466cecf":"f.29A4D9279EB6458BA2B177A8085AE4F2.d.6A7E876EC2B2327D1077E83620D388B8.e.3751","ELEMENT":"f.29A4D9279EB6458BA2B177A8085AE4F2.d.6A7E876EC2B2327D1077E83620D388B8.e.3751"}]}
RESULT: undefined
COMMAND: POST /session/5c0f611fe9e992bf6baa21fdd84b9363/element - {"using":"xpath","value":"//*[@id=\"backBtn\"]"}
RESULT: {"script":"<script> [8489 bytes]","args":[{"element-6066-11e4-a52e-4f735466cecf":"f.29A4D9279EB6458BA2B177A8085AE4F2.d.6A7E876EC2B2327D1077E83620D388B8.e.3751","ELEMENT":"f.29A4D9279EB6458BA2B177A8085AE4F2.d.6A7E876EC2B2327D1077E83620D388B8.e.3751"}]}
COMMAND: GET /session/5c0f611fe9e992bf6baa21fdd84b9363/screenshot - {}
RESULT: {"using":"xpath","value":"//*[@id=\"backBtn\"]"}
COMMAND: POST /session/5c0f611fe9e992bf6baa21fdd84b9363/element/f.29A4D9279EB6458BA2B177A8085AE4F2.d.6A7E876EC2B2327D1077E83620D388B8.e.2722/click - {}
RESULT: {}
RESULT: {}
COMMAND: GET /session/5c0f611fe9e992bf6baa21fdd84b9363/screenshot - {}
RESULT: {}
COMMAND: POST /session/5c0f611fe9e992bf6baa21fdd84b9363/execute/sync - {"script":"<script> [8489 bytes]","args":[{"element-6066-11e4-a52e-4f735466cecf":"f.29A4D9279EB6458BA2B177A8085AE4F2.d.6A7E876EC2B2327D1077E83620D388B8.e.3539","ELEMENT":"f.29A4D9279EB6458BA2B177A8085AE4F2.d.6A7E876EC2B2327D1077E83620D388B8.e.3539"}]}
COMMAND: POST /session/5c0f611fe9e992bf6baa21fdd84b9363/element - {"using":"xpath","value":"//bdi[contains(@id ,\"application-manageresources-display-component---detailRU--openRelatedRus-BDI-content\")]"}
RESULT: {"using":"xpath","value":"//bdi[contains(@id ,\"application-manageresources-display-component---detailRU--openRelatedRus-BDI-content\")]"}
COMMAND: POST /session/5c0f611fe9e992bf6baa21fdd84b9363/execute/sync - {"script":"<script> [8489 bytes]","args":[{"element-6066-11e4-a52e-4f735466cecf":"f.29A4D9279EB6458BA2B177A8085AE4F2.d.6A7E876EC2B2327D1077E83620D388B8.e.3982","ELEMENT":"f.29A4D9279EB6458BA2B177A8085AE4F2.d.6A7E876EC2B2327D1077E83620D388B8.e.3982"}]}
RESULT: {"script":"<script> [8489 bytes]","args":[{"element-6066-11e4-a52e-4f735466cecf":"f.29A4D9279EB6458BA2B177A8085AE4F2.d.6A7E876EC2B2327D1077E83620D388B8.e.3982","ELEMENT":"f.29A4D9279EB6458BA2B177A8085AE4F2.d.6A7E876EC2B2327D1077E83620D388B8.e.3982"}]}
COMMAND: POST /session/5c0f611fe9e992bf6baa21fdd84b9363/execute/sync - {"script":"<script> [5351 bytes]","args":[{"element-6066-11e4-a52e-4f735466cecf":"f.29A4D9279EB6458BA2B177A8085AE4F2.d.6A7E876EC2B2327D1077E83620D388B8.e.3982","ELEMENT":"f.29A4D9279EB6458BA2B177A8085AE4F2.d.6A7E876EC2B2327D1077E83620D388B8.e.3982"}]}
COMMAND: GET /session/5c0f611fe9e992bf6baa21fdd84b9363/screenshot - {}
RESULT: {"script":"<script> [5351 bytes]","args":[{"element-6066-11e4-a52e-4f735466cecf":"f.29A4D9279EB6458BA2B177A8085AE4F2.d.6A7E876EC2B2327D1077E83620D388B8.e.3982","ELEMENT":"f.29A4D9279EB6458BA2B177A8085AE4F2.d.6A7E876EC2B2327D1077E83620D388B8.e.3982"}]}
COMMAND: POST /session/5c0f611fe9e992bf6baa21fdd84b9363/element/f.29A4D9279EB6458BA2B177A8085AE4F2.d.6A7E876EC2B2327D1077E83620D388B8.e.3982/click - {}
COMMAND: GET /session/5c0f611fe9e992bf6baa21fdd84b9363/screenshot - {}
RESULT: {}
RESULT: {}
RESULT: {}
COMMAND: GET /session/5c0f611fe9e992bf6baa21fdd84b9363/screenshot - {}
RESULT: {}
COMMAND: POST /session/5c0f611fe9e992bf6baa21fdd84b9363/element/f.29A4D9279EB6458BA2B177A8085AE4F2.d.6A7E876EC2B2327D1077E83620D388B8.e.3543/click - {}
COMMAND: POST /session/5c0f611fe9e992bf6baa21fdd84b9363/element - {"using":"xpath","value":"//*[contains(@data-kt ,\"openLocationActionMenuLink\")]"}
RESULT: {"using":"xpath","value":"//*[contains(@data-kt ,\"openLocationActionMenuLink\")]"}
COMMAND: POST /session/5c0f611fe9e992bf6baa21fdd84b9363/element/f.29A4D9279EB6458BA2B177A8085AE4F2.d.6A7E876EC2B2327D1077E83620D388B8.e.3543/click - {}
COMMAND: POST /session/5c0f611fe9e992bf6baa21fdd84b9363/element - {"using":"xpath","value":"//*[contains(@data-kt ,\"openLocationActionMenuLink\")]"}
RESULT: {"using":"xpath","value":"//*[contains(@data-kt ,\"openLocationActionMenuLink\")]"}
COMMAND: POST /session/5c0f611fe9e992bf6baa21fdd84b9363/element/f.29A4D9279EB6458BA2B177A8085AE4F2.d.6A7E876EC2B2327D1077E83620D388B8.e.3987/click - {}
RESULT: {}
COMMAND: GET /session/5c0f611fe9e992bf6baa21fdd84b9363/screenshot - {}
RESULT: {}
COMMAND: POST /session/5c0f611fe9e992bf6baa21fdd84b9363/element - {"using":"xpath","value":"(//button[contains(@title ,\"Open in new tab\")])[1]"}
RESULT: {"using":"xpath","value":"(//button[contains(@title ,\"Open in new tab\")])[1]"}
COMMAND: POST /session/5c0f611fe9e992bf6baa21fdd84b9363/element/f.29A4D9279EB6458BA2B177A8085AE4F2.d.6A7E876EC2B2327D1077E83620D388B8.e.3988/click - {}
RESULT: {}
COMMAND: GET /session/5c0f611fe9e992bf6baa21fdd84b9363/screenshot - {}
RESULT: {}
COMMAND: GET /session/5c0f611fe9e992bf6baa21fdd84b9363/window/handles - {}
RESULT: {}
COMMAND: POST /session/5c0f611fe9e992bf6baa21fdd84b9363/window - {"handle":"F9A4F80FFFB0C477F64374AD59168824"}
RESULT: {"handle":"F9A4F80FFFB0C477F64374AD59168824"}
COMMAND: GET /session/5c0f611fe9e992bf6baa21fdd84b9363/url - {}
RESULT: {}
COMMAND: GET /session/5c0f611fe9e992bf6baa21fdd84b9363/screenshot - {}
RESULT: {}
COMMAND: POST /session/5c0f611fe9e992bf6baa21fdd84b9363/execute/sync - {"script":"<script> [8489 bytes]","args":[{"element-6066-11e4-a52e-4f735466cecf":"f.29A4D9279EB6458BA2B177A8085AE4F2.d.6A7E876EC2B2327D1077E83620D388B8.e.3538","ELEMENT":"f.29A4D9279EB6458BA2B177A8085AE4F2.d.6A7E876EC2B2327D1077E83620D388B8.e.3538"}]}
COMMAND: DELETE /session/5c0f611fe9e992bf6baa21fdd84b9363/window - {}
RESULT: {}
COMMAND: POST /session/5c0f611fe9e992bf6baa21fdd84b9363/window - {"handle":"29A4D9279EB6458BA2B177A8085AE4F2"}
RESULT: {"handle":"29A4D9279EB6458BA2B177A8085AE4F2"}
COMMAND: GET /session/5c0f611fe9e992bf6baa21fdd84b9363/url - {}
COMMAND: POST /session/5c0f611fe9e992bf6baa21fdd84b9363/element - {"using":"xpath","value":"(//span[contains(text(), \"WebdriverYardglhm9k\")])[2]"}
RESULT: {}
COMMAND: GET /session/5c0f611fe9e992bf6baa21fdd84b9363/screenshot - {}
RESULT: {"using":"xpath","value":"(//span[contains(text(), \"WebdriverYardglhm9k\")])[2]"}
COMMAND: POST /session/5c0f611fe9e992bf6baa21fdd84b9363/execute/sync - {"script":"<script> [8489 bytes]","args":[{"element-6066-11e4-a52e-4f735466cecf":"f.29A4D9279EB6458BA2B177A8085AE4F2.d.6A7E876EC2B2327D1077E83620D388B8.e.4018","ELEMENT":"f.29A4D9279EB6458BA2B177A8085AE4F2.d.6A7E876EC2B2327D1077E83620D388B8.e.4018"}]}
RESULT: {}
RESULT: {"script":"<script> [8489 bytes]","args":[{"element-6066-11e4-a52e-4f735466cecf":"f.29A4D9279EB6458BA2B177A8085AE4F2.d.6A7E876EC2B2327D1077E83620D388B8.e.4018","ELEMENT":"f.29A4D9279EB6458BA2B177A8085AE4F2.d.6A7E876EC2B2327D1077E83620D388B8.e.4018"}]}
COMMAND: GET /session/5c0f611fe9e992bf6baa21fdd84b9363/screenshot - {}
RESULT: {}
COMMAND: POST /session/5c0f611fe9e992bf6baa21fdd84b9363/element - {"using":"xpath","value":"(//button[contains(@title ,\"Open in new tab\")])[2]"}
RESULT: {"using":"xpath","value":"(//button[contains(@title ,\"Open in new tab\")])[2]"}
COMMAND: POST /session/5c0f611fe9e992bf6baa21fdd84b9363/element/f.29A4D9279EB6458BA2B177A8085AE4F2.d.6A7E876EC2B2327D1077E83620D388B8.e.4019/click - {}
RESULT: {}
COMMAND: GET /session/5c0f611fe9e992bf6baa21fdd84b9363/screenshot - {}
RESULT: {}
COMMAND: GET /session/5c0f611fe9e992bf6baa21fdd84b9363/window/handles - {}
RESULT: {}
COMMAND: POST /session/5c0f611fe9e992bf6baa21fdd84b9363/window - {"handle":"77FAF176EBC4B5806E003835229831BD"}
RESULT: {"handle":"77FAF176EBC4B5806E003835229831BD"}
COMMAND: GET /session/5c0f611fe9e992bf6baa21fdd84b9363/url - {}
RESULT: {}
COMMAND: GET /session/5c0f611fe9e992bf6baa21fdd84b9363/screenshot - {}
RESULT: {}
COMMAND: POST /session/5c0f611fe9e992bf6baa21fdd84b9363/execute/sync - {"script":"<script> [8489 bytes]","args":[{"element-6066-11e4-a52e-4f735466cecf":"f.29A4D9279EB6458BA2B177A8085AE4F2.d.6A7E876EC2B2327D1077E83620D388B8.e.3751","ELEMENT":"f.29A4D9279EB6458BA2B177A8085AE4F2.d.6A7E876EC2B2327D1077E83620D388B8.e.3751"}]}
COMMAND: DELETE /session/5c0f611fe9e992bf6baa21fdd84b9363/window - {}
RESULT: {}
COMMAND: POST /session/5c0f611fe9e992bf6baa21fdd84b9363/window - {"handle":"29A4D9279EB6458BA2B177A8085AE4F2"}
RESULT: {"handle":"29A4D9279EB6458BA2B177A8085AE4F2"}
COMMAND: GET /session/5c0f611fe9e992bf6baa21fdd84b9363/url - {}
COMMAND: POST /session/5c0f611fe9e992bf6baa21fdd84b9363/element - {"using":"xpath","value":"//span[contains(@id ,\"application-addressmanagement-display-component---detailAdm--addressDetailDetailsName1\")][contains(text(), \"WebdriverYardglhm9k\")]"}
RESULT: {}
RESULT: {"using":"xpath","value":"//span[contains(@id ,\"application-addressmanagement-display-component---detailAdm--addressDetailDetailsName1\")][contains(text(), \"WebdriverYardglhm9k\")]"}
COMMAND: POST /session/5c0f611fe9e992bf6baa21fdd84b9363/element - {"using":"xpath","value":"//span[contains(@id ,\"application-addressmanagement-display-component---detailAdm--addressDetailDetailsName1\")][contains(text(), \"WebdriverYardglhm9k\")]"}
COMMAND: GET /session/5c0f611fe9e992bf6baa21fdd84b9363/screenshot - {}
RESULT: {"using":"xpath","value":"//span[contains(@id ,\"application-addressmanagement-display-component---detailAdm--addressDetailDetailsName1\")][contains(text(), \"WebdriverYardglhm9k\")]"}
RESULT: {}
COMMAND: POST /session/5c0f611fe9e992bf6baa21fdd84b9363/element - {"using":"xpath","value":"//span[contains(@id ,\"application-addressmanagement-display-component---detailAdm--addressDetailDetailsName1\")][contains(text(), \"WebdriverYardglhm9k\")]"}
RESULT: {"using":"xpath","value":"//span[contains(@id ,\"application-addressmanagement-display-component---detailAdm--addressDetailDetailsName1\")][contains(text(), \"WebdriverYardglhm9k\")]"}
COMMAND: POST /session/5c0f611fe9e992bf6baa21fdd84b9363/element - {"using":"xpath","value":"//span[contains(@id ,\"application-addressmanagement-display-component---detailAdm--addressDetailDetailsName1\")][contains(text(), \"WebdriverYardglhm9k\")]"}
RESULT: {"using":"xpath","value":"//span[contains(@id ,\"application-addressmanagement-display-component---detailAdm--addressDetailDetailsName1\")][contains(text(), \"WebdriverYardglhm9k\")]"}
COMMAND: POST /session/5c0f611fe9e992bf6baa21fdd84b9363/element - {"using":"xpath","value":"//span[contains(@id ,\"application-addressmanagement-display-component---detailAdm--addressDetailDetailsName1\")][contains(text(), \"WebdriverYardglhm9k\")]"}
RESULT: {"using":"xpath","value":"//span[contains(@id ,\"application-addressmanagement-display-component---detailAdm--addressDetailDetailsName1\")][contains(text(), \"WebdriverYardglhm9k\")]"}
COMMAND: POST /session/5c0f611fe9e992bf6baa21fdd84b9363/element - {"using":"xpath","value":"//span[contains(@id ,\"application-addressmanagement-display-component---detailAdm--addressDetailDetailsName1\")][contains(text(), \"WebdriverYardglhm9k\")]"}
RESULT: {"using":"xpath","value":"//span[contains(@id ,\"application-addressmanagement-display-component---detailAdm--addressDetailDetailsName1\")][contains(text(), \"WebdriverYardglhm9k\")]"}
COMMAND: POST /session/5c0f611fe9e992bf6baa21fdd84b9363/element - {"using":"xpath","value":"//span[contains(@id ,\"application-addressmanagement-display-component---detailAdm--addressDetailDetailsName1\")][contains(text(), \"WebdriverYardglhm9k\")]"}
RESULT: {"using":"xpath","value":"//span[contains(@id ,\"application-addressmanagement-display-component---detailAdm--addressDetailDetailsName1\")][contains(text(), \"WebdriverYardglhm9k\")]"}
COMMAND: POST /session/5c0f611fe9e992bf6baa21fdd84b9363/element - {"using":"xpath","value":"//span[contains(@id ,\"application-addressmanagement-display-component---detailAdm--addressDetailDetailsName1\")][contains(text(), \"WebdriverYardglhm9k\")]"}
RESULT: {"using":"xpath","value":"//span[contains(@id ,\"application-addressmanagement-display-component---detailAdm--addressDetailDetailsName1\")][contains(text(), \"WebdriverYardglhm9k\")]"}
COMMAND: POST /session/5c0f611fe9e992bf6baa21fdd84b9363/element - {"using":"xpath","value":"//span[contains(@id ,\"application-addressmanagement-display-component---detailAdm--addressDetailDetailsName1\")][contains(text(), \"WebdriverYardglhm9k\")]"}
RESULT: {"using":"xpath","value":"//span[contains(@id ,\"application-addressmanagement-display-component---detailAdm--addressDetailDetailsName1\")][contains(text(), \"WebdriverYardglhm9k\")]"}
COMMAND: POST /session/5c0f611fe9e992bf6baa21fdd84b9363/element - {"using":"xpath","value":"//span[contains(@id ,\"application-addressmanagement-display-component---detailAdm--addressDetailDetailsName1\")][contains(text(), \"WebdriverYardglhm9k\")]"}
RESULT: {"using":"xpath","value":"//span[contains(@id ,\"application-addressmanagement-display-component---detailAdm--addressDetailDetailsName1\")][contains(text(), \"WebdriverYardglhm9k\")]"}
COMMAND: POST /session/5c0f611fe9e992bf6baa21fdd84b9363/element - {"using":"xpath","value":"//span[contains(@id ,\"application-addressmanagement-display-component---detailAdm--addressDetailDetailsName1\")][contains(text(), \"WebdriverYardglhm9k\")]"}
RESULT: {"using":"xpath","value":"//span[contains(@id ,\"application-addressmanagement-display-component---detailAdm--addressDetailDetailsName1\")][contains(text(), \"WebdriverYardglhm9k\")]"}
]]></system-out>
    </testcase>
    <testcase classname="chrome.136_0_7103_93.windows.Related_resources_for_groups_US139107" name="Should set one equipment to inactive and verify that it does not show in the releated resources" time="56.56">
      <system-out><![CDATA[
COMMAND: POST /session/5c0f611fe9e992bf6baa21fdd84b9363/element - {"using":"xpath","value":"//*[contains(@data-kt ,\"openRUIdMenuLink\")]"}
RESULT: {"using":"xpath","value":"//*[contains(@data-kt ,\"openRUIdMenuLink\")]"}
COMMAND: POST /session/5c0f611fe9e992bf6baa21fdd84b9363/execute/sync - {"script":"<script> [8489 bytes]","args":[{"element-6066-11e4-a52e-4f735466cecf":"f.29A4D9279EB6458BA2B177A8085AE4F2.d.6A7E876EC2B2327D1077E83620D388B8.e.4228","ELEMENT":"f.29A4D9279EB6458BA2B177A8085AE4F2.d.6A7E876EC2B2327D1077E83620D388B8.e.4228"}]}
RESULT: {"script":"<script> [8489 bytes]","args":[{"element-6066-11e4-a52e-4f735466cecf":"f.29A4D9279EB6458BA2B177A8085AE4F2.d.6A7E876EC2B2327D1077E83620D388B8.e.4228","ELEMENT":"f.29A4D9279EB6458BA2B177A8085AE4F2.d.6A7E876EC2B2327D1077E83620D388B8.e.4228"}]}
COMMAND: POST /session/5c0f611fe9e992bf6baa21fdd84b9363/execute/sync - {"script":"<script> [5351 bytes]","args":[{"element-6066-11e4-a52e-4f735466cecf":"f.29A4D9279EB6458BA2B177A8085AE4F2.d.6A7E876EC2B2327D1077E83620D388B8.e.4228","ELEMENT":"f.29A4D9279EB6458BA2B177A8085AE4F2.d.6A7E876EC2B2327D1077E83620D388B8.e.4228"}]}
COMMAND: GET /session/5c0f611fe9e992bf6baa21fdd84b9363/screenshot - {}
RESULT: {"script":"<script> [5351 bytes]","args":[{"element-6066-11e4-a52e-4f735466cecf":"f.29A4D9279EB6458BA2B177A8085AE4F2.d.6A7E876EC2B2327D1077E83620D388B8.e.4228","ELEMENT":"f.29A4D9279EB6458BA2B177A8085AE4F2.d.6A7E876EC2B2327D1077E83620D388B8.e.4228"}]}
COMMAND: POST /session/5c0f611fe9e992bf6baa21fdd84b9363/element/f.29A4D9279EB6458BA2B177A8085AE4F2.d.6A7E876EC2B2327D1077E83620D388B8.e.4228/click - {}
COMMAND: GET /session/5c0f611fe9e992bf6baa21fdd84b9363/screenshot - {}
RESULT: {}
COMMAND: POST /session/5c0f611fe9e992bf6baa21fdd84b9363/element - {"using":"xpath","value":"//span[contains(@id ,\"application-addressmanagement-display-component---detailAdm--addressDetailDetailsName1\")][contains(text(), \"WebdriverYardglhm9k\")]"}
RESULT: {}
COMMAND: GET /session/5c0f611fe9e992bf6baa21fdd84b9363/screenshot - {}
RESULT: {}
RESULT: {"using":"xpath","value":"//span[contains(@id ,\"application-addressmanagement-display-component---detailAdm--addressDetailDetailsName1\")][contains(text(), \"WebdriverYardglhm9k\")]"}
RESULT: {}
COMMAND: POST /session/5c0f611fe9e992bf6baa21fdd84b9363/element - {"using":"xpath","value":"//span[contains(@id ,\"application-addressmanagement-display-component---detailAdm--addressDetailDetailsName1\")][contains(text(), \"WebdriverYardglhm9k\")]"}
RESULT: {"using":"xpath","value":"//span[contains(@id ,\"application-addressmanagement-display-component---detailAdm--addressDetailDetailsName1\")][contains(text(), \"WebdriverYardglhm9k\")]"}
COMMAND: POST /session/5c0f611fe9e992bf6baa21fdd84b9363/element - {"using":"xpath","value":"//span[contains(@id ,\"application-addressmanagement-display-component---detailAdm--addressDetailDetailsName1\")][contains(text(), \"WebdriverYardglhm9k\")]"}
RESULT: {"using":"xpath","value":"//span[contains(@id ,\"application-addressmanagement-display-component---detailAdm--addressDetailDetailsName1\")][contains(text(), \"WebdriverYardglhm9k\")]"}
COMMAND: POST /session/5c0f611fe9e992bf6baa21fdd84b9363/element - {"using":"xpath","value":"//span[contains(@id ,\"application-addressmanagement-display-component---detailAdm--addressDetailDetailsName1\")][contains(text(), \"WebdriverYardglhm9k\")]"}
RESULT: {"using":"xpath","value":"//span[contains(@id ,\"application-addressmanagement-display-component---detailAdm--addressDetailDetailsName1\")][contains(text(), \"WebdriverYardglhm9k\")]"}
COMMAND: POST /session/5c0f611fe9e992bf6baa21fdd84b9363/element - {"using":"xpath","value":"//*[contains(@data-kt ,\"ContextMenuId2Link\")][contains(text(), \"RU Overview\")]"}
RESULT: {"using":"xpath","value":"//*[contains(@data-kt ,\"ContextMenuId2Link\")][contains(text(), \"RU Overview\")]"}
COMMAND: POST /session/5c0f611fe9e992bf6baa21fdd84b9363/execute/sync - {"script":"<script> [8489 bytes]","args":[{"element-6066-11e4-a52e-4f735466cecf":"f.29A4D9279EB6458BA2B177A8085AE4F2.d.6A7E876EC2B2327D1077E83620D388B8.e.4230","ELEMENT":"f.29A4D9279EB6458BA2B177A8085AE4F2.d.6A7E876EC2B2327D1077E83620D388B8.e.4230"}]}
COMMAND: POST /session/5c0f611fe9e992bf6baa21fdd84b9363/element/f.29A4D9279EB6458BA2B177A8085AE4F2.d.6A7E876EC2B2327D1077E83620D388B8.e.4230/click - {}
RESULT: {}
RESULT: {"script":"<script> [8489 bytes]","args":[{"element-6066-11e4-a52e-4f735466cecf":"f.29A4D9279EB6458BA2B177A8085AE4F2.d.6A7E876EC2B2327D1077E83620D388B8.e.4230","ELEMENT":"f.29A4D9279EB6458BA2B177A8085AE4F2.d.6A7E876EC2B2327D1077E83620D388B8.e.4230"}]}
COMMAND: GET /session/5c0f611fe9e992bf6baa21fdd84b9363/screenshot - {}
COMMAND: GET /session/5c0f611fe9e992bf6baa21fdd84b9363/screenshot - {}
COMMAND: POST /session/5c0f611fe9e992bf6baa21fdd84b9363/element - {"using":"xpath","value":"//span[contains(@id ,\"application-addressmanagement-display-component---detailAdm--addressDetailDetailsName1\")][contains(text(), \"WebdriverYardglhm9k\")]"}
RESULT: {}
RESULT: {}
RESULT: {"using":"xpath","value":"//span[contains(@id ,\"application-addressmanagement-display-component---detailAdm--addressDetailDetailsName1\")][contains(text(), \"WebdriverYardglhm9k\")]"}
COMMAND: POST /session/5c0f611fe9e992bf6baa21fdd84b9363/element - {"using":"xpath","value":"//span[contains(@id ,\"application-addressmanagement-display-component---detailAdm--addressDetailDetailsName1\")][contains(text(), \"WebdriverYardglhm9k\")]"}
RESULT: {"using":"xpath","value":"//span[contains(@id ,\"application-addressmanagement-display-component---detailAdm--addressDetailDetailsName1\")][contains(text(), \"WebdriverYardglhm9k\")]"}
COMMAND: POST /session/5c0f611fe9e992bf6baa21fdd84b9363/element - {"using":"xpath","value":"//span[contains(@id ,\"application-addressmanagement-display-component---detailAdm--addressDetailDetailsName1\")][contains(text(), \"WebdriverYardglhm9k\")]"}
RESULT: {"using":"xpath","value":"//span[contains(@id ,\"application-addressmanagement-display-component---detailAdm--addressDetailDetailsName1\")][contains(text(), \"WebdriverYardglhm9k\")]"}
COMMAND: POST /session/5c0f611fe9e992bf6baa21fdd84b9363/element - {"using":"xpath","value":"//span[contains(@id ,\"application-addressmanagement-display-component---detailAdm--addressDetailDetailsName1\")][contains(text(), \"WebdriverYardglhm9k\")]"}
RESULT: {"using":"xpath","value":"//span[contains(@id ,\"application-addressmanagement-display-component---detailAdm--addressDetailDetailsName1\")][contains(text(), \"WebdriverYardglhm9k\")]"}
COMMAND: POST /session/5c0f611fe9e992bf6baa21fdd84b9363/element - {"using":"xpath","value":"//span[contains(@id ,\"application-addressmanagement-display-component---detailAdm--addressDetailDetailsName1\")][contains(text(), \"WebdriverYardglhm9k\")]"}
RESULT: {"using":"xpath","value":"//span[contains(@id ,\"application-addressmanagement-display-component---detailAdm--addressDetailDetailsName1\")][contains(text(), \"WebdriverYardglhm9k\")]"}
COMMAND: POST /session/5c0f611fe9e992bf6baa21fdd84b9363/element - {"using":"xpath","value":"//span[contains(@id ,\"application-addressmanagement-display-component---detailAdm--addressDetailDetailsName1\")][contains(text(), \"WebdriverYardglhm9k\")]"}
RESULT: {"using":"xpath","value":"//span[contains(@id ,\"application-addressmanagement-display-component---detailAdm--addressDetailDetailsName1\")][contains(text(), \"WebdriverYardglhm9k\")]"}
COMMAND: POST /session/5c0f611fe9e992bf6baa21fdd84b9363/element - {"using":"xpath","value":"//span[contains(@id ,\"application-addressmanagement-display-component---detailAdm--addressDetailDetailsName1\")][contains(text(), \"WebdriverYardglhm9k\")]"}
RESULT: {"using":"xpath","value":"//span[contains(@id ,\"application-addressmanagement-display-component---detailAdm--addressDetailDetailsName1\")][contains(text(), \"WebdriverYardglhm9k\")]"}
COMMAND: POST /session/5c0f611fe9e992bf6baa21fdd84b9363/element - {"using":"xpath","value":"//span[contains(@id ,\"application-addressmanagement-display-component---detailAdm--addressDetailDetailsName1\")][contains(text(), \"WebdriverYardglhm9k\")]"}
RESULT: {"using":"xpath","value":"//span[contains(@id ,\"application-addressmanagement-display-component---detailAdm--addressDetailDetailsName1\")][contains(text(), \"WebdriverYardglhm9k\")]"}
COMMAND: POST /session/5c0f611fe9e992bf6baa21fdd84b9363/element - {"using":"xpath","value":"//span[contains(@id ,\"application-addressmanagement-display-component---detailAdm--addressDetailDetailsName1\")][contains(text(), \"WebdriverYardglhm9k\")]"}
RESULT: {"using":"xpath","value":"//span[contains(@id ,\"application-addressmanagement-display-component---detailAdm--addressDetailDetailsName1\")][contains(text(), \"WebdriverYardglhm9k\")]"}
COMMAND: POST /session/5c0f611fe9e992bf6baa21fdd84b9363/element - {"using":"xpath","value":"//span[contains(@id ,\"application-addressmanagement-display-component---detailAdm--addressDetailDetailsName1\")][contains(text(), \"WebdriverYardglhm9k\")]"}
RESULT: {"using":"xpath","value":"//span[contains(@id ,\"application-addressmanagement-display-component---detailAdm--addressDetailDetailsName1\")][contains(text(), \"WebdriverYardglhm9k\")]"}
COMMAND: POST /session/5c0f611fe9e992bf6baa21fdd84b9363/element - {"using":"xpath","value":"//span[contains(@id ,\"application-addressmanagement-display-component---detailAdm--addressDetailDetailsName1\")][contains(text(), \"WebdriverYardglhm9k\")]"}
RESULT: {"using":"xpath","value":"//span[contains(@id ,\"application-addressmanagement-display-component---detailAdm--addressDetailDetailsName1\")][contains(text(), \"WebdriverYardglhm9k\")]"}
COMMAND: POST /session/5c0f611fe9e992bf6baa21fdd84b9363/element - {"using":"xpath","value":"//span[contains(@id ,\"application-addressmanagement-display-component---detailAdm--addressDetailDetailsName1\")][contains(text(), \"WebdriverYardglhm9k\")]"}
RESULT: {"using":"xpath","value":"//span[contains(@id ,\"application-addressmanagement-display-component---detailAdm--addressDetailDetailsName1\")][contains(text(), \"WebdriverYardglhm9k\")]"}
COMMAND: POST /session/5c0f611fe9e992bf6baa21fdd84b9363/element - {"using":"xpath","value":"//span[contains(@id ,\"application-addressmanagement-display-component---detailAdm--addressDetailDetailsName1\")][contains(text(), \"WebdriverYardglhm9k\")]"}
RESULT: {"using":"xpath","value":"//span[contains(@id ,\"application-addressmanagement-display-component---detailAdm--addressDetailDetailsName1\")][contains(text(), \"WebdriverYardglhm9k\")]"}
COMMAND: POST /session/5c0f611fe9e992bf6baa21fdd84b9363/element - {"using":"xpath","value":"//span[contains(@id ,\"application-addressmanagement-display-component---detailAdm--addressDetailDetailsName1\")][contains(text(), \"WebdriverYardglhm9k\")]"}
RESULT: {"using":"xpath","value":"//span[contains(@id ,\"application-addressmanagement-display-component---detailAdm--addressDetailDetailsName1\")][contains(text(), \"WebdriverYardglhm9k\")]"}
COMMAND: POST /session/5c0f611fe9e992bf6baa21fdd84b9363/element - {"using":"xpath","value":"//span[contains(@id ,\"application-addressmanagement-display-component---detailAdm--addressDetailDetailsName1\")][contains(text(), \"WebdriverYardglhm9k\")]"}
RESULT: {"using":"xpath","value":"//span[contains(@id ,\"application-addressmanagement-display-component---detailAdm--addressDetailDetailsName1\")][contains(text(), \"WebdriverYardglhm9k\")]"}
COMMAND: POST /session/5c0f611fe9e992bf6baa21fdd84b9363/element - {"using":"xpath","value":"//span[contains(@id ,\"application-addressmanagement-display-component---detailAdm--addressDetailDetailsName1\")][contains(text(), \"WebdriverYardglhm9k\")]"}
RESULT: {"using":"xpath","value":"//span[contains(@id ,\"application-addressmanagement-display-component---detailAdm--addressDetailDetailsName1\")][contains(text(), \"WebdriverYardglhm9k\")]"}
COMMAND: POST /session/5c0f611fe9e992bf6baa21fdd84b9363/element - {"using":"xpath","value":"//span[contains(@id ,\"application-addressmanagement-display-component---detailAdm--addressDetailDetailsName1\")][contains(text(), \"WebdriverYardglhm9k\")]"}
RESULT: {"using":"xpath","value":"//span[contains(@id ,\"application-addressmanagement-display-component---detailAdm--addressDetailDetailsName1\")][contains(text(), \"WebdriverYardglhm9k\")]"}
COMMAND: POST /session/5c0f611fe9e992bf6baa21fdd84b9363/element - {"using":"xpath","value":"//span[contains(@id ,\"application-addressmanagement-display-component---detailAdm--addressDetailDetailsName1\")][contains(text(), \"WebdriverYardglhm9k\")]"}
RESULT: {"using":"xpath","value":"//span[contains(@id ,\"application-addressmanagement-display-component---detailAdm--addressDetailDetailsName1\")][contains(text(), \"WebdriverYardglhm9k\")]"}
COMMAND: POST /session/5c0f611fe9e992bf6baa21fdd84b9363/element - {"using":"xpath","value":"//span[contains(@id ,\"application-addressmanagement-display-component---detailAdm--addressDetailDetailsName1\")][contains(text(), \"WebdriverYardglhm9k\")]"}
RESULT: {"using":"xpath","value":"//span[contains(@id ,\"application-addressmanagement-display-component---detailAdm--addressDetailDetailsName1\")][contains(text(), \"WebdriverYardglhm9k\")]"}
COMMAND: POST /session/5c0f611fe9e992bf6baa21fdd84b9363/element - {"using":"xpath","value":"//span[contains(@id ,\"application-addressmanagement-display-component---detailAdm--addressDetailDetailsName1\")][contains(text(), \"WebdriverYardglhm9k\")]"}
RESULT: {"using":"xpath","value":"//span[contains(@id ,\"application-addressmanagement-display-component---detailAdm--addressDetailDetailsName1\")][contains(text(), \"WebdriverYardglhm9k\")]"}
COMMAND: POST /session/5c0f611fe9e992bf6baa21fdd84b9363/element - {"using":"xpath","value":"//span[contains(@id ,\"actionsToolbar-overflowButton-img\")]"}
RESULT: {"using":"xpath","value":"//span[contains(@id ,\"actionsToolbar-overflowButton-img\")]"}
COMMAND: POST /session/5c0f611fe9e992bf6baa21fdd84b9363/execute/sync - {"script":"<script> [8489 bytes]","args":[{"element-6066-11e4-a52e-4f735466cecf":"f.29A4D9279EB6458BA2B177A8085AE4F2.d.6A7E876EC2B2327D1077E83620D388B8.e.4588","ELEMENT":"f.29A4D9279EB6458BA2B177A8085AE4F2.d.6A7E876EC2B2327D1077E83620D388B8.e.4588"}]}
RESULT: {"script":"<script> [8489 bytes]","args":[{"element-6066-11e4-a52e-4f735466cecf":"f.29A4D9279EB6458BA2B177A8085AE4F2.d.6A7E876EC2B2327D1077E83620D388B8.e.4588","ELEMENT":"f.29A4D9279EB6458BA2B177A8085AE4F2.d.6A7E876EC2B2327D1077E83620D388B8.e.4588"}]}
COMMAND: POST /session/5c0f611fe9e992bf6baa21fdd84b9363/execute/sync - {"script":"<script> [5351 bytes]","args":[{"element-6066-11e4-a52e-4f735466cecf":"f.29A4D9279EB6458BA2B177A8085AE4F2.d.6A7E876EC2B2327D1077E83620D388B8.e.4588","ELEMENT":"f.29A4D9279EB6458BA2B177A8085AE4F2.d.6A7E876EC2B2327D1077E83620D388B8.e.4588"}]}
COMMAND: GET /session/5c0f611fe9e992bf6baa21fdd84b9363/screenshot - {}
RESULT: {"script":"<script> [5351 bytes]","args":[{"element-6066-11e4-a52e-4f735466cecf":"f.29A4D9279EB6458BA2B177A8085AE4F2.d.6A7E876EC2B2327D1077E83620D388B8.e.4588","ELEMENT":"f.29A4D9279EB6458BA2B177A8085AE4F2.d.6A7E876EC2B2327D1077E83620D388B8.e.4588"}]}
COMMAND: POST /session/5c0f611fe9e992bf6baa21fdd84b9363/element/f.29A4D9279EB6458BA2B177A8085AE4F2.d.6A7E876EC2B2327D1077E83620D388B8.e.4588/click - {}
COMMAND: GET /session/5c0f611fe9e992bf6baa21fdd84b9363/screenshot - {}
RESULT: {}
RESULT: {}
COMMAND: GET /session/5c0f611fe9e992bf6baa21fdd84b9363/screenshot - {}
COMMAND: POST /session/5c0f611fe9e992bf6baa21fdd84b9363/element - {"using":"xpath","value":"//span[contains(@id ,\"application-addressmanagement-display-component---detailAdm--addressDetailDetailsName1\")][contains(text(), \"WebdriverYardglhm9k\")]"}
RESULT: {}
RESULT: {}
RESULT: {"using":"xpath","value":"//span[contains(@id ,\"application-addressmanagement-display-component---detailAdm--addressDetailDetailsName1\")][contains(text(), \"WebdriverYardglhm9k\")]"}
COMMAND: POST /session/5c0f611fe9e992bf6baa21fdd84b9363/element - {"using":"xpath","value":"//span[contains(@id ,\"application-addressmanagement-display-component---detailAdm--addressDetailDetailsName1\")][contains(text(), \"WebdriverYardglhm9k\")]"}
RESULT: {"using":"xpath","value":"//span[contains(@id ,\"application-addressmanagement-display-component---detailAdm--addressDetailDetailsName1\")][contains(text(), \"WebdriverYardglhm9k\")]"}
COMMAND: POST /session/5c0f611fe9e992bf6baa21fdd84b9363/element - {"using":"xpath","value":"//span[contains(@id ,\"application-addressmanagement-display-component---detailAdm--addressDetailDetailsName1\")][contains(text(), \"WebdriverYardglhm9k\")]"}
RESULT: {"using":"xpath","value":"//span[contains(@id ,\"application-addressmanagement-display-component---detailAdm--addressDetailDetailsName1\")][contains(text(), \"WebdriverYardglhm9k\")]"}
COMMAND: POST /session/5c0f611fe9e992bf6baa21fdd84b9363/element - {"using":"xpath","value":"//span[contains(@id ,\"application-addressmanagement-display-component---detailAdm--addressDetailDetailsName1\")][contains(text(), \"WebdriverYardglhm9k\")]"}
COMMAND: POST /session/5c0f611fe9e992bf6baa21fdd84b9363/element - {"using":"xpath","value":"(//bdi[contains(text(), \"Deactivate\")])[1]"}
RESULT: {"using":"xpath","value":"//span[contains(@id ,\"application-addressmanagement-display-component---detailAdm--addressDetailDetailsName1\")][contains(text(), \"WebdriverYardglhm9k\")]"}
RESULT: {"using":"xpath","value":"(//bdi[contains(text(), \"Deactivate\")])[1]"}
COMMAND: POST /session/5c0f611fe9e992bf6baa21fdd84b9363/element/f.29A4D9279EB6458BA2B177A8085AE4F2.d.6A7E876EC2B2327D1077E83620D388B8.e.4591/click - {}
RESULT: {}
COMMAND: GET /session/5c0f611fe9e992bf6baa21fdd84b9363/screenshot - {}
COMMAND: POST /session/5c0f611fe9e992bf6baa21fdd84b9363/element - {"using":"xpath","value":"//span[contains(@id ,\"application-addressmanagement-display-component---detailAdm--addressDetailDetailsName1\")][contains(text(), \"WebdriverYardglhm9k\")]"}
RESULT: {}
RESULT: {"using":"xpath","value":"//span[contains(@id ,\"application-addressmanagement-display-component---detailAdm--addressDetailDetailsName1\")][contains(text(), \"WebdriverYardglhm9k\")]"}
COMMAND: POST /session/5c0f611fe9e992bf6baa21fdd84b9363/element - {"using":"xpath","value":"//span[contains(@id ,\"application-addressmanagement-display-component---detailAdm--addressDetailDetailsName1\")][contains(text(), \"WebdriverYardglhm9k\")]"}
RESULT: {"using":"xpath","value":"//span[contains(@id ,\"application-addressmanagement-display-component---detailAdm--addressDetailDetailsName1\")][contains(text(), \"WebdriverYardglhm9k\")]"}
COMMAND: POST /session/5c0f611fe9e992bf6baa21fdd84b9363/element - {"using":"xpath","value":"//span[contains(@id ,\"application-addressmanagement-display-component---detailAdm--addressDetailDetailsName1\")][contains(text(), \"WebdriverYardglhm9k\")]"}
RESULT: {"using":"xpath","value":"//span[contains(@id ,\"application-addressmanagement-display-component---detailAdm--addressDetailDetailsName1\")][contains(text(), \"WebdriverYardglhm9k\")]"}
COMMAND: POST /session/5c0f611fe9e992bf6baa21fdd84b9363/element - {"using":"xpath","value":"//span[contains(@id ,\"application-addressmanagement-display-component---detailAdm--addressDetailDetailsName1\")][contains(text(), \"WebdriverYardglhm9k\")]"}
RESULT: {"using":"xpath","value":"//span[contains(@id ,\"application-addressmanagement-display-component---detailAdm--addressDetailDetailsName1\")][contains(text(), \"WebdriverYardglhm9k\")]"}
COMMAND: POST /session/5c0f611fe9e992bf6baa21fdd84b9363/element - {"using":"xpath","value":"(//bdi[contains(text(), \"OK\")])[1]"}
RESULT: {"using":"xpath","value":"(//bdi[contains(text(), \"OK\")])[1]"}
COMMAND: POST /session/5c0f611fe9e992bf6baa21fdd84b9363/element/f.29A4D9279EB6458BA2B177A8085AE4F2.d.6A7E876EC2B2327D1077E83620D388B8.e.4594/click - {}
RESULT: {}
COMMAND: GET /session/5c0f611fe9e992bf6baa21fdd84b9363/screenshot - {}
RESULT: {}
COMMAND: POST /session/5c0f611fe9e992bf6baa21fdd84b9363/element - {"using":"xpath","value":"//span[contains(@id ,\"application-addressmanagement-display-component---detailAdm--addressDetailDetailsName1\")][contains(text(), \"WebdriverYardglhm9k\")]"}
RESULT: {"using":"xpath","value":"//span[contains(@id ,\"application-addressmanagement-display-component---detailAdm--addressDetailDetailsName1\")][contains(text(), \"WebdriverYardglhm9k\")]"}
COMMAND: POST /session/5c0f611fe9e992bf6baa21fdd84b9363/element - {"using":"xpath","value":"//span[contains(@id ,\"application-addressmanagement-display-component---detailAdm--addressDetailDetailsName1\")][contains(text(), \"WebdriverYardglhm9k\")]"}
RESULT: {"using":"xpath","value":"//span[contains(@id ,\"application-addressmanagement-display-component---detailAdm--addressDetailDetailsName1\")][contains(text(), \"WebdriverYardglhm9k\")]"}
COMMAND: POST /session/5c0f611fe9e992bf6baa21fdd84b9363/element - {"using":"xpath","value":"//span[contains(@id ,\"application-addressmanagement-display-component---detailAdm--addressDetailDetailsName1\")][contains(text(), \"WebdriverYardglhm9k\")]"}
RESULT: {"using":"xpath","value":"//span[contains(@id ,\"application-addressmanagement-display-component---detailAdm--addressDetailDetailsName1\")][contains(text(), \"WebdriverYardglhm9k\")]"}
COMMAND: POST /session/5c0f611fe9e992bf6baa21fdd84b9363/element - {"using":"xpath","value":"//span[contains(@id ,\"application-addressmanagement-display-component---detailAdm--addressDetailDetailsName1\")][contains(text(), \"WebdriverYardglhm9k\")]"}
RESULT: {"using":"xpath","value":"//span[contains(@id ,\"application-addressmanagement-display-component---detailAdm--addressDetailDetailsName1\")][contains(text(), \"WebdriverYardglhm9k\")]"}
COMMAND: POST /session/5c0f611fe9e992bf6baa21fdd84b9363/element - {"using":"xpath","value":"//span[contains(@id ,\"application-addressmanagement-display-component---detailAdm--addressDetailDetailsName1\")][contains(text(), \"WebdriverYardglhm9k\")]"}
RESULT: {"using":"xpath","value":"//span[contains(@id ,\"application-addressmanagement-display-component---detailAdm--addressDetailDetailsName1\")][contains(text(), \"WebdriverYardglhm9k\")]"}
COMMAND: POST /session/5c0f611fe9e992bf6baa21fdd84b9363/element - {"using":"xpath","value":"//span[contains(@id ,\"application-addressmanagement-display-component---detailAdm--addressDetailDetailsName1\")][contains(text(), \"WebdriverYardglhm9k\")]"}
RESULT: {"using":"xpath","value":"//span[contains(@id ,\"application-addressmanagement-display-component---detailAdm--addressDetailDetailsName1\")][contains(text(), \"WebdriverYardglhm9k\")]"}
COMMAND: POST /session/5c0f611fe9e992bf6baa21fdd84b9363/element - {"using":"xpath","value":"//input[contains(@id ,\"application-manageresources-display-component---masterRU--smartFilterBar-btnBasicSearch-I\")]"}
RESULT: {"using":"xpath","value":"//input[contains(@id ,\"application-manageresources-display-component---masterRU--smartFilterBar-btnBasicSearch-I\")]"}
COMMAND: POST /session/5c0f611fe9e992bf6baa21fdd84b9363/element/f.29A4D9279EB6458BA2B177A8085AE4F2.d.6A7E876EC2B2327D1077E83620D388B8.e.4240/value - {"text":"WdIORUGroupvs55s"}
COMMAND: POST /session/5c0f611fe9e992bf6baa21fdd84b9363/element - {"using":"xpath","value":"//span[contains(@id ,\"application-addressmanagement-display-component---detailAdm--addressDetailDetailsName1\")][contains(text(), \"WebdriverYardglhm9k\")]"}
RESULT: {"text":"WdIORUGroupvs55s"}
COMMAND: GET /session/5c0f611fe9e992bf6baa21fdd84b9363/screenshot - {}
RESULT: {"using":"xpath","value":"//span[contains(@id ,\"application-addressmanagement-display-component---detailAdm--addressDetailDetailsName1\")][contains(text(), \"WebdriverYardglhm9k\")]"}
RESULT: {}
COMMAND: POST /session/5c0f611fe9e992bf6baa21fdd84b9363/element - {"using":"xpath","value":"//span[contains(@id ,\"application-addressmanagement-display-component---detailAdm--addressDetailDetailsName1\")][contains(text(), \"WebdriverYardglhm9k\")]"}
RESULT: {"using":"xpath","value":"//span[contains(@id ,\"application-addressmanagement-display-component---detailAdm--addressDetailDetailsName1\")][contains(text(), \"WebdriverYardglhm9k\")]"}
COMMAND: POST /session/5c0f611fe9e992bf6baa21fdd84b9363/element - {"using":"xpath","value":"//span[contains(@id ,\"application-addressmanagement-display-component---detailAdm--addressDetailDetailsName1\")][contains(text(), \"WebdriverYardglhm9k\")]"}
RESULT: {"using":"xpath","value":"//span[contains(@id ,\"application-addressmanagement-display-component---detailAdm--addressDetailDetailsName1\")][contains(text(), \"WebdriverYardglhm9k\")]"}
COMMAND: POST /session/5c0f611fe9e992bf6baa21fdd84b9363/element - {"using":"xpath","value":"//span[contains(@id ,\"application-addressmanagement-display-component---detailAdm--addressDetailDetailsName1\")][contains(text(), \"WebdriverYardglhm9k\")]"}
RESULT: {"using":"xpath","value":"//span[contains(@id ,\"application-addressmanagement-display-component---detailAdm--addressDetailDetailsName1\")][contains(text(), \"WebdriverYardglhm9k\")]"}
COMMAND: POST /session/5c0f611fe9e992bf6baa21fdd84b9363/actions - {"actions":[{"id":"action13","type":"key","parameters":{},"actions":[{"type":"keyDown","value":""},{"type":"pause","duration":10},{"type":"keyUp","value":""}]}]}
RESULT: {"actions":[{"id":"action13","type":"key","parameters":{},"actions":[{"type":"keyDown","value":""},{"type":"pause","duration":10},{"type":"keyUp","value":""}]}]}
COMMAND: GET /session/5c0f611fe9e992bf6baa21fdd84b9363/screenshot - {}
COMMAND: POST /session/5c0f611fe9e992bf6baa21fdd84b9363/element - {"using":"xpath","value":"//span[contains(@id ,\"application-addressmanagement-display-component---detailAdm--addressDetailDetailsName1\")][contains(text(), \"WebdriverYardglhm9k\")]"}
RESULT: {}
RESULT: {"using":"xpath","value":"//span[contains(@id ,\"application-addressmanagement-display-component---detailAdm--addressDetailDetailsName1\")][contains(text(), \"WebdriverYardglhm9k\")]"}
COMMAND: POST /session/5c0f611fe9e992bf6baa21fdd84b9363/element - {"using":"xpath","value":"//span[contains(@id ,\"application-addressmanagement-display-component---detailAdm--addressDetailDetailsName1\")][contains(text(), \"WebdriverYardglhm9k\")]"}
RESULT: {"using":"xpath","value":"//span[contains(@id ,\"application-addressmanagement-display-component---detailAdm--addressDetailDetailsName1\")][contains(text(), \"WebdriverYardglhm9k\")]"}
COMMAND: POST /session/5c0f611fe9e992bf6baa21fdd84b9363/element - {"using":"xpath","value":"//span[contains(@id ,\"application-addressmanagement-display-component---detailAdm--addressDetailDetailsName1\")][contains(text(), \"WebdriverYardglhm9k\")]"}
RESULT: {"using":"xpath","value":"//span[contains(@id ,\"application-addressmanagement-display-component---detailAdm--addressDetailDetailsName1\")][contains(text(), \"WebdriverYardglhm9k\")]"}
COMMAND: POST /session/5c0f611fe9e992bf6baa21fdd84b9363/element - {"using":"xpath","value":"//span[contains(@id ,\"application-addressmanagement-display-component---detailAdm--addressDetailDetailsName1\")][contains(text(), \"WebdriverYardglhm9k\")]"}
RESULT: {"using":"xpath","value":"//span[contains(@id ,\"application-addressmanagement-display-component---detailAdm--addressDetailDetailsName1\")][contains(text(), \"WebdriverYardglhm9k\")]"}
COMMAND: POST /session/5c0f611fe9e992bf6baa21fdd84b9363/element - {"using":"xpath","value":"//span[contains(@id ,\"application-addressmanagement-display-component---detailAdm--addressDetailDetailsName1\")][contains(text(), \"WebdriverYardglhm9k\")]"}
RESULT: {"using":"xpath","value":"//span[contains(@id ,\"application-addressmanagement-display-component---detailAdm--addressDetailDetailsName1\")][contains(text(), \"WebdriverYardglhm9k\")]"}
COMMAND: POST /session/5c0f611fe9e992bf6baa21fdd84b9363/element - {"using":"xpath","value":"//span[contains(@id ,\"application-addressmanagement-display-component---detailAdm--addressDetailDetailsName1\")][contains(text(), \"WebdriverYardglhm9k\")]"}
RESULT: {"using":"xpath","value":"//span[contains(@id ,\"application-addressmanagement-display-component---detailAdm--addressDetailDetailsName1\")][contains(text(), \"WebdriverYardglhm9k\")]"}
COMMAND: POST /session/5c0f611fe9e992bf6baa21fdd84b9363/element - {"using":"xpath","value":"//span[contains(@id ,\"application-addressmanagement-display-component---detailAdm--addressDetailDetailsName1\")][contains(text(), \"WebdriverYardglhm9k\")]"}
RESULT: {"using":"xpath","value":"//span[contains(@id ,\"application-addressmanagement-display-component---detailAdm--addressDetailDetailsName1\")][contains(text(), \"WebdriverYardglhm9k\")]"}
COMMAND: POST /session/5c0f611fe9e992bf6baa21fdd84b9363/element - {"using":"xpath","value":"//span[contains(@id ,\"application-addressmanagement-display-component---detailAdm--addressDetailDetailsName1\")][contains(text(), \"WebdriverYardglhm9k\")]"}
RESULT: {"using":"xpath","value":"//span[contains(@id ,\"application-addressmanagement-display-component---detailAdm--addressDetailDetailsName1\")][contains(text(), \"WebdriverYardglhm9k\")]"}
COMMAND: POST /session/5c0f611fe9e992bf6baa21fdd84b9363/element - {"using":"xpath","value":"//span[contains(@id ,\"application-addressmanagement-display-component---detailAdm--addressDetailDetailsName1\")][contains(text(), \"WebdriverYardglhm9k\")]"}
RESULT: {"using":"xpath","value":"//span[contains(@id ,\"application-addressmanagement-display-component---detailAdm--addressDetailDetailsName1\")][contains(text(), \"WebdriverYardglhm9k\")]"}
COMMAND: POST /session/5c0f611fe9e992bf6baa21fdd84b9363/element - {"using":"xpath","value":"//span[contains(@id ,\"application-addressmanagement-display-component---detailAdm--addressDetailDetailsName1\")][contains(text(), \"WebdriverYardglhm9k\")]"}
RESULT: {"using":"xpath","value":"//span[contains(@id ,\"application-addressmanagement-display-component---detailAdm--addressDetailDetailsName1\")][contains(text(), \"WebdriverYardglhm9k\")]"}
COMMAND: POST /session/5c0f611fe9e992bf6baa21fdd84b9363/element - {"using":"xpath","value":"//span[contains(@id ,\"application-addressmanagement-display-component---detailAdm--addressDetailDetailsName1\")][contains(text(), \"WebdriverYardglhm9k\")]"}
RESULT: {"using":"xpath","value":"//span[contains(@id ,\"application-addressmanagement-display-component---detailAdm--addressDetailDetailsName1\")][contains(text(), \"WebdriverYardglhm9k\")]"}
COMMAND: POST /session/5c0f611fe9e992bf6baa21fdd84b9363/element - {"using":"xpath","value":"//span[contains(@id ,\"application-addressmanagement-display-component---detailAdm--addressDetailDetailsName1\")][contains(text(), \"WebdriverYardglhm9k\")]"}
COMMAND: POST /session/5c0f611fe9e992bf6baa21fdd84b9363/element - {"using":"xpath","value":"//span[contains(text(), \"WdIORUGroupvs55s\")][contains(@class ,\"sapMText sapUiSelectable sapMTextBreakWord sapMTextMaxWidth\")]"}
RESULT: {"using":"xpath","value":"//span[contains(@id ,\"application-addressmanagement-display-component---detailAdm--addressDetailDetailsName1\")][contains(text(), \"WebdriverYardglhm9k\")]"}
RESULT: {"using":"xpath","value":"//span[contains(text(), \"WdIORUGroupvs55s\")][contains(@class ,\"sapMText sapUiSelectable sapMTextBreakWord sapMTextMaxWidth\")]"}
COMMAND: POST /session/5c0f611fe9e992bf6baa21fdd84b9363/element/f.29A4D9279EB6458BA2B177A8085AE4F2.d.6A7E876EC2B2327D1077E83620D388B8.e.4795/click - {}
RESULT: {}
COMMAND: GET /session/5c0f611fe9e992bf6baa21fdd84b9363/screenshot - {}
COMMAND: POST /session/5c0f611fe9e992bf6baa21fdd84b9363/element - {"using":"xpath","value":"//span[contains(@id ,\"application-addressmanagement-display-component---detailAdm--addressDetailDetailsName1\")][contains(text(), \"WebdriverYardglhm9k\")]"}
RESULT: {}
RESULT: {"using":"xpath","value":"//span[contains(@id ,\"application-addressmanagement-display-component---detailAdm--addressDetailDetailsName1\")][contains(text(), \"WebdriverYardglhm9k\")]"}
COMMAND: POST /session/5c0f611fe9e992bf6baa21fdd84b9363/element - {"using":"xpath","value":"//span[contains(@id ,\"application-addressmanagement-display-component---detailAdm--addressDetailDetailsName1\")][contains(text(), \"WebdriverYardglhm9k\")]"}
RESULT: {"using":"xpath","value":"//span[contains(@id ,\"application-addressmanagement-display-component---detailAdm--addressDetailDetailsName1\")][contains(text(), \"WebdriverYardglhm9k\")]"}
COMMAND: POST /session/5c0f611fe9e992bf6baa21fdd84b9363/element - {"using":"xpath","value":"//span[contains(@id ,\"application-addressmanagement-display-component---detailAdm--addressDetailDetailsName1\")][contains(text(), \"WebdriverYardglhm9k\")]"}
RESULT: {"using":"xpath","value":"//span[contains(@id ,\"application-addressmanagement-display-component---detailAdm--addressDetailDetailsName1\")][contains(text(), \"WebdriverYardglhm9k\")]"}
COMMAND: POST /session/5c0f611fe9e992bf6baa21fdd84b9363/element - {"using":"xpath","value":"//span[contains(@id ,\"application-addressmanagement-display-component---detailAdm--addressDetailDetailsName1\")][contains(text(), \"WebdriverYardglhm9k\")]"}
RESULT: {"using":"xpath","value":"//span[contains(@id ,\"application-addressmanagement-display-component---detailAdm--addressDetailDetailsName1\")][contains(text(), \"WebdriverYardglhm9k\")]"}
COMMAND: POST /session/5c0f611fe9e992bf6baa21fdd84b9363/element - {"using":"xpath","value":"//span[contains(@id ,\"application-addressmanagement-display-component---detailAdm--addressDetailDetailsName1\")][contains(text(), \"WebdriverYardglhm9k\")]"}
RESULT: {"using":"xpath","value":"//span[contains(@id ,\"application-addressmanagement-display-component---detailAdm--addressDetailDetailsName1\")][contains(text(), \"WebdriverYardglhm9k\")]"}
COMMAND: POST /session/5c0f611fe9e992bf6baa21fdd84b9363/element - {"using":"xpath","value":"//span[contains(@id ,\"application-addressmanagement-display-component---detailAdm--addressDetailDetailsName1\")][contains(text(), \"WebdriverYardglhm9k\")]"}
RESULT: {"using":"xpath","value":"//span[contains(@id ,\"application-addressmanagement-display-component---detailAdm--addressDetailDetailsName1\")][contains(text(), \"WebdriverYardglhm9k\")]"}
COMMAND: POST /session/5c0f611fe9e992bf6baa21fdd84b9363/element - {"using":"xpath","value":"//span[contains(@id ,\"application-addressmanagement-display-component---detailAdm--addressDetailDetailsName1\")][contains(text(), \"WebdriverYardglhm9k\")]"}
RESULT: {"using":"xpath","value":"//span[contains(@id ,\"application-addressmanagement-display-component---detailAdm--addressDetailDetailsName1\")][contains(text(), \"WebdriverYardglhm9k\")]"}
COMMAND: POST /session/5c0f611fe9e992bf6baa21fdd84b9363/element - {"using":"xpath","value":"//span[contains(@id ,\"application-addressmanagement-display-component---detailAdm--addressDetailDetailsName1\")][contains(text(), \"WebdriverYardglhm9k\")]"}
RESULT: {"using":"xpath","value":"//span[contains(@id ,\"application-addressmanagement-display-component---detailAdm--addressDetailDetailsName1\")][contains(text(), \"WebdriverYardglhm9k\")]"}
COMMAND: POST /session/5c0f611fe9e992bf6baa21fdd84b9363/element - {"using":"xpath","value":"//span[contains(@id ,\"application-addressmanagement-display-component---detailAdm--addressDetailDetailsName1\")][contains(text(), \"WebdriverYardglhm9k\")]"}
RESULT: {"using":"xpath","value":"//span[contains(@id ,\"application-addressmanagement-display-component---detailAdm--addressDetailDetailsName1\")][contains(text(), \"WebdriverYardglhm9k\")]"}
COMMAND: POST /session/5c0f611fe9e992bf6baa21fdd84b9363/element - {"using":"xpath","value":"//span[contains(@id ,\"application-addressmanagement-display-component---detailAdm--addressDetailDetailsName1\")][contains(text(), \"WebdriverYardglhm9k\")]"}
RESULT: {"using":"xpath","value":"//span[contains(@id ,\"application-addressmanagement-display-component---detailAdm--addressDetailDetailsName1\")][contains(text(), \"WebdriverYardglhm9k\")]"}
COMMAND: POST /session/5c0f611fe9e992bf6baa21fdd84b9363/element - {"using":"xpath","value":"//span[contains(@id ,\"application-addressmanagement-display-component---detailAdm--addressDetailDetailsName1\")][contains(text(), \"WebdriverYardglhm9k\")]"}
RESULT: {"using":"xpath","value":"//span[contains(@id ,\"application-addressmanagement-display-component---detailAdm--addressDetailDetailsName1\")][contains(text(), \"WebdriverYardglhm9k\")]"}
COMMAND: POST /session/5c0f611fe9e992bf6baa21fdd84b9363/element - {"using":"xpath","value":"//span[contains(@id ,\"application-addressmanagement-display-component---detailAdm--addressDetailDetailsName1\")][contains(text(), \"WebdriverYardglhm9k\")]"}
RESULT: {"using":"xpath","value":"//span[contains(@id ,\"application-addressmanagement-display-component---detailAdm--addressDetailDetailsName1\")][contains(text(), \"WebdriverYardglhm9k\")]"}
COMMAND: POST /session/5c0f611fe9e992bf6baa21fdd84b9363/element - {"using":"xpath","value":"//bdi[contains(@id ,\"application-manageresources-display-component---detailRU--openRelatedRus-BDI-content\")]"}
RESULT: {"using":"xpath","value":"//bdi[contains(@id ,\"application-manageresources-display-component---detailRU--openRelatedRus-BDI-content\")]"}
COMMAND: POST /session/5c0f611fe9e992bf6baa21fdd84b9363/execute/sync - {"script":"<script> [8489 bytes]","args":[{"element-6066-11e4-a52e-4f735466cecf":"f.29A4D9279EB6458BA2B177A8085AE4F2.d.6A7E876EC2B2327D1077E83620D388B8.e.4847","ELEMENT":"f.29A4D9279EB6458BA2B177A8085AE4F2.d.6A7E876EC2B2327D1077E83620D388B8.e.4847"}]}
RESULT: {"script":"<script> [8489 bytes]","args":[{"element-6066-11e4-a52e-4f735466cecf":"f.29A4D9279EB6458BA2B177A8085AE4F2.d.6A7E876EC2B2327D1077E83620D388B8.e.4847","ELEMENT":"f.29A4D9279EB6458BA2B177A8085AE4F2.d.6A7E876EC2B2327D1077E83620D388B8.e.4847"}]}
COMMAND: POST /session/5c0f611fe9e992bf6baa21fdd84b9363/execute/sync - {"script":"<script> [5351 bytes]","args":[{"element-6066-11e4-a52e-4f735466cecf":"f.29A4D9279EB6458BA2B177A8085AE4F2.d.6A7E876EC2B2327D1077E83620D388B8.e.4847","ELEMENT":"f.29A4D9279EB6458BA2B177A8085AE4F2.d.6A7E876EC2B2327D1077E83620D388B8.e.4847"}]}
COMMAND: GET /session/5c0f611fe9e992bf6baa21fdd84b9363/screenshot - {}
RESULT: {"script":"<script> [5351 bytes]","args":[{"element-6066-11e4-a52e-4f735466cecf":"f.29A4D9279EB6458BA2B177A8085AE4F2.d.6A7E876EC2B2327D1077E83620D388B8.e.4847","ELEMENT":"f.29A4D9279EB6458BA2B177A8085AE4F2.d.6A7E876EC2B2327D1077E83620D388B8.e.4847"}]}
COMMAND: POST /session/5c0f611fe9e992bf6baa21fdd84b9363/element/f.29A4D9279EB6458BA2B177A8085AE4F2.d.6A7E876EC2B2327D1077E83620D388B8.e.4847/click - {}
COMMAND: GET /session/5c0f611fe9e992bf6baa21fdd84b9363/screenshot - {}
RESULT: {}
COMMAND: POST /session/5c0f611fe9e992bf6baa21fdd84b9363/element - {"using":"xpath","value":"//span[contains(@id ,\"application-addressmanagement-display-component---detailAdm--addressDetailDetailsName1\")][contains(text(), \"WebdriverYardglhm9k\")]"}
RESULT: {}
COMMAND: GET /session/5c0f611fe9e992bf6baa21fdd84b9363/screenshot - {}
RESULT: {}
RESULT: {"using":"xpath","value":"//span[contains(@id ,\"application-addressmanagement-display-component---detailAdm--addressDetailDetailsName1\")][contains(text(), \"WebdriverYardglhm9k\")]"}
RESULT: {}
COMMAND: POST /session/5c0f611fe9e992bf6baa21fdd84b9363/element - {"using":"xpath","value":"//span[contains(@id ,\"application-addressmanagement-display-component---detailAdm--addressDetailDetailsName1\")][contains(text(), \"WebdriverYardglhm9k\")]"}
RESULT: {"using":"xpath","value":"//span[contains(@id ,\"application-addressmanagement-display-component---detailAdm--addressDetailDetailsName1\")][contains(text(), \"WebdriverYardglhm9k\")]"}
COMMAND: POST /session/5c0f611fe9e992bf6baa21fdd84b9363/element - {"using":"xpath","value":"//span[contains(@id ,\"application-addressmanagement-display-component---detailAdm--addressDetailDetailsName1\")][contains(text(), \"WebdriverYardglhm9k\")]"}
RESULT: {"using":"xpath","value":"//span[contains(@id ,\"application-addressmanagement-display-component---detailAdm--addressDetailDetailsName1\")][contains(text(), \"WebdriverYardglhm9k\")]"}
COMMAND: POST /session/5c0f611fe9e992bf6baa21fdd84b9363/element - {"using":"xpath","value":"//span[contains(@id ,\"application-addressmanagement-display-component---detailAdm--addressDetailDetailsName1\")][contains(text(), \"WebdriverYardglhm9k\")]"}
RESULT: {"using":"xpath","value":"//span[contains(@id ,\"application-addressmanagement-display-component---detailAdm--addressDetailDetailsName1\")][contains(text(), \"WebdriverYardglhm9k\")]"}
COMMAND: POST /session/5c0f611fe9e992bf6baa21fdd84b9363/element - {"using":"xpath","value":"//span[contains(@id ,\"application-addressmanagement-display-component---detailAdm--addressDetailDetailsName1\")][contains(text(), \"WebdriverYardglhm9k\")]"}
RESULT: {"using":"xpath","value":"//span[contains(@id ,\"application-addressmanagement-display-component---detailAdm--addressDetailDetailsName1\")][contains(text(), \"WebdriverYardglhm9k\")]"}
COMMAND: POST /session/5c0f611fe9e992bf6baa21fdd84b9363/element - {"using":"xpath","value":"//span[contains(@id ,\"application-addressmanagement-display-component---detailAdm--addressDetailDetailsName1\")][contains(text(), \"WebdriverYardglhm9k\")]"}
RESULT: {"using":"xpath","value":"//span[contains(@id ,\"application-addressmanagement-display-component---detailAdm--addressDetailDetailsName1\")][contains(text(), \"WebdriverYardglhm9k\")]"}
COMMAND: POST /session/5c0f611fe9e992bf6baa21fdd84b9363/element - {"using":"xpath","value":"//span[contains(@id ,\"application-addressmanagement-display-component---detailAdm--addressDetailDetailsName1\")][contains(text(), \"WebdriverYardglhm9k\")]"}
RESULT: {"using":"xpath","value":"//span[contains(@id ,\"application-addressmanagement-display-component---detailAdm--addressDetailDetailsName1\")][contains(text(), \"WebdriverYardglhm9k\")]"}
RESULT: undefined
COMMAND: POST /session/5c0f611fe9e992bf6baa21fdd84b9363/execute/async - {"script":"<script> [6424 bytes]","args":[{"element-6066-11e4-a52e-4f735466cecf":"f.29A4D9279EB6458BA2B177A8085AE4F2.d.6A7E876EC2B2327D1077E83620D388B8.e.2463"},"getText",[]]}
COMMAND: POST /session/5c0f611fe9e992bf6baa21fdd84b9363/execute/async - {"script":"<script> [1562 bytes]","args":[{"selector":{"id":"RelatedRUsFragmentID--smartTableRUs-header","searchOpenDialogs":true},"wdio_ui5_key":"RelatedRUsFragmentIDsmartTableRUs-header"}]}
RESULT: {"script":"<script> [1562 bytes]","args":[{"selector":{"id":"RelatedRUsFragmentID--smartTableRUs-header","searchOpenDialogs":true},"wdio_ui5_key":"RelatedRUsFragmentIDsmartTableRUs-header"}]}
COMMAND: POST /session/5c0f611fe9e992bf6baa21fdd84b9363/execute/async - {"script":"<script> [6424 bytes]","args":[{"element-6066-11e4-a52e-4f735466cecf":"f.29A4D9279EB6458BA2B177A8085AE4F2.d.6A7E876EC2B2327D1077E83620D388B8.e.4855"},"getText",[]]}
RESULT: {"script":"<script> [6424 bytes]","args":[{"element-6066-11e4-a52e-4f735466cecf":"f.29A4D9279EB6458BA2B177A8085AE4F2.d.6A7E876EC2B2327D1077E83620D388B8.e.4855"},"getText",[]]}
COMMAND: POST /session/5c0f611fe9e992bf6baa21fdd84b9363/element - {"using":"xpath","value":"//span[contains(text(), \"WdIORUEquip17pig7\")]"}
RESULT: {"using":"xpath","value":"//span[contains(text(), \"WdIORUEquip17pig7\")]"}
COMMAND: POST /session/5c0f611fe9e992bf6baa21fdd84b9363/element - {"using":"xpath","value":"//span[contains(text(), \"WdIORUEquip17pig7\")]"}
RESULT: {"using":"xpath","value":"//span[contains(text(), \"WdIORUEquip17pig7\")]"}
COMMAND: DELETE /session/5c0f611fe9e992bf6baa21fdd84b9363 - {}
RESULT: {}
]]></system-out>
    </testcase>
  </testsuite>
</testsuites>