<?xml version="1.0" encoding="UTF-8"?>
<testsuites tests="49" failures="0" errors="0" skipped="0">
  <testsuite timestamp="2025-04-17T15:10:42" time="1676.986" tests="49" failures="0" errors="0" skipped="0">
    <properties>
      <property name="specId" value="0"/>
      <property name="suiteName" value="Sanity Tests US104253"/>
      <property name="capabilities" value="chrome.135_0_7049_42.windows"/>
      <property name="file" value="file:///D:/a/1/s/test/specs/General/sanity.spec.js"/>
    </properties>
    <testcase classname="chrome.135_0_7049_42.windows.Sanity_Tests_US104253" name="Should open Manage Partners page" time="31.775">
      <system-out><![CDATA[
COMMAND: POST /session/2ed26c8ba7702fe10b91fdd8039f8653/execute/async - {"script":"<script> [1562 bytes]","args":[{"selector":{"controlType":"sap.m.GenericTile","properties":{"header":"Manage Partners"}},"wdio_ui5_key":"sapm.GenericTile{\"header\":\"Manage Partners\"}"}]}
RESULT: {"script":"<script> [1562 bytes]","args":[{"selector":{"controlType":"sap.m.GenericTile","properties":{"header":"Manage Partners"}},"wdio_ui5_key":"sapm.GenericTile{\"header\":\"Manage Partners\"}"}]}
RESULT: undefined
COMMAND: POST /session/2ed26c8ba7702fe10b91fdd8039f8653/element - {"using":"xpath","value":"//*[@id=\"__tile38\"]"}
RESULT: {"using":"xpath","value":"//*[@id=\"__tile38\"]"}
COMMAND: POST /session/2ed26c8ba7702fe10b91fdd8039f8653/element/f.00B16FB907105E31C8BB4F36623C8378.d.728C82DF0E1C52E913F7BEF79B1393F6.e.107/click - {}
RESULT: {}
COMMAND: GET /session/2ed26c8ba7702fe10b91fdd8039f8653/screenshot - {}
RESULT: {}
RESULT: undefined
COMMAND: POST /session/2ed26c8ba7702fe10b91fdd8039f8653/element - {"using":"xpath","value":"//*[@id=\"__tile38\"]"}
RESULT: {"using":"xpath","value":"//*[@id=\"__tile38\"]"}
COMMAND: POST /session/2ed26c8ba7702fe10b91fdd8039f8653/element/f.00B16FB907105E31C8BB4F36623C8378.d.728C82DF0E1C52E913F7BEF79B1393F6.e.107/click - {}
RESULT: undefined
COMMAND: POST /session/2ed26c8ba7702fe10b91fdd8039f8653/element - {"using":"xpath","value":"//*[@id=\"__tile38\"]"}
RESULT: {"using":"xpath","value":"//*[@id=\"__tile38\"]"}
COMMAND: POST /session/2ed26c8ba7702fe10b91fdd8039f8653/element/f.00B16FB907105E31C8BB4F36623C8378.d.728C82DF0E1C52E913F7BEF79B1393F6.e.107/click - {}
COMMAND: POST /session/2ed26c8ba7702fe10b91fdd8039f8653/execute/async - {"script":"<script> [1562 bytes]","args":[{"selector":{"id":"shellAppTitle"},"wdio_ui5_key":"shellAppTitle"}]}
RESULT: {"script":"<script> [1562 bytes]","args":[{"selector":{"id":"shellAppTitle"},"wdio_ui5_key":"shellAppTitle"}]}
RESULT: undefined
COMMAND: POST /session/2ed26c8ba7702fe10b91fdd8039f8653/execute/async - {"script":"<script> [6424 bytes]","args":[{"element-6066-11e4-a52e-4f735466cecf":"f.00B16FB907105E31C8BB4F36623C8378.d.728C82DF0E1C52E913F7BEF79B1393F6.e.280"},"getTitle",[]]}
RESULT: {"script":"<script> [6424 bytes]","args":[{"element-6066-11e4-a52e-4f735466cecf":"f.00B16FB907105E31C8BB4F36623C8378.d.728C82DF0E1C52E913F7BEF79B1393F6.e.280"},"getTitle",[]]}
COMMAND: POST /session/2ed26c8ba7702fe10b91fdd8039f8653/execute/async - {"script":"<script> [1562 bytes]","args":[{"selector":{"id":"backBtn"},"wdio_ui5_key":"backBtn"}]}
RESULT: {"script":"<script> [1562 bytes]","args":[{"selector":{"id":"backBtn"},"wdio_ui5_key":"backBtn"}]}
RESULT: undefined
COMMAND: POST /session/2ed26c8ba7702fe10b91fdd8039f8653/element - {"using":"xpath","value":"//*[@id=\"backBtn\"]"}
RESULT: {"using":"xpath","value":"//*[@id=\"backBtn\"]"}
COMMAND: POST /session/2ed26c8ba7702fe10b91fdd8039f8653/element/f.00B16FB907105E31C8BB4F36623C8378.d.728C82DF0E1C52E913F7BEF79B1393F6.e.281/click - {}
RESULT: {}
COMMAND: GET /session/2ed26c8ba7702fe10b91fdd8039f8653/screenshot - {}
RESULT: {}
]]></system-out>
    </testcase>
    <testcase classname="chrome.135_0_7049_42.windows.Sanity_Tests_US104253" name="Should open Manage Sites page" time="30.805">
      <system-out><![CDATA[
COMMAND: POST /session/2ed26c8ba7702fe10b91fdd8039f8653/execute/async - {"script":"<script> [1562 bytes]","args":[{"selector":{"controlType":"sap.m.GenericTile","properties":{"header":"Manage Sites"}},"wdio_ui5_key":"sapm.GenericTile{\"header\":\"Manage Sites\"}"}]}
RESULT: {"script":"<script> [1562 bytes]","args":[{"selector":{"controlType":"sap.m.GenericTile","properties":{"header":"Manage Sites"}},"wdio_ui5_key":"sapm.GenericTile{\"header\":\"Manage Sites\"}"}]}
RESULT: undefined
COMMAND: POST /session/2ed26c8ba7702fe10b91fdd8039f8653/element - {"using":"xpath","value":"//*[@id=\"__tile40\"]"}
RESULT: {"using":"xpath","value":"//*[@id=\"__tile40\"]"}
COMMAND: POST /session/2ed26c8ba7702fe10b91fdd8039f8653/element/f.00B16FB907105E31C8BB4F36623C8378.d.728C82DF0E1C52E913F7BEF79B1393F6.e.283/click - {}
RESULT: {}
COMMAND: GET /session/2ed26c8ba7702fe10b91fdd8039f8653/screenshot - {}
RESULT: {}
RESULT: undefined
COMMAND: POST /session/2ed26c8ba7702fe10b91fdd8039f8653/element - {"using":"xpath","value":"//*[@id=\"__tile40\"]"}
RESULT: {"using":"xpath","value":"//*[@id=\"__tile40\"]"}
COMMAND: POST /session/2ed26c8ba7702fe10b91fdd8039f8653/element/f.00B16FB907105E31C8BB4F36623C8378.d.728C82DF0E1C52E913F7BEF79B1393F6.e.283/click - {}
RESULT: undefined
COMMAND: POST /session/2ed26c8ba7702fe10b91fdd8039f8653/element - {"using":"xpath","value":"//*[@id=\"__tile40\"]"}
RESULT: {"using":"xpath","value":"//*[@id=\"__tile40\"]"}
COMMAND: POST /session/2ed26c8ba7702fe10b91fdd8039f8653/element/f.00B16FB907105E31C8BB4F36623C8378.d.728C82DF0E1C52E913F7BEF79B1393F6.e.283/click - {}
RESULT: undefined
COMMAND: POST /session/2ed26c8ba7702fe10b91fdd8039f8653/execute/async - {"script":"<script> [6424 bytes]","args":[{"element-6066-11e4-a52e-4f735466cecf":"f.00B16FB907105E31C8BB4F36623C8378.d.728C82DF0E1C52E913F7BEF79B1393F6.e.280"},"getTitle",[]]}
COMMAND: POST /session/2ed26c8ba7702fe10b91fdd8039f8653/execute/async - {"script":"<script> [1562 bytes]","args":[{"selector":{"id":"shellAppTitle"},"wdio_ui5_key":"shellAppTitle"}]}
RESULT: {"script":"<script> [1562 bytes]","args":[{"selector":{"id":"shellAppTitle"},"wdio_ui5_key":"shellAppTitle"}]}
COMMAND: POST /session/2ed26c8ba7702fe10b91fdd8039f8653/execute/async - {"script":"<script> [6424 bytes]","args":[{"element-6066-11e4-a52e-4f735466cecf":"f.00B16FB907105E31C8BB4F36623C8378.d.728C82DF0E1C52E913F7BEF79B1393F6.e.470"},"getTitle",[]]}
RESULT: {"script":"<script> [6424 bytes]","args":[{"element-6066-11e4-a52e-4f735466cecf":"f.00B16FB907105E31C8BB4F36623C8378.d.728C82DF0E1C52E913F7BEF79B1393F6.e.470"},"getTitle",[]]}
RESULT: undefined
COMMAND: POST /session/2ed26c8ba7702fe10b91fdd8039f8653/element/f.00B16FB907105E31C8BB4F36623C8378.d.728C82DF0E1C52E913F7BEF79B1393F6.e.281/click - {}
RESULT: {}
COMMAND: GET /session/2ed26c8ba7702fe10b91fdd8039f8653/screenshot - {}
RESULT: {}
]]></system-out>
    </testcase>
    <testcase classname="chrome.135_0_7049_42.windows.Sanity_Tests_US104253" name="Should open Manage Resources page" time="30.616">
      <system-out><![CDATA[
COMMAND: POST /session/2ed26c8ba7702fe10b91fdd8039f8653/execute/async - {"script":"<script> [1562 bytes]","args":[{"selector":{"controlType":"sap.m.GenericTile","properties":{"header":"Manage Resources"}},"wdio_ui5_key":"sapm.GenericTile{\"header\":\"Manage Resources\"}"}]}
RESULT: {"script":"<script> [1562 bytes]","args":[{"selector":{"controlType":"sap.m.GenericTile","properties":{"header":"Manage Resources"}},"wdio_ui5_key":"sapm.GenericTile{\"header\":\"Manage Resources\"}"}]}
RESULT: undefined
COMMAND: POST /session/2ed26c8ba7702fe10b91fdd8039f8653/element - {"using":"xpath","value":"//*[@id=\"__tile39\"]"}
RESULT: {"using":"xpath","value":"//*[@id=\"__tile39\"]"}
COMMAND: POST /session/2ed26c8ba7702fe10b91fdd8039f8653/element/f.00B16FB907105E31C8BB4F36623C8378.d.728C82DF0E1C52E913F7BEF79B1393F6.e.472/click - {}
RESULT: {}
COMMAND: GET /session/2ed26c8ba7702fe10b91fdd8039f8653/screenshot - {}
RESULT: {}
RESULT: undefined
COMMAND: POST /session/2ed26c8ba7702fe10b91fdd8039f8653/element - {"using":"xpath","value":"//*[@id=\"__tile39\"]"}
RESULT: {"using":"xpath","value":"//*[@id=\"__tile39\"]"}
COMMAND: POST /session/2ed26c8ba7702fe10b91fdd8039f8653/element/f.00B16FB907105E31C8BB4F36623C8378.d.728C82DF0E1C52E913F7BEF79B1393F6.e.472/click - {}
RESULT: undefined
COMMAND: POST /session/2ed26c8ba7702fe10b91fdd8039f8653/element - {"using":"xpath","value":"//*[@id=\"__tile39\"]"}
RESULT: {"using":"xpath","value":"//*[@id=\"__tile39\"]"}
COMMAND: POST /session/2ed26c8ba7702fe10b91fdd8039f8653/element/f.00B16FB907105E31C8BB4F36623C8378.d.728C82DF0E1C52E913F7BEF79B1393F6.e.472/click - {}
RESULT: undefined
RESULT: undefined
COMMAND: POST /session/2ed26c8ba7702fe10b91fdd8039f8653/execute/async - {"script":"<script> [6424 bytes]","args":[{"element-6066-11e4-a52e-4f735466cecf":"f.00B16FB907105E31C8BB4F36623C8378.d.728C82DF0E1C52E913F7BEF79B1393F6.e.280"},"getTitle",[]]}
COMMAND: POST /session/2ed26c8ba7702fe10b91fdd8039f8653/execute/async - {"script":"<script> [1562 bytes]","args":[{"selector":{"id":"shellAppTitle"},"wdio_ui5_key":"shellAppTitle"}]}
RESULT: {"script":"<script> [1562 bytes]","args":[{"selector":{"id":"shellAppTitle"},"wdio_ui5_key":"shellAppTitle"}]}
COMMAND: POST /session/2ed26c8ba7702fe10b91fdd8039f8653/execute/async - {"script":"<script> [6424 bytes]","args":[{"element-6066-11e4-a52e-4f735466cecf":"f.00B16FB907105E31C8BB4F36623C8378.d.728C82DF0E1C52E913F7BEF79B1393F6.e.643"},"getTitle",[]]}
RESULT: {"script":"<script> [6424 bytes]","args":[{"element-6066-11e4-a52e-4f735466cecf":"f.00B16FB907105E31C8BB4F36623C8378.d.728C82DF0E1C52E913F7BEF79B1393F6.e.643"},"getTitle",[]]}
RESULT: undefined
COMMAND: POST /session/2ed26c8ba7702fe10b91fdd8039f8653/element/f.00B16FB907105E31C8BB4F36623C8378.d.728C82DF0E1C52E913F7BEF79B1393F6.e.281/click - {}
COMMAND: POST /session/2ed26c8ba7702fe10b91fdd8039f8653/element - {"using":"xpath","value":"//*[@id=\"backBtn\"]"}
RESULT: {"using":"xpath","value":"//*[@id=\"backBtn\"]"}
COMMAND: POST /session/2ed26c8ba7702fe10b91fdd8039f8653/element/f.00B16FB907105E31C8BB4F36623C8378.d.728C82DF0E1C52E913F7BEF79B1393F6.e.281/click - {}
COMMAND: POST /session/2ed26c8ba7702fe10b91fdd8039f8653/element - {"using":"xpath","value":"//*[@id=\"backBtn\"]"}
RESULT: {"using":"xpath","value":"//*[@id=\"backBtn\"]"}
COMMAND: POST /session/2ed26c8ba7702fe10b91fdd8039f8653/element/f.00B16FB907105E31C8BB4F36623C8378.d.728C82DF0E1C52E913F7BEF79B1393F6.e.644/click - {}
RESULT: {}
COMMAND: GET /session/2ed26c8ba7702fe10b91fdd8039f8653/screenshot - {}
RESULT: {}
]]></system-out>
    </testcase>
    <testcase classname="chrome.135_0_7049_42.windows.Sanity_Tests_US104253" name="Should open Manage Catalogs page" time="30.931">
      <system-out><![CDATA[
COMMAND: POST /session/2ed26c8ba7702fe10b91fdd8039f8653/execute/async - {"script":"<script> [1562 bytes]","args":[{"selector":{"controlType":"sap.m.GenericTile","properties":{"header":"Manage Catalogs"}},"wdio_ui5_key":"sapm.GenericTile{\"header\":\"Manage Catalogs\"}"}]}
RESULT: {"script":"<script> [1562 bytes]","args":[{"selector":{"controlType":"sap.m.GenericTile","properties":{"header":"Manage Catalogs"}},"wdio_ui5_key":"sapm.GenericTile{\"header\":\"Manage Catalogs\"}"}]}
RESULT: undefined
COMMAND: POST /session/2ed26c8ba7702fe10b91fdd8039f8653/element - {"using":"xpath","value":"//*[@id=\"__tile37\"]"}
RESULT: {"using":"xpath","value":"//*[@id=\"__tile37\"]"}
COMMAND: POST /session/2ed26c8ba7702fe10b91fdd8039f8653/element/f.00B16FB907105E31C8BB4F36623C8378.d.728C82DF0E1C52E913F7BEF79B1393F6.e.646/click - {}
RESULT: {}
COMMAND: GET /session/2ed26c8ba7702fe10b91fdd8039f8653/screenshot - {}
RESULT: {}
RESULT: undefined
COMMAND: POST /session/2ed26c8ba7702fe10b91fdd8039f8653/element - {"using":"xpath","value":"//*[@id=\"__tile37\"]"}
RESULT: {"using":"xpath","value":"//*[@id=\"__tile37\"]"}
COMMAND: POST /session/2ed26c8ba7702fe10b91fdd8039f8653/element/f.00B16FB907105E31C8BB4F36623C8378.d.728C82DF0E1C52E913F7BEF79B1393F6.e.646/click - {}
RESULT: undefined
COMMAND: POST /session/2ed26c8ba7702fe10b91fdd8039f8653/element - {"using":"xpath","value":"//*[@id=\"__tile37\"]"}
RESULT: {"using":"xpath","value":"//*[@id=\"__tile37\"]"}
COMMAND: POST /session/2ed26c8ba7702fe10b91fdd8039f8653/element/f.00B16FB907105E31C8BB4F36623C8378.d.728C82DF0E1C52E913F7BEF79B1393F6.e.646/click - {}
RESULT: undefined
COMMAND: POST /session/2ed26c8ba7702fe10b91fdd8039f8653/execute/async - {"script":"<script> [6424 bytes]","args":[{"element-6066-11e4-a52e-4f735466cecf":"f.00B16FB907105E31C8BB4F36623C8378.d.728C82DF0E1C52E913F7BEF79B1393F6.e.280"},"getTitle",[]]}
COMMAND: POST /session/2ed26c8ba7702fe10b91fdd8039f8653/execute/async - {"script":"<script> [1562 bytes]","args":[{"selector":{"id":"shellAppTitle"},"wdio_ui5_key":"shellAppTitle"}]}
RESULT: {"script":"<script> [1562 bytes]","args":[{"selector":{"id":"shellAppTitle"},"wdio_ui5_key":"shellAppTitle"}]}
COMMAND: POST /session/2ed26c8ba7702fe10b91fdd8039f8653/execute/async - {"script":"<script> [6424 bytes]","args":[{"element-6066-11e4-a52e-4f735466cecf":"f.00B16FB907105E31C8BB4F36623C8378.d.728C82DF0E1C52E913F7BEF79B1393F6.e.717"},"getTitle",[]]}
RESULT: {"script":"<script> [6424 bytes]","args":[{"element-6066-11e4-a52e-4f735466cecf":"f.00B16FB907105E31C8BB4F36623C8378.d.728C82DF0E1C52E913F7BEF79B1393F6.e.717"},"getTitle",[]]}
RESULT: undefined
COMMAND: POST /session/2ed26c8ba7702fe10b91fdd8039f8653/element/f.00B16FB907105E31C8BB4F36623C8378.d.728C82DF0E1C52E913F7BEF79B1393F6.e.644/click - {}
RESULT: {}
COMMAND: GET /session/2ed26c8ba7702fe10b91fdd8039f8653/screenshot - {}
RESULT: {}
]]></system-out>
    </testcase>
    <testcase classname="chrome.135_0_7049_42.windows.Sanity_Tests_US104253" name="Should open Manage Calendars page" time="32.442">
      <system-out><![CDATA[
COMMAND: POST /session/2ed26c8ba7702fe10b91fdd8039f8653/execute/async - {"script":"<script> [1562 bytes]","args":[{"selector":{"controlType":"sap.m.GenericTile","properties":{"header":"Manage Calendars"}},"wdio_ui5_key":"sapm.GenericTile{\"header\":\"Manage Calendars\"}"}]}
RESULT: {"script":"<script> [1562 bytes]","args":[{"selector":{"controlType":"sap.m.GenericTile","properties":{"header":"Manage Calendars"}},"wdio_ui5_key":"sapm.GenericTile{\"header\":\"Manage Calendars\"}"}]}
RESULT: undefined
COMMAND: POST /session/2ed26c8ba7702fe10b91fdd8039f8653/element - {"using":"xpath","value":"//*[@id=\"__tile36\"]"}
RESULT: {"using":"xpath","value":"//*[@id=\"__tile36\"]"}
COMMAND: POST /session/2ed26c8ba7702fe10b91fdd8039f8653/element/f.00B16FB907105E31C8BB4F36623C8378.d.728C82DF0E1C52E913F7BEF79B1393F6.e.719/click - {}
RESULT: {}
COMMAND: GET /session/2ed26c8ba7702fe10b91fdd8039f8653/screenshot - {}
RESULT: {}
RESULT: undefined
COMMAND: POST /session/2ed26c8ba7702fe10b91fdd8039f8653/element - {"using":"xpath","value":"//*[@id=\"__tile36\"]"}
RESULT: {"using":"xpath","value":"//*[@id=\"__tile36\"]"}
COMMAND: POST /session/2ed26c8ba7702fe10b91fdd8039f8653/element/f.00B16FB907105E31C8BB4F36623C8378.d.728C82DF0E1C52E913F7BEF79B1393F6.e.719/click - {}
RESULT: undefined
COMMAND: POST /session/2ed26c8ba7702fe10b91fdd8039f8653/element - {"using":"xpath","value":"//*[@id=\"__tile36\"]"}
RESULT: {"using":"xpath","value":"//*[@id=\"__tile36\"]"}
COMMAND: POST /session/2ed26c8ba7702fe10b91fdd8039f8653/element/f.00B16FB907105E31C8BB4F36623C8378.d.728C82DF0E1C52E913F7BEF79B1393F6.e.719/click - {}
RESULT: undefined
COMMAND: POST /session/2ed26c8ba7702fe10b91fdd8039f8653/execute/async - {"script":"<script> [6424 bytes]","args":[{"element-6066-11e4-a52e-4f735466cecf":"f.00B16FB907105E31C8BB4F36623C8378.d.728C82DF0E1C52E913F7BEF79B1393F6.e.280"},"getTitle",[]]}
COMMAND: POST /session/2ed26c8ba7702fe10b91fdd8039f8653/execute/async - {"script":"<script> [1562 bytes]","args":[{"selector":{"id":"shellAppTitle"},"wdio_ui5_key":"shellAppTitle"}]}
RESULT: {"script":"<script> [1562 bytes]","args":[{"selector":{"id":"shellAppTitle"},"wdio_ui5_key":"shellAppTitle"}]}
COMMAND: POST /session/2ed26c8ba7702fe10b91fdd8039f8653/execute/async - {"script":"<script> [6424 bytes]","args":[{"element-6066-11e4-a52e-4f735466cecf":"f.00B16FB907105E31C8BB4F36623C8378.d.728C82DF0E1C52E913F7BEF79B1393F6.e.788"},"getTitle",[]]}
RESULT: {"script":"<script> [6424 bytes]","args":[{"element-6066-11e4-a52e-4f735466cecf":"f.00B16FB907105E31C8BB4F36623C8378.d.728C82DF0E1C52E913F7BEF79B1393F6.e.788"},"getTitle",[]]}
RESULT: undefined
COMMAND: POST /session/2ed26c8ba7702fe10b91fdd8039f8653/element/f.00B16FB907105E31C8BB4F36623C8378.d.728C82DF0E1C52E913F7BEF79B1393F6.e.644/click - {}
COMMAND: POST /session/2ed26c8ba7702fe10b91fdd8039f8653/element - {"using":"xpath","value":"//*[@id=\"backBtn\"]"}
RESULT: {"using":"xpath","value":"//*[@id=\"backBtn\"]"}
COMMAND: POST /session/2ed26c8ba7702fe10b91fdd8039f8653/element/f.00B16FB907105E31C8BB4F36623C8378.d.728C82DF0E1C52E913F7BEF79B1393F6.e.644/click - {}
COMMAND: POST /session/2ed26c8ba7702fe10b91fdd8039f8653/element - {"using":"xpath","value":"//*[@id=\"backBtn\"]"}
RESULT: {"using":"xpath","value":"//*[@id=\"backBtn\"]"}
COMMAND: POST /session/2ed26c8ba7702fe10b91fdd8039f8653/element/f.00B16FB907105E31C8BB4F36623C8378.d.728C82DF0E1C52E913F7BEF79B1393F6.e.789/click - {}
RESULT: {}
COMMAND: GET /session/2ed26c8ba7702fe10b91fdd8039f8653/screenshot - {}
RESULT: {}
]]></system-out>
    </testcase>
    <testcase classname="chrome.135_0_7049_42.windows.Sanity_Tests_US104253" name="Should open Address Management page" time="32.512">
      <system-out><![CDATA[
COMMAND: POST /session/2ed26c8ba7702fe10b91fdd8039f8653/execute/async - {"script":"<script> [1562 bytes]","args":[{"selector":{"controlType":"sap.m.GenericTile","properties":{"header":"Address Management"}},"wdio_ui5_key":"sapm.GenericTile{\"header\":\"Address Management\"}"}]}
RESULT: {"script":"<script> [1562 bytes]","args":[{"selector":{"controlType":"sap.m.GenericTile","properties":{"header":"Address Management"}},"wdio_ui5_key":"sapm.GenericTile{\"header\":\"Address Management\"}"}]}
RESULT: undefined
COMMAND: POST /session/2ed26c8ba7702fe10b91fdd8039f8653/element - {"using":"xpath","value":"//*[@id=\"__tile33\"]"}
RESULT: {"using":"xpath","value":"//*[@id=\"__tile33\"]"}
COMMAND: POST /session/2ed26c8ba7702fe10b91fdd8039f8653/element/f.00B16FB907105E31C8BB4F36623C8378.d.728C82DF0E1C52E913F7BEF79B1393F6.e.791/click - {}
RESULT: {}
COMMAND: GET /session/2ed26c8ba7702fe10b91fdd8039f8653/screenshot - {}
RESULT: {}
RESULT: undefined
COMMAND: POST /session/2ed26c8ba7702fe10b91fdd8039f8653/element - {"using":"xpath","value":"//*[@id=\"__tile33\"]"}
RESULT: {"using":"xpath","value":"//*[@id=\"__tile33\"]"}
COMMAND: POST /session/2ed26c8ba7702fe10b91fdd8039f8653/element/f.00B16FB907105E31C8BB4F36623C8378.d.728C82DF0E1C52E913F7BEF79B1393F6.e.791/click - {}
RESULT: undefined
COMMAND: POST /session/2ed26c8ba7702fe10b91fdd8039f8653/element - {"using":"xpath","value":"//*[@id=\"__tile33\"]"}
RESULT: {"using":"xpath","value":"//*[@id=\"__tile33\"]"}
COMMAND: POST /session/2ed26c8ba7702fe10b91fdd8039f8653/element/f.00B16FB907105E31C8BB4F36623C8378.d.728C82DF0E1C52E913F7BEF79B1393F6.e.791/click - {}
RESULT: undefined
COMMAND: POST /session/2ed26c8ba7702fe10b91fdd8039f8653/execute/async - {"script":"<script> [6424 bytes]","args":[{"element-6066-11e4-a52e-4f735466cecf":"f.00B16FB907105E31C8BB4F36623C8378.d.728C82DF0E1C52E913F7BEF79B1393F6.e.280"},"getTitle",[]]}
COMMAND: POST /session/2ed26c8ba7702fe10b91fdd8039f8653/execute/async - {"script":"<script> [1562 bytes]","args":[{"selector":{"id":"shellAppTitle"},"wdio_ui5_key":"shellAppTitle"}]}
RESULT: {"script":"<script> [1562 bytes]","args":[{"selector":{"id":"shellAppTitle"},"wdio_ui5_key":"shellAppTitle"}]}
COMMAND: POST /session/2ed26c8ba7702fe10b91fdd8039f8653/execute/async - {"script":"<script> [6424 bytes]","args":[{"element-6066-11e4-a52e-4f735466cecf":"f.00B16FB907105E31C8BB4F36623C8378.d.728C82DF0E1C52E913F7BEF79B1393F6.e.974"},"getTitle",[]]}
RESULT: {"script":"<script> [6424 bytes]","args":[{"element-6066-11e4-a52e-4f735466cecf":"f.00B16FB907105E31C8BB4F36623C8378.d.728C82DF0E1C52E913F7BEF79B1393F6.e.974"},"getTitle",[]]}
RESULT: undefined
COMMAND: POST /session/2ed26c8ba7702fe10b91fdd8039f8653/element/f.00B16FB907105E31C8BB4F36623C8378.d.728C82DF0E1C52E913F7BEF79B1393F6.e.789/click - {}
RESULT: {}
COMMAND: GET /session/2ed26c8ba7702fe10b91fdd8039f8653/screenshot - {}
RESULT: {}
]]></system-out>
    </testcase>
    <testcase classname="chrome.135_0_7049_42.windows.Sanity_Tests_US104253" name="Should open Bill Of Resources page" time="32.288">
      <system-out><![CDATA[
COMMAND: POST /session/2ed26c8ba7702fe10b91fdd8039f8653/execute/async - {"script":"<script> [1562 bytes]","args":[{"selector":{"controlType":"sap.m.GenericTile","properties":{"header":"Bill Of Resources"}},"wdio_ui5_key":"sapm.GenericTile{\"header\":\"Bill Of Resources\"}"}]}
RESULT: {"script":"<script> [1562 bytes]","args":[{"selector":{"controlType":"sap.m.GenericTile","properties":{"header":"Bill Of Resources"}},"wdio_ui5_key":"sapm.GenericTile{\"header\":\"Bill Of Resources\"}"}]}
RESULT: undefined
COMMAND: POST /session/2ed26c8ba7702fe10b91fdd8039f8653/element - {"using":"xpath","value":"//*[@id=\"__tile34\"]"}
RESULT: {"using":"xpath","value":"//*[@id=\"__tile34\"]"}
COMMAND: POST /session/2ed26c8ba7702fe10b91fdd8039f8653/element/f.00B16FB907105E31C8BB4F36623C8378.d.728C82DF0E1C52E913F7BEF79B1393F6.e.976/click - {}
RESULT: {}
COMMAND: GET /session/2ed26c8ba7702fe10b91fdd8039f8653/screenshot - {}
RESULT: {}
RESULT: undefined
COMMAND: POST /session/2ed26c8ba7702fe10b91fdd8039f8653/element - {"using":"xpath","value":"//*[@id=\"__tile34\"]"}
RESULT: {"using":"xpath","value":"//*[@id=\"__tile34\"]"}
COMMAND: POST /session/2ed26c8ba7702fe10b91fdd8039f8653/element/f.00B16FB907105E31C8BB4F36623C8378.d.728C82DF0E1C52E913F7BEF79B1393F6.e.976/click - {}
RESULT: undefined
COMMAND: POST /session/2ed26c8ba7702fe10b91fdd8039f8653/element - {"using":"xpath","value":"//*[@id=\"__tile34\"]"}
RESULT: {"using":"xpath","value":"//*[@id=\"__tile34\"]"}
COMMAND: POST /session/2ed26c8ba7702fe10b91fdd8039f8653/element/f.00B16FB907105E31C8BB4F36623C8378.d.728C82DF0E1C52E913F7BEF79B1393F6.e.976/click - {}
RESULT: undefined
COMMAND: POST /session/2ed26c8ba7702fe10b91fdd8039f8653/execute/async - {"script":"<script> [6424 bytes]","args":[{"element-6066-11e4-a52e-4f735466cecf":"f.00B16FB907105E31C8BB4F36623C8378.d.728C82DF0E1C52E913F7BEF79B1393F6.e.280"},"getTitle",[]]}
COMMAND: POST /session/2ed26c8ba7702fe10b91fdd8039f8653/execute/async - {"script":"<script> [1562 bytes]","args":[{"selector":{"id":"shellAppTitle"},"wdio_ui5_key":"shellAppTitle"}]}
RESULT: {"script":"<script> [1562 bytes]","args":[{"selector":{"id":"shellAppTitle"},"wdio_ui5_key":"shellAppTitle"}]}
COMMAND: POST /session/2ed26c8ba7702fe10b91fdd8039f8653/execute/async - {"script":"<script> [6424 bytes]","args":[{"element-6066-11e4-a52e-4f735466cecf":"f.00B16FB907105E31C8BB4F36623C8378.d.728C82DF0E1C52E913F7BEF79B1393F6.e.1059"},"getTitle",[]]}
RESULT: {"script":"<script> [6424 bytes]","args":[{"element-6066-11e4-a52e-4f735466cecf":"f.00B16FB907105E31C8BB4F36623C8378.d.728C82DF0E1C52E913F7BEF79B1393F6.e.1059"},"getTitle",[]]}
RESULT: undefined
COMMAND: POST /session/2ed26c8ba7702fe10b91fdd8039f8653/element/f.00B16FB907105E31C8BB4F36623C8378.d.728C82DF0E1C52E913F7BEF79B1393F6.e.789/click - {}
COMMAND: POST /session/2ed26c8ba7702fe10b91fdd8039f8653/element - {"using":"xpath","value":"//*[@id=\"backBtn\"]"}
RESULT: {"using":"xpath","value":"//*[@id=\"backBtn\"]"}
COMMAND: POST /session/2ed26c8ba7702fe10b91fdd8039f8653/element/f.00B16FB907105E31C8BB4F36623C8378.d.728C82DF0E1C52E913F7BEF79B1393F6.e.789/click - {}
COMMAND: POST /session/2ed26c8ba7702fe10b91fdd8039f8653/element - {"using":"xpath","value":"//*[@id=\"backBtn\"]"}
RESULT: {"using":"xpath","value":"//*[@id=\"backBtn\"]"}
COMMAND: POST /session/2ed26c8ba7702fe10b91fdd8039f8653/element/f.00B16FB907105E31C8BB4F36623C8378.d.728C82DF0E1C52E913F7BEF79B1393F6.e.1060/click - {}
RESULT: {}
COMMAND: GET /session/2ed26c8ba7702fe10b91fdd8039f8653/screenshot - {}
RESULT: {}
]]></system-out>
    </testcase>
    <testcase classname="chrome.135_0_7049_42.windows.Sanity_Tests_US104253" name="Should open Manage Yards page" time="33.101">
      <system-out><![CDATA[
COMMAND: POST /session/2ed26c8ba7702fe10b91fdd8039f8653/execute/async - {"script":"<script> [1562 bytes]","args":[{"selector":{"controlType":"sap.m.GenericTile","properties":{"header":"Manage Yards"}},"wdio_ui5_key":"sapm.GenericTile{\"header\":\"Manage Yards\"}"}]}
RESULT: {"script":"<script> [1562 bytes]","args":[{"selector":{"controlType":"sap.m.GenericTile","properties":{"header":"Manage Yards"}},"wdio_ui5_key":"sapm.GenericTile{\"header\":\"Manage Yards\"}"}]}
RESULT: undefined
COMMAND: POST /session/2ed26c8ba7702fe10b91fdd8039f8653/element - {"using":"xpath","value":"//*[@id=\"__tile41\"]"}
RESULT: {"using":"xpath","value":"//*[@id=\"__tile41\"]"}
COMMAND: POST /session/2ed26c8ba7702fe10b91fdd8039f8653/element/f.00B16FB907105E31C8BB4F36623C8378.d.728C82DF0E1C52E913F7BEF79B1393F6.e.1062/click - {}
RESULT: {}
COMMAND: GET /session/2ed26c8ba7702fe10b91fdd8039f8653/screenshot - {}
RESULT: {}
RESULT: undefined
COMMAND: POST /session/2ed26c8ba7702fe10b91fdd8039f8653/element - {"using":"xpath","value":"//*[@id=\"__tile41\"]"}
RESULT: {"using":"xpath","value":"//*[@id=\"__tile41\"]"}
COMMAND: POST /session/2ed26c8ba7702fe10b91fdd8039f8653/element/f.00B16FB907105E31C8BB4F36623C8378.d.728C82DF0E1C52E913F7BEF79B1393F6.e.1062/click - {}
RESULT: undefined
COMMAND: POST /session/2ed26c8ba7702fe10b91fdd8039f8653/element - {"using":"xpath","value":"//*[@id=\"__tile41\"]"}
RESULT: {"using":"xpath","value":"//*[@id=\"__tile41\"]"}
COMMAND: POST /session/2ed26c8ba7702fe10b91fdd8039f8653/element/f.00B16FB907105E31C8BB4F36623C8378.d.728C82DF0E1C52E913F7BEF79B1393F6.e.1062/click - {}
RESULT: undefined
COMMAND: POST /session/2ed26c8ba7702fe10b91fdd8039f8653/execute/async - {"script":"<script> [6424 bytes]","args":[{"element-6066-11e4-a52e-4f735466cecf":"f.00B16FB907105E31C8BB4F36623C8378.d.728C82DF0E1C52E913F7BEF79B1393F6.e.280"},"getTitle",[]]}
COMMAND: POST /session/2ed26c8ba7702fe10b91fdd8039f8653/execute/async - {"script":"<script> [1562 bytes]","args":[{"selector":{"id":"shellAppTitle"},"wdio_ui5_key":"shellAppTitle"}]}
RESULT: {"script":"<script> [1562 bytes]","args":[{"selector":{"id":"shellAppTitle"},"wdio_ui5_key":"shellAppTitle"}]}
COMMAND: POST /session/2ed26c8ba7702fe10b91fdd8039f8653/execute/async - {"script":"<script> [6424 bytes]","args":[{"element-6066-11e4-a52e-4f735466cecf":"f.00B16FB907105E31C8BB4F36623C8378.d.728C82DF0E1C52E913F7BEF79B1393F6.e.1244"},"getTitle",[]]}
RESULT: {"script":"<script> [6424 bytes]","args":[{"element-6066-11e4-a52e-4f735466cecf":"f.00B16FB907105E31C8BB4F36623C8378.d.728C82DF0E1C52E913F7BEF79B1393F6.e.1244"},"getTitle",[]]}
RESULT: undefined
COMMAND: POST /session/2ed26c8ba7702fe10b91fdd8039f8653/element/f.00B16FB907105E31C8BB4F36623C8378.d.728C82DF0E1C52E913F7BEF79B1393F6.e.1060/click - {}
RESULT: {}
COMMAND: GET /session/2ed26c8ba7702fe10b91fdd8039f8653/screenshot - {}
RESULT: {}
]]></system-out>
    </testcase>
    <testcase classname="chrome.135_0_7049_42.windows.Sanity_Tests_US104253" name="Should open Manage Requests page" time="36.579">
      <system-out><![CDATA[
COMMAND: POST /session/2ed26c8ba7702fe10b91fdd8039f8653/execute/async - {"script":"<script> [1562 bytes]","args":[{"selector":{"controlType":"sap.m.GenericTile","properties":{"header":"Manage Requests"}},"wdio_ui5_key":"sapm.GenericTile{\"header\":\"Manage Requests\"}"}]}
RESULT: {"script":"<script> [1562 bytes]","args":[{"selector":{"controlType":"sap.m.GenericTile","properties":{"header":"Manage Requests"}},"wdio_ui5_key":"sapm.GenericTile{\"header\":\"Manage Requests\"}"}]}
RESULT: undefined
COMMAND: POST /session/2ed26c8ba7702fe10b91fdd8039f8653/element - {"using":"xpath","value":"//*[@id=\"__tile47\"]"}
RESULT: {"using":"xpath","value":"//*[@id=\"__tile47\"]"}
COMMAND: POST /session/2ed26c8ba7702fe10b91fdd8039f8653/element/f.00B16FB907105E31C8BB4F36623C8378.d.728C82DF0E1C52E913F7BEF79B1393F6.e.1246/click - {}
RESULT: {}
COMMAND: GET /session/2ed26c8ba7702fe10b91fdd8039f8653/screenshot - {}
RESULT: {}
RESULT: undefined
COMMAND: POST /session/2ed26c8ba7702fe10b91fdd8039f8653/element - {"using":"xpath","value":"//*[@id=\"__tile47\"]"}
RESULT: {"using":"xpath","value":"//*[@id=\"__tile47\"]"}
COMMAND: POST /session/2ed26c8ba7702fe10b91fdd8039f8653/element/f.00B16FB907105E31C8BB4F36623C8378.d.728C82DF0E1C52E913F7BEF79B1393F6.e.1246/click - {}
RESULT: undefined
COMMAND: POST /session/2ed26c8ba7702fe10b91fdd8039f8653/element - {"using":"xpath","value":"//*[@id=\"__tile47\"]"}
RESULT: {"using":"xpath","value":"//*[@id=\"__tile47\"]"}
COMMAND: POST /session/2ed26c8ba7702fe10b91fdd8039f8653/element/f.00B16FB907105E31C8BB4F36623C8378.d.728C82DF0E1C52E913F7BEF79B1393F6.e.1246/click - {}
RESULT: undefined
COMMAND: POST /session/2ed26c8ba7702fe10b91fdd8039f8653/execute/async - {"script":"<script> [6424 bytes]","args":[{"element-6066-11e4-a52e-4f735466cecf":"f.00B16FB907105E31C8BB4F36623C8378.d.728C82DF0E1C52E913F7BEF79B1393F6.e.280"},"getTitle",[]]}
COMMAND: POST /session/2ed26c8ba7702fe10b91fdd8039f8653/execute/async - {"script":"<script> [1562 bytes]","args":[{"selector":{"id":"shellAppTitle"},"wdio_ui5_key":"shellAppTitle"}]}
RESULT: {"script":"<script> [1562 bytes]","args":[{"selector":{"id":"shellAppTitle"},"wdio_ui5_key":"shellAppTitle"}]}
COMMAND: POST /session/2ed26c8ba7702fe10b91fdd8039f8653/execute/async - {"script":"<script> [6424 bytes]","args":[{"element-6066-11e4-a52e-4f735466cecf":"f.00B16FB907105E31C8BB4F36623C8378.d.728C82DF0E1C52E913F7BEF79B1393F6.e.1342"},"getTitle",[]]}
RESULT: {"script":"<script> [6424 bytes]","args":[{"element-6066-11e4-a52e-4f735466cecf":"f.00B16FB907105E31C8BB4F36623C8378.d.728C82DF0E1C52E913F7BEF79B1393F6.e.1342"},"getTitle",[]]}
RESULT: undefined
COMMAND: POST /session/2ed26c8ba7702fe10b91fdd8039f8653/element/f.00B16FB907105E31C8BB4F36623C8378.d.728C82DF0E1C52E913F7BEF79B1393F6.e.1060/click - {}
COMMAND: POST /session/2ed26c8ba7702fe10b91fdd8039f8653/element - {"using":"xpath","value":"//*[@id=\"backBtn\"]"}
RESULT: {"using":"xpath","value":"//*[@id=\"backBtn\"]"}
COMMAND: POST /session/2ed26c8ba7702fe10b91fdd8039f8653/element/f.00B16FB907105E31C8BB4F36623C8378.d.728C82DF0E1C52E913F7BEF79B1393F6.e.1060/click - {}
COMMAND: POST /session/2ed26c8ba7702fe10b91fdd8039f8653/element - {"using":"xpath","value":"//*[@id=\"backBtn\"]"}
RESULT: {"using":"xpath","value":"//*[@id=\"backBtn\"]"}
COMMAND: POST /session/2ed26c8ba7702fe10b91fdd8039f8653/element/f.00B16FB907105E31C8BB4F36623C8378.d.728C82DF0E1C52E913F7BEF79B1393F6.e.1343/click - {}
RESULT: {}
COMMAND: GET /session/2ed26c8ba7702fe10b91fdd8039f8653/screenshot - {}
RESULT: {}
]]></system-out>
    </testcase>
    <testcase classname="chrome.135_0_7049_42.windows.Sanity_Tests_US104253" name="Should open Manage Purchasing page" time="30.987">
      <system-out><![CDATA[
COMMAND: POST /session/2ed26c8ba7702fe10b91fdd8039f8653/execute/async - {"script":"<script> [1562 bytes]","args":[{"selector":{"controlType":"sap.m.GenericTile","properties":{"header":"Manage Purchasing"}},"wdio_ui5_key":"sapm.GenericTile{\"header\":\"Manage Purchasing\"}"}]}
RESULT: {"script":"<script> [1562 bytes]","args":[{"selector":{"controlType":"sap.m.GenericTile","properties":{"header":"Manage Purchasing"}},"wdio_ui5_key":"sapm.GenericTile{\"header\":\"Manage Purchasing\"}"}]}
RESULT: undefined
COMMAND: POST /session/2ed26c8ba7702fe10b91fdd8039f8653/element - {"using":"xpath","value":"//*[@id=\"__tile46\"]"}
RESULT: {"using":"xpath","value":"//*[@id=\"__tile46\"]"}
COMMAND: POST /session/2ed26c8ba7702fe10b91fdd8039f8653/element/f.00B16FB907105E31C8BB4F36623C8378.d.728C82DF0E1C52E913F7BEF79B1393F6.e.1346/click - {}
RESULT: {}
COMMAND: GET /session/2ed26c8ba7702fe10b91fdd8039f8653/screenshot - {}
RESULT: {}
RESULT: undefined
COMMAND: POST /session/2ed26c8ba7702fe10b91fdd8039f8653/element - {"using":"xpath","value":"//*[@id=\"__tile46\"]"}
RESULT: {"using":"xpath","value":"//*[@id=\"__tile46\"]"}
COMMAND: POST /session/2ed26c8ba7702fe10b91fdd8039f8653/element/f.00B16FB907105E31C8BB4F36623C8378.d.728C82DF0E1C52E913F7BEF79B1393F6.e.1346/click - {}
RESULT: undefined
COMMAND: POST /session/2ed26c8ba7702fe10b91fdd8039f8653/element - {"using":"xpath","value":"//*[@id=\"__tile46\"]"}
RESULT: {"using":"xpath","value":"//*[@id=\"__tile46\"]"}
COMMAND: POST /session/2ed26c8ba7702fe10b91fdd8039f8653/element/f.00B16FB907105E31C8BB4F36623C8378.d.728C82DF0E1C52E913F7BEF79B1393F6.e.1346/click - {}
RESULT: undefined
COMMAND: POST /session/2ed26c8ba7702fe10b91fdd8039f8653/execute/async - {"script":"<script> [6424 bytes]","args":[{"element-6066-11e4-a52e-4f735466cecf":"f.00B16FB907105E31C8BB4F36623C8378.d.728C82DF0E1C52E913F7BEF79B1393F6.e.280"},"getTitle",[]]}
COMMAND: POST /session/2ed26c8ba7702fe10b91fdd8039f8653/execute/async - {"script":"<script> [1562 bytes]","args":[{"selector":{"id":"shellAppTitle"},"wdio_ui5_key":"shellAppTitle"}]}
RESULT: {"script":"<script> [1562 bytes]","args":[{"selector":{"id":"shellAppTitle"},"wdio_ui5_key":"shellAppTitle"}]}
COMMAND: POST /session/2ed26c8ba7702fe10b91fdd8039f8653/execute/async - {"script":"<script> [6424 bytes]","args":[{"element-6066-11e4-a52e-4f735466cecf":"f.00B16FB907105E31C8BB4F36623C8378.d.728C82DF0E1C52E913F7BEF79B1393F6.e.1423"},"getTitle",[]]}
RESULT: {"script":"<script> [6424 bytes]","args":[{"element-6066-11e4-a52e-4f735466cecf":"f.00B16FB907105E31C8BB4F36623C8378.d.728C82DF0E1C52E913F7BEF79B1393F6.e.1423"},"getTitle",[]]}
RESULT: undefined
COMMAND: POST /session/2ed26c8ba7702fe10b91fdd8039f8653/element/f.00B16FB907105E31C8BB4F36623C8378.d.728C82DF0E1C52E913F7BEF79B1393F6.e.1343/click - {}
RESULT: {}
COMMAND: GET /session/2ed26c8ba7702fe10b91fdd8039f8653/screenshot - {}
RESULT: {}
]]></system-out>
    </testcase>
    <testcase classname="chrome.135_0_7049_42.windows.Sanity_Tests_US104253" name="Should open Planning Board page" time="31.086">
      <system-out><![CDATA[
COMMAND: POST /session/2ed26c8ba7702fe10b91fdd8039f8653/execute/async - {"script":"<script> [1562 bytes]","args":[{"selector":{"controlType":"sap.m.GenericTile","properties":{"header":"Planning Board"}},"wdio_ui5_key":"sapm.GenericTile{\"header\":\"Planning Board\"}"}]}
RESULT: {"script":"<script> [1562 bytes]","args":[{"selector":{"controlType":"sap.m.GenericTile","properties":{"header":"Planning Board"}},"wdio_ui5_key":"sapm.GenericTile{\"header\":\"Planning Board\"}"}]}
RESULT: undefined
COMMAND: POST /session/2ed26c8ba7702fe10b91fdd8039f8653/element - {"using":"xpath","value":"//*[@id=\"__tile133\"]"}
RESULT: {"using":"xpath","value":"//*[@id=\"__tile133\"]"}
COMMAND: POST /session/2ed26c8ba7702fe10b91fdd8039f8653/element/f.00B16FB907105E31C8BB4F36623C8378.d.728C82DF0E1C52E913F7BEF79B1393F6.e.1425/click - {}
RESULT: {}
COMMAND: GET /session/2ed26c8ba7702fe10b91fdd8039f8653/screenshot - {}
RESULT: {}
RESULT: undefined
COMMAND: POST /session/2ed26c8ba7702fe10b91fdd8039f8653/element - {"using":"xpath","value":"//*[@id=\"__tile133\"]"}
RESULT: {"using":"xpath","value":"//*[@id=\"__tile133\"]"}
COMMAND: POST /session/2ed26c8ba7702fe10b91fdd8039f8653/element/f.00B16FB907105E31C8BB4F36623C8378.d.728C82DF0E1C52E913F7BEF79B1393F6.e.1425/click - {}
RESULT: undefined
COMMAND: POST /session/2ed26c8ba7702fe10b91fdd8039f8653/element - {"using":"xpath","value":"//*[@id=\"__tile133\"]"}
RESULT: {"using":"xpath","value":"//*[@id=\"__tile133\"]"}
COMMAND: POST /session/2ed26c8ba7702fe10b91fdd8039f8653/element/f.00B16FB907105E31C8BB4F36623C8378.d.728C82DF0E1C52E913F7BEF79B1393F6.e.1425/click - {}
RESULT: undefined
COMMAND: POST /session/2ed26c8ba7702fe10b91fdd8039f8653/execute/async - {"script":"<script> [6424 bytes]","args":[{"element-6066-11e4-a52e-4f735466cecf":"f.00B16FB907105E31C8BB4F36623C8378.d.728C82DF0E1C52E913F7BEF79B1393F6.e.280"},"getTitle",[]]}
COMMAND: POST /session/2ed26c8ba7702fe10b91fdd8039f8653/execute/async - {"script":"<script> [1562 bytes]","args":[{"selector":{"id":"shellAppTitle"},"wdio_ui5_key":"shellAppTitle"}]}
RESULT: {"script":"<script> [1562 bytes]","args":[{"selector":{"id":"shellAppTitle"},"wdio_ui5_key":"shellAppTitle"}]}
COMMAND: POST /session/2ed26c8ba7702fe10b91fdd8039f8653/execute/async - {"script":"<script> [6424 bytes]","args":[{"element-6066-11e4-a52e-4f735466cecf":"f.00B16FB907105E31C8BB4F36623C8378.d.728C82DF0E1C52E913F7BEF79B1393F6.e.1477"},"getTitle",[]]}
RESULT: {"script":"<script> [6424 bytes]","args":[{"element-6066-11e4-a52e-4f735466cecf":"f.00B16FB907105E31C8BB4F36623C8378.d.728C82DF0E1C52E913F7BEF79B1393F6.e.1477"},"getTitle",[]]}
RESULT: undefined
COMMAND: POST /session/2ed26c8ba7702fe10b91fdd8039f8653/element/f.00B16FB907105E31C8BB4F36623C8378.d.728C82DF0E1C52E913F7BEF79B1393F6.e.1343/click - {}
COMMAND: POST /session/2ed26c8ba7702fe10b91fdd8039f8653/element/f.00B16FB907105E31C8BB4F36623C8378.d.728C82DF0E1C52E913F7BEF79B1393F6.e.1343/click - {}
COMMAND: POST /session/2ed26c8ba7702fe10b91fdd8039f8653/element - {"using":"xpath","value":"//*[@id=\"backBtn\"]"}
COMMAND: POST /session/2ed26c8ba7702fe10b91fdd8039f8653/element - {"using":"xpath","value":"//*[@id=\"backBtn\"]"}
RESULT: {"using":"xpath","value":"//*[@id=\"backBtn\"]"}
COMMAND: POST /session/2ed26c8ba7702fe10b91fdd8039f8653/element/f.00B16FB907105E31C8BB4F36623C8378.d.728C82DF0E1C52E913F7BEF79B1393F6.e.1343/click - {}
RESULT: {"using":"xpath","value":"//*[@id=\"backBtn\"]"}
COMMAND: POST /session/2ed26c8ba7702fe10b91fdd8039f8653/element/f.00B16FB907105E31C8BB4F36623C8378.d.728C82DF0E1C52E913F7BEF79B1393F6.e.1343/click - {}
COMMAND: POST /session/2ed26c8ba7702fe10b91fdd8039f8653/element - {"using":"xpath","value":"//*[@id=\"backBtn\"]"}
COMMAND: POST /session/2ed26c8ba7702fe10b91fdd8039f8653/element - {"using":"xpath","value":"//*[@id=\"backBtn\"]"}
RESULT: {"using":"xpath","value":"//*[@id=\"backBtn\"]"}
COMMAND: POST /session/2ed26c8ba7702fe10b91fdd8039f8653/element/f.00B16FB907105E31C8BB4F36623C8378.d.728C82DF0E1C52E913F7BEF79B1393F6.e.1478/click - {}
RESULT: {"using":"xpath","value":"//*[@id=\"backBtn\"]"}
COMMAND: POST /session/2ed26c8ba7702fe10b91fdd8039f8653/element/f.00B16FB907105E31C8BB4F36623C8378.d.728C82DF0E1C52E913F7BEF79B1393F6.e.1478/click - {}
RESULT: {}
COMMAND: GET /session/2ed26c8ba7702fe10b91fdd8039f8653/screenshot - {}
RESULT: {}
COMMAND: GET /session/2ed26c8ba7702fe10b91fdd8039f8653/screenshot - {}
RESULT: {}
RESULT: {}
]]></system-out>
    </testcase>
    <testcase classname="chrome.135_0_7049_42.windows.Sanity_Tests_US104253" name="Should open Manage Contracts page" time="31.627">
      <system-out><![CDATA[
COMMAND: POST /session/2ed26c8ba7702fe10b91fdd8039f8653/execute/async - {"script":"<script> [1562 bytes]","args":[{"selector":{"controlType":"sap.m.GenericTile","properties":{"header":"Manage Contracts"}},"wdio_ui5_key":"sapm.GenericTile{\"header\":\"Manage Contracts\"}"}]}
RESULT: {"script":"<script> [1562 bytes]","args":[{"selector":{"controlType":"sap.m.GenericTile","properties":{"header":"Manage Contracts"}},"wdio_ui5_key":"sapm.GenericTile{\"header\":\"Manage Contracts\"}"}]}
RESULT: undefined
COMMAND: POST /session/2ed26c8ba7702fe10b91fdd8039f8653/element - {"using":"xpath","value":"//*[@id=\"__tile130\"]"}
RESULT: {"using":"xpath","value":"//*[@id=\"__tile130\"]"}
COMMAND: POST /session/2ed26c8ba7702fe10b91fdd8039f8653/element/f.00B16FB907105E31C8BB4F36623C8378.d.728C82DF0E1C52E913F7BEF79B1393F6.e.1480/click - {}
RESULT: {}
COMMAND: GET /session/2ed26c8ba7702fe10b91fdd8039f8653/screenshot - {}
RESULT: {}
RESULT: undefined
COMMAND: POST /session/2ed26c8ba7702fe10b91fdd8039f8653/element - {"using":"xpath","value":"//*[@id=\"__tile130\"]"}
RESULT: {"using":"xpath","value":"//*[@id=\"__tile130\"]"}
COMMAND: POST /session/2ed26c8ba7702fe10b91fdd8039f8653/element/f.00B16FB907105E31C8BB4F36623C8378.d.728C82DF0E1C52E913F7BEF79B1393F6.e.1480/click - {}
RESULT: undefined
RESULT: undefined
COMMAND: POST /session/2ed26c8ba7702fe10b91fdd8039f8653/element - {"using":"xpath","value":"//*[@id=\"__tile130\"]"}
RESULT: {"using":"xpath","value":"//*[@id=\"__tile130\"]"}
COMMAND: POST /session/2ed26c8ba7702fe10b91fdd8039f8653/element/f.00B16FB907105E31C8BB4F36623C8378.d.728C82DF0E1C52E913F7BEF79B1393F6.e.1480/click - {}
RESULT: undefined
COMMAND: POST /session/2ed26c8ba7702fe10b91fdd8039f8653/execute/async - {"script":"<script> [6424 bytes]","args":[{"element-6066-11e4-a52e-4f735466cecf":"f.00B16FB907105E31C8BB4F36623C8378.d.728C82DF0E1C52E913F7BEF79B1393F6.e.280"},"getTitle",[]]}
COMMAND: POST /session/2ed26c8ba7702fe10b91fdd8039f8653/execute/async - {"script":"<script> [1562 bytes]","args":[{"selector":{"id":"shellAppTitle"},"wdio_ui5_key":"shellAppTitle"}]}
RESULT: {"script":"<script> [1562 bytes]","args":[{"selector":{"id":"shellAppTitle"},"wdio_ui5_key":"shellAppTitle"}]}
COMMAND: POST /session/2ed26c8ba7702fe10b91fdd8039f8653/execute/async - {"script":"<script> [6424 bytes]","args":[{"element-6066-11e4-a52e-4f735466cecf":"f.00B16FB907105E31C8BB4F36623C8378.d.728C82DF0E1C52E913F7BEF79B1393F6.e.1544"},"getTitle",[]]}
RESULT: {"script":"<script> [6424 bytes]","args":[{"element-6066-11e4-a52e-4f735466cecf":"f.00B16FB907105E31C8BB4F36623C8378.d.728C82DF0E1C52E913F7BEF79B1393F6.e.1544"},"getTitle",[]]}
RESULT: undefined
COMMAND: POST /session/2ed26c8ba7702fe10b91fdd8039f8653/element/f.00B16FB907105E31C8BB4F36623C8378.d.728C82DF0E1C52E913F7BEF79B1393F6.e.1478/click - {}
RESULT: {}
COMMAND: GET /session/2ed26c8ba7702fe10b91fdd8039f8653/screenshot - {}
RESULT: {}
]]></system-out>
    </testcase>
    <testcase classname="chrome.135_0_7049_42.windows.Sanity_Tests_US104253" name="Should open Manage Quotations page" time="30.642">
      <system-out><![CDATA[
COMMAND: POST /session/2ed26c8ba7702fe10b91fdd8039f8653/execute/async - {"script":"<script> [1562 bytes]","args":[{"selector":{"controlType":"sap.m.GenericTile","properties":{"header":"Manage Quotations"}},"wdio_ui5_key":"sapm.GenericTile{\"header\":\"Manage Quotations\"}"}]}
RESULT: {"script":"<script> [1562 bytes]","args":[{"selector":{"controlType":"sap.m.GenericTile","properties":{"header":"Manage Quotations"}},"wdio_ui5_key":"sapm.GenericTile{\"header\":\"Manage Quotations\"}"}]}
RESULT: undefined
COMMAND: POST /session/2ed26c8ba7702fe10b91fdd8039f8653/element - {"using":"xpath","value":"//*[@id=\"__tile131\"]"}
RESULT: {"using":"xpath","value":"//*[@id=\"__tile131\"]"}
COMMAND: POST /session/2ed26c8ba7702fe10b91fdd8039f8653/element/f.00B16FB907105E31C8BB4F36623C8378.d.728C82DF0E1C52E913F7BEF79B1393F6.e.1546/click - {}
RESULT: {}
COMMAND: GET /session/2ed26c8ba7702fe10b91fdd8039f8653/screenshot - {}
RESULT: {}
RESULT: undefined
COMMAND: POST /session/2ed26c8ba7702fe10b91fdd8039f8653/element - {"using":"xpath","value":"//*[@id=\"__tile131\"]"}
RESULT: {"using":"xpath","value":"//*[@id=\"__tile131\"]"}
COMMAND: POST /session/2ed26c8ba7702fe10b91fdd8039f8653/element/f.00B16FB907105E31C8BB4F36623C8378.d.728C82DF0E1C52E913F7BEF79B1393F6.e.1546/click - {}
RESULT: undefined
COMMAND: POST /session/2ed26c8ba7702fe10b91fdd8039f8653/element - {"using":"xpath","value":"//*[@id=\"__tile131\"]"}
RESULT: {"using":"xpath","value":"//*[@id=\"__tile131\"]"}
COMMAND: POST /session/2ed26c8ba7702fe10b91fdd8039f8653/element/f.00B16FB907105E31C8BB4F36623C8378.d.728C82DF0E1C52E913F7BEF79B1393F6.e.1546/click - {}
RESULT: undefined
RESULT: undefined
COMMAND: POST /session/2ed26c8ba7702fe10b91fdd8039f8653/execute/async - {"script":"<script> [6424 bytes]","args":[{"element-6066-11e4-a52e-4f735466cecf":"f.00B16FB907105E31C8BB4F36623C8378.d.728C82DF0E1C52E913F7BEF79B1393F6.e.280"},"getTitle",[]]}
COMMAND: POST /session/2ed26c8ba7702fe10b91fdd8039f8653/execute/async - {"script":"<script> [1562 bytes]","args":[{"selector":{"id":"shellAppTitle"},"wdio_ui5_key":"shellAppTitle"}]}
RESULT: {"script":"<script> [1562 bytes]","args":[{"selector":{"id":"shellAppTitle"},"wdio_ui5_key":"shellAppTitle"}]}
COMMAND: POST /session/2ed26c8ba7702fe10b91fdd8039f8653/execute/async - {"script":"<script> [6424 bytes]","args":[{"element-6066-11e4-a52e-4f735466cecf":"f.00B16FB907105E31C8BB4F36623C8378.d.728C82DF0E1C52E913F7BEF79B1393F6.e.1633"},"getTitle",[]]}
RESULT: {"script":"<script> [6424 bytes]","args":[{"element-6066-11e4-a52e-4f735466cecf":"f.00B16FB907105E31C8BB4F36623C8378.d.728C82DF0E1C52E913F7BEF79B1393F6.e.1633"},"getTitle",[]]}
RESULT: undefined
COMMAND: POST /session/2ed26c8ba7702fe10b91fdd8039f8653/element/f.00B16FB907105E31C8BB4F36623C8378.d.728C82DF0E1C52E913F7BEF79B1393F6.e.1478/click - {}
COMMAND: POST /session/2ed26c8ba7702fe10b91fdd8039f8653/element - {"using":"xpath","value":"//*[@id=\"backBtn\"]"}
RESULT: {"using":"xpath","value":"//*[@id=\"backBtn\"]"}
COMMAND: POST /session/2ed26c8ba7702fe10b91fdd8039f8653/element/f.00B16FB907105E31C8BB4F36623C8378.d.728C82DF0E1C52E913F7BEF79B1393F6.e.1478/click - {}
COMMAND: POST /session/2ed26c8ba7702fe10b91fdd8039f8653/element - {"using":"xpath","value":"//*[@id=\"backBtn\"]"}
RESULT: {"using":"xpath","value":"//*[@id=\"backBtn\"]"}
COMMAND: POST /session/2ed26c8ba7702fe10b91fdd8039f8653/element/f.00B16FB907105E31C8BB4F36623C8378.d.728C82DF0E1C52E913F7BEF79B1393F6.e.1634/click - {}
RESULT: {}
COMMAND: GET /session/2ed26c8ba7702fe10b91fdd8039f8653/screenshot - {}
RESULT: {}
]]></system-out>
    </testcase>
    <testcase classname="chrome.135_0_7049_42.windows.Sanity_Tests_US104253" name="Should open Manage Handovers page" time="34.798">
      <system-out><![CDATA[
COMMAND: POST /session/2ed26c8ba7702fe10b91fdd8039f8653/execute/async - {"script":"<script> [1562 bytes]","args":[{"selector":{"controlType":"sap.m.GenericTile","properties":{"header":"Manage Handovers"}},"wdio_ui5_key":"sapm.GenericTile{\"header\":\"Manage Handovers\"}"}]}
RESULT: {"script":"<script> [1562 bytes]","args":[{"selector":{"controlType":"sap.m.GenericTile","properties":{"header":"Manage Handovers"}},"wdio_ui5_key":"sapm.GenericTile{\"header\":\"Manage Handovers\"}"}]}
RESULT: undefined
COMMAND: POST /session/2ed26c8ba7702fe10b91fdd8039f8653/element - {"using":"xpath","value":"//*[@id=\"__tile132\"]"}
RESULT: {"using":"xpath","value":"//*[@id=\"__tile132\"]"}
COMMAND: POST /session/2ed26c8ba7702fe10b91fdd8039f8653/element/f.00B16FB907105E31C8BB4F36623C8378.d.728C82DF0E1C52E913F7BEF79B1393F6.e.1636/click - {}
RESULT: {}
COMMAND: GET /session/2ed26c8ba7702fe10b91fdd8039f8653/screenshot - {}
RESULT: {}
RESULT: undefined
COMMAND: POST /session/2ed26c8ba7702fe10b91fdd8039f8653/element - {"using":"xpath","value":"//*[@id=\"__tile132\"]"}
RESULT: {"using":"xpath","value":"//*[@id=\"__tile132\"]"}
COMMAND: POST /session/2ed26c8ba7702fe10b91fdd8039f8653/element/f.00B16FB907105E31C8BB4F36623C8378.d.728C82DF0E1C52E913F7BEF79B1393F6.e.1636/click - {}
RESULT: undefined
COMMAND: POST /session/2ed26c8ba7702fe10b91fdd8039f8653/element - {"using":"xpath","value":"//*[@id=\"__tile132\"]"}
RESULT: {"using":"xpath","value":"//*[@id=\"__tile132\"]"}
COMMAND: POST /session/2ed26c8ba7702fe10b91fdd8039f8653/element/f.00B16FB907105E31C8BB4F36623C8378.d.728C82DF0E1C52E913F7BEF79B1393F6.e.1636/click - {}
RESULT: undefined
COMMAND: POST /session/2ed26c8ba7702fe10b91fdd8039f8653/execute/async - {"script":"<script> [6424 bytes]","args":[{"element-6066-11e4-a52e-4f735466cecf":"f.00B16FB907105E31C8BB4F36623C8378.d.728C82DF0E1C52E913F7BEF79B1393F6.e.280"},"getTitle",[]]}
COMMAND: POST /session/2ed26c8ba7702fe10b91fdd8039f8653/execute/async - {"script":"<script> [1562 bytes]","args":[{"selector":{"id":"shellAppTitle"},"wdio_ui5_key":"shellAppTitle"}]}
RESULT: {"script":"<script> [1562 bytes]","args":[{"selector":{"id":"shellAppTitle"},"wdio_ui5_key":"shellAppTitle"}]}
COMMAND: POST /session/2ed26c8ba7702fe10b91fdd8039f8653/execute/async - {"script":"<script> [6424 bytes]","args":[{"element-6066-11e4-a52e-4f735466cecf":"f.00B16FB907105E31C8BB4F36623C8378.d.728C82DF0E1C52E913F7BEF79B1393F6.e.1741"},"getTitle",[]]}
RESULT: {"script":"<script> [6424 bytes]","args":[{"element-6066-11e4-a52e-4f735466cecf":"f.00B16FB907105E31C8BB4F36623C8378.d.728C82DF0E1C52E913F7BEF79B1393F6.e.1741"},"getTitle",[]]}
RESULT: undefined
COMMAND: POST /session/2ed26c8ba7702fe10b91fdd8039f8653/element/f.00B16FB907105E31C8BB4F36623C8378.d.728C82DF0E1C52E913F7BEF79B1393F6.e.1634/click - {}
RESULT: {}
COMMAND: GET /session/2ed26c8ba7702fe10b91fdd8039f8653/screenshot - {}
RESULT: {}
]]></system-out>
    </testcase>
    <testcase classname="chrome.135_0_7049_42.windows.Sanity_Tests_US104253" name="Should open Delivery Monitor page" time="32.413">
      <system-out><![CDATA[
COMMAND: POST /session/2ed26c8ba7702fe10b91fdd8039f8653/execute/async - {"script":"<script> [1562 bytes]","args":[{"selector":{"controlType":"sap.m.GenericTile","properties":{"header":"Delivery Monitor"}},"wdio_ui5_key":"sapm.GenericTile{\"header\":\"Delivery Monitor\"}"}]}
RESULT: {"script":"<script> [1562 bytes]","args":[{"selector":{"controlType":"sap.m.GenericTile","properties":{"header":"Delivery Monitor"}},"wdio_ui5_key":"sapm.GenericTile{\"header\":\"Delivery Monitor\"}"}]}
RESULT: undefined
COMMAND: POST /session/2ed26c8ba7702fe10b91fdd8039f8653/element - {"using":"xpath","value":"//*[@id=\"__tile43\"]"}
RESULT: {"using":"xpath","value":"//*[@id=\"__tile43\"]"}
COMMAND: POST /session/2ed26c8ba7702fe10b91fdd8039f8653/element/f.00B16FB907105E31C8BB4F36623C8378.d.728C82DF0E1C52E913F7BEF79B1393F6.e.1743/click - {}
RESULT: {}
COMMAND: GET /session/2ed26c8ba7702fe10b91fdd8039f8653/screenshot - {}
RESULT: {}
RESULT: undefined
COMMAND: POST /session/2ed26c8ba7702fe10b91fdd8039f8653/element - {"using":"xpath","value":"//*[@id=\"__tile43\"]"}
RESULT: {"using":"xpath","value":"//*[@id=\"__tile43\"]"}
COMMAND: POST /session/2ed26c8ba7702fe10b91fdd8039f8653/element/f.00B16FB907105E31C8BB4F36623C8378.d.728C82DF0E1C52E913F7BEF79B1393F6.e.1743/click - {}
RESULT: undefined
COMMAND: POST /session/2ed26c8ba7702fe10b91fdd8039f8653/element - {"using":"xpath","value":"//*[@id=\"__tile43\"]"}
RESULT: {"using":"xpath","value":"//*[@id=\"__tile43\"]"}
COMMAND: POST /session/2ed26c8ba7702fe10b91fdd8039f8653/element/f.00B16FB907105E31C8BB4F36623C8378.d.728C82DF0E1C52E913F7BEF79B1393F6.e.1743/click - {}
RESULT: undefined
COMMAND: POST /session/2ed26c8ba7702fe10b91fdd8039f8653/execute/async - {"script":"<script> [6424 bytes]","args":[{"element-6066-11e4-a52e-4f735466cecf":"f.00B16FB907105E31C8BB4F36623C8378.d.728C82DF0E1C52E913F7BEF79B1393F6.e.280"},"getTitle",[]]}
COMMAND: POST /session/2ed26c8ba7702fe10b91fdd8039f8653/execute/async - {"script":"<script> [1562 bytes]","args":[{"selector":{"id":"shellAppTitle"},"wdio_ui5_key":"shellAppTitle"}]}
RESULT: {"script":"<script> [1562 bytes]","args":[{"selector":{"id":"shellAppTitle"},"wdio_ui5_key":"shellAppTitle"}]}
COMMAND: POST /session/2ed26c8ba7702fe10b91fdd8039f8653/execute/async - {"script":"<script> [6424 bytes]","args":[{"element-6066-11e4-a52e-4f735466cecf":"f.00B16FB907105E31C8BB4F36623C8378.d.728C82DF0E1C52E913F7BEF79B1393F6.e.1849"},"getTitle",[]]}
RESULT: {"script":"<script> [6424 bytes]","args":[{"element-6066-11e4-a52e-4f735466cecf":"f.00B16FB907105E31C8BB4F36623C8378.d.728C82DF0E1C52E913F7BEF79B1393F6.e.1849"},"getTitle",[]]}
RESULT: undefined
COMMAND: POST /session/2ed26c8ba7702fe10b91fdd8039f8653/element/f.00B16FB907105E31C8BB4F36623C8378.d.728C82DF0E1C52E913F7BEF79B1393F6.e.1634/click - {}
COMMAND: POST /session/2ed26c8ba7702fe10b91fdd8039f8653/element - {"using":"xpath","value":"//*[@id=\"backBtn\"]"}
RESULT: {"using":"xpath","value":"//*[@id=\"backBtn\"]"}
COMMAND: POST /session/2ed26c8ba7702fe10b91fdd8039f8653/element/f.00B16FB907105E31C8BB4F36623C8378.d.728C82DF0E1C52E913F7BEF79B1393F6.e.1634/click - {}
COMMAND: POST /session/2ed26c8ba7702fe10b91fdd8039f8653/element - {"using":"xpath","value":"//*[@id=\"backBtn\"]"}
RESULT: {"using":"xpath","value":"//*[@id=\"backBtn\"]"}
COMMAND: POST /session/2ed26c8ba7702fe10b91fdd8039f8653/element/f.00B16FB907105E31C8BB4F36623C8378.d.728C82DF0E1C52E913F7BEF79B1393F6.e.1850/click - {}
RESULT: {}
COMMAND: GET /session/2ed26c8ba7702fe10b91fdd8039f8653/screenshot - {}
RESULT: {}
]]></system-out>
    </testcase>
    <testcase classname="chrome.135_0_7049_42.windows.Sanity_Tests_US104253" name="Should open Manage Calendar Exceptions page" time="32.505">
      <system-out><![CDATA[
COMMAND: POST /session/2ed26c8ba7702fe10b91fdd8039f8653/execute/async - {"script":"<script> [1562 bytes]","args":[{"selector":{"controlType":"sap.m.GenericTile","properties":{"header":"Manage Calendar Exceptions"}},"wdio_ui5_key":"sapm.GenericTile{\"header\":\"Manage Calendar Exceptions\"}"}]}
RESULT: {"script":"<script> [1562 bytes]","args":[{"selector":{"controlType":"sap.m.GenericTile","properties":{"header":"Manage Calendar Exceptions"}},"wdio_ui5_key":"sapm.GenericTile{\"header\":\"Manage Calendar Exceptions\"}"}]}
RESULT: undefined
COMMAND: POST /session/2ed26c8ba7702fe10b91fdd8039f8653/element - {"using":"xpath","value":"//*[@id=\"__tile52\"]"}
RESULT: {"using":"xpath","value":"//*[@id=\"__tile52\"]"}
COMMAND: POST /session/2ed26c8ba7702fe10b91fdd8039f8653/element/f.00B16FB907105E31C8BB4F36623C8378.d.728C82DF0E1C52E913F7BEF79B1393F6.e.1852/click - {}
RESULT: {}
COMMAND: GET /session/2ed26c8ba7702fe10b91fdd8039f8653/screenshot - {}
RESULT: {}
RESULT: undefined
COMMAND: POST /session/2ed26c8ba7702fe10b91fdd8039f8653/element - {"using":"xpath","value":"//*[@id=\"__tile52\"]"}
RESULT: {"using":"xpath","value":"//*[@id=\"__tile52\"]"}
COMMAND: POST /session/2ed26c8ba7702fe10b91fdd8039f8653/element/f.00B16FB907105E31C8BB4F36623C8378.d.728C82DF0E1C52E913F7BEF79B1393F6.e.1852/click - {}
RESULT: undefined
COMMAND: POST /session/2ed26c8ba7702fe10b91fdd8039f8653/element - {"using":"xpath","value":"//*[@id=\"__tile52\"]"}
RESULT: {"using":"xpath","value":"//*[@id=\"__tile52\"]"}
COMMAND: POST /session/2ed26c8ba7702fe10b91fdd8039f8653/element/f.00B16FB907105E31C8BB4F36623C8378.d.728C82DF0E1C52E913F7BEF79B1393F6.e.1852/click - {}
RESULT: undefined
COMMAND: POST /session/2ed26c8ba7702fe10b91fdd8039f8653/execute/async - {"script":"<script> [6424 bytes]","args":[{"element-6066-11e4-a52e-4f735466cecf":"f.00B16FB907105E31C8BB4F36623C8378.d.728C82DF0E1C52E913F7BEF79B1393F6.e.280"},"getTitle",[]]}
COMMAND: POST /session/2ed26c8ba7702fe10b91fdd8039f8653/execute/async - {"script":"<script> [1562 bytes]","args":[{"selector":{"id":"shellAppTitle"},"wdio_ui5_key":"shellAppTitle"}]}
RESULT: {"script":"<script> [1562 bytes]","args":[{"selector":{"id":"shellAppTitle"},"wdio_ui5_key":"shellAppTitle"}]}
COMMAND: POST /session/2ed26c8ba7702fe10b91fdd8039f8653/execute/async - {"script":"<script> [6424 bytes]","args":[{"element-6066-11e4-a52e-4f735466cecf":"f.00B16FB907105E31C8BB4F36623C8378.d.728C82DF0E1C52E913F7BEF79B1393F6.e.1906"},"getTitle",[]]}
RESULT: {"script":"<script> [6424 bytes]","args":[{"element-6066-11e4-a52e-4f735466cecf":"f.00B16FB907105E31C8BB4F36623C8378.d.728C82DF0E1C52E913F7BEF79B1393F6.e.1906"},"getTitle",[]]}
RESULT: undefined
COMMAND: POST /session/2ed26c8ba7702fe10b91fdd8039f8653/element/f.00B16FB907105E31C8BB4F36623C8378.d.728C82DF0E1C52E913F7BEF79B1393F6.e.1850/click - {}
RESULT: {}
COMMAND: GET /session/2ed26c8ba7702fe10b91fdd8039f8653/screenshot - {}
RESULT: {}
]]></system-out>
    </testcase>
    <testcase classname="chrome.135_0_7049_42.windows.Sanity_Tests_US104253" name="Should open Manage States Performance page" time="32.868">
      <system-out><![CDATA[
COMMAND: POST /session/2ed26c8ba7702fe10b91fdd8039f8653/execute/async - {"script":"<script> [1562 bytes]","args":[{"selector":{"controlType":"sap.m.GenericTile","properties":{"header":"Manage States & Performance"}},"wdio_ui5_key":"sapm.GenericTile{\"header\":\"Manage States & Performance\"}"}]}
RESULT: {"script":"<script> [1562 bytes]","args":[{"selector":{"controlType":"sap.m.GenericTile","properties":{"header":"Manage States & Performance"}},"wdio_ui5_key":"sapm.GenericTile{\"header\":\"Manage States & Performance\"}"}]}
RESULT: undefined
COMMAND: POST /session/2ed26c8ba7702fe10b91fdd8039f8653/element - {"using":"xpath","value":"//*[@id=\"__tile56\"]"}
RESULT: {"using":"xpath","value":"//*[@id=\"__tile56\"]"}
COMMAND: POST /session/2ed26c8ba7702fe10b91fdd8039f8653/element/f.00B16FB907105E31C8BB4F36623C8378.d.728C82DF0E1C52E913F7BEF79B1393F6.e.1910/click - {}
RESULT: {}
COMMAND: GET /session/2ed26c8ba7702fe10b91fdd8039f8653/screenshot - {}
RESULT: {}
RESULT: undefined
COMMAND: POST /session/2ed26c8ba7702fe10b91fdd8039f8653/element - {"using":"xpath","value":"//*[@id=\"__tile56\"]"}
RESULT: {"using":"xpath","value":"//*[@id=\"__tile56\"]"}
COMMAND: POST /session/2ed26c8ba7702fe10b91fdd8039f8653/element/f.00B16FB907105E31C8BB4F36623C8378.d.728C82DF0E1C52E913F7BEF79B1393F6.e.1910/click - {}
RESULT: undefined
COMMAND: POST /session/2ed26c8ba7702fe10b91fdd8039f8653/element - {"using":"xpath","value":"//*[@id=\"__tile56\"]"}
RESULT: {"using":"xpath","value":"//*[@id=\"__tile56\"]"}
COMMAND: POST /session/2ed26c8ba7702fe10b91fdd8039f8653/element/f.00B16FB907105E31C8BB4F36623C8378.d.728C82DF0E1C52E913F7BEF79B1393F6.e.1910/click - {}
RESULT: undefined
COMMAND: POST /session/2ed26c8ba7702fe10b91fdd8039f8653/execute/async - {"script":"<script> [6424 bytes]","args":[{"element-6066-11e4-a52e-4f735466cecf":"f.00B16FB907105E31C8BB4F36623C8378.d.728C82DF0E1C52E913F7BEF79B1393F6.e.280"},"getTitle",[]]}
COMMAND: POST /session/2ed26c8ba7702fe10b91fdd8039f8653/execute/async - {"script":"<script> [1562 bytes]","args":[{"selector":{"id":"shellAppTitle"},"wdio_ui5_key":"shellAppTitle"}]}
RESULT: {"script":"<script> [1562 bytes]","args":[{"selector":{"id":"shellAppTitle"},"wdio_ui5_key":"shellAppTitle"}]}
COMMAND: POST /session/2ed26c8ba7702fe10b91fdd8039f8653/execute/async - {"script":"<script> [6424 bytes]","args":[{"element-6066-11e4-a52e-4f735466cecf":"f.00B16FB907105E31C8BB4F36623C8378.d.728C82DF0E1C52E913F7BEF79B1393F6.e.2011"},"getTitle",[]]}
RESULT: {"script":"<script> [6424 bytes]","args":[{"element-6066-11e4-a52e-4f735466cecf":"f.00B16FB907105E31C8BB4F36623C8378.d.728C82DF0E1C52E913F7BEF79B1393F6.e.2011"},"getTitle",[]]}
RESULT: undefined
COMMAND: POST /session/2ed26c8ba7702fe10b91fdd8039f8653/element/f.00B16FB907105E31C8BB4F36623C8378.d.728C82DF0E1C52E913F7BEF79B1393F6.e.1850/click - {}
COMMAND: POST /session/2ed26c8ba7702fe10b91fdd8039f8653/element - {"using":"xpath","value":"//*[@id=\"backBtn\"]"}
RESULT: {"using":"xpath","value":"//*[@id=\"backBtn\"]"}
COMMAND: POST /session/2ed26c8ba7702fe10b91fdd8039f8653/element/f.00B16FB907105E31C8BB4F36623C8378.d.728C82DF0E1C52E913F7BEF79B1393F6.e.1850/click - {}
COMMAND: POST /session/2ed26c8ba7702fe10b91fdd8039f8653/element - {"using":"xpath","value":"//*[@id=\"backBtn\"]"}
RESULT: {"using":"xpath","value":"//*[@id=\"backBtn\"]"}
COMMAND: POST /session/2ed26c8ba7702fe10b91fdd8039f8653/element/f.00B16FB907105E31C8BB4F36623C8378.d.728C82DF0E1C52E913F7BEF79B1393F6.e.2012/click - {}
RESULT: {}
COMMAND: GET /session/2ed26c8ba7702fe10b91fdd8039f8653/screenshot - {}
RESULT: {}
]]></system-out>
    </testcase>
    <testcase classname="chrome.135_0_7049_42.windows.Sanity_Tests_US104253" name="Should open Manage Billings page" time="45.872">
      <system-out><![CDATA[
COMMAND: POST /session/2ed26c8ba7702fe10b91fdd8039f8653/execute/async - {"script":"<script> [1562 bytes]","args":[{"selector":{"controlType":"sap.m.GenericTile","properties":{"header":"Manage Billings"}},"wdio_ui5_key":"sapm.GenericTile{\"header\":\"Manage Billings\"}"}]}
RESULT: {"script":"<script> [1562 bytes]","args":[{"selector":{"controlType":"sap.m.GenericTile","properties":{"header":"Manage Billings"}},"wdio_ui5_key":"sapm.GenericTile{\"header\":\"Manage Billings\"}"}]}
RESULT: undefined
COMMAND: POST /session/2ed26c8ba7702fe10b91fdd8039f8653/element - {"using":"xpath","value":"//*[@id=\"__tile51\"]"}
RESULT: {"using":"xpath","value":"//*[@id=\"__tile51\"]"}
COMMAND: POST /session/2ed26c8ba7702fe10b91fdd8039f8653/element/f.00B16FB907105E31C8BB4F36623C8378.d.728C82DF0E1C52E913F7BEF79B1393F6.e.2014/click - {}
RESULT: {}
COMMAND: GET /session/2ed26c8ba7702fe10b91fdd8039f8653/screenshot - {}
RESULT: {}
RESULT: undefined
COMMAND: POST /session/2ed26c8ba7702fe10b91fdd8039f8653/element - {"using":"xpath","value":"//*[@id=\"__tile51\"]"}
RESULT: {"using":"xpath","value":"//*[@id=\"__tile51\"]"}
COMMAND: POST /session/2ed26c8ba7702fe10b91fdd8039f8653/element/f.00B16FB907105E31C8BB4F36623C8378.d.728C82DF0E1C52E913F7BEF79B1393F6.e.2014/click - {}
RESULT: undefined
COMMAND: POST /session/2ed26c8ba7702fe10b91fdd8039f8653/element - {"using":"xpath","value":"//*[@id=\"__tile51\"]"}
RESULT: {"using":"xpath","value":"//*[@id=\"__tile51\"]"}
COMMAND: POST /session/2ed26c8ba7702fe10b91fdd8039f8653/element/f.00B16FB907105E31C8BB4F36623C8378.d.728C82DF0E1C52E913F7BEF79B1393F6.e.2014/click - {}
RESULT: undefined
COMMAND: POST /session/2ed26c8ba7702fe10b91fdd8039f8653/execute/async - {"script":"<script> [6424 bytes]","args":[{"element-6066-11e4-a52e-4f735466cecf":"f.00B16FB907105E31C8BB4F36623C8378.d.728C82DF0E1C52E913F7BEF79B1393F6.e.280"},"getTitle",[]]}
COMMAND: POST /session/2ed26c8ba7702fe10b91fdd8039f8653/execute/async - {"script":"<script> [1562 bytes]","args":[{"selector":{"id":"shellAppTitle"},"wdio_ui5_key":"shellAppTitle"}]}
RESULT: {"script":"<script> [1562 bytes]","args":[{"selector":{"id":"shellAppTitle"},"wdio_ui5_key":"shellAppTitle"}]}
COMMAND: POST /session/2ed26c8ba7702fe10b91fdd8039f8653/execute/async - {"script":"<script> [6424 bytes]","args":[{"element-6066-11e4-a52e-4f735466cecf":"f.00B16FB907105E31C8BB4F36623C8378.d.728C82DF0E1C52E913F7BEF79B1393F6.e.2340"},"getTitle",[]]}
RESULT: {"script":"<script> [6424 bytes]","args":[{"element-6066-11e4-a52e-4f735466cecf":"f.00B16FB907105E31C8BB4F36623C8378.d.728C82DF0E1C52E913F7BEF79B1393F6.e.2340"},"getTitle",[]]}
RESULT: undefined
COMMAND: POST /session/2ed26c8ba7702fe10b91fdd8039f8653/element/f.00B16FB907105E31C8BB4F36623C8378.d.728C82DF0E1C52E913F7BEF79B1393F6.e.2012/click - {}
COMMAND: POST /session/2ed26c8ba7702fe10b91fdd8039f8653/element/f.00B16FB907105E31C8BB4F36623C8378.d.728C82DF0E1C52E913F7BEF79B1393F6.e.2012/click - {}
RESULT: {}
COMMAND: GET /session/2ed26c8ba7702fe10b91fdd8039f8653/screenshot - {}
COMMAND: POST /session/2ed26c8ba7702fe10b91fdd8039f8653/element - {"using":"xpath","value":"//*[@id=\"backBtn\"]"}
RESULT: {}
RESULT: {"using":"xpath","value":"//*[@id=\"backBtn\"]"}
COMMAND: POST /session/2ed26c8ba7702fe10b91fdd8039f8653/elements - {"using":"xpath","value":"//*[@id=\"backBtn\"]"}
RESULT: {"using":"xpath","value":"//*[@id=\"backBtn\"]"}
COMMAND: POST /session/2ed26c8ba7702fe10b91fdd8039f8653/elements - {"using":"xpath","value":"//*[@id=\"backBtn\"]"}
RESULT: {"using":"xpath","value":"//*[@id=\"backBtn\"]"}
COMMAND: POST /session/2ed26c8ba7702fe10b91fdd8039f8653/elements - {"using":"xpath","value":"//*[@id=\"backBtn\"]"}
RESULT: {"using":"xpath","value":"//*[@id=\"backBtn\"]"}
COMMAND: POST /session/2ed26c8ba7702fe10b91fdd8039f8653/elements - {"using":"xpath","value":"//*[@id=\"backBtn\"]"}
RESULT: {"using":"xpath","value":"//*[@id=\"backBtn\"]"}
COMMAND: POST /session/2ed26c8ba7702fe10b91fdd8039f8653/elements - {"using":"xpath","value":"//*[@id=\"backBtn\"]"}
RESULT: {"using":"xpath","value":"//*[@id=\"backBtn\"]"}
COMMAND: POST /session/2ed26c8ba7702fe10b91fdd8039f8653/elements - {"using":"xpath","value":"//*[@id=\"backBtn\"]"}
RESULT: {"using":"xpath","value":"//*[@id=\"backBtn\"]"}
COMMAND: POST /session/2ed26c8ba7702fe10b91fdd8039f8653/elements - {"using":"xpath","value":"//*[@id=\"backBtn\"]"}
RESULT: {"using":"xpath","value":"//*[@id=\"backBtn\"]"}
COMMAND: POST /session/2ed26c8ba7702fe10b91fdd8039f8653/elements - {"using":"xpath","value":"//*[@id=\"backBtn\"]"}
RESULT: {"using":"xpath","value":"//*[@id=\"backBtn\"]"}
COMMAND: POST /session/2ed26c8ba7702fe10b91fdd8039f8653/elements - {"using":"xpath","value":"//*[@id=\"backBtn\"]"}
RESULT: {"using":"xpath","value":"//*[@id=\"backBtn\"]"}
COMMAND: POST /session/2ed26c8ba7702fe10b91fdd8039f8653/elements - {"using":"xpath","value":"//*[@id=\"backBtn\"]"}
RESULT: {"using":"xpath","value":"//*[@id=\"backBtn\"]"}
COMMAND: POST /session/2ed26c8ba7702fe10b91fdd8039f8653/elements - {"using":"xpath","value":"//*[@id=\"backBtn\"]"}
RESULT: {"using":"xpath","value":"//*[@id=\"backBtn\"]"}
COMMAND: POST /session/2ed26c8ba7702fe10b91fdd8039f8653/elements - {"using":"xpath","value":"//*[@id=\"backBtn\"]"}
RESULT: {"using":"xpath","value":"//*[@id=\"backBtn\"]"}
COMMAND: POST /session/2ed26c8ba7702fe10b91fdd8039f8653/elements - {"using":"xpath","value":"//*[@id=\"backBtn\"]"}
RESULT: {"using":"xpath","value":"//*[@id=\"backBtn\"]"}
COMMAND: POST /session/2ed26c8ba7702fe10b91fdd8039f8653/elements - {"using":"xpath","value":"//*[@id=\"backBtn\"]"}
RESULT: {"using":"xpath","value":"//*[@id=\"backBtn\"]"}
COMMAND: POST /session/2ed26c8ba7702fe10b91fdd8039f8653/elements - {"using":"xpath","value":"//*[@id=\"backBtn\"]"}
RESULT: {"using":"xpath","value":"//*[@id=\"backBtn\"]"}
COMMAND: POST /session/2ed26c8ba7702fe10b91fdd8039f8653/elements - {"using":"xpath","value":"//*[@id=\"backBtn\"]"}
RESULT: {"using":"xpath","value":"//*[@id=\"backBtn\"]"}
COMMAND: POST /session/2ed26c8ba7702fe10b91fdd8039f8653/elements - {"using":"xpath","value":"//*[@id=\"backBtn\"]"}
RESULT: {"using":"xpath","value":"//*[@id=\"backBtn\"]"}
]]></system-out>
    </testcase>
    <testcase classname="chrome.135_0_7049_42.windows.Sanity_Tests_US104253" name="Should open Manage Conditions Prices page" time="58.086">
      <system-out><![CDATA[
COMMAND: POST /session/2ed26c8ba7702fe10b91fdd8039f8653/execute/async - {"script":"<script> [1562 bytes]","args":[{"selector":{"controlType":"sap.m.GenericTile","properties":{"header":"Manage Conditions & Prices"}},"wdio_ui5_key":"sapm.GenericTile{\"header\":\"Manage Conditions & Prices\"}"}]}
COMMAND: POST /session/2ed26c8ba7702fe10b91fdd8039f8653/elements - {"using":"xpath","value":"//*[@id=\"backBtn\"]"}
RESULT: {"script":"<script> [1562 bytes]","args":[{"selector":{"controlType":"sap.m.GenericTile","properties":{"header":"Manage Conditions & Prices"}},"wdio_ui5_key":"sapm.GenericTile{\"header\":\"Manage Conditions & Prices\"}"}]}
RESULT: undefined
COMMAND: POST /session/2ed26c8ba7702fe10b91fdd8039f8653/element - {"using":"xpath","value":"//*[@id=\"__tile53\"]"}
RESULT: {"using":"xpath","value":"//*[@id=\"backBtn\"]"}
RESULT: {"using":"xpath","value":"//*[@id=\"__tile53\"]"}
COMMAND: POST /session/2ed26c8ba7702fe10b91fdd8039f8653/element/f.00B16FB907105E31C8BB4F36623C8378.d.728C82DF0E1C52E913F7BEF79B1393F6.e.2342/click - {}
COMMAND: POST /session/2ed26c8ba7702fe10b91fdd8039f8653/elements - {"using":"xpath","value":"//*[@id=\"backBtn\"]"}
RESULT: {}
COMMAND: GET /session/2ed26c8ba7702fe10b91fdd8039f8653/screenshot - {}
RESULT: {"using":"xpath","value":"//*[@id=\"backBtn\"]"}
RESULT: {}
COMMAND: POST /session/2ed26c8ba7702fe10b91fdd8039f8653/elements - {"using":"xpath","value":"//*[@id=\"backBtn\"]"}
RESULT: {"using":"xpath","value":"//*[@id=\"backBtn\"]"}
COMMAND: POST /session/2ed26c8ba7702fe10b91fdd8039f8653/elements - {"using":"xpath","value":"//*[@id=\"backBtn\"]"}
RESULT: {"using":"xpath","value":"//*[@id=\"backBtn\"]"}
COMMAND: POST /session/2ed26c8ba7702fe10b91fdd8039f8653/elements - {"using":"xpath","value":"//*[@id=\"backBtn\"]"}
RESULT: undefined
COMMAND: POST /session/2ed26c8ba7702fe10b91fdd8039f8653/element - {"using":"xpath","value":"//*[@id=\"__tile53\"]"}
RESULT: {"using":"xpath","value":"//*[@id=\"backBtn\"]"}
COMMAND: POST /session/2ed26c8ba7702fe10b91fdd8039f8653/element - {"using":"xpath","value":"//*[@id=\"backBtn\"]"}
RESULT: {"using":"xpath","value":"//*[@id=\"__tile53\"]"}
COMMAND: POST /session/2ed26c8ba7702fe10b91fdd8039f8653/element/f.00B16FB907105E31C8BB4F36623C8378.d.728C82DF0E1C52E913F7BEF79B1393F6.e.2342/click - {}
RESULT: {"using":"xpath","value":"//*[@id=\"backBtn\"]"}
COMMAND: POST /session/2ed26c8ba7702fe10b91fdd8039f8653/element/f.00B16FB907105E31C8BB4F36623C8378.d.728C82DF0E1C52E913F7BEF79B1393F6.e.2012/click - {}
COMMAND: POST /session/2ed26c8ba7702fe10b91fdd8039f8653/element - {"using":"xpath","value":"//*[@id=\"backBtn\"]"}
RESULT: {"using":"xpath","value":"//*[@id=\"backBtn\"]"}
COMMAND: POST /session/2ed26c8ba7702fe10b91fdd8039f8653/element/f.00B16FB907105E31C8BB4F36623C8378.d.728C82DF0E1C52E913F7BEF79B1393F6.e.2346/click - {}
RESULT: {}
COMMAND: GET /session/2ed26c8ba7702fe10b91fdd8039f8653/screenshot - {}
RESULT: {}
RESULT: undefined
COMMAND: POST /session/2ed26c8ba7702fe10b91fdd8039f8653/element - {"using":"xpath","value":"//*[@id=\"__tile53\"]"}
COMMAND: GET /session/2ed26c8ba7702fe10b91fdd8039f8653/screenshot - {}
RESULT: {}
RESULT: {"using":"xpath","value":"//*[@id=\"__tile53\"]"}
COMMAND: POST /session/2ed26c8ba7702fe10b91fdd8039f8653/element/f.00B16FB907105E31C8BB4F36623C8378.d.728C82DF0E1C52E913F7BEF79B1393F6.e.2342/click - {}
RESULT: {}
RESULT: undefined
COMMAND: POST /session/2ed26c8ba7702fe10b91fdd8039f8653/execute/async - {"script":"<script> [6424 bytes]","args":[{"element-6066-11e4-a52e-4f735466cecf":"f.00B16FB907105E31C8BB4F36623C8378.d.728C82DF0E1C52E913F7BEF79B1393F6.e.280"},"getTitle",[]]}
COMMAND: POST /session/2ed26c8ba7702fe10b91fdd8039f8653/execute/async - {"script":"<script> [1562 bytes]","args":[{"selector":{"id":"shellAppTitle"},"wdio_ui5_key":"shellAppTitle"}]}
RESULT: {"script":"<script> [1562 bytes]","args":[{"selector":{"id":"shellAppTitle"},"wdio_ui5_key":"shellAppTitle"}]}
COMMAND: POST /session/2ed26c8ba7702fe10b91fdd8039f8653/execute/async - {"script":"<script> [6424 bytes]","args":[{"element-6066-11e4-a52e-4f735466cecf":"f.00B16FB907105E31C8BB4F36623C8378.d.728C82DF0E1C52E913F7BEF79B1393F6.e.2701"},"getTitle",[]]}
RESULT: {"script":"<script> [6424 bytes]","args":[{"element-6066-11e4-a52e-4f735466cecf":"f.00B16FB907105E31C8BB4F36623C8378.d.728C82DF0E1C52E913F7BEF79B1393F6.e.2701"},"getTitle",[]]}
RESULT: undefined
COMMAND: POST /session/2ed26c8ba7702fe10b91fdd8039f8653/element/f.00B16FB907105E31C8BB4F36623C8378.d.728C82DF0E1C52E913F7BEF79B1393F6.e.2346/click - {}
RESULT: {}
COMMAND: GET /session/2ed26c8ba7702fe10b91fdd8039f8653/screenshot - {}
RESULT: {}
]]></system-out>
    </testcase>
    <testcase classname="chrome.135_0_7049_42.windows.Sanity_Tests_US104253" name="Should open Billing Transfer page" time="33.219">
      <system-out><![CDATA[
COMMAND: POST /session/2ed26c8ba7702fe10b91fdd8039f8653/execute/async - {"script":"<script> [1562 bytes]","args":[{"selector":{"controlType":"sap.m.GenericTile","properties":{"header":"Billing Transfer"}},"wdio_ui5_key":"sapm.GenericTile{\"header\":\"Billing Transfer\"}"}]}
RESULT: {"script":"<script> [1562 bytes]","args":[{"selector":{"controlType":"sap.m.GenericTile","properties":{"header":"Billing Transfer"}},"wdio_ui5_key":"sapm.GenericTile{\"header\":\"Billing Transfer\"}"}]}
RESULT: undefined
COMMAND: POST /session/2ed26c8ba7702fe10b91fdd8039f8653/element - {"using":"xpath","value":"//*[@id=\"__tile50\"]"}
RESULT: {"using":"xpath","value":"//*[@id=\"__tile50\"]"}
COMMAND: POST /session/2ed26c8ba7702fe10b91fdd8039f8653/element/f.00B16FB907105E31C8BB4F36623C8378.d.728C82DF0E1C52E913F7BEF79B1393F6.e.2703/click - {}
RESULT: {}
COMMAND: GET /session/2ed26c8ba7702fe10b91fdd8039f8653/screenshot - {}
RESULT: {}
RESULT: undefined
COMMAND: POST /session/2ed26c8ba7702fe10b91fdd8039f8653/element - {"using":"xpath","value":"//*[@id=\"__tile50\"]"}
RESULT: {"using":"xpath","value":"//*[@id=\"__tile50\"]"}
COMMAND: POST /session/2ed26c8ba7702fe10b91fdd8039f8653/element/f.00B16FB907105E31C8BB4F36623C8378.d.728C82DF0E1C52E913F7BEF79B1393F6.e.2703/click - {}
RESULT: undefined
COMMAND: POST /session/2ed26c8ba7702fe10b91fdd8039f8653/element - {"using":"xpath","value":"//*[@id=\"__tile50\"]"}
RESULT: {"using":"xpath","value":"//*[@id=\"__tile50\"]"}
COMMAND: POST /session/2ed26c8ba7702fe10b91fdd8039f8653/element/f.00B16FB907105E31C8BB4F36623C8378.d.728C82DF0E1C52E913F7BEF79B1393F6.e.2703/click - {}
RESULT: undefined
COMMAND: POST /session/2ed26c8ba7702fe10b91fdd8039f8653/execute/async - {"script":"<script> [6424 bytes]","args":[{"element-6066-11e4-a52e-4f735466cecf":"f.00B16FB907105E31C8BB4F36623C8378.d.728C82DF0E1C52E913F7BEF79B1393F6.e.280"},"getTitle",[]]}
COMMAND: POST /session/2ed26c8ba7702fe10b91fdd8039f8653/execute/async - {"script":"<script> [1562 bytes]","args":[{"selector":{"id":"shellAppTitle"},"wdio_ui5_key":"shellAppTitle"}]}
RESULT: {"script":"<script> [1562 bytes]","args":[{"selector":{"id":"shellAppTitle"},"wdio_ui5_key":"shellAppTitle"}]}
COMMAND: POST /session/2ed26c8ba7702fe10b91fdd8039f8653/execute/async - {"script":"<script> [6424 bytes]","args":[{"element-6066-11e4-a52e-4f735466cecf":"f.00B16FB907105E31C8BB4F36623C8378.d.728C82DF0E1C52E913F7BEF79B1393F6.e.2836"},"getTitle",[]]}
RESULT: {"script":"<script> [6424 bytes]","args":[{"element-6066-11e4-a52e-4f735466cecf":"f.00B16FB907105E31C8BB4F36623C8378.d.728C82DF0E1C52E913F7BEF79B1393F6.e.2836"},"getTitle",[]]}
RESULT: undefined
COMMAND: POST /session/2ed26c8ba7702fe10b91fdd8039f8653/element/f.00B16FB907105E31C8BB4F36623C8378.d.728C82DF0E1C52E913F7BEF79B1393F6.e.2346/click - {}
COMMAND: POST /session/2ed26c8ba7702fe10b91fdd8039f8653/element - {"using":"xpath","value":"//*[@id=\"backBtn\"]"}
RESULT: {"using":"xpath","value":"//*[@id=\"backBtn\"]"}
COMMAND: POST /session/2ed26c8ba7702fe10b91fdd8039f8653/element/f.00B16FB907105E31C8BB4F36623C8378.d.728C82DF0E1C52E913F7BEF79B1393F6.e.2346/click - {}
COMMAND: POST /session/2ed26c8ba7702fe10b91fdd8039f8653/element - {"using":"xpath","value":"//*[@id=\"backBtn\"]"}
RESULT: {"using":"xpath","value":"//*[@id=\"backBtn\"]"}
COMMAND: POST /session/2ed26c8ba7702fe10b91fdd8039f8653/element/f.00B16FB907105E31C8BB4F36623C8378.d.728C82DF0E1C52E913F7BEF79B1393F6.e.2837/click - {}
RESULT: {}
COMMAND: GET /session/2ed26c8ba7702fe10b91fdd8039f8653/screenshot - {}
RESULT: {}
]]></system-out>
    </testcase>
    <testcase classname="chrome.135_0_7049_42.windows.Sanity_Tests_US104253" name="Should open Manage Pricing Rules page" time="33.573">
      <system-out><![CDATA[
COMMAND: POST /session/2ed26c8ba7702fe10b91fdd8039f8653/execute/async - {"script":"<script> [1562 bytes]","args":[{"selector":{"controlType":"sap.m.GenericTile","properties":{"header":"Manage Pricing Rules"}},"wdio_ui5_key":"sapm.GenericTile{\"header\":\"Manage Pricing Rules\"}"}]}
RESULT: {"script":"<script> [1562 bytes]","args":[{"selector":{"controlType":"sap.m.GenericTile","properties":{"header":"Manage Pricing Rules"}},"wdio_ui5_key":"sapm.GenericTile{\"header\":\"Manage Pricing Rules\"}"}]}
RESULT: undefined
COMMAND: POST /session/2ed26c8ba7702fe10b91fdd8039f8653/element - {"using":"xpath","value":"//*[@id=\"__tile55\"]"}
RESULT: {"using":"xpath","value":"//*[@id=\"__tile55\"]"}
COMMAND: POST /session/2ed26c8ba7702fe10b91fdd8039f8653/element/f.00B16FB907105E31C8BB4F36623C8378.d.728C82DF0E1C52E913F7BEF79B1393F6.e.2839/click - {}
RESULT: {}
COMMAND: GET /session/2ed26c8ba7702fe10b91fdd8039f8653/screenshot - {}
RESULT: {}
RESULT: undefined
COMMAND: POST /session/2ed26c8ba7702fe10b91fdd8039f8653/element - {"using":"xpath","value":"//*[@id=\"__tile55\"]"}
RESULT: {"using":"xpath","value":"//*[@id=\"__tile55\"]"}
COMMAND: POST /session/2ed26c8ba7702fe10b91fdd8039f8653/element/f.00B16FB907105E31C8BB4F36623C8378.d.728C82DF0E1C52E913F7BEF79B1393F6.e.2839/click - {}
RESULT: undefined
COMMAND: POST /session/2ed26c8ba7702fe10b91fdd8039f8653/element - {"using":"xpath","value":"//*[@id=\"__tile55\"]"}
RESULT: {"using":"xpath","value":"//*[@id=\"__tile55\"]"}
COMMAND: POST /session/2ed26c8ba7702fe10b91fdd8039f8653/element/f.00B16FB907105E31C8BB4F36623C8378.d.728C82DF0E1C52E913F7BEF79B1393F6.e.2839/click - {}
RESULT: undefined
COMMAND: POST /session/2ed26c8ba7702fe10b91fdd8039f8653/execute/async - {"script":"<script> [6424 bytes]","args":[{"element-6066-11e4-a52e-4f735466cecf":"f.00B16FB907105E31C8BB4F36623C8378.d.728C82DF0E1C52E913F7BEF79B1393F6.e.280"},"getTitle",[]]}
COMMAND: POST /session/2ed26c8ba7702fe10b91fdd8039f8653/execute/async - {"script":"<script> [1562 bytes]","args":[{"selector":{"id":"shellAppTitle"},"wdio_ui5_key":"shellAppTitle"}]}
RESULT: {"script":"<script> [1562 bytes]","args":[{"selector":{"id":"shellAppTitle"},"wdio_ui5_key":"shellAppTitle"}]}
COMMAND: POST /session/2ed26c8ba7702fe10b91fdd8039f8653/execute/async - {"script":"<script> [6424 bytes]","args":[{"element-6066-11e4-a52e-4f735466cecf":"f.00B16FB907105E31C8BB4F36623C8378.d.728C82DF0E1C52E913F7BEF79B1393F6.e.2887"},"getTitle",[]]}
RESULT: {"script":"<script> [6424 bytes]","args":[{"element-6066-11e4-a52e-4f735466cecf":"f.00B16FB907105E31C8BB4F36623C8378.d.728C82DF0E1C52E913F7BEF79B1393F6.e.2887"},"getTitle",[]]}
RESULT: undefined
COMMAND: POST /session/2ed26c8ba7702fe10b91fdd8039f8653/element/f.00B16FB907105E31C8BB4F36623C8378.d.728C82DF0E1C52E913F7BEF79B1393F6.e.2837/click - {}
RESULT: {}
COMMAND: GET /session/2ed26c8ba7702fe10b91fdd8039f8653/screenshot - {}
RESULT: {}
]]></system-out>
    </testcase>
    <testcase classname="chrome.135_0_7049_42.windows.Sanity_Tests_US104253" name="Should open Manage Price Determination Matrices page" time="31.359">
      <system-out><![CDATA[
COMMAND: POST /session/2ed26c8ba7702fe10b91fdd8039f8653/execute/async - {"script":"<script> [1562 bytes]","args":[{"selector":{"controlType":"sap.m.GenericTile","properties":{"header":"Manage Price Determination Matrices"}},"wdio_ui5_key":"sapm.GenericTile{\"header\":\"Manage Price Determination Matrices\"}"}]}
RESULT: {"script":"<script> [1562 bytes]","args":[{"selector":{"controlType":"sap.m.GenericTile","properties":{"header":"Manage Price Determination Matrices"}},"wdio_ui5_key":"sapm.GenericTile{\"header\":\"Manage Price Determination Matrices\"}"}]}
RESULT: undefined
COMMAND: POST /session/2ed26c8ba7702fe10b91fdd8039f8653/element - {"using":"xpath","value":"//*[@id=\"__tile54\"]"}
RESULT: {"using":"xpath","value":"//*[@id=\"__tile54\"]"}
COMMAND: POST /session/2ed26c8ba7702fe10b91fdd8039f8653/element/f.00B16FB907105E31C8BB4F36623C8378.d.728C82DF0E1C52E913F7BEF79B1393F6.e.2889/click - {}
RESULT: {}
COMMAND: GET /session/2ed26c8ba7702fe10b91fdd8039f8653/screenshot - {}
RESULT: {}
RESULT: undefined
COMMAND: POST /session/2ed26c8ba7702fe10b91fdd8039f8653/element - {"using":"xpath","value":"//*[@id=\"__tile54\"]"}
RESULT: {"using":"xpath","value":"//*[@id=\"__tile54\"]"}
COMMAND: POST /session/2ed26c8ba7702fe10b91fdd8039f8653/element/f.00B16FB907105E31C8BB4F36623C8378.d.728C82DF0E1C52E913F7BEF79B1393F6.e.2889/click - {}
RESULT: undefined
COMMAND: POST /session/2ed26c8ba7702fe10b91fdd8039f8653/element - {"using":"xpath","value":"//*[@id=\"__tile54\"]"}
RESULT: {"using":"xpath","value":"//*[@id=\"__tile54\"]"}
COMMAND: POST /session/2ed26c8ba7702fe10b91fdd8039f8653/element/f.00B16FB907105E31C8BB4F36623C8378.d.728C82DF0E1C52E913F7BEF79B1393F6.e.2889/click - {}
RESULT: undefined
COMMAND: POST /session/2ed26c8ba7702fe10b91fdd8039f8653/execute/async - {"script":"<script> [6424 bytes]","args":[{"element-6066-11e4-a52e-4f735466cecf":"f.00B16FB907105E31C8BB4F36623C8378.d.728C82DF0E1C52E913F7BEF79B1393F6.e.280"},"getTitle",[]]}
COMMAND: POST /session/2ed26c8ba7702fe10b91fdd8039f8653/execute/async - {"script":"<script> [1562 bytes]","args":[{"selector":{"id":"shellAppTitle"},"wdio_ui5_key":"shellAppTitle"}]}
RESULT: {"script":"<script> [1562 bytes]","args":[{"selector":{"id":"shellAppTitle"},"wdio_ui5_key":"shellAppTitle"}]}
COMMAND: POST /session/2ed26c8ba7702fe10b91fdd8039f8653/execute/async - {"script":"<script> [6424 bytes]","args":[{"element-6066-11e4-a52e-4f735466cecf":"f.00B16FB907105E31C8BB4F36623C8378.d.728C82DF0E1C52E913F7BEF79B1393F6.e.2990"},"getTitle",[]]}
RESULT: {"script":"<script> [6424 bytes]","args":[{"element-6066-11e4-a52e-4f735466cecf":"f.00B16FB907105E31C8BB4F36623C8378.d.728C82DF0E1C52E913F7BEF79B1393F6.e.2990"},"getTitle",[]]}
RESULT: undefined
COMMAND: POST /session/2ed26c8ba7702fe10b91fdd8039f8653/element/f.00B16FB907105E31C8BB4F36623C8378.d.728C82DF0E1C52E913F7BEF79B1393F6.e.2837/click - {}
COMMAND: POST /session/2ed26c8ba7702fe10b91fdd8039f8653/element - {"using":"xpath","value":"//*[@id=\"backBtn\"]"}
RESULT: {"using":"xpath","value":"//*[@id=\"backBtn\"]"}
COMMAND: POST /session/2ed26c8ba7702fe10b91fdd8039f8653/element/f.00B16FB907105E31C8BB4F36623C8378.d.728C82DF0E1C52E913F7BEF79B1393F6.e.2837/click - {}
COMMAND: POST /session/2ed26c8ba7702fe10b91fdd8039f8653/element - {"using":"xpath","value":"//*[@id=\"backBtn\"]"}
RESULT: {"using":"xpath","value":"//*[@id=\"backBtn\"]"}
COMMAND: POST /session/2ed26c8ba7702fe10b91fdd8039f8653/element/f.00B16FB907105E31C8BB4F36623C8378.d.728C82DF0E1C52E913F7BEF79B1393F6.e.2991/click - {}
RESULT: {}
COMMAND: GET /session/2ed26c8ba7702fe10b91fdd8039f8653/screenshot - {}
RESULT: {}
]]></system-out>
    </testcase>
    <testcase classname="chrome.135_0_7049_42.windows.Sanity_Tests_US104253" name="Should open Yard Overview page" time="33.737">
      <system-out><![CDATA[
COMMAND: POST /session/2ed26c8ba7702fe10b91fdd8039f8653/execute/async - {"script":"<script> [1562 bytes]","args":[{"selector":{"controlType":"sap.m.GenericTile","properties":{"header":"Yard Overview"}},"wdio_ui5_key":"sapm.GenericTile{\"header\":\"Yard Overview\"}"}]}
RESULT: {"script":"<script> [1562 bytes]","args":[{"selector":{"controlType":"sap.m.GenericTile","properties":{"header":"Yard Overview"}},"wdio_ui5_key":"sapm.GenericTile{\"header\":\"Yard Overview\"}"}]}
RESULT: undefined
COMMAND: POST /session/2ed26c8ba7702fe10b91fdd8039f8653/element - {"using":"xpath","value":"//*[@id=\"__tile102\"]"}
RESULT: {"using":"xpath","value":"//*[@id=\"__tile102\"]"}
COMMAND: POST /session/2ed26c8ba7702fe10b91fdd8039f8653/element/f.00B16FB907105E31C8BB4F36623C8378.d.728C82DF0E1C52E913F7BEF79B1393F6.e.2993/click - {}
RESULT: {}
COMMAND: GET /session/2ed26c8ba7702fe10b91fdd8039f8653/screenshot - {}
RESULT: {}
RESULT: undefined
COMMAND: POST /session/2ed26c8ba7702fe10b91fdd8039f8653/element - {"using":"xpath","value":"//*[@id=\"__tile102\"]"}
RESULT: {"using":"xpath","value":"//*[@id=\"__tile102\"]"}
COMMAND: POST /session/2ed26c8ba7702fe10b91fdd8039f8653/element/f.00B16FB907105E31C8BB4F36623C8378.d.728C82DF0E1C52E913F7BEF79B1393F6.e.2993/click - {}
RESULT: undefined
COMMAND: POST /session/2ed26c8ba7702fe10b91fdd8039f8653/element - {"using":"xpath","value":"//*[@id=\"__tile102\"]"}
RESULT: {"using":"xpath","value":"//*[@id=\"__tile102\"]"}
COMMAND: POST /session/2ed26c8ba7702fe10b91fdd8039f8653/element/f.00B16FB907105E31C8BB4F36623C8378.d.728C82DF0E1C52E913F7BEF79B1393F6.e.2993/click - {}
RESULT: undefined
COMMAND: POST /session/2ed26c8ba7702fe10b91fdd8039f8653/execute/async - {"script":"<script> [6424 bytes]","args":[{"element-6066-11e4-a52e-4f735466cecf":"f.00B16FB907105E31C8BB4F36623C8378.d.728C82DF0E1C52E913F7BEF79B1393F6.e.280"},"getTitle",[]]}
COMMAND: POST /session/2ed26c8ba7702fe10b91fdd8039f8653/execute/async - {"script":"<script> [1562 bytes]","args":[{"selector":{"id":"shellAppTitle"},"wdio_ui5_key":"shellAppTitle"}]}
RESULT: {"script":"<script> [1562 bytes]","args":[{"selector":{"id":"shellAppTitle"},"wdio_ui5_key":"shellAppTitle"}]}
COMMAND: POST /session/2ed26c8ba7702fe10b91fdd8039f8653/execute/async - {"script":"<script> [6424 bytes]","args":[{"element-6066-11e4-a52e-4f735466cecf":"f.00B16FB907105E31C8BB4F36623C8378.d.728C82DF0E1C52E913F7BEF79B1393F6.e.3052"},"getTitle",[]]}
RESULT: {"script":"<script> [6424 bytes]","args":[{"element-6066-11e4-a52e-4f735466cecf":"f.00B16FB907105E31C8BB4F36623C8378.d.728C82DF0E1C52E913F7BEF79B1393F6.e.3052"},"getTitle",[]]}
RESULT: undefined
COMMAND: POST /session/2ed26c8ba7702fe10b91fdd8039f8653/element/f.00B16FB907105E31C8BB4F36623C8378.d.728C82DF0E1C52E913F7BEF79B1393F6.e.2991/click - {}
RESULT: {}
COMMAND: GET /session/2ed26c8ba7702fe10b91fdd8039f8653/screenshot - {}
RESULT: {}
]]></system-out>
    </testcase>
    <testcase classname="chrome.135_0_7049_42.windows.Sanity_Tests_US104253" name="Should open Site Overview page" time="34.303">
      <system-out><![CDATA[
COMMAND: POST /session/2ed26c8ba7702fe10b91fdd8039f8653/execute/async - {"script":"<script> [1562 bytes]","args":[{"selector":{"controlType":"sap.m.GenericTile","properties":{"header":"Site Overview"}},"wdio_ui5_key":"sapm.GenericTile{\"header\":\"Site Overview\"}"}]}
RESULT: {"script":"<script> [1562 bytes]","args":[{"selector":{"controlType":"sap.m.GenericTile","properties":{"header":"Site Overview"}},"wdio_ui5_key":"sapm.GenericTile{\"header\":\"Site Overview\"}"}]}
RESULT: undefined
COMMAND: POST /session/2ed26c8ba7702fe10b91fdd8039f8653/element - {"using":"xpath","value":"//*[@id=\"__tile100\"]"}
RESULT: {"using":"xpath","value":"//*[@id=\"__tile100\"]"}
COMMAND: POST /session/2ed26c8ba7702fe10b91fdd8039f8653/element/f.00B16FB907105E31C8BB4F36623C8378.d.728C82DF0E1C52E913F7BEF79B1393F6.e.3055/click - {}
RESULT: {}
COMMAND: GET /session/2ed26c8ba7702fe10b91fdd8039f8653/screenshot - {}
RESULT: {}
RESULT: undefined
COMMAND: POST /session/2ed26c8ba7702fe10b91fdd8039f8653/element - {"using":"xpath","value":"//*[@id=\"__tile100\"]"}
RESULT: {"using":"xpath","value":"//*[@id=\"__tile100\"]"}
COMMAND: POST /session/2ed26c8ba7702fe10b91fdd8039f8653/element/f.00B16FB907105E31C8BB4F36623C8378.d.728C82DF0E1C52E913F7BEF79B1393F6.e.3055/click - {}
RESULT: undefined
COMMAND: POST /session/2ed26c8ba7702fe10b91fdd8039f8653/element - {"using":"xpath","value":"//*[@id=\"__tile100\"]"}
RESULT: {"using":"xpath","value":"//*[@id=\"__tile100\"]"}
COMMAND: POST /session/2ed26c8ba7702fe10b91fdd8039f8653/element/f.00B16FB907105E31C8BB4F36623C8378.d.728C82DF0E1C52E913F7BEF79B1393F6.e.3055/click - {}
RESULT: undefined
COMMAND: POST /session/2ed26c8ba7702fe10b91fdd8039f8653/execute/async - {"script":"<script> [6424 bytes]","args":[{"element-6066-11e4-a52e-4f735466cecf":"f.00B16FB907105E31C8BB4F36623C8378.d.728C82DF0E1C52E913F7BEF79B1393F6.e.280"},"getTitle",[]]}
COMMAND: POST /session/2ed26c8ba7702fe10b91fdd8039f8653/execute/async - {"script":"<script> [1562 bytes]","args":[{"selector":{"id":"shellAppTitle"},"wdio_ui5_key":"shellAppTitle"}]}
RESULT: {"script":"<script> [1562 bytes]","args":[{"selector":{"id":"shellAppTitle"},"wdio_ui5_key":"shellAppTitle"}]}
COMMAND: POST /session/2ed26c8ba7702fe10b91fdd8039f8653/execute/async - {"script":"<script> [6424 bytes]","args":[{"element-6066-11e4-a52e-4f735466cecf":"f.00B16FB907105E31C8BB4F36623C8378.d.728C82DF0E1C52E913F7BEF79B1393F6.e.3306"},"getTitle",[]]}
RESULT: {"script":"<script> [6424 bytes]","args":[{"element-6066-11e4-a52e-4f735466cecf":"f.00B16FB907105E31C8BB4F36623C8378.d.728C82DF0E1C52E913F7BEF79B1393F6.e.3306"},"getTitle",[]]}
RESULT: undefined
COMMAND: POST /session/2ed26c8ba7702fe10b91fdd8039f8653/element/f.00B16FB907105E31C8BB4F36623C8378.d.728C82DF0E1C52E913F7BEF79B1393F6.e.2991/click - {}
COMMAND: POST /session/2ed26c8ba7702fe10b91fdd8039f8653/element - {"using":"xpath","value":"//*[@id=\"backBtn\"]"}
RESULT: {"using":"xpath","value":"//*[@id=\"backBtn\"]"}
COMMAND: POST /session/2ed26c8ba7702fe10b91fdd8039f8653/element/f.00B16FB907105E31C8BB4F36623C8378.d.728C82DF0E1C52E913F7BEF79B1393F6.e.2991/click - {}
COMMAND: POST /session/2ed26c8ba7702fe10b91fdd8039f8653/element - {"using":"xpath","value":"//*[@id=\"backBtn\"]"}
RESULT: {"using":"xpath","value":"//*[@id=\"backBtn\"]"}
COMMAND: POST /session/2ed26c8ba7702fe10b91fdd8039f8653/element/f.00B16FB907105E31C8BB4F36623C8378.d.728C82DF0E1C52E913F7BEF79B1393F6.e.3307/click - {}
RESULT: {}
COMMAND: GET /session/2ed26c8ba7702fe10b91fdd8039f8653/screenshot - {}
RESULT: {}
]]></system-out>
    </testcase>
    <testcase classname="chrome.135_0_7049_42.windows.Sanity_Tests_US104253" name="Should open Trace Track Resources page" time="35.042">
      <system-out><![CDATA[
COMMAND: POST /session/2ed26c8ba7702fe10b91fdd8039f8653/execute/async - {"script":"<script> [1562 bytes]","args":[{"selector":{"controlType":"sap.m.GenericTile","properties":{"header":"Trace & Track Resources"}},"wdio_ui5_key":"sapm.GenericTile{\"header\":\"Trace & Track Resources\"}"}]}
RESULT: {"script":"<script> [1562 bytes]","args":[{"selector":{"controlType":"sap.m.GenericTile","properties":{"header":"Trace & Track Resources"}},"wdio_ui5_key":"sapm.GenericTile{\"header\":\"Trace & Track Resources\"}"}]}
RESULT: undefined
COMMAND: POST /session/2ed26c8ba7702fe10b91fdd8039f8653/element - {"using":"xpath","value":"//*[@id=\"__tile101\"]"}
RESULT: {"using":"xpath","value":"//*[@id=\"__tile101\"]"}
COMMAND: POST /session/2ed26c8ba7702fe10b91fdd8039f8653/element/f.00B16FB907105E31C8BB4F36623C8378.d.728C82DF0E1C52E913F7BEF79B1393F6.e.3310/click - {}
RESULT: {}
COMMAND: GET /session/2ed26c8ba7702fe10b91fdd8039f8653/screenshot - {}
RESULT: {}
RESULT: undefined
COMMAND: POST /session/2ed26c8ba7702fe10b91fdd8039f8653/element - {"using":"xpath","value":"//*[@id=\"__tile101\"]"}
RESULT: {"using":"xpath","value":"//*[@id=\"__tile101\"]"}
COMMAND: POST /session/2ed26c8ba7702fe10b91fdd8039f8653/element/f.00B16FB907105E31C8BB4F36623C8378.d.728C82DF0E1C52E913F7BEF79B1393F6.e.3310/click - {}
RESULT: undefined
COMMAND: POST /session/2ed26c8ba7702fe10b91fdd8039f8653/element - {"using":"xpath","value":"//*[@id=\"__tile101\"]"}
RESULT: {"using":"xpath","value":"//*[@id=\"__tile101\"]"}
COMMAND: POST /session/2ed26c8ba7702fe10b91fdd8039f8653/element/f.00B16FB907105E31C8BB4F36623C8378.d.728C82DF0E1C52E913F7BEF79B1393F6.e.3310/click - {}
RESULT: undefined
COMMAND: POST /session/2ed26c8ba7702fe10b91fdd8039f8653/execute/async - {"script":"<script> [6424 bytes]","args":[{"element-6066-11e4-a52e-4f735466cecf":"f.00B16FB907105E31C8BB4F36623C8378.d.728C82DF0E1C52E913F7BEF79B1393F6.e.280"},"getTitle",[]]}
COMMAND: POST /session/2ed26c8ba7702fe10b91fdd8039f8653/execute/async - {"script":"<script> [1562 bytes]","args":[{"selector":{"id":"shellAppTitle"},"wdio_ui5_key":"shellAppTitle"}]}
RESULT: {"script":"<script> [1562 bytes]","args":[{"selector":{"id":"shellAppTitle"},"wdio_ui5_key":"shellAppTitle"}]}
COMMAND: POST /session/2ed26c8ba7702fe10b91fdd8039f8653/execute/async - {"script":"<script> [6424 bytes]","args":[{"element-6066-11e4-a52e-4f735466cecf":"f.00B16FB907105E31C8BB4F36623C8378.d.728C82DF0E1C52E913F7BEF79B1393F6.e.3346"},"getTitle",[]]}
RESULT: {"script":"<script> [6424 bytes]","args":[{"element-6066-11e4-a52e-4f735466cecf":"f.00B16FB907105E31C8BB4F36623C8378.d.728C82DF0E1C52E913F7BEF79B1393F6.e.3346"},"getTitle",[]]}
RESULT: undefined
COMMAND: POST /session/2ed26c8ba7702fe10b91fdd8039f8653/element/f.00B16FB907105E31C8BB4F36623C8378.d.728C82DF0E1C52E913F7BEF79B1393F6.e.3307/click - {}
RESULT: {}
COMMAND: GET /session/2ed26c8ba7702fe10b91fdd8039f8653/screenshot - {}
RESULT: {}
]]></system-out>
    </testcase>
    <testcase classname="chrome.135_0_7049_42.windows.Sanity_Tests_US104253" name="Should open RU Inventory List page" time="34.334">
      <system-out><![CDATA[
COMMAND: POST /session/2ed26c8ba7702fe10b91fdd8039f8653/execute/async - {"script":"<script> [1562 bytes]","args":[{"selector":{"controlType":"sap.m.GenericTile","properties":{"header":"RU Inventory List"}},"wdio_ui5_key":"sapm.GenericTile{\"header\":\"RU Inventory List\"}"}]}
RESULT: {"script":"<script> [1562 bytes]","args":[{"selector":{"controlType":"sap.m.GenericTile","properties":{"header":"RU Inventory List"}},"wdio_ui5_key":"sapm.GenericTile{\"header\":\"RU Inventory List\"}"}]}
RESULT: undefined
COMMAND: POST /session/2ed26c8ba7702fe10b91fdd8039f8653/element - {"using":"xpath","value":"//*[@id=\"__tile99\"]"}
RESULT: {"using":"xpath","value":"//*[@id=\"__tile99\"]"}
COMMAND: POST /session/2ed26c8ba7702fe10b91fdd8039f8653/element/f.00B16FB907105E31C8BB4F36623C8378.d.728C82DF0E1C52E913F7BEF79B1393F6.e.3348/click - {}
RESULT: {}
COMMAND: GET /session/2ed26c8ba7702fe10b91fdd8039f8653/screenshot - {}
RESULT: {}
RESULT: undefined
COMMAND: POST /session/2ed26c8ba7702fe10b91fdd8039f8653/element - {"using":"xpath","value":"//*[@id=\"__tile99\"]"}
RESULT: {"using":"xpath","value":"//*[@id=\"__tile99\"]"}
COMMAND: POST /session/2ed26c8ba7702fe10b91fdd8039f8653/element/f.00B16FB907105E31C8BB4F36623C8378.d.728C82DF0E1C52E913F7BEF79B1393F6.e.3348/click - {}
RESULT: undefined
COMMAND: POST /session/2ed26c8ba7702fe10b91fdd8039f8653/element - {"using":"xpath","value":"//*[@id=\"__tile99\"]"}
RESULT: {"using":"xpath","value":"//*[@id=\"__tile99\"]"}
COMMAND: POST /session/2ed26c8ba7702fe10b91fdd8039f8653/element/f.00B16FB907105E31C8BB4F36623C8378.d.728C82DF0E1C52E913F7BEF79B1393F6.e.3348/click - {}
RESULT: undefined
COMMAND: POST /session/2ed26c8ba7702fe10b91fdd8039f8653/execute/async - {"script":"<script> [6424 bytes]","args":[{"element-6066-11e4-a52e-4f735466cecf":"f.00B16FB907105E31C8BB4F36623C8378.d.728C82DF0E1C52E913F7BEF79B1393F6.e.280"},"getTitle",[]]}
COMMAND: POST /session/2ed26c8ba7702fe10b91fdd8039f8653/execute/async - {"script":"<script> [1562 bytes]","args":[{"selector":{"id":"shellAppTitle"},"wdio_ui5_key":"shellAppTitle"}]}
RESULT: {"script":"<script> [1562 bytes]","args":[{"selector":{"id":"shellAppTitle"},"wdio_ui5_key":"shellAppTitle"}]}
COMMAND: POST /session/2ed26c8ba7702fe10b91fdd8039f8653/execute/async - {"script":"<script> [6424 bytes]","args":[{"element-6066-11e4-a52e-4f735466cecf":"f.00B16FB907105E31C8BB4F36623C8378.d.728C82DF0E1C52E913F7BEF79B1393F6.e.3539"},"getTitle",[]]}
RESULT: {"script":"<script> [6424 bytes]","args":[{"element-6066-11e4-a52e-4f735466cecf":"f.00B16FB907105E31C8BB4F36623C8378.d.728C82DF0E1C52E913F7BEF79B1393F6.e.3539"},"getTitle",[]]}
RESULT: undefined
COMMAND: POST /session/2ed26c8ba7702fe10b91fdd8039f8653/element/f.00B16FB907105E31C8BB4F36623C8378.d.728C82DF0E1C52E913F7BEF79B1393F6.e.3307/click - {}
COMMAND: POST /session/2ed26c8ba7702fe10b91fdd8039f8653/element - {"using":"xpath","value":"//*[@id=\"backBtn\"]"}
RESULT: {"using":"xpath","value":"//*[@id=\"backBtn\"]"}
COMMAND: POST /session/2ed26c8ba7702fe10b91fdd8039f8653/element/f.00B16FB907105E31C8BB4F36623C8378.d.728C82DF0E1C52E913F7BEF79B1393F6.e.3307/click - {}
COMMAND: POST /session/2ed26c8ba7702fe10b91fdd8039f8653/element - {"using":"xpath","value":"//*[@id=\"backBtn\"]"}
RESULT: {"using":"xpath","value":"//*[@id=\"backBtn\"]"}
COMMAND: POST /session/2ed26c8ba7702fe10b91fdd8039f8653/element/f.00B16FB907105E31C8BB4F36623C8378.d.728C82DF0E1C52E913F7BEF79B1393F6.e.3540/click - {}
RESULT: {}
COMMAND: GET /session/2ed26c8ba7702fe10b91fdd8039f8653/screenshot - {}
RESULT: {}
]]></system-out>
    </testcase>
    <testcase classname="chrome.135_0_7049_42.windows.Sanity_Tests_US104253" name="Should open Contracts Dashboard page" time="36.204">
      <system-out><![CDATA[
COMMAND: POST /session/2ed26c8ba7702fe10b91fdd8039f8653/execute/async - {"script":"<script> [1562 bytes]","args":[{"selector":{"controlType":"sap.m.GenericTile","properties":{"header":"Contracts Dashboard"}},"wdio_ui5_key":"sapm.GenericTile{\"header\":\"Contracts Dashboard\"}"}]}
RESULT: {"script":"<script> [1562 bytes]","args":[{"selector":{"controlType":"sap.m.GenericTile","properties":{"header":"Contracts Dashboard"}},"wdio_ui5_key":"sapm.GenericTile{\"header\":\"Contracts Dashboard\"}"}]}
RESULT: undefined
COMMAND: POST /session/2ed26c8ba7702fe10b91fdd8039f8653/element - {"using":"xpath","value":"//*[@id=\"__tile97\"]"}
RESULT: {"using":"xpath","value":"//*[@id=\"__tile97\"]"}
COMMAND: POST /session/2ed26c8ba7702fe10b91fdd8039f8653/element/f.00B16FB907105E31C8BB4F36623C8378.d.728C82DF0E1C52E913F7BEF79B1393F6.e.3542/click - {}
RESULT: {}
COMMAND: GET /session/2ed26c8ba7702fe10b91fdd8039f8653/screenshot - {}
RESULT: {}
RESULT: undefined
COMMAND: POST /session/2ed26c8ba7702fe10b91fdd8039f8653/element - {"using":"xpath","value":"//*[@id=\"__tile97\"]"}
RESULT: {"using":"xpath","value":"//*[@id=\"__tile97\"]"}
COMMAND: POST /session/2ed26c8ba7702fe10b91fdd8039f8653/element/f.00B16FB907105E31C8BB4F36623C8378.d.728C82DF0E1C52E913F7BEF79B1393F6.e.3542/click - {}
RESULT: undefined
COMMAND: POST /session/2ed26c8ba7702fe10b91fdd8039f8653/element - {"using":"xpath","value":"//*[@id=\"__tile97\"]"}
RESULT: {"using":"xpath","value":"//*[@id=\"__tile97\"]"}
COMMAND: POST /session/2ed26c8ba7702fe10b91fdd8039f8653/element/f.00B16FB907105E31C8BB4F36623C8378.d.728C82DF0E1C52E913F7BEF79B1393F6.e.3542/click - {}
RESULT: undefined
COMMAND: POST /session/2ed26c8ba7702fe10b91fdd8039f8653/execute/async - {"script":"<script> [6424 bytes]","args":[{"element-6066-11e4-a52e-4f735466cecf":"f.00B16FB907105E31C8BB4F36623C8378.d.728C82DF0E1C52E913F7BEF79B1393F6.e.280"},"getTitle",[]]}
COMMAND: POST /session/2ed26c8ba7702fe10b91fdd8039f8653/execute/async - {"script":"<script> [1562 bytes]","args":[{"selector":{"id":"shellAppTitle"},"wdio_ui5_key":"shellAppTitle"}]}
RESULT: {"script":"<script> [1562 bytes]","args":[{"selector":{"id":"shellAppTitle"},"wdio_ui5_key":"shellAppTitle"}]}
COMMAND: POST /session/2ed26c8ba7702fe10b91fdd8039f8653/execute/async - {"script":"<script> [6424 bytes]","args":[{"element-6066-11e4-a52e-4f735466cecf":"f.00B16FB907105E31C8BB4F36623C8378.d.728C82DF0E1C52E913F7BEF79B1393F6.e.3569"},"getTitle",[]]}
RESULT: {"script":"<script> [6424 bytes]","args":[{"element-6066-11e4-a52e-4f735466cecf":"f.00B16FB907105E31C8BB4F36623C8378.d.728C82DF0E1C52E913F7BEF79B1393F6.e.3569"},"getTitle",[]]}
RESULT: undefined
COMMAND: POST /session/2ed26c8ba7702fe10b91fdd8039f8653/element/f.00B16FB907105E31C8BB4F36623C8378.d.728C82DF0E1C52E913F7BEF79B1393F6.e.3540/click - {}
RESULT: {}
COMMAND: GET /session/2ed26c8ba7702fe10b91fdd8039f8653/screenshot - {}
RESULT: {}
]]></system-out>
    </testcase>
    <testcase classname="chrome.135_0_7049_42.windows.Sanity_Tests_US104253" name="Should open Bin Status Report page" time="34.699">
      <system-out><![CDATA[
COMMAND: POST /session/2ed26c8ba7702fe10b91fdd8039f8653/execute/async - {"script":"<script> [1562 bytes]","args":[{"selector":{"controlType":"sap.m.GenericTile","properties":{"header":"Bin Status Report"}},"wdio_ui5_key":"sapm.GenericTile{\"header\":\"Bin Status Report\"}"}]}
RESULT: {"script":"<script> [1562 bytes]","args":[{"selector":{"controlType":"sap.m.GenericTile","properties":{"header":"Bin Status Report"}},"wdio_ui5_key":"sapm.GenericTile{\"header\":\"Bin Status Report\"}"}]}
RESULT: undefined
COMMAND: POST /session/2ed26c8ba7702fe10b91fdd8039f8653/element - {"using":"xpath","value":"//*[@id=\"__tile104\"]"}
RESULT: {"using":"xpath","value":"//*[@id=\"__tile104\"]"}
COMMAND: POST /session/2ed26c8ba7702fe10b91fdd8039f8653/element/f.00B16FB907105E31C8BB4F36623C8378.d.728C82DF0E1C52E913F7BEF79B1393F6.e.3571/click - {}
RESULT: {}
COMMAND: GET /session/2ed26c8ba7702fe10b91fdd8039f8653/screenshot - {}
RESULT: {}
RESULT: undefined
COMMAND: POST /session/2ed26c8ba7702fe10b91fdd8039f8653/element - {"using":"xpath","value":"//*[@id=\"__tile104\"]"}
RESULT: {"using":"xpath","value":"//*[@id=\"__tile104\"]"}
COMMAND: POST /session/2ed26c8ba7702fe10b91fdd8039f8653/element/f.00B16FB907105E31C8BB4F36623C8378.d.728C82DF0E1C52E913F7BEF79B1393F6.e.3571/click - {}
RESULT: undefined
COMMAND: POST /session/2ed26c8ba7702fe10b91fdd8039f8653/element - {"using":"xpath","value":"//*[@id=\"__tile104\"]"}
RESULT: {"using":"xpath","value":"//*[@id=\"__tile104\"]"}
COMMAND: POST /session/2ed26c8ba7702fe10b91fdd8039f8653/element/f.00B16FB907105E31C8BB4F36623C8378.d.728C82DF0E1C52E913F7BEF79B1393F6.e.3571/click - {}
RESULT: undefined
COMMAND: POST /session/2ed26c8ba7702fe10b91fdd8039f8653/execute/async - {"script":"<script> [6424 bytes]","args":[{"element-6066-11e4-a52e-4f735466cecf":"f.00B16FB907105E31C8BB4F36623C8378.d.728C82DF0E1C52E913F7BEF79B1393F6.e.280"},"getTitle",[]]}
COMMAND: POST /session/2ed26c8ba7702fe10b91fdd8039f8653/execute/async - {"script":"<script> [1562 bytes]","args":[{"selector":{"id":"shellAppTitle"},"wdio_ui5_key":"shellAppTitle"}]}
RESULT: {"script":"<script> [1562 bytes]","args":[{"selector":{"id":"shellAppTitle"},"wdio_ui5_key":"shellAppTitle"}]}
COMMAND: POST /session/2ed26c8ba7702fe10b91fdd8039f8653/execute/async - {"script":"<script> [6424 bytes]","args":[{"element-6066-11e4-a52e-4f735466cecf":"f.00B16FB907105E31C8BB4F36623C8378.d.728C82DF0E1C52E913F7BEF79B1393F6.e.3648"},"getTitle",[]]}
RESULT: {"script":"<script> [6424 bytes]","args":[{"element-6066-11e4-a52e-4f735466cecf":"f.00B16FB907105E31C8BB4F36623C8378.d.728C82DF0E1C52E913F7BEF79B1393F6.e.3648"},"getTitle",[]]}
RESULT: undefined
COMMAND: POST /session/2ed26c8ba7702fe10b91fdd8039f8653/element/f.00B16FB907105E31C8BB4F36623C8378.d.728C82DF0E1C52E913F7BEF79B1393F6.e.3540/click - {}
COMMAND: POST /session/2ed26c8ba7702fe10b91fdd8039f8653/element - {"using":"xpath","value":"//*[@id=\"backBtn\"]"}
RESULT: {"using":"xpath","value":"//*[@id=\"backBtn\"]"}
COMMAND: POST /session/2ed26c8ba7702fe10b91fdd8039f8653/element/f.00B16FB907105E31C8BB4F36623C8378.d.728C82DF0E1C52E913F7BEF79B1393F6.e.3540/click - {}
COMMAND: POST /session/2ed26c8ba7702fe10b91fdd8039f8653/element - {"using":"xpath","value":"//*[@id=\"backBtn\"]"}
RESULT: {"using":"xpath","value":"//*[@id=\"backBtn\"]"}
COMMAND: POST /session/2ed26c8ba7702fe10b91fdd8039f8653/element/f.00B16FB907105E31C8BB4F36623C8378.d.728C82DF0E1C52E913F7BEF79B1393F6.e.3649/click - {}
RESULT: {}
COMMAND: GET /session/2ed26c8ba7702fe10b91fdd8039f8653/screenshot - {}
RESULT: {}
]]></system-out>
    </testcase>
    <testcase classname="chrome.135_0_7049_42.windows.Sanity_Tests_US104253" name="Should open Manage Warehouse Movements page" time="32.3">
      <system-out><![CDATA[
COMMAND: POST /session/2ed26c8ba7702fe10b91fdd8039f8653/execute/async - {"script":"<script> [1562 bytes]","args":[{"selector":{"controlType":"sap.m.GenericTile","properties":{"header":"Manage Warehouse Movements"}},"wdio_ui5_key":"sapm.GenericTile{\"header\":\"Manage Warehouse Movements\"}"}]}
RESULT: {"script":"<script> [1562 bytes]","args":[{"selector":{"controlType":"sap.m.GenericTile","properties":{"header":"Manage Warehouse Movements"}},"wdio_ui5_key":"sapm.GenericTile{\"header\":\"Manage Warehouse Movements\"}"}]}
RESULT: undefined
COMMAND: POST /session/2ed26c8ba7702fe10b91fdd8039f8653/element - {"using":"xpath","value":"//*[@id=\"__tile105\"]"}
RESULT: {"using":"xpath","value":"//*[@id=\"__tile105\"]"}
COMMAND: POST /session/2ed26c8ba7702fe10b91fdd8039f8653/element/f.00B16FB907105E31C8BB4F36623C8378.d.728C82DF0E1C52E913F7BEF79B1393F6.e.3653/click - {}
RESULT: {}
COMMAND: GET /session/2ed26c8ba7702fe10b91fdd8039f8653/screenshot - {}
RESULT: {}
RESULT: undefined
COMMAND: POST /session/2ed26c8ba7702fe10b91fdd8039f8653/element - {"using":"xpath","value":"//*[@id=\"__tile105\"]"}
RESULT: {"using":"xpath","value":"//*[@id=\"__tile105\"]"}
COMMAND: POST /session/2ed26c8ba7702fe10b91fdd8039f8653/element/f.00B16FB907105E31C8BB4F36623C8378.d.728C82DF0E1C52E913F7BEF79B1393F6.e.3653/click - {}
RESULT: undefined
COMMAND: POST /session/2ed26c8ba7702fe10b91fdd8039f8653/element - {"using":"xpath","value":"//*[@id=\"__tile105\"]"}
RESULT: {"using":"xpath","value":"//*[@id=\"__tile105\"]"}
COMMAND: POST /session/2ed26c8ba7702fe10b91fdd8039f8653/element/f.00B16FB907105E31C8BB4F36623C8378.d.728C82DF0E1C52E913F7BEF79B1393F6.e.3653/click - {}
RESULT: undefined
COMMAND: POST /session/2ed26c8ba7702fe10b91fdd8039f8653/execute/async - {"script":"<script> [6424 bytes]","args":[{"element-6066-11e4-a52e-4f735466cecf":"f.00B16FB907105E31C8BB4F36623C8378.d.728C82DF0E1C52E913F7BEF79B1393F6.e.280"},"getTitle",[]]}
COMMAND: POST /session/2ed26c8ba7702fe10b91fdd8039f8653/execute/async - {"script":"<script> [1562 bytes]","args":[{"selector":{"id":"shellAppTitle"},"wdio_ui5_key":"shellAppTitle"}]}
RESULT: {"script":"<script> [1562 bytes]","args":[{"selector":{"id":"shellAppTitle"},"wdio_ui5_key":"shellAppTitle"}]}
COMMAND: POST /session/2ed26c8ba7702fe10b91fdd8039f8653/execute/async - {"script":"<script> [6424 bytes]","args":[{"element-6066-11e4-a52e-4f735466cecf":"f.00B16FB907105E31C8BB4F36623C8378.d.728C82DF0E1C52E913F7BEF79B1393F6.e.3739"},"getTitle",[]]}
RESULT: {"script":"<script> [6424 bytes]","args":[{"element-6066-11e4-a52e-4f735466cecf":"f.00B16FB907105E31C8BB4F36623C8378.d.728C82DF0E1C52E913F7BEF79B1393F6.e.3739"},"getTitle",[]]}
RESULT: undefined
COMMAND: POST /session/2ed26c8ba7702fe10b91fdd8039f8653/element/f.00B16FB907105E31C8BB4F36623C8378.d.728C82DF0E1C52E913F7BEF79B1393F6.e.3649/click - {}
RESULT: {}
COMMAND: GET /session/2ed26c8ba7702fe10b91fdd8039f8653/screenshot - {}
RESULT: {}
]]></system-out>
    </testcase>
    <testcase classname="chrome.135_0_7049_42.windows.Sanity_Tests_US104253" name="Should open Bin Inventory List page" time="33.999">
      <system-out><![CDATA[
COMMAND: POST /session/2ed26c8ba7702fe10b91fdd8039f8653/execute/async - {"script":"<script> [1562 bytes]","args":[{"selector":{"controlType":"sap.m.GenericTile","properties":{"header":"Bin Inventory List"}},"wdio_ui5_key":"sapm.GenericTile{\"header\":\"Bin Inventory List\"}"}]}
RESULT: {"script":"<script> [1562 bytes]","args":[{"selector":{"controlType":"sap.m.GenericTile","properties":{"header":"Bin Inventory List"}},"wdio_ui5_key":"sapm.GenericTile{\"header\":\"Bin Inventory List\"}"}]}
RESULT: undefined
COMMAND: POST /session/2ed26c8ba7702fe10b91fdd8039f8653/element - {"using":"xpath","value":"//*[@id=\"__tile103\"]"}
RESULT: {"using":"xpath","value":"//*[@id=\"__tile103\"]"}
COMMAND: POST /session/2ed26c8ba7702fe10b91fdd8039f8653/element/f.00B16FB907105E31C8BB4F36623C8378.d.728C82DF0E1C52E913F7BEF79B1393F6.e.3741/click - {}
RESULT: {}
COMMAND: GET /session/2ed26c8ba7702fe10b91fdd8039f8653/screenshot - {}
RESULT: {}
RESULT: undefined
COMMAND: POST /session/2ed26c8ba7702fe10b91fdd8039f8653/element - {"using":"xpath","value":"//*[@id=\"__tile103\"]"}
RESULT: {"using":"xpath","value":"//*[@id=\"__tile103\"]"}
COMMAND: POST /session/2ed26c8ba7702fe10b91fdd8039f8653/element/f.00B16FB907105E31C8BB4F36623C8378.d.728C82DF0E1C52E913F7BEF79B1393F6.e.3741/click - {}
RESULT: undefined
COMMAND: POST /session/2ed26c8ba7702fe10b91fdd8039f8653/element - {"using":"xpath","value":"//*[@id=\"__tile103\"]"}
RESULT: {"using":"xpath","value":"//*[@id=\"__tile103\"]"}
COMMAND: POST /session/2ed26c8ba7702fe10b91fdd8039f8653/element/f.00B16FB907105E31C8BB4F36623C8378.d.728C82DF0E1C52E913F7BEF79B1393F6.e.3741/click - {}
RESULT: undefined
COMMAND: POST /session/2ed26c8ba7702fe10b91fdd8039f8653/execute/async - {"script":"<script> [6424 bytes]","args":[{"element-6066-11e4-a52e-4f735466cecf":"f.00B16FB907105E31C8BB4F36623C8378.d.728C82DF0E1C52E913F7BEF79B1393F6.e.280"},"getTitle",[]]}
COMMAND: POST /session/2ed26c8ba7702fe10b91fdd8039f8653/execute/async - {"script":"<script> [1562 bytes]","args":[{"selector":{"id":"shellAppTitle"},"wdio_ui5_key":"shellAppTitle"}]}
RESULT: {"script":"<script> [1562 bytes]","args":[{"selector":{"id":"shellAppTitle"},"wdio_ui5_key":"shellAppTitle"}]}
COMMAND: POST /session/2ed26c8ba7702fe10b91fdd8039f8653/execute/async - {"script":"<script> [6424 bytes]","args":[{"element-6066-11e4-a52e-4f735466cecf":"f.00B16FB907105E31C8BB4F36623C8378.d.728C82DF0E1C52E913F7BEF79B1393F6.e.3840"},"getTitle",[]]}
RESULT: {"script":"<script> [6424 bytes]","args":[{"element-6066-11e4-a52e-4f735466cecf":"f.00B16FB907105E31C8BB4F36623C8378.d.728C82DF0E1C52E913F7BEF79B1393F6.e.3840"},"getTitle",[]]}
RESULT: undefined
COMMAND: POST /session/2ed26c8ba7702fe10b91fdd8039f8653/element/f.00B16FB907105E31C8BB4F36623C8378.d.728C82DF0E1C52E913F7BEF79B1393F6.e.3649/click - {}
COMMAND: POST /session/2ed26c8ba7702fe10b91fdd8039f8653/element - {"using":"xpath","value":"//*[@id=\"backBtn\"]"}
RESULT: {"using":"xpath","value":"//*[@id=\"backBtn\"]"}
COMMAND: POST /session/2ed26c8ba7702fe10b91fdd8039f8653/element/f.00B16FB907105E31C8BB4F36623C8378.d.728C82DF0E1C52E913F7BEF79B1393F6.e.3649/click - {}
COMMAND: POST /session/2ed26c8ba7702fe10b91fdd8039f8653/element - {"using":"xpath","value":"//*[@id=\"backBtn\"]"}
RESULT: {"using":"xpath","value":"//*[@id=\"backBtn\"]"}
COMMAND: POST /session/2ed26c8ba7702fe10b91fdd8039f8653/element/f.00B16FB907105E31C8BB4F36623C8378.d.728C82DF0E1C52E913F7BEF79B1393F6.e.3841/click - {}
RESULT: {}
COMMAND: GET /session/2ed26c8ba7702fe10b91fdd8039f8653/screenshot - {}
RESULT: {}
]]></system-out>
    </testcase>
    <testcase classname="chrome.135_0_7049_42.windows.Sanity_Tests_US104253" name="Should open ISC Templates page" time="33.804">
      <system-out><![CDATA[
COMMAND: POST /session/2ed26c8ba7702fe10b91fdd8039f8653/execute/async - {"script":"<script> [1562 bytes]","args":[{"selector":{"controlType":"sap.m.GenericTile","properties":{"header":"ISC Templates"}},"wdio_ui5_key":"sapm.GenericTile{\"header\":\"ISC Templates\"}"}]}
RESULT: {"script":"<script> [1562 bytes]","args":[{"selector":{"controlType":"sap.m.GenericTile","properties":{"header":"ISC Templates"}},"wdio_ui5_key":"sapm.GenericTile{\"header\":\"ISC Templates\"}"}]}
RESULT: undefined
COMMAND: POST /session/2ed26c8ba7702fe10b91fdd8039f8653/element - {"using":"xpath","value":"//*[@id=\"__tile111\"]"}
RESULT: {"using":"xpath","value":"//*[@id=\"__tile111\"]"}
COMMAND: POST /session/2ed26c8ba7702fe10b91fdd8039f8653/element/f.00B16FB907105E31C8BB4F36623C8378.d.728C82DF0E1C52E913F7BEF79B1393F6.e.3843/click - {}
RESULT: {}
COMMAND: GET /session/2ed26c8ba7702fe10b91fdd8039f8653/screenshot - {}
RESULT: {}
RESULT: undefined
COMMAND: POST /session/2ed26c8ba7702fe10b91fdd8039f8653/element - {"using":"xpath","value":"//*[@id=\"__tile111\"]"}
RESULT: {"using":"xpath","value":"//*[@id=\"__tile111\"]"}
COMMAND: POST /session/2ed26c8ba7702fe10b91fdd8039f8653/element/f.00B16FB907105E31C8BB4F36623C8378.d.728C82DF0E1C52E913F7BEF79B1393F6.e.3843/click - {}
RESULT: undefined
COMMAND: POST /session/2ed26c8ba7702fe10b91fdd8039f8653/element - {"using":"xpath","value":"//*[@id=\"__tile111\"]"}
RESULT: {"using":"xpath","value":"//*[@id=\"__tile111\"]"}
COMMAND: POST /session/2ed26c8ba7702fe10b91fdd8039f8653/element/f.00B16FB907105E31C8BB4F36623C8378.d.728C82DF0E1C52E913F7BEF79B1393F6.e.3843/click - {}
RESULT: undefined
COMMAND: POST /session/2ed26c8ba7702fe10b91fdd8039f8653/execute/async - {"script":"<script> [6424 bytes]","args":[{"element-6066-11e4-a52e-4f735466cecf":"f.00B16FB907105E31C8BB4F36623C8378.d.728C82DF0E1C52E913F7BEF79B1393F6.e.280"},"getTitle",[]]}
COMMAND: POST /session/2ed26c8ba7702fe10b91fdd8039f8653/execute/async - {"script":"<script> [1562 bytes]","args":[{"selector":{"id":"shellAppTitle"},"wdio_ui5_key":"shellAppTitle"}]}
RESULT: {"script":"<script> [1562 bytes]","args":[{"selector":{"id":"shellAppTitle"},"wdio_ui5_key":"shellAppTitle"}]}
COMMAND: POST /session/2ed26c8ba7702fe10b91fdd8039f8653/execute/async - {"script":"<script> [6424 bytes]","args":[{"element-6066-11e4-a52e-4f735466cecf":"f.00B16FB907105E31C8BB4F36623C8378.d.728C82DF0E1C52E913F7BEF79B1393F6.e.3912"},"getTitle",[]]}
RESULT: {"script":"<script> [6424 bytes]","args":[{"element-6066-11e4-a52e-4f735466cecf":"f.00B16FB907105E31C8BB4F36623C8378.d.728C82DF0E1C52E913F7BEF79B1393F6.e.3912"},"getTitle",[]]}
RESULT: undefined
COMMAND: POST /session/2ed26c8ba7702fe10b91fdd8039f8653/element/f.00B16FB907105E31C8BB4F36623C8378.d.728C82DF0E1C52E913F7BEF79B1393F6.e.3841/click - {}
RESULT: {}
COMMAND: GET /session/2ed26c8ba7702fe10b91fdd8039f8653/screenshot - {}
RESULT: {}
]]></system-out>
    </testcase>
    <testcase classname="chrome.135_0_7049_42.windows.Sanity_Tests_US104253" name="Should open ISC Schedules page" time="33.229">
      <system-out><![CDATA[
COMMAND: POST /session/2ed26c8ba7702fe10b91fdd8039f8653/execute/async - {"script":"<script> [1562 bytes]","args":[{"selector":{"controlType":"sap.m.GenericTile","properties":{"header":"ISC Schedules"}},"wdio_ui5_key":"sapm.GenericTile{\"header\":\"ISC Schedules\"}"}]}
RESULT: {"script":"<script> [1562 bytes]","args":[{"selector":{"controlType":"sap.m.GenericTile","properties":{"header":"ISC Schedules"}},"wdio_ui5_key":"sapm.GenericTile{\"header\":\"ISC Schedules\"}"}]}
RESULT: undefined
COMMAND: POST /session/2ed26c8ba7702fe10b91fdd8039f8653/element - {"using":"xpath","value":"//*[@id=\"__tile109\"]"}
RESULT: {"using":"xpath","value":"//*[@id=\"__tile109\"]"}
COMMAND: POST /session/2ed26c8ba7702fe10b91fdd8039f8653/element/f.00B16FB907105E31C8BB4F36623C8378.d.728C82DF0E1C52E913F7BEF79B1393F6.e.3915/click - {}
RESULT: {}
COMMAND: GET /session/2ed26c8ba7702fe10b91fdd8039f8653/screenshot - {}
RESULT: {}
RESULT: undefined
COMMAND: POST /session/2ed26c8ba7702fe10b91fdd8039f8653/element - {"using":"xpath","value":"//*[@id=\"__tile109\"]"}
RESULT: {"using":"xpath","value":"//*[@id=\"__tile109\"]"}
COMMAND: POST /session/2ed26c8ba7702fe10b91fdd8039f8653/element/f.00B16FB907105E31C8BB4F36623C8378.d.728C82DF0E1C52E913F7BEF79B1393F6.e.3915/click - {}
RESULT: undefined
COMMAND: POST /session/2ed26c8ba7702fe10b91fdd8039f8653/element - {"using":"xpath","value":"//*[@id=\"__tile109\"]"}
RESULT: {"using":"xpath","value":"//*[@id=\"__tile109\"]"}
COMMAND: POST /session/2ed26c8ba7702fe10b91fdd8039f8653/element/f.00B16FB907105E31C8BB4F36623C8378.d.728C82DF0E1C52E913F7BEF79B1393F6.e.3915/click - {}
RESULT: undefined
COMMAND: POST /session/2ed26c8ba7702fe10b91fdd8039f8653/execute/async - {"script":"<script> [6424 bytes]","args":[{"element-6066-11e4-a52e-4f735466cecf":"f.00B16FB907105E31C8BB4F36623C8378.d.728C82DF0E1C52E913F7BEF79B1393F6.e.280"},"getTitle",[]]}
COMMAND: POST /session/2ed26c8ba7702fe10b91fdd8039f8653/execute/async - {"script":"<script> [1562 bytes]","args":[{"selector":{"id":"shellAppTitle"},"wdio_ui5_key":"shellAppTitle"}]}
RESULT: {"script":"<script> [1562 bytes]","args":[{"selector":{"id":"shellAppTitle"},"wdio_ui5_key":"shellAppTitle"}]}
COMMAND: POST /session/2ed26c8ba7702fe10b91fdd8039f8653/execute/async - {"script":"<script> [6424 bytes]","args":[{"element-6066-11e4-a52e-4f735466cecf":"f.00B16FB907105E31C8BB4F36623C8378.d.728C82DF0E1C52E913F7BEF79B1393F6.e.3991"},"getTitle",[]]}
RESULT: {"script":"<script> [6424 bytes]","args":[{"element-6066-11e4-a52e-4f735466cecf":"f.00B16FB907105E31C8BB4F36623C8378.d.728C82DF0E1C52E913F7BEF79B1393F6.e.3991"},"getTitle",[]]}
RESULT: undefined
COMMAND: POST /session/2ed26c8ba7702fe10b91fdd8039f8653/element/f.00B16FB907105E31C8BB4F36623C8378.d.728C82DF0E1C52E913F7BEF79B1393F6.e.3841/click - {}
COMMAND: POST /session/2ed26c8ba7702fe10b91fdd8039f8653/element - {"using":"xpath","value":"//*[@id=\"backBtn\"]"}
RESULT: {"using":"xpath","value":"//*[@id=\"backBtn\"]"}
COMMAND: POST /session/2ed26c8ba7702fe10b91fdd8039f8653/element/f.00B16FB907105E31C8BB4F36623C8378.d.728C82DF0E1C52E913F7BEF79B1393F6.e.3841/click - {}
COMMAND: POST /session/2ed26c8ba7702fe10b91fdd8039f8653/element - {"using":"xpath","value":"//*[@id=\"backBtn\"]"}
RESULT: {"using":"xpath","value":"//*[@id=\"backBtn\"]"}
COMMAND: POST /session/2ed26c8ba7702fe10b91fdd8039f8653/element/f.00B16FB907105E31C8BB4F36623C8378.d.728C82DF0E1C52E913F7BEF79B1393F6.e.3992/click - {}
RESULT: {}
COMMAND: GET /session/2ed26c8ba7702fe10b91fdd8039f8653/screenshot - {}
RESULT: {}
]]></system-out>
    </testcase>
    <testcase classname="chrome.135_0_7049_42.windows.Sanity_Tests_US104253" name="Should open ISC Dashboard page" time="32.745">
      <system-out><![CDATA[
COMMAND: POST /session/2ed26c8ba7702fe10b91fdd8039f8653/execute/async - {"script":"<script> [1562 bytes]","args":[{"selector":{"controlType":"sap.m.GenericTile","properties":{"header":"ISC Dashboard"}},"wdio_ui5_key":"sapm.GenericTile{\"header\":\"ISC Dashboard\"}"}]}
RESULT: {"script":"<script> [1562 bytes]","args":[{"selector":{"controlType":"sap.m.GenericTile","properties":{"header":"ISC Dashboard"}},"wdio_ui5_key":"sapm.GenericTile{\"header\":\"ISC Dashboard\"}"}]}
RESULT: undefined
COMMAND: POST /session/2ed26c8ba7702fe10b91fdd8039f8653/element - {"using":"xpath","value":"//*[@id=\"__tile106\"]"}
RESULT: {"using":"xpath","value":"//*[@id=\"__tile106\"]"}
COMMAND: POST /session/2ed26c8ba7702fe10b91fdd8039f8653/element/f.00B16FB907105E31C8BB4F36623C8378.d.728C82DF0E1C52E913F7BEF79B1393F6.e.3994/click - {}
RESULT: {}
COMMAND: GET /session/2ed26c8ba7702fe10b91fdd8039f8653/screenshot - {}
RESULT: {}
RESULT: undefined
COMMAND: POST /session/2ed26c8ba7702fe10b91fdd8039f8653/element - {"using":"xpath","value":"//*[@id=\"__tile106\"]"}
RESULT: {"using":"xpath","value":"//*[@id=\"__tile106\"]"}
COMMAND: POST /session/2ed26c8ba7702fe10b91fdd8039f8653/element/f.00B16FB907105E31C8BB4F36623C8378.d.728C82DF0E1C52E913F7BEF79B1393F6.e.3994/click - {}
RESULT: undefined
COMMAND: POST /session/2ed26c8ba7702fe10b91fdd8039f8653/element - {"using":"xpath","value":"//*[@id=\"__tile106\"]"}
RESULT: {"using":"xpath","value":"//*[@id=\"__tile106\"]"}
COMMAND: POST /session/2ed26c8ba7702fe10b91fdd8039f8653/element/f.00B16FB907105E31C8BB4F36623C8378.d.728C82DF0E1C52E913F7BEF79B1393F6.e.3994/click - {}
RESULT: undefined
COMMAND: POST /session/2ed26c8ba7702fe10b91fdd8039f8653/execute/async - {"script":"<script> [6424 bytes]","args":[{"element-6066-11e4-a52e-4f735466cecf":"f.00B16FB907105E31C8BB4F36623C8378.d.728C82DF0E1C52E913F7BEF79B1393F6.e.280"},"getTitle",[]]}
COMMAND: POST /session/2ed26c8ba7702fe10b91fdd8039f8653/execute/async - {"script":"<script> [1562 bytes]","args":[{"selector":{"id":"shellAppTitle"},"wdio_ui5_key":"shellAppTitle"}]}
RESULT: {"script":"<script> [1562 bytes]","args":[{"selector":{"id":"shellAppTitle"},"wdio_ui5_key":"shellAppTitle"}]}
COMMAND: POST /session/2ed26c8ba7702fe10b91fdd8039f8653/execute/async - {"script":"<script> [6424 bytes]","args":[{"element-6066-11e4-a52e-4f735466cecf":"f.00B16FB907105E31C8BB4F36623C8378.d.728C82DF0E1C52E913F7BEF79B1393F6.e.4115"},"getTitle",[]]}
RESULT: {"script":"<script> [6424 bytes]","args":[{"element-6066-11e4-a52e-4f735466cecf":"f.00B16FB907105E31C8BB4F36623C8378.d.728C82DF0E1C52E913F7BEF79B1393F6.e.4115"},"getTitle",[]]}
RESULT: undefined
COMMAND: POST /session/2ed26c8ba7702fe10b91fdd8039f8653/element/f.00B16FB907105E31C8BB4F36623C8378.d.728C82DF0E1C52E913F7BEF79B1393F6.e.3992/click - {}
RESULT: {}
COMMAND: GET /session/2ed26c8ba7702fe10b91fdd8039f8653/screenshot - {}
RESULT: {}
]]></system-out>
    </testcase>
    <testcase classname="chrome.135_0_7049_42.windows.Sanity_Tests_US104253" name="Should open ISC Orders page" time="35.348">
      <system-out><![CDATA[
COMMAND: POST /session/2ed26c8ba7702fe10b91fdd8039f8653/execute/async - {"script":"<script> [1562 bytes]","args":[{"selector":{"controlType":"sap.m.GenericTile","properties":{"header":"ISC Orders"}},"wdio_ui5_key":"sapm.GenericTile{\"header\":\"ISC Orders\"}"}]}
RESULT: {"script":"<script> [1562 bytes]","args":[{"selector":{"controlType":"sap.m.GenericTile","properties":{"header":"ISC Orders"}},"wdio_ui5_key":"sapm.GenericTile{\"header\":\"ISC Orders\"}"}]}
RESULT: undefined
COMMAND: POST /session/2ed26c8ba7702fe10b91fdd8039f8653/element - {"using":"xpath","value":"//*[@id=\"__tile108\"]"}
RESULT: {"using":"xpath","value":"//*[@id=\"__tile108\"]"}
COMMAND: POST /session/2ed26c8ba7702fe10b91fdd8039f8653/element/f.00B16FB907105E31C8BB4F36623C8378.d.728C82DF0E1C52E913F7BEF79B1393F6.e.4117/click - {}
RESULT: {}
COMMAND: GET /session/2ed26c8ba7702fe10b91fdd8039f8653/screenshot - {}
RESULT: {}
RESULT: undefined
COMMAND: POST /session/2ed26c8ba7702fe10b91fdd8039f8653/element - {"using":"xpath","value":"//*[@id=\"__tile108\"]"}
RESULT: {"using":"xpath","value":"//*[@id=\"__tile108\"]"}
COMMAND: POST /session/2ed26c8ba7702fe10b91fdd8039f8653/element/f.00B16FB907105E31C8BB4F36623C8378.d.728C82DF0E1C52E913F7BEF79B1393F6.e.4117/click - {}
RESULT: undefined
COMMAND: POST /session/2ed26c8ba7702fe10b91fdd8039f8653/element - {"using":"xpath","value":"//*[@id=\"__tile108\"]"}
RESULT: {"using":"xpath","value":"//*[@id=\"__tile108\"]"}
COMMAND: POST /session/2ed26c8ba7702fe10b91fdd8039f8653/element/f.00B16FB907105E31C8BB4F36623C8378.d.728C82DF0E1C52E913F7BEF79B1393F6.e.4117/click - {}
RESULT: undefined
COMMAND: POST /session/2ed26c8ba7702fe10b91fdd8039f8653/execute/async - {"script":"<script> [6424 bytes]","args":[{"element-6066-11e4-a52e-4f735466cecf":"f.00B16FB907105E31C8BB4F36623C8378.d.728C82DF0E1C52E913F7BEF79B1393F6.e.280"},"getTitle",[]]}
COMMAND: POST /session/2ed26c8ba7702fe10b91fdd8039f8653/execute/async - {"script":"<script> [1562 bytes]","args":[{"selector":{"id":"shellAppTitle"},"wdio_ui5_key":"shellAppTitle"}]}
RESULT: {"script":"<script> [1562 bytes]","args":[{"selector":{"id":"shellAppTitle"},"wdio_ui5_key":"shellAppTitle"}]}
COMMAND: POST /session/2ed26c8ba7702fe10b91fdd8039f8653/execute/async - {"script":"<script> [6424 bytes]","args":[{"element-6066-11e4-a52e-4f735466cecf":"f.00B16FB907105E31C8BB4F36623C8378.d.728C82DF0E1C52E913F7BEF79B1393F6.e.4216"},"getTitle",[]]}
RESULT: {"script":"<script> [6424 bytes]","args":[{"element-6066-11e4-a52e-4f735466cecf":"f.00B16FB907105E31C8BB4F36623C8378.d.728C82DF0E1C52E913F7BEF79B1393F6.e.4216"},"getTitle",[]]}
RESULT: undefined
COMMAND: POST /session/2ed26c8ba7702fe10b91fdd8039f8653/element/f.00B16FB907105E31C8BB4F36623C8378.d.728C82DF0E1C52E913F7BEF79B1393F6.e.3992/click - {}
COMMAND: POST /session/2ed26c8ba7702fe10b91fdd8039f8653/element - {"using":"xpath","value":"//*[@id=\"backBtn\"]"}
RESULT: {"using":"xpath","value":"//*[@id=\"backBtn\"]"}
COMMAND: POST /session/2ed26c8ba7702fe10b91fdd8039f8653/element/f.00B16FB907105E31C8BB4F36623C8378.d.728C82DF0E1C52E913F7BEF79B1393F6.e.3992/click - {}
COMMAND: POST /session/2ed26c8ba7702fe10b91fdd8039f8653/element - {"using":"xpath","value":"//*[@id=\"backBtn\"]"}
RESULT: {"using":"xpath","value":"//*[@id=\"backBtn\"]"}
COMMAND: POST /session/2ed26c8ba7702fe10b91fdd8039f8653/element/f.00B16FB907105E31C8BB4F36623C8378.d.728C82DF0E1C52E913F7BEF79B1393F6.e.4217/click - {}
RESULT: {}
COMMAND: GET /session/2ed26c8ba7702fe10b91fdd8039f8653/screenshot - {}
RESULT: {}
]]></system-out>
    </testcase>
    <testcase classname="chrome.135_0_7049_42.windows.Sanity_Tests_US104253" name="Should open ISC Tasks page" time="35.619">
      <system-out><![CDATA[
COMMAND: POST /session/2ed26c8ba7702fe10b91fdd8039f8653/execute/async - {"script":"<script> [1562 bytes]","args":[{"selector":{"controlType":"sap.m.GenericTile","properties":{"header":"ISC Tasks"}},"wdio_ui5_key":"sapm.GenericTile{\"header\":\"ISC Tasks\"}"}]}
RESULT: {"script":"<script> [1562 bytes]","args":[{"selector":{"controlType":"sap.m.GenericTile","properties":{"header":"ISC Tasks"}},"wdio_ui5_key":"sapm.GenericTile{\"header\":\"ISC Tasks\"}"}]}
RESULT: undefined
COMMAND: POST /session/2ed26c8ba7702fe10b91fdd8039f8653/element - {"using":"xpath","value":"//*[@id=\"__tile110\"]"}
RESULT: {"using":"xpath","value":"//*[@id=\"__tile110\"]"}
COMMAND: POST /session/2ed26c8ba7702fe10b91fdd8039f8653/element/f.00B16FB907105E31C8BB4F36623C8378.d.728C82DF0E1C52E913F7BEF79B1393F6.e.4219/click - {}
RESULT: {}
COMMAND: GET /session/2ed26c8ba7702fe10b91fdd8039f8653/screenshot - {}
RESULT: {}
RESULT: undefined
COMMAND: POST /session/2ed26c8ba7702fe10b91fdd8039f8653/element - {"using":"xpath","value":"//*[@id=\"__tile110\"]"}
RESULT: {"using":"xpath","value":"//*[@id=\"__tile110\"]"}
COMMAND: POST /session/2ed26c8ba7702fe10b91fdd8039f8653/element/f.00B16FB907105E31C8BB4F36623C8378.d.728C82DF0E1C52E913F7BEF79B1393F6.e.4219/click - {}
RESULT: undefined
COMMAND: POST /session/2ed26c8ba7702fe10b91fdd8039f8653/element - {"using":"xpath","value":"//*[@id=\"__tile110\"]"}
RESULT: {"using":"xpath","value":"//*[@id=\"__tile110\"]"}
COMMAND: POST /session/2ed26c8ba7702fe10b91fdd8039f8653/element/f.00B16FB907105E31C8BB4F36623C8378.d.728C82DF0E1C52E913F7BEF79B1393F6.e.4219/click - {}
RESULT: undefined
COMMAND: POST /session/2ed26c8ba7702fe10b91fdd8039f8653/execute/async - {"script":"<script> [6424 bytes]","args":[{"element-6066-11e4-a52e-4f735466cecf":"f.00B16FB907105E31C8BB4F36623C8378.d.728C82DF0E1C52E913F7BEF79B1393F6.e.280"},"getTitle",[]]}
COMMAND: POST /session/2ed26c8ba7702fe10b91fdd8039f8653/execute/async - {"script":"<script> [1562 bytes]","args":[{"selector":{"id":"shellAppTitle"},"wdio_ui5_key":"shellAppTitle"}]}
RESULT: {"script":"<script> [1562 bytes]","args":[{"selector":{"id":"shellAppTitle"},"wdio_ui5_key":"shellAppTitle"}]}
COMMAND: POST /session/2ed26c8ba7702fe10b91fdd8039f8653/execute/async - {"script":"<script> [6424 bytes]","args":[{"element-6066-11e4-a52e-4f735466cecf":"f.00B16FB907105E31C8BB4F36623C8378.d.728C82DF0E1C52E913F7BEF79B1393F6.e.4308"},"getTitle",[]]}
RESULT: {"script":"<script> [6424 bytes]","args":[{"element-6066-11e4-a52e-4f735466cecf":"f.00B16FB907105E31C8BB4F36623C8378.d.728C82DF0E1C52E913F7BEF79B1393F6.e.4308"},"getTitle",[]]}
RESULT: undefined
COMMAND: POST /session/2ed26c8ba7702fe10b91fdd8039f8653/element/f.00B16FB907105E31C8BB4F36623C8378.d.728C82DF0E1C52E913F7BEF79B1393F6.e.4217/click - {}
RESULT: {}
COMMAND: GET /session/2ed26c8ba7702fe10b91fdd8039f8653/screenshot - {}
RESULT: {}
]]></system-out>
    </testcase>
    <testcase classname="chrome.135_0_7049_42.windows.Sanity_Tests_US104253" name="Should open Manage Resource Logbook page" time="35.506">
      <system-out><![CDATA[
COMMAND: POST /session/2ed26c8ba7702fe10b91fdd8039f8653/execute/async - {"script":"<script> [1562 bytes]","args":[{"selector":{"controlType":"sap.m.GenericTile","properties":{"header":"Manage Resource Logbook"}},"wdio_ui5_key":"sapm.GenericTile{\"header\":\"Manage Resource Logbook\"}"}]}
RESULT: {"script":"<script> [1562 bytes]","args":[{"selector":{"controlType":"sap.m.GenericTile","properties":{"header":"Manage Resource Logbook"}},"wdio_ui5_key":"sapm.GenericTile{\"header\":\"Manage Resource Logbook\"}"}]}
RESULT: undefined
COMMAND: POST /session/2ed26c8ba7702fe10b91fdd8039f8653/element - {"using":"xpath","value":"//*[@id=\"__tile113\"]"}
RESULT: {"using":"xpath","value":"//*[@id=\"__tile113\"]"}
COMMAND: POST /session/2ed26c8ba7702fe10b91fdd8039f8653/element/f.00B16FB907105E31C8BB4F36623C8378.d.728C82DF0E1C52E913F7BEF79B1393F6.e.4310/click - {}
RESULT: {}
COMMAND: GET /session/2ed26c8ba7702fe10b91fdd8039f8653/screenshot - {}
RESULT: {}
RESULT: undefined
COMMAND: POST /session/2ed26c8ba7702fe10b91fdd8039f8653/element - {"using":"xpath","value":"//*[@id=\"__tile113\"]"}
RESULT: {"using":"xpath","value":"//*[@id=\"__tile113\"]"}
COMMAND: POST /session/2ed26c8ba7702fe10b91fdd8039f8653/element/f.00B16FB907105E31C8BB4F36623C8378.d.728C82DF0E1C52E913F7BEF79B1393F6.e.4310/click - {}
RESULT: undefined
COMMAND: POST /session/2ed26c8ba7702fe10b91fdd8039f8653/element - {"using":"xpath","value":"//*[@id=\"__tile113\"]"}
RESULT: {"using":"xpath","value":"//*[@id=\"__tile113\"]"}
COMMAND: POST /session/2ed26c8ba7702fe10b91fdd8039f8653/element/f.00B16FB907105E31C8BB4F36623C8378.d.728C82DF0E1C52E913F7BEF79B1393F6.e.4310/click - {}
RESULT: undefined
COMMAND: POST /session/2ed26c8ba7702fe10b91fdd8039f8653/execute/async - {"script":"<script> [6424 bytes]","args":[{"element-6066-11e4-a52e-4f735466cecf":"f.00B16FB907105E31C8BB4F36623C8378.d.728C82DF0E1C52E913F7BEF79B1393F6.e.280"},"getTitle",[]]}
COMMAND: POST /session/2ed26c8ba7702fe10b91fdd8039f8653/execute/async - {"script":"<script> [1562 bytes]","args":[{"selector":{"id":"shellAppTitle"},"wdio_ui5_key":"shellAppTitle"}]}
RESULT: {"script":"<script> [1562 bytes]","args":[{"selector":{"id":"shellAppTitle"},"wdio_ui5_key":"shellAppTitle"}]}
COMMAND: POST /session/2ed26c8ba7702fe10b91fdd8039f8653/execute/async - {"script":"<script> [6424 bytes]","args":[{"element-6066-11e4-a52e-4f735466cecf":"f.00B16FB907105E31C8BB4F36623C8378.d.728C82DF0E1C52E913F7BEF79B1393F6.e.4411"},"getTitle",[]]}
RESULT: {"script":"<script> [6424 bytes]","args":[{"element-6066-11e4-a52e-4f735466cecf":"f.00B16FB907105E31C8BB4F36623C8378.d.728C82DF0E1C52E913F7BEF79B1393F6.e.4411"},"getTitle",[]]}
RESULT: undefined
COMMAND: POST /session/2ed26c8ba7702fe10b91fdd8039f8653/element/f.00B16FB907105E31C8BB4F36623C8378.d.728C82DF0E1C52E913F7BEF79B1393F6.e.4217/click - {}
COMMAND: POST /session/2ed26c8ba7702fe10b91fdd8039f8653/element - {"using":"xpath","value":"//*[@id=\"backBtn\"]"}
RESULT: {"using":"xpath","value":"//*[@id=\"backBtn\"]"}
COMMAND: POST /session/2ed26c8ba7702fe10b91fdd8039f8653/element/f.00B16FB907105E31C8BB4F36623C8378.d.728C82DF0E1C52E913F7BEF79B1393F6.e.4217/click - {}
COMMAND: POST /session/2ed26c8ba7702fe10b91fdd8039f8653/element - {"using":"xpath","value":"//*[@id=\"backBtn\"]"}
RESULT: {"using":"xpath","value":"//*[@id=\"backBtn\"]"}
COMMAND: POST /session/2ed26c8ba7702fe10b91fdd8039f8653/element/f.00B16FB907105E31C8BB4F36623C8378.d.728C82DF0E1C52E913F7BEF79B1393F6.e.4412/click - {}
RESULT: {}
COMMAND: GET /session/2ed26c8ba7702fe10b91fdd8039f8653/screenshot - {}
RESULT: {}
]]></system-out>
    </testcase>
    <testcase classname="chrome.135_0_7049_42.windows.Sanity_Tests_US104253" name="Should open Manage Logbook page" time="33.603">
      <system-out><![CDATA[
COMMAND: POST /session/2ed26c8ba7702fe10b91fdd8039f8653/execute/async - {"script":"<script> [1562 bytes]","args":[{"selector":{"controlType":"sap.m.GenericTile","properties":{"header":"Manage Logbook"}},"wdio_ui5_key":"sapm.GenericTile{\"header\":\"Manage Logbook\"}"}]}
RESULT: {"script":"<script> [1562 bytes]","args":[{"selector":{"controlType":"sap.m.GenericTile","properties":{"header":"Manage Logbook"}},"wdio_ui5_key":"sapm.GenericTile{\"header\":\"Manage Logbook\"}"}]}
RESULT: undefined
COMMAND: POST /session/2ed26c8ba7702fe10b91fdd8039f8653/element - {"using":"xpath","value":"//*[@id=\"__tile112\"]"}
RESULT: {"using":"xpath","value":"//*[@id=\"__tile112\"]"}
COMMAND: POST /session/2ed26c8ba7702fe10b91fdd8039f8653/element/f.00B16FB907105E31C8BB4F36623C8378.d.728C82DF0E1C52E913F7BEF79B1393F6.e.4414/click - {}
RESULT: {}
COMMAND: GET /session/2ed26c8ba7702fe10b91fdd8039f8653/screenshot - {}
RESULT: {}
RESULT: undefined
COMMAND: POST /session/2ed26c8ba7702fe10b91fdd8039f8653/element - {"using":"xpath","value":"//*[@id=\"__tile112\"]"}
RESULT: {"using":"xpath","value":"//*[@id=\"__tile112\"]"}
COMMAND: POST /session/2ed26c8ba7702fe10b91fdd8039f8653/element/f.00B16FB907105E31C8BB4F36623C8378.d.728C82DF0E1C52E913F7BEF79B1393F6.e.4414/click - {}
RESULT: undefined
COMMAND: POST /session/2ed26c8ba7702fe10b91fdd8039f8653/element - {"using":"xpath","value":"//*[@id=\"__tile112\"]"}
RESULT: {"using":"xpath","value":"//*[@id=\"__tile112\"]"}
COMMAND: POST /session/2ed26c8ba7702fe10b91fdd8039f8653/element/f.00B16FB907105E31C8BB4F36623C8378.d.728C82DF0E1C52E913F7BEF79B1393F6.e.4414/click - {}
RESULT: undefined
COMMAND: POST /session/2ed26c8ba7702fe10b91fdd8039f8653/execute/async - {"script":"<script> [6424 bytes]","args":[{"element-6066-11e4-a52e-4f735466cecf":"f.00B16FB907105E31C8BB4F36623C8378.d.728C82DF0E1C52E913F7BEF79B1393F6.e.280"},"getTitle",[]]}
COMMAND: POST /session/2ed26c8ba7702fe10b91fdd8039f8653/execute/async - {"script":"<script> [1562 bytes]","args":[{"selector":{"id":"shellAppTitle"},"wdio_ui5_key":"shellAppTitle"}]}
RESULT: {"script":"<script> [1562 bytes]","args":[{"selector":{"id":"shellAppTitle"},"wdio_ui5_key":"shellAppTitle"}]}
COMMAND: POST /session/2ed26c8ba7702fe10b91fdd8039f8653/execute/async - {"script":"<script> [6424 bytes]","args":[{"element-6066-11e4-a52e-4f735466cecf":"f.00B16FB907105E31C8BB4F36623C8378.d.728C82DF0E1C52E913F7BEF79B1393F6.e.4639"},"getTitle",[]]}
RESULT: {"script":"<script> [6424 bytes]","args":[{"element-6066-11e4-a52e-4f735466cecf":"f.00B16FB907105E31C8BB4F36623C8378.d.728C82DF0E1C52E913F7BEF79B1393F6.e.4639"},"getTitle",[]]}
RESULT: undefined
COMMAND: POST /session/2ed26c8ba7702fe10b91fdd8039f8653/element/f.00B16FB907105E31C8BB4F36623C8378.d.728C82DF0E1C52E913F7BEF79B1393F6.e.4412/click - {}
RESULT: {}
COMMAND: GET /session/2ed26c8ba7702fe10b91fdd8039f8653/screenshot - {}
RESULT: {}
]]></system-out>
    </testcase>
    <testcase classname="chrome.135_0_7049_42.windows.Sanity_Tests_US104253" name="Should open ISC Orders Calendar page" time="35.551">
      <system-out><![CDATA[
COMMAND: POST /session/2ed26c8ba7702fe10b91fdd8039f8653/execute/async - {"script":"<script> [1562 bytes]","args":[{"selector":{"controlType":"sap.m.GenericTile","properties":{"header":"ISC Orders Calendar"}},"wdio_ui5_key":"sapm.GenericTile{\"header\":\"ISC Orders Calendar\"}"}]}
RESULT: {"script":"<script> [1562 bytes]","args":[{"selector":{"controlType":"sap.m.GenericTile","properties":{"header":"ISC Orders Calendar"}},"wdio_ui5_key":"sapm.GenericTile{\"header\":\"ISC Orders Calendar\"}"}]}
RESULT: undefined
COMMAND: POST /session/2ed26c8ba7702fe10b91fdd8039f8653/element - {"using":"xpath","value":"//*[@id=\"__tile107\"]"}
RESULT: {"using":"xpath","value":"//*[@id=\"__tile107\"]"}
COMMAND: POST /session/2ed26c8ba7702fe10b91fdd8039f8653/element/f.00B16FB907105E31C8BB4F36623C8378.d.728C82DF0E1C52E913F7BEF79B1393F6.e.4641/click - {}
RESULT: {}
COMMAND: GET /session/2ed26c8ba7702fe10b91fdd8039f8653/screenshot - {}
RESULT: {}
RESULT: undefined
COMMAND: POST /session/2ed26c8ba7702fe10b91fdd8039f8653/element - {"using":"xpath","value":"//*[@id=\"__tile107\"]"}
RESULT: {"using":"xpath","value":"//*[@id=\"__tile107\"]"}
COMMAND: POST /session/2ed26c8ba7702fe10b91fdd8039f8653/element/f.00B16FB907105E31C8BB4F36623C8378.d.728C82DF0E1C52E913F7BEF79B1393F6.e.4641/click - {}
RESULT: undefined
COMMAND: POST /session/2ed26c8ba7702fe10b91fdd8039f8653/element - {"using":"xpath","value":"//*[@id=\"__tile107\"]"}
RESULT: {"using":"xpath","value":"//*[@id=\"__tile107\"]"}
COMMAND: POST /session/2ed26c8ba7702fe10b91fdd8039f8653/element/f.00B16FB907105E31C8BB4F36623C8378.d.728C82DF0E1C52E913F7BEF79B1393F6.e.4641/click - {}
RESULT: undefined
COMMAND: POST /session/2ed26c8ba7702fe10b91fdd8039f8653/execute/async - {"script":"<script> [6424 bytes]","args":[{"element-6066-11e4-a52e-4f735466cecf":"f.00B16FB907105E31C8BB4F36623C8378.d.728C82DF0E1C52E913F7BEF79B1393F6.e.280"},"getTitle",[]]}
COMMAND: POST /session/2ed26c8ba7702fe10b91fdd8039f8653/execute/async - {"script":"<script> [1562 bytes]","args":[{"selector":{"id":"shellAppTitle"},"wdio_ui5_key":"shellAppTitle"}]}
RESULT: {"script":"<script> [1562 bytes]","args":[{"selector":{"id":"shellAppTitle"},"wdio_ui5_key":"shellAppTitle"}]}
COMMAND: POST /session/2ed26c8ba7702fe10b91fdd8039f8653/execute/async - {"script":"<script> [6424 bytes]","args":[{"element-6066-11e4-a52e-4f735466cecf":"f.00B16FB907105E31C8BB4F36623C8378.d.728C82DF0E1C52E913F7BEF79B1393F6.e.4850"},"getTitle",[]]}
RESULT: {"script":"<script> [6424 bytes]","args":[{"element-6066-11e4-a52e-4f735466cecf":"f.00B16FB907105E31C8BB4F36623C8378.d.728C82DF0E1C52E913F7BEF79B1393F6.e.4850"},"getTitle",[]]}
RESULT: undefined
COMMAND: POST /session/2ed26c8ba7702fe10b91fdd8039f8653/element/f.00B16FB907105E31C8BB4F36623C8378.d.728C82DF0E1C52E913F7BEF79B1393F6.e.4412/click - {}
COMMAND: POST /session/2ed26c8ba7702fe10b91fdd8039f8653/element - {"using":"xpath","value":"//*[@id=\"backBtn\"]"}
RESULT: {"using":"xpath","value":"//*[@id=\"backBtn\"]"}
COMMAND: POST /session/2ed26c8ba7702fe10b91fdd8039f8653/element/f.00B16FB907105E31C8BB4F36623C8378.d.728C82DF0E1C52E913F7BEF79B1393F6.e.4412/click - {}
COMMAND: POST /session/2ed26c8ba7702fe10b91fdd8039f8653/element - {"using":"xpath","value":"//*[@id=\"backBtn\"]"}
RESULT: {"using":"xpath","value":"//*[@id=\"backBtn\"]"}
COMMAND: POST /session/2ed26c8ba7702fe10b91fdd8039f8653/element/f.00B16FB907105E31C8BB4F36623C8378.d.728C82DF0E1C52E913F7BEF79B1393F6.e.4851/click - {}
RESULT: {}
COMMAND: GET /session/2ed26c8ba7702fe10b91fdd8039f8653/screenshot - {}
RESULT: {}
]]></system-out>
    </testcase>
    <testcase classname="chrome.135_0_7049_42.windows.Sanity_Tests_US104253" name="Should open Configure System page" time="34.35">
      <system-out><![CDATA[
COMMAND: POST /session/2ed26c8ba7702fe10b91fdd8039f8653/execute/async - {"script":"<script> [1562 bytes]","args":[{"selector":{"controlType":"sap.m.GenericTile","properties":{"header":"Configure System"}},"wdio_ui5_key":"sapm.GenericTile{\"header\":\"Configure System\"}"}]}
RESULT: {"script":"<script> [1562 bytes]","args":[{"selector":{"controlType":"sap.m.GenericTile","properties":{"header":"Configure System"}},"wdio_ui5_key":"sapm.GenericTile{\"header\":\"Configure System\"}"}]}
RESULT: undefined
COMMAND: POST /session/2ed26c8ba7702fe10b91fdd8039f8653/element - {"using":"xpath","value":"//*[@id=\"__tile114\"]"}
RESULT: {"using":"xpath","value":"//*[@id=\"__tile114\"]"}
COMMAND: POST /session/2ed26c8ba7702fe10b91fdd8039f8653/element/f.00B16FB907105E31C8BB4F36623C8378.d.728C82DF0E1C52E913F7BEF79B1393F6.e.4855/click - {}
RESULT: {}
COMMAND: GET /session/2ed26c8ba7702fe10b91fdd8039f8653/screenshot - {}
RESULT: {}
RESULT: undefined
COMMAND: POST /session/2ed26c8ba7702fe10b91fdd8039f8653/element - {"using":"xpath","value":"//*[@id=\"__tile114\"]"}
RESULT: {"using":"xpath","value":"//*[@id=\"__tile114\"]"}
COMMAND: POST /session/2ed26c8ba7702fe10b91fdd8039f8653/element/f.00B16FB907105E31C8BB4F36623C8378.d.728C82DF0E1C52E913F7BEF79B1393F6.e.4855/click - {}
RESULT: undefined
COMMAND: POST /session/2ed26c8ba7702fe10b91fdd8039f8653/element - {"using":"xpath","value":"//*[@id=\"__tile114\"]"}
RESULT: {"using":"xpath","value":"//*[@id=\"__tile114\"]"}
COMMAND: POST /session/2ed26c8ba7702fe10b91fdd8039f8653/element/f.00B16FB907105E31C8BB4F36623C8378.d.728C82DF0E1C52E913F7BEF79B1393F6.e.4855/click - {}
RESULT: undefined
COMMAND: POST /session/2ed26c8ba7702fe10b91fdd8039f8653/execute/async - {"script":"<script> [6424 bytes]","args":[{"element-6066-11e4-a52e-4f735466cecf":"f.00B16FB907105E31C8BB4F36623C8378.d.728C82DF0E1C52E913F7BEF79B1393F6.e.280"},"getTitle",[]]}
COMMAND: POST /session/2ed26c8ba7702fe10b91fdd8039f8653/execute/async - {"script":"<script> [1562 bytes]","args":[{"selector":{"id":"shellAppTitle"},"wdio_ui5_key":"shellAppTitle"}]}
RESULT: {"script":"<script> [1562 bytes]","args":[{"selector":{"id":"shellAppTitle"},"wdio_ui5_key":"shellAppTitle"}]}
COMMAND: POST /session/2ed26c8ba7702fe10b91fdd8039f8653/execute/async - {"script":"<script> [6424 bytes]","args":[{"element-6066-11e4-a52e-4f735466cecf":"f.00B16FB907105E31C8BB4F36623C8378.d.728C82DF0E1C52E913F7BEF79B1393F6.e.4888"},"getTitle",[]]}
RESULT: {"script":"<script> [6424 bytes]","args":[{"element-6066-11e4-a52e-4f735466cecf":"f.00B16FB907105E31C8BB4F36623C8378.d.728C82DF0E1C52E913F7BEF79B1393F6.e.4888"},"getTitle",[]]}
RESULT: undefined
COMMAND: POST /session/2ed26c8ba7702fe10b91fdd8039f8653/element/f.00B16FB907105E31C8BB4F36623C8378.d.728C82DF0E1C52E913F7BEF79B1393F6.e.4851/click - {}
RESULT: {}
COMMAND: GET /session/2ed26c8ba7702fe10b91fdd8039f8653/screenshot - {}
RESULT: {}
]]></system-out>
    </testcase>
    <testcase classname="chrome.135_0_7049_42.windows.Sanity_Tests_US104253" name="Should open Manage Classifications page" time="33.765">
      <system-out><![CDATA[
COMMAND: POST /session/2ed26c8ba7702fe10b91fdd8039f8653/execute/async - {"script":"<script> [1562 bytes]","args":[{"selector":{"controlType":"sap.m.GenericTile","properties":{"header":"Manage Classifications"}},"wdio_ui5_key":"sapm.GenericTile{\"header\":\"Manage Classifications\"}"}]}
RESULT: {"script":"<script> [1562 bytes]","args":[{"selector":{"controlType":"sap.m.GenericTile","properties":{"header":"Manage Classifications"}},"wdio_ui5_key":"sapm.GenericTile{\"header\":\"Manage Classifications\"}"}]}
RESULT: undefined
COMMAND: POST /session/2ed26c8ba7702fe10b91fdd8039f8653/element - {"using":"xpath","value":"//*[@id=\"__tile115\"]"}
RESULT: {"using":"xpath","value":"//*[@id=\"__tile115\"]"}
COMMAND: POST /session/2ed26c8ba7702fe10b91fdd8039f8653/element/f.00B16FB907105E31C8BB4F36623C8378.d.728C82DF0E1C52E913F7BEF79B1393F6.e.4891/click - {}
RESULT: {}
COMMAND: GET /session/2ed26c8ba7702fe10b91fdd8039f8653/screenshot - {}
RESULT: {}
RESULT: undefined
COMMAND: POST /session/2ed26c8ba7702fe10b91fdd8039f8653/element - {"using":"xpath","value":"//*[@id=\"__tile115\"]"}
RESULT: {"using":"xpath","value":"//*[@id=\"__tile115\"]"}
COMMAND: POST /session/2ed26c8ba7702fe10b91fdd8039f8653/element/f.00B16FB907105E31C8BB4F36623C8378.d.728C82DF0E1C52E913F7BEF79B1393F6.e.4891/click - {}
RESULT: undefined
COMMAND: POST /session/2ed26c8ba7702fe10b91fdd8039f8653/element - {"using":"xpath","value":"//*[@id=\"__tile115\"]"}
RESULT: {"using":"xpath","value":"//*[@id=\"__tile115\"]"}
COMMAND: POST /session/2ed26c8ba7702fe10b91fdd8039f8653/element/f.00B16FB907105E31C8BB4F36623C8378.d.728C82DF0E1C52E913F7BEF79B1393F6.e.4891/click - {}
RESULT: undefined
COMMAND: POST /session/2ed26c8ba7702fe10b91fdd8039f8653/execute/async - {"script":"<script> [6424 bytes]","args":[{"element-6066-11e4-a52e-4f735466cecf":"f.00B16FB907105E31C8BB4F36623C8378.d.728C82DF0E1C52E913F7BEF79B1393F6.e.280"},"getTitle",[]]}
COMMAND: POST /session/2ed26c8ba7702fe10b91fdd8039f8653/execute/async - {"script":"<script> [1562 bytes]","args":[{"selector":{"id":"shellAppTitle"},"wdio_ui5_key":"shellAppTitle"}]}
RESULT: {"script":"<script> [1562 bytes]","args":[{"selector":{"id":"shellAppTitle"},"wdio_ui5_key":"shellAppTitle"}]}
COMMAND: POST /session/2ed26c8ba7702fe10b91fdd8039f8653/execute/async - {"script":"<script> [6424 bytes]","args":[{"element-6066-11e4-a52e-4f735466cecf":"f.00B16FB907105E31C8BB4F36623C8378.d.728C82DF0E1C52E913F7BEF79B1393F6.e.5009"},"getTitle",[]]}
RESULT: {"script":"<script> [6424 bytes]","args":[{"element-6066-11e4-a52e-4f735466cecf":"f.00B16FB907105E31C8BB4F36623C8378.d.728C82DF0E1C52E913F7BEF79B1393F6.e.5009"},"getTitle",[]]}
RESULT: undefined
COMMAND: POST /session/2ed26c8ba7702fe10b91fdd8039f8653/element/f.00B16FB907105E31C8BB4F36623C8378.d.728C82DF0E1C52E913F7BEF79B1393F6.e.4851/click - {}
COMMAND: POST /session/2ed26c8ba7702fe10b91fdd8039f8653/element - {"using":"xpath","value":"//*[@id=\"backBtn\"]"}
RESULT: {"using":"xpath","value":"//*[@id=\"backBtn\"]"}
COMMAND: POST /session/2ed26c8ba7702fe10b91fdd8039f8653/element/f.00B16FB907105E31C8BB4F36623C8378.d.728C82DF0E1C52E913F7BEF79B1393F6.e.4851/click - {}
COMMAND: POST /session/2ed26c8ba7702fe10b91fdd8039f8653/element - {"using":"xpath","value":"//*[@id=\"backBtn\"]"}
RESULT: {"using":"xpath","value":"//*[@id=\"backBtn\"]"}
COMMAND: POST /session/2ed26c8ba7702fe10b91fdd8039f8653/element/f.00B16FB907105E31C8BB4F36623C8378.d.728C82DF0E1C52E913F7BEF79B1393F6.e.5010/click - {}
RESULT: {}
COMMAND: GET /session/2ed26c8ba7702fe10b91fdd8039f8653/screenshot - {}
RESULT: {}
]]></system-out>
    </testcase>
    <testcase classname="chrome.135_0_7049_42.windows.Sanity_Tests_US104253" name="Should open Data Explorer page" time="33.782">
      <system-out><![CDATA[
COMMAND: POST /session/2ed26c8ba7702fe10b91fdd8039f8653/execute/async - {"script":"<script> [1562 bytes]","args":[{"selector":{"controlType":"sap.m.GenericTile","properties":{"header":"Data Explorer"}},"wdio_ui5_key":"sapm.GenericTile{\"header\":\"Data Explorer\"}"}]}
RESULT: {"script":"<script> [1562 bytes]","args":[{"selector":{"controlType":"sap.m.GenericTile","properties":{"header":"Data Explorer"}},"wdio_ui5_key":"sapm.GenericTile{\"header\":\"Data Explorer\"}"}]}
RESULT: undefined
COMMAND: POST /session/2ed26c8ba7702fe10b91fdd8039f8653/element - {"using":"xpath","value":"//*[@id=\"__tile117\"]"}
RESULT: {"using":"xpath","value":"//*[@id=\"__tile117\"]"}
COMMAND: POST /session/2ed26c8ba7702fe10b91fdd8039f8653/element/f.00B16FB907105E31C8BB4F36623C8378.d.728C82DF0E1C52E913F7BEF79B1393F6.e.5012/click - {}
RESULT: {}
COMMAND: GET /session/2ed26c8ba7702fe10b91fdd8039f8653/screenshot - {}
RESULT: {}
RESULT: undefined
COMMAND: POST /session/2ed26c8ba7702fe10b91fdd8039f8653/element - {"using":"xpath","value":"//*[@id=\"__tile117\"]"}
RESULT: {"using":"xpath","value":"//*[@id=\"__tile117\"]"}
COMMAND: POST /session/2ed26c8ba7702fe10b91fdd8039f8653/element/f.00B16FB907105E31C8BB4F36623C8378.d.728C82DF0E1C52E913F7BEF79B1393F6.e.5012/click - {}
RESULT: undefined
COMMAND: POST /session/2ed26c8ba7702fe10b91fdd8039f8653/element - {"using":"xpath","value":"//*[@id=\"__tile117\"]"}
RESULT: {"using":"xpath","value":"//*[@id=\"__tile117\"]"}
COMMAND: POST /session/2ed26c8ba7702fe10b91fdd8039f8653/element/f.00B16FB907105E31C8BB4F36623C8378.d.728C82DF0E1C52E913F7BEF79B1393F6.e.5012/click - {}
RESULT: undefined
COMMAND: POST /session/2ed26c8ba7702fe10b91fdd8039f8653/execute/async - {"script":"<script> [6424 bytes]","args":[{"element-6066-11e4-a52e-4f735466cecf":"f.00B16FB907105E31C8BB4F36623C8378.d.728C82DF0E1C52E913F7BEF79B1393F6.e.280"},"getTitle",[]]}
COMMAND: POST /session/2ed26c8ba7702fe10b91fdd8039f8653/execute/async - {"script":"<script> [1562 bytes]","args":[{"selector":{"id":"shellAppTitle"},"wdio_ui5_key":"shellAppTitle"}]}
RESULT: {"script":"<script> [1562 bytes]","args":[{"selector":{"id":"shellAppTitle"},"wdio_ui5_key":"shellAppTitle"}]}
COMMAND: POST /session/2ed26c8ba7702fe10b91fdd8039f8653/execute/async - {"script":"<script> [6424 bytes]","args":[{"element-6066-11e4-a52e-4f735466cecf":"f.00B16FB907105E31C8BB4F36623C8378.d.728C82DF0E1C52E913F7BEF79B1393F6.e.5182"},"getTitle",[]]}
RESULT: {"script":"<script> [6424 bytes]","args":[{"element-6066-11e4-a52e-4f735466cecf":"f.00B16FB907105E31C8BB4F36623C8378.d.728C82DF0E1C52E913F7BEF79B1393F6.e.5182"},"getTitle",[]]}
RESULT: undefined
COMMAND: POST /session/2ed26c8ba7702fe10b91fdd8039f8653/element/f.00B16FB907105E31C8BB4F36623C8378.d.728C82DF0E1C52E913F7BEF79B1393F6.e.5010/click - {}
RESULT: {}
COMMAND: GET /session/2ed26c8ba7702fe10b91fdd8039f8653/screenshot - {}
RESULT: {}
]]></system-out>
    </testcase>
    <testcase classname="chrome.135_0_7049_42.windows.Sanity_Tests_US104253" name="Should open Performance Monitor page" time="31.66">
      <system-out><![CDATA[
COMMAND: POST /session/2ed26c8ba7702fe10b91fdd8039f8653/execute/async - {"script":"<script> [1562 bytes]","args":[{"selector":{"controlType":"sap.m.GenericTile","properties":{"header":"Performance Monitor"}},"wdio_ui5_key":"sapm.GenericTile{\"header\":\"Performance Monitor\"}"}]}
RESULT: {"script":"<script> [1562 bytes]","args":[{"selector":{"controlType":"sap.m.GenericTile","properties":{"header":"Performance Monitor"}},"wdio_ui5_key":"sapm.GenericTile{\"header\":\"Performance Monitor\"}"}]}
RESULT: undefined
COMMAND: POST /session/2ed26c8ba7702fe10b91fdd8039f8653/element - {"using":"xpath","value":"//*[@id=\"__tile116\"]"}
RESULT: {"using":"xpath","value":"//*[@id=\"__tile116\"]"}
COMMAND: POST /session/2ed26c8ba7702fe10b91fdd8039f8653/element/f.00B16FB907105E31C8BB4F36623C8378.d.728C82DF0E1C52E913F7BEF79B1393F6.e.5184/click - {}
RESULT: {}
COMMAND: GET /session/2ed26c8ba7702fe10b91fdd8039f8653/screenshot - {}
RESULT: {}
RESULT: undefined
COMMAND: POST /session/2ed26c8ba7702fe10b91fdd8039f8653/element - {"using":"xpath","value":"//*[@id=\"__tile116\"]"}
RESULT: {"using":"xpath","value":"//*[@id=\"__tile116\"]"}
COMMAND: POST /session/2ed26c8ba7702fe10b91fdd8039f8653/element/f.00B16FB907105E31C8BB4F36623C8378.d.728C82DF0E1C52E913F7BEF79B1393F6.e.5184/click - {}
RESULT: undefined
COMMAND: POST /session/2ed26c8ba7702fe10b91fdd8039f8653/element - {"using":"xpath","value":"//*[@id=\"__tile116\"]"}
RESULT: {"using":"xpath","value":"//*[@id=\"__tile116\"]"}
COMMAND: POST /session/2ed26c8ba7702fe10b91fdd8039f8653/element/f.00B16FB907105E31C8BB4F36623C8378.d.728C82DF0E1C52E913F7BEF79B1393F6.e.5184/click - {}
RESULT: undefined
COMMAND: POST /session/2ed26c8ba7702fe10b91fdd8039f8653/execute/async - {"script":"<script> [6424 bytes]","args":[{"element-6066-11e4-a52e-4f735466cecf":"f.00B16FB907105E31C8BB4F36623C8378.d.728C82DF0E1C52E913F7BEF79B1393F6.e.280"},"getTitle",[]]}
COMMAND: POST /session/2ed26c8ba7702fe10b91fdd8039f8653/execute/async - {"script":"<script> [1562 bytes]","args":[{"selector":{"id":"shellAppTitle"},"wdio_ui5_key":"shellAppTitle"}]}
RESULT: {"script":"<script> [1562 bytes]","args":[{"selector":{"id":"shellAppTitle"},"wdio_ui5_key":"shellAppTitle"}]}
COMMAND: POST /session/2ed26c8ba7702fe10b91fdd8039f8653/execute/async - {"script":"<script> [6424 bytes]","args":[{"element-6066-11e4-a52e-4f735466cecf":"f.00B16FB907105E31C8BB4F36623C8378.d.728C82DF0E1C52E913F7BEF79B1393F6.e.5224"},"getTitle",[]]}
RESULT: {"script":"<script> [6424 bytes]","args":[{"element-6066-11e4-a52e-4f735466cecf":"f.00B16FB907105E31C8BB4F36623C8378.d.728C82DF0E1C52E913F7BEF79B1393F6.e.5224"},"getTitle",[]]}
RESULT: undefined
COMMAND: POST /session/2ed26c8ba7702fe10b91fdd8039f8653/element/f.00B16FB907105E31C8BB4F36623C8378.d.728C82DF0E1C52E913F7BEF79B1393F6.e.5010/click - {}
COMMAND: POST /session/2ed26c8ba7702fe10b91fdd8039f8653/element - {"using":"xpath","value":"//*[@id=\"backBtn\"]"}
RESULT: {"using":"xpath","value":"//*[@id=\"backBtn\"]"}
COMMAND: POST /session/2ed26c8ba7702fe10b91fdd8039f8653/element/f.00B16FB907105E31C8BB4F36623C8378.d.728C82DF0E1C52E913F7BEF79B1393F6.e.5010/click - {}
COMMAND: POST /session/2ed26c8ba7702fe10b91fdd8039f8653/element - {"using":"xpath","value":"//*[@id=\"backBtn\"]"}
RESULT: {"using":"xpath","value":"//*[@id=\"backBtn\"]"}
COMMAND: POST /session/2ed26c8ba7702fe10b91fdd8039f8653/element/f.00B16FB907105E31C8BB4F36623C8378.d.728C82DF0E1C52E913F7BEF79B1393F6.e.5225/click - {}
RESULT: {}
COMMAND: GET /session/2ed26c8ba7702fe10b91fdd8039f8653/screenshot - {}
RESULT: {}
]]></system-out>
    </testcase>
    <testcase classname="chrome.135_0_7049_42.windows.Sanity_Tests_US104253" name="Should open Organizational Model page" time="32.368">
      <system-out><![CDATA[
COMMAND: POST /session/2ed26c8ba7702fe10b91fdd8039f8653/execute/async - {"script":"<script> [1562 bytes]","args":[{"selector":{"controlType":"sap.m.GenericTile","properties":{"header":"Organizational Model"}},"wdio_ui5_key":"sapm.GenericTile{\"header\":\"Organizational Model\"}"}]}
RESULT: {"script":"<script> [1562 bytes]","args":[{"selector":{"controlType":"sap.m.GenericTile","properties":{"header":"Organizational Model"}},"wdio_ui5_key":"sapm.GenericTile{\"header\":\"Organizational Model\"}"}]}
RESULT: undefined
COMMAND: POST /session/2ed26c8ba7702fe10b91fdd8039f8653/element - {"using":"xpath","value":"//*[@id=\"__tile120\"]"}
RESULT: {"using":"xpath","value":"//*[@id=\"__tile120\"]"}
COMMAND: POST /session/2ed26c8ba7702fe10b91fdd8039f8653/element/f.00B16FB907105E31C8BB4F36623C8378.d.728C82DF0E1C52E913F7BEF79B1393F6.e.5228/click - {}
RESULT: {}
COMMAND: GET /session/2ed26c8ba7702fe10b91fdd8039f8653/screenshot - {}
RESULT: {}
RESULT: undefined
COMMAND: POST /session/2ed26c8ba7702fe10b91fdd8039f8653/element - {"using":"xpath","value":"//*[@id=\"__tile120\"]"}
RESULT: {"using":"xpath","value":"//*[@id=\"__tile120\"]"}
COMMAND: POST /session/2ed26c8ba7702fe10b91fdd8039f8653/element/f.00B16FB907105E31C8BB4F36623C8378.d.728C82DF0E1C52E913F7BEF79B1393F6.e.5228/click - {}
RESULT: undefined
COMMAND: POST /session/2ed26c8ba7702fe10b91fdd8039f8653/element - {"using":"xpath","value":"//*[@id=\"__tile120\"]"}
RESULT: {"using":"xpath","value":"//*[@id=\"__tile120\"]"}
COMMAND: POST /session/2ed26c8ba7702fe10b91fdd8039f8653/element/f.00B16FB907105E31C8BB4F36623C8378.d.728C82DF0E1C52E913F7BEF79B1393F6.e.5228/click - {}
RESULT: undefined
COMMAND: POST /session/2ed26c8ba7702fe10b91fdd8039f8653/execute/async - {"script":"<script> [6424 bytes]","args":[{"element-6066-11e4-a52e-4f735466cecf":"f.00B16FB907105E31C8BB4F36623C8378.d.728C82DF0E1C52E913F7BEF79B1393F6.e.280"},"getTitle",[]]}
COMMAND: POST /session/2ed26c8ba7702fe10b91fdd8039f8653/execute/async - {"script":"<script> [1562 bytes]","args":[{"selector":{"id":"shellAppTitle"},"wdio_ui5_key":"shellAppTitle"}]}
RESULT: {"script":"<script> [1562 bytes]","args":[{"selector":{"id":"shellAppTitle"},"wdio_ui5_key":"shellAppTitle"}]}
COMMAND: POST /session/2ed26c8ba7702fe10b91fdd8039f8653/execute/async - {"script":"<script> [6424 bytes]","args":[{"element-6066-11e4-a52e-4f735466cecf":"f.00B16FB907105E31C8BB4F36623C8378.d.728C82DF0E1C52E913F7BEF79B1393F6.e.5247"},"getTitle",[]]}
RESULT: {"script":"<script> [6424 bytes]","args":[{"element-6066-11e4-a52e-4f735466cecf":"f.00B16FB907105E31C8BB4F36623C8378.d.728C82DF0E1C52E913F7BEF79B1393F6.e.5247"},"getTitle",[]]}
RESULT: undefined
COMMAND: POST /session/2ed26c8ba7702fe10b91fdd8039f8653/element/f.00B16FB907105E31C8BB4F36623C8378.d.728C82DF0E1C52E913F7BEF79B1393F6.e.5225/click - {}
RESULT: {}
COMMAND: GET /session/2ed26c8ba7702fe10b91fdd8039f8653/screenshot - {}
RESULT: {}
]]></system-out>
    </testcase>
    <testcase classname="chrome.135_0_7049_42.windows.Sanity_Tests_US104253" name="Should open Manage Roles page" time="33.301">
      <system-out><![CDATA[
COMMAND: POST /session/2ed26c8ba7702fe10b91fdd8039f8653/execute/async - {"script":"<script> [1562 bytes]","args":[{"selector":{"controlType":"sap.m.GenericTile","properties":{"header":"Manage Roles"}},"wdio_ui5_key":"sapm.GenericTile{\"header\":\"Manage Roles\"}"}]}
RESULT: {"script":"<script> [1562 bytes]","args":[{"selector":{"controlType":"sap.m.GenericTile","properties":{"header":"Manage Roles"}},"wdio_ui5_key":"sapm.GenericTile{\"header\":\"Manage Roles\"}"}]}
RESULT: undefined
COMMAND: POST /session/2ed26c8ba7702fe10b91fdd8039f8653/element - {"using":"xpath","value":"//*[@id=\"__tile119\"]"}
RESULT: {"using":"xpath","value":"//*[@id=\"__tile119\"]"}
COMMAND: POST /session/2ed26c8ba7702fe10b91fdd8039f8653/element/f.00B16FB907105E31C8BB4F36623C8378.d.728C82DF0E1C52E913F7BEF79B1393F6.e.5249/click - {}
RESULT: {}
COMMAND: GET /session/2ed26c8ba7702fe10b91fdd8039f8653/screenshot - {}
RESULT: {}
RESULT: undefined
COMMAND: POST /session/2ed26c8ba7702fe10b91fdd8039f8653/element - {"using":"xpath","value":"//*[@id=\"__tile119\"]"}
RESULT: {"using":"xpath","value":"//*[@id=\"__tile119\"]"}
COMMAND: POST /session/2ed26c8ba7702fe10b91fdd8039f8653/element/f.00B16FB907105E31C8BB4F36623C8378.d.728C82DF0E1C52E913F7BEF79B1393F6.e.5249/click - {}
RESULT: undefined
COMMAND: POST /session/2ed26c8ba7702fe10b91fdd8039f8653/element - {"using":"xpath","value":"//*[@id=\"__tile119\"]"}
RESULT: {"using":"xpath","value":"//*[@id=\"__tile119\"]"}
COMMAND: POST /session/2ed26c8ba7702fe10b91fdd8039f8653/element/f.00B16FB907105E31C8BB4F36623C8378.d.728C82DF0E1C52E913F7BEF79B1393F6.e.5249/click - {}
RESULT: undefined
COMMAND: POST /session/2ed26c8ba7702fe10b91fdd8039f8653/execute/async - {"script":"<script> [6424 bytes]","args":[{"element-6066-11e4-a52e-4f735466cecf":"f.00B16FB907105E31C8BB4F36623C8378.d.728C82DF0E1C52E913F7BEF79B1393F6.e.280"},"getTitle",[]]}
COMMAND: POST /session/2ed26c8ba7702fe10b91fdd8039f8653/execute/async - {"script":"<script> [1562 bytes]","args":[{"selector":{"id":"shellAppTitle"},"wdio_ui5_key":"shellAppTitle"}]}
RESULT: {"script":"<script> [1562 bytes]","args":[{"selector":{"id":"shellAppTitle"},"wdio_ui5_key":"shellAppTitle"}]}
COMMAND: POST /session/2ed26c8ba7702fe10b91fdd8039f8653/execute/async - {"script":"<script> [6424 bytes]","args":[{"element-6066-11e4-a52e-4f735466cecf":"f.00B16FB907105E31C8BB4F36623C8378.d.728C82DF0E1C52E913F7BEF79B1393F6.e.5293"},"getTitle",[]]}
RESULT: {"script":"<script> [6424 bytes]","args":[{"element-6066-11e4-a52e-4f735466cecf":"f.00B16FB907105E31C8BB4F36623C8378.d.728C82DF0E1C52E913F7BEF79B1393F6.e.5293"},"getTitle",[]]}
RESULT: undefined
COMMAND: POST /session/2ed26c8ba7702fe10b91fdd8039f8653/element/f.00B16FB907105E31C8BB4F36623C8378.d.728C82DF0E1C52E913F7BEF79B1393F6.e.5225/click - {}
COMMAND: POST /session/2ed26c8ba7702fe10b91fdd8039f8653/element - {"using":"xpath","value":"//*[@id=\"backBtn\"]"}
RESULT: {"using":"xpath","value":"//*[@id=\"backBtn\"]"}
COMMAND: POST /session/2ed26c8ba7702fe10b91fdd8039f8653/element/f.00B16FB907105E31C8BB4F36623C8378.d.728C82DF0E1C52E913F7BEF79B1393F6.e.5225/click - {}
COMMAND: POST /session/2ed26c8ba7702fe10b91fdd8039f8653/element - {"using":"xpath","value":"//*[@id=\"backBtn\"]"}
RESULT: {"using":"xpath","value":"//*[@id=\"backBtn\"]"}
COMMAND: POST /session/2ed26c8ba7702fe10b91fdd8039f8653/element/f.00B16FB907105E31C8BB4F36623C8378.d.728C82DF0E1C52E913F7BEF79B1393F6.e.5294/click - {}
RESULT: {}
COMMAND: GET /session/2ed26c8ba7702fe10b91fdd8039f8653/screenshot - {}
RESULT: {}
]]></system-out>
    </testcase>
    <testcase classname="chrome.135_0_7049_42.windows.Sanity_Tests_US104253" name="Should open Authorization Tables page" time="33.948">
      <system-out><![CDATA[
COMMAND: POST /session/2ed26c8ba7702fe10b91fdd8039f8653/execute/async - {"script":"<script> [1562 bytes]","args":[{"selector":{"controlType":"sap.m.GenericTile","properties":{"header":"Authorization Tables"}},"wdio_ui5_key":"sapm.GenericTile{\"header\":\"Authorization Tables\"}"}]}
RESULT: {"script":"<script> [1562 bytes]","args":[{"selector":{"controlType":"sap.m.GenericTile","properties":{"header":"Authorization Tables"}},"wdio_ui5_key":"sapm.GenericTile{\"header\":\"Authorization Tables\"}"}]}
RESULT: undefined
COMMAND: POST /session/2ed26c8ba7702fe10b91fdd8039f8653/element - {"using":"xpath","value":"//*[@id=\"__tile118\"]"}
RESULT: {"using":"xpath","value":"//*[@id=\"__tile118\"]"}
COMMAND: POST /session/2ed26c8ba7702fe10b91fdd8039f8653/element/f.00B16FB907105E31C8BB4F36623C8378.d.728C82DF0E1C52E913F7BEF79B1393F6.e.5296/click - {}
RESULT: {}
COMMAND: GET /session/2ed26c8ba7702fe10b91fdd8039f8653/screenshot - {}
RESULT: {}
RESULT: undefined
COMMAND: POST /session/2ed26c8ba7702fe10b91fdd8039f8653/element - {"using":"xpath","value":"//*[@id=\"__tile118\"]"}
RESULT: {"using":"xpath","value":"//*[@id=\"__tile118\"]"}
COMMAND: POST /session/2ed26c8ba7702fe10b91fdd8039f8653/element/f.00B16FB907105E31C8BB4F36623C8378.d.728C82DF0E1C52E913F7BEF79B1393F6.e.5296/click - {}
RESULT: undefined
COMMAND: POST /session/2ed26c8ba7702fe10b91fdd8039f8653/element - {"using":"xpath","value":"//*[@id=\"__tile118\"]"}
RESULT: {"using":"xpath","value":"//*[@id=\"__tile118\"]"}
COMMAND: POST /session/2ed26c8ba7702fe10b91fdd8039f8653/element/f.00B16FB907105E31C8BB4F36623C8378.d.728C82DF0E1C52E913F7BEF79B1393F6.e.5296/click - {}
RESULT: undefined
COMMAND: POST /session/2ed26c8ba7702fe10b91fdd8039f8653/execute/async - {"script":"<script> [6424 bytes]","args":[{"element-6066-11e4-a52e-4f735466cecf":"f.00B16FB907105E31C8BB4F36623C8378.d.728C82DF0E1C52E913F7BEF79B1393F6.e.280"},"getTitle",[]]}
COMMAND: POST /session/2ed26c8ba7702fe10b91fdd8039f8653/execute/async - {"script":"<script> [1562 bytes]","args":[{"selector":{"id":"shellAppTitle"},"wdio_ui5_key":"shellAppTitle"}]}
RESULT: {"script":"<script> [1562 bytes]","args":[{"selector":{"id":"shellAppTitle"},"wdio_ui5_key":"shellAppTitle"}]}
COMMAND: POST /session/2ed26c8ba7702fe10b91fdd8039f8653/execute/async - {"script":"<script> [6424 bytes]","args":[{"element-6066-11e4-a52e-4f735466cecf":"f.00B16FB907105E31C8BB4F36623C8378.d.728C82DF0E1C52E913F7BEF79B1393F6.e.5365"},"getTitle",[]]}
RESULT: {"script":"<script> [6424 bytes]","args":[{"element-6066-11e4-a52e-4f735466cecf":"f.00B16FB907105E31C8BB4F36623C8378.d.728C82DF0E1C52E913F7BEF79B1393F6.e.5365"},"getTitle",[]]}
RESULT: undefined
COMMAND: POST /session/2ed26c8ba7702fe10b91fdd8039f8653/element/f.00B16FB907105E31C8BB4F36623C8378.d.728C82DF0E1C52E913F7BEF79B1393F6.e.5294/click - {}
RESULT: {}
COMMAND: GET /session/2ed26c8ba7702fe10b91fdd8039f8653/screenshot - {}
RESULT: {}
]]></system-out>
    </testcase>
    <testcase classname="chrome.135_0_7049_42.windows.Sanity_Tests_US104253" name="Should open User Maintenance page" time="32.526">
      <system-out><![CDATA[
COMMAND: POST /session/2ed26c8ba7702fe10b91fdd8039f8653/execute/async - {"script":"<script> [1562 bytes]","args":[{"selector":{"controlType":"sap.m.GenericTile","properties":{"header":"User Maintenance"}},"wdio_ui5_key":"sapm.GenericTile{\"header\":\"User Maintenance\"}"}]}
RESULT: {"script":"<script> [1562 bytes]","args":[{"selector":{"controlType":"sap.m.GenericTile","properties":{"header":"User Maintenance"}},"wdio_ui5_key":"sapm.GenericTile{\"header\":\"User Maintenance\"}"}]}
RESULT: undefined
COMMAND: POST /session/2ed26c8ba7702fe10b91fdd8039f8653/element - {"using":"xpath","value":"//*[@id=\"__tile121\"]"}
RESULT: {"using":"xpath","value":"//*[@id=\"__tile121\"]"}
COMMAND: POST /session/2ed26c8ba7702fe10b91fdd8039f8653/element/f.00B16FB907105E31C8BB4F36623C8378.d.728C82DF0E1C52E913F7BEF79B1393F6.e.5367/click - {}
RESULT: {}
COMMAND: GET /session/2ed26c8ba7702fe10b91fdd8039f8653/screenshot - {}
RESULT: {}
RESULT: undefined
COMMAND: POST /session/2ed26c8ba7702fe10b91fdd8039f8653/element - {"using":"xpath","value":"//*[@id=\"__tile121\"]"}
RESULT: {"using":"xpath","value":"//*[@id=\"__tile121\"]"}
COMMAND: POST /session/2ed26c8ba7702fe10b91fdd8039f8653/element/f.00B16FB907105E31C8BB4F36623C8378.d.728C82DF0E1C52E913F7BEF79B1393F6.e.5367/click - {}
RESULT: undefined
COMMAND: POST /session/2ed26c8ba7702fe10b91fdd8039f8653/element - {"using":"xpath","value":"//*[@id=\"__tile121\"]"}
RESULT: {"using":"xpath","value":"//*[@id=\"__tile121\"]"}
COMMAND: POST /session/2ed26c8ba7702fe10b91fdd8039f8653/element/f.00B16FB907105E31C8BB4F36623C8378.d.728C82DF0E1C52E913F7BEF79B1393F6.e.5367/click - {}
RESULT: undefined
COMMAND: POST /session/2ed26c8ba7702fe10b91fdd8039f8653/execute/async - {"script":"<script> [6424 bytes]","args":[{"element-6066-11e4-a52e-4f735466cecf":"f.00B16FB907105E31C8BB4F36623C8378.d.728C82DF0E1C52E913F7BEF79B1393F6.e.280"},"getTitle",[]]}
COMMAND: POST /session/2ed26c8ba7702fe10b91fdd8039f8653/execute/async - {"script":"<script> [1562 bytes]","args":[{"selector":{"id":"shellAppTitle"},"wdio_ui5_key":"shellAppTitle"}]}
RESULT: {"script":"<script> [1562 bytes]","args":[{"selector":{"id":"shellAppTitle"},"wdio_ui5_key":"shellAppTitle"}]}
COMMAND: POST /session/2ed26c8ba7702fe10b91fdd8039f8653/execute/async - {"script":"<script> [6424 bytes]","args":[{"element-6066-11e4-a52e-4f735466cecf":"f.00B16FB907105E31C8BB4F36623C8378.d.728C82DF0E1C52E913F7BEF79B1393F6.e.5459"},"getTitle",[]]}
RESULT: {"script":"<script> [6424 bytes]","args":[{"element-6066-11e4-a52e-4f735466cecf":"f.00B16FB907105E31C8BB4F36623C8378.d.728C82DF0E1C52E913F7BEF79B1393F6.e.5459"},"getTitle",[]]}
RESULT: undefined
COMMAND: POST /session/2ed26c8ba7702fe10b91fdd8039f8653/element/f.00B16FB907105E31C8BB4F36623C8378.d.728C82DF0E1C52E913F7BEF79B1393F6.e.5294/click - {}
COMMAND: POST /session/2ed26c8ba7702fe10b91fdd8039f8653/element - {"using":"xpath","value":"//*[@id=\"backBtn\"]"}
RESULT: {"using":"xpath","value":"//*[@id=\"backBtn\"]"}
COMMAND: POST /session/2ed26c8ba7702fe10b91fdd8039f8653/element/f.00B16FB907105E31C8BB4F36623C8378.d.728C82DF0E1C52E913F7BEF79B1393F6.e.5294/click - {}
COMMAND: POST /session/2ed26c8ba7702fe10b91fdd8039f8653/element - {"using":"xpath","value":"//*[@id=\"backBtn\"]"}
RESULT: {"using":"xpath","value":"//*[@id=\"backBtn\"]"}
COMMAND: POST /session/2ed26c8ba7702fe10b91fdd8039f8653/element/f.00B16FB907105E31C8BB4F36623C8378.d.728C82DF0E1C52E913F7BEF79B1393F6.e.5460/click - {}
RESULT: {}
COMMAND: GET /session/2ed26c8ba7702fe10b91fdd8039f8653/screenshot - {}
RESULT: {}
]]></system-out>
    </testcase>
    <testcase classname="chrome.135_0_7049_42.windows.Sanity_Tests_US104253" name="Should open Schedule Jobs page" time="26.69">
      <system-out><![CDATA[
COMMAND: POST /session/2ed26c8ba7702fe10b91fdd8039f8653/execute/async - {"script":"<script> [1562 bytes]","args":[{"selector":{"controlType":"sap.m.GenericTile","properties":{"header":"Schedule Jobs"}},"wdio_ui5_key":"sapm.GenericTile{\"header\":\"Schedule Jobs\"}"}]}
RESULT: {"script":"<script> [1562 bytes]","args":[{"selector":{"controlType":"sap.m.GenericTile","properties":{"header":"Schedule Jobs"}},"wdio_ui5_key":"sapm.GenericTile{\"header\":\"Schedule Jobs\"}"}]}
RESULT: undefined
COMMAND: POST /session/2ed26c8ba7702fe10b91fdd8039f8653/element - {"using":"xpath","value":"//*[@id=\"__tile127\"]"}
RESULT: {"using":"xpath","value":"//*[@id=\"__tile127\"]"}
COMMAND: POST /session/2ed26c8ba7702fe10b91fdd8039f8653/element/f.00B16FB907105E31C8BB4F36623C8378.d.728C82DF0E1C52E913F7BEF79B1393F6.e.5463/click - {}
RESULT: {}
COMMAND: GET /session/2ed26c8ba7702fe10b91fdd8039f8653/screenshot - {}
RESULT: {}
RESULT: undefined
COMMAND: POST /session/2ed26c8ba7702fe10b91fdd8039f8653/element - {"using":"xpath","value":"//*[@id=\"__tile127\"]"}
RESULT: {"using":"xpath","value":"//*[@id=\"__tile127\"]"}
COMMAND: POST /session/2ed26c8ba7702fe10b91fdd8039f8653/element/f.00B16FB907105E31C8BB4F36623C8378.d.728C82DF0E1C52E913F7BEF79B1393F6.e.5463/click - {}
RESULT: undefined
COMMAND: POST /session/2ed26c8ba7702fe10b91fdd8039f8653/element - {"using":"xpath","value":"//*[@id=\"__tile127\"]"}
RESULT: {"using":"xpath","value":"//*[@id=\"__tile127\"]"}
COMMAND: POST /session/2ed26c8ba7702fe10b91fdd8039f8653/element/f.00B16FB907105E31C8BB4F36623C8378.d.728C82DF0E1C52E913F7BEF79B1393F6.e.5463/click - {}
RESULT: undefined
COMMAND: POST /session/2ed26c8ba7702fe10b91fdd8039f8653/execute/async - {"script":"<script> [6424 bytes]","args":[{"element-6066-11e4-a52e-4f735466cecf":"f.00B16FB907105E31C8BB4F36623C8378.d.728C82DF0E1C52E913F7BEF79B1393F6.e.280"},"getTitle",[]]}
COMMAND: POST /session/2ed26c8ba7702fe10b91fdd8039f8653/execute/async - {"script":"<script> [1562 bytes]","args":[{"selector":{"id":"shellAppTitle"},"wdio_ui5_key":"shellAppTitle"}]}
RESULT: {"script":"<script> [1562 bytes]","args":[{"selector":{"id":"shellAppTitle"},"wdio_ui5_key":"shellAppTitle"}]}
COMMAND: POST /session/2ed26c8ba7702fe10b91fdd8039f8653/execute/async - {"script":"<script> [6424 bytes]","args":[{"element-6066-11e4-a52e-4f735466cecf":"f.00B16FB907105E31C8BB4F36623C8378.d.728C82DF0E1C52E913F7BEF79B1393F6.e.5507"},"getTitle",[]]}
RESULT: {"script":"<script> [6424 bytes]","args":[{"element-6066-11e4-a52e-4f735466cecf":"f.00B16FB907105E31C8BB4F36623C8378.d.728C82DF0E1C52E913F7BEF79B1393F6.e.5507"},"getTitle",[]]}
RESULT: undefined
COMMAND: POST /session/2ed26c8ba7702fe10b91fdd8039f8653/element/f.00B16FB907105E31C8BB4F36623C8378.d.728C82DF0E1C52E913F7BEF79B1393F6.e.5460/click - {}
COMMAND: POST /session/2ed26c8ba7702fe10b91fdd8039f8653/element/f.00B16FB907105E31C8BB4F36623C8378.d.728C82DF0E1C52E913F7BEF79B1393F6.e.5460/click - {}
RESULT: {}
COMMAND: GET /session/2ed26c8ba7702fe10b91fdd8039f8653/screenshot - {}
COMMAND: POST /session/2ed26c8ba7702fe10b91fdd8039f8653/element - {"using":"xpath","value":"//*[@id=\"backBtn\"]"}
RESULT: {}
RESULT: {"using":"xpath","value":"//*[@id=\"backBtn\"]"}
COMMAND: POST /session/2ed26c8ba7702fe10b91fdd8039f8653/elements - {"using":"xpath","value":"//*[@id=\"backBtn\"]"}
RESULT: {"using":"xpath","value":"//*[@id=\"backBtn\"]"}
COMMAND: POST /session/2ed26c8ba7702fe10b91fdd8039f8653/elements - {"using":"xpath","value":"//*[@id=\"backBtn\"]"}
RESULT: {"using":"xpath","value":"//*[@id=\"backBtn\"]"}
COMMAND: POST /session/2ed26c8ba7702fe10b91fdd8039f8653/elements - {"using":"xpath","value":"//*[@id=\"backBtn\"]"}
RESULT: {"using":"xpath","value":"//*[@id=\"backBtn\"]"}
COMMAND: POST /session/2ed26c8ba7702fe10b91fdd8039f8653/elements - {"using":"xpath","value":"//*[@id=\"backBtn\"]"}
RESULT: {"using":"xpath","value":"//*[@id=\"backBtn\"]"}
COMMAND: POST /session/2ed26c8ba7702fe10b91fdd8039f8653/elements - {"using":"xpath","value":"//*[@id=\"backBtn\"]"}
RESULT: {"using":"xpath","value":"//*[@id=\"backBtn\"]"}
COMMAND: POST /session/2ed26c8ba7702fe10b91fdd8039f8653/elements - {"using":"xpath","value":"//*[@id=\"backBtn\"]"}
RESULT: {"using":"xpath","value":"//*[@id=\"backBtn\"]"}
COMMAND: POST /session/2ed26c8ba7702fe10b91fdd8039f8653/elements - {"using":"xpath","value":"//*[@id=\"backBtn\"]"}
RESULT: {"using":"xpath","value":"//*[@id=\"backBtn\"]"}
COMMAND: POST /session/2ed26c8ba7702fe10b91fdd8039f8653/elements - {"using":"xpath","value":"//*[@id=\"backBtn\"]"}
RESULT: {"using":"xpath","value":"//*[@id=\"backBtn\"]"}
COMMAND: POST /session/2ed26c8ba7702fe10b91fdd8039f8653/elements - {"using":"xpath","value":"//*[@id=\"backBtn\"]"}
RESULT: {"using":"xpath","value":"//*[@id=\"backBtn\"]"}
COMMAND: POST /session/2ed26c8ba7702fe10b91fdd8039f8653/elements - {"using":"xpath","value":"//*[@id=\"backBtn\"]"}
RESULT: {"using":"xpath","value":"//*[@id=\"backBtn\"]"}
COMMAND: POST /session/2ed26c8ba7702fe10b91fdd8039f8653/elements - {"using":"xpath","value":"//*[@id=\"backBtn\"]"}
RESULT: {"using":"xpath","value":"//*[@id=\"backBtn\"]"}
COMMAND: POST /session/2ed26c8ba7702fe10b91fdd8039f8653/elements - {"using":"xpath","value":"//*[@id=\"backBtn\"]"}
RESULT: {"using":"xpath","value":"//*[@id=\"backBtn\"]"}
COMMAND: POST /session/2ed26c8ba7702fe10b91fdd8039f8653/elements - {"using":"xpath","value":"//*[@id=\"backBtn\"]"}
RESULT: {"using":"xpath","value":"//*[@id=\"backBtn\"]"}
COMMAND: POST /session/2ed26c8ba7702fe10b91fdd8039f8653/elements - {"using":"xpath","value":"//*[@id=\"backBtn\"]"}
RESULT: {"using":"xpath","value":"//*[@id=\"backBtn\"]"}
COMMAND: POST /session/2ed26c8ba7702fe10b91fdd8039f8653/elements - {"using":"xpath","value":"//*[@id=\"backBtn\"]"}
RESULT: {"using":"xpath","value":"//*[@id=\"backBtn\"]"}
COMMAND: POST /session/2ed26c8ba7702fe10b91fdd8039f8653/elements - {"using":"xpath","value":"//*[@id=\"backBtn\"]"}
RESULT: {"using":"xpath","value":"//*[@id=\"backBtn\"]"}
COMMAND: POST /session/2ed26c8ba7702fe10b91fdd8039f8653/elements - {"using":"xpath","value":"//*[@id=\"backBtn\"]"}
RESULT: {"using":"xpath","value":"//*[@id=\"backBtn\"]"}
COMMAND: POST /session/2ed26c8ba7702fe10b91fdd8039f8653/elements - {"using":"xpath","value":"//*[@id=\"backBtn\"]"}
RESULT: {"using":"xpath","value":"//*[@id=\"backBtn\"]"}
COMMAND: POST /session/2ed26c8ba7702fe10b91fdd8039f8653/elements - {"using":"xpath","value":"//*[@id=\"backBtn\"]"}
RESULT: {"using":"xpath","value":"//*[@id=\"backBtn\"]"}
]]></system-out>
    </testcase>
    <testcase classname="chrome.135_0_7049_42.windows.Sanity_Tests_US104253" name="Should open Jobs Setup page" time="26.079">
      <system-out><![CDATA[
COMMAND: POST /session/2ed26c8ba7702fe10b91fdd8039f8653/execute/async - {"script":"<script> [1562 bytes]","args":[{"selector":{"controlType":"sap.m.GenericTile","properties":{"header":"Jobs Setup"}},"wdio_ui5_key":"sapm.GenericTile{\"header\":\"Jobs Setup\"}"}]}
COMMAND: POST /session/2ed26c8ba7702fe10b91fdd8039f8653/elements - {"using":"xpath","value":"//*[@id=\"backBtn\"]"}
RESULT: {"script":"<script> [1562 bytes]","args":[{"selector":{"controlType":"sap.m.GenericTile","properties":{"header":"Jobs Setup"}},"wdio_ui5_key":"sapm.GenericTile{\"header\":\"Jobs Setup\"}"}]}
RESULT: undefined
COMMAND: POST /session/2ed26c8ba7702fe10b91fdd8039f8653/element - {"using":"xpath","value":"//*[@id=\"__tile128\"]"}
RESULT: {"using":"xpath","value":"//*[@id=\"backBtn\"]"}
RESULT: {"using":"xpath","value":"//*[@id=\"__tile128\"]"}
COMMAND: POST /session/2ed26c8ba7702fe10b91fdd8039f8653/element/f.00B16FB907105E31C8BB4F36623C8378.d.728C82DF0E1C52E913F7BEF79B1393F6.e.5509/click - {}
COMMAND: POST /session/2ed26c8ba7702fe10b91fdd8039f8653/elements - {"using":"xpath","value":"//*[@id=\"backBtn\"]"}
RESULT: {}
COMMAND: GET /session/2ed26c8ba7702fe10b91fdd8039f8653/screenshot - {}
RESULT: {"using":"xpath","value":"//*[@id=\"backBtn\"]"}
COMMAND: POST /session/2ed26c8ba7702fe10b91fdd8039f8653/elements - {"using":"xpath","value":"//*[@id=\"backBtn\"]"}
RESULT: {}
RESULT: {"using":"xpath","value":"//*[@id=\"backBtn\"]"}
COMMAND: POST /session/2ed26c8ba7702fe10b91fdd8039f8653/element - {"using":"xpath","value":"//*[@id=\"backBtn\"]"}
RESULT: {"using":"xpath","value":"//*[@id=\"backBtn\"]"}
COMMAND: POST /session/2ed26c8ba7702fe10b91fdd8039f8653/element/f.00B16FB907105E31C8BB4F36623C8378.d.728C82DF0E1C52E913F7BEF79B1393F6.e.5460/click - {}
COMMAND: POST /session/2ed26c8ba7702fe10b91fdd8039f8653/element - {"using":"xpath","value":"//*[@id=\"backBtn\"]"}
RESULT: {"using":"xpath","value":"//*[@id=\"backBtn\"]"}
COMMAND: POST /session/2ed26c8ba7702fe10b91fdd8039f8653/element/f.00B16FB907105E31C8BB4F36623C8378.d.728C82DF0E1C52E913F7BEF79B1393F6.e.5702/click - {}
RESULT: {}
COMMAND: GET /session/2ed26c8ba7702fe10b91fdd8039f8653/screenshot - {}
RESULT: {}
RESULT: undefined
COMMAND: POST /session/2ed26c8ba7702fe10b91fdd8039f8653/element - {"using":"xpath","value":"//*[@id=\"__tile128\"]"}
RESULT: {"using":"xpath","value":"//*[@id=\"__tile128\"]"}
COMMAND: POST /session/2ed26c8ba7702fe10b91fdd8039f8653/element/f.00B16FB907105E31C8BB4F36623C8378.d.728C82DF0E1C52E913F7BEF79B1393F6.e.5509/click - {}
RESULT: undefined
COMMAND: POST /session/2ed26c8ba7702fe10b91fdd8039f8653/element - {"using":"xpath","value":"//*[@id=\"__tile128\"]"}
RESULT: {"using":"xpath","value":"//*[@id=\"__tile128\"]"}
COMMAND: POST /session/2ed26c8ba7702fe10b91fdd8039f8653/element/f.00B16FB907105E31C8BB4F36623C8378.d.728C82DF0E1C52E913F7BEF79B1393F6.e.5509/click - {}
RESULT: undefined
COMMAND: POST /session/2ed26c8ba7702fe10b91fdd8039f8653/execute/async - {"script":"<script> [6424 bytes]","args":[{"element-6066-11e4-a52e-4f735466cecf":"f.00B16FB907105E31C8BB4F36623C8378.d.728C82DF0E1C52E913F7BEF79B1393F6.e.280"},"getTitle",[]]}
COMMAND: POST /session/2ed26c8ba7702fe10b91fdd8039f8653/execute/async - {"script":"<script> [1562 bytes]","args":[{"selector":{"id":"shellAppTitle"},"wdio_ui5_key":"shellAppTitle"}]}
RESULT: {"script":"<script> [1562 bytes]","args":[{"selector":{"id":"shellAppTitle"},"wdio_ui5_key":"shellAppTitle"}]}
COMMAND: POST /session/2ed26c8ba7702fe10b91fdd8039f8653/execute/async - {"script":"<script> [6424 bytes]","args":[{"element-6066-11e4-a52e-4f735466cecf":"f.00B16FB907105E31C8BB4F36623C8378.d.728C82DF0E1C52E913F7BEF79B1393F6.e.5703"},"getTitle",[]]}
RESULT: {"script":"<script> [6424 bytes]","args":[{"element-6066-11e4-a52e-4f735466cecf":"f.00B16FB907105E31C8BB4F36623C8378.d.728C82DF0E1C52E913F7BEF79B1393F6.e.5703"},"getTitle",[]]}
RESULT: undefined
COMMAND: POST /session/2ed26c8ba7702fe10b91fdd8039f8653/element/f.00B16FB907105E31C8BB4F36623C8378.d.728C82DF0E1C52E913F7BEF79B1393F6.e.5702/click - {}
COMMAND: POST /session/2ed26c8ba7702fe10b91fdd8039f8653/element/f.00B16FB907105E31C8BB4F36623C8378.d.728C82DF0E1C52E913F7BEF79B1393F6.e.5702/click - {}
RESULT: {}
COMMAND: GET /session/2ed26c8ba7702fe10b91fdd8039f8653/screenshot - {}
RESULT: {}
COMMAND: GET /session/2ed26c8ba7702fe10b91fdd8039f8653/screenshot - {}
RESULT: {}
RESULT: {}
]]></system-out>
    </testcase>
    <testcase classname="chrome.135_0_7049_42.windows.Sanity_Tests_US104253" name="Should open Target Systems Configuration page" time="25.869">
      <system-out><![CDATA[
COMMAND: POST /session/2ed26c8ba7702fe10b91fdd8039f8653/execute/async - {"script":"<script> [1562 bytes]","args":[{"selector":{"controlType":"sap.m.GenericTile","properties":{"header":"Target Systems Configuration"}},"wdio_ui5_key":"sapm.GenericTile{\"header\":\"Target Systems Configuration\"}"}]}
RESULT: {"script":"<script> [1562 bytes]","args":[{"selector":{"controlType":"sap.m.GenericTile","properties":{"header":"Target Systems Configuration"}},"wdio_ui5_key":"sapm.GenericTile{\"header\":\"Target Systems Configuration\"}"}]}
RESULT: undefined
COMMAND: POST /session/2ed26c8ba7702fe10b91fdd8039f8653/element - {"using":"xpath","value":"//*[@id=\"__tile129\"]"}
RESULT: {"using":"xpath","value":"//*[@id=\"__tile129\"]"}
COMMAND: POST /session/2ed26c8ba7702fe10b91fdd8039f8653/element/f.00B16FB907105E31C8BB4F36623C8378.d.728C82DF0E1C52E913F7BEF79B1393F6.e.5705/click - {}
RESULT: {}
COMMAND: GET /session/2ed26c8ba7702fe10b91fdd8039f8653/screenshot - {}
RESULT: {}
RESULT: undefined
COMMAND: POST /session/2ed26c8ba7702fe10b91fdd8039f8653/element - {"using":"xpath","value":"//*[@id=\"__tile129\"]"}
RESULT: {"using":"xpath","value":"//*[@id=\"__tile129\"]"}
COMMAND: POST /session/2ed26c8ba7702fe10b91fdd8039f8653/element/f.00B16FB907105E31C8BB4F36623C8378.d.728C82DF0E1C52E913F7BEF79B1393F6.e.5705/click - {}
RESULT: undefined
COMMAND: POST /session/2ed26c8ba7702fe10b91fdd8039f8653/element - {"using":"xpath","value":"//*[@id=\"__tile129\"]"}
RESULT: {"using":"xpath","value":"//*[@id=\"__tile129\"]"}
COMMAND: POST /session/2ed26c8ba7702fe10b91fdd8039f8653/element/f.00B16FB907105E31C8BB4F36623C8378.d.728C82DF0E1C52E913F7BEF79B1393F6.e.5705/click - {}
RESULT: undefined
COMMAND: POST /session/2ed26c8ba7702fe10b91fdd8039f8653/execute/async - {"script":"<script> [6424 bytes]","args":[{"element-6066-11e4-a52e-4f735466cecf":"f.00B16FB907105E31C8BB4F36623C8378.d.728C82DF0E1C52E913F7BEF79B1393F6.e.280"},"getTitle",[]]}
COMMAND: POST /session/2ed26c8ba7702fe10b91fdd8039f8653/execute/async - {"script":"<script> [1562 bytes]","args":[{"selector":{"id":"shellAppTitle"},"wdio_ui5_key":"shellAppTitle"}]}
RESULT: {"script":"<script> [1562 bytes]","args":[{"selector":{"id":"shellAppTitle"},"wdio_ui5_key":"shellAppTitle"}]}
COMMAND: POST /session/2ed26c8ba7702fe10b91fdd8039f8653/execute/async - {"script":"<script> [6424 bytes]","args":[{"element-6066-11e4-a52e-4f735466cecf":"f.00B16FB907105E31C8BB4F36623C8378.d.728C82DF0E1C52E913F7BEF79B1393F6.e.5775"},"getTitle",[]]}
RESULT: {"script":"<script> [6424 bytes]","args":[{"element-6066-11e4-a52e-4f735466cecf":"f.00B16FB907105E31C8BB4F36623C8378.d.728C82DF0E1C52E913F7BEF79B1393F6.e.5775"},"getTitle",[]]}
RESULT: undefined
COMMAND: POST /session/2ed26c8ba7702fe10b91fdd8039f8653/element/f.00B16FB907105E31C8BB4F36623C8378.d.728C82DF0E1C52E913F7BEF79B1393F6.e.5702/click - {}
COMMAND: POST /session/2ed26c8ba7702fe10b91fdd8039f8653/element/f.00B16FB907105E31C8BB4F36623C8378.d.728C82DF0E1C52E913F7BEF79B1393F6.e.5702/click - {}
RESULT: {}
COMMAND: GET /session/2ed26c8ba7702fe10b91fdd8039f8653/screenshot - {}
COMMAND: POST /session/2ed26c8ba7702fe10b91fdd8039f8653/element - {"using":"xpath","value":"//*[@id=\"backBtn\"]"}
RESULT: {}
RESULT: {"using":"xpath","value":"//*[@id=\"backBtn\"]"}
COMMAND: POST /session/2ed26c8ba7702fe10b91fdd8039f8653/elements - {"using":"xpath","value":"//*[@id=\"backBtn\"]"}
RESULT: {"using":"xpath","value":"//*[@id=\"backBtn\"]"}
COMMAND: POST /session/2ed26c8ba7702fe10b91fdd8039f8653/elements - {"using":"xpath","value":"//*[@id=\"backBtn\"]"}
RESULT: {"using":"xpath","value":"//*[@id=\"backBtn\"]"}
COMMAND: POST /session/2ed26c8ba7702fe10b91fdd8039f8653/elements - {"using":"xpath","value":"//*[@id=\"backBtn\"]"}
RESULT: {"using":"xpath","value":"//*[@id=\"backBtn\"]"}
COMMAND: POST /session/2ed26c8ba7702fe10b91fdd8039f8653/elements - {"using":"xpath","value":"//*[@id=\"backBtn\"]"}
RESULT: {"using":"xpath","value":"//*[@id=\"backBtn\"]"}
COMMAND: POST /session/2ed26c8ba7702fe10b91fdd8039f8653/elements - {"using":"xpath","value":"//*[@id=\"backBtn\"]"}
RESULT: {"using":"xpath","value":"//*[@id=\"backBtn\"]"}
COMMAND: POST /session/2ed26c8ba7702fe10b91fdd8039f8653/elements - {"using":"xpath","value":"//*[@id=\"backBtn\"]"}
RESULT: {"using":"xpath","value":"//*[@id=\"backBtn\"]"}
COMMAND: POST /session/2ed26c8ba7702fe10b91fdd8039f8653/elements - {"using":"xpath","value":"//*[@id=\"backBtn\"]"}
RESULT: {"using":"xpath","value":"//*[@id=\"backBtn\"]"}
COMMAND: POST /session/2ed26c8ba7702fe10b91fdd8039f8653/elements - {"using":"xpath","value":"//*[@id=\"backBtn\"]"}
RESULT: {"using":"xpath","value":"//*[@id=\"backBtn\"]"}
COMMAND: POST /session/2ed26c8ba7702fe10b91fdd8039f8653/elements - {"using":"xpath","value":"//*[@id=\"backBtn\"]"}
RESULT: {"using":"xpath","value":"//*[@id=\"backBtn\"]"}
COMMAND: POST /session/2ed26c8ba7702fe10b91fdd8039f8653/elements - {"using":"xpath","value":"//*[@id=\"backBtn\"]"}
RESULT: {"using":"xpath","value":"//*[@id=\"backBtn\"]"}
COMMAND: POST /session/2ed26c8ba7702fe10b91fdd8039f8653/elements - {"using":"xpath","value":"//*[@id=\"backBtn\"]"}
RESULT: {"using":"xpath","value":"//*[@id=\"backBtn\"]"}
COMMAND: POST /session/2ed26c8ba7702fe10b91fdd8039f8653/elements - {"using":"xpath","value":"//*[@id=\"backBtn\"]"}
RESULT: {"using":"xpath","value":"//*[@id=\"backBtn\"]"}
COMMAND: POST /session/2ed26c8ba7702fe10b91fdd8039f8653/elements - {"using":"xpath","value":"//*[@id=\"backBtn\"]"}
RESULT: {"using":"xpath","value":"//*[@id=\"backBtn\"]"}
COMMAND: POST /session/2ed26c8ba7702fe10b91fdd8039f8653/elements - {"using":"xpath","value":"//*[@id=\"backBtn\"]"}
RESULT: {"using":"xpath","value":"//*[@id=\"backBtn\"]"}
COMMAND: POST /session/2ed26c8ba7702fe10b91fdd8039f8653/elements - {"using":"xpath","value":"//*[@id=\"backBtn\"]"}
RESULT: {"using":"xpath","value":"//*[@id=\"backBtn\"]"}
COMMAND: POST /session/2ed26c8ba7702fe10b91fdd8039f8653/elements - {"using":"xpath","value":"//*[@id=\"backBtn\"]"}
RESULT: {"using":"xpath","value":"//*[@id=\"backBtn\"]"}
COMMAND: POST /session/2ed26c8ba7702fe10b91fdd8039f8653/elements - {"using":"xpath","value":"//*[@id=\"backBtn\"]"}
RESULT: {"using":"xpath","value":"//*[@id=\"backBtn\"]"}
COMMAND: POST /session/2ed26c8ba7702fe10b91fdd8039f8653/elements - {"using":"xpath","value":"//*[@id=\"backBtn\"]"}
RESULT: {"using":"xpath","value":"//*[@id=\"backBtn\"]"}
COMMAND: POST /session/2ed26c8ba7702fe10b91fdd8039f8653/elements - {"using":"xpath","value":"//*[@id=\"backBtn\"]"}
RESULT: {"using":"xpath","value":"//*[@id=\"backBtn\"]"}
COMMAND: POST /session/2ed26c8ba7702fe10b91fdd8039f8653/elements - {"using":"xpath","value":"//*[@id=\"backBtn\"]"}
RESULT: {"using":"xpath","value":"//*[@id=\"backBtn\"]"}
COMMAND: POST /session/2ed26c8ba7702fe10b91fdd8039f8653/elements - {"using":"xpath","value":"//*[@id=\"backBtn\"]"}
RESULT: {"using":"xpath","value":"//*[@id=\"backBtn\"]"}
COMMAND: POST /session/2ed26c8ba7702fe10b91fdd8039f8653/elements - {"using":"xpath","value":"//*[@id=\"backBtn\"]"}
RESULT: {"using":"xpath","value":"//*[@id=\"backBtn\"]"}
COMMAND: POST /session/2ed26c8ba7702fe10b91fdd8039f8653/elements - {"using":"xpath","value":"//*[@id=\"backBtn\"]"}
RESULT: {"using":"xpath","value":"//*[@id=\"backBtn\"]"}
COMMAND: POST /session/2ed26c8ba7702fe10b91fdd8039f8653/elements - {"using":"xpath","value":"//*[@id=\"backBtn\"]"}
RESULT: {"using":"xpath","value":"//*[@id=\"backBtn\"]"}
COMMAND: POST /session/2ed26c8ba7702fe10b91fdd8039f8653/elements - {"using":"xpath","value":"//*[@id=\"backBtn\"]"}
RESULT: {"using":"xpath","value":"//*[@id=\"backBtn\"]"}
COMMAND: POST /session/2ed26c8ba7702fe10b91fdd8039f8653/elements - {"using":"xpath","value":"//*[@id=\"backBtn\"]"}
RESULT: {"using":"xpath","value":"//*[@id=\"backBtn\"]"}
COMMAND: POST /session/2ed26c8ba7702fe10b91fdd8039f8653/elements - {"using":"xpath","value":"//*[@id=\"backBtn\"]"}
RESULT: {"using":"xpath","value":"//*[@id=\"backBtn\"]"}
COMMAND: POST /session/2ed26c8ba7702fe10b91fdd8039f8653/elements - {"using":"xpath","value":"//*[@id=\"backBtn\"]"}
RESULT: {"using":"xpath","value":"//*[@id=\"backBtn\"]"}
COMMAND: POST /session/2ed26c8ba7702fe10b91fdd8039f8653/elements - {"using":"xpath","value":"//*[@id=\"backBtn\"]"}
RESULT: {"using":"xpath","value":"//*[@id=\"backBtn\"]"}
COMMAND: POST /session/2ed26c8ba7702fe10b91fdd8039f8653/elements - {"using":"xpath","value":"//*[@id=\"backBtn\"]"}
RESULT: {"using":"xpath","value":"//*[@id=\"backBtn\"]"}
COMMAND: POST /session/2ed26c8ba7702fe10b91fdd8039f8653/elements - {"using":"xpath","value":"//*[@id=\"backBtn\"]"}
RESULT: {"using":"xpath","value":"//*[@id=\"backBtn\"]"}
COMMAND: POST /session/2ed26c8ba7702fe10b91fdd8039f8653/elements - {"using":"xpath","value":"//*[@id=\"backBtn\"]"}
RESULT: {"using":"xpath","value":"//*[@id=\"backBtn\"]"}
COMMAND: POST /session/2ed26c8ba7702fe10b91fdd8039f8653/elements - {"using":"xpath","value":"//*[@id=\"backBtn\"]"}
RESULT: {"using":"xpath","value":"//*[@id=\"backBtn\"]"}
COMMAND: POST /session/2ed26c8ba7702fe10b91fdd8039f8653/elements - {"using":"xpath","value":"//*[@id=\"backBtn\"]"}
RESULT: {"using":"xpath","value":"//*[@id=\"backBtn\"]"}
COMMAND: POST /session/2ed26c8ba7702fe10b91fdd8039f8653/elements - {"using":"xpath","value":"//*[@id=\"backBtn\"]"}
RESULT: {"using":"xpath","value":"//*[@id=\"backBtn\"]"}
COMMAND: POST /session/2ed26c8ba7702fe10b91fdd8039f8653/elements - {"using":"xpath","value":"//*[@id=\"backBtn\"]"}
RESULT: {"using":"xpath","value":"//*[@id=\"backBtn\"]"}
COMMAND: POST /session/2ed26c8ba7702fe10b91fdd8039f8653/elements - {"using":"xpath","value":"//*[@id=\"backBtn\"]"}
RESULT: {"using":"xpath","value":"//*[@id=\"backBtn\"]"}
COMMAND: DELETE /session/2ed26c8ba7702fe10b91fdd8039f8653 - {}
COMMAND: POST /session/2ed26c8ba7702fe10b91fdd8039f8653/elements - {"using":"xpath","value":"//*[@id=\"backBtn\"]"}
RESULT: {}
]]></system-out>
    </testcase>
  </testsuite>
</testsuites>