<?xml version="1.0" encoding="UTF-8"?>
<testsuites tests="23" failures="1" errors="1" skipped="0">
  <testsuite timestamp="2025-06-04T05:21:46" time="1243.4" tests="6" failures="0" errors="0" skipped="0">
    <properties>
      <property name="specId" value="0" />
      <property name="suiteName" value="Standard contract - add contract items by Insert Request US118222" />
      <property name="capabilities" value="chrome.136_0_7103_93.windows" />
      <property name="file" value="file:///D:/a/1/s/test/specs/R2C/standard-contract-add-contract-items-by-insert-request.spec.js" />
    </properties>
    <testcase classname="chrome.136_0_7103_93.windows.Standard_contract_-_add_contract_items_by_Insert_Request_US118222" name="Should create prerequisites yard partner site material and equipment" time="337.948">
      <system-out><![CDATA[
COMMAND: POST /session/d64c8a9d67ae429a1af470fcb6f0cd05/execute/async - {"script":"<script> [1562 bytes]","args":[{"selector":{"controlType":"sap.m.GenericTile","properties":{"header":"Manage Yards"}},"wdio_ui5_key":"sapm.GenericTile{\"header\":\"Manage Yards\"}"}]}
RESULT: {"script":"<script> [1562 bytes]","args":[{"selector":{"controlType":"sap.m.GenericTile","properties":{"header":"Manage Yards"}},"wdio_ui5_key":"sapm.GenericTile{\"header\":\"Manage Yards\"}"}]}
RESULT: undefined
COMMAND: POST /session/d64c8a9d67ae429a1af470fcb6f0cd05/element - {"using":"xpath","value":"//*[@id=\"__tile41\"]"}
RESULT: {"using":"xpath","value":"//*[@id=\"__tile41\"]"}
COMMAND: POST /session/d64c8a9d67ae429a1af470fcb6f0cd05/element/f.615B31F35ECDE76F4064C3ADAC5820DC.d.6DDCD64065CDA48E3D350AD8A2987B84.e.123/click - {}
RESULT: {}
COMMAND: GET /session/d64c8a9d67ae429a1af470fcb6f0cd05/screenshot - {}
RESULT: {}
COMMAND: POST /session/d64c8a9d67ae429a1af470fcb6f0cd05/elements - {"using":"xpath","value":"//span[text()='Error']"}
RESULT: {"using":"xpath","value":"//span[text()='Error']"}
COMMAND: POST /session/d64c8a9d67ae429a1af470fcb6f0cd05/execute/async - {"script":"<script> [1562 bytes]","args":[{"selector":{"controlType":"sap.ui.core.Icon","viewName":"etm.portal.ui.manageyards.view.Master","viewId":"application-manageyards-display-component---masterYard","properties":{"src":{"regex":{"source":"add"}}}},"wdio_ui5_key":"etmportal.ui.manageyards.view.Mastersap.ui.core.Icon{\"src\":{\"regex\":{\"source\":\"add\"}}}"}]}
RESULT: {"script":"<script> [1562 bytes]","args":[{"selector":{"controlType":"sap.ui.core.Icon","viewName":"etm.portal.ui.manageyards.view.Master","viewId":"application-manageyards-display-component---masterYard","properties":{"src":{"regex":{"source":"add"}}}},"wdio_ui5_key":"etmportal.ui.manageyards.view.Mastersap.ui.core.Icon{\"src\":{\"regex\":{\"source\":\"add\"}}}"}]}
RESULT: undefined
COMMAND: POST /session/d64c8a9d67ae429a1af470fcb6f0cd05/element - {"using":"xpath","value":"//*[@id=\"__button4-img\"]"}
RESULT: {"using":"xpath","value":"//*[@id=\"__button4-img\"]"}
COMMAND: POST /session/d64c8a9d67ae429a1af470fcb6f0cd05/element/f.615B31F35ECDE76F4064C3ADAC5820DC.d.6DDCD64065CDA48E3D350AD8A2987B84.e.169/click - {}
RESULT: {}
COMMAND: GET /session/d64c8a9d67ae429a1af470fcb6f0cd05/screenshot - {}
RESULT: {}
COMMAND: POST /session/d64c8a9d67ae429a1af470fcb6f0cd05/execute/async - {"script":"<script> [1562 bytes]","args":[{"selector":{"id":"application-manageyards-display-component---NewYard--yardId","interaction":{"idSuffix":"inner"}},"wdio_ui5_key":"applicationmanageyards-display-component---NewYard--yardId"}]}
RESULT: {"script":"<script> [1562 bytes]","args":[{"selector":{"id":"application-manageyards-display-component---NewYard--yardId","interaction":{"idSuffix":"inner"}},"wdio_ui5_key":"applicationmanageyards-display-component---NewYard--yardId"}]}
RESULT: undefined
COMMAND: POST /session/d64c8a9d67ae429a1af470fcb6f0cd05/element - {"using":"xpath","value":"//*[@id=\"application-manageyards-display-component---NewYard--addressDetailDetailsName1-inner\"]"}
RESULT: {"using":"xpath","value":"//*[@id=\"application-manageyards-display-component---NewYard--addressDetailDetailsName1-inner\"]"}
COMMAND: POST /session/d64c8a9d67ae429a1af470fcb6f0cd05/element/f.615B31F35ECDE76F4064C3ADAC5820DC.d.6DDCD64065CDA48E3D350AD8A2987B84.e.386/clear - {}
RESULT: {}
COMMAND: POST /session/d64c8a9d67ae429a1af470fcb6f0cd05/element/f.615B31F35ECDE76F4064C3ADAC5820DC.d.6DDCD64065CDA48E3D350AD8A2987B84.e.386/value - {"text":"WebdriverYardqyqm3"}
COMMAND: GET /session/d64c8a9d67ae429a1af470fcb6f0cd05/screenshot - {}
RESULT: {"text":"WebdriverYardqyqm3"}
COMMAND: POST /session/d64c8a9d67ae429a1af470fcb6f0cd05/element - {"using":"xpath","value":"//*[@id=\"application-manageyards-display-component---NewYard--addressDetailDetailsLanguage-inner\"]"}
COMMAND: GET /session/d64c8a9d67ae429a1af470fcb6f0cd05/screenshot - {}
RESULT: {}
RESULT: {"using":"xpath","value":"//*[@id=\"application-manageyards-display-component---NewYard--addressDetailDetailsLanguage-inner\"]"}
COMMAND: POST /session/d64c8a9d67ae429a1af470fcb6f0cd05/element/f.615B31F35ECDE76F4064C3ADAC5820DC.d.6DDCD64065CDA48E3D350AD8A2987B84.e.387/clear - {}
RESULT: {}
RESULT: {}
COMMAND: POST /session/d64c8a9d67ae429a1af470fcb6f0cd05/element/f.615B31F35ECDE76F4064C3ADAC5820DC.d.6DDCD64065CDA48E3D350AD8A2987B84.e.387/value - {"text":"Romanian"}
COMMAND: GET /session/d64c8a9d67ae429a1af470fcb6f0cd05/screenshot - {}
RESULT: {"text":"Romanian"}
COMMAND: POST /session/d64c8a9d67ae429a1af470fcb6f0cd05/element - {"using":"xpath","value":"//input[contains(@id ,\"application-manageyards-display-component---NewYard--addressDetailDetailsName1-inner\")]"}
COMMAND: GET /session/d64c8a9d67ae429a1af470fcb6f0cd05/screenshot - {}
RESULT: {}
RESULT: {"using":"xpath","value":"//input[contains(@id ,\"application-manageyards-display-component---NewYard--addressDetailDetailsName1-inner\")]"}
COMMAND: GET /session/d64c8a9d67ae429a1af470fcb6f0cd05/element/f.615B31F35ECDE76F4064C3ADAC5820DC.d.6DDCD64065CDA48E3D350AD8A2987B84.e.386/property/value - {}
RESULT: {}
RESULT: {}
COMMAND: GET /session/d64c8a9d67ae429a1af470fcb6f0cd05/screenshot - {}
RESULT: {}
COMMAND: POST /session/d64c8a9d67ae429a1af470fcb6f0cd05/element - {"using":"xpath","value":"//*[@id=\"application-manageyards-display-component---NewYard--addressDetailDetailsCity1-inner\"]"}
RESULT: {"using":"xpath","value":"//*[@id=\"application-manageyards-display-component---NewYard--addressDetailDetailsCity1-inner\"]"}
COMMAND: POST /session/d64c8a9d67ae429a1af470fcb6f0cd05/element/f.615B31F35ECDE76F4064C3ADAC5820DC.d.6DDCD64065CDA48E3D350AD8A2987B84.e.389/clear - {}
RESULT: {}
COMMAND: POST /session/d64c8a9d67ae429a1af470fcb6f0cd05/element/f.615B31F35ECDE76F4064C3ADAC5820DC.d.6DDCD64065CDA48E3D350AD8A2987B84.e.389/value - {"text":"Bucuresti"}
COMMAND: GET /session/d64c8a9d67ae429a1af470fcb6f0cd05/screenshot - {}
RESULT: {"text":"Bucuresti"}
COMMAND: GET /session/d64c8a9d67ae429a1af470fcb6f0cd05/screenshot - {}
RESULT: {}
RESULT: {}
COMMAND: POST /session/d64c8a9d67ae429a1af470fcb6f0cd05/element - {"using":"xpath","value":"//*[@id=\"application-manageyards-display-component---NewYard--addressDetailDetailsCountry-inner\"]"}
RESULT: {"using":"xpath","value":"//*[@id=\"application-manageyards-display-component---NewYard--addressDetailDetailsCountry-inner\"]"}
COMMAND: POST /session/d64c8a9d67ae429a1af470fcb6f0cd05/element/f.615B31F35ECDE76F4064C3ADAC5820DC.d.6DDCD64065CDA48E3D350AD8A2987B84.e.393/clear - {}
RESULT: {}
COMMAND: POST /session/d64c8a9d67ae429a1af470fcb6f0cd05/element/f.615B31F35ECDE76F4064C3ADAC5820DC.d.6DDCD64065CDA48E3D350AD8A2987B84.e.393/value - {"text":"Romania"}
COMMAND: GET /session/d64c8a9d67ae429a1af470fcb6f0cd05/screenshot - {}
RESULT: {"text":"Romania"}
COMMAND: GET /session/d64c8a9d67ae429a1af470fcb6f0cd05/screenshot - {}
RESULT: {}
RESULT: {}
COMMAND: POST /session/d64c8a9d67ae429a1af470fcb6f0cd05/element - {"using":"xpath","value":"//div[contains(text(), \"Commercial\")]"}
RESULT: {"using":"xpath","value":"//div[contains(text(), \"Commercial\")]"}
COMMAND: GET /session/d64c8a9d67ae429a1af470fcb6f0cd05/element/f.615B31F35ECDE76F4064C3ADAC5820DC.d.6DDCD64065CDA48E3D350AD8A2987B84.e.565/rect - {}
RESULT: {}
COMMAND: GET /session/d64c8a9d67ae429a1af470fcb6f0cd05/window/rect - {}
RESULT: {}
COMMAND: POST /session/d64c8a9d67ae429a1af470fcb6f0cd05/execute/sync - {"script":"<script> [92 bytes]","args":[]}
RESULT: {"script":"<script> [92 bytes]","args":[]}
COMMAND: POST /session/d64c8a9d67ae429a1af470fcb6f0cd05/actions - {"actions":[{"id":"action1","type":"wheel","parameters":{},"actions":[{"type":"scroll","x":-1841,"y":-44,"deltaX":0,"deltaY":0,"duration":0,"origin":{"element-6066-11e4-a52e-4f735466cecf":"f.615B31F35ECDE76F4064C3ADAC5820DC.d.6DDCD64065CDA48E3D350AD8A2987B84.e.565"}}]}]}
COMMAND: GET /session/d64c8a9d67ae429a1af470fcb6f0cd05/screenshot - {}
RESULT: {}
COMMAND: POST /session/d64c8a9d67ae429a1af470fcb6f0cd05/execute/sync - {"script":"<script> [79 bytes]","args":[{"element-6066-11e4-a52e-4f735466cecf":"f.615B31F35ECDE76F4064C3ADAC5820DC.d.6DDCD64065CDA48E3D350AD8A2987B84.e.565","ELEMENT":"f.615B31F35ECDE76F4064C3ADAC5820DC.d.6DDCD64065CDA48E3D350AD8A2987B84.e.565"},{"block":"start","inline":"nearest"}]}
RESULT: {"script":"<script> [79 bytes]","args":[{"element-6066-11e4-a52e-4f735466cecf":"f.615B31F35ECDE76F4064C3ADAC5820DC.d.6DDCD64065CDA48E3D350AD8A2987B84.e.565","ELEMENT":"f.615B31F35ECDE76F4064C3ADAC5820DC.d.6DDCD64065CDA48E3D350AD8A2987B84.e.565"},{"block":"start","inline":"nearest"}]}
COMMAND: GET /session/d64c8a9d67ae429a1af470fcb6f0cd05/screenshot - {}
RESULT: {}
COMMAND: POST /session/d64c8a9d67ae429a1af470fcb6f0cd05/execute/async - {"script":"<script> [1562 bytes]","args":[{"selector":{"id":"application-manageyards-display-component---NewYard--addressEditDetailsCostObjectCstType-arrow"},"wdio_ui5_key":"applicationmanageyards-display-component---NewYard--addressEditDetailsCostObjectCstType-arrow"}]}
RESULT: {"script":"<script> [1562 bytes]","args":[{"selector":{"id":"application-manageyards-display-component---NewYard--addressEditDetailsCostObjectCstType-arrow"},"wdio_ui5_key":"applicationmanageyards-display-component---NewYard--addressEditDetailsCostObjectCstType-arrow"}]}
RESULT: undefined
COMMAND: POST /session/d64c8a9d67ae429a1af470fcb6f0cd05/element - {"using":"xpath","value":"//*[@id=\"application-manageyards-display-component---NewYard--addressEditDetailsCostObjectCstType-arrow\"]"}
RESULT: {"using":"xpath","value":"//*[@id=\"application-manageyards-display-component---NewYard--addressEditDetailsCostObjectCstType-arrow\"]"}
COMMAND: POST /session/d64c8a9d67ae429a1af470fcb6f0cd05/element/f.615B31F35ECDE76F4064C3ADAC5820DC.d.6DDCD64065CDA48E3D350AD8A2987B84.e.573/click - {}
RESULT: {}
COMMAND: POST /session/d64c8a9d67ae429a1af470fcb6f0cd05/element - {"using":"xpath","value":"//span[contains(text(), \"Cost Center\")]"}
COMMAND: GET /session/d64c8a9d67ae429a1af470fcb6f0cd05/screenshot - {}
RESULT: {"using":"xpath","value":"//span[contains(text(), \"Cost Center\")]"}
COMMAND: POST /session/d64c8a9d67ae429a1af470fcb6f0cd05/element/f.615B31F35ECDE76F4064C3ADAC5820DC.d.6DDCD64065CDA48E3D350AD8A2987B84.e.574/click - {}
RESULT: {}
RESULT: {}
COMMAND: GET /session/d64c8a9d67ae429a1af470fcb6f0cd05/screenshot - {}
RESULT: {}
COMMAND: POST /session/d64c8a9d67ae429a1af470fcb6f0cd05/execute/async - {"script":"<script> [1562 bytes]","args":[{"selector":{"id":"application-manageyards-display-component---NewYard--addressNewCostObjectCstID-vhi"},"wdio_ui5_key":"applicationmanageyards-display-component---NewYard--addressNewCostObjectCstID-vhi"}]}
RESULT: {"script":"<script> [1562 bytes]","args":[{"selector":{"id":"application-manageyards-display-component---NewYard--addressNewCostObjectCstID-vhi"},"wdio_ui5_key":"applicationmanageyards-display-component---NewYard--addressNewCostObjectCstID-vhi"}]}
RESULT: undefined
COMMAND: POST /session/d64c8a9d67ae429a1af470fcb6f0cd05/element - {"using":"xpath","value":"//*[@id=\"application-manageyards-display-component---NewYard--addressNewCostObjectCstID-vhi\"]"}
RESULT: {"using":"xpath","value":"//*[@id=\"application-manageyards-display-component---NewYard--addressNewCostObjectCstID-vhi\"]"}
COMMAND: POST /session/d64c8a9d67ae429a1af470fcb6f0cd05/element/f.615B31F35ECDE76F4064C3ADAC5820DC.d.6DDCD64065CDA48E3D350AD8A2987B84.e.578/click - {}
RESULT: {}
COMMAND: GET /session/d64c8a9d67ae429a1af470fcb6f0cd05/screenshot - {}
RESULT: {}
COMMAND: POST /session/d64c8a9d67ae429a1af470fcb6f0cd05/execute/async - {"script":"<script> [1562 bytes]","args":[{"selector":{"controlType":"sap.m.SearchField","properties":{"placeholder":"Search"},"searchOpenDialogs":true,"interaction":{"idSuffix":"I"}},"wdio_ui5_key":"sapm.SearchField{\"placeholder\":\"Search\"}"}]}
RESULT: {"script":"<script> [1562 bytes]","args":[{"selector":{"controlType":"sap.m.SearchField","properties":{"placeholder":"Search"},"searchOpenDialogs":true,"interaction":{"idSuffix":"I"}},"wdio_ui5_key":"sapm.SearchField{\"placeholder\":\"Search\"}"}]}
RESULT: undefined
COMMAND: POST /session/d64c8a9d67ae429a1af470fcb6f0cd05/execute/async - {"script":"<script> [776 bytes]","args":[{"enterText":"10001013","selector":{"controlType":"sap.m.SearchField","properties":{"placeholder":"Search"},"searchOpenDialogs":true,"interaction":{"idSuffix":"I"}},"clearTextFirst":true,"interactionType":"ENTER_TEXT"}]}
RESULT: {"script":"<script> [776 bytes]","args":[{"enterText":"10001013","selector":{"controlType":"sap.m.SearchField","properties":{"placeholder":"Search"},"searchOpenDialogs":true,"interaction":{"idSuffix":"I"}},"clearTextFirst":true,"interactionType":"ENTER_TEXT"}]}
COMMAND: POST /session/d64c8a9d67ae429a1af470fcb6f0cd05/actions - {"actions":[{"id":"action2","type":"key","parameters":{},"actions":[{"type":"keyDown","value":"î€‡"},{"type":"pause","duration":10},{"type":"keyUp","value":"î€‡"}]}]}
RESULT: {"actions":[{"id":"action2","type":"key","parameters":{},"actions":[{"type":"keyDown","value":"î€‡"},{"type":"pause","duration":10},{"type":"keyUp","value":"î€‡"}]}]}
COMMAND: GET /session/d64c8a9d67ae429a1af470fcb6f0cd05/screenshot - {}
RESULT: {}
COMMAND: POST /session/d64c8a9d67ae429a1af470fcb6f0cd05/element - {"using":"xpath","value":"//span[contains(text(), \"General Management\")]"}
RESULT: {"using":"xpath","value":"//span[contains(text(), \"General Management\")]"}
COMMAND: POST /session/d64c8a9d67ae429a1af470fcb6f0cd05/element/f.615B31F35ECDE76F4064C3ADAC5820DC.d.6DDCD64065CDA48E3D350AD8A2987B84.e.620/click - {}
RESULT: {}
COMMAND: GET /session/d64c8a9d67ae429a1af470fcb6f0cd05/screenshot - {}
RESULT: {}
COMMAND: POST /session/d64c8a9d67ae429a1af470fcb6f0cd05/element - {"using":"xpath","value":"//bdi[contains(text(), \"OK\")]"}
RESULT: {"using":"xpath","value":"//bdi[contains(text(), \"OK\")]"}
COMMAND: POST /session/d64c8a9d67ae429a1af470fcb6f0cd05/element/f.615B31F35ECDE76F4064C3ADAC5820DC.d.6DDCD64065CDA48E3D350AD8A2987B84.e.621/click - {}
RESULT: {}
COMMAND: GET /session/d64c8a9d67ae429a1af470fcb6f0cd05/screenshot - {}
RESULT: {}
COMMAND: POST /session/d64c8a9d67ae429a1af470fcb6f0cd05/execute/async - {"script":"<script> [1562 bytes]","args":[{"selector":{"controlType":"sap.m.Button","viewName":"etm.portal.ui.manageyards.view.New","viewId":"application-manageyards-display-component---NewYard","i18NText":{"propertyName":"text","key":"save"},"interaction":{"idSuffix":"inner"}},"wdio_ui5_key":"etmportal.ui.manageyards.view.Newsap.m.Button{\"propertyName\":\"text\",\"key\":\"save\"}"}]}
RESULT: {"script":"<script> [1562 bytes]","args":[{"selector":{"controlType":"sap.m.Button","viewName":"etm.portal.ui.manageyards.view.New","viewId":"application-manageyards-display-component---NewYard","i18NText":{"propertyName":"text","key":"save"},"interaction":{"idSuffix":"inner"}},"wdio_ui5_key":"etmportal.ui.manageyards.view.Newsap.m.Button{\"propertyName\":\"text\",\"key\":\"save\"}"}]}
RESULT: undefined
COMMAND: POST /session/d64c8a9d67ae429a1af470fcb6f0cd05/element - {"using":"xpath","value":"//*[@id=\"__button18\"]"}
RESULT: {"using":"xpath","value":"//*[@id=\"__button18\"]"}
COMMAND: POST /session/d64c8a9d67ae429a1af470fcb6f0cd05/element/f.615B31F35ECDE76F4064C3ADAC5820DC.d.6DDCD64065CDA48E3D350AD8A2987B84.e.553/click - {}
RESULT: {}
COMMAND: GET /session/d64c8a9d67ae429a1af470fcb6f0cd05/screenshot - {}
RESULT: {}
COMMAND: POST /session/d64c8a9d67ae429a1af470fcb6f0cd05/element - {"using":"xpath","value":"//header/div/div[2]/div[2]/span"}
RESULT: {"using":"xpath","value":"//header/div/div[2]/div[2]/span"}
COMMAND: GET /session/d64c8a9d67ae429a1af470fcb6f0cd05/element/f.615B31F35ECDE76F4064C3ADAC5820DC.d.6DDCD64065CDA48E3D350AD8A2987B84.e.817/text - {}
RESULT: {}
COMMAND: POST /session/d64c8a9d67ae429a1af470fcb6f0cd05/execute/async - {"script":"<script> [1562 bytes]","args":[{"selector":{"controlType":"sap.m.OverflowToolbarButton","viewName":"etm.portal.ui.manageyards.view.Detail","viewId":"application-manageyards-display-component---detailYard","i18NText":{"propertyName":"tooltip","key":"closeColumn"},"interaction":{"idSuffix":"inner"}},"wdio_ui5_key":"etmportal.ui.manageyards.view.Detailsap.m.OverflowToolbarButton{\"propertyName\":\"tooltip\",\"key\":\"closeColumn\"}"}]}
RESULT: {"script":"<script> [1562 bytes]","args":[{"selector":{"controlType":"sap.m.OverflowToolbarButton","viewName":"etm.portal.ui.manageyards.view.Detail","viewId":"application-manageyards-display-component---detailYard","i18NText":{"propertyName":"tooltip","key":"closeColumn"},"interaction":{"idSuffix":"inner"}},"wdio_ui5_key":"etmportal.ui.manageyards.view.Detailsap.m.OverflowToolbarButton{\"propertyName\":\"tooltip\",\"key\":\"closeColumn\"}"}]}
RESULT: undefined
COMMAND: POST /session/d64c8a9d67ae429a1af470fcb6f0cd05/element - {"using":"xpath","value":"//*[@id=\"__button42\"]"}
RESULT: {"using":"xpath","value":"//*[@id=\"__button42\"]"}
COMMAND: POST /session/d64c8a9d67ae429a1af470fcb6f0cd05/element/f.615B31F35ECDE76F4064C3ADAC5820DC.d.6DDCD64065CDA48E3D350AD8A2987B84.e.819/click - {}
RESULT: {}
COMMAND: GET /session/d64c8a9d67ae429a1af470fcb6f0cd05/screenshot - {}
COMMAND: POST /session/d64c8a9d67ae429a1af470fcb6f0cd05/element - {"using":"css selector","value":"#shell-header-logo"}
RESULT: {}
RESULT: {"using":"css selector","value":"#shell-header-logo"}
COMMAND: POST /session/d64c8a9d67ae429a1af470fcb6f0cd05/element/f.615B31F35ECDE76F4064C3ADAC5820DC.d.6DDCD64065CDA48E3D350AD8A2987B84.e.125/click - {}
RESULT: {}
COMMAND: GET /session/d64c8a9d67ae429a1af470fcb6f0cd05/screenshot - {}
RESULT: {}
COMMAND: POST /session/d64c8a9d67ae429a1af470fcb6f0cd05/refresh - {}
RESULT: {}
COMMAND: GET /session/d64c8a9d67ae429a1af470fcb6f0cd05/screenshot - {}
RESULT: {}
COMMAND: POST /session/d64c8a9d67ae429a1af470fcb6f0cd05/execute/async - {"script":"<script> [189 bytes]","args":[]}
RESULT: {"script":"<script> [189 bytes]","args":[]}
COMMAND: POST /session/d64c8a9d67ae429a1af470fcb6f0cd05/execute/async - {"script":"<script> [123 bytes]","args":[]}
RESULT: {"script":"<script> [123 bytes]","args":[]}
COMMAND: POST /session/d64c8a9d67ae429a1af470fcb6f0cd05/timeouts - {"script":"<number>"}
RESULT: {"script":"<number>"}
COMMAND: GET /session/d64c8a9d67ae429a1af470fcb6f0cd05/timeouts - {}
RESULT: {}
RESULT: undefined
COMMAND: POST /session/d64c8a9d67ae429a1af470fcb6f0cd05/execute/async - {"script":"<script> [2676 bytes]","args":[]}
RESULT: {"script":"<script> [2676 bytes]","args":[]}
COMMAND: POST /session/d64c8a9d67ae429a1af470fcb6f0cd05/execute/async - {"script":"<script> [2342 bytes]","args":[{"protocol":"http","hostname":"0.0.0.0","path":"/","capabilities":{"browserName":"chrome","goog:chromeOptions":{"binary":"C:\\Program Files\\Google\\Chrome\\Application\\chrome.exe","args":["--start-maximized"]}},"logLevel":"warn","connectionRetryTimeout":120000,"connectionRetryCount":3,"logLevels":{},"enableDirectConnect":true,"strictSSL":true,"_":"65 more keys: [\"cacheDir\",\"port\",\"requestedCapabilities\",\"automationProtocol\",\"baseUrl\",\"waitforInterval\",\"waitforTimeout\",\"onReload\",\"beforeCommand\",\"afterCommand\",\"rootDir\",\"specs\",\"suites\",\"exclude\",\"groupLogsByTestSpec\",\"excludeDriverLogs\",\"bail\",\"framework\",\"reporters\",\"services\",\"maxInstances\",\"maxInstancesPerCapability\",\"injectGlobals\",\"filesToWatch\",\"execArgv\",\"runnerEnv\",\"runner\",\"shard\",\"specFileRetries\",\"specFileRetriesDelay\",\"specFileRetriesDeferred\",\"reporterSyncInterval\",\"reporterSyncTimeout\",\"cucumberFeaturesWithLineNumbers\",\"autoCompileOpts\",\"mochaOpts\",\"jasmineOpts\",\"cucumberOpts\",\"onPrepare\",\"onWorkerStart\",\"onWorkerEnd\",\"before\",\"beforeSession\",\"beforeSuite\",\"beforeHook\",\"beforeTest\",\"afterTest\",\"afterHook\",\"afterSuite\",\"afterSession\",\"after\",\"onComplete\",\"beforeAssertion\",\"afterAssertion\",\"beforeFeature\",\"beforeScenario\",\"beforeStep\",\"afterStep\",\"afterScenario\",\"afterFeature\",\"_\",\"suite\",\"$0\",\"ignoredWorkerServices\",\"wdi5\"]"}]}
RESULT: {"script":"<script> [2342 bytes]","args":[{"protocol":"http","hostname":"0.0.0.0","path":"/","capabilities":{"browserName":"chrome","goog:chromeOptions":{"binary":"C:\\Program Files\\Google\\Chrome\\Application\\chrome.exe","args":["--start-maximized"]}},"logLevel":"warn","connectionRetryTimeout":120000,"connectionRetryCount":3,"logLevels":{},"enableDirectConnect":true,"strictSSL":true,"_":"65 more keys: [\"cacheDir\",\"port\",\"requestedCapabilities\",\"automationProtocol\",\"baseUrl\",\"waitforInterval\",\"waitforTimeout\",\"onReload\",\"beforeCommand\",\"afterCommand\",\"rootDir\",\"specs\",\"suites\",\"exclude\",\"groupLogsByTestSpec\",\"excludeDriverLogs\",\"bail\",\"framework\",\"reporters\",\"services\",\"maxInstances\",\"maxInstancesPerCapability\",\"injectGlobals\",\"filesToWatch\",\"execArgv\",\"runnerEnv\",\"runner\",\"shard\",\"specFileRetries\",\"specFileRetriesDelay\",\"specFileRetriesDeferred\",\"reporterSyncInterval\",\"reporterSyncTimeout\",\"cucumberFeaturesWithLineNumbers\",\"autoCompileOpts\",\"mochaOpts\",\"jasmineOpts\",\"cucumberOpts\",\"onPrepare\",\"onWorkerStart\",\"onWorkerEnd\",\"before\",\"beforeSession\",\"beforeSuite\",\"beforeHook\",\"beforeTest\",\"afterTest\",\"afterHook\",\"afterSuite\",\"afterSession\",\"after\",\"onComplete\",\"beforeAssertion\",\"afterAssertion\",\"beforeFeature\",\"beforeScenario\",\"beforeStep\",\"afterStep\",\"afterScenario\",\"afterFeature\",\"_\",\"suite\",\"$0\",\"ignoredWorkerServices\",\"wdi5\"]"}]}
COMMAND: POST /session/d64c8a9d67ae429a1af470fcb6f0cd05/execute/async - {"script":"<script> [21126 bytes]","args":[35000]}
RESULT: {"script":"<script> [21126 bytes]","args":[35000]}
COMMAND: POST /session/d64c8a9d67ae429a1af470fcb6f0cd05/execute/async - {"script":"<script> [1562 bytes]","args":[{"selector":{"controlType":"sap.m.GenericTile","properties":{"header":"Manage Partners"}},"wdio_ui5_key":"sapm.GenericTile{\"header\":\"Manage Partners\"}"}]}
RESULT: {"script":"<script> [1562 bytes]","args":[{"selector":{"controlType":"sap.m.GenericTile","properties":{"header":"Manage Partners"}},"wdio_ui5_key":"sapm.GenericTile{\"header\":\"Manage Partners\"}"}]}
RESULT: undefined
COMMAND: POST /session/d64c8a9d67ae429a1af470fcb6f0cd05/element - {"using":"xpath","value":"//*[@id=\"__tile38\"]"}
RESULT: {"using":"xpath","value":"//*[@id=\"__tile38\"]"}
COMMAND: POST /session/d64c8a9d67ae429a1af470fcb6f0cd05/element/f.615B31F35ECDE76F4064C3ADAC5820DC.d.36EB414D491191FBD1509FCF65B9A338.e.1174/click - {}
RESULT: {}
COMMAND: GET /session/d64c8a9d67ae429a1af470fcb6f0cd05/screenshot - {}
RESULT: {}
COMMAND: POST /session/d64c8a9d67ae429a1af470fcb6f0cd05/elements - {"using":"xpath","value":"//span[text()='Error']"}
RESULT: {"using":"xpath","value":"//span[text()='Error']"}
COMMAND: POST /session/d64c8a9d67ae429a1af470fcb6f0cd05/execute/async - {"script":"<script> [1562 bytes]","args":[{"selector":{"controlType":"sap.ui.core.Icon","viewName":"etm.portal.ui.managepartners.view.Master","viewId":"application-managepartners-display-component---masterPtm","properties":{"src":{"regex":{"source":"add"}}}},"wdio_ui5_key":"etmportal.ui.managepartners.view.Mastersap.ui.core.Icon{\"src\":{\"regex\":{\"source\":\"add\"}}}"}]}
RESULT: {"script":"<script> [1562 bytes]","args":[{"selector":{"controlType":"sap.ui.core.Icon","viewName":"etm.portal.ui.managepartners.view.Master","viewId":"application-managepartners-display-component---masterPtm","properties":{"src":{"regex":{"source":"add"}}}},"wdio_ui5_key":"etmportal.ui.managepartners.view.Mastersap.ui.core.Icon{\"src\":{\"regex\":{\"source\":\"add\"}}}"}]}
RESULT: undefined
COMMAND: POST /session/d64c8a9d67ae429a1af470fcb6f0cd05/element - {"using":"xpath","value":"//*[@id=\"__button4-img\"]"}
RESULT: {"using":"xpath","value":"//*[@id=\"__button4-img\"]"}
COMMAND: POST /session/d64c8a9d67ae429a1af470fcb6f0cd05/element/f.615B31F35ECDE76F4064C3ADAC5820DC.d.36EB414D491191FBD1509FCF65B9A338.e.1226/click - {}
RESULT: {}
COMMAND: GET /session/d64c8a9d67ae429a1af470fcb6f0cd05/screenshot - {}
RESULT: {}
COMMAND: POST /session/d64c8a9d67ae429a1af470fcb6f0cd05/execute/async - {"script":"<script> [1562 bytes]","args":[{"selector":{"id":"application-managepartners-display-component---NewPartner--partnerId","interaction":{"idSuffix":"inner"}},"wdio_ui5_key":"applicationmanagepartners-display-component---NewPartner--partnerId"}]}
RESULT: {"script":"<script> [1562 bytes]","args":[{"selector":{"id":"application-managepartners-display-component---NewPartner--partnerId","interaction":{"idSuffix":"inner"}},"wdio_ui5_key":"applicationmanagepartners-display-component---NewPartner--partnerId"}]}
RESULT: undefined
COMMAND: POST /session/d64c8a9d67ae429a1af470fcb6f0cd05/execute/async - {"script":"<script> [1562 bytes]","args":[{"selector":{"id":"application-managepartners-display-component---NewPartner--addressDetailDetailsName1","interaction":{"idSuffix":"inner"}},"wdio_ui5_key":"applicationmanagepartners-display-component---NewPartner--addressDetailDetailsName1"}]}
RESULT: {"script":"<script> [1562 bytes]","args":[{"selector":{"id":"application-managepartners-display-component---NewPartner--addressDetailDetailsName1","interaction":{"idSuffix":"inner"}},"wdio_ui5_key":"applicationmanagepartners-display-component---NewPartner--addressDetailDetailsName1"}]}
RESULT: undefined
COMMAND: POST /session/d64c8a9d67ae429a1af470fcb6f0cd05/execute/async - {"script":"<script> [776 bytes]","args":[{"enterText":"WebdriverPartnerdl8yu","selector":{"id":"application-managepartners-display-component---NewPartner--addressDetailDetailsName1","interaction":{"idSuffix":"inner"}},"clearTextFirst":true,"interactionType":"ENTER_TEXT"}]}
RESULT: {"script":"<script> [776 bytes]","args":[{"enterText":"WebdriverPartnerdl8yu","selector":{"id":"application-managepartners-display-component---NewPartner--addressDetailDetailsName1","interaction":{"idSuffix":"inner"}},"clearTextFirst":true,"interactionType":"ENTER_TEXT"}]}
COMMAND: POST /session/d64c8a9d67ae429a1af470fcb6f0cd05/execute/async - {"script":"<script> [1562 bytes]","args":[{"selector":{"id":"application-managepartners-display-component---NewPartner--addressDetailDetailsLanguage","interaction":{"idSuffix":"inner"}},"wdio_ui5_key":"applicationmanagepartners-display-component---NewPartner--addressDetailDetailsLanguage"}]}
RESULT: {"script":"<script> [1562 bytes]","args":[{"selector":{"id":"application-managepartners-display-component---NewPartner--addressDetailDetailsLanguage","interaction":{"idSuffix":"inner"}},"wdio_ui5_key":"applicationmanagepartners-display-component---NewPartner--addressDetailDetailsLanguage"}]}
RESULT: undefined
COMMAND: POST /session/d64c8a9d67ae429a1af470fcb6f0cd05/execute/async - {"script":"<script> [776 bytes]","args":[{"enterText":"Romanian","selector":{"id":"application-managepartners-display-component---NewPartner--addressDetailDetailsLanguage","interaction":{"idSuffix":"inner"}},"clearTextFirst":true,"interactionType":"ENTER_TEXT"}]}
RESULT: {"script":"<script> [776 bytes]","args":[{"enterText":"Romanian","selector":{"id":"application-managepartners-display-component---NewPartner--addressDetailDetailsLanguage","interaction":{"idSuffix":"inner"}},"clearTextFirst":true,"interactionType":"ENTER_TEXT"}]}
COMMAND: POST /session/d64c8a9d67ae429a1af470fcb6f0cd05/element - {"using":"xpath","value":"//input[contains(@id ,\"application-managepartners-display-component---NewPartner--addressDetailDetailsName1-inner\")]"}
RESULT: {"using":"xpath","value":"//input[contains(@id ,\"application-managepartners-display-component---NewPartner--addressDetailDetailsName1-inner\")]"}
COMMAND: GET /session/d64c8a9d67ae429a1af470fcb6f0cd05/element/f.615B31F35ECDE76F4064C3ADAC5820DC.d.36EB414D491191FBD1509FCF65B9A338.e.1487/property/value - {}
RESULT: {}
COMMAND: POST /session/d64c8a9d67ae429a1af470fcb6f0cd05/execute/async - {"script":"<script> [1562 bytes]","args":[{"selector":{"id":"application-managepartners-display-component---NewPartner--addressDetailDetailsCity1","interaction":{"idSuffix":"inner"}},"wdio_ui5_key":"applicationmanagepartners-display-component---NewPartner--addressDetailDetailsCity1"}]}
COMMAND: GET /session/d64c8a9d67ae429a1af470fcb6f0cd05/screenshot - {}
RESULT: {"script":"<script> [1562 bytes]","args":[{"selector":{"id":"application-managepartners-display-component---NewPartner--addressDetailDetailsCity1","interaction":{"idSuffix":"inner"}},"wdio_ui5_key":"applicationmanagepartners-display-component---NewPartner--addressDetailDetailsCity1"}]}
RESULT: undefined
COMMAND: POST /session/d64c8a9d67ae429a1af470fcb6f0cd05/execute/async - {"script":"<script> [776 bytes]","args":[{"enterText":"Bucharest","selector":{"id":"application-managepartners-display-component---NewPartner--addressDetailDetailsCity1","interaction":{"idSuffix":"inner"}},"clearTextFirst":true,"interactionType":"ENTER_TEXT"}]}
RESULT: {}
RESULT: {"script":"<script> [776 bytes]","args":[{"enterText":"Bucharest","selector":{"id":"application-managepartners-display-component---NewPartner--addressDetailDetailsCity1","interaction":{"idSuffix":"inner"}},"clearTextFirst":true,"interactionType":"ENTER_TEXT"}]}
COMMAND: POST /session/d64c8a9d67ae429a1af470fcb6f0cd05/execute/async - {"script":"<script> [1562 bytes]","args":[{"selector":{"id":"application-managepartners-display-component---NewPartner--addressDetailDetailsCountry","interaction":{"idSuffix":"inner"}},"wdio_ui5_key":"applicationmanagepartners-display-component---NewPartner--addressDetailDetailsCountry"}]}
RESULT: {"script":"<script> [1562 bytes]","args":[{"selector":{"id":"application-managepartners-display-component---NewPartner--addressDetailDetailsCountry","interaction":{"idSuffix":"inner"}},"wdio_ui5_key":"applicationmanagepartners-display-component---NewPartner--addressDetailDetailsCountry"}]}
RESULT: undefined
COMMAND: POST /session/d64c8a9d67ae429a1af470fcb6f0cd05/execute/async - {"script":"<script> [6424 bytes]","args":[{"element-6066-11e4-a52e-4f735466cecf":"f.615B31F35ECDE76F4064C3ADAC5820DC.d.36EB414D491191FBD1509FCF65B9A338.e.1494"},"setValue",["Romania"]]}
RESULT: {"script":"<script> [6424 bytes]","args":[{"element-6066-11e4-a52e-4f735466cecf":"f.615B31F35ECDE76F4064C3ADAC5820DC.d.36EB414D491191FBD1509FCF65B9A338.e.1494"},"setValue",["Romania"]]}
COMMAND: POST /session/d64c8a9d67ae429a1af470fcb6f0cd05/execute/async - {"script":"<script> [1562 bytes]","args":[{"selector":{"id":"application-managepartners-display-component---NewPartner--partnerDetailInternal","interaction":{"idSuffix":"inner"}},"wdio_ui5_key":"applicationmanagepartners-display-component---NewPartner--partnerDetailInternal"}]}
RESULT: {"script":"<script> [1562 bytes]","args":[{"selector":{"id":"application-managepartners-display-component---NewPartner--partnerDetailInternal","interaction":{"idSuffix":"inner"}},"wdio_ui5_key":"applicationmanagepartners-display-component---NewPartner--partnerDetailInternal"}]}
RESULT: undefined
COMMAND: POST /session/d64c8a9d67ae429a1af470fcb6f0cd05/execute/async - {"script":"<script> [776 bytes]","args":[{"enterText":"External partner","selector":{"id":"application-managepartners-display-component---NewPartner--partnerDetailInternal","interaction":{"idSuffix":"inner"}},"clearTextFirst":true,"interactionType":"ENTER_TEXT"}]}
RESULT: {"script":"<script> [776 bytes]","args":[{"enterText":"External partner","selector":{"id":"application-managepartners-display-component---NewPartner--partnerDetailInternal","interaction":{"idSuffix":"inner"}},"clearTextFirst":true,"interactionType":"ENTER_TEXT"}]}
COMMAND: POST /session/d64c8a9d67ae429a1af470fcb6f0cd05/execute/async - {"script":"<script> [1562 bytes]","args":[{"selector":{"id":"application-managepartners-display-component---NewPartner--partnerDetailsCurrency","interaction":{"idSuffix":"inner"}},"wdio_ui5_key":"applicationmanagepartners-display-component---NewPartner--partnerDetailsCurrency"}]}
RESULT: {"script":"<script> [1562 bytes]","args":[{"selector":{"id":"application-managepartners-display-component---NewPartner--partnerDetailsCurrency","interaction":{"idSuffix":"inner"}},"wdio_ui5_key":"applicationmanagepartners-display-component---NewPartner--partnerDetailsCurrency"}]}
RESULT: undefined
COMMAND: POST /session/d64c8a9d67ae429a1af470fcb6f0cd05/execute/async - {"script":"<script> [776 bytes]","args":[{"enterText":"Euro","selector":{"id":"application-managepartners-display-component---NewPartner--partnerDetailsCurrency","interaction":{"idSuffix":"inner"}},"clearTextFirst":true,"interactionType":"ENTER_TEXT"}]}
RESULT: {"script":"<script> [776 bytes]","args":[{"enterText":"Euro","selector":{"id":"application-managepartners-display-component---NewPartner--partnerDetailsCurrency","interaction":{"idSuffix":"inner"}},"clearTextFirst":true,"interactionType":"ENTER_TEXT"}]}
COMMAND: POST /session/d64c8a9d67ae429a1af470fcb6f0cd05/execute/async - {"script":"<script> [1562 bytes]","args":[{"selector":{"controlType":"sap.m.Button","viewName":"etm.portal.ui.managepartners.view.NewPartner","viewId":"application-managepartners-display-component---NewPartner","properties":{"text":"Commercial"},"interaction":{"idSuffix":"BDI-content"}},"wdio_ui5_key":"etmportal.ui.managepartners.view.NewPartnersap.m.Button{\"text\":\"Commercial\"}"}]}
RESULT: {"script":"<script> [1562 bytes]","args":[{"selector":{"controlType":"sap.m.Button","viewName":"etm.portal.ui.managepartners.view.NewPartner","viewId":"application-managepartners-display-component---NewPartner","properties":{"text":"Commercial"},"interaction":{"idSuffix":"BDI-content"}},"wdio_ui5_key":"etmportal.ui.managepartners.view.NewPartnersap.m.Button{\"text\":\"Commercial\"}"}]}
RESULT: undefined
COMMAND: POST /session/d64c8a9d67ae429a1af470fcb6f0cd05/element - {"using":"xpath","value":"//*[@id=\"application-managepartners-display-component---NewPartner--ObjectPageLayout-anchBar-__section5-anchor\"]"}
RESULT: {"using":"xpath","value":"//*[@id=\"application-managepartners-display-component---NewPartner--ObjectPageLayout-anchBar-__section5-anchor\"]"}
COMMAND: POST /session/d64c8a9d67ae429a1af470fcb6f0cd05/element/f.615B31F35ECDE76F4064C3ADAC5820DC.d.36EB414D491191FBD1509FCF65B9A338.e.1651/click - {}
RESULT: {}
COMMAND: GET /session/d64c8a9d67ae429a1af470fcb6f0cd05/screenshot - {}
RESULT: {}
COMMAND: POST /session/d64c8a9d67ae429a1af470fcb6f0cd05/execute/async - {"script":"<script> [1562 bytes]","args":[{"selector":{"id":"application-managepartners-display-component---NewPartner--btnAddTableRow-img"},"wdio_ui5_key":"applicationmanagepartners-display-component---NewPartner--btnAddTableRow-img"}]}
RESULT: {"script":"<script> [1562 bytes]","args":[{"selector":{"id":"application-managepartners-display-component---NewPartner--btnAddTableRow-img"},"wdio_ui5_key":"applicationmanagepartners-display-component---NewPartner--btnAddTableRow-img"}]}
RESULT: undefined
COMMAND: POST /session/d64c8a9d67ae429a1af470fcb6f0cd05/element - {"using":"xpath","value":"//*[@id=\"application-managepartners-display-component---NewPartner--btnAddTableRow-img\"]"}
RESULT: {"using":"xpath","value":"//*[@id=\"application-managepartners-display-component---NewPartner--btnAddTableRow-img\"]"}
COMMAND: POST /session/d64c8a9d67ae429a1af470fcb6f0cd05/element/f.615B31F35ECDE76F4064C3ADAC5820DC.d.36EB414D491191FBD1509FCF65B9A338.e.1657/click - {}
RESULT: {}
COMMAND: POST /session/d64c8a9d67ae429a1af470fcb6f0cd05/element - {"using":"xpath","value":"//input[contains(@id ,\"application-managepartners-display-component---NewPartner--assignmentYard-application-managepartners-display-component---NewPartner\")]"}
COMMAND: GET /session/d64c8a9d67ae429a1af470fcb6f0cd05/screenshot - {}
RESULT: {"using":"xpath","value":"//input[contains(@id ,\"application-managepartners-display-component---NewPartner--assignmentYard-application-managepartners-display-component---NewPartner\")]"}
COMMAND: POST /session/d64c8a9d67ae429a1af470fcb6f0cd05/element/f.615B31F35ECDE76F4064C3ADAC5820DC.d.36EB414D491191FBD1509FCF65B9A338.e.1660/clear - {}
RESULT: {}
RESULT: {}
COMMAND: POST /session/d64c8a9d67ae429a1af470fcb6f0cd05/element/f.615B31F35ECDE76F4064C3ADAC5820DC.d.36EB414D491191FBD1509FCF65B9A338.e.1660/value - {"text":"WebdriverYardqyqm3"}
COMMAND: GET /session/d64c8a9d67ae429a1af470fcb6f0cd05/screenshot - {}
RESULT: {"text":"WebdriverYardqyqm3"}
COMMAND: GET /session/d64c8a9d67ae429a1af470fcb6f0cd05/screenshot - {}
RESULT: {}
RESULT: {}
COMMAND: POST /session/d64c8a9d67ae429a1af470fcb6f0cd05/execute/async - {"script":"<script> [1562 bytes]","args":[{"selector":{"controlType":"sap.m.Button","viewName":"etm.portal.ui.managepartners.view.NewPartner","viewId":"application-managepartners-display-component---NewPartner","i18NText":{"propertyName":"text","key":"save"},"interaction":{"idSuffix":"BDI-content"}},"wdio_ui5_key":"etmportal.ui.managepartners.view.NewPartnersap.m.Button{\"propertyName\":\"text\",\"key\":\"save\"}"}]}
RESULT: {"script":"<script> [1562 bytes]","args":[{"selector":{"controlType":"sap.m.Button","viewName":"etm.portal.ui.managepartners.view.NewPartner","viewId":"application-managepartners-display-component---NewPartner","i18NText":{"propertyName":"text","key":"save"},"interaction":{"idSuffix":"BDI-content"}},"wdio_ui5_key":"etmportal.ui.managepartners.view.NewPartnersap.m.Button{\"propertyName\":\"text\",\"key\":\"save\"}"}]}
RESULT: undefined
COMMAND: POST /session/d64c8a9d67ae429a1af470fcb6f0cd05/element - {"using":"xpath","value":"//*[@id=\"__button12\"]"}
RESULT: {"using":"xpath","value":"//*[@id=\"__button12\"]"}
COMMAND: POST /session/d64c8a9d67ae429a1af470fcb6f0cd05/element/f.615B31F35ECDE76F4064C3ADAC5820DC.d.36EB414D491191FBD1509FCF65B9A338.e.1632/click - {}
RESULT: {}
COMMAND: GET /session/d64c8a9d67ae429a1af470fcb6f0cd05/screenshot - {}
RESULT: {}
COMMAND: POST /session/d64c8a9d67ae429a1af470fcb6f0cd05/element - {"using":"xpath","value":"//header/div/div[2]/div[2]/span"}
RESULT: {"using":"xpath","value":"//header/div/div[2]/div[2]/span"}
COMMAND: GET /session/d64c8a9d67ae429a1af470fcb6f0cd05/element/f.615B31F35ECDE76F4064C3ADAC5820DC.d.36EB414D491191FBD1509FCF65B9A338.e.1831/text - {}
RESULT: {}
COMMAND: POST /session/d64c8a9d67ae429a1af470fcb6f0cd05/element - {"using":"xpath","value":"//header/div/div/div/div/div/div[2]/div/span"}
RESULT: {"using":"xpath","value":"//header/div/div/div/div/div/div[2]/div/span"}
COMMAND: GET /session/d64c8a9d67ae429a1af470fcb6f0cd05/element/f.615B31F35ECDE76F4064C3ADAC5820DC.d.36EB414D491191FBD1509FCF65B9A338.e.1832/text - {}
RESULT: {}
COMMAND: POST /session/d64c8a9d67ae429a1af470fcb6f0cd05/execute/async - {"script":"<script> [1562 bytes]","args":[{"selector":{"id":"application-managepartners-display-component---detailPtm--partnerType"},"wdio_ui5_key":"applicationmanagepartners-display-component---detailPtm--partnerType"}]}
RESULT: {"script":"<script> [1562 bytes]","args":[{"selector":{"id":"application-managepartners-display-component---detailPtm--partnerType"},"wdio_ui5_key":"applicationmanagepartners-display-component---detailPtm--partnerType"}]}
RESULT: undefined
COMMAND: POST /session/d64c8a9d67ae429a1af470fcb6f0cd05/execute/async - {"script":"<script> [6424 bytes]","args":[{"element-6066-11e4-a52e-4f735466cecf":"f.615B31F35ECDE76F4064C3ADAC5820DC.d.36EB414D491191FBD1509FCF65B9A338.e.1833"},"getText",[]]}
RESULT: {"script":"<script> [6424 bytes]","args":[{"element-6066-11e4-a52e-4f735466cecf":"f.615B31F35ECDE76F4064C3ADAC5820DC.d.36EB414D491191FBD1509FCF65B9A338.e.1833"},"getText",[]]}
COMMAND: POST /session/d64c8a9d67ae429a1af470fcb6f0cd05/element - {"using":"css selector","value":"#shell-header-logo"}
RESULT: {"using":"css selector","value":"#shell-header-logo"}
COMMAND: POST /session/d64c8a9d67ae429a1af470fcb6f0cd05/element/f.615B31F35ECDE76F4064C3ADAC5820DC.d.36EB414D491191FBD1509FCF65B9A338.e.1177/click - {}
RESULT: {}
COMMAND: GET /session/d64c8a9d67ae429a1af470fcb6f0cd05/screenshot - {}
RESULT: {}
COMMAND: POST /session/d64c8a9d67ae429a1af470fcb6f0cd05/execute/async - {"script":"<script> [1562 bytes]","args":[{"selector":{"controlType":"sap.m.GenericTile","properties":{"header":"Manage Sites"}},"wdio_ui5_key":"sapm.GenericTile{\"header\":\"Manage Sites\"}"}]}
RESULT: {"script":"<script> [1562 bytes]","args":[{"selector":{"controlType":"sap.m.GenericTile","properties":{"header":"Manage Sites"}},"wdio_ui5_key":"sapm.GenericTile{\"header\":\"Manage Sites\"}"}]}
RESULT: undefined
COMMAND: POST /session/d64c8a9d67ae429a1af470fcb6f0cd05/element - {"using":"xpath","value":"//*[@id=\"__tile40\"]"}
RESULT: {"using":"xpath","value":"//*[@id=\"__tile40\"]"}
COMMAND: POST /session/d64c8a9d67ae429a1af470fcb6f0cd05/element/f.615B31F35ECDE76F4064C3ADAC5820DC.d.36EB414D491191FBD1509FCF65B9A338.e.1835/click - {}
RESULT: {}
COMMAND: GET /session/d64c8a9d67ae429a1af470fcb6f0cd05/screenshot - {}
RESULT: {}
COMMAND: POST /session/d64c8a9d67ae429a1af470fcb6f0cd05/elements - {"using":"xpath","value":"//span[text()='Error']"}
RESULT: {"using":"xpath","value":"//span[text()='Error']"}
COMMAND: POST /session/d64c8a9d67ae429a1af470fcb6f0cd05/execute/async - {"script":"<script> [1562 bytes]","args":[{"selector":{"controlType":"sap.ui.core.Icon","viewName":"etm.portal.ui.managesites.view.Master","viewId":"application-managesites-display-component---masterSite","properties":{"src":{"regex":{"source":"add"}}}},"wdio_ui5_key":"etmportal.ui.managesites.view.Mastersap.ui.core.Icon{\"src\":{\"regex\":{\"source\":\"add\"}}}"}]}
RESULT: {"script":"<script> [1562 bytes]","args":[{"selector":{"controlType":"sap.ui.core.Icon","viewName":"etm.portal.ui.managesites.view.Master","viewId":"application-managesites-display-component---masterSite","properties":{"src":{"regex":{"source":"add"}}}},"wdio_ui5_key":"etmportal.ui.managesites.view.Mastersap.ui.core.Icon{\"src\":{\"regex\":{\"source\":\"add\"}}}"}]}
RESULT: undefined
COMMAND: POST /session/d64c8a9d67ae429a1af470fcb6f0cd05/element - {"using":"xpath","value":"//*[@id=\"__button52-img\"]"}
RESULT: {"using":"xpath","value":"//*[@id=\"__button52-img\"]"}
COMMAND: POST /session/d64c8a9d67ae429a1af470fcb6f0cd05/element/f.615B31F35ECDE76F4064C3ADAC5820DC.d.36EB414D491191FBD1509FCF65B9A338.e.1883/click - {}
RESULT: {}
COMMAND: POST /session/d64c8a9d67ae429a1af470fcb6f0cd05/execute/async - {"script":"<script> [1562 bytes]","args":[{"selector":{"id":"application-managesites-display-component---NewSite--siteId","interaction":{"idSuffix":"inner"}},"wdio_ui5_key":"applicationmanagesites-display-component---NewSite--siteId"}]}
COMMAND: GET /session/d64c8a9d67ae429a1af470fcb6f0cd05/screenshot - {}
RESULT: {"script":"<script> [1562 bytes]","args":[{"selector":{"id":"application-managesites-display-component---NewSite--siteId","interaction":{"idSuffix":"inner"}},"wdio_ui5_key":"applicationmanagesites-display-component---NewSite--siteId"}]}
RESULT: undefined
COMMAND: POST /session/d64c8a9d67ae429a1af470fcb6f0cd05/execute/async - {"script":"<script> [1562 bytes]","args":[{"selector":{"id":"application-managesites-display-component---NewSite--addressDetailDetailsName1","interaction":{"idSuffix":"inner"}},"wdio_ui5_key":"applicationmanagesites-display-component---NewSite--addressDetailDetailsName1"}]}
RESULT: {}
RESULT: {"script":"<script> [1562 bytes]","args":[{"selector":{"id":"application-managesites-display-component---NewSite--addressDetailDetailsName1","interaction":{"idSuffix":"inner"}},"wdio_ui5_key":"applicationmanagesites-display-component---NewSite--addressDetailDetailsName1"}]}
RESULT: undefined
COMMAND: POST /session/d64c8a9d67ae429a1af470fcb6f0cd05/execute/async - {"script":"<script> [776 bytes]","args":[{"enterText":"WebdriverSitedyavj","selector":{"id":"application-managesites-display-component---NewSite--addressDetailDetailsName1","interaction":{"idSuffix":"inner"}},"clearTextFirst":true,"interactionType":"ENTER_TEXT"}]}
RESULT: {"script":"<script> [776 bytes]","args":[{"enterText":"WebdriverSitedyavj","selector":{"id":"application-managesites-display-component---NewSite--addressDetailDetailsName1","interaction":{"idSuffix":"inner"}},"clearTextFirst":true,"interactionType":"ENTER_TEXT"}]}
COMMAND: POST /session/d64c8a9d67ae429a1af470fcb6f0cd05/execute/async - {"script":"<script> [1562 bytes]","args":[{"selector":{"id":"application-managesites-display-component---NewSite--addressDetailDetailsLanguage","interaction":{"idSuffix":"inner"}},"wdio_ui5_key":"applicationmanagesites-display-component---NewSite--addressDetailDetailsLanguage"}]}
RESULT: {"script":"<script> [1562 bytes]","args":[{"selector":{"id":"application-managesites-display-component---NewSite--addressDetailDetailsLanguage","interaction":{"idSuffix":"inner"}},"wdio_ui5_key":"applicationmanagesites-display-component---NewSite--addressDetailDetailsLanguage"}]}
RESULT: undefined
COMMAND: POST /session/d64c8a9d67ae429a1af470fcb6f0cd05/execute/async - {"script":"<script> [776 bytes]","args":[{"enterText":"Romanian","selector":{"id":"application-managesites-display-component---NewSite--addressDetailDetailsLanguage","interaction":{"idSuffix":"inner"}},"clearTextFirst":true,"interactionType":"ENTER_TEXT"}]}
RESULT: {"script":"<script> [776 bytes]","args":[{"enterText":"Romanian","selector":{"id":"application-managesites-display-component---NewSite--addressDetailDetailsLanguage","interaction":{"idSuffix":"inner"}},"clearTextFirst":true,"interactionType":"ENTER_TEXT"}]}
COMMAND: POST /session/d64c8a9d67ae429a1af470fcb6f0cd05/execute/async - {"script":"<script> [1562 bytes]","args":[{"selector":{"id":"application-managesites-display-component---NewSite--addressDetailDetailsCity1","interaction":{"idSuffix":"inner"}},"wdio_ui5_key":"applicationmanagesites-display-component---NewSite--addressDetailDetailsCity1"}]}
RESULT: {"script":"<script> [1562 bytes]","args":[{"selector":{"id":"application-managesites-display-component---NewSite--addressDetailDetailsCity1","interaction":{"idSuffix":"inner"}},"wdio_ui5_key":"applicationmanagesites-display-component---NewSite--addressDetailDetailsCity1"}]}
RESULT: undefined
COMMAND: POST /session/d64c8a9d67ae429a1af470fcb6f0cd05/execute/async - {"script":"<script> [776 bytes]","args":[{"enterText":"Bucharest","selector":{"id":"application-managesites-display-component---NewSite--addressDetailDetailsCity1","interaction":{"idSuffix":"inner"}},"clearTextFirst":true,"interactionType":"ENTER_TEXT"}]}
RESULT: {"script":"<script> [776 bytes]","args":[{"enterText":"Bucharest","selector":{"id":"application-managesites-display-component---NewSite--addressDetailDetailsCity1","interaction":{"idSuffix":"inner"}},"clearTextFirst":true,"interactionType":"ENTER_TEXT"}]}
COMMAND: POST /session/d64c8a9d67ae429a1af470fcb6f0cd05/execute/async - {"script":"<script> [1562 bytes]","args":[{"selector":{"id":"application-managesites-display-component---NewSite--addressDetailDetailsCountry","interaction":{"idSuffix":"inner"}},"wdio_ui5_key":"applicationmanagesites-display-component---NewSite--addressDetailDetailsCountry"}]}
RESULT: {"script":"<script> [1562 bytes]","args":[{"selector":{"id":"application-managesites-display-component---NewSite--addressDetailDetailsCountry","interaction":{"idSuffix":"inner"}},"wdio_ui5_key":"applicationmanagesites-display-component---NewSite--addressDetailDetailsCountry"}]}
RESULT: undefined
COMMAND: POST /session/d64c8a9d67ae429a1af470fcb6f0cd05/execute/async - {"script":"<script> [776 bytes]","args":[{"enterText":"Romania","selector":{"id":"application-managesites-display-component---NewSite--addressDetailDetailsCountry","interaction":{"idSuffix":"inner"}},"clearTextFirst":true,"interactionType":"ENTER_TEXT"}]}
RESULT: {"script":"<script> [776 bytes]","args":[{"enterText":"Romania","selector":{"id":"application-managesites-display-component---NewSite--addressDetailDetailsCountry","interaction":{"idSuffix":"inner"}},"clearTextFirst":true,"interactionType":"ENTER_TEXT"}]}
COMMAND: POST /session/d64c8a9d67ae429a1af470fcb6f0cd05/element - {"using":"css selector","value":"#application-managesites-display-component---NewSite--addressDetailDetailsCalendar-inner"}
RESULT: {"using":"css selector","value":"#application-managesites-display-component---NewSite--addressDetailDetailsCalendar-inner"}
COMMAND: POST /session/d64c8a9d67ae429a1af470fcb6f0cd05/element/f.615B31F35ECDE76F4064C3ADAC5820DC.d.36EB414D491191FBD1509FCF65B9A338.e.2130/clear - {}
RESULT: {}
COMMAND: POST /session/d64c8a9d67ae429a1af470fcb6f0cd05/element/f.615B31F35ECDE76F4064C3ADAC5820DC.d.36EB414D491191FBD1509FCF65B9A338.e.2130/value - {"text":"Germany"}
COMMAND: GET /session/d64c8a9d67ae429a1af470fcb6f0cd05/screenshot - {}
RESULT: {"text":"Germany"}
COMMAND: POST /session/d64c8a9d67ae429a1af470fcb6f0cd05/execute/async - {"script":"<script> [1562 bytes]","args":[{"selector":{"id":"application-managesites-display-component---NewSite--addressEditDetailsCostObjectCstType-arrow"},"wdio_ui5_key":"applicationmanagesites-display-component---NewSite--addressEditDetailsCostObjectCstType-arrow"}]}
COMMAND: GET /session/d64c8a9d67ae429a1af470fcb6f0cd05/screenshot - {}
RESULT: {}
RESULT: {"script":"<script> [1562 bytes]","args":[{"selector":{"id":"application-managesites-display-component---NewSite--addressEditDetailsCostObjectCstType-arrow"},"wdio_ui5_key":"applicationmanagesites-display-component---NewSite--addressEditDetailsCostObjectCstType-arrow"}]}
RESULT: undefined
COMMAND: POST /session/d64c8a9d67ae429a1af470fcb6f0cd05/element - {"using":"xpath","value":"//*[@id=\"application-managesites-display-component---NewSite--addressEditDetailsCostObjectCstType-arrow\"]"}
RESULT: {}
RESULT: {"using":"xpath","value":"//*[@id=\"application-managesites-display-component---NewSite--addressEditDetailsCostObjectCstType-arrow\"]"}
COMMAND: POST /session/d64c8a9d67ae429a1af470fcb6f0cd05/element/f.615B31F35ECDE76F4064C3ADAC5820DC.d.36EB414D491191FBD1509FCF65B9A338.e.2275/click - {}
RESULT: {}
COMMAND: POST /session/d64c8a9d67ae429a1af470fcb6f0cd05/element - {"using":"xpath","value":"//span[contains(text(), \"Work Breakdown Structure\")]"}
COMMAND: GET /session/d64c8a9d67ae429a1af470fcb6f0cd05/screenshot - {}
RESULT: {"using":"xpath","value":"//span[contains(text(), \"Work Breakdown Structure\")]"}
COMMAND: POST /session/d64c8a9d67ae429a1af470fcb6f0cd05/element/f.615B31F35ECDE76F4064C3ADAC5820DC.d.36EB414D491191FBD1509FCF65B9A338.e.2276/click - {}
RESULT: {}
RESULT: {}
COMMAND: GET /session/d64c8a9d67ae429a1af470fcb6f0cd05/screenshot - {}
RESULT: {}
COMMAND: POST /session/d64c8a9d67ae429a1af470fcb6f0cd05/execute/async - {"script":"<script> [1562 bytes]","args":[{"selector":{"id":"application-managesites-display-component---NewSite--addressNewCostObjectCstID-vhi"},"wdio_ui5_key":"applicationmanagesites-display-component---NewSite--addressNewCostObjectCstID-vhi"}]}
RESULT: {"script":"<script> [1562 bytes]","args":[{"selector":{"id":"application-managesites-display-component---NewSite--addressNewCostObjectCstID-vhi"},"wdio_ui5_key":"applicationmanagesites-display-component---NewSite--addressNewCostObjectCstID-vhi"}]}
RESULT: undefined
COMMAND: POST /session/d64c8a9d67ae429a1af470fcb6f0cd05/element - {"using":"xpath","value":"//*[@id=\"application-managesites-display-component---NewSite--addressNewCostObjectCstID-vhi\"]"}
RESULT: {"using":"xpath","value":"//*[@id=\"application-managesites-display-component---NewSite--addressNewCostObjectCstID-vhi\"]"}
COMMAND: POST /session/d64c8a9d67ae429a1af470fcb6f0cd05/element/f.615B31F35ECDE76F4064C3ADAC5820DC.d.36EB414D491191FBD1509FCF65B9A338.e.2280/click - {}
RESULT: {}
COMMAND: GET /session/d64c8a9d67ae429a1af470fcb6f0cd05/screenshot - {}
RESULT: {}
COMMAND: POST /session/d64c8a9d67ae429a1af470fcb6f0cd05/execute/async - {"script":"<script> [1562 bytes]","args":[{"selector":{"controlType":"sap.m.SearchField","properties":{"placeholder":"Search"},"searchOpenDialogs":true,"interaction":{"idSuffix":"I"}},"wdio_ui5_key":"sapm.SearchField{\"placeholder\":\"Search\"}"}]}
RESULT: {"script":"<script> [1562 bytes]","args":[{"selector":{"controlType":"sap.m.SearchField","properties":{"placeholder":"Search"},"searchOpenDialogs":true,"interaction":{"idSuffix":"I"}},"wdio_ui5_key":"sapm.SearchField{\"placeholder\":\"Search\"}"}]}
RESULT: undefined
COMMAND: POST /session/d64c8a9d67ae429a1af470fcb6f0cd05/execute/async - {"script":"<script> [776 bytes]","args":[{"enterText":"A1-000100-01","selector":{"controlType":"sap.m.SearchField","properties":{"placeholder":"Search"},"searchOpenDialogs":true,"interaction":{"idSuffix":"I"}},"clearTextFirst":true,"interactionType":"ENTER_TEXT"}]}
RESULT: {"script":"<script> [776 bytes]","args":[{"enterText":"A1-000100-01","selector":{"controlType":"sap.m.SearchField","properties":{"placeholder":"Search"},"searchOpenDialogs":true,"interaction":{"idSuffix":"I"}},"clearTextFirst":true,"interactionType":"ENTER_TEXT"}]}
COMMAND: POST /session/d64c8a9d67ae429a1af470fcb6f0cd05/actions - {"actions":[{"id":"action3","type":"key","parameters":{},"actions":[{"type":"keyDown","value":"î€‡"},{"type":"pause","duration":10},{"type":"keyUp","value":"î€‡"}]}]}
RESULT: {"actions":[{"id":"action3","type":"key","parameters":{},"actions":[{"type":"keyDown","value":"î€‡"},{"type":"pause","duration":10},{"type":"keyUp","value":"î€‡"}]}]}
COMMAND: GET /session/d64c8a9d67ae429a1af470fcb6f0cd05/screenshot - {}
RESULT: {}
COMMAND: POST /session/d64c8a9d67ae429a1af470fcb6f0cd05/element - {"using":"xpath","value":"//span[contains(text(), \"Template for ETO-Process\")]"}
RESULT: {"using":"xpath","value":"//span[contains(text(), \"Template for ETO-Process\")]"}
COMMAND: POST /session/d64c8a9d67ae429a1af470fcb6f0cd05/element/f.615B31F35ECDE76F4064C3ADAC5820DC.d.36EB414D491191FBD1509FCF65B9A338.e.2300/click - {}
RESULT: {}
COMMAND: GET /session/d64c8a9d67ae429a1af470fcb6f0cd05/screenshot - {}
RESULT: {}
COMMAND: POST /session/d64c8a9d67ae429a1af470fcb6f0cd05/element - {"using":"xpath","value":"//bdi[contains(text(), \"OK\")]"}
RESULT: {"using":"xpath","value":"//bdi[contains(text(), \"OK\")]"}
COMMAND: POST /session/d64c8a9d67ae429a1af470fcb6f0cd05/element/f.615B31F35ECDE76F4064C3ADAC5820DC.d.36EB414D491191FBD1509FCF65B9A338.e.2301/click - {}
RESULT: {}
COMMAND: GET /session/d64c8a9d67ae429a1af470fcb6f0cd05/screenshot - {}
RESULT: {}
COMMAND: POST /session/d64c8a9d67ae429a1af470fcb6f0cd05/element - {"using":"xpath","value":"//input[@id=\"application-managesites-display-component---NewSite--addressDetailDetailsYard-inner\"]"}
RESULT: {"using":"xpath","value":"//input[@id=\"application-managesites-display-component---NewSite--addressDetailDetailsYard-inner\"]"}
COMMAND: POST /session/d64c8a9d67ae429a1af470fcb6f0cd05/element/f.615B31F35ECDE76F4064C3ADAC5820DC.d.36EB414D491191FBD1509FCF65B9A338.e.2131/value - {"text":"WebdriverYardqyqm3"}
RESULT: {"text":"WebdriverYardqyqm3"}
COMMAND: GET /session/d64c8a9d67ae429a1af470fcb6f0cd05/screenshot - {}
RESULT: {}
COMMAND: POST /session/d64c8a9d67ae429a1af470fcb6f0cd05/actions - {"actions":[{"id":"action4","type":"key","parameters":{},"actions":[{"type":"keyDown","value":"î€‡"},{"type":"pause","duration":10},{"type":"keyUp","value":"î€‡"}]}]}
RESULT: {"actions":[{"id":"action4","type":"key","parameters":{},"actions":[{"type":"keyDown","value":"î€‡"},{"type":"pause","duration":10},{"type":"keyUp","value":"î€‡"}]}]}
COMMAND: GET /session/d64c8a9d67ae429a1af470fcb6f0cd05/screenshot - {}
RESULT: {}
COMMAND: POST /session/d64c8a9d67ae429a1af470fcb6f0cd05/element - {"using":"xpath","value":"//input[@id=\"application-managesites-display-component---NewSite--addressDetailDetailsPartner-inner\"]"}
RESULT: {"using":"xpath","value":"//input[@id=\"application-managesites-display-component---NewSite--addressDetailDetailsPartner-inner\"]"}
COMMAND: POST /session/d64c8a9d67ae429a1af470fcb6f0cd05/elements - {"using":"xpath","value":"//input[@id=\"application-managesites-display-component---NewSite--addressDetailDetailsPartner-inner\"]"}
RESULT: {"using":"xpath","value":"//input[@id=\"application-managesites-display-component---NewSite--addressDetailDetailsPartner-inner\"]"}
COMMAND: POST /session/d64c8a9d67ae429a1af470fcb6f0cd05/execute/async - {"script":"<script> [1562 bytes]","args":[{"selector":{"controlType":"sap.m.Button","viewName":"etm.portal.ui.managesites.view.NewSmartSite","viewId":"application-managesites-display-component---NewSite","properties":{"text":"Commercial"},"interaction":{"idSuffix":"BDI-content"}},"wdio_ui5_key":"etmportal.ui.managesites.view.NewSmartSitesap.m.Button{\"text\":\"Commercial\"}"}]}
RESULT: {"script":"<script> [1562 bytes]","args":[{"selector":{"controlType":"sap.m.Button","viewName":"etm.portal.ui.managesites.view.NewSmartSite","viewId":"application-managesites-display-component---NewSite","properties":{"text":"Commercial"},"interaction":{"idSuffix":"BDI-content"}},"wdio_ui5_key":"etmportal.ui.managesites.view.NewSmartSitesap.m.Button{\"text\":\"Commercial\"}"}]}
RESULT: undefined
COMMAND: POST /session/d64c8a9d67ae429a1af470fcb6f0cd05/element - {"using":"xpath","value":"//*[@id=\"application-managesites-display-component---NewSite--ObjectPageLayout-anchBar-__section31-anchor\"]"}
RESULT: {"using":"xpath","value":"//*[@id=\"application-managesites-display-component---NewSite--ObjectPageLayout-anchBar-__section31-anchor\"]"}
COMMAND: POST /session/d64c8a9d67ae429a1af470fcb6f0cd05/element/f.615B31F35ECDE76F4064C3ADAC5820DC.d.36EB414D491191FBD1509FCF65B9A338.e.2308/click - {}
RESULT: {}
COMMAND: POST /session/d64c8a9d67ae429a1af470fcb6f0cd05/execute/async - {"script":"<script> [1562 bytes]","args":[{"selector":{"controlType":"sap.m.Button","viewName":"etm.portal.ui.managesites.view.NewSmartSite","viewId":"application-managesites-display-component---NewSite","i18NText":{"propertyName":"text","key":"save"},"interaction":{"idSuffix":"BDI-content"}},"wdio_ui5_key":"etmportal.ui.managesites.view.NewSmartSitesap.m.Button{\"propertyName\":\"text\",\"key\":\"save\"}"}]}
COMMAND: GET /session/d64c8a9d67ae429a1af470fcb6f0cd05/screenshot - {}
RESULT: {"script":"<script> [1562 bytes]","args":[{"selector":{"controlType":"sap.m.Button","viewName":"etm.portal.ui.managesites.view.NewSmartSite","viewId":"application-managesites-display-component---NewSite","i18NText":{"propertyName":"text","key":"save"},"interaction":{"idSuffix":"BDI-content"}},"wdio_ui5_key":"etmportal.ui.managesites.view.NewSmartSitesap.m.Button{\"propertyName\":\"text\",\"key\":\"save\"}"}]}
RESULT: undefined
COMMAND: POST /session/d64c8a9d67ae429a1af470fcb6f0cd05/element - {"using":"xpath","value":"//*[@id=\"__button64\"]"}
RESULT: {}
RESULT: {"using":"xpath","value":"//*[@id=\"__button64\"]"}
COMMAND: POST /session/d64c8a9d67ae429a1af470fcb6f0cd05/element/f.615B31F35ECDE76F4064C3ADAC5820DC.d.36EB414D491191FBD1509FCF65B9A338.e.2251/click - {}
RESULT: {}
COMMAND: GET /session/d64c8a9d67ae429a1af470fcb6f0cd05/screenshot - {}
RESULT: {}
COMMAND: POST /session/d64c8a9d67ae429a1af470fcb6f0cd05/execute/async - {"script":"<script> [1562 bytes]","args":[{"selector":{"id":"application-managesites-display-component---detailSite--addressDetailDetailsYardText"},"wdio_ui5_key":"applicationmanagesites-display-component---detailSite--addressDetailDetailsYardText"}]}
RESULT: {"script":"<script> [1562 bytes]","args":[{"selector":{"id":"application-managesites-display-component---detailSite--addressDetailDetailsYardText"},"wdio_ui5_key":"applicationmanagesites-display-component---detailSite--addressDetailDetailsYardText"}]}
RESULT: undefined
COMMAND: POST /session/d64c8a9d67ae429a1af470fcb6f0cd05/element - {"using":"xpath","value":"//header/div/div[2]/div[2]/span"}
RESULT: {"using":"xpath","value":"//header/div/div[2]/div[2]/span"}
COMMAND: GET /session/d64c8a9d67ae429a1af470fcb6f0cd05/element/f.615B31F35ECDE76F4064C3ADAC5820DC.d.36EB414D491191FBD1509FCF65B9A338.e.2511/text - {}
RESULT: {}
COMMAND: POST /session/d64c8a9d67ae429a1af470fcb6f0cd05/element - {"using":"xpath","value":"//header/div/div/div/div/div/div[2]/div/span"}
RESULT: {"using":"xpath","value":"//header/div/div/div/div/div/div[2]/div/span"}
COMMAND: GET /session/d64c8a9d67ae429a1af470fcb6f0cd05/element/f.615B31F35ECDE76F4064C3ADAC5820DC.d.36EB414D491191FBD1509FCF65B9A338.e.2512/text - {}
RESULT: {}
COMMAND: POST /session/d64c8a9d67ae429a1af470fcb6f0cd05/element - {"using":"css selector","value":"#shell-header-logo"}
RESULT: {"using":"css selector","value":"#shell-header-logo"}
COMMAND: POST /session/d64c8a9d67ae429a1af470fcb6f0cd05/element/f.615B31F35ECDE76F4064C3ADAC5820DC.d.36EB414D491191FBD1509FCF65B9A338.e.1839/click - {}
RESULT: {}
COMMAND: GET /session/d64c8a9d67ae429a1af470fcb6f0cd05/screenshot - {}
RESULT: {}
]]></system-out>
    </testcase>
    <testcase classname="chrome.136_0_7103_93.windows.Standard_contract_-_add_contract_items_by_Insert_Request_US118222" name="Should create 2 new resources and a catalog item" time="448.214">
      <system-out><![CDATA[
COMMAND: POST /session/d64c8a9d67ae429a1af470fcb6f0cd05/execute/async - {"script":"<script> [1562 bytes]","args":[{"selector":{"controlType":"sap.m.GenericTile","properties":{"header":"Manage Resources"}},"wdio_ui5_key":"sapm.GenericTile{\"header\":\"Manage Resources\"}"}]}
RESULT: {"script":"<script> [1562 bytes]","args":[{"selector":{"controlType":"sap.m.GenericTile","properties":{"header":"Manage Resources"}},"wdio_ui5_key":"sapm.GenericTile{\"header\":\"Manage Resources\"}"}]}
RESULT: undefined
COMMAND: POST /session/d64c8a9d67ae429a1af470fcb6f0cd05/element - {"using":"xpath","value":"//*[@id=\"__tile39\"]"}
RESULT: {"using":"xpath","value":"//*[@id=\"__tile39\"]"}
COMMAND: POST /session/d64c8a9d67ae429a1af470fcb6f0cd05/element/f.615B31F35ECDE76F4064C3ADAC5820DC.d.36EB414D491191FBD1509FCF65B9A338.e.2514/click - {}
RESULT: {}
COMMAND: GET /session/d64c8a9d67ae429a1af470fcb6f0cd05/screenshot - {}
RESULT: {}
COMMAND: POST /session/d64c8a9d67ae429a1af470fcb6f0cd05/elements - {"using":"xpath","value":"//span[text()='Error']"}
RESULT: {"using":"xpath","value":"//span[text()='Error']"}
COMMAND: POST /session/d64c8a9d67ae429a1af470fcb6f0cd05/element - {"using":"xpath","value":"//button[@data-kt=\"addNewRUOverflowToolbarButton\"]"}
RESULT: {"using":"xpath","value":"//button[@data-kt=\"addNewRUOverflowToolbarButton\"]"}
COMMAND: POST /session/d64c8a9d67ae429a1af470fcb6f0cd05/execute/sync - {"script":"<script> [8489 bytes]","args":[{"element-6066-11e4-a52e-4f735466cecf":"f.615B31F35ECDE76F4064C3ADAC5820DC.d.36EB414D491191FBD1509FCF65B9A338.e.2556","ELEMENT":"f.615B31F35ECDE76F4064C3ADAC5820DC.d.36EB414D491191FBD1509FCF65B9A338.e.2556"}]}
RESULT: {"script":"<script> [8489 bytes]","args":[{"element-6066-11e4-a52e-4f735466cecf":"f.615B31F35ECDE76F4064C3ADAC5820DC.d.36EB414D491191FBD1509FCF65B9A338.e.2556","ELEMENT":"f.615B31F35ECDE76F4064C3ADAC5820DC.d.36EB414D491191FBD1509FCF65B9A338.e.2556"}]}
COMMAND: POST /session/d64c8a9d67ae429a1af470fcb6f0cd05/element/f.615B31F35ECDE76F4064C3ADAC5820DC.d.36EB414D491191FBD1509FCF65B9A338.e.2556/click - {}
COMMAND: GET /session/d64c8a9d67ae429a1af470fcb6f0cd05/screenshot - {}
RESULT: {}
COMMAND: POST /session/d64c8a9d67ae429a1af470fcb6f0cd05/execute/async - {"script":"<script> [1562 bytes]","args":[{"selector":{"id":"application-manageresources-display-component---newResourceUnit--TYPE-arrow"},"wdio_ui5_key":"applicationmanageresources-display-component---newResourceUnit--TYPE-arrow"}]}
COMMAND: GET /session/d64c8a9d67ae429a1af470fcb6f0cd05/screenshot - {}
RESULT: {}
RESULT: {"script":"<script> [1562 bytes]","args":[{"selector":{"id":"application-manageresources-display-component---newResourceUnit--TYPE-arrow"},"wdio_ui5_key":"applicationmanageresources-display-component---newResourceUnit--TYPE-arrow"}]}
RESULT: undefined
COMMAND: POST /session/d64c8a9d67ae429a1af470fcb6f0cd05/element - {"using":"xpath","value":"//*[@id=\"application-manageresources-display-component---newResourceUnit--TYPE-arrow\"]"}
RESULT: {}
RESULT: {"using":"xpath","value":"//*[@id=\"application-manageresources-display-component---newResourceUnit--TYPE-arrow\"]"}
COMMAND: POST /session/d64c8a9d67ae429a1af470fcb6f0cd05/element/f.615B31F35ECDE76F4064C3ADAC5820DC.d.36EB414D491191FBD1509FCF65B9A338.e.2877/click - {}
RESULT: {}
COMMAND: POST /session/d64c8a9d67ae429a1af470fcb6f0cd05/execute/async - {"script":"<script> [1562 bytes]","args":[{"selector":{"controlType":"sap.m.StandardListItem","viewName":"reusables.view.manageresources.NewResourceUnit","viewId":"application-manageresources-display-component---newResourceUnit","properties":{"title":"Material"},"searchOpenDialogs":true,"interaction":{"idSuffix":"titleText"}},"wdio_ui5_key":"reusablesview.manageresources.NewResourceUnitsap.m.StandardListItem{\"title\":\"Material\"}"}]}
COMMAND: GET /session/d64c8a9d67ae429a1af470fcb6f0cd05/screenshot - {}
RESULT: {"script":"<script> [1562 bytes]","args":[{"selector":{"controlType":"sap.m.StandardListItem","viewName":"reusables.view.manageresources.NewResourceUnit","viewId":"application-manageresources-display-component---newResourceUnit","properties":{"title":"Material"},"searchOpenDialogs":true,"interaction":{"idSuffix":"titleText"}},"wdio_ui5_key":"reusablesview.manageresources.NewResourceUnitsap.m.StandardListItem{\"title\":\"Material\"}"}]}
RESULT: undefined
COMMAND: POST /session/d64c8a9d67ae429a1af470fcb6f0cd05/element - {"using":"xpath","value":"//*[@id=\"__item1242\"]"}
RESULT: {}
RESULT: {"using":"xpath","value":"//*[@id=\"__item1242\"]"}
COMMAND: POST /session/d64c8a9d67ae429a1af470fcb6f0cd05/element/f.615B31F35ECDE76F4064C3ADAC5820DC.d.36EB414D491191FBD1509FCF65B9A338.e.2880/click - {}
RESULT: {}
COMMAND: POST /session/d64c8a9d67ae429a1af470fcb6f0cd05/execute/async - {"script":"<script> [1562 bytes]","args":[{"selector":{"id":"application-manageresources-display-component---newResourceUnit--SHORT_TEXT","interaction":{"idSuffix":"inner"}},"wdio_ui5_key":"applicationmanageresources-display-component---newResourceUnit--SHORT_TEXT"}]}
COMMAND: GET /session/d64c8a9d67ae429a1af470fcb6f0cd05/screenshot - {}
RESULT: {"script":"<script> [1562 bytes]","args":[{"selector":{"id":"application-manageresources-display-component---newResourceUnit--SHORT_TEXT","interaction":{"idSuffix":"inner"}},"wdio_ui5_key":"applicationmanageresources-display-component---newResourceUnit--SHORT_TEXT"}]}
RESULT: undefined
COMMAND: POST /session/d64c8a9d67ae429a1af470fcb6f0cd05/execute/async - {"script":"<script> [776 bytes]","args":[{"enterText":"WebdriverMatTestpi0a2","selector":{"id":"application-manageresources-display-component---newResourceUnit--SHORT_TEXT","interaction":{"idSuffix":"inner"}},"clearTextFirst":true,"interactionType":"ENTER_TEXT"}]}
RESULT: {}
RESULT: {"script":"<script> [776 bytes]","args":[{"enterText":"WebdriverMatTestpi0a2","selector":{"id":"application-manageresources-display-component---newResourceUnit--SHORT_TEXT","interaction":{"idSuffix":"inner"}},"clearTextFirst":true,"interactionType":"ENTER_TEXT"}]}
COMMAND: POST /session/d64c8a9d67ae429a1af470fcb6f0cd05/execute/async - {"script":"<script> [1562 bytes]","args":[{"selector":{"id":"application-manageresources-display-component---newResourceUnit--BASE_UNIT_OF_MEASURE-arrow"},"wdio_ui5_key":"applicationmanageresources-display-component---newResourceUnit--BASE_UNIT_OF_MEASURE-arrow"}]}
RESULT: {"script":"<script> [1562 bytes]","args":[{"selector":{"id":"application-manageresources-display-component---newResourceUnit--BASE_UNIT_OF_MEASURE-arrow"},"wdio_ui5_key":"applicationmanageresources-display-component---newResourceUnit--BASE_UNIT_OF_MEASURE-arrow"}]}
RESULT: undefined
COMMAND: POST /session/d64c8a9d67ae429a1af470fcb6f0cd05/element - {"using":"xpath","value":"//*[@id=\"application-manageresources-display-component---newResourceUnit--BASE_UNIT_OF_MEASURE-arrow\"]"}
RESULT: {"using":"xpath","value":"//*[@id=\"application-manageresources-display-component---newResourceUnit--BASE_UNIT_OF_MEASURE-arrow\"]"}
COMMAND: POST /session/d64c8a9d67ae429a1af470fcb6f0cd05/element/f.615B31F35ECDE76F4064C3ADAC5820DC.d.36EB414D491191FBD1509FCF65B9A338.e.3000/click - {}
RESULT: {}
COMMAND: POST /session/d64c8a9d67ae429a1af470fcb6f0cd05/execute/async - {"script":"<script> [1562 bytes]","args":[{"selector":{"controlType":"sap.m.StandardListItem","viewName":"reusables.view.manageresources.NewResourceUnit","viewId":"application-manageresources-display-component---newResourceUnit","properties":{"title":"Piece"},"searchOpenDialogs":true,"interaction":{"idSuffix":"titleText"}},"wdio_ui5_key":"reusablesview.manageresources.NewResourceUnitsap.m.StandardListItem{\"title\":\"Piece\"}"}]}
COMMAND: GET /session/d64c8a9d67ae429a1af470fcb6f0cd05/screenshot - {}
RESULT: {"script":"<script> [1562 bytes]","args":[{"selector":{"controlType":"sap.m.StandardListItem","viewName":"reusables.view.manageresources.NewResourceUnit","viewId":"application-manageresources-display-component---newResourceUnit","properties":{"title":"Piece"},"searchOpenDialogs":true,"interaction":{"idSuffix":"titleText"}},"wdio_ui5_key":"reusablesview.manageresources.NewResourceUnitsap.m.StandardListItem{\"title\":\"Piece\"}"}]}
RESULT: undefined
COMMAND: POST /session/d64c8a9d67ae429a1af470fcb6f0cd05/element - {"using":"xpath","value":"//*[@id=\"__item1295\"]"}
RESULT: {}
RESULT: {"using":"xpath","value":"//*[@id=\"__item1295\"]"}
COMMAND: POST /session/d64c8a9d67ae429a1af470fcb6f0cd05/element/f.615B31F35ECDE76F4064C3ADAC5820DC.d.36EB414D491191FBD1509FCF65B9A338.e.3002/click - {}
RESULT: {}
COMMAND: POST /session/d64c8a9d67ae429a1af470fcb6f0cd05/element - {"using":"xpath","value":"//input[contains(@id ,\"application-manageresources-display-component---newResourceUnit--SHORT_TEXT-inner\")]"}
COMMAND: GET /session/d64c8a9d67ae429a1af470fcb6f0cd05/screenshot - {}
RESULT: {"using":"xpath","value":"//input[contains(@id ,\"application-manageresources-display-component---newResourceUnit--SHORT_TEXT-inner\")]"}
COMMAND: GET /session/d64c8a9d67ae429a1af470fcb6f0cd05/element/f.615B31F35ECDE76F4064C3ADAC5820DC.d.36EB414D491191FBD1509FCF65B9A338.e.2897/property/value - {}
RESULT: {}
RESULT: {}
COMMAND: POST /session/d64c8a9d67ae429a1af470fcb6f0cd05/execute/async - {"script":"<script> [1562 bytes]","args":[{"selector":{"id":"application-manageresources-display-component---newResourceUnit--WEIGHT_UNIT-arrow"},"wdio_ui5_key":"applicationmanageresources-display-component---newResourceUnit--WEIGHT_UNIT-arrow"}]}
COMMAND: GET /session/d64c8a9d67ae429a1af470fcb6f0cd05/screenshot - {}
RESULT: {"script":"<script> [1562 bytes]","args":[{"selector":{"id":"application-manageresources-display-component---newResourceUnit--WEIGHT_UNIT-arrow"},"wdio_ui5_key":"applicationmanageresources-display-component---newResourceUnit--WEIGHT_UNIT-arrow"}]}
RESULT: undefined
COMMAND: POST /session/d64c8a9d67ae429a1af470fcb6f0cd05/element - {"using":"xpath","value":"//*[@id=\"application-manageresources-display-component---newResourceUnit--WEIGHT_UNIT-arrow\"]"}
RESULT: {}
RESULT: {"using":"xpath","value":"//*[@id=\"application-manageresources-display-component---newResourceUnit--WEIGHT_UNIT-arrow\"]"}
COMMAND: POST /session/d64c8a9d67ae429a1af470fcb6f0cd05/element/f.615B31F35ECDE76F4064C3ADAC5820DC.d.36EB414D491191FBD1509FCF65B9A338.e.3003/click - {}
RESULT: {}
COMMAND: POST /session/d64c8a9d67ae429a1af470fcb6f0cd05/execute/async - {"script":"<script> [1562 bytes]","args":[{"selector":{"controlType":"sap.m.StandardListItem","viewName":"reusables.view.manageresources.NewResourceUnit","viewId":"application-manageresources-display-component---newResourceUnit","properties":{"title":"Gram"},"searchOpenDialogs":true,"interaction":{"idSuffix":"content"}},"wdio_ui5_key":"reusablesview.manageresources.NewResourceUnitsap.m.StandardListItem{\"title\":\"Gram\"}"}]}
COMMAND: GET /session/d64c8a9d67ae429a1af470fcb6f0cd05/screenshot - {}
RESULT: {"script":"<script> [1562 bytes]","args":[{"selector":{"controlType":"sap.m.StandardListItem","viewName":"reusables.view.manageresources.NewResourceUnit","viewId":"application-manageresources-display-component---newResourceUnit","properties":{"title":"Gram"},"searchOpenDialogs":true,"interaction":{"idSuffix":"content"}},"wdio_ui5_key":"reusablesview.manageresources.NewResourceUnitsap.m.StandardListItem{\"title\":\"Gram\"}"}]}
RESULT: undefined
COMMAND: POST /session/d64c8a9d67ae429a1af470fcb6f0cd05/element - {"using":"xpath","value":"//*[@id=\"__item1360\"]"}
RESULT: {}
RESULT: {"using":"xpath","value":"//*[@id=\"__item1360\"]"}
COMMAND: POST /session/d64c8a9d67ae429a1af470fcb6f0cd05/element/f.615B31F35ECDE76F4064C3ADAC5820DC.d.36EB414D491191FBD1509FCF65B9A338.e.3005/click - {}
RESULT: {}
COMMAND: POST /session/d64c8a9d67ae429a1af470fcb6f0cd05/execute/async - {"script":"<script> [1562 bytes]","args":[{"selector":{"id":"application-manageresources-display-component---newResourceUnit--newRRUPage-OPHeaderContent-collapseBtn-img"},"wdio_ui5_key":"applicationmanageresources-display-component---newResourceUnit--newRRUPage-OPHeaderContent-collapseBtn-img"}]}
COMMAND: GET /session/d64c8a9d67ae429a1af470fcb6f0cd05/screenshot - {}
RESULT: {"script":"<script> [1562 bytes]","args":[{"selector":{"id":"application-manageresources-display-component---newResourceUnit--newRRUPage-OPHeaderContent-collapseBtn-img"},"wdio_ui5_key":"applicationmanageresources-display-component---newResourceUnit--newRRUPage-OPHeaderContent-collapseBtn-img"}]}
RESULT: undefined
COMMAND: POST /session/d64c8a9d67ae429a1af470fcb6f0cd05/element - {"using":"xpath","value":"//*[@id=\"application-manageresources-display-component---newResourceUnit--newRRUPage-OPHeaderContent-collapseBtn-img\"]"}
RESULT: {}
RESULT: {"using":"xpath","value":"//*[@id=\"application-manageresources-display-component---newResourceUnit--newRRUPage-OPHeaderContent-collapseBtn-img\"]"}
COMMAND: POST /session/d64c8a9d67ae429a1af470fcb6f0cd05/element/f.615B31F35ECDE76F4064C3ADAC5820DC.d.36EB414D491191FBD1509FCF65B9A338.e.2887/click - {}
RESULT: {}
COMMAND: GET /session/d64c8a9d67ae429a1af470fcb6f0cd05/screenshot - {}
RESULT: {}
COMMAND: POST /session/d64c8a9d67ae429a1af470fcb6f0cd05/element - {"using":"xpath","value":"(//span[contains(@id ,\"application-manageresources-display-component---newResourceUnit--DIMENSION_UNIT-arrow\")])[1]"}
RESULT: {"using":"xpath","value":"(//span[contains(@id ,\"application-manageresources-display-component---newResourceUnit--DIMENSION_UNIT-arrow\")])[1]"}
COMMAND: POST /session/d64c8a9d67ae429a1af470fcb6f0cd05/element/f.615B31F35ECDE76F4064C3ADAC5820DC.d.36EB414D491191FBD1509FCF65B9A338.e.3009/click - {}
RESULT: {}
COMMAND: GET /session/d64c8a9d67ae429a1af470fcb6f0cd05/screenshot - {}
RESULT: {}
COMMAND: POST /session/d64c8a9d67ae429a1af470fcb6f0cd05/execute/async - {"script":"<script> [1562 bytes]","args":[{"selector":{"controlType":"sap.m.StandardListItem","viewName":"reusables.view.manageresources.NewResourceUnit","viewId":"application-manageresources-display-component---newResourceUnit","properties":{"title":"Centimeter"},"searchOpenDialogs":true,"interaction":{"idSuffix":"titleText"}},"wdio_ui5_key":"reusablesview.manageresources.NewResourceUnitsap.m.StandardListItem{\"title\":\"Centimeter\"}"}]}
RESULT: {"script":"<script> [1562 bytes]","args":[{"selector":{"controlType":"sap.m.StandardListItem","viewName":"reusables.view.manageresources.NewResourceUnit","viewId":"application-manageresources-display-component---newResourceUnit","properties":{"title":"Centimeter"},"searchOpenDialogs":true,"interaction":{"idSuffix":"titleText"}},"wdio_ui5_key":"reusablesview.manageresources.NewResourceUnitsap.m.StandardListItem{\"title\":\"Centimeter\"}"}]}
RESULT: undefined
COMMAND: POST /session/d64c8a9d67ae429a1af470fcb6f0cd05/element - {"using":"xpath","value":"//*[@id=\"__item1363\"]"}
RESULT: {"using":"xpath","value":"//*[@id=\"__item1363\"]"}
COMMAND: POST /session/d64c8a9d67ae429a1af470fcb6f0cd05/element/f.615B31F35ECDE76F4064C3ADAC5820DC.d.36EB414D491191FBD1509FCF65B9A338.e.3013/click - {}
RESULT: {}
COMMAND: POST /session/d64c8a9d67ae429a1af470fcb6f0cd05/execute/async - {"script":"<script> [1562 bytes]","args":[{"selector":{"id":"application-manageresources-display-component---newResourceUnit--newRRUPage-anchBar-application-manageresources-display-component---newResourceUnit--reference-anchor","interaction":{"idSuffix":"BDI-content"}},"wdio_ui5_key":"applicationmanageresources-display-component---newResourceUnit--newRRUPage-anchBar-application-manageresources-display-component---newResourceUnit--reference-anchor"}]}
COMMAND: GET /session/d64c8a9d67ae429a1af470fcb6f0cd05/screenshot - {}
RESULT: {"script":"<script> [1562 bytes]","args":[{"selector":{"id":"application-manageresources-display-component---newResourceUnit--newRRUPage-anchBar-application-manageresources-display-component---newResourceUnit--reference-anchor","interaction":{"idSuffix":"BDI-content"}},"wdio_ui5_key":"applicationmanageresources-display-component---newResourceUnit--newRRUPage-anchBar-application-manageresources-display-component---newResourceUnit--reference-anchor"}]}
RESULT: undefined
COMMAND: POST /session/d64c8a9d67ae429a1af470fcb6f0cd05/element - {"using":"xpath","value":"//*[@id=\"application-manageresources-display-component---newResourceUnit--newRRUPage-anchBar-application-manageresources-display-component---newResourceUnit--reference-anchor\"]"}
RESULT: {}
RESULT: {"using":"xpath","value":"//*[@id=\"application-manageresources-display-component---newResourceUnit--newRRUPage-anchBar-application-manageresources-display-component---newResourceUnit--reference-anchor\"]"}
COMMAND: POST /session/d64c8a9d67ae429a1af470fcb6f0cd05/element/f.615B31F35ECDE76F4064C3ADAC5820DC.d.36EB414D491191FBD1509FCF65B9A338.e.3015/click - {}
RESULT: {}
COMMAND: POST /session/d64c8a9d67ae429a1af470fcb6f0cd05/execute/async - {"script":"<script> [1562 bytes]","args":[{"selector":{"id":"application-manageresources-display-component---newResourceUnit--PLANNING_GROUP-arrow"},"wdio_ui5_key":"applicationmanageresources-display-component---newResourceUnit--PLANNING_GROUP-arrow"}]}
COMMAND: GET /session/d64c8a9d67ae429a1af470fcb6f0cd05/screenshot - {}
RESULT: {"script":"<script> [1562 bytes]","args":[{"selector":{"id":"application-manageresources-display-component---newResourceUnit--PLANNING_GROUP-arrow"},"wdio_ui5_key":"applicationmanageresources-display-component---newResourceUnit--PLANNING_GROUP-arrow"}]}
RESULT: undefined
COMMAND: POST /session/d64c8a9d67ae429a1af470fcb6f0cd05/element - {"using":"xpath","value":"//*[@id=\"application-manageresources-display-component---newResourceUnit--PLANNING_GROUP-arrow\"]"}
RESULT: {}
RESULT: {"using":"xpath","value":"//*[@id=\"application-manageresources-display-component---newResourceUnit--PLANNING_GROUP-arrow\"]"}
COMMAND: POST /session/d64c8a9d67ae429a1af470fcb6f0cd05/element/f.615B31F35ECDE76F4064C3ADAC5820DC.d.36EB414D491191FBD1509FCF65B9A338.e.3019/click - {}
RESULT: {}
COMMAND: POST /session/d64c8a9d67ae429a1af470fcb6f0cd05/execute/async - {"script":"<script> [1562 bytes]","args":[{"selector":{"controlType":"sap.m.StandardListItem","viewName":"reusables.view.manageresources.NewResourceUnit","viewId":"application-manageresources-display-component---newResourceUnit","properties":{"title":"Heavy Equi"},"searchOpenDialogs":true,"interaction":{"idSuffix":"content"}},"wdio_ui5_key":"reusablesview.manageresources.NewResourceUnitsap.m.StandardListItem{\"title\":\"Heavy Equi\"}"}]}
COMMAND: GET /session/d64c8a9d67ae429a1af470fcb6f0cd05/screenshot - {}
RESULT: {"script":"<script> [1562 bytes]","args":[{"selector":{"controlType":"sap.m.StandardListItem","viewName":"reusables.view.manageresources.NewResourceUnit","viewId":"application-manageresources-display-component---newResourceUnit","properties":{"title":"Heavy Equi"},"searchOpenDialogs":true,"interaction":{"idSuffix":"content"}},"wdio_ui5_key":"reusablesview.manageresources.NewResourceUnitsap.m.StandardListItem{\"title\":\"Heavy Equi\"}"}]}
RESULT: undefined
COMMAND: POST /session/d64c8a9d67ae429a1af470fcb6f0cd05/element - {"using":"xpath","value":"//*[@id=\"__item1371\"]"}
RESULT: {}
RESULT: {"using":"xpath","value":"//*[@id=\"__item1371\"]"}
COMMAND: POST /session/d64c8a9d67ae429a1af470fcb6f0cd05/element/f.615B31F35ECDE76F4064C3ADAC5820DC.d.36EB414D491191FBD1509FCF65B9A338.e.3023/click - {}
RESULT: {}
COMMAND: GET /session/d64c8a9d67ae429a1af470fcb6f0cd05/screenshot - {}
RESULT: {}
COMMAND: POST /session/d64c8a9d67ae429a1af470fcb6f0cd05/execute/async - {"script":"<script> [1562 bytes]","args":[{"selector":{"id":"application-manageresources-display-component---newResourceUnit--PLANNING_INDICATOR-arrow"},"wdio_ui5_key":"applicationmanageresources-display-component---newResourceUnit--PLANNING_INDICATOR-arrow"}]}
RESULT: {"script":"<script> [1562 bytes]","args":[{"selector":{"id":"application-manageresources-display-component---newResourceUnit--PLANNING_INDICATOR-arrow"},"wdio_ui5_key":"applicationmanageresources-display-component---newResourceUnit--PLANNING_INDICATOR-arrow"}]}
RESULT: undefined
COMMAND: POST /session/d64c8a9d67ae429a1af470fcb6f0cd05/element - {"using":"xpath","value":"//*[@id=\"application-manageresources-display-component---newResourceUnit--PLANNING_INDICATOR-arrow\"]"}
RESULT: {"using":"xpath","value":"//*[@id=\"application-manageresources-display-component---newResourceUnit--PLANNING_INDICATOR-arrow\"]"}
COMMAND: POST /session/d64c8a9d67ae429a1af470fcb6f0cd05/element/f.615B31F35ECDE76F4064C3ADAC5820DC.d.36EB414D491191FBD1509FCF65B9A338.e.3024/click - {}
RESULT: {}
COMMAND: POST /session/d64c8a9d67ae429a1af470fcb6f0cd05/execute/async - {"script":"<script> [1562 bytes]","args":[{"selector":{"controlType":"sap.m.StandardListItem","viewName":"reusables.view.manageresources.NewResourceUnit","viewId":"application-manageresources-display-component---newResourceUnit","properties":{"title":"10 - infinite"},"searchOpenDialogs":true,"interaction":{"idSuffix":"content"}},"wdio_ui5_key":"reusablesview.manageresources.NewResourceUnitsap.m.StandardListItem{\"title\":\"10 - infinite\"}"}]}
COMMAND: GET /session/d64c8a9d67ae429a1af470fcb6f0cd05/screenshot - {}
RESULT: {"script":"<script> [1562 bytes]","args":[{"selector":{"controlType":"sap.m.StandardListItem","viewName":"reusables.view.manageresources.NewResourceUnit","viewId":"application-manageresources-display-component---newResourceUnit","properties":{"title":"10 - infinite"},"searchOpenDialogs":true,"interaction":{"idSuffix":"content"}},"wdio_ui5_key":"reusablesview.manageresources.NewResourceUnitsap.m.StandardListItem{\"title\":\"10 - infinite\"}"}]}
RESULT: undefined
COMMAND: POST /session/d64c8a9d67ae429a1af470fcb6f0cd05/element - {"using":"xpath","value":"//*[@id=\"__item1381\"]"}
RESULT: {}
RESULT: {"using":"xpath","value":"//*[@id=\"__item1381\"]"}
COMMAND: POST /session/d64c8a9d67ae429a1af470fcb6f0cd05/element/f.615B31F35ECDE76F4064C3ADAC5820DC.d.36EB414D491191FBD1509FCF65B9A338.e.3026/click - {}
RESULT: {}
COMMAND: GET /session/d64c8a9d67ae429a1af470fcb6f0cd05/screenshot - {}
RESULT: {}
COMMAND: POST /session/d64c8a9d67ae429a1af470fcb6f0cd05/element - {"using":"xpath","value":"//bdi[contains(text(), \"Time Segment\")]"}
RESULT: {"using":"xpath","value":"//bdi[contains(text(), \"Time Segment\")]"}
COMMAND: GET /session/d64c8a9d67ae429a1af470fcb6f0cd05/element/f.615B31F35ECDE76F4064C3ADAC5820DC.d.36EB414D491191FBD1509FCF65B9A338.e.3027/rect - {}
RESULT: {}
COMMAND: GET /session/d64c8a9d67ae429a1af470fcb6f0cd05/window/rect - {}
RESULT: {}
COMMAND: POST /session/d64c8a9d67ae429a1af470fcb6f0cd05/execute/sync - {"script":"<script> [92 bytes]","args":[]}
RESULT: {"script":"<script> [92 bytes]","args":[]}
COMMAND: POST /session/d64c8a9d67ae429a1af470fcb6f0cd05/actions - {"actions":[{"id":"action5","type":"wheel","parameters":{},"actions":[{"type":"scroll","x":-1820,"y":-21,"deltaX":0,"deltaY":0,"duration":0,"origin":{"element-6066-11e4-a52e-4f735466cecf":"f.615B31F35ECDE76F4064C3ADAC5820DC.d.36EB414D491191FBD1509FCF65B9A338.e.3027"}}]}]}
COMMAND: GET /session/d64c8a9d67ae429a1af470fcb6f0cd05/screenshot - {}
RESULT: {}
COMMAND: POST /session/d64c8a9d67ae429a1af470fcb6f0cd05/execute/sync - {"script":"<script> [79 bytes]","args":[{"element-6066-11e4-a52e-4f735466cecf":"f.615B31F35ECDE76F4064C3ADAC5820DC.d.36EB414D491191FBD1509FCF65B9A338.e.3027","ELEMENT":"f.615B31F35ECDE76F4064C3ADAC5820DC.d.36EB414D491191FBD1509FCF65B9A338.e.3027"},{"block":"start","inline":"nearest"}]}
RESULT: {"script":"<script> [79 bytes]","args":[{"element-6066-11e4-a52e-4f735466cecf":"f.615B31F35ECDE76F4064C3ADAC5820DC.d.36EB414D491191FBD1509FCF65B9A338.e.3027","ELEMENT":"f.615B31F35ECDE76F4064C3ADAC5820DC.d.36EB414D491191FBD1509FCF65B9A338.e.3027"},{"block":"start","inline":"nearest"}]}
COMMAND: GET /session/d64c8a9d67ae429a1af470fcb6f0cd05/screenshot - {}
RESULT: {}
COMMAND: POST /session/d64c8a9d67ae429a1af470fcb6f0cd05/element - {"using":"xpath","value":"//span[@id=\"application-manageresources-display-component---newResourceUnit--btnAddTimeSegment-img\"]"}
RESULT: {"using":"xpath","value":"//span[@id=\"application-manageresources-display-component---newResourceUnit--btnAddTimeSegment-img\"]"}
COMMAND: POST /session/d64c8a9d67ae429a1af470fcb6f0cd05/execute/sync - {"script":"<script> [8489 bytes]","args":[{"element-6066-11e4-a52e-4f735466cecf":"f.615B31F35ECDE76F4064C3ADAC5820DC.d.36EB414D491191FBD1509FCF65B9A338.e.3030","ELEMENT":"f.615B31F35ECDE76F4064C3ADAC5820DC.d.36EB414D491191FBD1509FCF65B9A338.e.3030"}]}
RESULT: {"script":"<script> [8489 bytes]","args":[{"element-6066-11e4-a52e-4f735466cecf":"f.615B31F35ECDE76F4064C3ADAC5820DC.d.36EB414D491191FBD1509FCF65B9A338.e.3030","ELEMENT":"f.615B31F35ECDE76F4064C3ADAC5820DC.d.36EB414D491191FBD1509FCF65B9A338.e.3030"}]}
COMMAND: POST /session/d64c8a9d67ae429a1af470fcb6f0cd05/element/f.615B31F35ECDE76F4064C3ADAC5820DC.d.36EB414D491191FBD1509FCF65B9A338.e.3030/click - {}
COMMAND: GET /session/d64c8a9d67ae429a1af470fcb6f0cd05/screenshot - {}
RESULT: {}
COMMAND: GET /session/d64c8a9d67ae429a1af470fcb6f0cd05/screenshot - {}
COMMAND: POST /session/d64c8a9d67ae429a1af470fcb6f0cd05/element - {"using":"xpath","value":"//input[@id=\"application-manageresources-display-component---newResourceUnit--idRuTSAdmin-application-manageresources-display-component---newResourceUnit--RUTimeSegment-0-inner\"]"}
RESULT: {}
RESULT: {}
RESULT: {"using":"xpath","value":"//input[@id=\"application-manageresources-display-component---newResourceUnit--idRuTSAdmin-application-manageresources-display-component---newResourceUnit--RUTimeSegment-0-inner\"]"}
COMMAND: POST /session/d64c8a9d67ae429a1af470fcb6f0cd05/element/f.615B31F35ECDE76F4064C3ADAC5820DC.d.36EB414D491191FBD1509FCF65B9A338.e.3033/clear - {}
RESULT: {}
COMMAND: POST /session/d64c8a9d67ae429a1af470fcb6f0cd05/element/f.615B31F35ECDE76F4064C3ADAC5820DC.d.36EB414D491191FBD1509FCF65B9A338.e.3033/value - {"text":"WebdriverYardqyqm3"}
COMMAND: GET /session/d64c8a9d67ae429a1af470fcb6f0cd05/screenshot - {}
RESULT: {"text":"WebdriverYardqyqm3"}
COMMAND: GET /session/d64c8a9d67ae429a1af470fcb6f0cd05/screenshot - {}
RESULT: {}
RESULT: {}
COMMAND: POST /session/d64c8a9d67ae429a1af470fcb6f0cd05/actions - {"actions":[{"id":"action6","type":"key","parameters":{},"actions":[{"type":"keyDown","value":"î€‡"},{"type":"pause","duration":10},{"type":"keyUp","value":"î€‡"}]}]}
RESULT: {"actions":[{"id":"action6","type":"key","parameters":{},"actions":[{"type":"keyDown","value":"î€‡"},{"type":"pause","duration":10},{"type":"keyUp","value":"î€‡"}]}]}
COMMAND: GET /session/d64c8a9d67ae429a1af470fcb6f0cd05/screenshot - {}
RESULT: {}
COMMAND: POST /session/d64c8a9d67ae429a1af470fcb6f0cd05/execute/async - {"script":"<script> [1562 bytes]","args":[{"selector":{"controlType":"sap.m.Button","viewName":"reusables.view.manageresources.NewResourceUnit","viewId":"application-manageresources-display-component---newResourceUnit","i18NText":{"propertyName":"tooltip","key":"save"},"interaction":{"idSuffix":"BDI-content"}},"wdio_ui5_key":"reusablesview.manageresources.NewResourceUnitsap.m.Button{\"propertyName\":\"tooltip\",\"key\":\"save\"}"}]}
RESULT: {"script":"<script> [1562 bytes]","args":[{"selector":{"controlType":"sap.m.Button","viewName":"reusables.view.manageresources.NewResourceUnit","viewId":"application-manageresources-display-component---newResourceUnit","i18NText":{"propertyName":"tooltip","key":"save"},"interaction":{"idSuffix":"BDI-content"}},"wdio_ui5_key":"reusablesview.manageresources.NewResourceUnitsap.m.Button{\"propertyName\":\"tooltip\",\"key\":\"save\"}"}]}
RESULT: undefined
COMMAND: POST /session/d64c8a9d67ae429a1af470fcb6f0cd05/element - {"using":"xpath","value":"//*[@id=\"application-manageresources-display-component---newResourceUnit--createRuButton\"]"}
RESULT: {"using":"xpath","value":"//*[@id=\"application-manageresources-display-component---newResourceUnit--createRuButton\"]"}
COMMAND: POST /session/d64c8a9d67ae429a1af470fcb6f0cd05/element/f.615B31F35ECDE76F4064C3ADAC5820DC.d.36EB414D491191FBD1509FCF65B9A338.e.2893/click - {}
RESULT: {}
COMMAND: GET /session/d64c8a9d67ae429a1af470fcb6f0cd05/screenshot - {}
RESULT: {}
COMMAND: POST /session/d64c8a9d67ae429a1af470fcb6f0cd05/execute/async - {"script":"<script> [1562 bytes]","args":[{"selector":{"controlType":"sap.m.Title","properties":{"text":"Success"},"searchOpenDialogs":true},"wdio_ui5_key":"sapm.Title{\"text\":\"Success\"}"}]}
RESULT: {"script":"<script> [1562 bytes]","args":[{"selector":{"controlType":"sap.m.Title","properties":{"text":"Success"},"searchOpenDialogs":true},"wdio_ui5_key":"sapm.Title{\"text\":\"Success\"}"}]}
RESULT: undefined
COMMAND: POST /session/d64c8a9d67ae429a1af470fcb6f0cd05/execute/async - {"script":"<script> [6424 bytes]","args":[{"element-6066-11e4-a52e-4f735466cecf":"f.615B31F35ECDE76F4064C3ADAC5820DC.d.36EB414D491191FBD1509FCF65B9A338.e.3048"},"getText",[]]}
RESULT: {"script":"<script> [6424 bytes]","args":[{"element-6066-11e4-a52e-4f735466cecf":"f.615B31F35ECDE76F4064C3ADAC5820DC.d.36EB414D491191FBD1509FCF65B9A338.e.3048"},"getText",[]]}
COMMAND: POST /session/d64c8a9d67ae429a1af470fcb6f0cd05/element - {"using":"xpath","value":"//*[contains(@id, '__text') and (contains(text(), 'successfully created') or contains(., 'successfully created'))]"}
RESULT: {"using":"xpath","value":"//*[contains(@id, '__text') and (contains(text(), 'successfully created') or contains(., 'successfully created'))]"}
COMMAND: GET /session/d64c8a9d67ae429a1af470fcb6f0cd05/element/f.615B31F35ECDE76F4064C3ADAC5820DC.d.36EB414D491191FBD1509FCF65B9A338.e.3047/text - {}
RESULT: {}
COMMAND: POST /session/d64c8a9d67ae429a1af470fcb6f0cd05/execute/async - {"script":"<script> [1562 bytes]","args":[{"selector":{"controlType":"sap.m.Button","properties":{"text":"Close"},"searchOpenDialogs":true,"interaction":{"idSuffix":"BDI-content"}},"wdio_ui5_key":"sapm.Button{\"text\":\"Close\"}"}]}
RESULT: {"script":"<script> [1562 bytes]","args":[{"selector":{"controlType":"sap.m.Button","properties":{"text":"Close"},"searchOpenDialogs":true,"interaction":{"idSuffix":"BDI-content"}},"wdio_ui5_key":"sapm.Button{\"text\":\"Close\"}"}]}
RESULT: undefined
COMMAND: POST /session/d64c8a9d67ae429a1af470fcb6f0cd05/element - {"using":"xpath","value":"//*[@id=\"__mbox-btn-0\"]"}
RESULT: {"using":"xpath","value":"//*[@id=\"__mbox-btn-0\"]"}
COMMAND: POST /session/d64c8a9d67ae429a1af470fcb6f0cd05/element/f.615B31F35ECDE76F4064C3ADAC5820DC.d.36EB414D491191FBD1509FCF65B9A338.e.3045/click - {}
RESULT: {}
COMMAND: GET /session/d64c8a9d67ae429a1af470fcb6f0cd05/screenshot - {}
RESULT: {}
COMMAND: POST /session/d64c8a9d67ae429a1af470fcb6f0cd05/execute/async - {"script":"<script> [1562 bytes]","args":[{"selector":{"controlType":"sap.ui.core.Icon","viewName":"etm.portal.ui.manageresources.view.Detail","viewId":"application-manageresources-display-component---detailRU","properties":{"src":{"regex":{"source":"overflow"}}}},"wdio_ui5_key":"etmportal.ui.manageresources.view.Detailsap.ui.core.Icon{\"src\":{\"regex\":{\"source\":\"overflow\"}}}"}]}
RESULT: {"script":"<script> [1562 bytes]","args":[{"selector":{"controlType":"sap.ui.core.Icon","viewName":"etm.portal.ui.manageresources.view.Detail","viewId":"application-manageresources-display-component---detailRU","properties":{"src":{"regex":{"source":"overflow"}}}},"wdio_ui5_key":"etmportal.ui.manageresources.view.Detailsap.ui.core.Icon{\"src\":{\"regex\":{\"source\":\"overflow\"}}}"}]}
RESULT: undefined
COMMAND: POST /session/d64c8a9d67ae429a1af470fcb6f0cd05/element - {"using":"xpath","value":"//*[@id=\"__title36-_actionsToolbar-overflowButton-img\"]"}
RESULT: {"using":"xpath","value":"//*[@id=\"__title36-_actionsToolbar-overflowButton-img\"]"}
COMMAND: POST /session/d64c8a9d67ae429a1af470fcb6f0cd05/element/f.615B31F35ECDE76F4064C3ADAC5820DC.d.36EB414D491191FBD1509FCF65B9A338.e.3077/click - {}
RESULT: {}
COMMAND: POST /session/d64c8a9d67ae429a1af470fcb6f0cd05/execute/async - {"script":"<script> [1562 bytes]","args":[{"selector":{"controlType":"sap.m.Button","viewName":"etm.portal.ui.manageresources.view.Detail","viewId":"application-manageresources-display-component---detailRU","i18NText":{"propertyName":"tooltip","key":"closeColumn"},"searchOpenDialogs":true,"interaction":{"idSuffix":"inner"}},"wdio_ui5_key":"etmportal.ui.manageresources.view.Detailsap.m.Button{\"propertyName\":\"tooltip\",\"key\":\"closeColumn\"}"}]}
COMMAND: GET /session/d64c8a9d67ae429a1af470fcb6f0cd05/screenshot - {}
RESULT: {"script":"<script> [1562 bytes]","args":[{"selector":{"controlType":"sap.m.Button","viewName":"etm.portal.ui.manageresources.view.Detail","viewId":"application-manageresources-display-component---detailRU","i18NText":{"propertyName":"tooltip","key":"closeColumn"},"searchOpenDialogs":true,"interaction":{"idSuffix":"inner"}},"wdio_ui5_key":"etmportal.ui.manageresources.view.Detailsap.m.Button{\"propertyName\":\"tooltip\",\"key\":\"closeColumn\"}"}]}
RESULT: undefined
COMMAND: POST /session/d64c8a9d67ae429a1af470fcb6f0cd05/element - {"using":"xpath","value":"//*[@id=\"__button151\"]"}
RESULT: {}
RESULT: {"using":"xpath","value":"//*[@id=\"__button151\"]"}
COMMAND: POST /session/d64c8a9d67ae429a1af470fcb6f0cd05/element/f.615B31F35ECDE76F4064C3ADAC5820DC.d.36EB414D491191FBD1509FCF65B9A338.e.3079/click - {}
RESULT: {}
COMMAND: GET /session/d64c8a9d67ae429a1af470fcb6f0cd05/screenshot - {}
RESULT: {}
COMMAND: POST /session/d64c8a9d67ae429a1af470fcb6f0cd05/refresh - {}
RESULT: {}
COMMAND: GET /session/d64c8a9d67ae429a1af470fcb6f0cd05/screenshot - {}
RESULT: {}
COMMAND: POST /session/d64c8a9d67ae429a1af470fcb6f0cd05/execute/async - {"script":"<script> [189 bytes]","args":[]}
RESULT: {"script":"<script> [189 bytes]","args":[]}
COMMAND: POST /session/d64c8a9d67ae429a1af470fcb6f0cd05/execute/async - {"script":"<script> [123 bytes]","args":[]}
RESULT: {"script":"<script> [123 bytes]","args":[]}
COMMAND: POST /session/d64c8a9d67ae429a1af470fcb6f0cd05/timeouts - {"script":"<number>"}
RESULT: {"script":"<number>"}
COMMAND: GET /session/d64c8a9d67ae429a1af470fcb6f0cd05/timeouts - {}
RESULT: {}
RESULT: undefined
COMMAND: POST /session/d64c8a9d67ae429a1af470fcb6f0cd05/execute/async - {"script":"<script> [2676 bytes]","args":[]}
RESULT: {"script":"<script> [2676 bytes]","args":[]}
COMMAND: POST /session/d64c8a9d67ae429a1af470fcb6f0cd05/execute/async - {"script":"<script> [2342 bytes]","args":[{"protocol":"http","hostname":"0.0.0.0","path":"/","capabilities":{"browserName":"chrome","goog:chromeOptions":{"binary":"C:\\Program Files\\Google\\Chrome\\Application\\chrome.exe","args":["--start-maximized"]}},"logLevel":"warn","connectionRetryTimeout":120000,"connectionRetryCount":3,"logLevels":{},"enableDirectConnect":true,"strictSSL":true,"_":"65 more keys: [\"cacheDir\",\"port\",\"requestedCapabilities\",\"automationProtocol\",\"baseUrl\",\"waitforInterval\",\"waitforTimeout\",\"onReload\",\"beforeCommand\",\"afterCommand\",\"rootDir\",\"specs\",\"suites\",\"exclude\",\"groupLogsByTestSpec\",\"excludeDriverLogs\",\"bail\",\"framework\",\"reporters\",\"services\",\"maxInstances\",\"maxInstancesPerCapability\",\"injectGlobals\",\"filesToWatch\",\"execArgv\",\"runnerEnv\",\"runner\",\"shard\",\"specFileRetries\",\"specFileRetriesDelay\",\"specFileRetriesDeferred\",\"reporterSyncInterval\",\"reporterSyncTimeout\",\"cucumberFeaturesWithLineNumbers\",\"autoCompileOpts\",\"mochaOpts\",\"jasmineOpts\",\"cucumberOpts\",\"onPrepare\",\"onWorkerStart\",\"onWorkerEnd\",\"before\",\"beforeSession\",\"beforeSuite\",\"beforeHook\",\"beforeTest\",\"afterTest\",\"afterHook\",\"afterSuite\",\"afterSession\",\"after\",\"onComplete\",\"beforeAssertion\",\"afterAssertion\",\"beforeFeature\",\"beforeScenario\",\"beforeStep\",\"afterStep\",\"afterScenario\",\"afterFeature\",\"_\",\"suite\",\"$0\",\"ignoredWorkerServices\",\"wdi5\"]"}]}
RESULT: {"script":"<script> [2342 bytes]","args":[{"protocol":"http","hostname":"0.0.0.0","path":"/","capabilities":{"browserName":"chrome","goog:chromeOptions":{"binary":"C:\\Program Files\\Google\\Chrome\\Application\\chrome.exe","args":["--start-maximized"]}},"logLevel":"warn","connectionRetryTimeout":120000,"connectionRetryCount":3,"logLevels":{},"enableDirectConnect":true,"strictSSL":true,"_":"65 more keys: [\"cacheDir\",\"port\",\"requestedCapabilities\",\"automationProtocol\",\"baseUrl\",\"waitforInterval\",\"waitforTimeout\",\"onReload\",\"beforeCommand\",\"afterCommand\",\"rootDir\",\"specs\",\"suites\",\"exclude\",\"groupLogsByTestSpec\",\"excludeDriverLogs\",\"bail\",\"framework\",\"reporters\",\"services\",\"maxInstances\",\"maxInstancesPerCapability\",\"injectGlobals\",\"filesToWatch\",\"execArgv\",\"runnerEnv\",\"runner\",\"shard\",\"specFileRetries\",\"specFileRetriesDelay\",\"specFileRetriesDeferred\",\"reporterSyncInterval\",\"reporterSyncTimeout\",\"cucumberFeaturesWithLineNumbers\",\"autoCompileOpts\",\"mochaOpts\",\"jasmineOpts\",\"cucumberOpts\",\"onPrepare\",\"onWorkerStart\",\"onWorkerEnd\",\"before\",\"beforeSession\",\"beforeSuite\",\"beforeHook\",\"beforeTest\",\"afterTest\",\"afterHook\",\"afterSuite\",\"afterSession\",\"after\",\"onComplete\",\"beforeAssertion\",\"afterAssertion\",\"beforeFeature\",\"beforeScenario\",\"beforeStep\",\"afterStep\",\"afterScenario\",\"afterFeature\",\"_\",\"suite\",\"$0\",\"ignoredWorkerServices\",\"wdi5\"]"}]}
COMMAND: POST /session/d64c8a9d67ae429a1af470fcb6f0cd05/execute/async - {"script":"<script> [21126 bytes]","args":[35000]}
RESULT: {"script":"<script> [21126 bytes]","args":[35000]}
COMMAND: POST /session/d64c8a9d67ae429a1af470fcb6f0cd05/element - {"using":"css selector","value":"#shell-header-logo"}
RESULT: {"using":"css selector","value":"#shell-header-logo"}
COMMAND: POST /session/d64c8a9d67ae429a1af470fcb6f0cd05/element/f.615B31F35ECDE76F4064C3ADAC5820DC.d.851D521393E3036BAA68BEEA6477A39D.e.3134/click - {}
RESULT: {}
COMMAND: GET /session/d64c8a9d67ae429a1af470fcb6f0cd05/screenshot - {}
COMMAND: POST /session/d64c8a9d67ae429a1af470fcb6f0cd05/execute/async - {"script":"<script> [1562 bytes]","args":[{"selector":{"controlType":"sap.m.GenericTile","properties":{"header":"Manage Resources"}},"wdio_ui5_key":"sapm.GenericTile{\"header\":\"Manage Resources\"}"}]}
RESULT: {}
RESULT: {"script":"<script> [1562 bytes]","args":[{"selector":{"controlType":"sap.m.GenericTile","properties":{"header":"Manage Resources"}},"wdio_ui5_key":"sapm.GenericTile{\"header\":\"Manage Resources\"}"}]}
RESULT: undefined
COMMAND: POST /session/d64c8a9d67ae429a1af470fcb6f0cd05/element - {"using":"xpath","value":"//*[@id=\"__tile39\"]"}
RESULT: {"using":"xpath","value":"//*[@id=\"__tile39\"]"}
COMMAND: POST /session/d64c8a9d67ae429a1af470fcb6f0cd05/element/f.615B31F35ECDE76F4064C3ADAC5820DC.d.851D521393E3036BAA68BEEA6477A39D.e.3318/click - {}
RESULT: {}
COMMAND: GET /session/d64c8a9d67ae429a1af470fcb6f0cd05/screenshot - {}
RESULT: {}
COMMAND: POST /session/d64c8a9d67ae429a1af470fcb6f0cd05/elements - {"using":"xpath","value":"//span[text()='Error']"}
RESULT: {"using":"xpath","value":"//span[text()='Error']"}
COMMAND: POST /session/d64c8a9d67ae429a1af470fcb6f0cd05/element - {"using":"xpath","value":"//button[@data-kt=\"addNewRUOverflowToolbarButton\"]"}
RESULT: {"using":"xpath","value":"//button[@data-kt=\"addNewRUOverflowToolbarButton\"]"}
COMMAND: POST /session/d64c8a9d67ae429a1af470fcb6f0cd05/execute/sync - {"script":"<script> [8489 bytes]","args":[{"element-6066-11e4-a52e-4f735466cecf":"f.615B31F35ECDE76F4064C3ADAC5820DC.d.851D521393E3036BAA68BEEA6477A39D.e.3359","ELEMENT":"f.615B31F35ECDE76F4064C3ADAC5820DC.d.851D521393E3036BAA68BEEA6477A39D.e.3359"}]}
RESULT: {"script":"<script> [8489 bytes]","args":[{"element-6066-11e4-a52e-4f735466cecf":"f.615B31F35ECDE76F4064C3ADAC5820DC.d.851D521393E3036BAA68BEEA6477A39D.e.3359","ELEMENT":"f.615B31F35ECDE76F4064C3ADAC5820DC.d.851D521393E3036BAA68BEEA6477A39D.e.3359"}]}
COMMAND: POST /session/d64c8a9d67ae429a1af470fcb6f0cd05/element/f.615B31F35ECDE76F4064C3ADAC5820DC.d.851D521393E3036BAA68BEEA6477A39D.e.3359/click - {}
COMMAND: GET /session/d64c8a9d67ae429a1af470fcb6f0cd05/screenshot - {}
RESULT: {}
COMMAND: GET /session/d64c8a9d67ae429a1af470fcb6f0cd05/screenshot - {}
COMMAND: POST /session/d64c8a9d67ae429a1af470fcb6f0cd05/execute/async - {"script":"<script> [1562 bytes]","args":[{"selector":{"id":"application-manageresources-display-component---newResourceUnit--TYPE-arrow"},"wdio_ui5_key":"applicationmanageresources-display-component---newResourceUnit--TYPE-arrow"}]}
RESULT: {}
RESULT: {}
RESULT: {"script":"<script> [1562 bytes]","args":[{"selector":{"id":"application-manageresources-display-component---newResourceUnit--TYPE-arrow"},"wdio_ui5_key":"applicationmanageresources-display-component---newResourceUnit--TYPE-arrow"}]}
RESULT: undefined
COMMAND: POST /session/d64c8a9d67ae429a1af470fcb6f0cd05/element - {"using":"xpath","value":"//*[@id=\"application-manageresources-display-component---newResourceUnit--TYPE-arrow\"]"}
RESULT: {"using":"xpath","value":"//*[@id=\"application-manageresources-display-component---newResourceUnit--TYPE-arrow\"]"}
COMMAND: POST /session/d64c8a9d67ae429a1af470fcb6f0cd05/element/f.615B31F35ECDE76F4064C3ADAC5820DC.d.851D521393E3036BAA68BEEA6477A39D.e.3671/click - {}
RESULT: {}
COMMAND: POST /session/d64c8a9d67ae429a1af470fcb6f0cd05/execute/async - {"script":"<script> [1562 bytes]","args":[{"selector":{"controlType":"sap.m.StandardListItem","viewName":"reusables.view.manageresources.NewResourceUnit","viewId":"application-manageresources-display-component---newResourceUnit","properties":{"title":"Equipment"},"searchOpenDialogs":true,"interaction":{"idSuffix":"content"}},"wdio_ui5_key":"reusablesview.manageresources.NewResourceUnitsap.m.StandardListItem{\"title\":\"Equipment\"}"}]}
COMMAND: GET /session/d64c8a9d67ae429a1af470fcb6f0cd05/screenshot - {}
RESULT: {"script":"<script> [1562 bytes]","args":[{"selector":{"controlType":"sap.m.StandardListItem","viewName":"reusables.view.manageresources.NewResourceUnit","viewId":"application-manageresources-display-component---newResourceUnit","properties":{"title":"Equipment"},"searchOpenDialogs":true,"interaction":{"idSuffix":"content"}},"wdio_ui5_key":"reusablesview.manageresources.NewResourceUnitsap.m.StandardListItem{\"title\":\"Equipment\"}"}]}
RESULT: undefined
COMMAND: POST /session/d64c8a9d67ae429a1af470fcb6f0cd05/element - {"using":"xpath","value":"//*[@id=\"__item185\"]"}
RESULT: {}
RESULT: {"using":"xpath","value":"//*[@id=\"__item185\"]"}
COMMAND: POST /session/d64c8a9d67ae429a1af470fcb6f0cd05/element/f.615B31F35ECDE76F4064C3ADAC5820DC.d.851D521393E3036BAA68BEEA6477A39D.e.3674/click - {}
RESULT: {}
COMMAND: POST /session/d64c8a9d67ae429a1af470fcb6f0cd05/execute/async - {"script":"<script> [1562 bytes]","args":[{"selector":{"id":"application-manageresources-display-component---newResourceUnit--resourceId","interaction":{"idSuffix":"inner"}},"wdio_ui5_key":"applicationmanageresources-display-component---newResourceUnit--resourceId"}]}
COMMAND: GET /session/d64c8a9d67ae429a1af470fcb6f0cd05/screenshot - {}
RESULT: {"script":"<script> [1562 bytes]","args":[{"selector":{"id":"application-manageresources-display-component---newResourceUnit--resourceId","interaction":{"idSuffix":"inner"}},"wdio_ui5_key":"applicationmanageresources-display-component---newResourceUnit--resourceId"}]}
RESULT: undefined
COMMAND: POST /session/d64c8a9d67ae429a1af470fcb6f0cd05/execute/async - {"script":"<script> [776 bytes]","args":[{"enterText":"WdIOTestEquip9q136","selector":{"id":"application-manageresources-display-component---newResourceUnit--resourceId","interaction":{"idSuffix":"inner"}},"clearTextFirst":true,"interactionType":"ENTER_TEXT"}]}
RESULT: {}
RESULT: {"script":"<script> [776 bytes]","args":[{"enterText":"WdIOTestEquip9q136","selector":{"id":"application-manageresources-display-component---newResourceUnit--resourceId","interaction":{"idSuffix":"inner"}},"clearTextFirst":true,"interactionType":"ENTER_TEXT"}]}
COMMAND: POST /session/d64c8a9d67ae429a1af470fcb6f0cd05/execute/async - {"script":"<script> [1562 bytes]","args":[{"selector":{"id":"application-manageresources-display-component---newResourceUnit--SHORT_TEXT","interaction":{"idSuffix":"inner"}},"wdio_ui5_key":"applicationmanageresources-display-component---newResourceUnit--SHORT_TEXT"}]}
RESULT: {"script":"<script> [1562 bytes]","args":[{"selector":{"id":"application-manageresources-display-component---newResourceUnit--SHORT_TEXT","interaction":{"idSuffix":"inner"}},"wdio_ui5_key":"applicationmanageresources-display-component---newResourceUnit--SHORT_TEXT"}]}
RESULT: undefined
COMMAND: POST /session/d64c8a9d67ae429a1af470fcb6f0cd05/execute/async - {"script":"<script> [776 bytes]","args":[{"enterText":"WdIOTestEquip9q136","selector":{"id":"application-manageresources-display-component---newResourceUnit--SHORT_TEXT","interaction":{"idSuffix":"inner"}},"clearTextFirst":true,"interactionType":"ENTER_TEXT"}]}
RESULT: {"script":"<script> [776 bytes]","args":[{"enterText":"WdIOTestEquip9q136","selector":{"id":"application-manageresources-display-component---newResourceUnit--SHORT_TEXT","interaction":{"idSuffix":"inner"}},"clearTextFirst":true,"interactionType":"ENTER_TEXT"}]}
COMMAND: POST /session/d64c8a9d67ae429a1af470fcb6f0cd05/execute/async - {"script":"<script> [1562 bytes]","args":[{"selector":{"id":"application-manageresources-display-component---newResourceUnit--BASE_UNIT_OF_MEASURE","interaction":{"idSuffix":"inner"}},"wdio_ui5_key":"applicationmanageresources-display-component---newResourceUnit--BASE_UNIT_OF_MEASURE"}]}
RESULT: {"script":"<script> [1562 bytes]","args":[{"selector":{"id":"application-manageresources-display-component---newResourceUnit--BASE_UNIT_OF_MEASURE","interaction":{"idSuffix":"inner"}},"wdio_ui5_key":"applicationmanageresources-display-component---newResourceUnit--BASE_UNIT_OF_MEASURE"}]}
RESULT: undefined
COMMAND: POST /session/d64c8a9d67ae429a1af470fcb6f0cd05/execute/async - {"script":"<script> [776 bytes]","args":[{"enterText":"Piece","selector":{"id":"application-manageresources-display-component---newResourceUnit--BASE_UNIT_OF_MEASURE","interaction":{"idSuffix":"inner"}},"clearTextFirst":true,"interactionType":"ENTER_TEXT"}]}
RESULT: {"script":"<script> [776 bytes]","args":[{"enterText":"Piece","selector":{"id":"application-manageresources-display-component---newResourceUnit--BASE_UNIT_OF_MEASURE","interaction":{"idSuffix":"inner"}},"clearTextFirst":true,"interactionType":"ENTER_TEXT"}]}
COMMAND: POST /session/d64c8a9d67ae429a1af470fcb6f0cd05/execute/async - {"script":"<script> [1562 bytes]","args":[{"selector":{"id":"application-manageresources-display-component---newResourceUnit--WEIGHT_UNIT","interaction":{"idSuffix":"inner"}},"wdio_ui5_key":"applicationmanageresources-display-component---newResourceUnit--WEIGHT_UNIT"}]}
RESULT: {"script":"<script> [1562 bytes]","args":[{"selector":{"id":"application-manageresources-display-component---newResourceUnit--WEIGHT_UNIT","interaction":{"idSuffix":"inner"}},"wdio_ui5_key":"applicationmanageresources-display-component---newResourceUnit--WEIGHT_UNIT"}]}
RESULT: undefined
COMMAND: POST /session/d64c8a9d67ae429a1af470fcb6f0cd05/execute/async - {"script":"<script> [776 bytes]","args":[{"enterText":"Gram","selector":{"id":"application-manageresources-display-component---newResourceUnit--WEIGHT_UNIT","interaction":{"idSuffix":"inner"}},"clearTextFirst":true,"interactionType":"ENTER_TEXT"}]}
RESULT: {"script":"<script> [776 bytes]","args":[{"enterText":"Gram","selector":{"id":"application-manageresources-display-component---newResourceUnit--WEIGHT_UNIT","interaction":{"idSuffix":"inner"}},"clearTextFirst":true,"interactionType":"ENTER_TEXT"}]}
COMMAND: POST /session/d64c8a9d67ae429a1af470fcb6f0cd05/execute/async - {"script":"<script> [1562 bytes]","args":[{"selector":{"id":"application-manageresources-display-component---newResourceUnit--newRRUPage-OPHeaderContent-collapseBtn-img"},"wdio_ui5_key":"applicationmanageresources-display-component---newResourceUnit--newRRUPage-OPHeaderContent-collapseBtn-img"}]}
RESULT: {"script":"<script> [1562 bytes]","args":[{"selector":{"id":"application-manageresources-display-component---newResourceUnit--newRRUPage-OPHeaderContent-collapseBtn-img"},"wdio_ui5_key":"applicationmanageresources-display-component---newResourceUnit--newRRUPage-OPHeaderContent-collapseBtn-img"}]}
RESULT: undefined
COMMAND: POST /session/d64c8a9d67ae429a1af470fcb6f0cd05/element - {"using":"xpath","value":"//*[@id=\"application-manageresources-display-component---newResourceUnit--newRRUPage-OPHeaderContent-collapseBtn-img\"]"}
RESULT: {"using":"xpath","value":"//*[@id=\"application-manageresources-display-component---newResourceUnit--newRRUPage-OPHeaderContent-collapseBtn-img\"]"}
COMMAND: POST /session/d64c8a9d67ae429a1af470fcb6f0cd05/element/f.615B31F35ECDE76F4064C3ADAC5820DC.d.851D521393E3036BAA68BEEA6477A39D.e.3682/click - {}
RESULT: {}
COMMAND: GET /session/d64c8a9d67ae429a1af470fcb6f0cd05/screenshot - {}
RESULT: {}
COMMAND: POST /session/d64c8a9d67ae429a1af470fcb6f0cd05/element - {"using":"xpath","value":"(//span[contains(@id ,\"application-manageresources-display-component---newResourceUnit--DIMENSION_UNIT-arrow\")])[1]"}
RESULT: {"using":"xpath","value":"(//span[contains(@id ,\"application-manageresources-display-component---newResourceUnit--DIMENSION_UNIT-arrow\")])[1]"}
COMMAND: POST /session/d64c8a9d67ae429a1af470fcb6f0cd05/element/f.615B31F35ECDE76F4064C3ADAC5820DC.d.851D521393E3036BAA68BEEA6477A39D.e.3831/click - {}
RESULT: {}
COMMAND: GET /session/d64c8a9d67ae429a1af470fcb6f0cd05/screenshot - {}
RESULT: {}
COMMAND: POST /session/d64c8a9d67ae429a1af470fcb6f0cd05/execute/async - {"script":"<script> [1562 bytes]","args":[{"selector":{"controlType":"sap.m.StandardListItem","viewName":"reusables.view.manageresources.NewResourceUnit","viewId":"application-manageresources-display-component---newResourceUnit","properties":{"title":"Centimeter"},"searchOpenDialogs":true,"interaction":{"idSuffix":"titleText"}},"wdio_ui5_key":"reusablesview.manageresources.NewResourceUnitsap.m.StandardListItem{\"title\":\"Centimeter\"}"}]}
RESULT: {"script":"<script> [1562 bytes]","args":[{"selector":{"controlType":"sap.m.StandardListItem","viewName":"reusables.view.manageresources.NewResourceUnit","viewId":"application-manageresources-display-component---newResourceUnit","properties":{"title":"Centimeter"},"searchOpenDialogs":true,"interaction":{"idSuffix":"titleText"}},"wdio_ui5_key":"reusablesview.manageresources.NewResourceUnitsap.m.StandardListItem{\"title\":\"Centimeter\"}"}]}
RESULT: undefined
COMMAND: POST /session/d64c8a9d67ae429a1af470fcb6f0cd05/element - {"using":"xpath","value":"//*[@id=\"__item245\"]"}
RESULT: {"using":"xpath","value":"//*[@id=\"__item245\"]"}
COMMAND: POST /session/d64c8a9d67ae429a1af470fcb6f0cd05/element/f.615B31F35ECDE76F4064C3ADAC5820DC.d.851D521393E3036BAA68BEEA6477A39D.e.3835/click - {}
RESULT: {}
COMMAND: GET /session/d64c8a9d67ae429a1af470fcb6f0cd05/screenshot - {}
RESULT: {}
COMMAND: POST /session/d64c8a9d67ae429a1af470fcb6f0cd05/execute/async - {"script":"<script> [1562 bytes]","args":[{"selector":{"id":"application-manageresources-display-component---newResourceUnit--newRRUPage-anchBar-application-manageresources-display-component---newResourceUnit--control-anchor","interaction":{"idSuffix":"BDI-content"}},"wdio_ui5_key":"applicationmanageresources-display-component---newResourceUnit--newRRUPage-anchBar-application-manageresources-display-component---newResourceUnit--control-anchor"}]}
RESULT: {"script":"<script> [1562 bytes]","args":[{"selector":{"id":"application-manageresources-display-component---newResourceUnit--newRRUPage-anchBar-application-manageresources-display-component---newResourceUnit--control-anchor","interaction":{"idSuffix":"BDI-content"}},"wdio_ui5_key":"applicationmanageresources-display-component---newResourceUnit--newRRUPage-anchBar-application-manageresources-display-component---newResourceUnit--control-anchor"}]}
RESULT: undefined
COMMAND: POST /session/d64c8a9d67ae429a1af470fcb6f0cd05/element - {"using":"xpath","value":"//*[@id=\"application-manageresources-display-component---newResourceUnit--newRRUPage-anchBar-application-manageresources-display-component---newResourceUnit--control-anchor\"]"}
RESULT: {"using":"xpath","value":"//*[@id=\"application-manageresources-display-component---newResourceUnit--newRRUPage-anchBar-application-manageresources-display-component---newResourceUnit--control-anchor\"]"}
COMMAND: POST /session/d64c8a9d67ae429a1af470fcb6f0cd05/element/f.615B31F35ECDE76F4064C3ADAC5820DC.d.851D521393E3036BAA68BEEA6477A39D.e.3837/click - {}
RESULT: {}
COMMAND: POST /session/d64c8a9d67ae429a1af470fcb6f0cd05/execute/async - {"script":"<script> [1562 bytes]","args":[{"selector":{"id":"application-manageresources-display-component---newResourceUnit--PLANNING_GROUP","interaction":{"idSuffix":"inner"}},"wdio_ui5_key":"applicationmanageresources-display-component---newResourceUnit--PLANNING_GROUP"}]}
COMMAND: GET /session/d64c8a9d67ae429a1af470fcb6f0cd05/screenshot - {}
RESULT: {"script":"<script> [1562 bytes]","args":[{"selector":{"id":"application-manageresources-display-component---newResourceUnit--PLANNING_GROUP","interaction":{"idSuffix":"inner"}},"wdio_ui5_key":"applicationmanageresources-display-component---newResourceUnit--PLANNING_GROUP"}]}
RESULT: undefined
COMMAND: POST /session/d64c8a9d67ae429a1af470fcb6f0cd05/execute/async - {"script":"<script> [776 bytes]","args":[{"enterText":"Heavy Equi","selector":{"id":"application-manageresources-display-component---newResourceUnit--PLANNING_GROUP","interaction":{"idSuffix":"inner"}},"clearTextFirst":true,"interactionType":"ENTER_TEXT"}]}
RESULT: {}
RESULT: {"script":"<script> [776 bytes]","args":[{"enterText":"Heavy Equi","selector":{"id":"application-manageresources-display-component---newResourceUnit--PLANNING_GROUP","interaction":{"idSuffix":"inner"}},"clearTextFirst":true,"interactionType":"ENTER_TEXT"}]}
COMMAND: POST /session/d64c8a9d67ae429a1af470fcb6f0cd05/execute/async - {"script":"<script> [1562 bytes]","args":[{"selector":{"id":"application-manageresources-display-component---newResourceUnit--ITEM_TYPE-arrow"},"wdio_ui5_key":"applicationmanageresources-display-component---newResourceUnit--ITEM_TYPE-arrow"}]}
RESULT: {"script":"<script> [1562 bytes]","args":[{"selector":{"id":"application-manageresources-display-component---newResourceUnit--ITEM_TYPE-arrow"},"wdio_ui5_key":"applicationmanageresources-display-component---newResourceUnit--ITEM_TYPE-arrow"}]}
RESULT: undefined
COMMAND: POST /session/d64c8a9d67ae429a1af470fcb6f0cd05/element - {"using":"xpath","value":"//*[@id=\"application-manageresources-display-component---newResourceUnit--ITEM_TYPE-arrow\"]"}
RESULT: {"using":"xpath","value":"//*[@id=\"application-manageresources-display-component---newResourceUnit--ITEM_TYPE-arrow\"]"}
COMMAND: POST /session/d64c8a9d67ae429a1af470fcb6f0cd05/element/f.615B31F35ECDE76F4064C3ADAC5820DC.d.851D521393E3036BAA68BEEA6477A39D.e.3844/click - {}
RESULT: {}
COMMAND: POST /session/d64c8a9d67ae429a1af470fcb6f0cd05/execute/async - {"script":"<script> [1562 bytes]","args":[{"selector":{"controlType":"sap.m.StandardListItem","viewName":"reusables.view.manageresources.NewResourceUnit","viewId":"application-manageresources-display-component---newResourceUnit","properties":{"title":"Resource Unit"},"searchOpenDialogs":true,"interaction":{"idSuffix":"titleText"}},"wdio_ui5_key":"reusablesview.manageresources.NewResourceUnitsap.m.StandardListItem{\"title\":\"Resource Unit\"}"}]}
COMMAND: GET /session/d64c8a9d67ae429a1af470fcb6f0cd05/screenshot - {}
RESULT: {"script":"<script> [1562 bytes]","args":[{"selector":{"controlType":"sap.m.StandardListItem","viewName":"reusables.view.manageresources.NewResourceUnit","viewId":"application-manageresources-display-component---newResourceUnit","properties":{"title":"Resource Unit"},"searchOpenDialogs":true,"interaction":{"idSuffix":"titleText"}},"wdio_ui5_key":"reusablesview.manageresources.NewResourceUnitsap.m.StandardListItem{\"title\":\"Resource Unit\"}"}]}
RESULT: undefined
COMMAND: POST /session/d64c8a9d67ae429a1af470fcb6f0cd05/element - {"using":"xpath","value":"//*[@id=\"__item267\"]"}
RESULT: {}
RESULT: {"using":"xpath","value":"//*[@id=\"__item267\"]"}
COMMAND: POST /session/d64c8a9d67ae429a1af470fcb6f0cd05/element/f.615B31F35ECDE76F4064C3ADAC5820DC.d.851D521393E3036BAA68BEEA6477A39D.e.3846/click - {}
RESULT: {}
COMMAND: POST /session/d64c8a9d67ae429a1af470fcb6f0cd05/element - {"using":"xpath","value":"//bdi[contains(text(), \"Time Segment\")]"}
COMMAND: GET /session/d64c8a9d67ae429a1af470fcb6f0cd05/screenshot - {}
RESULT: {"using":"xpath","value":"//bdi[contains(text(), \"Time Segment\")]"}
COMMAND: GET /session/d64c8a9d67ae429a1af470fcb6f0cd05/element/f.615B31F35ECDE76F4064C3ADAC5820DC.d.851D521393E3036BAA68BEEA6477A39D.e.3853/rect - {}
RESULT: {}
RESULT: {}
COMMAND: GET /session/d64c8a9d67ae429a1af470fcb6f0cd05/window/rect - {}
RESULT: {}
COMMAND: POST /session/d64c8a9d67ae429a1af470fcb6f0cd05/execute/sync - {"script":"<script> [92 bytes]","args":[]}
RESULT: {"script":"<script> [92 bytes]","args":[]}
COMMAND: POST /session/d64c8a9d67ae429a1af470fcb6f0cd05/actions - {"actions":[{"id":"action7","type":"wheel","parameters":{},"actions":[{"type":"scroll","x":-1820,"y":-21,"deltaX":0,"deltaY":0,"duration":0,"origin":{"element-6066-11e4-a52e-4f735466cecf":"f.615B31F35ECDE76F4064C3ADAC5820DC.d.851D521393E3036BAA68BEEA6477A39D.e.3853"}}]}]}
COMMAND: GET /session/d64c8a9d67ae429a1af470fcb6f0cd05/screenshot - {}
RESULT: {}
COMMAND: POST /session/d64c8a9d67ae429a1af470fcb6f0cd05/execute/sync - {"script":"<script> [79 bytes]","args":[{"element-6066-11e4-a52e-4f735466cecf":"f.615B31F35ECDE76F4064C3ADAC5820DC.d.851D521393E3036BAA68BEEA6477A39D.e.3853","ELEMENT":"f.615B31F35ECDE76F4064C3ADAC5820DC.d.851D521393E3036BAA68BEEA6477A39D.e.3853"},{"block":"start","inline":"nearest"}]}
RESULT: {"script":"<script> [79 bytes]","args":[{"element-6066-11e4-a52e-4f735466cecf":"f.615B31F35ECDE76F4064C3ADAC5820DC.d.851D521393E3036BAA68BEEA6477A39D.e.3853","ELEMENT":"f.615B31F35ECDE76F4064C3ADAC5820DC.d.851D521393E3036BAA68BEEA6477A39D.e.3853"},{"block":"start","inline":"nearest"}]}
COMMAND: POST /session/d64c8a9d67ae429a1af470fcb6f0cd05/execute/async - {"script":"<script> [1562 bytes]","args":[{"selector":{"id":"application-manageresources-display-component---newResourceUnit--btnAddTimeSegment-img"},"wdio_ui5_key":"applicationmanageresources-display-component---newResourceUnit--btnAddTimeSegment-img"}]}
COMMAND: GET /session/d64c8a9d67ae429a1af470fcb6f0cd05/screenshot - {}
RESULT: {"script":"<script> [1562 bytes]","args":[{"selector":{"id":"application-manageresources-display-component---newResourceUnit--btnAddTimeSegment-img"},"wdio_ui5_key":"applicationmanageresources-display-component---newResourceUnit--btnAddTimeSegment-img"}]}
RESULT: undefined
COMMAND: POST /session/d64c8a9d67ae429a1af470fcb6f0cd05/element - {"using":"xpath","value":"//*[@id=\"application-manageresources-display-component---newResourceUnit--btnAddTimeSegment-img\"]"}
RESULT: {}
RESULT: {"using":"xpath","value":"//*[@id=\"application-manageresources-display-component---newResourceUnit--btnAddTimeSegment-img\"]"}
COMMAND: POST /session/d64c8a9d67ae429a1af470fcb6f0cd05/element/f.615B31F35ECDE76F4064C3ADAC5820DC.d.851D521393E3036BAA68BEEA6477A39D.e.3856/click - {}
RESULT: {}
COMMAND: GET /session/d64c8a9d67ae429a1af470fcb6f0cd05/screenshot - {}
RESULT: {}
COMMAND: POST /session/d64c8a9d67ae429a1af470fcb6f0cd05/element - {"using":"xpath","value":"//input[@id=\"application-manageresources-display-component---newResourceUnit--idRuTSAdmin-application-manageresources-display-component---newResourceUnit--RUTimeSegment-0-inner\"]"}
RESULT: {"using":"xpath","value":"//input[@id=\"application-manageresources-display-component---newResourceUnit--idRuTSAdmin-application-manageresources-display-component---newResourceUnit--RUTimeSegment-0-inner\"]"}
COMMAND: POST /session/d64c8a9d67ae429a1af470fcb6f0cd05/element/f.615B31F35ECDE76F4064C3ADAC5820DC.d.851D521393E3036BAA68BEEA6477A39D.e.3860/clear - {}
RESULT: {}
COMMAND: POST /session/d64c8a9d67ae429a1af470fcb6f0cd05/element/f.615B31F35ECDE76F4064C3ADAC5820DC.d.851D521393E3036BAA68BEEA6477A39D.e.3860/value - {"text":"WebdriverYardqyqm3"}
COMMAND: GET /session/d64c8a9d67ae429a1af470fcb6f0cd05/screenshot - {}
RESULT: {"text":"WebdriverYardqyqm3"}
COMMAND: GET /session/d64c8a9d67ae429a1af470fcb6f0cd05/screenshot - {}
RESULT: {}
RESULT: {}
COMMAND: POST /session/d64c8a9d67ae429a1af470fcb6f0cd05/actions - {"actions":[{"id":"action8","type":"key","parameters":{},"actions":[{"type":"keyDown","value":"î€‡"},{"type":"pause","duration":10},{"type":"keyUp","value":"î€‡"}]}]}
RESULT: {"actions":[{"id":"action8","type":"key","parameters":{},"actions":[{"type":"keyDown","value":"î€‡"},{"type":"pause","duration":10},{"type":"keyUp","value":"î€‡"}]}]}
COMMAND: POST /session/d64c8a9d67ae429a1af470fcb6f0cd05/execute/async - {"script":"<script> [1562 bytes]","args":[{"selector":{"controlType":"sap.ui.core.Icon","viewName":"reusables.view.manageresources.NewResourceUnit","viewId":"application-manageresources-display-component---newResourceUnit","properties":{"src":{"regex":{"source":"slim\\-arrow\\-down"}}},"ancestor":{"controlType":"sap.m.ComboBox","viewName":"reusables.view.manageresources.NewResourceUnit","viewId":"application-manageresources-display-component---newResourceUnit","bindingPath":{"path":"/RESOURCE_UNIT_TIME_SEQUENCES/0","propertyPath":"COST_OBJECT_ADMIN_CST_TYPE","modelName":"oNewRruModel"}}},"wdio_ui5_key":"reusablesview.manageresources.NewResourceUnitsap.ui.core.Icon{\"src\":{\"regex\":{\"source\":\"slim\\\\-arrow\\\\-down\"}}}{\"controlType\":\"sap.m.ComboBox\",\"viewName\":\"reusables.view.manageresources.NewResourceUnit\",\"viewId\":\"application-manageresources-display-component---newResourceUnit\",\"bindingPath\":{\"path\":\"/RESOURCE_UNIT_TIME_SEQUENCES/0\",\"propertyPath\":\"COST_OBJECT_ADMIN_CST_TYPE\",\"modelName\":\"oNewRruModel\"}}"}]}
COMMAND: GET /session/d64c8a9d67ae429a1af470fcb6f0cd05/screenshot - {}
RESULT: {"script":"<script> [1562 bytes]","args":[{"selector":{"controlType":"sap.ui.core.Icon","viewName":"reusables.view.manageresources.NewResourceUnit","viewId":"application-manageresources-display-component---newResourceUnit","properties":{"src":{"regex":{"source":"slim\\-arrow\\-down"}}},"ancestor":{"controlType":"sap.m.ComboBox","viewName":"reusables.view.manageresources.NewResourceUnit","viewId":"application-manageresources-display-component---newResourceUnit","bindingPath":{"path":"/RESOURCE_UNIT_TIME_SEQUENCES/0","propertyPath":"COST_OBJECT_ADMIN_CST_TYPE","modelName":"oNewRruModel"}}},"wdio_ui5_key":"reusablesview.manageresources.NewResourceUnitsap.ui.core.Icon{\"src\":{\"regex\":{\"source\":\"slim\\\\-arrow\\\\-down\"}}}{\"controlType\":\"sap.m.ComboBox\",\"viewName\":\"reusables.view.manageresources.NewResourceUnit\",\"viewId\":\"application-manageresources-display-component---newResourceUnit\",\"bindingPath\":{\"path\":\"/RESOURCE_UNIT_TIME_SEQUENCES/0\",\"propertyPath\":\"COST_OBJECT_ADMIN_CST_TYPE\",\"modelName\":\"oNewRruModel\"}}"}]}
RESULT: undefined
COMMAND: POST /session/d64c8a9d67ae429a1af470fcb6f0cd05/element - {"using":"xpath","value":"//*[@id=\"__box7-application-manageresources-display-component---newResourceUnit--RUTimeSegment-0-arrow\"]"}
RESULT: {}
RESULT: {"using":"xpath","value":"//*[@id=\"__box7-application-manageresources-display-component---newResourceUnit--RUTimeSegment-0-arrow\"]"}
COMMAND: POST /session/d64c8a9d67ae429a1af470fcb6f0cd05/element/f.615B31F35ECDE76F4064C3ADAC5820DC.d.851D521393E3036BAA68BEEA6477A39D.e.3874/click - {}
RESULT: {}
COMMAND: POST /session/d64c8a9d67ae429a1af470fcb6f0cd05/execute/async - {"script":"<script> [1562 bytes]","args":[{"selector":{"controlType":"sap.m.StandardListItem","viewName":"reusables.view.manageresources.NewResourceUnit","viewId":"application-manageresources-display-component---newResourceUnit","properties":{"title":"PM Order"},"searchOpenDialogs":true,"interaction":{"idSuffix":"titleText"}},"wdio_ui5_key":"reusablesview.manageresources.NewResourceUnitsap.m.StandardListItem{\"title\":\"PM Order\"}"}]}
COMMAND: GET /session/d64c8a9d67ae429a1af470fcb6f0cd05/screenshot - {}
RESULT: {"script":"<script> [1562 bytes]","args":[{"selector":{"controlType":"sap.m.StandardListItem","viewName":"reusables.view.manageresources.NewResourceUnit","viewId":"application-manageresources-display-component---newResourceUnit","properties":{"title":"PM Order"},"searchOpenDialogs":true,"interaction":{"idSuffix":"titleText"}},"wdio_ui5_key":"reusablesview.manageresources.NewResourceUnitsap.m.StandardListItem{\"title\":\"PM Order\"}"}]}
RESULT: undefined
COMMAND: POST /session/d64c8a9d67ae429a1af470fcb6f0cd05/element - {"using":"xpath","value":"//*[@id=\"__item945\"]"}
RESULT: {}
RESULT: {"using":"xpath","value":"//*[@id=\"__item945\"]"}
COMMAND: POST /session/d64c8a9d67ae429a1af470fcb6f0cd05/element/f.615B31F35ECDE76F4064C3ADAC5820DC.d.851D521393E3036BAA68BEEA6477A39D.e.3878/click - {}
RESULT: {}
COMMAND: GET /session/d64c8a9d67ae429a1af470fcb6f0cd05/screenshot - {}
RESULT: {}
COMMAND: POST /session/d64c8a9d67ae429a1af470fcb6f0cd05/element - {"using":"xpath","value":"(//input[contains(@id ,\"-application-manageresources-display-component---newResourceUnit--RUTimeSegment-0-inner\")])[8]"}
RESULT: {"using":"xpath","value":"(//input[contains(@id ,\"-application-manageresources-display-component---newResourceUnit--RUTimeSegment-0-inner\")])[8]"}
COMMAND: POST /session/d64c8a9d67ae429a1af470fcb6f0cd05/element/f.615B31F35ECDE76F4064C3ADAC5820DC.d.851D521393E3036BAA68BEEA6477A39D.e.3881/clear - {}
RESULT: {}
COMMAND: POST /session/d64c8a9d67ae429a1af470fcb6f0cd05/element/f.615B31F35ECDE76F4064C3ADAC5820DC.d.851D521393E3036BAA68BEEA6477A39D.e.3881/value - {"text":"4000360"}
COMMAND: GET /session/d64c8a9d67ae429a1af470fcb6f0cd05/screenshot - {}
RESULT: {"text":"4000360"}
COMMAND: GET /session/d64c8a9d67ae429a1af470fcb6f0cd05/screenshot - {}
RESULT: {}
RESULT: {}
COMMAND: POST /session/d64c8a9d67ae429a1af470fcb6f0cd05/actions - {"actions":[{"id":"action9","type":"key","parameters":{},"actions":[{"type":"keyDown","value":"î€‡"},{"type":"pause","duration":10},{"type":"keyUp","value":"î€‡"}]}]}
RESULT: {"actions":[{"id":"action9","type":"key","parameters":{},"actions":[{"type":"keyDown","value":"î€‡"},{"type":"pause","duration":10},{"type":"keyUp","value":"î€‡"}]}]}
COMMAND: GET /session/d64c8a9d67ae429a1af470fcb6f0cd05/screenshot - {}
RESULT: {}
COMMAND: POST /session/d64c8a9d67ae429a1af470fcb6f0cd05/element - {"using":"xpath","value":"//input[contains(@id ,\"application-manageresources-display-component---newResourceUnit--newTimeSegmentFromDatePicker-application-manageresources-display-component---newResourceUnit--RUTimeSegment-0-inner\")]"}
RESULT: {"using":"xpath","value":"//input[contains(@id ,\"application-manageresources-display-component---newResourceUnit--newTimeSegmentFromDatePicker-application-manageresources-display-component---newResourceUnit--RUTimeSegment-0-inner\")]"}
COMMAND: POST /session/d64c8a9d67ae429a1af470fcb6f0cd05/element/f.615B31F35ECDE76F4064C3ADAC5820DC.d.851D521393E3036BAA68BEEA6477A39D.e.3867/clear - {}
RESULT: {}
COMMAND: POST /session/d64c8a9d67ae429a1af470fcb6f0cd05/element/f.615B31F35ECDE76F4064C3ADAC5820DC.d.851D521393E3036BAA68BEEA6477A39D.e.3867/clear - {}
COMMAND: GET /session/d64c8a9d67ae429a1af470fcb6f0cd05/screenshot - {}
RESULT: {}
COMMAND: POST /session/d64c8a9d67ae429a1af470fcb6f0cd05/element/f.615B31F35ECDE76F4064C3ADAC5820DC.d.851D521393E3036BAA68BEEA6477A39D.e.3867/value - {"text":"7/4/24"}
COMMAND: GET /session/d64c8a9d67ae429a1af470fcb6f0cd05/screenshot - {}
RESULT: {}
RESULT: {"text":"7/4/24"}
COMMAND: POST /session/d64c8a9d67ae429a1af470fcb6f0cd05/execute/async - {"script":"<script> [1562 bytes]","args":[{"selector":{"id":"application-manageresources-display-component---newResourceUnit--newRRUPage-anchBar-application-manageresources-display-component---newResourceUnit--resource-anchor","interaction":{"idSuffix":"BDI-content"}},"wdio_ui5_key":"applicationmanageresources-display-component---newResourceUnit--newRRUPage-anchBar-application-manageresources-display-component---newResourceUnit--resource-anchor"}]}
COMMAND: GET /session/d64c8a9d67ae429a1af470fcb6f0cd05/screenshot - {}
RESULT: {}
RESULT: {"script":"<script> [1562 bytes]","args":[{"selector":{"id":"application-manageresources-display-component---newResourceUnit--newRRUPage-anchBar-application-manageresources-display-component---newResourceUnit--resource-anchor","interaction":{"idSuffix":"BDI-content"}},"wdio_ui5_key":"applicationmanageresources-display-component---newResourceUnit--newRRUPage-anchBar-application-manageresources-display-component---newResourceUnit--resource-anchor"}]}
RESULT: undefined
COMMAND: POST /session/d64c8a9d67ae429a1af470fcb6f0cd05/element - {"using":"xpath","value":"//*[@id=\"application-manageresources-display-component---newResourceUnit--newRRUPage-anchBar-application-manageresources-display-component---newResourceUnit--resource-anchor\"]"}
RESULT: {}
RESULT: {"using":"xpath","value":"//*[@id=\"application-manageresources-display-component---newResourceUnit--newRRUPage-anchBar-application-manageresources-display-component---newResourceUnit--resource-anchor\"]"}
COMMAND: POST /session/d64c8a9d67ae429a1af470fcb6f0cd05/element/f.615B31F35ECDE76F4064C3ADAC5820DC.d.851D521393E3036BAA68BEEA6477A39D.e.3903/click - {}
RESULT: {}
COMMAND: POST /session/d64c8a9d67ae429a1af470fcb6f0cd05/execute/async - {"script":"<script> [1562 bytes]","args":[{"selector":{"id":"application-manageresources-display-component---newResourceUnit--PLANNED_DELIVERY_DATE","interaction":{"idSuffix":"inner"}},"wdio_ui5_key":"applicationmanageresources-display-component---newResourceUnit--PLANNED_DELIVERY_DATE"}]}
COMMAND: GET /session/d64c8a9d67ae429a1af470fcb6f0cd05/screenshot - {}
RESULT: {"script":"<script> [1562 bytes]","args":[{"selector":{"id":"application-manageresources-display-component---newResourceUnit--PLANNED_DELIVERY_DATE","interaction":{"idSuffix":"inner"}},"wdio_ui5_key":"applicationmanageresources-display-component---newResourceUnit--PLANNED_DELIVERY_DATE"}]}
RESULT: undefined
COMMAND: POST /session/d64c8a9d67ae429a1af470fcb6f0cd05/execute/async - {"script":"<script> [6424 bytes]","args":[{"element-6066-11e4-a52e-4f735466cecf":"f.615B31F35ECDE76F4064C3ADAC5820DC.d.851D521393E3036BAA68BEEA6477A39D.e.3729"},"setValue",["7/4/24"]]}
RESULT: {}
RESULT: {"script":"<script> [6424 bytes]","args":[{"element-6066-11e4-a52e-4f735466cecf":"f.615B31F35ECDE76F4064C3ADAC5820DC.d.851D521393E3036BAA68BEEA6477A39D.e.3729"},"setValue",["7/4/24"]]}
COMMAND: POST /session/d64c8a9d67ae429a1af470fcb6f0cd05/execute/async - {"script":"<script> [1562 bytes]","args":[{"selector":{"id":"application-manageresources-display-component---newResourceUnit--RETIRE_PLANNED_DATE","interaction":{"idSuffix":"inner"}},"wdio_ui5_key":"applicationmanageresources-display-component---newResourceUnit--RETIRE_PLANNED_DATE"}]}
RESULT: {"script":"<script> [1562 bytes]","args":[{"selector":{"id":"application-manageresources-display-component---newResourceUnit--RETIRE_PLANNED_DATE","interaction":{"idSuffix":"inner"}},"wdio_ui5_key":"applicationmanageresources-display-component---newResourceUnit--RETIRE_PLANNED_DATE"}]}
RESULT: undefined
COMMAND: POST /session/d64c8a9d67ae429a1af470fcb6f0cd05/execute/async - {"script":"<script> [776 bytes]","args":[{"enterText":"3/14/29","selector":{"id":"application-manageresources-display-component---newResourceUnit--RETIRE_PLANNED_DATE","interaction":{"idSuffix":"inner"}},"clearTextFirst":true,"interactionType":"ENTER_TEXT"}]}
RESULT: {"script":"<script> [776 bytes]","args":[{"enterText":"3/14/29","selector":{"id":"application-manageresources-display-component---newResourceUnit--RETIRE_PLANNED_DATE","interaction":{"idSuffix":"inner"}},"clearTextFirst":true,"interactionType":"ENTER_TEXT"}]}
COMMAND: POST /session/d64c8a9d67ae429a1af470fcb6f0cd05/execute/async - {"script":"<script> [1562 bytes]","args":[{"selector":{"controlType":"sap.m.Button","viewName":"reusables.view.manageresources.NewResourceUnit","viewId":"application-manageresources-display-component---newResourceUnit","i18NText":{"propertyName":"tooltip","key":"save"},"interaction":{"idSuffix":"BDI-content"}},"wdio_ui5_key":"reusablesview.manageresources.NewResourceUnitsap.m.Button{\"propertyName\":\"tooltip\",\"key\":\"save\"}"}]}
RESULT: {"script":"<script> [1562 bytes]","args":[{"selector":{"controlType":"sap.m.Button","viewName":"reusables.view.manageresources.NewResourceUnit","viewId":"application-manageresources-display-component---newResourceUnit","i18NText":{"propertyName":"tooltip","key":"save"},"interaction":{"idSuffix":"BDI-content"}},"wdio_ui5_key":"reusablesview.manageresources.NewResourceUnitsap.m.Button{\"propertyName\":\"tooltip\",\"key\":\"save\"}"}]}
RESULT: undefined
COMMAND: POST /session/d64c8a9d67ae429a1af470fcb6f0cd05/element - {"using":"xpath","value":"//*[@id=\"application-manageresources-display-component---newResourceUnit--createRuButton\"]"}
RESULT: {"using":"xpath","value":"//*[@id=\"application-manageresources-display-component---newResourceUnit--createRuButton\"]"}
COMMAND: POST /session/d64c8a9d67ae429a1af470fcb6f0cd05/element/f.615B31F35ECDE76F4064C3ADAC5820DC.d.851D521393E3036BAA68BEEA6477A39D.e.3688/click - {}
RESULT: {}
COMMAND: GET /session/d64c8a9d67ae429a1af470fcb6f0cd05/screenshot - {}
RESULT: {}
COMMAND: POST /session/d64c8a9d67ae429a1af470fcb6f0cd05/execute/async - {"script":"<script> [1562 bytes]","args":[{"selector":{"controlType":"sap.m.Button","properties":{"text":"Close"},"searchOpenDialogs":true,"interaction":{"idSuffix":"inner"}},"wdio_ui5_key":"sapm.Button{\"text\":\"Close\"}"}]}
RESULT: {"script":"<script> [1562 bytes]","args":[{"selector":{"controlType":"sap.m.Button","properties":{"text":"Close"},"searchOpenDialogs":true,"interaction":{"idSuffix":"inner"}},"wdio_ui5_key":"sapm.Button{\"text\":\"Close\"}"}]}
RESULT: undefined
COMMAND: POST /session/d64c8a9d67ae429a1af470fcb6f0cd05/element - {"using":"xpath","value":"//*[@id=\"__mbox-btn-0\"]"}
RESULT: {"using":"xpath","value":"//*[@id=\"__mbox-btn-0\"]"}
COMMAND: POST /session/d64c8a9d67ae429a1af470fcb6f0cd05/element/f.615B31F35ECDE76F4064C3ADAC5820DC.d.851D521393E3036BAA68BEEA6477A39D.e.3913/click - {}
RESULT: {}
COMMAND: GET /session/d64c8a9d67ae429a1af470fcb6f0cd05/screenshot - {}
COMMAND: POST /session/d64c8a9d67ae429a1af470fcb6f0cd05/execute/async - {"script":"<script> [1562 bytes]","args":[{"selector":{"controlType":"sap.m.Text","viewName":"etm.portal.ui.manageresources.view.Detail","viewId":"application-manageresources-display-component---detailRU","bindingPath":{"propertyPath":"ID","modelName":"catalogModel"}},"wdio_ui5_key":"etmportal.ui.manageresources.view.Detailsap.m.Text{\"propertyPath\":\"ID\",\"modelName\":\"catalogModel\"}"}]}
RESULT: {}
RESULT: {"script":"<script> [1562 bytes]","args":[{"selector":{"controlType":"sap.m.Text","viewName":"etm.portal.ui.manageresources.view.Detail","viewId":"application-manageresources-display-component---detailRU","bindingPath":{"propertyPath":"ID","modelName":"catalogModel"}},"wdio_ui5_key":"etmportal.ui.manageresources.view.Detailsap.m.Text{\"propertyPath\":\"ID\",\"modelName\":\"catalogModel\"}"}]}
RESULT: undefined
COMMAND: POST /session/d64c8a9d67ae429a1af470fcb6f0cd05/execute/async - {"script":"<script> [6424 bytes]","args":[{"element-6066-11e4-a52e-4f735466cecf":"f.615B31F35ECDE76F4064C3ADAC5820DC.d.851D521393E3036BAA68BEEA6477A39D.e.3974"},"getText",[]]}
RESULT: {"script":"<script> [6424 bytes]","args":[{"element-6066-11e4-a52e-4f735466cecf":"f.615B31F35ECDE76F4064C3ADAC5820DC.d.851D521393E3036BAA68BEEA6477A39D.e.3974"},"getText",[]]}
COMMAND: POST /session/d64c8a9d67ae429a1af470fcb6f0cd05/element - {"using":"css selector","value":"#shell-header-logo"}
RESULT: {"using":"css selector","value":"#shell-header-logo"}
COMMAND: POST /session/d64c8a9d67ae429a1af470fcb6f0cd05/element/f.615B31F35ECDE76F4064C3ADAC5820DC.d.851D521393E3036BAA68BEEA6477A39D.e.3320/click - {}
RESULT: {}
COMMAND: GET /session/d64c8a9d67ae429a1af470fcb6f0cd05/screenshot - {}
RESULT: {}
COMMAND: POST /session/d64c8a9d67ae429a1af470fcb6f0cd05/execute/async - {"script":"<script> [1562 bytes]","args":[{"selector":{"controlType":"sap.m.GenericTile","properties":{"header":"Manage Catalogs"}},"wdio_ui5_key":"sapm.GenericTile{\"header\":\"Manage Catalogs\"}"}]}
RESULT: {"script":"<script> [1562 bytes]","args":[{"selector":{"controlType":"sap.m.GenericTile","properties":{"header":"Manage Catalogs"}},"wdio_ui5_key":"sapm.GenericTile{\"header\":\"Manage Catalogs\"}"}]}
RESULT: undefined
COMMAND: POST /session/d64c8a9d67ae429a1af470fcb6f0cd05/element - {"using":"xpath","value":"//*[@id=\"__tile37\"]"}
RESULT: {"using":"xpath","value":"//*[@id=\"__tile37\"]"}
COMMAND: POST /session/d64c8a9d67ae429a1af470fcb6f0cd05/element/f.615B31F35ECDE76F4064C3ADAC5820DC.d.851D521393E3036BAA68BEEA6477A39D.e.3976/click - {}
RESULT: {}
COMMAND: GET /session/d64c8a9d67ae429a1af470fcb6f0cd05/screenshot - {}
RESULT: {}
COMMAND: POST /session/d64c8a9d67ae429a1af470fcb6f0cd05/elements - {"using":"xpath","value":"//span[text()='Error']"}
RESULT: {"using":"xpath","value":"//span[text()='Error']"}
COMMAND: POST /session/d64c8a9d67ae429a1af470fcb6f0cd05/execute/async - {"script":"<script> [1562 bytes]","args":[{"selector":{"controlType":"sap.m.Text","viewName":"etm.portal.ui.managecatalogs.view.MasterCatalogs","viewId":"application-managecatalogs-display-component---masterCatalogs","bindingPath":{"path":"/Catalogs('0D7502D073D53A0F1700BE067B89AFF9')","propertyPath":"DESCRIPTION","modelName":"catalogModel"}},"wdio_ui5_key":"etmportal.ui.managecatalogs.view.MasterCatalogssap.m.Text{\"path\":\"/Catalogs('0D7502D073D53A0F1700BE067B89AFF9')\",\"propertyPath\":\"DESCRIPTION\",\"modelName\":\"catalogModel\"}"}]}
RESULT: {"script":"<script> [1562 bytes]","args":[{"selector":{"controlType":"sap.m.Text","viewName":"etm.portal.ui.managecatalogs.view.MasterCatalogs","viewId":"application-managecatalogs-display-component---masterCatalogs","bindingPath":{"path":"/Catalogs('0D7502D073D53A0F1700BE067B89AFF9')","propertyPath":"DESCRIPTION","modelName":"catalogModel"}},"wdio_ui5_key":"etmportal.ui.managecatalogs.view.MasterCatalogssap.m.Text{\"path\":\"/Catalogs('0D7502D073D53A0F1700BE067B89AFF9')\",\"propertyPath\":\"DESCRIPTION\",\"modelName\":\"catalogModel\"}"}]}
RESULT: undefined
COMMAND: POST /session/d64c8a9d67ae429a1af470fcb6f0cd05/element - {"using":"xpath","value":"//*[@id=\"__text1058-application-managecatalogs-display-component---masterCatalogs--CatalogsTable-11\"]"}
RESULT: {"using":"xpath","value":"//*[@id=\"__text1058-application-managecatalogs-display-component---masterCatalogs--CatalogsTable-11\"]"}
COMMAND: POST /session/d64c8a9d67ae429a1af470fcb6f0cd05/element/f.615B31F35ECDE76F4064C3ADAC5820DC.d.851D521393E3036BAA68BEEA6477A39D.e.4046/click - {}
RESULT: {}
COMMAND: POST /session/d64c8a9d67ae429a1af470fcb6f0cd05/execute/async - {"script":"<script> [1562 bytes]","args":[{"selector":{"controlType":"sap.ui.layout.HorizontalLayout","viewName":"etm.portal.ui.managecatalogs.view.MasterItems","viewId":"application-managecatalogs-display-component---masterCatalogItems","ancestor":{"id":"application-managecatalogs-display-component---masterCatalogItems--idCatalogItemsTree-rows-row0"}},"wdio_ui5_key":"etmportal.ui.managecatalogs.view.MasterItemssap.ui.layout.HorizontalLayout{\"id\":\"application-managecatalogs-display-component---masterCatalogItems--idCatalogItemsTree-rows-row0\"}"}]}
COMMAND: GET /session/d64c8a9d67ae429a1af470fcb6f0cd05/screenshot - {}
RESULT: {"script":"<script> [1562 bytes]","args":[{"selector":{"controlType":"sap.ui.layout.HorizontalLayout","viewName":"etm.portal.ui.managecatalogs.view.MasterItems","viewId":"application-managecatalogs-display-component---masterCatalogItems","ancestor":{"id":"application-managecatalogs-display-component---masterCatalogItems--idCatalogItemsTree-rows-row0"}},"wdio_ui5_key":"etmportal.ui.managecatalogs.view.MasterItemssap.ui.layout.HorizontalLayout{\"id\":\"application-managecatalogs-display-component---masterCatalogItems--idCatalogItemsTree-rows-row0\"}"}]}
RESULT: undefined
COMMAND: POST /session/d64c8a9d67ae429a1af470fcb6f0cd05/element - {"using":"xpath","value":"//*[@id=\"__layout302-__clone2805\"]"}
RESULT: {}
RESULT: {"using":"xpath","value":"//*[@id=\"__layout302-__clone2805\"]"}
COMMAND: POST /session/d64c8a9d67ae429a1af470fcb6f0cd05/element/f.615B31F35ECDE76F4064C3ADAC5820DC.d.851D521393E3036BAA68BEEA6477A39D.e.4081/click - {}
RESULT: {}
COMMAND: GET /session/d64c8a9d67ae429a1af470fcb6f0cd05/screenshot - {}
COMMAND: POST /session/d64c8a9d67ae429a1af470fcb6f0cd05/execute/async - {"script":"<script> [1562 bytes]","args":[{"selector":{"controlType":"sap.m.Button","viewName":"etm.portal.ui.managecatalogs.view.Detail","viewId":"application-managecatalogs-display-component---detailCatalog","i18NText":{"propertyName":"text","key":"edit"},"interaction":{"idSuffix":"BDI-content"}},"wdio_ui5_key":"etmportal.ui.managecatalogs.view.Detailsap.m.Button{\"propertyName\":\"text\",\"key\":\"edit\"}"}]}
RESULT: {}
RESULT: {"script":"<script> [1562 bytes]","args":[{"selector":{"controlType":"sap.m.Button","viewName":"etm.portal.ui.managecatalogs.view.Detail","viewId":"application-managecatalogs-display-component---detailCatalog","i18NText":{"propertyName":"text","key":"edit"},"interaction":{"idSuffix":"BDI-content"}},"wdio_ui5_key":"etmportal.ui.managecatalogs.view.Detailsap.m.Button{\"propertyName\":\"text\",\"key\":\"edit\"}"}]}
RESULT: undefined
COMMAND: POST /session/d64c8a9d67ae429a1af470fcb6f0cd05/element - {"using":"xpath","value":"//*[@id=\"__button134\"]"}
RESULT: {"using":"xpath","value":"//*[@id=\"__button134\"]"}
COMMAND: POST /session/d64c8a9d67ae429a1af470fcb6f0cd05/element/f.615B31F35ECDE76F4064C3ADAC5820DC.d.851D521393E3036BAA68BEEA6477A39D.e.4197/click - {}
RESULT: {}
COMMAND: GET /session/d64c8a9d67ae429a1af470fcb6f0cd05/screenshot - {}
RESULT: {}
COMMAND: POST /session/d64c8a9d67ae429a1af470fcb6f0cd05/element - {"using":"xpath","value":"//bdi[contains(text(), \"Unlock\")]"}
RESULT: {"using":"xpath","value":"//bdi[contains(text(), \"Unlock\")]"}
COMMAND: POST /session/d64c8a9d67ae429a1af470fcb6f0cd05/elements - {"using":"xpath","value":"//bdi[contains(text(), \"Unlock\")]"}
RESULT: {"using":"xpath","value":"//bdi[contains(text(), \"Unlock\")]"}
COMMAND: POST /session/d64c8a9d67ae429a1af470fcb6f0cd05/execute/async - {"script":"<script> [1562 bytes]","args":[{"selector":{"controlType":"sap.ui.core.Icon","viewName":"etm.portal.ui.managecatalogs.view.Detail","viewId":"application-managecatalogs-display-component---detailCatalog","properties":{"src":{"regex":{"source":"add\\-folder"}}}},"wdio_ui5_key":"etmportal.ui.managecatalogs.view.Detailsap.ui.core.Icon{\"src\":{\"regex\":{\"source\":\"add\\\\-folder\"}}}"}]}
RESULT: {"script":"<script> [1562 bytes]","args":[{"selector":{"controlType":"sap.ui.core.Icon","viewName":"etm.portal.ui.managecatalogs.view.Detail","viewId":"application-managecatalogs-display-component---detailCatalog","properties":{"src":{"regex":{"source":"add\\-folder"}}}},"wdio_ui5_key":"etmportal.ui.managecatalogs.view.Detailsap.ui.core.Icon{\"src\":{\"regex\":{\"source\":\"add\\\\-folder\"}}}"}]}
RESULT: undefined
COMMAND: POST /session/d64c8a9d67ae429a1af470fcb6f0cd05/element - {"using":"xpath","value":"//*[@id=\"__button142-img\"]"}
RESULT: {"using":"xpath","value":"//*[@id=\"__button142-img\"]"}
COMMAND: POST /session/d64c8a9d67ae429a1af470fcb6f0cd05/element/f.615B31F35ECDE76F4064C3ADAC5820DC.d.851D521393E3036BAA68BEEA6477A39D.e.4205/click - {}
RESULT: {}
COMMAND: GET /session/d64c8a9d67ae429a1af470fcb6f0cd05/screenshot - {}
RESULT: {}
COMMAND: POST /session/d64c8a9d67ae429a1af470fcb6f0cd05/execute/async - {"script":"<script> [1562 bytes]","args":[{"selector":{"id":"application-managecatalogs-display-component---detailCatalog--numberInput","searchOpenDialogs":true,"interaction":{"idSuffix":"inner"}},"wdio_ui5_key":"applicationmanagecatalogs-display-component---detailCatalog--numberInput"}]}
RESULT: {"script":"<script> [1562 bytes]","args":[{"selector":{"id":"application-managecatalogs-display-component---detailCatalog--numberInput","searchOpenDialogs":true,"interaction":{"idSuffix":"inner"}},"wdio_ui5_key":"applicationmanagecatalogs-display-component---detailCatalog--numberInput"}]}
RESULT: undefined
COMMAND: POST /session/d64c8a9d67ae429a1af470fcb6f0cd05/execute/async - {"script":"<script> [776 bytes]","args":[{"enterText":"Sectionnrdwrf","selector":{"id":"application-managecatalogs-display-component---detailCatalog--numberInput","searchOpenDialogs":true,"interaction":{"idSuffix":"inner"}},"clearTextFirst":true,"interactionType":"ENTER_TEXT"}]}
RESULT: {"script":"<script> [776 bytes]","args":[{"enterText":"Sectionnrdwrf","selector":{"id":"application-managecatalogs-display-component---detailCatalog--numberInput","searchOpenDialogs":true,"interaction":{"idSuffix":"inner"}},"clearTextFirst":true,"interactionType":"ENTER_TEXT"}]}
COMMAND: POST /session/d64c8a9d67ae429a1af470fcb6f0cd05/element - {"using":"css selector","value":"#application-managecatalogs-display-component---detailCatalog--nameInput-inner"}
RESULT: {"using":"css selector","value":"#application-managecatalogs-display-component---detailCatalog--nameInput-inner"}
COMMAND: POST /session/d64c8a9d67ae429a1af470fcb6f0cd05/elements - {"using":"css selector","value":"#application-managecatalogs-display-component---detailCatalog--nameInput-inner"}
RESULT: {"using":"css selector","value":"#application-managecatalogs-display-component---detailCatalog--nameInput-inner"}
COMMAND: POST /session/d64c8a9d67ae429a1af470fcb6f0cd05/element/f.615B31F35ECDE76F4064C3ADAC5820DC.d.851D521393E3036BAA68BEEA6477A39D.e.4209/clear - {}
RESULT: {}
COMMAND: POST /session/d64c8a9d67ae429a1af470fcb6f0cd05/element/f.615B31F35ECDE76F4064C3ADAC5820DC.d.851D521393E3036BAA68BEEA6477A39D.e.4209/value - {"text":"Webdriverxtqvf"}
COMMAND: GET /session/d64c8a9d67ae429a1af470fcb6f0cd05/screenshot - {}
RESULT: {"text":"Webdriverxtqvf"}
COMMAND: POST /session/d64c8a9d67ae429a1af470fcb6f0cd05/execute/async - {"script":"<script> [1562 bytes]","args":[{"selector":{"controlType":"sap.m.Button","viewName":"etm.portal.ui.managecatalogs.view.Detail","viewId":"application-managecatalogs-display-component---detailCatalog","i18NText":{"propertyName":"text","key":"create"},"searchOpenDialogs":true,"interaction":{"idSuffix":"BDI-content"}},"wdio_ui5_key":"etmportal.ui.managecatalogs.view.Detailsap.m.Button{\"propertyName\":\"text\",\"key\":\"create\"}"}]}
COMMAND: GET /session/d64c8a9d67ae429a1af470fcb6f0cd05/screenshot - {}
RESULT: {}
RESULT: {"script":"<script> [1562 bytes]","args":[{"selector":{"controlType":"sap.m.Button","viewName":"etm.portal.ui.managecatalogs.view.Detail","viewId":"application-managecatalogs-display-component---detailCatalog","i18NText":{"propertyName":"text","key":"create"},"searchOpenDialogs":true,"interaction":{"idSuffix":"BDI-content"}},"wdio_ui5_key":"etmportal.ui.managecatalogs.view.Detailsap.m.Button{\"propertyName\":\"text\",\"key\":\"create\"}"}]}
RESULT: undefined
COMMAND: POST /session/d64c8a9d67ae429a1af470fcb6f0cd05/element - {"using":"xpath","value":"//*[@id=\"__button112\"]"}
RESULT: {}
RESULT: {"using":"xpath","value":"//*[@id=\"__button112\"]"}
COMMAND: POST /session/d64c8a9d67ae429a1af470fcb6f0cd05/element/f.615B31F35ECDE76F4064C3ADAC5820DC.d.851D521393E3036BAA68BEEA6477A39D.e.4214/click - {}
RESULT: {}
COMMAND: GET /session/d64c8a9d67ae429a1af470fcb6f0cd05/screenshot - {}
RESULT: {}
COMMAND: POST /session/d64c8a9d67ae429a1af470fcb6f0cd05/element - {"using":"xpath","value":"//button[@title=\"Save\"]"}
RESULT: {"using":"xpath","value":"//button[@title=\"Save\"]"}
COMMAND: POST /session/d64c8a9d67ae429a1af470fcb6f0cd05/element/f.615B31F35ECDE76F4064C3ADAC5820DC.d.851D521393E3036BAA68BEEA6477A39D.e.4215/click - {}
RESULT: {}
COMMAND: POST /session/d64c8a9d67ae429a1af470fcb6f0cd05/execute/async - {"script":"<script> [1562 bytes]","args":[{"selector":{"controlType":"sap.ui.core.Icon","viewName":"etm.portal.ui.managecatalogs.view.Detail","viewId":"application-managecatalogs-display-component---detailCatalog","properties":{"src":{"regex":{"source":"decline"}}}},"wdio_ui5_key":"etmportal.ui.managecatalogs.view.Detailsap.ui.core.Icon{\"src\":{\"regex\":{\"source\":\"decline\"}}}"}]}
COMMAND: GET /session/d64c8a9d67ae429a1af470fcb6f0cd05/screenshot - {}
RESULT: {"script":"<script> [1562 bytes]","args":[{"selector":{"controlType":"sap.ui.core.Icon","viewName":"etm.portal.ui.managecatalogs.view.Detail","viewId":"application-managecatalogs-display-component---detailCatalog","properties":{"src":{"regex":{"source":"decline"}}}},"wdio_ui5_key":"etmportal.ui.managecatalogs.view.Detailsap.ui.core.Icon{\"src\":{\"regex\":{\"source\":\"decline\"}}}"}]}
RESULT: undefined
COMMAND: POST /session/d64c8a9d67ae429a1af470fcb6f0cd05/element - {"using":"xpath","value":"//*[@id=\"__button137-img\"]"}
RESULT: {}
RESULT: {"using":"xpath","value":"//*[@id=\"__button137-img\"]"}
COMMAND: POST /session/d64c8a9d67ae429a1af470fcb6f0cd05/element/f.615B31F35ECDE76F4064C3ADAC5820DC.d.851D521393E3036BAA68BEEA6477A39D.e.4221/click - {}
RESULT: {}
COMMAND: GET /session/d64c8a9d67ae429a1af470fcb6f0cd05/screenshot - {}
RESULT: {}
COMMAND: POST /session/d64c8a9d67ae429a1af470fcb6f0cd05/execute/async - {"script":"<script> [1562 bytes]","args":[{"selector":{"controlType":"sap.ui.core.Icon","viewName":"etm.portal.ui.managecatalogs.view.MasterItems","viewId":"application-managecatalogs-display-component---masterCatalogItems","properties":{"src":{"regex":{"source":"refresh"}}}},"wdio_ui5_key":"etmportal.ui.managecatalogs.view.MasterItemssap.ui.core.Icon{\"src\":{\"regex\":{\"source\":\"refresh\"}}}"}]}
RESULT: {"script":"<script> [1562 bytes]","args":[{"selector":{"controlType":"sap.ui.core.Icon","viewName":"etm.portal.ui.managecatalogs.view.MasterItems","viewId":"application-managecatalogs-display-component---masterCatalogItems","properties":{"src":{"regex":{"source":"refresh"}}}},"wdio_ui5_key":"etmportal.ui.managecatalogs.view.MasterItemssap.ui.core.Icon{\"src\":{\"regex\":{\"source\":\"refresh\"}}}"}]}
RESULT: undefined
COMMAND: POST /session/d64c8a9d67ae429a1af470fcb6f0cd05/element - {"using":"xpath","value":"//*[@id=\"__button110-img\"]"}
RESULT: {"using":"xpath","value":"//*[@id=\"__button110-img\"]"}
COMMAND: POST /session/d64c8a9d67ae429a1af470fcb6f0cd05/element/f.615B31F35ECDE76F4064C3ADAC5820DC.d.851D521393E3036BAA68BEEA6477A39D.e.4257/click - {}
RESULT: {}
COMMAND: POST /session/d64c8a9d67ae429a1af470fcb6f0cd05/execute/async - {"script":"<script> [1562 bytes]","args":[{"selector":{"id":"application-managecatalogs-display-component---masterCatalogItems--searchItemsField","interaction":{"idSuffix":"I"}},"wdio_ui5_key":"applicationmanagecatalogs-display-component---masterCatalogItems--searchItemsField"}]}
COMMAND: GET /session/d64c8a9d67ae429a1af470fcb6f0cd05/screenshot - {}
RESULT: {"script":"<script> [1562 bytes]","args":[{"selector":{"id":"application-managecatalogs-display-component---masterCatalogItems--searchItemsField","interaction":{"idSuffix":"I"}},"wdio_ui5_key":"applicationmanagecatalogs-display-component---masterCatalogItems--searchItemsField"}]}
RESULT: undefined
COMMAND: POST /session/d64c8a9d67ae429a1af470fcb6f0cd05/execute/async - {"script":"<script> [776 bytes]","args":[{"enterText":"Webdriverxtqvf","selector":{"id":"application-managecatalogs-display-component---masterCatalogItems--searchItemsField","interaction":{"idSuffix":"I"}},"clearTextFirst":true,"interactionType":"ENTER_TEXT"}]}
RESULT: {}
RESULT: {"script":"<script> [776 bytes]","args":[{"enterText":"Webdriverxtqvf","selector":{"id":"application-managecatalogs-display-component---masterCatalogItems--searchItemsField","interaction":{"idSuffix":"I"}},"clearTextFirst":true,"interactionType":"ENTER_TEXT"}]}
COMMAND: POST /session/d64c8a9d67ae429a1af470fcb6f0cd05/actions - {"actions":[{"id":"action10","type":"key","parameters":{},"actions":[{"type":"keyDown","value":"î€‡"},{"type":"pause","duration":10},{"type":"keyUp","value":"î€‡"}]}]}
RESULT: {"actions":[{"id":"action10","type":"key","parameters":{},"actions":[{"type":"keyDown","value":"î€‡"},{"type":"pause","duration":10},{"type":"keyUp","value":"î€‡"}]}]}
COMMAND: POST /session/d64c8a9d67ae429a1af470fcb6f0cd05/element - {"using":"xpath","value":"(//span[contains(text(), \"Webdriverxtqvf\")])[1]"}
COMMAND: GET /session/d64c8a9d67ae429a1af470fcb6f0cd05/screenshot - {}
RESULT: {"using":"xpath","value":"(//span[contains(text(), \"Webdriverxtqvf\")])[1]"}
COMMAND: POST /session/d64c8a9d67ae429a1af470fcb6f0cd05/element/f.615B31F35ECDE76F4064C3ADAC5820DC.d.851D521393E3036BAA68BEEA6477A39D.e.4260/click - {}
RESULT: {}
RESULT: {}
COMMAND: GET /session/d64c8a9d67ae429a1af470fcb6f0cd05/screenshot - {}
RESULT: {}
RESULT: undefined
COMMAND: POST /session/d64c8a9d67ae429a1af470fcb6f0cd05/element - {"using":"xpath","value":"//*[@id=\"__button134\"]"}
RESULT: {"using":"xpath","value":"//*[@id=\"__button134\"]"}
COMMAND: POST /session/d64c8a9d67ae429a1af470fcb6f0cd05/element/f.615B31F35ECDE76F4064C3ADAC5820DC.d.851D521393E3036BAA68BEEA6477A39D.e.4293/click - {}
RESULT: {}
COMMAND: GET /session/d64c8a9d67ae429a1af470fcb6f0cd05/screenshot - {}
RESULT: {}
RESULT: undefined
COMMAND: POST /session/d64c8a9d67ae429a1af470fcb6f0cd05/element - {"using":"xpath","value":"//*[@id=\"__button142-img\"]"}
RESULT: {"using":"xpath","value":"//*[@id=\"__button142-img\"]"}
COMMAND: POST /session/d64c8a9d67ae429a1af470fcb6f0cd05/element/f.615B31F35ECDE76F4064C3ADAC5820DC.d.851D521393E3036BAA68BEEA6477A39D.e.4347/click - {}
RESULT: {}
COMMAND: GET /session/d64c8a9d67ae429a1af470fcb6f0cd05/screenshot - {}
RESULT: {}
RESULT: undefined
COMMAND: POST /session/d64c8a9d67ae429a1af470fcb6f0cd05/execute/async - {"script":"<script> [776 bytes]","args":[{"enterText":"SecondSectiongyusjj","selector":{"id":"application-managecatalogs-display-component---detailCatalog--numberInput","searchOpenDialogs":true,"interaction":{"idSuffix":"inner"}},"clearTextFirst":true,"interactionType":"ENTER_TEXT"}]}
RESULT: {"script":"<script> [776 bytes]","args":[{"enterText":"SecondSectiongyusjj","selector":{"id":"application-managecatalogs-display-component---detailCatalog--numberInput","searchOpenDialogs":true,"interaction":{"idSuffix":"inner"}},"clearTextFirst":true,"interactionType":"ENTER_TEXT"}]}
COMMAND: POST /session/d64c8a9d67ae429a1af470fcb6f0cd05/element - {"using":"xpath","value":"//input[contains(@id ,\"application-managecatalogs-display-component---detailCatalog--nameInput-inner\")]"}
RESULT: {"using":"xpath","value":"//input[contains(@id ,\"application-managecatalogs-display-component---detailCatalog--nameInput-inner\")]"}
COMMAND: POST /session/d64c8a9d67ae429a1af470fcb6f0cd05/elements - {"using":"xpath","value":"//input[contains(@id ,\"application-managecatalogs-display-component---detailCatalog--nameInput-inner\")]"}
RESULT: {"using":"xpath","value":"//input[contains(@id ,\"application-managecatalogs-display-component---detailCatalog--nameInput-inner\")]"}
COMMAND: POST /session/d64c8a9d67ae429a1af470fcb6f0cd05/element/f.615B31F35ECDE76F4064C3ADAC5820DC.d.851D521393E3036BAA68BEEA6477A39D.e.4351/clear - {}
RESULT: {}
COMMAND: POST /session/d64c8a9d67ae429a1af470fcb6f0cd05/element/f.615B31F35ECDE76F4064C3ADAC5820DC.d.851D521393E3036BAA68BEEA6477A39D.e.4351/value - {"text":"webdriversecond4u2qr"}
COMMAND: GET /session/d64c8a9d67ae429a1af470fcb6f0cd05/screenshot - {}
RESULT: {"text":"webdriversecond4u2qr"}
RESULT: undefined
COMMAND: POST /session/d64c8a9d67ae429a1af470fcb6f0cd05/element - {"using":"xpath","value":"//*[@id=\"__button112\"]"}
COMMAND: GET /session/d64c8a9d67ae429a1af470fcb6f0cd05/screenshot - {}
RESULT: {}
RESULT: {"using":"xpath","value":"//*[@id=\"__button112\"]"}
COMMAND: POST /session/d64c8a9d67ae429a1af470fcb6f0cd05/element/f.615B31F35ECDE76F4064C3ADAC5820DC.d.851D521393E3036BAA68BEEA6477A39D.e.4355/click - {}
RESULT: {}
RESULT: {}
COMMAND: GET /session/d64c8a9d67ae429a1af470fcb6f0cd05/screenshot - {}
RESULT: {}
COMMAND: POST /session/d64c8a9d67ae429a1af470fcb6f0cd05/element - {"using":"xpath","value":"//button[@title=\"Save\"]"}
RESULT: {"using":"xpath","value":"//button[@title=\"Save\"]"}
COMMAND: POST /session/d64c8a9d67ae429a1af470fcb6f0cd05/element/f.615B31F35ECDE76F4064C3ADAC5820DC.d.851D521393E3036BAA68BEEA6477A39D.e.4332/click - {}
RESULT: {}
COMMAND: GET /session/d64c8a9d67ae429a1af470fcb6f0cd05/screenshot - {}
RESULT: {}
RESULT: undefined
COMMAND: POST /session/d64c8a9d67ae429a1af470fcb6f0cd05/element - {"using":"xpath","value":"//*[@id=\"__button137-img\"]"}
RESULT: {"using":"xpath","value":"//*[@id=\"__button137-img\"]"}
COMMAND: POST /session/d64c8a9d67ae429a1af470fcb6f0cd05/element/f.615B31F35ECDE76F4064C3ADAC5820DC.d.851D521393E3036BAA68BEEA6477A39D.e.4300/click - {}
RESULT: {}
COMMAND: GET /session/d64c8a9d67ae429a1af470fcb6f0cd05/screenshot - {}
RESULT: {}
RESULT: undefined
COMMAND: POST /session/d64c8a9d67ae429a1af470fcb6f0cd05/element - {"using":"xpath","value":"//*[@id=\"__button110-img\"]"}
RESULT: {"using":"xpath","value":"//*[@id=\"__button110-img\"]"}
COMMAND: POST /session/d64c8a9d67ae429a1af470fcb6f0cd05/element/f.615B31F35ECDE76F4064C3ADAC5820DC.d.851D521393E3036BAA68BEEA6477A39D.e.4395/click - {}
RESULT: {}
COMMAND: GET /session/d64c8a9d67ae429a1af470fcb6f0cd05/screenshot - {}
RESULT: {}
RESULT: undefined
COMMAND: POST /session/d64c8a9d67ae429a1af470fcb6f0cd05/execute/async - {"script":"<script> [776 bytes]","args":[{"enterText":"SecondSectiongyusjj","selector":{"id":"application-managecatalogs-display-component---masterCatalogItems--searchItemsField","interaction":{"idSuffix":"I"}},"clearTextFirst":true,"interactionType":"ENTER_TEXT"}]}
RESULT: {"script":"<script> [776 bytes]","args":[{"enterText":"SecondSectiongyusjj","selector":{"id":"application-managecatalogs-display-component---masterCatalogItems--searchItemsField","interaction":{"idSuffix":"I"}},"clearTextFirst":true,"interactionType":"ENTER_TEXT"}]}
COMMAND: POST /session/d64c8a9d67ae429a1af470fcb6f0cd05/actions - {"actions":[{"id":"action11","type":"key","parameters":{},"actions":[{"type":"keyDown","value":"î€‡"},{"type":"pause","duration":10},{"type":"keyUp","value":"î€‡"}]}]}
RESULT: {"actions":[{"id":"action11","type":"key","parameters":{},"actions":[{"type":"keyDown","value":"î€‡"},{"type":"pause","duration":10},{"type":"keyUp","value":"î€‡"}]}]}
COMMAND: POST /session/d64c8a9d67ae429a1af470fcb6f0cd05/element - {"using":"xpath","value":"(//span[contains(text(), \"SecondSectiongyusjj\")])[1]"}
COMMAND: GET /session/d64c8a9d67ae429a1af470fcb6f0cd05/screenshot - {}
RESULT: {"using":"xpath","value":"(//span[contains(text(), \"SecondSectiongyusjj\")])[1]"}
COMMAND: POST /session/d64c8a9d67ae429a1af470fcb6f0cd05/element/f.615B31F35ECDE76F4064C3ADAC5820DC.d.851D521393E3036BAA68BEEA6477A39D.e.4398/click - {}
RESULT: {}
RESULT: {}
COMMAND: POST /session/d64c8a9d67ae429a1af470fcb6f0cd05/element - {"using":"xpath","value":"(//span[contains(text(), \"SecondSectiongyusjj\")])[1]"}
COMMAND: GET /session/d64c8a9d67ae429a1af470fcb6f0cd05/screenshot - {}
RESULT: {"using":"xpath","value":"(//span[contains(text(), \"SecondSectiongyusjj\")])[1]"}
COMMAND: GET /session/d64c8a9d67ae429a1af470fcb6f0cd05/element/f.615B31F35ECDE76F4064C3ADAC5820DC.d.851D521393E3036BAA68BEEA6477A39D.e.4398/text - {}
RESULT: {}
COMMAND: POST /session/d64c8a9d67ae429a1af470fcb6f0cd05/element - {"using":"xpath","value":"(//span[contains(text(), \"SecondSectiongyusjj\")])[1]"}
RESULT: {"using":"xpath","value":"(//span[contains(text(), \"SecondSectiongyusjj\")])[1]"}
COMMAND: GET /session/d64c8a9d67ae429a1af470fcb6f0cd05/element/f.615B31F35ECDE76F4064C3ADAC5820DC.d.851D521393E3036BAA68BEEA6477A39D.e.4398/text - {}
COMMAND: POST /session/d64c8a9d67ae429a1af470fcb6f0cd05/element - {"using":"xpath","value":"(//span[contains(text(), \"SecondSectiongyusjj\")])[1]"}
RESULT: {"using":"xpath","value":"(//span[contains(text(), \"SecondSectiongyusjj\")])[1]"}
COMMAND: GET /session/d64c8a9d67ae429a1af470fcb6f0cd05/element/f.615B31F35ECDE76F4064C3ADAC5820DC.d.851D521393E3036BAA68BEEA6477A39D.e.4451/text - {}
RESULT: {}
COMMAND: POST /session/d64c8a9d67ae429a1af470fcb6f0cd05/refresh - {}
RESULT: {}
COMMAND: GET /session/d64c8a9d67ae429a1af470fcb6f0cd05/screenshot - {}
RESULT: {}
COMMAND: POST /session/d64c8a9d67ae429a1af470fcb6f0cd05/execute/async - {"script":"<script> [189 bytes]","args":[]}
RESULT: {"script":"<script> [189 bytes]","args":[]}
COMMAND: POST /session/d64c8a9d67ae429a1af470fcb6f0cd05/execute/async - {"script":"<script> [123 bytes]","args":[]}
RESULT: {"script":"<script> [123 bytes]","args":[]}
COMMAND: POST /session/d64c8a9d67ae429a1af470fcb6f0cd05/timeouts - {"script":"<number>"}
RESULT: {"script":"<number>"}
COMMAND: GET /session/d64c8a9d67ae429a1af470fcb6f0cd05/timeouts - {}
RESULT: {}
RESULT: undefined
COMMAND: POST /session/d64c8a9d67ae429a1af470fcb6f0cd05/execute/async - {"script":"<script> [2676 bytes]","args":[]}
RESULT: {"script":"<script> [2676 bytes]","args":[]}
COMMAND: POST /session/d64c8a9d67ae429a1af470fcb6f0cd05/execute/async - {"script":"<script> [2342 bytes]","args":[{"protocol":"http","hostname":"0.0.0.0","path":"/","capabilities":{"browserName":"chrome","goog:chromeOptions":{"binary":"C:\\Program Files\\Google\\Chrome\\Application\\chrome.exe","args":["--start-maximized"]}},"logLevel":"warn","connectionRetryTimeout":120000,"connectionRetryCount":3,"logLevels":{},"enableDirectConnect":true,"strictSSL":true,"_":"65 more keys: [\"cacheDir\",\"port\",\"requestedCapabilities\",\"automationProtocol\",\"baseUrl\",\"waitforInterval\",\"waitforTimeout\",\"onReload\",\"beforeCommand\",\"afterCommand\",\"rootDir\",\"specs\",\"suites\",\"exclude\",\"groupLogsByTestSpec\",\"excludeDriverLogs\",\"bail\",\"framework\",\"reporters\",\"services\",\"maxInstances\",\"maxInstancesPerCapability\",\"injectGlobals\",\"filesToWatch\",\"execArgv\",\"runnerEnv\",\"runner\",\"shard\",\"specFileRetries\",\"specFileRetriesDelay\",\"specFileRetriesDeferred\",\"reporterSyncInterval\",\"reporterSyncTimeout\",\"cucumberFeaturesWithLineNumbers\",\"autoCompileOpts\",\"mochaOpts\",\"jasmineOpts\",\"cucumberOpts\",\"onPrepare\",\"onWorkerStart\",\"onWorkerEnd\",\"before\",\"beforeSession\",\"beforeSuite\",\"beforeHook\",\"beforeTest\",\"afterTest\",\"afterHook\",\"afterSuite\",\"afterSession\",\"after\",\"onComplete\",\"beforeAssertion\",\"afterAssertion\",\"beforeFeature\",\"beforeScenario\",\"beforeStep\",\"afterStep\",\"afterScenario\",\"afterFeature\",\"_\",\"suite\",\"$0\",\"ignoredWorkerServices\",\"wdi5\"]"}]}
RESULT: {"script":"<script> [2342 bytes]","args":[{"protocol":"http","hostname":"0.0.0.0","path":"/","capabilities":{"browserName":"chrome","goog:chromeOptions":{"binary":"C:\\Program Files\\Google\\Chrome\\Application\\chrome.exe","args":["--start-maximized"]}},"logLevel":"warn","connectionRetryTimeout":120000,"connectionRetryCount":3,"logLevels":{},"enableDirectConnect":true,"strictSSL":true,"_":"65 more keys: [\"cacheDir\",\"port\",\"requestedCapabilities\",\"automationProtocol\",\"baseUrl\",\"waitforInterval\",\"waitforTimeout\",\"onReload\",\"beforeCommand\",\"afterCommand\",\"rootDir\",\"specs\",\"suites\",\"exclude\",\"groupLogsByTestSpec\",\"excludeDriverLogs\",\"bail\",\"framework\",\"reporters\",\"services\",\"maxInstances\",\"maxInstancesPerCapability\",\"injectGlobals\",\"filesToWatch\",\"execArgv\",\"runnerEnv\",\"runner\",\"shard\",\"specFileRetries\",\"specFileRetriesDelay\",\"specFileRetriesDeferred\",\"reporterSyncInterval\",\"reporterSyncTimeout\",\"cucumberFeaturesWithLineNumbers\",\"autoCompileOpts\",\"mochaOpts\",\"jasmineOpts\",\"cucumberOpts\",\"onPrepare\",\"onWorkerStart\",\"onWorkerEnd\",\"before\",\"beforeSession\",\"beforeSuite\",\"beforeHook\",\"beforeTest\",\"afterTest\",\"afterHook\",\"afterSuite\",\"afterSession\",\"after\",\"onComplete\",\"beforeAssertion\",\"afterAssertion\",\"beforeFeature\",\"beforeScenario\",\"beforeStep\",\"afterStep\",\"afterScenario\",\"afterFeature\",\"_\",\"suite\",\"$0\",\"ignoredWorkerServices\",\"wdi5\"]"}]}
COMMAND: POST /session/d64c8a9d67ae429a1af470fcb6f0cd05/execute/async - {"script":"<script> [21126 bytes]","args":[35000]}
RESULT: {"script":"<script> [21126 bytes]","args":[35000]}
COMMAND: POST /session/d64c8a9d67ae429a1af470fcb6f0cd05/execute/async - {"script":"<script> [1562 bytes]","args":[{"selector":{"controlType":"sap.m.Button","viewName":"etm.portal.ui.managecatalogs.view.Detail","viewId":"application-managecatalogs-display-component---detailCatalog","i18NText":{"propertyName":"text","key":"edit"},"interaction":{"idSuffix":"BDI-content"}},"wdio_ui5_key":"etmportal.ui.managecatalogs.view.Detailsap.m.Button{\"propertyName\":\"text\",\"key\":\"edit\"}"}]}
RESULT: {"script":"<script> [1562 bytes]","args":[{"selector":{"controlType":"sap.m.Button","viewName":"etm.portal.ui.managecatalogs.view.Detail","viewId":"application-managecatalogs-display-component---detailCatalog","i18NText":{"propertyName":"text","key":"edit"},"interaction":{"idSuffix":"BDI-content"}},"wdio_ui5_key":"etmportal.ui.managecatalogs.view.Detailsap.m.Button{\"propertyName\":\"text\",\"key\":\"edit\"}"}]}
RESULT: undefined
COMMAND: POST /session/d64c8a9d67ae429a1af470fcb6f0cd05/element - {"using":"xpath","value":"//*[@id=\"__button25\"]"}
RESULT: {"using":"xpath","value":"//*[@id=\"__button25\"]"}
COMMAND: POST /session/d64c8a9d67ae429a1af470fcb6f0cd05/element/f.615B31F35ECDE76F4064C3ADAC5820DC.d.75F885222ABD7890A70826821D87E254.e.4510/click - {}
RESULT: {}
COMMAND: GET /session/d64c8a9d67ae429a1af470fcb6f0cd05/screenshot - {}
RESULT: {}
COMMAND: POST /session/d64c8a9d67ae429a1af470fcb6f0cd05/element - {"using":"xpath","value":"//button[contains(@title ,\"Create Catalog Item\")]"}
RESULT: {"using":"xpath","value":"//button[contains(@title ,\"Create Catalog Item\")]"}
COMMAND: POST /session/d64c8a9d67ae429a1af470fcb6f0cd05/element/f.615B31F35ECDE76F4064C3ADAC5820DC.d.75F885222ABD7890A70826821D87E254.e.4517/click - {}
RESULT: {}
COMMAND: POST /session/d64c8a9d67ae429a1af470fcb6f0cd05/execute/async - {"script":"<script> [1562 bytes]","args":[{"selector":{"id":"application-managecatalogs-display-component---detailCatalog--newItemNumberInput","searchOpenDialogs":true,"interaction":{"idSuffix":"inner"}},"wdio_ui5_key":"applicationmanagecatalogs-display-component---detailCatalog--newItemNumberInput"}]}
COMMAND: GET /session/d64c8a9d67ae429a1af470fcb6f0cd05/screenshot - {}
RESULT: {"script":"<script> [1562 bytes]","args":[{"selector":{"id":"application-managecatalogs-display-component---detailCatalog--newItemNumberInput","searchOpenDialogs":true,"interaction":{"idSuffix":"inner"}},"wdio_ui5_key":"applicationmanagecatalogs-display-component---detailCatalog--newItemNumberInput"}]}
RESULT: undefined
COMMAND: POST /session/d64c8a9d67ae429a1af470fcb6f0cd05/execute/async - {"script":"<script> [776 bytes]","args":[{"enterText":"catalogItem25ungj","selector":{"id":"application-managecatalogs-display-component---detailCatalog--newItemNumberInput","searchOpenDialogs":true,"interaction":{"idSuffix":"inner"}},"clearTextFirst":true,"interactionType":"ENTER_TEXT"}]}
RESULT: {}
RESULT: {"script":"<script> [776 bytes]","args":[{"enterText":"catalogItem25ungj","selector":{"id":"application-managecatalogs-display-component---detailCatalog--newItemNumberInput","searchOpenDialogs":true,"interaction":{"idSuffix":"inner"}},"clearTextFirst":true,"interactionType":"ENTER_TEXT"}]}
COMMAND: POST /session/d64c8a9d67ae429a1af470fcb6f0cd05/execute/async - {"script":"<script> [1562 bytes]","args":[{"selector":{"controlType":"sap.m.Input","viewName":"etm.portal.ui.managecatalogs.view.Detail","viewId":"application-managecatalogs-display-component---detailCatalog","bindingPath":{"path":"","propertyPath":"/DESCRIPTION"},"searchOpenDialogs":true,"interaction":{"idSuffix":"inner"}},"wdio_ui5_key":"etmportal.ui.managecatalogs.view.Detailsap.m.Input{\"path\":\"\",\"propertyPath\":\"/DESCRIPTION\"}"}]}
RESULT: {"script":"<script> [1562 bytes]","args":[{"selector":{"controlType":"sap.m.Input","viewName":"etm.portal.ui.managecatalogs.view.Detail","viewId":"application-managecatalogs-display-component---detailCatalog","bindingPath":{"path":"","propertyPath":"/DESCRIPTION"},"searchOpenDialogs":true,"interaction":{"idSuffix":"inner"}},"wdio_ui5_key":"etmportal.ui.managecatalogs.view.Detailsap.m.Input{\"path\":\"\",\"propertyPath\":\"/DESCRIPTION\"}"}]}
RESULT: undefined
COMMAND: POST /session/d64c8a9d67ae429a1af470fcb6f0cd05/execute/async - {"script":"<script> [776 bytes]","args":[{"enterText":"catalogItemName0q9c8","selector":{"controlType":"sap.m.Input","viewName":"etm.portal.ui.managecatalogs.view.Detail","viewId":"application-managecatalogs-display-component---detailCatalog","bindingPath":{"path":"","propertyPath":"/DESCRIPTION"},"searchOpenDialogs":true,"interaction":{"idSuffix":"inner"}},"clearTextFirst":true,"interactionType":"ENTER_TEXT"}]}
RESULT: {"script":"<script> [776 bytes]","args":[{"enterText":"catalogItemName0q9c8","selector":{"controlType":"sap.m.Input","viewName":"etm.portal.ui.managecatalogs.view.Detail","viewId":"application-managecatalogs-display-component---detailCatalog","bindingPath":{"path":"","propertyPath":"/DESCRIPTION"},"searchOpenDialogs":true,"interaction":{"idSuffix":"inner"}},"clearTextFirst":true,"interactionType":"ENTER_TEXT"}]}
COMMAND: POST /session/d64c8a9d67ae429a1af470fcb6f0cd05/actions - {"actions":[{"id":"action12","type":"key","parameters":{},"actions":[{"type":"keyDown","value":"î€„"},{"type":"pause","duration":10},{"type":"keyUp","value":"î€„"}]}]}
RESULT: {"actions":[{"id":"action12","type":"key","parameters":{},"actions":[{"type":"keyDown","value":"î€„"},{"type":"pause","duration":10},{"type":"keyUp","value":"î€„"}]}]}
COMMAND: GET /session/d64c8a9d67ae429a1af470fcb6f0cd05/screenshot - {}
RESULT: {}
COMMAND: POST /session/d64c8a9d67ae429a1af470fcb6f0cd05/actions - {"actions":[{"id":"action13","type":"key","parameters":{},"actions":[{"type":"keyDown","value":"î€‡"},{"type":"pause","duration":10},{"type":"keyUp","value":"î€‡"}]}]}
RESULT: {"actions":[{"id":"action13","type":"key","parameters":{},"actions":[{"type":"keyDown","value":"î€‡"},{"type":"pause","duration":10},{"type":"keyUp","value":"î€‡"}]}]}
COMMAND: GET /session/d64c8a9d67ae429a1af470fcb6f0cd05/screenshot - {}
RESULT: {}
COMMAND: POST /session/d64c8a9d67ae429a1af470fcb6f0cd05/element - {"using":"xpath","value":"//button[@title=\"Save\"]"}
RESULT: {"using":"xpath","value":"//button[@title=\"Save\"]"}
COMMAND: POST /session/d64c8a9d67ae429a1af470fcb6f0cd05/element/f.615B31F35ECDE76F4064C3ADAC5820DC.d.75F885222ABD7890A70826821D87E254.e.4526/click - {}
RESULT: {}
COMMAND: GET /session/d64c8a9d67ae429a1af470fcb6f0cd05/screenshot - {}
RESULT: {}
COMMAND: POST /session/d64c8a9d67ae429a1af470fcb6f0cd05/execute/async - {"script":"<script> [1562 bytes]","args":[{"selector":{"controlType":"sap.ui.core.Icon","viewName":"etm.portal.ui.managecatalogs.view.Detail","viewId":"application-managecatalogs-display-component---detailCatalog","properties":{"src":{"regex":{"source":"decline"}}}},"wdio_ui5_key":"etmportal.ui.managecatalogs.view.Detailsap.ui.core.Icon{\"src\":{\"regex\":{\"source\":\"decline\"}}}"}]}
RESULT: {"script":"<script> [1562 bytes]","args":[{"selector":{"controlType":"sap.ui.core.Icon","viewName":"etm.portal.ui.managecatalogs.view.Detail","viewId":"application-managecatalogs-display-component---detailCatalog","properties":{"src":{"regex":{"source":"decline"}}}},"wdio_ui5_key":"etmportal.ui.managecatalogs.view.Detailsap.ui.core.Icon{\"src\":{\"regex\":{\"source\":\"decline\"}}}"}]}
RESULT: undefined
COMMAND: POST /session/d64c8a9d67ae429a1af470fcb6f0cd05/element - {"using":"xpath","value":"//*[@id=\"__button28-img\"]"}
RESULT: {"using":"xpath","value":"//*[@id=\"__button28-img\"]"}
COMMAND: POST /session/d64c8a9d67ae429a1af470fcb6f0cd05/element/f.615B31F35ECDE76F4064C3ADAC5820DC.d.75F885222ABD7890A70826821D87E254.e.4532/click - {}
RESULT: {}
COMMAND: GET /session/d64c8a9d67ae429a1af470fcb6f0cd05/screenshot - {}
RESULT: {}
COMMAND: POST /session/d64c8a9d67ae429a1af470fcb6f0cd05/execute/async - {"script":"<script> [1562 bytes]","args":[{"selector":{"controlType":"sap.ui.core.Icon","viewName":"etm.portal.ui.managecatalogs.view.MasterItems","viewId":"application-managecatalogs-display-component---masterCatalogItems","properties":{"src":{"regex":{"source":"refresh"}}}},"wdio_ui5_key":"etmportal.ui.managecatalogs.view.MasterItemssap.ui.core.Icon{\"src\":{\"regex\":{\"source\":\"refresh\"}}}"}]}
RESULT: {"script":"<script> [1562 bytes]","args":[{"selector":{"controlType":"sap.ui.core.Icon","viewName":"etm.portal.ui.managecatalogs.view.MasterItems","viewId":"application-managecatalogs-display-component---masterCatalogItems","properties":{"src":{"regex":{"source":"refresh"}}}},"wdio_ui5_key":"etmportal.ui.managecatalogs.view.MasterItemssap.ui.core.Icon{\"src\":{\"regex\":{\"source\":\"refresh\"}}}"}]}
RESULT: undefined
COMMAND: POST /session/d64c8a9d67ae429a1af470fcb6f0cd05/element - {"using":"xpath","value":"//*[@id=\"__button1-img\"]"}
RESULT: {"using":"xpath","value":"//*[@id=\"__button1-img\"]"}
COMMAND: POST /session/d64c8a9d67ae429a1af470fcb6f0cd05/element/f.615B31F35ECDE76F4064C3ADAC5820DC.d.75F885222ABD7890A70826821D87E254.e.4540/click - {}
RESULT: {}
COMMAND: GET /session/d64c8a9d67ae429a1af470fcb6f0cd05/screenshot - {}
RESULT: {}
COMMAND: POST /session/d64c8a9d67ae429a1af470fcb6f0cd05/execute/async - {"script":"<script> [1562 bytes]","args":[{"selector":{"id":"application-managecatalogs-display-component---masterCatalogItems--searchItemsField","interaction":{"idSuffix":"I"}},"wdio_ui5_key":"applicationmanagecatalogs-display-component---masterCatalogItems--searchItemsField"}]}
RESULT: {"script":"<script> [1562 bytes]","args":[{"selector":{"id":"application-managecatalogs-display-component---masterCatalogItems--searchItemsField","interaction":{"idSuffix":"I"}},"wdio_ui5_key":"applicationmanagecatalogs-display-component---masterCatalogItems--searchItemsField"}]}
RESULT: undefined
COMMAND: POST /session/d64c8a9d67ae429a1af470fcb6f0cd05/execute/async - {"script":"<script> [776 bytes]","args":[{"enterText":"catalogItemName0q9c8","selector":{"id":"application-managecatalogs-display-component---masterCatalogItems--searchItemsField","interaction":{"idSuffix":"I"}},"clearTextFirst":true,"interactionType":"ENTER_TEXT"}]}
RESULT: {"script":"<script> [776 bytes]","args":[{"enterText":"catalogItemName0q9c8","selector":{"id":"application-managecatalogs-display-component---masterCatalogItems--searchItemsField","interaction":{"idSuffix":"I"}},"clearTextFirst":true,"interactionType":"ENTER_TEXT"}]}
COMMAND: POST /session/d64c8a9d67ae429a1af470fcb6f0cd05/actions - {"actions":[{"id":"action14","type":"key","parameters":{},"actions":[{"type":"keyDown","value":"î€‡"},{"type":"pause","duration":10},{"type":"keyUp","value":"î€‡"}]}]}
RESULT: {"actions":[{"id":"action14","type":"key","parameters":{},"actions":[{"type":"keyDown","value":"î€‡"},{"type":"pause","duration":10},{"type":"keyUp","value":"î€‡"}]}]}
COMMAND: POST /session/d64c8a9d67ae429a1af470fcb6f0cd05/element - {"using":"xpath","value":"(//span[contains(text(), \"catalogItemName0q9c8\")])[1]"}
COMMAND: GET /session/d64c8a9d67ae429a1af470fcb6f0cd05/screenshot - {}
RESULT: {"using":"xpath","value":"(//span[contains(text(), \"catalogItemName0q9c8\")])[1]"}
COMMAND: POST /session/d64c8a9d67ae429a1af470fcb6f0cd05/element/f.615B31F35ECDE76F4064C3ADAC5820DC.d.75F885222ABD7890A70826821D87E254.e.4577/click - {}
RESULT: {}
RESULT: {}
COMMAND: GET /session/d64c8a9d67ae429a1af470fcb6f0cd05/screenshot - {}
RESULT: {}
COMMAND: POST /session/d64c8a9d67ae429a1af470fcb6f0cd05/element - {"using":"xpath","value":"//span[contains(text(), \"catalogItem25ungj\")]"}
RESULT: {"using":"xpath","value":"//span[contains(text(), \"catalogItem25ungj\")]"}
COMMAND: GET /session/d64c8a9d67ae429a1af470fcb6f0cd05/element/f.615B31F35ECDE76F4064C3ADAC5820DC.d.75F885222ABD7890A70826821D87E254.e.4638/text - {}
RESULT: {}
]]></system-out>
    </testcase>
    <testcase classname="chrome.136_0_7103_93.windows.Standard_contract_-_add_contract_items_by_Insert_Request_US118222" name="Should assign resources to the catalog item" time="66.06">
      <system-out><![CDATA[
RESULT: undefined
COMMAND: POST /session/d64c8a9d67ae429a1af470fcb6f0cd05/element - {"using":"xpath","value":"//*[@id=\"__button25\"]"}
RESULT: {"using":"xpath","value":"//*[@id=\"__button25\"]"}
COMMAND: POST /session/d64c8a9d67ae429a1af470fcb6f0cd05/element/f.615B31F35ECDE76F4064C3ADAC5820DC.d.75F885222ABD7890A70826821D87E254.e.4639/click - {}
RESULT: {}
COMMAND: GET /session/d64c8a9d67ae429a1af470fcb6f0cd05/screenshot - {}
RESULT: {}
COMMAND: POST /session/d64c8a9d67ae429a1af470fcb6f0cd05/execute/async - {"script":"<script> [1562 bytes]","args":[{"selector":{"id":"application-managecatalogs-display-component---detailCatalog--BASE_UNIT_OF_MEASURE-arrow"},"wdio_ui5_key":"applicationmanagecatalogs-display-component---detailCatalog--BASE_UNIT_OF_MEASURE-arrow"}]}
RESULT: {"script":"<script> [1562 bytes]","args":[{"selector":{"id":"application-managecatalogs-display-component---detailCatalog--BASE_UNIT_OF_MEASURE-arrow"},"wdio_ui5_key":"applicationmanagecatalogs-display-component---detailCatalog--BASE_UNIT_OF_MEASURE-arrow"}]}
RESULT: undefined
COMMAND: POST /session/d64c8a9d67ae429a1af470fcb6f0cd05/element - {"using":"xpath","value":"//*[@id=\"application-managecatalogs-display-component---detailCatalog--BASE_UNIT_OF_MEASURE-arrow\"]"}
RESULT: {"using":"xpath","value":"//*[@id=\"application-managecatalogs-display-component---detailCatalog--BASE_UNIT_OF_MEASURE-arrow\"]"}
COMMAND: POST /session/d64c8a9d67ae429a1af470fcb6f0cd05/element/f.615B31F35ECDE76F4064C3ADAC5820DC.d.75F885222ABD7890A70826821D87E254.e.4669/click - {}
RESULT: {}
COMMAND: POST /session/d64c8a9d67ae429a1af470fcb6f0cd05/execute/async - {"script":"<script> [1562 bytes]","args":[{"selector":{"controlType":"sap.m.StandardListItem","viewName":"etm.portal.ui.managecatalogs.view.Detail","viewId":"application-managecatalogs-display-component---detailCatalog","properties":{"title":"Piece"},"searchOpenDialogs":true,"interaction":{"idSuffix":"titleText"}},"wdio_ui5_key":"etmportal.ui.managecatalogs.view.Detailsap.m.StandardListItem{\"title\":\"Piece\"}"}]}
COMMAND: GET /session/d64c8a9d67ae429a1af470fcb6f0cd05/screenshot - {}
RESULT: {"script":"<script> [1562 bytes]","args":[{"selector":{"controlType":"sap.m.StandardListItem","viewName":"etm.portal.ui.managecatalogs.view.Detail","viewId":"application-managecatalogs-display-component---detailCatalog","properties":{"title":"Piece"},"searchOpenDialogs":true,"interaction":{"idSuffix":"titleText"}},"wdio_ui5_key":"etmportal.ui.managecatalogs.view.Detailsap.m.StandardListItem{\"title\":\"Piece\"}"}]}
RESULT: undefined
COMMAND: POST /session/d64c8a9d67ae429a1af470fcb6f0cd05/element - {"using":"xpath","value":"//*[@id=\"__item218\"]"}
RESULT: {}
RESULT: {"using":"xpath","value":"//*[@id=\"__item218\"]"}
COMMAND: POST /session/d64c8a9d67ae429a1af470fcb6f0cd05/element/f.615B31F35ECDE76F4064C3ADAC5820DC.d.75F885222ABD7890A70826821D87E254.e.4673/click - {}
RESULT: {}
COMMAND: POST /session/d64c8a9d67ae429a1af470fcb6f0cd05/execute/async - {"script":"<script> [1562 bytes]","args":[{"selector":{"id":"application-managecatalogs-display-component---detailCatalog--ObjectPageLayout-anchBar-application-managecatalogs-display-component---detailCatalog--sectionRUs-anchor","interaction":{"idSuffix":"BDI-content"}},"wdio_ui5_key":"applicationmanagecatalogs-display-component---detailCatalog--ObjectPageLayout-anchBar-application-managecatalogs-display-component---detailCatalog--sectionRUs-anchor"}]}
COMMAND: GET /session/d64c8a9d67ae429a1af470fcb6f0cd05/screenshot - {}
RESULT: {"script":"<script> [1562 bytes]","args":[{"selector":{"id":"application-managecatalogs-display-component---detailCatalog--ObjectPageLayout-anchBar-application-managecatalogs-display-component---detailCatalog--sectionRUs-anchor","interaction":{"idSuffix":"BDI-content"}},"wdio_ui5_key":"applicationmanagecatalogs-display-component---detailCatalog--ObjectPageLayout-anchBar-application-managecatalogs-display-component---detailCatalog--sectionRUs-anchor"}]}
RESULT: undefined
COMMAND: POST /session/d64c8a9d67ae429a1af470fcb6f0cd05/element - {"using":"xpath","value":"//*[@id=\"application-managecatalogs-display-component---detailCatalog--ObjectPageLayout-anchBar-application-managecatalogs-display-component---detailCatalog--sectionRUs-anchor\"]"}
RESULT: {}
RESULT: {"using":"xpath","value":"//*[@id=\"application-managecatalogs-display-component---detailCatalog--ObjectPageLayout-anchBar-application-managecatalogs-display-component---detailCatalog--sectionRUs-anchor\"]"}
COMMAND: POST /session/d64c8a9d67ae429a1af470fcb6f0cd05/element/f.615B31F35ECDE76F4064C3ADAC5820DC.d.75F885222ABD7890A70826821D87E254.e.4675/click - {}
RESULT: {}
COMMAND: POST /session/d64c8a9d67ae429a1af470fcb6f0cd05/element - {"using":"xpath","value":"//button[contains(@data-kt ,\"catalogItemAssignRuButton\")]"}
COMMAND: GET /session/d64c8a9d67ae429a1af470fcb6f0cd05/screenshot - {}
RESULT: {"using":"xpath","value":"//button[contains(@data-kt ,\"catalogItemAssignRuButton\")]"}
COMMAND: POST /session/d64c8a9d67ae429a1af470fcb6f0cd05/element/f.615B31F35ECDE76F4064C3ADAC5820DC.d.75F885222ABD7890A70826821D87E254.e.4679/click - {}
RESULT: {}
RESULT: {}
COMMAND: GET /session/d64c8a9d67ae429a1af470fcb6f0cd05/screenshot - {}
RESULT: {}
COMMAND: POST /session/d64c8a9d67ae429a1af470fcb6f0cd05/actions - {"actions":[{"id":"action15","type":"key","parameters":{},"actions":[{"type":"keyDown","value":"î€‡"},{"type":"pause","duration":10},{"type":"keyUp","value":"î€‡"}]}]}
RESULT: {"actions":[{"id":"action15","type":"key","parameters":{},"actions":[{"type":"keyDown","value":"î€‡"},{"type":"pause","duration":10},{"type":"keyUp","value":"î€‡"}]}]}
COMMAND: POST /session/d64c8a9d67ae429a1af470fcb6f0cd05/execute/async - {"script":"<script> [1562 bytes]","args":[{"selector":{"id":"application-managecatalogs-display-component---detailCatalog--assignRUSearchField-vhi","searchOpenDialogs":true},"wdio_ui5_key":"applicationmanagecatalogs-display-component---detailCatalog--assignRUSearchField-vhi"}]}
COMMAND: GET /session/d64c8a9d67ae429a1af470fcb6f0cd05/screenshot - {}
RESULT: {"script":"<script> [1562 bytes]","args":[{"selector":{"id":"application-managecatalogs-display-component---detailCatalog--assignRUSearchField-vhi","searchOpenDialogs":true},"wdio_ui5_key":"applicationmanagecatalogs-display-component---detailCatalog--assignRUSearchField-vhi"}]}
RESULT: undefined
COMMAND: POST /session/d64c8a9d67ae429a1af470fcb6f0cd05/element - {"using":"xpath","value":"//*[@id=\"application-managecatalogs-display-component---detailCatalog--assignRUSearchField-vhi\"]"}
RESULT: {}
RESULT: {"using":"xpath","value":"//*[@id=\"application-managecatalogs-display-component---detailCatalog--assignRUSearchField-vhi\"]"}
COMMAND: POST /session/d64c8a9d67ae429a1af470fcb6f0cd05/element/f.615B31F35ECDE76F4064C3ADAC5820DC.d.75F885222ABD7890A70826821D87E254.e.4702/click - {}
RESULT: {}
COMMAND: GET /session/d64c8a9d67ae429a1af470fcb6f0cd05/screenshot - {}
RESULT: {}
COMMAND: POST /session/d64c8a9d67ae429a1af470fcb6f0cd05/element - {"using":"xpath","value":"//input[contains(@id ,\"searchField-I\")]"}
RESULT: {"using":"xpath","value":"//input[contains(@id ,\"searchField-I\")]"}
COMMAND: POST /session/d64c8a9d67ae429a1af470fcb6f0cd05/element/f.615B31F35ECDE76F4064C3ADAC5820DC.d.75F885222ABD7890A70826821D87E254.e.4704/clear - {}
RESULT: {}
COMMAND: POST /session/d64c8a9d67ae429a1af470fcb6f0cd05/element/f.615B31F35ECDE76F4064C3ADAC5820DC.d.75F885222ABD7890A70826821D87E254.e.4704/value - {"text":"WdIOTestEquip9q136"}
COMMAND: GET /session/d64c8a9d67ae429a1af470fcb6f0cd05/screenshot - {}
RESULT: {"text":"WdIOTestEquip9q136"}
COMMAND: GET /session/d64c8a9d67ae429a1af470fcb6f0cd05/screenshot - {}
RESULT: {}
RESULT: {}
COMMAND: POST /session/d64c8a9d67ae429a1af470fcb6f0cd05/actions - {"actions":[{"id":"action16","type":"key","parameters":{},"actions":[{"type":"keyDown","value":"î€‡"},{"type":"pause","duration":10},{"type":"keyUp","value":"î€‡"}]}]}
RESULT: {"actions":[{"id":"action16","type":"key","parameters":{},"actions":[{"type":"keyDown","value":"î€‡"},{"type":"pause","duration":10},{"type":"keyUp","value":"î€‡"}]}]}
COMMAND: GET /session/d64c8a9d67ae429a1af470fcb6f0cd05/screenshot - {}
RESULT: {}
COMMAND: POST /session/d64c8a9d67ae429a1af470fcb6f0cd05/actions - {"actions":[{"id":"action17","type":"key","parameters":{},"actions":[{"type":"keyDown","value":"î€„"},{"type":"pause","duration":10},{"type":"keyUp","value":"î€„"}]}]}
RESULT: {"actions":[{"id":"action17","type":"key","parameters":{},"actions":[{"type":"keyDown","value":"î€„"},{"type":"pause","duration":10},{"type":"keyUp","value":"î€„"}]}]}
COMMAND: GET /session/d64c8a9d67ae429a1af470fcb6f0cd05/screenshot - {}
RESULT: {}
COMMAND: POST /session/d64c8a9d67ae429a1af470fcb6f0cd05/actions - {"actions":[{"id":"action18","type":"key","parameters":{},"actions":[{"type":"keyDown","value":"î€‡"},{"type":"pause","duration":10},{"type":"keyUp","value":"î€‡"}]}]}
RESULT: {"actions":[{"id":"action18","type":"key","parameters":{},"actions":[{"type":"keyDown","value":"î€‡"},{"type":"pause","duration":10},{"type":"keyUp","value":"î€‡"}]}]}
COMMAND: GET /session/d64c8a9d67ae429a1af470fcb6f0cd05/screenshot - {}
RESULT: {}
COMMAND: POST /session/d64c8a9d67ae429a1af470fcb6f0cd05/element - {"using":"xpath","value":"//bdi[contains(@id ,\"application-managecatalogs-display-component---detailCatalog--RUAssignmentSaveButton-BDI-content\")]"}
RESULT: {"using":"xpath","value":"//bdi[contains(@id ,\"application-managecatalogs-display-component---detailCatalog--RUAssignmentSaveButton-BDI-content\")]"}
COMMAND: POST /session/d64c8a9d67ae429a1af470fcb6f0cd05/element/f.615B31F35ECDE76F4064C3ADAC5820DC.d.75F885222ABD7890A70826821D87E254.e.4739/click - {}
RESULT: {}
COMMAND: GET /session/d64c8a9d67ae429a1af470fcb6f0cd05/screenshot - {}
RESULT: {}
COMMAND: POST /session/d64c8a9d67ae429a1af470fcb6f0cd05/element - {"using":"xpath","value":"//bdi[contains(@id ,\"application-managecatalogs-display-component---detailCatalog--ObjectPageLayout-anchBar-application-managecatalogs-display-component---detailCatalog--sectionRUs-anchor-BDI-content\")]"}
RESULT: {"using":"xpath","value":"//bdi[contains(@id ,\"application-managecatalogs-display-component---detailCatalog--ObjectPageLayout-anchBar-application-managecatalogs-display-component---detailCatalog--sectionRUs-anchor-BDI-content\")]"}
COMMAND: POST /session/d64c8a9d67ae429a1af470fcb6f0cd05/element/f.615B31F35ECDE76F4064C3ADAC5820DC.d.75F885222ABD7890A70826821D87E254.e.4756/click - {}
RESULT: {}
COMMAND: GET /session/d64c8a9d67ae429a1af470fcb6f0cd05/screenshot - {}
RESULT: {}
COMMAND: POST /session/d64c8a9d67ae429a1af470fcb6f0cd05/element - {"using":"xpath","value":"//button[contains(@data-kt ,\"catalogItemAssignRuButton\")]"}
RESULT: {"using":"xpath","value":"//button[contains(@data-kt ,\"catalogItemAssignRuButton\")]"}
COMMAND: POST /session/d64c8a9d67ae429a1af470fcb6f0cd05/element/f.615B31F35ECDE76F4064C3ADAC5820DC.d.75F885222ABD7890A70826821D87E254.e.4679/click - {}
RESULT: {}
COMMAND: GET /session/d64c8a9d67ae429a1af470fcb6f0cd05/screenshot - {}
RESULT: {}
COMMAND: POST /session/d64c8a9d67ae429a1af470fcb6f0cd05/actions - {"actions":[{"id":"action19","type":"key","parameters":{},"actions":[{"type":"keyDown","value":"î€‡"},{"type":"pause","duration":10},{"type":"keyUp","value":"î€‡"}]}]}
RESULT: {"actions":[{"id":"action19","type":"key","parameters":{},"actions":[{"type":"keyDown","value":"î€‡"},{"type":"pause","duration":10},{"type":"keyUp","value":"î€‡"}]}]}
RESULT: undefined
COMMAND: POST /session/d64c8a9d67ae429a1af470fcb6f0cd05/element - {"using":"xpath","value":"//*[@id=\"application-managecatalogs-display-component---detailCatalog--assignRUSearchField-vhi\"]"}
COMMAND: GET /session/d64c8a9d67ae429a1af470fcb6f0cd05/screenshot - {}
RESULT: {"using":"xpath","value":"//*[@id=\"application-managecatalogs-display-component---detailCatalog--assignRUSearchField-vhi\"]"}
COMMAND: POST /session/d64c8a9d67ae429a1af470fcb6f0cd05/elements - {"using":"xpath","value":"//*[@id=\"application-managecatalogs-display-component---detailCatalog--assignRUSearchField-vhi\"]"}
RESULT: {}
RESULT: {"using":"xpath","value":"//*[@id=\"application-managecatalogs-display-component---detailCatalog--assignRUSearchField-vhi\"]"}
COMMAND: POST /session/d64c8a9d67ae429a1af470fcb6f0cd05/element - {"using":"xpath","value":"//*[@id=\"application-managecatalogs-display-component---detailCatalog--assignRUSearchField-vhi\"]"}
RESULT: {"using":"xpath","value":"//*[@id=\"application-managecatalogs-display-component---detailCatalog--assignRUSearchField-vhi\"]"}
COMMAND: POST /session/d64c8a9d67ae429a1af470fcb6f0cd05/element/f.615B31F35ECDE76F4064C3ADAC5820DC.d.75F885222ABD7890A70826821D87E254.e.4777/click - {}
RESULT: {}
COMMAND: POST /session/d64c8a9d67ae429a1af470fcb6f0cd05/execute/async - {"script":"<script> [1562 bytes]","args":[{"selector":{"controlType":"sap.m.SearchField","viewName":"etm.portal.ui.managecatalogs.view.Detail","viewId":"application-managecatalogs-display-component---detailCatalog","searchOpenDialogs":true,"interaction":{"idSuffix":"I"}},"wdio_ui5_key":"etmportal.ui.managecatalogs.view.Detailsap.m.SearchField"}]}
COMMAND: GET /session/d64c8a9d67ae429a1af470fcb6f0cd05/screenshot - {}
RESULT: {"script":"<script> [1562 bytes]","args":[{"selector":{"controlType":"sap.m.SearchField","viewName":"etm.portal.ui.managecatalogs.view.Detail","viewId":"application-managecatalogs-display-component---detailCatalog","searchOpenDialogs":true,"interaction":{"idSuffix":"I"}},"wdio_ui5_key":"etmportal.ui.managecatalogs.view.Detailsap.m.SearchField"}]}
RESULT: undefined
COMMAND: POST /session/d64c8a9d67ae429a1af470fcb6f0cd05/execute/async - {"script":"<script> [776 bytes]","args":[{"enterText":"WebdriverMatTestpi0a2","selector":{"controlType":"sap.m.SearchField","viewName":"etm.portal.ui.managecatalogs.view.Detail","viewId":"application-managecatalogs-display-component---detailCatalog","searchOpenDialogs":true,"interaction":{"idSuffix":"I"}},"clearTextFirst":true,"interactionType":"ENTER_TEXT"}]}
RESULT: {}
RESULT: {"script":"<script> [776 bytes]","args":[{"enterText":"WebdriverMatTestpi0a2","selector":{"controlType":"sap.m.SearchField","viewName":"etm.portal.ui.managecatalogs.view.Detail","viewId":"application-managecatalogs-display-component---detailCatalog","searchOpenDialogs":true,"interaction":{"idSuffix":"I"}},"clearTextFirst":true,"interactionType":"ENTER_TEXT"}]}
COMMAND: POST /session/d64c8a9d67ae429a1af470fcb6f0cd05/actions - {"actions":[{"id":"action20","type":"key","parameters":{},"actions":[{"type":"keyDown","value":"î€‡"},{"type":"pause","duration":10},{"type":"keyUp","value":"î€‡"}]}]}
RESULT: {"actions":[{"id":"action20","type":"key","parameters":{},"actions":[{"type":"keyDown","value":"î€‡"},{"type":"pause","duration":10},{"type":"keyUp","value":"î€‡"}]}]}
COMMAND: GET /session/d64c8a9d67ae429a1af470fcb6f0cd05/screenshot - {}
RESULT: {}
COMMAND: POST /session/d64c8a9d67ae429a1af470fcb6f0cd05/element - {"using":"xpath","value":"(//span[contains(text(), \"WebdriverMatTestpi0a2\")])[1]"}
RESULT: {"using":"xpath","value":"(//span[contains(text(), \"WebdriverMatTestpi0a2\")])[1]"}
COMMAND: POST /session/d64c8a9d67ae429a1af470fcb6f0cd05/element/f.615B31F35ECDE76F4064C3ADAC5820DC.d.75F885222ABD7890A70826821D87E254.e.4795/click - {}
RESULT: {}
COMMAND: POST /session/d64c8a9d67ae429a1af470fcb6f0cd05/execute/async - {"script":"<script> [1562 bytes]","args":[{"selector":{"id":"application-managecatalogs-display-component---detailCatalog--RUAssignmentSaveButton","searchOpenDialogs":true,"interaction":{"idSuffix":"BDI-content"}},"wdio_ui5_key":"applicationmanagecatalogs-display-component---detailCatalog--RUAssignmentSaveButton"}]}
COMMAND: GET /session/d64c8a9d67ae429a1af470fcb6f0cd05/screenshot - {}
RESULT: {"script":"<script> [1562 bytes]","args":[{"selector":{"id":"application-managecatalogs-display-component---detailCatalog--RUAssignmentSaveButton","searchOpenDialogs":true,"interaction":{"idSuffix":"BDI-content"}},"wdio_ui5_key":"applicationmanagecatalogs-display-component---detailCatalog--RUAssignmentSaveButton"}]}
RESULT: undefined
COMMAND: POST /session/d64c8a9d67ae429a1af470fcb6f0cd05/element - {"using":"xpath","value":"//*[@id=\"application-managecatalogs-display-component---detailCatalog--RUAssignmentSaveButton\"]"}
RESULT: {}
RESULT: {"using":"xpath","value":"//*[@id=\"application-managecatalogs-display-component---detailCatalog--RUAssignmentSaveButton\"]"}
COMMAND: POST /session/d64c8a9d67ae429a1af470fcb6f0cd05/element/f.615B31F35ECDE76F4064C3ADAC5820DC.d.75F885222ABD7890A70826821D87E254.e.4798/click - {}
RESULT: {}
COMMAND: GET /session/d64c8a9d67ae429a1af470fcb6f0cd05/screenshot - {}
RESULT: {}
COMMAND: POST /session/d64c8a9d67ae429a1af470fcb6f0cd05/element - {"using":"xpath","value":"//bdi[contains(text(), \"Save\")]"}
RESULT: {"using":"xpath","value":"//bdi[contains(text(), \"Save\")]"}
COMMAND: POST /session/d64c8a9d67ae429a1af470fcb6f0cd05/element/f.615B31F35ECDE76F4064C3ADAC5820DC.d.75F885222ABD7890A70826821D87E254.e.4822/click - {}
RESULT: {}
COMMAND: GET /session/d64c8a9d67ae429a1af470fcb6f0cd05/screenshot - {}
RESULT: {}
COMMAND: POST /session/d64c8a9d67ae429a1af470fcb6f0cd05/element - {"using":"css selector","value":"#shell-header-logo"}
RESULT: {"using":"css selector","value":"#shell-header-logo"}
COMMAND: POST /session/d64c8a9d67ae429a1af470fcb6f0cd05/element/f.615B31F35ECDE76F4064C3ADAC5820DC.d.75F885222ABD7890A70826821D87E254.e.4474/click - {}
RESULT: {}
COMMAND: GET /session/d64c8a9d67ae429a1af470fcb6f0cd05/screenshot - {}
RESULT: {}
]]></system-out>
    </testcase>
    <testcase classname="chrome.136_0_7103_93.windows.Standard_contract_-_add_contract_items_by_Insert_Request_US118222" name="Should create a new contract" time="92.975">
      <system-out><![CDATA[
COMMAND: POST /session/d64c8a9d67ae429a1af470fcb6f0cd05/execute/async - {"script":"<script> [1562 bytes]","args":[{"selector":{"controlType":"sap.m.GenericTile","properties":{"header":"Manage Contracts"}},"wdio_ui5_key":"sapm.GenericTile{\"header\":\"Manage Contracts\"}"}]}
RESULT: {"script":"<script> [1562 bytes]","args":[{"selector":{"controlType":"sap.m.GenericTile","properties":{"header":"Manage Contracts"}},"wdio_ui5_key":"sapm.GenericTile{\"header\":\"Manage Contracts\"}"}]}
RESULT: undefined
COMMAND: POST /session/d64c8a9d67ae429a1af470fcb6f0cd05/element - {"using":"xpath","value":"//*[@id=\"__tile130\"]"}
RESULT: {"using":"xpath","value":"//*[@id=\"__tile130\"]"}
COMMAND: POST /session/d64c8a9d67ae429a1af470fcb6f0cd05/element/f.615B31F35ECDE76F4064C3ADAC5820DC.d.75F885222ABD7890A70826821D87E254.e.4850/click - {}
RESULT: {}
COMMAND: GET /session/d64c8a9d67ae429a1af470fcb6f0cd05/screenshot - {}
RESULT: {}
COMMAND: POST /session/d64c8a9d67ae429a1af470fcb6f0cd05/elements - {"using":"xpath","value":"//span[text()='Error']"}
RESULT: {"using":"xpath","value":"//span[text()='Error']"}
COMMAND: POST /session/d64c8a9d67ae429a1af470fcb6f0cd05/element - {"using":"xpath","value":"//button[@data-kt=\"addButton\"]"}
RESULT: {"using":"xpath","value":"//button[@data-kt=\"addButton\"]"}
COMMAND: POST /session/d64c8a9d67ae429a1af470fcb6f0cd05/element/f.615B31F35ECDE76F4064C3ADAC5820DC.d.75F885222ABD7890A70826821D87E254.e.4899/click - {}
RESULT: {}
COMMAND: GET /session/d64c8a9d67ae429a1af470fcb6f0cd05/screenshot - {}
COMMAND: POST /session/d64c8a9d67ae429a1af470fcb6f0cd05/execute/async - {"script":"<script> [1562 bytes]","args":[{"selector":{"id":"application-managecontracts-display-component---AddNewContract--projectDescription","interaction":{"idSuffix":"inner"}},"wdio_ui5_key":"applicationmanagecontracts-display-component---AddNewContract--projectDescription"}]}
RESULT: {}
RESULT: {"script":"<script> [1562 bytes]","args":[{"selector":{"id":"application-managecontracts-display-component---AddNewContract--projectDescription","interaction":{"idSuffix":"inner"}},"wdio_ui5_key":"applicationmanagecontracts-display-component---AddNewContract--projectDescription"}]}
RESULT: undefined
COMMAND: POST /session/d64c8a9d67ae429a1af470fcb6f0cd05/execute/async - {"script":"<script> [776 bytes]","args":[{"enterText":"WdIOTest5e7zd","selector":{"id":"application-managecontracts-display-component---AddNewContract--projectDescription","interaction":{"idSuffix":"inner"}},"clearTextFirst":true,"interactionType":"ENTER_TEXT"}]}
RESULT: {"script":"<script> [776 bytes]","args":[{"enterText":"WdIOTest5e7zd","selector":{"id":"application-managecontracts-display-component---AddNewContract--projectDescription","interaction":{"idSuffix":"inner"}},"clearTextFirst":true,"interactionType":"ENTER_TEXT"}]}
COMMAND: POST /session/d64c8a9d67ae429a1af470fcb6f0cd05/element - {"using":"xpath","value":"//input[@id=\"application-managecontracts-display-component---AddNewContract--yardId-inner\"]"}
RESULT: {"using":"xpath","value":"//input[@id=\"application-managecontracts-display-component---AddNewContract--yardId-inner\"]"}
COMMAND: POST /session/d64c8a9d67ae429a1af470fcb6f0cd05/element/f.615B31F35ECDE76F4064C3ADAC5820DC.d.75F885222ABD7890A70826821D87E254.e.5169/clear - {}
RESULT: {}
COMMAND: POST /session/d64c8a9d67ae429a1af470fcb6f0cd05/element/f.615B31F35ECDE76F4064C3ADAC5820DC.d.75F885222ABD7890A70826821D87E254.e.5169/value - {"text":"WebdriverYardqyqm3"}
COMMAND: GET /session/d64c8a9d67ae429a1af470fcb6f0cd05/screenshot - {}
RESULT: {"text":"WebdriverYardqyqm3"}
COMMAND: GET /session/d64c8a9d67ae429a1af470fcb6f0cd05/screenshot - {}
RESULT: {}
RESULT: {}
COMMAND: POST /session/d64c8a9d67ae429a1af470fcb6f0cd05/actions - {"actions":[{"id":"action21","type":"key","parameters":{},"actions":[{"type":"keyDown","value":"î€‡"},{"type":"pause","duration":10},{"type":"keyUp","value":"î€‡"}]}]}
RESULT: {"actions":[{"id":"action21","type":"key","parameters":{},"actions":[{"type":"keyDown","value":"î€‡"},{"type":"pause","duration":10},{"type":"keyUp","value":"î€‡"}]}]}
COMMAND: GET /session/d64c8a9d67ae429a1af470fcb6f0cd05/screenshot - {}
RESULT: {}
COMMAND: POST /session/d64c8a9d67ae429a1af470fcb6f0cd05/element - {"using":"xpath","value":"//input[@id=\"application-managecontracts-display-component---AddNewContract--customerSelect-inner\"]"}
RESULT: {"using":"xpath","value":"//input[@id=\"application-managecontracts-display-component---AddNewContract--customerSelect-inner\"]"}
COMMAND: POST /session/d64c8a9d67ae429a1af470fcb6f0cd05/element/f.615B31F35ECDE76F4064C3ADAC5820DC.d.75F885222ABD7890A70826821D87E254.e.5167/clear - {}
RESULT: {}
COMMAND: POST /session/d64c8a9d67ae429a1af470fcb6f0cd05/element/f.615B31F35ECDE76F4064C3ADAC5820DC.d.75F885222ABD7890A70826821D87E254.e.5167/value - {"text":"WebdriverPartnerdl8yu"}
COMMAND: GET /session/d64c8a9d67ae429a1af470fcb6f0cd05/screenshot - {}
RESULT: {"text":"WebdriverPartnerdl8yu"}
COMMAND: GET /session/d64c8a9d67ae429a1af470fcb6f0cd05/screenshot - {}
RESULT: {}
RESULT: {}
COMMAND: POST /session/d64c8a9d67ae429a1af470fcb6f0cd05/actions - {"actions":[{"id":"action22","type":"key","parameters":{},"actions":[{"type":"keyDown","value":"î€‡"},{"type":"pause","duration":10},{"type":"keyUp","value":"î€‡"}]}]}
RESULT: {"actions":[{"id":"action22","type":"key","parameters":{},"actions":[{"type":"keyDown","value":"î€‡"},{"type":"pause","duration":10},{"type":"keyUp","value":"î€‡"}]}]}
COMMAND: GET /session/d64c8a9d67ae429a1af470fcb6f0cd05/screenshot - {}
RESULT: {}
COMMAND: POST /session/d64c8a9d67ae429a1af470fcb6f0cd05/element - {"using":"xpath","value":"//input[@id=\"application-managecontracts-display-component---AddNewContract--site-inner\"]"}
RESULT: {"using":"xpath","value":"//input[@id=\"application-managecontracts-display-component---AddNewContract--site-inner\"]"}
COMMAND: POST /session/d64c8a9d67ae429a1af470fcb6f0cd05/element/f.615B31F35ECDE76F4064C3ADAC5820DC.d.75F885222ABD7890A70826821D87E254.e.5168/clear - {}
RESULT: {}
COMMAND: POST /session/d64c8a9d67ae429a1af470fcb6f0cd05/element/f.615B31F35ECDE76F4064C3ADAC5820DC.d.75F885222ABD7890A70826821D87E254.e.5168/value - {"text":"WebdriverSitedyavj"}
COMMAND: GET /session/d64c8a9d67ae429a1af470fcb6f0cd05/screenshot - {}
RESULT: {"text":"WebdriverSitedyavj"}
COMMAND: GET /session/d64c8a9d67ae429a1af470fcb6f0cd05/screenshot - {}
RESULT: {}
RESULT: {}
COMMAND: POST /session/d64c8a9d67ae429a1af470fcb6f0cd05/actions - {"actions":[{"id":"action23","type":"key","parameters":{},"actions":[{"type":"keyDown","value":"î€‡"},{"type":"pause","duration":10},{"type":"keyUp","value":"î€‡"}]}]}
RESULT: {"actions":[{"id":"action23","type":"key","parameters":{},"actions":[{"type":"keyDown","value":"î€‡"},{"type":"pause","duration":10},{"type":"keyUp","value":"î€‡"}]}]}
COMMAND: GET /session/d64c8a9d67ae429a1af470fcb6f0cd05/screenshot - {}
COMMAND: POST /session/d64c8a9d67ae429a1af470fcb6f0cd05/element - {"using":"xpath","value":"//button[@data-kt=\"saveButton\"]"}
RESULT: {}
RESULT: {"using":"xpath","value":"//button[@data-kt=\"saveButton\"]"}
COMMAND: POST /session/d64c8a9d67ae429a1af470fcb6f0cd05/element/f.615B31F35ECDE76F4064C3ADAC5820DC.d.75F885222ABD7890A70826821D87E254.e.5243/click - {}
RESULT: {}
COMMAND: GET /session/d64c8a9d67ae429a1af470fcb6f0cd05/screenshot - {}
RESULT: {}
COMMAND: POST /session/d64c8a9d67ae429a1af470fcb6f0cd05/execute/async - {"script":"<script> [1562 bytes]","args":[{"selector":{"id":"contractDetailTitleNoExpanded","viewName":"etm.portal.ui.managecontracts.view.Detail"},"wdio_ui5_key":"contractDetailTitleNoExpandedetmportal.ui.managecontracts.view.Detail"}]}
RESULT: {"script":"<script> [1562 bytes]","args":[{"selector":{"id":"contractDetailTitleNoExpanded","viewName":"etm.portal.ui.managecontracts.view.Detail"},"wdio_ui5_key":"contractDetailTitleNoExpandedetmportal.ui.managecontracts.view.Detail"}]}
RESULT: undefined
COMMAND: POST /session/d64c8a9d67ae429a1af470fcb6f0cd05/execute/async - {"script":"<script> [6424 bytes]","args":[{"element-6066-11e4-a52e-4f735466cecf":"f.615B31F35ECDE76F4064C3ADAC5820DC.d.75F885222ABD7890A70826821D87E254.e.5324"},"getText",[]]}
RESULT: {"script":"<script> [6424 bytes]","args":[{"element-6066-11e4-a52e-4f735466cecf":"f.615B31F35ECDE76F4064C3ADAC5820DC.d.75F885222ABD7890A70826821D87E254.e.5324"},"getText",[]]}
]]></system-out>
    </testcase>
    <testcase classname="chrome.136_0_7103_93.windows.Standard_contract_-_add_contract_items_by_Insert_Request_US118222" name="Should create a new request and plan it" time="187.905">
      <system-out><![CDATA[
COMMAND: POST /session/d64c8a9d67ae429a1af470fcb6f0cd05/element - {"using":"css selector","value":"#shell-header-logo"}
RESULT: {"using":"css selector","value":"#shell-header-logo"}
COMMAND: POST /session/d64c8a9d67ae429a1af470fcb6f0cd05/element/f.615B31F35ECDE76F4064C3ADAC5820DC.d.75F885222ABD7890A70826821D87E254.e.4852/click - {}
RESULT: {}
COMMAND: GET /session/d64c8a9d67ae429a1af470fcb6f0cd05/screenshot - {}
RESULT: {}
COMMAND: POST /session/d64c8a9d67ae429a1af470fcb6f0cd05/execute/async - {"script":"<script> [1562 bytes]","args":[{"selector":{"controlType":"sap.m.GenericTile","properties":{"header":"Manage Requests"}},"wdio_ui5_key":"sapm.GenericTile{\"header\":\"Manage Requests\"}"}]}
RESULT: {"script":"<script> [1562 bytes]","args":[{"selector":{"controlType":"sap.m.GenericTile","properties":{"header":"Manage Requests"}},"wdio_ui5_key":"sapm.GenericTile{\"header\":\"Manage Requests\"}"}]}
RESULT: undefined
COMMAND: POST /session/d64c8a9d67ae429a1af470fcb6f0cd05/element - {"using":"xpath","value":"//*[@id=\"__tile47\"]"}
RESULT: {"using":"xpath","value":"//*[@id=\"__tile47\"]"}
COMMAND: POST /session/d64c8a9d67ae429a1af470fcb6f0cd05/element/f.615B31F35ECDE76F4064C3ADAC5820DC.d.75F885222ABD7890A70826821D87E254.e.5327/click - {}
RESULT: {}
COMMAND: GET /session/d64c8a9d67ae429a1af470fcb6f0cd05/screenshot - {}
RESULT: {}
COMMAND: POST /session/d64c8a9d67ae429a1af470fcb6f0cd05/elements - {"using":"xpath","value":"//span[text()='Error']"}
RESULT: {"using":"xpath","value":"//span[text()='Error']"}
COMMAND: POST /session/d64c8a9d67ae429a1af470fcb6f0cd05/element - {"using":"xpath","value":"//button[contains(@data-kt ,\"btnCreateNewOverflowToolbarButton\")]"}
COMMAND: POST /session/d64c8a9d67ae429a1af470fcb6f0cd05/element - {"using":"xpath","value":"(//span[contains(@class ,\"sapMObjStatusText\")])[1]"}
RESULT: {"using":"xpath","value":"//button[contains(@data-kt ,\"btnCreateNewOverflowToolbarButton\")]"}
COMMAND: POST /session/d64c8a9d67ae429a1af470fcb6f0cd05/element/f.615B31F35ECDE76F4064C3ADAC5820DC.d.75F885222ABD7890A70826821D87E254.e.5365/click - {}
RESULT: {"using":"xpath","value":"(//span[contains(@class ,\"sapMObjStatusText\")])[1]"}
COMMAND: POST /session/d64c8a9d67ae429a1af470fcb6f0cd05/execute/sync - {"script":"<script> [8489 bytes]","args":[{"element-6066-11e4-a52e-4f735466cecf":"f.615B31F35ECDE76F4064C3ADAC5820DC.d.75F885222ABD7890A70826821D87E254.e.5427","ELEMENT":"f.615B31F35ECDE76F4064C3ADAC5820DC.d.75F885222ABD7890A70826821D87E254.e.5427"}]}
RESULT: {}
COMMAND: GET /session/d64c8a9d67ae429a1af470fcb6f0cd05/screenshot - {}
RESULT: {"script":"<script> [8489 bytes]","args":[{"element-6066-11e4-a52e-4f735466cecf":"f.615B31F35ECDE76F4064C3ADAC5820DC.d.75F885222ABD7890A70826821D87E254.e.5427","ELEMENT":"f.615B31F35ECDE76F4064C3ADAC5820DC.d.75F885222ABD7890A70826821D87E254.e.5427"}]}
COMMAND: GET /session/d64c8a9d67ae429a1af470fcb6f0cd05/screenshot - {}
RESULT: {}
RESULT: {}
COMMAND: POST /session/d64c8a9d67ae429a1af470fcb6f0cd05/element - {"using":"xpath","value":"//input[contains(@id ,\"yardId-inner\")]"}
RESULT: {"using":"xpath","value":"//input[contains(@id ,\"yardId-inner\")]"}
COMMAND: POST /session/d64c8a9d67ae429a1af470fcb6f0cd05/execute/sync - {"script":"<script> [8489 bytes]","args":[{"element-6066-11e4-a52e-4f735466cecf":"f.615B31F35ECDE76F4064C3ADAC5820DC.d.75F885222ABD7890A70826821D87E254.e.5519","ELEMENT":"f.615B31F35ECDE76F4064C3ADAC5820DC.d.75F885222ABD7890A70826821D87E254.e.5519"}]}
RESULT: {"script":"<script> [8489 bytes]","args":[{"element-6066-11e4-a52e-4f735466cecf":"f.615B31F35ECDE76F4064C3ADAC5820DC.d.75F885222ABD7890A70826821D87E254.e.5519","ELEMENT":"f.615B31F35ECDE76F4064C3ADAC5820DC.d.75F885222ABD7890A70826821D87E254.e.5519"}]}
COMMAND: POST /session/d64c8a9d67ae429a1af470fcb6f0cd05/element - {"using":"xpath","value":"//input[contains(@id ,\"requestContractNo-inner\")]"}
COMMAND: POST /session/d64c8a9d67ae429a1af470fcb6f0cd05/element - {"using":"xpath","value":"//input[contains(@id ,\"requestContractNo-inner\")]"}
COMMAND: GET /session/d64c8a9d67ae429a1af470fcb6f0cd05/screenshot - {}
RESULT: {"using":"xpath","value":"//input[contains(@id ,\"requestContractNo-inner\")]"}
COMMAND: GET /session/d64c8a9d67ae429a1af470fcb6f0cd05/element/f.615B31F35ECDE76F4064C3ADAC5820DC.d.75F885222ABD7890A70826821D87E254.e.5514/enabled - {}
RESULT: {"using":"xpath","value":"//input[contains(@id ,\"requestContractNo-inner\")]"}
COMMAND: POST /session/d64c8a9d67ae429a1af470fcb6f0cd05/element/f.615B31F35ECDE76F4064C3ADAC5820DC.d.75F885222ABD7890A70826821D87E254.e.5514/value - {"text":"10443"}
RESULT: {}
RESULT: {}
COMMAND: GET /session/d64c8a9d67ae429a1af470fcb6f0cd05/screenshot - {}
RESULT: {"text":"10443"}
COMMAND: GET /session/d64c8a9d67ae429a1af470fcb6f0cd05/screenshot - {}
RESULT: {}
RESULT: {}
COMMAND: POST /session/d64c8a9d67ae429a1af470fcb6f0cd05/actions - {"actions":[{"id":"action24","type":"key","parameters":{},"actions":[{"type":"keyDown","value":"î€‡"},{"type":"pause","duration":10},{"type":"keyUp","value":"î€‡"}]}]}
RESULT: {"actions":[{"id":"action24","type":"key","parameters":{},"actions":[{"type":"keyDown","value":"î€‡"},{"type":"pause","duration":10},{"type":"keyUp","value":"î€‡"}]}]}
COMMAND: GET /session/d64c8a9d67ae429a1af470fcb6f0cd05/screenshot - {}
RESULT: {}
COMMAND: POST /session/d64c8a9d67ae429a1af470fcb6f0cd05/execute/async - {"script":"<script> [1562 bytes]","args":[{"selector":{"controlType":"sap.ui.core.Icon","viewName":"etm.portal.ui.managerequests.view.NewRequest","properties":{"src":{"regex":{"source":"add"}}}},"wdio_ui5_key":"etmportal.ui.managerequests.view.NewRequestsap.ui.core.Icon{\"src\":{\"regex\":{\"source\":\"add\"}}}"}]}
RESULT: {"script":"<script> [1562 bytes]","args":[{"selector":{"controlType":"sap.ui.core.Icon","viewName":"etm.portal.ui.managerequests.view.NewRequest","properties":{"src":{"regex":{"source":"add"}}}},"wdio_ui5_key":"etmportal.ui.managerequests.view.NewRequestsap.ui.core.Icon{\"src\":{\"regex\":{\"source\":\"add\"}}}"}]}
RESULT: undefined
COMMAND: POST /session/d64c8a9d67ae429a1af470fcb6f0cd05/element - {"using":"xpath","value":"//*[@id=\"__xmlview61--btnAddTableRow-img\"]"}
RESULT: {"using":"xpath","value":"//*[@id=\"__xmlview61--btnAddTableRow-img\"]"}
COMMAND: POST /session/d64c8a9d67ae429a1af470fcb6f0cd05/element/f.615B31F35ECDE76F4064C3ADAC5820DC.d.75F885222ABD7890A70826821D87E254.e.5676/click - {}
RESULT: {}
COMMAND: GET /session/d64c8a9d67ae429a1af470fcb6f0cd05/screenshot - {}
RESULT: {}
COMMAND: POST /session/d64c8a9d67ae429a1af470fcb6f0cd05/execute/async - {"script":"<script> [1562 bytes]","args":[{"selector":{"controlType":"sap.ui.unified.MenuItem","viewName":"etm.portal.ui.managerequests.view.NewRequest","i18NText":{"propertyName":"text","key":"standardEntry"},"searchOpenDialogs":true,"interaction":{"idSuffix":"txt"}},"wdio_ui5_key":"etmportal.ui.managerequests.view.NewRequestsap.ui.unified.MenuItem{\"propertyName\":\"text\",\"key\":\"standardEntry\"}"}]}
RESULT: {"script":"<script> [1562 bytes]","args":[{"selector":{"controlType":"sap.ui.unified.MenuItem","viewName":"etm.portal.ui.managerequests.view.NewRequest","i18NText":{"propertyName":"text","key":"standardEntry"},"searchOpenDialogs":true,"interaction":{"idSuffix":"txt"}},"wdio_ui5_key":"etmportal.ui.managerequests.view.NewRequestsap.ui.unified.MenuItem{\"propertyName\":\"text\",\"key\":\"standardEntry\"}"}]}
RESULT: undefined
COMMAND: POST /session/d64c8a9d67ae429a1af470fcb6f0cd05/element - {"using":"xpath","value":"//*[@id=\"__item2398\"]"}
RESULT: {"using":"xpath","value":"//*[@id=\"__item2398\"]"}
COMMAND: POST /session/d64c8a9d67ae429a1af470fcb6f0cd05/element/f.615B31F35ECDE76F4064C3ADAC5820DC.d.75F885222ABD7890A70826821D87E254.e.5680/click - {}
RESULT: {}
COMMAND: GET /session/d64c8a9d67ae429a1af470fcb6f0cd05/screenshot - {}
RESULT: {}
RESULT: undefined
COMMAND: POST /session/d64c8a9d67ae429a1af470fcb6f0cd05/element - {"using":"xpath","value":"//*[@id=\"__xmlview61--btnAddTableRow-img\"]"}
RESULT: {"using":"xpath","value":"//*[@id=\"__xmlview61--btnAddTableRow-img\"]"}
COMMAND: POST /session/d64c8a9d67ae429a1af470fcb6f0cd05/element/f.615B31F35ECDE76F4064C3ADAC5820DC.d.75F885222ABD7890A70826821D87E254.e.5676/click - {}
RESULT: {}
COMMAND: GET /session/d64c8a9d67ae429a1af470fcb6f0cd05/screenshot - {}
RESULT: {}
RESULT: undefined
COMMAND: POST /session/d64c8a9d67ae429a1af470fcb6f0cd05/element - {"using":"xpath","value":"//*[@id=\"__item2398\"]"}
RESULT: {"using":"xpath","value":"//*[@id=\"__item2398\"]"}
COMMAND: POST /session/d64c8a9d67ae429a1af470fcb6f0cd05/element/f.615B31F35ECDE76F4064C3ADAC5820DC.d.75F885222ABD7890A70826821D87E254.e.5692/click - {}
RESULT: {}
COMMAND: GET /session/d64c8a9d67ae429a1af470fcb6f0cd05/screenshot - {}
RESULT: {}
COMMAND: POST /session/d64c8a9d67ae429a1af470fcb6f0cd05/element - {"using":"xpath","value":"(//input[contains(@id ,\"requestItemsTable-0-inner\")])[1]"}
RESULT: {"using":"xpath","value":"(//input[contains(@id ,\"requestItemsTable-0-inner\")])[1]"}
COMMAND: POST /session/d64c8a9d67ae429a1af470fcb6f0cd05/element/f.615B31F35ECDE76F4064C3ADAC5820DC.d.75F885222ABD7890A70826821D87E254.e.5682/clear - {}
RESULT: {}
COMMAND: POST /session/d64c8a9d67ae429a1af470fcb6f0cd05/element/f.615B31F35ECDE76F4064C3ADAC5820DC.d.75F885222ABD7890A70826821D87E254.e.5682/value - {"text":"catalogItem25ungj"}
COMMAND: GET /session/d64c8a9d67ae429a1af470fcb6f0cd05/screenshot - {}
RESULT: {"text":"catalogItem25ungj"}
COMMAND: GET /session/d64c8a9d67ae429a1af470fcb6f0cd05/screenshot - {}
RESULT: {}
RESULT: {}
COMMAND: POST /session/d64c8a9d67ae429a1af470fcb6f0cd05/actions - {"actions":[{"id":"action25","type":"key","parameters":{},"actions":[{"type":"keyDown","value":"î€‡"},{"type":"pause","duration":10},{"type":"keyUp","value":"î€‡"}]}]}
RESULT: {"actions":[{"id":"action25","type":"key","parameters":{},"actions":[{"type":"keyDown","value":"î€‡"},{"type":"pause","duration":10},{"type":"keyUp","value":"î€‡"}]}]}
COMMAND: POST /session/d64c8a9d67ae429a1af470fcb6f0cd05/element - {"using":"xpath","value":"(//input[contains(@id ,\"requestItemsTable-1-inner\")])[1]"}
COMMAND: GET /session/d64c8a9d67ae429a1af470fcb6f0cd05/screenshot - {}
RESULT: {"using":"xpath","value":"(//input[contains(@id ,\"requestItemsTable-1-inner\")])[1]"}
COMMAND: POST /session/d64c8a9d67ae429a1af470fcb6f0cd05/element/f.615B31F35ECDE76F4064C3ADAC5820DC.d.75F885222ABD7890A70826821D87E254.e.5694/clear - {}
RESULT: {}
RESULT: {}
COMMAND: POST /session/d64c8a9d67ae429a1af470fcb6f0cd05/element/f.615B31F35ECDE76F4064C3ADAC5820DC.d.75F885222ABD7890A70826821D87E254.e.5694/value - {"text":"catalogItem25ungj"}
COMMAND: GET /session/d64c8a9d67ae429a1af470fcb6f0cd05/screenshot - {}
RESULT: {"text":"catalogItem25ungj"}
COMMAND: GET /session/d64c8a9d67ae429a1af470fcb6f0cd05/screenshot - {}
RESULT: {}
RESULT: {}
COMMAND: POST /session/d64c8a9d67ae429a1af470fcb6f0cd05/actions - {"actions":[{"id":"action26","type":"key","parameters":{},"actions":[{"type":"keyDown","value":"î€‡"},{"type":"pause","duration":10},{"type":"keyUp","value":"î€‡"}]}]}
RESULT: {"actions":[{"id":"action26","type":"key","parameters":{},"actions":[{"type":"keyDown","value":"î€‡"},{"type":"pause","duration":10},{"type":"keyUp","value":"î€‡"}]}]}
COMMAND: GET /session/d64c8a9d67ae429a1af470fcb6f0cd05/screenshot - {}
RESULT: {}
COMMAND: POST /session/d64c8a9d67ae429a1af470fcb6f0cd05/execute/async - {"script":"<script> [1562 bytes]","args":[{"selector":{"controlType":"sap.ui.core.Icon","viewName":"etm.portal.ui.managerequests.view.NewRequest","properties":{"src":{"regex":{"source":"slim\\-arrow\\-down"}}},"ancestor":{"controlType":"sap.m.Button","viewName":"etm.portal.ui.managerequests.view.NewRequest","properties":{"icon":"sap-icon://slim-arrow-down"}}},"wdio_ui5_key":"etmportal.ui.managerequests.view.NewRequestsap.ui.core.Icon{\"src\":{\"regex\":{\"source\":\"slim\\\\-arrow\\\\-down\"}}}{\"controlType\":\"sap.m.Button\",\"viewName\":\"etm.portal.ui.managerequests.view.NewRequest\",\"properties\":{\"icon\":\"sap-icon://slim-arrow-down\"}}"}]}
RESULT: {"script":"<script> [1562 bytes]","args":[{"selector":{"controlType":"sap.ui.core.Icon","viewName":"etm.portal.ui.managerequests.view.NewRequest","properties":{"src":{"regex":{"source":"slim\\-arrow\\-down"}}},"ancestor":{"controlType":"sap.m.Button","viewName":"etm.portal.ui.managerequests.view.NewRequest","properties":{"icon":"sap-icon://slim-arrow-down"}}},"wdio_ui5_key":"etmportal.ui.managerequests.view.NewRequestsap.ui.core.Icon{\"src\":{\"regex\":{\"source\":\"slim\\\\-arrow\\\\-down\"}}}{\"controlType\":\"sap.m.Button\",\"viewName\":\"etm.portal.ui.managerequests.view.NewRequest\",\"properties\":{\"icon\":\"sap-icon://slim-arrow-down\"}}"}]}
RESULT: undefined
COMMAND: POST /session/d64c8a9d67ae429a1af470fcb6f0cd05/element - {"using":"xpath","value":"//*[@id=\"__title47-expandBtn-img\"]"}
RESULT: {"using":"xpath","value":"//*[@id=\"__title47-expandBtn-img\"]"}
COMMAND: POST /session/d64c8a9d67ae429a1af470fcb6f0cd05/element/f.615B31F35ECDE76F4064C3ADAC5820DC.d.75F885222ABD7890A70826821D87E254.e.5715/click - {}
RESULT: {}
COMMAND: POST /session/d64c8a9d67ae429a1af470fcb6f0cd05/element - {"using":"xpath","value":"//div[contains(@data-kt ,\"splitAllocationObjectStatus\")]"}
COMMAND: GET /session/d64c8a9d67ae429a1af470fcb6f0cd05/screenshot - {}
RESULT: {"using":"xpath","value":"//div[contains(@data-kt ,\"splitAllocationObjectStatus\")]"}
COMMAND: POST /session/d64c8a9d67ae429a1af470fcb6f0cd05/elements - {"using":"xpath","value":"//div[contains(@data-kt ,\"splitAllocationObjectStatus\")]"}
RESULT: {}
RESULT: {"using":"xpath","value":"//div[contains(@data-kt ,\"splitAllocationObjectStatus\")]"}
COMMAND: POST /session/d64c8a9d67ae429a1af470fcb6f0cd05/execute/async - {"script":"<script> [1562 bytes]","args":[{"selector":{"controlType":"sap.ui.core.Icon","viewName":"etm.portal.ui.managerequests.view.NewRequest","properties":{"src":{"regex":{"source":"message\\-error"}}},"ancestor":{"controlType":"sap.m.ColumnListItem","viewName":"etm.portal.ui.managerequests.view.NewRequest","bindingPath":{"modelName":"newRequestItems","path":"/RequestItems/0"},"ancestor":{"id":"requestItemsTable","viewName":"etm.portal.ui.managerequests.view.NewRequest"}}},"wdio_ui5_key":"etmportal.ui.managerequests.view.NewRequestsap.ui.core.Icon{\"src\":{\"regex\":{\"source\":\"message\\\\-error\"}}}{\"controlType\":\"sap.m.ColumnListItem\",\"viewName\":\"etm.portal.ui.managerequests.view.NewRequest\",\"bindingPath\":{\"modelName\":\"newRequestItems\",\"path\":\"/RequestItems/0\"},\"ancestor\":{\"id\":\"requestItemsTable\",\"viewName\":\"etm.portal.ui.managerequests.view.NewRequest\"}}"}]}
RESULT: {"script":"<script> [1562 bytes]","args":[{"selector":{"controlType":"sap.ui.core.Icon","viewName":"etm.portal.ui.managerequests.view.NewRequest","properties":{"src":{"regex":{"source":"message\\-error"}}},"ancestor":{"controlType":"sap.m.ColumnListItem","viewName":"etm.portal.ui.managerequests.view.NewRequest","bindingPath":{"modelName":"newRequestItems","path":"/RequestItems/0"},"ancestor":{"id":"requestItemsTable","viewName":"etm.portal.ui.managerequests.view.NewRequest"}}},"wdio_ui5_key":"etmportal.ui.managerequests.view.NewRequestsap.ui.core.Icon{\"src\":{\"regex\":{\"source\":\"message\\\\-error\"}}}{\"controlType\":\"sap.m.ColumnListItem\",\"viewName\":\"etm.portal.ui.managerequests.view.NewRequest\",\"bindingPath\":{\"modelName\":\"newRequestItems\",\"path\":\"/RequestItems/0\"},\"ancestor\":{\"id\":\"requestItemsTable\",\"viewName\":\"etm.portal.ui.managerequests.view.NewRequest\"}}"}]}
RESULT: undefined
COMMAND: POST /session/d64c8a9d67ae429a1af470fcb6f0cd05/element - {"using":"xpath","value":"//*[@id=\"__status15-__xmlview61--requestItemsTable-0-icon\"]"}
RESULT: {"using":"xpath","value":"//*[@id=\"__status15-__xmlview61--requestItemsTable-0-icon\"]"}
COMMAND: POST /session/d64c8a9d67ae429a1af470fcb6f0cd05/element/f.615B31F35ECDE76F4064C3ADAC5820DC.d.75F885222ABD7890A70826821D87E254.e.5722/click - {}
RESULT: {}
COMMAND: GET /session/d64c8a9d67ae429a1af470fcb6f0cd05/screenshot - {}
RESULT: {}
COMMAND: POST /session/d64c8a9d67ae429a1af470fcb6f0cd05/execute/async - {"script":"<script> [1562 bytes]","args":[{"selector":{"id":"costObjectAdminTypeComboBox","viewName":"etm.portal.ui.managerequests.view.NewRequest","searchOpenDialogs":true,"interaction":{"idSuffix":"inner"}},"wdio_ui5_key":"costObjectAdminTypeComboBoxetmportal.ui.managerequests.view.NewRequest"}]}
RESULT: {"script":"<script> [1562 bytes]","args":[{"selector":{"id":"costObjectAdminTypeComboBox","viewName":"etm.portal.ui.managerequests.view.NewRequest","searchOpenDialogs":true,"interaction":{"idSuffix":"inner"}},"wdio_ui5_key":"costObjectAdminTypeComboBoxetmportal.ui.managerequests.view.NewRequest"}]}
RESULT: undefined
COMMAND: POST /session/d64c8a9d67ae429a1af470fcb6f0cd05/execute/async - {"script":"<script> [776 bytes]","args":[{"enterText":"Cost Center","selector":{"id":"costObjectAdminTypeComboBox","viewName":"etm.portal.ui.managerequests.view.NewRequest","searchOpenDialogs":true,"interaction":{"idSuffix":"inner"}},"clearTextFirst":true,"interactionType":"ENTER_TEXT"}]}
RESULT: {"script":"<script> [776 bytes]","args":[{"enterText":"Cost Center","selector":{"id":"costObjectAdminTypeComboBox","viewName":"etm.portal.ui.managerequests.view.NewRequest","searchOpenDialogs":true,"interaction":{"idSuffix":"inner"}},"clearTextFirst":true,"interactionType":"ENTER_TEXT"}]}
COMMAND: POST /session/d64c8a9d67ae429a1af470fcb6f0cd05/actions - {"actions":[{"id":"action27","type":"key","parameters":{},"actions":[{"type":"keyDown","value":"î€‡"},{"type":"pause","duration":10},{"type":"keyUp","value":"î€‡"}]}]}
RESULT: {"actions":[{"id":"action27","type":"key","parameters":{},"actions":[{"type":"keyDown","value":"î€‡"},{"type":"pause","duration":10},{"type":"keyUp","value":"î€‡"}]}]}
COMMAND: GET /session/d64c8a9d67ae429a1af470fcb6f0cd05/screenshot - {}
RESULT: {}
COMMAND: POST /session/d64c8a9d67ae429a1af470fcb6f0cd05/execute/async - {"script":"<script> [1562 bytes]","args":[{"selector":{"controlType":"sap.ui.core.Icon","viewName":"etm.portal.ui.managerequests.view.NewRequest","properties":{"src":{"regex":{"source":"value\\-help"}}},"searchOpenDialogs":true},"wdio_ui5_key":"etmportal.ui.managerequests.view.NewRequestsap.ui.core.Icon{\"src\":{\"regex\":{\"source\":\"value\\\\-help\"}}}"}]}
RESULT: {"script":"<script> [1562 bytes]","args":[{"selector":{"controlType":"sap.ui.core.Icon","viewName":"etm.portal.ui.managerequests.view.NewRequest","properties":{"src":{"regex":{"source":"value\\-help"}}},"searchOpenDialogs":true},"wdio_ui5_key":"etmportal.ui.managerequests.view.NewRequestsap.ui.core.Icon{\"src\":{\"regex\":{\"source\":\"value\\\\-help\"}}}"}]}
RESULT: undefined
COMMAND: POST /session/d64c8a9d67ae429a1af470fcb6f0cd05/element - {"using":"xpath","value":"//*[@id=\"__xmlview61--costObjectIdComboBox-vhi\"]"}
RESULT: {"using":"xpath","value":"//*[@id=\"__xmlview61--costObjectIdComboBox-vhi\"]"}
COMMAND: POST /session/d64c8a9d67ae429a1af470fcb6f0cd05/element/f.615B31F35ECDE76F4064C3ADAC5820DC.d.75F885222ABD7890A70826821D87E254.e.5734/click - {}
RESULT: {}
COMMAND: POST /session/d64c8a9d67ae429a1af470fcb6f0cd05/execute/async - {"script":"<script> [1562 bytes]","args":[{"selector":{"controlType":"sap.m.SearchField","properties":{"placeholder":"Search"},"searchOpenDialogs":true,"interaction":{"idSuffix":"I"}},"wdio_ui5_key":"sapm.SearchField{\"placeholder\":\"Search\"}"}]}
COMMAND: GET /session/d64c8a9d67ae429a1af470fcb6f0cd05/screenshot - {}
RESULT: {"script":"<script> [1562 bytes]","args":[{"selector":{"controlType":"sap.m.SearchField","properties":{"placeholder":"Search"},"searchOpenDialogs":true,"interaction":{"idSuffix":"I"}},"wdio_ui5_key":"sapm.SearchField{\"placeholder\":\"Search\"}"}]}
RESULT: undefined
COMMAND: POST /session/d64c8a9d67ae429a1af470fcb6f0cd05/execute/async - {"script":"<script> [776 bytes]","args":[{"enterText":"10001013","selector":{"controlType":"sap.m.SearchField","properties":{"placeholder":"Search"},"searchOpenDialogs":true,"interaction":{"idSuffix":"I"}},"clearTextFirst":true,"interactionType":"ENTER_TEXT"}]}
RESULT: {}
RESULT: {"script":"<script> [776 bytes]","args":[{"enterText":"10001013","selector":{"controlType":"sap.m.SearchField","properties":{"placeholder":"Search"},"searchOpenDialogs":true,"interaction":{"idSuffix":"I"}},"clearTextFirst":true,"interactionType":"ENTER_TEXT"}]}
COMMAND: POST /session/d64c8a9d67ae429a1af470fcb6f0cd05/actions - {"actions":[{"id":"action28","type":"key","parameters":{},"actions":[{"type":"keyDown","value":"î€‡"},{"type":"pause","duration":10},{"type":"keyUp","value":"î€‡"}]}]}
RESULT: {"actions":[{"id":"action28","type":"key","parameters":{},"actions":[{"type":"keyDown","value":"î€‡"},{"type":"pause","duration":10},{"type":"keyUp","value":"î€‡"}]}]}
COMMAND: GET /session/d64c8a9d67ae429a1af470fcb6f0cd05/screenshot - {}
RESULT: {}
COMMAND: POST /session/d64c8a9d67ae429a1af470fcb6f0cd05/element - {"using":"xpath","value":"//span[contains(text(), \"General Management\")]"}
RESULT: {"using":"xpath","value":"//span[contains(text(), \"General Management\")]"}
COMMAND: POST /session/d64c8a9d67ae429a1af470fcb6f0cd05/element/f.615B31F35ECDE76F4064C3ADAC5820DC.d.75F885222ABD7890A70826821D87E254.e.5775/click - {}
RESULT: {}
COMMAND: GET /session/d64c8a9d67ae429a1af470fcb6f0cd05/screenshot - {}
RESULT: {}
COMMAND: POST /session/d64c8a9d67ae429a1af470fcb6f0cd05/element - {"using":"xpath","value":"//bdi[contains(text(), \"OK\")]"}
RESULT: {"using":"xpath","value":"//bdi[contains(text(), \"OK\")]"}
COMMAND: POST /session/d64c8a9d67ae429a1af470fcb6f0cd05/element/f.615B31F35ECDE76F4064C3ADAC5820DC.d.75F885222ABD7890A70826821D87E254.e.5776/click - {}
RESULT: {}
COMMAND: GET /session/d64c8a9d67ae429a1af470fcb6f0cd05/screenshot - {}
RESULT: {}
COMMAND: POST /session/d64c8a9d67ae429a1af470fcb6f0cd05/element - {"using":"xpath","value":"(//bdi[contains(@id ,\"BDI-content\")][contains(text(), \"Save\")])[1]"}
RESULT: {"using":"xpath","value":"(//bdi[contains(@id ,\"BDI-content\")][contains(text(), \"Save\")])[1]"}
COMMAND: POST /session/d64c8a9d67ae429a1af470fcb6f0cd05/element/f.615B31F35ECDE76F4064C3ADAC5820DC.d.75F885222ABD7890A70826821D87E254.e.5780/click - {}
RESULT: {}
COMMAND: GET /session/d64c8a9d67ae429a1af470fcb6f0cd05/screenshot - {}
RESULT: {}
COMMAND: POST /session/d64c8a9d67ae429a1af470fcb6f0cd05/execute/async - {"script":"<script> [1562 bytes]","args":[{"selector":{"controlType":"sap.ui.core.Icon","viewName":"etm.portal.ui.managerequests.view.NewRequest","properties":{"src":{"regex":{"source":"message\\-error"}}},"ancestor":{"controlType":"sap.m.ColumnListItem","viewName":"etm.portal.ui.managerequests.view.NewRequest","bindingPath":{"modelName":"newRequestItems","path":"/RequestItems/1"},"ancestor":{"id":"requestItemsTable","viewName":"etm.portal.ui.managerequests.view.NewRequest"}}},"wdio_ui5_key":"etmportal.ui.managerequests.view.NewRequestsap.ui.core.Icon{\"src\":{\"regex\":{\"source\":\"message\\\\-error\"}}}{\"controlType\":\"sap.m.ColumnListItem\",\"viewName\":\"etm.portal.ui.managerequests.view.NewRequest\",\"bindingPath\":{\"modelName\":\"newRequestItems\",\"path\":\"/RequestItems/1\"},\"ancestor\":{\"id\":\"requestItemsTable\",\"viewName\":\"etm.portal.ui.managerequests.view.NewRequest\"}}"}]}
RESULT: {"script":"<script> [1562 bytes]","args":[{"selector":{"controlType":"sap.ui.core.Icon","viewName":"etm.portal.ui.managerequests.view.NewRequest","properties":{"src":{"regex":{"source":"message\\-error"}}},"ancestor":{"controlType":"sap.m.ColumnListItem","viewName":"etm.portal.ui.managerequests.view.NewRequest","bindingPath":{"modelName":"newRequestItems","path":"/RequestItems/1"},"ancestor":{"id":"requestItemsTable","viewName":"etm.portal.ui.managerequests.view.NewRequest"}}},"wdio_ui5_key":"etmportal.ui.managerequests.view.NewRequestsap.ui.core.Icon{\"src\":{\"regex\":{\"source\":\"message\\\\-error\"}}}{\"controlType\":\"sap.m.ColumnListItem\",\"viewName\":\"etm.portal.ui.managerequests.view.NewRequest\",\"bindingPath\":{\"modelName\":\"newRequestItems\",\"path\":\"/RequestItems/1\"},\"ancestor\":{\"id\":\"requestItemsTable\",\"viewName\":\"etm.portal.ui.managerequests.view.NewRequest\"}}"}]}
RESULT: undefined
COMMAND: POST /session/d64c8a9d67ae429a1af470fcb6f0cd05/element - {"using":"xpath","value":"//*[@id=\"__status15-__xmlview61--requestItemsTable-1-icon\"]"}
RESULT: {"using":"xpath","value":"//*[@id=\"__status15-__xmlview61--requestItemsTable-1-icon\"]"}
COMMAND: POST /session/d64c8a9d67ae429a1af470fcb6f0cd05/element/f.615B31F35ECDE76F4064C3ADAC5820DC.d.75F885222ABD7890A70826821D87E254.e.5783/click - {}
RESULT: {}
COMMAND: GET /session/d64c8a9d67ae429a1af470fcb6f0cd05/screenshot - {}
RESULT: {}
RESULT: undefined
COMMAND: POST /session/d64c8a9d67ae429a1af470fcb6f0cd05/execute/async - {"script":"<script> [776 bytes]","args":[{"enterText":"Cost Center","selector":{"id":"costObjectAdminTypeComboBox","viewName":"etm.portal.ui.managerequests.view.NewRequest","searchOpenDialogs":true,"interaction":{"idSuffix":"inner"}},"clearTextFirst":true,"interactionType":"ENTER_TEXT"}]}
RESULT: {"script":"<script> [776 bytes]","args":[{"enterText":"Cost Center","selector":{"id":"costObjectAdminTypeComboBox","viewName":"etm.portal.ui.managerequests.view.NewRequest","searchOpenDialogs":true,"interaction":{"idSuffix":"inner"}},"clearTextFirst":true,"interactionType":"ENTER_TEXT"}]}
COMMAND: POST /session/d64c8a9d67ae429a1af470fcb6f0cd05/actions - {"actions":[{"id":"action29","type":"key","parameters":{},"actions":[{"type":"keyDown","value":"î€‡"},{"type":"pause","duration":10},{"type":"keyUp","value":"î€‡"}]}]}
RESULT: {"actions":[{"id":"action29","type":"key","parameters":{},"actions":[{"type":"keyDown","value":"î€‡"},{"type":"pause","duration":10},{"type":"keyUp","value":"î€‡"}]}]}
COMMAND: GET /session/d64c8a9d67ae429a1af470fcb6f0cd05/screenshot - {}
RESULT: {}
RESULT: undefined
COMMAND: POST /session/d64c8a9d67ae429a1af470fcb6f0cd05/element - {"using":"xpath","value":"//*[@id=\"__xmlview61--costObjectIdComboBox-vhi\"]"}
RESULT: {"using":"xpath","value":"//*[@id=\"__xmlview61--costObjectIdComboBox-vhi\"]"}
COMMAND: POST /session/d64c8a9d67ae429a1af470fcb6f0cd05/element/f.615B31F35ECDE76F4064C3ADAC5820DC.d.75F885222ABD7890A70826821D87E254.e.5792/click - {}
RESULT: {}
RESULT: undefined
COMMAND: POST /session/d64c8a9d67ae429a1af470fcb6f0cd05/execute/async - {"script":"<script> [776 bytes]","args":[{"enterText":"10001013","selector":{"controlType":"sap.m.SearchField","properties":{"placeholder":"Search"},"searchOpenDialogs":true,"interaction":{"idSuffix":"I"}},"clearTextFirst":true,"interactionType":"ENTER_TEXT"}]}
COMMAND: GET /session/d64c8a9d67ae429a1af470fcb6f0cd05/screenshot - {}
RESULT: {"script":"<script> [776 bytes]","args":[{"enterText":"10001013","selector":{"controlType":"sap.m.SearchField","properties":{"placeholder":"Search"},"searchOpenDialogs":true,"interaction":{"idSuffix":"I"}},"clearTextFirst":true,"interactionType":"ENTER_TEXT"}]}
COMMAND: POST /session/d64c8a9d67ae429a1af470fcb6f0cd05/actions - {"actions":[{"id":"action30","type":"key","parameters":{},"actions":[{"type":"keyDown","value":"î€‡"},{"type":"pause","duration":10},{"type":"keyUp","value":"î€‡"}]}]}
RESULT: {}
RESULT: {"actions":[{"id":"action30","type":"key","parameters":{},"actions":[{"type":"keyDown","value":"î€‡"},{"type":"pause","duration":10},{"type":"keyUp","value":"î€‡"}]}]}
COMMAND: GET /session/d64c8a9d67ae429a1af470fcb6f0cd05/screenshot - {}
RESULT: {}
COMMAND: POST /session/d64c8a9d67ae429a1af470fcb6f0cd05/element - {"using":"xpath","value":"//span[contains(text(), \"General Management\")]"}
RESULT: {"using":"xpath","value":"//span[contains(text(), \"General Management\")]"}
COMMAND: POST /session/d64c8a9d67ae429a1af470fcb6f0cd05/element/f.615B31F35ECDE76F4064C3ADAC5820DC.d.75F885222ABD7890A70826821D87E254.e.5831/click - {}
RESULT: {}
COMMAND: GET /session/d64c8a9d67ae429a1af470fcb6f0cd05/screenshot - {}
RESULT: {}
COMMAND: POST /session/d64c8a9d67ae429a1af470fcb6f0cd05/element - {"using":"xpath","value":"//bdi[contains(text(), \"OK\")]"}
RESULT: {"using":"xpath","value":"//bdi[contains(text(), \"OK\")]"}
COMMAND: POST /session/d64c8a9d67ae429a1af470fcb6f0cd05/element/f.615B31F35ECDE76F4064C3ADAC5820DC.d.75F885222ABD7890A70826821D87E254.e.5832/click - {}
RESULT: {}
COMMAND: GET /session/d64c8a9d67ae429a1af470fcb6f0cd05/screenshot - {}
RESULT: {}
COMMAND: POST /session/d64c8a9d67ae429a1af470fcb6f0cd05/element - {"using":"xpath","value":"(//bdi[contains(@id ,\"BDI-content\")][contains(text(), \"Save\")])[1]"}
RESULT: {"using":"xpath","value":"(//bdi[contains(@id ,\"BDI-content\")][contains(text(), \"Save\")])[1]"}
COMMAND: POST /session/d64c8a9d67ae429a1af470fcb6f0cd05/element/f.615B31F35ECDE76F4064C3ADAC5820DC.d.75F885222ABD7890A70826821D87E254.e.5836/click - {}
RESULT: {}
COMMAND: GET /session/d64c8a9d67ae429a1af470fcb6f0cd05/screenshot - {}
RESULT: {}
COMMAND: POST /session/d64c8a9d67ae429a1af470fcb6f0cd05/execute/async - {"script":"<script> [1562 bytes]","args":[{"selector":{"controlType":"sap.m.Button","viewName":"etm.portal.ui.managerequests.view.NewRequest","i18NText":{"propertyName":"tooltip","key":"save"},"interaction":{"idSuffix":"content"}},"wdio_ui5_key":"etmportal.ui.managerequests.view.NewRequestsap.m.Button{\"propertyName\":\"tooltip\",\"key\":\"save\"}"}]}
RESULT: {"script":"<script> [1562 bytes]","args":[{"selector":{"controlType":"sap.m.Button","viewName":"etm.portal.ui.managerequests.view.NewRequest","i18NText":{"propertyName":"tooltip","key":"save"},"interaction":{"idSuffix":"content"}},"wdio_ui5_key":"etmportal.ui.managerequests.view.NewRequestsap.m.Button{\"propertyName\":\"tooltip\",\"key\":\"save\"}"}]}
RESULT: undefined
COMMAND: POST /session/d64c8a9d67ae429a1af470fcb6f0cd05/element - {"using":"xpath","value":"//*[@id=\"__button107\"]"}
RESULT: {"using":"xpath","value":"//*[@id=\"__button107\"]"}
COMMAND: POST /session/d64c8a9d67ae429a1af470fcb6f0cd05/element/f.615B31F35ECDE76F4064C3ADAC5820DC.d.75F885222ABD7890A70826821D87E254.e.5608/click - {}
RESULT: {}
COMMAND: GET /session/d64c8a9d67ae429a1af470fcb6f0cd05/screenshot - {}
RESULT: {}
COMMAND: POST /session/d64c8a9d67ae429a1af470fcb6f0cd05/execute/async - {"script":"<script> [1562 bytes]","args":[{"selector":{"controlType":"sap.m.Title","properties":{"text":"Success"},"searchOpenDialogs":true},"wdio_ui5_key":"sapm.Title{\"text\":\"Success\"}"}]}
RESULT: {"script":"<script> [1562 bytes]","args":[{"selector":{"controlType":"sap.m.Title","properties":{"text":"Success"},"searchOpenDialogs":true},"wdio_ui5_key":"sapm.Title{\"text\":\"Success\"}"}]}
RESULT: undefined
COMMAND: POST /session/d64c8a9d67ae429a1af470fcb6f0cd05/execute/async - {"script":"<script> [6424 bytes]","args":[{"element-6066-11e4-a52e-4f735466cecf":"f.615B31F35ECDE76F4064C3ADAC5820DC.d.75F885222ABD7890A70826821D87E254.e.5842"},"getText",[]]}
RESULT: {"script":"<script> [6424 bytes]","args":[{"element-6066-11e4-a52e-4f735466cecf":"f.615B31F35ECDE76F4064C3ADAC5820DC.d.75F885222ABD7890A70826821D87E254.e.5842"},"getText",[]]}
COMMAND: POST /session/d64c8a9d67ae429a1af470fcb6f0cd05/execute/async - {"script":"<script> [1562 bytes]","args":[{"selector":{"controlType":"sap.m.Button","properties":{"text":"Close"},"searchOpenDialogs":true,"interaction":{"idSuffix":"BDI-content"}},"wdio_ui5_key":"sapm.Button{\"text\":\"Close\"}"}]}
RESULT: {"script":"<script> [1562 bytes]","args":[{"selector":{"controlType":"sap.m.Button","properties":{"text":"Close"},"searchOpenDialogs":true,"interaction":{"idSuffix":"BDI-content"}},"wdio_ui5_key":"sapm.Button{\"text\":\"Close\"}"}]}
RESULT: undefined
COMMAND: POST /session/d64c8a9d67ae429a1af470fcb6f0cd05/element - {"using":"xpath","value":"//*[@id=\"__mbox-btn-4\"]"}
RESULT: {"using":"xpath","value":"//*[@id=\"__mbox-btn-4\"]"}
COMMAND: POST /session/d64c8a9d67ae429a1af470fcb6f0cd05/element/f.615B31F35ECDE76F4064C3ADAC5820DC.d.75F885222ABD7890A70826821D87E254.e.5841/click - {}
RESULT: {}
COMMAND: GET /session/d64c8a9d67ae429a1af470fcb6f0cd05/screenshot - {}
RESULT: {}
COMMAND: POST /session/d64c8a9d67ae429a1af470fcb6f0cd05/execute/async - {"script":"<script> [1562 bytes]","args":[{"selector":{"controlType":"sap.m.Text","viewName":"etm.portal.ui.managerequests.view.Detail","bindingPath":{"propertyPath":"NO","modelName":"catalogModel"}},"wdio_ui5_key":"etmportal.ui.managerequests.view.Detailsap.m.Text{\"propertyPath\":\"NO\",\"modelName\":\"catalogModel\"}"}]}
RESULT: {"script":"<script> [1562 bytes]","args":[{"selector":{"controlType":"sap.m.Text","viewName":"etm.portal.ui.managerequests.view.Detail","bindingPath":{"propertyPath":"NO","modelName":"catalogModel"}},"wdio_ui5_key":"etmportal.ui.managerequests.view.Detailsap.m.Text{\"propertyPath\":\"NO\",\"modelName\":\"catalogModel\"}"}]}
RESULT: undefined
COMMAND: POST /session/d64c8a9d67ae429a1af470fcb6f0cd05/execute/async - {"script":"<script> [6424 bytes]","args":[{"element-6066-11e4-a52e-4f735466cecf":"f.615B31F35ECDE76F4064C3ADAC5820DC.d.75F885222ABD7890A70826821D87E254.e.5971"},"getText",[]]}
RESULT: {"script":"<script> [6424 bytes]","args":[{"element-6066-11e4-a52e-4f735466cecf":"f.615B31F35ECDE76F4064C3ADAC5820DC.d.75F885222ABD7890A70826821D87E254.e.5971"},"getText",[]]}
COMMAND: POST /session/d64c8a9d67ae429a1af470fcb6f0cd05/execute/async - {"script":"<script> [1562 bytes]","args":[{"selector":{"controlType":"sap.ui.core.Icon","viewName":"etm.portal.ui.managerequests.view.Detail","properties":{"src":{"regex":{"source":"date\\-time"}}},"ancestor":{"controlType":"sap.m.ColumnListItem","viewName":"etm.portal.ui.managerequests.view.Detail","bindingPath":{"path":"/SmartRequestItemsPlanningBoard(ITEM=10m,REQUEST='20237')"},"ancestor":{"id":"requestItemsTable","viewName":"etm.portal.ui.managerequests.view.Detail"}}},"wdio_ui5_key":"etmportal.ui.managerequests.view.Detailsap.ui.core.Icon{\"src\":{\"regex\":{\"source\":\"date\\\\-time\"}}}{\"controlType\":\"sap.m.ColumnListItem\",\"viewName\":\"etm.portal.ui.managerequests.view.Detail\",\"bindingPath\":{\"path\":\"/SmartRequestItemsPlanningBoard(ITEM=10m,REQUEST='20237')\"},\"ancestor\":{\"id\":\"requestItemsTable\",\"viewName\":\"etm.portal.ui.managerequests.view.Detail\"}}"}]}
RESULT: {"script":"<script> [1562 bytes]","args":[{"selector":{"controlType":"sap.ui.core.Icon","viewName":"etm.portal.ui.managerequests.view.Detail","properties":{"src":{"regex":{"source":"date\\-time"}}},"ancestor":{"controlType":"sap.m.ColumnListItem","viewName":"etm.portal.ui.managerequests.view.Detail","bindingPath":{"path":"/SmartRequestItemsPlanningBoard(ITEM=10m,REQUEST='20237')"},"ancestor":{"id":"requestItemsTable","viewName":"etm.portal.ui.managerequests.view.Detail"}}},"wdio_ui5_key":"etmportal.ui.managerequests.view.Detailsap.ui.core.Icon{\"src\":{\"regex\":{\"source\":\"date\\\\-time\"}}}{\"controlType\":\"sap.m.ColumnListItem\",\"viewName\":\"etm.portal.ui.managerequests.view.Detail\",\"bindingPath\":{\"path\":\"/SmartRequestItemsPlanningBoard(ITEM=10m,REQUEST='20237')\"},\"ancestor\":{\"id\":\"requestItemsTable\",\"viewName\":\"etm.portal.ui.managerequests.view.Detail\"}}"}]}
RESULT: undefined
COMMAND: POST /session/d64c8a9d67ae429a1af470fcb6f0cd05/element - {"using":"xpath","value":"//*[@id=\"__button137-__clone9045-img\"]"}
RESULT: {"using":"xpath","value":"//*[@id=\"__button137-__clone9045-img\"]"}
COMMAND: POST /session/d64c8a9d67ae429a1af470fcb6f0cd05/element/f.615B31F35ECDE76F4064C3ADAC5820DC.d.75F885222ABD7890A70826821D87E254.e.5972/click - {}
RESULT: {}
COMMAND: POST /session/d64c8a9d67ae429a1af470fcb6f0cd05/execute/async - {"script":"<script> [1562 bytes]","args":[{"selector":{"controlType":"sap.m.Button","viewName":"etm.portal.ui.managerequests.view.Detail","properties":{"text":"Close"},"searchOpenDialogs":true,"interaction":{"idSuffix":"BDI-content"}},"wdio_ui5_key":"etmportal.ui.managerequests.view.Detailsap.m.Button{\"text\":\"Close\"}"}]}
COMMAND: GET /session/d64c8a9d67ae429a1af470fcb6f0cd05/screenshot - {}
RESULT: {"script":"<script> [1562 bytes]","args":[{"selector":{"controlType":"sap.m.Button","viewName":"etm.portal.ui.managerequests.view.Detail","properties":{"text":"Close"},"searchOpenDialogs":true,"interaction":{"idSuffix":"BDI-content"}},"wdio_ui5_key":"etmportal.ui.managerequests.view.Detailsap.m.Button{\"text\":\"Close\"}"}]}
RESULT: undefined
COMMAND: POST /session/d64c8a9d67ae429a1af470fcb6f0cd05/element - {"using":"xpath","value":"//*[@id=\"__button147\"]"}
RESULT: {}
RESULT: {"using":"xpath","value":"//*[@id=\"__button147\"]"}
COMMAND: POST /session/d64c8a9d67ae429a1af470fcb6f0cd05/element/f.615B31F35ECDE76F4064C3ADAC5820DC.d.75F885222ABD7890A70826821D87E254.e.5975/click - {}
RESULT: {}
COMMAND: POST /session/d64c8a9d67ae429a1af470fcb6f0cd05/execute/async - {"script":"<script> [1562 bytes]","args":[{"selector":{"controlType":"sap.ui.core.Icon","viewName":"etm.portal.ui.managerequests.view.Detail","properties":{"src":{"regex":{"source":"date\\-time"}}},"ancestor":{"controlType":"sap.m.ColumnListItem","viewName":"etm.portal.ui.managerequests.view.Detail","bindingPath":{"path":"/SmartRequestItemsPlanningBoard(ITEM=20m,REQUEST='20237')"},"ancestor":{"id":"requestItemsTable","viewName":"etm.portal.ui.managerequests.view.Detail"}}},"wdio_ui5_key":"etmportal.ui.managerequests.view.Detailsap.ui.core.Icon{\"src\":{\"regex\":{\"source\":\"date\\\\-time\"}}}{\"controlType\":\"sap.m.ColumnListItem\",\"viewName\":\"etm.portal.ui.managerequests.view.Detail\",\"bindingPath\":{\"path\":\"/SmartRequestItemsPlanningBoard(ITEM=20m,REQUEST='20237')\"},\"ancestor\":{\"id\":\"requestItemsTable\",\"viewName\":\"etm.portal.ui.managerequests.view.Detail\"}}"}]}
COMMAND: GET /session/d64c8a9d67ae429a1af470fcb6f0cd05/screenshot - {}
RESULT: {"script":"<script> [1562 bytes]","args":[{"selector":{"controlType":"sap.ui.core.Icon","viewName":"etm.portal.ui.managerequests.view.Detail","properties":{"src":{"regex":{"source":"date\\-time"}}},"ancestor":{"controlType":"sap.m.ColumnListItem","viewName":"etm.portal.ui.managerequests.view.Detail","bindingPath":{"path":"/SmartRequestItemsPlanningBoard(ITEM=20m,REQUEST='20237')"},"ancestor":{"id":"requestItemsTable","viewName":"etm.portal.ui.managerequests.view.Detail"}}},"wdio_ui5_key":"etmportal.ui.managerequests.view.Detailsap.ui.core.Icon{\"src\":{\"regex\":{\"source\":\"date\\\\-time\"}}}{\"controlType\":\"sap.m.ColumnListItem\",\"viewName\":\"etm.portal.ui.managerequests.view.Detail\",\"bindingPath\":{\"path\":\"/SmartRequestItemsPlanningBoard(ITEM=20m,REQUEST='20237')\"},\"ancestor\":{\"id\":\"requestItemsTable\",\"viewName\":\"etm.portal.ui.managerequests.view.Detail\"}}"}]}
RESULT: undefined
COMMAND: POST /session/d64c8a9d67ae429a1af470fcb6f0cd05/element - {"using":"xpath","value":"//*[@id=\"__button137-__clone9046-img\"]"}
RESULT: {}
RESULT: {"using":"xpath","value":"//*[@id=\"__button137-__clone9046-img\"]"}
COMMAND: POST /session/d64c8a9d67ae429a1af470fcb6f0cd05/element/f.615B31F35ECDE76F4064C3ADAC5820DC.d.75F885222ABD7890A70826821D87E254.e.5982/click - {}
RESULT: {}
RESULT: undefined
COMMAND: POST /session/d64c8a9d67ae429a1af470fcb6f0cd05/element - {"using":"xpath","value":"//*[@id=\"__button147\"]"}
COMMAND: GET /session/d64c8a9d67ae429a1af470fcb6f0cd05/screenshot - {}
RESULT: {"using":"xpath","value":"//*[@id=\"__button147\"]"}
COMMAND: POST /session/d64c8a9d67ae429a1af470fcb6f0cd05/elements - {"using":"xpath","value":"//*[@id=\"__button147\"]"}
RESULT: {}
RESULT: {"using":"xpath","value":"//*[@id=\"__button147\"]"}
COMMAND: POST /session/d64c8a9d67ae429a1af470fcb6f0cd05/element - {"using":"xpath","value":"//*[@id=\"__button147\"]"}
RESULT: {"using":"xpath","value":"//*[@id=\"__button147\"]"}
COMMAND: POST /session/d64c8a9d67ae429a1af470fcb6f0cd05/element/f.615B31F35ECDE76F4064C3ADAC5820DC.d.75F885222ABD7890A70826821D87E254.e.5997/click - {}
RESULT: {}
COMMAND: POST /session/d64c8a9d67ae429a1af470fcb6f0cd05/element - {"using":"css selector","value":"#shell-header-logo"}
COMMAND: GET /session/d64c8a9d67ae429a1af470fcb6f0cd05/screenshot - {}
RESULT: {"using":"css selector","value":"#shell-header-logo"}
COMMAND: POST /session/d64c8a9d67ae429a1af470fcb6f0cd05/element/f.615B31F35ECDE76F4064C3ADAC5820DC.d.75F885222ABD7890A70826821D87E254.e.5332/click - {}
RESULT: {}
RESULT: {}
COMMAND: GET /session/d64c8a9d67ae429a1af470fcb6f0cd05/screenshot - {}
RESULT: {}
]]></system-out>
    </testcase>
    <testcase classname="chrome.136_0_7103_93.windows.Standard_contract_-_add_contract_items_by_Insert_Request_US118222" name="Should insert the request into the contract" time="73.983">
      <system-out><![CDATA[
RESULT: undefined
COMMAND: POST /session/d64c8a9d67ae429a1af470fcb6f0cd05/element - {"using":"xpath","value":"//*[@id=\"__tile130\"]"}
RESULT: {"using":"xpath","value":"//*[@id=\"__tile130\"]"}
COMMAND: POST /session/d64c8a9d67ae429a1af470fcb6f0cd05/element/f.615B31F35ECDE76F4064C3ADAC5820DC.d.75F885222ABD7890A70826821D87E254.e.4850/click - {}
RESULT: {}
COMMAND: GET /session/d64c8a9d67ae429a1af470fcb6f0cd05/screenshot - {}
RESULT: {}
COMMAND: POST /session/d64c8a9d67ae429a1af470fcb6f0cd05/elements - {"using":"xpath","value":"//span[text()='Error']"}
RESULT: {"using":"xpath","value":"//span[text()='Error']"}
COMMAND: POST /session/d64c8a9d67ae429a1af470fcb6f0cd05/execute/async - {"script":"<script> [1562 bytes]","args":[{"selector":{"controlType":"sap.m.SearchField","viewName":"etm.portal.ui.managecontracts.view.Master","bindingPath":{"path":"","propertyPath":"/_BASIC_SEARCH_FIELD","modelName":"fi1t3rM0d31"},"interaction":{"idSuffix":"I"}},"wdio_ui5_key":"etmportal.ui.managecontracts.view.Mastersap.m.SearchField{\"path\":\"\",\"propertyPath\":\"/_BASIC_SEARCH_FIELD\",\"modelName\":\"fi1t3rM0d31\"}"}]}
RESULT: {"script":"<script> [1562 bytes]","args":[{"selector":{"controlType":"sap.m.SearchField","viewName":"etm.portal.ui.managecontracts.view.Master","bindingPath":{"path":"","propertyPath":"/_BASIC_SEARCH_FIELD","modelName":"fi1t3rM0d31"},"interaction":{"idSuffix":"I"}},"wdio_ui5_key":"etmportal.ui.managecontracts.view.Mastersap.m.SearchField{\"path\":\"\",\"propertyPath\":\"/_BASIC_SEARCH_FIELD\",\"modelName\":\"fi1t3rM0d31\"}"}]}
RESULT: undefined
COMMAND: POST /session/d64c8a9d67ae429a1af470fcb6f0cd05/execute/async - {"script":"<script> [776 bytes]","args":[{"enterText":"10443","selector":{"controlType":"sap.m.SearchField","viewName":"etm.portal.ui.managecontracts.view.Master","bindingPath":{"path":"","propertyPath":"/_BASIC_SEARCH_FIELD","modelName":"fi1t3rM0d31"},"interaction":{"idSuffix":"I"}},"clearTextFirst":true,"interactionType":"ENTER_TEXT"}]}
RESULT: {"script":"<script> [776 bytes]","args":[{"enterText":"10443","selector":{"controlType":"sap.m.SearchField","viewName":"etm.portal.ui.managecontracts.view.Master","bindingPath":{"path":"","propertyPath":"/_BASIC_SEARCH_FIELD","modelName":"fi1t3rM0d31"},"interaction":{"idSuffix":"I"}},"clearTextFirst":true,"interactionType":"ENTER_TEXT"}]}
COMMAND: POST /session/d64c8a9d67ae429a1af470fcb6f0cd05/actions - {"actions":[{"id":"action31","type":"key","parameters":{},"actions":[{"type":"keyDown","value":"î€‡"},{"type":"pause","duration":10},{"type":"keyUp","value":"î€‡"}]}]}
RESULT: {"actions":[{"id":"action31","type":"key","parameters":{},"actions":[{"type":"keyDown","value":"î€‡"},{"type":"pause","duration":10},{"type":"keyUp","value":"î€‡"}]}]}
COMMAND: GET /session/d64c8a9d67ae429a1af470fcb6f0cd05/screenshot - {}
RESULT: {}
COMMAND: POST /session/d64c8a9d67ae429a1af470fcb6f0cd05/execute/async - {"script":"<script> [1562 bytes]","args":[{"selector":{"controlType":"sap.ui.core.Icon","viewName":"etm.portal.ui.managecontracts.view.Master","properties":{"src":{"regex":{"source":"slim\\-arrow\\-right"}}}},"wdio_ui5_key":"etmportal.ui.managecontracts.view.Mastersap.ui.core.Icon{\"src\":{\"regex\":{\"source\":\"slim\\\\-arrow\\\\-right\"}}}"}]}
RESULT: {"script":"<script> [1562 bytes]","args":[{"selector":{"controlType":"sap.ui.core.Icon","viewName":"etm.portal.ui.managecontracts.view.Master","properties":{"src":{"regex":{"source":"slim\\-arrow\\-right"}}}},"wdio_ui5_key":"etmportal.ui.managecontracts.view.Mastersap.ui.core.Icon{\"src\":{\"regex\":{\"source\":\"slim\\\\-arrow\\\\-right\"}}}"}]}
RESULT: undefined
COMMAND: POST /session/d64c8a9d67ae429a1af470fcb6f0cd05/element - {"using":"xpath","value":"//*[@id=\"__item2786-__clone9158-imgNav\"]"}
RESULT: {"using":"xpath","value":"//*[@id=\"__item2786-__clone9158-imgNav\"]"}
COMMAND: POST /session/d64c8a9d67ae429a1af470fcb6f0cd05/element/f.615B31F35ECDE76F4064C3ADAC5820DC.d.75F885222ABD7890A70826821D87E254.e.6099/click - {}
RESULT: {}
COMMAND: POST /session/d64c8a9d67ae429a1af470fcb6f0cd05/execute/async - {"script":"<script> [1562 bytes]","args":[{"selector":{"id":"addRequestItemBtn","viewName":"etm.portal.ui.managecontracts.view.Detail","interaction":{"idSuffix":"BDI-content"}},"wdio_ui5_key":"addRequestItemBtnetmportal.ui.managecontracts.view.Detail"}]}
COMMAND: GET /session/d64c8a9d67ae429a1af470fcb6f0cd05/screenshot - {}
RESULT: {"script":"<script> [1562 bytes]","args":[{"selector":{"id":"addRequestItemBtn","viewName":"etm.portal.ui.managecontracts.view.Detail","interaction":{"idSuffix":"BDI-content"}},"wdio_ui5_key":"addRequestItemBtnetmportal.ui.managecontracts.view.Detail"}]}
RESULT: undefined
COMMAND: POST /session/d64c8a9d67ae429a1af470fcb6f0cd05/element - {"using":"xpath","value":"//*[@id=\"__xmlview64--addRequestItemBtn\"]"}
RESULT: {}
RESULT: {"using":"xpath","value":"//*[@id=\"__xmlview64--addRequestItemBtn\"]"}
COMMAND: POST /session/d64c8a9d67ae429a1af470fcb6f0cd05/element/f.615B31F35ECDE76F4064C3ADAC5820DC.d.75F885222ABD7890A70826821D87E254.e.6220/click - {}
RESULT: {}
COMMAND: GET /session/d64c8a9d67ae429a1af470fcb6f0cd05/screenshot - {}
RESULT: {}
COMMAND: POST /session/d64c8a9d67ae429a1af470fcb6f0cd05/element - {"using":"xpath","value":"//div[contains(@id ,\"popupRequestTable-sa-CbBg\")]"}
RESULT: {"using":"xpath","value":"//div[contains(@id ,\"popupRequestTable-sa-CbBg\")]"}
COMMAND: POST /session/d64c8a9d67ae429a1af470fcb6f0cd05/element/f.615B31F35ECDE76F4064C3ADAC5820DC.d.75F885222ABD7890A70826821D87E254.e.6252/click - {}
RESULT: {}
COMMAND: GET /session/d64c8a9d67ae429a1af470fcb6f0cd05/screenshot - {}
RESULT: {}
COMMAND: POST /session/d64c8a9d67ae429a1af470fcb6f0cd05/execute/async - {"script":"<script> [1562 bytes]","args":[{"selector":{"controlType":"sap.m.Button","viewName":"etm.portal.ui.managecontracts.view.Detail","i18NText":{"propertyName":"text","key":"selectionDone"},"searchOpenDialogs":true,"interaction":{"idSuffix":"BDI-content"}},"wdio_ui5_key":"etmportal.ui.managecontracts.view.Detailsap.m.Button{\"propertyName\":\"text\",\"key\":\"selectionDone\"}"}]}
RESULT: {"script":"<script> [1562 bytes]","args":[{"selector":{"controlType":"sap.m.Button","viewName":"etm.portal.ui.managecontracts.view.Detail","i18NText":{"propertyName":"text","key":"selectionDone"},"searchOpenDialogs":true,"interaction":{"idSuffix":"BDI-content"}},"wdio_ui5_key":"etmportal.ui.managecontracts.view.Detailsap.m.Button{\"propertyName\":\"text\",\"key\":\"selectionDone\"}"}]}
RESULT: undefined
COMMAND: POST /session/d64c8a9d67ae429a1af470fcb6f0cd05/element - {"using":"xpath","value":"//*[@id=\"__button158\"]"}
RESULT: {"using":"xpath","value":"//*[@id=\"__button158\"]"}
COMMAND: POST /session/d64c8a9d67ae429a1af470fcb6f0cd05/element/f.615B31F35ECDE76F4064C3ADAC5820DC.d.75F885222ABD7890A70826821D87E254.e.6255/click - {}
RESULT: {}
COMMAND: POST /session/d64c8a9d67ae429a1af470fcb6f0cd05/execute/async - {"script":"<script> [1562 bytes]","args":[{"selector":{"controlType":"sap.m.Text","properties":{"text":"Started processing request items into the contract."},"searchOpenDialogs":true},"wdio_ui5_key":"sapm.Text{\"text\":\"Started processing request items into the contract.\"}"}]}
COMMAND: GET /session/d64c8a9d67ae429a1af470fcb6f0cd05/screenshot - {}
RESULT: {"script":"<script> [1562 bytes]","args":[{"selector":{"controlType":"sap.m.Text","properties":{"text":"Started processing request items into the contract."},"searchOpenDialogs":true},"wdio_ui5_key":"sapm.Text{\"text\":\"Started processing request items into the contract.\"}"}]}
RESULT: undefined
COMMAND: POST /session/d64c8a9d67ae429a1af470fcb6f0cd05/execute/async - {"script":"<script> [6424 bytes]","args":[{"element-6066-11e4-a52e-4f735466cecf":"f.615B31F35ECDE76F4064C3ADAC5820DC.d.75F885222ABD7890A70826821D87E254.e.6257"},"getText",[]]}
RESULT: {}
RESULT: {"script":"<script> [6424 bytes]","args":[{"element-6066-11e4-a52e-4f735466cecf":"f.615B31F35ECDE76F4064C3ADAC5820DC.d.75F885222ABD7890A70826821D87E254.e.6257"},"getText",[]]}
COMMAND: POST /session/d64c8a9d67ae429a1af470fcb6f0cd05/execute/async - {"script":"<script> [1562 bytes]","args":[{"selector":{"controlType":"sap.m.Button","properties":{"text":"OK"},"searchOpenDialogs":true,"interaction":{"idSuffix":"inner"}},"wdio_ui5_key":"sapm.Button{\"text\":\"OK\"}"}]}
RESULT: {"script":"<script> [1562 bytes]","args":[{"selector":{"controlType":"sap.m.Button","properties":{"text":"OK"},"searchOpenDialogs":true,"interaction":{"idSuffix":"inner"}},"wdio_ui5_key":"sapm.Button{\"text\":\"OK\"}"}]}
RESULT: undefined
COMMAND: POST /session/d64c8a9d67ae429a1af470fcb6f0cd05/element - {"using":"xpath","value":"//*[@id=\"__mbox-btn-5\"]"}
RESULT: {"using":"xpath","value":"//*[@id=\"__mbox-btn-5\"]"}
COMMAND: POST /session/d64c8a9d67ae429a1af470fcb6f0cd05/element/f.615B31F35ECDE76F4064C3ADAC5820DC.d.75F885222ABD7890A70826821D87E254.e.6256/click - {}
RESULT: {}
COMMAND: POST /session/d64c8a9d67ae429a1af470fcb6f0cd05/execute/async - {"script":"<script> [1562 bytes]","args":[{"selector":{"id":"headerBillingItemsTabFilter","viewName":"etm.portal.ui.managecontracts.view.Detail","interaction":{"idSuffix":"text"}},"wdio_ui5_key":"headerBillingItemsTabFilteretmportal.ui.managecontracts.view.Detail"}]}
COMMAND: GET /session/d64c8a9d67ae429a1af470fcb6f0cd05/screenshot - {}
RESULT: {"script":"<script> [1562 bytes]","args":[{"selector":{"id":"headerBillingItemsTabFilter","viewName":"etm.portal.ui.managecontracts.view.Detail","interaction":{"idSuffix":"text"}},"wdio_ui5_key":"headerBillingItemsTabFilteretmportal.ui.managecontracts.view.Detail"}]}
RESULT: undefined
COMMAND: POST /session/d64c8a9d67ae429a1af470fcb6f0cd05/element - {"using":"xpath","value":"//*[@id=\"__xmlview64--headerBillingItemsTabFilter\"]"}
RESULT: {}
RESULT: {"using":"xpath","value":"//*[@id=\"__xmlview64--headerBillingItemsTabFilter\"]"}
COMMAND: POST /session/d64c8a9d67ae429a1af470fcb6f0cd05/element/f.615B31F35ECDE76F4064C3ADAC5820DC.d.75F885222ABD7890A70826821D87E254.e.6267/click - {}
RESULT: {}
COMMAND: GET /session/d64c8a9d67ae429a1af470fcb6f0cd05/screenshot - {}
RESULT: {}
COMMAND: POST /session/d64c8a9d67ae429a1af470fcb6f0cd05/execute/async - {"script":"<script> [1562 bytes]","args":[{"selector":{"controlType":"sap.ui.core.Icon","viewName":"etm.portal.ui.managecontracts.view.Detail","properties":{"src":{"regex":{"source":"synchronize"}}}},"wdio_ui5_key":"etmportal.ui.managecontracts.view.Detailsap.ui.core.Icon{\"src\":{\"regex\":{\"source\":\"synchronize\"}}}"}]}
RESULT: {"script":"<script> [1562 bytes]","args":[{"selector":{"controlType":"sap.ui.core.Icon","viewName":"etm.portal.ui.managecontracts.view.Detail","properties":{"src":{"regex":{"source":"synchronize"}}}},"wdio_ui5_key":"etmportal.ui.managecontracts.view.Detailsap.ui.core.Icon{\"src\":{\"regex\":{\"source\":\"synchronize\"}}}"}]}
RESULT: undefined
COMMAND: POST /session/d64c8a9d67ae429a1af470fcb6f0cd05/element - {"using":"xpath","value":"//*[@id=\"__xmlview64--btnToggleUpdate-img\"]"}
RESULT: {"using":"xpath","value":"//*[@id=\"__xmlview64--btnToggleUpdate-img\"]"}
COMMAND: POST /session/d64c8a9d67ae429a1af470fcb6f0cd05/element/f.615B31F35ECDE76F4064C3ADAC5820DC.d.75F885222ABD7890A70826821D87E254.e.6269/click - {}
RESULT: {}
COMMAND: GET /session/d64c8a9d67ae429a1af470fcb6f0cd05/screenshot - {}
RESULT: {}
RESULT: undefined
COMMAND: POST /session/d64c8a9d67ae429a1af470fcb6f0cd05/element - {"using":"xpath","value":"//*[@id=\"__xmlview64--headerBillingItemsTabFilter\"]"}
RESULT: {"using":"xpath","value":"//*[@id=\"__xmlview64--headerBillingItemsTabFilter\"]"}
COMMAND: POST /session/d64c8a9d67ae429a1af470fcb6f0cd05/element/f.615B31F35ECDE76F4064C3ADAC5820DC.d.75F885222ABD7890A70826821D87E254.e.6267/click - {}
RESULT: {}
COMMAND: POST /session/d64c8a9d67ae429a1af470fcb6f0cd05/execute/async - {"script":"<script> [1562 bytes]","args":[{"selector":{"controlType":"sap.m.Title","viewName":"etm.portal.ui.managecontracts.view.Detail","properties":{"text":"Contract Items (2)"}},"wdio_ui5_key":"etmportal.ui.managecontracts.view.Detailsap.m.Title{\"text\":\"Contract Items (2)\"}"}]}
COMMAND: GET /session/d64c8a9d67ae429a1af470fcb6f0cd05/screenshot - {}
RESULT: {"script":"<script> [1562 bytes]","args":[{"selector":{"controlType":"sap.m.Title","viewName":"etm.portal.ui.managecontracts.view.Detail","properties":{"text":"Contract Items (2)"}},"wdio_ui5_key":"etmportal.ui.managecontracts.view.Detailsap.m.Title{\"text\":\"Contract Items (2)\"}"}]}
RESULT: undefined
COMMAND: POST /session/d64c8a9d67ae429a1af470fcb6f0cd05/execute/async - {"script":"<script> [6424 bytes]","args":[{"element-6066-11e4-a52e-4f735466cecf":"f.615B31F35ECDE76F4064C3ADAC5820DC.d.75F885222ABD7890A70826821D87E254.e.6277"},"getText",[]]}
RESULT: {}
RESULT: {"script":"<script> [6424 bytes]","args":[{"element-6066-11e4-a52e-4f735466cecf":"f.615B31F35ECDE76F4064C3ADAC5820DC.d.75F885222ABD7890A70826821D87E254.e.6277"},"getText",[]]}
COMMAND: POST /session/d64c8a9d67ae429a1af470fcb6f0cd05/execute/async - {"script":"<script> [1562 bytes]","args":[{"selector":{"controlType":"sap.m.ObjectStatus","viewName":"etm.portal.ui.managecontracts.view.Detail","bindingPath":{"path":"/SmartContractItems(CONTRACT='10443',ITEM=10m,SUB_ITEM=0m)","propertyPath":"STATUS"}},"wdio_ui5_key":"etmportal.ui.managecontracts.view.Detailsap.m.ObjectStatus{\"path\":\"/SmartContractItems(CONTRACT='10443',ITEM=10m,SUB_ITEM=0m)\",\"propertyPath\":\"STATUS\"}"}]}
RESULT: {"script":"<script> [1562 bytes]","args":[{"selector":{"controlType":"sap.m.ObjectStatus","viewName":"etm.portal.ui.managecontracts.view.Detail","bindingPath":{"path":"/SmartContractItems(CONTRACT='10443',ITEM=10m,SUB_ITEM=0m)","propertyPath":"STATUS"}},"wdio_ui5_key":"etmportal.ui.managecontracts.view.Detailsap.m.ObjectStatus{\"path\":\"/SmartContractItems(CONTRACT='10443',ITEM=10m,SUB_ITEM=0m)\",\"propertyPath\":\"STATUS\"}"}]}
RESULT: undefined
COMMAND: POST /session/d64c8a9d67ae429a1af470fcb6f0cd05/execute/async - {"script":"<script> [6424 bytes]","args":[{"element-6066-11e4-a52e-4f735466cecf":"f.615B31F35ECDE76F4064C3ADAC5820DC.d.75F885222ABD7890A70826821D87E254.e.6279"},"getText",[]]}
RESULT: {"script":"<script> [6424 bytes]","args":[{"element-6066-11e4-a52e-4f735466cecf":"f.615B31F35ECDE76F4064C3ADAC5820DC.d.75F885222ABD7890A70826821D87E254.e.6279"},"getText",[]]}
COMMAND: POST /session/d64c8a9d67ae429a1af470fcb6f0cd05/execute/async - {"script":"<script> [1562 bytes]","args":[{"selector":{"controlType":"sap.m.ObjectStatus","viewName":"etm.portal.ui.managecontracts.view.Detail","bindingPath":{"path":"/SmartContractItems(CONTRACT='10443',ITEM=20m,SUB_ITEM=0m)","propertyPath":"STATUS"}},"wdio_ui5_key":"etmportal.ui.managecontracts.view.Detailsap.m.ObjectStatus{\"path\":\"/SmartContractItems(CONTRACT='10443',ITEM=20m,SUB_ITEM=0m)\",\"propertyPath\":\"STATUS\"}"}]}
RESULT: {"script":"<script> [1562 bytes]","args":[{"selector":{"controlType":"sap.m.ObjectStatus","viewName":"etm.portal.ui.managecontracts.view.Detail","bindingPath":{"path":"/SmartContractItems(CONTRACT='10443',ITEM=20m,SUB_ITEM=0m)","propertyPath":"STATUS"}},"wdio_ui5_key":"etmportal.ui.managecontracts.view.Detailsap.m.ObjectStatus{\"path\":\"/SmartContractItems(CONTRACT='10443',ITEM=20m,SUB_ITEM=0m)\",\"propertyPath\":\"STATUS\"}"}]}
RESULT: undefined
COMMAND: POST /session/d64c8a9d67ae429a1af470fcb6f0cd05/execute/async - {"script":"<script> [6424 bytes]","args":[{"element-6066-11e4-a52e-4f735466cecf":"f.615B31F35ECDE76F4064C3ADAC5820DC.d.75F885222ABD7890A70826821D87E254.e.6280"},"getText",[]]}
RESULT: {"script":"<script> [6424 bytes]","args":[{"element-6066-11e4-a52e-4f735466cecf":"f.615B31F35ECDE76F4064C3ADAC5820DC.d.75F885222ABD7890A70826821D87E254.e.6280"},"getText",[]]}
]]></system-out>
    </testcase>
  </testsuite>
  <testsuite timestamp="2025-06-04T05:42:29" time="131.474" tests="1" failures="1" errors="1" skipped="0">
    <properties>
      <property name="specId" value="0" />
      <property name="suiteName" value="Manage contracts - revert request US152962" />
      <property name="capabilities" value="chrome.136_0_7103_93.windows" />
      <property name="file" value="file:///D:/a/1/s/test/specs/R2C/manage-contracts-revert-request.spec.js" />
    </properties>
  </testsuite>
  <testsuite timestamp="2025-06-04T05:44:41" time="335.301" tests="4" failures="0" errors="0" skipped="0">
    <properties>
      <property name="specId" value="0" />
      <property name="suiteName" value="Standard contract close-reopen US111278" />
      <property name="capabilities" value="chrome.136_0_7103_93.windows" />
      <property name="file" value="file:///D:/a/1/s/test/specs/R2C/standard-contract-close-reopen.spec.js" />
    </properties>
    <testcase classname="chrome.136_0_7103_93.windows.Standard_contract_close-reopen_US111278" name="Should create a new contract and add an item" time="171.516">
      <system-out><![CDATA[
COMMAND: POST /session/d64c8a9d67ae429a1af470fcb6f0cd05/execute/async - {"script":"<script> [1562 bytes]","args":[{"selector":{"controlType":"sap.m.GenericTile","properties":{"header":"Manage Contracts"}},"wdio_ui5_key":"sapm.GenericTile{\"header\":\"Manage Contracts\"}"}]}
RESULT: {"script":"<script> [1562 bytes]","args":[{"selector":{"controlType":"sap.m.GenericTile","properties":{"header":"Manage Contracts"}},"wdio_ui5_key":"sapm.GenericTile{\"header\":\"Manage Contracts\"}"}]}
RESULT: undefined
COMMAND: POST /session/d64c8a9d67ae429a1af470fcb6f0cd05/element - {"using":"xpath","value":"//*[@id=\"__tile130\"]"}
RESULT: {"using":"xpath","value":"//*[@id=\"__tile130\"]"}
COMMAND: POST /session/d64c8a9d67ae429a1af470fcb6f0cd05/element/f.615B31F35ECDE76F4064C3ADAC5820DC.d.CC70677D696D64052256944CFC2C4050.e.6844/click - {}
RESULT: {}
COMMAND: GET /session/d64c8a9d67ae429a1af470fcb6f0cd05/screenshot - {}
COMMAND: POST /session/d64c8a9d67ae429a1af470fcb6f0cd05/elements - {"using":"xpath","value":"//span[text()='Error']"}
RESULT: {}
RESULT: {"using":"xpath","value":"//span[text()='Error']"}
COMMAND: POST /session/d64c8a9d67ae429a1af470fcb6f0cd05/element - {"using":"xpath","value":"//button[@data-kt=\"addButton\"]"}
RESULT: {"using":"xpath","value":"//button[@data-kt=\"addButton\"]"}
COMMAND: POST /session/d64c8a9d67ae429a1af470fcb6f0cd05/element/f.615B31F35ECDE76F4064C3ADAC5820DC.d.CC70677D696D64052256944CFC2C4050.e.6898/click - {}
RESULT: {}
COMMAND: GET /session/d64c8a9d67ae429a1af470fcb6f0cd05/screenshot - {}
COMMAND: POST /session/d64c8a9d67ae429a1af470fcb6f0cd05/execute/async - {"script":"<script> [1562 bytes]","args":[{"selector":{"id":"application-managecontracts-display-component---AddNewContract--projectDescription","interaction":{"idSuffix":"inner"}},"wdio_ui5_key":"applicationmanagecontracts-display-component---AddNewContract--projectDescription"}]}
RESULT: {}
RESULT: {"script":"<script> [1562 bytes]","args":[{"selector":{"id":"application-managecontracts-display-component---AddNewContract--projectDescription","interaction":{"idSuffix":"inner"}},"wdio_ui5_key":"applicationmanagecontracts-display-component---AddNewContract--projectDescription"}]}
RESULT: undefined
COMMAND: POST /session/d64c8a9d67ae429a1af470fcb6f0cd05/execute/async - {"script":"<script> [776 bytes]","args":[{"enterText":"WdIOTestmexps","selector":{"id":"application-managecontracts-display-component---AddNewContract--projectDescription","interaction":{"idSuffix":"inner"}},"clearTextFirst":true,"interactionType":"ENTER_TEXT"}]}
RESULT: {"script":"<script> [776 bytes]","args":[{"enterText":"WdIOTestmexps","selector":{"id":"application-managecontracts-display-component---AddNewContract--projectDescription","interaction":{"idSuffix":"inner"}},"clearTextFirst":true,"interactionType":"ENTER_TEXT"}]}
COMMAND: POST /session/d64c8a9d67ae429a1af470fcb6f0cd05/element - {"using":"xpath","value":"//input[@id=\"application-managecontracts-display-component---AddNewContract--yardId-inner\"]"}
RESULT: {"using":"xpath","value":"//input[@id=\"application-managecontracts-display-component---AddNewContract--yardId-inner\"]"}
COMMAND: POST /session/d64c8a9d67ae429a1af470fcb6f0cd05/element/f.615B31F35ECDE76F4064C3ADAC5820DC.d.CC70677D696D64052256944CFC2C4050.e.7160/clear - {}
RESULT: {}
COMMAND: POST /session/d64c8a9d67ae429a1af470fcb6f0cd05/element/f.615B31F35ECDE76F4064C3ADAC5820DC.d.CC70677D696D64052256944CFC2C4050.e.7160/value - {"text":"WebdriverYardqyqm3"}
COMMAND: GET /session/d64c8a9d67ae429a1af470fcb6f0cd05/screenshot - {}
RESULT: {"text":"WebdriverYardqyqm3"}
COMMAND: GET /session/d64c8a9d67ae429a1af470fcb6f0cd05/screenshot - {}
RESULT: {}
RESULT: {}
COMMAND: POST /session/d64c8a9d67ae429a1af470fcb6f0cd05/actions - {"actions":[{"id":"action34","type":"key","parameters":{},"actions":[{"type":"keyDown","value":"î€‡"},{"type":"pause","duration":10},{"type":"keyUp","value":"î€‡"}]}]}
RESULT: {"actions":[{"id":"action34","type":"key","parameters":{},"actions":[{"type":"keyDown","value":"î€‡"},{"type":"pause","duration":10},{"type":"keyUp","value":"î€‡"}]}]}
COMMAND: GET /session/d64c8a9d67ae429a1af470fcb6f0cd05/screenshot - {}
RESULT: {}
COMMAND: POST /session/d64c8a9d67ae429a1af470fcb6f0cd05/element - {"using":"xpath","value":"//input[@id=\"application-managecontracts-display-component---AddNewContract--customerSelect-inner\"]"}
RESULT: {"using":"xpath","value":"//input[@id=\"application-managecontracts-display-component---AddNewContract--customerSelect-inner\"]"}
COMMAND: POST /session/d64c8a9d67ae429a1af470fcb6f0cd05/element/f.615B31F35ECDE76F4064C3ADAC5820DC.d.CC70677D696D64052256944CFC2C4050.e.7158/clear - {}
RESULT: {}
COMMAND: POST /session/d64c8a9d67ae429a1af470fcb6f0cd05/element/f.615B31F35ECDE76F4064C3ADAC5820DC.d.CC70677D696D64052256944CFC2C4050.e.7158/value - {"text":"WebdriverPartnerdl8yu"}
COMMAND: GET /session/d64c8a9d67ae429a1af470fcb6f0cd05/screenshot - {}
RESULT: {"text":"WebdriverPartnerdl8yu"}
COMMAND: GET /session/d64c8a9d67ae429a1af470fcb6f0cd05/screenshot - {}
RESULT: {}
RESULT: {}
COMMAND: POST /session/d64c8a9d67ae429a1af470fcb6f0cd05/actions - {"actions":[{"id":"action35","type":"key","parameters":{},"actions":[{"type":"keyDown","value":"î€‡"},{"type":"pause","duration":10},{"type":"keyUp","value":"î€‡"}]}]}
RESULT: {"actions":[{"id":"action35","type":"key","parameters":{},"actions":[{"type":"keyDown","value":"î€‡"},{"type":"pause","duration":10},{"type":"keyUp","value":"î€‡"}]}]}
COMMAND: GET /session/d64c8a9d67ae429a1af470fcb6f0cd05/screenshot - {}
RESULT: {}
COMMAND: POST /session/d64c8a9d67ae429a1af470fcb6f0cd05/element - {"using":"xpath","value":"//input[@id=\"application-managecontracts-display-component---AddNewContract--site-inner\"]"}
RESULT: {"using":"xpath","value":"//input[@id=\"application-managecontracts-display-component---AddNewContract--site-inner\"]"}
COMMAND: POST /session/d64c8a9d67ae429a1af470fcb6f0cd05/element/f.615B31F35ECDE76F4064C3ADAC5820DC.d.CC70677D696D64052256944CFC2C4050.e.7159/clear - {}
RESULT: {}
COMMAND: POST /session/d64c8a9d67ae429a1af470fcb6f0cd05/element/f.615B31F35ECDE76F4064C3ADAC5820DC.d.CC70677D696D64052256944CFC2C4050.e.7159/value - {"text":"WebdriverSitedyavj"}
COMMAND: GET /session/d64c8a9d67ae429a1af470fcb6f0cd05/screenshot - {}
RESULT: {"text":"WebdriverSitedyavj"}
COMMAND: GET /session/d64c8a9d67ae429a1af470fcb6f0cd05/screenshot - {}
RESULT: {}
RESULT: {}
COMMAND: POST /session/d64c8a9d67ae429a1af470fcb6f0cd05/actions - {"actions":[{"id":"action36","type":"key","parameters":{},"actions":[{"type":"keyDown","value":"î€‡"},{"type":"pause","duration":10},{"type":"keyUp","value":"î€‡"}]}]}
RESULT: {"actions":[{"id":"action36","type":"key","parameters":{},"actions":[{"type":"keyDown","value":"î€‡"},{"type":"pause","duration":10},{"type":"keyUp","value":"î€‡"}]}]}
COMMAND: GET /session/d64c8a9d67ae429a1af470fcb6f0cd05/screenshot - {}
RESULT: {}
COMMAND: POST /session/d64c8a9d67ae429a1af470fcb6f0cd05/element - {"using":"xpath","value":"//button[@data-kt=\"saveButton\"]"}
RESULT: {"using":"xpath","value":"//button[@data-kt=\"saveButton\"]"}
COMMAND: POST /session/d64c8a9d67ae429a1af470fcb6f0cd05/element/f.615B31F35ECDE76F4064C3ADAC5820DC.d.CC70677D696D64052256944CFC2C4050.e.7234/click - {}
RESULT: {}
COMMAND: GET /session/d64c8a9d67ae429a1af470fcb6f0cd05/screenshot - {}
RESULT: {}
COMMAND: POST /session/d64c8a9d67ae429a1af470fcb6f0cd05/execute/async - {"script":"<script> [1562 bytes]","args":[{"selector":{"id":"contractDetailTitleNoExpanded","viewName":"etm.portal.ui.managecontracts.view.Detail"},"wdio_ui5_key":"contractDetailTitleNoExpandedetmportal.ui.managecontracts.view.Detail"}]}
RESULT: {"script":"<script> [1562 bytes]","args":[{"selector":{"id":"contractDetailTitleNoExpanded","viewName":"etm.portal.ui.managecontracts.view.Detail"},"wdio_ui5_key":"contractDetailTitleNoExpandedetmportal.ui.managecontracts.view.Detail"}]}
RESULT: undefined
COMMAND: POST /session/d64c8a9d67ae429a1af470fcb6f0cd05/execute/async - {"script":"<script> [6424 bytes]","args":[{"element-6066-11e4-a52e-4f735466cecf":"f.615B31F35ECDE76F4064C3ADAC5820DC.d.CC70677D696D64052256944CFC2C4050.e.7257"},"getText",[]]}
RESULT: {"script":"<script> [6424 bytes]","args":[{"element-6066-11e4-a52e-4f735466cecf":"f.615B31F35ECDE76F4064C3ADAC5820DC.d.CC70677D696D64052256944CFC2C4050.e.7257"},"getText",[]]}
COMMAND: POST /session/d64c8a9d67ae429a1af470fcb6f0cd05/execute/async - {"script":"<script> [1562 bytes]","args":[{"selector":{"id":"closeContractBtn","viewName":"etm.portal.ui.managecontracts.view.Detail"},"wdio_ui5_key":"closeContractBtnetmportal.ui.managecontracts.view.Detail"}]}
RESULT: {"script":"<script> [1562 bytes]","args":[{"selector":{"id":"closeContractBtn","viewName":"etm.portal.ui.managecontracts.view.Detail"},"wdio_ui5_key":"closeContractBtnetmportal.ui.managecontracts.view.Detail"}]}
RESULT: undefined
COMMAND: POST /session/d64c8a9d67ae429a1af470fcb6f0cd05/execute/async - {"script":"<script> [6424 bytes]","args":[{"element-6066-11e4-a52e-4f735466cecf":"f.615B31F35ECDE76F4064C3ADAC5820DC.d.CC70677D696D64052256944CFC2C4050.e.7258"},"getEnabled",[]]}
RESULT: {"script":"<script> [6424 bytes]","args":[{"element-6066-11e4-a52e-4f735466cecf":"f.615B31F35ECDE76F4064C3ADAC5820DC.d.CC70677D696D64052256944CFC2C4050.e.7258"},"getEnabled",[]]}
COMMAND: POST /session/d64c8a9d67ae429a1af470fcb6f0cd05/element - {"using":"xpath","value":"//button[@data-kt=\"contractDetailEditBtnButton\"]"}
RESULT: {"using":"xpath","value":"//button[@data-kt=\"contractDetailEditBtnButton\"]"}
COMMAND: POST /session/d64c8a9d67ae429a1af470fcb6f0cd05/element/f.615B31F35ECDE76F4064C3ADAC5820DC.d.CC70677D696D64052256944CFC2C4050.e.7259/click - {}
RESULT: {}
COMMAND: GET /session/d64c8a9d67ae429a1af470fcb6f0cd05/screenshot - {}
RESULT: {}
COMMAND: POST /session/d64c8a9d67ae429a1af470fcb6f0cd05/element - {"using":"xpath","value":"(//span[contains(text(), \"Additional Addresses\")])[2]"}
RESULT: {"using":"xpath","value":"(//span[contains(text(), \"Additional Addresses\")])[2]"}
COMMAND: POST /session/d64c8a9d67ae429a1af470fcb6f0cd05/element/f.615B31F35ECDE76F4064C3ADAC5820DC.d.CC70677D696D64052256944CFC2C4050.e.7318/click - {}
RESULT: {}
COMMAND: GET /session/d64c8a9d67ae429a1af470fcb6f0cd05/screenshot - {}
RESULT: {}
COMMAND: POST /session/d64c8a9d67ae429a1af470fcb6f0cd05/element - {"using":"xpath","value":"//button[@data-kt=\"btnAddTableRowOverflowToolbarButton\"]"}
RESULT: {"using":"xpath","value":"//button[@data-kt=\"btnAddTableRowOverflowToolbarButton\"]"}
COMMAND: POST /session/d64c8a9d67ae429a1af470fcb6f0cd05/element/f.615B31F35ECDE76F4064C3ADAC5820DC.d.CC70677D696D64052256944CFC2C4050.e.7322/click - {}
RESULT: {}
COMMAND: GET /session/d64c8a9d67ae429a1af470fcb6f0cd05/screenshot - {}
RESULT: {}
COMMAND: POST /session/d64c8a9d67ae429a1af470fcb6f0cd05/element - {"using":"xpath","value":"//div[(text() = 'Standard Entry' or . = 'Standard Entry')]"}
RESULT: {"using":"xpath","value":"//div[(text() = 'Standard Entry' or . = 'Standard Entry')]"}
COMMAND: POST /session/d64c8a9d67ae429a1af470fcb6f0cd05/element/f.615B31F35ECDE76F4064C3ADAC5820DC.d.CC70677D696D64052256944CFC2C4050.e.7324/click - {}
RESULT: {}
COMMAND: POST /session/d64c8a9d67ae429a1af470fcb6f0cd05/element - {"using":"xpath","value":"//td[6]/div/div/input[1]"}
COMMAND: GET /session/d64c8a9d67ae429a1af470fcb6f0cd05/screenshot - {}
RESULT: {"using":"xpath","value":"//td[6]/div/div/input[1]"}
COMMAND: POST /session/d64c8a9d67ae429a1af470fcb6f0cd05/element/f.615B31F35ECDE76F4064C3ADAC5820DC.d.CC70677D696D64052256944CFC2C4050.e.7326/click - {}
RESULT: {}
RESULT: {}
COMMAND: POST /session/d64c8a9d67ae429a1af470fcb6f0cd05/actions - {"actions":[{"id":"action37","type":"key","parameters":{},"actions":[{"type":"keyDown","value":"î€ƒ"},{"type":"pause","duration":10},{"type":"keyUp","value":"î€ƒ"}]}]}
COMMAND: GET /session/d64c8a9d67ae429a1af470fcb6f0cd05/screenshot - {}
RESULT: {"actions":[{"id":"action37","type":"key","parameters":{},"actions":[{"type":"keyDown","value":"î€ƒ"},{"type":"pause","duration":10},{"type":"keyUp","value":"î€ƒ"}]}]}
COMMAND: POST /session/d64c8a9d67ae429a1af470fcb6f0cd05/element - {"using":"xpath","value":"//td[6]/div/div/input[1]"}
COMMAND: GET /session/d64c8a9d67ae429a1af470fcb6f0cd05/screenshot - {}
RESULT: {}
RESULT: {"using":"xpath","value":"//td[6]/div/div/input[1]"}
COMMAND: POST /session/d64c8a9d67ae429a1af470fcb6f0cd05/element/f.615B31F35ECDE76F4064C3ADAC5820DC.d.CC70677D696D64052256944CFC2C4050.e.7326/clear - {}
RESULT: {}
RESULT: {}
COMMAND: POST /session/d64c8a9d67ae429a1af470fcb6f0cd05/element/f.615B31F35ECDE76F4064C3ADAC5820DC.d.CC70677D696D64052256944CFC2C4050.e.7326/value - {"text":"Material"}
COMMAND: GET /session/d64c8a9d67ae429a1af470fcb6f0cd05/screenshot - {}
RESULT: {"text":"Material"}
COMMAND: GET /session/d64c8a9d67ae429a1af470fcb6f0cd05/screenshot - {}
RESULT: {}
RESULT: {}
COMMAND: POST /session/d64c8a9d67ae429a1af470fcb6f0cd05/actions - {"actions":[{"id":"action38","type":"key","parameters":{},"actions":[{"type":"keyDown","value":"î€‡"},{"type":"pause","duration":10},{"type":"keyUp","value":"î€‡"}]}]}
RESULT: {"actions":[{"id":"action38","type":"key","parameters":{},"actions":[{"type":"keyDown","value":"î€‡"},{"type":"pause","duration":10},{"type":"keyUp","value":"î€‡"}]}]}
COMMAND: GET /session/d64c8a9d67ae429a1af470fcb6f0cd05/screenshot - {}
RESULT: {}
COMMAND: POST /session/d64c8a9d67ae429a1af470fcb6f0cd05/actions - {"actions":[{"id":"action39","type":"key","parameters":{},"actions":[{"type":"keyDown","value":"î€‡"},{"type":"pause","duration":10},{"type":"keyUp","value":"î€‡"}]}]}
RESULT: {"actions":[{"id":"action39","type":"key","parameters":{},"actions":[{"type":"keyDown","value":"î€‡"},{"type":"pause","duration":10},{"type":"keyUp","value":"î€‡"}]}]}
COMMAND: POST /session/d64c8a9d67ae429a1af470fcb6f0cd05/element - {"using":"xpath","value":"//td[7]/div/div/input"}
COMMAND: GET /session/d64c8a9d67ae429a1af470fcb6f0cd05/screenshot - {}
RESULT: {"using":"xpath","value":"//td[7]/div/div/input"}
COMMAND: POST /session/d64c8a9d67ae429a1af470fcb6f0cd05/element/f.615B31F35ECDE76F4064C3ADAC5820DC.d.CC70677D696D64052256944CFC2C4050.e.7339/clear - {}
RESULT: {}
RESULT: {}
COMMAND: POST /session/d64c8a9d67ae429a1af470fcb6f0cd05/element/f.615B31F35ECDE76F4064C3ADAC5820DC.d.CC70677D696D64052256944CFC2C4050.e.7339/value - {"text":"WebdriverMatTestpi0a2"}
COMMAND: GET /session/d64c8a9d67ae429a1af470fcb6f0cd05/screenshot - {}
RESULT: {"text":"WebdriverMatTestpi0a2"}
COMMAND: GET /session/d64c8a9d67ae429a1af470fcb6f0cd05/screenshot - {}
RESULT: {}
RESULT: {}
COMMAND: POST /session/d64c8a9d67ae429a1af470fcb6f0cd05/actions - {"actions":[{"id":"action40","type":"key","parameters":{},"actions":[{"type":"keyDown","value":"î€‡"},{"type":"pause","duration":10},{"type":"keyUp","value":"î€‡"}]}]}
RESULT: {"actions":[{"id":"action40","type":"key","parameters":{},"actions":[{"type":"keyDown","value":"î€‡"},{"type":"pause","duration":10},{"type":"keyUp","value":"î€‡"}]}]}
COMMAND: GET /session/d64c8a9d67ae429a1af470fcb6f0cd05/screenshot - {}
RESULT: {}
COMMAND: POST /session/d64c8a9d67ae429a1af470fcb6f0cd05/actions - {"actions":[{"id":"action41","type":"key","parameters":{},"actions":[{"type":"keyDown","value":"î€‡"},{"type":"pause","duration":10},{"type":"keyUp","value":"î€‡"}]}]}
RESULT: {"actions":[{"id":"action41","type":"key","parameters":{},"actions":[{"type":"keyDown","value":"î€‡"},{"type":"pause","duration":10},{"type":"keyUp","value":"î€‡"}]}]}
COMMAND: GET /session/d64c8a9d67ae429a1af470fcb6f0cd05/screenshot - {}
RESULT: {}
COMMAND: POST /session/d64c8a9d67ae429a1af470fcb6f0cd05/element - {"using":"xpath","value":"(//button[@data-kt=\"saveButton\"])[2]"}
RESULT: {"using":"xpath","value":"(//button[@data-kt=\"saveButton\"])[2]"}
COMMAND: POST /session/d64c8a9d67ae429a1af470fcb6f0cd05/element/f.615B31F35ECDE76F4064C3ADAC5820DC.d.CC70677D696D64052256944CFC2C4050.e.7365/click - {}
RESULT: {}
COMMAND: GET /session/d64c8a9d67ae429a1af470fcb6f0cd05/screenshot - {}
RESULT: {}
]]></system-out>
    </testcase>
    <testcase classname="chrome.136_0_7103_93.windows.Standard_contract_close-reopen_US111278" name="It should close the contract" time="36.082">
      <system-out><![CDATA[
RESULT: undefined
COMMAND: POST /session/d64c8a9d67ae429a1af470fcb6f0cd05/element - {"using":"xpath","value":"//*[@id=\"__xmlview62--closeContractBtn\"]"}
RESULT: {"using":"xpath","value":"//*[@id=\"__xmlview62--closeContractBtn\"]"}
COMMAND: POST /session/d64c8a9d67ae429a1af470fcb6f0cd05/element/f.615B31F35ECDE76F4064C3ADAC5820DC.d.CC70677D696D64052256944CFC2C4050.e.7258/click - {}
RESULT: {}
COMMAND: GET /session/d64c8a9d67ae429a1af470fcb6f0cd05/screenshot - {}
RESULT: {}
COMMAND: POST /session/d64c8a9d67ae429a1af470fcb6f0cd05/element - {"using":"xpath","value":"//span[contains(text(), \"Do you want to close the whole contract?\")]"}
RESULT: {"using":"xpath","value":"//span[contains(text(), \"Do you want to close the whole contract?\")]"}
COMMAND: POST /session/d64c8a9d67ae429a1af470fcb6f0cd05/execute/sync - {"script":"<script> [8489 bytes]","args":[{"element-6066-11e4-a52e-4f735466cecf":"f.615B31F35ECDE76F4064C3ADAC5820DC.d.CC70677D696D64052256944CFC2C4050.e.7369","ELEMENT":"f.615B31F35ECDE76F4064C3ADAC5820DC.d.CC70677D696D64052256944CFC2C4050.e.7369"}]}
RESULT: {"script":"<script> [8489 bytes]","args":[{"element-6066-11e4-a52e-4f735466cecf":"f.615B31F35ECDE76F4064C3ADAC5820DC.d.CC70677D696D64052256944CFC2C4050.e.7369","ELEMENT":"f.615B31F35ECDE76F4064C3ADAC5820DC.d.CC70677D696D64052256944CFC2C4050.e.7369"}]}
COMMAND: POST /session/d64c8a9d67ae429a1af470fcb6f0cd05/element - {"using":"xpath","value":"//bdi[contains(text(), \"OK\")]"}
COMMAND: GET /session/d64c8a9d67ae429a1af470fcb6f0cd05/screenshot - {}
RESULT: {"using":"xpath","value":"//bdi[contains(text(), \"OK\")]"}
COMMAND: POST /session/d64c8a9d67ae429a1af470fcb6f0cd05/element/f.615B31F35ECDE76F4064C3ADAC5820DC.d.CC70677D696D64052256944CFC2C4050.e.7370/click - {}
RESULT: {}
RESULT: {}
COMMAND: GET /session/d64c8a9d67ae429a1af470fcb6f0cd05/screenshot - {}
RESULT: {}
COMMAND: POST /session/d64c8a9d67ae429a1af470fcb6f0cd05/element - {"using":"xpath","value":"//input[contains(@id ,\"smartContractFilterBar-btnBasicSearch-I\")]"}
RESULT: {"using":"xpath","value":"//input[contains(@id ,\"smartContractFilterBar-btnBasicSearch-I\")]"}
COMMAND: POST /session/d64c8a9d67ae429a1af470fcb6f0cd05/element/f.615B31F35ECDE76F4064C3ADAC5820DC.d.CC70677D696D64052256944CFC2C4050.e.6856/clear - {}
RESULT: {}
COMMAND: POST /session/d64c8a9d67ae429a1af470fcb6f0cd05/element/f.615B31F35ECDE76F4064C3ADAC5820DC.d.CC70677D696D64052256944CFC2C4050.e.6856/value - {"text":"10444"}
COMMAND: GET /session/d64c8a9d67ae429a1af470fcb6f0cd05/screenshot - {}
RESULT: {"text":"10444"}
COMMAND: POST /session/d64c8a9d67ae429a1af470fcb6f0cd05/actions - {"actions":[{"id":"action42","type":"key","parameters":{},"actions":[{"type":"keyDown","value":"î€‡"},{"type":"pause","duration":10},{"type":"keyUp","value":"î€‡"}]}]}
COMMAND: GET /session/d64c8a9d67ae429a1af470fcb6f0cd05/screenshot - {}
RESULT: {}
RESULT: {"actions":[{"id":"action42","type":"key","parameters":{},"actions":[{"type":"keyDown","value":"î€‡"},{"type":"pause","duration":10},{"type":"keyUp","value":"î€‡"}]}]}
COMMAND: GET /session/d64c8a9d67ae429a1af470fcb6f0cd05/screenshot - {}
RESULT: {}
RESULT: {}
COMMAND: POST /session/d64c8a9d67ae429a1af470fcb6f0cd05/execute/async - {"script":"<script> [1562 bytes]","args":[{"selector":{"controlType":"sap.ui.core.Icon","viewName":"etm.portal.ui.managecontracts.view.Master","properties":{"src":{"regex":{"source":"slim\\-arrow\\-right"}}}},"wdio_ui5_key":"etmportal.ui.managecontracts.view.Mastersap.ui.core.Icon{\"src\":{\"regex\":{\"source\":\"slim\\\\-arrow\\\\-right\"}}}"}]}
RESULT: {"script":"<script> [1562 bytes]","args":[{"selector":{"controlType":"sap.ui.core.Icon","viewName":"etm.portal.ui.managecontracts.view.Master","properties":{"src":{"regex":{"source":"slim\\-arrow\\-right"}}}},"wdio_ui5_key":"etmportal.ui.managecontracts.view.Mastersap.ui.core.Icon{\"src\":{\"regex\":{\"source\":\"slim\\\\-arrow\\\\-right\"}}}"}]}
RESULT: undefined
COMMAND: POST /session/d64c8a9d67ae429a1af470fcb6f0cd05/element - {"using":"xpath","value":"//*[@id=\"__item120-__clone6957-imgNav\"]"}
RESULT: {"using":"xpath","value":"//*[@id=\"__item120-__clone6957-imgNav\"]"}
COMMAND: POST /session/d64c8a9d67ae429a1af470fcb6f0cd05/element/f.615B31F35ECDE76F4064C3ADAC5820DC.d.CC70677D696D64052256944CFC2C4050.e.7577/click - {}
RESULT: {}
COMMAND: POST /session/d64c8a9d67ae429a1af470fcb6f0cd05/execute/async - {"script":"<script> [1562 bytes]","args":[{"selector":{"controlType":"sap.m.ObjectStatus","viewName":"etm.portal.ui.managecontracts.view.Detail","bindingPath":{"propertyPath":"LINK_TO_LOGISTICAL_STATUS/DESCRIPTION","modelName":"catalogModel"}},"wdio_ui5_key":"etmportal.ui.managecontracts.view.Detailsap.m.ObjectStatus{\"propertyPath\":\"LINK_TO_LOGISTICAL_STATUS/DESCRIPTION\",\"modelName\":\"catalogModel\"}"}]}
COMMAND: GET /session/d64c8a9d67ae429a1af470fcb6f0cd05/screenshot - {}
RESULT: {"script":"<script> [1562 bytes]","args":[{"selector":{"controlType":"sap.m.ObjectStatus","viewName":"etm.portal.ui.managecontracts.view.Detail","bindingPath":{"propertyPath":"LINK_TO_LOGISTICAL_STATUS/DESCRIPTION","modelName":"catalogModel"}},"wdio_ui5_key":"etmportal.ui.managecontracts.view.Detailsap.m.ObjectStatus{\"propertyPath\":\"LINK_TO_LOGISTICAL_STATUS/DESCRIPTION\",\"modelName\":\"catalogModel\"}"}]}
RESULT: undefined
COMMAND: POST /session/d64c8a9d67ae429a1af470fcb6f0cd05/execute/async - {"script":"<script> [6424 bytes]","args":[{"element-6066-11e4-a52e-4f735466cecf":"f.615B31F35ECDE76F4064C3ADAC5820DC.d.CC70677D696D64052256944CFC2C4050.e.7617"},"getText",[]]}
RESULT: {}
RESULT: {"script":"<script> [6424 bytes]","args":[{"element-6066-11e4-a52e-4f735466cecf":"f.615B31F35ECDE76F4064C3ADAC5820DC.d.CC70677D696D64052256944CFC2C4050.e.7617"},"getText",[]]}
]]></system-out>
    </testcase>
    <testcase classname="chrome.136_0_7103_93.windows.Standard_contract_close-reopen_US111278" name="Should reopen the contract" time="13.716">
      <system-out><![CDATA[
COMMAND: POST /session/d64c8a9d67ae429a1af470fcb6f0cd05/execute/async - {"script":"<script> [1562 bytes]","args":[{"selector":{"id":"openContractBtn","viewName":"etm.portal.ui.managecontracts.view.Detail"},"wdio_ui5_key":"openContractBtnetmportal.ui.managecontracts.view.Detail"}]}
RESULT: {"script":"<script> [1562 bytes]","args":[{"selector":{"id":"openContractBtn","viewName":"etm.portal.ui.managecontracts.view.Detail"},"wdio_ui5_key":"openContractBtnetmportal.ui.managecontracts.view.Detail"}]}
RESULT: undefined
COMMAND: POST /session/d64c8a9d67ae429a1af470fcb6f0cd05/execute/async - {"script":"<script> [6424 bytes]","args":[{"element-6066-11e4-a52e-4f735466cecf":"f.615B31F35ECDE76F4064C3ADAC5820DC.d.CC70677D696D64052256944CFC2C4050.e.7596"},"getEnabled",[]]}
RESULT: {"script":"<script> [6424 bytes]","args":[{"element-6066-11e4-a52e-4f735466cecf":"f.615B31F35ECDE76F4064C3ADAC5820DC.d.CC70677D696D64052256944CFC2C4050.e.7596"},"getEnabled",[]]}
COMMAND: POST /session/d64c8a9d67ae429a1af470fcb6f0cd05/element - {"using":"xpath","value":"//bdi[contains(text(), \"Edit\")]"}
RESULT: {"using":"xpath","value":"//bdi[contains(text(), \"Edit\")]"}
COMMAND: POST /session/d64c8a9d67ae429a1af470fcb6f0cd05/element - {"using":"xpath","value":"//bdi[contains(text(), \"Edit\")]"}
RESULT: undefined
COMMAND: POST /session/d64c8a9d67ae429a1af470fcb6f0cd05/element - {"using":"xpath","value":"//*[@id=\"__xmlview62--openContractBtn\"]"}
RESULT: {"using":"xpath","value":"//bdi[contains(text(), \"Edit\")]"}
RESULT: {"using":"xpath","value":"//*[@id=\"__xmlview62--openContractBtn\"]"}
COMMAND: POST /session/d64c8a9d67ae429a1af470fcb6f0cd05/element/f.615B31F35ECDE76F4064C3ADAC5820DC.d.CC70677D696D64052256944CFC2C4050.e.7596/click - {}
RESULT: {}
COMMAND: POST /session/d64c8a9d67ae429a1af470fcb6f0cd05/execute/async - {"script":"<script> [1562 bytes]","args":[{"selector":{"controlType":"sap.m.Text","properties":{"text":"Contract has been reopened successfully"},"searchOpenDialogs":true},"wdio_ui5_key":"sapm.Text{\"text\":\"Contract has been reopened successfully\"}"}]}
COMMAND: GET /session/d64c8a9d67ae429a1af470fcb6f0cd05/screenshot - {}
RESULT: {"script":"<script> [1562 bytes]","args":[{"selector":{"controlType":"sap.m.Text","properties":{"text":"Contract has been reopened successfully"},"searchOpenDialogs":true},"wdio_ui5_key":"sapm.Text{\"text\":\"Contract has been reopened successfully\"}"}]}
RESULT: undefined
COMMAND: POST /session/d64c8a9d67ae429a1af470fcb6f0cd05/execute/async - {"script":"<script> [6424 bytes]","args":[{"element-6066-11e4-a52e-4f735466cecf":"f.615B31F35ECDE76F4064C3ADAC5820DC.d.CC70677D696D64052256944CFC2C4050.e.7620"},"getText",[]]}
RESULT: {}
RESULT: {"script":"<script> [6424 bytes]","args":[{"element-6066-11e4-a52e-4f735466cecf":"f.615B31F35ECDE76F4064C3ADAC5820DC.d.CC70677D696D64052256944CFC2C4050.e.7620"},"getText",[]]}
COMMAND: POST /session/d64c8a9d67ae429a1af470fcb6f0cd05/element - {"using":"xpath","value":"//bdi[contains(text(), \"OK\")]"}
RESULT: {"using":"xpath","value":"//bdi[contains(text(), \"OK\")]"}
COMMAND: POST /session/d64c8a9d67ae429a1af470fcb6f0cd05/element/f.615B31F35ECDE76F4064C3ADAC5820DC.d.CC70677D696D64052256944CFC2C4050.e.7621/click - {}
RESULT: {}
COMMAND: GET /session/d64c8a9d67ae429a1af470fcb6f0cd05/screenshot - {}
RESULT: {}
COMMAND: POST /session/d64c8a9d67ae429a1af470fcb6f0cd05/element - {"using":"xpath","value":"//bdi[contains(text(), \"Edit\")]"}
RESULT: undefined
COMMAND: POST /session/d64c8a9d67ae429a1af470fcb6f0cd05/execute/async - {"script":"<script> [6424 bytes]","args":[{"element-6066-11e4-a52e-4f735466cecf":"f.615B31F35ECDE76F4064C3ADAC5820DC.d.CC70677D696D64052256944CFC2C4050.e.7258"},"getEnabled",[]]}
RESULT: {"using":"xpath","value":"//bdi[contains(text(), \"Edit\")]"}
COMMAND: POST /session/d64c8a9d67ae429a1af470fcb6f0cd05/execute/sync - {"script":"<script> [8489 bytes]","args":[{"element-6066-11e4-a52e-4f735466cecf":"f.615B31F35ECDE76F4064C3ADAC5820DC.d.CC70677D696D64052256944CFC2C4050.e.7622","ELEMENT":"f.615B31F35ECDE76F4064C3ADAC5820DC.d.CC70677D696D64052256944CFC2C4050.e.7622"}]}
COMMAND: POST /session/d64c8a9d67ae429a1af470fcb6f0cd05/execute/async - {"script":"<script> [1562 bytes]","args":[{"selector":{"id":"closeContractBtn","viewName":"etm.portal.ui.managecontracts.view.Detail"},"wdio_ui5_key":"closeContractBtnetmportal.ui.managecontracts.view.Detail"}]}
RESULT: {"script":"<script> [8489 bytes]","args":[{"element-6066-11e4-a52e-4f735466cecf":"f.615B31F35ECDE76F4064C3ADAC5820DC.d.CC70677D696D64052256944CFC2C4050.e.7622","ELEMENT":"f.615B31F35ECDE76F4064C3ADAC5820DC.d.CC70677D696D64052256944CFC2C4050.e.7622"}]}
COMMAND: GET /session/d64c8a9d67ae429a1af470fcb6f0cd05/screenshot - {}
RESULT: {"script":"<script> [1562 bytes]","args":[{"selector":{"id":"closeContractBtn","viewName":"etm.portal.ui.managecontracts.view.Detail"},"wdio_ui5_key":"closeContractBtnetmportal.ui.managecontracts.view.Detail"}]}
COMMAND: POST /session/d64c8a9d67ae429a1af470fcb6f0cd05/execute/async - {"script":"<script> [6424 bytes]","args":[{"element-6066-11e4-a52e-4f735466cecf":"f.615B31F35ECDE76F4064C3ADAC5820DC.d.CC70677D696D64052256944CFC2C4050.e.7623"},"getEnabled",[]]}
RESULT: {}
RESULT: {"script":"<script> [6424 bytes]","args":[{"element-6066-11e4-a52e-4f735466cecf":"f.615B31F35ECDE76F4064C3ADAC5820DC.d.CC70677D696D64052256944CFC2C4050.e.7623"},"getEnabled",[]]}
]]></system-out>
    </testcase>
    <testcase classname="chrome.136_0_7103_93.windows.Standard_contract_close-reopen_US111278" name="Should verify for multiple statuses that open button is not visible" time="107.966">
      <system-out><![CDATA[
COMMAND: POST /session/d64c8a9d67ae429a1af470fcb6f0cd05/execute/async - {"script":"<script> [1562 bytes]","args":[{"selector":{"controlType":"sap.ui.core.Icon","viewName":"etm.portal.ui.managecontracts.view.Detail","properties":{"src":{"regex":{"source":"decline"}}}},"wdio_ui5_key":"etmportal.ui.managecontracts.view.Detailsap.ui.core.Icon{\"src\":{\"regex\":{\"source\":\"decline\"}}}"}]}
RESULT: {"script":"<script> [1562 bytes]","args":[{"selector":{"controlType":"sap.ui.core.Icon","viewName":"etm.portal.ui.managecontracts.view.Detail","properties":{"src":{"regex":{"source":"decline"}}}},"wdio_ui5_key":"etmportal.ui.managecontracts.view.Detailsap.ui.core.Icon{\"src\":{\"regex\":{\"source\":\"decline\"}}}"}]}
RESULT: undefined
COMMAND: POST /session/d64c8a9d67ae429a1af470fcb6f0cd05/element - {"using":"xpath","value":"//*[@id=\"__xmlview62--closeColumnBtn-img\"]"}
RESULT: {"using":"xpath","value":"//*[@id=\"__xmlview62--closeColumnBtn-img\"]"}
COMMAND: POST /session/d64c8a9d67ae429a1af470fcb6f0cd05/element/f.615B31F35ECDE76F4064C3ADAC5820DC.d.CC70677D696D64052256944CFC2C4050.e.7594/click - {}
RESULT: {}
COMMAND: GET /session/d64c8a9d67ae429a1af470fcb6f0cd05/screenshot - {}
COMMAND: POST /session/d64c8a9d67ae429a1af470fcb6f0cd05/element - {"using":"xpath","value":"//div[contains(@id ,\"smartContractFilterBar-btnBasicSearch-reset\")]"}
RESULT: {}
RESULT: {"using":"xpath","value":"//div[contains(@id ,\"smartContractFilterBar-btnBasicSearch-reset\")]"}
COMMAND: POST /session/d64c8a9d67ae429a1af470fcb6f0cd05/element/f.615B31F35ECDE76F4064C3ADAC5820DC.d.CC70677D696D64052256944CFC2C4050.e.7631/click - {}
RESULT: {}
COMMAND: GET /session/d64c8a9d67ae429a1af470fcb6f0cd05/screenshot - {}
COMMAND: POST /session/d64c8a9d67ae429a1af470fcb6f0cd05/execute/async - {"script":"<script> [1562 bytes]","args":[{"selector":{"controlType":"sap.ui.core.Icon","viewName":"etm.portal.ui.managecontracts.view.Master","properties":{"src":{"regex":{"source":"slim\\-arrow\\-down"}}},"ancestor":{"id":"smartContractStatusFilter","viewName":"etm.portal.ui.managecontracts.view.Master"}},"wdio_ui5_key":"etmportal.ui.managecontracts.view.Mastersap.ui.core.Icon{\"src\":{\"regex\":{\"source\":\"slim\\\\-arrow\\\\-down\"}}}{\"id\":\"smartContractStatusFilter\",\"viewName\":\"etm.portal.ui.managecontracts.view.Master\"}"}]}
RESULT: {}
RESULT: {"script":"<script> [1562 bytes]","args":[{"selector":{"controlType":"sap.ui.core.Icon","viewName":"etm.portal.ui.managecontracts.view.Master","properties":{"src":{"regex":{"source":"slim\\-arrow\\-down"}}},"ancestor":{"id":"smartContractStatusFilter","viewName":"etm.portal.ui.managecontracts.view.Master"}},"wdio_ui5_key":"etmportal.ui.managecontracts.view.Mastersap.ui.core.Icon{\"src\":{\"regex\":{\"source\":\"slim\\\\-arrow\\\\-down\"}}}{\"id\":\"smartContractStatusFilter\",\"viewName\":\"etm.portal.ui.managecontracts.view.Master\"}"}]}
RESULT: undefined
COMMAND: POST /session/d64c8a9d67ae429a1af470fcb6f0cd05/element - {"using":"xpath","value":"//*[@id=\"__xmlview61--smartContractStatusFilter-arrow\"]"}
RESULT: {"using":"xpath","value":"//*[@id=\"__xmlview61--smartContractStatusFilter-arrow\"]"}
COMMAND: POST /session/d64c8a9d67ae429a1af470fcb6f0cd05/element/f.615B31F35ECDE76F4064C3ADAC5820DC.d.CC70677D696D64052256944CFC2C4050.e.7674/click - {}
RESULT: {}
COMMAND: POST /session/d64c8a9d67ae429a1af470fcb6f0cd05/execute/async - {"script":"<script> [1562 bytes]","args":[{"selector":{"controlType":"sap.m.CheckBox","viewName":"etm.portal.ui.managecontracts.view.Master","properties":{"editable":true},"searchOpenDialogs":true,"ancestor":{"controlType":"sap.m.StandardListItem","viewName":"etm.portal.ui.managecontracts.view.Master","properties":{"title":"partial provided"},"searchOpenDialogs":true},"interaction":{"idSuffix":"CbBg"}},"wdio_ui5_key":"etmportal.ui.managecontracts.view.Mastersap.m.CheckBox{\"editable\":true}{\"controlType\":\"sap.m.StandardListItem\",\"viewName\":\"etm.portal.ui.managecontracts.view.Master\",\"properties\":{\"title\":\"partial provided\"},\"searchOpenDialogs\":true}"}]}
COMMAND: GET /session/d64c8a9d67ae429a1af470fcb6f0cd05/screenshot - {}
RESULT: {"script":"<script> [1562 bytes]","args":[{"selector":{"controlType":"sap.m.CheckBox","viewName":"etm.portal.ui.managecontracts.view.Master","properties":{"editable":true},"searchOpenDialogs":true,"ancestor":{"controlType":"sap.m.StandardListItem","viewName":"etm.portal.ui.managecontracts.view.Master","properties":{"title":"partial provided"},"searchOpenDialogs":true},"interaction":{"idSuffix":"CbBg"}},"wdio_ui5_key":"etmportal.ui.managecontracts.view.Mastersap.m.CheckBox{\"editable\":true}{\"controlType\":\"sap.m.StandardListItem\",\"viewName\":\"etm.portal.ui.managecontracts.view.Master\",\"properties\":{\"title\":\"partial provided\"},\"searchOpenDialogs\":true}"}]}
RESULT: undefined
COMMAND: POST /session/d64c8a9d67ae429a1af470fcb6f0cd05/element - {"using":"xpath","value":"//*[@id=\"__item2457-selectMulti\"]"}
RESULT: {}
RESULT: {"using":"xpath","value":"//*[@id=\"__item2457-selectMulti\"]"}
COMMAND: POST /session/d64c8a9d67ae429a1af470fcb6f0cd05/element/f.615B31F35ECDE76F4064C3ADAC5820DC.d.CC70677D696D64052256944CFC2C4050.e.7683/click - {}
RESULT: {}
COMMAND: GET /session/d64c8a9d67ae429a1af470fcb6f0cd05/screenshot - {}
RESULT: {}
COMMAND: POST /session/d64c8a9d67ae429a1af470fcb6f0cd05/element - {"using":"xpath","value":"(//span[contains(@title ,\"Navigation\")])[2]"}
RESULT: {"using":"xpath","value":"(//span[contains(@title ,\"Navigation\")])[2]"}
COMMAND: POST /session/d64c8a9d67ae429a1af470fcb6f0cd05/element/f.615B31F35ECDE76F4064C3ADAC5820DC.d.CC70677D696D64052256944CFC2C4050.e.7713/click - {}
RESULT: {}
COMMAND: GET /session/d64c8a9d67ae429a1af470fcb6f0cd05/screenshot - {}
COMMAND: POST /session/d64c8a9d67ae429a1af470fcb6f0cd05/element - {"using":"xpath","value":"//bdi[contains(@id ,\"closeContractBtn-BDI-content\")]"}
RESULT: {}
RESULT: {"using":"xpath","value":"//bdi[contains(@id ,\"closeContractBtn-BDI-content\")]"}
COMMAND: POST /session/d64c8a9d67ae429a1af470fcb6f0cd05/execute/sync - {"script":"<script> [8489 bytes]","args":[{"element-6066-11e4-a52e-4f735466cecf":"f.615B31F35ECDE76F4064C3ADAC5820DC.d.CC70677D696D64052256944CFC2C4050.e.7907","ELEMENT":"f.615B31F35ECDE76F4064C3ADAC5820DC.d.CC70677D696D64052256944CFC2C4050.e.7907"}]}
RESULT: undefined
COMMAND: POST /session/d64c8a9d67ae429a1af470fcb6f0cd05/element - {"using":"xpath","value":"//*[@id=\"__xmlview62--closeColumnBtn-img\"]"}
RESULT: {"using":"xpath","value":"//*[@id=\"__xmlview62--closeColumnBtn-img\"]"}
COMMAND: POST /session/d64c8a9d67ae429a1af470fcb6f0cd05/element/f.615B31F35ECDE76F4064C3ADAC5820DC.d.CC70677D696D64052256944CFC2C4050.e.7594/click - {}
RESULT: {"script":"<script> [8489 bytes]","args":[{"element-6066-11e4-a52e-4f735466cecf":"f.615B31F35ECDE76F4064C3ADAC5820DC.d.CC70677D696D64052256944CFC2C4050.e.7907","ELEMENT":"f.615B31F35ECDE76F4064C3ADAC5820DC.d.CC70677D696D64052256944CFC2C4050.e.7907"}]}
COMMAND: GET /session/d64c8a9d67ae429a1af470fcb6f0cd05/screenshot - {}
COMMAND: POST /session/d64c8a9d67ae429a1af470fcb6f0cd05/execute/sync - {"script":"<script> [8489 bytes]","args":[{"element-6066-11e4-a52e-4f735466cecf":"f.615B31F35ECDE76F4064C3ADAC5820DC.d.CC70677D696D64052256944CFC2C4050.e.7907","ELEMENT":"f.615B31F35ECDE76F4064C3ADAC5820DC.d.CC70677D696D64052256944CFC2C4050.e.7907"}]}
RESULT: {}
COMMAND: GET /session/d64c8a9d67ae429a1af470fcb6f0cd05/screenshot - {}
RESULT: {}
RESULT: {"script":"<script> [8489 bytes]","args":[{"element-6066-11e4-a52e-4f735466cecf":"f.615B31F35ECDE76F4064C3ADAC5820DC.d.CC70677D696D64052256944CFC2C4050.e.7907","ELEMENT":"f.615B31F35ECDE76F4064C3ADAC5820DC.d.CC70677D696D64052256944CFC2C4050.e.7907"}]}
COMMAND: GET /session/d64c8a9d67ae429a1af470fcb6f0cd05/screenshot - {}
RESULT: {}
COMMAND: POST /session/d64c8a9d67ae429a1af470fcb6f0cd05/refresh - {}
RESULT: {}
RESULT: {}
COMMAND: GET /session/d64c8a9d67ae429a1af470fcb6f0cd05/screenshot - {}
RESULT: {}
COMMAND: POST /session/d64c8a9d67ae429a1af470fcb6f0cd05/execute/async - {"script":"<script> [189 bytes]","args":[]}
RESULT: {"script":"<script> [189 bytes]","args":[]}
COMMAND: POST /session/d64c8a9d67ae429a1af470fcb6f0cd05/execute/async - {"script":"<script> [123 bytes]","args":[]}
RESULT: {"script":"<script> [123 bytes]","args":[]}
COMMAND: POST /session/d64c8a9d67ae429a1af470fcb6f0cd05/timeouts - {"script":"<number>"}
RESULT: {"script":"<number>"}
COMMAND: GET /session/d64c8a9d67ae429a1af470fcb6f0cd05/timeouts - {}
RESULT: {}
RESULT: undefined
COMMAND: POST /session/d64c8a9d67ae429a1af470fcb6f0cd05/execute/async - {"script":"<script> [2676 bytes]","args":[]}
RESULT: {"script":"<script> [2676 bytes]","args":[]}
COMMAND: POST /session/d64c8a9d67ae429a1af470fcb6f0cd05/execute/async - {"script":"<script> [2342 bytes]","args":[{"protocol":"http","hostname":"0.0.0.0","path":"/","capabilities":{"browserName":"chrome","goog:chromeOptions":{"binary":"C:\\Program Files\\Google\\Chrome\\Application\\chrome.exe","args":["--start-maximized"]}},"logLevel":"warn","connectionRetryTimeout":120000,"connectionRetryCount":3,"logLevels":{},"enableDirectConnect":true,"strictSSL":true,"_":"65 more keys: [\"cacheDir\",\"port\",\"requestedCapabilities\",\"automationProtocol\",\"baseUrl\",\"waitforInterval\",\"waitforTimeout\",\"onReload\",\"beforeCommand\",\"afterCommand\",\"rootDir\",\"specs\",\"suites\",\"exclude\",\"groupLogsByTestSpec\",\"excludeDriverLogs\",\"bail\",\"framework\",\"reporters\",\"services\",\"maxInstances\",\"maxInstancesPerCapability\",\"injectGlobals\",\"filesToWatch\",\"execArgv\",\"runnerEnv\",\"runner\",\"shard\",\"specFileRetries\",\"specFileRetriesDelay\",\"specFileRetriesDeferred\",\"reporterSyncInterval\",\"reporterSyncTimeout\",\"cucumberFeaturesWithLineNumbers\",\"autoCompileOpts\",\"mochaOpts\",\"jasmineOpts\",\"cucumberOpts\",\"onPrepare\",\"onWorkerStart\",\"onWorkerEnd\",\"before\",\"beforeSession\",\"beforeSuite\",\"beforeHook\",\"beforeTest\",\"afterTest\",\"afterHook\",\"afterSuite\",\"afterSession\",\"after\",\"onComplete\",\"beforeAssertion\",\"afterAssertion\",\"beforeFeature\",\"beforeScenario\",\"beforeStep\",\"afterStep\",\"afterScenario\",\"afterFeature\",\"_\",\"suite\",\"$0\",\"ignoredWorkerServices\",\"wdi5\"]"}]}
RESULT: {"script":"<script> [2342 bytes]","args":[{"protocol":"http","hostname":"0.0.0.0","path":"/","capabilities":{"browserName":"chrome","goog:chromeOptions":{"binary":"C:\\Program Files\\Google\\Chrome\\Application\\chrome.exe","args":["--start-maximized"]}},"logLevel":"warn","connectionRetryTimeout":120000,"connectionRetryCount":3,"logLevels":{},"enableDirectConnect":true,"strictSSL":true,"_":"65 more keys: [\"cacheDir\",\"port\",\"requestedCapabilities\",\"automationProtocol\",\"baseUrl\",\"waitforInterval\",\"waitforTimeout\",\"onReload\",\"beforeCommand\",\"afterCommand\",\"rootDir\",\"specs\",\"suites\",\"exclude\",\"groupLogsByTestSpec\",\"excludeDriverLogs\",\"bail\",\"framework\",\"reporters\",\"services\",\"maxInstances\",\"maxInstancesPerCapability\",\"injectGlobals\",\"filesToWatch\",\"execArgv\",\"runnerEnv\",\"runner\",\"shard\",\"specFileRetries\",\"specFileRetriesDelay\",\"specFileRetriesDeferred\",\"reporterSyncInterval\",\"reporterSyncTimeout\",\"cucumberFeaturesWithLineNumbers\",\"autoCompileOpts\",\"mochaOpts\",\"jasmineOpts\",\"cucumberOpts\",\"onPrepare\",\"onWorkerStart\",\"onWorkerEnd\",\"before\",\"beforeSession\",\"beforeSuite\",\"beforeHook\",\"beforeTest\",\"afterTest\",\"afterHook\",\"afterSuite\",\"afterSession\",\"after\",\"onComplete\",\"beforeAssertion\",\"afterAssertion\",\"beforeFeature\",\"beforeScenario\",\"beforeStep\",\"afterStep\",\"afterScenario\",\"afterFeature\",\"_\",\"suite\",\"$0\",\"ignoredWorkerServices\",\"wdi5\"]"}]}
COMMAND: POST /session/d64c8a9d67ae429a1af470fcb6f0cd05/execute/async - {"script":"<script> [21126 bytes]","args":[35000]}
RESULT: {"script":"<script> [21126 bytes]","args":[35000]}
COMMAND: POST /session/d64c8a9d67ae429a1af470fcb6f0cd05/execute/async - {"script":"<script> [1562 bytes]","args":[{"selector":{"controlType":"sap.ui.core.Icon","viewName":"etm.portal.ui.managecontracts.view.Master","properties":{"src":{"regex":{"source":"slim\\-arrow\\-down"}}},"ancestor":{"id":"smartContractStatusFilter","viewName":"etm.portal.ui.managecontracts.view.Master"}},"wdio_ui5_key":"etmportal.ui.managecontracts.view.Mastersap.ui.core.Icon{\"src\":{\"regex\":{\"source\":\"slim\\\\-arrow\\\\-down\"}}}{\"id\":\"smartContractStatusFilter\",\"viewName\":\"etm.portal.ui.managecontracts.view.Master\"}"}]}
RESULT: {"script":"<script> [1562 bytes]","args":[{"selector":{"controlType":"sap.ui.core.Icon","viewName":"etm.portal.ui.managecontracts.view.Master","properties":{"src":{"regex":{"source":"slim\\-arrow\\-down"}}},"ancestor":{"id":"smartContractStatusFilter","viewName":"etm.portal.ui.managecontracts.view.Master"}},"wdio_ui5_key":"etmportal.ui.managecontracts.view.Mastersap.ui.core.Icon{\"src\":{\"regex\":{\"source\":\"slim\\\\-arrow\\\\-down\"}}}{\"id\":\"smartContractStatusFilter\",\"viewName\":\"etm.portal.ui.managecontracts.view.Master\"}"}]}
RESULT: undefined
COMMAND: POST /session/d64c8a9d67ae429a1af470fcb6f0cd05/element - {"using":"xpath","value":"//*[@id=\"__xmlview0--smartContractStatusFilter-arrow\"]"}
RESULT: {"using":"xpath","value":"//*[@id=\"__xmlview0--smartContractStatusFilter-arrow\"]"}
COMMAND: POST /session/d64c8a9d67ae429a1af470fcb6f0cd05/element/f.615B31F35ECDE76F4064C3ADAC5820DC.d.6D68A365388A8F6F5D601FD1EEB68345.e.8098/click - {}
RESULT: {}
COMMAND: GET /session/d64c8a9d67ae429a1af470fcb6f0cd05/screenshot - {}
RESULT: {}
COMMAND: POST /session/d64c8a9d67ae429a1af470fcb6f0cd05/execute/async - {"script":"<script> [1562 bytes]","args":[{"selector":{"controlType":"sap.m.CheckBox","viewName":"etm.portal.ui.managecontracts.view.Master","properties":{"editable":true},"searchOpenDialogs":true,"ancestor":{"controlType":"sap.m.StandardListItem","viewName":"etm.portal.ui.managecontracts.view.Master","properties":{"title":"partial billed"},"searchOpenDialogs":true},"interaction":{"idSuffix":"CbBg"}},"wdio_ui5_key":"etmportal.ui.managecontracts.view.Mastersap.m.CheckBox{\"editable\":true}{\"controlType\":\"sap.m.StandardListItem\",\"viewName\":\"etm.portal.ui.managecontracts.view.Master\",\"properties\":{\"title\":\"partial billed\"},\"searchOpenDialogs\":true}"}]}
RESULT: {"script":"<script> [1562 bytes]","args":[{"selector":{"controlType":"sap.m.CheckBox","viewName":"etm.portal.ui.managecontracts.view.Master","properties":{"editable":true},"searchOpenDialogs":true,"ancestor":{"controlType":"sap.m.StandardListItem","viewName":"etm.portal.ui.managecontracts.view.Master","properties":{"title":"partial billed"},"searchOpenDialogs":true},"interaction":{"idSuffix":"CbBg"}},"wdio_ui5_key":"etmportal.ui.managecontracts.view.Mastersap.m.CheckBox{\"editable\":true}{\"controlType\":\"sap.m.StandardListItem\",\"viewName\":\"etm.portal.ui.managecontracts.view.Master\",\"properties\":{\"title\":\"partial billed\"},\"searchOpenDialogs\":true}"}]}
RESULT: undefined
COMMAND: POST /session/d64c8a9d67ae429a1af470fcb6f0cd05/element - {"using":"xpath","value":"//*[@id=\"__item41-selectMulti\"]"}
RESULT: {"using":"xpath","value":"//*[@id=\"__item41-selectMulti\"]"}
COMMAND: POST /session/d64c8a9d67ae429a1af470fcb6f0cd05/element/f.615B31F35ECDE76F4064C3ADAC5820DC.d.6D68A365388A8F6F5D601FD1EEB68345.e.8107/click - {}
RESULT: {}
COMMAND: GET /session/d64c8a9d67ae429a1af470fcb6f0cd05/screenshot - {}
RESULT: {}
COMMAND: POST /session/d64c8a9d67ae429a1af470fcb6f0cd05/element - {"using":"xpath","value":"(//span[contains(@title ,\"Navigation\")])[2]"}
RESULT: {"using":"xpath","value":"(//span[contains(@title ,\"Navigation\")])[2]"}
COMMAND: POST /session/d64c8a9d67ae429a1af470fcb6f0cd05/element/f.615B31F35ECDE76F4064C3ADAC5820DC.d.6D68A365388A8F6F5D601FD1EEB68345.e.8147/click - {}
RESULT: {}
COMMAND: GET /session/d64c8a9d67ae429a1af470fcb6f0cd05/screenshot - {}
COMMAND: POST /session/d64c8a9d67ae429a1af470fcb6f0cd05/execute/sync - {"script":"<script> [8489 bytes]","args":[{"element-6066-11e4-a52e-4f735466cecf":"f.615B31F35ECDE76F4064C3ADAC5820DC.d.CC70677D696D64052256944CFC2C4050.e.7907","ELEMENT":"f.615B31F35ECDE76F4064C3ADAC5820DC.d.CC70677D696D64052256944CFC2C4050.e.7907"}]}
COMMAND: POST /session/d64c8a9d67ae429a1af470fcb6f0cd05/element - {"using":"css selector","value":"#shell-header-logo"}
RESULT: {}
COMMAND: POST /session/d64c8a9d67ae429a1af470fcb6f0cd05/element - {"using":"xpath","value":"//bdi[contains(@id ,\"closeContractBtn-BDI-content\")]"}
RESULT: {"using":"css selector","value":"#shell-header-logo"}
COMMAND: POST /session/d64c8a9d67ae429a1af470fcb6f0cd05/element/f.615B31F35ECDE76F4064C3ADAC5820DC.d.6D68A365388A8F6F5D601FD1EEB68345.e.8062/click - {}
RESULT: {"using":"xpath","value":"//bdi[contains(@id ,\"closeContractBtn-BDI-content\")]"}
COMMAND: POST /session/d64c8a9d67ae429a1af470fcb6f0cd05/execute/sync - {"script":"<script> [8489 bytes]","args":[{"element-6066-11e4-a52e-4f735466cecf":"f.615B31F35ECDE76F4064C3ADAC5820DC.d.6D68A365388A8F6F5D601FD1EEB68345.e.8495","ELEMENT":"f.615B31F35ECDE76F4064C3ADAC5820DC.d.6D68A365388A8F6F5D601FD1EEB68345.e.8495"}]}
RESULT: {}
RESULT: {"script":"<script> [8489 bytes]","args":[{"element-6066-11e4-a52e-4f735466cecf":"f.615B31F35ECDE76F4064C3ADAC5820DC.d.6D68A365388A8F6F5D601FD1EEB68345.e.8495","ELEMENT":"f.615B31F35ECDE76F4064C3ADAC5820DC.d.6D68A365388A8F6F5D601FD1EEB68345.e.8495"}]}
COMMAND: GET /session/d64c8a9d67ae429a1af470fcb6f0cd05/screenshot - {}
COMMAND: GET /session/d64c8a9d67ae429a1af470fcb6f0cd05/screenshot - {}
COMMAND: POST /session/d64c8a9d67ae429a1af470fcb6f0cd05/execute/sync - {"script":"<script> [8489 bytes]","args":[{"element-6066-11e4-a52e-4f735466cecf":"f.615B31F35ECDE76F4064C3ADAC5820DC.d.6D68A365388A8F6F5D601FD1EEB68345.e.8495","ELEMENT":"f.615B31F35ECDE76F4064C3ADAC5820DC.d.6D68A365388A8F6F5D601FD1EEB68345.e.8495"}]}
]]></system-out>
    </testcase>
  </testsuite>
  <testsuite timestamp="2025-06-04T05:50:16" time="81.028" tests="1" failures="0" errors="0" skipped="0">
    <properties>
      <property name="specId" value="0" />
      <property name="suiteName" value="Standard contract decline US151279" />
      <property name="capabilities" value="chrome.136_0_7103_93.windows" />
      <property name="file" value="file:///D:/a/1/s/test/specs/R2C/standard-contract-decline.spec.js" />
    </properties>
    <testcase classname="chrome.136_0_7103_93.windows.Standard_contract_decline_US151279" name="Should decline a contract" time="74.061">
      <system-out><![CDATA[
RESULT: {}
RESULT: {}
COMMAND: POST /session/d64c8a9d67ae429a1af470fcb6f0cd05/element - {"using":"xpath","value":"//bdi[contains(@id ,\"closeContractBtn-BDI-content\")]"}
COMMAND: POST /session/d64c8a9d67ae429a1af470fcb6f0cd05/execute/async - {"script":"<script> [1562 bytes]","args":[{"selector":{"controlType":"sap.m.GenericTile","properties":{"header":"Manage Contracts"}},"wdio_ui5_key":"sapm.GenericTile{\"header\":\"Manage Contracts\"}"}]}
RESULT: {"using":"xpath","value":"//bdi[contains(@id ,\"closeContractBtn-BDI-content\")]"}
COMMAND: POST /session/d64c8a9d67ae429a1af470fcb6f0cd05/element - {"using":"xpath","value":"//bdi[contains(@id ,\"closeContractBtn-BDI-content\")]"}
RESULT: {"script":"<script> [1562 bytes]","args":[{"selector":{"controlType":"sap.m.GenericTile","properties":{"header":"Manage Contracts"}},"wdio_ui5_key":"sapm.GenericTile{\"header\":\"Manage Contracts\"}"}]}
RESULT: undefined
COMMAND: POST /session/d64c8a9d67ae429a1af470fcb6f0cd05/element - {"using":"xpath","value":"//*[@id=\"__tile130\"]"}
RESULT: {"using":"xpath","value":"//bdi[contains(@id ,\"closeContractBtn-BDI-content\")]"}
RESULT: {"using":"xpath","value":"//*[@id=\"__tile130\"]"}
COMMAND: POST /session/d64c8a9d67ae429a1af470fcb6f0cd05/element/f.615B31F35ECDE76F4064C3ADAC5820DC.d.6D68A365388A8F6F5D601FD1EEB68345.e.8513/click - {}
COMMAND: POST /session/d64c8a9d67ae429a1af470fcb6f0cd05/element - {"using":"xpath","value":"//input[contains(@id ,\"smartContractFilterBar-btnBasicSearch-I\")]"}
RESULT: {}
COMMAND: GET /session/d64c8a9d67ae429a1af470fcb6f0cd05/screenshot - {}
RESULT: {"using":"xpath","value":"//input[contains(@id ,\"smartContractFilterBar-btnBasicSearch-I\")]"}
COMMAND: POST /session/d64c8a9d67ae429a1af470fcb6f0cd05/elements - {"using":"xpath","value":"//input[contains(@id ,\"smartContractFilterBar-btnBasicSearch-I\")]"}
RESULT: {}
RESULT: {"using":"xpath","value":"//input[contains(@id ,\"smartContractFilterBar-btnBasicSearch-I\")]"}
COMMAND: POST /session/d64c8a9d67ae429a1af470fcb6f0cd05/elements - {"using":"xpath","value":"//input[contains(@id ,\"smartContractFilterBar-btnBasicSearch-I\")]"}
RESULT: {"using":"xpath","value":"//input[contains(@id ,\"smartContractFilterBar-btnBasicSearch-I\")]"}
COMMAND: POST /session/d64c8a9d67ae429a1af470fcb6f0cd05/element - {"using":"xpath","value":"//input[contains(@id ,\"smartContractFilterBar-btnBasicSearch-I\")]"}
RESULT: {"using":"xpath","value":"//input[contains(@id ,\"smartContractFilterBar-btnBasicSearch-I\")]"}
COMMAND: POST /session/d64c8a9d67ae429a1af470fcb6f0cd05/element/f.615B31F35ECDE76F4064C3ADAC5820DC.d.6D68A365388A8F6F5D601FD1EEB68345.e.8520/clear - {}
COMMAND: POST /session/d64c8a9d67ae429a1af470fcb6f0cd05/elements - {"using":"xpath","value":"//span[text()='Error']"}
RESULT: {}
COMMAND: POST /session/d64c8a9d67ae429a1af470fcb6f0cd05/element/f.615B31F35ECDE76F4064C3ADAC5820DC.d.6D68A365388A8F6F5D601FD1EEB68345.e.8520/value - {"text":"10444"}
COMMAND: GET /session/d64c8a9d67ae429a1af470fcb6f0cd05/screenshot - {}
RESULT: {"using":"xpath","value":"//span[text()='Error']"}
RESULT: {"text":"10444"}
COMMAND: POST /session/d64c8a9d67ae429a1af470fcb6f0cd05/actions - {"actions":[{"id":"action43","type":"key","parameters":{},"actions":[{"type":"keyDown","value":"î€‡"},{"type":"pause","duration":10},{"type":"keyUp","value":"î€‡"}]}]}
COMMAND: GET /session/d64c8a9d67ae429a1af470fcb6f0cd05/screenshot - {}
RESULT: {}
RESULT: {"actions":[{"id":"action43","type":"key","parameters":{},"actions":[{"type":"keyDown","value":"î€‡"},{"type":"pause","duration":10},{"type":"keyUp","value":"î€‡"}]}]}
COMMAND: GET /session/d64c8a9d67ae429a1af470fcb6f0cd05/screenshot - {}
RESULT: {}
RESULT: {}
COMMAND: POST /session/d64c8a9d67ae429a1af470fcb6f0cd05/execute/async - {"script":"<script> [1562 bytes]","args":[{"selector":{"controlType":"sap.ui.core.Icon","viewName":"etm.portal.ui.managecontracts.view.Master","properties":{"src":{"regex":{"source":"slim\\-arrow\\-right"}}}},"wdio_ui5_key":"etmportal.ui.managecontracts.view.Mastersap.ui.core.Icon{\"src\":{\"regex\":{\"source\":\"slim\\\\-arrow\\\\-right\"}}}"}]}
RESULT: {"script":"<script> [1562 bytes]","args":[{"selector":{"controlType":"sap.ui.core.Icon","viewName":"etm.portal.ui.managecontracts.view.Master","properties":{"src":{"regex":{"source":"slim\\-arrow\\-right"}}}},"wdio_ui5_key":"etmportal.ui.managecontracts.view.Mastersap.ui.core.Icon{\"src\":{\"regex\":{\"source\":\"slim\\\\-arrow\\\\-right\"}}}"}]}
RESULT: undefined
COMMAND: POST /session/d64c8a9d67ae429a1af470fcb6f0cd05/element - {"using":"xpath","value":"//*[@id=\"__item77-__clone223-imgNav\"]"}
RESULT: {"using":"xpath","value":"//*[@id=\"__item77-__clone223-imgNav\"]"}
COMMAND: POST /session/d64c8a9d67ae429a1af470fcb6f0cd05/element/f.615B31F35ECDE76F4064C3ADAC5820DC.d.6D68A365388A8F6F5D601FD1EEB68345.e.8606/click - {}
RESULT: {}
COMMAND: GET /session/d64c8a9d67ae429a1af470fcb6f0cd05/screenshot - {}
COMMAND: POST /session/d64c8a9d67ae429a1af470fcb6f0cd05/execute/async - {"script":"<script> [1562 bytes]","args":[{"selector":{"id":"cancelContractBtn","viewName":"etm.portal.ui.managecontracts.view.Detail","interaction":{"idSuffix":"BDI-content"}},"wdio_ui5_key":"cancelContractBtnetmportal.ui.managecontracts.view.Detail"}]}
RESULT: {}
RESULT: {"script":"<script> [1562 bytes]","args":[{"selector":{"id":"cancelContractBtn","viewName":"etm.portal.ui.managecontracts.view.Detail","interaction":{"idSuffix":"BDI-content"}},"wdio_ui5_key":"cancelContractBtnetmportal.ui.managecontracts.view.Detail"}]}
RESULT: undefined
COMMAND: POST /session/d64c8a9d67ae429a1af470fcb6f0cd05/element - {"using":"xpath","value":"//*[@id=\"__xmlview61--cancelContractBtn\"]"}
RESULT: {"using":"xpath","value":"//*[@id=\"__xmlview61--cancelContractBtn\"]"}
COMMAND: POST /session/d64c8a9d67ae429a1af470fcb6f0cd05/element/f.615B31F35ECDE76F4064C3ADAC5820DC.d.6D68A365388A8F6F5D601FD1EEB68345.e.8768/click - {}
RESULT: {}
COMMAND: GET /session/d64c8a9d67ae429a1af470fcb6f0cd05/screenshot - {}
RESULT: {}
COMMAND: POST /session/d64c8a9d67ae429a1af470fcb6f0cd05/execute/async - {"script":"<script> [1562 bytes]","args":[{"selector":{"controlType":"sap.m.Text","properties":{"text":"Do you want to cancel the whole contract?"},"searchOpenDialogs":true},"wdio_ui5_key":"sapm.Text{\"text\":\"Do you want to cancel the whole contract?\"}"}]}
RESULT: {"script":"<script> [1562 bytes]","args":[{"selector":{"controlType":"sap.m.Text","properties":{"text":"Do you want to cancel the whole contract?"},"searchOpenDialogs":true},"wdio_ui5_key":"sapm.Text{\"text\":\"Do you want to cancel the whole contract?\"}"}]}
RESULT: undefined
COMMAND: POST /session/d64c8a9d67ae429a1af470fcb6f0cd05/execute/async - {"script":"<script> [6424 bytes]","args":[{"element-6066-11e4-a52e-4f735466cecf":"f.615B31F35ECDE76F4064C3ADAC5820DC.d.6D68A365388A8F6F5D601FD1EEB68345.e.8770"},"getText",[]]}
RESULT: {"script":"<script> [6424 bytes]","args":[{"element-6066-11e4-a52e-4f735466cecf":"f.615B31F35ECDE76F4064C3ADAC5820DC.d.6D68A365388A8F6F5D601FD1EEB68345.e.8770"},"getText",[]]}
COMMAND: POST /session/d64c8a9d67ae429a1af470fcb6f0cd05/element - {"using":"xpath","value":"//bdi[contains(text(), \"OK\")]"}
RESULT: {"using":"xpath","value":"//bdi[contains(text(), \"OK\")]"}
COMMAND: POST /session/d64c8a9d67ae429a1af470fcb6f0cd05/element/f.615B31F35ECDE76F4064C3ADAC5820DC.d.6D68A365388A8F6F5D601FD1EEB68345.e.8771/click - {}
RESULT: {}
COMMAND: GET /session/d64c8a9d67ae429a1af470fcb6f0cd05/screenshot - {}
RESULT: {}
COMMAND: POST /session/d64c8a9d67ae429a1af470fcb6f0cd05/element - {"using":"xpath","value":"//input[contains(@id ,\"smartContractFilterBar-btnBasicSearch-I\")]"}
RESULT: {"using":"xpath","value":"//input[contains(@id ,\"smartContractFilterBar-btnBasicSearch-I\")]"}
COMMAND: POST /session/d64c8a9d67ae429a1af470fcb6f0cd05/element/f.615B31F35ECDE76F4064C3ADAC5820DC.d.6D68A365388A8F6F5D601FD1EEB68345.e.8520/clear - {}
RESULT: {}
COMMAND: POST /session/d64c8a9d67ae429a1af470fcb6f0cd05/element/f.615B31F35ECDE76F4064C3ADAC5820DC.d.6D68A365388A8F6F5D601FD1EEB68345.e.8520/value - {"text":"10444"}
COMMAND: GET /session/d64c8a9d67ae429a1af470fcb6f0cd05/screenshot - {}
RESULT: {"text":"10444"}
COMMAND: POST /session/d64c8a9d67ae429a1af470fcb6f0cd05/actions - {"actions":[{"id":"action44","type":"key","parameters":{},"actions":[{"type":"keyDown","value":"î€‡"},{"type":"pause","duration":10},{"type":"keyUp","value":"î€‡"}]}]}
COMMAND: GET /session/d64c8a9d67ae429a1af470fcb6f0cd05/screenshot - {}
RESULT: {}
RESULT: {"actions":[{"id":"action44","type":"key","parameters":{},"actions":[{"type":"keyDown","value":"î€‡"},{"type":"pause","duration":10},{"type":"keyUp","value":"î€‡"}]}]}
COMMAND: GET /session/d64c8a9d67ae429a1af470fcb6f0cd05/screenshot - {}
RESULT: {}
RESULT: {}
COMMAND: POST /session/d64c8a9d67ae429a1af470fcb6f0cd05/execute/async - {"script":"<script> [1562 bytes]","args":[{"selector":{"controlType":"sap.m.ObjectStatus","viewName":"etm.portal.ui.managecontracts.view.Master","bindingPath":{"path":"/SmartContractHeaders('10444')","propertyPath":"STATUS_DESCRIPTION"}},"wdio_ui5_key":"etmportal.ui.managecontracts.view.Mastersap.m.ObjectStatus{\"path\":\"/SmartContractHeaders('10444')\",\"propertyPath\":\"STATUS_DESCRIPTION\"}"}]}
RESULT: {"script":"<script> [1562 bytes]","args":[{"selector":{"controlType":"sap.m.ObjectStatus","viewName":"etm.portal.ui.managecontracts.view.Master","bindingPath":{"path":"/SmartContractHeaders('10444')","propertyPath":"STATUS_DESCRIPTION"}},"wdio_ui5_key":"etmportal.ui.managecontracts.view.Mastersap.m.ObjectStatus{\"path\":\"/SmartContractHeaders('10444')\",\"propertyPath\":\"STATUS_DESCRIPTION\"}"}]}
RESULT: undefined
COMMAND: POST /session/d64c8a9d67ae429a1af470fcb6f0cd05/execute/async - {"script":"<script> [6424 bytes]","args":[{"element-6066-11e4-a52e-4f735466cecf":"f.615B31F35ECDE76F4064C3ADAC5820DC.d.6D68A365388A8F6F5D601FD1EEB68345.e.8825"},"getText",[]]}
RESULT: {"script":"<script> [6424 bytes]","args":[{"element-6066-11e4-a52e-4f735466cecf":"f.615B31F35ECDE76F4064C3ADAC5820DC.d.6D68A365388A8F6F5D601FD1EEB68345.e.8825"},"getText",[]]}
RESULT: undefined
COMMAND: POST /session/d64c8a9d67ae429a1af470fcb6f0cd05/element - {"using":"xpath","value":"//*[@id=\"__item77-__clone223-imgNav\"]"}
RESULT: {"using":"xpath","value":"//*[@id=\"__item77-__clone223-imgNav\"]"}
COMMAND: POST /session/d64c8a9d67ae429a1af470fcb6f0cd05/element/f.615B31F35ECDE76F4064C3ADAC5820DC.d.6D68A365388A8F6F5D601FD1EEB68345.e.8606/click - {}
RESULT: {}
COMMAND: GET /session/d64c8a9d67ae429a1af470fcb6f0cd05/screenshot - {}
RESULT: {}
COMMAND: POST /session/d64c8a9d67ae429a1af470fcb6f0cd05/execute/async - {"script":"<script> [1562 bytes]","args":[{"selector":{"controlType":"sap.m.ObjectStatus","viewName":"etm.portal.ui.managecontracts.view.Detail","bindingPath":{"path":"/SmartContractItems(CONTRACT='10444',ITEM=10m,SUB_ITEM=0m)","propertyPath":"STATUS"}},"wdio_ui5_key":"etmportal.ui.managecontracts.view.Detailsap.m.ObjectStatus{\"path\":\"/SmartContractItems(CONTRACT='10444',ITEM=10m,SUB_ITEM=0m)\",\"propertyPath\":\"STATUS\"}"}]}
RESULT: {"script":"<script> [1562 bytes]","args":[{"selector":{"controlType":"sap.m.ObjectStatus","viewName":"etm.portal.ui.managecontracts.view.Detail","bindingPath":{"path":"/SmartContractItems(CONTRACT='10444',ITEM=10m,SUB_ITEM=0m)","propertyPath":"STATUS"}},"wdio_ui5_key":"etmportal.ui.managecontracts.view.Detailsap.m.ObjectStatus{\"path\":\"/SmartContractItems(CONTRACT='10444',ITEM=10m,SUB_ITEM=0m)\",\"propertyPath\":\"STATUS\"}"}]}
RESULT: undefined
COMMAND: POST /session/d64c8a9d67ae429a1af470fcb6f0cd05/execute/async - {"script":"<script> [6424 bytes]","args":[{"element-6066-11e4-a52e-4f735466cecf":"f.615B31F35ECDE76F4064C3ADAC5820DC.d.6D68A365388A8F6F5D601FD1EEB68345.e.8852"},"getText",[]]}
RESULT: {"script":"<script> [6424 bytes]","args":[{"element-6066-11e4-a52e-4f735466cecf":"f.615B31F35ECDE76F4064C3ADAC5820DC.d.6D68A365388A8F6F5D601FD1EEB68345.e.8852"},"getText",[]]}
COMMAND: POST /session/d64c8a9d67ae429a1af470fcb6f0cd05/element - {"using":"css selector","value":"#shell-header-logo"}
RESULT: {"using":"css selector","value":"#shell-header-logo"}
COMMAND: POST /session/d64c8a9d67ae429a1af470fcb6f0cd05/element/f.615B31F35ECDE76F4064C3ADAC5820DC.d.6D68A365388A8F6F5D601FD1EEB68345.e.8515/click - {}
RESULT: {}
COMMAND: GET /session/d64c8a9d67ae429a1af470fcb6f0cd05/screenshot - {}
RESULT: {}
]]></system-out>
    </testcase>
  </testsuite>
  <testsuite timestamp="2025-06-04T05:51:37" time="228.224" tests="2" failures="0" errors="0" skipped="0">
    <properties>
      <property name="specId" value="0" />
      <property name="suiteName" value="Insert service into a contract US152956" />
      <property name="capabilities" value="chrome.136_0_7103_93.windows" />
      <property name="file" value="file:///D:/a/1/s/test/specs/R2C/insert-service-into-a-contract.spec.js" />
    </properties>
    <testcase classname="chrome.136_0_7103_93.windows.Insert_service_into_a_contract_US152956" name="Should create a new contract" time="125.782">
      <system-out><![CDATA[
RESULT: undefined
COMMAND: POST /session/d64c8a9d67ae429a1af470fcb6f0cd05/element - {"using":"xpath","value":"//*[@id=\"__tile130\"]"}
RESULT: {"using":"xpath","value":"//*[@id=\"__tile130\"]"}
COMMAND: POST /session/d64c8a9d67ae429a1af470fcb6f0cd05/element/f.615B31F35ECDE76F4064C3ADAC5820DC.d.6D68A365388A8F6F5D601FD1EEB68345.e.8513/click - {}
RESULT: {}
COMMAND: GET /session/d64c8a9d67ae429a1af470fcb6f0cd05/screenshot - {}
RESULT: {}
COMMAND: POST /session/d64c8a9d67ae429a1af470fcb6f0cd05/elements - {"using":"xpath","value":"//span[text()='Error']"}
RESULT: {"using":"xpath","value":"//span[text()='Error']"}
COMMAND: POST /session/d64c8a9d67ae429a1af470fcb6f0cd05/element - {"using":"xpath","value":"//button[@data-kt=\"addButton\"]"}
RESULT: {"using":"xpath","value":"//button[@data-kt=\"addButton\"]"}
COMMAND: POST /session/d64c8a9d67ae429a1af470fcb6f0cd05/element/f.615B31F35ECDE76F4064C3ADAC5820DC.d.6D68A365388A8F6F5D601FD1EEB68345.e.8907/click - {}
RESULT: {}
COMMAND: GET /session/d64c8a9d67ae429a1af470fcb6f0cd05/screenshot - {}
RESULT: {}
COMMAND: POST /session/d64c8a9d67ae429a1af470fcb6f0cd05/execute/async - {"script":"<script> [1562 bytes]","args":[{"selector":{"id":"application-managecontracts-display-component---AddNewContract--projectDescription","interaction":{"idSuffix":"inner"}},"wdio_ui5_key":"applicationmanagecontracts-display-component---AddNewContract--projectDescription"}]}
RESULT: {"script":"<script> [1562 bytes]","args":[{"selector":{"id":"application-managecontracts-display-component---AddNewContract--projectDescription","interaction":{"idSuffix":"inner"}},"wdio_ui5_key":"applicationmanagecontracts-display-component---AddNewContract--projectDescription"}]}
RESULT: undefined
COMMAND: POST /session/d64c8a9d67ae429a1af470fcb6f0cd05/execute/async - {"script":"<script> [776 bytes]","args":[{"enterText":"WdIOTest9hnn7j","selector":{"id":"application-managecontracts-display-component---AddNewContract--projectDescription","interaction":{"idSuffix":"inner"}},"clearTextFirst":true,"interactionType":"ENTER_TEXT"}]}
RESULT: {"script":"<script> [776 bytes]","args":[{"enterText":"WdIOTest9hnn7j","selector":{"id":"application-managecontracts-display-component---AddNewContract--projectDescription","interaction":{"idSuffix":"inner"}},"clearTextFirst":true,"interactionType":"ENTER_TEXT"}]}
COMMAND: POST /session/d64c8a9d67ae429a1af470fcb6f0cd05/element - {"using":"xpath","value":"//input[@id=\"application-managecontracts-display-component---AddNewContract--yardId-inner\"]"}
RESULT: {"using":"xpath","value":"//input[@id=\"application-managecontracts-display-component---AddNewContract--yardId-inner\"]"}
COMMAND: POST /session/d64c8a9d67ae429a1af470fcb6f0cd05/element/f.615B31F35ECDE76F4064C3ADAC5820DC.d.6D68A365388A8F6F5D601FD1EEB68345.e.9169/clear - {}
RESULT: {}
COMMAND: POST /session/d64c8a9d67ae429a1af470fcb6f0cd05/element/f.615B31F35ECDE76F4064C3ADAC5820DC.d.6D68A365388A8F6F5D601FD1EEB68345.e.9169/value - {"text":"WebdriverYardqyqm3"}
COMMAND: GET /session/d64c8a9d67ae429a1af470fcb6f0cd05/screenshot - {}
RESULT: {"text":"WebdriverYardqyqm3"}
COMMAND: GET /session/d64c8a9d67ae429a1af470fcb6f0cd05/screenshot - {}
RESULT: {}
RESULT: {}
COMMAND: POST /session/d64c8a9d67ae429a1af470fcb6f0cd05/actions - {"actions":[{"id":"action45","type":"key","parameters":{},"actions":[{"type":"keyDown","value":"î€‡"},{"type":"pause","duration":10},{"type":"keyUp","value":"î€‡"}]}]}
RESULT: {"actions":[{"id":"action45","type":"key","parameters":{},"actions":[{"type":"keyDown","value":"î€‡"},{"type":"pause","duration":10},{"type":"keyUp","value":"î€‡"}]}]}
COMMAND: GET /session/d64c8a9d67ae429a1af470fcb6f0cd05/screenshot - {}
RESULT: {}
COMMAND: POST /session/d64c8a9d67ae429a1af470fcb6f0cd05/element - {"using":"xpath","value":"//input[@id=\"application-managecontracts-display-component---AddNewContract--customerSelect-inner\"]"}
RESULT: {"using":"xpath","value":"//input[@id=\"application-managecontracts-display-component---AddNewContract--customerSelect-inner\"]"}
COMMAND: POST /session/d64c8a9d67ae429a1af470fcb6f0cd05/element/f.615B31F35ECDE76F4064C3ADAC5820DC.d.6D68A365388A8F6F5D601FD1EEB68345.e.9167/clear - {}
RESULT: {}
COMMAND: POST /session/d64c8a9d67ae429a1af470fcb6f0cd05/element/f.615B31F35ECDE76F4064C3ADAC5820DC.d.6D68A365388A8F6F5D601FD1EEB68345.e.9167/value - {"text":"WebdriverPartnerdl8yu"}
COMMAND: GET /session/d64c8a9d67ae429a1af470fcb6f0cd05/screenshot - {}
RESULT: {"text":"WebdriverPartnerdl8yu"}
COMMAND: GET /session/d64c8a9d67ae429a1af470fcb6f0cd05/screenshot - {}
RESULT: {}
RESULT: {}
COMMAND: POST /session/d64c8a9d67ae429a1af470fcb6f0cd05/actions - {"actions":[{"id":"action46","type":"key","parameters":{},"actions":[{"type":"keyDown","value":"î€‡"},{"type":"pause","duration":10},{"type":"keyUp","value":"î€‡"}]}]}
RESULT: {"actions":[{"id":"action46","type":"key","parameters":{},"actions":[{"type":"keyDown","value":"î€‡"},{"type":"pause","duration":10},{"type":"keyUp","value":"î€‡"}]}]}
COMMAND: GET /session/d64c8a9d67ae429a1af470fcb6f0cd05/screenshot - {}
RESULT: {}
COMMAND: POST /session/d64c8a9d67ae429a1af470fcb6f0cd05/element - {"using":"xpath","value":"//input[@id=\"application-managecontracts-display-component---AddNewContract--site-inner\"]"}
RESULT: {"using":"xpath","value":"//input[@id=\"application-managecontracts-display-component---AddNewContract--site-inner\"]"}
COMMAND: POST /session/d64c8a9d67ae429a1af470fcb6f0cd05/element/f.615B31F35ECDE76F4064C3ADAC5820DC.d.6D68A365388A8F6F5D601FD1EEB68345.e.9168/clear - {}
RESULT: {}
COMMAND: POST /session/d64c8a9d67ae429a1af470fcb6f0cd05/element/f.615B31F35ECDE76F4064C3ADAC5820DC.d.6D68A365388A8F6F5D601FD1EEB68345.e.9168/value - {"text":"WebdriverSitedyavj"}
COMMAND: GET /session/d64c8a9d67ae429a1af470fcb6f0cd05/screenshot - {}
RESULT: {"text":"WebdriverSitedyavj"}
COMMAND: GET /session/d64c8a9d67ae429a1af470fcb6f0cd05/screenshot - {}
RESULT: {}
RESULT: {}
COMMAND: POST /session/d64c8a9d67ae429a1af470fcb6f0cd05/actions - {"actions":[{"id":"action47","type":"key","parameters":{},"actions":[{"type":"keyDown","value":"î€‡"},{"type":"pause","duration":10},{"type":"keyUp","value":"î€‡"}]}]}
RESULT: {"actions":[{"id":"action47","type":"key","parameters":{},"actions":[{"type":"keyDown","value":"î€‡"},{"type":"pause","duration":10},{"type":"keyUp","value":"î€‡"}]}]}
COMMAND: GET /session/d64c8a9d67ae429a1af470fcb6f0cd05/screenshot - {}
COMMAND: POST /session/d64c8a9d67ae429a1af470fcb6f0cd05/element - {"using":"xpath","value":"//button[@data-kt=\"saveButton\"]"}
RESULT: {}
RESULT: {"using":"xpath","value":"//button[@data-kt=\"saveButton\"]"}
COMMAND: POST /session/d64c8a9d67ae429a1af470fcb6f0cd05/element/f.615B31F35ECDE76F4064C3ADAC5820DC.d.6D68A365388A8F6F5D601FD1EEB68345.e.9242/click - {}
RESULT: {}
COMMAND: GET /session/d64c8a9d67ae429a1af470fcb6f0cd05/screenshot - {}
RESULT: {}
COMMAND: POST /session/d64c8a9d67ae429a1af470fcb6f0cd05/execute/async - {"script":"<script> [1562 bytes]","args":[{"selector":{"id":"contractDetailTitleNoExpanded","viewName":"etm.portal.ui.managecontracts.view.Detail"},"wdio_ui5_key":"contractDetailTitleNoExpandedetmportal.ui.managecontracts.view.Detail"}]}
RESULT: {"script":"<script> [1562 bytes]","args":[{"selector":{"id":"contractDetailTitleNoExpanded","viewName":"etm.portal.ui.managecontracts.view.Detail"},"wdio_ui5_key":"contractDetailTitleNoExpandedetmportal.ui.managecontracts.view.Detail"}]}
RESULT: undefined
COMMAND: POST /session/d64c8a9d67ae429a1af470fcb6f0cd05/execute/async - {"script":"<script> [6424 bytes]","args":[{"element-6066-11e4-a52e-4f735466cecf":"f.615B31F35ECDE76F4064C3ADAC5820DC.d.6D68A365388A8F6F5D601FD1EEB68345.e.9262"},"getText",[]]}
RESULT: {"script":"<script> [6424 bytes]","args":[{"element-6066-11e4-a52e-4f735466cecf":"f.615B31F35ECDE76F4064C3ADAC5820DC.d.6D68A365388A8F6F5D601FD1EEB68345.e.9262"},"getText",[]]}
]]></system-out>
    </testcase>
    <testcase classname="chrome.136_0_7103_93.windows.Insert_service_into_a_contract_US152956" name="Should add a service unit and a service group to the contract" time="97.398">
      <system-out><![CDATA[
COMMAND: POST /session/d64c8a9d67ae429a1af470fcb6f0cd05/element - {"using":"xpath","value":"//button[@data-kt=\"contractDetailEditBtnButton\"]"}
RESULT: {"using":"xpath","value":"//button[@data-kt=\"contractDetailEditBtnButton\"]"}
COMMAND: POST /session/d64c8a9d67ae429a1af470fcb6f0cd05/execute/sync - {"script":"<script> [8489 bytes]","args":[{"element-6066-11e4-a52e-4f735466cecf":"f.615B31F35ECDE76F4064C3ADAC5820DC.d.6D68A365388A8F6F5D601FD1EEB68345.e.9263","ELEMENT":"f.615B31F35ECDE76F4064C3ADAC5820DC.d.6D68A365388A8F6F5D601FD1EEB68345.e.9263"}]}
RESULT: {"script":"<script> [8489 bytes]","args":[{"element-6066-11e4-a52e-4f735466cecf":"f.615B31F35ECDE76F4064C3ADAC5820DC.d.6D68A365388A8F6F5D601FD1EEB68345.e.9263","ELEMENT":"f.615B31F35ECDE76F4064C3ADAC5820DC.d.6D68A365388A8F6F5D601FD1EEB68345.e.9263"}]}
COMMAND: POST /session/d64c8a9d67ae429a1af470fcb6f0cd05/execute/sync - {"script":"<script> [8489 bytes]","args":[{"element-6066-11e4-a52e-4f735466cecf":"f.615B31F35ECDE76F4064C3ADAC5820DC.d.6D68A365388A8F6F5D601FD1EEB68345.e.9263","ELEMENT":"f.615B31F35ECDE76F4064C3ADAC5820DC.d.6D68A365388A8F6F5D601FD1EEB68345.e.9263"}]}
COMMAND: GET /session/d64c8a9d67ae429a1af470fcb6f0cd05/screenshot - {}
RESULT: {"script":"<script> [8489 bytes]","args":[{"element-6066-11e4-a52e-4f735466cecf":"f.615B31F35ECDE76F4064C3ADAC5820DC.d.6D68A365388A8F6F5D601FD1EEB68345.e.9263","ELEMENT":"f.615B31F35ECDE76F4064C3ADAC5820DC.d.6D68A365388A8F6F5D601FD1EEB68345.e.9263"}]}
COMMAND: POST /session/d64c8a9d67ae429a1af470fcb6f0cd05/execute/sync - {"script":"<script> [5351 bytes]","args":[{"element-6066-11e4-a52e-4f735466cecf":"f.615B31F35ECDE76F4064C3ADAC5820DC.d.6D68A365388A8F6F5D601FD1EEB68345.e.9263","ELEMENT":"f.615B31F35ECDE76F4064C3ADAC5820DC.d.6D68A365388A8F6F5D601FD1EEB68345.e.9263"}]}
COMMAND: GET /session/d64c8a9d67ae429a1af470fcb6f0cd05/screenshot - {}
RESULT: {}
RESULT: {"script":"<script> [5351 bytes]","args":[{"element-6066-11e4-a52e-4f735466cecf":"f.615B31F35ECDE76F4064C3ADAC5820DC.d.6D68A365388A8F6F5D601FD1EEB68345.e.9263","ELEMENT":"f.615B31F35ECDE76F4064C3ADAC5820DC.d.6D68A365388A8F6F5D601FD1EEB68345.e.9263"}]}
COMMAND: POST /session/d64c8a9d67ae429a1af470fcb6f0cd05/element/f.615B31F35ECDE76F4064C3ADAC5820DC.d.6D68A365388A8F6F5D601FD1EEB68345.e.9263/click - {}
COMMAND: GET /session/d64c8a9d67ae429a1af470fcb6f0cd05/screenshot - {}
RESULT: {}
RESULT: {}
COMMAND: GET /session/d64c8a9d67ae429a1af470fcb6f0cd05/screenshot - {}
RESULT: {}
RESULT: {}
COMMAND: POST /session/d64c8a9d67ae429a1af470fcb6f0cd05/element - {"using":"xpath","value":"(//span[contains(text(), \"Additional Addresses\")])[2]"}
RESULT: {"using":"xpath","value":"(//span[contains(text(), \"Additional Addresses\")])[2]"}
COMMAND: POST /session/d64c8a9d67ae429a1af470fcb6f0cd05/element/f.615B31F35ECDE76F4064C3ADAC5820DC.d.6D68A365388A8F6F5D601FD1EEB68345.e.9323/click - {}
RESULT: {}
COMMAND: GET /session/d64c8a9d67ae429a1af470fcb6f0cd05/screenshot - {}
RESULT: {}
COMMAND: POST /session/d64c8a9d67ae429a1af470fcb6f0cd05/element - {"using":"xpath","value":"//button[@data-kt=\"btnAddTableRowOverflowToolbarButton\"]"}
RESULT: {"using":"xpath","value":"//button[@data-kt=\"btnAddTableRowOverflowToolbarButton\"]"}
COMMAND: POST /session/d64c8a9d67ae429a1af470fcb6f0cd05/element/f.615B31F35ECDE76F4064C3ADAC5820DC.d.6D68A365388A8F6F5D601FD1EEB68345.e.9325/click - {}
RESULT: {}
COMMAND: GET /session/d64c8a9d67ae429a1af470fcb6f0cd05/screenshot - {}
RESULT: {}
COMMAND: POST /session/d64c8a9d67ae429a1af470fcb6f0cd05/element - {"using":"xpath","value":"//div[(text() = 'Standard Entry' or . = 'Standard Entry')]"}
RESULT: {"using":"xpath","value":"//div[(text() = 'Standard Entry' or . = 'Standard Entry')]"}
COMMAND: POST /session/d64c8a9d67ae429a1af470fcb6f0cd05/element/f.615B31F35ECDE76F4064C3ADAC5820DC.d.6D68A365388A8F6F5D601FD1EEB68345.e.9327/click - {}
RESULT: {}
COMMAND: POST /session/d64c8a9d67ae429a1af470fcb6f0cd05/element - {"using":"xpath","value":"//button[@data-kt=\"btnAddTableRowOverflowToolbarButton\"]"}
COMMAND: GET /session/d64c8a9d67ae429a1af470fcb6f0cd05/screenshot - {}
RESULT: {"using":"xpath","value":"//button[@data-kt=\"btnAddTableRowOverflowToolbarButton\"]"}
COMMAND: POST /session/d64c8a9d67ae429a1af470fcb6f0cd05/element/f.615B31F35ECDE76F4064C3ADAC5820DC.d.6D68A365388A8F6F5D601FD1EEB68345.e.9325/click - {}
RESULT: {}
RESULT: {}
COMMAND: GET /session/d64c8a9d67ae429a1af470fcb6f0cd05/screenshot - {}
RESULT: {}
COMMAND: POST /session/d64c8a9d67ae429a1af470fcb6f0cd05/element - {"using":"xpath","value":"//div[(text() = 'Standard Entry' or . = 'Standard Entry')]"}
RESULT: {"using":"xpath","value":"//div[(text() = 'Standard Entry' or . = 'Standard Entry')]"}
COMMAND: POST /session/d64c8a9d67ae429a1af470fcb6f0cd05/element/f.615B31F35ECDE76F4064C3ADAC5820DC.d.6D68A365388A8F6F5D601FD1EEB68345.e.9339/click - {}
RESULT: {}
COMMAND: POST /session/d64c8a9d67ae429a1af470fcb6f0cd05/element - {"using":"xpath","value":"(//td[6]/div/div/input)[1]"}
COMMAND: GET /session/d64c8a9d67ae429a1af470fcb6f0cd05/screenshot - {}
RESULT: {"using":"xpath","value":"(//td[6]/div/div/input)[1]"}
COMMAND: POST /session/d64c8a9d67ae429a1af470fcb6f0cd05/element/f.615B31F35ECDE76F4064C3ADAC5820DC.d.6D68A365388A8F6F5D601FD1EEB68345.e.9341/click - {}
RESULT: {}
RESULT: {}
COMMAND: POST /session/d64c8a9d67ae429a1af470fcb6f0cd05/actions - {"actions":[{"id":"action48","type":"key","parameters":{},"actions":[{"type":"keyDown","value":"î€ƒ"},{"type":"pause","duration":10},{"type":"keyUp","value":"î€ƒ"}]}]}
COMMAND: GET /session/d64c8a9d67ae429a1af470fcb6f0cd05/screenshot - {}
RESULT: {"actions":[{"id":"action48","type":"key","parameters":{},"actions":[{"type":"keyDown","value":"î€ƒ"},{"type":"pause","duration":10},{"type":"keyUp","value":"î€ƒ"}]}]}
COMMAND: POST /session/d64c8a9d67ae429a1af470fcb6f0cd05/element - {"using":"xpath","value":"(//td[6]/div/div/input)[1]"}
COMMAND: GET /session/d64c8a9d67ae429a1af470fcb6f0cd05/screenshot - {}
RESULT: {}
RESULT: {"using":"xpath","value":"(//td[6]/div/div/input)[1]"}
COMMAND: POST /session/d64c8a9d67ae429a1af470fcb6f0cd05/element/f.615B31F35ECDE76F4064C3ADAC5820DC.d.6D68A365388A8F6F5D601FD1EEB68345.e.9341/clear - {}
RESULT: {}
RESULT: {}
COMMAND: POST /session/d64c8a9d67ae429a1af470fcb6f0cd05/element/f.615B31F35ECDE76F4064C3ADAC5820DC.d.6D68A365388A8F6F5D601FD1EEB68345.e.9341/value - {"text":"Service Unit"}
COMMAND: GET /session/d64c8a9d67ae429a1af470fcb6f0cd05/screenshot - {}
RESULT: {"text":"Service Unit"}
COMMAND: GET /session/d64c8a9d67ae429a1af470fcb6f0cd05/screenshot - {}
RESULT: {}
RESULT: {}
COMMAND: POST /session/d64c8a9d67ae429a1af470fcb6f0cd05/actions - {"actions":[{"id":"action49","type":"key","parameters":{},"actions":[{"type":"keyDown","value":"î€‡"},{"type":"pause","duration":10},{"type":"keyUp","value":"î€‡"}]}]}
RESULT: {"actions":[{"id":"action49","type":"key","parameters":{},"actions":[{"type":"keyDown","value":"î€‡"},{"type":"pause","duration":10},{"type":"keyUp","value":"î€‡"}]}]}
COMMAND: GET /session/d64c8a9d67ae429a1af470fcb6f0cd05/screenshot - {}
RESULT: {}
COMMAND: POST /session/d64c8a9d67ae429a1af470fcb6f0cd05/actions - {"actions":[{"id":"action50","type":"key","parameters":{},"actions":[{"type":"keyDown","value":"î€‡"},{"type":"pause","duration":10},{"type":"keyUp","value":"î€‡"}]}]}
RESULT: {"actions":[{"id":"action50","type":"key","parameters":{},"actions":[{"type":"keyDown","value":"î€‡"},{"type":"pause","duration":10},{"type":"keyUp","value":"î€‡"}]}]}
COMMAND: POST /session/d64c8a9d67ae429a1af470fcb6f0cd05/element - {"using":"xpath","value":"(//td[7]/div/div/input)[1]"}
COMMAND: GET /session/d64c8a9d67ae429a1af470fcb6f0cd05/screenshot - {}
RESULT: {"using":"xpath","value":"(//td[7]/div/div/input)[1]"}
COMMAND: POST /session/d64c8a9d67ae429a1af470fcb6f0cd05/element/f.615B31F35ECDE76F4064C3ADAC5820DC.d.6D68A365388A8F6F5D601FD1EEB68345.e.9357/clear - {}
RESULT: {}
RESULT: {}
COMMAND: POST /session/d64c8a9d67ae429a1af470fcb6f0cd05/element/f.615B31F35ECDE76F4064C3ADAC5820DC.d.6D68A365388A8F6F5D601FD1EEB68345.e.9357/value - {"text":"1000001"}
COMMAND: GET /session/d64c8a9d67ae429a1af470fcb6f0cd05/screenshot - {}
RESULT: {"text":"1000001"}
COMMAND: GET /session/d64c8a9d67ae429a1af470fcb6f0cd05/screenshot - {}
RESULT: {}
RESULT: {}
COMMAND: POST /session/d64c8a9d67ae429a1af470fcb6f0cd05/actions - {"actions":[{"id":"action51","type":"key","parameters":{},"actions":[{"type":"keyDown","value":"î€‡"},{"type":"pause","duration":10},{"type":"keyUp","value":"î€‡"}]}]}
RESULT: {"actions":[{"id":"action51","type":"key","parameters":{},"actions":[{"type":"keyDown","value":"î€‡"},{"type":"pause","duration":10},{"type":"keyUp","value":"î€‡"}]}]}
COMMAND: GET /session/d64c8a9d67ae429a1af470fcb6f0cd05/screenshot - {}
RESULT: {}
COMMAND: POST /session/d64c8a9d67ae429a1af470fcb6f0cd05/actions - {"actions":[{"id":"action52","type":"key","parameters":{},"actions":[{"type":"keyDown","value":"î€‡"},{"type":"pause","duration":10},{"type":"keyUp","value":"î€‡"}]}]}
RESULT: {"actions":[{"id":"action52","type":"key","parameters":{},"actions":[{"type":"keyDown","value":"î€‡"},{"type":"pause","duration":10},{"type":"keyUp","value":"î€‡"}]}]}
COMMAND: GET /session/d64c8a9d67ae429a1af470fcb6f0cd05/screenshot - {}
RESULT: {}
COMMAND: POST /session/d64c8a9d67ae429a1af470fcb6f0cd05/element - {"using":"xpath","value":"(//td[6]/div/div/input)[2]"}
RESULT: {"using":"xpath","value":"(//td[6]/div/div/input)[2]"}
COMMAND: POST /session/d64c8a9d67ae429a1af470fcb6f0cd05/element/f.615B31F35ECDE76F4064C3ADAC5820DC.d.6D68A365388A8F6F5D601FD1EEB68345.e.9329/click - {}
RESULT: {}
COMMAND: POST /session/d64c8a9d67ae429a1af470fcb6f0cd05/actions - {"actions":[{"id":"action53","type":"key","parameters":{},"actions":[{"type":"keyDown","value":"î€ƒ"},{"type":"pause","duration":10},{"type":"keyUp","value":"î€ƒ"}]}]}
COMMAND: GET /session/d64c8a9d67ae429a1af470fcb6f0cd05/screenshot - {}
RESULT: {"actions":[{"id":"action53","type":"key","parameters":{},"actions":[{"type":"keyDown","value":"î€ƒ"},{"type":"pause","duration":10},{"type":"keyUp","value":"î€ƒ"}]}]}
COMMAND: POST /session/d64c8a9d67ae429a1af470fcb6f0cd05/element - {"using":"xpath","value":"(//td[6]/div/div/input)[2]"}
COMMAND: GET /session/d64c8a9d67ae429a1af470fcb6f0cd05/screenshot - {}
RESULT: {}
RESULT: {"using":"xpath","value":"(//td[6]/div/div/input)[2]"}
COMMAND: POST /session/d64c8a9d67ae429a1af470fcb6f0cd05/element/f.615B31F35ECDE76F4064C3ADAC5820DC.d.6D68A365388A8F6F5D601FD1EEB68345.e.9329/clear - {}
RESULT: {}
RESULT: {}
COMMAND: POST /session/d64c8a9d67ae429a1af470fcb6f0cd05/element/f.615B31F35ECDE76F4064C3ADAC5820DC.d.6D68A365388A8F6F5D601FD1EEB68345.e.9329/value - {"text":"Service Unit Group"}
COMMAND: GET /session/d64c8a9d67ae429a1af470fcb6f0cd05/screenshot - {}
RESULT: {"text":"Service Unit Group"}
COMMAND: GET /session/d64c8a9d67ae429a1af470fcb6f0cd05/screenshot - {}
RESULT: {}
RESULT: {}
COMMAND: POST /session/d64c8a9d67ae429a1af470fcb6f0cd05/actions - {"actions":[{"id":"action54","type":"key","parameters":{},"actions":[{"type":"keyDown","value":"î€‡"},{"type":"pause","duration":10},{"type":"keyUp","value":"î€‡"}]}]}
RESULT: {"actions":[{"id":"action54","type":"key","parameters":{},"actions":[{"type":"keyDown","value":"î€‡"},{"type":"pause","duration":10},{"type":"keyUp","value":"î€‡"}]}]}
COMMAND: GET /session/d64c8a9d67ae429a1af470fcb6f0cd05/screenshot - {}
RESULT: {}
COMMAND: POST /session/d64c8a9d67ae429a1af470fcb6f0cd05/actions - {"actions":[{"id":"action55","type":"key","parameters":{},"actions":[{"type":"keyDown","value":"î€‡"},{"type":"pause","duration":10},{"type":"keyUp","value":"î€‡"}]}]}
RESULT: {"actions":[{"id":"action55","type":"key","parameters":{},"actions":[{"type":"keyDown","value":"î€‡"},{"type":"pause","duration":10},{"type":"keyUp","value":"î€‡"}]}]}
COMMAND: POST /session/d64c8a9d67ae429a1af470fcb6f0cd05/element - {"using":"xpath","value":"(//td[7]/div/div/input)[2]"}
COMMAND: GET /session/d64c8a9d67ae429a1af470fcb6f0cd05/screenshot - {}
RESULT: {"using":"xpath","value":"(//td[7]/div/div/input)[2]"}
COMMAND: POST /session/d64c8a9d67ae429a1af470fcb6f0cd05/element/f.615B31F35ECDE76F4064C3ADAC5820DC.d.6D68A365388A8F6F5D601FD1EEB68345.e.9386/clear - {}
RESULT: {}
RESULT: {}
COMMAND: POST /session/d64c8a9d67ae429a1af470fcb6f0cd05/element/f.615B31F35ECDE76F4064C3ADAC5820DC.d.6D68A365388A8F6F5D601FD1EEB68345.e.9386/value - {"text":"1100001"}
COMMAND: GET /session/d64c8a9d67ae429a1af470fcb6f0cd05/screenshot - {}
RESULT: {"text":"1100001"}
COMMAND: GET /session/d64c8a9d67ae429a1af470fcb6f0cd05/screenshot - {}
RESULT: {}
RESULT: {}
COMMAND: POST /session/d64c8a9d67ae429a1af470fcb6f0cd05/actions - {"actions":[{"id":"action56","type":"key","parameters":{},"actions":[{"type":"keyDown","value":"î€‡"},{"type":"pause","duration":10},{"type":"keyUp","value":"î€‡"}]}]}
RESULT: {"actions":[{"id":"action56","type":"key","parameters":{},"actions":[{"type":"keyDown","value":"î€‡"},{"type":"pause","duration":10},{"type":"keyUp","value":"î€‡"}]}]}
COMMAND: GET /session/d64c8a9d67ae429a1af470fcb6f0cd05/screenshot - {}
RESULT: {}
COMMAND: POST /session/d64c8a9d67ae429a1af470fcb6f0cd05/actions - {"actions":[{"id":"action57","type":"key","parameters":{},"actions":[{"type":"keyDown","value":"î€‡"},{"type":"pause","duration":10},{"type":"keyUp","value":"î€‡"}]}]}
RESULT: {"actions":[{"id":"action57","type":"key","parameters":{},"actions":[{"type":"keyDown","value":"î€‡"},{"type":"pause","duration":10},{"type":"keyUp","value":"î€‡"}]}]}
COMMAND: GET /session/d64c8a9d67ae429a1af470fcb6f0cd05/screenshot - {}
RESULT: {}
COMMAND: POST /session/d64c8a9d67ae429a1af470fcb6f0cd05/element - {"using":"xpath","value":"(//button[@data-kt=\"saveButton\"])[2]"}
RESULT: {"using":"xpath","value":"(//button[@data-kt=\"saveButton\"])[2]"}
COMMAND: POST /session/d64c8a9d67ae429a1af470fcb6f0cd05/element/f.615B31F35ECDE76F4064C3ADAC5820DC.d.6D68A365388A8F6F5D601FD1EEB68345.e.9410/click - {}
RESULT: {}
COMMAND: GET /session/d64c8a9d67ae429a1af470fcb6f0cd05/screenshot - {}
RESULT: {}
COMMAND: POST /session/d64c8a9d67ae429a1af470fcb6f0cd05/element - {"using":"xpath","value":"(//span[contains(text(), \"Additional Addresses\")])[1]"}
RESULT: {"using":"xpath","value":"(//span[contains(text(), \"Additional Addresses\")])[1]"}
COMMAND: POST /session/d64c8a9d67ae429a1af470fcb6f0cd05/element/f.615B31F35ECDE76F4064C3ADAC5820DC.d.6D68A365388A8F6F5D601FD1EEB68345.e.9413/click - {}
RESULT: {}
COMMAND: GET /session/d64c8a9d67ae429a1af470fcb6f0cd05/screenshot - {}
RESULT: {}
COMMAND: POST /session/d64c8a9d67ae429a1af470fcb6f0cd05/execute/async - {"script":"<script> [1562 bytes]","args":[{"selector":{"controlType":"sap.m.Title","viewName":"etm.portal.ui.managecontracts.view.Detail","properties":{"text":"Contract Items (2)"}},"wdio_ui5_key":"etmportal.ui.managecontracts.view.Detailsap.m.Title{\"text\":\"Contract Items (2)\"}"}]}
RESULT: {"script":"<script> [1562 bytes]","args":[{"selector":{"controlType":"sap.m.Title","viewName":"etm.portal.ui.managecontracts.view.Detail","properties":{"text":"Contract Items (2)"}},"wdio_ui5_key":"etmportal.ui.managecontracts.view.Detailsap.m.Title{\"text\":\"Contract Items (2)\"}"}]}
RESULT: undefined
COMMAND: POST /session/d64c8a9d67ae429a1af470fcb6f0cd05/execute/async - {"script":"<script> [6424 bytes]","args":[{"element-6066-11e4-a52e-4f735466cecf":"f.615B31F35ECDE76F4064C3ADAC5820DC.d.6D68A365388A8F6F5D601FD1EEB68345.e.9417"},"getText",[]]}
RESULT: {"script":"<script> [6424 bytes]","args":[{"element-6066-11e4-a52e-4f735466cecf":"f.615B31F35ECDE76F4064C3ADAC5820DC.d.6D68A365388A8F6F5D601FD1EEB68345.e.9417"},"getText",[]]}
COMMAND: POST /session/d64c8a9d67ae429a1af470fcb6f0cd05/element - {"using":"xpath","value":"(//span[contains(@class ,\"sapMObjStatusText\")])[1]"}
RESULT: {"using":"xpath","value":"(//span[contains(@class ,\"sapMObjStatusText\")])[1]"}
COMMAND: GET /session/d64c8a9d67ae429a1af470fcb6f0cd05/element/f.615B31F35ECDE76F4064C3ADAC5820DC.d.6D68A365388A8F6F5D601FD1EEB68345.e.9418/text - {}
RESULT: {}
COMMAND: POST /session/d64c8a9d67ae429a1af470fcb6f0cd05/element - {"using":"xpath","value":"(//span[contains(@class ,\"sapMObjStatusText\")])[4]"}
RESULT: {"using":"xpath","value":"(//span[contains(@class ,\"sapMObjStatusText\")])[4]"}
COMMAND: GET /session/d64c8a9d67ae429a1af470fcb6f0cd05/element/f.615B31F35ECDE76F4064C3ADAC5820DC.d.6D68A365388A8F6F5D601FD1EEB68345.e.9419/text - {}
RESULT: {}
COMMAND: POST /session/d64c8a9d67ae429a1af470fcb6f0cd05/element - {"using":"css selector","value":"#shell-header-logo"}
RESULT: {"using":"css selector","value":"#shell-header-logo"}
COMMAND: POST /session/d64c8a9d67ae429a1af470fcb6f0cd05/element/f.615B31F35ECDE76F4064C3ADAC5820DC.d.6D68A365388A8F6F5D601FD1EEB68345.e.8856/click - {}
RESULT: {}
COMMAND: GET /session/d64c8a9d67ae429a1af470fcb6f0cd05/screenshot - {}
RESULT: {}
]]></system-out>
    </testcase>
  </testsuite>
  <testsuite timestamp="2025-06-04T05:55:25" time="255.602" tests="2" failures="0" errors="0" skipped="0">
    <properties>
      <property name="specId" value="0" />
      <property name="suiteName" value="Reduced contract US151275" />
      <property name="capabilities" value="chrome.136_0_7103_93.windows" />
      <property name="file" value="file:///D:/a/1/s/test/specs/R2C/reduced-contract-creation.spec.js" />
    </properties>
    <testcase classname="chrome.136_0_7103_93.windows.Reduced_contract_US151275" name="Should create a new reduced contract" time="189.542">
      <system-out><![CDATA[
RESULT: undefined
COMMAND: POST /session/d64c8a9d67ae429a1af470fcb6f0cd05/element - {"using":"xpath","value":"//*[@id=\"__tile130\"]"}
RESULT: {"using":"xpath","value":"//*[@id=\"__tile130\"]"}
COMMAND: POST /session/d64c8a9d67ae429a1af470fcb6f0cd05/element/f.615B31F35ECDE76F4064C3ADAC5820DC.d.6D68A365388A8F6F5D601FD1EEB68345.e.8513/click - {}
RESULT: {}
COMMAND: GET /session/d64c8a9d67ae429a1af470fcb6f0cd05/screenshot - {}
RESULT: {}
COMMAND: POST /session/d64c8a9d67ae429a1af470fcb6f0cd05/element - {"using":"xpath","value":"//button[@data-kt=\"addButton\"]"}
RESULT: {"using":"xpath","value":"//button[@data-kt=\"addButton\"]"}
COMMAND: POST /session/d64c8a9d67ae429a1af470fcb6f0cd05/element/f.615B31F35ECDE76F4064C3ADAC5820DC.d.6D68A365388A8F6F5D601FD1EEB68345.e.9474/click - {}
COMMAND: POST /session/d64c8a9d67ae429a1af470fcb6f0cd05/elements - {"using":"xpath","value":"//span[text()='Error']"}
RESULT: {}
COMMAND: GET /session/d64c8a9d67ae429a1af470fcb6f0cd05/screenshot - {}
COMMAND: POST /session/d64c8a9d67ae429a1af470fcb6f0cd05/refresh - {}
RESULT: {"using":"xpath","value":"//span[text()='Error']"}
RESULT: {}
RESULT: {}
COMMAND: GET /session/d64c8a9d67ae429a1af470fcb6f0cd05/screenshot - {}
RESULT: {}
COMMAND: POST /session/d64c8a9d67ae429a1af470fcb6f0cd05/execute/async - {"script":"<script> [189 bytes]","args":[]}
RESULT: {"script":"<script> [189 bytes]","args":[]}
COMMAND: POST /session/d64c8a9d67ae429a1af470fcb6f0cd05/execute/async - {"script":"<script> [123 bytes]","args":[]}
RESULT: {"script":"<script> [123 bytes]","args":[]}
COMMAND: POST /session/d64c8a9d67ae429a1af470fcb6f0cd05/timeouts - {"script":"<number>"}
RESULT: {"script":"<number>"}
COMMAND: GET /session/d64c8a9d67ae429a1af470fcb6f0cd05/timeouts - {}
RESULT: {}
RESULT: undefined
COMMAND: POST /session/d64c8a9d67ae429a1af470fcb6f0cd05/execute/async - {"script":"<script> [2676 bytes]","args":[]}
RESULT: {"script":"<script> [2676 bytes]","args":[]}
COMMAND: POST /session/d64c8a9d67ae429a1af470fcb6f0cd05/execute/async - {"script":"<script> [2342 bytes]","args":[{"protocol":"http","hostname":"0.0.0.0","path":"/","capabilities":{"browserName":"chrome","goog:chromeOptions":{"binary":"C:\\Program Files\\Google\\Chrome\\Application\\chrome.exe","args":["--start-maximized"]}},"logLevel":"warn","connectionRetryTimeout":120000,"connectionRetryCount":3,"logLevels":{},"enableDirectConnect":true,"strictSSL":true,"_":"65 more keys: [\"cacheDir\",\"port\",\"requestedCapabilities\",\"automationProtocol\",\"baseUrl\",\"waitforInterval\",\"waitforTimeout\",\"onReload\",\"beforeCommand\",\"afterCommand\",\"rootDir\",\"specs\",\"suites\",\"exclude\",\"groupLogsByTestSpec\",\"excludeDriverLogs\",\"bail\",\"framework\",\"reporters\",\"services\",\"maxInstances\",\"maxInstancesPerCapability\",\"injectGlobals\",\"filesToWatch\",\"execArgv\",\"runnerEnv\",\"runner\",\"shard\",\"specFileRetries\",\"specFileRetriesDelay\",\"specFileRetriesDeferred\",\"reporterSyncInterval\",\"reporterSyncTimeout\",\"cucumberFeaturesWithLineNumbers\",\"autoCompileOpts\",\"mochaOpts\",\"jasmineOpts\",\"cucumberOpts\",\"onPrepare\",\"onWorkerStart\",\"onWorkerEnd\",\"before\",\"beforeSession\",\"beforeSuite\",\"beforeHook\",\"beforeTest\",\"afterTest\",\"afterHook\",\"afterSuite\",\"afterSession\",\"after\",\"onComplete\",\"beforeAssertion\",\"afterAssertion\",\"beforeFeature\",\"beforeScenario\",\"beforeStep\",\"afterStep\",\"afterScenario\",\"afterFeature\",\"_\",\"suite\",\"$0\",\"ignoredWorkerServices\",\"wdi5\"]"}]}
RESULT: {"script":"<script> [2342 bytes]","args":[{"protocol":"http","hostname":"0.0.0.0","path":"/","capabilities":{"browserName":"chrome","goog:chromeOptions":{"binary":"C:\\Program Files\\Google\\Chrome\\Application\\chrome.exe","args":["--start-maximized"]}},"logLevel":"warn","connectionRetryTimeout":120000,"connectionRetryCount":3,"logLevels":{},"enableDirectConnect":true,"strictSSL":true,"_":"65 more keys: [\"cacheDir\",\"port\",\"requestedCapabilities\",\"automationProtocol\",\"baseUrl\",\"waitforInterval\",\"waitforTimeout\",\"onReload\",\"beforeCommand\",\"afterCommand\",\"rootDir\",\"specs\",\"suites\",\"exclude\",\"groupLogsByTestSpec\",\"excludeDriverLogs\",\"bail\",\"framework\",\"reporters\",\"services\",\"maxInstances\",\"maxInstancesPerCapability\",\"injectGlobals\",\"filesToWatch\",\"execArgv\",\"runnerEnv\",\"runner\",\"shard\",\"specFileRetries\",\"specFileRetriesDelay\",\"specFileRetriesDeferred\",\"reporterSyncInterval\",\"reporterSyncTimeout\",\"cucumberFeaturesWithLineNumbers\",\"autoCompileOpts\",\"mochaOpts\",\"jasmineOpts\",\"cucumberOpts\",\"onPrepare\",\"onWorkerStart\",\"onWorkerEnd\",\"before\",\"beforeSession\",\"beforeSuite\",\"beforeHook\",\"beforeTest\",\"afterTest\",\"afterHook\",\"afterSuite\",\"afterSession\",\"after\",\"onComplete\",\"beforeAssertion\",\"afterAssertion\",\"beforeFeature\",\"beforeScenario\",\"beforeStep\",\"afterStep\",\"afterScenario\",\"afterFeature\",\"_\",\"suite\",\"$0\",\"ignoredWorkerServices\",\"wdi5\"]"}]}
COMMAND: POST /session/d64c8a9d67ae429a1af470fcb6f0cd05/execute/async - {"script":"<script> [21126 bytes]","args":[35000]}
RESULT: {"script":"<script> [21126 bytes]","args":[35000]}
COMMAND: POST /session/d64c8a9d67ae429a1af470fcb6f0cd05/execute/async - {"script":"<script> [1562 bytes]","args":[{"selector":{"id":"application-managecontracts-display-component---AddNewContract--contractType","interaction":{"idSuffix":"arrow"}},"wdio_ui5_key":"applicationmanagecontracts-display-component---AddNewContract--contractType"}]}
RESULT: {"script":"<script> [1562 bytes]","args":[{"selector":{"id":"application-managecontracts-display-component---AddNewContract--contractType","interaction":{"idSuffix":"arrow"}},"wdio_ui5_key":"applicationmanagecontracts-display-component---AddNewContract--contractType"}]}
RESULT: undefined
COMMAND: POST /session/d64c8a9d67ae429a1af470fcb6f0cd05/element - {"using":"xpath","value":"//*[@id=\"application-managecontracts-display-component---AddNewContract--contractType\"]"}
RESULT: {"using":"xpath","value":"//*[@id=\"application-managecontracts-display-component---AddNewContract--contractType\"]"}
COMMAND: POST /session/d64c8a9d67ae429a1af470fcb6f0cd05/element/f.615B31F35ECDE76F4064C3ADAC5820DC.d.9EDA28637AF6205F3B368F00121D6300.e.10027/click - {}
RESULT: {}
COMMAND: GET /session/d64c8a9d67ae429a1af470fcb6f0cd05/screenshot - {}
COMMAND: POST /session/d64c8a9d67ae429a1af470fcb6f0cd05/execute/async - {"script":"<script> [1562 bytes]","args":[{"selector":{"controlType":"sap.ui.core.Item","viewName":"etm.portal.ui.managecontracts.view.AddNewContract","viewId":"application-managecontracts-display-component---AddNewContract","bindingPath":{"path":"/ContractTypes('02')","propertyPath":"ID","modelName":"catalogModel"},"searchOpenDialogs":true},"wdio_ui5_key":"etmportal.ui.managecontracts.view.AddNewContractsap.ui.core.Item{\"path\":\"/ContractTypes('02')\",\"propertyPath\":\"ID\",\"modelName\":\"catalogModel\"}"}]}
RESULT: {}
RESULT: {"script":"<script> [1562 bytes]","args":[{"selector":{"controlType":"sap.ui.core.Item","viewName":"etm.portal.ui.managecontracts.view.AddNewContract","viewId":"application-managecontracts-display-component---AddNewContract","bindingPath":{"path":"/ContractTypes('02')","propertyPath":"ID","modelName":"catalogModel"},"searchOpenDialogs":true},"wdio_ui5_key":"etmportal.ui.managecontracts.view.AddNewContractsap.ui.core.Item{\"path\":\"/ContractTypes('02')\",\"propertyPath\":\"ID\",\"modelName\":\"catalogModel\"}"}]}
RESULT: undefined
COMMAND: POST /session/d64c8a9d67ae429a1af470fcb6f0cd05/element - {"using":"xpath","value":"//*[@id=\"__item45-application-managecontracts-display-component---AddNewContract--contractType-1\"]"}
RESULT: {"using":"xpath","value":"//*[@id=\"__item45-application-managecontracts-display-component---AddNewContract--contractType-1\"]"}
COMMAND: POST /session/d64c8a9d67ae429a1af470fcb6f0cd05/element/f.615B31F35ECDE76F4064C3ADAC5820DC.d.9EDA28637AF6205F3B368F00121D6300.e.10028/click - {}
RESULT: {}
COMMAND: GET /session/d64c8a9d67ae429a1af470fcb6f0cd05/screenshot - {}
RESULT: {}
COMMAND: POST /session/d64c8a9d67ae429a1af470fcb6f0cd05/execute/async - {"script":"<script> [1562 bytes]","args":[{"selector":{"id":"application-managecontracts-display-component---AddNewContract--projectDescription","interaction":{"idSuffix":"inner"}},"wdio_ui5_key":"applicationmanagecontracts-display-component---AddNewContract--projectDescription"}]}
RESULT: {"script":"<script> [1562 bytes]","args":[{"selector":{"id":"application-managecontracts-display-component---AddNewContract--projectDescription","interaction":{"idSuffix":"inner"}},"wdio_ui5_key":"applicationmanagecontracts-display-component---AddNewContract--projectDescription"}]}
RESULT: undefined
COMMAND: POST /session/d64c8a9d67ae429a1af470fcb6f0cd05/execute/async - {"script":"<script> [776 bytes]","args":[{"enterText":"WdIOReduced8ifa4","selector":{"id":"application-managecontracts-display-component---AddNewContract--projectDescription","interaction":{"idSuffix":"inner"}},"clearTextFirst":true,"interactionType":"ENTER_TEXT"}]}
RESULT: {"script":"<script> [776 bytes]","args":[{"enterText":"WdIOReduced8ifa4","selector":{"id":"application-managecontracts-display-component---AddNewContract--projectDescription","interaction":{"idSuffix":"inner"}},"clearTextFirst":true,"interactionType":"ENTER_TEXT"}]}
COMMAND: POST /session/d64c8a9d67ae429a1af470fcb6f0cd05/element - {"using":"xpath","value":"//input[@id=\"application-managecontracts-display-component---AddNewContract--yardId-inner\"]"}
RESULT: {"using":"xpath","value":"//input[@id=\"application-managecontracts-display-component---AddNewContract--yardId-inner\"]"}
COMMAND: POST /session/d64c8a9d67ae429a1af470fcb6f0cd05/element/f.615B31F35ECDE76F4064C3ADAC5820DC.d.9EDA28637AF6205F3B368F00121D6300.e.9914/clear - {}
RESULT: {}
COMMAND: POST /session/d64c8a9d67ae429a1af470fcb6f0cd05/element/f.615B31F35ECDE76F4064C3ADAC5820DC.d.9EDA28637AF6205F3B368F00121D6300.e.9914/value - {"text":"WebdriverYardqyqm3"}
COMMAND: GET /session/d64c8a9d67ae429a1af470fcb6f0cd05/screenshot - {}
RESULT: {"text":"WebdriverYardqyqm3"}
COMMAND: GET /session/d64c8a9d67ae429a1af470fcb6f0cd05/screenshot - {}
RESULT: {}
RESULT: {}
COMMAND: POST /session/d64c8a9d67ae429a1af470fcb6f0cd05/actions - {"actions":[{"id":"action58","type":"key","parameters":{},"actions":[{"type":"keyDown","value":"î€‡"},{"type":"pause","duration":10},{"type":"keyUp","value":"î€‡"}]}]}
RESULT: {"actions":[{"id":"action58","type":"key","parameters":{},"actions":[{"type":"keyDown","value":"î€‡"},{"type":"pause","duration":10},{"type":"keyUp","value":"î€‡"}]}]}
COMMAND: GET /session/d64c8a9d67ae429a1af470fcb6f0cd05/screenshot - {}
RESULT: {}
COMMAND: POST /session/d64c8a9d67ae429a1af470fcb6f0cd05/element - {"using":"xpath","value":"//input[@id=\"application-managecontracts-display-component---AddNewContract--customerSelect-inner\"]"}
RESULT: {"using":"xpath","value":"//input[@id=\"application-managecontracts-display-component---AddNewContract--customerSelect-inner\"]"}
COMMAND: POST /session/d64c8a9d67ae429a1af470fcb6f0cd05/element/f.615B31F35ECDE76F4064C3ADAC5820DC.d.9EDA28637AF6205F3B368F00121D6300.e.9912/clear - {}
RESULT: {}
COMMAND: POST /session/d64c8a9d67ae429a1af470fcb6f0cd05/element/f.615B31F35ECDE76F4064C3ADAC5820DC.d.9EDA28637AF6205F3B368F00121D6300.e.9912/value - {"text":"WebdriverPartnerdl8yu"}
COMMAND: GET /session/d64c8a9d67ae429a1af470fcb6f0cd05/screenshot - {}
RESULT: {"text":"WebdriverPartnerdl8yu"}
COMMAND: GET /session/d64c8a9d67ae429a1af470fcb6f0cd05/screenshot - {}
RESULT: {}
RESULT: {}
COMMAND: POST /session/d64c8a9d67ae429a1af470fcb6f0cd05/actions - {"actions":[{"id":"action59","type":"key","parameters":{},"actions":[{"type":"keyDown","value":"î€‡"},{"type":"pause","duration":10},{"type":"keyUp","value":"î€‡"}]}]}
RESULT: {"actions":[{"id":"action59","type":"key","parameters":{},"actions":[{"type":"keyDown","value":"î€‡"},{"type":"pause","duration":10},{"type":"keyUp","value":"î€‡"}]}]}
COMMAND: GET /session/d64c8a9d67ae429a1af470fcb6f0cd05/screenshot - {}
RESULT: {}
COMMAND: POST /session/d64c8a9d67ae429a1af470fcb6f0cd05/execute/async - {"script":"<script> [1562 bytes]","args":[{"selector":{"id":"application-managecontracts-display-component---AddNewContract--calendarInput-arrow"},"wdio_ui5_key":"applicationmanagecontracts-display-component---AddNewContract--calendarInput-arrow"}]}
RESULT: {"script":"<script> [1562 bytes]","args":[{"selector":{"id":"application-managecontracts-display-component---AddNewContract--calendarInput-arrow"},"wdio_ui5_key":"applicationmanagecontracts-display-component---AddNewContract--calendarInput-arrow"}]}
RESULT: undefined
COMMAND: POST /session/d64c8a9d67ae429a1af470fcb6f0cd05/element - {"using":"xpath","value":"//*[@id=\"application-managecontracts-display-component---AddNewContract--calendarInput-arrow\"]"}
RESULT: {"using":"xpath","value":"//*[@id=\"application-managecontracts-display-component---AddNewContract--calendarInput-arrow\"]"}
COMMAND: POST /session/d64c8a9d67ae429a1af470fcb6f0cd05/element/f.615B31F35ECDE76F4064C3ADAC5820DC.d.9EDA28637AF6205F3B368F00121D6300.e.10032/click - {}
RESULT: {}
COMMAND: GET /session/d64c8a9d67ae429a1af470fcb6f0cd05/screenshot - {}
RESULT: {}
COMMAND: POST /session/d64c8a9d67ae429a1af470fcb6f0cd05/execute/async - {"script":"<script> [1562 bytes]","args":[{"selector":{"controlType":"sap.m.StandardListItem","viewName":"etm.portal.ui.managecontracts.view.AddNewContract","viewId":"application-managecontracts-display-component---AddNewContract","properties":{"title":"1 - Calendar unit test patch"},"searchOpenDialogs":true,"interaction":{"idSuffix":"titleText"}},"wdio_ui5_key":"etmportal.ui.managecontracts.view.AddNewContractsap.m.StandardListItem{\"title\":\"1 - Calendar unit test patch\"}"}]}
RESULT: {"script":"<script> [1562 bytes]","args":[{"selector":{"controlType":"sap.m.StandardListItem","viewName":"etm.portal.ui.managecontracts.view.AddNewContract","viewId":"application-managecontracts-display-component---AddNewContract","properties":{"title":"1 - Calendar unit test patch"},"searchOpenDialogs":true,"interaction":{"idSuffix":"titleText"}},"wdio_ui5_key":"etmportal.ui.managecontracts.view.AddNewContractsap.m.StandardListItem{\"title\":\"1 - Calendar unit test patch\"}"}]}
RESULT: undefined
COMMAND: POST /session/d64c8a9d67ae429a1af470fcb6f0cd05/element - {"using":"xpath","value":"//*[@id=\"__item1382\"]"}
RESULT: {"using":"xpath","value":"//*[@id=\"__item1382\"]"}
COMMAND: POST /session/d64c8a9d67ae429a1af470fcb6f0cd05/element/f.615B31F35ECDE76F4064C3ADAC5820DC.d.9EDA28637AF6205F3B368F00121D6300.e.10034/click - {}
RESULT: {}
COMMAND: GET /session/d64c8a9d67ae429a1af470fcb6f0cd05/screenshot - {}
RESULT: {}
COMMAND: POST /session/d64c8a9d67ae429a1af470fcb6f0cd05/execute/async - {"script":"<script> [1562 bytes]","args":[{"selector":{"id":"application-managecontracts-display-component---AddNewContract--streetInput","interaction":{"idSuffix":"inner"}},"wdio_ui5_key":"applicationmanagecontracts-display-component---AddNewContract--streetInput"}]}
RESULT: {"script":"<script> [1562 bytes]","args":[{"selector":{"id":"application-managecontracts-display-component---AddNewContract--streetInput","interaction":{"idSuffix":"inner"}},"wdio_ui5_key":"applicationmanagecontracts-display-component---AddNewContract--streetInput"}]}
RESULT: undefined
COMMAND: POST /session/d64c8a9d67ae429a1af470fcb6f0cd05/execute/async - {"script":"<script> [776 bytes]","args":[{"enterText":"StreetWdIO","selector":{"id":"application-managecontracts-display-component---AddNewContract--streetInput","interaction":{"idSuffix":"inner"}},"clearTextFirst":true,"interactionType":"ENTER_TEXT"}]}
RESULT: {"script":"<script> [776 bytes]","args":[{"enterText":"StreetWdIO","selector":{"id":"application-managecontracts-display-component---AddNewContract--streetInput","interaction":{"idSuffix":"inner"}},"clearTextFirst":true,"interactionType":"ENTER_TEXT"}]}
COMMAND: POST /session/d64c8a9d67ae429a1af470fcb6f0cd05/execute/async - {"script":"<script> [1562 bytes]","args":[{"selector":{"id":"application-managecontracts-display-component---AddNewContract--numberInput","interaction":{"idSuffix":"inner"}},"wdio_ui5_key":"applicationmanagecontracts-display-component---AddNewContract--numberInput"}]}
RESULT: {"script":"<script> [1562 bytes]","args":[{"selector":{"id":"application-managecontracts-display-component---AddNewContract--numberInput","interaction":{"idSuffix":"inner"}},"wdio_ui5_key":"applicationmanagecontracts-display-component---AddNewContract--numberInput"}]}
RESULT: undefined
COMMAND: POST /session/d64c8a9d67ae429a1af470fcb6f0cd05/execute/async - {"script":"<script> [776 bytes]","args":[{"enterText":"3","selector":{"id":"application-managecontracts-display-component---AddNewContract--numberInput","interaction":{"idSuffix":"inner"}},"clearTextFirst":true,"interactionType":"ENTER_TEXT"}]}
RESULT: {"script":"<script> [776 bytes]","args":[{"enterText":"3","selector":{"id":"application-managecontracts-display-component---AddNewContract--numberInput","interaction":{"idSuffix":"inner"}},"clearTextFirst":true,"interactionType":"ENTER_TEXT"}]}
COMMAND: POST /session/d64c8a9d67ae429a1af470fcb6f0cd05/execute/async - {"script":"<script> [1562 bytes]","args":[{"selector":{"id":"application-managecontracts-display-component---AddNewContract--cityInput","interaction":{"idSuffix":"inner"}},"wdio_ui5_key":"applicationmanagecontracts-display-component---AddNewContract--cityInput"}]}
RESULT: {"script":"<script> [1562 bytes]","args":[{"selector":{"id":"application-managecontracts-display-component---AddNewContract--cityInput","interaction":{"idSuffix":"inner"}},"wdio_ui5_key":"applicationmanagecontracts-display-component---AddNewContract--cityInput"}]}
RESULT: undefined
COMMAND: POST /session/d64c8a9d67ae429a1af470fcb6f0cd05/execute/async - {"script":"<script> [776 bytes]","args":[{"enterText":"Bucharest","selector":{"id":"application-managecontracts-display-component---AddNewContract--cityInput","interaction":{"idSuffix":"inner"}},"clearTextFirst":true,"interactionType":"ENTER_TEXT"}]}
RESULT: {"script":"<script> [776 bytes]","args":[{"enterText":"Bucharest","selector":{"id":"application-managecontracts-display-component---AddNewContract--cityInput","interaction":{"idSuffix":"inner"}},"clearTextFirst":true,"interactionType":"ENTER_TEXT"}]}
COMMAND: POST /session/d64c8a9d67ae429a1af470fcb6f0cd05/execute/async - {"script":"<script> [1562 bytes]","args":[{"selector":{"id":"application-managecontracts-display-component---AddNewContract--zipInput","interaction":{"idSuffix":"inner"}},"wdio_ui5_key":"applicationmanagecontracts-display-component---AddNewContract--zipInput"}]}
RESULT: {"script":"<script> [1562 bytes]","args":[{"selector":{"id":"application-managecontracts-display-component---AddNewContract--zipInput","interaction":{"idSuffix":"inner"}},"wdio_ui5_key":"applicationmanagecontracts-display-component---AddNewContract--zipInput"}]}
RESULT: undefined
COMMAND: POST /session/d64c8a9d67ae429a1af470fcb6f0cd05/execute/async - {"script":"<script> [776 bytes]","args":[{"enterText":"021210","selector":{"id":"application-managecontracts-display-component---AddNewContract--zipInput","interaction":{"idSuffix":"inner"}},"clearTextFirst":true,"interactionType":"ENTER_TEXT"}]}
RESULT: {"script":"<script> [776 bytes]","args":[{"enterText":"021210","selector":{"id":"application-managecontracts-display-component---AddNewContract--zipInput","interaction":{"idSuffix":"inner"}},"clearTextFirst":true,"interactionType":"ENTER_TEXT"}]}
COMMAND: POST /session/d64c8a9d67ae429a1af470fcb6f0cd05/element - {"using":"xpath","value":"//bdi[contains(@id ,\"application-managecontracts-display-component---AddNewContract--saveBtn-BDI-content\")]"}
RESULT: {"using":"xpath","value":"//bdi[contains(@id ,\"application-managecontracts-display-component---AddNewContract--saveBtn-BDI-content\")]"}
COMMAND: POST /session/d64c8a9d67ae429a1af470fcb6f0cd05/element/f.615B31F35ECDE76F4064C3ADAC5820DC.d.9EDA28637AF6205F3B368F00121D6300.e.10039/click - {}
RESULT: {}
COMMAND: GET /session/d64c8a9d67ae429a1af470fcb6f0cd05/screenshot - {}
RESULT: {}
COMMAND: POST /session/d64c8a9d67ae429a1af470fcb6f0cd05/element - {"using":"xpath","value":"//button[contains(@data-kt ,\"contractDetailEditBtnButton\")]"}
RESULT: {"using":"xpath","value":"//button[contains(@data-kt ,\"contractDetailEditBtnButton\")]"}
COMMAND: POST /session/d64c8a9d67ae429a1af470fcb6f0cd05/execute/sync - {"script":"<script> [8489 bytes]","args":[{"element-6066-11e4-a52e-4f735466cecf":"f.615B31F35ECDE76F4064C3ADAC5820DC.d.9EDA28637AF6205F3B368F00121D6300.e.10053","ELEMENT":"f.615B31F35ECDE76F4064C3ADAC5820DC.d.9EDA28637AF6205F3B368F00121D6300.e.10053"}]}
RESULT: {"script":"<script> [8489 bytes]","args":[{"element-6066-11e4-a52e-4f735466cecf":"f.615B31F35ECDE76F4064C3ADAC5820DC.d.9EDA28637AF6205F3B368F00121D6300.e.10053","ELEMENT":"f.615B31F35ECDE76F4064C3ADAC5820DC.d.9EDA28637AF6205F3B368F00121D6300.e.10053"}]}
COMMAND: POST /session/d64c8a9d67ae429a1af470fcb6f0cd05/execute/sync - {"script":"<script> [8489 bytes]","args":[{"element-6066-11e4-a52e-4f735466cecf":"f.615B31F35ECDE76F4064C3ADAC5820DC.d.9EDA28637AF6205F3B368F00121D6300.e.10053","ELEMENT":"f.615B31F35ECDE76F4064C3ADAC5820DC.d.9EDA28637AF6205F3B368F00121D6300.e.10053"}]}
COMMAND: GET /session/d64c8a9d67ae429a1af470fcb6f0cd05/screenshot - {}
RESULT: {"script":"<script> [8489 bytes]","args":[{"element-6066-11e4-a52e-4f735466cecf":"f.615B31F35ECDE76F4064C3ADAC5820DC.d.9EDA28637AF6205F3B368F00121D6300.e.10053","ELEMENT":"f.615B31F35ECDE76F4064C3ADAC5820DC.d.9EDA28637AF6205F3B368F00121D6300.e.10053"}]}
COMMAND: POST /session/d64c8a9d67ae429a1af470fcb6f0cd05/execute/sync - {"script":"<script> [5351 bytes]","args":[{"element-6066-11e4-a52e-4f735466cecf":"f.615B31F35ECDE76F4064C3ADAC5820DC.d.9EDA28637AF6205F3B368F00121D6300.e.10053","ELEMENT":"f.615B31F35ECDE76F4064C3ADAC5820DC.d.9EDA28637AF6205F3B368F00121D6300.e.10053"}]}
COMMAND: GET /session/d64c8a9d67ae429a1af470fcb6f0cd05/screenshot - {}
RESULT: {}
RESULT: {"script":"<script> [5351 bytes]","args":[{"element-6066-11e4-a52e-4f735466cecf":"f.615B31F35ECDE76F4064C3ADAC5820DC.d.9EDA28637AF6205F3B368F00121D6300.e.10053","ELEMENT":"f.615B31F35ECDE76F4064C3ADAC5820DC.d.9EDA28637AF6205F3B368F00121D6300.e.10053"}]}
COMMAND: POST /session/d64c8a9d67ae429a1af470fcb6f0cd05/execute/async - {"script":"<script> [1562 bytes]","args":[{"selector":{"controlType":"sap.m.Text","viewName":"etm.portal.ui.managecontracts.view.Detail","bindingPath":{"propertyPath":"LINK_TO_C_CONTRACT_TYPES/DESCRIPTION","modelName":"catalogModel"}},"wdio_ui5_key":"etmportal.ui.managecontracts.view.Detailsap.m.Text{\"propertyPath\":\"LINK_TO_C_CONTRACT_TYPES/DESCRIPTION\",\"modelName\":\"catalogModel\"}"}]}
COMMAND: GET /session/d64c8a9d67ae429a1af470fcb6f0cd05/screenshot - {}
RESULT: {}
RESULT: {"script":"<script> [1562 bytes]","args":[{"selector":{"controlType":"sap.m.Text","viewName":"etm.portal.ui.managecontracts.view.Detail","bindingPath":{"propertyPath":"LINK_TO_C_CONTRACT_TYPES/DESCRIPTION","modelName":"catalogModel"}},"wdio_ui5_key":"etmportal.ui.managecontracts.view.Detailsap.m.Text{\"propertyPath\":\"LINK_TO_C_CONTRACT_TYPES/DESCRIPTION\",\"modelName\":\"catalogModel\"}"}]}
RESULT: undefined
COMMAND: POST /session/d64c8a9d67ae429a1af470fcb6f0cd05/execute/async - {"script":"<script> [6424 bytes]","args":[{"element-6066-11e4-a52e-4f735466cecf":"f.615B31F35ECDE76F4064C3ADAC5820DC.d.9EDA28637AF6205F3B368F00121D6300.e.10054"},"getText",[]]}
RESULT: {}
RESULT: {"script":"<script> [6424 bytes]","args":[{"element-6066-11e4-a52e-4f735466cecf":"f.615B31F35ECDE76F4064C3ADAC5820DC.d.9EDA28637AF6205F3B368F00121D6300.e.10054"},"getText",[]]}
COMMAND: POST /session/d64c8a9d67ae429a1af470fcb6f0cd05/element/f.615B31F35ECDE76F4064C3ADAC5820DC.d.9EDA28637AF6205F3B368F00121D6300.e.10053/click - {}
RESULT: {}
COMMAND: GET /session/d64c8a9d67ae429a1af470fcb6f0cd05/screenshot - {}
RESULT: {}
]]></system-out>
    </testcase>
    <testcase classname="chrome.136_0_7103_93.windows.Reduced_contract_US151275" name="Should add a RU to the contract" time="59.642">
      <system-out><![CDATA[
COMMAND: POST /session/d64c8a9d67ae429a1af470fcb6f0cd05/element - {"using":"xpath","value":"(//span[contains(text(), \"Header Billing Items\")])[2]"}
RESULT: {"using":"xpath","value":"(//span[contains(text(), \"Header Billing Items\")])[2]"}
COMMAND: POST /session/d64c8a9d67ae429a1af470fcb6f0cd05/element/f.615B31F35ECDE76F4064C3ADAC5820DC.d.9EDA28637AF6205F3B368F00121D6300.e.10098/click - {}
RESULT: {}
COMMAND: GET /session/d64c8a9d67ae429a1af470fcb6f0cd05/screenshot - {}
RESULT: {}
COMMAND: POST /session/d64c8a9d67ae429a1af470fcb6f0cd05/element - {"using":"xpath","value":"//button[@data-kt=\"btnAddTableRowOverflowToolbarButton\"]"}
RESULT: {"using":"xpath","value":"//button[@data-kt=\"btnAddTableRowOverflowToolbarButton\"]"}
COMMAND: POST /session/d64c8a9d67ae429a1af470fcb6f0cd05/element/f.615B31F35ECDE76F4064C3ADAC5820DC.d.9EDA28637AF6205F3B368F00121D6300.e.10104/click - {}
RESULT: {}
COMMAND: GET /session/d64c8a9d67ae429a1af470fcb6f0cd05/screenshot - {}
RESULT: {}
COMMAND: POST /session/d64c8a9d67ae429a1af470fcb6f0cd05/element - {"using":"xpath","value":"//div[(text() = 'Standard Entry' or . = 'Standard Entry')]"}
RESULT: {"using":"xpath","value":"//div[(text() = 'Standard Entry' or . = 'Standard Entry')]"}
COMMAND: POST /session/d64c8a9d67ae429a1af470fcb6f0cd05/element/f.615B31F35ECDE76F4064C3ADAC5820DC.d.9EDA28637AF6205F3B368F00121D6300.e.10105/click - {}
RESULT: {}
COMMAND: POST /session/d64c8a9d67ae429a1af470fcb6f0cd05/element - {"using":"xpath","value":"//td[6]/div/div/input[1]"}
COMMAND: GET /session/d64c8a9d67ae429a1af470fcb6f0cd05/screenshot - {}
RESULT: {"using":"xpath","value":"//td[6]/div/div/input[1]"}
COMMAND: POST /session/d64c8a9d67ae429a1af470fcb6f0cd05/element/f.615B31F35ECDE76F4064C3ADAC5820DC.d.9EDA28637AF6205F3B368F00121D6300.e.10107/click - {}
RESULT: {}
RESULT: {}
COMMAND: POST /session/d64c8a9d67ae429a1af470fcb6f0cd05/actions - {"actions":[{"id":"action60","type":"key","parameters":{},"actions":[{"type":"keyDown","value":"î€ƒ"},{"type":"pause","duration":10},{"type":"keyUp","value":"î€ƒ"}]}]}
COMMAND: GET /session/d64c8a9d67ae429a1af470fcb6f0cd05/screenshot - {}
RESULT: {"actions":[{"id":"action60","type":"key","parameters":{},"actions":[{"type":"keyDown","value":"î€ƒ"},{"type":"pause","duration":10},{"type":"keyUp","value":"î€ƒ"}]}]}
COMMAND: POST /session/d64c8a9d67ae429a1af470fcb6f0cd05/element - {"using":"xpath","value":"//td[6]/div/div/input[1]"}
COMMAND: GET /session/d64c8a9d67ae429a1af470fcb6f0cd05/screenshot - {}
RESULT: {}
RESULT: {"using":"xpath","value":"//td[6]/div/div/input[1]"}
COMMAND: POST /session/d64c8a9d67ae429a1af470fcb6f0cd05/element/f.615B31F35ECDE76F4064C3ADAC5820DC.d.9EDA28637AF6205F3B368F00121D6300.e.10107/clear - {}
RESULT: {}
RESULT: {}
COMMAND: POST /session/d64c8a9d67ae429a1af470fcb6f0cd05/element/f.615B31F35ECDE76F4064C3ADAC5820DC.d.9EDA28637AF6205F3B368F00121D6300.e.10107/value - {"text":"Material"}
COMMAND: GET /session/d64c8a9d67ae429a1af470fcb6f0cd05/screenshot - {}
RESULT: {"text":"Material"}
COMMAND: GET /session/d64c8a9d67ae429a1af470fcb6f0cd05/screenshot - {}
RESULT: {}
RESULT: {}
COMMAND: POST /session/d64c8a9d67ae429a1af470fcb6f0cd05/actions - {"actions":[{"id":"action61","type":"key","parameters":{},"actions":[{"type":"keyDown","value":"î€‡"},{"type":"pause","duration":10},{"type":"keyUp","value":"î€‡"}]}]}
RESULT: {"actions":[{"id":"action61","type":"key","parameters":{},"actions":[{"type":"keyDown","value":"î€‡"},{"type":"pause","duration":10},{"type":"keyUp","value":"î€‡"}]}]}
COMMAND: GET /session/d64c8a9d67ae429a1af470fcb6f0cd05/screenshot - {}
RESULT: {}
COMMAND: POST /session/d64c8a9d67ae429a1af470fcb6f0cd05/actions - {"actions":[{"id":"action62","type":"key","parameters":{},"actions":[{"type":"keyDown","value":"î€‡"},{"type":"pause","duration":10},{"type":"keyUp","value":"î€‡"}]}]}
RESULT: {"actions":[{"id":"action62","type":"key","parameters":{},"actions":[{"type":"keyDown","value":"î€‡"},{"type":"pause","duration":10},{"type":"keyUp","value":"î€‡"}]}]}
COMMAND: POST /session/d64c8a9d67ae429a1af470fcb6f0cd05/element - {"using":"xpath","value":"//td[7]/div/div/input"}
COMMAND: GET /session/d64c8a9d67ae429a1af470fcb6f0cd05/screenshot - {}
RESULT: {"using":"xpath","value":"//td[7]/div/div/input"}
COMMAND: POST /session/d64c8a9d67ae429a1af470fcb6f0cd05/element/f.615B31F35ECDE76F4064C3ADAC5820DC.d.9EDA28637AF6205F3B368F00121D6300.e.10120/clear - {}
RESULT: {}
RESULT: {}
COMMAND: POST /session/d64c8a9d67ae429a1af470fcb6f0cd05/element/f.615B31F35ECDE76F4064C3ADAC5820DC.d.9EDA28637AF6205F3B368F00121D6300.e.10120/value - {"text":"WebdriverRUR2C"}
COMMAND: GET /session/d64c8a9d67ae429a1af470fcb6f0cd05/screenshot - {}
RESULT: {"text":"WebdriverRUR2C"}
COMMAND: GET /session/d64c8a9d67ae429a1af470fcb6f0cd05/screenshot - {}
RESULT: {}
RESULT: {}
COMMAND: POST /session/d64c8a9d67ae429a1af470fcb6f0cd05/actions - {"actions":[{"id":"action63","type":"key","parameters":{},"actions":[{"type":"keyDown","value":"î€‡"},{"type":"pause","duration":10},{"type":"keyUp","value":"î€‡"}]}]}
RESULT: {"actions":[{"id":"action63","type":"key","parameters":{},"actions":[{"type":"keyDown","value":"î€‡"},{"type":"pause","duration":10},{"type":"keyUp","value":"î€‡"}]}]}
COMMAND: GET /session/d64c8a9d67ae429a1af470fcb6f0cd05/screenshot - {}
RESULT: {}
COMMAND: POST /session/d64c8a9d67ae429a1af470fcb6f0cd05/actions - {"actions":[{"id":"action64","type":"key","parameters":{},"actions":[{"type":"keyDown","value":"î€‡"},{"type":"pause","duration":10},{"type":"keyUp","value":"î€‡"}]}]}
RESULT: {"actions":[{"id":"action64","type":"key","parameters":{},"actions":[{"type":"keyDown","value":"î€‡"},{"type":"pause","duration":10},{"type":"keyUp","value":"î€‡"}]}]}
COMMAND: GET /session/d64c8a9d67ae429a1af470fcb6f0cd05/screenshot - {}
RESULT: {}
COMMAND: POST /session/d64c8a9d67ae429a1af470fcb6f0cd05/element - {"using":"xpath","value":"(//button[@data-kt=\"saveButton\"])[2]"}
RESULT: {"using":"xpath","value":"(//button[@data-kt=\"saveButton\"])[2]"}
COMMAND: POST /session/d64c8a9d67ae429a1af470fcb6f0cd05/element/f.615B31F35ECDE76F4064C3ADAC5820DC.d.9EDA28637AF6205F3B368F00121D6300.e.10145/click - {}
RESULT: {}
COMMAND: GET /session/d64c8a9d67ae429a1af470fcb6f0cd05/screenshot - {}
RESULT: {}
COMMAND: POST /session/d64c8a9d67ae429a1af470fcb6f0cd05/element - {"using":"xpath","value":"//button[contains(@data-kt ,\"contractDetailEditBtnButton\")]"}
RESULT: {"using":"xpath","value":"//button[contains(@data-kt ,\"contractDetailEditBtnButton\")]"}
COMMAND: POST /session/d64c8a9d67ae429a1af470fcb6f0cd05/execute/sync - {"script":"<script> [8489 bytes]","args":[{"element-6066-11e4-a52e-4f735466cecf":"f.615B31F35ECDE76F4064C3ADAC5820DC.d.9EDA28637AF6205F3B368F00121D6300.e.10053","ELEMENT":"f.615B31F35ECDE76F4064C3ADAC5820DC.d.9EDA28637AF6205F3B368F00121D6300.e.10053"}]}
RESULT: {"script":"<script> [8489 bytes]","args":[{"element-6066-11e4-a52e-4f735466cecf":"f.615B31F35ECDE76F4064C3ADAC5820DC.d.9EDA28637AF6205F3B368F00121D6300.e.10053","ELEMENT":"f.615B31F35ECDE76F4064C3ADAC5820DC.d.9EDA28637AF6205F3B368F00121D6300.e.10053"}]}
COMMAND: POST /session/d64c8a9d67ae429a1af470fcb6f0cd05/execute/sync - {"script":"<script> [8489 bytes]","args":[{"element-6066-11e4-a52e-4f735466cecf":"f.615B31F35ECDE76F4064C3ADAC5820DC.d.9EDA28637AF6205F3B368F00121D6300.e.10053","ELEMENT":"f.615B31F35ECDE76F4064C3ADAC5820DC.d.9EDA28637AF6205F3B368F00121D6300.e.10053"}]}
COMMAND: GET /session/d64c8a9d67ae429a1af470fcb6f0cd05/screenshot - {}
RESULT: {}
RESULT: {"script":"<script> [8489 bytes]","args":[{"element-6066-11e4-a52e-4f735466cecf":"f.615B31F35ECDE76F4064C3ADAC5820DC.d.9EDA28637AF6205F3B368F00121D6300.e.10053","ELEMENT":"f.615B31F35ECDE76F4064C3ADAC5820DC.d.9EDA28637AF6205F3B368F00121D6300.e.10053"}]}
COMMAND: POST /session/d64c8a9d67ae429a1af470fcb6f0cd05/execute/sync - {"script":"<script> [5351 bytes]","args":[{"element-6066-11e4-a52e-4f735466cecf":"f.615B31F35ECDE76F4064C3ADAC5820DC.d.9EDA28637AF6205F3B368F00121D6300.e.10053","ELEMENT":"f.615B31F35ECDE76F4064C3ADAC5820DC.d.9EDA28637AF6205F3B368F00121D6300.e.10053"}]}
COMMAND: GET /session/d64c8a9d67ae429a1af470fcb6f0cd05/screenshot - {}
RESULT: {"script":"<script> [5351 bytes]","args":[{"element-6066-11e4-a52e-4f735466cecf":"f.615B31F35ECDE76F4064C3ADAC5820DC.d.9EDA28637AF6205F3B368F00121D6300.e.10053","ELEMENT":"f.615B31F35ECDE76F4064C3ADAC5820DC.d.9EDA28637AF6205F3B368F00121D6300.e.10053"}]}
COMMAND: POST /session/d64c8a9d67ae429a1af470fcb6f0cd05/element - {"using":"xpath","value":"(//span[contains(text(), \"Header Billing Items\")])[1]"}
COMMAND: GET /session/d64c8a9d67ae429a1af470fcb6f0cd05/screenshot - {}
RESULT: {}
RESULT: {"using":"xpath","value":"(//span[contains(text(), \"Header Billing Items\")])[1]"}
COMMAND: POST /session/d64c8a9d67ae429a1af470fcb6f0cd05/element/f.615B31F35ECDE76F4064C3ADAC5820DC.d.9EDA28637AF6205F3B368F00121D6300.e.10148/click - {}
RESULT: {}
RESULT: {}
COMMAND: GET /session/d64c8a9d67ae429a1af470fcb6f0cd05/screenshot - {}
RESULT: {}
COMMAND: POST /session/d64c8a9d67ae429a1af470fcb6f0cd05/execute/async - {"script":"<script> [1562 bytes]","args":[{"selector":{"controlType":"sap.m.Title","viewName":"etm.portal.ui.managecontracts.view.Detail","properties":{"text":"Contract Items (1)"}},"wdio_ui5_key":"etmportal.ui.managecontracts.view.Detailsap.m.Title{\"text\":\"Contract Items (1)\"}"}]}
RESULT: {"script":"<script> [1562 bytes]","args":[{"selector":{"controlType":"sap.m.Title","viewName":"etm.portal.ui.managecontracts.view.Detail","properties":{"text":"Contract Items (1)"}},"wdio_ui5_key":"etmportal.ui.managecontracts.view.Detailsap.m.Title{\"text\":\"Contract Items (1)\"}"}]}
RESULT: undefined
COMMAND: POST /session/d64c8a9d67ae429a1af470fcb6f0cd05/execute/async - {"script":"<script> [6424 bytes]","args":[{"element-6066-11e4-a52e-4f735466cecf":"f.615B31F35ECDE76F4064C3ADAC5820DC.d.9EDA28637AF6205F3B368F00121D6300.e.10152"},"getText",[]]}
RESULT: {"script":"<script> [6424 bytes]","args":[{"element-6066-11e4-a52e-4f735466cecf":"f.615B31F35ECDE76F4064C3ADAC5820DC.d.9EDA28637AF6205F3B368F00121D6300.e.10152"},"getText",[]]}
COMMAND: POST /session/d64c8a9d67ae429a1af470fcb6f0cd05/element - {"using":"xpath","value":"(//span[contains(@class ,\"sapMObjStatusText\")])[1]"}
RESULT: {"using":"xpath","value":"(//span[contains(@class ,\"sapMObjStatusText\")])[1]"}
COMMAND: GET /session/d64c8a9d67ae429a1af470fcb6f0cd05/element/f.615B31F35ECDE76F4064C3ADAC5820DC.d.9EDA28637AF6205F3B368F00121D6300.e.10153/text - {}
RESULT: {}
COMMAND: POST /session/d64c8a9d67ae429a1af470fcb6f0cd05/refresh - {}
RESULT: {}
COMMAND: GET /session/d64c8a9d67ae429a1af470fcb6f0cd05/screenshot - {}
RESULT: {}
COMMAND: POST /session/d64c8a9d67ae429a1af470fcb6f0cd05/execute/async - {"script":"<script> [189 bytes]","args":[]}
RESULT: {"script":"<script> [189 bytes]","args":[]}
COMMAND: POST /session/d64c8a9d67ae429a1af470fcb6f0cd05/execute/async - {"script":"<script> [123 bytes]","args":[]}
RESULT: {"script":"<script> [123 bytes]","args":[]}
COMMAND: POST /session/d64c8a9d67ae429a1af470fcb6f0cd05/timeouts - {"script":"<number>"}
RESULT: {"script":"<number>"}
COMMAND: GET /session/d64c8a9d67ae429a1af470fcb6f0cd05/timeouts - {}
RESULT: {}
RESULT: undefined
COMMAND: POST /session/d64c8a9d67ae429a1af470fcb6f0cd05/execute/async - {"script":"<script> [2676 bytes]","args":[]}
RESULT: {"script":"<script> [2676 bytes]","args":[]}
COMMAND: POST /session/d64c8a9d67ae429a1af470fcb6f0cd05/execute/async - {"script":"<script> [2342 bytes]","args":[{"protocol":"http","hostname":"0.0.0.0","path":"/","capabilities":{"browserName":"chrome","goog:chromeOptions":{"binary":"C:\\Program Files\\Google\\Chrome\\Application\\chrome.exe","args":["--start-maximized"]}},"logLevel":"warn","connectionRetryTimeout":120000,"connectionRetryCount":3,"logLevels":{},"enableDirectConnect":true,"strictSSL":true,"_":"65 more keys: [\"cacheDir\",\"port\",\"requestedCapabilities\",\"automationProtocol\",\"baseUrl\",\"waitforInterval\",\"waitforTimeout\",\"onReload\",\"beforeCommand\",\"afterCommand\",\"rootDir\",\"specs\",\"suites\",\"exclude\",\"groupLogsByTestSpec\",\"excludeDriverLogs\",\"bail\",\"framework\",\"reporters\",\"services\",\"maxInstances\",\"maxInstancesPerCapability\",\"injectGlobals\",\"filesToWatch\",\"execArgv\",\"runnerEnv\",\"runner\",\"shard\",\"specFileRetries\",\"specFileRetriesDelay\",\"specFileRetriesDeferred\",\"reporterSyncInterval\",\"reporterSyncTimeout\",\"cucumberFeaturesWithLineNumbers\",\"autoCompileOpts\",\"mochaOpts\",\"jasmineOpts\",\"cucumberOpts\",\"onPrepare\",\"onWorkerStart\",\"onWorkerEnd\",\"before\",\"beforeSession\",\"beforeSuite\",\"beforeHook\",\"beforeTest\",\"afterTest\",\"afterHook\",\"afterSuite\",\"afterSession\",\"after\",\"onComplete\",\"beforeAssertion\",\"afterAssertion\",\"beforeFeature\",\"beforeScenario\",\"beforeStep\",\"afterStep\",\"afterScenario\",\"afterFeature\",\"_\",\"suite\",\"$0\",\"ignoredWorkerServices\",\"wdi5\"]"}]}
RESULT: {"script":"<script> [2342 bytes]","args":[{"protocol":"http","hostname":"0.0.0.0","path":"/","capabilities":{"browserName":"chrome","goog:chromeOptions":{"binary":"C:\\Program Files\\Google\\Chrome\\Application\\chrome.exe","args":["--start-maximized"]}},"logLevel":"warn","connectionRetryTimeout":120000,"connectionRetryCount":3,"logLevels":{},"enableDirectConnect":true,"strictSSL":true,"_":"65 more keys: [\"cacheDir\",\"port\",\"requestedCapabilities\",\"automationProtocol\",\"baseUrl\",\"waitforInterval\",\"waitforTimeout\",\"onReload\",\"beforeCommand\",\"afterCommand\",\"rootDir\",\"specs\",\"suites\",\"exclude\",\"groupLogsByTestSpec\",\"excludeDriverLogs\",\"bail\",\"framework\",\"reporters\",\"services\",\"maxInstances\",\"maxInstancesPerCapability\",\"injectGlobals\",\"filesToWatch\",\"execArgv\",\"runnerEnv\",\"runner\",\"shard\",\"specFileRetries\",\"specFileRetriesDelay\",\"specFileRetriesDeferred\",\"reporterSyncInterval\",\"reporterSyncTimeout\",\"cucumberFeaturesWithLineNumbers\",\"autoCompileOpts\",\"mochaOpts\",\"jasmineOpts\",\"cucumberOpts\",\"onPrepare\",\"onWorkerStart\",\"onWorkerEnd\",\"before\",\"beforeSession\",\"beforeSuite\",\"beforeHook\",\"beforeTest\",\"afterTest\",\"afterHook\",\"afterSuite\",\"afterSession\",\"after\",\"onComplete\",\"beforeAssertion\",\"afterAssertion\",\"beforeFeature\",\"beforeScenario\",\"beforeStep\",\"afterStep\",\"afterScenario\",\"afterFeature\",\"_\",\"suite\",\"$0\",\"ignoredWorkerServices\",\"wdi5\"]"}]}
COMMAND: POST /session/d64c8a9d67ae429a1af470fcb6f0cd05/execute/async - {"script":"<script> [21126 bytes]","args":[35000]}
RESULT: {"script":"<script> [21126 bytes]","args":[35000]}
COMMAND: POST /session/d64c8a9d67ae429a1af470fcb6f0cd05/element - {"using":"css selector","value":"#shell-header-logo"}
RESULT: {"using":"css selector","value":"#shell-header-logo"}
COMMAND: POST /session/d64c8a9d67ae429a1af470fcb6f0cd05/element/f.615B31F35ECDE76F4064C3ADAC5820DC.d.D0EFD49BF542C7A212AD759C75A505E6.e.10161/click - {}
RESULT: {}
COMMAND: GET /session/d64c8a9d67ae429a1af470fcb6f0cd05/screenshot - {}
]]></system-out>
    </testcase>
  </testsuite>
  <testsuite timestamp="2025-06-04T05:59:41" time="1744.099" tests="7" failures="0" errors="0" skipped="0">
    <properties>
      <property name="specId" value="0" />
      <property name="suiteName" value="E2E - Logistical and commercial statuses" />
      <property name="capabilities" value="chrome.136_0_7103_93.windows" />
      <property name="file" value="file:///D:/a/1/s/test/specs/R2C/E2E-Logistical-and-commercial-status.spec.js" />
    </properties>
    <testcase classname="chrome.136_0_7103_93.windows.E2E_-_Logistical_and_commercial_statuses" name="Should create prerequisites yard partner and site" time="388.127">
      <system-out><![CDATA[
COMMAND: POST /session/d64c8a9d67ae429a1af470fcb6f0cd05/execute/async - {"script":"<script> [1562 bytes]","args":[{"selector":{"controlType":"sap.m.GenericTile","properties":{"header":"Manage Yards"}},"wdio_ui5_key":"sapm.GenericTile{\"header\":\"Manage Yards\"}"}]}
RESULT: {}
RESULT: {"script":"<script> [1562 bytes]","args":[{"selector":{"controlType":"sap.m.GenericTile","properties":{"header":"Manage Yards"}},"wdio_ui5_key":"sapm.GenericTile{\"header\":\"Manage Yards\"}"}]}
RESULT: undefined
COMMAND: POST /session/d64c8a9d67ae429a1af470fcb6f0cd05/element - {"using":"xpath","value":"//*[@id=\"__tile41\"]"}
RESULT: {"using":"xpath","value":"//*[@id=\"__tile41\"]"}
COMMAND: POST /session/d64c8a9d67ae429a1af470fcb6f0cd05/element/f.615B31F35ECDE76F4064C3ADAC5820DC.d.D0EFD49BF542C7A212AD759C75A505E6.e.10372/click - {}
RESULT: {}
COMMAND: GET /session/d64c8a9d67ae429a1af470fcb6f0cd05/screenshot - {}
COMMAND: POST /session/d64c8a9d67ae429a1af470fcb6f0cd05/elements - {"using":"xpath","value":"//span[text()='Error']"}
RESULT: {}
RESULT: {"using":"xpath","value":"//span[text()='Error']"}
COMMAND: POST /session/d64c8a9d67ae429a1af470fcb6f0cd05/execute/async - {"script":"<script> [1562 bytes]","args":[{"selector":{"controlType":"sap.ui.core.Icon","viewName":"etm.portal.ui.manageyards.view.Master","viewId":"application-manageyards-display-component---masterYard","properties":{"src":{"regex":{"source":"add"}}}},"wdio_ui5_key":"etmportal.ui.manageyards.view.Mastersap.ui.core.Icon{\"src\":{\"regex\":{\"source\":\"add\"}}}"}]}
RESULT: {"script":"<script> [1562 bytes]","args":[{"selector":{"controlType":"sap.ui.core.Icon","viewName":"etm.portal.ui.manageyards.view.Master","viewId":"application-manageyards-display-component---masterYard","properties":{"src":{"regex":{"source":"add"}}}},"wdio_ui5_key":"etmportal.ui.manageyards.view.Mastersap.ui.core.Icon{\"src\":{\"regex\":{\"source\":\"add\"}}}"}]}
RESULT: undefined
COMMAND: POST /session/d64c8a9d67ae429a1af470fcb6f0cd05/element - {"using":"xpath","value":"//*[@id=\"__button14-img\"]"}
RESULT: {"using":"xpath","value":"//*[@id=\"__button14-img\"]"}
COMMAND: POST /session/d64c8a9d67ae429a1af470fcb6f0cd05/element/f.615B31F35ECDE76F4064C3ADAC5820DC.d.D0EFD49BF542C7A212AD759C75A505E6.e.10416/click - {}
RESULT: {}
COMMAND: GET /session/d64c8a9d67ae429a1af470fcb6f0cd05/screenshot - {}
RESULT: {}
COMMAND: POST /session/d64c8a9d67ae429a1af470fcb6f0cd05/execute/async - {"script":"<script> [1562 bytes]","args":[{"selector":{"id":"application-manageyards-display-component---NewYard--yardId","interaction":{"idSuffix":"inner"}},"wdio_ui5_key":"applicationmanageyards-display-component---NewYard--yardId"}]}
RESULT: {"script":"<script> [1562 bytes]","args":[{"selector":{"id":"application-manageyards-display-component---NewYard--yardId","interaction":{"idSuffix":"inner"}},"wdio_ui5_key":"applicationmanageyards-display-component---NewYard--yardId"}]}
RESULT: undefined
COMMAND: POST /session/d64c8a9d67ae429a1af470fcb6f0cd05/element - {"using":"xpath","value":"//*[@id=\"application-manageyards-display-component---NewYard--addressDetailDetailsName1-inner\"]"}
RESULT: {"using":"xpath","value":"//*[@id=\"application-manageyards-display-component---NewYard--addressDetailDetailsName1-inner\"]"}
COMMAND: POST /session/d64c8a9d67ae429a1af470fcb6f0cd05/element/f.615B31F35ECDE76F4064C3ADAC5820DC.d.D0EFD49BF542C7A212AD759C75A505E6.e.10649/clear - {}
RESULT: {}
COMMAND: POST /session/d64c8a9d67ae429a1af470fcb6f0cd05/element/f.615B31F35ECDE76F4064C3ADAC5820DC.d.D0EFD49BF542C7A212AD759C75A505E6.e.10649/value - {"text":"WebdriverYards5657"}
COMMAND: GET /session/d64c8a9d67ae429a1af470fcb6f0cd05/screenshot - {}
RESULT: {"text":"WebdriverYards5657"}
COMMAND: POST /session/d64c8a9d67ae429a1af470fcb6f0cd05/element - {"using":"xpath","value":"//*[@id=\"application-manageyards-display-component---NewYard--addressDetailDetailsLanguage-inner\"]"}
COMMAND: GET /session/d64c8a9d67ae429a1af470fcb6f0cd05/screenshot - {}
RESULT: {}
RESULT: {"using":"xpath","value":"//*[@id=\"application-manageyards-display-component---NewYard--addressDetailDetailsLanguage-inner\"]"}
COMMAND: POST /session/d64c8a9d67ae429a1af470fcb6f0cd05/element/f.615B31F35ECDE76F4064C3ADAC5820DC.d.D0EFD49BF542C7A212AD759C75A505E6.e.10650/clear - {}
RESULT: {}
RESULT: {}
COMMAND: POST /session/d64c8a9d67ae429a1af470fcb6f0cd05/element/f.615B31F35ECDE76F4064C3ADAC5820DC.d.D0EFD49BF542C7A212AD759C75A505E6.e.10650/value - {"text":"Romanian"}
COMMAND: GET /session/d64c8a9d67ae429a1af470fcb6f0cd05/screenshot - {}
RESULT: {"text":"Romanian"}
COMMAND: POST /session/d64c8a9d67ae429a1af470fcb6f0cd05/element - {"using":"xpath","value":"//input[contains(@id ,\"application-manageyards-display-component---NewYard--addressDetailDetailsName1-inner\")]"}
COMMAND: GET /session/d64c8a9d67ae429a1af470fcb6f0cd05/screenshot - {}
RESULT: {}
RESULT: {"using":"xpath","value":"//input[contains(@id ,\"application-manageyards-display-component---NewYard--addressDetailDetailsName1-inner\")]"}
COMMAND: GET /session/d64c8a9d67ae429a1af470fcb6f0cd05/element/f.615B31F35ECDE76F4064C3ADAC5820DC.d.D0EFD49BF542C7A212AD759C75A505E6.e.10649/property/value - {}
RESULT: {}
RESULT: {}
COMMAND: GET /session/d64c8a9d67ae429a1af470fcb6f0cd05/screenshot - {}
RESULT: {}
COMMAND: POST /session/d64c8a9d67ae429a1af470fcb6f0cd05/element - {"using":"xpath","value":"//*[@id=\"application-manageyards-display-component---NewYard--addressDetailDetailsCity1-inner\"]"}
RESULT: {"using":"xpath","value":"//*[@id=\"application-manageyards-display-component---NewYard--addressDetailDetailsCity1-inner\"]"}
COMMAND: POST /session/d64c8a9d67ae429a1af470fcb6f0cd05/element/f.615B31F35ECDE76F4064C3ADAC5820DC.d.D0EFD49BF542C7A212AD759C75A505E6.e.10652/clear - {}
RESULT: {}
COMMAND: POST /session/d64c8a9d67ae429a1af470fcb6f0cd05/element/f.615B31F35ECDE76F4064C3ADAC5820DC.d.D0EFD49BF542C7A212AD759C75A505E6.e.10652/value - {"text":"Bucuresti"}
COMMAND: GET /session/d64c8a9d67ae429a1af470fcb6f0cd05/screenshot - {}
RESULT: {"text":"Bucuresti"}
COMMAND: GET /session/d64c8a9d67ae429a1af470fcb6f0cd05/screenshot - {}
RESULT: {}
COMMAND: POST /session/d64c8a9d67ae429a1af470fcb6f0cd05/element - {"using":"xpath","value":"//*[@id=\"application-manageyards-display-component---NewYard--addressDetailDetailsCountry-inner\"]"}
RESULT: {}
RESULT: {"using":"xpath","value":"//*[@id=\"application-manageyards-display-component---NewYard--addressDetailDetailsCountry-inner\"]"}
COMMAND: POST /session/d64c8a9d67ae429a1af470fcb6f0cd05/element/f.615B31F35ECDE76F4064C3ADAC5820DC.d.D0EFD49BF542C7A212AD759C75A505E6.e.10656/clear - {}
RESULT: {}
COMMAND: POST /session/d64c8a9d67ae429a1af470fcb6f0cd05/element/f.615B31F35ECDE76F4064C3ADAC5820DC.d.D0EFD49BF542C7A212AD759C75A505E6.e.10656/value - {"text":"Romania"}
COMMAND: GET /session/d64c8a9d67ae429a1af470fcb6f0cd05/screenshot - {}
RESULT: {"text":"Romania"}
COMMAND: GET /session/d64c8a9d67ae429a1af470fcb6f0cd05/screenshot - {}
RESULT: {}
COMMAND: POST /session/d64c8a9d67ae429a1af470fcb6f0cd05/element - {"using":"xpath","value":"//div[contains(text(), \"Commercial\")]"}
RESULT: {}
RESULT: {"using":"xpath","value":"//div[contains(text(), \"Commercial\")]"}
COMMAND: GET /session/d64c8a9d67ae429a1af470fcb6f0cd05/element/f.615B31F35ECDE76F4064C3ADAC5820DC.d.D0EFD49BF542C7A212AD759C75A505E6.e.10828/rect - {}
RESULT: {}
COMMAND: GET /session/d64c8a9d67ae429a1af470fcb6f0cd05/window/rect - {}
RESULT: {}
COMMAND: POST /session/d64c8a9d67ae429a1af470fcb6f0cd05/execute/sync - {"script":"<script> [92 bytes]","args":[]}
RESULT: {"script":"<script> [92 bytes]","args":[]}
COMMAND: POST /session/d64c8a9d67ae429a1af470fcb6f0cd05/actions - {"actions":[{"id":"action65","type":"wheel","parameters":{},"actions":[{"type":"scroll","x":-1841,"y":-44,"deltaX":0,"deltaY":0,"duration":0,"origin":{"element-6066-11e4-a52e-4f735466cecf":"f.615B31F35ECDE76F4064C3ADAC5820DC.d.D0EFD49BF542C7A212AD759C75A505E6.e.10828"}}]}]}
COMMAND: GET /session/d64c8a9d67ae429a1af470fcb6f0cd05/screenshot - {}
RESULT: {}
COMMAND: POST /session/d64c8a9d67ae429a1af470fcb6f0cd05/execute/sync - {"script":"<script> [79 bytes]","args":[{"element-6066-11e4-a52e-4f735466cecf":"f.615B31F35ECDE76F4064C3ADAC5820DC.d.D0EFD49BF542C7A212AD759C75A505E6.e.10828","ELEMENT":"f.615B31F35ECDE76F4064C3ADAC5820DC.d.D0EFD49BF542C7A212AD759C75A505E6.e.10828"},{"block":"start","inline":"nearest"}]}
RESULT: {"script":"<script> [79 bytes]","args":[{"element-6066-11e4-a52e-4f735466cecf":"f.615B31F35ECDE76F4064C3ADAC5820DC.d.D0EFD49BF542C7A212AD759C75A505E6.e.10828","ELEMENT":"f.615B31F35ECDE76F4064C3ADAC5820DC.d.D0EFD49BF542C7A212AD759C75A505E6.e.10828"},{"block":"start","inline":"nearest"}]}
COMMAND: GET /session/d64c8a9d67ae429a1af470fcb6f0cd05/screenshot - {}
RESULT: {}
COMMAND: POST /session/d64c8a9d67ae429a1af470fcb6f0cd05/execute/async - {"script":"<script> [1562 bytes]","args":[{"selector":{"id":"application-manageyards-display-component---NewYard--addressEditDetailsCostObjectCstType-arrow"},"wdio_ui5_key":"applicationmanageyards-display-component---NewYard--addressEditDetailsCostObjectCstType-arrow"}]}
RESULT: {"script":"<script> [1562 bytes]","args":[{"selector":{"id":"application-manageyards-display-component---NewYard--addressEditDetailsCostObjectCstType-arrow"},"wdio_ui5_key":"applicationmanageyards-display-component---NewYard--addressEditDetailsCostObjectCstType-arrow"}]}
RESULT: undefined
COMMAND: POST /session/d64c8a9d67ae429a1af470fcb6f0cd05/element - {"using":"xpath","value":"//*[@id=\"application-manageyards-display-component---NewYard--addressEditDetailsCostObjectCstType-arrow\"]"}
RESULT: {"using":"xpath","value":"//*[@id=\"application-manageyards-display-component---NewYard--addressEditDetailsCostObjectCstType-arrow\"]"}
COMMAND: POST /session/d64c8a9d67ae429a1af470fcb6f0cd05/element/f.615B31F35ECDE76F4064C3ADAC5820DC.d.D0EFD49BF542C7A212AD759C75A505E6.e.10836/click - {}
RESULT: {}
COMMAND: POST /session/d64c8a9d67ae429a1af470fcb6f0cd05/element - {"using":"xpath","value":"//span[contains(text(), \"Cost Center\")]"}
COMMAND: GET /session/d64c8a9d67ae429a1af470fcb6f0cd05/screenshot - {}
RESULT: {"using":"xpath","value":"//span[contains(text(), \"Cost Center\")]"}
COMMAND: POST /session/d64c8a9d67ae429a1af470fcb6f0cd05/element/f.615B31F35ECDE76F4064C3ADAC5820DC.d.D0EFD49BF542C7A212AD759C75A505E6.e.10837/click - {}
RESULT: {}
RESULT: {}
COMMAND: GET /session/d64c8a9d67ae429a1af470fcb6f0cd05/screenshot - {}
RESULT: {}
COMMAND: POST /session/d64c8a9d67ae429a1af470fcb6f0cd05/execute/async - {"script":"<script> [1562 bytes]","args":[{"selector":{"id":"application-manageyards-display-component---NewYard--addressNewCostObjectCstID-vhi"},"wdio_ui5_key":"applicationmanageyards-display-component---NewYard--addressNewCostObjectCstID-vhi"}]}
RESULT: {"script":"<script> [1562 bytes]","args":[{"selector":{"id":"application-manageyards-display-component---NewYard--addressNewCostObjectCstID-vhi"},"wdio_ui5_key":"applicationmanageyards-display-component---NewYard--addressNewCostObjectCstID-vhi"}]}
RESULT: undefined
COMMAND: POST /session/d64c8a9d67ae429a1af470fcb6f0cd05/element - {"using":"xpath","value":"//*[@id=\"application-manageyards-display-component---NewYard--addressNewCostObjectCstID-vhi\"]"}
RESULT: {"using":"xpath","value":"//*[@id=\"application-manageyards-display-component---NewYard--addressNewCostObjectCstID-vhi\"]"}
COMMAND: POST /session/d64c8a9d67ae429a1af470fcb6f0cd05/element/f.615B31F35ECDE76F4064C3ADAC5820DC.d.D0EFD49BF542C7A212AD759C75A505E6.e.10841/click - {}
RESULT: {}
COMMAND: GET /session/d64c8a9d67ae429a1af470fcb6f0cd05/screenshot - {}
RESULT: {}
COMMAND: POST /session/d64c8a9d67ae429a1af470fcb6f0cd05/execute/async - {"script":"<script> [1562 bytes]","args":[{"selector":{"controlType":"sap.m.SearchField","properties":{"placeholder":"Search"},"searchOpenDialogs":true,"interaction":{"idSuffix":"I"}},"wdio_ui5_key":"sapm.SearchField{\"placeholder\":\"Search\"}"}]}
RESULT: {"script":"<script> [1562 bytes]","args":[{"selector":{"controlType":"sap.m.SearchField","properties":{"placeholder":"Search"},"searchOpenDialogs":true,"interaction":{"idSuffix":"I"}},"wdio_ui5_key":"sapm.SearchField{\"placeholder\":\"Search\"}"}]}
RESULT: undefined
COMMAND: POST /session/d64c8a9d67ae429a1af470fcb6f0cd05/execute/async - {"script":"<script> [776 bytes]","args":[{"enterText":"10001013","selector":{"controlType":"sap.m.SearchField","properties":{"placeholder":"Search"},"searchOpenDialogs":true,"interaction":{"idSuffix":"I"}},"clearTextFirst":true,"interactionType":"ENTER_TEXT"}]}
RESULT: {"script":"<script> [776 bytes]","args":[{"enterText":"10001013","selector":{"controlType":"sap.m.SearchField","properties":{"placeholder":"Search"},"searchOpenDialogs":true,"interaction":{"idSuffix":"I"}},"clearTextFirst":true,"interactionType":"ENTER_TEXT"}]}
COMMAND: POST /session/d64c8a9d67ae429a1af470fcb6f0cd05/actions - {"actions":[{"id":"action66","type":"key","parameters":{},"actions":[{"type":"keyDown","value":"î€‡"},{"type":"pause","duration":10},{"type":"keyUp","value":"î€‡"}]}]}
RESULT: {"actions":[{"id":"action66","type":"key","parameters":{},"actions":[{"type":"keyDown","value":"î€‡"},{"type":"pause","duration":10},{"type":"keyUp","value":"î€‡"}]}]}
COMMAND: GET /session/d64c8a9d67ae429a1af470fcb6f0cd05/screenshot - {}
RESULT: {}
COMMAND: POST /session/d64c8a9d67ae429a1af470fcb6f0cd05/element - {"using":"xpath","value":"//span[contains(text(), \"General Management\")]"}
RESULT: {"using":"xpath","value":"//span[contains(text(), \"General Management\")]"}
COMMAND: POST /session/d64c8a9d67ae429a1af470fcb6f0cd05/element/f.615B31F35ECDE76F4064C3ADAC5820DC.d.D0EFD49BF542C7A212AD759C75A505E6.e.10883/click - {}
RESULT: {}
COMMAND: GET /session/d64c8a9d67ae429a1af470fcb6f0cd05/screenshot - {}
RESULT: {}
COMMAND: POST /session/d64c8a9d67ae429a1af470fcb6f0cd05/element - {"using":"xpath","value":"//bdi[contains(text(), \"OK\")]"}
RESULT: {"using":"xpath","value":"//bdi[contains(text(), \"OK\")]"}
COMMAND: POST /session/d64c8a9d67ae429a1af470fcb6f0cd05/element/f.615B31F35ECDE76F4064C3ADAC5820DC.d.D0EFD49BF542C7A212AD759C75A505E6.e.10884/click - {}
RESULT: {}
COMMAND: GET /session/d64c8a9d67ae429a1af470fcb6f0cd05/screenshot - {}
RESULT: {}
COMMAND: POST /session/d64c8a9d67ae429a1af470fcb6f0cd05/execute/async - {"script":"<script> [1562 bytes]","args":[{"selector":{"controlType":"sap.m.Button","viewName":"etm.portal.ui.manageyards.view.New","viewId":"application-manageyards-display-component---NewYard","i18NText":{"propertyName":"text","key":"save"},"interaction":{"idSuffix":"inner"}},"wdio_ui5_key":"etmportal.ui.manageyards.view.Newsap.m.Button{\"propertyName\":\"text\",\"key\":\"save\"}"}]}
RESULT: {"script":"<script> [1562 bytes]","args":[{"selector":{"controlType":"sap.m.Button","viewName":"etm.portal.ui.manageyards.view.New","viewId":"application-manageyards-display-component---NewYard","i18NText":{"propertyName":"text","key":"save"},"interaction":{"idSuffix":"inner"}},"wdio_ui5_key":"etmportal.ui.manageyards.view.Newsap.m.Button{\"propertyName\":\"text\",\"key\":\"save\"}"}]}
RESULT: undefined
COMMAND: POST /session/d64c8a9d67ae429a1af470fcb6f0cd05/element - {"using":"xpath","value":"//*[@id=\"__button28\"]"}
RESULT: {"using":"xpath","value":"//*[@id=\"__button28\"]"}
COMMAND: POST /session/d64c8a9d67ae429a1af470fcb6f0cd05/element/f.615B31F35ECDE76F4064C3ADAC5820DC.d.D0EFD49BF542C7A212AD759C75A505E6.e.10816/click - {}
RESULT: {}
COMMAND: GET /session/d64c8a9d67ae429a1af470fcb6f0cd05/screenshot - {}
RESULT: {}
COMMAND: POST /session/d64c8a9d67ae429a1af470fcb6f0cd05/element - {"using":"xpath","value":"//header/div/div[2]/div[2]/span"}
RESULT: {"using":"xpath","value":"//header/div/div[2]/div[2]/span"}
COMMAND: GET /session/d64c8a9d67ae429a1af470fcb6f0cd05/element/f.615B31F35ECDE76F4064C3ADAC5820DC.d.D0EFD49BF542C7A212AD759C75A505E6.e.11080/text - {}
RESULT: {}
COMMAND: POST /session/d64c8a9d67ae429a1af470fcb6f0cd05/execute/async - {"script":"<script> [1562 bytes]","args":[{"selector":{"controlType":"sap.m.OverflowToolbarButton","viewName":"etm.portal.ui.manageyards.view.Detail","viewId":"application-manageyards-display-component---detailYard","i18NText":{"propertyName":"tooltip","key":"closeColumn"},"interaction":{"idSuffix":"inner"}},"wdio_ui5_key":"etmportal.ui.manageyards.view.Detailsap.m.OverflowToolbarButton{\"propertyName\":\"tooltip\",\"key\":\"closeColumn\"}"}]}
RESULT: {"script":"<script> [1562 bytes]","args":[{"selector":{"controlType":"sap.m.OverflowToolbarButton","viewName":"etm.portal.ui.manageyards.view.Detail","viewId":"application-manageyards-display-component---detailYard","i18NText":{"propertyName":"tooltip","key":"closeColumn"},"interaction":{"idSuffix":"inner"}},"wdio_ui5_key":"etmportal.ui.manageyards.view.Detailsap.m.OverflowToolbarButton{\"propertyName\":\"tooltip\",\"key\":\"closeColumn\"}"}]}
RESULT: undefined
COMMAND: POST /session/d64c8a9d67ae429a1af470fcb6f0cd05/element - {"using":"xpath","value":"//*[@id=\"__button52\"]"}
RESULT: {"using":"xpath","value":"//*[@id=\"__button52\"]"}
COMMAND: POST /session/d64c8a9d67ae429a1af470fcb6f0cd05/element/f.615B31F35ECDE76F4064C3ADAC5820DC.d.D0EFD49BF542C7A212AD759C75A505E6.e.11082/click - {}
RESULT: {}
COMMAND: GET /session/d64c8a9d67ae429a1af470fcb6f0cd05/screenshot - {}
RESULT: {}
COMMAND: POST /session/d64c8a9d67ae429a1af470fcb6f0cd05/element - {"using":"css selector","value":"#shell-header-logo"}
RESULT: {"using":"css selector","value":"#shell-header-logo"}
COMMAND: POST /session/d64c8a9d67ae429a1af470fcb6f0cd05/element/f.615B31F35ECDE76F4064C3ADAC5820DC.d.D0EFD49BF542C7A212AD759C75A505E6.e.10375/click - {}
RESULT: {}
COMMAND: GET /session/d64c8a9d67ae429a1af470fcb6f0cd05/screenshot - {}
RESULT: {}
COMMAND: POST /session/d64c8a9d67ae429a1af470fcb6f0cd05/refresh - {}
RESULT: {}
COMMAND: GET /session/d64c8a9d67ae429a1af470fcb6f0cd05/screenshot - {}
RESULT: {}
COMMAND: POST /session/d64c8a9d67ae429a1af470fcb6f0cd05/execute/async - {"script":"<script> [189 bytes]","args":[]}
RESULT: {"script":"<script> [189 bytes]","args":[]}
COMMAND: POST /session/d64c8a9d67ae429a1af470fcb6f0cd05/execute/async - {"script":"<script> [123 bytes]","args":[]}
RESULT: {"script":"<script> [123 bytes]","args":[]}
COMMAND: POST /session/d64c8a9d67ae429a1af470fcb6f0cd05/timeouts - {"script":"<number>"}
RESULT: {"script":"<number>"}
COMMAND: GET /session/d64c8a9d67ae429a1af470fcb6f0cd05/timeouts - {}
RESULT: {}
RESULT: undefined
COMMAND: POST /session/d64c8a9d67ae429a1af470fcb6f0cd05/execute/async - {"script":"<script> [2676 bytes]","args":[]}
RESULT: {"script":"<script> [2676 bytes]","args":[]}
COMMAND: POST /session/d64c8a9d67ae429a1af470fcb6f0cd05/execute/async - {"script":"<script> [2342 bytes]","args":[{"protocol":"http","hostname":"0.0.0.0","path":"/","capabilities":{"browserName":"chrome","goog:chromeOptions":{"binary":"C:\\Program Files\\Google\\Chrome\\Application\\chrome.exe","args":["--start-maximized"]}},"logLevel":"warn","connectionRetryTimeout":120000,"connectionRetryCount":3,"logLevels":{},"enableDirectConnect":true,"strictSSL":true,"_":"65 more keys: [\"cacheDir\",\"port\",\"requestedCapabilities\",\"automationProtocol\",\"baseUrl\",\"waitforInterval\",\"waitforTimeout\",\"onReload\",\"beforeCommand\",\"afterCommand\",\"rootDir\",\"specs\",\"suites\",\"exclude\",\"groupLogsByTestSpec\",\"excludeDriverLogs\",\"bail\",\"framework\",\"reporters\",\"services\",\"maxInstances\",\"maxInstancesPerCapability\",\"injectGlobals\",\"filesToWatch\",\"execArgv\",\"runnerEnv\",\"runner\",\"shard\",\"specFileRetries\",\"specFileRetriesDelay\",\"specFileRetriesDeferred\",\"reporterSyncInterval\",\"reporterSyncTimeout\",\"cucumberFeaturesWithLineNumbers\",\"autoCompileOpts\",\"mochaOpts\",\"jasmineOpts\",\"cucumberOpts\",\"onPrepare\",\"onWorkerStart\",\"onWorkerEnd\",\"before\",\"beforeSession\",\"beforeSuite\",\"beforeHook\",\"beforeTest\",\"afterTest\",\"afterHook\",\"afterSuite\",\"afterSession\",\"after\",\"onComplete\",\"beforeAssertion\",\"afterAssertion\",\"beforeFeature\",\"beforeScenario\",\"beforeStep\",\"afterStep\",\"afterScenario\",\"afterFeature\",\"_\",\"suite\",\"$0\",\"ignoredWorkerServices\",\"wdi5\"]"}]}
RESULT: {"script":"<script> [2342 bytes]","args":[{"protocol":"http","hostname":"0.0.0.0","path":"/","capabilities":{"browserName":"chrome","goog:chromeOptions":{"binary":"C:\\Program Files\\Google\\Chrome\\Application\\chrome.exe","args":["--start-maximized"]}},"logLevel":"warn","connectionRetryTimeout":120000,"connectionRetryCount":3,"logLevels":{},"enableDirectConnect":true,"strictSSL":true,"_":"65 more keys: [\"cacheDir\",\"port\",\"requestedCapabilities\",\"automationProtocol\",\"baseUrl\",\"waitforInterval\",\"waitforTimeout\",\"onReload\",\"beforeCommand\",\"afterCommand\",\"rootDir\",\"specs\",\"suites\",\"exclude\",\"groupLogsByTestSpec\",\"excludeDriverLogs\",\"bail\",\"framework\",\"reporters\",\"services\",\"maxInstances\",\"maxInstancesPerCapability\",\"injectGlobals\",\"filesToWatch\",\"execArgv\",\"runnerEnv\",\"runner\",\"shard\",\"specFileRetries\",\"specFileRetriesDelay\",\"specFileRetriesDeferred\",\"reporterSyncInterval\",\"reporterSyncTimeout\",\"cucumberFeaturesWithLineNumbers\",\"autoCompileOpts\",\"mochaOpts\",\"jasmineOpts\",\"cucumberOpts\",\"onPrepare\",\"onWorkerStart\",\"onWorkerEnd\",\"before\",\"beforeSession\",\"beforeSuite\",\"beforeHook\",\"beforeTest\",\"afterTest\",\"afterHook\",\"afterSuite\",\"afterSession\",\"after\",\"onComplete\",\"beforeAssertion\",\"afterAssertion\",\"beforeFeature\",\"beforeScenario\",\"beforeStep\",\"afterStep\",\"afterScenario\",\"afterFeature\",\"_\",\"suite\",\"$0\",\"ignoredWorkerServices\",\"wdi5\"]"}]}
COMMAND: POST /session/d64c8a9d67ae429a1af470fcb6f0cd05/execute/async - {"script":"<script> [21126 bytes]","args":[35000]}
RESULT: {"script":"<script> [21126 bytes]","args":[35000]}
COMMAND: POST /session/d64c8a9d67ae429a1af470fcb6f0cd05/execute/async - {"script":"<script> [1562 bytes]","args":[{"selector":{"controlType":"sap.m.GenericTile","properties":{"header":"Manage Partners"}},"wdio_ui5_key":"sapm.GenericTile{\"header\":\"Manage Partners\"}"}]}
RESULT: {"script":"<script> [1562 bytes]","args":[{"selector":{"controlType":"sap.m.GenericTile","properties":{"header":"Manage Partners"}},"wdio_ui5_key":"sapm.GenericTile{\"header\":\"Manage Partners\"}"}]}
RESULT: undefined
COMMAND: POST /session/d64c8a9d67ae429a1af470fcb6f0cd05/element - {"using":"xpath","value":"//*[@id=\"__tile38\"]"}
RESULT: {"using":"xpath","value":"//*[@id=\"__tile38\"]"}
COMMAND: POST /session/d64c8a9d67ae429a1af470fcb6f0cd05/element/f.615B31F35ECDE76F4064C3ADAC5820DC.d.A9CB80361584BA547273F47B2DFF317A.e.11440/click - {}
RESULT: {}
COMMAND: GET /session/d64c8a9d67ae429a1af470fcb6f0cd05/screenshot - {}
RESULT: {}
COMMAND: POST /session/d64c8a9d67ae429a1af470fcb6f0cd05/elements - {"using":"xpath","value":"//span[text()='Error']"}
RESULT: {"using":"xpath","value":"//span[text()='Error']"}
COMMAND: POST /session/d64c8a9d67ae429a1af470fcb6f0cd05/execute/async - {"script":"<script> [1562 bytes]","args":[{"selector":{"controlType":"sap.ui.core.Icon","viewName":"etm.portal.ui.managepartners.view.Master","viewId":"application-managepartners-display-component---masterPtm","properties":{"src":{"regex":{"source":"add"}}}},"wdio_ui5_key":"etmportal.ui.managepartners.view.Mastersap.ui.core.Icon{\"src\":{\"regex\":{\"source\":\"add\"}}}"}]}
RESULT: {"script":"<script> [1562 bytes]","args":[{"selector":{"controlType":"sap.ui.core.Icon","viewName":"etm.portal.ui.managepartners.view.Master","viewId":"application-managepartners-display-component---masterPtm","properties":{"src":{"regex":{"source":"add"}}}},"wdio_ui5_key":"etmportal.ui.managepartners.view.Mastersap.ui.core.Icon{\"src\":{\"regex\":{\"source\":\"add\"}}}"}]}
RESULT: undefined
COMMAND: POST /session/d64c8a9d67ae429a1af470fcb6f0cd05/element - {"using":"xpath","value":"//*[@id=\"__button4-img\"]"}
RESULT: {"using":"xpath","value":"//*[@id=\"__button4-img\"]"}
COMMAND: POST /session/d64c8a9d67ae429a1af470fcb6f0cd05/element/f.615B31F35ECDE76F4064C3ADAC5820DC.d.A9CB80361584BA547273F47B2DFF317A.e.11490/click - {}
RESULT: {}
COMMAND: GET /session/d64c8a9d67ae429a1af470fcb6f0cd05/screenshot - {}
RESULT: {}
COMMAND: POST /session/d64c8a9d67ae429a1af470fcb6f0cd05/execute/async - {"script":"<script> [1562 bytes]","args":[{"selector":{"id":"application-managepartners-display-component---NewPartner--partnerId","interaction":{"idSuffix":"inner"}},"wdio_ui5_key":"applicationmanagepartners-display-component---NewPartner--partnerId"}]}
RESULT: {"script":"<script> [1562 bytes]","args":[{"selector":{"id":"application-managepartners-display-component---NewPartner--partnerId","interaction":{"idSuffix":"inner"}},"wdio_ui5_key":"applicationmanagepartners-display-component---NewPartner--partnerId"}]}
RESULT: undefined
COMMAND: POST /session/d64c8a9d67ae429a1af470fcb6f0cd05/execute/async - {"script":"<script> [1562 bytes]","args":[{"selector":{"id":"application-managepartners-display-component---NewPartner--addressDetailDetailsName1","interaction":{"idSuffix":"inner"}},"wdio_ui5_key":"applicationmanagepartners-display-component---NewPartner--addressDetailDetailsName1"}]}
RESULT: {"script":"<script> [1562 bytes]","args":[{"selector":{"id":"application-managepartners-display-component---NewPartner--addressDetailDetailsName1","interaction":{"idSuffix":"inner"}},"wdio_ui5_key":"applicationmanagepartners-display-component---NewPartner--addressDetailDetailsName1"}]}
RESULT: undefined
COMMAND: POST /session/d64c8a9d67ae429a1af470fcb6f0cd05/execute/async - {"script":"<script> [776 bytes]","args":[{"enterText":"WebdriverPartner2jjnnk","selector":{"id":"application-managepartners-display-component---NewPartner--addressDetailDetailsName1","interaction":{"idSuffix":"inner"}},"clearTextFirst":true,"interactionType":"ENTER_TEXT"}]}
RESULT: {"script":"<script> [776 bytes]","args":[{"enterText":"WebdriverPartner2jjnnk","selector":{"id":"application-managepartners-display-component---NewPartner--addressDetailDetailsName1","interaction":{"idSuffix":"inner"}},"clearTextFirst":true,"interactionType":"ENTER_TEXT"}]}
COMMAND: POST /session/d64c8a9d67ae429a1af470fcb6f0cd05/execute/async - {"script":"<script> [1562 bytes]","args":[{"selector":{"id":"application-managepartners-display-component---NewPartner--addressDetailDetailsLanguage","interaction":{"idSuffix":"inner"}},"wdio_ui5_key":"applicationmanagepartners-display-component---NewPartner--addressDetailDetailsLanguage"}]}
RESULT: {"script":"<script> [1562 bytes]","args":[{"selector":{"id":"application-managepartners-display-component---NewPartner--addressDetailDetailsLanguage","interaction":{"idSuffix":"inner"}},"wdio_ui5_key":"applicationmanagepartners-display-component---NewPartner--addressDetailDetailsLanguage"}]}
RESULT: undefined
COMMAND: POST /session/d64c8a9d67ae429a1af470fcb6f0cd05/execute/async - {"script":"<script> [776 bytes]","args":[{"enterText":"Romanian","selector":{"id":"application-managepartners-display-component---NewPartner--addressDetailDetailsLanguage","interaction":{"idSuffix":"inner"}},"clearTextFirst":true,"interactionType":"ENTER_TEXT"}]}
RESULT: {"script":"<script> [776 bytes]","args":[{"enterText":"Romanian","selector":{"id":"application-managepartners-display-component---NewPartner--addressDetailDetailsLanguage","interaction":{"idSuffix":"inner"}},"clearTextFirst":true,"interactionType":"ENTER_TEXT"}]}
COMMAND: POST /session/d64c8a9d67ae429a1af470fcb6f0cd05/element - {"using":"xpath","value":"//input[contains(@id ,\"application-managepartners-display-component---NewPartner--addressDetailDetailsName1-inner\")]"}
RESULT: {"using":"xpath","value":"//input[contains(@id ,\"application-managepartners-display-component---NewPartner--addressDetailDetailsName1-inner\")]"}
COMMAND: GET /session/d64c8a9d67ae429a1af470fcb6f0cd05/element/f.615B31F35ECDE76F4064C3ADAC5820DC.d.A9CB80361584BA547273F47B2DFF317A.e.11667/property/value - {}
RESULT: {}
COMMAND: POST /session/d64c8a9d67ae429a1af470fcb6f0cd05/execute/async - {"script":"<script> [1562 bytes]","args":[{"selector":{"id":"application-managepartners-display-component---NewPartner--addressDetailDetailsCity1","interaction":{"idSuffix":"inner"}},"wdio_ui5_key":"applicationmanagepartners-display-component---NewPartner--addressDetailDetailsCity1"}]}
COMMAND: GET /session/d64c8a9d67ae429a1af470fcb6f0cd05/screenshot - {}
RESULT: {"script":"<script> [1562 bytes]","args":[{"selector":{"id":"application-managepartners-display-component---NewPartner--addressDetailDetailsCity1","interaction":{"idSuffix":"inner"}},"wdio_ui5_key":"applicationmanagepartners-display-component---NewPartner--addressDetailDetailsCity1"}]}
RESULT: undefined
COMMAND: POST /session/d64c8a9d67ae429a1af470fcb6f0cd05/execute/async - {"script":"<script> [776 bytes]","args":[{"enterText":"Bucharest","selector":{"id":"application-managepartners-display-component---NewPartner--addressDetailDetailsCity1","interaction":{"idSuffix":"inner"}},"clearTextFirst":true,"interactionType":"ENTER_TEXT"}]}
RESULT: {}
RESULT: {"script":"<script> [776 bytes]","args":[{"enterText":"Bucharest","selector":{"id":"application-managepartners-display-component---NewPartner--addressDetailDetailsCity1","interaction":{"idSuffix":"inner"}},"clearTextFirst":true,"interactionType":"ENTER_TEXT"}]}
COMMAND: POST /session/d64c8a9d67ae429a1af470fcb6f0cd05/execute/async - {"script":"<script> [1562 bytes]","args":[{"selector":{"id":"application-managepartners-display-component---NewPartner--addressDetailDetailsCountry","interaction":{"idSuffix":"inner"}},"wdio_ui5_key":"applicationmanagepartners-display-component---NewPartner--addressDetailDetailsCountry"}]}
RESULT: {"script":"<script> [1562 bytes]","args":[{"selector":{"id":"application-managepartners-display-component---NewPartner--addressDetailDetailsCountry","interaction":{"idSuffix":"inner"}},"wdio_ui5_key":"applicationmanagepartners-display-component---NewPartner--addressDetailDetailsCountry"}]}
RESULT: undefined
COMMAND: POST /session/d64c8a9d67ae429a1af470fcb6f0cd05/execute/async - {"script":"<script> [6424 bytes]","args":[{"element-6066-11e4-a52e-4f735466cecf":"f.615B31F35ECDE76F4064C3ADAC5820DC.d.A9CB80361584BA547273F47B2DFF317A.e.11674"},"setValue",["Romania"]]}
RESULT: {"script":"<script> [6424 bytes]","args":[{"element-6066-11e4-a52e-4f735466cecf":"f.615B31F35ECDE76F4064C3ADAC5820DC.d.A9CB80361584BA547273F47B2DFF317A.e.11674"},"setValue",["Romania"]]}
COMMAND: POST /session/d64c8a9d67ae429a1af470fcb6f0cd05/execute/async - {"script":"<script> [1562 bytes]","args":[{"selector":{"id":"application-managepartners-display-component---NewPartner--partnerDetailInternal","interaction":{"idSuffix":"inner"}},"wdio_ui5_key":"applicationmanagepartners-display-component---NewPartner--partnerDetailInternal"}]}
RESULT: {"script":"<script> [1562 bytes]","args":[{"selector":{"id":"application-managepartners-display-component---NewPartner--partnerDetailInternal","interaction":{"idSuffix":"inner"}},"wdio_ui5_key":"applicationmanagepartners-display-component---NewPartner--partnerDetailInternal"}]}
RESULT: undefined
COMMAND: POST /session/d64c8a9d67ae429a1af470fcb6f0cd05/execute/async - {"script":"<script> [776 bytes]","args":[{"enterText":"External partner","selector":{"id":"application-managepartners-display-component---NewPartner--partnerDetailInternal","interaction":{"idSuffix":"inner"}},"clearTextFirst":true,"interactionType":"ENTER_TEXT"}]}
RESULT: {"script":"<script> [776 bytes]","args":[{"enterText":"External partner","selector":{"id":"application-managepartners-display-component---NewPartner--partnerDetailInternal","interaction":{"idSuffix":"inner"}},"clearTextFirst":true,"interactionType":"ENTER_TEXT"}]}
COMMAND: POST /session/d64c8a9d67ae429a1af470fcb6f0cd05/execute/async - {"script":"<script> [1562 bytes]","args":[{"selector":{"id":"application-managepartners-display-component---NewPartner--partnerDetailsCurrency","interaction":{"idSuffix":"inner"}},"wdio_ui5_key":"applicationmanagepartners-display-component---NewPartner--partnerDetailsCurrency"}]}
RESULT: {"script":"<script> [1562 bytes]","args":[{"selector":{"id":"application-managepartners-display-component---NewPartner--partnerDetailsCurrency","interaction":{"idSuffix":"inner"}},"wdio_ui5_key":"applicationmanagepartners-display-component---NewPartner--partnerDetailsCurrency"}]}
RESULT: undefined
COMMAND: POST /session/d64c8a9d67ae429a1af470fcb6f0cd05/execute/async - {"script":"<script> [776 bytes]","args":[{"enterText":"Euro","selector":{"id":"application-managepartners-display-component---NewPartner--partnerDetailsCurrency","interaction":{"idSuffix":"inner"}},"clearTextFirst":true,"interactionType":"ENTER_TEXT"}]}
RESULT: {"script":"<script> [776 bytes]","args":[{"enterText":"Euro","selector":{"id":"application-managepartners-display-component---NewPartner--partnerDetailsCurrency","interaction":{"idSuffix":"inner"}},"clearTextFirst":true,"interactionType":"ENTER_TEXT"}]}
COMMAND: POST /session/d64c8a9d67ae429a1af470fcb6f0cd05/execute/async - {"script":"<script> [1562 bytes]","args":[{"selector":{"controlType":"sap.m.Button","viewName":"etm.portal.ui.managepartners.view.NewPartner","viewId":"application-managepartners-display-component---NewPartner","properties":{"text":"Commercial"},"interaction":{"idSuffix":"BDI-content"}},"wdio_ui5_key":"etmportal.ui.managepartners.view.NewPartnersap.m.Button{\"text\":\"Commercial\"}"}]}
RESULT: {"script":"<script> [1562 bytes]","args":[{"selector":{"controlType":"sap.m.Button","viewName":"etm.portal.ui.managepartners.view.NewPartner","viewId":"application-managepartners-display-component---NewPartner","properties":{"text":"Commercial"},"interaction":{"idSuffix":"BDI-content"}},"wdio_ui5_key":"etmportal.ui.managepartners.view.NewPartnersap.m.Button{\"text\":\"Commercial\"}"}]}
RESULT: undefined
COMMAND: POST /session/d64c8a9d67ae429a1af470fcb6f0cd05/element - {"using":"xpath","value":"//*[@id=\"application-managepartners-display-component---NewPartner--ObjectPageLayout-anchBar-__section5-anchor\"]"}
RESULT: {"using":"xpath","value":"//*[@id=\"application-managepartners-display-component---NewPartner--ObjectPageLayout-anchBar-__section5-anchor\"]"}
COMMAND: POST /session/d64c8a9d67ae429a1af470fcb6f0cd05/element/f.615B31F35ECDE76F4064C3ADAC5820DC.d.A9CB80361584BA547273F47B2DFF317A.e.11912/click - {}
RESULT: {}
COMMAND: GET /session/d64c8a9d67ae429a1af470fcb6f0cd05/screenshot - {}
RESULT: {}
COMMAND: POST /session/d64c8a9d67ae429a1af470fcb6f0cd05/execute/async - {"script":"<script> [1562 bytes]","args":[{"selector":{"id":"application-managepartners-display-component---NewPartner--btnAddTableRow-img"},"wdio_ui5_key":"applicationmanagepartners-display-component---NewPartner--btnAddTableRow-img"}]}
RESULT: {"script":"<script> [1562 bytes]","args":[{"selector":{"id":"application-managepartners-display-component---NewPartner--btnAddTableRow-img"},"wdio_ui5_key":"applicationmanagepartners-display-component---NewPartner--btnAddTableRow-img"}]}
RESULT: undefined
COMMAND: POST /session/d64c8a9d67ae429a1af470fcb6f0cd05/element - {"using":"xpath","value":"//*[@id=\"application-managepartners-display-component---NewPartner--btnAddTableRow-img\"]"}
RESULT: {"using":"xpath","value":"//*[@id=\"application-managepartners-display-component---NewPartner--btnAddTableRow-img\"]"}
COMMAND: POST /session/d64c8a9d67ae429a1af470fcb6f0cd05/element/f.615B31F35ECDE76F4064C3ADAC5820DC.d.A9CB80361584BA547273F47B2DFF317A.e.11918/click - {}
RESULT: {}
COMMAND: POST /session/d64c8a9d67ae429a1af470fcb6f0cd05/element - {"using":"xpath","value":"//input[contains(@id ,\"application-managepartners-display-component---NewPartner--assignmentYard-application-managepartners-display-component---NewPartner\")]"}
COMMAND: GET /session/d64c8a9d67ae429a1af470fcb6f0cd05/screenshot - {}
RESULT: {"using":"xpath","value":"//input[contains(@id ,\"application-managepartners-display-component---NewPartner--assignmentYard-application-managepartners-display-component---NewPartner\")]"}
COMMAND: POST /session/d64c8a9d67ae429a1af470fcb6f0cd05/element/f.615B31F35ECDE76F4064C3ADAC5820DC.d.A9CB80361584BA547273F47B2DFF317A.e.11923/clear - {}
RESULT: {}
RESULT: {}
COMMAND: POST /session/d64c8a9d67ae429a1af470fcb6f0cd05/element/f.615B31F35ECDE76F4064C3ADAC5820DC.d.A9CB80361584BA547273F47B2DFF317A.e.11923/value - {"text":"WebdriverYards5657"}
COMMAND: GET /session/d64c8a9d67ae429a1af470fcb6f0cd05/screenshot - {}
RESULT: {"text":"WebdriverYards5657"}
COMMAND: GET /session/d64c8a9d67ae429a1af470fcb6f0cd05/screenshot - {}
RESULT: {}
RESULT: {}
COMMAND: POST /session/d64c8a9d67ae429a1af470fcb6f0cd05/execute/async - {"script":"<script> [1562 bytes]","args":[{"selector":{"controlType":"sap.m.Button","viewName":"etm.portal.ui.managepartners.view.NewPartner","viewId":"application-managepartners-display-component---NewPartner","i18NText":{"propertyName":"text","key":"save"},"interaction":{"idSuffix":"BDI-content"}},"wdio_ui5_key":"etmportal.ui.managepartners.view.NewPartnersap.m.Button{\"propertyName\":\"text\",\"key\":\"save\"}"}]}
RESULT: {"script":"<script> [1562 bytes]","args":[{"selector":{"controlType":"sap.m.Button","viewName":"etm.portal.ui.managepartners.view.NewPartner","viewId":"application-managepartners-display-component---NewPartner","i18NText":{"propertyName":"text","key":"save"},"interaction":{"idSuffix":"BDI-content"}},"wdio_ui5_key":"etmportal.ui.managepartners.view.NewPartnersap.m.Button{\"propertyName\":\"text\",\"key\":\"save\"}"}]}
RESULT: undefined
COMMAND: POST /session/d64c8a9d67ae429a1af470fcb6f0cd05/element - {"using":"xpath","value":"//*[@id=\"__button12\"]"}
RESULT: {"using":"xpath","value":"//*[@id=\"__button12\"]"}
COMMAND: POST /session/d64c8a9d67ae429a1af470fcb6f0cd05/element/f.615B31F35ECDE76F4064C3ADAC5820DC.d.A9CB80361584BA547273F47B2DFF317A.e.11891/click - {}
RESULT: {}
COMMAND: GET /session/d64c8a9d67ae429a1af470fcb6f0cd05/screenshot - {}
RESULT: {}
COMMAND: POST /session/d64c8a9d67ae429a1af470fcb6f0cd05/element - {"using":"xpath","value":"//header/div/div[2]/div[2]/span"}
RESULT: {"using":"xpath","value":"//header/div/div[2]/div[2]/span"}
COMMAND: GET /session/d64c8a9d67ae429a1af470fcb6f0cd05/element/f.615B31F35ECDE76F4064C3ADAC5820DC.d.A9CB80361584BA547273F47B2DFF317A.e.12097/text - {}
RESULT: {}
COMMAND: POST /session/d64c8a9d67ae429a1af470fcb6f0cd05/element - {"using":"xpath","value":"//header/div/div/div/div/div/div[2]/div/span"}
RESULT: {"using":"xpath","value":"//header/div/div/div/div/div/div[2]/div/span"}
COMMAND: GET /session/d64c8a9d67ae429a1af470fcb6f0cd05/element/f.615B31F35ECDE76F4064C3ADAC5820DC.d.A9CB80361584BA547273F47B2DFF317A.e.12098/text - {}
RESULT: {}
COMMAND: POST /session/d64c8a9d67ae429a1af470fcb6f0cd05/execute/async - {"script":"<script> [1562 bytes]","args":[{"selector":{"id":"application-managepartners-display-component---detailPtm--partnerType"},"wdio_ui5_key":"applicationmanagepartners-display-component---detailPtm--partnerType"}]}
RESULT: {"script":"<script> [1562 bytes]","args":[{"selector":{"id":"application-managepartners-display-component---detailPtm--partnerType"},"wdio_ui5_key":"applicationmanagepartners-display-component---detailPtm--partnerType"}]}
RESULT: undefined
COMMAND: POST /session/d64c8a9d67ae429a1af470fcb6f0cd05/execute/async - {"script":"<script> [6424 bytes]","args":[{"element-6066-11e4-a52e-4f735466cecf":"f.615B31F35ECDE76F4064C3ADAC5820DC.d.A9CB80361584BA547273F47B2DFF317A.e.12099"},"getText",[]]}
RESULT: {"script":"<script> [6424 bytes]","args":[{"element-6066-11e4-a52e-4f735466cecf":"f.615B31F35ECDE76F4064C3ADAC5820DC.d.A9CB80361584BA547273F47B2DFF317A.e.12099"},"getText",[]]}
COMMAND: POST /session/d64c8a9d67ae429a1af470fcb6f0cd05/element - {"using":"css selector","value":"#shell-header-logo"}
RESULT: {"using":"css selector","value":"#shell-header-logo"}
COMMAND: POST /session/d64c8a9d67ae429a1af470fcb6f0cd05/element/f.615B31F35ECDE76F4064C3ADAC5820DC.d.A9CB80361584BA547273F47B2DFF317A.e.11441/click - {}
RESULT: {}
COMMAND: GET /session/d64c8a9d67ae429a1af470fcb6f0cd05/screenshot - {}
RESULT: {}
COMMAND: POST /session/d64c8a9d67ae429a1af470fcb6f0cd05/execute/async - {"script":"<script> [1562 bytes]","args":[{"selector":{"controlType":"sap.m.GenericTile","properties":{"header":"Manage Sites"}},"wdio_ui5_key":"sapm.GenericTile{\"header\":\"Manage Sites\"}"}]}
RESULT: {"script":"<script> [1562 bytes]","args":[{"selector":{"controlType":"sap.m.GenericTile","properties":{"header":"Manage Sites"}},"wdio_ui5_key":"sapm.GenericTile{\"header\":\"Manage Sites\"}"}]}
RESULT: undefined
COMMAND: POST /session/d64c8a9d67ae429a1af470fcb6f0cd05/element - {"using":"xpath","value":"//*[@id=\"__tile40\"]"}
RESULT: {"using":"xpath","value":"//*[@id=\"__tile40\"]"}
COMMAND: POST /session/d64c8a9d67ae429a1af470fcb6f0cd05/element/f.615B31F35ECDE76F4064C3ADAC5820DC.d.A9CB80361584BA547273F47B2DFF317A.e.12101/click - {}
RESULT: {}
COMMAND: GET /session/d64c8a9d67ae429a1af470fcb6f0cd05/screenshot - {}
RESULT: {}
COMMAND: POST /session/d64c8a9d67ae429a1af470fcb6f0cd05/elements - {"using":"xpath","value":"//span[text()='Error']"}
RESULT: {"using":"xpath","value":"//span[text()='Error']"}
COMMAND: POST /session/d64c8a9d67ae429a1af470fcb6f0cd05/execute/async - {"script":"<script> [1562 bytes]","args":[{"selector":{"controlType":"sap.ui.core.Icon","viewName":"etm.portal.ui.managesites.view.Master","viewId":"application-managesites-display-component---masterSite","properties":{"src":{"regex":{"source":"add"}}}},"wdio_ui5_key":"etmportal.ui.managesites.view.Mastersap.ui.core.Icon{\"src\":{\"regex\":{\"source\":\"add\"}}}"}]}
RESULT: {"script":"<script> [1562 bytes]","args":[{"selector":{"controlType":"sap.ui.core.Icon","viewName":"etm.portal.ui.managesites.view.Master","viewId":"application-managesites-display-component---masterSite","properties":{"src":{"regex":{"source":"add"}}}},"wdio_ui5_key":"etmportal.ui.managesites.view.Mastersap.ui.core.Icon{\"src\":{\"regex\":{\"source\":\"add\"}}}"}]}
RESULT: undefined
COMMAND: POST /session/d64c8a9d67ae429a1af470fcb6f0cd05/element - {"using":"xpath","value":"//*[@id=\"__button52-img\"]"}
RESULT: {"using":"xpath","value":"//*[@id=\"__button52-img\"]"}
COMMAND: POST /session/d64c8a9d67ae429a1af470fcb6f0cd05/element/f.615B31F35ECDE76F4064C3ADAC5820DC.d.A9CB80361584BA547273F47B2DFF317A.e.12151/click - {}
RESULT: {}
COMMAND: POST /session/d64c8a9d67ae429a1af470fcb6f0cd05/execute/async - {"script":"<script> [1562 bytes]","args":[{"selector":{"id":"application-managesites-display-component---NewSite--siteId","interaction":{"idSuffix":"inner"}},"wdio_ui5_key":"applicationmanagesites-display-component---NewSite--siteId"}]}
COMMAND: GET /session/d64c8a9d67ae429a1af470fcb6f0cd05/screenshot - {}
RESULT: {"script":"<script> [1562 bytes]","args":[{"selector":{"id":"application-managesites-display-component---NewSite--siteId","interaction":{"idSuffix":"inner"}},"wdio_ui5_key":"applicationmanagesites-display-component---NewSite--siteId"}]}
RESULT: undefined
COMMAND: POST /session/d64c8a9d67ae429a1af470fcb6f0cd05/execute/async - {"script":"<script> [1562 bytes]","args":[{"selector":{"id":"application-managesites-display-component---NewSite--addressDetailDetailsName1","interaction":{"idSuffix":"inner"}},"wdio_ui5_key":"applicationmanagesites-display-component---NewSite--addressDetailDetailsName1"}]}
RESULT: {}
RESULT: {"script":"<script> [1562 bytes]","args":[{"selector":{"id":"application-managesites-display-component---NewSite--addressDetailDetailsName1","interaction":{"idSuffix":"inner"}},"wdio_ui5_key":"applicationmanagesites-display-component---NewSite--addressDetailDetailsName1"}]}
RESULT: undefined
COMMAND: POST /session/d64c8a9d67ae429a1af470fcb6f0cd05/execute/async - {"script":"<script> [776 bytes]","args":[{"enterText":"WebdriverSitejl8ma","selector":{"id":"application-managesites-display-component---NewSite--addressDetailDetailsName1","interaction":{"idSuffix":"inner"}},"clearTextFirst":true,"interactionType":"ENTER_TEXT"}]}
RESULT: {"script":"<script> [776 bytes]","args":[{"enterText":"WebdriverSitejl8ma","selector":{"id":"application-managesites-display-component---NewSite--addressDetailDetailsName1","interaction":{"idSuffix":"inner"}},"clearTextFirst":true,"interactionType":"ENTER_TEXT"}]}
COMMAND: POST /session/d64c8a9d67ae429a1af470fcb6f0cd05/execute/async - {"script":"<script> [1562 bytes]","args":[{"selector":{"id":"application-managesites-display-component---NewSite--addressDetailDetailsLanguage","interaction":{"idSuffix":"inner"}},"wdio_ui5_key":"applicationmanagesites-display-component---NewSite--addressDetailDetailsLanguage"}]}
RESULT: {"script":"<script> [1562 bytes]","args":[{"selector":{"id":"application-managesites-display-component---NewSite--addressDetailDetailsLanguage","interaction":{"idSuffix":"inner"}},"wdio_ui5_key":"applicationmanagesites-display-component---NewSite--addressDetailDetailsLanguage"}]}
RESULT: undefined
COMMAND: POST /session/d64c8a9d67ae429a1af470fcb6f0cd05/execute/async - {"script":"<script> [776 bytes]","args":[{"enterText":"Romanian","selector":{"id":"application-managesites-display-component---NewSite--addressDetailDetailsLanguage","interaction":{"idSuffix":"inner"}},"clearTextFirst":true,"interactionType":"ENTER_TEXT"}]}
RESULT: {"script":"<script> [776 bytes]","args":[{"enterText":"Romanian","selector":{"id":"application-managesites-display-component---NewSite--addressDetailDetailsLanguage","interaction":{"idSuffix":"inner"}},"clearTextFirst":true,"interactionType":"ENTER_TEXT"}]}
COMMAND: POST /session/d64c8a9d67ae429a1af470fcb6f0cd05/execute/async - {"script":"<script> [1562 bytes]","args":[{"selector":{"id":"application-managesites-display-component---NewSite--addressDetailDetailsCity1","interaction":{"idSuffix":"inner"}},"wdio_ui5_key":"applicationmanagesites-display-component---NewSite--addressDetailDetailsCity1"}]}
RESULT: {"script":"<script> [1562 bytes]","args":[{"selector":{"id":"application-managesites-display-component---NewSite--addressDetailDetailsCity1","interaction":{"idSuffix":"inner"}},"wdio_ui5_key":"applicationmanagesites-display-component---NewSite--addressDetailDetailsCity1"}]}
RESULT: undefined
COMMAND: POST /session/d64c8a9d67ae429a1af470fcb6f0cd05/execute/async - {"script":"<script> [776 bytes]","args":[{"enterText":"Bucharest","selector":{"id":"application-managesites-display-component---NewSite--addressDetailDetailsCity1","interaction":{"idSuffix":"inner"}},"clearTextFirst":true,"interactionType":"ENTER_TEXT"}]}
RESULT: {"script":"<script> [776 bytes]","args":[{"enterText":"Bucharest","selector":{"id":"application-managesites-display-component---NewSite--addressDetailDetailsCity1","interaction":{"idSuffix":"inner"}},"clearTextFirst":true,"interactionType":"ENTER_TEXT"}]}
COMMAND: POST /session/d64c8a9d67ae429a1af470fcb6f0cd05/execute/async - {"script":"<script> [1562 bytes]","args":[{"selector":{"id":"application-managesites-display-component---NewSite--addressDetailDetailsCountry","interaction":{"idSuffix":"inner"}},"wdio_ui5_key":"applicationmanagesites-display-component---NewSite--addressDetailDetailsCountry"}]}
RESULT: {"script":"<script> [1562 bytes]","args":[{"selector":{"id":"application-managesites-display-component---NewSite--addressDetailDetailsCountry","interaction":{"idSuffix":"inner"}},"wdio_ui5_key":"applicationmanagesites-display-component---NewSite--addressDetailDetailsCountry"}]}
RESULT: undefined
COMMAND: POST /session/d64c8a9d67ae429a1af470fcb6f0cd05/execute/async - {"script":"<script> [776 bytes]","args":[{"enterText":"Romania","selector":{"id":"application-managesites-display-component---NewSite--addressDetailDetailsCountry","interaction":{"idSuffix":"inner"}},"clearTextFirst":true,"interactionType":"ENTER_TEXT"}]}
RESULT: {"script":"<script> [776 bytes]","args":[{"enterText":"Romania","selector":{"id":"application-managesites-display-component---NewSite--addressDetailDetailsCountry","interaction":{"idSuffix":"inner"}},"clearTextFirst":true,"interactionType":"ENTER_TEXT"}]}
COMMAND: POST /session/d64c8a9d67ae429a1af470fcb6f0cd05/element - {"using":"css selector","value":"#application-managesites-display-component---NewSite--addressDetailDetailsCalendar-inner"}
RESULT: {"using":"css selector","value":"#application-managesites-display-component---NewSite--addressDetailDetailsCalendar-inner"}
COMMAND: POST /session/d64c8a9d67ae429a1af470fcb6f0cd05/element/f.615B31F35ECDE76F4064C3ADAC5820DC.d.A9CB80361584BA547273F47B2DFF317A.e.12368/clear - {}
RESULT: {}
COMMAND: POST /session/d64c8a9d67ae429a1af470fcb6f0cd05/element/f.615B31F35ECDE76F4064C3ADAC5820DC.d.A9CB80361584BA547273F47B2DFF317A.e.12368/value - {"text":"Germany"}
COMMAND: GET /session/d64c8a9d67ae429a1af470fcb6f0cd05/screenshot - {}
RESULT: {"text":"Germany"}
COMMAND: POST /session/d64c8a9d67ae429a1af470fcb6f0cd05/execute/async - {"script":"<script> [1562 bytes]","args":[{"selector":{"id":"application-managesites-display-component---NewSite--addressEditDetailsCostObjectCstType-arrow"},"wdio_ui5_key":"applicationmanagesites-display-component---NewSite--addressEditDetailsCostObjectCstType-arrow"}]}
COMMAND: GET /session/d64c8a9d67ae429a1af470fcb6f0cd05/screenshot - {}
RESULT: {}
RESULT: {"script":"<script> [1562 bytes]","args":[{"selector":{"id":"application-managesites-display-component---NewSite--addressEditDetailsCostObjectCstType-arrow"},"wdio_ui5_key":"applicationmanagesites-display-component---NewSite--addressEditDetailsCostObjectCstType-arrow"}]}
RESULT: undefined
COMMAND: POST /session/d64c8a9d67ae429a1af470fcb6f0cd05/element - {"using":"xpath","value":"//*[@id=\"application-managesites-display-component---NewSite--addressEditDetailsCostObjectCstType-arrow\"]"}
RESULT: {}
RESULT: {"using":"xpath","value":"//*[@id=\"application-managesites-display-component---NewSite--addressEditDetailsCostObjectCstType-arrow\"]"}
COMMAND: POST /session/d64c8a9d67ae429a1af470fcb6f0cd05/element/f.615B31F35ECDE76F4064C3ADAC5820DC.d.A9CB80361584BA547273F47B2DFF317A.e.12528/click - {}
RESULT: {}
COMMAND: POST /session/d64c8a9d67ae429a1af470fcb6f0cd05/element - {"using":"xpath","value":"//span[contains(text(), \"Work Breakdown Structure\")]"}
COMMAND: GET /session/d64c8a9d67ae429a1af470fcb6f0cd05/screenshot - {}
RESULT: {"using":"xpath","value":"//span[contains(text(), \"Work Breakdown Structure\")]"}
COMMAND: POST /session/d64c8a9d67ae429a1af470fcb6f0cd05/element/f.615B31F35ECDE76F4064C3ADAC5820DC.d.A9CB80361584BA547273F47B2DFF317A.e.12529/click - {}
RESULT: {}
RESULT: {}
COMMAND: GET /session/d64c8a9d67ae429a1af470fcb6f0cd05/screenshot - {}
RESULT: {}
COMMAND: POST /session/d64c8a9d67ae429a1af470fcb6f0cd05/execute/async - {"script":"<script> [1562 bytes]","args":[{"selector":{"id":"application-managesites-display-component---NewSite--addressNewCostObjectCstID-vhi"},"wdio_ui5_key":"applicationmanagesites-display-component---NewSite--addressNewCostObjectCstID-vhi"}]}
RESULT: {"script":"<script> [1562 bytes]","args":[{"selector":{"id":"application-managesites-display-component---NewSite--addressNewCostObjectCstID-vhi"},"wdio_ui5_key":"applicationmanagesites-display-component---NewSite--addressNewCostObjectCstID-vhi"}]}
RESULT: undefined
COMMAND: POST /session/d64c8a9d67ae429a1af470fcb6f0cd05/element - {"using":"xpath","value":"//*[@id=\"application-managesites-display-component---NewSite--addressNewCostObjectCstID-vhi\"]"}
RESULT: {"using":"xpath","value":"//*[@id=\"application-managesites-display-component---NewSite--addressNewCostObjectCstID-vhi\"]"}
COMMAND: POST /session/d64c8a9d67ae429a1af470fcb6f0cd05/element/f.615B31F35ECDE76F4064C3ADAC5820DC.d.A9CB80361584BA547273F47B2DFF317A.e.12534/click - {}
RESULT: {}
COMMAND: GET /session/d64c8a9d67ae429a1af470fcb6f0cd05/screenshot - {}
RESULT: {}
COMMAND: POST /session/d64c8a9d67ae429a1af470fcb6f0cd05/execute/async - {"script":"<script> [1562 bytes]","args":[{"selector":{"controlType":"sap.m.SearchField","properties":{"placeholder":"Search"},"searchOpenDialogs":true,"interaction":{"idSuffix":"I"}},"wdio_ui5_key":"sapm.SearchField{\"placeholder\":\"Search\"}"}]}
RESULT: {"script":"<script> [1562 bytes]","args":[{"selector":{"controlType":"sap.m.SearchField","properties":{"placeholder":"Search"},"searchOpenDialogs":true,"interaction":{"idSuffix":"I"}},"wdio_ui5_key":"sapm.SearchField{\"placeholder\":\"Search\"}"}]}
RESULT: undefined
COMMAND: POST /session/d64c8a9d67ae429a1af470fcb6f0cd05/execute/async - {"script":"<script> [776 bytes]","args":[{"enterText":"A1-000100-01","selector":{"controlType":"sap.m.SearchField","properties":{"placeholder":"Search"},"searchOpenDialogs":true,"interaction":{"idSuffix":"I"}},"clearTextFirst":true,"interactionType":"ENTER_TEXT"}]}
RESULT: {"script":"<script> [776 bytes]","args":[{"enterText":"A1-000100-01","selector":{"controlType":"sap.m.SearchField","properties":{"placeholder":"Search"},"searchOpenDialogs":true,"interaction":{"idSuffix":"I"}},"clearTextFirst":true,"interactionType":"ENTER_TEXT"}]}
COMMAND: POST /session/d64c8a9d67ae429a1af470fcb6f0cd05/actions - {"actions":[{"id":"action67","type":"key","parameters":{},"actions":[{"type":"keyDown","value":"î€‡"},{"type":"pause","duration":10},{"type":"keyUp","value":"î€‡"}]}]}
RESULT: {"actions":[{"id":"action67","type":"key","parameters":{},"actions":[{"type":"keyDown","value":"î€‡"},{"type":"pause","duration":10},{"type":"keyUp","value":"î€‡"}]}]}
COMMAND: GET /session/d64c8a9d67ae429a1af470fcb6f0cd05/screenshot - {}
RESULT: {}
COMMAND: POST /session/d64c8a9d67ae429a1af470fcb6f0cd05/element - {"using":"xpath","value":"//span[contains(text(), \"Template for ETO-Process\")]"}
RESULT: {"using":"xpath","value":"//span[contains(text(), \"Template for ETO-Process\")]"}
COMMAND: POST /session/d64c8a9d67ae429a1af470fcb6f0cd05/element/f.615B31F35ECDE76F4064C3ADAC5820DC.d.A9CB80361584BA547273F47B2DFF317A.e.12544/click - {}
RESULT: {}
COMMAND: GET /session/d64c8a9d67ae429a1af470fcb6f0cd05/screenshot - {}
RESULT: {}
COMMAND: POST /session/d64c8a9d67ae429a1af470fcb6f0cd05/element - {"using":"xpath","value":"//bdi[contains(text(), \"OK\")]"}
RESULT: {"using":"xpath","value":"//bdi[contains(text(), \"OK\")]"}
COMMAND: POST /session/d64c8a9d67ae429a1af470fcb6f0cd05/element/f.615B31F35ECDE76F4064C3ADAC5820DC.d.A9CB80361584BA547273F47B2DFF317A.e.12546/click - {}
RESULT: {}
COMMAND: GET /session/d64c8a9d67ae429a1af470fcb6f0cd05/screenshot - {}
RESULT: {}
COMMAND: POST /session/d64c8a9d67ae429a1af470fcb6f0cd05/element - {"using":"xpath","value":"//input[@id=\"application-managesites-display-component---NewSite--addressDetailDetailsYard-inner\"]"}
RESULT: {"using":"xpath","value":"//input[@id=\"application-managesites-display-component---NewSite--addressDetailDetailsYard-inner\"]"}
COMMAND: POST /session/d64c8a9d67ae429a1af470fcb6f0cd05/element/f.615B31F35ECDE76F4064C3ADAC5820DC.d.A9CB80361584BA547273F47B2DFF317A.e.12369/value - {"text":"WebdriverYards5657"}
RESULT: {"text":"WebdriverYards5657"}
COMMAND: GET /session/d64c8a9d67ae429a1af470fcb6f0cd05/screenshot - {}
RESULT: {}
COMMAND: POST /session/d64c8a9d67ae429a1af470fcb6f0cd05/actions - {"actions":[{"id":"action68","type":"key","parameters":{},"actions":[{"type":"keyDown","value":"î€‡"},{"type":"pause","duration":10},{"type":"keyUp","value":"î€‡"}]}]}
RESULT: {"actions":[{"id":"action68","type":"key","parameters":{},"actions":[{"type":"keyDown","value":"î€‡"},{"type":"pause","duration":10},{"type":"keyUp","value":"î€‡"}]}]}
COMMAND: GET /session/d64c8a9d67ae429a1af470fcb6f0cd05/screenshot - {}
RESULT: {}
COMMAND: POST /session/d64c8a9d67ae429a1af470fcb6f0cd05/element - {"using":"xpath","value":"//input[@id=\"application-managesites-display-component---NewSite--addressDetailDetailsPartner-inner\"]"}
RESULT: {"using":"xpath","value":"//input[@id=\"application-managesites-display-component---NewSite--addressDetailDetailsPartner-inner\"]"}
COMMAND: POST /session/d64c8a9d67ae429a1af470fcb6f0cd05/elements - {"using":"xpath","value":"//input[@id=\"application-managesites-display-component---NewSite--addressDetailDetailsPartner-inner\"]"}
RESULT: {"using":"xpath","value":"//input[@id=\"application-managesites-display-component---NewSite--addressDetailDetailsPartner-inner\"]"}
COMMAND: POST /session/d64c8a9d67ae429a1af470fcb6f0cd05/execute/async - {"script":"<script> [1562 bytes]","args":[{"selector":{"controlType":"sap.m.Button","viewName":"etm.portal.ui.managesites.view.NewSmartSite","viewId":"application-managesites-display-component---NewSite","properties":{"text":"Commercial"},"interaction":{"idSuffix":"BDI-content"}},"wdio_ui5_key":"etmportal.ui.managesites.view.NewSmartSitesap.m.Button{\"text\":\"Commercial\"}"}]}
RESULT: {"script":"<script> [1562 bytes]","args":[{"selector":{"controlType":"sap.m.Button","viewName":"etm.portal.ui.managesites.view.NewSmartSite","viewId":"application-managesites-display-component---NewSite","properties":{"text":"Commercial"},"interaction":{"idSuffix":"BDI-content"}},"wdio_ui5_key":"etmportal.ui.managesites.view.NewSmartSitesap.m.Button{\"text\":\"Commercial\"}"}]}
RESULT: undefined
COMMAND: POST /session/d64c8a9d67ae429a1af470fcb6f0cd05/element - {"using":"xpath","value":"//*[@id=\"application-managesites-display-component---NewSite--ObjectPageLayout-anchBar-__section31-anchor\"]"}
RESULT: {"using":"xpath","value":"//*[@id=\"application-managesites-display-component---NewSite--ObjectPageLayout-anchBar-__section31-anchor\"]"}
COMMAND: POST /session/d64c8a9d67ae429a1af470fcb6f0cd05/element/f.615B31F35ECDE76F4064C3ADAC5820DC.d.A9CB80361584BA547273F47B2DFF317A.e.12553/click - {}
RESULT: {}
COMMAND: POST /session/d64c8a9d67ae429a1af470fcb6f0cd05/execute/async - {"script":"<script> [1562 bytes]","args":[{"selector":{"controlType":"sap.m.Button","viewName":"etm.portal.ui.managesites.view.NewSmartSite","viewId":"application-managesites-display-component---NewSite","i18NText":{"propertyName":"text","key":"save"},"interaction":{"idSuffix":"BDI-content"}},"wdio_ui5_key":"etmportal.ui.managesites.view.NewSmartSitesap.m.Button{\"propertyName\":\"text\",\"key\":\"save\"}"}]}
COMMAND: GET /session/d64c8a9d67ae429a1af470fcb6f0cd05/screenshot - {}
RESULT: {"script":"<script> [1562 bytes]","args":[{"selector":{"controlType":"sap.m.Button","viewName":"etm.portal.ui.managesites.view.NewSmartSite","viewId":"application-managesites-display-component---NewSite","i18NText":{"propertyName":"text","key":"save"},"interaction":{"idSuffix":"BDI-content"}},"wdio_ui5_key":"etmportal.ui.managesites.view.NewSmartSitesap.m.Button{\"propertyName\":\"text\",\"key\":\"save\"}"}]}
RESULT: undefined
COMMAND: POST /session/d64c8a9d67ae429a1af470fcb6f0cd05/element - {"using":"xpath","value":"//*[@id=\"__button64\"]"}
RESULT: {}
RESULT: {"using":"xpath","value":"//*[@id=\"__button64\"]"}
COMMAND: POST /session/d64c8a9d67ae429a1af470fcb6f0cd05/element/f.615B31F35ECDE76F4064C3ADAC5820DC.d.A9CB80361584BA547273F47B2DFF317A.e.12504/click - {}
RESULT: {}
COMMAND: GET /session/d64c8a9d67ae429a1af470fcb6f0cd05/screenshot - {}
RESULT: {}
COMMAND: POST /session/d64c8a9d67ae429a1af470fcb6f0cd05/execute/async - {"script":"<script> [1562 bytes]","args":[{"selector":{"id":"application-managesites-display-component---detailSite--addressDetailDetailsYardText"},"wdio_ui5_key":"applicationmanagesites-display-component---detailSite--addressDetailDetailsYardText"}]}
RESULT: {"script":"<script> [1562 bytes]","args":[{"selector":{"id":"application-managesites-display-component---detailSite--addressDetailDetailsYardText"},"wdio_ui5_key":"applicationmanagesites-display-component---detailSite--addressDetailDetailsYardText"}]}
RESULT: undefined
COMMAND: POST /session/d64c8a9d67ae429a1af470fcb6f0cd05/element - {"using":"xpath","value":"//header/div/div[2]/div[2]/span"}
RESULT: {"using":"xpath","value":"//header/div/div[2]/div[2]/span"}
COMMAND: GET /session/d64c8a9d67ae429a1af470fcb6f0cd05/element/f.615B31F35ECDE76F4064C3ADAC5820DC.d.A9CB80361584BA547273F47B2DFF317A.e.12757/text - {}
RESULT: {}
COMMAND: POST /session/d64c8a9d67ae429a1af470fcb6f0cd05/element - {"using":"xpath","value":"//header/div/div/div/div/div/div[2]/div/span"}
RESULT: {"using":"xpath","value":"//header/div/div/div/div/div/div[2]/div/span"}
COMMAND: GET /session/d64c8a9d67ae429a1af470fcb6f0cd05/element/f.615B31F35ECDE76F4064C3ADAC5820DC.d.A9CB80361584BA547273F47B2DFF317A.e.12758/text - {}
RESULT: {}
COMMAND: POST /session/d64c8a9d67ae429a1af470fcb6f0cd05/element - {"using":"css selector","value":"#shell-header-logo"}
RESULT: {"using":"css selector","value":"#shell-header-logo"}
COMMAND: POST /session/d64c8a9d67ae429a1af470fcb6f0cd05/element/f.615B31F35ECDE76F4064C3ADAC5820DC.d.A9CB80361584BA547273F47B2DFF317A.e.12106/click - {}
RESULT: {}
COMMAND: GET /session/d64c8a9d67ae429a1af470fcb6f0cd05/screenshot - {}
RESULT: {}
]]></system-out>
    </testcase>
    <testcase classname="chrome.136_0_7103_93.windows.E2E_-_Logistical_and_commercial_statuses" name="It should stock increase the resource" time="299.141">
      <system-out><![CDATA[
COMMAND: POST /session/d64c8a9d67ae429a1af470fcb6f0cd05/execute/async - {"script":"<script> [1562 bytes]","args":[{"selector":{"controlType":"sap.m.GenericTile","properties":{"header":"Manage Resources"}},"wdio_ui5_key":"sapm.GenericTile{\"header\":\"Manage Resources\"}"}]}
RESULT: {"script":"<script> [1562 bytes]","args":[{"selector":{"controlType":"sap.m.GenericTile","properties":{"header":"Manage Resources"}},"wdio_ui5_key":"sapm.GenericTile{\"header\":\"Manage Resources\"}"}]}
RESULT: undefined
COMMAND: POST /session/d64c8a9d67ae429a1af470fcb6f0cd05/element - {"using":"xpath","value":"//*[@id=\"__tile39\"]"}
RESULT: {"using":"xpath","value":"//*[@id=\"__tile39\"]"}
COMMAND: POST /session/d64c8a9d67ae429a1af470fcb6f0cd05/element/f.615B31F35ECDE76F4064C3ADAC5820DC.d.A9CB80361584BA547273F47B2DFF317A.e.12760/click - {}
RESULT: {}
COMMAND: GET /session/d64c8a9d67ae429a1af470fcb6f0cd05/screenshot - {}
COMMAND: POST /session/d64c8a9d67ae429a1af470fcb6f0cd05/elements - {"using":"xpath","value":"//span[text()='Error']"}
RESULT: {}
RESULT: {"using":"xpath","value":"//span[text()='Error']"}
COMMAND: POST /session/d64c8a9d67ae429a1af470fcb6f0cd05/element - {"using":"xpath","value":"//button[@data-kt=\"addNewRUOverflowToolbarButton\"]"}
RESULT: {"using":"xpath","value":"//button[@data-kt=\"addNewRUOverflowToolbarButton\"]"}
COMMAND: POST /session/d64c8a9d67ae429a1af470fcb6f0cd05/execute/sync - {"script":"<script> [8489 bytes]","args":[{"element-6066-11e4-a52e-4f735466cecf":"f.615B31F35ECDE76F4064C3ADAC5820DC.d.A9CB80361584BA547273F47B2DFF317A.e.12801","ELEMENT":"f.615B31F35ECDE76F4064C3ADAC5820DC.d.A9CB80361584BA547273F47B2DFF317A.e.12801"}]}
RESULT: {"script":"<script> [8489 bytes]","args":[{"element-6066-11e4-a52e-4f735466cecf":"f.615B31F35ECDE76F4064C3ADAC5820DC.d.A9CB80361584BA547273F47B2DFF317A.e.12801","ELEMENT":"f.615B31F35ECDE76F4064C3ADAC5820DC.d.A9CB80361584BA547273F47B2DFF317A.e.12801"}]}
COMMAND: POST /session/d64c8a9d67ae429a1af470fcb6f0cd05/element/f.615B31F35ECDE76F4064C3ADAC5820DC.d.A9CB80361584BA547273F47B2DFF317A.e.12801/click - {}
COMMAND: GET /session/d64c8a9d67ae429a1af470fcb6f0cd05/screenshot - {}
RESULT: {}
COMMAND: POST /session/d64c8a9d67ae429a1af470fcb6f0cd05/execute/async - {"script":"<script> [1562 bytes]","args":[{"selector":{"id":"application-manageresources-display-component---newResourceUnit--TYPE-arrow"},"wdio_ui5_key":"applicationmanageresources-display-component---newResourceUnit--TYPE-arrow"}]}
COMMAND: GET /session/d64c8a9d67ae429a1af470fcb6f0cd05/screenshot - {}
RESULT: {}
RESULT: {"script":"<script> [1562 bytes]","args":[{"selector":{"id":"application-manageresources-display-component---newResourceUnit--TYPE-arrow"},"wdio_ui5_key":"applicationmanageresources-display-component---newResourceUnit--TYPE-arrow"}]}
RESULT: undefined
COMMAND: POST /session/d64c8a9d67ae429a1af470fcb6f0cd05/element - {"using":"xpath","value":"//*[@id=\"application-manageresources-display-component---newResourceUnit--TYPE-arrow\"]"}
RESULT: {}
RESULT: {"using":"xpath","value":"//*[@id=\"application-manageresources-display-component---newResourceUnit--TYPE-arrow\"]"}
COMMAND: POST /session/d64c8a9d67ae429a1af470fcb6f0cd05/element/f.615B31F35ECDE76F4064C3ADAC5820DC.d.A9CB80361584BA547273F47B2DFF317A.e.13112/click - {}
RESULT: {}
COMMAND: POST /session/d64c8a9d67ae429a1af470fcb6f0cd05/execute/async - {"script":"<script> [1562 bytes]","args":[{"selector":{"controlType":"sap.m.StandardListItem","viewName":"reusables.view.manageresources.NewResourceUnit","viewId":"application-manageresources-display-component---newResourceUnit","properties":{"title":"Material"},"searchOpenDialogs":true,"interaction":{"idSuffix":"titleText"}},"wdio_ui5_key":"reusablesview.manageresources.NewResourceUnitsap.m.StandardListItem{\"title\":\"Material\"}"}]}
COMMAND: GET /session/d64c8a9d67ae429a1af470fcb6f0cd05/screenshot - {}
RESULT: {"script":"<script> [1562 bytes]","args":[{"selector":{"controlType":"sap.m.StandardListItem","viewName":"reusables.view.manageresources.NewResourceUnit","viewId":"application-manageresources-display-component---newResourceUnit","properties":{"title":"Material"},"searchOpenDialogs":true,"interaction":{"idSuffix":"titleText"}},"wdio_ui5_key":"reusablesview.manageresources.NewResourceUnitsap.m.StandardListItem{\"title\":\"Material\"}"}]}
RESULT: undefined
COMMAND: POST /session/d64c8a9d67ae429a1af470fcb6f0cd05/element - {"using":"xpath","value":"//*[@id=\"__item1853\"]"}
RESULT: {}
RESULT: {"using":"xpath","value":"//*[@id=\"__item1853\"]"}
COMMAND: POST /session/d64c8a9d67ae429a1af470fcb6f0cd05/element/f.615B31F35ECDE76F4064C3ADAC5820DC.d.A9CB80361584BA547273F47B2DFF317A.e.13115/click - {}
RESULT: {}
COMMAND: POST /session/d64c8a9d67ae429a1af470fcb6f0cd05/execute/async - {"script":"<script> [1562 bytes]","args":[{"selector":{"id":"application-manageresources-display-component---newResourceUnit--SHORT_TEXT","interaction":{"idSuffix":"inner"}},"wdio_ui5_key":"applicationmanageresources-display-component---newResourceUnit--SHORT_TEXT"}]}
COMMAND: GET /session/d64c8a9d67ae429a1af470fcb6f0cd05/screenshot - {}
RESULT: {"script":"<script> [1562 bytes]","args":[{"selector":{"id":"application-manageresources-display-component---newResourceUnit--SHORT_TEXT","interaction":{"idSuffix":"inner"}},"wdio_ui5_key":"applicationmanageresources-display-component---newResourceUnit--SHORT_TEXT"}]}
RESULT: undefined
COMMAND: POST /session/d64c8a9d67ae429a1af470fcb6f0cd05/execute/async - {"script":"<script> [776 bytes]","args":[{"enterText":"WebdriverMatTestmunkv","selector":{"id":"application-manageresources-display-component---newResourceUnit--SHORT_TEXT","interaction":{"idSuffix":"inner"}},"clearTextFirst":true,"interactionType":"ENTER_TEXT"}]}
RESULT: {}
RESULT: {"script":"<script> [776 bytes]","args":[{"enterText":"WebdriverMatTestmunkv","selector":{"id":"application-manageresources-display-component---newResourceUnit--SHORT_TEXT","interaction":{"idSuffix":"inner"}},"clearTextFirst":true,"interactionType":"ENTER_TEXT"}]}
COMMAND: POST /session/d64c8a9d67ae429a1af470fcb6f0cd05/execute/async - {"script":"<script> [1562 bytes]","args":[{"selector":{"id":"application-manageresources-display-component---newResourceUnit--BASE_UNIT_OF_MEASURE-arrow"},"wdio_ui5_key":"applicationmanageresources-display-component---newResourceUnit--BASE_UNIT_OF_MEASURE-arrow"}]}
RESULT: {"script":"<script> [1562 bytes]","args":[{"selector":{"id":"application-manageresources-display-component---newResourceUnit--BASE_UNIT_OF_MEASURE-arrow"},"wdio_ui5_key":"applicationmanageresources-display-component---newResourceUnit--BASE_UNIT_OF_MEASURE-arrow"}]}
RESULT: undefined
COMMAND: POST /session/d64c8a9d67ae429a1af470fcb6f0cd05/element - {"using":"xpath","value":"//*[@id=\"application-manageresources-display-component---newResourceUnit--BASE_UNIT_OF_MEASURE-arrow\"]"}
RESULT: {"using":"xpath","value":"//*[@id=\"application-manageresources-display-component---newResourceUnit--BASE_UNIT_OF_MEASURE-arrow\"]"}
COMMAND: POST /session/d64c8a9d67ae429a1af470fcb6f0cd05/element/f.615B31F35ECDE76F4064C3ADAC5820DC.d.A9CB80361584BA547273F47B2DFF317A.e.13235/click - {}
RESULT: {}
COMMAND: POST /session/d64c8a9d67ae429a1af470fcb6f0cd05/execute/async - {"script":"<script> [1562 bytes]","args":[{"selector":{"controlType":"sap.m.StandardListItem","viewName":"reusables.view.manageresources.NewResourceUnit","viewId":"application-manageresources-display-component---newResourceUnit","properties":{"title":"Piece"},"searchOpenDialogs":true,"interaction":{"idSuffix":"titleText"}},"wdio_ui5_key":"reusablesview.manageresources.NewResourceUnitsap.m.StandardListItem{\"title\":\"Piece\"}"}]}
COMMAND: GET /session/d64c8a9d67ae429a1af470fcb6f0cd05/screenshot - {}
RESULT: {"script":"<script> [1562 bytes]","args":[{"selector":{"controlType":"sap.m.StandardListItem","viewName":"reusables.view.manageresources.NewResourceUnit","viewId":"application-manageresources-display-component---newResourceUnit","properties":{"title":"Piece"},"searchOpenDialogs":true,"interaction":{"idSuffix":"titleText"}},"wdio_ui5_key":"reusablesview.manageresources.NewResourceUnitsap.m.StandardListItem{\"title\":\"Piece\"}"}]}
RESULT: undefined
COMMAND: POST /session/d64c8a9d67ae429a1af470fcb6f0cd05/element - {"using":"xpath","value":"//*[@id=\"__item1906\"]"}
RESULT: {}
RESULT: {"using":"xpath","value":"//*[@id=\"__item1906\"]"}
COMMAND: POST /session/d64c8a9d67ae429a1af470fcb6f0cd05/element/f.615B31F35ECDE76F4064C3ADAC5820DC.d.A9CB80361584BA547273F47B2DFF317A.e.13237/click - {}
RESULT: {}
COMMAND: POST /session/d64c8a9d67ae429a1af470fcb6f0cd05/element - {"using":"xpath","value":"//input[contains(@id ,\"application-manageresources-display-component---newResourceUnit--SHORT_TEXT-inner\")]"}
COMMAND: GET /session/d64c8a9d67ae429a1af470fcb6f0cd05/screenshot - {}
RESULT: {"using":"xpath","value":"//input[contains(@id ,\"application-manageresources-display-component---newResourceUnit--SHORT_TEXT-inner\")]"}
COMMAND: GET /session/d64c8a9d67ae429a1af470fcb6f0cd05/element/f.615B31F35ECDE76F4064C3ADAC5820DC.d.A9CB80361584BA547273F47B2DFF317A.e.13132/property/value - {}
RESULT: {}
RESULT: {}
COMMAND: POST /session/d64c8a9d67ae429a1af470fcb6f0cd05/execute/async - {"script":"<script> [1562 bytes]","args":[{"selector":{"id":"application-manageresources-display-component---newResourceUnit--WEIGHT_UNIT-arrow"},"wdio_ui5_key":"applicationmanageresources-display-component---newResourceUnit--WEIGHT_UNIT-arrow"}]}
COMMAND: GET /session/d64c8a9d67ae429a1af470fcb6f0cd05/screenshot - {}
RESULT: {"script":"<script> [1562 bytes]","args":[{"selector":{"id":"application-manageresources-display-component---newResourceUnit--WEIGHT_UNIT-arrow"},"wdio_ui5_key":"applicationmanageresources-display-component---newResourceUnit--WEIGHT_UNIT-arrow"}]}
RESULT: undefined
COMMAND: POST /session/d64c8a9d67ae429a1af470fcb6f0cd05/element - {"using":"xpath","value":"//*[@id=\"application-manageresources-display-component---newResourceUnit--WEIGHT_UNIT-arrow\"]"}
RESULT: {}
RESULT: {"using":"xpath","value":"//*[@id=\"application-manageresources-display-component---newResourceUnit--WEIGHT_UNIT-arrow\"]"}
COMMAND: POST /session/d64c8a9d67ae429a1af470fcb6f0cd05/element/f.615B31F35ECDE76F4064C3ADAC5820DC.d.A9CB80361584BA547273F47B2DFF317A.e.13238/click - {}
RESULT: {}
COMMAND: POST /session/d64c8a9d67ae429a1af470fcb6f0cd05/execute/async - {"script":"<script> [1562 bytes]","args":[{"selector":{"controlType":"sap.m.StandardListItem","viewName":"reusables.view.manageresources.NewResourceUnit","viewId":"application-manageresources-display-component---newResourceUnit","properties":{"title":"Gram"},"searchOpenDialogs":true,"interaction":{"idSuffix":"content"}},"wdio_ui5_key":"reusablesview.manageresources.NewResourceUnitsap.m.StandardListItem{\"title\":\"Gram\"}"}]}
COMMAND: GET /session/d64c8a9d67ae429a1af470fcb6f0cd05/screenshot - {}
RESULT: {"script":"<script> [1562 bytes]","args":[{"selector":{"controlType":"sap.m.StandardListItem","viewName":"reusables.view.manageresources.NewResourceUnit","viewId":"application-manageresources-display-component---newResourceUnit","properties":{"title":"Gram"},"searchOpenDialogs":true,"interaction":{"idSuffix":"content"}},"wdio_ui5_key":"reusablesview.manageresources.NewResourceUnitsap.m.StandardListItem{\"title\":\"Gram\"}"}]}
RESULT: undefined
COMMAND: POST /session/d64c8a9d67ae429a1af470fcb6f0cd05/element - {"using":"xpath","value":"//*[@id=\"__item1971\"]"}
RESULT: {}
RESULT: {"using":"xpath","value":"//*[@id=\"__item1971\"]"}
COMMAND: POST /session/d64c8a9d67ae429a1af470fcb6f0cd05/element/f.615B31F35ECDE76F4064C3ADAC5820DC.d.A9CB80361584BA547273F47B2DFF317A.e.13240/click - {}
RESULT: {}
COMMAND: POST /session/d64c8a9d67ae429a1af470fcb6f0cd05/execute/async - {"script":"<script> [1562 bytes]","args":[{"selector":{"id":"application-manageresources-display-component---newResourceUnit--newRRUPage-OPHeaderContent-collapseBtn-img"},"wdio_ui5_key":"applicationmanageresources-display-component---newResourceUnit--newRRUPage-OPHeaderContent-collapseBtn-img"}]}
COMMAND: GET /session/d64c8a9d67ae429a1af470fcb6f0cd05/screenshot - {}
RESULT: {"script":"<script> [1562 bytes]","args":[{"selector":{"id":"application-manageresources-display-component---newResourceUnit--newRRUPage-OPHeaderContent-collapseBtn-img"},"wdio_ui5_key":"applicationmanageresources-display-component---newResourceUnit--newRRUPage-OPHeaderContent-collapseBtn-img"}]}
RESULT: undefined
COMMAND: POST /session/d64c8a9d67ae429a1af470fcb6f0cd05/element - {"using":"xpath","value":"//*[@id=\"application-manageresources-display-component---newResourceUnit--newRRUPage-OPHeaderContent-collapseBtn-img\"]"}
RESULT: {}
RESULT: {"using":"xpath","value":"//*[@id=\"application-manageresources-display-component---newResourceUnit--newRRUPage-OPHeaderContent-collapseBtn-img\"]"}
COMMAND: POST /session/d64c8a9d67ae429a1af470fcb6f0cd05/element/f.615B31F35ECDE76F4064C3ADAC5820DC.d.A9CB80361584BA547273F47B2DFF317A.e.13122/click - {}
RESULT: {}
COMMAND: GET /session/d64c8a9d67ae429a1af470fcb6f0cd05/screenshot - {}
RESULT: {}
COMMAND: POST /session/d64c8a9d67ae429a1af470fcb6f0cd05/element - {"using":"xpath","value":"(//span[contains(@id ,\"application-manageresources-display-component---newResourceUnit--DIMENSION_UNIT-arrow\")])[1]"}
RESULT: {"using":"xpath","value":"(//span[contains(@id ,\"application-manageresources-display-component---newResourceUnit--DIMENSION_UNIT-arrow\")])[1]"}
COMMAND: POST /session/d64c8a9d67ae429a1af470fcb6f0cd05/element/f.615B31F35ECDE76F4064C3ADAC5820DC.d.A9CB80361584BA547273F47B2DFF317A.e.13244/click - {}
RESULT: {}
COMMAND: GET /session/d64c8a9d67ae429a1af470fcb6f0cd05/screenshot - {}
RESULT: {}
COMMAND: POST /session/d64c8a9d67ae429a1af470fcb6f0cd05/execute/async - {"script":"<script> [1562 bytes]","args":[{"selector":{"controlType":"sap.m.StandardListItem","viewName":"reusables.view.manageresources.NewResourceUnit","viewId":"application-manageresources-display-component---newResourceUnit","properties":{"title":"Centimeter"},"searchOpenDialogs":true,"interaction":{"idSuffix":"titleText"}},"wdio_ui5_key":"reusablesview.manageresources.NewResourceUnitsap.m.StandardListItem{\"title\":\"Centimeter\"}"}]}
RESULT: {"script":"<script> [1562 bytes]","args":[{"selector":{"controlType":"sap.m.StandardListItem","viewName":"reusables.view.manageresources.NewResourceUnit","viewId":"application-manageresources-display-component---newResourceUnit","properties":{"title":"Centimeter"},"searchOpenDialogs":true,"interaction":{"idSuffix":"titleText"}},"wdio_ui5_key":"reusablesview.manageresources.NewResourceUnitsap.m.StandardListItem{\"title\":\"Centimeter\"}"}]}
RESULT: undefined
COMMAND: POST /session/d64c8a9d67ae429a1af470fcb6f0cd05/element - {"using":"xpath","value":"//*[@id=\"__item1974\"]"}
RESULT: {"using":"xpath","value":"//*[@id=\"__item1974\"]"}
COMMAND: POST /session/d64c8a9d67ae429a1af470fcb6f0cd05/element/f.615B31F35ECDE76F4064C3ADAC5820DC.d.A9CB80361584BA547273F47B2DFF317A.e.13248/click - {}
RESULT: {}
COMMAND: POST /session/d64c8a9d67ae429a1af470fcb6f0cd05/execute/async - {"script":"<script> [1562 bytes]","args":[{"selector":{"id":"application-manageresources-display-component---newResourceUnit--newRRUPage-anchBar-application-manageresources-display-component---newResourceUnit--reference-anchor","interaction":{"idSuffix":"BDI-content"}},"wdio_ui5_key":"applicationmanageresources-display-component---newResourceUnit--newRRUPage-anchBar-application-manageresources-display-component---newResourceUnit--reference-anchor"}]}
COMMAND: GET /session/d64c8a9d67ae429a1af470fcb6f0cd05/screenshot - {}
RESULT: {"script":"<script> [1562 bytes]","args":[{"selector":{"id":"application-manageresources-display-component---newResourceUnit--newRRUPage-anchBar-application-manageresources-display-component---newResourceUnit--reference-anchor","interaction":{"idSuffix":"BDI-content"}},"wdio_ui5_key":"applicationmanageresources-display-component---newResourceUnit--newRRUPage-anchBar-application-manageresources-display-component---newResourceUnit--reference-anchor"}]}
RESULT: undefined
COMMAND: POST /session/d64c8a9d67ae429a1af470fcb6f0cd05/element - {"using":"xpath","value":"//*[@id=\"application-manageresources-display-component---newResourceUnit--newRRUPage-anchBar-application-manageresources-display-component---newResourceUnit--reference-anchor\"]"}
RESULT: {}
RESULT: {"using":"xpath","value":"//*[@id=\"application-manageresources-display-component---newResourceUnit--newRRUPage-anchBar-application-manageresources-display-component---newResourceUnit--reference-anchor\"]"}
COMMAND: POST /session/d64c8a9d67ae429a1af470fcb6f0cd05/element/f.615B31F35ECDE76F4064C3ADAC5820DC.d.A9CB80361584BA547273F47B2DFF317A.e.13250/click - {}
RESULT: {}
COMMAND: POST /session/d64c8a9d67ae429a1af470fcb6f0cd05/execute/async - {"script":"<script> [1562 bytes]","args":[{"selector":{"id":"application-manageresources-display-component---newResourceUnit--PLANNING_GROUP-arrow"},"wdio_ui5_key":"applicationmanageresources-display-component---newResourceUnit--PLANNING_GROUP-arrow"}]}
COMMAND: GET /session/d64c8a9d67ae429a1af470fcb6f0cd05/screenshot - {}
RESULT: {"script":"<script> [1562 bytes]","args":[{"selector":{"id":"application-manageresources-display-component---newResourceUnit--PLANNING_GROUP-arrow"},"wdio_ui5_key":"applicationmanageresources-display-component---newResourceUnit--PLANNING_GROUP-arrow"}]}
RESULT: undefined
COMMAND: POST /session/d64c8a9d67ae429a1af470fcb6f0cd05/element - {"using":"xpath","value":"//*[@id=\"application-manageresources-display-component---newResourceUnit--PLANNING_GROUP-arrow\"]"}
RESULT: {}
RESULT: {"using":"xpath","value":"//*[@id=\"application-manageresources-display-component---newResourceUnit--PLANNING_GROUP-arrow\"]"}
COMMAND: POST /session/d64c8a9d67ae429a1af470fcb6f0cd05/element/f.615B31F35ECDE76F4064C3ADAC5820DC.d.A9CB80361584BA547273F47B2DFF317A.e.13254/click - {}
RESULT: {}
COMMAND: POST /session/d64c8a9d67ae429a1af470fcb6f0cd05/execute/async - {"script":"<script> [1562 bytes]","args":[{"selector":{"controlType":"sap.m.StandardListItem","viewName":"reusables.view.manageresources.NewResourceUnit","viewId":"application-manageresources-display-component---newResourceUnit","properties":{"title":"Heavy Equi"},"searchOpenDialogs":true,"interaction":{"idSuffix":"content"}},"wdio_ui5_key":"reusablesview.manageresources.NewResourceUnitsap.m.StandardListItem{\"title\":\"Heavy Equi\"}"}]}
COMMAND: GET /session/d64c8a9d67ae429a1af470fcb6f0cd05/screenshot - {}
RESULT: {"script":"<script> [1562 bytes]","args":[{"selector":{"controlType":"sap.m.StandardListItem","viewName":"reusables.view.manageresources.NewResourceUnit","viewId":"application-manageresources-display-component---newResourceUnit","properties":{"title":"Heavy Equi"},"searchOpenDialogs":true,"interaction":{"idSuffix":"content"}},"wdio_ui5_key":"reusablesview.manageresources.NewResourceUnitsap.m.StandardListItem{\"title\":\"Heavy Equi\"}"}]}
RESULT: undefined
COMMAND: POST /session/d64c8a9d67ae429a1af470fcb6f0cd05/element - {"using":"xpath","value":"//*[@id=\"__item1982\"]"}
RESULT: {}
RESULT: {"using":"xpath","value":"//*[@id=\"__item1982\"]"}
COMMAND: POST /session/d64c8a9d67ae429a1af470fcb6f0cd05/element/f.615B31F35ECDE76F4064C3ADAC5820DC.d.A9CB80361584BA547273F47B2DFF317A.e.13256/click - {}
RESULT: {}
COMMAND: GET /session/d64c8a9d67ae429a1af470fcb6f0cd05/screenshot - {}
RESULT: {}
COMMAND: POST /session/d64c8a9d67ae429a1af470fcb6f0cd05/execute/async - {"script":"<script> [1562 bytes]","args":[{"selector":{"id":"application-manageresources-display-component---newResourceUnit--PLANNING_INDICATOR-arrow"},"wdio_ui5_key":"applicationmanageresources-display-component---newResourceUnit--PLANNING_INDICATOR-arrow"}]}
RESULT: {"script":"<script> [1562 bytes]","args":[{"selector":{"id":"application-manageresources-display-component---newResourceUnit--PLANNING_INDICATOR-arrow"},"wdio_ui5_key":"applicationmanageresources-display-component---newResourceUnit--PLANNING_INDICATOR-arrow"}]}
RESULT: undefined
COMMAND: POST /session/d64c8a9d67ae429a1af470fcb6f0cd05/element - {"using":"xpath","value":"//*[@id=\"application-manageresources-display-component---newResourceUnit--PLANNING_INDICATOR-arrow\"]"}
RESULT: {"using":"xpath","value":"//*[@id=\"application-manageresources-display-component---newResourceUnit--PLANNING_INDICATOR-arrow\"]"}
COMMAND: POST /session/d64c8a9d67ae429a1af470fcb6f0cd05/element/f.615B31F35ECDE76F4064C3ADAC5820DC.d.A9CB80361584BA547273F47B2DFF317A.e.13257/click - {}
RESULT: {}
COMMAND: POST /session/d64c8a9d67ae429a1af470fcb6f0cd05/execute/async - {"script":"<script> [1562 bytes]","args":[{"selector":{"controlType":"sap.m.StandardListItem","viewName":"reusables.view.manageresources.NewResourceUnit","viewId":"application-manageresources-display-component---newResourceUnit","properties":{"title":"10 - infinite"},"searchOpenDialogs":true,"interaction":{"idSuffix":"content"}},"wdio_ui5_key":"reusablesview.manageresources.NewResourceUnitsap.m.StandardListItem{\"title\":\"10 - infinite\"}"}]}
COMMAND: GET /session/d64c8a9d67ae429a1af470fcb6f0cd05/screenshot - {}
RESULT: {"script":"<script> [1562 bytes]","args":[{"selector":{"controlType":"sap.m.StandardListItem","viewName":"reusables.view.manageresources.NewResourceUnit","viewId":"application-manageresources-display-component---newResourceUnit","properties":{"title":"10 - infinite"},"searchOpenDialogs":true,"interaction":{"idSuffix":"content"}},"wdio_ui5_key":"reusablesview.manageresources.NewResourceUnitsap.m.StandardListItem{\"title\":\"10 - infinite\"}"}]}
RESULT: undefined
COMMAND: POST /session/d64c8a9d67ae429a1af470fcb6f0cd05/element - {"using":"xpath","value":"//*[@id=\"__item1992\"]"}
RESULT: {}
RESULT: {"using":"xpath","value":"//*[@id=\"__item1992\"]"}
COMMAND: POST /session/d64c8a9d67ae429a1af470fcb6f0cd05/element/f.615B31F35ECDE76F4064C3ADAC5820DC.d.A9CB80361584BA547273F47B2DFF317A.e.13259/click - {}
RESULT: {}
COMMAND: GET /session/d64c8a9d67ae429a1af470fcb6f0cd05/screenshot - {}
RESULT: {}
COMMAND: POST /session/d64c8a9d67ae429a1af470fcb6f0cd05/element - {"using":"xpath","value":"//bdi[contains(text(), \"Time Segment\")]"}
RESULT: {"using":"xpath","value":"//bdi[contains(text(), \"Time Segment\")]"}
COMMAND: GET /session/d64c8a9d67ae429a1af470fcb6f0cd05/element/f.615B31F35ECDE76F4064C3ADAC5820DC.d.A9CB80361584BA547273F47B2DFF317A.e.13260/rect - {}
RESULT: {}
COMMAND: GET /session/d64c8a9d67ae429a1af470fcb6f0cd05/window/rect - {}
RESULT: {}
COMMAND: POST /session/d64c8a9d67ae429a1af470fcb6f0cd05/execute/sync - {"script":"<script> [92 bytes]","args":[]}
RESULT: {"script":"<script> [92 bytes]","args":[]}
COMMAND: POST /session/d64c8a9d67ae429a1af470fcb6f0cd05/actions - {"actions":[{"id":"action69","type":"wheel","parameters":{},"actions":[{"type":"scroll","x":-1820,"y":-21,"deltaX":0,"deltaY":0,"duration":0,"origin":{"element-6066-11e4-a52e-4f735466cecf":"f.615B31F35ECDE76F4064C3ADAC5820DC.d.A9CB80361584BA547273F47B2DFF317A.e.13260"}}]}]}
COMMAND: GET /session/d64c8a9d67ae429a1af470fcb6f0cd05/screenshot - {}
RESULT: {}
COMMAND: POST /session/d64c8a9d67ae429a1af470fcb6f0cd05/execute/sync - {"script":"<script> [79 bytes]","args":[{"element-6066-11e4-a52e-4f735466cecf":"f.615B31F35ECDE76F4064C3ADAC5820DC.d.A9CB80361584BA547273F47B2DFF317A.e.13260","ELEMENT":"f.615B31F35ECDE76F4064C3ADAC5820DC.d.A9CB80361584BA547273F47B2DFF317A.e.13260"},{"block":"start","inline":"nearest"}]}
RESULT: {"script":"<script> [79 bytes]","args":[{"element-6066-11e4-a52e-4f735466cecf":"f.615B31F35ECDE76F4064C3ADAC5820DC.d.A9CB80361584BA547273F47B2DFF317A.e.13260","ELEMENT":"f.615B31F35ECDE76F4064C3ADAC5820DC.d.A9CB80361584BA547273F47B2DFF317A.e.13260"},{"block":"start","inline":"nearest"}]}
COMMAND: GET /session/d64c8a9d67ae429a1af470fcb6f0cd05/screenshot - {}
RESULT: {}
COMMAND: POST /session/d64c8a9d67ae429a1af470fcb6f0cd05/element - {"using":"xpath","value":"//span[@id=\"application-manageresources-display-component---newResourceUnit--btnAddTimeSegment-img\"]"}
RESULT: {"using":"xpath","value":"//span[@id=\"application-manageresources-display-component---newResourceUnit--btnAddTimeSegment-img\"]"}
COMMAND: POST /session/d64c8a9d67ae429a1af470fcb6f0cd05/execute/sync - {"script":"<script> [8489 bytes]","args":[{"element-6066-11e4-a52e-4f735466cecf":"f.615B31F35ECDE76F4064C3ADAC5820DC.d.A9CB80361584BA547273F47B2DFF317A.e.13263","ELEMENT":"f.615B31F35ECDE76F4064C3ADAC5820DC.d.A9CB80361584BA547273F47B2DFF317A.e.13263"}]}
RESULT: {"script":"<script> [8489 bytes]","args":[{"element-6066-11e4-a52e-4f735466cecf":"f.615B31F35ECDE76F4064C3ADAC5820DC.d.A9CB80361584BA547273F47B2DFF317A.e.13263","ELEMENT":"f.615B31F35ECDE76F4064C3ADAC5820DC.d.A9CB80361584BA547273F47B2DFF317A.e.13263"}]}
COMMAND: POST /session/d64c8a9d67ae429a1af470fcb6f0cd05/element/f.615B31F35ECDE76F4064C3ADAC5820DC.d.A9CB80361584BA547273F47B2DFF317A.e.13263/click - {}
COMMAND: GET /session/d64c8a9d67ae429a1af470fcb6f0cd05/screenshot - {}
RESULT: {}
COMMAND: GET /session/d64c8a9d67ae429a1af470fcb6f0cd05/screenshot - {}
COMMAND: POST /session/d64c8a9d67ae429a1af470fcb6f0cd05/element - {"using":"xpath","value":"//input[@id=\"application-manageresources-display-component---newResourceUnit--idRuTSAdmin-application-manageresources-display-component---newResourceUnit--RUTimeSegment-0-inner\"]"}
RESULT: {}
RESULT: {}
RESULT: {"using":"xpath","value":"//input[@id=\"application-manageresources-display-component---newResourceUnit--idRuTSAdmin-application-manageresources-display-component---newResourceUnit--RUTimeSegment-0-inner\"]"}
COMMAND: POST /session/d64c8a9d67ae429a1af470fcb6f0cd05/element/f.615B31F35ECDE76F4064C3ADAC5820DC.d.A9CB80361584BA547273F47B2DFF317A.e.13266/clear - {}
RESULT: {}
COMMAND: POST /session/d64c8a9d67ae429a1af470fcb6f0cd05/element/f.615B31F35ECDE76F4064C3ADAC5820DC.d.A9CB80361584BA547273F47B2DFF317A.e.13266/value - {"text":"WebdriverYards5657"}
COMMAND: GET /session/d64c8a9d67ae429a1af470fcb6f0cd05/screenshot - {}
RESULT: {"text":"WebdriverYards5657"}
COMMAND: GET /session/d64c8a9d67ae429a1af470fcb6f0cd05/screenshot - {}
RESULT: {}
RESULT: {}
COMMAND: POST /session/d64c8a9d67ae429a1af470fcb6f0cd05/actions - {"actions":[{"id":"action70","type":"key","parameters":{},"actions":[{"type":"keyDown","value":"î€‡"},{"type":"pause","duration":10},{"type":"keyUp","value":"î€‡"}]}]}
RESULT: {"actions":[{"id":"action70","type":"key","parameters":{},"actions":[{"type":"keyDown","value":"î€‡"},{"type":"pause","duration":10},{"type":"keyUp","value":"î€‡"}]}]}
COMMAND: GET /session/d64c8a9d67ae429a1af470fcb6f0cd05/screenshot - {}
RESULT: {}
COMMAND: POST /session/d64c8a9d67ae429a1af470fcb6f0cd05/execute/async - {"script":"<script> [1562 bytes]","args":[{"selector":{"controlType":"sap.m.Button","viewName":"reusables.view.manageresources.NewResourceUnit","viewId":"application-manageresources-display-component---newResourceUnit","i18NText":{"propertyName":"tooltip","key":"save"},"interaction":{"idSuffix":"BDI-content"}},"wdio_ui5_key":"reusablesview.manageresources.NewResourceUnitsap.m.Button{\"propertyName\":\"tooltip\",\"key\":\"save\"}"}]}
RESULT: {"script":"<script> [1562 bytes]","args":[{"selector":{"controlType":"sap.m.Button","viewName":"reusables.view.manageresources.NewResourceUnit","viewId":"application-manageresources-display-component---newResourceUnit","i18NText":{"propertyName":"tooltip","key":"save"},"interaction":{"idSuffix":"BDI-content"}},"wdio_ui5_key":"reusablesview.manageresources.NewResourceUnitsap.m.Button{\"propertyName\":\"tooltip\",\"key\":\"save\"}"}]}
RESULT: undefined
COMMAND: POST /session/d64c8a9d67ae429a1af470fcb6f0cd05/element - {"using":"xpath","value":"//*[@id=\"application-manageresources-display-component---newResourceUnit--createRuButton\"]"}
RESULT: {"using":"xpath","value":"//*[@id=\"application-manageresources-display-component---newResourceUnit--createRuButton\"]"}
COMMAND: POST /session/d64c8a9d67ae429a1af470fcb6f0cd05/element/f.615B31F35ECDE76F4064C3ADAC5820DC.d.A9CB80361584BA547273F47B2DFF317A.e.13128/click - {}
RESULT: {}
COMMAND: GET /session/d64c8a9d67ae429a1af470fcb6f0cd05/screenshot - {}
RESULT: {}
COMMAND: POST /session/d64c8a9d67ae429a1af470fcb6f0cd05/execute/async - {"script":"<script> [1562 bytes]","args":[{"selector":{"controlType":"sap.m.Title","properties":{"text":"Success"},"searchOpenDialogs":true},"wdio_ui5_key":"sapm.Title{\"text\":\"Success\"}"}]}
RESULT: {"script":"<script> [1562 bytes]","args":[{"selector":{"controlType":"sap.m.Title","properties":{"text":"Success"},"searchOpenDialogs":true},"wdio_ui5_key":"sapm.Title{\"text\":\"Success\"}"}]}
RESULT: undefined
COMMAND: POST /session/d64c8a9d67ae429a1af470fcb6f0cd05/execute/async - {"script":"<script> [6424 bytes]","args":[{"element-6066-11e4-a52e-4f735466cecf":"f.615B31F35ECDE76F4064C3ADAC5820DC.d.A9CB80361584BA547273F47B2DFF317A.e.13284"},"getText",[]]}
RESULT: {"script":"<script> [6424 bytes]","args":[{"element-6066-11e4-a52e-4f735466cecf":"f.615B31F35ECDE76F4064C3ADAC5820DC.d.A9CB80361584BA547273F47B2DFF317A.e.13284"},"getText",[]]}
COMMAND: POST /session/d64c8a9d67ae429a1af470fcb6f0cd05/element - {"using":"xpath","value":"//*[contains(@id, '__text') and (contains(text(), 'successfully created') or contains(., 'successfully created'))]"}
RESULT: {"using":"xpath","value":"//*[contains(@id, '__text') and (contains(text(), 'successfully created') or contains(., 'successfully created'))]"}
COMMAND: GET /session/d64c8a9d67ae429a1af470fcb6f0cd05/element/f.615B31F35ECDE76F4064C3ADAC5820DC.d.A9CB80361584BA547273F47B2DFF317A.e.13283/text - {}
RESULT: {}
COMMAND: POST /session/d64c8a9d67ae429a1af470fcb6f0cd05/execute/async - {"script":"<script> [1562 bytes]","args":[{"selector":{"controlType":"sap.m.Button","properties":{"text":"Close"},"searchOpenDialogs":true,"interaction":{"idSuffix":"BDI-content"}},"wdio_ui5_key":"sapm.Button{\"text\":\"Close\"}"}]}
RESULT: {"script":"<script> [1562 bytes]","args":[{"selector":{"controlType":"sap.m.Button","properties":{"text":"Close"},"searchOpenDialogs":true,"interaction":{"idSuffix":"BDI-content"}},"wdio_ui5_key":"sapm.Button{\"text\":\"Close\"}"}]}
RESULT: undefined
COMMAND: POST /session/d64c8a9d67ae429a1af470fcb6f0cd05/element - {"using":"xpath","value":"//*[@id=\"__mbox-btn-0\"]"}
RESULT: {"using":"xpath","value":"//*[@id=\"__mbox-btn-0\"]"}
COMMAND: POST /session/d64c8a9d67ae429a1af470fcb6f0cd05/element/f.615B31F35ECDE76F4064C3ADAC5820DC.d.A9CB80361584BA547273F47B2DFF317A.e.13281/click - {}
RESULT: {}
COMMAND: GET /session/d64c8a9d67ae429a1af470fcb6f0cd05/screenshot - {}
RESULT: {}
COMMAND: POST /session/d64c8a9d67ae429a1af470fcb6f0cd05/execute/async - {"script":"<script> [1562 bytes]","args":[{"selector":{"controlType":"sap.ui.core.Icon","viewName":"etm.portal.ui.manageresources.view.Detail","viewId":"application-manageresources-display-component---detailRU","properties":{"src":{"regex":{"source":"overflow"}}}},"wdio_ui5_key":"etmportal.ui.manageresources.view.Detailsap.ui.core.Icon{\"src\":{\"regex\":{\"source\":\"overflow\"}}}"}]}
RESULT: {"script":"<script> [1562 bytes]","args":[{"selector":{"controlType":"sap.ui.core.Icon","viewName":"etm.portal.ui.manageresources.view.Detail","viewId":"application-manageresources-display-component---detailRU","properties":{"src":{"regex":{"source":"overflow"}}}},"wdio_ui5_key":"etmportal.ui.manageresources.view.Detailsap.ui.core.Icon{\"src\":{\"regex\":{\"source\":\"overflow\"}}}"}]}
RESULT: undefined
COMMAND: POST /session/d64c8a9d67ae429a1af470fcb6f0cd05/element - {"using":"xpath","value":"//*[@id=\"__title36-_actionsToolbar-overflowButton-img\"]"}
RESULT: {"using":"xpath","value":"//*[@id=\"__title36-_actionsToolbar-overflowButton-img\"]"}
COMMAND: POST /session/d64c8a9d67ae429a1af470fcb6f0cd05/element/f.615B31F35ECDE76F4064C3ADAC5820DC.d.A9CB80361584BA547273F47B2DFF317A.e.13313/click - {}
RESULT: {}
COMMAND: POST /session/d64c8a9d67ae429a1af470fcb6f0cd05/execute/async - {"script":"<script> [1562 bytes]","args":[{"selector":{"controlType":"sap.m.Button","viewName":"etm.portal.ui.manageresources.view.Detail","viewId":"application-manageresources-display-component---detailRU","i18NText":{"propertyName":"tooltip","key":"closeColumn"},"searchOpenDialogs":true,"interaction":{"idSuffix":"inner"}},"wdio_ui5_key":"etmportal.ui.manageresources.view.Detailsap.m.Button{\"propertyName\":\"tooltip\",\"key\":\"closeColumn\"}"}]}
COMMAND: GET /session/d64c8a9d67ae429a1af470fcb6f0cd05/screenshot - {}
RESULT: {"script":"<script> [1562 bytes]","args":[{"selector":{"controlType":"sap.m.Button","viewName":"etm.portal.ui.manageresources.view.Detail","viewId":"application-manageresources-display-component---detailRU","i18NText":{"propertyName":"tooltip","key":"closeColumn"},"searchOpenDialogs":true,"interaction":{"idSuffix":"inner"}},"wdio_ui5_key":"etmportal.ui.manageresources.view.Detailsap.m.Button{\"propertyName\":\"tooltip\",\"key\":\"closeColumn\"}"}]}
RESULT: undefined
COMMAND: POST /session/d64c8a9d67ae429a1af470fcb6f0cd05/element - {"using":"xpath","value":"//*[@id=\"__button151\"]"}
RESULT: {}
RESULT: {"using":"xpath","value":"//*[@id=\"__button151\"]"}
COMMAND: POST /session/d64c8a9d67ae429a1af470fcb6f0cd05/element/f.615B31F35ECDE76F4064C3ADAC5820DC.d.A9CB80361584BA547273F47B2DFF317A.e.13315/click - {}
RESULT: {}
COMMAND: GET /session/d64c8a9d67ae429a1af470fcb6f0cd05/screenshot - {}
RESULT: {}
COMMAND: POST /session/d64c8a9d67ae429a1af470fcb6f0cd05/refresh - {}
RESULT: {}
COMMAND: GET /session/d64c8a9d67ae429a1af470fcb6f0cd05/screenshot - {}
RESULT: {}
COMMAND: POST /session/d64c8a9d67ae429a1af470fcb6f0cd05/execute/async - {"script":"<script> [189 bytes]","args":[]}
RESULT: {"script":"<script> [189 bytes]","args":[]}
COMMAND: POST /session/d64c8a9d67ae429a1af470fcb6f0cd05/execute/async - {"script":"<script> [123 bytes]","args":[]}
RESULT: {"script":"<script> [123 bytes]","args":[]}
COMMAND: POST /session/d64c8a9d67ae429a1af470fcb6f0cd05/timeouts - {"script":"<number>"}
RESULT: {"script":"<number>"}
COMMAND: GET /session/d64c8a9d67ae429a1af470fcb6f0cd05/timeouts - {}
RESULT: {}
RESULT: undefined
COMMAND: POST /session/d64c8a9d67ae429a1af470fcb6f0cd05/execute/async - {"script":"<script> [2676 bytes]","args":[]}
RESULT: {"script":"<script> [2676 bytes]","args":[]}
COMMAND: POST /session/d64c8a9d67ae429a1af470fcb6f0cd05/execute/async - {"script":"<script> [2342 bytes]","args":[{"protocol":"http","hostname":"0.0.0.0","path":"/","capabilities":{"browserName":"chrome","goog:chromeOptions":{"binary":"C:\\Program Files\\Google\\Chrome\\Application\\chrome.exe","args":["--start-maximized"]}},"logLevel":"warn","connectionRetryTimeout":120000,"connectionRetryCount":3,"logLevels":{},"enableDirectConnect":true,"strictSSL":true,"_":"65 more keys: [\"cacheDir\",\"port\",\"requestedCapabilities\",\"automationProtocol\",\"baseUrl\",\"waitforInterval\",\"waitforTimeout\",\"onReload\",\"beforeCommand\",\"afterCommand\",\"rootDir\",\"specs\",\"suites\",\"exclude\",\"groupLogsByTestSpec\",\"excludeDriverLogs\",\"bail\",\"framework\",\"reporters\",\"services\",\"maxInstances\",\"maxInstancesPerCapability\",\"injectGlobals\",\"filesToWatch\",\"execArgv\",\"runnerEnv\",\"runner\",\"shard\",\"specFileRetries\",\"specFileRetriesDelay\",\"specFileRetriesDeferred\",\"reporterSyncInterval\",\"reporterSyncTimeout\",\"cucumberFeaturesWithLineNumbers\",\"autoCompileOpts\",\"mochaOpts\",\"jasmineOpts\",\"cucumberOpts\",\"onPrepare\",\"onWorkerStart\",\"onWorkerEnd\",\"before\",\"beforeSession\",\"beforeSuite\",\"beforeHook\",\"beforeTest\",\"afterTest\",\"afterHook\",\"afterSuite\",\"afterSession\",\"after\",\"onComplete\",\"beforeAssertion\",\"afterAssertion\",\"beforeFeature\",\"beforeScenario\",\"beforeStep\",\"afterStep\",\"afterScenario\",\"afterFeature\",\"_\",\"suite\",\"$0\",\"ignoredWorkerServices\",\"wdi5\"]"}]}
RESULT: {"script":"<script> [2342 bytes]","args":[{"protocol":"http","hostname":"0.0.0.0","path":"/","capabilities":{"browserName":"chrome","goog:chromeOptions":{"binary":"C:\\Program Files\\Google\\Chrome\\Application\\chrome.exe","args":["--start-maximized"]}},"logLevel":"warn","connectionRetryTimeout":120000,"connectionRetryCount":3,"logLevels":{},"enableDirectConnect":true,"strictSSL":true,"_":"65 more keys: [\"cacheDir\",\"port\",\"requestedCapabilities\",\"automationProtocol\",\"baseUrl\",\"waitforInterval\",\"waitforTimeout\",\"onReload\",\"beforeCommand\",\"afterCommand\",\"rootDir\",\"specs\",\"suites\",\"exclude\",\"groupLogsByTestSpec\",\"excludeDriverLogs\",\"bail\",\"framework\",\"reporters\",\"services\",\"maxInstances\",\"maxInstancesPerCapability\",\"injectGlobals\",\"filesToWatch\",\"execArgv\",\"runnerEnv\",\"runner\",\"shard\",\"specFileRetries\",\"specFileRetriesDelay\",\"specFileRetriesDeferred\",\"reporterSyncInterval\",\"reporterSyncTimeout\",\"cucumberFeaturesWithLineNumbers\",\"autoCompileOpts\",\"mochaOpts\",\"jasmineOpts\",\"cucumberOpts\",\"onPrepare\",\"onWorkerStart\",\"onWorkerEnd\",\"before\",\"beforeSession\",\"beforeSuite\",\"beforeHook\",\"beforeTest\",\"afterTest\",\"afterHook\",\"afterSuite\",\"afterSession\",\"after\",\"onComplete\",\"beforeAssertion\",\"afterAssertion\",\"beforeFeature\",\"beforeScenario\",\"beforeStep\",\"afterStep\",\"afterScenario\",\"afterFeature\",\"_\",\"suite\",\"$0\",\"ignoredWorkerServices\",\"wdi5\"]"}]}
COMMAND: POST /session/d64c8a9d67ae429a1af470fcb6f0cd05/execute/async - {"script":"<script> [21126 bytes]","args":[35000]}
RESULT: {"script":"<script> [21126 bytes]","args":[35000]}
COMMAND: POST /session/d64c8a9d67ae429a1af470fcb6f0cd05/element - {"using":"css selector","value":"#shell-header-logo"}
RESULT: {"using":"css selector","value":"#shell-header-logo"}
COMMAND: POST /session/d64c8a9d67ae429a1af470fcb6f0cd05/element/f.615B31F35ECDE76F4064C3ADAC5820DC.d.22FCECC8E169F52BB4796C59C835D228.e.13405/click - {}
RESULT: {}
COMMAND: GET /session/d64c8a9d67ae429a1af470fcb6f0cd05/screenshot - {}
RESULT: {}
COMMAND: POST /session/d64c8a9d67ae429a1af470fcb6f0cd05/execute/async - {"script":"<script> [1562 bytes]","args":[{"selector":{"controlType":"sap.m.GenericTile","properties":{"header":"Manage Handovers"}},"wdio_ui5_key":"sapm.GenericTile{\"header\":\"Manage Handovers\"}"}]}
RESULT: {"script":"<script> [1562 bytes]","args":[{"selector":{"controlType":"sap.m.GenericTile","properties":{"header":"Manage Handovers"}},"wdio_ui5_key":"sapm.GenericTile{\"header\":\"Manage Handovers\"}"}]}
RESULT: undefined
COMMAND: POST /session/d64c8a9d67ae429a1af470fcb6f0cd05/element - {"using":"xpath","value":"//*[@id=\"__tile133\"]"}
RESULT: {"using":"xpath","value":"//*[@id=\"__tile133\"]"}
COMMAND: POST /session/d64c8a9d67ae429a1af470fcb6f0cd05/element/f.615B31F35ECDE76F4064C3ADAC5820DC.d.22FCECC8E169F52BB4796C59C835D228.e.13420/click - {}
RESULT: {}
COMMAND: GET /session/d64c8a9d67ae429a1af470fcb6f0cd05/screenshot - {}
RESULT: {}
COMMAND: POST /session/d64c8a9d67ae429a1af470fcb6f0cd05/elements - {"using":"xpath","value":"//span[text()='Error']"}
RESULT: {"using":"xpath","value":"//span[text()='Error']"}
COMMAND: POST /session/d64c8a9d67ae429a1af470fcb6f0cd05/element - {"using":"xpath","value":"//button[@data-kt=\"masterHOAddButton\"]"}
RESULT: {"using":"xpath","value":"//button[@data-kt=\"masterHOAddButton\"]"}
COMMAND: POST /session/d64c8a9d67ae429a1af470fcb6f0cd05/execute/sync - {"script":"<script> [8489 bytes]","args":[{"element-6066-11e4-a52e-4f735466cecf":"f.615B31F35ECDE76F4064C3ADAC5820DC.d.22FCECC8E169F52BB4796C59C835D228.e.13463","ELEMENT":"f.615B31F35ECDE76F4064C3ADAC5820DC.d.22FCECC8E169F52BB4796C59C835D228.e.13463"}]}
RESULT: {"script":"<script> [8489 bytes]","args":[{"element-6066-11e4-a52e-4f735466cecf":"f.615B31F35ECDE76F4064C3ADAC5820DC.d.22FCECC8E169F52BB4796C59C835D228.e.13463","ELEMENT":"f.615B31F35ECDE76F4064C3ADAC5820DC.d.22FCECC8E169F52BB4796C59C835D228.e.13463"}]}
COMMAND: POST /session/d64c8a9d67ae429a1af470fcb6f0cd05/element/f.615B31F35ECDE76F4064C3ADAC5820DC.d.22FCECC8E169F52BB4796C59C835D228.e.13463/click - {}
COMMAND: GET /session/d64c8a9d67ae429a1af470fcb6f0cd05/screenshot - {}
RESULT: {}
COMMAND: GET /session/d64c8a9d67ae429a1af470fcb6f0cd05/screenshot - {}
COMMAND: POST /session/d64c8a9d67ae429a1af470fcb6f0cd05/element - {"using":"xpath","value":"//span[contains(@id ,\"AddNewHO--typeSelect-arrow\")]"}
RESULT: {}
RESULT: {}
RESULT: {"using":"xpath","value":"//span[contains(@id ,\"AddNewHO--typeSelect-arrow\")]"}
COMMAND: POST /session/d64c8a9d67ae429a1af470fcb6f0cd05/element/f.615B31F35ECDE76F4064C3ADAC5820DC.d.22FCECC8E169F52BB4796C59C835D228.e.13755/click - {}
RESULT: {}
COMMAND: GET /session/d64c8a9d67ae429a1af470fcb6f0cd05/screenshot - {}
RESULT: {}
COMMAND: POST /session/d64c8a9d67ae429a1af470fcb6f0cd05/element - {"using":"xpath","value":"(//li[contains(text(), \"stock increase yard\")])[1]"}
RESULT: {"using":"xpath","value":"(//li[contains(text(), \"stock increase yard\")])[1]"}
COMMAND: POST /session/d64c8a9d67ae429a1af470fcb6f0cd05/element/f.615B31F35ECDE76F4064C3ADAC5820DC.d.22FCECC8E169F52BB4796C59C835D228.e.13756/click - {}
RESULT: {}
COMMAND: GET /session/d64c8a9d67ae429a1af470fcb6f0cd05/screenshot - {}
RESULT: {}
COMMAND: POST /session/d64c8a9d67ae429a1af470fcb6f0cd05/execute/async - {"script":"<script> [1562 bytes]","args":[{"selector":{"id":"application-managehandovers-display-component---AddNewHO--dueDate","interaction":{"idSuffix":"inner"}},"wdio_ui5_key":"applicationmanagehandovers-display-component---AddNewHO--dueDate"}]}
RESULT: {"script":"<script> [1562 bytes]","args":[{"selector":{"id":"application-managehandovers-display-component---AddNewHO--dueDate","interaction":{"idSuffix":"inner"}},"wdio_ui5_key":"applicationmanagehandovers-display-component---AddNewHO--dueDate"}]}
RESULT: undefined
COMMAND: POST /session/d64c8a9d67ae429a1af470fcb6f0cd05/execute/async - {"script":"<script> [6424 bytes]","args":[{"element-6066-11e4-a52e-4f735466cecf":"f.615B31F35ECDE76F4064C3ADAC5820DC.d.22FCECC8E169F52BB4796C59C835D228.e.13760"},"setValue",["6/4/25"]]}
RESULT: {"script":"<script> [6424 bytes]","args":[{"element-6066-11e4-a52e-4f735466cecf":"f.615B31F35ECDE76F4064C3ADAC5820DC.d.22FCECC8E169F52BB4796C59C835D228.e.13760"},"setValue",["6/4/25"]]}
COMMAND: POST /session/d64c8a9d67ae429a1af470fcb6f0cd05/element - {"using":"xpath","value":"//input[@id=\"generalSectionFrg--receiveYard-inner\"]"}
RESULT: {"using":"xpath","value":"//input[@id=\"generalSectionFrg--receiveYard-inner\"]"}
COMMAND: POST /session/d64c8a9d67ae429a1af470fcb6f0cd05/element/f.615B31F35ECDE76F4064C3ADAC5820DC.d.22FCECC8E169F52BB4796C59C835D228.e.13766/clear - {}
RESULT: {}
COMMAND: POST /session/d64c8a9d67ae429a1af470fcb6f0cd05/element/f.615B31F35ECDE76F4064C3ADAC5820DC.d.22FCECC8E169F52BB4796C59C835D228.e.13766/value - {"text":"WebdriverYards5657"}
COMMAND: GET /session/d64c8a9d67ae429a1af470fcb6f0cd05/screenshot - {}
RESULT: {"text":"WebdriverYards5657"}
COMMAND: GET /session/d64c8a9d67ae429a1af470fcb6f0cd05/screenshot - {}
RESULT: {}
RESULT: {}
COMMAND: POST /session/d64c8a9d67ae429a1af470fcb6f0cd05/execute/async - {"script":"<script> [1562 bytes]","args":[{"selector":{"id":"application-managehandovers-display-component---AddNewHO--ObjectPageLayout-anchBar-application-managehandovers-display-component---AddNewHO--section4-anchor","interaction":{"idSuffix":"BDI-content"}},"wdio_ui5_key":"applicationmanagehandovers-display-component---AddNewHO--ObjectPageLayout-anchBar-application-managehandovers-display-component---AddNewHO--section4-anchor"}]}
RESULT: {"script":"<script> [1562 bytes]","args":[{"selector":{"id":"application-managehandovers-display-component---AddNewHO--ObjectPageLayout-anchBar-application-managehandovers-display-component---AddNewHO--section4-anchor","interaction":{"idSuffix":"BDI-content"}},"wdio_ui5_key":"applicationmanagehandovers-display-component---AddNewHO--ObjectPageLayout-anchBar-application-managehandovers-display-component---AddNewHO--section4-anchor"}]}
RESULT: undefined
COMMAND: POST /session/d64c8a9d67ae429a1af470fcb6f0cd05/element - {"using":"xpath","value":"//*[@id=\"application-managehandovers-display-component---AddNewHO--ObjectPageLayout-anchBar-application-managehandovers-display-component---AddNewHO--section4-anchor\"]"}
RESULT: {"using":"xpath","value":"//*[@id=\"application-managehandovers-display-component---AddNewHO--ObjectPageLayout-anchBar-application-managehandovers-display-component---AddNewHO--section4-anchor\"]"}
COMMAND: POST /session/d64c8a9d67ae429a1af470fcb6f0cd05/element/f.615B31F35ECDE76F4064C3ADAC5820DC.d.22FCECC8E169F52BB4796C59C835D228.e.13785/click - {}
RESULT: {}
COMMAND: GET /session/d64c8a9d67ae429a1af470fcb6f0cd05/screenshot - {}
RESULT: {}
COMMAND: POST /session/d64c8a9d67ae429a1af470fcb6f0cd05/element - {"using":"xpath","value":"//button[@aria-label=\"Add\"]"}
RESULT: {"using":"xpath","value":"//button[@aria-label=\"Add\"]"}
COMMAND: POST /session/d64c8a9d67ae429a1af470fcb6f0cd05/element/f.615B31F35ECDE76F4064C3ADAC5820DC.d.22FCECC8E169F52BB4796C59C835D228.e.13789/click - {}
RESULT: {}
COMMAND: GET /session/d64c8a9d67ae429a1af470fcb6f0cd05/screenshot - {}
RESULT: {}
COMMAND: POST /session/d64c8a9d67ae429a1af470fcb6f0cd05/execute/async - {"script":"<script> [1562 bytes]","args":[{"selector":{"id":"application-managehandovers-display-component---AddNewHO--smartFilterBar-btnBasicSearch","searchOpenDialogs":true,"interaction":{"idSuffix":"I"}},"wdio_ui5_key":"applicationmanagehandovers-display-component---AddNewHO--smartFilterBar-btnBasicSearch"}]}
RESULT: {"script":"<script> [1562 bytes]","args":[{"selector":{"id":"application-managehandovers-display-component---AddNewHO--smartFilterBar-btnBasicSearch","searchOpenDialogs":true,"interaction":{"idSuffix":"I"}},"wdio_ui5_key":"applicationmanagehandovers-display-component---AddNewHO--smartFilterBar-btnBasicSearch"}]}
RESULT: undefined
COMMAND: POST /session/d64c8a9d67ae429a1af470fcb6f0cd05/execute/async - {"script":"<script> [776 bytes]","args":[{"enterText":"WebdriverMatTestmunkv","selector":{"id":"application-managehandovers-display-component---AddNewHO--smartFilterBar-btnBasicSearch","searchOpenDialogs":true,"interaction":{"idSuffix":"I"}},"clearTextFirst":true,"interactionType":"ENTER_TEXT"}]}
RESULT: {"script":"<script> [776 bytes]","args":[{"enterText":"WebdriverMatTestmunkv","selector":{"id":"application-managehandovers-display-component---AddNewHO--smartFilterBar-btnBasicSearch","searchOpenDialogs":true,"interaction":{"idSuffix":"I"}},"clearTextFirst":true,"interactionType":"ENTER_TEXT"}]}
COMMAND: POST /session/d64c8a9d67ae429a1af470fcb6f0cd05/actions - {"actions":[{"id":"action71","type":"key","parameters":{},"actions":[{"type":"keyDown","value":"î€‡"},{"type":"pause","duration":10},{"type":"keyUp","value":"î€‡"}]}]}
RESULT: {"actions":[{"id":"action71","type":"key","parameters":{},"actions":[{"type":"keyDown","value":"î€‡"},{"type":"pause","duration":10},{"type":"keyUp","value":"î€‡"}]}]}
COMMAND: POST /session/d64c8a9d67ae429a1af470fcb6f0cd05/execute/async - {"script":"<script> [1562 bytes]","args":[{"selector":{"id":"application-managehandovers-display-component---AddNewHO--popup-sa","searchOpenDialogs":true,"interaction":{"idSuffix":"CbBg"}},"wdio_ui5_key":"applicationmanagehandovers-display-component---AddNewHO--popup-sa"}]}
COMMAND: GET /session/d64c8a9d67ae429a1af470fcb6f0cd05/screenshot - {}
RESULT: {"script":"<script> [1562 bytes]","args":[{"selector":{"id":"application-managehandovers-display-component---AddNewHO--popup-sa","searchOpenDialogs":true,"interaction":{"idSuffix":"CbBg"}},"wdio_ui5_key":"applicationmanagehandovers-display-component---AddNewHO--popup-sa"}]}
RESULT: undefined
COMMAND: POST /session/d64c8a9d67ae429a1af470fcb6f0cd05/element - {"using":"xpath","value":"//*[@id=\"application-managehandovers-display-component---AddNewHO--popup-sa\"]"}
RESULT: {}
RESULT: {"using":"xpath","value":"//*[@id=\"application-managehandovers-display-component---AddNewHO--popup-sa\"]"}
COMMAND: POST /session/d64c8a9d67ae429a1af470fcb6f0cd05/element/f.615B31F35ECDE76F4064C3ADAC5820DC.d.22FCECC8E169F52BB4796C59C835D228.e.13924/click - {}
RESULT: {}
COMMAND: GET /session/d64c8a9d67ae429a1af470fcb6f0cd05/screenshot - {}
RESULT: {}
COMMAND: POST /session/d64c8a9d67ae429a1af470fcb6f0cd05/element - {"using":"xpath","value":"//bdi[contains(text(), \"Select\")]"}
RESULT: {"using":"xpath","value":"//bdi[contains(text(), \"Select\")]"}
COMMAND: POST /session/d64c8a9d67ae429a1af470fcb6f0cd05/element/f.615B31F35ECDE76F4064C3ADAC5820DC.d.22FCECC8E169F52BB4796C59C835D228.e.13925/click - {}
RESULT: {}
COMMAND: GET /session/d64c8a9d67ae429a1af470fcb6f0cd05/screenshot - {}
RESULT: {}
COMMAND: POST /session/d64c8a9d67ae429a1af470fcb6f0cd05/execute/async - {"script":"<script> [1562 bytes]","args":[{"selector":{"controlType":"sap.m.Input","viewName":"etm.portal.ui.managehandovers.view.AddNewHO","viewId":"application-managehandovers-display-component---AddNewHO","bindingPath":{"path":"/items/0","propertyPath":"TYPE","modelName":"hoItemsModel"},"interaction":{"idSuffix":"inner"}},"wdio_ui5_key":"etmportal.ui.managehandovers.view.AddNewHOsap.m.Input{\"path\":\"/items/0\",\"propertyPath\":\"TYPE\",\"modelName\":\"hoItemsModel\"}"}]}
RESULT: {"script":"<script> [1562 bytes]","args":[{"selector":{"controlType":"sap.m.Input","viewName":"etm.portal.ui.managehandovers.view.AddNewHO","viewId":"application-managehandovers-display-component---AddNewHO","bindingPath":{"path":"/items/0","propertyPath":"TYPE","modelName":"hoItemsModel"},"interaction":{"idSuffix":"inner"}},"wdio_ui5_key":"etmportal.ui.managehandovers.view.AddNewHOsap.m.Input{\"path\":\"/items/0\",\"propertyPath\":\"TYPE\",\"modelName\":\"hoItemsModel\"}"}]}
RESULT: undefined
COMMAND: POST /session/d64c8a9d67ae429a1af470fcb6f0cd05/execute/async - {"script":"<script> [776 bytes]","args":[{"enterText":"100","selector":{"controlType":"sap.m.Input","viewName":"etm.portal.ui.managehandovers.view.AddNewHO","viewId":"application-managehandovers-display-component---AddNewHO","bindingPath":{"path":"/items/0","propertyPath":"TYPE","modelName":"hoItemsModel"},"interaction":{"idSuffix":"inner"}},"clearTextFirst":true,"interactionType":"ENTER_TEXT"}]}
RESULT: {"script":"<script> [776 bytes]","args":[{"enterText":"100","selector":{"controlType":"sap.m.Input","viewName":"etm.portal.ui.managehandovers.view.AddNewHO","viewId":"application-managehandovers-display-component---AddNewHO","bindingPath":{"path":"/items/0","propertyPath":"TYPE","modelName":"hoItemsModel"},"interaction":{"idSuffix":"inner"}},"clearTextFirst":true,"interactionType":"ENTER_TEXT"}]}
COMMAND: POST /session/d64c8a9d67ae429a1af470fcb6f0cd05/element - {"using":"xpath","value":"//button[@data-kt=\"AddNewHOSaveButton\"]"}
RESULT: {"using":"xpath","value":"//button[@data-kt=\"AddNewHOSaveButton\"]"}
COMMAND: POST /session/d64c8a9d67ae429a1af470fcb6f0cd05/element/f.615B31F35ECDE76F4064C3ADAC5820DC.d.22FCECC8E169F52BB4796C59C835D228.e.13930/click - {}
RESULT: {}
COMMAND: GET /session/d64c8a9d67ae429a1af470fcb6f0cd05/screenshot - {}
COMMAND: POST /session/d64c8a9d67ae429a1af470fcb6f0cd05/execute/async - {"script":"<script> [1562 bytes]","args":[{"selector":{"id":"receiptDatePicker","viewName":"etm.portal.ui.managehandovers.view.DetailExecuteHO","interaction":{"idSuffix":"inner"}},"wdio_ui5_key":"receiptDatePickeretmportal.ui.managehandovers.view.DetailExecuteHO"}]}
RESULT: {}
RESULT: {"script":"<script> [1562 bytes]","args":[{"selector":{"id":"receiptDatePicker","viewName":"etm.portal.ui.managehandovers.view.DetailExecuteHO","interaction":{"idSuffix":"inner"}},"wdio_ui5_key":"receiptDatePickeretmportal.ui.managehandovers.view.DetailExecuteHO"}]}
RESULT: undefined
COMMAND: POST /session/d64c8a9d67ae429a1af470fcb6f0cd05/execute/async - {"script":"<script> [6424 bytes]","args":[{"element-6066-11e4-a52e-4f735466cecf":"f.615B31F35ECDE76F4064C3ADAC5820DC.d.22FCECC8E169F52BB4796C59C835D228.e.13955"},"setValue",["6/4/25"]]}
RESULT: {"script":"<script> [6424 bytes]","args":[{"element-6066-11e4-a52e-4f735466cecf":"f.615B31F35ECDE76F4064C3ADAC5820DC.d.22FCECC8E169F52BB4796C59C835D228.e.13955"},"setValue",["6/4/25"]]}
COMMAND: POST /session/d64c8a9d67ae429a1af470fcb6f0cd05/actions - {"actions":[{"id":"action72","type":"key","parameters":{},"actions":[{"type":"keyDown","value":"î€‡"},{"type":"pause","duration":10},{"type":"keyUp","value":"î€‡"}]}]}
RESULT: {"actions":[{"id":"action72","type":"key","parameters":{},"actions":[{"type":"keyDown","value":"î€‡"},{"type":"pause","duration":10},{"type":"keyUp","value":"î€‡"}]}]}
COMMAND: POST /session/d64c8a9d67ae429a1af470fcb6f0cd05/actions - {"actions":[{"id":"action73","type":"key","parameters":{},"actions":[{"type":"keyDown","value":"î€‡"},{"type":"pause","duration":10},{"type":"keyUp","value":"î€‡"}]}]}
COMMAND: GET /session/d64c8a9d67ae429a1af470fcb6f0cd05/screenshot - {}
RESULT: {"actions":[{"id":"action73","type":"key","parameters":{},"actions":[{"type":"keyDown","value":"î€‡"},{"type":"pause","duration":10},{"type":"keyUp","value":"î€‡"}]}]}
COMMAND: POST /session/d64c8a9d67ae429a1af470fcb6f0cd05/element - {"using":"xpath","value":"//button[@data-kt=\"ReceivingTableConfirmAllButton\"]"}
COMMAND: GET /session/d64c8a9d67ae429a1af470fcb6f0cd05/screenshot - {}
RESULT: {}
RESULT: {"using":"xpath","value":"//button[@data-kt=\"ReceivingTableConfirmAllButton\"]"}
COMMAND: POST /session/d64c8a9d67ae429a1af470fcb6f0cd05/element/f.615B31F35ECDE76F4064C3ADAC5820DC.d.22FCECC8E169F52BB4796C59C835D228.e.13970/click - {}
RESULT: {}
RESULT: {}
COMMAND: GET /session/d64c8a9d67ae429a1af470fcb6f0cd05/screenshot - {}
RESULT: {}
COMMAND: POST /session/d64c8a9d67ae429a1af470fcb6f0cd05/element - {"using":"xpath","value":"//bdi[contains(text(), \"OK\")]"}
RESULT: {"using":"xpath","value":"//bdi[contains(text(), \"OK\")]"}
COMMAND: POST /session/d64c8a9d67ae429a1af470fcb6f0cd05/element/f.615B31F35ECDE76F4064C3ADAC5820DC.d.22FCECC8E169F52BB4796C59C835D228.e.13973/click - {}
RESULT: {}
COMMAND: GET /session/d64c8a9d67ae429a1af470fcb6f0cd05/screenshot - {}
RESULT: {}
COMMAND: POST /session/d64c8a9d67ae429a1af470fcb6f0cd05/element - {"using":"xpath","value":"(//bdi[contains(text(), \"Receive\")])[2]"}
RESULT: {"using":"xpath","value":"(//bdi[contains(text(), \"Receive\")])[2]"}
COMMAND: POST /session/d64c8a9d67ae429a1af470fcb6f0cd05/element/f.615B31F35ECDE76F4064C3ADAC5820DC.d.22FCECC8E169F52BB4796C59C835D228.e.13974/click - {}
RESULT: {}
COMMAND: GET /session/d64c8a9d67ae429a1af470fcb6f0cd05/screenshot - {}
RESULT: {}
COMMAND: POST /session/d64c8a9d67ae429a1af470fcb6f0cd05/element - {"using":"css selector","value":"#shell-header-logo"}
RESULT: {"using":"css selector","value":"#shell-header-logo"}
COMMAND: POST /session/d64c8a9d67ae429a1af470fcb6f0cd05/element/f.615B31F35ECDE76F4064C3ADAC5820DC.d.22FCECC8E169F52BB4796C59C835D228.e.13423/click - {}
RESULT: {}
]]></system-out>
    </testcase>
    <testcase classname="chrome.136_0_7103_93.windows.E2E_-_Logistical_and_commercial_statuses" name="Should add a pricing rule and a condition to the RU" time="148.438">
      <system-out><![CDATA[
COMMAND: POST /session/d64c8a9d67ae429a1af470fcb6f0cd05/execute/async - {"script":"<script> [1562 bytes]","args":[{"selector":{"controlType":"sap.m.GenericTile","properties":{"header":"Manage Pricing Rules"}},"wdio_ui5_key":"sapm.GenericTile{\"header\":\"Manage Pricing Rules\"}"}]}
COMMAND: GET /session/d64c8a9d67ae429a1af470fcb6f0cd05/screenshot - {}
RESULT: {"script":"<script> [1562 bytes]","args":[{"selector":{"controlType":"sap.m.GenericTile","properties":{"header":"Manage Pricing Rules"}},"wdio_ui5_key":"sapm.GenericTile{\"header\":\"Manage Pricing Rules\"}"}]}
RESULT: undefined
COMMAND: POST /session/d64c8a9d67ae429a1af470fcb6f0cd05/element - {"using":"xpath","value":"//*[@id=\"__tile55\"]"}
RESULT: {}
RESULT: {"using":"xpath","value":"//*[@id=\"__tile55\"]"}
COMMAND: POST /session/d64c8a9d67ae429a1af470fcb6f0cd05/element/f.615B31F35ECDE76F4064C3ADAC5820DC.d.22FCECC8E169F52BB4796C59C835D228.e.14146/click - {}
RESULT: {}
COMMAND: GET /session/d64c8a9d67ae429a1af470fcb6f0cd05/screenshot - {}
RESULT: {}
COMMAND: POST /session/d64c8a9d67ae429a1af470fcb6f0cd05/elements - {"using":"xpath","value":"//span[text()='Error']"}
RESULT: {"using":"xpath","value":"//span[text()='Error']"}
COMMAND: POST /session/d64c8a9d67ae429a1af470fcb6f0cd05/execute/async - {"script":"<script> [1562 bytes]","args":[{"selector":{"controlType":"sap.ui.core.Icon","viewName":"etm.portal.ui.managepricingrules.view.MasterHeader","viewId":"application-managepricingrules-display-component---priceInfoHeader","properties":{"src":{"regex":{"source":"activity\\-items"}}}},"wdio_ui5_key":"etmportal.ui.managepricingrules.view.MasterHeadersap.ui.core.Icon{\"src\":{\"regex\":{\"source\":\"activity\\\\-items\"}}}"}]}
RESULT: {"script":"<script> [1562 bytes]","args":[{"selector":{"controlType":"sap.ui.core.Icon","viewName":"etm.portal.ui.managepricingrules.view.MasterHeader","viewId":"application-managepricingrules-display-component---priceInfoHeader","properties":{"src":{"regex":{"source":"activity\\-items"}}}},"wdio_ui5_key":"etmportal.ui.managepricingrules.view.MasterHeadersap.ui.core.Icon{\"src\":{\"regex\":{\"source\":\"activity\\\\-items\"}}}"}]}
RESULT: undefined
COMMAND: POST /session/d64c8a9d67ae429a1af470fcb6f0cd05/element - {"using":"xpath","value":"//*[@id=\"__filter22-icon\"]"}
RESULT: {"using":"xpath","value":"//*[@id=\"__filter22-icon\"]"}
COMMAND: POST /session/d64c8a9d67ae429a1af470fcb6f0cd05/element/f.615B31F35ECDE76F4064C3ADAC5820DC.d.22FCECC8E169F52BB4796C59C835D228.e.14197/click - {}
RESULT: {}
COMMAND: GET /session/d64c8a9d67ae429a1af470fcb6f0cd05/screenshot - {}
COMMAND: POST /session/d64c8a9d67ae429a1af470fcb6f0cd05/execute/async - {"script":"<script> [1562 bytes]","args":[{"selector":{"controlType":"sap.ui.core.Icon","viewName":"etm.portal.ui.managepricingrules.view.MasterItem","viewId":"application-managepricingrules-display-component---priceInfoItem","properties":{"src":{"regex":{"source":"add"}}}},"wdio_ui5_key":"etmportal.ui.managepricingrules.view.MasterItemsap.ui.core.Icon{\"src\":{\"regex\":{\"source\":\"add\"}}}"}]}
RESULT: {}
RESULT: {"script":"<script> [1562 bytes]","args":[{"selector":{"controlType":"sap.ui.core.Icon","viewName":"etm.portal.ui.managepricingrules.view.MasterItem","viewId":"application-managepricingrules-display-component---priceInfoItem","properties":{"src":{"regex":{"source":"add"}}}},"wdio_ui5_key":"etmportal.ui.managepricingrules.view.MasterItemsap.ui.core.Icon{\"src\":{\"regex\":{\"source\":\"add\"}}}"}]}
RESULT: undefined
COMMAND: POST /session/d64c8a9d67ae429a1af470fcb6f0cd05/element - {"using":"xpath","value":"//*[@id=\"__button78-img\"]"}
RESULT: {"using":"xpath","value":"//*[@id=\"__button78-img\"]"}
COMMAND: POST /session/d64c8a9d67ae429a1af470fcb6f0cd05/element/f.615B31F35ECDE76F4064C3ADAC5820DC.d.22FCECC8E169F52BB4796C59C835D228.e.14244/click - {}
RESULT: {}
COMMAND: GET /session/d64c8a9d67ae429a1af470fcb6f0cd05/screenshot - {}
COMMAND: POST /session/d64c8a9d67ae429a1af470fcb6f0cd05/element - {"using":"xpath","value":"//input[@id=\"application-managepricingrules-display-component---newInfoPriceItem--condRU-inner\"]"}
RESULT: {}
RESULT: {"using":"xpath","value":"//input[@id=\"application-managepricingrules-display-component---newInfoPriceItem--condRU-inner\"]"}
COMMAND: POST /session/d64c8a9d67ae429a1af470fcb6f0cd05/element/f.615B31F35ECDE76F4064C3ADAC5820DC.d.22FCECC8E169F52BB4796C59C835D228.e.14457/clear - {}
RESULT: {}
COMMAND: POST /session/d64c8a9d67ae429a1af470fcb6f0cd05/element/f.615B31F35ECDE76F4064C3ADAC5820DC.d.22FCECC8E169F52BB4796C59C835D228.e.14457/value - {"text":"WebdriverMatTestmunkv"}
COMMAND: GET /session/d64c8a9d67ae429a1af470fcb6f0cd05/screenshot - {}
RESULT: {"text":"WebdriverMatTestmunkv"}
COMMAND: POST /session/d64c8a9d67ae429a1af470fcb6f0cd05/execute/async - {"script":"<script> [1562 bytes]","args":[{"selector":{"id":"application-managepricingrules-display-component---newInfoPriceItem--condValidTo","interaction":{"idSuffix":"inner"}},"wdio_ui5_key":"applicationmanagepricingrules-display-component---newInfoPriceItem--condValidTo"}]}
COMMAND: GET /session/d64c8a9d67ae429a1af470fcb6f0cd05/screenshot - {}
RESULT: {}
RESULT: {"script":"<script> [1562 bytes]","args":[{"selector":{"id":"application-managepricingrules-display-component---newInfoPriceItem--condValidTo","interaction":{"idSuffix":"inner"}},"wdio_ui5_key":"applicationmanagepricingrules-display-component---newInfoPriceItem--condValidTo"}]}
RESULT: undefined
COMMAND: POST /session/d64c8a9d67ae429a1af470fcb6f0cd05/execute/async - {"script":"<script> [776 bytes]","args":[{"enterText":"5/18/33","selector":{"id":"application-managepricingrules-display-component---newInfoPriceItem--condValidTo","interaction":{"idSuffix":"inner"}},"clearTextFirst":true,"interactionType":"ENTER_TEXT"}]}
RESULT: {}
RESULT: {"script":"<script> [776 bytes]","args":[{"enterText":"5/18/33","selector":{"id":"application-managepricingrules-display-component---newInfoPriceItem--condValidTo","interaction":{"idSuffix":"inner"}},"clearTextFirst":true,"interactionType":"ENTER_TEXT"}]}
COMMAND: POST /session/d64c8a9d67ae429a1af470fcb6f0cd05/execute/async - {"script":"<script> [1562 bytes]","args":[{"selector":{"id":"application-managepricingrules-display-component---newInfoPriceItem--billType-arrow"},"wdio_ui5_key":"applicationmanagepricingrules-display-component---newInfoPriceItem--billType-arrow"}]}
RESULT: {"script":"<script> [1562 bytes]","args":[{"selector":{"id":"application-managepricingrules-display-component---newInfoPriceItem--billType-arrow"},"wdio_ui5_key":"applicationmanagepricingrules-display-component---newInfoPriceItem--billType-arrow"}]}
RESULT: undefined
COMMAND: POST /session/d64c8a9d67ae429a1af470fcb6f0cd05/element - {"using":"xpath","value":"//*[@id=\"application-managepricingrules-display-component---newInfoPriceItem--billType-arrow\"]"}
RESULT: {"using":"xpath","value":"//*[@id=\"application-managepricingrules-display-component---newInfoPriceItem--billType-arrow\"]"}
COMMAND: POST /session/d64c8a9d67ae429a1af470fcb6f0cd05/element/f.615B31F35ECDE76F4064C3ADAC5820DC.d.22FCECC8E169F52BB4796C59C835D228.e.14545/click - {}
RESULT: {}
COMMAND: POST /session/d64c8a9d67ae429a1af470fcb6f0cd05/element - {"using":"xpath","value":"//span[contains(text(), \"TB - Time based\")]"}
COMMAND: GET /session/d64c8a9d67ae429a1af470fcb6f0cd05/screenshot - {}
RESULT: {"using":"xpath","value":"//span[contains(text(), \"TB - Time based\")]"}
COMMAND: POST /session/d64c8a9d67ae429a1af470fcb6f0cd05/element/f.615B31F35ECDE76F4064C3ADAC5820DC.d.22FCECC8E169F52BB4796C59C835D228.e.14599/click - {}
RESULT: {}
RESULT: {}
COMMAND: POST /session/d64c8a9d67ae429a1af470fcb6f0cd05/execute/async - {"script":"<script> [1562 bytes]","args":[{"selector":{"id":"application-managepricingrules-display-component---newInfoPriceItem--priceProc-arrow"},"wdio_ui5_key":"applicationmanagepricingrules-display-component---newInfoPriceItem--priceProc-arrow"}]}
COMMAND: GET /session/d64c8a9d67ae429a1af470fcb6f0cd05/screenshot - {}
RESULT: {"script":"<script> [1562 bytes]","args":[{"selector":{"id":"application-managepricingrules-display-component---newInfoPriceItem--priceProc-arrow"},"wdio_ui5_key":"applicationmanagepricingrules-display-component---newInfoPriceItem--priceProc-arrow"}]}
RESULT: undefined
COMMAND: POST /session/d64c8a9d67ae429a1af470fcb6f0cd05/element - {"using":"xpath","value":"//*[@id=\"application-managepricingrules-display-component---newInfoPriceItem--priceProc-arrow\"]"}
RESULT: {}
RESULT: {"using":"xpath","value":"//*[@id=\"application-managepricingrules-display-component---newInfoPriceItem--priceProc-arrow\"]"}
COMMAND: POST /session/d64c8a9d67ae429a1af470fcb6f0cd05/element/f.615B31F35ECDE76F4064C3ADAC5820DC.d.22FCECC8E169F52BB4796C59C835D228.e.14552/click - {}
RESULT: {}
COMMAND: POST /session/d64c8a9d67ae429a1af470fcb6f0cd05/element - {"using":"xpath","value":"//span[contains(text(), \"TBS - Time based standard\")]"}
COMMAND: GET /session/d64c8a9d67ae429a1af470fcb6f0cd05/screenshot - {}
RESULT: {"using":"xpath","value":"//span[contains(text(), \"TBS - Time based standard\")]"}
COMMAND: POST /session/d64c8a9d67ae429a1af470fcb6f0cd05/element/f.615B31F35ECDE76F4064C3ADAC5820DC.d.22FCECC8E169F52BB4796C59C835D228.e.14600/click - {}
RESULT: {}
RESULT: {}
COMMAND: POST /session/d64c8a9d67ae429a1af470fcb6f0cd05/execute/async - {"script":"<script> [1562 bytes]","args":[{"selector":{"id":"application-managepricingrules-display-component---newInfoPriceItem--calcBase-arrow"},"wdio_ui5_key":"applicationmanagepricingrules-display-component---newInfoPriceItem--calcBase-arrow"}]}
COMMAND: GET /session/d64c8a9d67ae429a1af470fcb6f0cd05/screenshot - {}
RESULT: {"script":"<script> [1562 bytes]","args":[{"selector":{"id":"application-managepricingrules-display-component---newInfoPriceItem--calcBase-arrow"},"wdio_ui5_key":"applicationmanagepricingrules-display-component---newInfoPriceItem--calcBase-arrow"}]}
RESULT: undefined
COMMAND: POST /session/d64c8a9d67ae429a1af470fcb6f0cd05/element - {"using":"xpath","value":"//*[@id=\"application-managepricingrules-display-component---newInfoPriceItem--calcBase-arrow\"]"}
RESULT: {}
RESULT: {"using":"xpath","value":"//*[@id=\"application-managepricingrules-display-component---newInfoPriceItem--calcBase-arrow\"]"}
COMMAND: POST /session/d64c8a9d67ae429a1af470fcb6f0cd05/element/f.615B31F35ECDE76F4064C3ADAC5820DC.d.22FCECC8E169F52BB4796C59C835D228.e.14559/click - {}
RESULT: {}
COMMAND: GET /session/d64c8a9d67ae429a1af470fcb6f0cd05/screenshot - {}
RESULT: {}
COMMAND: POST /session/d64c8a9d67ae429a1af470fcb6f0cd05/element - {"using":"xpath","value":"//span[contains(text(), \"0006 - TB(calendar days)\")]"}
RESULT: {"using":"xpath","value":"//span[contains(text(), \"0006 - TB(calendar days)\")]"}
COMMAND: POST /session/d64c8a9d67ae429a1af470fcb6f0cd05/element/f.615B31F35ECDE76F4064C3ADAC5820DC.d.22FCECC8E169F52BB4796C59C835D228.e.14601/click - {}
RESULT: {}
COMMAND: POST /session/d64c8a9d67ae429a1af470fcb6f0cd05/execute/async - {"script":"<script> [1562 bytes]","args":[{"selector":{"id":"application-managepricingrules-display-component---newInfoPriceItem--daysMonth","interaction":{"idSuffix":"inner"}},"wdio_ui5_key":"applicationmanagepricingrules-display-component---newInfoPriceItem--daysMonth"}]}
COMMAND: GET /session/d64c8a9d67ae429a1af470fcb6f0cd05/screenshot - {}
RESULT: {"script":"<script> [1562 bytes]","args":[{"selector":{"id":"application-managepricingrules-display-component---newInfoPriceItem--daysMonth","interaction":{"idSuffix":"inner"}},"wdio_ui5_key":"applicationmanagepricingrules-display-component---newInfoPriceItem--daysMonth"}]}
RESULT: undefined
COMMAND: POST /session/d64c8a9d67ae429a1af470fcb6f0cd05/execute/async - {"script":"<script> [776 bytes]","args":[{"enterText":"30","selector":{"id":"application-managepricingrules-display-component---newInfoPriceItem--daysMonth","interaction":{"idSuffix":"inner"}},"clearTextFirst":true,"interactionType":"ENTER_TEXT"}]}
RESULT: {}
RESULT: {"script":"<script> [776 bytes]","args":[{"enterText":"30","selector":{"id":"application-managepricingrules-display-component---newInfoPriceItem--daysMonth","interaction":{"idSuffix":"inner"}},"clearTextFirst":true,"interactionType":"ENTER_TEXT"}]}
COMMAND: POST /session/d64c8a9d67ae429a1af470fcb6f0cd05/element - {"using":"xpath","value":"//button[@data-kt=\"saveNewRuleButton\"]"}
RESULT: {"using":"xpath","value":"//button[@data-kt=\"saveNewRuleButton\"]"}
COMMAND: POST /session/d64c8a9d67ae429a1af470fcb6f0cd05/element/f.615B31F35ECDE76F4064C3ADAC5820DC.d.22FCECC8E169F52BB4796C59C835D228.e.14580/click - {}
RESULT: {}
COMMAND: GET /session/d64c8a9d67ae429a1af470fcb6f0cd05/screenshot - {}
RESULT: {}
COMMAND: POST /session/d64c8a9d67ae429a1af470fcb6f0cd05/element - {"using":"css selector","value":"#shell-header-logo"}
RESULT: {"using":"css selector","value":"#shell-header-logo"}
COMMAND: POST /session/d64c8a9d67ae429a1af470fcb6f0cd05/element/f.615B31F35ECDE76F4064C3ADAC5820DC.d.22FCECC8E169F52BB4796C59C835D228.e.14150/click - {}
RESULT: {}
COMMAND: GET /session/d64c8a9d67ae429a1af470fcb6f0cd05/screenshot - {}
RESULT: {}
COMMAND: POST /session/d64c8a9d67ae429a1af470fcb6f0cd05/execute/async - {"script":"<script> [1562 bytes]","args":[{"selector":{"controlType":"sap.m.Text","properties":{"text":"Manage Conditions & Prices"},"interaction":{"idSuffix":"inner"}},"wdio_ui5_key":"sapm.Text{\"text\":\"Manage Conditions & Prices\"}"}]}
RESULT: {"script":"<script> [1562 bytes]","args":[{"selector":{"controlType":"sap.m.Text","properties":{"text":"Manage Conditions & Prices"},"interaction":{"idSuffix":"inner"}},"wdio_ui5_key":"sapm.Text{\"text\":\"Manage Conditions & Prices\"}"}]}
RESULT: undefined
COMMAND: POST /session/d64c8a9d67ae429a1af470fcb6f0cd05/element - {"using":"xpath","value":"//*[@id=\"__tile53-title\"]"}
RESULT: {"using":"xpath","value":"//*[@id=\"__tile53-title\"]"}
COMMAND: POST /session/d64c8a9d67ae429a1af470fcb6f0cd05/element/f.615B31F35ECDE76F4064C3ADAC5820DC.d.22FCECC8E169F52BB4796C59C835D228.e.14619/click - {}
RESULT: {}
COMMAND: GET /session/d64c8a9d67ae429a1af470fcb6f0cd05/screenshot - {}
RESULT: {}
COMMAND: POST /session/d64c8a9d67ae429a1af470fcb6f0cd05/element - {"using":"xpath","value":"//button[@aria-label=\"Create\"]"}
RESULT: {"using":"xpath","value":"//button[@aria-label=\"Create\"]"}
COMMAND: POST /session/d64c8a9d67ae429a1af470fcb6f0cd05/elements - {"using":"xpath","value":"//button[@aria-label=\"Create\"]"}
RESULT: {"using":"xpath","value":"//button[@aria-label=\"Create\"]"}
COMMAND: POST /session/d64c8a9d67ae429a1af470fcb6f0cd05/elements - {"using":"xpath","value":"//button[@aria-label=\"Create\"]"}
RESULT: {"using":"xpath","value":"//button[@aria-label=\"Create\"]"}
COMMAND: POST /session/d64c8a9d67ae429a1af470fcb6f0cd05/element - {"using":"xpath","value":"//button[@aria-label=\"Create\"]"}
RESULT: {"using":"xpath","value":"//button[@aria-label=\"Create\"]"}
COMMAND: POST /session/d64c8a9d67ae429a1af470fcb6f0cd05/element/f.615B31F35ECDE76F4064C3ADAC5820DC.d.22FCECC8E169F52BB4796C59C835D228.e.14650/click - {}
RESULT: {}
COMMAND: POST /session/d64c8a9d67ae429a1af470fcb6f0cd05/actions - {"actions":[{"id":"action74","type":"key","parameters":{},"actions":[{"type":"keyDown","value":"î€‡"},{"type":"pause","duration":10},{"type":"keyUp","value":"î€‡"}]}]}
COMMAND: GET /session/d64c8a9d67ae429a1af470fcb6f0cd05/screenshot - {}
RESULT: {"actions":[{"id":"action74","type":"key","parameters":{},"actions":[{"type":"keyDown","value":"î€‡"},{"type":"pause","duration":10},{"type":"keyUp","value":"î€‡"}]}]}
COMMAND: GET /session/d64c8a9d67ae429a1af470fcb6f0cd05/screenshot - {}
COMMAND: POST /session/d64c8a9d67ae429a1af470fcb6f0cd05/execute/async - {"script":"<script> [1562 bytes]","args":[{"selector":{"id":"application-manageconditionprice-display-component---newCondition--condBillCond-arrow"},"wdio_ui5_key":"applicationmanageconditionprice-display-component---newCondition--condBillCond-arrow"}]}
RESULT: {}
RESULT: {}
RESULT: {"script":"<script> [1562 bytes]","args":[{"selector":{"id":"application-manageconditionprice-display-component---newCondition--condBillCond-arrow"},"wdio_ui5_key":"applicationmanageconditionprice-display-component---newCondition--condBillCond-arrow"}]}
RESULT: undefined
COMMAND: POST /session/d64c8a9d67ae429a1af470fcb6f0cd05/element - {"using":"xpath","value":"//*[@id=\"application-manageconditionprice-display-component---newCondition--condBillCond-arrow\"]"}
RESULT: {"using":"xpath","value":"//*[@id=\"application-manageconditionprice-display-component---newCondition--condBillCond-arrow\"]"}
COMMAND: POST /session/d64c8a9d67ae429a1af470fcb6f0cd05/element/f.615B31F35ECDE76F4064C3ADAC5820DC.d.22FCECC8E169F52BB4796C59C835D228.e.15119/click - {}
RESULT: {}
COMMAND: POST /session/d64c8a9d67ae429a1af470fcb6f0cd05/element - {"using":"xpath","value":"//span[contains(text(), \"DISP - D&I special price\")]"}
COMMAND: GET /session/d64c8a9d67ae429a1af470fcb6f0cd05/screenshot - {}
RESULT: {"using":"xpath","value":"//span[contains(text(), \"DISP - D&I special price\")]"}
COMMAND: POST /session/d64c8a9d67ae429a1af470fcb6f0cd05/element/f.615B31F35ECDE76F4064C3ADAC5820DC.d.22FCECC8E169F52BB4796C59C835D228.e.15120/click - {}
RESULT: {}
RESULT: {}
COMMAND: POST /session/d64c8a9d67ae429a1af470fcb6f0cd05/execute/async - {"script":"<script> [1562 bytes]","args":[{"selector":{"id":"application-manageconditionprice-display-component---newCondition--condValidTo","interaction":{"idSuffix":"inner"}},"wdio_ui5_key":"applicationmanageconditionprice-display-component---newCondition--condValidTo"}]}
COMMAND: GET /session/d64c8a9d67ae429a1af470fcb6f0cd05/screenshot - {}
RESULT: {"script":"<script> [1562 bytes]","args":[{"selector":{"id":"application-manageconditionprice-display-component---newCondition--condValidTo","interaction":{"idSuffix":"inner"}},"wdio_ui5_key":"applicationmanageconditionprice-display-component---newCondition--condValidTo"}]}
RESULT: undefined
COMMAND: POST /session/d64c8a9d67ae429a1af470fcb6f0cd05/execute/async - {"script":"<script> [776 bytes]","args":[{"enterText":"5/11/33","selector":{"id":"application-manageconditionprice-display-component---newCondition--condValidTo","interaction":{"idSuffix":"inner"}},"clearTextFirst":true,"interactionType":"ENTER_TEXT"}]}
RESULT: {}
RESULT: {"script":"<script> [776 bytes]","args":[{"enterText":"5/11/33","selector":{"id":"application-manageconditionprice-display-component---newCondition--condValidTo","interaction":{"idSuffix":"inner"}},"clearTextFirst":true,"interactionType":"ENTER_TEXT"}]}
COMMAND: POST /session/d64c8a9d67ae429a1af470fcb6f0cd05/element - {"using":"xpath","value":"//input[@id=\"application-manageconditionprice-display-component---newCondition--condRU-inner\"]"}
RESULT: {"using":"xpath","value":"//input[@id=\"application-manageconditionprice-display-component---newCondition--condRU-inner\"]"}
COMMAND: POST /session/d64c8a9d67ae429a1af470fcb6f0cd05/element/f.615B31F35ECDE76F4064C3ADAC5820DC.d.22FCECC8E169F52BB4796C59C835D228.e.14847/clear - {}
RESULT: {}
COMMAND: POST /session/d64c8a9d67ae429a1af470fcb6f0cd05/element/f.615B31F35ECDE76F4064C3ADAC5820DC.d.22FCECC8E169F52BB4796C59C835D228.e.14847/value - {"text":"WebdriverMatTestmunkv"}
COMMAND: GET /session/d64c8a9d67ae429a1af470fcb6f0cd05/screenshot - {}
RESULT: {"text":"WebdriverMatTestmunkv"}
COMMAND: GET /session/d64c8a9d67ae429a1af470fcb6f0cd05/screenshot - {}
RESULT: {}
RESULT: {}
COMMAND: POST /session/d64c8a9d67ae429a1af470fcb6f0cd05/actions - {"actions":[{"id":"action75","type":"key","parameters":{},"actions":[{"type":"keyDown","value":"î€‡"},{"type":"pause","duration":10},{"type":"keyUp","value":"î€‡"}]}]}
RESULT: {"actions":[{"id":"action75","type":"key","parameters":{},"actions":[{"type":"keyDown","value":"î€‡"},{"type":"pause","duration":10},{"type":"keyUp","value":"î€‡"}]}]}
COMMAND: POST /session/d64c8a9d67ae429a1af470fcb6f0cd05/execute/async - {"script":"<script> [1562 bytes]","args":[{"selector":{"id":"application-manageconditionprice-display-component---newCondition--condBaseQty","interaction":{"idSuffix":"inner"}},"wdio_ui5_key":"applicationmanageconditionprice-display-component---newCondition--condBaseQty"}]}
COMMAND: GET /session/d64c8a9d67ae429a1af470fcb6f0cd05/screenshot - {}
RESULT: {"script":"<script> [1562 bytes]","args":[{"selector":{"id":"application-manageconditionprice-display-component---newCondition--condBaseQty","interaction":{"idSuffix":"inner"}},"wdio_ui5_key":"applicationmanageconditionprice-display-component---newCondition--condBaseQty"}]}
RESULT: undefined
COMMAND: POST /session/d64c8a9d67ae429a1af470fcb6f0cd05/execute/async - {"script":"<script> [776 bytes]","args":[{"enterText":"1","selector":{"id":"application-manageconditionprice-display-component---newCondition--condBaseQty","interaction":{"idSuffix":"inner"}},"clearTextFirst":true,"interactionType":"ENTER_TEXT"}]}
RESULT: {}
RESULT: {"script":"<script> [776 bytes]","args":[{"enterText":"1","selector":{"id":"application-manageconditionprice-display-component---newCondition--condBaseQty","interaction":{"idSuffix":"inner"}},"clearTextFirst":true,"interactionType":"ENTER_TEXT"}]}
COMMAND: POST /session/d64c8a9d67ae429a1af470fcb6f0cd05/execute/async - {"script":"<script> [1562 bytes]","args":[{"selector":{"id":"application-manageconditionprice-display-component---newCondition--condValue","interaction":{"idSuffix":"inner"}},"wdio_ui5_key":"applicationmanageconditionprice-display-component---newCondition--condValue"}]}
RESULT: {"script":"<script> [1562 bytes]","args":[{"selector":{"id":"application-manageconditionprice-display-component---newCondition--condValue","interaction":{"idSuffix":"inner"}},"wdio_ui5_key":"applicationmanageconditionprice-display-component---newCondition--condValue"}]}
RESULT: undefined
COMMAND: POST /session/d64c8a9d67ae429a1af470fcb6f0cd05/execute/async - {"script":"<script> [776 bytes]","args":[{"enterText":"100","selector":{"id":"application-manageconditionprice-display-component---newCondition--condValue","interaction":{"idSuffix":"inner"}},"clearTextFirst":true,"interactionType":"ENTER_TEXT"}]}
RESULT: {"script":"<script> [776 bytes]","args":[{"enterText":"100","selector":{"id":"application-manageconditionprice-display-component---newCondition--condValue","interaction":{"idSuffix":"inner"}},"clearTextFirst":true,"interactionType":"ENTER_TEXT"}]}
COMMAND: POST /session/d64c8a9d67ae429a1af470fcb6f0cd05/execute/async - {"script":"<script> [1562 bytes]","args":[{"selector":{"id":"application-manageconditionprice-display-component---newCondition--condCurr-arrow"},"wdio_ui5_key":"applicationmanageconditionprice-display-component---newCondition--condCurr-arrow"}]}
RESULT: {"script":"<script> [1562 bytes]","args":[{"selector":{"id":"application-manageconditionprice-display-component---newCondition--condCurr-arrow"},"wdio_ui5_key":"applicationmanageconditionprice-display-component---newCondition--condCurr-arrow"}]}
RESULT: undefined
COMMAND: POST /session/d64c8a9d67ae429a1af470fcb6f0cd05/element - {"using":"xpath","value":"//*[@id=\"application-manageconditionprice-display-component---newCondition--condCurr-arrow\"]"}
RESULT: {"using":"xpath","value":"//*[@id=\"application-manageconditionprice-display-component---newCondition--condCurr-arrow\"]"}
COMMAND: POST /session/d64c8a9d67ae429a1af470fcb6f0cd05/element/f.615B31F35ECDE76F4064C3ADAC5820DC.d.22FCECC8E169F52BB4796C59C835D228.e.15078/click - {}
RESULT: {}
COMMAND: POST /session/d64c8a9d67ae429a1af470fcb6f0cd05/element - {"using":"xpath","value":"//span[contains(text(), \"Euro\")]"}
COMMAND: GET /session/d64c8a9d67ae429a1af470fcb6f0cd05/screenshot - {}
RESULT: {"using":"xpath","value":"//span[contains(text(), \"Euro\")]"}
COMMAND: POST /session/d64c8a9d67ae429a1af470fcb6f0cd05/element/f.615B31F35ECDE76F4064C3ADAC5820DC.d.22FCECC8E169F52BB4796C59C835D228.e.15158/click - {}
RESULT: {}
RESULT: {}
COMMAND: POST /session/d64c8a9d67ae429a1af470fcb6f0cd05/element - {"using":"xpath","value":"//button[@data-kt=\"saveButton\"]"}
COMMAND: GET /session/d64c8a9d67ae429a1af470fcb6f0cd05/screenshot - {}
RESULT: {"using":"xpath","value":"//button[@data-kt=\"saveButton\"]"}
COMMAND: POST /session/d64c8a9d67ae429a1af470fcb6f0cd05/element/f.615B31F35ECDE76F4064C3ADAC5820DC.d.22FCECC8E169F52BB4796C59C835D228.e.15079/click - {}
RESULT: {}
RESULT: {}
COMMAND: GET /session/d64c8a9d67ae429a1af470fcb6f0cd05/screenshot - {}
RESULT: {}
COMMAND: POST /session/d64c8a9d67ae429a1af470fcb6f0cd05/element - {"using":"css selector","value":"#shell-header-logo"}
RESULT: {"using":"css selector","value":"#shell-header-logo"}
COMMAND: POST /session/d64c8a9d67ae429a1af470fcb6f0cd05/element/f.615B31F35ECDE76F4064C3ADAC5820DC.d.22FCECC8E169F52BB4796C59C835D228.e.14621/click - {}
RESULT: {}
COMMAND: GET /session/d64c8a9d67ae429a1af470fcb6f0cd05/screenshot - {}
RESULT: {}
]]></system-out>
    </testcase>
    <testcase classname="chrome.136_0_7103_93.windows.E2E_-_Logistical_and_commercial_statuses" name="Should create a new contract" time="82.705">
      <system-out><![CDATA[
COMMAND: POST /session/d64c8a9d67ae429a1af470fcb6f0cd05/execute/async - {"script":"<script> [1562 bytes]","args":[{"selector":{"controlType":"sap.m.GenericTile","properties":{"header":"Manage Contracts"}},"wdio_ui5_key":"sapm.GenericTile{\"header\":\"Manage Contracts\"}"}]}
RESULT: {"script":"<script> [1562 bytes]","args":[{"selector":{"controlType":"sap.m.GenericTile","properties":{"header":"Manage Contracts"}},"wdio_ui5_key":"sapm.GenericTile{\"header\":\"Manage Contracts\"}"}]}
RESULT: undefined
COMMAND: POST /session/d64c8a9d67ae429a1af470fcb6f0cd05/element - {"using":"xpath","value":"//*[@id=\"__tile130\"]"}
RESULT: {"using":"xpath","value":"//*[@id=\"__tile130\"]"}
COMMAND: POST /session/d64c8a9d67ae429a1af470fcb6f0cd05/element/f.615B31F35ECDE76F4064C3ADAC5820DC.d.22FCECC8E169F52BB4796C59C835D228.e.15310/click - {}
RESULT: {}
COMMAND: GET /session/d64c8a9d67ae429a1af470fcb6f0cd05/screenshot - {}
COMMAND: POST /session/d64c8a9d67ae429a1af470fcb6f0cd05/elements - {"using":"xpath","value":"//span[text()='Error']"}
RESULT: {}
RESULT: {"using":"xpath","value":"//span[text()='Error']"}
COMMAND: POST /session/d64c8a9d67ae429a1af470fcb6f0cd05/element - {"using":"xpath","value":"//button[@data-kt=\"addButton\"]"}
RESULT: {"using":"xpath","value":"//button[@data-kt=\"addButton\"]"}
COMMAND: POST /session/d64c8a9d67ae429a1af470fcb6f0cd05/element/f.615B31F35ECDE76F4064C3ADAC5820DC.d.22FCECC8E169F52BB4796C59C835D228.e.15361/click - {}
RESULT: {}
COMMAND: GET /session/d64c8a9d67ae429a1af470fcb6f0cd05/screenshot - {}
COMMAND: POST /session/d64c8a9d67ae429a1af470fcb6f0cd05/execute/async - {"script":"<script> [1562 bytes]","args":[{"selector":{"id":"application-managecontracts-display-component---AddNewContract--projectDescription","interaction":{"idSuffix":"inner"}},"wdio_ui5_key":"applicationmanagecontracts-display-component---AddNewContract--projectDescription"}]}
RESULT: {}
RESULT: {"script":"<script> [1562 bytes]","args":[{"selector":{"id":"application-managecontracts-display-component---AddNewContract--projectDescription","interaction":{"idSuffix":"inner"}},"wdio_ui5_key":"applicationmanagecontracts-display-component---AddNewContract--projectDescription"}]}
RESULT: undefined
COMMAND: POST /session/d64c8a9d67ae429a1af470fcb6f0cd05/execute/async - {"script":"<script> [776 bytes]","args":[{"enterText":"WdIOR2cd6ji","selector":{"id":"application-managecontracts-display-component---AddNewContract--projectDescription","interaction":{"idSuffix":"inner"}},"clearTextFirst":true,"interactionType":"ENTER_TEXT"}]}
RESULT: {"script":"<script> [776 bytes]","args":[{"enterText":"WdIOR2cd6ji","selector":{"id":"application-managecontracts-display-component---AddNewContract--projectDescription","interaction":{"idSuffix":"inner"}},"clearTextFirst":true,"interactionType":"ENTER_TEXT"}]}
COMMAND: POST /session/d64c8a9d67ae429a1af470fcb6f0cd05/element - {"using":"xpath","value":"//input[@id=\"application-managecontracts-display-component---AddNewContract--yardId-inner\"]"}
RESULT: {"using":"xpath","value":"//input[@id=\"application-managecontracts-display-component---AddNewContract--yardId-inner\"]"}
COMMAND: POST /session/d64c8a9d67ae429a1af470fcb6f0cd05/element/f.615B31F35ECDE76F4064C3ADAC5820DC.d.22FCECC8E169F52BB4796C59C835D228.e.15627/clear - {}
RESULT: {}
COMMAND: POST /session/d64c8a9d67ae429a1af470fcb6f0cd05/element/f.615B31F35ECDE76F4064C3ADAC5820DC.d.22FCECC8E169F52BB4796C59C835D228.e.15627/value - {"text":"WebdriverYards5657"}
COMMAND: GET /session/d64c8a9d67ae429a1af470fcb6f0cd05/screenshot - {}
RESULT: {"text":"WebdriverYards5657"}
COMMAND: GET /session/d64c8a9d67ae429a1af470fcb6f0cd05/screenshot - {}
RESULT: {}
RESULT: {}
COMMAND: POST /session/d64c8a9d67ae429a1af470fcb6f0cd05/actions - {"actions":[{"id":"action76","type":"key","parameters":{},"actions":[{"type":"keyDown","value":"î€‡"},{"type":"pause","duration":10},{"type":"keyUp","value":"î€‡"}]}]}
RESULT: {"actions":[{"id":"action76","type":"key","parameters":{},"actions":[{"type":"keyDown","value":"î€‡"},{"type":"pause","duration":10},{"type":"keyUp","value":"î€‡"}]}]}
COMMAND: GET /session/d64c8a9d67ae429a1af470fcb6f0cd05/screenshot - {}
RESULT: {}
COMMAND: POST /session/d64c8a9d67ae429a1af470fcb6f0cd05/element - {"using":"xpath","value":"//input[@id=\"application-managecontracts-display-component---AddNewContract--customerSelect-inner\"]"}
RESULT: {"using":"xpath","value":"//input[@id=\"application-managecontracts-display-component---AddNewContract--customerSelect-inner\"]"}
COMMAND: POST /session/d64c8a9d67ae429a1af470fcb6f0cd05/element/f.615B31F35ECDE76F4064C3ADAC5820DC.d.22FCECC8E169F52BB4796C59C835D228.e.15625/clear - {}
RESULT: {}
COMMAND: POST /session/d64c8a9d67ae429a1af470fcb6f0cd05/element/f.615B31F35ECDE76F4064C3ADAC5820DC.d.22FCECC8E169F52BB4796C59C835D228.e.15625/value - {"text":"WebdriverPartner2jjnnk"}
COMMAND: GET /session/d64c8a9d67ae429a1af470fcb6f0cd05/screenshot - {}
RESULT: {"text":"WebdriverPartner2jjnnk"}
COMMAND: GET /session/d64c8a9d67ae429a1af470fcb6f0cd05/screenshot - {}
RESULT: {}
RESULT: {}
COMMAND: POST /session/d64c8a9d67ae429a1af470fcb6f0cd05/actions - {"actions":[{"id":"action77","type":"key","parameters":{},"actions":[{"type":"keyDown","value":"î€‡"},{"type":"pause","duration":10},{"type":"keyUp","value":"î€‡"}]}]}
RESULT: {"actions":[{"id":"action77","type":"key","parameters":{},"actions":[{"type":"keyDown","value":"î€‡"},{"type":"pause","duration":10},{"type":"keyUp","value":"î€‡"}]}]}
COMMAND: GET /session/d64c8a9d67ae429a1af470fcb6f0cd05/screenshot - {}
RESULT: {}
COMMAND: POST /session/d64c8a9d67ae429a1af470fcb6f0cd05/element - {"using":"xpath","value":"//input[@id=\"application-managecontracts-display-component---AddNewContract--site-inner\"]"}
RESULT: {"using":"xpath","value":"//input[@id=\"application-managecontracts-display-component---AddNewContract--site-inner\"]"}
COMMAND: POST /session/d64c8a9d67ae429a1af470fcb6f0cd05/element/f.615B31F35ECDE76F4064C3ADAC5820DC.d.22FCECC8E169F52BB4796C59C835D228.e.15626/clear - {}
RESULT: {}
COMMAND: POST /session/d64c8a9d67ae429a1af470fcb6f0cd05/element/f.615B31F35ECDE76F4064C3ADAC5820DC.d.22FCECC8E169F52BB4796C59C835D228.e.15626/value - {"text":"WebdriverSitejl8ma"}
COMMAND: GET /session/d64c8a9d67ae429a1af470fcb6f0cd05/screenshot - {}
RESULT: {"text":"WebdriverSitejl8ma"}
COMMAND: GET /session/d64c8a9d67ae429a1af470fcb6f0cd05/screenshot - {}
RESULT: {}
RESULT: {}
COMMAND: POST /session/d64c8a9d67ae429a1af470fcb6f0cd05/actions - {"actions":[{"id":"action78","type":"key","parameters":{},"actions":[{"type":"keyDown","value":"î€‡"},{"type":"pause","duration":10},{"type":"keyUp","value":"î€‡"}]}]}
RESULT: {"actions":[{"id":"action78","type":"key","parameters":{},"actions":[{"type":"keyDown","value":"î€‡"},{"type":"pause","duration":10},{"type":"keyUp","value":"î€‡"}]}]}
COMMAND: POST /session/d64c8a9d67ae429a1af470fcb6f0cd05/element - {"using":"xpath","value":"//button[@data-kt=\"saveButton\"]"}
COMMAND: GET /session/d64c8a9d67ae429a1af470fcb6f0cd05/screenshot - {}
RESULT: {"using":"xpath","value":"//button[@data-kt=\"saveButton\"]"}
COMMAND: POST /session/d64c8a9d67ae429a1af470fcb6f0cd05/element/f.615B31F35ECDE76F4064C3ADAC5820DC.d.22FCECC8E169F52BB4796C59C835D228.e.15701/click - {}
RESULT: {}
RESULT: {}
COMMAND: GET /session/d64c8a9d67ae429a1af470fcb6f0cd05/screenshot - {}
RESULT: {}
COMMAND: POST /session/d64c8a9d67ae429a1af470fcb6f0cd05/execute/async - {"script":"<script> [1562 bytes]","args":[{"selector":{"id":"contractDetailTitleNoExpanded","viewName":"etm.portal.ui.managecontracts.view.Detail"},"wdio_ui5_key":"contractDetailTitleNoExpandedetmportal.ui.managecontracts.view.Detail"}]}
RESULT: {"script":"<script> [1562 bytes]","args":[{"selector":{"id":"contractDetailTitleNoExpanded","viewName":"etm.portal.ui.managecontracts.view.Detail"},"wdio_ui5_key":"contractDetailTitleNoExpandedetmportal.ui.managecontracts.view.Detail"}]}
RESULT: undefined
COMMAND: POST /session/d64c8a9d67ae429a1af470fcb6f0cd05/execute/async - {"script":"<script> [6424 bytes]","args":[{"element-6066-11e4-a52e-4f735466cecf":"f.615B31F35ECDE76F4064C3ADAC5820DC.d.22FCECC8E169F52BB4796C59C835D228.e.15782"},"getText",[]]}
RESULT: {"script":"<script> [6424 bytes]","args":[{"element-6066-11e4-a52e-4f735466cecf":"f.615B31F35ECDE76F4064C3ADAC5820DC.d.22FCECC8E169F52BB4796C59C835D228.e.15782"},"getText",[]]}
]]></system-out>
    </testcase>
    <testcase classname="chrome.136_0_7103_93.windows.E2E_-_Logistical_and_commercial_statuses" name="Should add materialID to the contract" time="48.217">
      <system-out><![CDATA[
COMMAND: POST /session/d64c8a9d67ae429a1af470fcb6f0cd05/element - {"using":"xpath","value":"//button[@data-kt=\"contractDetailEditBtnButton\"]"}
RESULT: {"using":"xpath","value":"//button[@data-kt=\"contractDetailEditBtnButton\"]"}
COMMAND: POST /session/d64c8a9d67ae429a1af470fcb6f0cd05/element/f.615B31F35ECDE76F4064C3ADAC5820DC.d.22FCECC8E169F52BB4796C59C835D228.e.15783/click - {}
RESULT: {}
COMMAND: GET /session/d64c8a9d67ae429a1af470fcb6f0cd05/screenshot - {}
RESULT: {}
COMMAND: POST /session/d64c8a9d67ae429a1af470fcb6f0cd05/element - {"using":"xpath","value":"(//span[contains(text(), \"Additional Addresses\")])[2]"}
RESULT: {"using":"xpath","value":"(//span[contains(text(), \"Additional Addresses\")])[2]"}
COMMAND: POST /session/d64c8a9d67ae429a1af470fcb6f0cd05/element/f.615B31F35ECDE76F4064C3ADAC5820DC.d.22FCECC8E169F52BB4796C59C835D228.e.15841/click - {}
RESULT: {}
COMMAND: GET /session/d64c8a9d67ae429a1af470fcb6f0cd05/screenshot - {}
RESULT: {}
COMMAND: POST /session/d64c8a9d67ae429a1af470fcb6f0cd05/element - {"using":"xpath","value":"//button[@data-kt=\"btnAddTableRowOverflowToolbarButton\"]"}
RESULT: {"using":"xpath","value":"//button[@data-kt=\"btnAddTableRowOverflowToolbarButton\"]"}
COMMAND: POST /session/d64c8a9d67ae429a1af470fcb6f0cd05/element/f.615B31F35ECDE76F4064C3ADAC5820DC.d.22FCECC8E169F52BB4796C59C835D228.e.15843/click - {}
RESULT: {}
COMMAND: GET /session/d64c8a9d67ae429a1af470fcb6f0cd05/screenshot - {}
RESULT: {}
COMMAND: POST /session/d64c8a9d67ae429a1af470fcb6f0cd05/element - {"using":"xpath","value":"//div[(text() = 'Standard Entry' or . = 'Standard Entry')]"}
RESULT: {"using":"xpath","value":"//div[(text() = 'Standard Entry' or . = 'Standard Entry')]"}
COMMAND: POST /session/d64c8a9d67ae429a1af470fcb6f0cd05/element/f.615B31F35ECDE76F4064C3ADAC5820DC.d.22FCECC8E169F52BB4796C59C835D228.e.15845/click - {}
RESULT: {}
COMMAND: POST /session/d64c8a9d67ae429a1af470fcb6f0cd05/element - {"using":"xpath","value":"//td[6]/div/div/input[1]"}
COMMAND: GET /session/d64c8a9d67ae429a1af470fcb6f0cd05/screenshot - {}
RESULT: {"using":"xpath","value":"//td[6]/div/div/input[1]"}
COMMAND: POST /session/d64c8a9d67ae429a1af470fcb6f0cd05/element/f.615B31F35ECDE76F4064C3ADAC5820DC.d.22FCECC8E169F52BB4796C59C835D228.e.15847/click - {}
RESULT: {}
RESULT: {}
COMMAND: POST /session/d64c8a9d67ae429a1af470fcb6f0cd05/actions - {"actions":[{"id":"action79","type":"key","parameters":{},"actions":[{"type":"keyDown","value":"î€ƒ"},{"type":"pause","duration":10},{"type":"keyUp","value":"î€ƒ"}]}]}
COMMAND: GET /session/d64c8a9d67ae429a1af470fcb6f0cd05/screenshot - {}
RESULT: {"actions":[{"id":"action79","type":"key","parameters":{},"actions":[{"type":"keyDown","value":"î€ƒ"},{"type":"pause","duration":10},{"type":"keyUp","value":"î€ƒ"}]}]}
COMMAND: POST /session/d64c8a9d67ae429a1af470fcb6f0cd05/element - {"using":"xpath","value":"//td[6]/div/div/input[1]"}
COMMAND: GET /session/d64c8a9d67ae429a1af470fcb6f0cd05/screenshot - {}
RESULT: {}
RESULT: {"using":"xpath","value":"//td[6]/div/div/input[1]"}
COMMAND: POST /session/d64c8a9d67ae429a1af470fcb6f0cd05/element/f.615B31F35ECDE76F4064C3ADAC5820DC.d.22FCECC8E169F52BB4796C59C835D228.e.15847/clear - {}
RESULT: {}
RESULT: {}
COMMAND: POST /session/d64c8a9d67ae429a1af470fcb6f0cd05/element/f.615B31F35ECDE76F4064C3ADAC5820DC.d.22FCECC8E169F52BB4796C59C835D228.e.15847/value - {"text":"Material"}
COMMAND: GET /session/d64c8a9d67ae429a1af470fcb6f0cd05/screenshot - {}
RESULT: {"text":"Material"}
COMMAND: GET /session/d64c8a9d67ae429a1af470fcb6f0cd05/screenshot - {}
RESULT: {}
RESULT: {}
COMMAND: POST /session/d64c8a9d67ae429a1af470fcb6f0cd05/actions - {"actions":[{"id":"action80","type":"key","parameters":{},"actions":[{"type":"keyDown","value":"î€‡"},{"type":"pause","duration":10},{"type":"keyUp","value":"î€‡"}]}]}
RESULT: {"actions":[{"id":"action80","type":"key","parameters":{},"actions":[{"type":"keyDown","value":"î€‡"},{"type":"pause","duration":10},{"type":"keyUp","value":"î€‡"}]}]}
COMMAND: GET /session/d64c8a9d67ae429a1af470fcb6f0cd05/screenshot - {}
RESULT: {}
COMMAND: POST /session/d64c8a9d67ae429a1af470fcb6f0cd05/actions - {"actions":[{"id":"action81","type":"key","parameters":{},"actions":[{"type":"keyDown","value":"î€‡"},{"type":"pause","duration":10},{"type":"keyUp","value":"î€‡"}]}]}
RESULT: {"actions":[{"id":"action81","type":"key","parameters":{},"actions":[{"type":"keyDown","value":"î€‡"},{"type":"pause","duration":10},{"type":"keyUp","value":"î€‡"}]}]}
COMMAND: POST /session/d64c8a9d67ae429a1af470fcb6f0cd05/element - {"using":"xpath","value":"//td[7]/div/div/input"}
COMMAND: GET /session/d64c8a9d67ae429a1af470fcb6f0cd05/screenshot - {}
RESULT: {"using":"xpath","value":"//td[7]/div/div/input"}
COMMAND: POST /session/d64c8a9d67ae429a1af470fcb6f0cd05/element/f.615B31F35ECDE76F4064C3ADAC5820DC.d.22FCECC8E169F52BB4796C59C835D228.e.15860/clear - {}
RESULT: {}
RESULT: {}
COMMAND: POST /session/d64c8a9d67ae429a1af470fcb6f0cd05/element/f.615B31F35ECDE76F4064C3ADAC5820DC.d.22FCECC8E169F52BB4796C59C835D228.e.15860/value - {"text":"WebdriverMatTestmunkv"}
COMMAND: GET /session/d64c8a9d67ae429a1af470fcb6f0cd05/screenshot - {}
RESULT: {"text":"WebdriverMatTestmunkv"}
COMMAND: GET /session/d64c8a9d67ae429a1af470fcb6f0cd05/screenshot - {}
RESULT: {}
RESULT: {}
COMMAND: POST /session/d64c8a9d67ae429a1af470fcb6f0cd05/actions - {"actions":[{"id":"action82","type":"key","parameters":{},"actions":[{"type":"keyDown","value":"î€‡"},{"type":"pause","duration":10},{"type":"keyUp","value":"î€‡"}]}]}
RESULT: {"actions":[{"id":"action82","type":"key","parameters":{},"actions":[{"type":"keyDown","value":"î€‡"},{"type":"pause","duration":10},{"type":"keyUp","value":"î€‡"}]}]}
COMMAND: GET /session/d64c8a9d67ae429a1af470fcb6f0cd05/screenshot - {}
COMMAND: POST /session/d64c8a9d67ae429a1af470fcb6f0cd05/actions - {"actions":[{"id":"action83","type":"key","parameters":{},"actions":[{"type":"keyDown","value":"î€‡"},{"type":"pause","duration":10},{"type":"keyUp","value":"î€‡"}]}]}
RESULT: {}
RESULT: {"actions":[{"id":"action83","type":"key","parameters":{},"actions":[{"type":"keyDown","value":"î€‡"},{"type":"pause","duration":10},{"type":"keyUp","value":"î€‡"}]}]}
COMMAND: GET /session/d64c8a9d67ae429a1af470fcb6f0cd05/screenshot - {}
RESULT: {}
COMMAND: POST /session/d64c8a9d67ae429a1af470fcb6f0cd05/element - {"using":"xpath","value":"(//button[@data-kt=\"saveButton\"])[2]"}
RESULT: {"using":"xpath","value":"(//button[@data-kt=\"saveButton\"])[2]"}
COMMAND: POST /session/d64c8a9d67ae429a1af470fcb6f0cd05/element/f.615B31F35ECDE76F4064C3ADAC5820DC.d.22FCECC8E169F52BB4796C59C835D228.e.15883/click - {}
RESULT: {}
COMMAND: GET /session/d64c8a9d67ae429a1af470fcb6f0cd05/screenshot - {}
RESULT: {}
]]></system-out>
    </testcase>
    <testcase classname="chrome.136_0_7103_93.windows.E2E_-_Logistical_and_commercial_statuses" name="It should follow the handover steps to the status fully provided" time="439.765">
      <system-out><![CDATA[
COMMAND: POST /session/d64c8a9d67ae429a1af470fcb6f0cd05/execute/async - {"script":"<script> [1562 bytes]","args":[{"selector":{"id":"contractDetailProvideButton","viewName":"etm.portal.ui.managecontracts.view.Detail","interaction":{"idSuffix":"BDI-content"}},"wdio_ui5_key":"contractDetailProvideButtonetmportal.ui.managecontracts.view.Detail"}]}
RESULT: {"script":"<script> [1562 bytes]","args":[{"selector":{"id":"contractDetailProvideButton","viewName":"etm.portal.ui.managecontracts.view.Detail","interaction":{"idSuffix":"BDI-content"}},"wdio_ui5_key":"contractDetailProvideButtonetmportal.ui.managecontracts.view.Detail"}]}
RESULT: undefined
COMMAND: POST /session/d64c8a9d67ae429a1af470fcb6f0cd05/element - {"using":"xpath","value":"//*[@id=\"__xmlview61--contractDetailProvideButton\"]"}
RESULT: {"using":"xpath","value":"//*[@id=\"__xmlview61--contractDetailProvideButton\"]"}
COMMAND: POST /session/d64c8a9d67ae429a1af470fcb6f0cd05/element/f.615B31F35ECDE76F4064C3ADAC5820DC.d.22FCECC8E169F52BB4796C59C835D228.e.15888/click - {}
RESULT: {}
COMMAND: GET /session/d64c8a9d67ae429a1af470fcb6f0cd05/screenshot - {}
RESULT: {}
COMMAND: POST /session/d64c8a9d67ae429a1af470fcb6f0cd05/execute/async - {"script":"<script> [1562 bytes]","args":[{"selector":{"id":"application-managehandovers-display-component---AddNewHO--oneStep","interaction":{"idSuffix":"CbBg"}},"wdio_ui5_key":"applicationmanagehandovers-display-component---AddNewHO--oneStep"}]}
RESULT: {"script":"<script> [1562 bytes]","args":[{"selector":{"id":"application-managehandovers-display-component---AddNewHO--oneStep","interaction":{"idSuffix":"CbBg"}},"wdio_ui5_key":"applicationmanagehandovers-display-component---AddNewHO--oneStep"}]}
RESULT: undefined
COMMAND: POST /session/d64c8a9d67ae429a1af470fcb6f0cd05/element - {"using":"xpath","value":"//*[@id=\"application-managehandovers-display-component---AddNewHO--oneStep\"]"}
RESULT: {"using":"xpath","value":"//*[@id=\"application-managehandovers-display-component---AddNewHO--oneStep\"]"}
COMMAND: POST /session/d64c8a9d67ae429a1af470fcb6f0cd05/element/f.615B31F35ECDE76F4064C3ADAC5820DC.d.22FCECC8E169F52BB4796C59C835D228.e.16058/click - {}
RESULT: {}
RESULT: undefined
COMMAND: POST /session/d64c8a9d67ae429a1af470fcb6f0cd05/execute/async - {"script":"<script> [776 bytes]","args":[{"enterText":"06/04/25","selector":{"id":"application-managehandovers-display-component---AddNewHO--dueDate","interaction":{"idSuffix":"inner"}},"clearTextFirst":true,"interactionType":"ENTER_TEXT"}]}
COMMAND: GET /session/d64c8a9d67ae429a1af470fcb6f0cd05/screenshot - {}
RESULT: {"script":"<script> [776 bytes]","args":[{"enterText":"06/04/25","selector":{"id":"application-managehandovers-display-component---AddNewHO--dueDate","interaction":{"idSuffix":"inner"}},"clearTextFirst":true,"interactionType":"ENTER_TEXT"}]}
RESULT: undefined
COMMAND: POST /session/d64c8a9d67ae429a1af470fcb6f0cd05/element - {"using":"xpath","value":"//*[@id=\"application-managehandovers-display-component---AddNewHO--ObjectPageLayout-anchBar-application-managehandovers-display-component---AddNewHO--section4-anchor\"]"}
RESULT: {}
RESULT: {"using":"xpath","value":"//*[@id=\"application-managehandovers-display-component---AddNewHO--ObjectPageLayout-anchBar-application-managehandovers-display-component---AddNewHO--section4-anchor\"]"}
COMMAND: POST /session/d64c8a9d67ae429a1af470fcb6f0cd05/element/f.615B31F35ECDE76F4064C3ADAC5820DC.d.22FCECC8E169F52BB4796C59C835D228.e.16059/click - {}
RESULT: {}
COMMAND: POST /session/d64c8a9d67ae429a1af470fcb6f0cd05/execute/async - {"script":"<script> [1562 bytes]","args":[{"selector":{"controlType":"sap.ui.core.Icon","viewName":"etm.portal.ui.managehandovers.view.AddNewHO","viewId":"application-managehandovers-display-component---AddNewHO","properties":{"src":{"regex":{"source":"add"}}}},"wdio_ui5_key":"etmportal.ui.managehandovers.view.AddNewHOsap.ui.core.Icon{\"src\":{\"regex\":{\"source\":\"add\"}}}"}]}
COMMAND: GET /session/d64c8a9d67ae429a1af470fcb6f0cd05/screenshot - {}
RESULT: {"script":"<script> [1562 bytes]","args":[{"selector":{"controlType":"sap.ui.core.Icon","viewName":"etm.portal.ui.managehandovers.view.AddNewHO","viewId":"application-managehandovers-display-component---AddNewHO","properties":{"src":{"regex":{"source":"add"}}}},"wdio_ui5_key":"etmportal.ui.managehandovers.view.AddNewHOsap.ui.core.Icon{\"src\":{\"regex\":{\"source\":\"add\"}}}"}]}
RESULT: undefined
COMMAND: POST /session/d64c8a9d67ae429a1af470fcb6f0cd05/element - {"using":"xpath","value":"//*[@id=\"__button176-img\"]"}
RESULT: {}
RESULT: {"using":"xpath","value":"//*[@id=\"__button176-img\"]"}
COMMAND: POST /session/d64c8a9d67ae429a1af470fcb6f0cd05/element/f.615B31F35ECDE76F4064C3ADAC5820DC.d.22FCECC8E169F52BB4796C59C835D228.e.16063/click - {}
RESULT: {}
COMMAND: GET /session/d64c8a9d67ae429a1af470fcb6f0cd05/screenshot - {}
RESULT: {}
RESULT: undefined
COMMAND: POST /session/d64c8a9d67ae429a1af470fcb6f0cd05/element - {"using":"xpath","value":"//*[@id=\"application-managehandovers-display-component---AddNewHO--popup-sa\"]"}
RESULT: {"using":"xpath","value":"//*[@id=\"application-managehandovers-display-component---AddNewHO--popup-sa\"]"}
COMMAND: POST /session/d64c8a9d67ae429a1af470fcb6f0cd05/element/f.615B31F35ECDE76F4064C3ADAC5820DC.d.22FCECC8E169F52BB4796C59C835D228.e.16080/click - {}
RESULT: {}
COMMAND: POST /session/d64c8a9d67ae429a1af470fcb6f0cd05/execute/async - {"script":"<script> [1562 bytes]","args":[{"selector":{"controlType":"sap.m.Button","viewName":"etm.portal.ui.managehandovers.view.AddNewHO","viewId":"application-managehandovers-display-component---AddNewHO","i18NText":{"propertyName":"text","key":"select"},"searchOpenDialogs":true,"interaction":{"idSuffix":"inner"}},"wdio_ui5_key":"etmportal.ui.managehandovers.view.AddNewHOsap.m.Button{\"propertyName\":\"text\",\"key\":\"select\"}"}]}
COMMAND: GET /session/d64c8a9d67ae429a1af470fcb6f0cd05/screenshot - {}
RESULT: {"script":"<script> [1562 bytes]","args":[{"selector":{"controlType":"sap.m.Button","viewName":"etm.portal.ui.managehandovers.view.AddNewHO","viewId":"application-managehandovers-display-component---AddNewHO","i18NText":{"propertyName":"text","key":"select"},"searchOpenDialogs":true,"interaction":{"idSuffix":"inner"}},"wdio_ui5_key":"etmportal.ui.managehandovers.view.AddNewHOsap.m.Button{\"propertyName\":\"text\",\"key\":\"select\"}"}]}
RESULT: undefined
COMMAND: POST /session/d64c8a9d67ae429a1af470fcb6f0cd05/element - {"using":"xpath","value":"//*[@id=\"__button180\"]"}
RESULT: {}
RESULT: {"using":"xpath","value":"//*[@id=\"__button180\"]"}
COMMAND: POST /session/d64c8a9d67ae429a1af470fcb6f0cd05/element/f.615B31F35ECDE76F4064C3ADAC5820DC.d.22FCECC8E169F52BB4796C59C835D228.e.16083/click - {}
RESULT: {}
COMMAND: POST /session/d64c8a9d67ae429a1af470fcb6f0cd05/execute/async - {"script":"<script> [1562 bytes]","args":[{"selector":{"id":"application-managehandovers-display-component---AddNewHO--confirmCreationButton","interaction":{"idSuffix":"BDI-content"}},"wdio_ui5_key":"applicationmanagehandovers-display-component---AddNewHO--confirmCreationButton"}]}
COMMAND: GET /session/d64c8a9d67ae429a1af470fcb6f0cd05/screenshot - {}
RESULT: {"script":"<script> [1562 bytes]","args":[{"selector":{"id":"application-managehandovers-display-component---AddNewHO--confirmCreationButton","interaction":{"idSuffix":"BDI-content"}},"wdio_ui5_key":"applicationmanagehandovers-display-component---AddNewHO--confirmCreationButton"}]}
RESULT: undefined
COMMAND: POST /session/d64c8a9d67ae429a1af470fcb6f0cd05/element - {"using":"xpath","value":"//*[@id=\"application-managehandovers-display-component---AddNewHO--confirmCreationButton\"]"}
RESULT: {}
RESULT: {"using":"xpath","value":"//*[@id=\"application-managehandovers-display-component---AddNewHO--confirmCreationButton\"]"}
COMMAND: POST /session/d64c8a9d67ae429a1af470fcb6f0cd05/element/f.615B31F35ECDE76F4064C3ADAC5820DC.d.22FCECC8E169F52BB4796C59C835D228.e.16011/click - {}
RESULT: {}
COMMAND: GET /session/d64c8a9d67ae429a1af470fcb6f0cd05/screenshot - {}
RESULT: {}
COMMAND: POST /session/d64c8a9d67ae429a1af470fcb6f0cd05/element - {"using":"xpath","value":"//a[contains(@data-kt ,\"GeneralSectionReceiveContracttLink\")]"}
RESULT: {"using":"xpath","value":"//a[contains(@data-kt ,\"GeneralSectionReceiveContracttLink\")]"}
COMMAND: POST /session/d64c8a9d67ae429a1af470fcb6f0cd05/element/f.615B31F35ECDE76F4064C3ADAC5820DC.d.22FCECC8E169F52BB4796C59C835D228.e.16127/click - {}
RESULT: {}
COMMAND: GET /session/d64c8a9d67ae429a1af470fcb6f0cd05/screenshot - {}
RESULT: {}
COMMAND: POST /session/d64c8a9d67ae429a1af470fcb6f0cd05/element - {"using":"xpath","value":"//a[contains(@data-kt ,\"ContextMenuId2Link\")]"}
RESULT: {"using":"xpath","value":"//a[contains(@data-kt ,\"ContextMenuId2Link\")]"}
COMMAND: POST /session/d64c8a9d67ae429a1af470fcb6f0cd05/element/f.615B31F35ECDE76F4064C3ADAC5820DC.d.22FCECC8E169F52BB4796C59C835D228.e.16138/click - {}
RESULT: {}
COMMAND: GET /session/d64c8a9d67ae429a1af470fcb6f0cd05/screenshot - {}
RESULT: {}
COMMAND: POST /session/d64c8a9d67ae429a1af470fcb6f0cd05/execute/async - {"script":"<script> [1562 bytes]","args":[{"selector":{"controlType":"sap.m.ObjectStatus","viewName":"etm.portal.ui.managecontracts.view.Detail","bindingPath":{"propertyPath":"LINK_TO_LOGISTICAL_STATUS/DESCRIPTION","modelName":"catalogModel"}},"wdio_ui5_key":"etmportal.ui.managecontracts.view.Detailsap.m.ObjectStatus{\"propertyPath\":\"LINK_TO_LOGISTICAL_STATUS/DESCRIPTION\",\"modelName\":\"catalogModel\"}"}]}
RESULT: {"script":"<script> [1562 bytes]","args":[{"selector":{"controlType":"sap.m.ObjectStatus","viewName":"etm.portal.ui.managecontracts.view.Detail","bindingPath":{"propertyPath":"LINK_TO_LOGISTICAL_STATUS/DESCRIPTION","modelName":"catalogModel"}},"wdio_ui5_key":"etmportal.ui.managecontracts.view.Detailsap.m.ObjectStatus{\"propertyPath\":\"LINK_TO_LOGISTICAL_STATUS/DESCRIPTION\",\"modelName\":\"catalogModel\"}"}]}
RESULT: undefined
COMMAND: POST /session/d64c8a9d67ae429a1af470fcb6f0cd05/execute/async - {"script":"<script> [6424 bytes]","args":[{"element-6066-11e4-a52e-4f735466cecf":"f.615B31F35ECDE76F4064C3ADAC5820DC.d.22FCECC8E169F52BB4796C59C835D228.e.16358"},"getText",[]]}
RESULT: {"script":"<script> [6424 bytes]","args":[{"element-6066-11e4-a52e-4f735466cecf":"f.615B31F35ECDE76F4064C3ADAC5820DC.d.22FCECC8E169F52BB4796C59C835D228.e.16358"},"getText",[]]}
COMMAND: POST /session/d64c8a9d67ae429a1af470fcb6f0cd05/execute/async - {"script":"<script> [1562 bytes]","args":[{"selector":{"controlType":"sap.m.ObjectStatus","viewName":"etm.portal.ui.managecontracts.view.Detail","bindingPath":{"propertyPath":"LINK_TO_COMMERCIAL_STATUS/DESCRIPTION","modelName":"catalogModel"}},"wdio_ui5_key":"etmportal.ui.managecontracts.view.Detailsap.m.ObjectStatus{\"propertyPath\":\"LINK_TO_COMMERCIAL_STATUS/DESCRIPTION\",\"modelName\":\"catalogModel\"}"}]}
RESULT: {"script":"<script> [1562 bytes]","args":[{"selector":{"controlType":"sap.m.ObjectStatus","viewName":"etm.portal.ui.managecontracts.view.Detail","bindingPath":{"propertyPath":"LINK_TO_COMMERCIAL_STATUS/DESCRIPTION","modelName":"catalogModel"}},"wdio_ui5_key":"etmportal.ui.managecontracts.view.Detailsap.m.ObjectStatus{\"propertyPath\":\"LINK_TO_COMMERCIAL_STATUS/DESCRIPTION\",\"modelName\":\"catalogModel\"}"}]}
RESULT: undefined
COMMAND: POST /session/d64c8a9d67ae429a1af470fcb6f0cd05/execute/async - {"script":"<script> [6424 bytes]","args":[{"element-6066-11e4-a52e-4f735466cecf":"f.615B31F35ECDE76F4064C3ADAC5820DC.d.22FCECC8E169F52BB4796C59C835D228.e.16359"},"getText",[]]}
RESULT: {"script":"<script> [6424 bytes]","args":[{"element-6066-11e4-a52e-4f735466cecf":"f.615B31F35ECDE76F4064C3ADAC5820DC.d.22FCECC8E169F52BB4796C59C835D228.e.16359"},"getText",[]]}
COMMAND: POST /session/d64c8a9d67ae429a1af470fcb6f0cd05/execute/async - {"script":"<script> [1562 bytes]","args":[{"selector":{"id":"backBtn"},"wdio_ui5_key":"backBtn"}]}
RESULT: {"script":"<script> [1562 bytes]","args":[{"selector":{"id":"backBtn"},"wdio_ui5_key":"backBtn"}]}
RESULT: undefined
COMMAND: POST /session/d64c8a9d67ae429a1af470fcb6f0cd05/element - {"using":"xpath","value":"//*[@id=\"backBtn\"]"}
RESULT: {"using":"xpath","value":"//*[@id=\"backBtn\"]"}
COMMAND: POST /session/d64c8a9d67ae429a1af470fcb6f0cd05/element/f.615B31F35ECDE76F4064C3ADAC5820DC.d.22FCECC8E169F52BB4796C59C835D228.e.16360/click - {}
RESULT: {}
COMMAND: GET /session/d64c8a9d67ae429a1af470fcb6f0cd05/screenshot - {}
COMMAND: POST /session/d64c8a9d67ae429a1af470fcb6f0cd05/execute/async - {"script":"<script> [1562 bytes]","args":[{"selector":{"controlType":"sap.m.Text","viewName":"etm.portal.ui.managehandovers.view.DetailExecuteHO","bindingPath":{"propertyPath":"NO","modelName":"catalogModel"}},"wdio_ui5_key":"etmportal.ui.managehandovers.view.DetailExecuteHOsap.m.Text{\"propertyPath\":\"NO\",\"modelName\":\"catalogModel\"}"}]}
RESULT: {}
RESULT: {"script":"<script> [1562 bytes]","args":[{"selector":{"controlType":"sap.m.Text","viewName":"etm.portal.ui.managehandovers.view.DetailExecuteHO","bindingPath":{"propertyPath":"NO","modelName":"catalogModel"}},"wdio_ui5_key":"etmportal.ui.managehandovers.view.DetailExecuteHOsap.m.Text{\"propertyPath\":\"NO\",\"modelName\":\"catalogModel\"}"}]}
RESULT: undefined
COMMAND: POST /session/d64c8a9d67ae429a1af470fcb6f0cd05/execute/async - {"script":"<script> [6424 bytes]","args":[{"element-6066-11e4-a52e-4f735466cecf":"f.615B31F35ECDE76F4064C3ADAC5820DC.d.22FCECC8E169F52BB4796C59C835D228.e.16499"},"getText",[]]}
RESULT: {"script":"<script> [6424 bytes]","args":[{"element-6066-11e4-a52e-4f735466cecf":"f.615B31F35ECDE76F4064C3ADAC5820DC.d.22FCECC8E169F52BB4796C59C835D228.e.16499"},"getText",[]]}
COMMAND: POST /session/d64c8a9d67ae429a1af470fcb6f0cd05/element - {"using":"xpath","value":"//input[contains(@id ,\"issueDatePicker-inner\")]"}
RESULT: {"using":"xpath","value":"//input[contains(@id ,\"issueDatePicker-inner\")]"}
COMMAND: GET /session/d64c8a9d67ae429a1af470fcb6f0cd05/element/f.615B31F35ECDE76F4064C3ADAC5820DC.d.22FCECC8E169F52BB4796C59C835D228.e.16481/property/value - {}
RESULT: {}
COMMAND: POST /session/d64c8a9d67ae429a1af470fcb6f0cd05/element/f.615B31F35ECDE76F4064C3ADAC5820DC.d.22FCECC8E169F52BB4796C59C835D228.e.16481/clear - {}
COMMAND: GET /session/d64c8a9d67ae429a1af470fcb6f0cd05/screenshot - {}
RESULT: {}
COMMAND: POST /session/d64c8a9d67ae429a1af470fcb6f0cd05/element/f.615B31F35ECDE76F4064C3ADAC5820DC.d.22FCECC8E169F52BB4796C59C835D228.e.16481/value - {"text":"06/04/25"}
COMMAND: GET /session/d64c8a9d67ae429a1af470fcb6f0cd05/screenshot - {}
RESULT: {}
RESULT: {"text":"06/04/25"}
COMMAND: GET /session/d64c8a9d67ae429a1af470fcb6f0cd05/screenshot - {}
RESULT: {}
RESULT: {}
COMMAND: POST /session/d64c8a9d67ae429a1af470fcb6f0cd05/execute/async - {"script":"<script> [1562 bytes]","args":[{"selector":{"controlType":"sap.m.Button","viewName":"etm.portal.ui.managehandovers.view.DetailExecuteHO","i18NText":{"propertyName":"text","key":"confirmAll"},"interaction":{"idSuffix":"inner"}},"wdio_ui5_key":"etmportal.ui.managehandovers.view.DetailExecuteHOsap.m.Button{\"propertyName\":\"text\",\"key\":\"confirmAll\"}"}]}
RESULT: {"script":"<script> [1562 bytes]","args":[{"selector":{"controlType":"sap.m.Button","viewName":"etm.portal.ui.managehandovers.view.DetailExecuteHO","i18NText":{"propertyName":"text","key":"confirmAll"},"interaction":{"idSuffix":"inner"}},"wdio_ui5_key":"etmportal.ui.managehandovers.view.DetailExecuteHOsap.m.Button{\"propertyName\":\"text\",\"key\":\"confirmAll\"}"}]}
RESULT: undefined
COMMAND: POST /session/d64c8a9d67ae429a1af470fcb6f0cd05/element - {"using":"xpath","value":"//*[@id=\"__button264\"]"}
RESULT: {"using":"xpath","value":"//*[@id=\"__button264\"]"}
COMMAND: POST /session/d64c8a9d67ae429a1af470fcb6f0cd05/element/f.615B31F35ECDE76F4064C3ADAC5820DC.d.22FCECC8E169F52BB4796C59C835D228.e.16504/click - {}
RESULT: {}
COMMAND: GET /session/d64c8a9d67ae429a1af470fcb6f0cd05/screenshot - {}
RESULT: {}
COMMAND: POST /session/d64c8a9d67ae429a1af470fcb6f0cd05/actions - {"actions":[{"id":"action84","type":"key","parameters":{},"actions":[{"type":"keyDown","value":"î€‡"},{"type":"pause","duration":10},{"type":"keyUp","value":"î€‡"}]}]}
RESULT: {"actions":[{"id":"action84","type":"key","parameters":{},"actions":[{"type":"keyDown","value":"î€‡"},{"type":"pause","duration":10},{"type":"keyUp","value":"î€‡"}]}]}
COMMAND: GET /session/d64c8a9d67ae429a1af470fcb6f0cd05/screenshot - {}
RESULT: {}
RESULT: undefined
COMMAND: POST /session/d64c8a9d67ae429a1af470fcb6f0cd05/element - {"using":"xpath","value":"//*[@id=\"__button264\"]"}
RESULT: {"using":"xpath","value":"//*[@id=\"__button264\"]"}
COMMAND: POST /session/d64c8a9d67ae429a1af470fcb6f0cd05/element/f.615B31F35ECDE76F4064C3ADAC5820DC.d.22FCECC8E169F52BB4796C59C835D228.e.16504/click - {}
RESULT: {}
COMMAND: GET /session/d64c8a9d67ae429a1af470fcb6f0cd05/screenshot - {}
RESULT: {}
COMMAND: POST /session/d64c8a9d67ae429a1af470fcb6f0cd05/execute/async - {"script":"<script> [1562 bytes]","args":[{"selector":{"controlType":"sap.m.Button","properties":{"text":"OK"},"searchOpenDialogs":true,"interaction":{"idSuffix":"content"}},"wdio_ui5_key":"sapm.Button{\"text\":\"OK\"}"}]}
RESULT: {"script":"<script> [1562 bytes]","args":[{"selector":{"controlType":"sap.m.Button","properties":{"text":"OK"},"searchOpenDialogs":true,"interaction":{"idSuffix":"content"}},"wdio_ui5_key":"sapm.Button{\"text\":\"OK\"}"}]}
RESULT: undefined
COMMAND: POST /session/d64c8a9d67ae429a1af470fcb6f0cd05/element - {"using":"xpath","value":"//*[@id=\"__mbox-btn-4\"]"}
RESULT: {"using":"xpath","value":"//*[@id=\"__mbox-btn-4\"]"}
COMMAND: POST /session/d64c8a9d67ae429a1af470fcb6f0cd05/element/f.615B31F35ECDE76F4064C3ADAC5820DC.d.22FCECC8E169F52BB4796C59C835D228.e.16513/click - {}
RESULT: {}
COMMAND: GET /session/d64c8a9d67ae429a1af470fcb6f0cd05/screenshot - {}
RESULT: {}
COMMAND: POST /session/d64c8a9d67ae429a1af470fcb6f0cd05/element - {"using":"xpath","value":"//button[contains(@data-kt ,\"execHoPickFooterButton\")]"}
RESULT: {"using":"xpath","value":"//button[contains(@data-kt ,\"execHoPickFooterButton\")]"}
COMMAND: POST /session/d64c8a9d67ae429a1af470fcb6f0cd05/element/f.615B31F35ECDE76F4064C3ADAC5820DC.d.22FCECC8E169F52BB4796C59C835D228.e.16517/click - {}
RESULT: {}
COMMAND: GET /session/d64c8a9d67ae429a1af470fcb6f0cd05/screenshot - {}
RESULT: {}
COMMAND: POST /session/d64c8a9d67ae429a1af470fcb6f0cd05/refresh - {}
RESULT: {}
COMMAND: GET /session/d64c8a9d67ae429a1af470fcb6f0cd05/screenshot - {}
RESULT: {}
COMMAND: POST /session/d64c8a9d67ae429a1af470fcb6f0cd05/refresh - {}
RESULT: {}
COMMAND: GET /session/d64c8a9d67ae429a1af470fcb6f0cd05/screenshot - {}
RESULT: {}
COMMAND: POST /session/d64c8a9d67ae429a1af470fcb6f0cd05/window/fullscreen - {}
RESULT: {}
COMMAND: POST /session/d64c8a9d67ae429a1af470fcb6f0cd05/execute/async - {"script":"<script> [189 bytes]","args":[]}
RESULT: {"script":"<script> [189 bytes]","args":[]}
COMMAND: POST /session/d64c8a9d67ae429a1af470fcb6f0cd05/execute/async - {"script":"<script> [123 bytes]","args":[]}
RESULT: {"script":"<script> [123 bytes]","args":[]}
COMMAND: POST /session/d64c8a9d67ae429a1af470fcb6f0cd05/timeouts - {"script":"<number>"}
RESULT: {"script":"<number>"}
COMMAND: GET /session/d64c8a9d67ae429a1af470fcb6f0cd05/timeouts - {}
RESULT: {}
RESULT: undefined
COMMAND: POST /session/d64c8a9d67ae429a1af470fcb6f0cd05/execute/async - {"script":"<script> [2676 bytes]","args":[]}
RESULT: {"script":"<script> [2676 bytes]","args":[]}
COMMAND: POST /session/d64c8a9d67ae429a1af470fcb6f0cd05/execute/async - {"script":"<script> [2342 bytes]","args":[{"protocol":"http","hostname":"0.0.0.0","path":"/","capabilities":{"browserName":"chrome","goog:chromeOptions":{"binary":"C:\\Program Files\\Google\\Chrome\\Application\\chrome.exe","args":["--start-maximized"]}},"logLevel":"warn","connectionRetryTimeout":120000,"connectionRetryCount":3,"logLevels":{},"enableDirectConnect":true,"strictSSL":true,"_":"65 more keys: [\"cacheDir\",\"port\",\"requestedCapabilities\",\"automationProtocol\",\"baseUrl\",\"waitforInterval\",\"waitforTimeout\",\"onReload\",\"beforeCommand\",\"afterCommand\",\"rootDir\",\"specs\",\"suites\",\"exclude\",\"groupLogsByTestSpec\",\"excludeDriverLogs\",\"bail\",\"framework\",\"reporters\",\"services\",\"maxInstances\",\"maxInstancesPerCapability\",\"injectGlobals\",\"filesToWatch\",\"execArgv\",\"runnerEnv\",\"runner\",\"shard\",\"specFileRetries\",\"specFileRetriesDelay\",\"specFileRetriesDeferred\",\"reporterSyncInterval\",\"reporterSyncTimeout\",\"cucumberFeaturesWithLineNumbers\",\"autoCompileOpts\",\"mochaOpts\",\"jasmineOpts\",\"cucumberOpts\",\"onPrepare\",\"onWorkerStart\",\"onWorkerEnd\",\"before\",\"beforeSession\",\"beforeSuite\",\"beforeHook\",\"beforeTest\",\"afterTest\",\"afterHook\",\"afterSuite\",\"afterSession\",\"after\",\"onComplete\",\"beforeAssertion\",\"afterAssertion\",\"beforeFeature\",\"beforeScenario\",\"beforeStep\",\"afterStep\",\"afterScenario\",\"afterFeature\",\"_\",\"suite\",\"$0\",\"ignoredWorkerServices\",\"wdi5\"]"}]}
RESULT: {"script":"<script> [2342 bytes]","args":[{"protocol":"http","hostname":"0.0.0.0","path":"/","capabilities":{"browserName":"chrome","goog:chromeOptions":{"binary":"C:\\Program Files\\Google\\Chrome\\Application\\chrome.exe","args":["--start-maximized"]}},"logLevel":"warn","connectionRetryTimeout":120000,"connectionRetryCount":3,"logLevels":{},"enableDirectConnect":true,"strictSSL":true,"_":"65 more keys: [\"cacheDir\",\"port\",\"requestedCapabilities\",\"automationProtocol\",\"baseUrl\",\"waitforInterval\",\"waitforTimeout\",\"onReload\",\"beforeCommand\",\"afterCommand\",\"rootDir\",\"specs\",\"suites\",\"exclude\",\"groupLogsByTestSpec\",\"excludeDriverLogs\",\"bail\",\"framework\",\"reporters\",\"services\",\"maxInstances\",\"maxInstancesPerCapability\",\"injectGlobals\",\"filesToWatch\",\"execArgv\",\"runnerEnv\",\"runner\",\"shard\",\"specFileRetries\",\"specFileRetriesDelay\",\"specFileRetriesDeferred\",\"reporterSyncInterval\",\"reporterSyncTimeout\",\"cucumberFeaturesWithLineNumbers\",\"autoCompileOpts\",\"mochaOpts\",\"jasmineOpts\",\"cucumberOpts\",\"onPrepare\",\"onWorkerStart\",\"onWorkerEnd\",\"before\",\"beforeSession\",\"beforeSuite\",\"beforeHook\",\"beforeTest\",\"afterTest\",\"afterHook\",\"afterSuite\",\"afterSession\",\"after\",\"onComplete\",\"beforeAssertion\",\"afterAssertion\",\"beforeFeature\",\"beforeScenario\",\"beforeStep\",\"afterStep\",\"afterScenario\",\"afterFeature\",\"_\",\"suite\",\"$0\",\"ignoredWorkerServices\",\"wdi5\"]"}]}
COMMAND: POST /session/d64c8a9d67ae429a1af470fcb6f0cd05/execute/async - {"script":"<script> [21126 bytes]","args":[35000]}
RESULT: {"script":"<script> [21126 bytes]","args":[35000]}
COMMAND: POST /session/d64c8a9d67ae429a1af470fcb6f0cd05/execute/async - {"script":"<script> [1562 bytes]","args":[{"selector":{"controlType":"sap.m.SearchField","viewName":"etm.portal.ui.managehandovers.view.MasterHO","bindingPath":{"path":"","propertyPath":"/_BASIC_SEARCH_FIELD","modelName":"fi1t3rM0d31"},"interaction":{"idSuffix":"I"}},"wdio_ui5_key":"etmportal.ui.managehandovers.view.MasterHOsap.m.SearchField{\"path\":\"\",\"propertyPath\":\"/_BASIC_SEARCH_FIELD\",\"modelName\":\"fi1t3rM0d31\"}"}]}
RESULT: {"script":"<script> [1562 bytes]","args":[{"selector":{"controlType":"sap.m.SearchField","viewName":"etm.portal.ui.managehandovers.view.MasterHO","bindingPath":{"path":"","propertyPath":"/_BASIC_SEARCH_FIELD","modelName":"fi1t3rM0d31"},"interaction":{"idSuffix":"I"}},"wdio_ui5_key":"etmportal.ui.managehandovers.view.MasterHOsap.m.SearchField{\"path\":\"\",\"propertyPath\":\"/_BASIC_SEARCH_FIELD\",\"modelName\":\"fi1t3rM0d31\"}"}]}
RESULT: undefined
COMMAND: POST /session/d64c8a9d67ae429a1af470fcb6f0cd05/execute/async - {"script":"<script> [776 bytes]","args":[{"enterText":"30914","selector":{"controlType":"sap.m.SearchField","viewName":"etm.portal.ui.managehandovers.view.MasterHO","bindingPath":{"path":"","propertyPath":"/_BASIC_SEARCH_FIELD","modelName":"fi1t3rM0d31"},"interaction":{"idSuffix":"I"}},"clearTextFirst":true,"interactionType":"ENTER_TEXT"}]}
RESULT: {"script":"<script> [776 bytes]","args":[{"enterText":"30914","selector":{"controlType":"sap.m.SearchField","viewName":"etm.portal.ui.managehandovers.view.MasterHO","bindingPath":{"path":"","propertyPath":"/_BASIC_SEARCH_FIELD","modelName":"fi1t3rM0d31"},"interaction":{"idSuffix":"I"}},"clearTextFirst":true,"interactionType":"ENTER_TEXT"}]}
COMMAND: POST /session/d64c8a9d67ae429a1af470fcb6f0cd05/actions - {"actions":[{"id":"action85","type":"key","parameters":{},"actions":[{"type":"keyDown","value":"î€‡"},{"type":"pause","duration":10},{"type":"keyUp","value":"î€‡"}]}]}
RESULT: {"actions":[{"id":"action85","type":"key","parameters":{},"actions":[{"type":"keyDown","value":"î€‡"},{"type":"pause","duration":10},{"type":"keyUp","value":"î€‡"}]}]}
COMMAND: GET /session/d64c8a9d67ae429a1af470fcb6f0cd05/screenshot - {}
RESULT: {}
COMMAND: POST /session/d64c8a9d67ae429a1af470fcb6f0cd05/execute/async - {"script":"<script> [1562 bytes]","args":[{"selector":{"controlType":"sap.m.Title","viewName":"etm.portal.ui.managehandovers.view.MasterHO","properties":{"text":"Records (1)"}},"wdio_ui5_key":"etmportal.ui.managehandovers.view.MasterHOsap.m.Title{\"text\":\"Records (1)\"}"}]}
RESULT: {"script":"<script> [1562 bytes]","args":[{"selector":{"controlType":"sap.m.Title","viewName":"etm.portal.ui.managehandovers.view.MasterHO","properties":{"text":"Records (1)"}},"wdio_ui5_key":"etmportal.ui.managehandovers.view.MasterHOsap.m.Title{\"text\":\"Records (1)\"}"}]}
RESULT: undefined
COMMAND: POST /session/d64c8a9d67ae429a1af470fcb6f0cd05/execute/async - {"script":"<script> [6424 bytes]","args":[{"element-6066-11e4-a52e-4f735466cecf":"f.615B31F35ECDE76F4064C3ADAC5820DC.d.40C4E319C0EE35EEE1AC15E9C690C181.e.16789"},"getText",[]]}
RESULT: {"script":"<script> [6424 bytes]","args":[{"element-6066-11e4-a52e-4f735466cecf":"f.615B31F35ECDE76F4064C3ADAC5820DC.d.40C4E319C0EE35EEE1AC15E9C690C181.e.16789"},"getText",[]]}
COMMAND: POST /session/d64c8a9d67ae429a1af470fcb6f0cd05/execute/async - {"script":"<script> [1562 bytes]","args":[{"selector":{"controlType":"sap.ui.core.Icon","viewName":"etm.portal.ui.managehandovers.view.MasterHO","properties":{"src":{"regex":{"source":"slim\\-arrow\\-right"}}}},"wdio_ui5_key":"etmportal.ui.managehandovers.view.MasterHOsap.ui.core.Icon{\"src\":{\"regex\":{\"source\":\"slim\\\\-arrow\\\\-right\"}}}"}]}
RESULT: {"script":"<script> [1562 bytes]","args":[{"selector":{"controlType":"sap.ui.core.Icon","viewName":"etm.portal.ui.managehandovers.view.MasterHO","properties":{"src":{"regex":{"source":"slim\\-arrow\\-right"}}}},"wdio_ui5_key":"etmportal.ui.managehandovers.view.MasterHOsap.ui.core.Icon{\"src\":{\"regex\":{\"source\":\"slim\\\\-arrow\\\\-right\"}}}"}]}
RESULT: undefined
COMMAND: POST /session/d64c8a9d67ae429a1af470fcb6f0cd05/element - {"using":"xpath","value":"//*[@id=\"__item31-__clone17-imgNav\"]"}
RESULT: {"using":"xpath","value":"//*[@id=\"__item31-__clone17-imgNav\"]"}
COMMAND: POST /session/d64c8a9d67ae429a1af470fcb6f0cd05/element/f.615B31F35ECDE76F4064C3ADAC5820DC.d.40C4E319C0EE35EEE1AC15E9C690C181.e.16788/click - {}
RESULT: {}
COMMAND: GET /session/d64c8a9d67ae429a1af470fcb6f0cd05/screenshot - {}
RESULT: {}
COMMAND: POST /session/d64c8a9d67ae429a1af470fcb6f0cd05/element - {"using":"xpath","value":"//a[contains(@data-kt ,\"GeneralSectionReceiveContracttLink\")]"}
RESULT: {"using":"xpath","value":"//a[contains(@data-kt ,\"GeneralSectionReceiveContracttLink\")]"}
COMMAND: POST /session/d64c8a9d67ae429a1af470fcb6f0cd05/element/f.615B31F35ECDE76F4064C3ADAC5820DC.d.40C4E319C0EE35EEE1AC15E9C690C181.e.16887/click - {}
RESULT: {}
COMMAND: GET /session/d64c8a9d67ae429a1af470fcb6f0cd05/screenshot - {}
RESULT: {}
COMMAND: POST /session/d64c8a9d67ae429a1af470fcb6f0cd05/element - {"using":"xpath","value":"//a[contains(@data-kt ,\"ContextMenuId2Link\")]"}
RESULT: {"using":"xpath","value":"//a[contains(@data-kt ,\"ContextMenuId2Link\")]"}
COMMAND: POST /session/d64c8a9d67ae429a1af470fcb6f0cd05/element/f.615B31F35ECDE76F4064C3ADAC5820DC.d.40C4E319C0EE35EEE1AC15E9C690C181.e.16895/click - {}
RESULT: {}
COMMAND: GET /session/d64c8a9d67ae429a1af470fcb6f0cd05/screenshot - {}
RESULT: {}
COMMAND: POST /session/d64c8a9d67ae429a1af470fcb6f0cd05/execute/async - {"script":"<script> [1562 bytes]","args":[{"selector":{"controlType":"sap.m.ObjectStatus","viewName":"etm.portal.ui.managecontracts.view.Detail","bindingPath":{"propertyPath":"LINK_TO_LOGISTICAL_STATUS/DESCRIPTION","modelName":"catalogModel"}},"wdio_ui5_key":"etmportal.ui.managecontracts.view.Detailsap.m.ObjectStatus{\"propertyPath\":\"LINK_TO_LOGISTICAL_STATUS/DESCRIPTION\",\"modelName\":\"catalogModel\"}"}]}
RESULT: {"script":"<script> [1562 bytes]","args":[{"selector":{"controlType":"sap.m.ObjectStatus","viewName":"etm.portal.ui.managecontracts.view.Detail","bindingPath":{"propertyPath":"LINK_TO_LOGISTICAL_STATUS/DESCRIPTION","modelName":"catalogModel"}},"wdio_ui5_key":"etmportal.ui.managecontracts.view.Detailsap.m.ObjectStatus{\"propertyPath\":\"LINK_TO_LOGISTICAL_STATUS/DESCRIPTION\",\"modelName\":\"catalogModel\"}"}]}
RESULT: undefined
COMMAND: POST /session/d64c8a9d67ae429a1af470fcb6f0cd05/execute/async - {"script":"<script> [6424 bytes]","args":[{"element-6066-11e4-a52e-4f735466cecf":"f.615B31F35ECDE76F4064C3ADAC5820DC.d.40C4E319C0EE35EEE1AC15E9C690C181.e.17133"},"getText",[]]}
RESULT: {"script":"<script> [6424 bytes]","args":[{"element-6066-11e4-a52e-4f735466cecf":"f.615B31F35ECDE76F4064C3ADAC5820DC.d.40C4E319C0EE35EEE1AC15E9C690C181.e.17133"},"getText",[]]}
COMMAND: POST /session/d64c8a9d67ae429a1af470fcb6f0cd05/execute/async - {"script":"<script> [1562 bytes]","args":[{"selector":{"controlType":"sap.m.ObjectStatus","viewName":"etm.portal.ui.managecontracts.view.Detail","bindingPath":{"propertyPath":"LINK_TO_COMMERCIAL_STATUS/DESCRIPTION","modelName":"catalogModel"}},"wdio_ui5_key":"etmportal.ui.managecontracts.view.Detailsap.m.ObjectStatus{\"propertyPath\":\"LINK_TO_COMMERCIAL_STATUS/DESCRIPTION\",\"modelName\":\"catalogModel\"}"}]}
RESULT: {"script":"<script> [1562 bytes]","args":[{"selector":{"controlType":"sap.m.ObjectStatus","viewName":"etm.portal.ui.managecontracts.view.Detail","bindingPath":{"propertyPath":"LINK_TO_COMMERCIAL_STATUS/DESCRIPTION","modelName":"catalogModel"}},"wdio_ui5_key":"etmportal.ui.managecontracts.view.Detailsap.m.ObjectStatus{\"propertyPath\":\"LINK_TO_COMMERCIAL_STATUS/DESCRIPTION\",\"modelName\":\"catalogModel\"}"}]}
RESULT: undefined
COMMAND: POST /session/d64c8a9d67ae429a1af470fcb6f0cd05/execute/async - {"script":"<script> [6424 bytes]","args":[{"element-6066-11e4-a52e-4f735466cecf":"f.615B31F35ECDE76F4064C3ADAC5820DC.d.40C4E319C0EE35EEE1AC15E9C690C181.e.17134"},"getText",[]]}
RESULT: {"script":"<script> [6424 bytes]","args":[{"element-6066-11e4-a52e-4f735466cecf":"f.615B31F35ECDE76F4064C3ADAC5820DC.d.40C4E319C0EE35EEE1AC15E9C690C181.e.17134"},"getText",[]]}
COMMAND: POST /session/d64c8a9d67ae429a1af470fcb6f0cd05/execute/async - {"script":"<script> [1562 bytes]","args":[{"selector":{"id":"backBtn"},"wdio_ui5_key":"backBtn"}]}
RESULT: {"script":"<script> [1562 bytes]","args":[{"selector":{"id":"backBtn"},"wdio_ui5_key":"backBtn"}]}
RESULT: undefined
COMMAND: POST /session/d64c8a9d67ae429a1af470fcb6f0cd05/element - {"using":"xpath","value":"//*[@id=\"backBtn\"]"}
RESULT: {"using":"xpath","value":"//*[@id=\"backBtn\"]"}
COMMAND: POST /session/d64c8a9d67ae429a1af470fcb6f0cd05/element/f.615B31F35ECDE76F4064C3ADAC5820DC.d.40C4E319C0EE35EEE1AC15E9C690C181.e.17136/click - {}
RESULT: {}
COMMAND: GET /session/d64c8a9d67ae429a1af470fcb6f0cd05/screenshot - {}
COMMAND: POST /session/d64c8a9d67ae429a1af470fcb6f0cd05/execute/async - {"script":"<script> [1562 bytes]","args":[{"selector":{"controlType":"sap.m.Button","viewName":"etm.portal.ui.managehandovers.view.DetailExecuteHO","i18NText":{"propertyName":"text","key":"confirmAll"},"interaction":{"idSuffix":"BDI-content"}},"wdio_ui5_key":"etmportal.ui.managehandovers.view.DetailExecuteHOsap.m.Button{\"propertyName\":\"text\",\"key\":\"confirmAll\"}"}]}
RESULT: {}
RESULT: {"script":"<script> [1562 bytes]","args":[{"selector":{"controlType":"sap.m.Button","viewName":"etm.portal.ui.managehandovers.view.DetailExecuteHO","i18NText":{"propertyName":"text","key":"confirmAll"},"interaction":{"idSuffix":"BDI-content"}},"wdio_ui5_key":"etmportal.ui.managehandovers.view.DetailExecuteHOsap.m.Button{\"propertyName\":\"text\",\"key\":\"confirmAll\"}"}]}
RESULT: undefined
COMMAND: POST /session/d64c8a9d67ae429a1af470fcb6f0cd05/element - {"using":"xpath","value":"//*[@id=\"__button85\"]"}
RESULT: {"using":"xpath","value":"//*[@id=\"__button85\"]"}
COMMAND: POST /session/d64c8a9d67ae429a1af470fcb6f0cd05/element/f.615B31F35ECDE76F4064C3ADAC5820DC.d.40C4E319C0EE35EEE1AC15E9C690C181.e.17435/click - {}
RESULT: {}
COMMAND: GET /session/d64c8a9d67ae429a1af470fcb6f0cd05/screenshot - {}
RESULT: {}
COMMAND: POST /session/d64c8a9d67ae429a1af470fcb6f0cd05/execute/async - {"script":"<script> [1562 bytes]","args":[{"selector":{"controlType":"sap.m.Button","properties":{"text":"OK"},"searchOpenDialogs":true,"interaction":{"idSuffix":"inner"}},"wdio_ui5_key":"sapm.Button{\"text\":\"OK\"}"}]}
RESULT: {"script":"<script> [1562 bytes]","args":[{"selector":{"controlType":"sap.m.Button","properties":{"text":"OK"},"searchOpenDialogs":true,"interaction":{"idSuffix":"inner"}},"wdio_ui5_key":"sapm.Button{\"text\":\"OK\"}"}]}
RESULT: undefined
COMMAND: POST /session/d64c8a9d67ae429a1af470fcb6f0cd05/element - {"using":"xpath","value":"//*[@id=\"__mbox-btn-0\"]"}
RESULT: {"using":"xpath","value":"//*[@id=\"__mbox-btn-0\"]"}
COMMAND: POST /session/d64c8a9d67ae429a1af470fcb6f0cd05/element/f.615B31F35ECDE76F4064C3ADAC5820DC.d.40C4E319C0EE35EEE1AC15E9C690C181.e.17440/click - {}
RESULT: {}
COMMAND: GET /session/d64c8a9d67ae429a1af470fcb6f0cd05/screenshot - {}
RESULT: {}
COMMAND: POST /session/d64c8a9d67ae429a1af470fcb6f0cd05/element - {"using":"xpath","value":"//button[contains(@data-kt ,\"execHoIssueFooterButton\")]"}
RESULT: {"using":"xpath","value":"//button[contains(@data-kt ,\"execHoIssueFooterButton\")]"}
COMMAND: POST /session/d64c8a9d67ae429a1af470fcb6f0cd05/element/f.615B31F35ECDE76F4064C3ADAC5820DC.d.40C4E319C0EE35EEE1AC15E9C690C181.e.17443/click - {}
RESULT: {}
COMMAND: GET /session/d64c8a9d67ae429a1af470fcb6f0cd05/screenshot - {}
RESULT: {}
COMMAND: POST /session/d64c8a9d67ae429a1af470fcb6f0cd05/refresh - {}
RESULT: {}
COMMAND: GET /session/d64c8a9d67ae429a1af470fcb6f0cd05/screenshot - {}
RESULT: {}
COMMAND: POST /session/d64c8a9d67ae429a1af470fcb6f0cd05/refresh - {}
RESULT: {}
COMMAND: GET /session/d64c8a9d67ae429a1af470fcb6f0cd05/screenshot - {}
RESULT: {}
COMMAND: POST /session/d64c8a9d67ae429a1af470fcb6f0cd05/window/fullscreen - {}
RESULT: {}
COMMAND: POST /session/d64c8a9d67ae429a1af470fcb6f0cd05/execute/async - {"script":"<script> [189 bytes]","args":[]}
RESULT: {"script":"<script> [189 bytes]","args":[]}
COMMAND: POST /session/d64c8a9d67ae429a1af470fcb6f0cd05/execute/async - {"script":"<script> [123 bytes]","args":[]}
RESULT: {"script":"<script> [123 bytes]","args":[]}
COMMAND: POST /session/d64c8a9d67ae429a1af470fcb6f0cd05/timeouts - {"script":"<number>"}
RESULT: {"script":"<number>"}
COMMAND: GET /session/d64c8a9d67ae429a1af470fcb6f0cd05/timeouts - {}
RESULT: {}
RESULT: undefined
COMMAND: POST /session/d64c8a9d67ae429a1af470fcb6f0cd05/execute/async - {"script":"<script> [2676 bytes]","args":[]}
RESULT: {"script":"<script> [2676 bytes]","args":[]}
COMMAND: POST /session/d64c8a9d67ae429a1af470fcb6f0cd05/execute/async - {"script":"<script> [2342 bytes]","args":[{"protocol":"http","hostname":"0.0.0.0","path":"/","capabilities":{"browserName":"chrome","goog:chromeOptions":{"binary":"C:\\Program Files\\Google\\Chrome\\Application\\chrome.exe","args":["--start-maximized"]}},"logLevel":"warn","connectionRetryTimeout":120000,"connectionRetryCount":3,"logLevels":{},"enableDirectConnect":true,"strictSSL":true,"_":"65 more keys: [\"cacheDir\",\"port\",\"requestedCapabilities\",\"automationProtocol\",\"baseUrl\",\"waitforInterval\",\"waitforTimeout\",\"onReload\",\"beforeCommand\",\"afterCommand\",\"rootDir\",\"specs\",\"suites\",\"exclude\",\"groupLogsByTestSpec\",\"excludeDriverLogs\",\"bail\",\"framework\",\"reporters\",\"services\",\"maxInstances\",\"maxInstancesPerCapability\",\"injectGlobals\",\"filesToWatch\",\"execArgv\",\"runnerEnv\",\"runner\",\"shard\",\"specFileRetries\",\"specFileRetriesDelay\",\"specFileRetriesDeferred\",\"reporterSyncInterval\",\"reporterSyncTimeout\",\"cucumberFeaturesWithLineNumbers\",\"autoCompileOpts\",\"mochaOpts\",\"jasmineOpts\",\"cucumberOpts\",\"onPrepare\",\"onWorkerStart\",\"onWorkerEnd\",\"before\",\"beforeSession\",\"beforeSuite\",\"beforeHook\",\"beforeTest\",\"afterTest\",\"afterHook\",\"afterSuite\",\"afterSession\",\"after\",\"onComplete\",\"beforeAssertion\",\"afterAssertion\",\"beforeFeature\",\"beforeScenario\",\"beforeStep\",\"afterStep\",\"afterScenario\",\"afterFeature\",\"_\",\"suite\",\"$0\",\"ignoredWorkerServices\",\"wdi5\"]"}]}
RESULT: {"script":"<script> [2342 bytes]","args":[{"protocol":"http","hostname":"0.0.0.0","path":"/","capabilities":{"browserName":"chrome","goog:chromeOptions":{"binary":"C:\\Program Files\\Google\\Chrome\\Application\\chrome.exe","args":["--start-maximized"]}},"logLevel":"warn","connectionRetryTimeout":120000,"connectionRetryCount":3,"logLevels":{},"enableDirectConnect":true,"strictSSL":true,"_":"65 more keys: [\"cacheDir\",\"port\",\"requestedCapabilities\",\"automationProtocol\",\"baseUrl\",\"waitforInterval\",\"waitforTimeout\",\"onReload\",\"beforeCommand\",\"afterCommand\",\"rootDir\",\"specs\",\"suites\",\"exclude\",\"groupLogsByTestSpec\",\"excludeDriverLogs\",\"bail\",\"framework\",\"reporters\",\"services\",\"maxInstances\",\"maxInstancesPerCapability\",\"injectGlobals\",\"filesToWatch\",\"execArgv\",\"runnerEnv\",\"runner\",\"shard\",\"specFileRetries\",\"specFileRetriesDelay\",\"specFileRetriesDeferred\",\"reporterSyncInterval\",\"reporterSyncTimeout\",\"cucumberFeaturesWithLineNumbers\",\"autoCompileOpts\",\"mochaOpts\",\"jasmineOpts\",\"cucumberOpts\",\"onPrepare\",\"onWorkerStart\",\"onWorkerEnd\",\"before\",\"beforeSession\",\"beforeSuite\",\"beforeHook\",\"beforeTest\",\"afterTest\",\"afterHook\",\"afterSuite\",\"afterSession\",\"after\",\"onComplete\",\"beforeAssertion\",\"afterAssertion\",\"beforeFeature\",\"beforeScenario\",\"beforeStep\",\"afterStep\",\"afterScenario\",\"afterFeature\",\"_\",\"suite\",\"$0\",\"ignoredWorkerServices\",\"wdi5\"]"}]}
COMMAND: POST /session/d64c8a9d67ae429a1af470fcb6f0cd05/execute/async - {"script":"<script> [21126 bytes]","args":[35000]}
RESULT: {"script":"<script> [21126 bytes]","args":[35000]}
COMMAND: POST /session/d64c8a9d67ae429a1af470fcb6f0cd05/execute/async - {"script":"<script> [1562 bytes]","args":[{"selector":{"controlType":"sap.m.SearchField","viewName":"etm.portal.ui.managehandovers.view.MasterHO","bindingPath":{"path":"","propertyPath":"/_BASIC_SEARCH_FIELD","modelName":"fi1t3rM0d31"},"interaction":{"idSuffix":"I"}},"wdio_ui5_key":"etmportal.ui.managehandovers.view.MasterHOsap.m.SearchField{\"path\":\"\",\"propertyPath\":\"/_BASIC_SEARCH_FIELD\",\"modelName\":\"fi1t3rM0d31\"}"}]}
RESULT: {"script":"<script> [1562 bytes]","args":[{"selector":{"controlType":"sap.m.SearchField","viewName":"etm.portal.ui.managehandovers.view.MasterHO","bindingPath":{"path":"","propertyPath":"/_BASIC_SEARCH_FIELD","modelName":"fi1t3rM0d31"},"interaction":{"idSuffix":"I"}},"wdio_ui5_key":"etmportal.ui.managehandovers.view.MasterHOsap.m.SearchField{\"path\":\"\",\"propertyPath\":\"/_BASIC_SEARCH_FIELD\",\"modelName\":\"fi1t3rM0d31\"}"}]}
RESULT: undefined
COMMAND: POST /session/d64c8a9d67ae429a1af470fcb6f0cd05/execute/async - {"script":"<script> [776 bytes]","args":[{"enterText":"30914","selector":{"controlType":"sap.m.SearchField","viewName":"etm.portal.ui.managehandovers.view.MasterHO","bindingPath":{"path":"","propertyPath":"/_BASIC_SEARCH_FIELD","modelName":"fi1t3rM0d31"},"interaction":{"idSuffix":"I"}},"clearTextFirst":true,"interactionType":"ENTER_TEXT"}]}
RESULT: {"script":"<script> [776 bytes]","args":[{"enterText":"30914","selector":{"controlType":"sap.m.SearchField","viewName":"etm.portal.ui.managehandovers.view.MasterHO","bindingPath":{"path":"","propertyPath":"/_BASIC_SEARCH_FIELD","modelName":"fi1t3rM0d31"},"interaction":{"idSuffix":"I"}},"clearTextFirst":true,"interactionType":"ENTER_TEXT"}]}
COMMAND: POST /session/d64c8a9d67ae429a1af470fcb6f0cd05/actions - {"actions":[{"id":"action86","type":"key","parameters":{},"actions":[{"type":"keyDown","value":"î€‡"},{"type":"pause","duration":10},{"type":"keyUp","value":"î€‡"}]}]}
RESULT: {"actions":[{"id":"action86","type":"key","parameters":{},"actions":[{"type":"keyDown","value":"î€‡"},{"type":"pause","duration":10},{"type":"keyUp","value":"î€‡"}]}]}
COMMAND: GET /session/d64c8a9d67ae429a1af470fcb6f0cd05/screenshot - {}
RESULT: {}
COMMAND: POST /session/d64c8a9d67ae429a1af470fcb6f0cd05/execute/async - {"script":"<script> [1562 bytes]","args":[{"selector":{"controlType":"sap.m.Title","viewName":"etm.portal.ui.managehandovers.view.MasterHO","properties":{"text":"Records (1)"}},"wdio_ui5_key":"etmportal.ui.managehandovers.view.MasterHOsap.m.Title{\"text\":\"Records (1)\"}"}]}
RESULT: {"script":"<script> [1562 bytes]","args":[{"selector":{"controlType":"sap.m.Title","viewName":"etm.portal.ui.managehandovers.view.MasterHO","properties":{"text":"Records (1)"}},"wdio_ui5_key":"etmportal.ui.managehandovers.view.MasterHOsap.m.Title{\"text\":\"Records (1)\"}"}]}
RESULT: undefined
COMMAND: POST /session/d64c8a9d67ae429a1af470fcb6f0cd05/execute/async - {"script":"<script> [6424 bytes]","args":[{"element-6066-11e4-a52e-4f735466cecf":"f.615B31F35ECDE76F4064C3ADAC5820DC.d.D00C01AC1BB6F0FAE4FDF5E297F14901.e.17625"},"getText",[]]}
RESULT: {"script":"<script> [6424 bytes]","args":[{"element-6066-11e4-a52e-4f735466cecf":"f.615B31F35ECDE76F4064C3ADAC5820DC.d.D00C01AC1BB6F0FAE4FDF5E297F14901.e.17625"},"getText",[]]}
COMMAND: POST /session/d64c8a9d67ae429a1af470fcb6f0cd05/execute/async - {"script":"<script> [1562 bytes]","args":[{"selector":{"controlType":"sap.ui.core.Icon","viewName":"etm.portal.ui.managehandovers.view.MasterHO","properties":{"src":{"regex":{"source":"slim\\-arrow\\-right"}}}},"wdio_ui5_key":"etmportal.ui.managehandovers.view.MasterHOsap.ui.core.Icon{\"src\":{\"regex\":{\"source\":\"slim\\\\-arrow\\\\-right\"}}}"}]}
RESULT: {"script":"<script> [1562 bytes]","args":[{"selector":{"controlType":"sap.ui.core.Icon","viewName":"etm.portal.ui.managehandovers.view.MasterHO","properties":{"src":{"regex":{"source":"slim\\-arrow\\-right"}}}},"wdio_ui5_key":"etmportal.ui.managehandovers.view.MasterHOsap.ui.core.Icon{\"src\":{\"regex\":{\"source\":\"slim\\\\-arrow\\\\-right\"}}}"}]}
RESULT: undefined
COMMAND: POST /session/d64c8a9d67ae429a1af470fcb6f0cd05/element - {"using":"xpath","value":"//*[@id=\"__item19-__clone17-imgNav\"]"}
RESULT: {"using":"xpath","value":"//*[@id=\"__item19-__clone17-imgNav\"]"}
COMMAND: POST /session/d64c8a9d67ae429a1af470fcb6f0cd05/element/f.615B31F35ECDE76F4064C3ADAC5820DC.d.D00C01AC1BB6F0FAE4FDF5E297F14901.e.17624/click - {}
RESULT: {}
COMMAND: GET /session/d64c8a9d67ae429a1af470fcb6f0cd05/screenshot - {}
RESULT: {}
COMMAND: POST /session/d64c8a9d67ae429a1af470fcb6f0cd05/execute/async - {"script":"<script> [1562 bytes]","args":[{"selector":{"controlType":"sap.m.ObjectStatus","viewName":"etm.portal.ui.managehandovers.view.DetailExecuteHO","labelFor":{"text":"Status"}},"wdio_ui5_key":"etmportal.ui.managehandovers.view.DetailExecuteHOsap.m.ObjectStatus{\"text\":\"Status\"}"}]}
RESULT: {"script":"<script> [1562 bytes]","args":[{"selector":{"controlType":"sap.m.ObjectStatus","viewName":"etm.portal.ui.managehandovers.view.DetailExecuteHO","labelFor":{"text":"Status"}},"wdio_ui5_key":"etmportal.ui.managehandovers.view.DetailExecuteHOsap.m.ObjectStatus{\"text\":\"Status\"}"}]}
RESULT: undefined
COMMAND: POST /session/d64c8a9d67ae429a1af470fcb6f0cd05/execute/async - {"script":"<script> [6424 bytes]","args":[{"element-6066-11e4-a52e-4f735466cecf":"f.615B31F35ECDE76F4064C3ADAC5820DC.d.D00C01AC1BB6F0FAE4FDF5E297F14901.e.17726"},"getText",[]]}
RESULT: {"script":"<script> [6424 bytes]","args":[{"element-6066-11e4-a52e-4f735466cecf":"f.615B31F35ECDE76F4064C3ADAC5820DC.d.D00C01AC1BB6F0FAE4FDF5E297F14901.e.17726"},"getText",[]]}
COMMAND: POST /session/d64c8a9d67ae429a1af470fcb6f0cd05/execute/async - {"script":"<script> [1562 bytes]","args":[{"selector":{"controlType":"sap.m.Button","viewName":"etm.portal.ui.managehandovers.view.DetailExecuteHO","i18NText":{"propertyName":"text","key":"confirmAll"},"interaction":{"idSuffix":"BDI-content"}},"wdio_ui5_key":"etmportal.ui.managehandovers.view.DetailExecuteHOsap.m.Button{\"propertyName\":\"text\",\"key\":\"confirmAll\"}"}]}
RESULT: {"script":"<script> [1562 bytes]","args":[{"selector":{"controlType":"sap.m.Button","viewName":"etm.portal.ui.managehandovers.view.DetailExecuteHO","i18NText":{"propertyName":"text","key":"confirmAll"},"interaction":{"idSuffix":"BDI-content"}},"wdio_ui5_key":"etmportal.ui.managehandovers.view.DetailExecuteHOsap.m.Button{\"propertyName\":\"text\",\"key\":\"confirmAll\"}"}]}
RESULT: undefined
COMMAND: POST /session/d64c8a9d67ae429a1af470fcb6f0cd05/element - {"using":"xpath","value":"//*[@id=\"__button30\"]"}
RESULT: {"using":"xpath","value":"//*[@id=\"__button30\"]"}
COMMAND: POST /session/d64c8a9d67ae429a1af470fcb6f0cd05/element/f.615B31F35ECDE76F4064C3ADAC5820DC.d.D00C01AC1BB6F0FAE4FDF5E297F14901.e.17728/click - {}
RESULT: {}
COMMAND: GET /session/d64c8a9d67ae429a1af470fcb6f0cd05/screenshot - {}
RESULT: {}
COMMAND: POST /session/d64c8a9d67ae429a1af470fcb6f0cd05/execute/async - {"script":"<script> [1562 bytes]","args":[{"selector":{"controlType":"sap.m.Button","properties":{"text":"OK"},"searchOpenDialogs":true,"interaction":{"idSuffix":"BDI-content"}},"wdio_ui5_key":"sapm.Button{\"text\":\"OK\"}"}]}
RESULT: {"script":"<script> [1562 bytes]","args":[{"selector":{"controlType":"sap.m.Button","properties":{"text":"OK"},"searchOpenDialogs":true,"interaction":{"idSuffix":"BDI-content"}},"wdio_ui5_key":"sapm.Button{\"text\":\"OK\"}"}]}
RESULT: undefined
COMMAND: POST /session/d64c8a9d67ae429a1af470fcb6f0cd05/element - {"using":"xpath","value":"//*[@id=\"__mbox-btn-0\"]"}
RESULT: {"using":"xpath","value":"//*[@id=\"__mbox-btn-0\"]"}
COMMAND: POST /session/d64c8a9d67ae429a1af470fcb6f0cd05/element/f.615B31F35ECDE76F4064C3ADAC5820DC.d.D00C01AC1BB6F0FAE4FDF5E297F14901.e.17729/click - {}
RESULT: {}
COMMAND: GET /session/d64c8a9d67ae429a1af470fcb6f0cd05/screenshot - {}
RESULT: {}
COMMAND: POST /session/d64c8a9d67ae429a1af470fcb6f0cd05/element - {"using":"xpath","value":"//button[contains(@data-kt ,\"execHoReceiveFooterButton\")]"}
RESULT: {"using":"xpath","value":"//button[contains(@data-kt ,\"execHoReceiveFooterButton\")]"}
COMMAND: POST /session/d64c8a9d67ae429a1af470fcb6f0cd05/element/f.615B31F35ECDE76F4064C3ADAC5820DC.d.D00C01AC1BB6F0FAE4FDF5E297F14901.e.17683/click - {}
RESULT: {}
COMMAND: GET /session/d64c8a9d67ae429a1af470fcb6f0cd05/screenshot - {}
RESULT: {}
COMMAND: POST /session/d64c8a9d67ae429a1af470fcb6f0cd05/refresh - {}
RESULT: {}
COMMAND: GET /session/d64c8a9d67ae429a1af470fcb6f0cd05/screenshot - {}
RESULT: {}
COMMAND: POST /session/d64c8a9d67ae429a1af470fcb6f0cd05/refresh - {}
RESULT: {}
COMMAND: GET /session/d64c8a9d67ae429a1af470fcb6f0cd05/screenshot - {}
RESULT: {}
COMMAND: POST /session/d64c8a9d67ae429a1af470fcb6f0cd05/window/fullscreen - {}
RESULT: {}
COMMAND: POST /session/d64c8a9d67ae429a1af470fcb6f0cd05/execute/async - {"script":"<script> [189 bytes]","args":[]}
RESULT: {"script":"<script> [189 bytes]","args":[]}
COMMAND: POST /session/d64c8a9d67ae429a1af470fcb6f0cd05/execute/async - {"script":"<script> [123 bytes]","args":[]}
RESULT: {"script":"<script> [123 bytes]","args":[]}
COMMAND: POST /session/d64c8a9d67ae429a1af470fcb6f0cd05/timeouts - {"script":"<number>"}
RESULT: {"script":"<number>"}
COMMAND: GET /session/d64c8a9d67ae429a1af470fcb6f0cd05/timeouts - {}
RESULT: {}
RESULT: undefined
COMMAND: POST /session/d64c8a9d67ae429a1af470fcb6f0cd05/execute/async - {"script":"<script> [2676 bytes]","args":[]}
RESULT: {"script":"<script> [2676 bytes]","args":[]}
COMMAND: POST /session/d64c8a9d67ae429a1af470fcb6f0cd05/execute/async - {"script":"<script> [2342 bytes]","args":[{"protocol":"http","hostname":"0.0.0.0","path":"/","capabilities":{"browserName":"chrome","goog:chromeOptions":{"binary":"C:\\Program Files\\Google\\Chrome\\Application\\chrome.exe","args":["--start-maximized"]}},"logLevel":"warn","connectionRetryTimeout":120000,"connectionRetryCount":3,"logLevels":{},"enableDirectConnect":true,"strictSSL":true,"_":"65 more keys: [\"cacheDir\",\"port\",\"requestedCapabilities\",\"automationProtocol\",\"baseUrl\",\"waitforInterval\",\"waitforTimeout\",\"onReload\",\"beforeCommand\",\"afterCommand\",\"rootDir\",\"specs\",\"suites\",\"exclude\",\"groupLogsByTestSpec\",\"excludeDriverLogs\",\"bail\",\"framework\",\"reporters\",\"services\",\"maxInstances\",\"maxInstancesPerCapability\",\"injectGlobals\",\"filesToWatch\",\"execArgv\",\"runnerEnv\",\"runner\",\"shard\",\"specFileRetries\",\"specFileRetriesDelay\",\"specFileRetriesDeferred\",\"reporterSyncInterval\",\"reporterSyncTimeout\",\"cucumberFeaturesWithLineNumbers\",\"autoCompileOpts\",\"mochaOpts\",\"jasmineOpts\",\"cucumberOpts\",\"onPrepare\",\"onWorkerStart\",\"onWorkerEnd\",\"before\",\"beforeSession\",\"beforeSuite\",\"beforeHook\",\"beforeTest\",\"afterTest\",\"afterHook\",\"afterSuite\",\"afterSession\",\"after\",\"onComplete\",\"beforeAssertion\",\"afterAssertion\",\"beforeFeature\",\"beforeScenario\",\"beforeStep\",\"afterStep\",\"afterScenario\",\"afterFeature\",\"_\",\"suite\",\"$0\",\"ignoredWorkerServices\",\"wdi5\"]"}]}
RESULT: {"script":"<script> [2342 bytes]","args":[{"protocol":"http","hostname":"0.0.0.0","path":"/","capabilities":{"browserName":"chrome","goog:chromeOptions":{"binary":"C:\\Program Files\\Google\\Chrome\\Application\\chrome.exe","args":["--start-maximized"]}},"logLevel":"warn","connectionRetryTimeout":120000,"connectionRetryCount":3,"logLevels":{},"enableDirectConnect":true,"strictSSL":true,"_":"65 more keys: [\"cacheDir\",\"port\",\"requestedCapabilities\",\"automationProtocol\",\"baseUrl\",\"waitforInterval\",\"waitforTimeout\",\"onReload\",\"beforeCommand\",\"afterCommand\",\"rootDir\",\"specs\",\"suites\",\"exclude\",\"groupLogsByTestSpec\",\"excludeDriverLogs\",\"bail\",\"framework\",\"reporters\",\"services\",\"maxInstances\",\"maxInstancesPerCapability\",\"injectGlobals\",\"filesToWatch\",\"execArgv\",\"runnerEnv\",\"runner\",\"shard\",\"specFileRetries\",\"specFileRetriesDelay\",\"specFileRetriesDeferred\",\"reporterSyncInterval\",\"reporterSyncTimeout\",\"cucumberFeaturesWithLineNumbers\",\"autoCompileOpts\",\"mochaOpts\",\"jasmineOpts\",\"cucumberOpts\",\"onPrepare\",\"onWorkerStart\",\"onWorkerEnd\",\"before\",\"beforeSession\",\"beforeSuite\",\"beforeHook\",\"beforeTest\",\"afterTest\",\"afterHook\",\"afterSuite\",\"afterSession\",\"after\",\"onComplete\",\"beforeAssertion\",\"afterAssertion\",\"beforeFeature\",\"beforeScenario\",\"beforeStep\",\"afterStep\",\"afterScenario\",\"afterFeature\",\"_\",\"suite\",\"$0\",\"ignoredWorkerServices\",\"wdi5\"]"}]}
COMMAND: POST /session/d64c8a9d67ae429a1af470fcb6f0cd05/execute/async - {"script":"<script> [21126 bytes]","args":[35000]}
RESULT: {"script":"<script> [21126 bytes]","args":[35000]}
COMMAND: POST /session/d64c8a9d67ae429a1af470fcb6f0cd05/execute/async - {"script":"<script> [1562 bytes]","args":[{"selector":{"controlType":"sap.m.SearchField","viewName":"etm.portal.ui.managehandovers.view.MasterHO","bindingPath":{"path":"","propertyPath":"/_BASIC_SEARCH_FIELD","modelName":"fi1t3rM0d31"},"interaction":{"idSuffix":"I"}},"wdio_ui5_key":"etmportal.ui.managehandovers.view.MasterHOsap.m.SearchField{\"path\":\"\",\"propertyPath\":\"/_BASIC_SEARCH_FIELD\",\"modelName\":\"fi1t3rM0d31\"}"}]}
RESULT: {"script":"<script> [1562 bytes]","args":[{"selector":{"controlType":"sap.m.SearchField","viewName":"etm.portal.ui.managehandovers.view.MasterHO","bindingPath":{"path":"","propertyPath":"/_BASIC_SEARCH_FIELD","modelName":"fi1t3rM0d31"},"interaction":{"idSuffix":"I"}},"wdio_ui5_key":"etmportal.ui.managehandovers.view.MasterHOsap.m.SearchField{\"path\":\"\",\"propertyPath\":\"/_BASIC_SEARCH_FIELD\",\"modelName\":\"fi1t3rM0d31\"}"}]}
RESULT: undefined
COMMAND: POST /session/d64c8a9d67ae429a1af470fcb6f0cd05/execute/async - {"script":"<script> [776 bytes]","args":[{"enterText":"30914","selector":{"controlType":"sap.m.SearchField","viewName":"etm.portal.ui.managehandovers.view.MasterHO","bindingPath":{"path":"","propertyPath":"/_BASIC_SEARCH_FIELD","modelName":"fi1t3rM0d31"},"interaction":{"idSuffix":"I"}},"clearTextFirst":true,"interactionType":"ENTER_TEXT"}]}
RESULT: {"script":"<script> [776 bytes]","args":[{"enterText":"30914","selector":{"controlType":"sap.m.SearchField","viewName":"etm.portal.ui.managehandovers.view.MasterHO","bindingPath":{"path":"","propertyPath":"/_BASIC_SEARCH_FIELD","modelName":"fi1t3rM0d31"},"interaction":{"idSuffix":"I"}},"clearTextFirst":true,"interactionType":"ENTER_TEXT"}]}
COMMAND: POST /session/d64c8a9d67ae429a1af470fcb6f0cd05/actions - {"actions":[{"id":"action87","type":"key","parameters":{},"actions":[{"type":"keyDown","value":"î€‡"},{"type":"pause","duration":10},{"type":"keyUp","value":"î€‡"}]}]}
RESULT: {"actions":[{"id":"action87","type":"key","parameters":{},"actions":[{"type":"keyDown","value":"î€‡"},{"type":"pause","duration":10},{"type":"keyUp","value":"î€‡"}]}]}
COMMAND: GET /session/d64c8a9d67ae429a1af470fcb6f0cd05/screenshot - {}
RESULT: {}
COMMAND: POST /session/d64c8a9d67ae429a1af470fcb6f0cd05/execute/async - {"script":"<script> [1562 bytes]","args":[{"selector":{"controlType":"sap.m.Title","viewName":"etm.portal.ui.managehandovers.view.MasterHO","properties":{"text":"Records (1)"}},"wdio_ui5_key":"etmportal.ui.managehandovers.view.MasterHOsap.m.Title{\"text\":\"Records (1)\"}"}]}
RESULT: {"script":"<script> [1562 bytes]","args":[{"selector":{"controlType":"sap.m.Title","viewName":"etm.portal.ui.managehandovers.view.MasterHO","properties":{"text":"Records (1)"}},"wdio_ui5_key":"etmportal.ui.managehandovers.view.MasterHOsap.m.Title{\"text\":\"Records (1)\"}"}]}
RESULT: undefined
COMMAND: POST /session/d64c8a9d67ae429a1af470fcb6f0cd05/execute/async - {"script":"<script> [6424 bytes]","args":[{"element-6066-11e4-a52e-4f735466cecf":"f.615B31F35ECDE76F4064C3ADAC5820DC.d.63AF6EF7E28909EB2B10589987F9FE9C.e.17893"},"getText",[]]}
RESULT: {"script":"<script> [6424 bytes]","args":[{"element-6066-11e4-a52e-4f735466cecf":"f.615B31F35ECDE76F4064C3ADAC5820DC.d.63AF6EF7E28909EB2B10589987F9FE9C.e.17893"},"getText",[]]}
COMMAND: POST /session/d64c8a9d67ae429a1af470fcb6f0cd05/execute/async - {"script":"<script> [1562 bytes]","args":[{"selector":{"controlType":"sap.ui.core.Icon","viewName":"etm.portal.ui.managehandovers.view.MasterHO","properties":{"src":{"regex":{"source":"slim\\-arrow\\-right"}}}},"wdio_ui5_key":"etmportal.ui.managehandovers.view.MasterHOsap.ui.core.Icon{\"src\":{\"regex\":{\"source\":\"slim\\\\-arrow\\\\-right\"}}}"}]}
RESULT: {"script":"<script> [1562 bytes]","args":[{"selector":{"controlType":"sap.ui.core.Icon","viewName":"etm.portal.ui.managehandovers.view.MasterHO","properties":{"src":{"regex":{"source":"slim\\-arrow\\-right"}}}},"wdio_ui5_key":"etmportal.ui.managehandovers.view.MasterHOsap.ui.core.Icon{\"src\":{\"regex\":{\"source\":\"slim\\\\-arrow\\\\-right\"}}}"}]}
RESULT: undefined
COMMAND: POST /session/d64c8a9d67ae429a1af470fcb6f0cd05/element - {"using":"xpath","value":"//*[@id=\"__item29-__clone17-imgNav\"]"}
RESULT: {"using":"xpath","value":"//*[@id=\"__item29-__clone17-imgNav\"]"}
COMMAND: POST /session/d64c8a9d67ae429a1af470fcb6f0cd05/element/f.615B31F35ECDE76F4064C3ADAC5820DC.d.63AF6EF7E28909EB2B10589987F9FE9C.e.17892/click - {}
RESULT: {}
COMMAND: GET /session/d64c8a9d67ae429a1af470fcb6f0cd05/screenshot - {}
RESULT: {}
COMMAND: POST /session/d64c8a9d67ae429a1af470fcb6f0cd05/execute/async - {"script":"<script> [1562 bytes]","args":[{"selector":{"controlType":"sap.m.ObjectStatus","viewName":"etm.portal.ui.managehandovers.view.DetailManageHO","viewId":"application-managehandovers-display-component---detailManageHO","labelFor":{"text":"Status"}},"wdio_ui5_key":"etmportal.ui.managehandovers.view.DetailManageHOsap.m.ObjectStatus{\"text\":\"Status\"}"}]}
RESULT: {"script":"<script> [1562 bytes]","args":[{"selector":{"controlType":"sap.m.ObjectStatus","viewName":"etm.portal.ui.managehandovers.view.DetailManageHO","viewId":"application-managehandovers-display-component---detailManageHO","labelFor":{"text":"Status"}},"wdio_ui5_key":"etmportal.ui.managehandovers.view.DetailManageHOsap.m.ObjectStatus{\"text\":\"Status\"}"}]}
RESULT: undefined
COMMAND: POST /session/d64c8a9d67ae429a1af470fcb6f0cd05/execute/async - {"script":"<script> [6424 bytes]","args":[{"element-6066-11e4-a52e-4f735466cecf":"f.615B31F35ECDE76F4064C3ADAC5820DC.d.63AF6EF7E28909EB2B10589987F9FE9C.e.17982"},"getText",[]]}
RESULT: {"script":"<script> [6424 bytes]","args":[{"element-6066-11e4-a52e-4f735466cecf":"f.615B31F35ECDE76F4064C3ADAC5820DC.d.63AF6EF7E28909EB2B10589987F9FE9C.e.17982"},"getText",[]]}
COMMAND: POST /session/d64c8a9d67ae429a1af470fcb6f0cd05/element - {"using":"xpath","value":"//a[contains(@data-kt ,\"GeneralSectionReceiveContracttLink\")]"}
RESULT: {"using":"xpath","value":"//a[contains(@data-kt ,\"GeneralSectionReceiveContracttLink\")]"}
COMMAND: POST /session/d64c8a9d67ae429a1af470fcb6f0cd05/element/f.615B31F35ECDE76F4064C3ADAC5820DC.d.63AF6EF7E28909EB2B10589987F9FE9C.e.17983/click - {}
RESULT: {}
COMMAND: GET /session/d64c8a9d67ae429a1af470fcb6f0cd05/screenshot - {}
RESULT: {}
COMMAND: POST /session/d64c8a9d67ae429a1af470fcb6f0cd05/element - {"using":"xpath","value":"//a[contains(@data-kt ,\"ContextMenuId2Link\")]"}
RESULT: {"using":"xpath","value":"//a[contains(@data-kt ,\"ContextMenuId2Link\")]"}
COMMAND: POST /session/d64c8a9d67ae429a1af470fcb6f0cd05/element/f.615B31F35ECDE76F4064C3ADAC5820DC.d.63AF6EF7E28909EB2B10589987F9FE9C.e.17986/click - {}
RESULT: {}
COMMAND: GET /session/d64c8a9d67ae429a1af470fcb6f0cd05/screenshot - {}
RESULT: {}
COMMAND: POST /session/d64c8a9d67ae429a1af470fcb6f0cd05/execute/async - {"script":"<script> [1562 bytes]","args":[{"selector":{"controlType":"sap.m.ObjectStatus","viewName":"etm.portal.ui.managecontracts.view.Detail","bindingPath":{"propertyPath":"LINK_TO_LOGISTICAL_STATUS/DESCRIPTION","modelName":"catalogModel"}},"wdio_ui5_key":"etmportal.ui.managecontracts.view.Detailsap.m.ObjectStatus{\"propertyPath\":\"LINK_TO_LOGISTICAL_STATUS/DESCRIPTION\",\"modelName\":\"catalogModel\"}"}]}
RESULT: {"script":"<script> [1562 bytes]","args":[{"selector":{"controlType":"sap.m.ObjectStatus","viewName":"etm.portal.ui.managecontracts.view.Detail","bindingPath":{"propertyPath":"LINK_TO_LOGISTICAL_STATUS/DESCRIPTION","modelName":"catalogModel"}},"wdio_ui5_key":"etmportal.ui.managecontracts.view.Detailsap.m.ObjectStatus{\"propertyPath\":\"LINK_TO_LOGISTICAL_STATUS/DESCRIPTION\",\"modelName\":\"catalogModel\"}"}]}
RESULT: undefined
COMMAND: POST /session/d64c8a9d67ae429a1af470fcb6f0cd05/execute/async - {"script":"<script> [6424 bytes]","args":[{"element-6066-11e4-a52e-4f735466cecf":"f.615B31F35ECDE76F4064C3ADAC5820DC.d.63AF6EF7E28909EB2B10589987F9FE9C.e.18227"},"getText",[]]}
RESULT: {"script":"<script> [6424 bytes]","args":[{"element-6066-11e4-a52e-4f735466cecf":"f.615B31F35ECDE76F4064C3ADAC5820DC.d.63AF6EF7E28909EB2B10589987F9FE9C.e.18227"},"getText",[]]}
COMMAND: POST /session/d64c8a9d67ae429a1af470fcb6f0cd05/execute/async - {"script":"<script> [1562 bytes]","args":[{"selector":{"controlType":"sap.m.ObjectStatus","viewName":"etm.portal.ui.managecontracts.view.Detail","bindingPath":{"propertyPath":"LINK_TO_COMMERCIAL_STATUS/DESCRIPTION","modelName":"catalogModel"}},"wdio_ui5_key":"etmportal.ui.managecontracts.view.Detailsap.m.ObjectStatus{\"propertyPath\":\"LINK_TO_COMMERCIAL_STATUS/DESCRIPTION\",\"modelName\":\"catalogModel\"}"}]}
RESULT: {"script":"<script> [1562 bytes]","args":[{"selector":{"controlType":"sap.m.ObjectStatus","viewName":"etm.portal.ui.managecontracts.view.Detail","bindingPath":{"propertyPath":"LINK_TO_COMMERCIAL_STATUS/DESCRIPTION","modelName":"catalogModel"}},"wdio_ui5_key":"etmportal.ui.managecontracts.view.Detailsap.m.ObjectStatus{\"propertyPath\":\"LINK_TO_COMMERCIAL_STATUS/DESCRIPTION\",\"modelName\":\"catalogModel\"}"}]}
RESULT: undefined
COMMAND: POST /session/d64c8a9d67ae429a1af470fcb6f0cd05/execute/async - {"script":"<script> [6424 bytes]","args":[{"element-6066-11e4-a52e-4f735466cecf":"f.615B31F35ECDE76F4064C3ADAC5820DC.d.63AF6EF7E28909EB2B10589987F9FE9C.e.18228"},"getText",[]]}
RESULT: {"script":"<script> [6424 bytes]","args":[{"element-6066-11e4-a52e-4f735466cecf":"f.615B31F35ECDE76F4064C3ADAC5820DC.d.63AF6EF7E28909EB2B10589987F9FE9C.e.18228"},"getText",[]]}
]]></system-out>
    </testcase>
    <testcase classname="chrome.136_0_7103_93.windows.E2E_-_Logistical_and_commercial_statuses" name="It should follow the handover steps to the status fully returned" time="282.278">
      <system-out><![CDATA[
COMMAND: POST /session/d64c8a9d67ae429a1af470fcb6f0cd05/execute/async - {"script":"<script> [1562 bytes]","args":[{"selector":{"id":"contractDetailReturnButton","viewName":"etm.portal.ui.managecontracts.view.Detail","interaction":{"idSuffix":"BDI-content"}},"wdio_ui5_key":"contractDetailReturnButtonetmportal.ui.managecontracts.view.Detail"}]}
RESULT: {"script":"<script> [1562 bytes]","args":[{"selector":{"id":"contractDetailReturnButton","viewName":"etm.portal.ui.managecontracts.view.Detail","interaction":{"idSuffix":"BDI-content"}},"wdio_ui5_key":"contractDetailReturnButtonetmportal.ui.managecontracts.view.Detail"}]}
RESULT: undefined
COMMAND: POST /session/d64c8a9d67ae429a1af470fcb6f0cd05/element - {"using":"xpath","value":"//*[@id=\"__xmlview2--contractDetailReturnButton\"]"}
RESULT: {"using":"xpath","value":"//*[@id=\"__xmlview2--contractDetailReturnButton\"]"}
COMMAND: POST /session/d64c8a9d67ae429a1af470fcb6f0cd05/element/f.615B31F35ECDE76F4064C3ADAC5820DC.d.63AF6EF7E28909EB2B10589987F9FE9C.e.18088/click - {}
RESULT: {}
COMMAND: POST /session/d64c8a9d67ae429a1af470fcb6f0cd05/execute/async - {"script":"<script> [1562 bytes]","args":[{"selector":{"id":"application-managehandovers-display-component---AddNewHO--dueDate","interaction":{"idSuffix":"inner"}},"wdio_ui5_key":"applicationmanagehandovers-display-component---AddNewHO--dueDate"}]}
COMMAND: GET /session/d64c8a9d67ae429a1af470fcb6f0cd05/screenshot - {}
RESULT: {"script":"<script> [1562 bytes]","args":[{"selector":{"id":"application-managehandovers-display-component---AddNewHO--dueDate","interaction":{"idSuffix":"inner"}},"wdio_ui5_key":"applicationmanagehandovers-display-component---AddNewHO--dueDate"}]}
RESULT: undefined
COMMAND: POST /session/d64c8a9d67ae429a1af470fcb6f0cd05/execute/async - {"script":"<script> [776 bytes]","args":[{"enterText":"06/04/25","selector":{"id":"application-managehandovers-display-component---AddNewHO--dueDate","interaction":{"idSuffix":"inner"}},"clearTextFirst":true,"interactionType":"ENTER_TEXT"}]}
RESULT: {}
RESULT: {"script":"<script> [776 bytes]","args":[{"enterText":"06/04/25","selector":{"id":"application-managehandovers-display-component---AddNewHO--dueDate","interaction":{"idSuffix":"inner"}},"clearTextFirst":true,"interactionType":"ENTER_TEXT"}]}
COMMAND: POST /session/d64c8a9d67ae429a1af470fcb6f0cd05/element - {"using":"xpath","value":"//bdi[contains(@id ,\"application-managehandovers-display-component---AddNewHO--ObjectPageLayout-anchBar-application-managehandovers-display-component---AddNewHO--section4-anchor-BDI-content\")]"}
RESULT: {"using":"xpath","value":"//bdi[contains(@id ,\"application-managehandovers-display-component---AddNewHO--ObjectPageLayout-anchBar-application-managehandovers-display-component---AddNewHO--section4-anchor-BDI-content\")]"}
COMMAND: POST /session/d64c8a9d67ae429a1af470fcb6f0cd05/element/f.615B31F35ECDE76F4064C3ADAC5820DC.d.63AF6EF7E28909EB2B10589987F9FE9C.e.18543/click - {}
RESULT: {}
COMMAND: GET /session/d64c8a9d67ae429a1af470fcb6f0cd05/screenshot - {}
RESULT: {}
COMMAND: POST /session/d64c8a9d67ae429a1af470fcb6f0cd05/element - {"using":"xpath","value":"//button[contains(@data-kt ,\"AddNewHOProvideAddItemsButton\")]"}
RESULT: {"using":"xpath","value":"//button[contains(@data-kt ,\"AddNewHOProvideAddItemsButton\")]"}
COMMAND: POST /session/d64c8a9d67ae429a1af470fcb6f0cd05/element/f.615B31F35ECDE76F4064C3ADAC5820DC.d.63AF6EF7E28909EB2B10589987F9FE9C.e.18548/click - {}
RESULT: {}
COMMAND: GET /session/d64c8a9d67ae429a1af470fcb6f0cd05/screenshot - {}
RESULT: {}
COMMAND: POST /session/d64c8a9d67ae429a1af470fcb6f0cd05/execute/async - {"script":"<script> [1562 bytes]","args":[{"selector":{"id":"application-managehandovers-display-component---AddNewHO--popup-sa","searchOpenDialogs":true,"interaction":{"idSuffix":"CbBg"}},"wdio_ui5_key":"applicationmanagehandovers-display-component---AddNewHO--popup-sa"}]}
RESULT: {"script":"<script> [1562 bytes]","args":[{"selector":{"id":"application-managehandovers-display-component---AddNewHO--popup-sa","searchOpenDialogs":true,"interaction":{"idSuffix":"CbBg"}},"wdio_ui5_key":"applicationmanagehandovers-display-component---AddNewHO--popup-sa"}]}
RESULT: undefined
COMMAND: POST /session/d64c8a9d67ae429a1af470fcb6f0cd05/element - {"using":"xpath","value":"//*[@id=\"application-managehandovers-display-component---AddNewHO--popup-sa\"]"}
RESULT: {"using":"xpath","value":"//*[@id=\"application-managehandovers-display-component---AddNewHO--popup-sa\"]"}
COMMAND: POST /session/d64c8a9d67ae429a1af470fcb6f0cd05/element/f.615B31F35ECDE76F4064C3ADAC5820DC.d.63AF6EF7E28909EB2B10589987F9FE9C.e.18564/click - {}
RESULT: {}
COMMAND: POST /session/d64c8a9d67ae429a1af470fcb6f0cd05/execute/async - {"script":"<script> [1562 bytes]","args":[{"selector":{"controlType":"sap.m.Button","viewName":"etm.portal.ui.managehandovers.view.AddNewHO","viewId":"application-managehandovers-display-component---AddNewHO","i18NText":{"propertyName":"text","key":"select"},"searchOpenDialogs":true,"interaction":{"idSuffix":"BDI-content"}},"wdio_ui5_key":"etmportal.ui.managehandovers.view.AddNewHOsap.m.Button{\"propertyName\":\"text\",\"key\":\"select\"}"}]}
COMMAND: GET /session/d64c8a9d67ae429a1af470fcb6f0cd05/screenshot - {}
RESULT: {"script":"<script> [1562 bytes]","args":[{"selector":{"controlType":"sap.m.Button","viewName":"etm.portal.ui.managehandovers.view.AddNewHO","viewId":"application-managehandovers-display-component---AddNewHO","i18NText":{"propertyName":"text","key":"select"},"searchOpenDialogs":true,"interaction":{"idSuffix":"BDI-content"}},"wdio_ui5_key":"etmportal.ui.managehandovers.view.AddNewHOsap.m.Button{\"propertyName\":\"text\",\"key\":\"select\"}"}]}
RESULT: undefined
COMMAND: POST /session/d64c8a9d67ae429a1af470fcb6f0cd05/element - {"using":"xpath","value":"//*[@id=\"__button61\"]"}
RESULT: {}
RESULT: {"using":"xpath","value":"//*[@id=\"__button61\"]"}
COMMAND: POST /session/d64c8a9d67ae429a1af470fcb6f0cd05/element/f.615B31F35ECDE76F4064C3ADAC5820DC.d.63AF6EF7E28909EB2B10589987F9FE9C.e.18567/click - {}
RESULT: {}
COMMAND: GET /session/d64c8a9d67ae429a1af470fcb6f0cd05/screenshot - {}
RESULT: {}
COMMAND: POST /session/d64c8a9d67ae429a1af470fcb6f0cd05/execute/async - {"script":"<script> [1562 bytes]","args":[{"selector":{"id":"application-managehandovers-display-component---AddNewHO--confirmCreationButton","interaction":{"idSuffix":"BDI-content"}},"wdio_ui5_key":"applicationmanagehandovers-display-component---AddNewHO--confirmCreationButton"}]}
RESULT: {"script":"<script> [1562 bytes]","args":[{"selector":{"id":"application-managehandovers-display-component---AddNewHO--confirmCreationButton","interaction":{"idSuffix":"BDI-content"}},"wdio_ui5_key":"applicationmanagehandovers-display-component---AddNewHO--confirmCreationButton"}]}
RESULT: undefined
COMMAND: POST /session/d64c8a9d67ae429a1af470fcb6f0cd05/element - {"using":"xpath","value":"//*[@id=\"application-managehandovers-display-component---AddNewHO--confirmCreationButton\"]"}
RESULT: {"using":"xpath","value":"//*[@id=\"application-managehandovers-display-component---AddNewHO--confirmCreationButton\"]"}
COMMAND: POST /session/d64c8a9d67ae429a1af470fcb6f0cd05/element/f.615B31F35ECDE76F4064C3ADAC5820DC.d.63AF6EF7E28909EB2B10589987F9FE9C.e.18351/click - {}
RESULT: {}
COMMAND: GET /session/d64c8a9d67ae429a1af470fcb6f0cd05/screenshot - {}
RESULT: {}
COMMAND: POST /session/d64c8a9d67ae429a1af470fcb6f0cd05/execute/async - {"script":"<script> [1562 bytes]","args":[{"selector":{"controlType":"sap.m.Text","viewName":"etm.portal.ui.managehandovers.view.DetailExecuteHO","bindingPath":{"propertyPath":"NO","modelName":"catalogModel"}},"wdio_ui5_key":"etmportal.ui.managehandovers.view.DetailExecuteHOsap.m.Text{\"propertyPath\":\"NO\",\"modelName\":\"catalogModel\"}"}]}
RESULT: {"script":"<script> [1562 bytes]","args":[{"selector":{"controlType":"sap.m.Text","viewName":"etm.portal.ui.managehandovers.view.DetailExecuteHO","bindingPath":{"propertyPath":"NO","modelName":"catalogModel"}},"wdio_ui5_key":"etmportal.ui.managehandovers.view.DetailExecuteHOsap.m.Text{\"propertyPath\":\"NO\",\"modelName\":\"catalogModel\"}"}]}
RESULT: undefined
COMMAND: POST /session/d64c8a9d67ae429a1af470fcb6f0cd05/execute/async - {"script":"<script> [6424 bytes]","args":[{"element-6066-11e4-a52e-4f735466cecf":"f.615B31F35ECDE76F4064C3ADAC5820DC.d.63AF6EF7E28909EB2B10589987F9FE9C.e.18621"},"getText",[]]}
RESULT: {"script":"<script> [6424 bytes]","args":[{"element-6066-11e4-a52e-4f735466cecf":"f.615B31F35ECDE76F4064C3ADAC5820DC.d.63AF6EF7E28909EB2B10589987F9FE9C.e.18621"},"getText",[]]}
COMMAND: POST /session/d64c8a9d67ae429a1af470fcb6f0cd05/element - {"using":"xpath","value":"//a[contains(@data-kt ,\"GeneralSectionSendContractLink\")]"}
RESULT: {"using":"xpath","value":"//a[contains(@data-kt ,\"GeneralSectionSendContractLink\")]"}
COMMAND: POST /session/d64c8a9d67ae429a1af470fcb6f0cd05/element/f.615B31F35ECDE76F4064C3ADAC5820DC.d.63AF6EF7E28909EB2B10589987F9FE9C.e.18622/click - {}
RESULT: {}
COMMAND: GET /session/d64c8a9d67ae429a1af470fcb6f0cd05/screenshot - {}
RESULT: {}
COMMAND: POST /session/d64c8a9d67ae429a1af470fcb6f0cd05/element - {"using":"xpath","value":"//a[contains(@data-kt ,\"ContextMenuId2Link\")]"}
RESULT: {"using":"xpath","value":"//a[contains(@data-kt ,\"ContextMenuId2Link\")]"}
COMMAND: POST /session/d64c8a9d67ae429a1af470fcb6f0cd05/elements - {"using":"xpath","value":"//a[contains(@data-kt ,\"ContextMenuId2Link\")]"}
RESULT: {"using":"xpath","value":"//a[contains(@data-kt ,\"ContextMenuId2Link\")]"}
COMMAND: POST /session/d64c8a9d67ae429a1af470fcb6f0cd05/element/f.615B31F35ECDE76F4064C3ADAC5820DC.d.63AF6EF7E28909EB2B10589987F9FE9C.e.18626/click - {}
RESULT: {}
COMMAND: GET /session/d64c8a9d67ae429a1af470fcb6f0cd05/screenshot - {}
COMMAND: POST /session/d64c8a9d67ae429a1af470fcb6f0cd05/execute/async - {"script":"<script> [1562 bytes]","args":[{"selector":{"controlType":"sap.m.Link","viewName":"etm.portal.ui.managehandovers.view.DetailExecuteHO","properties":{"text":"Contract Overview"},"searchOpenDialogs":true},"wdio_ui5_key":"etmportal.ui.managehandovers.view.DetailExecuteHOsap.m.Link{\"text\":\"Contract Overview\"}"}]}
RESULT: {}
RESULT: {"script":"<script> [1562 bytes]","args":[{"selector":{"controlType":"sap.m.Link","viewName":"etm.portal.ui.managehandovers.view.DetailExecuteHO","properties":{"text":"Contract Overview"},"searchOpenDialogs":true},"wdio_ui5_key":"etmportal.ui.managehandovers.view.DetailExecuteHOsap.m.Link{\"text\":\"Contract Overview\"}"}]}
RESULT: undefined
RESULT: undefined
COMMAND: POST /session/d64c8a9d67ae429a1af470fcb6f0cd05/execute/async - {"script":"<script> [6424 bytes]","args":[{"element-6066-11e4-a52e-4f735466cecf":"f.615B31F35ECDE76F4064C3ADAC5820DC.d.63AF6EF7E28909EB2B10589987F9FE9C.e.18227"},"getText",[]]}
COMMAND: POST /session/d64c8a9d67ae429a1af470fcb6f0cd05/execute/async - {"script":"<script> [1562 bytes]","args":[{"selector":{"controlType":"sap.m.ObjectStatus","viewName":"etm.portal.ui.managecontracts.view.Detail","bindingPath":{"propertyPath":"LINK_TO_LOGISTICAL_STATUS/DESCRIPTION","modelName":"catalogModel"}},"wdio_ui5_key":"etmportal.ui.managecontracts.view.Detailsap.m.ObjectStatus{\"propertyPath\":\"LINK_TO_LOGISTICAL_STATUS/DESCRIPTION\",\"modelName\":\"catalogModel\"}"}]}
RESULT: {"script":"<script> [1562 bytes]","args":[{"selector":{"controlType":"sap.m.ObjectStatus","viewName":"etm.portal.ui.managecontracts.view.Detail","bindingPath":{"propertyPath":"LINK_TO_LOGISTICAL_STATUS/DESCRIPTION","modelName":"catalogModel"}},"wdio_ui5_key":"etmportal.ui.managecontracts.view.Detailsap.m.ObjectStatus{\"propertyPath\":\"LINK_TO_LOGISTICAL_STATUS/DESCRIPTION\",\"modelName\":\"catalogModel\"}"}]}
COMMAND: POST /session/d64c8a9d67ae429a1af470fcb6f0cd05/execute/async - {"script":"<script> [6424 bytes]","args":[{"element-6066-11e4-a52e-4f735466cecf":"f.615B31F35ECDE76F4064C3ADAC5820DC.d.63AF6EF7E28909EB2B10589987F9FE9C.e.18850"},"getText",[]]}
RESULT: {"script":"<script> [6424 bytes]","args":[{"element-6066-11e4-a52e-4f735466cecf":"f.615B31F35ECDE76F4064C3ADAC5820DC.d.63AF6EF7E28909EB2B10589987F9FE9C.e.18850"},"getText",[]]}
RESULT: undefined
COMMAND: POST /session/d64c8a9d67ae429a1af470fcb6f0cd05/execute/async - {"script":"<script> [6424 bytes]","args":[{"element-6066-11e4-a52e-4f735466cecf":"f.615B31F35ECDE76F4064C3ADAC5820DC.d.63AF6EF7E28909EB2B10589987F9FE9C.e.18228"},"getText",[]]}
COMMAND: POST /session/d64c8a9d67ae429a1af470fcb6f0cd05/execute/async - {"script":"<script> [1562 bytes]","args":[{"selector":{"controlType":"sap.m.ObjectStatus","viewName":"etm.portal.ui.managecontracts.view.Detail","bindingPath":{"propertyPath":"LINK_TO_COMMERCIAL_STATUS/DESCRIPTION","modelName":"catalogModel"}},"wdio_ui5_key":"etmportal.ui.managecontracts.view.Detailsap.m.ObjectStatus{\"propertyPath\":\"LINK_TO_COMMERCIAL_STATUS/DESCRIPTION\",\"modelName\":\"catalogModel\"}"}]}
RESULT: {"script":"<script> [1562 bytes]","args":[{"selector":{"controlType":"sap.m.ObjectStatus","viewName":"etm.portal.ui.managecontracts.view.Detail","bindingPath":{"propertyPath":"LINK_TO_COMMERCIAL_STATUS/DESCRIPTION","modelName":"catalogModel"}},"wdio_ui5_key":"etmportal.ui.managecontracts.view.Detailsap.m.ObjectStatus{\"propertyPath\":\"LINK_TO_COMMERCIAL_STATUS/DESCRIPTION\",\"modelName\":\"catalogModel\"}"}]}
COMMAND: POST /session/d64c8a9d67ae429a1af470fcb6f0cd05/execute/async - {"script":"<script> [6424 bytes]","args":[{"element-6066-11e4-a52e-4f735466cecf":"f.615B31F35ECDE76F4064C3ADAC5820DC.d.63AF6EF7E28909EB2B10589987F9FE9C.e.18851"},"getText",[]]}
RESULT: {"script":"<script> [6424 bytes]","args":[{"element-6066-11e4-a52e-4f735466cecf":"f.615B31F35ECDE76F4064C3ADAC5820DC.d.63AF6EF7E28909EB2B10589987F9FE9C.e.18851"},"getText",[]]}
COMMAND: POST /session/d64c8a9d67ae429a1af470fcb6f0cd05/execute/async - {"script":"<script> [1562 bytes]","args":[{"selector":{"id":"backBtn"},"wdio_ui5_key":"backBtn"}]}
RESULT: {"script":"<script> [1562 bytes]","args":[{"selector":{"id":"backBtn"},"wdio_ui5_key":"backBtn"}]}
RESULT: undefined
COMMAND: POST /session/d64c8a9d67ae429a1af470fcb6f0cd05/element - {"using":"xpath","value":"//*[@id=\"backBtn\"]"}
RESULT: {"using":"xpath","value":"//*[@id=\"backBtn\"]"}
COMMAND: POST /session/d64c8a9d67ae429a1af470fcb6f0cd05/element/f.615B31F35ECDE76F4064C3ADAC5820DC.d.63AF6EF7E28909EB2B10589987F9FE9C.e.18852/click - {}
RESULT: {}
COMMAND: GET /session/d64c8a9d67ae429a1af470fcb6f0cd05/screenshot - {}
RESULT: {}
COMMAND: POST /session/d64c8a9d67ae429a1af470fcb6f0cd05/element - {"using":"xpath","value":"//input[contains(@id ,\"issueDatePicker-inner\")]"}
RESULT: {"using":"xpath","value":"//input[contains(@id ,\"issueDatePicker-inner\")]"}
COMMAND: GET /session/d64c8a9d67ae429a1af470fcb6f0cd05/element/f.615B31F35ECDE76F4064C3ADAC5820DC.d.63AF6EF7E28909EB2B10589987F9FE9C.e.19143/property/value - {}
RESULT: {}
COMMAND: POST /session/d64c8a9d67ae429a1af470fcb6f0cd05/element/f.615B31F35ECDE76F4064C3ADAC5820DC.d.63AF6EF7E28909EB2B10589987F9FE9C.e.19143/clear - {}
COMMAND: GET /session/d64c8a9d67ae429a1af470fcb6f0cd05/screenshot - {}
RESULT: {}
COMMAND: POST /session/d64c8a9d67ae429a1af470fcb6f0cd05/element/f.615B31F35ECDE76F4064C3ADAC5820DC.d.63AF6EF7E28909EB2B10589987F9FE9C.e.19143/value - {"text":"06/04/25"}
COMMAND: GET /session/d64c8a9d67ae429a1af470fcb6f0cd05/screenshot - {}
RESULT: {}
RESULT: {"text":"06/04/25"}
COMMAND: GET /session/d64c8a9d67ae429a1af470fcb6f0cd05/screenshot - {}
RESULT: {}
RESULT: {}
COMMAND: POST /session/d64c8a9d67ae429a1af470fcb6f0cd05/execute/async - {"script":"<script> [1562 bytes]","args":[{"selector":{"controlType":"sap.m.Button","viewName":"etm.portal.ui.managehandovers.view.DetailExecuteHO","i18NText":{"propertyName":"text","key":"confirmAll"},"interaction":{"idSuffix":"inner"}},"wdio_ui5_key":"etmportal.ui.managehandovers.view.DetailExecuteHOsap.m.Button{\"propertyName\":\"text\",\"key\":\"confirmAll\"}"}]}
RESULT: {"script":"<script> [1562 bytes]","args":[{"selector":{"controlType":"sap.m.Button","viewName":"etm.portal.ui.managehandovers.view.DetailExecuteHO","i18NText":{"propertyName":"text","key":"confirmAll"},"interaction":{"idSuffix":"inner"}},"wdio_ui5_key":"etmportal.ui.managehandovers.view.DetailExecuteHOsap.m.Button{\"propertyName\":\"text\",\"key\":\"confirmAll\"}"}]}
RESULT: undefined
COMMAND: POST /session/d64c8a9d67ae429a1af470fcb6f0cd05/element - {"using":"xpath","value":"//*[@id=\"__button145\"]"}
RESULT: {"using":"xpath","value":"//*[@id=\"__button145\"]"}
COMMAND: POST /session/d64c8a9d67ae429a1af470fcb6f0cd05/element/f.615B31F35ECDE76F4064C3ADAC5820DC.d.63AF6EF7E28909EB2B10589987F9FE9C.e.19167/click - {}
RESULT: {}
COMMAND: GET /session/d64c8a9d67ae429a1af470fcb6f0cd05/screenshot - {}
RESULT: {}
COMMAND: POST /session/d64c8a9d67ae429a1af470fcb6f0cd05/actions - {"actions":[{"id":"action88","type":"key","parameters":{},"actions":[{"type":"keyDown","value":"î€‡"},{"type":"pause","duration":10},{"type":"keyUp","value":"î€‡"}]}]}
RESULT: {"actions":[{"id":"action88","type":"key","parameters":{},"actions":[{"type":"keyDown","value":"î€‡"},{"type":"pause","duration":10},{"type":"keyUp","value":"î€‡"}]}]}
COMMAND: GET /session/d64c8a9d67ae429a1af470fcb6f0cd05/screenshot - {}
RESULT: {}
RESULT: undefined
COMMAND: POST /session/d64c8a9d67ae429a1af470fcb6f0cd05/element - {"using":"xpath","value":"//*[@id=\"__button145\"]"}
RESULT: {"using":"xpath","value":"//*[@id=\"__button145\"]"}
COMMAND: POST /session/d64c8a9d67ae429a1af470fcb6f0cd05/element/f.615B31F35ECDE76F4064C3ADAC5820DC.d.63AF6EF7E28909EB2B10589987F9FE9C.e.19167/click - {}
RESULT: {}
COMMAND: GET /session/d64c8a9d67ae429a1af470fcb6f0cd05/screenshot - {}
RESULT: {}
COMMAND: POST /session/d64c8a9d67ae429a1af470fcb6f0cd05/execute/async - {"script":"<script> [1562 bytes]","args":[{"selector":{"controlType":"sap.m.Button","properties":{"text":"OK"},"searchOpenDialogs":true,"interaction":{"idSuffix":"content"}},"wdio_ui5_key":"sapm.Button{\"text\":\"OK\"}"}]}
RESULT: {"script":"<script> [1562 bytes]","args":[{"selector":{"controlType":"sap.m.Button","properties":{"text":"OK"},"searchOpenDialogs":true,"interaction":{"idSuffix":"content"}},"wdio_ui5_key":"sapm.Button{\"text\":\"OK\"}"}]}
RESULT: undefined
COMMAND: POST /session/d64c8a9d67ae429a1af470fcb6f0cd05/element - {"using":"xpath","value":"//*[@id=\"__mbox-btn-2\"]"}
RESULT: {"using":"xpath","value":"//*[@id=\"__mbox-btn-2\"]"}
COMMAND: POST /session/d64c8a9d67ae429a1af470fcb6f0cd05/element/f.615B31F35ECDE76F4064C3ADAC5820DC.d.63AF6EF7E28909EB2B10589987F9FE9C.e.19176/click - {}
RESULT: {}
COMMAND: GET /session/d64c8a9d67ae429a1af470fcb6f0cd05/screenshot - {}
RESULT: {}
COMMAND: POST /session/d64c8a9d67ae429a1af470fcb6f0cd05/element - {"using":"xpath","value":"//button[contains(@data-kt ,\"execHoIssueFooterButton\")]"}
RESULT: {"using":"xpath","value":"//button[contains(@data-kt ,\"execHoIssueFooterButton\")]"}
COMMAND: POST /session/d64c8a9d67ae429a1af470fcb6f0cd05/element/f.615B31F35ECDE76F4064C3ADAC5820DC.d.63AF6EF7E28909EB2B10589987F9FE9C.e.19180/click - {}
RESULT: {}
COMMAND: GET /session/d64c8a9d67ae429a1af470fcb6f0cd05/screenshot - {}
RESULT: {}
COMMAND: POST /session/d64c8a9d67ae429a1af470fcb6f0cd05/refresh - {}
RESULT: {}
COMMAND: GET /session/d64c8a9d67ae429a1af470fcb6f0cd05/screenshot - {}
RESULT: {}
COMMAND: POST /session/d64c8a9d67ae429a1af470fcb6f0cd05/refresh - {}
RESULT: {}
COMMAND: GET /session/d64c8a9d67ae429a1af470fcb6f0cd05/screenshot - {}
RESULT: {}
COMMAND: POST /session/d64c8a9d67ae429a1af470fcb6f0cd05/window/fullscreen - {}
RESULT: {}
COMMAND: POST /session/d64c8a9d67ae429a1af470fcb6f0cd05/execute/async - {"script":"<script> [189 bytes]","args":[]}
RESULT: {"script":"<script> [189 bytes]","args":[]}
COMMAND: POST /session/d64c8a9d67ae429a1af470fcb6f0cd05/execute/async - {"script":"<script> [123 bytes]","args":[]}
RESULT: {"script":"<script> [123 bytes]","args":[]}
COMMAND: POST /session/d64c8a9d67ae429a1af470fcb6f0cd05/timeouts - {"script":"<number>"}
RESULT: {"script":"<number>"}
COMMAND: GET /session/d64c8a9d67ae429a1af470fcb6f0cd05/timeouts - {}
RESULT: {}
RESULT: undefined
COMMAND: POST /session/d64c8a9d67ae429a1af470fcb6f0cd05/execute/async - {"script":"<script> [2676 bytes]","args":[]}
RESULT: {"script":"<script> [2676 bytes]","args":[]}
COMMAND: POST /session/d64c8a9d67ae429a1af470fcb6f0cd05/execute/async - {"script":"<script> [2342 bytes]","args":[{"protocol":"http","hostname":"0.0.0.0","path":"/","capabilities":{"browserName":"chrome","goog:chromeOptions":{"binary":"C:\\Program Files\\Google\\Chrome\\Application\\chrome.exe","args":["--start-maximized"]}},"logLevel":"warn","connectionRetryTimeout":120000,"connectionRetryCount":3,"logLevels":{},"enableDirectConnect":true,"strictSSL":true,"_":"65 more keys: [\"cacheDir\",\"port\",\"requestedCapabilities\",\"automationProtocol\",\"baseUrl\",\"waitforInterval\",\"waitforTimeout\",\"onReload\",\"beforeCommand\",\"afterCommand\",\"rootDir\",\"specs\",\"suites\",\"exclude\",\"groupLogsByTestSpec\",\"excludeDriverLogs\",\"bail\",\"framework\",\"reporters\",\"services\",\"maxInstances\",\"maxInstancesPerCapability\",\"injectGlobals\",\"filesToWatch\",\"execArgv\",\"runnerEnv\",\"runner\",\"shard\",\"specFileRetries\",\"specFileRetriesDelay\",\"specFileRetriesDeferred\",\"reporterSyncInterval\",\"reporterSyncTimeout\",\"cucumberFeaturesWithLineNumbers\",\"autoCompileOpts\",\"mochaOpts\",\"jasmineOpts\",\"cucumberOpts\",\"onPrepare\",\"onWorkerStart\",\"onWorkerEnd\",\"before\",\"beforeSession\",\"beforeSuite\",\"beforeHook\",\"beforeTest\",\"afterTest\",\"afterHook\",\"afterSuite\",\"afterSession\",\"after\",\"onComplete\",\"beforeAssertion\",\"afterAssertion\",\"beforeFeature\",\"beforeScenario\",\"beforeStep\",\"afterStep\",\"afterScenario\",\"afterFeature\",\"_\",\"suite\",\"$0\",\"ignoredWorkerServices\",\"wdi5\"]"}]}
RESULT: {"script":"<script> [2342 bytes]","args":[{"protocol":"http","hostname":"0.0.0.0","path":"/","capabilities":{"browserName":"chrome","goog:chromeOptions":{"binary":"C:\\Program Files\\Google\\Chrome\\Application\\chrome.exe","args":["--start-maximized"]}},"logLevel":"warn","connectionRetryTimeout":120000,"connectionRetryCount":3,"logLevels":{},"enableDirectConnect":true,"strictSSL":true,"_":"65 more keys: [\"cacheDir\",\"port\",\"requestedCapabilities\",\"automationProtocol\",\"baseUrl\",\"waitforInterval\",\"waitforTimeout\",\"onReload\",\"beforeCommand\",\"afterCommand\",\"rootDir\",\"specs\",\"suites\",\"exclude\",\"groupLogsByTestSpec\",\"excludeDriverLogs\",\"bail\",\"framework\",\"reporters\",\"services\",\"maxInstances\",\"maxInstancesPerCapability\",\"injectGlobals\",\"filesToWatch\",\"execArgv\",\"runnerEnv\",\"runner\",\"shard\",\"specFileRetries\",\"specFileRetriesDelay\",\"specFileRetriesDeferred\",\"reporterSyncInterval\",\"reporterSyncTimeout\",\"cucumberFeaturesWithLineNumbers\",\"autoCompileOpts\",\"mochaOpts\",\"jasmineOpts\",\"cucumberOpts\",\"onPrepare\",\"onWorkerStart\",\"onWorkerEnd\",\"before\",\"beforeSession\",\"beforeSuite\",\"beforeHook\",\"beforeTest\",\"afterTest\",\"afterHook\",\"afterSuite\",\"afterSession\",\"after\",\"onComplete\",\"beforeAssertion\",\"afterAssertion\",\"beforeFeature\",\"beforeScenario\",\"beforeStep\",\"afterStep\",\"afterScenario\",\"afterFeature\",\"_\",\"suite\",\"$0\",\"ignoredWorkerServices\",\"wdi5\"]"}]}
COMMAND: POST /session/d64c8a9d67ae429a1af470fcb6f0cd05/execute/async - {"script":"<script> [21126 bytes]","args":[35000]}
RESULT: {"script":"<script> [21126 bytes]","args":[35000]}
COMMAND: POST /session/d64c8a9d67ae429a1af470fcb6f0cd05/execute/async - {"script":"<script> [1562 bytes]","args":[{"selector":{"controlType":"sap.m.SearchField","viewName":"etm.portal.ui.managehandovers.view.MasterHO","bindingPath":{"path":"","propertyPath":"/_BASIC_SEARCH_FIELD","modelName":"fi1t3rM0d31"},"interaction":{"idSuffix":"I"}},"wdio_ui5_key":"etmportal.ui.managehandovers.view.MasterHOsap.m.SearchField{\"path\":\"\",\"propertyPath\":\"/_BASIC_SEARCH_FIELD\",\"modelName\":\"fi1t3rM0d31\"}"}]}
RESULT: {"script":"<script> [1562 bytes]","args":[{"selector":{"controlType":"sap.m.SearchField","viewName":"etm.portal.ui.managehandovers.view.MasterHO","bindingPath":{"path":"","propertyPath":"/_BASIC_SEARCH_FIELD","modelName":"fi1t3rM0d31"},"interaction":{"idSuffix":"I"}},"wdio_ui5_key":"etmportal.ui.managehandovers.view.MasterHOsap.m.SearchField{\"path\":\"\",\"propertyPath\":\"/_BASIC_SEARCH_FIELD\",\"modelName\":\"fi1t3rM0d31\"}"}]}
RESULT: undefined
COMMAND: POST /session/d64c8a9d67ae429a1af470fcb6f0cd05/execute/async - {"script":"<script> [776 bytes]","args":[{"enterText":"30915","selector":{"controlType":"sap.m.SearchField","viewName":"etm.portal.ui.managehandovers.view.MasterHO","bindingPath":{"path":"","propertyPath":"/_BASIC_SEARCH_FIELD","modelName":"fi1t3rM0d31"},"interaction":{"idSuffix":"I"}},"clearTextFirst":true,"interactionType":"ENTER_TEXT"}]}
RESULT: {"script":"<script> [776 bytes]","args":[{"enterText":"30915","selector":{"controlType":"sap.m.SearchField","viewName":"etm.portal.ui.managehandovers.view.MasterHO","bindingPath":{"path":"","propertyPath":"/_BASIC_SEARCH_FIELD","modelName":"fi1t3rM0d31"},"interaction":{"idSuffix":"I"}},"clearTextFirst":true,"interactionType":"ENTER_TEXT"}]}
COMMAND: POST /session/d64c8a9d67ae429a1af470fcb6f0cd05/actions - {"actions":[{"id":"action89","type":"key","parameters":{},"actions":[{"type":"keyDown","value":"î€‡"},{"type":"pause","duration":10},{"type":"keyUp","value":"î€‡"}]}]}
RESULT: {"actions":[{"id":"action89","type":"key","parameters":{},"actions":[{"type":"keyDown","value":"î€‡"},{"type":"pause","duration":10},{"type":"keyUp","value":"î€‡"}]}]}
COMMAND: GET /session/d64c8a9d67ae429a1af470fcb6f0cd05/screenshot - {}
RESULT: {}
COMMAND: POST /session/d64c8a9d67ae429a1af470fcb6f0cd05/execute/async - {"script":"<script> [1562 bytes]","args":[{"selector":{"controlType":"sap.m.Title","viewName":"etm.portal.ui.managehandovers.view.MasterHO","properties":{"text":"Records (1)"}},"wdio_ui5_key":"etmportal.ui.managehandovers.view.MasterHOsap.m.Title{\"text\":\"Records (1)\"}"}]}
RESULT: {"script":"<script> [1562 bytes]","args":[{"selector":{"controlType":"sap.m.Title","viewName":"etm.portal.ui.managehandovers.view.MasterHO","properties":{"text":"Records (1)"}},"wdio_ui5_key":"etmportal.ui.managehandovers.view.MasterHOsap.m.Title{\"text\":\"Records (1)\"}"}]}
RESULT: undefined
COMMAND: POST /session/d64c8a9d67ae429a1af470fcb6f0cd05/execute/async - {"script":"<script> [6424 bytes]","args":[{"element-6066-11e4-a52e-4f735466cecf":"f.615B31F35ECDE76F4064C3ADAC5820DC.d.E34B455E933144D2D27DBAD373469CF0.e.19370"},"getText",[]]}
RESULT: {"script":"<script> [6424 bytes]","args":[{"element-6066-11e4-a52e-4f735466cecf":"f.615B31F35ECDE76F4064C3ADAC5820DC.d.E34B455E933144D2D27DBAD373469CF0.e.19370"},"getText",[]]}
COMMAND: POST /session/d64c8a9d67ae429a1af470fcb6f0cd05/execute/async - {"script":"<script> [1562 bytes]","args":[{"selector":{"controlType":"sap.ui.core.Icon","viewName":"etm.portal.ui.managehandovers.view.MasterHO","properties":{"src":{"regex":{"source":"slim\\-arrow\\-right"}}}},"wdio_ui5_key":"etmportal.ui.managehandovers.view.MasterHOsap.ui.core.Icon{\"src\":{\"regex\":{\"source\":\"slim\\\\-arrow\\\\-right\"}}}"}]}
RESULT: {"script":"<script> [1562 bytes]","args":[{"selector":{"controlType":"sap.ui.core.Icon","viewName":"etm.portal.ui.managehandovers.view.MasterHO","properties":{"src":{"regex":{"source":"slim\\-arrow\\-right"}}}},"wdio_ui5_key":"etmportal.ui.managehandovers.view.MasterHOsap.ui.core.Icon{\"src\":{\"regex\":{\"source\":\"slim\\\\-arrow\\\\-right\"}}}"}]}
RESULT: undefined
COMMAND: POST /session/d64c8a9d67ae429a1af470fcb6f0cd05/element - {"using":"xpath","value":"//*[@id=\"__item29-__clone17-imgNav\"]"}
RESULT: {"using":"xpath","value":"//*[@id=\"__item29-__clone17-imgNav\"]"}
COMMAND: POST /session/d64c8a9d67ae429a1af470fcb6f0cd05/element/f.615B31F35ECDE76F4064C3ADAC5820DC.d.E34B455E933144D2D27DBAD373469CF0.e.19369/click - {}
RESULT: {}
COMMAND: GET /session/d64c8a9d67ae429a1af470fcb6f0cd05/screenshot - {}
RESULT: {}
COMMAND: POST /session/d64c8a9d67ae429a1af470fcb6f0cd05/execute/async - {"script":"<script> [1562 bytes]","args":[{"selector":{"controlType":"sap.m.ObjectStatus","viewName":"etm.portal.ui.managehandovers.view.DetailManageHO","viewId":"application-managehandovers-display-component---detailManageHO","labelFor":{"text":"Status"}},"wdio_ui5_key":"etmportal.ui.managehandovers.view.DetailManageHOsap.m.ObjectStatus{\"text\":\"Status\"}"}]}
RESULT: {"script":"<script> [1562 bytes]","args":[{"selector":{"controlType":"sap.m.ObjectStatus","viewName":"etm.portal.ui.managehandovers.view.DetailManageHO","viewId":"application-managehandovers-display-component---detailManageHO","labelFor":{"text":"Status"}},"wdio_ui5_key":"etmportal.ui.managehandovers.view.DetailManageHOsap.m.ObjectStatus{\"text\":\"Status\"}"}]}
RESULT: undefined
COMMAND: POST /session/d64c8a9d67ae429a1af470fcb6f0cd05/execute/async - {"script":"<script> [6424 bytes]","args":[{"element-6066-11e4-a52e-4f735466cecf":"f.615B31F35ECDE76F4064C3ADAC5820DC.d.E34B455E933144D2D27DBAD373469CF0.e.19459"},"getText",[]]}
RESULT: {"script":"<script> [6424 bytes]","args":[{"element-6066-11e4-a52e-4f735466cecf":"f.615B31F35ECDE76F4064C3ADAC5820DC.d.E34B455E933144D2D27DBAD373469CF0.e.19459"},"getText",[]]}
COMMAND: POST /session/d64c8a9d67ae429a1af470fcb6f0cd05/element - {"using":"xpath","value":"//a[contains(@data-kt ,\"GeneralSectionSendContractLink\")]"}
RESULT: {"using":"xpath","value":"//a[contains(@data-kt ,\"GeneralSectionSendContractLink\")]"}
COMMAND: POST /session/d64c8a9d67ae429a1af470fcb6f0cd05/element/f.615B31F35ECDE76F4064C3ADAC5820DC.d.E34B455E933144D2D27DBAD373469CF0.e.19460/click - {}
RESULT: {}
COMMAND: GET /session/d64c8a9d67ae429a1af470fcb6f0cd05/screenshot - {}
RESULT: {}
COMMAND: POST /session/d64c8a9d67ae429a1af470fcb6f0cd05/elements - {"using":"xpath","value":"//a[contains(@data-kt ,\"ContextMenuId2Link\")]"}
RESULT: {"using":"xpath","value":"//a[contains(@data-kt ,\"ContextMenuId2Link\")]"}
COMMAND: POST /session/d64c8a9d67ae429a1af470fcb6f0cd05/element/f.615B31F35ECDE76F4064C3ADAC5820DC.d.63AF6EF7E28909EB2B10589987F9FE9C.e.18626/click - {}
COMMAND: POST /session/d64c8a9d67ae429a1af470fcb6f0cd05/element - {"using":"xpath","value":"//a[contains(@data-kt ,\"ContextMenuId2Link\")]"}
RESULT: {"using":"xpath","value":"//a[contains(@data-kt ,\"ContextMenuId2Link\")]"}
COMMAND: POST /session/d64c8a9d67ae429a1af470fcb6f0cd05/element/f.615B31F35ECDE76F4064C3ADAC5820DC.d.63AF6EF7E28909EB2B10589987F9FE9C.e.18626/click - {}
COMMAND: POST /session/d64c8a9d67ae429a1af470fcb6f0cd05/element - {"using":"xpath","value":"//a[contains(@data-kt ,\"ContextMenuId2Link\")]"}
RESULT: {"using":"xpath","value":"//a[contains(@data-kt ,\"ContextMenuId2Link\")]"}
COMMAND: POST /session/d64c8a9d67ae429a1af470fcb6f0cd05/element/f.615B31F35ECDE76F4064C3ADAC5820DC.d.E34B455E933144D2D27DBAD373469CF0.e.19463/click - {}
RESULT: {}
COMMAND: GET /session/d64c8a9d67ae429a1af470fcb6f0cd05/screenshot - {}
RESULT: {}
COMMAND: POST /session/d64c8a9d67ae429a1af470fcb6f0cd05/execute/async - {"script":"<script> [1562 bytes]","args":[{"selector":{"controlType":"sap.m.ObjectStatus","viewName":"etm.portal.ui.managecontracts.view.Detail","bindingPath":{"propertyPath":"LINK_TO_COMMERCIAL_STATUS/DESCRIPTION","modelName":"catalogModel"}},"wdio_ui5_key":"etmportal.ui.managecontracts.view.Detailsap.m.ObjectStatus{\"propertyPath\":\"LINK_TO_COMMERCIAL_STATUS/DESCRIPTION\",\"modelName\":\"catalogModel\"}"}]}
RESULT: {"script":"<script> [1562 bytes]","args":[{"selector":{"controlType":"sap.m.ObjectStatus","viewName":"etm.portal.ui.managecontracts.view.Detail","bindingPath":{"propertyPath":"LINK_TO_COMMERCIAL_STATUS/DESCRIPTION","modelName":"catalogModel"}},"wdio_ui5_key":"etmportal.ui.managecontracts.view.Detailsap.m.ObjectStatus{\"propertyPath\":\"LINK_TO_COMMERCIAL_STATUS/DESCRIPTION\",\"modelName\":\"catalogModel\"}"}]}
RESULT: undefined
COMMAND: POST /session/d64c8a9d67ae429a1af470fcb6f0cd05/execute/async - {"script":"<script> [6424 bytes]","args":[{"element-6066-11e4-a52e-4f735466cecf":"f.615B31F35ECDE76F4064C3ADAC5820DC.d.E34B455E933144D2D27DBAD373469CF0.e.19700"},"getText",[]]}
RESULT: {"script":"<script> [6424 bytes]","args":[{"element-6066-11e4-a52e-4f735466cecf":"f.615B31F35ECDE76F4064C3ADAC5820DC.d.E34B455E933144D2D27DBAD373469CF0.e.19700"},"getText",[]]}
COMMAND: POST /session/d64c8a9d67ae429a1af470fcb6f0cd05/execute/async - {"script":"<script> [1562 bytes]","args":[{"selector":{"controlType":"sap.m.ObjectStatus","viewName":"etm.portal.ui.managecontracts.view.Detail","bindingPath":{"propertyPath":"LINK_TO_LOGISTICAL_STATUS/DESCRIPTION","modelName":"catalogModel"}},"wdio_ui5_key":"etmportal.ui.managecontracts.view.Detailsap.m.ObjectStatus{\"propertyPath\":\"LINK_TO_LOGISTICAL_STATUS/DESCRIPTION\",\"modelName\":\"catalogModel\"}"}]}
RESULT: {"script":"<script> [1562 bytes]","args":[{"selector":{"controlType":"sap.m.ObjectStatus","viewName":"etm.portal.ui.managecontracts.view.Detail","bindingPath":{"propertyPath":"LINK_TO_LOGISTICAL_STATUS/DESCRIPTION","modelName":"catalogModel"}},"wdio_ui5_key":"etmportal.ui.managecontracts.view.Detailsap.m.ObjectStatus{\"propertyPath\":\"LINK_TO_LOGISTICAL_STATUS/DESCRIPTION\",\"modelName\":\"catalogModel\"}"}]}
RESULT: undefined
COMMAND: POST /session/d64c8a9d67ae429a1af470fcb6f0cd05/execute/async - {"script":"<script> [6424 bytes]","args":[{"element-6066-11e4-a52e-4f735466cecf":"f.615B31F35ECDE76F4064C3ADAC5820DC.d.E34B455E933144D2D27DBAD373469CF0.e.19701"},"getText",[]]}
RESULT: {"script":"<script> [6424 bytes]","args":[{"element-6066-11e4-a52e-4f735466cecf":"f.615B31F35ECDE76F4064C3ADAC5820DC.d.E34B455E933144D2D27DBAD373469CF0.e.19701"},"getText",[]]}
COMMAND: POST /session/d64c8a9d67ae429a1af470fcb6f0cd05/element - {"using":"xpath","value":"//button[@data-kt=\"contractDetailEditBtnButton\"]"}
RESULT: {"using":"xpath","value":"//button[@data-kt=\"contractDetailEditBtnButton\"]"}
COMMAND: POST /session/d64c8a9d67ae429a1af470fcb6f0cd05/element/f.615B31F35ECDE76F4064C3ADAC5820DC.d.E34B455E933144D2D27DBAD373469CF0.e.19527/click - {}
RESULT: {}
COMMAND: GET /session/d64c8a9d67ae429a1af470fcb6f0cd05/screenshot - {}
RESULT: {}
COMMAND: POST /session/d64c8a9d67ae429a1af470fcb6f0cd05/element - {"using":"xpath","value":"(//span[contains(text(), \"Additional Addresses\")])[2]"}
RESULT: {"using":"xpath","value":"(//span[contains(text(), \"Additional Addresses\")])[2]"}
COMMAND: POST /session/d64c8a9d67ae429a1af470fcb6f0cd05/element/f.615B31F35ECDE76F4064C3ADAC5820DC.d.E34B455E933144D2D27DBAD373469CF0.e.19763/click - {}
RESULT: {}
COMMAND: GET /session/d64c8a9d67ae429a1af470fcb6f0cd05/screenshot - {}
RESULT: {}
COMMAND: POST /session/d64c8a9d67ae429a1af470fcb6f0cd05/element - {"using":"xpath","value":"//button[@data-kt=\"btnAddTableRowOverflowToolbarButton\"]"}
RESULT: {"using":"xpath","value":"//button[@data-kt=\"btnAddTableRowOverflowToolbarButton\"]"}
COMMAND: POST /session/d64c8a9d67ae429a1af470fcb6f0cd05/element/f.615B31F35ECDE76F4064C3ADAC5820DC.d.E34B455E933144D2D27DBAD373469CF0.e.19765/click - {}
RESULT: {}
COMMAND: GET /session/d64c8a9d67ae429a1af470fcb6f0cd05/screenshot - {}
RESULT: {}
COMMAND: POST /session/d64c8a9d67ae429a1af470fcb6f0cd05/element - {"using":"xpath","value":"//div[(text() = 'Standard Entry' or . = 'Standard Entry')]"}
RESULT: {"using":"xpath","value":"//div[(text() = 'Standard Entry' or . = 'Standard Entry')]"}
COMMAND: POST /session/d64c8a9d67ae429a1af470fcb6f0cd05/element/f.615B31F35ECDE76F4064C3ADAC5820DC.d.E34B455E933144D2D27DBAD373469CF0.e.19767/click - {}
RESULT: {}
COMMAND: POST /session/d64c8a9d67ae429a1af470fcb6f0cd05/execute/async - {"script":"<script> [1562 bytes]","args":[{"selector":{"controlType":"sap.ui.core.Icon","viewName":"etm.portal.ui.managecontracts.view.EditContract","properties":{"src":{"regex":{"source":"slim\\-arrow\\-down"}}},"ancestor":{"controlType":"sap.m.ComboBox","viewName":"etm.portal.ui.managecontracts.view.EditContract","bindingPath":{"propertyPath":"RU_TYPE","modelName":"catalogModel"}}},"wdio_ui5_key":"etmportal.ui.managecontracts.view.EditContractsap.ui.core.Icon{\"src\":{\"regex\":{\"source\":\"slim\\\\-arrow\\\\-down\"}}}{\"controlType\":\"sap.m.ComboBox\",\"viewName\":\"etm.portal.ui.managecontracts.view.EditContract\",\"bindingPath\":{\"propertyPath\":\"RU_TYPE\",\"modelName\":\"catalogModel\"}}"}]}
COMMAND: GET /session/d64c8a9d67ae429a1af470fcb6f0cd05/screenshot - {}
RESULT: {"script":"<script> [1562 bytes]","args":[{"selector":{"controlType":"sap.ui.core.Icon","viewName":"etm.portal.ui.managecontracts.view.EditContract","properties":{"src":{"regex":{"source":"slim\\-arrow\\-down"}}},"ancestor":{"controlType":"sap.m.ComboBox","viewName":"etm.portal.ui.managecontracts.view.EditContract","bindingPath":{"propertyPath":"RU_TYPE","modelName":"catalogModel"}}},"wdio_ui5_key":"etmportal.ui.managecontracts.view.EditContractsap.ui.core.Icon{\"src\":{\"regex\":{\"source\":\"slim\\\\-arrow\\\\-down\"}}}{\"controlType\":\"sap.m.ComboBox\",\"viewName\":\"etm.portal.ui.managecontracts.view.EditContract\",\"bindingPath\":{\"propertyPath\":\"RU_TYPE\",\"modelName\":\"catalogModel\"}}"}]}
RESULT: undefined
COMMAND: POST /session/d64c8a9d67ae429a1af470fcb6f0cd05/element - {"using":"xpath","value":"//*[@id=\"__box20-arrow\"]"}
RESULT: {}
RESULT: {"using":"xpath","value":"//*[@id=\"__box20-arrow\"]"}
COMMAND: POST /session/d64c8a9d67ae429a1af470fcb6f0cd05/element/f.615B31F35ECDE76F4064C3ADAC5820DC.d.E34B455E933144D2D27DBAD373469CF0.e.19782/click - {}
RESULT: {}
COMMAND: POST /session/d64c8a9d67ae429a1af470fcb6f0cd05/execute/async - {"script":"<script> [1562 bytes]","args":[{"selector":{"controlType":"sap.m.StandardListItem","viewName":"etm.portal.ui.managecontracts.view.EditContract","properties":{"title":"Material"},"searchOpenDialogs":true,"interaction":{"idSuffix":"content"}},"wdio_ui5_key":"etmportal.ui.managecontracts.view.EditContractsap.m.StandardListItem{\"title\":\"Material\"}"}]}
COMMAND: GET /session/d64c8a9d67ae429a1af470fcb6f0cd05/screenshot - {}
RESULT: {"script":"<script> [1562 bytes]","args":[{"selector":{"controlType":"sap.m.StandardListItem","viewName":"etm.portal.ui.managecontracts.view.EditContract","properties":{"title":"Material"},"searchOpenDialogs":true,"interaction":{"idSuffix":"content"}},"wdio_ui5_key":"etmportal.ui.managecontracts.view.EditContractsap.m.StandardListItem{\"title\":\"Material\"}"}]}
RESULT: undefined
COMMAND: POST /session/d64c8a9d67ae429a1af470fcb6f0cd05/element - {"using":"xpath","value":"//*[@id=\"__item96\"]"}
RESULT: {}
RESULT: {"using":"xpath","value":"//*[@id=\"__item96\"]"}
COMMAND: POST /session/d64c8a9d67ae429a1af470fcb6f0cd05/element/f.615B31F35ECDE76F4064C3ADAC5820DC.d.E34B455E933144D2D27DBAD373469CF0.e.19785/click - {}
RESULT: {}
COMMAND: POST /session/d64c8a9d67ae429a1af470fcb6f0cd05/element - {"using":"xpath","value":"//td[7]/div/div/input"}
COMMAND: GET /session/d64c8a9d67ae429a1af470fcb6f0cd05/screenshot - {}
RESULT: {"using":"xpath","value":"//td[7]/div/div/input"}
COMMAND: POST /session/d64c8a9d67ae429a1af470fcb6f0cd05/element/f.615B31F35ECDE76F4064C3ADAC5820DC.d.E34B455E933144D2D27DBAD373469CF0.e.19788/clear - {}
RESULT: {}
RESULT: {}
COMMAND: POST /session/d64c8a9d67ae429a1af470fcb6f0cd05/element/f.615B31F35ECDE76F4064C3ADAC5820DC.d.E34B455E933144D2D27DBAD373469CF0.e.19788/value - {"text":"WebdriverMatTestmunkv"}
COMMAND: GET /session/d64c8a9d67ae429a1af470fcb6f0cd05/screenshot - {}
RESULT: {"text":"WebdriverMatTestmunkv"}
COMMAND: GET /session/d64c8a9d67ae429a1af470fcb6f0cd05/screenshot - {}
RESULT: {}
RESULT: {}
COMMAND: POST /session/d64c8a9d67ae429a1af470fcb6f0cd05/actions - {"actions":[{"id":"action90","type":"key","parameters":{},"actions":[{"type":"keyDown","value":"î€‡"},{"type":"pause","duration":10},{"type":"keyUp","value":"î€‡"}]}]}
RESULT: {"actions":[{"id":"action90","type":"key","parameters":{},"actions":[{"type":"keyDown","value":"î€‡"},{"type":"pause","duration":10},{"type":"keyUp","value":"î€‡"}]}]}
COMMAND: GET /session/d64c8a9d67ae429a1af470fcb6f0cd05/screenshot - {}
RESULT: {}
COMMAND: POST /session/d64c8a9d67ae429a1af470fcb6f0cd05/element - {"using":"xpath","value":"//button[@data-kt=\"saveButton\"]"}
RESULT: {"using":"xpath","value":"//button[@data-kt=\"saveButton\"]"}
COMMAND: POST /session/d64c8a9d67ae429a1af470fcb6f0cd05/element/f.615B31F35ECDE76F4064C3ADAC5820DC.d.E34B455E933144D2D27DBAD373469CF0.e.19811/click - {}
RESULT: {}
COMMAND: GET /session/d64c8a9d67ae429a1af470fcb6f0cd05/screenshot - {}
RESULT: {}
RESULT: undefined
COMMAND: POST /session/d64c8a9d67ae429a1af470fcb6f0cd05/execute/async - {"script":"<script> [6424 bytes]","args":[{"element-6066-11e4-a52e-4f735466cecf":"f.615B31F35ECDE76F4064C3ADAC5820DC.d.E34B455E933144D2D27DBAD373469CF0.e.19701"},"getText",[]]}
RESULT: {"script":"<script> [6424 bytes]","args":[{"element-6066-11e4-a52e-4f735466cecf":"f.615B31F35ECDE76F4064C3ADAC5820DC.d.E34B455E933144D2D27DBAD373469CF0.e.19701"},"getText",[]]}
COMMAND: DELETE /session/d64c8a9d67ae429a1af470fcb6f0cd05 - {}
RESULT: {}
]]></system-out>
    </testcase>
  </testsuite>
</testsuites>