<?xml version="1.0" encoding="UTF-8"?>
<testsuites tests="2" failures="1" errors="1" skipped="0">
  <testsuite timestamp="2025-05-11T15:27:36" time="152.313" tests="2" failures="1" errors="1" skipped="0">
    <properties>
      <property name="specId" value="0" />
      <property name="suiteName" value="Dynamic site option US120073" />
      <property name="capabilities" value="chrome.136_0_7103_49.windows" />
      <property name="file" value="file:///D:/a/1/s/test/specs/R2C/dynamic-site-option.spec.js" />
    </properties>
    <testcase classname="chrome.136_0_7103_49.windows.Dynamic_site_option_US120073" name="Should edit partner field" time="17.327">
      <system-out><![CDATA[
COMMAND: GET /session/77a9042e18d8a2ad22a3ddd00ed3c120/screenshot - {}
RESULT: {}
COMMAND: POST /session/77a9042e18d8a2ad22a3ddd00ed3c120/execute/async - {"script":"<script> [1562 bytes]","args":[{"selector":{"controlType":"sap.m.Button","viewName":"etm.portal.ui.managesites.view.Detail","viewId":"application-managesites-display-component---detailSite","i18NText":{"propertyName":"text","key":"edit"},"interaction":{"idSuffix":"content"}},"wdio_ui5_key":"etmportal.ui.managesites.view.Detailsap.m.Button{\"propertyName\":\"text\",\"key\":\"edit\"}"}]}
RESULT: {"script":"<script> [1562 bytes]","args":[{"selector":{"controlType":"sap.m.Button","viewName":"etm.portal.ui.managesites.view.Detail","viewId":"application-managesites-display-component---detailSite","i18NText":{"propertyName":"text","key":"edit"},"interaction":{"idSuffix":"content"}},"wdio_ui5_key":"etmportal.ui.managesites.view.Detailsap.m.Button{\"propertyName\":\"text\",\"key\":\"edit\"}"}]}
RESULT: undefined
COMMAND: POST /session/77a9042e18d8a2ad22a3ddd00ed3c120/element - {"using":"xpath","value":"//bdi[contains(text(), \"Commercial\")]"}
RESULT: {"using":"xpath","value":"//bdi[contains(text(), \"Commercial\")]"}
COMMAND: POST /session/77a9042e18d8a2ad22a3ddd00ed3c120/element/f.A689AEFC4BF8ED17799E2E82615DE1F4.d.CD1FA95C769210F00F511E957F1EC852.e.434/click - {}
RESULT: {}
COMMAND: POST /session/77a9042e18d8a2ad22a3ddd00ed3c120/element - {"using":"xpath","value":"//input[@id=\"application-managesites-display-component---NewSite--addressDetailDetailsPartner-inner\"]"}
COMMAND: GET /session/77a9042e18d8a2ad22a3ddd00ed3c120/screenshot - {}
RESULT: {"using":"xpath","value":"//input[@id=\"application-managesites-display-component---NewSite--addressDetailDetailsPartner-inner\"]"}
COMMAND: POST /session/77a9042e18d8a2ad22a3ddd00ed3c120/elements - {"using":"xpath","value":"//input[@id=\"application-managesites-display-component---NewSite--addressDetailDetailsPartner-inner\"]"}
RESULT: {}
RESULT: {"using":"xpath","value":"//input[@id=\"application-managesites-display-component---NewSite--addressDetailDetailsPartner-inner\"]"}
COMMAND: POST /session/77a9042e18d8a2ad22a3ddd00ed3c120/element - {"using":"xpath","value":"//bdi[contains(text(), \"Save\")]"}
RESULT: {"using":"xpath","value":"//bdi[contains(text(), \"Save\")]"}
COMMAND: GET /session/77a9042e18d8a2ad22a3ddd00ed3c120/screenshot - {}
RESULT: {}
COMMAND: DELETE /session/77a9042e18d8a2ad22a3ddd00ed3c120 - {}
RESULT: {}
]]></system-out>
    </testcase>
  </testsuite>
</testsuites>