<?xml version="1.0" encoding="UTF-8"?>
<testsuites tests="4" failures="2" errors="2" skipped="0">
  <testsuite timestamp="2025-05-03T16:12:47" time="585.344" tests="3" failures="1" errors="1" skipped="0">
    <properties>
      <property name="specId" value="0" />
      <property name="suiteName" value="Webshop - Hyperlinks visible and working properly  US139085" />
      <property name="capabilities" value="chrome.135_0_7049_96.windows" />
      <property name="file" value="file:///D:/a/1/s/test/specs/R2C/webshop-hyperlinks-yard-site.spec.js" />
    </properties>
    <testcase classname="chrome.135_0_7049_96.windows.Webshop_-_Hyperlinks_visible_and_working_properly__US139085" name="Should create prerequisites for webshop suite" time="259.89">
      <system-out><![CDATA[
COMMAND: POST /session/5d217fa35806900adffce087c48d7462/execute/async - {"script":"<script> [1562 bytes]","args":[{"selector":{"controlType":"sap.m.GenericTile","properties":{"header":"Manage Yards"}},"wdio_ui5_key":"sapm.GenericTile{\"header\":\"Manage Yards\"}"}]}
RESULT: {"script":"<script> [1562 bytes]","args":[{"selector":{"controlType":"sap.m.GenericTile","properties":{"header":"Manage Yards"}},"wdio_ui5_key":"sapm.GenericTile{\"header\":\"Manage Yards\"}"}]}
RESULT: undefined
COMMAND: POST /session/5d217fa35806900adffce087c48d7462/element - {"using":"xpath","value":"//*[@id=\"__tile41\"]"}
RESULT: {"using":"xpath","value":"//*[@id=\"__tile41\"]"}
COMMAND: POST /session/5d217fa35806900adffce087c48d7462/element/f.BEB73A89AF73DAE741BDE67275E06F7F.d.99D2F5FB1B0F0C7667371DDDEE3E489A.e.115/click - {}
RESULT: {}
COMMAND: GET /session/5d217fa35806900adffce087c48d7462/screenshot - {}
RESULT: {}
COMMAND: POST /session/5d217fa35806900adffce087c48d7462/execute/async - {"script":"<script> [1562 bytes]","args":[{"selector":{"controlType":"sap.ui.core.Icon","viewName":"etm.portal.ui.manageyards.view.Master","viewId":"application-manageyards-display-component---masterYard","properties":{"src":{"regex":{"source":"add"}}}},"wdio_ui5_key":"etmportal.ui.manageyards.view.Mastersap.ui.core.Icon{\"src\":{\"regex\":{\"source\":\"add\"}}}"}]}
RESULT: {"script":"<script> [1562 bytes]","args":[{"selector":{"controlType":"sap.ui.core.Icon","viewName":"etm.portal.ui.manageyards.view.Master","viewId":"application-manageyards-display-component---masterYard","properties":{"src":{"regex":{"source":"add"}}}},"wdio_ui5_key":"etmportal.ui.manageyards.view.Mastersap.ui.core.Icon{\"src\":{\"regex\":{\"source\":\"add\"}}}"}]}
RESULT: undefined
COMMAND: POST /session/5d217fa35806900adffce087c48d7462/element - {"using":"xpath","value":"//*[@id=\"__button4-img\"]"}
RESULT: {"using":"xpath","value":"//*[@id=\"__button4-img\"]"}
COMMAND: POST /session/5d217fa35806900adffce087c48d7462/element/f.BEB73A89AF73DAE741BDE67275E06F7F.d.99D2F5FB1B0F0C7667371DDDEE3E489A.e.162/click - {}
RESULT: {}
COMMAND: GET /session/5d217fa35806900adffce087c48d7462/screenshot - {}
RESULT: {}
COMMAND: POST /session/5d217fa35806900adffce087c48d7462/execute/async - {"script":"<script> [1562 bytes]","args":[{"selector":{"id":"application-manageyards-display-component---NewYard--yardId","interaction":{"idSuffix":"inner"}},"wdio_ui5_key":"applicationmanageyards-display-component---NewYard--yardId"}]}
RESULT: {"script":"<script> [1562 bytes]","args":[{"selector":{"id":"application-manageyards-display-component---NewYard--yardId","interaction":{"idSuffix":"inner"}},"wdio_ui5_key":"applicationmanageyards-display-component---NewYard--yardId"}]}
RESULT: undefined
COMMAND: POST /session/5d217fa35806900adffce087c48d7462/element - {"using":"xpath","value":"//*[@id=\"application-manageyards-display-component---NewYard--addressDetailDetailsName1-inner\"]"}
RESULT: {"using":"xpath","value":"//*[@id=\"application-manageyards-display-component---NewYard--addressDetailDetailsName1-inner\"]"}
COMMAND: POST /session/5d217fa35806900adffce087c48d7462/element/f.BEB73A89AF73DAE741BDE67275E06F7F.d.99D2F5FB1B0F0C7667371DDDEE3E489A.e.374/clear - {}
RESULT: {}
COMMAND: POST /session/5d217fa35806900adffce087c48d7462/element/f.BEB73A89AF73DAE741BDE67275E06F7F.d.99D2F5FB1B0F0C7667371DDDEE3E489A.e.374/value - {"text":"WebdriverYard4w9d1"}
COMMAND: GET /session/5d217fa35806900adffce087c48d7462/screenshot - {}
RESULT: {"text":"WebdriverYard4w9d1"}
COMMAND: POST /session/5d217fa35806900adffce087c48d7462/element - {"using":"xpath","value":"//*[@id=\"application-manageyards-display-component---NewYard--addressDetailDetailsLanguage-inner\"]"}
COMMAND: GET /session/5d217fa35806900adffce087c48d7462/screenshot - {}
RESULT: {}
RESULT: {"using":"xpath","value":"//*[@id=\"application-manageyards-display-component---NewYard--addressDetailDetailsLanguage-inner\"]"}
COMMAND: POST /session/5d217fa35806900adffce087c48d7462/element/f.BEB73A89AF73DAE741BDE67275E06F7F.d.99D2F5FB1B0F0C7667371DDDEE3E489A.e.375/clear - {}
RESULT: {}
RESULT: {}
COMMAND: POST /session/5d217fa35806900adffce087c48d7462/element/f.BEB73A89AF73DAE741BDE67275E06F7F.d.99D2F5FB1B0F0C7667371DDDEE3E489A.e.375/value - {"text":"Romanian"}
COMMAND: GET /session/5d217fa35806900adffce087c48d7462/screenshot - {}
RESULT: {"text":"Romanian"}
COMMAND: POST /session/5d217fa35806900adffce087c48d7462/element - {"using":"xpath","value":"//input[contains(@id ,\"application-manageyards-display-component---NewYard--addressDetailDetailsName1-inner\")]"}
COMMAND: GET /session/5d217fa35806900adffce087c48d7462/screenshot - {}
RESULT: {}
RESULT: {"using":"xpath","value":"//input[contains(@id ,\"application-manageyards-display-component---NewYard--addressDetailDetailsName1-inner\")]"}
COMMAND: GET /session/5d217fa35806900adffce087c48d7462/element/f.BEB73A89AF73DAE741BDE67275E06F7F.d.99D2F5FB1B0F0C7667371DDDEE3E489A.e.374/property/value - {}
RESULT: {}
RESULT: {}
COMMAND: GET /session/5d217fa35806900adffce087c48d7462/screenshot - {}
RESULT: {}
COMMAND: POST /session/5d217fa35806900adffce087c48d7462/element - {"using":"xpath","value":"//*[@id=\"application-manageyards-display-component---NewYard--addressDetailDetailsCity1-inner\"]"}
RESULT: {"using":"xpath","value":"//*[@id=\"application-manageyards-display-component---NewYard--addressDetailDetailsCity1-inner\"]"}
COMMAND: POST /session/5d217fa35806900adffce087c48d7462/element/f.BEB73A89AF73DAE741BDE67275E06F7F.d.99D2F5FB1B0F0C7667371DDDEE3E489A.e.377/clear - {}
RESULT: {}
COMMAND: POST /session/5d217fa35806900adffce087c48d7462/element/f.BEB73A89AF73DAE741BDE67275E06F7F.d.99D2F5FB1B0F0C7667371DDDEE3E489A.e.377/value - {"text":"Bucuresti"}
COMMAND: GET /session/5d217fa35806900adffce087c48d7462/screenshot - {}
RESULT: {"text":"Bucuresti"}
COMMAND: GET /session/5d217fa35806900adffce087c48d7462/screenshot - {}
RESULT: {}
RESULT: {}
COMMAND: POST /session/5d217fa35806900adffce087c48d7462/element - {"using":"xpath","value":"//*[@id=\"application-manageyards-display-component---NewYard--addressDetailDetailsCountry-inner\"]"}
RESULT: {"using":"xpath","value":"//*[@id=\"application-manageyards-display-component---NewYard--addressDetailDetailsCountry-inner\"]"}
COMMAND: POST /session/5d217fa35806900adffce087c48d7462/element/f.BEB73A89AF73DAE741BDE67275E06F7F.d.99D2F5FB1B0F0C7667371DDDEE3E489A.e.381/clear - {}
RESULT: {}
COMMAND: POST /session/5d217fa35806900adffce087c48d7462/element/f.BEB73A89AF73DAE741BDE67275E06F7F.d.99D2F5FB1B0F0C7667371DDDEE3E489A.e.381/value - {"text":"Romania"}
COMMAND: GET /session/5d217fa35806900adffce087c48d7462/screenshot - {}
RESULT: {"text":"Romania"}
RESULT: {}
COMMAND: GET /session/5d217fa35806900adffce087c48d7462/screenshot - {}
RESULT: {}
COMMAND: POST /session/5d217fa35806900adffce087c48d7462/element - {"using":"xpath","value":"//div[contains(text(), \"Commercial\")]"}
RESULT: {"using":"xpath","value":"//div[contains(text(), \"Commercial\")]"}
COMMAND: GET /session/5d217fa35806900adffce087c48d7462/element/f.BEB73A89AF73DAE741BDE67275E06F7F.d.99D2F5FB1B0F0C7667371DDDEE3E489A.e.572/rect - {}
RESULT: {}
COMMAND: GET /session/5d217fa35806900adffce087c48d7462/window/rect - {}
RESULT: {}
COMMAND: POST /session/5d217fa35806900adffce087c48d7462/execute/sync - {"script":"<script> [92 bytes]","args":[]}
RESULT: {"script":"<script> [92 bytes]","args":[]}
COMMAND: POST /session/5d217fa35806900adffce087c48d7462/actions - {"actions":[{"id":"action1","type":"wheel","parameters":{},"actions":[{"type":"scroll","x":-1841,"y":-44,"deltaX":0,"deltaY":0,"duration":0,"origin":{"element-6066-11e4-a52e-4f735466cecf":"f.BEB73A89AF73DAE741BDE67275E06F7F.d.99D2F5FB1B0F0C7667371DDDEE3E489A.e.572"}}]}]}
COMMAND: GET /session/5d217fa35806900adffce087c48d7462/screenshot - {}
RESULT: {}
COMMAND: POST /session/5d217fa35806900adffce087c48d7462/execute/sync - {"script":"<script> [79 bytes]","args":[{"element-6066-11e4-a52e-4f735466cecf":"f.BEB73A89AF73DAE741BDE67275E06F7F.d.99D2F5FB1B0F0C7667371DDDEE3E489A.e.572","ELEMENT":"f.BEB73A89AF73DAE741BDE67275E06F7F.d.99D2F5FB1B0F0C7667371DDDEE3E489A.e.572"},{"block":"start","inline":"nearest"}]}
RESULT: {"script":"<script> [79 bytes]","args":[{"element-6066-11e4-a52e-4f735466cecf":"f.BEB73A89AF73DAE741BDE67275E06F7F.d.99D2F5FB1B0F0C7667371DDDEE3E489A.e.572","ELEMENT":"f.BEB73A89AF73DAE741BDE67275E06F7F.d.99D2F5FB1B0F0C7667371DDDEE3E489A.e.572"},{"block":"start","inline":"nearest"}]}
COMMAND: GET /session/5d217fa35806900adffce087c48d7462/screenshot - {}
RESULT: {}
COMMAND: POST /session/5d217fa35806900adffce087c48d7462/execute/async - {"script":"<script> [1562 bytes]","args":[{"selector":{"id":"application-manageyards-display-component---NewYard--addressEditDetailsCostObjectCstType-arrow"},"wdio_ui5_key":"applicationmanageyards-display-component---NewYard--addressEditDetailsCostObjectCstType-arrow"}]}
RESULT: {"script":"<script> [1562 bytes]","args":[{"selector":{"id":"application-manageyards-display-component---NewYard--addressEditDetailsCostObjectCstType-arrow"},"wdio_ui5_key":"applicationmanageyards-display-component---NewYard--addressEditDetailsCostObjectCstType-arrow"}]}
RESULT: undefined
COMMAND: POST /session/5d217fa35806900adffce087c48d7462/element - {"using":"xpath","value":"//*[@id=\"application-manageyards-display-component---NewYard--addressEditDetailsCostObjectCstType-arrow\"]"}
RESULT: {"using":"xpath","value":"//*[@id=\"application-manageyards-display-component---NewYard--addressEditDetailsCostObjectCstType-arrow\"]"}
COMMAND: POST /session/5d217fa35806900adffce087c48d7462/element/f.BEB73A89AF73DAE741BDE67275E06F7F.d.99D2F5FB1B0F0C7667371DDDEE3E489A.e.581/click - {}
RESULT: {}
COMMAND: POST /session/5d217fa35806900adffce087c48d7462/element - {"using":"xpath","value":"//span[contains(text(), \"Cost Center\")]"}
COMMAND: GET /session/5d217fa35806900adffce087c48d7462/screenshot - {}
RESULT: {"using":"xpath","value":"//span[contains(text(), \"Cost Center\")]"}
COMMAND: POST /session/5d217fa35806900adffce087c48d7462/element/f.BEB73A89AF73DAE741BDE67275E06F7F.d.99D2F5FB1B0F0C7667371DDDEE3E489A.e.582/click - {}
RESULT: {}
RESULT: {}
COMMAND: GET /session/5d217fa35806900adffce087c48d7462/screenshot - {}
RESULT: {}
COMMAND: POST /session/5d217fa35806900adffce087c48d7462/execute/async - {"script":"<script> [1562 bytes]","args":[{"selector":{"id":"application-manageyards-display-component---NewYard--addressNewCostObjectCstID-vhi"},"wdio_ui5_key":"applicationmanageyards-display-component---NewYard--addressNewCostObjectCstID-vhi"}]}
RESULT: {"script":"<script> [1562 bytes]","args":[{"selector":{"id":"application-manageyards-display-component---NewYard--addressNewCostObjectCstID-vhi"},"wdio_ui5_key":"applicationmanageyards-display-component---NewYard--addressNewCostObjectCstID-vhi"}]}
RESULT: undefined
COMMAND: POST /session/5d217fa35806900adffce087c48d7462/element - {"using":"xpath","value":"//*[@id=\"application-manageyards-display-component---NewYard--addressNewCostObjectCstID-vhi\"]"}
RESULT: {"using":"xpath","value":"//*[@id=\"application-manageyards-display-component---NewYard--addressNewCostObjectCstID-vhi\"]"}
COMMAND: POST /session/5d217fa35806900adffce087c48d7462/element/f.BEB73A89AF73DAE741BDE67275E06F7F.d.99D2F5FB1B0F0C7667371DDDEE3E489A.e.597/click - {}
RESULT: {}
COMMAND: GET /session/5d217fa35806900adffce087c48d7462/screenshot - {}
RESULT: {}
COMMAND: POST /session/5d217fa35806900adffce087c48d7462/execute/async - {"script":"<script> [1562 bytes]","args":[{"selector":{"controlType":"sap.m.SearchField","properties":{"placeholder":"Search"},"searchOpenDialogs":true,"interaction":{"idSuffix":"I"}},"wdio_ui5_key":"sapm.SearchField{\"placeholder\":\"Search\"}"}]}
RESULT: {"script":"<script> [1562 bytes]","args":[{"selector":{"controlType":"sap.m.SearchField","properties":{"placeholder":"Search"},"searchOpenDialogs":true,"interaction":{"idSuffix":"I"}},"wdio_ui5_key":"sapm.SearchField{\"placeholder\":\"Search\"}"}]}
RESULT: undefined
COMMAND: POST /session/5d217fa35806900adffce087c48d7462/execute/async - {"script":"<script> [776 bytes]","args":[{"enterText":"10001013","selector":{"controlType":"sap.m.SearchField","properties":{"placeholder":"Search"},"searchOpenDialogs":true,"interaction":{"idSuffix":"I"}},"clearTextFirst":true,"interactionType":"ENTER_TEXT"}]}
RESULT: {"script":"<script> [776 bytes]","args":[{"enterText":"10001013","selector":{"controlType":"sap.m.SearchField","properties":{"placeholder":"Search"},"searchOpenDialogs":true,"interaction":{"idSuffix":"I"}},"clearTextFirst":true,"interactionType":"ENTER_TEXT"}]}
COMMAND: POST /session/5d217fa35806900adffce087c48d7462/actions - {"actions":[{"id":"action2","type":"key","parameters":{},"actions":[{"type":"keyDown","value":"î€‡"},{"type":"pause","duration":10},{"type":"keyUp","value":"î€‡"}]}]}
RESULT: {"actions":[{"id":"action2","type":"key","parameters":{},"actions":[{"type":"keyDown","value":"î€‡"},{"type":"pause","duration":10},{"type":"keyUp","value":"î€‡"}]}]}
COMMAND: GET /session/5d217fa35806900adffce087c48d7462/screenshot - {}
RESULT: {}
COMMAND: POST /session/5d217fa35806900adffce087c48d7462/element - {"using":"xpath","value":"//span[contains(text(), \"General Management\")]"}
RESULT: {"using":"xpath","value":"//span[contains(text(), \"General Management\")]"}
COMMAND: POST /session/5d217fa35806900adffce087c48d7462/element/f.BEB73A89AF73DAE741BDE67275E06F7F.d.99D2F5FB1B0F0C7667371DDDEE3E489A.e.638/click - {}
RESULT: {}
COMMAND: GET /session/5d217fa35806900adffce087c48d7462/screenshot - {}
RESULT: {}
COMMAND: POST /session/5d217fa35806900adffce087c48d7462/element - {"using":"xpath","value":"//bdi[contains(text(), \"OK\")]"}
RESULT: {"using":"xpath","value":"//bdi[contains(text(), \"OK\")]"}
COMMAND: POST /session/5d217fa35806900adffce087c48d7462/element/f.BEB73A89AF73DAE741BDE67275E06F7F.d.99D2F5FB1B0F0C7667371DDDEE3E489A.e.639/click - {}
RESULT: {}
COMMAND: GET /session/5d217fa35806900adffce087c48d7462/screenshot - {}
RESULT: {}
COMMAND: POST /session/5d217fa35806900adffce087c48d7462/execute/async - {"script":"<script> [1562 bytes]","args":[{"selector":{"controlType":"sap.m.Button","viewName":"etm.portal.ui.manageyards.view.New","viewId":"application-manageyards-display-component---NewYard","i18NText":{"propertyName":"text","key":"save"},"interaction":{"idSuffix":"inner"}},"wdio_ui5_key":"etmportal.ui.manageyards.view.Newsap.m.Button{\"propertyName\":\"text\",\"key\":\"save\"}"}]}
RESULT: {"script":"<script> [1562 bytes]","args":[{"selector":{"controlType":"sap.m.Button","viewName":"etm.portal.ui.manageyards.view.New","viewId":"application-manageyards-display-component---NewYard","i18NText":{"propertyName":"text","key":"save"},"interaction":{"idSuffix":"inner"}},"wdio_ui5_key":"etmportal.ui.manageyards.view.Newsap.m.Button{\"propertyName\":\"text\",\"key\":\"save\"}"}]}
RESULT: undefined
COMMAND: POST /session/5d217fa35806900adffce087c48d7462/element - {"using":"xpath","value":"//*[@id=\"__button18\"]"}
RESULT: {"using":"xpath","value":"//*[@id=\"__button18\"]"}
COMMAND: POST /session/5d217fa35806900adffce087c48d7462/element/f.BEB73A89AF73DAE741BDE67275E06F7F.d.99D2F5FB1B0F0C7667371DDDEE3E489A.e.535/click - {}
RESULT: {}
COMMAND: GET /session/5d217fa35806900adffce087c48d7462/screenshot - {}
RESULT: {}
COMMAND: POST /session/5d217fa35806900adffce087c48d7462/element - {"using":"xpath","value":"//header/div/div[2]/div[2]/span"}
RESULT: {"using":"xpath","value":"//header/div/div[2]/div[2]/span"}
COMMAND: GET /session/5d217fa35806900adffce087c48d7462/element/f.BEB73A89AF73DAE741BDE67275E06F7F.d.99D2F5FB1B0F0C7667371DDDEE3E489A.e.839/text - {}
RESULT: {}
COMMAND: POST /session/5d217fa35806900adffce087c48d7462/execute/async - {"script":"<script> [1562 bytes]","args":[{"selector":{"controlType":"sap.m.OverflowToolbarButton","viewName":"etm.portal.ui.manageyards.view.Detail","viewId":"application-manageyards-display-component---detailYard","i18NText":{"propertyName":"tooltip","key":"closeColumn"},"interaction":{"idSuffix":"inner"}},"wdio_ui5_key":"etmportal.ui.manageyards.view.Detailsap.m.OverflowToolbarButton{\"propertyName\":\"tooltip\",\"key\":\"closeColumn\"}"}]}
RESULT: {"script":"<script> [1562 bytes]","args":[{"selector":{"controlType":"sap.m.OverflowToolbarButton","viewName":"etm.portal.ui.manageyards.view.Detail","viewId":"application-manageyards-display-component---detailYard","i18NText":{"propertyName":"tooltip","key":"closeColumn"},"interaction":{"idSuffix":"inner"}},"wdio_ui5_key":"etmportal.ui.manageyards.view.Detailsap.m.OverflowToolbarButton{\"propertyName\":\"tooltip\",\"key\":\"closeColumn\"}"}]}
RESULT: undefined
COMMAND: POST /session/5d217fa35806900adffce087c48d7462/element - {"using":"xpath","value":"//*[@id=\"__button42\"]"}
RESULT: {"using":"xpath","value":"//*[@id=\"__button42\"]"}
COMMAND: POST /session/5d217fa35806900adffce087c48d7462/element/f.BEB73A89AF73DAE741BDE67275E06F7F.d.99D2F5FB1B0F0C7667371DDDEE3E489A.e.841/click - {}
RESULT: {}
COMMAND: GET /session/5d217fa35806900adffce087c48d7462/screenshot - {}
RESULT: {}
COMMAND: POST /session/5d217fa35806900adffce087c48d7462/element - {"using":"css selector","value":"#shell-header-logo"}
RESULT: {"using":"css selector","value":"#shell-header-logo"}
COMMAND: POST /session/5d217fa35806900adffce087c48d7462/element/f.BEB73A89AF73DAE741BDE67275E06F7F.d.99D2F5FB1B0F0C7667371DDDEE3E489A.e.118/click - {}
RESULT: {}
COMMAND: GET /session/5d217fa35806900adffce087c48d7462/screenshot - {}
RESULT: {}
COMMAND: POST /session/5d217fa35806900adffce087c48d7462/refresh - {}
RESULT: {}
COMMAND: GET /session/5d217fa35806900adffce087c48d7462/screenshot - {}
RESULT: {}
COMMAND: POST /session/5d217fa35806900adffce087c48d7462/execute/async - {"script":"<script> [189 bytes]","args":[]}
RESULT: {"script":"<script> [189 bytes]","args":[]}
COMMAND: POST /session/5d217fa35806900adffce087c48d7462/execute/async - {"script":"<script> [123 bytes]","args":[]}
RESULT: {"script":"<script> [123 bytes]","args":[]}
COMMAND: POST /session/5d217fa35806900adffce087c48d7462/timeouts - {"script":"<number>"}
RESULT: {"script":"<number>"}
COMMAND: GET /session/5d217fa35806900adffce087c48d7462/timeouts - {}
RESULT: {}
RESULT: undefined
COMMAND: POST /session/5d217fa35806900adffce087c48d7462/execute/async - {"script":"<script> [2676 bytes]","args":[]}
RESULT: {"script":"<script> [2676 bytes]","args":[]}
COMMAND: POST /session/5d217fa35806900adffce087c48d7462/execute/async - {"script":"<script> [2342 bytes]","args":[{"protocol":"http","hostname":"0.0.0.0","path":"/","capabilities":{"browserName":"chrome","goog:chromeOptions":{"binary":"C:\\Program Files\\Google\\Chrome\\Application\\chrome.exe","args":["--start-maximized"]}},"logLevel":"warn","connectionRetryTimeout":120000,"connectionRetryCount":3,"logLevels":{},"enableDirectConnect":true,"strictSSL":true,"_":"65 more keys: [\"cacheDir\",\"port\",\"requestedCapabilities\",\"automationProtocol\",\"baseUrl\",\"waitforInterval\",\"waitforTimeout\",\"onReload\",\"beforeCommand\",\"afterCommand\",\"rootDir\",\"specs\",\"suites\",\"exclude\",\"groupLogsByTestSpec\",\"excludeDriverLogs\",\"bail\",\"framework\",\"reporters\",\"services\",\"maxInstances\",\"maxInstancesPerCapability\",\"injectGlobals\",\"filesToWatch\",\"execArgv\",\"runnerEnv\",\"runner\",\"shard\",\"specFileRetries\",\"specFileRetriesDelay\",\"specFileRetriesDeferred\",\"reporterSyncInterval\",\"reporterSyncTimeout\",\"cucumberFeaturesWithLineNumbers\",\"autoCompileOpts\",\"mochaOpts\",\"jasmineOpts\",\"cucumberOpts\",\"onPrepare\",\"onWorkerStart\",\"onWorkerEnd\",\"before\",\"beforeSession\",\"beforeSuite\",\"beforeHook\",\"beforeTest\",\"afterTest\",\"afterHook\",\"afterSuite\",\"afterSession\",\"after\",\"onComplete\",\"beforeAssertion\",\"afterAssertion\",\"beforeFeature\",\"beforeScenario\",\"beforeStep\",\"afterStep\",\"afterScenario\",\"afterFeature\",\"_\",\"suite\",\"$0\",\"ignoredWorkerServices\",\"wdi5\"]"}]}
RESULT: {"script":"<script> [2342 bytes]","args":[{"protocol":"http","hostname":"0.0.0.0","path":"/","capabilities":{"browserName":"chrome","goog:chromeOptions":{"binary":"C:\\Program Files\\Google\\Chrome\\Application\\chrome.exe","args":["--start-maximized"]}},"logLevel":"warn","connectionRetryTimeout":120000,"connectionRetryCount":3,"logLevels":{},"enableDirectConnect":true,"strictSSL":true,"_":"65 more keys: [\"cacheDir\",\"port\",\"requestedCapabilities\",\"automationProtocol\",\"baseUrl\",\"waitforInterval\",\"waitforTimeout\",\"onReload\",\"beforeCommand\",\"afterCommand\",\"rootDir\",\"specs\",\"suites\",\"exclude\",\"groupLogsByTestSpec\",\"excludeDriverLogs\",\"bail\",\"framework\",\"reporters\",\"services\",\"maxInstances\",\"maxInstancesPerCapability\",\"injectGlobals\",\"filesToWatch\",\"execArgv\",\"runnerEnv\",\"runner\",\"shard\",\"specFileRetries\",\"specFileRetriesDelay\",\"specFileRetriesDeferred\",\"reporterSyncInterval\",\"reporterSyncTimeout\",\"cucumberFeaturesWithLineNumbers\",\"autoCompileOpts\",\"mochaOpts\",\"jasmineOpts\",\"cucumberOpts\",\"onPrepare\",\"onWorkerStart\",\"onWorkerEnd\",\"before\",\"beforeSession\",\"beforeSuite\",\"beforeHook\",\"beforeTest\",\"afterTest\",\"afterHook\",\"afterSuite\",\"afterSession\",\"after\",\"onComplete\",\"beforeAssertion\",\"afterAssertion\",\"beforeFeature\",\"beforeScenario\",\"beforeStep\",\"afterStep\",\"afterScenario\",\"afterFeature\",\"_\",\"suite\",\"$0\",\"ignoredWorkerServices\",\"wdi5\"]"}]}
COMMAND: POST /session/5d217fa35806900adffce087c48d7462/execute/async - {"script":"<script> [21126 bytes]","args":[35000]}
RESULT: {"script":"<script> [21126 bytes]","args":[35000]}
COMMAND: POST /session/5d217fa35806900adffce087c48d7462/execute/async - {"script":"<script> [1562 bytes]","args":[{"selector":{"controlType":"sap.m.GenericTile","properties":{"header":"Manage Sites"}},"wdio_ui5_key":"sapm.GenericTile{\"header\":\"Manage Sites\"}"}]}
RESULT: {"script":"<script> [1562 bytes]","args":[{"selector":{"controlType":"sap.m.GenericTile","properties":{"header":"Manage Sites"}},"wdio_ui5_key":"sapm.GenericTile{\"header\":\"Manage Sites\"}"}]}
RESULT: undefined
COMMAND: POST /session/5d217fa35806900adffce087c48d7462/element - {"using":"xpath","value":"//*[@id=\"__tile40\"]"}
RESULT: {"using":"xpath","value":"//*[@id=\"__tile40\"]"}
COMMAND: POST /session/5d217fa35806900adffce087c48d7462/element/f.BEB73A89AF73DAE741BDE67275E06F7F.d.1E863B30025284DC9B30EC5F83962F08.e.1195/click - {}
RESULT: {}
COMMAND: GET /session/5d217fa35806900adffce087c48d7462/screenshot - {}
RESULT: {}
COMMAND: POST /session/5d217fa35806900adffce087c48d7462/execute/async - {"script":"<script> [1562 bytes]","args":[{"selector":{"controlType":"sap.ui.core.Icon","viewName":"etm.portal.ui.managesites.view.Master","viewId":"application-managesites-display-component---masterSite","properties":{"src":{"regex":{"source":"add"}}}},"wdio_ui5_key":"etmportal.ui.managesites.view.Mastersap.ui.core.Icon{\"src\":{\"regex\":{\"source\":\"add\"}}}"}]}
RESULT: {"script":"<script> [1562 bytes]","args":[{"selector":{"controlType":"sap.ui.core.Icon","viewName":"etm.portal.ui.managesites.view.Master","viewId":"application-managesites-display-component---masterSite","properties":{"src":{"regex":{"source":"add"}}}},"wdio_ui5_key":"etmportal.ui.managesites.view.Mastersap.ui.core.Icon{\"src\":{\"regex\":{\"source\":\"add\"}}}"}]}
RESULT: undefined
COMMAND: POST /session/5d217fa35806900adffce087c48d7462/element - {"using":"xpath","value":"//*[@id=\"__button4-img\"]"}
RESULT: {"using":"xpath","value":"//*[@id=\"__button4-img\"]"}
COMMAND: POST /session/5d217fa35806900adffce087c48d7462/element/f.BEB73A89AF73DAE741BDE67275E06F7F.d.1E863B30025284DC9B30EC5F83962F08.e.1244/click - {}
RESULT: {}
COMMAND: POST /session/5d217fa35806900adffce087c48d7462/execute/async - {"script":"<script> [1562 bytes]","args":[{"selector":{"id":"application-managesites-display-component---NewSite--siteId","interaction":{"idSuffix":"inner"}},"wdio_ui5_key":"applicationmanagesites-display-component---NewSite--siteId"}]}
COMMAND: GET /session/5d217fa35806900adffce087c48d7462/screenshot - {}
RESULT: {"script":"<script> [1562 bytes]","args":[{"selector":{"id":"application-managesites-display-component---NewSite--siteId","interaction":{"idSuffix":"inner"}},"wdio_ui5_key":"applicationmanagesites-display-component---NewSite--siteId"}]}
RESULT: undefined
COMMAND: POST /session/5d217fa35806900adffce087c48d7462/execute/async - {"script":"<script> [1562 bytes]","args":[{"selector":{"id":"application-managesites-display-component---NewSite--addressDetailDetailsName1","interaction":{"idSuffix":"inner"}},"wdio_ui5_key":"applicationmanagesites-display-component---NewSite--addressDetailDetailsName1"}]}
RESULT: {}
RESULT: {"script":"<script> [1562 bytes]","args":[{"selector":{"id":"application-managesites-display-component---NewSite--addressDetailDetailsName1","interaction":{"idSuffix":"inner"}},"wdio_ui5_key":"applicationmanagesites-display-component---NewSite--addressDetailDetailsName1"}]}
RESULT: undefined
COMMAND: POST /session/5d217fa35806900adffce087c48d7462/execute/async - {"script":"<script> [776 bytes]","args":[{"enterText":"WebdriverSitext3g5","selector":{"id":"application-managesites-display-component---NewSite--addressDetailDetailsName1","interaction":{"idSuffix":"inner"}},"clearTextFirst":true,"interactionType":"ENTER_TEXT"}]}
RESULT: {"script":"<script> [776 bytes]","args":[{"enterText":"WebdriverSitext3g5","selector":{"id":"application-managesites-display-component---NewSite--addressDetailDetailsName1","interaction":{"idSuffix":"inner"}},"clearTextFirst":true,"interactionType":"ENTER_TEXT"}]}
COMMAND: POST /session/5d217fa35806900adffce087c48d7462/execute/async - {"script":"<script> [1562 bytes]","args":[{"selector":{"id":"application-managesites-display-component---NewSite--addressDetailDetailsLanguage","interaction":{"idSuffix":"inner"}},"wdio_ui5_key":"applicationmanagesites-display-component---NewSite--addressDetailDetailsLanguage"}]}
RESULT: {"script":"<script> [1562 bytes]","args":[{"selector":{"id":"application-managesites-display-component---NewSite--addressDetailDetailsLanguage","interaction":{"idSuffix":"inner"}},"wdio_ui5_key":"applicationmanagesites-display-component---NewSite--addressDetailDetailsLanguage"}]}
RESULT: undefined
COMMAND: POST /session/5d217fa35806900adffce087c48d7462/execute/async - {"script":"<script> [776 bytes]","args":[{"enterText":"Romanian","selector":{"id":"application-managesites-display-component---NewSite--addressDetailDetailsLanguage","interaction":{"idSuffix":"inner"}},"clearTextFirst":true,"interactionType":"ENTER_TEXT"}]}
RESULT: {"script":"<script> [776 bytes]","args":[{"enterText":"Romanian","selector":{"id":"application-managesites-display-component---NewSite--addressDetailDetailsLanguage","interaction":{"idSuffix":"inner"}},"clearTextFirst":true,"interactionType":"ENTER_TEXT"}]}
COMMAND: POST /session/5d217fa35806900adffce087c48d7462/execute/async - {"script":"<script> [1562 bytes]","args":[{"selector":{"id":"application-managesites-display-component---NewSite--addressDetailDetailsCity1","interaction":{"idSuffix":"inner"}},"wdio_ui5_key":"applicationmanagesites-display-component---NewSite--addressDetailDetailsCity1"}]}
RESULT: {"script":"<script> [1562 bytes]","args":[{"selector":{"id":"application-managesites-display-component---NewSite--addressDetailDetailsCity1","interaction":{"idSuffix":"inner"}},"wdio_ui5_key":"applicationmanagesites-display-component---NewSite--addressDetailDetailsCity1"}]}
RESULT: undefined
COMMAND: POST /session/5d217fa35806900adffce087c48d7462/execute/async - {"script":"<script> [776 bytes]","args":[{"enterText":"Bucharest","selector":{"id":"application-managesites-display-component---NewSite--addressDetailDetailsCity1","interaction":{"idSuffix":"inner"}},"clearTextFirst":true,"interactionType":"ENTER_TEXT"}]}
RESULT: {"script":"<script> [776 bytes]","args":[{"enterText":"Bucharest","selector":{"id":"application-managesites-display-component---NewSite--addressDetailDetailsCity1","interaction":{"idSuffix":"inner"}},"clearTextFirst":true,"interactionType":"ENTER_TEXT"}]}
COMMAND: POST /session/5d217fa35806900adffce087c48d7462/execute/async - {"script":"<script> [1562 bytes]","args":[{"selector":{"id":"application-managesites-display-component---NewSite--addressDetailDetailsCountry","interaction":{"idSuffix":"inner"}},"wdio_ui5_key":"applicationmanagesites-display-component---NewSite--addressDetailDetailsCountry"}]}
RESULT: {"script":"<script> [1562 bytes]","args":[{"selector":{"id":"application-managesites-display-component---NewSite--addressDetailDetailsCountry","interaction":{"idSuffix":"inner"}},"wdio_ui5_key":"applicationmanagesites-display-component---NewSite--addressDetailDetailsCountry"}]}
RESULT: undefined
COMMAND: POST /session/5d217fa35806900adffce087c48d7462/execute/async - {"script":"<script> [776 bytes]","args":[{"enterText":"Romania","selector":{"id":"application-managesites-display-component---NewSite--addressDetailDetailsCountry","interaction":{"idSuffix":"inner"}},"clearTextFirst":true,"interactionType":"ENTER_TEXT"}]}
RESULT: {"script":"<script> [776 bytes]","args":[{"enterText":"Romania","selector":{"id":"application-managesites-display-component---NewSite--addressDetailDetailsCountry","interaction":{"idSuffix":"inner"}},"clearTextFirst":true,"interactionType":"ENTER_TEXT"}]}
COMMAND: POST /session/5d217fa35806900adffce087c48d7462/element - {"using":"css selector","value":"#application-managesites-display-component---NewSite--addressDetailDetailsCalendar-inner"}
RESULT: {"using":"css selector","value":"#application-managesites-display-component---NewSite--addressDetailDetailsCalendar-inner"}
COMMAND: POST /session/5d217fa35806900adffce087c48d7462/element/f.BEB73A89AF73DAE741BDE67275E06F7F.d.1E863B30025284DC9B30EC5F83962F08.e.1428/clear - {}
RESULT: {}
COMMAND: POST /session/5d217fa35806900adffce087c48d7462/element/f.BEB73A89AF73DAE741BDE67275E06F7F.d.1E863B30025284DC9B30EC5F83962F08.e.1428/value - {"text":"Germany"}
COMMAND: GET /session/5d217fa35806900adffce087c48d7462/screenshot - {}
RESULT: {"text":"Germany"}
COMMAND: POST /session/5d217fa35806900adffce087c48d7462/execute/async - {"script":"<script> [1562 bytes]","args":[{"selector":{"id":"application-managesites-display-component---NewSite--addressEditDetailsCostObjectCstType-arrow"},"wdio_ui5_key":"applicationmanagesites-display-component---NewSite--addressEditDetailsCostObjectCstType-arrow"}]}
COMMAND: GET /session/5d217fa35806900adffce087c48d7462/screenshot - {}
RESULT: {}
RESULT: {"script":"<script> [1562 bytes]","args":[{"selector":{"id":"application-managesites-display-component---NewSite--addressEditDetailsCostObjectCstType-arrow"},"wdio_ui5_key":"applicationmanagesites-display-component---NewSite--addressEditDetailsCostObjectCstType-arrow"}]}
RESULT: undefined
COMMAND: POST /session/5d217fa35806900adffce087c48d7462/element - {"using":"xpath","value":"//*[@id=\"application-managesites-display-component---NewSite--addressEditDetailsCostObjectCstType-arrow\"]"}
RESULT: {}
RESULT: {"using":"xpath","value":"//*[@id=\"application-managesites-display-component---NewSite--addressEditDetailsCostObjectCstType-arrow\"]"}
COMMAND: POST /session/5d217fa35806900adffce087c48d7462/element/f.BEB73A89AF73DAE741BDE67275E06F7F.d.1E863B30025284DC9B30EC5F83962F08.e.1627/click - {}
RESULT: {}
COMMAND: POST /session/5d217fa35806900adffce087c48d7462/element - {"using":"xpath","value":"//span[contains(text(), \"Work Breakdown Structure\")]"}
COMMAND: GET /session/5d217fa35806900adffce087c48d7462/screenshot - {}
RESULT: {"using":"xpath","value":"//span[contains(text(), \"Work Breakdown Structure\")]"}
COMMAND: POST /session/5d217fa35806900adffce087c48d7462/element/f.BEB73A89AF73DAE741BDE67275E06F7F.d.1E863B30025284DC9B30EC5F83962F08.e.1628/click - {}
RESULT: {}
RESULT: {}
COMMAND: GET /session/5d217fa35806900adffce087c48d7462/screenshot - {}
RESULT: {}
COMMAND: POST /session/5d217fa35806900adffce087c48d7462/execute/async - {"script":"<script> [1562 bytes]","args":[{"selector":{"id":"application-managesites-display-component---NewSite--addressNewCostObjectCstID-vhi"},"wdio_ui5_key":"applicationmanagesites-display-component---NewSite--addressNewCostObjectCstID-vhi"}]}
RESULT: {"script":"<script> [1562 bytes]","args":[{"selector":{"id":"application-managesites-display-component---NewSite--addressNewCostObjectCstID-vhi"},"wdio_ui5_key":"applicationmanagesites-display-component---NewSite--addressNewCostObjectCstID-vhi"}]}
RESULT: undefined
COMMAND: POST /session/5d217fa35806900adffce087c48d7462/element - {"using":"xpath","value":"//*[@id=\"application-managesites-display-component---NewSite--addressNewCostObjectCstID-vhi\"]"}
RESULT: {"using":"xpath","value":"//*[@id=\"application-managesites-display-component---NewSite--addressNewCostObjectCstID-vhi\"]"}
COMMAND: POST /session/5d217fa35806900adffce087c48d7462/element/f.BEB73A89AF73DAE741BDE67275E06F7F.d.1E863B30025284DC9B30EC5F83962F08.e.1632/click - {}
RESULT: {}
COMMAND: GET /session/5d217fa35806900adffce087c48d7462/screenshot - {}
RESULT: {}
COMMAND: POST /session/5d217fa35806900adffce087c48d7462/execute/async - {"script":"<script> [1562 bytes]","args":[{"selector":{"controlType":"sap.m.SearchField","properties":{"placeholder":"Search"},"searchOpenDialogs":true,"interaction":{"idSuffix":"I"}},"wdio_ui5_key":"sapm.SearchField{\"placeholder\":\"Search\"}"}]}
RESULT: {"script":"<script> [1562 bytes]","args":[{"selector":{"controlType":"sap.m.SearchField","properties":{"placeholder":"Search"},"searchOpenDialogs":true,"interaction":{"idSuffix":"I"}},"wdio_ui5_key":"sapm.SearchField{\"placeholder\":\"Search\"}"}]}
RESULT: undefined
COMMAND: POST /session/5d217fa35806900adffce087c48d7462/execute/async - {"script":"<script> [776 bytes]","args":[{"enterText":"A1-000100-01","selector":{"controlType":"sap.m.SearchField","properties":{"placeholder":"Search"},"searchOpenDialogs":true,"interaction":{"idSuffix":"I"}},"clearTextFirst":true,"interactionType":"ENTER_TEXT"}]}
RESULT: {"script":"<script> [776 bytes]","args":[{"enterText":"A1-000100-01","selector":{"controlType":"sap.m.SearchField","properties":{"placeholder":"Search"},"searchOpenDialogs":true,"interaction":{"idSuffix":"I"}},"clearTextFirst":true,"interactionType":"ENTER_TEXT"}]}
COMMAND: POST /session/5d217fa35806900adffce087c48d7462/actions - {"actions":[{"id":"action3","type":"key","parameters":{},"actions":[{"type":"keyDown","value":"î€‡"},{"type":"pause","duration":10},{"type":"keyUp","value":"î€‡"}]}]}
RESULT: {"actions":[{"id":"action3","type":"key","parameters":{},"actions":[{"type":"keyDown","value":"î€‡"},{"type":"pause","duration":10},{"type":"keyUp","value":"î€‡"}]}]}
COMMAND: GET /session/5d217fa35806900adffce087c48d7462/screenshot - {}
RESULT: {}
COMMAND: POST /session/5d217fa35806900adffce087c48d7462/element - {"using":"xpath","value":"//span[contains(text(), \"Template for ETO-Process\")]"}
RESULT: {"using":"xpath","value":"//span[contains(text(), \"Template for ETO-Process\")]"}
COMMAND: POST /session/5d217fa35806900adffce087c48d7462/element/f.BEB73A89AF73DAE741BDE67275E06F7F.d.1E863B30025284DC9B30EC5F83962F08.e.1653/click - {}
RESULT: {}
COMMAND: GET /session/5d217fa35806900adffce087c48d7462/screenshot - {}
RESULT: {}
COMMAND: POST /session/5d217fa35806900adffce087c48d7462/element - {"using":"xpath","value":"//bdi[contains(text(), \"OK\")]"}
RESULT: {"using":"xpath","value":"//bdi[contains(text(), \"OK\")]"}
COMMAND: POST /session/5d217fa35806900adffce087c48d7462/element/f.BEB73A89AF73DAE741BDE67275E06F7F.d.1E863B30025284DC9B30EC5F83962F08.e.1654/click - {}
RESULT: {}
COMMAND: GET /session/5d217fa35806900adffce087c48d7462/screenshot - {}
RESULT: {}
COMMAND: POST /session/5d217fa35806900adffce087c48d7462/element - {"using":"xpath","value":"//input[@id=\"application-managesites-display-component---NewSite--addressDetailDetailsYard-inner\"]"}
RESULT: {"using":"xpath","value":"//input[@id=\"application-managesites-display-component---NewSite--addressDetailDetailsYard-inner\"]"}
COMMAND: POST /session/5d217fa35806900adffce087c48d7462/element/f.BEB73A89AF73DAE741BDE67275E06F7F.d.1E863B30025284DC9B30EC5F83962F08.e.1429/value - {"text":"524"}
RESULT: {"text":"524"}
COMMAND: GET /session/5d217fa35806900adffce087c48d7462/screenshot - {}
RESULT: {}
COMMAND: POST /session/5d217fa35806900adffce087c48d7462/actions - {"actions":[{"id":"action4","type":"key","parameters":{},"actions":[{"type":"keyDown","value":"î€‡"},{"type":"pause","duration":10},{"type":"keyUp","value":"î€‡"}]}]}
RESULT: {"actions":[{"id":"action4","type":"key","parameters":{},"actions":[{"type":"keyDown","value":"î€‡"},{"type":"pause","duration":10},{"type":"keyUp","value":"î€‡"}]}]}
COMMAND: GET /session/5d217fa35806900adffce087c48d7462/screenshot - {}
RESULT: {}
COMMAND: POST /session/5d217fa35806900adffce087c48d7462/element - {"using":"xpath","value":"//input[@id=\"application-managesites-display-component---NewSite--addressDetailDetailsPartner-inner\"]"}
RESULT: {"using":"xpath","value":"//input[@id=\"application-managesites-display-component---NewSite--addressDetailDetailsPartner-inner\"]"}
COMMAND: POST /session/5d217fa35806900adffce087c48d7462/elements - {"using":"xpath","value":"//input[@id=\"application-managesites-display-component---NewSite--addressDetailDetailsPartner-inner\"]"}
RESULT: {"using":"xpath","value":"//input[@id=\"application-managesites-display-component---NewSite--addressDetailDetailsPartner-inner\"]"}
COMMAND: POST /session/5d217fa35806900adffce087c48d7462/execute/async - {"script":"<script> [1562 bytes]","args":[{"selector":{"controlType":"sap.m.Button","viewName":"etm.portal.ui.managesites.view.NewSmartSite","viewId":"application-managesites-display-component---NewSite","properties":{"text":"Commercial"},"interaction":{"idSuffix":"BDI-content"}},"wdio_ui5_key":"etmportal.ui.managesites.view.NewSmartSitesap.m.Button{\"text\":\"Commercial\"}"}]}
RESULT: {"script":"<script> [1562 bytes]","args":[{"selector":{"controlType":"sap.m.Button","viewName":"etm.portal.ui.managesites.view.NewSmartSite","viewId":"application-managesites-display-component---NewSite","properties":{"text":"Commercial"},"interaction":{"idSuffix":"BDI-content"}},"wdio_ui5_key":"etmportal.ui.managesites.view.NewSmartSitesap.m.Button{\"text\":\"Commercial\"}"}]}
RESULT: undefined
COMMAND: POST /session/5d217fa35806900adffce087c48d7462/element - {"using":"xpath","value":"//*[@id=\"application-managesites-display-component---NewSite--ObjectPageLayout-anchBar-__section5-anchor\"]"}
RESULT: {"using":"xpath","value":"//*[@id=\"application-managesites-display-component---NewSite--ObjectPageLayout-anchBar-__section5-anchor\"]"}
COMMAND: POST /session/5d217fa35806900adffce087c48d7462/element/f.BEB73A89AF73DAE741BDE67275E06F7F.d.1E863B30025284DC9B30EC5F83962F08.e.1661/click - {}
RESULT: {}
COMMAND: POST /session/5d217fa35806900adffce087c48d7462/execute/async - {"script":"<script> [1562 bytes]","args":[{"selector":{"controlType":"sap.m.Button","viewName":"etm.portal.ui.managesites.view.NewSmartSite","viewId":"application-managesites-display-component---NewSite","i18NText":{"propertyName":"text","key":"save"},"interaction":{"idSuffix":"BDI-content"}},"wdio_ui5_key":"etmportal.ui.managesites.view.NewSmartSitesap.m.Button{\"propertyName\":\"text\",\"key\":\"save\"}"}]}
COMMAND: GET /session/5d217fa35806900adffce087c48d7462/screenshot - {}
RESULT: {"script":"<script> [1562 bytes]","args":[{"selector":{"controlType":"sap.m.Button","viewName":"etm.portal.ui.managesites.view.NewSmartSite","viewId":"application-managesites-display-component---NewSite","i18NText":{"propertyName":"text","key":"save"},"interaction":{"idSuffix":"BDI-content"}},"wdio_ui5_key":"etmportal.ui.managesites.view.NewSmartSitesap.m.Button{\"propertyName\":\"text\",\"key\":\"save\"}"}]}
RESULT: undefined
COMMAND: POST /session/5d217fa35806900adffce087c48d7462/element - {"using":"xpath","value":"//*[@id=\"__button16\"]"}
RESULT: {}
RESULT: {"using":"xpath","value":"//*[@id=\"__button16\"]"}
COMMAND: POST /session/5d217fa35806900adffce087c48d7462/element/f.BEB73A89AF73DAE741BDE67275E06F7F.d.1E863B30025284DC9B30EC5F83962F08.e.1574/click - {}
RESULT: {}
COMMAND: GET /session/5d217fa35806900adffce087c48d7462/screenshot - {}
RESULT: {}
COMMAND: POST /session/5d217fa35806900adffce087c48d7462/execute/async - {"script":"<script> [1562 bytes]","args":[{"selector":{"id":"application-managesites-display-component---detailSite--addressDetailDetailsYardText"},"wdio_ui5_key":"applicationmanagesites-display-component---detailSite--addressDetailDetailsYardText"}]}
RESULT: {"script":"<script> [1562 bytes]","args":[{"selector":{"id":"application-managesites-display-component---detailSite--addressDetailDetailsYardText"},"wdio_ui5_key":"applicationmanagesites-display-component---detailSite--addressDetailDetailsYardText"}]}
RESULT: undefined
COMMAND: POST /session/5d217fa35806900adffce087c48d7462/element - {"using":"xpath","value":"//header/div/div[2]/div[2]/span"}
RESULT: {"using":"xpath","value":"//header/div/div[2]/div[2]/span"}
COMMAND: GET /session/5d217fa35806900adffce087c48d7462/element/f.BEB73A89AF73DAE741BDE67275E06F7F.d.1E863B30025284DC9B30EC5F83962F08.e.1860/text - {}
RESULT: {}
COMMAND: POST /session/5d217fa35806900adffce087c48d7462/element - {"using":"xpath","value":"//header/div/div/div/div/div/div[2]/div/span"}
RESULT: {"using":"xpath","value":"//header/div/div/div/div/div/div[2]/div/span"}
COMMAND: GET /session/5d217fa35806900adffce087c48d7462/element/f.BEB73A89AF73DAE741BDE67275E06F7F.d.1E863B30025284DC9B30EC5F83962F08.e.1861/text - {}
RESULT: {}
COMMAND: POST /session/5d217fa35806900adffce087c48d7462/element - {"using":"css selector","value":"#shell-header-logo"}
RESULT: {"using":"css selector","value":"#shell-header-logo"}
COMMAND: POST /session/5d217fa35806900adffce087c48d7462/element/f.BEB73A89AF73DAE741BDE67275E06F7F.d.1E863B30025284DC9B30EC5F83962F08.e.1197/click - {}
RESULT: {}
COMMAND: GET /session/5d217fa35806900adffce087c48d7462/screenshot - {}
RESULT: {}
COMMAND: POST /session/5d217fa35806900adffce087c48d7462/execute/async - {"script":"<script> [1562 bytes]","args":[{"selector":{"controlType":"sap.m.GenericTile","properties":{"header":"Manage Partners"}},"wdio_ui5_key":"sapm.GenericTile{\"header\":\"Manage Partners\"}"}]}
RESULT: {"script":"<script> [1562 bytes]","args":[{"selector":{"controlType":"sap.m.GenericTile","properties":{"header":"Manage Partners"}},"wdio_ui5_key":"sapm.GenericTile{\"header\":\"Manage Partners\"}"}]}
RESULT: undefined
COMMAND: POST /session/5d217fa35806900adffce087c48d7462/element - {"using":"xpath","value":"//*[@id=\"__tile38\"]"}
RESULT: {"using":"xpath","value":"//*[@id=\"__tile38\"]"}
COMMAND: POST /session/5d217fa35806900adffce087c48d7462/element/f.BEB73A89AF73DAE741BDE67275E06F7F.d.1E863B30025284DC9B30EC5F83962F08.e.1863/click - {}
RESULT: {}
COMMAND: GET /session/5d217fa35806900adffce087c48d7462/screenshot - {}
RESULT: {}
COMMAND: POST /session/5d217fa35806900adffce087c48d7462/execute/async - {"script":"<script> [1562 bytes]","args":[{"selector":{"controlType":"sap.ui.core.Icon","viewName":"etm.portal.ui.managepartners.view.Master","viewId":"application-managepartners-display-component---masterPtm","properties":{"src":{"regex":{"source":"add"}}}},"wdio_ui5_key":"etmportal.ui.managepartners.view.Mastersap.ui.core.Icon{\"src\":{\"regex\":{\"source\":\"add\"}}}"}]}
RESULT: {"script":"<script> [1562 bytes]","args":[{"selector":{"controlType":"sap.ui.core.Icon","viewName":"etm.portal.ui.managepartners.view.Master","viewId":"application-managepartners-display-component---masterPtm","properties":{"src":{"regex":{"source":"add"}}}},"wdio_ui5_key":"etmportal.ui.managepartners.view.Mastersap.ui.core.Icon{\"src\":{\"regex\":{\"source\":\"add\"}}}"}]}
RESULT: undefined
COMMAND: POST /session/5d217fa35806900adffce087c48d7462/element - {"using":"xpath","value":"//*[@id=\"__button60-img\"]"}
RESULT: {"using":"xpath","value":"//*[@id=\"__button60-img\"]"}
COMMAND: POST /session/5d217fa35806900adffce087c48d7462/element/f.BEB73A89AF73DAE741BDE67275E06F7F.d.1E863B30025284DC9B30EC5F83962F08.e.1913/click - {}
RESULT: {}
COMMAND: GET /session/5d217fa35806900adffce087c48d7462/screenshot - {}
RESULT: {}
COMMAND: POST /session/5d217fa35806900adffce087c48d7462/execute/async - {"script":"<script> [1562 bytes]","args":[{"selector":{"id":"application-managepartners-display-component---NewPartner--partnerId","interaction":{"idSuffix":"inner"}},"wdio_ui5_key":"applicationmanagepartners-display-component---NewPartner--partnerId"}]}
RESULT: {"script":"<script> [1562 bytes]","args":[{"selector":{"id":"application-managepartners-display-component---NewPartner--partnerId","interaction":{"idSuffix":"inner"}},"wdio_ui5_key":"applicationmanagepartners-display-component---NewPartner--partnerId"}]}
RESULT: undefined
COMMAND: POST /session/5d217fa35806900adffce087c48d7462/execute/async - {"script":"<script> [1562 bytes]","args":[{"selector":{"id":"application-managepartners-display-component---NewPartner--addressDetailDetailsName1","interaction":{"idSuffix":"inner"}},"wdio_ui5_key":"applicationmanagepartners-display-component---NewPartner--addressDetailDetailsName1"}]}
RESULT: {"script":"<script> [1562 bytes]","args":[{"selector":{"id":"application-managepartners-display-component---NewPartner--addressDetailDetailsName1","interaction":{"idSuffix":"inner"}},"wdio_ui5_key":"applicationmanagepartners-display-component---NewPartner--addressDetailDetailsName1"}]}
RESULT: undefined
COMMAND: POST /session/5d217fa35806900adffce087c48d7462/execute/async - {"script":"<script> [776 bytes]","args":[{"enterText":"WebdriverPartner0x3dn","selector":{"id":"application-managepartners-display-component---NewPartner--addressDetailDetailsName1","interaction":{"idSuffix":"inner"}},"clearTextFirst":true,"interactionType":"ENTER_TEXT"}]}
RESULT: {"script":"<script> [776 bytes]","args":[{"enterText":"WebdriverPartner0x3dn","selector":{"id":"application-managepartners-display-component---NewPartner--addressDetailDetailsName1","interaction":{"idSuffix":"inner"}},"clearTextFirst":true,"interactionType":"ENTER_TEXT"}]}
COMMAND: POST /session/5d217fa35806900adffce087c48d7462/execute/async - {"script":"<script> [1562 bytes]","args":[{"selector":{"id":"application-managepartners-display-component---NewPartner--addressDetailDetailsLanguage","interaction":{"idSuffix":"inner"}},"wdio_ui5_key":"applicationmanagepartners-display-component---NewPartner--addressDetailDetailsLanguage"}]}
RESULT: {"script":"<script> [1562 bytes]","args":[{"selector":{"id":"application-managepartners-display-component---NewPartner--addressDetailDetailsLanguage","interaction":{"idSuffix":"inner"}},"wdio_ui5_key":"applicationmanagepartners-display-component---NewPartner--addressDetailDetailsLanguage"}]}
RESULT: undefined
COMMAND: POST /session/5d217fa35806900adffce087c48d7462/execute/async - {"script":"<script> [776 bytes]","args":[{"enterText":"Romanian","selector":{"id":"application-managepartners-display-component---NewPartner--addressDetailDetailsLanguage","interaction":{"idSuffix":"inner"}},"clearTextFirst":true,"interactionType":"ENTER_TEXT"}]}
RESULT: {"script":"<script> [776 bytes]","args":[{"enterText":"Romanian","selector":{"id":"application-managepartners-display-component---NewPartner--addressDetailDetailsLanguage","interaction":{"idSuffix":"inner"}},"clearTextFirst":true,"interactionType":"ENTER_TEXT"}]}
COMMAND: POST /session/5d217fa35806900adffce087c48d7462/element - {"using":"xpath","value":"//input[contains(@id ,\"application-managepartners-display-component---NewPartner--addressDetailDetailsName1-inner\")]"}
RESULT: {"using":"xpath","value":"//input[contains(@id ,\"application-managepartners-display-component---NewPartner--addressDetailDetailsName1-inner\")]"}
COMMAND: GET /session/5d217fa35806900adffce087c48d7462/element/f.BEB73A89AF73DAE741BDE67275E06F7F.d.1E863B30025284DC9B30EC5F83962F08.e.2086/property/value - {}
RESULT: {}
COMMAND: POST /session/5d217fa35806900adffce087c48d7462/execute/async - {"script":"<script> [1562 bytes]","args":[{"selector":{"id":"application-managepartners-display-component---NewPartner--addressDetailDetailsCity1","interaction":{"idSuffix":"inner"}},"wdio_ui5_key":"applicationmanagepartners-display-component---NewPartner--addressDetailDetailsCity1"}]}
COMMAND: GET /session/5d217fa35806900adffce087c48d7462/screenshot - {}
RESULT: {"script":"<script> [1562 bytes]","args":[{"selector":{"id":"application-managepartners-display-component---NewPartner--addressDetailDetailsCity1","interaction":{"idSuffix":"inner"}},"wdio_ui5_key":"applicationmanagepartners-display-component---NewPartner--addressDetailDetailsCity1"}]}
RESULT: undefined
COMMAND: POST /session/5d217fa35806900adffce087c48d7462/execute/async - {"script":"<script> [776 bytes]","args":[{"enterText":"Bucharest","selector":{"id":"application-managepartners-display-component---NewPartner--addressDetailDetailsCity1","interaction":{"idSuffix":"inner"}},"clearTextFirst":true,"interactionType":"ENTER_TEXT"}]}
RESULT: {}
RESULT: {"script":"<script> [776 bytes]","args":[{"enterText":"Bucharest","selector":{"id":"application-managepartners-display-component---NewPartner--addressDetailDetailsCity1","interaction":{"idSuffix":"inner"}},"clearTextFirst":true,"interactionType":"ENTER_TEXT"}]}
COMMAND: POST /session/5d217fa35806900adffce087c48d7462/execute/async - {"script":"<script> [1562 bytes]","args":[{"selector":{"id":"application-managepartners-display-component---NewPartner--addressDetailDetailsCountry","interaction":{"idSuffix":"inner"}},"wdio_ui5_key":"applicationmanagepartners-display-component---NewPartner--addressDetailDetailsCountry"}]}
RESULT: {"script":"<script> [1562 bytes]","args":[{"selector":{"id":"application-managepartners-display-component---NewPartner--addressDetailDetailsCountry","interaction":{"idSuffix":"inner"}},"wdio_ui5_key":"applicationmanagepartners-display-component---NewPartner--addressDetailDetailsCountry"}]}
RESULT: undefined
COMMAND: POST /session/5d217fa35806900adffce087c48d7462/execute/async - {"script":"<script> [6424 bytes]","args":[{"element-6066-11e4-a52e-4f735466cecf":"f.BEB73A89AF73DAE741BDE67275E06F7F.d.1E863B30025284DC9B30EC5F83962F08.e.2093"},"setValue",["Romania"]]}
RESULT: {"script":"<script> [6424 bytes]","args":[{"element-6066-11e4-a52e-4f735466cecf":"f.BEB73A89AF73DAE741BDE67275E06F7F.d.1E863B30025284DC9B30EC5F83962F08.e.2093"},"setValue",["Romania"]]}
COMMAND: POST /session/5d217fa35806900adffce087c48d7462/execute/async - {"script":"<script> [1562 bytes]","args":[{"selector":{"id":"application-managepartners-display-component---NewPartner--partnerDetailInternal","interaction":{"idSuffix":"inner"}},"wdio_ui5_key":"applicationmanagepartners-display-component---NewPartner--partnerDetailInternal"}]}
RESULT: {"script":"<script> [1562 bytes]","args":[{"selector":{"id":"application-managepartners-display-component---NewPartner--partnerDetailInternal","interaction":{"idSuffix":"inner"}},"wdio_ui5_key":"applicationmanagepartners-display-component---NewPartner--partnerDetailInternal"}]}
RESULT: undefined
COMMAND: POST /session/5d217fa35806900adffce087c48d7462/execute/async - {"script":"<script> [776 bytes]","args":[{"enterText":"External partner","selector":{"id":"application-managepartners-display-component---NewPartner--partnerDetailInternal","interaction":{"idSuffix":"inner"}},"clearTextFirst":true,"interactionType":"ENTER_TEXT"}]}
RESULT: {"script":"<script> [776 bytes]","args":[{"enterText":"External partner","selector":{"id":"application-managepartners-display-component---NewPartner--partnerDetailInternal","interaction":{"idSuffix":"inner"}},"clearTextFirst":true,"interactionType":"ENTER_TEXT"}]}
COMMAND: POST /session/5d217fa35806900adffce087c48d7462/execute/async - {"script":"<script> [1562 bytes]","args":[{"selector":{"id":"application-managepartners-display-component---NewPartner--partnerDetailsCurrency","interaction":{"idSuffix":"inner"}},"wdio_ui5_key":"applicationmanagepartners-display-component---NewPartner--partnerDetailsCurrency"}]}
RESULT: {"script":"<script> [1562 bytes]","args":[{"selector":{"id":"application-managepartners-display-component---NewPartner--partnerDetailsCurrency","interaction":{"idSuffix":"inner"}},"wdio_ui5_key":"applicationmanagepartners-display-component---NewPartner--partnerDetailsCurrency"}]}
RESULT: undefined
COMMAND: POST /session/5d217fa35806900adffce087c48d7462/execute/async - {"script":"<script> [776 bytes]","args":[{"enterText":"Euro","selector":{"id":"application-managepartners-display-component---NewPartner--partnerDetailsCurrency","interaction":{"idSuffix":"inner"}},"clearTextFirst":true,"interactionType":"ENTER_TEXT"}]}
RESULT: {"script":"<script> [776 bytes]","args":[{"enterText":"Euro","selector":{"id":"application-managepartners-display-component---NewPartner--partnerDetailsCurrency","interaction":{"idSuffix":"inner"}},"clearTextFirst":true,"interactionType":"ENTER_TEXT"}]}
COMMAND: POST /session/5d217fa35806900adffce087c48d7462/execute/async - {"script":"<script> [1562 bytes]","args":[{"selector":{"controlType":"sap.m.Button","viewName":"etm.portal.ui.managepartners.view.NewPartner","viewId":"application-managepartners-display-component---NewPartner","properties":{"text":"Commercial"},"interaction":{"idSuffix":"BDI-content"}},"wdio_ui5_key":"etmportal.ui.managepartners.view.NewPartnersap.m.Button{\"text\":\"Commercial\"}"}]}
RESULT: {"script":"<script> [1562 bytes]","args":[{"selector":{"controlType":"sap.m.Button","viewName":"etm.portal.ui.managepartners.view.NewPartner","viewId":"application-managepartners-display-component---NewPartner","properties":{"text":"Commercial"},"interaction":{"idSuffix":"BDI-content"}},"wdio_ui5_key":"etmportal.ui.managepartners.view.NewPartnersap.m.Button{\"text\":\"Commercial\"}"}]}
RESULT: undefined
COMMAND: POST /session/5d217fa35806900adffce087c48d7462/element - {"using":"xpath","value":"//*[@id=\"application-managepartners-display-component---NewPartner--ObjectPageLayout-anchBar-__section29-anchor\"]"}
RESULT: {"using":"xpath","value":"//*[@id=\"application-managepartners-display-component---NewPartner--ObjectPageLayout-anchBar-__section29-anchor\"]"}
COMMAND: POST /session/5d217fa35806900adffce087c48d7462/element/f.BEB73A89AF73DAE741BDE67275E06F7F.d.1E863B30025284DC9B30EC5F83962F08.e.2345/click - {}
RESULT: {}
COMMAND: GET /session/5d217fa35806900adffce087c48d7462/screenshot - {}
RESULT: {}
COMMAND: POST /session/5d217fa35806900adffce087c48d7462/execute/async - {"script":"<script> [1562 bytes]","args":[{"selector":{"id":"application-managepartners-display-component---NewPartner--btnAddTableRow-img"},"wdio_ui5_key":"applicationmanagepartners-display-component---NewPartner--btnAddTableRow-img"}]}
RESULT: {"script":"<script> [1562 bytes]","args":[{"selector":{"id":"application-managepartners-display-component---NewPartner--btnAddTableRow-img"},"wdio_ui5_key":"applicationmanagepartners-display-component---NewPartner--btnAddTableRow-img"}]}
RESULT: undefined
COMMAND: POST /session/5d217fa35806900adffce087c48d7462/element - {"using":"xpath","value":"//*[@id=\"application-managepartners-display-component---NewPartner--btnAddTableRow-img\"]"}
RESULT: {"using":"xpath","value":"//*[@id=\"application-managepartners-display-component---NewPartner--btnAddTableRow-img\"]"}
COMMAND: POST /session/5d217fa35806900adffce087c48d7462/element/f.BEB73A89AF73DAE741BDE67275E06F7F.d.1E863B30025284DC9B30EC5F83962F08.e.2353/click - {}
RESULT: {}
COMMAND: POST /session/5d217fa35806900adffce087c48d7462/element - {"using":"xpath","value":"//input[contains(@id ,\"application-managepartners-display-component---NewPartner--assignmentYard-application-managepartners-display-component---NewPartner\")]"}
COMMAND: GET /session/5d217fa35806900adffce087c48d7462/screenshot - {}
RESULT: {"using":"xpath","value":"//input[contains(@id ,\"application-managepartners-display-component---NewPartner--assignmentYard-application-managepartners-display-component---NewPartner\")]"}
COMMAND: POST /session/5d217fa35806900adffce087c48d7462/element/f.BEB73A89AF73DAE741BDE67275E06F7F.d.1E863B30025284DC9B30EC5F83962F08.e.2356/clear - {}
RESULT: {}
RESULT: {}
COMMAND: POST /session/5d217fa35806900adffce087c48d7462/element/f.BEB73A89AF73DAE741BDE67275E06F7F.d.1E863B30025284DC9B30EC5F83962F08.e.2356/value - {"text":"524"}
COMMAND: GET /session/5d217fa35806900adffce087c48d7462/screenshot - {}
RESULT: {"text":"524"}
COMMAND: GET /session/5d217fa35806900adffce087c48d7462/screenshot - {}
RESULT: {}
RESULT: {}
COMMAND: POST /session/5d217fa35806900adffce087c48d7462/execute/async - {"script":"<script> [1562 bytes]","args":[{"selector":{"controlType":"sap.m.Button","viewName":"etm.portal.ui.managepartners.view.NewPartner","viewId":"application-managepartners-display-component---NewPartner","i18NText":{"propertyName":"text","key":"save"},"interaction":{"idSuffix":"BDI-content"}},"wdio_ui5_key":"etmportal.ui.managepartners.view.NewPartnersap.m.Button{\"propertyName\":\"text\",\"key\":\"save\"}"}]}
RESULT: {"script":"<script> [1562 bytes]","args":[{"selector":{"controlType":"sap.m.Button","viewName":"etm.portal.ui.managepartners.view.NewPartner","viewId":"application-managepartners-display-component---NewPartner","i18NText":{"propertyName":"text","key":"save"},"interaction":{"idSuffix":"BDI-content"}},"wdio_ui5_key":"etmportal.ui.managepartners.view.NewPartnersap.m.Button{\"propertyName\":\"text\",\"key\":\"save\"}"}]}
RESULT: undefined
COMMAND: POST /session/5d217fa35806900adffce087c48d7462/element - {"using":"xpath","value":"//*[@id=\"__button68\"]"}
RESULT: {"using":"xpath","value":"//*[@id=\"__button68\"]"}
COMMAND: POST /session/5d217fa35806900adffce087c48d7462/element/f.BEB73A89AF73DAE741BDE67275E06F7F.d.1E863B30025284DC9B30EC5F83962F08.e.2285/click - {}
RESULT: {}
COMMAND: GET /session/5d217fa35806900adffce087c48d7462/screenshot - {}
RESULT: {}
COMMAND: POST /session/5d217fa35806900adffce087c48d7462/element - {"using":"xpath","value":"//header/div/div[2]/div[2]/span"}
RESULT: {"using":"xpath","value":"//header/div/div[2]/div[2]/span"}
COMMAND: GET /session/5d217fa35806900adffce087c48d7462/element/f.BEB73A89AF73DAE741BDE67275E06F7F.d.1E863B30025284DC9B30EC5F83962F08.e.2526/text - {}
RESULT: {}
COMMAND: POST /session/5d217fa35806900adffce087c48d7462/element - {"using":"xpath","value":"//header/div/div/div/div/div/div[2]/div/span"}
RESULT: {"using":"xpath","value":"//header/div/div/div/div/div/div[2]/div/span"}
COMMAND: GET /session/5d217fa35806900adffce087c48d7462/element/f.BEB73A89AF73DAE741BDE67275E06F7F.d.1E863B30025284DC9B30EC5F83962F08.e.2527/text - {}
RESULT: {}
COMMAND: POST /session/5d217fa35806900adffce087c48d7462/execute/async - {"script":"<script> [1562 bytes]","args":[{"selector":{"id":"application-managepartners-display-component---detailPtm--partnerType"},"wdio_ui5_key":"applicationmanagepartners-display-component---detailPtm--partnerType"}]}
RESULT: {"script":"<script> [1562 bytes]","args":[{"selector":{"id":"application-managepartners-display-component---detailPtm--partnerType"},"wdio_ui5_key":"applicationmanagepartners-display-component---detailPtm--partnerType"}]}
RESULT: undefined
COMMAND: POST /session/5d217fa35806900adffce087c48d7462/execute/async - {"script":"<script> [6424 bytes]","args":[{"element-6066-11e4-a52e-4f735466cecf":"f.BEB73A89AF73DAE741BDE67275E06F7F.d.1E863B30025284DC9B30EC5F83962F08.e.2528"},"getText",[]]}
RESULT: {"script":"<script> [6424 bytes]","args":[{"element-6066-11e4-a52e-4f735466cecf":"f.BEB73A89AF73DAE741BDE67275E06F7F.d.1E863B30025284DC9B30EC5F83962F08.e.2528"},"getText",[]]}
COMMAND: POST /session/5d217fa35806900adffce087c48d7462/element - {"using":"css selector","value":"#shell-header-logo"}
RESULT: {"using":"css selector","value":"#shell-header-logo"}
COMMAND: POST /session/5d217fa35806900adffce087c48d7462/element/f.BEB73A89AF73DAE741BDE67275E06F7F.d.1E863B30025284DC9B30EC5F83962F08.e.1866/click - {}
RESULT: {}
COMMAND: GET /session/5d217fa35806900adffce087c48d7462/screenshot - {}
RESULT: {}
]]></system-out>
    </testcase>
    <testcase classname="chrome.135_0_7049_96.windows.Webshop_-_Hyperlinks_visible_and_working_properly__US139085" name="Should create a new contract" time="87.772">
      <system-out><![CDATA[
COMMAND: POST /session/5d217fa35806900adffce087c48d7462/execute/async - {"script":"<script> [1562 bytes]","args":[{"selector":{"controlType":"sap.m.Text","viewName":"etm.portal.ui.managecontractstile.view.Master","properties":{"text":"Manage Contracts"},"interaction":{"idSuffix":"inner"}},"wdio_ui5_key":"etmportal.ui.managecontractstile.view.Mastersap.m.Text{\"text\":\"Manage Contracts\"}"}]}
RESULT: {"script":"<script> [1562 bytes]","args":[{"selector":{"controlType":"sap.m.Text","viewName":"etm.portal.ui.managecontractstile.view.Master","properties":{"text":"Manage Contracts"},"interaction":{"idSuffix":"inner"}},"wdio_ui5_key":"etmportal.ui.managecontractstile.view.Mastersap.m.Text{\"text\":\"Manage Contracts\"}"}]}
RESULT: undefined
COMMAND: POST /session/5d217fa35806900adffce087c48d7462/element - {"using":"xpath","value":"//*[@id=\"__tile130-title\"]"}
RESULT: {"using":"xpath","value":"//*[@id=\"__tile130-title\"]"}
COMMAND: POST /session/5d217fa35806900adffce087c48d7462/element/f.BEB73A89AF73DAE741BDE67275E06F7F.d.1E863B30025284DC9B30EC5F83962F08.e.2532/click - {}
RESULT: {}
COMMAND: GET /session/5d217fa35806900adffce087c48d7462/screenshot - {}
RESULT: {}
COMMAND: POST /session/5d217fa35806900adffce087c48d7462/element - {"using":"xpath","value":"//button[@data-kt=\"addButton\"]"}
RESULT: {"using":"xpath","value":"//button[@data-kt=\"addButton\"]"}
COMMAND: POST /session/5d217fa35806900adffce087c48d7462/element/f.BEB73A89AF73DAE741BDE67275E06F7F.d.1E863B30025284DC9B30EC5F83962F08.e.2578/click - {}
RESULT: {}
COMMAND: GET /session/5d217fa35806900adffce087c48d7462/screenshot - {}
RESULT: {}
COMMAND: POST /session/5d217fa35806900adffce087c48d7462/execute/async - {"script":"<script> [1562 bytes]","args":[{"selector":{"id":"application-managecontracts-display-component---AddNewContract--projectDescription","interaction":{"idSuffix":"inner"}},"wdio_ui5_key":"applicationmanagecontracts-display-component---AddNewContract--projectDescription"}]}
RESULT: {"script":"<script> [1562 bytes]","args":[{"selector":{"id":"application-managecontracts-display-component---AddNewContract--projectDescription","interaction":{"idSuffix":"inner"}},"wdio_ui5_key":"applicationmanagecontracts-display-component---AddNewContract--projectDescription"}]}
RESULT: undefined
COMMAND: POST /session/5d217fa35806900adffce087c48d7462/execute/async - {"script":"<script> [776 bytes]","args":[{"enterText":"WdIOR2crhed9","selector":{"id":"application-managecontracts-display-component---AddNewContract--projectDescription","interaction":{"idSuffix":"inner"}},"clearTextFirst":true,"interactionType":"ENTER_TEXT"}]}
RESULT: {"script":"<script> [776 bytes]","args":[{"enterText":"WdIOR2crhed9","selector":{"id":"application-managecontracts-display-component---AddNewContract--projectDescription","interaction":{"idSuffix":"inner"}},"clearTextFirst":true,"interactionType":"ENTER_TEXT"}]}
COMMAND: POST /session/5d217fa35806900adffce087c48d7462/element - {"using":"xpath","value":"//input[@id=\"application-managecontracts-display-component---AddNewContract--yardId-inner\"]"}
RESULT: {"using":"xpath","value":"//input[@id=\"application-managecontracts-display-component---AddNewContract--yardId-inner\"]"}
COMMAND: POST /session/5d217fa35806900adffce087c48d7462/element/f.BEB73A89AF73DAE741BDE67275E06F7F.d.1E863B30025284DC9B30EC5F83962F08.e.2867/clear - {}
RESULT: {}
COMMAND: POST /session/5d217fa35806900adffce087c48d7462/element/f.BEB73A89AF73DAE741BDE67275E06F7F.d.1E863B30025284DC9B30EC5F83962F08.e.2867/value - {"text":"WebdriverYard4w9d1"}
COMMAND: GET /session/5d217fa35806900adffce087c48d7462/screenshot - {}
RESULT: {"text":"WebdriverYard4w9d1"}
COMMAND: GET /session/5d217fa35806900adffce087c48d7462/screenshot - {}
RESULT: {}
RESULT: {}
COMMAND: POST /session/5d217fa35806900adffce087c48d7462/actions - {"actions":[{"id":"action5","type":"key","parameters":{},"actions":[{"type":"keyDown","value":"î€‡"},{"type":"pause","duration":10},{"type":"keyUp","value":"î€‡"}]}]}
RESULT: {"actions":[{"id":"action5","type":"key","parameters":{},"actions":[{"type":"keyDown","value":"î€‡"},{"type":"pause","duration":10},{"type":"keyUp","value":"î€‡"}]}]}
COMMAND: GET /session/5d217fa35806900adffce087c48d7462/screenshot - {}
RESULT: {}
COMMAND: POST /session/5d217fa35806900adffce087c48d7462/element - {"using":"xpath","value":"//input[@id=\"application-managecontracts-display-component---AddNewContract--customerSelect-inner\"]"}
RESULT: {"using":"xpath","value":"//input[@id=\"application-managecontracts-display-component---AddNewContract--customerSelect-inner\"]"}
COMMAND: POST /session/5d217fa35806900adffce087c48d7462/element/f.BEB73A89AF73DAE741BDE67275E06F7F.d.1E863B30025284DC9B30EC5F83962F08.e.2865/clear - {}
RESULT: {}
COMMAND: POST /session/5d217fa35806900adffce087c48d7462/element/f.BEB73A89AF73DAE741BDE67275E06F7F.d.1E863B30025284DC9B30EC5F83962F08.e.2865/value - {"text":"WebdriverPartner0x3dn"}
COMMAND: GET /session/5d217fa35806900adffce087c48d7462/screenshot - {}
RESULT: {"text":"WebdriverPartner0x3dn"}
COMMAND: GET /session/5d217fa35806900adffce087c48d7462/screenshot - {}
RESULT: {}
RESULT: {}
COMMAND: POST /session/5d217fa35806900adffce087c48d7462/actions - {"actions":[{"id":"action6","type":"key","parameters":{},"actions":[{"type":"keyDown","value":"î€‡"},{"type":"pause","duration":10},{"type":"keyUp","value":"î€‡"}]}]}
RESULT: {"actions":[{"id":"action6","type":"key","parameters":{},"actions":[{"type":"keyDown","value":"î€‡"},{"type":"pause","duration":10},{"type":"keyUp","value":"î€‡"}]}]}
COMMAND: GET /session/5d217fa35806900adffce087c48d7462/screenshot - {}
RESULT: {}
COMMAND: POST /session/5d217fa35806900adffce087c48d7462/element - {"using":"xpath","value":"//input[@id=\"application-managecontracts-display-component---AddNewContract--site-inner\"]"}
RESULT: {"using":"xpath","value":"//input[@id=\"application-managecontracts-display-component---AddNewContract--site-inner\"]"}
COMMAND: POST /session/5d217fa35806900adffce087c48d7462/element/f.BEB73A89AF73DAE741BDE67275E06F7F.d.1E863B30025284DC9B30EC5F83962F08.e.2866/clear - {}
RESULT: {}
COMMAND: POST /session/5d217fa35806900adffce087c48d7462/element/f.BEB73A89AF73DAE741BDE67275E06F7F.d.1E863B30025284DC9B30EC5F83962F08.e.2866/value - {"text":"WebdriverSitext3g5"}
COMMAND: GET /session/5d217fa35806900adffce087c48d7462/screenshot - {}
RESULT: {"text":"WebdriverSitext3g5"}
COMMAND: GET /session/5d217fa35806900adffce087c48d7462/screenshot - {}
RESULT: {}
RESULT: {}
COMMAND: POST /session/5d217fa35806900adffce087c48d7462/actions - {"actions":[{"id":"action7","type":"key","parameters":{},"actions":[{"type":"keyDown","value":"î€‡"},{"type":"pause","duration":10},{"type":"keyUp","value":"î€‡"}]}]}
RESULT: {"actions":[{"id":"action7","type":"key","parameters":{},"actions":[{"type":"keyDown","value":"î€‡"},{"type":"pause","duration":10},{"type":"keyUp","value":"î€‡"}]}]}
COMMAND: GET /session/5d217fa35806900adffce087c48d7462/screenshot - {}
RESULT: {}
COMMAND: POST /session/5d217fa35806900adffce087c48d7462/element - {"using":"xpath","value":"//button[@data-kt=\"saveButton\"]"}
RESULT: {"using":"xpath","value":"//button[@data-kt=\"saveButton\"]"}
COMMAND: POST /session/5d217fa35806900adffce087c48d7462/element/f.BEB73A89AF73DAE741BDE67275E06F7F.d.1E863B30025284DC9B30EC5F83962F08.e.2890/click - {}
RESULT: {}
COMMAND: GET /session/5d217fa35806900adffce087c48d7462/screenshot - {}
RESULT: {}
COMMAND: POST /session/5d217fa35806900adffce087c48d7462/execute/async - {"script":"<script> [1562 bytes]","args":[{"selector":{"id":"contractDetailTitleNoExpanded","viewName":"etm.portal.ui.managecontracts.view.Detail"},"wdio_ui5_key":"contractDetailTitleNoExpandedetmportal.ui.managecontracts.view.Detail"}]}
RESULT: {"script":"<script> [1562 bytes]","args":[{"selector":{"id":"contractDetailTitleNoExpanded","viewName":"etm.portal.ui.managecontracts.view.Detail"},"wdio_ui5_key":"contractDetailTitleNoExpandedetmportal.ui.managecontracts.view.Detail"}]}
RESULT: undefined
COMMAND: POST /session/5d217fa35806900adffce087c48d7462/execute/async - {"script":"<script> [6424 bytes]","args":[{"element-6066-11e4-a52e-4f735466cecf":"f.BEB73A89AF73DAE741BDE67275E06F7F.d.1E863B30025284DC9B30EC5F83962F08.e.2973"},"getText",[]]}
RESULT: {"script":"<script> [6424 bytes]","args":[{"element-6066-11e4-a52e-4f735466cecf":"f.BEB73A89AF73DAE741BDE67275E06F7F.d.1E863B30025284DC9B30EC5F83962F08.e.2973"},"getText",[]]}
COMMAND: POST /session/5d217fa35806900adffce087c48d7462/element - {"using":"css selector","value":"#shell-header-logo"}
RESULT: {"using":"css selector","value":"#shell-header-logo"}
COMMAND: POST /session/5d217fa35806900adffce087c48d7462/element/f.BEB73A89AF73DAE741BDE67275E06F7F.d.1E863B30025284DC9B30EC5F83962F08.e.2535/click - {}
RESULT: {}
COMMAND: GET /session/5d217fa35806900adffce087c48d7462/screenshot - {}
RESULT: {}
]]></system-out>
    </testcase>
  </testsuite>
  <testsuite timestamp="2025-05-03T16:22:33" time="65.287" tests="1" failures="1" errors="1" skipped="0">
    <properties>
      <property name="specId" value="0" />
      <property name="suiteName" value="Webshop - Hyperlinks visible and working properly  US139085" />
      <property name="capabilities" value="chrome.135_0_7049_96.windows" />
      <property name="file" value="file:///D:/a/1/s/test/specs/R2C/webshop-hyperlinks-partner-address-contract-item.spec.js" />
    </properties>
  </testsuite>
</testsuites>