<?xml version="1.0" encoding="UTF-8"?>
<testsuites tests="9" failures="1" errors="1" skipped="0">
  <testsuite timestamp="2025-05-03T17:57:35" time="867.986" tests="9" failures="1" errors="1" skipped="0">
    <properties>
      <property name="specId" value="0" />
      <property name="suiteName" value="Tests for Mass State Change on Manage States &amp; Performances US104416 US" />
      <property name="capabilities" value="chrome.135_0_7049_96.windows" />
      <property name="file" value="file:///D:/a/1/s/test/specs/HTR/create-mass-state-change.spec.js" />
    </properties>
    <testcase classname="chrome.135_0_7049_96.windows.Tests_for_Mass_State_Change_on_Manage_States_&amp;_Performances_US104416_US" name="Prereq Should create a new yard used for all following tests" time="117.27">
      <system-out><![CDATA[
COMMAND: POST /session/f67d1ccb760c54e6337a253aaf22b074/window/fullscreen - {}
RESULT: {}
COMMAND: POST /session/f67d1ccb760c54e6337a253aaf22b074/execute/async - {"script":"<script> [1562 bytes]","args":[{"selector":{"controlType":"sap.m.GenericTile","properties":{"header":"Manage Yards"}},"wdio_ui5_key":"sapm.GenericTile{\"header\":\"Manage Yards\"}"}]}
RESULT: {"script":"<script> [1562 bytes]","args":[{"selector":{"controlType":"sap.m.GenericTile","properties":{"header":"Manage Yards"}},"wdio_ui5_key":"sapm.GenericTile{\"header\":\"Manage Yards\"}"}]}
RESULT: undefined
COMMAND: POST /session/f67d1ccb760c54e6337a253aaf22b074/element - {"using":"xpath","value":"//*[@id=\"__tile41\"]"}
RESULT: {"using":"xpath","value":"//*[@id=\"__tile41\"]"}
COMMAND: POST /session/f67d1ccb760c54e6337a253aaf22b074/element/f.1FD5299C05E009DC8D82F3579F178006.d.915A980C2DC98A0E3910059BACC50827.e.173/click - {}
RESULT: {}
COMMAND: POST /session/f67d1ccb760c54e6337a253aaf22b074/element - {"using":"xpath","value":"//button[@data-kt=\"addNewYardOverflowToolbarButton\"]"}
COMMAND: GET /session/f67d1ccb760c54e6337a253aaf22b074/screenshot - {}
RESULT: {"using":"xpath","value":"//button[@data-kt=\"addNewYardOverflowToolbarButton\"]"}
COMMAND: POST /session/f67d1ccb760c54e6337a253aaf22b074/elements - {"using":"xpath","value":"//button[@data-kt=\"addNewYardOverflowToolbarButton\"]"}
RESULT: {}
RESULT: {"using":"xpath","value":"//button[@data-kt=\"addNewYardOverflowToolbarButton\"]"}
COMMAND: POST /session/f67d1ccb760c54e6337a253aaf22b074/elements - {"using":"xpath","value":"//button[@data-kt=\"addNewYardOverflowToolbarButton\"]"}
RESULT: {"using":"xpath","value":"//button[@data-kt=\"addNewYardOverflowToolbarButton\"]"}
COMMAND: POST /session/f67d1ccb760c54e6337a253aaf22b074/elements - {"using":"xpath","value":"//button[@data-kt=\"addNewYardOverflowToolbarButton\"]"}
RESULT: {"using":"xpath","value":"//button[@data-kt=\"addNewYardOverflowToolbarButton\"]"}
COMMAND: POST /session/f67d1ccb760c54e6337a253aaf22b074/elements - {"using":"xpath","value":"//button[@data-kt=\"addNewYardOverflowToolbarButton\"]"}
RESULT: {"using":"xpath","value":"//button[@data-kt=\"addNewYardOverflowToolbarButton\"]"}
COMMAND: POST /session/f67d1ccb760c54e6337a253aaf22b074/elements - {"using":"xpath","value":"//button[@data-kt=\"addNewYardOverflowToolbarButton\"]"}
RESULT: {"using":"xpath","value":"//button[@data-kt=\"addNewYardOverflowToolbarButton\"]"}
COMMAND: POST /session/f67d1ccb760c54e6337a253aaf22b074/elements - {"using":"xpath","value":"//button[@data-kt=\"addNewYardOverflowToolbarButton\"]"}
RESULT: {"using":"xpath","value":"//button[@data-kt=\"addNewYardOverflowToolbarButton\"]"}
COMMAND: POST /session/f67d1ccb760c54e6337a253aaf22b074/element - {"using":"xpath","value":"//button[@data-kt=\"addNewYardOverflowToolbarButton\"]"}
RESULT: {"using":"xpath","value":"//button[@data-kt=\"addNewYardOverflowToolbarButton\"]"}
COMMAND: POST /session/f67d1ccb760c54e6337a253aaf22b074/execute/sync - {"script":"<script> [8489 bytes]","args":[{"element-6066-11e4-a52e-4f735466cecf":"f.1FD5299C05E009DC8D82F3579F178006.d.915A980C2DC98A0E3910059BACC50827.e.318","ELEMENT":"f.1FD5299C05E009DC8D82F3579F178006.d.915A980C2DC98A0E3910059BACC50827.e.318"}]}
RESULT: {"script":"<script> [8489 bytes]","args":[{"element-6066-11e4-a52e-4f735466cecf":"f.1FD5299C05E009DC8D82F3579F178006.d.915A980C2DC98A0E3910059BACC50827.e.318","ELEMENT":"f.1FD5299C05E009DC8D82F3579F178006.d.915A980C2DC98A0E3910059BACC50827.e.318"}]}
COMMAND: GET /session/f67d1ccb760c54e6337a253aaf22b074/element/f.1FD5299C05E009DC8D82F3579F178006.d.915A980C2DC98A0E3910059BACC50827.e.318/enabled - {}
COMMAND: GET /session/f67d1ccb760c54e6337a253aaf22b074/screenshot - {}
RESULT: {}
COMMAND: POST /session/f67d1ccb760c54e6337a253aaf22b074/execute/sync - {"script":"<script> [8489 bytes]","args":[{"element-6066-11e4-a52e-4f735466cecf":"f.1FD5299C05E009DC8D82F3579F178006.d.915A980C2DC98A0E3910059BACC50827.e.318","ELEMENT":"f.1FD5299C05E009DC8D82F3579F178006.d.915A980C2DC98A0E3910059BACC50827.e.318"}]}
COMMAND: GET /session/f67d1ccb760c54e6337a253aaf22b074/screenshot - {}
RESULT: {}
RESULT: {"script":"<script> [8489 bytes]","args":[{"element-6066-11e4-a52e-4f735466cecf":"f.1FD5299C05E009DC8D82F3579F178006.d.915A980C2DC98A0E3910059BACC50827.e.318","ELEMENT":"f.1FD5299C05E009DC8D82F3579F178006.d.915A980C2DC98A0E3910059BACC50827.e.318"}]}
COMMAND: POST /session/f67d1ccb760c54e6337a253aaf22b074/execute/sync - {"script":"<script> [5351 bytes]","args":[{"element-6066-11e4-a52e-4f735466cecf":"f.1FD5299C05E009DC8D82F3579F178006.d.915A980C2DC98A0E3910059BACC50827.e.318","ELEMENT":"f.1FD5299C05E009DC8D82F3579F178006.d.915A980C2DC98A0E3910059BACC50827.e.318"}]}
COMMAND: GET /session/f67d1ccb760c54e6337a253aaf22b074/screenshot - {}
RESULT: {}
RESULT: {"script":"<script> [5351 bytes]","args":[{"element-6066-11e4-a52e-4f735466cecf":"f.1FD5299C05E009DC8D82F3579F178006.d.915A980C2DC98A0E3910059BACC50827.e.318","ELEMENT":"f.1FD5299C05E009DC8D82F3579F178006.d.915A980C2DC98A0E3910059BACC50827.e.318"}]}
COMMAND: POST /session/f67d1ccb760c54e6337a253aaf22b074/element/f.1FD5299C05E009DC8D82F3579F178006.d.915A980C2DC98A0E3910059BACC50827.e.318/click - {}
COMMAND: GET /session/f67d1ccb760c54e6337a253aaf22b074/screenshot - {}
RESULT: {}
RESULT: {}
COMMAND: GET /session/f67d1ccb760c54e6337a253aaf22b074/screenshot - {}
RESULT: {}
RESULT: {}
COMMAND: POST /session/f67d1ccb760c54e6337a253aaf22b074/element - {"using":"xpath","value":"//input[@id=\"application-manageyards-display-component---NewYard--yardId-inner\"]"}
RESULT: {"using":"xpath","value":"//input[@id=\"application-manageyards-display-component---NewYard--yardId-inner\"]"}
COMMAND: POST /session/f67d1ccb760c54e6337a253aaf22b074/element - {"using":"xpath","value":"//input[@id=\"application-manageyards-display-component---NewYard--yardId-inner\"]"}
RESULT: {"using":"xpath","value":"//input[@id=\"application-manageyards-display-component---NewYard--yardId-inner\"]"}
COMMAND: POST /session/f67d1ccb760c54e6337a253aaf22b074/execute/async - {"script":"<script> [1562 bytes]","args":[{"selector":{"id":"application-manageyards-display-component---NewYard--addressDetailDetailsName1","interaction":{"idSuffix":"inner"}},"wdio_ui5_key":"applicationmanageyards-display-component---NewYard--addressDetailDetailsName1"}]}
RESULT: {"script":"<script> [1562 bytes]","args":[{"selector":{"id":"application-manageyards-display-component---NewYard--addressDetailDetailsName1","interaction":{"idSuffix":"inner"}},"wdio_ui5_key":"applicationmanageyards-display-component---NewYard--addressDetailDetailsName1"}]}
RESULT: undefined
COMMAND: POST /session/f67d1ccb760c54e6337a253aaf22b074/execute/async - {"script":"<script> [776 bytes]","args":[{"enterText":"Other Yard WDIO","selector":{"id":"application-manageyards-display-component---NewYard--addressDetailDetailsName1","interaction":{"idSuffix":"inner"}},"clearTextFirst":true,"interactionType":"ENTER_TEXT"}]}
RESULT: {"script":"<script> [776 bytes]","args":[{"enterText":"Other Yard WDIO","selector":{"id":"application-manageyards-display-component---NewYard--addressDetailDetailsName1","interaction":{"idSuffix":"inner"}},"clearTextFirst":true,"interactionType":"ENTER_TEXT"}]}
COMMAND: POST /session/f67d1ccb760c54e6337a253aaf22b074/execute/async - {"script":"<script> [1562 bytes]","args":[{"selector":{"id":"application-manageyards-display-component---NewYard--addressDetailDetailsLanguage-arrow"},"wdio_ui5_key":"applicationmanageyards-display-component---NewYard--addressDetailDetailsLanguage-arrow"}]}
RESULT: {"script":"<script> [1562 bytes]","args":[{"selector":{"id":"application-manageyards-display-component---NewYard--addressDetailDetailsLanguage-arrow"},"wdio_ui5_key":"applicationmanageyards-display-component---NewYard--addressDetailDetailsLanguage-arrow"}]}
RESULT: undefined
COMMAND: POST /session/f67d1ccb760c54e6337a253aaf22b074/element - {"using":"xpath","value":"//*[@id=\"application-manageyards-display-component---NewYard--addressDetailDetailsLanguage-arrow\"]"}
RESULT: {"using":"xpath","value":"//*[@id=\"application-manageyards-display-component---NewYard--addressDetailDetailsLanguage-arrow\"]"}
COMMAND: POST /session/f67d1ccb760c54e6337a253aaf22b074/element/f.1FD5299C05E009DC8D82F3579F178006.d.915A980C2DC98A0E3910059BACC50827.e.739/click - {}
RESULT: {}
COMMAND: POST /session/f67d1ccb760c54e6337a253aaf22b074/element - {"using":"xpath","value":"//span[contains(text(), \"English\")]"}
COMMAND: GET /session/f67d1ccb760c54e6337a253aaf22b074/screenshot - {}
RESULT: {"using":"xpath","value":"//span[contains(text(), \"English\")]"}
COMMAND: POST /session/f67d1ccb760c54e6337a253aaf22b074/element/f.1FD5299C05E009DC8D82F3579F178006.d.915A980C2DC98A0E3910059BACC50827.e.740/click - {}
RESULT: {}
RESULT: {}
COMMAND: POST /session/f67d1ccb760c54e6337a253aaf22b074/execute/async - {"script":"<script> [1562 bytes]","args":[{"selector":{"id":"application-manageyards-display-component---NewYard--addressDetailDetailsCity1","interaction":{"idSuffix":"inner"}},"wdio_ui5_key":"applicationmanageyards-display-component---NewYard--addressDetailDetailsCity1"}]}
COMMAND: GET /session/f67d1ccb760c54e6337a253aaf22b074/screenshot - {}
RESULT: {"script":"<script> [1562 bytes]","args":[{"selector":{"id":"application-manageyards-display-component---NewYard--addressDetailDetailsCity1","interaction":{"idSuffix":"inner"}},"wdio_ui5_key":"applicationmanageyards-display-component---NewYard--addressDetailDetailsCity1"}]}
RESULT: undefined
COMMAND: POST /session/f67d1ccb760c54e6337a253aaf22b074/execute/async - {"script":"<script> [776 bytes]","args":[{"enterText":"Rosario","selector":{"id":"application-manageyards-display-component---NewYard--addressDetailDetailsCity1","interaction":{"idSuffix":"inner"}},"clearTextFirst":true,"interactionType":"ENTER_TEXT"}]}
RESULT: {}
RESULT: {"script":"<script> [776 bytes]","args":[{"enterText":"Rosario","selector":{"id":"application-manageyards-display-component---NewYard--addressDetailDetailsCity1","interaction":{"idSuffix":"inner"}},"clearTextFirst":true,"interactionType":"ENTER_TEXT"}]}
COMMAND: POST /session/f67d1ccb760c54e6337a253aaf22b074/execute/async - {"script":"<script> [1562 bytes]","args":[{"selector":{"id":"application-manageyards-display-component---NewYard--addressDetailDetailsCountry-arrow"},"wdio_ui5_key":"applicationmanageyards-display-component---NewYard--addressDetailDetailsCountry-arrow"}]}
RESULT: {"script":"<script> [1562 bytes]","args":[{"selector":{"id":"application-manageyards-display-component---NewYard--addressDetailDetailsCountry-arrow"},"wdio_ui5_key":"applicationmanageyards-display-component---NewYard--addressDetailDetailsCountry-arrow"}]}
RESULT: undefined
COMMAND: POST /session/f67d1ccb760c54e6337a253aaf22b074/element - {"using":"xpath","value":"//*[@id=\"application-manageyards-display-component---NewYard--addressDetailDetailsCountry-arrow\"]"}
RESULT: {"using":"xpath","value":"//*[@id=\"application-manageyards-display-component---NewYard--addressDetailDetailsCountry-arrow\"]"}
COMMAND: POST /session/f67d1ccb760c54e6337a253aaf22b074/element/f.1FD5299C05E009DC8D82F3579F178006.d.915A980C2DC98A0E3910059BACC50827.e.742/click - {}
RESULT: {}
COMMAND: POST /session/f67d1ccb760c54e6337a253aaf22b074/element - {"using":"xpath","value":"//span[contains(text(), \"Argentina\")]"}
COMMAND: GET /session/f67d1ccb760c54e6337a253aaf22b074/screenshot - {}
RESULT: {"using":"xpath","value":"//span[contains(text(), \"Argentina\")]"}
COMMAND: POST /session/f67d1ccb760c54e6337a253aaf22b074/element/f.1FD5299C05E009DC8D82F3579F178006.d.915A980C2DC98A0E3910059BACC50827.e.744/click - {}
RESULT: {}
RESULT: {}
COMMAND: POST /session/f67d1ccb760c54e6337a253aaf22b074/execute/async - {"script":"<script> [1562 bytes]","args":[{"selector":{"id":"application-manageyards-display-component---NewYard--addressEditDetailsCostObjectCstType-arrow"},"wdio_ui5_key":"applicationmanageyards-display-component---NewYard--addressEditDetailsCostObjectCstType-arrow"}]}
COMMAND: GET /session/f67d1ccb760c54e6337a253aaf22b074/screenshot - {}
RESULT: {"script":"<script> [1562 bytes]","args":[{"selector":{"id":"application-manageyards-display-component---NewYard--addressEditDetailsCostObjectCstType-arrow"},"wdio_ui5_key":"applicationmanageyards-display-component---NewYard--addressEditDetailsCostObjectCstType-arrow"}]}
RESULT: undefined
COMMAND: POST /session/f67d1ccb760c54e6337a253aaf22b074/element - {"using":"xpath","value":"//*[@id=\"application-manageyards-display-component---NewYard--addressEditDetailsCostObjectCstType-arrow\"]"}
RESULT: {}
RESULT: {"using":"xpath","value":"//*[@id=\"application-manageyards-display-component---NewYard--addressEditDetailsCostObjectCstType-arrow\"]"}
COMMAND: POST /session/f67d1ccb760c54e6337a253aaf22b074/element/f.1FD5299C05E009DC8D82F3579F178006.d.915A980C2DC98A0E3910059BACC50827.e.745/click - {}
RESULT: {}
COMMAND: POST /session/f67d1ccb760c54e6337a253aaf22b074/element - {"using":"xpath","value":"//span[contains(text(), \"Cost Center\")]"}
COMMAND: GET /session/f67d1ccb760c54e6337a253aaf22b074/screenshot - {}
RESULT: {"using":"xpath","value":"//span[contains(text(), \"Cost Center\")]"}
COMMAND: POST /session/f67d1ccb760c54e6337a253aaf22b074/element/f.1FD5299C05E009DC8D82F3579F178006.d.915A980C2DC98A0E3910059BACC50827.e.746/click - {}
RESULT: {}
RESULT: {}
COMMAND: GET /session/f67d1ccb760c54e6337a253aaf22b074/screenshot - {}
RESULT: {}
COMMAND: POST /session/f67d1ccb760c54e6337a253aaf22b074/element - {"using":"xpath","value":"//span[@id=\"application-manageyards-display-component---NewYard--addressNewCostObjectCstID-vhi\"]"}
RESULT: {"using":"xpath","value":"//span[@id=\"application-manageyards-display-component---NewYard--addressNewCostObjectCstID-vhi\"]"}
COMMAND: POST /session/f67d1ccb760c54e6337a253aaf22b074/execute/sync - {"script":"<script> [8489 bytes]","args":[{"element-6066-11e4-a52e-4f735466cecf":"f.1FD5299C05E009DC8D82F3579F178006.d.915A980C2DC98A0E3910059BACC50827.e.750","ELEMENT":"f.1FD5299C05E009DC8D82F3579F178006.d.915A980C2DC98A0E3910059BACC50827.e.750"}]}
RESULT: {"script":"<script> [8489 bytes]","args":[{"element-6066-11e4-a52e-4f735466cecf":"f.1FD5299C05E009DC8D82F3579F178006.d.915A980C2DC98A0E3910059BACC50827.e.750","ELEMENT":"f.1FD5299C05E009DC8D82F3579F178006.d.915A980C2DC98A0E3910059BACC50827.e.750"}]}
COMMAND: POST /session/f67d1ccb760c54e6337a253aaf22b074/execute/async - {"script":"<script> [1562 bytes]","args":[{"selector":{"id":"application-manageyards-display-component---NewYard--addressNewCostObjectCstID-vhi"},"wdio_ui5_key":"applicationmanageyards-display-component---NewYard--addressNewCostObjectCstID-vhi"}]}
COMMAND: GET /session/f67d1ccb760c54e6337a253aaf22b074/screenshot - {}
RESULT: {"script":"<script> [1562 bytes]","args":[{"selector":{"id":"application-manageyards-display-component---NewYard--addressNewCostObjectCstID-vhi"},"wdio_ui5_key":"applicationmanageyards-display-component---NewYard--addressNewCostObjectCstID-vhi"}]}
RESULT: undefined
COMMAND: POST /session/f67d1ccb760c54e6337a253aaf22b074/element - {"using":"xpath","value":"//*[@id=\"application-manageyards-display-component---NewYard--addressNewCostObjectCstID-vhi\"]"}
RESULT: {}
RESULT: {"using":"xpath","value":"//*[@id=\"application-manageyards-display-component---NewYard--addressNewCostObjectCstID-vhi\"]"}
COMMAND: POST /session/f67d1ccb760c54e6337a253aaf22b074/element/f.1FD5299C05E009DC8D82F3579F178006.d.915A980C2DC98A0E3910059BACC50827.e.750/click - {}
RESULT: {}
COMMAND: GET /session/f67d1ccb760c54e6337a253aaf22b074/screenshot - {}
RESULT: {}
COMMAND: POST /session/f67d1ccb760c54e6337a253aaf22b074/execute/async - {"script":"<script> [1562 bytes]","args":[{"selector":{"controlType":"sap.m.SearchField","properties":{"placeholder":"Search"},"searchOpenDialogs":true,"interaction":{"idSuffix":"I"}},"wdio_ui5_key":"sapm.SearchField{\"placeholder\":\"Search\"}"}]}
RESULT: {"script":"<script> [1562 bytes]","args":[{"selector":{"controlType":"sap.m.SearchField","properties":{"placeholder":"Search"},"searchOpenDialogs":true,"interaction":{"idSuffix":"I"}},"wdio_ui5_key":"sapm.SearchField{\"placeholder\":\"Search\"}"}]}
RESULT: undefined
COMMAND: POST /session/f67d1ccb760c54e6337a253aaf22b074/execute/async - {"script":"<script> [776 bytes]","args":[{"enterText":"10001013","selector":{"controlType":"sap.m.SearchField","properties":{"placeholder":"Search"},"searchOpenDialogs":true,"interaction":{"idSuffix":"I"}},"clearTextFirst":true,"interactionType":"ENTER_TEXT"}]}
RESULT: {"script":"<script> [776 bytes]","args":[{"enterText":"10001013","selector":{"controlType":"sap.m.SearchField","properties":{"placeholder":"Search"},"searchOpenDialogs":true,"interaction":{"idSuffix":"I"}},"clearTextFirst":true,"interactionType":"ENTER_TEXT"}]}
COMMAND: POST /session/f67d1ccb760c54e6337a253aaf22b074/actions - {"actions":[{"id":"action1","type":"key","parameters":{},"actions":[{"type":"keyDown","value":"î€‡"},{"type":"pause","duration":10},{"type":"keyUp","value":"î€‡"}]}]}
RESULT: {"actions":[{"id":"action1","type":"key","parameters":{},"actions":[{"type":"keyDown","value":"î€‡"},{"type":"pause","duration":10},{"type":"keyUp","value":"î€‡"}]}]}
COMMAND: GET /session/f67d1ccb760c54e6337a253aaf22b074/screenshot - {}
RESULT: {}
COMMAND: POST /session/f67d1ccb760c54e6337a253aaf22b074/element - {"using":"xpath","value":"//span[contains(text(), \"General Management\")]"}
RESULT: {"using":"xpath","value":"//span[contains(text(), \"General Management\")]"}
COMMAND: POST /session/f67d1ccb760c54e6337a253aaf22b074/element/f.1FD5299C05E009DC8D82F3579F178006.d.915A980C2DC98A0E3910059BACC50827.e.790/click - {}
RESULT: {}
COMMAND: GET /session/f67d1ccb760c54e6337a253aaf22b074/screenshot - {}
RESULT: {}
COMMAND: POST /session/f67d1ccb760c54e6337a253aaf22b074/element - {"using":"xpath","value":"//bdi[contains(text(), \"OK\")]"}
RESULT: {"using":"xpath","value":"//bdi[contains(text(), \"OK\")]"}
COMMAND: POST /session/f67d1ccb760c54e6337a253aaf22b074/element/f.1FD5299C05E009DC8D82F3579F178006.d.915A980C2DC98A0E3910059BACC50827.e.791/click - {}
RESULT: {}
COMMAND: GET /session/f67d1ccb760c54e6337a253aaf22b074/screenshot - {}
RESULT: {}
COMMAND: POST /session/f67d1ccb760c54e6337a253aaf22b074/execute/async - {"script":"<script> [1562 bytes]","args":[{"selector":{"id":"application-manageyards-display-component---NewYard--addressEditDetailsCurrency-arrow"},"wdio_ui5_key":"applicationmanageyards-display-component---NewYard--addressEditDetailsCurrency-arrow"}]}
RESULT: {"script":"<script> [1562 bytes]","args":[{"selector":{"id":"application-manageyards-display-component---NewYard--addressEditDetailsCurrency-arrow"},"wdio_ui5_key":"applicationmanageyards-display-component---NewYard--addressEditDetailsCurrency-arrow"}]}
RESULT: undefined
COMMAND: POST /session/f67d1ccb760c54e6337a253aaf22b074/element - {"using":"xpath","value":"//*[@id=\"application-manageyards-display-component---NewYard--addressEditDetailsCurrency-arrow\"]"}
RESULT: {"using":"xpath","value":"//*[@id=\"application-manageyards-display-component---NewYard--addressEditDetailsCurrency-arrow\"]"}
COMMAND: POST /session/f67d1ccb760c54e6337a253aaf22b074/element/f.1FD5299C05E009DC8D82F3579F178006.d.915A980C2DC98A0E3910059BACC50827.e.794/click - {}
RESULT: {}
COMMAND: POST /session/f67d1ccb760c54e6337a253aaf22b074/element - {"using":"xpath","value":"//span[contains(text(), \"Euro\")]"}
COMMAND: GET /session/f67d1ccb760c54e6337a253aaf22b074/screenshot - {}
RESULT: {"using":"xpath","value":"//span[contains(text(), \"Euro\")]"}
COMMAND: POST /session/f67d1ccb760c54e6337a253aaf22b074/element/f.1FD5299C05E009DC8D82F3579F178006.d.915A980C2DC98A0E3910059BACC50827.e.795/click - {}
RESULT: {}
RESULT: {}
COMMAND: POST /session/f67d1ccb760c54e6337a253aaf22b074/execute/async - {"script":"<script> [1562 bytes]","args":[{"selector":{"controlType":"sap.m.Input","viewName":"etm.portal.ui.manageyards.view.New","viewId":"application-manageyards-display-component---NewYard","bindingPath":{"path":"","propertyPath":"/CONTROLLING_AREA","modelName":"NewYardModel"},"interaction":{"idSuffix":"inner"}},"wdio_ui5_key":"etmportal.ui.manageyards.view.Newsap.m.Input{\"path\":\"\",\"propertyPath\":\"/CONTROLLING_AREA\",\"modelName\":\"NewYardModel\"}"}]}
COMMAND: GET /session/f67d1ccb760c54e6337a253aaf22b074/screenshot - {}
RESULT: {"script":"<script> [1562 bytes]","args":[{"selector":{"controlType":"sap.m.Input","viewName":"etm.portal.ui.manageyards.view.New","viewId":"application-manageyards-display-component---NewYard","bindingPath":{"path":"","propertyPath":"/CONTROLLING_AREA","modelName":"NewYardModel"},"interaction":{"idSuffix":"inner"}},"wdio_ui5_key":"etmportal.ui.manageyards.view.Newsap.m.Input{\"path\":\"\",\"propertyPath\":\"/CONTROLLING_AREA\",\"modelName\":\"NewYardModel\"}"}]}
RESULT: undefined
COMMAND: POST /session/f67d1ccb760c54e6337a253aaf22b074/execute/async - {"script":"<script> [776 bytes]","args":[{"enterText":"Z001","selector":{"controlType":"sap.m.Input","viewName":"etm.portal.ui.manageyards.view.New","viewId":"application-manageyards-display-component---NewYard","bindingPath":{"path":"","propertyPath":"/CONTROLLING_AREA","modelName":"NewYardModel"},"interaction":{"idSuffix":"inner"}},"clearTextFirst":true,"interactionType":"ENTER_TEXT"}]}
RESULT: {}
RESULT: {"script":"<script> [776 bytes]","args":[{"enterText":"Z001","selector":{"controlType":"sap.m.Input","viewName":"etm.portal.ui.manageyards.view.New","viewId":"application-manageyards-display-component---NewYard","bindingPath":{"path":"","propertyPath":"/CONTROLLING_AREA","modelName":"NewYardModel"},"interaction":{"idSuffix":"inner"}},"clearTextFirst":true,"interactionType":"ENTER_TEXT"}]}
COMMAND: POST /session/f67d1ccb760c54e6337a253aaf22b074/execute/async - {"script":"<script> [1562 bytes]","args":[{"selector":{"id":"application-manageyards-display-component---NewYard--companyCodeComboBox","interaction":{"idSuffix":"inner"}},"wdio_ui5_key":"applicationmanageyards-display-component---NewYard--companyCodeComboBox"}]}
RESULT: {"script":"<script> [1562 bytes]","args":[{"selector":{"id":"application-manageyards-display-component---NewYard--companyCodeComboBox","interaction":{"idSuffix":"inner"}},"wdio_ui5_key":"applicationmanageyards-display-component---NewYard--companyCodeComboBox"}]}
RESULT: undefined
COMMAND: POST /session/f67d1ccb760c54e6337a253aaf22b074/execute/async - {"script":"<script> [776 bytes]","args":[{"enterText":"1000","selector":{"id":"application-manageyards-display-component---NewYard--companyCodeComboBox","interaction":{"idSuffix":"inner"}},"clearTextFirst":true,"interactionType":"ENTER_TEXT"}]}
RESULT: {"script":"<script> [776 bytes]","args":[{"enterText":"1000","selector":{"id":"application-manageyards-display-component---NewYard--companyCodeComboBox","interaction":{"idSuffix":"inner"}},"clearTextFirst":true,"interactionType":"ENTER_TEXT"}]}
COMMAND: POST /session/f67d1ccb760c54e6337a253aaf22b074/execute/async - {"script":"<script> [1562 bytes]","args":[{"selector":{"controlType":"sap.m.Input","viewName":"etm.portal.ui.manageyards.view.New","viewId":"application-manageyards-display-component---NewYard","bindingPath":{"path":"","propertyPath":"/PLANT","modelName":"NewYardModel"},"interaction":{"idSuffix":"inner"}},"wdio_ui5_key":"etmportal.ui.manageyards.view.Newsap.m.Input{\"path\":\"\",\"propertyPath\":\"/PLANT\",\"modelName\":\"NewYardModel\"}"}]}
RESULT: {"script":"<script> [1562 bytes]","args":[{"selector":{"controlType":"sap.m.Input","viewName":"etm.portal.ui.manageyards.view.New","viewId":"application-manageyards-display-component---NewYard","bindingPath":{"path":"","propertyPath":"/PLANT","modelName":"NewYardModel"},"interaction":{"idSuffix":"inner"}},"wdio_ui5_key":"etmportal.ui.manageyards.view.Newsap.m.Input{\"path\":\"\",\"propertyPath\":\"/PLANT\",\"modelName\":\"NewYardModel\"}"}]}
RESULT: undefined
COMMAND: POST /session/f67d1ccb760c54e6337a253aaf22b074/execute/async - {"script":"<script> [776 bytes]","args":[{"enterText":"1001","selector":{"controlType":"sap.m.Input","viewName":"etm.portal.ui.manageyards.view.New","viewId":"application-manageyards-display-component---NewYard","bindingPath":{"path":"","propertyPath":"/PLANT","modelName":"NewYardModel"},"interaction":{"idSuffix":"inner"}},"clearTextFirst":true,"interactionType":"ENTER_TEXT"}]}
RESULT: {"script":"<script> [776 bytes]","args":[{"enterText":"1001","selector":{"controlType":"sap.m.Input","viewName":"etm.portal.ui.manageyards.view.New","viewId":"application-manageyards-display-component---NewYard","bindingPath":{"path":"","propertyPath":"/PLANT","modelName":"NewYardModel"},"interaction":{"idSuffix":"inner"}},"clearTextFirst":true,"interactionType":"ENTER_TEXT"}]}
COMMAND: POST /session/f67d1ccb760c54e6337a253aaf22b074/execute/async - {"script":"<script> [1562 bytes]","args":[{"selector":{"controlType":"sap.m.Input","viewName":"etm.portal.ui.manageyards.view.New","viewId":"application-manageyards-display-component---NewYard","bindingPath":{"path":"","propertyPath":"/SALES_AREA_VKORG","modelName":"NewYardModel"},"interaction":{"idSuffix":"inner"}},"wdio_ui5_key":"etmportal.ui.manageyards.view.Newsap.m.Input{\"path\":\"\",\"propertyPath\":\"/SALES_AREA_VKORG\",\"modelName\":\"NewYardModel\"}"}]}
RESULT: {"script":"<script> [1562 bytes]","args":[{"selector":{"controlType":"sap.m.Input","viewName":"etm.portal.ui.manageyards.view.New","viewId":"application-manageyards-display-component---NewYard","bindingPath":{"path":"","propertyPath":"/SALES_AREA_VKORG","modelName":"NewYardModel"},"interaction":{"idSuffix":"inner"}},"wdio_ui5_key":"etmportal.ui.manageyards.view.Newsap.m.Input{\"path\":\"\",\"propertyPath\":\"/SALES_AREA_VKORG\",\"modelName\":\"NewYardModel\"}"}]}
RESULT: undefined
COMMAND: POST /session/f67d1ccb760c54e6337a253aaf22b074/execute/async - {"script":"<script> [776 bytes]","args":[{"enterText":"C002","selector":{"controlType":"sap.m.Input","viewName":"etm.portal.ui.manageyards.view.New","viewId":"application-manageyards-display-component---NewYard","bindingPath":{"path":"","propertyPath":"/SALES_AREA_VKORG","modelName":"NewYardModel"},"interaction":{"idSuffix":"inner"}},"clearTextFirst":true,"interactionType":"ENTER_TEXT"}]}
RESULT: {"script":"<script> [776 bytes]","args":[{"enterText":"C002","selector":{"controlType":"sap.m.Input","viewName":"etm.portal.ui.manageyards.view.New","viewId":"application-manageyards-display-component---NewYard","bindingPath":{"path":"","propertyPath":"/SALES_AREA_VKORG","modelName":"NewYardModel"},"interaction":{"idSuffix":"inner"}},"clearTextFirst":true,"interactionType":"ENTER_TEXT"}]}
COMMAND: POST /session/f67d1ccb760c54e6337a253aaf22b074/execute/async - {"script":"<script> [1562 bytes]","args":[{"selector":{"controlType":"sap.m.Input","viewName":"etm.portal.ui.manageyards.view.New","viewId":"application-manageyards-display-component---NewYard","bindingPath":{"path":"","propertyPath":"/SALES_AREA_VTWEG","modelName":"NewYardModel"},"interaction":{"idSuffix":"inner"}},"wdio_ui5_key":"etmportal.ui.manageyards.view.Newsap.m.Input{\"path\":\"\",\"propertyPath\":\"/SALES_AREA_VTWEG\",\"modelName\":\"NewYardModel\"}"}]}
RESULT: {"script":"<script> [1562 bytes]","args":[{"selector":{"controlType":"sap.m.Input","viewName":"etm.portal.ui.manageyards.view.New","viewId":"application-manageyards-display-component---NewYard","bindingPath":{"path":"","propertyPath":"/SALES_AREA_VTWEG","modelName":"NewYardModel"},"interaction":{"idSuffix":"inner"}},"wdio_ui5_key":"etmportal.ui.manageyards.view.Newsap.m.Input{\"path\":\"\",\"propertyPath\":\"/SALES_AREA_VTWEG\",\"modelName\":\"NewYardModel\"}"}]}
RESULT: undefined
COMMAND: POST /session/f67d1ccb760c54e6337a253aaf22b074/execute/async - {"script":"<script> [776 bytes]","args":[{"enterText":"C2","selector":{"controlType":"sap.m.Input","viewName":"etm.portal.ui.manageyards.view.New","viewId":"application-manageyards-display-component---NewYard","bindingPath":{"path":"","propertyPath":"/SALES_AREA_VTWEG","modelName":"NewYardModel"},"interaction":{"idSuffix":"inner"}},"clearTextFirst":true,"interactionType":"ENTER_TEXT"}]}
RESULT: {"script":"<script> [776 bytes]","args":[{"enterText":"C2","selector":{"controlType":"sap.m.Input","viewName":"etm.portal.ui.manageyards.view.New","viewId":"application-manageyards-display-component---NewYard","bindingPath":{"path":"","propertyPath":"/SALES_AREA_VTWEG","modelName":"NewYardModel"},"interaction":{"idSuffix":"inner"}},"clearTextFirst":true,"interactionType":"ENTER_TEXT"}]}
COMMAND: POST /session/f67d1ccb760c54e6337a253aaf22b074/execute/async - {"script":"<script> [1562 bytes]","args":[{"selector":{"controlType":"sap.m.Input","viewName":"etm.portal.ui.manageyards.view.New","viewId":"application-manageyards-display-component---NewYard","bindingPath":{"path":"","propertyPath":"/SALES_AREA_SPART","modelName":"NewYardModel"},"interaction":{"idSuffix":"inner"}},"wdio_ui5_key":"etmportal.ui.manageyards.view.Newsap.m.Input{\"path\":\"\",\"propertyPath\":\"/SALES_AREA_SPART\",\"modelName\":\"NewYardModel\"}"}]}
RESULT: {"script":"<script> [1562 bytes]","args":[{"selector":{"controlType":"sap.m.Input","viewName":"etm.portal.ui.manageyards.view.New","viewId":"application-manageyards-display-component---NewYard","bindingPath":{"path":"","propertyPath":"/SALES_AREA_SPART","modelName":"NewYardModel"},"interaction":{"idSuffix":"inner"}},"wdio_ui5_key":"etmportal.ui.manageyards.view.Newsap.m.Input{\"path\":\"\",\"propertyPath\":\"/SALES_AREA_SPART\",\"modelName\":\"NewYardModel\"}"}]}
RESULT: undefined
COMMAND: POST /session/f67d1ccb760c54e6337a253aaf22b074/execute/async - {"script":"<script> [776 bytes]","args":[{"enterText":"C2","selector":{"controlType":"sap.m.Input","viewName":"etm.portal.ui.manageyards.view.New","viewId":"application-manageyards-display-component---NewYard","bindingPath":{"path":"","propertyPath":"/SALES_AREA_SPART","modelName":"NewYardModel"},"interaction":{"idSuffix":"inner"}},"clearTextFirst":true,"interactionType":"ENTER_TEXT"}]}
RESULT: {"script":"<script> [776 bytes]","args":[{"enterText":"C2","selector":{"controlType":"sap.m.Input","viewName":"etm.portal.ui.manageyards.view.New","viewId":"application-manageyards-display-component---NewYard","bindingPath":{"path":"","propertyPath":"/SALES_AREA_SPART","modelName":"NewYardModel"},"interaction":{"idSuffix":"inner"}},"clearTextFirst":true,"interactionType":"ENTER_TEXT"}]}
COMMAND: POST /session/f67d1ccb760c54e6337a253aaf22b074/execute/async - {"script":"<script> [1562 bytes]","args":[{"selector":{"controlType":"sap.m.Input","viewName":"etm.portal.ui.manageyards.view.New","viewId":"application-manageyards-display-component---NewYard","bindingPath":{"path":"","propertyPath":"/SHIP_POINT","modelName":"NewYardModel"},"interaction":{"idSuffix":"inner"}},"wdio_ui5_key":"etmportal.ui.manageyards.view.Newsap.m.Input{\"path\":\"\",\"propertyPath\":\"/SHIP_POINT\",\"modelName\":\"NewYardModel\"}"}]}
RESULT: {"script":"<script> [1562 bytes]","args":[{"selector":{"controlType":"sap.m.Input","viewName":"etm.portal.ui.manageyards.view.New","viewId":"application-manageyards-display-component---NewYard","bindingPath":{"path":"","propertyPath":"/SHIP_POINT","modelName":"NewYardModel"},"interaction":{"idSuffix":"inner"}},"wdio_ui5_key":"etmportal.ui.manageyards.view.Newsap.m.Input{\"path\":\"\",\"propertyPath\":\"/SHIP_POINT\",\"modelName\":\"NewYardModel\"}"}]}
RESULT: undefined
COMMAND: POST /session/f67d1ccb760c54e6337a253aaf22b074/execute/async - {"script":"<script> [776 bytes]","args":[{"enterText":"1710","selector":{"controlType":"sap.m.Input","viewName":"etm.portal.ui.manageyards.view.New","viewId":"application-manageyards-display-component---NewYard","bindingPath":{"path":"","propertyPath":"/SHIP_POINT","modelName":"NewYardModel"},"interaction":{"idSuffix":"inner"}},"clearTextFirst":true,"interactionType":"ENTER_TEXT"}]}
RESULT: {"script":"<script> [776 bytes]","args":[{"enterText":"1710","selector":{"controlType":"sap.m.Input","viewName":"etm.portal.ui.manageyards.view.New","viewId":"application-manageyards-display-component---NewYard","bindingPath":{"path":"","propertyPath":"/SHIP_POINT","modelName":"NewYardModel"},"interaction":{"idSuffix":"inner"}},"clearTextFirst":true,"interactionType":"ENTER_TEXT"}]}
COMMAND: POST /session/f67d1ccb760c54e6337a253aaf22b074/execute/async - {"script":"<script> [1562 bytes]","args":[{"selector":{"controlType":"sap.m.Input","viewName":"etm.portal.ui.manageyards.view.New","viewId":"application-manageyards-display-component---NewYard","bindingPath":{"path":"","propertyPath":"/DELIVERY_TYPE","modelName":"NewYardModel"},"interaction":{"idSuffix":"inner"}},"wdio_ui5_key":"etmportal.ui.manageyards.view.Newsap.m.Input{\"path\":\"\",\"propertyPath\":\"/DELIVERY_TYPE\",\"modelName\":\"NewYardModel\"}"}]}
RESULT: {"script":"<script> [1562 bytes]","args":[{"selector":{"controlType":"sap.m.Input","viewName":"etm.portal.ui.manageyards.view.New","viewId":"application-manageyards-display-component---NewYard","bindingPath":{"path":"","propertyPath":"/DELIVERY_TYPE","modelName":"NewYardModel"},"interaction":{"idSuffix":"inner"}},"wdio_ui5_key":"etmportal.ui.manageyards.view.Newsap.m.Input{\"path\":\"\",\"propertyPath\":\"/DELIVERY_TYPE\",\"modelName\":\"NewYardModel\"}"}]}
RESULT: undefined
COMMAND: POST /session/f67d1ccb760c54e6337a253aaf22b074/execute/async - {"script":"<script> [776 bytes]","args":[{"enterText":"ZL01","selector":{"controlType":"sap.m.Input","viewName":"etm.portal.ui.manageyards.view.New","viewId":"application-manageyards-display-component---NewYard","bindingPath":{"path":"","propertyPath":"/DELIVERY_TYPE","modelName":"NewYardModel"},"interaction":{"idSuffix":"inner"}},"clearTextFirst":true,"interactionType":"ENTER_TEXT"}]}
RESULT: {"script":"<script> [776 bytes]","args":[{"enterText":"ZL01","selector":{"controlType":"sap.m.Input","viewName":"etm.portal.ui.manageyards.view.New","viewId":"application-manageyards-display-component---NewYard","bindingPath":{"path":"","propertyPath":"/DELIVERY_TYPE","modelName":"NewYardModel"},"interaction":{"idSuffix":"inner"}},"clearTextFirst":true,"interactionType":"ENTER_TEXT"}]}
COMMAND: POST /session/f67d1ccb760c54e6337a253aaf22b074/execute/async - {"script":"<script> [1562 bytes]","args":[{"selector":{"controlType":"sap.m.Input","viewName":"etm.portal.ui.manageyards.view.New","viewId":"application-manageyards-display-component---NewYard","bindingPath":{"path":"","propertyPath":"/AUART","modelName":"NewYardModel"},"interaction":{"idSuffix":"inner"}},"wdio_ui5_key":"etmportal.ui.manageyards.view.Newsap.m.Input{\"path\":\"\",\"propertyPath\":\"/AUART\",\"modelName\":\"NewYardModel\"}"}]}
RESULT: {"script":"<script> [1562 bytes]","args":[{"selector":{"controlType":"sap.m.Input","viewName":"etm.portal.ui.manageyards.view.New","viewId":"application-manageyards-display-component---NewYard","bindingPath":{"path":"","propertyPath":"/AUART","modelName":"NewYardModel"},"interaction":{"idSuffix":"inner"}},"wdio_ui5_key":"etmportal.ui.manageyards.view.Newsap.m.Input{\"path\":\"\",\"propertyPath\":\"/AUART\",\"modelName\":\"NewYardModel\"}"}]}
RESULT: undefined
COMMAND: POST /session/f67d1ccb760c54e6337a253aaf22b074/execute/async - {"script":"<script> [776 bytes]","args":[{"enterText":"TA","selector":{"controlType":"sap.m.Input","viewName":"etm.portal.ui.manageyards.view.New","viewId":"application-manageyards-display-component---NewYard","bindingPath":{"path":"","propertyPath":"/AUART","modelName":"NewYardModel"},"interaction":{"idSuffix":"inner"}},"clearTextFirst":true,"interactionType":"ENTER_TEXT"}]}
RESULT: {"script":"<script> [776 bytes]","args":[{"enterText":"TA","selector":{"controlType":"sap.m.Input","viewName":"etm.portal.ui.manageyards.view.New","viewId":"application-manageyards-display-component---NewYard","bindingPath":{"path":"","propertyPath":"/AUART","modelName":"NewYardModel"},"interaction":{"idSuffix":"inner"}},"clearTextFirst":true,"interactionType":"ENTER_TEXT"}]}
COMMAND: POST /session/f67d1ccb760c54e6337a253aaf22b074/element - {"using":"xpath","value":"//button[@data-kt=\"newYardSaveButton\"]"}
RESULT: {"using":"xpath","value":"//button[@data-kt=\"newYardSaveButton\"]"}
COMMAND: POST /session/f67d1ccb760c54e6337a253aaf22b074/element/f.1FD5299C05E009DC8D82F3579F178006.d.915A980C2DC98A0E3910059BACC50827.e.722/click - {}
RESULT: {}
COMMAND: GET /session/f67d1ccb760c54e6337a253aaf22b074/screenshot - {}
RESULT: {}
COMMAND: POST /session/f67d1ccb760c54e6337a253aaf22b074/element - {"using":"xpath","value":"//header[contains(@id, 'ObjectPageLayout-headerTitle')]/div[1]/div[2]/div[1]/span[1]"}
RESULT: {"using":"xpath","value":"//header[contains(@id, 'ObjectPageLayout-headerTitle')]/div[1]/div[2]/div[1]/span[1]"}
COMMAND: POST /session/f67d1ccb760c54e6337a253aaf22b074/elements - {"using":"xpath","value":"//header[contains(@id, 'ObjectPageLayout-headerTitle')]/div[1]/div[2]/div[1]/span[1]"}
RESULT: {"using":"xpath","value":"//header[contains(@id, 'ObjectPageLayout-headerTitle')]/div[1]/div[2]/div[1]/span[1]"}
COMMAND: POST /session/f67d1ccb760c54e6337a253aaf22b074/execute/sync - {"script":"<script> [56 bytes]","args":[{"element-6066-11e4-a52e-4f735466cecf":"f.1FD5299C05E009DC8D82F3579F178006.d.915A980C2DC98A0E3910059BACC50827.e.1017","ELEMENT":"f.1FD5299C05E009DC8D82F3579F178006.d.915A980C2DC98A0E3910059BACC50827.e.1017"}]}
RESULT: {"script":"<script> [56 bytes]","args":[{"element-6066-11e4-a52e-4f735466cecf":"f.1FD5299C05E009DC8D82F3579F178006.d.915A980C2DC98A0E3910059BACC50827.e.1017","ELEMENT":"f.1FD5299C05E009DC8D82F3579F178006.d.915A980C2DC98A0E3910059BACC50827.e.1017"}]}
COMMAND: GET /session/f67d1ccb760c54e6337a253aaf22b074/screenshot - {}
COMMAND: POST /session/f67d1ccb760c54e6337a253aaf22b074/execute/sync - {"script":"<script> [56 bytes]","args":[{"element-6066-11e4-a52e-4f735466cecf":"f.1FD5299C05E009DC8D82F3579F178006.d.915A980C2DC98A0E3910059BACC50827.e.1017","ELEMENT":"f.1FD5299C05E009DC8D82F3579F178006.d.915A980C2DC98A0E3910059BACC50827.e.1017"}]}
RESULT: {}
RESULT: {"script":"<script> [56 bytes]","args":[{"element-6066-11e4-a52e-4f735466cecf":"f.1FD5299C05E009DC8D82F3579F178006.d.915A980C2DC98A0E3910059BACC50827.e.1017","ELEMENT":"f.1FD5299C05E009DC8D82F3579F178006.d.915A980C2DC98A0E3910059BACC50827.e.1017"}]}
COMMAND: GET /session/f67d1ccb760c54e6337a253aaf22b074/screenshot - {}
RESULT: {}
COMMAND: POST /session/f67d1ccb760c54e6337a253aaf22b074/element - {"using":"css selector","value":"#shell-header-logo"}
RESULT: {"using":"css selector","value":"#shell-header-logo"}
COMMAND: POST /session/f67d1ccb760c54e6337a253aaf22b074/element/f.1FD5299C05E009DC8D82F3579F178006.d.915A980C2DC98A0E3910059BACC50827.e.277/click - {}
RESULT: {}
COMMAND: GET /session/f67d1ccb760c54e6337a253aaf22b074/screenshot - {}
RESULT: {}
COMMAND: POST /session/f67d1ccb760c54e6337a253aaf22b074/execute/sync - {"script":"<script> [299 bytes]","args":[["getModel","getResource"]]}
RESULT: {"script":"<script> [299 bytes]","args":[["getModel","getResource"]]}
]]></system-out>
    </testcase>
    <testcase classname="chrome.135_0_7049_96.windows.Tests_for_Mass_State_Change_on_Manage_States_&amp;_Performances_US104416_US" name="Prereq Should create a new partner" time="118.22">
      <system-out><![CDATA[
COMMAND: POST /session/f67d1ccb760c54e6337a253aaf22b074/window/fullscreen - {}
COMMAND: GET /session/f67d1ccb760c54e6337a253aaf22b074/screenshot - {}
RESULT: {}
COMMAND: POST /session/f67d1ccb760c54e6337a253aaf22b074/execute/async - {"script":"<script> [1562 bytes]","args":[{"selector":{"controlType":"sap.m.GenericTile","properties":{"header":"Manage Partners"}},"wdio_ui5_key":"sapm.GenericTile{\"header\":\"Manage Partners\"}"}]}
RESULT: {}
RESULT: {"script":"<script> [1562 bytes]","args":[{"selector":{"controlType":"sap.m.GenericTile","properties":{"header":"Manage Partners"}},"wdio_ui5_key":"sapm.GenericTile{\"header\":\"Manage Partners\"}"}]}
RESULT: undefined
COMMAND: POST /session/f67d1ccb760c54e6337a253aaf22b074/element - {"using":"xpath","value":"//*[@id=\"__tile38\"]"}
RESULT: {"using":"xpath","value":"//*[@id=\"__tile38\"]"}
COMMAND: POST /session/f67d1ccb760c54e6337a253aaf22b074/element/f.1FD5299C05E009DC8D82F3579F178006.d.915A980C2DC98A0E3910059BACC50827.e.164/click - {}
RESULT: {}
COMMAND: POST /session/f67d1ccb760c54e6337a253aaf22b074/element - {"using":"xpath","value":"//button[@data-kt=\"addButton\"]"}
COMMAND: GET /session/f67d1ccb760c54e6337a253aaf22b074/screenshot - {}
RESULT: {"using":"xpath","value":"//button[@data-kt=\"addButton\"]"}
COMMAND: POST /session/f67d1ccb760c54e6337a253aaf22b074/elements - {"using":"xpath","value":"//button[@data-kt=\"addButton\"]"}
RESULT: {}
RESULT: {"using":"xpath","value":"//button[@data-kt=\"addButton\"]"}
COMMAND: POST /session/f67d1ccb760c54e6337a253aaf22b074/elements - {"using":"xpath","value":"//button[@data-kt=\"addButton\"]"}
RESULT: {"using":"xpath","value":"//button[@data-kt=\"addButton\"]"}
COMMAND: POST /session/f67d1ccb760c54e6337a253aaf22b074/elements - {"using":"xpath","value":"//button[@data-kt=\"addButton\"]"}
RESULT: {"using":"xpath","value":"//button[@data-kt=\"addButton\"]"}
COMMAND: POST /session/f67d1ccb760c54e6337a253aaf22b074/elements - {"using":"xpath","value":"//button[@data-kt=\"addButton\"]"}
RESULT: {"using":"xpath","value":"//button[@data-kt=\"addButton\"]"}
COMMAND: POST /session/f67d1ccb760c54e6337a253aaf22b074/elements - {"using":"xpath","value":"//button[@data-kt=\"addButton\"]"}
RESULT: {"using":"xpath","value":"//button[@data-kt=\"addButton\"]"}
COMMAND: POST /session/f67d1ccb760c54e6337a253aaf22b074/elements - {"using":"xpath","value":"//button[@data-kt=\"addButton\"]"}
RESULT: {"using":"xpath","value":"//button[@data-kt=\"addButton\"]"}
COMMAND: POST /session/f67d1ccb760c54e6337a253aaf22b074/elements - {"using":"xpath","value":"//button[@data-kt=\"addButton\"]"}
RESULT: {"using":"xpath","value":"//button[@data-kt=\"addButton\"]"}
COMMAND: POST /session/f67d1ccb760c54e6337a253aaf22b074/elements - {"using":"xpath","value":"//button[@data-kt=\"addButton\"]"}
RESULT: {"using":"xpath","value":"//button[@data-kt=\"addButton\"]"}
COMMAND: POST /session/f67d1ccb760c54e6337a253aaf22b074/elements - {"using":"xpath","value":"//button[@data-kt=\"addButton\"]"}
RESULT: {"using":"xpath","value":"//button[@data-kt=\"addButton\"]"}
COMMAND: POST /session/f67d1ccb760c54e6337a253aaf22b074/elements - {"using":"xpath","value":"//button[@data-kt=\"addButton\"]"}
RESULT: {"using":"xpath","value":"//button[@data-kt=\"addButton\"]"}
COMMAND: POST /session/f67d1ccb760c54e6337a253aaf22b074/elements - {"using":"xpath","value":"//button[@data-kt=\"addButton\"]"}
RESULT: {"using":"xpath","value":"//button[@data-kt=\"addButton\"]"}
COMMAND: POST /session/f67d1ccb760c54e6337a253aaf22b074/elements - {"using":"xpath","value":"//button[@data-kt=\"addButton\"]"}
RESULT: {"using":"xpath","value":"//button[@data-kt=\"addButton\"]"}
COMMAND: POST /session/f67d1ccb760c54e6337a253aaf22b074/elements - {"using":"xpath","value":"//button[@data-kt=\"addButton\"]"}
RESULT: {"using":"xpath","value":"//button[@data-kt=\"addButton\"]"}
COMMAND: POST /session/f67d1ccb760c54e6337a253aaf22b074/elements - {"using":"xpath","value":"//button[@data-kt=\"addButton\"]"}
RESULT: {"using":"xpath","value":"//button[@data-kt=\"addButton\"]"}
COMMAND: POST /session/f67d1ccb760c54e6337a253aaf22b074/elements - {"using":"xpath","value":"//button[@data-kt=\"addButton\"]"}
RESULT: {"using":"xpath","value":"//button[@data-kt=\"addButton\"]"}
COMMAND: POST /session/f67d1ccb760c54e6337a253aaf22b074/elements - {"using":"xpath","value":"//button[@data-kt=\"addButton\"]"}
RESULT: {"using":"xpath","value":"//button[@data-kt=\"addButton\"]"}
COMMAND: POST /session/f67d1ccb760c54e6337a253aaf22b074/elements - {"using":"xpath","value":"//button[@data-kt=\"addButton\"]"}
RESULT: {"using":"xpath","value":"//button[@data-kt=\"addButton\"]"}
COMMAND: POST /session/f67d1ccb760c54e6337a253aaf22b074/element - {"using":"xpath","value":"//button[@data-kt=\"addButton\"]"}
RESULT: {"using":"xpath","value":"//button[@data-kt=\"addButton\"]"}
COMMAND: POST /session/f67d1ccb760c54e6337a253aaf22b074/execute/sync - {"script":"<script> [8489 bytes]","args":[{"element-6066-11e4-a52e-4f735466cecf":"f.1FD5299C05E009DC8D82F3579F178006.d.915A980C2DC98A0E3910059BACC50827.e.1059","ELEMENT":"f.1FD5299C05E009DC8D82F3579F178006.d.915A980C2DC98A0E3910059BACC50827.e.1059"}]}
RESULT: {"script":"<script> [8489 bytes]","args":[{"element-6066-11e4-a52e-4f735466cecf":"f.1FD5299C05E009DC8D82F3579F178006.d.915A980C2DC98A0E3910059BACC50827.e.1059","ELEMENT":"f.1FD5299C05E009DC8D82F3579F178006.d.915A980C2DC98A0E3910059BACC50827.e.1059"}]}
COMMAND: GET /session/f67d1ccb760c54e6337a253aaf22b074/element/f.1FD5299C05E009DC8D82F3579F178006.d.915A980C2DC98A0E3910059BACC50827.e.1059/enabled - {}
COMMAND: GET /session/f67d1ccb760c54e6337a253aaf22b074/screenshot - {}
RESULT: {}
COMMAND: POST /session/f67d1ccb760c54e6337a253aaf22b074/execute/sync - {"script":"<script> [8489 bytes]","args":[{"element-6066-11e4-a52e-4f735466cecf":"f.1FD5299C05E009DC8D82F3579F178006.d.915A980C2DC98A0E3910059BACC50827.e.1059","ELEMENT":"f.1FD5299C05E009DC8D82F3579F178006.d.915A980C2DC98A0E3910059BACC50827.e.1059"}]}
COMMAND: GET /session/f67d1ccb760c54e6337a253aaf22b074/screenshot - {}
RESULT: {}
RESULT: {"script":"<script> [8489 bytes]","args":[{"element-6066-11e4-a52e-4f735466cecf":"f.1FD5299C05E009DC8D82F3579F178006.d.915A980C2DC98A0E3910059BACC50827.e.1059","ELEMENT":"f.1FD5299C05E009DC8D82F3579F178006.d.915A980C2DC98A0E3910059BACC50827.e.1059"}]}
COMMAND: POST /session/f67d1ccb760c54e6337a253aaf22b074/execute/sync - {"script":"<script> [5351 bytes]","args":[{"element-6066-11e4-a52e-4f735466cecf":"f.1FD5299C05E009DC8D82F3579F178006.d.915A980C2DC98A0E3910059BACC50827.e.1059","ELEMENT":"f.1FD5299C05E009DC8D82F3579F178006.d.915A980C2DC98A0E3910059BACC50827.e.1059"}]}
COMMAND: GET /session/f67d1ccb760c54e6337a253aaf22b074/screenshot - {}
RESULT: {}
RESULT: {"script":"<script> [5351 bytes]","args":[{"element-6066-11e4-a52e-4f735466cecf":"f.1FD5299C05E009DC8D82F3579F178006.d.915A980C2DC98A0E3910059BACC50827.e.1059","ELEMENT":"f.1FD5299C05E009DC8D82F3579F178006.d.915A980C2DC98A0E3910059BACC50827.e.1059"}]}
COMMAND: POST /session/f67d1ccb760c54e6337a253aaf22b074/element/f.1FD5299C05E009DC8D82F3579F178006.d.915A980C2DC98A0E3910059BACC50827.e.1059/click - {}
COMMAND: GET /session/f67d1ccb760c54e6337a253aaf22b074/screenshot - {}
RESULT: {}
RESULT: {}
COMMAND: GET /session/f67d1ccb760c54e6337a253aaf22b074/screenshot - {}
COMMAND: POST /session/f67d1ccb760c54e6337a253aaf22b074/execute/async - {"script":"<script> [1562 bytes]","args":[{"selector":{"id":"application-managepartners-display-component---NewPartner--addressDetailDetailsName1","interaction":{"idSuffix":"inner"}},"wdio_ui5_key":"applicationmanagepartners-display-component---NewPartner--addressDetailDetailsName1"}]}
RESULT: {}
RESULT: {}
RESULT: {"script":"<script> [1562 bytes]","args":[{"selector":{"id":"application-managepartners-display-component---NewPartner--addressDetailDetailsName1","interaction":{"idSuffix":"inner"}},"wdio_ui5_key":"applicationmanagepartners-display-component---NewPartner--addressDetailDetailsName1"}]}
RESULT: undefined
COMMAND: POST /session/f67d1ccb760c54e6337a253aaf22b074/execute/async - {"script":"<script> [776 bytes]","args":[{"enterText":"Intracompany Partner WDIO","selector":{"id":"application-managepartners-display-component---NewPartner--addressDetailDetailsName1","interaction":{"idSuffix":"inner"}},"clearTextFirst":true,"interactionType":"ENTER_TEXT"}]}
RESULT: {"script":"<script> [776 bytes]","args":[{"enterText":"Intracompany Partner WDIO","selector":{"id":"application-managepartners-display-component---NewPartner--addressDetailDetailsName1","interaction":{"idSuffix":"inner"}},"clearTextFirst":true,"interactionType":"ENTER_TEXT"}]}
COMMAND: POST /session/f67d1ccb760c54e6337a253aaf22b074/execute/async - {"script":"<script> [1562 bytes]","args":[{"selector":{"id":"application-managepartners-display-component---NewPartner--addressDetailDetailsLanguage-arrow"},"wdio_ui5_key":"applicationmanagepartners-display-component---NewPartner--addressDetailDetailsLanguage-arrow"}]}
RESULT: {"script":"<script> [1562 bytes]","args":[{"selector":{"id":"application-managepartners-display-component---NewPartner--addressDetailDetailsLanguage-arrow"},"wdio_ui5_key":"applicationmanagepartners-display-component---NewPartner--addressDetailDetailsLanguage-arrow"}]}
RESULT: undefined
COMMAND: POST /session/f67d1ccb760c54e6337a253aaf22b074/element - {"using":"xpath","value":"//*[@id=\"application-managepartners-display-component---NewPartner--addressDetailDetailsLanguage-arrow\"]"}
RESULT: {"using":"xpath","value":"//*[@id=\"application-managepartners-display-component---NewPartner--addressDetailDetailsLanguage-arrow\"]"}
COMMAND: POST /session/f67d1ccb760c54e6337a253aaf22b074/element/f.1FD5299C05E009DC8D82F3579F178006.d.915A980C2DC98A0E3910059BACC50827.e.1508/click - {}
RESULT: {}
COMMAND: POST /session/f67d1ccb760c54e6337a253aaf22b074/element - {"using":"xpath","value":"//span[contains(text(), \"English\")]"}
COMMAND: GET /session/f67d1ccb760c54e6337a253aaf22b074/screenshot - {}
RESULT: {"using":"xpath","value":"//span[contains(text(), \"English\")]"}
COMMAND: POST /session/f67d1ccb760c54e6337a253aaf22b074/element/f.1FD5299C05E009DC8D82F3579F178006.d.915A980C2DC98A0E3910059BACC50827.e.1509/click - {}
RESULT: {}
RESULT: {}
COMMAND: GET /session/f67d1ccb760c54e6337a253aaf22b074/screenshot - {}
RESULT: {}
COMMAND: POST /session/f67d1ccb760c54e6337a253aaf22b074/execute/async - {"script":"<script> [1562 bytes]","args":[{"selector":{"id":"application-managepartners-display-component---NewPartner--addressDetailDetailsCity1","interaction":{"idSuffix":"inner"}},"wdio_ui5_key":"applicationmanagepartners-display-component---NewPartner--addressDetailDetailsCity1"}]}
RESULT: {"script":"<script> [1562 bytes]","args":[{"selector":{"id":"application-managepartners-display-component---NewPartner--addressDetailDetailsCity1","interaction":{"idSuffix":"inner"}},"wdio_ui5_key":"applicationmanagepartners-display-component---NewPartner--addressDetailDetailsCity1"}]}
RESULT: undefined
COMMAND: POST /session/f67d1ccb760c54e6337a253aaf22b074/execute/async - {"script":"<script> [776 bytes]","args":[{"enterText":"Rosario","selector":{"id":"application-managepartners-display-component---NewPartner--addressDetailDetailsCity1","interaction":{"idSuffix":"inner"}},"clearTextFirst":true,"interactionType":"ENTER_TEXT"}]}
RESULT: {"script":"<script> [776 bytes]","args":[{"enterText":"Rosario","selector":{"id":"application-managepartners-display-component---NewPartner--addressDetailDetailsCity1","interaction":{"idSuffix":"inner"}},"clearTextFirst":true,"interactionType":"ENTER_TEXT"}]}
COMMAND: POST /session/f67d1ccb760c54e6337a253aaf22b074/execute/async - {"script":"<script> [1562 bytes]","args":[{"selector":{"id":"application-managepartners-display-component---NewPartner--addressDetailDetailsCountry-arrow"},"wdio_ui5_key":"applicationmanagepartners-display-component---NewPartner--addressDetailDetailsCountry-arrow"}]}
RESULT: {"script":"<script> [1562 bytes]","args":[{"selector":{"id":"application-managepartners-display-component---NewPartner--addressDetailDetailsCountry-arrow"},"wdio_ui5_key":"applicationmanagepartners-display-component---NewPartner--addressDetailDetailsCountry-arrow"}]}
RESULT: undefined
COMMAND: POST /session/f67d1ccb760c54e6337a253aaf22b074/element - {"using":"xpath","value":"//*[@id=\"application-managepartners-display-component---NewPartner--addressDetailDetailsCountry-arrow\"]"}
RESULT: {"using":"xpath","value":"//*[@id=\"application-managepartners-display-component---NewPartner--addressDetailDetailsCountry-arrow\"]"}
COMMAND: POST /session/f67d1ccb760c54e6337a253aaf22b074/element/f.1FD5299C05E009DC8D82F3579F178006.d.915A980C2DC98A0E3910059BACC50827.e.1484/click - {}
RESULT: {}
COMMAND: POST /session/f67d1ccb760c54e6337a253aaf22b074/element - {"using":"xpath","value":"//span[contains(text(), \"Argentina\")]"}
COMMAND: GET /session/f67d1ccb760c54e6337a253aaf22b074/screenshot - {}
RESULT: {"using":"xpath","value":"//span[contains(text(), \"Argentina\")]"}
COMMAND: POST /session/f67d1ccb760c54e6337a253aaf22b074/element/f.1FD5299C05E009DC8D82F3579F178006.d.915A980C2DC98A0E3910059BACC50827.e.1511/click - {}
RESULT: {}
RESULT: {}
COMMAND: GET /session/f67d1ccb760c54e6337a253aaf22b074/screenshot - {}
RESULT: {}
COMMAND: POST /session/f67d1ccb760c54e6337a253aaf22b074/element - {"using":"xpath","value":"//bdi[contains(text(), \"Commercial\")]"}
RESULT: {"using":"xpath","value":"//bdi[contains(text(), \"Commercial\")]"}
COMMAND: POST /session/f67d1ccb760c54e6337a253aaf22b074/element/f.1FD5299C05E009DC8D82F3579F178006.d.915A980C2DC98A0E3910059BACC50827.e.1512/click - {}
RESULT: {}
COMMAND: GET /session/f67d1ccb760c54e6337a253aaf22b074/screenshot - {}
RESULT: {}
COMMAND: POST /session/f67d1ccb760c54e6337a253aaf22b074/execute/async - {"script":"<script> [1562 bytes]","args":[{"selector":{"id":"application-managepartners-display-component---NewPartner--partnerDetailInternal-arrow"},"wdio_ui5_key":"applicationmanagepartners-display-component---NewPartner--partnerDetailInternal-arrow"}]}
RESULT: {"script":"<script> [1562 bytes]","args":[{"selector":{"id":"application-managepartners-display-component---NewPartner--partnerDetailInternal-arrow"},"wdio_ui5_key":"applicationmanagepartners-display-component---NewPartner--partnerDetailInternal-arrow"}]}
RESULT: undefined
COMMAND: POST /session/f67d1ccb760c54e6337a253aaf22b074/element - {"using":"xpath","value":"//*[@id=\"application-managepartners-display-component---NewPartner--partnerDetailInternal-arrow\"]"}
RESULT: {"using":"xpath","value":"//*[@id=\"application-managepartners-display-component---NewPartner--partnerDetailInternal-arrow\"]"}
COMMAND: POST /session/f67d1ccb760c54e6337a253aaf22b074/element/f.1FD5299C05E009DC8D82F3579F178006.d.915A980C2DC98A0E3910059BACC50827.e.1520/click - {}
RESULT: {}
COMMAND: POST /session/f67d1ccb760c54e6337a253aaf22b074/element - {"using":"xpath","value":"//span[contains(text(), \"Affiliated company\")]"}
COMMAND: GET /session/f67d1ccb760c54e6337a253aaf22b074/screenshot - {}
RESULT: {"using":"xpath","value":"//span[contains(text(), \"Affiliated company\")]"}
COMMAND: POST /session/f67d1ccb760c54e6337a253aaf22b074/element/f.1FD5299C05E009DC8D82F3579F178006.d.915A980C2DC98A0E3910059BACC50827.e.1521/click - {}
RESULT: {}
RESULT: {}
COMMAND: POST /session/f67d1ccb760c54e6337a253aaf22b074/execute/async - {"script":"<script> [1562 bytes]","args":[{"selector":{"id":"application-managepartners-display-component---NewPartner--partnerDetailsCurrency-arrow"},"wdio_ui5_key":"applicationmanagepartners-display-component---NewPartner--partnerDetailsCurrency-arrow"}]}
COMMAND: GET /session/f67d1ccb760c54e6337a253aaf22b074/screenshot - {}
RESULT: {"script":"<script> [1562 bytes]","args":[{"selector":{"id":"application-managepartners-display-component---NewPartner--partnerDetailsCurrency-arrow"},"wdio_ui5_key":"applicationmanagepartners-display-component---NewPartner--partnerDetailsCurrency-arrow"}]}
RESULT: undefined
COMMAND: POST /session/f67d1ccb760c54e6337a253aaf22b074/element - {"using":"xpath","value":"//*[@id=\"application-managepartners-display-component---NewPartner--partnerDetailsCurrency-arrow\"]"}
RESULT: {}
RESULT: {"using":"xpath","value":"//*[@id=\"application-managepartners-display-component---NewPartner--partnerDetailsCurrency-arrow\"]"}
COMMAND: POST /session/f67d1ccb760c54e6337a253aaf22b074/element/f.1FD5299C05E009DC8D82F3579F178006.d.915A980C2DC98A0E3910059BACC50827.e.1528/click - {}
RESULT: {}
COMMAND: POST /session/f67d1ccb760c54e6337a253aaf22b074/element - {"using":"xpath","value":"//span[contains(text(), \"Euro\")]"}
COMMAND: GET /session/f67d1ccb760c54e6337a253aaf22b074/screenshot - {}
RESULT: {"using":"xpath","value":"//span[contains(text(), \"Euro\")]"}
COMMAND: POST /session/f67d1ccb760c54e6337a253aaf22b074/element/f.1FD5299C05E009DC8D82F3579F178006.d.915A980C2DC98A0E3910059BACC50827.e.1529/click - {}
RESULT: {}
RESULT: {}
COMMAND: POST /session/f67d1ccb760c54e6337a253aaf22b074/execute/async - {"script":"<script> [1562 bytes]","args":[{"selector":{"id":"application-managepartners-display-component---NewPartner--addressEditDetailsCostObjectCstType-arrow"},"wdio_ui5_key":"applicationmanagepartners-display-component---NewPartner--addressEditDetailsCostObjectCstType-arrow"}]}
COMMAND: GET /session/f67d1ccb760c54e6337a253aaf22b074/screenshot - {}
RESULT: {"script":"<script> [1562 bytes]","args":[{"selector":{"id":"application-managepartners-display-component---NewPartner--addressEditDetailsCostObjectCstType-arrow"},"wdio_ui5_key":"applicationmanagepartners-display-component---NewPartner--addressEditDetailsCostObjectCstType-arrow"}]}
RESULT: undefined
COMMAND: POST /session/f67d1ccb760c54e6337a253aaf22b074/element - {"using":"xpath","value":"//*[@id=\"application-managepartners-display-component---NewPartner--addressEditDetailsCostObjectCstType-arrow\"]"}
RESULT: {}
RESULT: {"using":"xpath","value":"//*[@id=\"application-managepartners-display-component---NewPartner--addressEditDetailsCostObjectCstType-arrow\"]"}
COMMAND: POST /session/f67d1ccb760c54e6337a253aaf22b074/element/f.1FD5299C05E009DC8D82F3579F178006.d.915A980C2DC98A0E3910059BACC50827.e.1530/click - {}
RESULT: {}
COMMAND: POST /session/f67d1ccb760c54e6337a253aaf22b074/element - {"using":"xpath","value":"//span[contains(text(), \"Cost Center\")]"}
COMMAND: GET /session/f67d1ccb760c54e6337a253aaf22b074/screenshot - {}
RESULT: {"using":"xpath","value":"//span[contains(text(), \"Cost Center\")]"}
COMMAND: POST /session/f67d1ccb760c54e6337a253aaf22b074/element/f.1FD5299C05E009DC8D82F3579F178006.d.915A980C2DC98A0E3910059BACC50827.e.1531/click - {}
RESULT: {}
RESULT: {}
COMMAND: GET /session/f67d1ccb760c54e6337a253aaf22b074/screenshot - {}
RESULT: {}
COMMAND: POST /session/f67d1ccb760c54e6337a253aaf22b074/element - {"using":"xpath","value":"//span[@id=\"application-managepartners-display-component---NewPartner--addressNewCostObjectCstID-vhi\"]"}
RESULT: {"using":"xpath","value":"//span[@id=\"application-managepartners-display-component---NewPartner--addressNewCostObjectCstID-vhi\"]"}
COMMAND: POST /session/f67d1ccb760c54e6337a253aaf22b074/element - {"using":"xpath","value":"//span[@id=\"application-managepartners-display-component---NewPartner--addressNewCostObjectCstID-vhi\"]"}
RESULT: {"using":"xpath","value":"//span[@id=\"application-managepartners-display-component---NewPartner--addressNewCostObjectCstID-vhi\"]"}
COMMAND: POST /session/f67d1ccb760c54e6337a253aaf22b074/element - {"using":"xpath","value":"//input[@id=\"application-managepartners-display-component---NewPartner--addressNewCostObjectCstID-inner\"]"}
RESULT: {"using":"xpath","value":"//input[@id=\"application-managepartners-display-component---NewPartner--addressNewCostObjectCstID-inner\"]"}
COMMAND: POST /session/f67d1ccb760c54e6337a253aaf22b074/execute/sync - {"script":"<script> [8489 bytes]","args":[{"element-6066-11e4-a52e-4f735466cecf":"f.1FD5299C05E009DC8D82F3579F178006.d.915A980C2DC98A0E3910059BACC50827.e.1533","ELEMENT":"f.1FD5299C05E009DC8D82F3579F178006.d.915A980C2DC98A0E3910059BACC50827.e.1533"}]}
RESULT: {"script":"<script> [8489 bytes]","args":[{"element-6066-11e4-a52e-4f735466cecf":"f.1FD5299C05E009DC8D82F3579F178006.d.915A980C2DC98A0E3910059BACC50827.e.1533","ELEMENT":"f.1FD5299C05E009DC8D82F3579F178006.d.915A980C2DC98A0E3910059BACC50827.e.1533"}]}
COMMAND: POST /session/f67d1ccb760c54e6337a253aaf22b074/element/f.1FD5299C05E009DC8D82F3579F178006.d.915A980C2DC98A0E3910059BACC50827.e.1533/clear - {}
COMMAND: GET /session/f67d1ccb760c54e6337a253aaf22b074/screenshot - {}
COMMAND: POST /session/f67d1ccb760c54e6337a253aaf22b074/element - {"using":"xpath","value":"//input[@id=\"application-managepartners-display-component---NewPartner--addressNewCostObjectCstID-inner\"]"}
RESULT: {}
RESULT: {"using":"xpath","value":"//input[@id=\"application-managepartners-display-component---NewPartner--addressNewCostObjectCstID-inner\"]"}
COMMAND: POST /session/f67d1ccb760c54e6337a253aaf22b074/element/f.1FD5299C05E009DC8D82F3579F178006.d.915A980C2DC98A0E3910059BACC50827.e.1533/clear - {}
COMMAND: POST /session/f67d1ccb760c54e6337a253aaf22b074/element - {"using":"xpath","value":"//input[@id=\"application-managepartners-display-component---NewPartner--addressNewCostObjectCstID-inner\"]"}
RESULT: {"using":"xpath","value":"//input[@id=\"application-managepartners-display-component---NewPartner--addressNewCostObjectCstID-inner\"]"}
COMMAND: POST /session/f67d1ccb760c54e6337a253aaf22b074/element/f.1FD5299C05E009DC8D82F3579F178006.d.915A980C2DC98A0E3910059BACC50827.e.1535/clear - {}
RESULT: {}
COMMAND: POST /session/f67d1ccb760c54e6337a253aaf22b074/element/f.1FD5299C05E009DC8D82F3579F178006.d.915A980C2DC98A0E3910059BACC50827.e.1535/value - {"text":"10001013"}
COMMAND: GET /session/f67d1ccb760c54e6337a253aaf22b074/screenshot - {}
RESULT: {"text":"10001013"}
COMMAND: GET /session/f67d1ccb760c54e6337a253aaf22b074/screenshot - {}
RESULT: {}
RESULT: {}
COMMAND: POST /session/f67d1ccb760c54e6337a253aaf22b074/element - {"using":"xpath","value":"//input[@id=\"application-managepartners-display-component---NewPartner--companyCodeComboBox-inner\"]"}
RESULT: {"using":"xpath","value":"//input[@id=\"application-managepartners-display-component---NewPartner--companyCodeComboBox-inner\"]"}
COMMAND: POST /session/f67d1ccb760c54e6337a253aaf22b074/element/f.1FD5299C05E009DC8D82F3579F178006.d.915A980C2DC98A0E3910059BACC50827.e.1374/clear - {}
RESULT: {}
COMMAND: POST /session/f67d1ccb760c54e6337a253aaf22b074/element/f.1FD5299C05E009DC8D82F3579F178006.d.915A980C2DC98A0E3910059BACC50827.e.1374/value - {"text":"1000"}
COMMAND: GET /session/f67d1ccb760c54e6337a253aaf22b074/screenshot - {}
RESULT: {}
RESULT: {"text":"1000"}
COMMAND: GET /session/f67d1ccb760c54e6337a253aaf22b074/screenshot - {}
RESULT: {}
COMMAND: POST /session/f67d1ccb760c54e6337a253aaf22b074/element - {"using":"xpath","value":"//span[contains(text(), \"1000\")]"}
RESULT: {"using":"xpath","value":"//span[contains(text(), \"1000\")]"}
COMMAND: POST /session/f67d1ccb760c54e6337a253aaf22b074/element/f.1FD5299C05E009DC8D82F3579F178006.d.915A980C2DC98A0E3910059BACC50827.e.1542/click - {}
RESULT: {}
COMMAND: GET /session/f67d1ccb760c54e6337a253aaf22b074/screenshot - {}
RESULT: {}
COMMAND: POST /session/f67d1ccb760c54e6337a253aaf22b074/execute/async - {"script":"<script> [1562 bytes]","args":[{"selector":{"id":"application-managepartners-display-component---NewPartner--btnAddTableRow-img"},"wdio_ui5_key":"applicationmanagepartners-display-component---NewPartner--btnAddTableRow-img"}]}
RESULT: {"script":"<script> [1562 bytes]","args":[{"selector":{"id":"application-managepartners-display-component---NewPartner--btnAddTableRow-img"},"wdio_ui5_key":"applicationmanagepartners-display-component---NewPartner--btnAddTableRow-img"}]}
RESULT: undefined
COMMAND: POST /session/f67d1ccb760c54e6337a253aaf22b074/element - {"using":"xpath","value":"//*[@id=\"application-managepartners-display-component---NewPartner--btnAddTableRow-img\"]"}
RESULT: {"using":"xpath","value":"//*[@id=\"application-managepartners-display-component---NewPartner--btnAddTableRow-img\"]"}
COMMAND: POST /session/f67d1ccb760c54e6337a253aaf22b074/element/f.1FD5299C05E009DC8D82F3579F178006.d.915A980C2DC98A0E3910059BACC50827.e.1543/click - {}
RESULT: {}
COMMAND: GET /session/f67d1ccb760c54e6337a253aaf22b074/screenshot - {}
RESULT: {}
COMMAND: POST /session/f67d1ccb760c54e6337a253aaf22b074/element - {"using":"xpath","value":"//input[@id=\"application-managepartners-display-component---NewPartner--assignmentYard-application-managepartners-display-component---NewPartner--assignmentsTable-0-inner\"]"}
RESULT: {"using":"xpath","value":"//input[@id=\"application-managepartners-display-component---NewPartner--assignmentYard-application-managepartners-display-component---NewPartner--assignmentsTable-0-inner\"]"}
COMMAND: POST /session/f67d1ccb760c54e6337a253aaf22b074/element/f.1FD5299C05E009DC8D82F3579F178006.d.915A980C2DC98A0E3910059BACC50827.e.1546/clear - {}
RESULT: {}
COMMAND: POST /session/f67d1ccb760c54e6337a253aaf22b074/element/f.1FD5299C05E009DC8D82F3579F178006.d.915A980C2DC98A0E3910059BACC50827.e.1546/value - {"text":"535"}
COMMAND: GET /session/f67d1ccb760c54e6337a253aaf22b074/screenshot - {}
RESULT: {"text":"535"}
COMMAND: GET /session/f67d1ccb760c54e6337a253aaf22b074/screenshot - {}
RESULT: {}
RESULT: {}
COMMAND: POST /session/f67d1ccb760c54e6337a253aaf22b074/element - {"using":"xpath","value":"//li[.//span[text()='535']]"}
RESULT: {"using":"xpath","value":"//li[.//span[text()='535']]"}
COMMAND: POST /session/f67d1ccb760c54e6337a253aaf22b074/element/f.1FD5299C05E009DC8D82F3579F178006.d.915A980C2DC98A0E3910059BACC50827.e.1555/click - {}
RESULT: {}
COMMAND: GET /session/f67d1ccb760c54e6337a253aaf22b074/screenshot - {}
RESULT: {}
COMMAND: POST /session/f67d1ccb760c54e6337a253aaf22b074/actions - {"actions":[{"id":"action2","type":"key","parameters":{},"actions":[{"type":"keyDown","value":"î€‡"},{"type":"pause","duration":10},{"type":"keyUp","value":"î€‡"}]}]}
RESULT: {"actions":[{"id":"action2","type":"key","parameters":{},"actions":[{"type":"keyDown","value":"î€‡"},{"type":"pause","duration":10},{"type":"keyUp","value":"î€‡"}]}]}
COMMAND: POST /session/f67d1ccb760c54e6337a253aaf22b074/execute/async - {"script":"<script> [1562 bytes]","args":[{"selector":{"id":"application-managepartners-display-component---NewPartner--externalCustomerComboBox-application-managepartners-display-component---NewPartner--assignmentsTable-0-vhi"},"wdio_ui5_key":"applicationmanagepartners-display-component---NewPartner--externalCustomerComboBox-application-managepartners-display-component---NewPartner--assignmentsTable-0-vhi"}]}
COMMAND: GET /session/f67d1ccb760c54e6337a253aaf22b074/screenshot - {}
RESULT: {"script":"<script> [1562 bytes]","args":[{"selector":{"id":"application-managepartners-display-component---NewPartner--externalCustomerComboBox-application-managepartners-display-component---NewPartner--assignmentsTable-0-vhi"},"wdio_ui5_key":"applicationmanagepartners-display-component---NewPartner--externalCustomerComboBox-application-managepartners-display-component---NewPartner--assignmentsTable-0-vhi"}]}
RESULT: undefined
COMMAND: POST /session/f67d1ccb760c54e6337a253aaf22b074/element - {"using":"xpath","value":"//*[@id=\"application-managepartners-display-component---NewPartner--externalCustomerComboBox-application-managepartners-display-component---NewPartner--assignmentsTable-0-vhi\"]"}
RESULT: {}
RESULT: {"using":"xpath","value":"//*[@id=\"application-managepartners-display-component---NewPartner--externalCustomerComboBox-application-managepartners-display-component---NewPartner--assignmentsTable-0-vhi\"]"}
COMMAND: POST /session/f67d1ccb760c54e6337a253aaf22b074/element/f.1FD5299C05E009DC8D82F3579F178006.d.915A980C2DC98A0E3910059BACC50827.e.1559/click - {}
RESULT: {}
RESULT: undefined
COMMAND: POST /session/f67d1ccb760c54e6337a253aaf22b074/execute/async - {"script":"<script> [776 bytes]","args":[{"enterText":"300003","selector":{"controlType":"sap.m.SearchField","properties":{"placeholder":"Search"},"searchOpenDialogs":true,"interaction":{"idSuffix":"I"}},"clearTextFirst":true,"interactionType":"ENTER_TEXT"}]}
COMMAND: GET /session/f67d1ccb760c54e6337a253aaf22b074/screenshot - {}
RESULT: {"script":"<script> [776 bytes]","args":[{"enterText":"300003","selector":{"controlType":"sap.m.SearchField","properties":{"placeholder":"Search"},"searchOpenDialogs":true,"interaction":{"idSuffix":"I"}},"clearTextFirst":true,"interactionType":"ENTER_TEXT"}]}
COMMAND: POST /session/f67d1ccb760c54e6337a253aaf22b074/actions - {"actions":[{"id":"action3","type":"key","parameters":{},"actions":[{"type":"keyDown","value":"î€‡"},{"type":"pause","duration":10},{"type":"keyUp","value":"î€‡"}]}]}
RESULT: {}
RESULT: {"actions":[{"id":"action3","type":"key","parameters":{},"actions":[{"type":"keyDown","value":"î€‡"},{"type":"pause","duration":10},{"type":"keyUp","value":"î€‡"}]}]}
COMMAND: GET /session/f67d1ccb760c54e6337a253aaf22b074/screenshot - {}
RESULT: {}
COMMAND: POST /session/f67d1ccb760c54e6337a253aaf22b074/element - {"using":"xpath","value":"//span[contains(text(), \"300003\")]"}
RESULT: {"using":"xpath","value":"//span[contains(text(), \"300003\")]"}
COMMAND: POST /session/f67d1ccb760c54e6337a253aaf22b074/element/f.1FD5299C05E009DC8D82F3579F178006.d.915A980C2DC98A0E3910059BACC50827.e.1578/click - {}
RESULT: {}
COMMAND: GET /session/f67d1ccb760c54e6337a253aaf22b074/screenshot - {}
RESULT: {}
COMMAND: POST /session/f67d1ccb760c54e6337a253aaf22b074/element - {"using":"xpath","value":"//bdi[contains(text(), \"OK\")]"}
RESULT: {"using":"xpath","value":"//bdi[contains(text(), \"OK\")]"}
COMMAND: POST /session/f67d1ccb760c54e6337a253aaf22b074/element/f.1FD5299C05E009DC8D82F3579F178006.d.915A980C2DC98A0E3910059BACC50827.e.1580/click - {}
RESULT: {}
COMMAND: GET /session/f67d1ccb760c54e6337a253aaf22b074/screenshot - {}
RESULT: {}
COMMAND: POST /session/f67d1ccb760c54e6337a253aaf22b074/execute/async - {"script":"<script> [1562 bytes]","args":[{"selector":{"id":"application-managepartners-display-component---NewPartner--intercompVendorComboBox-application-managepartners-display-component---NewPartner--assignmentsTable-0-vhi"},"wdio_ui5_key":"applicationmanagepartners-display-component---NewPartner--intercompVendorComboBox-application-managepartners-display-component---NewPartner--assignmentsTable-0-vhi"}]}
RESULT: {"script":"<script> [1562 bytes]","args":[{"selector":{"id":"application-managepartners-display-component---NewPartner--intercompVendorComboBox-application-managepartners-display-component---NewPartner--assignmentsTable-0-vhi"},"wdio_ui5_key":"applicationmanagepartners-display-component---NewPartner--intercompVendorComboBox-application-managepartners-display-component---NewPartner--assignmentsTable-0-vhi"}]}
RESULT: undefined
COMMAND: POST /session/f67d1ccb760c54e6337a253aaf22b074/element - {"using":"xpath","value":"//*[@id=\"application-managepartners-display-component---NewPartner--intercompVendorComboBox-application-managepartners-display-component---NewPartner--assignmentsTable-0-vhi\"]"}
RESULT: {"using":"xpath","value":"//*[@id=\"application-managepartners-display-component---NewPartner--intercompVendorComboBox-application-managepartners-display-component---NewPartner--assignmentsTable-0-vhi\"]"}
COMMAND: POST /session/f67d1ccb760c54e6337a253aaf22b074/element/f.1FD5299C05E009DC8D82F3579F178006.d.915A980C2DC98A0E3910059BACC50827.e.1583/click - {}
RESULT: {}
RESULT: undefined
COMMAND: POST /session/f67d1ccb760c54e6337a253aaf22b074/execute/async - {"script":"<script> [776 bytes]","args":[{"enterText":"100005","selector":{"controlType":"sap.m.SearchField","properties":{"placeholder":"Search"},"searchOpenDialogs":true,"interaction":{"idSuffix":"I"}},"clearTextFirst":true,"interactionType":"ENTER_TEXT"}]}
COMMAND: GET /session/f67d1ccb760c54e6337a253aaf22b074/screenshot - {}
RESULT: {"script":"<script> [776 bytes]","args":[{"enterText":"100005","selector":{"controlType":"sap.m.SearchField","properties":{"placeholder":"Search"},"searchOpenDialogs":true,"interaction":{"idSuffix":"I"}},"clearTextFirst":true,"interactionType":"ENTER_TEXT"}]}
COMMAND: POST /session/f67d1ccb760c54e6337a253aaf22b074/actions - {"actions":[{"id":"action4","type":"key","parameters":{},"actions":[{"type":"keyDown","value":"î€‡"},{"type":"pause","duration":10},{"type":"keyUp","value":"î€‡"}]}]}
RESULT: {}
RESULT: {"actions":[{"id":"action4","type":"key","parameters":{},"actions":[{"type":"keyDown","value":"î€‡"},{"type":"pause","duration":10},{"type":"keyUp","value":"î€‡"}]}]}
COMMAND: GET /session/f67d1ccb760c54e6337a253aaf22b074/screenshot - {}
RESULT: {}
COMMAND: POST /session/f67d1ccb760c54e6337a253aaf22b074/element - {"using":"xpath","value":"//span[contains(text(), \"Penguins - Field/12345 Berlin\")]"}
RESULT: {"using":"xpath","value":"//span[contains(text(), \"Penguins - Field/12345 Berlin\")]"}
COMMAND: POST /session/f67d1ccb760c54e6337a253aaf22b074/element/f.1FD5299C05E009DC8D82F3579F178006.d.915A980C2DC98A0E3910059BACC50827.e.1602/click - {}
RESULT: {}
COMMAND: GET /session/f67d1ccb760c54e6337a253aaf22b074/screenshot - {}
RESULT: {}
COMMAND: POST /session/f67d1ccb760c54e6337a253aaf22b074/element - {"using":"xpath","value":"//bdi[contains(text(), \"OK\")]"}
RESULT: {"using":"xpath","value":"//bdi[contains(text(), \"OK\")]"}
COMMAND: POST /session/f67d1ccb760c54e6337a253aaf22b074/element/f.1FD5299C05E009DC8D82F3579F178006.d.915A980C2DC98A0E3910059BACC50827.e.1603/click - {}
RESULT: {}
COMMAND: GET /session/f67d1ccb760c54e6337a253aaf22b074/screenshot - {}
RESULT: {}
COMMAND: POST /session/f67d1ccb760c54e6337a253aaf22b074/element - {"using":"xpath","value":"//button[@data-kt=\"saveButton\"]"}
RESULT: {"using":"xpath","value":"//button[@data-kt=\"saveButton\"]"}
COMMAND: POST /session/f67d1ccb760c54e6337a253aaf22b074/element/f.1FD5299C05E009DC8D82F3579F178006.d.915A980C2DC98A0E3910059BACC50827.e.1486/click - {}
RESULT: {}
COMMAND: GET /session/f67d1ccb760c54e6337a253aaf22b074/screenshot - {}
RESULT: {}
COMMAND: POST /session/f67d1ccb760c54e6337a253aaf22b074/element - {"using":"xpath","value":"//header[contains(@id, 'ObjectPageLayout-headerTitle')]/div[1]/div[2]/div[2]/span[1]"}
RESULT: {"using":"xpath","value":"//header[contains(@id, 'ObjectPageLayout-headerTitle')]/div[1]/div[2]/div[2]/span[1]"}
COMMAND: POST /session/f67d1ccb760c54e6337a253aaf22b074/elements - {"using":"xpath","value":"//header[contains(@id, 'ObjectPageLayout-headerTitle')]/div[1]/div[2]/div[2]/span[1]"}
RESULT: {"using":"xpath","value":"//header[contains(@id, 'ObjectPageLayout-headerTitle')]/div[1]/div[2]/div[2]/span[1]"}
COMMAND: POST /session/f67d1ccb760c54e6337a253aaf22b074/execute/sync - {"script":"<script> [56 bytes]","args":[{"element-6066-11e4-a52e-4f735466cecf":"f.1FD5299C05E009DC8D82F3579F178006.d.915A980C2DC98A0E3910059BACC50827.e.1766","ELEMENT":"f.1FD5299C05E009DC8D82F3579F178006.d.915A980C2DC98A0E3910059BACC50827.e.1766"}]}
RESULT: {"script":"<script> [56 bytes]","args":[{"element-6066-11e4-a52e-4f735466cecf":"f.1FD5299C05E009DC8D82F3579F178006.d.915A980C2DC98A0E3910059BACC50827.e.1766","ELEMENT":"f.1FD5299C05E009DC8D82F3579F178006.d.915A980C2DC98A0E3910059BACC50827.e.1766"}]}
COMMAND: POST /session/f67d1ccb760c54e6337a253aaf22b074/element - {"using":"css selector","value":"#shell-header-logo"}
COMMAND: GET /session/f67d1ccb760c54e6337a253aaf22b074/screenshot - {}
RESULT: {"using":"css selector","value":"#shell-header-logo"}
COMMAND: POST /session/f67d1ccb760c54e6337a253aaf22b074/element/f.1FD5299C05E009DC8D82F3579F178006.d.915A980C2DC98A0E3910059BACC50827.e.1026/click - {}
RESULT: {}
RESULT: {}
COMMAND: GET /session/f67d1ccb760c54e6337a253aaf22b074/screenshot - {}
RESULT: {}
COMMAND: POST /session/f67d1ccb760c54e6337a253aaf22b074/execute/sync - {"script":"<script> [299 bytes]","args":[["getModel","getResource"]]}
RESULT: {"script":"<script> [299 bytes]","args":[["getModel","getResource"]]}
]]></system-out>
    </testcase>
    <testcase classname="chrome.135_0_7049_96.windows.Tests_for_Mass_State_Change_on_Manage_States_&amp;_Performances_US104416_US" name="Prereq Should create a new site" time="147.589">
      <system-out><![CDATA[
COMMAND: GET /session/f67d1ccb760c54e6337a253aaf22b074/screenshot - {}
COMMAND: POST /session/f67d1ccb760c54e6337a253aaf22b074/execute/async - {"script":"<script> [1562 bytes]","args":[{"selector":{"controlType":"sap.m.TileContent","bindingPath":{"path":"","propertyPath":"/properties/info"},"ancestor":{"controlType":"sap.m.GenericTile","properties":{"header":"Manage Sites"}}},"wdio_ui5_key":"sapm.TileContent{\"path\":\"\",\"propertyPath\":\"/properties/info\"}{\"controlType\":\"sap.m.GenericTile\",\"properties\":{\"header\":\"Manage Sites\"}}"}]}
RESULT: {}
RESULT: {"script":"<script> [1562 bytes]","args":[{"selector":{"controlType":"sap.m.TileContent","bindingPath":{"path":"","propertyPath":"/properties/info"},"ancestor":{"controlType":"sap.m.GenericTile","properties":{"header":"Manage Sites"}}},"wdio_ui5_key":"sapm.TileContent{\"path\":\"\",\"propertyPath\":\"/properties/info\"}{\"controlType\":\"sap.m.GenericTile\",\"properties\":{\"header\":\"Manage Sites\"}}"}]}
RESULT: undefined
COMMAND: POST /session/f67d1ccb760c54e6337a253aaf22b074/element - {"using":"xpath","value":"//*[@id=\"__xmlview7--numericTileContent\"]"}
RESULT: {"using":"xpath","value":"//*[@id=\"__xmlview7--numericTileContent\"]"}
COMMAND: POST /session/f67d1ccb760c54e6337a253aaf22b074/element/f.1FD5299C05E009DC8D82F3579F178006.d.915A980C2DC98A0E3910059BACC50827.e.1768/click - {}
RESULT: {}
COMMAND: POST /session/f67d1ccb760c54e6337a253aaf22b074/element - {"using":"xpath","value":"//button[@data-kt=\"addOverflowToolbarButton\"]"}
COMMAND: GET /session/f67d1ccb760c54e6337a253aaf22b074/screenshot - {}
RESULT: {"using":"xpath","value":"//button[@data-kt=\"addOverflowToolbarButton\"]"}
COMMAND: POST /session/f67d1ccb760c54e6337a253aaf22b074/elements - {"using":"xpath","value":"//button[@data-kt=\"addOverflowToolbarButton\"]"}
RESULT: {}
RESULT: {"using":"xpath","value":"//button[@data-kt=\"addOverflowToolbarButton\"]"}
COMMAND: POST /session/f67d1ccb760c54e6337a253aaf22b074/elements - {"using":"xpath","value":"//button[@data-kt=\"addOverflowToolbarButton\"]"}
RESULT: {"using":"xpath","value":"//button[@data-kt=\"addOverflowToolbarButton\"]"}
COMMAND: POST /session/f67d1ccb760c54e6337a253aaf22b074/elements - {"using":"xpath","value":"//button[@data-kt=\"addOverflowToolbarButton\"]"}
RESULT: {"using":"xpath","value":"//button[@data-kt=\"addOverflowToolbarButton\"]"}
COMMAND: POST /session/f67d1ccb760c54e6337a253aaf22b074/elements - {"using":"xpath","value":"//button[@data-kt=\"addOverflowToolbarButton\"]"}
RESULT: {"using":"xpath","value":"//button[@data-kt=\"addOverflowToolbarButton\"]"}
COMMAND: POST /session/f67d1ccb760c54e6337a253aaf22b074/element - {"using":"xpath","value":"//button[@data-kt=\"addOverflowToolbarButton\"]"}
RESULT: {"using":"xpath","value":"//button[@data-kt=\"addOverflowToolbarButton\"]"}
COMMAND: POST /session/f67d1ccb760c54e6337a253aaf22b074/execute/sync - {"script":"<script> [8489 bytes]","args":[{"element-6066-11e4-a52e-4f735466cecf":"f.1FD5299C05E009DC8D82F3579F178006.d.915A980C2DC98A0E3910059BACC50827.e.1814","ELEMENT":"f.1FD5299C05E009DC8D82F3579F178006.d.915A980C2DC98A0E3910059BACC50827.e.1814"}]}
RESULT: {"script":"<script> [8489 bytes]","args":[{"element-6066-11e4-a52e-4f735466cecf":"f.1FD5299C05E009DC8D82F3579F178006.d.915A980C2DC98A0E3910059BACC50827.e.1814","ELEMENT":"f.1FD5299C05E009DC8D82F3579F178006.d.915A980C2DC98A0E3910059BACC50827.e.1814"}]}
COMMAND: GET /session/f67d1ccb760c54e6337a253aaf22b074/element/f.1FD5299C05E009DC8D82F3579F178006.d.915A980C2DC98A0E3910059BACC50827.e.1814/enabled - {}
COMMAND: GET /session/f67d1ccb760c54e6337a253aaf22b074/screenshot - {}
RESULT: {}
COMMAND: POST /session/f67d1ccb760c54e6337a253aaf22b074/execute/sync - {"script":"<script> [8489 bytes]","args":[{"element-6066-11e4-a52e-4f735466cecf":"f.1FD5299C05E009DC8D82F3579F178006.d.915A980C2DC98A0E3910059BACC50827.e.1814","ELEMENT":"f.1FD5299C05E009DC8D82F3579F178006.d.915A980C2DC98A0E3910059BACC50827.e.1814"}]}
COMMAND: GET /session/f67d1ccb760c54e6337a253aaf22b074/screenshot - {}
RESULT: {}
RESULT: {"script":"<script> [8489 bytes]","args":[{"element-6066-11e4-a52e-4f735466cecf":"f.1FD5299C05E009DC8D82F3579F178006.d.915A980C2DC98A0E3910059BACC50827.e.1814","ELEMENT":"f.1FD5299C05E009DC8D82F3579F178006.d.915A980C2DC98A0E3910059BACC50827.e.1814"}]}
COMMAND: POST /session/f67d1ccb760c54e6337a253aaf22b074/execute/sync - {"script":"<script> [5351 bytes]","args":[{"element-6066-11e4-a52e-4f735466cecf":"f.1FD5299C05E009DC8D82F3579F178006.d.915A980C2DC98A0E3910059BACC50827.e.1814","ELEMENT":"f.1FD5299C05E009DC8D82F3579F178006.d.915A980C2DC98A0E3910059BACC50827.e.1814"}]}
COMMAND: GET /session/f67d1ccb760c54e6337a253aaf22b074/screenshot - {}
RESULT: {}
RESULT: {"script":"<script> [5351 bytes]","args":[{"element-6066-11e4-a52e-4f735466cecf":"f.1FD5299C05E009DC8D82F3579F178006.d.915A980C2DC98A0E3910059BACC50827.e.1814","ELEMENT":"f.1FD5299C05E009DC8D82F3579F178006.d.915A980C2DC98A0E3910059BACC50827.e.1814"}]}
COMMAND: POST /session/f67d1ccb760c54e6337a253aaf22b074/element/f.1FD5299C05E009DC8D82F3579F178006.d.915A980C2DC98A0E3910059BACC50827.e.1814/click - {}
COMMAND: GET /session/f67d1ccb760c54e6337a253aaf22b074/screenshot - {}
RESULT: {}
RESULT: {}
COMMAND: GET /session/f67d1ccb760c54e6337a253aaf22b074/screenshot - {}
COMMAND: POST /session/f67d1ccb760c54e6337a253aaf22b074/execute/async - {"script":"<script> [1562 bytes]","args":[{"selector":{"id":"application-managesites-display-component---NewSite--addressDetailDetailsName1","interaction":{"idSuffix":"inner"}},"wdio_ui5_key":"applicationmanagesites-display-component---NewSite--addressDetailDetailsName1"}]}
RESULT: {}
RESULT: {}
RESULT: {"script":"<script> [1562 bytes]","args":[{"selector":{"id":"application-managesites-display-component---NewSite--addressDetailDetailsName1","interaction":{"idSuffix":"inner"}},"wdio_ui5_key":"applicationmanagesites-display-component---NewSite--addressDetailDetailsName1"}]}
RESULT: undefined
COMMAND: POST /session/f67d1ccb760c54e6337a253aaf22b074/execute/async - {"script":"<script> [776 bytes]","args":[{"enterText":"Intracompany Site wdIO","selector":{"id":"application-managesites-display-component---NewSite--addressDetailDetailsName1","interaction":{"idSuffix":"inner"}},"clearTextFirst":true,"interactionType":"ENTER_TEXT"}]}
RESULT: {"script":"<script> [776 bytes]","args":[{"enterText":"Intracompany Site wdIO","selector":{"id":"application-managesites-display-component---NewSite--addressDetailDetailsName1","interaction":{"idSuffix":"inner"}},"clearTextFirst":true,"interactionType":"ENTER_TEXT"}]}
COMMAND: POST /session/f67d1ccb760c54e6337a253aaf22b074/execute/async - {"script":"<script> [1562 bytes]","args":[{"selector":{"id":"application-managesites-display-component---NewSite--addressDetailDetailsLanguage-arrow"},"wdio_ui5_key":"applicationmanagesites-display-component---NewSite--addressDetailDetailsLanguage-arrow"}]}
RESULT: {"script":"<script> [1562 bytes]","args":[{"selector":{"id":"application-managesites-display-component---NewSite--addressDetailDetailsLanguage-arrow"},"wdio_ui5_key":"applicationmanagesites-display-component---NewSite--addressDetailDetailsLanguage-arrow"}]}
RESULT: undefined
COMMAND: POST /session/f67d1ccb760c54e6337a253aaf22b074/element - {"using":"xpath","value":"//*[@id=\"application-managesites-display-component---NewSite--addressDetailDetailsLanguage-arrow\"]"}
RESULT: {"using":"xpath","value":"//*[@id=\"application-managesites-display-component---NewSite--addressDetailDetailsLanguage-arrow\"]"}
COMMAND: POST /session/f67d1ccb760c54e6337a253aaf22b074/element/f.1FD5299C05E009DC8D82F3579F178006.d.915A980C2DC98A0E3910059BACC50827.e.2215/click - {}
RESULT: {}
COMMAND: POST /session/f67d1ccb760c54e6337a253aaf22b074/element - {"using":"xpath","value":"//span[contains(text(), \"English\")]"}
COMMAND: GET /session/f67d1ccb760c54e6337a253aaf22b074/screenshot - {}
RESULT: {"using":"xpath","value":"//span[contains(text(), \"English\")]"}
COMMAND: POST /session/f67d1ccb760c54e6337a253aaf22b074/element/f.1FD5299C05E009DC8D82F3579F178006.d.915A980C2DC98A0E3910059BACC50827.e.2216/click - {}
RESULT: {}
RESULT: {}
COMMAND: POST /session/f67d1ccb760c54e6337a253aaf22b074/execute/async - {"script":"<script> [1562 bytes]","args":[{"selector":{"id":"application-managesites-display-component---NewSite--addressDetailDetailsCity1","interaction":{"idSuffix":"inner"}},"wdio_ui5_key":"applicationmanagesites-display-component---NewSite--addressDetailDetailsCity1"}]}
COMMAND: GET /session/f67d1ccb760c54e6337a253aaf22b074/screenshot - {}
RESULT: {"script":"<script> [1562 bytes]","args":[{"selector":{"id":"application-managesites-display-component---NewSite--addressDetailDetailsCity1","interaction":{"idSuffix":"inner"}},"wdio_ui5_key":"applicationmanagesites-display-component---NewSite--addressDetailDetailsCity1"}]}
RESULT: undefined
COMMAND: POST /session/f67d1ccb760c54e6337a253aaf22b074/execute/async - {"script":"<script> [776 bytes]","args":[{"enterText":"Rosario","selector":{"id":"application-managesites-display-component---NewSite--addressDetailDetailsCity1","interaction":{"idSuffix":"inner"}},"clearTextFirst":true,"interactionType":"ENTER_TEXT"}]}
RESULT: {}
RESULT: {"script":"<script> [776 bytes]","args":[{"enterText":"Rosario","selector":{"id":"application-managesites-display-component---NewSite--addressDetailDetailsCity1","interaction":{"idSuffix":"inner"}},"clearTextFirst":true,"interactionType":"ENTER_TEXT"}]}
COMMAND: POST /session/f67d1ccb760c54e6337a253aaf22b074/execute/async - {"script":"<script> [1562 bytes]","args":[{"selector":{"id":"application-managesites-display-component---NewSite--addressDetailDetailsCountry-arrow"},"wdio_ui5_key":"applicationmanagesites-display-component---NewSite--addressDetailDetailsCountry-arrow"}]}
RESULT: {"script":"<script> [1562 bytes]","args":[{"selector":{"id":"application-managesites-display-component---NewSite--addressDetailDetailsCountry-arrow"},"wdio_ui5_key":"applicationmanagesites-display-component---NewSite--addressDetailDetailsCountry-arrow"}]}
RESULT: undefined
COMMAND: POST /session/f67d1ccb760c54e6337a253aaf22b074/element - {"using":"xpath","value":"//*[@id=\"application-managesites-display-component---NewSite--addressDetailDetailsCountry-arrow\"]"}
RESULT: {"using":"xpath","value":"//*[@id=\"application-managesites-display-component---NewSite--addressDetailDetailsCountry-arrow\"]"}
COMMAND: POST /session/f67d1ccb760c54e6337a253aaf22b074/element/f.1FD5299C05E009DC8D82F3579F178006.d.915A980C2DC98A0E3910059BACC50827.e.2218/click - {}
RESULT: {}
COMMAND: POST /session/f67d1ccb760c54e6337a253aaf22b074/element - {"using":"xpath","value":"//span[contains(text(), \"Argentina\")]"}
COMMAND: GET /session/f67d1ccb760c54e6337a253aaf22b074/screenshot - {}
RESULT: {"using":"xpath","value":"//span[contains(text(), \"Argentina\")]"}
COMMAND: POST /session/f67d1ccb760c54e6337a253aaf22b074/element/f.1FD5299C05E009DC8D82F3579F178006.d.915A980C2DC98A0E3910059BACC50827.e.2219/click - {}
RESULT: {}
RESULT: {}
COMMAND: GET /session/f67d1ccb760c54e6337a253aaf22b074/screenshot - {}
RESULT: {}
COMMAND: POST /session/f67d1ccb760c54e6337a253aaf22b074/execute/async - {"script":"<script> [1562 bytes]","args":[{"selector":{"id":"application-managesites-display-component---NewSite--addressEditDetailsCostObjectCstType-arrow"},"wdio_ui5_key":"applicationmanagesites-display-component---NewSite--addressEditDetailsCostObjectCstType-arrow"}]}
RESULT: {"script":"<script> [1562 bytes]","args":[{"selector":{"id":"application-managesites-display-component---NewSite--addressEditDetailsCostObjectCstType-arrow"},"wdio_ui5_key":"applicationmanagesites-display-component---NewSite--addressEditDetailsCostObjectCstType-arrow"}]}
RESULT: undefined
COMMAND: POST /session/f67d1ccb760c54e6337a253aaf22b074/element - {"using":"xpath","value":"//*[@id=\"application-managesites-display-component---NewSite--addressEditDetailsCostObjectCstType-arrow\"]"}
RESULT: {"using":"xpath","value":"//*[@id=\"application-managesites-display-component---NewSite--addressEditDetailsCostObjectCstType-arrow\"]"}
COMMAND: POST /session/f67d1ccb760c54e6337a253aaf22b074/element/f.1FD5299C05E009DC8D82F3579F178006.d.915A980C2DC98A0E3910059BACC50827.e.2221/click - {}
RESULT: {}
COMMAND: POST /session/f67d1ccb760c54e6337a253aaf22b074/element - {"using":"xpath","value":"//span[contains(text(), \"Cost Center\")]"}
COMMAND: GET /session/f67d1ccb760c54e6337a253aaf22b074/screenshot - {}
RESULT: {"using":"xpath","value":"//span[contains(text(), \"Cost Center\")]"}
COMMAND: POST /session/f67d1ccb760c54e6337a253aaf22b074/element/f.1FD5299C05E009DC8D82F3579F178006.d.915A980C2DC98A0E3910059BACC50827.e.2222/click - {}
RESULT: {}
RESULT: {}
COMMAND: GET /session/f67d1ccb760c54e6337a253aaf22b074/screenshot - {}
RESULT: {}
COMMAND: POST /session/f67d1ccb760c54e6337a253aaf22b074/element - {"using":"xpath","value":"//span[@id=\"application-managesites-display-component---NewSite--addressNewCostObjectCstID-vhi\"]"}
RESULT: {"using":"xpath","value":"//span[@id=\"application-managesites-display-component---NewSite--addressNewCostObjectCstID-vhi\"]"}
COMMAND: POST /session/f67d1ccb760c54e6337a253aaf22b074/execute/sync - {"script":"<script> [8489 bytes]","args":[{"element-6066-11e4-a52e-4f735466cecf":"f.1FD5299C05E009DC8D82F3579F178006.d.915A980C2DC98A0E3910059BACC50827.e.2227","ELEMENT":"f.1FD5299C05E009DC8D82F3579F178006.d.915A980C2DC98A0E3910059BACC50827.e.2227"}]}
RESULT: {"script":"<script> [8489 bytes]","args":[{"element-6066-11e4-a52e-4f735466cecf":"f.1FD5299C05E009DC8D82F3579F178006.d.915A980C2DC98A0E3910059BACC50827.e.2227","ELEMENT":"f.1FD5299C05E009DC8D82F3579F178006.d.915A980C2DC98A0E3910059BACC50827.e.2227"}]}
COMMAND: POST /session/f67d1ccb760c54e6337a253aaf22b074/execute/async - {"script":"<script> [1562 bytes]","args":[{"selector":{"id":"application-managesites-display-component---NewSite--addressNewCostObjectCstID-vhi"},"wdio_ui5_key":"applicationmanagesites-display-component---NewSite--addressNewCostObjectCstID-vhi"}]}
COMMAND: GET /session/f67d1ccb760c54e6337a253aaf22b074/screenshot - {}
RESULT: {"script":"<script> [1562 bytes]","args":[{"selector":{"id":"application-managesites-display-component---NewSite--addressNewCostObjectCstID-vhi"},"wdio_ui5_key":"applicationmanagesites-display-component---NewSite--addressNewCostObjectCstID-vhi"}]}
RESULT: undefined
COMMAND: POST /session/f67d1ccb760c54e6337a253aaf22b074/element - {"using":"xpath","value":"//*[@id=\"application-managesites-display-component---NewSite--addressNewCostObjectCstID-vhi\"]"}
RESULT: {}
RESULT: {"using":"xpath","value":"//*[@id=\"application-managesites-display-component---NewSite--addressNewCostObjectCstID-vhi\"]"}
COMMAND: POST /session/f67d1ccb760c54e6337a253aaf22b074/element/f.1FD5299C05E009DC8D82F3579F178006.d.915A980C2DC98A0E3910059BACC50827.e.2227/click - {}
RESULT: {}
COMMAND: GET /session/f67d1ccb760c54e6337a253aaf22b074/screenshot - {}
RESULT: {}
RESULT: undefined
COMMAND: POST /session/f67d1ccb760c54e6337a253aaf22b074/execute/async - {"script":"<script> [776 bytes]","args":[{"enterText":"10001013","selector":{"controlType":"sap.m.SearchField","properties":{"placeholder":"Search"},"searchOpenDialogs":true,"interaction":{"idSuffix":"I"}},"clearTextFirst":true,"interactionType":"ENTER_TEXT"}]}
RESULT: {"script":"<script> [776 bytes]","args":[{"enterText":"10001013","selector":{"controlType":"sap.m.SearchField","properties":{"placeholder":"Search"},"searchOpenDialogs":true,"interaction":{"idSuffix":"I"}},"clearTextFirst":true,"interactionType":"ENTER_TEXT"}]}
COMMAND: POST /session/f67d1ccb760c54e6337a253aaf22b074/actions - {"actions":[{"id":"action5","type":"key","parameters":{},"actions":[{"type":"keyDown","value":"î€‡"},{"type":"pause","duration":10},{"type":"keyUp","value":"î€‡"}]}]}
RESULT: {"actions":[{"id":"action5","type":"key","parameters":{},"actions":[{"type":"keyDown","value":"î€‡"},{"type":"pause","duration":10},{"type":"keyUp","value":"î€‡"}]}]}
COMMAND: GET /session/f67d1ccb760c54e6337a253aaf22b074/screenshot - {}
RESULT: {}
COMMAND: POST /session/f67d1ccb760c54e6337a253aaf22b074/element - {"using":"xpath","value":"//span[contains(text(), \"General Management\")]"}
RESULT: {"using":"xpath","value":"//span[contains(text(), \"General Management\")]"}
COMMAND: POST /session/f67d1ccb760c54e6337a253aaf22b074/element/f.1FD5299C05E009DC8D82F3579F178006.d.915A980C2DC98A0E3910059BACC50827.e.2266/click - {}
RESULT: {}
COMMAND: GET /session/f67d1ccb760c54e6337a253aaf22b074/screenshot - {}
RESULT: {}
COMMAND: POST /session/f67d1ccb760c54e6337a253aaf22b074/element - {"using":"xpath","value":"//bdi[contains(text(), \"OK\")]"}
RESULT: {"using":"xpath","value":"//bdi[contains(text(), \"OK\")]"}
COMMAND: POST /session/f67d1ccb760c54e6337a253aaf22b074/element/f.1FD5299C05E009DC8D82F3579F178006.d.915A980C2DC98A0E3910059BACC50827.e.2267/click - {}
RESULT: {}
COMMAND: GET /session/f67d1ccb760c54e6337a253aaf22b074/screenshot - {}
RESULT: {}
COMMAND: POST /session/f67d1ccb760c54e6337a253aaf22b074/element - {"using":"xpath","value":"//input[@id=\"application-managesites-display-component---NewSite--addressDetailDetailsCalendar-inner\"]"}
RESULT: {"using":"xpath","value":"//input[@id=\"application-managesites-display-component---NewSite--addressDetailDetailsCalendar-inner\"]"}
COMMAND: POST /session/f67d1ccb760c54e6337a253aaf22b074/element/f.1FD5299C05E009DC8D82F3579F178006.d.915A980C2DC98A0E3910059BACC50827.e.2017/clear - {}
RESULT: {}
COMMAND: POST /session/f67d1ccb760c54e6337a253aaf22b074/element/f.1FD5299C05E009DC8D82F3579F178006.d.915A980C2DC98A0E3910059BACC50827.e.2017/value - {"text":"Unit"}
COMMAND: GET /session/f67d1ccb760c54e6337a253aaf22b074/screenshot - {}
RESULT: {"text":"Unit"}
COMMAND: GET /session/f67d1ccb760c54e6337a253aaf22b074/screenshot - {}
RESULT: {}
RESULT: {}
COMMAND: POST /session/f67d1ccb760c54e6337a253aaf22b074/actions - {"actions":[{"id":"action6","type":"key","parameters":{},"actions":[{"type":"keyDown","value":"î€‡"},{"type":"pause","duration":10},{"type":"keyUp","value":"î€‡"}]}]}
RESULT: {"actions":[{"id":"action6","type":"key","parameters":{},"actions":[{"type":"keyDown","value":"î€‡"},{"type":"pause","duration":10},{"type":"keyUp","value":"î€‡"}]}]}
COMMAND: POST /session/f67d1ccb760c54e6337a253aaf22b074/element - {"using":"xpath","value":"//input[@id=\"application-managesites-display-component---NewSite--addressDetailDetailsYard-inner\"]"}
COMMAND: GET /session/f67d1ccb760c54e6337a253aaf22b074/screenshot - {}
RESULT: {"using":"xpath","value":"//input[@id=\"application-managesites-display-component---NewSite--addressDetailDetailsYard-inner\"]"}
COMMAND: POST /session/f67d1ccb760c54e6337a253aaf22b074/element/f.1FD5299C05E009DC8D82F3579F178006.d.915A980C2DC98A0E3910059BACC50827.e.2018/clear - {}
RESULT: {}
RESULT: {}
COMMAND: POST /session/f67d1ccb760c54e6337a253aaf22b074/element/f.1FD5299C05E009DC8D82F3579F178006.d.915A980C2DC98A0E3910059BACC50827.e.2018/value - {"text":"535"}
COMMAND: GET /session/f67d1ccb760c54e6337a253aaf22b074/screenshot - {}
RESULT: {"text":"535"}
COMMAND: GET /session/f67d1ccb760c54e6337a253aaf22b074/screenshot - {}
RESULT: {}
RESULT: {}
COMMAND: POST /session/f67d1ccb760c54e6337a253aaf22b074/element - {"using":"xpath","value":"//li[.//span[text()='535']]"}
RESULT: {"using":"xpath","value":"//li[.//span[text()='535']]"}
COMMAND: POST /session/f67d1ccb760c54e6337a253aaf22b074/element/f.1FD5299C05E009DC8D82F3579F178006.d.915A980C2DC98A0E3910059BACC50827.e.2275/click - {}
RESULT: {}
COMMAND: GET /session/f67d1ccb760c54e6337a253aaf22b074/screenshot - {}
RESULT: {}
COMMAND: POST /session/f67d1ccb760c54e6337a253aaf22b074/element - {"using":"xpath","value":"//input[@id=\"application-managesites-display-component---NewSite--addressDetailDetailsPartner-inner\"]"}
RESULT: {"using":"xpath","value":"//input[@id=\"application-managesites-display-component---NewSite--addressDetailDetailsPartner-inner\"]"}
COMMAND: POST /session/f67d1ccb760c54e6337a253aaf22b074/element - {"using":"xpath","value":"//input[@id=\"application-managesites-display-component---NewSite--addressDetailDetailsPartner-inner\"]"}
RESULT: {"using":"xpath","value":"//input[@id=\"application-managesites-display-component---NewSite--addressDetailDetailsPartner-inner\"]"}
COMMAND: POST /session/f67d1ccb760c54e6337a253aaf22b074/element - {"using":"xpath","value":"//button[@data-kt=\"saveButton\"]"}
RESULT: {"using":"xpath","value":"//button[@data-kt=\"saveButton\"]"}
COMMAND: POST /session/f67d1ccb760c54e6337a253aaf22b074/element/f.1FD5299C05E009DC8D82F3579F178006.d.915A980C2DC98A0E3910059BACC50827.e.2193/click - {}
RESULT: {}
COMMAND: GET /session/f67d1ccb760c54e6337a253aaf22b074/screenshot - {}
RESULT: {}
COMMAND: POST /session/f67d1ccb760c54e6337a253aaf22b074/element - {"using":"xpath","value":"//header[contains(@id, 'ObjectPageLayout-headerTitle')]/div[1]/div[2]/div[2]/span[1]"}
RESULT: {"using":"xpath","value":"//header[contains(@id, 'ObjectPageLayout-headerTitle')]/div[1]/div[2]/div[2]/span[1]"}
COMMAND: POST /session/f67d1ccb760c54e6337a253aaf22b074/elements - {"using":"xpath","value":"//header[contains(@id, 'ObjectPageLayout-headerTitle')]/div[1]/div[2]/div[2]/span[1]"}
RESULT: {"using":"xpath","value":"//header[contains(@id, 'ObjectPageLayout-headerTitle')]/div[1]/div[2]/div[2]/span[1]"}
COMMAND: POST /session/f67d1ccb760c54e6337a253aaf22b074/execute/sync - {"script":"<script> [56 bytes]","args":[{"element-6066-11e4-a52e-4f735466cecf":"f.1FD5299C05E009DC8D82F3579F178006.d.915A980C2DC98A0E3910059BACC50827.e.2481","ELEMENT":"f.1FD5299C05E009DC8D82F3579F178006.d.915A980C2DC98A0E3910059BACC50827.e.2481"}]}
RESULT: {"script":"<script> [56 bytes]","args":[{"element-6066-11e4-a52e-4f735466cecf":"f.1FD5299C05E009DC8D82F3579F178006.d.915A980C2DC98A0E3910059BACC50827.e.2481","ELEMENT":"f.1FD5299C05E009DC8D82F3579F178006.d.915A980C2DC98A0E3910059BACC50827.e.2481"}]}
COMMAND: POST /session/f67d1ccb760c54e6337a253aaf22b074/element - {"using":"css selector","value":"#shell-header-logo"}
COMMAND: GET /session/f67d1ccb760c54e6337a253aaf22b074/screenshot - {}
RESULT: {"using":"css selector","value":"#shell-header-logo"}
COMMAND: POST /session/f67d1ccb760c54e6337a253aaf22b074/element/f.1FD5299C05E009DC8D82F3579F178006.d.915A980C2DC98A0E3910059BACC50827.e.1772/click - {}
RESULT: {}
RESULT: {}
COMMAND: GET /session/f67d1ccb760c54e6337a253aaf22b074/screenshot - {}
RESULT: {}
COMMAND: POST /session/f67d1ccb760c54e6337a253aaf22b074/execute/sync - {"script":"<script> [299 bytes]","args":[["getModel","getResource"]]}
RESULT: {"script":"<script> [299 bytes]","args":[["getModel","getResource"]]}
COMMAND: POST /session/f67d1ccb760c54e6337a253aaf22b074/element - {"using":"xpath","value":"//button[.//bdi[contains(text(), \"Close\")]]"}
COMMAND: GET /session/f67d1ccb760c54e6337a253aaf22b074/screenshot - {}
RESULT: {"using":"xpath","value":"//button[.//bdi[contains(text(), \"Close\")]]"}
COMMAND: POST /session/f67d1ccb760c54e6337a253aaf22b074/element/f.1FD5299C05E009DC8D82F3579F178006.d.915A980C2DC98A0E3910059BACC50827.e.2483/click - {}
RESULT: {}
RESULT: {}
COMMAND: GET /session/f67d1ccb760c54e6337a253aaf22b074/screenshot - {}
RESULT: {}
COMMAND: POST /session/f67d1ccb760c54e6337a253aaf22b074/refresh - {}
RESULT: {}
COMMAND: GET /session/f67d1ccb760c54e6337a253aaf22b074/screenshot - {}
RESULT: {}
COMMAND: POST /session/f67d1ccb760c54e6337a253aaf22b074/refresh - {}
RESULT: {}
COMMAND: GET /session/f67d1ccb760c54e6337a253aaf22b074/screenshot - {}
RESULT: {}
COMMAND: POST /session/f67d1ccb760c54e6337a253aaf22b074/window/fullscreen - {}
RESULT: {}
COMMAND: POST /session/f67d1ccb760c54e6337a253aaf22b074/execute/async - {"script":"<script> [189 bytes]","args":[]}
RESULT: {"script":"<script> [189 bytes]","args":[]}
COMMAND: POST /session/f67d1ccb760c54e6337a253aaf22b074/execute/async - {"script":"<script> [123 bytes]","args":[]}
RESULT: {"script":"<script> [123 bytes]","args":[]}
COMMAND: POST /session/f67d1ccb760c54e6337a253aaf22b074/timeouts - {"script":"<number>"}
RESULT: {"script":"<number>"}
COMMAND: GET /session/f67d1ccb760c54e6337a253aaf22b074/timeouts - {}
RESULT: {}
RESULT: undefined
COMMAND: POST /session/f67d1ccb760c54e6337a253aaf22b074/execute/async - {"script":"<script> [2676 bytes]","args":[]}
RESULT: {"script":"<script> [2676 bytes]","args":[]}
COMMAND: POST /session/f67d1ccb760c54e6337a253aaf22b074/execute/async - {"script":"<script> [2342 bytes]","args":[{"protocol":"http","hostname":"0.0.0.0","path":"/","capabilities":{"browserName":"chrome","goog:chromeOptions":{"binary":"C:\\Program Files\\Google\\Chrome\\Application\\chrome.exe","args":["--start-maximized"]}},"logLevel":"warn","connectionRetryTimeout":120000,"connectionRetryCount":3,"logLevels":{},"enableDirectConnect":true,"strictSSL":true,"_":"65 more keys: [\"cacheDir\",\"port\",\"requestedCapabilities\",\"automationProtocol\",\"baseUrl\",\"waitforInterval\",\"waitforTimeout\",\"onReload\",\"beforeCommand\",\"afterCommand\",\"rootDir\",\"specs\",\"suites\",\"exclude\",\"groupLogsByTestSpec\",\"excludeDriverLogs\",\"bail\",\"framework\",\"reporters\",\"services\",\"maxInstances\",\"maxInstancesPerCapability\",\"injectGlobals\",\"filesToWatch\",\"execArgv\",\"runnerEnv\",\"runner\",\"shard\",\"specFileRetries\",\"specFileRetriesDelay\",\"specFileRetriesDeferred\",\"reporterSyncInterval\",\"reporterSyncTimeout\",\"cucumberFeaturesWithLineNumbers\",\"autoCompileOpts\",\"mochaOpts\",\"jasmineOpts\",\"cucumberOpts\",\"onPrepare\",\"onWorkerStart\",\"onWorkerEnd\",\"before\",\"beforeSession\",\"beforeSuite\",\"beforeHook\",\"beforeTest\",\"afterTest\",\"afterHook\",\"afterSuite\",\"afterSession\",\"after\",\"onComplete\",\"beforeAssertion\",\"afterAssertion\",\"beforeFeature\",\"beforeScenario\",\"beforeStep\",\"afterStep\",\"afterScenario\",\"afterFeature\",\"_\",\"suite\",\"$0\",\"ignoredWorkerServices\",\"wdi5\"]"}]}
RESULT: {"script":"<script> [2342 bytes]","args":[{"protocol":"http","hostname":"0.0.0.0","path":"/","capabilities":{"browserName":"chrome","goog:chromeOptions":{"binary":"C:\\Program Files\\Google\\Chrome\\Application\\chrome.exe","args":["--start-maximized"]}},"logLevel":"warn","connectionRetryTimeout":120000,"connectionRetryCount":3,"logLevels":{},"enableDirectConnect":true,"strictSSL":true,"_":"65 more keys: [\"cacheDir\",\"port\",\"requestedCapabilities\",\"automationProtocol\",\"baseUrl\",\"waitforInterval\",\"waitforTimeout\",\"onReload\",\"beforeCommand\",\"afterCommand\",\"rootDir\",\"specs\",\"suites\",\"exclude\",\"groupLogsByTestSpec\",\"excludeDriverLogs\",\"bail\",\"framework\",\"reporters\",\"services\",\"maxInstances\",\"maxInstancesPerCapability\",\"injectGlobals\",\"filesToWatch\",\"execArgv\",\"runnerEnv\",\"runner\",\"shard\",\"specFileRetries\",\"specFileRetriesDelay\",\"specFileRetriesDeferred\",\"reporterSyncInterval\",\"reporterSyncTimeout\",\"cucumberFeaturesWithLineNumbers\",\"autoCompileOpts\",\"mochaOpts\",\"jasmineOpts\",\"cucumberOpts\",\"onPrepare\",\"onWorkerStart\",\"onWorkerEnd\",\"before\",\"beforeSession\",\"beforeSuite\",\"beforeHook\",\"beforeTest\",\"afterTest\",\"afterHook\",\"afterSuite\",\"afterSession\",\"after\",\"onComplete\",\"beforeAssertion\",\"afterAssertion\",\"beforeFeature\",\"beforeScenario\",\"beforeStep\",\"afterStep\",\"afterScenario\",\"afterFeature\",\"_\",\"suite\",\"$0\",\"ignoredWorkerServices\",\"wdi5\"]"}]}
COMMAND: POST /session/f67d1ccb760c54e6337a253aaf22b074/execute/async - {"script":"<script> [21126 bytes]","args":[35000]}
RESULT: {"script":"<script> [21126 bytes]","args":[35000]}
COMMAND: POST /session/f67d1ccb760c54e6337a253aaf22b074/window/fullscreen - {}
RESULT: {}
]]></system-out>
    </testcase>
    <testcase classname="chrome.135_0_7049_96.windows.Tests_for_Mass_State_Change_on_Manage_States_&amp;_Performances_US104416_US" name="Prereq Should create a new equipment multipart" time="129.652">
      <system-out><![CDATA[
COMMAND: POST /session/f67d1ccb760c54e6337a253aaf22b074/execute/async - {"script":"<script> [1562 bytes]","args":[{"selector":{"controlType":"sap.m.GenericTile","properties":{"header":"Manage Resources"}},"wdio_ui5_key":"sapm.GenericTile{\"header\":\"Manage Resources\"}"}]}
RESULT: {"script":"<script> [1562 bytes]","args":[{"selector":{"controlType":"sap.m.GenericTile","properties":{"header":"Manage Resources"}},"wdio_ui5_key":"sapm.GenericTile{\"header\":\"Manage Resources\"}"}]}
RESULT: undefined
COMMAND: POST /session/f67d1ccb760c54e6337a253aaf22b074/element - {"using":"xpath","value":"//*[@id=\"__tile31\"]"}
RESULT: {"using":"xpath","value":"//*[@id=\"__tile31\"]"}
COMMAND: POST /session/f67d1ccb760c54e6337a253aaf22b074/element/f.1FD5299C05E009DC8D82F3579F178006.d.D82C9D8404A2AE6BA011F95215135121.e.2553/click - {}
RESULT: {}
COMMAND: POST /session/f67d1ccb760c54e6337a253aaf22b074/element - {"using":"xpath","value":"//button[@data-kt=\"addNewRUOverflowToolbarButton\"]"}
COMMAND: GET /session/f67d1ccb760c54e6337a253aaf22b074/screenshot - {}
RESULT: {"using":"xpath","value":"//button[@data-kt=\"addNewRUOverflowToolbarButton\"]"}
COMMAND: POST /session/f67d1ccb760c54e6337a253aaf22b074/elements - {"using":"xpath","value":"//button[@data-kt=\"addNewRUOverflowToolbarButton\"]"}
RESULT: {}
RESULT: {"using":"xpath","value":"//button[@data-kt=\"addNewRUOverflowToolbarButton\"]"}
COMMAND: POST /session/f67d1ccb760c54e6337a253aaf22b074/elements - {"using":"xpath","value":"//button[@data-kt=\"addNewRUOverflowToolbarButton\"]"}
RESULT: {"using":"xpath","value":"//button[@data-kt=\"addNewRUOverflowToolbarButton\"]"}
COMMAND: POST /session/f67d1ccb760c54e6337a253aaf22b074/elements - {"using":"xpath","value":"//button[@data-kt=\"addNewRUOverflowToolbarButton\"]"}
RESULT: {"using":"xpath","value":"//button[@data-kt=\"addNewRUOverflowToolbarButton\"]"}
COMMAND: POST /session/f67d1ccb760c54e6337a253aaf22b074/elements - {"using":"xpath","value":"//button[@data-kt=\"addNewRUOverflowToolbarButton\"]"}
RESULT: {"using":"xpath","value":"//button[@data-kt=\"addNewRUOverflowToolbarButton\"]"}
COMMAND: POST /session/f67d1ccb760c54e6337a253aaf22b074/elements - {"using":"xpath","value":"//button[@data-kt=\"addNewRUOverflowToolbarButton\"]"}
RESULT: {"using":"xpath","value":"//button[@data-kt=\"addNewRUOverflowToolbarButton\"]"}
COMMAND: POST /session/f67d1ccb760c54e6337a253aaf22b074/elements - {"using":"xpath","value":"//button[@data-kt=\"addNewRUOverflowToolbarButton\"]"}
RESULT: {"using":"xpath","value":"//button[@data-kt=\"addNewRUOverflowToolbarButton\"]"}
COMMAND: POST /session/f67d1ccb760c54e6337a253aaf22b074/elements - {"using":"xpath","value":"//button[@data-kt=\"addNewRUOverflowToolbarButton\"]"}
RESULT: {"using":"xpath","value":"//button[@data-kt=\"addNewRUOverflowToolbarButton\"]"}
COMMAND: POST /session/f67d1ccb760c54e6337a253aaf22b074/elements - {"using":"xpath","value":"//button[@data-kt=\"addNewRUOverflowToolbarButton\"]"}
RESULT: {"using":"xpath","value":"//button[@data-kt=\"addNewRUOverflowToolbarButton\"]"}
COMMAND: POST /session/f67d1ccb760c54e6337a253aaf22b074/elements - {"using":"xpath","value":"//button[@data-kt=\"addNewRUOverflowToolbarButton\"]"}
RESULT: {"using":"xpath","value":"//button[@data-kt=\"addNewRUOverflowToolbarButton\"]"}
COMMAND: POST /session/f67d1ccb760c54e6337a253aaf22b074/elements - {"using":"xpath","value":"//button[@data-kt=\"addNewRUOverflowToolbarButton\"]"}
RESULT: {"using":"xpath","value":"//button[@data-kt=\"addNewRUOverflowToolbarButton\"]"}
COMMAND: POST /session/f67d1ccb760c54e6337a253aaf22b074/elements - {"using":"xpath","value":"//button[@data-kt=\"addNewRUOverflowToolbarButton\"]"}
RESULT: {"using":"xpath","value":"//button[@data-kt=\"addNewRUOverflowToolbarButton\"]"}
COMMAND: POST /session/f67d1ccb760c54e6337a253aaf22b074/elements - {"using":"xpath","value":"//button[@data-kt=\"addNewRUOverflowToolbarButton\"]"}
RESULT: {"using":"xpath","value":"//button[@data-kt=\"addNewRUOverflowToolbarButton\"]"}
COMMAND: POST /session/f67d1ccb760c54e6337a253aaf22b074/elements - {"using":"xpath","value":"//button[@data-kt=\"addNewRUOverflowToolbarButton\"]"}
RESULT: {"using":"xpath","value":"//button[@data-kt=\"addNewRUOverflowToolbarButton\"]"}
COMMAND: POST /session/f67d1ccb760c54e6337a253aaf22b074/elements - {"using":"xpath","value":"//button[@data-kt=\"addNewRUOverflowToolbarButton\"]"}
RESULT: {"using":"xpath","value":"//button[@data-kt=\"addNewRUOverflowToolbarButton\"]"}
COMMAND: POST /session/f67d1ccb760c54e6337a253aaf22b074/elements - {"using":"xpath","value":"//button[@data-kt=\"addNewRUOverflowToolbarButton\"]"}
RESULT: {"using":"xpath","value":"//button[@data-kt=\"addNewRUOverflowToolbarButton\"]"}
COMMAND: POST /session/f67d1ccb760c54e6337a253aaf22b074/elements - {"using":"xpath","value":"//button[@data-kt=\"addNewRUOverflowToolbarButton\"]"}
RESULT: {"using":"xpath","value":"//button[@data-kt=\"addNewRUOverflowToolbarButton\"]"}
COMMAND: POST /session/f67d1ccb760c54e6337a253aaf22b074/elements - {"using":"xpath","value":"//button[@data-kt=\"addNewRUOverflowToolbarButton\"]"}
RESULT: {"using":"xpath","value":"//button[@data-kt=\"addNewRUOverflowToolbarButton\"]"}
COMMAND: POST /session/f67d1ccb760c54e6337a253aaf22b074/elements - {"using":"xpath","value":"//button[@data-kt=\"addNewRUOverflowToolbarButton\"]"}
RESULT: {"using":"xpath","value":"//button[@data-kt=\"addNewRUOverflowToolbarButton\"]"}
COMMAND: POST /session/f67d1ccb760c54e6337a253aaf22b074/elements - {"using":"xpath","value":"//button[@data-kt=\"addNewRUOverflowToolbarButton\"]"}
RESULT: {"using":"xpath","value":"//button[@data-kt=\"addNewRUOverflowToolbarButton\"]"}
COMMAND: POST /session/f67d1ccb760c54e6337a253aaf22b074/elements - {"using":"xpath","value":"//button[@data-kt=\"addNewRUOverflowToolbarButton\"]"}
RESULT: {"using":"xpath","value":"//button[@data-kt=\"addNewRUOverflowToolbarButton\"]"}
COMMAND: POST /session/f67d1ccb760c54e6337a253aaf22b074/elements - {"using":"xpath","value":"//button[@data-kt=\"addNewRUOverflowToolbarButton\"]"}
RESULT: {"using":"xpath","value":"//button[@data-kt=\"addNewRUOverflowToolbarButton\"]"}
COMMAND: POST /session/f67d1ccb760c54e6337a253aaf22b074/elements - {"using":"xpath","value":"//button[@data-kt=\"addNewRUOverflowToolbarButton\"]"}
RESULT: {"using":"xpath","value":"//button[@data-kt=\"addNewRUOverflowToolbarButton\"]"}
COMMAND: POST /session/f67d1ccb760c54e6337a253aaf22b074/elements - {"using":"xpath","value":"//button[@data-kt=\"addNewRUOverflowToolbarButton\"]"}
RESULT: {"using":"xpath","value":"//button[@data-kt=\"addNewRUOverflowToolbarButton\"]"}
COMMAND: POST /session/f67d1ccb760c54e6337a253aaf22b074/elements - {"using":"xpath","value":"//button[@data-kt=\"addNewRUOverflowToolbarButton\"]"}
RESULT: {"using":"xpath","value":"//button[@data-kt=\"addNewRUOverflowToolbarButton\"]"}
COMMAND: POST /session/f67d1ccb760c54e6337a253aaf22b074/elements - {"using":"xpath","value":"//button[@data-kt=\"addNewRUOverflowToolbarButton\"]"}
RESULT: {"using":"xpath","value":"//button[@data-kt=\"addNewRUOverflowToolbarButton\"]"}
COMMAND: POST /session/f67d1ccb760c54e6337a253aaf22b074/elements - {"using":"xpath","value":"//button[@data-kt=\"addNewRUOverflowToolbarButton\"]"}
RESULT: {"using":"xpath","value":"//button[@data-kt=\"addNewRUOverflowToolbarButton\"]"}
COMMAND: POST /session/f67d1ccb760c54e6337a253aaf22b074/elements - {"using":"xpath","value":"//button[@data-kt=\"addNewRUOverflowToolbarButton\"]"}
RESULT: {"using":"xpath","value":"//button[@data-kt=\"addNewRUOverflowToolbarButton\"]"}
COMMAND: POST /session/f67d1ccb760c54e6337a253aaf22b074/elements - {"using":"xpath","value":"//button[@data-kt=\"addNewRUOverflowToolbarButton\"]"}
RESULT: {"using":"xpath","value":"//button[@data-kt=\"addNewRUOverflowToolbarButton\"]"}
COMMAND: POST /session/f67d1ccb760c54e6337a253aaf22b074/elements - {"using":"xpath","value":"//button[@data-kt=\"addNewRUOverflowToolbarButton\"]"}
RESULT: {"using":"xpath","value":"//button[@data-kt=\"addNewRUOverflowToolbarButton\"]"}
COMMAND: POST /session/f67d1ccb760c54e6337a253aaf22b074/elements - {"using":"xpath","value":"//button[@data-kt=\"addNewRUOverflowToolbarButton\"]"}
RESULT: {"using":"xpath","value":"//button[@data-kt=\"addNewRUOverflowToolbarButton\"]"}
COMMAND: POST /session/f67d1ccb760c54e6337a253aaf22b074/elements - {"using":"xpath","value":"//button[@data-kt=\"addNewRUOverflowToolbarButton\"]"}
RESULT: {"using":"xpath","value":"//button[@data-kt=\"addNewRUOverflowToolbarButton\"]"}
COMMAND: POST /session/f67d1ccb760c54e6337a253aaf22b074/elements - {"using":"xpath","value":"//button[@data-kt=\"addNewRUOverflowToolbarButton\"]"}
RESULT: {"using":"xpath","value":"//button[@data-kt=\"addNewRUOverflowToolbarButton\"]"}
COMMAND: POST /session/f67d1ccb760c54e6337a253aaf22b074/element - {"using":"xpath","value":"//button[@data-kt=\"addNewRUOverflowToolbarButton\"]"}
RESULT: {"using":"xpath","value":"//button[@data-kt=\"addNewRUOverflowToolbarButton\"]"}
COMMAND: POST /session/f67d1ccb760c54e6337a253aaf22b074/execute/sync - {"script":"<script> [8489 bytes]","args":[{"element-6066-11e4-a52e-4f735466cecf":"f.1FD5299C05E009DC8D82F3579F178006.d.D82C9D8404A2AE6BA011F95215135121.e.2663","ELEMENT":"f.1FD5299C05E009DC8D82F3579F178006.d.D82C9D8404A2AE6BA011F95215135121.e.2663"}]}
RESULT: {"script":"<script> [8489 bytes]","args":[{"element-6066-11e4-a52e-4f735466cecf":"f.1FD5299C05E009DC8D82F3579F178006.d.D82C9D8404A2AE6BA011F95215135121.e.2663","ELEMENT":"f.1FD5299C05E009DC8D82F3579F178006.d.D82C9D8404A2AE6BA011F95215135121.e.2663"}]}
COMMAND: GET /session/f67d1ccb760c54e6337a253aaf22b074/element/f.1FD5299C05E009DC8D82F3579F178006.d.D82C9D8404A2AE6BA011F95215135121.e.2663/enabled - {}
COMMAND: GET /session/f67d1ccb760c54e6337a253aaf22b074/screenshot - {}
RESULT: {}
COMMAND: POST /session/f67d1ccb760c54e6337a253aaf22b074/execute/sync - {"script":"<script> [8489 bytes]","args":[{"element-6066-11e4-a52e-4f735466cecf":"f.1FD5299C05E009DC8D82F3579F178006.d.D82C9D8404A2AE6BA011F95215135121.e.2663","ELEMENT":"f.1FD5299C05E009DC8D82F3579F178006.d.D82C9D8404A2AE6BA011F95215135121.e.2663"}]}
COMMAND: GET /session/f67d1ccb760c54e6337a253aaf22b074/screenshot - {}
RESULT: {}
RESULT: {"script":"<script> [8489 bytes]","args":[{"element-6066-11e4-a52e-4f735466cecf":"f.1FD5299C05E009DC8D82F3579F178006.d.D82C9D8404A2AE6BA011F95215135121.e.2663","ELEMENT":"f.1FD5299C05E009DC8D82F3579F178006.d.D82C9D8404A2AE6BA011F95215135121.e.2663"}]}
COMMAND: POST /session/f67d1ccb760c54e6337a253aaf22b074/execute/sync - {"script":"<script> [5351 bytes]","args":[{"element-6066-11e4-a52e-4f735466cecf":"f.1FD5299C05E009DC8D82F3579F178006.d.D82C9D8404A2AE6BA011F95215135121.e.2663","ELEMENT":"f.1FD5299C05E009DC8D82F3579F178006.d.D82C9D8404A2AE6BA011F95215135121.e.2663"}]}
COMMAND: GET /session/f67d1ccb760c54e6337a253aaf22b074/screenshot - {}
RESULT: {}
RESULT: {"script":"<script> [5351 bytes]","args":[{"element-6066-11e4-a52e-4f735466cecf":"f.1FD5299C05E009DC8D82F3579F178006.d.D82C9D8404A2AE6BA011F95215135121.e.2663","ELEMENT":"f.1FD5299C05E009DC8D82F3579F178006.d.D82C9D8404A2AE6BA011F95215135121.e.2663"}]}
COMMAND: POST /session/f67d1ccb760c54e6337a253aaf22b074/element/f.1FD5299C05E009DC8D82F3579F178006.d.D82C9D8404A2AE6BA011F95215135121.e.2663/click - {}
COMMAND: GET /session/f67d1ccb760c54e6337a253aaf22b074/screenshot - {}
RESULT: {}
RESULT: {}
COMMAND: GET /session/f67d1ccb760c54e6337a253aaf22b074/screenshot - {}
RESULT: {}
RESULT: {}
COMMAND: POST /session/f67d1ccb760c54e6337a253aaf22b074/execute/async - {"script":"<script> [1562 bytes]","args":[{"selector":{"id":"application-manageresources-display-component---newResourceUnit--TYPE-arrow"},"wdio_ui5_key":"applicationmanageresources-display-component---newResourceUnit--TYPE-arrow"}]}
RESULT: {"script":"<script> [1562 bytes]","args":[{"selector":{"id":"application-manageresources-display-component---newResourceUnit--TYPE-arrow"},"wdio_ui5_key":"applicationmanageresources-display-component---newResourceUnit--TYPE-arrow"}]}
RESULT: undefined
COMMAND: POST /session/f67d1ccb760c54e6337a253aaf22b074/element - {"using":"xpath","value":"//*[@id=\"application-manageresources-display-component---newResourceUnit--TYPE-arrow\"]"}
RESULT: {"using":"xpath","value":"//*[@id=\"application-manageresources-display-component---newResourceUnit--TYPE-arrow\"]"}
COMMAND: POST /session/f67d1ccb760c54e6337a253aaf22b074/element/f.1FD5299C05E009DC8D82F3579F178006.d.D82C9D8404A2AE6BA011F95215135121.e.3023/click - {}
RESULT: {}
COMMAND: POST /session/f67d1ccb760c54e6337a253aaf22b074/element - {"using":"xpath","value":"//input[@id=\"application-manageresources-display-component---newResourceUnit--TYPE-inner\"]"}
COMMAND: GET /session/f67d1ccb760c54e6337a253aaf22b074/screenshot - {}
RESULT: {"using":"xpath","value":"//input[@id=\"application-manageresources-display-component---newResourceUnit--TYPE-inner\"]"}
COMMAND: POST /session/f67d1ccb760c54e6337a253aaf22b074/element/f.1FD5299C05E009DC8D82F3579F178006.d.D82C9D8404A2AE6BA011F95215135121.e.3015/clear - {}
RESULT: {}
RESULT: {}
COMMAND: POST /session/f67d1ccb760c54e6337a253aaf22b074/element/f.1FD5299C05E009DC8D82F3579F178006.d.D82C9D8404A2AE6BA011F95215135121.e.3015/value - {"text":"Equi Multipart"}
COMMAND: GET /session/f67d1ccb760c54e6337a253aaf22b074/screenshot - {}
RESULT: {"text":"Equi Multipart"}
COMMAND: GET /session/f67d1ccb760c54e6337a253aaf22b074/screenshot - {}
RESULT: {}
RESULT: {}
COMMAND: POST /session/f67d1ccb760c54e6337a253aaf22b074/actions - {"actions":[{"id":"action7","type":"key","parameters":{},"actions":[{"type":"keyDown","value":"î€‡"},{"type":"pause","duration":10},{"type":"keyUp","value":"î€‡"}]}]}
RESULT: {"actions":[{"id":"action7","type":"key","parameters":{},"actions":[{"type":"keyDown","value":"î€‡"},{"type":"pause","duration":10},{"type":"keyUp","value":"î€‡"}]}]}
COMMAND: POST /session/f67d1ccb760c54e6337a253aaf22b074/execute/async - {"script":"<script> [1562 bytes]","args":[{"selector":{"id":"application-manageresources-display-component---newResourceUnit--SHORT_TEXT","interaction":{"idSuffix":"inner"}},"wdio_ui5_key":"applicationmanageresources-display-component---newResourceUnit--SHORT_TEXT"}]}
COMMAND: GET /session/f67d1ccb760c54e6337a253aaf22b074/screenshot - {}
RESULT: {"script":"<script> [1562 bytes]","args":[{"selector":{"id":"application-manageresources-display-component---newResourceUnit--SHORT_TEXT","interaction":{"idSuffix":"inner"}},"wdio_ui5_key":"applicationmanageresources-display-component---newResourceUnit--SHORT_TEXT"}]}
RESULT: undefined
COMMAND: POST /session/f67d1ccb760c54e6337a253aaf22b074/execute/async - {"script":"<script> [776 bytes]","args":[{"enterText":"Equipment Multipart WDIO","selector":{"id":"application-manageresources-display-component---newResourceUnit--SHORT_TEXT","interaction":{"idSuffix":"inner"}},"clearTextFirst":true,"interactionType":"ENTER_TEXT"}]}
RESULT: {}
RESULT: {"script":"<script> [776 bytes]","args":[{"enterText":"Equipment Multipart WDIO","selector":{"id":"application-manageresources-display-component---newResourceUnit--SHORT_TEXT","interaction":{"idSuffix":"inner"}},"clearTextFirst":true,"interactionType":"ENTER_TEXT"}]}
COMMAND: POST /session/f67d1ccb760c54e6337a253aaf22b074/execute/async - {"script":"<script> [1562 bytes]","args":[{"selector":{"id":"application-manageresources-display-component---newResourceUnit--BASE_UNIT_OF_MEASURE","interaction":{"idSuffix":"inner"}},"wdio_ui5_key":"applicationmanageresources-display-component---newResourceUnit--BASE_UNIT_OF_MEASURE"}]}
RESULT: {"script":"<script> [1562 bytes]","args":[{"selector":{"id":"application-manageresources-display-component---newResourceUnit--BASE_UNIT_OF_MEASURE","interaction":{"idSuffix":"inner"}},"wdio_ui5_key":"applicationmanageresources-display-component---newResourceUnit--BASE_UNIT_OF_MEASURE"}]}
RESULT: undefined
COMMAND: POST /session/f67d1ccb760c54e6337a253aaf22b074/execute/async - {"script":"<script> [776 bytes]","args":[{"enterText":"Piece","selector":{"id":"application-manageresources-display-component---newResourceUnit--BASE_UNIT_OF_MEASURE","interaction":{"idSuffix":"inner"}},"clearTextFirst":true,"interactionType":"ENTER_TEXT"}]}
RESULT: {"script":"<script> [776 bytes]","args":[{"enterText":"Piece","selector":{"id":"application-manageresources-display-component---newResourceUnit--BASE_UNIT_OF_MEASURE","interaction":{"idSuffix":"inner"}},"clearTextFirst":true,"interactionType":"ENTER_TEXT"}]}
COMMAND: POST /session/f67d1ccb760c54e6337a253aaf22b074/execute/async - {"script":"<script> [1562 bytes]","args":[{"selector":{"id":"application-manageresources-display-component---newResourceUnit--WEIGHT_UNIT","interaction":{"idSuffix":"inner"}},"wdio_ui5_key":"applicationmanageresources-display-component---newResourceUnit--WEIGHT_UNIT"}]}
RESULT: {"script":"<script> [1562 bytes]","args":[{"selector":{"id":"application-manageresources-display-component---newResourceUnit--WEIGHT_UNIT","interaction":{"idSuffix":"inner"}},"wdio_ui5_key":"applicationmanageresources-display-component---newResourceUnit--WEIGHT_UNIT"}]}
RESULT: undefined
COMMAND: POST /session/f67d1ccb760c54e6337a253aaf22b074/execute/async - {"script":"<script> [776 bytes]","args":[{"enterText":"Gram","selector":{"id":"application-manageresources-display-component---newResourceUnit--WEIGHT_UNIT","interaction":{"idSuffix":"inner"}},"clearTextFirst":true,"interactionType":"ENTER_TEXT"}]}
RESULT: {"script":"<script> [776 bytes]","args":[{"enterText":"Gram","selector":{"id":"application-manageresources-display-component---newResourceUnit--WEIGHT_UNIT","interaction":{"idSuffix":"inner"}},"clearTextFirst":true,"interactionType":"ENTER_TEXT"}]}
COMMAND: POST /session/f67d1ccb760c54e6337a253aaf22b074/execute/async - {"script":"<script> [1562 bytes]","args":[{"selector":{"id":"application-manageresources-display-component---newResourceUnit--DIMENSION_UNIT","interaction":{"idSuffix":"inner"}},"wdio_ui5_key":"applicationmanageresources-display-component---newResourceUnit--DIMENSION_UNIT"}]}
RESULT: {"script":"<script> [1562 bytes]","args":[{"selector":{"id":"application-manageresources-display-component---newResourceUnit--DIMENSION_UNIT","interaction":{"idSuffix":"inner"}},"wdio_ui5_key":"applicationmanageresources-display-component---newResourceUnit--DIMENSION_UNIT"}]}
RESULT: undefined
COMMAND: POST /session/f67d1ccb760c54e6337a253aaf22b074/execute/async - {"script":"<script> [776 bytes]","args":[{"enterText":"Meter","selector":{"id":"application-manageresources-display-component---newResourceUnit--DIMENSION_UNIT","interaction":{"idSuffix":"inner"}},"clearTextFirst":true,"interactionType":"ENTER_TEXT"}]}
RESULT: {"script":"<script> [776 bytes]","args":[{"enterText":"Meter","selector":{"id":"application-manageresources-display-component---newResourceUnit--DIMENSION_UNIT","interaction":{"idSuffix":"inner"}},"clearTextFirst":true,"interactionType":"ENTER_TEXT"}]}
COMMAND: POST /session/f67d1ccb760c54e6337a253aaf22b074/execute/async - {"script":"<script> [1562 bytes]","args":[{"selector":{"id":"application-manageresources-display-component---newResourceUnit--newRRUPage-anchBar-application-manageresources-display-component---newResourceUnit--control-anchor","interaction":{"idSuffix":"BDI-content"}},"wdio_ui5_key":"applicationmanageresources-display-component---newResourceUnit--newRRUPage-anchBar-application-manageresources-display-component---newResourceUnit--control-anchor"}]}
RESULT: {"script":"<script> [1562 bytes]","args":[{"selector":{"id":"application-manageresources-display-component---newResourceUnit--newRRUPage-anchBar-application-manageresources-display-component---newResourceUnit--control-anchor","interaction":{"idSuffix":"BDI-content"}},"wdio_ui5_key":"applicationmanageresources-display-component---newResourceUnit--newRRUPage-anchBar-application-manageresources-display-component---newResourceUnit--control-anchor"}]}
RESULT: undefined
COMMAND: POST /session/f67d1ccb760c54e6337a253aaf22b074/element - {"using":"xpath","value":"//*[@id=\"application-manageresources-display-component---newResourceUnit--newRRUPage-anchBar-application-manageresources-display-component---newResourceUnit--control-anchor\"]"}
RESULT: {"using":"xpath","value":"//*[@id=\"application-manageresources-display-component---newResourceUnit--newRRUPage-anchBar-application-manageresources-display-component---newResourceUnit--control-anchor\"]"}
COMMAND: POST /session/f67d1ccb760c54e6337a253aaf22b074/element/f.1FD5299C05E009DC8D82F3579F178006.d.D82C9D8404A2AE6BA011F95215135121.e.3095/click - {}
RESULT: {}
COMMAND: POST /session/f67d1ccb760c54e6337a253aaf22b074/execute/async - {"script":"<script> [1562 bytes]","args":[{"selector":{"id":"application-manageresources-display-component---newResourceUnit--PLANNING_GROUP","interaction":{"idSuffix":"inner"}},"wdio_ui5_key":"applicationmanageresources-display-component---newResourceUnit--PLANNING_GROUP"}]}
COMMAND: GET /session/f67d1ccb760c54e6337a253aaf22b074/screenshot - {}
RESULT: {"script":"<script> [1562 bytes]","args":[{"selector":{"id":"application-manageresources-display-component---newResourceUnit--PLANNING_GROUP","interaction":{"idSuffix":"inner"}},"wdio_ui5_key":"applicationmanageresources-display-component---newResourceUnit--PLANNING_GROUP"}]}
RESULT: undefined
COMMAND: POST /session/f67d1ccb760c54e6337a253aaf22b074/execute/async - {"script":"<script> [776 bytes]","args":[{"enterText":"Heavy Equi","selector":{"id":"application-manageresources-display-component---newResourceUnit--PLANNING_GROUP","interaction":{"idSuffix":"inner"}},"clearTextFirst":true,"interactionType":"ENTER_TEXT"}]}
RESULT: {}
RESULT: {"script":"<script> [776 bytes]","args":[{"enterText":"Heavy Equi","selector":{"id":"application-manageresources-display-component---newResourceUnit--PLANNING_GROUP","interaction":{"idSuffix":"inner"}},"clearTextFirst":true,"interactionType":"ENTER_TEXT"}]}
COMMAND: POST /session/f67d1ccb760c54e6337a253aaf22b074/execute/async - {"script":"<script> [1562 bytes]","args":[{"selector":{"id":"application-manageresources-display-component---newResourceUnit--PLANNING_INDICATOR","interaction":{"idSuffix":"inner"}},"wdio_ui5_key":"applicationmanageresources-display-component---newResourceUnit--PLANNING_INDICATOR"}]}
RESULT: {"script":"<script> [1562 bytes]","args":[{"selector":{"id":"application-manageresources-display-component---newResourceUnit--PLANNING_INDICATOR","interaction":{"idSuffix":"inner"}},"wdio_ui5_key":"applicationmanageresources-display-component---newResourceUnit--PLANNING_INDICATOR"}]}
RESULT: undefined
COMMAND: POST /session/f67d1ccb760c54e6337a253aaf22b074/execute/async - {"script":"<script> [776 bytes]","args":[{"enterText":"10 - infinite","selector":{"id":"application-manageresources-display-component---newResourceUnit--PLANNING_INDICATOR","interaction":{"idSuffix":"inner"}},"clearTextFirst":true,"interactionType":"ENTER_TEXT"}]}
RESULT: {"script":"<script> [776 bytes]","args":[{"enterText":"10 - infinite","selector":{"id":"application-manageresources-display-component---newResourceUnit--PLANNING_INDICATOR","interaction":{"idSuffix":"inner"}},"clearTextFirst":true,"interactionType":"ENTER_TEXT"}]}
COMMAND: POST /session/f67d1ccb760c54e6337a253aaf22b074/execute/async - {"script":"<script> [1562 bytes]","args":[{"selector":{"id":"application-manageresources-display-component---newResourceUnit--ITEM_TYPE-arrow"},"wdio_ui5_key":"applicationmanageresources-display-component---newResourceUnit--ITEM_TYPE-arrow"}]}
RESULT: {"script":"<script> [1562 bytes]","args":[{"selector":{"id":"application-manageresources-display-component---newResourceUnit--ITEM_TYPE-arrow"},"wdio_ui5_key":"applicationmanageresources-display-component---newResourceUnit--ITEM_TYPE-arrow"}]}
RESULT: undefined
COMMAND: POST /session/f67d1ccb760c54e6337a253aaf22b074/element - {"using":"xpath","value":"//*[@id=\"application-manageresources-display-component---newResourceUnit--ITEM_TYPE-arrow\"]"}
RESULT: {"using":"xpath","value":"//*[@id=\"application-manageresources-display-component---newResourceUnit--ITEM_TYPE-arrow\"]"}
COMMAND: POST /session/f67d1ccb760c54e6337a253aaf22b074/element/f.1FD5299C05E009DC8D82F3579F178006.d.D82C9D8404A2AE6BA011F95215135121.e.3105/click - {}
RESULT: {}
COMMAND: GET /session/f67d1ccb760c54e6337a253aaf22b074/screenshot - {}
RESULT: {}
COMMAND: POST /session/f67d1ccb760c54e6337a253aaf22b074/execute/async - {"script":"<script> [1562 bytes]","args":[{"selector":{"controlType":"sap.m.StandardListItem","viewName":"reusables.view.manageresources.NewResourceUnit","viewId":"application-manageresources-display-component---newResourceUnit","properties":{"title":"Pool Equipment"},"searchOpenDialogs":true,"interaction":{"idSuffix":"content"}},"wdio_ui5_key":"reusablesview.manageresources.NewResourceUnitsap.m.StandardListItem{\"title\":\"Pool Equipment\"}"}]}
RESULT: {"script":"<script> [1562 bytes]","args":[{"selector":{"controlType":"sap.m.StandardListItem","viewName":"reusables.view.manageresources.NewResourceUnit","viewId":"application-manageresources-display-component---newResourceUnit","properties":{"title":"Pool Equipment"},"searchOpenDialogs":true,"interaction":{"idSuffix":"content"}},"wdio_ui5_key":"reusablesview.manageresources.NewResourceUnitsap.m.StandardListItem{\"title\":\"Pool Equipment\"}"}]}
RESULT: undefined
COMMAND: POST /session/f67d1ccb760c54e6337a253aaf22b074/element - {"using":"xpath","value":"//*[@id=\"__item202\"]"}
RESULT: {"using":"xpath","value":"//*[@id=\"__item202\"]"}
COMMAND: POST /session/f67d1ccb760c54e6337a253aaf22b074/element/f.1FD5299C05E009DC8D82F3579F178006.d.D82C9D8404A2AE6BA011F95215135121.e.3107/click - {}
RESULT: {}
COMMAND: GET /session/f67d1ccb760c54e6337a253aaf22b074/screenshot - {}
RESULT: {}
COMMAND: POST /session/f67d1ccb760c54e6337a253aaf22b074/element - {"using":"css selector","value":"#application-manageresources-display-component---newResourceUnit--btnAddTimeSegment"}
RESULT: {"using":"css selector","value":"#application-manageresources-display-component---newResourceUnit--btnAddTimeSegment"}
COMMAND: GET /session/f67d1ccb760c54e6337a253aaf22b074/element/f.1FD5299C05E009DC8D82F3579F178006.d.D82C9D8404A2AE6BA011F95215135121.e.3108/rect - {}
RESULT: {}
COMMAND: GET /session/f67d1ccb760c54e6337a253aaf22b074/window/rect - {}
RESULT: {}
COMMAND: POST /session/f67d1ccb760c54e6337a253aaf22b074/execute/sync - {"script":"<script> [92 bytes]","args":[]}
RESULT: {"script":"<script> [92 bytes]","args":[]}
COMMAND: POST /session/f67d1ccb760c54e6337a253aaf22b074/actions - {"actions":[{"id":"action8","type":"wheel","parameters":{},"actions":[{"type":"scroll","x":-1888,"y":-32,"deltaX":0,"deltaY":0,"duration":0,"origin":{"element-6066-11e4-a52e-4f735466cecf":"f.1FD5299C05E009DC8D82F3579F178006.d.D82C9D8404A2AE6BA011F95215135121.e.3108"}}]}]}
COMMAND: GET /session/f67d1ccb760c54e6337a253aaf22b074/screenshot - {}
RESULT: {}
COMMAND: POST /session/f67d1ccb760c54e6337a253aaf22b074/execute/sync - {"script":"<script> [79 bytes]","args":[{"element-6066-11e4-a52e-4f735466cecf":"f.1FD5299C05E009DC8D82F3579F178006.d.D82C9D8404A2AE6BA011F95215135121.e.3108","ELEMENT":"f.1FD5299C05E009DC8D82F3579F178006.d.D82C9D8404A2AE6BA011F95215135121.e.3108"},{"block":"start","inline":"nearest"}]}
RESULT: {"script":"<script> [79 bytes]","args":[{"element-6066-11e4-a52e-4f735466cecf":"f.1FD5299C05E009DC8D82F3579F178006.d.D82C9D8404A2AE6BA011F95215135121.e.3108","ELEMENT":"f.1FD5299C05E009DC8D82F3579F178006.d.D82C9D8404A2AE6BA011F95215135121.e.3108"},{"block":"start","inline":"nearest"}]}
COMMAND: POST /session/f67d1ccb760c54e6337a253aaf22b074/execute/async - {"script":"<script> [1562 bytes]","args":[{"selector":{"id":"application-manageresources-display-component---newResourceUnit--btnAddTimeSegment","interaction":{"idSuffix":"inner"}},"wdio_ui5_key":"applicationmanageresources-display-component---newResourceUnit--btnAddTimeSegment"}]}
COMMAND: GET /session/f67d1ccb760c54e6337a253aaf22b074/screenshot - {}
RESULT: {"script":"<script> [1562 bytes]","args":[{"selector":{"id":"application-manageresources-display-component---newResourceUnit--btnAddTimeSegment","interaction":{"idSuffix":"inner"}},"wdio_ui5_key":"applicationmanageresources-display-component---newResourceUnit--btnAddTimeSegment"}]}
RESULT: undefined
COMMAND: POST /session/f67d1ccb760c54e6337a253aaf22b074/element - {"using":"xpath","value":"//*[@id=\"application-manageresources-display-component---newResourceUnit--btnAddTimeSegment\"]"}
RESULT: {}
RESULT: {"using":"xpath","value":"//*[@id=\"application-manageresources-display-component---newResourceUnit--btnAddTimeSegment\"]"}
COMMAND: POST /session/f67d1ccb760c54e6337a253aaf22b074/element/f.1FD5299C05E009DC8D82F3579F178006.d.D82C9D8404A2AE6BA011F95215135121.e.3108/click - {}
RESULT: {}
COMMAND: GET /session/f67d1ccb760c54e6337a253aaf22b074/screenshot - {}
RESULT: {}
COMMAND: POST /session/f67d1ccb760c54e6337a253aaf22b074/element - {"using":"xpath","value":"//input[@id=\"application-manageresources-display-component---newResourceUnit--idRuTSAdmin-application-manageresources-display-component---newResourceUnit--RUTimeSegment-0-inner\"]"}
RESULT: {"using":"xpath","value":"//input[@id=\"application-manageresources-display-component---newResourceUnit--idRuTSAdmin-application-manageresources-display-component---newResourceUnit--RUTimeSegment-0-inner\"]"}
COMMAND: POST /session/f67d1ccb760c54e6337a253aaf22b074/element/f.1FD5299C05E009DC8D82F3579F178006.d.D82C9D8404A2AE6BA011F95215135121.e.3114/clear - {}
RESULT: {}
COMMAND: POST /session/f67d1ccb760c54e6337a253aaf22b074/element/f.1FD5299C05E009DC8D82F3579F178006.d.D82C9D8404A2AE6BA011F95215135121.e.3114/value - {"text":"535"}
COMMAND: GET /session/f67d1ccb760c54e6337a253aaf22b074/screenshot - {}
RESULT: {"text":"535"}
COMMAND: GET /session/f67d1ccb760c54e6337a253aaf22b074/screenshot - {}
RESULT: {}
RESULT: {}
COMMAND: POST /session/f67d1ccb760c54e6337a253aaf22b074/element - {"using":"xpath","value":"//li[.//span[text()='535']]"}
RESULT: {"using":"xpath","value":"//li[.//span[text()='535']]"}
COMMAND: POST /session/f67d1ccb760c54e6337a253aaf22b074/element/f.1FD5299C05E009DC8D82F3579F178006.d.D82C9D8404A2AE6BA011F95215135121.e.3127/click - {}
RESULT: {}
COMMAND: GET /session/f67d1ccb760c54e6337a253aaf22b074/screenshot - {}
RESULT: {}
COMMAND: POST /session/f67d1ccb760c54e6337a253aaf22b074/element - {"using":"xpath","value":"(//span[contains(@id, \"-application-manageresources-display-component---newResourceUnit--RUTimeSegment-0-arrow\")])[5]"}
RESULT: {"using":"xpath","value":"(//span[contains(@id, \"-application-manageresources-display-component---newResourceUnit--RUTimeSegment-0-arrow\")])[5]"}
COMMAND: POST /session/f67d1ccb760c54e6337a253aaf22b074/element/f.1FD5299C05E009DC8D82F3579F178006.d.D82C9D8404A2AE6BA011F95215135121.e.3128/click - {}
RESULT: {}
COMMAND: GET /session/f67d1ccb760c54e6337a253aaf22b074/screenshot - {}
RESULT: {}
COMMAND: POST /session/f67d1ccb760c54e6337a253aaf22b074/element - {"using":"xpath","value":"//span[contains(text(), \"PM Order\")]"}
RESULT: {"using":"xpath","value":"//span[contains(text(), \"PM Order\")]"}
COMMAND: POST /session/f67d1ccb760c54e6337a253aaf22b074/element/f.1FD5299C05E009DC8D82F3579F178006.d.D82C9D8404A2AE6BA011F95215135121.e.3129/click - {}
RESULT: {}
COMMAND: GET /session/f67d1ccb760c54e6337a253aaf22b074/screenshot - {}
RESULT: {}
COMMAND: POST /session/f67d1ccb760c54e6337a253aaf22b074/element - {"using":"xpath","value":"(//span[contains(@id ,\"manageresources-display-component---newResourceUnit--RUTimeSegment-0-vhi\")])[1]"}
RESULT: {"using":"xpath","value":"(//span[contains(@id ,\"manageresources-display-component---newResourceUnit--RUTimeSegment-0-vhi\")])[1]"}
COMMAND: GET /session/f67d1ccb760c54e6337a253aaf22b074/element/f.1FD5299C05E009DC8D82F3579F178006.d.D82C9D8404A2AE6BA011F95215135121.e.3133/rect - {}
RESULT: {}
COMMAND: GET /session/f67d1ccb760c54e6337a253aaf22b074/window/rect - {}
RESULT: {}
COMMAND: POST /session/f67d1ccb760c54e6337a253aaf22b074/execute/sync - {"script":"<script> [92 bytes]","args":[]}
RESULT: {"script":"<script> [92 bytes]","args":[]}
COMMAND: POST /session/f67d1ccb760c54e6337a253aaf22b074/actions - {"actions":[{"id":"action9","type":"wheel","parameters":{},"actions":[{"type":"scroll","x":-1888,"y":-24,"deltaX":0,"deltaY":0,"duration":0,"origin":{"element-6066-11e4-a52e-4f735466cecf":"f.1FD5299C05E009DC8D82F3579F178006.d.D82C9D8404A2AE6BA011F95215135121.e.3133"}}]}]}
COMMAND: GET /session/f67d1ccb760c54e6337a253aaf22b074/screenshot - {}
RESULT: {}
COMMAND: POST /session/f67d1ccb760c54e6337a253aaf22b074/execute/sync - {"script":"<script> [79 bytes]","args":[{"element-6066-11e4-a52e-4f735466cecf":"f.1FD5299C05E009DC8D82F3579F178006.d.D82C9D8404A2AE6BA011F95215135121.e.3133","ELEMENT":"f.1FD5299C05E009DC8D82F3579F178006.d.D82C9D8404A2AE6BA011F95215135121.e.3133"},{"block":"start","inline":"nearest"}]}
RESULT: {"script":"<script> [79 bytes]","args":[{"element-6066-11e4-a52e-4f735466cecf":"f.1FD5299C05E009DC8D82F3579F178006.d.D82C9D8404A2AE6BA011F95215135121.e.3133","ELEMENT":"f.1FD5299C05E009DC8D82F3579F178006.d.D82C9D8404A2AE6BA011F95215135121.e.3133"},{"block":"start","inline":"nearest"}]}
COMMAND: GET /session/f67d1ccb760c54e6337a253aaf22b074/screenshot - {}
RESULT: {}
COMMAND: POST /session/f67d1ccb760c54e6337a253aaf22b074/element/f.1FD5299C05E009DC8D82F3579F178006.d.D82C9D8404A2AE6BA011F95215135121.e.3133/click - {}
RESULT: {}
COMMAND: GET /session/f67d1ccb760c54e6337a253aaf22b074/screenshot - {}
RESULT: {}
COMMAND: POST /session/f67d1ccb760c54e6337a253aaf22b074/execute/async - {"script":"<script> [1562 bytes]","args":[{"selector":{"controlType":"sap.m.SearchField","properties":{"placeholder":"Search"},"searchOpenDialogs":true,"interaction":{"idSuffix":"I"}},"wdio_ui5_key":"sapm.SearchField{\"placeholder\":\"Search\"}"}]}
RESULT: {"script":"<script> [1562 bytes]","args":[{"selector":{"controlType":"sap.m.SearchField","properties":{"placeholder":"Search"},"searchOpenDialogs":true,"interaction":{"idSuffix":"I"}},"wdio_ui5_key":"sapm.SearchField{\"placeholder\":\"Search\"}"}]}
RESULT: undefined
COMMAND: POST /session/f67d1ccb760c54e6337a253aaf22b074/execute/async - {"script":"<script> [776 bytes]","args":[{"enterText":"4000360","selector":{"controlType":"sap.m.SearchField","properties":{"placeholder":"Search"},"searchOpenDialogs":true,"interaction":{"idSuffix":"I"}},"clearTextFirst":true,"interactionType":"ENTER_TEXT"}]}
RESULT: {"script":"<script> [776 bytes]","args":[{"enterText":"4000360","selector":{"controlType":"sap.m.SearchField","properties":{"placeholder":"Search"},"searchOpenDialogs":true,"interaction":{"idSuffix":"I"}},"clearTextFirst":true,"interactionType":"ENTER_TEXT"}]}
COMMAND: POST /session/f67d1ccb760c54e6337a253aaf22b074/actions - {"actions":[{"id":"action10","type":"key","parameters":{},"actions":[{"type":"keyDown","value":"î€‡"},{"type":"pause","duration":10},{"type":"keyUp","value":"î€‡"}]}]}
RESULT: {"actions":[{"id":"action10","type":"key","parameters":{},"actions":[{"type":"keyDown","value":"î€‡"},{"type":"pause","duration":10},{"type":"keyUp","value":"î€‡"}]}]}
COMMAND: GET /session/f67d1ccb760c54e6337a253aaf22b074/screenshot - {}
RESULT: {}
COMMAND: POST /session/f67d1ccb760c54e6337a253aaf22b074/element - {"using":"xpath","value":"//td/div/span[contains(text(), \"BGL Vehicles\")]"}
RESULT: {"using":"xpath","value":"//td/div/span[contains(text(), \"BGL Vehicles\")]"}
COMMAND: POST /session/f67d1ccb760c54e6337a253aaf22b074/element/f.1FD5299C05E009DC8D82F3579F178006.d.D82C9D8404A2AE6BA011F95215135121.e.3155/click - {}
RESULT: {}
COMMAND: GET /session/f67d1ccb760c54e6337a253aaf22b074/screenshot - {}
RESULT: {}
COMMAND: POST /session/f67d1ccb760c54e6337a253aaf22b074/element - {"using":"xpath","value":"//bdi[contains(text(), \"OK\")]"}
RESULT: {"using":"xpath","value":"//bdi[contains(text(), \"OK\")]"}
COMMAND: POST /session/f67d1ccb760c54e6337a253aaf22b074/element/f.1FD5299C05E009DC8D82F3579F178006.d.D82C9D8404A2AE6BA011F95215135121.e.3156/click - {}
RESULT: {}
COMMAND: GET /session/f67d1ccb760c54e6337a253aaf22b074/screenshot - {}
RESULT: {}
COMMAND: POST /session/f67d1ccb760c54e6337a253aaf22b074/element - {"using":"xpath","value":"//button[@data-kt=\"resourceUnitSaveButton\"]"}
RESULT: {"using":"xpath","value":"//button[@data-kt=\"resourceUnitSaveButton\"]"}
COMMAND: POST /session/f67d1ccb760c54e6337a253aaf22b074/element/f.1FD5299C05E009DC8D82F3579F178006.d.D82C9D8404A2AE6BA011F95215135121.e.3041/click - {}
RESULT: {}
COMMAND: GET /session/f67d1ccb760c54e6337a253aaf22b074/screenshot - {}
RESULT: {}
COMMAND: POST /session/f67d1ccb760c54e6337a253aaf22b074/element - {"using":"xpath","value":"//bdi[contains(text(), \"Close\")]"}
RESULT: {"using":"xpath","value":"//bdi[contains(text(), \"Close\")]"}
COMMAND: POST /session/f67d1ccb760c54e6337a253aaf22b074/element/f.1FD5299C05E009DC8D82F3579F178006.d.D82C9D8404A2AE6BA011F95215135121.e.3163/click - {}
RESULT: {}
COMMAND: GET /session/f67d1ccb760c54e6337a253aaf22b074/screenshot - {}
RESULT: {}
COMMAND: POST /session/f67d1ccb760c54e6337a253aaf22b074/element - {"using":"xpath","value":"//header[contains(@id, 'detailRruPage-headerTitle')]/div[1]/div[2]/div[2]/span[1]"}
RESULT: {"using":"xpath","value":"//header[contains(@id, 'detailRruPage-headerTitle')]/div[1]/div[2]/div[2]/span[1]"}
COMMAND: POST /session/f67d1ccb760c54e6337a253aaf22b074/elements - {"using":"xpath","value":"//header[contains(@id, 'detailRruPage-headerTitle')]/div[1]/div[2]/div[2]/span[1]"}
RESULT: {"using":"xpath","value":"//header[contains(@id, 'detailRruPage-headerTitle')]/div[1]/div[2]/div[2]/span[1]"}
COMMAND: POST /session/f67d1ccb760c54e6337a253aaf22b074/execute/sync - {"script":"<script> [56 bytes]","args":[{"element-6066-11e4-a52e-4f735466cecf":"f.1FD5299C05E009DC8D82F3579F178006.d.D82C9D8404A2AE6BA011F95215135121.e.3196","ELEMENT":"f.1FD5299C05E009DC8D82F3579F178006.d.D82C9D8404A2AE6BA011F95215135121.e.3196"}]}
RESULT: {"script":"<script> [56 bytes]","args":[{"element-6066-11e4-a52e-4f735466cecf":"f.1FD5299C05E009DC8D82F3579F178006.d.D82C9D8404A2AE6BA011F95215135121.e.3196","ELEMENT":"f.1FD5299C05E009DC8D82F3579F178006.d.D82C9D8404A2AE6BA011F95215135121.e.3196"}]}
COMMAND: POST /session/f67d1ccb760c54e6337a253aaf22b074/element - {"using":"css selector","value":"#shell-header-logo"}
COMMAND: GET /session/f67d1ccb760c54e6337a253aaf22b074/screenshot - {}
RESULT: {"using":"css selector","value":"#shell-header-logo"}
COMMAND: POST /session/f67d1ccb760c54e6337a253aaf22b074/element/f.1FD5299C05E009DC8D82F3579F178006.d.D82C9D8404A2AE6BA011F95215135121.e.2632/click - {}
RESULT: {}
RESULT: {}
COMMAND: GET /session/f67d1ccb760c54e6337a253aaf22b074/screenshot - {}
RESULT: {}
]]></system-out>
    </testcase>
    <testcase classname="chrome.135_0_7049_96.windows.Tests_for_Mass_State_Change_on_Manage_States_&amp;_Performances_US104416_US" name="Prereq Should do stock increase" time="86.581">
      <system-out><![CDATA[
COMMAND: POST /session/f67d1ccb760c54e6337a253aaf22b074/execute/async - {"script":"<script> [1562 bytes]","args":[{"selector":{"controlType":"sap.m.Text","viewName":"etm.portal.ui.managehandoverstile.view.Master","properties":{"text":"Manage Handovers"},"interaction":{"idSuffix":"inner"}},"wdio_ui5_key":"etmportal.ui.managehandoverstile.view.Mastersap.m.Text{\"text\":\"Manage Handovers\"}"}]}
RESULT: {"script":"<script> [1562 bytes]","args":[{"selector":{"controlType":"sap.m.Text","viewName":"etm.portal.ui.managehandoverstile.view.Master","properties":{"text":"Manage Handovers"},"interaction":{"idSuffix":"inner"}},"wdio_ui5_key":"etmportal.ui.managehandoverstile.view.Mastersap.m.Text{\"text\":\"Manage Handovers\"}"}]}
RESULT: undefined
COMMAND: POST /session/f67d1ccb760c54e6337a253aaf22b074/element - {"using":"xpath","value":"//*[@id=\"__tile131-title\"]"}
RESULT: {"using":"xpath","value":"//*[@id=\"__tile131-title\"]"}
COMMAND: POST /session/f67d1ccb760c54e6337a253aaf22b074/element/f.1FD5299C05E009DC8D82F3579F178006.d.D82C9D8404A2AE6BA011F95215135121.e.3199/click - {}
RESULT: {}
COMMAND: POST /session/f67d1ccb760c54e6337a253aaf22b074/element - {"using":"xpath","value":"//button[@data-kt=\"masterHOAddButton\"]"}
COMMAND: GET /session/f67d1ccb760c54e6337a253aaf22b074/screenshot - {}
RESULT: {"using":"xpath","value":"//button[@data-kt=\"masterHOAddButton\"]"}
COMMAND: POST /session/f67d1ccb760c54e6337a253aaf22b074/elements - {"using":"xpath","value":"//button[@data-kt=\"masterHOAddButton\"]"}
RESULT: {}
RESULT: {"using":"xpath","value":"//button[@data-kt=\"masterHOAddButton\"]"}
COMMAND: POST /session/f67d1ccb760c54e6337a253aaf22b074/elements - {"using":"xpath","value":"//button[@data-kt=\"masterHOAddButton\"]"}
RESULT: {"using":"xpath","value":"//button[@data-kt=\"masterHOAddButton\"]"}
COMMAND: POST /session/f67d1ccb760c54e6337a253aaf22b074/elements - {"using":"xpath","value":"//button[@data-kt=\"masterHOAddButton\"]"}
RESULT: {"using":"xpath","value":"//button[@data-kt=\"masterHOAddButton\"]"}
COMMAND: POST /session/f67d1ccb760c54e6337a253aaf22b074/elements - {"using":"xpath","value":"//button[@data-kt=\"masterHOAddButton\"]"}
RESULT: {"using":"xpath","value":"//button[@data-kt=\"masterHOAddButton\"]"}
COMMAND: POST /session/f67d1ccb760c54e6337a253aaf22b074/elements - {"using":"xpath","value":"//button[@data-kt=\"masterHOAddButton\"]"}
RESULT: {"using":"xpath","value":"//button[@data-kt=\"masterHOAddButton\"]"}
COMMAND: POST /session/f67d1ccb760c54e6337a253aaf22b074/elements - {"using":"xpath","value":"//button[@data-kt=\"masterHOAddButton\"]"}
RESULT: {"using":"xpath","value":"//button[@data-kt=\"masterHOAddButton\"]"}
COMMAND: POST /session/f67d1ccb760c54e6337a253aaf22b074/elements - {"using":"xpath","value":"//button[@data-kt=\"masterHOAddButton\"]"}
RESULT: {"using":"xpath","value":"//button[@data-kt=\"masterHOAddButton\"]"}
COMMAND: POST /session/f67d1ccb760c54e6337a253aaf22b074/element - {"using":"xpath","value":"//button[@data-kt=\"masterHOAddButton\"]"}
RESULT: {"using":"xpath","value":"//button[@data-kt=\"masterHOAddButton\"]"}
COMMAND: POST /session/f67d1ccb760c54e6337a253aaf22b074/execute/sync - {"script":"<script> [8489 bytes]","args":[{"element-6066-11e4-a52e-4f735466cecf":"f.1FD5299C05E009DC8D82F3579F178006.d.D82C9D8404A2AE6BA011F95215135121.e.3231","ELEMENT":"f.1FD5299C05E009DC8D82F3579F178006.d.D82C9D8404A2AE6BA011F95215135121.e.3231"}]}
RESULT: {"script":"<script> [8489 bytes]","args":[{"element-6066-11e4-a52e-4f735466cecf":"f.1FD5299C05E009DC8D82F3579F178006.d.D82C9D8404A2AE6BA011F95215135121.e.3231","ELEMENT":"f.1FD5299C05E009DC8D82F3579F178006.d.D82C9D8404A2AE6BA011F95215135121.e.3231"}]}
COMMAND: GET /session/f67d1ccb760c54e6337a253aaf22b074/element/f.1FD5299C05E009DC8D82F3579F178006.d.D82C9D8404A2AE6BA011F95215135121.e.3231/enabled - {}
COMMAND: GET /session/f67d1ccb760c54e6337a253aaf22b074/screenshot - {}
RESULT: {}
COMMAND: POST /session/f67d1ccb760c54e6337a253aaf22b074/execute/sync - {"script":"<script> [8489 bytes]","args":[{"element-6066-11e4-a52e-4f735466cecf":"f.1FD5299C05E009DC8D82F3579F178006.d.D82C9D8404A2AE6BA011F95215135121.e.3231","ELEMENT":"f.1FD5299C05E009DC8D82F3579F178006.d.D82C9D8404A2AE6BA011F95215135121.e.3231"}]}
COMMAND: GET /session/f67d1ccb760c54e6337a253aaf22b074/screenshot - {}
RESULT: {}
RESULT: {"script":"<script> [8489 bytes]","args":[{"element-6066-11e4-a52e-4f735466cecf":"f.1FD5299C05E009DC8D82F3579F178006.d.D82C9D8404A2AE6BA011F95215135121.e.3231","ELEMENT":"f.1FD5299C05E009DC8D82F3579F178006.d.D82C9D8404A2AE6BA011F95215135121.e.3231"}]}
COMMAND: POST /session/f67d1ccb760c54e6337a253aaf22b074/execute/sync - {"script":"<script> [5351 bytes]","args":[{"element-6066-11e4-a52e-4f735466cecf":"f.1FD5299C05E009DC8D82F3579F178006.d.D82C9D8404A2AE6BA011F95215135121.e.3231","ELEMENT":"f.1FD5299C05E009DC8D82F3579F178006.d.D82C9D8404A2AE6BA011F95215135121.e.3231"}]}
COMMAND: GET /session/f67d1ccb760c54e6337a253aaf22b074/screenshot - {}
RESULT: {}
RESULT: {"script":"<script> [5351 bytes]","args":[{"element-6066-11e4-a52e-4f735466cecf":"f.1FD5299C05E009DC8D82F3579F178006.d.D82C9D8404A2AE6BA011F95215135121.e.3231","ELEMENT":"f.1FD5299C05E009DC8D82F3579F178006.d.D82C9D8404A2AE6BA011F95215135121.e.3231"}]}
COMMAND: POST /session/f67d1ccb760c54e6337a253aaf22b074/element/f.1FD5299C05E009DC8D82F3579F178006.d.D82C9D8404A2AE6BA011F95215135121.e.3231/click - {}
COMMAND: GET /session/f67d1ccb760c54e6337a253aaf22b074/screenshot - {}
RESULT: {}
RESULT: {}
COMMAND: GET /session/f67d1ccb760c54e6337a253aaf22b074/screenshot - {}
RESULT: {}
COMMAND: POST /session/f67d1ccb760c54e6337a253aaf22b074/element - {"using":"xpath","value":"//span[contains(@id ,\"AddNewHO--typeSelect-arrow\")]"}
RESULT: {}
RESULT: {"using":"xpath","value":"//span[contains(@id ,\"AddNewHO--typeSelect-arrow\")]"}
COMMAND: POST /session/f67d1ccb760c54e6337a253aaf22b074/element/f.1FD5299C05E009DC8D82F3579F178006.d.D82C9D8404A2AE6BA011F95215135121.e.3580/click - {}
RESULT: {}
COMMAND: GET /session/f67d1ccb760c54e6337a253aaf22b074/screenshot - {}
RESULT: {}
COMMAND: POST /session/f67d1ccb760c54e6337a253aaf22b074/element - {"using":"xpath","value":"(//li[contains(text(), \"stock increase yard\")])[1]"}
RESULT: {"using":"xpath","value":"(//li[contains(text(), \"stock increase yard\")])[1]"}
COMMAND: POST /session/f67d1ccb760c54e6337a253aaf22b074/element/f.1FD5299C05E009DC8D82F3579F178006.d.D82C9D8404A2AE6BA011F95215135121.e.3581/click - {}
RESULT: {}
COMMAND: GET /session/f67d1ccb760c54e6337a253aaf22b074/screenshot - {}
RESULT: {}
COMMAND: POST /session/f67d1ccb760c54e6337a253aaf22b074/execute/async - {"script":"<script> [1562 bytes]","args":[{"selector":{"id":"application-managehandovers-display-component---AddNewHO--dueDate","interaction":{"idSuffix":"inner"}},"wdio_ui5_key":"applicationmanagehandovers-display-component---AddNewHO--dueDate"}]}
RESULT: {"script":"<script> [1562 bytes]","args":[{"selector":{"id":"application-managehandovers-display-component---AddNewHO--dueDate","interaction":{"idSuffix":"inner"}},"wdio_ui5_key":"applicationmanagehandovers-display-component---AddNewHO--dueDate"}]}
RESULT: undefined
COMMAND: POST /session/f67d1ccb760c54e6337a253aaf22b074/execute/async - {"script":"<script> [6424 bytes]","args":[{"element-6066-11e4-a52e-4f735466cecf":"f.1FD5299C05E009DC8D82F3579F178006.d.D82C9D8404A2AE6BA011F95215135121.e.3583"},"setValue",["05/03/2025"]]}
RESULT: {"script":"<script> [6424 bytes]","args":[{"element-6066-11e4-a52e-4f735466cecf":"f.1FD5299C05E009DC8D82F3579F178006.d.D82C9D8404A2AE6BA011F95215135121.e.3583"},"setValue",["05/03/2025"]]}
COMMAND: POST /session/f67d1ccb760c54e6337a253aaf22b074/element - {"using":"xpath","value":"//input[@id=\"generalSectionFrg--receiveYard-inner\"]"}
RESULT: {"using":"xpath","value":"//input[@id=\"generalSectionFrg--receiveYard-inner\"]"}
COMMAND: POST /session/f67d1ccb760c54e6337a253aaf22b074/element/f.1FD5299C05E009DC8D82F3579F178006.d.D82C9D8404A2AE6BA011F95215135121.e.3589/clear - {}
RESULT: {}
COMMAND: POST /session/f67d1ccb760c54e6337a253aaf22b074/element/f.1FD5299C05E009DC8D82F3579F178006.d.D82C9D8404A2AE6BA011F95215135121.e.3589/value - {"text":"535"}
COMMAND: GET /session/f67d1ccb760c54e6337a253aaf22b074/screenshot - {}
RESULT: {"text":"535"}
COMMAND: GET /session/f67d1ccb760c54e6337a253aaf22b074/screenshot - {}
RESULT: {}
RESULT: {}
COMMAND: POST /session/f67d1ccb760c54e6337a253aaf22b074/element - {"using":"xpath","value":"//li[.//span[text()='535']]"}
RESULT: {"using":"xpath","value":"//li[.//span[text()='535']]"}
COMMAND: POST /session/f67d1ccb760c54e6337a253aaf22b074/element/f.1FD5299C05E009DC8D82F3579F178006.d.D82C9D8404A2AE6BA011F95215135121.e.3607/click - {}
RESULT: {}
COMMAND: GET /session/f67d1ccb760c54e6337a253aaf22b074/screenshot - {}
RESULT: {}
COMMAND: POST /session/f67d1ccb760c54e6337a253aaf22b074/execute/async - {"script":"<script> [1562 bytes]","args":[{"selector":{"id":"application-managehandovers-display-component---AddNewHO--ObjectPageLayout-anchBar-application-managehandovers-display-component---AddNewHO--section4-anchor","interaction":{"idSuffix":"BDI-content"}},"wdio_ui5_key":"applicationmanagehandovers-display-component---AddNewHO--ObjectPageLayout-anchBar-application-managehandovers-display-component---AddNewHO--section4-anchor"}]}
RESULT: {"script":"<script> [1562 bytes]","args":[{"selector":{"id":"application-managehandovers-display-component---AddNewHO--ObjectPageLayout-anchBar-application-managehandovers-display-component---AddNewHO--section4-anchor","interaction":{"idSuffix":"BDI-content"}},"wdio_ui5_key":"applicationmanagehandovers-display-component---AddNewHO--ObjectPageLayout-anchBar-application-managehandovers-display-component---AddNewHO--section4-anchor"}]}
RESULT: undefined
COMMAND: POST /session/f67d1ccb760c54e6337a253aaf22b074/element - {"using":"xpath","value":"//*[@id=\"application-managehandovers-display-component---AddNewHO--ObjectPageLayout-anchBar-application-managehandovers-display-component---AddNewHO--section4-anchor\"]"}
RESULT: {"using":"xpath","value":"//*[@id=\"application-managehandovers-display-component---AddNewHO--ObjectPageLayout-anchBar-application-managehandovers-display-component---AddNewHO--section4-anchor\"]"}
COMMAND: POST /session/f67d1ccb760c54e6337a253aaf22b074/element/f.1FD5299C05E009DC8D82F3579F178006.d.D82C9D8404A2AE6BA011F95215135121.e.3609/click - {}
RESULT: {}
COMMAND: POST /session/f67d1ccb760c54e6337a253aaf22b074/element - {"using":"xpath","value":"//button[@aria-label=\"Add\"]"}
COMMAND: GET /session/f67d1ccb760c54e6337a253aaf22b074/screenshot - {}
RESULT: {"using":"xpath","value":"//button[@aria-label=\"Add\"]"}
COMMAND: POST /session/f67d1ccb760c54e6337a253aaf22b074/element/f.1FD5299C05E009DC8D82F3579F178006.d.D82C9D8404A2AE6BA011F95215135121.e.3611/click - {}
RESULT: {}
RESULT: {}
COMMAND: GET /session/f67d1ccb760c54e6337a253aaf22b074/screenshot - {}
RESULT: {}
COMMAND: POST /session/f67d1ccb760c54e6337a253aaf22b074/execute/async - {"script":"<script> [1562 bytes]","args":[{"selector":{"id":"application-managehandovers-display-component---AddNewHO--smartFilterBar-btnBasicSearch","searchOpenDialogs":true,"interaction":{"idSuffix":"I"}},"wdio_ui5_key":"applicationmanagehandovers-display-component---AddNewHO--smartFilterBar-btnBasicSearch"}]}
RESULT: {"script":"<script> [1562 bytes]","args":[{"selector":{"id":"application-managehandovers-display-component---AddNewHO--smartFilterBar-btnBasicSearch","searchOpenDialogs":true,"interaction":{"idSuffix":"I"}},"wdio_ui5_key":"applicationmanagehandovers-display-component---AddNewHO--smartFilterBar-btnBasicSearch"}]}
RESULT: undefined
COMMAND: POST /session/f67d1ccb760c54e6337a253aaf22b074/execute/async - {"script":"<script> [776 bytes]","args":[{"enterText":"400036","selector":{"id":"application-managehandovers-display-component---AddNewHO--smartFilterBar-btnBasicSearch","searchOpenDialogs":true,"interaction":{"idSuffix":"I"}},"clearTextFirst":true,"interactionType":"ENTER_TEXT"}]}
RESULT: {"script":"<script> [776 bytes]","args":[{"enterText":"400036","selector":{"id":"application-managehandovers-display-component---AddNewHO--smartFilterBar-btnBasicSearch","searchOpenDialogs":true,"interaction":{"idSuffix":"I"}},"clearTextFirst":true,"interactionType":"ENTER_TEXT"}]}
COMMAND: POST /session/f67d1ccb760c54e6337a253aaf22b074/actions - {"actions":[{"id":"action11","type":"key","parameters":{},"actions":[{"type":"keyDown","value":"î€‡"},{"type":"pause","duration":10},{"type":"keyUp","value":"î€‡"}]}]}
RESULT: {"actions":[{"id":"action11","type":"key","parameters":{},"actions":[{"type":"keyDown","value":"î€‡"},{"type":"pause","duration":10},{"type":"keyUp","value":"î€‡"}]}]}
COMMAND: GET /session/f67d1ccb760c54e6337a253aaf22b074/screenshot - {}
RESULT: {}
COMMAND: POST /session/f67d1ccb760c54e6337a253aaf22b074/execute/async - {"script":"<script> [1562 bytes]","args":[{"selector":{"id":"application-managehandovers-display-component---AddNewHO--popup-sa","searchOpenDialogs":true,"interaction":{"idSuffix":"CbBg"}},"wdio_ui5_key":"applicationmanagehandovers-display-component---AddNewHO--popup-sa"}]}
RESULT: {"script":"<script> [1562 bytes]","args":[{"selector":{"id":"application-managehandovers-display-component---AddNewHO--popup-sa","searchOpenDialogs":true,"interaction":{"idSuffix":"CbBg"}},"wdio_ui5_key":"applicationmanagehandovers-display-component---AddNewHO--popup-sa"}]}
RESULT: undefined
COMMAND: POST /session/f67d1ccb760c54e6337a253aaf22b074/element - {"using":"xpath","value":"//*[@id=\"application-managehandovers-display-component---AddNewHO--popup-sa\"]"}
RESULT: {"using":"xpath","value":"//*[@id=\"application-managehandovers-display-component---AddNewHO--popup-sa\"]"}
COMMAND: POST /session/f67d1ccb760c54e6337a253aaf22b074/element/f.1FD5299C05E009DC8D82F3579F178006.d.D82C9D8404A2AE6BA011F95215135121.e.3764/click - {}
RESULT: {}
COMMAND: GET /session/f67d1ccb760c54e6337a253aaf22b074/screenshot - {}
RESULT: {}
COMMAND: POST /session/f67d1ccb760c54e6337a253aaf22b074/element - {"using":"xpath","value":"//bdi[contains(text(), \"Select\")]"}
RESULT: {"using":"xpath","value":"//bdi[contains(text(), \"Select\")]"}
COMMAND: POST /session/f67d1ccb760c54e6337a253aaf22b074/element/f.1FD5299C05E009DC8D82F3579F178006.d.D82C9D8404A2AE6BA011F95215135121.e.3765/click - {}
RESULT: {}
COMMAND: GET /session/f67d1ccb760c54e6337a253aaf22b074/screenshot - {}
RESULT: {}
COMMAND: POST /session/f67d1ccb760c54e6337a253aaf22b074/element - {"using":"xpath","value":"//button[@data-kt=\"AddNewHOSaveButton\"]"}
RESULT: {"using":"xpath","value":"//button[@data-kt=\"AddNewHOSaveButton\"]"}
COMMAND: POST /session/f67d1ccb760c54e6337a253aaf22b074/element/f.1FD5299C05E009DC8D82F3579F178006.d.D82C9D8404A2AE6BA011F95215135121.e.3769/click - {}
RESULT: {}
COMMAND: GET /session/f67d1ccb760c54e6337a253aaf22b074/screenshot - {}
RESULT: {}
COMMAND: POST /session/f67d1ccb760c54e6337a253aaf22b074/execute/async - {"script":"<script> [1562 bytes]","args":[{"selector":{"id":"receiptDatePicker","viewName":"etm.portal.ui.managehandovers.view.DetailExecuteHO","interaction":{"idSuffix":"inner"}},"wdio_ui5_key":"receiptDatePickeretmportal.ui.managehandovers.view.DetailExecuteHO"}]}
RESULT: {"script":"<script> [1562 bytes]","args":[{"selector":{"id":"receiptDatePicker","viewName":"etm.portal.ui.managehandovers.view.DetailExecuteHO","interaction":{"idSuffix":"inner"}},"wdio_ui5_key":"receiptDatePickeretmportal.ui.managehandovers.view.DetailExecuteHO"}]}
RESULT: undefined
COMMAND: POST /session/f67d1ccb760c54e6337a253aaf22b074/execute/async - {"script":"<script> [6424 bytes]","args":[{"element-6066-11e4-a52e-4f735466cecf":"f.1FD5299C05E009DC8D82F3579F178006.d.D82C9D8404A2AE6BA011F95215135121.e.3795"},"setValue",["05/03/2025"]]}
RESULT: {"script":"<script> [6424 bytes]","args":[{"element-6066-11e4-a52e-4f735466cecf":"f.1FD5299C05E009DC8D82F3579F178006.d.D82C9D8404A2AE6BA011F95215135121.e.3795"},"setValue",["05/03/2025"]]}
COMMAND: POST /session/f67d1ccb760c54e6337a253aaf22b074/element - {"using":"xpath","value":"//button[@data-kt=\"PickingTableConfirmAllButton\"]"}
RESULT: {"using":"xpath","value":"//button[@data-kt=\"PickingTableConfirmAllButton\"]"}
COMMAND: POST /session/f67d1ccb760c54e6337a253aaf22b074/element/f.1FD5299C05E009DC8D82F3579F178006.d.D82C9D8404A2AE6BA011F95215135121.e.3809/click - {}
RESULT: {}
COMMAND: GET /session/f67d1ccb760c54e6337a253aaf22b074/screenshot - {}
RESULT: {}
COMMAND: POST /session/f67d1ccb760c54e6337a253aaf22b074/element - {"using":"xpath","value":"//bdi[contains(text(), \"OK\")]"}
RESULT: {"using":"xpath","value":"//bdi[contains(text(), \"OK\")]"}
COMMAND: POST /session/f67d1ccb760c54e6337a253aaf22b074/element/f.1FD5299C05E009DC8D82F3579F178006.d.D82C9D8404A2AE6BA011F95215135121.e.3811/click - {}
RESULT: {}
COMMAND: GET /session/f67d1ccb760c54e6337a253aaf22b074/screenshot - {}
RESULT: {}
COMMAND: POST /session/f67d1ccb760c54e6337a253aaf22b074/element - {"using":"xpath","value":"(//bdi[contains(text(), \"Receive\")])[2]"}
RESULT: {"using":"xpath","value":"(//bdi[contains(text(), \"Receive\")])[2]"}
COMMAND: POST /session/f67d1ccb760c54e6337a253aaf22b074/element/f.1FD5299C05E009DC8D82F3579F178006.d.D82C9D8404A2AE6BA011F95215135121.e.3813/click - {}
RESULT: {}
COMMAND: GET /session/f67d1ccb760c54e6337a253aaf22b074/screenshot - {}
RESULT: {}
COMMAND: POST /session/f67d1ccb760c54e6337a253aaf22b074/element - {"using":"css selector","value":"#shell-header-logo"}
RESULT: {"using":"css selector","value":"#shell-header-logo"}
COMMAND: POST /session/f67d1ccb760c54e6337a253aaf22b074/element/f.1FD5299C05E009DC8D82F3579F178006.d.D82C9D8404A2AE6BA011F95215135121.e.3203/click - {}
RESULT: {}
COMMAND: GET /session/f67d1ccb760c54e6337a253aaf22b074/screenshot - {}
RESULT: {}
]]></system-out>
    </testcase>
    <testcase classname="chrome.135_0_7049_96.windows.Tests_for_Mass_State_Change_on_Manage_States_&amp;_Performances_US104416_US" name="Prereq Should create a new contract" time="66.19">
      <system-out><![CDATA[
COMMAND: POST /session/f67d1ccb760c54e6337a253aaf22b074/execute/async - {"script":"<script> [1562 bytes]","args":[{"selector":{"controlType":"sap.m.Text","viewName":"etm.portal.ui.managecontractstile.view.Master","properties":{"text":"Manage Contracts"},"interaction":{"idSuffix":"inner"}},"wdio_ui5_key":"etmportal.ui.managecontractstile.view.Mastersap.m.Text{\"text\":\"Manage Contracts\"}"}]}
RESULT: {"script":"<script> [1562 bytes]","args":[{"selector":{"controlType":"sap.m.Text","viewName":"etm.portal.ui.managecontractstile.view.Master","properties":{"text":"Manage Contracts"},"interaction":{"idSuffix":"inner"}},"wdio_ui5_key":"etmportal.ui.managecontractstile.view.Mastersap.m.Text{\"text\":\"Manage Contracts\"}"}]}
RESULT: undefined
COMMAND: POST /session/f67d1ccb760c54e6337a253aaf22b074/element - {"using":"xpath","value":"//*[@id=\"__tile132-title\"]"}
RESULT: {"using":"xpath","value":"//*[@id=\"__tile132-title\"]"}
COMMAND: POST /session/f67d1ccb760c54e6337a253aaf22b074/element/f.1FD5299C05E009DC8D82F3579F178006.d.D82C9D8404A2AE6BA011F95215135121.e.3984/click - {}
RESULT: {}
COMMAND: GET /session/f67d1ccb760c54e6337a253aaf22b074/screenshot - {}
RESULT: {}
COMMAND: POST /session/f67d1ccb760c54e6337a253aaf22b074/element - {"using":"xpath","value":"//button[@data-kt=\"addButton\"]"}
RESULT: {"using":"xpath","value":"//button[@data-kt=\"addButton\"]"}
COMMAND: POST /session/f67d1ccb760c54e6337a253aaf22b074/elements - {"using":"xpath","value":"//button[@data-kt=\"addButton\"]"}
RESULT: {"using":"xpath","value":"//button[@data-kt=\"addButton\"]"}
COMMAND: POST /session/f67d1ccb760c54e6337a253aaf22b074/elements - {"using":"xpath","value":"//button[@data-kt=\"addButton\"]"}
RESULT: {"using":"xpath","value":"//button[@data-kt=\"addButton\"]"}
COMMAND: POST /session/f67d1ccb760c54e6337a253aaf22b074/elements - {"using":"xpath","value":"//button[@data-kt=\"addButton\"]"}
RESULT: {"using":"xpath","value":"//button[@data-kt=\"addButton\"]"}
COMMAND: POST /session/f67d1ccb760c54e6337a253aaf22b074/elements - {"using":"xpath","value":"//button[@data-kt=\"addButton\"]"}
RESULT: {"using":"xpath","value":"//button[@data-kt=\"addButton\"]"}
COMMAND: POST /session/f67d1ccb760c54e6337a253aaf22b074/elements - {"using":"xpath","value":"//button[@data-kt=\"addButton\"]"}
RESULT: {"using":"xpath","value":"//button[@data-kt=\"addButton\"]"}
COMMAND: POST /session/f67d1ccb760c54e6337a253aaf22b074/element - {"using":"xpath","value":"//button[@data-kt=\"addButton\"]"}
RESULT: {"using":"xpath","value":"//button[@data-kt=\"addButton\"]"}
COMMAND: POST /session/f67d1ccb760c54e6337a253aaf22b074/execute/sync - {"script":"<script> [8489 bytes]","args":[{"element-6066-11e4-a52e-4f735466cecf":"f.1FD5299C05E009DC8D82F3579F178006.d.D82C9D8404A2AE6BA011F95215135121.e.4058","ELEMENT":"f.1FD5299C05E009DC8D82F3579F178006.d.D82C9D8404A2AE6BA011F95215135121.e.4058"}]}
RESULT: {"script":"<script> [8489 bytes]","args":[{"element-6066-11e4-a52e-4f735466cecf":"f.1FD5299C05E009DC8D82F3579F178006.d.D82C9D8404A2AE6BA011F95215135121.e.4058","ELEMENT":"f.1FD5299C05E009DC8D82F3579F178006.d.D82C9D8404A2AE6BA011F95215135121.e.4058"}]}
COMMAND: GET /session/f67d1ccb760c54e6337a253aaf22b074/element/f.1FD5299C05E009DC8D82F3579F178006.d.D82C9D8404A2AE6BA011F95215135121.e.4058/enabled - {}
COMMAND: GET /session/f67d1ccb760c54e6337a253aaf22b074/screenshot - {}
RESULT: {}
COMMAND: POST /session/f67d1ccb760c54e6337a253aaf22b074/execute/sync - {"script":"<script> [8489 bytes]","args":[{"element-6066-11e4-a52e-4f735466cecf":"f.1FD5299C05E009DC8D82F3579F178006.d.D82C9D8404A2AE6BA011F95215135121.e.4058","ELEMENT":"f.1FD5299C05E009DC8D82F3579F178006.d.D82C9D8404A2AE6BA011F95215135121.e.4058"}]}
COMMAND: GET /session/f67d1ccb760c54e6337a253aaf22b074/screenshot - {}
RESULT: {}
RESULT: {"script":"<script> [8489 bytes]","args":[{"element-6066-11e4-a52e-4f735466cecf":"f.1FD5299C05E009DC8D82F3579F178006.d.D82C9D8404A2AE6BA011F95215135121.e.4058","ELEMENT":"f.1FD5299C05E009DC8D82F3579F178006.d.D82C9D8404A2AE6BA011F95215135121.e.4058"}]}
COMMAND: POST /session/f67d1ccb760c54e6337a253aaf22b074/execute/sync - {"script":"<script> [5351 bytes]","args":[{"element-6066-11e4-a52e-4f735466cecf":"f.1FD5299C05E009DC8D82F3579F178006.d.D82C9D8404A2AE6BA011F95215135121.e.4058","ELEMENT":"f.1FD5299C05E009DC8D82F3579F178006.d.D82C9D8404A2AE6BA011F95215135121.e.4058"}]}
COMMAND: GET /session/f67d1ccb760c54e6337a253aaf22b074/screenshot - {}
RESULT: {}
RESULT: {"script":"<script> [5351 bytes]","args":[{"element-6066-11e4-a52e-4f735466cecf":"f.1FD5299C05E009DC8D82F3579F178006.d.D82C9D8404A2AE6BA011F95215135121.e.4058","ELEMENT":"f.1FD5299C05E009DC8D82F3579F178006.d.D82C9D8404A2AE6BA011F95215135121.e.4058"}]}
COMMAND: GET /session/f67d1ccb760c54e6337a253aaf22b074/screenshot - {}
RESULT: {}
RESULT: {}
COMMAND: POST /session/f67d1ccb760c54e6337a253aaf22b074/element/f.1FD5299C05E009DC8D82F3579F178006.d.D82C9D8404A2AE6BA011F95215135121.e.4058/click - {}
RESULT: {}
COMMAND: GET /session/f67d1ccb760c54e6337a253aaf22b074/screenshot - {}
RESULT: {}
COMMAND: POST /session/f67d1ccb760c54e6337a253aaf22b074/execute/async - {"script":"<script> [1562 bytes]","args":[{"selector":{"id":"application-managecontracts-display-component---AddNewContract--projectDescription","interaction":{"idSuffix":"inner"}},"wdio_ui5_key":"applicationmanagecontracts-display-component---AddNewContract--projectDescription"}]}
RESULT: {"script":"<script> [1562 bytes]","args":[{"selector":{"id":"application-managecontracts-display-component---AddNewContract--projectDescription","interaction":{"idSuffix":"inner"}},"wdio_ui5_key":"applicationmanagecontracts-display-component---AddNewContract--projectDescription"}]}
RESULT: undefined
COMMAND: POST /session/f67d1ccb760c54e6337a253aaf22b074/execute/async - {"script":"<script> [776 bytes]","args":[{"enterText":"Contract WDIO","selector":{"id":"application-managecontracts-display-component---AddNewContract--projectDescription","interaction":{"idSuffix":"inner"}},"clearTextFirst":true,"interactionType":"ENTER_TEXT"}]}
RESULT: {"script":"<script> [776 bytes]","args":[{"enterText":"Contract WDIO","selector":{"id":"application-managecontracts-display-component---AddNewContract--projectDescription","interaction":{"idSuffix":"inner"}},"clearTextFirst":true,"interactionType":"ENTER_TEXT"}]}
COMMAND: POST /session/f67d1ccb760c54e6337a253aaf22b074/element - {"using":"xpath","value":"//input[@id=\"application-managecontracts-display-component---AddNewContract--site-inner\"]"}
RESULT: {"using":"xpath","value":"//input[@id=\"application-managecontracts-display-component---AddNewContract--site-inner\"]"}
COMMAND: POST /session/f67d1ccb760c54e6337a253aaf22b074/element/f.1FD5299C05E009DC8D82F3579F178006.d.D82C9D8404A2AE6BA011F95215135121.e.4517/clear - {}
RESULT: {}
COMMAND: POST /session/f67d1ccb760c54e6337a253aaf22b074/element/f.1FD5299C05E009DC8D82F3579F178006.d.D82C9D8404A2AE6BA011F95215135121.e.4517/value - {"text":"2368"}
COMMAND: GET /session/f67d1ccb760c54e6337a253aaf22b074/screenshot - {}
RESULT: {"text":"2368"}
COMMAND: GET /session/f67d1ccb760c54e6337a253aaf22b074/screenshot - {}
RESULT: {}
RESULT: {}
COMMAND: POST /session/f67d1ccb760c54e6337a253aaf22b074/element - {"using":"xpath","value":"//li[.//span[text()='2368']]"}
RESULT: {"using":"xpath","value":"//li[.//span[text()='2368']]"}
COMMAND: POST /session/f67d1ccb760c54e6337a253aaf22b074/element/f.1FD5299C05E009DC8D82F3579F178006.d.D82C9D8404A2AE6BA011F95215135121.e.4542/click - {}
RESULT: {}
COMMAND: GET /session/f67d1ccb760c54e6337a253aaf22b074/screenshot - {}
RESULT: {}
COMMAND: POST /session/f67d1ccb760c54e6337a253aaf22b074/element - {"using":"xpath","value":"//input[@id=\"application-managecontracts-display-component---AddNewContract--yardId-inner\"]"}
RESULT: {"using":"xpath","value":"//input[@id=\"application-managecontracts-display-component---AddNewContract--yardId-inner\"]"}
COMMAND: GET /session/f67d1ccb760c54e6337a253aaf22b074/element/f.1FD5299C05E009DC8D82F3579F178006.d.D82C9D8404A2AE6BA011F95215135121.e.4518/property/value - {}
RESULT: {}
COMMAND: POST /session/f67d1ccb760c54e6337a253aaf22b074/element - {"using":"xpath","value":"//input[@id=\"application-managecontracts-display-component---AddNewContract--customerSelect-inner\"]"}
COMMAND: GET /session/f67d1ccb760c54e6337a253aaf22b074/screenshot - {}
RESULT: {"using":"xpath","value":"//input[@id=\"application-managecontracts-display-component---AddNewContract--customerSelect-inner\"]"}
COMMAND: POST /session/f67d1ccb760c54e6337a253aaf22b074/element/f.1FD5299C05E009DC8D82F3579F178006.d.D82C9D8404A2AE6BA011F95215135121.e.4516/clear - {}
RESULT: {}
RESULT: {}
COMMAND: POST /session/f67d1ccb760c54e6337a253aaf22b074/element/f.1FD5299C05E009DC8D82F3579F178006.d.D82C9D8404A2AE6BA011F95215135121.e.4516/value - {"text":"1411"}
COMMAND: GET /session/f67d1ccb760c54e6337a253aaf22b074/screenshot - {}
RESULT: {"text":"1411"}
COMMAND: GET /session/f67d1ccb760c54e6337a253aaf22b074/screenshot - {}
RESULT: {}
RESULT: {}
COMMAND: POST /session/f67d1ccb760c54e6337a253aaf22b074/element - {"using":"xpath","value":"//li[.//span[text()='1411']]"}
RESULT: {"using":"xpath","value":"//li[.//span[text()='1411']]"}
COMMAND: POST /session/f67d1ccb760c54e6337a253aaf22b074/element/f.1FD5299C05E009DC8D82F3579F178006.d.D82C9D8404A2AE6BA011F95215135121.e.4545/click - {}
RESULT: {}
COMMAND: GET /session/f67d1ccb760c54e6337a253aaf22b074/screenshot - {}
RESULT: {}
COMMAND: POST /session/f67d1ccb760c54e6337a253aaf22b074/element - {"using":"xpath","value":"//button[@data-kt=\"saveButton\"]"}
RESULT: {"using":"xpath","value":"//button[@data-kt=\"saveButton\"]"}
COMMAND: POST /session/f67d1ccb760c54e6337a253aaf22b074/element/f.1FD5299C05E009DC8D82F3579F178006.d.D82C9D8404A2AE6BA011F95215135121.e.4535/click - {}
RESULT: {}
COMMAND: GET /session/f67d1ccb760c54e6337a253aaf22b074/screenshot - {}
RESULT: {}
COMMAND: POST /session/f67d1ccb760c54e6337a253aaf22b074/element - {"using":"xpath","value":"//span[contains(@id ,\"contractDetailTitleNoExpanded\")]"}
RESULT: {"using":"xpath","value":"//span[contains(@id ,\"contractDetailTitleNoExpanded\")]"}
COMMAND: POST /session/f67d1ccb760c54e6337a253aaf22b074/elements - {"using":"xpath","value":"//span[contains(@id ,\"contractDetailTitleNoExpanded\")]"}
RESULT: {"using":"xpath","value":"//span[contains(@id ,\"contractDetailTitleNoExpanded\")]"}
COMMAND: POST /session/f67d1ccb760c54e6337a253aaf22b074/execute/sync - {"script":"<script> [56 bytes]","args":[{"element-6066-11e4-a52e-4f735466cecf":"f.1FD5299C05E009DC8D82F3579F178006.d.D82C9D8404A2AE6BA011F95215135121.e.4617","ELEMENT":"f.1FD5299C05E009DC8D82F3579F178006.d.D82C9D8404A2AE6BA011F95215135121.e.4617"}]}
RESULT: {"script":"<script> [56 bytes]","args":[{"element-6066-11e4-a52e-4f735466cecf":"f.1FD5299C05E009DC8D82F3579F178006.d.D82C9D8404A2AE6BA011F95215135121.e.4617","ELEMENT":"f.1FD5299C05E009DC8D82F3579F178006.d.D82C9D8404A2AE6BA011F95215135121.e.4617"}]}
COMMAND: GET /session/f67d1ccb760c54e6337a253aaf22b074/screenshot - {}
RESULT: {}
]]></system-out>
    </testcase>
    <testcase classname="chrome.135_0_7049_96.windows.Tests_for_Mass_State_Change_on_Manage_States_&amp;_Performances_US104416_US" name="Prereq Should add created equipment to contract but to have the item 2 days earlier" time="65.327">
      <system-out><![CDATA[
COMMAND: POST /session/f67d1ccb760c54e6337a253aaf22b074/element - {"using":"xpath","value":"//button[@data-kt=\"contractDetailEditBtnButton\"]"}
RESULT: {"using":"xpath","value":"//button[@data-kt=\"contractDetailEditBtnButton\"]"}
COMMAND: POST /session/f67d1ccb760c54e6337a253aaf22b074/element/f.1FD5299C05E009DC8D82F3579F178006.d.D82C9D8404A2AE6BA011F95215135121.e.4619/click - {}
RESULT: {}
COMMAND: GET /session/f67d1ccb760c54e6337a253aaf22b074/screenshot - {}
RESULT: {}
COMMAND: POST /session/f67d1ccb760c54e6337a253aaf22b074/element - {"using":"xpath","value":"(//span[contains(text(), \"Additional Addresses\")])[2]"}
RESULT: {"using":"xpath","value":"(//span[contains(text(), \"Additional Addresses\")])[2]"}
COMMAND: POST /session/f67d1ccb760c54e6337a253aaf22b074/element/f.1FD5299C05E009DC8D82F3579F178006.d.D82C9D8404A2AE6BA011F95215135121.e.4673/click - {}
RESULT: {}
COMMAND: GET /session/f67d1ccb760c54e6337a253aaf22b074/screenshot - {}
RESULT: {}
COMMAND: POST /session/f67d1ccb760c54e6337a253aaf22b074/element - {"using":"xpath","value":"//button[@data-kt=\"btnAddTableRowOverflowToolbarButton\"]"}
RESULT: {"using":"xpath","value":"//button[@data-kt=\"btnAddTableRowOverflowToolbarButton\"]"}
COMMAND: POST /session/f67d1ccb760c54e6337a253aaf22b074/element/f.1FD5299C05E009DC8D82F3579F178006.d.D82C9D8404A2AE6BA011F95215135121.e.4677/click - {}
RESULT: {}
COMMAND: GET /session/f67d1ccb760c54e6337a253aaf22b074/screenshot - {}
RESULT: {}
COMMAND: POST /session/f67d1ccb760c54e6337a253aaf22b074/element - {"using":"xpath","value":"//div[(text() = 'Standard Entry' or . = 'Standard Entry')]"}
RESULT: {"using":"xpath","value":"//div[(text() = 'Standard Entry' or . = 'Standard Entry')]"}
COMMAND: POST /session/f67d1ccb760c54e6337a253aaf22b074/element/f.1FD5299C05E009DC8D82F3579F178006.d.D82C9D8404A2AE6BA011F95215135121.e.4679/click - {}
RESULT: {}
COMMAND: GET /session/f67d1ccb760c54e6337a253aaf22b074/screenshot - {}
RESULT: {}
COMMAND: POST /session/f67d1ccb760c54e6337a253aaf22b074/element - {"using":"xpath","value":"//td[6]/div/div/div/span"}
RESULT: {"using":"xpath","value":"//td[6]/div/div/div/span"}
COMMAND: POST /session/f67d1ccb760c54e6337a253aaf22b074/element/f.1FD5299C05E009DC8D82F3579F178006.d.D82C9D8404A2AE6BA011F95215135121.e.4691/click - {}
RESULT: {}
COMMAND: GET /session/f67d1ccb760c54e6337a253aaf22b074/screenshot - {}
RESULT: {}
COMMAND: POST /session/f67d1ccb760c54e6337a253aaf22b074/element - {"using":"xpath","value":"(//span[contains(text(), \"Equi Multipart\")])"}
RESULT: {"using":"xpath","value":"(//span[contains(text(), \"Equi Multipart\")])"}
COMMAND: POST /session/f67d1ccb760c54e6337a253aaf22b074/element/f.1FD5299C05E009DC8D82F3579F178006.d.D82C9D8404A2AE6BA011F95215135121.e.4692/click - {}
RESULT: {}
COMMAND: GET /session/f67d1ccb760c54e6337a253aaf22b074/screenshot - {}
RESULT: {}
COMMAND: POST /session/f67d1ccb760c54e6337a253aaf22b074/element - {"using":"xpath","value":"//td[7]/div/div/input"}
RESULT: {"using":"xpath","value":"//td[7]/div/div/input"}
COMMAND: POST /session/f67d1ccb760c54e6337a253aaf22b074/element/f.1FD5299C05E009DC8D82F3579F178006.d.D82C9D8404A2AE6BA011F95215135121.e.4696/clear - {}
RESULT: {}
COMMAND: POST /session/f67d1ccb760c54e6337a253aaf22b074/element/f.1FD5299C05E009DC8D82F3579F178006.d.D82C9D8404A2AE6BA011F95215135121.e.4696/value - {"text":"400036"}
COMMAND: GET /session/f67d1ccb760c54e6337a253aaf22b074/screenshot - {}
RESULT: {"text":"400036"}
COMMAND: GET /session/f67d1ccb760c54e6337a253aaf22b074/screenshot - {}
RESULT: {}
RESULT: {}
COMMAND: POST /session/f67d1ccb760c54e6337a253aaf22b074/actions - {"actions":[{"id":"action12","type":"key","parameters":{},"actions":[{"type":"keyDown","value":"î€‡"},{"type":"pause","duration":10},{"type":"keyUp","value":"î€‡"}]}]}
RESULT: {"actions":[{"id":"action12","type":"key","parameters":{},"actions":[{"type":"keyDown","value":"î€‡"},{"type":"pause","duration":10},{"type":"keyUp","value":"î€‡"}]}]}
COMMAND: GET /session/f67d1ccb760c54e6337a253aaf22b074/screenshot - {}
RESULT: {}
COMMAND: POST /session/f67d1ccb760c54e6337a253aaf22b074/execute/sync - {"script":"<script> [276 bytes]","args":["No pricing information was found"]}
RESULT: {"script":"<script> [276 bytes]","args":["No pricing information was found"]}
COMMAND: POST /session/f67d1ccb760c54e6337a253aaf22b074/element - {"using":"xpath","value":"//bdi[contains(text(), \"OK\")]"}
COMMAND: GET /session/f67d1ccb760c54e6337a253aaf22b074/screenshot - {}
RESULT: {"using":"xpath","value":"//bdi[contains(text(), \"OK\")]"}
COMMAND: POST /session/f67d1ccb760c54e6337a253aaf22b074/element/f.1FD5299C05E009DC8D82F3579F178006.d.D82C9D8404A2AE6BA011F95215135121.e.4722/click - {}
RESULT: {}
RESULT: {}
COMMAND: GET /session/f67d1ccb760c54e6337a253aaf22b074/screenshot - {}
RESULT: {}
COMMAND: POST /session/f67d1ccb760c54e6337a253aaf22b074/element - {"using":"xpath","value":"//td[19]/div/div/input"}
RESULT: {"using":"xpath","value":"//td[19]/div/div/input"}
COMMAND: POST /session/f67d1ccb760c54e6337a253aaf22b074/element/f.1FD5299C05E009DC8D82F3579F178006.d.D82C9D8404A2AE6BA011F95215135121.e.4719/clear - {}
RESULT: {}
COMMAND: POST /session/f67d1ccb760c54e6337a253aaf22b074/element/f.1FD5299C05E009DC8D82F3579F178006.d.D82C9D8404A2AE6BA011F95215135121.e.4719/value - {"text":"05/01/25"}
COMMAND: GET /session/f67d1ccb760c54e6337a253aaf22b074/screenshot - {}
RESULT: {"text":"05/01/25"}
COMMAND: GET /session/f67d1ccb760c54e6337a253aaf22b074/screenshot - {}
RESULT: {}
RESULT: {}
COMMAND: POST /session/f67d1ccb760c54e6337a253aaf22b074/element - {"using":"xpath","value":"(//button[@data-kt=\"saveButton\"])[2]"}
RESULT: {"using":"xpath","value":"(//button[@data-kt=\"saveButton\"])[2]"}
COMMAND: POST /session/f67d1ccb760c54e6337a253aaf22b074/element/f.1FD5299C05E009DC8D82F3579F178006.d.D82C9D8404A2AE6BA011F95215135121.e.4724/click - {}
RESULT: {}
COMMAND: GET /session/f67d1ccb760c54e6337a253aaf22b074/screenshot - {}
RESULT: {}
COMMAND: POST /session/f67d1ccb760c54e6337a253aaf22b074/execute/sync - {"script":"<script> [276 bytes]","args":["Some contract items are having rental validity exceeding header rental validity"]}
RESULT: {"script":"<script> [276 bytes]","args":["Some contract items are having rental validity exceeding header rental validity"]}
COMMAND: POST /session/f67d1ccb760c54e6337a253aaf22b074/element - {"using":"xpath","value":"//bdi[contains(text(), \"OK\")]"}
COMMAND: GET /session/f67d1ccb760c54e6337a253aaf22b074/screenshot - {}
RESULT: {"using":"xpath","value":"//bdi[contains(text(), \"OK\")]"}
COMMAND: POST /session/f67d1ccb760c54e6337a253aaf22b074/element/f.1FD5299C05E009DC8D82F3579F178006.d.D82C9D8404A2AE6BA011F95215135121.e.4727/click - {}
RESULT: {}
RESULT: {}
COMMAND: GET /session/f67d1ccb760c54e6337a253aaf22b074/screenshot - {}
RESULT: {}
COMMAND: POST /session/f67d1ccb760c54e6337a253aaf22b074/element - {"using":"xpath","value":"//span[contains(@id ,\"contractItemsSmartTable-header-inner\")]"}
RESULT: {"using":"xpath","value":"//span[contains(@id ,\"contractItemsSmartTable-header-inner\")]"}
COMMAND: POST /session/f67d1ccb760c54e6337a253aaf22b074/elements - {"using":"xpath","value":"//span[contains(@id ,\"contractItemsSmartTable-header-inner\")]"}
RESULT: {"using":"xpath","value":"//span[contains(@id ,\"contractItemsSmartTable-header-inner\")]"}
COMMAND: POST /session/f67d1ccb760c54e6337a253aaf22b074/execute/sync - {"script":"<script> [56 bytes]","args":[{"element-6066-11e4-a52e-4f735466cecf":"f.1FD5299C05E009DC8D82F3579F178006.d.D82C9D8404A2AE6BA011F95215135121.e.4734","ELEMENT":"f.1FD5299C05E009DC8D82F3579F178006.d.D82C9D8404A2AE6BA011F95215135121.e.4734"}]}
RESULT: {"script":"<script> [56 bytes]","args":[{"element-6066-11e4-a52e-4f735466cecf":"f.1FD5299C05E009DC8D82F3579F178006.d.D82C9D8404A2AE6BA011F95215135121.e.4734","ELEMENT":"f.1FD5299C05E009DC8D82F3579F178006.d.D82C9D8404A2AE6BA011F95215135121.e.4734"}]}
COMMAND: GET /session/f67d1ccb760c54e6337a253aaf22b074/screenshot - {}
]]></system-out>
    </testcase>
    <testcase classname="chrome.135_0_7049_96.windows.Tests_for_Mass_State_Change_on_Manage_States_&amp;_Performances_US104416_US" name="Prereq Should do a provide to site handover for today" time="55.529">
      <system-out><![CDATA[
COMMAND: POST /session/f67d1ccb760c54e6337a253aaf22b074/element - {"using":"xpath","value":"//button[@data-kt=\"provideButton\"]"}
RESULT: {"using":"xpath","value":"//button[@data-kt=\"provideButton\"]"}
COMMAND: POST /session/f67d1ccb760c54e6337a253aaf22b074/element/f.1FD5299C05E009DC8D82F3579F178006.d.D82C9D8404A2AE6BA011F95215135121.e.4735/click - {}
RESULT: {}
RESULT: {}
COMMAND: GET /session/f67d1ccb760c54e6337a253aaf22b074/screenshot - {}
RESULT: undefined
COMMAND: POST /session/f67d1ccb760c54e6337a253aaf22b074/execute/async - {"script":"<script> [6424 bytes]","args":[{"element-6066-11e4-a52e-4f735466cecf":"f.1FD5299C05E009DC8D82F3579F178006.d.D82C9D8404A2AE6BA011F95215135121.e.3583"},"setValue",["05/03/2025"]]}
RESULT: {}
COMMAND: POST /session/f67d1ccb760c54e6337a253aaf22b074/execute/async - {"script":"<script> [1562 bytes]","args":[{"selector":{"id":"application-managehandovers-display-component---AddNewHO--dueDate","interaction":{"idSuffix":"inner"}},"wdio_ui5_key":"applicationmanagehandovers-display-component---AddNewHO--dueDate"}]}
RESULT: {"script":"<script> [1562 bytes]","args":[{"selector":{"id":"application-managehandovers-display-component---AddNewHO--dueDate","interaction":{"idSuffix":"inner"}},"wdio_ui5_key":"applicationmanagehandovers-display-component---AddNewHO--dueDate"}]}
COMMAND: POST /session/f67d1ccb760c54e6337a253aaf22b074/execute/async - {"script":"<script> [6424 bytes]","args":[{"element-6066-11e4-a52e-4f735466cecf":"f.1FD5299C05E009DC8D82F3579F178006.d.D82C9D8404A2AE6BA011F95215135121.e.4826"},"setValue",["05/03/2025"]]}
RESULT: {"script":"<script> [6424 bytes]","args":[{"element-6066-11e4-a52e-4f735466cecf":"f.1FD5299C05E009DC8D82F3579F178006.d.D82C9D8404A2AE6BA011F95215135121.e.4826"},"setValue",["05/03/2025"]]}
COMMAND: POST /session/f67d1ccb760c54e6337a253aaf22b074/element - {"using":"xpath","value":"//bdi[contains(text(), \"Instructions\")]"}
RESULT: {"using":"xpath","value":"//bdi[contains(text(), \"Instructions\")]"}
COMMAND: POST /session/f67d1ccb760c54e6337a253aaf22b074/element/f.1FD5299C05E009DC8D82F3579F178006.d.D82C9D8404A2AE6BA011F95215135121.e.5053/click - {}
RESULT: {}
COMMAND: GET /session/f67d1ccb760c54e6337a253aaf22b074/screenshot - {}
RESULT: {}
COMMAND: POST /session/f67d1ccb760c54e6337a253aaf22b074/element - {"using":"xpath","value":"//button[@data-kt=\"AddNewHOProvideAddItemsButton\"]"}
RESULT: {"using":"xpath","value":"//button[@data-kt=\"AddNewHOProvideAddItemsButton\"]"}
COMMAND: POST /session/f67d1ccb760c54e6337a253aaf22b074/element/f.1FD5299C05E009DC8D82F3579F178006.d.D82C9D8404A2AE6BA011F95215135121.e.5057/click - {}
RESULT: {}
COMMAND: GET /session/f67d1ccb760c54e6337a253aaf22b074/screenshot - {}
RESULT: {}
RESULT: undefined
COMMAND: POST /session/f67d1ccb760c54e6337a253aaf22b074/element - {"using":"xpath","value":"//*[@id=\"application-managehandovers-display-component---AddNewHO--popup-sa\"]"}
RESULT: {"using":"xpath","value":"//*[@id=\"application-managehandovers-display-component---AddNewHO--popup-sa\"]"}
COMMAND: POST /session/f67d1ccb760c54e6337a253aaf22b074/element/f.1FD5299C05E009DC8D82F3579F178006.d.D82C9D8404A2AE6BA011F95215135121.e.5066/click - {}
RESULT: {}
COMMAND: GET /session/f67d1ccb760c54e6337a253aaf22b074/screenshot - {}
RESULT: {}
COMMAND: POST /session/f67d1ccb760c54e6337a253aaf22b074/element - {"using":"xpath","value":"//*[contains(@id ,\"BDI-content\")][contains(text(), \"Select\")]"}
RESULT: {"using":"xpath","value":"//*[contains(@id ,\"BDI-content\")][contains(text(), \"Select\")]"}
COMMAND: POST /session/f67d1ccb760c54e6337a253aaf22b074/element/f.1FD5299C05E009DC8D82F3579F178006.d.D82C9D8404A2AE6BA011F95215135121.e.5068/click - {}
RESULT: {}
COMMAND: GET /session/f67d1ccb760c54e6337a253aaf22b074/screenshot - {}
RESULT: {}
COMMAND: POST /session/f67d1ccb760c54e6337a253aaf22b074/execute/async - {"script":"<script> [1562 bytes]","args":[{"selector":{"id":"application-managehandovers-display-component---AddNewHO--confirmCreationButton","interaction":{"idSuffix":"BDI-content"}},"wdio_ui5_key":"applicationmanagehandovers-display-component---AddNewHO--confirmCreationButton"}]}
RESULT: {"script":"<script> [1562 bytes]","args":[{"selector":{"id":"application-managehandovers-display-component---AddNewHO--confirmCreationButton","interaction":{"idSuffix":"BDI-content"}},"wdio_ui5_key":"applicationmanagehandovers-display-component---AddNewHO--confirmCreationButton"}]}
RESULT: undefined
COMMAND: POST /session/f67d1ccb760c54e6337a253aaf22b074/element - {"using":"xpath","value":"//*[@id=\"application-managehandovers-display-component---AddNewHO--confirmCreationButton\"]"}
RESULT: {"using":"xpath","value":"//*[@id=\"application-managehandovers-display-component---AddNewHO--confirmCreationButton\"]"}
COMMAND: POST /session/f67d1ccb760c54e6337a253aaf22b074/element/f.1FD5299C05E009DC8D82F3579F178006.d.D82C9D8404A2AE6BA011F95215135121.e.4874/click - {}
RESULT: {}
COMMAND: GET /session/f67d1ccb760c54e6337a253aaf22b074/screenshot - {}
RESULT: {}
COMMAND: POST /session/f67d1ccb760c54e6337a253aaf22b074/element - {"using":"xpath","value":"//button[@data-kt=\"PickingTableConfirmAllButton\"]"}
RESULT: {"using":"xpath","value":"//button[@data-kt=\"PickingTableConfirmAllButton\"]"}
COMMAND: POST /session/f67d1ccb760c54e6337a253aaf22b074/elements - {"using":"xpath","value":"//button[@data-kt=\"PickingTableConfirmAllButton\"]"}
RESULT: {"using":"xpath","value":"//button[@data-kt=\"PickingTableConfirmAllButton\"]"}
COMMAND: POST /session/f67d1ccb760c54e6337a253aaf22b074/elements - {"using":"xpath","value":"//button[@data-kt=\"PickingTableConfirmAllButton\"]"}
RESULT: {"using":"xpath","value":"//button[@data-kt=\"PickingTableConfirmAllButton\"]"}
COMMAND: POST /session/f67d1ccb760c54e6337a253aaf22b074/element - {"using":"xpath","value":"//button[@data-kt=\"PickingTableConfirmAllButton\"]"}
RESULT: {"using":"xpath","value":"//button[@data-kt=\"PickingTableConfirmAllButton\"]"}
COMMAND: POST /session/f67d1ccb760c54e6337a253aaf22b074/element/f.1FD5299C05E009DC8D82F3579F178006.d.D82C9D8404A2AE6BA011F95215135121.e.5105/click - {}
COMMAND: POST /session/f67d1ccb760c54e6337a253aaf22b074/element - {"using":"xpath","value":"//button[@data-kt=\"PickingTableConfirmAllButton\"]"}
RESULT: {"using":"xpath","value":"//button[@data-kt=\"PickingTableConfirmAllButton\"]"}
COMMAND: POST /session/f67d1ccb760c54e6337a253aaf22b074/element/f.1FD5299C05E009DC8D82F3579F178006.d.D82C9D8404A2AE6BA011F95215135121.e.5105/click - {}
COMMAND: POST /session/f67d1ccb760c54e6337a253aaf22b074/element - {"using":"xpath","value":"//button[@data-kt=\"PickingTableConfirmAllButton\"]"}
RESULT: {"using":"xpath","value":"//button[@data-kt=\"PickingTableConfirmAllButton\"]"}
COMMAND: POST /session/f67d1ccb760c54e6337a253aaf22b074/element/f.1FD5299C05E009DC8D82F3579F178006.d.D82C9D8404A2AE6BA011F95215135121.e.5121/click - {}
RESULT: {}
COMMAND: GET /session/f67d1ccb760c54e6337a253aaf22b074/screenshot - {}
RESULT: {}
COMMAND: POST /session/f67d1ccb760c54e6337a253aaf22b074/element - {"using":"xpath","value":"//bdi[contains(text(), \"OK\")]"}
RESULT: {"using":"xpath","value":"//bdi[contains(text(), \"OK\")]"}
COMMAND: POST /session/f67d1ccb760c54e6337a253aaf22b074/element/f.1FD5299C05E009DC8D82F3579F178006.d.D82C9D8404A2AE6BA011F95215135121.e.5124/click - {}
RESULT: {}
COMMAND: GET /session/f67d1ccb760c54e6337a253aaf22b074/screenshot - {}
RESULT: {}
COMMAND: POST /session/f67d1ccb760c54e6337a253aaf22b074/element - {"using":"xpath","value":"//bdi[contains(text(), \"Issue\")]"}
RESULT: {"using":"xpath","value":"//bdi[contains(text(), \"Issue\")]"}
COMMAND: POST /session/f67d1ccb760c54e6337a253aaf22b074/element/f.1FD5299C05E009DC8D82F3579F178006.d.D82C9D8404A2AE6BA011F95215135121.e.5127/click - {}
RESULT: {}
COMMAND: GET /session/f67d1ccb760c54e6337a253aaf22b074/screenshot - {}
RESULT: {}
COMMAND: POST /session/f67d1ccb760c54e6337a253aaf22b074/element - {"using":"css selector","value":"#shell-header-logo"}
RESULT: {"using":"css selector","value":"#shell-header-logo"}
COMMAND: POST /session/f67d1ccb760c54e6337a253aaf22b074/element/f.1FD5299C05E009DC8D82F3579F178006.d.D82C9D8404A2AE6BA011F95215135121.e.3988/click - {}
RESULT: {}
COMMAND: GET /session/f67d1ccb760c54e6337a253aaf22b074/screenshot - {}
RESULT: {}
]]></system-out>
    </testcase>
  </testsuite>
</testsuites>