<?xml version="1.0" encoding="UTF-8"?>
<testsuites tests="9" failures="2" errors="2" skipped="0">
  <testsuite timestamp="2025-05-13T07:23:16" time="96.968" tests="1" failures="0" errors="0" skipped="0">
    <properties>
      <property name="specId" value="0" />
      <property name="suiteName" value="Create a new catalogs section" />
      <property name="capabilities" value="chrome.136_0_7103_49.windows" />
      <property name="file" value="file:///D:/a/1/s/test/specs/R2C/create-new-webshop-catalog-section.spec.js" />
    </properties>
    <testcase classname="chrome.136_0_7103_49.windows.Create_a_new_catalogs_section" name="Should navigate to manage catalogs and add a new section on webshop catalog" time="73.661">
      <system-out><![CDATA[
COMMAND: POST /session/c22d630f923eba2e6547386143a2ce98/execute/async - {"script":"<script> [1562 bytes]","args":[{"selector":{"controlType":"sap.m.GenericTile","properties":{"header":"Manage Catalogs"}},"wdio_ui5_key":"sapm.GenericTile{\"header\":\"Manage Catalogs\"}"}]}
RESULT: {"script":"<script> [1562 bytes]","args":[{"selector":{"controlType":"sap.m.GenericTile","properties":{"header":"Manage Catalogs"}},"wdio_ui5_key":"sapm.GenericTile{\"header\":\"Manage Catalogs\"}"}]}
RESULT: undefined
COMMAND: POST /session/c22d630f923eba2e6547386143a2ce98/element - {"using":"xpath","value":"//*[@id=\"__tile37\"]"}
RESULT: {"using":"xpath","value":"//*[@id=\"__tile37\"]"}
COMMAND: POST /session/c22d630f923eba2e6547386143a2ce98/element/f.F3680679D6317BFE5C637BF81341B710.d.BCA1EA29E3D14DF226E27BFA2F12A990.e.116/click - {}
RESULT: {}
COMMAND: GET /session/c22d630f923eba2e6547386143a2ce98/screenshot - {}
RESULT: {}
COMMAND: POST /session/c22d630f923eba2e6547386143a2ce98/elements - {"using":"xpath","value":"//span[text()='Error']"}
RESULT: {"using":"xpath","value":"//span[text()='Error']"}
COMMAND: POST /session/c22d630f923eba2e6547386143a2ce98/execute/async - {"script":"<script> [1562 bytes]","args":[{"selector":{"controlType":"sap.m.Text","viewName":"etm.portal.ui.managecatalogs.view.MasterCatalogs","viewId":"application-managecatalogs-display-component---masterCatalogs","bindingPath":{"path":"/Catalogs('0D7502D073D53A0F1700BE067B89AFF9')","propertyPath":"DESCRIPTION","modelName":"catalogModel"}},"wdio_ui5_key":"etmportal.ui.managecatalogs.view.MasterCatalogssap.m.Text{\"path\":\"/Catalogs('0D7502D073D53A0F1700BE067B89AFF9')\",\"propertyPath\":\"DESCRIPTION\",\"modelName\":\"catalogModel\"}"}]}
RESULT: {"script":"<script> [1562 bytes]","args":[{"selector":{"controlType":"sap.m.Text","viewName":"etm.portal.ui.managecatalogs.view.MasterCatalogs","viewId":"application-managecatalogs-display-component---masterCatalogs","bindingPath":{"path":"/Catalogs('0D7502D073D53A0F1700BE067B89AFF9')","propertyPath":"DESCRIPTION","modelName":"catalogModel"}},"wdio_ui5_key":"etmportal.ui.managecatalogs.view.MasterCatalogssap.m.Text{\"path\":\"/Catalogs('0D7502D073D53A0F1700BE067B89AFF9')\",\"propertyPath\":\"DESCRIPTION\",\"modelName\":\"catalogModel\"}"}]}
RESULT: undefined
COMMAND: POST /session/c22d630f923eba2e6547386143a2ce98/element - {"using":"xpath","value":"//*[@id=\"__text39-application-managecatalogs-display-component---masterCatalogs--CatalogsTable-11\"]"}
RESULT: {"using":"xpath","value":"//*[@id=\"__text39-application-managecatalogs-display-component---masterCatalogs--CatalogsTable-11\"]"}
COMMAND: POST /session/c22d630f923eba2e6547386143a2ce98/element/f.F3680679D6317BFE5C637BF81341B710.d.BCA1EA29E3D14DF226E27BFA2F12A990.e.146/click - {}
RESULT: {}
COMMAND: POST /session/c22d630f923eba2e6547386143a2ce98/execute/async - {"script":"<script> [1562 bytes]","args":[{"selector":{"controlType":"sap.ui.layout.HorizontalLayout","viewName":"etm.portal.ui.managecatalogs.view.MasterItems","viewId":"application-managecatalogs-display-component---masterCatalogItems","ancestor":{"id":"application-managecatalogs-display-component---masterCatalogItems--idCatalogItemsTree-rows-row0"}},"wdio_ui5_key":"etmportal.ui.managecatalogs.view.MasterItemssap.ui.layout.HorizontalLayout{\"id\":\"application-managecatalogs-display-component---masterCatalogItems--idCatalogItemsTree-rows-row0\"}"}]}
COMMAND: GET /session/c22d630f923eba2e6547386143a2ce98/screenshot - {}
RESULT: {"script":"<script> [1562 bytes]","args":[{"selector":{"controlType":"sap.ui.layout.HorizontalLayout","viewName":"etm.portal.ui.managecatalogs.view.MasterItems","viewId":"application-managecatalogs-display-component---masterCatalogItems","ancestor":{"id":"application-managecatalogs-display-component---masterCatalogItems--idCatalogItemsTree-rows-row0"}},"wdio_ui5_key":"etmportal.ui.managecatalogs.view.MasterItemssap.ui.layout.HorizontalLayout{\"id\":\"application-managecatalogs-display-component---masterCatalogItems--idCatalogItemsTree-rows-row0\"}"}]}
RESULT: undefined
COMMAND: POST /session/c22d630f923eba2e6547386143a2ce98/element - {"using":"xpath","value":"//*[@id=\"__layout3-__clone11\"]"}
RESULT: {}
RESULT: {"using":"xpath","value":"//*[@id=\"__layout3-__clone11\"]"}
COMMAND: POST /session/c22d630f923eba2e6547386143a2ce98/element/f.F3680679D6317BFE5C637BF81341B710.d.BCA1EA29E3D14DF226E27BFA2F12A990.e.158/click - {}
RESULT: {}
COMMAND: GET /session/c22d630f923eba2e6547386143a2ce98/screenshot - {}
RESULT: {}
COMMAND: POST /session/c22d630f923eba2e6547386143a2ce98/execute/async - {"script":"<script> [1562 bytes]","args":[{"selector":{"controlType":"sap.m.Button","viewName":"etm.portal.ui.managecatalogs.view.Detail","viewId":"application-managecatalogs-display-component---detailCatalog","i18NText":{"propertyName":"text","key":"edit"},"interaction":{"idSuffix":"BDI-content"}},"wdio_ui5_key":"etmportal.ui.managecatalogs.view.Detailsap.m.Button{\"propertyName\":\"text\",\"key\":\"edit\"}"}]}
RESULT: {"script":"<script> [1562 bytes]","args":[{"selector":{"controlType":"sap.m.Button","viewName":"etm.portal.ui.managecatalogs.view.Detail","viewId":"application-managecatalogs-display-component---detailCatalog","i18NText":{"propertyName":"text","key":"edit"},"interaction":{"idSuffix":"BDI-content"}},"wdio_ui5_key":"etmportal.ui.managecatalogs.view.Detailsap.m.Button{\"propertyName\":\"text\",\"key\":\"edit\"}"}]}
RESULT: undefined
COMMAND: POST /session/c22d630f923eba2e6547386143a2ce98/element - {"using":"xpath","value":"//*[@id=\"__button35\"]"}
RESULT: {"using":"xpath","value":"//*[@id=\"__button35\"]"}
COMMAND: POST /session/c22d630f923eba2e6547386143a2ce98/element/f.F3680679D6317BFE5C637BF81341B710.d.BCA1EA29E3D14DF226E27BFA2F12A990.e.252/click - {}
RESULT: {}
COMMAND: GET /session/c22d630f923eba2e6547386143a2ce98/screenshot - {}
RESULT: {}
COMMAND: POST /session/c22d630f923eba2e6547386143a2ce98/element - {"using":"xpath","value":"//bdi[contains(text(), \"Unlock\")]"}
RESULT: {"using":"xpath","value":"//bdi[contains(text(), \"Unlock\")]"}
COMMAND: POST /session/c22d630f923eba2e6547386143a2ce98/elements - {"using":"xpath","value":"//bdi[contains(text(), \"Unlock\")]"}
RESULT: {"using":"xpath","value":"//bdi[contains(text(), \"Unlock\")]"}
COMMAND: POST /session/c22d630f923eba2e6547386143a2ce98/execute/async - {"script":"<script> [1562 bytes]","args":[{"selector":{"controlType":"sap.ui.core.Icon","viewName":"etm.portal.ui.managecatalogs.view.Detail","viewId":"application-managecatalogs-display-component---detailCatalog","properties":{"src":{"regex":{"source":"add\\-folder"}}}},"wdio_ui5_key":"etmportal.ui.managecatalogs.view.Detailsap.ui.core.Icon{\"src\":{\"regex\":{\"source\":\"add\\\\-folder\"}}}"}]}
RESULT: {"script":"<script> [1562 bytes]","args":[{"selector":{"controlType":"sap.ui.core.Icon","viewName":"etm.portal.ui.managecatalogs.view.Detail","viewId":"application-managecatalogs-display-component---detailCatalog","properties":{"src":{"regex":{"source":"add\\-folder"}}}},"wdio_ui5_key":"etmportal.ui.managecatalogs.view.Detailsap.ui.core.Icon{\"src\":{\"regex\":{\"source\":\"add\\\\-folder\"}}}"}]}
RESULT: undefined
COMMAND: POST /session/c22d630f923eba2e6547386143a2ce98/element - {"using":"xpath","value":"//*[@id=\"__button43-img\"]"}
RESULT: {"using":"xpath","value":"//*[@id=\"__button43-img\"]"}
COMMAND: POST /session/c22d630f923eba2e6547386143a2ce98/element/f.F3680679D6317BFE5C637BF81341B710.d.BCA1EA29E3D14DF226E27BFA2F12A990.e.260/click - {}
RESULT: {}
COMMAND: GET /session/c22d630f923eba2e6547386143a2ce98/screenshot - {}
RESULT: {}
COMMAND: POST /session/c22d630f923eba2e6547386143a2ce98/execute/async - {"script":"<script> [1562 bytes]","args":[{"selector":{"id":"application-managecatalogs-display-component---detailCatalog--numberInput","searchOpenDialogs":true,"interaction":{"idSuffix":"inner"}},"wdio_ui5_key":"applicationmanagecatalogs-display-component---detailCatalog--numberInput"}]}
RESULT: {"script":"<script> [1562 bytes]","args":[{"selector":{"id":"application-managecatalogs-display-component---detailCatalog--numberInput","searchOpenDialogs":true,"interaction":{"idSuffix":"inner"}},"wdio_ui5_key":"applicationmanagecatalogs-display-component---detailCatalog--numberInput"}]}
RESULT: undefined
COMMAND: POST /session/c22d630f923eba2e6547386143a2ce98/execute/async - {"script":"<script> [776 bytes]","args":[{"enterText":"Section0ymlr","selector":{"id":"application-managecatalogs-display-component---detailCatalog--numberInput","searchOpenDialogs":true,"interaction":{"idSuffix":"inner"}},"clearTextFirst":true,"interactionType":"ENTER_TEXT"}]}
RESULT: {"script":"<script> [776 bytes]","args":[{"enterText":"Section0ymlr","selector":{"id":"application-managecatalogs-display-component---detailCatalog--numberInput","searchOpenDialogs":true,"interaction":{"idSuffix":"inner"}},"clearTextFirst":true,"interactionType":"ENTER_TEXT"}]}
COMMAND: POST /session/c22d630f923eba2e6547386143a2ce98/element - {"using":"css selector","value":"#application-managecatalogs-display-component---detailCatalog--nameInput-inner"}
RESULT: {"using":"css selector","value":"#application-managecatalogs-display-component---detailCatalog--nameInput-inner"}
COMMAND: POST /session/c22d630f923eba2e6547386143a2ce98/elements - {"using":"css selector","value":"#application-managecatalogs-display-component---detailCatalog--nameInput-inner"}
RESULT: {"using":"css selector","value":"#application-managecatalogs-display-component---detailCatalog--nameInput-inner"}
COMMAND: POST /session/c22d630f923eba2e6547386143a2ce98/element/f.F3680679D6317BFE5C637BF81341B710.d.BCA1EA29E3D14DF226E27BFA2F12A990.e.264/clear - {}
RESULT: {}
COMMAND: POST /session/c22d630f923eba2e6547386143a2ce98/element/f.F3680679D6317BFE5C637BF81341B710.d.BCA1EA29E3D14DF226E27BFA2F12A990.e.264/value - {"text":"Webdriver8gyxr"}
COMMAND: GET /session/c22d630f923eba2e6547386143a2ce98/screenshot - {}
RESULT: {"text":"Webdriver8gyxr"}
COMMAND: POST /session/c22d630f923eba2e6547386143a2ce98/execute/async - {"script":"<script> [1562 bytes]","args":[{"selector":{"controlType":"sap.m.Button","viewName":"etm.portal.ui.managecatalogs.view.Detail","viewId":"application-managecatalogs-display-component---detailCatalog","i18NText":{"propertyName":"text","key":"create"},"searchOpenDialogs":true,"interaction":{"idSuffix":"BDI-content"}},"wdio_ui5_key":"etmportal.ui.managecatalogs.view.Detailsap.m.Button{\"propertyName\":\"text\",\"key\":\"create\"}"}]}
COMMAND: GET /session/c22d630f923eba2e6547386143a2ce98/screenshot - {}
RESULT: {}
RESULT: {"script":"<script> [1562 bytes]","args":[{"selector":{"controlType":"sap.m.Button","viewName":"etm.portal.ui.managecatalogs.view.Detail","viewId":"application-managecatalogs-display-component---detailCatalog","i18NText":{"propertyName":"text","key":"create"},"searchOpenDialogs":true,"interaction":{"idSuffix":"BDI-content"}},"wdio_ui5_key":"etmportal.ui.managecatalogs.view.Detailsap.m.Button{\"propertyName\":\"text\",\"key\":\"create\"}"}]}
RESULT: undefined
COMMAND: POST /session/c22d630f923eba2e6547386143a2ce98/element - {"using":"xpath","value":"//*[@id=\"__button13\"]"}
RESULT: {}
RESULT: {"using":"xpath","value":"//*[@id=\"__button13\"]"}
COMMAND: POST /session/c22d630f923eba2e6547386143a2ce98/element/f.F3680679D6317BFE5C637BF81341B710.d.BCA1EA29E3D14DF226E27BFA2F12A990.e.270/click - {}
RESULT: {}
COMMAND: GET /session/c22d630f923eba2e6547386143a2ce98/screenshot - {}
RESULT: {}
COMMAND: POST /session/c22d630f923eba2e6547386143a2ce98/element - {"using":"xpath","value":"//button[@title=\"Save\"]"}
RESULT: {"using":"xpath","value":"//button[@title=\"Save\"]"}
COMMAND: POST /session/c22d630f923eba2e6547386143a2ce98/element/f.F3680679D6317BFE5C637BF81341B710.d.BCA1EA29E3D14DF226E27BFA2F12A990.e.271/click - {}
RESULT: {}
COMMAND: POST /session/c22d630f923eba2e6547386143a2ce98/execute/async - {"script":"<script> [1562 bytes]","args":[{"selector":{"controlType":"sap.ui.core.Icon","viewName":"etm.portal.ui.managecatalogs.view.Detail","viewId":"application-managecatalogs-display-component---detailCatalog","properties":{"src":{"regex":{"source":"decline"}}}},"wdio_ui5_key":"etmportal.ui.managecatalogs.view.Detailsap.ui.core.Icon{\"src\":{\"regex\":{\"source\":\"decline\"}}}"}]}
COMMAND: GET /session/c22d630f923eba2e6547386143a2ce98/screenshot - {}
RESULT: {"script":"<script> [1562 bytes]","args":[{"selector":{"controlType":"sap.ui.core.Icon","viewName":"etm.portal.ui.managecatalogs.view.Detail","viewId":"application-managecatalogs-display-component---detailCatalog","properties":{"src":{"regex":{"source":"decline"}}}},"wdio_ui5_key":"etmportal.ui.managecatalogs.view.Detailsap.ui.core.Icon{\"src\":{\"regex\":{\"source\":\"decline\"}}}"}]}
RESULT: undefined
COMMAND: POST /session/c22d630f923eba2e6547386143a2ce98/element - {"using":"xpath","value":"//*[@id=\"__button38-img\"]"}
RESULT: {}
RESULT: {"using":"xpath","value":"//*[@id=\"__button38-img\"]"}
COMMAND: POST /session/c22d630f923eba2e6547386143a2ce98/element/f.F3680679D6317BFE5C637BF81341B710.d.BCA1EA29E3D14DF226E27BFA2F12A990.e.277/click - {}
RESULT: {}
COMMAND: GET /session/c22d630f923eba2e6547386143a2ce98/screenshot - {}
RESULT: {}
COMMAND: POST /session/c22d630f923eba2e6547386143a2ce98/execute/async - {"script":"<script> [1562 bytes]","args":[{"selector":{"controlType":"sap.ui.core.Icon","viewName":"etm.portal.ui.managecatalogs.view.MasterItems","viewId":"application-managecatalogs-display-component---masterCatalogItems","properties":{"src":{"regex":{"source":"refresh"}}}},"wdio_ui5_key":"etmportal.ui.managecatalogs.view.MasterItemssap.ui.core.Icon{\"src\":{\"regex\":{\"source\":\"refresh\"}}}"}]}
RESULT: {"script":"<script> [1562 bytes]","args":[{"selector":{"controlType":"sap.ui.core.Icon","viewName":"etm.portal.ui.managecatalogs.view.MasterItems","viewId":"application-managecatalogs-display-component---masterCatalogItems","properties":{"src":{"regex":{"source":"refresh"}}}},"wdio_ui5_key":"etmportal.ui.managecatalogs.view.MasterItemssap.ui.core.Icon{\"src\":{\"regex\":{\"source\":\"refresh\"}}}"}]}
RESULT: undefined
COMMAND: POST /session/c22d630f923eba2e6547386143a2ce98/element - {"using":"xpath","value":"//*[@id=\"__button11-img\"]"}
RESULT: {"using":"xpath","value":"//*[@id=\"__button11-img\"]"}
COMMAND: POST /session/c22d630f923eba2e6547386143a2ce98/element/f.F3680679D6317BFE5C637BF81341B710.d.BCA1EA29E3D14DF226E27BFA2F12A990.e.311/click - {}
RESULT: {}
COMMAND: POST /session/c22d630f923eba2e6547386143a2ce98/execute/async - {"script":"<script> [1562 bytes]","args":[{"selector":{"id":"application-managecatalogs-display-component---masterCatalogItems--searchItemsField","interaction":{"idSuffix":"I"}},"wdio_ui5_key":"applicationmanagecatalogs-display-component---masterCatalogItems--searchItemsField"}]}
COMMAND: GET /session/c22d630f923eba2e6547386143a2ce98/screenshot - {}
RESULT: {"script":"<script> [1562 bytes]","args":[{"selector":{"id":"application-managecatalogs-display-component---masterCatalogItems--searchItemsField","interaction":{"idSuffix":"I"}},"wdio_ui5_key":"applicationmanagecatalogs-display-component---masterCatalogItems--searchItemsField"}]}
RESULT: undefined
COMMAND: POST /session/c22d630f923eba2e6547386143a2ce98/execute/async - {"script":"<script> [776 bytes]","args":[{"enterText":"Webdriver8gyxr","selector":{"id":"application-managecatalogs-display-component---masterCatalogItems--searchItemsField","interaction":{"idSuffix":"I"}},"clearTextFirst":true,"interactionType":"ENTER_TEXT"}]}
RESULT: {}
RESULT: {"script":"<script> [776 bytes]","args":[{"enterText":"Webdriver8gyxr","selector":{"id":"application-managecatalogs-display-component---masterCatalogItems--searchItemsField","interaction":{"idSuffix":"I"}},"clearTextFirst":true,"interactionType":"ENTER_TEXT"}]}
COMMAND: POST /session/c22d630f923eba2e6547386143a2ce98/actions - {"actions":[{"id":"action1","type":"key","parameters":{},"actions":[{"type":"keyDown","value":"î€‡"},{"type":"pause","duration":10},{"type":"keyUp","value":"î€‡"}]}]}
RESULT: {"actions":[{"id":"action1","type":"key","parameters":{},"actions":[{"type":"keyDown","value":"î€‡"},{"type":"pause","duration":10},{"type":"keyUp","value":"î€‡"}]}]}
COMMAND: POST /session/c22d630f923eba2e6547386143a2ce98/element - {"using":"xpath","value":"(//span[contains(text(), \"Webdriver8gyxr\")])[1]"}
COMMAND: GET /session/c22d630f923eba2e6547386143a2ce98/screenshot - {}
RESULT: {"using":"xpath","value":"(//span[contains(text(), \"Webdriver8gyxr\")])[1]"}
COMMAND: POST /session/c22d630f923eba2e6547386143a2ce98/element/f.F3680679D6317BFE5C637BF81341B710.d.BCA1EA29E3D14DF226E27BFA2F12A990.e.315/click - {}
RESULT: {}
RESULT: {}
COMMAND: GET /session/c22d630f923eba2e6547386143a2ce98/screenshot - {}
RESULT: {}
RESULT: undefined
COMMAND: POST /session/c22d630f923eba2e6547386143a2ce98/element - {"using":"xpath","value":"//*[@id=\"__button35\"]"}
RESULT: {"using":"xpath","value":"//*[@id=\"__button35\"]"}
COMMAND: POST /session/c22d630f923eba2e6547386143a2ce98/element/f.F3680679D6317BFE5C637BF81341B710.d.BCA1EA29E3D14DF226E27BFA2F12A990.e.385/click - {}
RESULT: {}
COMMAND: GET /session/c22d630f923eba2e6547386143a2ce98/screenshot - {}
RESULT: {}
RESULT: undefined
COMMAND: POST /session/c22d630f923eba2e6547386143a2ce98/element - {"using":"xpath","value":"//*[@id=\"__button43-img\"]"}
RESULT: {"using":"xpath","value":"//*[@id=\"__button43-img\"]"}
COMMAND: POST /session/c22d630f923eba2e6547386143a2ce98/element/f.F3680679D6317BFE5C637BF81341B710.d.BCA1EA29E3D14DF226E27BFA2F12A990.e.401/click - {}
RESULT: {}
COMMAND: GET /session/c22d630f923eba2e6547386143a2ce98/screenshot - {}
RESULT: {}
RESULT: undefined
COMMAND: POST /session/c22d630f923eba2e6547386143a2ce98/execute/async - {"script":"<script> [776 bytes]","args":[{"enterText":"SecondSectionr3fwf","selector":{"id":"application-managecatalogs-display-component---detailCatalog--numberInput","searchOpenDialogs":true,"interaction":{"idSuffix":"inner"}},"clearTextFirst":true,"interactionType":"ENTER_TEXT"}]}
RESULT: {"script":"<script> [776 bytes]","args":[{"enterText":"SecondSectionr3fwf","selector":{"id":"application-managecatalogs-display-component---detailCatalog--numberInput","searchOpenDialogs":true,"interaction":{"idSuffix":"inner"}},"clearTextFirst":true,"interactionType":"ENTER_TEXT"}]}
COMMAND: POST /session/c22d630f923eba2e6547386143a2ce98/element - {"using":"xpath","value":"//input[contains(@id ,\"application-managecatalogs-display-component---detailCatalog--nameInput-inner\")]"}
RESULT: {"using":"xpath","value":"//input[contains(@id ,\"application-managecatalogs-display-component---detailCatalog--nameInput-inner\")]"}
COMMAND: POST /session/c22d630f923eba2e6547386143a2ce98/elements - {"using":"xpath","value":"//input[contains(@id ,\"application-managecatalogs-display-component---detailCatalog--nameInput-inner\")]"}
RESULT: {"using":"xpath","value":"//input[contains(@id ,\"application-managecatalogs-display-component---detailCatalog--nameInput-inner\")]"}
COMMAND: POST /session/c22d630f923eba2e6547386143a2ce98/element/f.F3680679D6317BFE5C637BF81341B710.d.BCA1EA29E3D14DF226E27BFA2F12A990.e.405/clear - {}
RESULT: {}
COMMAND: POST /session/c22d630f923eba2e6547386143a2ce98/element/f.F3680679D6317BFE5C637BF81341B710.d.BCA1EA29E3D14DF226E27BFA2F12A990.e.405/value - {"text":"webdriversecondt9hxx"}
COMMAND: GET /session/c22d630f923eba2e6547386143a2ce98/screenshot - {}
RESULT: {"text":"webdriversecondt9hxx"}
COMMAND: POST /session/c22d630f923eba2e6547386143a2ce98/execute/async - {"script":"<script> [1562 bytes]","args":[{"selector":{"id":"application-managecatalogs-display-component---detailCatalog--nameInput","searchOpenDialogs":true,"interaction":{"idSuffix":"inner"}},"wdio_ui5_key":"applicationmanagecatalogs-display-component---detailCatalog--nameInput"}]}
COMMAND: GET /session/c22d630f923eba2e6547386143a2ce98/screenshot - {}
RESULT: {}
RESULT: {"script":"<script> [1562 bytes]","args":[{"selector":{"id":"application-managecatalogs-display-component---detailCatalog--nameInput","searchOpenDialogs":true,"interaction":{"idSuffix":"inner"}},"wdio_ui5_key":"applicationmanagecatalogs-display-component---detailCatalog--nameInput"}]}
RESULT: undefined
COMMAND: POST /session/c22d630f923eba2e6547386143a2ce98/execute/async - {"script":"<script> [776 bytes]","args":[{"enterText":"webdriversecondt9hxx","selector":{"id":"application-managecatalogs-display-component---detailCatalog--nameInput","searchOpenDialogs":true,"interaction":{"idSuffix":"inner"}},"clearTextFirst":true,"interactionType":"ENTER_TEXT"}]}
RESULT: {}
RESULT: {"script":"<script> [776 bytes]","args":[{"enterText":"webdriversecondt9hxx","selector":{"id":"application-managecatalogs-display-component---detailCatalog--nameInput","searchOpenDialogs":true,"interaction":{"idSuffix":"inner"}},"clearTextFirst":true,"interactionType":"ENTER_TEXT"}]}
RESULT: undefined
COMMAND: POST /session/c22d630f923eba2e6547386143a2ce98/element - {"using":"xpath","value":"//*[@id=\"__button13\"]"}
RESULT: {"using":"xpath","value":"//*[@id=\"__button13\"]"}
COMMAND: POST /session/c22d630f923eba2e6547386143a2ce98/element/f.F3680679D6317BFE5C637BF81341B710.d.BCA1EA29E3D14DF226E27BFA2F12A990.e.409/click - {}
RESULT: {}
COMMAND: GET /session/c22d630f923eba2e6547386143a2ce98/screenshot - {}
RESULT: {}
COMMAND: POST /session/c22d630f923eba2e6547386143a2ce98/element - {"using":"xpath","value":"//button[@title=\"Save\"]"}
RESULT: {"using":"xpath","value":"//button[@title=\"Save\"]"}
COMMAND: POST /session/c22d630f923eba2e6547386143a2ce98/element/f.F3680679D6317BFE5C637BF81341B710.d.BCA1EA29E3D14DF226E27BFA2F12A990.e.389/click - {}
RESULT: {}
COMMAND: GET /session/c22d630f923eba2e6547386143a2ce98/screenshot - {}
RESULT: {}
RESULT: undefined
COMMAND: POST /session/c22d630f923eba2e6547386143a2ce98/element - {"using":"xpath","value":"//*[@id=\"__button38-img\"]"}
RESULT: {"using":"xpath","value":"//*[@id=\"__button38-img\"]"}
COMMAND: POST /session/c22d630f923eba2e6547386143a2ce98/element/f.F3680679D6317BFE5C637BF81341B710.d.BCA1EA29E3D14DF226E27BFA2F12A990.e.414/click - {}
RESULT: {}
COMMAND: GET /session/c22d630f923eba2e6547386143a2ce98/screenshot - {}
RESULT: {}
RESULT: undefined
COMMAND: POST /session/c22d630f923eba2e6547386143a2ce98/element - {"using":"xpath","value":"//*[@id=\"__button11-img\"]"}
RESULT: {"using":"xpath","value":"//*[@id=\"__button11-img\"]"}
COMMAND: POST /session/c22d630f923eba2e6547386143a2ce98/element/f.F3680679D6317BFE5C637BF81341B710.d.BCA1EA29E3D14DF226E27BFA2F12A990.e.447/click - {}
RESULT: {}
COMMAND: GET /session/c22d630f923eba2e6547386143a2ce98/screenshot - {}
RESULT: {}
RESULT: undefined
COMMAND: POST /session/c22d630f923eba2e6547386143a2ce98/execute/async - {"script":"<script> [776 bytes]","args":[{"enterText":"SecondSectionr3fwf","selector":{"id":"application-managecatalogs-display-component---masterCatalogItems--searchItemsField","interaction":{"idSuffix":"I"}},"clearTextFirst":true,"interactionType":"ENTER_TEXT"}]}
RESULT: {"script":"<script> [776 bytes]","args":[{"enterText":"SecondSectionr3fwf","selector":{"id":"application-managecatalogs-display-component---masterCatalogItems--searchItemsField","interaction":{"idSuffix":"I"}},"clearTextFirst":true,"interactionType":"ENTER_TEXT"}]}
COMMAND: POST /session/c22d630f923eba2e6547386143a2ce98/actions - {"actions":[{"id":"action2","type":"key","parameters":{},"actions":[{"type":"keyDown","value":"î€‡"},{"type":"pause","duration":10},{"type":"keyUp","value":"î€‡"}]}]}
RESULT: {"actions":[{"id":"action2","type":"key","parameters":{},"actions":[{"type":"keyDown","value":"î€‡"},{"type":"pause","duration":10},{"type":"keyUp","value":"î€‡"}]}]}
COMMAND: POST /session/c22d630f923eba2e6547386143a2ce98/element - {"using":"xpath","value":"(//span[contains(text(), \"SecondSectionr3fwf\")])[1]"}
COMMAND: GET /session/c22d630f923eba2e6547386143a2ce98/screenshot - {}
RESULT: {"using":"xpath","value":"(//span[contains(text(), \"SecondSectionr3fwf\")])[1]"}
COMMAND: POST /session/c22d630f923eba2e6547386143a2ce98/element/f.F3680679D6317BFE5C637BF81341B710.d.BCA1EA29E3D14DF226E27BFA2F12A990.e.450/click - {}
RESULT: {}
RESULT: {}
COMMAND: POST /session/c22d630f923eba2e6547386143a2ce98/element - {"using":"xpath","value":"(//span[contains(text(), \"SecondSectionr3fwf\")])[1]"}
COMMAND: GET /session/c22d630f923eba2e6547386143a2ce98/screenshot - {}
RESULT: {"using":"xpath","value":"(//span[contains(text(), \"SecondSectionr3fwf\")])[1]"}
COMMAND: GET /session/c22d630f923eba2e6547386143a2ce98/element/f.F3680679D6317BFE5C637BF81341B710.d.BCA1EA29E3D14DF226E27BFA2F12A990.e.450/text - {}
RESULT: {}
COMMAND: POST /session/c22d630f923eba2e6547386143a2ce98/element - {"using":"xpath","value":"(//span[contains(text(), \"SecondSectionr3fwf\")])[1]"}
RESULT: {"using":"xpath","value":"(//span[contains(text(), \"SecondSectionr3fwf\")])[1]"}
COMMAND: GET /session/c22d630f923eba2e6547386143a2ce98/element/f.F3680679D6317BFE5C637BF81341B710.d.BCA1EA29E3D14DF226E27BFA2F12A990.e.450/text - {}
COMMAND: POST /session/c22d630f923eba2e6547386143a2ce98/element - {"using":"xpath","value":"(//span[contains(text(), \"SecondSectionr3fwf\")])[1]"}
RESULT: {"using":"xpath","value":"(//span[contains(text(), \"SecondSectionr3fwf\")])[1]"}
COMMAND: GET /session/c22d630f923eba2e6547386143a2ce98/element/f.F3680679D6317BFE5C637BF81341B710.d.BCA1EA29E3D14DF226E27BFA2F12A990.e.504/text - {}
RESULT: {}
COMMAND: POST /session/c22d630f923eba2e6547386143a2ce98/element - {"using":"css selector","value":"#shell-header-logo"}
RESULT: {"using":"css selector","value":"#shell-header-logo"}
COMMAND: POST /session/c22d630f923eba2e6547386143a2ce98/element/f.F3680679D6317BFE5C637BF81341B710.d.BCA1EA29E3D14DF226E27BFA2F12A990.e.119/click - {}
RESULT: {}
COMMAND: GET /session/c22d630f923eba2e6547386143a2ce98/screenshot - {}
RESULT: {}
COMMAND: POST /session/c22d630f923eba2e6547386143a2ce98/execute/async - {"script":"<script> [1562 bytes]","args":[{"selector":{"controlType":"sap.m.GenericTile","properties":{"header":"Manage Classifications"}},"wdio_ui5_key":"sapm.GenericTile{\"header\":\"Manage Classifications\"}"}]}
RESULT: {"script":"<script> [1562 bytes]","args":[{"selector":{"controlType":"sap.m.GenericTile","properties":{"header":"Manage Classifications"}},"wdio_ui5_key":"sapm.GenericTile{\"header\":\"Manage Classifications\"}"}]}
RESULT: undefined
COMMAND: POST /session/c22d630f923eba2e6547386143a2ce98/element - {"using":"xpath","value":"//*[@id=\"__tile115\"]"}
RESULT: {"using":"xpath","value":"//*[@id=\"__tile115\"]"}
COMMAND: POST /session/c22d630f923eba2e6547386143a2ce98/element/f.F3680679D6317BFE5C637BF81341B710.d.BCA1EA29E3D14DF226E27BFA2F12A990.e.508/click - {}
RESULT: {}
COMMAND: GET /session/c22d630f923eba2e6547386143a2ce98/screenshot - {}
RESULT: {}
COMMAND: POST /session/c22d630f923eba2e6547386143a2ce98/elements - {"using":"xpath","value":"//span[text()='Error']"}
RESULT: {"using":"xpath","value":"//span[text()='Error']"}
]]></system-out>
    </testcase>
  </testsuite>
  <testsuite timestamp="2025-05-13T07:24:53" time="233.622" tests="3" failures="0" errors="0" skipped="0">
    <properties>
      <property name="specId" value="0" />
      <property name="suiteName" value="Manage catalogs - yard assignment classification US138930" />
      <property name="capabilities" value="chrome.136_0_7103_49.windows" />
      <property name="file" value="file:///D:/a/1/s/test/specs/R2C/manage-catalogs-yard-assignment-classification.spec.js" />
    </properties>
    <testcase classname="chrome.136_0_7103_49.windows.Manage_catalogs_-_yard_assignment_classification_US138930" name="Should create a new classification of type yard assignment" time="34.649">
      <system-out><![CDATA[
COMMAND: POST /session/c22d630f923eba2e6547386143a2ce98/execute/async - {"script":"<script> [1562 bytes]","args":[{"selector":{"controlType":"sap.ui.core.Icon","viewName":"etm.portal.ui.manageclassifications.view.Master","viewId":"application-manageclassifications-display-component---classificationMaster","properties":{"src":{"regex":{"source":"add"}}}},"wdio_ui5_key":"etmportal.ui.manageclassifications.view.Mastersap.ui.core.Icon{\"src\":{\"regex\":{\"source\":\"add\"}}}"}]}
RESULT: {"script":"<script> [1562 bytes]","args":[{"selector":{"controlType":"sap.ui.core.Icon","viewName":"etm.portal.ui.manageclassifications.view.Master","viewId":"application-manageclassifications-display-component---classificationMaster","properties":{"src":{"regex":{"source":"add"}}}},"wdio_ui5_key":"etmportal.ui.manageclassifications.view.Mastersap.ui.core.Icon{\"src\":{\"regex\":{\"source\":\"add\"}}}"}]}
RESULT: undefined
COMMAND: POST /session/c22d630f923eba2e6547386143a2ce98/element - {"using":"xpath","value":"//*[@id=\"__button75-img\"]"}
RESULT: {"using":"xpath","value":"//*[@id=\"__button75-img\"]"}
COMMAND: POST /session/c22d630f923eba2e6547386143a2ce98/element/f.F3680679D6317BFE5C637BF81341B710.d.BCA1EA29E3D14DF226E27BFA2F12A990.e.548/click - {}
RESULT: {}
COMMAND: POST /session/c22d630f923eba2e6547386143a2ce98/execute/async - {"script":"<script> [1562 bytes]","args":[{"selector":{"id":"application-manageclassifications-display-component---classificationCreate--classHeaderName","interaction":{"idSuffix":"inner"}},"wdio_ui5_key":"applicationmanageclassifications-display-component---classificationCreate--classHeaderName"}]}
COMMAND: GET /session/c22d630f923eba2e6547386143a2ce98/screenshot - {}
RESULT: {"script":"<script> [1562 bytes]","args":[{"selector":{"id":"application-manageclassifications-display-component---classificationCreate--classHeaderName","interaction":{"idSuffix":"inner"}},"wdio_ui5_key":"applicationmanageclassifications-display-component---classificationCreate--classHeaderName"}]}
RESULT: undefined
COMMAND: POST /session/c22d630f923eba2e6547386143a2ce98/execute/async - {"script":"<script> [776 bytes]","args":[{"enterText":"WebdriverYardClassuqlkel","selector":{"id":"application-manageclassifications-display-component---classificationCreate--classHeaderName","interaction":{"idSuffix":"inner"}},"clearTextFirst":true,"interactionType":"ENTER_TEXT"}]}
RESULT: {}
RESULT: {"script":"<script> [776 bytes]","args":[{"enterText":"WebdriverYardClassuqlkel","selector":{"id":"application-manageclassifications-display-component---classificationCreate--classHeaderName","interaction":{"idSuffix":"inner"}},"clearTextFirst":true,"interactionType":"ENTER_TEXT"}]}
COMMAND: POST /session/c22d630f923eba2e6547386143a2ce98/execute/async - {"script":"<script> [1562 bytes]","args":[{"selector":{"controlType":"sap.ui.core.Icon","viewName":"etm.portal.ui.manageclassifications.view.Create","viewId":"application-manageclassifications-display-component---classificationCreate","properties":{"src":{"regex":{"source":"slim\\-arrow\\-down"}}}},"wdio_ui5_key":"etmportal.ui.manageclassifications.view.Createsap.ui.core.Icon{\"src\":{\"regex\":{\"source\":\"slim\\\\-arrow\\\\-down\"}}}"}]}
RESULT: {"script":"<script> [1562 bytes]","args":[{"selector":{"controlType":"sap.ui.core.Icon","viewName":"etm.portal.ui.manageclassifications.view.Create","viewId":"application-manageclassifications-display-component---classificationCreate","properties":{"src":{"regex":{"source":"slim\\-arrow\\-down"}}}},"wdio_ui5_key":"etmportal.ui.manageclassifications.view.Createsap.ui.core.Icon{\"src\":{\"regex\":{\"source\":\"slim\\\\-arrow\\\\-down\"}}}"}]}
RESULT: undefined
COMMAND: POST /session/c22d630f923eba2e6547386143a2ce98/element - {"using":"xpath","value":"//*[@id=\"__box48-arrow\"]"}
RESULT: {"using":"xpath","value":"//*[@id=\"__box48-arrow\"]"}
COMMAND: POST /session/c22d630f923eba2e6547386143a2ce98/element/f.F3680679D6317BFE5C637BF81341B710.d.BCA1EA29E3D14DF226E27BFA2F12A990.e.931/click - {}
RESULT: {}
COMMAND: POST /session/c22d630f923eba2e6547386143a2ce98/execute/async - {"script":"<script> [1562 bytes]","args":[{"selector":{"controlType":"sap.m.StandardListItem","viewName":"etm.portal.ui.manageclassifications.view.Create","viewId":"application-manageclassifications-display-component---classificationCreate","properties":{"title":"Yard assignment"},"searchOpenDialogs":true,"interaction":{"idSuffix":"titleText"}},"wdio_ui5_key":"etmportal.ui.manageclassifications.view.Createsap.m.StandardListItem{\"title\":\"Yard assignment\"}"}]}
COMMAND: GET /session/c22d630f923eba2e6547386143a2ce98/screenshot - {}
RESULT: {"script":"<script> [1562 bytes]","args":[{"selector":{"controlType":"sap.m.StandardListItem","viewName":"etm.portal.ui.manageclassifications.view.Create","viewId":"application-manageclassifications-display-component---classificationCreate","properties":{"title":"Yard assignment"},"searchOpenDialogs":true,"interaction":{"idSuffix":"titleText"}},"wdio_ui5_key":"etmportal.ui.manageclassifications.view.Createsap.m.StandardListItem{\"title\":\"Yard assignment\"}"}]}
RESULT: undefined
COMMAND: POST /session/c22d630f923eba2e6547386143a2ce98/element - {"using":"xpath","value":"//*[@id=\"__item300\"]"}
RESULT: {}
RESULT: {"using":"xpath","value":"//*[@id=\"__item300\"]"}
COMMAND: POST /session/c22d630f923eba2e6547386143a2ce98/element/f.F3680679D6317BFE5C637BF81341B710.d.BCA1EA29E3D14DF226E27BFA2F12A990.e.990/click - {}
RESULT: {}
COMMAND: POST /session/c22d630f923eba2e6547386143a2ce98/execute/async - {"script":"<script> [1562 bytes]","args":[{"selector":{"controlType":"sap.ui.core.Icon","viewName":"etm.portal.ui.manageclassifications.view.Create","viewId":"application-manageclassifications-display-component---classificationCreate","properties":{"src":{"regex":{"source":"add"}}}},"wdio_ui5_key":"etmportal.ui.manageclassifications.view.Createsap.ui.core.Icon{\"src\":{\"regex\":{\"source\":\"add\"}}}"}]}
COMMAND: GET /session/c22d630f923eba2e6547386143a2ce98/screenshot - {}
RESULT: {"script":"<script> [1562 bytes]","args":[{"selector":{"controlType":"sap.ui.core.Icon","viewName":"etm.portal.ui.manageclassifications.view.Create","viewId":"application-manageclassifications-display-component---classificationCreate","properties":{"src":{"regex":{"source":"add"}}}},"wdio_ui5_key":"etmportal.ui.manageclassifications.view.Createsap.ui.core.Icon{\"src\":{\"regex\":{\"source\":\"add\"}}}"}]}
RESULT: undefined
COMMAND: POST /session/c22d630f923eba2e6547386143a2ce98/element - {"using":"xpath","value":"//*[@id=\"__button80-img\"]"}
RESULT: {}
RESULT: {"using":"xpath","value":"//*[@id=\"__button80-img\"]"}
COMMAND: POST /session/c22d630f923eba2e6547386143a2ce98/element/f.F3680679D6317BFE5C637BF81341B710.d.BCA1EA29E3D14DF226E27BFA2F12A990.e.934/click - {}
RESULT: {}
COMMAND: POST /session/c22d630f923eba2e6547386143a2ce98/execute/async - {"script":"<script> [1562 bytes]","args":[{"selector":{"controlType":"sap.m.Input","viewName":"etm.portal.ui.manageclassifications.view.Create","viewId":"application-manageclassifications-display-component---classificationCreate","bindingPath":{"path":"/0","propertyPath":"PROPERTY","modelName":"newConfigModel"},"interaction":{"idSuffix":"inner"}},"wdio_ui5_key":"etmportal.ui.manageclassifications.view.Createsap.m.Input{\"path\":\"/0\",\"propertyPath\":\"PROPERTY\",\"modelName\":\"newConfigModel\"}"}]}
COMMAND: GET /session/c22d630f923eba2e6547386143a2ce98/screenshot - {}
RESULT: {"script":"<script> [1562 bytes]","args":[{"selector":{"controlType":"sap.m.Input","viewName":"etm.portal.ui.manageclassifications.view.Create","viewId":"application-manageclassifications-display-component---classificationCreate","bindingPath":{"path":"/0","propertyPath":"PROPERTY","modelName":"newConfigModel"},"interaction":{"idSuffix":"inner"}},"wdio_ui5_key":"etmportal.ui.manageclassifications.view.Createsap.m.Input{\"path\":\"/0\",\"propertyPath\":\"PROPERTY\",\"modelName\":\"newConfigModel\"}"}]}
RESULT: undefined
COMMAND: POST /session/c22d630f923eba2e6547386143a2ce98/execute/async - {"script":"<script> [776 bytes]","args":[{"enterText":"101","selector":{"controlType":"sap.m.Input","viewName":"etm.portal.ui.manageclassifications.view.Create","viewId":"application-manageclassifications-display-component---classificationCreate","bindingPath":{"path":"/0","propertyPath":"PROPERTY","modelName":"newConfigModel"},"interaction":{"idSuffix":"inner"}},"clearTextFirst":true,"interactionType":"ENTER_TEXT"}]}
RESULT: {}
RESULT: {"script":"<script> [776 bytes]","args":[{"enterText":"101","selector":{"controlType":"sap.m.Input","viewName":"etm.portal.ui.manageclassifications.view.Create","viewId":"application-manageclassifications-display-component---classificationCreate","bindingPath":{"path":"/0","propertyPath":"PROPERTY","modelName":"newConfigModel"},"interaction":{"idSuffix":"inner"}},"clearTextFirst":true,"interactionType":"ENTER_TEXT"}]}
COMMAND: POST /session/c22d630f923eba2e6547386143a2ce98/execute/async - {"script":"<script> [1562 bytes]","args":[{"selector":{"controlType":"sap.m.Input","viewName":"etm.portal.ui.manageclassifications.view.Create","viewId":"application-manageclassifications-display-component---classificationCreate","bindingPath":{"path":"/0","propertyPath":"DESCRIPTION","modelName":"newConfigModel"},"interaction":{"idSuffix":"inner"}},"wdio_ui5_key":"etmportal.ui.manageclassifications.view.Createsap.m.Input{\"path\":\"/0\",\"propertyPath\":\"DESCRIPTION\",\"modelName\":\"newConfigModel\"}"}]}
RESULT: {"script":"<script> [1562 bytes]","args":[{"selector":{"controlType":"sap.m.Input","viewName":"etm.portal.ui.manageclassifications.view.Create","viewId":"application-manageclassifications-display-component---classificationCreate","bindingPath":{"path":"/0","propertyPath":"DESCRIPTION","modelName":"newConfigModel"},"interaction":{"idSuffix":"inner"}},"wdio_ui5_key":"etmportal.ui.manageclassifications.view.Createsap.m.Input{\"path\":\"/0\",\"propertyPath\":\"DESCRIPTION\",\"modelName\":\"newConfigModel\"}"}]}
RESULT: undefined
COMMAND: POST /session/c22d630f923eba2e6547386143a2ce98/execute/async - {"script":"<script> [776 bytes]","args":[{"enterText":"yard1","selector":{"controlType":"sap.m.Input","viewName":"etm.portal.ui.manageclassifications.view.Create","viewId":"application-manageclassifications-display-component---classificationCreate","bindingPath":{"path":"/0","propertyPath":"DESCRIPTION","modelName":"newConfigModel"},"interaction":{"idSuffix":"inner"}},"clearTextFirst":true,"interactionType":"ENTER_TEXT"}]}
RESULT: {"script":"<script> [776 bytes]","args":[{"enterText":"yard1","selector":{"controlType":"sap.m.Input","viewName":"etm.portal.ui.manageclassifications.view.Create","viewId":"application-manageclassifications-display-component---classificationCreate","bindingPath":{"path":"/0","propertyPath":"DESCRIPTION","modelName":"newConfigModel"},"interaction":{"idSuffix":"inner"}},"clearTextFirst":true,"interactionType":"ENTER_TEXT"}]}
COMMAND: POST /session/c22d630f923eba2e6547386143a2ce98/execute/async - {"script":"<script> [1562 bytes]","args":[{"selector":{"controlType":"sap.ui.core.Icon","viewName":"etm.portal.ui.manageclassifications.view.Create","viewId":"application-manageclassifications-display-component---classificationCreate","properties":{"src":{"regex":{"source":"slim\\-arrow\\-down"}}},"ancestor":{"controlType":"sap.m.ComboBox","viewName":"etm.portal.ui.manageclassifications.view.Create","viewId":"application-manageclassifications-display-component---classificationCreate","bindingPath":{"path":"/0","propertyPath":"VALUE_TYPE","modelName":"newConfigModel"}}},"wdio_ui5_key":"etmportal.ui.manageclassifications.view.Createsap.ui.core.Icon{\"src\":{\"regex\":{\"source\":\"slim\\\\-arrow\\\\-down\"}}}{\"controlType\":\"sap.m.ComboBox\",\"viewName\":\"etm.portal.ui.manageclassifications.view.Create\",\"viewId\":\"application-manageclassifications-display-component---classificationCreate\",\"bindingPath\":{\"path\":\"/0\",\"propertyPath\":\"VALUE_TYPE\",\"modelName\":\"newConfigModel\"}}"}]}
RESULT: {"script":"<script> [1562 bytes]","args":[{"selector":{"controlType":"sap.ui.core.Icon","viewName":"etm.portal.ui.manageclassifications.view.Create","viewId":"application-manageclassifications-display-component---classificationCreate","properties":{"src":{"regex":{"source":"slim\\-arrow\\-down"}}},"ancestor":{"controlType":"sap.m.ComboBox","viewName":"etm.portal.ui.manageclassifications.view.Create","viewId":"application-manageclassifications-display-component---classificationCreate","bindingPath":{"path":"/0","propertyPath":"VALUE_TYPE","modelName":"newConfigModel"}}},"wdio_ui5_key":"etmportal.ui.manageclassifications.view.Createsap.ui.core.Icon{\"src\":{\"regex\":{\"source\":\"slim\\\\-arrow\\\\-down\"}}}{\"controlType\":\"sap.m.ComboBox\",\"viewName\":\"etm.portal.ui.manageclassifications.view.Create\",\"viewId\":\"application-manageclassifications-display-component---classificationCreate\",\"bindingPath\":{\"path\":\"/0\",\"propertyPath\":\"VALUE_TYPE\",\"modelName\":\"newConfigModel\"}}"}]}
RESULT: undefined
COMMAND: POST /session/c22d630f923eba2e6547386143a2ce98/element - {"using":"xpath","value":"//*[@id=\"__box49-application-manageclassifications-display-component---classificationCreate--configurationList-0-arrow\"]"}
RESULT: {"using":"xpath","value":"//*[@id=\"__box49-application-manageclassifications-display-component---classificationCreate--configurationList-0-arrow\"]"}
COMMAND: POST /session/c22d630f923eba2e6547386143a2ce98/element/f.F3680679D6317BFE5C637BF81341B710.d.BCA1EA29E3D14DF226E27BFA2F12A990.e.999/click - {}
RESULT: {}
COMMAND: POST /session/c22d630f923eba2e6547386143a2ce98/execute/async - {"script":"<script> [1562 bytes]","args":[{"selector":{"controlType":"sap.m.StandardListItem","viewName":"etm.portal.ui.manageclassifications.view.Create","viewId":"application-manageclassifications-display-component---classificationCreate","properties":{"title":"Boolean"},"searchOpenDialogs":true,"interaction":{"idSuffix":"content"}},"wdio_ui5_key":"etmportal.ui.manageclassifications.view.Createsap.m.StandardListItem{\"title\":\"Boolean\"}"}]}
COMMAND: GET /session/c22d630f923eba2e6547386143a2ce98/screenshot - {}
RESULT: {"script":"<script> [1562 bytes]","args":[{"selector":{"controlType":"sap.m.StandardListItem","viewName":"etm.portal.ui.manageclassifications.view.Create","viewId":"application-manageclassifications-display-component---classificationCreate","properties":{"title":"Boolean"},"searchOpenDialogs":true,"interaction":{"idSuffix":"content"}},"wdio_ui5_key":"etmportal.ui.manageclassifications.view.Createsap.m.StandardListItem{\"title\":\"Boolean\"}"}]}
RESULT: undefined
COMMAND: POST /session/c22d630f923eba2e6547386143a2ce98/element - {"using":"xpath","value":"//*[@id=\"__item303\"]"}
RESULT: {}
RESULT: {"using":"xpath","value":"//*[@id=\"__item303\"]"}
COMMAND: POST /session/c22d630f923eba2e6547386143a2ce98/element/f.F3680679D6317BFE5C637BF81341B710.d.BCA1EA29E3D14DF226E27BFA2F12A990.e.1001/click - {}
RESULT: {}
COMMAND: POST /session/c22d630f923eba2e6547386143a2ce98/element - {"using":"xpath","value":"//input[contains(@id ,\"application-manageclassifications-display-component---classificationCreate--classHeaderName-inner\")]"}
COMMAND: GET /session/c22d630f923eba2e6547386143a2ce98/screenshot - {}
RESULT: {"using":"xpath","value":"//input[contains(@id ,\"application-manageclassifications-display-component---classificationCreate--classHeaderName-inner\")]"}
COMMAND: GET /session/c22d630f923eba2e6547386143a2ce98/element/f.F3680679D6317BFE5C637BF81341B710.d.BCA1EA29E3D14DF226E27BFA2F12A990.e.867/property/value - {}
RESULT: {}
RESULT: {}
COMMAND: GET /session/c22d630f923eba2e6547386143a2ce98/screenshot - {}
RESULT: {}
COMMAND: POST /session/c22d630f923eba2e6547386143a2ce98/element - {"using":"xpath","value":"//button[@title=\"Save\"]"}
RESULT: {"using":"xpath","value":"//button[@title=\"Save\"]"}
COMMAND: POST /session/c22d630f923eba2e6547386143a2ce98/element/f.F3680679D6317BFE5C637BF81341B710.d.BCA1EA29E3D14DF226E27BFA2F12A990.e.942/click - {}
RESULT: {}
COMMAND: GET /session/c22d630f923eba2e6547386143a2ce98/screenshot - {}
RESULT: {}
COMMAND: POST /session/c22d630f923eba2e6547386143a2ce98/execute/async - {"script":"<script> [1562 bytes]","args":[{"selector":{"id":"application-manageclassifications-display-component---classificationMaster--smartFilterBar-btnBasicSearch","interaction":{"idSuffix":"I"}},"wdio_ui5_key":"applicationmanageclassifications-display-component---classificationMaster--smartFilterBar-btnBasicSearch"}]}
RESULT: {"script":"<script> [1562 bytes]","args":[{"selector":{"id":"application-manageclassifications-display-component---classificationMaster--smartFilterBar-btnBasicSearch","interaction":{"idSuffix":"I"}},"wdio_ui5_key":"applicationmanageclassifications-display-component---classificationMaster--smartFilterBar-btnBasicSearch"}]}
RESULT: undefined
COMMAND: POST /session/c22d630f923eba2e6547386143a2ce98/execute/async - {"script":"<script> [776 bytes]","args":[{"enterText":"WebdriverYardClassuqlkel","selector":{"id":"application-manageclassifications-display-component---classificationMaster--smartFilterBar-btnBasicSearch","interaction":{"idSuffix":"I"}},"clearTextFirst":true,"interactionType":"ENTER_TEXT"}]}
RESULT: {"script":"<script> [776 bytes]","args":[{"enterText":"WebdriverYardClassuqlkel","selector":{"id":"application-manageclassifications-display-component---classificationMaster--smartFilterBar-btnBasicSearch","interaction":{"idSuffix":"I"}},"clearTextFirst":true,"interactionType":"ENTER_TEXT"}]}
COMMAND: POST /session/c22d630f923eba2e6547386143a2ce98/actions - {"actions":[{"id":"action3","type":"key","parameters":{},"actions":[{"type":"keyDown","value":"î€‡"},{"type":"pause","duration":10},{"type":"keyUp","value":"î€‡"}]}]}
RESULT: {"actions":[{"id":"action3","type":"key","parameters":{},"actions":[{"type":"keyDown","value":"î€‡"},{"type":"pause","duration":10},{"type":"keyUp","value":"î€‡"}]}]}
COMMAND: POST /session/c22d630f923eba2e6547386143a2ce98/execute/async - {"script":"<script> [1562 bytes]","args":[{"selector":{"id":"application-manageclassifications-display-component---classificationMaster--smartTable-header"},"wdio_ui5_key":"applicationmanageclassifications-display-component---classificationMaster--smartTable-header"}]}
COMMAND: GET /session/c22d630f923eba2e6547386143a2ce98/screenshot - {}
RESULT: {}
RESULT: {"script":"<script> [1562 bytes]","args":[{"selector":{"id":"application-manageclassifications-display-component---classificationMaster--smartTable-header"},"wdio_ui5_key":"applicationmanageclassifications-display-component---classificationMaster--smartTable-header"}]}
RESULT: undefined
COMMAND: POST /session/c22d630f923eba2e6547386143a2ce98/execute/async - {"script":"<script> [6424 bytes]","args":[{"element-6066-11e4-a52e-4f735466cecf":"f.F3680679D6317BFE5C637BF81341B710.d.BCA1EA29E3D14DF226E27BFA2F12A990.e.1171"},"getText",[]]}
RESULT: {"script":"<script> [6424 bytes]","args":[{"element-6066-11e4-a52e-4f735466cecf":"f.F3680679D6317BFE5C637BF81341B710.d.BCA1EA29E3D14DF226E27BFA2F12A990.e.1171"},"getText",[]]}
COMMAND: POST /session/c22d630f923eba2e6547386143a2ce98/element - {"using":"css selector","value":"#shell-header-logo"}
RESULT: {"using":"css selector","value":"#shell-header-logo"}
COMMAND: POST /session/c22d630f923eba2e6547386143a2ce98/element/f.F3680679D6317BFE5C637BF81341B710.d.BCA1EA29E3D14DF226E27BFA2F12A990.e.513/click - {}
RESULT: {}
COMMAND: GET /session/c22d630f923eba2e6547386143a2ce98/screenshot - {}
RESULT: {}
]]></system-out>
    </testcase>
    <testcase classname="chrome.136_0_7103_49.windows.Manage_catalogs_-_yard_assignment_classification_US138930" name="Should add the yard classification to a catalog item" time="125.722">
      <system-out><![CDATA[
RESULT: undefined
COMMAND: POST /session/c22d630f923eba2e6547386143a2ce98/element - {"using":"xpath","value":"//*[@id=\"__tile37\"]"}
RESULT: {"using":"xpath","value":"//*[@id=\"__tile37\"]"}
COMMAND: POST /session/c22d630f923eba2e6547386143a2ce98/element/f.F3680679D6317BFE5C637BF81341B710.d.BCA1EA29E3D14DF226E27BFA2F12A990.e.116/click - {}
RESULT: {}
COMMAND: GET /session/c22d630f923eba2e6547386143a2ce98/screenshot - {}
COMMAND: POST /session/c22d630f923eba2e6547386143a2ce98/elements - {"using":"xpath","value":"//span[text()='Error']"}
RESULT: {}
RESULT: {"using":"xpath","value":"//span[text()='Error']"}
COMMAND: POST /session/c22d630f923eba2e6547386143a2ce98/refresh - {}
RESULT: {}
COMMAND: GET /session/c22d630f923eba2e6547386143a2ce98/screenshot - {}
RESULT: {}
COMMAND: POST /session/c22d630f923eba2e6547386143a2ce98/execute/async - {"script":"<script> [189 bytes]","args":[]}
RESULT: {"script":"<script> [189 bytes]","args":[]}
COMMAND: POST /session/c22d630f923eba2e6547386143a2ce98/execute/async - {"script":"<script> [123 bytes]","args":[]}
RESULT: {"script":"<script> [123 bytes]","args":[]}
COMMAND: POST /session/c22d630f923eba2e6547386143a2ce98/timeouts - {"script":"<number>"}
RESULT: {"script":"<number>"}
COMMAND: GET /session/c22d630f923eba2e6547386143a2ce98/timeouts - {}
RESULT: {}
RESULT: undefined
COMMAND: POST /session/c22d630f923eba2e6547386143a2ce98/execute/async - {"script":"<script> [2676 bytes]","args":[]}
RESULT: {"script":"<script> [2676 bytes]","args":[]}
COMMAND: POST /session/c22d630f923eba2e6547386143a2ce98/execute/async - {"script":"<script> [2342 bytes]","args":[{"protocol":"http","hostname":"0.0.0.0","path":"/","capabilities":{"browserName":"chrome","goog:chromeOptions":{"binary":"C:\\Program Files\\Google\\Chrome\\Application\\chrome.exe","args":["--start-maximized"]}},"logLevel":"warn","connectionRetryTimeout":120000,"connectionRetryCount":3,"logLevels":{},"enableDirectConnect":true,"strictSSL":true,"_":"65 more keys: [\"cacheDir\",\"port\",\"requestedCapabilities\",\"automationProtocol\",\"baseUrl\",\"waitforInterval\",\"waitforTimeout\",\"onReload\",\"beforeCommand\",\"afterCommand\",\"rootDir\",\"specs\",\"suites\",\"exclude\",\"groupLogsByTestSpec\",\"excludeDriverLogs\",\"bail\",\"framework\",\"reporters\",\"services\",\"maxInstances\",\"maxInstancesPerCapability\",\"injectGlobals\",\"filesToWatch\",\"execArgv\",\"runnerEnv\",\"runner\",\"shard\",\"specFileRetries\",\"specFileRetriesDelay\",\"specFileRetriesDeferred\",\"reporterSyncInterval\",\"reporterSyncTimeout\",\"cucumberFeaturesWithLineNumbers\",\"autoCompileOpts\",\"mochaOpts\",\"jasmineOpts\",\"cucumberOpts\",\"onPrepare\",\"onWorkerStart\",\"onWorkerEnd\",\"before\",\"beforeSession\",\"beforeSuite\",\"beforeHook\",\"beforeTest\",\"afterTest\",\"afterHook\",\"afterSuite\",\"afterSession\",\"after\",\"onComplete\",\"beforeAssertion\",\"afterAssertion\",\"beforeFeature\",\"beforeScenario\",\"beforeStep\",\"afterStep\",\"afterScenario\",\"afterFeature\",\"_\",\"suite\",\"$0\",\"ignoredWorkerServices\",\"wdi5\"]"}]}
RESULT: {"script":"<script> [2342 bytes]","args":[{"protocol":"http","hostname":"0.0.0.0","path":"/","capabilities":{"browserName":"chrome","goog:chromeOptions":{"binary":"C:\\Program Files\\Google\\Chrome\\Application\\chrome.exe","args":["--start-maximized"]}},"logLevel":"warn","connectionRetryTimeout":120000,"connectionRetryCount":3,"logLevels":{},"enableDirectConnect":true,"strictSSL":true,"_":"65 more keys: [\"cacheDir\",\"port\",\"requestedCapabilities\",\"automationProtocol\",\"baseUrl\",\"waitforInterval\",\"waitforTimeout\",\"onReload\",\"beforeCommand\",\"afterCommand\",\"rootDir\",\"specs\",\"suites\",\"exclude\",\"groupLogsByTestSpec\",\"excludeDriverLogs\",\"bail\",\"framework\",\"reporters\",\"services\",\"maxInstances\",\"maxInstancesPerCapability\",\"injectGlobals\",\"filesToWatch\",\"execArgv\",\"runnerEnv\",\"runner\",\"shard\",\"specFileRetries\",\"specFileRetriesDelay\",\"specFileRetriesDeferred\",\"reporterSyncInterval\",\"reporterSyncTimeout\",\"cucumberFeaturesWithLineNumbers\",\"autoCompileOpts\",\"mochaOpts\",\"jasmineOpts\",\"cucumberOpts\",\"onPrepare\",\"onWorkerStart\",\"onWorkerEnd\",\"before\",\"beforeSession\",\"beforeSuite\",\"beforeHook\",\"beforeTest\",\"afterTest\",\"afterHook\",\"afterSuite\",\"afterSession\",\"after\",\"onComplete\",\"beforeAssertion\",\"afterAssertion\",\"beforeFeature\",\"beforeScenario\",\"beforeStep\",\"afterStep\",\"afterScenario\",\"afterFeature\",\"_\",\"suite\",\"$0\",\"ignoredWorkerServices\",\"wdi5\"]"}]}
COMMAND: POST /session/c22d630f923eba2e6547386143a2ce98/execute/async - {"script":"<script> [21126 bytes]","args":[35000]}
RESULT: {"script":"<script> [21126 bytes]","args":[35000]}
COMMAND: POST /session/c22d630f923eba2e6547386143a2ce98/element - {"using":"xpath","value":"//span[contains(text(), \"Webshop Catalog\")][contains(@id ,\"masterCatalogs\")]"}
RESULT: {"using":"xpath","value":"//span[contains(text(), \"Webshop Catalog\")][contains(@id ,\"masterCatalogs\")]"}
COMMAND: POST /session/c22d630f923eba2e6547386143a2ce98/element/f.F3680679D6317BFE5C637BF81341B710.d.C58844D01D6D946871DB3CC3B6744A25.e.1275/click - {}
RESULT: {}
COMMAND: GET /session/c22d630f923eba2e6547386143a2ce98/screenshot - {}
RESULT: {}
COMMAND: POST /session/c22d630f923eba2e6547386143a2ce98/element - {"using":"xpath","value":"//input[contains(@id ,\"application-managecatalogs-display-component---masterCatalogItems--searchItemsField-I\")]"}
RESULT: {"using":"xpath","value":"//input[contains(@id ,\"application-managecatalogs-display-component---masterCatalogItems--searchItemsField-I\")]"}
COMMAND: POST /session/c22d630f923eba2e6547386143a2ce98/element/f.F3680679D6317BFE5C637BF81341B710.d.C58844D01D6D946871DB3CC3B6744A25.e.1285/value - {"text":"SecondSectionr3fwf"}
RESULT: {"text":"SecondSectionr3fwf"}
COMMAND: POST /session/c22d630f923eba2e6547386143a2ce98/actions - {"actions":[{"id":"action4","type":"key","parameters":{},"actions":[{"type":"keyDown","value":"î€‡"},{"type":"pause","duration":10},{"type":"keyUp","value":"î€‡"}]}]}
COMMAND: GET /session/c22d630f923eba2e6547386143a2ce98/screenshot - {}
RESULT: {"actions":[{"id":"action4","type":"key","parameters":{},"actions":[{"type":"keyDown","value":"î€‡"},{"type":"pause","duration":10},{"type":"keyUp","value":"î€‡"}]}]}
COMMAND: GET /session/c22d630f923eba2e6547386143a2ce98/screenshot - {}
RESULT: {}
RESULT: {}
COMMAND: POST /session/c22d630f923eba2e6547386143a2ce98/element - {"using":"xpath","value":"(//span[contains(text(), \"SecondSectionr3fwf\")])[1]"}
RESULT: {"using":"xpath","value":"(//span[contains(text(), \"SecondSectionr3fwf\")])[1]"}
COMMAND: POST /session/c22d630f923eba2e6547386143a2ce98/element/f.F3680679D6317BFE5C637BF81341B710.d.C58844D01D6D946871DB3CC3B6744A25.e.1291/click - {}
RESULT: {}
COMMAND: POST /session/c22d630f923eba2e6547386143a2ce98/execute/async - {"script":"<script> [1562 bytes]","args":[{"selector":{"controlType":"sap.m.Button","viewName":"etm.portal.ui.managecatalogs.view.Detail","viewId":"application-managecatalogs-display-component---detailCatalog","i18NText":{"propertyName":"text","key":"edit"},"interaction":{"idSuffix":"BDI-content"}},"wdio_ui5_key":"etmportal.ui.managecatalogs.view.Detailsap.m.Button{\"propertyName\":\"text\",\"key\":\"edit\"}"}]}
COMMAND: GET /session/c22d630f923eba2e6547386143a2ce98/screenshot - {}
RESULT: {"script":"<script> [1562 bytes]","args":[{"selector":{"controlType":"sap.m.Button","viewName":"etm.portal.ui.managecatalogs.view.Detail","viewId":"application-managecatalogs-display-component---detailCatalog","i18NText":{"propertyName":"text","key":"edit"},"interaction":{"idSuffix":"BDI-content"}},"wdio_ui5_key":"etmportal.ui.managecatalogs.view.Detailsap.m.Button{\"propertyName\":\"text\",\"key\":\"edit\"}"}]}
RESULT: undefined
COMMAND: POST /session/c22d630f923eba2e6547386143a2ce98/element - {"using":"xpath","value":"//*[@id=\"__button33\"]"}
RESULT: {}
RESULT: {"using":"xpath","value":"//*[@id=\"__button33\"]"}
COMMAND: POST /session/c22d630f923eba2e6547386143a2ce98/element/f.F3680679D6317BFE5C637BF81341B710.d.C58844D01D6D946871DB3CC3B6744A25.e.1360/click - {}
RESULT: {}
COMMAND: POST /session/c22d630f923eba2e6547386143a2ce98/execute/async - {"script":"<script> [1562 bytes]","args":[{"selector":{"controlType":"sap.ui.core.Icon","viewName":"etm.portal.ui.managecatalogs.view.Detail","viewId":"application-managecatalogs-display-component---detailCatalog","properties":{"src":{"regex":{"source":"add\\-document"}}}},"wdio_ui5_key":"etmportal.ui.managecatalogs.view.Detailsap.ui.core.Icon{\"src\":{\"regex\":{\"source\":\"add\\\\-document\"}}}"}]}
COMMAND: GET /session/c22d630f923eba2e6547386143a2ce98/screenshot - {}
RESULT: {"script":"<script> [1562 bytes]","args":[{"selector":{"controlType":"sap.ui.core.Icon","viewName":"etm.portal.ui.managecatalogs.view.Detail","viewId":"application-managecatalogs-display-component---detailCatalog","properties":{"src":{"regex":{"source":"add\\-document"}}}},"wdio_ui5_key":"etmportal.ui.managecatalogs.view.Detailsap.ui.core.Icon{\"src\":{\"regex\":{\"source\":\"add\\\\-document\"}}}"}]}
RESULT: undefined
COMMAND: POST /session/c22d630f923eba2e6547386143a2ce98/element - {"using":"xpath","value":"//*[@id=\"__button42-img\"]"}
RESULT: {}
RESULT: {"using":"xpath","value":"//*[@id=\"__button42-img\"]"}
COMMAND: POST /session/c22d630f923eba2e6547386143a2ce98/element/f.F3680679D6317BFE5C637BF81341B710.d.C58844D01D6D946871DB3CC3B6744A25.e.1365/click - {}
RESULT: {}
COMMAND: POST /session/c22d630f923eba2e6547386143a2ce98/execute/async - {"script":"<script> [1562 bytes]","args":[{"selector":{"id":"application-managecatalogs-display-component---detailCatalog--newItemNumberInput","searchOpenDialogs":true,"interaction":{"idSuffix":"inner"}},"wdio_ui5_key":"applicationmanagecatalogs-display-component---detailCatalog--newItemNumberInput"}]}
COMMAND: GET /session/c22d630f923eba2e6547386143a2ce98/screenshot - {}
RESULT: {"script":"<script> [1562 bytes]","args":[{"selector":{"id":"application-managecatalogs-display-component---detailCatalog--newItemNumberInput","searchOpenDialogs":true,"interaction":{"idSuffix":"inner"}},"wdio_ui5_key":"applicationmanagecatalogs-display-component---detailCatalog--newItemNumberInput"}]}
RESULT: undefined
COMMAND: POST /session/c22d630f923eba2e6547386143a2ce98/execute/async - {"script":"<script> [776 bytes]","args":[{"enterText":"catalogItem2y5wkh","selector":{"id":"application-managecatalogs-display-component---detailCatalog--newItemNumberInput","searchOpenDialogs":true,"interaction":{"idSuffix":"inner"}},"clearTextFirst":true,"interactionType":"ENTER_TEXT"}]}
RESULT: {}
RESULT: {"script":"<script> [776 bytes]","args":[{"enterText":"catalogItem2y5wkh","selector":{"id":"application-managecatalogs-display-component---detailCatalog--newItemNumberInput","searchOpenDialogs":true,"interaction":{"idSuffix":"inner"}},"clearTextFirst":true,"interactionType":"ENTER_TEXT"}]}
COMMAND: POST /session/c22d630f923eba2e6547386143a2ce98/execute/async - {"script":"<script> [1562 bytes]","args":[{"selector":{"controlType":"sap.m.Input","viewName":"etm.portal.ui.managecatalogs.view.Detail","viewId":"application-managecatalogs-display-component---detailCatalog","bindingPath":{"path":"","propertyPath":"/DESCRIPTION"},"searchOpenDialogs":true,"interaction":{"idSuffix":"inner"}},"wdio_ui5_key":"etmportal.ui.managecatalogs.view.Detailsap.m.Input{\"path\":\"\",\"propertyPath\":\"/DESCRIPTION\"}"}]}
RESULT: {"script":"<script> [1562 bytes]","args":[{"selector":{"controlType":"sap.m.Input","viewName":"etm.portal.ui.managecatalogs.view.Detail","viewId":"application-managecatalogs-display-component---detailCatalog","bindingPath":{"path":"","propertyPath":"/DESCRIPTION"},"searchOpenDialogs":true,"interaction":{"idSuffix":"inner"}},"wdio_ui5_key":"etmportal.ui.managecatalogs.view.Detailsap.m.Input{\"path\":\"\",\"propertyPath\":\"/DESCRIPTION\"}"}]}
RESULT: undefined
COMMAND: POST /session/c22d630f923eba2e6547386143a2ce98/execute/async - {"script":"<script> [776 bytes]","args":[{"enterText":"catalogItemNamelurkj","selector":{"controlType":"sap.m.Input","viewName":"etm.portal.ui.managecatalogs.view.Detail","viewId":"application-managecatalogs-display-component---detailCatalog","bindingPath":{"path":"","propertyPath":"/DESCRIPTION"},"searchOpenDialogs":true,"interaction":{"idSuffix":"inner"}},"clearTextFirst":true,"interactionType":"ENTER_TEXT"}]}
RESULT: {"script":"<script> [776 bytes]","args":[{"enterText":"catalogItemNamelurkj","selector":{"controlType":"sap.m.Input","viewName":"etm.portal.ui.managecatalogs.view.Detail","viewId":"application-managecatalogs-display-component---detailCatalog","bindingPath":{"path":"","propertyPath":"/DESCRIPTION"},"searchOpenDialogs":true,"interaction":{"idSuffix":"inner"}},"clearTextFirst":true,"interactionType":"ENTER_TEXT"}]}
COMMAND: POST /session/c22d630f923eba2e6547386143a2ce98/execute/async - {"script":"<script> [1562 bytes]","args":[{"selector":{"controlType":"sap.m.Button","viewName":"etm.portal.ui.managecatalogs.view.Detail","viewId":"application-managecatalogs-display-component---detailCatalog","i18NText":{"propertyName":"text","key":"create"},"searchOpenDialogs":true,"interaction":{"idSuffix":"BDI-content"}},"wdio_ui5_key":"etmportal.ui.managecatalogs.view.Detailsap.m.Button{\"propertyName\":\"text\",\"key\":\"create\"}"}]}
RESULT: {"script":"<script> [1562 bytes]","args":[{"selector":{"controlType":"sap.m.Button","viewName":"etm.portal.ui.managecatalogs.view.Detail","viewId":"application-managecatalogs-display-component---detailCatalog","i18NText":{"propertyName":"text","key":"create"},"searchOpenDialogs":true,"interaction":{"idSuffix":"BDI-content"}},"wdio_ui5_key":"etmportal.ui.managecatalogs.view.Detailsap.m.Button{\"propertyName\":\"text\",\"key\":\"create\"}"}]}
RESULT: undefined
COMMAND: POST /session/c22d630f923eba2e6547386143a2ce98/element - {"using":"xpath","value":"//*[@id=\"__button17\"]"}
RESULT: {"using":"xpath","value":"//*[@id=\"__button17\"]"}
COMMAND: POST /session/c22d630f923eba2e6547386143a2ce98/element/f.F3680679D6317BFE5C637BF81341B710.d.C58844D01D6D946871DB3CC3B6744A25.e.1375/click - {}
RESULT: {}
COMMAND: GET /session/c22d630f923eba2e6547386143a2ce98/screenshot - {}
RESULT: {}
COMMAND: POST /session/c22d630f923eba2e6547386143a2ce98/element - {"using":"xpath","value":"//button[@title=\"Save\"]"}
RESULT: {"using":"xpath","value":"//button[@title=\"Save\"]"}
COMMAND: POST /session/c22d630f923eba2e6547386143a2ce98/element/f.F3680679D6317BFE5C637BF81341B710.d.C58844D01D6D946871DB3CC3B6744A25.e.1376/click - {}
RESULT: {}
COMMAND: GET /session/c22d630f923eba2e6547386143a2ce98/screenshot - {}
RESULT: {}
COMMAND: POST /session/c22d630f923eba2e6547386143a2ce98/execute/async - {"script":"<script> [1562 bytes]","args":[{"selector":{"controlType":"sap.ui.core.Icon","viewName":"etm.portal.ui.managecatalogs.view.Detail","viewId":"application-managecatalogs-display-component---detailCatalog","properties":{"src":{"regex":{"source":"decline"}}}},"wdio_ui5_key":"etmportal.ui.managecatalogs.view.Detailsap.ui.core.Icon{\"src\":{\"regex\":{\"source\":\"decline\"}}}"}]}
RESULT: {"script":"<script> [1562 bytes]","args":[{"selector":{"controlType":"sap.ui.core.Icon","viewName":"etm.portal.ui.managecatalogs.view.Detail","viewId":"application-managecatalogs-display-component---detailCatalog","properties":{"src":{"regex":{"source":"decline"}}}},"wdio_ui5_key":"etmportal.ui.managecatalogs.view.Detailsap.ui.core.Icon{\"src\":{\"regex\":{\"source\":\"decline\"}}}"}]}
RESULT: undefined
COMMAND: POST /session/c22d630f923eba2e6547386143a2ce98/element - {"using":"xpath","value":"//*[@id=\"__button36-img\"]"}
RESULT: {"using":"xpath","value":"//*[@id=\"__button36-img\"]"}
COMMAND: POST /session/c22d630f923eba2e6547386143a2ce98/element/f.F3680679D6317BFE5C637BF81341B710.d.C58844D01D6D946871DB3CC3B6744A25.e.1382/click - {}
RESULT: {}
COMMAND: GET /session/c22d630f923eba2e6547386143a2ce98/screenshot - {}
RESULT: {}
COMMAND: POST /session/c22d630f923eba2e6547386143a2ce98/execute/async - {"script":"<script> [1562 bytes]","args":[{"selector":{"controlType":"sap.ui.core.Icon","viewName":"etm.portal.ui.managecatalogs.view.MasterItems","viewId":"application-managecatalogs-display-component---masterCatalogItems","properties":{"src":{"regex":{"source":"refresh"}}}},"wdio_ui5_key":"etmportal.ui.managecatalogs.view.MasterItemssap.ui.core.Icon{\"src\":{\"regex\":{\"source\":\"refresh\"}}}"}]}
RESULT: {"script":"<script> [1562 bytes]","args":[{"selector":{"controlType":"sap.ui.core.Icon","viewName":"etm.portal.ui.managecatalogs.view.MasterItems","viewId":"application-managecatalogs-display-component---masterCatalogItems","properties":{"src":{"regex":{"source":"refresh"}}}},"wdio_ui5_key":"etmportal.ui.managecatalogs.view.MasterItemssap.ui.core.Icon{\"src\":{\"regex\":{\"source\":\"refresh\"}}}"}]}
RESULT: undefined
COMMAND: POST /session/c22d630f923eba2e6547386143a2ce98/element - {"using":"xpath","value":"//*[@id=\"__button9-img\"]"}
RESULT: {"using":"xpath","value":"//*[@id=\"__button9-img\"]"}
COMMAND: POST /session/c22d630f923eba2e6547386143a2ce98/element/f.F3680679D6317BFE5C637BF81341B710.d.C58844D01D6D946871DB3CC3B6744A25.e.1415/click - {}
RESULT: {}
COMMAND: GET /session/c22d630f923eba2e6547386143a2ce98/screenshot - {}
RESULT: {}
COMMAND: POST /session/c22d630f923eba2e6547386143a2ce98/execute/async - {"script":"<script> [1562 bytes]","args":[{"selector":{"id":"application-managecatalogs-display-component---masterCatalogItems--searchItemsField","interaction":{"idSuffix":"I"}},"wdio_ui5_key":"applicationmanagecatalogs-display-component---masterCatalogItems--searchItemsField"}]}
RESULT: {"script":"<script> [1562 bytes]","args":[{"selector":{"id":"application-managecatalogs-display-component---masterCatalogItems--searchItemsField","interaction":{"idSuffix":"I"}},"wdio_ui5_key":"applicationmanagecatalogs-display-component---masterCatalogItems--searchItemsField"}]}
RESULT: undefined
COMMAND: POST /session/c22d630f923eba2e6547386143a2ce98/execute/async - {"script":"<script> [776 bytes]","args":[{"enterText":"catalogItemNamelurkj","selector":{"id":"application-managecatalogs-display-component---masterCatalogItems--searchItemsField","interaction":{"idSuffix":"I"}},"clearTextFirst":true,"interactionType":"ENTER_TEXT"}]}
RESULT: {"script":"<script> [776 bytes]","args":[{"enterText":"catalogItemNamelurkj","selector":{"id":"application-managecatalogs-display-component---masterCatalogItems--searchItemsField","interaction":{"idSuffix":"I"}},"clearTextFirst":true,"interactionType":"ENTER_TEXT"}]}
COMMAND: POST /session/c22d630f923eba2e6547386143a2ce98/actions - {"actions":[{"id":"action5","type":"key","parameters":{},"actions":[{"type":"keyDown","value":"î€‡"},{"type":"pause","duration":10},{"type":"keyUp","value":"î€‡"}]}]}
RESULT: {"actions":[{"id":"action5","type":"key","parameters":{},"actions":[{"type":"keyDown","value":"î€‡"},{"type":"pause","duration":10},{"type":"keyUp","value":"î€‡"}]}]}
COMMAND: POST /session/c22d630f923eba2e6547386143a2ce98/element - {"using":"xpath","value":"(//span[contains(text(), \"catalogItemNamelurkj\")])[1]"}
COMMAND: GET /session/c22d630f923eba2e6547386143a2ce98/screenshot - {}
RESULT: {"using":"xpath","value":"(//span[contains(text(), \"catalogItemNamelurkj\")])[1]"}
COMMAND: POST /session/c22d630f923eba2e6547386143a2ce98/element/f.F3680679D6317BFE5C637BF81341B710.d.C58844D01D6D946871DB3CC3B6744A25.e.1422/click - {}
RESULT: {}
RESULT: {}
COMMAND: GET /session/c22d630f923eba2e6547386143a2ce98/screenshot - {}
RESULT: {}
COMMAND: POST /session/c22d630f923eba2e6547386143a2ce98/element - {"using":"xpath","value":"//span[contains(text(), \"catalogItem2y5wkh\")]"}
RESULT: {"using":"xpath","value":"//span[contains(text(), \"catalogItem2y5wkh\")]"}
COMMAND: GET /session/c22d630f923eba2e6547386143a2ce98/element/f.F3680679D6317BFE5C637BF81341B710.d.C58844D01D6D946871DB3CC3B6744A25.e.1476/text - {}
RESULT: {}
RESULT: undefined
COMMAND: POST /session/c22d630f923eba2e6547386143a2ce98/element - {"using":"xpath","value":"//*[@id=\"__button33\"]"}
RESULT: {"using":"xpath","value":"//*[@id=\"__button33\"]"}
COMMAND: POST /session/c22d630f923eba2e6547386143a2ce98/element/f.F3680679D6317BFE5C637BF81341B710.d.C58844D01D6D946871DB3CC3B6744A25.e.1484/click - {}
RESULT: {}
COMMAND: GET /session/c22d630f923eba2e6547386143a2ce98/screenshot - {}
RESULT: {}
COMMAND: POST /session/c22d630f923eba2e6547386143a2ce98/execute/async - {"script":"<script> [1562 bytes]","args":[{"selector":{"id":"application-managecatalogs-display-component---detailCatalog--BASE_UNIT_OF_MEASURE-arrow"},"wdio_ui5_key":"applicationmanagecatalogs-display-component---detailCatalog--BASE_UNIT_OF_MEASURE-arrow"}]}
RESULT: {"script":"<script> [1562 bytes]","args":[{"selector":{"id":"application-managecatalogs-display-component---detailCatalog--BASE_UNIT_OF_MEASURE-arrow"},"wdio_ui5_key":"applicationmanagecatalogs-display-component---detailCatalog--BASE_UNIT_OF_MEASURE-arrow"}]}
RESULT: undefined
COMMAND: POST /session/c22d630f923eba2e6547386143a2ce98/element - {"using":"xpath","value":"//*[@id=\"application-managecatalogs-display-component---detailCatalog--BASE_UNIT_OF_MEASURE-arrow\"]"}
RESULT: {"using":"xpath","value":"//*[@id=\"application-managecatalogs-display-component---detailCatalog--BASE_UNIT_OF_MEASURE-arrow\"]"}
COMMAND: POST /session/c22d630f923eba2e6547386143a2ce98/element/f.F3680679D6317BFE5C637BF81341B710.d.C58844D01D6D946871DB3CC3B6744A25.e.1511/click - {}
RESULT: {}
COMMAND: GET /session/c22d630f923eba2e6547386143a2ce98/screenshot - {}
RESULT: {}
COMMAND: POST /session/c22d630f923eba2e6547386143a2ce98/execute/async - {"script":"<script> [1562 bytes]","args":[{"selector":{"controlType":"sap.m.StandardListItem","viewName":"etm.portal.ui.managecatalogs.view.Detail","viewId":"application-managecatalogs-display-component---detailCatalog","properties":{"title":"Piece"},"searchOpenDialogs":true,"interaction":{"idSuffix":"titleText"}},"wdio_ui5_key":"etmportal.ui.managecatalogs.view.Detailsap.m.StandardListItem{\"title\":\"Piece\"}"}]}
RESULT: {"script":"<script> [1562 bytes]","args":[{"selector":{"controlType":"sap.m.StandardListItem","viewName":"etm.portal.ui.managecatalogs.view.Detail","viewId":"application-managecatalogs-display-component---detailCatalog","properties":{"title":"Piece"},"searchOpenDialogs":true,"interaction":{"idSuffix":"titleText"}},"wdio_ui5_key":"etmportal.ui.managecatalogs.view.Detailsap.m.StandardListItem{\"title\":\"Piece\"}"}]}
RESULT: undefined
COMMAND: POST /session/c22d630f923eba2e6547386143a2ce98/element - {"using":"xpath","value":"//*[@id=\"__item223\"]"}
RESULT: {"using":"xpath","value":"//*[@id=\"__item223\"]"}
COMMAND: POST /session/c22d630f923eba2e6547386143a2ce98/element/f.F3680679D6317BFE5C637BF81341B710.d.C58844D01D6D946871DB3CC3B6744A25.e.1515/click - {}
RESULT: {}
COMMAND: POST /session/c22d630f923eba2e6547386143a2ce98/execute/async - {"script":"<script> [1562 bytes]","args":[{"selector":{"controlType":"sap.ui.core.Icon","viewName":"etm.portal.ui.managecatalogs.view.Detail","viewId":"application-managecatalogs-display-component---detailCatalog","properties":{"src":{"regex":{"source":"add"}}},"ancestor":{"controlType":"sap.m.Button","viewName":"etm.portal.ui.managecatalogs.view.Detail","viewId":"application-managecatalogs-display-component---detailCatalog","i18NText":{"propertyName":"tooltip","key":"addClass"}}},"wdio_ui5_key":"etmportal.ui.managecatalogs.view.Detailsap.ui.core.Icon{\"src\":{\"regex\":{\"source\":\"add\"}}}{\"controlType\":\"sap.m.Button\",\"viewName\":\"etm.portal.ui.managecatalogs.view.Detail\",\"viewId\":\"application-managecatalogs-display-component---detailCatalog\",\"i18NText\":{\"propertyName\":\"tooltip\",\"key\":\"addClass\"}}"}]}
COMMAND: GET /session/c22d630f923eba2e6547386143a2ce98/screenshot - {}
RESULT: {"script":"<script> [1562 bytes]","args":[{"selector":{"controlType":"sap.ui.core.Icon","viewName":"etm.portal.ui.managecatalogs.view.Detail","viewId":"application-managecatalogs-display-component---detailCatalog","properties":{"src":{"regex":{"source":"add"}}},"ancestor":{"controlType":"sap.m.Button","viewName":"etm.portal.ui.managecatalogs.view.Detail","viewId":"application-managecatalogs-display-component---detailCatalog","i18NText":{"propertyName":"tooltip","key":"addClass"}}},"wdio_ui5_key":"etmportal.ui.managecatalogs.view.Detailsap.ui.core.Icon{\"src\":{\"regex\":{\"source\":\"add\"}}}{\"controlType\":\"sap.m.Button\",\"viewName\":\"etm.portal.ui.managecatalogs.view.Detail\",\"viewId\":\"application-managecatalogs-display-component---detailCatalog\",\"i18NText\":{\"propertyName\":\"tooltip\",\"key\":\"addClass\"}}"}]}
RESULT: undefined
COMMAND: POST /session/c22d630f923eba2e6547386143a2ce98/element - {"using":"xpath","value":"//*[@id=\"__button39-img\"]"}
RESULT: {}
RESULT: {"using":"xpath","value":"//*[@id=\"__button39-img\"]"}
COMMAND: POST /session/c22d630f923eba2e6547386143a2ce98/element/f.F3680679D6317BFE5C637BF81341B710.d.C58844D01D6D946871DB3CC3B6744A25.e.1516/click - {}
RESULT: {}
COMMAND: GET /session/c22d630f923eba2e6547386143a2ce98/screenshot - {}
RESULT: {}
COMMAND: POST /session/c22d630f923eba2e6547386143a2ce98/element - {"using":"xpath","value":"//input[contains(@id ,\"searchField-I\")]"}
RESULT: {"using":"xpath","value":"//input[contains(@id ,\"searchField-I\")]"}
COMMAND: POST /session/c22d630f923eba2e6547386143a2ce98/element/f.F3680679D6317BFE5C637BF81341B710.d.C58844D01D6D946871DB3CC3B6744A25.e.1522/value - {"text":"WebdriverYardClassuqlkel"}
RESULT: {"text":"WebdriverYardClassuqlkel"}
COMMAND: POST /session/c22d630f923eba2e6547386143a2ce98/actions - {"actions":[{"id":"action6","type":"key","parameters":{},"actions":[{"type":"keyDown","value":"î€‡"},{"type":"pause","duration":10},{"type":"keyUp","value":"î€‡"}]}]}
COMMAND: GET /session/c22d630f923eba2e6547386143a2ce98/screenshot - {}
RESULT: {"actions":[{"id":"action6","type":"key","parameters":{},"actions":[{"type":"keyDown","value":"î€‡"},{"type":"pause","duration":10},{"type":"keyUp","value":"î€‡"}]}]}
COMMAND: GET /session/c22d630f923eba2e6547386143a2ce98/screenshot - {}
RESULT: {}
RESULT: {}
COMMAND: POST /session/c22d630f923eba2e6547386143a2ce98/element - {"using":"xpath","value":"//span[contains(text(), \"WebdriverYardClassuqlkel\")]"}
RESULT: {"using":"xpath","value":"//span[contains(text(), \"WebdriverYardClassuqlkel\")]"}
COMMAND: POST /session/c22d630f923eba2e6547386143a2ce98/element/f.F3680679D6317BFE5C637BF81341B710.d.C58844D01D6D946871DB3CC3B6744A25.e.1536/click - {}
RESULT: {}
COMMAND: GET /session/c22d630f923eba2e6547386143a2ce98/screenshot - {}
RESULT: {}
COMMAND: POST /session/c22d630f923eba2e6547386143a2ce98/execute/async - {"script":"<script> [1562 bytes]","args":[{"selector":{"controlType":"sap.m.Button","viewName":"etm.portal.ui.managecatalogs.view.Detail","viewId":"application-managecatalogs-display-component---detailCatalog","properties":{"text":"Classification"},"interaction":{"idSuffix":"BDI-content"}},"wdio_ui5_key":"etmportal.ui.managecatalogs.view.Detailsap.m.Button{\"text\":\"Classification\"}"}]}
RESULT: {"script":"<script> [1562 bytes]","args":[{"selector":{"controlType":"sap.m.Button","viewName":"etm.portal.ui.managecatalogs.view.Detail","viewId":"application-managecatalogs-display-component---detailCatalog","properties":{"text":"Classification"},"interaction":{"idSuffix":"BDI-content"}},"wdio_ui5_key":"etmportal.ui.managecatalogs.view.Detailsap.m.Button{\"text\":\"Classification\"}"}]}
RESULT: undefined
COMMAND: POST /session/c22d630f923eba2e6547386143a2ce98/element - {"using":"xpath","value":"//*[@id=\"application-managecatalogs-display-component---detailCatalog--ObjectPageLayout-anchBar-__section3-anchor\"]"}
RESULT: {"using":"xpath","value":"//*[@id=\"application-managecatalogs-display-component---detailCatalog--ObjectPageLayout-anchBar-__section3-anchor\"]"}
COMMAND: POST /session/c22d630f923eba2e6547386143a2ce98/element/f.F3680679D6317BFE5C637BF81341B710.d.C58844D01D6D946871DB3CC3B6744A25.e.1541/click - {}
RESULT: {}
COMMAND: GET /session/c22d630f923eba2e6547386143a2ce98/screenshot - {}
RESULT: {}
COMMAND: POST /session/c22d630f923eba2e6547386143a2ce98/element - {"using":"xpath","value":"//span[contains(@id ,\"expandButton-img\")]"}
RESULT: {"using":"xpath","value":"//span[contains(@id ,\"expandButton-img\")]"}
COMMAND: POST /session/c22d630f923eba2e6547386143a2ce98/element/f.F3680679D6317BFE5C637BF81341B710.d.C58844D01D6D946871DB3CC3B6744A25.e.1547/click - {}
RESULT: {}
COMMAND: POST /session/c22d630f923eba2e6547386143a2ce98/execute/async - {"script":"<script> [1562 bytes]","args":[{"selector":{"controlType":"sap.m.CheckBox","viewName":"etm.portal.ui.managecatalogs.view.Detail","viewId":"application-managecatalogs-display-component---detailCatalog","bindingPath":{"path":"/data/0/PROPERTIES/0","propertyPath":"SELECTED","modelName":"classModel"},"interaction":{"idSuffix":"CbBg"}},"wdio_ui5_key":"etmportal.ui.managecatalogs.view.Detailsap.m.CheckBox{\"path\":\"/data/0/PROPERTIES/0\",\"propertyPath\":\"SELECTED\",\"modelName\":\"classModel\"}"}]}
COMMAND: GET /session/c22d630f923eba2e6547386143a2ce98/screenshot - {}
RESULT: {"script":"<script> [1562 bytes]","args":[{"selector":{"controlType":"sap.m.CheckBox","viewName":"etm.portal.ui.managecatalogs.view.Detail","viewId":"application-managecatalogs-display-component---detailCatalog","bindingPath":{"path":"/data/0/PROPERTIES/0","propertyPath":"SELECTED","modelName":"classModel"},"interaction":{"idSuffix":"CbBg"}},"wdio_ui5_key":"etmportal.ui.managecatalogs.view.Detailsap.m.CheckBox{\"path\":\"/data/0/PROPERTIES/0\",\"propertyPath\":\"SELECTED\",\"modelName\":\"classModel\"}"}]}
RESULT: undefined
COMMAND: POST /session/c22d630f923eba2e6547386143a2ce98/element - {"using":"xpath","value":"//*[@id=\"__box32\"]"}
RESULT: {}
RESULT: {"using":"xpath","value":"//*[@id=\"__box32\"]"}
COMMAND: POST /session/c22d630f923eba2e6547386143a2ce98/element/f.F3680679D6317BFE5C637BF81341B710.d.C58844D01D6D946871DB3CC3B6744A25.e.1562/click - {}
RESULT: {}
RESULT: undefined
COMMAND: POST /session/c22d630f923eba2e6547386143a2ce98/execute/async - {"script":"<script> [6424 bytes]","args":[{"element-6066-11e4-a52e-4f735466cecf":"f.F3680679D6317BFE5C637BF81341B710.d.C58844D01D6D946871DB3CC3B6744A25.e.1560"},"getSelected",[]]}
COMMAND: GET /session/c22d630f923eba2e6547386143a2ce98/screenshot - {}
RESULT: {"script":"<script> [6424 bytes]","args":[{"element-6066-11e4-a52e-4f735466cecf":"f.F3680679D6317BFE5C637BF81341B710.d.C58844D01D6D946871DB3CC3B6744A25.e.1560"},"getSelected",[]]}
COMMAND: POST /session/c22d630f923eba2e6547386143a2ce98/execute/async - {"script":"<script> [1562 bytes]","args":[{"selector":{"controlType":"sap.m.Button","viewName":"etm.portal.ui.managecatalogs.view.Detail","viewId":"application-managecatalogs-display-component---detailCatalog","i18NText":{"propertyName":"text","key":"save"},"interaction":{"idSuffix":"BDI-content"}},"wdio_ui5_key":"etmportal.ui.managecatalogs.view.Detailsap.m.Button{\"propertyName\":\"text\",\"key\":\"save\"}"}]}
RESULT: {}
RESULT: {"script":"<script> [1562 bytes]","args":[{"selector":{"controlType":"sap.m.Button","viewName":"etm.portal.ui.managecatalogs.view.Detail","viewId":"application-managecatalogs-display-component---detailCatalog","i18NText":{"propertyName":"text","key":"save"},"interaction":{"idSuffix":"BDI-content"}},"wdio_ui5_key":"etmportal.ui.managecatalogs.view.Detailsap.m.Button{\"propertyName\":\"text\",\"key\":\"save\"}"}]}
RESULT: undefined
COMMAND: POST /session/c22d630f923eba2e6547386143a2ce98/element - {"using":"xpath","value":"//*[@id=\"__button51\"]"}
RESULT: {"using":"xpath","value":"//*[@id=\"__button51\"]"}
COMMAND: POST /session/c22d630f923eba2e6547386143a2ce98/element/f.F3680679D6317BFE5C637BF81341B710.d.C58844D01D6D946871DB3CC3B6744A25.e.1487/click - {}
RESULT: {}
COMMAND: GET /session/c22d630f923eba2e6547386143a2ce98/screenshot - {}
RESULT: {}
COMMAND: POST /session/c22d630f923eba2e6547386143a2ce98/element - {"using":"css selector","value":"#shell-header-logo"}
RESULT: {"using":"css selector","value":"#shell-header-logo"}
COMMAND: POST /session/c22d630f923eba2e6547386143a2ce98/element/f.F3680679D6317BFE5C637BF81341B710.d.C58844D01D6D946871DB3CC3B6744A25.e.1247/click - {}
RESULT: {}
COMMAND: GET /session/c22d630f923eba2e6547386143a2ce98/screenshot - {}
RESULT: {}
]]></system-out>
    </testcase>
    <testcase classname="chrome.136_0_7103_49.windows.Manage_catalogs_-_yard_assignment_classification_US138930" name="Should verify if the catalog item is visible after selecting the yard" time="45.983">
      <system-out><![CDATA[
COMMAND: POST /session/c22d630f923eba2e6547386143a2ce98/execute/async - {"script":"<script> [1562 bytes]","args":[{"selector":{"controlType":"sap.m.Text","properties":{"text":"Webshop"},"interaction":{"idSuffix":"inner"}},"wdio_ui5_key":"sapm.Text{\"text\":\"Webshop\"}"}]}
RESULT: {"script":"<script> [1562 bytes]","args":[{"selector":{"controlType":"sap.m.Text","properties":{"text":"Webshop"},"interaction":{"idSuffix":"inner"}},"wdio_ui5_key":"sapm.Text{\"text\":\"Webshop\"}"}]}
RESULT: undefined
COMMAND: POST /session/c22d630f923eba2e6547386143a2ce98/element - {"using":"xpath","value":"//*[@id=\"__tile49-title\"]"}
RESULT: {"using":"xpath","value":"//*[@id=\"__tile49-title\"]"}
COMMAND: POST /session/c22d630f923eba2e6547386143a2ce98/element/f.F3680679D6317BFE5C637BF81341B710.d.C58844D01D6D946871DB3CC3B6744A25.e.1590/click - {}
RESULT: {}
COMMAND: GET /session/c22d630f923eba2e6547386143a2ce98/screenshot - {}
RESULT: {}
COMMAND: POST /session/c22d630f923eba2e6547386143a2ce98/element - {"using":"css selector","value":"#requestCreationDialog--createRequestPopUp-title-inner"}
RESULT: {"using":"css selector","value":"#requestCreationDialog--createRequestPopUp-title-inner"}
COMMAND: POST /session/c22d630f923eba2e6547386143a2ce98/execute/sync - {"script":"<script> [8489 bytes]","args":[{"element-6066-11e4-a52e-4f735466cecf":"f.F3680679D6317BFE5C637BF81341B710.d.C58844D01D6D946871DB3CC3B6744A25.e.1619","ELEMENT":"f.F3680679D6317BFE5C637BF81341B710.d.C58844D01D6D946871DB3CC3B6744A25.e.1619"}]}
RESULT: {"script":"<script> [8489 bytes]","args":[{"element-6066-11e4-a52e-4f735466cecf":"f.F3680679D6317BFE5C637BF81341B710.d.C58844D01D6D946871DB3CC3B6744A25.e.1619","ELEMENT":"f.F3680679D6317BFE5C637BF81341B710.d.C58844D01D6D946871DB3CC3B6744A25.e.1619"}]}
COMMAND: GET /session/c22d630f923eba2e6547386143a2ce98/element/f.F3680679D6317BFE5C637BF81341B710.d.C58844D01D6D946871DB3CC3B6744A25.e.1619/enabled - {}
COMMAND: GET /session/c22d630f923eba2e6547386143a2ce98/screenshot - {}
RESULT: {}
COMMAND: POST /session/c22d630f923eba2e6547386143a2ce98/elements - {"using":"css selector","value":"#requestCreationDialog--createRequestPopUp-title-inner"}
COMMAND: GET /session/c22d630f923eba2e6547386143a2ce98/screenshot - {}
RESULT: {}
RESULT: {"using":"css selector","value":"#requestCreationDialog--createRequestPopUp-title-inner"}
COMMAND: POST /session/c22d630f923eba2e6547386143a2ce98/execute/async - {"script":"<script> [1562 bytes]","args":[{"selector":{"id":"requestCreationDialog--requestName","searchOpenDialogs":true,"interaction":{"idSuffix":"inner"}},"wdio_ui5_key":"requestCreationDialogrequestName"}]}
RESULT: {}
RESULT: {"script":"<script> [1562 bytes]","args":[{"selector":{"id":"requestCreationDialog--requestName","searchOpenDialogs":true,"interaction":{"idSuffix":"inner"}},"wdio_ui5_key":"requestCreationDialogrequestName"}]}
RESULT: undefined
COMMAND: POST /session/c22d630f923eba2e6547386143a2ce98/execute/async - {"script":"<script> [776 bytes]","args":[{"enterText":"WebdriverTest","selector":{"id":"requestCreationDialog--requestName","searchOpenDialogs":true,"interaction":{"idSuffix":"inner"}},"clearTextFirst":true,"interactionType":"ENTER_TEXT"}]}
RESULT: {"script":"<script> [776 bytes]","args":[{"enterText":"WebdriverTest","selector":{"id":"requestCreationDialog--requestName","searchOpenDialogs":true,"interaction":{"idSuffix":"inner"}},"clearTextFirst":true,"interactionType":"ENTER_TEXT"}]}
COMMAND: POST /session/c22d630f923eba2e6547386143a2ce98/element - {"using":"xpath","value":"//input[contains(@id ,\"requestCreationDialog--yardId-inner\")]"}
RESULT: {"using":"xpath","value":"//input[contains(@id ,\"requestCreationDialog--yardId-inner\")]"}
COMMAND: POST /session/c22d630f923eba2e6547386143a2ce98/element/f.F3680679D6317BFE5C637BF81341B710.d.C58844D01D6D946871DB3CC3B6744A25.e.1606/clear - {}
RESULT: {}
COMMAND: POST /session/c22d630f923eba2e6547386143a2ce98/element/f.F3680679D6317BFE5C637BF81341B710.d.C58844D01D6D946871DB3CC3B6744A25.e.1606/value - {"text":"101"}
COMMAND: GET /session/c22d630f923eba2e6547386143a2ce98/screenshot - {}
RESULT: {"text":"101"}
COMMAND: GET /session/c22d630f923eba2e6547386143a2ce98/screenshot - {}
RESULT: {}
RESULT: {}
COMMAND: POST /session/c22d630f923eba2e6547386143a2ce98/execute/async - {"script":"<script> [1562 bytes]","args":[{"selector":{"id":"requestCreationDialog--okButton","searchOpenDialogs":true,"interaction":{"idSuffix":"BDI-content"}},"wdio_ui5_key":"requestCreationDialogokButton"}]}
RESULT: {"script":"<script> [1562 bytes]","args":[{"selector":{"id":"requestCreationDialog--okButton","searchOpenDialogs":true,"interaction":{"idSuffix":"BDI-content"}},"wdio_ui5_key":"requestCreationDialogokButton"}]}
RESULT: undefined
COMMAND: POST /session/c22d630f923eba2e6547386143a2ce98/element - {"using":"xpath","value":"//*[@id=\"requestCreationDialog--okButton\"]"}
RESULT: {"using":"xpath","value":"//*[@id=\"requestCreationDialog--okButton\"]"}
COMMAND: POST /session/c22d630f923eba2e6547386143a2ce98/element/f.F3680679D6317BFE5C637BF81341B710.d.C58844D01D6D946871DB3CC3B6744A25.e.1625/click - {}
RESULT: {}
COMMAND: GET /session/c22d630f923eba2e6547386143a2ce98/screenshot - {}
RESULT: {}
COMMAND: POST /session/c22d630f923eba2e6547386143a2ce98/element - {"using":"xpath","value":"//input[contains(@id ,\"searchFiledId-I\")]"}
RESULT: {"using":"xpath","value":"//input[contains(@id ,\"searchFiledId-I\")]"}
COMMAND: POST /session/c22d630f923eba2e6547386143a2ce98/element/f.F3680679D6317BFE5C637BF81341B710.d.C58844D01D6D946871DB3CC3B6744A25.e.1595/value - {"text":"catalogItem2y5wkh"}
RESULT: {"text":"catalogItem2y5wkh"}
COMMAND: POST /session/c22d630f923eba2e6547386143a2ce98/actions - {"actions":[{"id":"action7","type":"key","parameters":{},"actions":[{"type":"keyDown","value":"î€‡"},{"type":"pause","duration":10},{"type":"keyUp","value":"î€‡"}]}]}
COMMAND: GET /session/c22d630f923eba2e6547386143a2ce98/screenshot - {}
RESULT: {"actions":[{"id":"action7","type":"key","parameters":{},"actions":[{"type":"keyDown","value":"î€‡"},{"type":"pause","duration":10},{"type":"keyUp","value":"î€‡"}]}]}
COMMAND: GET /session/c22d630f923eba2e6547386143a2ce98/screenshot - {}
RESULT: {}
RESULT: {}
COMMAND: POST /session/c22d630f923eba2e6547386143a2ce98/element - {"using":"xpath","value":"//span[contains(@id ,\"subTitle\")][contains(text(), \"catalogItem2y5wkh\")]"}
RESULT: {"using":"xpath","value":"//span[contains(@id ,\"subTitle\")][contains(text(), \"catalogItem2y5wkh\")]"}
COMMAND: POST /session/c22d630f923eba2e6547386143a2ce98/element - {"using":"xpath","value":"//span[contains(@id ,\"subTitle\")][contains(text(), \"catalogItem2y5wkh\")]"}
RESULT: {"using":"xpath","value":"//span[contains(@id ,\"subTitle\")][contains(text(), \"catalogItem2y5wkh\")]"}
COMMAND: POST /session/c22d630f923eba2e6547386143a2ce98/execute/async - {"script":"<script> [1562 bytes]","args":[{"selector":{"controlType":"sap.tnt.NavigationListItem","viewName":"etm.portal.ui.webshop.view.Homepage","i18NText":{"propertyName":"text","key":"exit"},"interaction":{"idSuffix":"a"}},"wdio_ui5_key":"etmportal.ui.webshop.view.Homepagesap.tnt.NavigationListItem{\"propertyName\":\"text\",\"key\":\"exit\"}"}]}
RESULT: {"script":"<script> [1562 bytes]","args":[{"selector":{"controlType":"sap.tnt.NavigationListItem","viewName":"etm.portal.ui.webshop.view.Homepage","i18NText":{"propertyName":"text","key":"exit"},"interaction":{"idSuffix":"a"}},"wdio_ui5_key":"etmportal.ui.webshop.view.Homepagesap.tnt.NavigationListItem{\"propertyName\":\"text\",\"key\":\"exit\"}"}]}
RESULT: undefined
COMMAND: POST /session/c22d630f923eba2e6547386143a2ce98/element - {"using":"xpath","value":"//*[@id=\"__item281\"]"}
RESULT: {"using":"xpath","value":"//*[@id=\"__item281\"]"}
COMMAND: POST /session/c22d630f923eba2e6547386143a2ce98/element/f.F3680679D6317BFE5C637BF81341B710.d.C58844D01D6D946871DB3CC3B6744A25.e.1632/click - {}
RESULT: {}
]]></system-out>
    </testcase>
  </testsuite>
  <testsuite timestamp="2025-05-13T07:28:46" time="10.373" tests="1" failures="0" errors="0" skipped="0">
    <properties>
      <property name="specId" value="0" />
      <property name="suiteName" value="Catalogs section" />
      <property name="capabilities" value="chrome.136_0_7103_49.windows" />
      <property name="file" value="file:///D:/a/1/s/test/specs/R2C/manage-catalogs-values-section.spec.js" />
    </properties>
    <testcase classname="chrome.136_0_7103_49.windows.Catalogs_section" name="Should add values to a catalog item" time="10.371">
      <system-out><![CDATA[
COMMAND: POST /session/c22d630f923eba2e6547386143a2ce98/element - {"using":"xpath","value":"//li[contains(@data-kt ,\"exitNavigationListItem\")]"}
COMMAND: GET /session/c22d630f923eba2e6547386143a2ce98/screenshot - {}
RESULT: {"using":"xpath","value":"//li[contains(@data-kt ,\"exitNavigationListItem\")]"}
COMMAND: POST /session/c22d630f923eba2e6547386143a2ce98/element - {"using":"xpath","value":"//li[contains(@data-kt ,\"exitNavigationListItem\")]"}
RESULT: {}
RESULT: {"using":"xpath","value":"//li[contains(@data-kt ,\"exitNavigationListItem\")]"}
COMMAND: POST /session/c22d630f923eba2e6547386143a2ce98/element - {"using":"xpath","value":"//span[contains(@id ,\"requestCreationDialog--createRequestPopUp-title-inner\")]"}
RESULT: {"using":"xpath","value":"//span[contains(@id ,\"requestCreationDialog--createRequestPopUp-title-inner\")]"}
COMMAND: POST /session/c22d630f923eba2e6547386143a2ce98/elements - {"using":"xpath","value":"//span[contains(@id ,\"requestCreationDialog--createRequestPopUp-title-inner\")]"}
RESULT: {"using":"xpath","value":"//span[contains(@id ,\"requestCreationDialog--createRequestPopUp-title-inner\")]"}
COMMAND: POST /session/c22d630f923eba2e6547386143a2ce98/element - {"using":"css selector","value":"#shell-header-logo"}
RESULT: {"using":"css selector","value":"#shell-header-logo"}
COMMAND: POST /session/c22d630f923eba2e6547386143a2ce98/element/f.F3680679D6317BFE5C637BF81341B710.d.C58844D01D6D946871DB3CC3B6744A25.e.1637/click - {}
RESULT: {}
COMMAND: GET /session/c22d630f923eba2e6547386143a2ce98/screenshot - {}
RESULT: {}
]]></system-out>
    </testcase>
  </testsuite>
  <testsuite timestamp="2025-05-13T07:28:57" time="318.144" tests="4" failures="2" errors="2" skipped="0">
    <properties>
      <property name="specId" value="0" />
      <property name="suiteName" value="Verify RU inventory split cost information US139363" />
      <property name="capabilities" value="chrome.136_0_7103_49.windows" />
      <property name="file" value="file:///D:/a/1/s/test/specs/R2C/verify-ru-inventory-split-cost-information.spec.js" />
    </properties>
    <testcase classname="chrome.136_0_7103_49.windows.Verify_RU_inventory_split_cost_information_US139363" name="Should create a new contract" time="94.302">
      <system-out><![CDATA[
COMMAND: POST /session/c22d630f923eba2e6547386143a2ce98/execute/async - {"script":"<script> [1562 bytes]","args":[{"selector":{"controlType":"sap.m.GenericTile","properties":{"header":"Manage Contracts"}},"wdio_ui5_key":"sapm.GenericTile{\"header\":\"Manage Contracts\"}"}]}
RESULT: {"script":"<script> [1562 bytes]","args":[{"selector":{"controlType":"sap.m.GenericTile","properties":{"header":"Manage Contracts"}},"wdio_ui5_key":"sapm.GenericTile{\"header\":\"Manage Contracts\"}"}]}
RESULT: undefined
COMMAND: POST /session/c22d630f923eba2e6547386143a2ce98/element - {"using":"xpath","value":"//*[@id=\"__tile131\"]"}
RESULT: {"using":"xpath","value":"//*[@id=\"__tile131\"]"}
COMMAND: POST /session/c22d630f923eba2e6547386143a2ce98/element/f.F3680679D6317BFE5C637BF81341B710.d.C58844D01D6D946871DB3CC3B6744A25.e.1638/click - {}
RESULT: {}
COMMAND: GET /session/c22d630f923eba2e6547386143a2ce98/screenshot - {}
RESULT: {}
COMMAND: POST /session/c22d630f923eba2e6547386143a2ce98/elements - {"using":"xpath","value":"//span[text()='Error']"}
RESULT: {"using":"xpath","value":"//span[text()='Error']"}
COMMAND: POST /session/c22d630f923eba2e6547386143a2ce98/element - {"using":"xpath","value":"//button[@data-kt=\"addButton\"]"}
RESULT: {"using":"xpath","value":"//button[@data-kt=\"addButton\"]"}
COMMAND: POST /session/c22d630f923eba2e6547386143a2ce98/element/f.F3680679D6317BFE5C637BF81341B710.d.C58844D01D6D946871DB3CC3B6744A25.e.1687/click - {}
RESULT: {}
COMMAND: GET /session/c22d630f923eba2e6547386143a2ce98/screenshot - {}
RESULT: {}
COMMAND: POST /session/c22d630f923eba2e6547386143a2ce98/execute/async - {"script":"<script> [1562 bytes]","args":[{"selector":{"id":"application-managecontracts-display-component---AddNewContract--projectDescription","interaction":{"idSuffix":"inner"}},"wdio_ui5_key":"applicationmanagecontracts-display-component---AddNewContract--projectDescription"}]}
RESULT: {"script":"<script> [1562 bytes]","args":[{"selector":{"id":"application-managecontracts-display-component---AddNewContract--projectDescription","interaction":{"idSuffix":"inner"}},"wdio_ui5_key":"applicationmanagecontracts-display-component---AddNewContract--projectDescription"}]}
RESULT: undefined
COMMAND: POST /session/c22d630f923eba2e6547386143a2ce98/execute/async - {"script":"<script> [776 bytes]","args":[{"enterText":"WdIOR2csg07s","selector":{"id":"application-managecontracts-display-component---AddNewContract--projectDescription","interaction":{"idSuffix":"inner"}},"clearTextFirst":true,"interactionType":"ENTER_TEXT"}]}
RESULT: {"script":"<script> [776 bytes]","args":[{"enterText":"WdIOR2csg07s","selector":{"id":"application-managecontracts-display-component---AddNewContract--projectDescription","interaction":{"idSuffix":"inner"}},"clearTextFirst":true,"interactionType":"ENTER_TEXT"}]}
COMMAND: POST /session/c22d630f923eba2e6547386143a2ce98/element - {"using":"xpath","value":"//input[@id=\"application-managecontracts-display-component---AddNewContract--yardId-inner\"]"}
RESULT: {"using":"xpath","value":"//input[@id=\"application-managecontracts-display-component---AddNewContract--yardId-inner\"]"}
COMMAND: POST /session/c22d630f923eba2e6547386143a2ce98/element/f.F3680679D6317BFE5C637BF81341B710.d.C58844D01D6D946871DB3CC3B6744A25.e.1989/clear - {}
RESULT: {}
COMMAND: POST /session/c22d630f923eba2e6547386143a2ce98/element/f.F3680679D6317BFE5C637BF81341B710.d.C58844D01D6D946871DB3CC3B6744A25.e.1989/value - {"text":"webdriveryard"}
COMMAND: GET /session/c22d630f923eba2e6547386143a2ce98/screenshot - {}
RESULT: {"text":"webdriveryard"}
COMMAND: GET /session/c22d630f923eba2e6547386143a2ce98/screenshot - {}
RESULT: {}
RESULT: {}
COMMAND: POST /session/c22d630f923eba2e6547386143a2ce98/actions - {"actions":[{"id":"action8","type":"key","parameters":{},"actions":[{"type":"keyDown","value":"î€‡"},{"type":"pause","duration":10},{"type":"keyUp","value":"î€‡"}]}]}
RESULT: {"actions":[{"id":"action8","type":"key","parameters":{},"actions":[{"type":"keyDown","value":"î€‡"},{"type":"pause","duration":10},{"type":"keyUp","value":"î€‡"}]}]}
COMMAND: GET /session/c22d630f923eba2e6547386143a2ce98/screenshot - {}
RESULT: {}
COMMAND: POST /session/c22d630f923eba2e6547386143a2ce98/element - {"using":"xpath","value":"//input[@id=\"application-managecontracts-display-component---AddNewContract--customerSelect-inner\"]"}
RESULT: {"using":"xpath","value":"//input[@id=\"application-managecontracts-display-component---AddNewContract--customerSelect-inner\"]"}
COMMAND: POST /session/c22d630f923eba2e6547386143a2ce98/element/f.F3680679D6317BFE5C637BF81341B710.d.C58844D01D6D946871DB3CC3B6744A25.e.1987/clear - {}
RESULT: {}
COMMAND: POST /session/c22d630f923eba2e6547386143a2ce98/element/f.F3680679D6317BFE5C637BF81341B710.d.C58844D01D6D946871DB3CC3B6744A25.e.1987/value - {"text":"webdriverpartner"}
COMMAND: GET /session/c22d630f923eba2e6547386143a2ce98/screenshot - {}
RESULT: {"text":"webdriverpartner"}
COMMAND: GET /session/c22d630f923eba2e6547386143a2ce98/screenshot - {}
RESULT: {}
RESULT: {}
COMMAND: POST /session/c22d630f923eba2e6547386143a2ce98/actions - {"actions":[{"id":"action9","type":"key","parameters":{},"actions":[{"type":"keyDown","value":"î€‡"},{"type":"pause","duration":10},{"type":"keyUp","value":"î€‡"}]}]}
RESULT: {"actions":[{"id":"action9","type":"key","parameters":{},"actions":[{"type":"keyDown","value":"î€‡"},{"type":"pause","duration":10},{"type":"keyUp","value":"î€‡"}]}]}
COMMAND: GET /session/c22d630f923eba2e6547386143a2ce98/screenshot - {}
RESULT: {}
COMMAND: POST /session/c22d630f923eba2e6547386143a2ce98/element - {"using":"xpath","value":"//input[@id=\"application-managecontracts-display-component---AddNewContract--site-inner\"]"}
RESULT: {"using":"xpath","value":"//input[@id=\"application-managecontracts-display-component---AddNewContract--site-inner\"]"}
COMMAND: POST /session/c22d630f923eba2e6547386143a2ce98/element/f.F3680679D6317BFE5C637BF81341B710.d.C58844D01D6D946871DB3CC3B6744A25.e.1988/clear - {}
RESULT: {}
COMMAND: POST /session/c22d630f923eba2e6547386143a2ce98/element/f.F3680679D6317BFE5C637BF81341B710.d.C58844D01D6D946871DB3CC3B6744A25.e.1988/value - {"text":"Webdriversite"}
COMMAND: GET /session/c22d630f923eba2e6547386143a2ce98/screenshot - {}
RESULT: {"text":"Webdriversite"}
COMMAND: GET /session/c22d630f923eba2e6547386143a2ce98/screenshot - {}
RESULT: {}
RESULT: {}
COMMAND: POST /session/c22d630f923eba2e6547386143a2ce98/actions - {"actions":[{"id":"action10","type":"key","parameters":{},"actions":[{"type":"keyDown","value":"î€‡"},{"type":"pause","duration":10},{"type":"keyUp","value":"î€‡"}]}]}
RESULT: {"actions":[{"id":"action10","type":"key","parameters":{},"actions":[{"type":"keyDown","value":"î€‡"},{"type":"pause","duration":10},{"type":"keyUp","value":"î€‡"}]}]}
COMMAND: GET /session/c22d630f923eba2e6547386143a2ce98/screenshot - {}
RESULT: {}
COMMAND: POST /session/c22d630f923eba2e6547386143a2ce98/element - {"using":"xpath","value":"//button[@data-kt=\"saveButton\"]"}
RESULT: {"using":"xpath","value":"//button[@data-kt=\"saveButton\"]"}
COMMAND: POST /session/c22d630f923eba2e6547386143a2ce98/element/f.F3680679D6317BFE5C637BF81341B710.d.C58844D01D6D946871DB3CC3B6744A25.e.2026/click - {}
RESULT: {}
COMMAND: GET /session/c22d630f923eba2e6547386143a2ce98/screenshot - {}
RESULT: {}
COMMAND: POST /session/c22d630f923eba2e6547386143a2ce98/execute/async - {"script":"<script> [1562 bytes]","args":[{"selector":{"id":"contractDetailTitleNoExpanded","viewName":"etm.portal.ui.managecontracts.view.Detail"},"wdio_ui5_key":"contractDetailTitleNoExpandedetmportal.ui.managecontracts.view.Detail"}]}
RESULT: {"script":"<script> [1562 bytes]","args":[{"selector":{"id":"contractDetailTitleNoExpanded","viewName":"etm.portal.ui.managecontracts.view.Detail"},"wdio_ui5_key":"contractDetailTitleNoExpandedetmportal.ui.managecontracts.view.Detail"}]}
RESULT: undefined
COMMAND: POST /session/c22d630f923eba2e6547386143a2ce98/execute/async - {"script":"<script> [6424 bytes]","args":[{"element-6066-11e4-a52e-4f735466cecf":"f.F3680679D6317BFE5C637BF81341B710.d.C58844D01D6D946871DB3CC3B6744A25.e.2097"},"getText",[]]}
RESULT: {"script":"<script> [6424 bytes]","args":[{"element-6066-11e4-a52e-4f735466cecf":"f.F3680679D6317BFE5C637BF81341B710.d.C58844D01D6D946871DB3CC3B6744A25.e.2097"},"getText",[]]}
COMMAND: POST /session/c22d630f923eba2e6547386143a2ce98/element - {"using":"css selector","value":"#shell-header-logo"}
RESULT: {"using":"css selector","value":"#shell-header-logo"}
COMMAND: POST /session/c22d630f923eba2e6547386143a2ce98/element/f.F3680679D6317BFE5C637BF81341B710.d.C58844D01D6D946871DB3CC3B6744A25.e.1637/click - {}
RESULT: {}
COMMAND: GET /session/c22d630f923eba2e6547386143a2ce98/screenshot - {}
RESULT: {}
]]></system-out>
    </testcase>
    <testcase classname="chrome.136_0_7103_49.windows.Verify_RU_inventory_split_cost_information_US139363" name="Should create a new equipment" time="122.227">
      <system-out><![CDATA[
COMMAND: POST /session/c22d630f923eba2e6547386143a2ce98/execute/async - {"script":"<script> [1562 bytes]","args":[{"selector":{"controlType":"sap.m.GenericTile","properties":{"header":"Manage Resources"}},"wdio_ui5_key":"sapm.GenericTile{\"header\":\"Manage Resources\"}"}]}
RESULT: {"script":"<script> [1562 bytes]","args":[{"selector":{"controlType":"sap.m.GenericTile","properties":{"header":"Manage Resources"}},"wdio_ui5_key":"sapm.GenericTile{\"header\":\"Manage Resources\"}"}]}
RESULT: undefined
COMMAND: POST /session/c22d630f923eba2e6547386143a2ce98/element - {"using":"xpath","value":"//*[@id=\"__tile39\"]"}
RESULT: {"using":"xpath","value":"//*[@id=\"__tile39\"]"}
COMMAND: POST /session/c22d630f923eba2e6547386143a2ce98/element/f.F3680679D6317BFE5C637BF81341B710.d.C58844D01D6D946871DB3CC3B6744A25.e.2099/click - {}
RESULT: {}
COMMAND: GET /session/c22d630f923eba2e6547386143a2ce98/screenshot - {}
RESULT: {}
COMMAND: POST /session/c22d630f923eba2e6547386143a2ce98/elements - {"using":"xpath","value":"//span[text()='Error']"}
RESULT: {"using":"xpath","value":"//span[text()='Error']"}
COMMAND: POST /session/c22d630f923eba2e6547386143a2ce98/element - {"using":"xpath","value":"//button[@data-kt=\"addNewRUOverflowToolbarButton\"]"}
RESULT: {"using":"xpath","value":"//button[@data-kt=\"addNewRUOverflowToolbarButton\"]"}
COMMAND: POST /session/c22d630f923eba2e6547386143a2ce98/execute/sync - {"script":"<script> [8489 bytes]","args":[{"element-6066-11e4-a52e-4f735466cecf":"f.F3680679D6317BFE5C637BF81341B710.d.C58844D01D6D946871DB3CC3B6744A25.e.2139","ELEMENT":"f.F3680679D6317BFE5C637BF81341B710.d.C58844D01D6D946871DB3CC3B6744A25.e.2139"}]}
RESULT: {"script":"<script> [8489 bytes]","args":[{"element-6066-11e4-a52e-4f735466cecf":"f.F3680679D6317BFE5C637BF81341B710.d.C58844D01D6D946871DB3CC3B6744A25.e.2139","ELEMENT":"f.F3680679D6317BFE5C637BF81341B710.d.C58844D01D6D946871DB3CC3B6744A25.e.2139"}]}
COMMAND: POST /session/c22d630f923eba2e6547386143a2ce98/element/f.F3680679D6317BFE5C637BF81341B710.d.C58844D01D6D946871DB3CC3B6744A25.e.2139/click - {}
COMMAND: GET /session/c22d630f923eba2e6547386143a2ce98/screenshot - {}
RESULT: {}
COMMAND: GET /session/c22d630f923eba2e6547386143a2ce98/screenshot - {}
RESULT: {}
RESULT: {}
COMMAND: POST /session/c22d630f923eba2e6547386143a2ce98/execute/async - {"script":"<script> [1562 bytes]","args":[{"selector":{"id":"application-manageresources-display-component---newResourceUnit--TYPE-arrow"},"wdio_ui5_key":"applicationmanageresources-display-component---newResourceUnit--TYPE-arrow"}]}
RESULT: {"script":"<script> [1562 bytes]","args":[{"selector":{"id":"application-manageresources-display-component---newResourceUnit--TYPE-arrow"},"wdio_ui5_key":"applicationmanageresources-display-component---newResourceUnit--TYPE-arrow"}]}
RESULT: undefined
COMMAND: POST /session/c22d630f923eba2e6547386143a2ce98/element - {"using":"xpath","value":"//*[@id=\"application-manageresources-display-component---newResourceUnit--TYPE-arrow\"]"}
RESULT: {"using":"xpath","value":"//*[@id=\"application-manageresources-display-component---newResourceUnit--TYPE-arrow\"]"}
COMMAND: POST /session/c22d630f923eba2e6547386143a2ce98/element/f.F3680679D6317BFE5C637BF81341B710.d.C58844D01D6D946871DB3CC3B6744A25.e.2455/click - {}
RESULT: {}
COMMAND: POST /session/c22d630f923eba2e6547386143a2ce98/execute/async - {"script":"<script> [1562 bytes]","args":[{"selector":{"controlType":"sap.m.StandardListItem","viewName":"reusables.view.manageresources.NewResourceUnit","viewId":"application-manageresources-display-component---newResourceUnit","properties":{"title":"Equipment"},"searchOpenDialogs":true,"interaction":{"idSuffix":"content"}},"wdio_ui5_key":"reusablesview.manageresources.NewResourceUnitsap.m.StandardListItem{\"title\":\"Equipment\"}"}]}
COMMAND: GET /session/c22d630f923eba2e6547386143a2ce98/screenshot - {}
RESULT: {"script":"<script> [1562 bytes]","args":[{"selector":{"controlType":"sap.m.StandardListItem","viewName":"reusables.view.manageresources.NewResourceUnit","viewId":"application-manageresources-display-component---newResourceUnit","properties":{"title":"Equipment"},"searchOpenDialogs":true,"interaction":{"idSuffix":"content"}},"wdio_ui5_key":"reusablesview.manageresources.NewResourceUnitsap.m.StandardListItem{\"title\":\"Equipment\"}"}]}
RESULT: undefined
COMMAND: POST /session/c22d630f923eba2e6547386143a2ce98/element - {"using":"xpath","value":"//*[@id=\"__item833\"]"}
RESULT: {}
RESULT: {"using":"xpath","value":"//*[@id=\"__item833\"]"}
COMMAND: POST /session/c22d630f923eba2e6547386143a2ce98/element/f.F3680679D6317BFE5C637BF81341B710.d.C58844D01D6D946871DB3CC3B6744A25.e.2458/click - {}
RESULT: {}
COMMAND: POST /session/c22d630f923eba2e6547386143a2ce98/execute/async - {"script":"<script> [1562 bytes]","args":[{"selector":{"id":"application-manageresources-display-component---newResourceUnit--resourceId","interaction":{"idSuffix":"inner"}},"wdio_ui5_key":"applicationmanageresources-display-component---newResourceUnit--resourceId"}]}
COMMAND: GET /session/c22d630f923eba2e6547386143a2ce98/screenshot - {}
RESULT: {"script":"<script> [1562 bytes]","args":[{"selector":{"id":"application-manageresources-display-component---newResourceUnit--resourceId","interaction":{"idSuffix":"inner"}},"wdio_ui5_key":"applicationmanageresources-display-component---newResourceUnit--resourceId"}]}
RESULT: undefined
COMMAND: POST /session/c22d630f923eba2e6547386143a2ce98/execute/async - {"script":"<script> [776 bytes]","args":[{"enterText":"WdIOR2cEquipwbpk4","selector":{"id":"application-manageresources-display-component---newResourceUnit--resourceId","interaction":{"idSuffix":"inner"}},"clearTextFirst":true,"interactionType":"ENTER_TEXT"}]}
RESULT: {}
RESULT: {"script":"<script> [776 bytes]","args":[{"enterText":"WdIOR2cEquipwbpk4","selector":{"id":"application-manageresources-display-component---newResourceUnit--resourceId","interaction":{"idSuffix":"inner"}},"clearTextFirst":true,"interactionType":"ENTER_TEXT"}]}
COMMAND: POST /session/c22d630f923eba2e6547386143a2ce98/execute/async - {"script":"<script> [1562 bytes]","args":[{"selector":{"id":"application-manageresources-display-component---newResourceUnit--SHORT_TEXT","interaction":{"idSuffix":"inner"}},"wdio_ui5_key":"applicationmanageresources-display-component---newResourceUnit--SHORT_TEXT"}]}
RESULT: {"script":"<script> [1562 bytes]","args":[{"selector":{"id":"application-manageresources-display-component---newResourceUnit--SHORT_TEXT","interaction":{"idSuffix":"inner"}},"wdio_ui5_key":"applicationmanageresources-display-component---newResourceUnit--SHORT_TEXT"}]}
RESULT: undefined
COMMAND: POST /session/c22d630f923eba2e6547386143a2ce98/execute/async - {"script":"<script> [776 bytes]","args":[{"enterText":"WdIOR2cEquipwbpk4","selector":{"id":"application-manageresources-display-component---newResourceUnit--SHORT_TEXT","interaction":{"idSuffix":"inner"}},"clearTextFirst":true,"interactionType":"ENTER_TEXT"}]}
RESULT: {"script":"<script> [776 bytes]","args":[{"enterText":"WdIOR2cEquipwbpk4","selector":{"id":"application-manageresources-display-component---newResourceUnit--SHORT_TEXT","interaction":{"idSuffix":"inner"}},"clearTextFirst":true,"interactionType":"ENTER_TEXT"}]}
COMMAND: POST /session/c22d630f923eba2e6547386143a2ce98/execute/async - {"script":"<script> [1562 bytes]","args":[{"selector":{"id":"application-manageresources-display-component---newResourceUnit--BASE_UNIT_OF_MEASURE","interaction":{"idSuffix":"inner"}},"wdio_ui5_key":"applicationmanageresources-display-component---newResourceUnit--BASE_UNIT_OF_MEASURE"}]}
RESULT: {"script":"<script> [1562 bytes]","args":[{"selector":{"id":"application-manageresources-display-component---newResourceUnit--BASE_UNIT_OF_MEASURE","interaction":{"idSuffix":"inner"}},"wdio_ui5_key":"applicationmanageresources-display-component---newResourceUnit--BASE_UNIT_OF_MEASURE"}]}
RESULT: undefined
COMMAND: POST /session/c22d630f923eba2e6547386143a2ce98/execute/async - {"script":"<script> [776 bytes]","args":[{"enterText":"Piece","selector":{"id":"application-manageresources-display-component---newResourceUnit--BASE_UNIT_OF_MEASURE","interaction":{"idSuffix":"inner"}},"clearTextFirst":true,"interactionType":"ENTER_TEXT"}]}
RESULT: {"script":"<script> [776 bytes]","args":[{"enterText":"Piece","selector":{"id":"application-manageresources-display-component---newResourceUnit--BASE_UNIT_OF_MEASURE","interaction":{"idSuffix":"inner"}},"clearTextFirst":true,"interactionType":"ENTER_TEXT"}]}
COMMAND: POST /session/c22d630f923eba2e6547386143a2ce98/execute/async - {"script":"<script> [1562 bytes]","args":[{"selector":{"id":"application-manageresources-display-component---newResourceUnit--WEIGHT_UNIT","interaction":{"idSuffix":"inner"}},"wdio_ui5_key":"applicationmanageresources-display-component---newResourceUnit--WEIGHT_UNIT"}]}
RESULT: {"script":"<script> [1562 bytes]","args":[{"selector":{"id":"application-manageresources-display-component---newResourceUnit--WEIGHT_UNIT","interaction":{"idSuffix":"inner"}},"wdio_ui5_key":"applicationmanageresources-display-component---newResourceUnit--WEIGHT_UNIT"}]}
RESULT: undefined
COMMAND: POST /session/c22d630f923eba2e6547386143a2ce98/execute/async - {"script":"<script> [776 bytes]","args":[{"enterText":"Gram","selector":{"id":"application-manageresources-display-component---newResourceUnit--WEIGHT_UNIT","interaction":{"idSuffix":"inner"}},"clearTextFirst":true,"interactionType":"ENTER_TEXT"}]}
RESULT: {"script":"<script> [776 bytes]","args":[{"enterText":"Gram","selector":{"id":"application-manageresources-display-component---newResourceUnit--WEIGHT_UNIT","interaction":{"idSuffix":"inner"}},"clearTextFirst":true,"interactionType":"ENTER_TEXT"}]}
COMMAND: POST /session/c22d630f923eba2e6547386143a2ce98/execute/async - {"script":"<script> [1562 bytes]","args":[{"selector":{"id":"application-manageresources-display-component---newResourceUnit--newRRUPage-OPHeaderContent-collapseBtn-img"},"wdio_ui5_key":"applicationmanageresources-display-component---newResourceUnit--newRRUPage-OPHeaderContent-collapseBtn-img"}]}
RESULT: {"script":"<script> [1562 bytes]","args":[{"selector":{"id":"application-manageresources-display-component---newResourceUnit--newRRUPage-OPHeaderContent-collapseBtn-img"},"wdio_ui5_key":"applicationmanageresources-display-component---newResourceUnit--newRRUPage-OPHeaderContent-collapseBtn-img"}]}
RESULT: undefined
COMMAND: POST /session/c22d630f923eba2e6547386143a2ce98/element - {"using":"xpath","value":"//*[@id=\"application-manageresources-display-component---newResourceUnit--newRRUPage-OPHeaderContent-collapseBtn-img\"]"}
RESULT: {"using":"xpath","value":"//*[@id=\"application-manageresources-display-component---newResourceUnit--newRRUPage-OPHeaderContent-collapseBtn-img\"]"}
COMMAND: POST /session/c22d630f923eba2e6547386143a2ce98/element/f.F3680679D6317BFE5C637BF81341B710.d.C58844D01D6D946871DB3CC3B6744A25.e.2465/click - {}
RESULT: {}
COMMAND: GET /session/c22d630f923eba2e6547386143a2ce98/screenshot - {}
RESULT: {}
COMMAND: POST /session/c22d630f923eba2e6547386143a2ce98/element - {"using":"xpath","value":"(//span[contains(@id ,\"application-manageresources-display-component---newResourceUnit--DIMENSION_UNIT-arrow\")])[1]"}
RESULT: {"using":"xpath","value":"(//span[contains(@id ,\"application-manageresources-display-component---newResourceUnit--DIMENSION_UNIT-arrow\")])[1]"}
COMMAND: POST /session/c22d630f923eba2e6547386143a2ce98/element/f.F3680679D6317BFE5C637BF81341B710.d.C58844D01D6D946871DB3CC3B6744A25.e.2585/click - {}
RESULT: {}
COMMAND: GET /session/c22d630f923eba2e6547386143a2ce98/screenshot - {}
RESULT: {}
COMMAND: POST /session/c22d630f923eba2e6547386143a2ce98/execute/async - {"script":"<script> [1562 bytes]","args":[{"selector":{"controlType":"sap.m.StandardListItem","viewName":"reusables.view.manageresources.NewResourceUnit","viewId":"application-manageresources-display-component---newResourceUnit","properties":{"title":"Centimeter"},"searchOpenDialogs":true,"interaction":{"idSuffix":"titleText"}},"wdio_ui5_key":"reusablesview.manageresources.NewResourceUnitsap.m.StandardListItem{\"title\":\"Centimeter\"}"}]}
RESULT: {"script":"<script> [1562 bytes]","args":[{"selector":{"controlType":"sap.m.StandardListItem","viewName":"reusables.view.manageresources.NewResourceUnit","viewId":"application-manageresources-display-component---newResourceUnit","properties":{"title":"Centimeter"},"searchOpenDialogs":true,"interaction":{"idSuffix":"titleText"}},"wdio_ui5_key":"reusablesview.manageresources.NewResourceUnitsap.m.StandardListItem{\"title\":\"Centimeter\"}"}]}
RESULT: undefined
COMMAND: POST /session/c22d630f923eba2e6547386143a2ce98/element - {"using":"xpath","value":"//*[@id=\"__item874\"]"}
RESULT: {"using":"xpath","value":"//*[@id=\"__item874\"]"}
COMMAND: POST /session/c22d630f923eba2e6547386143a2ce98/element/f.F3680679D6317BFE5C637BF81341B710.d.C58844D01D6D946871DB3CC3B6744A25.e.2589/click - {}
RESULT: {}
COMMAND: GET /session/c22d630f923eba2e6547386143a2ce98/screenshot - {}
RESULT: {}
COMMAND: POST /session/c22d630f923eba2e6547386143a2ce98/execute/async - {"script":"<script> [1562 bytes]","args":[{"selector":{"id":"application-manageresources-display-component---newResourceUnit--newRRUPage-anchBar-application-manageresources-display-component---newResourceUnit--control-anchor","interaction":{"idSuffix":"BDI-content"}},"wdio_ui5_key":"applicationmanageresources-display-component---newResourceUnit--newRRUPage-anchBar-application-manageresources-display-component---newResourceUnit--control-anchor"}]}
RESULT: {"script":"<script> [1562 bytes]","args":[{"selector":{"id":"application-manageresources-display-component---newResourceUnit--newRRUPage-anchBar-application-manageresources-display-component---newResourceUnit--control-anchor","interaction":{"idSuffix":"BDI-content"}},"wdio_ui5_key":"applicationmanageresources-display-component---newResourceUnit--newRRUPage-anchBar-application-manageresources-display-component---newResourceUnit--control-anchor"}]}
RESULT: undefined
COMMAND: POST /session/c22d630f923eba2e6547386143a2ce98/element - {"using":"xpath","value":"//*[@id=\"application-manageresources-display-component---newResourceUnit--newRRUPage-anchBar-application-manageresources-display-component---newResourceUnit--control-anchor\"]"}
RESULT: {"using":"xpath","value":"//*[@id=\"application-manageresources-display-component---newResourceUnit--newRRUPage-anchBar-application-manageresources-display-component---newResourceUnit--control-anchor\"]"}
COMMAND: POST /session/c22d630f923eba2e6547386143a2ce98/element/f.F3680679D6317BFE5C637BF81341B710.d.C58844D01D6D946871DB3CC3B6744A25.e.2591/click - {}
RESULT: {}
COMMAND: POST /session/c22d630f923eba2e6547386143a2ce98/execute/async - {"script":"<script> [1562 bytes]","args":[{"selector":{"id":"application-manageresources-display-component---newResourceUnit--PLANNING_GROUP","interaction":{"idSuffix":"inner"}},"wdio_ui5_key":"applicationmanageresources-display-component---newResourceUnit--PLANNING_GROUP"}]}
COMMAND: GET /session/c22d630f923eba2e6547386143a2ce98/screenshot - {}
RESULT: {"script":"<script> [1562 bytes]","args":[{"selector":{"id":"application-manageresources-display-component---newResourceUnit--PLANNING_GROUP","interaction":{"idSuffix":"inner"}},"wdio_ui5_key":"applicationmanageresources-display-component---newResourceUnit--PLANNING_GROUP"}]}
RESULT: undefined
COMMAND: POST /session/c22d630f923eba2e6547386143a2ce98/execute/async - {"script":"<script> [776 bytes]","args":[{"enterText":"Heavy Equi","selector":{"id":"application-manageresources-display-component---newResourceUnit--PLANNING_GROUP","interaction":{"idSuffix":"inner"}},"clearTextFirst":true,"interactionType":"ENTER_TEXT"}]}
RESULT: {}
RESULT: {"script":"<script> [776 bytes]","args":[{"enterText":"Heavy Equi","selector":{"id":"application-manageresources-display-component---newResourceUnit--PLANNING_GROUP","interaction":{"idSuffix":"inner"}},"clearTextFirst":true,"interactionType":"ENTER_TEXT"}]}
COMMAND: POST /session/c22d630f923eba2e6547386143a2ce98/execute/async - {"script":"<script> [1562 bytes]","args":[{"selector":{"id":"application-manageresources-display-component---newResourceUnit--ITEM_TYPE-arrow"},"wdio_ui5_key":"applicationmanageresources-display-component---newResourceUnit--ITEM_TYPE-arrow"}]}
RESULT: {"script":"<script> [1562 bytes]","args":[{"selector":{"id":"application-manageresources-display-component---newResourceUnit--ITEM_TYPE-arrow"},"wdio_ui5_key":"applicationmanageresources-display-component---newResourceUnit--ITEM_TYPE-arrow"}]}
RESULT: undefined
COMMAND: POST /session/c22d630f923eba2e6547386143a2ce98/element - {"using":"xpath","value":"//*[@id=\"application-manageresources-display-component---newResourceUnit--ITEM_TYPE-arrow\"]"}
RESULT: {"using":"xpath","value":"//*[@id=\"application-manageresources-display-component---newResourceUnit--ITEM_TYPE-arrow\"]"}
COMMAND: POST /session/c22d630f923eba2e6547386143a2ce98/element/f.F3680679D6317BFE5C637BF81341B710.d.C58844D01D6D946871DB3CC3B6744A25.e.2596/click - {}
RESULT: {}
COMMAND: POST /session/c22d630f923eba2e6547386143a2ce98/execute/async - {"script":"<script> [1562 bytes]","args":[{"selector":{"controlType":"sap.m.StandardListItem","viewName":"reusables.view.manageresources.NewResourceUnit","viewId":"application-manageresources-display-component---newResourceUnit","properties":{"title":"Resource Unit"},"searchOpenDialogs":true,"interaction":{"idSuffix":"titleText"}},"wdio_ui5_key":"reusablesview.manageresources.NewResourceUnitsap.m.StandardListItem{\"title\":\"Resource Unit\"}"}]}
COMMAND: GET /session/c22d630f923eba2e6547386143a2ce98/screenshot - {}
RESULT: {"script":"<script> [1562 bytes]","args":[{"selector":{"controlType":"sap.m.StandardListItem","viewName":"reusables.view.manageresources.NewResourceUnit","viewId":"application-manageresources-display-component---newResourceUnit","properties":{"title":"Resource Unit"},"searchOpenDialogs":true,"interaction":{"idSuffix":"titleText"}},"wdio_ui5_key":"reusablesview.manageresources.NewResourceUnitsap.m.StandardListItem{\"title\":\"Resource Unit\"}"}]}
RESULT: undefined
COMMAND: POST /session/c22d630f923eba2e6547386143a2ce98/element - {"using":"xpath","value":"//*[@id=\"__item896\"]"}
RESULT: {}
RESULT: {"using":"xpath","value":"//*[@id=\"__item896\"]"}
COMMAND: POST /session/c22d630f923eba2e6547386143a2ce98/element/f.F3680679D6317BFE5C637BF81341B710.d.C58844D01D6D946871DB3CC3B6744A25.e.2598/click - {}
RESULT: {}
COMMAND: POST /session/c22d630f923eba2e6547386143a2ce98/element - {"using":"xpath","value":"//bdi[contains(text(), \"Time Segment\")]"}
COMMAND: GET /session/c22d630f923eba2e6547386143a2ce98/screenshot - {}
RESULT: {"using":"xpath","value":"//bdi[contains(text(), \"Time Segment\")]"}
COMMAND: GET /session/c22d630f923eba2e6547386143a2ce98/element/f.F3680679D6317BFE5C637BF81341B710.d.C58844D01D6D946871DB3CC3B6744A25.e.2599/rect - {}
RESULT: {}
RESULT: {}
COMMAND: GET /session/c22d630f923eba2e6547386143a2ce98/window/rect - {}
RESULT: {}
COMMAND: POST /session/c22d630f923eba2e6547386143a2ce98/execute/sync - {"script":"<script> [92 bytes]","args":[]}
RESULT: {"script":"<script> [92 bytes]","args":[]}
COMMAND: POST /session/c22d630f923eba2e6547386143a2ce98/actions - {"actions":[{"id":"action11","type":"wheel","parameters":{},"actions":[{"type":"scroll","x":-1820,"y":-21,"deltaX":0,"deltaY":0,"duration":0,"origin":{"element-6066-11e4-a52e-4f735466cecf":"f.F3680679D6317BFE5C637BF81341B710.d.C58844D01D6D946871DB3CC3B6744A25.e.2599"}}]}]}
COMMAND: GET /session/c22d630f923eba2e6547386143a2ce98/screenshot - {}
RESULT: {}
COMMAND: POST /session/c22d630f923eba2e6547386143a2ce98/execute/sync - {"script":"<script> [79 bytes]","args":[{"element-6066-11e4-a52e-4f735466cecf":"f.F3680679D6317BFE5C637BF81341B710.d.C58844D01D6D946871DB3CC3B6744A25.e.2599","ELEMENT":"f.F3680679D6317BFE5C637BF81341B710.d.C58844D01D6D946871DB3CC3B6744A25.e.2599"},{"block":"start","inline":"nearest"}]}
RESULT: {"script":"<script> [79 bytes]","args":[{"element-6066-11e4-a52e-4f735466cecf":"f.F3680679D6317BFE5C637BF81341B710.d.C58844D01D6D946871DB3CC3B6744A25.e.2599","ELEMENT":"f.F3680679D6317BFE5C637BF81341B710.d.C58844D01D6D946871DB3CC3B6744A25.e.2599"},{"block":"start","inline":"nearest"}]}
COMMAND: POST /session/c22d630f923eba2e6547386143a2ce98/execute/async - {"script":"<script> [1562 bytes]","args":[{"selector":{"id":"application-manageresources-display-component---newResourceUnit--btnAddTimeSegment-img"},"wdio_ui5_key":"applicationmanageresources-display-component---newResourceUnit--btnAddTimeSegment-img"}]}
COMMAND: GET /session/c22d630f923eba2e6547386143a2ce98/screenshot - {}
RESULT: {"script":"<script> [1562 bytes]","args":[{"selector":{"id":"application-manageresources-display-component---newResourceUnit--btnAddTimeSegment-img"},"wdio_ui5_key":"applicationmanageresources-display-component---newResourceUnit--btnAddTimeSegment-img"}]}
RESULT: undefined
COMMAND: POST /session/c22d630f923eba2e6547386143a2ce98/element - {"using":"xpath","value":"//*[@id=\"application-manageresources-display-component---newResourceUnit--btnAddTimeSegment-img\"]"}
RESULT: {}
RESULT: {"using":"xpath","value":"//*[@id=\"application-manageresources-display-component---newResourceUnit--btnAddTimeSegment-img\"]"}
COMMAND: POST /session/c22d630f923eba2e6547386143a2ce98/element/f.F3680679D6317BFE5C637BF81341B710.d.C58844D01D6D946871DB3CC3B6744A25.e.2602/click - {}
RESULT: {}
COMMAND: GET /session/c22d630f923eba2e6547386143a2ce98/screenshot - {}
RESULT: {}
COMMAND: POST /session/c22d630f923eba2e6547386143a2ce98/element - {"using":"xpath","value":"//input[@id=\"application-manageresources-display-component---newResourceUnit--idRuTSAdmin-application-manageresources-display-component---newResourceUnit--RUTimeSegment-0-inner\"]"}
RESULT: {"using":"xpath","value":"//input[@id=\"application-manageresources-display-component---newResourceUnit--idRuTSAdmin-application-manageresources-display-component---newResourceUnit--RUTimeSegment-0-inner\"]"}
COMMAND: POST /session/c22d630f923eba2e6547386143a2ce98/element/f.F3680679D6317BFE5C637BF81341B710.d.C58844D01D6D946871DB3CC3B6744A25.e.2606/clear - {}
RESULT: {}
COMMAND: POST /session/c22d630f923eba2e6547386143a2ce98/element/f.F3680679D6317BFE5C637BF81341B710.d.C58844D01D6D946871DB3CC3B6744A25.e.2606/value - {"text":"webdriveryard"}
COMMAND: GET /session/c22d630f923eba2e6547386143a2ce98/screenshot - {}
RESULT: {"text":"webdriveryard"}
COMMAND: GET /session/c22d630f923eba2e6547386143a2ce98/screenshot - {}
RESULT: {}
RESULT: {}
COMMAND: POST /session/c22d630f923eba2e6547386143a2ce98/actions - {"actions":[{"id":"action12","type":"key","parameters":{},"actions":[{"type":"keyDown","value":"î€‡"},{"type":"pause","duration":10},{"type":"keyUp","value":"î€‡"}]}]}
RESULT: {"actions":[{"id":"action12","type":"key","parameters":{},"actions":[{"type":"keyDown","value":"î€‡"},{"type":"pause","duration":10},{"type":"keyUp","value":"î€‡"}]}]}
COMMAND: POST /session/c22d630f923eba2e6547386143a2ce98/execute/async - {"script":"<script> [1562 bytes]","args":[{"selector":{"controlType":"sap.ui.core.Icon","viewName":"reusables.view.manageresources.NewResourceUnit","viewId":"application-manageresources-display-component---newResourceUnit","properties":{"src":{"regex":{"source":"slim\\-arrow\\-down"}}},"ancestor":{"controlType":"sap.m.ComboBox","viewName":"reusables.view.manageresources.NewResourceUnit","viewId":"application-manageresources-display-component---newResourceUnit","bindingPath":{"path":"/RESOURCE_UNIT_TIME_SEQUENCES/0","propertyPath":"COST_OBJECT_ADMIN_CST_TYPE","modelName":"oNewRruModel"}}},"wdio_ui5_key":"reusablesview.manageresources.NewResourceUnitsap.ui.core.Icon{\"src\":{\"regex\":{\"source\":\"slim\\\\-arrow\\\\-down\"}}}{\"controlType\":\"sap.m.ComboBox\",\"viewName\":\"reusables.view.manageresources.NewResourceUnit\",\"viewId\":\"application-manageresources-display-component---newResourceUnit\",\"bindingPath\":{\"path\":\"/RESOURCE_UNIT_TIME_SEQUENCES/0\",\"propertyPath\":\"COST_OBJECT_ADMIN_CST_TYPE\",\"modelName\":\"oNewRruModel\"}}"}]}
COMMAND: GET /session/c22d630f923eba2e6547386143a2ce98/screenshot - {}
RESULT: {"script":"<script> [1562 bytes]","args":[{"selector":{"controlType":"sap.ui.core.Icon","viewName":"reusables.view.manageresources.NewResourceUnit","viewId":"application-manageresources-display-component---newResourceUnit","properties":{"src":{"regex":{"source":"slim\\-arrow\\-down"}}},"ancestor":{"controlType":"sap.m.ComboBox","viewName":"reusables.view.manageresources.NewResourceUnit","viewId":"application-manageresources-display-component---newResourceUnit","bindingPath":{"path":"/RESOURCE_UNIT_TIME_SEQUENCES/0","propertyPath":"COST_OBJECT_ADMIN_CST_TYPE","modelName":"oNewRruModel"}}},"wdio_ui5_key":"reusablesview.manageresources.NewResourceUnitsap.ui.core.Icon{\"src\":{\"regex\":{\"source\":\"slim\\\\-arrow\\\\-down\"}}}{\"controlType\":\"sap.m.ComboBox\",\"viewName\":\"reusables.view.manageresources.NewResourceUnit\",\"viewId\":\"application-manageresources-display-component---newResourceUnit\",\"bindingPath\":{\"path\":\"/RESOURCE_UNIT_TIME_SEQUENCES/0\",\"propertyPath\":\"COST_OBJECT_ADMIN_CST_TYPE\",\"modelName\":\"oNewRruModel\"}}"}]}
RESULT: undefined
COMMAND: POST /session/c22d630f923eba2e6547386143a2ce98/element - {"using":"xpath","value":"//*[@id=\"__box58-application-manageresources-display-component---newResourceUnit--RUTimeSegment-0-arrow\"]"}
RESULT: {}
RESULT: {"using":"xpath","value":"//*[@id=\"__box58-application-manageresources-display-component---newResourceUnit--RUTimeSegment-0-arrow\"]"}
COMMAND: POST /session/c22d630f923eba2e6547386143a2ce98/element/f.F3680679D6317BFE5C637BF81341B710.d.C58844D01D6D946871DB3CC3B6744A25.e.2618/click - {}
RESULT: {}
COMMAND: POST /session/c22d630f923eba2e6547386143a2ce98/execute/async - {"script":"<script> [1562 bytes]","args":[{"selector":{"controlType":"sap.m.StandardListItem","viewName":"reusables.view.manageresources.NewResourceUnit","viewId":"application-manageresources-display-component---newResourceUnit","properties":{"title":"PM Order"},"searchOpenDialogs":true,"interaction":{"idSuffix":"titleText"}},"wdio_ui5_key":"reusablesview.manageresources.NewResourceUnitsap.m.StandardListItem{\"title\":\"PM Order\"}"}]}
COMMAND: GET /session/c22d630f923eba2e6547386143a2ce98/screenshot - {}
RESULT: {"script":"<script> [1562 bytes]","args":[{"selector":{"controlType":"sap.m.StandardListItem","viewName":"reusables.view.manageresources.NewResourceUnit","viewId":"application-manageresources-display-component---newResourceUnit","properties":{"title":"PM Order"},"searchOpenDialogs":true,"interaction":{"idSuffix":"titleText"}},"wdio_ui5_key":"reusablesview.manageresources.NewResourceUnitsap.m.StandardListItem{\"title\":\"PM Order\"}"}]}
RESULT: undefined
COMMAND: POST /session/c22d630f923eba2e6547386143a2ce98/element - {"using":"xpath","value":"//*[@id=\"__item997\"]"}
RESULT: {}
RESULT: {"using":"xpath","value":"//*[@id=\"__item997\"]"}
COMMAND: POST /session/c22d630f923eba2e6547386143a2ce98/element/f.F3680679D6317BFE5C637BF81341B710.d.C58844D01D6D946871DB3CC3B6744A25.e.2622/click - {}
RESULT: {}
COMMAND: GET /session/c22d630f923eba2e6547386143a2ce98/screenshot - {}
RESULT: {}
COMMAND: POST /session/c22d630f923eba2e6547386143a2ce98/element - {"using":"xpath","value":"(//input[contains(@id ,\"-application-manageresources-display-component---newResourceUnit--RUTimeSegment-0-inner\")])[8]"}
RESULT: {"using":"xpath","value":"(//input[contains(@id ,\"-application-manageresources-display-component---newResourceUnit--RUTimeSegment-0-inner\")])[8]"}
COMMAND: POST /session/c22d630f923eba2e6547386143a2ce98/element/f.F3680679D6317BFE5C637BF81341B710.d.C58844D01D6D946871DB3CC3B6744A25.e.2625/clear - {}
RESULT: {}
COMMAND: POST /session/c22d630f923eba2e6547386143a2ce98/element/f.F3680679D6317BFE5C637BF81341B710.d.C58844D01D6D946871DB3CC3B6744A25.e.2625/value - {"text":"4000360"}
COMMAND: GET /session/c22d630f923eba2e6547386143a2ce98/screenshot - {}
RESULT: {"text":"4000360"}
COMMAND: GET /session/c22d630f923eba2e6547386143a2ce98/screenshot - {}
RESULT: {}
RESULT: {}
COMMAND: POST /session/c22d630f923eba2e6547386143a2ce98/actions - {"actions":[{"id":"action13","type":"key","parameters":{},"actions":[{"type":"keyDown","value":"î€‡"},{"type":"pause","duration":10},{"type":"keyUp","value":"î€‡"}]}]}
RESULT: {"actions":[{"id":"action13","type":"key","parameters":{},"actions":[{"type":"keyDown","value":"î€‡"},{"type":"pause","duration":10},{"type":"keyUp","value":"î€‡"}]}]}
COMMAND: GET /session/c22d630f923eba2e6547386143a2ce98/screenshot - {}
RESULT: {}
COMMAND: POST /session/c22d630f923eba2e6547386143a2ce98/element - {"using":"xpath","value":"//input[contains(@id ,\"application-manageresources-display-component---newResourceUnit--newTimeSegmentFromDatePicker-application-manageresources-display-component---newResourceUnit--RUTimeSegment-0-inner\")]"}
RESULT: {"using":"xpath","value":"//input[contains(@id ,\"application-manageresources-display-component---newResourceUnit--newTimeSegmentFromDatePicker-application-manageresources-display-component---newResourceUnit--RUTimeSegment-0-inner\")]"}
COMMAND: POST /session/c22d630f923eba2e6547386143a2ce98/element/f.F3680679D6317BFE5C637BF81341B710.d.C58844D01D6D946871DB3CC3B6744A25.e.2613/clear - {}
RESULT: {}
COMMAND: POST /session/c22d630f923eba2e6547386143a2ce98/element/f.F3680679D6317BFE5C637BF81341B710.d.C58844D01D6D946871DB3CC3B6744A25.e.2613/clear - {}
COMMAND: GET /session/c22d630f923eba2e6547386143a2ce98/screenshot - {}
RESULT: {}
COMMAND: POST /session/c22d630f923eba2e6547386143a2ce98/element/f.F3680679D6317BFE5C637BF81341B710.d.C58844D01D6D946871DB3CC3B6744A25.e.2613/value - {"text":"06/13/24"}
COMMAND: GET /session/c22d630f923eba2e6547386143a2ce98/screenshot - {}
RESULT: {}
RESULT: {"text":"06/13/24"}
COMMAND: POST /session/c22d630f923eba2e6547386143a2ce98/execute/async - {"script":"<script> [1562 bytes]","args":[{"selector":{"id":"application-manageresources-display-component---newResourceUnit--newRRUPage-anchBar-application-manageresources-display-component---newResourceUnit--resource-anchor","interaction":{"idSuffix":"BDI-content"}},"wdio_ui5_key":"applicationmanageresources-display-component---newResourceUnit--newRRUPage-anchBar-application-manageresources-display-component---newResourceUnit--resource-anchor"}]}
COMMAND: GET /session/c22d630f923eba2e6547386143a2ce98/screenshot - {}
RESULT: {}
RESULT: {"script":"<script> [1562 bytes]","args":[{"selector":{"id":"application-manageresources-display-component---newResourceUnit--newRRUPage-anchBar-application-manageresources-display-component---newResourceUnit--resource-anchor","interaction":{"idSuffix":"BDI-content"}},"wdio_ui5_key":"applicationmanageresources-display-component---newResourceUnit--newRRUPage-anchBar-application-manageresources-display-component---newResourceUnit--resource-anchor"}]}
RESULT: undefined
COMMAND: POST /session/c22d630f923eba2e6547386143a2ce98/element - {"using":"xpath","value":"//*[@id=\"application-manageresources-display-component---newResourceUnit--newRRUPage-anchBar-application-manageresources-display-component---newResourceUnit--resource-anchor\"]"}
RESULT: {}
RESULT: {"using":"xpath","value":"//*[@id=\"application-manageresources-display-component---newResourceUnit--newRRUPage-anchBar-application-manageresources-display-component---newResourceUnit--resource-anchor\"]"}
COMMAND: POST /session/c22d630f923eba2e6547386143a2ce98/element/f.F3680679D6317BFE5C637BF81341B710.d.C58844D01D6D946871DB3CC3B6744A25.e.2646/click - {}
RESULT: {}
COMMAND: POST /session/c22d630f923eba2e6547386143a2ce98/execute/async - {"script":"<script> [1562 bytes]","args":[{"selector":{"id":"application-manageresources-display-component---newResourceUnit--PLANNED_DELIVERY_DATE","interaction":{"idSuffix":"inner"}},"wdio_ui5_key":"applicationmanageresources-display-component---newResourceUnit--PLANNED_DELIVERY_DATE"}]}
COMMAND: GET /session/c22d630f923eba2e6547386143a2ce98/screenshot - {}
RESULT: {"script":"<script> [1562 bytes]","args":[{"selector":{"id":"application-manageresources-display-component---newResourceUnit--PLANNED_DELIVERY_DATE","interaction":{"idSuffix":"inner"}},"wdio_ui5_key":"applicationmanageresources-display-component---newResourceUnit--PLANNED_DELIVERY_DATE"}]}
RESULT: undefined
COMMAND: POST /session/c22d630f923eba2e6547386143a2ce98/execute/async - {"script":"<script> [6424 bytes]","args":[{"element-6066-11e4-a52e-4f735466cecf":"f.F3680679D6317BFE5C637BF81341B710.d.C58844D01D6D946871DB3CC3B6744A25.e.2510"},"setValue",["06/13/24"]]}
RESULT: {}
RESULT: {"script":"<script> [6424 bytes]","args":[{"element-6066-11e4-a52e-4f735466cecf":"f.F3680679D6317BFE5C637BF81341B710.d.C58844D01D6D946871DB3CC3B6744A25.e.2510"},"setValue",["06/13/24"]]}
COMMAND: POST /session/c22d630f923eba2e6547386143a2ce98/execute/async - {"script":"<script> [1562 bytes]","args":[{"selector":{"id":"application-manageresources-display-component---newResourceUnit--RETIRE_PLANNED_DATE","interaction":{"idSuffix":"inner"}},"wdio_ui5_key":"applicationmanageresources-display-component---newResourceUnit--RETIRE_PLANNED_DATE"}]}
RESULT: {"script":"<script> [1562 bytes]","args":[{"selector":{"id":"application-manageresources-display-component---newResourceUnit--RETIRE_PLANNED_DATE","interaction":{"idSuffix":"inner"}},"wdio_ui5_key":"applicationmanageresources-display-component---newResourceUnit--RETIRE_PLANNED_DATE"}]}
RESULT: undefined
COMMAND: POST /session/c22d630f923eba2e6547386143a2ce98/execute/async - {"script":"<script> [776 bytes]","args":[{"enterText":"3/14/29","selector":{"id":"application-manageresources-display-component---newResourceUnit--RETIRE_PLANNED_DATE","interaction":{"idSuffix":"inner"}},"clearTextFirst":true,"interactionType":"ENTER_TEXT"}]}
RESULT: {"script":"<script> [776 bytes]","args":[{"enterText":"3/14/29","selector":{"id":"application-manageresources-display-component---newResourceUnit--RETIRE_PLANNED_DATE","interaction":{"idSuffix":"inner"}},"clearTextFirst":true,"interactionType":"ENTER_TEXT"}]}
COMMAND: POST /session/c22d630f923eba2e6547386143a2ce98/execute/async - {"script":"<script> [1562 bytes]","args":[{"selector":{"controlType":"sap.m.Button","viewName":"reusables.view.manageresources.NewResourceUnit","viewId":"application-manageresources-display-component---newResourceUnit","i18NText":{"propertyName":"tooltip","key":"save"},"interaction":{"idSuffix":"BDI-content"}},"wdio_ui5_key":"reusablesview.manageresources.NewResourceUnitsap.m.Button{\"propertyName\":\"tooltip\",\"key\":\"save\"}"}]}
RESULT: {"script":"<script> [1562 bytes]","args":[{"selector":{"controlType":"sap.m.Button","viewName":"reusables.view.manageresources.NewResourceUnit","viewId":"application-manageresources-display-component---newResourceUnit","i18NText":{"propertyName":"tooltip","key":"save"},"interaction":{"idSuffix":"BDI-content"}},"wdio_ui5_key":"reusablesview.manageresources.NewResourceUnitsap.m.Button{\"propertyName\":\"tooltip\",\"key\":\"save\"}"}]}
RESULT: undefined
COMMAND: POST /session/c22d630f923eba2e6547386143a2ce98/element - {"using":"xpath","value":"//*[@id=\"application-manageresources-display-component---newResourceUnit--createRuButton\"]"}
RESULT: {"using":"xpath","value":"//*[@id=\"application-manageresources-display-component---newResourceUnit--createRuButton\"]"}
COMMAND: POST /session/c22d630f923eba2e6547386143a2ce98/element/f.F3680679D6317BFE5C637BF81341B710.d.C58844D01D6D946871DB3CC3B6744A25.e.2471/click - {}
RESULT: {}
COMMAND: GET /session/c22d630f923eba2e6547386143a2ce98/screenshot - {}
RESULT: {}
COMMAND: POST /session/c22d630f923eba2e6547386143a2ce98/execute/async - {"script":"<script> [1562 bytes]","args":[{"selector":{"controlType":"sap.m.Button","properties":{"text":"Close"},"searchOpenDialogs":true,"interaction":{"idSuffix":"inner"}},"wdio_ui5_key":"sapm.Button{\"text\":\"Close\"}"}]}
RESULT: {"script":"<script> [1562 bytes]","args":[{"selector":{"controlType":"sap.m.Button","properties":{"text":"Close"},"searchOpenDialogs":true,"interaction":{"idSuffix":"inner"}},"wdio_ui5_key":"sapm.Button{\"text\":\"Close\"}"}]}
RESULT: undefined
COMMAND: POST /session/c22d630f923eba2e6547386143a2ce98/element - {"using":"xpath","value":"//*[@id=\"__mbox-btn-0\"]"}
RESULT: {"using":"xpath","value":"//*[@id=\"__mbox-btn-0\"]"}
COMMAND: POST /session/c22d630f923eba2e6547386143a2ce98/element/f.F3680679D6317BFE5C637BF81341B710.d.C58844D01D6D946871DB3CC3B6744A25.e.2656/click - {}
RESULT: {}
COMMAND: GET /session/c22d630f923eba2e6547386143a2ce98/screenshot - {}
COMMAND: POST /session/c22d630f923eba2e6547386143a2ce98/execute/async - {"script":"<script> [1562 bytes]","args":[{"selector":{"controlType":"sap.m.Text","viewName":"etm.portal.ui.manageresources.view.Detail","viewId":"application-manageresources-display-component---detailRU","bindingPath":{"propertyPath":"ID","modelName":"catalogModel"}},"wdio_ui5_key":"etmportal.ui.manageresources.view.Detailsap.m.Text{\"propertyPath\":\"ID\",\"modelName\":\"catalogModel\"}"}]}
RESULT: {}
RESULT: {"script":"<script> [1562 bytes]","args":[{"selector":{"controlType":"sap.m.Text","viewName":"etm.portal.ui.manageresources.view.Detail","viewId":"application-manageresources-display-component---detailRU","bindingPath":{"propertyPath":"ID","modelName":"catalogModel"}},"wdio_ui5_key":"etmportal.ui.manageresources.view.Detailsap.m.Text{\"propertyPath\":\"ID\",\"modelName\":\"catalogModel\"}"}]}
RESULT: undefined
COMMAND: POST /session/c22d630f923eba2e6547386143a2ce98/execute/async - {"script":"<script> [6424 bytes]","args":[{"element-6066-11e4-a52e-4f735466cecf":"f.F3680679D6317BFE5C637BF81341B710.d.C58844D01D6D946871DB3CC3B6744A25.e.2689"},"getText",[]]}
RESULT: {"script":"<script> [6424 bytes]","args":[{"element-6066-11e4-a52e-4f735466cecf":"f.F3680679D6317BFE5C637BF81341B710.d.C58844D01D6D946871DB3CC3B6744A25.e.2689"},"getText",[]]}
COMMAND: POST /session/c22d630f923eba2e6547386143a2ce98/element - {"using":"css selector","value":"#shell-header-logo"}
RESULT: {"using":"css selector","value":"#shell-header-logo"}
COMMAND: POST /session/c22d630f923eba2e6547386143a2ce98/element/f.F3680679D6317BFE5C637BF81341B710.d.C58844D01D6D946871DB3CC3B6744A25.e.2101/click - {}
RESULT: {}
COMMAND: GET /session/c22d630f923eba2e6547386143a2ce98/screenshot - {}
RESULT: {}
]]></system-out>
    </testcase>
  </testsuite>
</testsuites>