<?xml version="1.0" encoding="UTF-8"?>
<testsuites tests="58" failures="0" errors="0" skipped="0">
  <testsuite timestamp="2025-04-23T17:13:06" time="871.931" tests="11" failures="0" errors="0" skipped="0">
    <properties>
      <property name="specId" value="0"/>
      <property name="suiteName" value="Billing confirm US117289"/>
      <property name="capabilities" value="chrome.135_0_7049_42.windows"/>
      <property name="file" value="file:///D:/a/1/s/test/specs/BTS/billing-confirm.spec.js"/>
    </properties>
    <testcase classname="chrome.135_0_7049_42.windows.Billing_confirm_US117289" name="Should create a new yard" time="92.204">
      <system-out><![CDATA[
COMMAND: POST /session/2f3a3ed30178fd4b3e43ef29d6279727/window/fullscreen - {}
RESULT: {}
COMMAND: POST /session/2f3a3ed30178fd4b3e43ef29d6279727/execute/async - {"script":"<script> [1562 bytes]","args":[{"selector":{"controlType":"sap.m.GenericTile","properties":{"header":"Manage Yards"}},"wdio_ui5_key":"sapm.GenericTile{\"header\":\"Manage Yards\"}"}]}
RESULT: {"script":"<script> [1562 bytes]","args":[{"selector":{"controlType":"sap.m.GenericTile","properties":{"header":"Manage Yards"}},"wdio_ui5_key":"sapm.GenericTile{\"header\":\"Manage Yards\"}"}]}
RESULT: undefined
COMMAND: POST /session/2f3a3ed30178fd4b3e43ef29d6279727/element - {"using":"xpath","value":"//*[@id=\"__tile41\"]"}
RESULT: {"using":"xpath","value":"//*[@id=\"__tile41\"]"}
COMMAND: POST /session/2f3a3ed30178fd4b3e43ef29d6279727/element/f.8627BF333E87AC973E299D2132D92580.d.5E86282D483D42E4682D79ACEF0DE49C.e.150/click - {}
RESULT: {}
COMMAND: POST /session/2f3a3ed30178fd4b3e43ef29d6279727/element - {"using":"xpath","value":"//button[@data-kt=\"addNewYardOverflowToolbarButton\"]"}
COMMAND: GET /session/2f3a3ed30178fd4b3e43ef29d6279727/screenshot - {}
RESULT: {"using":"xpath","value":"//button[@data-kt=\"addNewYardOverflowToolbarButton\"]"}
COMMAND: POST /session/2f3a3ed30178fd4b3e43ef29d6279727/elements - {"using":"xpath","value":"//button[@data-kt=\"addNewYardOverflowToolbarButton\"]"}
RESULT: {}
RESULT: {"using":"xpath","value":"//button[@data-kt=\"addNewYardOverflowToolbarButton\"]"}
COMMAND: POST /session/2f3a3ed30178fd4b3e43ef29d6279727/elements - {"using":"xpath","value":"//button[@data-kt=\"addNewYardOverflowToolbarButton\"]"}
RESULT: {"using":"xpath","value":"//button[@data-kt=\"addNewYardOverflowToolbarButton\"]"}
COMMAND: POST /session/2f3a3ed30178fd4b3e43ef29d6279727/elements - {"using":"xpath","value":"//button[@data-kt=\"addNewYardOverflowToolbarButton\"]"}
RESULT: {"using":"xpath","value":"//button[@data-kt=\"addNewYardOverflowToolbarButton\"]"}
COMMAND: POST /session/2f3a3ed30178fd4b3e43ef29d6279727/elements - {"using":"xpath","value":"//button[@data-kt=\"addNewYardOverflowToolbarButton\"]"}
RESULT: {"using":"xpath","value":"//button[@data-kt=\"addNewYardOverflowToolbarButton\"]"}
COMMAND: POST /session/2f3a3ed30178fd4b3e43ef29d6279727/elements - {"using":"xpath","value":"//button[@data-kt=\"addNewYardOverflowToolbarButton\"]"}
RESULT: {"using":"xpath","value":"//button[@data-kt=\"addNewYardOverflowToolbarButton\"]"}
COMMAND: POST /session/2f3a3ed30178fd4b3e43ef29d6279727/elements - {"using":"xpath","value":"//button[@data-kt=\"addNewYardOverflowToolbarButton\"]"}
RESULT: {"using":"xpath","value":"//button[@data-kt=\"addNewYardOverflowToolbarButton\"]"}
COMMAND: POST /session/2f3a3ed30178fd4b3e43ef29d6279727/elements - {"using":"xpath","value":"//button[@data-kt=\"addNewYardOverflowToolbarButton\"]"}
RESULT: {"using":"xpath","value":"//button[@data-kt=\"addNewYardOverflowToolbarButton\"]"}
COMMAND: POST /session/2f3a3ed30178fd4b3e43ef29d6279727/elements - {"using":"xpath","value":"//button[@data-kt=\"addNewYardOverflowToolbarButton\"]"}
RESULT: {"using":"xpath","value":"//button[@data-kt=\"addNewYardOverflowToolbarButton\"]"}
COMMAND: POST /session/2f3a3ed30178fd4b3e43ef29d6279727/elements - {"using":"xpath","value":"//button[@data-kt=\"addNewYardOverflowToolbarButton\"]"}
RESULT: {"using":"xpath","value":"//button[@data-kt=\"addNewYardOverflowToolbarButton\"]"}
COMMAND: POST /session/2f3a3ed30178fd4b3e43ef29d6279727/elements - {"using":"xpath","value":"//button[@data-kt=\"addNewYardOverflowToolbarButton\"]"}
RESULT: {"using":"xpath","value":"//button[@data-kt=\"addNewYardOverflowToolbarButton\"]"}
COMMAND: POST /session/2f3a3ed30178fd4b3e43ef29d6279727/elements - {"using":"xpath","value":"//button[@data-kt=\"addNewYardOverflowToolbarButton\"]"}
RESULT: {"using":"xpath","value":"//button[@data-kt=\"addNewYardOverflowToolbarButton\"]"}
COMMAND: POST /session/2f3a3ed30178fd4b3e43ef29d6279727/elements - {"using":"xpath","value":"//button[@data-kt=\"addNewYardOverflowToolbarButton\"]"}
RESULT: {"using":"xpath","value":"//button[@data-kt=\"addNewYardOverflowToolbarButton\"]"}
COMMAND: POST /session/2f3a3ed30178fd4b3e43ef29d6279727/elements - {"using":"xpath","value":"//button[@data-kt=\"addNewYardOverflowToolbarButton\"]"}
RESULT: {"using":"xpath","value":"//button[@data-kt=\"addNewYardOverflowToolbarButton\"]"}
COMMAND: POST /session/2f3a3ed30178fd4b3e43ef29d6279727/elements - {"using":"xpath","value":"//button[@data-kt=\"addNewYardOverflowToolbarButton\"]"}
RESULT: {"using":"xpath","value":"//button[@data-kt=\"addNewYardOverflowToolbarButton\"]"}
COMMAND: POST /session/2f3a3ed30178fd4b3e43ef29d6279727/elements - {"using":"xpath","value":"//button[@data-kt=\"addNewYardOverflowToolbarButton\"]"}
RESULT: {"using":"xpath","value":"//button[@data-kt=\"addNewYardOverflowToolbarButton\"]"}
COMMAND: POST /session/2f3a3ed30178fd4b3e43ef29d6279727/elements - {"using":"xpath","value":"//button[@data-kt=\"addNewYardOverflowToolbarButton\"]"}
RESULT: {"using":"xpath","value":"//button[@data-kt=\"addNewYardOverflowToolbarButton\"]"}
COMMAND: POST /session/2f3a3ed30178fd4b3e43ef29d6279727/elements - {"using":"xpath","value":"//button[@data-kt=\"addNewYardOverflowToolbarButton\"]"}
RESULT: {"using":"xpath","value":"//button[@data-kt=\"addNewYardOverflowToolbarButton\"]"}
COMMAND: POST /session/2f3a3ed30178fd4b3e43ef29d6279727/elements - {"using":"xpath","value":"//button[@data-kt=\"addNewYardOverflowToolbarButton\"]"}
RESULT: {"using":"xpath","value":"//button[@data-kt=\"addNewYardOverflowToolbarButton\"]"}
COMMAND: POST /session/2f3a3ed30178fd4b3e43ef29d6279727/element - {"using":"xpath","value":"//button[@data-kt=\"addNewYardOverflowToolbarButton\"]"}
RESULT: {"using":"xpath","value":"//button[@data-kt=\"addNewYardOverflowToolbarButton\"]"}
COMMAND: POST /session/2f3a3ed30178fd4b3e43ef29d6279727/execute/sync - {"script":"<script> [8489 bytes]","args":[{"element-6066-11e4-a52e-4f735466cecf":"f.8627BF333E87AC973E299D2132D92580.d.5E86282D483D42E4682D79ACEF0DE49C.e.283","ELEMENT":"f.8627BF333E87AC973E299D2132D92580.d.5E86282D483D42E4682D79ACEF0DE49C.e.283"}]}
RESULT: {"script":"<script> [8489 bytes]","args":[{"element-6066-11e4-a52e-4f735466cecf":"f.8627BF333E87AC973E299D2132D92580.d.5E86282D483D42E4682D79ACEF0DE49C.e.283","ELEMENT":"f.8627BF333E87AC973E299D2132D92580.d.5E86282D483D42E4682D79ACEF0DE49C.e.283"}]}
COMMAND: GET /session/2f3a3ed30178fd4b3e43ef29d6279727/element/f.8627BF333E87AC973E299D2132D92580.d.5E86282D483D42E4682D79ACEF0DE49C.e.283/enabled - {}
COMMAND: GET /session/2f3a3ed30178fd4b3e43ef29d6279727/screenshot - {}
RESULT: {}
COMMAND: POST /session/2f3a3ed30178fd4b3e43ef29d6279727/execute/sync - {"script":"<script> [8489 bytes]","args":[{"element-6066-11e4-a52e-4f735466cecf":"f.8627BF333E87AC973E299D2132D92580.d.5E86282D483D42E4682D79ACEF0DE49C.e.283","ELEMENT":"f.8627BF333E87AC973E299D2132D92580.d.5E86282D483D42E4682D79ACEF0DE49C.e.283"}]}
COMMAND: GET /session/2f3a3ed30178fd4b3e43ef29d6279727/screenshot - {}
RESULT: {}
RESULT: {"script":"<script> [8489 bytes]","args":[{"element-6066-11e4-a52e-4f735466cecf":"f.8627BF333E87AC973E299D2132D92580.d.5E86282D483D42E4682D79ACEF0DE49C.e.283","ELEMENT":"f.8627BF333E87AC973E299D2132D92580.d.5E86282D483D42E4682D79ACEF0DE49C.e.283"}]}
COMMAND: POST /session/2f3a3ed30178fd4b3e43ef29d6279727/execute/sync - {"script":"<script> [5351 bytes]","args":[{"element-6066-11e4-a52e-4f735466cecf":"f.8627BF333E87AC973E299D2132D92580.d.5E86282D483D42E4682D79ACEF0DE49C.e.283","ELEMENT":"f.8627BF333E87AC973E299D2132D92580.d.5E86282D483D42E4682D79ACEF0DE49C.e.283"}]}
COMMAND: GET /session/2f3a3ed30178fd4b3e43ef29d6279727/screenshot - {}
RESULT: {}
RESULT: {"script":"<script> [5351 bytes]","args":[{"element-6066-11e4-a52e-4f735466cecf":"f.8627BF333E87AC973E299D2132D92580.d.5E86282D483D42E4682D79ACEF0DE49C.e.283","ELEMENT":"f.8627BF333E87AC973E299D2132D92580.d.5E86282D483D42E4682D79ACEF0DE49C.e.283"}]}
COMMAND: POST /session/2f3a3ed30178fd4b3e43ef29d6279727/element/f.8627BF333E87AC973E299D2132D92580.d.5E86282D483D42E4682D79ACEF0DE49C.e.283/click - {}
COMMAND: GET /session/2f3a3ed30178fd4b3e43ef29d6279727/screenshot - {}
RESULT: {}
RESULT: {}
COMMAND: GET /session/2f3a3ed30178fd4b3e43ef29d6279727/screenshot - {}
COMMAND: POST /session/2f3a3ed30178fd4b3e43ef29d6279727/element - {"using":"xpath","value":"//input[@id=\"application-manageyards-display-component---NewYard--yardId-inner\"]"}
RESULT: {}
RESULT: {}
RESULT: {"using":"xpath","value":"//input[@id=\"application-manageyards-display-component---NewYard--yardId-inner\"]"}
COMMAND: POST /session/2f3a3ed30178fd4b3e43ef29d6279727/element - {"using":"xpath","value":"//input[@id=\"application-manageyards-display-component---NewYard--yardId-inner\"]"}
RESULT: {"using":"xpath","value":"//input[@id=\"application-manageyards-display-component---NewYard--yardId-inner\"]"}
COMMAND: POST /session/2f3a3ed30178fd4b3e43ef29d6279727/execute/async - {"script":"<script> [1562 bytes]","args":[{"selector":{"id":"application-manageyards-display-component---NewYard--addressDetailDetailsName1","interaction":{"idSuffix":"inner"}},"wdio_ui5_key":"applicationmanageyards-display-component---NewYard--addressDetailDetailsName1"}]}
RESULT: {"script":"<script> [1562 bytes]","args":[{"selector":{"id":"application-manageyards-display-component---NewYard--addressDetailDetailsName1","interaction":{"idSuffix":"inner"}},"wdio_ui5_key":"applicationmanageyards-display-component---NewYard--addressDetailDetailsName1"}]}
RESULT: undefined
COMMAND: POST /session/2f3a3ed30178fd4b3e43ef29d6279727/execute/async - {"script":"<script> [776 bytes]","args":[{"enterText":"Intracompany Yard wdIO","selector":{"id":"application-manageyards-display-component---NewYard--addressDetailDetailsName1","interaction":{"idSuffix":"inner"}},"clearTextFirst":true,"interactionType":"ENTER_TEXT"}]}
RESULT: {"script":"<script> [776 bytes]","args":[{"enterText":"Intracompany Yard wdIO","selector":{"id":"application-manageyards-display-component---NewYard--addressDetailDetailsName1","interaction":{"idSuffix":"inner"}},"clearTextFirst":true,"interactionType":"ENTER_TEXT"}]}
COMMAND: POST /session/2f3a3ed30178fd4b3e43ef29d6279727/execute/async - {"script":"<script> [1562 bytes]","args":[{"selector":{"id":"application-manageyards-display-component---NewYard--addressDetailDetailsLanguage-arrow"},"wdio_ui5_key":"applicationmanageyards-display-component---NewYard--addressDetailDetailsLanguage-arrow"}]}
RESULT: {"script":"<script> [1562 bytes]","args":[{"selector":{"id":"application-manageyards-display-component---NewYard--addressDetailDetailsLanguage-arrow"},"wdio_ui5_key":"applicationmanageyards-display-component---NewYard--addressDetailDetailsLanguage-arrow"}]}
RESULT: undefined
COMMAND: POST /session/2f3a3ed30178fd4b3e43ef29d6279727/element - {"using":"xpath","value":"//*[@id=\"application-manageyards-display-component---NewYard--addressDetailDetailsLanguage-arrow\"]"}
RESULT: {"using":"xpath","value":"//*[@id=\"application-manageyards-display-component---NewYard--addressDetailDetailsLanguage-arrow\"]"}
COMMAND: POST /session/2f3a3ed30178fd4b3e43ef29d6279727/element/f.8627BF333E87AC973E299D2132D92580.d.5E86282D483D42E4682D79ACEF0DE49C.e.717/click - {}
RESULT: {}
COMMAND: POST /session/2f3a3ed30178fd4b3e43ef29d6279727/element - {"using":"xpath","value":"//span[contains(text(), \"English\")]"}
COMMAND: GET /session/2f3a3ed30178fd4b3e43ef29d6279727/screenshot - {}
RESULT: {"using":"xpath","value":"//span[contains(text(), \"English\")]"}
COMMAND: POST /session/2f3a3ed30178fd4b3e43ef29d6279727/element/f.8627BF333E87AC973E299D2132D92580.d.5E86282D483D42E4682D79ACEF0DE49C.e.718/click - {}
RESULT: {}
RESULT: {}
COMMAND: POST /session/2f3a3ed30178fd4b3e43ef29d6279727/execute/async - {"script":"<script> [1562 bytes]","args":[{"selector":{"id":"application-manageyards-display-component---NewYard--addressDetailDetailsCity1","interaction":{"idSuffix":"inner"}},"wdio_ui5_key":"applicationmanageyards-display-component---NewYard--addressDetailDetailsCity1"}]}
COMMAND: GET /session/2f3a3ed30178fd4b3e43ef29d6279727/screenshot - {}
RESULT: {"script":"<script> [1562 bytes]","args":[{"selector":{"id":"application-manageyards-display-component---NewYard--addressDetailDetailsCity1","interaction":{"idSuffix":"inner"}},"wdio_ui5_key":"applicationmanageyards-display-component---NewYard--addressDetailDetailsCity1"}]}
RESULT: undefined
COMMAND: POST /session/2f3a3ed30178fd4b3e43ef29d6279727/execute/async - {"script":"<script> [776 bytes]","args":[{"enterText":"Rosario","selector":{"id":"application-manageyards-display-component---NewYard--addressDetailDetailsCity1","interaction":{"idSuffix":"inner"}},"clearTextFirst":true,"interactionType":"ENTER_TEXT"}]}
RESULT: {}
RESULT: {"script":"<script> [776 bytes]","args":[{"enterText":"Rosario","selector":{"id":"application-manageyards-display-component---NewYard--addressDetailDetailsCity1","interaction":{"idSuffix":"inner"}},"clearTextFirst":true,"interactionType":"ENTER_TEXT"}]}
COMMAND: POST /session/2f3a3ed30178fd4b3e43ef29d6279727/execute/async - {"script":"<script> [1562 bytes]","args":[{"selector":{"id":"application-manageyards-display-component---NewYard--addressDetailDetailsCountry-arrow"},"wdio_ui5_key":"applicationmanageyards-display-component---NewYard--addressDetailDetailsCountry-arrow"}]}
RESULT: {"script":"<script> [1562 bytes]","args":[{"selector":{"id":"application-manageyards-display-component---NewYard--addressDetailDetailsCountry-arrow"},"wdio_ui5_key":"applicationmanageyards-display-component---NewYard--addressDetailDetailsCountry-arrow"}]}
RESULT: undefined
COMMAND: POST /session/2f3a3ed30178fd4b3e43ef29d6279727/element - {"using":"xpath","value":"//*[@id=\"application-manageyards-display-component---NewYard--addressDetailDetailsCountry-arrow\"]"}
RESULT: {"using":"xpath","value":"//*[@id=\"application-manageyards-display-component---NewYard--addressDetailDetailsCountry-arrow\"]"}
COMMAND: POST /session/2f3a3ed30178fd4b3e43ef29d6279727/element/f.8627BF333E87AC973E299D2132D92580.d.5E86282D483D42E4682D79ACEF0DE49C.e.720/click - {}
RESULT: {}
COMMAND: POST /session/2f3a3ed30178fd4b3e43ef29d6279727/element - {"using":"xpath","value":"//span[contains(text(), \"Argentina\")]"}
COMMAND: GET /session/2f3a3ed30178fd4b3e43ef29d6279727/screenshot - {}
RESULT: {"using":"xpath","value":"//span[contains(text(), \"Argentina\")]"}
COMMAND: POST /session/2f3a3ed30178fd4b3e43ef29d6279727/element/f.8627BF333E87AC973E299D2132D92580.d.5E86282D483D42E4682D79ACEF0DE49C.e.721/click - {}
RESULT: {}
RESULT: {}
COMMAND: POST /session/2f3a3ed30178fd4b3e43ef29d6279727/execute/async - {"script":"<script> [1562 bytes]","args":[{"selector":{"id":"application-manageyards-display-component---NewYard--addressEditDetailsCostObjectCstType-arrow"},"wdio_ui5_key":"applicationmanageyards-display-component---NewYard--addressEditDetailsCostObjectCstType-arrow"}]}
COMMAND: GET /session/2f3a3ed30178fd4b3e43ef29d6279727/screenshot - {}
RESULT: {"script":"<script> [1562 bytes]","args":[{"selector":{"id":"application-manageyards-display-component---NewYard--addressEditDetailsCostObjectCstType-arrow"},"wdio_ui5_key":"applicationmanageyards-display-component---NewYard--addressEditDetailsCostObjectCstType-arrow"}]}
RESULT: undefined
COMMAND: POST /session/2f3a3ed30178fd4b3e43ef29d6279727/element - {"using":"xpath","value":"//*[@id=\"application-manageyards-display-component---NewYard--addressEditDetailsCostObjectCstType-arrow\"]"}
RESULT: {}
RESULT: {"using":"xpath","value":"//*[@id=\"application-manageyards-display-component---NewYard--addressEditDetailsCostObjectCstType-arrow\"]"}
COMMAND: POST /session/2f3a3ed30178fd4b3e43ef29d6279727/element/f.8627BF333E87AC973E299D2132D92580.d.5E86282D483D42E4682D79ACEF0DE49C.e.723/click - {}
RESULT: {}
COMMAND: POST /session/2f3a3ed30178fd4b3e43ef29d6279727/element - {"using":"xpath","value":"//span[contains(text(), \"Cost Center\")]"}
COMMAND: GET /session/2f3a3ed30178fd4b3e43ef29d6279727/screenshot - {}
RESULT: {"using":"xpath","value":"//span[contains(text(), \"Cost Center\")]"}
COMMAND: POST /session/2f3a3ed30178fd4b3e43ef29d6279727/element/f.8627BF333E87AC973E299D2132D92580.d.5E86282D483D42E4682D79ACEF0DE49C.e.724/click - {}
RESULT: {}
RESULT: {}
COMMAND: GET /session/2f3a3ed30178fd4b3e43ef29d6279727/screenshot - {}
RESULT: {}
COMMAND: POST /session/2f3a3ed30178fd4b3e43ef29d6279727/element - {"using":"xpath","value":"//span[@id=\"application-manageyards-display-component---NewYard--addressNewCostObjectCstID-vhi\"]"}
RESULT: {"using":"xpath","value":"//span[@id=\"application-manageyards-display-component---NewYard--addressNewCostObjectCstID-vhi\"]"}
COMMAND: POST /session/2f3a3ed30178fd4b3e43ef29d6279727/execute/sync - {"script":"<script> [8489 bytes]","args":[{"element-6066-11e4-a52e-4f735466cecf":"f.8627BF333E87AC973E299D2132D92580.d.5E86282D483D42E4682D79ACEF0DE49C.e.727","ELEMENT":"f.8627BF333E87AC973E299D2132D92580.d.5E86282D483D42E4682D79ACEF0DE49C.e.727"}]}
RESULT: {"script":"<script> [8489 bytes]","args":[{"element-6066-11e4-a52e-4f735466cecf":"f.8627BF333E87AC973E299D2132D92580.d.5E86282D483D42E4682D79ACEF0DE49C.e.727","ELEMENT":"f.8627BF333E87AC973E299D2132D92580.d.5E86282D483D42E4682D79ACEF0DE49C.e.727"}]}
COMMAND: POST /session/2f3a3ed30178fd4b3e43ef29d6279727/execute/async - {"script":"<script> [1562 bytes]","args":[{"selector":{"id":"application-manageyards-display-component---NewYard--addressNewCostObjectCstID-vhi"},"wdio_ui5_key":"applicationmanageyards-display-component---NewYard--addressNewCostObjectCstID-vhi"}]}
COMMAND: GET /session/2f3a3ed30178fd4b3e43ef29d6279727/screenshot - {}
RESULT: {"script":"<script> [1562 bytes]","args":[{"selector":{"id":"application-manageyards-display-component---NewYard--addressNewCostObjectCstID-vhi"},"wdio_ui5_key":"applicationmanageyards-display-component---NewYard--addressNewCostObjectCstID-vhi"}]}
RESULT: undefined
COMMAND: POST /session/2f3a3ed30178fd4b3e43ef29d6279727/element - {"using":"xpath","value":"//*[@id=\"application-manageyards-display-component---NewYard--addressNewCostObjectCstID-vhi\"]"}
RESULT: {}
RESULT: {"using":"xpath","value":"//*[@id=\"application-manageyards-display-component---NewYard--addressNewCostObjectCstID-vhi\"]"}
COMMAND: POST /session/2f3a3ed30178fd4b3e43ef29d6279727/element/f.8627BF333E87AC973E299D2132D92580.d.5E86282D483D42E4682D79ACEF0DE49C.e.727/click - {}
RESULT: {}
COMMAND: GET /session/2f3a3ed30178fd4b3e43ef29d6279727/screenshot - {}
RESULT: {}
COMMAND: POST /session/2f3a3ed30178fd4b3e43ef29d6279727/execute/async - {"script":"<script> [1562 bytes]","args":[{"selector":{"controlType":"sap.m.SearchField","properties":{"placeholder":"Search"},"searchOpenDialogs":true,"interaction":{"idSuffix":"I"}},"wdio_ui5_key":"sapm.SearchField{\"placeholder\":\"Search\"}"}]}
RESULT: {"script":"<script> [1562 bytes]","args":[{"selector":{"controlType":"sap.m.SearchField","properties":{"placeholder":"Search"},"searchOpenDialogs":true,"interaction":{"idSuffix":"I"}},"wdio_ui5_key":"sapm.SearchField{\"placeholder\":\"Search\"}"}]}
RESULT: undefined
COMMAND: POST /session/2f3a3ed30178fd4b3e43ef29d6279727/execute/async - {"script":"<script> [776 bytes]","args":[{"enterText":"10001013","selector":{"controlType":"sap.m.SearchField","properties":{"placeholder":"Search"},"searchOpenDialogs":true,"interaction":{"idSuffix":"I"}},"clearTextFirst":true,"interactionType":"ENTER_TEXT"}]}
RESULT: {"script":"<script> [776 bytes]","args":[{"enterText":"10001013","selector":{"controlType":"sap.m.SearchField","properties":{"placeholder":"Search"},"searchOpenDialogs":true,"interaction":{"idSuffix":"I"}},"clearTextFirst":true,"interactionType":"ENTER_TEXT"}]}
COMMAND: POST /session/2f3a3ed30178fd4b3e43ef29d6279727/actions - {"actions":[{"id":"action1","type":"key","parameters":{},"actions":[{"type":"keyDown","value":""},{"type":"pause","duration":10},{"type":"keyUp","value":""}]}]}
RESULT: {"actions":[{"id":"action1","type":"key","parameters":{},"actions":[{"type":"keyDown","value":""},{"type":"pause","duration":10},{"type":"keyUp","value":""}]}]}
COMMAND: GET /session/2f3a3ed30178fd4b3e43ef29d6279727/screenshot - {}
RESULT: {}
COMMAND: POST /session/2f3a3ed30178fd4b3e43ef29d6279727/element - {"using":"xpath","value":"//span[contains(text(), \"General Management\")]"}
RESULT: {"using":"xpath","value":"//span[contains(text(), \"General Management\")]"}
COMMAND: POST /session/2f3a3ed30178fd4b3e43ef29d6279727/element/f.8627BF333E87AC973E299D2132D92580.d.5E86282D483D42E4682D79ACEF0DE49C.e.767/click - {}
RESULT: {}
COMMAND: GET /session/2f3a3ed30178fd4b3e43ef29d6279727/screenshot - {}
RESULT: {}
COMMAND: POST /session/2f3a3ed30178fd4b3e43ef29d6279727/element - {"using":"xpath","value":"//bdi[contains(text(), \"OK\")]"}
RESULT: {"using":"xpath","value":"//bdi[contains(text(), \"OK\")]"}
COMMAND: POST /session/2f3a3ed30178fd4b3e43ef29d6279727/element/f.8627BF333E87AC973E299D2132D92580.d.5E86282D483D42E4682D79ACEF0DE49C.e.768/click - {}
RESULT: {}
COMMAND: GET /session/2f3a3ed30178fd4b3e43ef29d6279727/screenshot - {}
RESULT: {}
COMMAND: POST /session/2f3a3ed30178fd4b3e43ef29d6279727/execute/async - {"script":"<script> [1562 bytes]","args":[{"selector":{"id":"application-manageyards-display-component---NewYard--addressEditDetailsCurrency-arrow"},"wdio_ui5_key":"applicationmanageyards-display-component---NewYard--addressEditDetailsCurrency-arrow"}]}
RESULT: {"script":"<script> [1562 bytes]","args":[{"selector":{"id":"application-manageyards-display-component---NewYard--addressEditDetailsCurrency-arrow"},"wdio_ui5_key":"applicationmanageyards-display-component---NewYard--addressEditDetailsCurrency-arrow"}]}
RESULT: undefined
COMMAND: POST /session/2f3a3ed30178fd4b3e43ef29d6279727/element - {"using":"xpath","value":"//*[@id=\"application-manageyards-display-component---NewYard--addressEditDetailsCurrency-arrow\"]"}
RESULT: {"using":"xpath","value":"//*[@id=\"application-manageyards-display-component---NewYard--addressEditDetailsCurrency-arrow\"]"}
COMMAND: POST /session/2f3a3ed30178fd4b3e43ef29d6279727/element/f.8627BF333E87AC973E299D2132D92580.d.5E86282D483D42E4682D79ACEF0DE49C.e.771/click - {}
RESULT: {}
COMMAND: POST /session/2f3a3ed30178fd4b3e43ef29d6279727/element - {"using":"xpath","value":"//span[contains(text(), \"Euro\")]"}
COMMAND: GET /session/2f3a3ed30178fd4b3e43ef29d6279727/screenshot - {}
RESULT: {"using":"xpath","value":"//span[contains(text(), \"Euro\")]"}
COMMAND: POST /session/2f3a3ed30178fd4b3e43ef29d6279727/element/f.8627BF333E87AC973E299D2132D92580.d.5E86282D483D42E4682D79ACEF0DE49C.e.772/click - {}
RESULT: {}
RESULT: {}
COMMAND: POST /session/2f3a3ed30178fd4b3e43ef29d6279727/execute/async - {"script":"<script> [1562 bytes]","args":[{"selector":{"controlType":"sap.m.Input","viewName":"etm.portal.ui.manageyards.view.New","viewId":"application-manageyards-display-component---NewYard","bindingPath":{"path":"","propertyPath":"/CONTROLLING_AREA","modelName":"NewYardModel"},"interaction":{"idSuffix":"inner"}},"wdio_ui5_key":"etmportal.ui.manageyards.view.Newsap.m.Input{\"path\":\"\",\"propertyPath\":\"/CONTROLLING_AREA\",\"modelName\":\"NewYardModel\"}"}]}
COMMAND: GET /session/2f3a3ed30178fd4b3e43ef29d6279727/screenshot - {}
RESULT: {"script":"<script> [1562 bytes]","args":[{"selector":{"controlType":"sap.m.Input","viewName":"etm.portal.ui.manageyards.view.New","viewId":"application-manageyards-display-component---NewYard","bindingPath":{"path":"","propertyPath":"/CONTROLLING_AREA","modelName":"NewYardModel"},"interaction":{"idSuffix":"inner"}},"wdio_ui5_key":"etmportal.ui.manageyards.view.Newsap.m.Input{\"path\":\"\",\"propertyPath\":\"/CONTROLLING_AREA\",\"modelName\":\"NewYardModel\"}"}]}
RESULT: undefined
COMMAND: POST /session/2f3a3ed30178fd4b3e43ef29d6279727/execute/async - {"script":"<script> [776 bytes]","args":[{"enterText":"Z001","selector":{"controlType":"sap.m.Input","viewName":"etm.portal.ui.manageyards.view.New","viewId":"application-manageyards-display-component---NewYard","bindingPath":{"path":"","propertyPath":"/CONTROLLING_AREA","modelName":"NewYardModel"},"interaction":{"idSuffix":"inner"}},"clearTextFirst":true,"interactionType":"ENTER_TEXT"}]}
RESULT: {}
RESULT: {"script":"<script> [776 bytes]","args":[{"enterText":"Z001","selector":{"controlType":"sap.m.Input","viewName":"etm.portal.ui.manageyards.view.New","viewId":"application-manageyards-display-component---NewYard","bindingPath":{"path":"","propertyPath":"/CONTROLLING_AREA","modelName":"NewYardModel"},"interaction":{"idSuffix":"inner"}},"clearTextFirst":true,"interactionType":"ENTER_TEXT"}]}
COMMAND: POST /session/2f3a3ed30178fd4b3e43ef29d6279727/execute/async - {"script":"<script> [1562 bytes]","args":[{"selector":{"id":"application-manageyards-display-component---NewYard--companyCodeComboBox","interaction":{"idSuffix":"inner"}},"wdio_ui5_key":"applicationmanageyards-display-component---NewYard--companyCodeComboBox"}]}
RESULT: {"script":"<script> [1562 bytes]","args":[{"selector":{"id":"application-manageyards-display-component---NewYard--companyCodeComboBox","interaction":{"idSuffix":"inner"}},"wdio_ui5_key":"applicationmanageyards-display-component---NewYard--companyCodeComboBox"}]}
RESULT: undefined
COMMAND: POST /session/2f3a3ed30178fd4b3e43ef29d6279727/execute/async - {"script":"<script> [776 bytes]","args":[{"enterText":"1000","selector":{"id":"application-manageyards-display-component---NewYard--companyCodeComboBox","interaction":{"idSuffix":"inner"}},"clearTextFirst":true,"interactionType":"ENTER_TEXT"}]}
RESULT: {"script":"<script> [776 bytes]","args":[{"enterText":"1000","selector":{"id":"application-manageyards-display-component---NewYard--companyCodeComboBox","interaction":{"idSuffix":"inner"}},"clearTextFirst":true,"interactionType":"ENTER_TEXT"}]}
COMMAND: POST /session/2f3a3ed30178fd4b3e43ef29d6279727/execute/async - {"script":"<script> [1562 bytes]","args":[{"selector":{"controlType":"sap.m.Input","viewName":"etm.portal.ui.manageyards.view.New","viewId":"application-manageyards-display-component---NewYard","bindingPath":{"path":"","propertyPath":"/PLANT","modelName":"NewYardModel"},"interaction":{"idSuffix":"inner"}},"wdio_ui5_key":"etmportal.ui.manageyards.view.Newsap.m.Input{\"path\":\"\",\"propertyPath\":\"/PLANT\",\"modelName\":\"NewYardModel\"}"}]}
RESULT: {"script":"<script> [1562 bytes]","args":[{"selector":{"controlType":"sap.m.Input","viewName":"etm.portal.ui.manageyards.view.New","viewId":"application-manageyards-display-component---NewYard","bindingPath":{"path":"","propertyPath":"/PLANT","modelName":"NewYardModel"},"interaction":{"idSuffix":"inner"}},"wdio_ui5_key":"etmportal.ui.manageyards.view.Newsap.m.Input{\"path\":\"\",\"propertyPath\":\"/PLANT\",\"modelName\":\"NewYardModel\"}"}]}
RESULT: undefined
COMMAND: POST /session/2f3a3ed30178fd4b3e43ef29d6279727/execute/async - {"script":"<script> [776 bytes]","args":[{"enterText":"1001","selector":{"controlType":"sap.m.Input","viewName":"etm.portal.ui.manageyards.view.New","viewId":"application-manageyards-display-component---NewYard","bindingPath":{"path":"","propertyPath":"/PLANT","modelName":"NewYardModel"},"interaction":{"idSuffix":"inner"}},"clearTextFirst":true,"interactionType":"ENTER_TEXT"}]}
RESULT: {"script":"<script> [776 bytes]","args":[{"enterText":"1001","selector":{"controlType":"sap.m.Input","viewName":"etm.portal.ui.manageyards.view.New","viewId":"application-manageyards-display-component---NewYard","bindingPath":{"path":"","propertyPath":"/PLANT","modelName":"NewYardModel"},"interaction":{"idSuffix":"inner"}},"clearTextFirst":true,"interactionType":"ENTER_TEXT"}]}
COMMAND: POST /session/2f3a3ed30178fd4b3e43ef29d6279727/execute/async - {"script":"<script> [1562 bytes]","args":[{"selector":{"controlType":"sap.m.Input","viewName":"etm.portal.ui.manageyards.view.New","viewId":"application-manageyards-display-component---NewYard","bindingPath":{"path":"","propertyPath":"/SALES_AREA_VKORG","modelName":"NewYardModel"},"interaction":{"idSuffix":"inner"}},"wdio_ui5_key":"etmportal.ui.manageyards.view.Newsap.m.Input{\"path\":\"\",\"propertyPath\":\"/SALES_AREA_VKORG\",\"modelName\":\"NewYardModel\"}"}]}
RESULT: {"script":"<script> [1562 bytes]","args":[{"selector":{"controlType":"sap.m.Input","viewName":"etm.portal.ui.manageyards.view.New","viewId":"application-manageyards-display-component---NewYard","bindingPath":{"path":"","propertyPath":"/SALES_AREA_VKORG","modelName":"NewYardModel"},"interaction":{"idSuffix":"inner"}},"wdio_ui5_key":"etmportal.ui.manageyards.view.Newsap.m.Input{\"path\":\"\",\"propertyPath\":\"/SALES_AREA_VKORG\",\"modelName\":\"NewYardModel\"}"}]}
RESULT: undefined
COMMAND: POST /session/2f3a3ed30178fd4b3e43ef29d6279727/execute/async - {"script":"<script> [776 bytes]","args":[{"enterText":"C002","selector":{"controlType":"sap.m.Input","viewName":"etm.portal.ui.manageyards.view.New","viewId":"application-manageyards-display-component---NewYard","bindingPath":{"path":"","propertyPath":"/SALES_AREA_VKORG","modelName":"NewYardModel"},"interaction":{"idSuffix":"inner"}},"clearTextFirst":true,"interactionType":"ENTER_TEXT"}]}
RESULT: {"script":"<script> [776 bytes]","args":[{"enterText":"C002","selector":{"controlType":"sap.m.Input","viewName":"etm.portal.ui.manageyards.view.New","viewId":"application-manageyards-display-component---NewYard","bindingPath":{"path":"","propertyPath":"/SALES_AREA_VKORG","modelName":"NewYardModel"},"interaction":{"idSuffix":"inner"}},"clearTextFirst":true,"interactionType":"ENTER_TEXT"}]}
COMMAND: POST /session/2f3a3ed30178fd4b3e43ef29d6279727/execute/async - {"script":"<script> [1562 bytes]","args":[{"selector":{"controlType":"sap.m.Input","viewName":"etm.portal.ui.manageyards.view.New","viewId":"application-manageyards-display-component---NewYard","bindingPath":{"path":"","propertyPath":"/SALES_AREA_VTWEG","modelName":"NewYardModel"},"interaction":{"idSuffix":"inner"}},"wdio_ui5_key":"etmportal.ui.manageyards.view.Newsap.m.Input{\"path\":\"\",\"propertyPath\":\"/SALES_AREA_VTWEG\",\"modelName\":\"NewYardModel\"}"}]}
RESULT: {"script":"<script> [1562 bytes]","args":[{"selector":{"controlType":"sap.m.Input","viewName":"etm.portal.ui.manageyards.view.New","viewId":"application-manageyards-display-component---NewYard","bindingPath":{"path":"","propertyPath":"/SALES_AREA_VTWEG","modelName":"NewYardModel"},"interaction":{"idSuffix":"inner"}},"wdio_ui5_key":"etmportal.ui.manageyards.view.Newsap.m.Input{\"path\":\"\",\"propertyPath\":\"/SALES_AREA_VTWEG\",\"modelName\":\"NewYardModel\"}"}]}
RESULT: undefined
COMMAND: POST /session/2f3a3ed30178fd4b3e43ef29d6279727/execute/async - {"script":"<script> [776 bytes]","args":[{"enterText":"C2","selector":{"controlType":"sap.m.Input","viewName":"etm.portal.ui.manageyards.view.New","viewId":"application-manageyards-display-component---NewYard","bindingPath":{"path":"","propertyPath":"/SALES_AREA_VTWEG","modelName":"NewYardModel"},"interaction":{"idSuffix":"inner"}},"clearTextFirst":true,"interactionType":"ENTER_TEXT"}]}
RESULT: {"script":"<script> [776 bytes]","args":[{"enterText":"C2","selector":{"controlType":"sap.m.Input","viewName":"etm.portal.ui.manageyards.view.New","viewId":"application-manageyards-display-component---NewYard","bindingPath":{"path":"","propertyPath":"/SALES_AREA_VTWEG","modelName":"NewYardModel"},"interaction":{"idSuffix":"inner"}},"clearTextFirst":true,"interactionType":"ENTER_TEXT"}]}
COMMAND: POST /session/2f3a3ed30178fd4b3e43ef29d6279727/execute/async - {"script":"<script> [1562 bytes]","args":[{"selector":{"controlType":"sap.m.Input","viewName":"etm.portal.ui.manageyards.view.New","viewId":"application-manageyards-display-component---NewYard","bindingPath":{"path":"","propertyPath":"/SALES_AREA_SPART","modelName":"NewYardModel"},"interaction":{"idSuffix":"inner"}},"wdio_ui5_key":"etmportal.ui.manageyards.view.Newsap.m.Input{\"path\":\"\",\"propertyPath\":\"/SALES_AREA_SPART\",\"modelName\":\"NewYardModel\"}"}]}
RESULT: {"script":"<script> [1562 bytes]","args":[{"selector":{"controlType":"sap.m.Input","viewName":"etm.portal.ui.manageyards.view.New","viewId":"application-manageyards-display-component---NewYard","bindingPath":{"path":"","propertyPath":"/SALES_AREA_SPART","modelName":"NewYardModel"},"interaction":{"idSuffix":"inner"}},"wdio_ui5_key":"etmportal.ui.manageyards.view.Newsap.m.Input{\"path\":\"\",\"propertyPath\":\"/SALES_AREA_SPART\",\"modelName\":\"NewYardModel\"}"}]}
RESULT: undefined
COMMAND: POST /session/2f3a3ed30178fd4b3e43ef29d6279727/execute/async - {"script":"<script> [776 bytes]","args":[{"enterText":"C2","selector":{"controlType":"sap.m.Input","viewName":"etm.portal.ui.manageyards.view.New","viewId":"application-manageyards-display-component---NewYard","bindingPath":{"path":"","propertyPath":"/SALES_AREA_SPART","modelName":"NewYardModel"},"interaction":{"idSuffix":"inner"}},"clearTextFirst":true,"interactionType":"ENTER_TEXT"}]}
RESULT: {"script":"<script> [776 bytes]","args":[{"enterText":"C2","selector":{"controlType":"sap.m.Input","viewName":"etm.portal.ui.manageyards.view.New","viewId":"application-manageyards-display-component---NewYard","bindingPath":{"path":"","propertyPath":"/SALES_AREA_SPART","modelName":"NewYardModel"},"interaction":{"idSuffix":"inner"}},"clearTextFirst":true,"interactionType":"ENTER_TEXT"}]}
COMMAND: POST /session/2f3a3ed30178fd4b3e43ef29d6279727/execute/async - {"script":"<script> [1562 bytes]","args":[{"selector":{"controlType":"sap.m.Input","viewName":"etm.portal.ui.manageyards.view.New","viewId":"application-manageyards-display-component---NewYard","bindingPath":{"path":"","propertyPath":"/SHIP_POINT","modelName":"NewYardModel"},"interaction":{"idSuffix":"inner"}},"wdio_ui5_key":"etmportal.ui.manageyards.view.Newsap.m.Input{\"path\":\"\",\"propertyPath\":\"/SHIP_POINT\",\"modelName\":\"NewYardModel\"}"}]}
RESULT: {"script":"<script> [1562 bytes]","args":[{"selector":{"controlType":"sap.m.Input","viewName":"etm.portal.ui.manageyards.view.New","viewId":"application-manageyards-display-component---NewYard","bindingPath":{"path":"","propertyPath":"/SHIP_POINT","modelName":"NewYardModel"},"interaction":{"idSuffix":"inner"}},"wdio_ui5_key":"etmportal.ui.manageyards.view.Newsap.m.Input{\"path\":\"\",\"propertyPath\":\"/SHIP_POINT\",\"modelName\":\"NewYardModel\"}"}]}
RESULT: undefined
COMMAND: POST /session/2f3a3ed30178fd4b3e43ef29d6279727/execute/async - {"script":"<script> [776 bytes]","args":[{"enterText":"1710","selector":{"controlType":"sap.m.Input","viewName":"etm.portal.ui.manageyards.view.New","viewId":"application-manageyards-display-component---NewYard","bindingPath":{"path":"","propertyPath":"/SHIP_POINT","modelName":"NewYardModel"},"interaction":{"idSuffix":"inner"}},"clearTextFirst":true,"interactionType":"ENTER_TEXT"}]}
RESULT: {"script":"<script> [776 bytes]","args":[{"enterText":"1710","selector":{"controlType":"sap.m.Input","viewName":"etm.portal.ui.manageyards.view.New","viewId":"application-manageyards-display-component---NewYard","bindingPath":{"path":"","propertyPath":"/SHIP_POINT","modelName":"NewYardModel"},"interaction":{"idSuffix":"inner"}},"clearTextFirst":true,"interactionType":"ENTER_TEXT"}]}
COMMAND: POST /session/2f3a3ed30178fd4b3e43ef29d6279727/execute/async - {"script":"<script> [1562 bytes]","args":[{"selector":{"controlType":"sap.m.Input","viewName":"etm.portal.ui.manageyards.view.New","viewId":"application-manageyards-display-component---NewYard","bindingPath":{"path":"","propertyPath":"/DELIVERY_TYPE","modelName":"NewYardModel"},"interaction":{"idSuffix":"inner"}},"wdio_ui5_key":"etmportal.ui.manageyards.view.Newsap.m.Input{\"path\":\"\",\"propertyPath\":\"/DELIVERY_TYPE\",\"modelName\":\"NewYardModel\"}"}]}
RESULT: {"script":"<script> [1562 bytes]","args":[{"selector":{"controlType":"sap.m.Input","viewName":"etm.portal.ui.manageyards.view.New","viewId":"application-manageyards-display-component---NewYard","bindingPath":{"path":"","propertyPath":"/DELIVERY_TYPE","modelName":"NewYardModel"},"interaction":{"idSuffix":"inner"}},"wdio_ui5_key":"etmportal.ui.manageyards.view.Newsap.m.Input{\"path\":\"\",\"propertyPath\":\"/DELIVERY_TYPE\",\"modelName\":\"NewYardModel\"}"}]}
RESULT: undefined
COMMAND: POST /session/2f3a3ed30178fd4b3e43ef29d6279727/execute/async - {"script":"<script> [776 bytes]","args":[{"enterText":"ZL01","selector":{"controlType":"sap.m.Input","viewName":"etm.portal.ui.manageyards.view.New","viewId":"application-manageyards-display-component---NewYard","bindingPath":{"path":"","propertyPath":"/DELIVERY_TYPE","modelName":"NewYardModel"},"interaction":{"idSuffix":"inner"}},"clearTextFirst":true,"interactionType":"ENTER_TEXT"}]}
RESULT: {"script":"<script> [776 bytes]","args":[{"enterText":"ZL01","selector":{"controlType":"sap.m.Input","viewName":"etm.portal.ui.manageyards.view.New","viewId":"application-manageyards-display-component---NewYard","bindingPath":{"path":"","propertyPath":"/DELIVERY_TYPE","modelName":"NewYardModel"},"interaction":{"idSuffix":"inner"}},"clearTextFirst":true,"interactionType":"ENTER_TEXT"}]}
COMMAND: POST /session/2f3a3ed30178fd4b3e43ef29d6279727/execute/async - {"script":"<script> [1562 bytes]","args":[{"selector":{"controlType":"sap.m.Input","viewName":"etm.portal.ui.manageyards.view.New","viewId":"application-manageyards-display-component---NewYard","bindingPath":{"path":"","propertyPath":"/AUART","modelName":"NewYardModel"},"interaction":{"idSuffix":"inner"}},"wdio_ui5_key":"etmportal.ui.manageyards.view.Newsap.m.Input{\"path\":\"\",\"propertyPath\":\"/AUART\",\"modelName\":\"NewYardModel\"}"}]}
RESULT: {"script":"<script> [1562 bytes]","args":[{"selector":{"controlType":"sap.m.Input","viewName":"etm.portal.ui.manageyards.view.New","viewId":"application-manageyards-display-component---NewYard","bindingPath":{"path":"","propertyPath":"/AUART","modelName":"NewYardModel"},"interaction":{"idSuffix":"inner"}},"wdio_ui5_key":"etmportal.ui.manageyards.view.Newsap.m.Input{\"path\":\"\",\"propertyPath\":\"/AUART\",\"modelName\":\"NewYardModel\"}"}]}
RESULT: undefined
COMMAND: POST /session/2f3a3ed30178fd4b3e43ef29d6279727/execute/async - {"script":"<script> [776 bytes]","args":[{"enterText":"TA","selector":{"controlType":"sap.m.Input","viewName":"etm.portal.ui.manageyards.view.New","viewId":"application-manageyards-display-component---NewYard","bindingPath":{"path":"","propertyPath":"/AUART","modelName":"NewYardModel"},"interaction":{"idSuffix":"inner"}},"clearTextFirst":true,"interactionType":"ENTER_TEXT"}]}
RESULT: {"script":"<script> [776 bytes]","args":[{"enterText":"TA","selector":{"controlType":"sap.m.Input","viewName":"etm.portal.ui.manageyards.view.New","viewId":"application-manageyards-display-component---NewYard","bindingPath":{"path":"","propertyPath":"/AUART","modelName":"NewYardModel"},"interaction":{"idSuffix":"inner"}},"clearTextFirst":true,"interactionType":"ENTER_TEXT"}]}
COMMAND: POST /session/2f3a3ed30178fd4b3e43ef29d6279727/element - {"using":"xpath","value":"//button[@data-kt=\"newYardSaveButton\"]"}
RESULT: {"using":"xpath","value":"//button[@data-kt=\"newYardSaveButton\"]"}
COMMAND: POST /session/2f3a3ed30178fd4b3e43ef29d6279727/element/f.8627BF333E87AC973E299D2132D92580.d.5E86282D483D42E4682D79ACEF0DE49C.e.700/click - {}
RESULT: {}
COMMAND: GET /session/2f3a3ed30178fd4b3e43ef29d6279727/screenshot - {}
RESULT: {}
COMMAND: POST /session/2f3a3ed30178fd4b3e43ef29d6279727/element - {"using":"xpath","value":"//header[contains(@id, 'ObjectPageLayout-headerTitle')]/div[1]/div[2]/div[1]/span[1]"}
RESULT: {"using":"xpath","value":"//header[contains(@id, 'ObjectPageLayout-headerTitle')]/div[1]/div[2]/div[1]/span[1]"}
COMMAND: POST /session/2f3a3ed30178fd4b3e43ef29d6279727/elements - {"using":"xpath","value":"//header[contains(@id, 'ObjectPageLayout-headerTitle')]/div[1]/div[2]/div[1]/span[1]"}
RESULT: {"using":"xpath","value":"//header[contains(@id, 'ObjectPageLayout-headerTitle')]/div[1]/div[2]/div[1]/span[1]"}
COMMAND: POST /session/2f3a3ed30178fd4b3e43ef29d6279727/execute/sync - {"script":"<script> [56 bytes]","args":[{"element-6066-11e4-a52e-4f735466cecf":"f.8627BF333E87AC973E299D2132D92580.d.5E86282D483D42E4682D79ACEF0DE49C.e.991","ELEMENT":"f.8627BF333E87AC973E299D2132D92580.d.5E86282D483D42E4682D79ACEF0DE49C.e.991"}]}
RESULT: {"script":"<script> [56 bytes]","args":[{"element-6066-11e4-a52e-4f735466cecf":"f.8627BF333E87AC973E299D2132D92580.d.5E86282D483D42E4682D79ACEF0DE49C.e.991","ELEMENT":"f.8627BF333E87AC973E299D2132D92580.d.5E86282D483D42E4682D79ACEF0DE49C.e.991"}]}
COMMAND: GET /session/2f3a3ed30178fd4b3e43ef29d6279727/screenshot - {}
RESULT: {}
COMMAND: POST /session/2f3a3ed30178fd4b3e43ef29d6279727/element - {"using":"css selector","value":"#shell-header-logo"}
RESULT: {"using":"css selector","value":"#shell-header-logo"}
COMMAND: POST /session/2f3a3ed30178fd4b3e43ef29d6279727/element/f.8627BF333E87AC973E299D2132D92580.d.5E86282D483D42E4682D79ACEF0DE49C.e.252/click - {}
RESULT: {}
COMMAND: GET /session/2f3a3ed30178fd4b3e43ef29d6279727/screenshot - {}
RESULT: {}
COMMAND: POST /session/2f3a3ed30178fd4b3e43ef29d6279727/execute/sync - {"script":"<script> [299 bytes]","args":[["getModel","getResource"]]}
RESULT: {"script":"<script> [299 bytes]","args":[["getModel","getResource"]]}
]]></system-out>
    </testcase>
    <testcase classname="chrome.135_0_7049_42.windows.Billing_confirm_US117289" name="Should create a new partner" time="112.901">
      <system-out><![CDATA[
COMMAND: GET /session/2f3a3ed30178fd4b3e43ef29d6279727/screenshot - {}
COMMAND: POST /session/2f3a3ed30178fd4b3e43ef29d6279727/window/fullscreen - {}
RESULT: {}
RESULT: {}
COMMAND: POST /session/2f3a3ed30178fd4b3e43ef29d6279727/execute/async - {"script":"<script> [1562 bytes]","args":[{"selector":{"controlType":"sap.m.GenericTile","properties":{"header":"Manage Partners"}},"wdio_ui5_key":"sapm.GenericTile{\"header\":\"Manage Partners\"}"}]}
RESULT: {"script":"<script> [1562 bytes]","args":[{"selector":{"controlType":"sap.m.GenericTile","properties":{"header":"Manage Partners"}},"wdio_ui5_key":"sapm.GenericTile{\"header\":\"Manage Partners\"}"}]}
RESULT: undefined
COMMAND: POST /session/2f3a3ed30178fd4b3e43ef29d6279727/element - {"using":"xpath","value":"//*[@id=\"__tile38\"]"}
RESULT: {"using":"xpath","value":"//*[@id=\"__tile38\"]"}
COMMAND: POST /session/2f3a3ed30178fd4b3e43ef29d6279727/element/f.8627BF333E87AC973E299D2132D92580.d.5E86282D483D42E4682D79ACEF0DE49C.e.141/click - {}
RESULT: {}
COMMAND: POST /session/2f3a3ed30178fd4b3e43ef29d6279727/element - {"using":"xpath","value":"//button[@data-kt=\"addButton\"]"}
COMMAND: GET /session/2f3a3ed30178fd4b3e43ef29d6279727/screenshot - {}
RESULT: {"using":"xpath","value":"//button[@data-kt=\"addButton\"]"}
COMMAND: POST /session/2f3a3ed30178fd4b3e43ef29d6279727/elements - {"using":"xpath","value":"//button[@data-kt=\"addButton\"]"}
RESULT: {}
RESULT: {"using":"xpath","value":"//button[@data-kt=\"addButton\"]"}
COMMAND: POST /session/2f3a3ed30178fd4b3e43ef29d6279727/elements - {"using":"xpath","value":"//button[@data-kt=\"addButton\"]"}
RESULT: {"using":"xpath","value":"//button[@data-kt=\"addButton\"]"}
COMMAND: POST /session/2f3a3ed30178fd4b3e43ef29d6279727/elements - {"using":"xpath","value":"//button[@data-kt=\"addButton\"]"}
RESULT: {"using":"xpath","value":"//button[@data-kt=\"addButton\"]"}
COMMAND: POST /session/2f3a3ed30178fd4b3e43ef29d6279727/elements - {"using":"xpath","value":"//button[@data-kt=\"addButton\"]"}
RESULT: {"using":"xpath","value":"//button[@data-kt=\"addButton\"]"}
COMMAND: POST /session/2f3a3ed30178fd4b3e43ef29d6279727/elements - {"using":"xpath","value":"//button[@data-kt=\"addButton\"]"}
RESULT: {"using":"xpath","value":"//button[@data-kt=\"addButton\"]"}
COMMAND: POST /session/2f3a3ed30178fd4b3e43ef29d6279727/elements - {"using":"xpath","value":"//button[@data-kt=\"addButton\"]"}
RESULT: {"using":"xpath","value":"//button[@data-kt=\"addButton\"]"}
COMMAND: POST /session/2f3a3ed30178fd4b3e43ef29d6279727/elements - {"using":"xpath","value":"//button[@data-kt=\"addButton\"]"}
RESULT: {"using":"xpath","value":"//button[@data-kt=\"addButton\"]"}
COMMAND: POST /session/2f3a3ed30178fd4b3e43ef29d6279727/elements - {"using":"xpath","value":"//button[@data-kt=\"addButton\"]"}
RESULT: {"using":"xpath","value":"//button[@data-kt=\"addButton\"]"}
COMMAND: POST /session/2f3a3ed30178fd4b3e43ef29d6279727/elements - {"using":"xpath","value":"//button[@data-kt=\"addButton\"]"}
RESULT: {"using":"xpath","value":"//button[@data-kt=\"addButton\"]"}
COMMAND: POST /session/2f3a3ed30178fd4b3e43ef29d6279727/elements - {"using":"xpath","value":"//button[@data-kt=\"addButton\"]"}
RESULT: {"using":"xpath","value":"//button[@data-kt=\"addButton\"]"}
COMMAND: POST /session/2f3a3ed30178fd4b3e43ef29d6279727/elements - {"using":"xpath","value":"//button[@data-kt=\"addButton\"]"}
RESULT: {"using":"xpath","value":"//button[@data-kt=\"addButton\"]"}
COMMAND: POST /session/2f3a3ed30178fd4b3e43ef29d6279727/elements - {"using":"xpath","value":"//button[@data-kt=\"addButton\"]"}
RESULT: {"using":"xpath","value":"//button[@data-kt=\"addButton\"]"}
COMMAND: POST /session/2f3a3ed30178fd4b3e43ef29d6279727/elements - {"using":"xpath","value":"//button[@data-kt=\"addButton\"]"}
RESULT: {"using":"xpath","value":"//button[@data-kt=\"addButton\"]"}
COMMAND: POST /session/2f3a3ed30178fd4b3e43ef29d6279727/elements - {"using":"xpath","value":"//button[@data-kt=\"addButton\"]"}
RESULT: {"using":"xpath","value":"//button[@data-kt=\"addButton\"]"}
COMMAND: POST /session/2f3a3ed30178fd4b3e43ef29d6279727/elements - {"using":"xpath","value":"//button[@data-kt=\"addButton\"]"}
RESULT: {"using":"xpath","value":"//button[@data-kt=\"addButton\"]"}
COMMAND: POST /session/2f3a3ed30178fd4b3e43ef29d6279727/element - {"using":"xpath","value":"//button[@data-kt=\"addButton\"]"}
RESULT: {"using":"xpath","value":"//button[@data-kt=\"addButton\"]"}
COMMAND: POST /session/2f3a3ed30178fd4b3e43ef29d6279727/execute/sync - {"script":"<script> [8489 bytes]","args":[{"element-6066-11e4-a52e-4f735466cecf":"f.8627BF333E87AC973E299D2132D92580.d.5E86282D483D42E4682D79ACEF0DE49C.e.1032","ELEMENT":"f.8627BF333E87AC973E299D2132D92580.d.5E86282D483D42E4682D79ACEF0DE49C.e.1032"}]}
RESULT: {"script":"<script> [8489 bytes]","args":[{"element-6066-11e4-a52e-4f735466cecf":"f.8627BF333E87AC973E299D2132D92580.d.5E86282D483D42E4682D79ACEF0DE49C.e.1032","ELEMENT":"f.8627BF333E87AC973E299D2132D92580.d.5E86282D483D42E4682D79ACEF0DE49C.e.1032"}]}
COMMAND: GET /session/2f3a3ed30178fd4b3e43ef29d6279727/element/f.8627BF333E87AC973E299D2132D92580.d.5E86282D483D42E4682D79ACEF0DE49C.e.1032/enabled - {}
COMMAND: GET /session/2f3a3ed30178fd4b3e43ef29d6279727/screenshot - {}
RESULT: {}
COMMAND: POST /session/2f3a3ed30178fd4b3e43ef29d6279727/execute/sync - {"script":"<script> [8489 bytes]","args":[{"element-6066-11e4-a52e-4f735466cecf":"f.8627BF333E87AC973E299D2132D92580.d.5E86282D483D42E4682D79ACEF0DE49C.e.1032","ELEMENT":"f.8627BF333E87AC973E299D2132D92580.d.5E86282D483D42E4682D79ACEF0DE49C.e.1032"}]}
COMMAND: GET /session/2f3a3ed30178fd4b3e43ef29d6279727/screenshot - {}
RESULT: {}
RESULT: {"script":"<script> [8489 bytes]","args":[{"element-6066-11e4-a52e-4f735466cecf":"f.8627BF333E87AC973E299D2132D92580.d.5E86282D483D42E4682D79ACEF0DE49C.e.1032","ELEMENT":"f.8627BF333E87AC973E299D2132D92580.d.5E86282D483D42E4682D79ACEF0DE49C.e.1032"}]}
COMMAND: POST /session/2f3a3ed30178fd4b3e43ef29d6279727/execute/sync - {"script":"<script> [5351 bytes]","args":[{"element-6066-11e4-a52e-4f735466cecf":"f.8627BF333E87AC973E299D2132D92580.d.5E86282D483D42E4682D79ACEF0DE49C.e.1032","ELEMENT":"f.8627BF333E87AC973E299D2132D92580.d.5E86282D483D42E4682D79ACEF0DE49C.e.1032"}]}
COMMAND: GET /session/2f3a3ed30178fd4b3e43ef29d6279727/screenshot - {}
RESULT: {}
RESULT: {"script":"<script> [5351 bytes]","args":[{"element-6066-11e4-a52e-4f735466cecf":"f.8627BF333E87AC973E299D2132D92580.d.5E86282D483D42E4682D79ACEF0DE49C.e.1032","ELEMENT":"f.8627BF333E87AC973E299D2132D92580.d.5E86282D483D42E4682D79ACEF0DE49C.e.1032"}]}
COMMAND: POST /session/2f3a3ed30178fd4b3e43ef29d6279727/element/f.8627BF333E87AC973E299D2132D92580.d.5E86282D483D42E4682D79ACEF0DE49C.e.1032/click - {}
COMMAND: GET /session/2f3a3ed30178fd4b3e43ef29d6279727/screenshot - {}
RESULT: {}
RESULT: {}
COMMAND: GET /session/2f3a3ed30178fd4b3e43ef29d6279727/screenshot - {}
COMMAND: POST /session/2f3a3ed30178fd4b3e43ef29d6279727/execute/async - {"script":"<script> [1562 bytes]","args":[{"selector":{"id":"application-managepartners-display-component---NewPartner--addressDetailDetailsName1","interaction":{"idSuffix":"inner"}},"wdio_ui5_key":"applicationmanagepartners-display-component---NewPartner--addressDetailDetailsName1"}]}
RESULT: {}
RESULT: {}
RESULT: {"script":"<script> [1562 bytes]","args":[{"selector":{"id":"application-managepartners-display-component---NewPartner--addressDetailDetailsName1","interaction":{"idSuffix":"inner"}},"wdio_ui5_key":"applicationmanagepartners-display-component---NewPartner--addressDetailDetailsName1"}]}
RESULT: undefined
COMMAND: POST /session/2f3a3ed30178fd4b3e43ef29d6279727/execute/async - {"script":"<script> [776 bytes]","args":[{"enterText":"Intracompany Partner WDIO","selector":{"id":"application-managepartners-display-component---NewPartner--addressDetailDetailsName1","interaction":{"idSuffix":"inner"}},"clearTextFirst":true,"interactionType":"ENTER_TEXT"}]}
RESULT: {"script":"<script> [776 bytes]","args":[{"enterText":"Intracompany Partner WDIO","selector":{"id":"application-managepartners-display-component---NewPartner--addressDetailDetailsName1","interaction":{"idSuffix":"inner"}},"clearTextFirst":true,"interactionType":"ENTER_TEXT"}]}
COMMAND: POST /session/2f3a3ed30178fd4b3e43ef29d6279727/execute/async - {"script":"<script> [1562 bytes]","args":[{"selector":{"id":"application-managepartners-display-component---NewPartner--addressDetailDetailsLanguage-arrow"},"wdio_ui5_key":"applicationmanagepartners-display-component---NewPartner--addressDetailDetailsLanguage-arrow"}]}
RESULT: {"script":"<script> [1562 bytes]","args":[{"selector":{"id":"application-managepartners-display-component---NewPartner--addressDetailDetailsLanguage-arrow"},"wdio_ui5_key":"applicationmanagepartners-display-component---NewPartner--addressDetailDetailsLanguage-arrow"}]}
RESULT: undefined
COMMAND: POST /session/2f3a3ed30178fd4b3e43ef29d6279727/element - {"using":"xpath","value":"//*[@id=\"application-managepartners-display-component---NewPartner--addressDetailDetailsLanguage-arrow\"]"}
RESULT: {"using":"xpath","value":"//*[@id=\"application-managepartners-display-component---NewPartner--addressDetailDetailsLanguage-arrow\"]"}
COMMAND: POST /session/2f3a3ed30178fd4b3e43ef29d6279727/element/f.8627BF333E87AC973E299D2132D92580.d.5E86282D483D42E4682D79ACEF0DE49C.e.1480/click - {}
RESULT: {}
COMMAND: POST /session/2f3a3ed30178fd4b3e43ef29d6279727/element - {"using":"xpath","value":"//span[contains(text(), \"English\")]"}
COMMAND: GET /session/2f3a3ed30178fd4b3e43ef29d6279727/screenshot - {}
RESULT: {"using":"xpath","value":"//span[contains(text(), \"English\")]"}
COMMAND: POST /session/2f3a3ed30178fd4b3e43ef29d6279727/element/f.8627BF333E87AC973E299D2132D92580.d.5E86282D483D42E4682D79ACEF0DE49C.e.1481/click - {}
RESULT: {}
RESULT: {}
COMMAND: GET /session/2f3a3ed30178fd4b3e43ef29d6279727/screenshot - {}
RESULT: {}
COMMAND: POST /session/2f3a3ed30178fd4b3e43ef29d6279727/execute/async - {"script":"<script> [1562 bytes]","args":[{"selector":{"id":"application-managepartners-display-component---NewPartner--addressDetailDetailsCity1","interaction":{"idSuffix":"inner"}},"wdio_ui5_key":"applicationmanagepartners-display-component---NewPartner--addressDetailDetailsCity1"}]}
RESULT: {"script":"<script> [1562 bytes]","args":[{"selector":{"id":"application-managepartners-display-component---NewPartner--addressDetailDetailsCity1","interaction":{"idSuffix":"inner"}},"wdio_ui5_key":"applicationmanagepartners-display-component---NewPartner--addressDetailDetailsCity1"}]}
RESULT: undefined
COMMAND: POST /session/2f3a3ed30178fd4b3e43ef29d6279727/execute/async - {"script":"<script> [776 bytes]","args":[{"enterText":"Rosario","selector":{"id":"application-managepartners-display-component---NewPartner--addressDetailDetailsCity1","interaction":{"idSuffix":"inner"}},"clearTextFirst":true,"interactionType":"ENTER_TEXT"}]}
RESULT: {"script":"<script> [776 bytes]","args":[{"enterText":"Rosario","selector":{"id":"application-managepartners-display-component---NewPartner--addressDetailDetailsCity1","interaction":{"idSuffix":"inner"}},"clearTextFirst":true,"interactionType":"ENTER_TEXT"}]}
COMMAND: POST /session/2f3a3ed30178fd4b3e43ef29d6279727/execute/async - {"script":"<script> [1562 bytes]","args":[{"selector":{"id":"application-managepartners-display-component---NewPartner--addressDetailDetailsCountry-arrow"},"wdio_ui5_key":"applicationmanagepartners-display-component---NewPartner--addressDetailDetailsCountry-arrow"}]}
RESULT: {"script":"<script> [1562 bytes]","args":[{"selector":{"id":"application-managepartners-display-component---NewPartner--addressDetailDetailsCountry-arrow"},"wdio_ui5_key":"applicationmanagepartners-display-component---NewPartner--addressDetailDetailsCountry-arrow"}]}
RESULT: undefined
COMMAND: POST /session/2f3a3ed30178fd4b3e43ef29d6279727/element - {"using":"xpath","value":"//*[@id=\"application-managepartners-display-component---NewPartner--addressDetailDetailsCountry-arrow\"]"}
RESULT: {"using":"xpath","value":"//*[@id=\"application-managepartners-display-component---NewPartner--addressDetailDetailsCountry-arrow\"]"}
COMMAND: POST /session/2f3a3ed30178fd4b3e43ef29d6279727/element/f.8627BF333E87AC973E299D2132D92580.d.5E86282D483D42E4682D79ACEF0DE49C.e.1455/click - {}
RESULT: {}
COMMAND: POST /session/2f3a3ed30178fd4b3e43ef29d6279727/element - {"using":"xpath","value":"//span[contains(text(), \"Argentina\")]"}
COMMAND: GET /session/2f3a3ed30178fd4b3e43ef29d6279727/screenshot - {}
RESULT: {"using":"xpath","value":"//span[contains(text(), \"Argentina\")]"}
COMMAND: POST /session/2f3a3ed30178fd4b3e43ef29d6279727/element/f.8627BF333E87AC973E299D2132D92580.d.5E86282D483D42E4682D79ACEF0DE49C.e.1483/click - {}
RESULT: {}
RESULT: {}
COMMAND: GET /session/2f3a3ed30178fd4b3e43ef29d6279727/screenshot - {}
RESULT: {}
COMMAND: POST /session/2f3a3ed30178fd4b3e43ef29d6279727/element - {"using":"xpath","value":"//bdi[contains(text(), \"Commercial\")]"}
RESULT: {"using":"xpath","value":"//bdi[contains(text(), \"Commercial\")]"}
COMMAND: POST /session/2f3a3ed30178fd4b3e43ef29d6279727/element/f.8627BF333E87AC973E299D2132D92580.d.5E86282D483D42E4682D79ACEF0DE49C.e.1484/click - {}
RESULT: {}
COMMAND: GET /session/2f3a3ed30178fd4b3e43ef29d6279727/screenshot - {}
RESULT: {}
COMMAND: POST /session/2f3a3ed30178fd4b3e43ef29d6279727/execute/async - {"script":"<script> [1562 bytes]","args":[{"selector":{"id":"application-managepartners-display-component---NewPartner--partnerDetailInternal-arrow"},"wdio_ui5_key":"applicationmanagepartners-display-component---NewPartner--partnerDetailInternal-arrow"}]}
RESULT: {"script":"<script> [1562 bytes]","args":[{"selector":{"id":"application-managepartners-display-component---NewPartner--partnerDetailInternal-arrow"},"wdio_ui5_key":"applicationmanagepartners-display-component---NewPartner--partnerDetailInternal-arrow"}]}
RESULT: undefined
COMMAND: POST /session/2f3a3ed30178fd4b3e43ef29d6279727/element - {"using":"xpath","value":"//*[@id=\"application-managepartners-display-component---NewPartner--partnerDetailInternal-arrow\"]"}
RESULT: {"using":"xpath","value":"//*[@id=\"application-managepartners-display-component---NewPartner--partnerDetailInternal-arrow\"]"}
COMMAND: POST /session/2f3a3ed30178fd4b3e43ef29d6279727/element/f.8627BF333E87AC973E299D2132D92580.d.5E86282D483D42E4682D79ACEF0DE49C.e.1490/click - {}
RESULT: {}
COMMAND: POST /session/2f3a3ed30178fd4b3e43ef29d6279727/element - {"using":"xpath","value":"//span[contains(text(), \"Affiliated company\")]"}
COMMAND: GET /session/2f3a3ed30178fd4b3e43ef29d6279727/screenshot - {}
RESULT: {"using":"xpath","value":"//span[contains(text(), \"Affiliated company\")]"}
COMMAND: POST /session/2f3a3ed30178fd4b3e43ef29d6279727/element/f.8627BF333E87AC973E299D2132D92580.d.5E86282D483D42E4682D79ACEF0DE49C.e.1491/click - {}
RESULT: {}
RESULT: {}
COMMAND: POST /session/2f3a3ed30178fd4b3e43ef29d6279727/execute/async - {"script":"<script> [1562 bytes]","args":[{"selector":{"id":"application-managepartners-display-component---NewPartner--partnerDetailsCurrency-arrow"},"wdio_ui5_key":"applicationmanagepartners-display-component---NewPartner--partnerDetailsCurrency-arrow"}]}
COMMAND: GET /session/2f3a3ed30178fd4b3e43ef29d6279727/screenshot - {}
RESULT: {"script":"<script> [1562 bytes]","args":[{"selector":{"id":"application-managepartners-display-component---NewPartner--partnerDetailsCurrency-arrow"},"wdio_ui5_key":"applicationmanagepartners-display-component---NewPartner--partnerDetailsCurrency-arrow"}]}
RESULT: undefined
COMMAND: POST /session/2f3a3ed30178fd4b3e43ef29d6279727/element - {"using":"xpath","value":"//*[@id=\"application-managepartners-display-component---NewPartner--partnerDetailsCurrency-arrow\"]"}
RESULT: {}
RESULT: {"using":"xpath","value":"//*[@id=\"application-managepartners-display-component---NewPartner--partnerDetailsCurrency-arrow\"]"}
COMMAND: POST /session/2f3a3ed30178fd4b3e43ef29d6279727/element/f.8627BF333E87AC973E299D2132D92580.d.5E86282D483D42E4682D79ACEF0DE49C.e.1498/click - {}
RESULT: {}
COMMAND: POST /session/2f3a3ed30178fd4b3e43ef29d6279727/element - {"using":"xpath","value":"//span[contains(text(), \"Euro\")]"}
COMMAND: GET /session/2f3a3ed30178fd4b3e43ef29d6279727/screenshot - {}
RESULT: {"using":"xpath","value":"//span[contains(text(), \"Euro\")]"}
COMMAND: POST /session/2f3a3ed30178fd4b3e43ef29d6279727/element/f.8627BF333E87AC973E299D2132D92580.d.5E86282D483D42E4682D79ACEF0DE49C.e.1499/click - {}
RESULT: {}
RESULT: {}
COMMAND: POST /session/2f3a3ed30178fd4b3e43ef29d6279727/execute/async - {"script":"<script> [1562 bytes]","args":[{"selector":{"id":"application-managepartners-display-component---NewPartner--addressEditDetailsCostObjectCstType-arrow"},"wdio_ui5_key":"applicationmanagepartners-display-component---NewPartner--addressEditDetailsCostObjectCstType-arrow"}]}
COMMAND: GET /session/2f3a3ed30178fd4b3e43ef29d6279727/screenshot - {}
RESULT: {"script":"<script> [1562 bytes]","args":[{"selector":{"id":"application-managepartners-display-component---NewPartner--addressEditDetailsCostObjectCstType-arrow"},"wdio_ui5_key":"applicationmanagepartners-display-component---NewPartner--addressEditDetailsCostObjectCstType-arrow"}]}
RESULT: undefined
COMMAND: POST /session/2f3a3ed30178fd4b3e43ef29d6279727/element - {"using":"xpath","value":"//*[@id=\"application-managepartners-display-component---NewPartner--addressEditDetailsCostObjectCstType-arrow\"]"}
RESULT: {}
RESULT: {"using":"xpath","value":"//*[@id=\"application-managepartners-display-component---NewPartner--addressEditDetailsCostObjectCstType-arrow\"]"}
COMMAND: POST /session/2f3a3ed30178fd4b3e43ef29d6279727/element/f.8627BF333E87AC973E299D2132D92580.d.5E86282D483D42E4682D79ACEF0DE49C.e.1500/click - {}
RESULT: {}
COMMAND: POST /session/2f3a3ed30178fd4b3e43ef29d6279727/element - {"using":"xpath","value":"//span[contains(text(), \"Cost Center\")]"}
COMMAND: GET /session/2f3a3ed30178fd4b3e43ef29d6279727/screenshot - {}
RESULT: {"using":"xpath","value":"//span[contains(text(), \"Cost Center\")]"}
COMMAND: POST /session/2f3a3ed30178fd4b3e43ef29d6279727/element/f.8627BF333E87AC973E299D2132D92580.d.5E86282D483D42E4682D79ACEF0DE49C.e.1501/click - {}
RESULT: {}
RESULT: {}
COMMAND: GET /session/2f3a3ed30178fd4b3e43ef29d6279727/screenshot - {}
RESULT: {}
COMMAND: POST /session/2f3a3ed30178fd4b3e43ef29d6279727/element - {"using":"xpath","value":"//span[@id=\"application-managepartners-display-component---NewPartner--addressNewCostObjectCstID-vhi\"]"}
RESULT: {"using":"xpath","value":"//span[@id=\"application-managepartners-display-component---NewPartner--addressNewCostObjectCstID-vhi\"]"}
COMMAND: POST /session/2f3a3ed30178fd4b3e43ef29d6279727/execute/sync - {"script":"<script> [8489 bytes]","args":[{"element-6066-11e4-a52e-4f735466cecf":"f.8627BF333E87AC973E299D2132D92580.d.5E86282D483D42E4682D79ACEF0DE49C.e.1504","ELEMENT":"f.8627BF333E87AC973E299D2132D92580.d.5E86282D483D42E4682D79ACEF0DE49C.e.1504"}]}
RESULT: {"script":"<script> [8489 bytes]","args":[{"element-6066-11e4-a52e-4f735466cecf":"f.8627BF333E87AC973E299D2132D92580.d.5E86282D483D42E4682D79ACEF0DE49C.e.1504","ELEMENT":"f.8627BF333E87AC973E299D2132D92580.d.5E86282D483D42E4682D79ACEF0DE49C.e.1504"}]}
COMMAND: POST /session/2f3a3ed30178fd4b3e43ef29d6279727/execute/async - {"script":"<script> [1562 bytes]","args":[{"selector":{"id":"application-managepartners-display-component---NewPartner--addressNewCostObjectCstID-vhi"},"wdio_ui5_key":"applicationmanagepartners-display-component---NewPartner--addressNewCostObjectCstID-vhi"}]}
COMMAND: GET /session/2f3a3ed30178fd4b3e43ef29d6279727/screenshot - {}
RESULT: {"script":"<script> [1562 bytes]","args":[{"selector":{"id":"application-managepartners-display-component---NewPartner--addressNewCostObjectCstID-vhi"},"wdio_ui5_key":"applicationmanagepartners-display-component---NewPartner--addressNewCostObjectCstID-vhi"}]}
RESULT: undefined
COMMAND: POST /session/2f3a3ed30178fd4b3e43ef29d6279727/element - {"using":"xpath","value":"//*[@id=\"application-managepartners-display-component---NewPartner--addressNewCostObjectCstID-vhi\"]"}
RESULT: {}
RESULT: {"using":"xpath","value":"//*[@id=\"application-managepartners-display-component---NewPartner--addressNewCostObjectCstID-vhi\"]"}
COMMAND: POST /session/2f3a3ed30178fd4b3e43ef29d6279727/element/f.8627BF333E87AC973E299D2132D92580.d.5E86282D483D42E4682D79ACEF0DE49C.e.1504/click - {}
RESULT: {}
COMMAND: GET /session/2f3a3ed30178fd4b3e43ef29d6279727/screenshot - {}
RESULT: {}
RESULT: undefined
COMMAND: POST /session/2f3a3ed30178fd4b3e43ef29d6279727/execute/async - {"script":"<script> [776 bytes]","args":[{"enterText":"10001013","selector":{"controlType":"sap.m.SearchField","properties":{"placeholder":"Search"},"searchOpenDialogs":true,"interaction":{"idSuffix":"I"}},"clearTextFirst":true,"interactionType":"ENTER_TEXT"}]}
RESULT: {"script":"<script> [776 bytes]","args":[{"enterText":"10001013","selector":{"controlType":"sap.m.SearchField","properties":{"placeholder":"Search"},"searchOpenDialogs":true,"interaction":{"idSuffix":"I"}},"clearTextFirst":true,"interactionType":"ENTER_TEXT"}]}
COMMAND: POST /session/2f3a3ed30178fd4b3e43ef29d6279727/actions - {"actions":[{"id":"action2","type":"key","parameters":{},"actions":[{"type":"keyDown","value":""},{"type":"pause","duration":10},{"type":"keyUp","value":""}]}]}
RESULT: {"actions":[{"id":"action2","type":"key","parameters":{},"actions":[{"type":"keyDown","value":""},{"type":"pause","duration":10},{"type":"keyUp","value":""}]}]}
COMMAND: GET /session/2f3a3ed30178fd4b3e43ef29d6279727/screenshot - {}
RESULT: {}
COMMAND: POST /session/2f3a3ed30178fd4b3e43ef29d6279727/element - {"using":"xpath","value":"//span[contains(text(), \"General Management\")]"}
RESULT: {"using":"xpath","value":"//span[contains(text(), \"General Management\")]"}
COMMAND: POST /session/2f3a3ed30178fd4b3e43ef29d6279727/element/f.8627BF333E87AC973E299D2132D92580.d.5E86282D483D42E4682D79ACEF0DE49C.e.1543/click - {}
RESULT: {}
COMMAND: GET /session/2f3a3ed30178fd4b3e43ef29d6279727/screenshot - {}
RESULT: {}
COMMAND: POST /session/2f3a3ed30178fd4b3e43ef29d6279727/element - {"using":"xpath","value":"//bdi[contains(text(), \"OK\")]"}
RESULT: {"using":"xpath","value":"//bdi[contains(text(), \"OK\")]"}
COMMAND: POST /session/2f3a3ed30178fd4b3e43ef29d6279727/element/f.8627BF333E87AC973E299D2132D92580.d.5E86282D483D42E4682D79ACEF0DE49C.e.1544/click - {}
RESULT: {}
COMMAND: GET /session/2f3a3ed30178fd4b3e43ef29d6279727/screenshot - {}
RESULT: {}
COMMAND: POST /session/2f3a3ed30178fd4b3e43ef29d6279727/element - {"using":"xpath","value":"//input[@id=\"application-managepartners-display-component---NewPartner--companyCodeComboBox-inner\"]"}
RESULT: {"using":"xpath","value":"//input[@id=\"application-managepartners-display-component---NewPartner--companyCodeComboBox-inner\"]"}
COMMAND: POST /session/2f3a3ed30178fd4b3e43ef29d6279727/element/f.8627BF333E87AC973E299D2132D92580.d.5E86282D483D42E4682D79ACEF0DE49C.e.1344/clear - {}
RESULT: {}
COMMAND: POST /session/2f3a3ed30178fd4b3e43ef29d6279727/element/f.8627BF333E87AC973E299D2132D92580.d.5E86282D483D42E4682D79ACEF0DE49C.e.1344/value - {"text":"1000"}
COMMAND: GET /session/2f3a3ed30178fd4b3e43ef29d6279727/screenshot - {}
RESULT: {"text":"1000"}
COMMAND: GET /session/2f3a3ed30178fd4b3e43ef29d6279727/screenshot - {}
RESULT: {}
RESULT: {}
COMMAND: POST /session/2f3a3ed30178fd4b3e43ef29d6279727/element - {"using":"xpath","value":"//span[contains(text(), \"1000\")]"}
RESULT: {"using":"xpath","value":"//span[contains(text(), \"1000\")]"}
COMMAND: POST /session/2f3a3ed30178fd4b3e43ef29d6279727/element/f.8627BF333E87AC973E299D2132D92580.d.5E86282D483D42E4682D79ACEF0DE49C.e.1550/click - {}
RESULT: {}
COMMAND: GET /session/2f3a3ed30178fd4b3e43ef29d6279727/screenshot - {}
RESULT: {}
COMMAND: POST /session/2f3a3ed30178fd4b3e43ef29d6279727/execute/async - {"script":"<script> [1562 bytes]","args":[{"selector":{"id":"application-managepartners-display-component---NewPartner--btnAddTableRow-img"},"wdio_ui5_key":"applicationmanagepartners-display-component---NewPartner--btnAddTableRow-img"}]}
RESULT: {"script":"<script> [1562 bytes]","args":[{"selector":{"id":"application-managepartners-display-component---NewPartner--btnAddTableRow-img"},"wdio_ui5_key":"applicationmanagepartners-display-component---NewPartner--btnAddTableRow-img"}]}
RESULT: undefined
COMMAND: POST /session/2f3a3ed30178fd4b3e43ef29d6279727/element - {"using":"xpath","value":"//*[@id=\"application-managepartners-display-component---NewPartner--btnAddTableRow-img\"]"}
RESULT: {"using":"xpath","value":"//*[@id=\"application-managepartners-display-component---NewPartner--btnAddTableRow-img\"]"}
COMMAND: POST /session/2f3a3ed30178fd4b3e43ef29d6279727/element/f.8627BF333E87AC973E299D2132D92580.d.5E86282D483D42E4682D79ACEF0DE49C.e.1551/click - {}
RESULT: {}
COMMAND: GET /session/2f3a3ed30178fd4b3e43ef29d6279727/screenshot - {}
RESULT: {}
COMMAND: POST /session/2f3a3ed30178fd4b3e43ef29d6279727/element - {"using":"xpath","value":"//input[@id=\"application-managepartners-display-component---NewPartner--assignmentYard-application-managepartners-display-component---NewPartner--assignmentsTable-0-inner\"]"}
RESULT: {"using":"xpath","value":"//input[@id=\"application-managepartners-display-component---NewPartner--assignmentYard-application-managepartners-display-component---NewPartner--assignmentsTable-0-inner\"]"}
COMMAND: POST /session/2f3a3ed30178fd4b3e43ef29d6279727/element/f.8627BF333E87AC973E299D2132D92580.d.5E86282D483D42E4682D79ACEF0DE49C.e.1554/clear - {}
RESULT: {}
COMMAND: POST /session/2f3a3ed30178fd4b3e43ef29d6279727/element/f.8627BF333E87AC973E299D2132D92580.d.5E86282D483D42E4682D79ACEF0DE49C.e.1554/value - {"text":"739"}
COMMAND: GET /session/2f3a3ed30178fd4b3e43ef29d6279727/screenshot - {}
RESULT: {"text":"739"}
COMMAND: GET /session/2f3a3ed30178fd4b3e43ef29d6279727/screenshot - {}
RESULT: {}
RESULT: {}
COMMAND: POST /session/2f3a3ed30178fd4b3e43ef29d6279727/element - {"using":"xpath","value":"//li[.//span[text()='739']]"}
RESULT: {"using":"xpath","value":"//li[.//span[text()='739']]"}
COMMAND: POST /session/2f3a3ed30178fd4b3e43ef29d6279727/element/f.8627BF333E87AC973E299D2132D92580.d.5E86282D483D42E4682D79ACEF0DE49C.e.1563/click - {}
RESULT: {}
COMMAND: GET /session/2f3a3ed30178fd4b3e43ef29d6279727/screenshot - {}
RESULT: {}
COMMAND: POST /session/2f3a3ed30178fd4b3e43ef29d6279727/actions - {"actions":[{"id":"action3","type":"key","parameters":{},"actions":[{"type":"keyDown","value":""},{"type":"pause","duration":10},{"type":"keyUp","value":""}]}]}
RESULT: {"actions":[{"id":"action3","type":"key","parameters":{},"actions":[{"type":"keyDown","value":""},{"type":"pause","duration":10},{"type":"keyUp","value":""}]}]}
COMMAND: POST /session/2f3a3ed30178fd4b3e43ef29d6279727/execute/async - {"script":"<script> [1562 bytes]","args":[{"selector":{"id":"application-managepartners-display-component---NewPartner--externalCustomerComboBox-application-managepartners-display-component---NewPartner--assignmentsTable-0-vhi"},"wdio_ui5_key":"applicationmanagepartners-display-component---NewPartner--externalCustomerComboBox-application-managepartners-display-component---NewPartner--assignmentsTable-0-vhi"}]}
COMMAND: GET /session/2f3a3ed30178fd4b3e43ef29d6279727/screenshot - {}
RESULT: {"script":"<script> [1562 bytes]","args":[{"selector":{"id":"application-managepartners-display-component---NewPartner--externalCustomerComboBox-application-managepartners-display-component---NewPartner--assignmentsTable-0-vhi"},"wdio_ui5_key":"applicationmanagepartners-display-component---NewPartner--externalCustomerComboBox-application-managepartners-display-component---NewPartner--assignmentsTable-0-vhi"}]}
RESULT: undefined
COMMAND: POST /session/2f3a3ed30178fd4b3e43ef29d6279727/element - {"using":"xpath","value":"//*[@id=\"application-managepartners-display-component---NewPartner--externalCustomerComboBox-application-managepartners-display-component---NewPartner--assignmentsTable-0-vhi\"]"}
RESULT: {}
RESULT: {"using":"xpath","value":"//*[@id=\"application-managepartners-display-component---NewPartner--externalCustomerComboBox-application-managepartners-display-component---NewPartner--assignmentsTable-0-vhi\"]"}
COMMAND: POST /session/2f3a3ed30178fd4b3e43ef29d6279727/element/f.8627BF333E87AC973E299D2132D92580.d.5E86282D483D42E4682D79ACEF0DE49C.e.1567/click - {}
RESULT: {}
RESULT: undefined
COMMAND: POST /session/2f3a3ed30178fd4b3e43ef29d6279727/execute/async - {"script":"<script> [776 bytes]","args":[{"enterText":"300003","selector":{"controlType":"sap.m.SearchField","properties":{"placeholder":"Search"},"searchOpenDialogs":true,"interaction":{"idSuffix":"I"}},"clearTextFirst":true,"interactionType":"ENTER_TEXT"}]}
COMMAND: GET /session/2f3a3ed30178fd4b3e43ef29d6279727/screenshot - {}
RESULT: {"script":"<script> [776 bytes]","args":[{"enterText":"300003","selector":{"controlType":"sap.m.SearchField","properties":{"placeholder":"Search"},"searchOpenDialogs":true,"interaction":{"idSuffix":"I"}},"clearTextFirst":true,"interactionType":"ENTER_TEXT"}]}
COMMAND: POST /session/2f3a3ed30178fd4b3e43ef29d6279727/actions - {"actions":[{"id":"action4","type":"key","parameters":{},"actions":[{"type":"keyDown","value":""},{"type":"pause","duration":10},{"type":"keyUp","value":""}]}]}
RESULT: {}
RESULT: {"actions":[{"id":"action4","type":"key","parameters":{},"actions":[{"type":"keyDown","value":""},{"type":"pause","duration":10},{"type":"keyUp","value":""}]}]}
COMMAND: GET /session/2f3a3ed30178fd4b3e43ef29d6279727/screenshot - {}
RESULT: {}
COMMAND: POST /session/2f3a3ed30178fd4b3e43ef29d6279727/element - {"using":"xpath","value":"//span[contains(text(), \"300003\")]"}
RESULT: {"using":"xpath","value":"//span[contains(text(), \"300003\")]"}
COMMAND: POST /session/2f3a3ed30178fd4b3e43ef29d6279727/element/f.8627BF333E87AC973E299D2132D92580.d.5E86282D483D42E4682D79ACEF0DE49C.e.1585/click - {}
RESULT: {}
COMMAND: GET /session/2f3a3ed30178fd4b3e43ef29d6279727/screenshot - {}
RESULT: {}
COMMAND: POST /session/2f3a3ed30178fd4b3e43ef29d6279727/element - {"using":"xpath","value":"//bdi[contains(text(), \"OK\")]"}
RESULT: {"using":"xpath","value":"//bdi[contains(text(), \"OK\")]"}
COMMAND: POST /session/2f3a3ed30178fd4b3e43ef29d6279727/element/f.8627BF333E87AC973E299D2132D92580.d.5E86282D483D42E4682D79ACEF0DE49C.e.1587/click - {}
RESULT: {}
COMMAND: GET /session/2f3a3ed30178fd4b3e43ef29d6279727/screenshot - {}
RESULT: {}
COMMAND: POST /session/2f3a3ed30178fd4b3e43ef29d6279727/execute/async - {"script":"<script> [1562 bytes]","args":[{"selector":{"id":"application-managepartners-display-component---NewPartner--intercompVendorComboBox-application-managepartners-display-component---NewPartner--assignmentsTable-0-vhi"},"wdio_ui5_key":"applicationmanagepartners-display-component---NewPartner--intercompVendorComboBox-application-managepartners-display-component---NewPartner--assignmentsTable-0-vhi"}]}
RESULT: {"script":"<script> [1562 bytes]","args":[{"selector":{"id":"application-managepartners-display-component---NewPartner--intercompVendorComboBox-application-managepartners-display-component---NewPartner--assignmentsTable-0-vhi"},"wdio_ui5_key":"applicationmanagepartners-display-component---NewPartner--intercompVendorComboBox-application-managepartners-display-component---NewPartner--assignmentsTable-0-vhi"}]}
RESULT: undefined
COMMAND: POST /session/2f3a3ed30178fd4b3e43ef29d6279727/element - {"using":"xpath","value":"//*[@id=\"application-managepartners-display-component---NewPartner--intercompVendorComboBox-application-managepartners-display-component---NewPartner--assignmentsTable-0-vhi\"]"}
RESULT: {"using":"xpath","value":"//*[@id=\"application-managepartners-display-component---NewPartner--intercompVendorComboBox-application-managepartners-display-component---NewPartner--assignmentsTable-0-vhi\"]"}
COMMAND: POST /session/2f3a3ed30178fd4b3e43ef29d6279727/element/f.8627BF333E87AC973E299D2132D92580.d.5E86282D483D42E4682D79ACEF0DE49C.e.1591/click - {}
RESULT: {}
RESULT: undefined
COMMAND: POST /session/2f3a3ed30178fd4b3e43ef29d6279727/execute/async - {"script":"<script> [776 bytes]","args":[{"enterText":"100005","selector":{"controlType":"sap.m.SearchField","properties":{"placeholder":"Search"},"searchOpenDialogs":true,"interaction":{"idSuffix":"I"}},"clearTextFirst":true,"interactionType":"ENTER_TEXT"}]}
COMMAND: GET /session/2f3a3ed30178fd4b3e43ef29d6279727/screenshot - {}
RESULT: {"script":"<script> [776 bytes]","args":[{"enterText":"100005","selector":{"controlType":"sap.m.SearchField","properties":{"placeholder":"Search"},"searchOpenDialogs":true,"interaction":{"idSuffix":"I"}},"clearTextFirst":true,"interactionType":"ENTER_TEXT"}]}
COMMAND: POST /session/2f3a3ed30178fd4b3e43ef29d6279727/actions - {"actions":[{"id":"action5","type":"key","parameters":{},"actions":[{"type":"keyDown","value":""},{"type":"pause","duration":10},{"type":"keyUp","value":""}]}]}
RESULT: {}
RESULT: {"actions":[{"id":"action5","type":"key","parameters":{},"actions":[{"type":"keyDown","value":""},{"type":"pause","duration":10},{"type":"keyUp","value":""}]}]}
COMMAND: GET /session/2f3a3ed30178fd4b3e43ef29d6279727/screenshot - {}
RESULT: {}
COMMAND: POST /session/2f3a3ed30178fd4b3e43ef29d6279727/element - {"using":"xpath","value":"//span[contains(text(), \"Penguins - Field/12345 Berlin\")]"}
RESULT: {"using":"xpath","value":"//span[contains(text(), \"Penguins - Field/12345 Berlin\")]"}
COMMAND: POST /session/2f3a3ed30178fd4b3e43ef29d6279727/element/f.8627BF333E87AC973E299D2132D92580.d.5E86282D483D42E4682D79ACEF0DE49C.e.1609/click - {}
RESULT: {}
COMMAND: GET /session/2f3a3ed30178fd4b3e43ef29d6279727/screenshot - {}
RESULT: {}
COMMAND: POST /session/2f3a3ed30178fd4b3e43ef29d6279727/element - {"using":"xpath","value":"//bdi[contains(text(), \"OK\")]"}
RESULT: {"using":"xpath","value":"//bdi[contains(text(), \"OK\")]"}
COMMAND: POST /session/2f3a3ed30178fd4b3e43ef29d6279727/element/f.8627BF333E87AC973E299D2132D92580.d.5E86282D483D42E4682D79ACEF0DE49C.e.1610/click - {}
RESULT: {}
COMMAND: GET /session/2f3a3ed30178fd4b3e43ef29d6279727/screenshot - {}
RESULT: {}
COMMAND: POST /session/2f3a3ed30178fd4b3e43ef29d6279727/element - {"using":"xpath","value":"//button[@data-kt=\"saveButton\"]"}
RESULT: {"using":"xpath","value":"//button[@data-kt=\"saveButton\"]"}
COMMAND: POST /session/2f3a3ed30178fd4b3e43ef29d6279727/element/f.8627BF333E87AC973E299D2132D92580.d.5E86282D483D42E4682D79ACEF0DE49C.e.1457/click - {}
RESULT: {}
COMMAND: GET /session/2f3a3ed30178fd4b3e43ef29d6279727/screenshot - {}
RESULT: {}
COMMAND: POST /session/2f3a3ed30178fd4b3e43ef29d6279727/element - {"using":"xpath","value":"//header[contains(@id, 'ObjectPageLayout-headerTitle')]/div[1]/div[2]/div[2]/span[1]"}
RESULT: {"using":"xpath","value":"//header[contains(@id, 'ObjectPageLayout-headerTitle')]/div[1]/div[2]/div[2]/span[1]"}
COMMAND: POST /session/2f3a3ed30178fd4b3e43ef29d6279727/elements - {"using":"xpath","value":"//header[contains(@id, 'ObjectPageLayout-headerTitle')]/div[1]/div[2]/div[2]/span[1]"}
RESULT: {"using":"xpath","value":"//header[contains(@id, 'ObjectPageLayout-headerTitle')]/div[1]/div[2]/div[2]/span[1]"}
COMMAND: POST /session/2f3a3ed30178fd4b3e43ef29d6279727/execute/sync - {"script":"<script> [56 bytes]","args":[{"element-6066-11e4-a52e-4f735466cecf":"f.8627BF333E87AC973E299D2132D92580.d.5E86282D483D42E4682D79ACEF0DE49C.e.1774","ELEMENT":"f.8627BF333E87AC973E299D2132D92580.d.5E86282D483D42E4682D79ACEF0DE49C.e.1774"}]}
RESULT: {"script":"<script> [56 bytes]","args":[{"element-6066-11e4-a52e-4f735466cecf":"f.8627BF333E87AC973E299D2132D92580.d.5E86282D483D42E4682D79ACEF0DE49C.e.1774","ELEMENT":"f.8627BF333E87AC973E299D2132D92580.d.5E86282D483D42E4682D79ACEF0DE49C.e.1774"}]}
COMMAND: POST /session/2f3a3ed30178fd4b3e43ef29d6279727/element - {"using":"css selector","value":"#shell-header-logo"}
COMMAND: GET /session/2f3a3ed30178fd4b3e43ef29d6279727/screenshot - {}
RESULT: {"using":"css selector","value":"#shell-header-logo"}
COMMAND: POST /session/2f3a3ed30178fd4b3e43ef29d6279727/element/f.8627BF333E87AC973E299D2132D92580.d.5E86282D483D42E4682D79ACEF0DE49C.e.999/click - {}
RESULT: {}
RESULT: {}
COMMAND: GET /session/2f3a3ed30178fd4b3e43ef29d6279727/screenshot - {}
RESULT: {}
COMMAND: POST /session/2f3a3ed30178fd4b3e43ef29d6279727/execute/sync - {"script":"<script> [299 bytes]","args":[["getModel","getResource"]]}
RESULT: {"script":"<script> [299 bytes]","args":[["getModel","getResource"]]}
COMMAND: GET /session/2f3a3ed30178fd4b3e43ef29d6279727/screenshot - {}
]]></system-out>
    </testcase>
    <testcase classname="chrome.135_0_7049_42.windows.Billing_confirm_US117289" name="Should create a new site" time="80.179">
      <system-out><![CDATA[
COMMAND: POST /session/2f3a3ed30178fd4b3e43ef29d6279727/execute/async - {"script":"<script> [1562 bytes]","args":[{"selector":{"controlType":"sap.m.TileContent","bindingPath":{"path":"","propertyPath":"/properties/info"},"ancestor":{"controlType":"sap.m.GenericTile","properties":{"header":"Manage Sites"}}},"wdio_ui5_key":"sapm.TileContent{\"path\":\"\",\"propertyPath\":\"/properties/info\"}{\"controlType\":\"sap.m.GenericTile\",\"properties\":{\"header\":\"Manage Sites\"}}"}]}
RESULT: {}
RESULT: {"script":"<script> [1562 bytes]","args":[{"selector":{"controlType":"sap.m.TileContent","bindingPath":{"path":"","propertyPath":"/properties/info"},"ancestor":{"controlType":"sap.m.GenericTile","properties":{"header":"Manage Sites"}}},"wdio_ui5_key":"sapm.TileContent{\"path\":\"\",\"propertyPath\":\"/properties/info\"}{\"controlType\":\"sap.m.GenericTile\",\"properties\":{\"header\":\"Manage Sites\"}}"}]}
RESULT: undefined
COMMAND: POST /session/2f3a3ed30178fd4b3e43ef29d6279727/element - {"using":"xpath","value":"//*[@id=\"__xmlview7--numericTileContent\"]"}
RESULT: {"using":"xpath","value":"//*[@id=\"__xmlview7--numericTileContent\"]"}
COMMAND: POST /session/2f3a3ed30178fd4b3e43ef29d6279727/element/f.8627BF333E87AC973E299D2132D92580.d.5E86282D483D42E4682D79ACEF0DE49C.e.1776/click - {}
RESULT: {}
COMMAND: POST /session/2f3a3ed30178fd4b3e43ef29d6279727/element - {"using":"xpath","value":"//button[@data-kt=\"addOverflowToolbarButton\"]"}
COMMAND: GET /session/2f3a3ed30178fd4b3e43ef29d6279727/screenshot - {}
RESULT: {"using":"xpath","value":"//button[@data-kt=\"addOverflowToolbarButton\"]"}
COMMAND: POST /session/2f3a3ed30178fd4b3e43ef29d6279727/elements - {"using":"xpath","value":"//button[@data-kt=\"addOverflowToolbarButton\"]"}
RESULT: {}
RESULT: {"using":"xpath","value":"//button[@data-kt=\"addOverflowToolbarButton\"]"}
COMMAND: POST /session/2f3a3ed30178fd4b3e43ef29d6279727/elements - {"using":"xpath","value":"//button[@data-kt=\"addOverflowToolbarButton\"]"}
RESULT: {"using":"xpath","value":"//button[@data-kt=\"addOverflowToolbarButton\"]"}
COMMAND: POST /session/2f3a3ed30178fd4b3e43ef29d6279727/elements - {"using":"xpath","value":"//button[@data-kt=\"addOverflowToolbarButton\"]"}
RESULT: {"using":"xpath","value":"//button[@data-kt=\"addOverflowToolbarButton\"]"}
COMMAND: POST /session/2f3a3ed30178fd4b3e43ef29d6279727/element - {"using":"xpath","value":"//button[@data-kt=\"addOverflowToolbarButton\"]"}
RESULT: {"using":"xpath","value":"//button[@data-kt=\"addOverflowToolbarButton\"]"}
COMMAND: POST /session/2f3a3ed30178fd4b3e43ef29d6279727/execute/sync - {"script":"<script> [8489 bytes]","args":[{"element-6066-11e4-a52e-4f735466cecf":"f.8627BF333E87AC973E299D2132D92580.d.5E86282D483D42E4682D79ACEF0DE49C.e.1823","ELEMENT":"f.8627BF333E87AC973E299D2132D92580.d.5E86282D483D42E4682D79ACEF0DE49C.e.1823"}]}
RESULT: {"script":"<script> [8489 bytes]","args":[{"element-6066-11e4-a52e-4f735466cecf":"f.8627BF333E87AC973E299D2132D92580.d.5E86282D483D42E4682D79ACEF0DE49C.e.1823","ELEMENT":"f.8627BF333E87AC973E299D2132D92580.d.5E86282D483D42E4682D79ACEF0DE49C.e.1823"}]}
COMMAND: GET /session/2f3a3ed30178fd4b3e43ef29d6279727/element/f.8627BF333E87AC973E299D2132D92580.d.5E86282D483D42E4682D79ACEF0DE49C.e.1823/enabled - {}
COMMAND: GET /session/2f3a3ed30178fd4b3e43ef29d6279727/screenshot - {}
RESULT: {}
COMMAND: POST /session/2f3a3ed30178fd4b3e43ef29d6279727/execute/sync - {"script":"<script> [8489 bytes]","args":[{"element-6066-11e4-a52e-4f735466cecf":"f.8627BF333E87AC973E299D2132D92580.d.5E86282D483D42E4682D79ACEF0DE49C.e.1823","ELEMENT":"f.8627BF333E87AC973E299D2132D92580.d.5E86282D483D42E4682D79ACEF0DE49C.e.1823"}]}
COMMAND: GET /session/2f3a3ed30178fd4b3e43ef29d6279727/screenshot - {}
RESULT: {}
RESULT: {"script":"<script> [8489 bytes]","args":[{"element-6066-11e4-a52e-4f735466cecf":"f.8627BF333E87AC973E299D2132D92580.d.5E86282D483D42E4682D79ACEF0DE49C.e.1823","ELEMENT":"f.8627BF333E87AC973E299D2132D92580.d.5E86282D483D42E4682D79ACEF0DE49C.e.1823"}]}
COMMAND: POST /session/2f3a3ed30178fd4b3e43ef29d6279727/execute/sync - {"script":"<script> [5351 bytes]","args":[{"element-6066-11e4-a52e-4f735466cecf":"f.8627BF333E87AC973E299D2132D92580.d.5E86282D483D42E4682D79ACEF0DE49C.e.1823","ELEMENT":"f.8627BF333E87AC973E299D2132D92580.d.5E86282D483D42E4682D79ACEF0DE49C.e.1823"}]}
COMMAND: GET /session/2f3a3ed30178fd4b3e43ef29d6279727/screenshot - {}
RESULT: {}
RESULT: {"script":"<script> [5351 bytes]","args":[{"element-6066-11e4-a52e-4f735466cecf":"f.8627BF333E87AC973E299D2132D92580.d.5E86282D483D42E4682D79ACEF0DE49C.e.1823","ELEMENT":"f.8627BF333E87AC973E299D2132D92580.d.5E86282D483D42E4682D79ACEF0DE49C.e.1823"}]}
COMMAND: POST /session/2f3a3ed30178fd4b3e43ef29d6279727/element/f.8627BF333E87AC973E299D2132D92580.d.5E86282D483D42E4682D79ACEF0DE49C.e.1823/click - {}
COMMAND: GET /session/2f3a3ed30178fd4b3e43ef29d6279727/screenshot - {}
RESULT: {}
RESULT: {}
COMMAND: GET /session/2f3a3ed30178fd4b3e43ef29d6279727/screenshot - {}
COMMAND: POST /session/2f3a3ed30178fd4b3e43ef29d6279727/execute/async - {"script":"<script> [1562 bytes]","args":[{"selector":{"id":"application-managesites-display-component---NewSite--addressDetailDetailsName1","interaction":{"idSuffix":"inner"}},"wdio_ui5_key":"applicationmanagesites-display-component---NewSite--addressDetailDetailsName1"}]}
RESULT: {}
RESULT: {}
RESULT: {"script":"<script> [1562 bytes]","args":[{"selector":{"id":"application-managesites-display-component---NewSite--addressDetailDetailsName1","interaction":{"idSuffix":"inner"}},"wdio_ui5_key":"applicationmanagesites-display-component---NewSite--addressDetailDetailsName1"}]}
RESULT: undefined
COMMAND: POST /session/2f3a3ed30178fd4b3e43ef29d6279727/execute/async - {"script":"<script> [776 bytes]","args":[{"enterText":"Intracompany Site wdIO","selector":{"id":"application-managesites-display-component---NewSite--addressDetailDetailsName1","interaction":{"idSuffix":"inner"}},"clearTextFirst":true,"interactionType":"ENTER_TEXT"}]}
RESULT: {"script":"<script> [776 bytes]","args":[{"enterText":"Intracompany Site wdIO","selector":{"id":"application-managesites-display-component---NewSite--addressDetailDetailsName1","interaction":{"idSuffix":"inner"}},"clearTextFirst":true,"interactionType":"ENTER_TEXT"}]}
COMMAND: POST /session/2f3a3ed30178fd4b3e43ef29d6279727/execute/async - {"script":"<script> [1562 bytes]","args":[{"selector":{"id":"application-managesites-display-component---NewSite--addressDetailDetailsLanguage-arrow"},"wdio_ui5_key":"applicationmanagesites-display-component---NewSite--addressDetailDetailsLanguage-arrow"}]}
RESULT: {"script":"<script> [1562 bytes]","args":[{"selector":{"id":"application-managesites-display-component---NewSite--addressDetailDetailsLanguage-arrow"},"wdio_ui5_key":"applicationmanagesites-display-component---NewSite--addressDetailDetailsLanguage-arrow"}]}
RESULT: undefined
COMMAND: POST /session/2f3a3ed30178fd4b3e43ef29d6279727/element - {"using":"xpath","value":"//*[@id=\"application-managesites-display-component---NewSite--addressDetailDetailsLanguage-arrow\"]"}
RESULT: {"using":"xpath","value":"//*[@id=\"application-managesites-display-component---NewSite--addressDetailDetailsLanguage-arrow\"]"}
COMMAND: POST /session/2f3a3ed30178fd4b3e43ef29d6279727/element/f.8627BF333E87AC973E299D2132D92580.d.5E86282D483D42E4682D79ACEF0DE49C.e.2223/click - {}
RESULT: {}
COMMAND: POST /session/2f3a3ed30178fd4b3e43ef29d6279727/element - {"using":"xpath","value":"//span[contains(text(), \"English\")]"}
COMMAND: GET /session/2f3a3ed30178fd4b3e43ef29d6279727/screenshot - {}
RESULT: {"using":"xpath","value":"//span[contains(text(), \"English\")]"}
COMMAND: POST /session/2f3a3ed30178fd4b3e43ef29d6279727/element/f.8627BF333E87AC973E299D2132D92580.d.5E86282D483D42E4682D79ACEF0DE49C.e.2224/click - {}
RESULT: {}
RESULT: {}
COMMAND: POST /session/2f3a3ed30178fd4b3e43ef29d6279727/execute/async - {"script":"<script> [1562 bytes]","args":[{"selector":{"id":"application-managesites-display-component---NewSite--addressDetailDetailsCity1","interaction":{"idSuffix":"inner"}},"wdio_ui5_key":"applicationmanagesites-display-component---NewSite--addressDetailDetailsCity1"}]}
COMMAND: GET /session/2f3a3ed30178fd4b3e43ef29d6279727/screenshot - {}
RESULT: {"script":"<script> [1562 bytes]","args":[{"selector":{"id":"application-managesites-display-component---NewSite--addressDetailDetailsCity1","interaction":{"idSuffix":"inner"}},"wdio_ui5_key":"applicationmanagesites-display-component---NewSite--addressDetailDetailsCity1"}]}
RESULT: undefined
COMMAND: POST /session/2f3a3ed30178fd4b3e43ef29d6279727/execute/async - {"script":"<script> [776 bytes]","args":[{"enterText":"Rosario","selector":{"id":"application-managesites-display-component---NewSite--addressDetailDetailsCity1","interaction":{"idSuffix":"inner"}},"clearTextFirst":true,"interactionType":"ENTER_TEXT"}]}
RESULT: {}
RESULT: {"script":"<script> [776 bytes]","args":[{"enterText":"Rosario","selector":{"id":"application-managesites-display-component---NewSite--addressDetailDetailsCity1","interaction":{"idSuffix":"inner"}},"clearTextFirst":true,"interactionType":"ENTER_TEXT"}]}
COMMAND: POST /session/2f3a3ed30178fd4b3e43ef29d6279727/execute/async - {"script":"<script> [1562 bytes]","args":[{"selector":{"id":"application-managesites-display-component---NewSite--addressDetailDetailsCountry-arrow"},"wdio_ui5_key":"applicationmanagesites-display-component---NewSite--addressDetailDetailsCountry-arrow"}]}
RESULT: {"script":"<script> [1562 bytes]","args":[{"selector":{"id":"application-managesites-display-component---NewSite--addressDetailDetailsCountry-arrow"},"wdio_ui5_key":"applicationmanagesites-display-component---NewSite--addressDetailDetailsCountry-arrow"}]}
RESULT: undefined
COMMAND: POST /session/2f3a3ed30178fd4b3e43ef29d6279727/element - {"using":"xpath","value":"//*[@id=\"application-managesites-display-component---NewSite--addressDetailDetailsCountry-arrow\"]"}
RESULT: {"using":"xpath","value":"//*[@id=\"application-managesites-display-component---NewSite--addressDetailDetailsCountry-arrow\"]"}
COMMAND: POST /session/2f3a3ed30178fd4b3e43ef29d6279727/element/f.8627BF333E87AC973E299D2132D92580.d.5E86282D483D42E4682D79ACEF0DE49C.e.2226/click - {}
RESULT: {}
COMMAND: POST /session/2f3a3ed30178fd4b3e43ef29d6279727/element - {"using":"xpath","value":"//span[contains(text(), \"Argentina\")]"}
COMMAND: GET /session/2f3a3ed30178fd4b3e43ef29d6279727/screenshot - {}
RESULT: {"using":"xpath","value":"//span[contains(text(), \"Argentina\")]"}
COMMAND: POST /session/2f3a3ed30178fd4b3e43ef29d6279727/element/f.8627BF333E87AC973E299D2132D92580.d.5E86282D483D42E4682D79ACEF0DE49C.e.2228/click - {}
RESULT: {}
RESULT: {}
COMMAND: GET /session/2f3a3ed30178fd4b3e43ef29d6279727/screenshot - {}
RESULT: {}
COMMAND: POST /session/2f3a3ed30178fd4b3e43ef29d6279727/execute/async - {"script":"<script> [1562 bytes]","args":[{"selector":{"id":"application-managesites-display-component---NewSite--addressEditDetailsCostObjectCstType-arrow"},"wdio_ui5_key":"applicationmanagesites-display-component---NewSite--addressEditDetailsCostObjectCstType-arrow"}]}
RESULT: {"script":"<script> [1562 bytes]","args":[{"selector":{"id":"application-managesites-display-component---NewSite--addressEditDetailsCostObjectCstType-arrow"},"wdio_ui5_key":"applicationmanagesites-display-component---NewSite--addressEditDetailsCostObjectCstType-arrow"}]}
RESULT: undefined
COMMAND: POST /session/2f3a3ed30178fd4b3e43ef29d6279727/element - {"using":"xpath","value":"//*[@id=\"application-managesites-display-component---NewSite--addressEditDetailsCostObjectCstType-arrow\"]"}
RESULT: {"using":"xpath","value":"//*[@id=\"application-managesites-display-component---NewSite--addressEditDetailsCostObjectCstType-arrow\"]"}
COMMAND: POST /session/2f3a3ed30178fd4b3e43ef29d6279727/element/f.8627BF333E87AC973E299D2132D92580.d.5E86282D483D42E4682D79ACEF0DE49C.e.2229/click - {}
RESULT: {}
COMMAND: POST /session/2f3a3ed30178fd4b3e43ef29d6279727/element - {"using":"xpath","value":"//span[contains(text(), \"Cost Center\")]"}
COMMAND: GET /session/2f3a3ed30178fd4b3e43ef29d6279727/screenshot - {}
RESULT: {"using":"xpath","value":"//span[contains(text(), \"Cost Center\")]"}
COMMAND: POST /session/2f3a3ed30178fd4b3e43ef29d6279727/element/f.8627BF333E87AC973E299D2132D92580.d.5E86282D483D42E4682D79ACEF0DE49C.e.2230/click - {}
RESULT: {}
RESULT: {}
COMMAND: GET /session/2f3a3ed30178fd4b3e43ef29d6279727/screenshot - {}
RESULT: {}
COMMAND: POST /session/2f3a3ed30178fd4b3e43ef29d6279727/element - {"using":"xpath","value":"//span[@id=\"application-managesites-display-component---NewSite--addressNewCostObjectCstID-vhi\"]"}
RESULT: {"using":"xpath","value":"//span[@id=\"application-managesites-display-component---NewSite--addressNewCostObjectCstID-vhi\"]"}
COMMAND: POST /session/2f3a3ed30178fd4b3e43ef29d6279727/execute/sync - {"script":"<script> [8489 bytes]","args":[{"element-6066-11e4-a52e-4f735466cecf":"f.8627BF333E87AC973E299D2132D92580.d.5E86282D483D42E4682D79ACEF0DE49C.e.2233","ELEMENT":"f.8627BF333E87AC973E299D2132D92580.d.5E86282D483D42E4682D79ACEF0DE49C.e.2233"}]}
RESULT: {"script":"<script> [8489 bytes]","args":[{"element-6066-11e4-a52e-4f735466cecf":"f.8627BF333E87AC973E299D2132D92580.d.5E86282D483D42E4682D79ACEF0DE49C.e.2233","ELEMENT":"f.8627BF333E87AC973E299D2132D92580.d.5E86282D483D42E4682D79ACEF0DE49C.e.2233"}]}
COMMAND: POST /session/2f3a3ed30178fd4b3e43ef29d6279727/execute/async - {"script":"<script> [1562 bytes]","args":[{"selector":{"id":"application-managesites-display-component---NewSite--addressNewCostObjectCstID-vhi"},"wdio_ui5_key":"applicationmanagesites-display-component---NewSite--addressNewCostObjectCstID-vhi"}]}
COMMAND: GET /session/2f3a3ed30178fd4b3e43ef29d6279727/screenshot - {}
RESULT: {"script":"<script> [1562 bytes]","args":[{"selector":{"id":"application-managesites-display-component---NewSite--addressNewCostObjectCstID-vhi"},"wdio_ui5_key":"applicationmanagesites-display-component---NewSite--addressNewCostObjectCstID-vhi"}]}
RESULT: undefined
COMMAND: POST /session/2f3a3ed30178fd4b3e43ef29d6279727/element - {"using":"xpath","value":"//*[@id=\"application-managesites-display-component---NewSite--addressNewCostObjectCstID-vhi\"]"}
RESULT: {}
RESULT: {"using":"xpath","value":"//*[@id=\"application-managesites-display-component---NewSite--addressNewCostObjectCstID-vhi\"]"}
COMMAND: POST /session/2f3a3ed30178fd4b3e43ef29d6279727/element/f.8627BF333E87AC973E299D2132D92580.d.5E86282D483D42E4682D79ACEF0DE49C.e.2233/click - {}
RESULT: {}
COMMAND: GET /session/2f3a3ed30178fd4b3e43ef29d6279727/screenshot - {}
RESULT: {}
RESULT: undefined
COMMAND: POST /session/2f3a3ed30178fd4b3e43ef29d6279727/execute/async - {"script":"<script> [776 bytes]","args":[{"enterText":"10001013","selector":{"controlType":"sap.m.SearchField","properties":{"placeholder":"Search"},"searchOpenDialogs":true,"interaction":{"idSuffix":"I"}},"clearTextFirst":true,"interactionType":"ENTER_TEXT"}]}
RESULT: {"script":"<script> [776 bytes]","args":[{"enterText":"10001013","selector":{"controlType":"sap.m.SearchField","properties":{"placeholder":"Search"},"searchOpenDialogs":true,"interaction":{"idSuffix":"I"}},"clearTextFirst":true,"interactionType":"ENTER_TEXT"}]}
COMMAND: POST /session/2f3a3ed30178fd4b3e43ef29d6279727/actions - {"actions":[{"id":"action6","type":"key","parameters":{},"actions":[{"type":"keyDown","value":""},{"type":"pause","duration":10},{"type":"keyUp","value":""}]}]}
RESULT: {"actions":[{"id":"action6","type":"key","parameters":{},"actions":[{"type":"keyDown","value":""},{"type":"pause","duration":10},{"type":"keyUp","value":""}]}]}
COMMAND: GET /session/2f3a3ed30178fd4b3e43ef29d6279727/screenshot - {}
RESULT: {}
COMMAND: POST /session/2f3a3ed30178fd4b3e43ef29d6279727/element - {"using":"xpath","value":"//span[contains(text(), \"General Management\")]"}
RESULT: {"using":"xpath","value":"//span[contains(text(), \"General Management\")]"}
COMMAND: POST /session/2f3a3ed30178fd4b3e43ef29d6279727/element/f.8627BF333E87AC973E299D2132D92580.d.5E86282D483D42E4682D79ACEF0DE49C.e.2239/click - {}
RESULT: {}
COMMAND: GET /session/2f3a3ed30178fd4b3e43ef29d6279727/screenshot - {}
RESULT: {}
COMMAND: POST /session/2f3a3ed30178fd4b3e43ef29d6279727/element - {"using":"xpath","value":"//bdi[contains(text(), \"OK\")]"}
RESULT: {"using":"xpath","value":"//bdi[contains(text(), \"OK\")]"}
COMMAND: POST /session/2f3a3ed30178fd4b3e43ef29d6279727/element/f.8627BF333E87AC973E299D2132D92580.d.5E86282D483D42E4682D79ACEF0DE49C.e.2241/click - {}
RESULT: {}
COMMAND: GET /session/2f3a3ed30178fd4b3e43ef29d6279727/screenshot - {}
RESULT: {}
COMMAND: POST /session/2f3a3ed30178fd4b3e43ef29d6279727/element - {"using":"xpath","value":"//input[@id=\"application-managesites-display-component---NewSite--addressDetailDetailsCalendar-inner\"]"}
RESULT: {"using":"xpath","value":"//input[@id=\"application-managesites-display-component---NewSite--addressDetailDetailsCalendar-inner\"]"}
COMMAND: POST /session/2f3a3ed30178fd4b3e43ef29d6279727/element/f.8627BF333E87AC973E299D2132D92580.d.5E86282D483D42E4682D79ACEF0DE49C.e.2023/clear - {}
RESULT: {}
COMMAND: POST /session/2f3a3ed30178fd4b3e43ef29d6279727/element/f.8627BF333E87AC973E299D2132D92580.d.5E86282D483D42E4682D79ACEF0DE49C.e.2023/value - {"text":"Unit"}
COMMAND: GET /session/2f3a3ed30178fd4b3e43ef29d6279727/screenshot - {}
RESULT: {"text":"Unit"}
COMMAND: GET /session/2f3a3ed30178fd4b3e43ef29d6279727/screenshot - {}
RESULT: {}
RESULT: {}
COMMAND: POST /session/2f3a3ed30178fd4b3e43ef29d6279727/actions - {"actions":[{"id":"action7","type":"key","parameters":{},"actions":[{"type":"keyDown","value":""},{"type":"pause","duration":10},{"type":"keyUp","value":""}]}]}
RESULT: {"actions":[{"id":"action7","type":"key","parameters":{},"actions":[{"type":"keyDown","value":""},{"type":"pause","duration":10},{"type":"keyUp","value":""}]}]}
COMMAND: POST /session/2f3a3ed30178fd4b3e43ef29d6279727/element - {"using":"xpath","value":"//input[@id=\"application-managesites-display-component---NewSite--addressDetailDetailsYard-inner\"]"}
COMMAND: GET /session/2f3a3ed30178fd4b3e43ef29d6279727/screenshot - {}
RESULT: {"using":"xpath","value":"//input[@id=\"application-managesites-display-component---NewSite--addressDetailDetailsYard-inner\"]"}
COMMAND: POST /session/2f3a3ed30178fd4b3e43ef29d6279727/element/f.8627BF333E87AC973E299D2132D92580.d.5E86282D483D42E4682D79ACEF0DE49C.e.2024/clear - {}
RESULT: {}
RESULT: {}
COMMAND: POST /session/2f3a3ed30178fd4b3e43ef29d6279727/element/f.8627BF333E87AC973E299D2132D92580.d.5E86282D483D42E4682D79ACEF0DE49C.e.2024/value - {"text":"739"}
COMMAND: GET /session/2f3a3ed30178fd4b3e43ef29d6279727/screenshot - {}
RESULT: {"text":"739"}
COMMAND: GET /session/2f3a3ed30178fd4b3e43ef29d6279727/screenshot - {}
RESULT: {}
RESULT: {}
COMMAND: POST /session/2f3a3ed30178fd4b3e43ef29d6279727/element - {"using":"xpath","value":"//li[.//span[text()='739']]"}
RESULT: {"using":"xpath","value":"//li[.//span[text()='739']]"}
COMMAND: POST /session/2f3a3ed30178fd4b3e43ef29d6279727/element/f.8627BF333E87AC973E299D2132D92580.d.5E86282D483D42E4682D79ACEF0DE49C.e.2249/click - {}
RESULT: {}
COMMAND: GET /session/2f3a3ed30178fd4b3e43ef29d6279727/screenshot - {}
RESULT: {}
COMMAND: POST /session/2f3a3ed30178fd4b3e43ef29d6279727/element - {"using":"xpath","value":"//input[@id=\"application-managesites-display-component---NewSite--addressDetailDetailsPartner-inner\"]"}
RESULT: {"using":"xpath","value":"//input[@id=\"application-managesites-display-component---NewSite--addressDetailDetailsPartner-inner\"]"}
COMMAND: POST /session/2f3a3ed30178fd4b3e43ef29d6279727/element - {"using":"xpath","value":"//input[@id=\"application-managesites-display-component---NewSite--addressDetailDetailsPartner-inner\"]"}
RESULT: {"using":"xpath","value":"//input[@id=\"application-managesites-display-component---NewSite--addressDetailDetailsPartner-inner\"]"}
COMMAND: POST /session/2f3a3ed30178fd4b3e43ef29d6279727/element - {"using":"xpath","value":"//button[@data-kt=\"saveButton\"]"}
RESULT: {"using":"xpath","value":"//button[@data-kt=\"saveButton\"]"}
COMMAND: POST /session/2f3a3ed30178fd4b3e43ef29d6279727/element/f.8627BF333E87AC973E299D2132D92580.d.5E86282D483D42E4682D79ACEF0DE49C.e.2208/click - {}
RESULT: {}
COMMAND: GET /session/2f3a3ed30178fd4b3e43ef29d6279727/screenshot - {}
RESULT: {}
COMMAND: POST /session/2f3a3ed30178fd4b3e43ef29d6279727/element - {"using":"xpath","value":"//header[contains(@id, 'ObjectPageLayout-headerTitle')]/div[1]/div[2]/div[2]/span[1]"}
RESULT: {"using":"xpath","value":"//header[contains(@id, 'ObjectPageLayout-headerTitle')]/div[1]/div[2]/div[2]/span[1]"}
COMMAND: POST /session/2f3a3ed30178fd4b3e43ef29d6279727/elements - {"using":"xpath","value":"//header[contains(@id, 'ObjectPageLayout-headerTitle')]/div[1]/div[2]/div[2]/span[1]"}
RESULT: {"using":"xpath","value":"//header[contains(@id, 'ObjectPageLayout-headerTitle')]/div[1]/div[2]/div[2]/span[1]"}
COMMAND: POST /session/2f3a3ed30178fd4b3e43ef29d6279727/execute/sync - {"script":"<script> [56 bytes]","args":[{"element-6066-11e4-a52e-4f735466cecf":"f.8627BF333E87AC973E299D2132D92580.d.5E86282D483D42E4682D79ACEF0DE49C.e.2452","ELEMENT":"f.8627BF333E87AC973E299D2132D92580.d.5E86282D483D42E4682D79ACEF0DE49C.e.2452"}]}
RESULT: {"script":"<script> [56 bytes]","args":[{"element-6066-11e4-a52e-4f735466cecf":"f.8627BF333E87AC973E299D2132D92580.d.5E86282D483D42E4682D79ACEF0DE49C.e.2452","ELEMENT":"f.8627BF333E87AC973E299D2132D92580.d.5E86282D483D42E4682D79ACEF0DE49C.e.2452"}]}
COMMAND: POST /session/2f3a3ed30178fd4b3e43ef29d6279727/element - {"using":"css selector","value":"#shell-header-logo"}
COMMAND: GET /session/2f3a3ed30178fd4b3e43ef29d6279727/screenshot - {}
RESULT: {"using":"css selector","value":"#shell-header-logo"}
COMMAND: POST /session/2f3a3ed30178fd4b3e43ef29d6279727/element/f.8627BF333E87AC973E299D2132D92580.d.5E86282D483D42E4682D79ACEF0DE49C.e.1780/click - {}
RESULT: {}
RESULT: {}
COMMAND: GET /session/2f3a3ed30178fd4b3e43ef29d6279727/screenshot - {}
RESULT: {}
COMMAND: POST /session/2f3a3ed30178fd4b3e43ef29d6279727/execute/sync - {"script":"<script> [299 bytes]","args":[["getModel","getResource"]]}
RESULT: {"script":"<script> [299 bytes]","args":[["getModel","getResource"]]}
]]></system-out>
    </testcase>
    <testcase classname="chrome.135_0_7049_42.windows.Billing_confirm_US117289" name="Should create a new equipment" time="109.262">
      <system-out><![CDATA[
COMMAND: GET /session/2f3a3ed30178fd4b3e43ef29d6279727/screenshot - {}
COMMAND: POST /session/2f3a3ed30178fd4b3e43ef29d6279727/execute/async - {"script":"<script> [1562 bytes]","args":[{"selector":{"controlType":"sap.m.GenericTile","properties":{"header":"Manage Resources"}},"wdio_ui5_key":"sapm.GenericTile{\"header\":\"Manage Resources\"}"}]}
RESULT: {"script":"<script> [1562 bytes]","args":[{"selector":{"controlType":"sap.m.GenericTile","properties":{"header":"Manage Resources"}},"wdio_ui5_key":"sapm.GenericTile{\"header\":\"Manage Resources\"}"}]}
RESULT: undefined
COMMAND: POST /session/2f3a3ed30178fd4b3e43ef29d6279727/element - {"using":"xpath","value":"//*[@id=\"__tile39\"]"}
RESULT: {}
RESULT: {"using":"xpath","value":"//*[@id=\"__tile39\"]"}
COMMAND: POST /session/2f3a3ed30178fd4b3e43ef29d6279727/element/f.8627BF333E87AC973E299D2132D92580.d.5E86282D483D42E4682D79ACEF0DE49C.e.144/click - {}
RESULT: {}
COMMAND: POST /session/2f3a3ed30178fd4b3e43ef29d6279727/element - {"using":"xpath","value":"//button[@data-kt=\"addNewRUOverflowToolbarButton\"]"}
COMMAND: GET /session/2f3a3ed30178fd4b3e43ef29d6279727/screenshot - {}
RESULT: {"using":"xpath","value":"//button[@data-kt=\"addNewRUOverflowToolbarButton\"]"}
COMMAND: POST /session/2f3a3ed30178fd4b3e43ef29d6279727/elements - {"using":"xpath","value":"//button[@data-kt=\"addNewRUOverflowToolbarButton\"]"}
RESULT: {}
RESULT: {"using":"xpath","value":"//button[@data-kt=\"addNewRUOverflowToolbarButton\"]"}
COMMAND: POST /session/2f3a3ed30178fd4b3e43ef29d6279727/elements - {"using":"xpath","value":"//button[@data-kt=\"addNewRUOverflowToolbarButton\"]"}
RESULT: {"using":"xpath","value":"//button[@data-kt=\"addNewRUOverflowToolbarButton\"]"}
COMMAND: POST /session/2f3a3ed30178fd4b3e43ef29d6279727/elements - {"using":"xpath","value":"//button[@data-kt=\"addNewRUOverflowToolbarButton\"]"}
RESULT: {"using":"xpath","value":"//button[@data-kt=\"addNewRUOverflowToolbarButton\"]"}
COMMAND: POST /session/2f3a3ed30178fd4b3e43ef29d6279727/elements - {"using":"xpath","value":"//button[@data-kt=\"addNewRUOverflowToolbarButton\"]"}
RESULT: {"using":"xpath","value":"//button[@data-kt=\"addNewRUOverflowToolbarButton\"]"}
COMMAND: POST /session/2f3a3ed30178fd4b3e43ef29d6279727/elements - {"using":"xpath","value":"//button[@data-kt=\"addNewRUOverflowToolbarButton\"]"}
RESULT: {"using":"xpath","value":"//button[@data-kt=\"addNewRUOverflowToolbarButton\"]"}
COMMAND: POST /session/2f3a3ed30178fd4b3e43ef29d6279727/elements - {"using":"xpath","value":"//button[@data-kt=\"addNewRUOverflowToolbarButton\"]"}
RESULT: undefined
RESULT: undefined
RESULT: {"using":"xpath","value":"//button[@data-kt=\"addNewRUOverflowToolbarButton\"]"}
COMMAND: POST /session/2f3a3ed30178fd4b3e43ef29d6279727/elements - {"using":"xpath","value":"//button[@data-kt=\"addNewRUOverflowToolbarButton\"]"}
RESULT: {"using":"xpath","value":"//button[@data-kt=\"addNewRUOverflowToolbarButton\"]"}
COMMAND: POST /session/2f3a3ed30178fd4b3e43ef29d6279727/elements - {"using":"xpath","value":"//button[@data-kt=\"addNewRUOverflowToolbarButton\"]"}
RESULT: {"using":"xpath","value":"//button[@data-kt=\"addNewRUOverflowToolbarButton\"]"}
COMMAND: POST /session/2f3a3ed30178fd4b3e43ef29d6279727/elements - {"using":"xpath","value":"//button[@data-kt=\"addNewRUOverflowToolbarButton\"]"}
RESULT: {"using":"xpath","value":"//button[@data-kt=\"addNewRUOverflowToolbarButton\"]"}
COMMAND: POST /session/2f3a3ed30178fd4b3e43ef29d6279727/elements - {"using":"xpath","value":"//button[@data-kt=\"addNewRUOverflowToolbarButton\"]"}
RESULT: {"using":"xpath","value":"//button[@data-kt=\"addNewRUOverflowToolbarButton\"]"}
COMMAND: POST /session/2f3a3ed30178fd4b3e43ef29d6279727/elements - {"using":"xpath","value":"//button[@data-kt=\"addNewRUOverflowToolbarButton\"]"}
RESULT: {"using":"xpath","value":"//button[@data-kt=\"addNewRUOverflowToolbarButton\"]"}
COMMAND: POST /session/2f3a3ed30178fd4b3e43ef29d6279727/elements - {"using":"xpath","value":"//button[@data-kt=\"addNewRUOverflowToolbarButton\"]"}
RESULT: {"using":"xpath","value":"//button[@data-kt=\"addNewRUOverflowToolbarButton\"]"}
COMMAND: POST /session/2f3a3ed30178fd4b3e43ef29d6279727/elements - {"using":"xpath","value":"//button[@data-kt=\"addNewRUOverflowToolbarButton\"]"}
RESULT: {"using":"xpath","value":"//button[@data-kt=\"addNewRUOverflowToolbarButton\"]"}
COMMAND: POST /session/2f3a3ed30178fd4b3e43ef29d6279727/elements - {"using":"xpath","value":"//button[@data-kt=\"addNewRUOverflowToolbarButton\"]"}
RESULT: {"using":"xpath","value":"//button[@data-kt=\"addNewRUOverflowToolbarButton\"]"}
COMMAND: POST /session/2f3a3ed30178fd4b3e43ef29d6279727/element - {"using":"xpath","value":"//button[@data-kt=\"addNewRUOverflowToolbarButton\"]"}
RESULT: {"using":"xpath","value":"//button[@data-kt=\"addNewRUOverflowToolbarButton\"]"}
COMMAND: POST /session/2f3a3ed30178fd4b3e43ef29d6279727/execute/sync - {"script":"<script> [8489 bytes]","args":[{"element-6066-11e4-a52e-4f735466cecf":"f.8627BF333E87AC973E299D2132D92580.d.5E86282D483D42E4682D79ACEF0DE49C.e.2495","ELEMENT":"f.8627BF333E87AC973E299D2132D92580.d.5E86282D483D42E4682D79ACEF0DE49C.e.2495"}]}
RESULT: {"script":"<script> [8489 bytes]","args":[{"element-6066-11e4-a52e-4f735466cecf":"f.8627BF333E87AC973E299D2132D92580.d.5E86282D483D42E4682D79ACEF0DE49C.e.2495","ELEMENT":"f.8627BF333E87AC973E299D2132D92580.d.5E86282D483D42E4682D79ACEF0DE49C.e.2495"}]}
COMMAND: GET /session/2f3a3ed30178fd4b3e43ef29d6279727/element/f.8627BF333E87AC973E299D2132D92580.d.5E86282D483D42E4682D79ACEF0DE49C.e.2495/enabled - {}
COMMAND: GET /session/2f3a3ed30178fd4b3e43ef29d6279727/screenshot - {}
RESULT: {}
COMMAND: POST /session/2f3a3ed30178fd4b3e43ef29d6279727/execute/sync - {"script":"<script> [8489 bytes]","args":[{"element-6066-11e4-a52e-4f735466cecf":"f.8627BF333E87AC973E299D2132D92580.d.5E86282D483D42E4682D79ACEF0DE49C.e.2495","ELEMENT":"f.8627BF333E87AC973E299D2132D92580.d.5E86282D483D42E4682D79ACEF0DE49C.e.2495"}]}
COMMAND: GET /session/2f3a3ed30178fd4b3e43ef29d6279727/screenshot - {}
RESULT: {}
RESULT: {"script":"<script> [8489 bytes]","args":[{"element-6066-11e4-a52e-4f735466cecf":"f.8627BF333E87AC973E299D2132D92580.d.5E86282D483D42E4682D79ACEF0DE49C.e.2495","ELEMENT":"f.8627BF333E87AC973E299D2132D92580.d.5E86282D483D42E4682D79ACEF0DE49C.e.2495"}]}
COMMAND: POST /session/2f3a3ed30178fd4b3e43ef29d6279727/execute/sync - {"script":"<script> [5351 bytes]","args":[{"element-6066-11e4-a52e-4f735466cecf":"f.8627BF333E87AC973E299D2132D92580.d.5E86282D483D42E4682D79ACEF0DE49C.e.2495","ELEMENT":"f.8627BF333E87AC973E299D2132D92580.d.5E86282D483D42E4682D79ACEF0DE49C.e.2495"}]}
COMMAND: GET /session/2f3a3ed30178fd4b3e43ef29d6279727/screenshot - {}
RESULT: {}
RESULT: {"script":"<script> [5351 bytes]","args":[{"element-6066-11e4-a52e-4f735466cecf":"f.8627BF333E87AC973E299D2132D92580.d.5E86282D483D42E4682D79ACEF0DE49C.e.2495","ELEMENT":"f.8627BF333E87AC973E299D2132D92580.d.5E86282D483D42E4682D79ACEF0DE49C.e.2495"}]}
COMMAND: POST /session/2f3a3ed30178fd4b3e43ef29d6279727/element/f.8627BF333E87AC973E299D2132D92580.d.5E86282D483D42E4682D79ACEF0DE49C.e.2495/click - {}
COMMAND: GET /session/2f3a3ed30178fd4b3e43ef29d6279727/screenshot - {}
RESULT: {}
RESULT: {}
COMMAND: GET /session/2f3a3ed30178fd4b3e43ef29d6279727/screenshot - {}
RESULT: {}
RESULT: {}
COMMAND: POST /session/2f3a3ed30178fd4b3e43ef29d6279727/execute/async - {"script":"<script> [1562 bytes]","args":[{"selector":{"id":"application-manageresources-display-component---newResourceUnit--TYPE-arrow"},"wdio_ui5_key":"applicationmanageresources-display-component---newResourceUnit--TYPE-arrow"}]}
RESULT: {"script":"<script> [1562 bytes]","args":[{"selector":{"id":"application-manageresources-display-component---newResourceUnit--TYPE-arrow"},"wdio_ui5_key":"applicationmanageresources-display-component---newResourceUnit--TYPE-arrow"}]}
RESULT: undefined
COMMAND: POST /session/2f3a3ed30178fd4b3e43ef29d6279727/element - {"using":"xpath","value":"//*[@id=\"application-manageresources-display-component---newResourceUnit--TYPE-arrow\"]"}
RESULT: {"using":"xpath","value":"//*[@id=\"application-manageresources-display-component---newResourceUnit--TYPE-arrow\"]"}
COMMAND: POST /session/2f3a3ed30178fd4b3e43ef29d6279727/element/f.8627BF333E87AC973E299D2132D92580.d.5E86282D483D42E4682D79ACEF0DE49C.e.2848/click - {}
RESULT: {}
COMMAND: POST /session/2f3a3ed30178fd4b3e43ef29d6279727/element - {"using":"xpath","value":"//input[@id=\"application-manageresources-display-component---newResourceUnit--TYPE-inner\"]"}
COMMAND: GET /session/2f3a3ed30178fd4b3e43ef29d6279727/screenshot - {}
RESULT: {"using":"xpath","value":"//input[@id=\"application-manageresources-display-component---newResourceUnit--TYPE-inner\"]"}
COMMAND: POST /session/2f3a3ed30178fd4b3e43ef29d6279727/element/f.8627BF333E87AC973E299D2132D92580.d.5E86282D483D42E4682D79ACEF0DE49C.e.2824/clear - {}
RESULT: {}
RESULT: {}
COMMAND: POST /session/2f3a3ed30178fd4b3e43ef29d6279727/element/f.8627BF333E87AC973E299D2132D92580.d.5E86282D483D42E4682D79ACEF0DE49C.e.2824/value - {"text":"Equipment"}
COMMAND: GET /session/2f3a3ed30178fd4b3e43ef29d6279727/screenshot - {}
RESULT: {"text":"Equipment"}
COMMAND: GET /session/2f3a3ed30178fd4b3e43ef29d6279727/screenshot - {}
RESULT: {}
RESULT: {}
COMMAND: POST /session/2f3a3ed30178fd4b3e43ef29d6279727/actions - {"actions":[{"id":"action8","type":"key","parameters":{},"actions":[{"type":"keyDown","value":""},{"type":"pause","duration":10},{"type":"keyUp","value":""}]}]}
RESULT: {"actions":[{"id":"action8","type":"key","parameters":{},"actions":[{"type":"keyDown","value":""},{"type":"pause","duration":10},{"type":"keyUp","value":""}]}]}
COMMAND: POST /session/2f3a3ed30178fd4b3e43ef29d6279727/execute/async - {"script":"<script> [1562 bytes]","args":[{"selector":{"id":"application-manageresources-display-component---newResourceUnit--resourceId","interaction":{"idSuffix":"inner"}},"wdio_ui5_key":"applicationmanageresources-display-component---newResourceUnit--resourceId"}]}
COMMAND: GET /session/2f3a3ed30178fd4b3e43ef29d6279727/screenshot - {}
RESULT: {"script":"<script> [1562 bytes]","args":[{"selector":{"id":"application-manageresources-display-component---newResourceUnit--resourceId","interaction":{"idSuffix":"inner"}},"wdio_ui5_key":"applicationmanageresources-display-component---newResourceUnit--resourceId"}]}
RESULT: undefined
COMMAND: POST /session/2f3a3ed30178fd4b3e43ef29d6279727/execute/async - {"script":"<script> [776 bytes]","args":[{"enterText":"hDo3YYnFMv","selector":{"id":"application-manageresources-display-component---newResourceUnit--resourceId","interaction":{"idSuffix":"inner"}},"clearTextFirst":true,"interactionType":"ENTER_TEXT"}]}
RESULT: {}
RESULT: {"script":"<script> [776 bytes]","args":[{"enterText":"hDo3YYnFMv","selector":{"id":"application-manageresources-display-component---newResourceUnit--resourceId","interaction":{"idSuffix":"inner"}},"clearTextFirst":true,"interactionType":"ENTER_TEXT"}]}
COMMAND: POST /session/2f3a3ed30178fd4b3e43ef29d6279727/execute/async - {"script":"<script> [1562 bytes]","args":[{"selector":{"id":"application-manageresources-display-component---newResourceUnit--SHORT_TEXT","interaction":{"idSuffix":"inner"}},"wdio_ui5_key":"applicationmanageresources-display-component---newResourceUnit--SHORT_TEXT"}]}
RESULT: {"script":"<script> [1562 bytes]","args":[{"selector":{"id":"application-manageresources-display-component---newResourceUnit--SHORT_TEXT","interaction":{"idSuffix":"inner"}},"wdio_ui5_key":"applicationmanageresources-display-component---newResourceUnit--SHORT_TEXT"}]}
RESULT: undefined
COMMAND: POST /session/2f3a3ed30178fd4b3e43ef29d6279727/execute/async - {"script":"<script> [776 bytes]","args":[{"enterText":"Intercompany Equipment WDIO","selector":{"id":"application-manageresources-display-component---newResourceUnit--SHORT_TEXT","interaction":{"idSuffix":"inner"}},"clearTextFirst":true,"interactionType":"ENTER_TEXT"}]}
RESULT: {"script":"<script> [776 bytes]","args":[{"enterText":"Intercompany Equipment WDIO","selector":{"id":"application-manageresources-display-component---newResourceUnit--SHORT_TEXT","interaction":{"idSuffix":"inner"}},"clearTextFirst":true,"interactionType":"ENTER_TEXT"}]}
COMMAND: POST /session/2f3a3ed30178fd4b3e43ef29d6279727/execute/async - {"script":"<script> [1562 bytes]","args":[{"selector":{"id":"application-manageresources-display-component---newResourceUnit--BASE_UNIT_OF_MEASURE","interaction":{"idSuffix":"inner"}},"wdio_ui5_key":"applicationmanageresources-display-component---newResourceUnit--BASE_UNIT_OF_MEASURE"}]}
RESULT: {"script":"<script> [1562 bytes]","args":[{"selector":{"id":"application-manageresources-display-component---newResourceUnit--BASE_UNIT_OF_MEASURE","interaction":{"idSuffix":"inner"}},"wdio_ui5_key":"applicationmanageresources-display-component---newResourceUnit--BASE_UNIT_OF_MEASURE"}]}
RESULT: undefined
COMMAND: POST /session/2f3a3ed30178fd4b3e43ef29d6279727/execute/async - {"script":"<script> [776 bytes]","args":[{"enterText":"Piece","selector":{"id":"application-manageresources-display-component---newResourceUnit--BASE_UNIT_OF_MEASURE","interaction":{"idSuffix":"inner"}},"clearTextFirst":true,"interactionType":"ENTER_TEXT"}]}
RESULT: {"script":"<script> [776 bytes]","args":[{"enterText":"Piece","selector":{"id":"application-manageresources-display-component---newResourceUnit--BASE_UNIT_OF_MEASURE","interaction":{"idSuffix":"inner"}},"clearTextFirst":true,"interactionType":"ENTER_TEXT"}]}
COMMAND: POST /session/2f3a3ed30178fd4b3e43ef29d6279727/execute/async - {"script":"<script> [1562 bytes]","args":[{"selector":{"id":"application-manageresources-display-component---newResourceUnit--WEIGHT_UNIT","interaction":{"idSuffix":"inner"}},"wdio_ui5_key":"applicationmanageresources-display-component---newResourceUnit--WEIGHT_UNIT"}]}
RESULT: {"script":"<script> [1562 bytes]","args":[{"selector":{"id":"application-manageresources-display-component---newResourceUnit--WEIGHT_UNIT","interaction":{"idSuffix":"inner"}},"wdio_ui5_key":"applicationmanageresources-display-component---newResourceUnit--WEIGHT_UNIT"}]}
RESULT: undefined
COMMAND: POST /session/2f3a3ed30178fd4b3e43ef29d6279727/execute/async - {"script":"<script> [776 bytes]","args":[{"enterText":"Gram","selector":{"id":"application-manageresources-display-component---newResourceUnit--WEIGHT_UNIT","interaction":{"idSuffix":"inner"}},"clearTextFirst":true,"interactionType":"ENTER_TEXT"}]}
RESULT: {"script":"<script> [776 bytes]","args":[{"enterText":"Gram","selector":{"id":"application-manageresources-display-component---newResourceUnit--WEIGHT_UNIT","interaction":{"idSuffix":"inner"}},"clearTextFirst":true,"interactionType":"ENTER_TEXT"}]}
COMMAND: POST /session/2f3a3ed30178fd4b3e43ef29d6279727/execute/async - {"script":"<script> [1562 bytes]","args":[{"selector":{"id":"application-manageresources-display-component---newResourceUnit--DIMENSION_UNIT","interaction":{"idSuffix":"inner"}},"wdio_ui5_key":"applicationmanageresources-display-component---newResourceUnit--DIMENSION_UNIT"}]}
RESULT: {"script":"<script> [1562 bytes]","args":[{"selector":{"id":"application-manageresources-display-component---newResourceUnit--DIMENSION_UNIT","interaction":{"idSuffix":"inner"}},"wdio_ui5_key":"applicationmanageresources-display-component---newResourceUnit--DIMENSION_UNIT"}]}
RESULT: undefined
COMMAND: POST /session/2f3a3ed30178fd4b3e43ef29d6279727/execute/async - {"script":"<script> [776 bytes]","args":[{"enterText":"Meter","selector":{"id":"application-manageresources-display-component---newResourceUnit--DIMENSION_UNIT","interaction":{"idSuffix":"inner"}},"clearTextFirst":true,"interactionType":"ENTER_TEXT"}]}
RESULT: {"script":"<script> [776 bytes]","args":[{"enterText":"Meter","selector":{"id":"application-manageresources-display-component---newResourceUnit--DIMENSION_UNIT","interaction":{"idSuffix":"inner"}},"clearTextFirst":true,"interactionType":"ENTER_TEXT"}]}
COMMAND: POST /session/2f3a3ed30178fd4b3e43ef29d6279727/execute/async - {"script":"<script> [1562 bytes]","args":[{"selector":{"id":"application-manageresources-display-component---newResourceUnit--newRRUPage-anchBar-application-manageresources-display-component---newResourceUnit--control-anchor","interaction":{"idSuffix":"BDI-content"}},"wdio_ui5_key":"applicationmanageresources-display-component---newResourceUnit--newRRUPage-anchBar-application-manageresources-display-component---newResourceUnit--control-anchor"}]}
RESULT: {"script":"<script> [1562 bytes]","args":[{"selector":{"id":"application-manageresources-display-component---newResourceUnit--newRRUPage-anchBar-application-manageresources-display-component---newResourceUnit--control-anchor","interaction":{"idSuffix":"BDI-content"}},"wdio_ui5_key":"applicationmanageresources-display-component---newResourceUnit--newRRUPage-anchBar-application-manageresources-display-component---newResourceUnit--control-anchor"}]}
RESULT: undefined
COMMAND: POST /session/2f3a3ed30178fd4b3e43ef29d6279727/element - {"using":"xpath","value":"//*[@id=\"application-manageresources-display-component---newResourceUnit--newRRUPage-anchBar-application-manageresources-display-component---newResourceUnit--control-anchor\"]"}
RESULT: {"using":"xpath","value":"//*[@id=\"application-manageresources-display-component---newResourceUnit--newRRUPage-anchBar-application-manageresources-display-component---newResourceUnit--control-anchor\"]"}
COMMAND: POST /session/2f3a3ed30178fd4b3e43ef29d6279727/element/f.8627BF333E87AC973E299D2132D92580.d.5E86282D483D42E4682D79ACEF0DE49C.e.2981/click - {}
RESULT: {}
COMMAND: POST /session/2f3a3ed30178fd4b3e43ef29d6279727/execute/async - {"script":"<script> [1562 bytes]","args":[{"selector":{"id":"application-manageresources-display-component---newResourceUnit--PLANNING_GROUP","interaction":{"idSuffix":"inner"}},"wdio_ui5_key":"applicationmanageresources-display-component---newResourceUnit--PLANNING_GROUP"}]}
COMMAND: GET /session/2f3a3ed30178fd4b3e43ef29d6279727/screenshot - {}
RESULT: {"script":"<script> [1562 bytes]","args":[{"selector":{"id":"application-manageresources-display-component---newResourceUnit--PLANNING_GROUP","interaction":{"idSuffix":"inner"}},"wdio_ui5_key":"applicationmanageresources-display-component---newResourceUnit--PLANNING_GROUP"}]}
RESULT: undefined
COMMAND: POST /session/2f3a3ed30178fd4b3e43ef29d6279727/execute/async - {"script":"<script> [776 bytes]","args":[{"enterText":"Heavy Equi","selector":{"id":"application-manageresources-display-component---newResourceUnit--PLANNING_GROUP","interaction":{"idSuffix":"inner"}},"clearTextFirst":true,"interactionType":"ENTER_TEXT"}]}
RESULT: {}
RESULT: {"script":"<script> [776 bytes]","args":[{"enterText":"Heavy Equi","selector":{"id":"application-manageresources-display-component---newResourceUnit--PLANNING_GROUP","interaction":{"idSuffix":"inner"}},"clearTextFirst":true,"interactionType":"ENTER_TEXT"}]}
COMMAND: POST /session/2f3a3ed30178fd4b3e43ef29d6279727/execute/async - {"script":"<script> [1562 bytes]","args":[{"selector":{"id":"application-manageresources-display-component---newResourceUnit--ITEM_TYPE-arrow"},"wdio_ui5_key":"applicationmanageresources-display-component---newResourceUnit--ITEM_TYPE-arrow"}]}
RESULT: {"script":"<script> [1562 bytes]","args":[{"selector":{"id":"application-manageresources-display-component---newResourceUnit--ITEM_TYPE-arrow"},"wdio_ui5_key":"applicationmanageresources-display-component---newResourceUnit--ITEM_TYPE-arrow"}]}
RESULT: undefined
COMMAND: POST /session/2f3a3ed30178fd4b3e43ef29d6279727/element - {"using":"xpath","value":"//*[@id=\"application-manageresources-display-component---newResourceUnit--ITEM_TYPE-arrow\"]"}
RESULT: {"using":"xpath","value":"//*[@id=\"application-manageresources-display-component---newResourceUnit--ITEM_TYPE-arrow\"]"}
COMMAND: POST /session/2f3a3ed30178fd4b3e43ef29d6279727/element/f.8627BF333E87AC973E299D2132D92580.d.5E86282D483D42E4682D79ACEF0DE49C.e.2988/click - {}
RESULT: {}
COMMAND: POST /session/2f3a3ed30178fd4b3e43ef29d6279727/element - {"using":"xpath","value":"(//span[contains(text(), \"Resource Unit\")])[2]"}
COMMAND: GET /session/2f3a3ed30178fd4b3e43ef29d6279727/screenshot - {}
RESULT: {"using":"xpath","value":"(//span[contains(text(), \"Resource Unit\")])[2]"}
COMMAND: POST /session/2f3a3ed30178fd4b3e43ef29d6279727/element/f.8627BF333E87AC973E299D2132D92580.d.5E86282D483D42E4682D79ACEF0DE49C.e.2989/click - {}
RESULT: {}
RESULT: {}
COMMAND: GET /session/2f3a3ed30178fd4b3e43ef29d6279727/screenshot - {}
RESULT: {}
COMMAND: POST /session/2f3a3ed30178fd4b3e43ef29d6279727/element - {"using":"css selector","value":"#application-manageresources-display-component---newResourceUnit--btnAddTimeSegment"}
RESULT: {"using":"css selector","value":"#application-manageresources-display-component---newResourceUnit--btnAddTimeSegment"}
COMMAND: GET /session/2f3a3ed30178fd4b3e43ef29d6279727/element/f.8627BF333E87AC973E299D2132D92580.d.5E86282D483D42E4682D79ACEF0DE49C.e.2990/rect - {}
RESULT: {}
COMMAND: GET /session/2f3a3ed30178fd4b3e43ef29d6279727/window/rect - {}
RESULT: {}
COMMAND: POST /session/2f3a3ed30178fd4b3e43ef29d6279727/execute/sync - {"script":"<script> [92 bytes]","args":[]}
RESULT: {"script":"<script> [92 bytes]","args":[]}
COMMAND: POST /session/2f3a3ed30178fd4b3e43ef29d6279727/actions - {"actions":[{"id":"action9","type":"wheel","parameters":{},"actions":[{"type":"scroll","x":-1888,"y":-32,"deltaX":0,"deltaY":0,"duration":0,"origin":{"element-6066-11e4-a52e-4f735466cecf":"f.8627BF333E87AC973E299D2132D92580.d.5E86282D483D42E4682D79ACEF0DE49C.e.2990"}}]}]}
COMMAND: GET /session/2f3a3ed30178fd4b3e43ef29d6279727/screenshot - {}
RESULT: {}
COMMAND: POST /session/2f3a3ed30178fd4b3e43ef29d6279727/execute/sync - {"script":"<script> [79 bytes]","args":[{"element-6066-11e4-a52e-4f735466cecf":"f.8627BF333E87AC973E299D2132D92580.d.5E86282D483D42E4682D79ACEF0DE49C.e.2990","ELEMENT":"f.8627BF333E87AC973E299D2132D92580.d.5E86282D483D42E4682D79ACEF0DE49C.e.2990"},{"block":"start","inline":"nearest"}]}
RESULT: {"script":"<script> [79 bytes]","args":[{"element-6066-11e4-a52e-4f735466cecf":"f.8627BF333E87AC973E299D2132D92580.d.5E86282D483D42E4682D79ACEF0DE49C.e.2990","ELEMENT":"f.8627BF333E87AC973E299D2132D92580.d.5E86282D483D42E4682D79ACEF0DE49C.e.2990"},{"block":"start","inline":"nearest"}]}
COMMAND: POST /session/2f3a3ed30178fd4b3e43ef29d6279727/execute/async - {"script":"<script> [1562 bytes]","args":[{"selector":{"id":"application-manageresources-display-component---newResourceUnit--btnAddTimeSegment","interaction":{"idSuffix":"inner"}},"wdio_ui5_key":"applicationmanageresources-display-component---newResourceUnit--btnAddTimeSegment"}]}
COMMAND: GET /session/2f3a3ed30178fd4b3e43ef29d6279727/screenshot - {}
RESULT: {"script":"<script> [1562 bytes]","args":[{"selector":{"id":"application-manageresources-display-component---newResourceUnit--btnAddTimeSegment","interaction":{"idSuffix":"inner"}},"wdio_ui5_key":"applicationmanageresources-display-component---newResourceUnit--btnAddTimeSegment"}]}
RESULT: undefined
COMMAND: POST /session/2f3a3ed30178fd4b3e43ef29d6279727/element - {"using":"xpath","value":"//*[@id=\"application-manageresources-display-component---newResourceUnit--btnAddTimeSegment\"]"}
RESULT: {}
RESULT: {"using":"xpath","value":"//*[@id=\"application-manageresources-display-component---newResourceUnit--btnAddTimeSegment\"]"}
COMMAND: POST /session/2f3a3ed30178fd4b3e43ef29d6279727/element/f.8627BF333E87AC973E299D2132D92580.d.5E86282D483D42E4682D79ACEF0DE49C.e.2990/click - {}
RESULT: {}
COMMAND: GET /session/2f3a3ed30178fd4b3e43ef29d6279727/screenshot - {}
RESULT: {}
COMMAND: POST /session/2f3a3ed30178fd4b3e43ef29d6279727/element - {"using":"xpath","value":"//input[@id=\"application-manageresources-display-component---newResourceUnit--idRuTSAdmin-application-manageresources-display-component---newResourceUnit--RUTimeSegment-0-inner\"]"}
RESULT: {"using":"xpath","value":"//input[@id=\"application-manageresources-display-component---newResourceUnit--idRuTSAdmin-application-manageresources-display-component---newResourceUnit--RUTimeSegment-0-inner\"]"}
COMMAND: POST /session/2f3a3ed30178fd4b3e43ef29d6279727/element/f.8627BF333E87AC973E299D2132D92580.d.5E86282D483D42E4682D79ACEF0DE49C.e.2996/clear - {}
RESULT: {}
COMMAND: POST /session/2f3a3ed30178fd4b3e43ef29d6279727/element/f.8627BF333E87AC973E299D2132D92580.d.5E86282D483D42E4682D79ACEF0DE49C.e.2996/value - {"text":"739"}
COMMAND: GET /session/2f3a3ed30178fd4b3e43ef29d6279727/screenshot - {}
RESULT: {"text":"739"}
COMMAND: GET /session/2f3a3ed30178fd4b3e43ef29d6279727/screenshot - {}
RESULT: {}
RESULT: {}
COMMAND: POST /session/2f3a3ed30178fd4b3e43ef29d6279727/element - {"using":"xpath","value":"//li[.//span[text()='739']]"}
RESULT: {"using":"xpath","value":"//li[.//span[text()='739']]"}
COMMAND: POST /session/2f3a3ed30178fd4b3e43ef29d6279727/element/f.8627BF333E87AC973E299D2132D92580.d.5E86282D483D42E4682D79ACEF0DE49C.e.3008/click - {}
RESULT: {}
COMMAND: GET /session/2f3a3ed30178fd4b3e43ef29d6279727/screenshot - {}
RESULT: {}
COMMAND: POST /session/2f3a3ed30178fd4b3e43ef29d6279727/element - {"using":"xpath","value":"(//span[contains(@id, \"-application-manageresources-display-component---newResourceUnit--RUTimeSegment-0-arrow\")])[6]"}
RESULT: {"using":"xpath","value":"(//span[contains(@id, \"-application-manageresources-display-component---newResourceUnit--RUTimeSegment-0-arrow\")])[6]"}
COMMAND: POST /session/2f3a3ed30178fd4b3e43ef29d6279727/element/f.8627BF333E87AC973E299D2132D92580.d.5E86282D483D42E4682D79ACEF0DE49C.e.3009/click - {}
RESULT: {}
COMMAND: POST /session/2f3a3ed30178fd4b3e43ef29d6279727/element - {"using":"xpath","value":"//span[contains(text(), \"PM Order\")]"}
COMMAND: GET /session/2f3a3ed30178fd4b3e43ef29d6279727/screenshot - {}
RESULT: {"using":"xpath","value":"//span[contains(text(), \"PM Order\")]"}
COMMAND: POST /session/2f3a3ed30178fd4b3e43ef29d6279727/element/f.8627BF333E87AC973E299D2132D92580.d.5E86282D483D42E4682D79ACEF0DE49C.e.3012/click - {}
RESULT: {}
RESULT: {}
COMMAND: GET /session/2f3a3ed30178fd4b3e43ef29d6279727/screenshot - {}
RESULT: {}
COMMAND: POST /session/2f3a3ed30178fd4b3e43ef29d6279727/element - {"using":"xpath","value":"(//span[contains(@id ,\"manageresources-display-component---newResourceUnit--RUTimeSegment-0-vhi\")])[2]"}
RESULT: {"using":"xpath","value":"(//span[contains(@id ,\"manageresources-display-component---newResourceUnit--RUTimeSegment-0-vhi\")])[2]"}
COMMAND: POST /session/2f3a3ed30178fd4b3e43ef29d6279727/element/f.8627BF333E87AC973E299D2132D92580.d.5E86282D483D42E4682D79ACEF0DE49C.e.3015/click - {}
RESULT: {}
COMMAND: GET /session/2f3a3ed30178fd4b3e43ef29d6279727/screenshot - {}
RESULT: {}
RESULT: undefined
COMMAND: POST /session/2f3a3ed30178fd4b3e43ef29d6279727/execute/async - {"script":"<script> [776 bytes]","args":[{"enterText":"4000360","selector":{"controlType":"sap.m.SearchField","properties":{"placeholder":"Search"},"searchOpenDialogs":true,"interaction":{"idSuffix":"I"}},"clearTextFirst":true,"interactionType":"ENTER_TEXT"}]}
RESULT: {"script":"<script> [776 bytes]","args":[{"enterText":"4000360","selector":{"controlType":"sap.m.SearchField","properties":{"placeholder":"Search"},"searchOpenDialogs":true,"interaction":{"idSuffix":"I"}},"clearTextFirst":true,"interactionType":"ENTER_TEXT"}]}
COMMAND: POST /session/2f3a3ed30178fd4b3e43ef29d6279727/actions - {"actions":[{"id":"action10","type":"key","parameters":{},"actions":[{"type":"keyDown","value":""},{"type":"pause","duration":10},{"type":"keyUp","value":""}]}]}
RESULT: {"actions":[{"id":"action10","type":"key","parameters":{},"actions":[{"type":"keyDown","value":""},{"type":"pause","duration":10},{"type":"keyUp","value":""}]}]}
COMMAND: GET /session/2f3a3ed30178fd4b3e43ef29d6279727/screenshot - {}
RESULT: {}
COMMAND: POST /session/2f3a3ed30178fd4b3e43ef29d6279727/element - {"using":"xpath","value":"//td/div/span[contains(text(), \"BGL Vehicles\")]"}
RESULT: {"using":"xpath","value":"//td/div/span[contains(text(), \"BGL Vehicles\")]"}
COMMAND: POST /session/2f3a3ed30178fd4b3e43ef29d6279727/element/f.8627BF333E87AC973E299D2132D92580.d.5E86282D483D42E4682D79ACEF0DE49C.e.3033/click - {}
RESULT: {}
COMMAND: GET /session/2f3a3ed30178fd4b3e43ef29d6279727/screenshot - {}
RESULT: {}
COMMAND: POST /session/2f3a3ed30178fd4b3e43ef29d6279727/element - {"using":"xpath","value":"//bdi[contains(text(), \"OK\")]"}
RESULT: {"using":"xpath","value":"//bdi[contains(text(), \"OK\")]"}
COMMAND: POST /session/2f3a3ed30178fd4b3e43ef29d6279727/element/f.8627BF333E87AC973E299D2132D92580.d.5E86282D483D42E4682D79ACEF0DE49C.e.3034/click - {}
RESULT: {}
COMMAND: GET /session/2f3a3ed30178fd4b3e43ef29d6279727/screenshot - {}
RESULT: {}
COMMAND: POST /session/2f3a3ed30178fd4b3e43ef29d6279727/execute/async - {"script":"<script> [1562 bytes]","args":[{"selector":{"id":"application-manageresources-display-component---newResourceUnit--newRRUPage-anchBar-application-manageresources-display-component---newResourceUnit--resource-anchor","interaction":{"idSuffix":"BDI-content"}},"wdio_ui5_key":"applicationmanageresources-display-component---newResourceUnit--newRRUPage-anchBar-application-manageresources-display-component---newResourceUnit--resource-anchor"}]}
RESULT: {"script":"<script> [1562 bytes]","args":[{"selector":{"id":"application-manageresources-display-component---newResourceUnit--newRRUPage-anchBar-application-manageresources-display-component---newResourceUnit--resource-anchor","interaction":{"idSuffix":"BDI-content"}},"wdio_ui5_key":"applicationmanageresources-display-component---newResourceUnit--newRRUPage-anchBar-application-manageresources-display-component---newResourceUnit--resource-anchor"}]}
RESULT: undefined
COMMAND: POST /session/2f3a3ed30178fd4b3e43ef29d6279727/element - {"using":"xpath","value":"//*[@id=\"application-manageresources-display-component---newResourceUnit--newRRUPage-anchBar-application-manageresources-display-component---newResourceUnit--resource-anchor\"]"}
RESULT: {"using":"xpath","value":"//*[@id=\"application-manageresources-display-component---newResourceUnit--newRRUPage-anchBar-application-manageresources-display-component---newResourceUnit--resource-anchor\"]"}
COMMAND: POST /session/2f3a3ed30178fd4b3e43ef29d6279727/element/f.8627BF333E87AC973E299D2132D92580.d.5E86282D483D42E4682D79ACEF0DE49C.e.3038/click - {}
RESULT: {}
COMMAND: POST /session/2f3a3ed30178fd4b3e43ef29d6279727/execute/async - {"script":"<script> [1562 bytes]","args":[{"selector":{"id":"application-manageresources-display-component---newResourceUnit--PLANNED_DELIVERY_DATE","interaction":{"idSuffix":"inner"}},"wdio_ui5_key":"applicationmanageresources-display-component---newResourceUnit--PLANNED_DELIVERY_DATE"}]}
COMMAND: GET /session/2f3a3ed30178fd4b3e43ef29d6279727/screenshot - {}
RESULT: {"script":"<script> [1562 bytes]","args":[{"selector":{"id":"application-manageresources-display-component---newResourceUnit--PLANNED_DELIVERY_DATE","interaction":{"idSuffix":"inner"}},"wdio_ui5_key":"applicationmanageresources-display-component---newResourceUnit--PLANNED_DELIVERY_DATE"}]}
RESULT: undefined
COMMAND: POST /session/2f3a3ed30178fd4b3e43ef29d6279727/execute/async - {"script":"<script> [6424 bytes]","args":[{"element-6066-11e4-a52e-4f735466cecf":"f.8627BF333E87AC973E299D2132D92580.d.5E86282D483D42E4682D79ACEF0DE49C.e.2904"},"setValue",["4/23/25"]]}
RESULT: {}
RESULT: {"script":"<script> [6424 bytes]","args":[{"element-6066-11e4-a52e-4f735466cecf":"f.8627BF333E87AC973E299D2132D92580.d.5E86282D483D42E4682D79ACEF0DE49C.e.2904"},"setValue",["4/23/25"]]}
COMMAND: POST /session/2f3a3ed30178fd4b3e43ef29d6279727/element - {"using":"xpath","value":"//button[@data-kt=\"resourceUnitSaveButton\"]"}
RESULT: {"using":"xpath","value":"//button[@data-kt=\"resourceUnitSaveButton\"]"}
COMMAND: POST /session/2f3a3ed30178fd4b3e43ef29d6279727/element/f.8627BF333E87AC973E299D2132D92580.d.5E86282D483D42E4682D79ACEF0DE49C.e.2865/click - {}
RESULT: {}
COMMAND: GET /session/2f3a3ed30178fd4b3e43ef29d6279727/screenshot - {}
RESULT: {}
COMMAND: POST /session/2f3a3ed30178fd4b3e43ef29d6279727/element - {"using":"xpath","value":"//bdi[contains(text(), \"Close\")]"}
RESULT: {"using":"xpath","value":"//bdi[contains(text(), \"Close\")]"}
COMMAND: POST /session/2f3a3ed30178fd4b3e43ef29d6279727/element/f.8627BF333E87AC973E299D2132D92580.d.5E86282D483D42E4682D79ACEF0DE49C.e.3046/click - {}
RESULT: {}
COMMAND: GET /session/2f3a3ed30178fd4b3e43ef29d6279727/screenshot - {}
RESULT: {}
COMMAND: POST /session/2f3a3ed30178fd4b3e43ef29d6279727/element - {"using":"xpath","value":"(//button[contains(@id ,\"actionsToolbar-overflowButton\")])[1]"}
RESULT: {"using":"xpath","value":"(//button[contains(@id ,\"actionsToolbar-overflowButton\")])[1]"}
COMMAND: POST /session/2f3a3ed30178fd4b3e43ef29d6279727/element/f.8627BF333E87AC973E299D2132D92580.d.5E86282D483D42E4682D79ACEF0DE49C.e.3098/click - {}
RESULT: {}
COMMAND: GET /session/2f3a3ed30178fd4b3e43ef29d6279727/screenshot - {}
RESULT: {}
COMMAND: POST /session/2f3a3ed30178fd4b3e43ef29d6279727/element - {"using":"xpath","value":"//button[@data-kt=\"priceInfoButton\"]"}
RESULT: {"using":"xpath","value":"//button[@data-kt=\"priceInfoButton\"]"}
COMMAND: POST /session/2f3a3ed30178fd4b3e43ef29d6279727/element/f.8627BF333E87AC973E299D2132D92580.d.5E86282D483D42E4682D79ACEF0DE49C.e.3100/click - {}
RESULT: {}
COMMAND: GET /session/2f3a3ed30178fd4b3e43ef29d6279727/screenshot - {}
RESULT: {}
]]></system-out>
    </testcase>
    <testcase classname="chrome.135_0_7049_42.windows.Billing_confirm_US117289" name="Should create new pricing rule" time="51.284">
      <system-out><![CDATA[
COMMAND: POST /session/2f3a3ed30178fd4b3e43ef29d6279727/element - {"using":"xpath","value":"//button[@data-kt=\"addButton\"]"}
RESULT: {"using":"xpath","value":"//button[@data-kt=\"addButton\"]"}
COMMAND: POST /session/2f3a3ed30178fd4b3e43ef29d6279727/elements - {"using":"xpath","value":"//button[@data-kt=\"addButton\"]"}
RESULT: {"using":"xpath","value":"//button[@data-kt=\"addButton\"]"}
COMMAND: POST /session/2f3a3ed30178fd4b3e43ef29d6279727/elements - {"using":"xpath","value":"//button[@data-kt=\"addButton\"]"}
RESULT: {"using":"xpath","value":"//button[@data-kt=\"addButton\"]"}
COMMAND: POST /session/2f3a3ed30178fd4b3e43ef29d6279727/element - {"using":"xpath","value":"//button[@data-kt=\"addButton\"]"}
RESULT: {"using":"xpath","value":"//button[@data-kt=\"addButton\"]"}
COMMAND: POST /session/2f3a3ed30178fd4b3e43ef29d6279727/execute/sync - {"script":"<script> [8489 bytes]","args":[{"element-6066-11e4-a52e-4f735466cecf":"f.8627BF333E87AC973E299D2132D92580.d.5E86282D483D42E4682D79ACEF0DE49C.e.3137","ELEMENT":"f.8627BF333E87AC973E299D2132D92580.d.5E86282D483D42E4682D79ACEF0DE49C.e.3137"}]}
RESULT: {"script":"<script> [8489 bytes]","args":[{"element-6066-11e4-a52e-4f735466cecf":"f.8627BF333E87AC973E299D2132D92580.d.5E86282D483D42E4682D79ACEF0DE49C.e.3137","ELEMENT":"f.8627BF333E87AC973E299D2132D92580.d.5E86282D483D42E4682D79ACEF0DE49C.e.3137"}]}
COMMAND: GET /session/2f3a3ed30178fd4b3e43ef29d6279727/element/f.8627BF333E87AC973E299D2132D92580.d.5E86282D483D42E4682D79ACEF0DE49C.e.3137/enabled - {}
COMMAND: GET /session/2f3a3ed30178fd4b3e43ef29d6279727/screenshot - {}
RESULT: {}
COMMAND: POST /session/2f3a3ed30178fd4b3e43ef29d6279727/execute/sync - {"script":"<script> [8489 bytes]","args":[{"element-6066-11e4-a52e-4f735466cecf":"f.8627BF333E87AC973E299D2132D92580.d.5E86282D483D42E4682D79ACEF0DE49C.e.3137","ELEMENT":"f.8627BF333E87AC973E299D2132D92580.d.5E86282D483D42E4682D79ACEF0DE49C.e.3137"}]}
COMMAND: GET /session/2f3a3ed30178fd4b3e43ef29d6279727/screenshot - {}
RESULT: {}
RESULT: {"script":"<script> [8489 bytes]","args":[{"element-6066-11e4-a52e-4f735466cecf":"f.8627BF333E87AC973E299D2132D92580.d.5E86282D483D42E4682D79ACEF0DE49C.e.3137","ELEMENT":"f.8627BF333E87AC973E299D2132D92580.d.5E86282D483D42E4682D79ACEF0DE49C.e.3137"}]}
COMMAND: POST /session/2f3a3ed30178fd4b3e43ef29d6279727/execute/sync - {"script":"<script> [5351 bytes]","args":[{"element-6066-11e4-a52e-4f735466cecf":"f.8627BF333E87AC973E299D2132D92580.d.5E86282D483D42E4682D79ACEF0DE49C.e.3137","ELEMENT":"f.8627BF333E87AC973E299D2132D92580.d.5E86282D483D42E4682D79ACEF0DE49C.e.3137"}]}
COMMAND: GET /session/2f3a3ed30178fd4b3e43ef29d6279727/screenshot - {}
RESULT: {}
RESULT: {"script":"<script> [5351 bytes]","args":[{"element-6066-11e4-a52e-4f735466cecf":"f.8627BF333E87AC973E299D2132D92580.d.5E86282D483D42E4682D79ACEF0DE49C.e.3137","ELEMENT":"f.8627BF333E87AC973E299D2132D92580.d.5E86282D483D42E4682D79ACEF0DE49C.e.3137"}]}
COMMAND: POST /session/2f3a3ed30178fd4b3e43ef29d6279727/element/f.8627BF333E87AC973E299D2132D92580.d.5E86282D483D42E4682D79ACEF0DE49C.e.3137/click - {}
COMMAND: GET /session/2f3a3ed30178fd4b3e43ef29d6279727/screenshot - {}
RESULT: {}
RESULT: {}
COMMAND: GET /session/2f3a3ed30178fd4b3e43ef29d6279727/screenshot - {}
RESULT: {}
RESULT: {}
COMMAND: POST /session/2f3a3ed30178fd4b3e43ef29d6279727/execute/async - {"script":"<script> [1562 bytes]","args":[{"selector":{"controlType":"sap.m.Title","viewName":"etm.portal.ui.managepricingrules.view.NewItem","viewId":"application-managepricingrules-display-component---newInfoPriceItem","properties":{"text":"New Pricing Rules - Item Level"}},"wdio_ui5_key":"etmportal.ui.managepricingrules.view.NewItemsap.m.Title{\"text\":\"New Pricing Rules - Item Level\"}"}]}
RESULT: {"script":"<script> [1562 bytes]","args":[{"selector":{"controlType":"sap.m.Title","viewName":"etm.portal.ui.managepricingrules.view.NewItem","viewId":"application-managepricingrules-display-component---newInfoPriceItem","properties":{"text":"New Pricing Rules - Item Level"}},"wdio_ui5_key":"etmportal.ui.managepricingrules.view.NewItemsap.m.Title{\"text\":\"New Pricing Rules - Item Level\"}"}]}
RESULT: undefined
COMMAND: POST /session/2f3a3ed30178fd4b3e43ef29d6279727/execute/async - {"script":"<script> [6424 bytes]","args":[{"element-6066-11e4-a52e-4f735466cecf":"f.8627BF333E87AC973E299D2132D92580.d.5E86282D483D42E4682D79ACEF0DE49C.e.3302"},"getText",[]]}
RESULT: {"script":"<script> [6424 bytes]","args":[{"element-6066-11e4-a52e-4f735466cecf":"f.8627BF333E87AC973E299D2132D92580.d.5E86282D483D42E4682D79ACEF0DE49C.e.3302"},"getText",[]]}
COMMAND: POST /session/2f3a3ed30178fd4b3e43ef29d6279727/execute/async - {"script":"<script> [1562 bytes]","args":[{"selector":{"id":"application-managepricingrules-display-component---newInfoPriceItem--condValidTo","interaction":{"idSuffix":"inner"}},"wdio_ui5_key":"applicationmanagepricingrules-display-component---newInfoPriceItem--condValidTo"}]}
RESULT: {"script":"<script> [1562 bytes]","args":[{"selector":{"id":"application-managepricingrules-display-component---newInfoPriceItem--condValidTo","interaction":{"idSuffix":"inner"}},"wdio_ui5_key":"applicationmanagepricingrules-display-component---newInfoPriceItem--condValidTo"}]}
RESULT: undefined
COMMAND: POST /session/2f3a3ed30178fd4b3e43ef29d6279727/execute/async - {"script":"<script> [776 bytes]","args":[{"enterText":"12/23/25","selector":{"id":"application-managepricingrules-display-component---newInfoPriceItem--condValidTo","interaction":{"idSuffix":"inner"}},"clearTextFirst":true,"interactionType":"ENTER_TEXT"}]}
RESULT: {"script":"<script> [776 bytes]","args":[{"enterText":"12/23/25","selector":{"id":"application-managepricingrules-display-component---newInfoPriceItem--condValidTo","interaction":{"idSuffix":"inner"}},"clearTextFirst":true,"interactionType":"ENTER_TEXT"}]}
COMMAND: POST /session/2f3a3ed30178fd4b3e43ef29d6279727/execute/async - {"script":"<script> [1562 bytes]","args":[{"selector":{"id":"application-managepricingrules-display-component---newInfoPriceItem--billType-arrow"},"wdio_ui5_key":"applicationmanagepricingrules-display-component---newInfoPriceItem--billType-arrow"}]}
RESULT: {"script":"<script> [1562 bytes]","args":[{"selector":{"id":"application-managepricingrules-display-component---newInfoPriceItem--billType-arrow"},"wdio_ui5_key":"applicationmanagepricingrules-display-component---newInfoPriceItem--billType-arrow"}]}
RESULT: undefined
COMMAND: POST /session/2f3a3ed30178fd4b3e43ef29d6279727/element - {"using":"xpath","value":"//*[@id=\"application-managepricingrules-display-component---newInfoPriceItem--billType-arrow\"]"}
RESULT: {"using":"xpath","value":"//*[@id=\"application-managepricingrules-display-component---newInfoPriceItem--billType-arrow\"]"}
COMMAND: POST /session/2f3a3ed30178fd4b3e43ef29d6279727/element/f.8627BF333E87AC973E299D2132D92580.d.5E86282D483D42E4682D79ACEF0DE49C.e.3304/click - {}
RESULT: {}
COMMAND: POST /session/2f3a3ed30178fd4b3e43ef29d6279727/element - {"using":"xpath","value":"//span[contains(text(), \"TB - Time based\")]"}
COMMAND: GET /session/2f3a3ed30178fd4b3e43ef29d6279727/screenshot - {}
RESULT: {"using":"xpath","value":"//span[contains(text(), \"TB - Time based\")]"}
COMMAND: POST /session/2f3a3ed30178fd4b3e43ef29d6279727/element/f.8627BF333E87AC973E299D2132D92580.d.5E86282D483D42E4682D79ACEF0DE49C.e.3305/click - {}
RESULT: {}
RESULT: {}
COMMAND: POST /session/2f3a3ed30178fd4b3e43ef29d6279727/execute/async - {"script":"<script> [1562 bytes]","args":[{"selector":{"id":"application-managepricingrules-display-component---newInfoPriceItem--priceProc-arrow"},"wdio_ui5_key":"applicationmanagepricingrules-display-component---newInfoPriceItem--priceProc-arrow"}]}
COMMAND: GET /session/2f3a3ed30178fd4b3e43ef29d6279727/screenshot - {}
RESULT: {"script":"<script> [1562 bytes]","args":[{"selector":{"id":"application-managepricingrules-display-component---newInfoPriceItem--priceProc-arrow"},"wdio_ui5_key":"applicationmanagepricingrules-display-component---newInfoPriceItem--priceProc-arrow"}]}
RESULT: undefined
COMMAND: POST /session/2f3a3ed30178fd4b3e43ef29d6279727/element - {"using":"xpath","value":"//*[@id=\"application-managepricingrules-display-component---newInfoPriceItem--priceProc-arrow\"]"}
RESULT: {}
RESULT: {"using":"xpath","value":"//*[@id=\"application-managepricingrules-display-component---newInfoPriceItem--priceProc-arrow\"]"}
COMMAND: POST /session/2f3a3ed30178fd4b3e43ef29d6279727/element/f.8627BF333E87AC973E299D2132D92580.d.5E86282D483D42E4682D79ACEF0DE49C.e.3271/click - {}
RESULT: {}
COMMAND: POST /session/2f3a3ed30178fd4b3e43ef29d6279727/element - {"using":"xpath","value":"//span[contains(text(), \"TBS - Time based standard\")]"}
COMMAND: GET /session/2f3a3ed30178fd4b3e43ef29d6279727/screenshot - {}
RESULT: {"using":"xpath","value":"//span[contains(text(), \"TBS - Time based standard\")]"}
COMMAND: POST /session/2f3a3ed30178fd4b3e43ef29d6279727/element/f.8627BF333E87AC973E299D2132D92580.d.5E86282D483D42E4682D79ACEF0DE49C.e.3306/click - {}
RESULT: {}
RESULT: {}
COMMAND: POST /session/2f3a3ed30178fd4b3e43ef29d6279727/execute/async - {"script":"<script> [1562 bytes]","args":[{"selector":{"id":"application-managepricingrules-display-component---newInfoPriceItem--calcBase-arrow"},"wdio_ui5_key":"applicationmanagepricingrules-display-component---newInfoPriceItem--calcBase-arrow"}]}
COMMAND: GET /session/2f3a3ed30178fd4b3e43ef29d6279727/screenshot - {}
RESULT: {"script":"<script> [1562 bytes]","args":[{"selector":{"id":"application-managepricingrules-display-component---newInfoPriceItem--calcBase-arrow"},"wdio_ui5_key":"applicationmanagepricingrules-display-component---newInfoPriceItem--calcBase-arrow"}]}
RESULT: undefined
COMMAND: POST /session/2f3a3ed30178fd4b3e43ef29d6279727/element - {"using":"xpath","value":"//*[@id=\"application-managepricingrules-display-component---newInfoPriceItem--calcBase-arrow\"]"}
RESULT: {}
RESULT: {"using":"xpath","value":"//*[@id=\"application-managepricingrules-display-component---newInfoPriceItem--calcBase-arrow\"]"}
COMMAND: POST /session/2f3a3ed30178fd4b3e43ef29d6279727/element/f.8627BF333E87AC973E299D2132D92580.d.5E86282D483D42E4682D79ACEF0DE49C.e.3278/click - {}
RESULT: {}
COMMAND: GET /session/2f3a3ed30178fd4b3e43ef29d6279727/screenshot - {}
RESULT: {}
COMMAND: POST /session/2f3a3ed30178fd4b3e43ef29d6279727/element - {"using":"xpath","value":"//span[contains(text(), \"0006 - TB(calendar days)\")]"}
RESULT: {"using":"xpath","value":"//span[contains(text(), \"0006 - TB(calendar days)\")]"}
COMMAND: POST /session/2f3a3ed30178fd4b3e43ef29d6279727/element/f.8627BF333E87AC973E299D2132D92580.d.5E86282D483D42E4682D79ACEF0DE49C.e.3307/click - {}
RESULT: {}
COMMAND: GET /session/2f3a3ed30178fd4b3e43ef29d6279727/screenshot - {}
RESULT: {}
COMMAND: POST /session/2f3a3ed30178fd4b3e43ef29d6279727/execute/async - {"script":"<script> [1562 bytes]","args":[{"selector":{"id":"application-managepricingrules-display-component---newInfoPriceItem--daysMonth","interaction":{"idSuffix":"inner"}},"wdio_ui5_key":"applicationmanagepricingrules-display-component---newInfoPriceItem--daysMonth"}]}
RESULT: {"script":"<script> [1562 bytes]","args":[{"selector":{"id":"application-managepricingrules-display-component---newInfoPriceItem--daysMonth","interaction":{"idSuffix":"inner"}},"wdio_ui5_key":"applicationmanagepricingrules-display-component---newInfoPriceItem--daysMonth"}]}
RESULT: undefined
COMMAND: POST /session/2f3a3ed30178fd4b3e43ef29d6279727/execute/async - {"script":"<script> [776 bytes]","args":[{"enterText":"30","selector":{"id":"application-managepricingrules-display-component---newInfoPriceItem--daysMonth","interaction":{"idSuffix":"inner"}},"clearTextFirst":true,"interactionType":"ENTER_TEXT"}]}
RESULT: {"script":"<script> [776 bytes]","args":[{"enterText":"30","selector":{"id":"application-managepricingrules-display-component---newInfoPriceItem--daysMonth","interaction":{"idSuffix":"inner"}},"clearTextFirst":true,"interactionType":"ENTER_TEXT"}]}
COMMAND: POST /session/2f3a3ed30178fd4b3e43ef29d6279727/element - {"using":"xpath","value":"//button[@data-kt=\"saveNewRuleButton\"]"}
RESULT: {"using":"xpath","value":"//button[@data-kt=\"saveNewRuleButton\"]"}
COMMAND: POST /session/2f3a3ed30178fd4b3e43ef29d6279727/element/f.8627BF333E87AC973E299D2132D92580.d.5E86282D483D42E4682D79ACEF0DE49C.e.3294/click - {}
RESULT: {}
COMMAND: GET /session/2f3a3ed30178fd4b3e43ef29d6279727/screenshot - {}
RESULT: {}
COMMAND: POST /session/2f3a3ed30178fd4b3e43ef29d6279727/execute/async - {"script":"<script> [1562 bytes]","args":[{"selector":{"id":"application-managepricingrules-display-component---priceInfoItem--smartFilterBar-btnBasicSearch","interaction":{"idSuffix":"I"}},"wdio_ui5_key":"applicationmanagepricingrules-display-component---priceInfoItem--smartFilterBar-btnBasicSearch"}]}
RESULT: {"script":"<script> [1562 bytes]","args":[{"selector":{"id":"application-managepricingrules-display-component---priceInfoItem--smartFilterBar-btnBasicSearch","interaction":{"idSuffix":"I"}},"wdio_ui5_key":"applicationmanagepricingrules-display-component---priceInfoItem--smartFilterBar-btnBasicSearch"}]}
RESULT: undefined
COMMAND: POST /session/2f3a3ed30178fd4b3e43ef29d6279727/execute/async - {"script":"<script> [776 bytes]","args":[{"enterText":"hDo3YYnFMv","selector":{"id":"application-managepricingrules-display-component---priceInfoItem--smartFilterBar-btnBasicSearch","interaction":{"idSuffix":"I"}},"clearTextFirst":true,"interactionType":"ENTER_TEXT"}]}
RESULT: {"script":"<script> [776 bytes]","args":[{"enterText":"hDo3YYnFMv","selector":{"id":"application-managepricingrules-display-component---priceInfoItem--smartFilterBar-btnBasicSearch","interaction":{"idSuffix":"I"}},"clearTextFirst":true,"interactionType":"ENTER_TEXT"}]}
COMMAND: POST /session/2f3a3ed30178fd4b3e43ef29d6279727/actions - {"actions":[{"id":"action11","type":"key","parameters":{},"actions":[{"type":"keyDown","value":""},{"type":"pause","duration":10},{"type":"keyUp","value":""}]}]}
RESULT: {"actions":[{"id":"action11","type":"key","parameters":{},"actions":[{"type":"keyDown","value":""},{"type":"pause","duration":10},{"type":"keyUp","value":""}]}]}
COMMAND: GET /session/2f3a3ed30178fd4b3e43ef29d6279727/screenshot - {}
RESULT: {}
COMMAND: POST /session/2f3a3ed30178fd4b3e43ef29d6279727/element - {"using":"xpath","value":"//span[@id=\"application-managepricingrules-display-component---priceInfoItem--smartTable-header-inner\"]"}
RESULT: {"using":"xpath","value":"//span[@id=\"application-managepricingrules-display-component---priceInfoItem--smartTable-header-inner\"]"}
COMMAND: POST /session/2f3a3ed30178fd4b3e43ef29d6279727/elements - {"using":"xpath","value":"//span[@id=\"application-managepricingrules-display-component---priceInfoItem--smartTable-header-inner\"]"}
RESULT: {"using":"xpath","value":"//span[@id=\"application-managepricingrules-display-component---priceInfoItem--smartTable-header-inner\"]"}
COMMAND: POST /session/2f3a3ed30178fd4b3e43ef29d6279727/execute/sync - {"script":"<script> [56 bytes]","args":[{"element-6066-11e4-a52e-4f735466cecf":"f.8627BF333E87AC973E299D2132D92580.d.5E86282D483D42E4682D79ACEF0DE49C.e.3332","ELEMENT":"f.8627BF333E87AC973E299D2132D92580.d.5E86282D483D42E4682D79ACEF0DE49C.e.3332"}]}
RESULT: {"script":"<script> [56 bytes]","args":[{"element-6066-11e4-a52e-4f735466cecf":"f.8627BF333E87AC973E299D2132D92580.d.5E86282D483D42E4682D79ACEF0DE49C.e.3332","ELEMENT":"f.8627BF333E87AC973E299D2132D92580.d.5E86282D483D42E4682D79ACEF0DE49C.e.3332"}]}
COMMAND: POST /session/2f3a3ed30178fd4b3e43ef29d6279727/element - {"using":"css selector","value":"#shell-header-logo"}
COMMAND: GET /session/2f3a3ed30178fd4b3e43ef29d6279727/screenshot - {}
RESULT: {"using":"css selector","value":"#shell-header-logo"}
COMMAND: POST /session/2f3a3ed30178fd4b3e43ef29d6279727/element/f.8627BF333E87AC973E299D2132D92580.d.5E86282D483D42E4682D79ACEF0DE49C.e.2456/click - {}
RESULT: {}
RESULT: {}
COMMAND: GET /session/2f3a3ed30178fd4b3e43ef29d6279727/screenshot - {}
RESULT: {}
]]></system-out>
    </testcase>
    <testcase classname="chrome.135_0_7049_42.windows.Billing_confirm_US117289" name="Should create new condition for equipment" time="64.569">
      <system-out><![CDATA[
COMMAND: POST /session/2f3a3ed30178fd4b3e43ef29d6279727/execute/async - {"script":"<script> [1562 bytes]","args":[{"selector":{"controlType":"sap.m.Text","properties":{"text":"Manage Conditions & Prices"},"interaction":{"idSuffix":"inner"}},"wdio_ui5_key":"sapm.Text{\"text\":\"Manage Conditions & Prices\"}"}]}
RESULT: {"script":"<script> [1562 bytes]","args":[{"selector":{"controlType":"sap.m.Text","properties":{"text":"Manage Conditions & Prices"},"interaction":{"idSuffix":"inner"}},"wdio_ui5_key":"sapm.Text{\"text\":\"Manage Conditions & Prices\"}"}]}
RESULT: undefined
COMMAND: POST /session/2f3a3ed30178fd4b3e43ef29d6279727/element - {"using":"xpath","value":"//*[@id=\"__tile53-title\"]"}
RESULT: {"using":"xpath","value":"//*[@id=\"__tile53-title\"]"}
COMMAND: POST /session/2f3a3ed30178fd4b3e43ef29d6279727/element/f.8627BF333E87AC973E299D2132D92580.d.5E86282D483D42E4682D79ACEF0DE49C.e.3335/click - {}
RESULT: {}
COMMAND: POST /session/2f3a3ed30178fd4b3e43ef29d6279727/element - {"using":"xpath","value":"//button[@aria-label=\"Create\"]"}
COMMAND: GET /session/2f3a3ed30178fd4b3e43ef29d6279727/screenshot - {}
RESULT: {"using":"xpath","value":"//button[@aria-label=\"Create\"]"}
COMMAND: POST /session/2f3a3ed30178fd4b3e43ef29d6279727/elements - {"using":"xpath","value":"//button[@aria-label=\"Create\"]"}
RESULT: {}
RESULT: {"using":"xpath","value":"//button[@aria-label=\"Create\"]"}
COMMAND: POST /session/2f3a3ed30178fd4b3e43ef29d6279727/elements - {"using":"xpath","value":"//button[@aria-label=\"Create\"]"}
RESULT: {"using":"xpath","value":"//button[@aria-label=\"Create\"]"}
COMMAND: POST /session/2f3a3ed30178fd4b3e43ef29d6279727/elements - {"using":"xpath","value":"//button[@aria-label=\"Create\"]"}
RESULT: {"using":"xpath","value":"//button[@aria-label=\"Create\"]"}
COMMAND: POST /session/2f3a3ed30178fd4b3e43ef29d6279727/elements - {"using":"xpath","value":"//button[@aria-label=\"Create\"]"}
RESULT: {"using":"xpath","value":"//button[@aria-label=\"Create\"]"}
COMMAND: POST /session/2f3a3ed30178fd4b3e43ef29d6279727/elements - {"using":"xpath","value":"//button[@aria-label=\"Create\"]"}
RESULT: {"using":"xpath","value":"//button[@aria-label=\"Create\"]"}
COMMAND: POST /session/2f3a3ed30178fd4b3e43ef29d6279727/elements - {"using":"xpath","value":"//button[@aria-label=\"Create\"]"}
RESULT: {"using":"xpath","value":"//button[@aria-label=\"Create\"]"}
COMMAND: POST /session/2f3a3ed30178fd4b3e43ef29d6279727/elements - {"using":"xpath","value":"//button[@aria-label=\"Create\"]"}
RESULT: {"using":"xpath","value":"//button[@aria-label=\"Create\"]"}
COMMAND: POST /session/2f3a3ed30178fd4b3e43ef29d6279727/elements - {"using":"xpath","value":"//button[@aria-label=\"Create\"]"}
RESULT: {"using":"xpath","value":"//button[@aria-label=\"Create\"]"}
COMMAND: POST /session/2f3a3ed30178fd4b3e43ef29d6279727/elements - {"using":"xpath","value":"//button[@aria-label=\"Create\"]"}
RESULT: {"using":"xpath","value":"//button[@aria-label=\"Create\"]"}
COMMAND: POST /session/2f3a3ed30178fd4b3e43ef29d6279727/elements - {"using":"xpath","value":"//button[@aria-label=\"Create\"]"}
RESULT: {"using":"xpath","value":"//button[@aria-label=\"Create\"]"}
COMMAND: POST /session/2f3a3ed30178fd4b3e43ef29d6279727/elements - {"using":"xpath","value":"//button[@aria-label=\"Create\"]"}
RESULT: {"using":"xpath","value":"//button[@aria-label=\"Create\"]"}
COMMAND: POST /session/2f3a3ed30178fd4b3e43ef29d6279727/elements - {"using":"xpath","value":"//button[@aria-label=\"Create\"]"}
RESULT: {"using":"xpath","value":"//button[@aria-label=\"Create\"]"}
COMMAND: POST /session/2f3a3ed30178fd4b3e43ef29d6279727/elements - {"using":"xpath","value":"//button[@aria-label=\"Create\"]"}
RESULT: {"using":"xpath","value":"//button[@aria-label=\"Create\"]"}
COMMAND: POST /session/2f3a3ed30178fd4b3e43ef29d6279727/elements - {"using":"xpath","value":"//button[@aria-label=\"Create\"]"}
RESULT: {"using":"xpath","value":"//button[@aria-label=\"Create\"]"}
COMMAND: POST /session/2f3a3ed30178fd4b3e43ef29d6279727/elements - {"using":"xpath","value":"//button[@aria-label=\"Create\"]"}
RESULT: {"using":"xpath","value":"//button[@aria-label=\"Create\"]"}
COMMAND: POST /session/2f3a3ed30178fd4b3e43ef29d6279727/element - {"using":"xpath","value":"//button[@aria-label=\"Create\"]"}
RESULT: {"using":"xpath","value":"//button[@aria-label=\"Create\"]"}
COMMAND: POST /session/2f3a3ed30178fd4b3e43ef29d6279727/execute/sync - {"script":"<script> [8489 bytes]","args":[{"element-6066-11e4-a52e-4f735466cecf":"f.8627BF333E87AC973E299D2132D92580.d.5E86282D483D42E4682D79ACEF0DE49C.e.3370","ELEMENT":"f.8627BF333E87AC973E299D2132D92580.d.5E86282D483D42E4682D79ACEF0DE49C.e.3370"}]}
RESULT: {"script":"<script> [8489 bytes]","args":[{"element-6066-11e4-a52e-4f735466cecf":"f.8627BF333E87AC973E299D2132D92580.d.5E86282D483D42E4682D79ACEF0DE49C.e.3370","ELEMENT":"f.8627BF333E87AC973E299D2132D92580.d.5E86282D483D42E4682D79ACEF0DE49C.e.3370"}]}
COMMAND: GET /session/2f3a3ed30178fd4b3e43ef29d6279727/element/f.8627BF333E87AC973E299D2132D92580.d.5E86282D483D42E4682D79ACEF0DE49C.e.3370/enabled - {}
COMMAND: GET /session/2f3a3ed30178fd4b3e43ef29d6279727/screenshot - {}
RESULT: {}
COMMAND: POST /session/2f3a3ed30178fd4b3e43ef29d6279727/execute/sync - {"script":"<script> [8489 bytes]","args":[{"element-6066-11e4-a52e-4f735466cecf":"f.8627BF333E87AC973E299D2132D92580.d.5E86282D483D42E4682D79ACEF0DE49C.e.3370","ELEMENT":"f.8627BF333E87AC973E299D2132D92580.d.5E86282D483D42E4682D79ACEF0DE49C.e.3370"}]}
COMMAND: GET /session/2f3a3ed30178fd4b3e43ef29d6279727/screenshot - {}
RESULT: {}
RESULT: {"script":"<script> [8489 bytes]","args":[{"element-6066-11e4-a52e-4f735466cecf":"f.8627BF333E87AC973E299D2132D92580.d.5E86282D483D42E4682D79ACEF0DE49C.e.3370","ELEMENT":"f.8627BF333E87AC973E299D2132D92580.d.5E86282D483D42E4682D79ACEF0DE49C.e.3370"}]}
COMMAND: POST /session/2f3a3ed30178fd4b3e43ef29d6279727/execute/sync - {"script":"<script> [5351 bytes]","args":[{"element-6066-11e4-a52e-4f735466cecf":"f.8627BF333E87AC973E299D2132D92580.d.5E86282D483D42E4682D79ACEF0DE49C.e.3370","ELEMENT":"f.8627BF333E87AC973E299D2132D92580.d.5E86282D483D42E4682D79ACEF0DE49C.e.3370"}]}
COMMAND: GET /session/2f3a3ed30178fd4b3e43ef29d6279727/screenshot - {}
RESULT: {}
RESULT: {"script":"<script> [5351 bytes]","args":[{"element-6066-11e4-a52e-4f735466cecf":"f.8627BF333E87AC973E299D2132D92580.d.5E86282D483D42E4682D79ACEF0DE49C.e.3370","ELEMENT":"f.8627BF333E87AC973E299D2132D92580.d.5E86282D483D42E4682D79ACEF0DE49C.e.3370"}]}
COMMAND: POST /session/2f3a3ed30178fd4b3e43ef29d6279727/element/f.8627BF333E87AC973E299D2132D92580.d.5E86282D483D42E4682D79ACEF0DE49C.e.3370/click - {}
COMMAND: GET /session/2f3a3ed30178fd4b3e43ef29d6279727/screenshot - {}
RESULT: {}
RESULT: {}
COMMAND: GET /session/2f3a3ed30178fd4b3e43ef29d6279727/screenshot - {}
RESULT: {}
RESULT: {}
COMMAND: POST /session/2f3a3ed30178fd4b3e43ef29d6279727/actions - {"actions":[{"id":"action12","type":"key","parameters":{},"actions":[{"type":"keyDown","value":""},{"type":"pause","duration":10},{"type":"keyUp","value":""}]}]}
RESULT: {"actions":[{"id":"action12","type":"key","parameters":{},"actions":[{"type":"keyDown","value":""},{"type":"pause","duration":10},{"type":"keyUp","value":""}]}]}
COMMAND: GET /session/2f3a3ed30178fd4b3e43ef29d6279727/screenshot - {}
RESULT: {}
COMMAND: POST /session/2f3a3ed30178fd4b3e43ef29d6279727/execute/async - {"script":"<script> [1562 bytes]","args":[{"selector":{"id":"application-manageconditionprice-display-component---newCondition--condBillCond-arrow"},"wdio_ui5_key":"applicationmanageconditionprice-display-component---newCondition--condBillCond-arrow"}]}
RESULT: {"script":"<script> [1562 bytes]","args":[{"selector":{"id":"application-manageconditionprice-display-component---newCondition--condBillCond-arrow"},"wdio_ui5_key":"applicationmanageconditionprice-display-component---newCondition--condBillCond-arrow"}]}
RESULT: undefined
COMMAND: POST /session/2f3a3ed30178fd4b3e43ef29d6279727/element - {"using":"xpath","value":"//*[@id=\"application-manageconditionprice-display-component---newCondition--condBillCond-arrow\"]"}
RESULT: {"using":"xpath","value":"//*[@id=\"application-manageconditionprice-display-component---newCondition--condBillCond-arrow\"]"}
COMMAND: POST /session/2f3a3ed30178fd4b3e43ef29d6279727/element/f.8627BF333E87AC973E299D2132D92580.d.5E86282D483D42E4682D79ACEF0DE49C.e.3550/click - {}
RESULT: {}
COMMAND: GET /session/2f3a3ed30178fd4b3e43ef29d6279727/screenshot - {}
RESULT: {}
COMMAND: POST /session/2f3a3ed30178fd4b3e43ef29d6279727/element - {"using":"xpath","value":"//li[.//span[contains(text(), \"DISP - D&I special price\")]]"}
RESULT: {"using":"xpath","value":"//li[.//span[contains(text(), \"DISP - D&I special price\")]]"}
COMMAND: POST /session/2f3a3ed30178fd4b3e43ef29d6279727/element/f.8627BF333E87AC973E299D2132D92580.d.5E86282D483D42E4682D79ACEF0DE49C.e.3553/click - {}
RESULT: {}
COMMAND: GET /session/2f3a3ed30178fd4b3e43ef29d6279727/screenshot - {}
RESULT: {}
COMMAND: POST /session/2f3a3ed30178fd4b3e43ef29d6279727/execute/async - {"script":"<script> [1562 bytes]","args":[{"selector":{"id":"application-manageconditionprice-display-component---newCondition--condValidTo","interaction":{"idSuffix":"inner"}},"wdio_ui5_key":"applicationmanageconditionprice-display-component---newCondition--condValidTo"}]}
RESULT: {"script":"<script> [1562 bytes]","args":[{"selector":{"id":"application-manageconditionprice-display-component---newCondition--condValidTo","interaction":{"idSuffix":"inner"}},"wdio_ui5_key":"applicationmanageconditionprice-display-component---newCondition--condValidTo"}]}
RESULT: undefined
COMMAND: POST /session/2f3a3ed30178fd4b3e43ef29d6279727/execute/async - {"script":"<script> [776 bytes]","args":[{"enterText":"12/23/25","selector":{"id":"application-manageconditionprice-display-component---newCondition--condValidTo","interaction":{"idSuffix":"inner"}},"clearTextFirst":true,"interactionType":"ENTER_TEXT"}]}
RESULT: {"script":"<script> [776 bytes]","args":[{"enterText":"12/23/25","selector":{"id":"application-manageconditionprice-display-component---newCondition--condValidTo","interaction":{"idSuffix":"inner"}},"clearTextFirst":true,"interactionType":"ENTER_TEXT"}]}
COMMAND: POST /session/2f3a3ed30178fd4b3e43ef29d6279727/element - {"using":"xpath","value":"//input[@id=\"application-manageconditionprice-display-component---newCondition--condRU-inner\"]"}
RESULT: {"using":"xpath","value":"//input[@id=\"application-manageconditionprice-display-component---newCondition--condRU-inner\"]"}
COMMAND: POST /session/2f3a3ed30178fd4b3e43ef29d6279727/element/f.8627BF333E87AC973E299D2132D92580.d.5E86282D483D42E4682D79ACEF0DE49C.e.3414/clear - {}
RESULT: {}
COMMAND: POST /session/2f3a3ed30178fd4b3e43ef29d6279727/element/f.8627BF333E87AC973E299D2132D92580.d.5E86282D483D42E4682D79ACEF0DE49C.e.3414/value - {"text":"hDo3YYnFMv"}
COMMAND: GET /session/2f3a3ed30178fd4b3e43ef29d6279727/screenshot - {}
RESULT: {"text":"hDo3YYnFMv"}
COMMAND: GET /session/2f3a3ed30178fd4b3e43ef29d6279727/screenshot - {}
RESULT: {}
RESULT: {}
COMMAND: POST /session/2f3a3ed30178fd4b3e43ef29d6279727/actions - {"actions":[{"id":"action13","type":"key","parameters":{},"actions":[{"type":"keyDown","value":""},{"type":"pause","duration":10},{"type":"keyUp","value":""}]}]}
RESULT: {"actions":[{"id":"action13","type":"key","parameters":{},"actions":[{"type":"keyDown","value":""},{"type":"pause","duration":10},{"type":"keyUp","value":""}]}]}
COMMAND: POST /session/2f3a3ed30178fd4b3e43ef29d6279727/execute/async - {"script":"<script> [1562 bytes]","args":[{"selector":{"id":"application-manageconditionprice-display-component---newCondition--condBaseQty","interaction":{"idSuffix":"inner"}},"wdio_ui5_key":"applicationmanageconditionprice-display-component---newCondition--condBaseQty"}]}
COMMAND: GET /session/2f3a3ed30178fd4b3e43ef29d6279727/screenshot - {}
RESULT: {"script":"<script> [1562 bytes]","args":[{"selector":{"id":"application-manageconditionprice-display-component---newCondition--condBaseQty","interaction":{"idSuffix":"inner"}},"wdio_ui5_key":"applicationmanageconditionprice-display-component---newCondition--condBaseQty"}]}
RESULT: undefined
COMMAND: POST /session/2f3a3ed30178fd4b3e43ef29d6279727/execute/async - {"script":"<script> [776 bytes]","args":[{"enterText":"1","selector":{"id":"application-manageconditionprice-display-component---newCondition--condBaseQty","interaction":{"idSuffix":"inner"}},"clearTextFirst":true,"interactionType":"ENTER_TEXT"}]}
RESULT: {}
RESULT: {"script":"<script> [776 bytes]","args":[{"enterText":"1","selector":{"id":"application-manageconditionprice-display-component---newCondition--condBaseQty","interaction":{"idSuffix":"inner"}},"clearTextFirst":true,"interactionType":"ENTER_TEXT"}]}
COMMAND: POST /session/2f3a3ed30178fd4b3e43ef29d6279727/execute/async - {"script":"<script> [1562 bytes]","args":[{"selector":{"id":"application-manageconditionprice-display-component---newCondition--condValue","interaction":{"idSuffix":"inner"}},"wdio_ui5_key":"applicationmanageconditionprice-display-component---newCondition--condValue"}]}
RESULT: {"script":"<script> [1562 bytes]","args":[{"selector":{"id":"application-manageconditionprice-display-component---newCondition--condValue","interaction":{"idSuffix":"inner"}},"wdio_ui5_key":"applicationmanageconditionprice-display-component---newCondition--condValue"}]}
RESULT: undefined
COMMAND: POST /session/2f3a3ed30178fd4b3e43ef29d6279727/execute/async - {"script":"<script> [776 bytes]","args":[{"enterText":"100","selector":{"id":"application-manageconditionprice-display-component---newCondition--condValue","interaction":{"idSuffix":"inner"}},"clearTextFirst":true,"interactionType":"ENTER_TEXT"}]}
RESULT: {"script":"<script> [776 bytes]","args":[{"enterText":"100","selector":{"id":"application-manageconditionprice-display-component---newCondition--condValue","interaction":{"idSuffix":"inner"}},"clearTextFirst":true,"interactionType":"ENTER_TEXT"}]}
COMMAND: POST /session/2f3a3ed30178fd4b3e43ef29d6279727/execute/async - {"script":"<script> [1562 bytes]","args":[{"selector":{"id":"application-manageconditionprice-display-component---newCondition--condCurr-arrow"},"wdio_ui5_key":"applicationmanageconditionprice-display-component---newCondition--condCurr-arrow"}]}
RESULT: {"script":"<script> [1562 bytes]","args":[{"selector":{"id":"application-manageconditionprice-display-component---newCondition--condCurr-arrow"},"wdio_ui5_key":"applicationmanageconditionprice-display-component---newCondition--condCurr-arrow"}]}
RESULT: undefined
COMMAND: POST /session/2f3a3ed30178fd4b3e43ef29d6279727/element - {"using":"xpath","value":"//*[@id=\"application-manageconditionprice-display-component---newCondition--condCurr-arrow\"]"}
RESULT: {"using":"xpath","value":"//*[@id=\"application-manageconditionprice-display-component---newCondition--condCurr-arrow\"]"}
COMMAND: POST /session/2f3a3ed30178fd4b3e43ef29d6279727/element/f.8627BF333E87AC973E299D2132D92580.d.5E86282D483D42E4682D79ACEF0DE49C.e.3531/click - {}
RESULT: {}
COMMAND: POST /session/2f3a3ed30178fd4b3e43ef29d6279727/element - {"using":"xpath","value":"//span[contains(text(), \"Euro\")]"}
COMMAND: GET /session/2f3a3ed30178fd4b3e43ef29d6279727/screenshot - {}
RESULT: {"using":"xpath","value":"//span[contains(text(), \"Euro\")]"}
COMMAND: POST /session/2f3a3ed30178fd4b3e43ef29d6279727/element/f.8627BF333E87AC973E299D2132D92580.d.5E86282D483D42E4682D79ACEF0DE49C.e.3590/click - {}
RESULT: {}
RESULT: {}
COMMAND: POST /session/2f3a3ed30178fd4b3e43ef29d6279727/element - {"using":"xpath","value":"//button[@data-kt=\"saveButton\"]"}
COMMAND: GET /session/2f3a3ed30178fd4b3e43ef29d6279727/screenshot - {}
RESULT: {"using":"xpath","value":"//button[@data-kt=\"saveButton\"]"}
COMMAND: POST /session/2f3a3ed30178fd4b3e43ef29d6279727/element/f.8627BF333E87AC973E299D2132D92580.d.5E86282D483D42E4682D79ACEF0DE49C.e.3532/click - {}
RESULT: {}
RESULT: {}
COMMAND: GET /session/2f3a3ed30178fd4b3e43ef29d6279727/screenshot - {}
RESULT: {}
COMMAND: POST /session/2f3a3ed30178fd4b3e43ef29d6279727/execute/async - {"script":"<script> [1562 bytes]","args":[{"selector":{"id":"application-manageconditionprice-display-component---conditions--smartFilterBar-btnBasicSearch","interaction":{"idSuffix":"I"}},"wdio_ui5_key":"applicationmanageconditionprice-display-component---conditions--smartFilterBar-btnBasicSearch"}]}
RESULT: {"script":"<script> [1562 bytes]","args":[{"selector":{"id":"application-manageconditionprice-display-component---conditions--smartFilterBar-btnBasicSearch","interaction":{"idSuffix":"I"}},"wdio_ui5_key":"applicationmanageconditionprice-display-component---conditions--smartFilterBar-btnBasicSearch"}]}
RESULT: undefined
COMMAND: POST /session/2f3a3ed30178fd4b3e43ef29d6279727/execute/async - {"script":"<script> [776 bytes]","args":[{"enterText":"hDo3YYnFMv","selector":{"id":"application-manageconditionprice-display-component---conditions--smartFilterBar-btnBasicSearch","interaction":{"idSuffix":"I"}},"clearTextFirst":true,"interactionType":"ENTER_TEXT"}]}
RESULT: {"script":"<script> [776 bytes]","args":[{"enterText":"hDo3YYnFMv","selector":{"id":"application-manageconditionprice-display-component---conditions--smartFilterBar-btnBasicSearch","interaction":{"idSuffix":"I"}},"clearTextFirst":true,"interactionType":"ENTER_TEXT"}]}
COMMAND: POST /session/2f3a3ed30178fd4b3e43ef29d6279727/actions - {"actions":[{"id":"action14","type":"key","parameters":{},"actions":[{"type":"keyDown","value":""},{"type":"pause","duration":10},{"type":"keyUp","value":""}]}]}
RESULT: {"actions":[{"id":"action14","type":"key","parameters":{},"actions":[{"type":"keyDown","value":""},{"type":"pause","duration":10},{"type":"keyUp","value":""}]}]}
COMMAND: GET /session/2f3a3ed30178fd4b3e43ef29d6279727/screenshot - {}
RESULT: {}
COMMAND: POST /session/2f3a3ed30178fd4b3e43ef29d6279727/execute/async - {"script":"<script> [1562 bytes]","args":[{"selector":{"id":"application-manageconditionprice-display-component---conditions--smartFilterBar-filterItemControl_BASIC-BILL_TYPES-vhi"},"wdio_ui5_key":"applicationmanageconditionprice-display-component---conditions--smartFilterBar-filterItemControl_BASIC-BILL_TYPES-vhi"}]}
RESULT: {"script":"<script> [1562 bytes]","args":[{"selector":{"id":"application-manageconditionprice-display-component---conditions--smartFilterBar-filterItemControl_BASIC-BILL_TYPES-vhi"},"wdio_ui5_key":"applicationmanageconditionprice-display-component---conditions--smartFilterBar-filterItemControl_BASIC-BILL_TYPES-vhi"}]}
RESULT: undefined
COMMAND: POST /session/2f3a3ed30178fd4b3e43ef29d6279727/element - {"using":"xpath","value":"//*[@id=\"application-manageconditionprice-display-component---conditions--smartFilterBar-filterItemControl_BASIC-BILL_TYPES-vhi\"]"}
RESULT: {"using":"xpath","value":"//*[@id=\"application-manageconditionprice-display-component---conditions--smartFilterBar-filterItemControl_BASIC-BILL_TYPES-vhi\"]"}
COMMAND: POST /session/2f3a3ed30178fd4b3e43ef29d6279727/element/f.8627BF333E87AC973E299D2132D92580.d.5E86282D483D42E4682D79ACEF0DE49C.e.3606/click - {}
RESULT: {}
COMMAND: POST /session/2f3a3ed30178fd4b3e43ef29d6279727/execute/async - {"script":"<script> [1562 bytes]","args":[{"selector":{"id":"application-manageconditionprice-display-component---conditions--smartFilterBar-filterItemControl_BASIC-BILL_TYPES-valueHelpDialog-smartFilterBar-btnBasicSearch","searchOpenDialogs":true,"interaction":{"idSuffix":"I"}},"wdio_ui5_key":"applicationmanageconditionprice-display-component---conditions--smartFilterBar-filterItemControl_BASIC-BILL_TYPES-valueHelpDialog-smartFilterBar-btnBasicSearch"}]}
COMMAND: GET /session/2f3a3ed30178fd4b3e43ef29d6279727/screenshot - {}
RESULT: {"script":"<script> [1562 bytes]","args":[{"selector":{"id":"application-manageconditionprice-display-component---conditions--smartFilterBar-filterItemControl_BASIC-BILL_TYPES-valueHelpDialog-smartFilterBar-btnBasicSearch","searchOpenDialogs":true,"interaction":{"idSuffix":"I"}},"wdio_ui5_key":"applicationmanageconditionprice-display-component---conditions--smartFilterBar-filterItemControl_BASIC-BILL_TYPES-valueHelpDialog-smartFilterBar-btnBasicSearch"}]}
RESULT: undefined
COMMAND: POST /session/2f3a3ed30178fd4b3e43ef29d6279727/execute/async - {"script":"<script> [776 bytes]","args":[{"enterText":"TB","selector":{"id":"application-manageconditionprice-display-component---conditions--smartFilterBar-filterItemControl_BASIC-BILL_TYPES-valueHelpDialog-smartFilterBar-btnBasicSearch","searchOpenDialogs":true,"interaction":{"idSuffix":"I"}},"clearTextFirst":true,"interactionType":"ENTER_TEXT"}]}
RESULT: {}
RESULT: {"script":"<script> [776 bytes]","args":[{"enterText":"TB","selector":{"id":"application-manageconditionprice-display-component---conditions--smartFilterBar-filterItemControl_BASIC-BILL_TYPES-valueHelpDialog-smartFilterBar-btnBasicSearch","searchOpenDialogs":true,"interaction":{"idSuffix":"I"}},"clearTextFirst":true,"interactionType":"ENTER_TEXT"}]}
COMMAND: POST /session/2f3a3ed30178fd4b3e43ef29d6279727/actions - {"actions":[{"id":"action15","type":"key","parameters":{},"actions":[{"type":"keyDown","value":""},{"type":"pause","duration":10},{"type":"keyUp","value":""}]}]}
RESULT: {"actions":[{"id":"action15","type":"key","parameters":{},"actions":[{"type":"keyDown","value":""},{"type":"pause","duration":10},{"type":"keyUp","value":""}]}]}
COMMAND: GET /session/2f3a3ed30178fd4b3e43ef29d6279727/screenshot - {}
RESULT: {}
COMMAND: POST /session/2f3a3ed30178fd4b3e43ef29d6279727/element - {"using":"xpath","value":"//div[contains(@id, 'application-manageconditionprice-display-component---conditions--smartFilterBar-filterItemControl_BASIC-BILL_TYPES-valueHelpDialog-table-rowsel0')]"}
RESULT: {"using":"xpath","value":"//div[contains(@id, 'application-manageconditionprice-display-component---conditions--smartFilterBar-filterItemControl_BASIC-BILL_TYPES-valueHelpDialog-table-rowsel0')]"}
COMMAND: POST /session/2f3a3ed30178fd4b3e43ef29d6279727/element/f.8627BF333E87AC973E299D2132D92580.d.5E86282D483D42E4682D79ACEF0DE49C.e.3616/click - {}
RESULT: {}
COMMAND: GET /session/2f3a3ed30178fd4b3e43ef29d6279727/screenshot - {}
RESULT: {}
COMMAND: POST /session/2f3a3ed30178fd4b3e43ef29d6279727/element - {"using":"xpath","value":"//bdi[contains(text(), \"OK\")]"}
RESULT: {"using":"xpath","value":"//bdi[contains(text(), \"OK\")]"}
COMMAND: POST /session/2f3a3ed30178fd4b3e43ef29d6279727/element/f.8627BF333E87AC973E299D2132D92580.d.5E86282D483D42E4682D79ACEF0DE49C.e.3618/click - {}
RESULT: {}
COMMAND: GET /session/2f3a3ed30178fd4b3e43ef29d6279727/screenshot - {}
RESULT: {}
COMMAND: POST /session/2f3a3ed30178fd4b3e43ef29d6279727/element - {"using":"xpath","value":"//span[@id=\"application-manageconditionprice-display-component---conditions--smartTable-header-inner\"]"}
RESULT: {"using":"xpath","value":"//span[@id=\"application-manageconditionprice-display-component---conditions--smartTable-header-inner\"]"}
COMMAND: POST /session/2f3a3ed30178fd4b3e43ef29d6279727/elements - {"using":"xpath","value":"//span[@id=\"application-manageconditionprice-display-component---conditions--smartTable-header-inner\"]"}
RESULT: {"using":"xpath","value":"//span[@id=\"application-manageconditionprice-display-component---conditions--smartTable-header-inner\"]"}
COMMAND: POST /session/2f3a3ed30178fd4b3e43ef29d6279727/execute/sync - {"script":"<script> [56 bytes]","args":[{"element-6066-11e4-a52e-4f735466cecf":"f.8627BF333E87AC973E299D2132D92580.d.5E86282D483D42E4682D79ACEF0DE49C.e.3621","ELEMENT":"f.8627BF333E87AC973E299D2132D92580.d.5E86282D483D42E4682D79ACEF0DE49C.e.3621"}]}
RESULT: {"script":"<script> [56 bytes]","args":[{"element-6066-11e4-a52e-4f735466cecf":"f.8627BF333E87AC973E299D2132D92580.d.5E86282D483D42E4682D79ACEF0DE49C.e.3621","ELEMENT":"f.8627BF333E87AC973E299D2132D92580.d.5E86282D483D42E4682D79ACEF0DE49C.e.3621"}]}
COMMAND: POST /session/2f3a3ed30178fd4b3e43ef29d6279727/element - {"using":"css selector","value":"#shell-header-logo"}
COMMAND: GET /session/2f3a3ed30178fd4b3e43ef29d6279727/screenshot - {}
RESULT: {"using":"css selector","value":"#shell-header-logo"}
COMMAND: POST /session/2f3a3ed30178fd4b3e43ef29d6279727/element/f.8627BF333E87AC973E299D2132D92580.d.5E86282D483D42E4682D79ACEF0DE49C.e.3338/click - {}
RESULT: {}
RESULT: {}
COMMAND: GET /session/2f3a3ed30178fd4b3e43ef29d6279727/screenshot - {}
RESULT: {}
]]></system-out>
    </testcase>
    <testcase classname="chrome.135_0_7049_42.windows.Billing_confirm_US117289" name="Should do a stock increase" time="78.908">
      <system-out><![CDATA[
COMMAND: POST /session/2f3a3ed30178fd4b3e43ef29d6279727/execute/async - {"script":"<script> [1562 bytes]","args":[{"selector":{"controlType":"sap.m.Text","viewName":"etm.portal.ui.managehandoverstile.view.Master","properties":{"text":"Manage Handovers"},"interaction":{"idSuffix":"inner"}},"wdio_ui5_key":"etmportal.ui.managehandoverstile.view.Mastersap.m.Text{\"text\":\"Manage Handovers\"}"}]}
RESULT: {"script":"<script> [1562 bytes]","args":[{"selector":{"controlType":"sap.m.Text","viewName":"etm.portal.ui.managehandoverstile.view.Master","properties":{"text":"Manage Handovers"},"interaction":{"idSuffix":"inner"}},"wdio_ui5_key":"etmportal.ui.managehandoverstile.view.Mastersap.m.Text{\"text\":\"Manage Handovers\"}"}]}
RESULT: undefined
COMMAND: POST /session/2f3a3ed30178fd4b3e43ef29d6279727/element - {"using":"xpath","value":"//*[@id=\"__tile133-title\"]"}
RESULT: {"using":"xpath","value":"//*[@id=\"__tile133-title\"]"}
COMMAND: POST /session/2f3a3ed30178fd4b3e43ef29d6279727/element/f.8627BF333E87AC973E299D2132D92580.d.5E86282D483D42E4682D79ACEF0DE49C.e.3626/click - {}
RESULT: {}
COMMAND: POST /session/2f3a3ed30178fd4b3e43ef29d6279727/element - {"using":"xpath","value":"//button[@data-kt=\"masterHOAddButton\"]"}
COMMAND: GET /session/2f3a3ed30178fd4b3e43ef29d6279727/screenshot - {}
RESULT: {"using":"xpath","value":"//button[@data-kt=\"masterHOAddButton\"]"}
COMMAND: POST /session/2f3a3ed30178fd4b3e43ef29d6279727/elements - {"using":"xpath","value":"//button[@data-kt=\"masterHOAddButton\"]"}
RESULT: {}
RESULT: {"using":"xpath","value":"//button[@data-kt=\"masterHOAddButton\"]"}
COMMAND: POST /session/2f3a3ed30178fd4b3e43ef29d6279727/elements - {"using":"xpath","value":"//button[@data-kt=\"masterHOAddButton\"]"}
RESULT: {"using":"xpath","value":"//button[@data-kt=\"masterHOAddButton\"]"}
COMMAND: POST /session/2f3a3ed30178fd4b3e43ef29d6279727/elements - {"using":"xpath","value":"//button[@data-kt=\"masterHOAddButton\"]"}
RESULT: {"using":"xpath","value":"//button[@data-kt=\"masterHOAddButton\"]"}
COMMAND: POST /session/2f3a3ed30178fd4b3e43ef29d6279727/elements - {"using":"xpath","value":"//button[@data-kt=\"masterHOAddButton\"]"}
RESULT: {"using":"xpath","value":"//button[@data-kt=\"masterHOAddButton\"]"}
COMMAND: POST /session/2f3a3ed30178fd4b3e43ef29d6279727/elements - {"using":"xpath","value":"//button[@data-kt=\"masterHOAddButton\"]"}
RESULT: {"using":"xpath","value":"//button[@data-kt=\"masterHOAddButton\"]"}
COMMAND: POST /session/2f3a3ed30178fd4b3e43ef29d6279727/elements - {"using":"xpath","value":"//button[@data-kt=\"masterHOAddButton\"]"}
RESULT: {"using":"xpath","value":"//button[@data-kt=\"masterHOAddButton\"]"}
COMMAND: POST /session/2f3a3ed30178fd4b3e43ef29d6279727/elements - {"using":"xpath","value":"//button[@data-kt=\"masterHOAddButton\"]"}
RESULT: {"using":"xpath","value":"//button[@data-kt=\"masterHOAddButton\"]"}
COMMAND: POST /session/2f3a3ed30178fd4b3e43ef29d6279727/elements - {"using":"xpath","value":"//button[@data-kt=\"masterHOAddButton\"]"}
RESULT: {"using":"xpath","value":"//button[@data-kt=\"masterHOAddButton\"]"}
COMMAND: POST /session/2f3a3ed30178fd4b3e43ef29d6279727/elements - {"using":"xpath","value":"//button[@data-kt=\"masterHOAddButton\"]"}
RESULT: {"using":"xpath","value":"//button[@data-kt=\"masterHOAddButton\"]"}
COMMAND: POST /session/2f3a3ed30178fd4b3e43ef29d6279727/elements - {"using":"xpath","value":"//button[@data-kt=\"masterHOAddButton\"]"}
RESULT: {"using":"xpath","value":"//button[@data-kt=\"masterHOAddButton\"]"}
COMMAND: POST /session/2f3a3ed30178fd4b3e43ef29d6279727/elements - {"using":"xpath","value":"//button[@data-kt=\"masterHOAddButton\"]"}
RESULT: {"using":"xpath","value":"//button[@data-kt=\"masterHOAddButton\"]"}
COMMAND: POST /session/2f3a3ed30178fd4b3e43ef29d6279727/elements - {"using":"xpath","value":"//button[@data-kt=\"masterHOAddButton\"]"}
RESULT: {"using":"xpath","value":"//button[@data-kt=\"masterHOAddButton\"]"}
COMMAND: POST /session/2f3a3ed30178fd4b3e43ef29d6279727/elements - {"using":"xpath","value":"//button[@data-kt=\"masterHOAddButton\"]"}
RESULT: {"using":"xpath","value":"//button[@data-kt=\"masterHOAddButton\"]"}
COMMAND: POST /session/2f3a3ed30178fd4b3e43ef29d6279727/elements - {"using":"xpath","value":"//button[@data-kt=\"masterHOAddButton\"]"}
RESULT: {"using":"xpath","value":"//button[@data-kt=\"masterHOAddButton\"]"}
COMMAND: POST /session/2f3a3ed30178fd4b3e43ef29d6279727/elements - {"using":"xpath","value":"//button[@data-kt=\"masterHOAddButton\"]"}
RESULT: {"using":"xpath","value":"//button[@data-kt=\"masterHOAddButton\"]"}
COMMAND: POST /session/2f3a3ed30178fd4b3e43ef29d6279727/element - {"using":"xpath","value":"//button[@data-kt=\"masterHOAddButton\"]"}
RESULT: {"using":"xpath","value":"//button[@data-kt=\"masterHOAddButton\"]"}
COMMAND: POST /session/2f3a3ed30178fd4b3e43ef29d6279727/execute/sync - {"script":"<script> [8489 bytes]","args":[{"element-6066-11e4-a52e-4f735466cecf":"f.8627BF333E87AC973E299D2132D92580.d.5E86282D483D42E4682D79ACEF0DE49C.e.3666","ELEMENT":"f.8627BF333E87AC973E299D2132D92580.d.5E86282D483D42E4682D79ACEF0DE49C.e.3666"}]}
RESULT: {"script":"<script> [8489 bytes]","args":[{"element-6066-11e4-a52e-4f735466cecf":"f.8627BF333E87AC973E299D2132D92580.d.5E86282D483D42E4682D79ACEF0DE49C.e.3666","ELEMENT":"f.8627BF333E87AC973E299D2132D92580.d.5E86282D483D42E4682D79ACEF0DE49C.e.3666"}]}
COMMAND: GET /session/2f3a3ed30178fd4b3e43ef29d6279727/element/f.8627BF333E87AC973E299D2132D92580.d.5E86282D483D42E4682D79ACEF0DE49C.e.3666/enabled - {}
COMMAND: GET /session/2f3a3ed30178fd4b3e43ef29d6279727/screenshot - {}
RESULT: {}
COMMAND: POST /session/2f3a3ed30178fd4b3e43ef29d6279727/execute/sync - {"script":"<script> [8489 bytes]","args":[{"element-6066-11e4-a52e-4f735466cecf":"f.8627BF333E87AC973E299D2132D92580.d.5E86282D483D42E4682D79ACEF0DE49C.e.3666","ELEMENT":"f.8627BF333E87AC973E299D2132D92580.d.5E86282D483D42E4682D79ACEF0DE49C.e.3666"}]}
COMMAND: GET /session/2f3a3ed30178fd4b3e43ef29d6279727/screenshot - {}
RESULT: {}
RESULT: {"script":"<script> [8489 bytes]","args":[{"element-6066-11e4-a52e-4f735466cecf":"f.8627BF333E87AC973E299D2132D92580.d.5E86282D483D42E4682D79ACEF0DE49C.e.3666","ELEMENT":"f.8627BF333E87AC973E299D2132D92580.d.5E86282D483D42E4682D79ACEF0DE49C.e.3666"}]}
COMMAND: POST /session/2f3a3ed30178fd4b3e43ef29d6279727/execute/sync - {"script":"<script> [5351 bytes]","args":[{"element-6066-11e4-a52e-4f735466cecf":"f.8627BF333E87AC973E299D2132D92580.d.5E86282D483D42E4682D79ACEF0DE49C.e.3666","ELEMENT":"f.8627BF333E87AC973E299D2132D92580.d.5E86282D483D42E4682D79ACEF0DE49C.e.3666"}]}
COMMAND: GET /session/2f3a3ed30178fd4b3e43ef29d6279727/screenshot - {}
RESULT: {}
RESULT: {"script":"<script> [5351 bytes]","args":[{"element-6066-11e4-a52e-4f735466cecf":"f.8627BF333E87AC973E299D2132D92580.d.5E86282D483D42E4682D79ACEF0DE49C.e.3666","ELEMENT":"f.8627BF333E87AC973E299D2132D92580.d.5E86282D483D42E4682D79ACEF0DE49C.e.3666"}]}
COMMAND: POST /session/2f3a3ed30178fd4b3e43ef29d6279727/element/f.8627BF333E87AC973E299D2132D92580.d.5E86282D483D42E4682D79ACEF0DE49C.e.3666/click - {}
COMMAND: GET /session/2f3a3ed30178fd4b3e43ef29d6279727/screenshot - {}
RESULT: {}
RESULT: {}
COMMAND: GET /session/2f3a3ed30178fd4b3e43ef29d6279727/screenshot - {}
RESULT: {}
RESULT: {}
COMMAND: POST /session/2f3a3ed30178fd4b3e43ef29d6279727/element - {"using":"xpath","value":"//span[contains(@id ,\"AddNewHO--typeSelect-arrow\")]"}
RESULT: {"using":"xpath","value":"//span[contains(@id ,\"AddNewHO--typeSelect-arrow\")]"}
COMMAND: POST /session/2f3a3ed30178fd4b3e43ef29d6279727/element/f.8627BF333E87AC973E299D2132D92580.d.5E86282D483D42E4682D79ACEF0DE49C.e.3994/click - {}
RESULT: {}
COMMAND: GET /session/2f3a3ed30178fd4b3e43ef29d6279727/screenshot - {}
RESULT: {}
COMMAND: POST /session/2f3a3ed30178fd4b3e43ef29d6279727/element - {"using":"xpath","value":"(//li[contains(text(), \"stock increase yard\")])[1]"}
RESULT: {"using":"xpath","value":"(//li[contains(text(), \"stock increase yard\")])[1]"}
COMMAND: POST /session/2f3a3ed30178fd4b3e43ef29d6279727/element/f.8627BF333E87AC973E299D2132D92580.d.5E86282D483D42E4682D79ACEF0DE49C.e.3995/click - {}
RESULT: {}
COMMAND: GET /session/2f3a3ed30178fd4b3e43ef29d6279727/screenshot - {}
RESULT: {}
COMMAND: POST /session/2f3a3ed30178fd4b3e43ef29d6279727/execute/async - {"script":"<script> [1562 bytes]","args":[{"selector":{"id":"application-managehandovers-display-component---AddNewHO--dueDate","interaction":{"idSuffix":"inner"}},"wdio_ui5_key":"applicationmanagehandovers-display-component---AddNewHO--dueDate"}]}
RESULT: {"script":"<script> [1562 bytes]","args":[{"selector":{"id":"application-managehandovers-display-component---AddNewHO--dueDate","interaction":{"idSuffix":"inner"}},"wdio_ui5_key":"applicationmanagehandovers-display-component---AddNewHO--dueDate"}]}
RESULT: undefined
COMMAND: POST /session/2f3a3ed30178fd4b3e43ef29d6279727/execute/async - {"script":"<script> [6424 bytes]","args":[{"element-6066-11e4-a52e-4f735466cecf":"f.8627BF333E87AC973E299D2132D92580.d.5E86282D483D42E4682D79ACEF0DE49C.e.3997"},"setValue",["04/23/2025"]]}
RESULT: {"script":"<script> [6424 bytes]","args":[{"element-6066-11e4-a52e-4f735466cecf":"f.8627BF333E87AC973E299D2132D92580.d.5E86282D483D42E4682D79ACEF0DE49C.e.3997"},"setValue",["04/23/2025"]]}
COMMAND: POST /session/2f3a3ed30178fd4b3e43ef29d6279727/element - {"using":"xpath","value":"//input[@id=\"generalSectionFrg--receiveYard-inner\"]"}
RESULT: {"using":"xpath","value":"//input[@id=\"generalSectionFrg--receiveYard-inner\"]"}
COMMAND: POST /session/2f3a3ed30178fd4b3e43ef29d6279727/element/f.8627BF333E87AC973E299D2132D92580.d.5E86282D483D42E4682D79ACEF0DE49C.e.4003/clear - {}
RESULT: {}
COMMAND: POST /session/2f3a3ed30178fd4b3e43ef29d6279727/element/f.8627BF333E87AC973E299D2132D92580.d.5E86282D483D42E4682D79ACEF0DE49C.e.4003/value - {"text":"739"}
COMMAND: GET /session/2f3a3ed30178fd4b3e43ef29d6279727/screenshot - {}
RESULT: {"text":"739"}
COMMAND: GET /session/2f3a3ed30178fd4b3e43ef29d6279727/screenshot - {}
RESULT: {}
RESULT: {}
COMMAND: POST /session/2f3a3ed30178fd4b3e43ef29d6279727/element - {"using":"xpath","value":"//li[.//span[text()='739']]"}
RESULT: {"using":"xpath","value":"//li[.//span[text()='739']]"}
COMMAND: POST /session/2f3a3ed30178fd4b3e43ef29d6279727/element/f.8627BF333E87AC973E299D2132D92580.d.5E86282D483D42E4682D79ACEF0DE49C.e.4020/click - {}
RESULT: {}
COMMAND: GET /session/2f3a3ed30178fd4b3e43ef29d6279727/screenshot - {}
RESULT: {}
COMMAND: POST /session/2f3a3ed30178fd4b3e43ef29d6279727/execute/async - {"script":"<script> [1562 bytes]","args":[{"selector":{"id":"application-managehandovers-display-component---AddNewHO--ObjectPageLayout-anchBar-application-managehandovers-display-component---AddNewHO--section4-anchor","interaction":{"idSuffix":"BDI-content"}},"wdio_ui5_key":"applicationmanagehandovers-display-component---AddNewHO--ObjectPageLayout-anchBar-application-managehandovers-display-component---AddNewHO--section4-anchor"}]}
RESULT: {"script":"<script> [1562 bytes]","args":[{"selector":{"id":"application-managehandovers-display-component---AddNewHO--ObjectPageLayout-anchBar-application-managehandovers-display-component---AddNewHO--section4-anchor","interaction":{"idSuffix":"BDI-content"}},"wdio_ui5_key":"applicationmanagehandovers-display-component---AddNewHO--ObjectPageLayout-anchBar-application-managehandovers-display-component---AddNewHO--section4-anchor"}]}
RESULT: undefined
COMMAND: POST /session/2f3a3ed30178fd4b3e43ef29d6279727/element - {"using":"xpath","value":"//*[@id=\"application-managehandovers-display-component---AddNewHO--ObjectPageLayout-anchBar-application-managehandovers-display-component---AddNewHO--section4-anchor\"]"}
RESULT: {"using":"xpath","value":"//*[@id=\"application-managehandovers-display-component---AddNewHO--ObjectPageLayout-anchBar-application-managehandovers-display-component---AddNewHO--section4-anchor\"]"}
COMMAND: POST /session/2f3a3ed30178fd4b3e43ef29d6279727/element/f.8627BF333E87AC973E299D2132D92580.d.5E86282D483D42E4682D79ACEF0DE49C.e.4022/click - {}
RESULT: {}
COMMAND: POST /session/2f3a3ed30178fd4b3e43ef29d6279727/element - {"using":"xpath","value":"//button[@aria-label=\"Add\"]"}
COMMAND: GET /session/2f3a3ed30178fd4b3e43ef29d6279727/screenshot - {}
RESULT: {"using":"xpath","value":"//button[@aria-label=\"Add\"]"}
COMMAND: POST /session/2f3a3ed30178fd4b3e43ef29d6279727/element/f.8627BF333E87AC973E299D2132D92580.d.5E86282D483D42E4682D79ACEF0DE49C.e.4026/click - {}
RESULT: {}
RESULT: {}
COMMAND: GET /session/2f3a3ed30178fd4b3e43ef29d6279727/screenshot - {}
RESULT: {}
COMMAND: POST /session/2f3a3ed30178fd4b3e43ef29d6279727/execute/async - {"script":"<script> [1562 bytes]","args":[{"selector":{"id":"application-managehandovers-display-component---AddNewHO--smartFilterBar-btnBasicSearch","searchOpenDialogs":true,"interaction":{"idSuffix":"I"}},"wdio_ui5_key":"applicationmanagehandovers-display-component---AddNewHO--smartFilterBar-btnBasicSearch"}]}
RESULT: {"script":"<script> [1562 bytes]","args":[{"selector":{"id":"application-managehandovers-display-component---AddNewHO--smartFilterBar-btnBasicSearch","searchOpenDialogs":true,"interaction":{"idSuffix":"I"}},"wdio_ui5_key":"applicationmanagehandovers-display-component---AddNewHO--smartFilterBar-btnBasicSearch"}]}
RESULT: undefined
COMMAND: POST /session/2f3a3ed30178fd4b3e43ef29d6279727/execute/async - {"script":"<script> [776 bytes]","args":[{"enterText":"hDo3YYnFMv","selector":{"id":"application-managehandovers-display-component---AddNewHO--smartFilterBar-btnBasicSearch","searchOpenDialogs":true,"interaction":{"idSuffix":"I"}},"clearTextFirst":true,"interactionType":"ENTER_TEXT"}]}
RESULT: {"script":"<script> [776 bytes]","args":[{"enterText":"hDo3YYnFMv","selector":{"id":"application-managehandovers-display-component---AddNewHO--smartFilterBar-btnBasicSearch","searchOpenDialogs":true,"interaction":{"idSuffix":"I"}},"clearTextFirst":true,"interactionType":"ENTER_TEXT"}]}
COMMAND: POST /session/2f3a3ed30178fd4b3e43ef29d6279727/actions - {"actions":[{"id":"action16","type":"key","parameters":{},"actions":[{"type":"keyDown","value":""},{"type":"pause","duration":10},{"type":"keyUp","value":""}]}]}
RESULT: {"actions":[{"id":"action16","type":"key","parameters":{},"actions":[{"type":"keyDown","value":""},{"type":"pause","duration":10},{"type":"keyUp","value":""}]}]}
COMMAND: GET /session/2f3a3ed30178fd4b3e43ef29d6279727/screenshot - {}
RESULT: {}
COMMAND: POST /session/2f3a3ed30178fd4b3e43ef29d6279727/execute/async - {"script":"<script> [1562 bytes]","args":[{"selector":{"id":"application-managehandovers-display-component---AddNewHO--popup-sa","searchOpenDialogs":true,"interaction":{"idSuffix":"CbBg"}},"wdio_ui5_key":"applicationmanagehandovers-display-component---AddNewHO--popup-sa"}]}
RESULT: {"script":"<script> [1562 bytes]","args":[{"selector":{"id":"application-managehandovers-display-component---AddNewHO--popup-sa","searchOpenDialogs":true,"interaction":{"idSuffix":"CbBg"}},"wdio_ui5_key":"applicationmanagehandovers-display-component---AddNewHO--popup-sa"}]}
RESULT: undefined
COMMAND: POST /session/2f3a3ed30178fd4b3e43ef29d6279727/element - {"using":"xpath","value":"//*[@id=\"application-managehandovers-display-component---AddNewHO--popup-sa\"]"}
RESULT: {"using":"xpath","value":"//*[@id=\"application-managehandovers-display-component---AddNewHO--popup-sa\"]"}
COMMAND: POST /session/2f3a3ed30178fd4b3e43ef29d6279727/element/f.8627BF333E87AC973E299D2132D92580.d.5E86282D483D42E4682D79ACEF0DE49C.e.4176/click - {}
RESULT: {}
COMMAND: GET /session/2f3a3ed30178fd4b3e43ef29d6279727/screenshot - {}
RESULT: {}
COMMAND: POST /session/2f3a3ed30178fd4b3e43ef29d6279727/element - {"using":"xpath","value":"//bdi[contains(text(), \"Select\")]"}
RESULT: {"using":"xpath","value":"//bdi[contains(text(), \"Select\")]"}
COMMAND: POST /session/2f3a3ed30178fd4b3e43ef29d6279727/element/f.8627BF333E87AC973E299D2132D92580.d.5E86282D483D42E4682D79ACEF0DE49C.e.4177/click - {}
RESULT: {}
COMMAND: GET /session/2f3a3ed30178fd4b3e43ef29d6279727/screenshot - {}
RESULT: {}
COMMAND: POST /session/2f3a3ed30178fd4b3e43ef29d6279727/element - {"using":"xpath","value":"//button[@data-kt=\"AddNewHOSaveButton\"]"}
RESULT: {"using":"xpath","value":"//button[@data-kt=\"AddNewHOSaveButton\"]"}
COMMAND: POST /session/2f3a3ed30178fd4b3e43ef29d6279727/element/f.8627BF333E87AC973E299D2132D92580.d.5E86282D483D42E4682D79ACEF0DE49C.e.4181/click - {}
RESULT: {}
COMMAND: GET /session/2f3a3ed30178fd4b3e43ef29d6279727/screenshot - {}
RESULT: {}
COMMAND: POST /session/2f3a3ed30178fd4b3e43ef29d6279727/execute/async - {"script":"<script> [1562 bytes]","args":[{"selector":{"id":"receiptDatePicker","viewName":"etm.portal.ui.managehandovers.view.DetailExecuteHO","interaction":{"idSuffix":"inner"}},"wdio_ui5_key":"receiptDatePickeretmportal.ui.managehandovers.view.DetailExecuteHO"}]}
RESULT: {"script":"<script> [1562 bytes]","args":[{"selector":{"id":"receiptDatePicker","viewName":"etm.portal.ui.managehandovers.view.DetailExecuteHO","interaction":{"idSuffix":"inner"}},"wdio_ui5_key":"receiptDatePickeretmportal.ui.managehandovers.view.DetailExecuteHO"}]}
RESULT: undefined
COMMAND: POST /session/2f3a3ed30178fd4b3e43ef29d6279727/execute/async - {"script":"<script> [6424 bytes]","args":[{"element-6066-11e4-a52e-4f735466cecf":"f.8627BF333E87AC973E299D2132D92580.d.5E86282D483D42E4682D79ACEF0DE49C.e.4211"},"setValue",["04/23/2025"]]}
RESULT: {"script":"<script> [6424 bytes]","args":[{"element-6066-11e4-a52e-4f735466cecf":"f.8627BF333E87AC973E299D2132D92580.d.5E86282D483D42E4682D79ACEF0DE49C.e.4211"},"setValue",["04/23/2025"]]}
COMMAND: POST /session/2f3a3ed30178fd4b3e43ef29d6279727/element - {"using":"xpath","value":"//button[@data-kt=\"PickingTableConfirmAllButton\"]"}
RESULT: {"using":"xpath","value":"//button[@data-kt=\"PickingTableConfirmAllButton\"]"}
COMMAND: POST /session/2f3a3ed30178fd4b3e43ef29d6279727/element/f.8627BF333E87AC973E299D2132D92580.d.5E86282D483D42E4682D79ACEF0DE49C.e.4226/click - {}
RESULT: {}
COMMAND: GET /session/2f3a3ed30178fd4b3e43ef29d6279727/screenshot - {}
RESULT: {}
COMMAND: POST /session/2f3a3ed30178fd4b3e43ef29d6279727/element - {"using":"xpath","value":"//bdi[contains(text(), \"OK\")]"}
RESULT: {"using":"xpath","value":"//bdi[contains(text(), \"OK\")]"}
COMMAND: POST /session/2f3a3ed30178fd4b3e43ef29d6279727/element/f.8627BF333E87AC973E299D2132D92580.d.5E86282D483D42E4682D79ACEF0DE49C.e.4228/click - {}
RESULT: {}
COMMAND: GET /session/2f3a3ed30178fd4b3e43ef29d6279727/screenshot - {}
RESULT: {}
COMMAND: POST /session/2f3a3ed30178fd4b3e43ef29d6279727/element - {"using":"xpath","value":"(//bdi[contains(text(), \"Receive\")])[2]"}
RESULT: {"using":"xpath","value":"(//bdi[contains(text(), \"Receive\")])[2]"}
COMMAND: POST /session/2f3a3ed30178fd4b3e43ef29d6279727/element/f.8627BF333E87AC973E299D2132D92580.d.5E86282D483D42E4682D79ACEF0DE49C.e.4230/click - {}
RESULT: {}
COMMAND: GET /session/2f3a3ed30178fd4b3e43ef29d6279727/screenshot - {}
RESULT: {}
COMMAND: POST /session/2f3a3ed30178fd4b3e43ef29d6279727/element - {"using":"css selector","value":"#shell-header-logo"}
RESULT: {"using":"css selector","value":"#shell-header-logo"}
COMMAND: POST /session/2f3a3ed30178fd4b3e43ef29d6279727/element/f.8627BF333E87AC973E299D2132D92580.d.5E86282D483D42E4682D79ACEF0DE49C.e.3629/click - {}
RESULT: {}
COMMAND: GET /session/2f3a3ed30178fd4b3e43ef29d6279727/screenshot - {}
RESULT: {}
]]></system-out>
    </testcase>
    <testcase classname="chrome.135_0_7049_42.windows.Billing_confirm_US117289" name="Should create a new contract" time="63.442">
      <system-out><![CDATA[
COMMAND: POST /session/2f3a3ed30178fd4b3e43ef29d6279727/execute/async - {"script":"<script> [1562 bytes]","args":[{"selector":{"controlType":"sap.m.Text","viewName":"etm.portal.ui.managecontractstile.view.Master","properties":{"text":"Manage Contracts"},"interaction":{"idSuffix":"inner"}},"wdio_ui5_key":"etmportal.ui.managecontractstile.view.Mastersap.m.Text{\"text\":\"Manage Contracts\"}"}]}
RESULT: {"script":"<script> [1562 bytes]","args":[{"selector":{"controlType":"sap.m.Text","viewName":"etm.portal.ui.managecontractstile.view.Master","properties":{"text":"Manage Contracts"},"interaction":{"idSuffix":"inner"}},"wdio_ui5_key":"etmportal.ui.managecontractstile.view.Mastersap.m.Text{\"text\":\"Manage Contracts\"}"}]}
RESULT: undefined
COMMAND: POST /session/2f3a3ed30178fd4b3e43ef29d6279727/element - {"using":"xpath","value":"//*[@id=\"__tile130-title\"]"}
RESULT: {"using":"xpath","value":"//*[@id=\"__tile130-title\"]"}
COMMAND: POST /session/2f3a3ed30178fd4b3e43ef29d6279727/element/f.8627BF333E87AC973E299D2132D92580.d.5E86282D483D42E4682D79ACEF0DE49C.e.4358/click - {}
RESULT: {}
COMMAND: GET /session/2f3a3ed30178fd4b3e43ef29d6279727/screenshot - {}
RESULT: {}
COMMAND: POST /session/2f3a3ed30178fd4b3e43ef29d6279727/element - {"using":"xpath","value":"//button[@data-kt=\"addButton\"]"}
RESULT: undefined
RESULT: undefined
RESULT: {"using":"xpath","value":"//button[@data-kt=\"addButton\"]"}
COMMAND: POST /session/2f3a3ed30178fd4b3e43ef29d6279727/elements - {"using":"xpath","value":"//button[@data-kt=\"addButton\"]"}
RESULT: {"using":"xpath","value":"//button[@data-kt=\"addButton\"]"}
COMMAND: POST /session/2f3a3ed30178fd4b3e43ef29d6279727/execute/sync - {"script":"<script> [8489 bytes]","args":[{"element-6066-11e4-a52e-4f735466cecf":"f.8627BF333E87AC973E299D2132D92580.d.5E86282D483D42E4682D79ACEF0DE49C.e.4430","ELEMENT":"f.8627BF333E87AC973E299D2132D92580.d.5E86282D483D42E4682D79ACEF0DE49C.e.4430"}]}
RESULT: {"script":"<script> [8489 bytes]","args":[{"element-6066-11e4-a52e-4f735466cecf":"f.8627BF333E87AC973E299D2132D92580.d.5E86282D483D42E4682D79ACEF0DE49C.e.4430","ELEMENT":"f.8627BF333E87AC973E299D2132D92580.d.5E86282D483D42E4682D79ACEF0DE49C.e.4430"}]}
COMMAND: GET /session/2f3a3ed30178fd4b3e43ef29d6279727/element/f.8627BF333E87AC973E299D2132D92580.d.5E86282D483D42E4682D79ACEF0DE49C.e.4430/enabled - {}
COMMAND: GET /session/2f3a3ed30178fd4b3e43ef29d6279727/screenshot - {}
RESULT: {}
COMMAND: POST /session/2f3a3ed30178fd4b3e43ef29d6279727/execute/sync - {"script":"<script> [8489 bytes]","args":[{"element-6066-11e4-a52e-4f735466cecf":"f.8627BF333E87AC973E299D2132D92580.d.5E86282D483D42E4682D79ACEF0DE49C.e.4430","ELEMENT":"f.8627BF333E87AC973E299D2132D92580.d.5E86282D483D42E4682D79ACEF0DE49C.e.4430"}]}
COMMAND: GET /session/2f3a3ed30178fd4b3e43ef29d6279727/screenshot - {}
RESULT: {}
RESULT: {"script":"<script> [8489 bytes]","args":[{"element-6066-11e4-a52e-4f735466cecf":"f.8627BF333E87AC973E299D2132D92580.d.5E86282D483D42E4682D79ACEF0DE49C.e.4430","ELEMENT":"f.8627BF333E87AC973E299D2132D92580.d.5E86282D483D42E4682D79ACEF0DE49C.e.4430"}]}
COMMAND: POST /session/2f3a3ed30178fd4b3e43ef29d6279727/execute/sync - {"script":"<script> [5351 bytes]","args":[{"element-6066-11e4-a52e-4f735466cecf":"f.8627BF333E87AC973E299D2132D92580.d.5E86282D483D42E4682D79ACEF0DE49C.e.4430","ELEMENT":"f.8627BF333E87AC973E299D2132D92580.d.5E86282D483D42E4682D79ACEF0DE49C.e.4430"}]}
COMMAND: GET /session/2f3a3ed30178fd4b3e43ef29d6279727/screenshot - {}
RESULT: {}
RESULT: {"script":"<script> [5351 bytes]","args":[{"element-6066-11e4-a52e-4f735466cecf":"f.8627BF333E87AC973E299D2132D92580.d.5E86282D483D42E4682D79ACEF0DE49C.e.4430","ELEMENT":"f.8627BF333E87AC973E299D2132D92580.d.5E86282D483D42E4682D79ACEF0DE49C.e.4430"}]}
COMMAND: GET /session/2f3a3ed30178fd4b3e43ef29d6279727/screenshot - {}
RESULT: {}
RESULT: {}
COMMAND: POST /session/2f3a3ed30178fd4b3e43ef29d6279727/element/f.8627BF333E87AC973E299D2132D92580.d.5E86282D483D42E4682D79ACEF0DE49C.e.4430/click - {}
RESULT: {}
COMMAND: GET /session/2f3a3ed30178fd4b3e43ef29d6279727/screenshot - {}
COMMAND: POST /session/2f3a3ed30178fd4b3e43ef29d6279727/execute/async - {"script":"<script> [1562 bytes]","args":[{"selector":{"id":"application-managecontracts-display-component---AddNewContract--projectDescription","interaction":{"idSuffix":"inner"}},"wdio_ui5_key":"applicationmanagecontracts-display-component---AddNewContract--projectDescription"}]}
RESULT: {}
RESULT: {"script":"<script> [1562 bytes]","args":[{"selector":{"id":"application-managecontracts-display-component---AddNewContract--projectDescription","interaction":{"idSuffix":"inner"}},"wdio_ui5_key":"applicationmanagecontracts-display-component---AddNewContract--projectDescription"}]}
RESULT: undefined
COMMAND: POST /session/2f3a3ed30178fd4b3e43ef29d6279727/execute/async - {"script":"<script> [776 bytes]","args":[{"enterText":"Contract WDIO","selector":{"id":"application-managecontracts-display-component---AddNewContract--projectDescription","interaction":{"idSuffix":"inner"}},"clearTextFirst":true,"interactionType":"ENTER_TEXT"}]}
RESULT: {"script":"<script> [776 bytes]","args":[{"enterText":"Contract WDIO","selector":{"id":"application-managecontracts-display-component---AddNewContract--projectDescription","interaction":{"idSuffix":"inner"}},"clearTextFirst":true,"interactionType":"ENTER_TEXT"}]}
COMMAND: POST /session/2f3a3ed30178fd4b3e43ef29d6279727/element - {"using":"xpath","value":"//input[@id=\"application-managecontracts-display-component---AddNewContract--site-inner\"]"}
RESULT: {"using":"xpath","value":"//input[@id=\"application-managecontracts-display-component---AddNewContract--site-inner\"]"}
COMMAND: POST /session/2f3a3ed30178fd4b3e43ef29d6279727/element/f.8627BF333E87AC973E299D2132D92580.d.5E86282D483D42E4682D79ACEF0DE49C.e.4723/clear - {}
RESULT: {}
COMMAND: POST /session/2f3a3ed30178fd4b3e43ef29d6279727/element/f.8627BF333E87AC973E299D2132D92580.d.5E86282D483D42E4682D79ACEF0DE49C.e.4723/value - {"text":"2550"}
COMMAND: GET /session/2f3a3ed30178fd4b3e43ef29d6279727/screenshot - {}
RESULT: {"text":"2550"}
COMMAND: GET /session/2f3a3ed30178fd4b3e43ef29d6279727/screenshot - {}
RESULT: {}
RESULT: {}
COMMAND: POST /session/2f3a3ed30178fd4b3e43ef29d6279727/element - {"using":"xpath","value":"//li[.//span[text()='2550']]"}
RESULT: {"using":"xpath","value":"//li[.//span[text()='2550']]"}
COMMAND: POST /session/2f3a3ed30178fd4b3e43ef29d6279727/element/f.8627BF333E87AC973E299D2132D92580.d.5E86282D483D42E4682D79ACEF0DE49C.e.4748/click - {}
RESULT: {}
COMMAND: GET /session/2f3a3ed30178fd4b3e43ef29d6279727/screenshot - {}
RESULT: {}
COMMAND: POST /session/2f3a3ed30178fd4b3e43ef29d6279727/element - {"using":"xpath","value":"//input[@id=\"application-managecontracts-display-component---AddNewContract--yardId-inner\"]"}
RESULT: {"using":"xpath","value":"//input[@id=\"application-managecontracts-display-component---AddNewContract--yardId-inner\"]"}
COMMAND: GET /session/2f3a3ed30178fd4b3e43ef29d6279727/element/f.8627BF333E87AC973E299D2132D92580.d.5E86282D483D42E4682D79ACEF0DE49C.e.4724/property/value - {}
RESULT: {}
COMMAND: POST /session/2f3a3ed30178fd4b3e43ef29d6279727/element - {"using":"xpath","value":"//input[@id=\"application-managecontracts-display-component---AddNewContract--customerSelect-inner\"]"}
COMMAND: GET /session/2f3a3ed30178fd4b3e43ef29d6279727/screenshot - {}
RESULT: {"using":"xpath","value":"//input[@id=\"application-managecontracts-display-component---AddNewContract--customerSelect-inner\"]"}
COMMAND: POST /session/2f3a3ed30178fd4b3e43ef29d6279727/element/f.8627BF333E87AC973E299D2132D92580.d.5E86282D483D42E4682D79ACEF0DE49C.e.4722/clear - {}
RESULT: {}
RESULT: {}
COMMAND: POST /session/2f3a3ed30178fd4b3e43ef29d6279727/element/f.8627BF333E87AC973E299D2132D92580.d.5E86282D483D42E4682D79ACEF0DE49C.e.4722/value - {"text":"1589"}
COMMAND: GET /session/2f3a3ed30178fd4b3e43ef29d6279727/screenshot - {}
RESULT: {"text":"1589"}
COMMAND: GET /session/2f3a3ed30178fd4b3e43ef29d6279727/screenshot - {}
RESULT: {}
RESULT: {}
COMMAND: POST /session/2f3a3ed30178fd4b3e43ef29d6279727/element - {"using":"xpath","value":"//li[.//span[text()='1589']]"}
RESULT: {"using":"xpath","value":"//li[.//span[text()='1589']]"}
COMMAND: POST /session/2f3a3ed30178fd4b3e43ef29d6279727/element/f.8627BF333E87AC973E299D2132D92580.d.5E86282D483D42E4682D79ACEF0DE49C.e.4751/click - {}
RESULT: {}
COMMAND: GET /session/2f3a3ed30178fd4b3e43ef29d6279727/screenshot - {}
RESULT: {}
COMMAND: POST /session/2f3a3ed30178fd4b3e43ef29d6279727/element - {"using":"xpath","value":"//button[@data-kt=\"saveButton\"]"}
RESULT: {"using":"xpath","value":"//button[@data-kt=\"saveButton\"]"}
COMMAND: POST /session/2f3a3ed30178fd4b3e43ef29d6279727/element/f.8627BF333E87AC973E299D2132D92580.d.5E86282D483D42E4682D79ACEF0DE49C.e.4741/click - {}
RESULT: {}
COMMAND: GET /session/2f3a3ed30178fd4b3e43ef29d6279727/screenshot - {}
RESULT: {}
COMMAND: POST /session/2f3a3ed30178fd4b3e43ef29d6279727/element - {"using":"xpath","value":"//span[contains(@id ,\"contractDetailTitleNoExpanded\")]"}
RESULT: {"using":"xpath","value":"//span[contains(@id ,\"contractDetailTitleNoExpanded\")]"}
COMMAND: POST /session/2f3a3ed30178fd4b3e43ef29d6279727/elements - {"using":"xpath","value":"//span[contains(@id ,\"contractDetailTitleNoExpanded\")]"}
RESULT: {"using":"xpath","value":"//span[contains(@id ,\"contractDetailTitleNoExpanded\")]"}
COMMAND: POST /session/2f3a3ed30178fd4b3e43ef29d6279727/execute/sync - {"script":"<script> [56 bytes]","args":[{"element-6066-11e4-a52e-4f735466cecf":"f.8627BF333E87AC973E299D2132D92580.d.5E86282D483D42E4682D79ACEF0DE49C.e.4820","ELEMENT":"f.8627BF333E87AC973E299D2132D92580.d.5E86282D483D42E4682D79ACEF0DE49C.e.4820"}]}
RESULT: {"script":"<script> [56 bytes]","args":[{"element-6066-11e4-a52e-4f735466cecf":"f.8627BF333E87AC973E299D2132D92580.d.5E86282D483D42E4682D79ACEF0DE49C.e.4820","ELEMENT":"f.8627BF333E87AC973E299D2132D92580.d.5E86282D483D42E4682D79ACEF0DE49C.e.4820"}]}
COMMAND: GET /session/2f3a3ed30178fd4b3e43ef29d6279727/screenshot - {}
RESULT: {}
]]></system-out>
    </testcase>
    <testcase classname="chrome.135_0_7049_42.windows.Billing_confirm_US117289" name="Should add created equipment to contract" time="42.357">
      <system-out><![CDATA[
COMMAND: POST /session/2f3a3ed30178fd4b3e43ef29d6279727/element - {"using":"xpath","value":"//button[@data-kt=\"contractDetailEditBtnButton\"]"}
RESULT: {"using":"xpath","value":"//button[@data-kt=\"contractDetailEditBtnButton\"]"}
COMMAND: POST /session/2f3a3ed30178fd4b3e43ef29d6279727/element/f.8627BF333E87AC973E299D2132D92580.d.5E86282D483D42E4682D79ACEF0DE49C.e.4823/click - {}
RESULT: {}
COMMAND: GET /session/2f3a3ed30178fd4b3e43ef29d6279727/screenshot - {}
RESULT: {}
COMMAND: POST /session/2f3a3ed30178fd4b3e43ef29d6279727/element - {"using":"xpath","value":"(//span[contains(text(), \"Additional Addresses\")])[2]"}
RESULT: {"using":"xpath","value":"(//span[contains(text(), \"Additional Addresses\")])[2]"}
COMMAND: POST /session/2f3a3ed30178fd4b3e43ef29d6279727/element/f.8627BF333E87AC973E299D2132D92580.d.5E86282D483D42E4682D79ACEF0DE49C.e.4879/click - {}
RESULT: {}
COMMAND: GET /session/2f3a3ed30178fd4b3e43ef29d6279727/screenshot - {}
RESULT: {}
COMMAND: POST /session/2f3a3ed30178fd4b3e43ef29d6279727/element - {"using":"xpath","value":"//button[@data-kt=\"btnAddTableRowOverflowToolbarButton\"]"}
RESULT: {"using":"xpath","value":"//button[@data-kt=\"btnAddTableRowOverflowToolbarButton\"]"}
COMMAND: POST /session/2f3a3ed30178fd4b3e43ef29d6279727/element/f.8627BF333E87AC973E299D2132D92580.d.5E86282D483D42E4682D79ACEF0DE49C.e.4881/click - {}
RESULT: {}
COMMAND: GET /session/2f3a3ed30178fd4b3e43ef29d6279727/screenshot - {}
RESULT: {}
COMMAND: POST /session/2f3a3ed30178fd4b3e43ef29d6279727/element - {"using":"xpath","value":"//div[(text() = 'Standard Entry' or . = 'Standard Entry')]"}
RESULT: {"using":"xpath","value":"//div[(text() = 'Standard Entry' or . = 'Standard Entry')]"}
COMMAND: POST /session/2f3a3ed30178fd4b3e43ef29d6279727/element/f.8627BF333E87AC973E299D2132D92580.d.5E86282D483D42E4682D79ACEF0DE49C.e.4883/click - {}
RESULT: {}
COMMAND: GET /session/2f3a3ed30178fd4b3e43ef29d6279727/screenshot - {}
RESULT: {}
COMMAND: POST /session/2f3a3ed30178fd4b3e43ef29d6279727/element - {"using":"xpath","value":"//td[7]/div/div/input"}
RESULT: {"using":"xpath","value":"//td[7]/div/div/input"}
COMMAND: POST /session/2f3a3ed30178fd4b3e43ef29d6279727/element/f.8627BF333E87AC973E299D2132D92580.d.5E86282D483D42E4682D79ACEF0DE49C.e.4892/clear - {}
RESULT: {}
COMMAND: POST /session/2f3a3ed30178fd4b3e43ef29d6279727/element/f.8627BF333E87AC973E299D2132D92580.d.5E86282D483D42E4682D79ACEF0DE49C.e.4892/value - {"text":"hDo3YYnFMv"}
COMMAND: GET /session/2f3a3ed30178fd4b3e43ef29d6279727/screenshot - {}
RESULT: {"text":"hDo3YYnFMv"}
COMMAND: GET /session/2f3a3ed30178fd4b3e43ef29d6279727/screenshot - {}
RESULT: {}
RESULT: {}
COMMAND: POST /session/2f3a3ed30178fd4b3e43ef29d6279727/actions - {"actions":[{"id":"action17","type":"key","parameters":{},"actions":[{"type":"keyDown","value":""},{"type":"pause","duration":10},{"type":"keyUp","value":""}]}]}
RESULT: {"actions":[{"id":"action17","type":"key","parameters":{},"actions":[{"type":"keyDown","value":""},{"type":"pause","duration":10},{"type":"keyUp","value":""}]}]}
COMMAND: GET /session/2f3a3ed30178fd4b3e43ef29d6279727/screenshot - {}
RESULT: {}
COMMAND: POST /session/2f3a3ed30178fd4b3e43ef29d6279727/element - {"using":"xpath","value":"(//button[@data-kt=\"saveButton\"])[2]"}
RESULT: {"using":"xpath","value":"(//button[@data-kt=\"saveButton\"])[2]"}
COMMAND: POST /session/2f3a3ed30178fd4b3e43ef29d6279727/element/f.8627BF333E87AC973E299D2132D92580.d.5E86282D483D42E4682D79ACEF0DE49C.e.4907/click - {}
RESULT: {}
COMMAND: GET /session/2f3a3ed30178fd4b3e43ef29d6279727/screenshot - {}
RESULT: {}
COMMAND: POST /session/2f3a3ed30178fd4b3e43ef29d6279727/element - {"using":"xpath","value":"//span[contains(@id ,\"contractItemsSmartTable-header-inner\")]"}
RESULT: {"using":"xpath","value":"//span[contains(@id ,\"contractItemsSmartTable-header-inner\")]"}
COMMAND: POST /session/2f3a3ed30178fd4b3e43ef29d6279727/elements - {"using":"xpath","value":"//span[contains(@id ,\"contractItemsSmartTable-header-inner\")]"}
RESULT: {"using":"xpath","value":"//span[contains(@id ,\"contractItemsSmartTable-header-inner\")]"}
COMMAND: POST /session/2f3a3ed30178fd4b3e43ef29d6279727/execute/sync - {"script":"<script> [56 bytes]","args":[{"element-6066-11e4-a52e-4f735466cecf":"f.8627BF333E87AC973E299D2132D92580.d.5E86282D483D42E4682D79ACEF0DE49C.e.4911","ELEMENT":"f.8627BF333E87AC973E299D2132D92580.d.5E86282D483D42E4682D79ACEF0DE49C.e.4911"}]}
RESULT: {"script":"<script> [56 bytes]","args":[{"element-6066-11e4-a52e-4f735466cecf":"f.8627BF333E87AC973E299D2132D92580.d.5E86282D483D42E4682D79ACEF0DE49C.e.4911","ELEMENT":"f.8627BF333E87AC973E299D2132D92580.d.5E86282D483D42E4682D79ACEF0DE49C.e.4911"}]}
]]></system-out>
    </testcase>
    <testcase classname="chrome.135_0_7049_42.windows.Billing_confirm_US117289" name="Should do a provide to site handover" time="51.194">
      <system-out><![CDATA[
COMMAND: POST /session/2f3a3ed30178fd4b3e43ef29d6279727/element - {"using":"xpath","value":"//button[@data-kt=\"provideButton\"]"}
COMMAND: GET /session/2f3a3ed30178fd4b3e43ef29d6279727/screenshot - {}
RESULT: {"using":"xpath","value":"//button[@data-kt=\"provideButton\"]"}
COMMAND: POST /session/2f3a3ed30178fd4b3e43ef29d6279727/element/f.8627BF333E87AC973E299D2132D92580.d.5E86282D483D42E4682D79ACEF0DE49C.e.4912/click - {}
RESULT: {}
RESULT: {}
COMMAND: GET /session/2f3a3ed30178fd4b3e43ef29d6279727/screenshot - {}
RESULT: undefined
COMMAND: POST /session/2f3a3ed30178fd4b3e43ef29d6279727/execute/async - {"script":"<script> [6424 bytes]","args":[{"element-6066-11e4-a52e-4f735466cecf":"f.8627BF333E87AC973E299D2132D92580.d.5E86282D483D42E4682D79ACEF0DE49C.e.3997"},"setValue",["04/23/2025"]]}
RESULT: {}
COMMAND: POST /session/2f3a3ed30178fd4b3e43ef29d6279727/execute/async - {"script":"<script> [1562 bytes]","args":[{"selector":{"id":"application-managehandovers-display-component---AddNewHO--dueDate","interaction":{"idSuffix":"inner"}},"wdio_ui5_key":"applicationmanagehandovers-display-component---AddNewHO--dueDate"}]}
RESULT: {"script":"<script> [1562 bytes]","args":[{"selector":{"id":"application-managehandovers-display-component---AddNewHO--dueDate","interaction":{"idSuffix":"inner"}},"wdio_ui5_key":"applicationmanagehandovers-display-component---AddNewHO--dueDate"}]}
COMMAND: POST /session/2f3a3ed30178fd4b3e43ef29d6279727/execute/async - {"script":"<script> [6424 bytes]","args":[{"element-6066-11e4-a52e-4f735466cecf":"f.8627BF333E87AC973E299D2132D92580.d.5E86282D483D42E4682D79ACEF0DE49C.e.4967"},"setValue",["04/23/2025"]]}
RESULT: {"script":"<script> [6424 bytes]","args":[{"element-6066-11e4-a52e-4f735466cecf":"f.8627BF333E87AC973E299D2132D92580.d.5E86282D483D42E4682D79ACEF0DE49C.e.4967"},"setValue",["04/23/2025"]]}
COMMAND: POST /session/2f3a3ed30178fd4b3e43ef29d6279727/element - {"using":"xpath","value":"//bdi[contains(text(), \"Instructions\")]"}
RESULT: {"using":"xpath","value":"//bdi[contains(text(), \"Instructions\")]"}
COMMAND: POST /session/2f3a3ed30178fd4b3e43ef29d6279727/element/f.8627BF333E87AC973E299D2132D92580.d.5E86282D483D42E4682D79ACEF0DE49C.e.5069/click - {}
RESULT: {}
COMMAND: GET /session/2f3a3ed30178fd4b3e43ef29d6279727/screenshot - {}
RESULT: {}
COMMAND: POST /session/2f3a3ed30178fd4b3e43ef29d6279727/element - {"using":"xpath","value":"//button[@data-kt=\"AddNewHOProvideAddItemsButton\"]"}
RESULT: {"using":"xpath","value":"//button[@data-kt=\"AddNewHOProvideAddItemsButton\"]"}
COMMAND: POST /session/2f3a3ed30178fd4b3e43ef29d6279727/element/f.8627BF333E87AC973E299D2132D92580.d.5E86282D483D42E4682D79ACEF0DE49C.e.5073/click - {}
RESULT: {}
COMMAND: GET /session/2f3a3ed30178fd4b3e43ef29d6279727/screenshot - {}
RESULT: {}
RESULT: undefined
COMMAND: POST /session/2f3a3ed30178fd4b3e43ef29d6279727/element - {"using":"xpath","value":"//*[@id=\"application-managehandovers-display-component---AddNewHO--popup-sa\"]"}
RESULT: {"using":"xpath","value":"//*[@id=\"application-managehandovers-display-component---AddNewHO--popup-sa\"]"}
COMMAND: POST /session/2f3a3ed30178fd4b3e43ef29d6279727/element/f.8627BF333E87AC973E299D2132D92580.d.5E86282D483D42E4682D79ACEF0DE49C.e.5082/click - {}
RESULT: {}
COMMAND: GET /session/2f3a3ed30178fd4b3e43ef29d6279727/screenshot - {}
RESULT: {}
COMMAND: POST /session/2f3a3ed30178fd4b3e43ef29d6279727/element - {"using":"xpath","value":"//*[contains(@id ,\"BDI-content\")][contains(text(), \"Select\")]"}
RESULT: {"using":"xpath","value":"//*[contains(@id ,\"BDI-content\")][contains(text(), \"Select\")]"}
COMMAND: POST /session/2f3a3ed30178fd4b3e43ef29d6279727/element/f.8627BF333E87AC973E299D2132D92580.d.5E86282D483D42E4682D79ACEF0DE49C.e.5084/click - {}
RESULT: {}
COMMAND: GET /session/2f3a3ed30178fd4b3e43ef29d6279727/screenshot - {}
RESULT: {}
COMMAND: POST /session/2f3a3ed30178fd4b3e43ef29d6279727/execute/async - {"script":"<script> [1562 bytes]","args":[{"selector":{"id":"application-managehandovers-display-component---AddNewHO--confirmCreationButton","interaction":{"idSuffix":"BDI-content"}},"wdio_ui5_key":"applicationmanagehandovers-display-component---AddNewHO--confirmCreationButton"}]}
RESULT: {"script":"<script> [1562 bytes]","args":[{"selector":{"id":"application-managehandovers-display-component---AddNewHO--confirmCreationButton","interaction":{"idSuffix":"BDI-content"}},"wdio_ui5_key":"applicationmanagehandovers-display-component---AddNewHO--confirmCreationButton"}]}
RESULT: undefined
COMMAND: POST /session/2f3a3ed30178fd4b3e43ef29d6279727/element - {"using":"xpath","value":"//*[@id=\"application-managehandovers-display-component---AddNewHO--confirmCreationButton\"]"}
RESULT: {"using":"xpath","value":"//*[@id=\"application-managehandovers-display-component---AddNewHO--confirmCreationButton\"]"}
COMMAND: POST /session/2f3a3ed30178fd4b3e43ef29d6279727/element/f.8627BF333E87AC973E299D2132D92580.d.5E86282D483D42E4682D79ACEF0DE49C.e.5032/click - {}
RESULT: {}
COMMAND: GET /session/2f3a3ed30178fd4b3e43ef29d6279727/screenshot - {}
COMMAND: POST /session/2f3a3ed30178fd4b3e43ef29d6279727/element - {"using":"xpath","value":"//button[@data-kt=\"PickingTableConfirmAllButton\"]"}
RESULT: {}
RESULT: {"using":"xpath","value":"//button[@data-kt=\"PickingTableConfirmAllButton\"]"}
COMMAND: POST /session/2f3a3ed30178fd4b3e43ef29d6279727/element/f.8627BF333E87AC973E299D2132D92580.d.5E86282D483D42E4682D79ACEF0DE49C.e.5119/click - {}
COMMAND: POST /session/2f3a3ed30178fd4b3e43ef29d6279727/element - {"using":"xpath","value":"//button[@data-kt=\"PickingTableConfirmAllButton\"]"}
RESULT: {"using":"xpath","value":"//button[@data-kt=\"PickingTableConfirmAllButton\"]"}
COMMAND: POST /session/2f3a3ed30178fd4b3e43ef29d6279727/element/f.8627BF333E87AC973E299D2132D92580.d.5E86282D483D42E4682D79ACEF0DE49C.e.5119/click - {}
COMMAND: POST /session/2f3a3ed30178fd4b3e43ef29d6279727/element - {"using":"xpath","value":"//button[@data-kt=\"PickingTableConfirmAllButton\"]"}
RESULT: {"using":"xpath","value":"//button[@data-kt=\"PickingTableConfirmAllButton\"]"}
COMMAND: POST /session/2f3a3ed30178fd4b3e43ef29d6279727/element/f.8627BF333E87AC973E299D2132D92580.d.5E86282D483D42E4682D79ACEF0DE49C.e.5141/click - {}
RESULT: {}
COMMAND: GET /session/2f3a3ed30178fd4b3e43ef29d6279727/screenshot - {}
RESULT: {}
COMMAND: POST /session/2f3a3ed30178fd4b3e43ef29d6279727/element - {"using":"xpath","value":"//bdi[contains(text(), \"OK\")]"}
RESULT: {"using":"xpath","value":"//bdi[contains(text(), \"OK\")]"}
COMMAND: POST /session/2f3a3ed30178fd4b3e43ef29d6279727/element/f.8627BF333E87AC973E299D2132D92580.d.5E86282D483D42E4682D79ACEF0DE49C.e.5144/click - {}
RESULT: {}
COMMAND: GET /session/2f3a3ed30178fd4b3e43ef29d6279727/screenshot - {}
RESULT: {}
COMMAND: POST /session/2f3a3ed30178fd4b3e43ef29d6279727/element - {"using":"xpath","value":"//bdi[contains(text(), \"Issue\")]"}
RESULT: {"using":"xpath","value":"//bdi[contains(text(), \"Issue\")]"}
COMMAND: POST /session/2f3a3ed30178fd4b3e43ef29d6279727/element/f.8627BF333E87AC973E299D2132D92580.d.5E86282D483D42E4682D79ACEF0DE49C.e.5145/click - {}
RESULT: {}
COMMAND: GET /session/2f3a3ed30178fd4b3e43ef29d6279727/screenshot - {}
RESULT: {}
COMMAND: POST /session/2f3a3ed30178fd4b3e43ef29d6279727/element - {"using":"css selector","value":"#shell-header-logo"}
RESULT: {"using":"css selector","value":"#shell-header-logo"}
COMMAND: POST /session/2f3a3ed30178fd4b3e43ef29d6279727/element/f.8627BF333E87AC973E299D2132D92580.d.5E86282D483D42E4682D79ACEF0DE49C.e.4361/click - {}
RESULT: {}
COMMAND: GET /session/2f3a3ed30178fd4b3e43ef29d6279727/screenshot - {}
RESULT: {}
]]></system-out>
    </testcase>
    <testcase classname="chrome.135_0_7049_42.windows.Billing_confirm_US117289" name="Should trigger calculation" time="75.782">
      <system-out><![CDATA[
COMMAND: POST /session/2f3a3ed30178fd4b3e43ef29d6279727/execute/async - {"script":"<script> [1562 bytes]","args":[{"selector":{"controlType":"sap.m.GenericTile","properties":{"header":"Manage Billings"}},"wdio_ui5_key":"sapm.GenericTile{\"header\":\"Manage Billings\"}"}]}
RESULT: {"script":"<script> [1562 bytes]","args":[{"selector":{"controlType":"sap.m.GenericTile","properties":{"header":"Manage Billings"}},"wdio_ui5_key":"sapm.GenericTile{\"header\":\"Manage Billings\"}"}]}
RESULT: undefined
COMMAND: POST /session/2f3a3ed30178fd4b3e43ef29d6279727/element - {"using":"xpath","value":"//*[@id=\"__tile51\"]"}
RESULT: {"using":"xpath","value":"//*[@id=\"__tile51\"]"}
COMMAND: POST /session/2f3a3ed30178fd4b3e43ef29d6279727/element/f.8627BF333E87AC973E299D2132D92580.d.5E86282D483D42E4682D79ACEF0DE49C.e.187/click - {}
RESULT: {}
COMMAND: GET /session/2f3a3ed30178fd4b3e43ef29d6279727/screenshot - {}
RESULT: {}
COMMAND: POST /session/2f3a3ed30178fd4b3e43ef29d6279727/execute/async - {"script":"<script> [1562 bytes]","args":[{"selector":{"id":"application-managebillings-display-component---billRunCalcResult--smartFilterBar-btnBasicSearch","interaction":{"idSuffix":"I"}},"wdio_ui5_key":"applicationmanagebillings-display-component---billRunCalcResult--smartFilterBar-btnBasicSearch"}]}
RESULT: {"script":"<script> [1562 bytes]","args":[{"selector":{"id":"application-managebillings-display-component---billRunCalcResult--smartFilterBar-btnBasicSearch","interaction":{"idSuffix":"I"}},"wdio_ui5_key":"applicationmanagebillings-display-component---billRunCalcResult--smartFilterBar-btnBasicSearch"}]}
RESULT: undefined
COMMAND: POST /session/2f3a3ed30178fd4b3e43ef29d6279727/execute/async - {"script":"<script> [776 bytes]","args":[{"enterText":"10620","selector":{"id":"application-managebillings-display-component---billRunCalcResult--smartFilterBar-btnBasicSearch","interaction":{"idSuffix":"I"}},"clearTextFirst":true,"interactionType":"ENTER_TEXT"}]}
RESULT: {"script":"<script> [776 bytes]","args":[{"enterText":"10620","selector":{"id":"application-managebillings-display-component---billRunCalcResult--smartFilterBar-btnBasicSearch","interaction":{"idSuffix":"I"}},"clearTextFirst":true,"interactionType":"ENTER_TEXT"}]}
COMMAND: POST /session/2f3a3ed30178fd4b3e43ef29d6279727/actions - {"actions":[{"id":"action18","type":"key","parameters":{},"actions":[{"type":"keyDown","value":""},{"type":"pause","duration":10},{"type":"keyUp","value":""}]}]}
RESULT: {"actions":[{"id":"action18","type":"key","parameters":{},"actions":[{"type":"keyDown","value":""},{"type":"pause","duration":10},{"type":"keyUp","value":""}]}]}
COMMAND: GET /session/2f3a3ed30178fd4b3e43ef29d6279727/screenshot - {}
RESULT: {}
COMMAND: POST /session/2f3a3ed30178fd4b3e43ef29d6279727/element - {"using":"xpath","value":"//td[@aria-colindex=\"1\"]/div/div[contains(@class, \"sapMCbBg\")]"}
RESULT: {"using":"xpath","value":"//td[@aria-colindex=\"1\"]/div/div[contains(@class, \"sapMCbBg\")]"}
COMMAND: POST /session/2f3a3ed30178fd4b3e43ef29d6279727/element/f.8627BF333E87AC973E299D2132D92580.d.5E86282D483D42E4682D79ACEF0DE49C.e.5541/click - {}
RESULT: {}
COMMAND: GET /session/2f3a3ed30178fd4b3e43ef29d6279727/screenshot - {}
RESULT: {}
COMMAND: POST /session/2f3a3ed30178fd4b3e43ef29d6279727/execute/async - {"script":"<script> [1562 bytes]","args":[{"selector":{"id":"application-managebillings-display-component---billRunCalcResult--contractBillRunDate","interaction":{"idSuffix":"inner"}},"wdio_ui5_key":"applicationmanagebillings-display-component---billRunCalcResult--contractBillRunDate"}]}
RESULT: {"script":"<script> [1562 bytes]","args":[{"selector":{"id":"application-managebillings-display-component---billRunCalcResult--contractBillRunDate","interaction":{"idSuffix":"inner"}},"wdio_ui5_key":"applicationmanagebillings-display-component---billRunCalcResult--contractBillRunDate"}]}
RESULT: undefined
COMMAND: POST /session/2f3a3ed30178fd4b3e43ef29d6279727/execute/async - {"script":"<script> [776 bytes]","args":[{"enterText":"05/23/25","selector":{"id":"application-managebillings-display-component---billRunCalcResult--contractBillRunDate","interaction":{"idSuffix":"inner"}},"clearTextFirst":true,"interactionType":"ENTER_TEXT"}]}
RESULT: {"script":"<script> [776 bytes]","args":[{"enterText":"05/23/25","selector":{"id":"application-managebillings-display-component---billRunCalcResult--contractBillRunDate","interaction":{"idSuffix":"inner"}},"clearTextFirst":true,"interactionType":"ENTER_TEXT"}]}
COMMAND: POST /session/2f3a3ed30178fd4b3e43ef29d6279727/element - {"using":"xpath","value":"//bdi[contains(text(), \"Trigger Calculation\")]"}
RESULT: {"using":"xpath","value":"//bdi[contains(text(), \"Trigger Calculation\")]"}
COMMAND: POST /session/2f3a3ed30178fd4b3e43ef29d6279727/element/f.8627BF333E87AC973E299D2132D92580.d.5E86282D483D42E4682D79ACEF0DE49C.e.5569/click - {}
RESULT: {}
COMMAND: GET /session/2f3a3ed30178fd4b3e43ef29d6279727/screenshot - {}
RESULT: {}
COMMAND: POST /session/2f3a3ed30178fd4b3e43ef29d6279727/element - {"using":"xpath","value":"(//span[contains(@id, \"imgNav\")])[1]"}
RESULT: {"using":"xpath","value":"(//span[contains(@id, \"imgNav\")])[1]"}
COMMAND: POST /session/2f3a3ed30178fd4b3e43ef29d6279727/element/f.8627BF333E87AC973E299D2132D92580.d.5E86282D483D42E4682D79ACEF0DE49C.e.5554/click - {}
RESULT: {}
COMMAND: GET /session/2f3a3ed30178fd4b3e43ef29d6279727/screenshot - {}
RESULT: {}
COMMAND: POST /session/2f3a3ed30178fd4b3e43ef29d6279727/element - {"using":"xpath","value":"//tr/td[6]/div[1]/span[1]/span[1]"}
RESULT: {"using":"xpath","value":"//tr/td[6]/div[1]/span[1]/span[1]"}
COMMAND: GET /session/2f3a3ed30178fd4b3e43ef29d6279727/element/f.8627BF333E87AC973E299D2132D92580.d.5E86282D483D42E4682D79ACEF0DE49C.e.5575/text - {}
RESULT: {}
COMMAND: POST /session/2f3a3ed30178fd4b3e43ef29d6279727/element - {"using":"xpath","value":"(//span[contains(@id, \"imgNav\")])[2]"}
RESULT: {"using":"xpath","value":"(//span[contains(@id, \"imgNav\")])[2]"}
COMMAND: POST /session/2f3a3ed30178fd4b3e43ef29d6279727/element/f.8627BF333E87AC973E299D2132D92580.d.5E86282D483D42E4682D79ACEF0DE49C.e.5576/click - {}
RESULT: {}
COMMAND: GET /session/2f3a3ed30178fd4b3e43ef29d6279727/screenshot - {}
RESULT: {}
COMMAND: POST /session/2f3a3ed30178fd4b3e43ef29d6279727/element - {"using":"xpath","value":"//bdi[contains(text(), \"Business Confirm\")]"}
RESULT: {"using":"xpath","value":"//bdi[contains(text(), \"Business Confirm\")]"}
COMMAND: POST /session/2f3a3ed30178fd4b3e43ef29d6279727/element/f.8627BF333E87AC973E299D2132D92580.d.5E86282D483D42E4682D79ACEF0DE49C.e.5649/click - {}
RESULT: {}
COMMAND: GET /session/2f3a3ed30178fd4b3e43ef29d6279727/screenshot - {}
RESULT: {}
COMMAND: POST /session/2f3a3ed30178fd4b3e43ef29d6279727/element - {"using":"xpath","value":"//bdi[contains(text(), \"Business Confirmed\")]"}
RESULT: {"using":"xpath","value":"//bdi[contains(text(), \"Business Confirmed\")]"}
COMMAND: POST /session/2f3a3ed30178fd4b3e43ef29d6279727/execute/sync - {"script":"<script> [56 bytes]","args":[{"element-6066-11e4-a52e-4f735466cecf":"f.8627BF333E87AC973E299D2132D92580.d.5E86282D483D42E4682D79ACEF0DE49C.e.5649","ELEMENT":"f.8627BF333E87AC973E299D2132D92580.d.5E86282D483D42E4682D79ACEF0DE49C.e.5649"}]}
RESULT: {"script":"<script> [56 bytes]","args":[{"element-6066-11e4-a52e-4f735466cecf":"f.8627BF333E87AC973E299D2132D92580.d.5E86282D483D42E4682D79ACEF0DE49C.e.5649","ELEMENT":"f.8627BF333E87AC973E299D2132D92580.d.5E86282D483D42E4682D79ACEF0DE49C.e.5649"}]}
COMMAND: POST /session/2f3a3ed30178fd4b3e43ef29d6279727/element - {"using":"css selector","value":"#shell-header-logo"}
COMMAND: GET /session/2f3a3ed30178fd4b3e43ef29d6279727/screenshot - {}
RESULT: {"using":"css selector","value":"#shell-header-logo"}
COMMAND: POST /session/2f3a3ed30178fd4b3e43ef29d6279727/element/f.8627BF333E87AC973E299D2132D92580.d.5E86282D483D42E4682D79ACEF0DE49C.e.5327/click - {}
RESULT: {}
RESULT: {}
COMMAND: GET /session/2f3a3ed30178fd4b3e43ef29d6279727/screenshot - {}
RESULT: {}
COMMAND: POST /session/2f3a3ed30178fd4b3e43ef29d6279727/element - {"using":"css selector","value":"#j_username"}
COMMAND: POST /session/2f3a3ed30178fd4b3e43ef29d6279727/url - {"url":"https://qa-testing-00-live-etm-ui.cfapps.eu10-004.hana.ondemand.com/"}
RESULT: {"using":"css selector","value":"#j_username"}
COMMAND: POST /session/2f3a3ed30178fd4b3e43ef29d6279727/element - {"using":"css selector","value":"#j_username"}
RESULT: {"url":"https://qa-testing-00-live-etm-ui.cfapps.eu10-004.hana.ondemand.com/"}
RESULT: undefined
COMMAND: GET /session/2f3a3ed30178fd4b3e43ef29d6279727/screenshot - {}
RESULT: {"using":"css selector","value":"#j_username"}
COMMAND: POST /session/2f3a3ed30178fd4b3e43ef29d6279727/element - {"using":"css selector","value":"#shell-header-logo"}
RESULT: {}
RESULT: {"using":"css selector","value":"#shell-header-logo"}
COMMAND: POST /session/2f3a3ed30178fd4b3e43ef29d6279727/execute/sync - {"script":"<script> [8489 bytes]","args":[{"element-6066-11e4-a52e-4f735466cecf":"f.8627BF333E87AC973E299D2132D92580.d.65E16E5B2FA4D6F589FE2FDF75A901D8.e.5664","ELEMENT":"f.8627BF333E87AC973E299D2132D92580.d.65E16E5B2FA4D6F589FE2FDF75A901D8.e.5664"}]}
RESULT: {"script":"<script> [8489 bytes]","args":[{"element-6066-11e4-a52e-4f735466cecf":"f.8627BF333E87AC973E299D2132D92580.d.65E16E5B2FA4D6F589FE2FDF75A901D8.e.5664","ELEMENT":"f.8627BF333E87AC973E299D2132D92580.d.65E16E5B2FA4D6F589FE2FDF75A901D8.e.5664"}]}
COMMAND: POST /session/2f3a3ed30178fd4b3e43ef29d6279727/element - {"using":"css selector","value":"#shell-header-logo"}
COMMAND: GET /session/2f3a3ed30178fd4b3e43ef29d6279727/screenshot - {}
RESULT: {"using":"css selector","value":"#shell-header-logo"}
COMMAND: POST /session/2f3a3ed30178fd4b3e43ef29d6279727/execute/sync - {"script":"<script> [8489 bytes]","args":[{"element-6066-11e4-a52e-4f735466cecf":"f.8627BF333E87AC973E299D2132D92580.d.65E16E5B2FA4D6F589FE2FDF75A901D8.e.5664","ELEMENT":"f.8627BF333E87AC973E299D2132D92580.d.65E16E5B2FA4D6F589FE2FDF75A901D8.e.5664"}]}
RESULT: {}
RESULT: {"script":"<script> [8489 bytes]","args":[{"element-6066-11e4-a52e-4f735466cecf":"f.8627BF333E87AC973E299D2132D92580.d.65E16E5B2FA4D6F589FE2FDF75A901D8.e.5664","ELEMENT":"f.8627BF333E87AC973E299D2132D92580.d.65E16E5B2FA4D6F589FE2FDF75A901D8.e.5664"}]}
COMMAND: POST /session/2f3a3ed30178fd4b3e43ef29d6279727/execute/sync - {"script":"<script> [5351 bytes]","args":[{"element-6066-11e4-a52e-4f735466cecf":"f.8627BF333E87AC973E299D2132D92580.d.65E16E5B2FA4D6F589FE2FDF75A901D8.e.5664","ELEMENT":"f.8627BF333E87AC973E299D2132D92580.d.65E16E5B2FA4D6F589FE2FDF75A901D8.e.5664"}]}
COMMAND: GET /session/2f3a3ed30178fd4b3e43ef29d6279727/screenshot - {}
RESULT: {"script":"<script> [5351 bytes]","args":[{"element-6066-11e4-a52e-4f735466cecf":"f.8627BF333E87AC973E299D2132D92580.d.65E16E5B2FA4D6F589FE2FDF75A901D8.e.5664","ELEMENT":"f.8627BF333E87AC973E299D2132D92580.d.65E16E5B2FA4D6F589FE2FDF75A901D8.e.5664"}]}
COMMAND: POST /session/2f3a3ed30178fd4b3e43ef29d6279727/element - {"using":"css selector","value":"#shell-header-logo"}
COMMAND: GET /session/2f3a3ed30178fd4b3e43ef29d6279727/screenshot - {}
RESULT: {}
RESULT: {"using":"css selector","value":"#shell-header-logo"}
COMMAND: POST /session/2f3a3ed30178fd4b3e43ef29d6279727/element/f.8627BF333E87AC973E299D2132D92580.d.65E16E5B2FA4D6F589FE2FDF75A901D8.e.5664/click - {}
RESULT: {}
RESULT: {}
COMMAND: GET /session/2f3a3ed30178fd4b3e43ef29d6279727/screenshot - {}
RESULT: {}
COMMAND: POST /session/2f3a3ed30178fd4b3e43ef29d6279727/execute/async - {"script":"<script> [189 bytes]","args":[]}
RESULT: {"script":"<script> [189 bytes]","args":[]}
COMMAND: POST /session/2f3a3ed30178fd4b3e43ef29d6279727/execute/async - {"script":"<script> [123 bytes]","args":[]}
RESULT: {"script":"<script> [123 bytes]","args":[]}
COMMAND: POST /session/2f3a3ed30178fd4b3e43ef29d6279727/timeouts - {"script":"<number>"}
RESULT: {"script":"<number>"}
COMMAND: GET /session/2f3a3ed30178fd4b3e43ef29d6279727/timeouts - {}
RESULT: {}
RESULT: undefined
COMMAND: POST /session/2f3a3ed30178fd4b3e43ef29d6279727/execute/async - {"script":"<script> [2676 bytes]","args":[]}
RESULT: {"script":"<script> [2676 bytes]","args":[]}
COMMAND: POST /session/2f3a3ed30178fd4b3e43ef29d6279727/execute/async - {"script":"<script> [2342 bytes]","args":[{"protocol":"http","hostname":"0.0.0.0","path":"/","capabilities":{"browserName":"chrome","goog:chromeOptions":{"binary":"C:\\Program Files\\Google\\Chrome\\Application\\chrome.exe","args":["--start-maximized"]}},"logLevel":"warn","connectionRetryTimeout":120000,"connectionRetryCount":3,"logLevels":{},"enableDirectConnect":true,"strictSSL":true,"_":"65 more keys: [\"cacheDir\",\"port\",\"requestedCapabilities\",\"automationProtocol\",\"baseUrl\",\"waitforInterval\",\"waitforTimeout\",\"onReload\",\"beforeCommand\",\"afterCommand\",\"rootDir\",\"specs\",\"suites\",\"exclude\",\"groupLogsByTestSpec\",\"excludeDriverLogs\",\"bail\",\"framework\",\"reporters\",\"services\",\"maxInstances\",\"maxInstancesPerCapability\",\"injectGlobals\",\"filesToWatch\",\"execArgv\",\"runnerEnv\",\"runner\",\"shard\",\"specFileRetries\",\"specFileRetriesDelay\",\"specFileRetriesDeferred\",\"reporterSyncInterval\",\"reporterSyncTimeout\",\"cucumberFeaturesWithLineNumbers\",\"autoCompileOpts\",\"mochaOpts\",\"jasmineOpts\",\"cucumberOpts\",\"onPrepare\",\"onWorkerStart\",\"onWorkerEnd\",\"before\",\"beforeSession\",\"beforeSuite\",\"beforeHook\",\"beforeTest\",\"afterTest\",\"afterHook\",\"afterSuite\",\"afterSession\",\"after\",\"onComplete\",\"beforeAssertion\",\"afterAssertion\",\"beforeFeature\",\"beforeScenario\",\"beforeStep\",\"afterStep\",\"afterScenario\",\"afterFeature\",\"_\",\"suite\",\"$0\",\"ignoredWorkerServices\",\"wdi5\"]"}]}
RESULT: {"script":"<script> [2342 bytes]","args":[{"protocol":"http","hostname":"0.0.0.0","path":"/","capabilities":{"browserName":"chrome","goog:chromeOptions":{"binary":"C:\\Program Files\\Google\\Chrome\\Application\\chrome.exe","args":["--start-maximized"]}},"logLevel":"warn","connectionRetryTimeout":120000,"connectionRetryCount":3,"logLevels":{},"enableDirectConnect":true,"strictSSL":true,"_":"65 more keys: [\"cacheDir\",\"port\",\"requestedCapabilities\",\"automationProtocol\",\"baseUrl\",\"waitforInterval\",\"waitforTimeout\",\"onReload\",\"beforeCommand\",\"afterCommand\",\"rootDir\",\"specs\",\"suites\",\"exclude\",\"groupLogsByTestSpec\",\"excludeDriverLogs\",\"bail\",\"framework\",\"reporters\",\"services\",\"maxInstances\",\"maxInstancesPerCapability\",\"injectGlobals\",\"filesToWatch\",\"execArgv\",\"runnerEnv\",\"runner\",\"shard\",\"specFileRetries\",\"specFileRetriesDelay\",\"specFileRetriesDeferred\",\"reporterSyncInterval\",\"reporterSyncTimeout\",\"cucumberFeaturesWithLineNumbers\",\"autoCompileOpts\",\"mochaOpts\",\"jasmineOpts\",\"cucumberOpts\",\"onPrepare\",\"onWorkerStart\",\"onWorkerEnd\",\"before\",\"beforeSession\",\"beforeSuite\",\"beforeHook\",\"beforeTest\",\"afterTest\",\"afterHook\",\"afterSuite\",\"afterSession\",\"after\",\"onComplete\",\"beforeAssertion\",\"afterAssertion\",\"beforeFeature\",\"beforeScenario\",\"beforeStep\",\"afterStep\",\"afterScenario\",\"afterFeature\",\"_\",\"suite\",\"$0\",\"ignoredWorkerServices\",\"wdi5\"]"}]}
COMMAND: POST /session/2f3a3ed30178fd4b3e43ef29d6279727/execute/async - {"script":"<script> [21126 bytes]","args":[35000]}
RESULT: {"script":"<script> [21126 bytes]","args":[35000]}
COMMAND: POST /session/2f3a3ed30178fd4b3e43ef29d6279727/window/maximize - {}
RESULT: {}
COMMAND: POST /session/2f3a3ed30178fd4b3e43ef29d6279727/execute/async - {"script":"<script> [1562 bytes]","args":[{"selector":{"id":"shell-header","interaction":{"idSuffix":"icon"}},"wdio_ui5_key":"shellheader"}]}
COMMAND: GET /session/2f3a3ed30178fd4b3e43ef29d6279727/screenshot - {}
RESULT: {"script":"<script> [1562 bytes]","args":[{"selector":{"id":"shell-header","interaction":{"idSuffix":"icon"}},"wdio_ui5_key":"shellheader"}]}
RESULT: undefined
COMMAND: POST /session/2f3a3ed30178fd4b3e43ef29d6279727/refresh - {}
RESULT: {}
RESULT: {}
COMMAND: GET /session/2f3a3ed30178fd4b3e43ef29d6279727/screenshot - {}
RESULT: {}
COMMAND: POST /session/2f3a3ed30178fd4b3e43ef29d6279727/refresh - {}
RESULT: {}
COMMAND: GET /session/2f3a3ed30178fd4b3e43ef29d6279727/screenshot - {}
RESULT: {}
COMMAND: POST /session/2f3a3ed30178fd4b3e43ef29d6279727/window/fullscreen - {}
RESULT: {}
COMMAND: POST /session/2f3a3ed30178fd4b3e43ef29d6279727/execute/async - {"script":"<script> [189 bytes]","args":[]}
RESULT: {"script":"<script> [189 bytes]","args":[]}
COMMAND: POST /session/2f3a3ed30178fd4b3e43ef29d6279727/execute/async - {"script":"<script> [123 bytes]","args":[]}
RESULT: {"script":"<script> [123 bytes]","args":[]}
COMMAND: POST /session/2f3a3ed30178fd4b3e43ef29d6279727/timeouts - {"script":"<number>"}
RESULT: {"script":"<number>"}
COMMAND: GET /session/2f3a3ed30178fd4b3e43ef29d6279727/timeouts - {}
RESULT: {}
RESULT: undefined
COMMAND: POST /session/2f3a3ed30178fd4b3e43ef29d6279727/execute/async - {"script":"<script> [2676 bytes]","args":[]}
RESULT: {"script":"<script> [2676 bytes]","args":[]}
COMMAND: POST /session/2f3a3ed30178fd4b3e43ef29d6279727/execute/async - {"script":"<script> [2342 bytes]","args":[{"protocol":"http","hostname":"0.0.0.0","path":"/","capabilities":{"browserName":"chrome","goog:chromeOptions":{"binary":"C:\\Program Files\\Google\\Chrome\\Application\\chrome.exe","args":["--start-maximized"]}},"logLevel":"warn","connectionRetryTimeout":120000,"connectionRetryCount":3,"logLevels":{},"enableDirectConnect":true,"strictSSL":true,"_":"65 more keys: [\"cacheDir\",\"port\",\"requestedCapabilities\",\"automationProtocol\",\"baseUrl\",\"waitforInterval\",\"waitforTimeout\",\"onReload\",\"beforeCommand\",\"afterCommand\",\"rootDir\",\"specs\",\"suites\",\"exclude\",\"groupLogsByTestSpec\",\"excludeDriverLogs\",\"bail\",\"framework\",\"reporters\",\"services\",\"maxInstances\",\"maxInstancesPerCapability\",\"injectGlobals\",\"filesToWatch\",\"execArgv\",\"runnerEnv\",\"runner\",\"shard\",\"specFileRetries\",\"specFileRetriesDelay\",\"specFileRetriesDeferred\",\"reporterSyncInterval\",\"reporterSyncTimeout\",\"cucumberFeaturesWithLineNumbers\",\"autoCompileOpts\",\"mochaOpts\",\"jasmineOpts\",\"cucumberOpts\",\"onPrepare\",\"onWorkerStart\",\"onWorkerEnd\",\"before\",\"beforeSession\",\"beforeSuite\",\"beforeHook\",\"beforeTest\",\"afterTest\",\"afterHook\",\"afterSuite\",\"afterSession\",\"after\",\"onComplete\",\"beforeAssertion\",\"afterAssertion\",\"beforeFeature\",\"beforeScenario\",\"beforeStep\",\"afterStep\",\"afterScenario\",\"afterFeature\",\"_\",\"suite\",\"$0\",\"ignoredWorkerServices\",\"wdi5\"]"}]}
RESULT: {"script":"<script> [2342 bytes]","args":[{"protocol":"http","hostname":"0.0.0.0","path":"/","capabilities":{"browserName":"chrome","goog:chromeOptions":{"binary":"C:\\Program Files\\Google\\Chrome\\Application\\chrome.exe","args":["--start-maximized"]}},"logLevel":"warn","connectionRetryTimeout":120000,"connectionRetryCount":3,"logLevels":{},"enableDirectConnect":true,"strictSSL":true,"_":"65 more keys: [\"cacheDir\",\"port\",\"requestedCapabilities\",\"automationProtocol\",\"baseUrl\",\"waitforInterval\",\"waitforTimeout\",\"onReload\",\"beforeCommand\",\"afterCommand\",\"rootDir\",\"specs\",\"suites\",\"exclude\",\"groupLogsByTestSpec\",\"excludeDriverLogs\",\"bail\",\"framework\",\"reporters\",\"services\",\"maxInstances\",\"maxInstancesPerCapability\",\"injectGlobals\",\"filesToWatch\",\"execArgv\",\"runnerEnv\",\"runner\",\"shard\",\"specFileRetries\",\"specFileRetriesDelay\",\"specFileRetriesDeferred\",\"reporterSyncInterval\",\"reporterSyncTimeout\",\"cucumberFeaturesWithLineNumbers\",\"autoCompileOpts\",\"mochaOpts\",\"jasmineOpts\",\"cucumberOpts\",\"onPrepare\",\"onWorkerStart\",\"onWorkerEnd\",\"before\",\"beforeSession\",\"beforeSuite\",\"beforeHook\",\"beforeTest\",\"afterTest\",\"afterHook\",\"afterSuite\",\"afterSession\",\"after\",\"onComplete\",\"beforeAssertion\",\"afterAssertion\",\"beforeFeature\",\"beforeScenario\",\"beforeStep\",\"afterStep\",\"afterScenario\",\"afterFeature\",\"_\",\"suite\",\"$0\",\"ignoredWorkerServices\",\"wdi5\"]"}]}
COMMAND: POST /session/2f3a3ed30178fd4b3e43ef29d6279727/execute/async - {"script":"<script> [21126 bytes]","args":[35000]}
RESULT: {"script":"<script> [21126 bytes]","args":[35000]}
]]></system-out>
    </testcase>
  </testsuite>
  <testsuite timestamp="2025-04-23T17:27:38" time="1124.207" tests="14" failures="0" errors="0" skipped="0">
    <properties>
      <property name="specId" value="0"/>
      <property name="suiteName" value="Create master data for mixed billing &amp; do billing calculation US151661"/>
      <property name="capabilities" value="chrome.135_0_7049_42.windows"/>
      <property name="file" value="file:///D:/a/1/s/test/specs/BTS/billing-calculation-mixed.spec.js"/>
    </properties>
    <testcase classname="chrome.135_0_7049_42.windows.Create_master_data_for_mixed_billing_&amp;_do_billing_calculation_US151661" name="Should create a new yard" time="94.52">
      <system-out><![CDATA[
COMMAND: POST /session/2f3a3ed30178fd4b3e43ef29d6279727/window/fullscreen - {}
RESULT: {}
COMMAND: POST /session/2f3a3ed30178fd4b3e43ef29d6279727/execute/async - {"script":"<script> [1562 bytes]","args":[{"selector":{"controlType":"sap.m.GenericTile","properties":{"header":"Manage Yards"}},"wdio_ui5_key":"sapm.GenericTile{\"header\":\"Manage Yards\"}"}]}
RESULT: {"script":"<script> [1562 bytes]","args":[{"selector":{"controlType":"sap.m.GenericTile","properties":{"header":"Manage Yards"}},"wdio_ui5_key":"sapm.GenericTile{\"header\":\"Manage Yards\"}"}]}
RESULT: undefined
COMMAND: POST /session/2f3a3ed30178fd4b3e43ef29d6279727/element - {"using":"xpath","value":"//*[@id=\"__tile41\"]"}
RESULT: {"using":"xpath","value":"//*[@id=\"__tile41\"]"}
COMMAND: POST /session/2f3a3ed30178fd4b3e43ef29d6279727/element/f.8627BF333E87AC973E299D2132D92580.d.36B7C22E6F115C583BD14019DA65AB30.e.5834/click - {}
RESULT: {}
COMMAND: POST /session/2f3a3ed30178fd4b3e43ef29d6279727/element - {"using":"xpath","value":"//button[@data-kt=\"addNewYardOverflowToolbarButton\"]"}
COMMAND: GET /session/2f3a3ed30178fd4b3e43ef29d6279727/screenshot - {}
RESULT: {"using":"xpath","value":"//button[@data-kt=\"addNewYardOverflowToolbarButton\"]"}
COMMAND: POST /session/2f3a3ed30178fd4b3e43ef29d6279727/elements - {"using":"xpath","value":"//button[@data-kt=\"addNewYardOverflowToolbarButton\"]"}
RESULT: {}
RESULT: {"using":"xpath","value":"//button[@data-kt=\"addNewYardOverflowToolbarButton\"]"}
COMMAND: POST /session/2f3a3ed30178fd4b3e43ef29d6279727/elements - {"using":"xpath","value":"//button[@data-kt=\"addNewYardOverflowToolbarButton\"]"}
RESULT: {"using":"xpath","value":"//button[@data-kt=\"addNewYardOverflowToolbarButton\"]"}
COMMAND: POST /session/2f3a3ed30178fd4b3e43ef29d6279727/elements - {"using":"xpath","value":"//button[@data-kt=\"addNewYardOverflowToolbarButton\"]"}
RESULT: {"using":"xpath","value":"//button[@data-kt=\"addNewYardOverflowToolbarButton\"]"}
COMMAND: POST /session/2f3a3ed30178fd4b3e43ef29d6279727/elements - {"using":"xpath","value":"//button[@data-kt=\"addNewYardOverflowToolbarButton\"]"}
RESULT: {"using":"xpath","value":"//button[@data-kt=\"addNewYardOverflowToolbarButton\"]"}
COMMAND: POST /session/2f3a3ed30178fd4b3e43ef29d6279727/elements - {"using":"xpath","value":"//button[@data-kt=\"addNewYardOverflowToolbarButton\"]"}
RESULT: {"using":"xpath","value":"//button[@data-kt=\"addNewYardOverflowToolbarButton\"]"}
COMMAND: POST /session/2f3a3ed30178fd4b3e43ef29d6279727/elements - {"using":"xpath","value":"//button[@data-kt=\"addNewYardOverflowToolbarButton\"]"}
RESULT: {"using":"xpath","value":"//button[@data-kt=\"addNewYardOverflowToolbarButton\"]"}
COMMAND: POST /session/2f3a3ed30178fd4b3e43ef29d6279727/elements - {"using":"xpath","value":"//button[@data-kt=\"addNewYardOverflowToolbarButton\"]"}
RESULT: {"using":"xpath","value":"//button[@data-kt=\"addNewYardOverflowToolbarButton\"]"}
COMMAND: POST /session/2f3a3ed30178fd4b3e43ef29d6279727/elements - {"using":"xpath","value":"//button[@data-kt=\"addNewYardOverflowToolbarButton\"]"}
RESULT: {"using":"xpath","value":"//button[@data-kt=\"addNewYardOverflowToolbarButton\"]"}
COMMAND: POST /session/2f3a3ed30178fd4b3e43ef29d6279727/elements - {"using":"xpath","value":"//button[@data-kt=\"addNewYardOverflowToolbarButton\"]"}
RESULT: {"using":"xpath","value":"//button[@data-kt=\"addNewYardOverflowToolbarButton\"]"}
COMMAND: POST /session/2f3a3ed30178fd4b3e43ef29d6279727/elements - {"using":"xpath","value":"//button[@data-kt=\"addNewYardOverflowToolbarButton\"]"}
RESULT: {"using":"xpath","value":"//button[@data-kt=\"addNewYardOverflowToolbarButton\"]"}
COMMAND: POST /session/2f3a3ed30178fd4b3e43ef29d6279727/elements - {"using":"xpath","value":"//button[@data-kt=\"addNewYardOverflowToolbarButton\"]"}
RESULT: {"using":"xpath","value":"//button[@data-kt=\"addNewYardOverflowToolbarButton\"]"}
COMMAND: POST /session/2f3a3ed30178fd4b3e43ef29d6279727/elements - {"using":"xpath","value":"//button[@data-kt=\"addNewYardOverflowToolbarButton\"]"}
RESULT: {"using":"xpath","value":"//button[@data-kt=\"addNewYardOverflowToolbarButton\"]"}
COMMAND: POST /session/2f3a3ed30178fd4b3e43ef29d6279727/elements - {"using":"xpath","value":"//button[@data-kt=\"addNewYardOverflowToolbarButton\"]"}
RESULT: {"using":"xpath","value":"//button[@data-kt=\"addNewYardOverflowToolbarButton\"]"}
COMMAND: POST /session/2f3a3ed30178fd4b3e43ef29d6279727/elements - {"using":"xpath","value":"//button[@data-kt=\"addNewYardOverflowToolbarButton\"]"}
RESULT: {"using":"xpath","value":"//button[@data-kt=\"addNewYardOverflowToolbarButton\"]"}
COMMAND: POST /session/2f3a3ed30178fd4b3e43ef29d6279727/element - {"using":"xpath","value":"//button[@data-kt=\"addNewYardOverflowToolbarButton\"]"}
RESULT: {"using":"xpath","value":"//button[@data-kt=\"addNewYardOverflowToolbarButton\"]"}
COMMAND: POST /session/2f3a3ed30178fd4b3e43ef29d6279727/execute/sync - {"script":"<script> [8489 bytes]","args":[{"element-6066-11e4-a52e-4f735466cecf":"f.8627BF333E87AC973E299D2132D92580.d.36B7C22E6F115C583BD14019DA65AB30.e.5963","ELEMENT":"f.8627BF333E87AC973E299D2132D92580.d.36B7C22E6F115C583BD14019DA65AB30.e.5963"}]}
RESULT: {"script":"<script> [8489 bytes]","args":[{"element-6066-11e4-a52e-4f735466cecf":"f.8627BF333E87AC973E299D2132D92580.d.36B7C22E6F115C583BD14019DA65AB30.e.5963","ELEMENT":"f.8627BF333E87AC973E299D2132D92580.d.36B7C22E6F115C583BD14019DA65AB30.e.5963"}]}
COMMAND: GET /session/2f3a3ed30178fd4b3e43ef29d6279727/element/f.8627BF333E87AC973E299D2132D92580.d.36B7C22E6F115C583BD14019DA65AB30.e.5963/enabled - {}
COMMAND: GET /session/2f3a3ed30178fd4b3e43ef29d6279727/screenshot - {}
RESULT: {}
COMMAND: POST /session/2f3a3ed30178fd4b3e43ef29d6279727/execute/sync - {"script":"<script> [8489 bytes]","args":[{"element-6066-11e4-a52e-4f735466cecf":"f.8627BF333E87AC973E299D2132D92580.d.36B7C22E6F115C583BD14019DA65AB30.e.5963","ELEMENT":"f.8627BF333E87AC973E299D2132D92580.d.36B7C22E6F115C583BD14019DA65AB30.e.5963"}]}
COMMAND: GET /session/2f3a3ed30178fd4b3e43ef29d6279727/screenshot - {}
RESULT: {}
RESULT: {"script":"<script> [8489 bytes]","args":[{"element-6066-11e4-a52e-4f735466cecf":"f.8627BF333E87AC973E299D2132D92580.d.36B7C22E6F115C583BD14019DA65AB30.e.5963","ELEMENT":"f.8627BF333E87AC973E299D2132D92580.d.36B7C22E6F115C583BD14019DA65AB30.e.5963"}]}
COMMAND: POST /session/2f3a3ed30178fd4b3e43ef29d6279727/execute/sync - {"script":"<script> [5351 bytes]","args":[{"element-6066-11e4-a52e-4f735466cecf":"f.8627BF333E87AC973E299D2132D92580.d.36B7C22E6F115C583BD14019DA65AB30.e.5963","ELEMENT":"f.8627BF333E87AC973E299D2132D92580.d.36B7C22E6F115C583BD14019DA65AB30.e.5963"}]}
COMMAND: GET /session/2f3a3ed30178fd4b3e43ef29d6279727/screenshot - {}
RESULT: {}
RESULT: {"script":"<script> [5351 bytes]","args":[{"element-6066-11e4-a52e-4f735466cecf":"f.8627BF333E87AC973E299D2132D92580.d.36B7C22E6F115C583BD14019DA65AB30.e.5963","ELEMENT":"f.8627BF333E87AC973E299D2132D92580.d.36B7C22E6F115C583BD14019DA65AB30.e.5963"}]}
COMMAND: POST /session/2f3a3ed30178fd4b3e43ef29d6279727/element/f.8627BF333E87AC973E299D2132D92580.d.36B7C22E6F115C583BD14019DA65AB30.e.5963/click - {}
COMMAND: GET /session/2f3a3ed30178fd4b3e43ef29d6279727/screenshot - {}
RESULT: {}
RESULT: {}
COMMAND: GET /session/2f3a3ed30178fd4b3e43ef29d6279727/screenshot - {}
RESULT: {}
COMMAND: POST /session/2f3a3ed30178fd4b3e43ef29d6279727/element - {"using":"xpath","value":"//input[@id=\"application-manageyards-display-component---NewYard--yardId-inner\"]"}
RESULT: {}
RESULT: {"using":"xpath","value":"//input[@id=\"application-manageyards-display-component---NewYard--yardId-inner\"]"}
COMMAND: POST /session/2f3a3ed30178fd4b3e43ef29d6279727/element - {"using":"xpath","value":"//input[@id=\"application-manageyards-display-component---NewYard--yardId-inner\"]"}
RESULT: {"using":"xpath","value":"//input[@id=\"application-manageyards-display-component---NewYard--yardId-inner\"]"}
COMMAND: POST /session/2f3a3ed30178fd4b3e43ef29d6279727/execute/async - {"script":"<script> [1562 bytes]","args":[{"selector":{"id":"application-manageyards-display-component---NewYard--addressDetailDetailsName1","interaction":{"idSuffix":"inner"}},"wdio_ui5_key":"applicationmanageyards-display-component---NewYard--addressDetailDetailsName1"}]}
RESULT: {"script":"<script> [1562 bytes]","args":[{"selector":{"id":"application-manageyards-display-component---NewYard--addressDetailDetailsName1","interaction":{"idSuffix":"inner"}},"wdio_ui5_key":"applicationmanageyards-display-component---NewYard--addressDetailDetailsName1"}]}
RESULT: undefined
COMMAND: POST /session/2f3a3ed30178fd4b3e43ef29d6279727/execute/async - {"script":"<script> [776 bytes]","args":[{"enterText":"Intercompany Yard wdIO","selector":{"id":"application-manageyards-display-component---NewYard--addressDetailDetailsName1","interaction":{"idSuffix":"inner"}},"clearTextFirst":true,"interactionType":"ENTER_TEXT"}]}
RESULT: {"script":"<script> [776 bytes]","args":[{"enterText":"Intercompany Yard wdIO","selector":{"id":"application-manageyards-display-component---NewYard--addressDetailDetailsName1","interaction":{"idSuffix":"inner"}},"clearTextFirst":true,"interactionType":"ENTER_TEXT"}]}
COMMAND: POST /session/2f3a3ed30178fd4b3e43ef29d6279727/execute/async - {"script":"<script> [1562 bytes]","args":[{"selector":{"id":"application-manageyards-display-component---NewYard--addressDetailDetailsLanguage-arrow"},"wdio_ui5_key":"applicationmanageyards-display-component---NewYard--addressDetailDetailsLanguage-arrow"}]}
RESULT: {"script":"<script> [1562 bytes]","args":[{"selector":{"id":"application-manageyards-display-component---NewYard--addressDetailDetailsLanguage-arrow"},"wdio_ui5_key":"applicationmanageyards-display-component---NewYard--addressDetailDetailsLanguage-arrow"}]}
RESULT: undefined
COMMAND: POST /session/2f3a3ed30178fd4b3e43ef29d6279727/element - {"using":"xpath","value":"//*[@id=\"application-manageyards-display-component---NewYard--addressDetailDetailsLanguage-arrow\"]"}
RESULT: {"using":"xpath","value":"//*[@id=\"application-manageyards-display-component---NewYard--addressDetailDetailsLanguage-arrow\"]"}
COMMAND: POST /session/2f3a3ed30178fd4b3e43ef29d6279727/element/f.8627BF333E87AC973E299D2132D92580.d.36B7C22E6F115C583BD14019DA65AB30.e.6398/click - {}
RESULT: {}
COMMAND: POST /session/2f3a3ed30178fd4b3e43ef29d6279727/element - {"using":"xpath","value":"//span[contains(text(), \"English\")]"}
COMMAND: GET /session/2f3a3ed30178fd4b3e43ef29d6279727/screenshot - {}
RESULT: {"using":"xpath","value":"//span[contains(text(), \"English\")]"}
COMMAND: POST /session/2f3a3ed30178fd4b3e43ef29d6279727/element/f.8627BF333E87AC973E299D2132D92580.d.36B7C22E6F115C583BD14019DA65AB30.e.6399/click - {}
RESULT: {}
RESULT: {}
COMMAND: POST /session/2f3a3ed30178fd4b3e43ef29d6279727/execute/async - {"script":"<script> [1562 bytes]","args":[{"selector":{"id":"application-manageyards-display-component---NewYard--addressDetailDetailsCity1","interaction":{"idSuffix":"inner"}},"wdio_ui5_key":"applicationmanageyards-display-component---NewYard--addressDetailDetailsCity1"}]}
COMMAND: GET /session/2f3a3ed30178fd4b3e43ef29d6279727/screenshot - {}
RESULT: {"script":"<script> [1562 bytes]","args":[{"selector":{"id":"application-manageyards-display-component---NewYard--addressDetailDetailsCity1","interaction":{"idSuffix":"inner"}},"wdio_ui5_key":"applicationmanageyards-display-component---NewYard--addressDetailDetailsCity1"}]}
RESULT: undefined
COMMAND: POST /session/2f3a3ed30178fd4b3e43ef29d6279727/execute/async - {"script":"<script> [776 bytes]","args":[{"enterText":"Rosario","selector":{"id":"application-manageyards-display-component---NewYard--addressDetailDetailsCity1","interaction":{"idSuffix":"inner"}},"clearTextFirst":true,"interactionType":"ENTER_TEXT"}]}
RESULT: {}
RESULT: {"script":"<script> [776 bytes]","args":[{"enterText":"Rosario","selector":{"id":"application-manageyards-display-component---NewYard--addressDetailDetailsCity1","interaction":{"idSuffix":"inner"}},"clearTextFirst":true,"interactionType":"ENTER_TEXT"}]}
COMMAND: POST /session/2f3a3ed30178fd4b3e43ef29d6279727/execute/async - {"script":"<script> [1562 bytes]","args":[{"selector":{"id":"application-manageyards-display-component---NewYard--addressDetailDetailsCountry-arrow"},"wdio_ui5_key":"applicationmanageyards-display-component---NewYard--addressDetailDetailsCountry-arrow"}]}
RESULT: {"script":"<script> [1562 bytes]","args":[{"selector":{"id":"application-manageyards-display-component---NewYard--addressDetailDetailsCountry-arrow"},"wdio_ui5_key":"applicationmanageyards-display-component---NewYard--addressDetailDetailsCountry-arrow"}]}
RESULT: undefined
COMMAND: POST /session/2f3a3ed30178fd4b3e43ef29d6279727/element - {"using":"xpath","value":"//*[@id=\"application-manageyards-display-component---NewYard--addressDetailDetailsCountry-arrow\"]"}
RESULT: {"using":"xpath","value":"//*[@id=\"application-manageyards-display-component---NewYard--addressDetailDetailsCountry-arrow\"]"}
COMMAND: POST /session/2f3a3ed30178fd4b3e43ef29d6279727/element/f.8627BF333E87AC973E299D2132D92580.d.36B7C22E6F115C583BD14019DA65AB30.e.6401/click - {}
RESULT: {}
COMMAND: POST /session/2f3a3ed30178fd4b3e43ef29d6279727/element - {"using":"xpath","value":"//span[contains(text(), \"Argentina\")]"}
COMMAND: GET /session/2f3a3ed30178fd4b3e43ef29d6279727/screenshot - {}
RESULT: {"using":"xpath","value":"//span[contains(text(), \"Argentina\")]"}
COMMAND: POST /session/2f3a3ed30178fd4b3e43ef29d6279727/element/f.8627BF333E87AC973E299D2132D92580.d.36B7C22E6F115C583BD14019DA65AB30.e.6403/click - {}
RESULT: {}
RESULT: {}
COMMAND: POST /session/2f3a3ed30178fd4b3e43ef29d6279727/execute/async - {"script":"<script> [1562 bytes]","args":[{"selector":{"id":"application-manageyards-display-component---NewYard--addressEditDetailsCostObjectCstType-arrow"},"wdio_ui5_key":"applicationmanageyards-display-component---NewYard--addressEditDetailsCostObjectCstType-arrow"}]}
COMMAND: GET /session/2f3a3ed30178fd4b3e43ef29d6279727/screenshot - {}
RESULT: {"script":"<script> [1562 bytes]","args":[{"selector":{"id":"application-manageyards-display-component---NewYard--addressEditDetailsCostObjectCstType-arrow"},"wdio_ui5_key":"applicationmanageyards-display-component---NewYard--addressEditDetailsCostObjectCstType-arrow"}]}
RESULT: undefined
COMMAND: POST /session/2f3a3ed30178fd4b3e43ef29d6279727/element - {"using":"xpath","value":"//*[@id=\"application-manageyards-display-component---NewYard--addressEditDetailsCostObjectCstType-arrow\"]"}
RESULT: {}
RESULT: {"using":"xpath","value":"//*[@id=\"application-manageyards-display-component---NewYard--addressEditDetailsCostObjectCstType-arrow\"]"}
COMMAND: POST /session/2f3a3ed30178fd4b3e43ef29d6279727/element/f.8627BF333E87AC973E299D2132D92580.d.36B7C22E6F115C583BD14019DA65AB30.e.6404/click - {}
RESULT: {}
COMMAND: POST /session/2f3a3ed30178fd4b3e43ef29d6279727/element - {"using":"xpath","value":"//span[contains(text(), \"Cost Center\")]"}
COMMAND: GET /session/2f3a3ed30178fd4b3e43ef29d6279727/screenshot - {}
RESULT: {"using":"xpath","value":"//span[contains(text(), \"Cost Center\")]"}
COMMAND: POST /session/2f3a3ed30178fd4b3e43ef29d6279727/element/f.8627BF333E87AC973E299D2132D92580.d.36B7C22E6F115C583BD14019DA65AB30.e.6405/click - {}
RESULT: {}
RESULT: {}
COMMAND: GET /session/2f3a3ed30178fd4b3e43ef29d6279727/screenshot - {}
RESULT: {}
COMMAND: POST /session/2f3a3ed30178fd4b3e43ef29d6279727/element - {"using":"xpath","value":"//span[@id=\"application-manageyards-display-component---NewYard--addressNewCostObjectCstID-vhi\"]"}
RESULT: {"using":"xpath","value":"//span[@id=\"application-manageyards-display-component---NewYard--addressNewCostObjectCstID-vhi\"]"}
COMMAND: POST /session/2f3a3ed30178fd4b3e43ef29d6279727/execute/sync - {"script":"<script> [8489 bytes]","args":[{"element-6066-11e4-a52e-4f735466cecf":"f.8627BF333E87AC973E299D2132D92580.d.36B7C22E6F115C583BD14019DA65AB30.e.6408","ELEMENT":"f.8627BF333E87AC973E299D2132D92580.d.36B7C22E6F115C583BD14019DA65AB30.e.6408"}]}
RESULT: {"script":"<script> [8489 bytes]","args":[{"element-6066-11e4-a52e-4f735466cecf":"f.8627BF333E87AC973E299D2132D92580.d.36B7C22E6F115C583BD14019DA65AB30.e.6408","ELEMENT":"f.8627BF333E87AC973E299D2132D92580.d.36B7C22E6F115C583BD14019DA65AB30.e.6408"}]}
COMMAND: POST /session/2f3a3ed30178fd4b3e43ef29d6279727/execute/async - {"script":"<script> [1562 bytes]","args":[{"selector":{"id":"application-manageyards-display-component---NewYard--addressNewCostObjectCstID-vhi"},"wdio_ui5_key":"applicationmanageyards-display-component---NewYard--addressNewCostObjectCstID-vhi"}]}
COMMAND: GET /session/2f3a3ed30178fd4b3e43ef29d6279727/screenshot - {}
RESULT: {"script":"<script> [1562 bytes]","args":[{"selector":{"id":"application-manageyards-display-component---NewYard--addressNewCostObjectCstID-vhi"},"wdio_ui5_key":"applicationmanageyards-display-component---NewYard--addressNewCostObjectCstID-vhi"}]}
RESULT: undefined
COMMAND: POST /session/2f3a3ed30178fd4b3e43ef29d6279727/element - {"using":"xpath","value":"//*[@id=\"application-manageyards-display-component---NewYard--addressNewCostObjectCstID-vhi\"]"}
RESULT: {}
RESULT: {"using":"xpath","value":"//*[@id=\"application-manageyards-display-component---NewYard--addressNewCostObjectCstID-vhi\"]"}
COMMAND: POST /session/2f3a3ed30178fd4b3e43ef29d6279727/element/f.8627BF333E87AC973E299D2132D92580.d.36B7C22E6F115C583BD14019DA65AB30.e.6408/click - {}
RESULT: {}
COMMAND: GET /session/2f3a3ed30178fd4b3e43ef29d6279727/screenshot - {}
RESULT: {}
COMMAND: POST /session/2f3a3ed30178fd4b3e43ef29d6279727/execute/async - {"script":"<script> [1562 bytes]","args":[{"selector":{"controlType":"sap.m.SearchField","properties":{"placeholder":"Search"},"searchOpenDialogs":true,"interaction":{"idSuffix":"I"}},"wdio_ui5_key":"sapm.SearchField{\"placeholder\":\"Search\"}"}]}
RESULT: {"script":"<script> [1562 bytes]","args":[{"selector":{"controlType":"sap.m.SearchField","properties":{"placeholder":"Search"},"searchOpenDialogs":true,"interaction":{"idSuffix":"I"}},"wdio_ui5_key":"sapm.SearchField{\"placeholder\":\"Search\"}"}]}
RESULT: undefined
COMMAND: POST /session/2f3a3ed30178fd4b3e43ef29d6279727/execute/async - {"script":"<script> [776 bytes]","args":[{"enterText":"10001013","selector":{"controlType":"sap.m.SearchField","properties":{"placeholder":"Search"},"searchOpenDialogs":true,"interaction":{"idSuffix":"I"}},"clearTextFirst":true,"interactionType":"ENTER_TEXT"}]}
RESULT: {"script":"<script> [776 bytes]","args":[{"enterText":"10001013","selector":{"controlType":"sap.m.SearchField","properties":{"placeholder":"Search"},"searchOpenDialogs":true,"interaction":{"idSuffix":"I"}},"clearTextFirst":true,"interactionType":"ENTER_TEXT"}]}
COMMAND: POST /session/2f3a3ed30178fd4b3e43ef29d6279727/actions - {"actions":[{"id":"action19","type":"key","parameters":{},"actions":[{"type":"keyDown","value":""},{"type":"pause","duration":10},{"type":"keyUp","value":""}]}]}
RESULT: {"actions":[{"id":"action19","type":"key","parameters":{},"actions":[{"type":"keyDown","value":""},{"type":"pause","duration":10},{"type":"keyUp","value":""}]}]}
COMMAND: GET /session/2f3a3ed30178fd4b3e43ef29d6279727/screenshot - {}
RESULT: {}
COMMAND: POST /session/2f3a3ed30178fd4b3e43ef29d6279727/element - {"using":"xpath","value":"//span[contains(text(), \"General Management\")]"}
RESULT: {"using":"xpath","value":"//span[contains(text(), \"General Management\")]"}
COMMAND: POST /session/2f3a3ed30178fd4b3e43ef29d6279727/element/f.8627BF333E87AC973E299D2132D92580.d.36B7C22E6F115C583BD14019DA65AB30.e.6418/click - {}
RESULT: {}
COMMAND: GET /session/2f3a3ed30178fd4b3e43ef29d6279727/screenshot - {}
RESULT: {}
COMMAND: POST /session/2f3a3ed30178fd4b3e43ef29d6279727/element - {"using":"xpath","value":"//bdi[contains(text(), \"OK\")]"}
RESULT: {"using":"xpath","value":"//bdi[contains(text(), \"OK\")]"}
COMMAND: POST /session/2f3a3ed30178fd4b3e43ef29d6279727/element/f.8627BF333E87AC973E299D2132D92580.d.36B7C22E6F115C583BD14019DA65AB30.e.6420/click - {}
RESULT: {}
COMMAND: GET /session/2f3a3ed30178fd4b3e43ef29d6279727/screenshot - {}
RESULT: {}
COMMAND: POST /session/2f3a3ed30178fd4b3e43ef29d6279727/execute/async - {"script":"<script> [1562 bytes]","args":[{"selector":{"id":"application-manageyards-display-component---NewYard--addressEditDetailsCurrency-arrow"},"wdio_ui5_key":"applicationmanageyards-display-component---NewYard--addressEditDetailsCurrency-arrow"}]}
RESULT: {"script":"<script> [1562 bytes]","args":[{"selector":{"id":"application-manageyards-display-component---NewYard--addressEditDetailsCurrency-arrow"},"wdio_ui5_key":"applicationmanageyards-display-component---NewYard--addressEditDetailsCurrency-arrow"}]}
RESULT: undefined
COMMAND: POST /session/2f3a3ed30178fd4b3e43ef29d6279727/element - {"using":"xpath","value":"//*[@id=\"application-manageyards-display-component---NewYard--addressEditDetailsCurrency-arrow\"]"}
RESULT: {"using":"xpath","value":"//*[@id=\"application-manageyards-display-component---NewYard--addressEditDetailsCurrency-arrow\"]"}
COMMAND: POST /session/2f3a3ed30178fd4b3e43ef29d6279727/element/f.8627BF333E87AC973E299D2132D92580.d.36B7C22E6F115C583BD14019DA65AB30.e.6423/click - {}
RESULT: {}
COMMAND: POST /session/2f3a3ed30178fd4b3e43ef29d6279727/element - {"using":"xpath","value":"//span[contains(text(), \"Euro\")]"}
COMMAND: GET /session/2f3a3ed30178fd4b3e43ef29d6279727/screenshot - {}
RESULT: {"using":"xpath","value":"//span[contains(text(), \"Euro\")]"}
COMMAND: POST /session/2f3a3ed30178fd4b3e43ef29d6279727/element/f.8627BF333E87AC973E299D2132D92580.d.36B7C22E6F115C583BD14019DA65AB30.e.6424/click - {}
RESULT: {}
RESULT: {}
COMMAND: POST /session/2f3a3ed30178fd4b3e43ef29d6279727/execute/async - {"script":"<script> [1562 bytes]","args":[{"selector":{"controlType":"sap.m.Input","viewName":"etm.portal.ui.manageyards.view.New","viewId":"application-manageyards-display-component---NewYard","bindingPath":{"path":"","propertyPath":"/CONTROLLING_AREA","modelName":"NewYardModel"},"interaction":{"idSuffix":"inner"}},"wdio_ui5_key":"etmportal.ui.manageyards.view.Newsap.m.Input{\"path\":\"\",\"propertyPath\":\"/CONTROLLING_AREA\",\"modelName\":\"NewYardModel\"}"}]}
COMMAND: GET /session/2f3a3ed30178fd4b3e43ef29d6279727/screenshot - {}
RESULT: {"script":"<script> [1562 bytes]","args":[{"selector":{"controlType":"sap.m.Input","viewName":"etm.portal.ui.manageyards.view.New","viewId":"application-manageyards-display-component---NewYard","bindingPath":{"path":"","propertyPath":"/CONTROLLING_AREA","modelName":"NewYardModel"},"interaction":{"idSuffix":"inner"}},"wdio_ui5_key":"etmportal.ui.manageyards.view.Newsap.m.Input{\"path\":\"\",\"propertyPath\":\"/CONTROLLING_AREA\",\"modelName\":\"NewYardModel\"}"}]}
RESULT: undefined
COMMAND: POST /session/2f3a3ed30178fd4b3e43ef29d6279727/execute/async - {"script":"<script> [776 bytes]","args":[{"enterText":"Z001","selector":{"controlType":"sap.m.Input","viewName":"etm.portal.ui.manageyards.view.New","viewId":"application-manageyards-display-component---NewYard","bindingPath":{"path":"","propertyPath":"/CONTROLLING_AREA","modelName":"NewYardModel"},"interaction":{"idSuffix":"inner"}},"clearTextFirst":true,"interactionType":"ENTER_TEXT"}]}
RESULT: {}
RESULT: {"script":"<script> [776 bytes]","args":[{"enterText":"Z001","selector":{"controlType":"sap.m.Input","viewName":"etm.portal.ui.manageyards.view.New","viewId":"application-manageyards-display-component---NewYard","bindingPath":{"path":"","propertyPath":"/CONTROLLING_AREA","modelName":"NewYardModel"},"interaction":{"idSuffix":"inner"}},"clearTextFirst":true,"interactionType":"ENTER_TEXT"}]}
COMMAND: POST /session/2f3a3ed30178fd4b3e43ef29d6279727/execute/async - {"script":"<script> [1562 bytes]","args":[{"selector":{"id":"application-manageyards-display-component---NewYard--companyCodeComboBox","interaction":{"idSuffix":"inner"}},"wdio_ui5_key":"applicationmanageyards-display-component---NewYard--companyCodeComboBox"}]}
RESULT: {"script":"<script> [1562 bytes]","args":[{"selector":{"id":"application-manageyards-display-component---NewYard--companyCodeComboBox","interaction":{"idSuffix":"inner"}},"wdio_ui5_key":"applicationmanageyards-display-component---NewYard--companyCodeComboBox"}]}
RESULT: undefined
COMMAND: POST /session/2f3a3ed30178fd4b3e43ef29d6279727/execute/async - {"script":"<script> [776 bytes]","args":[{"enterText":"1000","selector":{"id":"application-manageyards-display-component---NewYard--companyCodeComboBox","interaction":{"idSuffix":"inner"}},"clearTextFirst":true,"interactionType":"ENTER_TEXT"}]}
RESULT: {"script":"<script> [776 bytes]","args":[{"enterText":"1000","selector":{"id":"application-manageyards-display-component---NewYard--companyCodeComboBox","interaction":{"idSuffix":"inner"}},"clearTextFirst":true,"interactionType":"ENTER_TEXT"}]}
COMMAND: POST /session/2f3a3ed30178fd4b3e43ef29d6279727/execute/async - {"script":"<script> [1562 bytes]","args":[{"selector":{"controlType":"sap.m.Input","viewName":"etm.portal.ui.manageyards.view.New","viewId":"application-manageyards-display-component---NewYard","bindingPath":{"path":"","propertyPath":"/PLANT","modelName":"NewYardModel"},"interaction":{"idSuffix":"inner"}},"wdio_ui5_key":"etmportal.ui.manageyards.view.Newsap.m.Input{\"path\":\"\",\"propertyPath\":\"/PLANT\",\"modelName\":\"NewYardModel\"}"}]}
RESULT: {"script":"<script> [1562 bytes]","args":[{"selector":{"controlType":"sap.m.Input","viewName":"etm.portal.ui.manageyards.view.New","viewId":"application-manageyards-display-component---NewYard","bindingPath":{"path":"","propertyPath":"/PLANT","modelName":"NewYardModel"},"interaction":{"idSuffix":"inner"}},"wdio_ui5_key":"etmportal.ui.manageyards.view.Newsap.m.Input{\"path\":\"\",\"propertyPath\":\"/PLANT\",\"modelName\":\"NewYardModel\"}"}]}
RESULT: undefined
COMMAND: POST /session/2f3a3ed30178fd4b3e43ef29d6279727/execute/async - {"script":"<script> [776 bytes]","args":[{"enterText":"1001","selector":{"controlType":"sap.m.Input","viewName":"etm.portal.ui.manageyards.view.New","viewId":"application-manageyards-display-component---NewYard","bindingPath":{"path":"","propertyPath":"/PLANT","modelName":"NewYardModel"},"interaction":{"idSuffix":"inner"}},"clearTextFirst":true,"interactionType":"ENTER_TEXT"}]}
RESULT: {"script":"<script> [776 bytes]","args":[{"enterText":"1001","selector":{"controlType":"sap.m.Input","viewName":"etm.portal.ui.manageyards.view.New","viewId":"application-manageyards-display-component---NewYard","bindingPath":{"path":"","propertyPath":"/PLANT","modelName":"NewYardModel"},"interaction":{"idSuffix":"inner"}},"clearTextFirst":true,"interactionType":"ENTER_TEXT"}]}
COMMAND: POST /session/2f3a3ed30178fd4b3e43ef29d6279727/execute/async - {"script":"<script> [1562 bytes]","args":[{"selector":{"controlType":"sap.m.Input","viewName":"etm.portal.ui.manageyards.view.New","viewId":"application-manageyards-display-component---NewYard","bindingPath":{"path":"","propertyPath":"/SALES_AREA_VKORG","modelName":"NewYardModel"},"interaction":{"idSuffix":"inner"}},"wdio_ui5_key":"etmportal.ui.manageyards.view.Newsap.m.Input{\"path\":\"\",\"propertyPath\":\"/SALES_AREA_VKORG\",\"modelName\":\"NewYardModel\"}"}]}
RESULT: {"script":"<script> [1562 bytes]","args":[{"selector":{"controlType":"sap.m.Input","viewName":"etm.portal.ui.manageyards.view.New","viewId":"application-manageyards-display-component---NewYard","bindingPath":{"path":"","propertyPath":"/SALES_AREA_VKORG","modelName":"NewYardModel"},"interaction":{"idSuffix":"inner"}},"wdio_ui5_key":"etmportal.ui.manageyards.view.Newsap.m.Input{\"path\":\"\",\"propertyPath\":\"/SALES_AREA_VKORG\",\"modelName\":\"NewYardModel\"}"}]}
RESULT: undefined
COMMAND: POST /session/2f3a3ed30178fd4b3e43ef29d6279727/execute/async - {"script":"<script> [776 bytes]","args":[{"enterText":"C002","selector":{"controlType":"sap.m.Input","viewName":"etm.portal.ui.manageyards.view.New","viewId":"application-manageyards-display-component---NewYard","bindingPath":{"path":"","propertyPath":"/SALES_AREA_VKORG","modelName":"NewYardModel"},"interaction":{"idSuffix":"inner"}},"clearTextFirst":true,"interactionType":"ENTER_TEXT"}]}
RESULT: {"script":"<script> [776 bytes]","args":[{"enterText":"C002","selector":{"controlType":"sap.m.Input","viewName":"etm.portal.ui.manageyards.view.New","viewId":"application-manageyards-display-component---NewYard","bindingPath":{"path":"","propertyPath":"/SALES_AREA_VKORG","modelName":"NewYardModel"},"interaction":{"idSuffix":"inner"}},"clearTextFirst":true,"interactionType":"ENTER_TEXT"}]}
COMMAND: POST /session/2f3a3ed30178fd4b3e43ef29d6279727/execute/async - {"script":"<script> [1562 bytes]","args":[{"selector":{"controlType":"sap.m.Input","viewName":"etm.portal.ui.manageyards.view.New","viewId":"application-manageyards-display-component---NewYard","bindingPath":{"path":"","propertyPath":"/SALES_AREA_VTWEG","modelName":"NewYardModel"},"interaction":{"idSuffix":"inner"}},"wdio_ui5_key":"etmportal.ui.manageyards.view.Newsap.m.Input{\"path\":\"\",\"propertyPath\":\"/SALES_AREA_VTWEG\",\"modelName\":\"NewYardModel\"}"}]}
RESULT: {"script":"<script> [1562 bytes]","args":[{"selector":{"controlType":"sap.m.Input","viewName":"etm.portal.ui.manageyards.view.New","viewId":"application-manageyards-display-component---NewYard","bindingPath":{"path":"","propertyPath":"/SALES_AREA_VTWEG","modelName":"NewYardModel"},"interaction":{"idSuffix":"inner"}},"wdio_ui5_key":"etmportal.ui.manageyards.view.Newsap.m.Input{\"path\":\"\",\"propertyPath\":\"/SALES_AREA_VTWEG\",\"modelName\":\"NewYardModel\"}"}]}
RESULT: undefined
COMMAND: POST /session/2f3a3ed30178fd4b3e43ef29d6279727/execute/async - {"script":"<script> [776 bytes]","args":[{"enterText":"C2","selector":{"controlType":"sap.m.Input","viewName":"etm.portal.ui.manageyards.view.New","viewId":"application-manageyards-display-component---NewYard","bindingPath":{"path":"","propertyPath":"/SALES_AREA_VTWEG","modelName":"NewYardModel"},"interaction":{"idSuffix":"inner"}},"clearTextFirst":true,"interactionType":"ENTER_TEXT"}]}
RESULT: {"script":"<script> [776 bytes]","args":[{"enterText":"C2","selector":{"controlType":"sap.m.Input","viewName":"etm.portal.ui.manageyards.view.New","viewId":"application-manageyards-display-component---NewYard","bindingPath":{"path":"","propertyPath":"/SALES_AREA_VTWEG","modelName":"NewYardModel"},"interaction":{"idSuffix":"inner"}},"clearTextFirst":true,"interactionType":"ENTER_TEXT"}]}
COMMAND: POST /session/2f3a3ed30178fd4b3e43ef29d6279727/execute/async - {"script":"<script> [1562 bytes]","args":[{"selector":{"controlType":"sap.m.Input","viewName":"etm.portal.ui.manageyards.view.New","viewId":"application-manageyards-display-component---NewYard","bindingPath":{"path":"","propertyPath":"/SALES_AREA_SPART","modelName":"NewYardModel"},"interaction":{"idSuffix":"inner"}},"wdio_ui5_key":"etmportal.ui.manageyards.view.Newsap.m.Input{\"path\":\"\",\"propertyPath\":\"/SALES_AREA_SPART\",\"modelName\":\"NewYardModel\"}"}]}
RESULT: {"script":"<script> [1562 bytes]","args":[{"selector":{"controlType":"sap.m.Input","viewName":"etm.portal.ui.manageyards.view.New","viewId":"application-manageyards-display-component---NewYard","bindingPath":{"path":"","propertyPath":"/SALES_AREA_SPART","modelName":"NewYardModel"},"interaction":{"idSuffix":"inner"}},"wdio_ui5_key":"etmportal.ui.manageyards.view.Newsap.m.Input{\"path\":\"\",\"propertyPath\":\"/SALES_AREA_SPART\",\"modelName\":\"NewYardModel\"}"}]}
RESULT: undefined
COMMAND: POST /session/2f3a3ed30178fd4b3e43ef29d6279727/execute/async - {"script":"<script> [776 bytes]","args":[{"enterText":"C2","selector":{"controlType":"sap.m.Input","viewName":"etm.portal.ui.manageyards.view.New","viewId":"application-manageyards-display-component---NewYard","bindingPath":{"path":"","propertyPath":"/SALES_AREA_SPART","modelName":"NewYardModel"},"interaction":{"idSuffix":"inner"}},"clearTextFirst":true,"interactionType":"ENTER_TEXT"}]}
RESULT: {"script":"<script> [776 bytes]","args":[{"enterText":"C2","selector":{"controlType":"sap.m.Input","viewName":"etm.portal.ui.manageyards.view.New","viewId":"application-manageyards-display-component---NewYard","bindingPath":{"path":"","propertyPath":"/SALES_AREA_SPART","modelName":"NewYardModel"},"interaction":{"idSuffix":"inner"}},"clearTextFirst":true,"interactionType":"ENTER_TEXT"}]}
COMMAND: POST /session/2f3a3ed30178fd4b3e43ef29d6279727/execute/async - {"script":"<script> [1562 bytes]","args":[{"selector":{"controlType":"sap.m.Input","viewName":"etm.portal.ui.manageyards.view.New","viewId":"application-manageyards-display-component---NewYard","bindingPath":{"path":"","propertyPath":"/SHIP_POINT","modelName":"NewYardModel"},"interaction":{"idSuffix":"inner"}},"wdio_ui5_key":"etmportal.ui.manageyards.view.Newsap.m.Input{\"path\":\"\",\"propertyPath\":\"/SHIP_POINT\",\"modelName\":\"NewYardModel\"}"}]}
RESULT: {"script":"<script> [1562 bytes]","args":[{"selector":{"controlType":"sap.m.Input","viewName":"etm.portal.ui.manageyards.view.New","viewId":"application-manageyards-display-component---NewYard","bindingPath":{"path":"","propertyPath":"/SHIP_POINT","modelName":"NewYardModel"},"interaction":{"idSuffix":"inner"}},"wdio_ui5_key":"etmportal.ui.manageyards.view.Newsap.m.Input{\"path\":\"\",\"propertyPath\":\"/SHIP_POINT\",\"modelName\":\"NewYardModel\"}"}]}
RESULT: undefined
COMMAND: POST /session/2f3a3ed30178fd4b3e43ef29d6279727/execute/async - {"script":"<script> [776 bytes]","args":[{"enterText":"1710","selector":{"controlType":"sap.m.Input","viewName":"etm.portal.ui.manageyards.view.New","viewId":"application-manageyards-display-component---NewYard","bindingPath":{"path":"","propertyPath":"/SHIP_POINT","modelName":"NewYardModel"},"interaction":{"idSuffix":"inner"}},"clearTextFirst":true,"interactionType":"ENTER_TEXT"}]}
RESULT: {"script":"<script> [776 bytes]","args":[{"enterText":"1710","selector":{"controlType":"sap.m.Input","viewName":"etm.portal.ui.manageyards.view.New","viewId":"application-manageyards-display-component---NewYard","bindingPath":{"path":"","propertyPath":"/SHIP_POINT","modelName":"NewYardModel"},"interaction":{"idSuffix":"inner"}},"clearTextFirst":true,"interactionType":"ENTER_TEXT"}]}
COMMAND: POST /session/2f3a3ed30178fd4b3e43ef29d6279727/execute/async - {"script":"<script> [1562 bytes]","args":[{"selector":{"controlType":"sap.m.Input","viewName":"etm.portal.ui.manageyards.view.New","viewId":"application-manageyards-display-component---NewYard","bindingPath":{"path":"","propertyPath":"/DELIVERY_TYPE","modelName":"NewYardModel"},"interaction":{"idSuffix":"inner"}},"wdio_ui5_key":"etmportal.ui.manageyards.view.Newsap.m.Input{\"path\":\"\",\"propertyPath\":\"/DELIVERY_TYPE\",\"modelName\":\"NewYardModel\"}"}]}
RESULT: {"script":"<script> [1562 bytes]","args":[{"selector":{"controlType":"sap.m.Input","viewName":"etm.portal.ui.manageyards.view.New","viewId":"application-manageyards-display-component---NewYard","bindingPath":{"path":"","propertyPath":"/DELIVERY_TYPE","modelName":"NewYardModel"},"interaction":{"idSuffix":"inner"}},"wdio_ui5_key":"etmportal.ui.manageyards.view.Newsap.m.Input{\"path\":\"\",\"propertyPath\":\"/DELIVERY_TYPE\",\"modelName\":\"NewYardModel\"}"}]}
RESULT: undefined
COMMAND: POST /session/2f3a3ed30178fd4b3e43ef29d6279727/execute/async - {"script":"<script> [776 bytes]","args":[{"enterText":"ZL01","selector":{"controlType":"sap.m.Input","viewName":"etm.portal.ui.manageyards.view.New","viewId":"application-manageyards-display-component---NewYard","bindingPath":{"path":"","propertyPath":"/DELIVERY_TYPE","modelName":"NewYardModel"},"interaction":{"idSuffix":"inner"}},"clearTextFirst":true,"interactionType":"ENTER_TEXT"}]}
RESULT: {"script":"<script> [776 bytes]","args":[{"enterText":"ZL01","selector":{"controlType":"sap.m.Input","viewName":"etm.portal.ui.manageyards.view.New","viewId":"application-manageyards-display-component---NewYard","bindingPath":{"path":"","propertyPath":"/DELIVERY_TYPE","modelName":"NewYardModel"},"interaction":{"idSuffix":"inner"}},"clearTextFirst":true,"interactionType":"ENTER_TEXT"}]}
COMMAND: POST /session/2f3a3ed30178fd4b3e43ef29d6279727/execute/async - {"script":"<script> [1562 bytes]","args":[{"selector":{"controlType":"sap.m.Input","viewName":"etm.portal.ui.manageyards.view.New","viewId":"application-manageyards-display-component---NewYard","bindingPath":{"path":"","propertyPath":"/AUART","modelName":"NewYardModel"},"interaction":{"idSuffix":"inner"}},"wdio_ui5_key":"etmportal.ui.manageyards.view.Newsap.m.Input{\"path\":\"\",\"propertyPath\":\"/AUART\",\"modelName\":\"NewYardModel\"}"}]}
RESULT: {"script":"<script> [1562 bytes]","args":[{"selector":{"controlType":"sap.m.Input","viewName":"etm.portal.ui.manageyards.view.New","viewId":"application-manageyards-display-component---NewYard","bindingPath":{"path":"","propertyPath":"/AUART","modelName":"NewYardModel"},"interaction":{"idSuffix":"inner"}},"wdio_ui5_key":"etmportal.ui.manageyards.view.Newsap.m.Input{\"path\":\"\",\"propertyPath\":\"/AUART\",\"modelName\":\"NewYardModel\"}"}]}
RESULT: undefined
COMMAND: POST /session/2f3a3ed30178fd4b3e43ef29d6279727/execute/async - {"script":"<script> [776 bytes]","args":[{"enterText":"TA","selector":{"controlType":"sap.m.Input","viewName":"etm.portal.ui.manageyards.view.New","viewId":"application-manageyards-display-component---NewYard","bindingPath":{"path":"","propertyPath":"/AUART","modelName":"NewYardModel"},"interaction":{"idSuffix":"inner"}},"clearTextFirst":true,"interactionType":"ENTER_TEXT"}]}
RESULT: {"script":"<script> [776 bytes]","args":[{"enterText":"TA","selector":{"controlType":"sap.m.Input","viewName":"etm.portal.ui.manageyards.view.New","viewId":"application-manageyards-display-component---NewYard","bindingPath":{"path":"","propertyPath":"/AUART","modelName":"NewYardModel"},"interaction":{"idSuffix":"inner"}},"clearTextFirst":true,"interactionType":"ENTER_TEXT"}]}
COMMAND: POST /session/2f3a3ed30178fd4b3e43ef29d6279727/element - {"using":"xpath","value":"//button[@data-kt=\"newYardSaveButton\"]"}
RESULT: {"using":"xpath","value":"//button[@data-kt=\"newYardSaveButton\"]"}
COMMAND: POST /session/2f3a3ed30178fd4b3e43ef29d6279727/element/f.8627BF333E87AC973E299D2132D92580.d.36B7C22E6F115C583BD14019DA65AB30.e.6379/click - {}
RESULT: {}
COMMAND: GET /session/2f3a3ed30178fd4b3e43ef29d6279727/screenshot - {}
RESULT: {}
COMMAND: POST /session/2f3a3ed30178fd4b3e43ef29d6279727/element - {"using":"xpath","value":"//header[contains(@id, 'ObjectPageLayout-headerTitle')]/div[1]/div[2]/div[1]/span[1]"}
RESULT: {"using":"xpath","value":"//header[contains(@id, 'ObjectPageLayout-headerTitle')]/div[1]/div[2]/div[1]/span[1]"}
COMMAND: POST /session/2f3a3ed30178fd4b3e43ef29d6279727/elements - {"using":"xpath","value":"//header[contains(@id, 'ObjectPageLayout-headerTitle')]/div[1]/div[2]/div[1]/span[1]"}
RESULT: {"using":"xpath","value":"//header[contains(@id, 'ObjectPageLayout-headerTitle')]/div[1]/div[2]/div[1]/span[1]"}
COMMAND: POST /session/2f3a3ed30178fd4b3e43ef29d6279727/execute/sync - {"script":"<script> [56 bytes]","args":[{"element-6066-11e4-a52e-4f735466cecf":"f.8627BF333E87AC973E299D2132D92580.d.36B7C22E6F115C583BD14019DA65AB30.e.6646","ELEMENT":"f.8627BF333E87AC973E299D2132D92580.d.36B7C22E6F115C583BD14019DA65AB30.e.6646"}]}
RESULT: {"script":"<script> [56 bytes]","args":[{"element-6066-11e4-a52e-4f735466cecf":"f.8627BF333E87AC973E299D2132D92580.d.36B7C22E6F115C583BD14019DA65AB30.e.6646","ELEMENT":"f.8627BF333E87AC973E299D2132D92580.d.36B7C22E6F115C583BD14019DA65AB30.e.6646"}]}
COMMAND: GET /session/2f3a3ed30178fd4b3e43ef29d6279727/screenshot - {}
RESULT: {}
COMMAND: POST /session/2f3a3ed30178fd4b3e43ef29d6279727/element - {"using":"css selector","value":"#shell-header-logo"}
RESULT: {"using":"css selector","value":"#shell-header-logo"}
COMMAND: POST /session/2f3a3ed30178fd4b3e43ef29d6279727/element/f.8627BF333E87AC973E299D2132D92580.d.36B7C22E6F115C583BD14019DA65AB30.e.5931/click - {}
RESULT: {}
COMMAND: GET /session/2f3a3ed30178fd4b3e43ef29d6279727/screenshot - {}
RESULT: {}
COMMAND: POST /session/2f3a3ed30178fd4b3e43ef29d6279727/execute/sync - {"script":"<script> [299 bytes]","args":[["getModel","getResource"]]}
RESULT: {"script":"<script> [299 bytes]","args":[["getModel","getResource"]]}
COMMAND: GET /session/2f3a3ed30178fd4b3e43ef29d6279727/screenshot - {}
]]></system-out>
    </testcase>
    <testcase classname="chrome.135_0_7049_42.windows.Create_master_data_for_mixed_billing_&amp;_do_billing_calculation_US151661" name="Should create a new partner" time="113.896">
      <system-out><![CDATA[
COMMAND: POST /session/2f3a3ed30178fd4b3e43ef29d6279727/window/fullscreen - {}
RESULT: {}
RESULT: {}
COMMAND: POST /session/2f3a3ed30178fd4b3e43ef29d6279727/execute/async - {"script":"<script> [1562 bytes]","args":[{"selector":{"controlType":"sap.m.GenericTile","properties":{"header":"Manage Partners"}},"wdio_ui5_key":"sapm.GenericTile{\"header\":\"Manage Partners\"}"}]}
RESULT: {"script":"<script> [1562 bytes]","args":[{"selector":{"controlType":"sap.m.GenericTile","properties":{"header":"Manage Partners"}},"wdio_ui5_key":"sapm.GenericTile{\"header\":\"Manage Partners\"}"}]}
RESULT: undefined
COMMAND: POST /session/2f3a3ed30178fd4b3e43ef29d6279727/element - {"using":"xpath","value":"//*[@id=\"__tile38\"]"}
RESULT: {"using":"xpath","value":"//*[@id=\"__tile38\"]"}
COMMAND: POST /session/2f3a3ed30178fd4b3e43ef29d6279727/element/f.8627BF333E87AC973E299D2132D92580.d.36B7C22E6F115C583BD14019DA65AB30.e.5825/click - {}
RESULT: {}
COMMAND: POST /session/2f3a3ed30178fd4b3e43ef29d6279727/element - {"using":"xpath","value":"//button[@data-kt=\"addButton\"]"}
COMMAND: GET /session/2f3a3ed30178fd4b3e43ef29d6279727/screenshot - {}
RESULT: {"using":"xpath","value":"//button[@data-kt=\"addButton\"]"}
COMMAND: POST /session/2f3a3ed30178fd4b3e43ef29d6279727/elements - {"using":"xpath","value":"//button[@data-kt=\"addButton\"]"}
RESULT: {}
RESULT: {"using":"xpath","value":"//button[@data-kt=\"addButton\"]"}
COMMAND: POST /session/2f3a3ed30178fd4b3e43ef29d6279727/elements - {"using":"xpath","value":"//button[@data-kt=\"addButton\"]"}
RESULT: {"using":"xpath","value":"//button[@data-kt=\"addButton\"]"}
COMMAND: POST /session/2f3a3ed30178fd4b3e43ef29d6279727/elements - {"using":"xpath","value":"//button[@data-kt=\"addButton\"]"}
RESULT: {"using":"xpath","value":"//button[@data-kt=\"addButton\"]"}
COMMAND: POST /session/2f3a3ed30178fd4b3e43ef29d6279727/elements - {"using":"xpath","value":"//button[@data-kt=\"addButton\"]"}
RESULT: {"using":"xpath","value":"//button[@data-kt=\"addButton\"]"}
COMMAND: POST /session/2f3a3ed30178fd4b3e43ef29d6279727/elements - {"using":"xpath","value":"//button[@data-kt=\"addButton\"]"}
RESULT: {"using":"xpath","value":"//button[@data-kt=\"addButton\"]"}
COMMAND: POST /session/2f3a3ed30178fd4b3e43ef29d6279727/elements - {"using":"xpath","value":"//button[@data-kt=\"addButton\"]"}
RESULT: {"using":"xpath","value":"//button[@data-kt=\"addButton\"]"}
COMMAND: POST /session/2f3a3ed30178fd4b3e43ef29d6279727/elements - {"using":"xpath","value":"//button[@data-kt=\"addButton\"]"}
RESULT: {"using":"xpath","value":"//button[@data-kt=\"addButton\"]"}
COMMAND: POST /session/2f3a3ed30178fd4b3e43ef29d6279727/elements - {"using":"xpath","value":"//button[@data-kt=\"addButton\"]"}
RESULT: {"using":"xpath","value":"//button[@data-kt=\"addButton\"]"}
COMMAND: POST /session/2f3a3ed30178fd4b3e43ef29d6279727/element - {"using":"xpath","value":"//button[@data-kt=\"addButton\"]"}
RESULT: {"using":"xpath","value":"//button[@data-kt=\"addButton\"]"}
COMMAND: POST /session/2f3a3ed30178fd4b3e43ef29d6279727/execute/sync - {"script":"<script> [8489 bytes]","args":[{"element-6066-11e4-a52e-4f735466cecf":"f.8627BF333E87AC973E299D2132D92580.d.36B7C22E6F115C583BD14019DA65AB30.e.6683","ELEMENT":"f.8627BF333E87AC973E299D2132D92580.d.36B7C22E6F115C583BD14019DA65AB30.e.6683"}]}
RESULT: {"script":"<script> [8489 bytes]","args":[{"element-6066-11e4-a52e-4f735466cecf":"f.8627BF333E87AC973E299D2132D92580.d.36B7C22E6F115C583BD14019DA65AB30.e.6683","ELEMENT":"f.8627BF333E87AC973E299D2132D92580.d.36B7C22E6F115C583BD14019DA65AB30.e.6683"}]}
COMMAND: GET /session/2f3a3ed30178fd4b3e43ef29d6279727/element/f.8627BF333E87AC973E299D2132D92580.d.36B7C22E6F115C583BD14019DA65AB30.e.6683/enabled - {}
COMMAND: GET /session/2f3a3ed30178fd4b3e43ef29d6279727/screenshot - {}
RESULT: {}
COMMAND: POST /session/2f3a3ed30178fd4b3e43ef29d6279727/execute/sync - {"script":"<script> [8489 bytes]","args":[{"element-6066-11e4-a52e-4f735466cecf":"f.8627BF333E87AC973E299D2132D92580.d.36B7C22E6F115C583BD14019DA65AB30.e.6683","ELEMENT":"f.8627BF333E87AC973E299D2132D92580.d.36B7C22E6F115C583BD14019DA65AB30.e.6683"}]}
COMMAND: GET /session/2f3a3ed30178fd4b3e43ef29d6279727/screenshot - {}
RESULT: {}
RESULT: {"script":"<script> [8489 bytes]","args":[{"element-6066-11e4-a52e-4f735466cecf":"f.8627BF333E87AC973E299D2132D92580.d.36B7C22E6F115C583BD14019DA65AB30.e.6683","ELEMENT":"f.8627BF333E87AC973E299D2132D92580.d.36B7C22E6F115C583BD14019DA65AB30.e.6683"}]}
COMMAND: POST /session/2f3a3ed30178fd4b3e43ef29d6279727/execute/sync - {"script":"<script> [5351 bytes]","args":[{"element-6066-11e4-a52e-4f735466cecf":"f.8627BF333E87AC973E299D2132D92580.d.36B7C22E6F115C583BD14019DA65AB30.e.6683","ELEMENT":"f.8627BF333E87AC973E299D2132D92580.d.36B7C22E6F115C583BD14019DA65AB30.e.6683"}]}
COMMAND: GET /session/2f3a3ed30178fd4b3e43ef29d6279727/screenshot - {}
RESULT: {}
RESULT: {"script":"<script> [5351 bytes]","args":[{"element-6066-11e4-a52e-4f735466cecf":"f.8627BF333E87AC973E299D2132D92580.d.36B7C22E6F115C583BD14019DA65AB30.e.6683","ELEMENT":"f.8627BF333E87AC973E299D2132D92580.d.36B7C22E6F115C583BD14019DA65AB30.e.6683"}]}
COMMAND: POST /session/2f3a3ed30178fd4b3e43ef29d6279727/element/f.8627BF333E87AC973E299D2132D92580.d.36B7C22E6F115C583BD14019DA65AB30.e.6683/click - {}
COMMAND: GET /session/2f3a3ed30178fd4b3e43ef29d6279727/screenshot - {}
RESULT: {}
RESULT: {}
COMMAND: GET /session/2f3a3ed30178fd4b3e43ef29d6279727/screenshot - {}
COMMAND: POST /session/2f3a3ed30178fd4b3e43ef29d6279727/execute/async - {"script":"<script> [1562 bytes]","args":[{"selector":{"id":"application-managepartners-display-component---NewPartner--addressDetailDetailsName1","interaction":{"idSuffix":"inner"}},"wdio_ui5_key":"applicationmanagepartners-display-component---NewPartner--addressDetailDetailsName1"}]}
RESULT: {}
RESULT: {}
RESULT: {"script":"<script> [1562 bytes]","args":[{"selector":{"id":"application-managepartners-display-component---NewPartner--addressDetailDetailsName1","interaction":{"idSuffix":"inner"}},"wdio_ui5_key":"applicationmanagepartners-display-component---NewPartner--addressDetailDetailsName1"}]}
RESULT: undefined
COMMAND: POST /session/2f3a3ed30178fd4b3e43ef29d6279727/execute/async - {"script":"<script> [776 bytes]","args":[{"enterText":"Intercompany Partner WDIO","selector":{"id":"application-managepartners-display-component---NewPartner--addressDetailDetailsName1","interaction":{"idSuffix":"inner"}},"clearTextFirst":true,"interactionType":"ENTER_TEXT"}]}
RESULT: {"script":"<script> [776 bytes]","args":[{"enterText":"Intercompany Partner WDIO","selector":{"id":"application-managepartners-display-component---NewPartner--addressDetailDetailsName1","interaction":{"idSuffix":"inner"}},"clearTextFirst":true,"interactionType":"ENTER_TEXT"}]}
COMMAND: POST /session/2f3a3ed30178fd4b3e43ef29d6279727/execute/async - {"script":"<script> [1562 bytes]","args":[{"selector":{"id":"application-managepartners-display-component---NewPartner--addressDetailDetailsLanguage-arrow"},"wdio_ui5_key":"applicationmanagepartners-display-component---NewPartner--addressDetailDetailsLanguage-arrow"}]}
RESULT: {"script":"<script> [1562 bytes]","args":[{"selector":{"id":"application-managepartners-display-component---NewPartner--addressDetailDetailsLanguage-arrow"},"wdio_ui5_key":"applicationmanagepartners-display-component---NewPartner--addressDetailDetailsLanguage-arrow"}]}
RESULT: undefined
COMMAND: POST /session/2f3a3ed30178fd4b3e43ef29d6279727/element - {"using":"xpath","value":"//*[@id=\"application-managepartners-display-component---NewPartner--addressDetailDetailsLanguage-arrow\"]"}
RESULT: {"using":"xpath","value":"//*[@id=\"application-managepartners-display-component---NewPartner--addressDetailDetailsLanguage-arrow\"]"}
COMMAND: POST /session/2f3a3ed30178fd4b3e43ef29d6279727/element/f.8627BF333E87AC973E299D2132D92580.d.36B7C22E6F115C583BD14019DA65AB30.e.7134/click - {}
RESULT: {}
COMMAND: POST /session/2f3a3ed30178fd4b3e43ef29d6279727/element - {"using":"xpath","value":"//span[contains(text(), \"English\")]"}
COMMAND: GET /session/2f3a3ed30178fd4b3e43ef29d6279727/screenshot - {}
RESULT: {"using":"xpath","value":"//span[contains(text(), \"English\")]"}
COMMAND: POST /session/2f3a3ed30178fd4b3e43ef29d6279727/element/f.8627BF333E87AC973E299D2132D92580.d.36B7C22E6F115C583BD14019DA65AB30.e.7135/click - {}
RESULT: {}
RESULT: {}
COMMAND: GET /session/2f3a3ed30178fd4b3e43ef29d6279727/screenshot - {}
RESULT: {}
COMMAND: POST /session/2f3a3ed30178fd4b3e43ef29d6279727/execute/async - {"script":"<script> [1562 bytes]","args":[{"selector":{"id":"application-managepartners-display-component---NewPartner--addressDetailDetailsCity1","interaction":{"idSuffix":"inner"}},"wdio_ui5_key":"applicationmanagepartners-display-component---NewPartner--addressDetailDetailsCity1"}]}
RESULT: {"script":"<script> [1562 bytes]","args":[{"selector":{"id":"application-managepartners-display-component---NewPartner--addressDetailDetailsCity1","interaction":{"idSuffix":"inner"}},"wdio_ui5_key":"applicationmanagepartners-display-component---NewPartner--addressDetailDetailsCity1"}]}
RESULT: undefined
COMMAND: POST /session/2f3a3ed30178fd4b3e43ef29d6279727/execute/async - {"script":"<script> [776 bytes]","args":[{"enterText":"Rosario","selector":{"id":"application-managepartners-display-component---NewPartner--addressDetailDetailsCity1","interaction":{"idSuffix":"inner"}},"clearTextFirst":true,"interactionType":"ENTER_TEXT"}]}
RESULT: {"script":"<script> [776 bytes]","args":[{"enterText":"Rosario","selector":{"id":"application-managepartners-display-component---NewPartner--addressDetailDetailsCity1","interaction":{"idSuffix":"inner"}},"clearTextFirst":true,"interactionType":"ENTER_TEXT"}]}
COMMAND: POST /session/2f3a3ed30178fd4b3e43ef29d6279727/execute/async - {"script":"<script> [1562 bytes]","args":[{"selector":{"id":"application-managepartners-display-component---NewPartner--addressDetailDetailsCountry-arrow"},"wdio_ui5_key":"applicationmanagepartners-display-component---NewPartner--addressDetailDetailsCountry-arrow"}]}
RESULT: {"script":"<script> [1562 bytes]","args":[{"selector":{"id":"application-managepartners-display-component---NewPartner--addressDetailDetailsCountry-arrow"},"wdio_ui5_key":"applicationmanagepartners-display-component---NewPartner--addressDetailDetailsCountry-arrow"}]}
RESULT: undefined
COMMAND: POST /session/2f3a3ed30178fd4b3e43ef29d6279727/element - {"using":"xpath","value":"//*[@id=\"application-managepartners-display-component---NewPartner--addressDetailDetailsCountry-arrow\"]"}
RESULT: {"using":"xpath","value":"//*[@id=\"application-managepartners-display-component---NewPartner--addressDetailDetailsCountry-arrow\"]"}
COMMAND: POST /session/2f3a3ed30178fd4b3e43ef29d6279727/element/f.8627BF333E87AC973E299D2132D92580.d.36B7C22E6F115C583BD14019DA65AB30.e.7120/click - {}
RESULT: {}
COMMAND: POST /session/2f3a3ed30178fd4b3e43ef29d6279727/element - {"using":"xpath","value":"//span[contains(text(), \"Argentina\")]"}
COMMAND: GET /session/2f3a3ed30178fd4b3e43ef29d6279727/screenshot - {}
RESULT: {"using":"xpath","value":"//span[contains(text(), \"Argentina\")]"}
COMMAND: POST /session/2f3a3ed30178fd4b3e43ef29d6279727/element/f.8627BF333E87AC973E299D2132D92580.d.36B7C22E6F115C583BD14019DA65AB30.e.7137/click - {}
RESULT: {}
RESULT: {}
COMMAND: GET /session/2f3a3ed30178fd4b3e43ef29d6279727/screenshot - {}
RESULT: {}
COMMAND: POST /session/2f3a3ed30178fd4b3e43ef29d6279727/element - {"using":"xpath","value":"//bdi[contains(text(), \"Commercial\")]"}
RESULT: {"using":"xpath","value":"//bdi[contains(text(), \"Commercial\")]"}
COMMAND: POST /session/2f3a3ed30178fd4b3e43ef29d6279727/element/f.8627BF333E87AC973E299D2132D92580.d.36B7C22E6F115C583BD14019DA65AB30.e.7138/click - {}
RESULT: {}
COMMAND: GET /session/2f3a3ed30178fd4b3e43ef29d6279727/screenshot - {}
RESULT: {}
COMMAND: POST /session/2f3a3ed30178fd4b3e43ef29d6279727/execute/async - {"script":"<script> [1562 bytes]","args":[{"selector":{"id":"application-managepartners-display-component---NewPartner--partnerDetailInternal-arrow"},"wdio_ui5_key":"applicationmanagepartners-display-component---NewPartner--partnerDetailInternal-arrow"}]}
RESULT: {"script":"<script> [1562 bytes]","args":[{"selector":{"id":"application-managepartners-display-component---NewPartner--partnerDetailInternal-arrow"},"wdio_ui5_key":"applicationmanagepartners-display-component---NewPartner--partnerDetailInternal-arrow"}]}
RESULT: undefined
COMMAND: POST /session/2f3a3ed30178fd4b3e43ef29d6279727/element - {"using":"xpath","value":"//*[@id=\"application-managepartners-display-component---NewPartner--partnerDetailInternal-arrow\"]"}
RESULT: {"using":"xpath","value":"//*[@id=\"application-managepartners-display-component---NewPartner--partnerDetailInternal-arrow\"]"}
COMMAND: POST /session/2f3a3ed30178fd4b3e43ef29d6279727/element/f.8627BF333E87AC973E299D2132D92580.d.36B7C22E6F115C583BD14019DA65AB30.e.7144/click - {}
RESULT: {}
COMMAND: POST /session/2f3a3ed30178fd4b3e43ef29d6279727/element - {"using":"xpath","value":"//span[contains(text(), \"Affiliated company\")]"}
COMMAND: GET /session/2f3a3ed30178fd4b3e43ef29d6279727/screenshot - {}
RESULT: {"using":"xpath","value":"//span[contains(text(), \"Affiliated company\")]"}
COMMAND: POST /session/2f3a3ed30178fd4b3e43ef29d6279727/element/f.8627BF333E87AC973E299D2132D92580.d.36B7C22E6F115C583BD14019DA65AB30.e.7145/click - {}
RESULT: {}
RESULT: {}
COMMAND: POST /session/2f3a3ed30178fd4b3e43ef29d6279727/execute/async - {"script":"<script> [1562 bytes]","args":[{"selector":{"id":"application-managepartners-display-component---NewPartner--partnerDetailsCurrency-arrow"},"wdio_ui5_key":"applicationmanagepartners-display-component---NewPartner--partnerDetailsCurrency-arrow"}]}
COMMAND: GET /session/2f3a3ed30178fd4b3e43ef29d6279727/screenshot - {}
RESULT: {"script":"<script> [1562 bytes]","args":[{"selector":{"id":"application-managepartners-display-component---NewPartner--partnerDetailsCurrency-arrow"},"wdio_ui5_key":"applicationmanagepartners-display-component---NewPartner--partnerDetailsCurrency-arrow"}]}
RESULT: undefined
COMMAND: POST /session/2f3a3ed30178fd4b3e43ef29d6279727/element - {"using":"xpath","value":"//*[@id=\"application-managepartners-display-component---NewPartner--partnerDetailsCurrency-arrow\"]"}
RESULT: {}
RESULT: {"using":"xpath","value":"//*[@id=\"application-managepartners-display-component---NewPartner--partnerDetailsCurrency-arrow\"]"}
COMMAND: POST /session/2f3a3ed30178fd4b3e43ef29d6279727/element/f.8627BF333E87AC973E299D2132D92580.d.36B7C22E6F115C583BD14019DA65AB30.e.7152/click - {}
RESULT: {}
COMMAND: POST /session/2f3a3ed30178fd4b3e43ef29d6279727/element - {"using":"xpath","value":"//span[contains(text(), \"Euro\")]"}
COMMAND: GET /session/2f3a3ed30178fd4b3e43ef29d6279727/screenshot - {}
RESULT: {"using":"xpath","value":"//span[contains(text(), \"Euro\")]"}
COMMAND: POST /session/2f3a3ed30178fd4b3e43ef29d6279727/element/f.8627BF333E87AC973E299D2132D92580.d.36B7C22E6F115C583BD14019DA65AB30.e.7153/click - {}
RESULT: {}
RESULT: {}
COMMAND: POST /session/2f3a3ed30178fd4b3e43ef29d6279727/execute/async - {"script":"<script> [1562 bytes]","args":[{"selector":{"id":"application-managepartners-display-component---NewPartner--addressEditDetailsCostObjectCstType-arrow"},"wdio_ui5_key":"applicationmanagepartners-display-component---NewPartner--addressEditDetailsCostObjectCstType-arrow"}]}
COMMAND: GET /session/2f3a3ed30178fd4b3e43ef29d6279727/screenshot - {}
RESULT: {"script":"<script> [1562 bytes]","args":[{"selector":{"id":"application-managepartners-display-component---NewPartner--addressEditDetailsCostObjectCstType-arrow"},"wdio_ui5_key":"applicationmanagepartners-display-component---NewPartner--addressEditDetailsCostObjectCstType-arrow"}]}
RESULT: undefined
COMMAND: POST /session/2f3a3ed30178fd4b3e43ef29d6279727/element - {"using":"xpath","value":"//*[@id=\"application-managepartners-display-component---NewPartner--addressEditDetailsCostObjectCstType-arrow\"]"}
RESULT: {}
RESULT: {"using":"xpath","value":"//*[@id=\"application-managepartners-display-component---NewPartner--addressEditDetailsCostObjectCstType-arrow\"]"}
COMMAND: POST /session/2f3a3ed30178fd4b3e43ef29d6279727/element/f.8627BF333E87AC973E299D2132D92580.d.36B7C22E6F115C583BD14019DA65AB30.e.7154/click - {}
RESULT: {}
COMMAND: POST /session/2f3a3ed30178fd4b3e43ef29d6279727/element - {"using":"xpath","value":"//span[contains(text(), \"Cost Center\")]"}
COMMAND: GET /session/2f3a3ed30178fd4b3e43ef29d6279727/screenshot - {}
RESULT: {"using":"xpath","value":"//span[contains(text(), \"Cost Center\")]"}
COMMAND: POST /session/2f3a3ed30178fd4b3e43ef29d6279727/element/f.8627BF333E87AC973E299D2132D92580.d.36B7C22E6F115C583BD14019DA65AB30.e.7155/click - {}
RESULT: {}
RESULT: {}
COMMAND: GET /session/2f3a3ed30178fd4b3e43ef29d6279727/screenshot - {}
RESULT: {}
COMMAND: POST /session/2f3a3ed30178fd4b3e43ef29d6279727/element - {"using":"xpath","value":"//span[@id=\"application-managepartners-display-component---NewPartner--addressNewCostObjectCstID-vhi\"]"}
RESULT: {"using":"xpath","value":"//span[@id=\"application-managepartners-display-component---NewPartner--addressNewCostObjectCstID-vhi\"]"}
COMMAND: POST /session/2f3a3ed30178fd4b3e43ef29d6279727/execute/sync - {"script":"<script> [8489 bytes]","args":[{"element-6066-11e4-a52e-4f735466cecf":"f.8627BF333E87AC973E299D2132D92580.d.36B7C22E6F115C583BD14019DA65AB30.e.7158","ELEMENT":"f.8627BF333E87AC973E299D2132D92580.d.36B7C22E6F115C583BD14019DA65AB30.e.7158"}]}
RESULT: {"script":"<script> [8489 bytes]","args":[{"element-6066-11e4-a52e-4f735466cecf":"f.8627BF333E87AC973E299D2132D92580.d.36B7C22E6F115C583BD14019DA65AB30.e.7158","ELEMENT":"f.8627BF333E87AC973E299D2132D92580.d.36B7C22E6F115C583BD14019DA65AB30.e.7158"}]}
COMMAND: POST /session/2f3a3ed30178fd4b3e43ef29d6279727/execute/async - {"script":"<script> [1562 bytes]","args":[{"selector":{"id":"application-managepartners-display-component---NewPartner--addressNewCostObjectCstID-vhi"},"wdio_ui5_key":"applicationmanagepartners-display-component---NewPartner--addressNewCostObjectCstID-vhi"}]}
COMMAND: GET /session/2f3a3ed30178fd4b3e43ef29d6279727/screenshot - {}
RESULT: {"script":"<script> [1562 bytes]","args":[{"selector":{"id":"application-managepartners-display-component---NewPartner--addressNewCostObjectCstID-vhi"},"wdio_ui5_key":"applicationmanagepartners-display-component---NewPartner--addressNewCostObjectCstID-vhi"}]}
RESULT: undefined
COMMAND: POST /session/2f3a3ed30178fd4b3e43ef29d6279727/element - {"using":"xpath","value":"//*[@id=\"application-managepartners-display-component---NewPartner--addressNewCostObjectCstID-vhi\"]"}
RESULT: {}
RESULT: {"using":"xpath","value":"//*[@id=\"application-managepartners-display-component---NewPartner--addressNewCostObjectCstID-vhi\"]"}
COMMAND: POST /session/2f3a3ed30178fd4b3e43ef29d6279727/element/f.8627BF333E87AC973E299D2132D92580.d.36B7C22E6F115C583BD14019DA65AB30.e.7158/click - {}
RESULT: {}
COMMAND: GET /session/2f3a3ed30178fd4b3e43ef29d6279727/screenshot - {}
RESULT: {}
RESULT: undefined
COMMAND: POST /session/2f3a3ed30178fd4b3e43ef29d6279727/execute/async - {"script":"<script> [776 bytes]","args":[{"enterText":"10001013","selector":{"controlType":"sap.m.SearchField","properties":{"placeholder":"Search"},"searchOpenDialogs":true,"interaction":{"idSuffix":"I"}},"clearTextFirst":true,"interactionType":"ENTER_TEXT"}]}
RESULT: {"script":"<script> [776 bytes]","args":[{"enterText":"10001013","selector":{"controlType":"sap.m.SearchField","properties":{"placeholder":"Search"},"searchOpenDialogs":true,"interaction":{"idSuffix":"I"}},"clearTextFirst":true,"interactionType":"ENTER_TEXT"}]}
COMMAND: POST /session/2f3a3ed30178fd4b3e43ef29d6279727/actions - {"actions":[{"id":"action20","type":"key","parameters":{},"actions":[{"type":"keyDown","value":""},{"type":"pause","duration":10},{"type":"keyUp","value":""}]}]}
RESULT: {"actions":[{"id":"action20","type":"key","parameters":{},"actions":[{"type":"keyDown","value":""},{"type":"pause","duration":10},{"type":"keyUp","value":""}]}]}
COMMAND: GET /session/2f3a3ed30178fd4b3e43ef29d6279727/screenshot - {}
RESULT: {}
COMMAND: POST /session/2f3a3ed30178fd4b3e43ef29d6279727/element - {"using":"xpath","value":"//span[contains(text(), \"General Management\")]"}
RESULT: {"using":"xpath","value":"//span[contains(text(), \"General Management\")]"}
COMMAND: POST /session/2f3a3ed30178fd4b3e43ef29d6279727/element/f.8627BF333E87AC973E299D2132D92580.d.36B7C22E6F115C583BD14019DA65AB30.e.7165/click - {}
RESULT: {}
COMMAND: GET /session/2f3a3ed30178fd4b3e43ef29d6279727/screenshot - {}
RESULT: {}
COMMAND: POST /session/2f3a3ed30178fd4b3e43ef29d6279727/element - {"using":"xpath","value":"//bdi[contains(text(), \"OK\")]"}
RESULT: {"using":"xpath","value":"//bdi[contains(text(), \"OK\")]"}
COMMAND: POST /session/2f3a3ed30178fd4b3e43ef29d6279727/element/f.8627BF333E87AC973E299D2132D92580.d.36B7C22E6F115C583BD14019DA65AB30.e.7167/click - {}
RESULT: {}
COMMAND: GET /session/2f3a3ed30178fd4b3e43ef29d6279727/screenshot - {}
RESULT: {}
COMMAND: POST /session/2f3a3ed30178fd4b3e43ef29d6279727/element - {"using":"xpath","value":"//input[@id=\"application-managepartners-display-component---NewPartner--companyCodeComboBox-inner\"]"}
RESULT: {"using":"xpath","value":"//input[@id=\"application-managepartners-display-component---NewPartner--companyCodeComboBox-inner\"]"}
COMMAND: POST /session/2f3a3ed30178fd4b3e43ef29d6279727/element/f.8627BF333E87AC973E299D2132D92580.d.36B7C22E6F115C583BD14019DA65AB30.e.6998/clear - {}
RESULT: {}
COMMAND: POST /session/2f3a3ed30178fd4b3e43ef29d6279727/element/f.8627BF333E87AC973E299D2132D92580.d.36B7C22E6F115C583BD14019DA65AB30.e.6998/value - {"text":"C002"}
COMMAND: GET /session/2f3a3ed30178fd4b3e43ef29d6279727/screenshot - {}
RESULT: {"text":"C002"}
COMMAND: GET /session/2f3a3ed30178fd4b3e43ef29d6279727/screenshot - {}
RESULT: {}
RESULT: {}
COMMAND: POST /session/2f3a3ed30178fd4b3e43ef29d6279727/element - {"using":"xpath","value":"//span[contains(text(), \"C002\")]"}
RESULT: {"using":"xpath","value":"//span[contains(text(), \"C002\")]"}
COMMAND: POST /session/2f3a3ed30178fd4b3e43ef29d6279727/element/f.8627BF333E87AC973E299D2132D92580.d.36B7C22E6F115C583BD14019DA65AB30.e.7173/click - {}
RESULT: {}
COMMAND: GET /session/2f3a3ed30178fd4b3e43ef29d6279727/screenshot - {}
RESULT: {}
COMMAND: POST /session/2f3a3ed30178fd4b3e43ef29d6279727/execute/async - {"script":"<script> [1562 bytes]","args":[{"selector":{"id":"application-managepartners-display-component---NewPartner--btnAddTableRow-img"},"wdio_ui5_key":"applicationmanagepartners-display-component---NewPartner--btnAddTableRow-img"}]}
RESULT: {"script":"<script> [1562 bytes]","args":[{"selector":{"id":"application-managepartners-display-component---NewPartner--btnAddTableRow-img"},"wdio_ui5_key":"applicationmanagepartners-display-component---NewPartner--btnAddTableRow-img"}]}
RESULT: undefined
COMMAND: POST /session/2f3a3ed30178fd4b3e43ef29d6279727/element - {"using":"xpath","value":"//*[@id=\"application-managepartners-display-component---NewPartner--btnAddTableRow-img\"]"}
RESULT: {"using":"xpath","value":"//*[@id=\"application-managepartners-display-component---NewPartner--btnAddTableRow-img\"]"}
COMMAND: POST /session/2f3a3ed30178fd4b3e43ef29d6279727/element/f.8627BF333E87AC973E299D2132D92580.d.36B7C22E6F115C583BD14019DA65AB30.e.7174/click - {}
RESULT: {}
COMMAND: GET /session/2f3a3ed30178fd4b3e43ef29d6279727/screenshot - {}
RESULT: {}
COMMAND: POST /session/2f3a3ed30178fd4b3e43ef29d6279727/element - {"using":"xpath","value":"//input[@id=\"application-managepartners-display-component---NewPartner--assignmentYard-application-managepartners-display-component---NewPartner--assignmentsTable-0-inner\"]"}
RESULT: {"using":"xpath","value":"//input[@id=\"application-managepartners-display-component---NewPartner--assignmentYard-application-managepartners-display-component---NewPartner--assignmentsTable-0-inner\"]"}
COMMAND: POST /session/2f3a3ed30178fd4b3e43ef29d6279727/element/f.8627BF333E87AC973E299D2132D92580.d.36B7C22E6F115C583BD14019DA65AB30.e.7177/clear - {}
RESULT: {}
COMMAND: POST /session/2f3a3ed30178fd4b3e43ef29d6279727/element/f.8627BF333E87AC973E299D2132D92580.d.36B7C22E6F115C583BD14019DA65AB30.e.7177/value - {"text":"742"}
COMMAND: GET /session/2f3a3ed30178fd4b3e43ef29d6279727/screenshot - {}
RESULT: {"text":"742"}
COMMAND: GET /session/2f3a3ed30178fd4b3e43ef29d6279727/screenshot - {}
RESULT: {}
RESULT: {}
COMMAND: POST /session/2f3a3ed30178fd4b3e43ef29d6279727/element - {"using":"xpath","value":"//li[.//span[text()='742']]"}
RESULT: {"using":"xpath","value":"//li[.//span[text()='742']]"}
COMMAND: POST /session/2f3a3ed30178fd4b3e43ef29d6279727/element/f.8627BF333E87AC973E299D2132D92580.d.36B7C22E6F115C583BD14019DA65AB30.e.7186/click - {}
RESULT: {}
COMMAND: GET /session/2f3a3ed30178fd4b3e43ef29d6279727/screenshot - {}
RESULT: {}
COMMAND: POST /session/2f3a3ed30178fd4b3e43ef29d6279727/actions - {"actions":[{"id":"action21","type":"key","parameters":{},"actions":[{"type":"keyDown","value":""},{"type":"pause","duration":10},{"type":"keyUp","value":""}]}]}
RESULT: {"actions":[{"id":"action21","type":"key","parameters":{},"actions":[{"type":"keyDown","value":""},{"type":"pause","duration":10},{"type":"keyUp","value":""}]}]}
COMMAND: POST /session/2f3a3ed30178fd4b3e43ef29d6279727/execute/async - {"script":"<script> [1562 bytes]","args":[{"selector":{"id":"application-managepartners-display-component---NewPartner--externalCustomerComboBox-application-managepartners-display-component---NewPartner--assignmentsTable-0-vhi"},"wdio_ui5_key":"applicationmanagepartners-display-component---NewPartner--externalCustomerComboBox-application-managepartners-display-component---NewPartner--assignmentsTable-0-vhi"}]}
COMMAND: GET /session/2f3a3ed30178fd4b3e43ef29d6279727/screenshot - {}
RESULT: {"script":"<script> [1562 bytes]","args":[{"selector":{"id":"application-managepartners-display-component---NewPartner--externalCustomerComboBox-application-managepartners-display-component---NewPartner--assignmentsTable-0-vhi"},"wdio_ui5_key":"applicationmanagepartners-display-component---NewPartner--externalCustomerComboBox-application-managepartners-display-component---NewPartner--assignmentsTable-0-vhi"}]}
RESULT: undefined
COMMAND: POST /session/2f3a3ed30178fd4b3e43ef29d6279727/element - {"using":"xpath","value":"//*[@id=\"application-managepartners-display-component---NewPartner--externalCustomerComboBox-application-managepartners-display-component---NewPartner--assignmentsTable-0-vhi\"]"}
RESULT: {}
RESULT: {"using":"xpath","value":"//*[@id=\"application-managepartners-display-component---NewPartner--externalCustomerComboBox-application-managepartners-display-component---NewPartner--assignmentsTable-0-vhi\"]"}
COMMAND: POST /session/2f3a3ed30178fd4b3e43ef29d6279727/element/f.8627BF333E87AC973E299D2132D92580.d.36B7C22E6F115C583BD14019DA65AB30.e.7190/click - {}
RESULT: {}
RESULT: undefined
COMMAND: POST /session/2f3a3ed30178fd4b3e43ef29d6279727/execute/async - {"script":"<script> [776 bytes]","args":[{"enterText":"300003","selector":{"controlType":"sap.m.SearchField","properties":{"placeholder":"Search"},"searchOpenDialogs":true,"interaction":{"idSuffix":"I"}},"clearTextFirst":true,"interactionType":"ENTER_TEXT"}]}
COMMAND: GET /session/2f3a3ed30178fd4b3e43ef29d6279727/screenshot - {}
RESULT: {"script":"<script> [776 bytes]","args":[{"enterText":"300003","selector":{"controlType":"sap.m.SearchField","properties":{"placeholder":"Search"},"searchOpenDialogs":true,"interaction":{"idSuffix":"I"}},"clearTextFirst":true,"interactionType":"ENTER_TEXT"}]}
COMMAND: POST /session/2f3a3ed30178fd4b3e43ef29d6279727/actions - {"actions":[{"id":"action22","type":"key","parameters":{},"actions":[{"type":"keyDown","value":""},{"type":"pause","duration":10},{"type":"keyUp","value":""}]}]}
RESULT: {}
RESULT: {"actions":[{"id":"action22","type":"key","parameters":{},"actions":[{"type":"keyDown","value":""},{"type":"pause","duration":10},{"type":"keyUp","value":""}]}]}
COMMAND: GET /session/2f3a3ed30178fd4b3e43ef29d6279727/screenshot - {}
RESULT: {}
COMMAND: POST /session/2f3a3ed30178fd4b3e43ef29d6279727/element - {"using":"xpath","value":"//span[contains(text(), \"300003\")]"}
RESULT: {"using":"xpath","value":"//span[contains(text(), \"300003\")]"}
COMMAND: POST /session/2f3a3ed30178fd4b3e43ef29d6279727/element/f.8627BF333E87AC973E299D2132D92580.d.36B7C22E6F115C583BD14019DA65AB30.e.7197/click - {}
RESULT: {}
COMMAND: GET /session/2f3a3ed30178fd4b3e43ef29d6279727/screenshot - {}
RESULT: {}
COMMAND: POST /session/2f3a3ed30178fd4b3e43ef29d6279727/element - {"using":"xpath","value":"//bdi[contains(text(), \"OK\")]"}
RESULT: {"using":"xpath","value":"//bdi[contains(text(), \"OK\")]"}
COMMAND: POST /session/2f3a3ed30178fd4b3e43ef29d6279727/element/f.8627BF333E87AC973E299D2132D92580.d.36B7C22E6F115C583BD14019DA65AB30.e.7199/click - {}
RESULT: {}
COMMAND: GET /session/2f3a3ed30178fd4b3e43ef29d6279727/screenshot - {}
RESULT: {}
COMMAND: POST /session/2f3a3ed30178fd4b3e43ef29d6279727/execute/async - {"script":"<script> [1562 bytes]","args":[{"selector":{"id":"application-managepartners-display-component---NewPartner--intercompVendorComboBox-application-managepartners-display-component---NewPartner--assignmentsTable-0-vhi"},"wdio_ui5_key":"applicationmanagepartners-display-component---NewPartner--intercompVendorComboBox-application-managepartners-display-component---NewPartner--assignmentsTable-0-vhi"}]}
RESULT: {"script":"<script> [1562 bytes]","args":[{"selector":{"id":"application-managepartners-display-component---NewPartner--intercompVendorComboBox-application-managepartners-display-component---NewPartner--assignmentsTable-0-vhi"},"wdio_ui5_key":"applicationmanagepartners-display-component---NewPartner--intercompVendorComboBox-application-managepartners-display-component---NewPartner--assignmentsTable-0-vhi"}]}
RESULT: undefined
COMMAND: POST /session/2f3a3ed30178fd4b3e43ef29d6279727/element - {"using":"xpath","value":"//*[@id=\"application-managepartners-display-component---NewPartner--intercompVendorComboBox-application-managepartners-display-component---NewPartner--assignmentsTable-0-vhi\"]"}
RESULT: {"using":"xpath","value":"//*[@id=\"application-managepartners-display-component---NewPartner--intercompVendorComboBox-application-managepartners-display-component---NewPartner--assignmentsTable-0-vhi\"]"}
COMMAND: POST /session/2f3a3ed30178fd4b3e43ef29d6279727/element/f.8627BF333E87AC973E299D2132D92580.d.36B7C22E6F115C583BD14019DA65AB30.e.7203/click - {}
RESULT: {}
RESULT: undefined
COMMAND: POST /session/2f3a3ed30178fd4b3e43ef29d6279727/execute/async - {"script":"<script> [776 bytes]","args":[{"enterText":"100005","selector":{"controlType":"sap.m.SearchField","properties":{"placeholder":"Search"},"searchOpenDialogs":true,"interaction":{"idSuffix":"I"}},"clearTextFirst":true,"interactionType":"ENTER_TEXT"}]}
COMMAND: GET /session/2f3a3ed30178fd4b3e43ef29d6279727/screenshot - {}
RESULT: {"script":"<script> [776 bytes]","args":[{"enterText":"100005","selector":{"controlType":"sap.m.SearchField","properties":{"placeholder":"Search"},"searchOpenDialogs":true,"interaction":{"idSuffix":"I"}},"clearTextFirst":true,"interactionType":"ENTER_TEXT"}]}
COMMAND: POST /session/2f3a3ed30178fd4b3e43ef29d6279727/actions - {"actions":[{"id":"action23","type":"key","parameters":{},"actions":[{"type":"keyDown","value":""},{"type":"pause","duration":10},{"type":"keyUp","value":""}]}]}
RESULT: {}
RESULT: {"actions":[{"id":"action23","type":"key","parameters":{},"actions":[{"type":"keyDown","value":""},{"type":"pause","duration":10},{"type":"keyUp","value":""}]}]}
COMMAND: GET /session/2f3a3ed30178fd4b3e43ef29d6279727/screenshot - {}
RESULT: {}
COMMAND: POST /session/2f3a3ed30178fd4b3e43ef29d6279727/element - {"using":"xpath","value":"//span[contains(text(), \"Penguins - Field/12345 Berlin\")]"}
RESULT: {"using":"xpath","value":"//span[contains(text(), \"Penguins - Field/12345 Berlin\")]"}
COMMAND: POST /session/2f3a3ed30178fd4b3e43ef29d6279727/element/f.8627BF333E87AC973E299D2132D92580.d.36B7C22E6F115C583BD14019DA65AB30.e.7222/click - {}
RESULT: {}
COMMAND: GET /session/2f3a3ed30178fd4b3e43ef29d6279727/screenshot - {}
RESULT: {}
COMMAND: POST /session/2f3a3ed30178fd4b3e43ef29d6279727/element - {"using":"xpath","value":"//bdi[contains(text(), \"OK\")]"}
RESULT: {"using":"xpath","value":"//bdi[contains(text(), \"OK\")]"}
COMMAND: POST /session/2f3a3ed30178fd4b3e43ef29d6279727/element/f.8627BF333E87AC973E299D2132D92580.d.36B7C22E6F115C583BD14019DA65AB30.e.7223/click - {}
RESULT: {}
COMMAND: GET /session/2f3a3ed30178fd4b3e43ef29d6279727/screenshot - {}
RESULT: {}
COMMAND: POST /session/2f3a3ed30178fd4b3e43ef29d6279727/element - {"using":"xpath","value":"//button[@data-kt=\"saveButton\"]"}
RESULT: {"using":"xpath","value":"//button[@data-kt=\"saveButton\"]"}
COMMAND: POST /session/2f3a3ed30178fd4b3e43ef29d6279727/element/f.8627BF333E87AC973E299D2132D92580.d.36B7C22E6F115C583BD14019DA65AB30.e.7048/click - {}
RESULT: {}
COMMAND: GET /session/2f3a3ed30178fd4b3e43ef29d6279727/screenshot - {}
RESULT: {}
COMMAND: POST /session/2f3a3ed30178fd4b3e43ef29d6279727/element - {"using":"xpath","value":"//header[contains(@id, 'ObjectPageLayout-headerTitle')]/div[1]/div[2]/div[2]/span[1]"}
RESULT: {"using":"xpath","value":"//header[contains(@id, 'ObjectPageLayout-headerTitle')]/div[1]/div[2]/div[2]/span[1]"}
COMMAND: POST /session/2f3a3ed30178fd4b3e43ef29d6279727/elements - {"using":"xpath","value":"//header[contains(@id, 'ObjectPageLayout-headerTitle')]/div[1]/div[2]/div[2]/span[1]"}
RESULT: {"using":"xpath","value":"//header[contains(@id, 'ObjectPageLayout-headerTitle')]/div[1]/div[2]/div[2]/span[1]"}
COMMAND: POST /session/2f3a3ed30178fd4b3e43ef29d6279727/execute/sync - {"script":"<script> [56 bytes]","args":[{"element-6066-11e4-a52e-4f735466cecf":"f.8627BF333E87AC973E299D2132D92580.d.36B7C22E6F115C583BD14019DA65AB30.e.7391","ELEMENT":"f.8627BF333E87AC973E299D2132D92580.d.36B7C22E6F115C583BD14019DA65AB30.e.7391"}]}
RESULT: {"script":"<script> [56 bytes]","args":[{"element-6066-11e4-a52e-4f735466cecf":"f.8627BF333E87AC973E299D2132D92580.d.36B7C22E6F115C583BD14019DA65AB30.e.7391","ELEMENT":"f.8627BF333E87AC973E299D2132D92580.d.36B7C22E6F115C583BD14019DA65AB30.e.7391"}]}
COMMAND: POST /session/2f3a3ed30178fd4b3e43ef29d6279727/element - {"using":"css selector","value":"#shell-header-logo"}
COMMAND: GET /session/2f3a3ed30178fd4b3e43ef29d6279727/screenshot - {}
RESULT: {"using":"css selector","value":"#shell-header-logo"}
COMMAND: POST /session/2f3a3ed30178fd4b3e43ef29d6279727/element/f.8627BF333E87AC973E299D2132D92580.d.36B7C22E6F115C583BD14019DA65AB30.e.6650/click - {}
RESULT: {}
RESULT: {}
COMMAND: GET /session/2f3a3ed30178fd4b3e43ef29d6279727/screenshot - {}
RESULT: {}
COMMAND: POST /session/2f3a3ed30178fd4b3e43ef29d6279727/execute/sync - {"script":"<script> [299 bytes]","args":[["getModel","getResource"]]}
RESULT: {"script":"<script> [299 bytes]","args":[["getModel","getResource"]]}
]]></system-out>
    </testcase>
    <testcase classname="chrome.135_0_7049_42.windows.Create_master_data_for_mixed_billing_&amp;_do_billing_calculation_US151661" name="Should create a new site" time="80.038">
      <system-out><![CDATA[
COMMAND: GET /session/2f3a3ed30178fd4b3e43ef29d6279727/screenshot - {}
COMMAND: POST /session/2f3a3ed30178fd4b3e43ef29d6279727/execute/async - {"script":"<script> [1562 bytes]","args":[{"selector":{"controlType":"sap.m.TileContent","bindingPath":{"path":"","propertyPath":"/properties/info"},"ancestor":{"controlType":"sap.m.GenericTile","properties":{"header":"Manage Sites"}}},"wdio_ui5_key":"sapm.TileContent{\"path\":\"\",\"propertyPath\":\"/properties/info\"}{\"controlType\":\"sap.m.GenericTile\",\"properties\":{\"header\":\"Manage Sites\"}}"}]}
RESULT: {}
RESULT: {"script":"<script> [1562 bytes]","args":[{"selector":{"controlType":"sap.m.TileContent","bindingPath":{"path":"","propertyPath":"/properties/info"},"ancestor":{"controlType":"sap.m.GenericTile","properties":{"header":"Manage Sites"}}},"wdio_ui5_key":"sapm.TileContent{\"path\":\"\",\"propertyPath\":\"/properties/info\"}{\"controlType\":\"sap.m.GenericTile\",\"properties\":{\"header\":\"Manage Sites\"}}"}]}
RESULT: undefined
COMMAND: POST /session/2f3a3ed30178fd4b3e43ef29d6279727/element - {"using":"xpath","value":"//*[@id=\"__xmlview7--numericTileContent\"]"}
RESULT: {"using":"xpath","value":"//*[@id=\"__xmlview7--numericTileContent\"]"}
COMMAND: POST /session/2f3a3ed30178fd4b3e43ef29d6279727/element/f.8627BF333E87AC973E299D2132D92580.d.36B7C22E6F115C583BD14019DA65AB30.e.7393/click - {}
RESULT: {}
COMMAND: POST /session/2f3a3ed30178fd4b3e43ef29d6279727/element - {"using":"xpath","value":"//button[@data-kt=\"addOverflowToolbarButton\"]"}
COMMAND: GET /session/2f3a3ed30178fd4b3e43ef29d6279727/screenshot - {}
RESULT: {"using":"xpath","value":"//button[@data-kt=\"addOverflowToolbarButton\"]"}
COMMAND: POST /session/2f3a3ed30178fd4b3e43ef29d6279727/elements - {"using":"xpath","value":"//button[@data-kt=\"addOverflowToolbarButton\"]"}
RESULT: {}
RESULT: {"using":"xpath","value":"//button[@data-kt=\"addOverflowToolbarButton\"]"}
COMMAND: POST /session/2f3a3ed30178fd4b3e43ef29d6279727/elements - {"using":"xpath","value":"//button[@data-kt=\"addOverflowToolbarButton\"]"}
RESULT: {"using":"xpath","value":"//button[@data-kt=\"addOverflowToolbarButton\"]"}
COMMAND: POST /session/2f3a3ed30178fd4b3e43ef29d6279727/element - {"using":"xpath","value":"//button[@data-kt=\"addOverflowToolbarButton\"]"}
RESULT: {"using":"xpath","value":"//button[@data-kt=\"addOverflowToolbarButton\"]"}
COMMAND: POST /session/2f3a3ed30178fd4b3e43ef29d6279727/execute/sync - {"script":"<script> [8489 bytes]","args":[{"element-6066-11e4-a52e-4f735466cecf":"f.8627BF333E87AC973E299D2132D92580.d.36B7C22E6F115C583BD14019DA65AB30.e.7440","ELEMENT":"f.8627BF333E87AC973E299D2132D92580.d.36B7C22E6F115C583BD14019DA65AB30.e.7440"}]}
RESULT: {"script":"<script> [8489 bytes]","args":[{"element-6066-11e4-a52e-4f735466cecf":"f.8627BF333E87AC973E299D2132D92580.d.36B7C22E6F115C583BD14019DA65AB30.e.7440","ELEMENT":"f.8627BF333E87AC973E299D2132D92580.d.36B7C22E6F115C583BD14019DA65AB30.e.7440"}]}
COMMAND: GET /session/2f3a3ed30178fd4b3e43ef29d6279727/element/f.8627BF333E87AC973E299D2132D92580.d.36B7C22E6F115C583BD14019DA65AB30.e.7440/enabled - {}
COMMAND: GET /session/2f3a3ed30178fd4b3e43ef29d6279727/screenshot - {}
RESULT: {}
COMMAND: POST /session/2f3a3ed30178fd4b3e43ef29d6279727/execute/sync - {"script":"<script> [8489 bytes]","args":[{"element-6066-11e4-a52e-4f735466cecf":"f.8627BF333E87AC973E299D2132D92580.d.36B7C22E6F115C583BD14019DA65AB30.e.7440","ELEMENT":"f.8627BF333E87AC973E299D2132D92580.d.36B7C22E6F115C583BD14019DA65AB30.e.7440"}]}
COMMAND: GET /session/2f3a3ed30178fd4b3e43ef29d6279727/screenshot - {}
RESULT: {}
RESULT: {"script":"<script> [8489 bytes]","args":[{"element-6066-11e4-a52e-4f735466cecf":"f.8627BF333E87AC973E299D2132D92580.d.36B7C22E6F115C583BD14019DA65AB30.e.7440","ELEMENT":"f.8627BF333E87AC973E299D2132D92580.d.36B7C22E6F115C583BD14019DA65AB30.e.7440"}]}
COMMAND: POST /session/2f3a3ed30178fd4b3e43ef29d6279727/execute/sync - {"script":"<script> [5351 bytes]","args":[{"element-6066-11e4-a52e-4f735466cecf":"f.8627BF333E87AC973E299D2132D92580.d.36B7C22E6F115C583BD14019DA65AB30.e.7440","ELEMENT":"f.8627BF333E87AC973E299D2132D92580.d.36B7C22E6F115C583BD14019DA65AB30.e.7440"}]}
COMMAND: GET /session/2f3a3ed30178fd4b3e43ef29d6279727/screenshot - {}
RESULT: {}
RESULT: {"script":"<script> [5351 bytes]","args":[{"element-6066-11e4-a52e-4f735466cecf":"f.8627BF333E87AC973E299D2132D92580.d.36B7C22E6F115C583BD14019DA65AB30.e.7440","ELEMENT":"f.8627BF333E87AC973E299D2132D92580.d.36B7C22E6F115C583BD14019DA65AB30.e.7440"}]}
COMMAND: POST /session/2f3a3ed30178fd4b3e43ef29d6279727/element/f.8627BF333E87AC973E299D2132D92580.d.36B7C22E6F115C583BD14019DA65AB30.e.7440/click - {}
COMMAND: GET /session/2f3a3ed30178fd4b3e43ef29d6279727/screenshot - {}
RESULT: {}
RESULT: {}
COMMAND: GET /session/2f3a3ed30178fd4b3e43ef29d6279727/screenshot - {}
RESULT: {}
RESULT: {}
COMMAND: POST /session/2f3a3ed30178fd4b3e43ef29d6279727/execute/async - {"script":"<script> [1562 bytes]","args":[{"selector":{"id":"application-managesites-display-component---NewSite--addressDetailDetailsName1","interaction":{"idSuffix":"inner"}},"wdio_ui5_key":"applicationmanagesites-display-component---NewSite--addressDetailDetailsName1"}]}
RESULT: {"script":"<script> [1562 bytes]","args":[{"selector":{"id":"application-managesites-display-component---NewSite--addressDetailDetailsName1","interaction":{"idSuffix":"inner"}},"wdio_ui5_key":"applicationmanagesites-display-component---NewSite--addressDetailDetailsName1"}]}
RESULT: undefined
COMMAND: POST /session/2f3a3ed30178fd4b3e43ef29d6279727/execute/async - {"script":"<script> [776 bytes]","args":[{"enterText":"Intercompany Site wdIO","selector":{"id":"application-managesites-display-component---NewSite--addressDetailDetailsName1","interaction":{"idSuffix":"inner"}},"clearTextFirst":true,"interactionType":"ENTER_TEXT"}]}
RESULT: {"script":"<script> [776 bytes]","args":[{"enterText":"Intercompany Site wdIO","selector":{"id":"application-managesites-display-component---NewSite--addressDetailDetailsName1","interaction":{"idSuffix":"inner"}},"clearTextFirst":true,"interactionType":"ENTER_TEXT"}]}
COMMAND: POST /session/2f3a3ed30178fd4b3e43ef29d6279727/execute/async - {"script":"<script> [1562 bytes]","args":[{"selector":{"id":"application-managesites-display-component---NewSite--addressDetailDetailsLanguage-arrow"},"wdio_ui5_key":"applicationmanagesites-display-component---NewSite--addressDetailDetailsLanguage-arrow"}]}
RESULT: {"script":"<script> [1562 bytes]","args":[{"selector":{"id":"application-managesites-display-component---NewSite--addressDetailDetailsLanguage-arrow"},"wdio_ui5_key":"applicationmanagesites-display-component---NewSite--addressDetailDetailsLanguage-arrow"}]}
RESULT: undefined
COMMAND: POST /session/2f3a3ed30178fd4b3e43ef29d6279727/element - {"using":"xpath","value":"//*[@id=\"application-managesites-display-component---NewSite--addressDetailDetailsLanguage-arrow\"]"}
RESULT: {"using":"xpath","value":"//*[@id=\"application-managesites-display-component---NewSite--addressDetailDetailsLanguage-arrow\"]"}
COMMAND: POST /session/2f3a3ed30178fd4b3e43ef29d6279727/element/f.8627BF333E87AC973E299D2132D92580.d.36B7C22E6F115C583BD14019DA65AB30.e.7839/click - {}
RESULT: {}
COMMAND: POST /session/2f3a3ed30178fd4b3e43ef29d6279727/element - {"using":"xpath","value":"//span[contains(text(), \"English\")]"}
COMMAND: GET /session/2f3a3ed30178fd4b3e43ef29d6279727/screenshot - {}
RESULT: {}
RESULT: {"using":"xpath","value":"//span[contains(text(), \"English\")]"}
COMMAND: POST /session/2f3a3ed30178fd4b3e43ef29d6279727/element/f.8627BF333E87AC973E299D2132D92580.d.36B7C22E6F115C583BD14019DA65AB30.e.7840/click - {}
RESULT: {}
COMMAND: POST /session/2f3a3ed30178fd4b3e43ef29d6279727/execute/async - {"script":"<script> [1562 bytes]","args":[{"selector":{"id":"application-managesites-display-component---NewSite--addressDetailDetailsCity1","interaction":{"idSuffix":"inner"}},"wdio_ui5_key":"applicationmanagesites-display-component---NewSite--addressDetailDetailsCity1"}]}
COMMAND: GET /session/2f3a3ed30178fd4b3e43ef29d6279727/screenshot - {}
RESULT: {"script":"<script> [1562 bytes]","args":[{"selector":{"id":"application-managesites-display-component---NewSite--addressDetailDetailsCity1","interaction":{"idSuffix":"inner"}},"wdio_ui5_key":"applicationmanagesites-display-component---NewSite--addressDetailDetailsCity1"}]}
RESULT: undefined
COMMAND: POST /session/2f3a3ed30178fd4b3e43ef29d6279727/execute/async - {"script":"<script> [776 bytes]","args":[{"enterText":"Rosario","selector":{"id":"application-managesites-display-component---NewSite--addressDetailDetailsCity1","interaction":{"idSuffix":"inner"}},"clearTextFirst":true,"interactionType":"ENTER_TEXT"}]}
RESULT: {}
RESULT: {"script":"<script> [776 bytes]","args":[{"enterText":"Rosario","selector":{"id":"application-managesites-display-component---NewSite--addressDetailDetailsCity1","interaction":{"idSuffix":"inner"}},"clearTextFirst":true,"interactionType":"ENTER_TEXT"}]}
COMMAND: POST /session/2f3a3ed30178fd4b3e43ef29d6279727/execute/async - {"script":"<script> [1562 bytes]","args":[{"selector":{"id":"application-managesites-display-component---NewSite--addressDetailDetailsCountry-arrow"},"wdio_ui5_key":"applicationmanagesites-display-component---NewSite--addressDetailDetailsCountry-arrow"}]}
RESULT: {"script":"<script> [1562 bytes]","args":[{"selector":{"id":"application-managesites-display-component---NewSite--addressDetailDetailsCountry-arrow"},"wdio_ui5_key":"applicationmanagesites-display-component---NewSite--addressDetailDetailsCountry-arrow"}]}
RESULT: undefined
COMMAND: POST /session/2f3a3ed30178fd4b3e43ef29d6279727/element - {"using":"xpath","value":"//*[@id=\"application-managesites-display-component---NewSite--addressDetailDetailsCountry-arrow\"]"}
RESULT: {"using":"xpath","value":"//*[@id=\"application-managesites-display-component---NewSite--addressDetailDetailsCountry-arrow\"]"}
COMMAND: POST /session/2f3a3ed30178fd4b3e43ef29d6279727/element/f.8627BF333E87AC973E299D2132D92580.d.36B7C22E6F115C583BD14019DA65AB30.e.7842/click - {}
RESULT: {}
COMMAND: POST /session/2f3a3ed30178fd4b3e43ef29d6279727/element - {"using":"xpath","value":"//span[contains(text(), \"Argentina\")]"}
COMMAND: GET /session/2f3a3ed30178fd4b3e43ef29d6279727/screenshot - {}
RESULT: {"using":"xpath","value":"//span[contains(text(), \"Argentina\")]"}
COMMAND: POST /session/2f3a3ed30178fd4b3e43ef29d6279727/element/f.8627BF333E87AC973E299D2132D92580.d.36B7C22E6F115C583BD14019DA65AB30.e.7844/click - {}
RESULT: {}
RESULT: {}
COMMAND: GET /session/2f3a3ed30178fd4b3e43ef29d6279727/screenshot - {}
RESULT: {}
COMMAND: POST /session/2f3a3ed30178fd4b3e43ef29d6279727/execute/async - {"script":"<script> [1562 bytes]","args":[{"selector":{"id":"application-managesites-display-component---NewSite--addressEditDetailsCostObjectCstType-arrow"},"wdio_ui5_key":"applicationmanagesites-display-component---NewSite--addressEditDetailsCostObjectCstType-arrow"}]}
RESULT: {"script":"<script> [1562 bytes]","args":[{"selector":{"id":"application-managesites-display-component---NewSite--addressEditDetailsCostObjectCstType-arrow"},"wdio_ui5_key":"applicationmanagesites-display-component---NewSite--addressEditDetailsCostObjectCstType-arrow"}]}
RESULT: undefined
COMMAND: POST /session/2f3a3ed30178fd4b3e43ef29d6279727/element - {"using":"xpath","value":"//*[@id=\"application-managesites-display-component---NewSite--addressEditDetailsCostObjectCstType-arrow\"]"}
RESULT: {"using":"xpath","value":"//*[@id=\"application-managesites-display-component---NewSite--addressEditDetailsCostObjectCstType-arrow\"]"}
COMMAND: POST /session/2f3a3ed30178fd4b3e43ef29d6279727/element/f.8627BF333E87AC973E299D2132D92580.d.36B7C22E6F115C583BD14019DA65AB30.e.7845/click - {}
RESULT: {}
COMMAND: POST /session/2f3a3ed30178fd4b3e43ef29d6279727/element - {"using":"xpath","value":"//span[contains(text(), \"Cost Center\")]"}
COMMAND: GET /session/2f3a3ed30178fd4b3e43ef29d6279727/screenshot - {}
RESULT: {"using":"xpath","value":"//span[contains(text(), \"Cost Center\")]"}
COMMAND: POST /session/2f3a3ed30178fd4b3e43ef29d6279727/element/f.8627BF333E87AC973E299D2132D92580.d.36B7C22E6F115C583BD14019DA65AB30.e.7846/click - {}
RESULT: {}
RESULT: {}
COMMAND: GET /session/2f3a3ed30178fd4b3e43ef29d6279727/screenshot - {}
RESULT: {}
COMMAND: POST /session/2f3a3ed30178fd4b3e43ef29d6279727/element - {"using":"xpath","value":"//span[@id=\"application-managesites-display-component---NewSite--addressNewCostObjectCstID-vhi\"]"}
RESULT: {"using":"xpath","value":"//span[@id=\"application-managesites-display-component---NewSite--addressNewCostObjectCstID-vhi\"]"}
COMMAND: POST /session/2f3a3ed30178fd4b3e43ef29d6279727/execute/sync - {"script":"<script> [8489 bytes]","args":[{"element-6066-11e4-a52e-4f735466cecf":"f.8627BF333E87AC973E299D2132D92580.d.36B7C22E6F115C583BD14019DA65AB30.e.7850","ELEMENT":"f.8627BF333E87AC973E299D2132D92580.d.36B7C22E6F115C583BD14019DA65AB30.e.7850"}]}
RESULT: {"script":"<script> [8489 bytes]","args":[{"element-6066-11e4-a52e-4f735466cecf":"f.8627BF333E87AC973E299D2132D92580.d.36B7C22E6F115C583BD14019DA65AB30.e.7850","ELEMENT":"f.8627BF333E87AC973E299D2132D92580.d.36B7C22E6F115C583BD14019DA65AB30.e.7850"}]}
COMMAND: POST /session/2f3a3ed30178fd4b3e43ef29d6279727/execute/async - {"script":"<script> [1562 bytes]","args":[{"selector":{"id":"application-managesites-display-component---NewSite--addressNewCostObjectCstID-vhi"},"wdio_ui5_key":"applicationmanagesites-display-component---NewSite--addressNewCostObjectCstID-vhi"}]}
COMMAND: GET /session/2f3a3ed30178fd4b3e43ef29d6279727/screenshot - {}
RESULT: {"script":"<script> [1562 bytes]","args":[{"selector":{"id":"application-managesites-display-component---NewSite--addressNewCostObjectCstID-vhi"},"wdio_ui5_key":"applicationmanagesites-display-component---NewSite--addressNewCostObjectCstID-vhi"}]}
RESULT: undefined
COMMAND: POST /session/2f3a3ed30178fd4b3e43ef29d6279727/element - {"using":"xpath","value":"//*[@id=\"application-managesites-display-component---NewSite--addressNewCostObjectCstID-vhi\"]"}
RESULT: {}
RESULT: {"using":"xpath","value":"//*[@id=\"application-managesites-display-component---NewSite--addressNewCostObjectCstID-vhi\"]"}
COMMAND: POST /session/2f3a3ed30178fd4b3e43ef29d6279727/element/f.8627BF333E87AC973E299D2132D92580.d.36B7C22E6F115C583BD14019DA65AB30.e.7850/click - {}
RESULT: {}
COMMAND: GET /session/2f3a3ed30178fd4b3e43ef29d6279727/screenshot - {}
RESULT: {}
RESULT: undefined
COMMAND: POST /session/2f3a3ed30178fd4b3e43ef29d6279727/execute/async - {"script":"<script> [776 bytes]","args":[{"enterText":"10001013","selector":{"controlType":"sap.m.SearchField","properties":{"placeholder":"Search"},"searchOpenDialogs":true,"interaction":{"idSuffix":"I"}},"clearTextFirst":true,"interactionType":"ENTER_TEXT"}]}
RESULT: {"script":"<script> [776 bytes]","args":[{"enterText":"10001013","selector":{"controlType":"sap.m.SearchField","properties":{"placeholder":"Search"},"searchOpenDialogs":true,"interaction":{"idSuffix":"I"}},"clearTextFirst":true,"interactionType":"ENTER_TEXT"}]}
COMMAND: POST /session/2f3a3ed30178fd4b3e43ef29d6279727/actions - {"actions":[{"id":"action24","type":"key","parameters":{},"actions":[{"type":"keyDown","value":""},{"type":"pause","duration":10},{"type":"keyUp","value":""}]}]}
RESULT: {"actions":[{"id":"action24","type":"key","parameters":{},"actions":[{"type":"keyDown","value":""},{"type":"pause","duration":10},{"type":"keyUp","value":""}]}]}
COMMAND: GET /session/2f3a3ed30178fd4b3e43ef29d6279727/screenshot - {}
RESULT: {}
COMMAND: POST /session/2f3a3ed30178fd4b3e43ef29d6279727/element - {"using":"xpath","value":"//span[contains(text(), \"General Management\")]"}
RESULT: {"using":"xpath","value":"//span[contains(text(), \"General Management\")]"}
COMMAND: POST /session/2f3a3ed30178fd4b3e43ef29d6279727/element/f.8627BF333E87AC973E299D2132D92580.d.36B7C22E6F115C583BD14019DA65AB30.e.7889/click - {}
RESULT: {}
COMMAND: GET /session/2f3a3ed30178fd4b3e43ef29d6279727/screenshot - {}
RESULT: {}
COMMAND: POST /session/2f3a3ed30178fd4b3e43ef29d6279727/element - {"using":"xpath","value":"//bdi[contains(text(), \"OK\")]"}
RESULT: {"using":"xpath","value":"//bdi[contains(text(), \"OK\")]"}
COMMAND: POST /session/2f3a3ed30178fd4b3e43ef29d6279727/element/f.8627BF333E87AC973E299D2132D92580.d.36B7C22E6F115C583BD14019DA65AB30.e.7890/click - {}
RESULT: {}
COMMAND: GET /session/2f3a3ed30178fd4b3e43ef29d6279727/screenshot - {}
RESULT: {}
COMMAND: POST /session/2f3a3ed30178fd4b3e43ef29d6279727/element - {"using":"xpath","value":"//input[@id=\"application-managesites-display-component---NewSite--addressDetailDetailsCalendar-inner\"]"}
RESULT: {"using":"xpath","value":"//input[@id=\"application-managesites-display-component---NewSite--addressDetailDetailsCalendar-inner\"]"}
COMMAND: POST /session/2f3a3ed30178fd4b3e43ef29d6279727/element/f.8627BF333E87AC973E299D2132D92580.d.36B7C22E6F115C583BD14019DA65AB30.e.7638/clear - {}
RESULT: {}
COMMAND: POST /session/2f3a3ed30178fd4b3e43ef29d6279727/element/f.8627BF333E87AC973E299D2132D92580.d.36B7C22E6F115C583BD14019DA65AB30.e.7638/value - {"text":"Unit"}
COMMAND: GET /session/2f3a3ed30178fd4b3e43ef29d6279727/screenshot - {}
RESULT: {"text":"Unit"}
COMMAND: GET /session/2f3a3ed30178fd4b3e43ef29d6279727/screenshot - {}
RESULT: {}
RESULT: {}
COMMAND: POST /session/2f3a3ed30178fd4b3e43ef29d6279727/actions - {"actions":[{"id":"action25","type":"key","parameters":{},"actions":[{"type":"keyDown","value":""},{"type":"pause","duration":10},{"type":"keyUp","value":""}]}]}
RESULT: {"actions":[{"id":"action25","type":"key","parameters":{},"actions":[{"type":"keyDown","value":""},{"type":"pause","duration":10},{"type":"keyUp","value":""}]}]}
COMMAND: POST /session/2f3a3ed30178fd4b3e43ef29d6279727/element - {"using":"xpath","value":"//input[@id=\"application-managesites-display-component---NewSite--addressDetailDetailsYard-inner\"]"}
COMMAND: GET /session/2f3a3ed30178fd4b3e43ef29d6279727/screenshot - {}
RESULT: {"using":"xpath","value":"//input[@id=\"application-managesites-display-component---NewSite--addressDetailDetailsYard-inner\"]"}
COMMAND: POST /session/2f3a3ed30178fd4b3e43ef29d6279727/element/f.8627BF333E87AC973E299D2132D92580.d.36B7C22E6F115C583BD14019DA65AB30.e.7639/clear - {}
RESULT: {}
RESULT: {}
COMMAND: POST /session/2f3a3ed30178fd4b3e43ef29d6279727/element/f.8627BF333E87AC973E299D2132D92580.d.36B7C22E6F115C583BD14019DA65AB30.e.7639/value - {"text":"742"}
COMMAND: GET /session/2f3a3ed30178fd4b3e43ef29d6279727/screenshot - {}
RESULT: {"text":"742"}
COMMAND: GET /session/2f3a3ed30178fd4b3e43ef29d6279727/screenshot - {}
RESULT: {}
RESULT: {}
COMMAND: POST /session/2f3a3ed30178fd4b3e43ef29d6279727/element - {"using":"xpath","value":"//li[.//span[text()='742']]"}
RESULT: {"using":"xpath","value":"//li[.//span[text()='742']]"}
COMMAND: POST /session/2f3a3ed30178fd4b3e43ef29d6279727/element/f.8627BF333E87AC973E299D2132D92580.d.36B7C22E6F115C583BD14019DA65AB30.e.7898/click - {}
RESULT: {}
COMMAND: GET /session/2f3a3ed30178fd4b3e43ef29d6279727/screenshot - {}
RESULT: {}
COMMAND: POST /session/2f3a3ed30178fd4b3e43ef29d6279727/element - {"using":"xpath","value":"//input[@id=\"application-managesites-display-component---NewSite--addressDetailDetailsPartner-inner\"]"}
RESULT: {"using":"xpath","value":"//input[@id=\"application-managesites-display-component---NewSite--addressDetailDetailsPartner-inner\"]"}
COMMAND: POST /session/2f3a3ed30178fd4b3e43ef29d6279727/element - {"using":"xpath","value":"//input[@id=\"application-managesites-display-component---NewSite--addressDetailDetailsPartner-inner\"]"}
RESULT: {"using":"xpath","value":"//input[@id=\"application-managesites-display-component---NewSite--addressDetailDetailsPartner-inner\"]"}
COMMAND: POST /session/2f3a3ed30178fd4b3e43ef29d6279727/element - {"using":"xpath","value":"//button[@data-kt=\"saveButton\"]"}
RESULT: {"using":"xpath","value":"//button[@data-kt=\"saveButton\"]"}
COMMAND: POST /session/2f3a3ed30178fd4b3e43ef29d6279727/element/f.8627BF333E87AC973E299D2132D92580.d.36B7C22E6F115C583BD14019DA65AB30.e.7821/click - {}
RESULT: {}
COMMAND: GET /session/2f3a3ed30178fd4b3e43ef29d6279727/screenshot - {}
RESULT: {}
COMMAND: POST /session/2f3a3ed30178fd4b3e43ef29d6279727/element - {"using":"xpath","value":"//header[contains(@id, 'ObjectPageLayout-headerTitle')]/div[1]/div[2]/div[2]/span[1]"}
RESULT: {"using":"xpath","value":"//header[contains(@id, 'ObjectPageLayout-headerTitle')]/div[1]/div[2]/div[2]/span[1]"}
COMMAND: POST /session/2f3a3ed30178fd4b3e43ef29d6279727/elements - {"using":"xpath","value":"//header[contains(@id, 'ObjectPageLayout-headerTitle')]/div[1]/div[2]/div[2]/span[1]"}
RESULT: {"using":"xpath","value":"//header[contains(@id, 'ObjectPageLayout-headerTitle')]/div[1]/div[2]/div[2]/span[1]"}
COMMAND: POST /session/2f3a3ed30178fd4b3e43ef29d6279727/execute/sync - {"script":"<script> [56 bytes]","args":[{"element-6066-11e4-a52e-4f735466cecf":"f.8627BF333E87AC973E299D2132D92580.d.36B7C22E6F115C583BD14019DA65AB30.e.8103","ELEMENT":"f.8627BF333E87AC973E299D2132D92580.d.36B7C22E6F115C583BD14019DA65AB30.e.8103"}]}
RESULT: {"script":"<script> [56 bytes]","args":[{"element-6066-11e4-a52e-4f735466cecf":"f.8627BF333E87AC973E299D2132D92580.d.36B7C22E6F115C583BD14019DA65AB30.e.8103","ELEMENT":"f.8627BF333E87AC973E299D2132D92580.d.36B7C22E6F115C583BD14019DA65AB30.e.8103"}]}
COMMAND: POST /session/2f3a3ed30178fd4b3e43ef29d6279727/element - {"using":"css selector","value":"#shell-header-logo"}
COMMAND: GET /session/2f3a3ed30178fd4b3e43ef29d6279727/screenshot - {}
RESULT: {"using":"css selector","value":"#shell-header-logo"}
COMMAND: POST /session/2f3a3ed30178fd4b3e43ef29d6279727/element/f.8627BF333E87AC973E299D2132D92580.d.36B7C22E6F115C583BD14019DA65AB30.e.7396/click - {}
RESULT: {}
RESULT: {}
COMMAND: GET /session/2f3a3ed30178fd4b3e43ef29d6279727/screenshot - {}
RESULT: {}
COMMAND: POST /session/2f3a3ed30178fd4b3e43ef29d6279727/execute/sync - {"script":"<script> [299 bytes]","args":[["getModel","getResource"]]}
RESULT: {"script":"<script> [299 bytes]","args":[["getModel","getResource"]]}
]]></system-out>
    </testcase>
    <testcase classname="chrome.135_0_7049_42.windows.Create_master_data_for_mixed_billing_&amp;_do_billing_calculation_US151661" name="Should create a new equipment and add a counter to it" time="140.576">
      <system-out><![CDATA[
COMMAND: POST /session/2f3a3ed30178fd4b3e43ef29d6279727/execute/async - {"script":"<script> [1562 bytes]","args":[{"selector":{"controlType":"sap.m.GenericTile","properties":{"header":"Manage Resources"}},"wdio_ui5_key":"sapm.GenericTile{\"header\":\"Manage Resources\"}"}]}
COMMAND: GET /session/2f3a3ed30178fd4b3e43ef29d6279727/screenshot - {}
RESULT: {"script":"<script> [1562 bytes]","args":[{"selector":{"controlType":"sap.m.GenericTile","properties":{"header":"Manage Resources"}},"wdio_ui5_key":"sapm.GenericTile{\"header\":\"Manage Resources\"}"}]}
RESULT: undefined
COMMAND: POST /session/2f3a3ed30178fd4b3e43ef29d6279727/element - {"using":"xpath","value":"//*[@id=\"__tile39\"]"}
RESULT: {}
RESULT: {"using":"xpath","value":"//*[@id=\"__tile39\"]"}
COMMAND: POST /session/2f3a3ed30178fd4b3e43ef29d6279727/element/f.8627BF333E87AC973E299D2132D92580.d.36B7C22E6F115C583BD14019DA65AB30.e.5828/click - {}
RESULT: {}
COMMAND: POST /session/2f3a3ed30178fd4b3e43ef29d6279727/element - {"using":"xpath","value":"//button[@data-kt=\"addNewRUOverflowToolbarButton\"]"}
COMMAND: GET /session/2f3a3ed30178fd4b3e43ef29d6279727/screenshot - {}
RESULT: {"using":"xpath","value":"//button[@data-kt=\"addNewRUOverflowToolbarButton\"]"}
COMMAND: POST /session/2f3a3ed30178fd4b3e43ef29d6279727/elements - {"using":"xpath","value":"//button[@data-kt=\"addNewRUOverflowToolbarButton\"]"}
RESULT: {}
RESULT: {"using":"xpath","value":"//button[@data-kt=\"addNewRUOverflowToolbarButton\"]"}
COMMAND: POST /session/2f3a3ed30178fd4b3e43ef29d6279727/elements - {"using":"xpath","value":"//button[@data-kt=\"addNewRUOverflowToolbarButton\"]"}
RESULT: {"using":"xpath","value":"//button[@data-kt=\"addNewRUOverflowToolbarButton\"]"}
COMMAND: POST /session/2f3a3ed30178fd4b3e43ef29d6279727/elements - {"using":"xpath","value":"//button[@data-kt=\"addNewRUOverflowToolbarButton\"]"}
RESULT: undefined
RESULT: undefined
RESULT: {"using":"xpath","value":"//button[@data-kt=\"addNewRUOverflowToolbarButton\"]"}
COMMAND: POST /session/2f3a3ed30178fd4b3e43ef29d6279727/elements - {"using":"xpath","value":"//button[@data-kt=\"addNewRUOverflowToolbarButton\"]"}
RESULT: {"using":"xpath","value":"//button[@data-kt=\"addNewRUOverflowToolbarButton\"]"}
COMMAND: POST /session/2f3a3ed30178fd4b3e43ef29d6279727/elements - {"using":"xpath","value":"//button[@data-kt=\"addNewRUOverflowToolbarButton\"]"}
RESULT: {"using":"xpath","value":"//button[@data-kt=\"addNewRUOverflowToolbarButton\"]"}
COMMAND: POST /session/2f3a3ed30178fd4b3e43ef29d6279727/element - {"using":"xpath","value":"//button[@data-kt=\"addNewRUOverflowToolbarButton\"]"}
RESULT: {"using":"xpath","value":"//button[@data-kt=\"addNewRUOverflowToolbarButton\"]"}
COMMAND: POST /session/2f3a3ed30178fd4b3e43ef29d6279727/execute/sync - {"script":"<script> [8489 bytes]","args":[{"element-6066-11e4-a52e-4f735466cecf":"f.8627BF333E87AC973E299D2132D92580.d.36B7C22E6F115C583BD14019DA65AB30.e.8146","ELEMENT":"f.8627BF333E87AC973E299D2132D92580.d.36B7C22E6F115C583BD14019DA65AB30.e.8146"}]}
RESULT: {"script":"<script> [8489 bytes]","args":[{"element-6066-11e4-a52e-4f735466cecf":"f.8627BF333E87AC973E299D2132D92580.d.36B7C22E6F115C583BD14019DA65AB30.e.8146","ELEMENT":"f.8627BF333E87AC973E299D2132D92580.d.36B7C22E6F115C583BD14019DA65AB30.e.8146"}]}
COMMAND: GET /session/2f3a3ed30178fd4b3e43ef29d6279727/element/f.8627BF333E87AC973E299D2132D92580.d.36B7C22E6F115C583BD14019DA65AB30.e.8146/enabled - {}
COMMAND: GET /session/2f3a3ed30178fd4b3e43ef29d6279727/screenshot - {}
RESULT: {}
COMMAND: POST /session/2f3a3ed30178fd4b3e43ef29d6279727/execute/sync - {"script":"<script> [8489 bytes]","args":[{"element-6066-11e4-a52e-4f735466cecf":"f.8627BF333E87AC973E299D2132D92580.d.36B7C22E6F115C583BD14019DA65AB30.e.8146","ELEMENT":"f.8627BF333E87AC973E299D2132D92580.d.36B7C22E6F115C583BD14019DA65AB30.e.8146"}]}
COMMAND: GET /session/2f3a3ed30178fd4b3e43ef29d6279727/screenshot - {}
RESULT: {}
RESULT: {"script":"<script> [8489 bytes]","args":[{"element-6066-11e4-a52e-4f735466cecf":"f.8627BF333E87AC973E299D2132D92580.d.36B7C22E6F115C583BD14019DA65AB30.e.8146","ELEMENT":"f.8627BF333E87AC973E299D2132D92580.d.36B7C22E6F115C583BD14019DA65AB30.e.8146"}]}
COMMAND: POST /session/2f3a3ed30178fd4b3e43ef29d6279727/execute/sync - {"script":"<script> [5351 bytes]","args":[{"element-6066-11e4-a52e-4f735466cecf":"f.8627BF333E87AC973E299D2132D92580.d.36B7C22E6F115C583BD14019DA65AB30.e.8146","ELEMENT":"f.8627BF333E87AC973E299D2132D92580.d.36B7C22E6F115C583BD14019DA65AB30.e.8146"}]}
COMMAND: GET /session/2f3a3ed30178fd4b3e43ef29d6279727/screenshot - {}
RESULT: {}
RESULT: {"script":"<script> [5351 bytes]","args":[{"element-6066-11e4-a52e-4f735466cecf":"f.8627BF333E87AC973E299D2132D92580.d.36B7C22E6F115C583BD14019DA65AB30.e.8146","ELEMENT":"f.8627BF333E87AC973E299D2132D92580.d.36B7C22E6F115C583BD14019DA65AB30.e.8146"}]}
COMMAND: POST /session/2f3a3ed30178fd4b3e43ef29d6279727/element/f.8627BF333E87AC973E299D2132D92580.d.36B7C22E6F115C583BD14019DA65AB30.e.8146/click - {}
COMMAND: GET /session/2f3a3ed30178fd4b3e43ef29d6279727/screenshot - {}
RESULT: {}
RESULT: {}
COMMAND: GET /session/2f3a3ed30178fd4b3e43ef29d6279727/screenshot - {}
RESULT: {}
COMMAND: POST /session/2f3a3ed30178fd4b3e43ef29d6279727/execute/async - {"script":"<script> [1562 bytes]","args":[{"selector":{"id":"application-manageresources-display-component---newResourceUnit--TYPE-arrow"},"wdio_ui5_key":"applicationmanageresources-display-component---newResourceUnit--TYPE-arrow"}]}
RESULT: {}
RESULT: {"script":"<script> [1562 bytes]","args":[{"selector":{"id":"application-manageresources-display-component---newResourceUnit--TYPE-arrow"},"wdio_ui5_key":"applicationmanageresources-display-component---newResourceUnit--TYPE-arrow"}]}
RESULT: undefined
COMMAND: POST /session/2f3a3ed30178fd4b3e43ef29d6279727/element - {"using":"xpath","value":"//*[@id=\"application-manageresources-display-component---newResourceUnit--TYPE-arrow\"]"}
RESULT: {"using":"xpath","value":"//*[@id=\"application-manageresources-display-component---newResourceUnit--TYPE-arrow\"]"}
COMMAND: POST /session/2f3a3ed30178fd4b3e43ef29d6279727/element/f.8627BF333E87AC973E299D2132D92580.d.36B7C22E6F115C583BD14019DA65AB30.e.8497/click - {}
RESULT: {}
COMMAND: POST /session/2f3a3ed30178fd4b3e43ef29d6279727/element - {"using":"xpath","value":"//input[@id=\"application-manageresources-display-component---newResourceUnit--TYPE-inner\"]"}
COMMAND: GET /session/2f3a3ed30178fd4b3e43ef29d6279727/screenshot - {}
RESULT: {"using":"xpath","value":"//input[@id=\"application-manageresources-display-component---newResourceUnit--TYPE-inner\"]"}
COMMAND: POST /session/2f3a3ed30178fd4b3e43ef29d6279727/element/f.8627BF333E87AC973E299D2132D92580.d.36B7C22E6F115C583BD14019DA65AB30.e.8475/clear - {}
RESULT: {}
RESULT: {}
COMMAND: POST /session/2f3a3ed30178fd4b3e43ef29d6279727/element/f.8627BF333E87AC973E299D2132D92580.d.36B7C22E6F115C583BD14019DA65AB30.e.8475/value - {"text":"Equipment"}
COMMAND: GET /session/2f3a3ed30178fd4b3e43ef29d6279727/screenshot - {}
RESULT: {"text":"Equipment"}
COMMAND: GET /session/2f3a3ed30178fd4b3e43ef29d6279727/screenshot - {}
RESULT: {}
RESULT: {}
COMMAND: POST /session/2f3a3ed30178fd4b3e43ef29d6279727/actions - {"actions":[{"id":"action26","type":"key","parameters":{},"actions":[{"type":"keyDown","value":""},{"type":"pause","duration":10},{"type":"keyUp","value":""}]}]}
RESULT: {"actions":[{"id":"action26","type":"key","parameters":{},"actions":[{"type":"keyDown","value":""},{"type":"pause","duration":10},{"type":"keyUp","value":""}]}]}
COMMAND: POST /session/2f3a3ed30178fd4b3e43ef29d6279727/execute/async - {"script":"<script> [1562 bytes]","args":[{"selector":{"id":"application-manageresources-display-component---newResourceUnit--resourceId","interaction":{"idSuffix":"inner"}},"wdio_ui5_key":"applicationmanageresources-display-component---newResourceUnit--resourceId"}]}
COMMAND: GET /session/2f3a3ed30178fd4b3e43ef29d6279727/screenshot - {}
RESULT: {"script":"<script> [1562 bytes]","args":[{"selector":{"id":"application-manageresources-display-component---newResourceUnit--resourceId","interaction":{"idSuffix":"inner"}},"wdio_ui5_key":"applicationmanageresources-display-component---newResourceUnit--resourceId"}]}
RESULT: undefined
COMMAND: POST /session/2f3a3ed30178fd4b3e43ef29d6279727/execute/async - {"script":"<script> [776 bytes]","args":[{"enterText":"ctjpmQJ6tA","selector":{"id":"application-manageresources-display-component---newResourceUnit--resourceId","interaction":{"idSuffix":"inner"}},"clearTextFirst":true,"interactionType":"ENTER_TEXT"}]}
RESULT: {}
RESULT: {"script":"<script> [776 bytes]","args":[{"enterText":"ctjpmQJ6tA","selector":{"id":"application-manageresources-display-component---newResourceUnit--resourceId","interaction":{"idSuffix":"inner"}},"clearTextFirst":true,"interactionType":"ENTER_TEXT"}]}
COMMAND: POST /session/2f3a3ed30178fd4b3e43ef29d6279727/execute/async - {"script":"<script> [1562 bytes]","args":[{"selector":{"id":"application-manageresources-display-component---newResourceUnit--SHORT_TEXT","interaction":{"idSuffix":"inner"}},"wdio_ui5_key":"applicationmanageresources-display-component---newResourceUnit--SHORT_TEXT"}]}
RESULT: {"script":"<script> [1562 bytes]","args":[{"selector":{"id":"application-manageresources-display-component---newResourceUnit--SHORT_TEXT","interaction":{"idSuffix":"inner"}},"wdio_ui5_key":"applicationmanageresources-display-component---newResourceUnit--SHORT_TEXT"}]}
RESULT: undefined
COMMAND: POST /session/2f3a3ed30178fd4b3e43ef29d6279727/execute/async - {"script":"<script> [776 bytes]","args":[{"enterText":"Intercompany Equipment WDIO","selector":{"id":"application-manageresources-display-component---newResourceUnit--SHORT_TEXT","interaction":{"idSuffix":"inner"}},"clearTextFirst":true,"interactionType":"ENTER_TEXT"}]}
RESULT: {"script":"<script> [776 bytes]","args":[{"enterText":"Intercompany Equipment WDIO","selector":{"id":"application-manageresources-display-component---newResourceUnit--SHORT_TEXT","interaction":{"idSuffix":"inner"}},"clearTextFirst":true,"interactionType":"ENTER_TEXT"}]}
COMMAND: POST /session/2f3a3ed30178fd4b3e43ef29d6279727/execute/async - {"script":"<script> [1562 bytes]","args":[{"selector":{"id":"application-manageresources-display-component---newResourceUnit--BASE_UNIT_OF_MEASURE","interaction":{"idSuffix":"inner"}},"wdio_ui5_key":"applicationmanageresources-display-component---newResourceUnit--BASE_UNIT_OF_MEASURE"}]}
RESULT: {"script":"<script> [1562 bytes]","args":[{"selector":{"id":"application-manageresources-display-component---newResourceUnit--BASE_UNIT_OF_MEASURE","interaction":{"idSuffix":"inner"}},"wdio_ui5_key":"applicationmanageresources-display-component---newResourceUnit--BASE_UNIT_OF_MEASURE"}]}
RESULT: undefined
COMMAND: POST /session/2f3a3ed30178fd4b3e43ef29d6279727/execute/async - {"script":"<script> [776 bytes]","args":[{"enterText":"Piece","selector":{"id":"application-manageresources-display-component---newResourceUnit--BASE_UNIT_OF_MEASURE","interaction":{"idSuffix":"inner"}},"clearTextFirst":true,"interactionType":"ENTER_TEXT"}]}
RESULT: {"script":"<script> [776 bytes]","args":[{"enterText":"Piece","selector":{"id":"application-manageresources-display-component---newResourceUnit--BASE_UNIT_OF_MEASURE","interaction":{"idSuffix":"inner"}},"clearTextFirst":true,"interactionType":"ENTER_TEXT"}]}
COMMAND: POST /session/2f3a3ed30178fd4b3e43ef29d6279727/execute/async - {"script":"<script> [1562 bytes]","args":[{"selector":{"id":"application-manageresources-display-component---newResourceUnit--WEIGHT_UNIT","interaction":{"idSuffix":"inner"}},"wdio_ui5_key":"applicationmanageresources-display-component---newResourceUnit--WEIGHT_UNIT"}]}
RESULT: {"script":"<script> [1562 bytes]","args":[{"selector":{"id":"application-manageresources-display-component---newResourceUnit--WEIGHT_UNIT","interaction":{"idSuffix":"inner"}},"wdio_ui5_key":"applicationmanageresources-display-component---newResourceUnit--WEIGHT_UNIT"}]}
RESULT: undefined
COMMAND: POST /session/2f3a3ed30178fd4b3e43ef29d6279727/execute/async - {"script":"<script> [776 bytes]","args":[{"enterText":"Gram","selector":{"id":"application-manageresources-display-component---newResourceUnit--WEIGHT_UNIT","interaction":{"idSuffix":"inner"}},"clearTextFirst":true,"interactionType":"ENTER_TEXT"}]}
RESULT: {"script":"<script> [776 bytes]","args":[{"enterText":"Gram","selector":{"id":"application-manageresources-display-component---newResourceUnit--WEIGHT_UNIT","interaction":{"idSuffix":"inner"}},"clearTextFirst":true,"interactionType":"ENTER_TEXT"}]}
COMMAND: POST /session/2f3a3ed30178fd4b3e43ef29d6279727/execute/async - {"script":"<script> [1562 bytes]","args":[{"selector":{"id":"application-manageresources-display-component---newResourceUnit--DIMENSION_UNIT","interaction":{"idSuffix":"inner"}},"wdio_ui5_key":"applicationmanageresources-display-component---newResourceUnit--DIMENSION_UNIT"}]}
RESULT: {"script":"<script> [1562 bytes]","args":[{"selector":{"id":"application-manageresources-display-component---newResourceUnit--DIMENSION_UNIT","interaction":{"idSuffix":"inner"}},"wdio_ui5_key":"applicationmanageresources-display-component---newResourceUnit--DIMENSION_UNIT"}]}
RESULT: undefined
COMMAND: POST /session/2f3a3ed30178fd4b3e43ef29d6279727/execute/async - {"script":"<script> [776 bytes]","args":[{"enterText":"Meter","selector":{"id":"application-manageresources-display-component---newResourceUnit--DIMENSION_UNIT","interaction":{"idSuffix":"inner"}},"clearTextFirst":true,"interactionType":"ENTER_TEXT"}]}
RESULT: {"script":"<script> [776 bytes]","args":[{"enterText":"Meter","selector":{"id":"application-manageresources-display-component---newResourceUnit--DIMENSION_UNIT","interaction":{"idSuffix":"inner"}},"clearTextFirst":true,"interactionType":"ENTER_TEXT"}]}
COMMAND: POST /session/2f3a3ed30178fd4b3e43ef29d6279727/execute/async - {"script":"<script> [1562 bytes]","args":[{"selector":{"id":"application-manageresources-display-component---newResourceUnit--newRRUPage-anchBar-application-manageresources-display-component---newResourceUnit--control-anchor","interaction":{"idSuffix":"BDI-content"}},"wdio_ui5_key":"applicationmanageresources-display-component---newResourceUnit--newRRUPage-anchBar-application-manageresources-display-component---newResourceUnit--control-anchor"}]}
RESULT: {"script":"<script> [1562 bytes]","args":[{"selector":{"id":"application-manageresources-display-component---newResourceUnit--newRRUPage-anchBar-application-manageresources-display-component---newResourceUnit--control-anchor","interaction":{"idSuffix":"BDI-content"}},"wdio_ui5_key":"applicationmanageresources-display-component---newResourceUnit--newRRUPage-anchBar-application-manageresources-display-component---newResourceUnit--control-anchor"}]}
RESULT: undefined
COMMAND: POST /session/2f3a3ed30178fd4b3e43ef29d6279727/element - {"using":"xpath","value":"//*[@id=\"application-manageresources-display-component---newResourceUnit--newRRUPage-anchBar-application-manageresources-display-component---newResourceUnit--control-anchor\"]"}
RESULT: {"using":"xpath","value":"//*[@id=\"application-manageresources-display-component---newResourceUnit--newRRUPage-anchBar-application-manageresources-display-component---newResourceUnit--control-anchor\"]"}
COMMAND: POST /session/2f3a3ed30178fd4b3e43ef29d6279727/element/f.8627BF333E87AC973E299D2132D92580.d.36B7C22E6F115C583BD14019DA65AB30.e.8629/click - {}
RESULT: {}
COMMAND: POST /session/2f3a3ed30178fd4b3e43ef29d6279727/execute/async - {"script":"<script> [1562 bytes]","args":[{"selector":{"id":"application-manageresources-display-component---newResourceUnit--PLANNING_GROUP","interaction":{"idSuffix":"inner"}},"wdio_ui5_key":"applicationmanageresources-display-component---newResourceUnit--PLANNING_GROUP"}]}
COMMAND: GET /session/2f3a3ed30178fd4b3e43ef29d6279727/screenshot - {}
RESULT: {"script":"<script> [1562 bytes]","args":[{"selector":{"id":"application-manageresources-display-component---newResourceUnit--PLANNING_GROUP","interaction":{"idSuffix":"inner"}},"wdio_ui5_key":"applicationmanageresources-display-component---newResourceUnit--PLANNING_GROUP"}]}
RESULT: undefined
COMMAND: POST /session/2f3a3ed30178fd4b3e43ef29d6279727/execute/async - {"script":"<script> [776 bytes]","args":[{"enterText":"Heavy Equi","selector":{"id":"application-manageresources-display-component---newResourceUnit--PLANNING_GROUP","interaction":{"idSuffix":"inner"}},"clearTextFirst":true,"interactionType":"ENTER_TEXT"}]}
RESULT: {}
RESULT: {"script":"<script> [776 bytes]","args":[{"enterText":"Heavy Equi","selector":{"id":"application-manageresources-display-component---newResourceUnit--PLANNING_GROUP","interaction":{"idSuffix":"inner"}},"clearTextFirst":true,"interactionType":"ENTER_TEXT"}]}
COMMAND: POST /session/2f3a3ed30178fd4b3e43ef29d6279727/execute/async - {"script":"<script> [1562 bytes]","args":[{"selector":{"id":"application-manageresources-display-component---newResourceUnit--ITEM_TYPE-arrow"},"wdio_ui5_key":"applicationmanageresources-display-component---newResourceUnit--ITEM_TYPE-arrow"}]}
RESULT: {"script":"<script> [1562 bytes]","args":[{"selector":{"id":"application-manageresources-display-component---newResourceUnit--ITEM_TYPE-arrow"},"wdio_ui5_key":"applicationmanageresources-display-component---newResourceUnit--ITEM_TYPE-arrow"}]}
RESULT: undefined
COMMAND: POST /session/2f3a3ed30178fd4b3e43ef29d6279727/element - {"using":"xpath","value":"//*[@id=\"application-manageresources-display-component---newResourceUnit--ITEM_TYPE-arrow\"]"}
RESULT: {"using":"xpath","value":"//*[@id=\"application-manageresources-display-component---newResourceUnit--ITEM_TYPE-arrow\"]"}
COMMAND: POST /session/2f3a3ed30178fd4b3e43ef29d6279727/element/f.8627BF333E87AC973E299D2132D92580.d.36B7C22E6F115C583BD14019DA65AB30.e.8636/click - {}
RESULT: {}
COMMAND: POST /session/2f3a3ed30178fd4b3e43ef29d6279727/element - {"using":"xpath","value":"(//span[contains(text(), \"Resource Unit\")])[2]"}
COMMAND: GET /session/2f3a3ed30178fd4b3e43ef29d6279727/screenshot - {}
RESULT: {"using":"xpath","value":"(//span[contains(text(), \"Resource Unit\")])[2]"}
COMMAND: POST /session/2f3a3ed30178fd4b3e43ef29d6279727/element/f.8627BF333E87AC973E299D2132D92580.d.36B7C22E6F115C583BD14019DA65AB30.e.8637/click - {}
RESULT: {}
RESULT: {}
COMMAND: GET /session/2f3a3ed30178fd4b3e43ef29d6279727/screenshot - {}
RESULT: {}
COMMAND: POST /session/2f3a3ed30178fd4b3e43ef29d6279727/element - {"using":"css selector","value":"#application-manageresources-display-component---newResourceUnit--btnAddTimeSegment"}
RESULT: {"using":"css selector","value":"#application-manageresources-display-component---newResourceUnit--btnAddTimeSegment"}
COMMAND: GET /session/2f3a3ed30178fd4b3e43ef29d6279727/element/f.8627BF333E87AC973E299D2132D92580.d.36B7C22E6F115C583BD14019DA65AB30.e.8638/rect - {}
RESULT: {}
COMMAND: GET /session/2f3a3ed30178fd4b3e43ef29d6279727/window/rect - {}
RESULT: {}
COMMAND: POST /session/2f3a3ed30178fd4b3e43ef29d6279727/execute/sync - {"script":"<script> [92 bytes]","args":[]}
RESULT: {"script":"<script> [92 bytes]","args":[]}
COMMAND: POST /session/2f3a3ed30178fd4b3e43ef29d6279727/actions - {"actions":[{"id":"action27","type":"wheel","parameters":{},"actions":[{"type":"scroll","x":-1888,"y":-32,"deltaX":0,"deltaY":0,"duration":0,"origin":{"element-6066-11e4-a52e-4f735466cecf":"f.8627BF333E87AC973E299D2132D92580.d.36B7C22E6F115C583BD14019DA65AB30.e.8638"}}]}]}
COMMAND: GET /session/2f3a3ed30178fd4b3e43ef29d6279727/screenshot - {}
RESULT: {}
COMMAND: POST /session/2f3a3ed30178fd4b3e43ef29d6279727/execute/sync - {"script":"<script> [79 bytes]","args":[{"element-6066-11e4-a52e-4f735466cecf":"f.8627BF333E87AC973E299D2132D92580.d.36B7C22E6F115C583BD14019DA65AB30.e.8638","ELEMENT":"f.8627BF333E87AC973E299D2132D92580.d.36B7C22E6F115C583BD14019DA65AB30.e.8638"},{"block":"start","inline":"nearest"}]}
RESULT: {"script":"<script> [79 bytes]","args":[{"element-6066-11e4-a52e-4f735466cecf":"f.8627BF333E87AC973E299D2132D92580.d.36B7C22E6F115C583BD14019DA65AB30.e.8638","ELEMENT":"f.8627BF333E87AC973E299D2132D92580.d.36B7C22E6F115C583BD14019DA65AB30.e.8638"},{"block":"start","inline":"nearest"}]}
COMMAND: POST /session/2f3a3ed30178fd4b3e43ef29d6279727/execute/async - {"script":"<script> [1562 bytes]","args":[{"selector":{"id":"application-manageresources-display-component---newResourceUnit--btnAddTimeSegment","interaction":{"idSuffix":"inner"}},"wdio_ui5_key":"applicationmanageresources-display-component---newResourceUnit--btnAddTimeSegment"}]}
COMMAND: GET /session/2f3a3ed30178fd4b3e43ef29d6279727/screenshot - {}
RESULT: {"script":"<script> [1562 bytes]","args":[{"selector":{"id":"application-manageresources-display-component---newResourceUnit--btnAddTimeSegment","interaction":{"idSuffix":"inner"}},"wdio_ui5_key":"applicationmanageresources-display-component---newResourceUnit--btnAddTimeSegment"}]}
RESULT: undefined
COMMAND: POST /session/2f3a3ed30178fd4b3e43ef29d6279727/element - {"using":"xpath","value":"//*[@id=\"application-manageresources-display-component---newResourceUnit--btnAddTimeSegment\"]"}
RESULT: {}
RESULT: {"using":"xpath","value":"//*[@id=\"application-manageresources-display-component---newResourceUnit--btnAddTimeSegment\"]"}
COMMAND: POST /session/2f3a3ed30178fd4b3e43ef29d6279727/element/f.8627BF333E87AC973E299D2132D92580.d.36B7C22E6F115C583BD14019DA65AB30.e.8638/click - {}
RESULT: {}
COMMAND: GET /session/2f3a3ed30178fd4b3e43ef29d6279727/screenshot - {}
RESULT: {}
COMMAND: POST /session/2f3a3ed30178fd4b3e43ef29d6279727/element - {"using":"xpath","value":"//input[@id=\"application-manageresources-display-component---newResourceUnit--idRuTSAdmin-application-manageresources-display-component---newResourceUnit--RUTimeSegment-0-inner\"]"}
RESULT: {"using":"xpath","value":"//input[@id=\"application-manageresources-display-component---newResourceUnit--idRuTSAdmin-application-manageresources-display-component---newResourceUnit--RUTimeSegment-0-inner\"]"}
COMMAND: POST /session/2f3a3ed30178fd4b3e43ef29d6279727/element/f.8627BF333E87AC973E299D2132D92580.d.36B7C22E6F115C583BD14019DA65AB30.e.8644/clear - {}
RESULT: {}
COMMAND: POST /session/2f3a3ed30178fd4b3e43ef29d6279727/element/f.8627BF333E87AC973E299D2132D92580.d.36B7C22E6F115C583BD14019DA65AB30.e.8644/value - {"text":"742"}
COMMAND: GET /session/2f3a3ed30178fd4b3e43ef29d6279727/screenshot - {}
RESULT: {"text":"742"}
COMMAND: GET /session/2f3a3ed30178fd4b3e43ef29d6279727/screenshot - {}
RESULT: {}
RESULT: {}
COMMAND: POST /session/2f3a3ed30178fd4b3e43ef29d6279727/element - {"using":"xpath","value":"//li[.//span[text()='742']]"}
RESULT: {"using":"xpath","value":"//li[.//span[text()='742']]"}
COMMAND: POST /session/2f3a3ed30178fd4b3e43ef29d6279727/element/f.8627BF333E87AC973E299D2132D92580.d.36B7C22E6F115C583BD14019DA65AB30.e.8659/click - {}
RESULT: {}
COMMAND: GET /session/2f3a3ed30178fd4b3e43ef29d6279727/screenshot - {}
RESULT: {}
COMMAND: POST /session/2f3a3ed30178fd4b3e43ef29d6279727/element - {"using":"xpath","value":"(//span[contains(@id, \"-application-manageresources-display-component---newResourceUnit--RUTimeSegment-0-arrow\")])[6]"}
RESULT: {"using":"xpath","value":"(//span[contains(@id, \"-application-manageresources-display-component---newResourceUnit--RUTimeSegment-0-arrow\")])[6]"}
COMMAND: POST /session/2f3a3ed30178fd4b3e43ef29d6279727/element/f.8627BF333E87AC973E299D2132D92580.d.36B7C22E6F115C583BD14019DA65AB30.e.8660/click - {}
RESULT: {}
COMMAND: POST /session/2f3a3ed30178fd4b3e43ef29d6279727/element - {"using":"xpath","value":"//span[contains(text(), \"PM Order\")]"}
COMMAND: GET /session/2f3a3ed30178fd4b3e43ef29d6279727/screenshot - {}
RESULT: {"using":"xpath","value":"//span[contains(text(), \"PM Order\")]"}
COMMAND: POST /session/2f3a3ed30178fd4b3e43ef29d6279727/element/f.8627BF333E87AC973E299D2132D92580.d.36B7C22E6F115C583BD14019DA65AB30.e.8663/click - {}
RESULT: {}
RESULT: {}
COMMAND: GET /session/2f3a3ed30178fd4b3e43ef29d6279727/screenshot - {}
RESULT: {}
COMMAND: POST /session/2f3a3ed30178fd4b3e43ef29d6279727/element - {"using":"xpath","value":"(//span[contains(@id ,\"manageresources-display-component---newResourceUnit--RUTimeSegment-0-vhi\")])[2]"}
RESULT: {"using":"xpath","value":"(//span[contains(@id ,\"manageresources-display-component---newResourceUnit--RUTimeSegment-0-vhi\")])[2]"}
COMMAND: POST /session/2f3a3ed30178fd4b3e43ef29d6279727/element/f.8627BF333E87AC973E299D2132D92580.d.36B7C22E6F115C583BD14019DA65AB30.e.8666/click - {}
RESULT: {}
COMMAND: GET /session/2f3a3ed30178fd4b3e43ef29d6279727/screenshot - {}
RESULT: {}
RESULT: undefined
COMMAND: POST /session/2f3a3ed30178fd4b3e43ef29d6279727/execute/async - {"script":"<script> [776 bytes]","args":[{"enterText":"4000360","selector":{"controlType":"sap.m.SearchField","properties":{"placeholder":"Search"},"searchOpenDialogs":true,"interaction":{"idSuffix":"I"}},"clearTextFirst":true,"interactionType":"ENTER_TEXT"}]}
RESULT: {"script":"<script> [776 bytes]","args":[{"enterText":"4000360","selector":{"controlType":"sap.m.SearchField","properties":{"placeholder":"Search"},"searchOpenDialogs":true,"interaction":{"idSuffix":"I"}},"clearTextFirst":true,"interactionType":"ENTER_TEXT"}]}
COMMAND: POST /session/2f3a3ed30178fd4b3e43ef29d6279727/actions - {"actions":[{"id":"action28","type":"key","parameters":{},"actions":[{"type":"keyDown","value":""},{"type":"pause","duration":10},{"type":"keyUp","value":""}]}]}
RESULT: {"actions":[{"id":"action28","type":"key","parameters":{},"actions":[{"type":"keyDown","value":""},{"type":"pause","duration":10},{"type":"keyUp","value":""}]}]}
COMMAND: GET /session/2f3a3ed30178fd4b3e43ef29d6279727/screenshot - {}
RESULT: {}
COMMAND: POST /session/2f3a3ed30178fd4b3e43ef29d6279727/element - {"using":"xpath","value":"//td/div/span[contains(text(), \"BGL Vehicles\")]"}
RESULT: {"using":"xpath","value":"//td/div/span[contains(text(), \"BGL Vehicles\")]"}
COMMAND: POST /session/2f3a3ed30178fd4b3e43ef29d6279727/element/f.8627BF333E87AC973E299D2132D92580.d.36B7C22E6F115C583BD14019DA65AB30.e.8684/click - {}
RESULT: {}
COMMAND: GET /session/2f3a3ed30178fd4b3e43ef29d6279727/screenshot - {}
RESULT: {}
COMMAND: POST /session/2f3a3ed30178fd4b3e43ef29d6279727/element - {"using":"xpath","value":"//bdi[contains(text(), \"OK\")]"}
RESULT: {"using":"xpath","value":"//bdi[contains(text(), \"OK\")]"}
COMMAND: POST /session/2f3a3ed30178fd4b3e43ef29d6279727/element/f.8627BF333E87AC973E299D2132D92580.d.36B7C22E6F115C583BD14019DA65AB30.e.8685/click - {}
RESULT: {}
COMMAND: GET /session/2f3a3ed30178fd4b3e43ef29d6279727/screenshot - {}
RESULT: {}
COMMAND: POST /session/2f3a3ed30178fd4b3e43ef29d6279727/execute/async - {"script":"<script> [1562 bytes]","args":[{"selector":{"id":"application-manageresources-display-component---newResourceUnit--newRRUPage-anchBar-application-manageresources-display-component---newResourceUnit--resource-anchor","interaction":{"idSuffix":"BDI-content"}},"wdio_ui5_key":"applicationmanageresources-display-component---newResourceUnit--newRRUPage-anchBar-application-manageresources-display-component---newResourceUnit--resource-anchor"}]}
RESULT: {"script":"<script> [1562 bytes]","args":[{"selector":{"id":"application-manageresources-display-component---newResourceUnit--newRRUPage-anchBar-application-manageresources-display-component---newResourceUnit--resource-anchor","interaction":{"idSuffix":"BDI-content"}},"wdio_ui5_key":"applicationmanageresources-display-component---newResourceUnit--newRRUPage-anchBar-application-manageresources-display-component---newResourceUnit--resource-anchor"}]}
RESULT: undefined
COMMAND: POST /session/2f3a3ed30178fd4b3e43ef29d6279727/element - {"using":"xpath","value":"//*[@id=\"application-manageresources-display-component---newResourceUnit--newRRUPage-anchBar-application-manageresources-display-component---newResourceUnit--resource-anchor\"]"}
RESULT: {"using":"xpath","value":"//*[@id=\"application-manageresources-display-component---newResourceUnit--newRRUPage-anchBar-application-manageresources-display-component---newResourceUnit--resource-anchor\"]"}
COMMAND: POST /session/2f3a3ed30178fd4b3e43ef29d6279727/element/f.8627BF333E87AC973E299D2132D92580.d.36B7C22E6F115C583BD14019DA65AB30.e.8689/click - {}
RESULT: {}
COMMAND: POST /session/2f3a3ed30178fd4b3e43ef29d6279727/execute/async - {"script":"<script> [1562 bytes]","args":[{"selector":{"id":"application-manageresources-display-component---newResourceUnit--PLANNED_DELIVERY_DATE","interaction":{"idSuffix":"inner"}},"wdio_ui5_key":"applicationmanageresources-display-component---newResourceUnit--PLANNED_DELIVERY_DATE"}]}
COMMAND: GET /session/2f3a3ed30178fd4b3e43ef29d6279727/screenshot - {}
RESULT: {"script":"<script> [1562 bytes]","args":[{"selector":{"id":"application-manageresources-display-component---newResourceUnit--PLANNED_DELIVERY_DATE","interaction":{"idSuffix":"inner"}},"wdio_ui5_key":"applicationmanageresources-display-component---newResourceUnit--PLANNED_DELIVERY_DATE"}]}
RESULT: undefined
COMMAND: POST /session/2f3a3ed30178fd4b3e43ef29d6279727/execute/async - {"script":"<script> [6424 bytes]","args":[{"element-6066-11e4-a52e-4f735466cecf":"f.8627BF333E87AC973E299D2132D92580.d.36B7C22E6F115C583BD14019DA65AB30.e.8552"},"setValue",["4/23/25"]]}
RESULT: {}
RESULT: {"script":"<script> [6424 bytes]","args":[{"element-6066-11e4-a52e-4f735466cecf":"f.8627BF333E87AC973E299D2132D92580.d.36B7C22E6F115C583BD14019DA65AB30.e.8552"},"setValue",["4/23/25"]]}
COMMAND: POST /session/2f3a3ed30178fd4b3e43ef29d6279727/element - {"using":"xpath","value":"//button[@data-kt=\"resourceUnitSaveButton\"]"}
RESULT: {"using":"xpath","value":"//button[@data-kt=\"resourceUnitSaveButton\"]"}
COMMAND: POST /session/2f3a3ed30178fd4b3e43ef29d6279727/element/f.8627BF333E87AC973E299D2132D92580.d.36B7C22E6F115C583BD14019DA65AB30.e.8513/click - {}
RESULT: {}
COMMAND: GET /session/2f3a3ed30178fd4b3e43ef29d6279727/screenshot - {}
RESULT: {}
COMMAND: POST /session/2f3a3ed30178fd4b3e43ef29d6279727/element - {"using":"xpath","value":"//bdi[contains(text(), \"Close\")]"}
RESULT: {"using":"xpath","value":"//bdi[contains(text(), \"Close\")]"}
COMMAND: POST /session/2f3a3ed30178fd4b3e43ef29d6279727/element/f.8627BF333E87AC973E299D2132D92580.d.36B7C22E6F115C583BD14019DA65AB30.e.8698/click - {}
RESULT: {}
COMMAND: GET /session/2f3a3ed30178fd4b3e43ef29d6279727/screenshot - {}
RESULT: {}
COMMAND: POST /session/2f3a3ed30178fd4b3e43ef29d6279727/element - {"using":"xpath","value":"//bdi[contains(text(), \"Edit\")]"}
RESULT: {"using":"xpath","value":"//bdi[contains(text(), \"Edit\")]"}
COMMAND: POST /session/2f3a3ed30178fd4b3e43ef29d6279727/execute/sync - {"script":"<script> [8489 bytes]","args":[{"element-6066-11e4-a52e-4f735466cecf":"f.8627BF333E87AC973E299D2132D92580.d.36B7C22E6F115C583BD14019DA65AB30.e.8753","ELEMENT":"f.8627BF333E87AC973E299D2132D92580.d.36B7C22E6F115C583BD14019DA65AB30.e.8753"}]}
RESULT: {"script":"<script> [8489 bytes]","args":[{"element-6066-11e4-a52e-4f735466cecf":"f.8627BF333E87AC973E299D2132D92580.d.36B7C22E6F115C583BD14019DA65AB30.e.8753","ELEMENT":"f.8627BF333E87AC973E299D2132D92580.d.36B7C22E6F115C583BD14019DA65AB30.e.8753"}]}
COMMAND: POST /session/2f3a3ed30178fd4b3e43ef29d6279727/element/f.8627BF333E87AC973E299D2132D92580.d.36B7C22E6F115C583BD14019DA65AB30.e.8753/click - {}
COMMAND: GET /session/2f3a3ed30178fd4b3e43ef29d6279727/screenshot - {}
RESULT: {}
COMMAND: GET /session/2f3a3ed30178fd4b3e43ef29d6279727/screenshot - {}
RESULT: {}
COMMAND: POST /session/2f3a3ed30178fd4b3e43ef29d6279727/execute/async - {"script":"<script> [1562 bytes]","args":[{"selector":{"id":"application-manageresources-display-component---editResource--editRruPage-anchBar-application-manageresources-display-component---editResource--counters-anchor","interaction":{"idSuffix":"BDI-content"}},"wdio_ui5_key":"applicationmanageresources-display-component---editResource--editRruPage-anchBar-application-manageresources-display-component---editResource--counters-anchor"}]}
RESULT: {}
RESULT: {"script":"<script> [1562 bytes]","args":[{"selector":{"id":"application-manageresources-display-component---editResource--editRruPage-anchBar-application-manageresources-display-component---editResource--counters-anchor","interaction":{"idSuffix":"BDI-content"}},"wdio_ui5_key":"applicationmanageresources-display-component---editResource--editRruPage-anchBar-application-manageresources-display-component---editResource--counters-anchor"}]}
RESULT: undefined
COMMAND: POST /session/2f3a3ed30178fd4b3e43ef29d6279727/element - {"using":"xpath","value":"//*[@id=\"application-manageresources-display-component---editResource--editRruPage-anchBar-application-manageresources-display-component---editResource--counters-anchor\"]"}
RESULT: {"using":"xpath","value":"//*[@id=\"application-manageresources-display-component---editResource--editRruPage-anchBar-application-manageresources-display-component---editResource--counters-anchor\"]"}
COMMAND: POST /session/2f3a3ed30178fd4b3e43ef29d6279727/element/f.8627BF333E87AC973E299D2132D92580.d.36B7C22E6F115C583BD14019DA65AB30.e.8863/click - {}
RESULT: {}
COMMAND: GET /session/2f3a3ed30178fd4b3e43ef29d6279727/screenshot - {}
RESULT: {}
COMMAND: POST /session/2f3a3ed30178fd4b3e43ef29d6279727/execute/async - {"script":"<script> [1562 bytes]","args":[{"selector":{"id":"application-manageresources-display-component---editResource--btnAddCounter-img"},"wdio_ui5_key":"applicationmanageresources-display-component---editResource--btnAddCounter-img"}]}
RESULT: {"script":"<script> [1562 bytes]","args":[{"selector":{"id":"application-manageresources-display-component---editResource--btnAddCounter-img"},"wdio_ui5_key":"applicationmanageresources-display-component---editResource--btnAddCounter-img"}]}
RESULT: undefined
COMMAND: POST /session/2f3a3ed30178fd4b3e43ef29d6279727/element - {"using":"xpath","value":"//*[@id=\"application-manageresources-display-component---editResource--btnAddCounter-img\"]"}
RESULT: {"using":"xpath","value":"//*[@id=\"application-manageresources-display-component---editResource--btnAddCounter-img\"]"}
COMMAND: POST /session/2f3a3ed30178fd4b3e43ef29d6279727/element/f.8627BF333E87AC973E299D2132D92580.d.36B7C22E6F115C583BD14019DA65AB30.e.8897/click - {}
RESULT: {}
COMMAND: POST /session/2f3a3ed30178fd4b3e43ef29d6279727/execute/async - {"script":"<script> [1562 bytes]","args":[{"selector":{"id":"application-manageresources-display-component---editResource--COUNTER_ID-application-manageresources-display-component---editResource--RUCounters-0-arrow"},"wdio_ui5_key":"applicationmanageresources-display-component---editResource--COUNTER_ID-application-manageresources-display-component---editResource--RUCounters-0-arrow"}]}
COMMAND: GET /session/2f3a3ed30178fd4b3e43ef29d6279727/screenshot - {}
RESULT: {"script":"<script> [1562 bytes]","args":[{"selector":{"id":"application-manageresources-display-component---editResource--COUNTER_ID-application-manageresources-display-component---editResource--RUCounters-0-arrow"},"wdio_ui5_key":"applicationmanageresources-display-component---editResource--COUNTER_ID-application-manageresources-display-component---editResource--RUCounters-0-arrow"}]}
RESULT: undefined
COMMAND: POST /session/2f3a3ed30178fd4b3e43ef29d6279727/element - {"using":"xpath","value":"//*[@id=\"application-manageresources-display-component---editResource--COUNTER_ID-application-manageresources-display-component---editResource--RUCounters-0-arrow\"]"}
RESULT: {}
RESULT: {"using":"xpath","value":"//*[@id=\"application-manageresources-display-component---editResource--COUNTER_ID-application-manageresources-display-component---editResource--RUCounters-0-arrow\"]"}
COMMAND: POST /session/2f3a3ed30178fd4b3e43ef29d6279727/element/f.8627BF333E87AC973E299D2132D92580.d.36B7C22E6F115C583BD14019DA65AB30.e.8902/click - {}
RESULT: {}
COMMAND: POST /session/2f3a3ed30178fd4b3e43ef29d6279727/execute/async - {"script":"<script> [1562 bytes]","args":[{"selector":{"controlType":"sap.m.StandardListItem","viewName":"etm.portal.ui.manageresources.view.EditResource","viewId":"application-manageresources-display-component---editResource","properties":{"title":"fuel"},"searchOpenDialogs":true,"interaction":{"idSuffix":"content"}},"wdio_ui5_key":"etmportal.ui.manageresources.view.EditResourcesap.m.StandardListItem{\"title\":\"fuel\"}"}]}
COMMAND: GET /session/2f3a3ed30178fd4b3e43ef29d6279727/screenshot - {}
RESULT: {"script":"<script> [1562 bytes]","args":[{"selector":{"controlType":"sap.m.StandardListItem","viewName":"etm.portal.ui.manageresources.view.EditResource","viewId":"application-manageresources-display-component---editResource","properties":{"title":"fuel"},"searchOpenDialogs":true,"interaction":{"idSuffix":"content"}},"wdio_ui5_key":"etmportal.ui.manageresources.view.EditResourcesap.m.StandardListItem{\"title\":\"fuel\"}"}]}
RESULT: undefined
COMMAND: POST /session/2f3a3ed30178fd4b3e43ef29d6279727/element - {"using":"xpath","value":"//*[@id=\"__item3143\"]"}
RESULT: {}
RESULT: {"using":"xpath","value":"//*[@id=\"__item3143\"]"}
COMMAND: POST /session/2f3a3ed30178fd4b3e43ef29d6279727/element/f.8627BF333E87AC973E299D2132D92580.d.36B7C22E6F115C583BD14019DA65AB30.e.8904/click - {}
RESULT: {}
COMMAND: GET /session/2f3a3ed30178fd4b3e43ef29d6279727/screenshot - {}
RESULT: {}
COMMAND: POST /session/2f3a3ed30178fd4b3e43ef29d6279727/element - {"using":"xpath","value":"//button[@data-kt=\"saveButton\"]"}
RESULT: {"using":"xpath","value":"//button[@data-kt=\"saveButton\"]"}
COMMAND: POST /session/2f3a3ed30178fd4b3e43ef29d6279727/element/f.8627BF333E87AC973E299D2132D92580.d.36B7C22E6F115C583BD14019DA65AB30.e.8905/click - {}
RESULT: {}
COMMAND: GET /session/2f3a3ed30178fd4b3e43ef29d6279727/screenshot - {}
RESULT: {}
COMMAND: POST /session/2f3a3ed30178fd4b3e43ef29d6279727/element - {"using":"xpath","value":"(//button[contains(@id ,\"actionsToolbar-overflowButton\")])[1]"}
RESULT: {"using":"xpath","value":"(//button[contains(@id ,\"actionsToolbar-overflowButton\")])[1]"}
COMMAND: POST /session/2f3a3ed30178fd4b3e43ef29d6279727/element/f.8627BF333E87AC973E299D2132D92580.d.36B7C22E6F115C583BD14019DA65AB30.e.8916/click - {}
RESULT: {}
COMMAND: GET /session/2f3a3ed30178fd4b3e43ef29d6279727/screenshot - {}
RESULT: {}
COMMAND: POST /session/2f3a3ed30178fd4b3e43ef29d6279727/element - {"using":"xpath","value":"//button[@data-kt=\"priceInfoButton\"]"}
RESULT: {"using":"xpath","value":"//button[@data-kt=\"priceInfoButton\"]"}
COMMAND: POST /session/2f3a3ed30178fd4b3e43ef29d6279727/element/f.8627BF333E87AC973E299D2132D92580.d.36B7C22E6F115C583BD14019DA65AB30.e.8918/click - {}
RESULT: {}
COMMAND: GET /session/2f3a3ed30178fd4b3e43ef29d6279727/screenshot - {}
RESULT: {}
]]></system-out>
    </testcase>
    <testcase classname="chrome.135_0_7049_42.windows.Create_master_data_for_mixed_billing_&amp;_do_billing_calculation_US151661" name="Should create a TB pricing procedure" time="54.31">
      <system-out><![CDATA[
COMMAND: POST /session/2f3a3ed30178fd4b3e43ef29d6279727/element - {"using":"xpath","value":"//button[@data-kt=\"addButton\"]"}
RESULT: {"using":"xpath","value":"//button[@data-kt=\"addButton\"]"}
COMMAND: POST /session/2f3a3ed30178fd4b3e43ef29d6279727/elements - {"using":"xpath","value":"//button[@data-kt=\"addButton\"]"}
RESULT: {"using":"xpath","value":"//button[@data-kt=\"addButton\"]"}
COMMAND: POST /session/2f3a3ed30178fd4b3e43ef29d6279727/elements - {"using":"xpath","value":"//button[@data-kt=\"addButton\"]"}
RESULT: {"using":"xpath","value":"//button[@data-kt=\"addButton\"]"}
COMMAND: POST /session/2f3a3ed30178fd4b3e43ef29d6279727/element - {"using":"xpath","value":"//button[@data-kt=\"addButton\"]"}
RESULT: {"using":"xpath","value":"//button[@data-kt=\"addButton\"]"}
COMMAND: POST /session/2f3a3ed30178fd4b3e43ef29d6279727/execute/sync - {"script":"<script> [8489 bytes]","args":[{"element-6066-11e4-a52e-4f735466cecf":"f.8627BF333E87AC973E299D2132D92580.d.36B7C22E6F115C583BD14019DA65AB30.e.8954","ELEMENT":"f.8627BF333E87AC973E299D2132D92580.d.36B7C22E6F115C583BD14019DA65AB30.e.8954"}]}
RESULT: {"script":"<script> [8489 bytes]","args":[{"element-6066-11e4-a52e-4f735466cecf":"f.8627BF333E87AC973E299D2132D92580.d.36B7C22E6F115C583BD14019DA65AB30.e.8954","ELEMENT":"f.8627BF333E87AC973E299D2132D92580.d.36B7C22E6F115C583BD14019DA65AB30.e.8954"}]}
COMMAND: GET /session/2f3a3ed30178fd4b3e43ef29d6279727/element/f.8627BF333E87AC973E299D2132D92580.d.36B7C22E6F115C583BD14019DA65AB30.e.8954/enabled - {}
COMMAND: GET /session/2f3a3ed30178fd4b3e43ef29d6279727/screenshot - {}
RESULT: {}
COMMAND: POST /session/2f3a3ed30178fd4b3e43ef29d6279727/execute/sync - {"script":"<script> [8489 bytes]","args":[{"element-6066-11e4-a52e-4f735466cecf":"f.8627BF333E87AC973E299D2132D92580.d.36B7C22E6F115C583BD14019DA65AB30.e.8954","ELEMENT":"f.8627BF333E87AC973E299D2132D92580.d.36B7C22E6F115C583BD14019DA65AB30.e.8954"}]}
COMMAND: GET /session/2f3a3ed30178fd4b3e43ef29d6279727/screenshot - {}
RESULT: {}
RESULT: {"script":"<script> [8489 bytes]","args":[{"element-6066-11e4-a52e-4f735466cecf":"f.8627BF333E87AC973E299D2132D92580.d.36B7C22E6F115C583BD14019DA65AB30.e.8954","ELEMENT":"f.8627BF333E87AC973E299D2132D92580.d.36B7C22E6F115C583BD14019DA65AB30.e.8954"}]}
COMMAND: POST /session/2f3a3ed30178fd4b3e43ef29d6279727/execute/sync - {"script":"<script> [5351 bytes]","args":[{"element-6066-11e4-a52e-4f735466cecf":"f.8627BF333E87AC973E299D2132D92580.d.36B7C22E6F115C583BD14019DA65AB30.e.8954","ELEMENT":"f.8627BF333E87AC973E299D2132D92580.d.36B7C22E6F115C583BD14019DA65AB30.e.8954"}]}
COMMAND: GET /session/2f3a3ed30178fd4b3e43ef29d6279727/screenshot - {}
RESULT: {}
RESULT: {"script":"<script> [5351 bytes]","args":[{"element-6066-11e4-a52e-4f735466cecf":"f.8627BF333E87AC973E299D2132D92580.d.36B7C22E6F115C583BD14019DA65AB30.e.8954","ELEMENT":"f.8627BF333E87AC973E299D2132D92580.d.36B7C22E6F115C583BD14019DA65AB30.e.8954"}]}
COMMAND: POST /session/2f3a3ed30178fd4b3e43ef29d6279727/element/f.8627BF333E87AC973E299D2132D92580.d.36B7C22E6F115C583BD14019DA65AB30.e.8954/click - {}
COMMAND: GET /session/2f3a3ed30178fd4b3e43ef29d6279727/screenshot - {}
RESULT: {}
RESULT: {}
COMMAND: GET /session/2f3a3ed30178fd4b3e43ef29d6279727/screenshot - {}
RESULT: {}
RESULT: {}
COMMAND: POST /session/2f3a3ed30178fd4b3e43ef29d6279727/execute/async - {"script":"<script> [1562 bytes]","args":[{"selector":{"controlType":"sap.m.Title","viewName":"etm.portal.ui.managepricingrules.view.NewItem","viewId":"application-managepricingrules-display-component---newInfoPriceItem","properties":{"text":"New Pricing Rules - Item Level"}},"wdio_ui5_key":"etmportal.ui.managepricingrules.view.NewItemsap.m.Title{\"text\":\"New Pricing Rules - Item Level\"}"}]}
RESULT: {"script":"<script> [1562 bytes]","args":[{"selector":{"controlType":"sap.m.Title","viewName":"etm.portal.ui.managepricingrules.view.NewItem","viewId":"application-managepricingrules-display-component---newInfoPriceItem","properties":{"text":"New Pricing Rules - Item Level"}},"wdio_ui5_key":"etmportal.ui.managepricingrules.view.NewItemsap.m.Title{\"text\":\"New Pricing Rules - Item Level\"}"}]}
RESULT: undefined
COMMAND: POST /session/2f3a3ed30178fd4b3e43ef29d6279727/execute/async - {"script":"<script> [6424 bytes]","args":[{"element-6066-11e4-a52e-4f735466cecf":"f.8627BF333E87AC973E299D2132D92580.d.36B7C22E6F115C583BD14019DA65AB30.e.9028"},"getText",[]]}
RESULT: {"script":"<script> [6424 bytes]","args":[{"element-6066-11e4-a52e-4f735466cecf":"f.8627BF333E87AC973E299D2132D92580.d.36B7C22E6F115C583BD14019DA65AB30.e.9028"},"getText",[]]}
COMMAND: POST /session/2f3a3ed30178fd4b3e43ef29d6279727/execute/async - {"script":"<script> [1562 bytes]","args":[{"selector":{"id":"application-managepricingrules-display-component---newInfoPriceItem--condValidTo","interaction":{"idSuffix":"inner"}},"wdio_ui5_key":"applicationmanagepricingrules-display-component---newInfoPriceItem--condValidTo"}]}
RESULT: {"script":"<script> [1562 bytes]","args":[{"selector":{"id":"application-managepricingrules-display-component---newInfoPriceItem--condValidTo","interaction":{"idSuffix":"inner"}},"wdio_ui5_key":"applicationmanagepricingrules-display-component---newInfoPriceItem--condValidTo"}]}
RESULT: undefined
COMMAND: POST /session/2f3a3ed30178fd4b3e43ef29d6279727/execute/async - {"script":"<script> [776 bytes]","args":[{"enterText":"12/23/25","selector":{"id":"application-managepricingrules-display-component---newInfoPriceItem--condValidTo","interaction":{"idSuffix":"inner"}},"clearTextFirst":true,"interactionType":"ENTER_TEXT"}]}
RESULT: {"script":"<script> [776 bytes]","args":[{"enterText":"12/23/25","selector":{"id":"application-managepricingrules-display-component---newInfoPriceItem--condValidTo","interaction":{"idSuffix":"inner"}},"clearTextFirst":true,"interactionType":"ENTER_TEXT"}]}
COMMAND: POST /session/2f3a3ed30178fd4b3e43ef29d6279727/execute/async - {"script":"<script> [1562 bytes]","args":[{"selector":{"id":"application-managepricingrules-display-component---newInfoPriceItem--billType-arrow"},"wdio_ui5_key":"applicationmanagepricingrules-display-component---newInfoPriceItem--billType-arrow"}]}
RESULT: {"script":"<script> [1562 bytes]","args":[{"selector":{"id":"application-managepricingrules-display-component---newInfoPriceItem--billType-arrow"},"wdio_ui5_key":"applicationmanagepricingrules-display-component---newInfoPriceItem--billType-arrow"}]}
RESULT: undefined
COMMAND: POST /session/2f3a3ed30178fd4b3e43ef29d6279727/element - {"using":"xpath","value":"//*[@id=\"application-managepricingrules-display-component---newInfoPriceItem--billType-arrow\"]"}
RESULT: {"using":"xpath","value":"//*[@id=\"application-managepricingrules-display-component---newInfoPriceItem--billType-arrow\"]"}
COMMAND: POST /session/2f3a3ed30178fd4b3e43ef29d6279727/element/f.8627BF333E87AC973E299D2132D92580.d.36B7C22E6F115C583BD14019DA65AB30.e.9085/click - {}
RESULT: {}
COMMAND: POST /session/2f3a3ed30178fd4b3e43ef29d6279727/element - {"using":"xpath","value":"//span[contains(text(), \"TB - Time based\")]"}
COMMAND: GET /session/2f3a3ed30178fd4b3e43ef29d6279727/screenshot - {}
RESULT: {"using":"xpath","value":"//span[contains(text(), \"TB - Time based\")]"}
COMMAND: POST /session/2f3a3ed30178fd4b3e43ef29d6279727/element/f.8627BF333E87AC973E299D2132D92580.d.36B7C22E6F115C583BD14019DA65AB30.e.9127/click - {}
RESULT: {}
RESULT: {}
COMMAND: POST /session/2f3a3ed30178fd4b3e43ef29d6279727/execute/async - {"script":"<script> [1562 bytes]","args":[{"selector":{"id":"application-managepricingrules-display-component---newInfoPriceItem--priceProc-arrow"},"wdio_ui5_key":"applicationmanagepricingrules-display-component---newInfoPriceItem--priceProc-arrow"}]}
COMMAND: GET /session/2f3a3ed30178fd4b3e43ef29d6279727/screenshot - {}
RESULT: {"script":"<script> [1562 bytes]","args":[{"selector":{"id":"application-managepricingrules-display-component---newInfoPriceItem--priceProc-arrow"},"wdio_ui5_key":"applicationmanagepricingrules-display-component---newInfoPriceItem--priceProc-arrow"}]}
RESULT: undefined
COMMAND: POST /session/2f3a3ed30178fd4b3e43ef29d6279727/element - {"using":"xpath","value":"//*[@id=\"application-managepricingrules-display-component---newInfoPriceItem--priceProc-arrow\"]"}
RESULT: {}
RESULT: {"using":"xpath","value":"//*[@id=\"application-managepricingrules-display-component---newInfoPriceItem--priceProc-arrow\"]"}
COMMAND: POST /session/2f3a3ed30178fd4b3e43ef29d6279727/element/f.8627BF333E87AC973E299D2132D92580.d.36B7C22E6F115C583BD14019DA65AB30.e.9092/click - {}
RESULT: {}
COMMAND: POST /session/2f3a3ed30178fd4b3e43ef29d6279727/element - {"using":"xpath","value":"//span[contains(text(), \"TB - Time based BGL\")]"}
COMMAND: GET /session/2f3a3ed30178fd4b3e43ef29d6279727/screenshot - {}
RESULT: {"using":"xpath","value":"//span[contains(text(), \"TB - Time based BGL\")]"}
COMMAND: POST /session/2f3a3ed30178fd4b3e43ef29d6279727/element/f.8627BF333E87AC973E299D2132D92580.d.36B7C22E6F115C583BD14019DA65AB30.e.9128/click - {}
RESULT: {}
RESULT: {}
COMMAND: POST /session/2f3a3ed30178fd4b3e43ef29d6279727/execute/async - {"script":"<script> [1562 bytes]","args":[{"selector":{"id":"application-managepricingrules-display-component---newInfoPriceItem--calcBase-arrow"},"wdio_ui5_key":"applicationmanagepricingrules-display-component---newInfoPriceItem--calcBase-arrow"}]}
COMMAND: GET /session/2f3a3ed30178fd4b3e43ef29d6279727/screenshot - {}
RESULT: {"script":"<script> [1562 bytes]","args":[{"selector":{"id":"application-managepricingrules-display-component---newInfoPriceItem--calcBase-arrow"},"wdio_ui5_key":"applicationmanagepricingrules-display-component---newInfoPriceItem--calcBase-arrow"}]}
RESULT: undefined
COMMAND: POST /session/2f3a3ed30178fd4b3e43ef29d6279727/element - {"using":"xpath","value":"//*[@id=\"application-managepricingrules-display-component---newInfoPriceItem--calcBase-arrow\"]"}
RESULT: {}
RESULT: {"using":"xpath","value":"//*[@id=\"application-managepricingrules-display-component---newInfoPriceItem--calcBase-arrow\"]"}
COMMAND: POST /session/2f3a3ed30178fd4b3e43ef29d6279727/element/f.8627BF333E87AC973E299D2132D92580.d.36B7C22E6F115C583BD14019DA65AB30.e.9099/click - {}
RESULT: {}
COMMAND: GET /session/2f3a3ed30178fd4b3e43ef29d6279727/screenshot - {}
RESULT: {}
COMMAND: POST /session/2f3a3ed30178fd4b3e43ef29d6279727/element - {"using":"xpath","value":"//span[contains(text(), \"0006 - TB(calendar days)\")]"}
RESULT: {"using":"xpath","value":"//span[contains(text(), \"0006 - TB(calendar days)\")]"}
COMMAND: POST /session/2f3a3ed30178fd4b3e43ef29d6279727/element/f.8627BF333E87AC973E299D2132D92580.d.36B7C22E6F115C583BD14019DA65AB30.e.9129/click - {}
RESULT: {}
COMMAND: GET /session/2f3a3ed30178fd4b3e43ef29d6279727/screenshot - {}
RESULT: {}
COMMAND: POST /session/2f3a3ed30178fd4b3e43ef29d6279727/execute/async - {"script":"<script> [1562 bytes]","args":[{"selector":{"id":"application-managepricingrules-display-component---newInfoPriceItem--hoursMonth","interaction":{"idSuffix":"inner"}},"wdio_ui5_key":"applicationmanagepricingrules-display-component---newInfoPriceItem--hoursMonth"}]}
RESULT: {"script":"<script> [1562 bytes]","args":[{"selector":{"id":"application-managepricingrules-display-component---newInfoPriceItem--hoursMonth","interaction":{"idSuffix":"inner"}},"wdio_ui5_key":"applicationmanagepricingrules-display-component---newInfoPriceItem--hoursMonth"}]}
RESULT: undefined
COMMAND: POST /session/2f3a3ed30178fd4b3e43ef29d6279727/execute/async - {"script":"<script> [776 bytes]","args":[{"enterText":"160","selector":{"id":"application-managepricingrules-display-component---newInfoPriceItem--hoursMonth","interaction":{"idSuffix":"inner"}},"clearTextFirst":true,"interactionType":"ENTER_TEXT"}]}
RESULT: {"script":"<script> [776 bytes]","args":[{"enterText":"160","selector":{"id":"application-managepricingrules-display-component---newInfoPriceItem--hoursMonth","interaction":{"idSuffix":"inner"}},"clearTextFirst":true,"interactionType":"ENTER_TEXT"}]}
COMMAND: POST /session/2f3a3ed30178fd4b3e43ef29d6279727/execute/async - {"script":"<script> [1562 bytes]","args":[{"selector":{"id":"application-managepricingrules-display-component---newInfoPriceItem--daysMonth","interaction":{"idSuffix":"inner"}},"wdio_ui5_key":"applicationmanagepricingrules-display-component---newInfoPriceItem--daysMonth"}]}
RESULT: {"script":"<script> [1562 bytes]","args":[{"selector":{"id":"application-managepricingrules-display-component---newInfoPriceItem--daysMonth","interaction":{"idSuffix":"inner"}},"wdio_ui5_key":"applicationmanagepricingrules-display-component---newInfoPriceItem--daysMonth"}]}
RESULT: undefined
COMMAND: POST /session/2f3a3ed30178fd4b3e43ef29d6279727/execute/async - {"script":"<script> [776 bytes]","args":[{"enterText":"30","selector":{"id":"application-managepricingrules-display-component---newInfoPriceItem--daysMonth","interaction":{"idSuffix":"inner"}},"clearTextFirst":true,"interactionType":"ENTER_TEXT"}]}
RESULT: {"script":"<script> [776 bytes]","args":[{"enterText":"30","selector":{"id":"application-managepricingrules-display-component---newInfoPriceItem--daysMonth","interaction":{"idSuffix":"inner"}},"clearTextFirst":true,"interactionType":"ENTER_TEXT"}]}
COMMAND: POST /session/2f3a3ed30178fd4b3e43ef29d6279727/element - {"using":"xpath","value":"//button[@data-kt=\"saveNewRuleButton\"]"}
RESULT: {"using":"xpath","value":"//button[@data-kt=\"saveNewRuleButton\"]"}
COMMAND: POST /session/2f3a3ed30178fd4b3e43ef29d6279727/element/f.8627BF333E87AC973E299D2132D92580.d.36B7C22E6F115C583BD14019DA65AB30.e.9120/click - {}
RESULT: {}
COMMAND: GET /session/2f3a3ed30178fd4b3e43ef29d6279727/screenshot - {}
RESULT: {}
COMMAND: POST /session/2f3a3ed30178fd4b3e43ef29d6279727/execute/async - {"script":"<script> [1562 bytes]","args":[{"selector":{"id":"application-managepricingrules-display-component---priceInfoItem--smartFilterBar-btnBasicSearch","interaction":{"idSuffix":"I"}},"wdio_ui5_key":"applicationmanagepricingrules-display-component---priceInfoItem--smartFilterBar-btnBasicSearch"}]}
RESULT: {"script":"<script> [1562 bytes]","args":[{"selector":{"id":"application-managepricingrules-display-component---priceInfoItem--smartFilterBar-btnBasicSearch","interaction":{"idSuffix":"I"}},"wdio_ui5_key":"applicationmanagepricingrules-display-component---priceInfoItem--smartFilterBar-btnBasicSearch"}]}
RESULT: undefined
COMMAND: POST /session/2f3a3ed30178fd4b3e43ef29d6279727/execute/async - {"script":"<script> [776 bytes]","args":[{"enterText":"ctjpmQJ6tA","selector":{"id":"application-managepricingrules-display-component---priceInfoItem--smartFilterBar-btnBasicSearch","interaction":{"idSuffix":"I"}},"clearTextFirst":true,"interactionType":"ENTER_TEXT"}]}
RESULT: {"script":"<script> [776 bytes]","args":[{"enterText":"ctjpmQJ6tA","selector":{"id":"application-managepricingrules-display-component---priceInfoItem--smartFilterBar-btnBasicSearch","interaction":{"idSuffix":"I"}},"clearTextFirst":true,"interactionType":"ENTER_TEXT"}]}
COMMAND: POST /session/2f3a3ed30178fd4b3e43ef29d6279727/actions - {"actions":[{"id":"action29","type":"key","parameters":{},"actions":[{"type":"keyDown","value":""},{"type":"pause","duration":10},{"type":"keyUp","value":""}]}]}
RESULT: {"actions":[{"id":"action29","type":"key","parameters":{},"actions":[{"type":"keyDown","value":""},{"type":"pause","duration":10},{"type":"keyUp","value":""}]}]}
COMMAND: GET /session/2f3a3ed30178fd4b3e43ef29d6279727/screenshot - {}
RESULT: {}
COMMAND: POST /session/2f3a3ed30178fd4b3e43ef29d6279727/element - {"using":"xpath","value":"//span[@id=\"application-managepricingrules-display-component---priceInfoItem--smartTable-header-inner\"]"}
RESULT: {"using":"xpath","value":"//span[@id=\"application-managepricingrules-display-component---priceInfoItem--smartTable-header-inner\"]"}
COMMAND: POST /session/2f3a3ed30178fd4b3e43ef29d6279727/elements - {"using":"xpath","value":"//span[@id=\"application-managepricingrules-display-component---priceInfoItem--smartTable-header-inner\"]"}
RESULT: {"using":"xpath","value":"//span[@id=\"application-managepricingrules-display-component---priceInfoItem--smartTable-header-inner\"]"}
COMMAND: POST /session/2f3a3ed30178fd4b3e43ef29d6279727/execute/sync - {"script":"<script> [56 bytes]","args":[{"element-6066-11e4-a52e-4f735466cecf":"f.8627BF333E87AC973E299D2132D92580.d.36B7C22E6F115C583BD14019DA65AB30.e.9144","ELEMENT":"f.8627BF333E87AC973E299D2132D92580.d.36B7C22E6F115C583BD14019DA65AB30.e.9144"}]}
RESULT: {"script":"<script> [56 bytes]","args":[{"element-6066-11e4-a52e-4f735466cecf":"f.8627BF333E87AC973E299D2132D92580.d.36B7C22E6F115C583BD14019DA65AB30.e.9144","ELEMENT":"f.8627BF333E87AC973E299D2132D92580.d.36B7C22E6F115C583BD14019DA65AB30.e.9144"}]}
COMMAND: POST /session/2f3a3ed30178fd4b3e43ef29d6279727/element - {"using":"css selector","value":"#shell-header-logo"}
COMMAND: GET /session/2f3a3ed30178fd4b3e43ef29d6279727/screenshot - {}
RESULT: {"using":"css selector","value":"#shell-header-logo"}
COMMAND: POST /session/2f3a3ed30178fd4b3e43ef29d6279727/element/f.8627BF333E87AC973E299D2132D92580.d.36B7C22E6F115C583BD14019DA65AB30.e.8107/click - {}
RESULT: {}
RESULT: {}
COMMAND: GET /session/2f3a3ed30178fd4b3e43ef29d6279727/screenshot - {}
RESULT: {}
]]></system-out>
    </testcase>
    <testcase classname="chrome.135_0_7049_42.windows.Create_master_data_for_mixed_billing_&amp;_do_billing_calculation_US151661" name="Should add one time condition" time="61.47">
      <system-out><![CDATA[
COMMAND: POST /session/2f3a3ed30178fd4b3e43ef29d6279727/execute/async - {"script":"<script> [1562 bytes]","args":[{"selector":{"controlType":"sap.m.Text","properties":{"text":"Manage Conditions & Prices"},"interaction":{"idSuffix":"inner"}},"wdio_ui5_key":"sapm.Text{\"text\":\"Manage Conditions & Prices\"}"}]}
RESULT: {"script":"<script> [1562 bytes]","args":[{"selector":{"controlType":"sap.m.Text","properties":{"text":"Manage Conditions & Prices"},"interaction":{"idSuffix":"inner"}},"wdio_ui5_key":"sapm.Text{\"text\":\"Manage Conditions & Prices\"}"}]}
RESULT: undefined
COMMAND: POST /session/2f3a3ed30178fd4b3e43ef29d6279727/element - {"using":"xpath","value":"//*[@id=\"__tile53-title\"]"}
RESULT: {"using":"xpath","value":"//*[@id=\"__tile53-title\"]"}
COMMAND: POST /session/2f3a3ed30178fd4b3e43ef29d6279727/element/f.8627BF333E87AC973E299D2132D92580.d.36B7C22E6F115C583BD14019DA65AB30.e.9147/click - {}
RESULT: {}
COMMAND: POST /session/2f3a3ed30178fd4b3e43ef29d6279727/element - {"using":"xpath","value":"//button[@aria-label=\"Create\"]"}
COMMAND: GET /session/2f3a3ed30178fd4b3e43ef29d6279727/screenshot - {}
RESULT: {"using":"xpath","value":"//button[@aria-label=\"Create\"]"}
COMMAND: POST /session/2f3a3ed30178fd4b3e43ef29d6279727/elements - {"using":"xpath","value":"//button[@aria-label=\"Create\"]"}
RESULT: {}
RESULT: {"using":"xpath","value":"//button[@aria-label=\"Create\"]"}
COMMAND: POST /session/2f3a3ed30178fd4b3e43ef29d6279727/elements - {"using":"xpath","value":"//button[@aria-label=\"Create\"]"}
RESULT: {"using":"xpath","value":"//button[@aria-label=\"Create\"]"}
COMMAND: POST /session/2f3a3ed30178fd4b3e43ef29d6279727/elements - {"using":"xpath","value":"//button[@aria-label=\"Create\"]"}
RESULT: {"using":"xpath","value":"//button[@aria-label=\"Create\"]"}
COMMAND: POST /session/2f3a3ed30178fd4b3e43ef29d6279727/elements - {"using":"xpath","value":"//button[@aria-label=\"Create\"]"}
RESULT: {"using":"xpath","value":"//button[@aria-label=\"Create\"]"}
COMMAND: POST /session/2f3a3ed30178fd4b3e43ef29d6279727/elements - {"using":"xpath","value":"//button[@aria-label=\"Create\"]"}
RESULT: {"using":"xpath","value":"//button[@aria-label=\"Create\"]"}
COMMAND: POST /session/2f3a3ed30178fd4b3e43ef29d6279727/elements - {"using":"xpath","value":"//button[@aria-label=\"Create\"]"}
RESULT: {"using":"xpath","value":"//button[@aria-label=\"Create\"]"}
COMMAND: POST /session/2f3a3ed30178fd4b3e43ef29d6279727/elements - {"using":"xpath","value":"//button[@aria-label=\"Create\"]"}
RESULT: {"using":"xpath","value":"//button[@aria-label=\"Create\"]"}
COMMAND: POST /session/2f3a3ed30178fd4b3e43ef29d6279727/elements - {"using":"xpath","value":"//button[@aria-label=\"Create\"]"}
RESULT: {"using":"xpath","value":"//button[@aria-label=\"Create\"]"}
COMMAND: POST /session/2f3a3ed30178fd4b3e43ef29d6279727/elements - {"using":"xpath","value":"//button[@aria-label=\"Create\"]"}
RESULT: {"using":"xpath","value":"//button[@aria-label=\"Create\"]"}
COMMAND: POST /session/2f3a3ed30178fd4b3e43ef29d6279727/elements - {"using":"xpath","value":"//button[@aria-label=\"Create\"]"}
RESULT: {"using":"xpath","value":"//button[@aria-label=\"Create\"]"}
COMMAND: POST /session/2f3a3ed30178fd4b3e43ef29d6279727/elements - {"using":"xpath","value":"//button[@aria-label=\"Create\"]"}
RESULT: {"using":"xpath","value":"//button[@aria-label=\"Create\"]"}
COMMAND: POST /session/2f3a3ed30178fd4b3e43ef29d6279727/element - {"using":"xpath","value":"//button[@aria-label=\"Create\"]"}
RESULT: {"using":"xpath","value":"//button[@aria-label=\"Create\"]"}
COMMAND: POST /session/2f3a3ed30178fd4b3e43ef29d6279727/execute/sync - {"script":"<script> [8489 bytes]","args":[{"element-6066-11e4-a52e-4f735466cecf":"f.8627BF333E87AC973E299D2132D92580.d.36B7C22E6F115C583BD14019DA65AB30.e.9181","ELEMENT":"f.8627BF333E87AC973E299D2132D92580.d.36B7C22E6F115C583BD14019DA65AB30.e.9181"}]}
RESULT: {"script":"<script> [8489 bytes]","args":[{"element-6066-11e4-a52e-4f735466cecf":"f.8627BF333E87AC973E299D2132D92580.d.36B7C22E6F115C583BD14019DA65AB30.e.9181","ELEMENT":"f.8627BF333E87AC973E299D2132D92580.d.36B7C22E6F115C583BD14019DA65AB30.e.9181"}]}
COMMAND: GET /session/2f3a3ed30178fd4b3e43ef29d6279727/element/f.8627BF333E87AC973E299D2132D92580.d.36B7C22E6F115C583BD14019DA65AB30.e.9181/enabled - {}
COMMAND: GET /session/2f3a3ed30178fd4b3e43ef29d6279727/screenshot - {}
RESULT: {}
COMMAND: POST /session/2f3a3ed30178fd4b3e43ef29d6279727/execute/sync - {"script":"<script> [8489 bytes]","args":[{"element-6066-11e4-a52e-4f735466cecf":"f.8627BF333E87AC973E299D2132D92580.d.36B7C22E6F115C583BD14019DA65AB30.e.9181","ELEMENT":"f.8627BF333E87AC973E299D2132D92580.d.36B7C22E6F115C583BD14019DA65AB30.e.9181"}]}
COMMAND: GET /session/2f3a3ed30178fd4b3e43ef29d6279727/screenshot - {}
RESULT: {}
RESULT: {"script":"<script> [8489 bytes]","args":[{"element-6066-11e4-a52e-4f735466cecf":"f.8627BF333E87AC973E299D2132D92580.d.36B7C22E6F115C583BD14019DA65AB30.e.9181","ELEMENT":"f.8627BF333E87AC973E299D2132D92580.d.36B7C22E6F115C583BD14019DA65AB30.e.9181"}]}
COMMAND: POST /session/2f3a3ed30178fd4b3e43ef29d6279727/execute/sync - {"script":"<script> [5351 bytes]","args":[{"element-6066-11e4-a52e-4f735466cecf":"f.8627BF333E87AC973E299D2132D92580.d.36B7C22E6F115C583BD14019DA65AB30.e.9181","ELEMENT":"f.8627BF333E87AC973E299D2132D92580.d.36B7C22E6F115C583BD14019DA65AB30.e.9181"}]}
COMMAND: GET /session/2f3a3ed30178fd4b3e43ef29d6279727/screenshot - {}
RESULT: {}
RESULT: {"script":"<script> [5351 bytes]","args":[{"element-6066-11e4-a52e-4f735466cecf":"f.8627BF333E87AC973E299D2132D92580.d.36B7C22E6F115C583BD14019DA65AB30.e.9181","ELEMENT":"f.8627BF333E87AC973E299D2132D92580.d.36B7C22E6F115C583BD14019DA65AB30.e.9181"}]}
COMMAND: POST /session/2f3a3ed30178fd4b3e43ef29d6279727/element/f.8627BF333E87AC973E299D2132D92580.d.36B7C22E6F115C583BD14019DA65AB30.e.9181/click - {}
COMMAND: GET /session/2f3a3ed30178fd4b3e43ef29d6279727/screenshot - {}
RESULT: {}
RESULT: {}
COMMAND: GET /session/2f3a3ed30178fd4b3e43ef29d6279727/screenshot - {}
RESULT: {}
RESULT: {}
COMMAND: POST /session/2f3a3ed30178fd4b3e43ef29d6279727/actions - {"actions":[{"id":"action30","type":"key","parameters":{},"actions":[{"type":"keyDown","value":""},{"type":"pause","duration":10},{"type":"keyUp","value":""}]}]}
RESULT: {"actions":[{"id":"action30","type":"key","parameters":{},"actions":[{"type":"keyDown","value":""},{"type":"pause","duration":10},{"type":"keyUp","value":""}]}]}
COMMAND: GET /session/2f3a3ed30178fd4b3e43ef29d6279727/screenshot - {}
RESULT: {}
COMMAND: POST /session/2f3a3ed30178fd4b3e43ef29d6279727/execute/async - {"script":"<script> [1562 bytes]","args":[{"selector":{"id":"application-manageconditionprice-display-component---newCondition--condBillCond-arrow"},"wdio_ui5_key":"applicationmanageconditionprice-display-component---newCondition--condBillCond-arrow"}]}
RESULT: {"script":"<script> [1562 bytes]","args":[{"selector":{"id":"application-manageconditionprice-display-component---newCondition--condBillCond-arrow"},"wdio_ui5_key":"applicationmanageconditionprice-display-component---newCondition--condBillCond-arrow"}]}
RESULT: undefined
COMMAND: POST /session/2f3a3ed30178fd4b3e43ef29d6279727/element - {"using":"xpath","value":"//*[@id=\"application-manageconditionprice-display-component---newCondition--condBillCond-arrow\"]"}
RESULT: {"using":"xpath","value":"//*[@id=\"application-manageconditionprice-display-component---newCondition--condBillCond-arrow\"]"}
COMMAND: POST /session/2f3a3ed30178fd4b3e43ef29d6279727/element/f.8627BF333E87AC973E299D2132D92580.d.36B7C22E6F115C583BD14019DA65AB30.e.9357/click - {}
RESULT: {}
COMMAND: GET /session/2f3a3ed30178fd4b3e43ef29d6279727/screenshot - {}
RESULT: {}
COMMAND: POST /session/2f3a3ed30178fd4b3e43ef29d6279727/element - {"using":"xpath","value":"//li[.//span[contains(text(), \"SAPR - Sales price\")]]"}
RESULT: {"using":"xpath","value":"//li[.//span[contains(text(), \"SAPR - Sales price\")]]"}
COMMAND: POST /session/2f3a3ed30178fd4b3e43ef29d6279727/element/f.8627BF333E87AC973E299D2132D92580.d.36B7C22E6F115C583BD14019DA65AB30.e.9360/click - {}
RESULT: {}
COMMAND: GET /session/2f3a3ed30178fd4b3e43ef29d6279727/screenshot - {}
RESULT: {}
COMMAND: POST /session/2f3a3ed30178fd4b3e43ef29d6279727/execute/async - {"script":"<script> [1562 bytes]","args":[{"selector":{"id":"application-manageconditionprice-display-component---newCondition--condValidTo","interaction":{"idSuffix":"inner"}},"wdio_ui5_key":"applicationmanageconditionprice-display-component---newCondition--condValidTo"}]}
RESULT: {"script":"<script> [1562 bytes]","args":[{"selector":{"id":"application-manageconditionprice-display-component---newCondition--condValidTo","interaction":{"idSuffix":"inner"}},"wdio_ui5_key":"applicationmanageconditionprice-display-component---newCondition--condValidTo"}]}
RESULT: undefined
COMMAND: POST /session/2f3a3ed30178fd4b3e43ef29d6279727/execute/async - {"script":"<script> [776 bytes]","args":[{"enterText":"12/23/25","selector":{"id":"application-manageconditionprice-display-component---newCondition--condValidTo","interaction":{"idSuffix":"inner"}},"clearTextFirst":true,"interactionType":"ENTER_TEXT"}]}
RESULT: {"script":"<script> [776 bytes]","args":[{"enterText":"12/23/25","selector":{"id":"application-manageconditionprice-display-component---newCondition--condValidTo","interaction":{"idSuffix":"inner"}},"clearTextFirst":true,"interactionType":"ENTER_TEXT"}]}
COMMAND: POST /session/2f3a3ed30178fd4b3e43ef29d6279727/element - {"using":"xpath","value":"//input[@id=\"application-manageconditionprice-display-component---newCondition--condRU-inner\"]"}
RESULT: {"using":"xpath","value":"//input[@id=\"application-manageconditionprice-display-component---newCondition--condRU-inner\"]"}
COMMAND: POST /session/2f3a3ed30178fd4b3e43ef29d6279727/element/f.8627BF333E87AC973E299D2132D92580.d.36B7C22E6F115C583BD14019DA65AB30.e.9223/clear - {}
RESULT: {}
COMMAND: POST /session/2f3a3ed30178fd4b3e43ef29d6279727/element/f.8627BF333E87AC973E299D2132D92580.d.36B7C22E6F115C583BD14019DA65AB30.e.9223/value - {"text":"ctjpmQJ6tA"}
COMMAND: GET /session/2f3a3ed30178fd4b3e43ef29d6279727/screenshot - {}
RESULT: {"text":"ctjpmQJ6tA"}
COMMAND: GET /session/2f3a3ed30178fd4b3e43ef29d6279727/screenshot - {}
RESULT: {}
RESULT: {}
COMMAND: POST /session/2f3a3ed30178fd4b3e43ef29d6279727/actions - {"actions":[{"id":"action31","type":"key","parameters":{},"actions":[{"type":"keyDown","value":""},{"type":"pause","duration":10},{"type":"keyUp","value":""}]}]}
RESULT: {"actions":[{"id":"action31","type":"key","parameters":{},"actions":[{"type":"keyDown","value":""},{"type":"pause","duration":10},{"type":"keyUp","value":""}]}]}
COMMAND: POST /session/2f3a3ed30178fd4b3e43ef29d6279727/execute/async - {"script":"<script> [1562 bytes]","args":[{"selector":{"id":"application-manageconditionprice-display-component---newCondition--condBaseQty","interaction":{"idSuffix":"inner"}},"wdio_ui5_key":"applicationmanageconditionprice-display-component---newCondition--condBaseQty"}]}
COMMAND: GET /session/2f3a3ed30178fd4b3e43ef29d6279727/screenshot - {}
RESULT: {"script":"<script> [1562 bytes]","args":[{"selector":{"id":"application-manageconditionprice-display-component---newCondition--condBaseQty","interaction":{"idSuffix":"inner"}},"wdio_ui5_key":"applicationmanageconditionprice-display-component---newCondition--condBaseQty"}]}
RESULT: undefined
COMMAND: POST /session/2f3a3ed30178fd4b3e43ef29d6279727/execute/async - {"script":"<script> [776 bytes]","args":[{"enterText":"1","selector":{"id":"application-manageconditionprice-display-component---newCondition--condBaseQty","interaction":{"idSuffix":"inner"}},"clearTextFirst":true,"interactionType":"ENTER_TEXT"}]}
RESULT: {}
RESULT: {"script":"<script> [776 bytes]","args":[{"enterText":"1","selector":{"id":"application-manageconditionprice-display-component---newCondition--condBaseQty","interaction":{"idSuffix":"inner"}},"clearTextFirst":true,"interactionType":"ENTER_TEXT"}]}
COMMAND: POST /session/2f3a3ed30178fd4b3e43ef29d6279727/execute/async - {"script":"<script> [1562 bytes]","args":[{"selector":{"id":"application-manageconditionprice-display-component---newCondition--condValue","interaction":{"idSuffix":"inner"}},"wdio_ui5_key":"applicationmanageconditionprice-display-component---newCondition--condValue"}]}
RESULT: {"script":"<script> [1562 bytes]","args":[{"selector":{"id":"application-manageconditionprice-display-component---newCondition--condValue","interaction":{"idSuffix":"inner"}},"wdio_ui5_key":"applicationmanageconditionprice-display-component---newCondition--condValue"}]}
RESULT: undefined
COMMAND: POST /session/2f3a3ed30178fd4b3e43ef29d6279727/execute/async - {"script":"<script> [776 bytes]","args":[{"enterText":"200","selector":{"id":"application-manageconditionprice-display-component---newCondition--condValue","interaction":{"idSuffix":"inner"}},"clearTextFirst":true,"interactionType":"ENTER_TEXT"}]}
RESULT: {"script":"<script> [776 bytes]","args":[{"enterText":"200","selector":{"id":"application-manageconditionprice-display-component---newCondition--condValue","interaction":{"idSuffix":"inner"}},"clearTextFirst":true,"interactionType":"ENTER_TEXT"}]}
COMMAND: POST /session/2f3a3ed30178fd4b3e43ef29d6279727/execute/async - {"script":"<script> [1562 bytes]","args":[{"selector":{"id":"application-manageconditionprice-display-component---newCondition--condCurr-arrow"},"wdio_ui5_key":"applicationmanageconditionprice-display-component---newCondition--condCurr-arrow"}]}
RESULT: {"script":"<script> [1562 bytes]","args":[{"selector":{"id":"application-manageconditionprice-display-component---newCondition--condCurr-arrow"},"wdio_ui5_key":"applicationmanageconditionprice-display-component---newCondition--condCurr-arrow"}]}
RESULT: undefined
COMMAND: POST /session/2f3a3ed30178fd4b3e43ef29d6279727/element - {"using":"xpath","value":"//*[@id=\"application-manageconditionprice-display-component---newCondition--condCurr-arrow\"]"}
RESULT: {"using":"xpath","value":"//*[@id=\"application-manageconditionprice-display-component---newCondition--condCurr-arrow\"]"}
COMMAND: POST /session/2f3a3ed30178fd4b3e43ef29d6279727/element/f.8627BF333E87AC973E299D2132D92580.d.36B7C22E6F115C583BD14019DA65AB30.e.9339/click - {}
RESULT: {}
COMMAND: POST /session/2f3a3ed30178fd4b3e43ef29d6279727/element - {"using":"xpath","value":"//span[contains(text(), \"Euro\")]"}
COMMAND: GET /session/2f3a3ed30178fd4b3e43ef29d6279727/screenshot - {}
RESULT: {"using":"xpath","value":"//span[contains(text(), \"Euro\")]"}
COMMAND: POST /session/2f3a3ed30178fd4b3e43ef29d6279727/element/f.8627BF333E87AC973E299D2132D92580.d.36B7C22E6F115C583BD14019DA65AB30.e.9398/click - {}
RESULT: {}
RESULT: {}
COMMAND: POST /session/2f3a3ed30178fd4b3e43ef29d6279727/element - {"using":"xpath","value":"//button[@data-kt=\"saveButton\"]"}
COMMAND: GET /session/2f3a3ed30178fd4b3e43ef29d6279727/screenshot - {}
RESULT: {"using":"xpath","value":"//button[@data-kt=\"saveButton\"]"}
COMMAND: POST /session/2f3a3ed30178fd4b3e43ef29d6279727/element/f.8627BF333E87AC973E299D2132D92580.d.36B7C22E6F115C583BD14019DA65AB30.e.9340/click - {}
RESULT: {}
RESULT: {}
COMMAND: GET /session/2f3a3ed30178fd4b3e43ef29d6279727/screenshot - {}
RESULT: {}
COMMAND: POST /session/2f3a3ed30178fd4b3e43ef29d6279727/execute/async - {"script":"<script> [1562 bytes]","args":[{"selector":{"id":"application-manageconditionprice-display-component---conditions--smartFilterBar-btnBasicSearch","interaction":{"idSuffix":"I"}},"wdio_ui5_key":"applicationmanageconditionprice-display-component---conditions--smartFilterBar-btnBasicSearch"}]}
RESULT: {"script":"<script> [1562 bytes]","args":[{"selector":{"id":"application-manageconditionprice-display-component---conditions--smartFilterBar-btnBasicSearch","interaction":{"idSuffix":"I"}},"wdio_ui5_key":"applicationmanageconditionprice-display-component---conditions--smartFilterBar-btnBasicSearch"}]}
RESULT: undefined
COMMAND: POST /session/2f3a3ed30178fd4b3e43ef29d6279727/execute/async - {"script":"<script> [776 bytes]","args":[{"enterText":"ctjpmQJ6tA","selector":{"id":"application-manageconditionprice-display-component---conditions--smartFilterBar-btnBasicSearch","interaction":{"idSuffix":"I"}},"clearTextFirst":true,"interactionType":"ENTER_TEXT"}]}
RESULT: {"script":"<script> [776 bytes]","args":[{"enterText":"ctjpmQJ6tA","selector":{"id":"application-manageconditionprice-display-component---conditions--smartFilterBar-btnBasicSearch","interaction":{"idSuffix":"I"}},"clearTextFirst":true,"interactionType":"ENTER_TEXT"}]}
COMMAND: POST /session/2f3a3ed30178fd4b3e43ef29d6279727/actions - {"actions":[{"id":"action32","type":"key","parameters":{},"actions":[{"type":"keyDown","value":""},{"type":"pause","duration":10},{"type":"keyUp","value":""}]}]}
RESULT: {"actions":[{"id":"action32","type":"key","parameters":{},"actions":[{"type":"keyDown","value":""},{"type":"pause","duration":10},{"type":"keyUp","value":""}]}]}
COMMAND: GET /session/2f3a3ed30178fd4b3e43ef29d6279727/screenshot - {}
RESULT: {}
COMMAND: POST /session/2f3a3ed30178fd4b3e43ef29d6279727/execute/async - {"script":"<script> [1562 bytes]","args":[{"selector":{"id":"application-manageconditionprice-display-component---conditions--smartFilterBar-filterItemControl_BASIC-BILL_TYPES-vhi"},"wdio_ui5_key":"applicationmanageconditionprice-display-component---conditions--smartFilterBar-filterItemControl_BASIC-BILL_TYPES-vhi"}]}
RESULT: {"script":"<script> [1562 bytes]","args":[{"selector":{"id":"application-manageconditionprice-display-component---conditions--smartFilterBar-filterItemControl_BASIC-BILL_TYPES-vhi"},"wdio_ui5_key":"applicationmanageconditionprice-display-component---conditions--smartFilterBar-filterItemControl_BASIC-BILL_TYPES-vhi"}]}
RESULT: undefined
COMMAND: POST /session/2f3a3ed30178fd4b3e43ef29d6279727/element - {"using":"xpath","value":"//*[@id=\"application-manageconditionprice-display-component---conditions--smartFilterBar-filterItemControl_BASIC-BILL_TYPES-vhi\"]"}
RESULT: {"using":"xpath","value":"//*[@id=\"application-manageconditionprice-display-component---conditions--smartFilterBar-filterItemControl_BASIC-BILL_TYPES-vhi\"]"}
COMMAND: POST /session/2f3a3ed30178fd4b3e43ef29d6279727/element/f.8627BF333E87AC973E299D2132D92580.d.36B7C22E6F115C583BD14019DA65AB30.e.9415/click - {}
RESULT: {}
COMMAND: POST /session/2f3a3ed30178fd4b3e43ef29d6279727/execute/async - {"script":"<script> [1562 bytes]","args":[{"selector":{"id":"application-manageconditionprice-display-component---conditions--smartFilterBar-filterItemControl_BASIC-BILL_TYPES-valueHelpDialog-smartFilterBar-btnBasicSearch","searchOpenDialogs":true,"interaction":{"idSuffix":"I"}},"wdio_ui5_key":"applicationmanageconditionprice-display-component---conditions--smartFilterBar-filterItemControl_BASIC-BILL_TYPES-valueHelpDialog-smartFilterBar-btnBasicSearch"}]}
COMMAND: GET /session/2f3a3ed30178fd4b3e43ef29d6279727/screenshot - {}
RESULT: {"script":"<script> [1562 bytes]","args":[{"selector":{"id":"application-manageconditionprice-display-component---conditions--smartFilterBar-filterItemControl_BASIC-BILL_TYPES-valueHelpDialog-smartFilterBar-btnBasicSearch","searchOpenDialogs":true,"interaction":{"idSuffix":"I"}},"wdio_ui5_key":"applicationmanageconditionprice-display-component---conditions--smartFilterBar-filterItemControl_BASIC-BILL_TYPES-valueHelpDialog-smartFilterBar-btnBasicSearch"}]}
RESULT: undefined
COMMAND: POST /session/2f3a3ed30178fd4b3e43ef29d6279727/execute/async - {"script":"<script> [776 bytes]","args":[{"enterText":"one","selector":{"id":"application-manageconditionprice-display-component---conditions--smartFilterBar-filterItemControl_BASIC-BILL_TYPES-valueHelpDialog-smartFilterBar-btnBasicSearch","searchOpenDialogs":true,"interaction":{"idSuffix":"I"}},"clearTextFirst":true,"interactionType":"ENTER_TEXT"}]}
RESULT: {}
RESULT: {"script":"<script> [776 bytes]","args":[{"enterText":"one","selector":{"id":"application-manageconditionprice-display-component---conditions--smartFilterBar-filterItemControl_BASIC-BILL_TYPES-valueHelpDialog-smartFilterBar-btnBasicSearch","searchOpenDialogs":true,"interaction":{"idSuffix":"I"}},"clearTextFirst":true,"interactionType":"ENTER_TEXT"}]}
COMMAND: POST /session/2f3a3ed30178fd4b3e43ef29d6279727/actions - {"actions":[{"id":"action33","type":"key","parameters":{},"actions":[{"type":"keyDown","value":""},{"type":"pause","duration":10},{"type":"keyUp","value":""}]}]}
RESULT: {"actions":[{"id":"action33","type":"key","parameters":{},"actions":[{"type":"keyDown","value":""},{"type":"pause","duration":10},{"type":"keyUp","value":""}]}]}
COMMAND: GET /session/2f3a3ed30178fd4b3e43ef29d6279727/screenshot - {}
RESULT: {}
COMMAND: POST /session/2f3a3ed30178fd4b3e43ef29d6279727/element - {"using":"xpath","value":"//div[contains(@id, 'application-manageconditionprice-display-component---conditions--smartFilterBar-filterItemControl_BASIC-BILL_TYPES-valueHelpDialog-table-rowsel0')]"}
RESULT: {"using":"xpath","value":"//div[contains(@id, 'application-manageconditionprice-display-component---conditions--smartFilterBar-filterItemControl_BASIC-BILL_TYPES-valueHelpDialog-table-rowsel0')]"}
COMMAND: POST /session/2f3a3ed30178fd4b3e43ef29d6279727/element/f.8627BF333E87AC973E299D2132D92580.d.36B7C22E6F115C583BD14019DA65AB30.e.9425/click - {}
RESULT: {}
COMMAND: GET /session/2f3a3ed30178fd4b3e43ef29d6279727/screenshot - {}
RESULT: {}
COMMAND: POST /session/2f3a3ed30178fd4b3e43ef29d6279727/element - {"using":"xpath","value":"//bdi[contains(text(), \"OK\")]"}
RESULT: {"using":"xpath","value":"//bdi[contains(text(), \"OK\")]"}
COMMAND: POST /session/2f3a3ed30178fd4b3e43ef29d6279727/element/f.8627BF333E87AC973E299D2132D92580.d.36B7C22E6F115C583BD14019DA65AB30.e.9427/click - {}
RESULT: {}
COMMAND: GET /session/2f3a3ed30178fd4b3e43ef29d6279727/screenshot - {}
RESULT: {}
COMMAND: POST /session/2f3a3ed30178fd4b3e43ef29d6279727/element - {"using":"xpath","value":"//span[@id=\"application-manageconditionprice-display-component---conditions--smartTable-header-inner\"]"}
RESULT: {"using":"xpath","value":"//span[@id=\"application-manageconditionprice-display-component---conditions--smartTable-header-inner\"]"}
COMMAND: POST /session/2f3a3ed30178fd4b3e43ef29d6279727/elements - {"using":"xpath","value":"//span[@id=\"application-manageconditionprice-display-component---conditions--smartTable-header-inner\"]"}
RESULT: {"using":"xpath","value":"//span[@id=\"application-manageconditionprice-display-component---conditions--smartTable-header-inner\"]"}
COMMAND: POST /session/2f3a3ed30178fd4b3e43ef29d6279727/execute/sync - {"script":"<script> [56 bytes]","args":[{"element-6066-11e4-a52e-4f735466cecf":"f.8627BF333E87AC973E299D2132D92580.d.36B7C22E6F115C583BD14019DA65AB30.e.9430","ELEMENT":"f.8627BF333E87AC973E299D2132D92580.d.36B7C22E6F115C583BD14019DA65AB30.e.9430"}]}
RESULT: {"script":"<script> [56 bytes]","args":[{"element-6066-11e4-a52e-4f735466cecf":"f.8627BF333E87AC973E299D2132D92580.d.36B7C22E6F115C583BD14019DA65AB30.e.9430","ELEMENT":"f.8627BF333E87AC973E299D2132D92580.d.36B7C22E6F115C583BD14019DA65AB30.e.9430"}]}
COMMAND: POST /session/2f3a3ed30178fd4b3e43ef29d6279727/element - {"using":"css selector","value":"#shell-header-logo"}
COMMAND: GET /session/2f3a3ed30178fd4b3e43ef29d6279727/screenshot - {}
RESULT: {"using":"css selector","value":"#shell-header-logo"}
COMMAND: POST /session/2f3a3ed30178fd4b3e43ef29d6279727/element/f.8627BF333E87AC973E299D2132D92580.d.36B7C22E6F115C583BD14019DA65AB30.e.9149/click - {}
RESULT: {}
RESULT: {}
COMMAND: GET /session/2f3a3ed30178fd4b3e43ef29d6279727/screenshot - {}
RESULT: {}
]]></system-out>
    </testcase>
    <testcase classname="chrome.135_0_7049_42.windows.Create_master_data_for_mixed_billing_&amp;_do_billing_calculation_US151661" name="Should add performance based condition" time="69.708">
      <system-out><![CDATA[
RESULT: undefined
COMMAND: POST /session/2f3a3ed30178fd4b3e43ef29d6279727/element - {"using":"xpath","value":"//*[@id=\"__tile53-title\"]"}
RESULT: {"using":"xpath","value":"//*[@id=\"__tile53-title\"]"}
COMMAND: POST /session/2f3a3ed30178fd4b3e43ef29d6279727/element/f.8627BF333E87AC973E299D2132D92580.d.36B7C22E6F115C583BD14019DA65AB30.e.9147/click - {}
RESULT: {}
COMMAND: POST /session/2f3a3ed30178fd4b3e43ef29d6279727/element - {"using":"xpath","value":"//button[@aria-label=\"Create\"]"}
COMMAND: GET /session/2f3a3ed30178fd4b3e43ef29d6279727/screenshot - {}
RESULT: {"using":"xpath","value":"//button[@aria-label=\"Create\"]"}
COMMAND: POST /session/2f3a3ed30178fd4b3e43ef29d6279727/elements - {"using":"xpath","value":"//button[@aria-label=\"Create\"]"}
RESULT: {}
RESULT: {"using":"xpath","value":"//button[@aria-label=\"Create\"]"}
COMMAND: POST /session/2f3a3ed30178fd4b3e43ef29d6279727/elements - {"using":"xpath","value":"//button[@aria-label=\"Create\"]"}
RESULT: {"using":"xpath","value":"//button[@aria-label=\"Create\"]"}
COMMAND: POST /session/2f3a3ed30178fd4b3e43ef29d6279727/element - {"using":"xpath","value":"//button[@aria-label=\"Create\"]"}
RESULT: {"using":"xpath","value":"//button[@aria-label=\"Create\"]"}
COMMAND: POST /session/2f3a3ed30178fd4b3e43ef29d6279727/execute/sync - {"script":"<script> [8489 bytes]","args":[{"element-6066-11e4-a52e-4f735466cecf":"f.8627BF333E87AC973E299D2132D92580.d.36B7C22E6F115C583BD14019DA65AB30.e.9486","ELEMENT":"f.8627BF333E87AC973E299D2132D92580.d.36B7C22E6F115C583BD14019DA65AB30.e.9486"}]}
RESULT: {"script":"<script> [8489 bytes]","args":[{"element-6066-11e4-a52e-4f735466cecf":"f.8627BF333E87AC973E299D2132D92580.d.36B7C22E6F115C583BD14019DA65AB30.e.9486","ELEMENT":"f.8627BF333E87AC973E299D2132D92580.d.36B7C22E6F115C583BD14019DA65AB30.e.9486"}]}
COMMAND: GET /session/2f3a3ed30178fd4b3e43ef29d6279727/element/f.8627BF333E87AC973E299D2132D92580.d.36B7C22E6F115C583BD14019DA65AB30.e.9486/enabled - {}
COMMAND: GET /session/2f3a3ed30178fd4b3e43ef29d6279727/screenshot - {}
RESULT: {}
COMMAND: POST /session/2f3a3ed30178fd4b3e43ef29d6279727/execute/sync - {"script":"<script> [8489 bytes]","args":[{"element-6066-11e4-a52e-4f735466cecf":"f.8627BF333E87AC973E299D2132D92580.d.36B7C22E6F115C583BD14019DA65AB30.e.9486","ELEMENT":"f.8627BF333E87AC973E299D2132D92580.d.36B7C22E6F115C583BD14019DA65AB30.e.9486"}]}
COMMAND: GET /session/2f3a3ed30178fd4b3e43ef29d6279727/screenshot - {}
RESULT: {}
RESULT: {"script":"<script> [8489 bytes]","args":[{"element-6066-11e4-a52e-4f735466cecf":"f.8627BF333E87AC973E299D2132D92580.d.36B7C22E6F115C583BD14019DA65AB30.e.9486","ELEMENT":"f.8627BF333E87AC973E299D2132D92580.d.36B7C22E6F115C583BD14019DA65AB30.e.9486"}]}
COMMAND: POST /session/2f3a3ed30178fd4b3e43ef29d6279727/execute/sync - {"script":"<script> [5351 bytes]","args":[{"element-6066-11e4-a52e-4f735466cecf":"f.8627BF333E87AC973E299D2132D92580.d.36B7C22E6F115C583BD14019DA65AB30.e.9486","ELEMENT":"f.8627BF333E87AC973E299D2132D92580.d.36B7C22E6F115C583BD14019DA65AB30.e.9486"}]}
COMMAND: GET /session/2f3a3ed30178fd4b3e43ef29d6279727/screenshot - {}
RESULT: {}
RESULT: {"script":"<script> [5351 bytes]","args":[{"element-6066-11e4-a52e-4f735466cecf":"f.8627BF333E87AC973E299D2132D92580.d.36B7C22E6F115C583BD14019DA65AB30.e.9486","ELEMENT":"f.8627BF333E87AC973E299D2132D92580.d.36B7C22E6F115C583BD14019DA65AB30.e.9486"}]}
COMMAND: POST /session/2f3a3ed30178fd4b3e43ef29d6279727/element/f.8627BF333E87AC973E299D2132D92580.d.36B7C22E6F115C583BD14019DA65AB30.e.9486/click - {}
COMMAND: GET /session/2f3a3ed30178fd4b3e43ef29d6279727/screenshot - {}
RESULT: {}
RESULT: {}
COMMAND: GET /session/2f3a3ed30178fd4b3e43ef29d6279727/screenshot - {}
RESULT: {}
RESULT: {}
COMMAND: POST /session/2f3a3ed30178fd4b3e43ef29d6279727/actions - {"actions":[{"id":"action34","type":"key","parameters":{},"actions":[{"type":"keyDown","value":""},{"type":"pause","duration":10},{"type":"keyUp","value":""}]}]}
RESULT: {"actions":[{"id":"action34","type":"key","parameters":{},"actions":[{"type":"keyDown","value":""},{"type":"pause","duration":10},{"type":"keyUp","value":""}]}]}
COMMAND: GET /session/2f3a3ed30178fd4b3e43ef29d6279727/screenshot - {}
RESULT: undefined
COMMAND: POST /session/2f3a3ed30178fd4b3e43ef29d6279727/element - {"using":"xpath","value":"//*[@id=\"application-manageconditionprice-display-component---newCondition--condBillCond-arrow\"]"}
RESULT: {}
RESULT: {"using":"xpath","value":"//*[@id=\"application-manageconditionprice-display-component---newCondition--condBillCond-arrow\"]"}
COMMAND: POST /session/2f3a3ed30178fd4b3e43ef29d6279727/element/f.8627BF333E87AC973E299D2132D92580.d.36B7C22E6F115C583BD14019DA65AB30.e.9949/click - {}
RESULT: {}
COMMAND: GET /session/2f3a3ed30178fd4b3e43ef29d6279727/screenshot - {}
COMMAND: POST /session/2f3a3ed30178fd4b3e43ef29d6279727/element - {"using":"xpath","value":"//li[.//span[contains(text(), \"PC06 - Performance Price - fuel\")]]"}
RESULT: {}
RESULT: {"using":"xpath","value":"//li[.//span[contains(text(), \"PC06 - Performance Price - fuel\")]]"}
COMMAND: POST /session/2f3a3ed30178fd4b3e43ef29d6279727/element/f.8627BF333E87AC973E299D2132D92580.d.36B7C22E6F115C583BD14019DA65AB30.e.9952/click - {}
RESULT: {}
COMMAND: GET /session/2f3a3ed30178fd4b3e43ef29d6279727/screenshot - {}
RESULT: {}
RESULT: undefined
COMMAND: POST /session/2f3a3ed30178fd4b3e43ef29d6279727/execute/async - {"script":"<script> [776 bytes]","args":[{"enterText":"12/23/25","selector":{"id":"application-manageconditionprice-display-component---newCondition--condValidTo","interaction":{"idSuffix":"inner"}},"clearTextFirst":true,"interactionType":"ENTER_TEXT"}]}
RESULT: {"script":"<script> [776 bytes]","args":[{"enterText":"12/23/25","selector":{"id":"application-manageconditionprice-display-component---newCondition--condValidTo","interaction":{"idSuffix":"inner"}},"clearTextFirst":true,"interactionType":"ENTER_TEXT"}]}
COMMAND: POST /session/2f3a3ed30178fd4b3e43ef29d6279727/element - {"using":"xpath","value":"//input[@id=\"application-manageconditionprice-display-component---newCondition--condRU-inner\"]"}
RESULT: {"using":"xpath","value":"//input[@id=\"application-manageconditionprice-display-component---newCondition--condRU-inner\"]"}
COMMAND: POST /session/2f3a3ed30178fd4b3e43ef29d6279727/element/f.8627BF333E87AC973E299D2132D92580.d.36B7C22E6F115C583BD14019DA65AB30.e.9672/clear - {}
RESULT: {}
COMMAND: POST /session/2f3a3ed30178fd4b3e43ef29d6279727/element/f.8627BF333E87AC973E299D2132D92580.d.36B7C22E6F115C583BD14019DA65AB30.e.9672/value - {"text":"ctjpmQJ6tA"}
COMMAND: GET /session/2f3a3ed30178fd4b3e43ef29d6279727/screenshot - {}
RESULT: {"text":"ctjpmQJ6tA"}
COMMAND: GET /session/2f3a3ed30178fd4b3e43ef29d6279727/screenshot - {}
RESULT: {}
RESULT: {}
COMMAND: POST /session/2f3a3ed30178fd4b3e43ef29d6279727/actions - {"actions":[{"id":"action35","type":"key","parameters":{},"actions":[{"type":"keyDown","value":""},{"type":"pause","duration":10},{"type":"keyUp","value":""}]}]}
RESULT: {"actions":[{"id":"action35","type":"key","parameters":{},"actions":[{"type":"keyDown","value":""},{"type":"pause","duration":10},{"type":"keyUp","value":""}]}]}
RESULT: undefined
COMMAND: POST /session/2f3a3ed30178fd4b3e43ef29d6279727/execute/async - {"script":"<script> [776 bytes]","args":[{"enterText":"1","selector":{"id":"application-manageconditionprice-display-component---newCondition--condBaseQty","interaction":{"idSuffix":"inner"}},"clearTextFirst":true,"interactionType":"ENTER_TEXT"}]}
COMMAND: GET /session/2f3a3ed30178fd4b3e43ef29d6279727/screenshot - {}
RESULT: {"script":"<script> [776 bytes]","args":[{"enterText":"1","selector":{"id":"application-manageconditionprice-display-component---newCondition--condBaseQty","interaction":{"idSuffix":"inner"}},"clearTextFirst":true,"interactionType":"ENTER_TEXT"}]}
RESULT: undefined
COMMAND: POST /session/2f3a3ed30178fd4b3e43ef29d6279727/execute/async - {"script":"<script> [776 bytes]","args":[{"enterText":"10","selector":{"id":"application-manageconditionprice-display-component---newCondition--condValue","interaction":{"idSuffix":"inner"}},"clearTextFirst":true,"interactionType":"ENTER_TEXT"}]}
RESULT: {}
RESULT: {"script":"<script> [776 bytes]","args":[{"enterText":"10","selector":{"id":"application-manageconditionprice-display-component---newCondition--condValue","interaction":{"idSuffix":"inner"}},"clearTextFirst":true,"interactionType":"ENTER_TEXT"}]}
RESULT: undefined
COMMAND: POST /session/2f3a3ed30178fd4b3e43ef29d6279727/element - {"using":"xpath","value":"//*[@id=\"application-manageconditionprice-display-component---newCondition--condCurr-arrow\"]"}
RESULT: {"using":"xpath","value":"//*[@id=\"application-manageconditionprice-display-component---newCondition--condCurr-arrow\"]"}
COMMAND: POST /session/2f3a3ed30178fd4b3e43ef29d6279727/element/f.8627BF333E87AC973E299D2132D92580.d.36B7C22E6F115C583BD14019DA65AB30.e.9862/click - {}
RESULT: {}
COMMAND: POST /session/2f3a3ed30178fd4b3e43ef29d6279727/element - {"using":"xpath","value":"//span[contains(text(), \"Euro\")]"}
COMMAND: GET /session/2f3a3ed30178fd4b3e43ef29d6279727/screenshot - {}
RESULT: {"using":"xpath","value":"//span[contains(text(), \"Euro\")]"}
COMMAND: POST /session/2f3a3ed30178fd4b3e43ef29d6279727/element/f.8627BF333E87AC973E299D2132D92580.d.36B7C22E6F115C583BD14019DA65AB30.e.9985/click - {}
RESULT: {}
RESULT: {}
COMMAND: POST /session/2f3a3ed30178fd4b3e43ef29d6279727/element - {"using":"xpath","value":"//button[@data-kt=\"saveButton\"]"}
COMMAND: GET /session/2f3a3ed30178fd4b3e43ef29d6279727/screenshot - {}
RESULT: {"using":"xpath","value":"//button[@data-kt=\"saveButton\"]"}
COMMAND: POST /session/2f3a3ed30178fd4b3e43ef29d6279727/element/f.8627BF333E87AC973E299D2132D92580.d.36B7C22E6F115C583BD14019DA65AB30.e.9863/click - {}
RESULT: {}
RESULT: {}
COMMAND: GET /session/2f3a3ed30178fd4b3e43ef29d6279727/screenshot - {}
RESULT: {}
RESULT: undefined
COMMAND: POST /session/2f3a3ed30178fd4b3e43ef29d6279727/execute/async - {"script":"<script> [776 bytes]","args":[{"enterText":"ctjpmQJ6tA","selector":{"id":"application-manageconditionprice-display-component---conditions--smartFilterBar-btnBasicSearch","interaction":{"idSuffix":"I"}},"clearTextFirst":true,"interactionType":"ENTER_TEXT"}]}
RESULT: {"script":"<script> [776 bytes]","args":[{"enterText":"ctjpmQJ6tA","selector":{"id":"application-manageconditionprice-display-component---conditions--smartFilterBar-btnBasicSearch","interaction":{"idSuffix":"I"}},"clearTextFirst":true,"interactionType":"ENTER_TEXT"}]}
COMMAND: POST /session/2f3a3ed30178fd4b3e43ef29d6279727/actions - {"actions":[{"id":"action36","type":"key","parameters":{},"actions":[{"type":"keyDown","value":""},{"type":"pause","duration":10},{"type":"keyUp","value":""}]}]}
RESULT: {"actions":[{"id":"action36","type":"key","parameters":{},"actions":[{"type":"keyDown","value":""},{"type":"pause","duration":10},{"type":"keyUp","value":""}]}]}
COMMAND: GET /session/2f3a3ed30178fd4b3e43ef29d6279727/screenshot - {}
RESULT: {}
RESULT: undefined
COMMAND: POST /session/2f3a3ed30178fd4b3e43ef29d6279727/element - {"using":"xpath","value":"//*[@id=\"application-manageconditionprice-display-component---conditions--smartFilterBar-filterItemControl_BASIC-BILL_TYPES-vhi\"]"}
RESULT: {"using":"xpath","value":"//*[@id=\"application-manageconditionprice-display-component---conditions--smartFilterBar-filterItemControl_BASIC-BILL_TYPES-vhi\"]"}
COMMAND: POST /session/2f3a3ed30178fd4b3e43ef29d6279727/element/f.8627BF333E87AC973E299D2132D92580.d.36B7C22E6F115C583BD14019DA65AB30.e.10024/click - {}
RESULT: {}
RESULT: undefined
COMMAND: POST /session/2f3a3ed30178fd4b3e43ef29d6279727/execute/async - {"script":"<script> [776 bytes]","args":[{"enterText":"PB","selector":{"id":"application-manageconditionprice-display-component---conditions--smartFilterBar-filterItemControl_BASIC-BILL_TYPES-valueHelpDialog-smartFilterBar-btnBasicSearch","searchOpenDialogs":true,"interaction":{"idSuffix":"I"}},"clearTextFirst":true,"interactionType":"ENTER_TEXT"}]}
COMMAND: GET /session/2f3a3ed30178fd4b3e43ef29d6279727/screenshot - {}
RESULT: {"script":"<script> [776 bytes]","args":[{"enterText":"PB","selector":{"id":"application-manageconditionprice-display-component---conditions--smartFilterBar-filterItemControl_BASIC-BILL_TYPES-valueHelpDialog-smartFilterBar-btnBasicSearch","searchOpenDialogs":true,"interaction":{"idSuffix":"I"}},"clearTextFirst":true,"interactionType":"ENTER_TEXT"}]}
COMMAND: POST /session/2f3a3ed30178fd4b3e43ef29d6279727/actions - {"actions":[{"id":"action37","type":"key","parameters":{},"actions":[{"type":"keyDown","value":""},{"type":"pause","duration":10},{"type":"keyUp","value":""}]}]}
RESULT: {}
RESULT: {"actions":[{"id":"action37","type":"key","parameters":{},"actions":[{"type":"keyDown","value":""},{"type":"pause","duration":10},{"type":"keyUp","value":""}]}]}
COMMAND: GET /session/2f3a3ed30178fd4b3e43ef29d6279727/screenshot - {}
RESULT: {}
COMMAND: POST /session/2f3a3ed30178fd4b3e43ef29d6279727/element - {"using":"xpath","value":"//div[contains(@id, 'application-manageconditionprice-display-component---conditions--smartFilterBar-filterItemControl_BASIC-BILL_TYPES-valueHelpDialog-table-rowsel0')]"}
RESULT: {"using":"xpath","value":"//div[contains(@id, 'application-manageconditionprice-display-component---conditions--smartFilterBar-filterItemControl_BASIC-BILL_TYPES-valueHelpDialog-table-rowsel0')]"}
COMMAND: POST /session/2f3a3ed30178fd4b3e43ef29d6279727/element/f.8627BF333E87AC973E299D2132D92580.d.36B7C22E6F115C583BD14019DA65AB30.e.10032/click - {}
RESULT: {}
COMMAND: GET /session/2f3a3ed30178fd4b3e43ef29d6279727/screenshot - {}
RESULT: {}
COMMAND: POST /session/2f3a3ed30178fd4b3e43ef29d6279727/element - {"using":"xpath","value":"//bdi[contains(text(), \"OK\")]"}
RESULT: {"using":"xpath","value":"//bdi[contains(text(), \"OK\")]"}
COMMAND: POST /session/2f3a3ed30178fd4b3e43ef29d6279727/element/f.8627BF333E87AC973E299D2132D92580.d.36B7C22E6F115C583BD14019DA65AB30.e.10034/click - {}
RESULT: {}
COMMAND: GET /session/2f3a3ed30178fd4b3e43ef29d6279727/screenshot - {}
RESULT: {}
COMMAND: POST /session/2f3a3ed30178fd4b3e43ef29d6279727/element - {"using":"xpath","value":"//span[@id=\"application-manageconditionprice-display-component---conditions--smartTable-header-inner\"]"}
RESULT: {"using":"xpath","value":"//span[@id=\"application-manageconditionprice-display-component---conditions--smartTable-header-inner\"]"}
COMMAND: POST /session/2f3a3ed30178fd4b3e43ef29d6279727/elements - {"using":"xpath","value":"//span[@id=\"application-manageconditionprice-display-component---conditions--smartTable-header-inner\"]"}
RESULT: {"using":"xpath","value":"//span[@id=\"application-manageconditionprice-display-component---conditions--smartTable-header-inner\"]"}
COMMAND: POST /session/2f3a3ed30178fd4b3e43ef29d6279727/execute/sync - {"script":"<script> [56 bytes]","args":[{"element-6066-11e4-a52e-4f735466cecf":"f.8627BF333E87AC973E299D2132D92580.d.36B7C22E6F115C583BD14019DA65AB30.e.10038","ELEMENT":"f.8627BF333E87AC973E299D2132D92580.d.36B7C22E6F115C583BD14019DA65AB30.e.10038"}]}
RESULT: {"script":"<script> [56 bytes]","args":[{"element-6066-11e4-a52e-4f735466cecf":"f.8627BF333E87AC973E299D2132D92580.d.36B7C22E6F115C583BD14019DA65AB30.e.10038","ELEMENT":"f.8627BF333E87AC973E299D2132D92580.d.36B7C22E6F115C583BD14019DA65AB30.e.10038"}]}
COMMAND: POST /session/2f3a3ed30178fd4b3e43ef29d6279727/element - {"using":"css selector","value":"#shell-header-logo"}
COMMAND: GET /session/2f3a3ed30178fd4b3e43ef29d6279727/screenshot - {}
RESULT: {"using":"css selector","value":"#shell-header-logo"}
COMMAND: POST /session/2f3a3ed30178fd4b3e43ef29d6279727/element/f.8627BF333E87AC973E299D2132D92580.d.36B7C22E6F115C583BD14019DA65AB30.e.9437/click - {}
RESULT: {}
RESULT: {}
COMMAND: GET /session/2f3a3ed30178fd4b3e43ef29d6279727/screenshot - {}
RESULT: {}
]]></system-out>
    </testcase>
    <testcase classname="chrome.135_0_7049_42.windows.Create_master_data_for_mixed_billing_&amp;_do_billing_calculation_US151661" name="Should add time based condition" time="58.203">
      <system-out><![CDATA[
RESULT: undefined
COMMAND: POST /session/2f3a3ed30178fd4b3e43ef29d6279727/element - {"using":"xpath","value":"//*[@id=\"__tile53-title\"]"}
RESULT: {"using":"xpath","value":"//*[@id=\"__tile53-title\"]"}
COMMAND: POST /session/2f3a3ed30178fd4b3e43ef29d6279727/element/f.8627BF333E87AC973E299D2132D92580.d.36B7C22E6F115C583BD14019DA65AB30.e.9147/click - {}
RESULT: {}
COMMAND: POST /session/2f3a3ed30178fd4b3e43ef29d6279727/element - {"using":"xpath","value":"//button[@aria-label=\"Create\"]"}
COMMAND: GET /session/2f3a3ed30178fd4b3e43ef29d6279727/screenshot - {}
RESULT: {"using":"xpath","value":"//button[@aria-label=\"Create\"]"}
COMMAND: POST /session/2f3a3ed30178fd4b3e43ef29d6279727/elements - {"using":"xpath","value":"//button[@aria-label=\"Create\"]"}
RESULT: {}
RESULT: {"using":"xpath","value":"//button[@aria-label=\"Create\"]"}
COMMAND: POST /session/2f3a3ed30178fd4b3e43ef29d6279727/element - {"using":"xpath","value":"//button[@aria-label=\"Create\"]"}
RESULT: {"using":"xpath","value":"//button[@aria-label=\"Create\"]"}
COMMAND: POST /session/2f3a3ed30178fd4b3e43ef29d6279727/execute/sync - {"script":"<script> [8489 bytes]","args":[{"element-6066-11e4-a52e-4f735466cecf":"f.8627BF333E87AC973E299D2132D92580.d.36B7C22E6F115C583BD14019DA65AB30.e.10100","ELEMENT":"f.8627BF333E87AC973E299D2132D92580.d.36B7C22E6F115C583BD14019DA65AB30.e.10100"}]}
RESULT: {"script":"<script> [8489 bytes]","args":[{"element-6066-11e4-a52e-4f735466cecf":"f.8627BF333E87AC973E299D2132D92580.d.36B7C22E6F115C583BD14019DA65AB30.e.10100","ELEMENT":"f.8627BF333E87AC973E299D2132D92580.d.36B7C22E6F115C583BD14019DA65AB30.e.10100"}]}
COMMAND: GET /session/2f3a3ed30178fd4b3e43ef29d6279727/element/f.8627BF333E87AC973E299D2132D92580.d.36B7C22E6F115C583BD14019DA65AB30.e.10100/enabled - {}
COMMAND: GET /session/2f3a3ed30178fd4b3e43ef29d6279727/screenshot - {}
RESULT: {}
COMMAND: POST /session/2f3a3ed30178fd4b3e43ef29d6279727/execute/sync - {"script":"<script> [8489 bytes]","args":[{"element-6066-11e4-a52e-4f735466cecf":"f.8627BF333E87AC973E299D2132D92580.d.36B7C22E6F115C583BD14019DA65AB30.e.10100","ELEMENT":"f.8627BF333E87AC973E299D2132D92580.d.36B7C22E6F115C583BD14019DA65AB30.e.10100"}]}
COMMAND: GET /session/2f3a3ed30178fd4b3e43ef29d6279727/screenshot - {}
RESULT: {}
RESULT: {"script":"<script> [8489 bytes]","args":[{"element-6066-11e4-a52e-4f735466cecf":"f.8627BF333E87AC973E299D2132D92580.d.36B7C22E6F115C583BD14019DA65AB30.e.10100","ELEMENT":"f.8627BF333E87AC973E299D2132D92580.d.36B7C22E6F115C583BD14019DA65AB30.e.10100"}]}
COMMAND: POST /session/2f3a3ed30178fd4b3e43ef29d6279727/execute/sync - {"script":"<script> [5351 bytes]","args":[{"element-6066-11e4-a52e-4f735466cecf":"f.8627BF333E87AC973E299D2132D92580.d.36B7C22E6F115C583BD14019DA65AB30.e.10100","ELEMENT":"f.8627BF333E87AC973E299D2132D92580.d.36B7C22E6F115C583BD14019DA65AB30.e.10100"}]}
COMMAND: GET /session/2f3a3ed30178fd4b3e43ef29d6279727/screenshot - {}
RESULT: {}
RESULT: {"script":"<script> [5351 bytes]","args":[{"element-6066-11e4-a52e-4f735466cecf":"f.8627BF333E87AC973E299D2132D92580.d.36B7C22E6F115C583BD14019DA65AB30.e.10100","ELEMENT":"f.8627BF333E87AC973E299D2132D92580.d.36B7C22E6F115C583BD14019DA65AB30.e.10100"}]}
COMMAND: POST /session/2f3a3ed30178fd4b3e43ef29d6279727/element/f.8627BF333E87AC973E299D2132D92580.d.36B7C22E6F115C583BD14019DA65AB30.e.10100/click - {}
COMMAND: GET /session/2f3a3ed30178fd4b3e43ef29d6279727/screenshot - {}
RESULT: {}
RESULT: {}
COMMAND: GET /session/2f3a3ed30178fd4b3e43ef29d6279727/screenshot - {}
RESULT: {}
RESULT: {}
COMMAND: POST /session/2f3a3ed30178fd4b3e43ef29d6279727/actions - {"actions":[{"id":"action38","type":"key","parameters":{},"actions":[{"type":"keyDown","value":""},{"type":"pause","duration":10},{"type":"keyUp","value":""}]}]}
RESULT: {"actions":[{"id":"action38","type":"key","parameters":{},"actions":[{"type":"keyDown","value":""},{"type":"pause","duration":10},{"type":"keyUp","value":""}]}]}
COMMAND: GET /session/2f3a3ed30178fd4b3e43ef29d6279727/screenshot - {}
RESULT: undefined
COMMAND: POST /session/2f3a3ed30178fd4b3e43ef29d6279727/element - {"using":"xpath","value":"//*[@id=\"application-manageconditionprice-display-component---newCondition--condBillCond-arrow\"]"}
RESULT: {}
RESULT: {"using":"xpath","value":"//*[@id=\"application-manageconditionprice-display-component---newCondition--condBillCond-arrow\"]"}
COMMAND: POST /session/2f3a3ed30178fd4b3e43ef29d6279727/element/f.8627BF333E87AC973E299D2132D92580.d.36B7C22E6F115C583BD14019DA65AB30.e.10904/click - {}
RESULT: {}
COMMAND: GET /session/2f3a3ed30178fd4b3e43ef29d6279727/screenshot - {}
RESULT: {}
COMMAND: POST /session/2f3a3ed30178fd4b3e43ef29d6279727/element - {"using":"xpath","value":"//li[.//span[contains(text(), \"DISP - D&I special price\")]]"}
RESULT: {"using":"xpath","value":"//li[.//span[contains(text(), \"DISP - D&I special price\")]]"}
COMMAND: POST /session/2f3a3ed30178fd4b3e43ef29d6279727/element/f.8627BF333E87AC973E299D2132D92580.d.36B7C22E6F115C583BD14019DA65AB30.e.10907/click - {}
RESULT: {}
COMMAND: GET /session/2f3a3ed30178fd4b3e43ef29d6279727/screenshot - {}
RESULT: {}
RESULT: undefined
COMMAND: POST /session/2f3a3ed30178fd4b3e43ef29d6279727/execute/async - {"script":"<script> [776 bytes]","args":[{"enterText":"12/23/25","selector":{"id":"application-manageconditionprice-display-component---newCondition--condValidTo","interaction":{"idSuffix":"inner"}},"clearTextFirst":true,"interactionType":"ENTER_TEXT"}]}
RESULT: {"script":"<script> [776 bytes]","args":[{"enterText":"12/23/25","selector":{"id":"application-manageconditionprice-display-component---newCondition--condValidTo","interaction":{"idSuffix":"inner"}},"clearTextFirst":true,"interactionType":"ENTER_TEXT"}]}
COMMAND: POST /session/2f3a3ed30178fd4b3e43ef29d6279727/element - {"using":"xpath","value":"//input[@id=\"application-manageconditionprice-display-component---newCondition--condRU-inner\"]"}
RESULT: {"using":"xpath","value":"//input[@id=\"application-manageconditionprice-display-component---newCondition--condRU-inner\"]"}
COMMAND: POST /session/2f3a3ed30178fd4b3e43ef29d6279727/element/f.8627BF333E87AC973E299D2132D92580.d.36B7C22E6F115C583BD14019DA65AB30.e.10624/clear - {}
RESULT: {}
COMMAND: POST /session/2f3a3ed30178fd4b3e43ef29d6279727/element/f.8627BF333E87AC973E299D2132D92580.d.36B7C22E6F115C583BD14019DA65AB30.e.10624/value - {"text":"ctjpmQJ6tA"}
COMMAND: GET /session/2f3a3ed30178fd4b3e43ef29d6279727/screenshot - {}
RESULT: {"text":"ctjpmQJ6tA"}
COMMAND: GET /session/2f3a3ed30178fd4b3e43ef29d6279727/screenshot - {}
RESULT: {}
RESULT: {}
COMMAND: POST /session/2f3a3ed30178fd4b3e43ef29d6279727/actions - {"actions":[{"id":"action39","type":"key","parameters":{},"actions":[{"type":"keyDown","value":""},{"type":"pause","duration":10},{"type":"keyUp","value":""}]}]}
RESULT: {"actions":[{"id":"action39","type":"key","parameters":{},"actions":[{"type":"keyDown","value":""},{"type":"pause","duration":10},{"type":"keyUp","value":""}]}]}
RESULT: undefined
COMMAND: POST /session/2f3a3ed30178fd4b3e43ef29d6279727/execute/async - {"script":"<script> [776 bytes]","args":[{"enterText":"1","selector":{"id":"application-manageconditionprice-display-component---newCondition--condBaseQty","interaction":{"idSuffix":"inner"}},"clearTextFirst":true,"interactionType":"ENTER_TEXT"}]}
COMMAND: GET /session/2f3a3ed30178fd4b3e43ef29d6279727/screenshot - {}
RESULT: {"script":"<script> [776 bytes]","args":[{"enterText":"1","selector":{"id":"application-manageconditionprice-display-component---newCondition--condBaseQty","interaction":{"idSuffix":"inner"}},"clearTextFirst":true,"interactionType":"ENTER_TEXT"}]}
RESULT: undefined
COMMAND: POST /session/2f3a3ed30178fd4b3e43ef29d6279727/execute/async - {"script":"<script> [776 bytes]","args":[{"enterText":"100","selector":{"id":"application-manageconditionprice-display-component---newCondition--condValue","interaction":{"idSuffix":"inner"}},"clearTextFirst":true,"interactionType":"ENTER_TEXT"}]}
RESULT: {}
RESULT: {"script":"<script> [776 bytes]","args":[{"enterText":"100","selector":{"id":"application-manageconditionprice-display-component---newCondition--condValue","interaction":{"idSuffix":"inner"}},"clearTextFirst":true,"interactionType":"ENTER_TEXT"}]}
RESULT: undefined
COMMAND: POST /session/2f3a3ed30178fd4b3e43ef29d6279727/element - {"using":"xpath","value":"//*[@id=\"application-manageconditionprice-display-component---newCondition--condCurr-arrow\"]"}
RESULT: {"using":"xpath","value":"//*[@id=\"application-manageconditionprice-display-component---newCondition--condCurr-arrow\"]"}
COMMAND: POST /session/2f3a3ed30178fd4b3e43ef29d6279727/element/f.8627BF333E87AC973E299D2132D92580.d.36B7C22E6F115C583BD14019DA65AB30.e.10847/click - {}
RESULT: {}
COMMAND: POST /session/2f3a3ed30178fd4b3e43ef29d6279727/element - {"using":"xpath","value":"//span[contains(text(), \"Euro\")]"}
COMMAND: GET /session/2f3a3ed30178fd4b3e43ef29d6279727/screenshot - {}
RESULT: {"using":"xpath","value":"//span[contains(text(), \"Euro\")]"}
COMMAND: POST /session/2f3a3ed30178fd4b3e43ef29d6279727/element/f.8627BF333E87AC973E299D2132D92580.d.36B7C22E6F115C583BD14019DA65AB30.e.10942/click - {}
RESULT: {}
RESULT: {}
COMMAND: POST /session/2f3a3ed30178fd4b3e43ef29d6279727/element - {"using":"xpath","value":"//button[@data-kt=\"saveButton\"]"}
COMMAND: GET /session/2f3a3ed30178fd4b3e43ef29d6279727/screenshot - {}
RESULT: {"using":"xpath","value":"//button[@data-kt=\"saveButton\"]"}
COMMAND: POST /session/2f3a3ed30178fd4b3e43ef29d6279727/element/f.8627BF333E87AC973E299D2132D92580.d.36B7C22E6F115C583BD14019DA65AB30.e.10848/click - {}
RESULT: {}
RESULT: {}
COMMAND: GET /session/2f3a3ed30178fd4b3e43ef29d6279727/screenshot - {}
RESULT: {}
RESULT: undefined
COMMAND: POST /session/2f3a3ed30178fd4b3e43ef29d6279727/execute/async - {"script":"<script> [776 bytes]","args":[{"enterText":"ctjpmQJ6tA","selector":{"id":"application-manageconditionprice-display-component---conditions--smartFilterBar-btnBasicSearch","interaction":{"idSuffix":"I"}},"clearTextFirst":true,"interactionType":"ENTER_TEXT"}]}
RESULT: {"script":"<script> [776 bytes]","args":[{"enterText":"ctjpmQJ6tA","selector":{"id":"application-manageconditionprice-display-component---conditions--smartFilterBar-btnBasicSearch","interaction":{"idSuffix":"I"}},"clearTextFirst":true,"interactionType":"ENTER_TEXT"}]}
COMMAND: POST /session/2f3a3ed30178fd4b3e43ef29d6279727/actions - {"actions":[{"id":"action40","type":"key","parameters":{},"actions":[{"type":"keyDown","value":""},{"type":"pause","duration":10},{"type":"keyUp","value":""}]}]}
RESULT: {"actions":[{"id":"action40","type":"key","parameters":{},"actions":[{"type":"keyDown","value":""},{"type":"pause","duration":10},{"type":"keyUp","value":""}]}]}
COMMAND: GET /session/2f3a3ed30178fd4b3e43ef29d6279727/screenshot - {}
RESULT: {}
RESULT: undefined
COMMAND: POST /session/2f3a3ed30178fd4b3e43ef29d6279727/element - {"using":"xpath","value":"//*[@id=\"application-manageconditionprice-display-component---conditions--smartFilterBar-filterItemControl_BASIC-BILL_TYPES-vhi\"]"}
RESULT: {"using":"xpath","value":"//*[@id=\"application-manageconditionprice-display-component---conditions--smartFilterBar-filterItemControl_BASIC-BILL_TYPES-vhi\"]"}
COMMAND: POST /session/2f3a3ed30178fd4b3e43ef29d6279727/element/f.8627BF333E87AC973E299D2132D92580.d.36B7C22E6F115C583BD14019DA65AB30.e.10973/click - {}
RESULT: {}
RESULT: undefined
COMMAND: POST /session/2f3a3ed30178fd4b3e43ef29d6279727/execute/async - {"script":"<script> [776 bytes]","args":[{"enterText":"TB","selector":{"id":"application-manageconditionprice-display-component---conditions--smartFilterBar-filterItemControl_BASIC-BILL_TYPES-valueHelpDialog-smartFilterBar-btnBasicSearch","searchOpenDialogs":true,"interaction":{"idSuffix":"I"}},"clearTextFirst":true,"interactionType":"ENTER_TEXT"}]}
COMMAND: GET /session/2f3a3ed30178fd4b3e43ef29d6279727/screenshot - {}
RESULT: {"script":"<script> [776 bytes]","args":[{"enterText":"TB","selector":{"id":"application-manageconditionprice-display-component---conditions--smartFilterBar-filterItemControl_BASIC-BILL_TYPES-valueHelpDialog-smartFilterBar-btnBasicSearch","searchOpenDialogs":true,"interaction":{"idSuffix":"I"}},"clearTextFirst":true,"interactionType":"ENTER_TEXT"}]}
COMMAND: POST /session/2f3a3ed30178fd4b3e43ef29d6279727/actions - {"actions":[{"id":"action41","type":"key","parameters":{},"actions":[{"type":"keyDown","value":""},{"type":"pause","duration":10},{"type":"keyUp","value":""}]}]}
RESULT: {}
RESULT: {"actions":[{"id":"action41","type":"key","parameters":{},"actions":[{"type":"keyDown","value":""},{"type":"pause","duration":10},{"type":"keyUp","value":""}]}]}
COMMAND: GET /session/2f3a3ed30178fd4b3e43ef29d6279727/screenshot - {}
RESULT: {}
COMMAND: POST /session/2f3a3ed30178fd4b3e43ef29d6279727/element - {"using":"xpath","value":"//div[contains(@id, 'application-manageconditionprice-display-component---conditions--smartFilterBar-filterItemControl_BASIC-BILL_TYPES-valueHelpDialog-table-rowsel0')]"}
RESULT: {"using":"xpath","value":"//div[contains(@id, 'application-manageconditionprice-display-component---conditions--smartFilterBar-filterItemControl_BASIC-BILL_TYPES-valueHelpDialog-table-rowsel0')]"}
COMMAND: POST /session/2f3a3ed30178fd4b3e43ef29d6279727/element/f.8627BF333E87AC973E299D2132D92580.d.36B7C22E6F115C583BD14019DA65AB30.e.10981/click - {}
RESULT: {}
COMMAND: GET /session/2f3a3ed30178fd4b3e43ef29d6279727/screenshot - {}
RESULT: {}
COMMAND: POST /session/2f3a3ed30178fd4b3e43ef29d6279727/element - {"using":"xpath","value":"//bdi[contains(text(), \"OK\")]"}
RESULT: {"using":"xpath","value":"//bdi[contains(text(), \"OK\")]"}
COMMAND: POST /session/2f3a3ed30178fd4b3e43ef29d6279727/element/f.8627BF333E87AC973E299D2132D92580.d.36B7C22E6F115C583BD14019DA65AB30.e.10983/click - {}
RESULT: {}
COMMAND: GET /session/2f3a3ed30178fd4b3e43ef29d6279727/screenshot - {}
RESULT: {}
COMMAND: POST /session/2f3a3ed30178fd4b3e43ef29d6279727/element - {"using":"xpath","value":"//span[@id=\"application-manageconditionprice-display-component---conditions--smartTable-header-inner\"]"}
RESULT: {"using":"xpath","value":"//span[@id=\"application-manageconditionprice-display-component---conditions--smartTable-header-inner\"]"}
COMMAND: POST /session/2f3a3ed30178fd4b3e43ef29d6279727/elements - {"using":"xpath","value":"//span[@id=\"application-manageconditionprice-display-component---conditions--smartTable-header-inner\"]"}
RESULT: {"using":"xpath","value":"//span[@id=\"application-manageconditionprice-display-component---conditions--smartTable-header-inner\"]"}
COMMAND: POST /session/2f3a3ed30178fd4b3e43ef29d6279727/execute/sync - {"script":"<script> [56 bytes]","args":[{"element-6066-11e4-a52e-4f735466cecf":"f.8627BF333E87AC973E299D2132D92580.d.36B7C22E6F115C583BD14019DA65AB30.e.10991","ELEMENT":"f.8627BF333E87AC973E299D2132D92580.d.36B7C22E6F115C583BD14019DA65AB30.e.10991"}]}
RESULT: {"script":"<script> [56 bytes]","args":[{"element-6066-11e4-a52e-4f735466cecf":"f.8627BF333E87AC973E299D2132D92580.d.36B7C22E6F115C583BD14019DA65AB30.e.10991","ELEMENT":"f.8627BF333E87AC973E299D2132D92580.d.36B7C22E6F115C583BD14019DA65AB30.e.10991"}]}
COMMAND: POST /session/2f3a3ed30178fd4b3e43ef29d6279727/element - {"using":"css selector","value":"#shell-header-logo"}
COMMAND: GET /session/2f3a3ed30178fd4b3e43ef29d6279727/screenshot - {}
RESULT: {"using":"css selector","value":"#shell-header-logo"}
COMMAND: POST /session/2f3a3ed30178fd4b3e43ef29d6279727/element/f.8627BF333E87AC973E299D2132D92580.d.36B7C22E6F115C583BD14019DA65AB30.e.10043/click - {}
RESULT: {}
RESULT: {}
COMMAND: GET /session/2f3a3ed30178fd4b3e43ef29d6279727/screenshot - {}
RESULT: {}
]]></system-out>
    </testcase>
    <testcase classname="chrome.135_0_7049_42.windows.Create_master_data_for_mixed_billing_&amp;_do_billing_calculation_US151661" name="Should do a stock increase handover" time="83.431">
      <system-out><![CDATA[
COMMAND: POST /session/2f3a3ed30178fd4b3e43ef29d6279727/execute/async - {"script":"<script> [1562 bytes]","args":[{"selector":{"controlType":"sap.m.Text","viewName":"etm.portal.ui.managehandoverstile.view.Master","properties":{"text":"Manage Handovers"},"interaction":{"idSuffix":"inner"}},"wdio_ui5_key":"etmportal.ui.managehandoverstile.view.Mastersap.m.Text{\"text\":\"Manage Handovers\"}"}]}
RESULT: {"script":"<script> [1562 bytes]","args":[{"selector":{"controlType":"sap.m.Text","viewName":"etm.portal.ui.managehandoverstile.view.Master","properties":{"text":"Manage Handovers"},"interaction":{"idSuffix":"inner"}},"wdio_ui5_key":"etmportal.ui.managehandoverstile.view.Mastersap.m.Text{\"text\":\"Manage Handovers\"}"}]}
RESULT: undefined
COMMAND: POST /session/2f3a3ed30178fd4b3e43ef29d6279727/element - {"using":"xpath","value":"//*[@id=\"__tile131-title\"]"}
RESULT: {"using":"xpath","value":"//*[@id=\"__tile131-title\"]"}
COMMAND: POST /session/2f3a3ed30178fd4b3e43ef29d6279727/element/f.8627BF333E87AC973E299D2132D92580.d.36B7C22E6F115C583BD14019DA65AB30.e.10994/click - {}
RESULT: {}
COMMAND: POST /session/2f3a3ed30178fd4b3e43ef29d6279727/element - {"using":"xpath","value":"//button[@data-kt=\"masterHOAddButton\"]"}
COMMAND: GET /session/2f3a3ed30178fd4b3e43ef29d6279727/screenshot - {}
RESULT: {"using":"xpath","value":"//button[@data-kt=\"masterHOAddButton\"]"}
COMMAND: POST /session/2f3a3ed30178fd4b3e43ef29d6279727/elements - {"using":"xpath","value":"//button[@data-kt=\"masterHOAddButton\"]"}
RESULT: {}
RESULT: {"using":"xpath","value":"//button[@data-kt=\"masterHOAddButton\"]"}
COMMAND: POST /session/2f3a3ed30178fd4b3e43ef29d6279727/elements - {"using":"xpath","value":"//button[@data-kt=\"masterHOAddButton\"]"}
RESULT: {"using":"xpath","value":"//button[@data-kt=\"masterHOAddButton\"]"}
COMMAND: POST /session/2f3a3ed30178fd4b3e43ef29d6279727/elements - {"using":"xpath","value":"//button[@data-kt=\"masterHOAddButton\"]"}
RESULT: {"using":"xpath","value":"//button[@data-kt=\"masterHOAddButton\"]"}
COMMAND: POST /session/2f3a3ed30178fd4b3e43ef29d6279727/elements - {"using":"xpath","value":"//button[@data-kt=\"masterHOAddButton\"]"}
RESULT: {"using":"xpath","value":"//button[@data-kt=\"masterHOAddButton\"]"}
COMMAND: POST /session/2f3a3ed30178fd4b3e43ef29d6279727/elements - {"using":"xpath","value":"//button[@data-kt=\"masterHOAddButton\"]"}
RESULT: {"using":"xpath","value":"//button[@data-kt=\"masterHOAddButton\"]"}
COMMAND: POST /session/2f3a3ed30178fd4b3e43ef29d6279727/elements - {"using":"xpath","value":"//button[@data-kt=\"masterHOAddButton\"]"}
RESULT: {"using":"xpath","value":"//button[@data-kt=\"masterHOAddButton\"]"}
COMMAND: POST /session/2f3a3ed30178fd4b3e43ef29d6279727/elements - {"using":"xpath","value":"//button[@data-kt=\"masterHOAddButton\"]"}
RESULT: {"using":"xpath","value":"//button[@data-kt=\"masterHOAddButton\"]"}
COMMAND: POST /session/2f3a3ed30178fd4b3e43ef29d6279727/elements - {"using":"xpath","value":"//button[@data-kt=\"masterHOAddButton\"]"}
RESULT: {"using":"xpath","value":"//button[@data-kt=\"masterHOAddButton\"]"}
COMMAND: POST /session/2f3a3ed30178fd4b3e43ef29d6279727/elements - {"using":"xpath","value":"//button[@data-kt=\"masterHOAddButton\"]"}
RESULT: {"using":"xpath","value":"//button[@data-kt=\"masterHOAddButton\"]"}
COMMAND: POST /session/2f3a3ed30178fd4b3e43ef29d6279727/elements - {"using":"xpath","value":"//button[@data-kt=\"masterHOAddButton\"]"}
RESULT: {"using":"xpath","value":"//button[@data-kt=\"masterHOAddButton\"]"}
COMMAND: POST /session/2f3a3ed30178fd4b3e43ef29d6279727/elements - {"using":"xpath","value":"//button[@data-kt=\"masterHOAddButton\"]"}
RESULT: {"using":"xpath","value":"//button[@data-kt=\"masterHOAddButton\"]"}
COMMAND: POST /session/2f3a3ed30178fd4b3e43ef29d6279727/elements - {"using":"xpath","value":"//button[@data-kt=\"masterHOAddButton\"]"}
RESULT: {"using":"xpath","value":"//button[@data-kt=\"masterHOAddButton\"]"}
COMMAND: POST /session/2f3a3ed30178fd4b3e43ef29d6279727/elements - {"using":"xpath","value":"//button[@data-kt=\"masterHOAddButton\"]"}
RESULT: {"using":"xpath","value":"//button[@data-kt=\"masterHOAddButton\"]"}
COMMAND: POST /session/2f3a3ed30178fd4b3e43ef29d6279727/elements - {"using":"xpath","value":"//button[@data-kt=\"masterHOAddButton\"]"}
RESULT: {"using":"xpath","value":"//button[@data-kt=\"masterHOAddButton\"]"}
COMMAND: POST /session/2f3a3ed30178fd4b3e43ef29d6279727/elements - {"using":"xpath","value":"//button[@data-kt=\"masterHOAddButton\"]"}
RESULT: {"using":"xpath","value":"//button[@data-kt=\"masterHOAddButton\"]"}
COMMAND: POST /session/2f3a3ed30178fd4b3e43ef29d6279727/elements - {"using":"xpath","value":"//button[@data-kt=\"masterHOAddButton\"]"}
RESULT: {"using":"xpath","value":"//button[@data-kt=\"masterHOAddButton\"]"}
COMMAND: POST /session/2f3a3ed30178fd4b3e43ef29d6279727/elements - {"using":"xpath","value":"//button[@data-kt=\"masterHOAddButton\"]"}
RESULT: {"using":"xpath","value":"//button[@data-kt=\"masterHOAddButton\"]"}
COMMAND: POST /session/2f3a3ed30178fd4b3e43ef29d6279727/elements - {"using":"xpath","value":"//button[@data-kt=\"masterHOAddButton\"]"}
RESULT: {"using":"xpath","value":"//button[@data-kt=\"masterHOAddButton\"]"}
COMMAND: POST /session/2f3a3ed30178fd4b3e43ef29d6279727/element - {"using":"xpath","value":"//button[@data-kt=\"masterHOAddButton\"]"}
RESULT: {"using":"xpath","value":"//button[@data-kt=\"masterHOAddButton\"]"}
COMMAND: POST /session/2f3a3ed30178fd4b3e43ef29d6279727/execute/sync - {"script":"<script> [8489 bytes]","args":[{"element-6066-11e4-a52e-4f735466cecf":"f.8627BF333E87AC973E299D2132D92580.d.36B7C22E6F115C583BD14019DA65AB30.e.11024","ELEMENT":"f.8627BF333E87AC973E299D2132D92580.d.36B7C22E6F115C583BD14019DA65AB30.e.11024"}]}
RESULT: {"script":"<script> [8489 bytes]","args":[{"element-6066-11e4-a52e-4f735466cecf":"f.8627BF333E87AC973E299D2132D92580.d.36B7C22E6F115C583BD14019DA65AB30.e.11024","ELEMENT":"f.8627BF333E87AC973E299D2132D92580.d.36B7C22E6F115C583BD14019DA65AB30.e.11024"}]}
COMMAND: GET /session/2f3a3ed30178fd4b3e43ef29d6279727/element/f.8627BF333E87AC973E299D2132D92580.d.36B7C22E6F115C583BD14019DA65AB30.e.11024/enabled - {}
COMMAND: GET /session/2f3a3ed30178fd4b3e43ef29d6279727/screenshot - {}
RESULT: {}
COMMAND: POST /session/2f3a3ed30178fd4b3e43ef29d6279727/execute/sync - {"script":"<script> [8489 bytes]","args":[{"element-6066-11e4-a52e-4f735466cecf":"f.8627BF333E87AC973E299D2132D92580.d.36B7C22E6F115C583BD14019DA65AB30.e.11024","ELEMENT":"f.8627BF333E87AC973E299D2132D92580.d.36B7C22E6F115C583BD14019DA65AB30.e.11024"}]}
COMMAND: GET /session/2f3a3ed30178fd4b3e43ef29d6279727/screenshot - {}
RESULT: {}
RESULT: {"script":"<script> [8489 bytes]","args":[{"element-6066-11e4-a52e-4f735466cecf":"f.8627BF333E87AC973E299D2132D92580.d.36B7C22E6F115C583BD14019DA65AB30.e.11024","ELEMENT":"f.8627BF333E87AC973E299D2132D92580.d.36B7C22E6F115C583BD14019DA65AB30.e.11024"}]}
COMMAND: POST /session/2f3a3ed30178fd4b3e43ef29d6279727/execute/sync - {"script":"<script> [5351 bytes]","args":[{"element-6066-11e4-a52e-4f735466cecf":"f.8627BF333E87AC973E299D2132D92580.d.36B7C22E6F115C583BD14019DA65AB30.e.11024","ELEMENT":"f.8627BF333E87AC973E299D2132D92580.d.36B7C22E6F115C583BD14019DA65AB30.e.11024"}]}
COMMAND: GET /session/2f3a3ed30178fd4b3e43ef29d6279727/screenshot - {}
RESULT: {}
RESULT: {"script":"<script> [5351 bytes]","args":[{"element-6066-11e4-a52e-4f735466cecf":"f.8627BF333E87AC973E299D2132D92580.d.36B7C22E6F115C583BD14019DA65AB30.e.11024","ELEMENT":"f.8627BF333E87AC973E299D2132D92580.d.36B7C22E6F115C583BD14019DA65AB30.e.11024"}]}
COMMAND: POST /session/2f3a3ed30178fd4b3e43ef29d6279727/element/f.8627BF333E87AC973E299D2132D92580.d.36B7C22E6F115C583BD14019DA65AB30.e.11024/click - {}
COMMAND: GET /session/2f3a3ed30178fd4b3e43ef29d6279727/screenshot - {}
RESULT: {}
RESULT: {}
COMMAND: GET /session/2f3a3ed30178fd4b3e43ef29d6279727/screenshot - {}
RESULT: {}
RESULT: {}
COMMAND: POST /session/2f3a3ed30178fd4b3e43ef29d6279727/element - {"using":"xpath","value":"//span[contains(@id ,\"AddNewHO--typeSelect-arrow\")]"}
RESULT: {"using":"xpath","value":"//span[contains(@id ,\"AddNewHO--typeSelect-arrow\")]"}
COMMAND: POST /session/2f3a3ed30178fd4b3e43ef29d6279727/element/f.8627BF333E87AC973E299D2132D92580.d.36B7C22E6F115C583BD14019DA65AB30.e.11393/click - {}
RESULT: {}
COMMAND: GET /session/2f3a3ed30178fd4b3e43ef29d6279727/screenshot - {}
RESULT: {}
COMMAND: POST /session/2f3a3ed30178fd4b3e43ef29d6279727/element - {"using":"xpath","value":"(//li[contains(text(), \"stock increase yard\")])[1]"}
RESULT: {"using":"xpath","value":"(//li[contains(text(), \"stock increase yard\")])[1]"}
COMMAND: POST /session/2f3a3ed30178fd4b3e43ef29d6279727/element/f.8627BF333E87AC973E299D2132D92580.d.36B7C22E6F115C583BD14019DA65AB30.e.11394/click - {}
RESULT: {}
COMMAND: GET /session/2f3a3ed30178fd4b3e43ef29d6279727/screenshot - {}
RESULT: {}
COMMAND: POST /session/2f3a3ed30178fd4b3e43ef29d6279727/execute/async - {"script":"<script> [1562 bytes]","args":[{"selector":{"id":"application-managehandovers-display-component---AddNewHO--dueDate","interaction":{"idSuffix":"inner"}},"wdio_ui5_key":"applicationmanagehandovers-display-component---AddNewHO--dueDate"}]}
RESULT: {"script":"<script> [1562 bytes]","args":[{"selector":{"id":"application-managehandovers-display-component---AddNewHO--dueDate","interaction":{"idSuffix":"inner"}},"wdio_ui5_key":"applicationmanagehandovers-display-component---AddNewHO--dueDate"}]}
RESULT: undefined
COMMAND: POST /session/2f3a3ed30178fd4b3e43ef29d6279727/execute/async - {"script":"<script> [6424 bytes]","args":[{"element-6066-11e4-a52e-4f735466cecf":"f.8627BF333E87AC973E299D2132D92580.d.36B7C22E6F115C583BD14019DA65AB30.e.11396"},"setValue",["04/23/2025"]]}
RESULT: {"script":"<script> [6424 bytes]","args":[{"element-6066-11e4-a52e-4f735466cecf":"f.8627BF333E87AC973E299D2132D92580.d.36B7C22E6F115C583BD14019DA65AB30.e.11396"},"setValue",["04/23/2025"]]}
COMMAND: POST /session/2f3a3ed30178fd4b3e43ef29d6279727/element - {"using":"xpath","value":"//input[@id=\"generalSectionFrg--receiveYard-inner\"]"}
RESULT: {"using":"xpath","value":"//input[@id=\"generalSectionFrg--receiveYard-inner\"]"}
COMMAND: POST /session/2f3a3ed30178fd4b3e43ef29d6279727/element/f.8627BF333E87AC973E299D2132D92580.d.36B7C22E6F115C583BD14019DA65AB30.e.11402/clear - {}
RESULT: {}
COMMAND: POST /session/2f3a3ed30178fd4b3e43ef29d6279727/element/f.8627BF333E87AC973E299D2132D92580.d.36B7C22E6F115C583BD14019DA65AB30.e.11402/value - {"text":"742"}
COMMAND: GET /session/2f3a3ed30178fd4b3e43ef29d6279727/screenshot - {}
RESULT: {"text":"742"}
COMMAND: GET /session/2f3a3ed30178fd4b3e43ef29d6279727/screenshot - {}
RESULT: {}
RESULT: {}
COMMAND: POST /session/2f3a3ed30178fd4b3e43ef29d6279727/element - {"using":"xpath","value":"//li[.//span[text()='742']]"}
RESULT: {"using":"xpath","value":"//li[.//span[text()='742']]"}
COMMAND: POST /session/2f3a3ed30178fd4b3e43ef29d6279727/element/f.8627BF333E87AC973E299D2132D92580.d.36B7C22E6F115C583BD14019DA65AB30.e.11417/click - {}
RESULT: {}
COMMAND: GET /session/2f3a3ed30178fd4b3e43ef29d6279727/screenshot - {}
RESULT: {}
COMMAND: POST /session/2f3a3ed30178fd4b3e43ef29d6279727/execute/async - {"script":"<script> [1562 bytes]","args":[{"selector":{"id":"application-managehandovers-display-component---AddNewHO--ObjectPageLayout-anchBar-application-managehandovers-display-component---AddNewHO--section4-anchor","interaction":{"idSuffix":"BDI-content"}},"wdio_ui5_key":"applicationmanagehandovers-display-component---AddNewHO--ObjectPageLayout-anchBar-application-managehandovers-display-component---AddNewHO--section4-anchor"}]}
RESULT: {"script":"<script> [1562 bytes]","args":[{"selector":{"id":"application-managehandovers-display-component---AddNewHO--ObjectPageLayout-anchBar-application-managehandovers-display-component---AddNewHO--section4-anchor","interaction":{"idSuffix":"BDI-content"}},"wdio_ui5_key":"applicationmanagehandovers-display-component---AddNewHO--ObjectPageLayout-anchBar-application-managehandovers-display-component---AddNewHO--section4-anchor"}]}
RESULT: undefined
COMMAND: POST /session/2f3a3ed30178fd4b3e43ef29d6279727/element - {"using":"xpath","value":"//*[@id=\"application-managehandovers-display-component---AddNewHO--ObjectPageLayout-anchBar-application-managehandovers-display-component---AddNewHO--section4-anchor\"]"}
RESULT: {"using":"xpath","value":"//*[@id=\"application-managehandovers-display-component---AddNewHO--ObjectPageLayout-anchBar-application-managehandovers-display-component---AddNewHO--section4-anchor\"]"}
COMMAND: POST /session/2f3a3ed30178fd4b3e43ef29d6279727/element/f.8627BF333E87AC973E299D2132D92580.d.36B7C22E6F115C583BD14019DA65AB30.e.11419/click - {}
RESULT: {}
COMMAND: POST /session/2f3a3ed30178fd4b3e43ef29d6279727/element - {"using":"xpath","value":"//button[@aria-label=\"Add\"]"}
COMMAND: GET /session/2f3a3ed30178fd4b3e43ef29d6279727/screenshot - {}
RESULT: {"using":"xpath","value":"//button[@aria-label=\"Add\"]"}
COMMAND: POST /session/2f3a3ed30178fd4b3e43ef29d6279727/element/f.8627BF333E87AC973E299D2132D92580.d.36B7C22E6F115C583BD14019DA65AB30.e.11421/click - {}
RESULT: {}
RESULT: {}
COMMAND: GET /session/2f3a3ed30178fd4b3e43ef29d6279727/screenshot - {}
RESULT: {}
COMMAND: POST /session/2f3a3ed30178fd4b3e43ef29d6279727/execute/async - {"script":"<script> [1562 bytes]","args":[{"selector":{"id":"application-managehandovers-display-component---AddNewHO--smartFilterBar-btnBasicSearch","searchOpenDialogs":true,"interaction":{"idSuffix":"I"}},"wdio_ui5_key":"applicationmanagehandovers-display-component---AddNewHO--smartFilterBar-btnBasicSearch"}]}
RESULT: {"script":"<script> [1562 bytes]","args":[{"selector":{"id":"application-managehandovers-display-component---AddNewHO--smartFilterBar-btnBasicSearch","searchOpenDialogs":true,"interaction":{"idSuffix":"I"}},"wdio_ui5_key":"applicationmanagehandovers-display-component---AddNewHO--smartFilterBar-btnBasicSearch"}]}
RESULT: undefined
COMMAND: POST /session/2f3a3ed30178fd4b3e43ef29d6279727/execute/async - {"script":"<script> [776 bytes]","args":[{"enterText":"ctjpmQJ6tA","selector":{"id":"application-managehandovers-display-component---AddNewHO--smartFilterBar-btnBasicSearch","searchOpenDialogs":true,"interaction":{"idSuffix":"I"}},"clearTextFirst":true,"interactionType":"ENTER_TEXT"}]}
RESULT: {"script":"<script> [776 bytes]","args":[{"enterText":"ctjpmQJ6tA","selector":{"id":"application-managehandovers-display-component---AddNewHO--smartFilterBar-btnBasicSearch","searchOpenDialogs":true,"interaction":{"idSuffix":"I"}},"clearTextFirst":true,"interactionType":"ENTER_TEXT"}]}
COMMAND: POST /session/2f3a3ed30178fd4b3e43ef29d6279727/actions - {"actions":[{"id":"action42","type":"key","parameters":{},"actions":[{"type":"keyDown","value":""},{"type":"pause","duration":10},{"type":"keyUp","value":""}]}]}
RESULT: {"actions":[{"id":"action42","type":"key","parameters":{},"actions":[{"type":"keyDown","value":""},{"type":"pause","duration":10},{"type":"keyUp","value":""}]}]}
COMMAND: GET /session/2f3a3ed30178fd4b3e43ef29d6279727/screenshot - {}
RESULT: {}
COMMAND: POST /session/2f3a3ed30178fd4b3e43ef29d6279727/execute/async - {"script":"<script> [1562 bytes]","args":[{"selector":{"id":"application-managehandovers-display-component---AddNewHO--popup-sa","searchOpenDialogs":true,"interaction":{"idSuffix":"CbBg"}},"wdio_ui5_key":"applicationmanagehandovers-display-component---AddNewHO--popup-sa"}]}
RESULT: {"script":"<script> [1562 bytes]","args":[{"selector":{"id":"application-managehandovers-display-component---AddNewHO--popup-sa","searchOpenDialogs":true,"interaction":{"idSuffix":"CbBg"}},"wdio_ui5_key":"applicationmanagehandovers-display-component---AddNewHO--popup-sa"}]}
RESULT: undefined
COMMAND: POST /session/2f3a3ed30178fd4b3e43ef29d6279727/element - {"using":"xpath","value":"//*[@id=\"application-managehandovers-display-component---AddNewHO--popup-sa\"]"}
RESULT: {"using":"xpath","value":"//*[@id=\"application-managehandovers-display-component---AddNewHO--popup-sa\"]"}
COMMAND: POST /session/2f3a3ed30178fd4b3e43ef29d6279727/element/f.8627BF333E87AC973E299D2132D92580.d.36B7C22E6F115C583BD14019DA65AB30.e.11576/click - {}
RESULT: {}
COMMAND: GET /session/2f3a3ed30178fd4b3e43ef29d6279727/screenshot - {}
RESULT: {}
COMMAND: POST /session/2f3a3ed30178fd4b3e43ef29d6279727/element - {"using":"xpath","value":"//bdi[contains(text(), \"Select\")]"}
RESULT: {"using":"xpath","value":"//bdi[contains(text(), \"Select\")]"}
COMMAND: POST /session/2f3a3ed30178fd4b3e43ef29d6279727/element/f.8627BF333E87AC973E299D2132D92580.d.36B7C22E6F115C583BD14019DA65AB30.e.11577/click - {}
RESULT: {}
COMMAND: GET /session/2f3a3ed30178fd4b3e43ef29d6279727/screenshot - {}
RESULT: {}
COMMAND: POST /session/2f3a3ed30178fd4b3e43ef29d6279727/element - {"using":"xpath","value":"//button[@data-kt=\"AddNewHOSaveButton\"]"}
RESULT: {"using":"xpath","value":"//button[@data-kt=\"AddNewHOSaveButton\"]"}
COMMAND: POST /session/2f3a3ed30178fd4b3e43ef29d6279727/element/f.8627BF333E87AC973E299D2132D92580.d.36B7C22E6F115C583BD14019DA65AB30.e.11581/click - {}
RESULT: {}
COMMAND: GET /session/2f3a3ed30178fd4b3e43ef29d6279727/screenshot - {}
RESULT: {}
COMMAND: POST /session/2f3a3ed30178fd4b3e43ef29d6279727/execute/async - {"script":"<script> [1562 bytes]","args":[{"selector":{"id":"receiptDatePicker","viewName":"etm.portal.ui.managehandovers.view.DetailExecuteHO","interaction":{"idSuffix":"inner"}},"wdio_ui5_key":"receiptDatePickeretmportal.ui.managehandovers.view.DetailExecuteHO"}]}
RESULT: {"script":"<script> [1562 bytes]","args":[{"selector":{"id":"receiptDatePicker","viewName":"etm.portal.ui.managehandovers.view.DetailExecuteHO","interaction":{"idSuffix":"inner"}},"wdio_ui5_key":"receiptDatePickeretmportal.ui.managehandovers.view.DetailExecuteHO"}]}
RESULT: undefined
COMMAND: POST /session/2f3a3ed30178fd4b3e43ef29d6279727/execute/async - {"script":"<script> [6424 bytes]","args":[{"element-6066-11e4-a52e-4f735466cecf":"f.8627BF333E87AC973E299D2132D92580.d.36B7C22E6F115C583BD14019DA65AB30.e.11610"},"setValue",["04/23/2025"]]}
RESULT: {"script":"<script> [6424 bytes]","args":[{"element-6066-11e4-a52e-4f735466cecf":"f.8627BF333E87AC973E299D2132D92580.d.36B7C22E6F115C583BD14019DA65AB30.e.11610"},"setValue",["04/23/2025"]]}
COMMAND: POST /session/2f3a3ed30178fd4b3e43ef29d6279727/element - {"using":"xpath","value":"//button[@data-kt=\"PickingTableConfirmAllButton\"]"}
RESULT: {"using":"xpath","value":"//button[@data-kt=\"PickingTableConfirmAllButton\"]"}
COMMAND: POST /session/2f3a3ed30178fd4b3e43ef29d6279727/element/f.8627BF333E87AC973E299D2132D92580.d.36B7C22E6F115C583BD14019DA65AB30.e.11625/click - {}
RESULT: {}
COMMAND: GET /session/2f3a3ed30178fd4b3e43ef29d6279727/screenshot - {}
RESULT: {}
COMMAND: POST /session/2f3a3ed30178fd4b3e43ef29d6279727/element - {"using":"xpath","value":"//bdi[contains(text(), \"OK\")]"}
RESULT: {"using":"xpath","value":"//bdi[contains(text(), \"OK\")]"}
COMMAND: POST /session/2f3a3ed30178fd4b3e43ef29d6279727/element/f.8627BF333E87AC973E299D2132D92580.d.36B7C22E6F115C583BD14019DA65AB30.e.11627/click - {}
RESULT: {}
COMMAND: GET /session/2f3a3ed30178fd4b3e43ef29d6279727/screenshot - {}
RESULT: {}
COMMAND: POST /session/2f3a3ed30178fd4b3e43ef29d6279727/element - {"using":"xpath","value":"(//bdi[contains(text(), \"Receive\")])[2]"}
RESULT: {"using":"xpath","value":"(//bdi[contains(text(), \"Receive\")])[2]"}
COMMAND: POST /session/2f3a3ed30178fd4b3e43ef29d6279727/element/f.8627BF333E87AC973E299D2132D92580.d.36B7C22E6F115C583BD14019DA65AB30.e.11629/click - {}
RESULT: {}
COMMAND: GET /session/2f3a3ed30178fd4b3e43ef29d6279727/screenshot - {}
RESULT: {}
COMMAND: POST /session/2f3a3ed30178fd4b3e43ef29d6279727/element - {"using":"css selector","value":"#shell-header-logo"}
RESULT: {"using":"css selector","value":"#shell-header-logo"}
COMMAND: POST /session/2f3a3ed30178fd4b3e43ef29d6279727/element/f.8627BF333E87AC973E299D2132D92580.d.36B7C22E6F115C583BD14019DA65AB30.e.10996/click - {}
RESULT: {}
COMMAND: GET /session/2f3a3ed30178fd4b3e43ef29d6279727/screenshot - {}
RESULT: {}
]]></system-out>
    </testcase>
    <testcase classname="chrome.135_0_7049_42.windows.Create_master_data_for_mixed_billing_&amp;_do_billing_calculation_US151661" name="Should create a new contract" time="54.976">
      <system-out><![CDATA[
COMMAND: POST /session/2f3a3ed30178fd4b3e43ef29d6279727/execute/async - {"script":"<script> [1562 bytes]","args":[{"selector":{"controlType":"sap.m.Text","viewName":"etm.portal.ui.managecontractstile.view.Master","properties":{"text":"Manage Contracts"},"interaction":{"idSuffix":"inner"}},"wdio_ui5_key":"etmportal.ui.managecontractstile.view.Mastersap.m.Text{\"text\":\"Manage Contracts\"}"}]}
RESULT: {"script":"<script> [1562 bytes]","args":[{"selector":{"controlType":"sap.m.Text","viewName":"etm.portal.ui.managecontractstile.view.Master","properties":{"text":"Manage Contracts"},"interaction":{"idSuffix":"inner"}},"wdio_ui5_key":"etmportal.ui.managecontractstile.view.Mastersap.m.Text{\"text\":\"Manage Contracts\"}"}]}
RESULT: undefined
COMMAND: POST /session/2f3a3ed30178fd4b3e43ef29d6279727/element - {"using":"xpath","value":"//*[@id=\"__tile132-title\"]"}
RESULT: {"using":"xpath","value":"//*[@id=\"__tile132-title\"]"}
COMMAND: POST /session/2f3a3ed30178fd4b3e43ef29d6279727/element/f.8627BF333E87AC973E299D2132D92580.d.36B7C22E6F115C583BD14019DA65AB30.e.11894/click - {}
RESULT: {}
COMMAND: GET /session/2f3a3ed30178fd4b3e43ef29d6279727/screenshot - {}
RESULT: {}
COMMAND: POST /session/2f3a3ed30178fd4b3e43ef29d6279727/element - {"using":"xpath","value":"//button[@data-kt=\"addButton\"]"}
RESULT: {"using":"xpath","value":"//button[@data-kt=\"addButton\"]"}
COMMAND: POST /session/2f3a3ed30178fd4b3e43ef29d6279727/elements - {"using":"xpath","value":"//button[@data-kt=\"addButton\"]"}
RESULT: {"using":"xpath","value":"//button[@data-kt=\"addButton\"]"}
COMMAND: POST /session/2f3a3ed30178fd4b3e43ef29d6279727/elements - {"using":"xpath","value":"//button[@data-kt=\"addButton\"]"}
RESULT: {"using":"xpath","value":"//button[@data-kt=\"addButton\"]"}
COMMAND: POST /session/2f3a3ed30178fd4b3e43ef29d6279727/elements - {"using":"xpath","value":"//button[@data-kt=\"addButton\"]"}
RESULT: undefined
RESULT: undefined
RESULT: {"using":"xpath","value":"//button[@data-kt=\"addButton\"]"}
COMMAND: POST /session/2f3a3ed30178fd4b3e43ef29d6279727/element - {"using":"xpath","value":"//button[@data-kt=\"addButton\"]"}
RESULT: {"using":"xpath","value":"//button[@data-kt=\"addButton\"]"}
COMMAND: POST /session/2f3a3ed30178fd4b3e43ef29d6279727/execute/sync - {"script":"<script> [8489 bytes]","args":[{"element-6066-11e4-a52e-4f735466cecf":"f.8627BF333E87AC973E299D2132D92580.d.36B7C22E6F115C583BD14019DA65AB30.e.11930","ELEMENT":"f.8627BF333E87AC973E299D2132D92580.d.36B7C22E6F115C583BD14019DA65AB30.e.11930"}]}
RESULT: {"script":"<script> [8489 bytes]","args":[{"element-6066-11e4-a52e-4f735466cecf":"f.8627BF333E87AC973E299D2132D92580.d.36B7C22E6F115C583BD14019DA65AB30.e.11930","ELEMENT":"f.8627BF333E87AC973E299D2132D92580.d.36B7C22E6F115C583BD14019DA65AB30.e.11930"}]}
COMMAND: GET /session/2f3a3ed30178fd4b3e43ef29d6279727/element/f.8627BF333E87AC973E299D2132D92580.d.36B7C22E6F115C583BD14019DA65AB30.e.11930/enabled - {}
COMMAND: GET /session/2f3a3ed30178fd4b3e43ef29d6279727/screenshot - {}
RESULT: {}
COMMAND: POST /session/2f3a3ed30178fd4b3e43ef29d6279727/execute/sync - {"script":"<script> [8489 bytes]","args":[{"element-6066-11e4-a52e-4f735466cecf":"f.8627BF333E87AC973E299D2132D92580.d.36B7C22E6F115C583BD14019DA65AB30.e.11930","ELEMENT":"f.8627BF333E87AC973E299D2132D92580.d.36B7C22E6F115C583BD14019DA65AB30.e.11930"}]}
COMMAND: GET /session/2f3a3ed30178fd4b3e43ef29d6279727/screenshot - {}
RESULT: {}
RESULT: {"script":"<script> [8489 bytes]","args":[{"element-6066-11e4-a52e-4f735466cecf":"f.8627BF333E87AC973E299D2132D92580.d.36B7C22E6F115C583BD14019DA65AB30.e.11930","ELEMENT":"f.8627BF333E87AC973E299D2132D92580.d.36B7C22E6F115C583BD14019DA65AB30.e.11930"}]}
COMMAND: POST /session/2f3a3ed30178fd4b3e43ef29d6279727/execute/sync - {"script":"<script> [5351 bytes]","args":[{"element-6066-11e4-a52e-4f735466cecf":"f.8627BF333E87AC973E299D2132D92580.d.36B7C22E6F115C583BD14019DA65AB30.e.11930","ELEMENT":"f.8627BF333E87AC973E299D2132D92580.d.36B7C22E6F115C583BD14019DA65AB30.e.11930"}]}
COMMAND: GET /session/2f3a3ed30178fd4b3e43ef29d6279727/screenshot - {}
RESULT: {}
RESULT: {"script":"<script> [5351 bytes]","args":[{"element-6066-11e4-a52e-4f735466cecf":"f.8627BF333E87AC973E299D2132D92580.d.36B7C22E6F115C583BD14019DA65AB30.e.11930","ELEMENT":"f.8627BF333E87AC973E299D2132D92580.d.36B7C22E6F115C583BD14019DA65AB30.e.11930"}]}
COMMAND: GET /session/2f3a3ed30178fd4b3e43ef29d6279727/screenshot - {}
RESULT: {}
RESULT: {}
COMMAND: POST /session/2f3a3ed30178fd4b3e43ef29d6279727/element/f.8627BF333E87AC973E299D2132D92580.d.36B7C22E6F115C583BD14019DA65AB30.e.11930/click - {}
RESULT: {}
COMMAND: GET /session/2f3a3ed30178fd4b3e43ef29d6279727/screenshot - {}
COMMAND: POST /session/2f3a3ed30178fd4b3e43ef29d6279727/execute/async - {"script":"<script> [1562 bytes]","args":[{"selector":{"id":"application-managecontracts-display-component---AddNewContract--projectDescription","interaction":{"idSuffix":"inner"}},"wdio_ui5_key":"applicationmanagecontracts-display-component---AddNewContract--projectDescription"}]}
RESULT: {}
RESULT: {"script":"<script> [1562 bytes]","args":[{"selector":{"id":"application-managecontracts-display-component---AddNewContract--projectDescription","interaction":{"idSuffix":"inner"}},"wdio_ui5_key":"applicationmanagecontracts-display-component---AddNewContract--projectDescription"}]}
RESULT: undefined
COMMAND: POST /session/2f3a3ed30178fd4b3e43ef29d6279727/execute/async - {"script":"<script> [776 bytes]","args":[{"enterText":"Mixed Contract WDIO","selector":{"id":"application-managecontracts-display-component---AddNewContract--projectDescription","interaction":{"idSuffix":"inner"}},"clearTextFirst":true,"interactionType":"ENTER_TEXT"}]}
RESULT: {"script":"<script> [776 bytes]","args":[{"enterText":"Mixed Contract WDIO","selector":{"id":"application-managecontracts-display-component---AddNewContract--projectDescription","interaction":{"idSuffix":"inner"}},"clearTextFirst":true,"interactionType":"ENTER_TEXT"}]}
COMMAND: POST /session/2f3a3ed30178fd4b3e43ef29d6279727/element - {"using":"xpath","value":"//input[@id=\"application-managecontracts-display-component---AddNewContract--site-inner\"]"}
RESULT: {"using":"xpath","value":"//input[@id=\"application-managecontracts-display-component---AddNewContract--site-inner\"]"}
COMMAND: POST /session/2f3a3ed30178fd4b3e43ef29d6279727/element/f.8627BF333E87AC973E299D2132D92580.d.36B7C22E6F115C583BD14019DA65AB30.e.12310/clear - {}
RESULT: {}
COMMAND: POST /session/2f3a3ed30178fd4b3e43ef29d6279727/element/f.8627BF333E87AC973E299D2132D92580.d.36B7C22E6F115C583BD14019DA65AB30.e.12310/value - {"text":"2552"}
COMMAND: GET /session/2f3a3ed30178fd4b3e43ef29d6279727/screenshot - {}
RESULT: {"text":"2552"}
COMMAND: GET /session/2f3a3ed30178fd4b3e43ef29d6279727/screenshot - {}
RESULT: {}
RESULT: {}
COMMAND: POST /session/2f3a3ed30178fd4b3e43ef29d6279727/element - {"using":"xpath","value":"//li[.//span[text()='2552']]"}
RESULT: {"using":"xpath","value":"//li[.//span[text()='2552']]"}
COMMAND: POST /session/2f3a3ed30178fd4b3e43ef29d6279727/element/f.8627BF333E87AC973E299D2132D92580.d.36B7C22E6F115C583BD14019DA65AB30.e.12348/click - {}
RESULT: {}
COMMAND: GET /session/2f3a3ed30178fd4b3e43ef29d6279727/screenshot - {}
RESULT: {}
COMMAND: POST /session/2f3a3ed30178fd4b3e43ef29d6279727/element - {"using":"xpath","value":"//input[@id=\"application-managecontracts-display-component---AddNewContract--yardId-inner\"]"}
RESULT: {"using":"xpath","value":"//input[@id=\"application-managecontracts-display-component---AddNewContract--yardId-inner\"]"}
COMMAND: GET /session/2f3a3ed30178fd4b3e43ef29d6279727/element/f.8627BF333E87AC973E299D2132D92580.d.36B7C22E6F115C583BD14019DA65AB30.e.12311/property/value - {}
RESULT: {}
COMMAND: POST /session/2f3a3ed30178fd4b3e43ef29d6279727/element - {"using":"xpath","value":"//input[@id=\"application-managecontracts-display-component---AddNewContract--customerSelect-inner\"]"}
COMMAND: GET /session/2f3a3ed30178fd4b3e43ef29d6279727/screenshot - {}
RESULT: {"using":"xpath","value":"//input[@id=\"application-managecontracts-display-component---AddNewContract--customerSelect-inner\"]"}
COMMAND: POST /session/2f3a3ed30178fd4b3e43ef29d6279727/element/f.8627BF333E87AC973E299D2132D92580.d.36B7C22E6F115C583BD14019DA65AB30.e.12309/clear - {}
RESULT: {}
RESULT: {}
COMMAND: POST /session/2f3a3ed30178fd4b3e43ef29d6279727/element/f.8627BF333E87AC973E299D2132D92580.d.36B7C22E6F115C583BD14019DA65AB30.e.12309/value - {"text":"1593"}
COMMAND: GET /session/2f3a3ed30178fd4b3e43ef29d6279727/screenshot - {}
RESULT: {"text":"1593"}
COMMAND: GET /session/2f3a3ed30178fd4b3e43ef29d6279727/screenshot - {}
RESULT: {}
RESULT: {}
COMMAND: POST /session/2f3a3ed30178fd4b3e43ef29d6279727/element - {"using":"xpath","value":"//li[.//span[text()='1593']]"}
RESULT: {"using":"xpath","value":"//li[.//span[text()='1593']]"}
COMMAND: POST /session/2f3a3ed30178fd4b3e43ef29d6279727/element/f.8627BF333E87AC973E299D2132D92580.d.36B7C22E6F115C583BD14019DA65AB30.e.12351/click - {}
RESULT: {}
COMMAND: GET /session/2f3a3ed30178fd4b3e43ef29d6279727/screenshot - {}
RESULT: {}
COMMAND: POST /session/2f3a3ed30178fd4b3e43ef29d6279727/element - {"using":"xpath","value":"//button[@data-kt=\"saveButton\"]"}
RESULT: {"using":"xpath","value":"//button[@data-kt=\"saveButton\"]"}
COMMAND: POST /session/2f3a3ed30178fd4b3e43ef29d6279727/element/f.8627BF333E87AC973E299D2132D92580.d.36B7C22E6F115C583BD14019DA65AB30.e.12341/click - {}
RESULT: {}
COMMAND: GET /session/2f3a3ed30178fd4b3e43ef29d6279727/screenshot - {}
RESULT: {}
COMMAND: POST /session/2f3a3ed30178fd4b3e43ef29d6279727/element - {"using":"xpath","value":"//span[contains(@id ,\"contractDetailTitleNoExpanded\")]"}
RESULT: {"using":"xpath","value":"//span[contains(@id ,\"contractDetailTitleNoExpanded\")]"}
COMMAND: POST /session/2f3a3ed30178fd4b3e43ef29d6279727/elements - {"using":"xpath","value":"//span[contains(@id ,\"contractDetailTitleNoExpanded\")]"}
RESULT: {"using":"xpath","value":"//span[contains(@id ,\"contractDetailTitleNoExpanded\")]"}
COMMAND: POST /session/2f3a3ed30178fd4b3e43ef29d6279727/execute/sync - {"script":"<script> [56 bytes]","args":[{"element-6066-11e4-a52e-4f735466cecf":"f.8627BF333E87AC973E299D2132D92580.d.36B7C22E6F115C583BD14019DA65AB30.e.12359","ELEMENT":"f.8627BF333E87AC973E299D2132D92580.d.36B7C22E6F115C583BD14019DA65AB30.e.12359"}]}
RESULT: {"script":"<script> [56 bytes]","args":[{"element-6066-11e4-a52e-4f735466cecf":"f.8627BF333E87AC973E299D2132D92580.d.36B7C22E6F115C583BD14019DA65AB30.e.12359","ELEMENT":"f.8627BF333E87AC973E299D2132D92580.d.36B7C22E6F115C583BD14019DA65AB30.e.12359"}]}
COMMAND: GET /session/2f3a3ed30178fd4b3e43ef29d6279727/screenshot - {}
RESULT: {}
]]></system-out>
    </testcase>
    <testcase classname="chrome.135_0_7049_42.windows.Create_master_data_for_mixed_billing_&amp;_do_billing_calculation_US151661" name="Should add equipment to the contract" time="44.147">
      <system-out><![CDATA[
COMMAND: POST /session/2f3a3ed30178fd4b3e43ef29d6279727/element - {"using":"xpath","value":"//button[@data-kt=\"contractDetailEditBtnButton\"]"}
RESULT: {"using":"xpath","value":"//button[@data-kt=\"contractDetailEditBtnButton\"]"}
COMMAND: POST /session/2f3a3ed30178fd4b3e43ef29d6279727/element/f.8627BF333E87AC973E299D2132D92580.d.36B7C22E6F115C583BD14019DA65AB30.e.12362/click - {}
RESULT: {}
COMMAND: GET /session/2f3a3ed30178fd4b3e43ef29d6279727/screenshot - {}
COMMAND: POST /session/2f3a3ed30178fd4b3e43ef29d6279727/element - {"using":"xpath","value":"(//span[contains(text(), \"Additional Addresses\")])[2]"}
RESULT: {}
RESULT: {"using":"xpath","value":"(//span[contains(text(), \"Additional Addresses\")])[2]"}
COMMAND: POST /session/2f3a3ed30178fd4b3e43ef29d6279727/element/f.8627BF333E87AC973E299D2132D92580.d.36B7C22E6F115C583BD14019DA65AB30.e.12418/click - {}
RESULT: {}
COMMAND: GET /session/2f3a3ed30178fd4b3e43ef29d6279727/screenshot - {}
RESULT: {}
COMMAND: POST /session/2f3a3ed30178fd4b3e43ef29d6279727/element - {"using":"xpath","value":"//button[@data-kt=\"btnAddTableRowOverflowToolbarButton\"]"}
RESULT: {"using":"xpath","value":"//button[@data-kt=\"btnAddTableRowOverflowToolbarButton\"]"}
COMMAND: POST /session/2f3a3ed30178fd4b3e43ef29d6279727/element/f.8627BF333E87AC973E299D2132D92580.d.36B7C22E6F115C583BD14019DA65AB30.e.12421/click - {}
RESULT: {}
COMMAND: GET /session/2f3a3ed30178fd4b3e43ef29d6279727/screenshot - {}
RESULT: {}
COMMAND: POST /session/2f3a3ed30178fd4b3e43ef29d6279727/element - {"using":"xpath","value":"//div[(text() = 'Standard Entry' or . = 'Standard Entry')]"}
RESULT: {"using":"xpath","value":"//div[(text() = 'Standard Entry' or . = 'Standard Entry')]"}
COMMAND: POST /session/2f3a3ed30178fd4b3e43ef29d6279727/element/f.8627BF333E87AC973E299D2132D92580.d.36B7C22E6F115C583BD14019DA65AB30.e.12422/click - {}
RESULT: {}
COMMAND: GET /session/2f3a3ed30178fd4b3e43ef29d6279727/screenshot - {}
RESULT: {}
COMMAND: POST /session/2f3a3ed30178fd4b3e43ef29d6279727/element - {"using":"xpath","value":"//td[7]/div/div/input"}
RESULT: {"using":"xpath","value":"//td[7]/div/div/input"}
COMMAND: POST /session/2f3a3ed30178fd4b3e43ef29d6279727/element/f.8627BF333E87AC973E299D2132D92580.d.36B7C22E6F115C583BD14019DA65AB30.e.12431/clear - {}
RESULT: {}
COMMAND: POST /session/2f3a3ed30178fd4b3e43ef29d6279727/element/f.8627BF333E87AC973E299D2132D92580.d.36B7C22E6F115C583BD14019DA65AB30.e.12431/value - {"text":"ctjpmQJ6tA"}
COMMAND: GET /session/2f3a3ed30178fd4b3e43ef29d6279727/screenshot - {}
RESULT: {"text":"ctjpmQJ6tA"}
COMMAND: GET /session/2f3a3ed30178fd4b3e43ef29d6279727/screenshot - {}
RESULT: {}
RESULT: {}
COMMAND: POST /session/2f3a3ed30178fd4b3e43ef29d6279727/actions - {"actions":[{"id":"action43","type":"key","parameters":{},"actions":[{"type":"keyDown","value":""},{"type":"pause","duration":10},{"type":"keyUp","value":""}]}]}
RESULT: {"actions":[{"id":"action43","type":"key","parameters":{},"actions":[{"type":"keyDown","value":""},{"type":"pause","duration":10},{"type":"keyUp","value":""}]}]}
COMMAND: GET /session/2f3a3ed30178fd4b3e43ef29d6279727/screenshot - {}
RESULT: {}
COMMAND: POST /session/2f3a3ed30178fd4b3e43ef29d6279727/element - {"using":"xpath","value":"(//button[@data-kt=\"saveButton\"])[2]"}
RESULT: {"using":"xpath","value":"(//button[@data-kt=\"saveButton\"])[2]"}
COMMAND: POST /session/2f3a3ed30178fd4b3e43ef29d6279727/element/f.8627BF333E87AC973E299D2132D92580.d.36B7C22E6F115C583BD14019DA65AB30.e.12446/click - {}
RESULT: {}
COMMAND: GET /session/2f3a3ed30178fd4b3e43ef29d6279727/screenshot - {}
RESULT: {}
COMMAND: POST /session/2f3a3ed30178fd4b3e43ef29d6279727/element - {"using":"xpath","value":"//span[contains(@id ,\"contractItemsSmartTable-header-inner\")]"}
RESULT: {"using":"xpath","value":"//span[contains(@id ,\"contractItemsSmartTable-header-inner\")]"}
COMMAND: POST /session/2f3a3ed30178fd4b3e43ef29d6279727/elements - {"using":"xpath","value":"//span[contains(@id ,\"contractItemsSmartTable-header-inner\")]"}
RESULT: {"using":"xpath","value":"//span[contains(@id ,\"contractItemsSmartTable-header-inner\")]"}
COMMAND: POST /session/2f3a3ed30178fd4b3e43ef29d6279727/execute/sync - {"script":"<script> [56 bytes]","args":[{"element-6066-11e4-a52e-4f735466cecf":"f.8627BF333E87AC973E299D2132D92580.d.36B7C22E6F115C583BD14019DA65AB30.e.12452","ELEMENT":"f.8627BF333E87AC973E299D2132D92580.d.36B7C22E6F115C583BD14019DA65AB30.e.12452"}]}
RESULT: {"script":"<script> [56 bytes]","args":[{"element-6066-11e4-a52e-4f735466cecf":"f.8627BF333E87AC973E299D2132D92580.d.36B7C22E6F115C583BD14019DA65AB30.e.12452","ELEMENT":"f.8627BF333E87AC973E299D2132D92580.d.36B7C22E6F115C583BD14019DA65AB30.e.12452"}]}
]]></system-out>
    </testcase>
    <testcase classname="chrome.135_0_7049_42.windows.Create_master_data_for_mixed_billing_&amp;_do_billing_calculation_US151661" name="Should do a provide to site handover" time="55.385">
      <system-out><![CDATA[
COMMAND: GET /session/2f3a3ed30178fd4b3e43ef29d6279727/screenshot - {}
COMMAND: POST /session/2f3a3ed30178fd4b3e43ef29d6279727/element - {"using":"xpath","value":"//button[@data-kt=\"provideButton\"]"}
RESULT: {}
RESULT: {"using":"xpath","value":"//button[@data-kt=\"provideButton\"]"}
COMMAND: POST /session/2f3a3ed30178fd4b3e43ef29d6279727/element/f.8627BF333E87AC973E299D2132D92580.d.36B7C22E6F115C583BD14019DA65AB30.e.12453/click - {}
RESULT: {}
COMMAND: GET /session/2f3a3ed30178fd4b3e43ef29d6279727/screenshot - {}
RESULT: {}
RESULT: undefined
COMMAND: POST /session/2f3a3ed30178fd4b3e43ef29d6279727/execute/async - {"script":"<script> [6424 bytes]","args":[{"element-6066-11e4-a52e-4f735466cecf":"f.8627BF333E87AC973E299D2132D92580.d.36B7C22E6F115C583BD14019DA65AB30.e.11396"},"setValue",["04/23/2025"]]}
COMMAND: POST /session/2f3a3ed30178fd4b3e43ef29d6279727/execute/async - {"script":"<script> [1562 bytes]","args":[{"selector":{"id":"application-managehandovers-display-component---AddNewHO--dueDate","interaction":{"idSuffix":"inner"}},"wdio_ui5_key":"applicationmanagehandovers-display-component---AddNewHO--dueDate"}]}
RESULT: {"script":"<script> [1562 bytes]","args":[{"selector":{"id":"application-managehandovers-display-component---AddNewHO--dueDate","interaction":{"idSuffix":"inner"}},"wdio_ui5_key":"applicationmanagehandovers-display-component---AddNewHO--dueDate"}]}
COMMAND: POST /session/2f3a3ed30178fd4b3e43ef29d6279727/execute/async - {"script":"<script> [6424 bytes]","args":[{"element-6066-11e4-a52e-4f735466cecf":"f.8627BF333E87AC973E299D2132D92580.d.36B7C22E6F115C583BD14019DA65AB30.e.12512"},"setValue",["04/23/2025"]]}
RESULT: {"script":"<script> [6424 bytes]","args":[{"element-6066-11e4-a52e-4f735466cecf":"f.8627BF333E87AC973E299D2132D92580.d.36B7C22E6F115C583BD14019DA65AB30.e.12512"},"setValue",["04/23/2025"]]}
COMMAND: POST /session/2f3a3ed30178fd4b3e43ef29d6279727/element - {"using":"xpath","value":"//bdi[contains(text(), \"Instructions\")]"}
RESULT: {"using":"xpath","value":"//bdi[contains(text(), \"Instructions\")]"}
COMMAND: POST /session/2f3a3ed30178fd4b3e43ef29d6279727/element/f.8627BF333E87AC973E299D2132D92580.d.36B7C22E6F115C583BD14019DA65AB30.e.12579/click - {}
RESULT: {}
COMMAND: GET /session/2f3a3ed30178fd4b3e43ef29d6279727/screenshot - {}
RESULT: {}
COMMAND: POST /session/2f3a3ed30178fd4b3e43ef29d6279727/element - {"using":"xpath","value":"//button[@data-kt=\"AddNewHOProvideAddItemsButton\"]"}
RESULT: {"using":"xpath","value":"//button[@data-kt=\"AddNewHOProvideAddItemsButton\"]"}
COMMAND: POST /session/2f3a3ed30178fd4b3e43ef29d6279727/element/f.8627BF333E87AC973E299D2132D92580.d.36B7C22E6F115C583BD14019DA65AB30.e.12585/click - {}
RESULT: {}
COMMAND: GET /session/2f3a3ed30178fd4b3e43ef29d6279727/screenshot - {}
RESULT: {}
RESULT: undefined
COMMAND: POST /session/2f3a3ed30178fd4b3e43ef29d6279727/element - {"using":"xpath","value":"//*[@id=\"application-managehandovers-display-component---AddNewHO--popup-sa\"]"}
RESULT: {"using":"xpath","value":"//*[@id=\"application-managehandovers-display-component---AddNewHO--popup-sa\"]"}
COMMAND: POST /session/2f3a3ed30178fd4b3e43ef29d6279727/element/f.8627BF333E87AC973E299D2132D92580.d.36B7C22E6F115C583BD14019DA65AB30.e.12594/click - {}
RESULT: {}
COMMAND: GET /session/2f3a3ed30178fd4b3e43ef29d6279727/screenshot - {}
RESULT: {}
COMMAND: POST /session/2f3a3ed30178fd4b3e43ef29d6279727/element - {"using":"xpath","value":"//*[contains(@id ,\"BDI-content\")][contains(text(), \"Select\")]"}
RESULT: {"using":"xpath","value":"//*[contains(@id ,\"BDI-content\")][contains(text(), \"Select\")]"}
COMMAND: POST /session/2f3a3ed30178fd4b3e43ef29d6279727/element/f.8627BF333E87AC973E299D2132D92580.d.36B7C22E6F115C583BD14019DA65AB30.e.12596/click - {}
RESULT: {}
COMMAND: GET /session/2f3a3ed30178fd4b3e43ef29d6279727/screenshot - {}
RESULT: {}
COMMAND: POST /session/2f3a3ed30178fd4b3e43ef29d6279727/execute/async - {"script":"<script> [1562 bytes]","args":[{"selector":{"id":"application-managehandovers-display-component---AddNewHO--confirmCreationButton","interaction":{"idSuffix":"BDI-content"}},"wdio_ui5_key":"applicationmanagehandovers-display-component---AddNewHO--confirmCreationButton"}]}
RESULT: {"script":"<script> [1562 bytes]","args":[{"selector":{"id":"application-managehandovers-display-component---AddNewHO--confirmCreationButton","interaction":{"idSuffix":"BDI-content"}},"wdio_ui5_key":"applicationmanagehandovers-display-component---AddNewHO--confirmCreationButton"}]}
RESULT: undefined
COMMAND: POST /session/2f3a3ed30178fd4b3e43ef29d6279727/element - {"using":"xpath","value":"//*[@id=\"application-managehandovers-display-component---AddNewHO--confirmCreationButton\"]"}
RESULT: {"using":"xpath","value":"//*[@id=\"application-managehandovers-display-component---AddNewHO--confirmCreationButton\"]"}
COMMAND: POST /session/2f3a3ed30178fd4b3e43ef29d6279727/element/f.8627BF333E87AC973E299D2132D92580.d.36B7C22E6F115C583BD14019DA65AB30.e.12533/click - {}
RESULT: {}
COMMAND: GET /session/2f3a3ed30178fd4b3e43ef29d6279727/screenshot - {}
COMMAND: POST /session/2f3a3ed30178fd4b3e43ef29d6279727/element - {"using":"xpath","value":"//button[@data-kt=\"PickingTableConfirmAllButton\"]"}
RESULT: {}
RESULT: {"using":"xpath","value":"//button[@data-kt=\"PickingTableConfirmAllButton\"]"}
COMMAND: POST /session/2f3a3ed30178fd4b3e43ef29d6279727/element/f.8627BF333E87AC973E299D2132D92580.d.36B7C22E6F115C583BD14019DA65AB30.e.12651/click - {}
RESULT: {}
COMMAND: GET /session/2f3a3ed30178fd4b3e43ef29d6279727/screenshot - {}
RESULT: {}
COMMAND: POST /session/2f3a3ed30178fd4b3e43ef29d6279727/element - {"using":"xpath","value":"//bdi[contains(text(), \"OK\")]"}
RESULT: {"using":"xpath","value":"//bdi[contains(text(), \"OK\")]"}
COMMAND: POST /session/2f3a3ed30178fd4b3e43ef29d6279727/element/f.8627BF333E87AC973E299D2132D92580.d.36B7C22E6F115C583BD14019DA65AB30.e.12654/click - {}
RESULT: {}
COMMAND: GET /session/2f3a3ed30178fd4b3e43ef29d6279727/screenshot - {}
RESULT: {}
COMMAND: POST /session/2f3a3ed30178fd4b3e43ef29d6279727/element - {"using":"xpath","value":"//bdi[contains(text(), \"Ok\")]"}
RESULT: {"using":"xpath","value":"//bdi[contains(text(), \"Ok\")]"}
COMMAND: POST /session/2f3a3ed30178fd4b3e43ef29d6279727/element/f.8627BF333E87AC973E299D2132D92580.d.36B7C22E6F115C583BD14019DA65AB30.e.12661/click - {}
RESULT: {}
COMMAND: GET /session/2f3a3ed30178fd4b3e43ef29d6279727/screenshot - {}
RESULT: {}
COMMAND: POST /session/2f3a3ed30178fd4b3e43ef29d6279727/element - {"using":"xpath","value":"//bdi[contains(text(), \"Issue\")]"}
RESULT: {"using":"xpath","value":"//bdi[contains(text(), \"Issue\")]"}
COMMAND: POST /session/2f3a3ed30178fd4b3e43ef29d6279727/element/f.8627BF333E87AC973E299D2132D92580.d.36B7C22E6F115C583BD14019DA65AB30.e.12663/click - {}
RESULT: {}
COMMAND: GET /session/2f3a3ed30178fd4b3e43ef29d6279727/screenshot - {}
RESULT: {}
COMMAND: POST /session/2f3a3ed30178fd4b3e43ef29d6279727/element - {"using":"css selector","value":"#shell-header-logo"}
RESULT: {"using":"css selector","value":"#shell-header-logo"}
COMMAND: POST /session/2f3a3ed30178fd4b3e43ef29d6279727/element/f.8627BF333E87AC973E299D2132D92580.d.36B7C22E6F115C583BD14019DA65AB30.e.11896/click - {}
RESULT: {}
COMMAND: GET /session/2f3a3ed30178fd4b3e43ef29d6279727/screenshot - {}
RESULT: {}
]]></system-out>
    </testcase>
    <testcase classname="chrome.135_0_7049_42.windows.Create_master_data_for_mixed_billing_&amp;_do_billing_calculation_US151661" name="Should create a few performance documents" time="98.383">
      <system-out><![CDATA[
COMMAND: POST /session/2f3a3ed30178fd4b3e43ef29d6279727/window/fullscreen - {}
RESULT: {}
COMMAND: POST /session/2f3a3ed30178fd4b3e43ef29d6279727/execute/async - {"script":"<script> [1562 bytes]","args":[{"selector":{"controlType":"sap.m.GenericTile","properties":{"header":"Manage States & Performance"}},"wdio_ui5_key":"sapm.GenericTile{\"header\":\"Manage States & Performance\"}"}]}
RESULT: {"script":"<script> [1562 bytes]","args":[{"selector":{"controlType":"sap.m.GenericTile","properties":{"header":"Manage States & Performance"}},"wdio_ui5_key":"sapm.GenericTile{\"header\":\"Manage States & Performance\"}"}]}
RESULT: undefined
COMMAND: POST /session/2f3a3ed30178fd4b3e43ef29d6279727/element - {"using":"xpath","value":"//*[@id=\"__tile56\"]"}
RESULT: {"using":"xpath","value":"//*[@id=\"__tile56\"]"}
COMMAND: POST /session/2f3a3ed30178fd4b3e43ef29d6279727/element/f.8627BF333E87AC973E299D2132D92580.d.36B7C22E6F115C583BD14019DA65AB30.e.5928/click - {}
RESULT: {}
COMMAND: POST /session/2f3a3ed30178fd4b3e43ef29d6279727/execute/async - {"script":"<script> [1562 bytes]","args":[{"selector":{"id":"application-managestatesandperformance-display-component---stateAndPerform--smartFilterBarResources-btnBasicSearch","interaction":{"idSuffix":"I"}},"wdio_ui5_key":"applicationmanagestatesandperformance-display-component---stateAndPerform--smartFilterBarResources-btnBasicSearch"}]}
COMMAND: GET /session/2f3a3ed30178fd4b3e43ef29d6279727/screenshot - {}
RESULT: {"script":"<script> [1562 bytes]","args":[{"selector":{"id":"application-managestatesandperformance-display-component---stateAndPerform--smartFilterBarResources-btnBasicSearch","interaction":{"idSuffix":"I"}},"wdio_ui5_key":"applicationmanagestatesandperformance-display-component---stateAndPerform--smartFilterBarResources-btnBasicSearch"}]}
RESULT: undefined
COMMAND: POST /session/2f3a3ed30178fd4b3e43ef29d6279727/execute/async - {"script":"<script> [776 bytes]","args":[{"enterText":"ctjpmQJ6tA","selector":{"id":"application-managestatesandperformance-display-component---stateAndPerform--smartFilterBarResources-btnBasicSearch","interaction":{"idSuffix":"I"}},"clearTextFirst":true,"interactionType":"ENTER_TEXT"}]}
RESULT: {}
RESULT: {"script":"<script> [776 bytes]","args":[{"enterText":"ctjpmQJ6tA","selector":{"id":"application-managestatesandperformance-display-component---stateAndPerform--smartFilterBarResources-btnBasicSearch","interaction":{"idSuffix":"I"}},"clearTextFirst":true,"interactionType":"ENTER_TEXT"}]}
COMMAND: POST /session/2f3a3ed30178fd4b3e43ef29d6279727/actions - {"actions":[{"id":"action44","type":"key","parameters":{},"actions":[{"type":"keyDown","value":""},{"type":"pause","duration":10},{"type":"keyUp","value":""}]}]}
RESULT: {"actions":[{"id":"action44","type":"key","parameters":{},"actions":[{"type":"keyDown","value":""},{"type":"pause","duration":10},{"type":"keyUp","value":""}]}]}
COMMAND: GET /session/2f3a3ed30178fd4b3e43ef29d6279727/screenshot - {}
RESULT: {}
COMMAND: POST /session/2f3a3ed30178fd4b3e43ef29d6279727/execute/async - {"script":"<script> [1562 bytes]","args":[{"selector":{"id":"application-managestatesandperformance-display-component---stateAndPerform--stateAndPerformResourcesSmartTable-header"},"wdio_ui5_key":"applicationmanagestatesandperformance-display-component---stateAndPerform--stateAndPerformResourcesSmartTable-header"}]}
RESULT: {"script":"<script> [1562 bytes]","args":[{"selector":{"id":"application-managestatesandperformance-display-component---stateAndPerform--stateAndPerformResourcesSmartTable-header"},"wdio_ui5_key":"applicationmanagestatesandperformance-display-component---stateAndPerform--stateAndPerformResourcesSmartTable-header"}]}
RESULT: undefined
COMMAND: POST /session/2f3a3ed30178fd4b3e43ef29d6279727/execute/async - {"script":"<script> [6424 bytes]","args":[{"element-6066-11e4-a52e-4f735466cecf":"f.8627BF333E87AC973E299D2132D92580.d.36B7C22E6F115C583BD14019DA65AB30.e.13062"},"getText",[]]}
RESULT: {"script":"<script> [6424 bytes]","args":[{"element-6066-11e4-a52e-4f735466cecf":"f.8627BF333E87AC973E299D2132D92580.d.36B7C22E6F115C583BD14019DA65AB30.e.13062"},"getText",[]]}
COMMAND: POST /session/2f3a3ed30178fd4b3e43ef29d6279727/execute/async - {"script":"<script> [1562 bytes]","args":[{"selector":{"controlType":"sap.ui.core.Icon","viewName":"etm.portal.ui.managestatesandperformance.view.Master","viewId":"application-managestatesandperformance-display-component---stateAndPerform","properties":{"src":{"regex":{"source":"slim\\-arrow\\-right"}}}},"wdio_ui5_key":"etmportal.ui.managestatesandperformance.view.Mastersap.ui.core.Icon{\"src\":{\"regex\":{\"source\":\"slim\\\\-arrow\\\\-right\"}}}"}]}
RESULT: {"script":"<script> [1562 bytes]","args":[{"selector":{"controlType":"sap.ui.core.Icon","viewName":"etm.portal.ui.managestatesandperformance.view.Master","viewId":"application-managestatesandperformance-display-component---stateAndPerform","properties":{"src":{"regex":{"source":"slim\\-arrow\\-right"}}}},"wdio_ui5_key":"etmportal.ui.managestatesandperformance.view.Mastersap.ui.core.Icon{\"src\":{\"regex\":{\"source\":\"slim\\\\-arrow\\\\-right\"}}}"}]}
RESULT: undefined
COMMAND: POST /session/2f3a3ed30178fd4b3e43ef29d6279727/element - {"using":"xpath","value":"//*[@id=\"__item5396-__clone17690-imgNav\"]"}
RESULT: {"using":"xpath","value":"//*[@id=\"__item5396-__clone17690-imgNav\"]"}
COMMAND: POST /session/2f3a3ed30178fd4b3e43ef29d6279727/element/f.8627BF333E87AC973E299D2132D92580.d.36B7C22E6F115C583BD14019DA65AB30.e.13061/click - {}
RESULT: {}
COMMAND: GET /session/2f3a3ed30178fd4b3e43ef29d6279727/screenshot - {}
RESULT: {}
COMMAND: POST /session/2f3a3ed30178fd4b3e43ef29d6279727/execute/async - {"script":"<script> [1562 bytes]","args":[{"selector":{"controlType":"sap.m.Button","viewName":"etm.portal.ui.managestatesandperformance.view.Detail","viewId":"application-managestatesandperformance-display-component---detailStateAndPerform","properties":{"text":"Performance Documents"}},"wdio_ui5_key":"etmportal.ui.managestatesandperformance.view.Detailsap.m.Button{\"text\":\"Performance Documents\"}"}]}
RESULT: {"script":"<script> [1562 bytes]","args":[{"selector":{"controlType":"sap.m.Button","viewName":"etm.portal.ui.managestatesandperformance.view.Detail","viewId":"application-managestatesandperformance-display-component---detailStateAndPerform","properties":{"text":"Performance Documents"}},"wdio_ui5_key":"etmportal.ui.managestatesandperformance.view.Detailsap.m.Button{\"text\":\"Performance Documents\"}"}]}
RESULT: undefined
COMMAND: POST /session/2f3a3ed30178fd4b3e43ef29d6279727/element - {"using":"xpath","value":"//*[@id=\"__item5419-button\"]"}
RESULT: {"using":"xpath","value":"//*[@id=\"__item5419-button\"]"}
COMMAND: POST /session/2f3a3ed30178fd4b3e43ef29d6279727/element/f.8627BF333E87AC973E299D2132D92580.d.36B7C22E6F115C583BD14019DA65AB30.e.13105/click - {}
RESULT: {}
COMMAND: POST /session/2f3a3ed30178fd4b3e43ef29d6279727/execute/async - {"script":"<script> [1562 bytes]","args":[{"selector":{"controlType":"sap.m.Button","viewName":"etm.portal.ui.managestatesandperformance.view.Detail","viewId":"application-managestatesandperformance-display-component---detailStateAndPerform","i18NText":{"propertyName":"text","key":"createPerformanceDoc"},"interaction":{"idSuffix":"BDI-content"}},"wdio_ui5_key":"etmportal.ui.managestatesandperformance.view.Detailsap.m.Button{\"propertyName\":\"text\",\"key\":\"createPerformanceDoc\"}"}]}
COMMAND: GET /session/2f3a3ed30178fd4b3e43ef29d6279727/screenshot - {}
RESULT: {"script":"<script> [1562 bytes]","args":[{"selector":{"controlType":"sap.m.Button","viewName":"etm.portal.ui.managestatesandperformance.view.Detail","viewId":"application-managestatesandperformance-display-component---detailStateAndPerform","i18NText":{"propertyName":"text","key":"createPerformanceDoc"},"interaction":{"idSuffix":"BDI-content"}},"wdio_ui5_key":"etmportal.ui.managestatesandperformance.view.Detailsap.m.Button{\"propertyName\":\"text\",\"key\":\"createPerformanceDoc\"}"}]}
RESULT: undefined
COMMAND: POST /session/2f3a3ed30178fd4b3e43ef29d6279727/element - {"using":"xpath","value":"//*[@id=\"__button515\"]"}
RESULT: {}
RESULT: {"using":"xpath","value":"//*[@id=\"__button515\"]"}
COMMAND: POST /session/2f3a3ed30178fd4b3e43ef29d6279727/element/f.8627BF333E87AC973E299D2132D92580.d.36B7C22E6F115C583BD14019DA65AB30.e.13109/click - {}
RESULT: {}
COMMAND: POST /session/2f3a3ed30178fd4b3e43ef29d6279727/execute/async - {"script":"<script> [1562 bytes]","args":[{"selector":{"id":"application-managestatesandperformance-display-component---detailStateAndPerform--perfDocDatePicker","searchOpenDialogs":true,"interaction":{"idSuffix":"inner"}},"wdio_ui5_key":"applicationmanagestatesandperformance-display-component---detailStateAndPerform--perfDocDatePicker"}]}
COMMAND: GET /session/2f3a3ed30178fd4b3e43ef29d6279727/screenshot - {}
RESULT: {"script":"<script> [1562 bytes]","args":[{"selector":{"id":"application-managestatesandperformance-display-component---detailStateAndPerform--perfDocDatePicker","searchOpenDialogs":true,"interaction":{"idSuffix":"inner"}},"wdio_ui5_key":"applicationmanagestatesandperformance-display-component---detailStateAndPerform--perfDocDatePicker"}]}
RESULT: undefined
COMMAND: POST /session/2f3a3ed30178fd4b3e43ef29d6279727/execute/async - {"script":"<script> [776 bytes]","args":[{"enterText":"04/25/25","selector":{"id":"application-managestatesandperformance-display-component---detailStateAndPerform--perfDocDatePicker","searchOpenDialogs":true,"interaction":{"idSuffix":"inner"}},"clearTextFirst":true,"interactionType":"ENTER_TEXT"}]}
RESULT: {}
RESULT: {"script":"<script> [776 bytes]","args":[{"enterText":"04/25/25","selector":{"id":"application-managestatesandperformance-display-component---detailStateAndPerform--perfDocDatePicker","searchOpenDialogs":true,"interaction":{"idSuffix":"inner"}},"clearTextFirst":true,"interactionType":"ENTER_TEXT"}]}
COMMAND: POST /session/2f3a3ed30178fd4b3e43ef29d6279727/execute/async - {"script":"<script> [1562 bytes]","args":[{"selector":{"id":"application-managestatesandperformance-display-component---detailStateAndPerform--counterValue-input","searchOpenDialogs":true,"interaction":{"idSuffix":"inner"}},"wdio_ui5_key":"applicationmanagestatesandperformance-display-component---detailStateAndPerform--counterValue-input"}]}
RESULT: {"script":"<script> [1562 bytes]","args":[{"selector":{"id":"application-managestatesandperformance-display-component---detailStateAndPerform--counterValue-input","searchOpenDialogs":true,"interaction":{"idSuffix":"inner"}},"wdio_ui5_key":"applicationmanagestatesandperformance-display-component---detailStateAndPerform--counterValue-input"}]}
RESULT: undefined
COMMAND: POST /session/2f3a3ed30178fd4b3e43ef29d6279727/execute/async - {"script":"<script> [776 bytes]","args":[{"enterText":"15.00","selector":{"id":"application-managestatesandperformance-display-component---detailStateAndPerform--counterValue-input","searchOpenDialogs":true,"interaction":{"idSuffix":"inner"}},"clearTextFirst":true,"interactionType":"ENTER_TEXT"}]}
RESULT: {"script":"<script> [776 bytes]","args":[{"enterText":"15.00","selector":{"id":"application-managestatesandperformance-display-component---detailStateAndPerform--counterValue-input","searchOpenDialogs":true,"interaction":{"idSuffix":"inner"}},"clearTextFirst":true,"interactionType":"ENTER_TEXT"}]}
COMMAND: POST /session/2f3a3ed30178fd4b3e43ef29d6279727/execute/async - {"script":"<script> [1562 bytes]","args":[{"selector":{"controlType":"sap.m.Button","viewName":"etm.portal.ui.managestatesandperformance.view.Detail","viewId":"application-managestatesandperformance-display-component---detailStateAndPerform","bindingPath":{"path":"","propertyPath":"/allowAddEdit","modelName":"oScreenModel"},"searchOpenDialogs":true,"interaction":{"idSuffix":"BDI-content"}},"wdio_ui5_key":"etmportal.ui.managestatesandperformance.view.Detailsap.m.Button{\"path\":\"\",\"propertyPath\":\"/allowAddEdit\",\"modelName\":\"oScreenModel\"}"}]}
RESULT: {"script":"<script> [1562 bytes]","args":[{"selector":{"controlType":"sap.m.Button","viewName":"etm.portal.ui.managestatesandperformance.view.Detail","viewId":"application-managestatesandperformance-display-component---detailStateAndPerform","bindingPath":{"path":"","propertyPath":"/allowAddEdit","modelName":"oScreenModel"},"searchOpenDialogs":true,"interaction":{"idSuffix":"BDI-content"}},"wdio_ui5_key":"etmportal.ui.managestatesandperformance.view.Detailsap.m.Button{\"path\":\"\",\"propertyPath\":\"/allowAddEdit\",\"modelName\":\"oScreenModel\"}"}]}
RESULT: undefined
COMMAND: POST /session/2f3a3ed30178fd4b3e43ef29d6279727/element - {"using":"xpath","value":"//*[@id=\"__button522\"]"}
RESULT: {"using":"xpath","value":"//*[@id=\"__button522\"]"}
COMMAND: POST /session/2f3a3ed30178fd4b3e43ef29d6279727/element/f.8627BF333E87AC973E299D2132D92580.d.36B7C22E6F115C583BD14019DA65AB30.e.13129/click - {}
RESULT: {}
RESULT: undefined
COMMAND: POST /session/2f3a3ed30178fd4b3e43ef29d6279727/element - {"using":"xpath","value":"//*[@id=\"__button515\"]"}
COMMAND: GET /session/2f3a3ed30178fd4b3e43ef29d6279727/screenshot - {}
RESULT: {"using":"xpath","value":"//*[@id=\"__button515\"]"}
COMMAND: POST /session/2f3a3ed30178fd4b3e43ef29d6279727/element/f.8627BF333E87AC973E299D2132D92580.d.36B7C22E6F115C583BD14019DA65AB30.e.13109/click - {}
RESULT: {}
RESULT: {}
RESULT: undefined
COMMAND: POST /session/2f3a3ed30178fd4b3e43ef29d6279727/execute/async - {"script":"<script> [776 bytes]","args":[{"enterText":"04/29/25","selector":{"id":"application-managestatesandperformance-display-component---detailStateAndPerform--perfDocDatePicker","searchOpenDialogs":true,"interaction":{"idSuffix":"inner"}},"clearTextFirst":true,"interactionType":"ENTER_TEXT"}]}
COMMAND: GET /session/2f3a3ed30178fd4b3e43ef29d6279727/screenshot - {}
RESULT: {"script":"<script> [776 bytes]","args":[{"enterText":"04/29/25","selector":{"id":"application-managestatesandperformance-display-component---detailStateAndPerform--perfDocDatePicker","searchOpenDialogs":true,"interaction":{"idSuffix":"inner"}},"clearTextFirst":true,"interactionType":"ENTER_TEXT"}]}
RESULT: undefined
COMMAND: POST /session/2f3a3ed30178fd4b3e43ef29d6279727/execute/async - {"script":"<script> [776 bytes]","args":[{"enterText":"20.00","selector":{"id":"application-managestatesandperformance-display-component---detailStateAndPerform--counterValue-input","searchOpenDialogs":true,"interaction":{"idSuffix":"inner"}},"clearTextFirst":true,"interactionType":"ENTER_TEXT"}]}
RESULT: {}
RESULT: {"script":"<script> [776 bytes]","args":[{"enterText":"20.00","selector":{"id":"application-managestatesandperformance-display-component---detailStateAndPerform--counterValue-input","searchOpenDialogs":true,"interaction":{"idSuffix":"inner"}},"clearTextFirst":true,"interactionType":"ENTER_TEXT"}]}
COMMAND: POST /session/2f3a3ed30178fd4b3e43ef29d6279727/actions - {"actions":[{"id":"action45","type":"key","parameters":{},"actions":[{"type":"keyDown","value":""},{"type":"keyDown","value":""},{"type":"pause","duration":10},{"type":"keyUp","value":""},{"type":"keyUp","value":""}]}]}
RESULT: {"actions":[{"id":"action45","type":"key","parameters":{},"actions":[{"type":"keyDown","value":""},{"type":"keyDown","value":""},{"type":"pause","duration":10},{"type":"keyUp","value":""},{"type":"keyUp","value":""}]}]}
COMMAND: POST /session/2f3a3ed30178fd4b3e43ef29d6279727/actions - {"actions":[{"id":"action46","type":"key","parameters":{},"actions":[{"type":"keyDown","value":""},{"type":"pause","duration":10},{"type":"keyUp","value":""}]}]}
COMMAND: GET /session/2f3a3ed30178fd4b3e43ef29d6279727/screenshot - {}
RESULT: {"actions":[{"id":"action46","type":"key","parameters":{},"actions":[{"type":"keyDown","value":""},{"type":"pause","duration":10},{"type":"keyUp","value":""}]}]}
RESULT: undefined
COMMAND: POST /session/2f3a3ed30178fd4b3e43ef29d6279727/element - {"using":"xpath","value":"//*[@id=\"__button522\"]"}
COMMAND: GET /session/2f3a3ed30178fd4b3e43ef29d6279727/screenshot - {}
RESULT: {}
RESULT: {"using":"xpath","value":"//*[@id=\"__button522\"]"}
COMMAND: POST /session/2f3a3ed30178fd4b3e43ef29d6279727/elements - {"using":"xpath","value":"//*[@id=\"__button522\"]"}
RESULT: {}
RESULT: {"using":"xpath","value":"//*[@id=\"__button522\"]"}
COMMAND: POST /session/2f3a3ed30178fd4b3e43ef29d6279727/elements - {"using":"xpath","value":"//*[@id=\"__button522\"]"}
RESULT: {"using":"xpath","value":"//*[@id=\"__button522\"]"}
COMMAND: POST /session/2f3a3ed30178fd4b3e43ef29d6279727/elements - {"using":"xpath","value":"//*[@id=\"__button522\"]"}
RESULT: {"using":"xpath","value":"//*[@id=\"__button522\"]"}
COMMAND: POST /session/2f3a3ed30178fd4b3e43ef29d6279727/elements - {"using":"xpath","value":"//*[@id=\"__button522\"]"}
RESULT: {"using":"xpath","value":"//*[@id=\"__button522\"]"}
COMMAND: POST /session/2f3a3ed30178fd4b3e43ef29d6279727/elements - {"using":"xpath","value":"//*[@id=\"__button522\"]"}
RESULT: {"using":"xpath","value":"//*[@id=\"__button522\"]"}
COMMAND: POST /session/2f3a3ed30178fd4b3e43ef29d6279727/elements - {"using":"xpath","value":"//*[@id=\"__button522\"]"}
RESULT: {"using":"xpath","value":"//*[@id=\"__button522\"]"}
COMMAND: POST /session/2f3a3ed30178fd4b3e43ef29d6279727/elements - {"using":"xpath","value":"//*[@id=\"__button522\"]"}
RESULT: {"using":"xpath","value":"//*[@id=\"__button522\"]"}
COMMAND: POST /session/2f3a3ed30178fd4b3e43ef29d6279727/elements - {"using":"xpath","value":"//*[@id=\"__button522\"]"}
RESULT: {"using":"xpath","value":"//*[@id=\"__button522\"]"}
COMMAND: POST /session/2f3a3ed30178fd4b3e43ef29d6279727/elements - {"using":"xpath","value":"//*[@id=\"__button522\"]"}
RESULT: {"using":"xpath","value":"//*[@id=\"__button522\"]"}
COMMAND: POST /session/2f3a3ed30178fd4b3e43ef29d6279727/elements - {"using":"xpath","value":"//*[@id=\"__button522\"]"}
RESULT: {"using":"xpath","value":"//*[@id=\"__button522\"]"}
COMMAND: POST /session/2f3a3ed30178fd4b3e43ef29d6279727/elements - {"using":"xpath","value":"//*[@id=\"__button522\"]"}
RESULT: {"using":"xpath","value":"//*[@id=\"__button522\"]"}
COMMAND: POST /session/2f3a3ed30178fd4b3e43ef29d6279727/elements - {"using":"xpath","value":"//*[@id=\"__button522\"]"}
RESULT: {"using":"xpath","value":"//*[@id=\"__button522\"]"}
COMMAND: POST /session/2f3a3ed30178fd4b3e43ef29d6279727/elements - {"using":"xpath","value":"//*[@id=\"__button522\"]"}
RESULT: {"using":"xpath","value":"//*[@id=\"__button522\"]"}
COMMAND: POST /session/2f3a3ed30178fd4b3e43ef29d6279727/elements - {"using":"xpath","value":"//*[@id=\"__button522\"]"}
RESULT: {"using":"xpath","value":"//*[@id=\"__button522\"]"}
COMMAND: POST /session/2f3a3ed30178fd4b3e43ef29d6279727/elements - {"using":"xpath","value":"//*[@id=\"__button522\"]"}
RESULT: {"using":"xpath","value":"//*[@id=\"__button522\"]"}
COMMAND: POST /session/2f3a3ed30178fd4b3e43ef29d6279727/elements - {"using":"xpath","value":"//*[@id=\"__button522\"]"}
RESULT: {"using":"xpath","value":"//*[@id=\"__button522\"]"}
COMMAND: POST /session/2f3a3ed30178fd4b3e43ef29d6279727/elements - {"using":"xpath","value":"//*[@id=\"__button522\"]"}
RESULT: {"using":"xpath","value":"//*[@id=\"__button522\"]"}
COMMAND: POST /session/2f3a3ed30178fd4b3e43ef29d6279727/elements - {"using":"xpath","value":"//*[@id=\"__button522\"]"}
RESULT: {"using":"xpath","value":"//*[@id=\"__button522\"]"}
COMMAND: POST /session/2f3a3ed30178fd4b3e43ef29d6279727/elements - {"using":"xpath","value":"//*[@id=\"__button522\"]"}
RESULT: {"using":"xpath","value":"//*[@id=\"__button522\"]"}
COMMAND: POST /session/2f3a3ed30178fd4b3e43ef29d6279727/elements - {"using":"xpath","value":"//*[@id=\"__button522\"]"}
RESULT: {"using":"xpath","value":"//*[@id=\"__button522\"]"}
COMMAND: POST /session/2f3a3ed30178fd4b3e43ef29d6279727/elements - {"using":"xpath","value":"//*[@id=\"__button522\"]"}
RESULT: {"using":"xpath","value":"//*[@id=\"__button522\"]"}
COMMAND: POST /session/2f3a3ed30178fd4b3e43ef29d6279727/elements - {"using":"xpath","value":"//*[@id=\"__button522\"]"}
RESULT: {"using":"xpath","value":"//*[@id=\"__button522\"]"}
COMMAND: POST /session/2f3a3ed30178fd4b3e43ef29d6279727/elements - {"using":"xpath","value":"//*[@id=\"__button522\"]"}
RESULT: {"using":"xpath","value":"//*[@id=\"__button522\"]"}
COMMAND: POST /session/2f3a3ed30178fd4b3e43ef29d6279727/elements - {"using":"xpath","value":"//*[@id=\"__button522\"]"}
RESULT: {"using":"xpath","value":"//*[@id=\"__button522\"]"}
COMMAND: POST /session/2f3a3ed30178fd4b3e43ef29d6279727/elements - {"using":"xpath","value":"//*[@id=\"__button522\"]"}
RESULT: {"using":"xpath","value":"//*[@id=\"__button522\"]"}
COMMAND: POST /session/2f3a3ed30178fd4b3e43ef29d6279727/elements - {"using":"xpath","value":"//*[@id=\"__button522\"]"}
RESULT: {"using":"xpath","value":"//*[@id=\"__button522\"]"}
COMMAND: POST /session/2f3a3ed30178fd4b3e43ef29d6279727/elements - {"using":"xpath","value":"//*[@id=\"__button522\"]"}
RESULT: {"using":"xpath","value":"//*[@id=\"__button522\"]"}
COMMAND: POST /session/2f3a3ed30178fd4b3e43ef29d6279727/elements - {"using":"xpath","value":"//*[@id=\"__button522\"]"}
RESULT: {"using":"xpath","value":"//*[@id=\"__button522\"]"}
COMMAND: POST /session/2f3a3ed30178fd4b3e43ef29d6279727/elements - {"using":"xpath","value":"//*[@id=\"__button522\"]"}
RESULT: {"using":"xpath","value":"//*[@id=\"__button522\"]"}
COMMAND: POST /session/2f3a3ed30178fd4b3e43ef29d6279727/elements - {"using":"xpath","value":"//*[@id=\"__button522\"]"}
RESULT: {"using":"xpath","value":"//*[@id=\"__button522\"]"}
COMMAND: POST /session/2f3a3ed30178fd4b3e43ef29d6279727/elements - {"using":"xpath","value":"//*[@id=\"__button522\"]"}
RESULT: {"using":"xpath","value":"//*[@id=\"__button522\"]"}
COMMAND: POST /session/2f3a3ed30178fd4b3e43ef29d6279727/elements - {"using":"xpath","value":"//*[@id=\"__button522\"]"}
RESULT: {"using":"xpath","value":"//*[@id=\"__button522\"]"}
COMMAND: POST /session/2f3a3ed30178fd4b3e43ef29d6279727/elements - {"using":"xpath","value":"//*[@id=\"__button522\"]"}
RESULT: {"using":"xpath","value":"//*[@id=\"__button522\"]"}
COMMAND: POST /session/2f3a3ed30178fd4b3e43ef29d6279727/elements - {"using":"xpath","value":"//*[@id=\"__button522\"]"}
RESULT: {"using":"xpath","value":"//*[@id=\"__button522\"]"}
COMMAND: POST /session/2f3a3ed30178fd4b3e43ef29d6279727/elements - {"using":"xpath","value":"//*[@id=\"__button522\"]"}
RESULT: {"using":"xpath","value":"//*[@id=\"__button522\"]"}
COMMAND: POST /session/2f3a3ed30178fd4b3e43ef29d6279727/elements - {"using":"xpath","value":"//*[@id=\"__button522\"]"}
RESULT: {"using":"xpath","value":"//*[@id=\"__button522\"]"}
COMMAND: POST /session/2f3a3ed30178fd4b3e43ef29d6279727/elements - {"using":"xpath","value":"//*[@id=\"__button522\"]"}
RESULT: {"using":"xpath","value":"//*[@id=\"__button522\"]"}
COMMAND: POST /session/2f3a3ed30178fd4b3e43ef29d6279727/elements - {"using":"xpath","value":"//*[@id=\"__button522\"]"}
RESULT: {"using":"xpath","value":"//*[@id=\"__button522\"]"}
COMMAND: POST /session/2f3a3ed30178fd4b3e43ef29d6279727/elements - {"using":"xpath","value":"//*[@id=\"__button522\"]"}
RESULT: {"using":"xpath","value":"//*[@id=\"__button522\"]"}
COMMAND: POST /session/2f3a3ed30178fd4b3e43ef29d6279727/elements - {"using":"xpath","value":"//*[@id=\"__button522\"]"}
RESULT: {"using":"xpath","value":"//*[@id=\"__button522\"]"}
COMMAND: POST /session/2f3a3ed30178fd4b3e43ef29d6279727/elements - {"using":"xpath","value":"//*[@id=\"__button522\"]"}
RESULT: {"using":"xpath","value":"//*[@id=\"__button522\"]"}
COMMAND: POST /session/2f3a3ed30178fd4b3e43ef29d6279727/elements - {"using":"xpath","value":"//*[@id=\"__button522\"]"}
RESULT: {"using":"xpath","value":"//*[@id=\"__button522\"]"}
COMMAND: POST /session/2f3a3ed30178fd4b3e43ef29d6279727/elements - {"using":"xpath","value":"//*[@id=\"__button522\"]"}
RESULT: {"using":"xpath","value":"//*[@id=\"__button522\"]"}
COMMAND: POST /session/2f3a3ed30178fd4b3e43ef29d6279727/elements - {"using":"xpath","value":"//*[@id=\"__button522\"]"}
RESULT: {"using":"xpath","value":"//*[@id=\"__button522\"]"}
COMMAND: POST /session/2f3a3ed30178fd4b3e43ef29d6279727/elements - {"using":"xpath","value":"//*[@id=\"__button522\"]"}
RESULT: {"using":"xpath","value":"//*[@id=\"__button522\"]"}
COMMAND: POST /session/2f3a3ed30178fd4b3e43ef29d6279727/elements - {"using":"xpath","value":"//*[@id=\"__button522\"]"}
RESULT: {"using":"xpath","value":"//*[@id=\"__button522\"]"}
COMMAND: POST /session/2f3a3ed30178fd4b3e43ef29d6279727/elements - {"using":"xpath","value":"//*[@id=\"__button522\"]"}
RESULT: {"using":"xpath","value":"//*[@id=\"__button522\"]"}
COMMAND: POST /session/2f3a3ed30178fd4b3e43ef29d6279727/elements - {"using":"xpath","value":"//*[@id=\"__button522\"]"}
RESULT: {"using":"xpath","value":"//*[@id=\"__button522\"]"}
COMMAND: POST /session/2f3a3ed30178fd4b3e43ef29d6279727/elements - {"using":"xpath","value":"//*[@id=\"__button522\"]"}
RESULT: {"using":"xpath","value":"//*[@id=\"__button522\"]"}
COMMAND: POST /session/2f3a3ed30178fd4b3e43ef29d6279727/elements - {"using":"xpath","value":"//*[@id=\"__button522\"]"}
RESULT: {"using":"xpath","value":"//*[@id=\"__button522\"]"}
COMMAND: POST /session/2f3a3ed30178fd4b3e43ef29d6279727/elements - {"using":"xpath","value":"//*[@id=\"__button522\"]"}
RESULT: {"using":"xpath","value":"//*[@id=\"__button522\"]"}
COMMAND: POST /session/2f3a3ed30178fd4b3e43ef29d6279727/elements - {"using":"xpath","value":"//*[@id=\"__button522\"]"}
RESULT: {"using":"xpath","value":"//*[@id=\"__button522\"]"}
COMMAND: POST /session/2f3a3ed30178fd4b3e43ef29d6279727/elements - {"using":"xpath","value":"//*[@id=\"__button522\"]"}
RESULT: {"using":"xpath","value":"//*[@id=\"__button522\"]"}
COMMAND: POST /session/2f3a3ed30178fd4b3e43ef29d6279727/elements - {"using":"xpath","value":"//*[@id=\"__button522\"]"}
RESULT: {"using":"xpath","value":"//*[@id=\"__button522\"]"}
COMMAND: POST /session/2f3a3ed30178fd4b3e43ef29d6279727/elements - {"using":"xpath","value":"//*[@id=\"__button522\"]"}
RESULT: {"using":"xpath","value":"//*[@id=\"__button522\"]"}
COMMAND: POST /session/2f3a3ed30178fd4b3e43ef29d6279727/elements - {"using":"xpath","value":"//*[@id=\"__button522\"]"}
RESULT: {"using":"xpath","value":"//*[@id=\"__button522\"]"}
COMMAND: POST /session/2f3a3ed30178fd4b3e43ef29d6279727/elements - {"using":"xpath","value":"//*[@id=\"__button522\"]"}
RESULT: {"using":"xpath","value":"//*[@id=\"__button522\"]"}
COMMAND: POST /session/2f3a3ed30178fd4b3e43ef29d6279727/elements - {"using":"xpath","value":"//*[@id=\"__button522\"]"}
RESULT: {"using":"xpath","value":"//*[@id=\"__button522\"]"}
COMMAND: POST /session/2f3a3ed30178fd4b3e43ef29d6279727/elements - {"using":"xpath","value":"//*[@id=\"__button522\"]"}
RESULT: {"using":"xpath","value":"//*[@id=\"__button522\"]"}
COMMAND: POST /session/2f3a3ed30178fd4b3e43ef29d6279727/elements - {"using":"xpath","value":"//*[@id=\"__button522\"]"}
RESULT: {"using":"xpath","value":"//*[@id=\"__button522\"]"}
COMMAND: POST /session/2f3a3ed30178fd4b3e43ef29d6279727/elements - {"using":"xpath","value":"//*[@id=\"__button522\"]"}
RESULT: {"using":"xpath","value":"//*[@id=\"__button522\"]"}
COMMAND: POST /session/2f3a3ed30178fd4b3e43ef29d6279727/elements - {"using":"xpath","value":"//*[@id=\"__button522\"]"}
RESULT: {"using":"xpath","value":"//*[@id=\"__button522\"]"}
COMMAND: POST /session/2f3a3ed30178fd4b3e43ef29d6279727/elements - {"using":"xpath","value":"//*[@id=\"__button522\"]"}
RESULT: {"using":"xpath","value":"//*[@id=\"__button522\"]"}
COMMAND: POST /session/2f3a3ed30178fd4b3e43ef29d6279727/elements - {"using":"xpath","value":"//*[@id=\"__button522\"]"}
RESULT: {"using":"xpath","value":"//*[@id=\"__button522\"]"}
COMMAND: POST /session/2f3a3ed30178fd4b3e43ef29d6279727/elements - {"using":"xpath","value":"//*[@id=\"__button522\"]"}
RESULT: {"using":"xpath","value":"//*[@id=\"__button522\"]"}
COMMAND: POST /session/2f3a3ed30178fd4b3e43ef29d6279727/elements - {"using":"xpath","value":"//*[@id=\"__button522\"]"}
RESULT: {"using":"xpath","value":"//*[@id=\"__button522\"]"}
COMMAND: POST /session/2f3a3ed30178fd4b3e43ef29d6279727/elements - {"using":"xpath","value":"//*[@id=\"__button522\"]"}
RESULT: {"using":"xpath","value":"//*[@id=\"__button522\"]"}
COMMAND: POST /session/2f3a3ed30178fd4b3e43ef29d6279727/elements - {"using":"xpath","value":"//*[@id=\"__button522\"]"}
RESULT: {"using":"xpath","value":"//*[@id=\"__button522\"]"}
COMMAND: POST /session/2f3a3ed30178fd4b3e43ef29d6279727/elements - {"using":"xpath","value":"//*[@id=\"__button522\"]"}
RESULT: {"using":"xpath","value":"//*[@id=\"__button522\"]"}
COMMAND: POST /session/2f3a3ed30178fd4b3e43ef29d6279727/elements - {"using":"xpath","value":"//*[@id=\"__button522\"]"}
RESULT: {"using":"xpath","value":"//*[@id=\"__button522\"]"}
COMMAND: POST /session/2f3a3ed30178fd4b3e43ef29d6279727/elements - {"using":"xpath","value":"//*[@id=\"__button522\"]"}
RESULT: {"using":"xpath","value":"//*[@id=\"__button522\"]"}
COMMAND: POST /session/2f3a3ed30178fd4b3e43ef29d6279727/elements - {"using":"xpath","value":"//*[@id=\"__button522\"]"}
RESULT: {"using":"xpath","value":"//*[@id=\"__button522\"]"}
COMMAND: POST /session/2f3a3ed30178fd4b3e43ef29d6279727/elements - {"using":"xpath","value":"//*[@id=\"__button522\"]"}
RESULT: {"using":"xpath","value":"//*[@id=\"__button522\"]"}
COMMAND: POST /session/2f3a3ed30178fd4b3e43ef29d6279727/elements - {"using":"xpath","value":"//*[@id=\"__button522\"]"}
RESULT: {"using":"xpath","value":"//*[@id=\"__button522\"]"}
COMMAND: POST /session/2f3a3ed30178fd4b3e43ef29d6279727/elements - {"using":"xpath","value":"//*[@id=\"__button522\"]"}
RESULT: {"using":"xpath","value":"//*[@id=\"__button522\"]"}
COMMAND: POST /session/2f3a3ed30178fd4b3e43ef29d6279727/elements - {"using":"xpath","value":"//*[@id=\"__button522\"]"}
RESULT: {"using":"xpath","value":"//*[@id=\"__button522\"]"}
COMMAND: POST /session/2f3a3ed30178fd4b3e43ef29d6279727/elements - {"using":"xpath","value":"//*[@id=\"__button522\"]"}
RESULT: {"using":"xpath","value":"//*[@id=\"__button522\"]"}
COMMAND: POST /session/2f3a3ed30178fd4b3e43ef29d6279727/elements - {"using":"xpath","value":"//*[@id=\"__button522\"]"}
RESULT: {"using":"xpath","value":"//*[@id=\"__button522\"]"}
COMMAND: POST /session/2f3a3ed30178fd4b3e43ef29d6279727/elements - {"using":"xpath","value":"//*[@id=\"__button522\"]"}
RESULT: {"using":"xpath","value":"//*[@id=\"__button522\"]"}
COMMAND: POST /session/2f3a3ed30178fd4b3e43ef29d6279727/elements - {"using":"xpath","value":"//*[@id=\"__button522\"]"}
RESULT: {"using":"xpath","value":"//*[@id=\"__button522\"]"}
COMMAND: POST /session/2f3a3ed30178fd4b3e43ef29d6279727/elements - {"using":"xpath","value":"//*[@id=\"__button522\"]"}
RESULT: {"using":"xpath","value":"//*[@id=\"__button522\"]"}
COMMAND: POST /session/2f3a3ed30178fd4b3e43ef29d6279727/elements - {"using":"xpath","value":"//*[@id=\"__button522\"]"}
RESULT: {"using":"xpath","value":"//*[@id=\"__button522\"]"}
COMMAND: POST /session/2f3a3ed30178fd4b3e43ef29d6279727/elements - {"using":"xpath","value":"//*[@id=\"__button522\"]"}
RESULT: {"using":"xpath","value":"//*[@id=\"__button522\"]"}
COMMAND: POST /session/2f3a3ed30178fd4b3e43ef29d6279727/elements - {"using":"xpath","value":"//*[@id=\"__button522\"]"}
RESULT: {"using":"xpath","value":"//*[@id=\"__button522\"]"}
COMMAND: POST /session/2f3a3ed30178fd4b3e43ef29d6279727/elements - {"using":"xpath","value":"//*[@id=\"__button522\"]"}
RESULT: {"using":"xpath","value":"//*[@id=\"__button522\"]"}
COMMAND: POST /session/2f3a3ed30178fd4b3e43ef29d6279727/elements - {"using":"xpath","value":"//*[@id=\"__button522\"]"}
RESULT: {"using":"xpath","value":"//*[@id=\"__button522\"]"}
COMMAND: POST /session/2f3a3ed30178fd4b3e43ef29d6279727/elements - {"using":"xpath","value":"//*[@id=\"__button522\"]"}
RESULT: {"using":"xpath","value":"//*[@id=\"__button522\"]"}
COMMAND: POST /session/2f3a3ed30178fd4b3e43ef29d6279727/elements - {"using":"xpath","value":"//*[@id=\"__button522\"]"}
RESULT: {"using":"xpath","value":"//*[@id=\"__button522\"]"}
COMMAND: POST /session/2f3a3ed30178fd4b3e43ef29d6279727/elements - {"using":"xpath","value":"//*[@id=\"__button522\"]"}
RESULT: {"using":"xpath","value":"//*[@id=\"__button522\"]"}
COMMAND: POST /session/2f3a3ed30178fd4b3e43ef29d6279727/elements - {"using":"xpath","value":"//*[@id=\"__button522\"]"}
RESULT: {"using":"xpath","value":"//*[@id=\"__button522\"]"}
COMMAND: POST /session/2f3a3ed30178fd4b3e43ef29d6279727/elements - {"using":"xpath","value":"//*[@id=\"__button522\"]"}
RESULT: {"using":"xpath","value":"//*[@id=\"__button522\"]"}
COMMAND: POST /session/2f3a3ed30178fd4b3e43ef29d6279727/elements - {"using":"xpath","value":"//*[@id=\"__button522\"]"}
RESULT: {"using":"xpath","value":"//*[@id=\"__button522\"]"}
COMMAND: POST /session/2f3a3ed30178fd4b3e43ef29d6279727/elements - {"using":"xpath","value":"//*[@id=\"__button522\"]"}
RESULT: {"using":"xpath","value":"//*[@id=\"__button522\"]"}
COMMAND: POST /session/2f3a3ed30178fd4b3e43ef29d6279727/elements - {"using":"xpath","value":"//*[@id=\"__button522\"]"}
RESULT: {"using":"xpath","value":"//*[@id=\"__button522\"]"}
COMMAND: POST /session/2f3a3ed30178fd4b3e43ef29d6279727/elements - {"using":"xpath","value":"//*[@id=\"__button522\"]"}
RESULT: {"using":"xpath","value":"//*[@id=\"__button522\"]"}
COMMAND: POST /session/2f3a3ed30178fd4b3e43ef29d6279727/elements - {"using":"xpath","value":"//*[@id=\"__button522\"]"}
RESULT: {"using":"xpath","value":"//*[@id=\"__button522\"]"}
COMMAND: POST /session/2f3a3ed30178fd4b3e43ef29d6279727/elements - {"using":"xpath","value":"//*[@id=\"__button522\"]"}
RESULT: {"using":"xpath","value":"//*[@id=\"__button522\"]"}
COMMAND: POST /session/2f3a3ed30178fd4b3e43ef29d6279727/elements - {"using":"xpath","value":"//*[@id=\"__button522\"]"}
RESULT: {"using":"xpath","value":"//*[@id=\"__button522\"]"}
COMMAND: POST /session/2f3a3ed30178fd4b3e43ef29d6279727/elements - {"using":"xpath","value":"//*[@id=\"__button522\"]"}
RESULT: {"using":"xpath","value":"//*[@id=\"__button522\"]"}
COMMAND: POST /session/2f3a3ed30178fd4b3e43ef29d6279727/elements - {"using":"xpath","value":"//*[@id=\"__button522\"]"}
RESULT: {"using":"xpath","value":"//*[@id=\"__button522\"]"}
COMMAND: POST /session/2f3a3ed30178fd4b3e43ef29d6279727/elements - {"using":"xpath","value":"//*[@id=\"__button522\"]"}
RESULT: {"using":"xpath","value":"//*[@id=\"__button522\"]"}
COMMAND: POST /session/2f3a3ed30178fd4b3e43ef29d6279727/elements - {"using":"xpath","value":"//*[@id=\"__button522\"]"}
RESULT: {"using":"xpath","value":"//*[@id=\"__button522\"]"}
COMMAND: POST /session/2f3a3ed30178fd4b3e43ef29d6279727/elements - {"using":"xpath","value":"//*[@id=\"__button522\"]"}
RESULT: {"using":"xpath","value":"//*[@id=\"__button522\"]"}
COMMAND: POST /session/2f3a3ed30178fd4b3e43ef29d6279727/elements - {"using":"xpath","value":"//*[@id=\"__button522\"]"}
RESULT: {"using":"xpath","value":"//*[@id=\"__button522\"]"}
COMMAND: POST /session/2f3a3ed30178fd4b3e43ef29d6279727/elements - {"using":"xpath","value":"//*[@id=\"__button522\"]"}
RESULT: {"using":"xpath","value":"//*[@id=\"__button522\"]"}
COMMAND: POST /session/2f3a3ed30178fd4b3e43ef29d6279727/elements - {"using":"xpath","value":"//*[@id=\"__button522\"]"}
RESULT: {"using":"xpath","value":"//*[@id=\"__button522\"]"}
COMMAND: POST /session/2f3a3ed30178fd4b3e43ef29d6279727/elements - {"using":"xpath","value":"//*[@id=\"__button522\"]"}
RESULT: {"using":"xpath","value":"//*[@id=\"__button522\"]"}
COMMAND: POST /session/2f3a3ed30178fd4b3e43ef29d6279727/elements - {"using":"xpath","value":"//*[@id=\"__button522\"]"}
RESULT: {"using":"xpath","value":"//*[@id=\"__button522\"]"}
COMMAND: POST /session/2f3a3ed30178fd4b3e43ef29d6279727/elements - {"using":"xpath","value":"//*[@id=\"__button522\"]"}
RESULT: {"using":"xpath","value":"//*[@id=\"__button522\"]"}
COMMAND: POST /session/2f3a3ed30178fd4b3e43ef29d6279727/elements - {"using":"xpath","value":"//*[@id=\"__button522\"]"}
RESULT: {"using":"xpath","value":"//*[@id=\"__button522\"]"}
COMMAND: POST /session/2f3a3ed30178fd4b3e43ef29d6279727/elements - {"using":"xpath","value":"//*[@id=\"__button522\"]"}
RESULT: {"using":"xpath","value":"//*[@id=\"__button522\"]"}
COMMAND: POST /session/2f3a3ed30178fd4b3e43ef29d6279727/elements - {"using":"xpath","value":"//*[@id=\"__button522\"]"}
RESULT: {"using":"xpath","value":"//*[@id=\"__button522\"]"}
COMMAND: POST /session/2f3a3ed30178fd4b3e43ef29d6279727/elements - {"using":"xpath","value":"//*[@id=\"__button522\"]"}
RESULT: {"using":"xpath","value":"//*[@id=\"__button522\"]"}
COMMAND: POST /session/2f3a3ed30178fd4b3e43ef29d6279727/elements - {"using":"xpath","value":"//*[@id=\"__button522\"]"}
RESULT: {"using":"xpath","value":"//*[@id=\"__button522\"]"}
COMMAND: POST /session/2f3a3ed30178fd4b3e43ef29d6279727/elements - {"using":"xpath","value":"//*[@id=\"__button522\"]"}
RESULT: {"using":"xpath","value":"//*[@id=\"__button522\"]"}
COMMAND: POST /session/2f3a3ed30178fd4b3e43ef29d6279727/elements - {"using":"xpath","value":"//*[@id=\"__button522\"]"}
RESULT: {"using":"xpath","value":"//*[@id=\"__button522\"]"}
COMMAND: POST /session/2f3a3ed30178fd4b3e43ef29d6279727/elements - {"using":"xpath","value":"//*[@id=\"__button522\"]"}
RESULT: {"using":"xpath","value":"//*[@id=\"__button522\"]"}
COMMAND: POST /session/2f3a3ed30178fd4b3e43ef29d6279727/elements - {"using":"xpath","value":"//*[@id=\"__button522\"]"}
RESULT: {"using":"xpath","value":"//*[@id=\"__button522\"]"}
COMMAND: POST /session/2f3a3ed30178fd4b3e43ef29d6279727/elements - {"using":"xpath","value":"//*[@id=\"__button522\"]"}
RESULT: {"using":"xpath","value":"//*[@id=\"__button522\"]"}
COMMAND: POST /session/2f3a3ed30178fd4b3e43ef29d6279727/elements - {"using":"xpath","value":"//*[@id=\"__button522\"]"}
RESULT: {"using":"xpath","value":"//*[@id=\"__button522\"]"}
COMMAND: POST /session/2f3a3ed30178fd4b3e43ef29d6279727/elements - {"using":"xpath","value":"//*[@id=\"__button522\"]"}
COMMAND: POST /session/2f3a3ed30178fd4b3e43ef29d6279727/element - {"using":"css selector","value":"#shell-header-logo"}
RESULT: {"using":"xpath","value":"//*[@id=\"__button522\"]"}
RESULT: {"using":"css selector","value":"#shell-header-logo"}
COMMAND: POST /session/2f3a3ed30178fd4b3e43ef29d6279727/execute/sync - {"script":"<script> [8489 bytes]","args":[{"element-6066-11e4-a52e-4f735466cecf":"f.8627BF333E87AC973E299D2132D92580.d.36B7C22E6F115C583BD14019DA65AB30.e.12950","ELEMENT":"f.8627BF333E87AC973E299D2132D92580.d.36B7C22E6F115C583BD14019DA65AB30.e.12950"}]}
RESULT: {"script":"<script> [8489 bytes]","args":[{"element-6066-11e4-a52e-4f735466cecf":"f.8627BF333E87AC973E299D2132D92580.d.36B7C22E6F115C583BD14019DA65AB30.e.12950","ELEMENT":"f.8627BF333E87AC973E299D2132D92580.d.36B7C22E6F115C583BD14019DA65AB30.e.12950"}]}
COMMAND: POST /session/2f3a3ed30178fd4b3e43ef29d6279727/execute/sync - {"script":"<script> [5351 bytes]","args":[{"element-6066-11e4-a52e-4f735466cecf":"f.8627BF333E87AC973E299D2132D92580.d.36B7C22E6F115C583BD14019DA65AB30.e.12950","ELEMENT":"f.8627BF333E87AC973E299D2132D92580.d.36B7C22E6F115C583BD14019DA65AB30.e.12950"}]}
COMMAND: GET /session/2f3a3ed30178fd4b3e43ef29d6279727/screenshot - {}
RESULT: {"script":"<script> [5351 bytes]","args":[{"element-6066-11e4-a52e-4f735466cecf":"f.8627BF333E87AC973E299D2132D92580.d.36B7C22E6F115C583BD14019DA65AB30.e.12950","ELEMENT":"f.8627BF333E87AC973E299D2132D92580.d.36B7C22E6F115C583BD14019DA65AB30.e.12950"}]}
COMMAND: POST /session/2f3a3ed30178fd4b3e43ef29d6279727/element/f.8627BF333E87AC973E299D2132D92580.d.36B7C22E6F115C583BD14019DA65AB30.e.12950/click - {}
COMMAND: GET /session/2f3a3ed30178fd4b3e43ef29d6279727/screenshot - {}
RESULT: {}
RESULT: {}
]]></system-out>
    </testcase>
    <testcase classname="chrome.135_0_7049_42.windows.Create_master_data_for_mixed_billing_&amp;_do_billing_calculation_US151661" name="Should go to Manage Billings and trigger calculation check the conditions applied" time="67.712">
      <system-out><![CDATA[
COMMAND: POST /session/2f3a3ed30178fd4b3e43ef29d6279727/execute/async - {"script":"<script> [1562 bytes]","args":[{"selector":{"controlType":"sap.m.GenericTile","properties":{"header":"Manage Billings"}},"wdio_ui5_key":"sapm.GenericTile{\"header\":\"Manage Billings\"}"}]}
COMMAND: GET /session/2f3a3ed30178fd4b3e43ef29d6279727/screenshot - {}
RESULT: {}
RESULT: {"script":"<script> [1562 bytes]","args":[{"selector":{"controlType":"sap.m.GenericTile","properties":{"header":"Manage Billings"}},"wdio_ui5_key":"sapm.GenericTile{\"header\":\"Manage Billings\"}"}]}
RESULT: undefined
COMMAND: POST /session/2f3a3ed30178fd4b3e43ef29d6279727/element - {"using":"xpath","value":"//*[@id=\"__tile51\"]"}
RESULT: {}
RESULT: {"using":"xpath","value":"//*[@id=\"__tile51\"]"}
COMMAND: POST /session/2f3a3ed30178fd4b3e43ef29d6279727/element/f.8627BF333E87AC973E299D2132D92580.d.36B7C22E6F115C583BD14019DA65AB30.e.5871/click - {}
RESULT: {}
COMMAND: GET /session/2f3a3ed30178fd4b3e43ef29d6279727/screenshot - {}
RESULT: {}
COMMAND: POST /session/2f3a3ed30178fd4b3e43ef29d6279727/execute/async - {"script":"<script> [1562 bytes]","args":[{"selector":{"id":"application-managebillings-display-component---billRunCalcResult--smartFilterBar-btnBasicSearch","interaction":{"idSuffix":"I"}},"wdio_ui5_key":"applicationmanagebillings-display-component---billRunCalcResult--smartFilterBar-btnBasicSearch"}]}
RESULT: {"script":"<script> [1562 bytes]","args":[{"selector":{"id":"application-managebillings-display-component---billRunCalcResult--smartFilterBar-btnBasicSearch","interaction":{"idSuffix":"I"}},"wdio_ui5_key":"applicationmanagebillings-display-component---billRunCalcResult--smartFilterBar-btnBasicSearch"}]}
RESULT: undefined
COMMAND: POST /session/2f3a3ed30178fd4b3e43ef29d6279727/execute/async - {"script":"<script> [776 bytes]","args":[{"enterText":"10622","selector":{"id":"application-managebillings-display-component---billRunCalcResult--smartFilterBar-btnBasicSearch","interaction":{"idSuffix":"I"}},"clearTextFirst":true,"interactionType":"ENTER_TEXT"}]}
RESULT: {"script":"<script> [776 bytes]","args":[{"enterText":"10622","selector":{"id":"application-managebillings-display-component---billRunCalcResult--smartFilterBar-btnBasicSearch","interaction":{"idSuffix":"I"}},"clearTextFirst":true,"interactionType":"ENTER_TEXT"}]}
COMMAND: POST /session/2f3a3ed30178fd4b3e43ef29d6279727/actions - {"actions":[{"id":"action47","type":"key","parameters":{},"actions":[{"type":"keyDown","value":""},{"type":"pause","duration":10},{"type":"keyUp","value":""}]}]}
RESULT: {"actions":[{"id":"action47","type":"key","parameters":{},"actions":[{"type":"keyDown","value":""},{"type":"pause","duration":10},{"type":"keyUp","value":""}]}]}
COMMAND: GET /session/2f3a3ed30178fd4b3e43ef29d6279727/screenshot - {}
RESULT: {}
COMMAND: POST /session/2f3a3ed30178fd4b3e43ef29d6279727/element - {"using":"xpath","value":"//td[@aria-colindex=\"1\"]/div/div[contains(@class, \"sapMCbBg\")]"}
RESULT: {"using":"xpath","value":"//td[@aria-colindex=\"1\"]/div/div[contains(@class, \"sapMCbBg\")]"}
COMMAND: POST /session/2f3a3ed30178fd4b3e43ef29d6279727/element/f.8627BF333E87AC973E299D2132D92580.d.36B7C22E6F115C583BD14019DA65AB30.e.13358/click - {}
RESULT: {}
COMMAND: GET /session/2f3a3ed30178fd4b3e43ef29d6279727/screenshot - {}
RESULT: {}
COMMAND: POST /session/2f3a3ed30178fd4b3e43ef29d6279727/execute/async - {"script":"<script> [1562 bytes]","args":[{"selector":{"id":"application-managebillings-display-component---billRunCalcResult--contractBillRunDate","interaction":{"idSuffix":"inner"}},"wdio_ui5_key":"applicationmanagebillings-display-component---billRunCalcResult--contractBillRunDate"}]}
RESULT: {"script":"<script> [1562 bytes]","args":[{"selector":{"id":"application-managebillings-display-component---billRunCalcResult--contractBillRunDate","interaction":{"idSuffix":"inner"}},"wdio_ui5_key":"applicationmanagebillings-display-component---billRunCalcResult--contractBillRunDate"}]}
RESULT: undefined
COMMAND: POST /session/2f3a3ed30178fd4b3e43ef29d6279727/execute/async - {"script":"<script> [776 bytes]","args":[{"enterText":"05/23/25","selector":{"id":"application-managebillings-display-component---billRunCalcResult--contractBillRunDate","interaction":{"idSuffix":"inner"}},"clearTextFirst":true,"interactionType":"ENTER_TEXT"}]}
RESULT: {"script":"<script> [776 bytes]","args":[{"enterText":"05/23/25","selector":{"id":"application-managebillings-display-component---billRunCalcResult--contractBillRunDate","interaction":{"idSuffix":"inner"}},"clearTextFirst":true,"interactionType":"ENTER_TEXT"}]}
COMMAND: POST /session/2f3a3ed30178fd4b3e43ef29d6279727/element - {"using":"xpath","value":"//bdi[contains(text(), \"Trigger Calculation\")]"}
RESULT: {"using":"xpath","value":"//bdi[contains(text(), \"Trigger Calculation\")]"}
COMMAND: POST /session/2f3a3ed30178fd4b3e43ef29d6279727/element/f.8627BF333E87AC973E299D2132D92580.d.36B7C22E6F115C583BD14019DA65AB30.e.13496/click - {}
RESULT: {}
COMMAND: GET /session/2f3a3ed30178fd4b3e43ef29d6279727/screenshot - {}
RESULT: {}
COMMAND: POST /session/2f3a3ed30178fd4b3e43ef29d6279727/element - {"using":"xpath","value":"(//span[contains(@id, \"imgNav\")])[1]"}
RESULT: {"using":"xpath","value":"(//span[contains(@id, \"imgNav\")])[1]"}
COMMAND: POST /session/2f3a3ed30178fd4b3e43ef29d6279727/element/f.8627BF333E87AC973E299D2132D92580.d.36B7C22E6F115C583BD14019DA65AB30.e.13385/click - {}
RESULT: {}
COMMAND: GET /session/2f3a3ed30178fd4b3e43ef29d6279727/screenshot - {}
RESULT: {}
COMMAND: POST /session/2f3a3ed30178fd4b3e43ef29d6279727/element - {"using":"xpath","value":"//tr/td[6]/div[1]/span[1]/span[1]"}
RESULT: {"using":"xpath","value":"//tr/td[6]/div[1]/span[1]/span[1]"}
COMMAND: GET /session/2f3a3ed30178fd4b3e43ef29d6279727/element/f.8627BF333E87AC973E299D2132D92580.d.36B7C22E6F115C583BD14019DA65AB30.e.13501/text - {}
RESULT: {}
COMMAND: POST /session/2f3a3ed30178fd4b3e43ef29d6279727/element - {"using":"xpath","value":"(//span[contains(@id, \"imgNav\")])[2]"}
RESULT: {"using":"xpath","value":"(//span[contains(@id, \"imgNav\")])[2]"}
COMMAND: POST /session/2f3a3ed30178fd4b3e43ef29d6279727/element/f.8627BF333E87AC973E299D2132D92580.d.36B7C22E6F115C583BD14019DA65AB30.e.13502/click - {}
RESULT: {}
COMMAND: POST /session/2f3a3ed30178fd4b3e43ef29d6279727/element - {"using":"xpath","value":"//bdi[contains(text(), \"Business Confirm\")]"}
COMMAND: GET /session/2f3a3ed30178fd4b3e43ef29d6279727/screenshot - {}
RESULT: {"using":"xpath","value":"//bdi[contains(text(), \"Business Confirm\")]"}
COMMAND: POST /session/2f3a3ed30178fd4b3e43ef29d6279727/elements - {"using":"xpath","value":"//bdi[contains(text(), \"Business Confirm\")]"}
RESULT: {}
RESULT: {"using":"xpath","value":"//bdi[contains(text(), \"Business Confirm\")]"}
COMMAND: POST /session/2f3a3ed30178fd4b3e43ef29d6279727/elements - {"using":"xpath","value":"//bdi[contains(text(), \"Business Confirm\")]"}
RESULT: {"using":"xpath","value":"//bdi[contains(text(), \"Business Confirm\")]"}
COMMAND: POST /session/2f3a3ed30178fd4b3e43ef29d6279727/element - {"using":"xpath","value":"//bdi[contains(text(), \"Business Confirm\")]"}
RESULT: {"using":"xpath","value":"//bdi[contains(text(), \"Business Confirm\")]"}
COMMAND: POST /session/2f3a3ed30178fd4b3e43ef29d6279727/element/f.8627BF333E87AC973E299D2132D92580.d.36B7C22E6F115C583BD14019DA65AB30.e.13531/click - {}
RESULT: {}
COMMAND: POST /session/2f3a3ed30178fd4b3e43ef29d6279727/element - {"using":"css selector","value":"#shell-header-logo"}
RESULT: {"using":"css selector","value":"#shell-header-logo"}
COMMAND: POST /session/2f3a3ed30178fd4b3e43ef29d6279727/element/f.8627BF333E87AC973E299D2132D92580.d.36B7C22E6F115C583BD14019DA65AB30.e.13144/click - {}
COMMAND: GET /session/2f3a3ed30178fd4b3e43ef29d6279727/screenshot - {}
RESULT: {}
COMMAND: GET /session/2f3a3ed30178fd4b3e43ef29d6279727/screenshot - {}
RESULT: {}
RESULT: {}
COMMAND: POST /session/2f3a3ed30178fd4b3e43ef29d6279727/element - {"using":"css selector","value":"#j_username"}
COMMAND: POST /session/2f3a3ed30178fd4b3e43ef29d6279727/url - {"url":"https://qa-testing-00-live-etm-ui.cfapps.eu10-004.hana.ondemand.com/"}
RESULT: {"using":"css selector","value":"#j_username"}
COMMAND: POST /session/2f3a3ed30178fd4b3e43ef29d6279727/element - {"using":"css selector","value":"#j_username"}
RESULT: {"url":"https://qa-testing-00-live-etm-ui.cfapps.eu10-004.hana.ondemand.com/"}
RESULT: undefined
COMMAND: GET /session/2f3a3ed30178fd4b3e43ef29d6279727/screenshot - {}
RESULT: {"using":"css selector","value":"#j_username"}
COMMAND: POST /session/2f3a3ed30178fd4b3e43ef29d6279727/element - {"using":"css selector","value":"#shell-header-logo"}
RESULT: {}
RESULT: {"using":"css selector","value":"#shell-header-logo"}
COMMAND: POST /session/2f3a3ed30178fd4b3e43ef29d6279727/execute/sync - {"script":"<script> [8489 bytes]","args":[{"element-6066-11e4-a52e-4f735466cecf":"f.8627BF333E87AC973E299D2132D92580.d.A27BABFD7143BBB78820288B78A27714.e.13586","ELEMENT":"f.8627BF333E87AC973E299D2132D92580.d.A27BABFD7143BBB78820288B78A27714.e.13586"}]}
RESULT: {"script":"<script> [8489 bytes]","args":[{"element-6066-11e4-a52e-4f735466cecf":"f.8627BF333E87AC973E299D2132D92580.d.A27BABFD7143BBB78820288B78A27714.e.13586","ELEMENT":"f.8627BF333E87AC973E299D2132D92580.d.A27BABFD7143BBB78820288B78A27714.e.13586"}]}
COMMAND: POST /session/2f3a3ed30178fd4b3e43ef29d6279727/element - {"using":"css selector","value":"#shell-header-logo"}
COMMAND: GET /session/2f3a3ed30178fd4b3e43ef29d6279727/screenshot - {}
RESULT: {"using":"css selector","value":"#shell-header-logo"}
COMMAND: POST /session/2f3a3ed30178fd4b3e43ef29d6279727/execute/sync - {"script":"<script> [8489 bytes]","args":[{"element-6066-11e4-a52e-4f735466cecf":"f.8627BF333E87AC973E299D2132D92580.d.A27BABFD7143BBB78820288B78A27714.e.13586","ELEMENT":"f.8627BF333E87AC973E299D2132D92580.d.A27BABFD7143BBB78820288B78A27714.e.13586"}]}
RESULT: {}
RESULT: {"script":"<script> [8489 bytes]","args":[{"element-6066-11e4-a52e-4f735466cecf":"f.8627BF333E87AC973E299D2132D92580.d.A27BABFD7143BBB78820288B78A27714.e.13586","ELEMENT":"f.8627BF333E87AC973E299D2132D92580.d.A27BABFD7143BBB78820288B78A27714.e.13586"}]}
COMMAND: POST /session/2f3a3ed30178fd4b3e43ef29d6279727/execute/sync - {"script":"<script> [5351 bytes]","args":[{"element-6066-11e4-a52e-4f735466cecf":"f.8627BF333E87AC973E299D2132D92580.d.A27BABFD7143BBB78820288B78A27714.e.13586","ELEMENT":"f.8627BF333E87AC973E299D2132D92580.d.A27BABFD7143BBB78820288B78A27714.e.13586"}]}
COMMAND: GET /session/2f3a3ed30178fd4b3e43ef29d6279727/screenshot - {}
RESULT: {"script":"<script> [5351 bytes]","args":[{"element-6066-11e4-a52e-4f735466cecf":"f.8627BF333E87AC973E299D2132D92580.d.A27BABFD7143BBB78820288B78A27714.e.13586","ELEMENT":"f.8627BF333E87AC973E299D2132D92580.d.A27BABFD7143BBB78820288B78A27714.e.13586"}]}
COMMAND: POST /session/2f3a3ed30178fd4b3e43ef29d6279727/element - {"using":"css selector","value":"#shell-header-logo"}
COMMAND: GET /session/2f3a3ed30178fd4b3e43ef29d6279727/screenshot - {}
RESULT: {}
RESULT: {"using":"css selector","value":"#shell-header-logo"}
COMMAND: POST /session/2f3a3ed30178fd4b3e43ef29d6279727/element/f.8627BF333E87AC973E299D2132D92580.d.A27BABFD7143BBB78820288B78A27714.e.13586/click - {}
RESULT: {}
RESULT: {}
COMMAND: GET /session/2f3a3ed30178fd4b3e43ef29d6279727/screenshot - {}
RESULT: {}
COMMAND: POST /session/2f3a3ed30178fd4b3e43ef29d6279727/execute/async - {"script":"<script> [189 bytes]","args":[]}
RESULT: {"script":"<script> [189 bytes]","args":[]}
COMMAND: POST /session/2f3a3ed30178fd4b3e43ef29d6279727/execute/async - {"script":"<script> [123 bytes]","args":[]}
RESULT: {"script":"<script> [123 bytes]","args":[]}
COMMAND: POST /session/2f3a3ed30178fd4b3e43ef29d6279727/timeouts - {"script":"<number>"}
RESULT: {"script":"<number>"}
COMMAND: GET /session/2f3a3ed30178fd4b3e43ef29d6279727/timeouts - {}
RESULT: {}
RESULT: undefined
COMMAND: POST /session/2f3a3ed30178fd4b3e43ef29d6279727/execute/async - {"script":"<script> [2676 bytes]","args":[]}
RESULT: {"script":"<script> [2676 bytes]","args":[]}
COMMAND: POST /session/2f3a3ed30178fd4b3e43ef29d6279727/execute/async - {"script":"<script> [2342 bytes]","args":[{"protocol":"http","hostname":"0.0.0.0","path":"/","capabilities":{"browserName":"chrome","goog:chromeOptions":{"binary":"C:\\Program Files\\Google\\Chrome\\Application\\chrome.exe","args":["--start-maximized"]}},"logLevel":"warn","connectionRetryTimeout":120000,"connectionRetryCount":3,"logLevels":{},"enableDirectConnect":true,"strictSSL":true,"_":"65 more keys: [\"cacheDir\",\"port\",\"requestedCapabilities\",\"automationProtocol\",\"baseUrl\",\"waitforInterval\",\"waitforTimeout\",\"onReload\",\"beforeCommand\",\"afterCommand\",\"rootDir\",\"specs\",\"suites\",\"exclude\",\"groupLogsByTestSpec\",\"excludeDriverLogs\",\"bail\",\"framework\",\"reporters\",\"services\",\"maxInstances\",\"maxInstancesPerCapability\",\"injectGlobals\",\"filesToWatch\",\"execArgv\",\"runnerEnv\",\"runner\",\"shard\",\"specFileRetries\",\"specFileRetriesDelay\",\"specFileRetriesDeferred\",\"reporterSyncInterval\",\"reporterSyncTimeout\",\"cucumberFeaturesWithLineNumbers\",\"autoCompileOpts\",\"mochaOpts\",\"jasmineOpts\",\"cucumberOpts\",\"onPrepare\",\"onWorkerStart\",\"onWorkerEnd\",\"before\",\"beforeSession\",\"beforeSuite\",\"beforeHook\",\"beforeTest\",\"afterTest\",\"afterHook\",\"afterSuite\",\"afterSession\",\"after\",\"onComplete\",\"beforeAssertion\",\"afterAssertion\",\"beforeFeature\",\"beforeScenario\",\"beforeStep\",\"afterStep\",\"afterScenario\",\"afterFeature\",\"_\",\"suite\",\"$0\",\"ignoredWorkerServices\",\"wdi5\"]"}]}
RESULT: {"script":"<script> [2342 bytes]","args":[{"protocol":"http","hostname":"0.0.0.0","path":"/","capabilities":{"browserName":"chrome","goog:chromeOptions":{"binary":"C:\\Program Files\\Google\\Chrome\\Application\\chrome.exe","args":["--start-maximized"]}},"logLevel":"warn","connectionRetryTimeout":120000,"connectionRetryCount":3,"logLevels":{},"enableDirectConnect":true,"strictSSL":true,"_":"65 more keys: [\"cacheDir\",\"port\",\"requestedCapabilities\",\"automationProtocol\",\"baseUrl\",\"waitforInterval\",\"waitforTimeout\",\"onReload\",\"beforeCommand\",\"afterCommand\",\"rootDir\",\"specs\",\"suites\",\"exclude\",\"groupLogsByTestSpec\",\"excludeDriverLogs\",\"bail\",\"framework\",\"reporters\",\"services\",\"maxInstances\",\"maxInstancesPerCapability\",\"injectGlobals\",\"filesToWatch\",\"execArgv\",\"runnerEnv\",\"runner\",\"shard\",\"specFileRetries\",\"specFileRetriesDelay\",\"specFileRetriesDeferred\",\"reporterSyncInterval\",\"reporterSyncTimeout\",\"cucumberFeaturesWithLineNumbers\",\"autoCompileOpts\",\"mochaOpts\",\"jasmineOpts\",\"cucumberOpts\",\"onPrepare\",\"onWorkerStart\",\"onWorkerEnd\",\"before\",\"beforeSession\",\"beforeSuite\",\"beforeHook\",\"beforeTest\",\"afterTest\",\"afterHook\",\"afterSuite\",\"afterSession\",\"after\",\"onComplete\",\"beforeAssertion\",\"afterAssertion\",\"beforeFeature\",\"beforeScenario\",\"beforeStep\",\"afterStep\",\"afterScenario\",\"afterFeature\",\"_\",\"suite\",\"$0\",\"ignoredWorkerServices\",\"wdi5\"]"}]}
COMMAND: POST /session/2f3a3ed30178fd4b3e43ef29d6279727/execute/async - {"script":"<script> [21126 bytes]","args":[35000]}
RESULT: {"script":"<script> [21126 bytes]","args":[35000]}
COMMAND: POST /session/2f3a3ed30178fd4b3e43ef29d6279727/window/maximize - {}
RESULT: {}
COMMAND: POST /session/2f3a3ed30178fd4b3e43ef29d6279727/execute/async - {"script":"<script> [1562 bytes]","args":[{"selector":{"id":"shell-header","interaction":{"idSuffix":"icon"}},"wdio_ui5_key":"shellheader"}]}
COMMAND: GET /session/2f3a3ed30178fd4b3e43ef29d6279727/screenshot - {}
RESULT: {"script":"<script> [1562 bytes]","args":[{"selector":{"id":"shell-header","interaction":{"idSuffix":"icon"}},"wdio_ui5_key":"shellheader"}]}
RESULT: undefined
COMMAND: POST /session/2f3a3ed30178fd4b3e43ef29d6279727/refresh - {}
RESULT: {}
RESULT: {}
COMMAND: GET /session/2f3a3ed30178fd4b3e43ef29d6279727/screenshot - {}
RESULT: {}
COMMAND: POST /session/2f3a3ed30178fd4b3e43ef29d6279727/refresh - {}
RESULT: {}
COMMAND: GET /session/2f3a3ed30178fd4b3e43ef29d6279727/screenshot - {}
RESULT: {}
COMMAND: POST /session/2f3a3ed30178fd4b3e43ef29d6279727/window/fullscreen - {}
RESULT: {}
COMMAND: POST /session/2f3a3ed30178fd4b3e43ef29d6279727/execute/async - {"script":"<script> [189 bytes]","args":[]}
RESULT: {"script":"<script> [189 bytes]","args":[]}
COMMAND: POST /session/2f3a3ed30178fd4b3e43ef29d6279727/execute/async - {"script":"<script> [123 bytes]","args":[]}
RESULT: {"script":"<script> [123 bytes]","args":[]}
COMMAND: POST /session/2f3a3ed30178fd4b3e43ef29d6279727/timeouts - {"script":"<number>"}
RESULT: {"script":"<number>"}
COMMAND: GET /session/2f3a3ed30178fd4b3e43ef29d6279727/timeouts - {}
RESULT: {}
RESULT: undefined
COMMAND: POST /session/2f3a3ed30178fd4b3e43ef29d6279727/execute/async - {"script":"<script> [2676 bytes]","args":[]}
RESULT: {"script":"<script> [2676 bytes]","args":[]}
COMMAND: POST /session/2f3a3ed30178fd4b3e43ef29d6279727/execute/async - {"script":"<script> [2342 bytes]","args":[{"protocol":"http","hostname":"0.0.0.0","path":"/","capabilities":{"browserName":"chrome","goog:chromeOptions":{"binary":"C:\\Program Files\\Google\\Chrome\\Application\\chrome.exe","args":["--start-maximized"]}},"logLevel":"warn","connectionRetryTimeout":120000,"connectionRetryCount":3,"logLevels":{},"enableDirectConnect":true,"strictSSL":true,"_":"65 more keys: [\"cacheDir\",\"port\",\"requestedCapabilities\",\"automationProtocol\",\"baseUrl\",\"waitforInterval\",\"waitforTimeout\",\"onReload\",\"beforeCommand\",\"afterCommand\",\"rootDir\",\"specs\",\"suites\",\"exclude\",\"groupLogsByTestSpec\",\"excludeDriverLogs\",\"bail\",\"framework\",\"reporters\",\"services\",\"maxInstances\",\"maxInstancesPerCapability\",\"injectGlobals\",\"filesToWatch\",\"execArgv\",\"runnerEnv\",\"runner\",\"shard\",\"specFileRetries\",\"specFileRetriesDelay\",\"specFileRetriesDeferred\",\"reporterSyncInterval\",\"reporterSyncTimeout\",\"cucumberFeaturesWithLineNumbers\",\"autoCompileOpts\",\"mochaOpts\",\"jasmineOpts\",\"cucumberOpts\",\"onPrepare\",\"onWorkerStart\",\"onWorkerEnd\",\"before\",\"beforeSession\",\"beforeSuite\",\"beforeHook\",\"beforeTest\",\"afterTest\",\"afterHook\",\"afterSuite\",\"afterSession\",\"after\",\"onComplete\",\"beforeAssertion\",\"afterAssertion\",\"beforeFeature\",\"beforeScenario\",\"beforeStep\",\"afterStep\",\"afterScenario\",\"afterFeature\",\"_\",\"suite\",\"$0\",\"ignoredWorkerServices\",\"wdi5\"]"}]}
RESULT: {"script":"<script> [2342 bytes]","args":[{"protocol":"http","hostname":"0.0.0.0","path":"/","capabilities":{"browserName":"chrome","goog:chromeOptions":{"binary":"C:\\Program Files\\Google\\Chrome\\Application\\chrome.exe","args":["--start-maximized"]}},"logLevel":"warn","connectionRetryTimeout":120000,"connectionRetryCount":3,"logLevels":{},"enableDirectConnect":true,"strictSSL":true,"_":"65 more keys: [\"cacheDir\",\"port\",\"requestedCapabilities\",\"automationProtocol\",\"baseUrl\",\"waitforInterval\",\"waitforTimeout\",\"onReload\",\"beforeCommand\",\"afterCommand\",\"rootDir\",\"specs\",\"suites\",\"exclude\",\"groupLogsByTestSpec\",\"excludeDriverLogs\",\"bail\",\"framework\",\"reporters\",\"services\",\"maxInstances\",\"maxInstancesPerCapability\",\"injectGlobals\",\"filesToWatch\",\"execArgv\",\"runnerEnv\",\"runner\",\"shard\",\"specFileRetries\",\"specFileRetriesDelay\",\"specFileRetriesDeferred\",\"reporterSyncInterval\",\"reporterSyncTimeout\",\"cucumberFeaturesWithLineNumbers\",\"autoCompileOpts\",\"mochaOpts\",\"jasmineOpts\",\"cucumberOpts\",\"onPrepare\",\"onWorkerStart\",\"onWorkerEnd\",\"before\",\"beforeSession\",\"beforeSuite\",\"beforeHook\",\"beforeTest\",\"afterTest\",\"afterHook\",\"afterSuite\",\"afterSession\",\"after\",\"onComplete\",\"beforeAssertion\",\"afterAssertion\",\"beforeFeature\",\"beforeScenario\",\"beforeStep\",\"afterStep\",\"afterScenario\",\"afterFeature\",\"_\",\"suite\",\"$0\",\"ignoredWorkerServices\",\"wdi5\"]"}]}
COMMAND: POST /session/2f3a3ed30178fd4b3e43ef29d6279727/execute/async - {"script":"<script> [21126 bytes]","args":[35000]}
RESULT: {"script":"<script> [21126 bytes]","args":[35000]}
]]></system-out>
    </testcase>
  </testsuite>
  <testsuite timestamp="2025-04-23T17:46:23" time="733.979" tests="13" failures="0" errors="0" skipped="0">
    <properties>
      <property name="specId" value="0"/>
      <property name="suiteName" value="Performance based billing (work days) US139742"/>
      <property name="capabilities" value="chrome.135_0_7049_42.windows"/>
      <property name="file" value="file:///D:/a/1/s/test/specs/BTS/billing-performance-workdays.spec.js"/>
    </properties>
    <testcase classname="chrome.135_0_7049_42.windows.Performance_based_billing_(work_days)_US139742" name="Should create a new yard" time="5.845">
      <system-out><![CDATA[
COMMAND: POST /session/2f3a3ed30178fd4b3e43ef29d6279727/window/fullscreen - {}
RESULT: {}
]]></system-out>
    </testcase>
    <testcase classname="chrome.135_0_7049_42.windows.Performance_based_billing_(work_days)_US139742" name="Should create a new partner" time="0.004"/>
    <testcase classname="chrome.135_0_7049_42.windows.Performance_based_billing_(work_days)_US139742" name="Should create a new site" time="0.003"/>
    <testcase classname="chrome.135_0_7049_42.windows.Performance_based_billing_(work_days)_US139742" name="Should do prerequisite steps add equipment" time="124.583">
      <system-out><![CDATA[
COMMAND: POST /session/2f3a3ed30178fd4b3e43ef29d6279727/execute/async - {"script":"<script> [1562 bytes]","args":[{"selector":{"controlType":"sap.m.GenericTile","properties":{"header":"Manage Resources"}},"wdio_ui5_key":"sapm.GenericTile{\"header\":\"Manage Resources\"}"}]}
RESULT: {"script":"<script> [1562 bytes]","args":[{"selector":{"controlType":"sap.m.GenericTile","properties":{"header":"Manage Resources"}},"wdio_ui5_key":"sapm.GenericTile{\"header\":\"Manage Resources\"}"}]}
RESULT: undefined
COMMAND: POST /session/2f3a3ed30178fd4b3e43ef29d6279727/element - {"using":"xpath","value":"//*[@id=\"__tile39\"]"}
RESULT: {"using":"xpath","value":"//*[@id=\"__tile39\"]"}
COMMAND: POST /session/2f3a3ed30178fd4b3e43ef29d6279727/element/f.8627BF333E87AC973E299D2132D92580.d.1931A26573872DF24AC72CD49E087053.e.13745/click - {}
RESULT: {}
COMMAND: POST /session/2f3a3ed30178fd4b3e43ef29d6279727/element - {"using":"xpath","value":"//button[@data-kt=\"addNewRUOverflowToolbarButton\"]"}
COMMAND: GET /session/2f3a3ed30178fd4b3e43ef29d6279727/screenshot - {}
RESULT: {"using":"xpath","value":"//button[@data-kt=\"addNewRUOverflowToolbarButton\"]"}
COMMAND: POST /session/2f3a3ed30178fd4b3e43ef29d6279727/elements - {"using":"xpath","value":"//button[@data-kt=\"addNewRUOverflowToolbarButton\"]"}
RESULT: {}
RESULT: {"using":"xpath","value":"//button[@data-kt=\"addNewRUOverflowToolbarButton\"]"}
COMMAND: POST /session/2f3a3ed30178fd4b3e43ef29d6279727/elements - {"using":"xpath","value":"//button[@data-kt=\"addNewRUOverflowToolbarButton\"]"}
RESULT: undefined
RESULT: undefined
RESULT: {"using":"xpath","value":"//button[@data-kt=\"addNewRUOverflowToolbarButton\"]"}
COMMAND: POST /session/2f3a3ed30178fd4b3e43ef29d6279727/elements - {"using":"xpath","value":"//button[@data-kt=\"addNewRUOverflowToolbarButton\"]"}
RESULT: {"using":"xpath","value":"//button[@data-kt=\"addNewRUOverflowToolbarButton\"]"}
COMMAND: POST /session/2f3a3ed30178fd4b3e43ef29d6279727/elements - {"using":"xpath","value":"//button[@data-kt=\"addNewRUOverflowToolbarButton\"]"}
RESULT: {"using":"xpath","value":"//button[@data-kt=\"addNewRUOverflowToolbarButton\"]"}
COMMAND: POST /session/2f3a3ed30178fd4b3e43ef29d6279727/elements - {"using":"xpath","value":"//button[@data-kt=\"addNewRUOverflowToolbarButton\"]"}
RESULT: {"using":"xpath","value":"//button[@data-kt=\"addNewRUOverflowToolbarButton\"]"}
COMMAND: POST /session/2f3a3ed30178fd4b3e43ef29d6279727/elements - {"using":"xpath","value":"//button[@data-kt=\"addNewRUOverflowToolbarButton\"]"}
RESULT: {"using":"xpath","value":"//button[@data-kt=\"addNewRUOverflowToolbarButton\"]"}
COMMAND: POST /session/2f3a3ed30178fd4b3e43ef29d6279727/elements - {"using":"xpath","value":"//button[@data-kt=\"addNewRUOverflowToolbarButton\"]"}
RESULT: {"using":"xpath","value":"//button[@data-kt=\"addNewRUOverflowToolbarButton\"]"}
COMMAND: POST /session/2f3a3ed30178fd4b3e43ef29d6279727/elements - {"using":"xpath","value":"//button[@data-kt=\"addNewRUOverflowToolbarButton\"]"}
RESULT: {"using":"xpath","value":"//button[@data-kt=\"addNewRUOverflowToolbarButton\"]"}
COMMAND: POST /session/2f3a3ed30178fd4b3e43ef29d6279727/elements - {"using":"xpath","value":"//button[@data-kt=\"addNewRUOverflowToolbarButton\"]"}
RESULT: {"using":"xpath","value":"//button[@data-kt=\"addNewRUOverflowToolbarButton\"]"}
COMMAND: POST /session/2f3a3ed30178fd4b3e43ef29d6279727/elements - {"using":"xpath","value":"//button[@data-kt=\"addNewRUOverflowToolbarButton\"]"}
RESULT: {"using":"xpath","value":"//button[@data-kt=\"addNewRUOverflowToolbarButton\"]"}
COMMAND: POST /session/2f3a3ed30178fd4b3e43ef29d6279727/elements - {"using":"xpath","value":"//button[@data-kt=\"addNewRUOverflowToolbarButton\"]"}
RESULT: {"using":"xpath","value":"//button[@data-kt=\"addNewRUOverflowToolbarButton\"]"}
COMMAND: POST /session/2f3a3ed30178fd4b3e43ef29d6279727/elements - {"using":"xpath","value":"//button[@data-kt=\"addNewRUOverflowToolbarButton\"]"}
RESULT: {"using":"xpath","value":"//button[@data-kt=\"addNewRUOverflowToolbarButton\"]"}
COMMAND: POST /session/2f3a3ed30178fd4b3e43ef29d6279727/elements - {"using":"xpath","value":"//button[@data-kt=\"addNewRUOverflowToolbarButton\"]"}
RESULT: {"using":"xpath","value":"//button[@data-kt=\"addNewRUOverflowToolbarButton\"]"}
COMMAND: POST /session/2f3a3ed30178fd4b3e43ef29d6279727/elements - {"using":"xpath","value":"//button[@data-kt=\"addNewRUOverflowToolbarButton\"]"}
RESULT: {"using":"xpath","value":"//button[@data-kt=\"addNewRUOverflowToolbarButton\"]"}
COMMAND: POST /session/2f3a3ed30178fd4b3e43ef29d6279727/elements - {"using":"xpath","value":"//button[@data-kt=\"addNewRUOverflowToolbarButton\"]"}
RESULT: {"using":"xpath","value":"//button[@data-kt=\"addNewRUOverflowToolbarButton\"]"}
COMMAND: POST /session/2f3a3ed30178fd4b3e43ef29d6279727/elements - {"using":"xpath","value":"//button[@data-kt=\"addNewRUOverflowToolbarButton\"]"}
RESULT: {"using":"xpath","value":"//button[@data-kt=\"addNewRUOverflowToolbarButton\"]"}
COMMAND: POST /session/2f3a3ed30178fd4b3e43ef29d6279727/elements - {"using":"xpath","value":"//button[@data-kt=\"addNewRUOverflowToolbarButton\"]"}
RESULT: {"using":"xpath","value":"//button[@data-kt=\"addNewRUOverflowToolbarButton\"]"}
COMMAND: POST /session/2f3a3ed30178fd4b3e43ef29d6279727/elements - {"using":"xpath","value":"//button[@data-kt=\"addNewRUOverflowToolbarButton\"]"}
RESULT: {"using":"xpath","value":"//button[@data-kt=\"addNewRUOverflowToolbarButton\"]"}
COMMAND: POST /session/2f3a3ed30178fd4b3e43ef29d6279727/elements - {"using":"xpath","value":"//button[@data-kt=\"addNewRUOverflowToolbarButton\"]"}
RESULT: {"using":"xpath","value":"//button[@data-kt=\"addNewRUOverflowToolbarButton\"]"}
COMMAND: POST /session/2f3a3ed30178fd4b3e43ef29d6279727/elements - {"using":"xpath","value":"//button[@data-kt=\"addNewRUOverflowToolbarButton\"]"}
RESULT: {"using":"xpath","value":"//button[@data-kt=\"addNewRUOverflowToolbarButton\"]"}
COMMAND: POST /session/2f3a3ed30178fd4b3e43ef29d6279727/elements - {"using":"xpath","value":"//button[@data-kt=\"addNewRUOverflowToolbarButton\"]"}
RESULT: {"using":"xpath","value":"//button[@data-kt=\"addNewRUOverflowToolbarButton\"]"}
COMMAND: POST /session/2f3a3ed30178fd4b3e43ef29d6279727/elements - {"using":"xpath","value":"//button[@data-kt=\"addNewRUOverflowToolbarButton\"]"}
RESULT: {"using":"xpath","value":"//button[@data-kt=\"addNewRUOverflowToolbarButton\"]"}
COMMAND: POST /session/2f3a3ed30178fd4b3e43ef29d6279727/elements - {"using":"xpath","value":"//button[@data-kt=\"addNewRUOverflowToolbarButton\"]"}
RESULT: {"using":"xpath","value":"//button[@data-kt=\"addNewRUOverflowToolbarButton\"]"}
COMMAND: POST /session/2f3a3ed30178fd4b3e43ef29d6279727/elements - {"using":"xpath","value":"//button[@data-kt=\"addNewRUOverflowToolbarButton\"]"}
RESULT: {"using":"xpath","value":"//button[@data-kt=\"addNewRUOverflowToolbarButton\"]"}
COMMAND: POST /session/2f3a3ed30178fd4b3e43ef29d6279727/elements - {"using":"xpath","value":"//button[@data-kt=\"addNewRUOverflowToolbarButton\"]"}
RESULT: {"using":"xpath","value":"//button[@data-kt=\"addNewRUOverflowToolbarButton\"]"}
COMMAND: POST /session/2f3a3ed30178fd4b3e43ef29d6279727/elements - {"using":"xpath","value":"//button[@data-kt=\"addNewRUOverflowToolbarButton\"]"}
RESULT: {"using":"xpath","value":"//button[@data-kt=\"addNewRUOverflowToolbarButton\"]"}
COMMAND: POST /session/2f3a3ed30178fd4b3e43ef29d6279727/elements - {"using":"xpath","value":"//button[@data-kt=\"addNewRUOverflowToolbarButton\"]"}
RESULT: {"using":"xpath","value":"//button[@data-kt=\"addNewRUOverflowToolbarButton\"]"}
COMMAND: POST /session/2f3a3ed30178fd4b3e43ef29d6279727/elements - {"using":"xpath","value":"//button[@data-kt=\"addNewRUOverflowToolbarButton\"]"}
RESULT: {"using":"xpath","value":"//button[@data-kt=\"addNewRUOverflowToolbarButton\"]"}
COMMAND: POST /session/2f3a3ed30178fd4b3e43ef29d6279727/elements - {"using":"xpath","value":"//button[@data-kt=\"addNewRUOverflowToolbarButton\"]"}
RESULT: {"using":"xpath","value":"//button[@data-kt=\"addNewRUOverflowToolbarButton\"]"}
COMMAND: POST /session/2f3a3ed30178fd4b3e43ef29d6279727/elements - {"using":"xpath","value":"//button[@data-kt=\"addNewRUOverflowToolbarButton\"]"}
RESULT: {"using":"xpath","value":"//button[@data-kt=\"addNewRUOverflowToolbarButton\"]"}
COMMAND: POST /session/2f3a3ed30178fd4b3e43ef29d6279727/elements - {"using":"xpath","value":"//button[@data-kt=\"addNewRUOverflowToolbarButton\"]"}
RESULT: {"using":"xpath","value":"//button[@data-kt=\"addNewRUOverflowToolbarButton\"]"}
COMMAND: POST /session/2f3a3ed30178fd4b3e43ef29d6279727/elements - {"using":"xpath","value":"//button[@data-kt=\"addNewRUOverflowToolbarButton\"]"}
RESULT: {"using":"xpath","value":"//button[@data-kt=\"addNewRUOverflowToolbarButton\"]"}
COMMAND: POST /session/2f3a3ed30178fd4b3e43ef29d6279727/elements - {"using":"xpath","value":"//button[@data-kt=\"addNewRUOverflowToolbarButton\"]"}
RESULT: {"using":"xpath","value":"//button[@data-kt=\"addNewRUOverflowToolbarButton\"]"}
COMMAND: POST /session/2f3a3ed30178fd4b3e43ef29d6279727/elements - {"using":"xpath","value":"//button[@data-kt=\"addNewRUOverflowToolbarButton\"]"}
RESULT: {"using":"xpath","value":"//button[@data-kt=\"addNewRUOverflowToolbarButton\"]"}
COMMAND: POST /session/2f3a3ed30178fd4b3e43ef29d6279727/elements - {"using":"xpath","value":"//button[@data-kt=\"addNewRUOverflowToolbarButton\"]"}
RESULT: {"using":"xpath","value":"//button[@data-kt=\"addNewRUOverflowToolbarButton\"]"}
COMMAND: POST /session/2f3a3ed30178fd4b3e43ef29d6279727/elements - {"using":"xpath","value":"//button[@data-kt=\"addNewRUOverflowToolbarButton\"]"}
RESULT: {"using":"xpath","value":"//button[@data-kt=\"addNewRUOverflowToolbarButton\"]"}
COMMAND: POST /session/2f3a3ed30178fd4b3e43ef29d6279727/elements - {"using":"xpath","value":"//button[@data-kt=\"addNewRUOverflowToolbarButton\"]"}
RESULT: {"using":"xpath","value":"//button[@data-kt=\"addNewRUOverflowToolbarButton\"]"}
COMMAND: POST /session/2f3a3ed30178fd4b3e43ef29d6279727/elements - {"using":"xpath","value":"//button[@data-kt=\"addNewRUOverflowToolbarButton\"]"}
RESULT: {"using":"xpath","value":"//button[@data-kt=\"addNewRUOverflowToolbarButton\"]"}
COMMAND: POST /session/2f3a3ed30178fd4b3e43ef29d6279727/elements - {"using":"xpath","value":"//button[@data-kt=\"addNewRUOverflowToolbarButton\"]"}
RESULT: {"using":"xpath","value":"//button[@data-kt=\"addNewRUOverflowToolbarButton\"]"}
COMMAND: POST /session/2f3a3ed30178fd4b3e43ef29d6279727/element - {"using":"xpath","value":"//button[@data-kt=\"addNewRUOverflowToolbarButton\"]"}
RESULT: {"using":"xpath","value":"//button[@data-kt=\"addNewRUOverflowToolbarButton\"]"}
COMMAND: POST /session/2f3a3ed30178fd4b3e43ef29d6279727/execute/sync - {"script":"<script> [8489 bytes]","args":[{"element-6066-11e4-a52e-4f735466cecf":"f.8627BF333E87AC973E299D2132D92580.d.1931A26573872DF24AC72CD49E087053.e.13877","ELEMENT":"f.8627BF333E87AC973E299D2132D92580.d.1931A26573872DF24AC72CD49E087053.e.13877"}]}
RESULT: {"script":"<script> [8489 bytes]","args":[{"element-6066-11e4-a52e-4f735466cecf":"f.8627BF333E87AC973E299D2132D92580.d.1931A26573872DF24AC72CD49E087053.e.13877","ELEMENT":"f.8627BF333E87AC973E299D2132D92580.d.1931A26573872DF24AC72CD49E087053.e.13877"}]}
COMMAND: GET /session/2f3a3ed30178fd4b3e43ef29d6279727/element/f.8627BF333E87AC973E299D2132D92580.d.1931A26573872DF24AC72CD49E087053.e.13877/enabled - {}
COMMAND: GET /session/2f3a3ed30178fd4b3e43ef29d6279727/screenshot - {}
RESULT: {}
COMMAND: POST /session/2f3a3ed30178fd4b3e43ef29d6279727/execute/sync - {"script":"<script> [8489 bytes]","args":[{"element-6066-11e4-a52e-4f735466cecf":"f.8627BF333E87AC973E299D2132D92580.d.1931A26573872DF24AC72CD49E087053.e.13877","ELEMENT":"f.8627BF333E87AC973E299D2132D92580.d.1931A26573872DF24AC72CD49E087053.e.13877"}]}
COMMAND: GET /session/2f3a3ed30178fd4b3e43ef29d6279727/screenshot - {}
RESULT: {}
RESULT: {"script":"<script> [8489 bytes]","args":[{"element-6066-11e4-a52e-4f735466cecf":"f.8627BF333E87AC973E299D2132D92580.d.1931A26573872DF24AC72CD49E087053.e.13877","ELEMENT":"f.8627BF333E87AC973E299D2132D92580.d.1931A26573872DF24AC72CD49E087053.e.13877"}]}
COMMAND: POST /session/2f3a3ed30178fd4b3e43ef29d6279727/execute/sync - {"script":"<script> [5351 bytes]","args":[{"element-6066-11e4-a52e-4f735466cecf":"f.8627BF333E87AC973E299D2132D92580.d.1931A26573872DF24AC72CD49E087053.e.13877","ELEMENT":"f.8627BF333E87AC973E299D2132D92580.d.1931A26573872DF24AC72CD49E087053.e.13877"}]}
COMMAND: GET /session/2f3a3ed30178fd4b3e43ef29d6279727/screenshot - {}
RESULT: {}
RESULT: {"script":"<script> [5351 bytes]","args":[{"element-6066-11e4-a52e-4f735466cecf":"f.8627BF333E87AC973E299D2132D92580.d.1931A26573872DF24AC72CD49E087053.e.13877","ELEMENT":"f.8627BF333E87AC973E299D2132D92580.d.1931A26573872DF24AC72CD49E087053.e.13877"}]}
COMMAND: POST /session/2f3a3ed30178fd4b3e43ef29d6279727/element/f.8627BF333E87AC973E299D2132D92580.d.1931A26573872DF24AC72CD49E087053.e.13877/click - {}
COMMAND: GET /session/2f3a3ed30178fd4b3e43ef29d6279727/screenshot - {}
RESULT: {}
RESULT: {}
COMMAND: GET /session/2f3a3ed30178fd4b3e43ef29d6279727/screenshot - {}
RESULT: {}
COMMAND: POST /session/2f3a3ed30178fd4b3e43ef29d6279727/execute/async - {"script":"<script> [1562 bytes]","args":[{"selector":{"id":"application-manageresources-display-component---newResourceUnit--TYPE-arrow"},"wdio_ui5_key":"applicationmanageresources-display-component---newResourceUnit--TYPE-arrow"}]}
RESULT: {}
RESULT: {"script":"<script> [1562 bytes]","args":[{"selector":{"id":"application-manageresources-display-component---newResourceUnit--TYPE-arrow"},"wdio_ui5_key":"applicationmanageresources-display-component---newResourceUnit--TYPE-arrow"}]}
RESULT: undefined
COMMAND: POST /session/2f3a3ed30178fd4b3e43ef29d6279727/element - {"using":"xpath","value":"//*[@id=\"application-manageresources-display-component---newResourceUnit--TYPE-arrow\"]"}
RESULT: {"using":"xpath","value":"//*[@id=\"application-manageresources-display-component---newResourceUnit--TYPE-arrow\"]"}
COMMAND: POST /session/2f3a3ed30178fd4b3e43ef29d6279727/element/f.8627BF333E87AC973E299D2132D92580.d.1931A26573872DF24AC72CD49E087053.e.14243/click - {}
RESULT: {}
COMMAND: POST /session/2f3a3ed30178fd4b3e43ef29d6279727/element - {"using":"xpath","value":"//input[@id=\"application-manageresources-display-component---newResourceUnit--TYPE-inner\"]"}
COMMAND: GET /session/2f3a3ed30178fd4b3e43ef29d6279727/screenshot - {}
RESULT: {"using":"xpath","value":"//input[@id=\"application-manageresources-display-component---newResourceUnit--TYPE-inner\"]"}
COMMAND: POST /session/2f3a3ed30178fd4b3e43ef29d6279727/element/f.8627BF333E87AC973E299D2132D92580.d.1931A26573872DF24AC72CD49E087053.e.14220/clear - {}
RESULT: {}
RESULT: {}
COMMAND: POST /session/2f3a3ed30178fd4b3e43ef29d6279727/element/f.8627BF333E87AC973E299D2132D92580.d.1931A26573872DF24AC72CD49E087053.e.14220/value - {"text":"Equipment"}
COMMAND: GET /session/2f3a3ed30178fd4b3e43ef29d6279727/screenshot - {}
RESULT: {"text":"Equipment"}
COMMAND: GET /session/2f3a3ed30178fd4b3e43ef29d6279727/screenshot - {}
RESULT: {}
RESULT: {}
COMMAND: POST /session/2f3a3ed30178fd4b3e43ef29d6279727/actions - {"actions":[{"id":"action48","type":"key","parameters":{},"actions":[{"type":"keyDown","value":""},{"type":"pause","duration":10},{"type":"keyUp","value":""}]}]}
RESULT: {"actions":[{"id":"action48","type":"key","parameters":{},"actions":[{"type":"keyDown","value":""},{"type":"pause","duration":10},{"type":"keyUp","value":""}]}]}
COMMAND: POST /session/2f3a3ed30178fd4b3e43ef29d6279727/execute/async - {"script":"<script> [1562 bytes]","args":[{"selector":{"id":"application-manageresources-display-component---newResourceUnit--resourceId","interaction":{"idSuffix":"inner"}},"wdio_ui5_key":"applicationmanageresources-display-component---newResourceUnit--resourceId"}]}
COMMAND: GET /session/2f3a3ed30178fd4b3e43ef29d6279727/screenshot - {}
RESULT: {"script":"<script> [1562 bytes]","args":[{"selector":{"id":"application-manageresources-display-component---newResourceUnit--resourceId","interaction":{"idSuffix":"inner"}},"wdio_ui5_key":"applicationmanageresources-display-component---newResourceUnit--resourceId"}]}
RESULT: undefined
COMMAND: POST /session/2f3a3ed30178fd4b3e43ef29d6279727/execute/async - {"script":"<script> [776 bytes]","args":[{"enterText":"2AqdfWUmDw","selector":{"id":"application-manageresources-display-component---newResourceUnit--resourceId","interaction":{"idSuffix":"inner"}},"clearTextFirst":true,"interactionType":"ENTER_TEXT"}]}
RESULT: {}
RESULT: {"script":"<script> [776 bytes]","args":[{"enterText":"2AqdfWUmDw","selector":{"id":"application-manageresources-display-component---newResourceUnit--resourceId","interaction":{"idSuffix":"inner"}},"clearTextFirst":true,"interactionType":"ENTER_TEXT"}]}
COMMAND: POST /session/2f3a3ed30178fd4b3e43ef29d6279727/execute/async - {"script":"<script> [1562 bytes]","args":[{"selector":{"id":"application-manageresources-display-component---newResourceUnit--SHORT_TEXT","interaction":{"idSuffix":"inner"}},"wdio_ui5_key":"applicationmanageresources-display-component---newResourceUnit--SHORT_TEXT"}]}
RESULT: {"script":"<script> [1562 bytes]","args":[{"selector":{"id":"application-manageresources-display-component---newResourceUnit--SHORT_TEXT","interaction":{"idSuffix":"inner"}},"wdio_ui5_key":"applicationmanageresources-display-component---newResourceUnit--SHORT_TEXT"}]}
RESULT: undefined
COMMAND: POST /session/2f3a3ed30178fd4b3e43ef29d6279727/execute/async - {"script":"<script> [776 bytes]","args":[{"enterText":"Intercompany Equipment WDIO","selector":{"id":"application-manageresources-display-component---newResourceUnit--SHORT_TEXT","interaction":{"idSuffix":"inner"}},"clearTextFirst":true,"interactionType":"ENTER_TEXT"}]}
RESULT: {"script":"<script> [776 bytes]","args":[{"enterText":"Intercompany Equipment WDIO","selector":{"id":"application-manageresources-display-component---newResourceUnit--SHORT_TEXT","interaction":{"idSuffix":"inner"}},"clearTextFirst":true,"interactionType":"ENTER_TEXT"}]}
COMMAND: POST /session/2f3a3ed30178fd4b3e43ef29d6279727/execute/async - {"script":"<script> [1562 bytes]","args":[{"selector":{"id":"application-manageresources-display-component---newResourceUnit--BASE_UNIT_OF_MEASURE","interaction":{"idSuffix":"inner"}},"wdio_ui5_key":"applicationmanageresources-display-component---newResourceUnit--BASE_UNIT_OF_MEASURE"}]}
RESULT: {"script":"<script> [1562 bytes]","args":[{"selector":{"id":"application-manageresources-display-component---newResourceUnit--BASE_UNIT_OF_MEASURE","interaction":{"idSuffix":"inner"}},"wdio_ui5_key":"applicationmanageresources-display-component---newResourceUnit--BASE_UNIT_OF_MEASURE"}]}
RESULT: undefined
COMMAND: POST /session/2f3a3ed30178fd4b3e43ef29d6279727/execute/async - {"script":"<script> [776 bytes]","args":[{"enterText":"Piece","selector":{"id":"application-manageresources-display-component---newResourceUnit--BASE_UNIT_OF_MEASURE","interaction":{"idSuffix":"inner"}},"clearTextFirst":true,"interactionType":"ENTER_TEXT"}]}
RESULT: {"script":"<script> [776 bytes]","args":[{"enterText":"Piece","selector":{"id":"application-manageresources-display-component---newResourceUnit--BASE_UNIT_OF_MEASURE","interaction":{"idSuffix":"inner"}},"clearTextFirst":true,"interactionType":"ENTER_TEXT"}]}
COMMAND: POST /session/2f3a3ed30178fd4b3e43ef29d6279727/execute/async - {"script":"<script> [1562 bytes]","args":[{"selector":{"id":"application-manageresources-display-component---newResourceUnit--WEIGHT_UNIT","interaction":{"idSuffix":"inner"}},"wdio_ui5_key":"applicationmanageresources-display-component---newResourceUnit--WEIGHT_UNIT"}]}
RESULT: {"script":"<script> [1562 bytes]","args":[{"selector":{"id":"application-manageresources-display-component---newResourceUnit--WEIGHT_UNIT","interaction":{"idSuffix":"inner"}},"wdio_ui5_key":"applicationmanageresources-display-component---newResourceUnit--WEIGHT_UNIT"}]}
RESULT: undefined
COMMAND: POST /session/2f3a3ed30178fd4b3e43ef29d6279727/execute/async - {"script":"<script> [776 bytes]","args":[{"enterText":"Gram","selector":{"id":"application-manageresources-display-component---newResourceUnit--WEIGHT_UNIT","interaction":{"idSuffix":"inner"}},"clearTextFirst":true,"interactionType":"ENTER_TEXT"}]}
RESULT: {"script":"<script> [776 bytes]","args":[{"enterText":"Gram","selector":{"id":"application-manageresources-display-component---newResourceUnit--WEIGHT_UNIT","interaction":{"idSuffix":"inner"}},"clearTextFirst":true,"interactionType":"ENTER_TEXT"}]}
COMMAND: POST /session/2f3a3ed30178fd4b3e43ef29d6279727/execute/async - {"script":"<script> [1562 bytes]","args":[{"selector":{"id":"application-manageresources-display-component---newResourceUnit--DIMENSION_UNIT","interaction":{"idSuffix":"inner"}},"wdio_ui5_key":"applicationmanageresources-display-component---newResourceUnit--DIMENSION_UNIT"}]}
RESULT: {"script":"<script> [1562 bytes]","args":[{"selector":{"id":"application-manageresources-display-component---newResourceUnit--DIMENSION_UNIT","interaction":{"idSuffix":"inner"}},"wdio_ui5_key":"applicationmanageresources-display-component---newResourceUnit--DIMENSION_UNIT"}]}
RESULT: undefined
COMMAND: POST /session/2f3a3ed30178fd4b3e43ef29d6279727/execute/async - {"script":"<script> [776 bytes]","args":[{"enterText":"Meter","selector":{"id":"application-manageresources-display-component---newResourceUnit--DIMENSION_UNIT","interaction":{"idSuffix":"inner"}},"clearTextFirst":true,"interactionType":"ENTER_TEXT"}]}
RESULT: {"script":"<script> [776 bytes]","args":[{"enterText":"Meter","selector":{"id":"application-manageresources-display-component---newResourceUnit--DIMENSION_UNIT","interaction":{"idSuffix":"inner"}},"clearTextFirst":true,"interactionType":"ENTER_TEXT"}]}
COMMAND: POST /session/2f3a3ed30178fd4b3e43ef29d6279727/execute/async - {"script":"<script> [1562 bytes]","args":[{"selector":{"id":"application-manageresources-display-component---newResourceUnit--newRRUPage-anchBar-application-manageresources-display-component---newResourceUnit--control-anchor","interaction":{"idSuffix":"BDI-content"}},"wdio_ui5_key":"applicationmanageresources-display-component---newResourceUnit--newRRUPage-anchBar-application-manageresources-display-component---newResourceUnit--control-anchor"}]}
RESULT: {"script":"<script> [1562 bytes]","args":[{"selector":{"id":"application-manageresources-display-component---newResourceUnit--newRRUPage-anchBar-application-manageresources-display-component---newResourceUnit--control-anchor","interaction":{"idSuffix":"BDI-content"}},"wdio_ui5_key":"applicationmanageresources-display-component---newResourceUnit--newRRUPage-anchBar-application-manageresources-display-component---newResourceUnit--control-anchor"}]}
RESULT: undefined
COMMAND: POST /session/2f3a3ed30178fd4b3e43ef29d6279727/element - {"using":"xpath","value":"//*[@id=\"application-manageresources-display-component---newResourceUnit--newRRUPage-anchBar-application-manageresources-display-component---newResourceUnit--control-anchor\"]"}
RESULT: {"using":"xpath","value":"//*[@id=\"application-manageresources-display-component---newResourceUnit--newRRUPage-anchBar-application-manageresources-display-component---newResourceUnit--control-anchor\"]"}
COMMAND: POST /session/2f3a3ed30178fd4b3e43ef29d6279727/element/f.8627BF333E87AC973E299D2132D92580.d.1931A26573872DF24AC72CD49E087053.e.14378/click - {}
RESULT: {}
COMMAND: POST /session/2f3a3ed30178fd4b3e43ef29d6279727/execute/async - {"script":"<script> [1562 bytes]","args":[{"selector":{"id":"application-manageresources-display-component---newResourceUnit--PLANNING_GROUP","interaction":{"idSuffix":"inner"}},"wdio_ui5_key":"applicationmanageresources-display-component---newResourceUnit--PLANNING_GROUP"}]}
COMMAND: GET /session/2f3a3ed30178fd4b3e43ef29d6279727/screenshot - {}
RESULT: {"script":"<script> [1562 bytes]","args":[{"selector":{"id":"application-manageresources-display-component---newResourceUnit--PLANNING_GROUP","interaction":{"idSuffix":"inner"}},"wdio_ui5_key":"applicationmanageresources-display-component---newResourceUnit--PLANNING_GROUP"}]}
RESULT: undefined
COMMAND: POST /session/2f3a3ed30178fd4b3e43ef29d6279727/execute/async - {"script":"<script> [776 bytes]","args":[{"enterText":"Heavy Equi","selector":{"id":"application-manageresources-display-component---newResourceUnit--PLANNING_GROUP","interaction":{"idSuffix":"inner"}},"clearTextFirst":true,"interactionType":"ENTER_TEXT"}]}
RESULT: {}
RESULT: {"script":"<script> [776 bytes]","args":[{"enterText":"Heavy Equi","selector":{"id":"application-manageresources-display-component---newResourceUnit--PLANNING_GROUP","interaction":{"idSuffix":"inner"}},"clearTextFirst":true,"interactionType":"ENTER_TEXT"}]}
COMMAND: POST /session/2f3a3ed30178fd4b3e43ef29d6279727/execute/async - {"script":"<script> [1562 bytes]","args":[{"selector":{"id":"application-manageresources-display-component---newResourceUnit--ITEM_TYPE-arrow"},"wdio_ui5_key":"applicationmanageresources-display-component---newResourceUnit--ITEM_TYPE-arrow"}]}
RESULT: {"script":"<script> [1562 bytes]","args":[{"selector":{"id":"application-manageresources-display-component---newResourceUnit--ITEM_TYPE-arrow"},"wdio_ui5_key":"applicationmanageresources-display-component---newResourceUnit--ITEM_TYPE-arrow"}]}
RESULT: undefined
COMMAND: POST /session/2f3a3ed30178fd4b3e43ef29d6279727/element - {"using":"xpath","value":"//*[@id=\"application-manageresources-display-component---newResourceUnit--ITEM_TYPE-arrow\"]"}
RESULT: {"using":"xpath","value":"//*[@id=\"application-manageresources-display-component---newResourceUnit--ITEM_TYPE-arrow\"]"}
COMMAND: POST /session/2f3a3ed30178fd4b3e43ef29d6279727/element/f.8627BF333E87AC973E299D2132D92580.d.1931A26573872DF24AC72CD49E087053.e.14387/click - {}
RESULT: {}
COMMAND: POST /session/2f3a3ed30178fd4b3e43ef29d6279727/element - {"using":"xpath","value":"(//span[contains(text(), \"Resource Unit\")])[2]"}
COMMAND: GET /session/2f3a3ed30178fd4b3e43ef29d6279727/screenshot - {}
RESULT: {"using":"xpath","value":"(//span[contains(text(), \"Resource Unit\")])[2]"}
COMMAND: POST /session/2f3a3ed30178fd4b3e43ef29d6279727/element/f.8627BF333E87AC973E299D2132D92580.d.1931A26573872DF24AC72CD49E087053.e.14388/click - {}
RESULT: {}
RESULT: {}
COMMAND: GET /session/2f3a3ed30178fd4b3e43ef29d6279727/screenshot - {}
RESULT: {}
COMMAND: POST /session/2f3a3ed30178fd4b3e43ef29d6279727/element - {"using":"css selector","value":"#application-manageresources-display-component---newResourceUnit--btnAddTimeSegment"}
RESULT: {"using":"css selector","value":"#application-manageresources-display-component---newResourceUnit--btnAddTimeSegment"}
COMMAND: GET /session/2f3a3ed30178fd4b3e43ef29d6279727/element/f.8627BF333E87AC973E299D2132D92580.d.1931A26573872DF24AC72CD49E087053.e.14389/rect - {}
RESULT: {}
COMMAND: GET /session/2f3a3ed30178fd4b3e43ef29d6279727/window/rect - {}
RESULT: {}
COMMAND: POST /session/2f3a3ed30178fd4b3e43ef29d6279727/execute/sync - {"script":"<script> [92 bytes]","args":[]}
RESULT: {"script":"<script> [92 bytes]","args":[]}
COMMAND: POST /session/2f3a3ed30178fd4b3e43ef29d6279727/actions - {"actions":[{"id":"action49","type":"wheel","parameters":{},"actions":[{"type":"scroll","x":-1888,"y":-32,"deltaX":0,"deltaY":0,"duration":0,"origin":{"element-6066-11e4-a52e-4f735466cecf":"f.8627BF333E87AC973E299D2132D92580.d.1931A26573872DF24AC72CD49E087053.e.14389"}}]}]}
COMMAND: GET /session/2f3a3ed30178fd4b3e43ef29d6279727/screenshot - {}
RESULT: {}
COMMAND: POST /session/2f3a3ed30178fd4b3e43ef29d6279727/execute/sync - {"script":"<script> [79 bytes]","args":[{"element-6066-11e4-a52e-4f735466cecf":"f.8627BF333E87AC973E299D2132D92580.d.1931A26573872DF24AC72CD49E087053.e.14389","ELEMENT":"f.8627BF333E87AC973E299D2132D92580.d.1931A26573872DF24AC72CD49E087053.e.14389"},{"block":"start","inline":"nearest"}]}
RESULT: {"script":"<script> [79 bytes]","args":[{"element-6066-11e4-a52e-4f735466cecf":"f.8627BF333E87AC973E299D2132D92580.d.1931A26573872DF24AC72CD49E087053.e.14389","ELEMENT":"f.8627BF333E87AC973E299D2132D92580.d.1931A26573872DF24AC72CD49E087053.e.14389"},{"block":"start","inline":"nearest"}]}
COMMAND: POST /session/2f3a3ed30178fd4b3e43ef29d6279727/execute/async - {"script":"<script> [1562 bytes]","args":[{"selector":{"id":"application-manageresources-display-component---newResourceUnit--btnAddTimeSegment","interaction":{"idSuffix":"inner"}},"wdio_ui5_key":"applicationmanageresources-display-component---newResourceUnit--btnAddTimeSegment"}]}
COMMAND: GET /session/2f3a3ed30178fd4b3e43ef29d6279727/screenshot - {}
RESULT: {"script":"<script> [1562 bytes]","args":[{"selector":{"id":"application-manageresources-display-component---newResourceUnit--btnAddTimeSegment","interaction":{"idSuffix":"inner"}},"wdio_ui5_key":"applicationmanageresources-display-component---newResourceUnit--btnAddTimeSegment"}]}
RESULT: undefined
COMMAND: POST /session/2f3a3ed30178fd4b3e43ef29d6279727/element - {"using":"xpath","value":"//*[@id=\"application-manageresources-display-component---newResourceUnit--btnAddTimeSegment\"]"}
RESULT: {}
RESULT: {"using":"xpath","value":"//*[@id=\"application-manageresources-display-component---newResourceUnit--btnAddTimeSegment\"]"}
COMMAND: POST /session/2f3a3ed30178fd4b3e43ef29d6279727/element/f.8627BF333E87AC973E299D2132D92580.d.1931A26573872DF24AC72CD49E087053.e.14389/click - {}
RESULT: {}
COMMAND: GET /session/2f3a3ed30178fd4b3e43ef29d6279727/screenshot - {}
RESULT: {}
COMMAND: POST /session/2f3a3ed30178fd4b3e43ef29d6279727/element - {"using":"xpath","value":"//input[@id=\"application-manageresources-display-component---newResourceUnit--idRuTSAdmin-application-manageresources-display-component---newResourceUnit--RUTimeSegment-0-inner\"]"}
RESULT: {"using":"xpath","value":"//input[@id=\"application-manageresources-display-component---newResourceUnit--idRuTSAdmin-application-manageresources-display-component---newResourceUnit--RUTimeSegment-0-inner\"]"}
COMMAND: POST /session/2f3a3ed30178fd4b3e43ef29d6279727/element/f.8627BF333E87AC973E299D2132D92580.d.1931A26573872DF24AC72CD49E087053.e.14395/clear - {}
RESULT: {}
COMMAND: POST /session/2f3a3ed30178fd4b3e43ef29d6279727/element/f.8627BF333E87AC973E299D2132D92580.d.1931A26573872DF24AC72CD49E087053.e.14395/value - {"text":"742"}
COMMAND: GET /session/2f3a3ed30178fd4b3e43ef29d6279727/screenshot - {}
RESULT: {"text":"742"}
COMMAND: GET /session/2f3a3ed30178fd4b3e43ef29d6279727/screenshot - {}
RESULT: {}
RESULT: {}
COMMAND: POST /session/2f3a3ed30178fd4b3e43ef29d6279727/element - {"using":"xpath","value":"//li[.//span[text()='742']]"}
RESULT: {"using":"xpath","value":"//li[.//span[text()='742']]"}
COMMAND: POST /session/2f3a3ed30178fd4b3e43ef29d6279727/element/f.8627BF333E87AC973E299D2132D92580.d.1931A26573872DF24AC72CD49E087053.e.14409/click - {}
RESULT: {}
COMMAND: GET /session/2f3a3ed30178fd4b3e43ef29d6279727/screenshot - {}
RESULT: {}
COMMAND: POST /session/2f3a3ed30178fd4b3e43ef29d6279727/element - {"using":"xpath","value":"(//span[contains(@id, \"-application-manageresources-display-component---newResourceUnit--RUTimeSegment-0-arrow\")])[6]"}
RESULT: {"using":"xpath","value":"(//span[contains(@id, \"-application-manageresources-display-component---newResourceUnit--RUTimeSegment-0-arrow\")])[6]"}
COMMAND: POST /session/2f3a3ed30178fd4b3e43ef29d6279727/element/f.8627BF333E87AC973E299D2132D92580.d.1931A26573872DF24AC72CD49E087053.e.14410/click - {}
RESULT: {}
COMMAND: POST /session/2f3a3ed30178fd4b3e43ef29d6279727/element - {"using":"xpath","value":"//span[contains(text(), \"PM Order\")]"}
COMMAND: GET /session/2f3a3ed30178fd4b3e43ef29d6279727/screenshot - {}
RESULT: {"using":"xpath","value":"//span[contains(text(), \"PM Order\")]"}
COMMAND: POST /session/2f3a3ed30178fd4b3e43ef29d6279727/element/f.8627BF333E87AC973E299D2132D92580.d.1931A26573872DF24AC72CD49E087053.e.14413/click - {}
RESULT: {}
RESULT: {}
COMMAND: GET /session/2f3a3ed30178fd4b3e43ef29d6279727/screenshot - {}
RESULT: {}
COMMAND: POST /session/2f3a3ed30178fd4b3e43ef29d6279727/element - {"using":"xpath","value":"(//span[contains(@id ,\"manageresources-display-component---newResourceUnit--RUTimeSegment-0-vhi\")])[2]"}
RESULT: {"using":"xpath","value":"(//span[contains(@id ,\"manageresources-display-component---newResourceUnit--RUTimeSegment-0-vhi\")])[2]"}
COMMAND: POST /session/2f3a3ed30178fd4b3e43ef29d6279727/element/f.8627BF333E87AC973E299D2132D92580.d.1931A26573872DF24AC72CD49E087053.e.14416/click - {}
RESULT: {}
COMMAND: GET /session/2f3a3ed30178fd4b3e43ef29d6279727/screenshot - {}
RESULT: {}
COMMAND: POST /session/2f3a3ed30178fd4b3e43ef29d6279727/execute/async - {"script":"<script> [1562 bytes]","args":[{"selector":{"controlType":"sap.m.SearchField","properties":{"placeholder":"Search"},"searchOpenDialogs":true,"interaction":{"idSuffix":"I"}},"wdio_ui5_key":"sapm.SearchField{\"placeholder\":\"Search\"}"}]}
RESULT: {"script":"<script> [1562 bytes]","args":[{"selector":{"controlType":"sap.m.SearchField","properties":{"placeholder":"Search"},"searchOpenDialogs":true,"interaction":{"idSuffix":"I"}},"wdio_ui5_key":"sapm.SearchField{\"placeholder\":\"Search\"}"}]}
RESULT: undefined
COMMAND: POST /session/2f3a3ed30178fd4b3e43ef29d6279727/execute/async - {"script":"<script> [776 bytes]","args":[{"enterText":"4000360","selector":{"controlType":"sap.m.SearchField","properties":{"placeholder":"Search"},"searchOpenDialogs":true,"interaction":{"idSuffix":"I"}},"clearTextFirst":true,"interactionType":"ENTER_TEXT"}]}
RESULT: {"script":"<script> [776 bytes]","args":[{"enterText":"4000360","selector":{"controlType":"sap.m.SearchField","properties":{"placeholder":"Search"},"searchOpenDialogs":true,"interaction":{"idSuffix":"I"}},"clearTextFirst":true,"interactionType":"ENTER_TEXT"}]}
COMMAND: POST /session/2f3a3ed30178fd4b3e43ef29d6279727/actions - {"actions":[{"id":"action50","type":"key","parameters":{},"actions":[{"type":"keyDown","value":""},{"type":"pause","duration":10},{"type":"keyUp","value":""}]}]}
RESULT: {"actions":[{"id":"action50","type":"key","parameters":{},"actions":[{"type":"keyDown","value":""},{"type":"pause","duration":10},{"type":"keyUp","value":""}]}]}
COMMAND: GET /session/2f3a3ed30178fd4b3e43ef29d6279727/screenshot - {}
RESULT: {}
COMMAND: POST /session/2f3a3ed30178fd4b3e43ef29d6279727/element - {"using":"xpath","value":"//td/div/span[contains(text(), \"BGL Vehicles\")]"}
RESULT: {"using":"xpath","value":"//td/div/span[contains(text(), \"BGL Vehicles\")]"}
COMMAND: POST /session/2f3a3ed30178fd4b3e43ef29d6279727/element/f.8627BF333E87AC973E299D2132D92580.d.1931A26573872DF24AC72CD49E087053.e.14436/click - {}
RESULT: {}
COMMAND: GET /session/2f3a3ed30178fd4b3e43ef29d6279727/screenshot - {}
RESULT: {}
COMMAND: POST /session/2f3a3ed30178fd4b3e43ef29d6279727/element - {"using":"xpath","value":"//bdi[contains(text(), \"OK\")]"}
RESULT: {"using":"xpath","value":"//bdi[contains(text(), \"OK\")]"}
COMMAND: POST /session/2f3a3ed30178fd4b3e43ef29d6279727/element/f.8627BF333E87AC973E299D2132D92580.d.1931A26573872DF24AC72CD49E087053.e.14437/click - {}
RESULT: {}
COMMAND: GET /session/2f3a3ed30178fd4b3e43ef29d6279727/screenshot - {}
RESULT: {}
COMMAND: POST /session/2f3a3ed30178fd4b3e43ef29d6279727/execute/async - {"script":"<script> [1562 bytes]","args":[{"selector":{"id":"application-manageresources-display-component---newResourceUnit--newRRUPage-anchBar-application-manageresources-display-component---newResourceUnit--resource-anchor","interaction":{"idSuffix":"BDI-content"}},"wdio_ui5_key":"applicationmanageresources-display-component---newResourceUnit--newRRUPage-anchBar-application-manageresources-display-component---newResourceUnit--resource-anchor"}]}
RESULT: {"script":"<script> [1562 bytes]","args":[{"selector":{"id":"application-manageresources-display-component---newResourceUnit--newRRUPage-anchBar-application-manageresources-display-component---newResourceUnit--resource-anchor","interaction":{"idSuffix":"BDI-content"}},"wdio_ui5_key":"applicationmanageresources-display-component---newResourceUnit--newRRUPage-anchBar-application-manageresources-display-component---newResourceUnit--resource-anchor"}]}
RESULT: undefined
COMMAND: POST /session/2f3a3ed30178fd4b3e43ef29d6279727/element - {"using":"xpath","value":"//*[@id=\"application-manageresources-display-component---newResourceUnit--newRRUPage-anchBar-application-manageresources-display-component---newResourceUnit--resource-anchor\"]"}
RESULT: {"using":"xpath","value":"//*[@id=\"application-manageresources-display-component---newResourceUnit--newRRUPage-anchBar-application-manageresources-display-component---newResourceUnit--resource-anchor\"]"}
COMMAND: POST /session/2f3a3ed30178fd4b3e43ef29d6279727/element/f.8627BF333E87AC973E299D2132D92580.d.1931A26573872DF24AC72CD49E087053.e.14441/click - {}
RESULT: {}
COMMAND: POST /session/2f3a3ed30178fd4b3e43ef29d6279727/execute/async - {"script":"<script> [1562 bytes]","args":[{"selector":{"id":"application-manageresources-display-component---newResourceUnit--PLANNED_DELIVERY_DATE","interaction":{"idSuffix":"inner"}},"wdio_ui5_key":"applicationmanageresources-display-component---newResourceUnit--PLANNED_DELIVERY_DATE"}]}
COMMAND: GET /session/2f3a3ed30178fd4b3e43ef29d6279727/screenshot - {}
RESULT: {"script":"<script> [1562 bytes]","args":[{"selector":{"id":"application-manageresources-display-component---newResourceUnit--PLANNED_DELIVERY_DATE","interaction":{"idSuffix":"inner"}},"wdio_ui5_key":"applicationmanageresources-display-component---newResourceUnit--PLANNED_DELIVERY_DATE"}]}
RESULT: undefined
COMMAND: POST /session/2f3a3ed30178fd4b3e43ef29d6279727/execute/async - {"script":"<script> [6424 bytes]","args":[{"element-6066-11e4-a52e-4f735466cecf":"f.8627BF333E87AC973E299D2132D92580.d.1931A26573872DF24AC72CD49E087053.e.14301"},"setValue",["4/23/25"]]}
RESULT: {}
RESULT: {"script":"<script> [6424 bytes]","args":[{"element-6066-11e4-a52e-4f735466cecf":"f.8627BF333E87AC973E299D2132D92580.d.1931A26573872DF24AC72CD49E087053.e.14301"},"setValue",["4/23/25"]]}
COMMAND: POST /session/2f3a3ed30178fd4b3e43ef29d6279727/element - {"using":"xpath","value":"//button[@data-kt=\"resourceUnitSaveButton\"]"}
RESULT: {"using":"xpath","value":"//button[@data-kt=\"resourceUnitSaveButton\"]"}
COMMAND: POST /session/2f3a3ed30178fd4b3e43ef29d6279727/element/f.8627BF333E87AC973E299D2132D92580.d.1931A26573872DF24AC72CD49E087053.e.14261/click - {}
RESULT: {}
COMMAND: GET /session/2f3a3ed30178fd4b3e43ef29d6279727/screenshot - {}
RESULT: {}
COMMAND: POST /session/2f3a3ed30178fd4b3e43ef29d6279727/element - {"using":"xpath","value":"//bdi[contains(text(), \"Close\")]"}
RESULT: {"using":"xpath","value":"//bdi[contains(text(), \"Close\")]"}
COMMAND: POST /session/2f3a3ed30178fd4b3e43ef29d6279727/element/f.8627BF333E87AC973E299D2132D92580.d.1931A26573872DF24AC72CD49E087053.e.14449/click - {}
RESULT: {}
COMMAND: GET /session/2f3a3ed30178fd4b3e43ef29d6279727/screenshot - {}
RESULT: {}
COMMAND: POST /session/2f3a3ed30178fd4b3e43ef29d6279727/element - {"using":"xpath","value":"(//button[contains(@id ,\"actionsToolbar-overflowButton\")])[1]"}
RESULT: {"using":"xpath","value":"(//button[contains(@id ,\"actionsToolbar-overflowButton\")])[1]"}
COMMAND: POST /session/2f3a3ed30178fd4b3e43ef29d6279727/element/f.8627BF333E87AC973E299D2132D92580.d.1931A26573872DF24AC72CD49E087053.e.14504/click - {}
RESULT: {}
COMMAND: GET /session/2f3a3ed30178fd4b3e43ef29d6279727/screenshot - {}
RESULT: {}
COMMAND: POST /session/2f3a3ed30178fd4b3e43ef29d6279727/element - {"using":"xpath","value":"//button[@data-kt=\"priceInfoButton\"]"}
RESULT: {"using":"xpath","value":"//button[@data-kt=\"priceInfoButton\"]"}
COMMAND: POST /session/2f3a3ed30178fd4b3e43ef29d6279727/element/f.8627BF333E87AC973E299D2132D92580.d.1931A26573872DF24AC72CD49E087053.e.14506/click - {}
RESULT: {}
COMMAND: GET /session/2f3a3ed30178fd4b3e43ef29d6279727/screenshot - {}
RESULT: {}
]]></system-out>
    </testcase>
    <testcase classname="chrome.135_0_7049_42.windows.Performance_based_billing_(work_days)_US139742" name="Should create a pricing rule perf based on the equipment" time="50.684">
      <system-out><![CDATA[
COMMAND: POST /session/2f3a3ed30178fd4b3e43ef29d6279727/element - {"using":"xpath","value":"//button[@data-kt=\"addButton\"]"}
RESULT: {"using":"xpath","value":"//button[@data-kt=\"addButton\"]"}
COMMAND: POST /session/2f3a3ed30178fd4b3e43ef29d6279727/elements - {"using":"xpath","value":"//button[@data-kt=\"addButton\"]"}
RESULT: {"using":"xpath","value":"//button[@data-kt=\"addButton\"]"}
COMMAND: POST /session/2f3a3ed30178fd4b3e43ef29d6279727/elements - {"using":"xpath","value":"//button[@data-kt=\"addButton\"]"}
RESULT: {"using":"xpath","value":"//button[@data-kt=\"addButton\"]"}
COMMAND: POST /session/2f3a3ed30178fd4b3e43ef29d6279727/element - {"using":"xpath","value":"//button[@data-kt=\"addButton\"]"}
RESULT: {"using":"xpath","value":"//button[@data-kt=\"addButton\"]"}
COMMAND: POST /session/2f3a3ed30178fd4b3e43ef29d6279727/execute/sync - {"script":"<script> [8489 bytes]","args":[{"element-6066-11e4-a52e-4f735466cecf":"f.8627BF333E87AC973E299D2132D92580.d.1931A26573872DF24AC72CD49E087053.e.14542","ELEMENT":"f.8627BF333E87AC973E299D2132D92580.d.1931A26573872DF24AC72CD49E087053.e.14542"}]}
RESULT: {"script":"<script> [8489 bytes]","args":[{"element-6066-11e4-a52e-4f735466cecf":"f.8627BF333E87AC973E299D2132D92580.d.1931A26573872DF24AC72CD49E087053.e.14542","ELEMENT":"f.8627BF333E87AC973E299D2132D92580.d.1931A26573872DF24AC72CD49E087053.e.14542"}]}
COMMAND: GET /session/2f3a3ed30178fd4b3e43ef29d6279727/element/f.8627BF333E87AC973E299D2132D92580.d.1931A26573872DF24AC72CD49E087053.e.14542/enabled - {}
COMMAND: GET /session/2f3a3ed30178fd4b3e43ef29d6279727/screenshot - {}
RESULT: {}
COMMAND: POST /session/2f3a3ed30178fd4b3e43ef29d6279727/execute/sync - {"script":"<script> [8489 bytes]","args":[{"element-6066-11e4-a52e-4f735466cecf":"f.8627BF333E87AC973E299D2132D92580.d.1931A26573872DF24AC72CD49E087053.e.14542","ELEMENT":"f.8627BF333E87AC973E299D2132D92580.d.1931A26573872DF24AC72CD49E087053.e.14542"}]}
COMMAND: GET /session/2f3a3ed30178fd4b3e43ef29d6279727/screenshot - {}
RESULT: {}
RESULT: {"script":"<script> [8489 bytes]","args":[{"element-6066-11e4-a52e-4f735466cecf":"f.8627BF333E87AC973E299D2132D92580.d.1931A26573872DF24AC72CD49E087053.e.14542","ELEMENT":"f.8627BF333E87AC973E299D2132D92580.d.1931A26573872DF24AC72CD49E087053.e.14542"}]}
COMMAND: POST /session/2f3a3ed30178fd4b3e43ef29d6279727/execute/sync - {"script":"<script> [5351 bytes]","args":[{"element-6066-11e4-a52e-4f735466cecf":"f.8627BF333E87AC973E299D2132D92580.d.1931A26573872DF24AC72CD49E087053.e.14542","ELEMENT":"f.8627BF333E87AC973E299D2132D92580.d.1931A26573872DF24AC72CD49E087053.e.14542"}]}
COMMAND: GET /session/2f3a3ed30178fd4b3e43ef29d6279727/screenshot - {}
RESULT: {}
RESULT: {"script":"<script> [5351 bytes]","args":[{"element-6066-11e4-a52e-4f735466cecf":"f.8627BF333E87AC973E299D2132D92580.d.1931A26573872DF24AC72CD49E087053.e.14542","ELEMENT":"f.8627BF333E87AC973E299D2132D92580.d.1931A26573872DF24AC72CD49E087053.e.14542"}]}
COMMAND: POST /session/2f3a3ed30178fd4b3e43ef29d6279727/element/f.8627BF333E87AC973E299D2132D92580.d.1931A26573872DF24AC72CD49E087053.e.14542/click - {}
COMMAND: GET /session/2f3a3ed30178fd4b3e43ef29d6279727/screenshot - {}
RESULT: {}
RESULT: {}
COMMAND: GET /session/2f3a3ed30178fd4b3e43ef29d6279727/screenshot - {}
RESULT: {}
RESULT: {}
COMMAND: POST /session/2f3a3ed30178fd4b3e43ef29d6279727/execute/async - {"script":"<script> [1562 bytes]","args":[{"selector":{"controlType":"sap.m.Title","viewName":"etm.portal.ui.managepricingrules.view.NewItem","viewId":"application-managepricingrules-display-component---newInfoPriceItem","properties":{"text":"New Pricing Rules - Item Level"}},"wdio_ui5_key":"etmportal.ui.managepricingrules.view.NewItemsap.m.Title{\"text\":\"New Pricing Rules - Item Level\"}"}]}
RESULT: {"script":"<script> [1562 bytes]","args":[{"selector":{"controlType":"sap.m.Title","viewName":"etm.portal.ui.managepricingrules.view.NewItem","viewId":"application-managepricingrules-display-component---newInfoPriceItem","properties":{"text":"New Pricing Rules - Item Level"}},"wdio_ui5_key":"etmportal.ui.managepricingrules.view.NewItemsap.m.Title{\"text\":\"New Pricing Rules - Item Level\"}"}]}
RESULT: undefined
COMMAND: POST /session/2f3a3ed30178fd4b3e43ef29d6279727/execute/async - {"script":"<script> [6424 bytes]","args":[{"element-6066-11e4-a52e-4f735466cecf":"f.8627BF333E87AC973E299D2132D92580.d.1931A26573872DF24AC72CD49E087053.e.14702"},"getText",[]]}
RESULT: {"script":"<script> [6424 bytes]","args":[{"element-6066-11e4-a52e-4f735466cecf":"f.8627BF333E87AC973E299D2132D92580.d.1931A26573872DF24AC72CD49E087053.e.14702"},"getText",[]]}
COMMAND: POST /session/2f3a3ed30178fd4b3e43ef29d6279727/execute/async - {"script":"<script> [1562 bytes]","args":[{"selector":{"id":"application-managepricingrules-display-component---newInfoPriceItem--condValidTo","interaction":{"idSuffix":"inner"}},"wdio_ui5_key":"applicationmanagepricingrules-display-component---newInfoPriceItem--condValidTo"}]}
RESULT: {"script":"<script> [1562 bytes]","args":[{"selector":{"id":"application-managepricingrules-display-component---newInfoPriceItem--condValidTo","interaction":{"idSuffix":"inner"}},"wdio_ui5_key":"applicationmanagepricingrules-display-component---newInfoPriceItem--condValidTo"}]}
RESULT: undefined
COMMAND: POST /session/2f3a3ed30178fd4b3e43ef29d6279727/execute/async - {"script":"<script> [776 bytes]","args":[{"enterText":"12/23/25","selector":{"id":"application-managepricingrules-display-component---newInfoPriceItem--condValidTo","interaction":{"idSuffix":"inner"}},"clearTextFirst":true,"interactionType":"ENTER_TEXT"}]}
RESULT: {"script":"<script> [776 bytes]","args":[{"enterText":"12/23/25","selector":{"id":"application-managepricingrules-display-component---newInfoPriceItem--condValidTo","interaction":{"idSuffix":"inner"}},"clearTextFirst":true,"interactionType":"ENTER_TEXT"}]}
COMMAND: POST /session/2f3a3ed30178fd4b3e43ef29d6279727/execute/async - {"script":"<script> [1562 bytes]","args":[{"selector":{"id":"application-managepricingrules-display-component---newInfoPriceItem--billType-arrow"},"wdio_ui5_key":"applicationmanagepricingrules-display-component---newInfoPriceItem--billType-arrow"}]}
RESULT: {"script":"<script> [1562 bytes]","args":[{"selector":{"id":"application-managepricingrules-display-component---newInfoPriceItem--billType-arrow"},"wdio_ui5_key":"applicationmanagepricingrules-display-component---newInfoPriceItem--billType-arrow"}]}
RESULT: undefined
COMMAND: POST /session/2f3a3ed30178fd4b3e43ef29d6279727/element - {"using":"xpath","value":"//*[@id=\"application-managepricingrules-display-component---newInfoPriceItem--billType-arrow\"]"}
RESULT: {"using":"xpath","value":"//*[@id=\"application-managepricingrules-display-component---newInfoPriceItem--billType-arrow\"]"}
COMMAND: POST /session/2f3a3ed30178fd4b3e43ef29d6279727/element/f.8627BF333E87AC973E299D2132D92580.d.1931A26573872DF24AC72CD49E087053.e.14704/click - {}
RESULT: {}
COMMAND: POST /session/2f3a3ed30178fd4b3e43ef29d6279727/element - {"using":"xpath","value":"//span[contains(text(), \"PB - Performance based\")]"}
COMMAND: GET /session/2f3a3ed30178fd4b3e43ef29d6279727/screenshot - {}
RESULT: {"using":"xpath","value":"//span[contains(text(), \"PB - Performance based\")]"}
COMMAND: POST /session/2f3a3ed30178fd4b3e43ef29d6279727/element/f.8627BF333E87AC973E299D2132D92580.d.1931A26573872DF24AC72CD49E087053.e.14705/click - {}
RESULT: {}
RESULT: {}
COMMAND: POST /session/2f3a3ed30178fd4b3e43ef29d6279727/execute/async - {"script":"<script> [1562 bytes]","args":[{"selector":{"id":"application-managepricingrules-display-component---newInfoPriceItem--priceProc-arrow"},"wdio_ui5_key":"applicationmanagepricingrules-display-component---newInfoPriceItem--priceProc-arrow"}]}
COMMAND: GET /session/2f3a3ed30178fd4b3e43ef29d6279727/screenshot - {}
RESULT: {"script":"<script> [1562 bytes]","args":[{"selector":{"id":"application-managepricingrules-display-component---newInfoPriceItem--priceProc-arrow"},"wdio_ui5_key":"applicationmanagepricingrules-display-component---newInfoPriceItem--priceProc-arrow"}]}
RESULT: undefined
COMMAND: POST /session/2f3a3ed30178fd4b3e43ef29d6279727/element - {"using":"xpath","value":"//*[@id=\"application-managepricingrules-display-component---newInfoPriceItem--priceProc-arrow\"]"}
RESULT: {}
RESULT: {"using":"xpath","value":"//*[@id=\"application-managepricingrules-display-component---newInfoPriceItem--priceProc-arrow\"]"}
COMMAND: POST /session/2f3a3ed30178fd4b3e43ef29d6279727/element/f.8627BF333E87AC973E299D2132D92580.d.1931A26573872DF24AC72CD49E087053.e.14668/click - {}
RESULT: {}
COMMAND: POST /session/2f3a3ed30178fd4b3e43ef29d6279727/element - {"using":"xpath","value":"//span[contains(text(), \"PRF - Performance based\")]"}
COMMAND: GET /session/2f3a3ed30178fd4b3e43ef29d6279727/screenshot - {}
RESULT: {"using":"xpath","value":"//span[contains(text(), \"PRF - Performance based\")]"}
COMMAND: POST /session/2f3a3ed30178fd4b3e43ef29d6279727/element/f.8627BF333E87AC973E299D2132D92580.d.1931A26573872DF24AC72CD49E087053.e.14706/click - {}
RESULT: {}
RESULT: {}
COMMAND: POST /session/2f3a3ed30178fd4b3e43ef29d6279727/execute/async - {"script":"<script> [1562 bytes]","args":[{"selector":{"id":"application-managepricingrules-display-component---newInfoPriceItem--calcBase-arrow"},"wdio_ui5_key":"applicationmanagepricingrules-display-component---newInfoPriceItem--calcBase-arrow"}]}
COMMAND: GET /session/2f3a3ed30178fd4b3e43ef29d6279727/screenshot - {}
RESULT: {"script":"<script> [1562 bytes]","args":[{"selector":{"id":"application-managepricingrules-display-component---newInfoPriceItem--calcBase-arrow"},"wdio_ui5_key":"applicationmanagepricingrules-display-component---newInfoPriceItem--calcBase-arrow"}]}
RESULT: undefined
COMMAND: POST /session/2f3a3ed30178fd4b3e43ef29d6279727/element - {"using":"xpath","value":"//*[@id=\"application-managepricingrules-display-component---newInfoPriceItem--calcBase-arrow\"]"}
RESULT: {}
RESULT: {"using":"xpath","value":"//*[@id=\"application-managepricingrules-display-component---newInfoPriceItem--calcBase-arrow\"]"}
COMMAND: POST /session/2f3a3ed30178fd4b3e43ef29d6279727/element/f.8627BF333E87AC973E299D2132D92580.d.1931A26573872DF24AC72CD49E087053.e.14675/click - {}
RESULT: {}
COMMAND: GET /session/2f3a3ed30178fd4b3e43ef29d6279727/screenshot - {}
RESULT: {}
COMMAND: POST /session/2f3a3ed30178fd4b3e43ef29d6279727/element - {"using":"xpath","value":"//span[contains(text(), \"0007 - PB(work days)\")]"}
RESULT: {"using":"xpath","value":"//span[contains(text(), \"0007 - PB(work days)\")]"}
COMMAND: POST /session/2f3a3ed30178fd4b3e43ef29d6279727/element/f.8627BF333E87AC973E299D2132D92580.d.1931A26573872DF24AC72CD49E087053.e.14707/click - {}
RESULT: {}
COMMAND: GET /session/2f3a3ed30178fd4b3e43ef29d6279727/screenshot - {}
RESULT: {}
COMMAND: POST /session/2f3a3ed30178fd4b3e43ef29d6279727/execute/async - {"script":"<script> [1562 bytes]","args":[{"selector":{"id":"application-managepricingrules-display-component---newInfoPriceItem--hoursMonth","interaction":{"idSuffix":"inner"}},"wdio_ui5_key":"applicationmanagepricingrules-display-component---newInfoPriceItem--hoursMonth"}]}
RESULT: {"script":"<script> [1562 bytes]","args":[{"selector":{"id":"application-managepricingrules-display-component---newInfoPriceItem--hoursMonth","interaction":{"idSuffix":"inner"}},"wdio_ui5_key":"applicationmanagepricingrules-display-component---newInfoPriceItem--hoursMonth"}]}
RESULT: undefined
COMMAND: POST /session/2f3a3ed30178fd4b3e43ef29d6279727/execute/async - {"script":"<script> [776 bytes]","args":[{"enterText":"160","selector":{"id":"application-managepricingrules-display-component---newInfoPriceItem--hoursMonth","interaction":{"idSuffix":"inner"}},"clearTextFirst":true,"interactionType":"ENTER_TEXT"}]}
RESULT: {"script":"<script> [776 bytes]","args":[{"enterText":"160","selector":{"id":"application-managepricingrules-display-component---newInfoPriceItem--hoursMonth","interaction":{"idSuffix":"inner"}},"clearTextFirst":true,"interactionType":"ENTER_TEXT"}]}
COMMAND: POST /session/2f3a3ed30178fd4b3e43ef29d6279727/element - {"using":"xpath","value":"//button[@data-kt=\"saveNewRuleButton\"]"}
RESULT: {"using":"xpath","value":"//button[@data-kt=\"saveNewRuleButton\"]"}
COMMAND: POST /session/2f3a3ed30178fd4b3e43ef29d6279727/element/f.8627BF333E87AC973E299D2132D92580.d.1931A26573872DF24AC72CD49E087053.e.14692/click - {}
RESULT: {}
COMMAND: GET /session/2f3a3ed30178fd4b3e43ef29d6279727/screenshot - {}
RESULT: {}
COMMAND: POST /session/2f3a3ed30178fd4b3e43ef29d6279727/execute/async - {"script":"<script> [1562 bytes]","args":[{"selector":{"id":"application-managepricingrules-display-component---priceInfoItem--smartFilterBar-btnBasicSearch","interaction":{"idSuffix":"I"}},"wdio_ui5_key":"applicationmanagepricingrules-display-component---priceInfoItem--smartFilterBar-btnBasicSearch"}]}
RESULT: {"script":"<script> [1562 bytes]","args":[{"selector":{"id":"application-managepricingrules-display-component---priceInfoItem--smartFilterBar-btnBasicSearch","interaction":{"idSuffix":"I"}},"wdio_ui5_key":"applicationmanagepricingrules-display-component---priceInfoItem--smartFilterBar-btnBasicSearch"}]}
RESULT: undefined
COMMAND: POST /session/2f3a3ed30178fd4b3e43ef29d6279727/execute/async - {"script":"<script> [776 bytes]","args":[{"enterText":"2AqdfWUmDw","selector":{"id":"application-managepricingrules-display-component---priceInfoItem--smartFilterBar-btnBasicSearch","interaction":{"idSuffix":"I"}},"clearTextFirst":true,"interactionType":"ENTER_TEXT"}]}
RESULT: {"script":"<script> [776 bytes]","args":[{"enterText":"2AqdfWUmDw","selector":{"id":"application-managepricingrules-display-component---priceInfoItem--smartFilterBar-btnBasicSearch","interaction":{"idSuffix":"I"}},"clearTextFirst":true,"interactionType":"ENTER_TEXT"}]}
COMMAND: POST /session/2f3a3ed30178fd4b3e43ef29d6279727/actions - {"actions":[{"id":"action51","type":"key","parameters":{},"actions":[{"type":"keyDown","value":""},{"type":"pause","duration":10},{"type":"keyUp","value":""}]}]}
RESULT: {"actions":[{"id":"action51","type":"key","parameters":{},"actions":[{"type":"keyDown","value":""},{"type":"pause","duration":10},{"type":"keyUp","value":""}]}]}
COMMAND: GET /session/2f3a3ed30178fd4b3e43ef29d6279727/screenshot - {}
RESULT: {}
COMMAND: POST /session/2f3a3ed30178fd4b3e43ef29d6279727/element - {"using":"xpath","value":"//span[@id=\"application-managepricingrules-display-component---priceInfoItem--smartTable-header-inner\"]"}
RESULT: {"using":"xpath","value":"//span[@id=\"application-managepricingrules-display-component---priceInfoItem--smartTable-header-inner\"]"}
COMMAND: POST /session/2f3a3ed30178fd4b3e43ef29d6279727/elements - {"using":"xpath","value":"//span[@id=\"application-managepricingrules-display-component---priceInfoItem--smartTable-header-inner\"]"}
RESULT: {"using":"xpath","value":"//span[@id=\"application-managepricingrules-display-component---priceInfoItem--smartTable-header-inner\"]"}
COMMAND: POST /session/2f3a3ed30178fd4b3e43ef29d6279727/execute/sync - {"script":"<script> [56 bytes]","args":[{"element-6066-11e4-a52e-4f735466cecf":"f.8627BF333E87AC973E299D2132D92580.d.1931A26573872DF24AC72CD49E087053.e.14721","ELEMENT":"f.8627BF333E87AC973E299D2132D92580.d.1931A26573872DF24AC72CD49E087053.e.14721"}]}
RESULT: {"script":"<script> [56 bytes]","args":[{"element-6066-11e4-a52e-4f735466cecf":"f.8627BF333E87AC973E299D2132D92580.d.1931A26573872DF24AC72CD49E087053.e.14721","ELEMENT":"f.8627BF333E87AC973E299D2132D92580.d.1931A26573872DF24AC72CD49E087053.e.14721"}]}
COMMAND: POST /session/2f3a3ed30178fd4b3e43ef29d6279727/element - {"using":"css selector","value":"#shell-header-logo"}
COMMAND: GET /session/2f3a3ed30178fd4b3e43ef29d6279727/screenshot - {}
RESULT: {"using":"css selector","value":"#shell-header-logo"}
COMMAND: POST /session/2f3a3ed30178fd4b3e43ef29d6279727/element/f.8627BF333E87AC973E299D2132D92580.d.1931A26573872DF24AC72CD49E087053.e.13847/click - {}
RESULT: {}
RESULT: {}
COMMAND: GET /session/2f3a3ed30178fd4b3e43ef29d6279727/screenshot - {}
RESULT: {}
]]></system-out>
    </testcase>
    <testcase classname="chrome.135_0_7049_42.windows.Performance_based_billing_(work_days)_US139742" name="Should create a performance based billing condition on the equipment" time="63.27">
      <system-out><![CDATA[
COMMAND: POST /session/2f3a3ed30178fd4b3e43ef29d6279727/execute/async - {"script":"<script> [1562 bytes]","args":[{"selector":{"controlType":"sap.m.Text","properties":{"text":"Manage Conditions & Prices"},"interaction":{"idSuffix":"inner"}},"wdio_ui5_key":"sapm.Text{\"text\":\"Manage Conditions & Prices\"}"}]}
RESULT: {"script":"<script> [1562 bytes]","args":[{"selector":{"controlType":"sap.m.Text","properties":{"text":"Manage Conditions & Prices"},"interaction":{"idSuffix":"inner"}},"wdio_ui5_key":"sapm.Text{\"text\":\"Manage Conditions & Prices\"}"}]}
RESULT: undefined
COMMAND: POST /session/2f3a3ed30178fd4b3e43ef29d6279727/element - {"using":"xpath","value":"//*[@id=\"__tile53-title\"]"}
RESULT: {"using":"xpath","value":"//*[@id=\"__tile53-title\"]"}
COMMAND: POST /session/2f3a3ed30178fd4b3e43ef29d6279727/element/f.8627BF333E87AC973E299D2132D92580.d.1931A26573872DF24AC72CD49E087053.e.14724/click - {}
RESULT: {}
COMMAND: POST /session/2f3a3ed30178fd4b3e43ef29d6279727/element - {"using":"xpath","value":"//button[@aria-label=\"Create\"]"}
COMMAND: GET /session/2f3a3ed30178fd4b3e43ef29d6279727/screenshot - {}
RESULT: {"using":"xpath","value":"//button[@aria-label=\"Create\"]"}
COMMAND: POST /session/2f3a3ed30178fd4b3e43ef29d6279727/elements - {"using":"xpath","value":"//button[@aria-label=\"Create\"]"}
RESULT: {}
RESULT: {"using":"xpath","value":"//button[@aria-label=\"Create\"]"}
COMMAND: POST /session/2f3a3ed30178fd4b3e43ef29d6279727/elements - {"using":"xpath","value":"//button[@aria-label=\"Create\"]"}
RESULT: {"using":"xpath","value":"//button[@aria-label=\"Create\"]"}
COMMAND: POST /session/2f3a3ed30178fd4b3e43ef29d6279727/elements - {"using":"xpath","value":"//button[@aria-label=\"Create\"]"}
RESULT: {"using":"xpath","value":"//button[@aria-label=\"Create\"]"}
COMMAND: POST /session/2f3a3ed30178fd4b3e43ef29d6279727/elements - {"using":"xpath","value":"//button[@aria-label=\"Create\"]"}
RESULT: {"using":"xpath","value":"//button[@aria-label=\"Create\"]"}
COMMAND: POST /session/2f3a3ed30178fd4b3e43ef29d6279727/elements - {"using":"xpath","value":"//button[@aria-label=\"Create\"]"}
RESULT: {"using":"xpath","value":"//button[@aria-label=\"Create\"]"}
COMMAND: POST /session/2f3a3ed30178fd4b3e43ef29d6279727/element - {"using":"xpath","value":"//button[@aria-label=\"Create\"]"}
RESULT: {"using":"xpath","value":"//button[@aria-label=\"Create\"]"}
COMMAND: POST /session/2f3a3ed30178fd4b3e43ef29d6279727/execute/sync - {"script":"<script> [8489 bytes]","args":[{"element-6066-11e4-a52e-4f735466cecf":"f.8627BF333E87AC973E299D2132D92580.d.1931A26573872DF24AC72CD49E087053.e.14758","ELEMENT":"f.8627BF333E87AC973E299D2132D92580.d.1931A26573872DF24AC72CD49E087053.e.14758"}]}
RESULT: {"script":"<script> [8489 bytes]","args":[{"element-6066-11e4-a52e-4f735466cecf":"f.8627BF333E87AC973E299D2132D92580.d.1931A26573872DF24AC72CD49E087053.e.14758","ELEMENT":"f.8627BF333E87AC973E299D2132D92580.d.1931A26573872DF24AC72CD49E087053.e.14758"}]}
COMMAND: GET /session/2f3a3ed30178fd4b3e43ef29d6279727/element/f.8627BF333E87AC973E299D2132D92580.d.1931A26573872DF24AC72CD49E087053.e.14758/enabled - {}
COMMAND: GET /session/2f3a3ed30178fd4b3e43ef29d6279727/screenshot - {}
RESULT: {}
COMMAND: POST /session/2f3a3ed30178fd4b3e43ef29d6279727/execute/sync - {"script":"<script> [8489 bytes]","args":[{"element-6066-11e4-a52e-4f735466cecf":"f.8627BF333E87AC973E299D2132D92580.d.1931A26573872DF24AC72CD49E087053.e.14758","ELEMENT":"f.8627BF333E87AC973E299D2132D92580.d.1931A26573872DF24AC72CD49E087053.e.14758"}]}
COMMAND: GET /session/2f3a3ed30178fd4b3e43ef29d6279727/screenshot - {}
RESULT: {}
RESULT: {"script":"<script> [8489 bytes]","args":[{"element-6066-11e4-a52e-4f735466cecf":"f.8627BF333E87AC973E299D2132D92580.d.1931A26573872DF24AC72CD49E087053.e.14758","ELEMENT":"f.8627BF333E87AC973E299D2132D92580.d.1931A26573872DF24AC72CD49E087053.e.14758"}]}
COMMAND: POST /session/2f3a3ed30178fd4b3e43ef29d6279727/execute/sync - {"script":"<script> [5351 bytes]","args":[{"element-6066-11e4-a52e-4f735466cecf":"f.8627BF333E87AC973E299D2132D92580.d.1931A26573872DF24AC72CD49E087053.e.14758","ELEMENT":"f.8627BF333E87AC973E299D2132D92580.d.1931A26573872DF24AC72CD49E087053.e.14758"}]}
COMMAND: GET /session/2f3a3ed30178fd4b3e43ef29d6279727/screenshot - {}
RESULT: {}
RESULT: {"script":"<script> [5351 bytes]","args":[{"element-6066-11e4-a52e-4f735466cecf":"f.8627BF333E87AC973E299D2132D92580.d.1931A26573872DF24AC72CD49E087053.e.14758","ELEMENT":"f.8627BF333E87AC973E299D2132D92580.d.1931A26573872DF24AC72CD49E087053.e.14758"}]}
COMMAND: POST /session/2f3a3ed30178fd4b3e43ef29d6279727/element/f.8627BF333E87AC973E299D2132D92580.d.1931A26573872DF24AC72CD49E087053.e.14758/click - {}
COMMAND: GET /session/2f3a3ed30178fd4b3e43ef29d6279727/screenshot - {}
RESULT: {}
RESULT: {}
COMMAND: GET /session/2f3a3ed30178fd4b3e43ef29d6279727/screenshot - {}
RESULT: {}
RESULT: {}
COMMAND: POST /session/2f3a3ed30178fd4b3e43ef29d6279727/actions - {"actions":[{"id":"action52","type":"key","parameters":{},"actions":[{"type":"keyDown","value":""},{"type":"pause","duration":10},{"type":"keyUp","value":""}]}]}
RESULT: {"actions":[{"id":"action52","type":"key","parameters":{},"actions":[{"type":"keyDown","value":""},{"type":"pause","duration":10},{"type":"keyUp","value":""}]}]}
COMMAND: GET /session/2f3a3ed30178fd4b3e43ef29d6279727/screenshot - {}
RESULT: {}
COMMAND: POST /session/2f3a3ed30178fd4b3e43ef29d6279727/execute/async - {"script":"<script> [1562 bytes]","args":[{"selector":{"id":"application-manageconditionprice-display-component---newCondition--condBillCond-arrow"},"wdio_ui5_key":"applicationmanageconditionprice-display-component---newCondition--condBillCond-arrow"}]}
RESULT: {"script":"<script> [1562 bytes]","args":[{"selector":{"id":"application-manageconditionprice-display-component---newCondition--condBillCond-arrow"},"wdio_ui5_key":"applicationmanageconditionprice-display-component---newCondition--condBillCond-arrow"}]}
RESULT: undefined
COMMAND: POST /session/2f3a3ed30178fd4b3e43ef29d6279727/element - {"using":"xpath","value":"//*[@id=\"application-manageconditionprice-display-component---newCondition--condBillCond-arrow\"]"}
RESULT: {"using":"xpath","value":"//*[@id=\"application-manageconditionprice-display-component---newCondition--condBillCond-arrow\"]"}
COMMAND: POST /session/2f3a3ed30178fd4b3e43ef29d6279727/element/f.8627BF333E87AC973E299D2132D92580.d.1931A26573872DF24AC72CD49E087053.e.14935/click - {}
RESULT: {}
COMMAND: GET /session/2f3a3ed30178fd4b3e43ef29d6279727/screenshot - {}
RESULT: {}
COMMAND: POST /session/2f3a3ed30178fd4b3e43ef29d6279727/element - {"using":"xpath","value":"//li[.//span[contains(text(), \"PC06 - Performance Price - fuel\")]]"}
RESULT: {"using":"xpath","value":"//li[.//span[contains(text(), \"PC06 - Performance Price - fuel\")]]"}
COMMAND: POST /session/2f3a3ed30178fd4b3e43ef29d6279727/element/f.8627BF333E87AC973E299D2132D92580.d.1931A26573872DF24AC72CD49E087053.e.14938/click - {}
RESULT: {}
COMMAND: GET /session/2f3a3ed30178fd4b3e43ef29d6279727/screenshot - {}
RESULT: {}
COMMAND: POST /session/2f3a3ed30178fd4b3e43ef29d6279727/execute/async - {"script":"<script> [1562 bytes]","args":[{"selector":{"id":"application-manageconditionprice-display-component---newCondition--condValidTo","interaction":{"idSuffix":"inner"}},"wdio_ui5_key":"applicationmanageconditionprice-display-component---newCondition--condValidTo"}]}
RESULT: {"script":"<script> [1562 bytes]","args":[{"selector":{"id":"application-manageconditionprice-display-component---newCondition--condValidTo","interaction":{"idSuffix":"inner"}},"wdio_ui5_key":"applicationmanageconditionprice-display-component---newCondition--condValidTo"}]}
RESULT: undefined
COMMAND: POST /session/2f3a3ed30178fd4b3e43ef29d6279727/execute/async - {"script":"<script> [776 bytes]","args":[{"enterText":"12/23/25","selector":{"id":"application-manageconditionprice-display-component---newCondition--condValidTo","interaction":{"idSuffix":"inner"}},"clearTextFirst":true,"interactionType":"ENTER_TEXT"}]}
RESULT: {"script":"<script> [776 bytes]","args":[{"enterText":"12/23/25","selector":{"id":"application-manageconditionprice-display-component---newCondition--condValidTo","interaction":{"idSuffix":"inner"}},"clearTextFirst":true,"interactionType":"ENTER_TEXT"}]}
COMMAND: POST /session/2f3a3ed30178fd4b3e43ef29d6279727/element - {"using":"xpath","value":"//input[@id=\"application-manageconditionprice-display-component---newCondition--condRU-inner\"]"}
RESULT: {"using":"xpath","value":"//input[@id=\"application-manageconditionprice-display-component---newCondition--condRU-inner\"]"}
COMMAND: POST /session/2f3a3ed30178fd4b3e43ef29d6279727/element/f.8627BF333E87AC973E299D2132D92580.d.1931A26573872DF24AC72CD49E087053.e.14800/clear - {}
RESULT: {}
COMMAND: POST /session/2f3a3ed30178fd4b3e43ef29d6279727/element/f.8627BF333E87AC973E299D2132D92580.d.1931A26573872DF24AC72CD49E087053.e.14800/value - {"text":"2AqdfWUmDw"}
COMMAND: GET /session/2f3a3ed30178fd4b3e43ef29d6279727/screenshot - {}
RESULT: {"text":"2AqdfWUmDw"}
COMMAND: GET /session/2f3a3ed30178fd4b3e43ef29d6279727/screenshot - {}
RESULT: {}
RESULT: {}
COMMAND: POST /session/2f3a3ed30178fd4b3e43ef29d6279727/actions - {"actions":[{"id":"action53","type":"key","parameters":{},"actions":[{"type":"keyDown","value":""},{"type":"pause","duration":10},{"type":"keyUp","value":""}]}]}
RESULT: {"actions":[{"id":"action53","type":"key","parameters":{},"actions":[{"type":"keyDown","value":""},{"type":"pause","duration":10},{"type":"keyUp","value":""}]}]}
COMMAND: POST /session/2f3a3ed30178fd4b3e43ef29d6279727/execute/async - {"script":"<script> [1562 bytes]","args":[{"selector":{"id":"application-manageconditionprice-display-component---newCondition--condBaseQty","interaction":{"idSuffix":"inner"}},"wdio_ui5_key":"applicationmanageconditionprice-display-component---newCondition--condBaseQty"}]}
COMMAND: GET /session/2f3a3ed30178fd4b3e43ef29d6279727/screenshot - {}
RESULT: {"script":"<script> [1562 bytes]","args":[{"selector":{"id":"application-manageconditionprice-display-component---newCondition--condBaseQty","interaction":{"idSuffix":"inner"}},"wdio_ui5_key":"applicationmanageconditionprice-display-component---newCondition--condBaseQty"}]}
RESULT: undefined
COMMAND: POST /session/2f3a3ed30178fd4b3e43ef29d6279727/execute/async - {"script":"<script> [776 bytes]","args":[{"enterText":"1","selector":{"id":"application-manageconditionprice-display-component---newCondition--condBaseQty","interaction":{"idSuffix":"inner"}},"clearTextFirst":true,"interactionType":"ENTER_TEXT"}]}
RESULT: {}
RESULT: {"script":"<script> [776 bytes]","args":[{"enterText":"1","selector":{"id":"application-manageconditionprice-display-component---newCondition--condBaseQty","interaction":{"idSuffix":"inner"}},"clearTextFirst":true,"interactionType":"ENTER_TEXT"}]}
COMMAND: POST /session/2f3a3ed30178fd4b3e43ef29d6279727/execute/async - {"script":"<script> [1562 bytes]","args":[{"selector":{"id":"application-manageconditionprice-display-component---newCondition--condValue","interaction":{"idSuffix":"inner"}},"wdio_ui5_key":"applicationmanageconditionprice-display-component---newCondition--condValue"}]}
RESULT: {"script":"<script> [1562 bytes]","args":[{"selector":{"id":"application-manageconditionprice-display-component---newCondition--condValue","interaction":{"idSuffix":"inner"}},"wdio_ui5_key":"applicationmanageconditionprice-display-component---newCondition--condValue"}]}
RESULT: undefined
COMMAND: POST /session/2f3a3ed30178fd4b3e43ef29d6279727/execute/async - {"script":"<script> [776 bytes]","args":[{"enterText":"10","selector":{"id":"application-manageconditionprice-display-component---newCondition--condValue","interaction":{"idSuffix":"inner"}},"clearTextFirst":true,"interactionType":"ENTER_TEXT"}]}
RESULT: {"script":"<script> [776 bytes]","args":[{"enterText":"10","selector":{"id":"application-manageconditionprice-display-component---newCondition--condValue","interaction":{"idSuffix":"inner"}},"clearTextFirst":true,"interactionType":"ENTER_TEXT"}]}
COMMAND: POST /session/2f3a3ed30178fd4b3e43ef29d6279727/execute/async - {"script":"<script> [1562 bytes]","args":[{"selector":{"id":"application-manageconditionprice-display-component---newCondition--condCurr-arrow"},"wdio_ui5_key":"applicationmanageconditionprice-display-component---newCondition--condCurr-arrow"}]}
RESULT: {"script":"<script> [1562 bytes]","args":[{"selector":{"id":"application-manageconditionprice-display-component---newCondition--condCurr-arrow"},"wdio_ui5_key":"applicationmanageconditionprice-display-component---newCondition--condCurr-arrow"}]}
RESULT: undefined
COMMAND: POST /session/2f3a3ed30178fd4b3e43ef29d6279727/element - {"using":"xpath","value":"//*[@id=\"application-manageconditionprice-display-component---newCondition--condCurr-arrow\"]"}
RESULT: {"using":"xpath","value":"//*[@id=\"application-manageconditionprice-display-component---newCondition--condCurr-arrow\"]"}
COMMAND: POST /session/2f3a3ed30178fd4b3e43ef29d6279727/element/f.8627BF333E87AC973E299D2132D92580.d.1931A26573872DF24AC72CD49E087053.e.14916/click - {}
RESULT: {}
COMMAND: POST /session/2f3a3ed30178fd4b3e43ef29d6279727/element - {"using":"xpath","value":"//span[contains(text(), \"Euro\")]"}
COMMAND: GET /session/2f3a3ed30178fd4b3e43ef29d6279727/screenshot - {}
RESULT: {"using":"xpath","value":"//span[contains(text(), \"Euro\")]"}
COMMAND: POST /session/2f3a3ed30178fd4b3e43ef29d6279727/element/f.8627BF333E87AC973E299D2132D92580.d.1931A26573872DF24AC72CD49E087053.e.14973/click - {}
RESULT: {}
RESULT: {}
COMMAND: POST /session/2f3a3ed30178fd4b3e43ef29d6279727/element - {"using":"xpath","value":"//button[@data-kt=\"saveButton\"]"}
COMMAND: GET /session/2f3a3ed30178fd4b3e43ef29d6279727/screenshot - {}
RESULT: {"using":"xpath","value":"//button[@data-kt=\"saveButton\"]"}
COMMAND: POST /session/2f3a3ed30178fd4b3e43ef29d6279727/element/f.8627BF333E87AC973E299D2132D92580.d.1931A26573872DF24AC72CD49E087053.e.14917/click - {}
RESULT: {}
RESULT: {}
COMMAND: GET /session/2f3a3ed30178fd4b3e43ef29d6279727/screenshot - {}
RESULT: {}
COMMAND: POST /session/2f3a3ed30178fd4b3e43ef29d6279727/execute/async - {"script":"<script> [1562 bytes]","args":[{"selector":{"id":"application-manageconditionprice-display-component---conditions--smartFilterBar-btnBasicSearch","interaction":{"idSuffix":"I"}},"wdio_ui5_key":"applicationmanageconditionprice-display-component---conditions--smartFilterBar-btnBasicSearch"}]}
RESULT: {"script":"<script> [1562 bytes]","args":[{"selector":{"id":"application-manageconditionprice-display-component---conditions--smartFilterBar-btnBasicSearch","interaction":{"idSuffix":"I"}},"wdio_ui5_key":"applicationmanageconditionprice-display-component---conditions--smartFilterBar-btnBasicSearch"}]}
RESULT: undefined
COMMAND: POST /session/2f3a3ed30178fd4b3e43ef29d6279727/execute/async - {"script":"<script> [776 bytes]","args":[{"enterText":"2AqdfWUmDw","selector":{"id":"application-manageconditionprice-display-component---conditions--smartFilterBar-btnBasicSearch","interaction":{"idSuffix":"I"}},"clearTextFirst":true,"interactionType":"ENTER_TEXT"}]}
RESULT: {"script":"<script> [776 bytes]","args":[{"enterText":"2AqdfWUmDw","selector":{"id":"application-manageconditionprice-display-component---conditions--smartFilterBar-btnBasicSearch","interaction":{"idSuffix":"I"}},"clearTextFirst":true,"interactionType":"ENTER_TEXT"}]}
COMMAND: POST /session/2f3a3ed30178fd4b3e43ef29d6279727/actions - {"actions":[{"id":"action54","type":"key","parameters":{},"actions":[{"type":"keyDown","value":""},{"type":"pause","duration":10},{"type":"keyUp","value":""}]}]}
RESULT: {"actions":[{"id":"action54","type":"key","parameters":{},"actions":[{"type":"keyDown","value":""},{"type":"pause","duration":10},{"type":"keyUp","value":""}]}]}
COMMAND: GET /session/2f3a3ed30178fd4b3e43ef29d6279727/screenshot - {}
RESULT: {}
COMMAND: POST /session/2f3a3ed30178fd4b3e43ef29d6279727/execute/async - {"script":"<script> [1562 bytes]","args":[{"selector":{"id":"application-manageconditionprice-display-component---conditions--smartFilterBar-filterItemControl_BASIC-BILL_TYPES-vhi"},"wdio_ui5_key":"applicationmanageconditionprice-display-component---conditions--smartFilterBar-filterItemControl_BASIC-BILL_TYPES-vhi"}]}
RESULT: {"script":"<script> [1562 bytes]","args":[{"selector":{"id":"application-manageconditionprice-display-component---conditions--smartFilterBar-filterItemControl_BASIC-BILL_TYPES-vhi"},"wdio_ui5_key":"applicationmanageconditionprice-display-component---conditions--smartFilterBar-filterItemControl_BASIC-BILL_TYPES-vhi"}]}
RESULT: undefined
COMMAND: POST /session/2f3a3ed30178fd4b3e43ef29d6279727/element - {"using":"xpath","value":"//*[@id=\"application-manageconditionprice-display-component---conditions--smartFilterBar-filterItemControl_BASIC-BILL_TYPES-vhi\"]"}
RESULT: {"using":"xpath","value":"//*[@id=\"application-manageconditionprice-display-component---conditions--smartFilterBar-filterItemControl_BASIC-BILL_TYPES-vhi\"]"}
COMMAND: POST /session/2f3a3ed30178fd4b3e43ef29d6279727/element/f.8627BF333E87AC973E299D2132D92580.d.1931A26573872DF24AC72CD49E087053.e.14989/click - {}
RESULT: {}
COMMAND: POST /session/2f3a3ed30178fd4b3e43ef29d6279727/execute/async - {"script":"<script> [1562 bytes]","args":[{"selector":{"id":"application-manageconditionprice-display-component---conditions--smartFilterBar-filterItemControl_BASIC-BILL_TYPES-valueHelpDialog-smartFilterBar-btnBasicSearch","searchOpenDialogs":true,"interaction":{"idSuffix":"I"}},"wdio_ui5_key":"applicationmanageconditionprice-display-component---conditions--smartFilterBar-filterItemControl_BASIC-BILL_TYPES-valueHelpDialog-smartFilterBar-btnBasicSearch"}]}
COMMAND: GET /session/2f3a3ed30178fd4b3e43ef29d6279727/screenshot - {}
RESULT: {"script":"<script> [1562 bytes]","args":[{"selector":{"id":"application-manageconditionprice-display-component---conditions--smartFilterBar-filterItemControl_BASIC-BILL_TYPES-valueHelpDialog-smartFilterBar-btnBasicSearch","searchOpenDialogs":true,"interaction":{"idSuffix":"I"}},"wdio_ui5_key":"applicationmanageconditionprice-display-component---conditions--smartFilterBar-filterItemControl_BASIC-BILL_TYPES-valueHelpDialog-smartFilterBar-btnBasicSearch"}]}
RESULT: undefined
COMMAND: POST /session/2f3a3ed30178fd4b3e43ef29d6279727/execute/async - {"script":"<script> [776 bytes]","args":[{"enterText":"PB","selector":{"id":"application-manageconditionprice-display-component---conditions--smartFilterBar-filterItemControl_BASIC-BILL_TYPES-valueHelpDialog-smartFilterBar-btnBasicSearch","searchOpenDialogs":true,"interaction":{"idSuffix":"I"}},"clearTextFirst":true,"interactionType":"ENTER_TEXT"}]}
RESULT: {}
RESULT: {"script":"<script> [776 bytes]","args":[{"enterText":"PB","selector":{"id":"application-manageconditionprice-display-component---conditions--smartFilterBar-filterItemControl_BASIC-BILL_TYPES-valueHelpDialog-smartFilterBar-btnBasicSearch","searchOpenDialogs":true,"interaction":{"idSuffix":"I"}},"clearTextFirst":true,"interactionType":"ENTER_TEXT"}]}
COMMAND: POST /session/2f3a3ed30178fd4b3e43ef29d6279727/actions - {"actions":[{"id":"action55","type":"key","parameters":{},"actions":[{"type":"keyDown","value":""},{"type":"pause","duration":10},{"type":"keyUp","value":""}]}]}
RESULT: {"actions":[{"id":"action55","type":"key","parameters":{},"actions":[{"type":"keyDown","value":""},{"type":"pause","duration":10},{"type":"keyUp","value":""}]}]}
COMMAND: GET /session/2f3a3ed30178fd4b3e43ef29d6279727/screenshot - {}
RESULT: {}
COMMAND: POST /session/2f3a3ed30178fd4b3e43ef29d6279727/element - {"using":"xpath","value":"//div[contains(@id, 'application-manageconditionprice-display-component---conditions--smartFilterBar-filterItemControl_BASIC-BILL_TYPES-valueHelpDialog-table-rowsel0')]"}
RESULT: {"using":"xpath","value":"//div[contains(@id, 'application-manageconditionprice-display-component---conditions--smartFilterBar-filterItemControl_BASIC-BILL_TYPES-valueHelpDialog-table-rowsel0')]"}
COMMAND: POST /session/2f3a3ed30178fd4b3e43ef29d6279727/element/f.8627BF333E87AC973E299D2132D92580.d.1931A26573872DF24AC72CD49E087053.e.14998/click - {}
RESULT: {}
COMMAND: GET /session/2f3a3ed30178fd4b3e43ef29d6279727/screenshot - {}
RESULT: {}
COMMAND: POST /session/2f3a3ed30178fd4b3e43ef29d6279727/element - {"using":"xpath","value":"//bdi[contains(text(), \"OK\")]"}
RESULT: {"using":"xpath","value":"//bdi[contains(text(), \"OK\")]"}
COMMAND: POST /session/2f3a3ed30178fd4b3e43ef29d6279727/element/f.8627BF333E87AC973E299D2132D92580.d.1931A26573872DF24AC72CD49E087053.e.15000/click - {}
RESULT: {}
COMMAND: GET /session/2f3a3ed30178fd4b3e43ef29d6279727/screenshot - {}
RESULT: {}
COMMAND: POST /session/2f3a3ed30178fd4b3e43ef29d6279727/element - {"using":"xpath","value":"//span[@id=\"application-manageconditionprice-display-component---conditions--smartTable-header-inner\"]"}
RESULT: {"using":"xpath","value":"//span[@id=\"application-manageconditionprice-display-component---conditions--smartTable-header-inner\"]"}
COMMAND: POST /session/2f3a3ed30178fd4b3e43ef29d6279727/elements - {"using":"xpath","value":"//span[@id=\"application-manageconditionprice-display-component---conditions--smartTable-header-inner\"]"}
RESULT: {"using":"xpath","value":"//span[@id=\"application-manageconditionprice-display-component---conditions--smartTable-header-inner\"]"}
COMMAND: POST /session/2f3a3ed30178fd4b3e43ef29d6279727/execute/sync - {"script":"<script> [56 bytes]","args":[{"element-6066-11e4-a52e-4f735466cecf":"f.8627BF333E87AC973E299D2132D92580.d.1931A26573872DF24AC72CD49E087053.e.15003","ELEMENT":"f.8627BF333E87AC973E299D2132D92580.d.1931A26573872DF24AC72CD49E087053.e.15003"}]}
RESULT: {"script":"<script> [56 bytes]","args":[{"element-6066-11e4-a52e-4f735466cecf":"f.8627BF333E87AC973E299D2132D92580.d.1931A26573872DF24AC72CD49E087053.e.15003","ELEMENT":"f.8627BF333E87AC973E299D2132D92580.d.1931A26573872DF24AC72CD49E087053.e.15003"}]}
COMMAND: POST /session/2f3a3ed30178fd4b3e43ef29d6279727/element - {"using":"css selector","value":"#shell-header-logo"}
COMMAND: GET /session/2f3a3ed30178fd4b3e43ef29d6279727/screenshot - {}
RESULT: {"using":"css selector","value":"#shell-header-logo"}
COMMAND: POST /session/2f3a3ed30178fd4b3e43ef29d6279727/element/f.8627BF333E87AC973E299D2132D92580.d.1931A26573872DF24AC72CD49E087053.e.14726/click - {}
RESULT: {}
RESULT: {}
COMMAND: GET /session/2f3a3ed30178fd4b3e43ef29d6279727/screenshot - {}
RESULT: {}
]]></system-out>
    </testcase>
    <testcase classname="chrome.135_0_7049_42.windows.Performance_based_billing_(work_days)_US139742" name="Should add a counter to the equipment" time="55.042">
      <system-out><![CDATA[
RESULT: undefined
COMMAND: POST /session/2f3a3ed30178fd4b3e43ef29d6279727/element - {"using":"xpath","value":"//*[@id=\"__tile39\"]"}
RESULT: {"using":"xpath","value":"//*[@id=\"__tile39\"]"}
COMMAND: POST /session/2f3a3ed30178fd4b3e43ef29d6279727/element/f.8627BF333E87AC973E299D2132D92580.d.1931A26573872DF24AC72CD49E087053.e.13745/click - {}
RESULT: {}
COMMAND: POST /session/2f3a3ed30178fd4b3e43ef29d6279727/execute/async - {"script":"<script> [1562 bytes]","args":[{"selector":{"id":"application-manageresources-display-component---masterRU--smartFilterBar-btnBasicSearch","interaction":{"idSuffix":"I"}},"wdio_ui5_key":"applicationmanageresources-display-component---masterRU--smartFilterBar-btnBasicSearch"}]}
COMMAND: GET /session/2f3a3ed30178fd4b3e43ef29d6279727/screenshot - {}
RESULT: undefined
RESULT: undefined
RESULT: {"script":"<script> [1562 bytes]","args":[{"selector":{"id":"application-manageresources-display-component---masterRU--smartFilterBar-btnBasicSearch","interaction":{"idSuffix":"I"}},"wdio_ui5_key":"applicationmanageresources-display-component---masterRU--smartFilterBar-btnBasicSearch"}]}
RESULT: undefined
COMMAND: POST /session/2f3a3ed30178fd4b3e43ef29d6279727/execute/async - {"script":"<script> [776 bytes]","args":[{"enterText":"2AqdfWUmDw","selector":{"id":"application-manageresources-display-component---masterRU--smartFilterBar-btnBasicSearch","interaction":{"idSuffix":"I"}},"clearTextFirst":true,"interactionType":"ENTER_TEXT"}]}
RESULT: {}
RESULT: {"script":"<script> [776 bytes]","args":[{"enterText":"2AqdfWUmDw","selector":{"id":"application-manageresources-display-component---masterRU--smartFilterBar-btnBasicSearch","interaction":{"idSuffix":"I"}},"clearTextFirst":true,"interactionType":"ENTER_TEXT"}]}
COMMAND: POST /session/2f3a3ed30178fd4b3e43ef29d6279727/actions - {"actions":[{"id":"action56","type":"key","parameters":{},"actions":[{"type":"keyDown","value":""},{"type":"pause","duration":10},{"type":"keyUp","value":""}]}]}
RESULT: {"actions":[{"id":"action56","type":"key","parameters":{},"actions":[{"type":"keyDown","value":""},{"type":"pause","duration":10},{"type":"keyUp","value":""}]}]}
COMMAND: GET /session/2f3a3ed30178fd4b3e43ef29d6279727/screenshot - {}
RESULT: {}
COMMAND: POST /session/2f3a3ed30178fd4b3e43ef29d6279727/execute/async - {"script":"<script> [1562 bytes]","args":[{"selector":{"id":"application-manageresources-display-component---masterRU--smartTable-header"},"wdio_ui5_key":"applicationmanageresources-display-component---masterRU--smartTable-header"}]}
RESULT: {"script":"<script> [1562 bytes]","args":[{"selector":{"id":"application-manageresources-display-component---masterRU--smartTable-header"},"wdio_ui5_key":"applicationmanageresources-display-component---masterRU--smartTable-header"}]}
RESULT: undefined
COMMAND: POST /session/2f3a3ed30178fd4b3e43ef29d6279727/execute/async - {"script":"<script> [6424 bytes]","args":[{"element-6066-11e4-a52e-4f735466cecf":"f.8627BF333E87AC973E299D2132D92580.d.1931A26573872DF24AC72CD49E087053.e.15189"},"getText",[]]}
RESULT: {"script":"<script> [6424 bytes]","args":[{"element-6066-11e4-a52e-4f735466cecf":"f.8627BF333E87AC973E299D2132D92580.d.1931A26573872DF24AC72CD49E087053.e.15189"},"getText",[]]}
COMMAND: POST /session/2f3a3ed30178fd4b3e43ef29d6279727/execute/async - {"script":"<script> [1562 bytes]","args":[{"selector":{"controlType":"sap.ui.core.Icon","viewName":"etm.portal.ui.manageresources.view.Master","viewId":"application-manageresources-display-component---masterRU","properties":{"src":{"regex":{"source":"slim\\-arrow\\-right"}}}},"wdio_ui5_key":"etmportal.ui.manageresources.view.Mastersap.ui.core.Icon{\"src\":{\"regex\":{\"source\":\"slim\\\\-arrow\\\\-right\"}}}"}]}
RESULT: {"script":"<script> [1562 bytes]","args":[{"selector":{"controlType":"sap.ui.core.Icon","viewName":"etm.portal.ui.manageresources.view.Master","viewId":"application-manageresources-display-component---masterRU","properties":{"src":{"regex":{"source":"slim\\-arrow\\-right"}}}},"wdio_ui5_key":"etmportal.ui.manageresources.view.Mastersap.ui.core.Icon{\"src\":{\"regex\":{\"source\":\"slim\\\\-arrow\\\\-right\"}}}"}]}
RESULT: undefined
COMMAND: POST /session/2f3a3ed30178fd4b3e43ef29d6279727/element - {"using":"xpath","value":"//*[@id=\"__item1422-__clone3861-imgNav\"]"}
RESULT: {"using":"xpath","value":"//*[@id=\"__item1422-__clone3861-imgNav\"]"}
COMMAND: POST /session/2f3a3ed30178fd4b3e43ef29d6279727/element/f.8627BF333E87AC973E299D2132D92580.d.1931A26573872DF24AC72CD49E087053.e.15187/click - {}
RESULT: {}
COMMAND: GET /session/2f3a3ed30178fd4b3e43ef29d6279727/screenshot - {}
COMMAND: POST /session/2f3a3ed30178fd4b3e43ef29d6279727/element - {"using":"xpath","value":"//bdi[contains(text(), \"Edit\")]"}
RESULT: {}
RESULT: {"using":"xpath","value":"//bdi[contains(text(), \"Edit\")]"}
COMMAND: POST /session/2f3a3ed30178fd4b3e43ef29d6279727/execute/sync - {"script":"<script> [8489 bytes]","args":[{"element-6066-11e4-a52e-4f735466cecf":"f.8627BF333E87AC973E299D2132D92580.d.1931A26573872DF24AC72CD49E087053.e.15296","ELEMENT":"f.8627BF333E87AC973E299D2132D92580.d.1931A26573872DF24AC72CD49E087053.e.15296"}]}
RESULT: {"script":"<script> [8489 bytes]","args":[{"element-6066-11e4-a52e-4f735466cecf":"f.8627BF333E87AC973E299D2132D92580.d.1931A26573872DF24AC72CD49E087053.e.15296","ELEMENT":"f.8627BF333E87AC973E299D2132D92580.d.1931A26573872DF24AC72CD49E087053.e.15296"}]}
COMMAND: POST /session/2f3a3ed30178fd4b3e43ef29d6279727/element/f.8627BF333E87AC973E299D2132D92580.d.1931A26573872DF24AC72CD49E087053.e.15296/click - {}
COMMAND: GET /session/2f3a3ed30178fd4b3e43ef29d6279727/screenshot - {}
RESULT: {}
RESULT: {}
COMMAND: GET /session/2f3a3ed30178fd4b3e43ef29d6279727/screenshot - {}
RESULT: {}
COMMAND: POST /session/2f3a3ed30178fd4b3e43ef29d6279727/execute/async - {"script":"<script> [1562 bytes]","args":[{"selector":{"id":"application-manageresources-display-component---editResource--editRruPage-anchBar-application-manageresources-display-component---editResource--counters-anchor","interaction":{"idSuffix":"BDI-content"}},"wdio_ui5_key":"applicationmanageresources-display-component---editResource--editRruPage-anchBar-application-manageresources-display-component---editResource--counters-anchor"}]}
RESULT: {"script":"<script> [1562 bytes]","args":[{"selector":{"id":"application-manageresources-display-component---editResource--editRruPage-anchBar-application-manageresources-display-component---editResource--counters-anchor","interaction":{"idSuffix":"BDI-content"}},"wdio_ui5_key":"applicationmanageresources-display-component---editResource--editRruPage-anchBar-application-manageresources-display-component---editResource--counters-anchor"}]}
RESULT: undefined
COMMAND: POST /session/2f3a3ed30178fd4b3e43ef29d6279727/element - {"using":"xpath","value":"//*[@id=\"application-manageresources-display-component---editResource--editRruPage-anchBar-application-manageresources-display-component---editResource--counters-anchor\"]"}
RESULT: {"using":"xpath","value":"//*[@id=\"application-manageresources-display-component---editResource--editRruPage-anchBar-application-manageresources-display-component---editResource--counters-anchor\"]"}
COMMAND: POST /session/2f3a3ed30178fd4b3e43ef29d6279727/element/f.8627BF333E87AC973E299D2132D92580.d.1931A26573872DF24AC72CD49E087053.e.15457/click - {}
RESULT: {}
COMMAND: GET /session/2f3a3ed30178fd4b3e43ef29d6279727/screenshot - {}
RESULT: {}
COMMAND: POST /session/2f3a3ed30178fd4b3e43ef29d6279727/execute/async - {"script":"<script> [1562 bytes]","args":[{"selector":{"id":"application-manageresources-display-component---editResource--btnAddCounter-img"},"wdio_ui5_key":"applicationmanageresources-display-component---editResource--btnAddCounter-img"}]}
RESULT: {"script":"<script> [1562 bytes]","args":[{"selector":{"id":"application-manageresources-display-component---editResource--btnAddCounter-img"},"wdio_ui5_key":"applicationmanageresources-display-component---editResource--btnAddCounter-img"}]}
RESULT: undefined
COMMAND: POST /session/2f3a3ed30178fd4b3e43ef29d6279727/element - {"using":"xpath","value":"//*[@id=\"application-manageresources-display-component---editResource--btnAddCounter-img\"]"}
RESULT: {"using":"xpath","value":"//*[@id=\"application-manageresources-display-component---editResource--btnAddCounter-img\"]"}
COMMAND: POST /session/2f3a3ed30178fd4b3e43ef29d6279727/element/f.8627BF333E87AC973E299D2132D92580.d.1931A26573872DF24AC72CD49E087053.e.15462/click - {}
RESULT: {}
COMMAND: POST /session/2f3a3ed30178fd4b3e43ef29d6279727/execute/async - {"script":"<script> [1562 bytes]","args":[{"selector":{"id":"application-manageresources-display-component---editResource--COUNTER_ID-application-manageresources-display-component---editResource--RUCounters-0-arrow"},"wdio_ui5_key":"applicationmanageresources-display-component---editResource--COUNTER_ID-application-manageresources-display-component---editResource--RUCounters-0-arrow"}]}
COMMAND: GET /session/2f3a3ed30178fd4b3e43ef29d6279727/screenshot - {}
RESULT: {"script":"<script> [1562 bytes]","args":[{"selector":{"id":"application-manageresources-display-component---editResource--COUNTER_ID-application-manageresources-display-component---editResource--RUCounters-0-arrow"},"wdio_ui5_key":"applicationmanageresources-display-component---editResource--COUNTER_ID-application-manageresources-display-component---editResource--RUCounters-0-arrow"}]}
RESULT: undefined
COMMAND: POST /session/2f3a3ed30178fd4b3e43ef29d6279727/element - {"using":"xpath","value":"//*[@id=\"application-manageresources-display-component---editResource--COUNTER_ID-application-manageresources-display-component---editResource--RUCounters-0-arrow\"]"}
RESULT: {}
RESULT: {"using":"xpath","value":"//*[@id=\"application-manageresources-display-component---editResource--COUNTER_ID-application-manageresources-display-component---editResource--RUCounters-0-arrow\"]"}
COMMAND: POST /session/2f3a3ed30178fd4b3e43ef29d6279727/element/f.8627BF333E87AC973E299D2132D92580.d.1931A26573872DF24AC72CD49E087053.e.15475/click - {}
RESULT: {}
COMMAND: POST /session/2f3a3ed30178fd4b3e43ef29d6279727/execute/async - {"script":"<script> [1562 bytes]","args":[{"selector":{"controlType":"sap.m.StandardListItem","viewName":"etm.portal.ui.manageresources.view.EditResource","viewId":"application-manageresources-display-component---editResource","properties":{"title":"fuel"},"searchOpenDialogs":true,"interaction":{"idSuffix":"content"}},"wdio_ui5_key":"etmportal.ui.manageresources.view.EditResourcesap.m.StandardListItem{\"title\":\"fuel\"}"}]}
COMMAND: GET /session/2f3a3ed30178fd4b3e43ef29d6279727/screenshot - {}
RESULT: {"script":"<script> [1562 bytes]","args":[{"selector":{"controlType":"sap.m.StandardListItem","viewName":"etm.portal.ui.manageresources.view.EditResource","viewId":"application-manageresources-display-component---editResource","properties":{"title":"fuel"},"searchOpenDialogs":true,"interaction":{"idSuffix":"content"}},"wdio_ui5_key":"etmportal.ui.manageresources.view.EditResourcesap.m.StandardListItem{\"title\":\"fuel\"}"}]}
RESULT: undefined
COMMAND: POST /session/2f3a3ed30178fd4b3e43ef29d6279727/element - {"using":"xpath","value":"//*[@id=\"__item1726\"]"}
RESULT: {}
RESULT: {"using":"xpath","value":"//*[@id=\"__item1726\"]"}
COMMAND: POST /session/2f3a3ed30178fd4b3e43ef29d6279727/element/f.8627BF333E87AC973E299D2132D92580.d.1931A26573872DF24AC72CD49E087053.e.15477/click - {}
RESULT: {}
COMMAND: POST /session/2f3a3ed30178fd4b3e43ef29d6279727/execute/async - {"script":"<script> [1562 bytes]","args":[{"selector":{"controlType":"sap.m.Button","viewName":"etm.portal.ui.manageresources.view.EditResource","viewId":"application-manageresources-display-component---editResource","i18NText":{"propertyName":"text","key":"save"},"interaction":{"idSuffix":"BDI-content"}},"wdio_ui5_key":"etmportal.ui.manageresources.view.EditResourcesap.m.Button{\"propertyName\":\"text\",\"key\":\"save\"}"}]}
COMMAND: GET /session/2f3a3ed30178fd4b3e43ef29d6279727/screenshot - {}
RESULT: {"script":"<script> [1562 bytes]","args":[{"selector":{"controlType":"sap.m.Button","viewName":"etm.portal.ui.manageresources.view.EditResource","viewId":"application-manageresources-display-component---editResource","i18NText":{"propertyName":"text","key":"save"},"interaction":{"idSuffix":"BDI-content"}},"wdio_ui5_key":"etmportal.ui.manageresources.view.EditResourcesap.m.Button{\"propertyName\":\"text\",\"key\":\"save\"}"}]}
RESULT: undefined
COMMAND: POST /session/2f3a3ed30178fd4b3e43ef29d6279727/element - {"using":"xpath","value":"//*[@id=\"__button172\"]"}
RESULT: {}
RESULT: {"using":"xpath","value":"//*[@id=\"__button172\"]"}
COMMAND: POST /session/2f3a3ed30178fd4b3e43ef29d6279727/element/f.8627BF333E87AC973E299D2132D92580.d.1931A26573872DF24AC72CD49E087053.e.15479/click - {}
RESULT: {}
COMMAND: GET /session/2f3a3ed30178fd4b3e43ef29d6279727/screenshot - {}
RESULT: {}
COMMAND: POST /session/2f3a3ed30178fd4b3e43ef29d6279727/element - {"using":"css selector","value":"#shell-header-logo"}
RESULT: {"using":"css selector","value":"#shell-header-logo"}
COMMAND: POST /session/2f3a3ed30178fd4b3e43ef29d6279727/element/f.8627BF333E87AC973E299D2132D92580.d.1931A26573872DF24AC72CD49E087053.e.15008/click - {}
RESULT: {}
COMMAND: GET /session/2f3a3ed30178fd4b3e43ef29d6279727/screenshot - {}
RESULT: {}
]]></system-out>
    </testcase>
    <testcase classname="chrome.135_0_7049_42.windows.Performance_based_billing_(work_days)_US139742" name="Should do a stock increase on the yard for the equipment" time="79.403">
      <system-out><![CDATA[
COMMAND: POST /session/2f3a3ed30178fd4b3e43ef29d6279727/execute/async - {"script":"<script> [1562 bytes]","args":[{"selector":{"controlType":"sap.m.Text","viewName":"etm.portal.ui.managehandoverstile.view.Master","properties":{"text":"Manage Handovers"},"interaction":{"idSuffix":"inner"}},"wdio_ui5_key":"etmportal.ui.managehandoverstile.view.Mastersap.m.Text{\"text\":\"Manage Handovers\"}"}]}
RESULT: {"script":"<script> [1562 bytes]","args":[{"selector":{"controlType":"sap.m.Text","viewName":"etm.portal.ui.managehandoverstile.view.Master","properties":{"text":"Manage Handovers"},"interaction":{"idSuffix":"inner"}},"wdio_ui5_key":"etmportal.ui.managehandoverstile.view.Mastersap.m.Text{\"text\":\"Manage Handovers\"}"}]}
RESULT: undefined
COMMAND: POST /session/2f3a3ed30178fd4b3e43ef29d6279727/element - {"using":"xpath","value":"//*[@id=\"__tile132-title\"]"}
RESULT: {"using":"xpath","value":"//*[@id=\"__tile132-title\"]"}
COMMAND: POST /session/2f3a3ed30178fd4b3e43ef29d6279727/element/f.8627BF333E87AC973E299D2132D92580.d.1931A26573872DF24AC72CD49E087053.e.15488/click - {}
RESULT: {}
COMMAND: POST /session/2f3a3ed30178fd4b3e43ef29d6279727/element - {"using":"xpath","value":"//button[@data-kt=\"masterHOAddButton\"]"}
COMMAND: GET /session/2f3a3ed30178fd4b3e43ef29d6279727/screenshot - {}
RESULT: {"using":"xpath","value":"//button[@data-kt=\"masterHOAddButton\"]"}
COMMAND: POST /session/2f3a3ed30178fd4b3e43ef29d6279727/elements - {"using":"xpath","value":"//button[@data-kt=\"masterHOAddButton\"]"}
RESULT: {}
RESULT: {"using":"xpath","value":"//button[@data-kt=\"masterHOAddButton\"]"}
COMMAND: POST /session/2f3a3ed30178fd4b3e43ef29d6279727/elements - {"using":"xpath","value":"//button[@data-kt=\"masterHOAddButton\"]"}
RESULT: {"using":"xpath","value":"//button[@data-kt=\"masterHOAddButton\"]"}
COMMAND: POST /session/2f3a3ed30178fd4b3e43ef29d6279727/elements - {"using":"xpath","value":"//button[@data-kt=\"masterHOAddButton\"]"}
RESULT: {"using":"xpath","value":"//button[@data-kt=\"masterHOAddButton\"]"}
COMMAND: POST /session/2f3a3ed30178fd4b3e43ef29d6279727/elements - {"using":"xpath","value":"//button[@data-kt=\"masterHOAddButton\"]"}
RESULT: {"using":"xpath","value":"//button[@data-kt=\"masterHOAddButton\"]"}
COMMAND: POST /session/2f3a3ed30178fd4b3e43ef29d6279727/elements - {"using":"xpath","value":"//button[@data-kt=\"masterHOAddButton\"]"}
RESULT: {"using":"xpath","value":"//button[@data-kt=\"masterHOAddButton\"]"}
COMMAND: POST /session/2f3a3ed30178fd4b3e43ef29d6279727/elements - {"using":"xpath","value":"//button[@data-kt=\"masterHOAddButton\"]"}
RESULT: {"using":"xpath","value":"//button[@data-kt=\"masterHOAddButton\"]"}
COMMAND: POST /session/2f3a3ed30178fd4b3e43ef29d6279727/elements - {"using":"xpath","value":"//button[@data-kt=\"masterHOAddButton\"]"}
RESULT: {"using":"xpath","value":"//button[@data-kt=\"masterHOAddButton\"]"}
COMMAND: POST /session/2f3a3ed30178fd4b3e43ef29d6279727/elements - {"using":"xpath","value":"//button[@data-kt=\"masterHOAddButton\"]"}
RESULT: {"using":"xpath","value":"//button[@data-kt=\"masterHOAddButton\"]"}
COMMAND: POST /session/2f3a3ed30178fd4b3e43ef29d6279727/elements - {"using":"xpath","value":"//button[@data-kt=\"masterHOAddButton\"]"}
RESULT: {"using":"xpath","value":"//button[@data-kt=\"masterHOAddButton\"]"}
COMMAND: POST /session/2f3a3ed30178fd4b3e43ef29d6279727/elements - {"using":"xpath","value":"//button[@data-kt=\"masterHOAddButton\"]"}
RESULT: {"using":"xpath","value":"//button[@data-kt=\"masterHOAddButton\"]"}
COMMAND: POST /session/2f3a3ed30178fd4b3e43ef29d6279727/elements - {"using":"xpath","value":"//button[@data-kt=\"masterHOAddButton\"]"}
RESULT: {"using":"xpath","value":"//button[@data-kt=\"masterHOAddButton\"]"}
COMMAND: POST /session/2f3a3ed30178fd4b3e43ef29d6279727/elements - {"using":"xpath","value":"//button[@data-kt=\"masterHOAddButton\"]"}
RESULT: {"using":"xpath","value":"//button[@data-kt=\"masterHOAddButton\"]"}
COMMAND: POST /session/2f3a3ed30178fd4b3e43ef29d6279727/elements - {"using":"xpath","value":"//button[@data-kt=\"masterHOAddButton\"]"}
RESULT: {"using":"xpath","value":"//button[@data-kt=\"masterHOAddButton\"]"}
COMMAND: POST /session/2f3a3ed30178fd4b3e43ef29d6279727/elements - {"using":"xpath","value":"//button[@data-kt=\"masterHOAddButton\"]"}
RESULT: {"using":"xpath","value":"//button[@data-kt=\"masterHOAddButton\"]"}
COMMAND: POST /session/2f3a3ed30178fd4b3e43ef29d6279727/elements - {"using":"xpath","value":"//button[@data-kt=\"masterHOAddButton\"]"}
RESULT: {"using":"xpath","value":"//button[@data-kt=\"masterHOAddButton\"]"}
COMMAND: POST /session/2f3a3ed30178fd4b3e43ef29d6279727/elements - {"using":"xpath","value":"//button[@data-kt=\"masterHOAddButton\"]"}
RESULT: {"using":"xpath","value":"//button[@data-kt=\"masterHOAddButton\"]"}
COMMAND: POST /session/2f3a3ed30178fd4b3e43ef29d6279727/elements - {"using":"xpath","value":"//button[@data-kt=\"masterHOAddButton\"]"}
RESULT: {"using":"xpath","value":"//button[@data-kt=\"masterHOAddButton\"]"}
COMMAND: POST /session/2f3a3ed30178fd4b3e43ef29d6279727/element - {"using":"xpath","value":"//button[@data-kt=\"masterHOAddButton\"]"}
RESULT: {"using":"xpath","value":"//button[@data-kt=\"masterHOAddButton\"]"}
COMMAND: POST /session/2f3a3ed30178fd4b3e43ef29d6279727/execute/sync - {"script":"<script> [8489 bytes]","args":[{"element-6066-11e4-a52e-4f735466cecf":"f.8627BF333E87AC973E299D2132D92580.d.1931A26573872DF24AC72CD49E087053.e.15527","ELEMENT":"f.8627BF333E87AC973E299D2132D92580.d.1931A26573872DF24AC72CD49E087053.e.15527"}]}
RESULT: {"script":"<script> [8489 bytes]","args":[{"element-6066-11e4-a52e-4f735466cecf":"f.8627BF333E87AC973E299D2132D92580.d.1931A26573872DF24AC72CD49E087053.e.15527","ELEMENT":"f.8627BF333E87AC973E299D2132D92580.d.1931A26573872DF24AC72CD49E087053.e.15527"}]}
COMMAND: GET /session/2f3a3ed30178fd4b3e43ef29d6279727/element/f.8627BF333E87AC973E299D2132D92580.d.1931A26573872DF24AC72CD49E087053.e.15527/enabled - {}
COMMAND: GET /session/2f3a3ed30178fd4b3e43ef29d6279727/screenshot - {}
RESULT: {}
COMMAND: POST /session/2f3a3ed30178fd4b3e43ef29d6279727/execute/sync - {"script":"<script> [8489 bytes]","args":[{"element-6066-11e4-a52e-4f735466cecf":"f.8627BF333E87AC973E299D2132D92580.d.1931A26573872DF24AC72CD49E087053.e.15527","ELEMENT":"f.8627BF333E87AC973E299D2132D92580.d.1931A26573872DF24AC72CD49E087053.e.15527"}]}
COMMAND: GET /session/2f3a3ed30178fd4b3e43ef29d6279727/screenshot - {}
RESULT: {}
RESULT: {"script":"<script> [8489 bytes]","args":[{"element-6066-11e4-a52e-4f735466cecf":"f.8627BF333E87AC973E299D2132D92580.d.1931A26573872DF24AC72CD49E087053.e.15527","ELEMENT":"f.8627BF333E87AC973E299D2132D92580.d.1931A26573872DF24AC72CD49E087053.e.15527"}]}
COMMAND: POST /session/2f3a3ed30178fd4b3e43ef29d6279727/execute/sync - {"script":"<script> [5351 bytes]","args":[{"element-6066-11e4-a52e-4f735466cecf":"f.8627BF333E87AC973E299D2132D92580.d.1931A26573872DF24AC72CD49E087053.e.15527","ELEMENT":"f.8627BF333E87AC973E299D2132D92580.d.1931A26573872DF24AC72CD49E087053.e.15527"}]}
COMMAND: GET /session/2f3a3ed30178fd4b3e43ef29d6279727/screenshot - {}
RESULT: {}
RESULT: {"script":"<script> [5351 bytes]","args":[{"element-6066-11e4-a52e-4f735466cecf":"f.8627BF333E87AC973E299D2132D92580.d.1931A26573872DF24AC72CD49E087053.e.15527","ELEMENT":"f.8627BF333E87AC973E299D2132D92580.d.1931A26573872DF24AC72CD49E087053.e.15527"}]}
COMMAND: POST /session/2f3a3ed30178fd4b3e43ef29d6279727/element/f.8627BF333E87AC973E299D2132D92580.d.1931A26573872DF24AC72CD49E087053.e.15527/click - {}
COMMAND: GET /session/2f3a3ed30178fd4b3e43ef29d6279727/screenshot - {}
RESULT: {}
RESULT: {}
COMMAND: GET /session/2f3a3ed30178fd4b3e43ef29d6279727/screenshot - {}
RESULT: {}
RESULT: {}
COMMAND: POST /session/2f3a3ed30178fd4b3e43ef29d6279727/element - {"using":"xpath","value":"//span[contains(@id ,\"AddNewHO--typeSelect-arrow\")]"}
RESULT: {"using":"xpath","value":"//span[contains(@id ,\"AddNewHO--typeSelect-arrow\")]"}
COMMAND: POST /session/2f3a3ed30178fd4b3e43ef29d6279727/element/f.8627BF333E87AC973E299D2132D92580.d.1931A26573872DF24AC72CD49E087053.e.15885/click - {}
RESULT: {}
COMMAND: GET /session/2f3a3ed30178fd4b3e43ef29d6279727/screenshot - {}
RESULT: {}
COMMAND: POST /session/2f3a3ed30178fd4b3e43ef29d6279727/element - {"using":"xpath","value":"(//li[contains(text(), \"stock increase yard\")])[1]"}
RESULT: {"using":"xpath","value":"(//li[contains(text(), \"stock increase yard\")])[1]"}
COMMAND: POST /session/2f3a3ed30178fd4b3e43ef29d6279727/element/f.8627BF333E87AC973E299D2132D92580.d.1931A26573872DF24AC72CD49E087053.e.15886/click - {}
RESULT: {}
COMMAND: GET /session/2f3a3ed30178fd4b3e43ef29d6279727/screenshot - {}
RESULT: {}
COMMAND: POST /session/2f3a3ed30178fd4b3e43ef29d6279727/execute/async - {"script":"<script> [1562 bytes]","args":[{"selector":{"id":"application-managehandovers-display-component---AddNewHO--dueDate","interaction":{"idSuffix":"inner"}},"wdio_ui5_key":"applicationmanagehandovers-display-component---AddNewHO--dueDate"}]}
RESULT: {"script":"<script> [1562 bytes]","args":[{"selector":{"id":"application-managehandovers-display-component---AddNewHO--dueDate","interaction":{"idSuffix":"inner"}},"wdio_ui5_key":"applicationmanagehandovers-display-component---AddNewHO--dueDate"}]}
RESULT: undefined
COMMAND: POST /session/2f3a3ed30178fd4b3e43ef29d6279727/execute/async - {"script":"<script> [6424 bytes]","args":[{"element-6066-11e4-a52e-4f735466cecf":"f.8627BF333E87AC973E299D2132D92580.d.1931A26573872DF24AC72CD49E087053.e.15888"},"setValue",["04/23/2025"]]}
RESULT: {"script":"<script> [6424 bytes]","args":[{"element-6066-11e4-a52e-4f735466cecf":"f.8627BF333E87AC973E299D2132D92580.d.1931A26573872DF24AC72CD49E087053.e.15888"},"setValue",["04/23/2025"]]}
COMMAND: POST /session/2f3a3ed30178fd4b3e43ef29d6279727/element - {"using":"xpath","value":"//input[@id=\"generalSectionFrg--receiveYard-inner\"]"}
RESULT: {"using":"xpath","value":"//input[@id=\"generalSectionFrg--receiveYard-inner\"]"}
COMMAND: POST /session/2f3a3ed30178fd4b3e43ef29d6279727/element/f.8627BF333E87AC973E299D2132D92580.d.1931A26573872DF24AC72CD49E087053.e.15894/clear - {}
RESULT: {}
COMMAND: POST /session/2f3a3ed30178fd4b3e43ef29d6279727/element/f.8627BF333E87AC973E299D2132D92580.d.1931A26573872DF24AC72CD49E087053.e.15894/value - {"text":"742"}
COMMAND: GET /session/2f3a3ed30178fd4b3e43ef29d6279727/screenshot - {}
RESULT: {"text":"742"}
COMMAND: GET /session/2f3a3ed30178fd4b3e43ef29d6279727/screenshot - {}
RESULT: {}
RESULT: {}
COMMAND: POST /session/2f3a3ed30178fd4b3e43ef29d6279727/element - {"using":"xpath","value":"//li[.//span[text()='742']]"}
RESULT: {"using":"xpath","value":"//li[.//span[text()='742']]"}
COMMAND: POST /session/2f3a3ed30178fd4b3e43ef29d6279727/element/f.8627BF333E87AC973E299D2132D92580.d.1931A26573872DF24AC72CD49E087053.e.15909/click - {}
RESULT: {}
COMMAND: GET /session/2f3a3ed30178fd4b3e43ef29d6279727/screenshot - {}
RESULT: {}
COMMAND: POST /session/2f3a3ed30178fd4b3e43ef29d6279727/execute/async - {"script":"<script> [1562 bytes]","args":[{"selector":{"id":"application-managehandovers-display-component---AddNewHO--ObjectPageLayout-anchBar-application-managehandovers-display-component---AddNewHO--section4-anchor","interaction":{"idSuffix":"BDI-content"}},"wdio_ui5_key":"applicationmanagehandovers-display-component---AddNewHO--ObjectPageLayout-anchBar-application-managehandovers-display-component---AddNewHO--section4-anchor"}]}
RESULT: {"script":"<script> [1562 bytes]","args":[{"selector":{"id":"application-managehandovers-display-component---AddNewHO--ObjectPageLayout-anchBar-application-managehandovers-display-component---AddNewHO--section4-anchor","interaction":{"idSuffix":"BDI-content"}},"wdio_ui5_key":"applicationmanagehandovers-display-component---AddNewHO--ObjectPageLayout-anchBar-application-managehandovers-display-component---AddNewHO--section4-anchor"}]}
RESULT: undefined
COMMAND: POST /session/2f3a3ed30178fd4b3e43ef29d6279727/element - {"using":"xpath","value":"//*[@id=\"application-managehandovers-display-component---AddNewHO--ObjectPageLayout-anchBar-application-managehandovers-display-component---AddNewHO--section4-anchor\"]"}
RESULT: {"using":"xpath","value":"//*[@id=\"application-managehandovers-display-component---AddNewHO--ObjectPageLayout-anchBar-application-managehandovers-display-component---AddNewHO--section4-anchor\"]"}
COMMAND: POST /session/2f3a3ed30178fd4b3e43ef29d6279727/element/f.8627BF333E87AC973E299D2132D92580.d.1931A26573872DF24AC72CD49E087053.e.15911/click - {}
RESULT: {}
COMMAND: POST /session/2f3a3ed30178fd4b3e43ef29d6279727/element - {"using":"xpath","value":"//button[@aria-label=\"Add\"]"}
COMMAND: GET /session/2f3a3ed30178fd4b3e43ef29d6279727/screenshot - {}
RESULT: {"using":"xpath","value":"//button[@aria-label=\"Add\"]"}
COMMAND: POST /session/2f3a3ed30178fd4b3e43ef29d6279727/element/f.8627BF333E87AC973E299D2132D92580.d.1931A26573872DF24AC72CD49E087053.e.15913/click - {}
RESULT: {}
RESULT: {}
COMMAND: GET /session/2f3a3ed30178fd4b3e43ef29d6279727/screenshot - {}
RESULT: {}
COMMAND: POST /session/2f3a3ed30178fd4b3e43ef29d6279727/execute/async - {"script":"<script> [1562 bytes]","args":[{"selector":{"id":"application-managehandovers-display-component---AddNewHO--smartFilterBar-btnBasicSearch","searchOpenDialogs":true,"interaction":{"idSuffix":"I"}},"wdio_ui5_key":"applicationmanagehandovers-display-component---AddNewHO--smartFilterBar-btnBasicSearch"}]}
RESULT: {"script":"<script> [1562 bytes]","args":[{"selector":{"id":"application-managehandovers-display-component---AddNewHO--smartFilterBar-btnBasicSearch","searchOpenDialogs":true,"interaction":{"idSuffix":"I"}},"wdio_ui5_key":"applicationmanagehandovers-display-component---AddNewHO--smartFilterBar-btnBasicSearch"}]}
RESULT: undefined
COMMAND: POST /session/2f3a3ed30178fd4b3e43ef29d6279727/execute/async - {"script":"<script> [776 bytes]","args":[{"enterText":"2AqdfWUmDw","selector":{"id":"application-managehandovers-display-component---AddNewHO--smartFilterBar-btnBasicSearch","searchOpenDialogs":true,"interaction":{"idSuffix":"I"}},"clearTextFirst":true,"interactionType":"ENTER_TEXT"}]}
RESULT: {"script":"<script> [776 bytes]","args":[{"enterText":"2AqdfWUmDw","selector":{"id":"application-managehandovers-display-component---AddNewHO--smartFilterBar-btnBasicSearch","searchOpenDialogs":true,"interaction":{"idSuffix":"I"}},"clearTextFirst":true,"interactionType":"ENTER_TEXT"}]}
COMMAND: POST /session/2f3a3ed30178fd4b3e43ef29d6279727/actions - {"actions":[{"id":"action57","type":"key","parameters":{},"actions":[{"type":"keyDown","value":""},{"type":"pause","duration":10},{"type":"keyUp","value":""}]}]}
RESULT: {"actions":[{"id":"action57","type":"key","parameters":{},"actions":[{"type":"keyDown","value":""},{"type":"pause","duration":10},{"type":"keyUp","value":""}]}]}
COMMAND: GET /session/2f3a3ed30178fd4b3e43ef29d6279727/screenshot - {}
RESULT: {}
COMMAND: POST /session/2f3a3ed30178fd4b3e43ef29d6279727/execute/async - {"script":"<script> [1562 bytes]","args":[{"selector":{"id":"application-managehandovers-display-component---AddNewHO--popup-sa","searchOpenDialogs":true,"interaction":{"idSuffix":"CbBg"}},"wdio_ui5_key":"applicationmanagehandovers-display-component---AddNewHO--popup-sa"}]}
RESULT: {"script":"<script> [1562 bytes]","args":[{"selector":{"id":"application-managehandovers-display-component---AddNewHO--popup-sa","searchOpenDialogs":true,"interaction":{"idSuffix":"CbBg"}},"wdio_ui5_key":"applicationmanagehandovers-display-component---AddNewHO--popup-sa"}]}
RESULT: undefined
COMMAND: POST /session/2f3a3ed30178fd4b3e43ef29d6279727/element - {"using":"xpath","value":"//*[@id=\"application-managehandovers-display-component---AddNewHO--popup-sa\"]"}
RESULT: {"using":"xpath","value":"//*[@id=\"application-managehandovers-display-component---AddNewHO--popup-sa\"]"}
COMMAND: POST /session/2f3a3ed30178fd4b3e43ef29d6279727/element/f.8627BF333E87AC973E299D2132D92580.d.1931A26573872DF24AC72CD49E087053.e.16067/click - {}
RESULT: {}
COMMAND: GET /session/2f3a3ed30178fd4b3e43ef29d6279727/screenshot - {}
RESULT: {}
COMMAND: POST /session/2f3a3ed30178fd4b3e43ef29d6279727/element - {"using":"xpath","value":"//bdi[contains(text(), \"Select\")]"}
RESULT: {"using":"xpath","value":"//bdi[contains(text(), \"Select\")]"}
COMMAND: POST /session/2f3a3ed30178fd4b3e43ef29d6279727/element/f.8627BF333E87AC973E299D2132D92580.d.1931A26573872DF24AC72CD49E087053.e.16068/click - {}
RESULT: {}
COMMAND: GET /session/2f3a3ed30178fd4b3e43ef29d6279727/screenshot - {}
RESULT: {}
COMMAND: POST /session/2f3a3ed30178fd4b3e43ef29d6279727/element - {"using":"xpath","value":"//button[@data-kt=\"AddNewHOSaveButton\"]"}
RESULT: {"using":"xpath","value":"//button[@data-kt=\"AddNewHOSaveButton\"]"}
COMMAND: POST /session/2f3a3ed30178fd4b3e43ef29d6279727/element/f.8627BF333E87AC973E299D2132D92580.d.1931A26573872DF24AC72CD49E087053.e.16072/click - {}
RESULT: {}
COMMAND: GET /session/2f3a3ed30178fd4b3e43ef29d6279727/screenshot - {}
RESULT: {}
COMMAND: POST /session/2f3a3ed30178fd4b3e43ef29d6279727/execute/async - {"script":"<script> [1562 bytes]","args":[{"selector":{"id":"receiptDatePicker","viewName":"etm.portal.ui.managehandovers.view.DetailExecuteHO","interaction":{"idSuffix":"inner"}},"wdio_ui5_key":"receiptDatePickeretmportal.ui.managehandovers.view.DetailExecuteHO"}]}
RESULT: {"script":"<script> [1562 bytes]","args":[{"selector":{"id":"receiptDatePicker","viewName":"etm.portal.ui.managehandovers.view.DetailExecuteHO","interaction":{"idSuffix":"inner"}},"wdio_ui5_key":"receiptDatePickeretmportal.ui.managehandovers.view.DetailExecuteHO"}]}
RESULT: undefined
COMMAND: POST /session/2f3a3ed30178fd4b3e43ef29d6279727/execute/async - {"script":"<script> [6424 bytes]","args":[{"element-6066-11e4-a52e-4f735466cecf":"f.8627BF333E87AC973E299D2132D92580.d.1931A26573872DF24AC72CD49E087053.e.16102"},"setValue",["04/23/2025"]]}
RESULT: {"script":"<script> [6424 bytes]","args":[{"element-6066-11e4-a52e-4f735466cecf":"f.8627BF333E87AC973E299D2132D92580.d.1931A26573872DF24AC72CD49E087053.e.16102"},"setValue",["04/23/2025"]]}
COMMAND: POST /session/2f3a3ed30178fd4b3e43ef29d6279727/element - {"using":"xpath","value":"//button[@data-kt=\"PickingTableConfirmAllButton\"]"}
RESULT: {"using":"xpath","value":"//button[@data-kt=\"PickingTableConfirmAllButton\"]"}
COMMAND: POST /session/2f3a3ed30178fd4b3e43ef29d6279727/element/f.8627BF333E87AC973E299D2132D92580.d.1931A26573872DF24AC72CD49E087053.e.16117/click - {}
RESULT: {}
COMMAND: GET /session/2f3a3ed30178fd4b3e43ef29d6279727/screenshot - {}
RESULT: {}
COMMAND: POST /session/2f3a3ed30178fd4b3e43ef29d6279727/element - {"using":"xpath","value":"//bdi[contains(text(), \"OK\")]"}
RESULT: {"using":"xpath","value":"//bdi[contains(text(), \"OK\")]"}
COMMAND: POST /session/2f3a3ed30178fd4b3e43ef29d6279727/element/f.8627BF333E87AC973E299D2132D92580.d.1931A26573872DF24AC72CD49E087053.e.16119/click - {}
RESULT: {}
COMMAND: GET /session/2f3a3ed30178fd4b3e43ef29d6279727/screenshot - {}
RESULT: {}
COMMAND: POST /session/2f3a3ed30178fd4b3e43ef29d6279727/element - {"using":"xpath","value":"(//bdi[contains(text(), \"Receive\")])[2]"}
RESULT: {"using":"xpath","value":"(//bdi[contains(text(), \"Receive\")])[2]"}
COMMAND: POST /session/2f3a3ed30178fd4b3e43ef29d6279727/element/f.8627BF333E87AC973E299D2132D92580.d.1931A26573872DF24AC72CD49E087053.e.16121/click - {}
RESULT: {}
COMMAND: GET /session/2f3a3ed30178fd4b3e43ef29d6279727/screenshot - {}
RESULT: {}
COMMAND: POST /session/2f3a3ed30178fd4b3e43ef29d6279727/element - {"using":"css selector","value":"#shell-header-logo"}
RESULT: {"using":"css selector","value":"#shell-header-logo"}
COMMAND: POST /session/2f3a3ed30178fd4b3e43ef29d6279727/element/f.8627BF333E87AC973E299D2132D92580.d.1931A26573872DF24AC72CD49E087053.e.15490/click - {}
RESULT: {}
COMMAND: GET /session/2f3a3ed30178fd4b3e43ef29d6279727/screenshot - {}
RESULT: {}
]]></system-out>
    </testcase>
    <testcase classname="chrome.135_0_7049_42.windows.Performance_based_billing_(work_days)_US139742" name="Should create a new contract" time="62.124">
      <system-out><![CDATA[
COMMAND: POST /session/2f3a3ed30178fd4b3e43ef29d6279727/execute/async - {"script":"<script> [1562 bytes]","args":[{"selector":{"controlType":"sap.m.Text","viewName":"etm.portal.ui.managecontractstile.view.Master","properties":{"text":"Manage Contracts"},"interaction":{"idSuffix":"inner"}},"wdio_ui5_key":"etmportal.ui.managecontractstile.view.Mastersap.m.Text{\"text\":\"Manage Contracts\"}"}]}
RESULT: {"script":"<script> [1562 bytes]","args":[{"selector":{"controlType":"sap.m.Text","viewName":"etm.portal.ui.managecontractstile.view.Master","properties":{"text":"Manage Contracts"},"interaction":{"idSuffix":"inner"}},"wdio_ui5_key":"etmportal.ui.managecontractstile.view.Mastersap.m.Text{\"text\":\"Manage Contracts\"}"}]}
RESULT: undefined
COMMAND: POST /session/2f3a3ed30178fd4b3e43ef29d6279727/element - {"using":"xpath","value":"//*[@id=\"__tile130-title\"]"}
RESULT: {"using":"xpath","value":"//*[@id=\"__tile130-title\"]"}
COMMAND: POST /session/2f3a3ed30178fd4b3e43ef29d6279727/element/f.8627BF333E87AC973E299D2132D92580.d.1931A26573872DF24AC72CD49E087053.e.16284/click - {}
RESULT: {}
COMMAND: GET /session/2f3a3ed30178fd4b3e43ef29d6279727/screenshot - {}
RESULT: {}
COMMAND: POST /session/2f3a3ed30178fd4b3e43ef29d6279727/element - {"using":"xpath","value":"//button[@data-kt=\"addButton\"]"}
RESULT: undefined
RESULT: {"using":"xpath","value":"//button[@data-kt=\"addButton\"]"}
COMMAND: POST /session/2f3a3ed30178fd4b3e43ef29d6279727/elements - {"using":"xpath","value":"//button[@data-kt=\"addButton\"]"}
RESULT: {"using":"xpath","value":"//button[@data-kt=\"addButton\"]"}
COMMAND: POST /session/2f3a3ed30178fd4b3e43ef29d6279727/execute/sync - {"script":"<script> [8489 bytes]","args":[{"element-6066-11e4-a52e-4f735466cecf":"f.8627BF333E87AC973E299D2132D92580.d.1931A26573872DF24AC72CD49E087053.e.16331","ELEMENT":"f.8627BF333E87AC973E299D2132D92580.d.1931A26573872DF24AC72CD49E087053.e.16331"}]}
RESULT: {"script":"<script> [8489 bytes]","args":[{"element-6066-11e4-a52e-4f735466cecf":"f.8627BF333E87AC973E299D2132D92580.d.1931A26573872DF24AC72CD49E087053.e.16331","ELEMENT":"f.8627BF333E87AC973E299D2132D92580.d.1931A26573872DF24AC72CD49E087053.e.16331"}]}
COMMAND: GET /session/2f3a3ed30178fd4b3e43ef29d6279727/element/f.8627BF333E87AC973E299D2132D92580.d.1931A26573872DF24AC72CD49E087053.e.16331/enabled - {}
COMMAND: GET /session/2f3a3ed30178fd4b3e43ef29d6279727/screenshot - {}
RESULT: {}
COMMAND: POST /session/2f3a3ed30178fd4b3e43ef29d6279727/execute/sync - {"script":"<script> [8489 bytes]","args":[{"element-6066-11e4-a52e-4f735466cecf":"f.8627BF333E87AC973E299D2132D92580.d.1931A26573872DF24AC72CD49E087053.e.16331","ELEMENT":"f.8627BF333E87AC973E299D2132D92580.d.1931A26573872DF24AC72CD49E087053.e.16331"}]}
COMMAND: GET /session/2f3a3ed30178fd4b3e43ef29d6279727/screenshot - {}
RESULT: {}
RESULT: {"script":"<script> [8489 bytes]","args":[{"element-6066-11e4-a52e-4f735466cecf":"f.8627BF333E87AC973E299D2132D92580.d.1931A26573872DF24AC72CD49E087053.e.16331","ELEMENT":"f.8627BF333E87AC973E299D2132D92580.d.1931A26573872DF24AC72CD49E087053.e.16331"}]}
COMMAND: POST /session/2f3a3ed30178fd4b3e43ef29d6279727/execute/sync - {"script":"<script> [5351 bytes]","args":[{"element-6066-11e4-a52e-4f735466cecf":"f.8627BF333E87AC973E299D2132D92580.d.1931A26573872DF24AC72CD49E087053.e.16331","ELEMENT":"f.8627BF333E87AC973E299D2132D92580.d.1931A26573872DF24AC72CD49E087053.e.16331"}]}
COMMAND: GET /session/2f3a3ed30178fd4b3e43ef29d6279727/screenshot - {}
RESULT: {}
RESULT: {"script":"<script> [5351 bytes]","args":[{"element-6066-11e4-a52e-4f735466cecf":"f.8627BF333E87AC973E299D2132D92580.d.1931A26573872DF24AC72CD49E087053.e.16331","ELEMENT":"f.8627BF333E87AC973E299D2132D92580.d.1931A26573872DF24AC72CD49E087053.e.16331"}]}
COMMAND: GET /session/2f3a3ed30178fd4b3e43ef29d6279727/screenshot - {}
RESULT: {}
RESULT: {}
COMMAND: POST /session/2f3a3ed30178fd4b3e43ef29d6279727/element/f.8627BF333E87AC973E299D2132D92580.d.1931A26573872DF24AC72CD49E087053.e.16331/click - {}
RESULT: {}
COMMAND: GET /session/2f3a3ed30178fd4b3e43ef29d6279727/screenshot - {}
RESULT: {}
COMMAND: POST /session/2f3a3ed30178fd4b3e43ef29d6279727/execute/async - {"script":"<script> [1562 bytes]","args":[{"selector":{"id":"application-managecontracts-display-component---AddNewContract--projectDescription","interaction":{"idSuffix":"inner"}},"wdio_ui5_key":"applicationmanagecontracts-display-component---AddNewContract--projectDescription"}]}
RESULT: {"script":"<script> [1562 bytes]","args":[{"selector":{"id":"application-managecontracts-display-component---AddNewContract--projectDescription","interaction":{"idSuffix":"inner"}},"wdio_ui5_key":"applicationmanagecontracts-display-component---AddNewContract--projectDescription"}]}
RESULT: undefined
COMMAND: POST /session/2f3a3ed30178fd4b3e43ef29d6279727/execute/async - {"script":"<script> [776 bytes]","args":[{"enterText":"Performance Contract WDIO","selector":{"id":"application-managecontracts-display-component---AddNewContract--projectDescription","interaction":{"idSuffix":"inner"}},"clearTextFirst":true,"interactionType":"ENTER_TEXT"}]}
RESULT: {"script":"<script> [776 bytes]","args":[{"enterText":"Performance Contract WDIO","selector":{"id":"application-managecontracts-display-component---AddNewContract--projectDescription","interaction":{"idSuffix":"inner"}},"clearTextFirst":true,"interactionType":"ENTER_TEXT"}]}
COMMAND: POST /session/2f3a3ed30178fd4b3e43ef29d6279727/element - {"using":"xpath","value":"//input[@id=\"application-managecontracts-display-component---AddNewContract--site-inner\"]"}
RESULT: {"using":"xpath","value":"//input[@id=\"application-managecontracts-display-component---AddNewContract--site-inner\"]"}
COMMAND: POST /session/2f3a3ed30178fd4b3e43ef29d6279727/element/f.8627BF333E87AC973E299D2132D92580.d.1931A26573872DF24AC72CD49E087053.e.16661/clear - {}
RESULT: {}
COMMAND: POST /session/2f3a3ed30178fd4b3e43ef29d6279727/element/f.8627BF333E87AC973E299D2132D92580.d.1931A26573872DF24AC72CD49E087053.e.16661/value - {"text":"2552"}
COMMAND: GET /session/2f3a3ed30178fd4b3e43ef29d6279727/screenshot - {}
RESULT: {"text":"2552"}
COMMAND: GET /session/2f3a3ed30178fd4b3e43ef29d6279727/screenshot - {}
RESULT: {}
RESULT: {}
COMMAND: POST /session/2f3a3ed30178fd4b3e43ef29d6279727/element - {"using":"xpath","value":"//li[.//span[text()='2552']]"}
RESULT: {"using":"xpath","value":"//li[.//span[text()='2552']]"}
COMMAND: POST /session/2f3a3ed30178fd4b3e43ef29d6279727/element/f.8627BF333E87AC973E299D2132D92580.d.1931A26573872DF24AC72CD49E087053.e.16694/click - {}
RESULT: {}
COMMAND: GET /session/2f3a3ed30178fd4b3e43ef29d6279727/screenshot - {}
RESULT: {}
COMMAND: POST /session/2f3a3ed30178fd4b3e43ef29d6279727/element - {"using":"xpath","value":"//input[@id=\"application-managecontracts-display-component---AddNewContract--yardId-inner\"]"}
RESULT: {"using":"xpath","value":"//input[@id=\"application-managecontracts-display-component---AddNewContract--yardId-inner\"]"}
COMMAND: GET /session/2f3a3ed30178fd4b3e43ef29d6279727/element/f.8627BF333E87AC973E299D2132D92580.d.1931A26573872DF24AC72CD49E087053.e.16662/property/value - {}
RESULT: {}
COMMAND: POST /session/2f3a3ed30178fd4b3e43ef29d6279727/element - {"using":"xpath","value":"//input[@id=\"application-managecontracts-display-component---AddNewContract--customerSelect-inner\"]"}
COMMAND: GET /session/2f3a3ed30178fd4b3e43ef29d6279727/screenshot - {}
RESULT: {"using":"xpath","value":"//input[@id=\"application-managecontracts-display-component---AddNewContract--customerSelect-inner\"]"}
COMMAND: POST /session/2f3a3ed30178fd4b3e43ef29d6279727/element/f.8627BF333E87AC973E299D2132D92580.d.1931A26573872DF24AC72CD49E087053.e.16660/clear - {}
RESULT: {}
RESULT: {}
COMMAND: POST /session/2f3a3ed30178fd4b3e43ef29d6279727/element/f.8627BF333E87AC973E299D2132D92580.d.1931A26573872DF24AC72CD49E087053.e.16660/value - {"text":"1593"}
COMMAND: GET /session/2f3a3ed30178fd4b3e43ef29d6279727/screenshot - {}
RESULT: {"text":"1593"}
COMMAND: GET /session/2f3a3ed30178fd4b3e43ef29d6279727/screenshot - {}
RESULT: {}
RESULT: {}
COMMAND: POST /session/2f3a3ed30178fd4b3e43ef29d6279727/element - {"using":"xpath","value":"//li[.//span[text()='1593']]"}
RESULT: {"using":"xpath","value":"//li[.//span[text()='1593']]"}
COMMAND: POST /session/2f3a3ed30178fd4b3e43ef29d6279727/element/f.8627BF333E87AC973E299D2132D92580.d.1931A26573872DF24AC72CD49E087053.e.16697/click - {}
RESULT: {}
COMMAND: GET /session/2f3a3ed30178fd4b3e43ef29d6279727/screenshot - {}
RESULT: {}
COMMAND: POST /session/2f3a3ed30178fd4b3e43ef29d6279727/element - {"using":"xpath","value":"//button[@data-kt=\"saveButton\"]"}
RESULT: {"using":"xpath","value":"//button[@data-kt=\"saveButton\"]"}
COMMAND: POST /session/2f3a3ed30178fd4b3e43ef29d6279727/element/f.8627BF333E87AC973E299D2132D92580.d.1931A26573872DF24AC72CD49E087053.e.16687/click - {}
RESULT: {}
COMMAND: GET /session/2f3a3ed30178fd4b3e43ef29d6279727/screenshot - {}
RESULT: {}
COMMAND: POST /session/2f3a3ed30178fd4b3e43ef29d6279727/element - {"using":"xpath","value":"//span[contains(@id ,\"contractDetailTitleNoExpanded\")]"}
RESULT: {"using":"xpath","value":"//span[contains(@id ,\"contractDetailTitleNoExpanded\")]"}
COMMAND: POST /session/2f3a3ed30178fd4b3e43ef29d6279727/elements - {"using":"xpath","value":"//span[contains(@id ,\"contractDetailTitleNoExpanded\")]"}
RESULT: {"using":"xpath","value":"//span[contains(@id ,\"contractDetailTitleNoExpanded\")]"}
COMMAND: POST /session/2f3a3ed30178fd4b3e43ef29d6279727/execute/sync - {"script":"<script> [56 bytes]","args":[{"element-6066-11e4-a52e-4f735466cecf":"f.8627BF333E87AC973E299D2132D92580.d.1931A26573872DF24AC72CD49E087053.e.16738","ELEMENT":"f.8627BF333E87AC973E299D2132D92580.d.1931A26573872DF24AC72CD49E087053.e.16738"}]}
RESULT: {"script":"<script> [56 bytes]","args":[{"element-6066-11e4-a52e-4f735466cecf":"f.8627BF333E87AC973E299D2132D92580.d.1931A26573872DF24AC72CD49E087053.e.16738","ELEMENT":"f.8627BF333E87AC973E299D2132D92580.d.1931A26573872DF24AC72CD49E087053.e.16738"}]}
COMMAND: GET /session/2f3a3ed30178fd4b3e43ef29d6279727/screenshot - {}
RESULT: {}
]]></system-out>
    </testcase>
    <testcase classname="chrome.135_0_7049_42.windows.Performance_based_billing_(work_days)_US139742" name="Should add equipment to the contract" time="40.958">
      <system-out><![CDATA[
COMMAND: POST /session/2f3a3ed30178fd4b3e43ef29d6279727/element - {"using":"xpath","value":"//button[@data-kt=\"contractDetailEditBtnButton\"]"}
RESULT: {"using":"xpath","value":"//button[@data-kt=\"contractDetailEditBtnButton\"]"}
COMMAND: POST /session/2f3a3ed30178fd4b3e43ef29d6279727/element/f.8627BF333E87AC973E299D2132D92580.d.1931A26573872DF24AC72CD49E087053.e.16741/click - {}
RESULT: {}
COMMAND: GET /session/2f3a3ed30178fd4b3e43ef29d6279727/screenshot - {}
RESULT: {}
COMMAND: POST /session/2f3a3ed30178fd4b3e43ef29d6279727/element - {"using":"xpath","value":"(//span[contains(text(), \"Additional Addresses\")])[2]"}
RESULT: {"using":"xpath","value":"(//span[contains(text(), \"Additional Addresses\")])[2]"}
COMMAND: POST /session/2f3a3ed30178fd4b3e43ef29d6279727/element/f.8627BF333E87AC973E299D2132D92580.d.1931A26573872DF24AC72CD49E087053.e.16796/click - {}
RESULT: {}
COMMAND: GET /session/2f3a3ed30178fd4b3e43ef29d6279727/screenshot - {}
RESULT: {}
COMMAND: POST /session/2f3a3ed30178fd4b3e43ef29d6279727/element - {"using":"xpath","value":"//button[@data-kt=\"btnAddTableRowOverflowToolbarButton\"]"}
RESULT: {"using":"xpath","value":"//button[@data-kt=\"btnAddTableRowOverflowToolbarButton\"]"}
COMMAND: POST /session/2f3a3ed30178fd4b3e43ef29d6279727/element/f.8627BF333E87AC973E299D2132D92580.d.1931A26573872DF24AC72CD49E087053.e.16799/click - {}
RESULT: {}
COMMAND: GET /session/2f3a3ed30178fd4b3e43ef29d6279727/screenshot - {}
RESULT: {}
COMMAND: POST /session/2f3a3ed30178fd4b3e43ef29d6279727/element - {"using":"xpath","value":"//div[(text() = 'Standard Entry' or . = 'Standard Entry')]"}
RESULT: {"using":"xpath","value":"//div[(text() = 'Standard Entry' or . = 'Standard Entry')]"}
COMMAND: POST /session/2f3a3ed30178fd4b3e43ef29d6279727/element/f.8627BF333E87AC973E299D2132D92580.d.1931A26573872DF24AC72CD49E087053.e.16801/click - {}
RESULT: {}
COMMAND: GET /session/2f3a3ed30178fd4b3e43ef29d6279727/screenshot - {}
RESULT: {}
COMMAND: POST /session/2f3a3ed30178fd4b3e43ef29d6279727/element - {"using":"xpath","value":"//td[7]/div/div/input"}
RESULT: {"using":"xpath","value":"//td[7]/div/div/input"}
COMMAND: POST /session/2f3a3ed30178fd4b3e43ef29d6279727/element/f.8627BF333E87AC973E299D2132D92580.d.1931A26573872DF24AC72CD49E087053.e.16810/clear - {}
RESULT: {}
COMMAND: POST /session/2f3a3ed30178fd4b3e43ef29d6279727/element/f.8627BF333E87AC973E299D2132D92580.d.1931A26573872DF24AC72CD49E087053.e.16810/value - {"text":"2AqdfWUmDw"}
COMMAND: GET /session/2f3a3ed30178fd4b3e43ef29d6279727/screenshot - {}
RESULT: {"text":"2AqdfWUmDw"}
COMMAND: GET /session/2f3a3ed30178fd4b3e43ef29d6279727/screenshot - {}
RESULT: {}
RESULT: {}
COMMAND: POST /session/2f3a3ed30178fd4b3e43ef29d6279727/actions - {"actions":[{"id":"action58","type":"key","parameters":{},"actions":[{"type":"keyDown","value":""},{"type":"pause","duration":10},{"type":"keyUp","value":""}]}]}
RESULT: {"actions":[{"id":"action58","type":"key","parameters":{},"actions":[{"type":"keyDown","value":""},{"type":"pause","duration":10},{"type":"keyUp","value":""}]}]}
COMMAND: GET /session/2f3a3ed30178fd4b3e43ef29d6279727/screenshot - {}
RESULT: {}
COMMAND: POST /session/2f3a3ed30178fd4b3e43ef29d6279727/element - {"using":"xpath","value":"(//button[@data-kt=\"saveButton\"])[2]"}
RESULT: {"using":"xpath","value":"(//button[@data-kt=\"saveButton\"])[2]"}
COMMAND: POST /session/2f3a3ed30178fd4b3e43ef29d6279727/element/f.8627BF333E87AC973E299D2132D92580.d.1931A26573872DF24AC72CD49E087053.e.16825/click - {}
RESULT: {}
COMMAND: GET /session/2f3a3ed30178fd4b3e43ef29d6279727/screenshot - {}
RESULT: {}
COMMAND: POST /session/2f3a3ed30178fd4b3e43ef29d6279727/element - {"using":"xpath","value":"//span[contains(@id ,\"contractItemsSmartTable-header-inner\")]"}
RESULT: {"using":"xpath","value":"//span[contains(@id ,\"contractItemsSmartTable-header-inner\")]"}
COMMAND: POST /session/2f3a3ed30178fd4b3e43ef29d6279727/elements - {"using":"xpath","value":"//span[contains(@id ,\"contractItemsSmartTable-header-inner\")]"}
RESULT: {"using":"xpath","value":"//span[contains(@id ,\"contractItemsSmartTable-header-inner\")]"}
COMMAND: POST /session/2f3a3ed30178fd4b3e43ef29d6279727/execute/sync - {"script":"<script> [56 bytes]","args":[{"element-6066-11e4-a52e-4f735466cecf":"f.8627BF333E87AC973E299D2132D92580.d.1931A26573872DF24AC72CD49E087053.e.16831","ELEMENT":"f.8627BF333E87AC973E299D2132D92580.d.1931A26573872DF24AC72CD49E087053.e.16831"}]}
RESULT: {"script":"<script> [56 bytes]","args":[{"element-6066-11e4-a52e-4f735466cecf":"f.8627BF333E87AC973E299D2132D92580.d.1931A26573872DF24AC72CD49E087053.e.16831","ELEMENT":"f.8627BF333E87AC973E299D2132D92580.d.1931A26573872DF24AC72CD49E087053.e.16831"}]}
COMMAND: GET /session/2f3a3ed30178fd4b3e43ef29d6279727/screenshot - {}
]]></system-out>
    </testcase>
    <testcase classname="chrome.135_0_7049_42.windows.Performance_based_billing_(work_days)_US139742" name="Should do a provide to site handover" time="59.77">
      <system-out><![CDATA[
COMMAND: POST /session/2f3a3ed30178fd4b3e43ef29d6279727/element - {"using":"xpath","value":"//button[@data-kt=\"provideButton\"]"}
RESULT: {}
RESULT: {"using":"xpath","value":"//button[@data-kt=\"provideButton\"]"}
COMMAND: POST /session/2f3a3ed30178fd4b3e43ef29d6279727/element/f.8627BF333E87AC973E299D2132D92580.d.1931A26573872DF24AC72CD49E087053.e.16832/click - {}
RESULT: {}
COMMAND: GET /session/2f3a3ed30178fd4b3e43ef29d6279727/screenshot - {}
RESULT: undefined
COMMAND: POST /session/2f3a3ed30178fd4b3e43ef29d6279727/execute/async - {"script":"<script> [6424 bytes]","args":[{"element-6066-11e4-a52e-4f735466cecf":"f.8627BF333E87AC973E299D2132D92580.d.1931A26573872DF24AC72CD49E087053.e.15888"},"setValue",["04/23/2025"]]}
RESULT: {}
COMMAND: POST /session/2f3a3ed30178fd4b3e43ef29d6279727/execute/async - {"script":"<script> [1562 bytes]","args":[{"selector":{"id":"application-managehandovers-display-component---AddNewHO--dueDate","interaction":{"idSuffix":"inner"}},"wdio_ui5_key":"applicationmanagehandovers-display-component---AddNewHO--dueDate"}]}
RESULT: {"script":"<script> [1562 bytes]","args":[{"selector":{"id":"application-managehandovers-display-component---AddNewHO--dueDate","interaction":{"idSuffix":"inner"}},"wdio_ui5_key":"applicationmanagehandovers-display-component---AddNewHO--dueDate"}]}
COMMAND: POST /session/2f3a3ed30178fd4b3e43ef29d6279727/execute/async - {"script":"<script> [6424 bytes]","args":[{"element-6066-11e4-a52e-4f735466cecf":"f.8627BF333E87AC973E299D2132D92580.d.1931A26573872DF24AC72CD49E087053.e.16885"},"setValue",["04/23/2025"]]}
RESULT: {"script":"<script> [6424 bytes]","args":[{"element-6066-11e4-a52e-4f735466cecf":"f.8627BF333E87AC973E299D2132D92580.d.1931A26573872DF24AC72CD49E087053.e.16885"},"setValue",["04/23/2025"]]}
COMMAND: POST /session/2f3a3ed30178fd4b3e43ef29d6279727/element - {"using":"xpath","value":"//bdi[contains(text(), \"Instructions\")]"}
RESULT: {"using":"xpath","value":"//bdi[contains(text(), \"Instructions\")]"}
COMMAND: POST /session/2f3a3ed30178fd4b3e43ef29d6279727/element/f.8627BF333E87AC973E299D2132D92580.d.1931A26573872DF24AC72CD49E087053.e.17144/click - {}
RESULT: {}
COMMAND: GET /session/2f3a3ed30178fd4b3e43ef29d6279727/screenshot - {}
RESULT: {}
COMMAND: POST /session/2f3a3ed30178fd4b3e43ef29d6279727/element - {"using":"xpath","value":"//button[@data-kt=\"AddNewHOProvideAddItemsButton\"]"}
RESULT: {"using":"xpath","value":"//button[@data-kt=\"AddNewHOProvideAddItemsButton\"]"}
COMMAND: POST /session/2f3a3ed30178fd4b3e43ef29d6279727/element/f.8627BF333E87AC973E299D2132D92580.d.1931A26573872DF24AC72CD49E087053.e.17148/click - {}
RESULT: {}
COMMAND: GET /session/2f3a3ed30178fd4b3e43ef29d6279727/screenshot - {}
RESULT: {}
RESULT: undefined
COMMAND: POST /session/2f3a3ed30178fd4b3e43ef29d6279727/element - {"using":"xpath","value":"//*[@id=\"application-managehandovers-display-component---AddNewHO--popup-sa\"]"}
RESULT: {"using":"xpath","value":"//*[@id=\"application-managehandovers-display-component---AddNewHO--popup-sa\"]"}
COMMAND: POST /session/2f3a3ed30178fd4b3e43ef29d6279727/element/f.8627BF333E87AC973E299D2132D92580.d.1931A26573872DF24AC72CD49E087053.e.17160/click - {}
RESULT: {}
COMMAND: GET /session/2f3a3ed30178fd4b3e43ef29d6279727/screenshot - {}
RESULT: {}
COMMAND: POST /session/2f3a3ed30178fd4b3e43ef29d6279727/element - {"using":"xpath","value":"//*[contains(@id ,\"BDI-content\")][contains(text(), \"Select\")]"}
RESULT: {"using":"xpath","value":"//*[contains(@id ,\"BDI-content\")][contains(text(), \"Select\")]"}
COMMAND: POST /session/2f3a3ed30178fd4b3e43ef29d6279727/element/f.8627BF333E87AC973E299D2132D92580.d.1931A26573872DF24AC72CD49E087053.e.17161/click - {}
RESULT: {}
COMMAND: GET /session/2f3a3ed30178fd4b3e43ef29d6279727/screenshot - {}
RESULT: {}
COMMAND: POST /session/2f3a3ed30178fd4b3e43ef29d6279727/execute/async - {"script":"<script> [1562 bytes]","args":[{"selector":{"id":"application-managehandovers-display-component---AddNewHO--confirmCreationButton","interaction":{"idSuffix":"BDI-content"}},"wdio_ui5_key":"applicationmanagehandovers-display-component---AddNewHO--confirmCreationButton"}]}
RESULT: {"script":"<script> [1562 bytes]","args":[{"selector":{"id":"application-managehandovers-display-component---AddNewHO--confirmCreationButton","interaction":{"idSuffix":"BDI-content"}},"wdio_ui5_key":"applicationmanagehandovers-display-component---AddNewHO--confirmCreationButton"}]}
RESULT: undefined
COMMAND: POST /session/2f3a3ed30178fd4b3e43ef29d6279727/element - {"using":"xpath","value":"//*[@id=\"application-managehandovers-display-component---AddNewHO--confirmCreationButton\"]"}
RESULT: {"using":"xpath","value":"//*[@id=\"application-managehandovers-display-component---AddNewHO--confirmCreationButton\"]"}
COMMAND: POST /session/2f3a3ed30178fd4b3e43ef29d6279727/element/f.8627BF333E87AC973E299D2132D92580.d.1931A26573872DF24AC72CD49E087053.e.16950/click - {}
RESULT: {}
COMMAND: GET /session/2f3a3ed30178fd4b3e43ef29d6279727/screenshot - {}
RESULT: {}
COMMAND: POST /session/2f3a3ed30178fd4b3e43ef29d6279727/element - {"using":"xpath","value":"//button[@data-kt=\"PickingTableConfirmAllButton\"]"}
RESULT: {"using":"xpath","value":"//button[@data-kt=\"PickingTableConfirmAllButton\"]"}
COMMAND: POST /session/2f3a3ed30178fd4b3e43ef29d6279727/element/f.8627BF333E87AC973E299D2132D92580.d.1931A26573872DF24AC72CD49E087053.e.17199/click - {}
COMMAND: POST /session/2f3a3ed30178fd4b3e43ef29d6279727/element - {"using":"xpath","value":"//button[@data-kt=\"PickingTableConfirmAllButton\"]"}
RESULT: {"using":"xpath","value":"//button[@data-kt=\"PickingTableConfirmAllButton\"]"}
COMMAND: POST /session/2f3a3ed30178fd4b3e43ef29d6279727/element/f.8627BF333E87AC973E299D2132D92580.d.1931A26573872DF24AC72CD49E087053.e.17199/click - {}
COMMAND: POST /session/2f3a3ed30178fd4b3e43ef29d6279727/element - {"using":"xpath","value":"//button[@data-kt=\"PickingTableConfirmAllButton\"]"}
RESULT: {"using":"xpath","value":"//button[@data-kt=\"PickingTableConfirmAllButton\"]"}
COMMAND: POST /session/2f3a3ed30178fd4b3e43ef29d6279727/element/f.8627BF333E87AC973E299D2132D92580.d.1931A26573872DF24AC72CD49E087053.e.17218/click - {}
RESULT: {}
COMMAND: GET /session/2f3a3ed30178fd4b3e43ef29d6279727/screenshot - {}
RESULT: {}
COMMAND: POST /session/2f3a3ed30178fd4b3e43ef29d6279727/element - {"using":"xpath","value":"//bdi[contains(text(), \"OK\")]"}
RESULT: {"using":"xpath","value":"//bdi[contains(text(), \"OK\")]"}
COMMAND: POST /session/2f3a3ed30178fd4b3e43ef29d6279727/element/f.8627BF333E87AC973E299D2132D92580.d.1931A26573872DF24AC72CD49E087053.e.17222/click - {}
RESULT: {}
COMMAND: GET /session/2f3a3ed30178fd4b3e43ef29d6279727/screenshot - {}
RESULT: {}
COMMAND: POST /session/2f3a3ed30178fd4b3e43ef29d6279727/element - {"using":"xpath","value":"//bdi[contains(text(), \"Ok\")]"}
RESULT: {"using":"xpath","value":"//bdi[contains(text(), \"Ok\")]"}
COMMAND: POST /session/2f3a3ed30178fd4b3e43ef29d6279727/element/f.8627BF333E87AC973E299D2132D92580.d.1931A26573872DF24AC72CD49E087053.e.17229/click - {}
RESULT: {}
COMMAND: GET /session/2f3a3ed30178fd4b3e43ef29d6279727/screenshot - {}
RESULT: {}
COMMAND: POST /session/2f3a3ed30178fd4b3e43ef29d6279727/element - {"using":"xpath","value":"//bdi[contains(text(), \"Issue\")]"}
RESULT: {"using":"xpath","value":"//bdi[contains(text(), \"Issue\")]"}
COMMAND: POST /session/2f3a3ed30178fd4b3e43ef29d6279727/element/f.8627BF333E87AC973E299D2132D92580.d.1931A26573872DF24AC72CD49E087053.e.17231/click - {}
RESULT: {}
COMMAND: GET /session/2f3a3ed30178fd4b3e43ef29d6279727/screenshot - {}
RESULT: {}
COMMAND: POST /session/2f3a3ed30178fd4b3e43ef29d6279727/element - {"using":"css selector","value":"#shell-header-logo"}
RESULT: {"using":"css selector","value":"#shell-header-logo"}
COMMAND: POST /session/2f3a3ed30178fd4b3e43ef29d6279727/element/f.8627BF333E87AC973E299D2132D92580.d.1931A26573872DF24AC72CD49E087053.e.16286/click - {}
RESULT: {}
COMMAND: GET /session/2f3a3ed30178fd4b3e43ef29d6279727/screenshot - {}
RESULT: {}
]]></system-out>
    </testcase>
    <testcase classname="chrome.135_0_7049_42.windows.Performance_based_billing_(work_days)_US139742" name="Should create a few performance documents" time="95.481">
      <system-out><![CDATA[
COMMAND: POST /session/2f3a3ed30178fd4b3e43ef29d6279727/window/fullscreen - {}
RESULT: {}
COMMAND: POST /session/2f3a3ed30178fd4b3e43ef29d6279727/execute/async - {"script":"<script> [1562 bytes]","args":[{"selector":{"controlType":"sap.m.GenericTile","properties":{"header":"Manage States & Performance"}},"wdio_ui5_key":"sapm.GenericTile{\"header\":\"Manage States & Performance\"}"}]}
RESULT: {"script":"<script> [1562 bytes]","args":[{"selector":{"controlType":"sap.m.GenericTile","properties":{"header":"Manage States & Performance"}},"wdio_ui5_key":"sapm.GenericTile{\"header\":\"Manage States & Performance\"}"}]}
RESULT: undefined
COMMAND: POST /session/2f3a3ed30178fd4b3e43ef29d6279727/element - {"using":"xpath","value":"//*[@id=\"__tile56\"]"}
RESULT: {"using":"xpath","value":"//*[@id=\"__tile56\"]"}
COMMAND: POST /session/2f3a3ed30178fd4b3e43ef29d6279727/element/f.8627BF333E87AC973E299D2132D92580.d.1931A26573872DF24AC72CD49E087053.e.13843/click - {}
RESULT: {}
COMMAND: POST /session/2f3a3ed30178fd4b3e43ef29d6279727/element - {"using":"xpath","value":"//div[@id=\"application-managestatesandperformance-display-component---stateAndPerform--smartFilterBarResources-btnBasicSearch\"]"}
COMMAND: GET /session/2f3a3ed30178fd4b3e43ef29d6279727/screenshot - {}
RESULT: {"using":"xpath","value":"//div[@id=\"application-managestatesandperformance-display-component---stateAndPerform--smartFilterBarResources-btnBasicSearch\"]"}
COMMAND: POST /session/2f3a3ed30178fd4b3e43ef29d6279727/elements - {"using":"xpath","value":"//div[@id=\"application-managestatesandperformance-display-component---stateAndPerform--smartFilterBarResources-btnBasicSearch\"]"}
RESULT: {}
RESULT: {"using":"xpath","value":"//div[@id=\"application-managestatesandperformance-display-component---stateAndPerform--smartFilterBarResources-btnBasicSearch\"]"}
COMMAND: POST /session/2f3a3ed30178fd4b3e43ef29d6279727/elements - {"using":"xpath","value":"//div[@id=\"application-managestatesandperformance-display-component---stateAndPerform--smartFilterBarResources-btnBasicSearch\"]"}
RESULT: {"using":"xpath","value":"//div[@id=\"application-managestatesandperformance-display-component---stateAndPerform--smartFilterBarResources-btnBasicSearch\"]"}
COMMAND: POST /session/2f3a3ed30178fd4b3e43ef29d6279727/elements - {"using":"xpath","value":"//div[@id=\"application-managestatesandperformance-display-component---stateAndPerform--smartFilterBarResources-btnBasicSearch\"]"}
RESULT: {"using":"xpath","value":"//div[@id=\"application-managestatesandperformance-display-component---stateAndPerform--smartFilterBarResources-btnBasicSearch\"]"}
COMMAND: POST /session/2f3a3ed30178fd4b3e43ef29d6279727/elements - {"using":"xpath","value":"//div[@id=\"application-managestatesandperformance-display-component---stateAndPerform--smartFilterBarResources-btnBasicSearch\"]"}
RESULT: {"using":"xpath","value":"//div[@id=\"application-managestatesandperformance-display-component---stateAndPerform--smartFilterBarResources-btnBasicSearch\"]"}
COMMAND: POST /session/2f3a3ed30178fd4b3e43ef29d6279727/elements - {"using":"xpath","value":"//div[@id=\"application-managestatesandperformance-display-component---stateAndPerform--smartFilterBarResources-btnBasicSearch\"]"}
RESULT: {"using":"xpath","value":"//div[@id=\"application-managestatesandperformance-display-component---stateAndPerform--smartFilterBarResources-btnBasicSearch\"]"}
COMMAND: POST /session/2f3a3ed30178fd4b3e43ef29d6279727/elements - {"using":"xpath","value":"//div[@id=\"application-managestatesandperformance-display-component---stateAndPerform--smartFilterBarResources-btnBasicSearch\"]"}
RESULT: {"using":"xpath","value":"//div[@id=\"application-managestatesandperformance-display-component---stateAndPerform--smartFilterBarResources-btnBasicSearch\"]"}
COMMAND: POST /session/2f3a3ed30178fd4b3e43ef29d6279727/elements - {"using":"xpath","value":"//div[@id=\"application-managestatesandperformance-display-component---stateAndPerform--smartFilterBarResources-btnBasicSearch\"]"}
RESULT: {"using":"xpath","value":"//div[@id=\"application-managestatesandperformance-display-component---stateAndPerform--smartFilterBarResources-btnBasicSearch\"]"}
COMMAND: POST /session/2f3a3ed30178fd4b3e43ef29d6279727/element - {"using":"xpath","value":"//div[@id=\"application-managestatesandperformance-display-component---stateAndPerform--smartFilterBarResources-btnBasicSearch\"]"}
RESULT: {"using":"xpath","value":"//div[@id=\"application-managestatesandperformance-display-component---stateAndPerform--smartFilterBarResources-btnBasicSearch\"]"}
COMMAND: POST /session/2f3a3ed30178fd4b3e43ef29d6279727/execute/sync - {"script":"<script> [8489 bytes]","args":[{"element-6066-11e4-a52e-4f735466cecf":"f.8627BF333E87AC973E299D2132D92580.d.1931A26573872DF24AC72CD49E087053.e.17443","ELEMENT":"f.8627BF333E87AC973E299D2132D92580.d.1931A26573872DF24AC72CD49E087053.e.17443"}]}
RESULT: {"script":"<script> [8489 bytes]","args":[{"element-6066-11e4-a52e-4f735466cecf":"f.8627BF333E87AC973E299D2132D92580.d.1931A26573872DF24AC72CD49E087053.e.17443","ELEMENT":"f.8627BF333E87AC973E299D2132D92580.d.1931A26573872DF24AC72CD49E087053.e.17443"}]}
COMMAND: GET /session/2f3a3ed30178fd4b3e43ef29d6279727/element/f.8627BF333E87AC973E299D2132D92580.d.1931A26573872DF24AC72CD49E087053.e.17443/enabled - {}
COMMAND: GET /session/2f3a3ed30178fd4b3e43ef29d6279727/screenshot - {}
RESULT: {}
COMMAND: POST /session/2f3a3ed30178fd4b3e43ef29d6279727/execute/sync - {"script":"<script> [8489 bytes]","args":[{"element-6066-11e4-a52e-4f735466cecf":"f.8627BF333E87AC973E299D2132D92580.d.1931A26573872DF24AC72CD49E087053.e.17443","ELEMENT":"f.8627BF333E87AC973E299D2132D92580.d.1931A26573872DF24AC72CD49E087053.e.17443"}]}
COMMAND: GET /session/2f3a3ed30178fd4b3e43ef29d6279727/screenshot - {}
RESULT: {}
RESULT: {"script":"<script> [8489 bytes]","args":[{"element-6066-11e4-a52e-4f735466cecf":"f.8627BF333E87AC973E299D2132D92580.d.1931A26573872DF24AC72CD49E087053.e.17443","ELEMENT":"f.8627BF333E87AC973E299D2132D92580.d.1931A26573872DF24AC72CD49E087053.e.17443"}]}
COMMAND: POST /session/2f3a3ed30178fd4b3e43ef29d6279727/execute/sync - {"script":"<script> [5351 bytes]","args":[{"element-6066-11e4-a52e-4f735466cecf":"f.8627BF333E87AC973E299D2132D92580.d.1931A26573872DF24AC72CD49E087053.e.17443","ELEMENT":"f.8627BF333E87AC973E299D2132D92580.d.1931A26573872DF24AC72CD49E087053.e.17443"}]}
COMMAND: GET /session/2f3a3ed30178fd4b3e43ef29d6279727/screenshot - {}
RESULT: {}
RESULT: {"script":"<script> [5351 bytes]","args":[{"element-6066-11e4-a52e-4f735466cecf":"f.8627BF333E87AC973E299D2132D92580.d.1931A26573872DF24AC72CD49E087053.e.17443","ELEMENT":"f.8627BF333E87AC973E299D2132D92580.d.1931A26573872DF24AC72CD49E087053.e.17443"}]}
COMMAND: POST /session/2f3a3ed30178fd4b3e43ef29d6279727/execute/async - {"script":"<script> [1562 bytes]","args":[{"selector":{"id":"application-managestatesandperformance-display-component---stateAndPerform--smartFilterBarResources-btnBasicSearch","interaction":{"idSuffix":"I"}},"wdio_ui5_key":"applicationmanagestatesandperformance-display-component---stateAndPerform--smartFilterBarResources-btnBasicSearch"}]}
COMMAND: GET /session/2f3a3ed30178fd4b3e43ef29d6279727/screenshot - {}
RESULT: {}
RESULT: {"script":"<script> [1562 bytes]","args":[{"selector":{"id":"application-managestatesandperformance-display-component---stateAndPerform--smartFilterBarResources-btnBasicSearch","interaction":{"idSuffix":"I"}},"wdio_ui5_key":"applicationmanagestatesandperformance-display-component---stateAndPerform--smartFilterBarResources-btnBasicSearch"}]}
RESULT: undefined
COMMAND: POST /session/2f3a3ed30178fd4b3e43ef29d6279727/execute/async - {"script":"<script> [776 bytes]","args":[{"enterText":"2AqdfWUmDw","selector":{"id":"application-managestatesandperformance-display-component---stateAndPerform--smartFilterBarResources-btnBasicSearch","interaction":{"idSuffix":"I"}},"clearTextFirst":true,"interactionType":"ENTER_TEXT"}]}
RESULT: {}
RESULT: {"script":"<script> [776 bytes]","args":[{"enterText":"2AqdfWUmDw","selector":{"id":"application-managestatesandperformance-display-component---stateAndPerform--smartFilterBarResources-btnBasicSearch","interaction":{"idSuffix":"I"}},"clearTextFirst":true,"interactionType":"ENTER_TEXT"}]}
COMMAND: POST /session/2f3a3ed30178fd4b3e43ef29d6279727/actions - {"actions":[{"id":"action59","type":"key","parameters":{},"actions":[{"type":"keyDown","value":""},{"type":"pause","duration":10},{"type":"keyUp","value":""}]}]}
RESULT: {"actions":[{"id":"action59","type":"key","parameters":{},"actions":[{"type":"keyDown","value":""},{"type":"pause","duration":10},{"type":"keyUp","value":""}]}]}
COMMAND: GET /session/2f3a3ed30178fd4b3e43ef29d6279727/screenshot - {}
RESULT: {}
COMMAND: POST /session/2f3a3ed30178fd4b3e43ef29d6279727/execute/async - {"script":"<script> [1562 bytes]","args":[{"selector":{"id":"application-managestatesandperformance-display-component---stateAndPerform--stateAndPerformResourcesSmartTable-header"},"wdio_ui5_key":"applicationmanagestatesandperformance-display-component---stateAndPerform--stateAndPerformResourcesSmartTable-header"}]}
RESULT: {"script":"<script> [1562 bytes]","args":[{"selector":{"id":"application-managestatesandperformance-display-component---stateAndPerform--stateAndPerformResourcesSmartTable-header"},"wdio_ui5_key":"applicationmanagestatesandperformance-display-component---stateAndPerform--stateAndPerformResourcesSmartTable-header"}]}
RESULT: undefined
COMMAND: POST /session/2f3a3ed30178fd4b3e43ef29d6279727/execute/async - {"script":"<script> [6424 bytes]","args":[{"element-6066-11e4-a52e-4f735466cecf":"f.8627BF333E87AC973E299D2132D92580.d.1931A26573872DF24AC72CD49E087053.e.17506"},"getText",[]]}
RESULT: {"script":"<script> [6424 bytes]","args":[{"element-6066-11e4-a52e-4f735466cecf":"f.8627BF333E87AC973E299D2132D92580.d.1931A26573872DF24AC72CD49E087053.e.17506"},"getText",[]]}
COMMAND: POST /session/2f3a3ed30178fd4b3e43ef29d6279727/execute/async - {"script":"<script> [1562 bytes]","args":[{"selector":{"controlType":"sap.ui.core.Icon","viewName":"etm.portal.ui.managestatesandperformance.view.Master","viewId":"application-managestatesandperformance-display-component---stateAndPerform","properties":{"src":{"regex":{"source":"slim\\-arrow\\-right"}}}},"wdio_ui5_key":"etmportal.ui.managestatesandperformance.view.Mastersap.ui.core.Icon{\"src\":{\"regex\":{\"source\":\"slim\\\\-arrow\\\\-right\"}}}"}]}
RESULT: {"script":"<script> [1562 bytes]","args":[{"selector":{"controlType":"sap.ui.core.Icon","viewName":"etm.portal.ui.managestatesandperformance.view.Master","viewId":"application-managestatesandperformance-display-component---stateAndPerform","properties":{"src":{"regex":{"source":"slim\\-arrow\\-right"}}}},"wdio_ui5_key":"etmportal.ui.managestatesandperformance.view.Mastersap.ui.core.Icon{\"src\":{\"regex\":{\"source\":\"slim\\\\-arrow\\\\-right\"}}}"}]}
RESULT: undefined
COMMAND: POST /session/2f3a3ed30178fd4b3e43ef29d6279727/element - {"using":"xpath","value":"//*[@id=\"__item3856-__clone6642-imgNav\"]"}
RESULT: {"using":"xpath","value":"//*[@id=\"__item3856-__clone6642-imgNav\"]"}
COMMAND: POST /session/2f3a3ed30178fd4b3e43ef29d6279727/element/f.8627BF333E87AC973E299D2132D92580.d.1931A26573872DF24AC72CD49E087053.e.17505/click - {}
RESULT: {}
COMMAND: GET /session/2f3a3ed30178fd4b3e43ef29d6279727/screenshot - {}
RESULT: {}
COMMAND: POST /session/2f3a3ed30178fd4b3e43ef29d6279727/execute/async - {"script":"<script> [1562 bytes]","args":[{"selector":{"controlType":"sap.m.Button","viewName":"etm.portal.ui.managestatesandperformance.view.Detail","viewId":"application-managestatesandperformance-display-component---detailStateAndPerform","properties":{"text":"Performance Documents"}},"wdio_ui5_key":"etmportal.ui.managestatesandperformance.view.Detailsap.m.Button{\"text\":\"Performance Documents\"}"}]}
RESULT: {"script":"<script> [1562 bytes]","args":[{"selector":{"controlType":"sap.m.Button","viewName":"etm.portal.ui.managestatesandperformance.view.Detail","viewId":"application-managestatesandperformance-display-component---detailStateAndPerform","properties":{"text":"Performance Documents"}},"wdio_ui5_key":"etmportal.ui.managestatesandperformance.view.Detailsap.m.Button{\"text\":\"Performance Documents\"}"}]}
RESULT: undefined
COMMAND: POST /session/2f3a3ed30178fd4b3e43ef29d6279727/element - {"using":"xpath","value":"//*[@id=\"__item3879-button\"]"}
RESULT: {"using":"xpath","value":"//*[@id=\"__item3879-button\"]"}
COMMAND: POST /session/2f3a3ed30178fd4b3e43ef29d6279727/element/f.8627BF333E87AC973E299D2132D92580.d.1931A26573872DF24AC72CD49E087053.e.17552/click - {}
RESULT: {}
COMMAND: POST /session/2f3a3ed30178fd4b3e43ef29d6279727/execute/async - {"script":"<script> [1562 bytes]","args":[{"selector":{"controlType":"sap.m.Button","viewName":"etm.portal.ui.managestatesandperformance.view.Detail","viewId":"application-managestatesandperformance-display-component---detailStateAndPerform","i18NText":{"propertyName":"text","key":"createPerformanceDoc"},"interaction":{"idSuffix":"BDI-content"}},"wdio_ui5_key":"etmportal.ui.managestatesandperformance.view.Detailsap.m.Button{\"propertyName\":\"text\",\"key\":\"createPerformanceDoc\"}"}]}
COMMAND: GET /session/2f3a3ed30178fd4b3e43ef29d6279727/screenshot - {}
RESULT: {"script":"<script> [1562 bytes]","args":[{"selector":{"controlType":"sap.m.Button","viewName":"etm.portal.ui.managestatesandperformance.view.Detail","viewId":"application-managestatesandperformance-display-component---detailStateAndPerform","i18NText":{"propertyName":"text","key":"createPerformanceDoc"},"interaction":{"idSuffix":"BDI-content"}},"wdio_ui5_key":"etmportal.ui.managestatesandperformance.view.Detailsap.m.Button{\"propertyName\":\"text\",\"key\":\"createPerformanceDoc\"}"}]}
RESULT: undefined
COMMAND: POST /session/2f3a3ed30178fd4b3e43ef29d6279727/element - {"using":"xpath","value":"//*[@id=\"__button369\"]"}
RESULT: {}
RESULT: {"using":"xpath","value":"//*[@id=\"__button369\"]"}
COMMAND: POST /session/2f3a3ed30178fd4b3e43ef29d6279727/element/f.8627BF333E87AC973E299D2132D92580.d.1931A26573872DF24AC72CD49E087053.e.17556/click - {}
RESULT: {}
COMMAND: POST /session/2f3a3ed30178fd4b3e43ef29d6279727/execute/async - {"script":"<script> [1562 bytes]","args":[{"selector":{"id":"application-managestatesandperformance-display-component---detailStateAndPerform--perfDocDatePicker","searchOpenDialogs":true,"interaction":{"idSuffix":"inner"}},"wdio_ui5_key":"applicationmanagestatesandperformance-display-component---detailStateAndPerform--perfDocDatePicker"}]}
COMMAND: GET /session/2f3a3ed30178fd4b3e43ef29d6279727/screenshot - {}
RESULT: {"script":"<script> [1562 bytes]","args":[{"selector":{"id":"application-managestatesandperformance-display-component---detailStateAndPerform--perfDocDatePicker","searchOpenDialogs":true,"interaction":{"idSuffix":"inner"}},"wdio_ui5_key":"applicationmanagestatesandperformance-display-component---detailStateAndPerform--perfDocDatePicker"}]}
RESULT: undefined
COMMAND: POST /session/2f3a3ed30178fd4b3e43ef29d6279727/execute/async - {"script":"<script> [776 bytes]","args":[{"enterText":"04/25/25","selector":{"id":"application-managestatesandperformance-display-component---detailStateAndPerform--perfDocDatePicker","searchOpenDialogs":true,"interaction":{"idSuffix":"inner"}},"clearTextFirst":true,"interactionType":"ENTER_TEXT"}]}
RESULT: {}
RESULT: {"script":"<script> [776 bytes]","args":[{"enterText":"04/25/25","selector":{"id":"application-managestatesandperformance-display-component---detailStateAndPerform--perfDocDatePicker","searchOpenDialogs":true,"interaction":{"idSuffix":"inner"}},"clearTextFirst":true,"interactionType":"ENTER_TEXT"}]}
COMMAND: POST /session/2f3a3ed30178fd4b3e43ef29d6279727/execute/async - {"script":"<script> [1562 bytes]","args":[{"selector":{"id":"application-managestatesandperformance-display-component---detailStateAndPerform--counterValue-input","searchOpenDialogs":true,"interaction":{"idSuffix":"inner"}},"wdio_ui5_key":"applicationmanagestatesandperformance-display-component---detailStateAndPerform--counterValue-input"}]}
RESULT: {"script":"<script> [1562 bytes]","args":[{"selector":{"id":"application-managestatesandperformance-display-component---detailStateAndPerform--counterValue-input","searchOpenDialogs":true,"interaction":{"idSuffix":"inner"}},"wdio_ui5_key":"applicationmanagestatesandperformance-display-component---detailStateAndPerform--counterValue-input"}]}
RESULT: undefined
COMMAND: POST /session/2f3a3ed30178fd4b3e43ef29d6279727/execute/async - {"script":"<script> [776 bytes]","args":[{"enterText":"15.00","selector":{"id":"application-managestatesandperformance-display-component---detailStateAndPerform--counterValue-input","searchOpenDialogs":true,"interaction":{"idSuffix":"inner"}},"clearTextFirst":true,"interactionType":"ENTER_TEXT"}]}
RESULT: {"script":"<script> [776 bytes]","args":[{"enterText":"15.00","selector":{"id":"application-managestatesandperformance-display-component---detailStateAndPerform--counterValue-input","searchOpenDialogs":true,"interaction":{"idSuffix":"inner"}},"clearTextFirst":true,"interactionType":"ENTER_TEXT"}]}
COMMAND: POST /session/2f3a3ed30178fd4b3e43ef29d6279727/execute/async - {"script":"<script> [1562 bytes]","args":[{"selector":{"controlType":"sap.m.Button","viewName":"etm.portal.ui.managestatesandperformance.view.Detail","viewId":"application-managestatesandperformance-display-component---detailStateAndPerform","bindingPath":{"path":"","propertyPath":"/allowAddEdit","modelName":"oScreenModel"},"searchOpenDialogs":true,"interaction":{"idSuffix":"BDI-content"}},"wdio_ui5_key":"etmportal.ui.managestatesandperformance.view.Detailsap.m.Button{\"path\":\"\",\"propertyPath\":\"/allowAddEdit\",\"modelName\":\"oScreenModel\"}"}]}
RESULT: {"script":"<script> [1562 bytes]","args":[{"selector":{"controlType":"sap.m.Button","viewName":"etm.portal.ui.managestatesandperformance.view.Detail","viewId":"application-managestatesandperformance-display-component---detailStateAndPerform","bindingPath":{"path":"","propertyPath":"/allowAddEdit","modelName":"oScreenModel"},"searchOpenDialogs":true,"interaction":{"idSuffix":"BDI-content"}},"wdio_ui5_key":"etmportal.ui.managestatesandperformance.view.Detailsap.m.Button{\"path\":\"\",\"propertyPath\":\"/allowAddEdit\",\"modelName\":\"oScreenModel\"}"}]}
RESULT: undefined
COMMAND: POST /session/2f3a3ed30178fd4b3e43ef29d6279727/element - {"using":"xpath","value":"//*[@id=\"__button376\"]"}
RESULT: {"using":"xpath","value":"//*[@id=\"__button376\"]"}
COMMAND: POST /session/2f3a3ed30178fd4b3e43ef29d6279727/element/f.8627BF333E87AC973E299D2132D92580.d.1931A26573872DF24AC72CD49E087053.e.17576/click - {}
RESULT: {}
RESULT: undefined
COMMAND: POST /session/2f3a3ed30178fd4b3e43ef29d6279727/element - {"using":"xpath","value":"//*[@id=\"__button369\"]"}
COMMAND: GET /session/2f3a3ed30178fd4b3e43ef29d6279727/screenshot - {}
RESULT: {"using":"xpath","value":"//*[@id=\"__button369\"]"}
COMMAND: POST /session/2f3a3ed30178fd4b3e43ef29d6279727/element/f.8627BF333E87AC973E299D2132D92580.d.1931A26573872DF24AC72CD49E087053.e.17556/click - {}
RESULT: {}
RESULT: {}
RESULT: undefined
COMMAND: POST /session/2f3a3ed30178fd4b3e43ef29d6279727/execute/async - {"script":"<script> [776 bytes]","args":[{"enterText":"04/29/25","selector":{"id":"application-managestatesandperformance-display-component---detailStateAndPerform--perfDocDatePicker","searchOpenDialogs":true,"interaction":{"idSuffix":"inner"}},"clearTextFirst":true,"interactionType":"ENTER_TEXT"}]}
COMMAND: GET /session/2f3a3ed30178fd4b3e43ef29d6279727/screenshot - {}
RESULT: {"script":"<script> [776 bytes]","args":[{"enterText":"04/29/25","selector":{"id":"application-managestatesandperformance-display-component---detailStateAndPerform--perfDocDatePicker","searchOpenDialogs":true,"interaction":{"idSuffix":"inner"}},"clearTextFirst":true,"interactionType":"ENTER_TEXT"}]}
RESULT: undefined
COMMAND: POST /session/2f3a3ed30178fd4b3e43ef29d6279727/execute/async - {"script":"<script> [776 bytes]","args":[{"enterText":"20.00","selector":{"id":"application-managestatesandperformance-display-component---detailStateAndPerform--counterValue-input","searchOpenDialogs":true,"interaction":{"idSuffix":"inner"}},"clearTextFirst":true,"interactionType":"ENTER_TEXT"}]}
RESULT: {}
RESULT: {"script":"<script> [776 bytes]","args":[{"enterText":"20.00","selector":{"id":"application-managestatesandperformance-display-component---detailStateAndPerform--counterValue-input","searchOpenDialogs":true,"interaction":{"idSuffix":"inner"}},"clearTextFirst":true,"interactionType":"ENTER_TEXT"}]}
COMMAND: POST /session/2f3a3ed30178fd4b3e43ef29d6279727/actions - {"actions":[{"id":"action60","type":"key","parameters":{},"actions":[{"type":"keyDown","value":""},{"type":"keyDown","value":""},{"type":"pause","duration":10},{"type":"keyUp","value":""},{"type":"keyUp","value":""}]}]}
RESULT: {"actions":[{"id":"action60","type":"key","parameters":{},"actions":[{"type":"keyDown","value":""},{"type":"keyDown","value":""},{"type":"pause","duration":10},{"type":"keyUp","value":""},{"type":"keyUp","value":""}]}]}
COMMAND: POST /session/2f3a3ed30178fd4b3e43ef29d6279727/actions - {"actions":[{"id":"action61","type":"key","parameters":{},"actions":[{"type":"keyDown","value":""},{"type":"pause","duration":10},{"type":"keyUp","value":""}]}]}
COMMAND: GET /session/2f3a3ed30178fd4b3e43ef29d6279727/screenshot - {}
RESULT: {"actions":[{"id":"action61","type":"key","parameters":{},"actions":[{"type":"keyDown","value":""},{"type":"pause","duration":10},{"type":"keyUp","value":""}]}]}
RESULT: undefined
COMMAND: POST /session/2f3a3ed30178fd4b3e43ef29d6279727/element - {"using":"xpath","value":"//*[@id=\"__button376\"]"}
COMMAND: GET /session/2f3a3ed30178fd4b3e43ef29d6279727/screenshot - {}
RESULT: {}
RESULT: {"using":"xpath","value":"//*[@id=\"__button376\"]"}
COMMAND: POST /session/2f3a3ed30178fd4b3e43ef29d6279727/elements - {"using":"xpath","value":"//*[@id=\"__button376\"]"}
RESULT: {}
RESULT: {"using":"xpath","value":"//*[@id=\"__button376\"]"}
COMMAND: POST /session/2f3a3ed30178fd4b3e43ef29d6279727/elements - {"using":"xpath","value":"//*[@id=\"__button376\"]"}
RESULT: {"using":"xpath","value":"//*[@id=\"__button376\"]"}
COMMAND: POST /session/2f3a3ed30178fd4b3e43ef29d6279727/elements - {"using":"xpath","value":"//*[@id=\"__button376\"]"}
RESULT: {"using":"xpath","value":"//*[@id=\"__button376\"]"}
COMMAND: POST /session/2f3a3ed30178fd4b3e43ef29d6279727/elements - {"using":"xpath","value":"//*[@id=\"__button376\"]"}
RESULT: {"using":"xpath","value":"//*[@id=\"__button376\"]"}
COMMAND: POST /session/2f3a3ed30178fd4b3e43ef29d6279727/elements - {"using":"xpath","value":"//*[@id=\"__button376\"]"}
RESULT: {"using":"xpath","value":"//*[@id=\"__button376\"]"}
COMMAND: POST /session/2f3a3ed30178fd4b3e43ef29d6279727/elements - {"using":"xpath","value":"//*[@id=\"__button376\"]"}
RESULT: {"using":"xpath","value":"//*[@id=\"__button376\"]"}
COMMAND: POST /session/2f3a3ed30178fd4b3e43ef29d6279727/elements - {"using":"xpath","value":"//*[@id=\"__button376\"]"}
RESULT: {"using":"xpath","value":"//*[@id=\"__button376\"]"}
COMMAND: POST /session/2f3a3ed30178fd4b3e43ef29d6279727/elements - {"using":"xpath","value":"//*[@id=\"__button376\"]"}
RESULT: {"using":"xpath","value":"//*[@id=\"__button376\"]"}
COMMAND: POST /session/2f3a3ed30178fd4b3e43ef29d6279727/elements - {"using":"xpath","value":"//*[@id=\"__button376\"]"}
RESULT: {"using":"xpath","value":"//*[@id=\"__button376\"]"}
COMMAND: POST /session/2f3a3ed30178fd4b3e43ef29d6279727/elements - {"using":"xpath","value":"//*[@id=\"__button376\"]"}
RESULT: {"using":"xpath","value":"//*[@id=\"__button376\"]"}
COMMAND: POST /session/2f3a3ed30178fd4b3e43ef29d6279727/elements - {"using":"xpath","value":"//*[@id=\"__button376\"]"}
RESULT: {"using":"xpath","value":"//*[@id=\"__button376\"]"}
COMMAND: POST /session/2f3a3ed30178fd4b3e43ef29d6279727/elements - {"using":"xpath","value":"//*[@id=\"__button376\"]"}
RESULT: {"using":"xpath","value":"//*[@id=\"__button376\"]"}
COMMAND: POST /session/2f3a3ed30178fd4b3e43ef29d6279727/elements - {"using":"xpath","value":"//*[@id=\"__button376\"]"}
RESULT: {"using":"xpath","value":"//*[@id=\"__button376\"]"}
COMMAND: POST /session/2f3a3ed30178fd4b3e43ef29d6279727/elements - {"using":"xpath","value":"//*[@id=\"__button376\"]"}
RESULT: {"using":"xpath","value":"//*[@id=\"__button376\"]"}
COMMAND: POST /session/2f3a3ed30178fd4b3e43ef29d6279727/elements - {"using":"xpath","value":"//*[@id=\"__button376\"]"}
RESULT: {"using":"xpath","value":"//*[@id=\"__button376\"]"}
COMMAND: POST /session/2f3a3ed30178fd4b3e43ef29d6279727/elements - {"using":"xpath","value":"//*[@id=\"__button376\"]"}
RESULT: {"using":"xpath","value":"//*[@id=\"__button376\"]"}
COMMAND: POST /session/2f3a3ed30178fd4b3e43ef29d6279727/elements - {"using":"xpath","value":"//*[@id=\"__button376\"]"}
RESULT: {"using":"xpath","value":"//*[@id=\"__button376\"]"}
COMMAND: POST /session/2f3a3ed30178fd4b3e43ef29d6279727/elements - {"using":"xpath","value":"//*[@id=\"__button376\"]"}
RESULT: {"using":"xpath","value":"//*[@id=\"__button376\"]"}
COMMAND: POST /session/2f3a3ed30178fd4b3e43ef29d6279727/elements - {"using":"xpath","value":"//*[@id=\"__button376\"]"}
RESULT: {"using":"xpath","value":"//*[@id=\"__button376\"]"}
COMMAND: POST /session/2f3a3ed30178fd4b3e43ef29d6279727/elements - {"using":"xpath","value":"//*[@id=\"__button376\"]"}
RESULT: {"using":"xpath","value":"//*[@id=\"__button376\"]"}
COMMAND: POST /session/2f3a3ed30178fd4b3e43ef29d6279727/elements - {"using":"xpath","value":"//*[@id=\"__button376\"]"}
RESULT: {"using":"xpath","value":"//*[@id=\"__button376\"]"}
COMMAND: POST /session/2f3a3ed30178fd4b3e43ef29d6279727/elements - {"using":"xpath","value":"//*[@id=\"__button376\"]"}
RESULT: {"using":"xpath","value":"//*[@id=\"__button376\"]"}
COMMAND: POST /session/2f3a3ed30178fd4b3e43ef29d6279727/elements - {"using":"xpath","value":"//*[@id=\"__button376\"]"}
RESULT: {"using":"xpath","value":"//*[@id=\"__button376\"]"}
COMMAND: POST /session/2f3a3ed30178fd4b3e43ef29d6279727/elements - {"using":"xpath","value":"//*[@id=\"__button376\"]"}
RESULT: {"using":"xpath","value":"//*[@id=\"__button376\"]"}
COMMAND: POST /session/2f3a3ed30178fd4b3e43ef29d6279727/elements - {"using":"xpath","value":"//*[@id=\"__button376\"]"}
RESULT: {"using":"xpath","value":"//*[@id=\"__button376\"]"}
COMMAND: POST /session/2f3a3ed30178fd4b3e43ef29d6279727/elements - {"using":"xpath","value":"//*[@id=\"__button376\"]"}
RESULT: {"using":"xpath","value":"//*[@id=\"__button376\"]"}
COMMAND: POST /session/2f3a3ed30178fd4b3e43ef29d6279727/elements - {"using":"xpath","value":"//*[@id=\"__button376\"]"}
RESULT: {"using":"xpath","value":"//*[@id=\"__button376\"]"}
COMMAND: POST /session/2f3a3ed30178fd4b3e43ef29d6279727/elements - {"using":"xpath","value":"//*[@id=\"__button376\"]"}
RESULT: {"using":"xpath","value":"//*[@id=\"__button376\"]"}
COMMAND: POST /session/2f3a3ed30178fd4b3e43ef29d6279727/elements - {"using":"xpath","value":"//*[@id=\"__button376\"]"}
RESULT: {"using":"xpath","value":"//*[@id=\"__button376\"]"}
COMMAND: POST /session/2f3a3ed30178fd4b3e43ef29d6279727/elements - {"using":"xpath","value":"//*[@id=\"__button376\"]"}
RESULT: {"using":"xpath","value":"//*[@id=\"__button376\"]"}
COMMAND: POST /session/2f3a3ed30178fd4b3e43ef29d6279727/elements - {"using":"xpath","value":"//*[@id=\"__button376\"]"}
RESULT: {"using":"xpath","value":"//*[@id=\"__button376\"]"}
COMMAND: POST /session/2f3a3ed30178fd4b3e43ef29d6279727/elements - {"using":"xpath","value":"//*[@id=\"__button376\"]"}
RESULT: {"using":"xpath","value":"//*[@id=\"__button376\"]"}
COMMAND: POST /session/2f3a3ed30178fd4b3e43ef29d6279727/elements - {"using":"xpath","value":"//*[@id=\"__button376\"]"}
RESULT: {"using":"xpath","value":"//*[@id=\"__button376\"]"}
COMMAND: POST /session/2f3a3ed30178fd4b3e43ef29d6279727/elements - {"using":"xpath","value":"//*[@id=\"__button376\"]"}
RESULT: {"using":"xpath","value":"//*[@id=\"__button376\"]"}
COMMAND: POST /session/2f3a3ed30178fd4b3e43ef29d6279727/elements - {"using":"xpath","value":"//*[@id=\"__button376\"]"}
RESULT: {"using":"xpath","value":"//*[@id=\"__button376\"]"}
COMMAND: POST /session/2f3a3ed30178fd4b3e43ef29d6279727/elements - {"using":"xpath","value":"//*[@id=\"__button376\"]"}
RESULT: {"using":"xpath","value":"//*[@id=\"__button376\"]"}
COMMAND: POST /session/2f3a3ed30178fd4b3e43ef29d6279727/elements - {"using":"xpath","value":"//*[@id=\"__button376\"]"}
RESULT: {"using":"xpath","value":"//*[@id=\"__button376\"]"}
COMMAND: POST /session/2f3a3ed30178fd4b3e43ef29d6279727/elements - {"using":"xpath","value":"//*[@id=\"__button376\"]"}
RESULT: {"using":"xpath","value":"//*[@id=\"__button376\"]"}
COMMAND: POST /session/2f3a3ed30178fd4b3e43ef29d6279727/elements - {"using":"xpath","value":"//*[@id=\"__button376\"]"}
RESULT: {"using":"xpath","value":"//*[@id=\"__button376\"]"}
COMMAND: POST /session/2f3a3ed30178fd4b3e43ef29d6279727/elements - {"using":"xpath","value":"//*[@id=\"__button376\"]"}
RESULT: {"using":"xpath","value":"//*[@id=\"__button376\"]"}
COMMAND: POST /session/2f3a3ed30178fd4b3e43ef29d6279727/elements - {"using":"xpath","value":"//*[@id=\"__button376\"]"}
RESULT: {"using":"xpath","value":"//*[@id=\"__button376\"]"}
COMMAND: POST /session/2f3a3ed30178fd4b3e43ef29d6279727/elements - {"using":"xpath","value":"//*[@id=\"__button376\"]"}
RESULT: {"using":"xpath","value":"//*[@id=\"__button376\"]"}
COMMAND: POST /session/2f3a3ed30178fd4b3e43ef29d6279727/elements - {"using":"xpath","value":"//*[@id=\"__button376\"]"}
RESULT: {"using":"xpath","value":"//*[@id=\"__button376\"]"}
COMMAND: POST /session/2f3a3ed30178fd4b3e43ef29d6279727/elements - {"using":"xpath","value":"//*[@id=\"__button376\"]"}
RESULT: {"using":"xpath","value":"//*[@id=\"__button376\"]"}
COMMAND: POST /session/2f3a3ed30178fd4b3e43ef29d6279727/elements - {"using":"xpath","value":"//*[@id=\"__button376\"]"}
RESULT: {"using":"xpath","value":"//*[@id=\"__button376\"]"}
COMMAND: POST /session/2f3a3ed30178fd4b3e43ef29d6279727/elements - {"using":"xpath","value":"//*[@id=\"__button376\"]"}
RESULT: {"using":"xpath","value":"//*[@id=\"__button376\"]"}
COMMAND: POST /session/2f3a3ed30178fd4b3e43ef29d6279727/elements - {"using":"xpath","value":"//*[@id=\"__button376\"]"}
RESULT: {"using":"xpath","value":"//*[@id=\"__button376\"]"}
COMMAND: POST /session/2f3a3ed30178fd4b3e43ef29d6279727/elements - {"using":"xpath","value":"//*[@id=\"__button376\"]"}
RESULT: {"using":"xpath","value":"//*[@id=\"__button376\"]"}
COMMAND: POST /session/2f3a3ed30178fd4b3e43ef29d6279727/elements - {"using":"xpath","value":"//*[@id=\"__button376\"]"}
RESULT: {"using":"xpath","value":"//*[@id=\"__button376\"]"}
COMMAND: POST /session/2f3a3ed30178fd4b3e43ef29d6279727/elements - {"using":"xpath","value":"//*[@id=\"__button376\"]"}
RESULT: {"using":"xpath","value":"//*[@id=\"__button376\"]"}
COMMAND: POST /session/2f3a3ed30178fd4b3e43ef29d6279727/elements - {"using":"xpath","value":"//*[@id=\"__button376\"]"}
RESULT: {"using":"xpath","value":"//*[@id=\"__button376\"]"}
COMMAND: POST /session/2f3a3ed30178fd4b3e43ef29d6279727/elements - {"using":"xpath","value":"//*[@id=\"__button376\"]"}
RESULT: {"using":"xpath","value":"//*[@id=\"__button376\"]"}
COMMAND: POST /session/2f3a3ed30178fd4b3e43ef29d6279727/elements - {"using":"xpath","value":"//*[@id=\"__button376\"]"}
RESULT: {"using":"xpath","value":"//*[@id=\"__button376\"]"}
COMMAND: POST /session/2f3a3ed30178fd4b3e43ef29d6279727/elements - {"using":"xpath","value":"//*[@id=\"__button376\"]"}
RESULT: {"using":"xpath","value":"//*[@id=\"__button376\"]"}
COMMAND: POST /session/2f3a3ed30178fd4b3e43ef29d6279727/elements - {"using":"xpath","value":"//*[@id=\"__button376\"]"}
RESULT: {"using":"xpath","value":"//*[@id=\"__button376\"]"}
COMMAND: POST /session/2f3a3ed30178fd4b3e43ef29d6279727/elements - {"using":"xpath","value":"//*[@id=\"__button376\"]"}
RESULT: {"using":"xpath","value":"//*[@id=\"__button376\"]"}
COMMAND: POST /session/2f3a3ed30178fd4b3e43ef29d6279727/elements - {"using":"xpath","value":"//*[@id=\"__button376\"]"}
RESULT: {"using":"xpath","value":"//*[@id=\"__button376\"]"}
COMMAND: POST /session/2f3a3ed30178fd4b3e43ef29d6279727/elements - {"using":"xpath","value":"//*[@id=\"__button376\"]"}
RESULT: {"using":"xpath","value":"//*[@id=\"__button376\"]"}
COMMAND: POST /session/2f3a3ed30178fd4b3e43ef29d6279727/elements - {"using":"xpath","value":"//*[@id=\"__button376\"]"}
RESULT: {"using":"xpath","value":"//*[@id=\"__button376\"]"}
COMMAND: POST /session/2f3a3ed30178fd4b3e43ef29d6279727/elements - {"using":"xpath","value":"//*[@id=\"__button376\"]"}
RESULT: {"using":"xpath","value":"//*[@id=\"__button376\"]"}
COMMAND: POST /session/2f3a3ed30178fd4b3e43ef29d6279727/elements - {"using":"xpath","value":"//*[@id=\"__button376\"]"}
RESULT: {"using":"xpath","value":"//*[@id=\"__button376\"]"}
COMMAND: POST /session/2f3a3ed30178fd4b3e43ef29d6279727/elements - {"using":"xpath","value":"//*[@id=\"__button376\"]"}
RESULT: {"using":"xpath","value":"//*[@id=\"__button376\"]"}
COMMAND: POST /session/2f3a3ed30178fd4b3e43ef29d6279727/elements - {"using":"xpath","value":"//*[@id=\"__button376\"]"}
RESULT: {"using":"xpath","value":"//*[@id=\"__button376\"]"}
COMMAND: POST /session/2f3a3ed30178fd4b3e43ef29d6279727/elements - {"using":"xpath","value":"//*[@id=\"__button376\"]"}
RESULT: {"using":"xpath","value":"//*[@id=\"__button376\"]"}
COMMAND: POST /session/2f3a3ed30178fd4b3e43ef29d6279727/elements - {"using":"xpath","value":"//*[@id=\"__button376\"]"}
RESULT: {"using":"xpath","value":"//*[@id=\"__button376\"]"}
COMMAND: POST /session/2f3a3ed30178fd4b3e43ef29d6279727/elements - {"using":"xpath","value":"//*[@id=\"__button376\"]"}
RESULT: {"using":"xpath","value":"//*[@id=\"__button376\"]"}
COMMAND: POST /session/2f3a3ed30178fd4b3e43ef29d6279727/elements - {"using":"xpath","value":"//*[@id=\"__button376\"]"}
RESULT: {"using":"xpath","value":"//*[@id=\"__button376\"]"}
COMMAND: POST /session/2f3a3ed30178fd4b3e43ef29d6279727/elements - {"using":"xpath","value":"//*[@id=\"__button376\"]"}
RESULT: {"using":"xpath","value":"//*[@id=\"__button376\"]"}
COMMAND: POST /session/2f3a3ed30178fd4b3e43ef29d6279727/elements - {"using":"xpath","value":"//*[@id=\"__button376\"]"}
RESULT: {"using":"xpath","value":"//*[@id=\"__button376\"]"}
COMMAND: POST /session/2f3a3ed30178fd4b3e43ef29d6279727/elements - {"using":"xpath","value":"//*[@id=\"__button376\"]"}
RESULT: {"using":"xpath","value":"//*[@id=\"__button376\"]"}
COMMAND: POST /session/2f3a3ed30178fd4b3e43ef29d6279727/elements - {"using":"xpath","value":"//*[@id=\"__button376\"]"}
RESULT: {"using":"xpath","value":"//*[@id=\"__button376\"]"}
COMMAND: POST /session/2f3a3ed30178fd4b3e43ef29d6279727/elements - {"using":"xpath","value":"//*[@id=\"__button376\"]"}
RESULT: {"using":"xpath","value":"//*[@id=\"__button376\"]"}
COMMAND: POST /session/2f3a3ed30178fd4b3e43ef29d6279727/elements - {"using":"xpath","value":"//*[@id=\"__button376\"]"}
RESULT: {"using":"xpath","value":"//*[@id=\"__button376\"]"}
COMMAND: POST /session/2f3a3ed30178fd4b3e43ef29d6279727/elements - {"using":"xpath","value":"//*[@id=\"__button376\"]"}
RESULT: {"using":"xpath","value":"//*[@id=\"__button376\"]"}
COMMAND: POST /session/2f3a3ed30178fd4b3e43ef29d6279727/elements - {"using":"xpath","value":"//*[@id=\"__button376\"]"}
RESULT: {"using":"xpath","value":"//*[@id=\"__button376\"]"}
COMMAND: POST /session/2f3a3ed30178fd4b3e43ef29d6279727/elements - {"using":"xpath","value":"//*[@id=\"__button376\"]"}
RESULT: {"using":"xpath","value":"//*[@id=\"__button376\"]"}
COMMAND: POST /session/2f3a3ed30178fd4b3e43ef29d6279727/elements - {"using":"xpath","value":"//*[@id=\"__button376\"]"}
RESULT: {"using":"xpath","value":"//*[@id=\"__button376\"]"}
COMMAND: POST /session/2f3a3ed30178fd4b3e43ef29d6279727/elements - {"using":"xpath","value":"//*[@id=\"__button376\"]"}
RESULT: {"using":"xpath","value":"//*[@id=\"__button376\"]"}
COMMAND: POST /session/2f3a3ed30178fd4b3e43ef29d6279727/elements - {"using":"xpath","value":"//*[@id=\"__button376\"]"}
RESULT: {"using":"xpath","value":"//*[@id=\"__button376\"]"}
COMMAND: POST /session/2f3a3ed30178fd4b3e43ef29d6279727/elements - {"using":"xpath","value":"//*[@id=\"__button376\"]"}
RESULT: {"using":"xpath","value":"//*[@id=\"__button376\"]"}
COMMAND: POST /session/2f3a3ed30178fd4b3e43ef29d6279727/elements - {"using":"xpath","value":"//*[@id=\"__button376\"]"}
RESULT: {"using":"xpath","value":"//*[@id=\"__button376\"]"}
COMMAND: POST /session/2f3a3ed30178fd4b3e43ef29d6279727/elements - {"using":"xpath","value":"//*[@id=\"__button376\"]"}
RESULT: {"using":"xpath","value":"//*[@id=\"__button376\"]"}
COMMAND: POST /session/2f3a3ed30178fd4b3e43ef29d6279727/elements - {"using":"xpath","value":"//*[@id=\"__button376\"]"}
RESULT: {"using":"xpath","value":"//*[@id=\"__button376\"]"}
COMMAND: POST /session/2f3a3ed30178fd4b3e43ef29d6279727/elements - {"using":"xpath","value":"//*[@id=\"__button376\"]"}
RESULT: {"using":"xpath","value":"//*[@id=\"__button376\"]"}
COMMAND: POST /session/2f3a3ed30178fd4b3e43ef29d6279727/elements - {"using":"xpath","value":"//*[@id=\"__button376\"]"}
RESULT: {"using":"xpath","value":"//*[@id=\"__button376\"]"}
COMMAND: POST /session/2f3a3ed30178fd4b3e43ef29d6279727/elements - {"using":"xpath","value":"//*[@id=\"__button376\"]"}
RESULT: {"using":"xpath","value":"//*[@id=\"__button376\"]"}
COMMAND: POST /session/2f3a3ed30178fd4b3e43ef29d6279727/elements - {"using":"xpath","value":"//*[@id=\"__button376\"]"}
RESULT: {"using":"xpath","value":"//*[@id=\"__button376\"]"}
COMMAND: POST /session/2f3a3ed30178fd4b3e43ef29d6279727/elements - {"using":"xpath","value":"//*[@id=\"__button376\"]"}
RESULT: {"using":"xpath","value":"//*[@id=\"__button376\"]"}
COMMAND: POST /session/2f3a3ed30178fd4b3e43ef29d6279727/elements - {"using":"xpath","value":"//*[@id=\"__button376\"]"}
RESULT: {"using":"xpath","value":"//*[@id=\"__button376\"]"}
COMMAND: POST /session/2f3a3ed30178fd4b3e43ef29d6279727/elements - {"using":"xpath","value":"//*[@id=\"__button376\"]"}
RESULT: {"using":"xpath","value":"//*[@id=\"__button376\"]"}
COMMAND: POST /session/2f3a3ed30178fd4b3e43ef29d6279727/elements - {"using":"xpath","value":"//*[@id=\"__button376\"]"}
RESULT: {"using":"xpath","value":"//*[@id=\"__button376\"]"}
COMMAND: POST /session/2f3a3ed30178fd4b3e43ef29d6279727/elements - {"using":"xpath","value":"//*[@id=\"__button376\"]"}
RESULT: {"using":"xpath","value":"//*[@id=\"__button376\"]"}
COMMAND: POST /session/2f3a3ed30178fd4b3e43ef29d6279727/elements - {"using":"xpath","value":"//*[@id=\"__button376\"]"}
RESULT: {"using":"xpath","value":"//*[@id=\"__button376\"]"}
COMMAND: POST /session/2f3a3ed30178fd4b3e43ef29d6279727/elements - {"using":"xpath","value":"//*[@id=\"__button376\"]"}
RESULT: {"using":"xpath","value":"//*[@id=\"__button376\"]"}
COMMAND: POST /session/2f3a3ed30178fd4b3e43ef29d6279727/elements - {"using":"xpath","value":"//*[@id=\"__button376\"]"}
RESULT: {"using":"xpath","value":"//*[@id=\"__button376\"]"}
COMMAND: POST /session/2f3a3ed30178fd4b3e43ef29d6279727/elements - {"using":"xpath","value":"//*[@id=\"__button376\"]"}
RESULT: {"using":"xpath","value":"//*[@id=\"__button376\"]"}
COMMAND: POST /session/2f3a3ed30178fd4b3e43ef29d6279727/elements - {"using":"xpath","value":"//*[@id=\"__button376\"]"}
RESULT: {"using":"xpath","value":"//*[@id=\"__button376\"]"}
COMMAND: POST /session/2f3a3ed30178fd4b3e43ef29d6279727/elements - {"using":"xpath","value":"//*[@id=\"__button376\"]"}
RESULT: {"using":"xpath","value":"//*[@id=\"__button376\"]"}
COMMAND: POST /session/2f3a3ed30178fd4b3e43ef29d6279727/elements - {"using":"xpath","value":"//*[@id=\"__button376\"]"}
RESULT: {"using":"xpath","value":"//*[@id=\"__button376\"]"}
COMMAND: POST /session/2f3a3ed30178fd4b3e43ef29d6279727/elements - {"using":"xpath","value":"//*[@id=\"__button376\"]"}
RESULT: {"using":"xpath","value":"//*[@id=\"__button376\"]"}
COMMAND: POST /session/2f3a3ed30178fd4b3e43ef29d6279727/elements - {"using":"xpath","value":"//*[@id=\"__button376\"]"}
RESULT: {"using":"xpath","value":"//*[@id=\"__button376\"]"}
COMMAND: POST /session/2f3a3ed30178fd4b3e43ef29d6279727/elements - {"using":"xpath","value":"//*[@id=\"__button376\"]"}
RESULT: {"using":"xpath","value":"//*[@id=\"__button376\"]"}
COMMAND: POST /session/2f3a3ed30178fd4b3e43ef29d6279727/elements - {"using":"xpath","value":"//*[@id=\"__button376\"]"}
RESULT: {"using":"xpath","value":"//*[@id=\"__button376\"]"}
COMMAND: POST /session/2f3a3ed30178fd4b3e43ef29d6279727/elements - {"using":"xpath","value":"//*[@id=\"__button376\"]"}
RESULT: {"using":"xpath","value":"//*[@id=\"__button376\"]"}
COMMAND: POST /session/2f3a3ed30178fd4b3e43ef29d6279727/elements - {"using":"xpath","value":"//*[@id=\"__button376\"]"}
RESULT: {"using":"xpath","value":"//*[@id=\"__button376\"]"}
COMMAND: POST /session/2f3a3ed30178fd4b3e43ef29d6279727/elements - {"using":"xpath","value":"//*[@id=\"__button376\"]"}
RESULT: {"using":"xpath","value":"//*[@id=\"__button376\"]"}
COMMAND: POST /session/2f3a3ed30178fd4b3e43ef29d6279727/elements - {"using":"xpath","value":"//*[@id=\"__button376\"]"}
RESULT: {"using":"xpath","value":"//*[@id=\"__button376\"]"}
COMMAND: POST /session/2f3a3ed30178fd4b3e43ef29d6279727/elements - {"using":"xpath","value":"//*[@id=\"__button376\"]"}
RESULT: {"using":"xpath","value":"//*[@id=\"__button376\"]"}
COMMAND: POST /session/2f3a3ed30178fd4b3e43ef29d6279727/elements - {"using":"xpath","value":"//*[@id=\"__button376\"]"}
RESULT: {"using":"xpath","value":"//*[@id=\"__button376\"]"}
COMMAND: POST /session/2f3a3ed30178fd4b3e43ef29d6279727/elements - {"using":"xpath","value":"//*[@id=\"__button376\"]"}
RESULT: {"using":"xpath","value":"//*[@id=\"__button376\"]"}
COMMAND: POST /session/2f3a3ed30178fd4b3e43ef29d6279727/elements - {"using":"xpath","value":"//*[@id=\"__button376\"]"}
RESULT: {"using":"xpath","value":"//*[@id=\"__button376\"]"}
COMMAND: POST /session/2f3a3ed30178fd4b3e43ef29d6279727/elements - {"using":"xpath","value":"//*[@id=\"__button376\"]"}
RESULT: {"using":"xpath","value":"//*[@id=\"__button376\"]"}
COMMAND: POST /session/2f3a3ed30178fd4b3e43ef29d6279727/elements - {"using":"xpath","value":"//*[@id=\"__button376\"]"}
RESULT: {"using":"xpath","value":"//*[@id=\"__button376\"]"}
COMMAND: POST /session/2f3a3ed30178fd4b3e43ef29d6279727/elements - {"using":"xpath","value":"//*[@id=\"__button376\"]"}
RESULT: {"using":"xpath","value":"//*[@id=\"__button376\"]"}
COMMAND: POST /session/2f3a3ed30178fd4b3e43ef29d6279727/elements - {"using":"xpath","value":"//*[@id=\"__button376\"]"}
RESULT: {"using":"xpath","value":"//*[@id=\"__button376\"]"}
COMMAND: POST /session/2f3a3ed30178fd4b3e43ef29d6279727/elements - {"using":"xpath","value":"//*[@id=\"__button376\"]"}
RESULT: {"using":"xpath","value":"//*[@id=\"__button376\"]"}
COMMAND: POST /session/2f3a3ed30178fd4b3e43ef29d6279727/elements - {"using":"xpath","value":"//*[@id=\"__button376\"]"}
RESULT: {"using":"xpath","value":"//*[@id=\"__button376\"]"}
COMMAND: POST /session/2f3a3ed30178fd4b3e43ef29d6279727/elements - {"using":"xpath","value":"//*[@id=\"__button376\"]"}
RESULT: {"using":"xpath","value":"//*[@id=\"__button376\"]"}
COMMAND: POST /session/2f3a3ed30178fd4b3e43ef29d6279727/elements - {"using":"xpath","value":"//*[@id=\"__button376\"]"}
RESULT: {"using":"xpath","value":"//*[@id=\"__button376\"]"}
COMMAND: POST /session/2f3a3ed30178fd4b3e43ef29d6279727/elements - {"using":"xpath","value":"//*[@id=\"__button376\"]"}
RESULT: {"using":"xpath","value":"//*[@id=\"__button376\"]"}
COMMAND: POST /session/2f3a3ed30178fd4b3e43ef29d6279727/element - {"using":"css selector","value":"#shell-header-logo"}
RESULT: {"using":"css selector","value":"#shell-header-logo"}
COMMAND: POST /session/2f3a3ed30178fd4b3e43ef29d6279727/execute/sync - {"script":"<script> [8489 bytes]","args":[{"element-6066-11e4-a52e-4f735466cecf":"f.8627BF333E87AC973E299D2132D92580.d.1931A26573872DF24AC72CD49E087053.e.17404","ELEMENT":"f.8627BF333E87AC973E299D2132D92580.d.1931A26573872DF24AC72CD49E087053.e.17404"}]}
RESULT: {"script":"<script> [8489 bytes]","args":[{"element-6066-11e4-a52e-4f735466cecf":"f.8627BF333E87AC973E299D2132D92580.d.1931A26573872DF24AC72CD49E087053.e.17404","ELEMENT":"f.8627BF333E87AC973E299D2132D92580.d.1931A26573872DF24AC72CD49E087053.e.17404"}]}
COMMAND: POST /session/2f3a3ed30178fd4b3e43ef29d6279727/execute/sync - {"script":"<script> [5351 bytes]","args":[{"element-6066-11e4-a52e-4f735466cecf":"f.8627BF333E87AC973E299D2132D92580.d.1931A26573872DF24AC72CD49E087053.e.17404","ELEMENT":"f.8627BF333E87AC973E299D2132D92580.d.1931A26573872DF24AC72CD49E087053.e.17404"}]}
COMMAND: GET /session/2f3a3ed30178fd4b3e43ef29d6279727/screenshot - {}
RESULT: {"script":"<script> [5351 bytes]","args":[{"element-6066-11e4-a52e-4f735466cecf":"f.8627BF333E87AC973E299D2132D92580.d.1931A26573872DF24AC72CD49E087053.e.17404","ELEMENT":"f.8627BF333E87AC973E299D2132D92580.d.1931A26573872DF24AC72CD49E087053.e.17404"}]}
COMMAND: POST /session/2f3a3ed30178fd4b3e43ef29d6279727/element/f.8627BF333E87AC973E299D2132D92580.d.1931A26573872DF24AC72CD49E087053.e.17404/click - {}
COMMAND: GET /session/2f3a3ed30178fd4b3e43ef29d6279727/screenshot - {}
RESULT: {}
RESULT: {}
]]></system-out>
    </testcase>
    <testcase classname="chrome.135_0_7049_42.windows.Performance_based_billing_(work_days)_US139742" name="Should go to Manage Billings and trigger calculation check the conditions applied" time="54.339">
      <system-out><![CDATA[
COMMAND: GET /session/2f3a3ed30178fd4b3e43ef29d6279727/screenshot - {}
COMMAND: POST /session/2f3a3ed30178fd4b3e43ef29d6279727/execute/async - {"script":"<script> [1562 bytes]","args":[{"selector":{"controlType":"sap.m.GenericTile","properties":{"header":"Manage Billings"}},"wdio_ui5_key":"sapm.GenericTile{\"header\":\"Manage Billings\"}"}]}
RESULT: {}
RESULT: {}
RESULT: {"script":"<script> [1562 bytes]","args":[{"selector":{"controlType":"sap.m.GenericTile","properties":{"header":"Manage Billings"}},"wdio_ui5_key":"sapm.GenericTile{\"header\":\"Manage Billings\"}"}]}
RESULT: undefined
COMMAND: POST /session/2f3a3ed30178fd4b3e43ef29d6279727/element - {"using":"xpath","value":"//*[@id=\"__tile51\"]"}
RESULT: {"using":"xpath","value":"//*[@id=\"__tile51\"]"}
COMMAND: POST /session/2f3a3ed30178fd4b3e43ef29d6279727/element/f.8627BF333E87AC973E299D2132D92580.d.1931A26573872DF24AC72CD49E087053.e.13788/click - {}
RESULT: {}
COMMAND: GET /session/2f3a3ed30178fd4b3e43ef29d6279727/screenshot - {}
RESULT: {}
COMMAND: POST /session/2f3a3ed30178fd4b3e43ef29d6279727/execute/async - {"script":"<script> [1562 bytes]","args":[{"selector":{"id":"application-managebillings-display-component---billRunCalcResult--smartFilterBar-btnBasicSearch","interaction":{"idSuffix":"I"}},"wdio_ui5_key":"applicationmanagebillings-display-component---billRunCalcResult--smartFilterBar-btnBasicSearch"}]}
RESULT: {"script":"<script> [1562 bytes]","args":[{"selector":{"id":"application-managebillings-display-component---billRunCalcResult--smartFilterBar-btnBasicSearch","interaction":{"idSuffix":"I"}},"wdio_ui5_key":"applicationmanagebillings-display-component---billRunCalcResult--smartFilterBar-btnBasicSearch"}]}
RESULT: undefined
COMMAND: POST /session/2f3a3ed30178fd4b3e43ef29d6279727/execute/async - {"script":"<script> [776 bytes]","args":[{"enterText":"10626","selector":{"id":"application-managebillings-display-component---billRunCalcResult--smartFilterBar-btnBasicSearch","interaction":{"idSuffix":"I"}},"clearTextFirst":true,"interactionType":"ENTER_TEXT"}]}
RESULT: {"script":"<script> [776 bytes]","args":[{"enterText":"10626","selector":{"id":"application-managebillings-display-component---billRunCalcResult--smartFilterBar-btnBasicSearch","interaction":{"idSuffix":"I"}},"clearTextFirst":true,"interactionType":"ENTER_TEXT"}]}
COMMAND: POST /session/2f3a3ed30178fd4b3e43ef29d6279727/actions - {"actions":[{"id":"action62","type":"key","parameters":{},"actions":[{"type":"keyDown","value":""},{"type":"pause","duration":10},{"type":"keyUp","value":""}]}]}
RESULT: {"actions":[{"id":"action62","type":"key","parameters":{},"actions":[{"type":"keyDown","value":""},{"type":"pause","duration":10},{"type":"keyUp","value":""}]}]}
COMMAND: GET /session/2f3a3ed30178fd4b3e43ef29d6279727/screenshot - {}
RESULT: {}
COMMAND: POST /session/2f3a3ed30178fd4b3e43ef29d6279727/element - {"using":"xpath","value":"//td[@aria-colindex=\"1\"]/div/div[contains(@class, \"sapMCbBg\")]"}
RESULT: {"using":"xpath","value":"//td[@aria-colindex=\"1\"]/div/div[contains(@class, \"sapMCbBg\")]"}
COMMAND: POST /session/2f3a3ed30178fd4b3e43ef29d6279727/element/f.8627BF333E87AC973E299D2132D92580.d.1931A26573872DF24AC72CD49E087053.e.17805/click - {}
RESULT: {}
COMMAND: GET /session/2f3a3ed30178fd4b3e43ef29d6279727/screenshot - {}
RESULT: {}
COMMAND: POST /session/2f3a3ed30178fd4b3e43ef29d6279727/execute/async - {"script":"<script> [1562 bytes]","args":[{"selector":{"id":"application-managebillings-display-component---billRunCalcResult--contractBillRunDate","interaction":{"idSuffix":"inner"}},"wdio_ui5_key":"applicationmanagebillings-display-component---billRunCalcResult--contractBillRunDate"}]}
RESULT: {"script":"<script> [1562 bytes]","args":[{"selector":{"id":"application-managebillings-display-component---billRunCalcResult--contractBillRunDate","interaction":{"idSuffix":"inner"}},"wdio_ui5_key":"applicationmanagebillings-display-component---billRunCalcResult--contractBillRunDate"}]}
RESULT: undefined
COMMAND: POST /session/2f3a3ed30178fd4b3e43ef29d6279727/execute/async - {"script":"<script> [776 bytes]","args":[{"enterText":"05/23/25","selector":{"id":"application-managebillings-display-component---billRunCalcResult--contractBillRunDate","interaction":{"idSuffix":"inner"}},"clearTextFirst":true,"interactionType":"ENTER_TEXT"}]}
RESULT: {"script":"<script> [776 bytes]","args":[{"enterText":"05/23/25","selector":{"id":"application-managebillings-display-component---billRunCalcResult--contractBillRunDate","interaction":{"idSuffix":"inner"}},"clearTextFirst":true,"interactionType":"ENTER_TEXT"}]}
COMMAND: POST /session/2f3a3ed30178fd4b3e43ef29d6279727/element - {"using":"xpath","value":"//bdi[contains(text(), \"Trigger Calculation\")]"}
RESULT: {"using":"xpath","value":"//bdi[contains(text(), \"Trigger Calculation\")]"}
COMMAND: POST /session/2f3a3ed30178fd4b3e43ef29d6279727/element/f.8627BF333E87AC973E299D2132D92580.d.1931A26573872DF24AC72CD49E087053.e.17855/click - {}
RESULT: {}
COMMAND: GET /session/2f3a3ed30178fd4b3e43ef29d6279727/screenshot - {}
RESULT: {}
COMMAND: POST /session/2f3a3ed30178fd4b3e43ef29d6279727/element - {"using":"xpath","value":"(//span[contains(@id, \"imgNav\")])[1]"}
RESULT: {"using":"xpath","value":"(//span[contains(@id, \"imgNav\")])[1]"}
COMMAND: POST /session/2f3a3ed30178fd4b3e43ef29d6279727/element/f.8627BF333E87AC973E299D2132D92580.d.1931A26573872DF24AC72CD49E087053.e.17806/click - {}
RESULT: {}
COMMAND: GET /session/2f3a3ed30178fd4b3e43ef29d6279727/screenshot - {}
RESULT: {}
COMMAND: POST /session/2f3a3ed30178fd4b3e43ef29d6279727/element - {"using":"xpath","value":"//tr/td[6]/div[1]/span[1]/span[1]"}
RESULT: {"using":"xpath","value":"//tr/td[6]/div[1]/span[1]/span[1]"}
COMMAND: GET /session/2f3a3ed30178fd4b3e43ef29d6279727/element/f.8627BF333E87AC973E299D2132D92580.d.1931A26573872DF24AC72CD49E087053.e.17859/text - {}
RESULT: {}
COMMAND: POST /session/2f3a3ed30178fd4b3e43ef29d6279727/element - {"using":"xpath","value":"(//span[contains(@id, \"imgNav\")])[2]"}
RESULT: {"using":"xpath","value":"(//span[contains(@id, \"imgNav\")])[2]"}
COMMAND: POST /session/2f3a3ed30178fd4b3e43ef29d6279727/element/f.8627BF333E87AC973E299D2132D92580.d.1931A26573872DF24AC72CD49E087053.e.17860/click - {}
RESULT: {}
COMMAND: POST /session/2f3a3ed30178fd4b3e43ef29d6279727/element - {"using":"xpath","value":"//bdi[contains(text(), \"Business Confirm\")]"}
COMMAND: GET /session/2f3a3ed30178fd4b3e43ef29d6279727/screenshot - {}
RESULT: {"using":"xpath","value":"//bdi[contains(text(), \"Business Confirm\")]"}
COMMAND: POST /session/2f3a3ed30178fd4b3e43ef29d6279727/elements - {"using":"xpath","value":"//bdi[contains(text(), \"Business Confirm\")]"}
RESULT: {}
RESULT: {"using":"xpath","value":"//bdi[contains(text(), \"Business Confirm\")]"}
COMMAND: POST /session/2f3a3ed30178fd4b3e43ef29d6279727/elements - {"using":"xpath","value":"//bdi[contains(text(), \"Business Confirm\")]"}
RESULT: {"using":"xpath","value":"//bdi[contains(text(), \"Business Confirm\")]"}
COMMAND: POST /session/2f3a3ed30178fd4b3e43ef29d6279727/element - {"using":"xpath","value":"//bdi[contains(text(), \"Business Confirm\")]"}
RESULT: {"using":"xpath","value":"//bdi[contains(text(), \"Business Confirm\")]"}
COMMAND: POST /session/2f3a3ed30178fd4b3e43ef29d6279727/element/f.8627BF333E87AC973E299D2132D92580.d.1931A26573872DF24AC72CD49E087053.e.17893/click - {}
RESULT: {}
COMMAND: POST /session/2f3a3ed30178fd4b3e43ef29d6279727/element - {"using":"css selector","value":"#shell-header-logo"}
COMMAND: GET /session/2f3a3ed30178fd4b3e43ef29d6279727/screenshot - {}
RESULT: {"using":"css selector","value":"#shell-header-logo"}
COMMAND: POST /session/2f3a3ed30178fd4b3e43ef29d6279727/element/f.8627BF333E87AC973E299D2132D92580.d.1931A26573872DF24AC72CD49E087053.e.17591/click - {}
RESULT: {}
RESULT: {}
COMMAND: GET /session/2f3a3ed30178fd4b3e43ef29d6279727/screenshot - {}
RESULT: {}
COMMAND: POST /session/2f3a3ed30178fd4b3e43ef29d6279727/element - {"using":"css selector","value":"#j_username"}
COMMAND: POST /session/2f3a3ed30178fd4b3e43ef29d6279727/url - {"url":"https://qa-testing-00-live-etm-ui.cfapps.eu10-004.hana.ondemand.com/"}
RESULT: {"using":"css selector","value":"#j_username"}
COMMAND: POST /session/2f3a3ed30178fd4b3e43ef29d6279727/element - {"using":"css selector","value":"#j_username"}
RESULT: {"url":"https://qa-testing-00-live-etm-ui.cfapps.eu10-004.hana.ondemand.com/"}
RESULT: undefined
COMMAND: GET /session/2f3a3ed30178fd4b3e43ef29d6279727/screenshot - {}
RESULT: {"using":"css selector","value":"#j_username"}
COMMAND: POST /session/2f3a3ed30178fd4b3e43ef29d6279727/element - {"using":"css selector","value":"#shell-header-logo"}
RESULT: {}
RESULT: {"using":"css selector","value":"#shell-header-logo"}
COMMAND: POST /session/2f3a3ed30178fd4b3e43ef29d6279727/execute/sync - {"script":"<script> [8489 bytes]","args":[{"element-6066-11e4-a52e-4f735466cecf":"f.8627BF333E87AC973E299D2132D92580.d.A7E42BE7CDCDED8B1D0397F2B7DF3638.e.17926","ELEMENT":"f.8627BF333E87AC973E299D2132D92580.d.A7E42BE7CDCDED8B1D0397F2B7DF3638.e.17926"}]}
RESULT: {"script":"<script> [8489 bytes]","args":[{"element-6066-11e4-a52e-4f735466cecf":"f.8627BF333E87AC973E299D2132D92580.d.A7E42BE7CDCDED8B1D0397F2B7DF3638.e.17926","ELEMENT":"f.8627BF333E87AC973E299D2132D92580.d.A7E42BE7CDCDED8B1D0397F2B7DF3638.e.17926"}]}
COMMAND: POST /session/2f3a3ed30178fd4b3e43ef29d6279727/element - {"using":"css selector","value":"#shell-header-logo"}
COMMAND: GET /session/2f3a3ed30178fd4b3e43ef29d6279727/screenshot - {}
RESULT: {"using":"css selector","value":"#shell-header-logo"}
COMMAND: POST /session/2f3a3ed30178fd4b3e43ef29d6279727/execute/sync - {"script":"<script> [8489 bytes]","args":[{"element-6066-11e4-a52e-4f735466cecf":"f.8627BF333E87AC973E299D2132D92580.d.A7E42BE7CDCDED8B1D0397F2B7DF3638.e.17926","ELEMENT":"f.8627BF333E87AC973E299D2132D92580.d.A7E42BE7CDCDED8B1D0397F2B7DF3638.e.17926"}]}
RESULT: {}
RESULT: {"script":"<script> [8489 bytes]","args":[{"element-6066-11e4-a52e-4f735466cecf":"f.8627BF333E87AC973E299D2132D92580.d.A7E42BE7CDCDED8B1D0397F2B7DF3638.e.17926","ELEMENT":"f.8627BF333E87AC973E299D2132D92580.d.A7E42BE7CDCDED8B1D0397F2B7DF3638.e.17926"}]}
COMMAND: POST /session/2f3a3ed30178fd4b3e43ef29d6279727/execute/sync - {"script":"<script> [5351 bytes]","args":[{"element-6066-11e4-a52e-4f735466cecf":"f.8627BF333E87AC973E299D2132D92580.d.A7E42BE7CDCDED8B1D0397F2B7DF3638.e.17926","ELEMENT":"f.8627BF333E87AC973E299D2132D92580.d.A7E42BE7CDCDED8B1D0397F2B7DF3638.e.17926"}]}
COMMAND: GET /session/2f3a3ed30178fd4b3e43ef29d6279727/screenshot - {}
RESULT: {"script":"<script> [5351 bytes]","args":[{"element-6066-11e4-a52e-4f735466cecf":"f.8627BF333E87AC973E299D2132D92580.d.A7E42BE7CDCDED8B1D0397F2B7DF3638.e.17926","ELEMENT":"f.8627BF333E87AC973E299D2132D92580.d.A7E42BE7CDCDED8B1D0397F2B7DF3638.e.17926"}]}
COMMAND: POST /session/2f3a3ed30178fd4b3e43ef29d6279727/element - {"using":"css selector","value":"#shell-header-logo"}
COMMAND: GET /session/2f3a3ed30178fd4b3e43ef29d6279727/screenshot - {}
RESULT: {}
RESULT: {"using":"css selector","value":"#shell-header-logo"}
COMMAND: POST /session/2f3a3ed30178fd4b3e43ef29d6279727/element/f.8627BF333E87AC973E299D2132D92580.d.A7E42BE7CDCDED8B1D0397F2B7DF3638.e.17926/click - {}
RESULT: {}
RESULT: {}
COMMAND: GET /session/2f3a3ed30178fd4b3e43ef29d6279727/screenshot - {}
RESULT: {}
COMMAND: POST /session/2f3a3ed30178fd4b3e43ef29d6279727/execute/async - {"script":"<script> [189 bytes]","args":[]}
RESULT: {"script":"<script> [189 bytes]","args":[]}
COMMAND: POST /session/2f3a3ed30178fd4b3e43ef29d6279727/execute/async - {"script":"<script> [123 bytes]","args":[]}
RESULT: {"script":"<script> [123 bytes]","args":[]}
COMMAND: POST /session/2f3a3ed30178fd4b3e43ef29d6279727/timeouts - {"script":"<number>"}
RESULT: {"script":"<number>"}
COMMAND: GET /session/2f3a3ed30178fd4b3e43ef29d6279727/timeouts - {}
RESULT: {}
RESULT: undefined
COMMAND: POST /session/2f3a3ed30178fd4b3e43ef29d6279727/execute/async - {"script":"<script> [2676 bytes]","args":[]}
RESULT: {"script":"<script> [2676 bytes]","args":[]}
COMMAND: POST /session/2f3a3ed30178fd4b3e43ef29d6279727/execute/async - {"script":"<script> [2342 bytes]","args":[{"protocol":"http","hostname":"0.0.0.0","path":"/","capabilities":{"browserName":"chrome","goog:chromeOptions":{"binary":"C:\\Program Files\\Google\\Chrome\\Application\\chrome.exe","args":["--start-maximized"]}},"logLevel":"warn","connectionRetryTimeout":120000,"connectionRetryCount":3,"logLevels":{},"enableDirectConnect":true,"strictSSL":true,"_":"65 more keys: [\"cacheDir\",\"port\",\"requestedCapabilities\",\"automationProtocol\",\"baseUrl\",\"waitforInterval\",\"waitforTimeout\",\"onReload\",\"beforeCommand\",\"afterCommand\",\"rootDir\",\"specs\",\"suites\",\"exclude\",\"groupLogsByTestSpec\",\"excludeDriverLogs\",\"bail\",\"framework\",\"reporters\",\"services\",\"maxInstances\",\"maxInstancesPerCapability\",\"injectGlobals\",\"filesToWatch\",\"execArgv\",\"runnerEnv\",\"runner\",\"shard\",\"specFileRetries\",\"specFileRetriesDelay\",\"specFileRetriesDeferred\",\"reporterSyncInterval\",\"reporterSyncTimeout\",\"cucumberFeaturesWithLineNumbers\",\"autoCompileOpts\",\"mochaOpts\",\"jasmineOpts\",\"cucumberOpts\",\"onPrepare\",\"onWorkerStart\",\"onWorkerEnd\",\"before\",\"beforeSession\",\"beforeSuite\",\"beforeHook\",\"beforeTest\",\"afterTest\",\"afterHook\",\"afterSuite\",\"afterSession\",\"after\",\"onComplete\",\"beforeAssertion\",\"afterAssertion\",\"beforeFeature\",\"beforeScenario\",\"beforeStep\",\"afterStep\",\"afterScenario\",\"afterFeature\",\"_\",\"suite\",\"$0\",\"ignoredWorkerServices\",\"wdi5\"]"}]}
RESULT: {"script":"<script> [2342 bytes]","args":[{"protocol":"http","hostname":"0.0.0.0","path":"/","capabilities":{"browserName":"chrome","goog:chromeOptions":{"binary":"C:\\Program Files\\Google\\Chrome\\Application\\chrome.exe","args":["--start-maximized"]}},"logLevel":"warn","connectionRetryTimeout":120000,"connectionRetryCount":3,"logLevels":{},"enableDirectConnect":true,"strictSSL":true,"_":"65 more keys: [\"cacheDir\",\"port\",\"requestedCapabilities\",\"automationProtocol\",\"baseUrl\",\"waitforInterval\",\"waitforTimeout\",\"onReload\",\"beforeCommand\",\"afterCommand\",\"rootDir\",\"specs\",\"suites\",\"exclude\",\"groupLogsByTestSpec\",\"excludeDriverLogs\",\"bail\",\"framework\",\"reporters\",\"services\",\"maxInstances\",\"maxInstancesPerCapability\",\"injectGlobals\",\"filesToWatch\",\"execArgv\",\"runnerEnv\",\"runner\",\"shard\",\"specFileRetries\",\"specFileRetriesDelay\",\"specFileRetriesDeferred\",\"reporterSyncInterval\",\"reporterSyncTimeout\",\"cucumberFeaturesWithLineNumbers\",\"autoCompileOpts\",\"mochaOpts\",\"jasmineOpts\",\"cucumberOpts\",\"onPrepare\",\"onWorkerStart\",\"onWorkerEnd\",\"before\",\"beforeSession\",\"beforeSuite\",\"beforeHook\",\"beforeTest\",\"afterTest\",\"afterHook\",\"afterSuite\",\"afterSession\",\"after\",\"onComplete\",\"beforeAssertion\",\"afterAssertion\",\"beforeFeature\",\"beforeScenario\",\"beforeStep\",\"afterStep\",\"afterScenario\",\"afterFeature\",\"_\",\"suite\",\"$0\",\"ignoredWorkerServices\",\"wdi5\"]"}]}
COMMAND: POST /session/2f3a3ed30178fd4b3e43ef29d6279727/execute/async - {"script":"<script> [21126 bytes]","args":[35000]}
RESULT: {"script":"<script> [21126 bytes]","args":[35000]}
COMMAND: POST /session/2f3a3ed30178fd4b3e43ef29d6279727/window/maximize - {}
RESULT: {}
COMMAND: POST /session/2f3a3ed30178fd4b3e43ef29d6279727/execute/async - {"script":"<script> [1562 bytes]","args":[{"selector":{"id":"shell-header","interaction":{"idSuffix":"icon"}},"wdio_ui5_key":"shellheader"}]}
COMMAND: GET /session/2f3a3ed30178fd4b3e43ef29d6279727/screenshot - {}
RESULT: {"script":"<script> [1562 bytes]","args":[{"selector":{"id":"shell-header","interaction":{"idSuffix":"icon"}},"wdio_ui5_key":"shellheader"}]}
RESULT: undefined
COMMAND: POST /session/2f3a3ed30178fd4b3e43ef29d6279727/refresh - {}
RESULT: {}
RESULT: {}
COMMAND: GET /session/2f3a3ed30178fd4b3e43ef29d6279727/screenshot - {}
RESULT: {}
COMMAND: POST /session/2f3a3ed30178fd4b3e43ef29d6279727/refresh - {}
RESULT: {}
COMMAND: GET /session/2f3a3ed30178fd4b3e43ef29d6279727/screenshot - {}
RESULT: {}
COMMAND: POST /session/2f3a3ed30178fd4b3e43ef29d6279727/window/fullscreen - {}
RESULT: {}
COMMAND: POST /session/2f3a3ed30178fd4b3e43ef29d6279727/execute/async - {"script":"<script> [189 bytes]","args":[]}
RESULT: {"script":"<script> [189 bytes]","args":[]}
COMMAND: POST /session/2f3a3ed30178fd4b3e43ef29d6279727/execute/async - {"script":"<script> [123 bytes]","args":[]}
RESULT: {"script":"<script> [123 bytes]","args":[]}
COMMAND: POST /session/2f3a3ed30178fd4b3e43ef29d6279727/timeouts - {"script":"<number>"}
RESULT: {"script":"<number>"}
COMMAND: GET /session/2f3a3ed30178fd4b3e43ef29d6279727/timeouts - {}
RESULT: {}
RESULT: undefined
COMMAND: POST /session/2f3a3ed30178fd4b3e43ef29d6279727/execute/async - {"script":"<script> [2676 bytes]","args":[]}
RESULT: {"script":"<script> [2676 bytes]","args":[]}
COMMAND: POST /session/2f3a3ed30178fd4b3e43ef29d6279727/execute/async - {"script":"<script> [2342 bytes]","args":[{"protocol":"http","hostname":"0.0.0.0","path":"/","capabilities":{"browserName":"chrome","goog:chromeOptions":{"binary":"C:\\Program Files\\Google\\Chrome\\Application\\chrome.exe","args":["--start-maximized"]}},"logLevel":"warn","connectionRetryTimeout":120000,"connectionRetryCount":3,"logLevels":{},"enableDirectConnect":true,"strictSSL":true,"_":"65 more keys: [\"cacheDir\",\"port\",\"requestedCapabilities\",\"automationProtocol\",\"baseUrl\",\"waitforInterval\",\"waitforTimeout\",\"onReload\",\"beforeCommand\",\"afterCommand\",\"rootDir\",\"specs\",\"suites\",\"exclude\",\"groupLogsByTestSpec\",\"excludeDriverLogs\",\"bail\",\"framework\",\"reporters\",\"services\",\"maxInstances\",\"maxInstancesPerCapability\",\"injectGlobals\",\"filesToWatch\",\"execArgv\",\"runnerEnv\",\"runner\",\"shard\",\"specFileRetries\",\"specFileRetriesDelay\",\"specFileRetriesDeferred\",\"reporterSyncInterval\",\"reporterSyncTimeout\",\"cucumberFeaturesWithLineNumbers\",\"autoCompileOpts\",\"mochaOpts\",\"jasmineOpts\",\"cucumberOpts\",\"onPrepare\",\"onWorkerStart\",\"onWorkerEnd\",\"before\",\"beforeSession\",\"beforeSuite\",\"beforeHook\",\"beforeTest\",\"afterTest\",\"afterHook\",\"afterSuite\",\"afterSession\",\"after\",\"onComplete\",\"beforeAssertion\",\"afterAssertion\",\"beforeFeature\",\"beforeScenario\",\"beforeStep\",\"afterStep\",\"afterScenario\",\"afterFeature\",\"_\",\"suite\",\"$0\",\"ignoredWorkerServices\",\"wdi5\"]"}]}
RESULT: {"script":"<script> [2342 bytes]","args":[{"protocol":"http","hostname":"0.0.0.0","path":"/","capabilities":{"browserName":"chrome","goog:chromeOptions":{"binary":"C:\\Program Files\\Google\\Chrome\\Application\\chrome.exe","args":["--start-maximized"]}},"logLevel":"warn","connectionRetryTimeout":120000,"connectionRetryCount":3,"logLevels":{},"enableDirectConnect":true,"strictSSL":true,"_":"65 more keys: [\"cacheDir\",\"port\",\"requestedCapabilities\",\"automationProtocol\",\"baseUrl\",\"waitforInterval\",\"waitforTimeout\",\"onReload\",\"beforeCommand\",\"afterCommand\",\"rootDir\",\"specs\",\"suites\",\"exclude\",\"groupLogsByTestSpec\",\"excludeDriverLogs\",\"bail\",\"framework\",\"reporters\",\"services\",\"maxInstances\",\"maxInstancesPerCapability\",\"injectGlobals\",\"filesToWatch\",\"execArgv\",\"runnerEnv\",\"runner\",\"shard\",\"specFileRetries\",\"specFileRetriesDelay\",\"specFileRetriesDeferred\",\"reporterSyncInterval\",\"reporterSyncTimeout\",\"cucumberFeaturesWithLineNumbers\",\"autoCompileOpts\",\"mochaOpts\",\"jasmineOpts\",\"cucumberOpts\",\"onPrepare\",\"onWorkerStart\",\"onWorkerEnd\",\"before\",\"beforeSession\",\"beforeSuite\",\"beforeHook\",\"beforeTest\",\"afterTest\",\"afterHook\",\"afterSuite\",\"afterSession\",\"after\",\"onComplete\",\"beforeAssertion\",\"afterAssertion\",\"beforeFeature\",\"beforeScenario\",\"beforeStep\",\"afterStep\",\"afterScenario\",\"afterFeature\",\"_\",\"suite\",\"$0\",\"ignoredWorkerServices\",\"wdi5\"]"}]}
COMMAND: POST /session/2f3a3ed30178fd4b3e43ef29d6279727/execute/async - {"script":"<script> [21126 bytes]","args":[35000]}
RESULT: {"script":"<script> [21126 bytes]","args":[35000]}
]]></system-out>
    </testcase>
  </testsuite>
  <testsuite timestamp="2025-04-23T17:58:37" time="1225.571" tests="20" failures="0" errors="0" skipped="0">
    <properties>
      <property name="specId" value="0"/>
      <property name="suiteName" value="Billing Calculation - Time based (considering transport times) US139738"/>
      <property name="capabilities" value="chrome.135_0_7049_42.windows"/>
      <property name="file" value="file:///D:/a/1/s/test/specs/BTS/billing-calculation-transp-times.spec.js"/>
    </properties>
    <testcase classname="chrome.135_0_7049_42.windows.Billing_Calculation_-_Time_based_(considering_transport_times)_US139738" name="Should create a new yard" time="0.01">
      <system-out><![CDATA[
COMMAND: POST /session/2f3a3ed30178fd4b3e43ef29d6279727/window/fullscreen - {}
RESULT: {}
]]></system-out>
    </testcase>
    <testcase classname="chrome.135_0_7049_42.windows.Billing_Calculation_-_Time_based_(considering_transport_times)_US139738" name="Should create a new partner" time="0.003"/>
    <testcase classname="chrome.135_0_7049_42.windows.Billing_Calculation_-_Time_based_(considering_transport_times)_US139738" name="Should create a new site" time="0.003"/>
    <testcase classname="chrome.135_0_7049_42.windows.Billing_Calculation_-_Time_based_(considering_transport_times)_US139738" name="Should create the 1st equipment" time="112.186">
      <system-out><![CDATA[
COMMAND: POST /session/2f3a3ed30178fd4b3e43ef29d6279727/execute/async - {"script":"<script> [1562 bytes]","args":[{"selector":{"controlType":"sap.m.GenericTile","properties":{"header":"Manage Resources"}},"wdio_ui5_key":"sapm.GenericTile{\"header\":\"Manage Resources\"}"}]}
RESULT: {"script":"<script> [1562 bytes]","args":[{"selector":{"controlType":"sap.m.GenericTile","properties":{"header":"Manage Resources"}},"wdio_ui5_key":"sapm.GenericTile{\"header\":\"Manage Resources\"}"}]}
RESULT: undefined
COMMAND: POST /session/2f3a3ed30178fd4b3e43ef29d6279727/element - {"using":"xpath","value":"//*[@id=\"__tile39\"]"}
RESULT: {"using":"xpath","value":"//*[@id=\"__tile39\"]"}
COMMAND: POST /session/2f3a3ed30178fd4b3e43ef29d6279727/element/f.8627BF333E87AC973E299D2132D92580.d.2D3F2541C04B5BB81C72C22BFFAD5B6A.e.18080/click - {}
RESULT: {}
COMMAND: POST /session/2f3a3ed30178fd4b3e43ef29d6279727/element - {"using":"xpath","value":"//button[@data-kt=\"addNewRUOverflowToolbarButton\"]"}
COMMAND: GET /session/2f3a3ed30178fd4b3e43ef29d6279727/screenshot - {}
RESULT: {"using":"xpath","value":"//button[@data-kt=\"addNewRUOverflowToolbarButton\"]"}
COMMAND: POST /session/2f3a3ed30178fd4b3e43ef29d6279727/elements - {"using":"xpath","value":"//button[@data-kt=\"addNewRUOverflowToolbarButton\"]"}
RESULT: {}
RESULT: {"using":"xpath","value":"//button[@data-kt=\"addNewRUOverflowToolbarButton\"]"}
COMMAND: POST /session/2f3a3ed30178fd4b3e43ef29d6279727/elements - {"using":"xpath","value":"//button[@data-kt=\"addNewRUOverflowToolbarButton\"]"}
RESULT: {"using":"xpath","value":"//button[@data-kt=\"addNewRUOverflowToolbarButton\"]"}
RESULT: undefined
COMMAND: POST /session/2f3a3ed30178fd4b3e43ef29d6279727/elements - {"using":"xpath","value":"//button[@data-kt=\"addNewRUOverflowToolbarButton\"]"}
RESULT: {"using":"xpath","value":"//button[@data-kt=\"addNewRUOverflowToolbarButton\"]"}
COMMAND: POST /session/2f3a3ed30178fd4b3e43ef29d6279727/elements - {"using":"xpath","value":"//button[@data-kt=\"addNewRUOverflowToolbarButton\"]"}
RESULT: {"using":"xpath","value":"//button[@data-kt=\"addNewRUOverflowToolbarButton\"]"}
COMMAND: POST /session/2f3a3ed30178fd4b3e43ef29d6279727/elements - {"using":"xpath","value":"//button[@data-kt=\"addNewRUOverflowToolbarButton\"]"}
RESULT: {"using":"xpath","value":"//button[@data-kt=\"addNewRUOverflowToolbarButton\"]"}
COMMAND: POST /session/2f3a3ed30178fd4b3e43ef29d6279727/elements - {"using":"xpath","value":"//button[@data-kt=\"addNewRUOverflowToolbarButton\"]"}
RESULT: {"using":"xpath","value":"//button[@data-kt=\"addNewRUOverflowToolbarButton\"]"}
COMMAND: POST /session/2f3a3ed30178fd4b3e43ef29d6279727/elements - {"using":"xpath","value":"//button[@data-kt=\"addNewRUOverflowToolbarButton\"]"}
RESULT: {"using":"xpath","value":"//button[@data-kt=\"addNewRUOverflowToolbarButton\"]"}
COMMAND: POST /session/2f3a3ed30178fd4b3e43ef29d6279727/elements - {"using":"xpath","value":"//button[@data-kt=\"addNewRUOverflowToolbarButton\"]"}
RESULT: {"using":"xpath","value":"//button[@data-kt=\"addNewRUOverflowToolbarButton\"]"}
COMMAND: POST /session/2f3a3ed30178fd4b3e43ef29d6279727/elements - {"using":"xpath","value":"//button[@data-kt=\"addNewRUOverflowToolbarButton\"]"}
RESULT: {"using":"xpath","value":"//button[@data-kt=\"addNewRUOverflowToolbarButton\"]"}
COMMAND: POST /session/2f3a3ed30178fd4b3e43ef29d6279727/elements - {"using":"xpath","value":"//button[@data-kt=\"addNewRUOverflowToolbarButton\"]"}
RESULT: {"using":"xpath","value":"//button[@data-kt=\"addNewRUOverflowToolbarButton\"]"}
COMMAND: POST /session/2f3a3ed30178fd4b3e43ef29d6279727/elements - {"using":"xpath","value":"//button[@data-kt=\"addNewRUOverflowToolbarButton\"]"}
RESULT: {"using":"xpath","value":"//button[@data-kt=\"addNewRUOverflowToolbarButton\"]"}
COMMAND: POST /session/2f3a3ed30178fd4b3e43ef29d6279727/elements - {"using":"xpath","value":"//button[@data-kt=\"addNewRUOverflowToolbarButton\"]"}
RESULT: {"using":"xpath","value":"//button[@data-kt=\"addNewRUOverflowToolbarButton\"]"}
COMMAND: POST /session/2f3a3ed30178fd4b3e43ef29d6279727/elements - {"using":"xpath","value":"//button[@data-kt=\"addNewRUOverflowToolbarButton\"]"}
RESULT: {"using":"xpath","value":"//button[@data-kt=\"addNewRUOverflowToolbarButton\"]"}
COMMAND: POST /session/2f3a3ed30178fd4b3e43ef29d6279727/elements - {"using":"xpath","value":"//button[@data-kt=\"addNewRUOverflowToolbarButton\"]"}
RESULT: {"using":"xpath","value":"//button[@data-kt=\"addNewRUOverflowToolbarButton\"]"}
COMMAND: POST /session/2f3a3ed30178fd4b3e43ef29d6279727/elements - {"using":"xpath","value":"//button[@data-kt=\"addNewRUOverflowToolbarButton\"]"}
RESULT: {"using":"xpath","value":"//button[@data-kt=\"addNewRUOverflowToolbarButton\"]"}
COMMAND: POST /session/2f3a3ed30178fd4b3e43ef29d6279727/elements - {"using":"xpath","value":"//button[@data-kt=\"addNewRUOverflowToolbarButton\"]"}
RESULT: {"using":"xpath","value":"//button[@data-kt=\"addNewRUOverflowToolbarButton\"]"}
COMMAND: POST /session/2f3a3ed30178fd4b3e43ef29d6279727/element - {"using":"xpath","value":"//button[@data-kt=\"addNewRUOverflowToolbarButton\"]"}
RESULT: {"using":"xpath","value":"//button[@data-kt=\"addNewRUOverflowToolbarButton\"]"}
COMMAND: POST /session/2f3a3ed30178fd4b3e43ef29d6279727/execute/sync - {"script":"<script> [8489 bytes]","args":[{"element-6066-11e4-a52e-4f735466cecf":"f.8627BF333E87AC973E299D2132D92580.d.2D3F2541C04B5BB81C72C22BFFAD5B6A.e.18219","ELEMENT":"f.8627BF333E87AC973E299D2132D92580.d.2D3F2541C04B5BB81C72C22BFFAD5B6A.e.18219"}]}
RESULT: {"script":"<script> [8489 bytes]","args":[{"element-6066-11e4-a52e-4f735466cecf":"f.8627BF333E87AC973E299D2132D92580.d.2D3F2541C04B5BB81C72C22BFFAD5B6A.e.18219","ELEMENT":"f.8627BF333E87AC973E299D2132D92580.d.2D3F2541C04B5BB81C72C22BFFAD5B6A.e.18219"}]}
COMMAND: GET /session/2f3a3ed30178fd4b3e43ef29d6279727/element/f.8627BF333E87AC973E299D2132D92580.d.2D3F2541C04B5BB81C72C22BFFAD5B6A.e.18219/enabled - {}
COMMAND: GET /session/2f3a3ed30178fd4b3e43ef29d6279727/screenshot - {}
RESULT: {}
COMMAND: POST /session/2f3a3ed30178fd4b3e43ef29d6279727/execute/sync - {"script":"<script> [8489 bytes]","args":[{"element-6066-11e4-a52e-4f735466cecf":"f.8627BF333E87AC973E299D2132D92580.d.2D3F2541C04B5BB81C72C22BFFAD5B6A.e.18219","ELEMENT":"f.8627BF333E87AC973E299D2132D92580.d.2D3F2541C04B5BB81C72C22BFFAD5B6A.e.18219"}]}
COMMAND: GET /session/2f3a3ed30178fd4b3e43ef29d6279727/screenshot - {}
RESULT: {}
RESULT: {"script":"<script> [8489 bytes]","args":[{"element-6066-11e4-a52e-4f735466cecf":"f.8627BF333E87AC973E299D2132D92580.d.2D3F2541C04B5BB81C72C22BFFAD5B6A.e.18219","ELEMENT":"f.8627BF333E87AC973E299D2132D92580.d.2D3F2541C04B5BB81C72C22BFFAD5B6A.e.18219"}]}
COMMAND: POST /session/2f3a3ed30178fd4b3e43ef29d6279727/execute/sync - {"script":"<script> [5351 bytes]","args":[{"element-6066-11e4-a52e-4f735466cecf":"f.8627BF333E87AC973E299D2132D92580.d.2D3F2541C04B5BB81C72C22BFFAD5B6A.e.18219","ELEMENT":"f.8627BF333E87AC973E299D2132D92580.d.2D3F2541C04B5BB81C72C22BFFAD5B6A.e.18219"}]}
COMMAND: GET /session/2f3a3ed30178fd4b3e43ef29d6279727/screenshot - {}
RESULT: {}
RESULT: {"script":"<script> [5351 bytes]","args":[{"element-6066-11e4-a52e-4f735466cecf":"f.8627BF333E87AC973E299D2132D92580.d.2D3F2541C04B5BB81C72C22BFFAD5B6A.e.18219","ELEMENT":"f.8627BF333E87AC973E299D2132D92580.d.2D3F2541C04B5BB81C72C22BFFAD5B6A.e.18219"}]}
COMMAND: POST /session/2f3a3ed30178fd4b3e43ef29d6279727/element/f.8627BF333E87AC973E299D2132D92580.d.2D3F2541C04B5BB81C72C22BFFAD5B6A.e.18219/click - {}
COMMAND: GET /session/2f3a3ed30178fd4b3e43ef29d6279727/screenshot - {}
RESULT: {}
RESULT: {}
COMMAND: GET /session/2f3a3ed30178fd4b3e43ef29d6279727/screenshot - {}
RESULT: {}
RESULT: {}
COMMAND: POST /session/2f3a3ed30178fd4b3e43ef29d6279727/execute/async - {"script":"<script> [1562 bytes]","args":[{"selector":{"id":"application-manageresources-display-component---newResourceUnit--TYPE-arrow"},"wdio_ui5_key":"applicationmanageresources-display-component---newResourceUnit--TYPE-arrow"}]}
RESULT: {"script":"<script> [1562 bytes]","args":[{"selector":{"id":"application-manageresources-display-component---newResourceUnit--TYPE-arrow"},"wdio_ui5_key":"applicationmanageresources-display-component---newResourceUnit--TYPE-arrow"}]}
RESULT: undefined
COMMAND: POST /session/2f3a3ed30178fd4b3e43ef29d6279727/element - {"using":"xpath","value":"//*[@id=\"application-manageresources-display-component---newResourceUnit--TYPE-arrow\"]"}
RESULT: {"using":"xpath","value":"//*[@id=\"application-manageresources-display-component---newResourceUnit--TYPE-arrow\"]"}
COMMAND: POST /session/2f3a3ed30178fd4b3e43ef29d6279727/element/f.8627BF333E87AC973E299D2132D92580.d.2D3F2541C04B5BB81C72C22BFFAD5B6A.e.18586/click - {}
RESULT: {}
COMMAND: POST /session/2f3a3ed30178fd4b3e43ef29d6279727/element - {"using":"xpath","value":"//input[@id=\"application-manageresources-display-component---newResourceUnit--TYPE-inner\"]"}
COMMAND: GET /session/2f3a3ed30178fd4b3e43ef29d6279727/screenshot - {}
RESULT: {"using":"xpath","value":"//input[@id=\"application-manageresources-display-component---newResourceUnit--TYPE-inner\"]"}
COMMAND: POST /session/2f3a3ed30178fd4b3e43ef29d6279727/element/f.8627BF333E87AC973E299D2132D92580.d.2D3F2541C04B5BB81C72C22BFFAD5B6A.e.18562/clear - {}
RESULT: {}
RESULT: {}
COMMAND: POST /session/2f3a3ed30178fd4b3e43ef29d6279727/element/f.8627BF333E87AC973E299D2132D92580.d.2D3F2541C04B5BB81C72C22BFFAD5B6A.e.18562/value - {"text":"Equipment"}
COMMAND: GET /session/2f3a3ed30178fd4b3e43ef29d6279727/screenshot - {}
RESULT: {"text":"Equipment"}
COMMAND: GET /session/2f3a3ed30178fd4b3e43ef29d6279727/screenshot - {}
RESULT: {}
RESULT: {}
COMMAND: POST /session/2f3a3ed30178fd4b3e43ef29d6279727/actions - {"actions":[{"id":"action63","type":"key","parameters":{},"actions":[{"type":"keyDown","value":""},{"type":"pause","duration":10},{"type":"keyUp","value":""}]}]}
RESULT: {"actions":[{"id":"action63","type":"key","parameters":{},"actions":[{"type":"keyDown","value":""},{"type":"pause","duration":10},{"type":"keyUp","value":""}]}]}
COMMAND: POST /session/2f3a3ed30178fd4b3e43ef29d6279727/execute/async - {"script":"<script> [1562 bytes]","args":[{"selector":{"id":"application-manageresources-display-component---newResourceUnit--resourceId","interaction":{"idSuffix":"inner"}},"wdio_ui5_key":"applicationmanageresources-display-component---newResourceUnit--resourceId"}]}
COMMAND: GET /session/2f3a3ed30178fd4b3e43ef29d6279727/screenshot - {}
RESULT: {"script":"<script> [1562 bytes]","args":[{"selector":{"id":"application-manageresources-display-component---newResourceUnit--resourceId","interaction":{"idSuffix":"inner"}},"wdio_ui5_key":"applicationmanageresources-display-component---newResourceUnit--resourceId"}]}
RESULT: undefined
COMMAND: POST /session/2f3a3ed30178fd4b3e43ef29d6279727/execute/async - {"script":"<script> [776 bytes]","args":[{"enterText":"W30K17D1Un","selector":{"id":"application-manageresources-display-component---newResourceUnit--resourceId","interaction":{"idSuffix":"inner"}},"clearTextFirst":true,"interactionType":"ENTER_TEXT"}]}
RESULT: {}
RESULT: {"script":"<script> [776 bytes]","args":[{"enterText":"W30K17D1Un","selector":{"id":"application-manageresources-display-component---newResourceUnit--resourceId","interaction":{"idSuffix":"inner"}},"clearTextFirst":true,"interactionType":"ENTER_TEXT"}]}
COMMAND: POST /session/2f3a3ed30178fd4b3e43ef29d6279727/execute/async - {"script":"<script> [1562 bytes]","args":[{"selector":{"id":"application-manageresources-display-component---newResourceUnit--SHORT_TEXT","interaction":{"idSuffix":"inner"}},"wdio_ui5_key":"applicationmanageresources-display-component---newResourceUnit--SHORT_TEXT"}]}
RESULT: {"script":"<script> [1562 bytes]","args":[{"selector":{"id":"application-manageresources-display-component---newResourceUnit--SHORT_TEXT","interaction":{"idSuffix":"inner"}},"wdio_ui5_key":"applicationmanageresources-display-component---newResourceUnit--SHORT_TEXT"}]}
RESULT: undefined
COMMAND: POST /session/2f3a3ed30178fd4b3e43ef29d6279727/execute/async - {"script":"<script> [776 bytes]","args":[{"enterText":"Intercompany Equipment WDIO","selector":{"id":"application-manageresources-display-component---newResourceUnit--SHORT_TEXT","interaction":{"idSuffix":"inner"}},"clearTextFirst":true,"interactionType":"ENTER_TEXT"}]}
RESULT: {"script":"<script> [776 bytes]","args":[{"enterText":"Intercompany Equipment WDIO","selector":{"id":"application-manageresources-display-component---newResourceUnit--SHORT_TEXT","interaction":{"idSuffix":"inner"}},"clearTextFirst":true,"interactionType":"ENTER_TEXT"}]}
COMMAND: POST /session/2f3a3ed30178fd4b3e43ef29d6279727/execute/async - {"script":"<script> [1562 bytes]","args":[{"selector":{"id":"application-manageresources-display-component---newResourceUnit--BASE_UNIT_OF_MEASURE","interaction":{"idSuffix":"inner"}},"wdio_ui5_key":"applicationmanageresources-display-component---newResourceUnit--BASE_UNIT_OF_MEASURE"}]}
RESULT: {"script":"<script> [1562 bytes]","args":[{"selector":{"id":"application-manageresources-display-component---newResourceUnit--BASE_UNIT_OF_MEASURE","interaction":{"idSuffix":"inner"}},"wdio_ui5_key":"applicationmanageresources-display-component---newResourceUnit--BASE_UNIT_OF_MEASURE"}]}
RESULT: undefined
COMMAND: POST /session/2f3a3ed30178fd4b3e43ef29d6279727/execute/async - {"script":"<script> [776 bytes]","args":[{"enterText":"Piece","selector":{"id":"application-manageresources-display-component---newResourceUnit--BASE_UNIT_OF_MEASURE","interaction":{"idSuffix":"inner"}},"clearTextFirst":true,"interactionType":"ENTER_TEXT"}]}
RESULT: {"script":"<script> [776 bytes]","args":[{"enterText":"Piece","selector":{"id":"application-manageresources-display-component---newResourceUnit--BASE_UNIT_OF_MEASURE","interaction":{"idSuffix":"inner"}},"clearTextFirst":true,"interactionType":"ENTER_TEXT"}]}
COMMAND: POST /session/2f3a3ed30178fd4b3e43ef29d6279727/execute/async - {"script":"<script> [1562 bytes]","args":[{"selector":{"id":"application-manageresources-display-component---newResourceUnit--WEIGHT_UNIT","interaction":{"idSuffix":"inner"}},"wdio_ui5_key":"applicationmanageresources-display-component---newResourceUnit--WEIGHT_UNIT"}]}
RESULT: {"script":"<script> [1562 bytes]","args":[{"selector":{"id":"application-manageresources-display-component---newResourceUnit--WEIGHT_UNIT","interaction":{"idSuffix":"inner"}},"wdio_ui5_key":"applicationmanageresources-display-component---newResourceUnit--WEIGHT_UNIT"}]}
RESULT: undefined
COMMAND: POST /session/2f3a3ed30178fd4b3e43ef29d6279727/execute/async - {"script":"<script> [776 bytes]","args":[{"enterText":"Gram","selector":{"id":"application-manageresources-display-component---newResourceUnit--WEIGHT_UNIT","interaction":{"idSuffix":"inner"}},"clearTextFirst":true,"interactionType":"ENTER_TEXT"}]}
RESULT: {"script":"<script> [776 bytes]","args":[{"enterText":"Gram","selector":{"id":"application-manageresources-display-component---newResourceUnit--WEIGHT_UNIT","interaction":{"idSuffix":"inner"}},"clearTextFirst":true,"interactionType":"ENTER_TEXT"}]}
COMMAND: POST /session/2f3a3ed30178fd4b3e43ef29d6279727/execute/async - {"script":"<script> [1562 bytes]","args":[{"selector":{"id":"application-manageresources-display-component---newResourceUnit--DIMENSION_UNIT","interaction":{"idSuffix":"inner"}},"wdio_ui5_key":"applicationmanageresources-display-component---newResourceUnit--DIMENSION_UNIT"}]}
RESULT: {"script":"<script> [1562 bytes]","args":[{"selector":{"id":"application-manageresources-display-component---newResourceUnit--DIMENSION_UNIT","interaction":{"idSuffix":"inner"}},"wdio_ui5_key":"applicationmanageresources-display-component---newResourceUnit--DIMENSION_UNIT"}]}
RESULT: undefined
COMMAND: POST /session/2f3a3ed30178fd4b3e43ef29d6279727/execute/async - {"script":"<script> [776 bytes]","args":[{"enterText":"Meter","selector":{"id":"application-manageresources-display-component---newResourceUnit--DIMENSION_UNIT","interaction":{"idSuffix":"inner"}},"clearTextFirst":true,"interactionType":"ENTER_TEXT"}]}
RESULT: {"script":"<script> [776 bytes]","args":[{"enterText":"Meter","selector":{"id":"application-manageresources-display-component---newResourceUnit--DIMENSION_UNIT","interaction":{"idSuffix":"inner"}},"clearTextFirst":true,"interactionType":"ENTER_TEXT"}]}
COMMAND: POST /session/2f3a3ed30178fd4b3e43ef29d6279727/execute/async - {"script":"<script> [1562 bytes]","args":[{"selector":{"id":"application-manageresources-display-component---newResourceUnit--newRRUPage-anchBar-application-manageresources-display-component---newResourceUnit--control-anchor","interaction":{"idSuffix":"BDI-content"}},"wdio_ui5_key":"applicationmanageresources-display-component---newResourceUnit--newRRUPage-anchBar-application-manageresources-display-component---newResourceUnit--control-anchor"}]}
RESULT: {"script":"<script> [1562 bytes]","args":[{"selector":{"id":"application-manageresources-display-component---newResourceUnit--newRRUPage-anchBar-application-manageresources-display-component---newResourceUnit--control-anchor","interaction":{"idSuffix":"BDI-content"}},"wdio_ui5_key":"applicationmanageresources-display-component---newResourceUnit--newRRUPage-anchBar-application-manageresources-display-component---newResourceUnit--control-anchor"}]}
RESULT: undefined
COMMAND: POST /session/2f3a3ed30178fd4b3e43ef29d6279727/element - {"using":"xpath","value":"//*[@id=\"application-manageresources-display-component---newResourceUnit--newRRUPage-anchBar-application-manageresources-display-component---newResourceUnit--control-anchor\"]"}
RESULT: {"using":"xpath","value":"//*[@id=\"application-manageresources-display-component---newResourceUnit--newRRUPage-anchBar-application-manageresources-display-component---newResourceUnit--control-anchor\"]"}
COMMAND: POST /session/2f3a3ed30178fd4b3e43ef29d6279727/element/f.8627BF333E87AC973E299D2132D92580.d.2D3F2541C04B5BB81C72C22BFFAD5B6A.e.18720/click - {}
RESULT: {}
COMMAND: POST /session/2f3a3ed30178fd4b3e43ef29d6279727/execute/async - {"script":"<script> [1562 bytes]","args":[{"selector":{"id":"application-manageresources-display-component---newResourceUnit--PLANNING_GROUP","interaction":{"idSuffix":"inner"}},"wdio_ui5_key":"applicationmanageresources-display-component---newResourceUnit--PLANNING_GROUP"}]}
COMMAND: GET /session/2f3a3ed30178fd4b3e43ef29d6279727/screenshot - {}
RESULT: {"script":"<script> [1562 bytes]","args":[{"selector":{"id":"application-manageresources-display-component---newResourceUnit--PLANNING_GROUP","interaction":{"idSuffix":"inner"}},"wdio_ui5_key":"applicationmanageresources-display-component---newResourceUnit--PLANNING_GROUP"}]}
RESULT: undefined
COMMAND: POST /session/2f3a3ed30178fd4b3e43ef29d6279727/execute/async - {"script":"<script> [776 bytes]","args":[{"enterText":"Heavy Equi","selector":{"id":"application-manageresources-display-component---newResourceUnit--PLANNING_GROUP","interaction":{"idSuffix":"inner"}},"clearTextFirst":true,"interactionType":"ENTER_TEXT"}]}
RESULT: {}
RESULT: {"script":"<script> [776 bytes]","args":[{"enterText":"Heavy Equi","selector":{"id":"application-manageresources-display-component---newResourceUnit--PLANNING_GROUP","interaction":{"idSuffix":"inner"}},"clearTextFirst":true,"interactionType":"ENTER_TEXT"}]}
COMMAND: POST /session/2f3a3ed30178fd4b3e43ef29d6279727/execute/async - {"script":"<script> [1562 bytes]","args":[{"selector":{"id":"application-manageresources-display-component---newResourceUnit--ITEM_TYPE-arrow"},"wdio_ui5_key":"applicationmanageresources-display-component---newResourceUnit--ITEM_TYPE-arrow"}]}
RESULT: {"script":"<script> [1562 bytes]","args":[{"selector":{"id":"application-manageresources-display-component---newResourceUnit--ITEM_TYPE-arrow"},"wdio_ui5_key":"applicationmanageresources-display-component---newResourceUnit--ITEM_TYPE-arrow"}]}
RESULT: undefined
COMMAND: POST /session/2f3a3ed30178fd4b3e43ef29d6279727/element - {"using":"xpath","value":"//*[@id=\"application-manageresources-display-component---newResourceUnit--ITEM_TYPE-arrow\"]"}
RESULT: {"using":"xpath","value":"//*[@id=\"application-manageresources-display-component---newResourceUnit--ITEM_TYPE-arrow\"]"}
COMMAND: POST /session/2f3a3ed30178fd4b3e43ef29d6279727/element/f.8627BF333E87AC973E299D2132D92580.d.2D3F2541C04B5BB81C72C22BFFAD5B6A.e.18727/click - {}
RESULT: {}
COMMAND: POST /session/2f3a3ed30178fd4b3e43ef29d6279727/element - {"using":"xpath","value":"(//span[contains(text(), \"Resource Unit\")])[2]"}
COMMAND: GET /session/2f3a3ed30178fd4b3e43ef29d6279727/screenshot - {}
RESULT: {"using":"xpath","value":"(//span[contains(text(), \"Resource Unit\")])[2]"}
COMMAND: POST /session/2f3a3ed30178fd4b3e43ef29d6279727/element/f.8627BF333E87AC973E299D2132D92580.d.2D3F2541C04B5BB81C72C22BFFAD5B6A.e.18728/click - {}
RESULT: {}
RESULT: {}
COMMAND: GET /session/2f3a3ed30178fd4b3e43ef29d6279727/screenshot - {}
RESULT: {}
COMMAND: POST /session/2f3a3ed30178fd4b3e43ef29d6279727/element - {"using":"css selector","value":"#application-manageresources-display-component---newResourceUnit--btnAddTimeSegment"}
RESULT: {"using":"css selector","value":"#application-manageresources-display-component---newResourceUnit--btnAddTimeSegment"}
COMMAND: GET /session/2f3a3ed30178fd4b3e43ef29d6279727/element/f.8627BF333E87AC973E299D2132D92580.d.2D3F2541C04B5BB81C72C22BFFAD5B6A.e.18729/rect - {}
RESULT: {}
COMMAND: GET /session/2f3a3ed30178fd4b3e43ef29d6279727/window/rect - {}
RESULT: {}
COMMAND: POST /session/2f3a3ed30178fd4b3e43ef29d6279727/execute/sync - {"script":"<script> [92 bytes]","args":[]}
RESULT: {"script":"<script> [92 bytes]","args":[]}
COMMAND: POST /session/2f3a3ed30178fd4b3e43ef29d6279727/actions - {"actions":[{"id":"action64","type":"wheel","parameters":{},"actions":[{"type":"scroll","x":-1888,"y":-32,"deltaX":0,"deltaY":0,"duration":0,"origin":{"element-6066-11e4-a52e-4f735466cecf":"f.8627BF333E87AC973E299D2132D92580.d.2D3F2541C04B5BB81C72C22BFFAD5B6A.e.18729"}}]}]}
COMMAND: GET /session/2f3a3ed30178fd4b3e43ef29d6279727/screenshot - {}
RESULT: {}
COMMAND: POST /session/2f3a3ed30178fd4b3e43ef29d6279727/execute/sync - {"script":"<script> [79 bytes]","args":[{"element-6066-11e4-a52e-4f735466cecf":"f.8627BF333E87AC973E299D2132D92580.d.2D3F2541C04B5BB81C72C22BFFAD5B6A.e.18729","ELEMENT":"f.8627BF333E87AC973E299D2132D92580.d.2D3F2541C04B5BB81C72C22BFFAD5B6A.e.18729"},{"block":"start","inline":"nearest"}]}
RESULT: {"script":"<script> [79 bytes]","args":[{"element-6066-11e4-a52e-4f735466cecf":"f.8627BF333E87AC973E299D2132D92580.d.2D3F2541C04B5BB81C72C22BFFAD5B6A.e.18729","ELEMENT":"f.8627BF333E87AC973E299D2132D92580.d.2D3F2541C04B5BB81C72C22BFFAD5B6A.e.18729"},{"block":"start","inline":"nearest"}]}
COMMAND: POST /session/2f3a3ed30178fd4b3e43ef29d6279727/execute/async - {"script":"<script> [1562 bytes]","args":[{"selector":{"id":"application-manageresources-display-component---newResourceUnit--btnAddTimeSegment","interaction":{"idSuffix":"inner"}},"wdio_ui5_key":"applicationmanageresources-display-component---newResourceUnit--btnAddTimeSegment"}]}
COMMAND: GET /session/2f3a3ed30178fd4b3e43ef29d6279727/screenshot - {}
RESULT: {"script":"<script> [1562 bytes]","args":[{"selector":{"id":"application-manageresources-display-component---newResourceUnit--btnAddTimeSegment","interaction":{"idSuffix":"inner"}},"wdio_ui5_key":"applicationmanageresources-display-component---newResourceUnit--btnAddTimeSegment"}]}
RESULT: undefined
COMMAND: POST /session/2f3a3ed30178fd4b3e43ef29d6279727/element - {"using":"xpath","value":"//*[@id=\"application-manageresources-display-component---newResourceUnit--btnAddTimeSegment\"]"}
RESULT: {}
RESULT: {"using":"xpath","value":"//*[@id=\"application-manageresources-display-component---newResourceUnit--btnAddTimeSegment\"]"}
COMMAND: POST /session/2f3a3ed30178fd4b3e43ef29d6279727/element/f.8627BF333E87AC973E299D2132D92580.d.2D3F2541C04B5BB81C72C22BFFAD5B6A.e.18729/click - {}
RESULT: {}
COMMAND: GET /session/2f3a3ed30178fd4b3e43ef29d6279727/screenshot - {}
RESULT: {}
COMMAND: POST /session/2f3a3ed30178fd4b3e43ef29d6279727/element - {"using":"xpath","value":"//input[@id=\"application-manageresources-display-component---newResourceUnit--idRuTSAdmin-application-manageresources-display-component---newResourceUnit--RUTimeSegment-0-inner\"]"}
RESULT: {"using":"xpath","value":"//input[@id=\"application-manageresources-display-component---newResourceUnit--idRuTSAdmin-application-manageresources-display-component---newResourceUnit--RUTimeSegment-0-inner\"]"}
COMMAND: POST /session/2f3a3ed30178fd4b3e43ef29d6279727/element/f.8627BF333E87AC973E299D2132D92580.d.2D3F2541C04B5BB81C72C22BFFAD5B6A.e.18735/clear - {}
RESULT: {}
COMMAND: POST /session/2f3a3ed30178fd4b3e43ef29d6279727/element/f.8627BF333E87AC973E299D2132D92580.d.2D3F2541C04B5BB81C72C22BFFAD5B6A.e.18735/value - {"text":"739"}
COMMAND: GET /session/2f3a3ed30178fd4b3e43ef29d6279727/screenshot - {}
RESULT: {"text":"739"}
COMMAND: GET /session/2f3a3ed30178fd4b3e43ef29d6279727/screenshot - {}
RESULT: {}
RESULT: {}
COMMAND: POST /session/2f3a3ed30178fd4b3e43ef29d6279727/element - {"using":"xpath","value":"//li[.//span[text()='739']]"}
RESULT: {"using":"xpath","value":"//li[.//span[text()='739']]"}
COMMAND: POST /session/2f3a3ed30178fd4b3e43ef29d6279727/element/f.8627BF333E87AC973E299D2132D92580.d.2D3F2541C04B5BB81C72C22BFFAD5B6A.e.18747/click - {}
RESULT: {}
COMMAND: GET /session/2f3a3ed30178fd4b3e43ef29d6279727/screenshot - {}
RESULT: {}
COMMAND: POST /session/2f3a3ed30178fd4b3e43ef29d6279727/element - {"using":"xpath","value":"(//span[contains(@id, \"-application-manageresources-display-component---newResourceUnit--RUTimeSegment-0-arrow\")])[6]"}
RESULT: {"using":"xpath","value":"(//span[contains(@id, \"-application-manageresources-display-component---newResourceUnit--RUTimeSegment-0-arrow\")])[6]"}
COMMAND: POST /session/2f3a3ed30178fd4b3e43ef29d6279727/element/f.8627BF333E87AC973E299D2132D92580.d.2D3F2541C04B5BB81C72C22BFFAD5B6A.e.18748/click - {}
RESULT: {}
COMMAND: POST /session/2f3a3ed30178fd4b3e43ef29d6279727/element - {"using":"xpath","value":"//span[contains(text(), \"PM Order\")]"}
COMMAND: GET /session/2f3a3ed30178fd4b3e43ef29d6279727/screenshot - {}
RESULT: {"using":"xpath","value":"//span[contains(text(), \"PM Order\")]"}
COMMAND: POST /session/2f3a3ed30178fd4b3e43ef29d6279727/element/f.8627BF333E87AC973E299D2132D92580.d.2D3F2541C04B5BB81C72C22BFFAD5B6A.e.18751/click - {}
RESULT: {}
RESULT: {}
COMMAND: GET /session/2f3a3ed30178fd4b3e43ef29d6279727/screenshot - {}
RESULT: {}
COMMAND: POST /session/2f3a3ed30178fd4b3e43ef29d6279727/element - {"using":"xpath","value":"(//span[contains(@id ,\"manageresources-display-component---newResourceUnit--RUTimeSegment-0-vhi\")])[2]"}
RESULT: {"using":"xpath","value":"(//span[contains(@id ,\"manageresources-display-component---newResourceUnit--RUTimeSegment-0-vhi\")])[2]"}
COMMAND: POST /session/2f3a3ed30178fd4b3e43ef29d6279727/element/f.8627BF333E87AC973E299D2132D92580.d.2D3F2541C04B5BB81C72C22BFFAD5B6A.e.18754/click - {}
RESULT: {}
COMMAND: GET /session/2f3a3ed30178fd4b3e43ef29d6279727/screenshot - {}
RESULT: {}
COMMAND: POST /session/2f3a3ed30178fd4b3e43ef29d6279727/execute/async - {"script":"<script> [1562 bytes]","args":[{"selector":{"controlType":"sap.m.SearchField","properties":{"placeholder":"Search"},"searchOpenDialogs":true,"interaction":{"idSuffix":"I"}},"wdio_ui5_key":"sapm.SearchField{\"placeholder\":\"Search\"}"}]}
RESULT: {"script":"<script> [1562 bytes]","args":[{"selector":{"controlType":"sap.m.SearchField","properties":{"placeholder":"Search"},"searchOpenDialogs":true,"interaction":{"idSuffix":"I"}},"wdio_ui5_key":"sapm.SearchField{\"placeholder\":\"Search\"}"}]}
RESULT: undefined
COMMAND: POST /session/2f3a3ed30178fd4b3e43ef29d6279727/execute/async - {"script":"<script> [776 bytes]","args":[{"enterText":"4000360","selector":{"controlType":"sap.m.SearchField","properties":{"placeholder":"Search"},"searchOpenDialogs":true,"interaction":{"idSuffix":"I"}},"clearTextFirst":true,"interactionType":"ENTER_TEXT"}]}
RESULT: {"script":"<script> [776 bytes]","args":[{"enterText":"4000360","selector":{"controlType":"sap.m.SearchField","properties":{"placeholder":"Search"},"searchOpenDialogs":true,"interaction":{"idSuffix":"I"}},"clearTextFirst":true,"interactionType":"ENTER_TEXT"}]}
COMMAND: POST /session/2f3a3ed30178fd4b3e43ef29d6279727/actions - {"actions":[{"id":"action65","type":"key","parameters":{},"actions":[{"type":"keyDown","value":""},{"type":"pause","duration":10},{"type":"keyUp","value":""}]}]}
RESULT: {"actions":[{"id":"action65","type":"key","parameters":{},"actions":[{"type":"keyDown","value":""},{"type":"pause","duration":10},{"type":"keyUp","value":""}]}]}
COMMAND: GET /session/2f3a3ed30178fd4b3e43ef29d6279727/screenshot - {}
RESULT: {}
COMMAND: POST /session/2f3a3ed30178fd4b3e43ef29d6279727/element - {"using":"xpath","value":"//td/div/span[contains(text(), \"BGL Vehicles\")]"}
RESULT: {"using":"xpath","value":"//td/div/span[contains(text(), \"BGL Vehicles\")]"}
COMMAND: POST /session/2f3a3ed30178fd4b3e43ef29d6279727/element/f.8627BF333E87AC973E299D2132D92580.d.2D3F2541C04B5BB81C72C22BFFAD5B6A.e.18774/click - {}
RESULT: {}
COMMAND: GET /session/2f3a3ed30178fd4b3e43ef29d6279727/screenshot - {}
RESULT: {}
COMMAND: POST /session/2f3a3ed30178fd4b3e43ef29d6279727/element - {"using":"xpath","value":"//bdi[contains(text(), \"OK\")]"}
RESULT: {"using":"xpath","value":"//bdi[contains(text(), \"OK\")]"}
COMMAND: POST /session/2f3a3ed30178fd4b3e43ef29d6279727/element/f.8627BF333E87AC973E299D2132D92580.d.2D3F2541C04B5BB81C72C22BFFAD5B6A.e.18775/click - {}
RESULT: {}
COMMAND: GET /session/2f3a3ed30178fd4b3e43ef29d6279727/screenshot - {}
RESULT: {}
COMMAND: POST /session/2f3a3ed30178fd4b3e43ef29d6279727/execute/async - {"script":"<script> [1562 bytes]","args":[{"selector":{"id":"application-manageresources-display-component---newResourceUnit--newRRUPage-anchBar-application-manageresources-display-component---newResourceUnit--resource-anchor","interaction":{"idSuffix":"BDI-content"}},"wdio_ui5_key":"applicationmanageresources-display-component---newResourceUnit--newRRUPage-anchBar-application-manageresources-display-component---newResourceUnit--resource-anchor"}]}
RESULT: {"script":"<script> [1562 bytes]","args":[{"selector":{"id":"application-manageresources-display-component---newResourceUnit--newRRUPage-anchBar-application-manageresources-display-component---newResourceUnit--resource-anchor","interaction":{"idSuffix":"BDI-content"}},"wdio_ui5_key":"applicationmanageresources-display-component---newResourceUnit--newRRUPage-anchBar-application-manageresources-display-component---newResourceUnit--resource-anchor"}]}
RESULT: undefined
COMMAND: POST /session/2f3a3ed30178fd4b3e43ef29d6279727/element - {"using":"xpath","value":"//*[@id=\"application-manageresources-display-component---newResourceUnit--newRRUPage-anchBar-application-manageresources-display-component---newResourceUnit--resource-anchor\"]"}
RESULT: {"using":"xpath","value":"//*[@id=\"application-manageresources-display-component---newResourceUnit--newRRUPage-anchBar-application-manageresources-display-component---newResourceUnit--resource-anchor\"]"}
COMMAND: POST /session/2f3a3ed30178fd4b3e43ef29d6279727/element/f.8627BF333E87AC973E299D2132D92580.d.2D3F2541C04B5BB81C72C22BFFAD5B6A.e.18779/click - {}
RESULT: {}
COMMAND: POST /session/2f3a3ed30178fd4b3e43ef29d6279727/execute/async - {"script":"<script> [1562 bytes]","args":[{"selector":{"id":"application-manageresources-display-component---newResourceUnit--PLANNED_DELIVERY_DATE","interaction":{"idSuffix":"inner"}},"wdio_ui5_key":"applicationmanageresources-display-component---newResourceUnit--PLANNED_DELIVERY_DATE"}]}
COMMAND: GET /session/2f3a3ed30178fd4b3e43ef29d6279727/screenshot - {}
RESULT: {"script":"<script> [1562 bytes]","args":[{"selector":{"id":"application-manageresources-display-component---newResourceUnit--PLANNED_DELIVERY_DATE","interaction":{"idSuffix":"inner"}},"wdio_ui5_key":"applicationmanageresources-display-component---newResourceUnit--PLANNED_DELIVERY_DATE"}]}
RESULT: undefined
COMMAND: POST /session/2f3a3ed30178fd4b3e43ef29d6279727/execute/async - {"script":"<script> [6424 bytes]","args":[{"element-6066-11e4-a52e-4f735466cecf":"f.8627BF333E87AC973E299D2132D92580.d.2D3F2541C04B5BB81C72C22BFFAD5B6A.e.18643"},"setValue",["4/23/25"]]}
RESULT: {}
RESULT: {"script":"<script> [6424 bytes]","args":[{"element-6066-11e4-a52e-4f735466cecf":"f.8627BF333E87AC973E299D2132D92580.d.2D3F2541C04B5BB81C72C22BFFAD5B6A.e.18643"},"setValue",["4/23/25"]]}
COMMAND: POST /session/2f3a3ed30178fd4b3e43ef29d6279727/element - {"using":"xpath","value":"//button[@data-kt=\"resourceUnitSaveButton\"]"}
RESULT: {"using":"xpath","value":"//button[@data-kt=\"resourceUnitSaveButton\"]"}
COMMAND: POST /session/2f3a3ed30178fd4b3e43ef29d6279727/element/f.8627BF333E87AC973E299D2132D92580.d.2D3F2541C04B5BB81C72C22BFFAD5B6A.e.18603/click - {}
RESULT: {}
COMMAND: GET /session/2f3a3ed30178fd4b3e43ef29d6279727/screenshot - {}
RESULT: {}
COMMAND: POST /session/2f3a3ed30178fd4b3e43ef29d6279727/element - {"using":"xpath","value":"//bdi[contains(text(), \"Close\")]"}
RESULT: {"using":"xpath","value":"//bdi[contains(text(), \"Close\")]"}
COMMAND: POST /session/2f3a3ed30178fd4b3e43ef29d6279727/element/f.8627BF333E87AC973E299D2132D92580.d.2D3F2541C04B5BB81C72C22BFFAD5B6A.e.18787/click - {}
RESULT: {}
COMMAND: GET /session/2f3a3ed30178fd4b3e43ef29d6279727/screenshot - {}
RESULT: {}
COMMAND: POST /session/2f3a3ed30178fd4b3e43ef29d6279727/element - {"using":"xpath","value":"(//button[contains(@id ,\"actionsToolbar-overflowButton\")])[1]"}
RESULT: {"using":"xpath","value":"(//button[contains(@id ,\"actionsToolbar-overflowButton\")])[1]"}
COMMAND: POST /session/2f3a3ed30178fd4b3e43ef29d6279727/element/f.8627BF333E87AC973E299D2132D92580.d.2D3F2541C04B5BB81C72C22BFFAD5B6A.e.18819/click - {}
RESULT: {}
COMMAND: GET /session/2f3a3ed30178fd4b3e43ef29d6279727/screenshot - {}
RESULT: {}
COMMAND: POST /session/2f3a3ed30178fd4b3e43ef29d6279727/element - {"using":"xpath","value":"//button[@data-kt=\"priceInfoButton\"]"}
RESULT: {"using":"xpath","value":"//button[@data-kt=\"priceInfoButton\"]"}
COMMAND: POST /session/2f3a3ed30178fd4b3e43ef29d6279727/element/f.8627BF333E87AC973E299D2132D92580.d.2D3F2541C04B5BB81C72C22BFFAD5B6A.e.18821/click - {}
RESULT: {}
COMMAND: GET /session/2f3a3ed30178fd4b3e43ef29d6279727/screenshot - {}
RESULT: {}
]]></system-out>
    </testcase>
    <testcase classname="chrome.135_0_7049_42.windows.Billing_Calculation_-_Time_based_(considering_transport_times)_US139738" name="Should create new pricing rule for 1st equipment" time="51.629">
      <system-out><![CDATA[
COMMAND: POST /session/2f3a3ed30178fd4b3e43ef29d6279727/element - {"using":"xpath","value":"//button[@data-kt=\"addButton\"]"}
RESULT: {"using":"xpath","value":"//button[@data-kt=\"addButton\"]"}
COMMAND: POST /session/2f3a3ed30178fd4b3e43ef29d6279727/elements - {"using":"xpath","value":"//button[@data-kt=\"addButton\"]"}
RESULT: {"using":"xpath","value":"//button[@data-kt=\"addButton\"]"}
COMMAND: POST /session/2f3a3ed30178fd4b3e43ef29d6279727/elements - {"using":"xpath","value":"//button[@data-kt=\"addButton\"]"}
RESULT: {"using":"xpath","value":"//button[@data-kt=\"addButton\"]"}
COMMAND: POST /session/2f3a3ed30178fd4b3e43ef29d6279727/element - {"using":"xpath","value":"//button[@data-kt=\"addButton\"]"}
RESULT: {"using":"xpath","value":"//button[@data-kt=\"addButton\"]"}
COMMAND: POST /session/2f3a3ed30178fd4b3e43ef29d6279727/execute/sync - {"script":"<script> [8489 bytes]","args":[{"element-6066-11e4-a52e-4f735466cecf":"f.8627BF333E87AC973E299D2132D92580.d.2D3F2541C04B5BB81C72C22BFFAD5B6A.e.18858","ELEMENT":"f.8627BF333E87AC973E299D2132D92580.d.2D3F2541C04B5BB81C72C22BFFAD5B6A.e.18858"}]}
RESULT: {"script":"<script> [8489 bytes]","args":[{"element-6066-11e4-a52e-4f735466cecf":"f.8627BF333E87AC973E299D2132D92580.d.2D3F2541C04B5BB81C72C22BFFAD5B6A.e.18858","ELEMENT":"f.8627BF333E87AC973E299D2132D92580.d.2D3F2541C04B5BB81C72C22BFFAD5B6A.e.18858"}]}
COMMAND: GET /session/2f3a3ed30178fd4b3e43ef29d6279727/element/f.8627BF333E87AC973E299D2132D92580.d.2D3F2541C04B5BB81C72C22BFFAD5B6A.e.18858/enabled - {}
COMMAND: GET /session/2f3a3ed30178fd4b3e43ef29d6279727/screenshot - {}
RESULT: {}
COMMAND: POST /session/2f3a3ed30178fd4b3e43ef29d6279727/execute/sync - {"script":"<script> [8489 bytes]","args":[{"element-6066-11e4-a52e-4f735466cecf":"f.8627BF333E87AC973E299D2132D92580.d.2D3F2541C04B5BB81C72C22BFFAD5B6A.e.18858","ELEMENT":"f.8627BF333E87AC973E299D2132D92580.d.2D3F2541C04B5BB81C72C22BFFAD5B6A.e.18858"}]}
COMMAND: GET /session/2f3a3ed30178fd4b3e43ef29d6279727/screenshot - {}
RESULT: {}
RESULT: {"script":"<script> [8489 bytes]","args":[{"element-6066-11e4-a52e-4f735466cecf":"f.8627BF333E87AC973E299D2132D92580.d.2D3F2541C04B5BB81C72C22BFFAD5B6A.e.18858","ELEMENT":"f.8627BF333E87AC973E299D2132D92580.d.2D3F2541C04B5BB81C72C22BFFAD5B6A.e.18858"}]}
COMMAND: POST /session/2f3a3ed30178fd4b3e43ef29d6279727/execute/sync - {"script":"<script> [5351 bytes]","args":[{"element-6066-11e4-a52e-4f735466cecf":"f.8627BF333E87AC973E299D2132D92580.d.2D3F2541C04B5BB81C72C22BFFAD5B6A.e.18858","ELEMENT":"f.8627BF333E87AC973E299D2132D92580.d.2D3F2541C04B5BB81C72C22BFFAD5B6A.e.18858"}]}
COMMAND: GET /session/2f3a3ed30178fd4b3e43ef29d6279727/screenshot - {}
RESULT: {}
RESULT: {}
RESULT: {"script":"<script> [5351 bytes]","args":[{"element-6066-11e4-a52e-4f735466cecf":"f.8627BF333E87AC973E299D2132D92580.d.2D3F2541C04B5BB81C72C22BFFAD5B6A.e.18858","ELEMENT":"f.8627BF333E87AC973E299D2132D92580.d.2D3F2541C04B5BB81C72C22BFFAD5B6A.e.18858"}]}
COMMAND: POST /session/2f3a3ed30178fd4b3e43ef29d6279727/element/f.8627BF333E87AC973E299D2132D92580.d.2D3F2541C04B5BB81C72C22BFFAD5B6A.e.18858/click - {}
COMMAND: GET /session/2f3a3ed30178fd4b3e43ef29d6279727/screenshot - {}
RESULT: {}
COMMAND: GET /session/2f3a3ed30178fd4b3e43ef29d6279727/screenshot - {}
RESULT: {}
RESULT: {}
COMMAND: POST /session/2f3a3ed30178fd4b3e43ef29d6279727/execute/async - {"script":"<script> [1562 bytes]","args":[{"selector":{"controlType":"sap.m.Title","viewName":"etm.portal.ui.managepricingrules.view.NewItem","viewId":"application-managepricingrules-display-component---newInfoPriceItem","properties":{"text":"New Pricing Rules - Item Level"}},"wdio_ui5_key":"etmportal.ui.managepricingrules.view.NewItemsap.m.Title{\"text\":\"New Pricing Rules - Item Level\"}"}]}
RESULT: {"script":"<script> [1562 bytes]","args":[{"selector":{"controlType":"sap.m.Title","viewName":"etm.portal.ui.managepricingrules.view.NewItem","viewId":"application-managepricingrules-display-component---newInfoPriceItem","properties":{"text":"New Pricing Rules - Item Level"}},"wdio_ui5_key":"etmportal.ui.managepricingrules.view.NewItemsap.m.Title{\"text\":\"New Pricing Rules - Item Level\"}"}]}
RESULT: undefined
COMMAND: POST /session/2f3a3ed30178fd4b3e43ef29d6279727/execute/async - {"script":"<script> [6424 bytes]","args":[{"element-6066-11e4-a52e-4f735466cecf":"f.8627BF333E87AC973E299D2132D92580.d.2D3F2541C04B5BB81C72C22BFFAD5B6A.e.19029"},"getText",[]]}
RESULT: {"script":"<script> [6424 bytes]","args":[{"element-6066-11e4-a52e-4f735466cecf":"f.8627BF333E87AC973E299D2132D92580.d.2D3F2541C04B5BB81C72C22BFFAD5B6A.e.19029"},"getText",[]]}
COMMAND: POST /session/2f3a3ed30178fd4b3e43ef29d6279727/execute/async - {"script":"<script> [1562 bytes]","args":[{"selector":{"id":"application-managepricingrules-display-component---newInfoPriceItem--condValidTo","interaction":{"idSuffix":"inner"}},"wdio_ui5_key":"applicationmanagepricingrules-display-component---newInfoPriceItem--condValidTo"}]}
RESULT: {"script":"<script> [1562 bytes]","args":[{"selector":{"id":"application-managepricingrules-display-component---newInfoPriceItem--condValidTo","interaction":{"idSuffix":"inner"}},"wdio_ui5_key":"applicationmanagepricingrules-display-component---newInfoPriceItem--condValidTo"}]}
RESULT: undefined
COMMAND: POST /session/2f3a3ed30178fd4b3e43ef29d6279727/execute/async - {"script":"<script> [776 bytes]","args":[{"enterText":"12/23/25","selector":{"id":"application-managepricingrules-display-component---newInfoPriceItem--condValidTo","interaction":{"idSuffix":"inner"}},"clearTextFirst":true,"interactionType":"ENTER_TEXT"}]}
RESULT: {"script":"<script> [776 bytes]","args":[{"enterText":"12/23/25","selector":{"id":"application-managepricingrules-display-component---newInfoPriceItem--condValidTo","interaction":{"idSuffix":"inner"}},"clearTextFirst":true,"interactionType":"ENTER_TEXT"}]}
COMMAND: POST /session/2f3a3ed30178fd4b3e43ef29d6279727/execute/async - {"script":"<script> [1562 bytes]","args":[{"selector":{"id":"application-managepricingrules-display-component---newInfoPriceItem--billType-arrow"},"wdio_ui5_key":"applicationmanagepricingrules-display-component---newInfoPriceItem--billType-arrow"}]}
RESULT: {"script":"<script> [1562 bytes]","args":[{"selector":{"id":"application-managepricingrules-display-component---newInfoPriceItem--billType-arrow"},"wdio_ui5_key":"applicationmanagepricingrules-display-component---newInfoPriceItem--billType-arrow"}]}
RESULT: undefined
COMMAND: POST /session/2f3a3ed30178fd4b3e43ef29d6279727/element - {"using":"xpath","value":"//*[@id=\"application-managepricingrules-display-component---newInfoPriceItem--billType-arrow\"]"}
RESULT: {"using":"xpath","value":"//*[@id=\"application-managepricingrules-display-component---newInfoPriceItem--billType-arrow\"]"}
COMMAND: POST /session/2f3a3ed30178fd4b3e43ef29d6279727/element/f.8627BF333E87AC973E299D2132D92580.d.2D3F2541C04B5BB81C72C22BFFAD5B6A.e.18989/click - {}
RESULT: {}
COMMAND: POST /session/2f3a3ed30178fd4b3e43ef29d6279727/element - {"using":"xpath","value":"//span[contains(text(), \"TB - Time based\")]"}
COMMAND: GET /session/2f3a3ed30178fd4b3e43ef29d6279727/screenshot - {}
RESULT: {"using":"xpath","value":"//span[contains(text(), \"TB - Time based\")]"}
COMMAND: POST /session/2f3a3ed30178fd4b3e43ef29d6279727/element/f.8627BF333E87AC973E299D2132D92580.d.2D3F2541C04B5BB81C72C22BFFAD5B6A.e.19033/click - {}
RESULT: {}
RESULT: {}
COMMAND: POST /session/2f3a3ed30178fd4b3e43ef29d6279727/execute/async - {"script":"<script> [1562 bytes]","args":[{"selector":{"id":"application-managepricingrules-display-component---newInfoPriceItem--priceProc-arrow"},"wdio_ui5_key":"applicationmanagepricingrules-display-component---newInfoPriceItem--priceProc-arrow"}]}
COMMAND: GET /session/2f3a3ed30178fd4b3e43ef29d6279727/screenshot - {}
RESULT: {"script":"<script> [1562 bytes]","args":[{"selector":{"id":"application-managepricingrules-display-component---newInfoPriceItem--priceProc-arrow"},"wdio_ui5_key":"applicationmanagepricingrules-display-component---newInfoPriceItem--priceProc-arrow"}]}
RESULT: undefined
COMMAND: POST /session/2f3a3ed30178fd4b3e43ef29d6279727/element - {"using":"xpath","value":"//*[@id=\"application-managepricingrules-display-component---newInfoPriceItem--priceProc-arrow\"]"}
RESULT: {}
RESULT: {"using":"xpath","value":"//*[@id=\"application-managepricingrules-display-component---newInfoPriceItem--priceProc-arrow\"]"}
COMMAND: POST /session/2f3a3ed30178fd4b3e43ef29d6279727/element/f.8627BF333E87AC973E299D2132D92580.d.2D3F2541C04B5BB81C72C22BFFAD5B6A.e.18996/click - {}
RESULT: {}
COMMAND: POST /session/2f3a3ed30178fd4b3e43ef29d6279727/element - {"using":"xpath","value":"//span[contains(text(), \"TBS - Time based standard\")]"}
COMMAND: GET /session/2f3a3ed30178fd4b3e43ef29d6279727/screenshot - {}
RESULT: {"using":"xpath","value":"//span[contains(text(), \"TBS - Time based standard\")]"}
COMMAND: POST /session/2f3a3ed30178fd4b3e43ef29d6279727/element/f.8627BF333E87AC973E299D2132D92580.d.2D3F2541C04B5BB81C72C22BFFAD5B6A.e.19034/click - {}
RESULT: {}
RESULT: {}
COMMAND: POST /session/2f3a3ed30178fd4b3e43ef29d6279727/execute/async - {"script":"<script> [1562 bytes]","args":[{"selector":{"id":"application-managepricingrules-display-component---newInfoPriceItem--calcBase-arrow"},"wdio_ui5_key":"applicationmanagepricingrules-display-component---newInfoPriceItem--calcBase-arrow"}]}
COMMAND: GET /session/2f3a3ed30178fd4b3e43ef29d6279727/screenshot - {}
RESULT: {"script":"<script> [1562 bytes]","args":[{"selector":{"id":"application-managepricingrules-display-component---newInfoPriceItem--calcBase-arrow"},"wdio_ui5_key":"applicationmanagepricingrules-display-component---newInfoPriceItem--calcBase-arrow"}]}
RESULT: undefined
COMMAND: POST /session/2f3a3ed30178fd4b3e43ef29d6279727/element - {"using":"xpath","value":"//*[@id=\"application-managepricingrules-display-component---newInfoPriceItem--calcBase-arrow\"]"}
RESULT: {}
RESULT: {"using":"xpath","value":"//*[@id=\"application-managepricingrules-display-component---newInfoPriceItem--calcBase-arrow\"]"}
COMMAND: POST /session/2f3a3ed30178fd4b3e43ef29d6279727/element/f.8627BF333E87AC973E299D2132D92580.d.2D3F2541C04B5BB81C72C22BFFAD5B6A.e.19003/click - {}
RESULT: {}
COMMAND: GET /session/2f3a3ed30178fd4b3e43ef29d6279727/screenshot - {}
RESULT: {}
COMMAND: POST /session/2f3a3ed30178fd4b3e43ef29d6279727/element - {"using":"xpath","value":"//span[contains(text(), \"0006 - TB(calendar days)\")]"}
RESULT: {"using":"xpath","value":"//span[contains(text(), \"0006 - TB(calendar days)\")]"}
COMMAND: POST /session/2f3a3ed30178fd4b3e43ef29d6279727/element/f.8627BF333E87AC973E299D2132D92580.d.2D3F2541C04B5BB81C72C22BFFAD5B6A.e.19035/click - {}
RESULT: {}
COMMAND: GET /session/2f3a3ed30178fd4b3e43ef29d6279727/screenshot - {}
RESULT: {}
COMMAND: POST /session/2f3a3ed30178fd4b3e43ef29d6279727/execute/async - {"script":"<script> [1562 bytes]","args":[{"selector":{"id":"application-managepricingrules-display-component---newInfoPriceItem--daysMonth","interaction":{"idSuffix":"inner"}},"wdio_ui5_key":"applicationmanagepricingrules-display-component---newInfoPriceItem--daysMonth"}]}
RESULT: {"script":"<script> [1562 bytes]","args":[{"selector":{"id":"application-managepricingrules-display-component---newInfoPriceItem--daysMonth","interaction":{"idSuffix":"inner"}},"wdio_ui5_key":"applicationmanagepricingrules-display-component---newInfoPriceItem--daysMonth"}]}
RESULT: undefined
COMMAND: POST /session/2f3a3ed30178fd4b3e43ef29d6279727/execute/async - {"script":"<script> [776 bytes]","args":[{"enterText":"30","selector":{"id":"application-managepricingrules-display-component---newInfoPriceItem--daysMonth","interaction":{"idSuffix":"inner"}},"clearTextFirst":true,"interactionType":"ENTER_TEXT"}]}
RESULT: {"script":"<script> [776 bytes]","args":[{"enterText":"30","selector":{"id":"application-managepricingrules-display-component---newInfoPriceItem--daysMonth","interaction":{"idSuffix":"inner"}},"clearTextFirst":true,"interactionType":"ENTER_TEXT"}]}
COMMAND: POST /session/2f3a3ed30178fd4b3e43ef29d6279727/element - {"using":"xpath","value":"//button[@data-kt=\"saveNewRuleButton\"]"}
RESULT: {"using":"xpath","value":"//button[@data-kt=\"saveNewRuleButton\"]"}
COMMAND: POST /session/2f3a3ed30178fd4b3e43ef29d6279727/element/f.8627BF333E87AC973E299D2132D92580.d.2D3F2541C04B5BB81C72C22BFFAD5B6A.e.19023/click - {}
RESULT: {}
COMMAND: GET /session/2f3a3ed30178fd4b3e43ef29d6279727/screenshot - {}
RESULT: {}
COMMAND: POST /session/2f3a3ed30178fd4b3e43ef29d6279727/execute/async - {"script":"<script> [1562 bytes]","args":[{"selector":{"id":"application-managepricingrules-display-component---priceInfoItem--smartFilterBar-btnBasicSearch","interaction":{"idSuffix":"I"}},"wdio_ui5_key":"applicationmanagepricingrules-display-component---priceInfoItem--smartFilterBar-btnBasicSearch"}]}
RESULT: {"script":"<script> [1562 bytes]","args":[{"selector":{"id":"application-managepricingrules-display-component---priceInfoItem--smartFilterBar-btnBasicSearch","interaction":{"idSuffix":"I"}},"wdio_ui5_key":"applicationmanagepricingrules-display-component---priceInfoItem--smartFilterBar-btnBasicSearch"}]}
RESULT: undefined
COMMAND: POST /session/2f3a3ed30178fd4b3e43ef29d6279727/execute/async - {"script":"<script> [776 bytes]","args":[{"enterText":"W30K17D1Un","selector":{"id":"application-managepricingrules-display-component---priceInfoItem--smartFilterBar-btnBasicSearch","interaction":{"idSuffix":"I"}},"clearTextFirst":true,"interactionType":"ENTER_TEXT"}]}
RESULT: {"script":"<script> [776 bytes]","args":[{"enterText":"W30K17D1Un","selector":{"id":"application-managepricingrules-display-component---priceInfoItem--smartFilterBar-btnBasicSearch","interaction":{"idSuffix":"I"}},"clearTextFirst":true,"interactionType":"ENTER_TEXT"}]}
COMMAND: POST /session/2f3a3ed30178fd4b3e43ef29d6279727/actions - {"actions":[{"id":"action66","type":"key","parameters":{},"actions":[{"type":"keyDown","value":""},{"type":"pause","duration":10},{"type":"keyUp","value":""}]}]}
RESULT: {"actions":[{"id":"action66","type":"key","parameters":{},"actions":[{"type":"keyDown","value":""},{"type":"pause","duration":10},{"type":"keyUp","value":""}]}]}
COMMAND: GET /session/2f3a3ed30178fd4b3e43ef29d6279727/screenshot - {}
RESULT: {}
COMMAND: POST /session/2f3a3ed30178fd4b3e43ef29d6279727/element - {"using":"xpath","value":"//span[@id=\"application-managepricingrules-display-component---priceInfoItem--smartTable-header-inner\"]"}
RESULT: {"using":"xpath","value":"//span[@id=\"application-managepricingrules-display-component---priceInfoItem--smartTable-header-inner\"]"}
COMMAND: POST /session/2f3a3ed30178fd4b3e43ef29d6279727/elements - {"using":"xpath","value":"//span[@id=\"application-managepricingrules-display-component---priceInfoItem--smartTable-header-inner\"]"}
RESULT: {"using":"xpath","value":"//span[@id=\"application-managepricingrules-display-component---priceInfoItem--smartTable-header-inner\"]"}
COMMAND: POST /session/2f3a3ed30178fd4b3e43ef29d6279727/execute/sync - {"script":"<script> [56 bytes]","args":[{"element-6066-11e4-a52e-4f735466cecf":"f.8627BF333E87AC973E299D2132D92580.d.2D3F2541C04B5BB81C72C22BFFAD5B6A.e.19048","ELEMENT":"f.8627BF333E87AC973E299D2132D92580.d.2D3F2541C04B5BB81C72C22BFFAD5B6A.e.19048"}]}
RESULT: {"script":"<script> [56 bytes]","args":[{"element-6066-11e4-a52e-4f735466cecf":"f.8627BF333E87AC973E299D2132D92580.d.2D3F2541C04B5BB81C72C22BFFAD5B6A.e.19048","ELEMENT":"f.8627BF333E87AC973E299D2132D92580.d.2D3F2541C04B5BB81C72C22BFFAD5B6A.e.19048"}]}
COMMAND: POST /session/2f3a3ed30178fd4b3e43ef29d6279727/element - {"using":"css selector","value":"#shell-header-logo"}
COMMAND: GET /session/2f3a3ed30178fd4b3e43ef29d6279727/screenshot - {}
RESULT: {"using":"css selector","value":"#shell-header-logo"}
COMMAND: POST /session/2f3a3ed30178fd4b3e43ef29d6279727/element/f.8627BF333E87AC973E299D2132D92580.d.2D3F2541C04B5BB81C72C22BFFAD5B6A.e.18189/click - {}
RESULT: {}
RESULT: {}
COMMAND: GET /session/2f3a3ed30178fd4b3e43ef29d6279727/screenshot - {}
RESULT: {}
]]></system-out>
    </testcase>
    <testcase classname="chrome.135_0_7049_42.windows.Billing_Calculation_-_Time_based_(considering_transport_times)_US139738" name="Should create new pricing condition for 1st equipment" time="66.133">
      <system-out><![CDATA[
COMMAND: POST /session/2f3a3ed30178fd4b3e43ef29d6279727/execute/async - {"script":"<script> [1562 bytes]","args":[{"selector":{"controlType":"sap.m.Text","properties":{"text":"Manage Conditions & Prices"},"interaction":{"idSuffix":"inner"}},"wdio_ui5_key":"sapm.Text{\"text\":\"Manage Conditions & Prices\"}"}]}
RESULT: {"script":"<script> [1562 bytes]","args":[{"selector":{"controlType":"sap.m.Text","properties":{"text":"Manage Conditions & Prices"},"interaction":{"idSuffix":"inner"}},"wdio_ui5_key":"sapm.Text{\"text\":\"Manage Conditions & Prices\"}"}]}
RESULT: undefined
COMMAND: POST /session/2f3a3ed30178fd4b3e43ef29d6279727/element - {"using":"xpath","value":"//*[@id=\"__tile53-title\"]"}
RESULT: {"using":"xpath","value":"//*[@id=\"__tile53-title\"]"}
COMMAND: POST /session/2f3a3ed30178fd4b3e43ef29d6279727/element/f.8627BF333E87AC973E299D2132D92580.d.2D3F2541C04B5BB81C72C22BFFAD5B6A.e.19051/click - {}
RESULT: {}
COMMAND: POST /session/2f3a3ed30178fd4b3e43ef29d6279727/element - {"using":"xpath","value":"//button[@aria-label=\"Create\"]"}
COMMAND: GET /session/2f3a3ed30178fd4b3e43ef29d6279727/screenshot - {}
RESULT: {"using":"xpath","value":"//button[@aria-label=\"Create\"]"}
COMMAND: POST /session/2f3a3ed30178fd4b3e43ef29d6279727/elements - {"using":"xpath","value":"//button[@aria-label=\"Create\"]"}
RESULT: {}
RESULT: {"using":"xpath","value":"//button[@aria-label=\"Create\"]"}
COMMAND: POST /session/2f3a3ed30178fd4b3e43ef29d6279727/elements - {"using":"xpath","value":"//button[@aria-label=\"Create\"]"}
RESULT: {"using":"xpath","value":"//button[@aria-label=\"Create\"]"}
COMMAND: POST /session/2f3a3ed30178fd4b3e43ef29d6279727/elements - {"using":"xpath","value":"//button[@aria-label=\"Create\"]"}
RESULT: {"using":"xpath","value":"//button[@aria-label=\"Create\"]"}
COMMAND: POST /session/2f3a3ed30178fd4b3e43ef29d6279727/elements - {"using":"xpath","value":"//button[@aria-label=\"Create\"]"}
RESULT: {"using":"xpath","value":"//button[@aria-label=\"Create\"]"}
COMMAND: POST /session/2f3a3ed30178fd4b3e43ef29d6279727/elements - {"using":"xpath","value":"//button[@aria-label=\"Create\"]"}
RESULT: {"using":"xpath","value":"//button[@aria-label=\"Create\"]"}
COMMAND: POST /session/2f3a3ed30178fd4b3e43ef29d6279727/elements - {"using":"xpath","value":"//button[@aria-label=\"Create\"]"}
RESULT: {"using":"xpath","value":"//button[@aria-label=\"Create\"]"}
COMMAND: POST /session/2f3a3ed30178fd4b3e43ef29d6279727/elements - {"using":"xpath","value":"//button[@aria-label=\"Create\"]"}
RESULT: {"using":"xpath","value":"//button[@aria-label=\"Create\"]"}
COMMAND: POST /session/2f3a3ed30178fd4b3e43ef29d6279727/elements - {"using":"xpath","value":"//button[@aria-label=\"Create\"]"}
RESULT: {"using":"xpath","value":"//button[@aria-label=\"Create\"]"}
COMMAND: POST /session/2f3a3ed30178fd4b3e43ef29d6279727/elements - {"using":"xpath","value":"//button[@aria-label=\"Create\"]"}
RESULT: {"using":"xpath","value":"//button[@aria-label=\"Create\"]"}
COMMAND: POST /session/2f3a3ed30178fd4b3e43ef29d6279727/elements - {"using":"xpath","value":"//button[@aria-label=\"Create\"]"}
RESULT: {"using":"xpath","value":"//button[@aria-label=\"Create\"]"}
COMMAND: POST /session/2f3a3ed30178fd4b3e43ef29d6279727/elements - {"using":"xpath","value":"//button[@aria-label=\"Create\"]"}
RESULT: {"using":"xpath","value":"//button[@aria-label=\"Create\"]"}
COMMAND: POST /session/2f3a3ed30178fd4b3e43ef29d6279727/element - {"using":"xpath","value":"//button[@aria-label=\"Create\"]"}
RESULT: {"using":"xpath","value":"//button[@aria-label=\"Create\"]"}
COMMAND: POST /session/2f3a3ed30178fd4b3e43ef29d6279727/execute/sync - {"script":"<script> [8489 bytes]","args":[{"element-6066-11e4-a52e-4f735466cecf":"f.8627BF333E87AC973E299D2132D92580.d.2D3F2541C04B5BB81C72C22BFFAD5B6A.e.19085","ELEMENT":"f.8627BF333E87AC973E299D2132D92580.d.2D3F2541C04B5BB81C72C22BFFAD5B6A.e.19085"}]}
RESULT: {"script":"<script> [8489 bytes]","args":[{"element-6066-11e4-a52e-4f735466cecf":"f.8627BF333E87AC973E299D2132D92580.d.2D3F2541C04B5BB81C72C22BFFAD5B6A.e.19085","ELEMENT":"f.8627BF333E87AC973E299D2132D92580.d.2D3F2541C04B5BB81C72C22BFFAD5B6A.e.19085"}]}
COMMAND: GET /session/2f3a3ed30178fd4b3e43ef29d6279727/element/f.8627BF333E87AC973E299D2132D92580.d.2D3F2541C04B5BB81C72C22BFFAD5B6A.e.19085/enabled - {}
COMMAND: GET /session/2f3a3ed30178fd4b3e43ef29d6279727/screenshot - {}
RESULT: {}
RESULT: {}
COMMAND: POST /session/2f3a3ed30178fd4b3e43ef29d6279727/execute/sync - {"script":"<script> [8489 bytes]","args":[{"element-6066-11e4-a52e-4f735466cecf":"f.8627BF333E87AC973E299D2132D92580.d.2D3F2541C04B5BB81C72C22BFFAD5B6A.e.19085","ELEMENT":"f.8627BF333E87AC973E299D2132D92580.d.2D3F2541C04B5BB81C72C22BFFAD5B6A.e.19085"}]}
COMMAND: GET /session/2f3a3ed30178fd4b3e43ef29d6279727/screenshot - {}
RESULT: {"script":"<script> [8489 bytes]","args":[{"element-6066-11e4-a52e-4f735466cecf":"f.8627BF333E87AC973E299D2132D92580.d.2D3F2541C04B5BB81C72C22BFFAD5B6A.e.19085","ELEMENT":"f.8627BF333E87AC973E299D2132D92580.d.2D3F2541C04B5BB81C72C22BFFAD5B6A.e.19085"}]}
COMMAND: POST /session/2f3a3ed30178fd4b3e43ef29d6279727/execute/sync - {"script":"<script> [5351 bytes]","args":[{"element-6066-11e4-a52e-4f735466cecf":"f.8627BF333E87AC973E299D2132D92580.d.2D3F2541C04B5BB81C72C22BFFAD5B6A.e.19085","ELEMENT":"f.8627BF333E87AC973E299D2132D92580.d.2D3F2541C04B5BB81C72C22BFFAD5B6A.e.19085"}]}
COMMAND: GET /session/2f3a3ed30178fd4b3e43ef29d6279727/screenshot - {}
RESULT: {}
RESULT: {"script":"<script> [5351 bytes]","args":[{"element-6066-11e4-a52e-4f735466cecf":"f.8627BF333E87AC973E299D2132D92580.d.2D3F2541C04B5BB81C72C22BFFAD5B6A.e.19085","ELEMENT":"f.8627BF333E87AC973E299D2132D92580.d.2D3F2541C04B5BB81C72C22BFFAD5B6A.e.19085"}]}
COMMAND: POST /session/2f3a3ed30178fd4b3e43ef29d6279727/element/f.8627BF333E87AC973E299D2132D92580.d.2D3F2541C04B5BB81C72C22BFFAD5B6A.e.19085/click - {}
COMMAND: GET /session/2f3a3ed30178fd4b3e43ef29d6279727/screenshot - {}
RESULT: {}
RESULT: {}
COMMAND: GET /session/2f3a3ed30178fd4b3e43ef29d6279727/screenshot - {}
RESULT: {}
RESULT: {}
COMMAND: POST /session/2f3a3ed30178fd4b3e43ef29d6279727/actions - {"actions":[{"id":"action67","type":"key","parameters":{},"actions":[{"type":"keyDown","value":""},{"type":"pause","duration":10},{"type":"keyUp","value":""}]}]}
RESULT: {"actions":[{"id":"action67","type":"key","parameters":{},"actions":[{"type":"keyDown","value":""},{"type":"pause","duration":10},{"type":"keyUp","value":""}]}]}
COMMAND: GET /session/2f3a3ed30178fd4b3e43ef29d6279727/screenshot - {}
RESULT: {}
COMMAND: POST /session/2f3a3ed30178fd4b3e43ef29d6279727/execute/async - {"script":"<script> [1562 bytes]","args":[{"selector":{"id":"application-manageconditionprice-display-component---newCondition--condBillCond-arrow"},"wdio_ui5_key":"applicationmanageconditionprice-display-component---newCondition--condBillCond-arrow"}]}
RESULT: {"script":"<script> [1562 bytes]","args":[{"selector":{"id":"application-manageconditionprice-display-component---newCondition--condBillCond-arrow"},"wdio_ui5_key":"applicationmanageconditionprice-display-component---newCondition--condBillCond-arrow"}]}
RESULT: undefined
COMMAND: POST /session/2f3a3ed30178fd4b3e43ef29d6279727/element - {"using":"xpath","value":"//*[@id=\"application-manageconditionprice-display-component---newCondition--condBillCond-arrow\"]"}
RESULT: {"using":"xpath","value":"//*[@id=\"application-manageconditionprice-display-component---newCondition--condBillCond-arrow\"]"}
COMMAND: POST /session/2f3a3ed30178fd4b3e43ef29d6279727/element/f.8627BF333E87AC973E299D2132D92580.d.2D3F2541C04B5BB81C72C22BFFAD5B6A.e.19261/click - {}
RESULT: {}
COMMAND: GET /session/2f3a3ed30178fd4b3e43ef29d6279727/screenshot - {}
RESULT: {}
COMMAND: POST /session/2f3a3ed30178fd4b3e43ef29d6279727/element - {"using":"xpath","value":"//li[.//span[contains(text(), \"DISP - D&I special price\")]]"}
RESULT: {"using":"xpath","value":"//li[.//span[contains(text(), \"DISP - D&I special price\")]]"}
COMMAND: POST /session/2f3a3ed30178fd4b3e43ef29d6279727/element/f.8627BF333E87AC973E299D2132D92580.d.2D3F2541C04B5BB81C72C22BFFAD5B6A.e.19264/click - {}
RESULT: {}
COMMAND: GET /session/2f3a3ed30178fd4b3e43ef29d6279727/screenshot - {}
RESULT: {}
COMMAND: POST /session/2f3a3ed30178fd4b3e43ef29d6279727/execute/async - {"script":"<script> [1562 bytes]","args":[{"selector":{"id":"application-manageconditionprice-display-component---newCondition--condValidTo","interaction":{"idSuffix":"inner"}},"wdio_ui5_key":"applicationmanageconditionprice-display-component---newCondition--condValidTo"}]}
RESULT: {"script":"<script> [1562 bytes]","args":[{"selector":{"id":"application-manageconditionprice-display-component---newCondition--condValidTo","interaction":{"idSuffix":"inner"}},"wdio_ui5_key":"applicationmanageconditionprice-display-component---newCondition--condValidTo"}]}
RESULT: undefined
COMMAND: POST /session/2f3a3ed30178fd4b3e43ef29d6279727/execute/async - {"script":"<script> [776 bytes]","args":[{"enterText":"12/23/25","selector":{"id":"application-manageconditionprice-display-component---newCondition--condValidTo","interaction":{"idSuffix":"inner"}},"clearTextFirst":true,"interactionType":"ENTER_TEXT"}]}
RESULT: {"script":"<script> [776 bytes]","args":[{"enterText":"12/23/25","selector":{"id":"application-manageconditionprice-display-component---newCondition--condValidTo","interaction":{"idSuffix":"inner"}},"clearTextFirst":true,"interactionType":"ENTER_TEXT"}]}
COMMAND: POST /session/2f3a3ed30178fd4b3e43ef29d6279727/element - {"using":"xpath","value":"//input[@id=\"application-manageconditionprice-display-component---newCondition--condRU-inner\"]"}
RESULT: {"using":"xpath","value":"//input[@id=\"application-manageconditionprice-display-component---newCondition--condRU-inner\"]"}
COMMAND: POST /session/2f3a3ed30178fd4b3e43ef29d6279727/element/f.8627BF333E87AC973E299D2132D92580.d.2D3F2541C04B5BB81C72C22BFFAD5B6A.e.19127/clear - {}
RESULT: {}
COMMAND: POST /session/2f3a3ed30178fd4b3e43ef29d6279727/element/f.8627BF333E87AC973E299D2132D92580.d.2D3F2541C04B5BB81C72C22BFFAD5B6A.e.19127/value - {"text":"W30K17D1Un"}
COMMAND: GET /session/2f3a3ed30178fd4b3e43ef29d6279727/screenshot - {}
RESULT: {"text":"W30K17D1Un"}
COMMAND: GET /session/2f3a3ed30178fd4b3e43ef29d6279727/screenshot - {}
RESULT: {}
RESULT: {}
COMMAND: POST /session/2f3a3ed30178fd4b3e43ef29d6279727/actions - {"actions":[{"id":"action68","type":"key","parameters":{},"actions":[{"type":"keyDown","value":""},{"type":"pause","duration":10},{"type":"keyUp","value":""}]}]}
RESULT: {"actions":[{"id":"action68","type":"key","parameters":{},"actions":[{"type":"keyDown","value":""},{"type":"pause","duration":10},{"type":"keyUp","value":""}]}]}
COMMAND: POST /session/2f3a3ed30178fd4b3e43ef29d6279727/execute/async - {"script":"<script> [1562 bytes]","args":[{"selector":{"id":"application-manageconditionprice-display-component---newCondition--condBaseQty","interaction":{"idSuffix":"inner"}},"wdio_ui5_key":"applicationmanageconditionprice-display-component---newCondition--condBaseQty"}]}
COMMAND: GET /session/2f3a3ed30178fd4b3e43ef29d6279727/screenshot - {}
RESULT: {"script":"<script> [1562 bytes]","args":[{"selector":{"id":"application-manageconditionprice-display-component---newCondition--condBaseQty","interaction":{"idSuffix":"inner"}},"wdio_ui5_key":"applicationmanageconditionprice-display-component---newCondition--condBaseQty"}]}
RESULT: undefined
COMMAND: POST /session/2f3a3ed30178fd4b3e43ef29d6279727/execute/async - {"script":"<script> [776 bytes]","args":[{"enterText":"1","selector":{"id":"application-manageconditionprice-display-component---newCondition--condBaseQty","interaction":{"idSuffix":"inner"}},"clearTextFirst":true,"interactionType":"ENTER_TEXT"}]}
RESULT: {}
RESULT: {"script":"<script> [776 bytes]","args":[{"enterText":"1","selector":{"id":"application-manageconditionprice-display-component---newCondition--condBaseQty","interaction":{"idSuffix":"inner"}},"clearTextFirst":true,"interactionType":"ENTER_TEXT"}]}
COMMAND: POST /session/2f3a3ed30178fd4b3e43ef29d6279727/execute/async - {"script":"<script> [1562 bytes]","args":[{"selector":{"id":"application-manageconditionprice-display-component---newCondition--condValue","interaction":{"idSuffix":"inner"}},"wdio_ui5_key":"applicationmanageconditionprice-display-component---newCondition--condValue"}]}
RESULT: {"script":"<script> [1562 bytes]","args":[{"selector":{"id":"application-manageconditionprice-display-component---newCondition--condValue","interaction":{"idSuffix":"inner"}},"wdio_ui5_key":"applicationmanageconditionprice-display-component---newCondition--condValue"}]}
RESULT: undefined
COMMAND: POST /session/2f3a3ed30178fd4b3e43ef29d6279727/execute/async - {"script":"<script> [776 bytes]","args":[{"enterText":"100","selector":{"id":"application-manageconditionprice-display-component---newCondition--condValue","interaction":{"idSuffix":"inner"}},"clearTextFirst":true,"interactionType":"ENTER_TEXT"}]}
RESULT: {"script":"<script> [776 bytes]","args":[{"enterText":"100","selector":{"id":"application-manageconditionprice-display-component---newCondition--condValue","interaction":{"idSuffix":"inner"}},"clearTextFirst":true,"interactionType":"ENTER_TEXT"}]}
COMMAND: POST /session/2f3a3ed30178fd4b3e43ef29d6279727/execute/async - {"script":"<script> [1562 bytes]","args":[{"selector":{"id":"application-manageconditionprice-display-component---newCondition--condCurr-arrow"},"wdio_ui5_key":"applicationmanageconditionprice-display-component---newCondition--condCurr-arrow"}]}
RESULT: {"script":"<script> [1562 bytes]","args":[{"selector":{"id":"application-manageconditionprice-display-component---newCondition--condCurr-arrow"},"wdio_ui5_key":"applicationmanageconditionprice-display-component---newCondition--condCurr-arrow"}]}
RESULT: undefined
COMMAND: POST /session/2f3a3ed30178fd4b3e43ef29d6279727/element - {"using":"xpath","value":"//*[@id=\"application-manageconditionprice-display-component---newCondition--condCurr-arrow\"]"}
RESULT: {"using":"xpath","value":"//*[@id=\"application-manageconditionprice-display-component---newCondition--condCurr-arrow\"]"}
COMMAND: POST /session/2f3a3ed30178fd4b3e43ef29d6279727/element/f.8627BF333E87AC973E299D2132D92580.d.2D3F2541C04B5BB81C72C22BFFAD5B6A.e.19243/click - {}
RESULT: {}
COMMAND: POST /session/2f3a3ed30178fd4b3e43ef29d6279727/element - {"using":"xpath","value":"//span[contains(text(), \"Euro\")]"}
COMMAND: GET /session/2f3a3ed30178fd4b3e43ef29d6279727/screenshot - {}
RESULT: {"using":"xpath","value":"//span[contains(text(), \"Euro\")]"}
COMMAND: POST /session/2f3a3ed30178fd4b3e43ef29d6279727/element/f.8627BF333E87AC973E299D2132D92580.d.2D3F2541C04B5BB81C72C22BFFAD5B6A.e.19301/click - {}
RESULT: {}
RESULT: {}
COMMAND: POST /session/2f3a3ed30178fd4b3e43ef29d6279727/element - {"using":"xpath","value":"//button[@data-kt=\"saveButton\"]"}
COMMAND: GET /session/2f3a3ed30178fd4b3e43ef29d6279727/screenshot - {}
RESULT: {"using":"xpath","value":"//button[@data-kt=\"saveButton\"]"}
COMMAND: POST /session/2f3a3ed30178fd4b3e43ef29d6279727/element/f.8627BF333E87AC973E299D2132D92580.d.2D3F2541C04B5BB81C72C22BFFAD5B6A.e.19244/click - {}
RESULT: {}
RESULT: {}
COMMAND: GET /session/2f3a3ed30178fd4b3e43ef29d6279727/screenshot - {}
RESULT: {}
COMMAND: POST /session/2f3a3ed30178fd4b3e43ef29d6279727/execute/async - {"script":"<script> [1562 bytes]","args":[{"selector":{"id":"application-manageconditionprice-display-component---conditions--smartFilterBar-btnBasicSearch","interaction":{"idSuffix":"I"}},"wdio_ui5_key":"applicationmanageconditionprice-display-component---conditions--smartFilterBar-btnBasicSearch"}]}
RESULT: {"script":"<script> [1562 bytes]","args":[{"selector":{"id":"application-manageconditionprice-display-component---conditions--smartFilterBar-btnBasicSearch","interaction":{"idSuffix":"I"}},"wdio_ui5_key":"applicationmanageconditionprice-display-component---conditions--smartFilterBar-btnBasicSearch"}]}
RESULT: undefined
COMMAND: POST /session/2f3a3ed30178fd4b3e43ef29d6279727/execute/async - {"script":"<script> [776 bytes]","args":[{"enterText":"W30K17D1Un","selector":{"id":"application-manageconditionprice-display-component---conditions--smartFilterBar-btnBasicSearch","interaction":{"idSuffix":"I"}},"clearTextFirst":true,"interactionType":"ENTER_TEXT"}]}
RESULT: {"script":"<script> [776 bytes]","args":[{"enterText":"W30K17D1Un","selector":{"id":"application-manageconditionprice-display-component---conditions--smartFilterBar-btnBasicSearch","interaction":{"idSuffix":"I"}},"clearTextFirst":true,"interactionType":"ENTER_TEXT"}]}
COMMAND: POST /session/2f3a3ed30178fd4b3e43ef29d6279727/actions - {"actions":[{"id":"action69","type":"key","parameters":{},"actions":[{"type":"keyDown","value":""},{"type":"pause","duration":10},{"type":"keyUp","value":""}]}]}
RESULT: {"actions":[{"id":"action69","type":"key","parameters":{},"actions":[{"type":"keyDown","value":""},{"type":"pause","duration":10},{"type":"keyUp","value":""}]}]}
COMMAND: GET /session/2f3a3ed30178fd4b3e43ef29d6279727/screenshot - {}
RESULT: {}
COMMAND: POST /session/2f3a3ed30178fd4b3e43ef29d6279727/execute/async - {"script":"<script> [1562 bytes]","args":[{"selector":{"id":"application-manageconditionprice-display-component---conditions--smartFilterBar-filterItemControl_BASIC-BILL_TYPES-vhi"},"wdio_ui5_key":"applicationmanageconditionprice-display-component---conditions--smartFilterBar-filterItemControl_BASIC-BILL_TYPES-vhi"}]}
RESULT: {"script":"<script> [1562 bytes]","args":[{"selector":{"id":"application-manageconditionprice-display-component---conditions--smartFilterBar-filterItemControl_BASIC-BILL_TYPES-vhi"},"wdio_ui5_key":"applicationmanageconditionprice-display-component---conditions--smartFilterBar-filterItemControl_BASIC-BILL_TYPES-vhi"}]}
RESULT: undefined
COMMAND: POST /session/2f3a3ed30178fd4b3e43ef29d6279727/element - {"using":"xpath","value":"//*[@id=\"application-manageconditionprice-display-component---conditions--smartFilterBar-filterItemControl_BASIC-BILL_TYPES-vhi\"]"}
RESULT: {"using":"xpath","value":"//*[@id=\"application-manageconditionprice-display-component---conditions--smartFilterBar-filterItemControl_BASIC-BILL_TYPES-vhi\"]"}
COMMAND: POST /session/2f3a3ed30178fd4b3e43ef29d6279727/element/f.8627BF333E87AC973E299D2132D92580.d.2D3F2541C04B5BB81C72C22BFFAD5B6A.e.19318/click - {}
RESULT: {}
COMMAND: POST /session/2f3a3ed30178fd4b3e43ef29d6279727/execute/async - {"script":"<script> [1562 bytes]","args":[{"selector":{"id":"application-manageconditionprice-display-component---conditions--smartFilterBar-filterItemControl_BASIC-BILL_TYPES-valueHelpDialog-smartFilterBar-btnBasicSearch","searchOpenDialogs":true,"interaction":{"idSuffix":"I"}},"wdio_ui5_key":"applicationmanageconditionprice-display-component---conditions--smartFilterBar-filterItemControl_BASIC-BILL_TYPES-valueHelpDialog-smartFilterBar-btnBasicSearch"}]}
COMMAND: GET /session/2f3a3ed30178fd4b3e43ef29d6279727/screenshot - {}
RESULT: {"script":"<script> [1562 bytes]","args":[{"selector":{"id":"application-manageconditionprice-display-component---conditions--smartFilterBar-filterItemControl_BASIC-BILL_TYPES-valueHelpDialog-smartFilterBar-btnBasicSearch","searchOpenDialogs":true,"interaction":{"idSuffix":"I"}},"wdio_ui5_key":"applicationmanageconditionprice-display-component---conditions--smartFilterBar-filterItemControl_BASIC-BILL_TYPES-valueHelpDialog-smartFilterBar-btnBasicSearch"}]}
RESULT: undefined
COMMAND: POST /session/2f3a3ed30178fd4b3e43ef29d6279727/execute/async - {"script":"<script> [776 bytes]","args":[{"enterText":"TB","selector":{"id":"application-manageconditionprice-display-component---conditions--smartFilterBar-filterItemControl_BASIC-BILL_TYPES-valueHelpDialog-smartFilterBar-btnBasicSearch","searchOpenDialogs":true,"interaction":{"idSuffix":"I"}},"clearTextFirst":true,"interactionType":"ENTER_TEXT"}]}
RESULT: {}
RESULT: {"script":"<script> [776 bytes]","args":[{"enterText":"TB","selector":{"id":"application-manageconditionprice-display-component---conditions--smartFilterBar-filterItemControl_BASIC-BILL_TYPES-valueHelpDialog-smartFilterBar-btnBasicSearch","searchOpenDialogs":true,"interaction":{"idSuffix":"I"}},"clearTextFirst":true,"interactionType":"ENTER_TEXT"}]}
COMMAND: POST /session/2f3a3ed30178fd4b3e43ef29d6279727/actions - {"actions":[{"id":"action70","type":"key","parameters":{},"actions":[{"type":"keyDown","value":""},{"type":"pause","duration":10},{"type":"keyUp","value":""}]}]}
RESULT: {"actions":[{"id":"action70","type":"key","parameters":{},"actions":[{"type":"keyDown","value":""},{"type":"pause","duration":10},{"type":"keyUp","value":""}]}]}
COMMAND: GET /session/2f3a3ed30178fd4b3e43ef29d6279727/screenshot - {}
RESULT: {}
COMMAND: POST /session/2f3a3ed30178fd4b3e43ef29d6279727/element - {"using":"xpath","value":"//div[contains(@id, 'application-manageconditionprice-display-component---conditions--smartFilterBar-filterItemControl_BASIC-BILL_TYPES-valueHelpDialog-table-rowsel0')]"}
RESULT: {"using":"xpath","value":"//div[contains(@id, 'application-manageconditionprice-display-component---conditions--smartFilterBar-filterItemControl_BASIC-BILL_TYPES-valueHelpDialog-table-rowsel0')]"}
COMMAND: POST /session/2f3a3ed30178fd4b3e43ef29d6279727/element/f.8627BF333E87AC973E299D2132D92580.d.2D3F2541C04B5BB81C72C22BFFAD5B6A.e.19327/click - {}
RESULT: {}
COMMAND: GET /session/2f3a3ed30178fd4b3e43ef29d6279727/screenshot - {}
RESULT: {}
COMMAND: POST /session/2f3a3ed30178fd4b3e43ef29d6279727/element - {"using":"xpath","value":"//bdi[contains(text(), \"OK\")]"}
RESULT: {"using":"xpath","value":"//bdi[contains(text(), \"OK\")]"}
COMMAND: POST /session/2f3a3ed30178fd4b3e43ef29d6279727/element/f.8627BF333E87AC973E299D2132D92580.d.2D3F2541C04B5BB81C72C22BFFAD5B6A.e.19329/click - {}
RESULT: {}
COMMAND: GET /session/2f3a3ed30178fd4b3e43ef29d6279727/screenshot - {}
RESULT: {}
COMMAND: POST /session/2f3a3ed30178fd4b3e43ef29d6279727/element - {"using":"xpath","value":"//span[@id=\"application-manageconditionprice-display-component---conditions--smartTable-header-inner\"]"}
RESULT: {"using":"xpath","value":"//span[@id=\"application-manageconditionprice-display-component---conditions--smartTable-header-inner\"]"}
COMMAND: POST /session/2f3a3ed30178fd4b3e43ef29d6279727/elements - {"using":"xpath","value":"//span[@id=\"application-manageconditionprice-display-component---conditions--smartTable-header-inner\"]"}
RESULT: {"using":"xpath","value":"//span[@id=\"application-manageconditionprice-display-component---conditions--smartTable-header-inner\"]"}
COMMAND: POST /session/2f3a3ed30178fd4b3e43ef29d6279727/execute/sync - {"script":"<script> [56 bytes]","args":[{"element-6066-11e4-a52e-4f735466cecf":"f.8627BF333E87AC973E299D2132D92580.d.2D3F2541C04B5BB81C72C22BFFAD5B6A.e.19332","ELEMENT":"f.8627BF333E87AC973E299D2132D92580.d.2D3F2541C04B5BB81C72C22BFFAD5B6A.e.19332"}]}
RESULT: {"script":"<script> [56 bytes]","args":[{"element-6066-11e4-a52e-4f735466cecf":"f.8627BF333E87AC973E299D2132D92580.d.2D3F2541C04B5BB81C72C22BFFAD5B6A.e.19332","ELEMENT":"f.8627BF333E87AC973E299D2132D92580.d.2D3F2541C04B5BB81C72C22BFFAD5B6A.e.19332"}]}
COMMAND: POST /session/2f3a3ed30178fd4b3e43ef29d6279727/element - {"using":"css selector","value":"#shell-header-logo"}
COMMAND: GET /session/2f3a3ed30178fd4b3e43ef29d6279727/screenshot - {}
RESULT: {"using":"css selector","value":"#shell-header-logo"}
COMMAND: POST /session/2f3a3ed30178fd4b3e43ef29d6279727/element/f.8627BF333E87AC973E299D2132D92580.d.2D3F2541C04B5BB81C72C22BFFAD5B6A.e.19053/click - {}
RESULT: {}
RESULT: {}
COMMAND: GET /session/2f3a3ed30178fd4b3e43ef29d6279727/screenshot - {}
RESULT: {}
]]></system-out>
    </testcase>
    <testcase classname="chrome.135_0_7049_42.windows.Billing_Calculation_-_Time_based_(considering_transport_times)_US139738" name="Should do a stock increase for both equipments" time="76.397">
      <system-out><![CDATA[
COMMAND: POST /session/2f3a3ed30178fd4b3e43ef29d6279727/execute/async - {"script":"<script> [1562 bytes]","args":[{"selector":{"controlType":"sap.m.Text","viewName":"etm.portal.ui.managehandoverstile.view.Master","properties":{"text":"Manage Handovers"},"interaction":{"idSuffix":"inner"}},"wdio_ui5_key":"etmportal.ui.managehandoverstile.view.Mastersap.m.Text{\"text\":\"Manage Handovers\"}"}]}
RESULT: {"script":"<script> [1562 bytes]","args":[{"selector":{"controlType":"sap.m.Text","viewName":"etm.portal.ui.managehandoverstile.view.Master","properties":{"text":"Manage Handovers"},"interaction":{"idSuffix":"inner"}},"wdio_ui5_key":"etmportal.ui.managehandoverstile.view.Mastersap.m.Text{\"text\":\"Manage Handovers\"}"}]}
RESULT: undefined
COMMAND: POST /session/2f3a3ed30178fd4b3e43ef29d6279727/element - {"using":"xpath","value":"//*[@id=\"__tile133-title\"]"}
RESULT: {"using":"xpath","value":"//*[@id=\"__tile133-title\"]"}
COMMAND: POST /session/2f3a3ed30178fd4b3e43ef29d6279727/element/f.8627BF333E87AC973E299D2132D92580.d.2D3F2541C04B5BB81C72C22BFFAD5B6A.e.19337/click - {}
RESULT: {}
COMMAND: POST /session/2f3a3ed30178fd4b3e43ef29d6279727/element - {"using":"xpath","value":"//button[@data-kt=\"masterHOAddButton\"]"}
COMMAND: GET /session/2f3a3ed30178fd4b3e43ef29d6279727/screenshot - {}
RESULT: {"using":"xpath","value":"//button[@data-kt=\"masterHOAddButton\"]"}
COMMAND: POST /session/2f3a3ed30178fd4b3e43ef29d6279727/elements - {"using":"xpath","value":"//button[@data-kt=\"masterHOAddButton\"]"}
RESULT: {}
RESULT: {"using":"xpath","value":"//button[@data-kt=\"masterHOAddButton\"]"}
COMMAND: POST /session/2f3a3ed30178fd4b3e43ef29d6279727/elements - {"using":"xpath","value":"//button[@data-kt=\"masterHOAddButton\"]"}
RESULT: {"using":"xpath","value":"//button[@data-kt=\"masterHOAddButton\"]"}
COMMAND: POST /session/2f3a3ed30178fd4b3e43ef29d6279727/elements - {"using":"xpath","value":"//button[@data-kt=\"masterHOAddButton\"]"}
RESULT: {"using":"xpath","value":"//button[@data-kt=\"masterHOAddButton\"]"}
COMMAND: POST /session/2f3a3ed30178fd4b3e43ef29d6279727/elements - {"using":"xpath","value":"//button[@data-kt=\"masterHOAddButton\"]"}
RESULT: {"using":"xpath","value":"//button[@data-kt=\"masterHOAddButton\"]"}
COMMAND: POST /session/2f3a3ed30178fd4b3e43ef29d6279727/elements - {"using":"xpath","value":"//button[@data-kt=\"masterHOAddButton\"]"}
RESULT: {"using":"xpath","value":"//button[@data-kt=\"masterHOAddButton\"]"}
COMMAND: POST /session/2f3a3ed30178fd4b3e43ef29d6279727/elements - {"using":"xpath","value":"//button[@data-kt=\"masterHOAddButton\"]"}
RESULT: {"using":"xpath","value":"//button[@data-kt=\"masterHOAddButton\"]"}
COMMAND: POST /session/2f3a3ed30178fd4b3e43ef29d6279727/elements - {"using":"xpath","value":"//button[@data-kt=\"masterHOAddButton\"]"}
RESULT: {"using":"xpath","value":"//button[@data-kt=\"masterHOAddButton\"]"}
COMMAND: POST /session/2f3a3ed30178fd4b3e43ef29d6279727/elements - {"using":"xpath","value":"//button[@data-kt=\"masterHOAddButton\"]"}
RESULT: {"using":"xpath","value":"//button[@data-kt=\"masterHOAddButton\"]"}
COMMAND: POST /session/2f3a3ed30178fd4b3e43ef29d6279727/elements - {"using":"xpath","value":"//button[@data-kt=\"masterHOAddButton\"]"}
RESULT: {"using":"xpath","value":"//button[@data-kt=\"masterHOAddButton\"]"}
COMMAND: POST /session/2f3a3ed30178fd4b3e43ef29d6279727/elements - {"using":"xpath","value":"//button[@data-kt=\"masterHOAddButton\"]"}
RESULT: {"using":"xpath","value":"//button[@data-kt=\"masterHOAddButton\"]"}
COMMAND: POST /session/2f3a3ed30178fd4b3e43ef29d6279727/elements - {"using":"xpath","value":"//button[@data-kt=\"masterHOAddButton\"]"}
RESULT: {"using":"xpath","value":"//button[@data-kt=\"masterHOAddButton\"]"}
COMMAND: POST /session/2f3a3ed30178fd4b3e43ef29d6279727/elements - {"using":"xpath","value":"//button[@data-kt=\"masterHOAddButton\"]"}
RESULT: {"using":"xpath","value":"//button[@data-kt=\"masterHOAddButton\"]"}
COMMAND: POST /session/2f3a3ed30178fd4b3e43ef29d6279727/element - {"using":"xpath","value":"//button[@data-kt=\"masterHOAddButton\"]"}
RESULT: {"using":"xpath","value":"//button[@data-kt=\"masterHOAddButton\"]"}
COMMAND: POST /session/2f3a3ed30178fd4b3e43ef29d6279727/execute/sync - {"script":"<script> [8489 bytes]","args":[{"element-6066-11e4-a52e-4f735466cecf":"f.8627BF333E87AC973E299D2132D92580.d.2D3F2541C04B5BB81C72C22BFFAD5B6A.e.19367","ELEMENT":"f.8627BF333E87AC973E299D2132D92580.d.2D3F2541C04B5BB81C72C22BFFAD5B6A.e.19367"}]}
RESULT: {"script":"<script> [8489 bytes]","args":[{"element-6066-11e4-a52e-4f735466cecf":"f.8627BF333E87AC973E299D2132D92580.d.2D3F2541C04B5BB81C72C22BFFAD5B6A.e.19367","ELEMENT":"f.8627BF333E87AC973E299D2132D92580.d.2D3F2541C04B5BB81C72C22BFFAD5B6A.e.19367"}]}
COMMAND: GET /session/2f3a3ed30178fd4b3e43ef29d6279727/element/f.8627BF333E87AC973E299D2132D92580.d.2D3F2541C04B5BB81C72C22BFFAD5B6A.e.19367/enabled - {}
COMMAND: GET /session/2f3a3ed30178fd4b3e43ef29d6279727/screenshot - {}
RESULT: {}
COMMAND: POST /session/2f3a3ed30178fd4b3e43ef29d6279727/execute/sync - {"script":"<script> [8489 bytes]","args":[{"element-6066-11e4-a52e-4f735466cecf":"f.8627BF333E87AC973E299D2132D92580.d.2D3F2541C04B5BB81C72C22BFFAD5B6A.e.19367","ELEMENT":"f.8627BF333E87AC973E299D2132D92580.d.2D3F2541C04B5BB81C72C22BFFAD5B6A.e.19367"}]}
COMMAND: GET /session/2f3a3ed30178fd4b3e43ef29d6279727/screenshot - {}
RESULT: {}
RESULT: {"script":"<script> [8489 bytes]","args":[{"element-6066-11e4-a52e-4f735466cecf":"f.8627BF333E87AC973E299D2132D92580.d.2D3F2541C04B5BB81C72C22BFFAD5B6A.e.19367","ELEMENT":"f.8627BF333E87AC973E299D2132D92580.d.2D3F2541C04B5BB81C72C22BFFAD5B6A.e.19367"}]}
COMMAND: POST /session/2f3a3ed30178fd4b3e43ef29d6279727/execute/sync - {"script":"<script> [5351 bytes]","args":[{"element-6066-11e4-a52e-4f735466cecf":"f.8627BF333E87AC973E299D2132D92580.d.2D3F2541C04B5BB81C72C22BFFAD5B6A.e.19367","ELEMENT":"f.8627BF333E87AC973E299D2132D92580.d.2D3F2541C04B5BB81C72C22BFFAD5B6A.e.19367"}]}
COMMAND: GET /session/2f3a3ed30178fd4b3e43ef29d6279727/screenshot - {}
RESULT: {}
RESULT: {"script":"<script> [5351 bytes]","args":[{"element-6066-11e4-a52e-4f735466cecf":"f.8627BF333E87AC973E299D2132D92580.d.2D3F2541C04B5BB81C72C22BFFAD5B6A.e.19367","ELEMENT":"f.8627BF333E87AC973E299D2132D92580.d.2D3F2541C04B5BB81C72C22BFFAD5B6A.e.19367"}]}
COMMAND: POST /session/2f3a3ed30178fd4b3e43ef29d6279727/element/f.8627BF333E87AC973E299D2132D92580.d.2D3F2541C04B5BB81C72C22BFFAD5B6A.e.19367/click - {}
COMMAND: GET /session/2f3a3ed30178fd4b3e43ef29d6279727/screenshot - {}
RESULT: {}
RESULT: {}
COMMAND: GET /session/2f3a3ed30178fd4b3e43ef29d6279727/screenshot - {}
RESULT: {}
RESULT: {}
COMMAND: POST /session/2f3a3ed30178fd4b3e43ef29d6279727/element - {"using":"xpath","value":"//span[contains(@id ,\"AddNewHO--typeSelect-arrow\")]"}
RESULT: {"using":"xpath","value":"//span[contains(@id ,\"AddNewHO--typeSelect-arrow\")]"}
COMMAND: POST /session/2f3a3ed30178fd4b3e43ef29d6279727/element/f.8627BF333E87AC973E299D2132D92580.d.2D3F2541C04B5BB81C72C22BFFAD5B6A.e.19735/click - {}
RESULT: {}
COMMAND: GET /session/2f3a3ed30178fd4b3e43ef29d6279727/screenshot - {}
RESULT: {}
COMMAND: POST /session/2f3a3ed30178fd4b3e43ef29d6279727/element - {"using":"xpath","value":"(//li[contains(text(), \"stock increase yard\")])[1]"}
RESULT: {"using":"xpath","value":"(//li[contains(text(), \"stock increase yard\")])[1]"}
COMMAND: POST /session/2f3a3ed30178fd4b3e43ef29d6279727/element/f.8627BF333E87AC973E299D2132D92580.d.2D3F2541C04B5BB81C72C22BFFAD5B6A.e.19736/click - {}
RESULT: {}
COMMAND: GET /session/2f3a3ed30178fd4b3e43ef29d6279727/screenshot - {}
RESULT: {}
COMMAND: POST /session/2f3a3ed30178fd4b3e43ef29d6279727/execute/async - {"script":"<script> [1562 bytes]","args":[{"selector":{"id":"application-managehandovers-display-component---AddNewHO--dueDate","interaction":{"idSuffix":"inner"}},"wdio_ui5_key":"applicationmanagehandovers-display-component---AddNewHO--dueDate"}]}
RESULT: {"script":"<script> [1562 bytes]","args":[{"selector":{"id":"application-managehandovers-display-component---AddNewHO--dueDate","interaction":{"idSuffix":"inner"}},"wdio_ui5_key":"applicationmanagehandovers-display-component---AddNewHO--dueDate"}]}
RESULT: undefined
COMMAND: POST /session/2f3a3ed30178fd4b3e43ef29d6279727/execute/async - {"script":"<script> [6424 bytes]","args":[{"element-6066-11e4-a52e-4f735466cecf":"f.8627BF333E87AC973E299D2132D92580.d.2D3F2541C04B5BB81C72C22BFFAD5B6A.e.19738"},"setValue",["04/23/2025"]]}
RESULT: {"script":"<script> [6424 bytes]","args":[{"element-6066-11e4-a52e-4f735466cecf":"f.8627BF333E87AC973E299D2132D92580.d.2D3F2541C04B5BB81C72C22BFFAD5B6A.e.19738"},"setValue",["04/23/2025"]]}
COMMAND: POST /session/2f3a3ed30178fd4b3e43ef29d6279727/element - {"using":"xpath","value":"//input[@id=\"generalSectionFrg--receiveYard-inner\"]"}
RESULT: {"using":"xpath","value":"//input[@id=\"generalSectionFrg--receiveYard-inner\"]"}
COMMAND: POST /session/2f3a3ed30178fd4b3e43ef29d6279727/element/f.8627BF333E87AC973E299D2132D92580.d.2D3F2541C04B5BB81C72C22BFFAD5B6A.e.19744/clear - {}
RESULT: {}
COMMAND: POST /session/2f3a3ed30178fd4b3e43ef29d6279727/element/f.8627BF333E87AC973E299D2132D92580.d.2D3F2541C04B5BB81C72C22BFFAD5B6A.e.19744/value - {"text":"739"}
COMMAND: GET /session/2f3a3ed30178fd4b3e43ef29d6279727/screenshot - {}
RESULT: {"text":"739"}
COMMAND: GET /session/2f3a3ed30178fd4b3e43ef29d6279727/screenshot - {}
RESULT: {}
RESULT: {}
COMMAND: POST /session/2f3a3ed30178fd4b3e43ef29d6279727/element - {"using":"xpath","value":"//li[.//span[text()='739']]"}
RESULT: {"using":"xpath","value":"//li[.//span[text()='739']]"}
COMMAND: POST /session/2f3a3ed30178fd4b3e43ef29d6279727/element/f.8627BF333E87AC973E299D2132D92580.d.2D3F2541C04B5BB81C72C22BFFAD5B6A.e.19761/click - {}
RESULT: {}
COMMAND: GET /session/2f3a3ed30178fd4b3e43ef29d6279727/screenshot - {}
RESULT: {}
COMMAND: POST /session/2f3a3ed30178fd4b3e43ef29d6279727/execute/async - {"script":"<script> [1562 bytes]","args":[{"selector":{"id":"application-managehandovers-display-component---AddNewHO--ObjectPageLayout-anchBar-application-managehandovers-display-component---AddNewHO--section4-anchor","interaction":{"idSuffix":"BDI-content"}},"wdio_ui5_key":"applicationmanagehandovers-display-component---AddNewHO--ObjectPageLayout-anchBar-application-managehandovers-display-component---AddNewHO--section4-anchor"}]}
RESULT: {"script":"<script> [1562 bytes]","args":[{"selector":{"id":"application-managehandovers-display-component---AddNewHO--ObjectPageLayout-anchBar-application-managehandovers-display-component---AddNewHO--section4-anchor","interaction":{"idSuffix":"BDI-content"}},"wdio_ui5_key":"applicationmanagehandovers-display-component---AddNewHO--ObjectPageLayout-anchBar-application-managehandovers-display-component---AddNewHO--section4-anchor"}]}
RESULT: undefined
COMMAND: POST /session/2f3a3ed30178fd4b3e43ef29d6279727/element - {"using":"xpath","value":"//*[@id=\"application-managehandovers-display-component---AddNewHO--ObjectPageLayout-anchBar-application-managehandovers-display-component---AddNewHO--section4-anchor\"]"}
RESULT: {"using":"xpath","value":"//*[@id=\"application-managehandovers-display-component---AddNewHO--ObjectPageLayout-anchBar-application-managehandovers-display-component---AddNewHO--section4-anchor\"]"}
COMMAND: POST /session/2f3a3ed30178fd4b3e43ef29d6279727/element/f.8627BF333E87AC973E299D2132D92580.d.2D3F2541C04B5BB81C72C22BFFAD5B6A.e.19763/click - {}
RESULT: {}
COMMAND: POST /session/2f3a3ed30178fd4b3e43ef29d6279727/element - {"using":"xpath","value":"//button[@aria-label=\"Add\"]"}
COMMAND: GET /session/2f3a3ed30178fd4b3e43ef29d6279727/screenshot - {}
RESULT: {"using":"xpath","value":"//button[@aria-label=\"Add\"]"}
COMMAND: POST /session/2f3a3ed30178fd4b3e43ef29d6279727/element/f.8627BF333E87AC973E299D2132D92580.d.2D3F2541C04B5BB81C72C22BFFAD5B6A.e.19765/click - {}
RESULT: {}
RESULT: {}
COMMAND: GET /session/2f3a3ed30178fd4b3e43ef29d6279727/screenshot - {}
RESULT: {}
COMMAND: POST /session/2f3a3ed30178fd4b3e43ef29d6279727/execute/async - {"script":"<script> [1562 bytes]","args":[{"selector":{"id":"application-managehandovers-display-component---AddNewHO--smartFilterBar-btnBasicSearch","searchOpenDialogs":true,"interaction":{"idSuffix":"I"}},"wdio_ui5_key":"applicationmanagehandovers-display-component---AddNewHO--smartFilterBar-btnBasicSearch"}]}
RESULT: {"script":"<script> [1562 bytes]","args":[{"selector":{"id":"application-managehandovers-display-component---AddNewHO--smartFilterBar-btnBasicSearch","searchOpenDialogs":true,"interaction":{"idSuffix":"I"}},"wdio_ui5_key":"applicationmanagehandovers-display-component---AddNewHO--smartFilterBar-btnBasicSearch"}]}
RESULT: undefined
COMMAND: POST /session/2f3a3ed30178fd4b3e43ef29d6279727/execute/async - {"script":"<script> [776 bytes]","args":[{"enterText":"W30K17D1Un","selector":{"id":"application-managehandovers-display-component---AddNewHO--smartFilterBar-btnBasicSearch","searchOpenDialogs":true,"interaction":{"idSuffix":"I"}},"clearTextFirst":true,"interactionType":"ENTER_TEXT"}]}
RESULT: {"script":"<script> [776 bytes]","args":[{"enterText":"W30K17D1Un","selector":{"id":"application-managehandovers-display-component---AddNewHO--smartFilterBar-btnBasicSearch","searchOpenDialogs":true,"interaction":{"idSuffix":"I"}},"clearTextFirst":true,"interactionType":"ENTER_TEXT"}]}
COMMAND: POST /session/2f3a3ed30178fd4b3e43ef29d6279727/actions - {"actions":[{"id":"action71","type":"key","parameters":{},"actions":[{"type":"keyDown","value":""},{"type":"pause","duration":10},{"type":"keyUp","value":""}]}]}
RESULT: {"actions":[{"id":"action71","type":"key","parameters":{},"actions":[{"type":"keyDown","value":""},{"type":"pause","duration":10},{"type":"keyUp","value":""}]}]}
COMMAND: GET /session/2f3a3ed30178fd4b3e43ef29d6279727/screenshot - {}
RESULT: {}
COMMAND: POST /session/2f3a3ed30178fd4b3e43ef29d6279727/execute/async - {"script":"<script> [1562 bytes]","args":[{"selector":{"id":"application-managehandovers-display-component---AddNewHO--popup-sa","searchOpenDialogs":true,"interaction":{"idSuffix":"CbBg"}},"wdio_ui5_key":"applicationmanagehandovers-display-component---AddNewHO--popup-sa"}]}
RESULT: {"script":"<script> [1562 bytes]","args":[{"selector":{"id":"application-managehandovers-display-component---AddNewHO--popup-sa","searchOpenDialogs":true,"interaction":{"idSuffix":"CbBg"}},"wdio_ui5_key":"applicationmanagehandovers-display-component---AddNewHO--popup-sa"}]}
RESULT: undefined
COMMAND: POST /session/2f3a3ed30178fd4b3e43ef29d6279727/element - {"using":"xpath","value":"//*[@id=\"application-managehandovers-display-component---AddNewHO--popup-sa\"]"}
RESULT: {"using":"xpath","value":"//*[@id=\"application-managehandovers-display-component---AddNewHO--popup-sa\"]"}
COMMAND: POST /session/2f3a3ed30178fd4b3e43ef29d6279727/element/f.8627BF333E87AC973E299D2132D92580.d.2D3F2541C04B5BB81C72C22BFFAD5B6A.e.19916/click - {}
RESULT: {}
COMMAND: GET /session/2f3a3ed30178fd4b3e43ef29d6279727/screenshot - {}
RESULT: {}
COMMAND: POST /session/2f3a3ed30178fd4b3e43ef29d6279727/element - {"using":"xpath","value":"//bdi[contains(text(), \"Select\")]"}
RESULT: {"using":"xpath","value":"//bdi[contains(text(), \"Select\")]"}
COMMAND: POST /session/2f3a3ed30178fd4b3e43ef29d6279727/element/f.8627BF333E87AC973E299D2132D92580.d.2D3F2541C04B5BB81C72C22BFFAD5B6A.e.19917/click - {}
RESULT: {}
COMMAND: GET /session/2f3a3ed30178fd4b3e43ef29d6279727/screenshot - {}
RESULT: {}
COMMAND: POST /session/2f3a3ed30178fd4b3e43ef29d6279727/element - {"using":"xpath","value":"//button[@data-kt=\"AddNewHOSaveButton\"]"}
RESULT: {"using":"xpath","value":"//button[@data-kt=\"AddNewHOSaveButton\"]"}
COMMAND: POST /session/2f3a3ed30178fd4b3e43ef29d6279727/element/f.8627BF333E87AC973E299D2132D92580.d.2D3F2541C04B5BB81C72C22BFFAD5B6A.e.19921/click - {}
RESULT: {}
COMMAND: GET /session/2f3a3ed30178fd4b3e43ef29d6279727/screenshot - {}
RESULT: {}
COMMAND: POST /session/2f3a3ed30178fd4b3e43ef29d6279727/execute/async - {"script":"<script> [1562 bytes]","args":[{"selector":{"id":"receiptDatePicker","viewName":"etm.portal.ui.managehandovers.view.DetailExecuteHO","interaction":{"idSuffix":"inner"}},"wdio_ui5_key":"receiptDatePickeretmportal.ui.managehandovers.view.DetailExecuteHO"}]}
RESULT: {"script":"<script> [1562 bytes]","args":[{"selector":{"id":"receiptDatePicker","viewName":"etm.portal.ui.managehandovers.view.DetailExecuteHO","interaction":{"idSuffix":"inner"}},"wdio_ui5_key":"receiptDatePickeretmportal.ui.managehandovers.view.DetailExecuteHO"}]}
RESULT: undefined
COMMAND: POST /session/2f3a3ed30178fd4b3e43ef29d6279727/execute/async - {"script":"<script> [6424 bytes]","args":[{"element-6066-11e4-a52e-4f735466cecf":"f.8627BF333E87AC973E299D2132D92580.d.2D3F2541C04B5BB81C72C22BFFAD5B6A.e.19954"},"setValue",["04/23/2025"]]}
RESULT: {"script":"<script> [6424 bytes]","args":[{"element-6066-11e4-a52e-4f735466cecf":"f.8627BF333E87AC973E299D2132D92580.d.2D3F2541C04B5BB81C72C22BFFAD5B6A.e.19954"},"setValue",["04/23/2025"]]}
COMMAND: POST /session/2f3a3ed30178fd4b3e43ef29d6279727/element - {"using":"xpath","value":"//button[@data-kt=\"PickingTableConfirmAllButton\"]"}
RESULT: {"using":"xpath","value":"//button[@data-kt=\"PickingTableConfirmAllButton\"]"}
COMMAND: POST /session/2f3a3ed30178fd4b3e43ef29d6279727/element/f.8627BF333E87AC973E299D2132D92580.d.2D3F2541C04B5BB81C72C22BFFAD5B6A.e.19969/click - {}
RESULT: {}
COMMAND: GET /session/2f3a3ed30178fd4b3e43ef29d6279727/screenshot - {}
RESULT: {}
COMMAND: POST /session/2f3a3ed30178fd4b3e43ef29d6279727/element - {"using":"xpath","value":"//bdi[contains(text(), \"OK\")]"}
RESULT: {"using":"xpath","value":"//bdi[contains(text(), \"OK\")]"}
COMMAND: POST /session/2f3a3ed30178fd4b3e43ef29d6279727/element/f.8627BF333E87AC973E299D2132D92580.d.2D3F2541C04B5BB81C72C22BFFAD5B6A.e.19971/click - {}
RESULT: {}
COMMAND: GET /session/2f3a3ed30178fd4b3e43ef29d6279727/screenshot - {}
RESULT: {}
COMMAND: POST /session/2f3a3ed30178fd4b3e43ef29d6279727/element - {"using":"xpath","value":"(//bdi[contains(text(), \"Receive\")])[2]"}
RESULT: {"using":"xpath","value":"(//bdi[contains(text(), \"Receive\")])[2]"}
COMMAND: POST /session/2f3a3ed30178fd4b3e43ef29d6279727/element/f.8627BF333E87AC973E299D2132D92580.d.2D3F2541C04B5BB81C72C22BFFAD5B6A.e.19973/click - {}
RESULT: {}
COMMAND: GET /session/2f3a3ed30178fd4b3e43ef29d6279727/screenshot - {}
RESULT: {}
COMMAND: POST /session/2f3a3ed30178fd4b3e43ef29d6279727/element - {"using":"css selector","value":"#shell-header-logo"}
RESULT: {"using":"css selector","value":"#shell-header-logo"}
COMMAND: POST /session/2f3a3ed30178fd4b3e43ef29d6279727/element/f.8627BF333E87AC973E299D2132D92580.d.2D3F2541C04B5BB81C72C22BFFAD5B6A.e.19339/click - {}
RESULT: {}
COMMAND: GET /session/2f3a3ed30178fd4b3e43ef29d6279727/screenshot - {}
RESULT: {}
]]></system-out>
    </testcase>
    <testcase classname="chrome.135_0_7049_42.windows.Billing_Calculation_-_Time_based_(considering_transport_times)_US139738" name="Should create a new contract" time="47.453">
      <system-out><![CDATA[
COMMAND: POST /session/2f3a3ed30178fd4b3e43ef29d6279727/execute/async - {"script":"<script> [1562 bytes]","args":[{"selector":{"controlType":"sap.m.Text","viewName":"etm.portal.ui.managecontractstile.view.Master","properties":{"text":"Manage Contracts"},"interaction":{"idSuffix":"inner"}},"wdio_ui5_key":"etmportal.ui.managecontractstile.view.Mastersap.m.Text{\"text\":\"Manage Contracts\"}"}]}
RESULT: {"script":"<script> [1562 bytes]","args":[{"selector":{"controlType":"sap.m.Text","viewName":"etm.portal.ui.managecontractstile.view.Master","properties":{"text":"Manage Contracts"},"interaction":{"idSuffix":"inner"}},"wdio_ui5_key":"etmportal.ui.managecontractstile.view.Mastersap.m.Text{\"text\":\"Manage Contracts\"}"}]}
RESULT: undefined
COMMAND: POST /session/2f3a3ed30178fd4b3e43ef29d6279727/element - {"using":"xpath","value":"//*[@id=\"__tile130-title\"]"}
RESULT: {"using":"xpath","value":"//*[@id=\"__tile130-title\"]"}
COMMAND: POST /session/2f3a3ed30178fd4b3e43ef29d6279727/element/f.8627BF333E87AC973E299D2132D92580.d.2D3F2541C04B5BB81C72C22BFFAD5B6A.e.20131/click - {}
RESULT: {}
COMMAND: GET /session/2f3a3ed30178fd4b3e43ef29d6279727/screenshot - {}
RESULT: {}
COMMAND: POST /session/2f3a3ed30178fd4b3e43ef29d6279727/element - {"using":"xpath","value":"//button[@data-kt=\"addButton\"]"}
RESULT: {"using":"xpath","value":"//button[@data-kt=\"addButton\"]"}
COMMAND: POST /session/2f3a3ed30178fd4b3e43ef29d6279727/elements - {"using":"xpath","value":"//button[@data-kt=\"addButton\"]"}
RESULT: {"using":"xpath","value":"//button[@data-kt=\"addButton\"]"}
RESULT: undefined
COMMAND: POST /session/2f3a3ed30178fd4b3e43ef29d6279727/elements - {"using":"xpath","value":"//button[@data-kt=\"addButton\"]"}
RESULT: {"using":"xpath","value":"//button[@data-kt=\"addButton\"]"}
COMMAND: POST /session/2f3a3ed30178fd4b3e43ef29d6279727/element - {"using":"xpath","value":"//button[@data-kt=\"addButton\"]"}
RESULT: {"using":"xpath","value":"//button[@data-kt=\"addButton\"]"}
COMMAND: POST /session/2f3a3ed30178fd4b3e43ef29d6279727/execute/sync - {"script":"<script> [8489 bytes]","args":[{"element-6066-11e4-a52e-4f735466cecf":"f.8627BF333E87AC973E299D2132D92580.d.2D3F2541C04B5BB81C72C22BFFAD5B6A.e.20171","ELEMENT":"f.8627BF333E87AC973E299D2132D92580.d.2D3F2541C04B5BB81C72C22BFFAD5B6A.e.20171"}]}
RESULT: {"script":"<script> [8489 bytes]","args":[{"element-6066-11e4-a52e-4f735466cecf":"f.8627BF333E87AC973E299D2132D92580.d.2D3F2541C04B5BB81C72C22BFFAD5B6A.e.20171","ELEMENT":"f.8627BF333E87AC973E299D2132D92580.d.2D3F2541C04B5BB81C72C22BFFAD5B6A.e.20171"}]}
COMMAND: GET /session/2f3a3ed30178fd4b3e43ef29d6279727/element/f.8627BF333E87AC973E299D2132D92580.d.2D3F2541C04B5BB81C72C22BFFAD5B6A.e.20171/enabled - {}
COMMAND: GET /session/2f3a3ed30178fd4b3e43ef29d6279727/screenshot - {}
RESULT: {}
COMMAND: POST /session/2f3a3ed30178fd4b3e43ef29d6279727/execute/sync - {"script":"<script> [8489 bytes]","args":[{"element-6066-11e4-a52e-4f735466cecf":"f.8627BF333E87AC973E299D2132D92580.d.2D3F2541C04B5BB81C72C22BFFAD5B6A.e.20171","ELEMENT":"f.8627BF333E87AC973E299D2132D92580.d.2D3F2541C04B5BB81C72C22BFFAD5B6A.e.20171"}]}
COMMAND: GET /session/2f3a3ed30178fd4b3e43ef29d6279727/screenshot - {}
RESULT: {}
RESULT: {"script":"<script> [8489 bytes]","args":[{"element-6066-11e4-a52e-4f735466cecf":"f.8627BF333E87AC973E299D2132D92580.d.2D3F2541C04B5BB81C72C22BFFAD5B6A.e.20171","ELEMENT":"f.8627BF333E87AC973E299D2132D92580.d.2D3F2541C04B5BB81C72C22BFFAD5B6A.e.20171"}]}
COMMAND: POST /session/2f3a3ed30178fd4b3e43ef29d6279727/execute/sync - {"script":"<script> [5351 bytes]","args":[{"element-6066-11e4-a52e-4f735466cecf":"f.8627BF333E87AC973E299D2132D92580.d.2D3F2541C04B5BB81C72C22BFFAD5B6A.e.20171","ELEMENT":"f.8627BF333E87AC973E299D2132D92580.d.2D3F2541C04B5BB81C72C22BFFAD5B6A.e.20171"}]}
COMMAND: GET /session/2f3a3ed30178fd4b3e43ef29d6279727/screenshot - {}
RESULT: {}
RESULT: {"script":"<script> [5351 bytes]","args":[{"element-6066-11e4-a52e-4f735466cecf":"f.8627BF333E87AC973E299D2132D92580.d.2D3F2541C04B5BB81C72C22BFFAD5B6A.e.20171","ELEMENT":"f.8627BF333E87AC973E299D2132D92580.d.2D3F2541C04B5BB81C72C22BFFAD5B6A.e.20171"}]}
COMMAND: GET /session/2f3a3ed30178fd4b3e43ef29d6279727/screenshot - {}
RESULT: {}
RESULT: {}
COMMAND: POST /session/2f3a3ed30178fd4b3e43ef29d6279727/element/f.8627BF333E87AC973E299D2132D92580.d.2D3F2541C04B5BB81C72C22BFFAD5B6A.e.20171/click - {}
RESULT: {}
COMMAND: GET /session/2f3a3ed30178fd4b3e43ef29d6279727/screenshot - {}
COMMAND: POST /session/2f3a3ed30178fd4b3e43ef29d6279727/execute/async - {"script":"<script> [1562 bytes]","args":[{"selector":{"id":"application-managecontracts-display-component---AddNewContract--projectDescription","interaction":{"idSuffix":"inner"}},"wdio_ui5_key":"applicationmanagecontracts-display-component---AddNewContract--projectDescription"}]}
RESULT: {}
RESULT: {"script":"<script> [1562 bytes]","args":[{"selector":{"id":"application-managecontracts-display-component---AddNewContract--projectDescription","interaction":{"idSuffix":"inner"}},"wdio_ui5_key":"applicationmanagecontracts-display-component---AddNewContract--projectDescription"}]}
RESULT: undefined
COMMAND: POST /session/2f3a3ed30178fd4b3e43ef29d6279727/execute/async - {"script":"<script> [776 bytes]","args":[{"enterText":"Contract WDIO","selector":{"id":"application-managecontracts-display-component---AddNewContract--projectDescription","interaction":{"idSuffix":"inner"}},"clearTextFirst":true,"interactionType":"ENTER_TEXT"}]}
RESULT: {"script":"<script> [776 bytes]","args":[{"enterText":"Contract WDIO","selector":{"id":"application-managecontracts-display-component---AddNewContract--projectDescription","interaction":{"idSuffix":"inner"}},"clearTextFirst":true,"interactionType":"ENTER_TEXT"}]}
COMMAND: POST /session/2f3a3ed30178fd4b3e43ef29d6279727/element - {"using":"xpath","value":"//input[@id=\"application-managecontracts-display-component---AddNewContract--site-inner\"]"}
RESULT: {"using":"xpath","value":"//input[@id=\"application-managecontracts-display-component---AddNewContract--site-inner\"]"}
COMMAND: POST /session/2f3a3ed30178fd4b3e43ef29d6279727/element/f.8627BF333E87AC973E299D2132D92580.d.2D3F2541C04B5BB81C72C22BFFAD5B6A.e.20512/clear - {}
RESULT: {}
COMMAND: POST /session/2f3a3ed30178fd4b3e43ef29d6279727/element/f.8627BF333E87AC973E299D2132D92580.d.2D3F2541C04B5BB81C72C22BFFAD5B6A.e.20512/value - {"text":"2550"}
COMMAND: GET /session/2f3a3ed30178fd4b3e43ef29d6279727/screenshot - {}
RESULT: {"text":"2550"}
COMMAND: GET /session/2f3a3ed30178fd4b3e43ef29d6279727/screenshot - {}
RESULT: {}
RESULT: {}
COMMAND: POST /session/2f3a3ed30178fd4b3e43ef29d6279727/element - {"using":"xpath","value":"//li[.//span[text()='2550']]"}
RESULT: {"using":"xpath","value":"//li[.//span[text()='2550']]"}
COMMAND: POST /session/2f3a3ed30178fd4b3e43ef29d6279727/element/f.8627BF333E87AC973E299D2132D92580.d.2D3F2541C04B5BB81C72C22BFFAD5B6A.e.20542/click - {}
RESULT: {}
COMMAND: GET /session/2f3a3ed30178fd4b3e43ef29d6279727/screenshot - {}
RESULT: {}
COMMAND: POST /session/2f3a3ed30178fd4b3e43ef29d6279727/element - {"using":"xpath","value":"//input[@id=\"application-managecontracts-display-component---AddNewContract--yardId-inner\"]"}
RESULT: {"using":"xpath","value":"//input[@id=\"application-managecontracts-display-component---AddNewContract--yardId-inner\"]"}
COMMAND: GET /session/2f3a3ed30178fd4b3e43ef29d6279727/element/f.8627BF333E87AC973E299D2132D92580.d.2D3F2541C04B5BB81C72C22BFFAD5B6A.e.20513/property/value - {}
RESULT: {}
COMMAND: POST /session/2f3a3ed30178fd4b3e43ef29d6279727/element - {"using":"xpath","value":"//input[@id=\"application-managecontracts-display-component---AddNewContract--customerSelect-inner\"]"}
COMMAND: GET /session/2f3a3ed30178fd4b3e43ef29d6279727/screenshot - {}
RESULT: {"using":"xpath","value":"//input[@id=\"application-managecontracts-display-component---AddNewContract--customerSelect-inner\"]"}
COMMAND: POST /session/2f3a3ed30178fd4b3e43ef29d6279727/element/f.8627BF333E87AC973E299D2132D92580.d.2D3F2541C04B5BB81C72C22BFFAD5B6A.e.20511/clear - {}
RESULT: {}
RESULT: {}
COMMAND: POST /session/2f3a3ed30178fd4b3e43ef29d6279727/element/f.8627BF333E87AC973E299D2132D92580.d.2D3F2541C04B5BB81C72C22BFFAD5B6A.e.20511/value - {"text":"1589"}
COMMAND: GET /session/2f3a3ed30178fd4b3e43ef29d6279727/screenshot - {}
RESULT: {"text":"1589"}
COMMAND: GET /session/2f3a3ed30178fd4b3e43ef29d6279727/screenshot - {}
RESULT: {}
RESULT: {}
COMMAND: POST /session/2f3a3ed30178fd4b3e43ef29d6279727/element - {"using":"xpath","value":"//li[.//span[text()='1589']]"}
RESULT: {"using":"xpath","value":"//li[.//span[text()='1589']]"}
COMMAND: POST /session/2f3a3ed30178fd4b3e43ef29d6279727/element/f.8627BF333E87AC973E299D2132D92580.d.2D3F2541C04B5BB81C72C22BFFAD5B6A.e.20545/click - {}
RESULT: {}
COMMAND: GET /session/2f3a3ed30178fd4b3e43ef29d6279727/screenshot - {}
RESULT: {}
COMMAND: POST /session/2f3a3ed30178fd4b3e43ef29d6279727/element - {"using":"xpath","value":"//button[@data-kt=\"saveButton\"]"}
RESULT: {"using":"xpath","value":"//button[@data-kt=\"saveButton\"]"}
COMMAND: POST /session/2f3a3ed30178fd4b3e43ef29d6279727/element/f.8627BF333E87AC973E299D2132D92580.d.2D3F2541C04B5BB81C72C22BFFAD5B6A.e.20535/click - {}
RESULT: {}
COMMAND: GET /session/2f3a3ed30178fd4b3e43ef29d6279727/screenshot - {}
RESULT: {}
COMMAND: POST /session/2f3a3ed30178fd4b3e43ef29d6279727/element - {"using":"xpath","value":"//span[contains(@id ,\"contractDetailTitleNoExpanded\")]"}
RESULT: {"using":"xpath","value":"//span[contains(@id ,\"contractDetailTitleNoExpanded\")]"}
COMMAND: POST /session/2f3a3ed30178fd4b3e43ef29d6279727/elements - {"using":"xpath","value":"//span[contains(@id ,\"contractDetailTitleNoExpanded\")]"}
RESULT: {"using":"xpath","value":"//span[contains(@id ,\"contractDetailTitleNoExpanded\")]"}
COMMAND: POST /session/2f3a3ed30178fd4b3e43ef29d6279727/execute/sync - {"script":"<script> [56 bytes]","args":[{"element-6066-11e4-a52e-4f735466cecf":"f.8627BF333E87AC973E299D2132D92580.d.2D3F2541C04B5BB81C72C22BFFAD5B6A.e.20615","ELEMENT":"f.8627BF333E87AC973E299D2132D92580.d.2D3F2541C04B5BB81C72C22BFFAD5B6A.e.20615"}]}
RESULT: {"script":"<script> [56 bytes]","args":[{"element-6066-11e4-a52e-4f735466cecf":"f.8627BF333E87AC973E299D2132D92580.d.2D3F2541C04B5BB81C72C22BFFAD5B6A.e.20615","ELEMENT":"f.8627BF333E87AC973E299D2132D92580.d.2D3F2541C04B5BB81C72C22BFFAD5B6A.e.20615"}]}
COMMAND: GET /session/2f3a3ed30178fd4b3e43ef29d6279727/screenshot - {}
RESULT: {}
]]></system-out>
    </testcase>
    <testcase classname="chrome.135_0_7049_42.windows.Billing_Calculation_-_Time_based_(considering_transport_times)_US139738" name="Should add transport time checkbox on contract details" time="15.892">
      <system-out><![CDATA[
COMMAND: POST /session/2f3a3ed30178fd4b3e43ef29d6279727/element - {"using":"xpath","value":"//button[@data-kt=\"contractDetailEditBtnButton\"]"}
RESULT: {"using":"xpath","value":"//button[@data-kt=\"contractDetailEditBtnButton\"]"}
COMMAND: POST /session/2f3a3ed30178fd4b3e43ef29d6279727/element/f.8627BF333E87AC973E299D2132D92580.d.2D3F2541C04B5BB81C72C22BFFAD5B6A.e.20618/click - {}
RESULT: {}
COMMAND: GET /session/2f3a3ed30178fd4b3e43ef29d6279727/screenshot - {}
RESULT: {}
COMMAND: POST /session/2f3a3ed30178fd4b3e43ef29d6279727/element - {"using":"xpath","value":"(//span[contains(text(), \"Contract Billing\")])[2]"}
RESULT: {"using":"xpath","value":"(//span[contains(text(), \"Contract Billing\")])[2]"}
COMMAND: POST /session/2f3a3ed30178fd4b3e43ef29d6279727/element/f.8627BF333E87AC973E299D2132D92580.d.2D3F2541C04B5BB81C72C22BFFAD5B6A.e.20672/click - {}
RESULT: {}
COMMAND: GET /session/2f3a3ed30178fd4b3e43ef29d6279727/screenshot - {}
RESULT: {}
COMMAND: POST /session/2f3a3ed30178fd4b3e43ef29d6279727/element - {"using":"xpath","value":"(//div[contains(@id, \"transportTimesBilled-CbBg\")])"}
RESULT: {"using":"xpath","value":"(//div[contains(@id, \"transportTimesBilled-CbBg\")])"}
COMMAND: POST /session/2f3a3ed30178fd4b3e43ef29d6279727/element/f.8627BF333E87AC973E299D2132D92580.d.2D3F2541C04B5BB81C72C22BFFAD5B6A.e.20703/click - {}
RESULT: {}
COMMAND: GET /session/2f3a3ed30178fd4b3e43ef29d6279727/screenshot - {}
RESULT: {}
COMMAND: POST /session/2f3a3ed30178fd4b3e43ef29d6279727/element - {"using":"xpath","value":"(//button[@data-kt=\"saveButton\"])[2]"}
RESULT: {"using":"xpath","value":"(//button[@data-kt=\"saveButton\"])[2]"}
COMMAND: POST /session/2f3a3ed30178fd4b3e43ef29d6279727/element/f.8627BF333E87AC973E299D2132D92580.d.2D3F2541C04B5BB81C72C22BFFAD5B6A.e.20704/click - {}
RESULT: {}
COMMAND: GET /session/2f3a3ed30178fd4b3e43ef29d6279727/screenshot - {}
RESULT: {}
]]></system-out>
    </testcase>
    <testcase classname="chrome.135_0_7049_42.windows.Billing_Calculation_-_Time_based_(considering_transport_times)_US139738" name="Should add created equipment to contract" time="40.432">
      <system-out><![CDATA[
COMMAND: POST /session/2f3a3ed30178fd4b3e43ef29d6279727/element - {"using":"xpath","value":"//button[@data-kt=\"contractDetailEditBtnButton\"]"}
RESULT: {"using":"xpath","value":"//button[@data-kt=\"contractDetailEditBtnButton\"]"}
COMMAND: POST /session/2f3a3ed30178fd4b3e43ef29d6279727/element/f.8627BF333E87AC973E299D2132D92580.d.2D3F2541C04B5BB81C72C22BFFAD5B6A.e.20618/click - {}
RESULT: {}
COMMAND: GET /session/2f3a3ed30178fd4b3e43ef29d6279727/screenshot - {}
RESULT: {}
COMMAND: POST /session/2f3a3ed30178fd4b3e43ef29d6279727/element - {"using":"xpath","value":"(//span[contains(text(), \"Additional Addresses\")])[2]"}
RESULT: {"using":"xpath","value":"(//span[contains(text(), \"Additional Addresses\")])[2]"}
COMMAND: POST /session/2f3a3ed30178fd4b3e43ef29d6279727/element/f.8627BF333E87AC973E299D2132D92580.d.2D3F2541C04B5BB81C72C22BFFAD5B6A.e.20724/click - {}
RESULT: {}
COMMAND: GET /session/2f3a3ed30178fd4b3e43ef29d6279727/screenshot - {}
RESULT: {}
COMMAND: POST /session/2f3a3ed30178fd4b3e43ef29d6279727/element - {"using":"xpath","value":"//button[@data-kt=\"btnAddTableRowOverflowToolbarButton\"]"}
RESULT: {"using":"xpath","value":"//button[@data-kt=\"btnAddTableRowOverflowToolbarButton\"]"}
COMMAND: POST /session/2f3a3ed30178fd4b3e43ef29d6279727/element/f.8627BF333E87AC973E299D2132D92580.d.2D3F2541C04B5BB81C72C22BFFAD5B6A.e.20726/click - {}
RESULT: {}
COMMAND: GET /session/2f3a3ed30178fd4b3e43ef29d6279727/screenshot - {}
RESULT: {}
COMMAND: POST /session/2f3a3ed30178fd4b3e43ef29d6279727/element - {"using":"xpath","value":"//div[(text() = 'Standard Entry' or . = 'Standard Entry')]"}
RESULT: {"using":"xpath","value":"//div[(text() = 'Standard Entry' or . = 'Standard Entry')]"}
COMMAND: POST /session/2f3a3ed30178fd4b3e43ef29d6279727/element/f.8627BF333E87AC973E299D2132D92580.d.2D3F2541C04B5BB81C72C22BFFAD5B6A.e.20728/click - {}
RESULT: {}
COMMAND: GET /session/2f3a3ed30178fd4b3e43ef29d6279727/screenshot - {}
RESULT: {}
COMMAND: POST /session/2f3a3ed30178fd4b3e43ef29d6279727/element - {"using":"xpath","value":"//td[7]/div/div/input"}
RESULT: {"using":"xpath","value":"//td[7]/div/div/input"}
COMMAND: POST /session/2f3a3ed30178fd4b3e43ef29d6279727/element/f.8627BF333E87AC973E299D2132D92580.d.2D3F2541C04B5BB81C72C22BFFAD5B6A.e.20737/clear - {}
RESULT: {}
COMMAND: POST /session/2f3a3ed30178fd4b3e43ef29d6279727/element/f.8627BF333E87AC973E299D2132D92580.d.2D3F2541C04B5BB81C72C22BFFAD5B6A.e.20737/value - {"text":"W30K17D1Un"}
COMMAND: GET /session/2f3a3ed30178fd4b3e43ef29d6279727/screenshot - {}
RESULT: {"text":"W30K17D1Un"}
COMMAND: GET /session/2f3a3ed30178fd4b3e43ef29d6279727/screenshot - {}
RESULT: {}
RESULT: {}
COMMAND: POST /session/2f3a3ed30178fd4b3e43ef29d6279727/actions - {"actions":[{"id":"action72","type":"key","parameters":{},"actions":[{"type":"keyDown","value":""},{"type":"pause","duration":10},{"type":"keyUp","value":""}]}]}
RESULT: {"actions":[{"id":"action72","type":"key","parameters":{},"actions":[{"type":"keyDown","value":""},{"type":"pause","duration":10},{"type":"keyUp","value":""}]}]}
COMMAND: GET /session/2f3a3ed30178fd4b3e43ef29d6279727/screenshot - {}
RESULT: {}
COMMAND: POST /session/2f3a3ed30178fd4b3e43ef29d6279727/element - {"using":"xpath","value":"(//button[@data-kt=\"saveButton\"])[2]"}
RESULT: {"using":"xpath","value":"(//button[@data-kt=\"saveButton\"])[2]"}
COMMAND: POST /session/2f3a3ed30178fd4b3e43ef29d6279727/element/f.8627BF333E87AC973E299D2132D92580.d.2D3F2541C04B5BB81C72C22BFFAD5B6A.e.20704/click - {}
RESULT: {}
COMMAND: GET /session/2f3a3ed30178fd4b3e43ef29d6279727/screenshot - {}
RESULT: {}
COMMAND: POST /session/2f3a3ed30178fd4b3e43ef29d6279727/element - {"using":"xpath","value":"//span[contains(@id ,\"contractItemsSmartTable-header-inner\")]"}
RESULT: {"using":"xpath","value":"//span[contains(@id ,\"contractItemsSmartTable-header-inner\")]"}
COMMAND: POST /session/2f3a3ed30178fd4b3e43ef29d6279727/elements - {"using":"xpath","value":"//span[contains(@id ,\"contractItemsSmartTable-header-inner\")]"}
RESULT: {"using":"xpath","value":"//span[contains(@id ,\"contractItemsSmartTable-header-inner\")]"}
COMMAND: POST /session/2f3a3ed30178fd4b3e43ef29d6279727/execute/sync - {"script":"<script> [56 bytes]","args":[{"element-6066-11e4-a52e-4f735466cecf":"f.8627BF333E87AC973E299D2132D92580.d.2D3F2541C04B5BB81C72C22BFFAD5B6A.e.20754","ELEMENT":"f.8627BF333E87AC973E299D2132D92580.d.2D3F2541C04B5BB81C72C22BFFAD5B6A.e.20754"}]}
RESULT: {"script":"<script> [56 bytes]","args":[{"element-6066-11e4-a52e-4f735466cecf":"f.8627BF333E87AC973E299D2132D92580.d.2D3F2541C04B5BB81C72C22BFFAD5B6A.e.20754","ELEMENT":"f.8627BF333E87AC973E299D2132D92580.d.2D3F2541C04B5BB81C72C22BFFAD5B6A.e.20754"}]}
]]></system-out>
    </testcase>
    <testcase classname="chrome.135_0_7049_42.windows.Billing_Calculation_-_Time_based_(considering_transport_times)_US139738" name="Should do a provide to site 2 step" time="120.075">
      <system-out><![CDATA[
COMMAND: POST /session/2f3a3ed30178fd4b3e43ef29d6279727/element - {"using":"xpath","value":"//button[@data-kt=\"provideButton\"]"}
COMMAND: GET /session/2f3a3ed30178fd4b3e43ef29d6279727/screenshot - {}
RESULT: {"using":"xpath","value":"//button[@data-kt=\"provideButton\"]"}
COMMAND: POST /session/2f3a3ed30178fd4b3e43ef29d6279727/element/f.8627BF333E87AC973E299D2132D92580.d.2D3F2541C04B5BB81C72C22BFFAD5B6A.e.20755/click - {}
RESULT: {}
RESULT: {}
COMMAND: GET /session/2f3a3ed30178fd4b3e43ef29d6279727/screenshot - {}
RESULT: {}
COMMAND: POST /session/2f3a3ed30178fd4b3e43ef29d6279727/element - {"using":"xpath","value":"(//div[contains(@id, \"application-managehandovers-display-component---AddNewHO--oneStep-CbBg\")])"}
RESULT: {"using":"xpath","value":"(//div[contains(@id, \"application-managehandovers-display-component---AddNewHO--oneStep-CbBg\")])"}
COMMAND: POST /session/2f3a3ed30178fd4b3e43ef29d6279727/element/f.8627BF333E87AC973E299D2132D92580.d.2D3F2541C04B5BB81C72C22BFFAD5B6A.e.21067/click - {}
RESULT: {}
RESULT: undefined
COMMAND: POST /session/2f3a3ed30178fd4b3e43ef29d6279727/execute/async - {"script":"<script> [6424 bytes]","args":[{"element-6066-11e4-a52e-4f735466cecf":"f.8627BF333E87AC973E299D2132D92580.d.2D3F2541C04B5BB81C72C22BFFAD5B6A.e.19738"},"setValue",["04/23/2025"]]}
COMMAND: GET /session/2f3a3ed30178fd4b3e43ef29d6279727/screenshot - {}
COMMAND: POST /session/2f3a3ed30178fd4b3e43ef29d6279727/execute/async - {"script":"<script> [1562 bytes]","args":[{"selector":{"id":"application-managehandovers-display-component---AddNewHO--dueDate","interaction":{"idSuffix":"inner"}},"wdio_ui5_key":"applicationmanagehandovers-display-component---AddNewHO--dueDate"}]}
RESULT: {}
RESULT: {"script":"<script> [1562 bytes]","args":[{"selector":{"id":"application-managehandovers-display-component---AddNewHO--dueDate","interaction":{"idSuffix":"inner"}},"wdio_ui5_key":"applicationmanagehandovers-display-component---AddNewHO--dueDate"}]}
COMMAND: POST /session/2f3a3ed30178fd4b3e43ef29d6279727/execute/async - {"script":"<script> [6424 bytes]","args":[{"element-6066-11e4-a52e-4f735466cecf":"f.8627BF333E87AC973E299D2132D92580.d.2D3F2541C04B5BB81C72C22BFFAD5B6A.e.20810"},"setValue",["04/23/2025"]]}
RESULT: {"script":"<script> [6424 bytes]","args":[{"element-6066-11e4-a52e-4f735466cecf":"f.8627BF333E87AC973E299D2132D92580.d.2D3F2541C04B5BB81C72C22BFFAD5B6A.e.20810"},"setValue",["04/23/2025"]]}
COMMAND: POST /session/2f3a3ed30178fd4b3e43ef29d6279727/element - {"using":"xpath","value":"//bdi[contains(text(), \"Instructions\")]"}
RESULT: {"using":"xpath","value":"//bdi[contains(text(), \"Instructions\")]"}
COMMAND: POST /session/2f3a3ed30178fd4b3e43ef29d6279727/element/f.8627BF333E87AC973E299D2132D92580.d.2D3F2541C04B5BB81C72C22BFFAD5B6A.e.21069/click - {}
RESULT: {}
COMMAND: GET /session/2f3a3ed30178fd4b3e43ef29d6279727/screenshot - {}
RESULT: {}
COMMAND: POST /session/2f3a3ed30178fd4b3e43ef29d6279727/element - {"using":"xpath","value":"//button[@data-kt=\"AddNewHOProvideAddItemsButton\"]"}
RESULT: {"using":"xpath","value":"//button[@data-kt=\"AddNewHOProvideAddItemsButton\"]"}
COMMAND: POST /session/2f3a3ed30178fd4b3e43ef29d6279727/element/f.8627BF333E87AC973E299D2132D92580.d.2D3F2541C04B5BB81C72C22BFFAD5B6A.e.21073/click - {}
RESULT: {}
COMMAND: GET /session/2f3a3ed30178fd4b3e43ef29d6279727/screenshot - {}
RESULT: {}
RESULT: undefined
COMMAND: POST /session/2f3a3ed30178fd4b3e43ef29d6279727/element - {"using":"xpath","value":"//*[@id=\"application-managehandovers-display-component---AddNewHO--popup-sa\"]"}
RESULT: {"using":"xpath","value":"//*[@id=\"application-managehandovers-display-component---AddNewHO--popup-sa\"]"}
COMMAND: POST /session/2f3a3ed30178fd4b3e43ef29d6279727/element/f.8627BF333E87AC973E299D2132D92580.d.2D3F2541C04B5BB81C72C22BFFAD5B6A.e.21082/click - {}
RESULT: {}
COMMAND: GET /session/2f3a3ed30178fd4b3e43ef29d6279727/screenshot - {}
RESULT: {}
COMMAND: POST /session/2f3a3ed30178fd4b3e43ef29d6279727/element - {"using":"xpath","value":"//*[contains(@id ,\"BDI-content\")][contains(text(), \"Select\")]"}
RESULT: {"using":"xpath","value":"//*[contains(@id ,\"BDI-content\")][contains(text(), \"Select\")]"}
COMMAND: POST /session/2f3a3ed30178fd4b3e43ef29d6279727/element/f.8627BF333E87AC973E299D2132D92580.d.2D3F2541C04B5BB81C72C22BFFAD5B6A.e.21084/click - {}
RESULT: {}
COMMAND: GET /session/2f3a3ed30178fd4b3e43ef29d6279727/screenshot - {}
RESULT: {}
COMMAND: POST /session/2f3a3ed30178fd4b3e43ef29d6279727/execute/async - {"script":"<script> [1562 bytes]","args":[{"selector":{"id":"application-managehandovers-display-component---AddNewHO--confirmCreationButton","interaction":{"idSuffix":"BDI-content"}},"wdio_ui5_key":"applicationmanagehandovers-display-component---AddNewHO--confirmCreationButton"}]}
RESULT: {"script":"<script> [1562 bytes]","args":[{"selector":{"id":"application-managehandovers-display-component---AddNewHO--confirmCreationButton","interaction":{"idSuffix":"BDI-content"}},"wdio_ui5_key":"applicationmanagehandovers-display-component---AddNewHO--confirmCreationButton"}]}
RESULT: undefined
COMMAND: POST /session/2f3a3ed30178fd4b3e43ef29d6279727/element - {"using":"xpath","value":"//*[@id=\"application-managehandovers-display-component---AddNewHO--confirmCreationButton\"]"}
RESULT: {"using":"xpath","value":"//*[@id=\"application-managehandovers-display-component---AddNewHO--confirmCreationButton\"]"}
COMMAND: POST /session/2f3a3ed30178fd4b3e43ef29d6279727/element/f.8627BF333E87AC973E299D2132D92580.d.2D3F2541C04B5BB81C72C22BFFAD5B6A.e.20889/click - {}
RESULT: {}
COMMAND: GET /session/2f3a3ed30178fd4b3e43ef29d6279727/screenshot - {}
RESULT: {}
COMMAND: POST /session/2f3a3ed30178fd4b3e43ef29d6279727/element - {"using":"xpath","value":"//button[@data-kt=\"PickingTableConfirmAllButton\"]"}
RESULT: {"using":"xpath","value":"//button[@data-kt=\"PickingTableConfirmAllButton\"]"}
COMMAND: POST /session/2f3a3ed30178fd4b3e43ef29d6279727/element/f.8627BF333E87AC973E299D2132D92580.d.2D3F2541C04B5BB81C72C22BFFAD5B6A.e.21142/click - {}
RESULT: {}
COMMAND: GET /session/2f3a3ed30178fd4b3e43ef29d6279727/screenshot - {}
RESULT: {}
COMMAND: POST /session/2f3a3ed30178fd4b3e43ef29d6279727/element - {"using":"xpath","value":"//bdi[contains(text(), \"OK\")]"}
RESULT: {"using":"xpath","value":"//bdi[contains(text(), \"OK\")]"}
COMMAND: POST /session/2f3a3ed30178fd4b3e43ef29d6279727/element/f.8627BF333E87AC973E299D2132D92580.d.2D3F2541C04B5BB81C72C22BFFAD5B6A.e.21145/click - {}
RESULT: {}
COMMAND: GET /session/2f3a3ed30178fd4b3e43ef29d6279727/screenshot - {}
RESULT: {}
COMMAND: POST /session/2f3a3ed30178fd4b3e43ef29d6279727/element - {"using":"xpath","value":"//button[@data-kt=\"execHoPickButton\"]"}
RESULT: {"using":"xpath","value":"//button[@data-kt=\"execHoPickButton\"]"}
COMMAND: POST /session/2f3a3ed30178fd4b3e43ef29d6279727/element/f.8627BF333E87AC973E299D2132D92580.d.2D3F2541C04B5BB81C72C22BFFAD5B6A.e.21146/click - {}
RESULT: {}
COMMAND: GET /session/2f3a3ed30178fd4b3e43ef29d6279727/screenshot - {}
RESULT: {}
COMMAND: POST /session/2f3a3ed30178fd4b3e43ef29d6279727/element - {"using":"xpath","value":"//span[contains(@id ,\"filterItemControl_BASIC-RECEIVE_CONTRACT-vhi\")]"}
RESULT: {"using":"xpath","value":"//span[contains(@id ,\"filterItemControl_BASIC-RECEIVE_CONTRACT-vhi\")]"}
COMMAND: POST /session/2f3a3ed30178fd4b3e43ef29d6279727/element/f.8627BF333E87AC973E299D2132D92580.d.2D3F2541C04B5BB81C72C22BFFAD5B6A.e.21317/click - {}
RESULT: {}
COMMAND: GET /session/2f3a3ed30178fd4b3e43ef29d6279727/screenshot - {}
RESULT: {}
COMMAND: POST /session/2f3a3ed30178fd4b3e43ef29d6279727/execute/async - {"script":"<script> [1562 bytes]","args":[{"selector":{"controlType":"sap.m.SearchField","viewName":"etm.portal.ui.managehandovers.view.MasterHO","bindingPath":{"path":"","propertyPath":"/_BASIC_SEARCH_FIELD","modelName":"fi1t3rM0d31"},"searchOpenDialogs":true,"interaction":{"idSuffix":"I"}},"wdio_ui5_key":"etmportal.ui.managehandovers.view.MasterHOsap.m.SearchField{\"path\":\"\",\"propertyPath\":\"/_BASIC_SEARCH_FIELD\",\"modelName\":\"fi1t3rM0d31\"}"}]}
RESULT: {"script":"<script> [1562 bytes]","args":[{"selector":{"controlType":"sap.m.SearchField","viewName":"etm.portal.ui.managehandovers.view.MasterHO","bindingPath":{"path":"","propertyPath":"/_BASIC_SEARCH_FIELD","modelName":"fi1t3rM0d31"},"searchOpenDialogs":true,"interaction":{"idSuffix":"I"}},"wdio_ui5_key":"etmportal.ui.managehandovers.view.MasterHOsap.m.SearchField{\"path\":\"\",\"propertyPath\":\"/_BASIC_SEARCH_FIELD\",\"modelName\":\"fi1t3rM0d31\"}"}]}
RESULT: undefined
COMMAND: POST /session/2f3a3ed30178fd4b3e43ef29d6279727/execute/async - {"script":"<script> [776 bytes]","args":[{"enterText":"10628","selector":{"controlType":"sap.m.SearchField","viewName":"etm.portal.ui.managehandovers.view.MasterHO","bindingPath":{"path":"","propertyPath":"/_BASIC_SEARCH_FIELD","modelName":"fi1t3rM0d31"},"searchOpenDialogs":true,"interaction":{"idSuffix":"I"}},"clearTextFirst":true,"interactionType":"ENTER_TEXT"}]}
RESULT: {"script":"<script> [776 bytes]","args":[{"enterText":"10628","selector":{"controlType":"sap.m.SearchField","viewName":"etm.portal.ui.managehandovers.view.MasterHO","bindingPath":{"path":"","propertyPath":"/_BASIC_SEARCH_FIELD","modelName":"fi1t3rM0d31"},"searchOpenDialogs":true,"interaction":{"idSuffix":"I"}},"clearTextFirst":true,"interactionType":"ENTER_TEXT"}]}
COMMAND: POST /session/2f3a3ed30178fd4b3e43ef29d6279727/actions - {"actions":[{"id":"action73","type":"key","parameters":{},"actions":[{"type":"keyDown","value":""},{"type":"pause","duration":10},{"type":"keyUp","value":""}]}]}
RESULT: {"actions":[{"id":"action73","type":"key","parameters":{},"actions":[{"type":"keyDown","value":""},{"type":"pause","duration":10},{"type":"keyUp","value":""}]}]}
COMMAND: GET /session/2f3a3ed30178fd4b3e43ef29d6279727/screenshot - {}
RESULT: {}
COMMAND: POST /session/2f3a3ed30178fd4b3e43ef29d6279727/element - {"using":"xpath","value":"//div[contains(@id, 'filterItemControl_BASIC-RECEIVE_CONTRACT-valueHelpDialog-table-rowsel0')]"}
RESULT: {"using":"xpath","value":"//div[contains(@id, 'filterItemControl_BASIC-RECEIVE_CONTRACT-valueHelpDialog-table-rowsel0')]"}
COMMAND: POST /session/2f3a3ed30178fd4b3e43ef29d6279727/element/f.8627BF333E87AC973E299D2132D92580.d.2D3F2541C04B5BB81C72C22BFFAD5B6A.e.21326/click - {}
RESULT: {}
COMMAND: GET /session/2f3a3ed30178fd4b3e43ef29d6279727/screenshot - {}
RESULT: {}
COMMAND: POST /session/2f3a3ed30178fd4b3e43ef29d6279727/element - {"using":"xpath","value":"//bdi[contains(text(), \"OK\")]"}
RESULT: {"using":"xpath","value":"//bdi[contains(text(), \"OK\")]"}
COMMAND: POST /session/2f3a3ed30178fd4b3e43ef29d6279727/element/f.8627BF333E87AC973E299D2132D92580.d.2D3F2541C04B5BB81C72C22BFFAD5B6A.e.21328/click - {}
RESULT: {}
COMMAND: GET /session/2f3a3ed30178fd4b3e43ef29d6279727/screenshot - {}
RESULT: {}
COMMAND: POST /session/2f3a3ed30178fd4b3e43ef29d6279727/element - {"using":"xpath","value":"//span[contains(@id, \"smartTable-header-inner\")]"}
RESULT: {"using":"xpath","value":"//span[contains(@id, \"smartTable-header-inner\")]"}
COMMAND: POST /session/2f3a3ed30178fd4b3e43ef29d6279727/elements - {"using":"xpath","value":"//span[contains(@id, \"smartTable-header-inner\")]"}
RESULT: {"using":"xpath","value":"//span[contains(@id, \"smartTable-header-inner\")]"}
COMMAND: POST /session/2f3a3ed30178fd4b3e43ef29d6279727/execute/sync - {"script":"<script> [56 bytes]","args":[{"element-6066-11e4-a52e-4f735466cecf":"f.8627BF333E87AC973E299D2132D92580.d.2D3F2541C04B5BB81C72C22BFFAD5B6A.e.21357","ELEMENT":"f.8627BF333E87AC973E299D2132D92580.d.2D3F2541C04B5BB81C72C22BFFAD5B6A.e.21357"}]}
RESULT: {"script":"<script> [56 bytes]","args":[{"element-6066-11e4-a52e-4f735466cecf":"f.8627BF333E87AC973E299D2132D92580.d.2D3F2541C04B5BB81C72C22BFFAD5B6A.e.21357","ELEMENT":"f.8627BF333E87AC973E299D2132D92580.d.2D3F2541C04B5BB81C72C22BFFAD5B6A.e.21357"}]}
COMMAND: POST /session/2f3a3ed30178fd4b3e43ef29d6279727/element - {"using":"xpath","value":"//table[contains(@id, \"customHandovers\")]//tbody/tr[1]/td[2]/span"}
COMMAND: GET /session/2f3a3ed30178fd4b3e43ef29d6279727/screenshot - {}
RESULT: {"using":"xpath","value":"//table[contains(@id, \"customHandovers\")]//tbody/tr[1]/td[2]/span"}
COMMAND: POST /session/2f3a3ed30178fd4b3e43ef29d6279727/execute/sync - {"script":"<script> [56 bytes]","args":[{"element-6066-11e4-a52e-4f735466cecf":"f.8627BF333E87AC973E299D2132D92580.d.2D3F2541C04B5BB81C72C22BFFAD5B6A.e.21358","ELEMENT":"f.8627BF333E87AC973E299D2132D92580.d.2D3F2541C04B5BB81C72C22BFFAD5B6A.e.21358"}]}
RESULT: {}
RESULT: {"script":"<script> [56 bytes]","args":[{"element-6066-11e4-a52e-4f735466cecf":"f.8627BF333E87AC973E299D2132D92580.d.2D3F2541C04B5BB81C72C22BFFAD5B6A.e.21358","ELEMENT":"f.8627BF333E87AC973E299D2132D92580.d.2D3F2541C04B5BB81C72C22BFFAD5B6A.e.21358"}]}
COMMAND: POST /session/2f3a3ed30178fd4b3e43ef29d6279727/element - {"using":"xpath","value":"(//span[contains(@id, \"imgNav\")])[1]"}
COMMAND: GET /session/2f3a3ed30178fd4b3e43ef29d6279727/screenshot - {}
RESULT: {"using":"xpath","value":"(//span[contains(@id, \"imgNav\")])[1]"}
COMMAND: POST /session/2f3a3ed30178fd4b3e43ef29d6279727/element/f.8627BF333E87AC973E299D2132D92580.d.2D3F2541C04B5BB81C72C22BFFAD5B6A.e.21355/click - {}
RESULT: {}
RESULT: {}
COMMAND: GET /session/2f3a3ed30178fd4b3e43ef29d6279727/screenshot - {}
RESULT: {}
COMMAND: POST /session/2f3a3ed30178fd4b3e43ef29d6279727/element - {"using":"xpath","value":"//button[@data-kt=\"PickingTableConfirmAllButton\"]"}
RESULT: {"using":"xpath","value":"//button[@data-kt=\"PickingTableConfirmAllButton\"]"}
COMMAND: POST /session/2f3a3ed30178fd4b3e43ef29d6279727/element/f.8627BF333E87AC973E299D2132D92580.d.2D3F2541C04B5BB81C72C22BFFAD5B6A.e.21398/click - {}
RESULT: {}
COMMAND: GET /session/2f3a3ed30178fd4b3e43ef29d6279727/screenshot - {}
RESULT: {}
COMMAND: POST /session/2f3a3ed30178fd4b3e43ef29d6279727/element - {"using":"xpath","value":"//bdi[contains(text(), \"OK\")]"}
RESULT: {"using":"xpath","value":"//bdi[contains(text(), \"OK\")]"}
COMMAND: POST /session/2f3a3ed30178fd4b3e43ef29d6279727/element/f.8627BF333E87AC973E299D2132D92580.d.2D3F2541C04B5BB81C72C22BFFAD5B6A.e.21410/click - {}
RESULT: {}
COMMAND: GET /session/2f3a3ed30178fd4b3e43ef29d6279727/screenshot - {}
RESULT: {}
COMMAND: POST /session/2f3a3ed30178fd4b3e43ef29d6279727/element - {"using":"xpath","value":"//button[@data-kt=\"execHoIssueButton\"]"}
RESULT: {"using":"xpath","value":"//button[@data-kt=\"execHoIssueButton\"]"}
COMMAND: POST /session/2f3a3ed30178fd4b3e43ef29d6279727/element/f.8627BF333E87AC973E299D2132D92580.d.2D3F2541C04B5BB81C72C22BFFAD5B6A.e.21412/click - {}
RESULT: {}
COMMAND: GET /session/2f3a3ed30178fd4b3e43ef29d6279727/screenshot - {}
RESULT: {}
COMMAND: POST /session/2f3a3ed30178fd4b3e43ef29d6279727/element - {"using":"xpath","value":"//input[contains(@id ,\"smartFilterBar-btnBasicSearch-I\")]"}
RESULT: {"using":"xpath","value":"//input[contains(@id ,\"smartFilterBar-btnBasicSearch-I\")]"}
COMMAND: POST /session/2f3a3ed30178fd4b3e43ef29d6279727/elements - {"using":"xpath","value":"//input[contains(@id ,\"smartFilterBar-btnBasicSearch-I\")]"}
RESULT: {"using":"xpath","value":"//input[contains(@id ,\"smartFilterBar-btnBasicSearch-I\")]"}
COMMAND: POST /session/2f3a3ed30178fd4b3e43ef29d6279727/execute/sync - {"script":"<script> [8489 bytes]","args":[{"element-6066-11e4-a52e-4f735466cecf":"f.8627BF333E87AC973E299D2132D92580.d.2D3F2541C04B5BB81C72C22BFFAD5B6A.e.20809","ELEMENT":"f.8627BF333E87AC973E299D2132D92580.d.2D3F2541C04B5BB81C72C22BFFAD5B6A.e.20809"}]}
RESULT: {"script":"<script> [8489 bytes]","args":[{"element-6066-11e4-a52e-4f735466cecf":"f.8627BF333E87AC973E299D2132D92580.d.2D3F2541C04B5BB81C72C22BFFAD5B6A.e.20809","ELEMENT":"f.8627BF333E87AC973E299D2132D92580.d.2D3F2541C04B5BB81C72C22BFFAD5B6A.e.20809"}]}
COMMAND: GET /session/2f3a3ed30178fd4b3e43ef29d6279727/element/f.8627BF333E87AC973E299D2132D92580.d.2D3F2541C04B5BB81C72C22BFFAD5B6A.e.20809/enabled - {}
COMMAND: GET /session/2f3a3ed30178fd4b3e43ef29d6279727/screenshot - {}
RESULT: {}
COMMAND: POST /session/2f3a3ed30178fd4b3e43ef29d6279727/element/f.8627BF333E87AC973E299D2132D92580.d.2D3F2541C04B5BB81C72C22BFFAD5B6A.e.20809/clear - {}
COMMAND: GET /session/2f3a3ed30178fd4b3e43ef29d6279727/screenshot - {}
RESULT: {}
RESULT: {}
COMMAND: POST /session/2f3a3ed30178fd4b3e43ef29d6279727/element/f.8627BF333E87AC973E299D2132D92580.d.2D3F2541C04B5BB81C72C22BFFAD5B6A.e.20809/value - {"text":"31134"}
COMMAND: GET /session/2f3a3ed30178fd4b3e43ef29d6279727/screenshot - {}
RESULT: {}
RESULT: {"text":"31134"}
COMMAND: GET /session/2f3a3ed30178fd4b3e43ef29d6279727/screenshot - {}
RESULT: {}
RESULT: {}
COMMAND: POST /session/2f3a3ed30178fd4b3e43ef29d6279727/actions - {"actions":[{"id":"action74","type":"key","parameters":{},"actions":[{"type":"keyDown","value":""},{"type":"pause","duration":10},{"type":"keyUp","value":""}]}]}
RESULT: {"actions":[{"id":"action74","type":"key","parameters":{},"actions":[{"type":"keyDown","value":""},{"type":"pause","duration":10},{"type":"keyUp","value":""}]}]}
COMMAND: GET /session/2f3a3ed30178fd4b3e43ef29d6279727/screenshot - {}
RESULT: {}
COMMAND: POST /session/2f3a3ed30178fd4b3e43ef29d6279727/element - {"using":"xpath","value":"//span[contains(@id, \"smartTable-header-inner\")]"}
RESULT: {"using":"xpath","value":"//span[contains(@id, \"smartTable-header-inner\")]"}
COMMAND: POST /session/2f3a3ed30178fd4b3e43ef29d6279727/elements - {"using":"xpath","value":"//span[contains(@id, \"smartTable-header-inner\")]"}
RESULT: {"using":"xpath","value":"//span[contains(@id, \"smartTable-header-inner\")]"}
COMMAND: POST /session/2f3a3ed30178fd4b3e43ef29d6279727/execute/sync - {"script":"<script> [56 bytes]","args":[{"element-6066-11e4-a52e-4f735466cecf":"f.8627BF333E87AC973E299D2132D92580.d.2D3F2541C04B5BB81C72C22BFFAD5B6A.e.21357","ELEMENT":"f.8627BF333E87AC973E299D2132D92580.d.2D3F2541C04B5BB81C72C22BFFAD5B6A.e.21357"}]}
RESULT: {"script":"<script> [56 bytes]","args":[{"element-6066-11e4-a52e-4f735466cecf":"f.8627BF333E87AC973E299D2132D92580.d.2D3F2541C04B5BB81C72C22BFFAD5B6A.e.21357","ELEMENT":"f.8627BF333E87AC973E299D2132D92580.d.2D3F2541C04B5BB81C72C22BFFAD5B6A.e.21357"}]}
COMMAND: POST /session/2f3a3ed30178fd4b3e43ef29d6279727/elements - {"using":"xpath","value":"//thead[contains(@class, \"sapMTableTH\")]/tr/th"}
COMMAND: GET /session/2f3a3ed30178fd4b3e43ef29d6279727/screenshot - {}
RESULT: {"using":"xpath","value":"//thead[contains(@class, \"sapMTableTH\")]/tr/th"}
COMMAND: GET /session/2f3a3ed30178fd4b3e43ef29d6279727/element/f.8627BF333E87AC973E299D2132D92580.d.2D3F2541C04B5BB81C72C22BFFAD5B6A.e.21460/text - {}
RESULT: {}
RESULT: {}
COMMAND: GET /session/2f3a3ed30178fd4b3e43ef29d6279727/element/f.8627BF333E87AC973E299D2132D92580.d.2D3F2541C04B5BB81C72C22BFFAD5B6A.e.21461/text - {}
RESULT: {}
COMMAND: GET /session/2f3a3ed30178fd4b3e43ef29d6279727/element/f.8627BF333E87AC973E299D2132D92580.d.2D3F2541C04B5BB81C72C22BFFAD5B6A.e.20855/text - {}
RESULT: {}
COMMAND: GET /session/2f3a3ed30178fd4b3e43ef29d6279727/element/f.8627BF333E87AC973E299D2132D92580.d.2D3F2541C04B5BB81C72C22BFFAD5B6A.e.20857/text - {}
RESULT: {}
COMMAND: GET /session/2f3a3ed30178fd4b3e43ef29d6279727/element/f.8627BF333E87AC973E299D2132D92580.d.2D3F2541C04B5BB81C72C22BFFAD5B6A.e.21414/text - {}
RESULT: {}
COMMAND: GET /session/2f3a3ed30178fd4b3e43ef29d6279727/element/f.8627BF333E87AC973E299D2132D92580.d.2D3F2541C04B5BB81C72C22BFFAD5B6A.e.21415/text - {}
RESULT: {}
COMMAND: GET /session/2f3a3ed30178fd4b3e43ef29d6279727/element/f.8627BF333E87AC973E299D2132D92580.d.2D3F2541C04B5BB81C72C22BFFAD5B6A.e.21416/text - {}
RESULT: {}
COMMAND: GET /session/2f3a3ed30178fd4b3e43ef29d6279727/element/f.8627BF333E87AC973E299D2132D92580.d.2D3F2541C04B5BB81C72C22BFFAD5B6A.e.21417/text - {}
RESULT: {}
COMMAND: GET /session/2f3a3ed30178fd4b3e43ef29d6279727/element/f.8627BF333E87AC973E299D2132D92580.d.2D3F2541C04B5BB81C72C22BFFAD5B6A.e.21418/text - {}
RESULT: {}
COMMAND: GET /session/2f3a3ed30178fd4b3e43ef29d6279727/element/f.8627BF333E87AC973E299D2132D92580.d.2D3F2541C04B5BB81C72C22BFFAD5B6A.e.21419/text - {}
RESULT: {}
COMMAND: GET /session/2f3a3ed30178fd4b3e43ef29d6279727/element/f.8627BF333E87AC973E299D2132D92580.d.2D3F2541C04B5BB81C72C22BFFAD5B6A.e.21420/text - {}
RESULT: {}
COMMAND: GET /session/2f3a3ed30178fd4b3e43ef29d6279727/element/f.8627BF333E87AC973E299D2132D92580.d.2D3F2541C04B5BB81C72C22BFFAD5B6A.e.21421/text - {}
RESULT: {}
COMMAND: GET /session/2f3a3ed30178fd4b3e43ef29d6279727/element/f.8627BF333E87AC973E299D2132D92580.d.2D3F2541C04B5BB81C72C22BFFAD5B6A.e.21422/text - {}
RESULT: {}
COMMAND: GET /session/2f3a3ed30178fd4b3e43ef29d6279727/element/f.8627BF333E87AC973E299D2132D92580.d.2D3F2541C04B5BB81C72C22BFFAD5B6A.e.20858/text - {}
RESULT: {}
COMMAND: POST /session/2f3a3ed30178fd4b3e43ef29d6279727/element - {"using":"xpath","value":"//tbody[contains(@id, \"customHandoversTable-tblBody\")]/tr[1]/td[14]/div/span"}
RESULT: {"using":"xpath","value":"//tbody[contains(@id, \"customHandoversTable-tblBody\")]/tr[1]/td[14]/div/span"}
COMMAND: POST /session/2f3a3ed30178fd4b3e43ef29d6279727/execute/sync - {"script":"<script> [56 bytes]","args":[{"element-6066-11e4-a52e-4f735466cecf":"f.8627BF333E87AC973E299D2132D92580.d.2D3F2541C04B5BB81C72C22BFFAD5B6A.e.21513","ELEMENT":"f.8627BF333E87AC973E299D2132D92580.d.2D3F2541C04B5BB81C72C22BFFAD5B6A.e.21513"}]}
RESULT: {"script":"<script> [56 bytes]","args":[{"element-6066-11e4-a52e-4f735466cecf":"f.8627BF333E87AC973E299D2132D92580.d.2D3F2541C04B5BB81C72C22BFFAD5B6A.e.21513","ELEMENT":"f.8627BF333E87AC973E299D2132D92580.d.2D3F2541C04B5BB81C72C22BFFAD5B6A.e.21513"}]}
COMMAND: POST /session/2f3a3ed30178fd4b3e43ef29d6279727/element - {"using":"xpath","value":"(//span[contains(@id, \"imgNav\")])[1]"}
COMMAND: GET /session/2f3a3ed30178fd4b3e43ef29d6279727/screenshot - {}
RESULT: {"using":"xpath","value":"(//span[contains(@id, \"imgNav\")])[1]"}
COMMAND: POST /session/2f3a3ed30178fd4b3e43ef29d6279727/element/f.8627BF333E87AC973E299D2132D92580.d.2D3F2541C04B5BB81C72C22BFFAD5B6A.e.21456/click - {}
RESULT: {}
RESULT: {}
COMMAND: GET /session/2f3a3ed30178fd4b3e43ef29d6279727/screenshot - {}
RESULT: {}
RESULT: undefined
COMMAND: POST /session/2f3a3ed30178fd4b3e43ef29d6279727/execute/async - {"script":"<script> [776 bytes]","args":[{"enterText":"04/30/25","selector":{"id":"receiptDatePicker","viewName":"etm.portal.ui.managehandovers.view.DetailExecuteHO","interaction":{"idSuffix":"inner"}},"clearTextFirst":true,"interactionType":"ENTER_TEXT"}]}
RESULT: {"script":"<script> [776 bytes]","args":[{"enterText":"04/30/25","selector":{"id":"receiptDatePicker","viewName":"etm.portal.ui.managehandovers.view.DetailExecuteHO","interaction":{"idSuffix":"inner"}},"clearTextFirst":true,"interactionType":"ENTER_TEXT"}]}
COMMAND: POST /session/2f3a3ed30178fd4b3e43ef29d6279727/element - {"using":"xpath","value":"//button[@data-kt=\"PickingTableConfirmAllButton\"]"}
RESULT: {"using":"xpath","value":"//button[@data-kt=\"PickingTableConfirmAllButton\"]"}
COMMAND: POST /session/2f3a3ed30178fd4b3e43ef29d6279727/element/f.8627BF333E87AC973E299D2132D92580.d.2D3F2541C04B5BB81C72C22BFFAD5B6A.e.21523/click - {}
RESULT: {}
COMMAND: GET /session/2f3a3ed30178fd4b3e43ef29d6279727/screenshot - {}
RESULT: {}
COMMAND: POST /session/2f3a3ed30178fd4b3e43ef29d6279727/element - {"using":"xpath","value":"//bdi[contains(text(), \"OK\")]"}
RESULT: {"using":"xpath","value":"//bdi[contains(text(), \"OK\")]"}
COMMAND: POST /session/2f3a3ed30178fd4b3e43ef29d6279727/element/f.8627BF333E87AC973E299D2132D92580.d.2D3F2541C04B5BB81C72C22BFFAD5B6A.e.21536/click - {}
RESULT: {}
COMMAND: GET /session/2f3a3ed30178fd4b3e43ef29d6279727/screenshot - {}
RESULT: {}
COMMAND: POST /session/2f3a3ed30178fd4b3e43ef29d6279727/element - {"using":"xpath","value":"//button[@data-kt= \"execHoReceiveButton\"]"}
RESULT: {"using":"xpath","value":"//button[@data-kt= \"execHoReceiveButton\"]"}
COMMAND: POST /session/2f3a3ed30178fd4b3e43ef29d6279727/element/f.8627BF333E87AC973E299D2132D92580.d.2D3F2541C04B5BB81C72C22BFFAD5B6A.e.21538/click - {}
RESULT: {}
COMMAND: GET /session/2f3a3ed30178fd4b3e43ef29d6279727/screenshot - {}
RESULT: {}
COMMAND: POST /session/2f3a3ed30178fd4b3e43ef29d6279727/element - {"using":"xpath","value":"//input[contains(@id ,\"smartFilterBar-btnBasicSearch-I\")]"}
RESULT: {"using":"xpath","value":"//input[contains(@id ,\"smartFilterBar-btnBasicSearch-I\")]"}
COMMAND: POST /session/2f3a3ed30178fd4b3e43ef29d6279727/elements - {"using":"xpath","value":"//input[contains(@id ,\"smartFilterBar-btnBasicSearch-I\")]"}
RESULT: {"using":"xpath","value":"//input[contains(@id ,\"smartFilterBar-btnBasicSearch-I\")]"}
COMMAND: POST /session/2f3a3ed30178fd4b3e43ef29d6279727/execute/sync - {"script":"<script> [8489 bytes]","args":[{"element-6066-11e4-a52e-4f735466cecf":"f.8627BF333E87AC973E299D2132D92580.d.2D3F2541C04B5BB81C72C22BFFAD5B6A.e.20809","ELEMENT":"f.8627BF333E87AC973E299D2132D92580.d.2D3F2541C04B5BB81C72C22BFFAD5B6A.e.20809"}]}
RESULT: {"script":"<script> [8489 bytes]","args":[{"element-6066-11e4-a52e-4f735466cecf":"f.8627BF333E87AC973E299D2132D92580.d.2D3F2541C04B5BB81C72C22BFFAD5B6A.e.20809","ELEMENT":"f.8627BF333E87AC973E299D2132D92580.d.2D3F2541C04B5BB81C72C22BFFAD5B6A.e.20809"}]}
COMMAND: GET /session/2f3a3ed30178fd4b3e43ef29d6279727/element/f.8627BF333E87AC973E299D2132D92580.d.2D3F2541C04B5BB81C72C22BFFAD5B6A.e.20809/enabled - {}
COMMAND: GET /session/2f3a3ed30178fd4b3e43ef29d6279727/screenshot - {}
RESULT: {}
COMMAND: POST /session/2f3a3ed30178fd4b3e43ef29d6279727/element/f.8627BF333E87AC973E299D2132D92580.d.2D3F2541C04B5BB81C72C22BFFAD5B6A.e.20809/clear - {}
COMMAND: GET /session/2f3a3ed30178fd4b3e43ef29d6279727/screenshot - {}
RESULT: {}
RESULT: {}
COMMAND: POST /session/2f3a3ed30178fd4b3e43ef29d6279727/element/f.8627BF333E87AC973E299D2132D92580.d.2D3F2541C04B5BB81C72C22BFFAD5B6A.e.20809/value - {"text":"31134"}
COMMAND: GET /session/2f3a3ed30178fd4b3e43ef29d6279727/screenshot - {}
RESULT: {}
RESULT: {"text":"31134"}
COMMAND: GET /session/2f3a3ed30178fd4b3e43ef29d6279727/screenshot - {}
RESULT: {}
RESULT: {}
COMMAND: POST /session/2f3a3ed30178fd4b3e43ef29d6279727/actions - {"actions":[{"id":"action75","type":"key","parameters":{},"actions":[{"type":"keyDown","value":""},{"type":"pause","duration":10},{"type":"keyUp","value":""}]}]}
RESULT: {"actions":[{"id":"action75","type":"key","parameters":{},"actions":[{"type":"keyDown","value":""},{"type":"pause","duration":10},{"type":"keyUp","value":""}]}]}
COMMAND: GET /session/2f3a3ed30178fd4b3e43ef29d6279727/screenshot - {}
RESULT: {}
COMMAND: POST /session/2f3a3ed30178fd4b3e43ef29d6279727/element - {"using":"xpath","value":"//span[contains(@id, \"smartTable-header-inner\")]"}
RESULT: {"using":"xpath","value":"//span[contains(@id, \"smartTable-header-inner\")]"}
COMMAND: POST /session/2f3a3ed30178fd4b3e43ef29d6279727/elements - {"using":"xpath","value":"//span[contains(@id, \"smartTable-header-inner\")]"}
RESULT: {"using":"xpath","value":"//span[contains(@id, \"smartTable-header-inner\")]"}
COMMAND: POST /session/2f3a3ed30178fd4b3e43ef29d6279727/execute/sync - {"script":"<script> [56 bytes]","args":[{"element-6066-11e4-a52e-4f735466cecf":"f.8627BF333E87AC973E299D2132D92580.d.2D3F2541C04B5BB81C72C22BFFAD5B6A.e.21357","ELEMENT":"f.8627BF333E87AC973E299D2132D92580.d.2D3F2541C04B5BB81C72C22BFFAD5B6A.e.21357"}]}
RESULT: {"script":"<script> [56 bytes]","args":[{"element-6066-11e4-a52e-4f735466cecf":"f.8627BF333E87AC973E299D2132D92580.d.2D3F2541C04B5BB81C72C22BFFAD5B6A.e.21357","ELEMENT":"f.8627BF333E87AC973E299D2132D92580.d.2D3F2541C04B5BB81C72C22BFFAD5B6A.e.21357"}]}
COMMAND: POST /session/2f3a3ed30178fd4b3e43ef29d6279727/elements - {"using":"xpath","value":"//thead[contains(@class, \"sapMTableTH\")]/tr/th"}
COMMAND: GET /session/2f3a3ed30178fd4b3e43ef29d6279727/screenshot - {}
RESULT: {"using":"xpath","value":"//thead[contains(@class, \"sapMTableTH\")]/tr/th"}
COMMAND: GET /session/2f3a3ed30178fd4b3e43ef29d6279727/element/f.8627BF333E87AC973E299D2132D92580.d.2D3F2541C04B5BB81C72C22BFFAD5B6A.e.21460/text - {}
RESULT: {}
RESULT: {}
COMMAND: GET /session/2f3a3ed30178fd4b3e43ef29d6279727/element/f.8627BF333E87AC973E299D2132D92580.d.2D3F2541C04B5BB81C72C22BFFAD5B6A.e.21461/text - {}
RESULT: {}
COMMAND: GET /session/2f3a3ed30178fd4b3e43ef29d6279727/element/f.8627BF333E87AC973E299D2132D92580.d.2D3F2541C04B5BB81C72C22BFFAD5B6A.e.20855/text - {}
RESULT: {}
COMMAND: GET /session/2f3a3ed30178fd4b3e43ef29d6279727/element/f.8627BF333E87AC973E299D2132D92580.d.2D3F2541C04B5BB81C72C22BFFAD5B6A.e.20857/text - {}
RESULT: {}
COMMAND: GET /session/2f3a3ed30178fd4b3e43ef29d6279727/element/f.8627BF333E87AC973E299D2132D92580.d.2D3F2541C04B5BB81C72C22BFFAD5B6A.e.21542/text - {}
RESULT: {}
COMMAND: GET /session/2f3a3ed30178fd4b3e43ef29d6279727/element/f.8627BF333E87AC973E299D2132D92580.d.2D3F2541C04B5BB81C72C22BFFAD5B6A.e.21543/text - {}
RESULT: {}
COMMAND: GET /session/2f3a3ed30178fd4b3e43ef29d6279727/element/f.8627BF333E87AC973E299D2132D92580.d.2D3F2541C04B5BB81C72C22BFFAD5B6A.e.21544/text - {}
RESULT: {}
COMMAND: GET /session/2f3a3ed30178fd4b3e43ef29d6279727/element/f.8627BF333E87AC973E299D2132D92580.d.2D3F2541C04B5BB81C72C22BFFAD5B6A.e.21545/text - {}
RESULT: {}
COMMAND: GET /session/2f3a3ed30178fd4b3e43ef29d6279727/element/f.8627BF333E87AC973E299D2132D92580.d.2D3F2541C04B5BB81C72C22BFFAD5B6A.e.21546/text - {}
RESULT: {}
COMMAND: GET /session/2f3a3ed30178fd4b3e43ef29d6279727/element/f.8627BF333E87AC973E299D2132D92580.d.2D3F2541C04B5BB81C72C22BFFAD5B6A.e.21547/text - {}
RESULT: {}
COMMAND: GET /session/2f3a3ed30178fd4b3e43ef29d6279727/element/f.8627BF333E87AC973E299D2132D92580.d.2D3F2541C04B5BB81C72C22BFFAD5B6A.e.21548/text - {}
RESULT: {}
COMMAND: GET /session/2f3a3ed30178fd4b3e43ef29d6279727/element/f.8627BF333E87AC973E299D2132D92580.d.2D3F2541C04B5BB81C72C22BFFAD5B6A.e.21549/text - {}
RESULT: {}
COMMAND: GET /session/2f3a3ed30178fd4b3e43ef29d6279727/element/f.8627BF333E87AC973E299D2132D92580.d.2D3F2541C04B5BB81C72C22BFFAD5B6A.e.21550/text - {}
RESULT: {}
COMMAND: GET /session/2f3a3ed30178fd4b3e43ef29d6279727/element/f.8627BF333E87AC973E299D2132D92580.d.2D3F2541C04B5BB81C72C22BFFAD5B6A.e.20858/text - {}
RESULT: {}
COMMAND: POST /session/2f3a3ed30178fd4b3e43ef29d6279727/element - {"using":"xpath","value":"//tbody[contains(@id, \"customHandoversTable-tblBody\")]/tr[1]/td[14]/div/span"}
RESULT: {"using":"xpath","value":"//tbody[contains(@id, \"customHandoversTable-tblBody\")]/tr[1]/td[14]/div/span"}
COMMAND: POST /session/2f3a3ed30178fd4b3e43ef29d6279727/execute/sync - {"script":"<script> [56 bytes]","args":[{"element-6066-11e4-a52e-4f735466cecf":"f.8627BF333E87AC973E299D2132D92580.d.2D3F2541C04B5BB81C72C22BFFAD5B6A.e.21591","ELEMENT":"f.8627BF333E87AC973E299D2132D92580.d.2D3F2541C04B5BB81C72C22BFFAD5B6A.e.21591"}]}
RESULT: {"script":"<script> [56 bytes]","args":[{"element-6066-11e4-a52e-4f735466cecf":"f.8627BF333E87AC973E299D2132D92580.d.2D3F2541C04B5BB81C72C22BFFAD5B6A.e.21591","ELEMENT":"f.8627BF333E87AC973E299D2132D92580.d.2D3F2541C04B5BB81C72C22BFFAD5B6A.e.21591"}]}
COMMAND: POST /session/2f3a3ed30178fd4b3e43ef29d6279727/element - {"using":"css selector","value":"#shell-header-logo"}
COMMAND: GET /session/2f3a3ed30178fd4b3e43ef29d6279727/screenshot - {}
RESULT: {"using":"css selector","value":"#shell-header-logo"}
COMMAND: POST /session/2f3a3ed30178fd4b3e43ef29d6279727/element/f.8627BF333E87AC973E299D2132D92580.d.2D3F2541C04B5BB81C72C22BFFAD5B6A.e.20133/click - {}
RESULT: {}
RESULT: {}
COMMAND: GET /session/2f3a3ed30178fd4b3e43ef29d6279727/screenshot - {}
RESULT: {}
]]></system-out>
    </testcase>
    <testcase classname="chrome.135_0_7049_42.windows.Billing_Calculation_-_Time_based_(considering_transport_times)_US139738" name="Should navigate to Manage Billings and trigger contract calculation business confirm it" time="54.557">
      <system-out><![CDATA[
COMMAND: POST /session/2f3a3ed30178fd4b3e43ef29d6279727/execute/async - {"script":"<script> [1562 bytes]","args":[{"selector":{"controlType":"sap.m.GenericTile","properties":{"header":"Manage Billings"}},"wdio_ui5_key":"sapm.GenericTile{\"header\":\"Manage Billings\"}"}]}
RESULT: {"script":"<script> [1562 bytes]","args":[{"selector":{"controlType":"sap.m.GenericTile","properties":{"header":"Manage Billings"}},"wdio_ui5_key":"sapm.GenericTile{\"header\":\"Manage Billings\"}"}]}
RESULT: undefined
COMMAND: POST /session/2f3a3ed30178fd4b3e43ef29d6279727/element - {"using":"xpath","value":"//*[@id=\"__tile51\"]"}
RESULT: {"using":"xpath","value":"//*[@id=\"__tile51\"]"}
COMMAND: POST /session/2f3a3ed30178fd4b3e43ef29d6279727/element/f.8627BF333E87AC973E299D2132D92580.d.2D3F2541C04B5BB81C72C22BFFAD5B6A.e.18123/click - {}
RESULT: {}
COMMAND: GET /session/2f3a3ed30178fd4b3e43ef29d6279727/screenshot - {}
COMMAND: POST /session/2f3a3ed30178fd4b3e43ef29d6279727/execute/async - {"script":"<script> [1562 bytes]","args":[{"selector":{"id":"application-managebillings-display-component---billRunCalcResult--smartFilterBar-btnBasicSearch","interaction":{"idSuffix":"I"}},"wdio_ui5_key":"applicationmanagebillings-display-component---billRunCalcResult--smartFilterBar-btnBasicSearch"}]}
RESULT: {}
RESULT: {"script":"<script> [1562 bytes]","args":[{"selector":{"id":"application-managebillings-display-component---billRunCalcResult--smartFilterBar-btnBasicSearch","interaction":{"idSuffix":"I"}},"wdio_ui5_key":"applicationmanagebillings-display-component---billRunCalcResult--smartFilterBar-btnBasicSearch"}]}
RESULT: undefined
COMMAND: POST /session/2f3a3ed30178fd4b3e43ef29d6279727/execute/async - {"script":"<script> [776 bytes]","args":[{"enterText":"10628","selector":{"id":"application-managebillings-display-component---billRunCalcResult--smartFilterBar-btnBasicSearch","interaction":{"idSuffix":"I"}},"clearTextFirst":true,"interactionType":"ENTER_TEXT"}]}
RESULT: {"script":"<script> [776 bytes]","args":[{"enterText":"10628","selector":{"id":"application-managebillings-display-component---billRunCalcResult--smartFilterBar-btnBasicSearch","interaction":{"idSuffix":"I"}},"clearTextFirst":true,"interactionType":"ENTER_TEXT"}]}
COMMAND: POST /session/2f3a3ed30178fd4b3e43ef29d6279727/actions - {"actions":[{"id":"action76","type":"key","parameters":{},"actions":[{"type":"keyDown","value":""},{"type":"pause","duration":10},{"type":"keyUp","value":""}]}]}
RESULT: {"actions":[{"id":"action76","type":"key","parameters":{},"actions":[{"type":"keyDown","value":""},{"type":"pause","duration":10},{"type":"keyUp","value":""}]}]}
COMMAND: GET /session/2f3a3ed30178fd4b3e43ef29d6279727/screenshot - {}
RESULT: {}
COMMAND: POST /session/2f3a3ed30178fd4b3e43ef29d6279727/element - {"using":"xpath","value":"//td[@aria-colindex=\"1\"]/div/div[contains(@class, \"sapMCbBg\")]"}
RESULT: {"using":"xpath","value":"//td[@aria-colindex=\"1\"]/div/div[contains(@class, \"sapMCbBg\")]"}
COMMAND: POST /session/2f3a3ed30178fd4b3e43ef29d6279727/element/f.8627BF333E87AC973E299D2132D92580.d.2D3F2541C04B5BB81C72C22BFFAD5B6A.e.21805/click - {}
RESULT: {}
COMMAND: GET /session/2f3a3ed30178fd4b3e43ef29d6279727/screenshot - {}
RESULT: {}
COMMAND: POST /session/2f3a3ed30178fd4b3e43ef29d6279727/execute/async - {"script":"<script> [1562 bytes]","args":[{"selector":{"id":"application-managebillings-display-component---billRunCalcResult--contractBillRunDate","interaction":{"idSuffix":"inner"}},"wdio_ui5_key":"applicationmanagebillings-display-component---billRunCalcResult--contractBillRunDate"}]}
RESULT: {"script":"<script> [1562 bytes]","args":[{"selector":{"id":"application-managebillings-display-component---billRunCalcResult--contractBillRunDate","interaction":{"idSuffix":"inner"}},"wdio_ui5_key":"applicationmanagebillings-display-component---billRunCalcResult--contractBillRunDate"}]}
RESULT: undefined
COMMAND: POST /session/2f3a3ed30178fd4b3e43ef29d6279727/execute/async - {"script":"<script> [776 bytes]","args":[{"enterText":"04/23/25","selector":{"id":"application-managebillings-display-component---billRunCalcResult--contractBillRunDate","interaction":{"idSuffix":"inner"}},"clearTextFirst":true,"interactionType":"ENTER_TEXT"}]}
RESULT: {"script":"<script> [776 bytes]","args":[{"enterText":"04/23/25","selector":{"id":"application-managebillings-display-component---billRunCalcResult--contractBillRunDate","interaction":{"idSuffix":"inner"}},"clearTextFirst":true,"interactionType":"ENTER_TEXT"}]}
COMMAND: POST /session/2f3a3ed30178fd4b3e43ef29d6279727/element - {"using":"xpath","value":"//bdi[contains(text(), \"Trigger Calculation\")]"}
RESULT: {"using":"xpath","value":"//bdi[contains(text(), \"Trigger Calculation\")]"}
COMMAND: POST /session/2f3a3ed30178fd4b3e43ef29d6279727/element/f.8627BF333E87AC973E299D2132D92580.d.2D3F2541C04B5BB81C72C22BFFAD5B6A.e.21857/click - {}
RESULT: {}
COMMAND: GET /session/2f3a3ed30178fd4b3e43ef29d6279727/screenshot - {}
RESULT: {}
COMMAND: POST /session/2f3a3ed30178fd4b3e43ef29d6279727/element - {"using":"xpath","value":"(//span[contains(@id, \"imgNav\")])[1]"}
RESULT: {"using":"xpath","value":"(//span[contains(@id, \"imgNav\")])[1]"}
COMMAND: POST /session/2f3a3ed30178fd4b3e43ef29d6279727/element/f.8627BF333E87AC973E299D2132D92580.d.2D3F2541C04B5BB81C72C22BFFAD5B6A.e.21806/click - {}
RESULT: {}
COMMAND: GET /session/2f3a3ed30178fd4b3e43ef29d6279727/screenshot - {}
RESULT: {}
COMMAND: POST /session/2f3a3ed30178fd4b3e43ef29d6279727/element - {"using":"xpath","value":"//tr/td[6]/div[1]/span[1]/span[1]"}
RESULT: {"using":"xpath","value":"//tr/td[6]/div[1]/span[1]/span[1]"}
COMMAND: GET /session/2f3a3ed30178fd4b3e43ef29d6279727/element/f.8627BF333E87AC973E299D2132D92580.d.2D3F2541C04B5BB81C72C22BFFAD5B6A.e.21862/text - {}
RESULT: {}
COMMAND: POST /session/2f3a3ed30178fd4b3e43ef29d6279727/element - {"using":"xpath","value":"(//span[contains(@id, \"imgNav\")])[2]"}
RESULT: {"using":"xpath","value":"(//span[contains(@id, \"imgNav\")])[2]"}
COMMAND: POST /session/2f3a3ed30178fd4b3e43ef29d6279727/element/f.8627BF333E87AC973E299D2132D92580.d.2D3F2541C04B5BB81C72C22BFFAD5B6A.e.21863/click - {}
RESULT: {}
COMMAND: POST /session/2f3a3ed30178fd4b3e43ef29d6279727/element - {"using":"xpath","value":"//bdi[contains(text(), \"Business Confirm\")]"}
COMMAND: GET /session/2f3a3ed30178fd4b3e43ef29d6279727/screenshot - {}
RESULT: {"using":"xpath","value":"//bdi[contains(text(), \"Business Confirm\")]"}
COMMAND: POST /session/2f3a3ed30178fd4b3e43ef29d6279727/elements - {"using":"xpath","value":"//bdi[contains(text(), \"Business Confirm\")]"}
RESULT: {}
RESULT: {"using":"xpath","value":"//bdi[contains(text(), \"Business Confirm\")]"}
COMMAND: POST /session/2f3a3ed30178fd4b3e43ef29d6279727/element - {"using":"xpath","value":"//bdi[contains(text(), \"Business Confirm\")]"}
RESULT: {"using":"xpath","value":"//bdi[contains(text(), \"Business Confirm\")]"}
COMMAND: POST /session/2f3a3ed30178fd4b3e43ef29d6279727/element/f.8627BF333E87AC973E299D2132D92580.d.2D3F2541C04B5BB81C72C22BFFAD5B6A.e.21917/click - {}
RESULT: {}
COMMAND: POST /session/2f3a3ed30178fd4b3e43ef29d6279727/element - {"using":"css selector","value":"#shell-header-logo"}
COMMAND: GET /session/2f3a3ed30178fd4b3e43ef29d6279727/screenshot - {}
RESULT: {"using":"css selector","value":"#shell-header-logo"}
COMMAND: POST /session/2f3a3ed30178fd4b3e43ef29d6279727/element/f.8627BF333E87AC973E299D2132D92580.d.2D3F2541C04B5BB81C72C22BFFAD5B6A.e.21595/click - {}
RESULT: {}
RESULT: {}
COMMAND: GET /session/2f3a3ed30178fd4b3e43ef29d6279727/screenshot - {}
RESULT: {}
]]></system-out>
    </testcase>
    <testcase classname="chrome.135_0_7049_42.windows.Billing_Calculation_-_Time_based_(considering_transport_times)_US139738" name="Should transfer the billing all the way to completion" time="93.211">
      <system-out><![CDATA[
COMMAND: POST /session/2f3a3ed30178fd4b3e43ef29d6279727/execute/async - {"script":"<script> [1562 bytes]","args":[{"selector":{"controlType":"sap.m.GenericTile","properties":{"header":"Billing Transfer"}},"wdio_ui5_key":"sapm.GenericTile{\"header\":\"Billing Transfer\"}"}]}
RESULT: {"script":"<script> [1562 bytes]","args":[{"selector":{"controlType":"sap.m.GenericTile","properties":{"header":"Billing Transfer"}},"wdio_ui5_key":"sapm.GenericTile{\"header\":\"Billing Transfer\"}"}]}
RESULT: undefined
COMMAND: POST /session/2f3a3ed30178fd4b3e43ef29d6279727/element - {"using":"xpath","value":"//*[@id=\"__tile50\"]"}
RESULT: {"using":"xpath","value":"//*[@id=\"__tile50\"]"}
COMMAND: POST /session/2f3a3ed30178fd4b3e43ef29d6279727/element/f.8627BF333E87AC973E299D2132D92580.d.2D3F2541C04B5BB81C72C22BFFAD5B6A.e.18121/click - {}
RESULT: {}
COMMAND: POST /session/2f3a3ed30178fd4b3e43ef29d6279727/element - {"using":"xpath","value":"//input[contains(@id ,\"application-billingtransfer-display-component---billingWorkbench--smartFilterBar-btnBasicSearch\")]"}
COMMAND: GET /session/2f3a3ed30178fd4b3e43ef29d6279727/screenshot - {}
RESULT: {"using":"xpath","value":"//input[contains(@id ,\"application-billingtransfer-display-component---billingWorkbench--smartFilterBar-btnBasicSearch\")]"}
COMMAND: POST /session/2f3a3ed30178fd4b3e43ef29d6279727/elements - {"using":"xpath","value":"//input[contains(@id ,\"application-billingtransfer-display-component---billingWorkbench--smartFilterBar-btnBasicSearch\")]"}
RESULT: {}
RESULT: {"using":"xpath","value":"//input[contains(@id ,\"application-billingtransfer-display-component---billingWorkbench--smartFilterBar-btnBasicSearch\")]"}
COMMAND: POST /session/2f3a3ed30178fd4b3e43ef29d6279727/elements - {"using":"xpath","value":"//input[contains(@id ,\"application-billingtransfer-display-component---billingWorkbench--smartFilterBar-btnBasicSearch\")]"}
RESULT: {"using":"xpath","value":"//input[contains(@id ,\"application-billingtransfer-display-component---billingWorkbench--smartFilterBar-btnBasicSearch\")]"}
COMMAND: POST /session/2f3a3ed30178fd4b3e43ef29d6279727/elements - {"using":"xpath","value":"//input[contains(@id ,\"application-billingtransfer-display-component---billingWorkbench--smartFilterBar-btnBasicSearch\")]"}
RESULT: {"using":"xpath","value":"//input[contains(@id ,\"application-billingtransfer-display-component---billingWorkbench--smartFilterBar-btnBasicSearch\")]"}
COMMAND: POST /session/2f3a3ed30178fd4b3e43ef29d6279727/element - {"using":"xpath","value":"//input[contains(@id ,\"application-billingtransfer-display-component---billingWorkbench--smartFilterBar-btnBasicSearch\")]"}
RESULT: {"using":"xpath","value":"//input[contains(@id ,\"application-billingtransfer-display-component---billingWorkbench--smartFilterBar-btnBasicSearch\")]"}
COMMAND: POST /session/2f3a3ed30178fd4b3e43ef29d6279727/execute/sync - {"script":"<script> [8489 bytes]","args":[{"element-6066-11e4-a52e-4f735466cecf":"f.8627BF333E87AC973E299D2132D92580.d.2D3F2541C04B5BB81C72C22BFFAD5B6A.e.21946","ELEMENT":"f.8627BF333E87AC973E299D2132D92580.d.2D3F2541C04B5BB81C72C22BFFAD5B6A.e.21946"}]}
RESULT: {"script":"<script> [8489 bytes]","args":[{"element-6066-11e4-a52e-4f735466cecf":"f.8627BF333E87AC973E299D2132D92580.d.2D3F2541C04B5BB81C72C22BFFAD5B6A.e.21946","ELEMENT":"f.8627BF333E87AC973E299D2132D92580.d.2D3F2541C04B5BB81C72C22BFFAD5B6A.e.21946"}]}
COMMAND: GET /session/2f3a3ed30178fd4b3e43ef29d6279727/element/f.8627BF333E87AC973E299D2132D92580.d.2D3F2541C04B5BB81C72C22BFFAD5B6A.e.21946/enabled - {}
COMMAND: GET /session/2f3a3ed30178fd4b3e43ef29d6279727/screenshot - {}
RESULT: {}
COMMAND: POST /session/2f3a3ed30178fd4b3e43ef29d6279727/element/f.8627BF333E87AC973E299D2132D92580.d.2D3F2541C04B5BB81C72C22BFFAD5B6A.e.21946/click - {}
COMMAND: GET /session/2f3a3ed30178fd4b3e43ef29d6279727/screenshot - {}
RESULT: {}
RESULT: {}
COMMAND: GET /session/2f3a3ed30178fd4b3e43ef29d6279727/screenshot - {}
RESULT: {}
RESULT: {}
COMMAND: POST /session/2f3a3ed30178fd4b3e43ef29d6279727/element/f.8627BF333E87AC973E299D2132D92580.d.2D3F2541C04B5BB81C72C22BFFAD5B6A.e.21946/clear - {}
RESULT: {}
COMMAND: POST /session/2f3a3ed30178fd4b3e43ef29d6279727/element/f.8627BF333E87AC973E299D2132D92580.d.2D3F2541C04B5BB81C72C22BFFAD5B6A.e.21946/value - {"text":"10628"}
COMMAND: GET /session/2f3a3ed30178fd4b3e43ef29d6279727/screenshot - {}
RESULT: {"text":"10628"}
COMMAND: POST /session/2f3a3ed30178fd4b3e43ef29d6279727/actions - {"actions":[{"id":"action77","type":"key","parameters":{},"actions":[{"type":"keyDown","value":""},{"type":"pause","duration":10},{"type":"keyUp","value":""}]}]}
COMMAND: GET /session/2f3a3ed30178fd4b3e43ef29d6279727/screenshot - {}
RESULT: {}
RESULT: {"actions":[{"id":"action77","type":"key","parameters":{},"actions":[{"type":"keyDown","value":""},{"type":"pause","duration":10},{"type":"keyUp","value":""}]}]}
COMMAND: GET /session/2f3a3ed30178fd4b3e43ef29d6279727/screenshot - {}
RESULT: {}
RESULT: {}
COMMAND: POST /session/2f3a3ed30178fd4b3e43ef29d6279727/element - {"using":"xpath","value":"//span[contains(@id ,\"application-billingtransfer-display-component---billingWorkbench--smartTableBillingRuns-header-inner\")]"}
RESULT: {"using":"xpath","value":"//span[contains(@id ,\"application-billingtransfer-display-component---billingWorkbench--smartTableBillingRuns-header-inner\")]"}
COMMAND: POST /session/2f3a3ed30178fd4b3e43ef29d6279727/elements - {"using":"xpath","value":"//span[contains(@id ,\"application-billingtransfer-display-component---billingWorkbench--smartTableBillingRuns-header-inner\")]"}
RESULT: {"using":"xpath","value":"//span[contains(@id ,\"application-billingtransfer-display-component---billingWorkbench--smartTableBillingRuns-header-inner\")]"}
COMMAND: POST /session/2f3a3ed30178fd4b3e43ef29d6279727/execute/sync - {"script":"<script> [56 bytes]","args":[{"element-6066-11e4-a52e-4f735466cecf":"f.8627BF333E87AC973E299D2132D92580.d.2D3F2541C04B5BB81C72C22BFFAD5B6A.e.22088","ELEMENT":"f.8627BF333E87AC973E299D2132D92580.d.2D3F2541C04B5BB81C72C22BFFAD5B6A.e.22088"}]}
RESULT: {"script":"<script> [56 bytes]","args":[{"element-6066-11e4-a52e-4f735466cecf":"f.8627BF333E87AC973E299D2132D92580.d.2D3F2541C04B5BB81C72C22BFFAD5B6A.e.22088","ELEMENT":"f.8627BF333E87AC973E299D2132D92580.d.2D3F2541C04B5BB81C72C22BFFAD5B6A.e.22088"}]}
COMMAND: POST /session/2f3a3ed30178fd4b3e43ef29d6279727/element - {"using":"xpath","value":"//td[@aria-colindex=\"1\"]/div/div[contains(@class, \"sapMCbBg\")]"}
COMMAND: GET /session/2f3a3ed30178fd4b3e43ef29d6279727/screenshot - {}
RESULT: {"using":"xpath","value":"//td[@aria-colindex=\"1\"]/div/div[contains(@class, \"sapMCbBg\")]"}
COMMAND: POST /session/2f3a3ed30178fd4b3e43ef29d6279727/element/f.8627BF333E87AC973E299D2132D92580.d.2D3F2541C04B5BB81C72C22BFFAD5B6A.e.22081/click - {}
RESULT: {}
RESULT: {}
COMMAND: GET /session/2f3a3ed30178fd4b3e43ef29d6279727/screenshot - {}
RESULT: {}
COMMAND: POST /session/2f3a3ed30178fd4b3e43ef29d6279727/element - {"using":"xpath","value":"//bdi[contains(text(), \"Check\")]"}
RESULT: {"using":"xpath","value":"//bdi[contains(text(), \"Check\")]"}
COMMAND: POST /session/2f3a3ed30178fd4b3e43ef29d6279727/element/f.8627BF333E87AC973E299D2132D92580.d.2D3F2541C04B5BB81C72C22BFFAD5B6A.e.22089/click - {}
RESULT: {}
COMMAND: GET /session/2f3a3ed30178fd4b3e43ef29d6279727/screenshot - {}
RESULT: {}
COMMAND: POST /session/2f3a3ed30178fd4b3e43ef29d6279727/element - {"using":"xpath","value":"//bdi[contains(text(), \"OK\")]"}
RESULT: {"using":"xpath","value":"//bdi[contains(text(), \"OK\")]"}
COMMAND: POST /session/2f3a3ed30178fd4b3e43ef29d6279727/element/f.8627BF333E87AC973E299D2132D92580.d.2D3F2541C04B5BB81C72C22BFFAD5B6A.e.22092/click - {}
RESULT: {}
COMMAND: GET /session/2f3a3ed30178fd4b3e43ef29d6279727/screenshot - {}
RESULT: {}
COMMAND: POST /session/2f3a3ed30178fd4b3e43ef29d6279727/element - {"using":"xpath","value":"(//span[contains(text(), \"CO/SD checked\")]/parent::div/preceding-sibling::div/span)[1]"}
RESULT: {"using":"xpath","value":"(//span[contains(text(), \"CO/SD checked\")]/parent::div/preceding-sibling::div/span)[1]"}
COMMAND: POST /session/2f3a3ed30178fd4b3e43ef29d6279727/element/f.8627BF333E87AC973E299D2132D92580.d.2D3F2541C04B5BB81C72C22BFFAD5B6A.e.22101/click - {}
RESULT: {}
COMMAND: GET /session/2f3a3ed30178fd4b3e43ef29d6279727/screenshot - {}
RESULT: {}
COMMAND: POST /session/2f3a3ed30178fd4b3e43ef29d6279727/element - {"using":"xpath","value":"//input[contains(@id ,\"application-billingtransfer-display-component---billingWorkbench--smartFilterBar-btnBasicSearch\")]"}
RESULT: {"using":"xpath","value":"//input[contains(@id ,\"application-billingtransfer-display-component---billingWorkbench--smartFilterBar-btnBasicSearch\")]"}
COMMAND: POST /session/2f3a3ed30178fd4b3e43ef29d6279727/elements - {"using":"xpath","value":"//input[contains(@id ,\"application-billingtransfer-display-component---billingWorkbench--smartFilterBar-btnBasicSearch\")]"}
RESULT: {"using":"xpath","value":"//input[contains(@id ,\"application-billingtransfer-display-component---billingWorkbench--smartFilterBar-btnBasicSearch\")]"}
COMMAND: POST /session/2f3a3ed30178fd4b3e43ef29d6279727/execute/sync - {"script":"<script> [8489 bytes]","args":[{"element-6066-11e4-a52e-4f735466cecf":"f.8627BF333E87AC973E299D2132D92580.d.2D3F2541C04B5BB81C72C22BFFAD5B6A.e.21946","ELEMENT":"f.8627BF333E87AC973E299D2132D92580.d.2D3F2541C04B5BB81C72C22BFFAD5B6A.e.21946"}]}
RESULT: {"script":"<script> [8489 bytes]","args":[{"element-6066-11e4-a52e-4f735466cecf":"f.8627BF333E87AC973E299D2132D92580.d.2D3F2541C04B5BB81C72C22BFFAD5B6A.e.21946","ELEMENT":"f.8627BF333E87AC973E299D2132D92580.d.2D3F2541C04B5BB81C72C22BFFAD5B6A.e.21946"}]}
COMMAND: GET /session/2f3a3ed30178fd4b3e43ef29d6279727/element/f.8627BF333E87AC973E299D2132D92580.d.2D3F2541C04B5BB81C72C22BFFAD5B6A.e.21946/enabled - {}
COMMAND: GET /session/2f3a3ed30178fd4b3e43ef29d6279727/screenshot - {}
RESULT: {}
COMMAND: POST /session/2f3a3ed30178fd4b3e43ef29d6279727/element/f.8627BF333E87AC973E299D2132D92580.d.2D3F2541C04B5BB81C72C22BFFAD5B6A.e.21946/click - {}
COMMAND: GET /session/2f3a3ed30178fd4b3e43ef29d6279727/screenshot - {}
RESULT: {}
RESULT: {}
COMMAND: GET /session/2f3a3ed30178fd4b3e43ef29d6279727/screenshot - {}
RESULT: {}
RESULT: {}
COMMAND: POST /session/2f3a3ed30178fd4b3e43ef29d6279727/element/f.8627BF333E87AC973E299D2132D92580.d.2D3F2541C04B5BB81C72C22BFFAD5B6A.e.21946/clear - {}
RESULT: {}
COMMAND: POST /session/2f3a3ed30178fd4b3e43ef29d6279727/element/f.8627BF333E87AC973E299D2132D92580.d.2D3F2541C04B5BB81C72C22BFFAD5B6A.e.21946/value - {"text":"10628"}
COMMAND: GET /session/2f3a3ed30178fd4b3e43ef29d6279727/screenshot - {}
RESULT: {"text":"10628"}
COMMAND: POST /session/2f3a3ed30178fd4b3e43ef29d6279727/actions - {"actions":[{"id":"action78","type":"key","parameters":{},"actions":[{"type":"keyDown","value":""},{"type":"pause","duration":10},{"type":"keyUp","value":""}]}]}
COMMAND: GET /session/2f3a3ed30178fd4b3e43ef29d6279727/screenshot - {}
RESULT: {}
RESULT: {"actions":[{"id":"action78","type":"key","parameters":{},"actions":[{"type":"keyDown","value":""},{"type":"pause","duration":10},{"type":"keyUp","value":""}]}]}
COMMAND: GET /session/2f3a3ed30178fd4b3e43ef29d6279727/screenshot - {}
RESULT: {}
RESULT: {}
COMMAND: POST /session/2f3a3ed30178fd4b3e43ef29d6279727/element - {"using":"xpath","value":"//span[contains(@id ,\"application-billingtransfer-display-component---billingWorkbench--smartTableBillingRuns-header-inner\")]"}
RESULT: {"using":"xpath","value":"//span[contains(@id ,\"application-billingtransfer-display-component---billingWorkbench--smartTableBillingRuns-header-inner\")]"}
COMMAND: POST /session/2f3a3ed30178fd4b3e43ef29d6279727/elements - {"using":"xpath","value":"//span[contains(@id ,\"application-billingtransfer-display-component---billingWorkbench--smartTableBillingRuns-header-inner\")]"}
RESULT: {"using":"xpath","value":"//span[contains(@id ,\"application-billingtransfer-display-component---billingWorkbench--smartTableBillingRuns-header-inner\")]"}
COMMAND: POST /session/2f3a3ed30178fd4b3e43ef29d6279727/execute/sync - {"script":"<script> [56 bytes]","args":[{"element-6066-11e4-a52e-4f735466cecf":"f.8627BF333E87AC973E299D2132D92580.d.2D3F2541C04B5BB81C72C22BFFAD5B6A.e.22088","ELEMENT":"f.8627BF333E87AC973E299D2132D92580.d.2D3F2541C04B5BB81C72C22BFFAD5B6A.e.22088"}]}
RESULT: {"script":"<script> [56 bytes]","args":[{"element-6066-11e4-a52e-4f735466cecf":"f.8627BF333E87AC973E299D2132D92580.d.2D3F2541C04B5BB81C72C22BFFAD5B6A.e.22088","ELEMENT":"f.8627BF333E87AC973E299D2132D92580.d.2D3F2541C04B5BB81C72C22BFFAD5B6A.e.22088"}]}
COMMAND: GET /session/2f3a3ed30178fd4b3e43ef29d6279727/screenshot - {}
RESULT: {}
COMMAND: POST /session/2f3a3ed30178fd4b3e43ef29d6279727/execute/sync - {"script":"<script> [56 bytes]","args":[{"element-6066-11e4-a52e-4f735466cecf":"f.8627BF333E87AC973E299D2132D92580.d.2D3F2541C04B5BB81C72C22BFFAD5B6A.e.22088","ELEMENT":"f.8627BF333E87AC973E299D2132D92580.d.2D3F2541C04B5BB81C72C22BFFAD5B6A.e.22088"}]}
RESULT: {"script":"<script> [56 bytes]","args":[{"element-6066-11e4-a52e-4f735466cecf":"f.8627BF333E87AC973E299D2132D92580.d.2D3F2541C04B5BB81C72C22BFFAD5B6A.e.22088","ELEMENT":"f.8627BF333E87AC973E299D2132D92580.d.2D3F2541C04B5BB81C72C22BFFAD5B6A.e.22088"}]}
COMMAND: GET /session/2f3a3ed30178fd4b3e43ef29d6279727/screenshot - {}
RESULT: {}
COMMAND: POST /session/2f3a3ed30178fd4b3e43ef29d6279727/execute/sync - {"script":"<script> [56 bytes]","args":[{"element-6066-11e4-a52e-4f735466cecf":"f.8627BF333E87AC973E299D2132D92580.d.2D3F2541C04B5BB81C72C22BFFAD5B6A.e.22088","ELEMENT":"f.8627BF333E87AC973E299D2132D92580.d.2D3F2541C04B5BB81C72C22BFFAD5B6A.e.22088"}]}
RESULT: {"script":"<script> [56 bytes]","args":[{"element-6066-11e4-a52e-4f735466cecf":"f.8627BF333E87AC973E299D2132D92580.d.2D3F2541C04B5BB81C72C22BFFAD5B6A.e.22088","ELEMENT":"f.8627BF333E87AC973E299D2132D92580.d.2D3F2541C04B5BB81C72C22BFFAD5B6A.e.22088"}]}
COMMAND: GET /session/2f3a3ed30178fd4b3e43ef29d6279727/screenshot - {}
RESULT: {}
COMMAND: POST /session/2f3a3ed30178fd4b3e43ef29d6279727/execute/sync - {"script":"<script> [56 bytes]","args":[{"element-6066-11e4-a52e-4f735466cecf":"f.8627BF333E87AC973E299D2132D92580.d.2D3F2541C04B5BB81C72C22BFFAD5B6A.e.22088","ELEMENT":"f.8627BF333E87AC973E299D2132D92580.d.2D3F2541C04B5BB81C72C22BFFAD5B6A.e.22088"}]}
RESULT: {"script":"<script> [56 bytes]","args":[{"element-6066-11e4-a52e-4f735466cecf":"f.8627BF333E87AC973E299D2132D92580.d.2D3F2541C04B5BB81C72C22BFFAD5B6A.e.22088","ELEMENT":"f.8627BF333E87AC973E299D2132D92580.d.2D3F2541C04B5BB81C72C22BFFAD5B6A.e.22088"}]}
COMMAND: GET /session/2f3a3ed30178fd4b3e43ef29d6279727/screenshot - {}
RESULT: {}
COMMAND: POST /session/2f3a3ed30178fd4b3e43ef29d6279727/execute/sync - {"script":"<script> [56 bytes]","args":[{"element-6066-11e4-a52e-4f735466cecf":"f.8627BF333E87AC973E299D2132D92580.d.2D3F2541C04B5BB81C72C22BFFAD5B6A.e.22088","ELEMENT":"f.8627BF333E87AC973E299D2132D92580.d.2D3F2541C04B5BB81C72C22BFFAD5B6A.e.22088"}]}
RESULT: {"script":"<script> [56 bytes]","args":[{"element-6066-11e4-a52e-4f735466cecf":"f.8627BF333E87AC973E299D2132D92580.d.2D3F2541C04B5BB81C72C22BFFAD5B6A.e.22088","ELEMENT":"f.8627BF333E87AC973E299D2132D92580.d.2D3F2541C04B5BB81C72C22BFFAD5B6A.e.22088"}]}
COMMAND: GET /session/2f3a3ed30178fd4b3e43ef29d6279727/screenshot - {}
RESULT: {}
COMMAND: POST /session/2f3a3ed30178fd4b3e43ef29d6279727/execute/sync - {"script":"<script> [56 bytes]","args":[{"element-6066-11e4-a52e-4f735466cecf":"f.8627BF333E87AC973E299D2132D92580.d.2D3F2541C04B5BB81C72C22BFFAD5B6A.e.22088","ELEMENT":"f.8627BF333E87AC973E299D2132D92580.d.2D3F2541C04B5BB81C72C22BFFAD5B6A.e.22088"}]}
RESULT: {"script":"<script> [56 bytes]","args":[{"element-6066-11e4-a52e-4f735466cecf":"f.8627BF333E87AC973E299D2132D92580.d.2D3F2541C04B5BB81C72C22BFFAD5B6A.e.22088","ELEMENT":"f.8627BF333E87AC973E299D2132D92580.d.2D3F2541C04B5BB81C72C22BFFAD5B6A.e.22088"}]}
COMMAND: GET /session/2f3a3ed30178fd4b3e43ef29d6279727/screenshot - {}
RESULT: {}
COMMAND: POST /session/2f3a3ed30178fd4b3e43ef29d6279727/execute/sync - {"script":"<script> [56 bytes]","args":[{"element-6066-11e4-a52e-4f735466cecf":"f.8627BF333E87AC973E299D2132D92580.d.2D3F2541C04B5BB81C72C22BFFAD5B6A.e.22088","ELEMENT":"f.8627BF333E87AC973E299D2132D92580.d.2D3F2541C04B5BB81C72C22BFFAD5B6A.e.22088"}]}
RESULT: {"script":"<script> [56 bytes]","args":[{"element-6066-11e4-a52e-4f735466cecf":"f.8627BF333E87AC973E299D2132D92580.d.2D3F2541C04B5BB81C72C22BFFAD5B6A.e.22088","ELEMENT":"f.8627BF333E87AC973E299D2132D92580.d.2D3F2541C04B5BB81C72C22BFFAD5B6A.e.22088"}]}
COMMAND: GET /session/2f3a3ed30178fd4b3e43ef29d6279727/screenshot - {}
RESULT: {}
COMMAND: POST /session/2f3a3ed30178fd4b3e43ef29d6279727/execute/sync - {"script":"<script> [56 bytes]","args":[{"element-6066-11e4-a52e-4f735466cecf":"f.8627BF333E87AC973E299D2132D92580.d.2D3F2541C04B5BB81C72C22BFFAD5B6A.e.22088","ELEMENT":"f.8627BF333E87AC973E299D2132D92580.d.2D3F2541C04B5BB81C72C22BFFAD5B6A.e.22088"}]}
RESULT: {"script":"<script> [56 bytes]","args":[{"element-6066-11e4-a52e-4f735466cecf":"f.8627BF333E87AC973E299D2132D92580.d.2D3F2541C04B5BB81C72C22BFFAD5B6A.e.22088","ELEMENT":"f.8627BF333E87AC973E299D2132D92580.d.2D3F2541C04B5BB81C72C22BFFAD5B6A.e.22088"}]}
COMMAND: GET /session/2f3a3ed30178fd4b3e43ef29d6279727/screenshot - {}
RESULT: {}
COMMAND: POST /session/2f3a3ed30178fd4b3e43ef29d6279727/execute/sync - {"script":"<script> [56 bytes]","args":[{"element-6066-11e4-a52e-4f735466cecf":"f.8627BF333E87AC973E299D2132D92580.d.2D3F2541C04B5BB81C72C22BFFAD5B6A.e.22088","ELEMENT":"f.8627BF333E87AC973E299D2132D92580.d.2D3F2541C04B5BB81C72C22BFFAD5B6A.e.22088"}]}
RESULT: {"script":"<script> [56 bytes]","args":[{"element-6066-11e4-a52e-4f735466cecf":"f.8627BF333E87AC973E299D2132D92580.d.2D3F2541C04B5BB81C72C22BFFAD5B6A.e.22088","ELEMENT":"f.8627BF333E87AC973E299D2132D92580.d.2D3F2541C04B5BB81C72C22BFFAD5B6A.e.22088"}]}
COMMAND: GET /session/2f3a3ed30178fd4b3e43ef29d6279727/screenshot - {}
RESULT: {}
COMMAND: POST /session/2f3a3ed30178fd4b3e43ef29d6279727/execute/sync - {"script":"<script> [56 bytes]","args":[{"element-6066-11e4-a52e-4f735466cecf":"f.8627BF333E87AC973E299D2132D92580.d.2D3F2541C04B5BB81C72C22BFFAD5B6A.e.22088","ELEMENT":"f.8627BF333E87AC973E299D2132D92580.d.2D3F2541C04B5BB81C72C22BFFAD5B6A.e.22088"}]}
RESULT: {"script":"<script> [56 bytes]","args":[{"element-6066-11e4-a52e-4f735466cecf":"f.8627BF333E87AC973E299D2132D92580.d.2D3F2541C04B5BB81C72C22BFFAD5B6A.e.22088","ELEMENT":"f.8627BF333E87AC973E299D2132D92580.d.2D3F2541C04B5BB81C72C22BFFAD5B6A.e.22088"}]}
COMMAND: GET /session/2f3a3ed30178fd4b3e43ef29d6279727/screenshot - {}
RESULT: {}
COMMAND: POST /session/2f3a3ed30178fd4b3e43ef29d6279727/execute/sync - {"script":"<script> [56 bytes]","args":[{"element-6066-11e4-a52e-4f735466cecf":"f.8627BF333E87AC973E299D2132D92580.d.2D3F2541C04B5BB81C72C22BFFAD5B6A.e.22088","ELEMENT":"f.8627BF333E87AC973E299D2132D92580.d.2D3F2541C04B5BB81C72C22BFFAD5B6A.e.22088"}]}
RESULT: {"script":"<script> [56 bytes]","args":[{"element-6066-11e4-a52e-4f735466cecf":"f.8627BF333E87AC973E299D2132D92580.d.2D3F2541C04B5BB81C72C22BFFAD5B6A.e.22088","ELEMENT":"f.8627BF333E87AC973E299D2132D92580.d.2D3F2541C04B5BB81C72C22BFFAD5B6A.e.22088"}]}
COMMAND: GET /session/2f3a3ed30178fd4b3e43ef29d6279727/screenshot - {}
RESULT: {}
COMMAND: POST /session/2f3a3ed30178fd4b3e43ef29d6279727/execute/sync - {"script":"<script> [56 bytes]","args":[{"element-6066-11e4-a52e-4f735466cecf":"f.8627BF333E87AC973E299D2132D92580.d.2D3F2541C04B5BB81C72C22BFFAD5B6A.e.22088","ELEMENT":"f.8627BF333E87AC973E299D2132D92580.d.2D3F2541C04B5BB81C72C22BFFAD5B6A.e.22088"}]}
RESULT: {"script":"<script> [56 bytes]","args":[{"element-6066-11e4-a52e-4f735466cecf":"f.8627BF333E87AC973E299D2132D92580.d.2D3F2541C04B5BB81C72C22BFFAD5B6A.e.22088","ELEMENT":"f.8627BF333E87AC973E299D2132D92580.d.2D3F2541C04B5BB81C72C22BFFAD5B6A.e.22088"}]}
COMMAND: GET /session/2f3a3ed30178fd4b3e43ef29d6279727/screenshot - {}
RESULT: {}
COMMAND: POST /session/2f3a3ed30178fd4b3e43ef29d6279727/execute/sync - {"script":"<script> [56 bytes]","args":[{"element-6066-11e4-a52e-4f735466cecf":"f.8627BF333E87AC973E299D2132D92580.d.2D3F2541C04B5BB81C72C22BFFAD5B6A.e.22088","ELEMENT":"f.8627BF333E87AC973E299D2132D92580.d.2D3F2541C04B5BB81C72C22BFFAD5B6A.e.22088"}]}
RESULT: {"script":"<script> [56 bytes]","args":[{"element-6066-11e4-a52e-4f735466cecf":"f.8627BF333E87AC973E299D2132D92580.d.2D3F2541C04B5BB81C72C22BFFAD5B6A.e.22088","ELEMENT":"f.8627BF333E87AC973E299D2132D92580.d.2D3F2541C04B5BB81C72C22BFFAD5B6A.e.22088"}]}
COMMAND: GET /session/2f3a3ed30178fd4b3e43ef29d6279727/screenshot - {}
RESULT: {}
COMMAND: POST /session/2f3a3ed30178fd4b3e43ef29d6279727/execute/sync - {"script":"<script> [56 bytes]","args":[{"element-6066-11e4-a52e-4f735466cecf":"f.8627BF333E87AC973E299D2132D92580.d.2D3F2541C04B5BB81C72C22BFFAD5B6A.e.22088","ELEMENT":"f.8627BF333E87AC973E299D2132D92580.d.2D3F2541C04B5BB81C72C22BFFAD5B6A.e.22088"}]}
RESULT: {"script":"<script> [56 bytes]","args":[{"element-6066-11e4-a52e-4f735466cecf":"f.8627BF333E87AC973E299D2132D92580.d.2D3F2541C04B5BB81C72C22BFFAD5B6A.e.22088","ELEMENT":"f.8627BF333E87AC973E299D2132D92580.d.2D3F2541C04B5BB81C72C22BFFAD5B6A.e.22088"}]}
COMMAND: GET /session/2f3a3ed30178fd4b3e43ef29d6279727/screenshot - {}
RESULT: {}
COMMAND: POST /session/2f3a3ed30178fd4b3e43ef29d6279727/execute/sync - {"script":"<script> [56 bytes]","args":[{"element-6066-11e4-a52e-4f735466cecf":"f.8627BF333E87AC973E299D2132D92580.d.2D3F2541C04B5BB81C72C22BFFAD5B6A.e.22088","ELEMENT":"f.8627BF333E87AC973E299D2132D92580.d.2D3F2541C04B5BB81C72C22BFFAD5B6A.e.22088"}]}
RESULT: {"script":"<script> [56 bytes]","args":[{"element-6066-11e4-a52e-4f735466cecf":"f.8627BF333E87AC973E299D2132D92580.d.2D3F2541C04B5BB81C72C22BFFAD5B6A.e.22088","ELEMENT":"f.8627BF333E87AC973E299D2132D92580.d.2D3F2541C04B5BB81C72C22BFFAD5B6A.e.22088"}]}
COMMAND: GET /session/2f3a3ed30178fd4b3e43ef29d6279727/screenshot - {}
RESULT: {}
COMMAND: POST /session/2f3a3ed30178fd4b3e43ef29d6279727/execute/sync - {"script":"<script> [56 bytes]","args":[{"element-6066-11e4-a52e-4f735466cecf":"f.8627BF333E87AC973E299D2132D92580.d.2D3F2541C04B5BB81C72C22BFFAD5B6A.e.22088","ELEMENT":"f.8627BF333E87AC973E299D2132D92580.d.2D3F2541C04B5BB81C72C22BFFAD5B6A.e.22088"}]}
RESULT: {"script":"<script> [56 bytes]","args":[{"element-6066-11e4-a52e-4f735466cecf":"f.8627BF333E87AC973E299D2132D92580.d.2D3F2541C04B5BB81C72C22BFFAD5B6A.e.22088","ELEMENT":"f.8627BF333E87AC973E299D2132D92580.d.2D3F2541C04B5BB81C72C22BFFAD5B6A.e.22088"}]}
COMMAND: GET /session/2f3a3ed30178fd4b3e43ef29d6279727/screenshot - {}
RESULT: {}
COMMAND: POST /session/2f3a3ed30178fd4b3e43ef29d6279727/execute/sync - {"script":"<script> [56 bytes]","args":[{"element-6066-11e4-a52e-4f735466cecf":"f.8627BF333E87AC973E299D2132D92580.d.2D3F2541C04B5BB81C72C22BFFAD5B6A.e.22088","ELEMENT":"f.8627BF333E87AC973E299D2132D92580.d.2D3F2541C04B5BB81C72C22BFFAD5B6A.e.22088"}]}
RESULT: {"script":"<script> [56 bytes]","args":[{"element-6066-11e4-a52e-4f735466cecf":"f.8627BF333E87AC973E299D2132D92580.d.2D3F2541C04B5BB81C72C22BFFAD5B6A.e.22088","ELEMENT":"f.8627BF333E87AC973E299D2132D92580.d.2D3F2541C04B5BB81C72C22BFFAD5B6A.e.22088"}]}
COMMAND: GET /session/2f3a3ed30178fd4b3e43ef29d6279727/screenshot - {}
RESULT: {}
COMMAND: POST /session/2f3a3ed30178fd4b3e43ef29d6279727/execute/sync - {"script":"<script> [56 bytes]","args":[{"element-6066-11e4-a52e-4f735466cecf":"f.8627BF333E87AC973E299D2132D92580.d.2D3F2541C04B5BB81C72C22BFFAD5B6A.e.22088","ELEMENT":"f.8627BF333E87AC973E299D2132D92580.d.2D3F2541C04B5BB81C72C22BFFAD5B6A.e.22088"}]}
RESULT: {"script":"<script> [56 bytes]","args":[{"element-6066-11e4-a52e-4f735466cecf":"f.8627BF333E87AC973E299D2132D92580.d.2D3F2541C04B5BB81C72C22BFFAD5B6A.e.22088","ELEMENT":"f.8627BF333E87AC973E299D2132D92580.d.2D3F2541C04B5BB81C72C22BFFAD5B6A.e.22088"}]}
COMMAND: GET /session/2f3a3ed30178fd4b3e43ef29d6279727/screenshot - {}
RESULT: {}
COMMAND: POST /session/2f3a3ed30178fd4b3e43ef29d6279727/execute/sync - {"script":"<script> [56 bytes]","args":[{"element-6066-11e4-a52e-4f735466cecf":"f.8627BF333E87AC973E299D2132D92580.d.2D3F2541C04B5BB81C72C22BFFAD5B6A.e.22088","ELEMENT":"f.8627BF333E87AC973E299D2132D92580.d.2D3F2541C04B5BB81C72C22BFFAD5B6A.e.22088"}]}
RESULT: {"script":"<script> [56 bytes]","args":[{"element-6066-11e4-a52e-4f735466cecf":"f.8627BF333E87AC973E299D2132D92580.d.2D3F2541C04B5BB81C72C22BFFAD5B6A.e.22088","ELEMENT":"f.8627BF333E87AC973E299D2132D92580.d.2D3F2541C04B5BB81C72C22BFFAD5B6A.e.22088"}]}
COMMAND: GET /session/2f3a3ed30178fd4b3e43ef29d6279727/screenshot - {}
RESULT: {}
COMMAND: POST /session/2f3a3ed30178fd4b3e43ef29d6279727/execute/sync - {"script":"<script> [56 bytes]","args":[{"element-6066-11e4-a52e-4f735466cecf":"f.8627BF333E87AC973E299D2132D92580.d.2D3F2541C04B5BB81C72C22BFFAD5B6A.e.22088","ELEMENT":"f.8627BF333E87AC973E299D2132D92580.d.2D3F2541C04B5BB81C72C22BFFAD5B6A.e.22088"}]}
RESULT: {"script":"<script> [56 bytes]","args":[{"element-6066-11e4-a52e-4f735466cecf":"f.8627BF333E87AC973E299D2132D92580.d.2D3F2541C04B5BB81C72C22BFFAD5B6A.e.22088","ELEMENT":"f.8627BF333E87AC973E299D2132D92580.d.2D3F2541C04B5BB81C72C22BFFAD5B6A.e.22088"}]}
COMMAND: GET /session/2f3a3ed30178fd4b3e43ef29d6279727/screenshot - {}
RESULT: {}
COMMAND: POST /session/2f3a3ed30178fd4b3e43ef29d6279727/execute/sync - {"script":"<script> [56 bytes]","args":[{"element-6066-11e4-a52e-4f735466cecf":"f.8627BF333E87AC973E299D2132D92580.d.2D3F2541C04B5BB81C72C22BFFAD5B6A.e.22088","ELEMENT":"f.8627BF333E87AC973E299D2132D92580.d.2D3F2541C04B5BB81C72C22BFFAD5B6A.e.22088"}]}
RESULT: {"script":"<script> [56 bytes]","args":[{"element-6066-11e4-a52e-4f735466cecf":"f.8627BF333E87AC973E299D2132D92580.d.2D3F2541C04B5BB81C72C22BFFAD5B6A.e.22088","ELEMENT":"f.8627BF333E87AC973E299D2132D92580.d.2D3F2541C04B5BB81C72C22BFFAD5B6A.e.22088"}]}
COMMAND: GET /session/2f3a3ed30178fd4b3e43ef29d6279727/screenshot - {}
RESULT: {}
COMMAND: POST /session/2f3a3ed30178fd4b3e43ef29d6279727/execute/sync - {"script":"<script> [56 bytes]","args":[{"element-6066-11e4-a52e-4f735466cecf":"f.8627BF333E87AC973E299D2132D92580.d.2D3F2541C04B5BB81C72C22BFFAD5B6A.e.22088","ELEMENT":"f.8627BF333E87AC973E299D2132D92580.d.2D3F2541C04B5BB81C72C22BFFAD5B6A.e.22088"}]}
RESULT: {"script":"<script> [56 bytes]","args":[{"element-6066-11e4-a52e-4f735466cecf":"f.8627BF333E87AC973E299D2132D92580.d.2D3F2541C04B5BB81C72C22BFFAD5B6A.e.22088","ELEMENT":"f.8627BF333E87AC973E299D2132D92580.d.2D3F2541C04B5BB81C72C22BFFAD5B6A.e.22088"}]}
COMMAND: GET /session/2f3a3ed30178fd4b3e43ef29d6279727/screenshot - {}
RESULT: {}
COMMAND: POST /session/2f3a3ed30178fd4b3e43ef29d6279727/execute/sync - {"script":"<script> [56 bytes]","args":[{"element-6066-11e4-a52e-4f735466cecf":"f.8627BF333E87AC973E299D2132D92580.d.2D3F2541C04B5BB81C72C22BFFAD5B6A.e.22088","ELEMENT":"f.8627BF333E87AC973E299D2132D92580.d.2D3F2541C04B5BB81C72C22BFFAD5B6A.e.22088"}]}
RESULT: {"script":"<script> [56 bytes]","args":[{"element-6066-11e4-a52e-4f735466cecf":"f.8627BF333E87AC973E299D2132D92580.d.2D3F2541C04B5BB81C72C22BFFAD5B6A.e.22088","ELEMENT":"f.8627BF333E87AC973E299D2132D92580.d.2D3F2541C04B5BB81C72C22BFFAD5B6A.e.22088"}]}
COMMAND: GET /session/2f3a3ed30178fd4b3e43ef29d6279727/screenshot - {}
RESULT: {}
COMMAND: POST /session/2f3a3ed30178fd4b3e43ef29d6279727/execute/sync - {"script":"<script> [56 bytes]","args":[{"element-6066-11e4-a52e-4f735466cecf":"f.8627BF333E87AC973E299D2132D92580.d.2D3F2541C04B5BB81C72C22BFFAD5B6A.e.22088","ELEMENT":"f.8627BF333E87AC973E299D2132D92580.d.2D3F2541C04B5BB81C72C22BFFAD5B6A.e.22088"}]}
RESULT: {"script":"<script> [56 bytes]","args":[{"element-6066-11e4-a52e-4f735466cecf":"f.8627BF333E87AC973E299D2132D92580.d.2D3F2541C04B5BB81C72C22BFFAD5B6A.e.22088","ELEMENT":"f.8627BF333E87AC973E299D2132D92580.d.2D3F2541C04B5BB81C72C22BFFAD5B6A.e.22088"}]}
COMMAND: GET /session/2f3a3ed30178fd4b3e43ef29d6279727/screenshot - {}
RESULT: {}
COMMAND: POST /session/2f3a3ed30178fd4b3e43ef29d6279727/execute/sync - {"script":"<script> [56 bytes]","args":[{"element-6066-11e4-a52e-4f735466cecf":"f.8627BF333E87AC973E299D2132D92580.d.2D3F2541C04B5BB81C72C22BFFAD5B6A.e.22088","ELEMENT":"f.8627BF333E87AC973E299D2132D92580.d.2D3F2541C04B5BB81C72C22BFFAD5B6A.e.22088"}]}
RESULT: {"script":"<script> [56 bytes]","args":[{"element-6066-11e4-a52e-4f735466cecf":"f.8627BF333E87AC973E299D2132D92580.d.2D3F2541C04B5BB81C72C22BFFAD5B6A.e.22088","ELEMENT":"f.8627BF333E87AC973E299D2132D92580.d.2D3F2541C04B5BB81C72C22BFFAD5B6A.e.22088"}]}
COMMAND: GET /session/2f3a3ed30178fd4b3e43ef29d6279727/screenshot - {}
RESULT: {}
COMMAND: POST /session/2f3a3ed30178fd4b3e43ef29d6279727/execute/sync - {"script":"<script> [56 bytes]","args":[{"element-6066-11e4-a52e-4f735466cecf":"f.8627BF333E87AC973E299D2132D92580.d.2D3F2541C04B5BB81C72C22BFFAD5B6A.e.22088","ELEMENT":"f.8627BF333E87AC973E299D2132D92580.d.2D3F2541C04B5BB81C72C22BFFAD5B6A.e.22088"}]}
RESULT: {"script":"<script> [56 bytes]","args":[{"element-6066-11e4-a52e-4f735466cecf":"f.8627BF333E87AC973E299D2132D92580.d.2D3F2541C04B5BB81C72C22BFFAD5B6A.e.22088","ELEMENT":"f.8627BF333E87AC973E299D2132D92580.d.2D3F2541C04B5BB81C72C22BFFAD5B6A.e.22088"}]}
COMMAND: GET /session/2f3a3ed30178fd4b3e43ef29d6279727/screenshot - {}
RESULT: {}
COMMAND: POST /session/2f3a3ed30178fd4b3e43ef29d6279727/execute/sync - {"script":"<script> [56 bytes]","args":[{"element-6066-11e4-a52e-4f735466cecf":"f.8627BF333E87AC973E299D2132D92580.d.2D3F2541C04B5BB81C72C22BFFAD5B6A.e.22088","ELEMENT":"f.8627BF333E87AC973E299D2132D92580.d.2D3F2541C04B5BB81C72C22BFFAD5B6A.e.22088"}]}
RESULT: {"script":"<script> [56 bytes]","args":[{"element-6066-11e4-a52e-4f735466cecf":"f.8627BF333E87AC973E299D2132D92580.d.2D3F2541C04B5BB81C72C22BFFAD5B6A.e.22088","ELEMENT":"f.8627BF333E87AC973E299D2132D92580.d.2D3F2541C04B5BB81C72C22BFFAD5B6A.e.22088"}]}
COMMAND: GET /session/2f3a3ed30178fd4b3e43ef29d6279727/screenshot - {}
RESULT: {}
COMMAND: POST /session/2f3a3ed30178fd4b3e43ef29d6279727/execute/sync - {"script":"<script> [56 bytes]","args":[{"element-6066-11e4-a52e-4f735466cecf":"f.8627BF333E87AC973E299D2132D92580.d.2D3F2541C04B5BB81C72C22BFFAD5B6A.e.22088","ELEMENT":"f.8627BF333E87AC973E299D2132D92580.d.2D3F2541C04B5BB81C72C22BFFAD5B6A.e.22088"}]}
RESULT: {"script":"<script> [56 bytes]","args":[{"element-6066-11e4-a52e-4f735466cecf":"f.8627BF333E87AC973E299D2132D92580.d.2D3F2541C04B5BB81C72C22BFFAD5B6A.e.22088","ELEMENT":"f.8627BF333E87AC973E299D2132D92580.d.2D3F2541C04B5BB81C72C22BFFAD5B6A.e.22088"}]}
COMMAND: GET /session/2f3a3ed30178fd4b3e43ef29d6279727/screenshot - {}
RESULT: {}
COMMAND: POST /session/2f3a3ed30178fd4b3e43ef29d6279727/execute/sync - {"script":"<script> [56 bytes]","args":[{"element-6066-11e4-a52e-4f735466cecf":"f.8627BF333E87AC973E299D2132D92580.d.2D3F2541C04B5BB81C72C22BFFAD5B6A.e.22088","ELEMENT":"f.8627BF333E87AC973E299D2132D92580.d.2D3F2541C04B5BB81C72C22BFFAD5B6A.e.22088"}]}
RESULT: {"script":"<script> [56 bytes]","args":[{"element-6066-11e4-a52e-4f735466cecf":"f.8627BF333E87AC973E299D2132D92580.d.2D3F2541C04B5BB81C72C22BFFAD5B6A.e.22088","ELEMENT":"f.8627BF333E87AC973E299D2132D92580.d.2D3F2541C04B5BB81C72C22BFFAD5B6A.e.22088"}]}
COMMAND: POST /session/2f3a3ed30178fd4b3e43ef29d6279727/element - {"using":"xpath","value":"//td[@aria-colindex=\"1\"]/div/div[contains(@class, \"sapMCbBg\")]"}
COMMAND: GET /session/2f3a3ed30178fd4b3e43ef29d6279727/screenshot - {}
RESULT: {"using":"xpath","value":"//td[@aria-colindex=\"1\"]/div/div[contains(@class, \"sapMCbBg\")]"}
COMMAND: POST /session/2f3a3ed30178fd4b3e43ef29d6279727/element/f.8627BF333E87AC973E299D2132D92580.d.2D3F2541C04B5BB81C72C22BFFAD5B6A.e.22105/click - {}
RESULT: {}
RESULT: {}
COMMAND: GET /session/2f3a3ed30178fd4b3e43ef29d6279727/screenshot - {}
RESULT: {}
COMMAND: POST /session/2f3a3ed30178fd4b3e43ef29d6279727/element - {"using":"xpath","value":"//bdi[text()=\"Transfer\"]"}
RESULT: {"using":"xpath","value":"//bdi[text()=\"Transfer\"]"}
COMMAND: POST /session/2f3a3ed30178fd4b3e43ef29d6279727/element/f.8627BF333E87AC973E299D2132D92580.d.2D3F2541C04B5BB81C72C22BFFAD5B6A.e.22106/click - {}
RESULT: {}
COMMAND: GET /session/2f3a3ed30178fd4b3e43ef29d6279727/screenshot - {}
RESULT: {}
COMMAND: POST /session/2f3a3ed30178fd4b3e43ef29d6279727/element - {"using":"xpath","value":"//bdi[contains(text(), \"OK\")]"}
RESULT: {"using":"xpath","value":"//bdi[contains(text(), \"OK\")]"}
COMMAND: POST /session/2f3a3ed30178fd4b3e43ef29d6279727/element/f.8627BF333E87AC973E299D2132D92580.d.2D3F2541C04B5BB81C72C22BFFAD5B6A.e.22109/click - {}
RESULT: {}
COMMAND: GET /session/2f3a3ed30178fd4b3e43ef29d6279727/screenshot - {}
RESULT: {}
COMMAND: POST /session/2f3a3ed30178fd4b3e43ef29d6279727/element - {"using":"xpath","value":"(//span[contains(text(), \"Completed\")]/parent::div/preceding-sibling::div/span)[1]"}
RESULT: {"using":"xpath","value":"(//span[contains(text(), \"Completed\")]/parent::div/preceding-sibling::div/span)[1]"}
COMMAND: POST /session/2f3a3ed30178fd4b3e43ef29d6279727/element/f.8627BF333E87AC973E299D2132D92580.d.2D3F2541C04B5BB81C72C22BFFAD5B6A.e.22117/click - {}
RESULT: {}
COMMAND: POST /session/2f3a3ed30178fd4b3e43ef29d6279727/element - {"using":"xpath","value":"//input[contains(@id ,\"application-billingtransfer-display-component---billingWorkbench--smartFilterBar-btnBasicSearch\")]"}
COMMAND: GET /session/2f3a3ed30178fd4b3e43ef29d6279727/screenshot - {}
RESULT: {"using":"xpath","value":"//input[contains(@id ,\"application-billingtransfer-display-component---billingWorkbench--smartFilterBar-btnBasicSearch\")]"}
COMMAND: POST /session/2f3a3ed30178fd4b3e43ef29d6279727/elements - {"using":"xpath","value":"//input[contains(@id ,\"application-billingtransfer-display-component---billingWorkbench--smartFilterBar-btnBasicSearch\")]"}
RESULT: {}
RESULT: {"using":"xpath","value":"//input[contains(@id ,\"application-billingtransfer-display-component---billingWorkbench--smartFilterBar-btnBasicSearch\")]"}
COMMAND: POST /session/2f3a3ed30178fd4b3e43ef29d6279727/execute/sync - {"script":"<script> [8489 bytes]","args":[{"element-6066-11e4-a52e-4f735466cecf":"f.8627BF333E87AC973E299D2132D92580.d.2D3F2541C04B5BB81C72C22BFFAD5B6A.e.21946","ELEMENT":"f.8627BF333E87AC973E299D2132D92580.d.2D3F2541C04B5BB81C72C22BFFAD5B6A.e.21946"}]}
RESULT: {"script":"<script> [8489 bytes]","args":[{"element-6066-11e4-a52e-4f735466cecf":"f.8627BF333E87AC973E299D2132D92580.d.2D3F2541C04B5BB81C72C22BFFAD5B6A.e.21946","ELEMENT":"f.8627BF333E87AC973E299D2132D92580.d.2D3F2541C04B5BB81C72C22BFFAD5B6A.e.21946"}]}
COMMAND: GET /session/2f3a3ed30178fd4b3e43ef29d6279727/element/f.8627BF333E87AC973E299D2132D92580.d.2D3F2541C04B5BB81C72C22BFFAD5B6A.e.21946/enabled - {}
COMMAND: GET /session/2f3a3ed30178fd4b3e43ef29d6279727/screenshot - {}
RESULT: {}
COMMAND: POST /session/2f3a3ed30178fd4b3e43ef29d6279727/element/f.8627BF333E87AC973E299D2132D92580.d.2D3F2541C04B5BB81C72C22BFFAD5B6A.e.21946/click - {}
COMMAND: GET /session/2f3a3ed30178fd4b3e43ef29d6279727/screenshot - {}
RESULT: {}
RESULT: {}
COMMAND: GET /session/2f3a3ed30178fd4b3e43ef29d6279727/screenshot - {}
RESULT: {}
RESULT: {}
COMMAND: POST /session/2f3a3ed30178fd4b3e43ef29d6279727/element/f.8627BF333E87AC973E299D2132D92580.d.2D3F2541C04B5BB81C72C22BFFAD5B6A.e.21946/clear - {}
RESULT: {}
COMMAND: POST /session/2f3a3ed30178fd4b3e43ef29d6279727/element/f.8627BF333E87AC973E299D2132D92580.d.2D3F2541C04B5BB81C72C22BFFAD5B6A.e.21946/value - {"text":"10628"}
COMMAND: GET /session/2f3a3ed30178fd4b3e43ef29d6279727/screenshot - {}
RESULT: {"text":"10628"}
COMMAND: POST /session/2f3a3ed30178fd4b3e43ef29d6279727/actions - {"actions":[{"id":"action79","type":"key","parameters":{},"actions":[{"type":"keyDown","value":""},{"type":"pause","duration":10},{"type":"keyUp","value":""}]}]}
COMMAND: GET /session/2f3a3ed30178fd4b3e43ef29d6279727/screenshot - {}
RESULT: {}
RESULT: {"actions":[{"id":"action79","type":"key","parameters":{},"actions":[{"type":"keyDown","value":""},{"type":"pause","duration":10},{"type":"keyUp","value":""}]}]}
COMMAND: GET /session/2f3a3ed30178fd4b3e43ef29d6279727/screenshot - {}
RESULT: {}
RESULT: {}
COMMAND: POST /session/2f3a3ed30178fd4b3e43ef29d6279727/element - {"using":"xpath","value":"//span[contains(@id ,\"application-billingtransfer-display-component---billingWorkbench--smartTableBillingRuns-header-inner\")]"}
RESULT: {"using":"xpath","value":"//span[contains(@id ,\"application-billingtransfer-display-component---billingWorkbench--smartTableBillingRuns-header-inner\")]"}
COMMAND: POST /session/2f3a3ed30178fd4b3e43ef29d6279727/elements - {"using":"xpath","value":"//span[contains(@id ,\"application-billingtransfer-display-component---billingWorkbench--smartTableBillingRuns-header-inner\")]"}
RESULT: {"using":"xpath","value":"//span[contains(@id ,\"application-billingtransfer-display-component---billingWorkbench--smartTableBillingRuns-header-inner\")]"}
COMMAND: POST /session/2f3a3ed30178fd4b3e43ef29d6279727/execute/sync - {"script":"<script> [56 bytes]","args":[{"element-6066-11e4-a52e-4f735466cecf":"f.8627BF333E87AC973E299D2132D92580.d.2D3F2541C04B5BB81C72C22BFFAD5B6A.e.22088","ELEMENT":"f.8627BF333E87AC973E299D2132D92580.d.2D3F2541C04B5BB81C72C22BFFAD5B6A.e.22088"}]}
RESULT: {"script":"<script> [56 bytes]","args":[{"element-6066-11e4-a52e-4f735466cecf":"f.8627BF333E87AC973E299D2132D92580.d.2D3F2541C04B5BB81C72C22BFFAD5B6A.e.22088","ELEMENT":"f.8627BF333E87AC973E299D2132D92580.d.2D3F2541C04B5BB81C72C22BFFAD5B6A.e.22088"}]}
COMMAND: GET /session/2f3a3ed30178fd4b3e43ef29d6279727/screenshot - {}
RESULT: {}
COMMAND: POST /session/2f3a3ed30178fd4b3e43ef29d6279727/execute/sync - {"script":"<script> [56 bytes]","args":[{"element-6066-11e4-a52e-4f735466cecf":"f.8627BF333E87AC973E299D2132D92580.d.2D3F2541C04B5BB81C72C22BFFAD5B6A.e.22088","ELEMENT":"f.8627BF333E87AC973E299D2132D92580.d.2D3F2541C04B5BB81C72C22BFFAD5B6A.e.22088"}]}
RESULT: {"script":"<script> [56 bytes]","args":[{"element-6066-11e4-a52e-4f735466cecf":"f.8627BF333E87AC973E299D2132D92580.d.2D3F2541C04B5BB81C72C22BFFAD5B6A.e.22088","ELEMENT":"f.8627BF333E87AC973E299D2132D92580.d.2D3F2541C04B5BB81C72C22BFFAD5B6A.e.22088"}]}
COMMAND: GET /session/2f3a3ed30178fd4b3e43ef29d6279727/screenshot - {}
RESULT: {}
COMMAND: POST /session/2f3a3ed30178fd4b3e43ef29d6279727/execute/sync - {"script":"<script> [56 bytes]","args":[{"element-6066-11e4-a52e-4f735466cecf":"f.8627BF333E87AC973E299D2132D92580.d.2D3F2541C04B5BB81C72C22BFFAD5B6A.e.22088","ELEMENT":"f.8627BF333E87AC973E299D2132D92580.d.2D3F2541C04B5BB81C72C22BFFAD5B6A.e.22088"}]}
RESULT: {"script":"<script> [56 bytes]","args":[{"element-6066-11e4-a52e-4f735466cecf":"f.8627BF333E87AC973E299D2132D92580.d.2D3F2541C04B5BB81C72C22BFFAD5B6A.e.22088","ELEMENT":"f.8627BF333E87AC973E299D2132D92580.d.2D3F2541C04B5BB81C72C22BFFAD5B6A.e.22088"}]}
COMMAND: GET /session/2f3a3ed30178fd4b3e43ef29d6279727/screenshot - {}
RESULT: {}
COMMAND: POST /session/2f3a3ed30178fd4b3e43ef29d6279727/execute/sync - {"script":"<script> [56 bytes]","args":[{"element-6066-11e4-a52e-4f735466cecf":"f.8627BF333E87AC973E299D2132D92580.d.2D3F2541C04B5BB81C72C22BFFAD5B6A.e.22088","ELEMENT":"f.8627BF333E87AC973E299D2132D92580.d.2D3F2541C04B5BB81C72C22BFFAD5B6A.e.22088"}]}
RESULT: {"script":"<script> [56 bytes]","args":[{"element-6066-11e4-a52e-4f735466cecf":"f.8627BF333E87AC973E299D2132D92580.d.2D3F2541C04B5BB81C72C22BFFAD5B6A.e.22088","ELEMENT":"f.8627BF333E87AC973E299D2132D92580.d.2D3F2541C04B5BB81C72C22BFFAD5B6A.e.22088"}]}
COMMAND: GET /session/2f3a3ed30178fd4b3e43ef29d6279727/screenshot - {}
RESULT: {}
COMMAND: POST /session/2f3a3ed30178fd4b3e43ef29d6279727/execute/sync - {"script":"<script> [56 bytes]","args":[{"element-6066-11e4-a52e-4f735466cecf":"f.8627BF333E87AC973E299D2132D92580.d.2D3F2541C04B5BB81C72C22BFFAD5B6A.e.22088","ELEMENT":"f.8627BF333E87AC973E299D2132D92580.d.2D3F2541C04B5BB81C72C22BFFAD5B6A.e.22088"}]}
RESULT: {"script":"<script> [56 bytes]","args":[{"element-6066-11e4-a52e-4f735466cecf":"f.8627BF333E87AC973E299D2132D92580.d.2D3F2541C04B5BB81C72C22BFFAD5B6A.e.22088","ELEMENT":"f.8627BF333E87AC973E299D2132D92580.d.2D3F2541C04B5BB81C72C22BFFAD5B6A.e.22088"}]}
COMMAND: GET /session/2f3a3ed30178fd4b3e43ef29d6279727/screenshot - {}
RESULT: {}
COMMAND: POST /session/2f3a3ed30178fd4b3e43ef29d6279727/execute/sync - {"script":"<script> [56 bytes]","args":[{"element-6066-11e4-a52e-4f735466cecf":"f.8627BF333E87AC973E299D2132D92580.d.2D3F2541C04B5BB81C72C22BFFAD5B6A.e.22088","ELEMENT":"f.8627BF333E87AC973E299D2132D92580.d.2D3F2541C04B5BB81C72C22BFFAD5B6A.e.22088"}]}
RESULT: {"script":"<script> [56 bytes]","args":[{"element-6066-11e4-a52e-4f735466cecf":"f.8627BF333E87AC973E299D2132D92580.d.2D3F2541C04B5BB81C72C22BFFAD5B6A.e.22088","ELEMENT":"f.8627BF333E87AC973E299D2132D92580.d.2D3F2541C04B5BB81C72C22BFFAD5B6A.e.22088"}]}
COMMAND: GET /session/2f3a3ed30178fd4b3e43ef29d6279727/screenshot - {}
RESULT: {}
COMMAND: POST /session/2f3a3ed30178fd4b3e43ef29d6279727/execute/sync - {"script":"<script> [56 bytes]","args":[{"element-6066-11e4-a52e-4f735466cecf":"f.8627BF333E87AC973E299D2132D92580.d.2D3F2541C04B5BB81C72C22BFFAD5B6A.e.22088","ELEMENT":"f.8627BF333E87AC973E299D2132D92580.d.2D3F2541C04B5BB81C72C22BFFAD5B6A.e.22088"}]}
RESULT: {"script":"<script> [56 bytes]","args":[{"element-6066-11e4-a52e-4f735466cecf":"f.8627BF333E87AC973E299D2132D92580.d.2D3F2541C04B5BB81C72C22BFFAD5B6A.e.22088","ELEMENT":"f.8627BF333E87AC973E299D2132D92580.d.2D3F2541C04B5BB81C72C22BFFAD5B6A.e.22088"}]}
COMMAND: GET /session/2f3a3ed30178fd4b3e43ef29d6279727/screenshot - {}
RESULT: {}
COMMAND: POST /session/2f3a3ed30178fd4b3e43ef29d6279727/execute/sync - {"script":"<script> [56 bytes]","args":[{"element-6066-11e4-a52e-4f735466cecf":"f.8627BF333E87AC973E299D2132D92580.d.2D3F2541C04B5BB81C72C22BFFAD5B6A.e.22088","ELEMENT":"f.8627BF333E87AC973E299D2132D92580.d.2D3F2541C04B5BB81C72C22BFFAD5B6A.e.22088"}]}
RESULT: {"script":"<script> [56 bytes]","args":[{"element-6066-11e4-a52e-4f735466cecf":"f.8627BF333E87AC973E299D2132D92580.d.2D3F2541C04B5BB81C72C22BFFAD5B6A.e.22088","ELEMENT":"f.8627BF333E87AC973E299D2132D92580.d.2D3F2541C04B5BB81C72C22BFFAD5B6A.e.22088"}]}
COMMAND: GET /session/2f3a3ed30178fd4b3e43ef29d6279727/screenshot - {}
RESULT: {}
COMMAND: POST /session/2f3a3ed30178fd4b3e43ef29d6279727/execute/sync - {"script":"<script> [56 bytes]","args":[{"element-6066-11e4-a52e-4f735466cecf":"f.8627BF333E87AC973E299D2132D92580.d.2D3F2541C04B5BB81C72C22BFFAD5B6A.e.22088","ELEMENT":"f.8627BF333E87AC973E299D2132D92580.d.2D3F2541C04B5BB81C72C22BFFAD5B6A.e.22088"}]}
RESULT: {"script":"<script> [56 bytes]","args":[{"element-6066-11e4-a52e-4f735466cecf":"f.8627BF333E87AC973E299D2132D92580.d.2D3F2541C04B5BB81C72C22BFFAD5B6A.e.22088","ELEMENT":"f.8627BF333E87AC973E299D2132D92580.d.2D3F2541C04B5BB81C72C22BFFAD5B6A.e.22088"}]}
COMMAND: GET /session/2f3a3ed30178fd4b3e43ef29d6279727/screenshot - {}
RESULT: {}
COMMAND: POST /session/2f3a3ed30178fd4b3e43ef29d6279727/execute/sync - {"script":"<script> [56 bytes]","args":[{"element-6066-11e4-a52e-4f735466cecf":"f.8627BF333E87AC973E299D2132D92580.d.2D3F2541C04B5BB81C72C22BFFAD5B6A.e.22088","ELEMENT":"f.8627BF333E87AC973E299D2132D92580.d.2D3F2541C04B5BB81C72C22BFFAD5B6A.e.22088"}]}
RESULT: {"script":"<script> [56 bytes]","args":[{"element-6066-11e4-a52e-4f735466cecf":"f.8627BF333E87AC973E299D2132D92580.d.2D3F2541C04B5BB81C72C22BFFAD5B6A.e.22088","ELEMENT":"f.8627BF333E87AC973E299D2132D92580.d.2D3F2541C04B5BB81C72C22BFFAD5B6A.e.22088"}]}
COMMAND: GET /session/2f3a3ed30178fd4b3e43ef29d6279727/screenshot - {}
RESULT: {}
COMMAND: POST /session/2f3a3ed30178fd4b3e43ef29d6279727/execute/sync - {"script":"<script> [56 bytes]","args":[{"element-6066-11e4-a52e-4f735466cecf":"f.8627BF333E87AC973E299D2132D92580.d.2D3F2541C04B5BB81C72C22BFFAD5B6A.e.22088","ELEMENT":"f.8627BF333E87AC973E299D2132D92580.d.2D3F2541C04B5BB81C72C22BFFAD5B6A.e.22088"}]}
RESULT: {"script":"<script> [56 bytes]","args":[{"element-6066-11e4-a52e-4f735466cecf":"f.8627BF333E87AC973E299D2132D92580.d.2D3F2541C04B5BB81C72C22BFFAD5B6A.e.22088","ELEMENT":"f.8627BF333E87AC973E299D2132D92580.d.2D3F2541C04B5BB81C72C22BFFAD5B6A.e.22088"}]}
COMMAND: GET /session/2f3a3ed30178fd4b3e43ef29d6279727/screenshot - {}
RESULT: {}
COMMAND: POST /session/2f3a3ed30178fd4b3e43ef29d6279727/execute/sync - {"script":"<script> [56 bytes]","args":[{"element-6066-11e4-a52e-4f735466cecf":"f.8627BF333E87AC973E299D2132D92580.d.2D3F2541C04B5BB81C72C22BFFAD5B6A.e.22088","ELEMENT":"f.8627BF333E87AC973E299D2132D92580.d.2D3F2541C04B5BB81C72C22BFFAD5B6A.e.22088"}]}
RESULT: {"script":"<script> [56 bytes]","args":[{"element-6066-11e4-a52e-4f735466cecf":"f.8627BF333E87AC973E299D2132D92580.d.2D3F2541C04B5BB81C72C22BFFAD5B6A.e.22088","ELEMENT":"f.8627BF333E87AC973E299D2132D92580.d.2D3F2541C04B5BB81C72C22BFFAD5B6A.e.22088"}]}
COMMAND: GET /session/2f3a3ed30178fd4b3e43ef29d6279727/screenshot - {}
RESULT: {}
COMMAND: POST /session/2f3a3ed30178fd4b3e43ef29d6279727/execute/sync - {"script":"<script> [56 bytes]","args":[{"element-6066-11e4-a52e-4f735466cecf":"f.8627BF333E87AC973E299D2132D92580.d.2D3F2541C04B5BB81C72C22BFFAD5B6A.e.22088","ELEMENT":"f.8627BF333E87AC973E299D2132D92580.d.2D3F2541C04B5BB81C72C22BFFAD5B6A.e.22088"}]}
RESULT: {"script":"<script> [56 bytes]","args":[{"element-6066-11e4-a52e-4f735466cecf":"f.8627BF333E87AC973E299D2132D92580.d.2D3F2541C04B5BB81C72C22BFFAD5B6A.e.22088","ELEMENT":"f.8627BF333E87AC973E299D2132D92580.d.2D3F2541C04B5BB81C72C22BFFAD5B6A.e.22088"}]}
COMMAND: GET /session/2f3a3ed30178fd4b3e43ef29d6279727/screenshot - {}
RESULT: {}
COMMAND: POST /session/2f3a3ed30178fd4b3e43ef29d6279727/execute/sync - {"script":"<script> [56 bytes]","args":[{"element-6066-11e4-a52e-4f735466cecf":"f.8627BF333E87AC973E299D2132D92580.d.2D3F2541C04B5BB81C72C22BFFAD5B6A.e.22088","ELEMENT":"f.8627BF333E87AC973E299D2132D92580.d.2D3F2541C04B5BB81C72C22BFFAD5B6A.e.22088"}]}
RESULT: {"script":"<script> [56 bytes]","args":[{"element-6066-11e4-a52e-4f735466cecf":"f.8627BF333E87AC973E299D2132D92580.d.2D3F2541C04B5BB81C72C22BFFAD5B6A.e.22088","ELEMENT":"f.8627BF333E87AC973E299D2132D92580.d.2D3F2541C04B5BB81C72C22BFFAD5B6A.e.22088"}]}
COMMAND: GET /session/2f3a3ed30178fd4b3e43ef29d6279727/screenshot - {}
RESULT: {}
COMMAND: POST /session/2f3a3ed30178fd4b3e43ef29d6279727/execute/sync - {"script":"<script> [56 bytes]","args":[{"element-6066-11e4-a52e-4f735466cecf":"f.8627BF333E87AC973E299D2132D92580.d.2D3F2541C04B5BB81C72C22BFFAD5B6A.e.22088","ELEMENT":"f.8627BF333E87AC973E299D2132D92580.d.2D3F2541C04B5BB81C72C22BFFAD5B6A.e.22088"}]}
RESULT: {"script":"<script> [56 bytes]","args":[{"element-6066-11e4-a52e-4f735466cecf":"f.8627BF333E87AC973E299D2132D92580.d.2D3F2541C04B5BB81C72C22BFFAD5B6A.e.22088","ELEMENT":"f.8627BF333E87AC973E299D2132D92580.d.2D3F2541C04B5BB81C72C22BFFAD5B6A.e.22088"}]}
COMMAND: GET /session/2f3a3ed30178fd4b3e43ef29d6279727/screenshot - {}
RESULT: {}
COMMAND: POST /session/2f3a3ed30178fd4b3e43ef29d6279727/execute/sync - {"script":"<script> [56 bytes]","args":[{"element-6066-11e4-a52e-4f735466cecf":"f.8627BF333E87AC973E299D2132D92580.d.2D3F2541C04B5BB81C72C22BFFAD5B6A.e.22088","ELEMENT":"f.8627BF333E87AC973E299D2132D92580.d.2D3F2541C04B5BB81C72C22BFFAD5B6A.e.22088"}]}
RESULT: {"script":"<script> [56 bytes]","args":[{"element-6066-11e4-a52e-4f735466cecf":"f.8627BF333E87AC973E299D2132D92580.d.2D3F2541C04B5BB81C72C22BFFAD5B6A.e.22088","ELEMENT":"f.8627BF333E87AC973E299D2132D92580.d.2D3F2541C04B5BB81C72C22BFFAD5B6A.e.22088"}]}
COMMAND: GET /session/2f3a3ed30178fd4b3e43ef29d6279727/screenshot - {}
RESULT: {}
COMMAND: POST /session/2f3a3ed30178fd4b3e43ef29d6279727/execute/sync - {"script":"<script> [56 bytes]","args":[{"element-6066-11e4-a52e-4f735466cecf":"f.8627BF333E87AC973E299D2132D92580.d.2D3F2541C04B5BB81C72C22BFFAD5B6A.e.22088","ELEMENT":"f.8627BF333E87AC973E299D2132D92580.d.2D3F2541C04B5BB81C72C22BFFAD5B6A.e.22088"}]}
RESULT: {"script":"<script> [56 bytes]","args":[{"element-6066-11e4-a52e-4f735466cecf":"f.8627BF333E87AC973E299D2132D92580.d.2D3F2541C04B5BB81C72C22BFFAD5B6A.e.22088","ELEMENT":"f.8627BF333E87AC973E299D2132D92580.d.2D3F2541C04B5BB81C72C22BFFAD5B6A.e.22088"}]}
COMMAND: GET /session/2f3a3ed30178fd4b3e43ef29d6279727/screenshot - {}
RESULT: {}
COMMAND: POST /session/2f3a3ed30178fd4b3e43ef29d6279727/execute/sync - {"script":"<script> [56 bytes]","args":[{"element-6066-11e4-a52e-4f735466cecf":"f.8627BF333E87AC973E299D2132D92580.d.2D3F2541C04B5BB81C72C22BFFAD5B6A.e.22088","ELEMENT":"f.8627BF333E87AC973E299D2132D92580.d.2D3F2541C04B5BB81C72C22BFFAD5B6A.e.22088"}]}
RESULT: {"script":"<script> [56 bytes]","args":[{"element-6066-11e4-a52e-4f735466cecf":"f.8627BF333E87AC973E299D2132D92580.d.2D3F2541C04B5BB81C72C22BFFAD5B6A.e.22088","ELEMENT":"f.8627BF333E87AC973E299D2132D92580.d.2D3F2541C04B5BB81C72C22BFFAD5B6A.e.22088"}]}
COMMAND: GET /session/2f3a3ed30178fd4b3e43ef29d6279727/screenshot - {}
RESULT: {}
COMMAND: POST /session/2f3a3ed30178fd4b3e43ef29d6279727/execute/sync - {"script":"<script> [56 bytes]","args":[{"element-6066-11e4-a52e-4f735466cecf":"f.8627BF333E87AC973E299D2132D92580.d.2D3F2541C04B5BB81C72C22BFFAD5B6A.e.22088","ELEMENT":"f.8627BF333E87AC973E299D2132D92580.d.2D3F2541C04B5BB81C72C22BFFAD5B6A.e.22088"}]}
RESULT: {"script":"<script> [56 bytes]","args":[{"element-6066-11e4-a52e-4f735466cecf":"f.8627BF333E87AC973E299D2132D92580.d.2D3F2541C04B5BB81C72C22BFFAD5B6A.e.22088","ELEMENT":"f.8627BF333E87AC973E299D2132D92580.d.2D3F2541C04B5BB81C72C22BFFAD5B6A.e.22088"}]}
COMMAND: GET /session/2f3a3ed30178fd4b3e43ef29d6279727/screenshot - {}
RESULT: {}
COMMAND: POST /session/2f3a3ed30178fd4b3e43ef29d6279727/execute/sync - {"script":"<script> [56 bytes]","args":[{"element-6066-11e4-a52e-4f735466cecf":"f.8627BF333E87AC973E299D2132D92580.d.2D3F2541C04B5BB81C72C22BFFAD5B6A.e.22088","ELEMENT":"f.8627BF333E87AC973E299D2132D92580.d.2D3F2541C04B5BB81C72C22BFFAD5B6A.e.22088"}]}
RESULT: {"script":"<script> [56 bytes]","args":[{"element-6066-11e4-a52e-4f735466cecf":"f.8627BF333E87AC973E299D2132D92580.d.2D3F2541C04B5BB81C72C22BFFAD5B6A.e.22088","ELEMENT":"f.8627BF333E87AC973E299D2132D92580.d.2D3F2541C04B5BB81C72C22BFFAD5B6A.e.22088"}]}
COMMAND: GET /session/2f3a3ed30178fd4b3e43ef29d6279727/screenshot - {}
RESULT: {}
COMMAND: POST /session/2f3a3ed30178fd4b3e43ef29d6279727/execute/sync - {"script":"<script> [56 bytes]","args":[{"element-6066-11e4-a52e-4f735466cecf":"f.8627BF333E87AC973E299D2132D92580.d.2D3F2541C04B5BB81C72C22BFFAD5B6A.e.22088","ELEMENT":"f.8627BF333E87AC973E299D2132D92580.d.2D3F2541C04B5BB81C72C22BFFAD5B6A.e.22088"}]}
RESULT: {"script":"<script> [56 bytes]","args":[{"element-6066-11e4-a52e-4f735466cecf":"f.8627BF333E87AC973E299D2132D92580.d.2D3F2541C04B5BB81C72C22BFFAD5B6A.e.22088","ELEMENT":"f.8627BF333E87AC973E299D2132D92580.d.2D3F2541C04B5BB81C72C22BFFAD5B6A.e.22088"}]}
COMMAND: POST /session/2f3a3ed30178fd4b3e43ef29d6279727/element - {"using":"css selector","value":"#shell-header-logo"}
COMMAND: GET /session/2f3a3ed30178fd4b3e43ef29d6279727/screenshot - {}
RESULT: {"using":"css selector","value":"#shell-header-logo"}
COMMAND: POST /session/2f3a3ed30178fd4b3e43ef29d6279727/element/f.8627BF333E87AC973E299D2132D92580.d.2D3F2541C04B5BB81C72C22BFFAD5B6A.e.21944/click - {}
RESULT: {}
RESULT: {}
COMMAND: GET /session/2f3a3ed30178fd4b3e43ef29d6279727/screenshot - {}
RESULT: {}
]]></system-out>
    </testcase>
    <testcase classname="chrome.135_0_7049_42.windows.Billing_Calculation_-_Time_based_(considering_transport_times)_US139738" name="Should navigate to the contract item check the billed until field value" time="41.57">
      <system-out><![CDATA[
RESULT: undefined
COMMAND: POST /session/2f3a3ed30178fd4b3e43ef29d6279727/element - {"using":"xpath","value":"//*[@id=\"__tile130-title\"]"}
RESULT: {"using":"xpath","value":"//*[@id=\"__tile130-title\"]"}
COMMAND: POST /session/2f3a3ed30178fd4b3e43ef29d6279727/element/f.8627BF333E87AC973E299D2132D92580.d.2D3F2541C04B5BB81C72C22BFFAD5B6A.e.20131/click - {}
RESULT: undefined
RESULT: undefined
RESULT: {}
COMMAND: GET /session/2f3a3ed30178fd4b3e43ef29d6279727/screenshot - {}
RESULT: {}
COMMAND: POST /session/2f3a3ed30178fd4b3e43ef29d6279727/element - {"using":"xpath","value":"//button[@data-kt=\"addButton\"]"}
RESULT: {"using":"xpath","value":"//button[@data-kt=\"addButton\"]"}
COMMAND: POST /session/2f3a3ed30178fd4b3e43ef29d6279727/elements - {"using":"xpath","value":"//button[@data-kt=\"addButton\"]"}
RESULT: {"using":"xpath","value":"//button[@data-kt=\"addButton\"]"}
COMMAND: POST /session/2f3a3ed30178fd4b3e43ef29d6279727/execute/sync - {"script":"<script> [8489 bytes]","args":[{"element-6066-11e4-a52e-4f735466cecf":"f.8627BF333E87AC973E299D2132D92580.d.2D3F2541C04B5BB81C72C22BFFAD5B6A.e.22188","ELEMENT":"f.8627BF333E87AC973E299D2132D92580.d.2D3F2541C04B5BB81C72C22BFFAD5B6A.e.22188"}]}
RESULT: {"script":"<script> [8489 bytes]","args":[{"element-6066-11e4-a52e-4f735466cecf":"f.8627BF333E87AC973E299D2132D92580.d.2D3F2541C04B5BB81C72C22BFFAD5B6A.e.22188","ELEMENT":"f.8627BF333E87AC973E299D2132D92580.d.2D3F2541C04B5BB81C72C22BFFAD5B6A.e.22188"}]}
COMMAND: GET /session/2f3a3ed30178fd4b3e43ef29d6279727/element/f.8627BF333E87AC973E299D2132D92580.d.2D3F2541C04B5BB81C72C22BFFAD5B6A.e.22188/enabled - {}
COMMAND: GET /session/2f3a3ed30178fd4b3e43ef29d6279727/screenshot - {}
RESULT: {}
COMMAND: POST /session/2f3a3ed30178fd4b3e43ef29d6279727/execute/sync - {"script":"<script> [8489 bytes]","args":[{"element-6066-11e4-a52e-4f735466cecf":"f.8627BF333E87AC973E299D2132D92580.d.2D3F2541C04B5BB81C72C22BFFAD5B6A.e.22188","ELEMENT":"f.8627BF333E87AC973E299D2132D92580.d.2D3F2541C04B5BB81C72C22BFFAD5B6A.e.22188"}]}
COMMAND: GET /session/2f3a3ed30178fd4b3e43ef29d6279727/screenshot - {}
RESULT: {}
RESULT: {"script":"<script> [8489 bytes]","args":[{"element-6066-11e4-a52e-4f735466cecf":"f.8627BF333E87AC973E299D2132D92580.d.2D3F2541C04B5BB81C72C22BFFAD5B6A.e.22188","ELEMENT":"f.8627BF333E87AC973E299D2132D92580.d.2D3F2541C04B5BB81C72C22BFFAD5B6A.e.22188"}]}
COMMAND: POST /session/2f3a3ed30178fd4b3e43ef29d6279727/execute/sync - {"script":"<script> [5351 bytes]","args":[{"element-6066-11e4-a52e-4f735466cecf":"f.8627BF333E87AC973E299D2132D92580.d.2D3F2541C04B5BB81C72C22BFFAD5B6A.e.22188","ELEMENT":"f.8627BF333E87AC973E299D2132D92580.d.2D3F2541C04B5BB81C72C22BFFAD5B6A.e.22188"}]}
COMMAND: GET /session/2f3a3ed30178fd4b3e43ef29d6279727/screenshot - {}
RESULT: {}
RESULT: {"script":"<script> [5351 bytes]","args":[{"element-6066-11e4-a52e-4f735466cecf":"f.8627BF333E87AC973E299D2132D92580.d.2D3F2541C04B5BB81C72C22BFFAD5B6A.e.22188","ELEMENT":"f.8627BF333E87AC973E299D2132D92580.d.2D3F2541C04B5BB81C72C22BFFAD5B6A.e.22188"}]}
COMMAND: POST /session/2f3a3ed30178fd4b3e43ef29d6279727/element - {"using":"xpath","value":"//input[contains(@id ,\"smartContractFilterBar-btnBasicSearch-I\")]"}
COMMAND: GET /session/2f3a3ed30178fd4b3e43ef29d6279727/screenshot - {}
RESULT: {}
RESULT: {"using":"xpath","value":"//input[contains(@id ,\"smartContractFilterBar-btnBasicSearch-I\")]"}
COMMAND: POST /session/2f3a3ed30178fd4b3e43ef29d6279727/elements - {"using":"xpath","value":"//input[contains(@id ,\"smartContractFilterBar-btnBasicSearch-I\")]"}
RESULT: {}
RESULT: {"using":"xpath","value":"//input[contains(@id ,\"smartContractFilterBar-btnBasicSearch-I\")]"}
COMMAND: POST /session/2f3a3ed30178fd4b3e43ef29d6279727/execute/sync - {"script":"<script> [8489 bytes]","args":[{"element-6066-11e4-a52e-4f735466cecf":"f.8627BF333E87AC973E299D2132D92580.d.2D3F2541C04B5BB81C72C22BFFAD5B6A.e.22124","ELEMENT":"f.8627BF333E87AC973E299D2132D92580.d.2D3F2541C04B5BB81C72C22BFFAD5B6A.e.22124"}]}
RESULT: {"script":"<script> [8489 bytes]","args":[{"element-6066-11e4-a52e-4f735466cecf":"f.8627BF333E87AC973E299D2132D92580.d.2D3F2541C04B5BB81C72C22BFFAD5B6A.e.22124","ELEMENT":"f.8627BF333E87AC973E299D2132D92580.d.2D3F2541C04B5BB81C72C22BFFAD5B6A.e.22124"}]}
COMMAND: GET /session/2f3a3ed30178fd4b3e43ef29d6279727/element/f.8627BF333E87AC973E299D2132D92580.d.2D3F2541C04B5BB81C72C22BFFAD5B6A.e.22124/enabled - {}
COMMAND: GET /session/2f3a3ed30178fd4b3e43ef29d6279727/screenshot - {}
RESULT: {}
COMMAND: POST /session/2f3a3ed30178fd4b3e43ef29d6279727/element/f.8627BF333E87AC973E299D2132D92580.d.2D3F2541C04B5BB81C72C22BFFAD5B6A.e.22124/clear - {}
COMMAND: GET /session/2f3a3ed30178fd4b3e43ef29d6279727/screenshot - {}
RESULT: {}
RESULT: {}
COMMAND: POST /session/2f3a3ed30178fd4b3e43ef29d6279727/element/f.8627BF333E87AC973E299D2132D92580.d.2D3F2541C04B5BB81C72C22BFFAD5B6A.e.22124/value - {"text":"10628"}
COMMAND: GET /session/2f3a3ed30178fd4b3e43ef29d6279727/screenshot - {}
RESULT: {}
RESULT: {"text":"10628"}
COMMAND: GET /session/2f3a3ed30178fd4b3e43ef29d6279727/screenshot - {}
RESULT: {}
RESULT: {}
COMMAND: POST /session/2f3a3ed30178fd4b3e43ef29d6279727/actions - {"actions":[{"id":"action80","type":"key","parameters":{},"actions":[{"type":"keyDown","value":""},{"type":"pause","duration":10},{"type":"keyUp","value":""}]}]}
RESULT: {"actions":[{"id":"action80","type":"key","parameters":{},"actions":[{"type":"keyDown","value":""},{"type":"pause","duration":10},{"type":"keyUp","value":""}]}]}
COMMAND: GET /session/2f3a3ed30178fd4b3e43ef29d6279727/screenshot - {}
RESULT: {}
COMMAND: POST /session/2f3a3ed30178fd4b3e43ef29d6279727/element - {"using":"xpath","value":"//span[contains(@id, \"masterListContractsSmartTable-header-inner\")]"}
RESULT: {"using":"xpath","value":"//span[contains(@id, \"masterListContractsSmartTable-header-inner\")]"}
COMMAND: POST /session/2f3a3ed30178fd4b3e43ef29d6279727/elements - {"using":"xpath","value":"//span[contains(@id, \"masterListContractsSmartTable-header-inner\")]"}
RESULT: {"using":"xpath","value":"//span[contains(@id, \"masterListContractsSmartTable-header-inner\")]"}
COMMAND: POST /session/2f3a3ed30178fd4b3e43ef29d6279727/execute/sync - {"script":"<script> [56 bytes]","args":[{"element-6066-11e4-a52e-4f735466cecf":"f.8627BF333E87AC973E299D2132D92580.d.2D3F2541C04B5BB81C72C22BFFAD5B6A.e.22433","ELEMENT":"f.8627BF333E87AC973E299D2132D92580.d.2D3F2541C04B5BB81C72C22BFFAD5B6A.e.22433"}]}
RESULT: {"script":"<script> [56 bytes]","args":[{"element-6066-11e4-a52e-4f735466cecf":"f.8627BF333E87AC973E299D2132D92580.d.2D3F2541C04B5BB81C72C22BFFAD5B6A.e.22433","ELEMENT":"f.8627BF333E87AC973E299D2132D92580.d.2D3F2541C04B5BB81C72C22BFFAD5B6A.e.22433"}]}
COMMAND: POST /session/2f3a3ed30178fd4b3e43ef29d6279727/element - {"using":"xpath","value":"(//span[contains(@id, \"imgNav\")])[1]"}
COMMAND: GET /session/2f3a3ed30178fd4b3e43ef29d6279727/screenshot - {}
RESULT: {"using":"xpath","value":"(//span[contains(@id, \"imgNav\")])[1]"}
COMMAND: POST /session/2f3a3ed30178fd4b3e43ef29d6279727/element/f.8627BF333E87AC973E299D2132D92580.d.2D3F2541C04B5BB81C72C22BFFAD5B6A.e.22431/click - {}
RESULT: {}
RESULT: {}
COMMAND: GET /session/2f3a3ed30178fd4b3e43ef29d6279727/screenshot - {}
RESULT: {}
COMMAND: POST /session/2f3a3ed30178fd4b3e43ef29d6279727/element - {"using":"xpath","value":"//tr[@data-kt=\"productsColumnListItem\"]//td//span[contains(@id, \"imgNav\")][1]"}
RESULT: {"using":"xpath","value":"//tr[@data-kt=\"productsColumnListItem\"]//td//span[contains(@id, \"imgNav\")][1]"}
COMMAND: POST /session/2f3a3ed30178fd4b3e43ef29d6279727/element/f.8627BF333E87AC973E299D2132D92580.d.2D3F2541C04B5BB81C72C22BFFAD5B6A.e.22593/click - {}
RESULT: {}
COMMAND: GET /session/2f3a3ed30178fd4b3e43ef29d6279727/screenshot - {}
RESULT: {}
COMMAND: POST /session/2f3a3ed30178fd4b3e43ef29d6279727/element - {"using":"xpath","value":"//section[contains(@id, \"application-managecontracts-display-component---BillingItem--ObjectPageLayout-OPHeaderContent\")]/div/div/div/div/div[2]/div/div[2]/span"}
RESULT: {"using":"xpath","value":"//section[contains(@id, \"application-managecontracts-display-component---BillingItem--ObjectPageLayout-OPHeaderContent\")]/div/div/div/div/div[2]/div/div[2]/span"}
COMMAND: POST /session/2f3a3ed30178fd4b3e43ef29d6279727/execute/sync - {"script":"<script> [56 bytes]","args":[{"element-6066-11e4-a52e-4f735466cecf":"f.8627BF333E87AC973E299D2132D92580.d.2D3F2541C04B5BB81C72C22BFFAD5B6A.e.22730","ELEMENT":"f.8627BF333E87AC973E299D2132D92580.d.2D3F2541C04B5BB81C72C22BFFAD5B6A.e.22730"}]}
RESULT: {"script":"<script> [56 bytes]","args":[{"element-6066-11e4-a52e-4f735466cecf":"f.8627BF333E87AC973E299D2132D92580.d.2D3F2541C04B5BB81C72C22BFFAD5B6A.e.22730","ELEMENT":"f.8627BF333E87AC973E299D2132D92580.d.2D3F2541C04B5BB81C72C22BFFAD5B6A.e.22730"}]}
COMMAND: POST /session/2f3a3ed30178fd4b3e43ef29d6279727/element - {"using":"xpath","value":"//table[contains(@id, \"application-managecontracts-display-component---BillingItem--billingList-listUl\")]//td//*[contains(text(), \"partial billed\")]"}
COMMAND: GET /session/2f3a3ed30178fd4b3e43ef29d6279727/screenshot - {}
RESULT: {"using":"xpath","value":"//table[contains(@id, \"application-managecontracts-display-component---BillingItem--billingList-listUl\")]//td//*[contains(text(), \"partial billed\")]"}
COMMAND: POST /session/2f3a3ed30178fd4b3e43ef29d6279727/execute/sync - {"script":"<script> [56 bytes]","args":[{"element-6066-11e4-a52e-4f735466cecf":"f.8627BF333E87AC973E299D2132D92580.d.2D3F2541C04B5BB81C72C22BFFAD5B6A.e.22731","ELEMENT":"f.8627BF333E87AC973E299D2132D92580.d.2D3F2541C04B5BB81C72C22BFFAD5B6A.e.22731"}]}
RESULT: {}
RESULT: {"script":"<script> [56 bytes]","args":[{"element-6066-11e4-a52e-4f735466cecf":"f.8627BF333E87AC973E299D2132D92580.d.2D3F2541C04B5BB81C72C22BFFAD5B6A.e.22731","ELEMENT":"f.8627BF333E87AC973E299D2132D92580.d.2D3F2541C04B5BB81C72C22BFFAD5B6A.e.22731"}]}
COMMAND: POST /session/2f3a3ed30178fd4b3e43ef29d6279727/element - {"using":"css selector","value":"#shell-header-logo"}
COMMAND: GET /session/2f3a3ed30178fd4b3e43ef29d6279727/screenshot - {}
RESULT: {"using":"css selector","value":"#shell-header-logo"}
COMMAND: POST /session/2f3a3ed30178fd4b3e43ef29d6279727/element/f.8627BF333E87AC973E299D2132D92580.d.2D3F2541C04B5BB81C72C22BFFAD5B6A.e.22122/click - {}
RESULT: {}
RESULT: {}
COMMAND: GET /session/2f3a3ed30178fd4b3e43ef29d6279727/screenshot - {}
RESULT: {}
]]></system-out>
    </testcase>
    <testcase classname="chrome.135_0_7049_42.windows.Billing_Calculation_-_Time_based_(considering_transport_times)_US139738" name="Should do a handover return 2 step 7 days after provide or 14 days from today receive it in 21 days" time="148.661">
      <system-out><![CDATA[
RESULT: undefined
COMMAND: POST /session/2f3a3ed30178fd4b3e43ef29d6279727/element - {"using":"xpath","value":"//*[@id=\"__tile130-title\"]"}
RESULT: {"using":"xpath","value":"//*[@id=\"__tile130-title\"]"}
COMMAND: POST /session/2f3a3ed30178fd4b3e43ef29d6279727/element/f.8627BF333E87AC973E299D2132D92580.d.2D3F2541C04B5BB81C72C22BFFAD5B6A.e.20131/click - {}
RESULT: {}
COMMAND: GET /session/2f3a3ed30178fd4b3e43ef29d6279727/screenshot - {}
RESULT: undefined
RESULT: {}
COMMAND: POST /session/2f3a3ed30178fd4b3e43ef29d6279727/element - {"using":"xpath","value":"//button[@data-kt=\"addButton\"]"}
RESULT: {"using":"xpath","value":"//button[@data-kt=\"addButton\"]"}
COMMAND: POST /session/2f3a3ed30178fd4b3e43ef29d6279727/elements - {"using":"xpath","value":"//button[@data-kt=\"addButton\"]"}
RESULT: {"using":"xpath","value":"//button[@data-kt=\"addButton\"]"}
COMMAND: POST /session/2f3a3ed30178fd4b3e43ef29d6279727/execute/sync - {"script":"<script> [8489 bytes]","args":[{"element-6066-11e4-a52e-4f735466cecf":"f.8627BF333E87AC973E299D2132D92580.d.2D3F2541C04B5BB81C72C22BFFAD5B6A.e.22779","ELEMENT":"f.8627BF333E87AC973E299D2132D92580.d.2D3F2541C04B5BB81C72C22BFFAD5B6A.e.22779"}]}
RESULT: {"script":"<script> [8489 bytes]","args":[{"element-6066-11e4-a52e-4f735466cecf":"f.8627BF333E87AC973E299D2132D92580.d.2D3F2541C04B5BB81C72C22BFFAD5B6A.e.22779","ELEMENT":"f.8627BF333E87AC973E299D2132D92580.d.2D3F2541C04B5BB81C72C22BFFAD5B6A.e.22779"}]}
COMMAND: GET /session/2f3a3ed30178fd4b3e43ef29d6279727/element/f.8627BF333E87AC973E299D2132D92580.d.2D3F2541C04B5BB81C72C22BFFAD5B6A.e.22779/enabled - {}
COMMAND: GET /session/2f3a3ed30178fd4b3e43ef29d6279727/screenshot - {}
RESULT: {}
COMMAND: POST /session/2f3a3ed30178fd4b3e43ef29d6279727/execute/sync - {"script":"<script> [8489 bytes]","args":[{"element-6066-11e4-a52e-4f735466cecf":"f.8627BF333E87AC973E299D2132D92580.d.2D3F2541C04B5BB81C72C22BFFAD5B6A.e.22779","ELEMENT":"f.8627BF333E87AC973E299D2132D92580.d.2D3F2541C04B5BB81C72C22BFFAD5B6A.e.22779"}]}
COMMAND: GET /session/2f3a3ed30178fd4b3e43ef29d6279727/screenshot - {}
RESULT: {}
RESULT: {"script":"<script> [8489 bytes]","args":[{"element-6066-11e4-a52e-4f735466cecf":"f.8627BF333E87AC973E299D2132D92580.d.2D3F2541C04B5BB81C72C22BFFAD5B6A.e.22779","ELEMENT":"f.8627BF333E87AC973E299D2132D92580.d.2D3F2541C04B5BB81C72C22BFFAD5B6A.e.22779"}]}
COMMAND: POST /session/2f3a3ed30178fd4b3e43ef29d6279727/execute/sync - {"script":"<script> [5351 bytes]","args":[{"element-6066-11e4-a52e-4f735466cecf":"f.8627BF333E87AC973E299D2132D92580.d.2D3F2541C04B5BB81C72C22BFFAD5B6A.e.22779","ELEMENT":"f.8627BF333E87AC973E299D2132D92580.d.2D3F2541C04B5BB81C72C22BFFAD5B6A.e.22779"}]}
COMMAND: GET /session/2f3a3ed30178fd4b3e43ef29d6279727/screenshot - {}
RESULT: {}
RESULT: {"script":"<script> [5351 bytes]","args":[{"element-6066-11e4-a52e-4f735466cecf":"f.8627BF333E87AC973E299D2132D92580.d.2D3F2541C04B5BB81C72C22BFFAD5B6A.e.22779","ELEMENT":"f.8627BF333E87AC973E299D2132D92580.d.2D3F2541C04B5BB81C72C22BFFAD5B6A.e.22779"}]}
COMMAND: GET /session/2f3a3ed30178fd4b3e43ef29d6279727/screenshot - {}
RESULT: {}
RESULT: {}
COMMAND: POST /session/2f3a3ed30178fd4b3e43ef29d6279727/element - {"using":"xpath","value":"//input[contains(@id ,\"smartContractFilterBar-btnBasicSearch-I\")]"}
RESULT: {"using":"xpath","value":"//input[contains(@id ,\"smartContractFilterBar-btnBasicSearch-I\")]"}
COMMAND: POST /session/2f3a3ed30178fd4b3e43ef29d6279727/elements - {"using":"xpath","value":"//input[contains(@id ,\"smartContractFilterBar-btnBasicSearch-I\")]"}
RESULT: {"using":"xpath","value":"//input[contains(@id ,\"smartContractFilterBar-btnBasicSearch-I\")]"}
COMMAND: POST /session/2f3a3ed30178fd4b3e43ef29d6279727/execute/sync - {"script":"<script> [8489 bytes]","args":[{"element-6066-11e4-a52e-4f735466cecf":"f.8627BF333E87AC973E299D2132D92580.d.2D3F2541C04B5BB81C72C22BFFAD5B6A.e.22742","ELEMENT":"f.8627BF333E87AC973E299D2132D92580.d.2D3F2541C04B5BB81C72C22BFFAD5B6A.e.22742"}]}
RESULT: {"script":"<script> [8489 bytes]","args":[{"element-6066-11e4-a52e-4f735466cecf":"f.8627BF333E87AC973E299D2132D92580.d.2D3F2541C04B5BB81C72C22BFFAD5B6A.e.22742","ELEMENT":"f.8627BF333E87AC973E299D2132D92580.d.2D3F2541C04B5BB81C72C22BFFAD5B6A.e.22742"}]}
COMMAND: GET /session/2f3a3ed30178fd4b3e43ef29d6279727/element/f.8627BF333E87AC973E299D2132D92580.d.2D3F2541C04B5BB81C72C22BFFAD5B6A.e.22742/enabled - {}
COMMAND: GET /session/2f3a3ed30178fd4b3e43ef29d6279727/screenshot - {}
RESULT: {}
COMMAND: POST /session/2f3a3ed30178fd4b3e43ef29d6279727/element/f.8627BF333E87AC973E299D2132D92580.d.2D3F2541C04B5BB81C72C22BFFAD5B6A.e.22742/clear - {}
COMMAND: GET /session/2f3a3ed30178fd4b3e43ef29d6279727/screenshot - {}
RESULT: {}
RESULT: {}
COMMAND: POST /session/2f3a3ed30178fd4b3e43ef29d6279727/element/f.8627BF333E87AC973E299D2132D92580.d.2D3F2541C04B5BB81C72C22BFFAD5B6A.e.22742/value - {"text":"10628"}
COMMAND: GET /session/2f3a3ed30178fd4b3e43ef29d6279727/screenshot - {}
RESULT: {}
RESULT: {"text":"10628"}
COMMAND: GET /session/2f3a3ed30178fd4b3e43ef29d6279727/screenshot - {}
RESULT: {}
RESULT: {}
COMMAND: POST /session/2f3a3ed30178fd4b3e43ef29d6279727/actions - {"actions":[{"id":"action81","type":"key","parameters":{},"actions":[{"type":"keyDown","value":""},{"type":"pause","duration":10},{"type":"keyUp","value":""}]}]}
RESULT: {"actions":[{"id":"action81","type":"key","parameters":{},"actions":[{"type":"keyDown","value":""},{"type":"pause","duration":10},{"type":"keyUp","value":""}]}]}
COMMAND: GET /session/2f3a3ed30178fd4b3e43ef29d6279727/screenshot - {}
RESULT: {}
COMMAND: POST /session/2f3a3ed30178fd4b3e43ef29d6279727/element - {"using":"xpath","value":"//span[contains(@id, \"masterListContractsSmartTable-header-inner\")]"}
RESULT: {"using":"xpath","value":"//span[contains(@id, \"masterListContractsSmartTable-header-inner\")]"}
COMMAND: POST /session/2f3a3ed30178fd4b3e43ef29d6279727/elements - {"using":"xpath","value":"//span[contains(@id, \"masterListContractsSmartTable-header-inner\")]"}
RESULT: {"using":"xpath","value":"//span[contains(@id, \"masterListContractsSmartTable-header-inner\")]"}
COMMAND: POST /session/2f3a3ed30178fd4b3e43ef29d6279727/execute/sync - {"script":"<script> [56 bytes]","args":[{"element-6066-11e4-a52e-4f735466cecf":"f.8627BF333E87AC973E299D2132D92580.d.2D3F2541C04B5BB81C72C22BFFAD5B6A.e.22847","ELEMENT":"f.8627BF333E87AC973E299D2132D92580.d.2D3F2541C04B5BB81C72C22BFFAD5B6A.e.22847"}]}
RESULT: {"script":"<script> [56 bytes]","args":[{"element-6066-11e4-a52e-4f735466cecf":"f.8627BF333E87AC973E299D2132D92580.d.2D3F2541C04B5BB81C72C22BFFAD5B6A.e.22847","ELEMENT":"f.8627BF333E87AC973E299D2132D92580.d.2D3F2541C04B5BB81C72C22BFFAD5B6A.e.22847"}]}
COMMAND: POST /session/2f3a3ed30178fd4b3e43ef29d6279727/element - {"using":"xpath","value":"(//span[contains(@id, \"imgNav\")])[1]"}
COMMAND: GET /session/2f3a3ed30178fd4b3e43ef29d6279727/screenshot - {}
RESULT: {"using":"xpath","value":"(//span[contains(@id, \"imgNav\")])[1]"}
COMMAND: POST /session/2f3a3ed30178fd4b3e43ef29d6279727/element/f.8627BF333E87AC973E299D2132D92580.d.2D3F2541C04B5BB81C72C22BFFAD5B6A.e.22845/click - {}
RESULT: {}
RESULT: {}
COMMAND: GET /session/2f3a3ed30178fd4b3e43ef29d6279727/screenshot - {}
COMMAND: POST /session/2f3a3ed30178fd4b3e43ef29d6279727/element - {"using":"xpath","value":"//button[contains(@id, \"contractDetailReturnButton\")]"}
RESULT: {}
RESULT: {"using":"xpath","value":"//button[contains(@id, \"contractDetailReturnButton\")]"}
COMMAND: POST /session/2f3a3ed30178fd4b3e43ef29d6279727/element/f.8627BF333E87AC973E299D2132D92580.d.2D3F2541C04B5BB81C72C22BFFAD5B6A.e.22928/click - {}
RESULT: {}
COMMAND: GET /session/2f3a3ed30178fd4b3e43ef29d6279727/screenshot - {}
RESULT: undefined
COMMAND: POST /session/2f3a3ed30178fd4b3e43ef29d6279727/execute/async - {"script":"<script> [776 bytes]","args":[{"enterText":"05/07/25","selector":{"id":"application-managehandovers-display-component---AddNewHO--dueDate","interaction":{"idSuffix":"inner"}},"clearTextFirst":true,"interactionType":"ENTER_TEXT"}]}
RESULT: {}
RESULT: {"script":"<script> [776 bytes]","args":[{"enterText":"05/07/25","selector":{"id":"application-managehandovers-display-component---AddNewHO--dueDate","interaction":{"idSuffix":"inner"}},"clearTextFirst":true,"interactionType":"ENTER_TEXT"}]}
COMMAND: POST /session/2f3a3ed30178fd4b3e43ef29d6279727/element - {"using":"xpath","value":"//bdi[contains(text(), \"Instructions\")]"}
RESULT: {"using":"xpath","value":"//bdi[contains(text(), \"Instructions\")]"}
COMMAND: POST /session/2f3a3ed30178fd4b3e43ef29d6279727/element/f.8627BF333E87AC973E299D2132D92580.d.2D3F2541C04B5BB81C72C22BFFAD5B6A.e.23336/click - {}
RESULT: {}
COMMAND: GET /session/2f3a3ed30178fd4b3e43ef29d6279727/screenshot - {}
RESULT: {}
COMMAND: POST /session/2f3a3ed30178fd4b3e43ef29d6279727/element - {"using":"xpath","value":"//button[@data-kt=\"AddNewHOProvideAddItemsButton\"]"}
RESULT: {"using":"xpath","value":"//button[@data-kt=\"AddNewHOProvideAddItemsButton\"]"}
COMMAND: POST /session/2f3a3ed30178fd4b3e43ef29d6279727/element/f.8627BF333E87AC973E299D2132D92580.d.2D3F2541C04B5BB81C72C22BFFAD5B6A.e.23156/click - {}
RESULT: {}
COMMAND: GET /session/2f3a3ed30178fd4b3e43ef29d6279727/screenshot - {}
RESULT: {}
RESULT: undefined
COMMAND: POST /session/2f3a3ed30178fd4b3e43ef29d6279727/element - {"using":"xpath","value":"//*[@id=\"application-managehandovers-display-component---AddNewHO--popup-sa\"]"}
RESULT: {"using":"xpath","value":"//*[@id=\"application-managehandovers-display-component---AddNewHO--popup-sa\"]"}
COMMAND: POST /session/2f3a3ed30178fd4b3e43ef29d6279727/element/f.8627BF333E87AC973E299D2132D92580.d.2D3F2541C04B5BB81C72C22BFFAD5B6A.e.23350/click - {}
RESULT: {}
COMMAND: GET /session/2f3a3ed30178fd4b3e43ef29d6279727/screenshot - {}
RESULT: {}
COMMAND: POST /session/2f3a3ed30178fd4b3e43ef29d6279727/element - {"using":"xpath","value":"//*[contains(@id ,\"BDI-content\")][contains(text(), \"Select\")]"}
RESULT: {"using":"xpath","value":"//*[contains(@id ,\"BDI-content\")][contains(text(), \"Select\")]"}
COMMAND: POST /session/2f3a3ed30178fd4b3e43ef29d6279727/element/f.8627BF333E87AC973E299D2132D92580.d.2D3F2541C04B5BB81C72C22BFFAD5B6A.e.23352/click - {}
RESULT: {}
COMMAND: GET /session/2f3a3ed30178fd4b3e43ef29d6279727/screenshot - {}
RESULT: {}
COMMAND: POST /session/2f3a3ed30178fd4b3e43ef29d6279727/element - {"using":"xpath","value":"(//div[contains(@id, \"application-managehandovers-display-component---AddNewHO--oneStep-CbBg\")])"}
RESULT: {"using":"xpath","value":"(//div[contains(@id, \"application-managehandovers-display-component---AddNewHO--oneStep-CbBg\")])"}
COMMAND: POST /session/2f3a3ed30178fd4b3e43ef29d6279727/element/f.8627BF333E87AC973E299D2132D92580.d.2D3F2541C04B5BB81C72C22BFFAD5B6A.e.23360/click - {}
RESULT: {}
RESULT: undefined
COMMAND: POST /session/2f3a3ed30178fd4b3e43ef29d6279727/element - {"using":"xpath","value":"//*[@id=\"application-managehandovers-display-component---AddNewHO--confirmCreationButton\"]"}
COMMAND: GET /session/2f3a3ed30178fd4b3e43ef29d6279727/screenshot - {}
RESULT: {"using":"xpath","value":"//*[@id=\"application-managehandovers-display-component---AddNewHO--confirmCreationButton\"]"}
COMMAND: POST /session/2f3a3ed30178fd4b3e43ef29d6279727/element/f.8627BF333E87AC973E299D2132D92580.d.2D3F2541C04B5BB81C72C22BFFAD5B6A.e.23163/click - {}
RESULT: {}
RESULT: {}
COMMAND: GET /session/2f3a3ed30178fd4b3e43ef29d6279727/screenshot - {}
RESULT: {}
COMMAND: POST /session/2f3a3ed30178fd4b3e43ef29d6279727/element - {"using":"xpath","value":"//button[@data-kt=\"PickingTableConfirmAllButton\"]"}
RESULT: {"using":"xpath","value":"//button[@data-kt=\"PickingTableConfirmAllButton\"]"}
COMMAND: POST /session/2f3a3ed30178fd4b3e43ef29d6279727/element/f.8627BF333E87AC973E299D2132D92580.d.2D3F2541C04B5BB81C72C22BFFAD5B6A.e.23388/click - {}
COMMAND: POST /session/2f3a3ed30178fd4b3e43ef29d6279727/element - {"using":"xpath","value":"//button[@data-kt=\"PickingTableConfirmAllButton\"]"}
RESULT: {"using":"xpath","value":"//button[@data-kt=\"PickingTableConfirmAllButton\"]"}
COMMAND: POST /session/2f3a3ed30178fd4b3e43ef29d6279727/element/f.8627BF333E87AC973E299D2132D92580.d.2D3F2541C04B5BB81C72C22BFFAD5B6A.e.23388/click - {}
COMMAND: POST /session/2f3a3ed30178fd4b3e43ef29d6279727/element - {"using":"xpath","value":"//button[@data-kt=\"PickingTableConfirmAllButton\"]"}
RESULT: {"using":"xpath","value":"//button[@data-kt=\"PickingTableConfirmAllButton\"]"}
COMMAND: POST /session/2f3a3ed30178fd4b3e43ef29d6279727/element/f.8627BF333E87AC973E299D2132D92580.d.2D3F2541C04B5BB81C72C22BFFAD5B6A.e.23406/click - {}
RESULT: {}
COMMAND: GET /session/2f3a3ed30178fd4b3e43ef29d6279727/screenshot - {}
RESULT: {}
COMMAND: POST /session/2f3a3ed30178fd4b3e43ef29d6279727/element - {"using":"xpath","value":"//bdi[contains(text(), \"OK\")]"}
RESULT: {"using":"xpath","value":"//bdi[contains(text(), \"OK\")]"}
COMMAND: POST /session/2f3a3ed30178fd4b3e43ef29d6279727/element/f.8627BF333E87AC973E299D2132D92580.d.2D3F2541C04B5BB81C72C22BFFAD5B6A.e.23409/click - {}
RESULT: {}
COMMAND: GET /session/2f3a3ed30178fd4b3e43ef29d6279727/screenshot - {}
RESULT: {}
COMMAND: POST /session/2f3a3ed30178fd4b3e43ef29d6279727/element - {"using":"xpath","value":"//button[@data-kt=\"execHoPickButton\"]"}
RESULT: {"using":"xpath","value":"//button[@data-kt=\"execHoPickButton\"]"}
COMMAND: POST /session/2f3a3ed30178fd4b3e43ef29d6279727/element/f.8627BF333E87AC973E299D2132D92580.d.2D3F2541C04B5BB81C72C22BFFAD5B6A.e.23410/click - {}
RESULT: {}
COMMAND: GET /session/2f3a3ed30178fd4b3e43ef29d6279727/screenshot - {}
RESULT: {}
COMMAND: POST /session/2f3a3ed30178fd4b3e43ef29d6279727/element - {"using":"xpath","value":"//span[contains(@id ,\"filterItemControl_BASIC-SEND_CONTRACT-vhi\")]"}
RESULT: {"using":"xpath","value":"//span[contains(@id ,\"filterItemControl_BASIC-SEND_CONTRACT-vhi\")]"}
COMMAND: POST /session/2f3a3ed30178fd4b3e43ef29d6279727/element/f.8627BF333E87AC973E299D2132D92580.d.2D3F2541C04B5BB81C72C22BFFAD5B6A.e.23786/click - {}
RESULT: {}
COMMAND: GET /session/2f3a3ed30178fd4b3e43ef29d6279727/screenshot - {}
RESULT: {}
RESULT: undefined
COMMAND: POST /session/2f3a3ed30178fd4b3e43ef29d6279727/execute/async - {"script":"<script> [776 bytes]","args":[{"enterText":"10628","selector":{"controlType":"sap.m.SearchField","viewName":"etm.portal.ui.managehandovers.view.MasterHO","bindingPath":{"path":"","propertyPath":"/_BASIC_SEARCH_FIELD","modelName":"fi1t3rM0d31"},"searchOpenDialogs":true,"interaction":{"idSuffix":"I"}},"clearTextFirst":true,"interactionType":"ENTER_TEXT"}]}
RESULT: {"script":"<script> [776 bytes]","args":[{"enterText":"10628","selector":{"controlType":"sap.m.SearchField","viewName":"etm.portal.ui.managehandovers.view.MasterHO","bindingPath":{"path":"","propertyPath":"/_BASIC_SEARCH_FIELD","modelName":"fi1t3rM0d31"},"searchOpenDialogs":true,"interaction":{"idSuffix":"I"}},"clearTextFirst":true,"interactionType":"ENTER_TEXT"}]}
COMMAND: POST /session/2f3a3ed30178fd4b3e43ef29d6279727/actions - {"actions":[{"id":"action82","type":"key","parameters":{},"actions":[{"type":"keyDown","value":""},{"type":"pause","duration":10},{"type":"keyUp","value":""}]}]}
RESULT: {"actions":[{"id":"action82","type":"key","parameters":{},"actions":[{"type":"keyDown","value":""},{"type":"pause","duration":10},{"type":"keyUp","value":""}]}]}
COMMAND: GET /session/2f3a3ed30178fd4b3e43ef29d6279727/screenshot - {}
RESULT: {}
COMMAND: POST /session/2f3a3ed30178fd4b3e43ef29d6279727/element - {"using":"xpath","value":"//div[contains(@id, 'filterItemControl_BASIC-SEND_CONTRACT-valueHelpDialog-table-rowsel0')]"}
RESULT: {"using":"xpath","value":"//div[contains(@id, 'filterItemControl_BASIC-SEND_CONTRACT-valueHelpDialog-table-rowsel0')]"}
COMMAND: POST /session/2f3a3ed30178fd4b3e43ef29d6279727/element/f.8627BF333E87AC973E299D2132D92580.d.2D3F2541C04B5BB81C72C22BFFAD5B6A.e.23795/click - {}
RESULT: {}
COMMAND: GET /session/2f3a3ed30178fd4b3e43ef29d6279727/screenshot - {}
RESULT: {}
COMMAND: POST /session/2f3a3ed30178fd4b3e43ef29d6279727/element - {"using":"xpath","value":"//bdi[contains(text(), \"OK\")]"}
RESULT: {"using":"xpath","value":"//bdi[contains(text(), \"OK\")]"}
COMMAND: POST /session/2f3a3ed30178fd4b3e43ef29d6279727/element/f.8627BF333E87AC973E299D2132D92580.d.2D3F2541C04B5BB81C72C22BFFAD5B6A.e.23797/click - {}
RESULT: {}
COMMAND: GET /session/2f3a3ed30178fd4b3e43ef29d6279727/screenshot - {}
RESULT: {}
COMMAND: POST /session/2f3a3ed30178fd4b3e43ef29d6279727/element - {"using":"xpath","value":"//span[contains(@id, \"smartTable-header-inner\")]"}
RESULT: {"using":"xpath","value":"//span[contains(@id, \"smartTable-header-inner\")]"}
COMMAND: POST /session/2f3a3ed30178fd4b3e43ef29d6279727/elements - {"using":"xpath","value":"//span[contains(@id, \"smartTable-header-inner\")]"}
RESULT: {"using":"xpath","value":"//span[contains(@id, \"smartTable-header-inner\")]"}
COMMAND: POST /session/2f3a3ed30178fd4b3e43ef29d6279727/execute/sync - {"script":"<script> [56 bytes]","args":[{"element-6066-11e4-a52e-4f735466cecf":"f.8627BF333E87AC973E299D2132D92580.d.2D3F2541C04B5BB81C72C22BFFAD5B6A.e.23808","ELEMENT":"f.8627BF333E87AC973E299D2132D92580.d.2D3F2541C04B5BB81C72C22BFFAD5B6A.e.23808"}]}
RESULT: {"script":"<script> [56 bytes]","args":[{"element-6066-11e4-a52e-4f735466cecf":"f.8627BF333E87AC973E299D2132D92580.d.2D3F2541C04B5BB81C72C22BFFAD5B6A.e.23808","ELEMENT":"f.8627BF333E87AC973E299D2132D92580.d.2D3F2541C04B5BB81C72C22BFFAD5B6A.e.23808"}]}
COMMAND: POST /session/2f3a3ed30178fd4b3e43ef29d6279727/element - {"using":"xpath","value":"//table[contains(@id, \"customHandovers\")]//tbody/tr[1]/td[2]/span"}
COMMAND: GET /session/2f3a3ed30178fd4b3e43ef29d6279727/screenshot - {}
RESULT: {"using":"xpath","value":"//table[contains(@id, \"customHandovers\")]//tbody/tr[1]/td[2]/span"}
COMMAND: POST /session/2f3a3ed30178fd4b3e43ef29d6279727/execute/sync - {"script":"<script> [56 bytes]","args":[{"element-6066-11e4-a52e-4f735466cecf":"f.8627BF333E87AC973E299D2132D92580.d.2D3F2541C04B5BB81C72C22BFFAD5B6A.e.23809","ELEMENT":"f.8627BF333E87AC973E299D2132D92580.d.2D3F2541C04B5BB81C72C22BFFAD5B6A.e.23809"}]}
RESULT: {}
RESULT: {"script":"<script> [56 bytes]","args":[{"element-6066-11e4-a52e-4f735466cecf":"f.8627BF333E87AC973E299D2132D92580.d.2D3F2541C04B5BB81C72C22BFFAD5B6A.e.23809","ELEMENT":"f.8627BF333E87AC973E299D2132D92580.d.2D3F2541C04B5BB81C72C22BFFAD5B6A.e.23809"}]}
COMMAND: POST /session/2f3a3ed30178fd4b3e43ef29d6279727/element - {"using":"xpath","value":"(//span[contains(@id, \"imgNav\")])[1]"}
COMMAND: GET /session/2f3a3ed30178fd4b3e43ef29d6279727/screenshot - {}
RESULT: {"using":"xpath","value":"(//span[contains(@id, \"imgNav\")])[1]"}
COMMAND: POST /session/2f3a3ed30178fd4b3e43ef29d6279727/element/f.8627BF333E87AC973E299D2132D92580.d.2D3F2541C04B5BB81C72C22BFFAD5B6A.e.23624/click - {}
RESULT: {}
RESULT: {}
COMMAND: GET /session/2f3a3ed30178fd4b3e43ef29d6279727/screenshot - {}
RESULT: {}
COMMAND: POST /session/2f3a3ed30178fd4b3e43ef29d6279727/element - {"using":"xpath","value":"//button[@data-kt=\"PickingTableConfirmAllButton\"]"}
RESULT: {"using":"xpath","value":"//button[@data-kt=\"PickingTableConfirmAllButton\"]"}
COMMAND: POST /session/2f3a3ed30178fd4b3e43ef29d6279727/element/f.8627BF333E87AC973E299D2132D92580.d.2D3F2541C04B5BB81C72C22BFFAD5B6A.e.23850/click - {}
RESULT: {}
COMMAND: GET /session/2f3a3ed30178fd4b3e43ef29d6279727/screenshot - {}
RESULT: {}
COMMAND: POST /session/2f3a3ed30178fd4b3e43ef29d6279727/element - {"using":"xpath","value":"//bdi[contains(text(), \"OK\")]"}
RESULT: {"using":"xpath","value":"//bdi[contains(text(), \"OK\")]"}
COMMAND: POST /session/2f3a3ed30178fd4b3e43ef29d6279727/element/f.8627BF333E87AC973E299D2132D92580.d.2D3F2541C04B5BB81C72C22BFFAD5B6A.e.23861/click - {}
RESULT: {}
COMMAND: GET /session/2f3a3ed30178fd4b3e43ef29d6279727/screenshot - {}
RESULT: {}
COMMAND: POST /session/2f3a3ed30178fd4b3e43ef29d6279727/element - {"using":"xpath","value":"//button[@data-kt=\"execHoIssueButton\"]"}
RESULT: {"using":"xpath","value":"//button[@data-kt=\"execHoIssueButton\"]"}
COMMAND: POST /session/2f3a3ed30178fd4b3e43ef29d6279727/element/f.8627BF333E87AC973E299D2132D92580.d.2D3F2541C04B5BB81C72C22BFFAD5B6A.e.23863/click - {}
RESULT: {}
COMMAND: GET /session/2f3a3ed30178fd4b3e43ef29d6279727/screenshot - {}
RESULT: {}
COMMAND: POST /session/2f3a3ed30178fd4b3e43ef29d6279727/element - {"using":"xpath","value":"//input[contains(@id ,\"smartFilterBar-btnBasicSearch-I\")]"}
RESULT: {"using":"xpath","value":"//input[contains(@id ,\"smartFilterBar-btnBasicSearch-I\")]"}
COMMAND: POST /session/2f3a3ed30178fd4b3e43ef29d6279727/elements - {"using":"xpath","value":"//input[contains(@id ,\"smartFilterBar-btnBasicSearch-I\")]"}
RESULT: {"using":"xpath","value":"//input[contains(@id ,\"smartFilterBar-btnBasicSearch-I\")]"}
COMMAND: POST /session/2f3a3ed30178fd4b3e43ef29d6279727/execute/sync - {"script":"<script> [8489 bytes]","args":[{"element-6066-11e4-a52e-4f735466cecf":"f.8627BF333E87AC973E299D2132D92580.d.2D3F2541C04B5BB81C72C22BFFAD5B6A.e.23086","ELEMENT":"f.8627BF333E87AC973E299D2132D92580.d.2D3F2541C04B5BB81C72C22BFFAD5B6A.e.23086"}]}
RESULT: {"script":"<script> [8489 bytes]","args":[{"element-6066-11e4-a52e-4f735466cecf":"f.8627BF333E87AC973E299D2132D92580.d.2D3F2541C04B5BB81C72C22BFFAD5B6A.e.23086","ELEMENT":"f.8627BF333E87AC973E299D2132D92580.d.2D3F2541C04B5BB81C72C22BFFAD5B6A.e.23086"}]}
COMMAND: GET /session/2f3a3ed30178fd4b3e43ef29d6279727/element/f.8627BF333E87AC973E299D2132D92580.d.2D3F2541C04B5BB81C72C22BFFAD5B6A.e.23086/enabled - {}
COMMAND: GET /session/2f3a3ed30178fd4b3e43ef29d6279727/screenshot - {}
RESULT: {}
COMMAND: POST /session/2f3a3ed30178fd4b3e43ef29d6279727/element/f.8627BF333E87AC973E299D2132D92580.d.2D3F2541C04B5BB81C72C22BFFAD5B6A.e.23086/clear - {}
COMMAND: GET /session/2f3a3ed30178fd4b3e43ef29d6279727/screenshot - {}
RESULT: {}
RESULT: {}
COMMAND: POST /session/2f3a3ed30178fd4b3e43ef29d6279727/element/f.8627BF333E87AC973E299D2132D92580.d.2D3F2541C04B5BB81C72C22BFFAD5B6A.e.23086/value - {"text":"31138"}
COMMAND: GET /session/2f3a3ed30178fd4b3e43ef29d6279727/screenshot - {}
RESULT: {}
RESULT: {"text":"31138"}
COMMAND: GET /session/2f3a3ed30178fd4b3e43ef29d6279727/screenshot - {}
RESULT: {}
RESULT: {}
COMMAND: POST /session/2f3a3ed30178fd4b3e43ef29d6279727/actions - {"actions":[{"id":"action83","type":"key","parameters":{},"actions":[{"type":"keyDown","value":""},{"type":"pause","duration":10},{"type":"keyUp","value":""}]}]}
RESULT: {"actions":[{"id":"action83","type":"key","parameters":{},"actions":[{"type":"keyDown","value":""},{"type":"pause","duration":10},{"type":"keyUp","value":""}]}]}
COMMAND: GET /session/2f3a3ed30178fd4b3e43ef29d6279727/screenshot - {}
RESULT: {}
COMMAND: POST /session/2f3a3ed30178fd4b3e43ef29d6279727/element - {"using":"xpath","value":"//span[contains(@id, \"smartTable-header-inner\")]"}
RESULT: {"using":"xpath","value":"//span[contains(@id, \"smartTable-header-inner\")]"}
COMMAND: POST /session/2f3a3ed30178fd4b3e43ef29d6279727/elements - {"using":"xpath","value":"//span[contains(@id, \"smartTable-header-inner\")]"}
RESULT: {"using":"xpath","value":"//span[contains(@id, \"smartTable-header-inner\")]"}
COMMAND: POST /session/2f3a3ed30178fd4b3e43ef29d6279727/execute/sync - {"script":"<script> [56 bytes]","args":[{"element-6066-11e4-a52e-4f735466cecf":"f.8627BF333E87AC973E299D2132D92580.d.2D3F2541C04B5BB81C72C22BFFAD5B6A.e.23808","ELEMENT":"f.8627BF333E87AC973E299D2132D92580.d.2D3F2541C04B5BB81C72C22BFFAD5B6A.e.23808"}]}
RESULT: {"script":"<script> [56 bytes]","args":[{"element-6066-11e4-a52e-4f735466cecf":"f.8627BF333E87AC973E299D2132D92580.d.2D3F2541C04B5BB81C72C22BFFAD5B6A.e.23808","ELEMENT":"f.8627BF333E87AC973E299D2132D92580.d.2D3F2541C04B5BB81C72C22BFFAD5B6A.e.23808"}]}
COMMAND: POST /session/2f3a3ed30178fd4b3e43ef29d6279727/elements - {"using":"xpath","value":"//thead[contains(@class, \"sapMTableTH\")]/tr/th"}
COMMAND: GET /session/2f3a3ed30178fd4b3e43ef29d6279727/screenshot - {}
RESULT: {"using":"xpath","value":"//thead[contains(@class, \"sapMTableTH\")]/tr/th"}
COMMAND: GET /session/2f3a3ed30178fd4b3e43ef29d6279727/element/f.8627BF333E87AC973E299D2132D92580.d.2D3F2541C04B5BB81C72C22BFFAD5B6A.e.23910/text - {}
RESULT: {}
RESULT: {}
COMMAND: GET /session/2f3a3ed30178fd4b3e43ef29d6279727/element/f.8627BF333E87AC973E299D2132D92580.d.2D3F2541C04B5BB81C72C22BFFAD5B6A.e.23911/text - {}
RESULT: {}
COMMAND: GET /session/2f3a3ed30178fd4b3e43ef29d6279727/element/f.8627BF333E87AC973E299D2132D92580.d.2D3F2541C04B5BB81C72C22BFFAD5B6A.e.23130/text - {}
RESULT: {}
COMMAND: GET /session/2f3a3ed30178fd4b3e43ef29d6279727/element/f.8627BF333E87AC973E299D2132D92580.d.2D3F2541C04B5BB81C72C22BFFAD5B6A.e.23132/text - {}
RESULT: {}
COMMAND: GET /session/2f3a3ed30178fd4b3e43ef29d6279727/element/f.8627BF333E87AC973E299D2132D92580.d.2D3F2541C04B5BB81C72C22BFFAD5B6A.e.23865/text - {}
RESULT: {}
COMMAND: GET /session/2f3a3ed30178fd4b3e43ef29d6279727/element/f.8627BF333E87AC973E299D2132D92580.d.2D3F2541C04B5BB81C72C22BFFAD5B6A.e.23866/text - {}
RESULT: {}
COMMAND: GET /session/2f3a3ed30178fd4b3e43ef29d6279727/element/f.8627BF333E87AC973E299D2132D92580.d.2D3F2541C04B5BB81C72C22BFFAD5B6A.e.23867/text - {}
RESULT: {}
COMMAND: GET /session/2f3a3ed30178fd4b3e43ef29d6279727/element/f.8627BF333E87AC973E299D2132D92580.d.2D3F2541C04B5BB81C72C22BFFAD5B6A.e.23868/text - {}
RESULT: {}
COMMAND: GET /session/2f3a3ed30178fd4b3e43ef29d6279727/element/f.8627BF333E87AC973E299D2132D92580.d.2D3F2541C04B5BB81C72C22BFFAD5B6A.e.23869/text - {}
RESULT: {}
COMMAND: GET /session/2f3a3ed30178fd4b3e43ef29d6279727/element/f.8627BF333E87AC973E299D2132D92580.d.2D3F2541C04B5BB81C72C22BFFAD5B6A.e.23870/text - {}
RESULT: {}
COMMAND: GET /session/2f3a3ed30178fd4b3e43ef29d6279727/element/f.8627BF333E87AC973E299D2132D92580.d.2D3F2541C04B5BB81C72C22BFFAD5B6A.e.23871/text - {}
RESULT: {}
COMMAND: GET /session/2f3a3ed30178fd4b3e43ef29d6279727/element/f.8627BF333E87AC973E299D2132D92580.d.2D3F2541C04B5BB81C72C22BFFAD5B6A.e.23872/text - {}
RESULT: {}
COMMAND: GET /session/2f3a3ed30178fd4b3e43ef29d6279727/element/f.8627BF333E87AC973E299D2132D92580.d.2D3F2541C04B5BB81C72C22BFFAD5B6A.e.23873/text - {}
RESULT: {}
COMMAND: GET /session/2f3a3ed30178fd4b3e43ef29d6279727/element/f.8627BF333E87AC973E299D2132D92580.d.2D3F2541C04B5BB81C72C22BFFAD5B6A.e.23133/text - {}
RESULT: {}
COMMAND: POST /session/2f3a3ed30178fd4b3e43ef29d6279727/element - {"using":"xpath","value":"//tbody[contains(@id, \"customHandoversTable-tblBody\")]/tr[1]/td[14]/div/span"}
RESULT: {"using":"xpath","value":"//tbody[contains(@id, \"customHandoversTable-tblBody\")]/tr[1]/td[14]/div/span"}
COMMAND: POST /session/2f3a3ed30178fd4b3e43ef29d6279727/execute/sync - {"script":"<script> [56 bytes]","args":[{"element-6066-11e4-a52e-4f735466cecf":"f.8627BF333E87AC973E299D2132D92580.d.2D3F2541C04B5BB81C72C22BFFAD5B6A.e.23964","ELEMENT":"f.8627BF333E87AC973E299D2132D92580.d.2D3F2541C04B5BB81C72C22BFFAD5B6A.e.23964"}]}
RESULT: {"script":"<script> [56 bytes]","args":[{"element-6066-11e4-a52e-4f735466cecf":"f.8627BF333E87AC973E299D2132D92580.d.2D3F2541C04B5BB81C72C22BFFAD5B6A.e.23964","ELEMENT":"f.8627BF333E87AC973E299D2132D92580.d.2D3F2541C04B5BB81C72C22BFFAD5B6A.e.23964"}]}
COMMAND: POST /session/2f3a3ed30178fd4b3e43ef29d6279727/element - {"using":"xpath","value":"(//span[contains(@id, \"imgNav\")])[1]"}
COMMAND: GET /session/2f3a3ed30178fd4b3e43ef29d6279727/screenshot - {}
RESULT: {"using":"xpath","value":"(//span[contains(@id, \"imgNav\")])[1]"}
COMMAND: POST /session/2f3a3ed30178fd4b3e43ef29d6279727/element/f.8627BF333E87AC973E299D2132D92580.d.2D3F2541C04B5BB81C72C22BFFAD5B6A.e.23906/click - {}
RESULT: {}
RESULT: {}
COMMAND: GET /session/2f3a3ed30178fd4b3e43ef29d6279727/screenshot - {}
RESULT: {}
RESULT: undefined
COMMAND: POST /session/2f3a3ed30178fd4b3e43ef29d6279727/execute/async - {"script":"<script> [776 bytes]","args":[{"enterText":"05/14/25","selector":{"id":"receiptDatePicker","viewName":"etm.portal.ui.managehandovers.view.DetailExecuteHO","interaction":{"idSuffix":"inner"}},"clearTextFirst":true,"interactionType":"ENTER_TEXT"}]}
RESULT: {"script":"<script> [776 bytes]","args":[{"enterText":"05/14/25","selector":{"id":"receiptDatePicker","viewName":"etm.portal.ui.managehandovers.view.DetailExecuteHO","interaction":{"idSuffix":"inner"}},"clearTextFirst":true,"interactionType":"ENTER_TEXT"}]}
COMMAND: POST /session/2f3a3ed30178fd4b3e43ef29d6279727/element - {"using":"xpath","value":"//bdi[contains(text(), \"OK\")]"}
RESULT: {"using":"xpath","value":"//bdi[contains(text(), \"OK\")]"}
COMMAND: POST /session/2f3a3ed30178fd4b3e43ef29d6279727/element/f.8627BF333E87AC973E299D2132D92580.d.2D3F2541C04B5BB81C72C22BFFAD5B6A.e.23991/click - {}
RESULT: {}
COMMAND: GET /session/2f3a3ed30178fd4b3e43ef29d6279727/screenshot - {}
RESULT: {}
COMMAND: POST /session/2f3a3ed30178fd4b3e43ef29d6279727/element - {"using":"xpath","value":"//button[@data-kt=\"PickingTableConfirmAllButton\"]"}
RESULT: {"using":"xpath","value":"//button[@data-kt=\"PickingTableConfirmAllButton\"]"}
COMMAND: POST /session/2f3a3ed30178fd4b3e43ef29d6279727/element/f.8627BF333E87AC973E299D2132D92580.d.2D3F2541C04B5BB81C72C22BFFAD5B6A.e.23976/click - {}
RESULT: {}
COMMAND: GET /session/2f3a3ed30178fd4b3e43ef29d6279727/screenshot - {}
RESULT: {}
COMMAND: POST /session/2f3a3ed30178fd4b3e43ef29d6279727/element - {"using":"xpath","value":"//bdi[contains(text(), \"OK\")]"}
RESULT: {"using":"xpath","value":"//bdi[contains(text(), \"OK\")]"}
COMMAND: POST /session/2f3a3ed30178fd4b3e43ef29d6279727/element/f.8627BF333E87AC973E299D2132D92580.d.2D3F2541C04B5BB81C72C22BFFAD5B6A.e.24006/click - {}
RESULT: {}
COMMAND: GET /session/2f3a3ed30178fd4b3e43ef29d6279727/screenshot - {}
RESULT: {}
COMMAND: POST /session/2f3a3ed30178fd4b3e43ef29d6279727/element - {"using":"xpath","value":"//button[@data-kt= \"execHoReceiveButton\"]"}
RESULT: {"using":"xpath","value":"//button[@data-kt= \"execHoReceiveButton\"]"}
COMMAND: POST /session/2f3a3ed30178fd4b3e43ef29d6279727/element/f.8627BF333E87AC973E299D2132D92580.d.2D3F2541C04B5BB81C72C22BFFAD5B6A.e.24007/click - {}
RESULT: {}
COMMAND: GET /session/2f3a3ed30178fd4b3e43ef29d6279727/screenshot - {}
RESULT: {}
COMMAND: POST /session/2f3a3ed30178fd4b3e43ef29d6279727/element - {"using":"xpath","value":"//input[contains(@id ,\"smartFilterBar-btnBasicSearch-I\")]"}
RESULT: {"using":"xpath","value":"//input[contains(@id ,\"smartFilterBar-btnBasicSearch-I\")]"}
COMMAND: POST /session/2f3a3ed30178fd4b3e43ef29d6279727/elements - {"using":"xpath","value":"//input[contains(@id ,\"smartFilterBar-btnBasicSearch-I\")]"}
RESULT: {"using":"xpath","value":"//input[contains(@id ,\"smartFilterBar-btnBasicSearch-I\")]"}
COMMAND: POST /session/2f3a3ed30178fd4b3e43ef29d6279727/execute/sync - {"script":"<script> [8489 bytes]","args":[{"element-6066-11e4-a52e-4f735466cecf":"f.8627BF333E87AC973E299D2132D92580.d.2D3F2541C04B5BB81C72C22BFFAD5B6A.e.23086","ELEMENT":"f.8627BF333E87AC973E299D2132D92580.d.2D3F2541C04B5BB81C72C22BFFAD5B6A.e.23086"}]}
RESULT: {"script":"<script> [8489 bytes]","args":[{"element-6066-11e4-a52e-4f735466cecf":"f.8627BF333E87AC973E299D2132D92580.d.2D3F2541C04B5BB81C72C22BFFAD5B6A.e.23086","ELEMENT":"f.8627BF333E87AC973E299D2132D92580.d.2D3F2541C04B5BB81C72C22BFFAD5B6A.e.23086"}]}
COMMAND: GET /session/2f3a3ed30178fd4b3e43ef29d6279727/element/f.8627BF333E87AC973E299D2132D92580.d.2D3F2541C04B5BB81C72C22BFFAD5B6A.e.23086/enabled - {}
COMMAND: GET /session/2f3a3ed30178fd4b3e43ef29d6279727/screenshot - {}
RESULT: {}
COMMAND: POST /session/2f3a3ed30178fd4b3e43ef29d6279727/element/f.8627BF333E87AC973E299D2132D92580.d.2D3F2541C04B5BB81C72C22BFFAD5B6A.e.23086/clear - {}
COMMAND: GET /session/2f3a3ed30178fd4b3e43ef29d6279727/screenshot - {}
RESULT: {}
RESULT: {}
COMMAND: POST /session/2f3a3ed30178fd4b3e43ef29d6279727/element/f.8627BF333E87AC973E299D2132D92580.d.2D3F2541C04B5BB81C72C22BFFAD5B6A.e.23086/value - {"text":"31138"}
COMMAND: GET /session/2f3a3ed30178fd4b3e43ef29d6279727/screenshot - {}
RESULT: {}
RESULT: {"text":"31138"}
COMMAND: GET /session/2f3a3ed30178fd4b3e43ef29d6279727/screenshot - {}
RESULT: {}
RESULT: {}
COMMAND: POST /session/2f3a3ed30178fd4b3e43ef29d6279727/actions - {"actions":[{"id":"action84","type":"key","parameters":{},"actions":[{"type":"keyDown","value":""},{"type":"pause","duration":10},{"type":"keyUp","value":""}]}]}
RESULT: {"actions":[{"id":"action84","type":"key","parameters":{},"actions":[{"type":"keyDown","value":""},{"type":"pause","duration":10},{"type":"keyUp","value":""}]}]}
COMMAND: GET /session/2f3a3ed30178fd4b3e43ef29d6279727/screenshot - {}
RESULT: {}
COMMAND: POST /session/2f3a3ed30178fd4b3e43ef29d6279727/element - {"using":"xpath","value":"//span[contains(@id, \"smartTable-header-inner\")]"}
RESULT: {"using":"xpath","value":"//span[contains(@id, \"smartTable-header-inner\")]"}
COMMAND: POST /session/2f3a3ed30178fd4b3e43ef29d6279727/elements - {"using":"xpath","value":"//span[contains(@id, \"smartTable-header-inner\")]"}
RESULT: {"using":"xpath","value":"//span[contains(@id, \"smartTable-header-inner\")]"}
COMMAND: POST /session/2f3a3ed30178fd4b3e43ef29d6279727/execute/sync - {"script":"<script> [56 bytes]","args":[{"element-6066-11e4-a52e-4f735466cecf":"f.8627BF333E87AC973E299D2132D92580.d.2D3F2541C04B5BB81C72C22BFFAD5B6A.e.23808","ELEMENT":"f.8627BF333E87AC973E299D2132D92580.d.2D3F2541C04B5BB81C72C22BFFAD5B6A.e.23808"}]}
RESULT: {"script":"<script> [56 bytes]","args":[{"element-6066-11e4-a52e-4f735466cecf":"f.8627BF333E87AC973E299D2132D92580.d.2D3F2541C04B5BB81C72C22BFFAD5B6A.e.23808","ELEMENT":"f.8627BF333E87AC973E299D2132D92580.d.2D3F2541C04B5BB81C72C22BFFAD5B6A.e.23808"}]}
COMMAND: POST /session/2f3a3ed30178fd4b3e43ef29d6279727/elements - {"using":"xpath","value":"//thead[contains(@class, \"sapMTableTH\")]/tr/th"}
COMMAND: GET /session/2f3a3ed30178fd4b3e43ef29d6279727/screenshot - {}
RESULT: {"using":"xpath","value":"//thead[contains(@class, \"sapMTableTH\")]/tr/th"}
COMMAND: GET /session/2f3a3ed30178fd4b3e43ef29d6279727/element/f.8627BF333E87AC973E299D2132D92580.d.2D3F2541C04B5BB81C72C22BFFAD5B6A.e.23910/text - {}
RESULT: {}
RESULT: {}
COMMAND: GET /session/2f3a3ed30178fd4b3e43ef29d6279727/element/f.8627BF333E87AC973E299D2132D92580.d.2D3F2541C04B5BB81C72C22BFFAD5B6A.e.23911/text - {}
RESULT: {}
COMMAND: GET /session/2f3a3ed30178fd4b3e43ef29d6279727/element/f.8627BF333E87AC973E299D2132D92580.d.2D3F2541C04B5BB81C72C22BFFAD5B6A.e.23130/text - {}
RESULT: {}
COMMAND: GET /session/2f3a3ed30178fd4b3e43ef29d6279727/element/f.8627BF333E87AC973E299D2132D92580.d.2D3F2541C04B5BB81C72C22BFFAD5B6A.e.23132/text - {}
RESULT: {}
COMMAND: GET /session/2f3a3ed30178fd4b3e43ef29d6279727/element/f.8627BF333E87AC973E299D2132D92580.d.2D3F2541C04B5BB81C72C22BFFAD5B6A.e.24011/text - {}
RESULT: {}
COMMAND: GET /session/2f3a3ed30178fd4b3e43ef29d6279727/element/f.8627BF333E87AC973E299D2132D92580.d.2D3F2541C04B5BB81C72C22BFFAD5B6A.e.24012/text - {}
RESULT: {}
COMMAND: GET /session/2f3a3ed30178fd4b3e43ef29d6279727/element/f.8627BF333E87AC973E299D2132D92580.d.2D3F2541C04B5BB81C72C22BFFAD5B6A.e.24013/text - {}
RESULT: {}
COMMAND: GET /session/2f3a3ed30178fd4b3e43ef29d6279727/element/f.8627BF333E87AC973E299D2132D92580.d.2D3F2541C04B5BB81C72C22BFFAD5B6A.e.24014/text - {}
RESULT: {}
COMMAND: GET /session/2f3a3ed30178fd4b3e43ef29d6279727/element/f.8627BF333E87AC973E299D2132D92580.d.2D3F2541C04B5BB81C72C22BFFAD5B6A.e.24015/text - {}
RESULT: {}
COMMAND: GET /session/2f3a3ed30178fd4b3e43ef29d6279727/element/f.8627BF333E87AC973E299D2132D92580.d.2D3F2541C04B5BB81C72C22BFFAD5B6A.e.24016/text - {}
RESULT: {}
COMMAND: GET /session/2f3a3ed30178fd4b3e43ef29d6279727/element/f.8627BF333E87AC973E299D2132D92580.d.2D3F2541C04B5BB81C72C22BFFAD5B6A.e.24017/text - {}
RESULT: {}
COMMAND: GET /session/2f3a3ed30178fd4b3e43ef29d6279727/element/f.8627BF333E87AC973E299D2132D92580.d.2D3F2541C04B5BB81C72C22BFFAD5B6A.e.24018/text - {}
RESULT: {}
COMMAND: GET /session/2f3a3ed30178fd4b3e43ef29d6279727/element/f.8627BF333E87AC973E299D2132D92580.d.2D3F2541C04B5BB81C72C22BFFAD5B6A.e.24019/text - {}
RESULT: {}
COMMAND: GET /session/2f3a3ed30178fd4b3e43ef29d6279727/element/f.8627BF333E87AC973E299D2132D92580.d.2D3F2541C04B5BB81C72C22BFFAD5B6A.e.23133/text - {}
RESULT: {}
COMMAND: POST /session/2f3a3ed30178fd4b3e43ef29d6279727/element - {"using":"xpath","value":"//tbody[contains(@id, \"customHandoversTable-tblBody\")]/tr[1]/td[14]/div/span"}
RESULT: {"using":"xpath","value":"//tbody[contains(@id, \"customHandoversTable-tblBody\")]/tr[1]/td[14]/div/span"}
COMMAND: POST /session/2f3a3ed30178fd4b3e43ef29d6279727/execute/sync - {"script":"<script> [56 bytes]","args":[{"element-6066-11e4-a52e-4f735466cecf":"f.8627BF333E87AC973E299D2132D92580.d.2D3F2541C04B5BB81C72C22BFFAD5B6A.e.24064","ELEMENT":"f.8627BF333E87AC973E299D2132D92580.d.2D3F2541C04B5BB81C72C22BFFAD5B6A.e.24064"}]}
RESULT: {"script":"<script> [56 bytes]","args":[{"element-6066-11e4-a52e-4f735466cecf":"f.8627BF333E87AC973E299D2132D92580.d.2D3F2541C04B5BB81C72C22BFFAD5B6A.e.24064","ELEMENT":"f.8627BF333E87AC973E299D2132D92580.d.2D3F2541C04B5BB81C72C22BFFAD5B6A.e.24064"}]}
COMMAND: POST /session/2f3a3ed30178fd4b3e43ef29d6279727/element - {"using":"css selector","value":"#shell-header-logo"}
COMMAND: GET /session/2f3a3ed30178fd4b3e43ef29d6279727/screenshot - {}
RESULT: {"using":"css selector","value":"#shell-header-logo"}
COMMAND: POST /session/2f3a3ed30178fd4b3e43ef29d6279727/element/f.8627BF333E87AC973E299D2132D92580.d.2D3F2541C04B5BB81C72C22BFFAD5B6A.e.22734/click - {}
RESULT: {}
RESULT: {}
COMMAND: GET /session/2f3a3ed30178fd4b3e43ef29d6279727/screenshot - {}
RESULT: {}
]]></system-out>
    </testcase>
    <testcase classname="chrome.135_0_7049_42.windows.Billing_Calculation_-_Time_based_(considering_transport_times)_US139738" name="Should do another billing run but in around 17 days from today" time="55.619">
      <system-out><![CDATA[
RESULT: undefined
COMMAND: POST /session/2f3a3ed30178fd4b3e43ef29d6279727/element - {"using":"xpath","value":"//*[@id=\"__tile51\"]"}
RESULT: {"using":"xpath","value":"//*[@id=\"__tile51\"]"}
COMMAND: POST /session/2f3a3ed30178fd4b3e43ef29d6279727/element/f.8627BF333E87AC973E299D2132D92580.d.2D3F2541C04B5BB81C72C22BFFAD5B6A.e.18123/click - {}
RESULT: {}
COMMAND: GET /session/2f3a3ed30178fd4b3e43ef29d6279727/screenshot - {}
RESULT: {}
RESULT: undefined
COMMAND: POST /session/2f3a3ed30178fd4b3e43ef29d6279727/execute/async - {"script":"<script> [776 bytes]","args":[{"enterText":"10628","selector":{"id":"application-managebillings-display-component---billRunCalcResult--smartFilterBar-btnBasicSearch","interaction":{"idSuffix":"I"}},"clearTextFirst":true,"interactionType":"ENTER_TEXT"}]}
RESULT: {"script":"<script> [776 bytes]","args":[{"enterText":"10628","selector":{"id":"application-managebillings-display-component---billRunCalcResult--smartFilterBar-btnBasicSearch","interaction":{"idSuffix":"I"}},"clearTextFirst":true,"interactionType":"ENTER_TEXT"}]}
COMMAND: POST /session/2f3a3ed30178fd4b3e43ef29d6279727/actions - {"actions":[{"id":"action85","type":"key","parameters":{},"actions":[{"type":"keyDown","value":""},{"type":"pause","duration":10},{"type":"keyUp","value":""}]}]}
RESULT: {"actions":[{"id":"action85","type":"key","parameters":{},"actions":[{"type":"keyDown","value":""},{"type":"pause","duration":10},{"type":"keyUp","value":""}]}]}
COMMAND: GET /session/2f3a3ed30178fd4b3e43ef29d6279727/screenshot - {}
RESULT: {}
COMMAND: POST /session/2f3a3ed30178fd4b3e43ef29d6279727/element - {"using":"xpath","value":"//td[@aria-colindex=\"1\"]/div/div[contains(@class, \"sapMCbBg\")]"}
RESULT: {"using":"xpath","value":"//td[@aria-colindex=\"1\"]/div/div[contains(@class, \"sapMCbBg\")]"}
COMMAND: POST /session/2f3a3ed30178fd4b3e43ef29d6279727/element/f.8627BF333E87AC973E299D2132D92580.d.2D3F2541C04B5BB81C72C22BFFAD5B6A.e.24278/click - {}
RESULT: {}
COMMAND: GET /session/2f3a3ed30178fd4b3e43ef29d6279727/screenshot - {}
RESULT: {}
RESULT: undefined
COMMAND: POST /session/2f3a3ed30178fd4b3e43ef29d6279727/execute/async - {"script":"<script> [776 bytes]","args":[{"enterText":"05/10/25","selector":{"id":"application-managebillings-display-component---billRunCalcResult--contractBillRunDate","interaction":{"idSuffix":"inner"}},"clearTextFirst":true,"interactionType":"ENTER_TEXT"}]}
RESULT: {"script":"<script> [776 bytes]","args":[{"enterText":"05/10/25","selector":{"id":"application-managebillings-display-component---billRunCalcResult--contractBillRunDate","interaction":{"idSuffix":"inner"}},"clearTextFirst":true,"interactionType":"ENTER_TEXT"}]}
COMMAND: POST /session/2f3a3ed30178fd4b3e43ef29d6279727/element - {"using":"xpath","value":"//bdi[contains(text(), \"Trigger Calculation\")]"}
RESULT: {"using":"xpath","value":"//bdi[contains(text(), \"Trigger Calculation\")]"}
COMMAND: POST /session/2f3a3ed30178fd4b3e43ef29d6279727/element/f.8627BF333E87AC973E299D2132D92580.d.2D3F2541C04B5BB81C72C22BFFAD5B6A.e.24330/click - {}
RESULT: {}
COMMAND: GET /session/2f3a3ed30178fd4b3e43ef29d6279727/screenshot - {}
RESULT: {}
COMMAND: POST /session/2f3a3ed30178fd4b3e43ef29d6279727/element - {"using":"xpath","value":"(//span[contains(@id, \"imgNav\")])[1]"}
RESULT: {"using":"xpath","value":"(//span[contains(@id, \"imgNav\")])[1]"}
COMMAND: POST /session/2f3a3ed30178fd4b3e43ef29d6279727/element/f.8627BF333E87AC973E299D2132D92580.d.2D3F2541C04B5BB81C72C22BFFAD5B6A.e.24279/click - {}
RESULT: {}
COMMAND: GET /session/2f3a3ed30178fd4b3e43ef29d6279727/screenshot - {}
RESULT: {}
COMMAND: POST /session/2f3a3ed30178fd4b3e43ef29d6279727/element - {"using":"xpath","value":"//tr/td[6]/div[1]/span[1]/span[1]"}
RESULT: {"using":"xpath","value":"//tr/td[6]/div[1]/span[1]/span[1]"}
COMMAND: GET /session/2f3a3ed30178fd4b3e43ef29d6279727/element/f.8627BF333E87AC973E299D2132D92580.d.2D3F2541C04B5BB81C72C22BFFAD5B6A.e.24335/text - {}
RESULT: {}
COMMAND: POST /session/2f3a3ed30178fd4b3e43ef29d6279727/element - {"using":"xpath","value":"(//span[contains(@id, \"imgNav\")])[2]"}
RESULT: {"using":"xpath","value":"(//span[contains(@id, \"imgNav\")])[2]"}
COMMAND: POST /session/2f3a3ed30178fd4b3e43ef29d6279727/element/f.8627BF333E87AC973E299D2132D92580.d.2D3F2541C04B5BB81C72C22BFFAD5B6A.e.24336/click - {}
RESULT: {}
COMMAND: POST /session/2f3a3ed30178fd4b3e43ef29d6279727/element - {"using":"xpath","value":"//bdi[contains(text(), \"Business Confirm\")]"}
COMMAND: GET /session/2f3a3ed30178fd4b3e43ef29d6279727/screenshot - {}
RESULT: {"using":"xpath","value":"//bdi[contains(text(), \"Business Confirm\")]"}
COMMAND: POST /session/2f3a3ed30178fd4b3e43ef29d6279727/elements - {"using":"xpath","value":"//bdi[contains(text(), \"Business Confirm\")]"}
RESULT: {}
RESULT: {"using":"xpath","value":"//bdi[contains(text(), \"Business Confirm\")]"}
COMMAND: POST /session/2f3a3ed30178fd4b3e43ef29d6279727/element - {"using":"xpath","value":"//bdi[contains(text(), \"Business Confirm\")]"}
RESULT: {"using":"xpath","value":"//bdi[contains(text(), \"Business Confirm\")]"}
COMMAND: POST /session/2f3a3ed30178fd4b3e43ef29d6279727/element/f.8627BF333E87AC973E299D2132D92580.d.2D3F2541C04B5BB81C72C22BFFAD5B6A.e.24390/click - {}
RESULT: {}
COMMAND: POST /session/2f3a3ed30178fd4b3e43ef29d6279727/element - {"using":"css selector","value":"#shell-header-logo"}
COMMAND: GET /session/2f3a3ed30178fd4b3e43ef29d6279727/screenshot - {}
RESULT: {"using":"css selector","value":"#shell-header-logo"}
COMMAND: POST /session/2f3a3ed30178fd4b3e43ef29d6279727/element/f.8627BF333E87AC973E299D2132D92580.d.2D3F2541C04B5BB81C72C22BFFAD5B6A.e.24068/click - {}
RESULT: {}
RESULT: {}
COMMAND: GET /session/2f3a3ed30178fd4b3e43ef29d6279727/screenshot - {}
RESULT: {}
]]></system-out>
    </testcase>
    <testcase classname="chrome.135_0_7049_42.windows.Billing_Calculation_-_Time_based_(considering_transport_times)_US139738" name="Should transfer the billing all the way to completion" time="83.899">
      <system-out><![CDATA[
RESULT: undefined
COMMAND: POST /session/2f3a3ed30178fd4b3e43ef29d6279727/element - {"using":"xpath","value":"//*[@id=\"__tile50\"]"}
RESULT: {"using":"xpath","value":"//*[@id=\"__tile50\"]"}
COMMAND: POST /session/2f3a3ed30178fd4b3e43ef29d6279727/element/f.8627BF333E87AC973E299D2132D92580.d.2D3F2541C04B5BB81C72C22BFFAD5B6A.e.18121/click - {}
RESULT: {}
COMMAND: POST /session/2f3a3ed30178fd4b3e43ef29d6279727/element - {"using":"xpath","value":"//input[contains(@id ,\"application-billingtransfer-display-component---billingWorkbench--smartFilterBar-btnBasicSearch\")]"}
COMMAND: GET /session/2f3a3ed30178fd4b3e43ef29d6279727/screenshot - {}
RESULT: {"using":"xpath","value":"//input[contains(@id ,\"application-billingtransfer-display-component---billingWorkbench--smartFilterBar-btnBasicSearch\")]"}
COMMAND: POST /session/2f3a3ed30178fd4b3e43ef29d6279727/elements - {"using":"xpath","value":"//input[contains(@id ,\"application-billingtransfer-display-component---billingWorkbench--smartFilterBar-btnBasicSearch\")]"}
RESULT: {}
RESULT: {"using":"xpath","value":"//input[contains(@id ,\"application-billingtransfer-display-component---billingWorkbench--smartFilterBar-btnBasicSearch\")]"}
COMMAND: POST /session/2f3a3ed30178fd4b3e43ef29d6279727/execute/sync - {"script":"<script> [8489 bytes]","args":[{"element-6066-11e4-a52e-4f735466cecf":"f.8627BF333E87AC973E299D2132D92580.d.2D3F2541C04B5BB81C72C22BFFAD5B6A.e.24415","ELEMENT":"f.8627BF333E87AC973E299D2132D92580.d.2D3F2541C04B5BB81C72C22BFFAD5B6A.e.24415"}]}
RESULT: {"script":"<script> [8489 bytes]","args":[{"element-6066-11e4-a52e-4f735466cecf":"f.8627BF333E87AC973E299D2132D92580.d.2D3F2541C04B5BB81C72C22BFFAD5B6A.e.24415","ELEMENT":"f.8627BF333E87AC973E299D2132D92580.d.2D3F2541C04B5BB81C72C22BFFAD5B6A.e.24415"}]}
COMMAND: GET /session/2f3a3ed30178fd4b3e43ef29d6279727/element/f.8627BF333E87AC973E299D2132D92580.d.2D3F2541C04B5BB81C72C22BFFAD5B6A.e.24415/enabled - {}
COMMAND: GET /session/2f3a3ed30178fd4b3e43ef29d6279727/screenshot - {}
RESULT: {}
COMMAND: POST /session/2f3a3ed30178fd4b3e43ef29d6279727/element/f.8627BF333E87AC973E299D2132D92580.d.2D3F2541C04B5BB81C72C22BFFAD5B6A.e.24415/click - {}
COMMAND: GET /session/2f3a3ed30178fd4b3e43ef29d6279727/screenshot - {}
RESULT: {}
RESULT: {}
COMMAND: GET /session/2f3a3ed30178fd4b3e43ef29d6279727/screenshot - {}
RESULT: {}
RESULT: {}
COMMAND: POST /session/2f3a3ed30178fd4b3e43ef29d6279727/element/f.8627BF333E87AC973E299D2132D92580.d.2D3F2541C04B5BB81C72C22BFFAD5B6A.e.24415/clear - {}
RESULT: {}
COMMAND: POST /session/2f3a3ed30178fd4b3e43ef29d6279727/element/f.8627BF333E87AC973E299D2132D92580.d.2D3F2541C04B5BB81C72C22BFFAD5B6A.e.24415/value - {"text":"10628"}
COMMAND: GET /session/2f3a3ed30178fd4b3e43ef29d6279727/screenshot - {}
RESULT: {"text":"10628"}
COMMAND: POST /session/2f3a3ed30178fd4b3e43ef29d6279727/actions - {"actions":[{"id":"action86","type":"key","parameters":{},"actions":[{"type":"keyDown","value":""},{"type":"pause","duration":10},{"type":"keyUp","value":""}]}]}
COMMAND: GET /session/2f3a3ed30178fd4b3e43ef29d6279727/screenshot - {}
RESULT: {}
RESULT: {"actions":[{"id":"action86","type":"key","parameters":{},"actions":[{"type":"keyDown","value":""},{"type":"pause","duration":10},{"type":"keyUp","value":""}]}]}
COMMAND: GET /session/2f3a3ed30178fd4b3e43ef29d6279727/screenshot - {}
RESULT: {}
RESULT: {}
COMMAND: POST /session/2f3a3ed30178fd4b3e43ef29d6279727/element - {"using":"xpath","value":"//span[contains(@id ,\"application-billingtransfer-display-component---billingWorkbench--smartTableBillingRuns-header-inner\")]"}
RESULT: {"using":"xpath","value":"//span[contains(@id ,\"application-billingtransfer-display-component---billingWorkbench--smartTableBillingRuns-header-inner\")]"}
COMMAND: POST /session/2f3a3ed30178fd4b3e43ef29d6279727/elements - {"using":"xpath","value":"//span[contains(@id ,\"application-billingtransfer-display-component---billingWorkbench--smartTableBillingRuns-header-inner\")]"}
RESULT: {"using":"xpath","value":"//span[contains(@id ,\"application-billingtransfer-display-component---billingWorkbench--smartTableBillingRuns-header-inner\")]"}
COMMAND: POST /session/2f3a3ed30178fd4b3e43ef29d6279727/execute/sync - {"script":"<script> [56 bytes]","args":[{"element-6066-11e4-a52e-4f735466cecf":"f.8627BF333E87AC973E299D2132D92580.d.2D3F2541C04B5BB81C72C22BFFAD5B6A.e.24622","ELEMENT":"f.8627BF333E87AC973E299D2132D92580.d.2D3F2541C04B5BB81C72C22BFFAD5B6A.e.24622"}]}
RESULT: {"script":"<script> [56 bytes]","args":[{"element-6066-11e4-a52e-4f735466cecf":"f.8627BF333E87AC973E299D2132D92580.d.2D3F2541C04B5BB81C72C22BFFAD5B6A.e.24622","ELEMENT":"f.8627BF333E87AC973E299D2132D92580.d.2D3F2541C04B5BB81C72C22BFFAD5B6A.e.24622"}]}
COMMAND: POST /session/2f3a3ed30178fd4b3e43ef29d6279727/element - {"using":"xpath","value":"//td[@aria-colindex=\"1\"]/div/div[contains(@class, \"sapMCbBg\")]"}
COMMAND: GET /session/2f3a3ed30178fd4b3e43ef29d6279727/screenshot - {}
RESULT: {"using":"xpath","value":"//td[@aria-colindex=\"1\"]/div/div[contains(@class, \"sapMCbBg\")]"}
COMMAND: POST /session/2f3a3ed30178fd4b3e43ef29d6279727/element/f.8627BF333E87AC973E299D2132D92580.d.2D3F2541C04B5BB81C72C22BFFAD5B6A.e.24614/click - {}
RESULT: {}
RESULT: {}
COMMAND: GET /session/2f3a3ed30178fd4b3e43ef29d6279727/screenshot - {}
RESULT: {}
COMMAND: POST /session/2f3a3ed30178fd4b3e43ef29d6279727/element - {"using":"xpath","value":"//bdi[contains(text(), \"Check\")]"}
RESULT: {"using":"xpath","value":"//bdi[contains(text(), \"Check\")]"}
COMMAND: POST /session/2f3a3ed30178fd4b3e43ef29d6279727/element/f.8627BF333E87AC973E299D2132D92580.d.2D3F2541C04B5BB81C72C22BFFAD5B6A.e.24623/click - {}
RESULT: {}
COMMAND: GET /session/2f3a3ed30178fd4b3e43ef29d6279727/screenshot - {}
RESULT: {}
COMMAND: POST /session/2f3a3ed30178fd4b3e43ef29d6279727/element - {"using":"xpath","value":"//bdi[contains(text(), \"OK\")]"}
RESULT: {"using":"xpath","value":"//bdi[contains(text(), \"OK\")]"}
COMMAND: POST /session/2f3a3ed30178fd4b3e43ef29d6279727/element/f.8627BF333E87AC973E299D2132D92580.d.2D3F2541C04B5BB81C72C22BFFAD5B6A.e.24626/click - {}
RESULT: {}
COMMAND: GET /session/2f3a3ed30178fd4b3e43ef29d6279727/screenshot - {}
RESULT: {}
COMMAND: POST /session/2f3a3ed30178fd4b3e43ef29d6279727/element - {"using":"xpath","value":"(//span[contains(text(), \"CO/SD checked\")]/parent::div/preceding-sibling::div/span)[1]"}
RESULT: {"using":"xpath","value":"(//span[contains(text(), \"CO/SD checked\")]/parent::div/preceding-sibling::div/span)[1]"}
COMMAND: POST /session/2f3a3ed30178fd4b3e43ef29d6279727/element/f.8627BF333E87AC973E299D2132D92580.d.2D3F2541C04B5BB81C72C22BFFAD5B6A.e.24635/click - {}
RESULT: {}
COMMAND: GET /session/2f3a3ed30178fd4b3e43ef29d6279727/screenshot - {}
RESULT: {}
COMMAND: POST /session/2f3a3ed30178fd4b3e43ef29d6279727/element - {"using":"xpath","value":"//input[contains(@id ,\"application-billingtransfer-display-component---billingWorkbench--smartFilterBar-btnBasicSearch\")]"}
RESULT: {"using":"xpath","value":"//input[contains(@id ,\"application-billingtransfer-display-component---billingWorkbench--smartFilterBar-btnBasicSearch\")]"}
COMMAND: POST /session/2f3a3ed30178fd4b3e43ef29d6279727/elements - {"using":"xpath","value":"//input[contains(@id ,\"application-billingtransfer-display-component---billingWorkbench--smartFilterBar-btnBasicSearch\")]"}
RESULT: {"using":"xpath","value":"//input[contains(@id ,\"application-billingtransfer-display-component---billingWorkbench--smartFilterBar-btnBasicSearch\")]"}
COMMAND: POST /session/2f3a3ed30178fd4b3e43ef29d6279727/execute/sync - {"script":"<script> [8489 bytes]","args":[{"element-6066-11e4-a52e-4f735466cecf":"f.8627BF333E87AC973E299D2132D92580.d.2D3F2541C04B5BB81C72C22BFFAD5B6A.e.24415","ELEMENT":"f.8627BF333E87AC973E299D2132D92580.d.2D3F2541C04B5BB81C72C22BFFAD5B6A.e.24415"}]}
RESULT: {"script":"<script> [8489 bytes]","args":[{"element-6066-11e4-a52e-4f735466cecf":"f.8627BF333E87AC973E299D2132D92580.d.2D3F2541C04B5BB81C72C22BFFAD5B6A.e.24415","ELEMENT":"f.8627BF333E87AC973E299D2132D92580.d.2D3F2541C04B5BB81C72C22BFFAD5B6A.e.24415"}]}
COMMAND: GET /session/2f3a3ed30178fd4b3e43ef29d6279727/element/f.8627BF333E87AC973E299D2132D92580.d.2D3F2541C04B5BB81C72C22BFFAD5B6A.e.24415/enabled - {}
COMMAND: GET /session/2f3a3ed30178fd4b3e43ef29d6279727/screenshot - {}
RESULT: {}
COMMAND: POST /session/2f3a3ed30178fd4b3e43ef29d6279727/element/f.8627BF333E87AC973E299D2132D92580.d.2D3F2541C04B5BB81C72C22BFFAD5B6A.e.24415/click - {}
COMMAND: GET /session/2f3a3ed30178fd4b3e43ef29d6279727/screenshot - {}
RESULT: {}
RESULT: {}
COMMAND: GET /session/2f3a3ed30178fd4b3e43ef29d6279727/screenshot - {}
RESULT: {}
RESULT: {}
COMMAND: POST /session/2f3a3ed30178fd4b3e43ef29d6279727/element/f.8627BF333E87AC973E299D2132D92580.d.2D3F2541C04B5BB81C72C22BFFAD5B6A.e.24415/clear - {}
RESULT: {}
COMMAND: POST /session/2f3a3ed30178fd4b3e43ef29d6279727/element/f.8627BF333E87AC973E299D2132D92580.d.2D3F2541C04B5BB81C72C22BFFAD5B6A.e.24415/value - {"text":"10628"}
COMMAND: GET /session/2f3a3ed30178fd4b3e43ef29d6279727/screenshot - {}
RESULT: {"text":"10628"}
COMMAND: POST /session/2f3a3ed30178fd4b3e43ef29d6279727/actions - {"actions":[{"id":"action87","type":"key","parameters":{},"actions":[{"type":"keyDown","value":""},{"type":"pause","duration":10},{"type":"keyUp","value":""}]}]}
COMMAND: GET /session/2f3a3ed30178fd4b3e43ef29d6279727/screenshot - {}
RESULT: {}
RESULT: {"actions":[{"id":"action87","type":"key","parameters":{},"actions":[{"type":"keyDown","value":""},{"type":"pause","duration":10},{"type":"keyUp","value":""}]}]}
COMMAND: GET /session/2f3a3ed30178fd4b3e43ef29d6279727/screenshot - {}
RESULT: {}
RESULT: {}
COMMAND: POST /session/2f3a3ed30178fd4b3e43ef29d6279727/element - {"using":"xpath","value":"//span[contains(@id ,\"application-billingtransfer-display-component---billingWorkbench--smartTableBillingRuns-header-inner\")]"}
RESULT: {"using":"xpath","value":"//span[contains(@id ,\"application-billingtransfer-display-component---billingWorkbench--smartTableBillingRuns-header-inner\")]"}
COMMAND: POST /session/2f3a3ed30178fd4b3e43ef29d6279727/elements - {"using":"xpath","value":"//span[contains(@id ,\"application-billingtransfer-display-component---billingWorkbench--smartTableBillingRuns-header-inner\")]"}
RESULT: {"using":"xpath","value":"//span[contains(@id ,\"application-billingtransfer-display-component---billingWorkbench--smartTableBillingRuns-header-inner\")]"}
COMMAND: POST /session/2f3a3ed30178fd4b3e43ef29d6279727/execute/sync - {"script":"<script> [56 bytes]","args":[{"element-6066-11e4-a52e-4f735466cecf":"f.8627BF333E87AC973E299D2132D92580.d.2D3F2541C04B5BB81C72C22BFFAD5B6A.e.24622","ELEMENT":"f.8627BF333E87AC973E299D2132D92580.d.2D3F2541C04B5BB81C72C22BFFAD5B6A.e.24622"}]}
RESULT: {"script":"<script> [56 bytes]","args":[{"element-6066-11e4-a52e-4f735466cecf":"f.8627BF333E87AC973E299D2132D92580.d.2D3F2541C04B5BB81C72C22BFFAD5B6A.e.24622","ELEMENT":"f.8627BF333E87AC973E299D2132D92580.d.2D3F2541C04B5BB81C72C22BFFAD5B6A.e.24622"}]}
COMMAND: POST /session/2f3a3ed30178fd4b3e43ef29d6279727/element - {"using":"xpath","value":"//td[@aria-colindex=\"1\"]/div/div[contains(@class, \"sapMCbBg\")]"}
COMMAND: GET /session/2f3a3ed30178fd4b3e43ef29d6279727/screenshot - {}
RESULT: {"using":"xpath","value":"//td[@aria-colindex=\"1\"]/div/div[contains(@class, \"sapMCbBg\")]"}
COMMAND: POST /session/2f3a3ed30178fd4b3e43ef29d6279727/element/f.8627BF333E87AC973E299D2132D92580.d.2D3F2541C04B5BB81C72C22BFFAD5B6A.e.24638/click - {}
RESULT: {}
RESULT: {}
COMMAND: GET /session/2f3a3ed30178fd4b3e43ef29d6279727/screenshot - {}
RESULT: {}
COMMAND: POST /session/2f3a3ed30178fd4b3e43ef29d6279727/element - {"using":"xpath","value":"//bdi[text()=\"Transfer\"]"}
RESULT: {"using":"xpath","value":"//bdi[text()=\"Transfer\"]"}
COMMAND: POST /session/2f3a3ed30178fd4b3e43ef29d6279727/element/f.8627BF333E87AC973E299D2132D92580.d.2D3F2541C04B5BB81C72C22BFFAD5B6A.e.24639/click - {}
RESULT: {}
COMMAND: GET /session/2f3a3ed30178fd4b3e43ef29d6279727/screenshot - {}
RESULT: {}
COMMAND: POST /session/2f3a3ed30178fd4b3e43ef29d6279727/element - {"using":"xpath","value":"//bdi[contains(text(), \"OK\")]"}
RESULT: {"using":"xpath","value":"//bdi[contains(text(), \"OK\")]"}
COMMAND: POST /session/2f3a3ed30178fd4b3e43ef29d6279727/element/f.8627BF333E87AC973E299D2132D92580.d.2D3F2541C04B5BB81C72C22BFFAD5B6A.e.24642/click - {}
RESULT: {}
COMMAND: GET /session/2f3a3ed30178fd4b3e43ef29d6279727/screenshot - {}
RESULT: {}
COMMAND: POST /session/2f3a3ed30178fd4b3e43ef29d6279727/element - {"using":"xpath","value":"(//span[contains(text(), \"Completed\")]/parent::div/preceding-sibling::div/span)[1]"}
RESULT: {"using":"xpath","value":"(//span[contains(text(), \"Completed\")]/parent::div/preceding-sibling::div/span)[1]"}
COMMAND: POST /session/2f3a3ed30178fd4b3e43ef29d6279727/element/f.8627BF333E87AC973E299D2132D92580.d.2D3F2541C04B5BB81C72C22BFFAD5B6A.e.24650/click - {}
RESULT: {}
COMMAND: POST /session/2f3a3ed30178fd4b3e43ef29d6279727/element - {"using":"xpath","value":"//input[contains(@id ,\"application-billingtransfer-display-component---billingWorkbench--smartFilterBar-btnBasicSearch\")]"}
COMMAND: GET /session/2f3a3ed30178fd4b3e43ef29d6279727/screenshot - {}
RESULT: {"using":"xpath","value":"//input[contains(@id ,\"application-billingtransfer-display-component---billingWorkbench--smartFilterBar-btnBasicSearch\")]"}
COMMAND: POST /session/2f3a3ed30178fd4b3e43ef29d6279727/elements - {"using":"xpath","value":"//input[contains(@id ,\"application-billingtransfer-display-component---billingWorkbench--smartFilterBar-btnBasicSearch\")]"}
RESULT: {}
RESULT: {"using":"xpath","value":"//input[contains(@id ,\"application-billingtransfer-display-component---billingWorkbench--smartFilterBar-btnBasicSearch\")]"}
COMMAND: POST /session/2f3a3ed30178fd4b3e43ef29d6279727/execute/sync - {"script":"<script> [8489 bytes]","args":[{"element-6066-11e4-a52e-4f735466cecf":"f.8627BF333E87AC973E299D2132D92580.d.2D3F2541C04B5BB81C72C22BFFAD5B6A.e.24415","ELEMENT":"f.8627BF333E87AC973E299D2132D92580.d.2D3F2541C04B5BB81C72C22BFFAD5B6A.e.24415"}]}
RESULT: {"script":"<script> [8489 bytes]","args":[{"element-6066-11e4-a52e-4f735466cecf":"f.8627BF333E87AC973E299D2132D92580.d.2D3F2541C04B5BB81C72C22BFFAD5B6A.e.24415","ELEMENT":"f.8627BF333E87AC973E299D2132D92580.d.2D3F2541C04B5BB81C72C22BFFAD5B6A.e.24415"}]}
COMMAND: GET /session/2f3a3ed30178fd4b3e43ef29d6279727/element/f.8627BF333E87AC973E299D2132D92580.d.2D3F2541C04B5BB81C72C22BFFAD5B6A.e.24415/enabled - {}
COMMAND: GET /session/2f3a3ed30178fd4b3e43ef29d6279727/screenshot - {}
RESULT: {}
COMMAND: POST /session/2f3a3ed30178fd4b3e43ef29d6279727/element/f.8627BF333E87AC973E299D2132D92580.d.2D3F2541C04B5BB81C72C22BFFAD5B6A.e.24415/click - {}
COMMAND: GET /session/2f3a3ed30178fd4b3e43ef29d6279727/screenshot - {}
RESULT: {}
RESULT: {}
COMMAND: GET /session/2f3a3ed30178fd4b3e43ef29d6279727/screenshot - {}
RESULT: {}
RESULT: {}
COMMAND: POST /session/2f3a3ed30178fd4b3e43ef29d6279727/element/f.8627BF333E87AC973E299D2132D92580.d.2D3F2541C04B5BB81C72C22BFFAD5B6A.e.24415/clear - {}
RESULT: {}
COMMAND: POST /session/2f3a3ed30178fd4b3e43ef29d6279727/element/f.8627BF333E87AC973E299D2132D92580.d.2D3F2541C04B5BB81C72C22BFFAD5B6A.e.24415/value - {"text":"10628"}
COMMAND: GET /session/2f3a3ed30178fd4b3e43ef29d6279727/screenshot - {}
RESULT: {"text":"10628"}
COMMAND: POST /session/2f3a3ed30178fd4b3e43ef29d6279727/actions - {"actions":[{"id":"action88","type":"key","parameters":{},"actions":[{"type":"keyDown","value":""},{"type":"pause","duration":10},{"type":"keyUp","value":""}]}]}
COMMAND: GET /session/2f3a3ed30178fd4b3e43ef29d6279727/screenshot - {}
RESULT: {}
RESULT: {"actions":[{"id":"action88","type":"key","parameters":{},"actions":[{"type":"keyDown","value":""},{"type":"pause","duration":10},{"type":"keyUp","value":""}]}]}
COMMAND: GET /session/2f3a3ed30178fd4b3e43ef29d6279727/screenshot - {}
RESULT: {}
RESULT: {}
COMMAND: POST /session/2f3a3ed30178fd4b3e43ef29d6279727/element - {"using":"xpath","value":"//span[contains(@id ,\"application-billingtransfer-display-component---billingWorkbench--smartTableBillingRuns-header-inner\")]"}
RESULT: {"using":"xpath","value":"//span[contains(@id ,\"application-billingtransfer-display-component---billingWorkbench--smartTableBillingRuns-header-inner\")]"}
COMMAND: POST /session/2f3a3ed30178fd4b3e43ef29d6279727/elements - {"using":"xpath","value":"//span[contains(@id ,\"application-billingtransfer-display-component---billingWorkbench--smartTableBillingRuns-header-inner\")]"}
RESULT: {"using":"xpath","value":"//span[contains(@id ,\"application-billingtransfer-display-component---billingWorkbench--smartTableBillingRuns-header-inner\")]"}
COMMAND: POST /session/2f3a3ed30178fd4b3e43ef29d6279727/execute/sync - {"script":"<script> [56 bytes]","args":[{"element-6066-11e4-a52e-4f735466cecf":"f.8627BF333E87AC973E299D2132D92580.d.2D3F2541C04B5BB81C72C22BFFAD5B6A.e.24622","ELEMENT":"f.8627BF333E87AC973E299D2132D92580.d.2D3F2541C04B5BB81C72C22BFFAD5B6A.e.24622"}]}
RESULT: {"script":"<script> [56 bytes]","args":[{"element-6066-11e4-a52e-4f735466cecf":"f.8627BF333E87AC973E299D2132D92580.d.2D3F2541C04B5BB81C72C22BFFAD5B6A.e.24622","ELEMENT":"f.8627BF333E87AC973E299D2132D92580.d.2D3F2541C04B5BB81C72C22BFFAD5B6A.e.24622"}]}
COMMAND: GET /session/2f3a3ed30178fd4b3e43ef29d6279727/screenshot - {}
RESULT: {}
COMMAND: POST /session/2f3a3ed30178fd4b3e43ef29d6279727/execute/sync - {"script":"<script> [56 bytes]","args":[{"element-6066-11e4-a52e-4f735466cecf":"f.8627BF333E87AC973E299D2132D92580.d.2D3F2541C04B5BB81C72C22BFFAD5B6A.e.24622","ELEMENT":"f.8627BF333E87AC973E299D2132D92580.d.2D3F2541C04B5BB81C72C22BFFAD5B6A.e.24622"}]}
RESULT: {"script":"<script> [56 bytes]","args":[{"element-6066-11e4-a52e-4f735466cecf":"f.8627BF333E87AC973E299D2132D92580.d.2D3F2541C04B5BB81C72C22BFFAD5B6A.e.24622","ELEMENT":"f.8627BF333E87AC973E299D2132D92580.d.2D3F2541C04B5BB81C72C22BFFAD5B6A.e.24622"}]}
COMMAND: GET /session/2f3a3ed30178fd4b3e43ef29d6279727/screenshot - {}
RESULT: {}
COMMAND: POST /session/2f3a3ed30178fd4b3e43ef29d6279727/execute/sync - {"script":"<script> [56 bytes]","args":[{"element-6066-11e4-a52e-4f735466cecf":"f.8627BF333E87AC973E299D2132D92580.d.2D3F2541C04B5BB81C72C22BFFAD5B6A.e.24622","ELEMENT":"f.8627BF333E87AC973E299D2132D92580.d.2D3F2541C04B5BB81C72C22BFFAD5B6A.e.24622"}]}
RESULT: {"script":"<script> [56 bytes]","args":[{"element-6066-11e4-a52e-4f735466cecf":"f.8627BF333E87AC973E299D2132D92580.d.2D3F2541C04B5BB81C72C22BFFAD5B6A.e.24622","ELEMENT":"f.8627BF333E87AC973E299D2132D92580.d.2D3F2541C04B5BB81C72C22BFFAD5B6A.e.24622"}]}
COMMAND: GET /session/2f3a3ed30178fd4b3e43ef29d6279727/screenshot - {}
RESULT: {}
COMMAND: POST /session/2f3a3ed30178fd4b3e43ef29d6279727/execute/sync - {"script":"<script> [56 bytes]","args":[{"element-6066-11e4-a52e-4f735466cecf":"f.8627BF333E87AC973E299D2132D92580.d.2D3F2541C04B5BB81C72C22BFFAD5B6A.e.24622","ELEMENT":"f.8627BF333E87AC973E299D2132D92580.d.2D3F2541C04B5BB81C72C22BFFAD5B6A.e.24622"}]}
RESULT: {"script":"<script> [56 bytes]","args":[{"element-6066-11e4-a52e-4f735466cecf":"f.8627BF333E87AC973E299D2132D92580.d.2D3F2541C04B5BB81C72C22BFFAD5B6A.e.24622","ELEMENT":"f.8627BF333E87AC973E299D2132D92580.d.2D3F2541C04B5BB81C72C22BFFAD5B6A.e.24622"}]}
COMMAND: GET /session/2f3a3ed30178fd4b3e43ef29d6279727/screenshot - {}
RESULT: {}
COMMAND: POST /session/2f3a3ed30178fd4b3e43ef29d6279727/execute/sync - {"script":"<script> [56 bytes]","args":[{"element-6066-11e4-a52e-4f735466cecf":"f.8627BF333E87AC973E299D2132D92580.d.2D3F2541C04B5BB81C72C22BFFAD5B6A.e.24622","ELEMENT":"f.8627BF333E87AC973E299D2132D92580.d.2D3F2541C04B5BB81C72C22BFFAD5B6A.e.24622"}]}
RESULT: {"script":"<script> [56 bytes]","args":[{"element-6066-11e4-a52e-4f735466cecf":"f.8627BF333E87AC973E299D2132D92580.d.2D3F2541C04B5BB81C72C22BFFAD5B6A.e.24622","ELEMENT":"f.8627BF333E87AC973E299D2132D92580.d.2D3F2541C04B5BB81C72C22BFFAD5B6A.e.24622"}]}
COMMAND: GET /session/2f3a3ed30178fd4b3e43ef29d6279727/screenshot - {}
RESULT: {}
COMMAND: POST /session/2f3a3ed30178fd4b3e43ef29d6279727/execute/sync - {"script":"<script> [56 bytes]","args":[{"element-6066-11e4-a52e-4f735466cecf":"f.8627BF333E87AC973E299D2132D92580.d.2D3F2541C04B5BB81C72C22BFFAD5B6A.e.24622","ELEMENT":"f.8627BF333E87AC973E299D2132D92580.d.2D3F2541C04B5BB81C72C22BFFAD5B6A.e.24622"}]}
RESULT: {"script":"<script> [56 bytes]","args":[{"element-6066-11e4-a52e-4f735466cecf":"f.8627BF333E87AC973E299D2132D92580.d.2D3F2541C04B5BB81C72C22BFFAD5B6A.e.24622","ELEMENT":"f.8627BF333E87AC973E299D2132D92580.d.2D3F2541C04B5BB81C72C22BFFAD5B6A.e.24622"}]}
COMMAND: GET /session/2f3a3ed30178fd4b3e43ef29d6279727/screenshot - {}
RESULT: {}
COMMAND: POST /session/2f3a3ed30178fd4b3e43ef29d6279727/execute/sync - {"script":"<script> [56 bytes]","args":[{"element-6066-11e4-a52e-4f735466cecf":"f.8627BF333E87AC973E299D2132D92580.d.2D3F2541C04B5BB81C72C22BFFAD5B6A.e.24622","ELEMENT":"f.8627BF333E87AC973E299D2132D92580.d.2D3F2541C04B5BB81C72C22BFFAD5B6A.e.24622"}]}
RESULT: {"script":"<script> [56 bytes]","args":[{"element-6066-11e4-a52e-4f735466cecf":"f.8627BF333E87AC973E299D2132D92580.d.2D3F2541C04B5BB81C72C22BFFAD5B6A.e.24622","ELEMENT":"f.8627BF333E87AC973E299D2132D92580.d.2D3F2541C04B5BB81C72C22BFFAD5B6A.e.24622"}]}
COMMAND: GET /session/2f3a3ed30178fd4b3e43ef29d6279727/screenshot - {}
RESULT: {}
COMMAND: POST /session/2f3a3ed30178fd4b3e43ef29d6279727/execute/sync - {"script":"<script> [56 bytes]","args":[{"element-6066-11e4-a52e-4f735466cecf":"f.8627BF333E87AC973E299D2132D92580.d.2D3F2541C04B5BB81C72C22BFFAD5B6A.e.24622","ELEMENT":"f.8627BF333E87AC973E299D2132D92580.d.2D3F2541C04B5BB81C72C22BFFAD5B6A.e.24622"}]}
RESULT: {"script":"<script> [56 bytes]","args":[{"element-6066-11e4-a52e-4f735466cecf":"f.8627BF333E87AC973E299D2132D92580.d.2D3F2541C04B5BB81C72C22BFFAD5B6A.e.24622","ELEMENT":"f.8627BF333E87AC973E299D2132D92580.d.2D3F2541C04B5BB81C72C22BFFAD5B6A.e.24622"}]}
COMMAND: GET /session/2f3a3ed30178fd4b3e43ef29d6279727/screenshot - {}
RESULT: {}
COMMAND: POST /session/2f3a3ed30178fd4b3e43ef29d6279727/execute/sync - {"script":"<script> [56 bytes]","args":[{"element-6066-11e4-a52e-4f735466cecf":"f.8627BF333E87AC973E299D2132D92580.d.2D3F2541C04B5BB81C72C22BFFAD5B6A.e.24622","ELEMENT":"f.8627BF333E87AC973E299D2132D92580.d.2D3F2541C04B5BB81C72C22BFFAD5B6A.e.24622"}]}
RESULT: {"script":"<script> [56 bytes]","args":[{"element-6066-11e4-a52e-4f735466cecf":"f.8627BF333E87AC973E299D2132D92580.d.2D3F2541C04B5BB81C72C22BFFAD5B6A.e.24622","ELEMENT":"f.8627BF333E87AC973E299D2132D92580.d.2D3F2541C04B5BB81C72C22BFFAD5B6A.e.24622"}]}
COMMAND: GET /session/2f3a3ed30178fd4b3e43ef29d6279727/screenshot - {}
RESULT: {}
COMMAND: POST /session/2f3a3ed30178fd4b3e43ef29d6279727/execute/sync - {"script":"<script> [56 bytes]","args":[{"element-6066-11e4-a52e-4f735466cecf":"f.8627BF333E87AC973E299D2132D92580.d.2D3F2541C04B5BB81C72C22BFFAD5B6A.e.24622","ELEMENT":"f.8627BF333E87AC973E299D2132D92580.d.2D3F2541C04B5BB81C72C22BFFAD5B6A.e.24622"}]}
RESULT: {"script":"<script> [56 bytes]","args":[{"element-6066-11e4-a52e-4f735466cecf":"f.8627BF333E87AC973E299D2132D92580.d.2D3F2541C04B5BB81C72C22BFFAD5B6A.e.24622","ELEMENT":"f.8627BF333E87AC973E299D2132D92580.d.2D3F2541C04B5BB81C72C22BFFAD5B6A.e.24622"}]}
COMMAND: GET /session/2f3a3ed30178fd4b3e43ef29d6279727/screenshot - {}
RESULT: {}
COMMAND: POST /session/2f3a3ed30178fd4b3e43ef29d6279727/execute/sync - {"script":"<script> [56 bytes]","args":[{"element-6066-11e4-a52e-4f735466cecf":"f.8627BF333E87AC973E299D2132D92580.d.2D3F2541C04B5BB81C72C22BFFAD5B6A.e.24622","ELEMENT":"f.8627BF333E87AC973E299D2132D92580.d.2D3F2541C04B5BB81C72C22BFFAD5B6A.e.24622"}]}
RESULT: {"script":"<script> [56 bytes]","args":[{"element-6066-11e4-a52e-4f735466cecf":"f.8627BF333E87AC973E299D2132D92580.d.2D3F2541C04B5BB81C72C22BFFAD5B6A.e.24622","ELEMENT":"f.8627BF333E87AC973E299D2132D92580.d.2D3F2541C04B5BB81C72C22BFFAD5B6A.e.24622"}]}
COMMAND: GET /session/2f3a3ed30178fd4b3e43ef29d6279727/screenshot - {}
RESULT: {}
COMMAND: POST /session/2f3a3ed30178fd4b3e43ef29d6279727/execute/sync - {"script":"<script> [56 bytes]","args":[{"element-6066-11e4-a52e-4f735466cecf":"f.8627BF333E87AC973E299D2132D92580.d.2D3F2541C04B5BB81C72C22BFFAD5B6A.e.24622","ELEMENT":"f.8627BF333E87AC973E299D2132D92580.d.2D3F2541C04B5BB81C72C22BFFAD5B6A.e.24622"}]}
RESULT: {"script":"<script> [56 bytes]","args":[{"element-6066-11e4-a52e-4f735466cecf":"f.8627BF333E87AC973E299D2132D92580.d.2D3F2541C04B5BB81C72C22BFFAD5B6A.e.24622","ELEMENT":"f.8627BF333E87AC973E299D2132D92580.d.2D3F2541C04B5BB81C72C22BFFAD5B6A.e.24622"}]}
COMMAND: GET /session/2f3a3ed30178fd4b3e43ef29d6279727/screenshot - {}
RESULT: {}
COMMAND: POST /session/2f3a3ed30178fd4b3e43ef29d6279727/execute/sync - {"script":"<script> [56 bytes]","args":[{"element-6066-11e4-a52e-4f735466cecf":"f.8627BF333E87AC973E299D2132D92580.d.2D3F2541C04B5BB81C72C22BFFAD5B6A.e.24622","ELEMENT":"f.8627BF333E87AC973E299D2132D92580.d.2D3F2541C04B5BB81C72C22BFFAD5B6A.e.24622"}]}
RESULT: {"script":"<script> [56 bytes]","args":[{"element-6066-11e4-a52e-4f735466cecf":"f.8627BF333E87AC973E299D2132D92580.d.2D3F2541C04B5BB81C72C22BFFAD5B6A.e.24622","ELEMENT":"f.8627BF333E87AC973E299D2132D92580.d.2D3F2541C04B5BB81C72C22BFFAD5B6A.e.24622"}]}
COMMAND: GET /session/2f3a3ed30178fd4b3e43ef29d6279727/screenshot - {}
RESULT: {}
COMMAND: POST /session/2f3a3ed30178fd4b3e43ef29d6279727/execute/sync - {"script":"<script> [56 bytes]","args":[{"element-6066-11e4-a52e-4f735466cecf":"f.8627BF333E87AC973E299D2132D92580.d.2D3F2541C04B5BB81C72C22BFFAD5B6A.e.24622","ELEMENT":"f.8627BF333E87AC973E299D2132D92580.d.2D3F2541C04B5BB81C72C22BFFAD5B6A.e.24622"}]}
RESULT: {"script":"<script> [56 bytes]","args":[{"element-6066-11e4-a52e-4f735466cecf":"f.8627BF333E87AC973E299D2132D92580.d.2D3F2541C04B5BB81C72C22BFFAD5B6A.e.24622","ELEMENT":"f.8627BF333E87AC973E299D2132D92580.d.2D3F2541C04B5BB81C72C22BFFAD5B6A.e.24622"}]}
COMMAND: GET /session/2f3a3ed30178fd4b3e43ef29d6279727/screenshot - {}
RESULT: {}
COMMAND: POST /session/2f3a3ed30178fd4b3e43ef29d6279727/execute/sync - {"script":"<script> [56 bytes]","args":[{"element-6066-11e4-a52e-4f735466cecf":"f.8627BF333E87AC973E299D2132D92580.d.2D3F2541C04B5BB81C72C22BFFAD5B6A.e.24622","ELEMENT":"f.8627BF333E87AC973E299D2132D92580.d.2D3F2541C04B5BB81C72C22BFFAD5B6A.e.24622"}]}
RESULT: {"script":"<script> [56 bytes]","args":[{"element-6066-11e4-a52e-4f735466cecf":"f.8627BF333E87AC973E299D2132D92580.d.2D3F2541C04B5BB81C72C22BFFAD5B6A.e.24622","ELEMENT":"f.8627BF333E87AC973E299D2132D92580.d.2D3F2541C04B5BB81C72C22BFFAD5B6A.e.24622"}]}
COMMAND: GET /session/2f3a3ed30178fd4b3e43ef29d6279727/screenshot - {}
RESULT: {}
COMMAND: POST /session/2f3a3ed30178fd4b3e43ef29d6279727/execute/sync - {"script":"<script> [56 bytes]","args":[{"element-6066-11e4-a52e-4f735466cecf":"f.8627BF333E87AC973E299D2132D92580.d.2D3F2541C04B5BB81C72C22BFFAD5B6A.e.24622","ELEMENT":"f.8627BF333E87AC973E299D2132D92580.d.2D3F2541C04B5BB81C72C22BFFAD5B6A.e.24622"}]}
RESULT: {"script":"<script> [56 bytes]","args":[{"element-6066-11e4-a52e-4f735466cecf":"f.8627BF333E87AC973E299D2132D92580.d.2D3F2541C04B5BB81C72C22BFFAD5B6A.e.24622","ELEMENT":"f.8627BF333E87AC973E299D2132D92580.d.2D3F2541C04B5BB81C72C22BFFAD5B6A.e.24622"}]}
COMMAND: GET /session/2f3a3ed30178fd4b3e43ef29d6279727/screenshot - {}
RESULT: {}
COMMAND: POST /session/2f3a3ed30178fd4b3e43ef29d6279727/execute/sync - {"script":"<script> [56 bytes]","args":[{"element-6066-11e4-a52e-4f735466cecf":"f.8627BF333E87AC973E299D2132D92580.d.2D3F2541C04B5BB81C72C22BFFAD5B6A.e.24622","ELEMENT":"f.8627BF333E87AC973E299D2132D92580.d.2D3F2541C04B5BB81C72C22BFFAD5B6A.e.24622"}]}
RESULT: {"script":"<script> [56 bytes]","args":[{"element-6066-11e4-a52e-4f735466cecf":"f.8627BF333E87AC973E299D2132D92580.d.2D3F2541C04B5BB81C72C22BFFAD5B6A.e.24622","ELEMENT":"f.8627BF333E87AC973E299D2132D92580.d.2D3F2541C04B5BB81C72C22BFFAD5B6A.e.24622"}]}
COMMAND: GET /session/2f3a3ed30178fd4b3e43ef29d6279727/screenshot - {}
RESULT: {}
COMMAND: POST /session/2f3a3ed30178fd4b3e43ef29d6279727/execute/sync - {"script":"<script> [56 bytes]","args":[{"element-6066-11e4-a52e-4f735466cecf":"f.8627BF333E87AC973E299D2132D92580.d.2D3F2541C04B5BB81C72C22BFFAD5B6A.e.24622","ELEMENT":"f.8627BF333E87AC973E299D2132D92580.d.2D3F2541C04B5BB81C72C22BFFAD5B6A.e.24622"}]}
RESULT: {"script":"<script> [56 bytes]","args":[{"element-6066-11e4-a52e-4f735466cecf":"f.8627BF333E87AC973E299D2132D92580.d.2D3F2541C04B5BB81C72C22BFFAD5B6A.e.24622","ELEMENT":"f.8627BF333E87AC973E299D2132D92580.d.2D3F2541C04B5BB81C72C22BFFAD5B6A.e.24622"}]}
COMMAND: GET /session/2f3a3ed30178fd4b3e43ef29d6279727/screenshot - {}
RESULT: {}
COMMAND: POST /session/2f3a3ed30178fd4b3e43ef29d6279727/execute/sync - {"script":"<script> [56 bytes]","args":[{"element-6066-11e4-a52e-4f735466cecf":"f.8627BF333E87AC973E299D2132D92580.d.2D3F2541C04B5BB81C72C22BFFAD5B6A.e.24622","ELEMENT":"f.8627BF333E87AC973E299D2132D92580.d.2D3F2541C04B5BB81C72C22BFFAD5B6A.e.24622"}]}
RESULT: {"script":"<script> [56 bytes]","args":[{"element-6066-11e4-a52e-4f735466cecf":"f.8627BF333E87AC973E299D2132D92580.d.2D3F2541C04B5BB81C72C22BFFAD5B6A.e.24622","ELEMENT":"f.8627BF333E87AC973E299D2132D92580.d.2D3F2541C04B5BB81C72C22BFFAD5B6A.e.24622"}]}
COMMAND: GET /session/2f3a3ed30178fd4b3e43ef29d6279727/screenshot - {}
RESULT: {}
COMMAND: POST /session/2f3a3ed30178fd4b3e43ef29d6279727/execute/sync - {"script":"<script> [56 bytes]","args":[{"element-6066-11e4-a52e-4f735466cecf":"f.8627BF333E87AC973E299D2132D92580.d.2D3F2541C04B5BB81C72C22BFFAD5B6A.e.24622","ELEMENT":"f.8627BF333E87AC973E299D2132D92580.d.2D3F2541C04B5BB81C72C22BFFAD5B6A.e.24622"}]}
RESULT: {"script":"<script> [56 bytes]","args":[{"element-6066-11e4-a52e-4f735466cecf":"f.8627BF333E87AC973E299D2132D92580.d.2D3F2541C04B5BB81C72C22BFFAD5B6A.e.24622","ELEMENT":"f.8627BF333E87AC973E299D2132D92580.d.2D3F2541C04B5BB81C72C22BFFAD5B6A.e.24622"}]}
COMMAND: GET /session/2f3a3ed30178fd4b3e43ef29d6279727/screenshot - {}
RESULT: {}
COMMAND: POST /session/2f3a3ed30178fd4b3e43ef29d6279727/execute/sync - {"script":"<script> [56 bytes]","args":[{"element-6066-11e4-a52e-4f735466cecf":"f.8627BF333E87AC973E299D2132D92580.d.2D3F2541C04B5BB81C72C22BFFAD5B6A.e.24622","ELEMENT":"f.8627BF333E87AC973E299D2132D92580.d.2D3F2541C04B5BB81C72C22BFFAD5B6A.e.24622"}]}
RESULT: {"script":"<script> [56 bytes]","args":[{"element-6066-11e4-a52e-4f735466cecf":"f.8627BF333E87AC973E299D2132D92580.d.2D3F2541C04B5BB81C72C22BFFAD5B6A.e.24622","ELEMENT":"f.8627BF333E87AC973E299D2132D92580.d.2D3F2541C04B5BB81C72C22BFFAD5B6A.e.24622"}]}
COMMAND: GET /session/2f3a3ed30178fd4b3e43ef29d6279727/screenshot - {}
RESULT: {}
COMMAND: POST /session/2f3a3ed30178fd4b3e43ef29d6279727/execute/sync - {"script":"<script> [56 bytes]","args":[{"element-6066-11e4-a52e-4f735466cecf":"f.8627BF333E87AC973E299D2132D92580.d.2D3F2541C04B5BB81C72C22BFFAD5B6A.e.24622","ELEMENT":"f.8627BF333E87AC973E299D2132D92580.d.2D3F2541C04B5BB81C72C22BFFAD5B6A.e.24622"}]}
RESULT: {"script":"<script> [56 bytes]","args":[{"element-6066-11e4-a52e-4f735466cecf":"f.8627BF333E87AC973E299D2132D92580.d.2D3F2541C04B5BB81C72C22BFFAD5B6A.e.24622","ELEMENT":"f.8627BF333E87AC973E299D2132D92580.d.2D3F2541C04B5BB81C72C22BFFAD5B6A.e.24622"}]}
COMMAND: POST /session/2f3a3ed30178fd4b3e43ef29d6279727/element - {"using":"css selector","value":"#shell-header-logo"}
COMMAND: GET /session/2f3a3ed30178fd4b3e43ef29d6279727/screenshot - {}
RESULT: {"using":"css selector","value":"#shell-header-logo"}
COMMAND: POST /session/2f3a3ed30178fd4b3e43ef29d6279727/element/f.8627BF333E87AC973E299D2132D92580.d.2D3F2541C04B5BB81C72C22BFFAD5B6A.e.24413/click - {}
RESULT: {}
RESULT: {}
COMMAND: GET /session/2f3a3ed30178fd4b3e43ef29d6279727/screenshot - {}
RESULT: {}
]]></system-out>
    </testcase>
    <testcase classname="chrome.135_0_7049_42.windows.Billing_Calculation_-_Time_based_(considering_transport_times)_US139738" name="Should do another billing run but in around 25 days from today" time="54.11">
      <system-out><![CDATA[
RESULT: undefined
COMMAND: POST /session/2f3a3ed30178fd4b3e43ef29d6279727/element - {"using":"xpath","value":"//*[@id=\"__tile51\"]"}
RESULT: {"using":"xpath","value":"//*[@id=\"__tile51\"]"}
COMMAND: POST /session/2f3a3ed30178fd4b3e43ef29d6279727/element/f.8627BF333E87AC973E299D2132D92580.d.2D3F2541C04B5BB81C72C22BFFAD5B6A.e.18123/click - {}
RESULT: {}
COMMAND: GET /session/2f3a3ed30178fd4b3e43ef29d6279727/screenshot - {}
RESULT: {}
RESULT: undefined
COMMAND: POST /session/2f3a3ed30178fd4b3e43ef29d6279727/execute/async - {"script":"<script> [776 bytes]","args":[{"enterText":"10628","selector":{"id":"application-managebillings-display-component---billRunCalcResult--smartFilterBar-btnBasicSearch","interaction":{"idSuffix":"I"}},"clearTextFirst":true,"interactionType":"ENTER_TEXT"}]}
RESULT: {"script":"<script> [776 bytes]","args":[{"enterText":"10628","selector":{"id":"application-managebillings-display-component---billRunCalcResult--smartFilterBar-btnBasicSearch","interaction":{"idSuffix":"I"}},"clearTextFirst":true,"interactionType":"ENTER_TEXT"}]}
COMMAND: POST /session/2f3a3ed30178fd4b3e43ef29d6279727/actions - {"actions":[{"id":"action89","type":"key","parameters":{},"actions":[{"type":"keyDown","value":""},{"type":"pause","duration":10},{"type":"keyUp","value":""}]}]}
RESULT: {"actions":[{"id":"action89","type":"key","parameters":{},"actions":[{"type":"keyDown","value":""},{"type":"pause","duration":10},{"type":"keyUp","value":""}]}]}
COMMAND: GET /session/2f3a3ed30178fd4b3e43ef29d6279727/screenshot - {}
RESULT: {}
COMMAND: POST /session/2f3a3ed30178fd4b3e43ef29d6279727/element - {"using":"xpath","value":"//td[@aria-colindex=\"1\"]/div/div[contains(@class, \"sapMCbBg\")]"}
RESULT: {"using":"xpath","value":"//td[@aria-colindex=\"1\"]/div/div[contains(@class, \"sapMCbBg\")]"}
COMMAND: POST /session/2f3a3ed30178fd4b3e43ef29d6279727/element/f.8627BF333E87AC973E299D2132D92580.d.2D3F2541C04B5BB81C72C22BFFAD5B6A.e.24859/click - {}
RESULT: {}
COMMAND: GET /session/2f3a3ed30178fd4b3e43ef29d6279727/screenshot - {}
RESULT: {}
RESULT: undefined
COMMAND: POST /session/2f3a3ed30178fd4b3e43ef29d6279727/execute/async - {"script":"<script> [776 bytes]","args":[{"enterText":"05/18/25","selector":{"id":"application-managebillings-display-component---billRunCalcResult--contractBillRunDate","interaction":{"idSuffix":"inner"}},"clearTextFirst":true,"interactionType":"ENTER_TEXT"}]}
RESULT: {"script":"<script> [776 bytes]","args":[{"enterText":"05/18/25","selector":{"id":"application-managebillings-display-component---billRunCalcResult--contractBillRunDate","interaction":{"idSuffix":"inner"}},"clearTextFirst":true,"interactionType":"ENTER_TEXT"}]}
COMMAND: POST /session/2f3a3ed30178fd4b3e43ef29d6279727/element - {"using":"xpath","value":"//bdi[contains(text(), \"Trigger Calculation\")]"}
RESULT: {"using":"xpath","value":"//bdi[contains(text(), \"Trigger Calculation\")]"}
COMMAND: POST /session/2f3a3ed30178fd4b3e43ef29d6279727/element/f.8627BF333E87AC973E299D2132D92580.d.2D3F2541C04B5BB81C72C22BFFAD5B6A.e.24915/click - {}
RESULT: {}
COMMAND: GET /session/2f3a3ed30178fd4b3e43ef29d6279727/screenshot - {}
RESULT: {}
COMMAND: POST /session/2f3a3ed30178fd4b3e43ef29d6279727/element - {"using":"xpath","value":"(//span[contains(@id, \"imgNav\")])[1]"}
RESULT: {"using":"xpath","value":"(//span[contains(@id, \"imgNav\")])[1]"}
COMMAND: POST /session/2f3a3ed30178fd4b3e43ef29d6279727/element/f.8627BF333E87AC973E299D2132D92580.d.2D3F2541C04B5BB81C72C22BFFAD5B6A.e.24860/click - {}
RESULT: {}
COMMAND: GET /session/2f3a3ed30178fd4b3e43ef29d6279727/screenshot - {}
RESULT: {}
COMMAND: POST /session/2f3a3ed30178fd4b3e43ef29d6279727/element - {"using":"xpath","value":"//tr/td[6]/div[1]/span[1]/span[1]"}
RESULT: {"using":"xpath","value":"//tr/td[6]/div[1]/span[1]/span[1]"}
COMMAND: GET /session/2f3a3ed30178fd4b3e43ef29d6279727/element/f.8627BF333E87AC973E299D2132D92580.d.2D3F2541C04B5BB81C72C22BFFAD5B6A.e.24920/text - {}
RESULT: {}
COMMAND: POST /session/2f3a3ed30178fd4b3e43ef29d6279727/element - {"using":"xpath","value":"(//span[contains(@id, \"imgNav\")])[2]"}
RESULT: {"using":"xpath","value":"(//span[contains(@id, \"imgNav\")])[2]"}
COMMAND: POST /session/2f3a3ed30178fd4b3e43ef29d6279727/element/f.8627BF333E87AC973E299D2132D92580.d.2D3F2541C04B5BB81C72C22BFFAD5B6A.e.24921/click - {}
RESULT: {}
COMMAND: POST /session/2f3a3ed30178fd4b3e43ef29d6279727/element - {"using":"xpath","value":"//bdi[contains(text(), \"Business Confirm\")]"}
COMMAND: GET /session/2f3a3ed30178fd4b3e43ef29d6279727/screenshot - {}
RESULT: {"using":"xpath","value":"//bdi[contains(text(), \"Business Confirm\")]"}
COMMAND: POST /session/2f3a3ed30178fd4b3e43ef29d6279727/elements - {"using":"xpath","value":"//bdi[contains(text(), \"Business Confirm\")]"}
RESULT: {}
RESULT: {"using":"xpath","value":"//bdi[contains(text(), \"Business Confirm\")]"}
COMMAND: POST /session/2f3a3ed30178fd4b3e43ef29d6279727/element - {"using":"xpath","value":"//bdi[contains(text(), \"Business Confirm\")]"}
RESULT: {"using":"xpath","value":"//bdi[contains(text(), \"Business Confirm\")]"}
COMMAND: POST /session/2f3a3ed30178fd4b3e43ef29d6279727/element/f.8627BF333E87AC973E299D2132D92580.d.2D3F2541C04B5BB81C72C22BFFAD5B6A.e.24994/click - {}
RESULT: {}
COMMAND: POST /session/2f3a3ed30178fd4b3e43ef29d6279727/element - {"using":"css selector","value":"#shell-header-logo"}
COMMAND: GET /session/2f3a3ed30178fd4b3e43ef29d6279727/screenshot - {}
RESULT: {"using":"css selector","value":"#shell-header-logo"}
COMMAND: POST /session/2f3a3ed30178fd4b3e43ef29d6279727/element/f.8627BF333E87AC973E299D2132D92580.d.2D3F2541C04B5BB81C72C22BFFAD5B6A.e.24657/click - {}
RESULT: {}
RESULT: {}
COMMAND: GET /session/2f3a3ed30178fd4b3e43ef29d6279727/screenshot - {}
RESULT: {}
]]></system-out>
    </testcase>
    <testcase classname="chrome.135_0_7049_42.windows.Billing_Calculation_-_Time_based_(considering_transport_times)_US139738" name="Should transfer the billing all the way to completion" time="72.335">
      <system-out><![CDATA[
RESULT: undefined
COMMAND: POST /session/2f3a3ed30178fd4b3e43ef29d6279727/element - {"using":"xpath","value":"//*[@id=\"__tile50\"]"}
RESULT: {"using":"xpath","value":"//*[@id=\"__tile50\"]"}
COMMAND: POST /session/2f3a3ed30178fd4b3e43ef29d6279727/element/f.8627BF333E87AC973E299D2132D92580.d.2D3F2541C04B5BB81C72C22BFFAD5B6A.e.18121/click - {}
RESULT: {}
COMMAND: POST /session/2f3a3ed30178fd4b3e43ef29d6279727/element - {"using":"xpath","value":"//input[contains(@id ,\"application-billingtransfer-display-component---billingWorkbench--smartFilterBar-btnBasicSearch\")]"}
COMMAND: GET /session/2f3a3ed30178fd4b3e43ef29d6279727/screenshot - {}
RESULT: {"using":"xpath","value":"//input[contains(@id ,\"application-billingtransfer-display-component---billingWorkbench--smartFilterBar-btnBasicSearch\")]"}
COMMAND: POST /session/2f3a3ed30178fd4b3e43ef29d6279727/elements - {"using":"xpath","value":"//input[contains(@id ,\"application-billingtransfer-display-component---billingWorkbench--smartFilterBar-btnBasicSearch\")]"}
RESULT: {}
RESULT: {"using":"xpath","value":"//input[contains(@id ,\"application-billingtransfer-display-component---billingWorkbench--smartFilterBar-btnBasicSearch\")]"}
COMMAND: POST /session/2f3a3ed30178fd4b3e43ef29d6279727/execute/sync - {"script":"<script> [8489 bytes]","args":[{"element-6066-11e4-a52e-4f735466cecf":"f.8627BF333E87AC973E299D2132D92580.d.2D3F2541C04B5BB81C72C22BFFAD5B6A.e.25003","ELEMENT":"f.8627BF333E87AC973E299D2132D92580.d.2D3F2541C04B5BB81C72C22BFFAD5B6A.e.25003"}]}
RESULT: {"script":"<script> [8489 bytes]","args":[{"element-6066-11e4-a52e-4f735466cecf":"f.8627BF333E87AC973E299D2132D92580.d.2D3F2541C04B5BB81C72C22BFFAD5B6A.e.25003","ELEMENT":"f.8627BF333E87AC973E299D2132D92580.d.2D3F2541C04B5BB81C72C22BFFAD5B6A.e.25003"}]}
COMMAND: GET /session/2f3a3ed30178fd4b3e43ef29d6279727/element/f.8627BF333E87AC973E299D2132D92580.d.2D3F2541C04B5BB81C72C22BFFAD5B6A.e.25003/enabled - {}
COMMAND: GET /session/2f3a3ed30178fd4b3e43ef29d6279727/screenshot - {}
RESULT: {}
COMMAND: POST /session/2f3a3ed30178fd4b3e43ef29d6279727/element/f.8627BF333E87AC973E299D2132D92580.d.2D3F2541C04B5BB81C72C22BFFAD5B6A.e.25003/click - {}
COMMAND: GET /session/2f3a3ed30178fd4b3e43ef29d6279727/screenshot - {}
RESULT: {}
RESULT: {}
COMMAND: GET /session/2f3a3ed30178fd4b3e43ef29d6279727/screenshot - {}
RESULT: {}
RESULT: {}
COMMAND: POST /session/2f3a3ed30178fd4b3e43ef29d6279727/element/f.8627BF333E87AC973E299D2132D92580.d.2D3F2541C04B5BB81C72C22BFFAD5B6A.e.25003/clear - {}
RESULT: {}
COMMAND: POST /session/2f3a3ed30178fd4b3e43ef29d6279727/element/f.8627BF333E87AC973E299D2132D92580.d.2D3F2541C04B5BB81C72C22BFFAD5B6A.e.25003/value - {"text":"10628"}
COMMAND: GET /session/2f3a3ed30178fd4b3e43ef29d6279727/screenshot - {}
RESULT: {"text":"10628"}
COMMAND: POST /session/2f3a3ed30178fd4b3e43ef29d6279727/actions - {"actions":[{"id":"action90","type":"key","parameters":{},"actions":[{"type":"keyDown","value":""},{"type":"pause","duration":10},{"type":"keyUp","value":""}]}]}
COMMAND: GET /session/2f3a3ed30178fd4b3e43ef29d6279727/screenshot - {}
RESULT: {}
RESULT: {"actions":[{"id":"action90","type":"key","parameters":{},"actions":[{"type":"keyDown","value":""},{"type":"pause","duration":10},{"type":"keyUp","value":""}]}]}
COMMAND: GET /session/2f3a3ed30178fd4b3e43ef29d6279727/screenshot - {}
RESULT: {}
RESULT: {}
COMMAND: POST /session/2f3a3ed30178fd4b3e43ef29d6279727/element - {"using":"xpath","value":"//span[contains(@id ,\"application-billingtransfer-display-component---billingWorkbench--smartTableBillingRuns-header-inner\")]"}
RESULT: {"using":"xpath","value":"//span[contains(@id ,\"application-billingtransfer-display-component---billingWorkbench--smartTableBillingRuns-header-inner\")]"}
COMMAND: POST /session/2f3a3ed30178fd4b3e43ef29d6279727/elements - {"using":"xpath","value":"//span[contains(@id ,\"application-billingtransfer-display-component---billingWorkbench--smartTableBillingRuns-header-inner\")]"}
RESULT: {"using":"xpath","value":"//span[contains(@id ,\"application-billingtransfer-display-component---billingWorkbench--smartTableBillingRuns-header-inner\")]"}
COMMAND: POST /session/2f3a3ed30178fd4b3e43ef29d6279727/execute/sync - {"script":"<script> [56 bytes]","args":[{"element-6066-11e4-a52e-4f735466cecf":"f.8627BF333E87AC973E299D2132D92580.d.2D3F2541C04B5BB81C72C22BFFAD5B6A.e.25144","ELEMENT":"f.8627BF333E87AC973E299D2132D92580.d.2D3F2541C04B5BB81C72C22BFFAD5B6A.e.25144"}]}
RESULT: {"script":"<script> [56 bytes]","args":[{"element-6066-11e4-a52e-4f735466cecf":"f.8627BF333E87AC973E299D2132D92580.d.2D3F2541C04B5BB81C72C22BFFAD5B6A.e.25144","ELEMENT":"f.8627BF333E87AC973E299D2132D92580.d.2D3F2541C04B5BB81C72C22BFFAD5B6A.e.25144"}]}
COMMAND: POST /session/2f3a3ed30178fd4b3e43ef29d6279727/element - {"using":"xpath","value":"//td[@aria-colindex=\"1\"]/div/div[contains(@class, \"sapMCbBg\")]"}
COMMAND: GET /session/2f3a3ed30178fd4b3e43ef29d6279727/screenshot - {}
RESULT: {"using":"xpath","value":"//td[@aria-colindex=\"1\"]/div/div[contains(@class, \"sapMCbBg\")]"}
COMMAND: POST /session/2f3a3ed30178fd4b3e43ef29d6279727/element/f.8627BF333E87AC973E299D2132D92580.d.2D3F2541C04B5BB81C72C22BFFAD5B6A.e.25130/click - {}
RESULT: {}
RESULT: {}
COMMAND: GET /session/2f3a3ed30178fd4b3e43ef29d6279727/screenshot - {}
RESULT: {}
COMMAND: POST /session/2f3a3ed30178fd4b3e43ef29d6279727/element - {"using":"xpath","value":"//bdi[contains(text(), \"Check\")]"}
RESULT: {"using":"xpath","value":"//bdi[contains(text(), \"Check\")]"}
COMMAND: POST /session/2f3a3ed30178fd4b3e43ef29d6279727/element/f.8627BF333E87AC973E299D2132D92580.d.2D3F2541C04B5BB81C72C22BFFAD5B6A.e.25145/click - {}
RESULT: {}
COMMAND: GET /session/2f3a3ed30178fd4b3e43ef29d6279727/screenshot - {}
RESULT: {}
COMMAND: POST /session/2f3a3ed30178fd4b3e43ef29d6279727/element - {"using":"xpath","value":"//bdi[contains(text(), \"OK\")]"}
RESULT: {"using":"xpath","value":"//bdi[contains(text(), \"OK\")]"}
COMMAND: POST /session/2f3a3ed30178fd4b3e43ef29d6279727/element/f.8627BF333E87AC973E299D2132D92580.d.2D3F2541C04B5BB81C72C22BFFAD5B6A.e.25148/click - {}
RESULT: {}
COMMAND: GET /session/2f3a3ed30178fd4b3e43ef29d6279727/screenshot - {}
RESULT: {}
COMMAND: POST /session/2f3a3ed30178fd4b3e43ef29d6279727/element - {"using":"xpath","value":"(//span[contains(text(), \"CO/SD checked\")]/parent::div/preceding-sibling::div/span)[1]"}
RESULT: {"using":"xpath","value":"(//span[contains(text(), \"CO/SD checked\")]/parent::div/preceding-sibling::div/span)[1]"}
COMMAND: POST /session/2f3a3ed30178fd4b3e43ef29d6279727/element/f.8627BF333E87AC973E299D2132D92580.d.2D3F2541C04B5BB81C72C22BFFAD5B6A.e.25150/click - {}
RESULT: {}
COMMAND: GET /session/2f3a3ed30178fd4b3e43ef29d6279727/screenshot - {}
RESULT: {}
COMMAND: POST /session/2f3a3ed30178fd4b3e43ef29d6279727/element - {"using":"xpath","value":"//input[contains(@id ,\"application-billingtransfer-display-component---billingWorkbench--smartFilterBar-btnBasicSearch\")]"}
RESULT: {"using":"xpath","value":"//input[contains(@id ,\"application-billingtransfer-display-component---billingWorkbench--smartFilterBar-btnBasicSearch\")]"}
COMMAND: POST /session/2f3a3ed30178fd4b3e43ef29d6279727/elements - {"using":"xpath","value":"//input[contains(@id ,\"application-billingtransfer-display-component---billingWorkbench--smartFilterBar-btnBasicSearch\")]"}
RESULT: {"using":"xpath","value":"//input[contains(@id ,\"application-billingtransfer-display-component---billingWorkbench--smartFilterBar-btnBasicSearch\")]"}
COMMAND: POST /session/2f3a3ed30178fd4b3e43ef29d6279727/execute/sync - {"script":"<script> [8489 bytes]","args":[{"element-6066-11e4-a52e-4f735466cecf":"f.8627BF333E87AC973E299D2132D92580.d.2D3F2541C04B5BB81C72C22BFFAD5B6A.e.25003","ELEMENT":"f.8627BF333E87AC973E299D2132D92580.d.2D3F2541C04B5BB81C72C22BFFAD5B6A.e.25003"}]}
RESULT: {"script":"<script> [8489 bytes]","args":[{"element-6066-11e4-a52e-4f735466cecf":"f.8627BF333E87AC973E299D2132D92580.d.2D3F2541C04B5BB81C72C22BFFAD5B6A.e.25003","ELEMENT":"f.8627BF333E87AC973E299D2132D92580.d.2D3F2541C04B5BB81C72C22BFFAD5B6A.e.25003"}]}
COMMAND: GET /session/2f3a3ed30178fd4b3e43ef29d6279727/element/f.8627BF333E87AC973E299D2132D92580.d.2D3F2541C04B5BB81C72C22BFFAD5B6A.e.25003/enabled - {}
COMMAND: GET /session/2f3a3ed30178fd4b3e43ef29d6279727/screenshot - {}
RESULT: {}
COMMAND: POST /session/2f3a3ed30178fd4b3e43ef29d6279727/element/f.8627BF333E87AC973E299D2132D92580.d.2D3F2541C04B5BB81C72C22BFFAD5B6A.e.25003/click - {}
COMMAND: GET /session/2f3a3ed30178fd4b3e43ef29d6279727/screenshot - {}
RESULT: {}
RESULT: {}
COMMAND: GET /session/2f3a3ed30178fd4b3e43ef29d6279727/screenshot - {}
RESULT: {}
RESULT: {}
COMMAND: POST /session/2f3a3ed30178fd4b3e43ef29d6279727/element/f.8627BF333E87AC973E299D2132D92580.d.2D3F2541C04B5BB81C72C22BFFAD5B6A.e.25003/clear - {}
RESULT: {}
COMMAND: POST /session/2f3a3ed30178fd4b3e43ef29d6279727/element/f.8627BF333E87AC973E299D2132D92580.d.2D3F2541C04B5BB81C72C22BFFAD5B6A.e.25003/value - {"text":"10628"}
COMMAND: GET /session/2f3a3ed30178fd4b3e43ef29d6279727/screenshot - {}
RESULT: {"text":"10628"}
COMMAND: POST /session/2f3a3ed30178fd4b3e43ef29d6279727/actions - {"actions":[{"id":"action91","type":"key","parameters":{},"actions":[{"type":"keyDown","value":""},{"type":"pause","duration":10},{"type":"keyUp","value":""}]}]}
COMMAND: GET /session/2f3a3ed30178fd4b3e43ef29d6279727/screenshot - {}
RESULT: {}
RESULT: {"actions":[{"id":"action91","type":"key","parameters":{},"actions":[{"type":"keyDown","value":""},{"type":"pause","duration":10},{"type":"keyUp","value":""}]}]}
COMMAND: GET /session/2f3a3ed30178fd4b3e43ef29d6279727/screenshot - {}
RESULT: {}
RESULT: {}
COMMAND: POST /session/2f3a3ed30178fd4b3e43ef29d6279727/element - {"using":"xpath","value":"//span[contains(@id ,\"application-billingtransfer-display-component---billingWorkbench--smartTableBillingRuns-header-inner\")]"}
RESULT: {"using":"xpath","value":"//span[contains(@id ,\"application-billingtransfer-display-component---billingWorkbench--smartTableBillingRuns-header-inner\")]"}
COMMAND: POST /session/2f3a3ed30178fd4b3e43ef29d6279727/elements - {"using":"xpath","value":"//span[contains(@id ,\"application-billingtransfer-display-component---billingWorkbench--smartTableBillingRuns-header-inner\")]"}
RESULT: {"using":"xpath","value":"//span[contains(@id ,\"application-billingtransfer-display-component---billingWorkbench--smartTableBillingRuns-header-inner\")]"}
COMMAND: POST /session/2f3a3ed30178fd4b3e43ef29d6279727/execute/sync - {"script":"<script> [56 bytes]","args":[{"element-6066-11e4-a52e-4f735466cecf":"f.8627BF333E87AC973E299D2132D92580.d.2D3F2541C04B5BB81C72C22BFFAD5B6A.e.25144","ELEMENT":"f.8627BF333E87AC973E299D2132D92580.d.2D3F2541C04B5BB81C72C22BFFAD5B6A.e.25144"}]}
RESULT: {"script":"<script> [56 bytes]","args":[{"element-6066-11e4-a52e-4f735466cecf":"f.8627BF333E87AC973E299D2132D92580.d.2D3F2541C04B5BB81C72C22BFFAD5B6A.e.25144","ELEMENT":"f.8627BF333E87AC973E299D2132D92580.d.2D3F2541C04B5BB81C72C22BFFAD5B6A.e.25144"}]}
COMMAND: POST /session/2f3a3ed30178fd4b3e43ef29d6279727/element - {"using":"xpath","value":"//td[@aria-colindex=\"1\"]/div/div[contains(@class, \"sapMCbBg\")]"}
COMMAND: GET /session/2f3a3ed30178fd4b3e43ef29d6279727/screenshot - {}
RESULT: {"using":"xpath","value":"//td[@aria-colindex=\"1\"]/div/div[contains(@class, \"sapMCbBg\")]"}
COMMAND: POST /session/2f3a3ed30178fd4b3e43ef29d6279727/element/f.8627BF333E87AC973E299D2132D92580.d.2D3F2541C04B5BB81C72C22BFFAD5B6A.e.25154/click - {}
RESULT: {}
RESULT: {}
COMMAND: GET /session/2f3a3ed30178fd4b3e43ef29d6279727/screenshot - {}
RESULT: {}
COMMAND: POST /session/2f3a3ed30178fd4b3e43ef29d6279727/element - {"using":"xpath","value":"//bdi[text()=\"Transfer\"]"}
RESULT: {"using":"xpath","value":"//bdi[text()=\"Transfer\"]"}
COMMAND: POST /session/2f3a3ed30178fd4b3e43ef29d6279727/element/f.8627BF333E87AC973E299D2132D92580.d.2D3F2541C04B5BB81C72C22BFFAD5B6A.e.25155/click - {}
RESULT: {}
COMMAND: GET /session/2f3a3ed30178fd4b3e43ef29d6279727/screenshot - {}
RESULT: {}
COMMAND: POST /session/2f3a3ed30178fd4b3e43ef29d6279727/element - {"using":"xpath","value":"//bdi[contains(text(), \"OK\")]"}
RESULT: {"using":"xpath","value":"//bdi[contains(text(), \"OK\")]"}
COMMAND: POST /session/2f3a3ed30178fd4b3e43ef29d6279727/element/f.8627BF333E87AC973E299D2132D92580.d.2D3F2541C04B5BB81C72C22BFFAD5B6A.e.25158/click - {}
RESULT: {}
COMMAND: GET /session/2f3a3ed30178fd4b3e43ef29d6279727/screenshot - {}
RESULT: {}
COMMAND: POST /session/2f3a3ed30178fd4b3e43ef29d6279727/element - {"using":"xpath","value":"(//span[contains(text(), \"Completed\")]/parent::div/preceding-sibling::div/span)[1]"}
RESULT: {"using":"xpath","value":"(//span[contains(text(), \"Completed\")]/parent::div/preceding-sibling::div/span)[1]"}
COMMAND: POST /session/2f3a3ed30178fd4b3e43ef29d6279727/element/f.8627BF333E87AC973E299D2132D92580.d.2D3F2541C04B5BB81C72C22BFFAD5B6A.e.25171/click - {}
RESULT: {}
COMMAND: POST /session/2f3a3ed30178fd4b3e43ef29d6279727/element - {"using":"xpath","value":"//input[contains(@id ,\"application-billingtransfer-display-component---billingWorkbench--smartFilterBar-btnBasicSearch\")]"}
COMMAND: GET /session/2f3a3ed30178fd4b3e43ef29d6279727/screenshot - {}
RESULT: {"using":"xpath","value":"//input[contains(@id ,\"application-billingtransfer-display-component---billingWorkbench--smartFilterBar-btnBasicSearch\")]"}
COMMAND: POST /session/2f3a3ed30178fd4b3e43ef29d6279727/elements - {"using":"xpath","value":"//input[contains(@id ,\"application-billingtransfer-display-component---billingWorkbench--smartFilterBar-btnBasicSearch\")]"}
RESULT: {}
RESULT: {"using":"xpath","value":"//input[contains(@id ,\"application-billingtransfer-display-component---billingWorkbench--smartFilterBar-btnBasicSearch\")]"}
COMMAND: POST /session/2f3a3ed30178fd4b3e43ef29d6279727/execute/sync - {"script":"<script> [8489 bytes]","args":[{"element-6066-11e4-a52e-4f735466cecf":"f.8627BF333E87AC973E299D2132D92580.d.2D3F2541C04B5BB81C72C22BFFAD5B6A.e.25003","ELEMENT":"f.8627BF333E87AC973E299D2132D92580.d.2D3F2541C04B5BB81C72C22BFFAD5B6A.e.25003"}]}
RESULT: {"script":"<script> [8489 bytes]","args":[{"element-6066-11e4-a52e-4f735466cecf":"f.8627BF333E87AC973E299D2132D92580.d.2D3F2541C04B5BB81C72C22BFFAD5B6A.e.25003","ELEMENT":"f.8627BF333E87AC973E299D2132D92580.d.2D3F2541C04B5BB81C72C22BFFAD5B6A.e.25003"}]}
COMMAND: GET /session/2f3a3ed30178fd4b3e43ef29d6279727/element/f.8627BF333E87AC973E299D2132D92580.d.2D3F2541C04B5BB81C72C22BFFAD5B6A.e.25003/enabled - {}
COMMAND: GET /session/2f3a3ed30178fd4b3e43ef29d6279727/screenshot - {}
RESULT: {}
COMMAND: POST /session/2f3a3ed30178fd4b3e43ef29d6279727/element/f.8627BF333E87AC973E299D2132D92580.d.2D3F2541C04B5BB81C72C22BFFAD5B6A.e.25003/click - {}
COMMAND: GET /session/2f3a3ed30178fd4b3e43ef29d6279727/screenshot - {}
RESULT: {}
RESULT: {}
COMMAND: GET /session/2f3a3ed30178fd4b3e43ef29d6279727/screenshot - {}
RESULT: {}
RESULT: {}
COMMAND: POST /session/2f3a3ed30178fd4b3e43ef29d6279727/element/f.8627BF333E87AC973E299D2132D92580.d.2D3F2541C04B5BB81C72C22BFFAD5B6A.e.25003/clear - {}
RESULT: {}
COMMAND: POST /session/2f3a3ed30178fd4b3e43ef29d6279727/element/f.8627BF333E87AC973E299D2132D92580.d.2D3F2541C04B5BB81C72C22BFFAD5B6A.e.25003/value - {"text":"10628"}
COMMAND: GET /session/2f3a3ed30178fd4b3e43ef29d6279727/screenshot - {}
RESULT: {"text":"10628"}
COMMAND: POST /session/2f3a3ed30178fd4b3e43ef29d6279727/actions - {"actions":[{"id":"action92","type":"key","parameters":{},"actions":[{"type":"keyDown","value":""},{"type":"pause","duration":10},{"type":"keyUp","value":""}]}]}
COMMAND: GET /session/2f3a3ed30178fd4b3e43ef29d6279727/screenshot - {}
RESULT: {}
RESULT: {"actions":[{"id":"action92","type":"key","parameters":{},"actions":[{"type":"keyDown","value":""},{"type":"pause","duration":10},{"type":"keyUp","value":""}]}]}
COMMAND: GET /session/2f3a3ed30178fd4b3e43ef29d6279727/screenshot - {}
RESULT: {}
RESULT: {}
COMMAND: POST /session/2f3a3ed30178fd4b3e43ef29d6279727/element - {"using":"xpath","value":"//span[contains(@id ,\"application-billingtransfer-display-component---billingWorkbench--smartTableBillingRuns-header-inner\")]"}
RESULT: {"using":"xpath","value":"//span[contains(@id ,\"application-billingtransfer-display-component---billingWorkbench--smartTableBillingRuns-header-inner\")]"}
COMMAND: POST /session/2f3a3ed30178fd4b3e43ef29d6279727/elements - {"using":"xpath","value":"//span[contains(@id ,\"application-billingtransfer-display-component---billingWorkbench--smartTableBillingRuns-header-inner\")]"}
RESULT: {"using":"xpath","value":"//span[contains(@id ,\"application-billingtransfer-display-component---billingWorkbench--smartTableBillingRuns-header-inner\")]"}
COMMAND: POST /session/2f3a3ed30178fd4b3e43ef29d6279727/execute/sync - {"script":"<script> [56 bytes]","args":[{"element-6066-11e4-a52e-4f735466cecf":"f.8627BF333E87AC973E299D2132D92580.d.2D3F2541C04B5BB81C72C22BFFAD5B6A.e.25144","ELEMENT":"f.8627BF333E87AC973E299D2132D92580.d.2D3F2541C04B5BB81C72C22BFFAD5B6A.e.25144"}]}
RESULT: {"script":"<script> [56 bytes]","args":[{"element-6066-11e4-a52e-4f735466cecf":"f.8627BF333E87AC973E299D2132D92580.d.2D3F2541C04B5BB81C72C22BFFAD5B6A.e.25144","ELEMENT":"f.8627BF333E87AC973E299D2132D92580.d.2D3F2541C04B5BB81C72C22BFFAD5B6A.e.25144"}]}
COMMAND: POST /session/2f3a3ed30178fd4b3e43ef29d6279727/element - {"using":"css selector","value":"#shell-header-logo"}
COMMAND: GET /session/2f3a3ed30178fd4b3e43ef29d6279727/screenshot - {}
RESULT: {"using":"css selector","value":"#shell-header-logo"}
COMMAND: POST /session/2f3a3ed30178fd4b3e43ef29d6279727/element/f.8627BF333E87AC973E299D2132D92580.d.2D3F2541C04B5BB81C72C22BFFAD5B6A.e.25001/click - {}
RESULT: {}
RESULT: {}
COMMAND: GET /session/2f3a3ed30178fd4b3e43ef29d6279727/screenshot - {}
RESULT: {}
]]></system-out>
    </testcase>
    <testcase classname="chrome.135_0_7049_42.windows.Billing_Calculation_-_Time_based_(considering_transport_times)_US139738" name="Should navigate to the contract item check the billed until field value" time="43.232">
      <system-out><![CDATA[
RESULT: undefined
COMMAND: POST /session/2f3a3ed30178fd4b3e43ef29d6279727/element - {"using":"xpath","value":"//*[@id=\"__tile130-title\"]"}
RESULT: {"using":"xpath","value":"//*[@id=\"__tile130-title\"]"}
COMMAND: POST /session/2f3a3ed30178fd4b3e43ef29d6279727/element/f.8627BF333E87AC973E299D2132D92580.d.2D3F2541C04B5BB81C72C22BFFAD5B6A.e.20131/click - {}
RESULT: {}
COMMAND: GET /session/2f3a3ed30178fd4b3e43ef29d6279727/screenshot - {}
RESULT: undefined
RESULT: undefined
RESULT: {}
COMMAND: POST /session/2f3a3ed30178fd4b3e43ef29d6279727/element - {"using":"xpath","value":"//button[@data-kt=\"addButton\"]"}
RESULT: {"using":"xpath","value":"//button[@data-kt=\"addButton\"]"}
COMMAND: POST /session/2f3a3ed30178fd4b3e43ef29d6279727/elements - {"using":"xpath","value":"//button[@data-kt=\"addButton\"]"}
RESULT: {"using":"xpath","value":"//button[@data-kt=\"addButton\"]"}
COMMAND: POST /session/2f3a3ed30178fd4b3e43ef29d6279727/execute/sync - {"script":"<script> [8489 bytes]","args":[{"element-6066-11e4-a52e-4f735466cecf":"f.8627BF333E87AC973E299D2132D92580.d.2D3F2541C04B5BB81C72C22BFFAD5B6A.e.25239","ELEMENT":"f.8627BF333E87AC973E299D2132D92580.d.2D3F2541C04B5BB81C72C22BFFAD5B6A.e.25239"}]}
RESULT: {"script":"<script> [8489 bytes]","args":[{"element-6066-11e4-a52e-4f735466cecf":"f.8627BF333E87AC973E299D2132D92580.d.2D3F2541C04B5BB81C72C22BFFAD5B6A.e.25239","ELEMENT":"f.8627BF333E87AC973E299D2132D92580.d.2D3F2541C04B5BB81C72C22BFFAD5B6A.e.25239"}]}
COMMAND: GET /session/2f3a3ed30178fd4b3e43ef29d6279727/element/f.8627BF333E87AC973E299D2132D92580.d.2D3F2541C04B5BB81C72C22BFFAD5B6A.e.25239/enabled - {}
COMMAND: GET /session/2f3a3ed30178fd4b3e43ef29d6279727/screenshot - {}
RESULT: {}
COMMAND: POST /session/2f3a3ed30178fd4b3e43ef29d6279727/execute/sync - {"script":"<script> [8489 bytes]","args":[{"element-6066-11e4-a52e-4f735466cecf":"f.8627BF333E87AC973E299D2132D92580.d.2D3F2541C04B5BB81C72C22BFFAD5B6A.e.25239","ELEMENT":"f.8627BF333E87AC973E299D2132D92580.d.2D3F2541C04B5BB81C72C22BFFAD5B6A.e.25239"}]}
COMMAND: GET /session/2f3a3ed30178fd4b3e43ef29d6279727/screenshot - {}
RESULT: {}
RESULT: {"script":"<script> [8489 bytes]","args":[{"element-6066-11e4-a52e-4f735466cecf":"f.8627BF333E87AC973E299D2132D92580.d.2D3F2541C04B5BB81C72C22BFFAD5B6A.e.25239","ELEMENT":"f.8627BF333E87AC973E299D2132D92580.d.2D3F2541C04B5BB81C72C22BFFAD5B6A.e.25239"}]}
COMMAND: POST /session/2f3a3ed30178fd4b3e43ef29d6279727/execute/sync - {"script":"<script> [5351 bytes]","args":[{"element-6066-11e4-a52e-4f735466cecf":"f.8627BF333E87AC973E299D2132D92580.d.2D3F2541C04B5BB81C72C22BFFAD5B6A.e.25239","ELEMENT":"f.8627BF333E87AC973E299D2132D92580.d.2D3F2541C04B5BB81C72C22BFFAD5B6A.e.25239"}]}
COMMAND: GET /session/2f3a3ed30178fd4b3e43ef29d6279727/screenshot - {}
RESULT: {}
RESULT: {"script":"<script> [5351 bytes]","args":[{"element-6066-11e4-a52e-4f735466cecf":"f.8627BF333E87AC973E299D2132D92580.d.2D3F2541C04B5BB81C72C22BFFAD5B6A.e.25239","ELEMENT":"f.8627BF333E87AC973E299D2132D92580.d.2D3F2541C04B5BB81C72C22BFFAD5B6A.e.25239"}]}
COMMAND: POST /session/2f3a3ed30178fd4b3e43ef29d6279727/element - {"using":"xpath","value":"//input[contains(@id ,\"smartContractFilterBar-btnBasicSearch-I\")]"}
RESULT: {}
RESULT: {"using":"xpath","value":"//input[contains(@id ,\"smartContractFilterBar-btnBasicSearch-I\")]"}
COMMAND: POST /session/2f3a3ed30178fd4b3e43ef29d6279727/elements - {"using":"xpath","value":"//input[contains(@id ,\"smartContractFilterBar-btnBasicSearch-I\")]"}
COMMAND: GET /session/2f3a3ed30178fd4b3e43ef29d6279727/screenshot - {}
RESULT: {"using":"xpath","value":"//input[contains(@id ,\"smartContractFilterBar-btnBasicSearch-I\")]"}
COMMAND: POST /session/2f3a3ed30178fd4b3e43ef29d6279727/execute/sync - {"script":"<script> [8489 bytes]","args":[{"element-6066-11e4-a52e-4f735466cecf":"f.8627BF333E87AC973E299D2132D92580.d.2D3F2541C04B5BB81C72C22BFFAD5B6A.e.25193","ELEMENT":"f.8627BF333E87AC973E299D2132D92580.d.2D3F2541C04B5BB81C72C22BFFAD5B6A.e.25193"}]}
RESULT: {}
RESULT: {"script":"<script> [8489 bytes]","args":[{"element-6066-11e4-a52e-4f735466cecf":"f.8627BF333E87AC973E299D2132D92580.d.2D3F2541C04B5BB81C72C22BFFAD5B6A.e.25193","ELEMENT":"f.8627BF333E87AC973E299D2132D92580.d.2D3F2541C04B5BB81C72C22BFFAD5B6A.e.25193"}]}
COMMAND: GET /session/2f3a3ed30178fd4b3e43ef29d6279727/element/f.8627BF333E87AC973E299D2132D92580.d.2D3F2541C04B5BB81C72C22BFFAD5B6A.e.25193/enabled - {}
COMMAND: GET /session/2f3a3ed30178fd4b3e43ef29d6279727/screenshot - {}
RESULT: {}
COMMAND: POST /session/2f3a3ed30178fd4b3e43ef29d6279727/element/f.8627BF333E87AC973E299D2132D92580.d.2D3F2541C04B5BB81C72C22BFFAD5B6A.e.25193/clear - {}
COMMAND: GET /session/2f3a3ed30178fd4b3e43ef29d6279727/screenshot - {}
RESULT: {}
RESULT: {}
COMMAND: POST /session/2f3a3ed30178fd4b3e43ef29d6279727/element/f.8627BF333E87AC973E299D2132D92580.d.2D3F2541C04B5BB81C72C22BFFAD5B6A.e.25193/value - {"text":"10628"}
COMMAND: GET /session/2f3a3ed30178fd4b3e43ef29d6279727/screenshot - {}
RESULT: {}
RESULT: {"text":"10628"}
COMMAND: GET /session/2f3a3ed30178fd4b3e43ef29d6279727/screenshot - {}
RESULT: {}
RESULT: {}
COMMAND: POST /session/2f3a3ed30178fd4b3e43ef29d6279727/actions - {"actions":[{"id":"action93","type":"key","parameters":{},"actions":[{"type":"keyDown","value":""},{"type":"pause","duration":10},{"type":"keyUp","value":""}]}]}
RESULT: {"actions":[{"id":"action93","type":"key","parameters":{},"actions":[{"type":"keyDown","value":""},{"type":"pause","duration":10},{"type":"keyUp","value":""}]}]}
COMMAND: GET /session/2f3a3ed30178fd4b3e43ef29d6279727/screenshot - {}
RESULT: {}
COMMAND: POST /session/2f3a3ed30178fd4b3e43ef29d6279727/element - {"using":"xpath","value":"//span[contains(@id, \"masterListContractsSmartTable-header-inner\")]"}
RESULT: {"using":"xpath","value":"//span[contains(@id, \"masterListContractsSmartTable-header-inner\")]"}
COMMAND: POST /session/2f3a3ed30178fd4b3e43ef29d6279727/elements - {"using":"xpath","value":"//span[contains(@id, \"masterListContractsSmartTable-header-inner\")]"}
RESULT: {"using":"xpath","value":"//span[contains(@id, \"masterListContractsSmartTable-header-inner\")]"}
COMMAND: POST /session/2f3a3ed30178fd4b3e43ef29d6279727/execute/sync - {"script":"<script> [56 bytes]","args":[{"element-6066-11e4-a52e-4f735466cecf":"f.8627BF333E87AC973E299D2132D92580.d.2D3F2541C04B5BB81C72C22BFFAD5B6A.e.25307","ELEMENT":"f.8627BF333E87AC973E299D2132D92580.d.2D3F2541C04B5BB81C72C22BFFAD5B6A.e.25307"}]}
RESULT: {"script":"<script> [56 bytes]","args":[{"element-6066-11e4-a52e-4f735466cecf":"f.8627BF333E87AC973E299D2132D92580.d.2D3F2541C04B5BB81C72C22BFFAD5B6A.e.25307","ELEMENT":"f.8627BF333E87AC973E299D2132D92580.d.2D3F2541C04B5BB81C72C22BFFAD5B6A.e.25307"}]}
COMMAND: POST /session/2f3a3ed30178fd4b3e43ef29d6279727/element - {"using":"xpath","value":"(//span[contains(@id, \"imgNav\")])[1]"}
COMMAND: GET /session/2f3a3ed30178fd4b3e43ef29d6279727/screenshot - {}
RESULT: {"using":"xpath","value":"(//span[contains(@id, \"imgNav\")])[1]"}
COMMAND: POST /session/2f3a3ed30178fd4b3e43ef29d6279727/element/f.8627BF333E87AC973E299D2132D92580.d.2D3F2541C04B5BB81C72C22BFFAD5B6A.e.25306/click - {}
RESULT: {}
RESULT: {}
COMMAND: GET /session/2f3a3ed30178fd4b3e43ef29d6279727/screenshot - {}
RESULT: {}
COMMAND: POST /session/2f3a3ed30178fd4b3e43ef29d6279727/element - {"using":"xpath","value":"//tr[@data-kt=\"productsColumnListItem\"]//td//span[contains(@id, \"imgNav\")][1]"}
RESULT: {"using":"xpath","value":"//tr[@data-kt=\"productsColumnListItem\"]//td//span[contains(@id, \"imgNav\")][1]"}
COMMAND: POST /session/2f3a3ed30178fd4b3e43ef29d6279727/element/f.8627BF333E87AC973E299D2132D92580.d.2D3F2541C04B5BB81C72C22BFFAD5B6A.e.25437/click - {}
RESULT: {}
COMMAND: GET /session/2f3a3ed30178fd4b3e43ef29d6279727/screenshot - {}
RESULT: {}
COMMAND: POST /session/2f3a3ed30178fd4b3e43ef29d6279727/element - {"using":"xpath","value":"//section[contains(@id, \"application-managecontracts-display-component---BillingItem--ObjectPageLayout-OPHeaderContent\")]/div/div/div/div/div[2]/div/div[2]/span"}
RESULT: {"using":"xpath","value":"//section[contains(@id, \"application-managecontracts-display-component---BillingItem--ObjectPageLayout-OPHeaderContent\")]/div/div/div/div/div[2]/div/div[2]/span"}
COMMAND: POST /session/2f3a3ed30178fd4b3e43ef29d6279727/execute/sync - {"script":"<script> [56 bytes]","args":[{"element-6066-11e4-a52e-4f735466cecf":"f.8627BF333E87AC973E299D2132D92580.d.2D3F2541C04B5BB81C72C22BFFAD5B6A.e.25566","ELEMENT":"f.8627BF333E87AC973E299D2132D92580.d.2D3F2541C04B5BB81C72C22BFFAD5B6A.e.25566"}]}
RESULT: {"script":"<script> [56 bytes]","args":[{"element-6066-11e4-a52e-4f735466cecf":"f.8627BF333E87AC973E299D2132D92580.d.2D3F2541C04B5BB81C72C22BFFAD5B6A.e.25566","ELEMENT":"f.8627BF333E87AC973E299D2132D92580.d.2D3F2541C04B5BB81C72C22BFFAD5B6A.e.25566"}]}
COMMAND: POST /session/2f3a3ed30178fd4b3e43ef29d6279727/element - {"using":"xpath","value":"//table[contains(@id, \"application-managecontracts-display-component---BillingItem--billingList-listUl\")]//td//*[contains(text(), \"final billed\")]"}
COMMAND: GET /session/2f3a3ed30178fd4b3e43ef29d6279727/screenshot - {}
RESULT: {"using":"xpath","value":"//table[contains(@id, \"application-managecontracts-display-component---BillingItem--billingList-listUl\")]//td//*[contains(text(), \"final billed\")]"}
COMMAND: POST /session/2f3a3ed30178fd4b3e43ef29d6279727/execute/sync - {"script":"<script> [56 bytes]","args":[{"element-6066-11e4-a52e-4f735466cecf":"f.8627BF333E87AC973E299D2132D92580.d.2D3F2541C04B5BB81C72C22BFFAD5B6A.e.25567","ELEMENT":"f.8627BF333E87AC973E299D2132D92580.d.2D3F2541C04B5BB81C72C22BFFAD5B6A.e.25567"}]}
RESULT: {}
RESULT: {"script":"<script> [56 bytes]","args":[{"element-6066-11e4-a52e-4f735466cecf":"f.8627BF333E87AC973E299D2132D92580.d.2D3F2541C04B5BB81C72C22BFFAD5B6A.e.25567","ELEMENT":"f.8627BF333E87AC973E299D2132D92580.d.2D3F2541C04B5BB81C72C22BFFAD5B6A.e.25567"}]}
COMMAND: POST /session/2f3a3ed30178fd4b3e43ef29d6279727/element - {"using":"css selector","value":"#shell-header-logo"}
COMMAND: GET /session/2f3a3ed30178fd4b3e43ef29d6279727/screenshot - {}
RESULT: {"using":"css selector","value":"#shell-header-logo"}
COMMAND: POST /session/2f3a3ed30178fd4b3e43ef29d6279727/element/f.8627BF333E87AC973E299D2132D92580.d.2D3F2541C04B5BB81C72C22BFFAD5B6A.e.25186/click - {}
RESULT: {}
RESULT: {}
COMMAND: GET /session/2f3a3ed30178fd4b3e43ef29d6279727/screenshot - {}
RESULT: {}
COMMAND: DELETE /session/2f3a3ed30178fd4b3e43ef29d6279727 - {}
RESULT: {}
]]></system-out>
    </testcase>
  </testsuite>
</testsuites>