<?xml version="1.0" encoding="UTF-8"?>
<testsuites tests="49" failures="0" errors="0" skipped="0">
  <testsuite timestamp="2025-05-17T15:08:03" time="1911.309" tests="49" failures="0" errors="0" skipped="0">
    <properties>
      <property name="specId" value="0" />
      <property name="suiteName" value="Sanity Tests US104253" />
      <property name="capabilities" value="chrome.136_0_7103_93.windows" />
      <property name="file" value="file:///D:/a/1/s/test/specs/General/sanity.spec.js" />
    </properties>
    <testcase classname="chrome.136_0_7103_93.windows.Sanity_Tests_US104253" name="Should open Manage Partners page" time="39.681">
      <system-out><![CDATA[
COMMAND: POST /session/c5b30e3fd34ac9965af026ffc351930a/execute/async - {"script":"<script> [1562 bytes]","args":[{"selector":{"controlType":"sap.m.GenericTile","properties":{"header":"Manage Partners"}},"wdio_ui5_key":"sapm.GenericTile{\"header\":\"Manage Partners\"}"}]}
RESULT: {"script":"<script> [1562 bytes]","args":[{"selector":{"controlType":"sap.m.GenericTile","properties":{"header":"Manage Partners"}},"wdio_ui5_key":"sapm.GenericTile{\"header\":\"Manage Partners\"}"}]}
RESULT: undefined
COMMAND: POST /session/c5b30e3fd34ac9965af026ffc351930a/element - {"using":"xpath","value":"//*[@id=\"__tile38\"]"}
RESULT: {"using":"xpath","value":"//*[@id=\"__tile38\"]"}
COMMAND: POST /session/c5b30e3fd34ac9965af026ffc351930a/element/f.FB2DD181A464ADC1AE2979EE676D3DD4.d.6998629827D1AB3381FE5D21B3F853F1.e.113/click - {}
RESULT: {}
COMMAND: GET /session/c5b30e3fd34ac9965af026ffc351930a/screenshot - {}
RESULT: {}
COMMAND: POST /session/c5b30e3fd34ac9965af026ffc351930a/elements - {"using":"xpath","value":"//span[text()='Error']"}
RESULT: {"using":"xpath","value":"//span[text()='Error']"}
RESULT: undefined
COMMAND: POST /session/c5b30e3fd34ac9965af026ffc351930a/element - {"using":"xpath","value":"//*[@id=\"__tile38\"]"}
RESULT: {"using":"xpath","value":"//*[@id=\"__tile38\"]"}
COMMAND: POST /session/c5b30e3fd34ac9965af026ffc351930a/element/f.FB2DD181A464ADC1AE2979EE676D3DD4.d.6998629827D1AB3381FE5D21B3F853F1.e.113/click - {}
RESULT: undefined
COMMAND: POST /session/c5b30e3fd34ac9965af026ffc351930a/element - {"using":"xpath","value":"//*[@id=\"__tile38\"]"}
RESULT: {"using":"xpath","value":"//*[@id=\"__tile38\"]"}
COMMAND: POST /session/c5b30e3fd34ac9965af026ffc351930a/element/f.FB2DD181A464ADC1AE2979EE676D3DD4.d.6998629827D1AB3381FE5D21B3F853F1.e.113/click - {}
COMMAND: POST /session/c5b30e3fd34ac9965af026ffc351930a/execute/async - {"script":"<script> [1562 bytes]","args":[{"selector":{"id":"shellAppTitle"},"wdio_ui5_key":"shellAppTitle"}]}
RESULT: {"script":"<script> [1562 bytes]","args":[{"selector":{"id":"shellAppTitle"},"wdio_ui5_key":"shellAppTitle"}]}
RESULT: undefined
COMMAND: POST /session/c5b30e3fd34ac9965af026ffc351930a/execute/async - {"script":"<script> [6424 bytes]","args":[{"element-6066-11e4-a52e-4f735466cecf":"f.FB2DD181A464ADC1AE2979EE676D3DD4.d.6998629827D1AB3381FE5D21B3F853F1.e.287"},"getTitle",[]]}
RESULT: {"script":"<script> [6424 bytes]","args":[{"element-6066-11e4-a52e-4f735466cecf":"f.FB2DD181A464ADC1AE2979EE676D3DD4.d.6998629827D1AB3381FE5D21B3F853F1.e.287"},"getTitle",[]]}
COMMAND: POST /session/c5b30e3fd34ac9965af026ffc351930a/execute/async - {"script":"<script> [1562 bytes]","args":[{"selector":{"id":"backBtn"},"wdio_ui5_key":"backBtn"}]}
RESULT: {"script":"<script> [1562 bytes]","args":[{"selector":{"id":"backBtn"},"wdio_ui5_key":"backBtn"}]}
RESULT: undefined
COMMAND: POST /session/c5b30e3fd34ac9965af026ffc351930a/element - {"using":"xpath","value":"//*[@id=\"backBtn\"]"}
RESULT: {"using":"xpath","value":"//*[@id=\"backBtn\"]"}
COMMAND: POST /session/c5b30e3fd34ac9965af026ffc351930a/element/f.FB2DD181A464ADC1AE2979EE676D3DD4.d.6998629827D1AB3381FE5D21B3F853F1.e.288/click - {}
RESULT: {}
COMMAND: GET /session/c5b30e3fd34ac9965af026ffc351930a/screenshot - {}
RESULT: {}
]]></system-out>
    </testcase>
    <testcase classname="chrome.136_0_7103_93.windows.Sanity_Tests_US104253" name="Should open Manage Sites page" time="37.823">
      <system-out><![CDATA[
COMMAND: POST /session/c5b30e3fd34ac9965af026ffc351930a/execute/async - {"script":"<script> [1562 bytes]","args":[{"selector":{"controlType":"sap.m.GenericTile","properties":{"header":"Manage Sites"}},"wdio_ui5_key":"sapm.GenericTile{\"header\":\"Manage Sites\"}"}]}
RESULT: {"script":"<script> [1562 bytes]","args":[{"selector":{"controlType":"sap.m.GenericTile","properties":{"header":"Manage Sites"}},"wdio_ui5_key":"sapm.GenericTile{\"header\":\"Manage Sites\"}"}]}
RESULT: undefined
COMMAND: POST /session/c5b30e3fd34ac9965af026ffc351930a/element - {"using":"xpath","value":"//*[@id=\"__tile40\"]"}
RESULT: {"using":"xpath","value":"//*[@id=\"__tile40\"]"}
COMMAND: POST /session/c5b30e3fd34ac9965af026ffc351930a/element/f.FB2DD181A464ADC1AE2979EE676D3DD4.d.6998629827D1AB3381FE5D21B3F853F1.e.290/click - {}
RESULT: {}
COMMAND: GET /session/c5b30e3fd34ac9965af026ffc351930a/screenshot - {}
RESULT: {}
COMMAND: POST /session/c5b30e3fd34ac9965af026ffc351930a/elements - {"using":"xpath","value":"//span[text()='Error']"}
RESULT: {"using":"xpath","value":"//span[text()='Error']"}
RESULT: undefined
COMMAND: POST /session/c5b30e3fd34ac9965af026ffc351930a/element - {"using":"xpath","value":"//*[@id=\"__tile40\"]"}
RESULT: {"using":"xpath","value":"//*[@id=\"__tile40\"]"}
COMMAND: POST /session/c5b30e3fd34ac9965af026ffc351930a/element/f.FB2DD181A464ADC1AE2979EE676D3DD4.d.6998629827D1AB3381FE5D21B3F853F1.e.290/click - {}
RESULT: undefined
COMMAND: POST /session/c5b30e3fd34ac9965af026ffc351930a/element - {"using":"xpath","value":"//*[@id=\"__tile40\"]"}
RESULT: {"using":"xpath","value":"//*[@id=\"__tile40\"]"}
COMMAND: POST /session/c5b30e3fd34ac9965af026ffc351930a/element/f.FB2DD181A464ADC1AE2979EE676D3DD4.d.6998629827D1AB3381FE5D21B3F853F1.e.290/click - {}
RESULT: undefined
COMMAND: POST /session/c5b30e3fd34ac9965af026ffc351930a/execute/async - {"script":"<script> [6424 bytes]","args":[{"element-6066-11e4-a52e-4f735466cecf":"f.FB2DD181A464ADC1AE2979EE676D3DD4.d.6998629827D1AB3381FE5D21B3F853F1.e.287"},"getTitle",[]]}
COMMAND: POST /session/c5b30e3fd34ac9965af026ffc351930a/execute/async - {"script":"<script> [1562 bytes]","args":[{"selector":{"id":"shellAppTitle"},"wdio_ui5_key":"shellAppTitle"}]}
RESULT: {"script":"<script> [1562 bytes]","args":[{"selector":{"id":"shellAppTitle"},"wdio_ui5_key":"shellAppTitle"}]}
COMMAND: POST /session/c5b30e3fd34ac9965af026ffc351930a/execute/async - {"script":"<script> [6424 bytes]","args":[{"element-6066-11e4-a52e-4f735466cecf":"f.FB2DD181A464ADC1AE2979EE676D3DD4.d.6998629827D1AB3381FE5D21B3F853F1.e.666"},"getTitle",[]]}
RESULT: {"script":"<script> [6424 bytes]","args":[{"element-6066-11e4-a52e-4f735466cecf":"f.FB2DD181A464ADC1AE2979EE676D3DD4.d.6998629827D1AB3381FE5D21B3F853F1.e.666"},"getTitle",[]]}
RESULT: undefined
COMMAND: POST /session/c5b30e3fd34ac9965af026ffc351930a/element/f.FB2DD181A464ADC1AE2979EE676D3DD4.d.6998629827D1AB3381FE5D21B3F853F1.e.288/click - {}
RESULT: {}
COMMAND: GET /session/c5b30e3fd34ac9965af026ffc351930a/screenshot - {}
RESULT: {}
]]></system-out>
    </testcase>
    <testcase classname="chrome.136_0_7103_93.windows.Sanity_Tests_US104253" name="Should open Manage Resources page" time="37.195">
      <system-out><![CDATA[
COMMAND: POST /session/c5b30e3fd34ac9965af026ffc351930a/execute/async - {"script":"<script> [1562 bytes]","args":[{"selector":{"controlType":"sap.m.GenericTile","properties":{"header":"Manage Resources"}},"wdio_ui5_key":"sapm.GenericTile{\"header\":\"Manage Resources\"}"}]}
RESULT: {"script":"<script> [1562 bytes]","args":[{"selector":{"controlType":"sap.m.GenericTile","properties":{"header":"Manage Resources"}},"wdio_ui5_key":"sapm.GenericTile{\"header\":\"Manage Resources\"}"}]}
RESULT: undefined
COMMAND: POST /session/c5b30e3fd34ac9965af026ffc351930a/element - {"using":"xpath","value":"//*[@id=\"__tile39\"]"}
RESULT: {"using":"xpath","value":"//*[@id=\"__tile39\"]"}
COMMAND: POST /session/c5b30e3fd34ac9965af026ffc351930a/element/f.FB2DD181A464ADC1AE2979EE676D3DD4.d.6998629827D1AB3381FE5D21B3F853F1.e.668/click - {}
RESULT: {}
COMMAND: GET /session/c5b30e3fd34ac9965af026ffc351930a/screenshot - {}
RESULT: {}
COMMAND: POST /session/c5b30e3fd34ac9965af026ffc351930a/elements - {"using":"xpath","value":"//span[text()='Error']"}
RESULT: {"using":"xpath","value":"//span[text()='Error']"}
RESULT: undefined
COMMAND: POST /session/c5b30e3fd34ac9965af026ffc351930a/element - {"using":"xpath","value":"//*[@id=\"__tile39\"]"}
RESULT: {"using":"xpath","value":"//*[@id=\"__tile39\"]"}
COMMAND: POST /session/c5b30e3fd34ac9965af026ffc351930a/element/f.FB2DD181A464ADC1AE2979EE676D3DD4.d.6998629827D1AB3381FE5D21B3F853F1.e.668/click - {}
RESULT: undefined
COMMAND: POST /session/c5b30e3fd34ac9965af026ffc351930a/element - {"using":"xpath","value":"//*[@id=\"__tile39\"]"}
RESULT: {"using":"xpath","value":"//*[@id=\"__tile39\"]"}
COMMAND: POST /session/c5b30e3fd34ac9965af026ffc351930a/element/f.FB2DD181A464ADC1AE2979EE676D3DD4.d.6998629827D1AB3381FE5D21B3F853F1.e.668/click - {}
RESULT: undefined
COMMAND: POST /session/c5b30e3fd34ac9965af026ffc351930a/execute/async - {"script":"<script> [6424 bytes]","args":[{"element-6066-11e4-a52e-4f735466cecf":"f.FB2DD181A464ADC1AE2979EE676D3DD4.d.6998629827D1AB3381FE5D21B3F853F1.e.287"},"getTitle",[]]}
COMMAND: POST /session/c5b30e3fd34ac9965af026ffc351930a/execute/async - {"script":"<script> [1562 bytes]","args":[{"selector":{"id":"shellAppTitle"},"wdio_ui5_key":"shellAppTitle"}]}
RESULT: {"script":"<script> [1562 bytes]","args":[{"selector":{"id":"shellAppTitle"},"wdio_ui5_key":"shellAppTitle"}]}
COMMAND: POST /session/c5b30e3fd34ac9965af026ffc351930a/execute/async - {"script":"<script> [6424 bytes]","args":[{"element-6066-11e4-a52e-4f735466cecf":"f.FB2DD181A464ADC1AE2979EE676D3DD4.d.6998629827D1AB3381FE5D21B3F853F1.e.840"},"getTitle",[]]}
RESULT: {"script":"<script> [6424 bytes]","args":[{"element-6066-11e4-a52e-4f735466cecf":"f.FB2DD181A464ADC1AE2979EE676D3DD4.d.6998629827D1AB3381FE5D21B3F853F1.e.840"},"getTitle",[]]}
RESULT: undefined
COMMAND: POST /session/c5b30e3fd34ac9965af026ffc351930a/element/f.FB2DD181A464ADC1AE2979EE676D3DD4.d.6998629827D1AB3381FE5D21B3F853F1.e.288/click - {}
COMMAND: POST /session/c5b30e3fd34ac9965af026ffc351930a/element - {"using":"xpath","value":"//*[@id=\"backBtn\"]"}
RESULT: {"using":"xpath","value":"//*[@id=\"backBtn\"]"}
COMMAND: POST /session/c5b30e3fd34ac9965af026ffc351930a/element/f.FB2DD181A464ADC1AE2979EE676D3DD4.d.6998629827D1AB3381FE5D21B3F853F1.e.288/click - {}
COMMAND: POST /session/c5b30e3fd34ac9965af026ffc351930a/element - {"using":"xpath","value":"//*[@id=\"backBtn\"]"}
RESULT: {"using":"xpath","value":"//*[@id=\"backBtn\"]"}
COMMAND: POST /session/c5b30e3fd34ac9965af026ffc351930a/element/f.FB2DD181A464ADC1AE2979EE676D3DD4.d.6998629827D1AB3381FE5D21B3F853F1.e.841/click - {}
RESULT: {}
COMMAND: GET /session/c5b30e3fd34ac9965af026ffc351930a/screenshot - {}
RESULT: {}
]]></system-out>
    </testcase>
    <testcase classname="chrome.136_0_7103_93.windows.Sanity_Tests_US104253" name="Should open Manage Catalogs page" time="36.966">
      <system-out><![CDATA[
COMMAND: POST /session/c5b30e3fd34ac9965af026ffc351930a/execute/async - {"script":"<script> [1562 bytes]","args":[{"selector":{"controlType":"sap.m.GenericTile","properties":{"header":"Manage Catalogs"}},"wdio_ui5_key":"sapm.GenericTile{\"header\":\"Manage Catalogs\"}"}]}
RESULT: {"script":"<script> [1562 bytes]","args":[{"selector":{"controlType":"sap.m.GenericTile","properties":{"header":"Manage Catalogs"}},"wdio_ui5_key":"sapm.GenericTile{\"header\":\"Manage Catalogs\"}"}]}
RESULT: undefined
COMMAND: POST /session/c5b30e3fd34ac9965af026ffc351930a/element - {"using":"xpath","value":"//*[@id=\"__tile37\"]"}
RESULT: {"using":"xpath","value":"//*[@id=\"__tile37\"]"}
COMMAND: POST /session/c5b30e3fd34ac9965af026ffc351930a/element/f.FB2DD181A464ADC1AE2979EE676D3DD4.d.6998629827D1AB3381FE5D21B3F853F1.e.843/click - {}
RESULT: {}
COMMAND: GET /session/c5b30e3fd34ac9965af026ffc351930a/screenshot - {}
RESULT: {}
COMMAND: POST /session/c5b30e3fd34ac9965af026ffc351930a/elements - {"using":"xpath","value":"//span[text()='Error']"}
RESULT: {"using":"xpath","value":"//span[text()='Error']"}
RESULT: undefined
COMMAND: POST /session/c5b30e3fd34ac9965af026ffc351930a/element - {"using":"xpath","value":"//*[@id=\"__tile37\"]"}
RESULT: {"using":"xpath","value":"//*[@id=\"__tile37\"]"}
COMMAND: POST /session/c5b30e3fd34ac9965af026ffc351930a/element/f.FB2DD181A464ADC1AE2979EE676D3DD4.d.6998629827D1AB3381FE5D21B3F853F1.e.843/click - {}
RESULT: undefined
COMMAND: POST /session/c5b30e3fd34ac9965af026ffc351930a/element - {"using":"xpath","value":"//*[@id=\"__tile37\"]"}
RESULT: {"using":"xpath","value":"//*[@id=\"__tile37\"]"}
COMMAND: POST /session/c5b30e3fd34ac9965af026ffc351930a/element/f.FB2DD181A464ADC1AE2979EE676D3DD4.d.6998629827D1AB3381FE5D21B3F853F1.e.843/click - {}
RESULT: undefined
COMMAND: POST /session/c5b30e3fd34ac9965af026ffc351930a/execute/async - {"script":"<script> [6424 bytes]","args":[{"element-6066-11e4-a52e-4f735466cecf":"f.FB2DD181A464ADC1AE2979EE676D3DD4.d.6998629827D1AB3381FE5D21B3F853F1.e.287"},"getTitle",[]]}
COMMAND: POST /session/c5b30e3fd34ac9965af026ffc351930a/execute/async - {"script":"<script> [1562 bytes]","args":[{"selector":{"id":"shellAppTitle"},"wdio_ui5_key":"shellAppTitle"}]}
RESULT: {"script":"<script> [1562 bytes]","args":[{"selector":{"id":"shellAppTitle"},"wdio_ui5_key":"shellAppTitle"}]}
COMMAND: POST /session/c5b30e3fd34ac9965af026ffc351930a/execute/async - {"script":"<script> [6424 bytes]","args":[{"element-6066-11e4-a52e-4f735466cecf":"f.FB2DD181A464ADC1AE2979EE676D3DD4.d.6998629827D1AB3381FE5D21B3F853F1.e.912"},"getTitle",[]]}
RESULT: {"script":"<script> [6424 bytes]","args":[{"element-6066-11e4-a52e-4f735466cecf":"f.FB2DD181A464ADC1AE2979EE676D3DD4.d.6998629827D1AB3381FE5D21B3F853F1.e.912"},"getTitle",[]]}
RESULT: undefined
COMMAND: POST /session/c5b30e3fd34ac9965af026ffc351930a/element/f.FB2DD181A464ADC1AE2979EE676D3DD4.d.6998629827D1AB3381FE5D21B3F853F1.e.841/click - {}
RESULT: {}
COMMAND: GET /session/c5b30e3fd34ac9965af026ffc351930a/screenshot - {}
RESULT: {}
]]></system-out>
    </testcase>
    <testcase classname="chrome.136_0_7103_93.windows.Sanity_Tests_US104253" name="Should open Manage Calendars page" time="36.097">
      <system-out><![CDATA[
COMMAND: POST /session/c5b30e3fd34ac9965af026ffc351930a/execute/async - {"script":"<script> [1562 bytes]","args":[{"selector":{"controlType":"sap.m.GenericTile","properties":{"header":"Manage Calendars"}},"wdio_ui5_key":"sapm.GenericTile{\"header\":\"Manage Calendars\"}"}]}
RESULT: {"script":"<script> [1562 bytes]","args":[{"selector":{"controlType":"sap.m.GenericTile","properties":{"header":"Manage Calendars"}},"wdio_ui5_key":"sapm.GenericTile{\"header\":\"Manage Calendars\"}"}]}
RESULT: undefined
COMMAND: POST /session/c5b30e3fd34ac9965af026ffc351930a/element - {"using":"xpath","value":"//*[@id=\"__tile36\"]"}
RESULT: {"using":"xpath","value":"//*[@id=\"__tile36\"]"}
COMMAND: POST /session/c5b30e3fd34ac9965af026ffc351930a/element/f.FB2DD181A464ADC1AE2979EE676D3DD4.d.6998629827D1AB3381FE5D21B3F853F1.e.914/click - {}
RESULT: {}
COMMAND: GET /session/c5b30e3fd34ac9965af026ffc351930a/screenshot - {}
RESULT: {}
COMMAND: POST /session/c5b30e3fd34ac9965af026ffc351930a/elements - {"using":"xpath","value":"//span[text()='Error']"}
RESULT: {"using":"xpath","value":"//span[text()='Error']"}
RESULT: undefined
COMMAND: POST /session/c5b30e3fd34ac9965af026ffc351930a/element - {"using":"xpath","value":"//*[@id=\"__tile36\"]"}
RESULT: {"using":"xpath","value":"//*[@id=\"__tile36\"]"}
COMMAND: POST /session/c5b30e3fd34ac9965af026ffc351930a/element/f.FB2DD181A464ADC1AE2979EE676D3DD4.d.6998629827D1AB3381FE5D21B3F853F1.e.914/click - {}
RESULT: undefined
COMMAND: POST /session/c5b30e3fd34ac9965af026ffc351930a/element - {"using":"xpath","value":"//*[@id=\"__tile36\"]"}
RESULT: {"using":"xpath","value":"//*[@id=\"__tile36\"]"}
COMMAND: POST /session/c5b30e3fd34ac9965af026ffc351930a/element/f.FB2DD181A464ADC1AE2979EE676D3DD4.d.6998629827D1AB3381FE5D21B3F853F1.e.914/click - {}
RESULT: undefined
COMMAND: POST /session/c5b30e3fd34ac9965af026ffc351930a/execute/async - {"script":"<script> [6424 bytes]","args":[{"element-6066-11e4-a52e-4f735466cecf":"f.FB2DD181A464ADC1AE2979EE676D3DD4.d.6998629827D1AB3381FE5D21B3F853F1.e.287"},"getTitle",[]]}
COMMAND: POST /session/c5b30e3fd34ac9965af026ffc351930a/execute/async - {"script":"<script> [1562 bytes]","args":[{"selector":{"id":"shellAppTitle"},"wdio_ui5_key":"shellAppTitle"}]}
RESULT: {"script":"<script> [1562 bytes]","args":[{"selector":{"id":"shellAppTitle"},"wdio_ui5_key":"shellAppTitle"}]}
COMMAND: POST /session/c5b30e3fd34ac9965af026ffc351930a/execute/async - {"script":"<script> [6424 bytes]","args":[{"element-6066-11e4-a52e-4f735466cecf":"f.FB2DD181A464ADC1AE2979EE676D3DD4.d.6998629827D1AB3381FE5D21B3F853F1.e.982"},"getTitle",[]]}
RESULT: {"script":"<script> [6424 bytes]","args":[{"element-6066-11e4-a52e-4f735466cecf":"f.FB2DD181A464ADC1AE2979EE676D3DD4.d.6998629827D1AB3381FE5D21B3F853F1.e.982"},"getTitle",[]]}
RESULT: undefined
COMMAND: POST /session/c5b30e3fd34ac9965af026ffc351930a/element/f.FB2DD181A464ADC1AE2979EE676D3DD4.d.6998629827D1AB3381FE5D21B3F853F1.e.841/click - {}
COMMAND: POST /session/c5b30e3fd34ac9965af026ffc351930a/element - {"using":"xpath","value":"//*[@id=\"backBtn\"]"}
RESULT: {"using":"xpath","value":"//*[@id=\"backBtn\"]"}
COMMAND: POST /session/c5b30e3fd34ac9965af026ffc351930a/element/f.FB2DD181A464ADC1AE2979EE676D3DD4.d.6998629827D1AB3381FE5D21B3F853F1.e.841/click - {}
COMMAND: POST /session/c5b30e3fd34ac9965af026ffc351930a/element - {"using":"xpath","value":"//*[@id=\"backBtn\"]"}
RESULT: {"using":"xpath","value":"//*[@id=\"backBtn\"]"}
COMMAND: POST /session/c5b30e3fd34ac9965af026ffc351930a/element/f.FB2DD181A464ADC1AE2979EE676D3DD4.d.6998629827D1AB3381FE5D21B3F853F1.e.983/click - {}
RESULT: {}
COMMAND: GET /session/c5b30e3fd34ac9965af026ffc351930a/screenshot - {}
RESULT: {}
]]></system-out>
    </testcase>
    <testcase classname="chrome.136_0_7103_93.windows.Sanity_Tests_US104253" name="Should open Address Management page" time="47.52">
      <system-out><![CDATA[
COMMAND: POST /session/c5b30e3fd34ac9965af026ffc351930a/execute/async - {"script":"<script> [1562 bytes]","args":[{"selector":{"controlType":"sap.m.GenericTile","properties":{"header":"Address Management"}},"wdio_ui5_key":"sapm.GenericTile{\"header\":\"Address Management\"}"}]}
RESULT: {"script":"<script> [1562 bytes]","args":[{"selector":{"controlType":"sap.m.GenericTile","properties":{"header":"Address Management"}},"wdio_ui5_key":"sapm.GenericTile{\"header\":\"Address Management\"}"}]}
RESULT: undefined
COMMAND: POST /session/c5b30e3fd34ac9965af026ffc351930a/element - {"using":"xpath","value":"//*[@id=\"__tile33\"]"}
RESULT: {"using":"xpath","value":"//*[@id=\"__tile33\"]"}
COMMAND: POST /session/c5b30e3fd34ac9965af026ffc351930a/element/f.FB2DD181A464ADC1AE2979EE676D3DD4.d.6998629827D1AB3381FE5D21B3F853F1.e.985/click - {}
RESULT: {}
COMMAND: GET /session/c5b30e3fd34ac9965af026ffc351930a/screenshot - {}
RESULT: {}
COMMAND: POST /session/c5b30e3fd34ac9965af026ffc351930a/elements - {"using":"xpath","value":"//span[text()='Error']"}
RESULT: {"using":"xpath","value":"//span[text()='Error']"}
RESULT: undefined
COMMAND: POST /session/c5b30e3fd34ac9965af026ffc351930a/element - {"using":"xpath","value":"//*[@id=\"__tile33\"]"}
RESULT: {"using":"xpath","value":"//*[@id=\"__tile33\"]"}
COMMAND: POST /session/c5b30e3fd34ac9965af026ffc351930a/element/f.FB2DD181A464ADC1AE2979EE676D3DD4.d.6998629827D1AB3381FE5D21B3F853F1.e.985/click - {}
RESULT: undefined
COMMAND: POST /session/c5b30e3fd34ac9965af026ffc351930a/element - {"using":"xpath","value":"//*[@id=\"__tile33\"]"}
RESULT: {"using":"xpath","value":"//*[@id=\"__tile33\"]"}
COMMAND: POST /session/c5b30e3fd34ac9965af026ffc351930a/element/f.FB2DD181A464ADC1AE2979EE676D3DD4.d.6998629827D1AB3381FE5D21B3F853F1.e.985/click - {}
RESULT: undefined
COMMAND: POST /session/c5b30e3fd34ac9965af026ffc351930a/execute/async - {"script":"<script> [6424 bytes]","args":[{"element-6066-11e4-a52e-4f735466cecf":"f.FB2DD181A464ADC1AE2979EE676D3DD4.d.6998629827D1AB3381FE5D21B3F853F1.e.287"},"getTitle",[]]}
COMMAND: POST /session/c5b30e3fd34ac9965af026ffc351930a/execute/async - {"script":"<script> [1562 bytes]","args":[{"selector":{"id":"shellAppTitle"},"wdio_ui5_key":"shellAppTitle"}]}
RESULT: {"script":"<script> [1562 bytes]","args":[{"selector":{"id":"shellAppTitle"},"wdio_ui5_key":"shellAppTitle"}]}
COMMAND: POST /session/c5b30e3fd34ac9965af026ffc351930a/execute/async - {"script":"<script> [6424 bytes]","args":[{"element-6066-11e4-a52e-4f735466cecf":"f.FB2DD181A464ADC1AE2979EE676D3DD4.d.6998629827D1AB3381FE5D21B3F853F1.e.1160"},"getTitle",[]]}
RESULT: {"script":"<script> [6424 bytes]","args":[{"element-6066-11e4-a52e-4f735466cecf":"f.FB2DD181A464ADC1AE2979EE676D3DD4.d.6998629827D1AB3381FE5D21B3F853F1.e.1160"},"getTitle",[]]}
RESULT: undefined
COMMAND: POST /session/c5b30e3fd34ac9965af026ffc351930a/element/f.FB2DD181A464ADC1AE2979EE676D3DD4.d.6998629827D1AB3381FE5D21B3F853F1.e.983/click - {}
RESULT: {}
COMMAND: GET /session/c5b30e3fd34ac9965af026ffc351930a/screenshot - {}
RESULT: {}
]]></system-out>
    </testcase>
    <testcase classname="chrome.136_0_7103_93.windows.Sanity_Tests_US104253" name="Should open Bill Of Resources page" time="36.331">
      <system-out><![CDATA[
COMMAND: POST /session/c5b30e3fd34ac9965af026ffc351930a/execute/async - {"script":"<script> [1562 bytes]","args":[{"selector":{"controlType":"sap.m.GenericTile","properties":{"header":"Bill Of Resources"}},"wdio_ui5_key":"sapm.GenericTile{\"header\":\"Bill Of Resources\"}"}]}
RESULT: {"script":"<script> [1562 bytes]","args":[{"selector":{"controlType":"sap.m.GenericTile","properties":{"header":"Bill Of Resources"}},"wdio_ui5_key":"sapm.GenericTile{\"header\":\"Bill Of Resources\"}"}]}
RESULT: undefined
COMMAND: POST /session/c5b30e3fd34ac9965af026ffc351930a/element - {"using":"xpath","value":"//*[@id=\"__tile34\"]"}
RESULT: {"using":"xpath","value":"//*[@id=\"__tile34\"]"}
COMMAND: POST /session/c5b30e3fd34ac9965af026ffc351930a/element/f.FB2DD181A464ADC1AE2979EE676D3DD4.d.6998629827D1AB3381FE5D21B3F853F1.e.1162/click - {}
RESULT: {}
COMMAND: GET /session/c5b30e3fd34ac9965af026ffc351930a/screenshot - {}
RESULT: {}
COMMAND: POST /session/c5b30e3fd34ac9965af026ffc351930a/elements - {"using":"xpath","value":"//span[text()='Error']"}
RESULT: {"using":"xpath","value":"//span[text()='Error']"}
RESULT: undefined
COMMAND: POST /session/c5b30e3fd34ac9965af026ffc351930a/element - {"using":"xpath","value":"//*[@id=\"__tile34\"]"}
RESULT: {"using":"xpath","value":"//*[@id=\"__tile34\"]"}
COMMAND: POST /session/c5b30e3fd34ac9965af026ffc351930a/element/f.FB2DD181A464ADC1AE2979EE676D3DD4.d.6998629827D1AB3381FE5D21B3F853F1.e.1162/click - {}
RESULT: undefined
COMMAND: POST /session/c5b30e3fd34ac9965af026ffc351930a/element - {"using":"xpath","value":"//*[@id=\"__tile34\"]"}
RESULT: {"using":"xpath","value":"//*[@id=\"__tile34\"]"}
COMMAND: POST /session/c5b30e3fd34ac9965af026ffc351930a/element/f.FB2DD181A464ADC1AE2979EE676D3DD4.d.6998629827D1AB3381FE5D21B3F853F1.e.1162/click - {}
RESULT: undefined
COMMAND: POST /session/c5b30e3fd34ac9965af026ffc351930a/execute/async - {"script":"<script> [6424 bytes]","args":[{"element-6066-11e4-a52e-4f735466cecf":"f.FB2DD181A464ADC1AE2979EE676D3DD4.d.6998629827D1AB3381FE5D21B3F853F1.e.287"},"getTitle",[]]}
COMMAND: POST /session/c5b30e3fd34ac9965af026ffc351930a/execute/async - {"script":"<script> [1562 bytes]","args":[{"selector":{"id":"shellAppTitle"},"wdio_ui5_key":"shellAppTitle"}]}
RESULT: {"script":"<script> [1562 bytes]","args":[{"selector":{"id":"shellAppTitle"},"wdio_ui5_key":"shellAppTitle"}]}
COMMAND: POST /session/c5b30e3fd34ac9965af026ffc351930a/execute/async - {"script":"<script> [6424 bytes]","args":[{"element-6066-11e4-a52e-4f735466cecf":"f.FB2DD181A464ADC1AE2979EE676D3DD4.d.6998629827D1AB3381FE5D21B3F853F1.e.1258"},"getTitle",[]]}
RESULT: {"script":"<script> [6424 bytes]","args":[{"element-6066-11e4-a52e-4f735466cecf":"f.FB2DD181A464ADC1AE2979EE676D3DD4.d.6998629827D1AB3381FE5D21B3F853F1.e.1258"},"getTitle",[]]}
RESULT: undefined
COMMAND: POST /session/c5b30e3fd34ac9965af026ffc351930a/element/f.FB2DD181A464ADC1AE2979EE676D3DD4.d.6998629827D1AB3381FE5D21B3F853F1.e.983/click - {}
COMMAND: POST /session/c5b30e3fd34ac9965af026ffc351930a/element - {"using":"xpath","value":"//*[@id=\"backBtn\"]"}
RESULT: {"using":"xpath","value":"//*[@id=\"backBtn\"]"}
COMMAND: POST /session/c5b30e3fd34ac9965af026ffc351930a/element/f.FB2DD181A464ADC1AE2979EE676D3DD4.d.6998629827D1AB3381FE5D21B3F853F1.e.983/click - {}
COMMAND: POST /session/c5b30e3fd34ac9965af026ffc351930a/element - {"using":"xpath","value":"//*[@id=\"backBtn\"]"}
RESULT: {"using":"xpath","value":"//*[@id=\"backBtn\"]"}
COMMAND: POST /session/c5b30e3fd34ac9965af026ffc351930a/element/f.FB2DD181A464ADC1AE2979EE676D3DD4.d.6998629827D1AB3381FE5D21B3F853F1.e.1259/click - {}
RESULT: {}
COMMAND: GET /session/c5b30e3fd34ac9965af026ffc351930a/screenshot - {}
RESULT: {}
]]></system-out>
    </testcase>
    <testcase classname="chrome.136_0_7103_93.windows.Sanity_Tests_US104253" name="Should open Manage Yards page" time="36.364">
      <system-out><![CDATA[
COMMAND: POST /session/c5b30e3fd34ac9965af026ffc351930a/execute/async - {"script":"<script> [1562 bytes]","args":[{"selector":{"controlType":"sap.m.GenericTile","properties":{"header":"Manage Yards"}},"wdio_ui5_key":"sapm.GenericTile{\"header\":\"Manage Yards\"}"}]}
RESULT: {"script":"<script> [1562 bytes]","args":[{"selector":{"controlType":"sap.m.GenericTile","properties":{"header":"Manage Yards"}},"wdio_ui5_key":"sapm.GenericTile{\"header\":\"Manage Yards\"}"}]}
RESULT: undefined
COMMAND: POST /session/c5b30e3fd34ac9965af026ffc351930a/element - {"using":"xpath","value":"//*[@id=\"__tile41\"]"}
RESULT: {"using":"xpath","value":"//*[@id=\"__tile41\"]"}
COMMAND: POST /session/c5b30e3fd34ac9965af026ffc351930a/element/f.FB2DD181A464ADC1AE2979EE676D3DD4.d.6998629827D1AB3381FE5D21B3F853F1.e.1261/click - {}
RESULT: {}
COMMAND: GET /session/c5b30e3fd34ac9965af026ffc351930a/screenshot - {}
RESULT: {}
COMMAND: POST /session/c5b30e3fd34ac9965af026ffc351930a/elements - {"using":"xpath","value":"//span[text()='Error']"}
RESULT: {"using":"xpath","value":"//span[text()='Error']"}
RESULT: undefined
COMMAND: POST /session/c5b30e3fd34ac9965af026ffc351930a/element - {"using":"xpath","value":"//*[@id=\"__tile41\"]"}
RESULT: {"using":"xpath","value":"//*[@id=\"__tile41\"]"}
COMMAND: POST /session/c5b30e3fd34ac9965af026ffc351930a/element/f.FB2DD181A464ADC1AE2979EE676D3DD4.d.6998629827D1AB3381FE5D21B3F853F1.e.1261/click - {}
RESULT: undefined
COMMAND: POST /session/c5b30e3fd34ac9965af026ffc351930a/element - {"using":"xpath","value":"//*[@id=\"__tile41\"]"}
RESULT: {"using":"xpath","value":"//*[@id=\"__tile41\"]"}
COMMAND: POST /session/c5b30e3fd34ac9965af026ffc351930a/element/f.FB2DD181A464ADC1AE2979EE676D3DD4.d.6998629827D1AB3381FE5D21B3F853F1.e.1261/click - {}
RESULT: undefined
COMMAND: POST /session/c5b30e3fd34ac9965af026ffc351930a/execute/async - {"script":"<script> [6424 bytes]","args":[{"element-6066-11e4-a52e-4f735466cecf":"f.FB2DD181A464ADC1AE2979EE676D3DD4.d.6998629827D1AB3381FE5D21B3F853F1.e.287"},"getTitle",[]]}
COMMAND: POST /session/c5b30e3fd34ac9965af026ffc351930a/execute/async - {"script":"<script> [1562 bytes]","args":[{"selector":{"id":"shellAppTitle"},"wdio_ui5_key":"shellAppTitle"}]}
RESULT: {"script":"<script> [1562 bytes]","args":[{"selector":{"id":"shellAppTitle"},"wdio_ui5_key":"shellAppTitle"}]}
COMMAND: POST /session/c5b30e3fd34ac9965af026ffc351930a/execute/async - {"script":"<script> [6424 bytes]","args":[{"element-6066-11e4-a52e-4f735466cecf":"f.FB2DD181A464ADC1AE2979EE676D3DD4.d.6998629827D1AB3381FE5D21B3F853F1.e.1444"},"getTitle",[]]}
RESULT: {"script":"<script> [6424 bytes]","args":[{"element-6066-11e4-a52e-4f735466cecf":"f.FB2DD181A464ADC1AE2979EE676D3DD4.d.6998629827D1AB3381FE5D21B3F853F1.e.1444"},"getTitle",[]]}
RESULT: undefined
COMMAND: POST /session/c5b30e3fd34ac9965af026ffc351930a/element/f.FB2DD181A464ADC1AE2979EE676D3DD4.d.6998629827D1AB3381FE5D21B3F853F1.e.1259/click - {}
RESULT: {}
COMMAND: GET /session/c5b30e3fd34ac9965af026ffc351930a/screenshot - {}
RESULT: {}
]]></system-out>
    </testcase>
    <testcase classname="chrome.136_0_7103_93.windows.Sanity_Tests_US104253" name="Should open Manage Requests page" time="37.506">
      <system-out><![CDATA[
COMMAND: POST /session/c5b30e3fd34ac9965af026ffc351930a/execute/async - {"script":"<script> [1562 bytes]","args":[{"selector":{"controlType":"sap.m.GenericTile","properties":{"header":"Manage Requests"}},"wdio_ui5_key":"sapm.GenericTile{\"header\":\"Manage Requests\"}"}]}
RESULT: {"script":"<script> [1562 bytes]","args":[{"selector":{"controlType":"sap.m.GenericTile","properties":{"header":"Manage Requests"}},"wdio_ui5_key":"sapm.GenericTile{\"header\":\"Manage Requests\"}"}]}
RESULT: undefined
COMMAND: POST /session/c5b30e3fd34ac9965af026ffc351930a/element - {"using":"xpath","value":"//*[@id=\"__tile47\"]"}
RESULT: {"using":"xpath","value":"//*[@id=\"__tile47\"]"}
COMMAND: POST /session/c5b30e3fd34ac9965af026ffc351930a/element/f.FB2DD181A464ADC1AE2979EE676D3DD4.d.6998629827D1AB3381FE5D21B3F853F1.e.1446/click - {}
RESULT: {}
COMMAND: GET /session/c5b30e3fd34ac9965af026ffc351930a/screenshot - {}
RESULT: {}
COMMAND: POST /session/c5b30e3fd34ac9965af026ffc351930a/elements - {"using":"xpath","value":"//span[text()='Error']"}
RESULT: {"using":"xpath","value":"//span[text()='Error']"}
RESULT: undefined
COMMAND: POST /session/c5b30e3fd34ac9965af026ffc351930a/element - {"using":"xpath","value":"//*[@id=\"__tile47\"]"}
RESULT: {"using":"xpath","value":"//*[@id=\"__tile47\"]"}
COMMAND: POST /session/c5b30e3fd34ac9965af026ffc351930a/element/f.FB2DD181A464ADC1AE2979EE676D3DD4.d.6998629827D1AB3381FE5D21B3F853F1.e.1446/click - {}
RESULT: undefined
COMMAND: POST /session/c5b30e3fd34ac9965af026ffc351930a/element - {"using":"xpath","value":"//*[@id=\"__tile47\"]"}
RESULT: {"using":"xpath","value":"//*[@id=\"__tile47\"]"}
COMMAND: POST /session/c5b30e3fd34ac9965af026ffc351930a/element/f.FB2DD181A464ADC1AE2979EE676D3DD4.d.6998629827D1AB3381FE5D21B3F853F1.e.1446/click - {}
RESULT: undefined
COMMAND: POST /session/c5b30e3fd34ac9965af026ffc351930a/execute/async - {"script":"<script> [6424 bytes]","args":[{"element-6066-11e4-a52e-4f735466cecf":"f.FB2DD181A464ADC1AE2979EE676D3DD4.d.6998629827D1AB3381FE5D21B3F853F1.e.287"},"getTitle",[]]}
COMMAND: POST /session/c5b30e3fd34ac9965af026ffc351930a/execute/async - {"script":"<script> [1562 bytes]","args":[{"selector":{"id":"shellAppTitle"},"wdio_ui5_key":"shellAppTitle"}]}
RESULT: {"script":"<script> [1562 bytes]","args":[{"selector":{"id":"shellAppTitle"},"wdio_ui5_key":"shellAppTitle"}]}
COMMAND: POST /session/c5b30e3fd34ac9965af026ffc351930a/execute/async - {"script":"<script> [6424 bytes]","args":[{"element-6066-11e4-a52e-4f735466cecf":"f.FB2DD181A464ADC1AE2979EE676D3DD4.d.6998629827D1AB3381FE5D21B3F853F1.e.1544"},"getTitle",[]]}
RESULT: {"script":"<script> [6424 bytes]","args":[{"element-6066-11e4-a52e-4f735466cecf":"f.FB2DD181A464ADC1AE2979EE676D3DD4.d.6998629827D1AB3381FE5D21B3F853F1.e.1544"},"getTitle",[]]}
RESULT: undefined
COMMAND: POST /session/c5b30e3fd34ac9965af026ffc351930a/element/f.FB2DD181A464ADC1AE2979EE676D3DD4.d.6998629827D1AB3381FE5D21B3F853F1.e.1259/click - {}
COMMAND: POST /session/c5b30e3fd34ac9965af026ffc351930a/element - {"using":"xpath","value":"//*[@id=\"backBtn\"]"}
RESULT: {"using":"xpath","value":"//*[@id=\"backBtn\"]"}
COMMAND: POST /session/c5b30e3fd34ac9965af026ffc351930a/element/f.FB2DD181A464ADC1AE2979EE676D3DD4.d.6998629827D1AB3381FE5D21B3F853F1.e.1259/click - {}
COMMAND: POST /session/c5b30e3fd34ac9965af026ffc351930a/element - {"using":"xpath","value":"//*[@id=\"backBtn\"]"}
RESULT: {"using":"xpath","value":"//*[@id=\"backBtn\"]"}
COMMAND: POST /session/c5b30e3fd34ac9965af026ffc351930a/element/f.FB2DD181A464ADC1AE2979EE676D3DD4.d.6998629827D1AB3381FE5D21B3F853F1.e.1545/click - {}
RESULT: {}
COMMAND: GET /session/c5b30e3fd34ac9965af026ffc351930a/screenshot - {}
RESULT: {}
]]></system-out>
    </testcase>
    <testcase classname="chrome.136_0_7103_93.windows.Sanity_Tests_US104253" name="Should open Manage Purchasing page" time="36.36">
      <system-out><![CDATA[
COMMAND: POST /session/c5b30e3fd34ac9965af026ffc351930a/execute/async - {"script":"<script> [1562 bytes]","args":[{"selector":{"controlType":"sap.m.GenericTile","properties":{"header":"Manage Purchasing"}},"wdio_ui5_key":"sapm.GenericTile{\"header\":\"Manage Purchasing\"}"}]}
RESULT: {"script":"<script> [1562 bytes]","args":[{"selector":{"controlType":"sap.m.GenericTile","properties":{"header":"Manage Purchasing"}},"wdio_ui5_key":"sapm.GenericTile{\"header\":\"Manage Purchasing\"}"}]}
RESULT: undefined
COMMAND: POST /session/c5b30e3fd34ac9965af026ffc351930a/element - {"using":"xpath","value":"//*[@id=\"__tile46\"]"}
RESULT: {"using":"xpath","value":"//*[@id=\"__tile46\"]"}
COMMAND: POST /session/c5b30e3fd34ac9965af026ffc351930a/element/f.FB2DD181A464ADC1AE2979EE676D3DD4.d.6998629827D1AB3381FE5D21B3F853F1.e.1548/click - {}
RESULT: {}
COMMAND: GET /session/c5b30e3fd34ac9965af026ffc351930a/screenshot - {}
RESULT: {}
COMMAND: POST /session/c5b30e3fd34ac9965af026ffc351930a/elements - {"using":"xpath","value":"//span[text()='Error']"}
RESULT: {"using":"xpath","value":"//span[text()='Error']"}
RESULT: undefined
COMMAND: POST /session/c5b30e3fd34ac9965af026ffc351930a/element - {"using":"xpath","value":"//*[@id=\"__tile46\"]"}
RESULT: {"using":"xpath","value":"//*[@id=\"__tile46\"]"}
COMMAND: POST /session/c5b30e3fd34ac9965af026ffc351930a/element/f.FB2DD181A464ADC1AE2979EE676D3DD4.d.6998629827D1AB3381FE5D21B3F853F1.e.1548/click - {}
RESULT: undefined
COMMAND: POST /session/c5b30e3fd34ac9965af026ffc351930a/element - {"using":"xpath","value":"//*[@id=\"__tile46\"]"}
RESULT: {"using":"xpath","value":"//*[@id=\"__tile46\"]"}
COMMAND: POST /session/c5b30e3fd34ac9965af026ffc351930a/element/f.FB2DD181A464ADC1AE2979EE676D3DD4.d.6998629827D1AB3381FE5D21B3F853F1.e.1548/click - {}
RESULT: undefined
COMMAND: POST /session/c5b30e3fd34ac9965af026ffc351930a/execute/async - {"script":"<script> [6424 bytes]","args":[{"element-6066-11e4-a52e-4f735466cecf":"f.FB2DD181A464ADC1AE2979EE676D3DD4.d.6998629827D1AB3381FE5D21B3F853F1.e.287"},"getTitle",[]]}
COMMAND: POST /session/c5b30e3fd34ac9965af026ffc351930a/execute/async - {"script":"<script> [1562 bytes]","args":[{"selector":{"id":"shellAppTitle"},"wdio_ui5_key":"shellAppTitle"}]}
RESULT: {"script":"<script> [1562 bytes]","args":[{"selector":{"id":"shellAppTitle"},"wdio_ui5_key":"shellAppTitle"}]}
COMMAND: POST /session/c5b30e3fd34ac9965af026ffc351930a/execute/async - {"script":"<script> [6424 bytes]","args":[{"element-6066-11e4-a52e-4f735466cecf":"f.FB2DD181A464ADC1AE2979EE676D3DD4.d.6998629827D1AB3381FE5D21B3F853F1.e.1629"},"getTitle",[]]}
RESULT: {"script":"<script> [6424 bytes]","args":[{"element-6066-11e4-a52e-4f735466cecf":"f.FB2DD181A464ADC1AE2979EE676D3DD4.d.6998629827D1AB3381FE5D21B3F853F1.e.1629"},"getTitle",[]]}
RESULT: undefined
COMMAND: POST /session/c5b30e3fd34ac9965af026ffc351930a/element/f.FB2DD181A464ADC1AE2979EE676D3DD4.d.6998629827D1AB3381FE5D21B3F853F1.e.1545/click - {}
RESULT: {}
COMMAND: GET /session/c5b30e3fd34ac9965af026ffc351930a/screenshot - {}
RESULT: {}
]]></system-out>
    </testcase>
    <testcase classname="chrome.136_0_7103_93.windows.Sanity_Tests_US104253" name="Should open Planning Board page" time="36.199">
      <system-out><![CDATA[
COMMAND: POST /session/c5b30e3fd34ac9965af026ffc351930a/execute/async - {"script":"<script> [1562 bytes]","args":[{"selector":{"controlType":"sap.m.GenericTile","properties":{"header":"Planning Board"}},"wdio_ui5_key":"sapm.GenericTile{\"header\":\"Planning Board\"}"}]}
RESULT: {"script":"<script> [1562 bytes]","args":[{"selector":{"controlType":"sap.m.GenericTile","properties":{"header":"Planning Board"}},"wdio_ui5_key":"sapm.GenericTile{\"header\":\"Planning Board\"}"}]}
RESULT: undefined
COMMAND: POST /session/c5b30e3fd34ac9965af026ffc351930a/element - {"using":"xpath","value":"//*[@id=\"__tile131\"]"}
RESULT: {"using":"xpath","value":"//*[@id=\"__tile131\"]"}
COMMAND: POST /session/c5b30e3fd34ac9965af026ffc351930a/element/f.FB2DD181A464ADC1AE2979EE676D3DD4.d.6998629827D1AB3381FE5D21B3F853F1.e.1631/click - {}
RESULT: {}
COMMAND: GET /session/c5b30e3fd34ac9965af026ffc351930a/screenshot - {}
RESULT: {}
COMMAND: POST /session/c5b30e3fd34ac9965af026ffc351930a/elements - {"using":"xpath","value":"//span[text()='Error']"}
RESULT: {"using":"xpath","value":"//span[text()='Error']"}
RESULT: undefined
COMMAND: POST /session/c5b30e3fd34ac9965af026ffc351930a/element - {"using":"xpath","value":"//*[@id=\"__tile131\"]"}
RESULT: {"using":"xpath","value":"//*[@id=\"__tile131\"]"}
COMMAND: POST /session/c5b30e3fd34ac9965af026ffc351930a/element/f.FB2DD181A464ADC1AE2979EE676D3DD4.d.6998629827D1AB3381FE5D21B3F853F1.e.1631/click - {}
RESULT: undefined
COMMAND: POST /session/c5b30e3fd34ac9965af026ffc351930a/element - {"using":"xpath","value":"//*[@id=\"__tile131\"]"}
RESULT: {"using":"xpath","value":"//*[@id=\"__tile131\"]"}
COMMAND: POST /session/c5b30e3fd34ac9965af026ffc351930a/element/f.FB2DD181A464ADC1AE2979EE676D3DD4.d.6998629827D1AB3381FE5D21B3F853F1.e.1631/click - {}
RESULT: undefined
COMMAND: POST /session/c5b30e3fd34ac9965af026ffc351930a/execute/async - {"script":"<script> [6424 bytes]","args":[{"element-6066-11e4-a52e-4f735466cecf":"f.FB2DD181A464ADC1AE2979EE676D3DD4.d.6998629827D1AB3381FE5D21B3F853F1.e.287"},"getTitle",[]]}
COMMAND: POST /session/c5b30e3fd34ac9965af026ffc351930a/execute/async - {"script":"<script> [1562 bytes]","args":[{"selector":{"id":"shellAppTitle"},"wdio_ui5_key":"shellAppTitle"}]}
RESULT: {"script":"<script> [1562 bytes]","args":[{"selector":{"id":"shellAppTitle"},"wdio_ui5_key":"shellAppTitle"}]}
COMMAND: POST /session/c5b30e3fd34ac9965af026ffc351930a/execute/async - {"script":"<script> [6424 bytes]","args":[{"element-6066-11e4-a52e-4f735466cecf":"f.FB2DD181A464ADC1AE2979EE676D3DD4.d.6998629827D1AB3381FE5D21B3F853F1.e.1681"},"getTitle",[]]}
RESULT: {"script":"<script> [6424 bytes]","args":[{"element-6066-11e4-a52e-4f735466cecf":"f.FB2DD181A464ADC1AE2979EE676D3DD4.d.6998629827D1AB3381FE5D21B3F853F1.e.1681"},"getTitle",[]]}
RESULT: undefined
COMMAND: POST /session/c5b30e3fd34ac9965af026ffc351930a/element/f.FB2DD181A464ADC1AE2979EE676D3DD4.d.6998629827D1AB3381FE5D21B3F853F1.e.1545/click - {}
COMMAND: POST /session/c5b30e3fd34ac9965af026ffc351930a/element/f.FB2DD181A464ADC1AE2979EE676D3DD4.d.6998629827D1AB3381FE5D21B3F853F1.e.1545/click - {}
COMMAND: POST /session/c5b30e3fd34ac9965af026ffc351930a/element - {"using":"xpath","value":"//*[@id=\"backBtn\"]"}
COMMAND: POST /session/c5b30e3fd34ac9965af026ffc351930a/element - {"using":"xpath","value":"//*[@id=\"backBtn\"]"}
RESULT: {"using":"xpath","value":"//*[@id=\"backBtn\"]"}
COMMAND: POST /session/c5b30e3fd34ac9965af026ffc351930a/element/f.FB2DD181A464ADC1AE2979EE676D3DD4.d.6998629827D1AB3381FE5D21B3F853F1.e.1545/click - {}
RESULT: {"using":"xpath","value":"//*[@id=\"backBtn\"]"}
COMMAND: POST /session/c5b30e3fd34ac9965af026ffc351930a/element/f.FB2DD181A464ADC1AE2979EE676D3DD4.d.6998629827D1AB3381FE5D21B3F853F1.e.1545/click - {}
COMMAND: POST /session/c5b30e3fd34ac9965af026ffc351930a/element - {"using":"xpath","value":"//*[@id=\"backBtn\"]"}
COMMAND: POST /session/c5b30e3fd34ac9965af026ffc351930a/element - {"using":"xpath","value":"//*[@id=\"backBtn\"]"}
RESULT: {"using":"xpath","value":"//*[@id=\"backBtn\"]"}
COMMAND: POST /session/c5b30e3fd34ac9965af026ffc351930a/element/f.FB2DD181A464ADC1AE2979EE676D3DD4.d.6998629827D1AB3381FE5D21B3F853F1.e.1682/click - {}
RESULT: {"using":"xpath","value":"//*[@id=\"backBtn\"]"}
COMMAND: POST /session/c5b30e3fd34ac9965af026ffc351930a/element/f.FB2DD181A464ADC1AE2979EE676D3DD4.d.6998629827D1AB3381FE5D21B3F853F1.e.1682/click - {}
RESULT: {}
COMMAND: GET /session/c5b30e3fd34ac9965af026ffc351930a/screenshot - {}
RESULT: {}
COMMAND: GET /session/c5b30e3fd34ac9965af026ffc351930a/screenshot - {}
RESULT: {}
RESULT: {}
]]></system-out>
    </testcase>
    <testcase classname="chrome.136_0_7103_93.windows.Sanity_Tests_US104253" name="Should open Manage Contracts page" time="36.712">
      <system-out><![CDATA[
COMMAND: POST /session/c5b30e3fd34ac9965af026ffc351930a/execute/async - {"script":"<script> [1562 bytes]","args":[{"selector":{"controlType":"sap.m.GenericTile","properties":{"header":"Manage Contracts"}},"wdio_ui5_key":"sapm.GenericTile{\"header\":\"Manage Contracts\"}"}]}
RESULT: {"script":"<script> [1562 bytes]","args":[{"selector":{"controlType":"sap.m.GenericTile","properties":{"header":"Manage Contracts"}},"wdio_ui5_key":"sapm.GenericTile{\"header\":\"Manage Contracts\"}"}]}
RESULT: undefined
COMMAND: POST /session/c5b30e3fd34ac9965af026ffc351930a/element - {"using":"xpath","value":"//*[@id=\"__tile132\"]"}
RESULT: {"using":"xpath","value":"//*[@id=\"__tile132\"]"}
COMMAND: POST /session/c5b30e3fd34ac9965af026ffc351930a/element/f.FB2DD181A464ADC1AE2979EE676D3DD4.d.6998629827D1AB3381FE5D21B3F853F1.e.1684/click - {}
RESULT: {}
COMMAND: GET /session/c5b30e3fd34ac9965af026ffc351930a/screenshot - {}
RESULT: {}
COMMAND: POST /session/c5b30e3fd34ac9965af026ffc351930a/elements - {"using":"xpath","value":"//span[text()='Error']"}
RESULT: {"using":"xpath","value":"//span[text()='Error']"}
RESULT: undefined
COMMAND: POST /session/c5b30e3fd34ac9965af026ffc351930a/element - {"using":"xpath","value":"//*[@id=\"__tile132\"]"}
RESULT: {"using":"xpath","value":"//*[@id=\"__tile132\"]"}
COMMAND: POST /session/c5b30e3fd34ac9965af026ffc351930a/element/f.FB2DD181A464ADC1AE2979EE676D3DD4.d.6998629827D1AB3381FE5D21B3F853F1.e.1684/click - {}
RESULT: undefined
COMMAND: POST /session/c5b30e3fd34ac9965af026ffc351930a/element - {"using":"xpath","value":"//*[@id=\"__tile132\"]"}
RESULT: {"using":"xpath","value":"//*[@id=\"__tile132\"]"}
COMMAND: POST /session/c5b30e3fd34ac9965af026ffc351930a/element/f.FB2DD181A464ADC1AE2979EE676D3DD4.d.6998629827D1AB3381FE5D21B3F853F1.e.1684/click - {}
RESULT: undefined
COMMAND: POST /session/c5b30e3fd34ac9965af026ffc351930a/execute/async - {"script":"<script> [6424 bytes]","args":[{"element-6066-11e4-a52e-4f735466cecf":"f.FB2DD181A464ADC1AE2979EE676D3DD4.d.6998629827D1AB3381FE5D21B3F853F1.e.287"},"getTitle",[]]}
COMMAND: POST /session/c5b30e3fd34ac9965af026ffc351930a/execute/async - {"script":"<script> [1562 bytes]","args":[{"selector":{"id":"shellAppTitle"},"wdio_ui5_key":"shellAppTitle"}]}
RESULT: {"script":"<script> [1562 bytes]","args":[{"selector":{"id":"shellAppTitle"},"wdio_ui5_key":"shellAppTitle"}]}
COMMAND: POST /session/c5b30e3fd34ac9965af026ffc351930a/execute/async - {"script":"<script> [6424 bytes]","args":[{"element-6066-11e4-a52e-4f735466cecf":"f.FB2DD181A464ADC1AE2979EE676D3DD4.d.6998629827D1AB3381FE5D21B3F853F1.e.1746"},"getTitle",[]]}
RESULT: {"script":"<script> [6424 bytes]","args":[{"element-6066-11e4-a52e-4f735466cecf":"f.FB2DD181A464ADC1AE2979EE676D3DD4.d.6998629827D1AB3381FE5D21B3F853F1.e.1746"},"getTitle",[]]}
RESULT: undefined
COMMAND: POST /session/c5b30e3fd34ac9965af026ffc351930a/element/f.FB2DD181A464ADC1AE2979EE676D3DD4.d.6998629827D1AB3381FE5D21B3F853F1.e.1682/click - {}
RESULT: {}
COMMAND: GET /session/c5b30e3fd34ac9965af026ffc351930a/screenshot - {}
RESULT: {}
]]></system-out>
    </testcase>
    <testcase classname="chrome.136_0_7103_93.windows.Sanity_Tests_US104253" name="Should open Manage Quotations page" time="35.965">
      <system-out><![CDATA[
COMMAND: POST /session/c5b30e3fd34ac9965af026ffc351930a/execute/async - {"script":"<script> [1562 bytes]","args":[{"selector":{"controlType":"sap.m.GenericTile","properties":{"header":"Manage Quotations"}},"wdio_ui5_key":"sapm.GenericTile{\"header\":\"Manage Quotations\"}"}]}
RESULT: {"script":"<script> [1562 bytes]","args":[{"selector":{"controlType":"sap.m.GenericTile","properties":{"header":"Manage Quotations"}},"wdio_ui5_key":"sapm.GenericTile{\"header\":\"Manage Quotations\"}"}]}
RESULT: undefined
COMMAND: POST /session/c5b30e3fd34ac9965af026ffc351930a/element - {"using":"xpath","value":"//*[@id=\"__tile130\"]"}
RESULT: {"using":"xpath","value":"//*[@id=\"__tile130\"]"}
COMMAND: POST /session/c5b30e3fd34ac9965af026ffc351930a/element/f.FB2DD181A464ADC1AE2979EE676D3DD4.d.6998629827D1AB3381FE5D21B3F853F1.e.1748/click - {}
RESULT: {}
COMMAND: GET /session/c5b30e3fd34ac9965af026ffc351930a/screenshot - {}
RESULT: {}
COMMAND: POST /session/c5b30e3fd34ac9965af026ffc351930a/elements - {"using":"xpath","value":"//span[text()='Error']"}
RESULT: {"using":"xpath","value":"//span[text()='Error']"}
RESULT: undefined
COMMAND: POST /session/c5b30e3fd34ac9965af026ffc351930a/element - {"using":"xpath","value":"//*[@id=\"__tile130\"]"}
RESULT: {"using":"xpath","value":"//*[@id=\"__tile130\"]"}
COMMAND: POST /session/c5b30e3fd34ac9965af026ffc351930a/element/f.FB2DD181A464ADC1AE2979EE676D3DD4.d.6998629827D1AB3381FE5D21B3F853F1.e.1748/click - {}
RESULT: undefined
COMMAND: POST /session/c5b30e3fd34ac9965af026ffc351930a/element - {"using":"xpath","value":"//*[@id=\"__tile130\"]"}
RESULT: {"using":"xpath","value":"//*[@id=\"__tile130\"]"}
COMMAND: POST /session/c5b30e3fd34ac9965af026ffc351930a/element/f.FB2DD181A464ADC1AE2979EE676D3DD4.d.6998629827D1AB3381FE5D21B3F853F1.e.1748/click - {}
RESULT: undefined
COMMAND: POST /session/c5b30e3fd34ac9965af026ffc351930a/execute/async - {"script":"<script> [6424 bytes]","args":[{"element-6066-11e4-a52e-4f735466cecf":"f.FB2DD181A464ADC1AE2979EE676D3DD4.d.6998629827D1AB3381FE5D21B3F853F1.e.287"},"getTitle",[]]}
COMMAND: POST /session/c5b30e3fd34ac9965af026ffc351930a/execute/async - {"script":"<script> [1562 bytes]","args":[{"selector":{"id":"shellAppTitle"},"wdio_ui5_key":"shellAppTitle"}]}
RESULT: {"script":"<script> [1562 bytes]","args":[{"selector":{"id":"shellAppTitle"},"wdio_ui5_key":"shellAppTitle"}]}
COMMAND: POST /session/c5b30e3fd34ac9965af026ffc351930a/execute/async - {"script":"<script> [6424 bytes]","args":[{"element-6066-11e4-a52e-4f735466cecf":"f.FB2DD181A464ADC1AE2979EE676D3DD4.d.6998629827D1AB3381FE5D21B3F853F1.e.1821"},"getTitle",[]]}
RESULT: {"script":"<script> [6424 bytes]","args":[{"element-6066-11e4-a52e-4f735466cecf":"f.FB2DD181A464ADC1AE2979EE676D3DD4.d.6998629827D1AB3381FE5D21B3F853F1.e.1821"},"getTitle",[]]}
RESULT: undefined
COMMAND: POST /session/c5b30e3fd34ac9965af026ffc351930a/element/f.FB2DD181A464ADC1AE2979EE676D3DD4.d.6998629827D1AB3381FE5D21B3F853F1.e.1682/click - {}
COMMAND: POST /session/c5b30e3fd34ac9965af026ffc351930a/element - {"using":"xpath","value":"//*[@id=\"backBtn\"]"}
RESULT: {"using":"xpath","value":"//*[@id=\"backBtn\"]"}
COMMAND: POST /session/c5b30e3fd34ac9965af026ffc351930a/element/f.FB2DD181A464ADC1AE2979EE676D3DD4.d.6998629827D1AB3381FE5D21B3F853F1.e.1682/click - {}
COMMAND: POST /session/c5b30e3fd34ac9965af026ffc351930a/element - {"using":"xpath","value":"//*[@id=\"backBtn\"]"}
RESULT: {"using":"xpath","value":"//*[@id=\"backBtn\"]"}
COMMAND: POST /session/c5b30e3fd34ac9965af026ffc351930a/element/f.FB2DD181A464ADC1AE2979EE676D3DD4.d.6998629827D1AB3381FE5D21B3F853F1.e.1822/click - {}
RESULT: {}
COMMAND: GET /session/c5b30e3fd34ac9965af026ffc351930a/screenshot - {}
RESULT: {}
]]></system-out>
    </testcase>
    <testcase classname="chrome.136_0_7103_93.windows.Sanity_Tests_US104253" name="Should open Manage Handovers page" time="36.434">
      <system-out><![CDATA[
COMMAND: POST /session/c5b30e3fd34ac9965af026ffc351930a/execute/async - {"script":"<script> [1562 bytes]","args":[{"selector":{"controlType":"sap.m.GenericTile","properties":{"header":"Manage Handovers"}},"wdio_ui5_key":"sapm.GenericTile{\"header\":\"Manage Handovers\"}"}]}
RESULT: {"script":"<script> [1562 bytes]","args":[{"selector":{"controlType":"sap.m.GenericTile","properties":{"header":"Manage Handovers"}},"wdio_ui5_key":"sapm.GenericTile{\"header\":\"Manage Handovers\"}"}]}
RESULT: undefined
COMMAND: POST /session/c5b30e3fd34ac9965af026ffc351930a/element - {"using":"xpath","value":"//*[@id=\"__tile133\"]"}
RESULT: {"using":"xpath","value":"//*[@id=\"__tile133\"]"}
COMMAND: POST /session/c5b30e3fd34ac9965af026ffc351930a/element/f.FB2DD181A464ADC1AE2979EE676D3DD4.d.6998629827D1AB3381FE5D21B3F853F1.e.1824/click - {}
RESULT: {}
COMMAND: GET /session/c5b30e3fd34ac9965af026ffc351930a/screenshot - {}
RESULT: {}
COMMAND: POST /session/c5b30e3fd34ac9965af026ffc351930a/elements - {"using":"xpath","value":"//span[text()='Error']"}
RESULT: {"using":"xpath","value":"//span[text()='Error']"}
RESULT: undefined
COMMAND: POST /session/c5b30e3fd34ac9965af026ffc351930a/element - {"using":"xpath","value":"//*[@id=\"__tile133\"]"}
RESULT: {"using":"xpath","value":"//*[@id=\"__tile133\"]"}
COMMAND: POST /session/c5b30e3fd34ac9965af026ffc351930a/element/f.FB2DD181A464ADC1AE2979EE676D3DD4.d.6998629827D1AB3381FE5D21B3F853F1.e.1824/click - {}
RESULT: undefined
COMMAND: POST /session/c5b30e3fd34ac9965af026ffc351930a/element - {"using":"xpath","value":"//*[@id=\"__tile133\"]"}
RESULT: {"using":"xpath","value":"//*[@id=\"__tile133\"]"}
COMMAND: POST /session/c5b30e3fd34ac9965af026ffc351930a/element/f.FB2DD181A464ADC1AE2979EE676D3DD4.d.6998629827D1AB3381FE5D21B3F853F1.e.1824/click - {}
RESULT: undefined
COMMAND: POST /session/c5b30e3fd34ac9965af026ffc351930a/execute/async - {"script":"<script> [6424 bytes]","args":[{"element-6066-11e4-a52e-4f735466cecf":"f.FB2DD181A464ADC1AE2979EE676D3DD4.d.6998629827D1AB3381FE5D21B3F853F1.e.287"},"getTitle",[]]}
COMMAND: POST /session/c5b30e3fd34ac9965af026ffc351930a/execute/async - {"script":"<script> [1562 bytes]","args":[{"selector":{"id":"shellAppTitle"},"wdio_ui5_key":"shellAppTitle"}]}
RESULT: {"script":"<script> [1562 bytes]","args":[{"selector":{"id":"shellAppTitle"},"wdio_ui5_key":"shellAppTitle"}]}
COMMAND: POST /session/c5b30e3fd34ac9965af026ffc351930a/execute/async - {"script":"<script> [6424 bytes]","args":[{"element-6066-11e4-a52e-4f735466cecf":"f.FB2DD181A464ADC1AE2979EE676D3DD4.d.6998629827D1AB3381FE5D21B3F853F1.e.1913"},"getTitle",[]]}
RESULT: {"script":"<script> [6424 bytes]","args":[{"element-6066-11e4-a52e-4f735466cecf":"f.FB2DD181A464ADC1AE2979EE676D3DD4.d.6998629827D1AB3381FE5D21B3F853F1.e.1913"},"getTitle",[]]}
RESULT: undefined
COMMAND: POST /session/c5b30e3fd34ac9965af026ffc351930a/element/f.FB2DD181A464ADC1AE2979EE676D3DD4.d.6998629827D1AB3381FE5D21B3F853F1.e.1822/click - {}
RESULT: {}
COMMAND: GET /session/c5b30e3fd34ac9965af026ffc351930a/screenshot - {}
RESULT: {}
]]></system-out>
    </testcase>
    <testcase classname="chrome.136_0_7103_93.windows.Sanity_Tests_US104253" name="Should open Delivery Monitor page" time="37.661">
      <system-out><![CDATA[
COMMAND: POST /session/c5b30e3fd34ac9965af026ffc351930a/execute/async - {"script":"<script> [1562 bytes]","args":[{"selector":{"controlType":"sap.m.GenericTile","properties":{"header":"Delivery Monitor"}},"wdio_ui5_key":"sapm.GenericTile{\"header\":\"Delivery Monitor\"}"}]}
RESULT: {"script":"<script> [1562 bytes]","args":[{"selector":{"controlType":"sap.m.GenericTile","properties":{"header":"Delivery Monitor"}},"wdio_ui5_key":"sapm.GenericTile{\"header\":\"Delivery Monitor\"}"}]}
RESULT: undefined
COMMAND: POST /session/c5b30e3fd34ac9965af026ffc351930a/element - {"using":"xpath","value":"//*[@id=\"__tile43\"]"}
RESULT: {"using":"xpath","value":"//*[@id=\"__tile43\"]"}
COMMAND: POST /session/c5b30e3fd34ac9965af026ffc351930a/element/f.FB2DD181A464ADC1AE2979EE676D3DD4.d.6998629827D1AB3381FE5D21B3F853F1.e.104/click - {}
RESULT: {}
COMMAND: GET /session/c5b30e3fd34ac9965af026ffc351930a/screenshot - {}
RESULT: {}
COMMAND: POST /session/c5b30e3fd34ac9965af026ffc351930a/elements - {"using":"xpath","value":"//span[text()='Error']"}
RESULT: {"using":"xpath","value":"//span[text()='Error']"}
RESULT: undefined
COMMAND: POST /session/c5b30e3fd34ac9965af026ffc351930a/element - {"using":"xpath","value":"//*[@id=\"__tile43\"]"}
RESULT: {"using":"xpath","value":"//*[@id=\"__tile43\"]"}
COMMAND: POST /session/c5b30e3fd34ac9965af026ffc351930a/element/f.FB2DD181A464ADC1AE2979EE676D3DD4.d.6998629827D1AB3381FE5D21B3F853F1.e.104/click - {}
RESULT: undefined
COMMAND: POST /session/c5b30e3fd34ac9965af026ffc351930a/element - {"using":"xpath","value":"//*[@id=\"__tile43\"]"}
RESULT: {"using":"xpath","value":"//*[@id=\"__tile43\"]"}
COMMAND: POST /session/c5b30e3fd34ac9965af026ffc351930a/element/f.FB2DD181A464ADC1AE2979EE676D3DD4.d.6998629827D1AB3381FE5D21B3F853F1.e.104/click - {}
RESULT: undefined
COMMAND: POST /session/c5b30e3fd34ac9965af026ffc351930a/execute/async - {"script":"<script> [6424 bytes]","args":[{"element-6066-11e4-a52e-4f735466cecf":"f.FB2DD181A464ADC1AE2979EE676D3DD4.d.6998629827D1AB3381FE5D21B3F853F1.e.287"},"getTitle",[]]}
COMMAND: POST /session/c5b30e3fd34ac9965af026ffc351930a/execute/async - {"script":"<script> [1562 bytes]","args":[{"selector":{"id":"shellAppTitle"},"wdio_ui5_key":"shellAppTitle"}]}
RESULT: {"script":"<script> [1562 bytes]","args":[{"selector":{"id":"shellAppTitle"},"wdio_ui5_key":"shellAppTitle"}]}
COMMAND: POST /session/c5b30e3fd34ac9965af026ffc351930a/execute/async - {"script":"<script> [6424 bytes]","args":[{"element-6066-11e4-a52e-4f735466cecf":"f.FB2DD181A464ADC1AE2979EE676D3DD4.d.6998629827D1AB3381FE5D21B3F853F1.e.2024"},"getTitle",[]]}
RESULT: {"script":"<script> [6424 bytes]","args":[{"element-6066-11e4-a52e-4f735466cecf":"f.FB2DD181A464ADC1AE2979EE676D3DD4.d.6998629827D1AB3381FE5D21B3F853F1.e.2024"},"getTitle",[]]}
RESULT: undefined
COMMAND: POST /session/c5b30e3fd34ac9965af026ffc351930a/element/f.FB2DD181A464ADC1AE2979EE676D3DD4.d.6998629827D1AB3381FE5D21B3F853F1.e.1822/click - {}
COMMAND: POST /session/c5b30e3fd34ac9965af026ffc351930a/element - {"using":"xpath","value":"//*[@id=\"backBtn\"]"}
RESULT: {"using":"xpath","value":"//*[@id=\"backBtn\"]"}
COMMAND: POST /session/c5b30e3fd34ac9965af026ffc351930a/element/f.FB2DD181A464ADC1AE2979EE676D3DD4.d.6998629827D1AB3381FE5D21B3F853F1.e.1822/click - {}
COMMAND: POST /session/c5b30e3fd34ac9965af026ffc351930a/element - {"using":"xpath","value":"//*[@id=\"backBtn\"]"}
RESULT: {"using":"xpath","value":"//*[@id=\"backBtn\"]"}
COMMAND: POST /session/c5b30e3fd34ac9965af026ffc351930a/element/f.FB2DD181A464ADC1AE2979EE676D3DD4.d.6998629827D1AB3381FE5D21B3F853F1.e.2025/click - {}
RESULT: {}
COMMAND: GET /session/c5b30e3fd34ac9965af026ffc351930a/screenshot - {}
]]></system-out>
    </testcase>
    <testcase classname="chrome.136_0_7103_93.windows.Sanity_Tests_US104253" name="Should open Manage Calendar Exceptions page" time="37.699">
      <system-out><![CDATA[
COMMAND: POST /session/c5b30e3fd34ac9965af026ffc351930a/execute/async - {"script":"<script> [1562 bytes]","args":[{"selector":{"controlType":"sap.m.GenericTile","properties":{"header":"Manage Calendar Exceptions"}},"wdio_ui5_key":"sapm.GenericTile{\"header\":\"Manage Calendar Exceptions\"}"}]}
RESULT: {}
RESULT: {"script":"<script> [1562 bytes]","args":[{"selector":{"controlType":"sap.m.GenericTile","properties":{"header":"Manage Calendar Exceptions"}},"wdio_ui5_key":"sapm.GenericTile{\"header\":\"Manage Calendar Exceptions\"}"}]}
RESULT: undefined
COMMAND: POST /session/c5b30e3fd34ac9965af026ffc351930a/element - {"using":"xpath","value":"//*[@id=\"__tile52\"]"}
RESULT: {"using":"xpath","value":"//*[@id=\"__tile52\"]"}
COMMAND: POST /session/c5b30e3fd34ac9965af026ffc351930a/element/f.FB2DD181A464ADC1AE2979EE676D3DD4.d.6998629827D1AB3381FE5D21B3F853F1.e.2027/click - {}
RESULT: {}
COMMAND: GET /session/c5b30e3fd34ac9965af026ffc351930a/screenshot - {}
RESULT: {}
COMMAND: POST /session/c5b30e3fd34ac9965af026ffc351930a/elements - {"using":"xpath","value":"//span[text()='Error']"}
RESULT: {"using":"xpath","value":"//span[text()='Error']"}
RESULT: undefined
COMMAND: POST /session/c5b30e3fd34ac9965af026ffc351930a/element - {"using":"xpath","value":"//*[@id=\"__tile52\"]"}
RESULT: {"using":"xpath","value":"//*[@id=\"__tile52\"]"}
COMMAND: POST /session/c5b30e3fd34ac9965af026ffc351930a/element/f.FB2DD181A464ADC1AE2979EE676D3DD4.d.6998629827D1AB3381FE5D21B3F853F1.e.2027/click - {}
RESULT: undefined
COMMAND: POST /session/c5b30e3fd34ac9965af026ffc351930a/element - {"using":"xpath","value":"//*[@id=\"__tile52\"]"}
RESULT: {"using":"xpath","value":"//*[@id=\"__tile52\"]"}
COMMAND: POST /session/c5b30e3fd34ac9965af026ffc351930a/element/f.FB2DD181A464ADC1AE2979EE676D3DD4.d.6998629827D1AB3381FE5D21B3F853F1.e.2027/click - {}
RESULT: undefined
COMMAND: POST /session/c5b30e3fd34ac9965af026ffc351930a/execute/async - {"script":"<script> [6424 bytes]","args":[{"element-6066-11e4-a52e-4f735466cecf":"f.FB2DD181A464ADC1AE2979EE676D3DD4.d.6998629827D1AB3381FE5D21B3F853F1.e.287"},"getTitle",[]]}
COMMAND: POST /session/c5b30e3fd34ac9965af026ffc351930a/execute/async - {"script":"<script> [1562 bytes]","args":[{"selector":{"id":"shellAppTitle"},"wdio_ui5_key":"shellAppTitle"}]}
RESULT: {"script":"<script> [1562 bytes]","args":[{"selector":{"id":"shellAppTitle"},"wdio_ui5_key":"shellAppTitle"}]}
COMMAND: POST /session/c5b30e3fd34ac9965af026ffc351930a/execute/async - {"script":"<script> [6424 bytes]","args":[{"element-6066-11e4-a52e-4f735466cecf":"f.FB2DD181A464ADC1AE2979EE676D3DD4.d.6998629827D1AB3381FE5D21B3F853F1.e.2096"},"getTitle",[]]}
RESULT: {"script":"<script> [6424 bytes]","args":[{"element-6066-11e4-a52e-4f735466cecf":"f.FB2DD181A464ADC1AE2979EE676D3DD4.d.6998629827D1AB3381FE5D21B3F853F1.e.2096"},"getTitle",[]]}
RESULT: undefined
COMMAND: POST /session/c5b30e3fd34ac9965af026ffc351930a/element/f.FB2DD181A464ADC1AE2979EE676D3DD4.d.6998629827D1AB3381FE5D21B3F853F1.e.2025/click - {}
RESULT: {}
COMMAND: GET /session/c5b30e3fd34ac9965af026ffc351930a/screenshot - {}
RESULT: {}
]]></system-out>
    </testcase>
    <testcase classname="chrome.136_0_7103_93.windows.Sanity_Tests_US104253" name="Should open Manage States Performance page" time="36.883">
      <system-out><![CDATA[
COMMAND: POST /session/c5b30e3fd34ac9965af026ffc351930a/execute/async - {"script":"<script> [1562 bytes]","args":[{"selector":{"controlType":"sap.m.GenericTile","properties":{"header":"Manage States & Performance"}},"wdio_ui5_key":"sapm.GenericTile{\"header\":\"Manage States & Performance\"}"}]}
RESULT: {"script":"<script> [1562 bytes]","args":[{"selector":{"controlType":"sap.m.GenericTile","properties":{"header":"Manage States & Performance"}},"wdio_ui5_key":"sapm.GenericTile{\"header\":\"Manage States & Performance\"}"}]}
RESULT: undefined
COMMAND: POST /session/c5b30e3fd34ac9965af026ffc351930a/element - {"using":"xpath","value":"//*[@id=\"__tile56\"]"}
RESULT: {"using":"xpath","value":"//*[@id=\"__tile56\"]"}
COMMAND: POST /session/c5b30e3fd34ac9965af026ffc351930a/element/f.FB2DD181A464ADC1AE2979EE676D3DD4.d.6998629827D1AB3381FE5D21B3F853F1.e.2100/click - {}
RESULT: {}
COMMAND: GET /session/c5b30e3fd34ac9965af026ffc351930a/screenshot - {}
RESULT: {}
COMMAND: POST /session/c5b30e3fd34ac9965af026ffc351930a/elements - {"using":"xpath","value":"//span[text()='Error']"}
RESULT: {"using":"xpath","value":"//span[text()='Error']"}
RESULT: undefined
COMMAND: POST /session/c5b30e3fd34ac9965af026ffc351930a/element - {"using":"xpath","value":"//*[@id=\"__tile56\"]"}
RESULT: {"using":"xpath","value":"//*[@id=\"__tile56\"]"}
COMMAND: POST /session/c5b30e3fd34ac9965af026ffc351930a/element/f.FB2DD181A464ADC1AE2979EE676D3DD4.d.6998629827D1AB3381FE5D21B3F853F1.e.2100/click - {}
RESULT: undefined
COMMAND: POST /session/c5b30e3fd34ac9965af026ffc351930a/element - {"using":"xpath","value":"//*[@id=\"__tile56\"]"}
RESULT: {"using":"xpath","value":"//*[@id=\"__tile56\"]"}
COMMAND: POST /session/c5b30e3fd34ac9965af026ffc351930a/element/f.FB2DD181A464ADC1AE2979EE676D3DD4.d.6998629827D1AB3381FE5D21B3F853F1.e.2100/click - {}
RESULT: undefined
COMMAND: POST /session/c5b30e3fd34ac9965af026ffc351930a/execute/async - {"script":"<script> [6424 bytes]","args":[{"element-6066-11e4-a52e-4f735466cecf":"f.FB2DD181A464ADC1AE2979EE676D3DD4.d.6998629827D1AB3381FE5D21B3F853F1.e.287"},"getTitle",[]]}
COMMAND: POST /session/c5b30e3fd34ac9965af026ffc351930a/execute/async - {"script":"<script> [1562 bytes]","args":[{"selector":{"id":"shellAppTitle"},"wdio_ui5_key":"shellAppTitle"}]}
RESULT: {"script":"<script> [1562 bytes]","args":[{"selector":{"id":"shellAppTitle"},"wdio_ui5_key":"shellAppTitle"}]}
COMMAND: POST /session/c5b30e3fd34ac9965af026ffc351930a/execute/async - {"script":"<script> [6424 bytes]","args":[{"element-6066-11e4-a52e-4f735466cecf":"f.FB2DD181A464ADC1AE2979EE676D3DD4.d.6998629827D1AB3381FE5D21B3F853F1.e.2200"},"getTitle",[]]}
RESULT: {"script":"<script> [6424 bytes]","args":[{"element-6066-11e4-a52e-4f735466cecf":"f.FB2DD181A464ADC1AE2979EE676D3DD4.d.6998629827D1AB3381FE5D21B3F853F1.e.2200"},"getTitle",[]]}
RESULT: undefined
COMMAND: POST /session/c5b30e3fd34ac9965af026ffc351930a/element/f.FB2DD181A464ADC1AE2979EE676D3DD4.d.6998629827D1AB3381FE5D21B3F853F1.e.2025/click - {}
COMMAND: POST /session/c5b30e3fd34ac9965af026ffc351930a/element - {"using":"xpath","value":"//*[@id=\"backBtn\"]"}
RESULT: {"using":"xpath","value":"//*[@id=\"backBtn\"]"}
COMMAND: POST /session/c5b30e3fd34ac9965af026ffc351930a/element/f.FB2DD181A464ADC1AE2979EE676D3DD4.d.6998629827D1AB3381FE5D21B3F853F1.e.2025/click - {}
COMMAND: POST /session/c5b30e3fd34ac9965af026ffc351930a/element - {"using":"xpath","value":"//*[@id=\"backBtn\"]"}
RESULT: {"using":"xpath","value":"//*[@id=\"backBtn\"]"}
COMMAND: POST /session/c5b30e3fd34ac9965af026ffc351930a/element/f.FB2DD181A464ADC1AE2979EE676D3DD4.d.6998629827D1AB3381FE5D21B3F853F1.e.2201/click - {}
RESULT: {}
COMMAND: GET /session/c5b30e3fd34ac9965af026ffc351930a/screenshot - {}
RESULT: {}
]]></system-out>
    </testcase>
    <testcase classname="chrome.136_0_7103_93.windows.Sanity_Tests_US104253" name="Should open Manage Billings page" time="42.599">
      <system-out><![CDATA[
COMMAND: POST /session/c5b30e3fd34ac9965af026ffc351930a/execute/async - {"script":"<script> [1562 bytes]","args":[{"selector":{"controlType":"sap.m.GenericTile","properties":{"header":"Manage Billings"}},"wdio_ui5_key":"sapm.GenericTile{\"header\":\"Manage Billings\"}"}]}
RESULT: {"script":"<script> [1562 bytes]","args":[{"selector":{"controlType":"sap.m.GenericTile","properties":{"header":"Manage Billings"}},"wdio_ui5_key":"sapm.GenericTile{\"header\":\"Manage Billings\"}"}]}
RESULT: undefined
COMMAND: POST /session/c5b30e3fd34ac9965af026ffc351930a/element - {"using":"xpath","value":"//*[@id=\"__tile51\"]"}
RESULT: {"using":"xpath","value":"//*[@id=\"__tile51\"]"}
COMMAND: POST /session/c5b30e3fd34ac9965af026ffc351930a/element/f.FB2DD181A464ADC1AE2979EE676D3DD4.d.6998629827D1AB3381FE5D21B3F853F1.e.2203/click - {}
RESULT: {}
COMMAND: GET /session/c5b30e3fd34ac9965af026ffc351930a/screenshot - {}
RESULT: {}
COMMAND: POST /session/c5b30e3fd34ac9965af026ffc351930a/elements - {"using":"xpath","value":"//span[text()='Error']"}
RESULT: {"using":"xpath","value":"//span[text()='Error']"}
RESULT: undefined
COMMAND: POST /session/c5b30e3fd34ac9965af026ffc351930a/element - {"using":"xpath","value":"//*[@id=\"__tile51\"]"}
RESULT: {"using":"xpath","value":"//*[@id=\"__tile51\"]"}
COMMAND: POST /session/c5b30e3fd34ac9965af026ffc351930a/element/f.FB2DD181A464ADC1AE2979EE676D3DD4.d.6998629827D1AB3381FE5D21B3F853F1.e.2203/click - {}
RESULT: undefined
COMMAND: POST /session/c5b30e3fd34ac9965af026ffc351930a/element - {"using":"xpath","value":"//*[@id=\"__tile51\"]"}
RESULT: {"using":"xpath","value":"//*[@id=\"__tile51\"]"}
COMMAND: POST /session/c5b30e3fd34ac9965af026ffc351930a/element/f.FB2DD181A464ADC1AE2979EE676D3DD4.d.6998629827D1AB3381FE5D21B3F853F1.e.2203/click - {}
RESULT: undefined
COMMAND: POST /session/c5b30e3fd34ac9965af026ffc351930a/execute/async - {"script":"<script> [6424 bytes]","args":[{"element-6066-11e4-a52e-4f735466cecf":"f.FB2DD181A464ADC1AE2979EE676D3DD4.d.6998629827D1AB3381FE5D21B3F853F1.e.287"},"getTitle",[]]}
COMMAND: POST /session/c5b30e3fd34ac9965af026ffc351930a/execute/async - {"script":"<script> [1562 bytes]","args":[{"selector":{"id":"shellAppTitle"},"wdio_ui5_key":"shellAppTitle"}]}
RESULT: {"script":"<script> [1562 bytes]","args":[{"selector":{"id":"shellAppTitle"},"wdio_ui5_key":"shellAppTitle"}]}
COMMAND: POST /session/c5b30e3fd34ac9965af026ffc351930a/execute/async - {"script":"<script> [6424 bytes]","args":[{"element-6066-11e4-a52e-4f735466cecf":"f.FB2DD181A464ADC1AE2979EE676D3DD4.d.6998629827D1AB3381FE5D21B3F853F1.e.2530"},"getTitle",[]]}
RESULT: {"script":"<script> [6424 bytes]","args":[{"element-6066-11e4-a52e-4f735466cecf":"f.FB2DD181A464ADC1AE2979EE676D3DD4.d.6998629827D1AB3381FE5D21B3F853F1.e.2530"},"getTitle",[]]}
RESULT: undefined
COMMAND: POST /session/c5b30e3fd34ac9965af026ffc351930a/element/f.FB2DD181A464ADC1AE2979EE676D3DD4.d.6998629827D1AB3381FE5D21B3F853F1.e.2201/click - {}
COMMAND: POST /session/c5b30e3fd34ac9965af026ffc351930a/element/f.FB2DD181A464ADC1AE2979EE676D3DD4.d.6998629827D1AB3381FE5D21B3F853F1.e.2201/click - {}
RESULT: {}
COMMAND: GET /session/c5b30e3fd34ac9965af026ffc351930a/screenshot - {}
COMMAND: POST /session/c5b30e3fd34ac9965af026ffc351930a/element - {"using":"xpath","value":"//*[@id=\"backBtn\"]"}
RESULT: {}
RESULT: {"using":"xpath","value":"//*[@id=\"backBtn\"]"}
COMMAND: POST /session/c5b30e3fd34ac9965af026ffc351930a/elements - {"using":"xpath","value":"//*[@id=\"backBtn\"]"}
RESULT: {"using":"xpath","value":"//*[@id=\"backBtn\"]"}
COMMAND: POST /session/c5b30e3fd34ac9965af026ffc351930a/elements - {"using":"xpath","value":"//*[@id=\"backBtn\"]"}
RESULT: {"using":"xpath","value":"//*[@id=\"backBtn\"]"}
COMMAND: POST /session/c5b30e3fd34ac9965af026ffc351930a/elements - {"using":"xpath","value":"//*[@id=\"backBtn\"]"}
RESULT: {"using":"xpath","value":"//*[@id=\"backBtn\"]"}
COMMAND: POST /session/c5b30e3fd34ac9965af026ffc351930a/elements - {"using":"xpath","value":"//*[@id=\"backBtn\"]"}
RESULT: {"using":"xpath","value":"//*[@id=\"backBtn\"]"}
COMMAND: POST /session/c5b30e3fd34ac9965af026ffc351930a/elements - {"using":"xpath","value":"//*[@id=\"backBtn\"]"}
RESULT: {"using":"xpath","value":"//*[@id=\"backBtn\"]"}
COMMAND: POST /session/c5b30e3fd34ac9965af026ffc351930a/elements - {"using":"xpath","value":"//*[@id=\"backBtn\"]"}
RESULT: {"using":"xpath","value":"//*[@id=\"backBtn\"]"}
COMMAND: POST /session/c5b30e3fd34ac9965af026ffc351930a/elements - {"using":"xpath","value":"//*[@id=\"backBtn\"]"}
RESULT: {"using":"xpath","value":"//*[@id=\"backBtn\"]"}
COMMAND: POST /session/c5b30e3fd34ac9965af026ffc351930a/elements - {"using":"xpath","value":"//*[@id=\"backBtn\"]"}
RESULT: {"using":"xpath","value":"//*[@id=\"backBtn\"]"}
COMMAND: POST /session/c5b30e3fd34ac9965af026ffc351930a/elements - {"using":"xpath","value":"//*[@id=\"backBtn\"]"}
RESULT: {"using":"xpath","value":"//*[@id=\"backBtn\"]"}
COMMAND: POST /session/c5b30e3fd34ac9965af026ffc351930a/elements - {"using":"xpath","value":"//*[@id=\"backBtn\"]"}
RESULT: {"using":"xpath","value":"//*[@id=\"backBtn\"]"}
COMMAND: POST /session/c5b30e3fd34ac9965af026ffc351930a/elements - {"using":"xpath","value":"//*[@id=\"backBtn\"]"}
RESULT: {"using":"xpath","value":"//*[@id=\"backBtn\"]"}
COMMAND: POST /session/c5b30e3fd34ac9965af026ffc351930a/elements - {"using":"xpath","value":"//*[@id=\"backBtn\"]"}
RESULT: {"using":"xpath","value":"//*[@id=\"backBtn\"]"}
COMMAND: POST /session/c5b30e3fd34ac9965af026ffc351930a/elements - {"using":"xpath","value":"//*[@id=\"backBtn\"]"}
RESULT: {"using":"xpath","value":"//*[@id=\"backBtn\"]"}
COMMAND: POST /session/c5b30e3fd34ac9965af026ffc351930a/elements - {"using":"xpath","value":"//*[@id=\"backBtn\"]"}
RESULT: {"using":"xpath","value":"//*[@id=\"backBtn\"]"}
COMMAND: POST /session/c5b30e3fd34ac9965af026ffc351930a/elements - {"using":"xpath","value":"//*[@id=\"backBtn\"]"}
RESULT: {"using":"xpath","value":"//*[@id=\"backBtn\"]"}
COMMAND: POST /session/c5b30e3fd34ac9965af026ffc351930a/elements - {"using":"xpath","value":"//*[@id=\"backBtn\"]"}
RESULT: {"using":"xpath","value":"//*[@id=\"backBtn\"]"}
COMMAND: POST /session/c5b30e3fd34ac9965af026ffc351930a/elements - {"using":"xpath","value":"//*[@id=\"backBtn\"]"}
]]></system-out>
    </testcase>
    <testcase classname="chrome.136_0_7103_93.windows.Sanity_Tests_US104253" name="Should open Manage Conditions Prices page" time="47.367">
      <system-out><![CDATA[
COMMAND: POST /session/c5b30e3fd34ac9965af026ffc351930a/execute/async - {"script":"<script> [1562 bytes]","args":[{"selector":{"controlType":"sap.m.GenericTile","properties":{"header":"Manage Conditions & Prices"}},"wdio_ui5_key":"sapm.GenericTile{\"header\":\"Manage Conditions & Prices\"}"}]}
RESULT: {"using":"xpath","value":"//*[@id=\"backBtn\"]"}
COMMAND: POST /session/c5b30e3fd34ac9965af026ffc351930a/elements - {"using":"xpath","value":"//*[@id=\"backBtn\"]"}
RESULT: {"script":"<script> [1562 bytes]","args":[{"selector":{"controlType":"sap.m.GenericTile","properties":{"header":"Manage Conditions & Prices"}},"wdio_ui5_key":"sapm.GenericTile{\"header\":\"Manage Conditions & Prices\"}"}]}
RESULT: undefined
COMMAND: POST /session/c5b30e3fd34ac9965af026ffc351930a/element - {"using":"xpath","value":"//*[@id=\"__tile53\"]"}
RESULT: {"using":"xpath","value":"//*[@id=\"backBtn\"]"}
RESULT: {"using":"xpath","value":"//*[@id=\"__tile53\"]"}
COMMAND: POST /session/c5b30e3fd34ac9965af026ffc351930a/element/f.FB2DD181A464ADC1AE2979EE676D3DD4.d.6998629827D1AB3381FE5D21B3F853F1.e.2532/click - {}
RESULT: {}
COMMAND: GET /session/c5b30e3fd34ac9965af026ffc351930a/screenshot - {}
COMMAND: POST /session/c5b30e3fd34ac9965af026ffc351930a/elements - {"using":"xpath","value":"//*[@id=\"backBtn\"]"}
RESULT: {}
RESULT: {"using":"xpath","value":"//*[@id=\"backBtn\"]"}
COMMAND: POST /session/c5b30e3fd34ac9965af026ffc351930a/elements - {"using":"xpath","value":"//*[@id=\"backBtn\"]"}
RESULT: {"using":"xpath","value":"//*[@id=\"backBtn\"]"}
COMMAND: POST /session/c5b30e3fd34ac9965af026ffc351930a/elements - {"using":"xpath","value":"//*[@id=\"backBtn\"]"}
RESULT: {"using":"xpath","value":"//*[@id=\"backBtn\"]"}
COMMAND: POST /session/c5b30e3fd34ac9965af026ffc351930a/elements - {"using":"xpath","value":"//*[@id=\"backBtn\"]"}
COMMAND: POST /session/c5b30e3fd34ac9965af026ffc351930a/elements - {"using":"xpath","value":"//span[text()='Error']"}
RESULT: {"using":"xpath","value":"//*[@id=\"backBtn\"]"}
COMMAND: POST /session/c5b30e3fd34ac9965af026ffc351930a/element - {"using":"xpath","value":"//*[@id=\"backBtn\"]"}
RESULT: {"using":"xpath","value":"//span[text()='Error']"}
RESULT: {"using":"xpath","value":"//*[@id=\"backBtn\"]"}
COMMAND: POST /session/c5b30e3fd34ac9965af026ffc351930a/element/f.FB2DD181A464ADC1AE2979EE676D3DD4.d.6998629827D1AB3381FE5D21B3F853F1.e.2201/click - {}
COMMAND: POST /session/c5b30e3fd34ac9965af026ffc351930a/element - {"using":"xpath","value":"//*[@id=\"backBtn\"]"}
RESULT: {"using":"xpath","value":"//*[@id=\"backBtn\"]"}
COMMAND: POST /session/c5b30e3fd34ac9965af026ffc351930a/element/f.FB2DD181A464ADC1AE2979EE676D3DD4.d.6998629827D1AB3381FE5D21B3F853F1.e.2536/click - {}
RESULT: {}
COMMAND: GET /session/c5b30e3fd34ac9965af026ffc351930a/screenshot - {}
RESULT: {}
RESULT: undefined
COMMAND: POST /session/c5b30e3fd34ac9965af026ffc351930a/element - {"using":"xpath","value":"//*[@id=\"__tile53\"]"}
RESULT: {"using":"xpath","value":"//*[@id=\"__tile53\"]"}
COMMAND: POST /session/c5b30e3fd34ac9965af026ffc351930a/element/f.FB2DD181A464ADC1AE2979EE676D3DD4.d.6998629827D1AB3381FE5D21B3F853F1.e.2532/click - {}
RESULT: {}
RESULT: undefined
COMMAND: POST /session/c5b30e3fd34ac9965af026ffc351930a/element - {"using":"xpath","value":"//*[@id=\"__tile53\"]"}
COMMAND: GET /session/c5b30e3fd34ac9965af026ffc351930a/screenshot - {}
RESULT: {"using":"xpath","value":"//*[@id=\"__tile53\"]"}
COMMAND: POST /session/c5b30e3fd34ac9965af026ffc351930a/element/f.FB2DD181A464ADC1AE2979EE676D3DD4.d.6998629827D1AB3381FE5D21B3F853F1.e.2532/click - {}
RESULT: {}
RESULT: undefined
COMMAND: POST /session/c5b30e3fd34ac9965af026ffc351930a/execute/async - {"script":"<script> [6424 bytes]","args":[{"element-6066-11e4-a52e-4f735466cecf":"f.FB2DD181A464ADC1AE2979EE676D3DD4.d.6998629827D1AB3381FE5D21B3F853F1.e.287"},"getTitle",[]]}
COMMAND: POST /session/c5b30e3fd34ac9965af026ffc351930a/execute/async - {"script":"<script> [1562 bytes]","args":[{"selector":{"id":"shellAppTitle"},"wdio_ui5_key":"shellAppTitle"}]}
RESULT: {"script":"<script> [1562 bytes]","args":[{"selector":{"id":"shellAppTitle"},"wdio_ui5_key":"shellAppTitle"}]}
COMMAND: POST /session/c5b30e3fd34ac9965af026ffc351930a/execute/async - {"script":"<script> [6424 bytes]","args":[{"element-6066-11e4-a52e-4f735466cecf":"f.FB2DD181A464ADC1AE2979EE676D3DD4.d.6998629827D1AB3381FE5D21B3F853F1.e.2722"},"getTitle",[]]}
RESULT: {"script":"<script> [6424 bytes]","args":[{"element-6066-11e4-a52e-4f735466cecf":"f.FB2DD181A464ADC1AE2979EE676D3DD4.d.6998629827D1AB3381FE5D21B3F853F1.e.2722"},"getTitle",[]]}
RESULT: undefined
COMMAND: POST /session/c5b30e3fd34ac9965af026ffc351930a/element/f.FB2DD181A464ADC1AE2979EE676D3DD4.d.6998629827D1AB3381FE5D21B3F853F1.e.2536/click - {}
RESULT: {}
COMMAND: GET /session/c5b30e3fd34ac9965af026ffc351930a/screenshot - {}
RESULT: {}
]]></system-out>
    </testcase>
    <testcase classname="chrome.136_0_7103_93.windows.Sanity_Tests_US104253" name="Should open Billing Transfer page" time="37.85">
      <system-out><![CDATA[
COMMAND: POST /session/c5b30e3fd34ac9965af026ffc351930a/execute/async - {"script":"<script> [1562 bytes]","args":[{"selector":{"controlType":"sap.m.GenericTile","properties":{"header":"Billing Transfer"}},"wdio_ui5_key":"sapm.GenericTile{\"header\":\"Billing Transfer\"}"}]}
RESULT: {"script":"<script> [1562 bytes]","args":[{"selector":{"controlType":"sap.m.GenericTile","properties":{"header":"Billing Transfer"}},"wdio_ui5_key":"sapm.GenericTile{\"header\":\"Billing Transfer\"}"}]}
RESULT: undefined
COMMAND: POST /session/c5b30e3fd34ac9965af026ffc351930a/element - {"using":"xpath","value":"//*[@id=\"__tile50\"]"}
RESULT: {"using":"xpath","value":"//*[@id=\"__tile50\"]"}
COMMAND: POST /session/c5b30e3fd34ac9965af026ffc351930a/element/f.FB2DD181A464ADC1AE2979EE676D3DD4.d.6998629827D1AB3381FE5D21B3F853F1.e.2724/click - {}
RESULT: {}
COMMAND: GET /session/c5b30e3fd34ac9965af026ffc351930a/screenshot - {}
RESULT: {}
COMMAND: POST /session/c5b30e3fd34ac9965af026ffc351930a/elements - {"using":"xpath","value":"//span[text()='Error']"}
RESULT: {"using":"xpath","value":"//span[text()='Error']"}
RESULT: undefined
COMMAND: POST /session/c5b30e3fd34ac9965af026ffc351930a/element - {"using":"xpath","value":"//*[@id=\"__tile50\"]"}
RESULT: {"using":"xpath","value":"//*[@id=\"__tile50\"]"}
COMMAND: POST /session/c5b30e3fd34ac9965af026ffc351930a/element/f.FB2DD181A464ADC1AE2979EE676D3DD4.d.6998629827D1AB3381FE5D21B3F853F1.e.2724/click - {}
RESULT: undefined
COMMAND: POST /session/c5b30e3fd34ac9965af026ffc351930a/element - {"using":"xpath","value":"//*[@id=\"__tile50\"]"}
RESULT: {"using":"xpath","value":"//*[@id=\"__tile50\"]"}
COMMAND: POST /session/c5b30e3fd34ac9965af026ffc351930a/element/f.FB2DD181A464ADC1AE2979EE676D3DD4.d.6998629827D1AB3381FE5D21B3F853F1.e.2724/click - {}
RESULT: undefined
COMMAND: POST /session/c5b30e3fd34ac9965af026ffc351930a/execute/async - {"script":"<script> [6424 bytes]","args":[{"element-6066-11e4-a52e-4f735466cecf":"f.FB2DD181A464ADC1AE2979EE676D3DD4.d.6998629827D1AB3381FE5D21B3F853F1.e.287"},"getTitle",[]]}
COMMAND: POST /session/c5b30e3fd34ac9965af026ffc351930a/execute/async - {"script":"<script> [1562 bytes]","args":[{"selector":{"id":"shellAppTitle"},"wdio_ui5_key":"shellAppTitle"}]}
RESULT: {"script":"<script> [1562 bytes]","args":[{"selector":{"id":"shellAppTitle"},"wdio_ui5_key":"shellAppTitle"}]}
COMMAND: POST /session/c5b30e3fd34ac9965af026ffc351930a/execute/async - {"script":"<script> [6424 bytes]","args":[{"element-6066-11e4-a52e-4f735466cecf":"f.FB2DD181A464ADC1AE2979EE676D3DD4.d.6998629827D1AB3381FE5D21B3F853F1.e.2981"},"getTitle",[]]}
RESULT: {"script":"<script> [6424 bytes]","args":[{"element-6066-11e4-a52e-4f735466cecf":"f.FB2DD181A464ADC1AE2979EE676D3DD4.d.6998629827D1AB3381FE5D21B3F853F1.e.2981"},"getTitle",[]]}
RESULT: undefined
COMMAND: POST /session/c5b30e3fd34ac9965af026ffc351930a/element/f.FB2DD181A464ADC1AE2979EE676D3DD4.d.6998629827D1AB3381FE5D21B3F853F1.e.2536/click - {}
COMMAND: POST /session/c5b30e3fd34ac9965af026ffc351930a/element - {"using":"xpath","value":"//*[@id=\"backBtn\"]"}
RESULT: {"using":"xpath","value":"//*[@id=\"backBtn\"]"}
COMMAND: POST /session/c5b30e3fd34ac9965af026ffc351930a/element/f.FB2DD181A464ADC1AE2979EE676D3DD4.d.6998629827D1AB3381FE5D21B3F853F1.e.2536/click - {}
COMMAND: POST /session/c5b30e3fd34ac9965af026ffc351930a/element - {"using":"xpath","value":"//*[@id=\"backBtn\"]"}
RESULT: {"using":"xpath","value":"//*[@id=\"backBtn\"]"}
COMMAND: POST /session/c5b30e3fd34ac9965af026ffc351930a/element/f.FB2DD181A464ADC1AE2979EE676D3DD4.d.6998629827D1AB3381FE5D21B3F853F1.e.2982/click - {}
RESULT: {}
COMMAND: GET /session/c5b30e3fd34ac9965af026ffc351930a/screenshot - {}
RESULT: {}
]]></system-out>
    </testcase>
    <testcase classname="chrome.136_0_7103_93.windows.Sanity_Tests_US104253" name="Should open Manage Pricing Rules page" time="36.859">
      <system-out><![CDATA[
COMMAND: POST /session/c5b30e3fd34ac9965af026ffc351930a/execute/async - {"script":"<script> [1562 bytes]","args":[{"selector":{"controlType":"sap.m.GenericTile","properties":{"header":"Manage Pricing Rules"}},"wdio_ui5_key":"sapm.GenericTile{\"header\":\"Manage Pricing Rules\"}"}]}
RESULT: {"script":"<script> [1562 bytes]","args":[{"selector":{"controlType":"sap.m.GenericTile","properties":{"header":"Manage Pricing Rules"}},"wdio_ui5_key":"sapm.GenericTile{\"header\":\"Manage Pricing Rules\"}"}]}
RESULT: undefined
COMMAND: POST /session/c5b30e3fd34ac9965af026ffc351930a/element - {"using":"xpath","value":"//*[@id=\"__tile55\"]"}
RESULT: {"using":"xpath","value":"//*[@id=\"__tile55\"]"}
COMMAND: POST /session/c5b30e3fd34ac9965af026ffc351930a/element/f.FB2DD181A464ADC1AE2979EE676D3DD4.d.6998629827D1AB3381FE5D21B3F853F1.e.2984/click - {}
RESULT: {}
COMMAND: GET /session/c5b30e3fd34ac9965af026ffc351930a/screenshot - {}
RESULT: {}
COMMAND: POST /session/c5b30e3fd34ac9965af026ffc351930a/elements - {"using":"xpath","value":"//span[text()='Error']"}
RESULT: {"using":"xpath","value":"//span[text()='Error']"}
RESULT: undefined
COMMAND: POST /session/c5b30e3fd34ac9965af026ffc351930a/element - {"using":"xpath","value":"//*[@id=\"__tile55\"]"}
RESULT: {"using":"xpath","value":"//*[@id=\"__tile55\"]"}
COMMAND: POST /session/c5b30e3fd34ac9965af026ffc351930a/element/f.FB2DD181A464ADC1AE2979EE676D3DD4.d.6998629827D1AB3381FE5D21B3F853F1.e.2984/click - {}
RESULT: undefined
COMMAND: POST /session/c5b30e3fd34ac9965af026ffc351930a/element - {"using":"xpath","value":"//*[@id=\"__tile55\"]"}
RESULT: {"using":"xpath","value":"//*[@id=\"__tile55\"]"}
COMMAND: POST /session/c5b30e3fd34ac9965af026ffc351930a/element/f.FB2DD181A464ADC1AE2979EE676D3DD4.d.6998629827D1AB3381FE5D21B3F853F1.e.2984/click - {}
RESULT: undefined
COMMAND: POST /session/c5b30e3fd34ac9965af026ffc351930a/execute/async - {"script":"<script> [6424 bytes]","args":[{"element-6066-11e4-a52e-4f735466cecf":"f.FB2DD181A464ADC1AE2979EE676D3DD4.d.6998629827D1AB3381FE5D21B3F853F1.e.287"},"getTitle",[]]}
COMMAND: POST /session/c5b30e3fd34ac9965af026ffc351930a/execute/async - {"script":"<script> [1562 bytes]","args":[{"selector":{"id":"shellAppTitle"},"wdio_ui5_key":"shellAppTitle"}]}
RESULT: {"script":"<script> [1562 bytes]","args":[{"selector":{"id":"shellAppTitle"},"wdio_ui5_key":"shellAppTitle"}]}
COMMAND: POST /session/c5b30e3fd34ac9965af026ffc351930a/execute/async - {"script":"<script> [6424 bytes]","args":[{"element-6066-11e4-a52e-4f735466cecf":"f.FB2DD181A464ADC1AE2979EE676D3DD4.d.6998629827D1AB3381FE5D21B3F853F1.e.3032"},"getTitle",[]]}
RESULT: {"script":"<script> [6424 bytes]","args":[{"element-6066-11e4-a52e-4f735466cecf":"f.FB2DD181A464ADC1AE2979EE676D3DD4.d.6998629827D1AB3381FE5D21B3F853F1.e.3032"},"getTitle",[]]}
RESULT: undefined
COMMAND: POST /session/c5b30e3fd34ac9965af026ffc351930a/element/f.FB2DD181A464ADC1AE2979EE676D3DD4.d.6998629827D1AB3381FE5D21B3F853F1.e.2982/click - {}
RESULT: {}
COMMAND: GET /session/c5b30e3fd34ac9965af026ffc351930a/screenshot - {}
RESULT: {}
]]></system-out>
    </testcase>
    <testcase classname="chrome.136_0_7103_93.windows.Sanity_Tests_US104253" name="Should open Manage Price Determination Matrices page" time="36.495">
      <system-out><![CDATA[
COMMAND: POST /session/c5b30e3fd34ac9965af026ffc351930a/execute/async - {"script":"<script> [1562 bytes]","args":[{"selector":{"controlType":"sap.m.GenericTile","properties":{"header":"Manage Price Determination Matrices"}},"wdio_ui5_key":"sapm.GenericTile{\"header\":\"Manage Price Determination Matrices\"}"}]}
RESULT: {"script":"<script> [1562 bytes]","args":[{"selector":{"controlType":"sap.m.GenericTile","properties":{"header":"Manage Price Determination Matrices"}},"wdio_ui5_key":"sapm.GenericTile{\"header\":\"Manage Price Determination Matrices\"}"}]}
RESULT: undefined
COMMAND: POST /session/c5b30e3fd34ac9965af026ffc351930a/element - {"using":"xpath","value":"//*[@id=\"__tile54\"]"}
RESULT: {"using":"xpath","value":"//*[@id=\"__tile54\"]"}
COMMAND: POST /session/c5b30e3fd34ac9965af026ffc351930a/element/f.FB2DD181A464ADC1AE2979EE676D3DD4.d.6998629827D1AB3381FE5D21B3F853F1.e.3034/click - {}
RESULT: {}
COMMAND: GET /session/c5b30e3fd34ac9965af026ffc351930a/screenshot - {}
RESULT: {}
COMMAND: POST /session/c5b30e3fd34ac9965af026ffc351930a/elements - {"using":"xpath","value":"//span[text()='Error']"}
RESULT: {"using":"xpath","value":"//span[text()='Error']"}
RESULT: undefined
COMMAND: POST /session/c5b30e3fd34ac9965af026ffc351930a/element - {"using":"xpath","value":"//*[@id=\"__tile54\"]"}
RESULT: {"using":"xpath","value":"//*[@id=\"__tile54\"]"}
COMMAND: POST /session/c5b30e3fd34ac9965af026ffc351930a/element/f.FB2DD181A464ADC1AE2979EE676D3DD4.d.6998629827D1AB3381FE5D21B3F853F1.e.3034/click - {}
RESULT: undefined
COMMAND: POST /session/c5b30e3fd34ac9965af026ffc351930a/element - {"using":"xpath","value":"//*[@id=\"__tile54\"]"}
RESULT: {"using":"xpath","value":"//*[@id=\"__tile54\"]"}
COMMAND: POST /session/c5b30e3fd34ac9965af026ffc351930a/element/f.FB2DD181A464ADC1AE2979EE676D3DD4.d.6998629827D1AB3381FE5D21B3F853F1.e.3034/click - {}
RESULT: undefined
COMMAND: POST /session/c5b30e3fd34ac9965af026ffc351930a/execute/async - {"script":"<script> [6424 bytes]","args":[{"element-6066-11e4-a52e-4f735466cecf":"f.FB2DD181A464ADC1AE2979EE676D3DD4.d.6998629827D1AB3381FE5D21B3F853F1.e.287"},"getTitle",[]]}
COMMAND: POST /session/c5b30e3fd34ac9965af026ffc351930a/execute/async - {"script":"<script> [1562 bytes]","args":[{"selector":{"id":"shellAppTitle"},"wdio_ui5_key":"shellAppTitle"}]}
RESULT: {"script":"<script> [1562 bytes]","args":[{"selector":{"id":"shellAppTitle"},"wdio_ui5_key":"shellAppTitle"}]}
COMMAND: POST /session/c5b30e3fd34ac9965af026ffc351930a/execute/async - {"script":"<script> [6424 bytes]","args":[{"element-6066-11e4-a52e-4f735466cecf":"f.FB2DD181A464ADC1AE2979EE676D3DD4.d.6998629827D1AB3381FE5D21B3F853F1.e.3120"},"getTitle",[]]}
RESULT: {"script":"<script> [6424 bytes]","args":[{"element-6066-11e4-a52e-4f735466cecf":"f.FB2DD181A464ADC1AE2979EE676D3DD4.d.6998629827D1AB3381FE5D21B3F853F1.e.3120"},"getTitle",[]]}
RESULT: undefined
COMMAND: POST /session/c5b30e3fd34ac9965af026ffc351930a/element/f.FB2DD181A464ADC1AE2979EE676D3DD4.d.6998629827D1AB3381FE5D21B3F853F1.e.2982/click - {}
COMMAND: POST /session/c5b30e3fd34ac9965af026ffc351930a/element - {"using":"xpath","value":"//*[@id=\"backBtn\"]"}
RESULT: {"using":"xpath","value":"//*[@id=\"backBtn\"]"}
COMMAND: POST /session/c5b30e3fd34ac9965af026ffc351930a/element/f.FB2DD181A464ADC1AE2979EE676D3DD4.d.6998629827D1AB3381FE5D21B3F853F1.e.2982/click - {}
COMMAND: POST /session/c5b30e3fd34ac9965af026ffc351930a/element - {"using":"xpath","value":"//*[@id=\"backBtn\"]"}
RESULT: {"using":"xpath","value":"//*[@id=\"backBtn\"]"}
COMMAND: POST /session/c5b30e3fd34ac9965af026ffc351930a/element/f.FB2DD181A464ADC1AE2979EE676D3DD4.d.6998629827D1AB3381FE5D21B3F853F1.e.3121/click - {}
RESULT: {}
COMMAND: GET /session/c5b30e3fd34ac9965af026ffc351930a/screenshot - {}
RESULT: {}
]]></system-out>
    </testcase>
    <testcase classname="chrome.136_0_7103_93.windows.Sanity_Tests_US104253" name="Should open Yard Overview page" time="37.516">
      <system-out><![CDATA[
COMMAND: POST /session/c5b30e3fd34ac9965af026ffc351930a/execute/async - {"script":"<script> [1562 bytes]","args":[{"selector":{"controlType":"sap.m.GenericTile","properties":{"header":"Yard Overview"}},"wdio_ui5_key":"sapm.GenericTile{\"header\":\"Yard Overview\"}"}]}
RESULT: {"script":"<script> [1562 bytes]","args":[{"selector":{"controlType":"sap.m.GenericTile","properties":{"header":"Yard Overview"}},"wdio_ui5_key":"sapm.GenericTile{\"header\":\"Yard Overview\"}"}]}
RESULT: undefined
COMMAND: POST /session/c5b30e3fd34ac9965af026ffc351930a/element - {"using":"xpath","value":"//*[@id=\"__tile102\"]"}
RESULT: {"using":"xpath","value":"//*[@id=\"__tile102\"]"}
COMMAND: POST /session/c5b30e3fd34ac9965af026ffc351930a/element/f.FB2DD181A464ADC1AE2979EE676D3DD4.d.6998629827D1AB3381FE5D21B3F853F1.e.3123/click - {}
RESULT: {}
COMMAND: GET /session/c5b30e3fd34ac9965af026ffc351930a/screenshot - {}
RESULT: {}
COMMAND: POST /session/c5b30e3fd34ac9965af026ffc351930a/elements - {"using":"xpath","value":"//span[text()='Error']"}
RESULT: {"using":"xpath","value":"//span[text()='Error']"}
RESULT: undefined
COMMAND: POST /session/c5b30e3fd34ac9965af026ffc351930a/element - {"using":"xpath","value":"//*[@id=\"__tile102\"]"}
RESULT: {"using":"xpath","value":"//*[@id=\"__tile102\"]"}
COMMAND: POST /session/c5b30e3fd34ac9965af026ffc351930a/element/f.FB2DD181A464ADC1AE2979EE676D3DD4.d.6998629827D1AB3381FE5D21B3F853F1.e.3123/click - {}
RESULT: undefined
COMMAND: POST /session/c5b30e3fd34ac9965af026ffc351930a/element - {"using":"xpath","value":"//*[@id=\"__tile102\"]"}
RESULT: {"using":"xpath","value":"//*[@id=\"__tile102\"]"}
COMMAND: POST /session/c5b30e3fd34ac9965af026ffc351930a/element/f.FB2DD181A464ADC1AE2979EE676D3DD4.d.6998629827D1AB3381FE5D21B3F853F1.e.3123/click - {}
RESULT: undefined
COMMAND: POST /session/c5b30e3fd34ac9965af026ffc351930a/execute/async - {"script":"<script> [6424 bytes]","args":[{"element-6066-11e4-a52e-4f735466cecf":"f.FB2DD181A464ADC1AE2979EE676D3DD4.d.6998629827D1AB3381FE5D21B3F853F1.e.287"},"getTitle",[]]}
COMMAND: POST /session/c5b30e3fd34ac9965af026ffc351930a/execute/async - {"script":"<script> [1562 bytes]","args":[{"selector":{"id":"shellAppTitle"},"wdio_ui5_key":"shellAppTitle"}]}
RESULT: {"script":"<script> [1562 bytes]","args":[{"selector":{"id":"shellAppTitle"},"wdio_ui5_key":"shellAppTitle"}]}
COMMAND: POST /session/c5b30e3fd34ac9965af026ffc351930a/execute/async - {"script":"<script> [6424 bytes]","args":[{"element-6066-11e4-a52e-4f735466cecf":"f.FB2DD181A464ADC1AE2979EE676D3DD4.d.6998629827D1AB3381FE5D21B3F853F1.e.3182"},"getTitle",[]]}
RESULT: {"script":"<script> [6424 bytes]","args":[{"element-6066-11e4-a52e-4f735466cecf":"f.FB2DD181A464ADC1AE2979EE676D3DD4.d.6998629827D1AB3381FE5D21B3F853F1.e.3182"},"getTitle",[]]}
RESULT: undefined
COMMAND: POST /session/c5b30e3fd34ac9965af026ffc351930a/element/f.FB2DD181A464ADC1AE2979EE676D3DD4.d.6998629827D1AB3381FE5D21B3F853F1.e.3121/click - {}
RESULT: {}
COMMAND: GET /session/c5b30e3fd34ac9965af026ffc351930a/screenshot - {}
RESULT: {}
]]></system-out>
    </testcase>
    <testcase classname="chrome.136_0_7103_93.windows.Sanity_Tests_US104253" name="Should open Site Overview page" time="37.52">
      <system-out><![CDATA[
COMMAND: POST /session/c5b30e3fd34ac9965af026ffc351930a/execute/async - {"script":"<script> [1562 bytes]","args":[{"selector":{"controlType":"sap.m.GenericTile","properties":{"header":"Site Overview"}},"wdio_ui5_key":"sapm.GenericTile{\"header\":\"Site Overview\"}"}]}
RESULT: {"script":"<script> [1562 bytes]","args":[{"selector":{"controlType":"sap.m.GenericTile","properties":{"header":"Site Overview"}},"wdio_ui5_key":"sapm.GenericTile{\"header\":\"Site Overview\"}"}]}
RESULT: undefined
COMMAND: POST /session/c5b30e3fd34ac9965af026ffc351930a/element - {"using":"xpath","value":"//*[@id=\"__tile100\"]"}
RESULT: {"using":"xpath","value":"//*[@id=\"__tile100\"]"}
COMMAND: POST /session/c5b30e3fd34ac9965af026ffc351930a/element/f.FB2DD181A464ADC1AE2979EE676D3DD4.d.6998629827D1AB3381FE5D21B3F853F1.e.3185/click - {}
RESULT: {}
COMMAND: GET /session/c5b30e3fd34ac9965af026ffc351930a/screenshot - {}
RESULT: {}
COMMAND: POST /session/c5b30e3fd34ac9965af026ffc351930a/elements - {"using":"xpath","value":"//span[text()='Error']"}
RESULT: {"using":"xpath","value":"//span[text()='Error']"}
RESULT: undefined
COMMAND: POST /session/c5b30e3fd34ac9965af026ffc351930a/element - {"using":"xpath","value":"//*[@id=\"__tile100\"]"}
RESULT: {"using":"xpath","value":"//*[@id=\"__tile100\"]"}
COMMAND: POST /session/c5b30e3fd34ac9965af026ffc351930a/element/f.FB2DD181A464ADC1AE2979EE676D3DD4.d.6998629827D1AB3381FE5D21B3F853F1.e.3185/click - {}
RESULT: undefined
COMMAND: POST /session/c5b30e3fd34ac9965af026ffc351930a/element - {"using":"xpath","value":"//*[@id=\"__tile100\"]"}
RESULT: {"using":"xpath","value":"//*[@id=\"__tile100\"]"}
COMMAND: POST /session/c5b30e3fd34ac9965af026ffc351930a/element/f.FB2DD181A464ADC1AE2979EE676D3DD4.d.6998629827D1AB3381FE5D21B3F853F1.e.3185/click - {}
RESULT: undefined
COMMAND: POST /session/c5b30e3fd34ac9965af026ffc351930a/execute/async - {"script":"<script> [6424 bytes]","args":[{"element-6066-11e4-a52e-4f735466cecf":"f.FB2DD181A464ADC1AE2979EE676D3DD4.d.6998629827D1AB3381FE5D21B3F853F1.e.287"},"getTitle",[]]}
COMMAND: POST /session/c5b30e3fd34ac9965af026ffc351930a/execute/async - {"script":"<script> [1562 bytes]","args":[{"selector":{"id":"shellAppTitle"},"wdio_ui5_key":"shellAppTitle"}]}
RESULT: {"script":"<script> [1562 bytes]","args":[{"selector":{"id":"shellAppTitle"},"wdio_ui5_key":"shellAppTitle"}]}
COMMAND: POST /session/c5b30e3fd34ac9965af026ffc351930a/execute/async - {"script":"<script> [6424 bytes]","args":[{"element-6066-11e4-a52e-4f735466cecf":"f.FB2DD181A464ADC1AE2979EE676D3DD4.d.6998629827D1AB3381FE5D21B3F853F1.e.3309"},"getTitle",[]]}
RESULT: {"script":"<script> [6424 bytes]","args":[{"element-6066-11e4-a52e-4f735466cecf":"f.FB2DD181A464ADC1AE2979EE676D3DD4.d.6998629827D1AB3381FE5D21B3F853F1.e.3309"},"getTitle",[]]}
RESULT: undefined
COMMAND: POST /session/c5b30e3fd34ac9965af026ffc351930a/element/f.FB2DD181A464ADC1AE2979EE676D3DD4.d.6998629827D1AB3381FE5D21B3F853F1.e.3121/click - {}
COMMAND: POST /session/c5b30e3fd34ac9965af026ffc351930a/element - {"using":"xpath","value":"//*[@id=\"backBtn\"]"}
RESULT: {"using":"xpath","value":"//*[@id=\"backBtn\"]"}
COMMAND: POST /session/c5b30e3fd34ac9965af026ffc351930a/element/f.FB2DD181A464ADC1AE2979EE676D3DD4.d.6998629827D1AB3381FE5D21B3F853F1.e.3121/click - {}
COMMAND: POST /session/c5b30e3fd34ac9965af026ffc351930a/element - {"using":"xpath","value":"//*[@id=\"backBtn\"]"}
RESULT: {"using":"xpath","value":"//*[@id=\"backBtn\"]"}
COMMAND: POST /session/c5b30e3fd34ac9965af026ffc351930a/element/f.FB2DD181A464ADC1AE2979EE676D3DD4.d.6998629827D1AB3381FE5D21B3F853F1.e.3310/click - {}
RESULT: {}
COMMAND: GET /session/c5b30e3fd34ac9965af026ffc351930a/screenshot - {}
RESULT: {}
]]></system-out>
    </testcase>
    <testcase classname="chrome.136_0_7103_93.windows.Sanity_Tests_US104253" name="Should open Trace Track Resources page" time="38.213">
      <system-out><![CDATA[
COMMAND: POST /session/c5b30e3fd34ac9965af026ffc351930a/execute/async - {"script":"<script> [1562 bytes]","args":[{"selector":{"controlType":"sap.m.GenericTile","properties":{"header":"Trace & Track Resources"}},"wdio_ui5_key":"sapm.GenericTile{\"header\":\"Trace & Track Resources\"}"}]}
RESULT: {"script":"<script> [1562 bytes]","args":[{"selector":{"controlType":"sap.m.GenericTile","properties":{"header":"Trace & Track Resources"}},"wdio_ui5_key":"sapm.GenericTile{\"header\":\"Trace & Track Resources\"}"}]}
RESULT: undefined
COMMAND: POST /session/c5b30e3fd34ac9965af026ffc351930a/element - {"using":"xpath","value":"//*[@id=\"__tile101\"]"}
RESULT: {"using":"xpath","value":"//*[@id=\"__tile101\"]"}
COMMAND: POST /session/c5b30e3fd34ac9965af026ffc351930a/element/f.FB2DD181A464ADC1AE2979EE676D3DD4.d.6998629827D1AB3381FE5D21B3F853F1.e.3312/click - {}
RESULT: {}
COMMAND: GET /session/c5b30e3fd34ac9965af026ffc351930a/screenshot - {}
RESULT: {}
COMMAND: POST /session/c5b30e3fd34ac9965af026ffc351930a/elements - {"using":"xpath","value":"//span[text()='Error']"}
RESULT: {"using":"xpath","value":"//span[text()='Error']"}
RESULT: undefined
COMMAND: POST /session/c5b30e3fd34ac9965af026ffc351930a/element - {"using":"xpath","value":"//*[@id=\"__tile101\"]"}
RESULT: {"using":"xpath","value":"//*[@id=\"__tile101\"]"}
COMMAND: POST /session/c5b30e3fd34ac9965af026ffc351930a/element/f.FB2DD181A464ADC1AE2979EE676D3DD4.d.6998629827D1AB3381FE5D21B3F853F1.e.3312/click - {}
RESULT: undefined
COMMAND: POST /session/c5b30e3fd34ac9965af026ffc351930a/element - {"using":"xpath","value":"//*[@id=\"__tile101\"]"}
RESULT: {"using":"xpath","value":"//*[@id=\"__tile101\"]"}
COMMAND: POST /session/c5b30e3fd34ac9965af026ffc351930a/element/f.FB2DD181A464ADC1AE2979EE676D3DD4.d.6998629827D1AB3381FE5D21B3F853F1.e.3312/click - {}
RESULT: undefined
COMMAND: POST /session/c5b30e3fd34ac9965af026ffc351930a/execute/async - {"script":"<script> [6424 bytes]","args":[{"element-6066-11e4-a52e-4f735466cecf":"f.FB2DD181A464ADC1AE2979EE676D3DD4.d.6998629827D1AB3381FE5D21B3F853F1.e.287"},"getTitle",[]]}
COMMAND: POST /session/c5b30e3fd34ac9965af026ffc351930a/execute/async - {"script":"<script> [1562 bytes]","args":[{"selector":{"id":"shellAppTitle"},"wdio_ui5_key":"shellAppTitle"}]}
RESULT: {"script":"<script> [1562 bytes]","args":[{"selector":{"id":"shellAppTitle"},"wdio_ui5_key":"shellAppTitle"}]}
COMMAND: POST /session/c5b30e3fd34ac9965af026ffc351930a/execute/async - {"script":"<script> [6424 bytes]","args":[{"element-6066-11e4-a52e-4f735466cecf":"f.FB2DD181A464ADC1AE2979EE676D3DD4.d.6998629827D1AB3381FE5D21B3F853F1.e.3340"},"getTitle",[]]}
RESULT: {"script":"<script> [6424 bytes]","args":[{"element-6066-11e4-a52e-4f735466cecf":"f.FB2DD181A464ADC1AE2979EE676D3DD4.d.6998629827D1AB3381FE5D21B3F853F1.e.3340"},"getTitle",[]]}
RESULT: undefined
COMMAND: POST /session/c5b30e3fd34ac9965af026ffc351930a/element/f.FB2DD181A464ADC1AE2979EE676D3DD4.d.6998629827D1AB3381FE5D21B3F853F1.e.3310/click - {}
RESULT: {}
COMMAND: GET /session/c5b30e3fd34ac9965af026ffc351930a/screenshot - {}
RESULT: {}
]]></system-out>
    </testcase>
    <testcase classname="chrome.136_0_7103_93.windows.Sanity_Tests_US104253" name="Should open RU Inventory List page" time="37.034">
      <system-out><![CDATA[
COMMAND: POST /session/c5b30e3fd34ac9965af026ffc351930a/execute/async - {"script":"<script> [1562 bytes]","args":[{"selector":{"controlType":"sap.m.GenericTile","properties":{"header":"RU Inventory List"}},"wdio_ui5_key":"sapm.GenericTile{\"header\":\"RU Inventory List\"}"}]}
RESULT: {"script":"<script> [1562 bytes]","args":[{"selector":{"controlType":"sap.m.GenericTile","properties":{"header":"RU Inventory List"}},"wdio_ui5_key":"sapm.GenericTile{\"header\":\"RU Inventory List\"}"}]}
RESULT: undefined
COMMAND: POST /session/c5b30e3fd34ac9965af026ffc351930a/element - {"using":"xpath","value":"//*[@id=\"__tile99\"]"}
RESULT: {"using":"xpath","value":"//*[@id=\"__tile99\"]"}
COMMAND: POST /session/c5b30e3fd34ac9965af026ffc351930a/element/f.FB2DD181A464ADC1AE2979EE676D3DD4.d.6998629827D1AB3381FE5D21B3F853F1.e.3342/click - {}
RESULT: {}
COMMAND: GET /session/c5b30e3fd34ac9965af026ffc351930a/screenshot - {}
RESULT: {}
COMMAND: POST /session/c5b30e3fd34ac9965af026ffc351930a/elements - {"using":"xpath","value":"//span[text()='Error']"}
RESULT: {"using":"xpath","value":"//span[text()='Error']"}
RESULT: undefined
COMMAND: POST /session/c5b30e3fd34ac9965af026ffc351930a/element - {"using":"xpath","value":"//*[@id=\"__tile99\"]"}
RESULT: {"using":"xpath","value":"//*[@id=\"__tile99\"]"}
COMMAND: POST /session/c5b30e3fd34ac9965af026ffc351930a/element/f.FB2DD181A464ADC1AE2979EE676D3DD4.d.6998629827D1AB3381FE5D21B3F853F1.e.3342/click - {}
RESULT: undefined
COMMAND: POST /session/c5b30e3fd34ac9965af026ffc351930a/element - {"using":"xpath","value":"//*[@id=\"__tile99\"]"}
RESULT: {"using":"xpath","value":"//*[@id=\"__tile99\"]"}
COMMAND: POST /session/c5b30e3fd34ac9965af026ffc351930a/element/f.FB2DD181A464ADC1AE2979EE676D3DD4.d.6998629827D1AB3381FE5D21B3F853F1.e.3342/click - {}
RESULT: undefined
COMMAND: POST /session/c5b30e3fd34ac9965af026ffc351930a/execute/async - {"script":"<script> [6424 bytes]","args":[{"element-6066-11e4-a52e-4f735466cecf":"f.FB2DD181A464ADC1AE2979EE676D3DD4.d.6998629827D1AB3381FE5D21B3F853F1.e.287"},"getTitle",[]]}
COMMAND: POST /session/c5b30e3fd34ac9965af026ffc351930a/execute/async - {"script":"<script> [1562 bytes]","args":[{"selector":{"id":"shellAppTitle"},"wdio_ui5_key":"shellAppTitle"}]}
RESULT: {"script":"<script> [1562 bytes]","args":[{"selector":{"id":"shellAppTitle"},"wdio_ui5_key":"shellAppTitle"}]}
COMMAND: POST /session/c5b30e3fd34ac9965af026ffc351930a/execute/async - {"script":"<script> [6424 bytes]","args":[{"element-6066-11e4-a52e-4f735466cecf":"f.FB2DD181A464ADC1AE2979EE676D3DD4.d.6998629827D1AB3381FE5D21B3F853F1.e.3541"},"getTitle",[]]}
RESULT: {"script":"<script> [6424 bytes]","args":[{"element-6066-11e4-a52e-4f735466cecf":"f.FB2DD181A464ADC1AE2979EE676D3DD4.d.6998629827D1AB3381FE5D21B3F853F1.e.3541"},"getTitle",[]]}
RESULT: undefined
COMMAND: POST /session/c5b30e3fd34ac9965af026ffc351930a/element/f.FB2DD181A464ADC1AE2979EE676D3DD4.d.6998629827D1AB3381FE5D21B3F853F1.e.3310/click - {}
COMMAND: POST /session/c5b30e3fd34ac9965af026ffc351930a/element - {"using":"xpath","value":"//*[@id=\"backBtn\"]"}
RESULT: {"using":"xpath","value":"//*[@id=\"backBtn\"]"}
COMMAND: POST /session/c5b30e3fd34ac9965af026ffc351930a/element/f.FB2DD181A464ADC1AE2979EE676D3DD4.d.6998629827D1AB3381FE5D21B3F853F1.e.3310/click - {}
COMMAND: POST /session/c5b30e3fd34ac9965af026ffc351930a/element - {"using":"xpath","value":"//*[@id=\"backBtn\"]"}
RESULT: {"using":"xpath","value":"//*[@id=\"backBtn\"]"}
COMMAND: POST /session/c5b30e3fd34ac9965af026ffc351930a/element/f.FB2DD181A464ADC1AE2979EE676D3DD4.d.6998629827D1AB3381FE5D21B3F853F1.e.3542/click - {}
RESULT: {}
COMMAND: GET /session/c5b30e3fd34ac9965af026ffc351930a/screenshot - {}
RESULT: {}
]]></system-out>
    </testcase>
    <testcase classname="chrome.136_0_7103_93.windows.Sanity_Tests_US104253" name="Should open Contracts Dashboard page" time="44.691">
      <system-out><![CDATA[
COMMAND: POST /session/c5b30e3fd34ac9965af026ffc351930a/execute/async - {"script":"<script> [1562 bytes]","args":[{"selector":{"controlType":"sap.m.GenericTile","properties":{"header":"Contracts Dashboard"}},"wdio_ui5_key":"sapm.GenericTile{\"header\":\"Contracts Dashboard\"}"}]}
RESULT: {"script":"<script> [1562 bytes]","args":[{"selector":{"controlType":"sap.m.GenericTile","properties":{"header":"Contracts Dashboard"}},"wdio_ui5_key":"sapm.GenericTile{\"header\":\"Contracts Dashboard\"}"}]}
RESULT: undefined
COMMAND: POST /session/c5b30e3fd34ac9965af026ffc351930a/element - {"using":"xpath","value":"//*[@id=\"__tile97\"]"}
RESULT: {"using":"xpath","value":"//*[@id=\"__tile97\"]"}
COMMAND: POST /session/c5b30e3fd34ac9965af026ffc351930a/element/f.FB2DD181A464ADC1AE2979EE676D3DD4.d.6998629827D1AB3381FE5D21B3F853F1.e.3544/click - {}
RESULT: {}
COMMAND: GET /session/c5b30e3fd34ac9965af026ffc351930a/screenshot - {}
RESULT: {}
COMMAND: POST /session/c5b30e3fd34ac9965af026ffc351930a/elements - {"using":"xpath","value":"//span[text()='Error']"}
RESULT: {"using":"xpath","value":"//span[text()='Error']"}
RESULT: undefined
COMMAND: POST /session/c5b30e3fd34ac9965af026ffc351930a/element - {"using":"xpath","value":"//*[@id=\"__tile97\"]"}
RESULT: {"using":"xpath","value":"//*[@id=\"__tile97\"]"}
COMMAND: POST /session/c5b30e3fd34ac9965af026ffc351930a/element/f.FB2DD181A464ADC1AE2979EE676D3DD4.d.6998629827D1AB3381FE5D21B3F853F1.e.3544/click - {}
RESULT: undefined
COMMAND: POST /session/c5b30e3fd34ac9965af026ffc351930a/element - {"using":"xpath","value":"//*[@id=\"__tile97\"]"}
RESULT: {"using":"xpath","value":"//*[@id=\"__tile97\"]"}
COMMAND: POST /session/c5b30e3fd34ac9965af026ffc351930a/element/f.FB2DD181A464ADC1AE2979EE676D3DD4.d.6998629827D1AB3381FE5D21B3F853F1.e.3544/click - {}
RESULT: undefined
COMMAND: POST /session/c5b30e3fd34ac9965af026ffc351930a/execute/async - {"script":"<script> [6424 bytes]","args":[{"element-6066-11e4-a52e-4f735466cecf":"f.FB2DD181A464ADC1AE2979EE676D3DD4.d.6998629827D1AB3381FE5D21B3F853F1.e.287"},"getTitle",[]]}
COMMAND: POST /session/c5b30e3fd34ac9965af026ffc351930a/execute/async - {"script":"<script> [1562 bytes]","args":[{"selector":{"id":"shellAppTitle"},"wdio_ui5_key":"shellAppTitle"}]}
RESULT: {"script":"<script> [1562 bytes]","args":[{"selector":{"id":"shellAppTitle"},"wdio_ui5_key":"shellAppTitle"}]}
COMMAND: POST /session/c5b30e3fd34ac9965af026ffc351930a/execute/async - {"script":"<script> [6424 bytes]","args":[{"element-6066-11e4-a52e-4f735466cecf":"f.FB2DD181A464ADC1AE2979EE676D3DD4.d.6998629827D1AB3381FE5D21B3F853F1.e.3563"},"getTitle",[]]}
RESULT: {"script":"<script> [6424 bytes]","args":[{"element-6066-11e4-a52e-4f735466cecf":"f.FB2DD181A464ADC1AE2979EE676D3DD4.d.6998629827D1AB3381FE5D21B3F853F1.e.3563"},"getTitle",[]]}
RESULT: undefined
COMMAND: POST /session/c5b30e3fd34ac9965af026ffc351930a/element/f.FB2DD181A464ADC1AE2979EE676D3DD4.d.6998629827D1AB3381FE5D21B3F853F1.e.3542/click - {}
RESULT: {}
COMMAND: GET /session/c5b30e3fd34ac9965af026ffc351930a/screenshot - {}
RESULT: {}
]]></system-out>
    </testcase>
    <testcase classname="chrome.136_0_7103_93.windows.Sanity_Tests_US104253" name="Should open Bin Status Report page" time="37.766">
      <system-out><![CDATA[
COMMAND: POST /session/c5b30e3fd34ac9965af026ffc351930a/execute/async - {"script":"<script> [1562 bytes]","args":[{"selector":{"controlType":"sap.m.GenericTile","properties":{"header":"Bin Status Report"}},"wdio_ui5_key":"sapm.GenericTile{\"header\":\"Bin Status Report\"}"}]}
RESULT: {"script":"<script> [1562 bytes]","args":[{"selector":{"controlType":"sap.m.GenericTile","properties":{"header":"Bin Status Report"}},"wdio_ui5_key":"sapm.GenericTile{\"header\":\"Bin Status Report\"}"}]}
RESULT: undefined
COMMAND: POST /session/c5b30e3fd34ac9965af026ffc351930a/element - {"using":"xpath","value":"//*[@id=\"__tile104\"]"}
RESULT: {"using":"xpath","value":"//*[@id=\"__tile104\"]"}
COMMAND: POST /session/c5b30e3fd34ac9965af026ffc351930a/element/f.FB2DD181A464ADC1AE2979EE676D3DD4.d.6998629827D1AB3381FE5D21B3F853F1.e.3565/click - {}
RESULT: {}
COMMAND: GET /session/c5b30e3fd34ac9965af026ffc351930a/screenshot - {}
RESULT: {}
COMMAND: POST /session/c5b30e3fd34ac9965af026ffc351930a/elements - {"using":"xpath","value":"//span[text()='Error']"}
RESULT: {"using":"xpath","value":"//span[text()='Error']"}
RESULT: undefined
COMMAND: POST /session/c5b30e3fd34ac9965af026ffc351930a/element - {"using":"xpath","value":"//*[@id=\"__tile104\"]"}
RESULT: {"using":"xpath","value":"//*[@id=\"__tile104\"]"}
COMMAND: POST /session/c5b30e3fd34ac9965af026ffc351930a/element/f.FB2DD181A464ADC1AE2979EE676D3DD4.d.6998629827D1AB3381FE5D21B3F853F1.e.3565/click - {}
RESULT: undefined
COMMAND: POST /session/c5b30e3fd34ac9965af026ffc351930a/element - {"using":"xpath","value":"//*[@id=\"__tile104\"]"}
RESULT: {"using":"xpath","value":"//*[@id=\"__tile104\"]"}
COMMAND: POST /session/c5b30e3fd34ac9965af026ffc351930a/element/f.FB2DD181A464ADC1AE2979EE676D3DD4.d.6998629827D1AB3381FE5D21B3F853F1.e.3565/click - {}
RESULT: undefined
COMMAND: POST /session/c5b30e3fd34ac9965af026ffc351930a/execute/async - {"script":"<script> [6424 bytes]","args":[{"element-6066-11e4-a52e-4f735466cecf":"f.FB2DD181A464ADC1AE2979EE676D3DD4.d.6998629827D1AB3381FE5D21B3F853F1.e.287"},"getTitle",[]]}
COMMAND: POST /session/c5b30e3fd34ac9965af026ffc351930a/execute/async - {"script":"<script> [1562 bytes]","args":[{"selector":{"id":"shellAppTitle"},"wdio_ui5_key":"shellAppTitle"}]}
RESULT: {"script":"<script> [1562 bytes]","args":[{"selector":{"id":"shellAppTitle"},"wdio_ui5_key":"shellAppTitle"}]}
COMMAND: POST /session/c5b30e3fd34ac9965af026ffc351930a/execute/async - {"script":"<script> [6424 bytes]","args":[{"element-6066-11e4-a52e-4f735466cecf":"f.FB2DD181A464ADC1AE2979EE676D3DD4.d.6998629827D1AB3381FE5D21B3F853F1.e.3658"},"getTitle",[]]}
RESULT: {"script":"<script> [6424 bytes]","args":[{"element-6066-11e4-a52e-4f735466cecf":"f.FB2DD181A464ADC1AE2979EE676D3DD4.d.6998629827D1AB3381FE5D21B3F853F1.e.3658"},"getTitle",[]]}
RESULT: undefined
COMMAND: POST /session/c5b30e3fd34ac9965af026ffc351930a/element/f.FB2DD181A464ADC1AE2979EE676D3DD4.d.6998629827D1AB3381FE5D21B3F853F1.e.3542/click - {}
COMMAND: POST /session/c5b30e3fd34ac9965af026ffc351930a/element - {"using":"xpath","value":"//*[@id=\"backBtn\"]"}
RESULT: {"using":"xpath","value":"//*[@id=\"backBtn\"]"}
COMMAND: POST /session/c5b30e3fd34ac9965af026ffc351930a/element/f.FB2DD181A464ADC1AE2979EE676D3DD4.d.6998629827D1AB3381FE5D21B3F853F1.e.3542/click - {}
COMMAND: POST /session/c5b30e3fd34ac9965af026ffc351930a/element - {"using":"xpath","value":"//*[@id=\"backBtn\"]"}
RESULT: {"using":"xpath","value":"//*[@id=\"backBtn\"]"}
COMMAND: POST /session/c5b30e3fd34ac9965af026ffc351930a/element/f.FB2DD181A464ADC1AE2979EE676D3DD4.d.6998629827D1AB3381FE5D21B3F853F1.e.3659/click - {}
RESULT: {}
COMMAND: GET /session/c5b30e3fd34ac9965af026ffc351930a/screenshot - {}
RESULT: {}
]]></system-out>
    </testcase>
    <testcase classname="chrome.136_0_7103_93.windows.Sanity_Tests_US104253" name="Should open Manage Warehouse Movements page" time="40.482">
      <system-out><![CDATA[
COMMAND: POST /session/c5b30e3fd34ac9965af026ffc351930a/execute/async - {"script":"<script> [1562 bytes]","args":[{"selector":{"controlType":"sap.m.GenericTile","properties":{"header":"Manage Warehouse Movements"}},"wdio_ui5_key":"sapm.GenericTile{\"header\":\"Manage Warehouse Movements\"}"}]}
RESULT: {"script":"<script> [1562 bytes]","args":[{"selector":{"controlType":"sap.m.GenericTile","properties":{"header":"Manage Warehouse Movements"}},"wdio_ui5_key":"sapm.GenericTile{\"header\":\"Manage Warehouse Movements\"}"}]}
RESULT: undefined
COMMAND: POST /session/c5b30e3fd34ac9965af026ffc351930a/element - {"using":"xpath","value":"//*[@id=\"__tile105\"]"}
RESULT: {"using":"xpath","value":"//*[@id=\"__tile105\"]"}
COMMAND: POST /session/c5b30e3fd34ac9965af026ffc351930a/element/f.FB2DD181A464ADC1AE2979EE676D3DD4.d.6998629827D1AB3381FE5D21B3F853F1.e.3663/click - {}
RESULT: {}
COMMAND: GET /session/c5b30e3fd34ac9965af026ffc351930a/screenshot - {}
RESULT: {}
COMMAND: POST /session/c5b30e3fd34ac9965af026ffc351930a/elements - {"using":"xpath","value":"//span[text()='Error']"}
RESULT: {"using":"xpath","value":"//span[text()='Error']"}
RESULT: undefined
COMMAND: POST /session/c5b30e3fd34ac9965af026ffc351930a/element - {"using":"xpath","value":"//*[@id=\"__tile105\"]"}
RESULT: {"using":"xpath","value":"//*[@id=\"__tile105\"]"}
COMMAND: POST /session/c5b30e3fd34ac9965af026ffc351930a/element/f.FB2DD181A464ADC1AE2979EE676D3DD4.d.6998629827D1AB3381FE5D21B3F853F1.e.3663/click - {}
RESULT: undefined
COMMAND: POST /session/c5b30e3fd34ac9965af026ffc351930a/element - {"using":"xpath","value":"//*[@id=\"__tile105\"]"}
RESULT: {"using":"xpath","value":"//*[@id=\"__tile105\"]"}
COMMAND: POST /session/c5b30e3fd34ac9965af026ffc351930a/element/f.FB2DD181A464ADC1AE2979EE676D3DD4.d.6998629827D1AB3381FE5D21B3F853F1.e.3663/click - {}
RESULT: undefined
COMMAND: POST /session/c5b30e3fd34ac9965af026ffc351930a/execute/async - {"script":"<script> [6424 bytes]","args":[{"element-6066-11e4-a52e-4f735466cecf":"f.FB2DD181A464ADC1AE2979EE676D3DD4.d.6998629827D1AB3381FE5D21B3F853F1.e.287"},"getTitle",[]]}
COMMAND: POST /session/c5b30e3fd34ac9965af026ffc351930a/execute/async - {"script":"<script> [1562 bytes]","args":[{"selector":{"id":"shellAppTitle"},"wdio_ui5_key":"shellAppTitle"}]}
RESULT: {"script":"<script> [1562 bytes]","args":[{"selector":{"id":"shellAppTitle"},"wdio_ui5_key":"shellAppTitle"}]}
COMMAND: POST /session/c5b30e3fd34ac9965af026ffc351930a/execute/async - {"script":"<script> [6424 bytes]","args":[{"element-6066-11e4-a52e-4f735466cecf":"f.FB2DD181A464ADC1AE2979EE676D3DD4.d.6998629827D1AB3381FE5D21B3F853F1.e.3763"},"getTitle",[]]}
RESULT: {"script":"<script> [6424 bytes]","args":[{"element-6066-11e4-a52e-4f735466cecf":"f.FB2DD181A464ADC1AE2979EE676D3DD4.d.6998629827D1AB3381FE5D21B3F853F1.e.3763"},"getTitle",[]]}
RESULT: undefined
COMMAND: POST /session/c5b30e3fd34ac9965af026ffc351930a/element/f.FB2DD181A464ADC1AE2979EE676D3DD4.d.6998629827D1AB3381FE5D21B3F853F1.e.3659/click - {}
RESULT: {}
COMMAND: GET /session/c5b30e3fd34ac9965af026ffc351930a/screenshot - {}
RESULT: {}
]]></system-out>
    </testcase>
    <testcase classname="chrome.136_0_7103_93.windows.Sanity_Tests_US104253" name="Should open Bin Inventory List page" time="45.293">
      <system-out><![CDATA[
COMMAND: POST /session/c5b30e3fd34ac9965af026ffc351930a/execute/async - {"script":"<script> [1562 bytes]","args":[{"selector":{"controlType":"sap.m.GenericTile","properties":{"header":"Bin Inventory List"}},"wdio_ui5_key":"sapm.GenericTile{\"header\":\"Bin Inventory List\"}"}]}
RESULT: {"script":"<script> [1562 bytes]","args":[{"selector":{"controlType":"sap.m.GenericTile","properties":{"header":"Bin Inventory List"}},"wdio_ui5_key":"sapm.GenericTile{\"header\":\"Bin Inventory List\"}"}]}
RESULT: undefined
COMMAND: POST /session/c5b30e3fd34ac9965af026ffc351930a/element - {"using":"xpath","value":"//*[@id=\"__tile103\"]"}
RESULT: {"using":"xpath","value":"//*[@id=\"__tile103\"]"}
COMMAND: POST /session/c5b30e3fd34ac9965af026ffc351930a/element/f.FB2DD181A464ADC1AE2979EE676D3DD4.d.6998629827D1AB3381FE5D21B3F853F1.e.3765/click - {}
RESULT: {}
COMMAND: GET /session/c5b30e3fd34ac9965af026ffc351930a/screenshot - {}
RESULT: {}
COMMAND: POST /session/c5b30e3fd34ac9965af026ffc351930a/elements - {"using":"xpath","value":"//span[text()='Error']"}
RESULT: {"using":"xpath","value":"//span[text()='Error']"}
RESULT: undefined
COMMAND: POST /session/c5b30e3fd34ac9965af026ffc351930a/element - {"using":"xpath","value":"//*[@id=\"__tile103\"]"}
RESULT: {"using":"xpath","value":"//*[@id=\"__tile103\"]"}
COMMAND: POST /session/c5b30e3fd34ac9965af026ffc351930a/element/f.FB2DD181A464ADC1AE2979EE676D3DD4.d.6998629827D1AB3381FE5D21B3F853F1.e.3765/click - {}
RESULT: undefined
COMMAND: POST /session/c5b30e3fd34ac9965af026ffc351930a/element - {"using":"xpath","value":"//*[@id=\"__tile103\"]"}
RESULT: {"using":"xpath","value":"//*[@id=\"__tile103\"]"}
COMMAND: POST /session/c5b30e3fd34ac9965af026ffc351930a/element/f.FB2DD181A464ADC1AE2979EE676D3DD4.d.6998629827D1AB3381FE5D21B3F853F1.e.3765/click - {}
RESULT: undefined
COMMAND: POST /session/c5b30e3fd34ac9965af026ffc351930a/execute/async - {"script":"<script> [6424 bytes]","args":[{"element-6066-11e4-a52e-4f735466cecf":"f.FB2DD181A464ADC1AE2979EE676D3DD4.d.6998629827D1AB3381FE5D21B3F853F1.e.287"},"getTitle",[]]}
COMMAND: POST /session/c5b30e3fd34ac9965af026ffc351930a/execute/async - {"script":"<script> [1562 bytes]","args":[{"selector":{"id":"shellAppTitle"},"wdio_ui5_key":"shellAppTitle"}]}
RESULT: {"script":"<script> [1562 bytes]","args":[{"selector":{"id":"shellAppTitle"},"wdio_ui5_key":"shellAppTitle"}]}
COMMAND: POST /session/c5b30e3fd34ac9965af026ffc351930a/execute/async - {"script":"<script> [6424 bytes]","args":[{"element-6066-11e4-a52e-4f735466cecf":"f.FB2DD181A464ADC1AE2979EE676D3DD4.d.6998629827D1AB3381FE5D21B3F853F1.e.3852"},"getTitle",[]]}
RESULT: {"script":"<script> [6424 bytes]","args":[{"element-6066-11e4-a52e-4f735466cecf":"f.FB2DD181A464ADC1AE2979EE676D3DD4.d.6998629827D1AB3381FE5D21B3F853F1.e.3852"},"getTitle",[]]}
RESULT: undefined
COMMAND: POST /session/c5b30e3fd34ac9965af026ffc351930a/element/f.FB2DD181A464ADC1AE2979EE676D3DD4.d.6998629827D1AB3381FE5D21B3F853F1.e.3659/click - {}
COMMAND: POST /session/c5b30e3fd34ac9965af026ffc351930a/element - {"using":"xpath","value":"//*[@id=\"backBtn\"]"}
RESULT: {"using":"xpath","value":"//*[@id=\"backBtn\"]"}
COMMAND: POST /session/c5b30e3fd34ac9965af026ffc351930a/element/f.FB2DD181A464ADC1AE2979EE676D3DD4.d.6998629827D1AB3381FE5D21B3F853F1.e.3659/click - {}
COMMAND: POST /session/c5b30e3fd34ac9965af026ffc351930a/element - {"using":"xpath","value":"//*[@id=\"backBtn\"]"}
RESULT: {"using":"xpath","value":"//*[@id=\"backBtn\"]"}
COMMAND: POST /session/c5b30e3fd34ac9965af026ffc351930a/element/f.FB2DD181A464ADC1AE2979EE676D3DD4.d.6998629827D1AB3381FE5D21B3F853F1.e.3853/click - {}
RESULT: {}
COMMAND: GET /session/c5b30e3fd34ac9965af026ffc351930a/screenshot - {}
RESULT: {}
]]></system-out>
    </testcase>
    <testcase classname="chrome.136_0_7103_93.windows.Sanity_Tests_US104253" name="Should open ISC Templates page" time="38.207">
      <system-out><![CDATA[
COMMAND: POST /session/c5b30e3fd34ac9965af026ffc351930a/execute/async - {"script":"<script> [1562 bytes]","args":[{"selector":{"controlType":"sap.m.GenericTile","properties":{"header":"ISC Templates"}},"wdio_ui5_key":"sapm.GenericTile{\"header\":\"ISC Templates\"}"}]}
RESULT: {"script":"<script> [1562 bytes]","args":[{"selector":{"controlType":"sap.m.GenericTile","properties":{"header":"ISC Templates"}},"wdio_ui5_key":"sapm.GenericTile{\"header\":\"ISC Templates\"}"}]}
RESULT: undefined
COMMAND: POST /session/c5b30e3fd34ac9965af026ffc351930a/element - {"using":"xpath","value":"//*[@id=\"__tile111\"]"}
RESULT: {"using":"xpath","value":"//*[@id=\"__tile111\"]"}
COMMAND: POST /session/c5b30e3fd34ac9965af026ffc351930a/element/f.FB2DD181A464ADC1AE2979EE676D3DD4.d.6998629827D1AB3381FE5D21B3F853F1.e.3855/click - {}
RESULT: {}
COMMAND: GET /session/c5b30e3fd34ac9965af026ffc351930a/screenshot - {}
RESULT: {}
COMMAND: POST /session/c5b30e3fd34ac9965af026ffc351930a/elements - {"using":"xpath","value":"//span[text()='Error']"}
RESULT: {"using":"xpath","value":"//span[text()='Error']"}
RESULT: undefined
COMMAND: POST /session/c5b30e3fd34ac9965af026ffc351930a/element - {"using":"xpath","value":"//*[@id=\"__tile111\"]"}
RESULT: {"using":"xpath","value":"//*[@id=\"__tile111\"]"}
COMMAND: POST /session/c5b30e3fd34ac9965af026ffc351930a/element/f.FB2DD181A464ADC1AE2979EE676D3DD4.d.6998629827D1AB3381FE5D21B3F853F1.e.3855/click - {}
RESULT: undefined
COMMAND: POST /session/c5b30e3fd34ac9965af026ffc351930a/element - {"using":"xpath","value":"//*[@id=\"__tile111\"]"}
RESULT: {"using":"xpath","value":"//*[@id=\"__tile111\"]"}
COMMAND: POST /session/c5b30e3fd34ac9965af026ffc351930a/element/f.FB2DD181A464ADC1AE2979EE676D3DD4.d.6998629827D1AB3381FE5D21B3F853F1.e.3855/click - {}
RESULT: undefined
COMMAND: POST /session/c5b30e3fd34ac9965af026ffc351930a/execute/async - {"script":"<script> [6424 bytes]","args":[{"element-6066-11e4-a52e-4f735466cecf":"f.FB2DD181A464ADC1AE2979EE676D3DD4.d.6998629827D1AB3381FE5D21B3F853F1.e.287"},"getTitle",[]]}
COMMAND: POST /session/c5b30e3fd34ac9965af026ffc351930a/execute/async - {"script":"<script> [1562 bytes]","args":[{"selector":{"id":"shellAppTitle"},"wdio_ui5_key":"shellAppTitle"}]}
RESULT: {"script":"<script> [1562 bytes]","args":[{"selector":{"id":"shellAppTitle"},"wdio_ui5_key":"shellAppTitle"}]}
COMMAND: POST /session/c5b30e3fd34ac9965af026ffc351930a/execute/async - {"script":"<script> [6424 bytes]","args":[{"element-6066-11e4-a52e-4f735466cecf":"f.FB2DD181A464ADC1AE2979EE676D3DD4.d.6998629827D1AB3381FE5D21B3F853F1.e.3929"},"getTitle",[]]}
RESULT: {"script":"<script> [6424 bytes]","args":[{"element-6066-11e4-a52e-4f735466cecf":"f.FB2DD181A464ADC1AE2979EE676D3DD4.d.6998629827D1AB3381FE5D21B3F853F1.e.3929"},"getTitle",[]]}
RESULT: undefined
COMMAND: POST /session/c5b30e3fd34ac9965af026ffc351930a/element/f.FB2DD181A464ADC1AE2979EE676D3DD4.d.6998629827D1AB3381FE5D21B3F853F1.e.3853/click - {}
RESULT: {}
COMMAND: GET /session/c5b30e3fd34ac9965af026ffc351930a/screenshot - {}
RESULT: {}
]]></system-out>
    </testcase>
    <testcase classname="chrome.136_0_7103_93.windows.Sanity_Tests_US104253" name="Should open ISC Schedules page" time="38.142">
      <system-out><![CDATA[
COMMAND: POST /session/c5b30e3fd34ac9965af026ffc351930a/execute/async - {"script":"<script> [1562 bytes]","args":[{"selector":{"controlType":"sap.m.GenericTile","properties":{"header":"ISC Schedules"}},"wdio_ui5_key":"sapm.GenericTile{\"header\":\"ISC Schedules\"}"}]}
RESULT: {"script":"<script> [1562 bytes]","args":[{"selector":{"controlType":"sap.m.GenericTile","properties":{"header":"ISC Schedules"}},"wdio_ui5_key":"sapm.GenericTile{\"header\":\"ISC Schedules\"}"}]}
RESULT: undefined
COMMAND: POST /session/c5b30e3fd34ac9965af026ffc351930a/element - {"using":"xpath","value":"//*[@id=\"__tile109\"]"}
RESULT: {"using":"xpath","value":"//*[@id=\"__tile109\"]"}
COMMAND: POST /session/c5b30e3fd34ac9965af026ffc351930a/element/f.FB2DD181A464ADC1AE2979EE676D3DD4.d.6998629827D1AB3381FE5D21B3F853F1.e.3932/click - {}
RESULT: {}
COMMAND: GET /session/c5b30e3fd34ac9965af026ffc351930a/screenshot - {}
RESULT: {}
COMMAND: POST /session/c5b30e3fd34ac9965af026ffc351930a/elements - {"using":"xpath","value":"//span[text()='Error']"}
RESULT: {"using":"xpath","value":"//span[text()='Error']"}
RESULT: undefined
COMMAND: POST /session/c5b30e3fd34ac9965af026ffc351930a/element - {"using":"xpath","value":"//*[@id=\"__tile109\"]"}
RESULT: {"using":"xpath","value":"//*[@id=\"__tile109\"]"}
COMMAND: POST /session/c5b30e3fd34ac9965af026ffc351930a/element/f.FB2DD181A464ADC1AE2979EE676D3DD4.d.6998629827D1AB3381FE5D21B3F853F1.e.3932/click - {}
RESULT: undefined
COMMAND: POST /session/c5b30e3fd34ac9965af026ffc351930a/element - {"using":"xpath","value":"//*[@id=\"__tile109\"]"}
RESULT: {"using":"xpath","value":"//*[@id=\"__tile109\"]"}
COMMAND: POST /session/c5b30e3fd34ac9965af026ffc351930a/element/f.FB2DD181A464ADC1AE2979EE676D3DD4.d.6998629827D1AB3381FE5D21B3F853F1.e.3932/click - {}
RESULT: undefined
COMMAND: POST /session/c5b30e3fd34ac9965af026ffc351930a/execute/async - {"script":"<script> [6424 bytes]","args":[{"element-6066-11e4-a52e-4f735466cecf":"f.FB2DD181A464ADC1AE2979EE676D3DD4.d.6998629827D1AB3381FE5D21B3F853F1.e.287"},"getTitle",[]]}
COMMAND: POST /session/c5b30e3fd34ac9965af026ffc351930a/execute/async - {"script":"<script> [1562 bytes]","args":[{"selector":{"id":"shellAppTitle"},"wdio_ui5_key":"shellAppTitle"}]}
RESULT: {"script":"<script> [1562 bytes]","args":[{"selector":{"id":"shellAppTitle"},"wdio_ui5_key":"shellAppTitle"}]}
COMMAND: POST /session/c5b30e3fd34ac9965af026ffc351930a/execute/async - {"script":"<script> [6424 bytes]","args":[{"element-6066-11e4-a52e-4f735466cecf":"f.FB2DD181A464ADC1AE2979EE676D3DD4.d.6998629827D1AB3381FE5D21B3F853F1.e.4002"},"getTitle",[]]}
RESULT: {"script":"<script> [6424 bytes]","args":[{"element-6066-11e4-a52e-4f735466cecf":"f.FB2DD181A464ADC1AE2979EE676D3DD4.d.6998629827D1AB3381FE5D21B3F853F1.e.4002"},"getTitle",[]]}
RESULT: undefined
COMMAND: POST /session/c5b30e3fd34ac9965af026ffc351930a/element/f.FB2DD181A464ADC1AE2979EE676D3DD4.d.6998629827D1AB3381FE5D21B3F853F1.e.3853/click - {}
COMMAND: POST /session/c5b30e3fd34ac9965af026ffc351930a/element - {"using":"xpath","value":"//*[@id=\"backBtn\"]"}
RESULT: {"using":"xpath","value":"//*[@id=\"backBtn\"]"}
COMMAND: POST /session/c5b30e3fd34ac9965af026ffc351930a/element/f.FB2DD181A464ADC1AE2979EE676D3DD4.d.6998629827D1AB3381FE5D21B3F853F1.e.3853/click - {}
COMMAND: POST /session/c5b30e3fd34ac9965af026ffc351930a/element - {"using":"xpath","value":"//*[@id=\"backBtn\"]"}
RESULT: {"using":"xpath","value":"//*[@id=\"backBtn\"]"}
COMMAND: POST /session/c5b30e3fd34ac9965af026ffc351930a/element/f.FB2DD181A464ADC1AE2979EE676D3DD4.d.6998629827D1AB3381FE5D21B3F853F1.e.4003/click - {}
RESULT: {}
COMMAND: GET /session/c5b30e3fd34ac9965af026ffc351930a/screenshot - {}
RESULT: {}
]]></system-out>
    </testcase>
    <testcase classname="chrome.136_0_7103_93.windows.Sanity_Tests_US104253" name="Should open ISC Dashboard page" time="37.933">
      <system-out><![CDATA[
COMMAND: POST /session/c5b30e3fd34ac9965af026ffc351930a/execute/async - {"script":"<script> [1562 bytes]","args":[{"selector":{"controlType":"sap.m.GenericTile","properties":{"header":"ISC Dashboard"}},"wdio_ui5_key":"sapm.GenericTile{\"header\":\"ISC Dashboard\"}"}]}
RESULT: {"script":"<script> [1562 bytes]","args":[{"selector":{"controlType":"sap.m.GenericTile","properties":{"header":"ISC Dashboard"}},"wdio_ui5_key":"sapm.GenericTile{\"header\":\"ISC Dashboard\"}"}]}
RESULT: undefined
COMMAND: POST /session/c5b30e3fd34ac9965af026ffc351930a/element - {"using":"xpath","value":"//*[@id=\"__tile106\"]"}
RESULT: {"using":"xpath","value":"//*[@id=\"__tile106\"]"}
COMMAND: POST /session/c5b30e3fd34ac9965af026ffc351930a/element/f.FB2DD181A464ADC1AE2979EE676D3DD4.d.6998629827D1AB3381FE5D21B3F853F1.e.4005/click - {}
RESULT: {}
COMMAND: GET /session/c5b30e3fd34ac9965af026ffc351930a/screenshot - {}
RESULT: {}
COMMAND: POST /session/c5b30e3fd34ac9965af026ffc351930a/elements - {"using":"xpath","value":"//span[text()='Error']"}
RESULT: {"using":"xpath","value":"//span[text()='Error']"}
RESULT: undefined
COMMAND: POST /session/c5b30e3fd34ac9965af026ffc351930a/element - {"using":"xpath","value":"//*[@id=\"__tile106\"]"}
RESULT: {"using":"xpath","value":"//*[@id=\"__tile106\"]"}
COMMAND: POST /session/c5b30e3fd34ac9965af026ffc351930a/element/f.FB2DD181A464ADC1AE2979EE676D3DD4.d.6998629827D1AB3381FE5D21B3F853F1.e.4005/click - {}
RESULT: undefined
COMMAND: POST /session/c5b30e3fd34ac9965af026ffc351930a/element - {"using":"xpath","value":"//*[@id=\"__tile106\"]"}
RESULT: {"using":"xpath","value":"//*[@id=\"__tile106\"]"}
COMMAND: POST /session/c5b30e3fd34ac9965af026ffc351930a/element/f.FB2DD181A464ADC1AE2979EE676D3DD4.d.6998629827D1AB3381FE5D21B3F853F1.e.4005/click - {}
RESULT: undefined
COMMAND: POST /session/c5b30e3fd34ac9965af026ffc351930a/execute/async - {"script":"<script> [6424 bytes]","args":[{"element-6066-11e4-a52e-4f735466cecf":"f.FB2DD181A464ADC1AE2979EE676D3DD4.d.6998629827D1AB3381FE5D21B3F853F1.e.287"},"getTitle",[]]}
COMMAND: POST /session/c5b30e3fd34ac9965af026ffc351930a/execute/async - {"script":"<script> [1562 bytes]","args":[{"selector":{"id":"shellAppTitle"},"wdio_ui5_key":"shellAppTitle"}]}
RESULT: {"script":"<script> [1562 bytes]","args":[{"selector":{"id":"shellAppTitle"},"wdio_ui5_key":"shellAppTitle"}]}
COMMAND: POST /session/c5b30e3fd34ac9965af026ffc351930a/execute/async - {"script":"<script> [6424 bytes]","args":[{"element-6066-11e4-a52e-4f735466cecf":"f.FB2DD181A464ADC1AE2979EE676D3DD4.d.6998629827D1AB3381FE5D21B3F853F1.e.4127"},"getTitle",[]]}
RESULT: {"script":"<script> [6424 bytes]","args":[{"element-6066-11e4-a52e-4f735466cecf":"f.FB2DD181A464ADC1AE2979EE676D3DD4.d.6998629827D1AB3381FE5D21B3F853F1.e.4127"},"getTitle",[]]}
RESULT: undefined
COMMAND: POST /session/c5b30e3fd34ac9965af026ffc351930a/element/f.FB2DD181A464ADC1AE2979EE676D3DD4.d.6998629827D1AB3381FE5D21B3F853F1.e.4003/click - {}
RESULT: {}
COMMAND: GET /session/c5b30e3fd34ac9965af026ffc351930a/screenshot - {}
RESULT: {}
]]></system-out>
    </testcase>
    <testcase classname="chrome.136_0_7103_93.windows.Sanity_Tests_US104253" name="Should open ISC Orders page" time="41.549">
      <system-out><![CDATA[
COMMAND: POST /session/c5b30e3fd34ac9965af026ffc351930a/execute/async - {"script":"<script> [1562 bytes]","args":[{"selector":{"controlType":"sap.m.GenericTile","properties":{"header":"ISC Orders"}},"wdio_ui5_key":"sapm.GenericTile{\"header\":\"ISC Orders\"}"}]}
RESULT: {"script":"<script> [1562 bytes]","args":[{"selector":{"controlType":"sap.m.GenericTile","properties":{"header":"ISC Orders"}},"wdio_ui5_key":"sapm.GenericTile{\"header\":\"ISC Orders\"}"}]}
RESULT: undefined
COMMAND: POST /session/c5b30e3fd34ac9965af026ffc351930a/element - {"using":"xpath","value":"//*[@id=\"__tile108\"]"}
RESULT: {"using":"xpath","value":"//*[@id=\"__tile108\"]"}
COMMAND: POST /session/c5b30e3fd34ac9965af026ffc351930a/element/f.FB2DD181A464ADC1AE2979EE676D3DD4.d.6998629827D1AB3381FE5D21B3F853F1.e.4129/click - {}
RESULT: {}
COMMAND: GET /session/c5b30e3fd34ac9965af026ffc351930a/screenshot - {}
RESULT: {}
COMMAND: POST /session/c5b30e3fd34ac9965af026ffc351930a/elements - {"using":"xpath","value":"//span[text()='Error']"}
RESULT: {"using":"xpath","value":"//span[text()='Error']"}
RESULT: undefined
COMMAND: POST /session/c5b30e3fd34ac9965af026ffc351930a/element - {"using":"xpath","value":"//*[@id=\"__tile108\"]"}
RESULT: {"using":"xpath","value":"//*[@id=\"__tile108\"]"}
COMMAND: POST /session/c5b30e3fd34ac9965af026ffc351930a/element/f.FB2DD181A464ADC1AE2979EE676D3DD4.d.6998629827D1AB3381FE5D21B3F853F1.e.4129/click - {}
RESULT: undefined
COMMAND: POST /session/c5b30e3fd34ac9965af026ffc351930a/element - {"using":"xpath","value":"//*[@id=\"__tile108\"]"}
RESULT: {"using":"xpath","value":"//*[@id=\"__tile108\"]"}
COMMAND: POST /session/c5b30e3fd34ac9965af026ffc351930a/element/f.FB2DD181A464ADC1AE2979EE676D3DD4.d.6998629827D1AB3381FE5D21B3F853F1.e.4129/click - {}
RESULT: undefined
COMMAND: POST /session/c5b30e3fd34ac9965af026ffc351930a/execute/async - {"script":"<script> [6424 bytes]","args":[{"element-6066-11e4-a52e-4f735466cecf":"f.FB2DD181A464ADC1AE2979EE676D3DD4.d.6998629827D1AB3381FE5D21B3F853F1.e.287"},"getTitle",[]]}
COMMAND: POST /session/c5b30e3fd34ac9965af026ffc351930a/execute/async - {"script":"<script> [1562 bytes]","args":[{"selector":{"id":"shellAppTitle"},"wdio_ui5_key":"shellAppTitle"}]}
RESULT: {"script":"<script> [1562 bytes]","args":[{"selector":{"id":"shellAppTitle"},"wdio_ui5_key":"shellAppTitle"}]}
COMMAND: POST /session/c5b30e3fd34ac9965af026ffc351930a/execute/async - {"script":"<script> [6424 bytes]","args":[{"element-6066-11e4-a52e-4f735466cecf":"f.FB2DD181A464ADC1AE2979EE676D3DD4.d.6998629827D1AB3381FE5D21B3F853F1.e.4234"},"getTitle",[]]}
RESULT: {"script":"<script> [6424 bytes]","args":[{"element-6066-11e4-a52e-4f735466cecf":"f.FB2DD181A464ADC1AE2979EE676D3DD4.d.6998629827D1AB3381FE5D21B3F853F1.e.4234"},"getTitle",[]]}
RESULT: undefined
COMMAND: POST /session/c5b30e3fd34ac9965af026ffc351930a/element/f.FB2DD181A464ADC1AE2979EE676D3DD4.d.6998629827D1AB3381FE5D21B3F853F1.e.4003/click - {}
COMMAND: POST /session/c5b30e3fd34ac9965af026ffc351930a/element - {"using":"xpath","value":"//*[@id=\"backBtn\"]"}
RESULT: {"using":"xpath","value":"//*[@id=\"backBtn\"]"}
COMMAND: POST /session/c5b30e3fd34ac9965af026ffc351930a/element/f.FB2DD181A464ADC1AE2979EE676D3DD4.d.6998629827D1AB3381FE5D21B3F853F1.e.4003/click - {}
COMMAND: POST /session/c5b30e3fd34ac9965af026ffc351930a/element - {"using":"xpath","value":"//*[@id=\"backBtn\"]"}
RESULT: {"using":"xpath","value":"//*[@id=\"backBtn\"]"}
COMMAND: POST /session/c5b30e3fd34ac9965af026ffc351930a/element/f.FB2DD181A464ADC1AE2979EE676D3DD4.d.6998629827D1AB3381FE5D21B3F853F1.e.4235/click - {}
RESULT: {}
COMMAND: GET /session/c5b30e3fd34ac9965af026ffc351930a/screenshot - {}
RESULT: {}
]]></system-out>
    </testcase>
    <testcase classname="chrome.136_0_7103_93.windows.Sanity_Tests_US104253" name="Should open ISC Tasks page" time="44.567">
      <system-out><![CDATA[
COMMAND: POST /session/c5b30e3fd34ac9965af026ffc351930a/execute/async - {"script":"<script> [1562 bytes]","args":[{"selector":{"controlType":"sap.m.GenericTile","properties":{"header":"ISC Tasks"}},"wdio_ui5_key":"sapm.GenericTile{\"header\":\"ISC Tasks\"}"}]}
RESULT: {"script":"<script> [1562 bytes]","args":[{"selector":{"controlType":"sap.m.GenericTile","properties":{"header":"ISC Tasks"}},"wdio_ui5_key":"sapm.GenericTile{\"header\":\"ISC Tasks\"}"}]}
RESULT: undefined
COMMAND: POST /session/c5b30e3fd34ac9965af026ffc351930a/element - {"using":"xpath","value":"//*[@id=\"__tile110\"]"}
RESULT: {"using":"xpath","value":"//*[@id=\"__tile110\"]"}
COMMAND: POST /session/c5b30e3fd34ac9965af026ffc351930a/element/f.FB2DD181A464ADC1AE2979EE676D3DD4.d.6998629827D1AB3381FE5D21B3F853F1.e.4237/click - {}
RESULT: {}
COMMAND: GET /session/c5b30e3fd34ac9965af026ffc351930a/screenshot - {}
RESULT: {}
COMMAND: POST /session/c5b30e3fd34ac9965af026ffc351930a/elements - {"using":"xpath","value":"//span[text()='Error']"}
RESULT: {"using":"xpath","value":"//span[text()='Error']"}
RESULT: undefined
COMMAND: POST /session/c5b30e3fd34ac9965af026ffc351930a/element - {"using":"xpath","value":"//*[@id=\"__tile110\"]"}
RESULT: {"using":"xpath","value":"//*[@id=\"__tile110\"]"}
COMMAND: POST /session/c5b30e3fd34ac9965af026ffc351930a/element/f.FB2DD181A464ADC1AE2979EE676D3DD4.d.6998629827D1AB3381FE5D21B3F853F1.e.4237/click - {}
RESULT: undefined
COMMAND: POST /session/c5b30e3fd34ac9965af026ffc351930a/element - {"using":"xpath","value":"//*[@id=\"__tile110\"]"}
RESULT: {"using":"xpath","value":"//*[@id=\"__tile110\"]"}
COMMAND: POST /session/c5b30e3fd34ac9965af026ffc351930a/element/f.FB2DD181A464ADC1AE2979EE676D3DD4.d.6998629827D1AB3381FE5D21B3F853F1.e.4237/click - {}
RESULT: undefined
COMMAND: POST /session/c5b30e3fd34ac9965af026ffc351930a/execute/async - {"script":"<script> [6424 bytes]","args":[{"element-6066-11e4-a52e-4f735466cecf":"f.FB2DD181A464ADC1AE2979EE676D3DD4.d.6998629827D1AB3381FE5D21B3F853F1.e.287"},"getTitle",[]]}
COMMAND: POST /session/c5b30e3fd34ac9965af026ffc351930a/execute/async - {"script":"<script> [1562 bytes]","args":[{"selector":{"id":"shellAppTitle"},"wdio_ui5_key":"shellAppTitle"}]}
RESULT: {"script":"<script> [1562 bytes]","args":[{"selector":{"id":"shellAppTitle"},"wdio_ui5_key":"shellAppTitle"}]}
COMMAND: POST /session/c5b30e3fd34ac9965af026ffc351930a/execute/async - {"script":"<script> [6424 bytes]","args":[{"element-6066-11e4-a52e-4f735466cecf":"f.FB2DD181A464ADC1AE2979EE676D3DD4.d.6998629827D1AB3381FE5D21B3F853F1.e.4320"},"getTitle",[]]}
RESULT: {"script":"<script> [6424 bytes]","args":[{"element-6066-11e4-a52e-4f735466cecf":"f.FB2DD181A464ADC1AE2979EE676D3DD4.d.6998629827D1AB3381FE5D21B3F853F1.e.4320"},"getTitle",[]]}
RESULT: undefined
COMMAND: POST /session/c5b30e3fd34ac9965af026ffc351930a/element/f.FB2DD181A464ADC1AE2979EE676D3DD4.d.6998629827D1AB3381FE5D21B3F853F1.e.4235/click - {}
RESULT: {}
COMMAND: GET /session/c5b30e3fd34ac9965af026ffc351930a/screenshot - {}
RESULT: {}
]]></system-out>
    </testcase>
    <testcase classname="chrome.136_0_7103_93.windows.Sanity_Tests_US104253" name="Should open Manage Resource Logbook page" time="37.075">
      <system-out><![CDATA[
COMMAND: POST /session/c5b30e3fd34ac9965af026ffc351930a/execute/async - {"script":"<script> [1562 bytes]","args":[{"selector":{"controlType":"sap.m.GenericTile","properties":{"header":"Manage Resource Logbook"}},"wdio_ui5_key":"sapm.GenericTile{\"header\":\"Manage Resource Logbook\"}"}]}
RESULT: {"script":"<script> [1562 bytes]","args":[{"selector":{"controlType":"sap.m.GenericTile","properties":{"header":"Manage Resource Logbook"}},"wdio_ui5_key":"sapm.GenericTile{\"header\":\"Manage Resource Logbook\"}"}]}
RESULT: undefined
COMMAND: POST /session/c5b30e3fd34ac9965af026ffc351930a/element - {"using":"xpath","value":"//*[@id=\"__tile113\"]"}
RESULT: {"using":"xpath","value":"//*[@id=\"__tile113\"]"}
COMMAND: POST /session/c5b30e3fd34ac9965af026ffc351930a/element/f.FB2DD181A464ADC1AE2979EE676D3DD4.d.6998629827D1AB3381FE5D21B3F853F1.e.4322/click - {}
RESULT: {}
COMMAND: GET /session/c5b30e3fd34ac9965af026ffc351930a/screenshot - {}
RESULT: {}
COMMAND: POST /session/c5b30e3fd34ac9965af026ffc351930a/elements - {"using":"xpath","value":"//span[text()='Error']"}
RESULT: {"using":"xpath","value":"//span[text()='Error']"}
RESULT: undefined
COMMAND: POST /session/c5b30e3fd34ac9965af026ffc351930a/element - {"using":"xpath","value":"//*[@id=\"__tile113\"]"}
RESULT: {"using":"xpath","value":"//*[@id=\"__tile113\"]"}
COMMAND: POST /session/c5b30e3fd34ac9965af026ffc351930a/element/f.FB2DD181A464ADC1AE2979EE676D3DD4.d.6998629827D1AB3381FE5D21B3F853F1.e.4322/click - {}
RESULT: undefined
COMMAND: POST /session/c5b30e3fd34ac9965af026ffc351930a/element - {"using":"xpath","value":"//*[@id=\"__tile113\"]"}
RESULT: {"using":"xpath","value":"//*[@id=\"__tile113\"]"}
COMMAND: POST /session/c5b30e3fd34ac9965af026ffc351930a/element/f.FB2DD181A464ADC1AE2979EE676D3DD4.d.6998629827D1AB3381FE5D21B3F853F1.e.4322/click - {}
RESULT: undefined
COMMAND: POST /session/c5b30e3fd34ac9965af026ffc351930a/execute/async - {"script":"<script> [6424 bytes]","args":[{"element-6066-11e4-a52e-4f735466cecf":"f.FB2DD181A464ADC1AE2979EE676D3DD4.d.6998629827D1AB3381FE5D21B3F853F1.e.287"},"getTitle",[]]}
COMMAND: POST /session/c5b30e3fd34ac9965af026ffc351930a/execute/async - {"script":"<script> [1562 bytes]","args":[{"selector":{"id":"shellAppTitle"},"wdio_ui5_key":"shellAppTitle"}]}
RESULT: {"script":"<script> [1562 bytes]","args":[{"selector":{"id":"shellAppTitle"},"wdio_ui5_key":"shellAppTitle"}]}
COMMAND: POST /session/c5b30e3fd34ac9965af026ffc351930a/execute/async - {"script":"<script> [6424 bytes]","args":[{"element-6066-11e4-a52e-4f735466cecf":"f.FB2DD181A464ADC1AE2979EE676D3DD4.d.6998629827D1AB3381FE5D21B3F853F1.e.4426"},"getTitle",[]]}
RESULT: {"script":"<script> [6424 bytes]","args":[{"element-6066-11e4-a52e-4f735466cecf":"f.FB2DD181A464ADC1AE2979EE676D3DD4.d.6998629827D1AB3381FE5D21B3F853F1.e.4426"},"getTitle",[]]}
RESULT: undefined
COMMAND: POST /session/c5b30e3fd34ac9965af026ffc351930a/element/f.FB2DD181A464ADC1AE2979EE676D3DD4.d.6998629827D1AB3381FE5D21B3F853F1.e.4235/click - {}
COMMAND: POST /session/c5b30e3fd34ac9965af026ffc351930a/element - {"using":"xpath","value":"//*[@id=\"backBtn\"]"}
RESULT: {"using":"xpath","value":"//*[@id=\"backBtn\"]"}
COMMAND: POST /session/c5b30e3fd34ac9965af026ffc351930a/element/f.FB2DD181A464ADC1AE2979EE676D3DD4.d.6998629827D1AB3381FE5D21B3F853F1.e.4235/click - {}
COMMAND: POST /session/c5b30e3fd34ac9965af026ffc351930a/element - {"using":"xpath","value":"//*[@id=\"backBtn\"]"}
RESULT: {"using":"xpath","value":"//*[@id=\"backBtn\"]"}
COMMAND: POST /session/c5b30e3fd34ac9965af026ffc351930a/element/f.FB2DD181A464ADC1AE2979EE676D3DD4.d.6998629827D1AB3381FE5D21B3F853F1.e.4427/click - {}
RESULT: {}
COMMAND: GET /session/c5b30e3fd34ac9965af026ffc351930a/screenshot - {}
RESULT: {}
]]></system-out>
    </testcase>
    <testcase classname="chrome.136_0_7103_93.windows.Sanity_Tests_US104253" name="Should open Manage Logbook page" time="37.362">
      <system-out><![CDATA[
COMMAND: POST /session/c5b30e3fd34ac9965af026ffc351930a/execute/async - {"script":"<script> [1562 bytes]","args":[{"selector":{"controlType":"sap.m.GenericTile","properties":{"header":"Manage Logbook"}},"wdio_ui5_key":"sapm.GenericTile{\"header\":\"Manage Logbook\"}"}]}
RESULT: {"script":"<script> [1562 bytes]","args":[{"selector":{"controlType":"sap.m.GenericTile","properties":{"header":"Manage Logbook"}},"wdio_ui5_key":"sapm.GenericTile{\"header\":\"Manage Logbook\"}"}]}
RESULT: undefined
COMMAND: POST /session/c5b30e3fd34ac9965af026ffc351930a/element - {"using":"xpath","value":"//*[@id=\"__tile112\"]"}
RESULT: {"using":"xpath","value":"//*[@id=\"__tile112\"]"}
COMMAND: POST /session/c5b30e3fd34ac9965af026ffc351930a/element/f.FB2DD181A464ADC1AE2979EE676D3DD4.d.6998629827D1AB3381FE5D21B3F853F1.e.4429/click - {}
RESULT: {}
COMMAND: GET /session/c5b30e3fd34ac9965af026ffc351930a/screenshot - {}
RESULT: {}
COMMAND: POST /session/c5b30e3fd34ac9965af026ffc351930a/elements - {"using":"xpath","value":"//span[text()='Error']"}
RESULT: {"using":"xpath","value":"//span[text()='Error']"}
RESULT: undefined
COMMAND: POST /session/c5b30e3fd34ac9965af026ffc351930a/element - {"using":"xpath","value":"//*[@id=\"__tile112\"]"}
RESULT: {"using":"xpath","value":"//*[@id=\"__tile112\"]"}
COMMAND: POST /session/c5b30e3fd34ac9965af026ffc351930a/element/f.FB2DD181A464ADC1AE2979EE676D3DD4.d.6998629827D1AB3381FE5D21B3F853F1.e.4429/click - {}
RESULT: undefined
COMMAND: POST /session/c5b30e3fd34ac9965af026ffc351930a/element - {"using":"xpath","value":"//*[@id=\"__tile112\"]"}
RESULT: {"using":"xpath","value":"//*[@id=\"__tile112\"]"}
COMMAND: POST /session/c5b30e3fd34ac9965af026ffc351930a/element/f.FB2DD181A464ADC1AE2979EE676D3DD4.d.6998629827D1AB3381FE5D21B3F853F1.e.4429/click - {}
RESULT: undefined
COMMAND: POST /session/c5b30e3fd34ac9965af026ffc351930a/execute/async - {"script":"<script> [6424 bytes]","args":[{"element-6066-11e4-a52e-4f735466cecf":"f.FB2DD181A464ADC1AE2979EE676D3DD4.d.6998629827D1AB3381FE5D21B3F853F1.e.287"},"getTitle",[]]}
COMMAND: POST /session/c5b30e3fd34ac9965af026ffc351930a/execute/async - {"script":"<script> [1562 bytes]","args":[{"selector":{"id":"shellAppTitle"},"wdio_ui5_key":"shellAppTitle"}]}
RESULT: {"script":"<script> [1562 bytes]","args":[{"selector":{"id":"shellAppTitle"},"wdio_ui5_key":"shellAppTitle"}]}
COMMAND: POST /session/c5b30e3fd34ac9965af026ffc351930a/execute/async - {"script":"<script> [6424 bytes]","args":[{"element-6066-11e4-a52e-4f735466cecf":"f.FB2DD181A464ADC1AE2979EE676D3DD4.d.6998629827D1AB3381FE5D21B3F853F1.e.4503"},"getTitle",[]]}
RESULT: {"script":"<script> [6424 bytes]","args":[{"element-6066-11e4-a52e-4f735466cecf":"f.FB2DD181A464ADC1AE2979EE676D3DD4.d.6998629827D1AB3381FE5D21B3F853F1.e.4503"},"getTitle",[]]}
RESULT: undefined
COMMAND: POST /session/c5b30e3fd34ac9965af026ffc351930a/element/f.FB2DD181A464ADC1AE2979EE676D3DD4.d.6998629827D1AB3381FE5D21B3F853F1.e.4427/click - {}
RESULT: {}
COMMAND: GET /session/c5b30e3fd34ac9965af026ffc351930a/screenshot - {}
RESULT: {}
]]></system-out>
    </testcase>
    <testcase classname="chrome.136_0_7103_93.windows.Sanity_Tests_US104253" name="Should open ISC Orders Calendar page" time="37.127">
      <system-out><![CDATA[
COMMAND: POST /session/c5b30e3fd34ac9965af026ffc351930a/execute/async - {"script":"<script> [1562 bytes]","args":[{"selector":{"controlType":"sap.m.GenericTile","properties":{"header":"ISC Orders Calendar"}},"wdio_ui5_key":"sapm.GenericTile{\"header\":\"ISC Orders Calendar\"}"}]}
RESULT: {"script":"<script> [1562 bytes]","args":[{"selector":{"controlType":"sap.m.GenericTile","properties":{"header":"ISC Orders Calendar"}},"wdio_ui5_key":"sapm.GenericTile{\"header\":\"ISC Orders Calendar\"}"}]}
RESULT: undefined
COMMAND: POST /session/c5b30e3fd34ac9965af026ffc351930a/element - {"using":"xpath","value":"//*[@id=\"__tile107\"]"}
RESULT: {"using":"xpath","value":"//*[@id=\"__tile107\"]"}
COMMAND: POST /session/c5b30e3fd34ac9965af026ffc351930a/element/f.FB2DD181A464ADC1AE2979EE676D3DD4.d.6998629827D1AB3381FE5D21B3F853F1.e.4505/click - {}
RESULT: {}
COMMAND: GET /session/c5b30e3fd34ac9965af026ffc351930a/screenshot - {}
RESULT: {}
COMMAND: POST /session/c5b30e3fd34ac9965af026ffc351930a/elements - {"using":"xpath","value":"//span[text()='Error']"}
RESULT: {"using":"xpath","value":"//span[text()='Error']"}
RESULT: undefined
COMMAND: POST /session/c5b30e3fd34ac9965af026ffc351930a/element - {"using":"xpath","value":"//*[@id=\"__tile107\"]"}
RESULT: {"using":"xpath","value":"//*[@id=\"__tile107\"]"}
COMMAND: POST /session/c5b30e3fd34ac9965af026ffc351930a/element/f.FB2DD181A464ADC1AE2979EE676D3DD4.d.6998629827D1AB3381FE5D21B3F853F1.e.4505/click - {}
RESULT: undefined
COMMAND: POST /session/c5b30e3fd34ac9965af026ffc351930a/element - {"using":"xpath","value":"//*[@id=\"__tile107\"]"}
RESULT: {"using":"xpath","value":"//*[@id=\"__tile107\"]"}
COMMAND: POST /session/c5b30e3fd34ac9965af026ffc351930a/element/f.FB2DD181A464ADC1AE2979EE676D3DD4.d.6998629827D1AB3381FE5D21B3F853F1.e.4505/click - {}
RESULT: undefined
COMMAND: POST /session/c5b30e3fd34ac9965af026ffc351930a/execute/async - {"script":"<script> [6424 bytes]","args":[{"element-6066-11e4-a52e-4f735466cecf":"f.FB2DD181A464ADC1AE2979EE676D3DD4.d.6998629827D1AB3381FE5D21B3F853F1.e.287"},"getTitle",[]]}
COMMAND: POST /session/c5b30e3fd34ac9965af026ffc351930a/execute/async - {"script":"<script> [1562 bytes]","args":[{"selector":{"id":"shellAppTitle"},"wdio_ui5_key":"shellAppTitle"}]}
RESULT: {"script":"<script> [1562 bytes]","args":[{"selector":{"id":"shellAppTitle"},"wdio_ui5_key":"shellAppTitle"}]}
COMMAND: POST /session/c5b30e3fd34ac9965af026ffc351930a/execute/async - {"script":"<script> [6424 bytes]","args":[{"element-6066-11e4-a52e-4f735466cecf":"f.FB2DD181A464ADC1AE2979EE676D3DD4.d.6998629827D1AB3381FE5D21B3F853F1.e.4707"},"getTitle",[]]}
RESULT: {"script":"<script> [6424 bytes]","args":[{"element-6066-11e4-a52e-4f735466cecf":"f.FB2DD181A464ADC1AE2979EE676D3DD4.d.6998629827D1AB3381FE5D21B3F853F1.e.4707"},"getTitle",[]]}
RESULT: undefined
COMMAND: POST /session/c5b30e3fd34ac9965af026ffc351930a/element/f.FB2DD181A464ADC1AE2979EE676D3DD4.d.6998629827D1AB3381FE5D21B3F853F1.e.4427/click - {}
COMMAND: POST /session/c5b30e3fd34ac9965af026ffc351930a/element - {"using":"xpath","value":"//*[@id=\"backBtn\"]"}
RESULT: {"using":"xpath","value":"//*[@id=\"backBtn\"]"}
COMMAND: POST /session/c5b30e3fd34ac9965af026ffc351930a/element/f.FB2DD181A464ADC1AE2979EE676D3DD4.d.6998629827D1AB3381FE5D21B3F853F1.e.4427/click - {}
COMMAND: POST /session/c5b30e3fd34ac9965af026ffc351930a/element - {"using":"xpath","value":"//*[@id=\"backBtn\"]"}
RESULT: {"using":"xpath","value":"//*[@id=\"backBtn\"]"}
COMMAND: POST /session/c5b30e3fd34ac9965af026ffc351930a/element/f.FB2DD181A464ADC1AE2979EE676D3DD4.d.6998629827D1AB3381FE5D21B3F853F1.e.4708/click - {}
RESULT: {}
COMMAND: GET /session/c5b30e3fd34ac9965af026ffc351930a/screenshot - {}
RESULT: {}
]]></system-out>
    </testcase>
    <testcase classname="chrome.136_0_7103_93.windows.Sanity_Tests_US104253" name="Should open Configure System page" time="38.512">
      <system-out><![CDATA[
COMMAND: POST /session/c5b30e3fd34ac9965af026ffc351930a/execute/async - {"script":"<script> [1562 bytes]","args":[{"selector":{"controlType":"sap.m.GenericTile","properties":{"header":"Configure System"}},"wdio_ui5_key":"sapm.GenericTile{\"header\":\"Configure System\"}"}]}
RESULT: {"script":"<script> [1562 bytes]","args":[{"selector":{"controlType":"sap.m.GenericTile","properties":{"header":"Configure System"}},"wdio_ui5_key":"sapm.GenericTile{\"header\":\"Configure System\"}"}]}
RESULT: undefined
COMMAND: POST /session/c5b30e3fd34ac9965af026ffc351930a/element - {"using":"xpath","value":"//*[@id=\"__tile114\"]"}
RESULT: {"using":"xpath","value":"//*[@id=\"__tile114\"]"}
COMMAND: POST /session/c5b30e3fd34ac9965af026ffc351930a/element/f.FB2DD181A464ADC1AE2979EE676D3DD4.d.6998629827D1AB3381FE5D21B3F853F1.e.4710/click - {}
RESULT: {}
COMMAND: GET /session/c5b30e3fd34ac9965af026ffc351930a/screenshot - {}
RESULT: {}
COMMAND: POST /session/c5b30e3fd34ac9965af026ffc351930a/elements - {"using":"xpath","value":"//span[text()='Error']"}
RESULT: {"using":"xpath","value":"//span[text()='Error']"}
RESULT: undefined
COMMAND: POST /session/c5b30e3fd34ac9965af026ffc351930a/element - {"using":"xpath","value":"//*[@id=\"__tile114\"]"}
RESULT: {"using":"xpath","value":"//*[@id=\"__tile114\"]"}
COMMAND: POST /session/c5b30e3fd34ac9965af026ffc351930a/element/f.FB2DD181A464ADC1AE2979EE676D3DD4.d.6998629827D1AB3381FE5D21B3F853F1.e.4710/click - {}
RESULT: undefined
COMMAND: POST /session/c5b30e3fd34ac9965af026ffc351930a/element - {"using":"xpath","value":"//*[@id=\"__tile114\"]"}
RESULT: {"using":"xpath","value":"//*[@id=\"__tile114\"]"}
COMMAND: POST /session/c5b30e3fd34ac9965af026ffc351930a/element/f.FB2DD181A464ADC1AE2979EE676D3DD4.d.6998629827D1AB3381FE5D21B3F853F1.e.4710/click - {}
RESULT: undefined
COMMAND: POST /session/c5b30e3fd34ac9965af026ffc351930a/execute/async - {"script":"<script> [6424 bytes]","args":[{"element-6066-11e4-a52e-4f735466cecf":"f.FB2DD181A464ADC1AE2979EE676D3DD4.d.6998629827D1AB3381FE5D21B3F853F1.e.287"},"getTitle",[]]}
COMMAND: POST /session/c5b30e3fd34ac9965af026ffc351930a/execute/async - {"script":"<script> [1562 bytes]","args":[{"selector":{"id":"shellAppTitle"},"wdio_ui5_key":"shellAppTitle"}]}
RESULT: {"script":"<script> [1562 bytes]","args":[{"selector":{"id":"shellAppTitle"},"wdio_ui5_key":"shellAppTitle"}]}
COMMAND: POST /session/c5b30e3fd34ac9965af026ffc351930a/execute/async - {"script":"<script> [6424 bytes]","args":[{"element-6066-11e4-a52e-4f735466cecf":"f.FB2DD181A464ADC1AE2979EE676D3DD4.d.6998629827D1AB3381FE5D21B3F853F1.e.4749"},"getTitle",[]]}
RESULT: {"script":"<script> [6424 bytes]","args":[{"element-6066-11e4-a52e-4f735466cecf":"f.FB2DD181A464ADC1AE2979EE676D3DD4.d.6998629827D1AB3381FE5D21B3F853F1.e.4749"},"getTitle",[]]}
RESULT: undefined
COMMAND: POST /session/c5b30e3fd34ac9965af026ffc351930a/element/f.FB2DD181A464ADC1AE2979EE676D3DD4.d.6998629827D1AB3381FE5D21B3F853F1.e.4708/click - {}
RESULT: {}
COMMAND: GET /session/c5b30e3fd34ac9965af026ffc351930a/screenshot - {}
RESULT: {}
]]></system-out>
    </testcase>
    <testcase classname="chrome.136_0_7103_93.windows.Sanity_Tests_US104253" name="Should open Manage Classifications page" time="37.681">
      <system-out><![CDATA[
COMMAND: POST /session/c5b30e3fd34ac9965af026ffc351930a/execute/async - {"script":"<script> [1562 bytes]","args":[{"selector":{"controlType":"sap.m.GenericTile","properties":{"header":"Manage Classifications"}},"wdio_ui5_key":"sapm.GenericTile{\"header\":\"Manage Classifications\"}"}]}
RESULT: {"script":"<script> [1562 bytes]","args":[{"selector":{"controlType":"sap.m.GenericTile","properties":{"header":"Manage Classifications"}},"wdio_ui5_key":"sapm.GenericTile{\"header\":\"Manage Classifications\"}"}]}
RESULT: undefined
COMMAND: POST /session/c5b30e3fd34ac9965af026ffc351930a/element - {"using":"xpath","value":"//*[@id=\"__tile115\"]"}
RESULT: {"using":"xpath","value":"//*[@id=\"__tile115\"]"}
COMMAND: POST /session/c5b30e3fd34ac9965af026ffc351930a/element/f.FB2DD181A464ADC1AE2979EE676D3DD4.d.6998629827D1AB3381FE5D21B3F853F1.e.4753/click - {}
RESULT: {}
COMMAND: GET /session/c5b30e3fd34ac9965af026ffc351930a/screenshot - {}
RESULT: {}
COMMAND: POST /session/c5b30e3fd34ac9965af026ffc351930a/elements - {"using":"xpath","value":"//span[text()='Error']"}
RESULT: {"using":"xpath","value":"//span[text()='Error']"}
RESULT: undefined
COMMAND: POST /session/c5b30e3fd34ac9965af026ffc351930a/element - {"using":"xpath","value":"//*[@id=\"__tile115\"]"}
RESULT: {"using":"xpath","value":"//*[@id=\"__tile115\"]"}
COMMAND: POST /session/c5b30e3fd34ac9965af026ffc351930a/element/f.FB2DD181A464ADC1AE2979EE676D3DD4.d.6998629827D1AB3381FE5D21B3F853F1.e.4753/click - {}
RESULT: undefined
COMMAND: POST /session/c5b30e3fd34ac9965af026ffc351930a/element - {"using":"xpath","value":"//*[@id=\"__tile115\"]"}
RESULT: {"using":"xpath","value":"//*[@id=\"__tile115\"]"}
COMMAND: POST /session/c5b30e3fd34ac9965af026ffc351930a/element/f.FB2DD181A464ADC1AE2979EE676D3DD4.d.6998629827D1AB3381FE5D21B3F853F1.e.4753/click - {}
RESULT: undefined
COMMAND: POST /session/c5b30e3fd34ac9965af026ffc351930a/execute/async - {"script":"<script> [6424 bytes]","args":[{"element-6066-11e4-a52e-4f735466cecf":"f.FB2DD181A464ADC1AE2979EE676D3DD4.d.6998629827D1AB3381FE5D21B3F853F1.e.287"},"getTitle",[]]}
COMMAND: POST /session/c5b30e3fd34ac9965af026ffc351930a/execute/async - {"script":"<script> [1562 bytes]","args":[{"selector":{"id":"shellAppTitle"},"wdio_ui5_key":"shellAppTitle"}]}
RESULT: {"script":"<script> [1562 bytes]","args":[{"selector":{"id":"shellAppTitle"},"wdio_ui5_key":"shellAppTitle"}]}
COMMAND: POST /session/c5b30e3fd34ac9965af026ffc351930a/execute/async - {"script":"<script> [6424 bytes]","args":[{"element-6066-11e4-a52e-4f735466cecf":"f.FB2DD181A464ADC1AE2979EE676D3DD4.d.6998629827D1AB3381FE5D21B3F853F1.e.4859"},"getTitle",[]]}
RESULT: {"script":"<script> [6424 bytes]","args":[{"element-6066-11e4-a52e-4f735466cecf":"f.FB2DD181A464ADC1AE2979EE676D3DD4.d.6998629827D1AB3381FE5D21B3F853F1.e.4859"},"getTitle",[]]}
RESULT: undefined
COMMAND: POST /session/c5b30e3fd34ac9965af026ffc351930a/element/f.FB2DD181A464ADC1AE2979EE676D3DD4.d.6998629827D1AB3381FE5D21B3F853F1.e.4708/click - {}
COMMAND: POST /session/c5b30e3fd34ac9965af026ffc351930a/element - {"using":"xpath","value":"//*[@id=\"backBtn\"]"}
RESULT: {"using":"xpath","value":"//*[@id=\"backBtn\"]"}
COMMAND: POST /session/c5b30e3fd34ac9965af026ffc351930a/element/f.FB2DD181A464ADC1AE2979EE676D3DD4.d.6998629827D1AB3381FE5D21B3F853F1.e.4708/click - {}
COMMAND: POST /session/c5b30e3fd34ac9965af026ffc351930a/element - {"using":"xpath","value":"//*[@id=\"backBtn\"]"}
RESULT: {"using":"xpath","value":"//*[@id=\"backBtn\"]"}
COMMAND: POST /session/c5b30e3fd34ac9965af026ffc351930a/element/f.FB2DD181A464ADC1AE2979EE676D3DD4.d.6998629827D1AB3381FE5D21B3F853F1.e.4860/click - {}
RESULT: {}
COMMAND: GET /session/c5b30e3fd34ac9965af026ffc351930a/screenshot - {}
RESULT: {}
]]></system-out>
    </testcase>
    <testcase classname="chrome.136_0_7103_93.windows.Sanity_Tests_US104253" name="Should open Data Explorer page" time="36.361">
      <system-out><![CDATA[
COMMAND: POST /session/c5b30e3fd34ac9965af026ffc351930a/execute/async - {"script":"<script> [1562 bytes]","args":[{"selector":{"controlType":"sap.m.GenericTile","properties":{"header":"Data Explorer"}},"wdio_ui5_key":"sapm.GenericTile{\"header\":\"Data Explorer\"}"}]}
RESULT: {"script":"<script> [1562 bytes]","args":[{"selector":{"controlType":"sap.m.GenericTile","properties":{"header":"Data Explorer"}},"wdio_ui5_key":"sapm.GenericTile{\"header\":\"Data Explorer\"}"}]}
RESULT: undefined
COMMAND: POST /session/c5b30e3fd34ac9965af026ffc351930a/element - {"using":"xpath","value":"//*[@id=\"__tile117\"]"}
RESULT: {"using":"xpath","value":"//*[@id=\"__tile117\"]"}
COMMAND: POST /session/c5b30e3fd34ac9965af026ffc351930a/element/f.FB2DD181A464ADC1AE2979EE676D3DD4.d.6998629827D1AB3381FE5D21B3F853F1.e.4862/click - {}
RESULT: {}
COMMAND: GET /session/c5b30e3fd34ac9965af026ffc351930a/screenshot - {}
RESULT: {}
COMMAND: POST /session/c5b30e3fd34ac9965af026ffc351930a/elements - {"using":"xpath","value":"//span[text()='Error']"}
RESULT: {"using":"xpath","value":"//span[text()='Error']"}
RESULT: undefined
COMMAND: POST /session/c5b30e3fd34ac9965af026ffc351930a/element - {"using":"xpath","value":"//*[@id=\"__tile117\"]"}
RESULT: {"using":"xpath","value":"//*[@id=\"__tile117\"]"}
COMMAND: POST /session/c5b30e3fd34ac9965af026ffc351930a/element/f.FB2DD181A464ADC1AE2979EE676D3DD4.d.6998629827D1AB3381FE5D21B3F853F1.e.4862/click - {}
RESULT: undefined
COMMAND: POST /session/c5b30e3fd34ac9965af026ffc351930a/element - {"using":"xpath","value":"//*[@id=\"__tile117\"]"}
RESULT: {"using":"xpath","value":"//*[@id=\"__tile117\"]"}
COMMAND: POST /session/c5b30e3fd34ac9965af026ffc351930a/element/f.FB2DD181A464ADC1AE2979EE676D3DD4.d.6998629827D1AB3381FE5D21B3F853F1.e.4862/click - {}
RESULT: undefined
COMMAND: POST /session/c5b30e3fd34ac9965af026ffc351930a/execute/async - {"script":"<script> [6424 bytes]","args":[{"element-6066-11e4-a52e-4f735466cecf":"f.FB2DD181A464ADC1AE2979EE676D3DD4.d.6998629827D1AB3381FE5D21B3F853F1.e.287"},"getTitle",[]]}
COMMAND: POST /session/c5b30e3fd34ac9965af026ffc351930a/execute/async - {"script":"<script> [1562 bytes]","args":[{"selector":{"id":"shellAppTitle"},"wdio_ui5_key":"shellAppTitle"}]}
RESULT: {"script":"<script> [1562 bytes]","args":[{"selector":{"id":"shellAppTitle"},"wdio_ui5_key":"shellAppTitle"}]}
COMMAND: POST /session/c5b30e3fd34ac9965af026ffc351930a/execute/async - {"script":"<script> [6424 bytes]","args":[{"element-6066-11e4-a52e-4f735466cecf":"f.FB2DD181A464ADC1AE2979EE676D3DD4.d.6998629827D1AB3381FE5D21B3F853F1.e.5034"},"getTitle",[]]}
RESULT: {"script":"<script> [6424 bytes]","args":[{"element-6066-11e4-a52e-4f735466cecf":"f.FB2DD181A464ADC1AE2979EE676D3DD4.d.6998629827D1AB3381FE5D21B3F853F1.e.5034"},"getTitle",[]]}
RESULT: undefined
COMMAND: POST /session/c5b30e3fd34ac9965af026ffc351930a/element/f.FB2DD181A464ADC1AE2979EE676D3DD4.d.6998629827D1AB3381FE5D21B3F853F1.e.4860/click - {}
RESULT: {}
COMMAND: GET /session/c5b30e3fd34ac9965af026ffc351930a/screenshot - {}
RESULT: {}
]]></system-out>
    </testcase>
    <testcase classname="chrome.136_0_7103_93.windows.Sanity_Tests_US104253" name="Should open Performance Monitor page" time="37.277">
      <system-out><![CDATA[
COMMAND: POST /session/c5b30e3fd34ac9965af026ffc351930a/execute/async - {"script":"<script> [1562 bytes]","args":[{"selector":{"controlType":"sap.m.GenericTile","properties":{"header":"Performance Monitor"}},"wdio_ui5_key":"sapm.GenericTile{\"header\":\"Performance Monitor\"}"}]}
RESULT: {"script":"<script> [1562 bytes]","args":[{"selector":{"controlType":"sap.m.GenericTile","properties":{"header":"Performance Monitor"}},"wdio_ui5_key":"sapm.GenericTile{\"header\":\"Performance Monitor\"}"}]}
RESULT: undefined
COMMAND: POST /session/c5b30e3fd34ac9965af026ffc351930a/element - {"using":"xpath","value":"//*[@id=\"__tile116\"]"}
RESULT: {"using":"xpath","value":"//*[@id=\"__tile116\"]"}
COMMAND: POST /session/c5b30e3fd34ac9965af026ffc351930a/element/f.FB2DD181A464ADC1AE2979EE676D3DD4.d.6998629827D1AB3381FE5D21B3F853F1.e.5036/click - {}
RESULT: {}
COMMAND: GET /session/c5b30e3fd34ac9965af026ffc351930a/screenshot - {}
RESULT: {}
COMMAND: POST /session/c5b30e3fd34ac9965af026ffc351930a/elements - {"using":"xpath","value":"//span[text()='Error']"}
RESULT: {"using":"xpath","value":"//span[text()='Error']"}
RESULT: undefined
COMMAND: POST /session/c5b30e3fd34ac9965af026ffc351930a/element - {"using":"xpath","value":"//*[@id=\"__tile116\"]"}
RESULT: {"using":"xpath","value":"//*[@id=\"__tile116\"]"}
COMMAND: POST /session/c5b30e3fd34ac9965af026ffc351930a/element/f.FB2DD181A464ADC1AE2979EE676D3DD4.d.6998629827D1AB3381FE5D21B3F853F1.e.5036/click - {}
RESULT: undefined
COMMAND: POST /session/c5b30e3fd34ac9965af026ffc351930a/element - {"using":"xpath","value":"//*[@id=\"__tile116\"]"}
RESULT: {"using":"xpath","value":"//*[@id=\"__tile116\"]"}
COMMAND: POST /session/c5b30e3fd34ac9965af026ffc351930a/element/f.FB2DD181A464ADC1AE2979EE676D3DD4.d.6998629827D1AB3381FE5D21B3F853F1.e.5036/click - {}
RESULT: undefined
COMMAND: POST /session/c5b30e3fd34ac9965af026ffc351930a/execute/async - {"script":"<script> [6424 bytes]","args":[{"element-6066-11e4-a52e-4f735466cecf":"f.FB2DD181A464ADC1AE2979EE676D3DD4.d.6998629827D1AB3381FE5D21B3F853F1.e.287"},"getTitle",[]]}
COMMAND: POST /session/c5b30e3fd34ac9965af026ffc351930a/execute/async - {"script":"<script> [1562 bytes]","args":[{"selector":{"id":"shellAppTitle"},"wdio_ui5_key":"shellAppTitle"}]}
RESULT: {"script":"<script> [1562 bytes]","args":[{"selector":{"id":"shellAppTitle"},"wdio_ui5_key":"shellAppTitle"}]}
COMMAND: POST /session/c5b30e3fd34ac9965af026ffc351930a/execute/async - {"script":"<script> [6424 bytes]","args":[{"element-6066-11e4-a52e-4f735466cecf":"f.FB2DD181A464ADC1AE2979EE676D3DD4.d.6998629827D1AB3381FE5D21B3F853F1.e.5077"},"getTitle",[]]}
RESULT: {"script":"<script> [6424 bytes]","args":[{"element-6066-11e4-a52e-4f735466cecf":"f.FB2DD181A464ADC1AE2979EE676D3DD4.d.6998629827D1AB3381FE5D21B3F853F1.e.5077"},"getTitle",[]]}
RESULT: undefined
COMMAND: POST /session/c5b30e3fd34ac9965af026ffc351930a/element/f.FB2DD181A464ADC1AE2979EE676D3DD4.d.6998629827D1AB3381FE5D21B3F853F1.e.4860/click - {}
COMMAND: POST /session/c5b30e3fd34ac9965af026ffc351930a/element - {"using":"xpath","value":"//*[@id=\"backBtn\"]"}
RESULT: {"using":"xpath","value":"//*[@id=\"backBtn\"]"}
COMMAND: POST /session/c5b30e3fd34ac9965af026ffc351930a/element/f.FB2DD181A464ADC1AE2979EE676D3DD4.d.6998629827D1AB3381FE5D21B3F853F1.e.4860/click - {}
COMMAND: POST /session/c5b30e3fd34ac9965af026ffc351930a/element - {"using":"xpath","value":"//*[@id=\"backBtn\"]"}
RESULT: {"using":"xpath","value":"//*[@id=\"backBtn\"]"}
COMMAND: POST /session/c5b30e3fd34ac9965af026ffc351930a/element/f.FB2DD181A464ADC1AE2979EE676D3DD4.d.6998629827D1AB3381FE5D21B3F853F1.e.5078/click - {}
RESULT: {}
COMMAND: GET /session/c5b30e3fd34ac9965af026ffc351930a/screenshot - {}
RESULT: {}
]]></system-out>
    </testcase>
    <testcase classname="chrome.136_0_7103_93.windows.Sanity_Tests_US104253" name="Should open Organizational Model page" time="36.667">
      <system-out><![CDATA[
COMMAND: POST /session/c5b30e3fd34ac9965af026ffc351930a/execute/async - {"script":"<script> [1562 bytes]","args":[{"selector":{"controlType":"sap.m.GenericTile","properties":{"header":"Organizational Model"}},"wdio_ui5_key":"sapm.GenericTile{\"header\":\"Organizational Model\"}"}]}
RESULT: {"script":"<script> [1562 bytes]","args":[{"selector":{"controlType":"sap.m.GenericTile","properties":{"header":"Organizational Model"}},"wdio_ui5_key":"sapm.GenericTile{\"header\":\"Organizational Model\"}"}]}
RESULT: undefined
COMMAND: POST /session/c5b30e3fd34ac9965af026ffc351930a/element - {"using":"xpath","value":"//*[@id=\"__tile120\"]"}
RESULT: {"using":"xpath","value":"//*[@id=\"__tile120\"]"}
COMMAND: POST /session/c5b30e3fd34ac9965af026ffc351930a/element/f.FB2DD181A464ADC1AE2979EE676D3DD4.d.6998629827D1AB3381FE5D21B3F853F1.e.5081/click - {}
RESULT: {}
COMMAND: GET /session/c5b30e3fd34ac9965af026ffc351930a/screenshot - {}
RESULT: {}
COMMAND: POST /session/c5b30e3fd34ac9965af026ffc351930a/elements - {"using":"xpath","value":"//span[text()='Error']"}
RESULT: {"using":"xpath","value":"//span[text()='Error']"}
RESULT: undefined
COMMAND: POST /session/c5b30e3fd34ac9965af026ffc351930a/element - {"using":"xpath","value":"//*[@id=\"__tile120\"]"}
RESULT: {"using":"xpath","value":"//*[@id=\"__tile120\"]"}
COMMAND: POST /session/c5b30e3fd34ac9965af026ffc351930a/element/f.FB2DD181A464ADC1AE2979EE676D3DD4.d.6998629827D1AB3381FE5D21B3F853F1.e.5081/click - {}
RESULT: undefined
COMMAND: POST /session/c5b30e3fd34ac9965af026ffc351930a/element - {"using":"xpath","value":"//*[@id=\"__tile120\"]"}
RESULT: {"using":"xpath","value":"//*[@id=\"__tile120\"]"}
COMMAND: POST /session/c5b30e3fd34ac9965af026ffc351930a/element/f.FB2DD181A464ADC1AE2979EE676D3DD4.d.6998629827D1AB3381FE5D21B3F853F1.e.5081/click - {}
RESULT: undefined
COMMAND: POST /session/c5b30e3fd34ac9965af026ffc351930a/execute/async - {"script":"<script> [6424 bytes]","args":[{"element-6066-11e4-a52e-4f735466cecf":"f.FB2DD181A464ADC1AE2979EE676D3DD4.d.6998629827D1AB3381FE5D21B3F853F1.e.287"},"getTitle",[]]}
COMMAND: POST /session/c5b30e3fd34ac9965af026ffc351930a/execute/async - {"script":"<script> [1562 bytes]","args":[{"selector":{"id":"shellAppTitle"},"wdio_ui5_key":"shellAppTitle"}]}
RESULT: {"script":"<script> [1562 bytes]","args":[{"selector":{"id":"shellAppTitle"},"wdio_ui5_key":"shellAppTitle"}]}
COMMAND: POST /session/c5b30e3fd34ac9965af026ffc351930a/execute/async - {"script":"<script> [6424 bytes]","args":[{"element-6066-11e4-a52e-4f735466cecf":"f.FB2DD181A464ADC1AE2979EE676D3DD4.d.6998629827D1AB3381FE5D21B3F853F1.e.5098"},"getTitle",[]]}
RESULT: {"script":"<script> [6424 bytes]","args":[{"element-6066-11e4-a52e-4f735466cecf":"f.FB2DD181A464ADC1AE2979EE676D3DD4.d.6998629827D1AB3381FE5D21B3F853F1.e.5098"},"getTitle",[]]}
RESULT: undefined
COMMAND: POST /session/c5b30e3fd34ac9965af026ffc351930a/element/f.FB2DD181A464ADC1AE2979EE676D3DD4.d.6998629827D1AB3381FE5D21B3F853F1.e.5078/click - {}
RESULT: {}
COMMAND: GET /session/c5b30e3fd34ac9965af026ffc351930a/screenshot - {}
RESULT: {}
]]></system-out>
    </testcase>
    <testcase classname="chrome.136_0_7103_93.windows.Sanity_Tests_US104253" name="Should open Manage Roles page" time="36.831">
      <system-out><![CDATA[
COMMAND: POST /session/c5b30e3fd34ac9965af026ffc351930a/execute/async - {"script":"<script> [1562 bytes]","args":[{"selector":{"controlType":"sap.m.GenericTile","properties":{"header":"Manage Roles"}},"wdio_ui5_key":"sapm.GenericTile{\"header\":\"Manage Roles\"}"}]}
RESULT: {"script":"<script> [1562 bytes]","args":[{"selector":{"controlType":"sap.m.GenericTile","properties":{"header":"Manage Roles"}},"wdio_ui5_key":"sapm.GenericTile{\"header\":\"Manage Roles\"}"}]}
RESULT: undefined
COMMAND: POST /session/c5b30e3fd34ac9965af026ffc351930a/element - {"using":"xpath","value":"//*[@id=\"__tile119\"]"}
RESULT: {"using":"xpath","value":"//*[@id=\"__tile119\"]"}
COMMAND: POST /session/c5b30e3fd34ac9965af026ffc351930a/element/f.FB2DD181A464ADC1AE2979EE676D3DD4.d.6998629827D1AB3381FE5D21B3F853F1.e.5102/click - {}
RESULT: {}
COMMAND: GET /session/c5b30e3fd34ac9965af026ffc351930a/screenshot - {}
RESULT: {}
COMMAND: POST /session/c5b30e3fd34ac9965af026ffc351930a/elements - {"using":"xpath","value":"//span[text()='Error']"}
RESULT: {"using":"xpath","value":"//span[text()='Error']"}
RESULT: undefined
COMMAND: POST /session/c5b30e3fd34ac9965af026ffc351930a/element - {"using":"xpath","value":"//*[@id=\"__tile119\"]"}
RESULT: {"using":"xpath","value":"//*[@id=\"__tile119\"]"}
COMMAND: POST /session/c5b30e3fd34ac9965af026ffc351930a/element/f.FB2DD181A464ADC1AE2979EE676D3DD4.d.6998629827D1AB3381FE5D21B3F853F1.e.5102/click - {}
RESULT: undefined
COMMAND: POST /session/c5b30e3fd34ac9965af026ffc351930a/element - {"using":"xpath","value":"//*[@id=\"__tile119\"]"}
RESULT: {"using":"xpath","value":"//*[@id=\"__tile119\"]"}
COMMAND: POST /session/c5b30e3fd34ac9965af026ffc351930a/element/f.FB2DD181A464ADC1AE2979EE676D3DD4.d.6998629827D1AB3381FE5D21B3F853F1.e.5102/click - {}
RESULT: undefined
COMMAND: POST /session/c5b30e3fd34ac9965af026ffc351930a/execute/async - {"script":"<script> [6424 bytes]","args":[{"element-6066-11e4-a52e-4f735466cecf":"f.FB2DD181A464ADC1AE2979EE676D3DD4.d.6998629827D1AB3381FE5D21B3F853F1.e.287"},"getTitle",[]]}
COMMAND: POST /session/c5b30e3fd34ac9965af026ffc351930a/execute/async - {"script":"<script> [1562 bytes]","args":[{"selector":{"id":"shellAppTitle"},"wdio_ui5_key":"shellAppTitle"}]}
RESULT: {"script":"<script> [1562 bytes]","args":[{"selector":{"id":"shellAppTitle"},"wdio_ui5_key":"shellAppTitle"}]}
COMMAND: POST /session/c5b30e3fd34ac9965af026ffc351930a/execute/async - {"script":"<script> [6424 bytes]","args":[{"element-6066-11e4-a52e-4f735466cecf":"f.FB2DD181A464ADC1AE2979EE676D3DD4.d.6998629827D1AB3381FE5D21B3F853F1.e.5149"},"getTitle",[]]}
RESULT: {"script":"<script> [6424 bytes]","args":[{"element-6066-11e4-a52e-4f735466cecf":"f.FB2DD181A464ADC1AE2979EE676D3DD4.d.6998629827D1AB3381FE5D21B3F853F1.e.5149"},"getTitle",[]]}
RESULT: undefined
COMMAND: POST /session/c5b30e3fd34ac9965af026ffc351930a/element/f.FB2DD181A464ADC1AE2979EE676D3DD4.d.6998629827D1AB3381FE5D21B3F853F1.e.5078/click - {}
COMMAND: POST /session/c5b30e3fd34ac9965af026ffc351930a/element - {"using":"xpath","value":"//*[@id=\"backBtn\"]"}
RESULT: {"using":"xpath","value":"//*[@id=\"backBtn\"]"}
COMMAND: POST /session/c5b30e3fd34ac9965af026ffc351930a/element/f.FB2DD181A464ADC1AE2979EE676D3DD4.d.6998629827D1AB3381FE5D21B3F853F1.e.5078/click - {}
COMMAND: POST /session/c5b30e3fd34ac9965af026ffc351930a/element - {"using":"xpath","value":"//*[@id=\"backBtn\"]"}
RESULT: {"using":"xpath","value":"//*[@id=\"backBtn\"]"}
COMMAND: POST /session/c5b30e3fd34ac9965af026ffc351930a/element/f.FB2DD181A464ADC1AE2979EE676D3DD4.d.6998629827D1AB3381FE5D21B3F853F1.e.5150/click - {}
RESULT: {}
COMMAND: GET /session/c5b30e3fd34ac9965af026ffc351930a/screenshot - {}
RESULT: {}
]]></system-out>
    </testcase>
    <testcase classname="chrome.136_0_7103_93.windows.Sanity_Tests_US104253" name="Should open Authorization Tables page" time="36.887">
      <system-out><![CDATA[
COMMAND: POST /session/c5b30e3fd34ac9965af026ffc351930a/execute/async - {"script":"<script> [1562 bytes]","args":[{"selector":{"controlType":"sap.m.GenericTile","properties":{"header":"Authorization Tables"}},"wdio_ui5_key":"sapm.GenericTile{\"header\":\"Authorization Tables\"}"}]}
RESULT: {"script":"<script> [1562 bytes]","args":[{"selector":{"controlType":"sap.m.GenericTile","properties":{"header":"Authorization Tables"}},"wdio_ui5_key":"sapm.GenericTile{\"header\":\"Authorization Tables\"}"}]}
RESULT: undefined
COMMAND: POST /session/c5b30e3fd34ac9965af026ffc351930a/element - {"using":"xpath","value":"//*[@id=\"__tile118\"]"}
RESULT: {"using":"xpath","value":"//*[@id=\"__tile118\"]"}
COMMAND: POST /session/c5b30e3fd34ac9965af026ffc351930a/element/f.FB2DD181A464ADC1AE2979EE676D3DD4.d.6998629827D1AB3381FE5D21B3F853F1.e.5152/click - {}
RESULT: {}
COMMAND: GET /session/c5b30e3fd34ac9965af026ffc351930a/screenshot - {}
RESULT: {}
COMMAND: POST /session/c5b30e3fd34ac9965af026ffc351930a/elements - {"using":"xpath","value":"//span[text()='Error']"}
RESULT: {"using":"xpath","value":"//span[text()='Error']"}
RESULT: undefined
COMMAND: POST /session/c5b30e3fd34ac9965af026ffc351930a/element - {"using":"xpath","value":"//*[@id=\"__tile118\"]"}
RESULT: {"using":"xpath","value":"//*[@id=\"__tile118\"]"}
COMMAND: POST /session/c5b30e3fd34ac9965af026ffc351930a/element/f.FB2DD181A464ADC1AE2979EE676D3DD4.d.6998629827D1AB3381FE5D21B3F853F1.e.5152/click - {}
RESULT: undefined
COMMAND: POST /session/c5b30e3fd34ac9965af026ffc351930a/element - {"using":"xpath","value":"//*[@id=\"__tile118\"]"}
RESULT: {"using":"xpath","value":"//*[@id=\"__tile118\"]"}
COMMAND: POST /session/c5b30e3fd34ac9965af026ffc351930a/element/f.FB2DD181A464ADC1AE2979EE676D3DD4.d.6998629827D1AB3381FE5D21B3F853F1.e.5152/click - {}
RESULT: undefined
COMMAND: POST /session/c5b30e3fd34ac9965af026ffc351930a/execute/async - {"script":"<script> [6424 bytes]","args":[{"element-6066-11e4-a52e-4f735466cecf":"f.FB2DD181A464ADC1AE2979EE676D3DD4.d.6998629827D1AB3381FE5D21B3F853F1.e.287"},"getTitle",[]]}
COMMAND: POST /session/c5b30e3fd34ac9965af026ffc351930a/execute/async - {"script":"<script> [1562 bytes]","args":[{"selector":{"id":"shellAppTitle"},"wdio_ui5_key":"shellAppTitle"}]}
RESULT: {"script":"<script> [1562 bytes]","args":[{"selector":{"id":"shellAppTitle"},"wdio_ui5_key":"shellAppTitle"}]}
COMMAND: POST /session/c5b30e3fd34ac9965af026ffc351930a/execute/async - {"script":"<script> [6424 bytes]","args":[{"element-6066-11e4-a52e-4f735466cecf":"f.FB2DD181A464ADC1AE2979EE676D3DD4.d.6998629827D1AB3381FE5D21B3F853F1.e.5236"},"getTitle",[]]}
RESULT: {"script":"<script> [6424 bytes]","args":[{"element-6066-11e4-a52e-4f735466cecf":"f.FB2DD181A464ADC1AE2979EE676D3DD4.d.6998629827D1AB3381FE5D21B3F853F1.e.5236"},"getTitle",[]]}
RESULT: undefined
COMMAND: POST /session/c5b30e3fd34ac9965af026ffc351930a/element/f.FB2DD181A464ADC1AE2979EE676D3DD4.d.6998629827D1AB3381FE5D21B3F853F1.e.5150/click - {}
RESULT: {}
COMMAND: GET /session/c5b30e3fd34ac9965af026ffc351930a/screenshot - {}
RESULT: {}
]]></system-out>
    </testcase>
    <testcase classname="chrome.136_0_7103_93.windows.Sanity_Tests_US104253" name="Should open User Maintenance page" time="36.796">
      <system-out><![CDATA[
COMMAND: POST /session/c5b30e3fd34ac9965af026ffc351930a/execute/async - {"script":"<script> [1562 bytes]","args":[{"selector":{"controlType":"sap.m.GenericTile","properties":{"header":"User Maintenance"}},"wdio_ui5_key":"sapm.GenericTile{\"header\":\"User Maintenance\"}"}]}
RESULT: {"script":"<script> [1562 bytes]","args":[{"selector":{"controlType":"sap.m.GenericTile","properties":{"header":"User Maintenance"}},"wdio_ui5_key":"sapm.GenericTile{\"header\":\"User Maintenance\"}"}]}
RESULT: undefined
COMMAND: POST /session/c5b30e3fd34ac9965af026ffc351930a/element - {"using":"xpath","value":"//*[@id=\"__tile121\"]"}
RESULT: {"using":"xpath","value":"//*[@id=\"__tile121\"]"}
COMMAND: POST /session/c5b30e3fd34ac9965af026ffc351930a/element/f.FB2DD181A464ADC1AE2979EE676D3DD4.d.6998629827D1AB3381FE5D21B3F853F1.e.5238/click - {}
RESULT: {}
COMMAND: GET /session/c5b30e3fd34ac9965af026ffc351930a/screenshot - {}
RESULT: {}
COMMAND: POST /session/c5b30e3fd34ac9965af026ffc351930a/elements - {"using":"xpath","value":"//span[text()='Error']"}
RESULT: {"using":"xpath","value":"//span[text()='Error']"}
RESULT: undefined
COMMAND: POST /session/c5b30e3fd34ac9965af026ffc351930a/element - {"using":"xpath","value":"//*[@id=\"__tile121\"]"}
RESULT: {"using":"xpath","value":"//*[@id=\"__tile121\"]"}
COMMAND: POST /session/c5b30e3fd34ac9965af026ffc351930a/element/f.FB2DD181A464ADC1AE2979EE676D3DD4.d.6998629827D1AB3381FE5D21B3F853F1.e.5238/click - {}
RESULT: undefined
COMMAND: POST /session/c5b30e3fd34ac9965af026ffc351930a/element - {"using":"xpath","value":"//*[@id=\"__tile121\"]"}
RESULT: {"using":"xpath","value":"//*[@id=\"__tile121\"]"}
COMMAND: POST /session/c5b30e3fd34ac9965af026ffc351930a/element/f.FB2DD181A464ADC1AE2979EE676D3DD4.d.6998629827D1AB3381FE5D21B3F853F1.e.5238/click - {}
RESULT: undefined
COMMAND: POST /session/c5b30e3fd34ac9965af026ffc351930a/execute/async - {"script":"<script> [6424 bytes]","args":[{"element-6066-11e4-a52e-4f735466cecf":"f.FB2DD181A464ADC1AE2979EE676D3DD4.d.6998629827D1AB3381FE5D21B3F853F1.e.287"},"getTitle",[]]}
COMMAND: POST /session/c5b30e3fd34ac9965af026ffc351930a/execute/async - {"script":"<script> [1562 bytes]","args":[{"selector":{"id":"shellAppTitle"},"wdio_ui5_key":"shellAppTitle"}]}
RESULT: {"script":"<script> [1562 bytes]","args":[{"selector":{"id":"shellAppTitle"},"wdio_ui5_key":"shellAppTitle"}]}
COMMAND: POST /session/c5b30e3fd34ac9965af026ffc351930a/execute/async - {"script":"<script> [6424 bytes]","args":[{"element-6066-11e4-a52e-4f735466cecf":"f.FB2DD181A464ADC1AE2979EE676D3DD4.d.6998629827D1AB3381FE5D21B3F853F1.e.5325"},"getTitle",[]]}
RESULT: {"script":"<script> [6424 bytes]","args":[{"element-6066-11e4-a52e-4f735466cecf":"f.FB2DD181A464ADC1AE2979EE676D3DD4.d.6998629827D1AB3381FE5D21B3F853F1.e.5325"},"getTitle",[]]}
RESULT: undefined
COMMAND: POST /session/c5b30e3fd34ac9965af026ffc351930a/element/f.FB2DD181A464ADC1AE2979EE676D3DD4.d.6998629827D1AB3381FE5D21B3F853F1.e.5150/click - {}
COMMAND: POST /session/c5b30e3fd34ac9965af026ffc351930a/element - {"using":"xpath","value":"//*[@id=\"backBtn\"]"}
RESULT: {"using":"xpath","value":"//*[@id=\"backBtn\"]"}
COMMAND: POST /session/c5b30e3fd34ac9965af026ffc351930a/element/f.FB2DD181A464ADC1AE2979EE676D3DD4.d.6998629827D1AB3381FE5D21B3F853F1.e.5150/click - {}
COMMAND: POST /session/c5b30e3fd34ac9965af026ffc351930a/element - {"using":"xpath","value":"//*[@id=\"backBtn\"]"}
RESULT: {"using":"xpath","value":"//*[@id=\"backBtn\"]"}
COMMAND: POST /session/c5b30e3fd34ac9965af026ffc351930a/element/f.FB2DD181A464ADC1AE2979EE676D3DD4.d.6998629827D1AB3381FE5D21B3F853F1.e.5326/click - {}
RESULT: {}
COMMAND: GET /session/c5b30e3fd34ac9965af026ffc351930a/screenshot - {}
RESULT: {}
]]></system-out>
    </testcase>
    <testcase classname="chrome.136_0_7103_93.windows.Sanity_Tests_US104253" name="Should open Schedule Jobs page" time="35.956">
      <system-out><![CDATA[
COMMAND: POST /session/c5b30e3fd34ac9965af026ffc351930a/execute/async - {"script":"<script> [1562 bytes]","args":[{"selector":{"controlType":"sap.m.GenericTile","properties":{"header":"Schedule Jobs"}},"wdio_ui5_key":"sapm.GenericTile{\"header\":\"Schedule Jobs\"}"}]}
RESULT: {"script":"<script> [1562 bytes]","args":[{"selector":{"controlType":"sap.m.GenericTile","properties":{"header":"Schedule Jobs"}},"wdio_ui5_key":"sapm.GenericTile{\"header\":\"Schedule Jobs\"}"}]}
RESULT: undefined
COMMAND: POST /session/c5b30e3fd34ac9965af026ffc351930a/element - {"using":"xpath","value":"//*[@id=\"__tile127\"]"}
RESULT: {"using":"xpath","value":"//*[@id=\"__tile127\"]"}
COMMAND: POST /session/c5b30e3fd34ac9965af026ffc351930a/element/f.FB2DD181A464ADC1AE2979EE676D3DD4.d.6998629827D1AB3381FE5D21B3F853F1.e.107/click - {}
RESULT: {}
COMMAND: GET /session/c5b30e3fd34ac9965af026ffc351930a/screenshot - {}
RESULT: {}
COMMAND: POST /session/c5b30e3fd34ac9965af026ffc351930a/elements - {"using":"xpath","value":"//span[text()='Error']"}
RESULT: {"using":"xpath","value":"//span[text()='Error']"}
RESULT: undefined
COMMAND: POST /session/c5b30e3fd34ac9965af026ffc351930a/element - {"using":"xpath","value":"//*[@id=\"__tile127\"]"}
RESULT: {"using":"xpath","value":"//*[@id=\"__tile127\"]"}
COMMAND: POST /session/c5b30e3fd34ac9965af026ffc351930a/element/f.FB2DD181A464ADC1AE2979EE676D3DD4.d.6998629827D1AB3381FE5D21B3F853F1.e.107/click - {}
RESULT: undefined
COMMAND: POST /session/c5b30e3fd34ac9965af026ffc351930a/element - {"using":"xpath","value":"//*[@id=\"__tile127\"]"}
RESULT: {"using":"xpath","value":"//*[@id=\"__tile127\"]"}
COMMAND: POST /session/c5b30e3fd34ac9965af026ffc351930a/element/f.FB2DD181A464ADC1AE2979EE676D3DD4.d.6998629827D1AB3381FE5D21B3F853F1.e.107/click - {}
RESULT: undefined
COMMAND: POST /session/c5b30e3fd34ac9965af026ffc351930a/execute/async - {"script":"<script> [6424 bytes]","args":[{"element-6066-11e4-a52e-4f735466cecf":"f.FB2DD181A464ADC1AE2979EE676D3DD4.d.6998629827D1AB3381FE5D21B3F853F1.e.287"},"getTitle",[]]}
COMMAND: POST /session/c5b30e3fd34ac9965af026ffc351930a/execute/async - {"script":"<script> [1562 bytes]","args":[{"selector":{"id":"shellAppTitle"},"wdio_ui5_key":"shellAppTitle"}]}
RESULT: {"script":"<script> [1562 bytes]","args":[{"selector":{"id":"shellAppTitle"},"wdio_ui5_key":"shellAppTitle"}]}
COMMAND: POST /session/c5b30e3fd34ac9965af026ffc351930a/execute/async - {"script":"<script> [6424 bytes]","args":[{"element-6066-11e4-a52e-4f735466cecf":"f.FB2DD181A464ADC1AE2979EE676D3DD4.d.6998629827D1AB3381FE5D21B3F853F1.e.5372"},"getTitle",[]]}
RESULT: {"script":"<script> [6424 bytes]","args":[{"element-6066-11e4-a52e-4f735466cecf":"f.FB2DD181A464ADC1AE2979EE676D3DD4.d.6998629827D1AB3381FE5D21B3F853F1.e.5372"},"getTitle",[]]}
RESULT: undefined
COMMAND: POST /session/c5b30e3fd34ac9965af026ffc351930a/element/f.FB2DD181A464ADC1AE2979EE676D3DD4.d.6998629827D1AB3381FE5D21B3F853F1.e.5326/click - {}
COMMAND: POST /session/c5b30e3fd34ac9965af026ffc351930a/element/f.FB2DD181A464ADC1AE2979EE676D3DD4.d.6998629827D1AB3381FE5D21B3F853F1.e.5326/click - {}
RESULT: {}
COMMAND: GET /session/c5b30e3fd34ac9965af026ffc351930a/screenshot - {}
COMMAND: POST /session/c5b30e3fd34ac9965af026ffc351930a/element - {"using":"xpath","value":"//*[@id=\"backBtn\"]"}
RESULT: {}
RESULT: {"using":"xpath","value":"//*[@id=\"backBtn\"]"}
COMMAND: POST /session/c5b30e3fd34ac9965af026ffc351930a/elements - {"using":"xpath","value":"//*[@id=\"backBtn\"]"}
RESULT: {"using":"xpath","value":"//*[@id=\"backBtn\"]"}
COMMAND: POST /session/c5b30e3fd34ac9965af026ffc351930a/elements - {"using":"xpath","value":"//*[@id=\"backBtn\"]"}
RESULT: {"using":"xpath","value":"//*[@id=\"backBtn\"]"}
COMMAND: POST /session/c5b30e3fd34ac9965af026ffc351930a/elements - {"using":"xpath","value":"//*[@id=\"backBtn\"]"}
RESULT: {"using":"xpath","value":"//*[@id=\"backBtn\"]"}
COMMAND: POST /session/c5b30e3fd34ac9965af026ffc351930a/elements - {"using":"xpath","value":"//*[@id=\"backBtn\"]"}
RESULT: {"using":"xpath","value":"//*[@id=\"backBtn\"]"}
COMMAND: POST /session/c5b30e3fd34ac9965af026ffc351930a/elements - {"using":"xpath","value":"//*[@id=\"backBtn\"]"}
RESULT: {"using":"xpath","value":"//*[@id=\"backBtn\"]"}
COMMAND: POST /session/c5b30e3fd34ac9965af026ffc351930a/elements - {"using":"xpath","value":"//*[@id=\"backBtn\"]"}
RESULT: {"using":"xpath","value":"//*[@id=\"backBtn\"]"}
COMMAND: POST /session/c5b30e3fd34ac9965af026ffc351930a/elements - {"using":"xpath","value":"//*[@id=\"backBtn\"]"}
RESULT: {"using":"xpath","value":"//*[@id=\"backBtn\"]"}
COMMAND: POST /session/c5b30e3fd34ac9965af026ffc351930a/elements - {"using":"xpath","value":"//*[@id=\"backBtn\"]"}
RESULT: {"using":"xpath","value":"//*[@id=\"backBtn\"]"}
COMMAND: POST /session/c5b30e3fd34ac9965af026ffc351930a/elements - {"using":"xpath","value":"//*[@id=\"backBtn\"]"}
RESULT: {"using":"xpath","value":"//*[@id=\"backBtn\"]"}
COMMAND: POST /session/c5b30e3fd34ac9965af026ffc351930a/elements - {"using":"xpath","value":"//*[@id=\"backBtn\"]"}
RESULT: {"using":"xpath","value":"//*[@id=\"backBtn\"]"}
COMMAND: POST /session/c5b30e3fd34ac9965af026ffc351930a/elements - {"using":"xpath","value":"//*[@id=\"backBtn\"]"}
RESULT: {"using":"xpath","value":"//*[@id=\"backBtn\"]"}
COMMAND: POST /session/c5b30e3fd34ac9965af026ffc351930a/elements - {"using":"xpath","value":"//*[@id=\"backBtn\"]"}
RESULT: {"using":"xpath","value":"//*[@id=\"backBtn\"]"}
COMMAND: POST /session/c5b30e3fd34ac9965af026ffc351930a/elements - {"using":"xpath","value":"//*[@id=\"backBtn\"]"}
RESULT: {"using":"xpath","value":"//*[@id=\"backBtn\"]"}
COMMAND: POST /session/c5b30e3fd34ac9965af026ffc351930a/elements - {"using":"xpath","value":"//*[@id=\"backBtn\"]"}
RESULT: {"using":"xpath","value":"//*[@id=\"backBtn\"]"}
COMMAND: POST /session/c5b30e3fd34ac9965af026ffc351930a/elements - {"using":"xpath","value":"//*[@id=\"backBtn\"]"}
RESULT: {"using":"xpath","value":"//*[@id=\"backBtn\"]"}
COMMAND: POST /session/c5b30e3fd34ac9965af026ffc351930a/elements - {"using":"xpath","value":"//*[@id=\"backBtn\"]"}
RESULT: {"using":"xpath","value":"//*[@id=\"backBtn\"]"}
COMMAND: POST /session/c5b30e3fd34ac9965af026ffc351930a/elements - {"using":"xpath","value":"//*[@id=\"backBtn\"]"}
RESULT: {"using":"xpath","value":"//*[@id=\"backBtn\"]"}
COMMAND: POST /session/c5b30e3fd34ac9965af026ffc351930a/elements - {"using":"xpath","value":"//*[@id=\"backBtn\"]"}
RESULT: {"using":"xpath","value":"//*[@id=\"backBtn\"]"}
COMMAND: POST /session/c5b30e3fd34ac9965af026ffc351930a/elements - {"using":"xpath","value":"//*[@id=\"backBtn\"]"}
RESULT: {"using":"xpath","value":"//*[@id=\"backBtn\"]"}
]]></system-out>
    </testcase>
    <testcase classname="chrome.136_0_7103_93.windows.Sanity_Tests_US104253" name="Should open Jobs Setup page" time="36.128">
      <system-out><![CDATA[
COMMAND: POST /session/c5b30e3fd34ac9965af026ffc351930a/execute/async - {"script":"<script> [1562 bytes]","args":[{"selector":{"controlType":"sap.m.GenericTile","properties":{"header":"Jobs Setup"}},"wdio_ui5_key":"sapm.GenericTile{\"header\":\"Jobs Setup\"}"}]}
COMMAND: POST /session/c5b30e3fd34ac9965af026ffc351930a/elements - {"using":"xpath","value":"//*[@id=\"backBtn\"]"}
RESULT: {"script":"<script> [1562 bytes]","args":[{"selector":{"controlType":"sap.m.GenericTile","properties":{"header":"Jobs Setup"}},"wdio_ui5_key":"sapm.GenericTile{\"header\":\"Jobs Setup\"}"}]}
RESULT: undefined
COMMAND: POST /session/c5b30e3fd34ac9965af026ffc351930a/element - {"using":"xpath","value":"//*[@id=\"__tile128\"]"}
RESULT: {"using":"xpath","value":"//*[@id=\"backBtn\"]"}
RESULT: {"using":"xpath","value":"//*[@id=\"__tile128\"]"}
COMMAND: POST /session/c5b30e3fd34ac9965af026ffc351930a/element/f.FB2DD181A464ADC1AE2979EE676D3DD4.d.6998629827D1AB3381FE5D21B3F853F1.e.5374/click - {}
COMMAND: POST /session/c5b30e3fd34ac9965af026ffc351930a/elements - {"using":"xpath","value":"//*[@id=\"backBtn\"]"}
RESULT: {}
COMMAND: GET /session/c5b30e3fd34ac9965af026ffc351930a/screenshot - {}
RESULT: {"using":"xpath","value":"//*[@id=\"backBtn\"]"}
RESULT: {}
COMMAND: POST /session/c5b30e3fd34ac9965af026ffc351930a/elements - {"using":"xpath","value":"//*[@id=\"backBtn\"]"}
RESULT: {"using":"xpath","value":"//*[@id=\"backBtn\"]"}
COMMAND: POST /session/c5b30e3fd34ac9965af026ffc351930a/element - {"using":"xpath","value":"//*[@id=\"backBtn\"]"}
RESULT: {"using":"xpath","value":"//*[@id=\"backBtn\"]"}
COMMAND: POST /session/c5b30e3fd34ac9965af026ffc351930a/element/f.FB2DD181A464ADC1AE2979EE676D3DD4.d.6998629827D1AB3381FE5D21B3F853F1.e.5326/click - {}
COMMAND: POST /session/c5b30e3fd34ac9965af026ffc351930a/element - {"using":"xpath","value":"//*[@id=\"backBtn\"]"}
RESULT: {"using":"xpath","value":"//*[@id=\"backBtn\"]"}
COMMAND: POST /session/c5b30e3fd34ac9965af026ffc351930a/element/f.FB2DD181A464ADC1AE2979EE676D3DD4.d.6998629827D1AB3381FE5D21B3F853F1.e.5434/click - {}
RESULT: {}
COMMAND: GET /session/c5b30e3fd34ac9965af026ffc351930a/screenshot - {}
RESULT: {}
COMMAND: POST /session/c5b30e3fd34ac9965af026ffc351930a/elements - {"using":"xpath","value":"//span[text()='Error']"}
RESULT: {"using":"xpath","value":"//span[text()='Error']"}
RESULT: undefined
COMMAND: POST /session/c5b30e3fd34ac9965af026ffc351930a/element - {"using":"xpath","value":"//*[@id=\"__tile128\"]"}
RESULT: {"using":"xpath","value":"//*[@id=\"__tile128\"]"}
COMMAND: POST /session/c5b30e3fd34ac9965af026ffc351930a/element/f.FB2DD181A464ADC1AE2979EE676D3DD4.d.6998629827D1AB3381FE5D21B3F853F1.e.5374/click - {}
RESULT: undefined
COMMAND: POST /session/c5b30e3fd34ac9965af026ffc351930a/element - {"using":"xpath","value":"//*[@id=\"__tile128\"]"}
RESULT: {"using":"xpath","value":"//*[@id=\"__tile128\"]"}
COMMAND: POST /session/c5b30e3fd34ac9965af026ffc351930a/element/f.FB2DD181A464ADC1AE2979EE676D3DD4.d.6998629827D1AB3381FE5D21B3F853F1.e.5374/click - {}
RESULT: undefined
COMMAND: POST /session/c5b30e3fd34ac9965af026ffc351930a/execute/async - {"script":"<script> [6424 bytes]","args":[{"element-6066-11e4-a52e-4f735466cecf":"f.FB2DD181A464ADC1AE2979EE676D3DD4.d.6998629827D1AB3381FE5D21B3F853F1.e.287"},"getTitle",[]]}
COMMAND: POST /session/c5b30e3fd34ac9965af026ffc351930a/execute/async - {"script":"<script> [1562 bytes]","args":[{"selector":{"id":"shellAppTitle"},"wdio_ui5_key":"shellAppTitle"}]}
RESULT: {"script":"<script> [1562 bytes]","args":[{"selector":{"id":"shellAppTitle"},"wdio_ui5_key":"shellAppTitle"}]}
COMMAND: POST /session/c5b30e3fd34ac9965af026ffc351930a/execute/async - {"script":"<script> [6424 bytes]","args":[{"element-6066-11e4-a52e-4f735466cecf":"f.FB2DD181A464ADC1AE2979EE676D3DD4.d.6998629827D1AB3381FE5D21B3F853F1.e.5460"},"getTitle",[]]}
RESULT: {"script":"<script> [6424 bytes]","args":[{"element-6066-11e4-a52e-4f735466cecf":"f.FB2DD181A464ADC1AE2979EE676D3DD4.d.6998629827D1AB3381FE5D21B3F853F1.e.5460"},"getTitle",[]]}
RESULT: undefined
COMMAND: POST /session/c5b30e3fd34ac9965af026ffc351930a/element/f.FB2DD181A464ADC1AE2979EE676D3DD4.d.6998629827D1AB3381FE5D21B3F853F1.e.5434/click - {}
COMMAND: POST /session/c5b30e3fd34ac9965af026ffc351930a/element/f.FB2DD181A464ADC1AE2979EE676D3DD4.d.6998629827D1AB3381FE5D21B3F853F1.e.5434/click - {}
RESULT: {}
COMMAND: GET /session/c5b30e3fd34ac9965af026ffc351930a/screenshot - {}
RESULT: {}
COMMAND: GET /session/c5b30e3fd34ac9965af026ffc351930a/screenshot - {}
RESULT: {}
RESULT: {}
]]></system-out>
    </testcase>
    <testcase classname="chrome.136_0_7103_93.windows.Sanity_Tests_US104253" name="Should open Target Systems Configuration page" time="35.945">
      <system-out><![CDATA[
COMMAND: POST /session/c5b30e3fd34ac9965af026ffc351930a/execute/async - {"script":"<script> [1562 bytes]","args":[{"selector":{"controlType":"sap.m.GenericTile","properties":{"header":"Target Systems Configuration"}},"wdio_ui5_key":"sapm.GenericTile{\"header\":\"Target Systems Configuration\"}"}]}
RESULT: {"script":"<script> [1562 bytes]","args":[{"selector":{"controlType":"sap.m.GenericTile","properties":{"header":"Target Systems Configuration"}},"wdio_ui5_key":"sapm.GenericTile{\"header\":\"Target Systems Configuration\"}"}]}
RESULT: undefined
COMMAND: POST /session/c5b30e3fd34ac9965af026ffc351930a/element - {"using":"xpath","value":"//*[@id=\"__tile129\"]"}
RESULT: {"using":"xpath","value":"//*[@id=\"__tile129\"]"}
COMMAND: POST /session/c5b30e3fd34ac9965af026ffc351930a/element/f.FB2DD181A464ADC1AE2979EE676D3DD4.d.6998629827D1AB3381FE5D21B3F853F1.e.5464/click - {}
RESULT: {}
COMMAND: GET /session/c5b30e3fd34ac9965af026ffc351930a/screenshot - {}
RESULT: {}
COMMAND: POST /session/c5b30e3fd34ac9965af026ffc351930a/elements - {"using":"xpath","value":"//span[text()='Error']"}
RESULT: {"using":"xpath","value":"//span[text()='Error']"}
RESULT: undefined
COMMAND: POST /session/c5b30e3fd34ac9965af026ffc351930a/element - {"using":"xpath","value":"//*[@id=\"__tile129\"]"}
RESULT: {"using":"xpath","value":"//*[@id=\"__tile129\"]"}
COMMAND: POST /session/c5b30e3fd34ac9965af026ffc351930a/element/f.FB2DD181A464ADC1AE2979EE676D3DD4.d.6998629827D1AB3381FE5D21B3F853F1.e.5464/click - {}
RESULT: undefined
COMMAND: POST /session/c5b30e3fd34ac9965af026ffc351930a/element - {"using":"xpath","value":"//*[@id=\"__tile129\"]"}
RESULT: {"using":"xpath","value":"//*[@id=\"__tile129\"]"}
COMMAND: POST /session/c5b30e3fd34ac9965af026ffc351930a/element/f.FB2DD181A464ADC1AE2979EE676D3DD4.d.6998629827D1AB3381FE5D21B3F853F1.e.5464/click - {}
RESULT: undefined
COMMAND: POST /session/c5b30e3fd34ac9965af026ffc351930a/execute/async - {"script":"<script> [6424 bytes]","args":[{"element-6066-11e4-a52e-4f735466cecf":"f.FB2DD181A464ADC1AE2979EE676D3DD4.d.6998629827D1AB3381FE5D21B3F853F1.e.287"},"getTitle",[]]}
COMMAND: POST /session/c5b30e3fd34ac9965af026ffc351930a/execute/async - {"script":"<script> [1562 bytes]","args":[{"selector":{"id":"shellAppTitle"},"wdio_ui5_key":"shellAppTitle"}]}
RESULT: {"script":"<script> [1562 bytes]","args":[{"selector":{"id":"shellAppTitle"},"wdio_ui5_key":"shellAppTitle"}]}
COMMAND: POST /session/c5b30e3fd34ac9965af026ffc351930a/execute/async - {"script":"<script> [6424 bytes]","args":[{"element-6066-11e4-a52e-4f735466cecf":"f.FB2DD181A464ADC1AE2979EE676D3DD4.d.6998629827D1AB3381FE5D21B3F853F1.e.5517"},"getTitle",[]]}
RESULT: {"script":"<script> [6424 bytes]","args":[{"element-6066-11e4-a52e-4f735466cecf":"f.FB2DD181A464ADC1AE2979EE676D3DD4.d.6998629827D1AB3381FE5D21B3F853F1.e.5517"},"getTitle",[]]}
RESULT: undefined
COMMAND: POST /session/c5b30e3fd34ac9965af026ffc351930a/element/f.FB2DD181A464ADC1AE2979EE676D3DD4.d.6998629827D1AB3381FE5D21B3F853F1.e.5434/click - {}
COMMAND: POST /session/c5b30e3fd34ac9965af026ffc351930a/element/f.FB2DD181A464ADC1AE2979EE676D3DD4.d.6998629827D1AB3381FE5D21B3F853F1.e.5434/click - {}
RESULT: {}
COMMAND: GET /session/c5b30e3fd34ac9965af026ffc351930a/screenshot - {}
COMMAND: POST /session/c5b30e3fd34ac9965af026ffc351930a/element - {"using":"xpath","value":"//*[@id=\"backBtn\"]"}
RESULT: {}
RESULT: {"using":"xpath","value":"//*[@id=\"backBtn\"]"}
COMMAND: POST /session/c5b30e3fd34ac9965af026ffc351930a/elements - {"using":"xpath","value":"//*[@id=\"backBtn\"]"}
RESULT: {"using":"xpath","value":"//*[@id=\"backBtn\"]"}
COMMAND: POST /session/c5b30e3fd34ac9965af026ffc351930a/elements - {"using":"xpath","value":"//*[@id=\"backBtn\"]"}
RESULT: {"using":"xpath","value":"//*[@id=\"backBtn\"]"}
COMMAND: POST /session/c5b30e3fd34ac9965af026ffc351930a/elements - {"using":"xpath","value":"//*[@id=\"backBtn\"]"}
RESULT: {"using":"xpath","value":"//*[@id=\"backBtn\"]"}
COMMAND: POST /session/c5b30e3fd34ac9965af026ffc351930a/elements - {"using":"xpath","value":"//*[@id=\"backBtn\"]"}
RESULT: {"using":"xpath","value":"//*[@id=\"backBtn\"]"}
COMMAND: POST /session/c5b30e3fd34ac9965af026ffc351930a/elements - {"using":"xpath","value":"//*[@id=\"backBtn\"]"}
RESULT: {"using":"xpath","value":"//*[@id=\"backBtn\"]"}
COMMAND: POST /session/c5b30e3fd34ac9965af026ffc351930a/elements - {"using":"xpath","value":"//*[@id=\"backBtn\"]"}
RESULT: {"using":"xpath","value":"//*[@id=\"backBtn\"]"}
COMMAND: POST /session/c5b30e3fd34ac9965af026ffc351930a/elements - {"using":"xpath","value":"//*[@id=\"backBtn\"]"}
RESULT: {"using":"xpath","value":"//*[@id=\"backBtn\"]"}
COMMAND: POST /session/c5b30e3fd34ac9965af026ffc351930a/elements - {"using":"xpath","value":"//*[@id=\"backBtn\"]"}
RESULT: {"using":"xpath","value":"//*[@id=\"backBtn\"]"}
COMMAND: POST /session/c5b30e3fd34ac9965af026ffc351930a/elements - {"using":"xpath","value":"//*[@id=\"backBtn\"]"}
RESULT: {"using":"xpath","value":"//*[@id=\"backBtn\"]"}
COMMAND: POST /session/c5b30e3fd34ac9965af026ffc351930a/elements - {"using":"xpath","value":"//*[@id=\"backBtn\"]"}
RESULT: {"using":"xpath","value":"//*[@id=\"backBtn\"]"}
COMMAND: POST /session/c5b30e3fd34ac9965af026ffc351930a/elements - {"using":"xpath","value":"//*[@id=\"backBtn\"]"}
RESULT: {"using":"xpath","value":"//*[@id=\"backBtn\"]"}
COMMAND: POST /session/c5b30e3fd34ac9965af026ffc351930a/elements - {"using":"xpath","value":"//*[@id=\"backBtn\"]"}
RESULT: {"using":"xpath","value":"//*[@id=\"backBtn\"]"}
COMMAND: POST /session/c5b30e3fd34ac9965af026ffc351930a/elements - {"using":"xpath","value":"//*[@id=\"backBtn\"]"}
RESULT: {"using":"xpath","value":"//*[@id=\"backBtn\"]"}
COMMAND: POST /session/c5b30e3fd34ac9965af026ffc351930a/elements - {"using":"xpath","value":"//*[@id=\"backBtn\"]"}
RESULT: {"using":"xpath","value":"//*[@id=\"backBtn\"]"}
COMMAND: POST /session/c5b30e3fd34ac9965af026ffc351930a/elements - {"using":"xpath","value":"//*[@id=\"backBtn\"]"}
RESULT: {"using":"xpath","value":"//*[@id=\"backBtn\"]"}
COMMAND: POST /session/c5b30e3fd34ac9965af026ffc351930a/elements - {"using":"xpath","value":"//*[@id=\"backBtn\"]"}
RESULT: {"using":"xpath","value":"//*[@id=\"backBtn\"]"}
COMMAND: POST /session/c5b30e3fd34ac9965af026ffc351930a/elements - {"using":"xpath","value":"//*[@id=\"backBtn\"]"}
RESULT: {"using":"xpath","value":"//*[@id=\"backBtn\"]"}
COMMAND: POST /session/c5b30e3fd34ac9965af026ffc351930a/elements - {"using":"xpath","value":"//*[@id=\"backBtn\"]"}
RESULT: {"using":"xpath","value":"//*[@id=\"backBtn\"]"}
COMMAND: POST /session/c5b30e3fd34ac9965af026ffc351930a/elements - {"using":"xpath","value":"//*[@id=\"backBtn\"]"}
RESULT: {"using":"xpath","value":"//*[@id=\"backBtn\"]"}
COMMAND: POST /session/c5b30e3fd34ac9965af026ffc351930a/elements - {"using":"xpath","value":"//*[@id=\"backBtn\"]"}
RESULT: {"using":"xpath","value":"//*[@id=\"backBtn\"]"}
COMMAND: POST /session/c5b30e3fd34ac9965af026ffc351930a/elements - {"using":"xpath","value":"//*[@id=\"backBtn\"]"}
RESULT: {"using":"xpath","value":"//*[@id=\"backBtn\"]"}
COMMAND: POST /session/c5b30e3fd34ac9965af026ffc351930a/elements - {"using":"xpath","value":"//*[@id=\"backBtn\"]"}
RESULT: {"using":"xpath","value":"//*[@id=\"backBtn\"]"}
COMMAND: POST /session/c5b30e3fd34ac9965af026ffc351930a/elements - {"using":"xpath","value":"//*[@id=\"backBtn\"]"}
RESULT: {"using":"xpath","value":"//*[@id=\"backBtn\"]"}
COMMAND: POST /session/c5b30e3fd34ac9965af026ffc351930a/elements - {"using":"xpath","value":"//*[@id=\"backBtn\"]"}
RESULT: {"using":"xpath","value":"//*[@id=\"backBtn\"]"}
COMMAND: POST /session/c5b30e3fd34ac9965af026ffc351930a/elements - {"using":"xpath","value":"//*[@id=\"backBtn\"]"}
RESULT: {"using":"xpath","value":"//*[@id=\"backBtn\"]"}
COMMAND: POST /session/c5b30e3fd34ac9965af026ffc351930a/elements - {"using":"xpath","value":"//*[@id=\"backBtn\"]"}
RESULT: {"using":"xpath","value":"//*[@id=\"backBtn\"]"}
COMMAND: POST /session/c5b30e3fd34ac9965af026ffc351930a/elements - {"using":"xpath","value":"//*[@id=\"backBtn\"]"}
RESULT: {"using":"xpath","value":"//*[@id=\"backBtn\"]"}
COMMAND: POST /session/c5b30e3fd34ac9965af026ffc351930a/elements - {"using":"xpath","value":"//*[@id=\"backBtn\"]"}
RESULT: {"using":"xpath","value":"//*[@id=\"backBtn\"]"}
COMMAND: POST /session/c5b30e3fd34ac9965af026ffc351930a/elements - {"using":"xpath","value":"//*[@id=\"backBtn\"]"}
RESULT: {"using":"xpath","value":"//*[@id=\"backBtn\"]"}
COMMAND: POST /session/c5b30e3fd34ac9965af026ffc351930a/elements - {"using":"xpath","value":"//*[@id=\"backBtn\"]"}
RESULT: {"using":"xpath","value":"//*[@id=\"backBtn\"]"}
COMMAND: POST /session/c5b30e3fd34ac9965af026ffc351930a/elements - {"using":"xpath","value":"//*[@id=\"backBtn\"]"}
RESULT: {"using":"xpath","value":"//*[@id=\"backBtn\"]"}
COMMAND: POST /session/c5b30e3fd34ac9965af026ffc351930a/elements - {"using":"xpath","value":"//*[@id=\"backBtn\"]"}
RESULT: {"using":"xpath","value":"//*[@id=\"backBtn\"]"}
COMMAND: POST /session/c5b30e3fd34ac9965af026ffc351930a/elements - {"using":"xpath","value":"//*[@id=\"backBtn\"]"}
RESULT: {"using":"xpath","value":"//*[@id=\"backBtn\"]"}
COMMAND: POST /session/c5b30e3fd34ac9965af026ffc351930a/elements - {"using":"xpath","value":"//*[@id=\"backBtn\"]"}
RESULT: {"using":"xpath","value":"//*[@id=\"backBtn\"]"}
COMMAND: POST /session/c5b30e3fd34ac9965af026ffc351930a/elements - {"using":"xpath","value":"//*[@id=\"backBtn\"]"}
RESULT: {"using":"xpath","value":"//*[@id=\"backBtn\"]"}
COMMAND: POST /session/c5b30e3fd34ac9965af026ffc351930a/elements - {"using":"xpath","value":"//*[@id=\"backBtn\"]"}
RESULT: {"using":"xpath","value":"//*[@id=\"backBtn\"]"}
COMMAND: POST /session/c5b30e3fd34ac9965af026ffc351930a/elements - {"using":"xpath","value":"//*[@id=\"backBtn\"]"}
RESULT: {"using":"xpath","value":"//*[@id=\"backBtn\"]"}
COMMAND: POST /session/c5b30e3fd34ac9965af026ffc351930a/elements - {"using":"xpath","value":"//*[@id=\"backBtn\"]"}
RESULT: {"using":"xpath","value":"//*[@id=\"backBtn\"]"}
COMMAND: POST /session/c5b30e3fd34ac9965af026ffc351930a/elements - {"using":"xpath","value":"//*[@id=\"backBtn\"]"}
RESULT: {"using":"xpath","value":"//*[@id=\"backBtn\"]"}
COMMAND: DELETE /session/c5b30e3fd34ac9965af026ffc351930a - {}
RESULT: {}
]]></system-out>
    </testcase>
  </testsuite>
</testsuites>