<?xml version="1.0" encoding="UTF-8"?>
<testsuites tests="7" failures="0" errors="0" skipped="0">
  <testsuite timestamp="2025-05-17T15:22:46" time="860.894" tests="7" failures="0" errors="0" skipped="0">
    <properties>
      <property name="specId" value="0" />
      <property name="suiteName" value="Related resources for groups US139107" />
      <property name="capabilities" value="chrome.136_0_7103_93.windows" />
      <property name="file" value="file:///D:/a/1/s/test/specs/R2C/related-resources-area-rpg.spec.js" />
    </properties>
    <testcase classname="chrome.136_0_7103_93.windows.Related_resources_for_groups_US139107" name="Should create a new yard" time="131.472">
      <system-out><![CDATA[
COMMAND: POST /session/dc8d8325bcea8c317259a85a94b902d6/execute/async - {"script":"<script> [1562 bytes]","args":[{"selector":{"controlType":"sap.m.GenericTile","properties":{"header":"Manage Yards"}},"wdio_ui5_key":"sapm.GenericTile{\"header\":\"Manage Yards\"}"}]}
RESULT: {"script":"<script> [1562 bytes]","args":[{"selector":{"controlType":"sap.m.GenericTile","properties":{"header":"Manage Yards"}},"wdio_ui5_key":"sapm.GenericTile{\"header\":\"Manage Yards\"}"}]}
RESULT: undefined
COMMAND: POST /session/dc8d8325bcea8c317259a85a94b902d6/element - {"using":"xpath","value":"//*[@id=\"__tile41\"]"}
RESULT: {"using":"xpath","value":"//*[@id=\"__tile41\"]"}
COMMAND: POST /session/dc8d8325bcea8c317259a85a94b902d6/element/f.B7E597006D0C94FF3F287974AC4A4A54.d.F93AE6053CF20BF134EF1882C5517A73.e.130/click - {}
RESULT: {}
COMMAND: GET /session/dc8d8325bcea8c317259a85a94b902d6/screenshot - {}
RESULT: {}
COMMAND: POST /session/dc8d8325bcea8c317259a85a94b902d6/elements - {"using":"xpath","value":"//span[text()='Error']"}
RESULT: {"using":"xpath","value":"//span[text()='Error']"}
COMMAND: POST /session/dc8d8325bcea8c317259a85a94b902d6/execute/async - {"script":"<script> [1562 bytes]","args":[{"selector":{"controlType":"sap.ui.core.Icon","viewName":"etm.portal.ui.manageyards.view.Master","viewId":"application-manageyards-display-component---masterYard","properties":{"src":{"regex":{"source":"add"}}}},"wdio_ui5_key":"etmportal.ui.manageyards.view.Mastersap.ui.core.Icon{\"src\":{\"regex\":{\"source\":\"add\"}}}"}]}
RESULT: {"script":"<script> [1562 bytes]","args":[{"selector":{"controlType":"sap.ui.core.Icon","viewName":"etm.portal.ui.manageyards.view.Master","viewId":"application-manageyards-display-component---masterYard","properties":{"src":{"regex":{"source":"add"}}}},"wdio_ui5_key":"etmportal.ui.manageyards.view.Mastersap.ui.core.Icon{\"src\":{\"regex\":{\"source\":\"add\"}}}"}]}
RESULT: undefined
COMMAND: POST /session/dc8d8325bcea8c317259a85a94b902d6/element - {"using":"xpath","value":"//*[@id=\"__button4-img\"]"}
RESULT: {"using":"xpath","value":"//*[@id=\"__button4-img\"]"}
COMMAND: POST /session/dc8d8325bcea8c317259a85a94b902d6/element/f.B7E597006D0C94FF3F287974AC4A4A54.d.F93AE6053CF20BF134EF1882C5517A73.e.177/click - {}
RESULT: {}
COMMAND: GET /session/dc8d8325bcea8c317259a85a94b902d6/screenshot - {}
RESULT: {}
COMMAND: POST /session/dc8d8325bcea8c317259a85a94b902d6/execute/async - {"script":"<script> [1562 bytes]","args":[{"selector":{"id":"application-manageyards-display-component---NewYard--yardId","interaction":{"idSuffix":"inner"}},"wdio_ui5_key":"applicationmanageyards-display-component---NewYard--yardId"}]}
RESULT: {"script":"<script> [1562 bytes]","args":[{"selector":{"id":"application-manageyards-display-component---NewYard--yardId","interaction":{"idSuffix":"inner"}},"wdio_ui5_key":"applicationmanageyards-display-component---NewYard--yardId"}]}
RESULT: undefined
COMMAND: POST /session/dc8d8325bcea8c317259a85a94b902d6/element - {"using":"xpath","value":"//*[@id=\"application-manageyards-display-component---NewYard--addressDetailDetailsName1-inner\"]"}
RESULT: {"using":"xpath","value":"//*[@id=\"application-manageyards-display-component---NewYard--addressDetailDetailsName1-inner\"]"}
COMMAND: POST /session/dc8d8325bcea8c317259a85a94b902d6/element/f.B7E597006D0C94FF3F287974AC4A4A54.d.F93AE6053CF20BF134EF1882C5517A73.e.346/clear - {}
RESULT: {}
COMMAND: POST /session/dc8d8325bcea8c317259a85a94b902d6/element/f.B7E597006D0C94FF3F287974AC4A4A54.d.F93AE6053CF20BF134EF1882C5517A73.e.346/value - {"text":"WebdriverYards1zyu"}
COMMAND: GET /session/dc8d8325bcea8c317259a85a94b902d6/screenshot - {}
RESULT: {"text":"WebdriverYards1zyu"}
COMMAND: POST /session/dc8d8325bcea8c317259a85a94b902d6/element - {"using":"xpath","value":"//*[@id=\"application-manageyards-display-component---NewYard--addressDetailDetailsLanguage-inner\"]"}
RESULT: {"using":"xpath","value":"//*[@id=\"application-manageyards-display-component---NewYard--addressDetailDetailsLanguage-inner\"]"}
COMMAND: POST /session/dc8d8325bcea8c317259a85a94b902d6/element/f.B7E597006D0C94FF3F287974AC4A4A54.d.F93AE6053CF20BF134EF1882C5517A73.e.347/clear - {}
RESULT: {}
COMMAND: POST /session/dc8d8325bcea8c317259a85a94b902d6/element/f.B7E597006D0C94FF3F287974AC4A4A54.d.F93AE6053CF20BF134EF1882C5517A73.e.347/value - {"text":"Romanian"}
RESULT: {"text":"Romanian"}
COMMAND: POST /session/dc8d8325bcea8c317259a85a94b902d6/element - {"using":"xpath","value":"//input[contains(@id ,\"application-manageyards-display-component---NewYard--addressDetailDetailsName1-inner\")]"}
RESULT: {"using":"xpath","value":"//input[contains(@id ,\"application-manageyards-display-component---NewYard--addressDetailDetailsName1-inner\")]"}
COMMAND: GET /session/dc8d8325bcea8c317259a85a94b902d6/element/f.B7E597006D0C94FF3F287974AC4A4A54.d.F93AE6053CF20BF134EF1882C5517A73.e.346/property/value - {}
RESULT: {}
COMMAND: GET /session/dc8d8325bcea8c317259a85a94b902d6/screenshot - {}
COMMAND: GET /session/dc8d8325bcea8c317259a85a94b902d6/screenshot - {}
COMMAND: GET /session/dc8d8325bcea8c317259a85a94b902d6/screenshot - {}
RESULT: {}
COMMAND: GET /session/dc8d8325bcea8c317259a85a94b902d6/screenshot - {}
RESULT: {}
RESULT: {}
RESULT: {}
RESULT: {}
COMMAND: POST /session/dc8d8325bcea8c317259a85a94b902d6/element - {"using":"xpath","value":"//*[@id=\"application-manageyards-display-component---NewYard--addressDetailDetailsCity1-inner\"]"}
RESULT: {"using":"xpath","value":"//*[@id=\"application-manageyards-display-component---NewYard--addressDetailDetailsCity1-inner\"]"}
COMMAND: POST /session/dc8d8325bcea8c317259a85a94b902d6/element/f.B7E597006D0C94FF3F287974AC4A4A54.d.F93AE6053CF20BF134EF1882C5517A73.e.349/clear - {}
RESULT: {}
COMMAND: POST /session/dc8d8325bcea8c317259a85a94b902d6/element/f.B7E597006D0C94FF3F287974AC4A4A54.d.F93AE6053CF20BF134EF1882C5517A73.e.349/value - {"text":"Bucuresti"}
COMMAND: GET /session/dc8d8325bcea8c317259a85a94b902d6/screenshot - {}
RESULT: {"text":"Bucuresti"}
COMMAND: GET /session/dc8d8325bcea8c317259a85a94b902d6/screenshot - {}
RESULT: {}
RESULT: {}
COMMAND: POST /session/dc8d8325bcea8c317259a85a94b902d6/element - {"using":"xpath","value":"//*[@id=\"application-manageyards-display-component---NewYard--addressDetailDetailsCountry-inner\"]"}
RESULT: {"using":"xpath","value":"//*[@id=\"application-manageyards-display-component---NewYard--addressDetailDetailsCountry-inner\"]"}
COMMAND: POST /session/dc8d8325bcea8c317259a85a94b902d6/element/f.B7E597006D0C94FF3F287974AC4A4A54.d.F93AE6053CF20BF134EF1882C5517A73.e.353/clear - {}
RESULT: {}
COMMAND: POST /session/dc8d8325bcea8c317259a85a94b902d6/element/f.B7E597006D0C94FF3F287974AC4A4A54.d.F93AE6053CF20BF134EF1882C5517A73.e.353/value - {"text":"Romania"}
COMMAND: GET /session/dc8d8325bcea8c317259a85a94b902d6/screenshot - {}
RESULT: {"text":"Romania"}
COMMAND: GET /session/dc8d8325bcea8c317259a85a94b902d6/screenshot - {}
RESULT: {}
RESULT: {}
COMMAND: POST /session/dc8d8325bcea8c317259a85a94b902d6/element - {"using":"xpath","value":"//div[contains(text(), \"Commercial\")]"}
RESULT: {"using":"xpath","value":"//div[contains(text(), \"Commercial\")]"}
COMMAND: GET /session/dc8d8325bcea8c317259a85a94b902d6/element/f.B7E597006D0C94FF3F287974AC4A4A54.d.F93AE6053CF20BF134EF1882C5517A73.e.589/rect - {}
RESULT: {}
COMMAND: GET /session/dc8d8325bcea8c317259a85a94b902d6/window/rect - {}
RESULT: {}
COMMAND: POST /session/dc8d8325bcea8c317259a85a94b902d6/execute/sync - {"script":"<script> [92 bytes]","args":[]}
RESULT: {"script":"<script> [92 bytes]","args":[]}
COMMAND: POST /session/dc8d8325bcea8c317259a85a94b902d6/actions - {"actions":[{"id":"action1","type":"wheel","parameters":{},"actions":[{"type":"scroll","x":-1841,"y":-44,"deltaX":0,"deltaY":0,"duration":0,"origin":{"element-6066-11e4-a52e-4f735466cecf":"f.B7E597006D0C94FF3F287974AC4A4A54.d.F93AE6053CF20BF134EF1882C5517A73.e.589"}}]}]}
COMMAND: GET /session/dc8d8325bcea8c317259a85a94b902d6/screenshot - {}
RESULT: {}
COMMAND: POST /session/dc8d8325bcea8c317259a85a94b902d6/execute/sync - {"script":"<script> [79 bytes]","args":[{"element-6066-11e4-a52e-4f735466cecf":"f.B7E597006D0C94FF3F287974AC4A4A54.d.F93AE6053CF20BF134EF1882C5517A73.e.589","ELEMENT":"f.B7E597006D0C94FF3F287974AC4A4A54.d.F93AE6053CF20BF134EF1882C5517A73.e.589"},{"block":"start","inline":"nearest"}]}
RESULT: {"script":"<script> [79 bytes]","args":[{"element-6066-11e4-a52e-4f735466cecf":"f.B7E597006D0C94FF3F287974AC4A4A54.d.F93AE6053CF20BF134EF1882C5517A73.e.589","ELEMENT":"f.B7E597006D0C94FF3F287974AC4A4A54.d.F93AE6053CF20BF134EF1882C5517A73.e.589"},{"block":"start","inline":"nearest"}]}
COMMAND: GET /session/dc8d8325bcea8c317259a85a94b902d6/screenshot - {}
RESULT: {}
COMMAND: POST /session/dc8d8325bcea8c317259a85a94b902d6/execute/async - {"script":"<script> [1562 bytes]","args":[{"selector":{"id":"application-manageyards-display-component---NewYard--addressEditDetailsCostObjectCstType-arrow"},"wdio_ui5_key":"applicationmanageyards-display-component---NewYard--addressEditDetailsCostObjectCstType-arrow"}]}
RESULT: {"script":"<script> [1562 bytes]","args":[{"selector":{"id":"application-manageyards-display-component---NewYard--addressEditDetailsCostObjectCstType-arrow"},"wdio_ui5_key":"applicationmanageyards-display-component---NewYard--addressEditDetailsCostObjectCstType-arrow"}]}
RESULT: undefined
COMMAND: POST /session/dc8d8325bcea8c317259a85a94b902d6/element - {"using":"xpath","value":"//*[@id=\"application-manageyards-display-component---NewYard--addressEditDetailsCostObjectCstType-arrow\"]"}
RESULT: {"using":"xpath","value":"//*[@id=\"application-manageyards-display-component---NewYard--addressEditDetailsCostObjectCstType-arrow\"]"}
COMMAND: POST /session/dc8d8325bcea8c317259a85a94b902d6/element/f.B7E597006D0C94FF3F287974AC4A4A54.d.F93AE6053CF20BF134EF1882C5517A73.e.597/click - {}
RESULT: {}
COMMAND: POST /session/dc8d8325bcea8c317259a85a94b902d6/element - {"using":"xpath","value":"//span[contains(text(), \"Cost Center\")]"}
COMMAND: GET /session/dc8d8325bcea8c317259a85a94b902d6/screenshot - {}
RESULT: {"using":"xpath","value":"//span[contains(text(), \"Cost Center\")]"}
COMMAND: POST /session/dc8d8325bcea8c317259a85a94b902d6/element/f.B7E597006D0C94FF3F287974AC4A4A54.d.F93AE6053CF20BF134EF1882C5517A73.e.598/click - {}
RESULT: {}
RESULT: {}
COMMAND: GET /session/dc8d8325bcea8c317259a85a94b902d6/screenshot - {}
RESULT: {}
COMMAND: POST /session/dc8d8325bcea8c317259a85a94b902d6/execute/async - {"script":"<script> [1562 bytes]","args":[{"selector":{"id":"application-manageyards-display-component---NewYard--addressNewCostObjectCstID-vhi"},"wdio_ui5_key":"applicationmanageyards-display-component---NewYard--addressNewCostObjectCstID-vhi"}]}
RESULT: {"script":"<script> [1562 bytes]","args":[{"selector":{"id":"application-manageyards-display-component---NewYard--addressNewCostObjectCstID-vhi"},"wdio_ui5_key":"applicationmanageyards-display-component---NewYard--addressNewCostObjectCstID-vhi"}]}
RESULT: undefined
COMMAND: POST /session/dc8d8325bcea8c317259a85a94b902d6/element - {"using":"xpath","value":"//*[@id=\"application-manageyards-display-component---NewYard--addressNewCostObjectCstID-vhi\"]"}
RESULT: {"using":"xpath","value":"//*[@id=\"application-manageyards-display-component---NewYard--addressNewCostObjectCstID-vhi\"]"}
COMMAND: POST /session/dc8d8325bcea8c317259a85a94b902d6/element/f.B7E597006D0C94FF3F287974AC4A4A54.d.F93AE6053CF20BF134EF1882C5517A73.e.613/click - {}
RESULT: {}
COMMAND: GET /session/dc8d8325bcea8c317259a85a94b902d6/screenshot - {}
RESULT: {}
COMMAND: POST /session/dc8d8325bcea8c317259a85a94b902d6/execute/async - {"script":"<script> [1562 bytes]","args":[{"selector":{"controlType":"sap.m.SearchField","properties":{"placeholder":"Search"},"searchOpenDialogs":true,"interaction":{"idSuffix":"I"}},"wdio_ui5_key":"sapm.SearchField{\"placeholder\":\"Search\"}"}]}
RESULT: {"script":"<script> [1562 bytes]","args":[{"selector":{"controlType":"sap.m.SearchField","properties":{"placeholder":"Search"},"searchOpenDialogs":true,"interaction":{"idSuffix":"I"}},"wdio_ui5_key":"sapm.SearchField{\"placeholder\":\"Search\"}"}]}
RESULT: undefined
COMMAND: POST /session/dc8d8325bcea8c317259a85a94b902d6/execute/async - {"script":"<script> [776 bytes]","args":[{"enterText":"10001013","selector":{"controlType":"sap.m.SearchField","properties":{"placeholder":"Search"},"searchOpenDialogs":true,"interaction":{"idSuffix":"I"}},"clearTextFirst":true,"interactionType":"ENTER_TEXT"}]}
RESULT: {"script":"<script> [776 bytes]","args":[{"enterText":"10001013","selector":{"controlType":"sap.m.SearchField","properties":{"placeholder":"Search"},"searchOpenDialogs":true,"interaction":{"idSuffix":"I"}},"clearTextFirst":true,"interactionType":"ENTER_TEXT"}]}
COMMAND: POST /session/dc8d8325bcea8c317259a85a94b902d6/actions - {"actions":[{"id":"action2","type":"key","parameters":{},"actions":[{"type":"keyDown","value":"î€‡"},{"type":"pause","duration":10},{"type":"keyUp","value":"î€‡"}]}]}
RESULT: {"actions":[{"id":"action2","type":"key","parameters":{},"actions":[{"type":"keyDown","value":"î€‡"},{"type":"pause","duration":10},{"type":"keyUp","value":"î€‡"}]}]}
COMMAND: GET /session/dc8d8325bcea8c317259a85a94b902d6/screenshot - {}
RESULT: {}
COMMAND: POST /session/dc8d8325bcea8c317259a85a94b902d6/element - {"using":"xpath","value":"//span[contains(text(), \"General Management\")]"}
RESULT: {"using":"xpath","value":"//span[contains(text(), \"General Management\")]"}
COMMAND: POST /session/dc8d8325bcea8c317259a85a94b902d6/element/f.B7E597006D0C94FF3F287974AC4A4A54.d.F93AE6053CF20BF134EF1882C5517A73.e.653/click - {}
RESULT: {}
COMMAND: GET /session/dc8d8325bcea8c317259a85a94b902d6/screenshot - {}
RESULT: {}
COMMAND: POST /session/dc8d8325bcea8c317259a85a94b902d6/element - {"using":"xpath","value":"//bdi[contains(text(), \"OK\")]"}
RESULT: {"using":"xpath","value":"//bdi[contains(text(), \"OK\")]"}
COMMAND: POST /session/dc8d8325bcea8c317259a85a94b902d6/element/f.B7E597006D0C94FF3F287974AC4A4A54.d.F93AE6053CF20BF134EF1882C5517A73.e.654/click - {}
RESULT: {}
COMMAND: GET /session/dc8d8325bcea8c317259a85a94b902d6/screenshot - {}
RESULT: {}
COMMAND: POST /session/dc8d8325bcea8c317259a85a94b902d6/execute/async - {"script":"<script> [1562 bytes]","args":[{"selector":{"controlType":"sap.m.Button","viewName":"etm.portal.ui.manageyards.view.New","viewId":"application-manageyards-display-component---NewYard","i18NText":{"propertyName":"text","key":"save"},"interaction":{"idSuffix":"inner"}},"wdio_ui5_key":"etmportal.ui.manageyards.view.Newsap.m.Button{\"propertyName\":\"text\",\"key\":\"save\"}"}]}
RESULT: {"script":"<script> [1562 bytes]","args":[{"selector":{"controlType":"sap.m.Button","viewName":"etm.portal.ui.manageyards.view.New","viewId":"application-manageyards-display-component---NewYard","i18NText":{"propertyName":"text","key":"save"},"interaction":{"idSuffix":"inner"}},"wdio_ui5_key":"etmportal.ui.manageyards.view.Newsap.m.Button{\"propertyName\":\"text\",\"key\":\"save\"}"}]}
RESULT: undefined
COMMAND: POST /session/dc8d8325bcea8c317259a85a94b902d6/element - {"using":"xpath","value":"//*[@id=\"__button18\"]"}
RESULT: {"using":"xpath","value":"//*[@id=\"__button18\"]"}
COMMAND: POST /session/dc8d8325bcea8c317259a85a94b902d6/element/f.B7E597006D0C94FF3F287974AC4A4A54.d.F93AE6053CF20BF134EF1882C5517A73.e.547/click - {}
RESULT: {}
COMMAND: GET /session/dc8d8325bcea8c317259a85a94b902d6/screenshot - {}
RESULT: {}
COMMAND: POST /session/dc8d8325bcea8c317259a85a94b902d6/element - {"using":"xpath","value":"//header/div/div[2]/div[2]/span"}
RESULT: {"using":"xpath","value":"//header/div/div[2]/div[2]/span"}
COMMAND: GET /session/dc8d8325bcea8c317259a85a94b902d6/element/f.B7E597006D0C94FF3F287974AC4A4A54.d.F93AE6053CF20BF134EF1882C5517A73.e.853/text - {}
RESULT: {}
COMMAND: POST /session/dc8d8325bcea8c317259a85a94b902d6/execute/async - {"script":"<script> [1562 bytes]","args":[{"selector":{"controlType":"sap.m.OverflowToolbarButton","viewName":"etm.portal.ui.manageyards.view.Detail","viewId":"application-manageyards-display-component---detailYard","i18NText":{"propertyName":"tooltip","key":"closeColumn"},"interaction":{"idSuffix":"inner"}},"wdio_ui5_key":"etmportal.ui.manageyards.view.Detailsap.m.OverflowToolbarButton{\"propertyName\":\"tooltip\",\"key\":\"closeColumn\"}"}]}
RESULT: {"script":"<script> [1562 bytes]","args":[{"selector":{"controlType":"sap.m.OverflowToolbarButton","viewName":"etm.portal.ui.manageyards.view.Detail","viewId":"application-manageyards-display-component---detailYard","i18NText":{"propertyName":"tooltip","key":"closeColumn"},"interaction":{"idSuffix":"inner"}},"wdio_ui5_key":"etmportal.ui.manageyards.view.Detailsap.m.OverflowToolbarButton{\"propertyName\":\"tooltip\",\"key\":\"closeColumn\"}"}]}
RESULT: undefined
COMMAND: POST /session/dc8d8325bcea8c317259a85a94b902d6/element - {"using":"xpath","value":"//*[@id=\"__button40\"]"}
RESULT: {"using":"xpath","value":"//*[@id=\"__button40\"]"}
COMMAND: POST /session/dc8d8325bcea8c317259a85a94b902d6/element/f.B7E597006D0C94FF3F287974AC4A4A54.d.F93AE6053CF20BF134EF1882C5517A73.e.855/click - {}
RESULT: {}
COMMAND: GET /session/dc8d8325bcea8c317259a85a94b902d6/screenshot - {}
RESULT: {}
COMMAND: POST /session/dc8d8325bcea8c317259a85a94b902d6/element - {"using":"css selector","value":"#shell-header-logo"}
RESULT: {"using":"css selector","value":"#shell-header-logo"}
COMMAND: POST /session/dc8d8325bcea8c317259a85a94b902d6/element/f.B7E597006D0C94FF3F287974AC4A4A54.d.F93AE6053CF20BF134EF1882C5517A73.e.132/click - {}
RESULT: {}
COMMAND: GET /session/dc8d8325bcea8c317259a85a94b902d6/screenshot - {}
RESULT: {}
COMMAND: POST /session/dc8d8325bcea8c317259a85a94b902d6/refresh - {}
RESULT: {}
COMMAND: GET /session/dc8d8325bcea8c317259a85a94b902d6/screenshot - {}
RESULT: {}
COMMAND: POST /session/dc8d8325bcea8c317259a85a94b902d6/execute/async - {"script":"<script> [189 bytes]","args":[]}
RESULT: {"script":"<script> [189 bytes]","args":[]}
COMMAND: POST /session/dc8d8325bcea8c317259a85a94b902d6/execute/async - {"script":"<script> [123 bytes]","args":[]}
RESULT: {"script":"<script> [123 bytes]","args":[]}
COMMAND: POST /session/dc8d8325bcea8c317259a85a94b902d6/timeouts - {"script":"<number>"}
RESULT: {"script":"<number>"}
COMMAND: GET /session/dc8d8325bcea8c317259a85a94b902d6/timeouts - {}
RESULT: {}
RESULT: undefined
COMMAND: POST /session/dc8d8325bcea8c317259a85a94b902d6/execute/async - {"script":"<script> [2676 bytes]","args":[]}
RESULT: {"script":"<script> [2676 bytes]","args":[]}
COMMAND: POST /session/dc8d8325bcea8c317259a85a94b902d6/execute/async - {"script":"<script> [2342 bytes]","args":[{"protocol":"http","hostname":"0.0.0.0","path":"/","capabilities":{"browserName":"chrome","goog:chromeOptions":{"binary":"C:\\Program Files\\Google\\Chrome\\Application\\chrome.exe","args":["--start-maximized"]}},"logLevel":"warn","connectionRetryTimeout":120000,"connectionRetryCount":3,"logLevels":{},"enableDirectConnect":true,"strictSSL":true,"_":"65 more keys: [\"cacheDir\",\"port\",\"requestedCapabilities\",\"automationProtocol\",\"baseUrl\",\"waitforInterval\",\"waitforTimeout\",\"onReload\",\"beforeCommand\",\"afterCommand\",\"rootDir\",\"specs\",\"suites\",\"exclude\",\"groupLogsByTestSpec\",\"excludeDriverLogs\",\"bail\",\"framework\",\"reporters\",\"services\",\"maxInstances\",\"maxInstancesPerCapability\",\"injectGlobals\",\"filesToWatch\",\"execArgv\",\"runnerEnv\",\"runner\",\"shard\",\"specFileRetries\",\"specFileRetriesDelay\",\"specFileRetriesDeferred\",\"reporterSyncInterval\",\"reporterSyncTimeout\",\"cucumberFeaturesWithLineNumbers\",\"autoCompileOpts\",\"mochaOpts\",\"jasmineOpts\",\"cucumberOpts\",\"onPrepare\",\"onWorkerStart\",\"onWorkerEnd\",\"before\",\"beforeSession\",\"beforeSuite\",\"beforeHook\",\"beforeTest\",\"afterTest\",\"afterHook\",\"afterSuite\",\"afterSession\",\"after\",\"onComplete\",\"beforeAssertion\",\"afterAssertion\",\"beforeFeature\",\"beforeScenario\",\"beforeStep\",\"afterStep\",\"afterScenario\",\"afterFeature\",\"_\",\"suite\",\"$0\",\"ignoredWorkerServices\",\"wdi5\"]"}]}
RESULT: {"script":"<script> [2342 bytes]","args":[{"protocol":"http","hostname":"0.0.0.0","path":"/","capabilities":{"browserName":"chrome","goog:chromeOptions":{"binary":"C:\\Program Files\\Google\\Chrome\\Application\\chrome.exe","args":["--start-maximized"]}},"logLevel":"warn","connectionRetryTimeout":120000,"connectionRetryCount":3,"logLevels":{},"enableDirectConnect":true,"strictSSL":true,"_":"65 more keys: [\"cacheDir\",\"port\",\"requestedCapabilities\",\"automationProtocol\",\"baseUrl\",\"waitforInterval\",\"waitforTimeout\",\"onReload\",\"beforeCommand\",\"afterCommand\",\"rootDir\",\"specs\",\"suites\",\"exclude\",\"groupLogsByTestSpec\",\"excludeDriverLogs\",\"bail\",\"framework\",\"reporters\",\"services\",\"maxInstances\",\"maxInstancesPerCapability\",\"injectGlobals\",\"filesToWatch\",\"execArgv\",\"runnerEnv\",\"runner\",\"shard\",\"specFileRetries\",\"specFileRetriesDelay\",\"specFileRetriesDeferred\",\"reporterSyncInterval\",\"reporterSyncTimeout\",\"cucumberFeaturesWithLineNumbers\",\"autoCompileOpts\",\"mochaOpts\",\"jasmineOpts\",\"cucumberOpts\",\"onPrepare\",\"onWorkerStart\",\"onWorkerEnd\",\"before\",\"beforeSession\",\"beforeSuite\",\"beforeHook\",\"beforeTest\",\"afterTest\",\"afterHook\",\"afterSuite\",\"afterSession\",\"after\",\"onComplete\",\"beforeAssertion\",\"afterAssertion\",\"beforeFeature\",\"beforeScenario\",\"beforeStep\",\"afterStep\",\"afterScenario\",\"afterFeature\",\"_\",\"suite\",\"$0\",\"ignoredWorkerServices\",\"wdi5\"]"}]}
COMMAND: POST /session/dc8d8325bcea8c317259a85a94b902d6/execute/async - {"script":"<script> [21126 bytes]","args":[35000]}
RESULT: {"script":"<script> [21126 bytes]","args":[35000]}
]]></system-out>
    </testcase>
    <testcase classname="chrome.136_0_7103_93.windows.Related_resources_for_groups_US139107" name="Should create a resource of type group" time="87.336">
      <system-out><![CDATA[
COMMAND: POST /session/dc8d8325bcea8c317259a85a94b902d6/execute/async - {"script":"<script> [1562 bytes]","args":[{"selector":{"controlType":"sap.m.GenericTile","properties":{"header":"Manage Resources"}},"wdio_ui5_key":"sapm.GenericTile{\"header\":\"Manage Resources\"}"}]}
RESULT: {"script":"<script> [1562 bytes]","args":[{"selector":{"controlType":"sap.m.GenericTile","properties":{"header":"Manage Resources"}},"wdio_ui5_key":"sapm.GenericTile{\"header\":\"Manage Resources\"}"}]}
RESULT: undefined
COMMAND: POST /session/dc8d8325bcea8c317259a85a94b902d6/element - {"using":"xpath","value":"//*[@id=\"__tile39\"]"}
RESULT: {"using":"xpath","value":"//*[@id=\"__tile39\"]"}
COMMAND: POST /session/dc8d8325bcea8c317259a85a94b902d6/element/f.B7E597006D0C94FF3F287974AC4A4A54.d.C49E46E155CB2544C9BA94F40D3F2FAE.e.1203/click - {}
RESULT: {}
COMMAND: GET /session/dc8d8325bcea8c317259a85a94b902d6/screenshot - {}
RESULT: {}
COMMAND: POST /session/dc8d8325bcea8c317259a85a94b902d6/elements - {"using":"xpath","value":"//span[text()='Error']"}
RESULT: {"using":"xpath","value":"//span[text()='Error']"}
COMMAND: POST /session/dc8d8325bcea8c317259a85a94b902d6/element - {"using":"xpath","value":"//button[@data-kt=\"addNewRUOverflowToolbarButton\"]"}
RESULT: {"using":"xpath","value":"//button[@data-kt=\"addNewRUOverflowToolbarButton\"]"}
COMMAND: POST /session/dc8d8325bcea8c317259a85a94b902d6/execute/sync - {"script":"<script> [8489 bytes]","args":[{"element-6066-11e4-a52e-4f735466cecf":"f.B7E597006D0C94FF3F287974AC4A4A54.d.C49E46E155CB2544C9BA94F40D3F2FAE.e.1247","ELEMENT":"f.B7E597006D0C94FF3F287974AC4A4A54.d.C49E46E155CB2544C9BA94F40D3F2FAE.e.1247"}]}
RESULT: {"script":"<script> [8489 bytes]","args":[{"element-6066-11e4-a52e-4f735466cecf":"f.B7E597006D0C94FF3F287974AC4A4A54.d.C49E46E155CB2544C9BA94F40D3F2FAE.e.1247","ELEMENT":"f.B7E597006D0C94FF3F287974AC4A4A54.d.C49E46E155CB2544C9BA94F40D3F2FAE.e.1247"}]}
COMMAND: POST /session/dc8d8325bcea8c317259a85a94b902d6/element/f.B7E597006D0C94FF3F287974AC4A4A54.d.C49E46E155CB2544C9BA94F40D3F2FAE.e.1247/click - {}
COMMAND: GET /session/dc8d8325bcea8c317259a85a94b902d6/screenshot - {}
RESULT: {}
COMMAND: GET /session/dc8d8325bcea8c317259a85a94b902d6/screenshot - {}
COMMAND: POST /session/dc8d8325bcea8c317259a85a94b902d6/execute/async - {"script":"<script> [1562 bytes]","args":[{"selector":{"id":"application-manageresources-display-component---newResourceUnit--TYPE-arrow"},"wdio_ui5_key":"applicationmanageresources-display-component---newResourceUnit--TYPE-arrow"}]}
RESULT: {}
RESULT: {}
RESULT: {"script":"<script> [1562 bytes]","args":[{"selector":{"id":"application-manageresources-display-component---newResourceUnit--TYPE-arrow"},"wdio_ui5_key":"applicationmanageresources-display-component---newResourceUnit--TYPE-arrow"}]}
RESULT: undefined
COMMAND: POST /session/dc8d8325bcea8c317259a85a94b902d6/element - {"using":"xpath","value":"//*[@id=\"application-manageresources-display-component---newResourceUnit--TYPE-arrow\"]"}
RESULT: {"using":"xpath","value":"//*[@id=\"application-manageresources-display-component---newResourceUnit--TYPE-arrow\"]"}
COMMAND: POST /session/dc8d8325bcea8c317259a85a94b902d6/element/f.B7E597006D0C94FF3F287974AC4A4A54.d.C49E46E155CB2544C9BA94F40D3F2FAE.e.1563/click - {}
RESULT: {}
COMMAND: POST /session/dc8d8325bcea8c317259a85a94b902d6/execute/async - {"script":"<script> [1562 bytes]","args":[{"selector":{"controlType":"sap.m.StandardListItem","viewName":"reusables.view.manageresources.NewResourceUnit","viewId":"application-manageresources-display-component---newResourceUnit","properties":{"title":"Group"},"searchOpenDialogs":true,"interaction":{"idSuffix":"content"}},"wdio_ui5_key":"reusablesview.manageresources.NewResourceUnitsap.m.StandardListItem{\"title\":\"Group\"}"}]}
COMMAND: GET /session/dc8d8325bcea8c317259a85a94b902d6/screenshot - {}
RESULT: {"script":"<script> [1562 bytes]","args":[{"selector":{"controlType":"sap.m.StandardListItem","viewName":"reusables.view.manageresources.NewResourceUnit","viewId":"application-manageresources-display-component---newResourceUnit","properties":{"title":"Group"},"searchOpenDialogs":true,"interaction":{"idSuffix":"content"}},"wdio_ui5_key":"reusablesview.manageresources.NewResourceUnitsap.m.StandardListItem{\"title\":\"Group\"}"}]}
RESULT: undefined
COMMAND: POST /session/dc8d8325bcea8c317259a85a94b902d6/element - {"using":"xpath","value":"//*[@id=\"__item149\"]"}
RESULT: {}
RESULT: {"using":"xpath","value":"//*[@id=\"__item149\"]"}
COMMAND: POST /session/dc8d8325bcea8c317259a85a94b902d6/element/f.B7E597006D0C94FF3F287974AC4A4A54.d.C49E46E155CB2544C9BA94F40D3F2FAE.e.1566/click - {}
RESULT: {}
COMMAND: GET /session/dc8d8325bcea8c317259a85a94b902d6/screenshot - {}
RESULT: {}
COMMAND: POST /session/dc8d8325bcea8c317259a85a94b902d6/execute/async - {"script":"<script> [1562 bytes]","args":[{"selector":{"id":"application-manageresources-display-component---newResourceUnit--SHORT_TEXT","interaction":{"idSuffix":"inner"}},"wdio_ui5_key":"applicationmanageresources-display-component---newResourceUnit--SHORT_TEXT"}]}
RESULT: {"script":"<script> [1562 bytes]","args":[{"selector":{"id":"application-manageresources-display-component---newResourceUnit--SHORT_TEXT","interaction":{"idSuffix":"inner"}},"wdio_ui5_key":"applicationmanageresources-display-component---newResourceUnit--SHORT_TEXT"}]}
RESULT: undefined
COMMAND: POST /session/dc8d8325bcea8c317259a85a94b902d6/execute/async - {"script":"<script> [776 bytes]","args":[{"enterText":"WdIORUGroup9zac7","selector":{"id":"application-manageresources-display-component---newResourceUnit--SHORT_TEXT","interaction":{"idSuffix":"inner"}},"clearTextFirst":true,"interactionType":"ENTER_TEXT"}]}
RESULT: {"script":"<script> [776 bytes]","args":[{"enterText":"WdIORUGroup9zac7","selector":{"id":"application-manageresources-display-component---newResourceUnit--SHORT_TEXT","interaction":{"idSuffix":"inner"}},"clearTextFirst":true,"interactionType":"ENTER_TEXT"}]}
COMMAND: POST /session/dc8d8325bcea8c317259a85a94b902d6/execute/async - {"script":"<script> [1562 bytes]","args":[{"selector":{"id":"application-manageresources-display-component---newResourceUnit--BASE_UNIT_OF_MEASURE","interaction":{"idSuffix":"inner"}},"wdio_ui5_key":"applicationmanageresources-display-component---newResourceUnit--BASE_UNIT_OF_MEASURE"}]}
RESULT: {"script":"<script> [1562 bytes]","args":[{"selector":{"id":"application-manageresources-display-component---newResourceUnit--BASE_UNIT_OF_MEASURE","interaction":{"idSuffix":"inner"}},"wdio_ui5_key":"applicationmanageresources-display-component---newResourceUnit--BASE_UNIT_OF_MEASURE"}]}
RESULT: undefined
COMMAND: POST /session/dc8d8325bcea8c317259a85a94b902d6/execute/async - {"script":"<script> [776 bytes]","args":[{"enterText":"Piece","selector":{"id":"application-manageresources-display-component---newResourceUnit--BASE_UNIT_OF_MEASURE","interaction":{"idSuffix":"inner"}},"clearTextFirst":true,"interactionType":"ENTER_TEXT"}]}
RESULT: {"script":"<script> [776 bytes]","args":[{"enterText":"Piece","selector":{"id":"application-manageresources-display-component---newResourceUnit--BASE_UNIT_OF_MEASURE","interaction":{"idSuffix":"inner"}},"clearTextFirst":true,"interactionType":"ENTER_TEXT"}]}
COMMAND: POST /session/dc8d8325bcea8c317259a85a94b902d6/execute/async - {"script":"<script> [1562 bytes]","args":[{"selector":{"id":"application-manageresources-display-component---newResourceUnit--newRRUPage-OPHeaderContent-collapseBtn-img"},"wdio_ui5_key":"applicationmanageresources-display-component---newResourceUnit--newRRUPage-OPHeaderContent-collapseBtn-img"}]}
RESULT: {"script":"<script> [1562 bytes]","args":[{"selector":{"id":"application-manageresources-display-component---newResourceUnit--newRRUPage-OPHeaderContent-collapseBtn-img"},"wdio_ui5_key":"applicationmanageresources-display-component---newResourceUnit--newRRUPage-OPHeaderContent-collapseBtn-img"}]}
RESULT: undefined
COMMAND: POST /session/dc8d8325bcea8c317259a85a94b902d6/element - {"using":"xpath","value":"//*[@id=\"application-manageresources-display-component---newResourceUnit--newRRUPage-OPHeaderContent-collapseBtn-img\"]"}
RESULT: {"using":"xpath","value":"//*[@id=\"application-manageresources-display-component---newResourceUnit--newRRUPage-OPHeaderContent-collapseBtn-img\"]"}
COMMAND: POST /session/dc8d8325bcea8c317259a85a94b902d6/element/f.B7E597006D0C94FF3F287974AC4A4A54.d.C49E46E155CB2544C9BA94F40D3F2FAE.e.1575/click - {}
RESULT: {}
COMMAND: GET /session/dc8d8325bcea8c317259a85a94b902d6/screenshot - {}
RESULT: {}
COMMAND: POST /session/dc8d8325bcea8c317259a85a94b902d6/execute/async - {"script":"<script> [1562 bytes]","args":[{"selector":{"id":"application-manageresources-display-component---newResourceUnit--newRRUPage-anchBar-application-manageresources-display-component---newResourceUnit--control-anchor","interaction":{"idSuffix":"BDI-content"}},"wdio_ui5_key":"applicationmanageresources-display-component---newResourceUnit--newRRUPage-anchBar-application-manageresources-display-component---newResourceUnit--control-anchor"}]}
RESULT: {"script":"<script> [1562 bytes]","args":[{"selector":{"id":"application-manageresources-display-component---newResourceUnit--newRRUPage-anchBar-application-manageresources-display-component---newResourceUnit--control-anchor","interaction":{"idSuffix":"BDI-content"}},"wdio_ui5_key":"applicationmanageresources-display-component---newResourceUnit--newRRUPage-anchBar-application-manageresources-display-component---newResourceUnit--control-anchor"}]}
RESULT: undefined
COMMAND: POST /session/dc8d8325bcea8c317259a85a94b902d6/element - {"using":"xpath","value":"//*[@id=\"application-manageresources-display-component---newResourceUnit--newRRUPage-anchBar-application-manageresources-display-component---newResourceUnit--control-anchor\"]"}
RESULT: {"using":"xpath","value":"//*[@id=\"application-manageresources-display-component---newResourceUnit--newRRUPage-anchBar-application-manageresources-display-component---newResourceUnit--control-anchor\"]"}
COMMAND: POST /session/dc8d8325bcea8c317259a85a94b902d6/element/f.B7E597006D0C94FF3F287974AC4A4A54.d.C49E46E155CB2544C9BA94F40D3F2FAE.e.1619/click - {}
RESULT: {}
COMMAND: POST /session/dc8d8325bcea8c317259a85a94b902d6/execute/async - {"script":"<script> [1562 bytes]","args":[{"selector":{"id":"application-manageresources-display-component---newResourceUnit--PLANNING_GROUP","interaction":{"idSuffix":"inner"}},"wdio_ui5_key":"applicationmanageresources-display-component---newResourceUnit--PLANNING_GROUP"}]}
COMMAND: GET /session/dc8d8325bcea8c317259a85a94b902d6/screenshot - {}
RESULT: {"script":"<script> [1562 bytes]","args":[{"selector":{"id":"application-manageresources-display-component---newResourceUnit--PLANNING_GROUP","interaction":{"idSuffix":"inner"}},"wdio_ui5_key":"applicationmanageresources-display-component---newResourceUnit--PLANNING_GROUP"}]}
RESULT: undefined
COMMAND: POST /session/dc8d8325bcea8c317259a85a94b902d6/execute/async - {"script":"<script> [776 bytes]","args":[{"enterText":"Heavy Equi","selector":{"id":"application-manageresources-display-component---newResourceUnit--PLANNING_GROUP","interaction":{"idSuffix":"inner"}},"clearTextFirst":true,"interactionType":"ENTER_TEXT"}]}
RESULT: {}
RESULT: {"script":"<script> [776 bytes]","args":[{"enterText":"Heavy Equi","selector":{"id":"application-manageresources-display-component---newResourceUnit--PLANNING_GROUP","interaction":{"idSuffix":"inner"}},"clearTextFirst":true,"interactionType":"ENTER_TEXT"}]}
COMMAND: POST /session/dc8d8325bcea8c317259a85a94b902d6/element - {"using":"xpath","value":"//bdi[contains(text(), \"Time Segment\")]"}
RESULT: {"using":"xpath","value":"//bdi[contains(text(), \"Time Segment\")]"}
COMMAND: GET /session/dc8d8325bcea8c317259a85a94b902d6/element/f.B7E597006D0C94FF3F287974AC4A4A54.d.C49E46E155CB2544C9BA94F40D3F2FAE.e.1626/rect - {}
RESULT: {}
COMMAND: GET /session/dc8d8325bcea8c317259a85a94b902d6/window/rect - {}
RESULT: {}
COMMAND: POST /session/dc8d8325bcea8c317259a85a94b902d6/execute/sync - {"script":"<script> [92 bytes]","args":[]}
RESULT: {"script":"<script> [92 bytes]","args":[]}
COMMAND: POST /session/dc8d8325bcea8c317259a85a94b902d6/actions - {"actions":[{"id":"action3","type":"wheel","parameters":{},"actions":[{"type":"scroll","x":-1820,"y":-21,"deltaX":0,"deltaY":0,"duration":0,"origin":{"element-6066-11e4-a52e-4f735466cecf":"f.B7E597006D0C94FF3F287974AC4A4A54.d.C49E46E155CB2544C9BA94F40D3F2FAE.e.1626"}}]}]}
COMMAND: GET /session/dc8d8325bcea8c317259a85a94b902d6/screenshot - {}
RESULT: {}
COMMAND: POST /session/dc8d8325bcea8c317259a85a94b902d6/execute/sync - {"script":"<script> [79 bytes]","args":[{"element-6066-11e4-a52e-4f735466cecf":"f.B7E597006D0C94FF3F287974AC4A4A54.d.C49E46E155CB2544C9BA94F40D3F2FAE.e.1626","ELEMENT":"f.B7E597006D0C94FF3F287974AC4A4A54.d.C49E46E155CB2544C9BA94F40D3F2FAE.e.1626"},{"block":"start","inline":"nearest"}]}
RESULT: {"script":"<script> [79 bytes]","args":[{"element-6066-11e4-a52e-4f735466cecf":"f.B7E597006D0C94FF3F287974AC4A4A54.d.C49E46E155CB2544C9BA94F40D3F2FAE.e.1626","ELEMENT":"f.B7E597006D0C94FF3F287974AC4A4A54.d.C49E46E155CB2544C9BA94F40D3F2FAE.e.1626"},{"block":"start","inline":"nearest"}]}
COMMAND: GET /session/dc8d8325bcea8c317259a85a94b902d6/screenshot - {}
RESULT: {}
COMMAND: POST /session/dc8d8325bcea8c317259a85a94b902d6/execute/async - {"script":"<script> [1562 bytes]","args":[{"selector":{"id":"application-manageresources-display-component---newResourceUnit--btnAddTimeSegment-img"},"wdio_ui5_key":"applicationmanageresources-display-component---newResourceUnit--btnAddTimeSegment-img"}]}
RESULT: {"script":"<script> [1562 bytes]","args":[{"selector":{"id":"application-manageresources-display-component---newResourceUnit--btnAddTimeSegment-img"},"wdio_ui5_key":"applicationmanageresources-display-component---newResourceUnit--btnAddTimeSegment-img"}]}
RESULT: undefined
COMMAND: POST /session/dc8d8325bcea8c317259a85a94b902d6/element - {"using":"xpath","value":"//*[@id=\"application-manageresources-display-component---newResourceUnit--btnAddTimeSegment-img\"]"}
RESULT: {"using":"xpath","value":"//*[@id=\"application-manageresources-display-component---newResourceUnit--btnAddTimeSegment-img\"]"}
COMMAND: POST /session/dc8d8325bcea8c317259a85a94b902d6/element/f.B7E597006D0C94FF3F287974AC4A4A54.d.C49E46E155CB2544C9BA94F40D3F2FAE.e.1629/click - {}
RESULT: {}
COMMAND: GET /session/dc8d8325bcea8c317259a85a94b902d6/screenshot - {}
COMMAND: POST /session/dc8d8325bcea8c317259a85a94b902d6/element - {"using":"xpath","value":"//input[@id=\"application-manageresources-display-component---newResourceUnit--idRuTSAdmin-application-manageresources-display-component---newResourceUnit--RUTimeSegment-0-inner\"]"}
RESULT: {}
RESULT: {"using":"xpath","value":"//input[@id=\"application-manageresources-display-component---newResourceUnit--idRuTSAdmin-application-manageresources-display-component---newResourceUnit--RUTimeSegment-0-inner\"]"}
COMMAND: POST /session/dc8d8325bcea8c317259a85a94b902d6/element/f.B7E597006D0C94FF3F287974AC4A4A54.d.C49E46E155CB2544C9BA94F40D3F2FAE.e.1632/clear - {}
RESULT: {}
COMMAND: POST /session/dc8d8325bcea8c317259a85a94b902d6/element/f.B7E597006D0C94FF3F287974AC4A4A54.d.C49E46E155CB2544C9BA94F40D3F2FAE.e.1632/value - {"text":"WebdriverYards1zyu"}
COMMAND: GET /session/dc8d8325bcea8c317259a85a94b902d6/screenshot - {}
RESULT: {"text":"WebdriverYards1zyu"}
COMMAND: GET /session/dc8d8325bcea8c317259a85a94b902d6/screenshot - {}
RESULT: {}
RESULT: {}
COMMAND: POST /session/dc8d8325bcea8c317259a85a94b902d6/actions - {"actions":[{"id":"action4","type":"key","parameters":{},"actions":[{"type":"keyDown","value":"î€‡"},{"type":"pause","duration":10},{"type":"keyUp","value":"î€‡"}]}]}
RESULT: {"actions":[{"id":"action4","type":"key","parameters":{},"actions":[{"type":"keyDown","value":"î€‡"},{"type":"pause","duration":10},{"type":"keyUp","value":"î€‡"}]}]}
COMMAND: GET /session/dc8d8325bcea8c317259a85a94b902d6/screenshot - {}
RESULT: {}
COMMAND: POST /session/dc8d8325bcea8c317259a85a94b902d6/execute/async - {"script":"<script> [1562 bytes]","args":[{"selector":{"controlType":"sap.m.Button","viewName":"reusables.view.manageresources.NewResourceUnit","viewId":"application-manageresources-display-component---newResourceUnit","i18NText":{"propertyName":"tooltip","key":"save"},"interaction":{"idSuffix":"BDI-content"}},"wdio_ui5_key":"reusablesview.manageresources.NewResourceUnitsap.m.Button{\"propertyName\":\"tooltip\",\"key\":\"save\"}"}]}
RESULT: {"script":"<script> [1562 bytes]","args":[{"selector":{"controlType":"sap.m.Button","viewName":"reusables.view.manageresources.NewResourceUnit","viewId":"application-manageresources-display-component---newResourceUnit","i18NText":{"propertyName":"tooltip","key":"save"},"interaction":{"idSuffix":"BDI-content"}},"wdio_ui5_key":"reusablesview.manageresources.NewResourceUnitsap.m.Button{\"propertyName\":\"tooltip\",\"key\":\"save\"}"}]}
RESULT: undefined
COMMAND: POST /session/dc8d8325bcea8c317259a85a94b902d6/element - {"using":"xpath","value":"//*[@id=\"application-manageresources-display-component---newResourceUnit--createRuButton\"]"}
RESULT: {"using":"xpath","value":"//*[@id=\"application-manageresources-display-component---newResourceUnit--createRuButton\"]"}
COMMAND: POST /session/dc8d8325bcea8c317259a85a94b902d6/element/f.B7E597006D0C94FF3F287974AC4A4A54.d.C49E46E155CB2544C9BA94F40D3F2FAE.e.1581/click - {}
RESULT: {}
COMMAND: GET /session/dc8d8325bcea8c317259a85a94b902d6/screenshot - {}
RESULT: {}
COMMAND: POST /session/dc8d8325bcea8c317259a85a94b902d6/execute/async - {"script":"<script> [1562 bytes]","args":[{"selector":{"controlType":"sap.m.Button","properties":{"text":"Close"},"searchOpenDialogs":true,"interaction":{"idSuffix":"inner"}},"wdio_ui5_key":"sapm.Button{\"text\":\"Close\"}"}]}
RESULT: {"script":"<script> [1562 bytes]","args":[{"selector":{"controlType":"sap.m.Button","properties":{"text":"Close"},"searchOpenDialogs":true,"interaction":{"idSuffix":"inner"}},"wdio_ui5_key":"sapm.Button{\"text\":\"Close\"}"}]}
RESULT: undefined
COMMAND: POST /session/dc8d8325bcea8c317259a85a94b902d6/element - {"using":"xpath","value":"//*[@id=\"__mbox-btn-0\"]"}
RESULT: {"using":"xpath","value":"//*[@id=\"__mbox-btn-0\"]"}
COMMAND: POST /session/dc8d8325bcea8c317259a85a94b902d6/element/f.B7E597006D0C94FF3F287974AC4A4A54.d.C49E46E155CB2544C9BA94F40D3F2FAE.e.1639/click - {}
RESULT: {}
COMMAND: GET /session/dc8d8325bcea8c317259a85a94b902d6/screenshot - {}
RESULT: {}
]]></system-out>
    </testcase>
    <testcase classname="chrome.136_0_7103_93.windows.Related_resources_for_groups_US139107" name="Should create first equipment and add it to the group" time="124.002">
      <system-out><![CDATA[
RESULT: undefined
COMMAND: POST /session/dc8d8325bcea8c317259a85a94b902d6/element - {"using":"xpath","value":"//*[@id=\"__tile39\"]"}
RESULT: {"using":"xpath","value":"//*[@id=\"__tile39\"]"}
COMMAND: POST /session/dc8d8325bcea8c317259a85a94b902d6/element/f.B7E597006D0C94FF3F287974AC4A4A54.d.C49E46E155CB2544C9BA94F40D3F2FAE.e.1203/click - {}
COMMAND: POST /session/dc8d8325bcea8c317259a85a94b902d6/elements - {"using":"xpath","value":"//span[text()='Error']"}
RESULT: {"using":"xpath","value":"//span[text()='Error']"}
COMMAND: POST /session/dc8d8325bcea8c317259a85a94b902d6/element - {"using":"xpath","value":"//button[@data-kt=\"addNewRUOverflowToolbarButton\"]"}
RESULT: {"using":"xpath","value":"//button[@data-kt=\"addNewRUOverflowToolbarButton\"]"}
COMMAND: POST /session/dc8d8325bcea8c317259a85a94b902d6/execute/sync - {"script":"<script> [8489 bytes]","args":[{"element-6066-11e4-a52e-4f735466cecf":"f.B7E597006D0C94FF3F287974AC4A4A54.d.C49E46E155CB2544C9BA94F40D3F2FAE.e.1247","ELEMENT":"f.B7E597006D0C94FF3F287974AC4A4A54.d.C49E46E155CB2544C9BA94F40D3F2FAE.e.1247"}]}
RESULT: {"script":"<script> [8489 bytes]","args":[{"element-6066-11e4-a52e-4f735466cecf":"f.B7E597006D0C94FF3F287974AC4A4A54.d.C49E46E155CB2544C9BA94F40D3F2FAE.e.1247","ELEMENT":"f.B7E597006D0C94FF3F287974AC4A4A54.d.C49E46E155CB2544C9BA94F40D3F2FAE.e.1247"}]}
COMMAND: POST /session/dc8d8325bcea8c317259a85a94b902d6/element/f.B7E597006D0C94FF3F287974AC4A4A54.d.C49E46E155CB2544C9BA94F40D3F2FAE.e.1247/click - {}
COMMAND: GET /session/dc8d8325bcea8c317259a85a94b902d6/screenshot - {}
RESULT: {}
COMMAND: GET /session/dc8d8325bcea8c317259a85a94b902d6/screenshot - {}
RESULT: {}
RESULT: undefined
COMMAND: POST /session/dc8d8325bcea8c317259a85a94b902d6/element - {"using":"xpath","value":"//*[@id=\"application-manageresources-display-component---newResourceUnit--TYPE-arrow\"]"}
RESULT: {}
RESULT: {"using":"xpath","value":"//*[@id=\"application-manageresources-display-component---newResourceUnit--TYPE-arrow\"]"}
COMMAND: POST /session/dc8d8325bcea8c317259a85a94b902d6/element/f.B7E597006D0C94FF3F287974AC4A4A54.d.C49E46E155CB2544C9BA94F40D3F2FAE.e.1563/click - {}
RESULT: {}
COMMAND: POST /session/dc8d8325bcea8c317259a85a94b902d6/execute/async - {"script":"<script> [1562 bytes]","args":[{"selector":{"controlType":"sap.m.StandardListItem","viewName":"reusables.view.manageresources.NewResourceUnit","viewId":"application-manageresources-display-component---newResourceUnit","properties":{"title":"Equipment"},"searchOpenDialogs":true,"interaction":{"idSuffix":"content"}},"wdio_ui5_key":"reusablesview.manageresources.NewResourceUnitsap.m.StandardListItem{\"title\":\"Equipment\"}"}]}
COMMAND: GET /session/dc8d8325bcea8c317259a85a94b902d6/screenshot - {}
RESULT: {"script":"<script> [1562 bytes]","args":[{"selector":{"controlType":"sap.m.StandardListItem","viewName":"reusables.view.manageresources.NewResourceUnit","viewId":"application-manageresources-display-component---newResourceUnit","properties":{"title":"Equipment"},"searchOpenDialogs":true,"interaction":{"idSuffix":"content"}},"wdio_ui5_key":"reusablesview.manageresources.NewResourceUnitsap.m.StandardListItem{\"title\":\"Equipment\"}"}]}
RESULT: undefined
COMMAND: POST /session/dc8d8325bcea8c317259a85a94b902d6/element - {"using":"xpath","value":"//*[@id=\"__item140\"]"}
RESULT: {}
RESULT: {"using":"xpath","value":"//*[@id=\"__item140\"]"}
COMMAND: POST /session/dc8d8325bcea8c317259a85a94b902d6/element/f.B7E597006D0C94FF3F287974AC4A4A54.d.C49E46E155CB2544C9BA94F40D3F2FAE.e.1688/click - {}
RESULT: {}
COMMAND: POST /session/dc8d8325bcea8c317259a85a94b902d6/execute/async - {"script":"<script> [1562 bytes]","args":[{"selector":{"id":"application-manageresources-display-component---newResourceUnit--resourceId","interaction":{"idSuffix":"inner"}},"wdio_ui5_key":"applicationmanageresources-display-component---newResourceUnit--resourceId"}]}
COMMAND: GET /session/dc8d8325bcea8c317259a85a94b902d6/screenshot - {}
RESULT: {"script":"<script> [1562 bytes]","args":[{"selector":{"id":"application-manageresources-display-component---newResourceUnit--resourceId","interaction":{"idSuffix":"inner"}},"wdio_ui5_key":"applicationmanageresources-display-component---newResourceUnit--resourceId"}]}
RESULT: undefined
COMMAND: POST /session/dc8d8325bcea8c317259a85a94b902d6/execute/async - {"script":"<script> [776 bytes]","args":[{"enterText":"WdIORUEquip1kd4ovj","selector":{"id":"application-manageresources-display-component---newResourceUnit--resourceId","interaction":{"idSuffix":"inner"}},"clearTextFirst":true,"interactionType":"ENTER_TEXT"}]}
RESULT: {}
RESULT: {"script":"<script> [776 bytes]","args":[{"enterText":"WdIORUEquip1kd4ovj","selector":{"id":"application-manageresources-display-component---newResourceUnit--resourceId","interaction":{"idSuffix":"inner"}},"clearTextFirst":true,"interactionType":"ENTER_TEXT"}]}
RESULT: undefined
COMMAND: POST /session/dc8d8325bcea8c317259a85a94b902d6/execute/async - {"script":"<script> [776 bytes]","args":[{"enterText":"WdIORUEquip1kd4ovj","selector":{"id":"application-manageresources-display-component---newResourceUnit--SHORT_TEXT","interaction":{"idSuffix":"inner"}},"clearTextFirst":true,"interactionType":"ENTER_TEXT"}]}
RESULT: {"script":"<script> [776 bytes]","args":[{"enterText":"WdIORUEquip1kd4ovj","selector":{"id":"application-manageresources-display-component---newResourceUnit--SHORT_TEXT","interaction":{"idSuffix":"inner"}},"clearTextFirst":true,"interactionType":"ENTER_TEXT"}]}
RESULT: undefined
COMMAND: POST /session/dc8d8325bcea8c317259a85a94b902d6/execute/async - {"script":"<script> [776 bytes]","args":[{"enterText":"Piece","selector":{"id":"application-manageresources-display-component---newResourceUnit--BASE_UNIT_OF_MEASURE","interaction":{"idSuffix":"inner"}},"clearTextFirst":true,"interactionType":"ENTER_TEXT"}]}
RESULT: {"script":"<script> [776 bytes]","args":[{"enterText":"Piece","selector":{"id":"application-manageresources-display-component---newResourceUnit--BASE_UNIT_OF_MEASURE","interaction":{"idSuffix":"inner"}},"clearTextFirst":true,"interactionType":"ENTER_TEXT"}]}
COMMAND: POST /session/dc8d8325bcea8c317259a85a94b902d6/element - {"using":"xpath","value":"//input[contains(@id ,\"application-manageresources-display-component---newResourceUnit--HIGHER_LEVEL_RESOURCE-inner\")]"}
RESULT: {"using":"xpath","value":"//input[contains(@id ,\"application-manageresources-display-component---newResourceUnit--HIGHER_LEVEL_RESOURCE-inner\")]"}
COMMAND: POST /session/dc8d8325bcea8c317259a85a94b902d6/element/f.B7E597006D0C94FF3F287974AC4A4A54.d.C49E46E155CB2544C9BA94F40D3F2FAE.e.1694/value - {"text":"WdIORUGroup9zac7"}
RESULT: {"text":"WdIORUGroup9zac7"}
COMMAND: GET /session/dc8d8325bcea8c317259a85a94b902d6/screenshot - {}
RESULT: {}
COMMAND: POST /session/dc8d8325bcea8c317259a85a94b902d6/actions - {"actions":[{"id":"action5","type":"key","parameters":{},"actions":[{"type":"keyDown","value":"î€‡"},{"type":"pause","duration":10},{"type":"keyUp","value":"î€‡"}]}]}
RESULT: {"actions":[{"id":"action5","type":"key","parameters":{},"actions":[{"type":"keyDown","value":"î€‡"},{"type":"pause","duration":10},{"type":"keyUp","value":"î€‡"}]}]}
COMMAND: POST /session/dc8d8325bcea8c317259a85a94b902d6/execute/async - {"script":"<script> [1562 bytes]","args":[{"selector":{"id":"application-manageresources-display-component---newResourceUnit--WEIGHT_UNIT","interaction":{"idSuffix":"inner"}},"wdio_ui5_key":"applicationmanageresources-display-component---newResourceUnit--WEIGHT_UNIT"}]}
COMMAND: GET /session/dc8d8325bcea8c317259a85a94b902d6/screenshot - {}
RESULT: {"script":"<script> [1562 bytes]","args":[{"selector":{"id":"application-manageresources-display-component---newResourceUnit--WEIGHT_UNIT","interaction":{"idSuffix":"inner"}},"wdio_ui5_key":"applicationmanageresources-display-component---newResourceUnit--WEIGHT_UNIT"}]}
RESULT: undefined
COMMAND: POST /session/dc8d8325bcea8c317259a85a94b902d6/execute/async - {"script":"<script> [776 bytes]","args":[{"enterText":"Gram","selector":{"id":"application-manageresources-display-component---newResourceUnit--WEIGHT_UNIT","interaction":{"idSuffix":"inner"}},"clearTextFirst":true,"interactionType":"ENTER_TEXT"}]}
RESULT: {}
RESULT: {"script":"<script> [776 bytes]","args":[{"enterText":"Gram","selector":{"id":"application-manageresources-display-component---newResourceUnit--WEIGHT_UNIT","interaction":{"idSuffix":"inner"}},"clearTextFirst":true,"interactionType":"ENTER_TEXT"}]}
RESULT: undefined
COMMAND: POST /session/dc8d8325bcea8c317259a85a94b902d6/element - {"using":"xpath","value":"//*[@id=\"application-manageresources-display-component---newResourceUnit--newRRUPage-OPHeaderContent-collapseBtn-img\"]"}
RESULT: {"using":"xpath","value":"//*[@id=\"application-manageresources-display-component---newResourceUnit--newRRUPage-OPHeaderContent-collapseBtn-img\"]"}
COMMAND: POST /session/dc8d8325bcea8c317259a85a94b902d6/element/f.B7E597006D0C94FF3F287974AC4A4A54.d.C49E46E155CB2544C9BA94F40D3F2FAE.e.1575/click - {}
RESULT: {}
COMMAND: GET /session/dc8d8325bcea8c317259a85a94b902d6/screenshot - {}
RESULT: {}
COMMAND: POST /session/dc8d8325bcea8c317259a85a94b902d6/element - {"using":"xpath","value":"(//span[contains(@id ,\"application-manageresources-display-component---newResourceUnit--DIMENSION_UNIT-arrow\")])[1]"}
RESULT: {"using":"xpath","value":"(//span[contains(@id ,\"application-manageresources-display-component---newResourceUnit--DIMENSION_UNIT-arrow\")])[1]"}
COMMAND: POST /session/dc8d8325bcea8c317259a85a94b902d6/element/f.B7E597006D0C94FF3F287974AC4A4A54.d.C49E46E155CB2544C9BA94F40D3F2FAE.e.1815/click - {}
RESULT: {}
COMMAND: GET /session/dc8d8325bcea8c317259a85a94b902d6/screenshot - {}
RESULT: {}
COMMAND: POST /session/dc8d8325bcea8c317259a85a94b902d6/execute/async - {"script":"<script> [1562 bytes]","args":[{"selector":{"controlType":"sap.m.StandardListItem","viewName":"reusables.view.manageresources.NewResourceUnit","viewId":"application-manageresources-display-component---newResourceUnit","properties":{"title":"Centimeter"},"searchOpenDialogs":true,"interaction":{"idSuffix":"titleText"}},"wdio_ui5_key":"reusablesview.manageresources.NewResourceUnitsap.m.StandardListItem{\"title\":\"Centimeter\"}"}]}
RESULT: {"script":"<script> [1562 bytes]","args":[{"selector":{"controlType":"sap.m.StandardListItem","viewName":"reusables.view.manageresources.NewResourceUnit","viewId":"application-manageresources-display-component---newResourceUnit","properties":{"title":"Centimeter"},"searchOpenDialogs":true,"interaction":{"idSuffix":"titleText"}},"wdio_ui5_key":"reusablesview.manageresources.NewResourceUnitsap.m.StandardListItem{\"title\":\"Centimeter\"}"}]}
RESULT: undefined
COMMAND: POST /session/dc8d8325bcea8c317259a85a94b902d6/element - {"using":"xpath","value":"//*[@id=\"__item699\"]"}
RESULT: {"using":"xpath","value":"//*[@id=\"__item699\"]"}
COMMAND: POST /session/dc8d8325bcea8c317259a85a94b902d6/element/f.B7E597006D0C94FF3F287974AC4A4A54.d.C49E46E155CB2544C9BA94F40D3F2FAE.e.1819/click - {}
RESULT: {}
COMMAND: GET /session/dc8d8325bcea8c317259a85a94b902d6/screenshot - {}
RESULT: {}
RESULT: undefined
COMMAND: POST /session/dc8d8325bcea8c317259a85a94b902d6/element - {"using":"xpath","value":"//*[@id=\"application-manageresources-display-component---newResourceUnit--newRRUPage-anchBar-application-manageresources-display-component---newResourceUnit--control-anchor\"]"}
RESULT: {"using":"xpath","value":"//*[@id=\"application-manageresources-display-component---newResourceUnit--newRRUPage-anchBar-application-manageresources-display-component---newResourceUnit--control-anchor\"]"}
COMMAND: POST /session/dc8d8325bcea8c317259a85a94b902d6/element/f.B7E597006D0C94FF3F287974AC4A4A54.d.C49E46E155CB2544C9BA94F40D3F2FAE.e.1820/click - {}
RESULT: {}
RESULT: undefined
COMMAND: POST /session/dc8d8325bcea8c317259a85a94b902d6/execute/async - {"script":"<script> [776 bytes]","args":[{"enterText":"Heavy Equi","selector":{"id":"application-manageresources-display-component---newResourceUnit--PLANNING_GROUP","interaction":{"idSuffix":"inner"}},"clearTextFirst":true,"interactionType":"ENTER_TEXT"}]}
COMMAND: GET /session/dc8d8325bcea8c317259a85a94b902d6/screenshot - {}
RESULT: {"script":"<script> [776 bytes]","args":[{"enterText":"Heavy Equi","selector":{"id":"application-manageresources-display-component---newResourceUnit--PLANNING_GROUP","interaction":{"idSuffix":"inner"}},"clearTextFirst":true,"interactionType":"ENTER_TEXT"}]}
RESULT: {}
COMMAND: POST /session/dc8d8325bcea8c317259a85a94b902d6/execute/async - {"script":"<script> [1562 bytes]","args":[{"selector":{"id":"application-manageresources-display-component---newResourceUnit--ITEM_TYPE-arrow"},"wdio_ui5_key":"applicationmanageresources-display-component---newResourceUnit--ITEM_TYPE-arrow"}]}
RESULT: {"script":"<script> [1562 bytes]","args":[{"selector":{"id":"application-manageresources-display-component---newResourceUnit--ITEM_TYPE-arrow"},"wdio_ui5_key":"applicationmanageresources-display-component---newResourceUnit--ITEM_TYPE-arrow"}]}
RESULT: undefined
COMMAND: POST /session/dc8d8325bcea8c317259a85a94b902d6/element - {"using":"xpath","value":"//*[@id=\"application-manageresources-display-component---newResourceUnit--ITEM_TYPE-arrow\"]"}
RESULT: {"using":"xpath","value":"//*[@id=\"application-manageresources-display-component---newResourceUnit--ITEM_TYPE-arrow\"]"}
COMMAND: POST /session/dc8d8325bcea8c317259a85a94b902d6/element/f.B7E597006D0C94FF3F287974AC4A4A54.d.C49E46E155CB2544C9BA94F40D3F2FAE.e.1824/click - {}
RESULT: {}
COMMAND: POST /session/dc8d8325bcea8c317259a85a94b902d6/execute/async - {"script":"<script> [1562 bytes]","args":[{"selector":{"controlType":"sap.m.StandardListItem","viewName":"reusables.view.manageresources.NewResourceUnit","viewId":"application-manageresources-display-component---newResourceUnit","properties":{"title":"Resource Unit"},"searchOpenDialogs":true,"interaction":{"idSuffix":"titleText"}},"wdio_ui5_key":"reusablesview.manageresources.NewResourceUnitsap.m.StandardListItem{\"title\":\"Resource Unit\"}"}]}
COMMAND: GET /session/dc8d8325bcea8c317259a85a94b902d6/screenshot - {}
RESULT: {"script":"<script> [1562 bytes]","args":[{"selector":{"controlType":"sap.m.StandardListItem","viewName":"reusables.view.manageresources.NewResourceUnit","viewId":"application-manageresources-display-component---newResourceUnit","properties":{"title":"Resource Unit"},"searchOpenDialogs":true,"interaction":{"idSuffix":"titleText"}},"wdio_ui5_key":"reusablesview.manageresources.NewResourceUnitsap.m.StandardListItem{\"title\":\"Resource Unit\"}"}]}
RESULT: undefined
COMMAND: POST /session/dc8d8325bcea8c317259a85a94b902d6/element - {"using":"xpath","value":"//*[@id=\"__item708\"]"}
RESULT: {}
RESULT: {"using":"xpath","value":"//*[@id=\"__item708\"]"}
COMMAND: POST /session/dc8d8325bcea8c317259a85a94b902d6/element/f.B7E597006D0C94FF3F287974AC4A4A54.d.C49E46E155CB2544C9BA94F40D3F2FAE.e.1826/click - {}
RESULT: {}
COMMAND: POST /session/dc8d8325bcea8c317259a85a94b902d6/element - {"using":"xpath","value":"//bdi[contains(text(), \"Time Segment\")]"}
COMMAND: GET /session/dc8d8325bcea8c317259a85a94b902d6/screenshot - {}
RESULT: {"using":"xpath","value":"//bdi[contains(text(), \"Time Segment\")]"}
COMMAND: GET /session/dc8d8325bcea8c317259a85a94b902d6/element/f.B7E597006D0C94FF3F287974AC4A4A54.d.C49E46E155CB2544C9BA94F40D3F2FAE.e.1827/rect - {}
RESULT: {}
RESULT: {}
COMMAND: GET /session/dc8d8325bcea8c317259a85a94b902d6/window/rect - {}
RESULT: {}
COMMAND: POST /session/dc8d8325bcea8c317259a85a94b902d6/execute/sync - {"script":"<script> [92 bytes]","args":[]}
RESULT: {"script":"<script> [92 bytes]","args":[]}
COMMAND: POST /session/dc8d8325bcea8c317259a85a94b902d6/actions - {"actions":[{"id":"action6","type":"wheel","parameters":{},"actions":[{"type":"scroll","x":-1820,"y":-21,"deltaX":0,"deltaY":0,"duration":0,"origin":{"element-6066-11e4-a52e-4f735466cecf":"f.B7E597006D0C94FF3F287974AC4A4A54.d.C49E46E155CB2544C9BA94F40D3F2FAE.e.1827"}}]}]}
COMMAND: GET /session/dc8d8325bcea8c317259a85a94b902d6/screenshot - {}
RESULT: {}
COMMAND: POST /session/dc8d8325bcea8c317259a85a94b902d6/execute/sync - {"script":"<script> [79 bytes]","args":[{"element-6066-11e4-a52e-4f735466cecf":"f.B7E597006D0C94FF3F287974AC4A4A54.d.C49E46E155CB2544C9BA94F40D3F2FAE.e.1827","ELEMENT":"f.B7E597006D0C94FF3F287974AC4A4A54.d.C49E46E155CB2544C9BA94F40D3F2FAE.e.1827"},{"block":"start","inline":"nearest"}]}
RESULT: {"script":"<script> [79 bytes]","args":[{"element-6066-11e4-a52e-4f735466cecf":"f.B7E597006D0C94FF3F287974AC4A4A54.d.C49E46E155CB2544C9BA94F40D3F2FAE.e.1827","ELEMENT":"f.B7E597006D0C94FF3F287974AC4A4A54.d.C49E46E155CB2544C9BA94F40D3F2FAE.e.1827"},{"block":"start","inline":"nearest"}]}
RESULT: undefined
COMMAND: POST /session/dc8d8325bcea8c317259a85a94b902d6/element - {"using":"xpath","value":"//*[@id=\"application-manageresources-display-component---newResourceUnit--btnAddTimeSegment-img\"]"}
COMMAND: GET /session/dc8d8325bcea8c317259a85a94b902d6/screenshot - {}
RESULT: {"using":"xpath","value":"//*[@id=\"application-manageresources-display-component---newResourceUnit--btnAddTimeSegment-img\"]"}
COMMAND: POST /session/dc8d8325bcea8c317259a85a94b902d6/element/f.B7E597006D0C94FF3F287974AC4A4A54.d.C49E46E155CB2544C9BA94F40D3F2FAE.e.1828/click - {}
RESULT: {}
RESULT: {}
COMMAND: GET /session/dc8d8325bcea8c317259a85a94b902d6/screenshot - {}
RESULT: {}
COMMAND: POST /session/dc8d8325bcea8c317259a85a94b902d6/element - {"using":"xpath","value":"//input[@id=\"application-manageresources-display-component---newResourceUnit--idRuTSAdmin-application-manageresources-display-component---newResourceUnit--RUTimeSegment-0-inner\"]"}
RESULT: {"using":"xpath","value":"//input[@id=\"application-manageresources-display-component---newResourceUnit--idRuTSAdmin-application-manageresources-display-component---newResourceUnit--RUTimeSegment-0-inner\"]"}
COMMAND: POST /session/dc8d8325bcea8c317259a85a94b902d6/element/f.B7E597006D0C94FF3F287974AC4A4A54.d.C49E46E155CB2544C9BA94F40D3F2FAE.e.1834/clear - {}
RESULT: {}
COMMAND: POST /session/dc8d8325bcea8c317259a85a94b902d6/element/f.B7E597006D0C94FF3F287974AC4A4A54.d.C49E46E155CB2544C9BA94F40D3F2FAE.e.1834/value - {"text":"WebdriverYards1zyu"}
COMMAND: GET /session/dc8d8325bcea8c317259a85a94b902d6/screenshot - {}
RESULT: {"text":"WebdriverYards1zyu"}
COMMAND: GET /session/dc8d8325bcea8c317259a85a94b902d6/screenshot - {}
RESULT: {}
RESULT: {}
COMMAND: POST /session/dc8d8325bcea8c317259a85a94b902d6/actions - {"actions":[{"id":"action7","type":"key","parameters":{},"actions":[{"type":"keyDown","value":"î€‡"},{"type":"pause","duration":10},{"type":"keyUp","value":"î€‡"}]}]}
RESULT: {"actions":[{"id":"action7","type":"key","parameters":{},"actions":[{"type":"keyDown","value":"î€‡"},{"type":"pause","duration":10},{"type":"keyUp","value":"î€‡"}]}]}
COMMAND: POST /session/dc8d8325bcea8c317259a85a94b902d6/execute/async - {"script":"<script> [1562 bytes]","args":[{"selector":{"controlType":"sap.ui.core.Icon","viewName":"reusables.view.manageresources.NewResourceUnit","viewId":"application-manageresources-display-component---newResourceUnit","properties":{"src":{"regex":{"source":"slim\\-arrow\\-down"}}},"ancestor":{"controlType":"sap.m.ComboBox","viewName":"reusables.view.manageresources.NewResourceUnit","viewId":"application-manageresources-display-component---newResourceUnit","bindingPath":{"path":"/RESOURCE_UNIT_TIME_SEQUENCES/0","propertyPath":"COST_OBJECT_ADMIN_CST_TYPE","modelName":"oNewRruModel"}}},"wdio_ui5_key":"reusablesview.manageresources.NewResourceUnitsap.ui.core.Icon{\"src\":{\"regex\":{\"source\":\"slim\\\\-arrow\\\\-down\"}}}{\"controlType\":\"sap.m.ComboBox\",\"viewName\":\"reusables.view.manageresources.NewResourceUnit\",\"viewId\":\"application-manageresources-display-component---newResourceUnit\",\"bindingPath\":{\"path\":\"/RESOURCE_UNIT_TIME_SEQUENCES/0\",\"propertyPath\":\"COST_OBJECT_ADMIN_CST_TYPE\",\"modelName\":\"oNewRruModel\"}}"}]}
COMMAND: GET /session/dc8d8325bcea8c317259a85a94b902d6/screenshot - {}
RESULT: {"script":"<script> [1562 bytes]","args":[{"selector":{"controlType":"sap.ui.core.Icon","viewName":"reusables.view.manageresources.NewResourceUnit","viewId":"application-manageresources-display-component---newResourceUnit","properties":{"src":{"regex":{"source":"slim\\-arrow\\-down"}}},"ancestor":{"controlType":"sap.m.ComboBox","viewName":"reusables.view.manageresources.NewResourceUnit","viewId":"application-manageresources-display-component---newResourceUnit","bindingPath":{"path":"/RESOURCE_UNIT_TIME_SEQUENCES/0","propertyPath":"COST_OBJECT_ADMIN_CST_TYPE","modelName":"oNewRruModel"}}},"wdio_ui5_key":"reusablesview.manageresources.NewResourceUnitsap.ui.core.Icon{\"src\":{\"regex\":{\"source\":\"slim\\\\-arrow\\\\-down\"}}}{\"controlType\":\"sap.m.ComboBox\",\"viewName\":\"reusables.view.manageresources.NewResourceUnit\",\"viewId\":\"application-manageresources-display-component---newResourceUnit\",\"bindingPath\":{\"path\":\"/RESOURCE_UNIT_TIME_SEQUENCES/0\",\"propertyPath\":\"COST_OBJECT_ADMIN_CST_TYPE\",\"modelName\":\"oNewRruModel\"}}"}]}
RESULT: undefined
COMMAND: POST /session/dc8d8325bcea8c317259a85a94b902d6/element - {"using":"xpath","value":"//*[@id=\"__box5-application-manageresources-display-component---newResourceUnit--RUTimeSegment-0-arrow\"]"}
RESULT: {}
RESULT: {"using":"xpath","value":"//*[@id=\"__box5-application-manageresources-display-component---newResourceUnit--RUTimeSegment-0-arrow\"]"}
COMMAND: POST /session/dc8d8325bcea8c317259a85a94b902d6/element/f.B7E597006D0C94FF3F287974AC4A4A54.d.C49E46E155CB2544C9BA94F40D3F2FAE.e.1850/click - {}
RESULT: {}
COMMAND: POST /session/dc8d8325bcea8c317259a85a94b902d6/execute/async - {"script":"<script> [1562 bytes]","args":[{"selector":{"controlType":"sap.m.StandardListItem","viewName":"reusables.view.manageresources.NewResourceUnit","viewId":"application-manageresources-display-component---newResourceUnit","properties":{"title":"PM Order"},"searchOpenDialogs":true,"interaction":{"idSuffix":"titleText"}},"wdio_ui5_key":"reusablesview.manageresources.NewResourceUnitsap.m.StandardListItem{\"title\":\"PM Order\"}"}]}
COMMAND: GET /session/dc8d8325bcea8c317259a85a94b902d6/screenshot - {}
RESULT: {"script":"<script> [1562 bytes]","args":[{"selector":{"controlType":"sap.m.StandardListItem","viewName":"reusables.view.manageresources.NewResourceUnit","viewId":"application-manageresources-display-component---newResourceUnit","properties":{"title":"PM Order"},"searchOpenDialogs":true,"interaction":{"idSuffix":"titleText"}},"wdio_ui5_key":"reusablesview.manageresources.NewResourceUnitsap.m.StandardListItem{\"title\":\"PM Order\"}"}]}
RESULT: undefined
COMMAND: POST /session/dc8d8325bcea8c317259a85a94b902d6/element - {"using":"xpath","value":"//*[@id=\"__item1520\"]"}
RESULT: {}
RESULT: {"using":"xpath","value":"//*[@id=\"__item1520\"]"}
COMMAND: POST /session/dc8d8325bcea8c317259a85a94b902d6/element/f.B7E597006D0C94FF3F287974AC4A4A54.d.C49E46E155CB2544C9BA94F40D3F2FAE.e.1854/click - {}
RESULT: {}
COMMAND: GET /session/dc8d8325bcea8c317259a85a94b902d6/screenshot - {}
RESULT: {}
COMMAND: POST /session/dc8d8325bcea8c317259a85a94b902d6/element - {"using":"xpath","value":"(//input[contains(@id ,\"-application-manageresources-display-component---newResourceUnit--RUTimeSegment-0-inner\")])[8]"}
RESULT: {"using":"xpath","value":"(//input[contains(@id ,\"-application-manageresources-display-component---newResourceUnit--RUTimeSegment-0-inner\")])[8]"}
COMMAND: POST /session/dc8d8325bcea8c317259a85a94b902d6/element/f.B7E597006D0C94FF3F287974AC4A4A54.d.C49E46E155CB2544C9BA94F40D3F2FAE.e.1857/clear - {}
RESULT: {}
COMMAND: POST /session/dc8d8325bcea8c317259a85a94b902d6/element/f.B7E597006D0C94FF3F287974AC4A4A54.d.C49E46E155CB2544C9BA94F40D3F2FAE.e.1857/value - {"text":"4000360"}
COMMAND: GET /session/dc8d8325bcea8c317259a85a94b902d6/screenshot - {}
RESULT: {"text":"4000360"}
COMMAND: GET /session/dc8d8325bcea8c317259a85a94b902d6/screenshot - {}
RESULT: {}
RESULT: {}
COMMAND: POST /session/dc8d8325bcea8c317259a85a94b902d6/actions - {"actions":[{"id":"action8","type":"key","parameters":{},"actions":[{"type":"keyDown","value":"î€‡"},{"type":"pause","duration":10},{"type":"keyUp","value":"î€‡"}]}]}
RESULT: {"actions":[{"id":"action8","type":"key","parameters":{},"actions":[{"type":"keyDown","value":"î€‡"},{"type":"pause","duration":10},{"type":"keyUp","value":"î€‡"}]}]}
COMMAND: GET /session/dc8d8325bcea8c317259a85a94b902d6/screenshot - {}
RESULT: {}
COMMAND: POST /session/dc8d8325bcea8c317259a85a94b902d6/element - {"using":"xpath","value":"//input[contains(@id ,\"application-manageresources-display-component---newResourceUnit--newTimeSegmentFromDatePicker-application-manageresources-display-component---newResourceUnit--RUTimeSegment-0-inner\")]"}
RESULT: {"using":"xpath","value":"//input[contains(@id ,\"application-manageresources-display-component---newResourceUnit--newTimeSegmentFromDatePicker-application-manageresources-display-component---newResourceUnit--RUTimeSegment-0-inner\")]"}
COMMAND: POST /session/dc8d8325bcea8c317259a85a94b902d6/element/f.B7E597006D0C94FF3F287974AC4A4A54.d.C49E46E155CB2544C9BA94F40D3F2FAE.e.1841/clear - {}
RESULT: {}
COMMAND: POST /session/dc8d8325bcea8c317259a85a94b902d6/element/f.B7E597006D0C94FF3F287974AC4A4A54.d.C49E46E155CB2544C9BA94F40D3F2FAE.e.1841/clear - {}
COMMAND: GET /session/dc8d8325bcea8c317259a85a94b902d6/screenshot - {}
RESULT: {}
COMMAND: POST /session/dc8d8325bcea8c317259a85a94b902d6/element/f.B7E597006D0C94FF3F287974AC4A4A54.d.C49E46E155CB2544C9BA94F40D3F2FAE.e.1841/value - {"text":"06/17/24"}
COMMAND: GET /session/dc8d8325bcea8c317259a85a94b902d6/screenshot - {}
RESULT: {}
RESULT: {"text":"06/17/24"}
COMMAND: POST /session/dc8d8325bcea8c317259a85a94b902d6/execute/async - {"script":"<script> [1562 bytes]","args":[{"selector":{"id":"application-manageresources-display-component---newResourceUnit--newRRUPage-anchBar-application-manageresources-display-component---newResourceUnit--resource-anchor","interaction":{"idSuffix":"BDI-content"}},"wdio_ui5_key":"applicationmanageresources-display-component---newResourceUnit--newRRUPage-anchBar-application-manageresources-display-component---newResourceUnit--resource-anchor"}]}
COMMAND: GET /session/dc8d8325bcea8c317259a85a94b902d6/screenshot - {}
RESULT: {}
RESULT: {"script":"<script> [1562 bytes]","args":[{"selector":{"id":"application-manageresources-display-component---newResourceUnit--newRRUPage-anchBar-application-manageresources-display-component---newResourceUnit--resource-anchor","interaction":{"idSuffix":"BDI-content"}},"wdio_ui5_key":"applicationmanageresources-display-component---newResourceUnit--newRRUPage-anchBar-application-manageresources-display-component---newResourceUnit--resource-anchor"}]}
RESULT: undefined
COMMAND: POST /session/dc8d8325bcea8c317259a85a94b902d6/element - {"using":"xpath","value":"//*[@id=\"application-manageresources-display-component---newResourceUnit--newRRUPage-anchBar-application-manageresources-display-component---newResourceUnit--resource-anchor\"]"}
RESULT: {}
RESULT: {"using":"xpath","value":"//*[@id=\"application-manageresources-display-component---newResourceUnit--newRRUPage-anchBar-application-manageresources-display-component---newResourceUnit--resource-anchor\"]"}
COMMAND: POST /session/dc8d8325bcea8c317259a85a94b902d6/element/f.B7E597006D0C94FF3F287974AC4A4A54.d.C49E46E155CB2544C9BA94F40D3F2FAE.e.1878/click - {}
RESULT: {}
COMMAND: POST /session/dc8d8325bcea8c317259a85a94b902d6/execute/async - {"script":"<script> [1562 bytes]","args":[{"selector":{"id":"application-manageresources-display-component---newResourceUnit--PLANNED_DELIVERY_DATE","interaction":{"idSuffix":"inner"}},"wdio_ui5_key":"applicationmanageresources-display-component---newResourceUnit--PLANNED_DELIVERY_DATE"}]}
COMMAND: GET /session/dc8d8325bcea8c317259a85a94b902d6/screenshot - {}
RESULT: {"script":"<script> [1562 bytes]","args":[{"selector":{"id":"application-manageresources-display-component---newResourceUnit--PLANNED_DELIVERY_DATE","interaction":{"idSuffix":"inner"}},"wdio_ui5_key":"applicationmanageresources-display-component---newResourceUnit--PLANNED_DELIVERY_DATE"}]}
RESULT: undefined
COMMAND: POST /session/dc8d8325bcea8c317259a85a94b902d6/execute/async - {"script":"<script> [6424 bytes]","args":[{"element-6066-11e4-a52e-4f735466cecf":"f.B7E597006D0C94FF3F287974AC4A4A54.d.C49E46E155CB2544C9BA94F40D3F2FAE.e.1724"},"setValue",["06/17/24"]]}
RESULT: {}
RESULT: {"script":"<script> [6424 bytes]","args":[{"element-6066-11e4-a52e-4f735466cecf":"f.B7E597006D0C94FF3F287974AC4A4A54.d.C49E46E155CB2544C9BA94F40D3F2FAE.e.1724"},"setValue",["06/17/24"]]}
COMMAND: POST /session/dc8d8325bcea8c317259a85a94b902d6/execute/async - {"script":"<script> [1562 bytes]","args":[{"selector":{"id":"application-manageresources-display-component---newResourceUnit--RETIRE_PLANNED_DATE","interaction":{"idSuffix":"inner"}},"wdio_ui5_key":"applicationmanageresources-display-component---newResourceUnit--RETIRE_PLANNED_DATE"}]}
RESULT: {"script":"<script> [1562 bytes]","args":[{"selector":{"id":"application-manageresources-display-component---newResourceUnit--RETIRE_PLANNED_DATE","interaction":{"idSuffix":"inner"}},"wdio_ui5_key":"applicationmanageresources-display-component---newResourceUnit--RETIRE_PLANNED_DATE"}]}
RESULT: undefined
COMMAND: POST /session/dc8d8325bcea8c317259a85a94b902d6/execute/async - {"script":"<script> [776 bytes]","args":[{"enterText":"3/14/29","selector":{"id":"application-manageresources-display-component---newResourceUnit--RETIRE_PLANNED_DATE","interaction":{"idSuffix":"inner"}},"clearTextFirst":true,"interactionType":"ENTER_TEXT"}]}
RESULT: {"script":"<script> [776 bytes]","args":[{"enterText":"3/14/29","selector":{"id":"application-manageresources-display-component---newResourceUnit--RETIRE_PLANNED_DATE","interaction":{"idSuffix":"inner"}},"clearTextFirst":true,"interactionType":"ENTER_TEXT"}]}
RESULT: undefined
COMMAND: POST /session/dc8d8325bcea8c317259a85a94b902d6/element - {"using":"xpath","value":"//*[@id=\"application-manageresources-display-component---newResourceUnit--createRuButton\"]"}
RESULT: {"using":"xpath","value":"//*[@id=\"application-manageresources-display-component---newResourceUnit--createRuButton\"]"}
COMMAND: POST /session/dc8d8325bcea8c317259a85a94b902d6/element/f.B7E597006D0C94FF3F287974AC4A4A54.d.C49E46E155CB2544C9BA94F40D3F2FAE.e.1581/click - {}
RESULT: {}
COMMAND: GET /session/dc8d8325bcea8c317259a85a94b902d6/screenshot - {}
RESULT: {}
COMMAND: POST /session/dc8d8325bcea8c317259a85a94b902d6/element - {"using":"xpath","value":"(//bdi[contains(text(), \"Close\")])[1]"}
RESULT: {"using":"xpath","value":"(//bdi[contains(text(), \"Close\")])[1]"}
COMMAND: POST /session/dc8d8325bcea8c317259a85a94b902d6/element/f.B7E597006D0C94FF3F287974AC4A4A54.d.C49E46E155CB2544C9BA94F40D3F2FAE.e.1887/click - {}
RESULT: {}
COMMAND: GET /session/dc8d8325bcea8c317259a85a94b902d6/screenshot - {}
RESULT: {}
]]></system-out>
    </testcase>
    <testcase classname="chrome.136_0_7103_93.windows.Related_resources_for_groups_US139107" name="Should create one more equipment using copy function and add it to the group" time="78.446">
      <system-out><![CDATA[
COMMAND: POST /session/dc8d8325bcea8c317259a85a94b902d6/element - {"using":"xpath","value":"//span[contains(@id ,\"actionsToolbar-overflowButton-img\")]"}
RESULT: {"using":"xpath","value":"//span[contains(@id ,\"actionsToolbar-overflowButton-img\")]"}
COMMAND: POST /session/dc8d8325bcea8c317259a85a94b902d6/execute/sync - {"script":"<script> [8489 bytes]","args":[{"element-6066-11e4-a52e-4f735466cecf":"f.B7E597006D0C94FF3F287974AC4A4A54.d.C49E46E155CB2544C9BA94F40D3F2FAE.e.1899","ELEMENT":"f.B7E597006D0C94FF3F287974AC4A4A54.d.C49E46E155CB2544C9BA94F40D3F2FAE.e.1899"}]}
RESULT: {"script":"<script> [8489 bytes]","args":[{"element-6066-11e4-a52e-4f735466cecf":"f.B7E597006D0C94FF3F287974AC4A4A54.d.C49E46E155CB2544C9BA94F40D3F2FAE.e.1899","ELEMENT":"f.B7E597006D0C94FF3F287974AC4A4A54.d.C49E46E155CB2544C9BA94F40D3F2FAE.e.1899"}]}
COMMAND: POST /session/dc8d8325bcea8c317259a85a94b902d6/execute/sync - {"script":"<script> [5351 bytes]","args":[{"element-6066-11e4-a52e-4f735466cecf":"f.B7E597006D0C94FF3F287974AC4A4A54.d.C49E46E155CB2544C9BA94F40D3F2FAE.e.1899","ELEMENT":"f.B7E597006D0C94FF3F287974AC4A4A54.d.C49E46E155CB2544C9BA94F40D3F2FAE.e.1899"}]}
COMMAND: GET /session/dc8d8325bcea8c317259a85a94b902d6/screenshot - {}
RESULT: {"script":"<script> [5351 bytes]","args":[{"element-6066-11e4-a52e-4f735466cecf":"f.B7E597006D0C94FF3F287974AC4A4A54.d.C49E46E155CB2544C9BA94F40D3F2FAE.e.1899","ELEMENT":"f.B7E597006D0C94FF3F287974AC4A4A54.d.C49E46E155CB2544C9BA94F40D3F2FAE.e.1899"}]}
COMMAND: GET /session/dc8d8325bcea8c317259a85a94b902d6/screenshot - {}
RESULT: {}
COMMAND: POST /session/dc8d8325bcea8c317259a85a94b902d6/execute/sync - {"script":"<script> [8489 bytes]","args":[{"element-6066-11e4-a52e-4f735466cecf":"f.B7E597006D0C94FF3F287974AC4A4A54.d.C49E46E155CB2544C9BA94F40D3F2FAE.e.1899","ELEMENT":"f.B7E597006D0C94FF3F287974AC4A4A54.d.C49E46E155CB2544C9BA94F40D3F2FAE.e.1899"}]}
RESULT: {}
COMMAND: POST /session/dc8d8325bcea8c317259a85a94b902d6/element - {"using":"xpath","value":"//span[contains(@id ,\"actionsToolbar-overflowButton-img\")]"}
RESULT: {"using":"xpath","value":"//span[contains(@id ,\"actionsToolbar-overflowButton-img\")]"}
COMMAND: POST /session/dc8d8325bcea8c317259a85a94b902d6/execute/sync - {"script":"<script> [8489 bytes]","args":[{"element-6066-11e4-a52e-4f735466cecf":"f.B7E597006D0C94FF3F287974AC4A4A54.d.C49E46E155CB2544C9BA94F40D3F2FAE.e.1960","ELEMENT":"f.B7E597006D0C94FF3F287974AC4A4A54.d.C49E46E155CB2544C9BA94F40D3F2FAE.e.1960"}]}
RESULT: {"script":"<script> [8489 bytes]","args":[{"element-6066-11e4-a52e-4f735466cecf":"f.B7E597006D0C94FF3F287974AC4A4A54.d.C49E46E155CB2544C9BA94F40D3F2FAE.e.1960","ELEMENT":"f.B7E597006D0C94FF3F287974AC4A4A54.d.C49E46E155CB2544C9BA94F40D3F2FAE.e.1960"}]}
COMMAND: POST /session/dc8d8325bcea8c317259a85a94b902d6/execute/sync - {"script":"<script> [5351 bytes]","args":[{"element-6066-11e4-a52e-4f735466cecf":"f.B7E597006D0C94FF3F287974AC4A4A54.d.C49E46E155CB2544C9BA94F40D3F2FAE.e.1960","ELEMENT":"f.B7E597006D0C94FF3F287974AC4A4A54.d.C49E46E155CB2544C9BA94F40D3F2FAE.e.1960"}]}
COMMAND: GET /session/dc8d8325bcea8c317259a85a94b902d6/screenshot - {}
RESULT: {"script":"<script> [5351 bytes]","args":[{"element-6066-11e4-a52e-4f735466cecf":"f.B7E597006D0C94FF3F287974AC4A4A54.d.C49E46E155CB2544C9BA94F40D3F2FAE.e.1960","ELEMENT":"f.B7E597006D0C94FF3F287974AC4A4A54.d.C49E46E155CB2544C9BA94F40D3F2FAE.e.1960"}]}
COMMAND: GET /session/dc8d8325bcea8c317259a85a94b902d6/screenshot - {}
COMMAND: POST /session/dc8d8325bcea8c317259a85a94b902d6/execute/sync - {"script":"<script> [8489 bytes]","args":[{"element-6066-11e4-a52e-4f735466cecf":"f.B7E597006D0C94FF3F287974AC4A4A54.d.C49E46E155CB2544C9BA94F40D3F2FAE.e.1960","ELEMENT":"f.B7E597006D0C94FF3F287974AC4A4A54.d.C49E46E155CB2544C9BA94F40D3F2FAE.e.1960"}]}
RESULT: {}
RESULT: {}
COMMAND: POST /session/dc8d8325bcea8c317259a85a94b902d6/element - {"using":"xpath","value":"//span[contains(@id ,\"actionsToolbar-overflowButton-img\")]"}
RESULT: {"using":"xpath","value":"//span[contains(@id ,\"actionsToolbar-overflowButton-img\")]"}
COMMAND: POST /session/dc8d8325bcea8c317259a85a94b902d6/execute/sync - {"script":"<script> [8489 bytes]","args":[{"element-6066-11e4-a52e-4f735466cecf":"f.B7E597006D0C94FF3F287974AC4A4A54.d.C49E46E155CB2544C9BA94F40D3F2FAE.e.1964","ELEMENT":"f.B7E597006D0C94FF3F287974AC4A4A54.d.C49E46E155CB2544C9BA94F40D3F2FAE.e.1964"}]}
RESULT: {"script":"<script> [8489 bytes]","args":[{"element-6066-11e4-a52e-4f735466cecf":"f.B7E597006D0C94FF3F287974AC4A4A54.d.C49E46E155CB2544C9BA94F40D3F2FAE.e.1964","ELEMENT":"f.B7E597006D0C94FF3F287974AC4A4A54.d.C49E46E155CB2544C9BA94F40D3F2FAE.e.1964"}]}
COMMAND: POST /session/dc8d8325bcea8c317259a85a94b902d6/execute/sync - {"script":"<script> [5351 bytes]","args":[{"element-6066-11e4-a52e-4f735466cecf":"f.B7E597006D0C94FF3F287974AC4A4A54.d.C49E46E155CB2544C9BA94F40D3F2FAE.e.1964","ELEMENT":"f.B7E597006D0C94FF3F287974AC4A4A54.d.C49E46E155CB2544C9BA94F40D3F2FAE.e.1964"}]}
COMMAND: GET /session/dc8d8325bcea8c317259a85a94b902d6/screenshot - {}
RESULT: {"script":"<script> [5351 bytes]","args":[{"element-6066-11e4-a52e-4f735466cecf":"f.B7E597006D0C94FF3F287974AC4A4A54.d.C49E46E155CB2544C9BA94F40D3F2FAE.e.1964","ELEMENT":"f.B7E597006D0C94FF3F287974AC4A4A54.d.C49E46E155CB2544C9BA94F40D3F2FAE.e.1964"}]}
COMMAND: POST /session/dc8d8325bcea8c317259a85a94b902d6/element/f.B7E597006D0C94FF3F287974AC4A4A54.d.C49E46E155CB2544C9BA94F40D3F2FAE.e.1964/click - {}
COMMAND: GET /session/dc8d8325bcea8c317259a85a94b902d6/screenshot - {}
RESULT: {}
RESULT: {}
COMMAND: GET /session/dc8d8325bcea8c317259a85a94b902d6/screenshot - {}
RESULT: {}
RESULT: {}
COMMAND: POST /session/dc8d8325bcea8c317259a85a94b902d6/execute/async - {"script":"<script> [1562 bytes]","args":[{"selector":{"controlType":"sap.m.Button","viewName":"etm.portal.ui.manageresources.view.Detail","viewId":"application-manageresources-display-component---detailRU","i18NText":{"propertyName":"text","key":"copy"},"interaction":{"idSuffix":"BDI-content"}},"wdio_ui5_key":"etmportal.ui.manageresources.view.Detailsap.m.Button{\"propertyName\":\"text\",\"key\":\"copy\"}"}]}
RESULT: {"script":"<script> [1562 bytes]","args":[{"selector":{"controlType":"sap.m.Button","viewName":"etm.portal.ui.manageresources.view.Detail","viewId":"application-manageresources-display-component---detailRU","i18NText":{"propertyName":"text","key":"copy"},"interaction":{"idSuffix":"BDI-content"}},"wdio_ui5_key":"etmportal.ui.manageresources.view.Detailsap.m.Button{\"propertyName\":\"text\",\"key\":\"copy\"}"}]}
RESULT: undefined
COMMAND: POST /session/dc8d8325bcea8c317259a85a94b902d6/element - {"using":"xpath","value":"//*[@id=\"__button31\"]"}
RESULT: {"using":"xpath","value":"//*[@id=\"__button31\"]"}
COMMAND: POST /session/dc8d8325bcea8c317259a85a94b902d6/element/f.B7E597006D0C94FF3F287974AC4A4A54.d.C49E46E155CB2544C9BA94F40D3F2FAE.e.1968/click - {}
RESULT: {}
COMMAND: GET /session/dc8d8325bcea8c317259a85a94b902d6/screenshot - {}
RESULT: {}
COMMAND: POST /session/dc8d8325bcea8c317259a85a94b902d6/execute/async - {"script":"<script> [1562 bytes]","args":[{"selector":{"controlType":"sap.m.Button","viewName":"etm.portal.ui.manageresources.view.Detail","viewId":"application-manageresources-display-component---detailRU","i18NText":{"propertyName":"text","key":"selectAll"},"searchOpenDialogs":true,"interaction":{"idSuffix":"BDI-content"}},"wdio_ui5_key":"etmportal.ui.manageresources.view.Detailsap.m.Button{\"propertyName\":\"text\",\"key\":\"selectAll\"}"}]}
RESULT: {"script":"<script> [1562 bytes]","args":[{"selector":{"controlType":"sap.m.Button","viewName":"etm.portal.ui.manageresources.view.Detail","viewId":"application-manageresources-display-component---detailRU","i18NText":{"propertyName":"text","key":"selectAll"},"searchOpenDialogs":true,"interaction":{"idSuffix":"BDI-content"}},"wdio_ui5_key":"etmportal.ui.manageresources.view.Detailsap.m.Button{\"propertyName\":\"text\",\"key\":\"selectAll\"}"}]}
RESULT: undefined
COMMAND: POST /session/dc8d8325bcea8c317259a85a94b902d6/element - {"using":"xpath","value":"//*[@id=\"__button79\"]"}
RESULT: {"using":"xpath","value":"//*[@id=\"__button79\"]"}
COMMAND: POST /session/dc8d8325bcea8c317259a85a94b902d6/element/f.B7E597006D0C94FF3F287974AC4A4A54.d.C49E46E155CB2544C9BA94F40D3F2FAE.e.1969/click - {}
RESULT: {}
COMMAND: GET /session/dc8d8325bcea8c317259a85a94b902d6/screenshot - {}
RESULT: {}
COMMAND: POST /session/dc8d8325bcea8c317259a85a94b902d6/execute/async - {"script":"<script> [1562 bytes]","args":[{"selector":{"controlType":"sap.m.Button","viewName":"etm.portal.ui.manageresources.view.Detail","viewId":"application-manageresources-display-component---detailRU","i18NText":{"propertyName":"text","key":"confirm"},"searchOpenDialogs":true,"interaction":{"idSuffix":"content"}},"wdio_ui5_key":"etmportal.ui.manageresources.view.Detailsap.m.Button{\"propertyName\":\"text\",\"key\":\"confirm\"}"}]}
RESULT: {"script":"<script> [1562 bytes]","args":[{"selector":{"controlType":"sap.m.Button","viewName":"etm.portal.ui.manageresources.view.Detail","viewId":"application-manageresources-display-component---detailRU","i18NText":{"propertyName":"text","key":"confirm"},"searchOpenDialogs":true,"interaction":{"idSuffix":"content"}},"wdio_ui5_key":"etmportal.ui.manageresources.view.Detailsap.m.Button{\"propertyName\":\"text\",\"key\":\"confirm\"}"}]}
RESULT: undefined
COMMAND: POST /session/dc8d8325bcea8c317259a85a94b902d6/element - {"using":"xpath","value":"//*[@id=\"__button80\"]"}
RESULT: {"using":"xpath","value":"//*[@id=\"__button80\"]"}
COMMAND: POST /session/dc8d8325bcea8c317259a85a94b902d6/element/f.B7E597006D0C94FF3F287974AC4A4A54.d.C49E46E155CB2544C9BA94F40D3F2FAE.e.1993/click - {}
RESULT: {}
COMMAND: GET /session/dc8d8325bcea8c317259a85a94b902d6/screenshot - {}
RESULT: {}
COMMAND: POST /session/dc8d8325bcea8c317259a85a94b902d6/element - {"using":"xpath","value":"(//span[contains(@id ,\"expandBtn-inner\")])[2]"}
RESULT: {"using":"xpath","value":"(//span[contains(@id ,\"expandBtn-inner\")])[2]"}
COMMAND: POST /session/dc8d8325bcea8c317259a85a94b902d6/element/f.B7E597006D0C94FF3F287974AC4A4A54.d.C49E46E155CB2544C9BA94F40D3F2FAE.e.2007/click - {}
RESULT: {}
COMMAND: GET /session/dc8d8325bcea8c317259a85a94b902d6/screenshot - {}
RESULT: {}
COMMAND: POST /session/dc8d8325bcea8c317259a85a94b902d6/element - {"using":"xpath","value":"//input[contains(@id ,\"application-manageresources-display-component---newResourceUnit--resourceId-inner\")]"}
RESULT: {"using":"xpath","value":"//input[contains(@id ,\"application-manageresources-display-component---newResourceUnit--resourceId-inner\")]"}
COMMAND: POST /session/dc8d8325bcea8c317259a85a94b902d6/element/f.B7E597006D0C94FF3F287974AC4A4A54.d.C49E46E155CB2544C9BA94F40D3F2FAE.e.1689/clear - {}
RESULT: {}
COMMAND: POST /session/dc8d8325bcea8c317259a85a94b902d6/element/f.B7E597006D0C94FF3F287974AC4A4A54.d.C49E46E155CB2544C9BA94F40D3F2FAE.e.1689/value - {"text":"WdIORUEquip2j9h1e"}
COMMAND: GET /session/dc8d8325bcea8c317259a85a94b902d6/screenshot - {}
RESULT: {"text":"WdIORUEquip2j9h1e"}
COMMAND: POST /session/dc8d8325bcea8c317259a85a94b902d6/element - {"using":"xpath","value":"//input[contains(@id ,\"application-manageresources-display-component---newResourceUnit--SHORT_TEXT-inner\")]"}
COMMAND: GET /session/dc8d8325bcea8c317259a85a94b902d6/screenshot - {}
RESULT: {}
RESULT: {"using":"xpath","value":"//input[contains(@id ,\"application-manageresources-display-component---newResourceUnit--SHORT_TEXT-inner\")]"}
COMMAND: POST /session/dc8d8325bcea8c317259a85a94b902d6/element/f.B7E597006D0C94FF3F287974AC4A4A54.d.C49E46E155CB2544C9BA94F40D3F2FAE.e.1690/clear - {}
RESULT: {}
RESULT: {}
COMMAND: POST /session/dc8d8325bcea8c317259a85a94b902d6/element/f.B7E597006D0C94FF3F287974AC4A4A54.d.C49E46E155CB2544C9BA94F40D3F2FAE.e.1690/clear - {}
COMMAND: GET /session/dc8d8325bcea8c317259a85a94b902d6/screenshot - {}
RESULT: {}
COMMAND: POST /session/dc8d8325bcea8c317259a85a94b902d6/element/f.B7E597006D0C94FF3F287974AC4A4A54.d.C49E46E155CB2544C9BA94F40D3F2FAE.e.1690/value - {"text":"WdIORUEquip2j9h1e"}
COMMAND: GET /session/dc8d8325bcea8c317259a85a94b902d6/screenshot - {}
RESULT: {}
RESULT: {"text":"WdIORUEquip2j9h1e"}
COMMAND: POST /session/dc8d8325bcea8c317259a85a94b902d6/element - {"using":"xpath","value":"//bdi[contains(text(), \"Time Segment\")]"}
COMMAND: GET /session/dc8d8325bcea8c317259a85a94b902d6/screenshot - {}
RESULT: {}
RESULT: {"using":"xpath","value":"//bdi[contains(text(), \"Time Segment\")]"}
COMMAND: GET /session/dc8d8325bcea8c317259a85a94b902d6/element/f.B7E597006D0C94FF3F287974AC4A4A54.d.C49E46E155CB2544C9BA94F40D3F2FAE.e.1827/rect - {}
RESULT: {}
RESULT: {}
COMMAND: GET /session/dc8d8325bcea8c317259a85a94b902d6/window/rect - {}
RESULT: {}
COMMAND: POST /session/dc8d8325bcea8c317259a85a94b902d6/execute/sync - {"script":"<script> [92 bytes]","args":[]}
RESULT: {"script":"<script> [92 bytes]","args":[]}
COMMAND: POST /session/dc8d8325bcea8c317259a85a94b902d6/actions - {"actions":[{"id":"action9","type":"wheel","parameters":{},"actions":[{"type":"scroll","x":-1820,"y":1110,"deltaX":0,"deltaY":0,"duration":0,"origin":{"element-6066-11e4-a52e-4f735466cecf":"f.B7E597006D0C94FF3F287974AC4A4A54.d.C49E46E155CB2544C9BA94F40D3F2FAE.e.1827"}}]}]}
COMMAND: GET /session/dc8d8325bcea8c317259a85a94b902d6/screenshot - {}
RESULT: {}
COMMAND: POST /session/dc8d8325bcea8c317259a85a94b902d6/execute/sync - {"script":"<script> [79 bytes]","args":[{"element-6066-11e4-a52e-4f735466cecf":"f.B7E597006D0C94FF3F287974AC4A4A54.d.C49E46E155CB2544C9BA94F40D3F2FAE.e.1827","ELEMENT":"f.B7E597006D0C94FF3F287974AC4A4A54.d.C49E46E155CB2544C9BA94F40D3F2FAE.e.1827"},{"block":"start","inline":"nearest"}]}
RESULT: {"script":"<script> [79 bytes]","args":[{"element-6066-11e4-a52e-4f735466cecf":"f.B7E597006D0C94FF3F287974AC4A4A54.d.C49E46E155CB2544C9BA94F40D3F2FAE.e.1827","ELEMENT":"f.B7E597006D0C94FF3F287974AC4A4A54.d.C49E46E155CB2544C9BA94F40D3F2FAE.e.1827"},{"block":"start","inline":"nearest"}]}
COMMAND: GET /session/dc8d8325bcea8c317259a85a94b902d6/screenshot - {}
RESULT: {}
COMMAND: POST /session/dc8d8325bcea8c317259a85a94b902d6/element - {"using":"xpath","value":"//input[@id=\"application-manageresources-display-component---newResourceUnit--idRuTSAdmin-application-manageresources-display-component---newResourceUnit--RUTimeSegment-0-inner\"]"}
RESULT: {"using":"xpath","value":"//input[@id=\"application-manageresources-display-component---newResourceUnit--idRuTSAdmin-application-manageresources-display-component---newResourceUnit--RUTimeSegment-0-inner\"]"}
COMMAND: POST /session/dc8d8325bcea8c317259a85a94b902d6/element/f.B7E597006D0C94FF3F287974AC4A4A54.d.C49E46E155CB2544C9BA94F40D3F2FAE.e.1834/clear - {}
RESULT: {}
COMMAND: POST /session/dc8d8325bcea8c317259a85a94b902d6/element/f.B7E597006D0C94FF3F287974AC4A4A54.d.C49E46E155CB2544C9BA94F40D3F2FAE.e.1834/value - {"text":"WebdriverYards1zyu"}
COMMAND: GET /session/dc8d8325bcea8c317259a85a94b902d6/screenshot - {}
RESULT: {"text":"WebdriverYards1zyu"}
COMMAND: GET /session/dc8d8325bcea8c317259a85a94b902d6/screenshot - {}
RESULT: {}
RESULT: {}
COMMAND: POST /session/dc8d8325bcea8c317259a85a94b902d6/actions - {"actions":[{"id":"action10","type":"key","parameters":{},"actions":[{"type":"keyDown","value":"î€‡"},{"type":"pause","duration":10},{"type":"keyUp","value":"î€‡"}]}]}
RESULT: {"actions":[{"id":"action10","type":"key","parameters":{},"actions":[{"type":"keyDown","value":"î€‡"},{"type":"pause","duration":10},{"type":"keyUp","value":"î€‡"}]}]}
COMMAND: GET /session/dc8d8325bcea8c317259a85a94b902d6/screenshot - {}
RESULT: {}
RESULT: undefined
COMMAND: POST /session/dc8d8325bcea8c317259a85a94b902d6/element - {"using":"xpath","value":"//*[@id=\"__box5-application-manageresources-display-component---newResourceUnit--RUTimeSegment-0-arrow\"]"}
RESULT: {"using":"xpath","value":"//*[@id=\"__box5-application-manageresources-display-component---newResourceUnit--RUTimeSegment-0-arrow\"]"}
COMMAND: POST /session/dc8d8325bcea8c317259a85a94b902d6/element/f.B7E597006D0C94FF3F287974AC4A4A54.d.C49E46E155CB2544C9BA94F40D3F2FAE.e.1850/click - {}
RESULT: {}
COMMAND: GET /session/dc8d8325bcea8c317259a85a94b902d6/screenshot - {}
RESULT: {}
COMMAND: POST /session/dc8d8325bcea8c317259a85a94b902d6/element - {"using":"xpath","value":"//span[contains(@id ,\"titleText\")][contains(text(), \"PM Order\")]"}
RESULT: {"using":"xpath","value":"//span[contains(@id ,\"titleText\")][contains(text(), \"PM Order\")]"}
COMMAND: POST /session/dc8d8325bcea8c317259a85a94b902d6/element/f.B7E597006D0C94FF3F287974AC4A4A54.d.C49E46E155CB2544C9BA94F40D3F2FAE.e.2080/click - {}
RESULT: {}
COMMAND: GET /session/dc8d8325bcea8c317259a85a94b902d6/screenshot - {}
RESULT: {}
COMMAND: POST /session/dc8d8325bcea8c317259a85a94b902d6/element - {"using":"xpath","value":"(//input[contains(@id ,\"-application-manageresources-display-component---newResourceUnit--RUTimeSegment-0-inner\")])[8]"}
RESULT: {"using":"xpath","value":"(//input[contains(@id ,\"-application-manageresources-display-component---newResourceUnit--RUTimeSegment-0-inner\")])[8]"}
COMMAND: POST /session/dc8d8325bcea8c317259a85a94b902d6/element/f.B7E597006D0C94FF3F287974AC4A4A54.d.C49E46E155CB2544C9BA94F40D3F2FAE.e.2083/clear - {}
RESULT: {}
COMMAND: POST /session/dc8d8325bcea8c317259a85a94b902d6/element/f.B7E597006D0C94FF3F287974AC4A4A54.d.C49E46E155CB2544C9BA94F40D3F2FAE.e.2083/value - {"text":"4000360"}
COMMAND: GET /session/dc8d8325bcea8c317259a85a94b902d6/screenshot - {}
RESULT: {"text":"4000360"}
COMMAND: GET /session/dc8d8325bcea8c317259a85a94b902d6/screenshot - {}
RESULT: {}
RESULT: {}
COMMAND: POST /session/dc8d8325bcea8c317259a85a94b902d6/actions - {"actions":[{"id":"action11","type":"key","parameters":{},"actions":[{"type":"keyDown","value":"î€‡"},{"type":"pause","duration":10},{"type":"keyUp","value":"î€‡"}]}]}
RESULT: {"actions":[{"id":"action11","type":"key","parameters":{},"actions":[{"type":"keyDown","value":"î€‡"},{"type":"pause","duration":10},{"type":"keyUp","value":"î€‡"}]}]}
COMMAND: GET /session/dc8d8325bcea8c317259a85a94b902d6/screenshot - {}
RESULT: {}
RESULT: undefined
COMMAND: POST /session/dc8d8325bcea8c317259a85a94b902d6/element - {"using":"xpath","value":"//*[@id=\"application-manageresources-display-component---newResourceUnit--createRuButton\"]"}
RESULT: {"using":"xpath","value":"//*[@id=\"application-manageresources-display-component---newResourceUnit--createRuButton\"]"}
COMMAND: POST /session/dc8d8325bcea8c317259a85a94b902d6/element/f.B7E597006D0C94FF3F287974AC4A4A54.d.C49E46E155CB2544C9BA94F40D3F2FAE.e.1581/click - {}
RESULT: {}
COMMAND: GET /session/dc8d8325bcea8c317259a85a94b902d6/screenshot - {}
RESULT: {}
COMMAND: POST /session/dc8d8325bcea8c317259a85a94b902d6/element - {"using":"xpath","value":"(//bdi[contains(text(), \"Close\")])[1]"}
RESULT: {"using":"xpath","value":"(//bdi[contains(text(), \"Close\")])[1]"}
COMMAND: POST /session/dc8d8325bcea8c317259a85a94b902d6/element/f.B7E597006D0C94FF3F287974AC4A4A54.d.C49E46E155CB2544C9BA94F40D3F2FAE.e.2105/click - {}
RESULT: {}
COMMAND: GET /session/dc8d8325bcea8c317259a85a94b902d6/screenshot - {}
RESULT: {}
]]></system-out>
    </testcase>
    <testcase classname="chrome.136_0_7103_93.windows.Related_resources_for_groups_US139107" name="Should verify the Yard Overview hyperlinks in related resource" time="141.403">
      <system-out><![CDATA[
COMMAND: POST /session/dc8d8325bcea8c317259a85a94b902d6/execute/async - {"script":"<script> [1562 bytes]","args":[{"selector":{"controlType":"sap.ui.core.Icon","viewName":"etm.portal.ui.manageresources.view.Detail","viewId":"application-manageresources-display-component---detailRU","properties":{"src":{"regex":{"source":"decline"}}}},"wdio_ui5_key":"etmportal.ui.manageresources.view.Detailsap.ui.core.Icon{\"src\":{\"regex\":{\"source\":\"decline\"}}}"}]}
RESULT: {"script":"<script> [1562 bytes]","args":[{"selector":{"controlType":"sap.ui.core.Icon","viewName":"etm.portal.ui.manageresources.view.Detail","viewId":"application-manageresources-display-component---detailRU","properties":{"src":{"regex":{"source":"decline"}}}},"wdio_ui5_key":"etmportal.ui.manageresources.view.Detailsap.ui.core.Icon{\"src\":{\"regex\":{\"source\":\"decline\"}}}"}]}
RESULT: undefined
COMMAND: POST /session/dc8d8325bcea8c317259a85a94b902d6/element - {"using":"xpath","value":"//input[contains(@id ,\"application-manageresources-display-component---masterRU--smartFilterBar-btnBasicSearch-I\")]"}
RESULT: {"using":"xpath","value":"//input[contains(@id ,\"application-manageresources-display-component---masterRU--smartFilterBar-btnBasicSearch-I\")]"}
COMMAND: POST /session/dc8d8325bcea8c317259a85a94b902d6/element/f.B7E597006D0C94FF3F287974AC4A4A54.d.C49E46E155CB2544C9BA94F40D3F2FAE.e.1222/value - {"text":"WdIORUGroup9zac7"}
RESULT: {"text":"WdIORUGroup9zac7"}
COMMAND: GET /session/dc8d8325bcea8c317259a85a94b902d6/screenshot - {}
RESULT: {}
COMMAND: POST /session/dc8d8325bcea8c317259a85a94b902d6/actions - {"actions":[{"id":"action12","type":"key","parameters":{},"actions":[{"type":"keyDown","value":"î€‡"},{"type":"pause","duration":10},{"type":"keyUp","value":"î€‡"}]}]}
RESULT: {"actions":[{"id":"action12","type":"key","parameters":{},"actions":[{"type":"keyDown","value":"î€‡"},{"type":"pause","duration":10},{"type":"keyUp","value":"î€‡"}]}]}
COMMAND: GET /session/dc8d8325bcea8c317259a85a94b902d6/screenshot - {}
RESULT: {}
COMMAND: POST /session/dc8d8325bcea8c317259a85a94b902d6/execute/async - {"script":"<script> [1562 bytes]","args":[{"selector":{"controlType":"sap.ui.core.Icon","viewName":"etm.portal.ui.manageresources.view.Master","viewId":"application-manageresources-display-component---masterRU","properties":{"src":{"regex":{"source":"slim\\-arrow\\-right"}}}},"wdio_ui5_key":"etmportal.ui.manageresources.view.Mastersap.ui.core.Icon{\"src\":{\"regex\":{\"source\":\"slim\\\\-arrow\\\\-right\"}}}"}]}
RESULT: {"script":"<script> [1562 bytes]","args":[{"selector":{"controlType":"sap.ui.core.Icon","viewName":"etm.portal.ui.manageresources.view.Master","viewId":"application-manageresources-display-component---masterRU","properties":{"src":{"regex":{"source":"slim\\-arrow\\-right"}}}},"wdio_ui5_key":"etmportal.ui.manageresources.view.Mastersap.ui.core.Icon{\"src\":{\"regex\":{\"source\":\"slim\\\\-arrow\\\\-right\"}}}"}]}
RESULT: undefined
COMMAND: POST /session/dc8d8325bcea8c317259a85a94b902d6/element - {"using":"xpath","value":"//*[@id=\"__item35-__clone109-imgNav\"]"}
RESULT: {"using":"xpath","value":"//*[@id=\"__item35-__clone109-imgNav\"]"}
COMMAND: POST /session/dc8d8325bcea8c317259a85a94b902d6/element/f.B7E597006D0C94FF3F287974AC4A4A54.d.C49E46E155CB2544C9BA94F40D3F2FAE.e.1393/click - {}
RESULT: {}
COMMAND: GET /session/dc8d8325bcea8c317259a85a94b902d6/screenshot - {}
COMMAND: POST /session/dc8d8325bcea8c317259a85a94b902d6/element - {"using":"xpath","value":"//bdi[contains(@id ,\"application-manageresources-display-component---detailRU--openRelatedRus-BDI-content\")]"}
RESULT: {}
RESULT: {"using":"xpath","value":"//bdi[contains(@id ,\"application-manageresources-display-component---detailRU--openRelatedRus-BDI-content\")]"}
COMMAND: POST /session/dc8d8325bcea8c317259a85a94b902d6/execute/sync - {"script":"<script> [8489 bytes]","args":[{"element-6066-11e4-a52e-4f735466cecf":"f.B7E597006D0C94FF3F287974AC4A4A54.d.C49E46E155CB2544C9BA94F40D3F2FAE.e.2148","ELEMENT":"f.B7E597006D0C94FF3F287974AC4A4A54.d.C49E46E155CB2544C9BA94F40D3F2FAE.e.2148"}]}
RESULT: {"script":"<script> [8489 bytes]","args":[{"element-6066-11e4-a52e-4f735466cecf":"f.B7E597006D0C94FF3F287974AC4A4A54.d.C49E46E155CB2544C9BA94F40D3F2FAE.e.2148","ELEMENT":"f.B7E597006D0C94FF3F287974AC4A4A54.d.C49E46E155CB2544C9BA94F40D3F2FAE.e.2148"}]}
COMMAND: POST /session/dc8d8325bcea8c317259a85a94b902d6/execute/sync - {"script":"<script> [5351 bytes]","args":[{"element-6066-11e4-a52e-4f735466cecf":"f.B7E597006D0C94FF3F287974AC4A4A54.d.C49E46E155CB2544C9BA94F40D3F2FAE.e.2148","ELEMENT":"f.B7E597006D0C94FF3F287974AC4A4A54.d.C49E46E155CB2544C9BA94F40D3F2FAE.e.2148"}]}
COMMAND: GET /session/dc8d8325bcea8c317259a85a94b902d6/screenshot - {}
RESULT: {"script":"<script> [5351 bytes]","args":[{"element-6066-11e4-a52e-4f735466cecf":"f.B7E597006D0C94FF3F287974AC4A4A54.d.C49E46E155CB2544C9BA94F40D3F2FAE.e.2148","ELEMENT":"f.B7E597006D0C94FF3F287974AC4A4A54.d.C49E46E155CB2544C9BA94F40D3F2FAE.e.2148"}]}
COMMAND: POST /session/dc8d8325bcea8c317259a85a94b902d6/element/f.B7E597006D0C94FF3F287974AC4A4A54.d.C49E46E155CB2544C9BA94F40D3F2FAE.e.2148/click - {}
COMMAND: GET /session/dc8d8325bcea8c317259a85a94b902d6/screenshot - {}
RESULT: {}
RESULT: {}
COMMAND: GET /session/dc8d8325bcea8c317259a85a94b902d6/screenshot - {}
RESULT: {}
RESULT: {}
COMMAND: POST /session/dc8d8325bcea8c317259a85a94b902d6/element - {"using":"xpath","value":"//*[contains(@data-kt ,\"openRUIdMenuLink\")]"}
RESULT: {"using":"xpath","value":"//*[contains(@data-kt ,\"openRUIdMenuLink\")]"}
COMMAND: POST /session/dc8d8325bcea8c317259a85a94b902d6/execute/sync - {"script":"<script> [8489 bytes]","args":[{"element-6066-11e4-a52e-4f735466cecf":"f.B7E597006D0C94FF3F287974AC4A4A54.d.C49E46E155CB2544C9BA94F40D3F2FAE.e.2155","ELEMENT":"f.B7E597006D0C94FF3F287974AC4A4A54.d.C49E46E155CB2544C9BA94F40D3F2FAE.e.2155"}]}
RESULT: {"script":"<script> [8489 bytes]","args":[{"element-6066-11e4-a52e-4f735466cecf":"f.B7E597006D0C94FF3F287974AC4A4A54.d.C49E46E155CB2544C9BA94F40D3F2FAE.e.2155","ELEMENT":"f.B7E597006D0C94FF3F287974AC4A4A54.d.C49E46E155CB2544C9BA94F40D3F2FAE.e.2155"}]}
COMMAND: POST /session/dc8d8325bcea8c317259a85a94b902d6/execute/sync - {"script":"<script> [5351 bytes]","args":[{"element-6066-11e4-a52e-4f735466cecf":"f.B7E597006D0C94FF3F287974AC4A4A54.d.C49E46E155CB2544C9BA94F40D3F2FAE.e.2155","ELEMENT":"f.B7E597006D0C94FF3F287974AC4A4A54.d.C49E46E155CB2544C9BA94F40D3F2FAE.e.2155"}]}
COMMAND: GET /session/dc8d8325bcea8c317259a85a94b902d6/screenshot - {}
RESULT: {"script":"<script> [5351 bytes]","args":[{"element-6066-11e4-a52e-4f735466cecf":"f.B7E597006D0C94FF3F287974AC4A4A54.d.C49E46E155CB2544C9BA94F40D3F2FAE.e.2155","ELEMENT":"f.B7E597006D0C94FF3F287974AC4A4A54.d.C49E46E155CB2544C9BA94F40D3F2FAE.e.2155"}]}
COMMAND: POST /session/dc8d8325bcea8c317259a85a94b902d6/execute/async - {"script":"<script> [1562 bytes]","args":[{"selector":{"id":"RelatedRUsFragmentID--smartTableRUs-header","searchOpenDialogs":true},"wdio_ui5_key":"RelatedRUsFragmentIDsmartTableRUs-header"}]}
COMMAND: GET /session/dc8d8325bcea8c317259a85a94b902d6/screenshot - {}
RESULT: {}
RESULT: {"script":"<script> [1562 bytes]","args":[{"selector":{"id":"RelatedRUsFragmentID--smartTableRUs-header","searchOpenDialogs":true},"wdio_ui5_key":"RelatedRUsFragmentIDsmartTableRUs-header"}]}
RESULT: undefined
COMMAND: POST /session/dc8d8325bcea8c317259a85a94b902d6/execute/async - {"script":"<script> [6424 bytes]","args":[{"element-6066-11e4-a52e-4f735466cecf":"f.B7E597006D0C94FF3F287974AC4A4A54.d.C49E46E155CB2544C9BA94F40D3F2FAE.e.2156"},"getText",[]]}
RESULT: {}
RESULT: {"script":"<script> [6424 bytes]","args":[{"element-6066-11e4-a52e-4f735466cecf":"f.B7E597006D0C94FF3F287974AC4A4A54.d.C49E46E155CB2544C9BA94F40D3F2FAE.e.2156"},"getText",[]]}
COMMAND: POST /session/dc8d8325bcea8c317259a85a94b902d6/element/f.B7E597006D0C94FF3F287974AC4A4A54.d.C49E46E155CB2544C9BA94F40D3F2FAE.e.2155/click - {}
RESULT: {}
COMMAND: GET /session/dc8d8325bcea8c317259a85a94b902d6/screenshot - {}
RESULT: {}
COMMAND: POST /session/dc8d8325bcea8c317259a85a94b902d6/element - {"using":"xpath","value":"//*[contains(@data-kt ,\"ContextMenuId2Link\")][contains(text(), \"RU Overview\")]"}
RESULT: {"using":"xpath","value":"//*[contains(@data-kt ,\"ContextMenuId2Link\")][contains(text(), \"RU Overview\")]"}
COMMAND: POST /session/dc8d8325bcea8c317259a85a94b902d6/execute/sync - {"script":"<script> [8489 bytes]","args":[{"element-6066-11e4-a52e-4f735466cecf":"f.B7E597006D0C94FF3F287974AC4A4A54.d.C49E46E155CB2544C9BA94F40D3F2FAE.e.2158","ELEMENT":"f.B7E597006D0C94FF3F287974AC4A4A54.d.C49E46E155CB2544C9BA94F40D3F2FAE.e.2158"}]}
COMMAND: POST /session/dc8d8325bcea8c317259a85a94b902d6/element/f.B7E597006D0C94FF3F287974AC4A4A54.d.C49E46E155CB2544C9BA94F40D3F2FAE.e.2158/click - {}
RESULT: {}
COMMAND: GET /session/dc8d8325bcea8c317259a85a94b902d6/screenshot - {}
COMMAND: POST /session/dc8d8325bcea8c317259a85a94b902d6/element - {"using":"xpath","value":"//*[contains(@data-kt ,\"ContextMenuId2Link\")][contains(text(), \"RU Overview\")]"}
RESULT: {}
RESULT: {"using":"xpath","value":"//*[contains(@data-kt ,\"ContextMenuId2Link\")][contains(text(), \"RU Overview\")]"}
COMMAND: POST /session/dc8d8325bcea8c317259a85a94b902d6/element - {"using":"xpath","value":"//*[contains(@data-kt ,\"ContextMenuId2Link\")][contains(text(), \"RU Overview\")]"}
RESULT: {"using":"xpath","value":"//*[contains(@data-kt ,\"ContextMenuId2Link\")][contains(text(), \"RU Overview\")]"}
COMMAND: POST /session/dc8d8325bcea8c317259a85a94b902d6/element - {"using":"xpath","value":"//*[contains(@data-kt ,\"ContextMenuId2Link\")][contains(text(), \"RU Overview\")]"}
RESULT: {"using":"xpath","value":"//*[contains(@data-kt ,\"ContextMenuId2Link\")][contains(text(), \"RU Overview\")]"}
COMMAND: POST /session/dc8d8325bcea8c317259a85a94b902d6/element - {"using":"xpath","value":"//*[contains(@data-kt ,\"ContextMenuId2Link\")][contains(text(), \"RU Overview\")]"}
RESULT: {"using":"xpath","value":"//*[contains(@data-kt ,\"ContextMenuId2Link\")][contains(text(), \"RU Overview\")]"}
COMMAND: POST /session/dc8d8325bcea8c317259a85a94b902d6/element - {"using":"xpath","value":"//*[contains(@data-kt ,\"ContextMenuId2Link\")][contains(text(), \"RU Overview\")]"}
RESULT: {"using":"xpath","value":"//*[contains(@data-kt ,\"ContextMenuId2Link\")][contains(text(), \"RU Overview\")]"}
COMMAND: POST /session/dc8d8325bcea8c317259a85a94b902d6/element - {"using":"xpath","value":"//*[contains(@data-kt ,\"ContextMenuId2Link\")][contains(text(), \"RU Overview\")]"}
RESULT: {"using":"xpath","value":"//*[contains(@data-kt ,\"ContextMenuId2Link\")][contains(text(), \"RU Overview\")]"}
COMMAND: POST /session/dc8d8325bcea8c317259a85a94b902d6/element - {"using":"xpath","value":"//*[contains(@data-kt ,\"ContextMenuId2Link\")][contains(text(), \"RU Overview\")]"}
RESULT: {"using":"xpath","value":"//*[contains(@data-kt ,\"ContextMenuId2Link\")][contains(text(), \"RU Overview\")]"}
COMMAND: POST /session/dc8d8325bcea8c317259a85a94b902d6/element - {"using":"xpath","value":"//*[contains(@data-kt ,\"ContextMenuId2Link\")][contains(text(), \"RU Overview\")]"}
RESULT: {"using":"xpath","value":"//*[contains(@data-kt ,\"ContextMenuId2Link\")][contains(text(), \"RU Overview\")]"}
COMMAND: POST /session/dc8d8325bcea8c317259a85a94b902d6/element - {"using":"xpath","value":"//*[contains(@data-kt ,\"ContextMenuId2Link\")][contains(text(), \"RU Overview\")]"}
RESULT: {"using":"xpath","value":"//*[contains(@data-kt ,\"ContextMenuId2Link\")][contains(text(), \"RU Overview\")]"}
COMMAND: POST /session/dc8d8325bcea8c317259a85a94b902d6/element - {"using":"xpath","value":"//*[contains(@data-kt ,\"ContextMenuId2Link\")][contains(text(), \"RU Overview\")]"}
RESULT: {"using":"xpath","value":"//*[contains(@data-kt ,\"ContextMenuId2Link\")][contains(text(), \"RU Overview\")]"}
COMMAND: POST /session/dc8d8325bcea8c317259a85a94b902d6/element - {"using":"xpath","value":"//*[contains(@data-kt ,\"ContextMenuId2Link\")][contains(text(), \"RU Overview\")]"}
RESULT: {"using":"xpath","value":"//*[contains(@data-kt ,\"ContextMenuId2Link\")][contains(text(), \"RU Overview\")]"}
COMMAND: POST /session/dc8d8325bcea8c317259a85a94b902d6/element - {"using":"xpath","value":"//*[contains(@data-kt ,\"ContextMenuId2Link\")][contains(text(), \"RU Overview\")]"}
RESULT: {"using":"xpath","value":"//*[contains(@data-kt ,\"ContextMenuId2Link\")][contains(text(), \"RU Overview\")]"}
COMMAND: POST /session/dc8d8325bcea8c317259a85a94b902d6/element - {"using":"xpath","value":"//*[contains(@data-kt ,\"ContextMenuId2Link\")][contains(text(), \"RU Overview\")]"}
RESULT: {"using":"xpath","value":"//*[contains(@data-kt ,\"ContextMenuId2Link\")][contains(text(), \"RU Overview\")]"}
COMMAND: POST /session/dc8d8325bcea8c317259a85a94b902d6/element - {"using":"xpath","value":"//*[contains(@data-kt ,\"ContextMenuId2Link\")][contains(text(), \"RU Overview\")]"}
RESULT: {"using":"xpath","value":"//*[contains(@data-kt ,\"ContextMenuId2Link\")][contains(text(), \"RU Overview\")]"}
COMMAND: POST /session/dc8d8325bcea8c317259a85a94b902d6/element - {"using":"xpath","value":"//*[contains(@data-kt ,\"ContextMenuId2Link\")][contains(text(), \"RU Overview\")]"}
RESULT: {"using":"xpath","value":"//*[contains(@data-kt ,\"ContextMenuId2Link\")][contains(text(), \"RU Overview\")]"}
COMMAND: POST /session/dc8d8325bcea8c317259a85a94b902d6/element - {"using":"xpath","value":"//*[contains(@data-kt ,\"ContextMenuId2Link\")][contains(text(), \"RU Overview\")]"}
RESULT: {"using":"xpath","value":"//*[contains(@data-kt ,\"ContextMenuId2Link\")][contains(text(), \"RU Overview\")]"}
COMMAND: POST /session/dc8d8325bcea8c317259a85a94b902d6/element - {"using":"xpath","value":"//*[contains(@data-kt ,\"ContextMenuId2Link\")][contains(text(), \"RU Overview\")]"}
RESULT: {"using":"xpath","value":"//*[contains(@data-kt ,\"ContextMenuId2Link\")][contains(text(), \"RU Overview\")]"}
COMMAND: POST /session/dc8d8325bcea8c317259a85a94b902d6/element - {"using":"xpath","value":"//*[contains(@data-kt ,\"ContextMenuId2Link\")][contains(text(), \"RU Overview\")]"}
RESULT: {"using":"xpath","value":"//*[contains(@data-kt ,\"ContextMenuId2Link\")][contains(text(), \"RU Overview\")]"}
COMMAND: POST /session/dc8d8325bcea8c317259a85a94b902d6/element - {"using":"xpath","value":"//*[contains(@data-kt ,\"ContextMenuId2Link\")][contains(text(), \"RU Overview\")]"}
RESULT: {"using":"xpath","value":"//*[contains(@data-kt ,\"ContextMenuId2Link\")][contains(text(), \"RU Overview\")]"}
COMMAND: POST /session/dc8d8325bcea8c317259a85a94b902d6/element - {"using":"xpath","value":"//*[contains(@data-kt ,\"ContextMenuId2Link\")][contains(text(), \"RU Overview\")]"}
RESULT: {"using":"xpath","value":"//*[contains(@data-kt ,\"ContextMenuId2Link\")][contains(text(), \"RU Overview\")]"}
COMMAND: POST /session/dc8d8325bcea8c317259a85a94b902d6/element - {"using":"xpath","value":"//*[contains(@data-kt ,\"ContextMenuId2Link\")][contains(text(), \"RU Overview\")]"}
RESULT: {"using":"xpath","value":"//*[contains(@data-kt ,\"ContextMenuId2Link\")][contains(text(), \"RU Overview\")]"}
COMMAND: POST /session/dc8d8325bcea8c317259a85a94b902d6/element - {"using":"xpath","value":"//*[contains(@data-kt ,\"ContextMenuId2Link\")][contains(text(), \"RU Overview\")]"}
RESULT: {"using":"xpath","value":"//*[contains(@data-kt ,\"ContextMenuId2Link\")][contains(text(), \"RU Overview\")]"}
COMMAND: POST /session/dc8d8325bcea8c317259a85a94b902d6/element - {"using":"xpath","value":"//*[contains(@data-kt ,\"ContextMenuId2Link\")][contains(text(), \"RU Overview\")]"}
RESULT: {"using":"xpath","value":"//*[contains(@data-kt ,\"ContextMenuId2Link\")][contains(text(), \"RU Overview\")]"}
COMMAND: POST /session/dc8d8325bcea8c317259a85a94b902d6/element - {"using":"xpath","value":"//*[contains(@data-kt ,\"ContextMenuId2Link\")][contains(text(), \"RU Overview\")]"}
RESULT: {"using":"xpath","value":"//*[contains(@data-kt ,\"ContextMenuId2Link\")][contains(text(), \"RU Overview\")]"}
COMMAND: POST /session/dc8d8325bcea8c317259a85a94b902d6/execute/async - {"script":"<script> [1562 bytes]","args":[{"selector":{"id":"shellAppTitle"},"wdio_ui5_key":"shellAppTitle"}]}
COMMAND: POST /session/dc8d8325bcea8c317259a85a94b902d6/element - {"using":"xpath","value":"//*[contains(@data-kt ,\"ContextMenuId2Link\")][contains(text(), \"RU Overview\")]"}
RESULT: {"script":"<script> [1562 bytes]","args":[{"selector":{"id":"shellAppTitle"},"wdio_ui5_key":"shellAppTitle"}]}
RESULT: undefined
COMMAND: POST /session/dc8d8325bcea8c317259a85a94b902d6/execute/async - {"script":"<script> [6424 bytes]","args":[{"element-6066-11e4-a52e-4f735466cecf":"f.B7E597006D0C94FF3F287974AC4A4A54.d.C49E46E155CB2544C9BA94F40D3F2FAE.e.2539"},"getTitle",[]]}
RESULT: {"using":"xpath","value":"//*[contains(@data-kt ,\"ContextMenuId2Link\")][contains(text(), \"RU Overview\")]"}
RESULT: {"script":"<script> [6424 bytes]","args":[{"element-6066-11e4-a52e-4f735466cecf":"f.B7E597006D0C94FF3F287974AC4A4A54.d.C49E46E155CB2544C9BA94F40D3F2FAE.e.2539"},"getTitle",[]]}
COMMAND: POST /session/dc8d8325bcea8c317259a85a94b902d6/element - {"using":"xpath","value":"//span[contains(@id ,\"application-manageresources-display-component---detailRU--snappedTitle-inner\")][contains(text(), \"WdIORUEquip1kd4ovj\")]"}
RESULT: {"using":"xpath","value":"//span[contains(@id ,\"application-manageresources-display-component---detailRU--snappedTitle-inner\")][contains(text(), \"WdIORUEquip1kd4ovj\")]"}
COMMAND: POST /session/dc8d8325bcea8c317259a85a94b902d6/execute/sync - {"script":"<script> [8489 bytes]","args":[{"element-6066-11e4-a52e-4f735466cecf":"f.B7E597006D0C94FF3F287974AC4A4A54.d.C49E46E155CB2544C9BA94F40D3F2FAE.e.2540","ELEMENT":"f.B7E597006D0C94FF3F287974AC4A4A54.d.C49E46E155CB2544C9BA94F40D3F2FAE.e.2540"}]}
COMMAND: POST /session/dc8d8325bcea8c317259a85a94b902d6/execute/async - {"script":"<script> [1562 bytes]","args":[{"selector":{"id":"backBtn"},"wdio_ui5_key":"backBtn"}]}
COMMAND: POST /session/dc8d8325bcea8c317259a85a94b902d6/element - {"using":"xpath","value":"//*[contains(@data-kt ,\"ContextMenuId2Link\")][contains(text(), \"RU Overview\")]"}
RESULT: {"script":"<script> [8489 bytes]","args":[{"element-6066-11e4-a52e-4f735466cecf":"f.B7E597006D0C94FF3F287974AC4A4A54.d.C49E46E155CB2544C9BA94F40D3F2FAE.e.2540","ELEMENT":"f.B7E597006D0C94FF3F287974AC4A4A54.d.C49E46E155CB2544C9BA94F40D3F2FAE.e.2540"}]}
COMMAND: GET /session/dc8d8325bcea8c317259a85a94b902d6/screenshot - {}
RESULT: {"script":"<script> [1562 bytes]","args":[{"selector":{"id":"backBtn"},"wdio_ui5_key":"backBtn"}]}
RESULT: undefined
COMMAND: POST /session/dc8d8325bcea8c317259a85a94b902d6/element - {"using":"xpath","value":"//*[@id=\"backBtn\"]"}
RESULT: {"using":"xpath","value":"//*[contains(@data-kt ,\"ContextMenuId2Link\")][contains(text(), \"RU Overview\")]"}
RESULT: {}
RESULT: {"using":"xpath","value":"//*[@id=\"backBtn\"]"}
COMMAND: POST /session/dc8d8325bcea8c317259a85a94b902d6/element/f.B7E597006D0C94FF3F287974AC4A4A54.d.C49E46E155CB2544C9BA94F40D3F2FAE.e.2541/click - {}
COMMAND: POST /session/dc8d8325bcea8c317259a85a94b902d6/element - {"using":"xpath","value":"//*[contains(@data-kt ,\"ContextMenuId2Link\")][contains(text(), \"RU Overview\")]"}
RESULT: {}
COMMAND: GET /session/dc8d8325bcea8c317259a85a94b902d6/screenshot - {}
RESULT: {"using":"xpath","value":"//*[contains(@data-kt ,\"ContextMenuId2Link\")][contains(text(), \"RU Overview\")]"}
RESULT: {}
COMMAND: POST /session/dc8d8325bcea8c317259a85a94b902d6/element - {"using":"xpath","value":"//*[contains(@data-kt ,\"ContextMenuId2Link\")][contains(text(), \"RU Overview\")]"}
RESULT: {"using":"xpath","value":"//*[contains(@data-kt ,\"ContextMenuId2Link\")][contains(text(), \"RU Overview\")]"}
COMMAND: POST /session/dc8d8325bcea8c317259a85a94b902d6/element - {"using":"xpath","value":"//*[contains(@data-kt ,\"ContextMenuId2Link\")][contains(text(), \"RU Overview\")]"}
RESULT: {"using":"xpath","value":"//*[contains(@data-kt ,\"ContextMenuId2Link\")][contains(text(), \"RU Overview\")]"}
COMMAND: POST /session/dc8d8325bcea8c317259a85a94b902d6/element - {"using":"xpath","value":"//*[contains(@data-kt ,\"ContextMenuId2Link\")][contains(text(), \"RU Overview\")]"}
RESULT: {"using":"xpath","value":"//*[contains(@data-kt ,\"ContextMenuId2Link\")][contains(text(), \"RU Overview\")]"}
COMMAND: POST /session/dc8d8325bcea8c317259a85a94b902d6/element - {"using":"xpath","value":"//*[contains(@data-kt ,\"ContextMenuId2Link\")][contains(text(), \"RU Overview\")]"}
RESULT: {"using":"xpath","value":"//*[contains(@data-kt ,\"ContextMenuId2Link\")][contains(text(), \"RU Overview\")]"}
COMMAND: POST /session/dc8d8325bcea8c317259a85a94b902d6/element - {"using":"xpath","value":"//*[contains(@data-kt ,\"ContextMenuId2Link\")][contains(text(), \"RU Overview\")]"}
RESULT: {"using":"xpath","value":"//*[contains(@data-kt ,\"ContextMenuId2Link\")][contains(text(), \"RU Overview\")]"}
COMMAND: POST /session/dc8d8325bcea8c317259a85a94b902d6/element - {"using":"xpath","value":"//*[contains(@data-kt ,\"ContextMenuId2Link\")][contains(text(), \"RU Overview\")]"}
RESULT: {"using":"xpath","value":"//*[contains(@data-kt ,\"ContextMenuId2Link\")][contains(text(), \"RU Overview\")]"}
COMMAND: POST /session/dc8d8325bcea8c317259a85a94b902d6/element - {"using":"xpath","value":"//*[contains(@data-kt ,\"ContextMenuId2Link\")][contains(text(), \"RU Overview\")]"}
RESULT: {"using":"xpath","value":"//*[contains(@data-kt ,\"ContextMenuId2Link\")][contains(text(), \"RU Overview\")]"}
COMMAND: POST /session/dc8d8325bcea8c317259a85a94b902d6/element - {"using":"xpath","value":"//*[contains(@data-kt ,\"ContextMenuId2Link\")][contains(text(), \"RU Overview\")]"}
RESULT: {"using":"xpath","value":"//*[contains(@data-kt ,\"ContextMenuId2Link\")][contains(text(), \"RU Overview\")]"}
COMMAND: POST /session/dc8d8325bcea8c317259a85a94b902d6/element - {"using":"xpath","value":"//*[contains(@data-kt ,\"ContextMenuId2Link\")][contains(text(), \"RU Overview\")]"}
RESULT: {"using":"xpath","value":"//*[contains(@data-kt ,\"ContextMenuId2Link\")][contains(text(), \"RU Overview\")]"}
COMMAND: POST /session/dc8d8325bcea8c317259a85a94b902d6/element - {"using":"xpath","value":"//*[contains(@data-kt ,\"ContextMenuId2Link\")][contains(text(), \"RU Overview\")]"}
RESULT: {"using":"xpath","value":"//*[contains(@data-kt ,\"ContextMenuId2Link\")][contains(text(), \"RU Overview\")]"}
COMMAND: POST /session/dc8d8325bcea8c317259a85a94b902d6/element - {"using":"xpath","value":"//*[contains(@data-kt ,\"ContextMenuId2Link\")][contains(text(), \"RU Overview\")]"}
RESULT: {"using":"xpath","value":"//*[contains(@data-kt ,\"ContextMenuId2Link\")][contains(text(), \"RU Overview\")]"}
COMMAND: POST /session/dc8d8325bcea8c317259a85a94b902d6/element - {"using":"xpath","value":"//*[contains(@data-kt ,\"ContextMenuId2Link\")][contains(text(), \"RU Overview\")]"}
RESULT: {"using":"xpath","value":"//*[contains(@data-kt ,\"ContextMenuId2Link\")][contains(text(), \"RU Overview\")]"}
COMMAND: POST /session/dc8d8325bcea8c317259a85a94b902d6/element - {"using":"xpath","value":"//*[contains(@data-kt ,\"ContextMenuId2Link\")][contains(text(), \"RU Overview\")]"}
RESULT: {"using":"xpath","value":"//*[contains(@data-kt ,\"ContextMenuId2Link\")][contains(text(), \"RU Overview\")]"}
COMMAND: POST /session/dc8d8325bcea8c317259a85a94b902d6/element - {"using":"xpath","value":"//*[contains(@data-kt ,\"ContextMenuId2Link\")][contains(text(), \"RU Overview\")]"}
RESULT: {"using":"xpath","value":"//*[contains(@data-kt ,\"ContextMenuId2Link\")][contains(text(), \"RU Overview\")]"}
COMMAND: POST /session/dc8d8325bcea8c317259a85a94b902d6/element - {"using":"xpath","value":"//*[contains(@data-kt ,\"ContextMenuId2Link\")][contains(text(), \"RU Overview\")]"}
RESULT: {"using":"xpath","value":"//*[contains(@data-kt ,\"ContextMenuId2Link\")][contains(text(), \"RU Overview\")]"}
COMMAND: POST /session/dc8d8325bcea8c317259a85a94b902d6/element - {"using":"xpath","value":"//*[contains(@data-kt ,\"ContextMenuId2Link\")][contains(text(), \"RU Overview\")]"}
RESULT: {"using":"xpath","value":"//*[contains(@data-kt ,\"ContextMenuId2Link\")][contains(text(), \"RU Overview\")]"}
COMMAND: POST /session/dc8d8325bcea8c317259a85a94b902d6/element - {"using":"xpath","value":"//*[contains(@data-kt ,\"ContextMenuId2Link\")][contains(text(), \"RU Overview\")]"}
RESULT: {"using":"xpath","value":"//*[contains(@data-kt ,\"ContextMenuId2Link\")][contains(text(), \"RU Overview\")]"}
COMMAND: POST /session/dc8d8325bcea8c317259a85a94b902d6/element - {"using":"xpath","value":"//*[contains(@data-kt ,\"ContextMenuId2Link\")][contains(text(), \"RU Overview\")]"}
RESULT: {"using":"xpath","value":"//*[contains(@data-kt ,\"ContextMenuId2Link\")][contains(text(), \"RU Overview\")]"}
COMMAND: POST /session/dc8d8325bcea8c317259a85a94b902d6/element - {"using":"xpath","value":"//*[contains(@data-kt ,\"ContextMenuId2Link\")][contains(text(), \"RU Overview\")]"}
RESULT: {"using":"xpath","value":"//*[contains(@data-kt ,\"ContextMenuId2Link\")][contains(text(), \"RU Overview\")]"}
COMMAND: POST /session/dc8d8325bcea8c317259a85a94b902d6/element - {"using":"xpath","value":"//*[contains(@data-kt ,\"ContextMenuId2Link\")][contains(text(), \"RU Overview\")]"}
RESULT: {"using":"xpath","value":"//*[contains(@data-kt ,\"ContextMenuId2Link\")][contains(text(), \"RU Overview\")]"}
COMMAND: POST /session/dc8d8325bcea8c317259a85a94b902d6/element - {"using":"xpath","value":"//*[contains(@data-kt ,\"ContextMenuId2Link\")][contains(text(), \"RU Overview\")]"}
RESULT: {"using":"xpath","value":"//*[contains(@data-kt ,\"ContextMenuId2Link\")][contains(text(), \"RU Overview\")]"}
COMMAND: POST /session/dc8d8325bcea8c317259a85a94b902d6/element - {"using":"xpath","value":"//*[contains(@data-kt ,\"ContextMenuId2Link\")][contains(text(), \"RU Overview\")]"}
RESULT: {"using":"xpath","value":"//*[contains(@data-kt ,\"ContextMenuId2Link\")][contains(text(), \"RU Overview\")]"}
COMMAND: POST /session/dc8d8325bcea8c317259a85a94b902d6/element - {"using":"xpath","value":"//*[contains(@data-kt ,\"ContextMenuId2Link\")][contains(text(), \"RU Overview\")]"}
RESULT: {"using":"xpath","value":"//*[contains(@data-kt ,\"ContextMenuId2Link\")][contains(text(), \"RU Overview\")]"}
COMMAND: POST /session/dc8d8325bcea8c317259a85a94b902d6/element - {"using":"xpath","value":"//*[contains(@data-kt ,\"ContextMenuId2Link\")][contains(text(), \"RU Overview\")]"}
RESULT: {"using":"xpath","value":"//*[contains(@data-kt ,\"ContextMenuId2Link\")][contains(text(), \"RU Overview\")]"}
COMMAND: POST /session/dc8d8325bcea8c317259a85a94b902d6/element - {"using":"xpath","value":"//*[contains(@data-kt ,\"ContextMenuId2Link\")][contains(text(), \"RU Overview\")]"}
RESULT: {"using":"xpath","value":"//*[contains(@data-kt ,\"ContextMenuId2Link\")][contains(text(), \"RU Overview\")]"}
COMMAND: POST /session/dc8d8325bcea8c317259a85a94b902d6/element - {"using":"xpath","value":"//*[contains(@data-kt ,\"ContextMenuId2Link\")][contains(text(), \"RU Overview\")]"}
RESULT: {"using":"xpath","value":"//*[contains(@data-kt ,\"ContextMenuId2Link\")][contains(text(), \"RU Overview\")]"}
COMMAND: POST /session/dc8d8325bcea8c317259a85a94b902d6/element - {"using":"xpath","value":"//*[contains(@data-kt ,\"ContextMenuId2Link\")][contains(text(), \"RU Overview\")]"}
RESULT: {"using":"xpath","value":"//*[contains(@data-kt ,\"ContextMenuId2Link\")][contains(text(), \"RU Overview\")]"}
COMMAND: POST /session/dc8d8325bcea8c317259a85a94b902d6/execute/sync - {"script":"<script> [8489 bytes]","args":[{"element-6066-11e4-a52e-4f735466cecf":"f.B7E597006D0C94FF3F287974AC4A4A54.d.C49E46E155CB2544C9BA94F40D3F2FAE.e.2148","ELEMENT":"f.B7E597006D0C94FF3F287974AC4A4A54.d.C49E46E155CB2544C9BA94F40D3F2FAE.e.2148"}]}
COMMAND: POST /session/dc8d8325bcea8c317259a85a94b902d6/element - {"using":"xpath","value":"//bdi[contains(@id ,\"application-manageresources-display-component---detailRU--openRelatedRus-BDI-content\")]"}
RESULT: {"using":"xpath","value":"//bdi[contains(@id ,\"application-manageresources-display-component---detailRU--openRelatedRus-BDI-content\")]"}
COMMAND: POST /session/dc8d8325bcea8c317259a85a94b902d6/execute/sync - {"script":"<script> [8489 bytes]","args":[{"element-6066-11e4-a52e-4f735466cecf":"f.B7E597006D0C94FF3F287974AC4A4A54.d.C49E46E155CB2544C9BA94F40D3F2FAE.e.2900","ELEMENT":"f.B7E597006D0C94FF3F287974AC4A4A54.d.C49E46E155CB2544C9BA94F40D3F2FAE.e.2900"}]}
RESULT: {"script":"<script> [8489 bytes]","args":[{"element-6066-11e4-a52e-4f735466cecf":"f.B7E597006D0C94FF3F287974AC4A4A54.d.C49E46E155CB2544C9BA94F40D3F2FAE.e.2900","ELEMENT":"f.B7E597006D0C94FF3F287974AC4A4A54.d.C49E46E155CB2544C9BA94F40D3F2FAE.e.2900"}]}
COMMAND: POST /session/dc8d8325bcea8c317259a85a94b902d6/execute/sync - {"script":"<script> [5351 bytes]","args":[{"element-6066-11e4-a52e-4f735466cecf":"f.B7E597006D0C94FF3F287974AC4A4A54.d.C49E46E155CB2544C9BA94F40D3F2FAE.e.2900","ELEMENT":"f.B7E597006D0C94FF3F287974AC4A4A54.d.C49E46E155CB2544C9BA94F40D3F2FAE.e.2900"}]}
COMMAND: GET /session/dc8d8325bcea8c317259a85a94b902d6/screenshot - {}
RESULT: {"script":"<script> [5351 bytes]","args":[{"element-6066-11e4-a52e-4f735466cecf":"f.B7E597006D0C94FF3F287974AC4A4A54.d.C49E46E155CB2544C9BA94F40D3F2FAE.e.2900","ELEMENT":"f.B7E597006D0C94FF3F287974AC4A4A54.d.C49E46E155CB2544C9BA94F40D3F2FAE.e.2900"}]}
COMMAND: POST /session/dc8d8325bcea8c317259a85a94b902d6/element/f.B7E597006D0C94FF3F287974AC4A4A54.d.C49E46E155CB2544C9BA94F40D3F2FAE.e.2900/click - {}
COMMAND: GET /session/dc8d8325bcea8c317259a85a94b902d6/screenshot - {}
RESULT: {}
RESULT: {}
COMMAND: GET /session/dc8d8325bcea8c317259a85a94b902d6/screenshot - {}
RESULT: {}
RESULT: {}
COMMAND: POST /session/dc8d8325bcea8c317259a85a94b902d6/execute/sync - {"script":"<script> [8489 bytes]","args":[{"element-6066-11e4-a52e-4f735466cecf":"f.B7E597006D0C94FF3F287974AC4A4A54.d.C49E46E155CB2544C9BA94F40D3F2FAE.e.2155","ELEMENT":"f.B7E597006D0C94FF3F287974AC4A4A54.d.C49E46E155CB2544C9BA94F40D3F2FAE.e.2155"}]}
COMMAND: POST /session/dc8d8325bcea8c317259a85a94b902d6/element - {"using":"xpath","value":"//*[contains(@data-kt ,\"openRUIdMenuLink\")]"}
RESULT: {"using":"xpath","value":"//*[contains(@data-kt ,\"openRUIdMenuLink\")]"}
COMMAND: POST /session/dc8d8325bcea8c317259a85a94b902d6/execute/sync - {"script":"<script> [8489 bytes]","args":[{"element-6066-11e4-a52e-4f735466cecf":"f.B7E597006D0C94FF3F287974AC4A4A54.d.C49E46E155CB2544C9BA94F40D3F2FAE.e.2906","ELEMENT":"f.B7E597006D0C94FF3F287974AC4A4A54.d.C49E46E155CB2544C9BA94F40D3F2FAE.e.2906"}]}
RESULT: {"script":"<script> [8489 bytes]","args":[{"element-6066-11e4-a52e-4f735466cecf":"f.B7E597006D0C94FF3F287974AC4A4A54.d.C49E46E155CB2544C9BA94F40D3F2FAE.e.2906","ELEMENT":"f.B7E597006D0C94FF3F287974AC4A4A54.d.C49E46E155CB2544C9BA94F40D3F2FAE.e.2906"}]}
COMMAND: POST /session/dc8d8325bcea8c317259a85a94b902d6/execute/sync - {"script":"<script> [5351 bytes]","args":[{"element-6066-11e4-a52e-4f735466cecf":"f.B7E597006D0C94FF3F287974AC4A4A54.d.C49E46E155CB2544C9BA94F40D3F2FAE.e.2906","ELEMENT":"f.B7E597006D0C94FF3F287974AC4A4A54.d.C49E46E155CB2544C9BA94F40D3F2FAE.e.2906"}]}
COMMAND: GET /session/dc8d8325bcea8c317259a85a94b902d6/screenshot - {}
RESULT: {"script":"<script> [5351 bytes]","args":[{"element-6066-11e4-a52e-4f735466cecf":"f.B7E597006D0C94FF3F287974AC4A4A54.d.C49E46E155CB2544C9BA94F40D3F2FAE.e.2906","ELEMENT":"f.B7E597006D0C94FF3F287974AC4A4A54.d.C49E46E155CB2544C9BA94F40D3F2FAE.e.2906"}]}
COMMAND: POST /session/dc8d8325bcea8c317259a85a94b902d6/element/f.B7E597006D0C94FF3F287974AC4A4A54.d.C49E46E155CB2544C9BA94F40D3F2FAE.e.2906/click - {}
COMMAND: GET /session/dc8d8325bcea8c317259a85a94b902d6/screenshot - {}
RESULT: {}
RESULT: {}
COMMAND: GET /session/dc8d8325bcea8c317259a85a94b902d6/screenshot - {}
RESULT: {}
RESULT: {}
COMMAND: POST /session/dc8d8325bcea8c317259a85a94b902d6/element - {"using":"xpath","value":"//button[contains(@data-kt ,\"ContextMenuExternalId2Link\")]"}
RESULT: {"using":"xpath","value":"//button[contains(@data-kt ,\"ContextMenuExternalId2Link\")]"}
COMMAND: POST /session/dc8d8325bcea8c317259a85a94b902d6/element/f.B7E597006D0C94FF3F287974AC4A4A54.d.C49E46E155CB2544C9BA94F40D3F2FAE.e.2907/click - {}
RESULT: {}
COMMAND: GET /session/dc8d8325bcea8c317259a85a94b902d6/screenshot - {}
RESULT: {}
COMMAND: GET /session/dc8d8325bcea8c317259a85a94b902d6/window/handles - {}
RESULT: {}
COMMAND: POST /session/dc8d8325bcea8c317259a85a94b902d6/window - {"handle":"78C0728A8AD221FAC185D3539BF31C4E"}
RESULT: {"handle":"78C0728A8AD221FAC185D3539BF31C4E"}
COMMAND: GET /session/dc8d8325bcea8c317259a85a94b902d6/url - {}
RESULT: {}
COMMAND: GET /session/dc8d8325bcea8c317259a85a94b902d6/screenshot - {}
RESULT: {}
COMMAND: POST /session/dc8d8325bcea8c317259a85a94b902d6/execute/sync - {"script":"<script> [8489 bytes]","args":[{"element-6066-11e4-a52e-4f735466cecf":"f.B7E597006D0C94FF3F287974AC4A4A54.d.C49E46E155CB2544C9BA94F40D3F2FAE.e.2540","ELEMENT":"f.B7E597006D0C94FF3F287974AC4A4A54.d.C49E46E155CB2544C9BA94F40D3F2FAE.e.2540"}]}
COMMAND: DELETE /session/dc8d8325bcea8c317259a85a94b902d6/window - {}
RESULT: {}
COMMAND: POST /session/dc8d8325bcea8c317259a85a94b902d6/window - {"handle":"B7E597006D0C94FF3F287974AC4A4A54"}
RESULT: {"handle":"B7E597006D0C94FF3F287974AC4A4A54"}
COMMAND: GET /session/dc8d8325bcea8c317259a85a94b902d6/url - {}
COMMAND: POST /session/dc8d8325bcea8c317259a85a94b902d6/element - {"using":"xpath","value":"//span[contains(@id ,\"application-manageresources-display-component---detailRU--snappedTitle-inner\")][contains(text(), \"WdIORUEquip1kd4ovj\")]"}
RESULT: {}
COMMAND: GET /session/dc8d8325bcea8c317259a85a94b902d6/screenshot - {}
RESULT: {"using":"xpath","value":"//span[contains(@id ,\"application-manageresources-display-component---detailRU--snappedTitle-inner\")][contains(text(), \"WdIORUEquip1kd4ovj\")]"}
COMMAND: POST /session/dc8d8325bcea8c317259a85a94b902d6/element - {"using":"xpath","value":"//span[contains(@id ,\"application-manageresources-display-component---detailRU--snappedTitle-inner\")][contains(text(), \"WdIORUEquip1kd4ovj\")]"}
RESULT: {}
RESULT: {"using":"xpath","value":"//span[contains(@id ,\"application-manageresources-display-component---detailRU--snappedTitle-inner\")][contains(text(), \"WdIORUEquip1kd4ovj\")]"}
COMMAND: POST /session/dc8d8325bcea8c317259a85a94b902d6/element - {"using":"xpath","value":"//span[contains(@id ,\"application-manageresources-display-component---detailRU--snappedTitle-inner\")][contains(text(), \"WdIORUEquip1kd4ovj\")]"}
RESULT: {"using":"xpath","value":"//span[contains(@id ,\"application-manageresources-display-component---detailRU--snappedTitle-inner\")][contains(text(), \"WdIORUEquip1kd4ovj\")]"}
COMMAND: POST /session/dc8d8325bcea8c317259a85a94b902d6/element - {"using":"xpath","value":"//span[contains(@id ,\"application-manageresources-display-component---detailRU--snappedTitle-inner\")][contains(text(), \"WdIORUEquip1kd4ovj\")]"}
RESULT: {"using":"xpath","value":"//span[contains(@id ,\"application-manageresources-display-component---detailRU--snappedTitle-inner\")][contains(text(), \"WdIORUEquip1kd4ovj\")]"}
COMMAND: POST /session/dc8d8325bcea8c317259a85a94b902d6/element - {"using":"xpath","value":"//span[contains(@id ,\"application-manageresources-display-component---detailRU--snappedTitle-inner\")][contains(text(), \"WdIORUEquip1kd4ovj\")]"}
RESULT: {"using":"xpath","value":"//span[contains(@id ,\"application-manageresources-display-component---detailRU--snappedTitle-inner\")][contains(text(), \"WdIORUEquip1kd4ovj\")]"}
COMMAND: POST /session/dc8d8325bcea8c317259a85a94b902d6/element - {"using":"xpath","value":"//span[contains(@id ,\"application-manageresources-display-component---detailRU--snappedTitle-inner\")][contains(text(), \"WdIORUEquip1kd4ovj\")]"}
RESULT: {"using":"xpath","value":"//span[contains(@id ,\"application-manageresources-display-component---detailRU--snappedTitle-inner\")][contains(text(), \"WdIORUEquip1kd4ovj\")]"}
COMMAND: POST /session/dc8d8325bcea8c317259a85a94b902d6/element - {"using":"xpath","value":"//span[contains(@id ,\"application-manageresources-display-component---detailRU--snappedTitle-inner\")][contains(text(), \"WdIORUEquip1kd4ovj\")]"}
RESULT: {"using":"xpath","value":"//span[contains(@id ,\"application-manageresources-display-component---detailRU--snappedTitle-inner\")][contains(text(), \"WdIORUEquip1kd4ovj\")]"}
COMMAND: POST /session/dc8d8325bcea8c317259a85a94b902d6/element - {"using":"xpath","value":"//span[contains(@id ,\"application-manageresources-display-component---detailRU--snappedTitle-inner\")][contains(text(), \"WdIORUEquip1kd4ovj\")]"}
RESULT: {"using":"xpath","value":"//span[contains(@id ,\"application-manageresources-display-component---detailRU--snappedTitle-inner\")][contains(text(), \"WdIORUEquip1kd4ovj\")]"}
COMMAND: POST /session/dc8d8325bcea8c317259a85a94b902d6/element - {"using":"xpath","value":"//span[contains(@id ,\"application-manageresources-display-component---detailRU--snappedTitle-inner\")][contains(text(), \"WdIORUEquip1kd4ovj\")]"}
RESULT: {"using":"xpath","value":"//span[contains(@id ,\"application-manageresources-display-component---detailRU--snappedTitle-inner\")][contains(text(), \"WdIORUEquip1kd4ovj\")]"}
COMMAND: POST /session/dc8d8325bcea8c317259a85a94b902d6/element - {"using":"xpath","value":"//span[contains(@id ,\"application-manageresources-display-component---detailRU--snappedTitle-inner\")][contains(text(), \"WdIORUEquip1kd4ovj\")]"}
RESULT: {"using":"xpath","value":"//span[contains(@id ,\"application-manageresources-display-component---detailRU--snappedTitle-inner\")][contains(text(), \"WdIORUEquip1kd4ovj\")]"}
]]></system-out>
    </testcase>
    <testcase classname="chrome.136_0_7103_93.windows.Related_resources_for_groups_US139107" name="Should verify the current location hyperlinks in related resources" time="178.416">
      <system-out><![CDATA[
COMMAND: POST /session/dc8d8325bcea8c317259a85a94b902d6/element - {"using":"xpath","value":"//*[contains(@data-kt ,\"openLocationActionMenuLink\")]"}
RESULT: {"using":"xpath","value":"//*[contains(@data-kt ,\"openLocationActionMenuLink\")]"}
COMMAND: POST /session/dc8d8325bcea8c317259a85a94b902d6/execute/sync - {"script":"<script> [8489 bytes]","args":[{"element-6066-11e4-a52e-4f735466cecf":"f.B7E597006D0C94FF3F287974AC4A4A54.d.C49E46E155CB2544C9BA94F40D3F2FAE.e.3143","ELEMENT":"f.B7E597006D0C94FF3F287974AC4A4A54.d.C49E46E155CB2544C9BA94F40D3F2FAE.e.3143"}]}
RESULT: {"script":"<script> [8489 bytes]","args":[{"element-6066-11e4-a52e-4f735466cecf":"f.B7E597006D0C94FF3F287974AC4A4A54.d.C49E46E155CB2544C9BA94F40D3F2FAE.e.3143","ELEMENT":"f.B7E597006D0C94FF3F287974AC4A4A54.d.C49E46E155CB2544C9BA94F40D3F2FAE.e.3143"}]}
COMMAND: POST /session/dc8d8325bcea8c317259a85a94b902d6/execute/sync - {"script":"<script> [5351 bytes]","args":[{"element-6066-11e4-a52e-4f735466cecf":"f.B7E597006D0C94FF3F287974AC4A4A54.d.C49E46E155CB2544C9BA94F40D3F2FAE.e.3143","ELEMENT":"f.B7E597006D0C94FF3F287974AC4A4A54.d.C49E46E155CB2544C9BA94F40D3F2FAE.e.3143"}]}
COMMAND: GET /session/dc8d8325bcea8c317259a85a94b902d6/screenshot - {}
RESULT: {}
RESULT: {"script":"<script> [5351 bytes]","args":[{"element-6066-11e4-a52e-4f735466cecf":"f.B7E597006D0C94FF3F287974AC4A4A54.d.C49E46E155CB2544C9BA94F40D3F2FAE.e.3143","ELEMENT":"f.B7E597006D0C94FF3F287974AC4A4A54.d.C49E46E155CB2544C9BA94F40D3F2FAE.e.3143"}]}
COMMAND: POST /session/dc8d8325bcea8c317259a85a94b902d6/element/f.B7E597006D0C94FF3F287974AC4A4A54.d.C49E46E155CB2544C9BA94F40D3F2FAE.e.3143/click - {}
COMMAND: GET /session/dc8d8325bcea8c317259a85a94b902d6/screenshot - {}
COMMAND: POST /session/dc8d8325bcea8c317259a85a94b902d6/element - {"using":"xpath","value":"//span[contains(@id ,\"application-manageresources-display-component---detailRU--snappedTitle-inner\")][contains(text(), \"WdIORUEquip1kd4ovj\")]"}
RESULT: {}
COMMAND: GET /session/dc8d8325bcea8c317259a85a94b902d6/screenshot - {}
RESULT: {}
RESULT: {"using":"xpath","value":"//span[contains(@id ,\"application-manageresources-display-component---detailRU--snappedTitle-inner\")][contains(text(), \"WdIORUEquip1kd4ovj\")]"}
RESULT: {}
COMMAND: POST /session/dc8d8325bcea8c317259a85a94b902d6/element - {"using":"xpath","value":"//span[contains(@id ,\"application-manageresources-display-component---detailRU--snappedTitle-inner\")][contains(text(), \"WdIORUEquip1kd4ovj\")]"}
RESULT: {"using":"xpath","value":"//span[contains(@id ,\"application-manageresources-display-component---detailRU--snappedTitle-inner\")][contains(text(), \"WdIORUEquip1kd4ovj\")]"}
COMMAND: POST /session/dc8d8325bcea8c317259a85a94b902d6/element - {"using":"xpath","value":"//span[contains(@id ,\"application-manageresources-display-component---detailRU--snappedTitle-inner\")][contains(text(), \"WdIORUEquip1kd4ovj\")]"}
RESULT: {"using":"xpath","value":"//span[contains(@id ,\"application-manageresources-display-component---detailRU--snappedTitle-inner\")][contains(text(), \"WdIORUEquip1kd4ovj\")]"}
COMMAND: POST /session/dc8d8325bcea8c317259a85a94b902d6/element - {"using":"xpath","value":"//span[contains(@id ,\"application-manageresources-display-component---detailRU--snappedTitle-inner\")][contains(text(), \"WdIORUEquip1kd4ovj\")]"}
COMMAND: POST /session/dc8d8325bcea8c317259a85a94b902d6/element - {"using":"xpath","value":"//a[contains(@class ,\"sapMLnk sapMLnkMaxWidth sapUiTinyMarginTop\")][contains(text(), \"Yard Overview\")]"}
RESULT: {"using":"xpath","value":"//span[contains(@id ,\"application-manageresources-display-component---detailRU--snappedTitle-inner\")][contains(text(), \"WdIORUEquip1kd4ovj\")]"}
RESULT: {"using":"xpath","value":"//a[contains(@class ,\"sapMLnk sapMLnkMaxWidth sapUiTinyMarginTop\")][contains(text(), \"Yard Overview\")]"}
COMMAND: POST /session/dc8d8325bcea8c317259a85a94b902d6/execute/sync - {"script":"<script> [8489 bytes]","args":[{"element-6066-11e4-a52e-4f735466cecf":"f.B7E597006D0C94FF3F287974AC4A4A54.d.C49E46E155CB2544C9BA94F40D3F2FAE.e.3145","ELEMENT":"f.B7E597006D0C94FF3F287974AC4A4A54.d.C49E46E155CB2544C9BA94F40D3F2FAE.e.3145"}]}
COMMAND: POST /session/dc8d8325bcea8c317259a85a94b902d6/element - {"using":"xpath","value":"//a[contains(@class ,\"sapMLnk sapMLnkMaxWidth sapUiTinyMarginTop\")][contains(text(), \"Yard Address\")]"}
RESULT: {"using":"xpath","value":"//a[contains(@class ,\"sapMLnk sapMLnkMaxWidth sapUiTinyMarginTop\")][contains(text(), \"Yard Address\")]"}
COMMAND: POST /session/dc8d8325bcea8c317259a85a94b902d6/execute/sync - {"script":"<script> [8489 bytes]","args":[{"element-6066-11e4-a52e-4f735466cecf":"f.B7E597006D0C94FF3F287974AC4A4A54.d.C49E46E155CB2544C9BA94F40D3F2FAE.e.3146","ELEMENT":"f.B7E597006D0C94FF3F287974AC4A4A54.d.C49E46E155CB2544C9BA94F40D3F2FAE.e.3146"}]}
COMMAND: POST /session/dc8d8325bcea8c317259a85a94b902d6/element/f.B7E597006D0C94FF3F287974AC4A4A54.d.C49E46E155CB2544C9BA94F40D3F2FAE.e.3145/click - {}
RESULT: {"script":"<script> [8489 bytes]","args":[{"element-6066-11e4-a52e-4f735466cecf":"f.B7E597006D0C94FF3F287974AC4A4A54.d.C49E46E155CB2544C9BA94F40D3F2FAE.e.3145","ELEMENT":"f.B7E597006D0C94FF3F287974AC4A4A54.d.C49E46E155CB2544C9BA94F40D3F2FAE.e.3145"}]}
COMMAND: GET /session/dc8d8325bcea8c317259a85a94b902d6/screenshot - {}
COMMAND: POST /session/dc8d8325bcea8c317259a85a94b902d6/element - {"using":"xpath","value":"//span[contains(@id ,\"application-manageresources-display-component---detailRU--snappedTitle-inner\")][contains(text(), \"WdIORUEquip1kd4ovj\")]"}
RESULT: {}
COMMAND: GET /session/dc8d8325bcea8c317259a85a94b902d6/screenshot - {}
RESULT: {"script":"<script> [8489 bytes]","args":[{"element-6066-11e4-a52e-4f735466cecf":"f.B7E597006D0C94FF3F287974AC4A4A54.d.C49E46E155CB2544C9BA94F40D3F2FAE.e.3146","ELEMENT":"f.B7E597006D0C94FF3F287974AC4A4A54.d.C49E46E155CB2544C9BA94F40D3F2FAE.e.3146"}]}
COMMAND: GET /session/dc8d8325bcea8c317259a85a94b902d6/screenshot - {}
RESULT: {}
RESULT: {"using":"xpath","value":"//span[contains(@id ,\"application-manageresources-display-component---detailRU--snappedTitle-inner\")][contains(text(), \"WdIORUEquip1kd4ovj\")]"}
COMMAND: POST /session/dc8d8325bcea8c317259a85a94b902d6/element - {"using":"xpath","value":"//span[contains(@id ,\"application-manageresources-display-component---detailRU--snappedTitle-inner\")][contains(text(), \"WdIORUEquip1kd4ovj\")]"}
RESULT: {}
RESULT: {}
RESULT: {"using":"xpath","value":"//span[contains(@id ,\"application-manageresources-display-component---detailRU--snappedTitle-inner\")][contains(text(), \"WdIORUEquip1kd4ovj\")]"}
COMMAND: POST /session/dc8d8325bcea8c317259a85a94b902d6/element - {"using":"xpath","value":"//span[contains(@id ,\"application-manageresources-display-component---detailRU--snappedTitle-inner\")][contains(text(), \"WdIORUEquip1kd4ovj\")]"}
RESULT: {"using":"xpath","value":"//span[contains(@id ,\"application-manageresources-display-component---detailRU--snappedTitle-inner\")][contains(text(), \"WdIORUEquip1kd4ovj\")]"}
COMMAND: POST /session/dc8d8325bcea8c317259a85a94b902d6/element - {"using":"xpath","value":"//span[contains(@id ,\"application-manageresources-display-component---detailRU--snappedTitle-inner\")][contains(text(), \"WdIORUEquip1kd4ovj\")]"}
RESULT: {"using":"xpath","value":"//span[contains(@id ,\"application-manageresources-display-component---detailRU--snappedTitle-inner\")][contains(text(), \"WdIORUEquip1kd4ovj\")]"}
COMMAND: POST /session/dc8d8325bcea8c317259a85a94b902d6/element - {"using":"xpath","value":"//span[contains(@id ,\"application-manageresources-display-component---detailRU--snappedTitle-inner\")][contains(text(), \"WdIORUEquip1kd4ovj\")]"}
RESULT: {"using":"xpath","value":"//span[contains(@id ,\"application-manageresources-display-component---detailRU--snappedTitle-inner\")][contains(text(), \"WdIORUEquip1kd4ovj\")]"}
COMMAND: POST /session/dc8d8325bcea8c317259a85a94b902d6/element - {"using":"xpath","value":"//span[contains(@id ,\"application-manageresources-display-component---detailRU--snappedTitle-inner\")][contains(text(), \"WdIORUEquip1kd4ovj\")]"}
RESULT: {"using":"xpath","value":"//span[contains(@id ,\"application-manageresources-display-component---detailRU--snappedTitle-inner\")][contains(text(), \"WdIORUEquip1kd4ovj\")]"}
COMMAND: POST /session/dc8d8325bcea8c317259a85a94b902d6/element - {"using":"xpath","value":"//span[contains(@id ,\"application-manageresources-display-component---detailRU--snappedTitle-inner\")][contains(text(), \"WdIORUEquip1kd4ovj\")]"}
RESULT: {"using":"xpath","value":"//span[contains(@id ,\"application-manageresources-display-component---detailRU--snappedTitle-inner\")][contains(text(), \"WdIORUEquip1kd4ovj\")]"}
COMMAND: POST /session/dc8d8325bcea8c317259a85a94b902d6/element - {"using":"xpath","value":"//span[contains(@id ,\"application-manageresources-display-component---detailRU--snappedTitle-inner\")][contains(text(), \"WdIORUEquip1kd4ovj\")]"}
RESULT: {"using":"xpath","value":"//span[contains(@id ,\"application-manageresources-display-component---detailRU--snappedTitle-inner\")][contains(text(), \"WdIORUEquip1kd4ovj\")]"}
COMMAND: POST /session/dc8d8325bcea8c317259a85a94b902d6/element - {"using":"xpath","value":"//span[contains(@id ,\"application-manageresources-display-component---detailRU--snappedTitle-inner\")][contains(text(), \"WdIORUEquip1kd4ovj\")]"}
RESULT: {"using":"xpath","value":"//span[contains(@id ,\"application-manageresources-display-component---detailRU--snappedTitle-inner\")][contains(text(), \"WdIORUEquip1kd4ovj\")]"}
COMMAND: POST /session/dc8d8325bcea8c317259a85a94b902d6/element - {"using":"xpath","value":"//span[contains(@id ,\"application-manageresources-display-component---detailRU--snappedTitle-inner\")][contains(text(), \"WdIORUEquip1kd4ovj\")]"}
RESULT: {"using":"xpath","value":"//span[contains(@id ,\"application-manageresources-display-component---detailRU--snappedTitle-inner\")][contains(text(), \"WdIORUEquip1kd4ovj\")]"}
COMMAND: POST /session/dc8d8325bcea8c317259a85a94b902d6/element - {"using":"xpath","value":"//span[contains(@id ,\"application-manageresources-display-component---detailRU--snappedTitle-inner\")][contains(text(), \"WdIORUEquip1kd4ovj\")]"}
RESULT: {"using":"xpath","value":"//span[contains(@id ,\"application-manageresources-display-component---detailRU--snappedTitle-inner\")][contains(text(), \"WdIORUEquip1kd4ovj\")]"}
COMMAND: POST /session/dc8d8325bcea8c317259a85a94b902d6/element - {"using":"xpath","value":"//span[contains(@id ,\"application-manageresources-display-component---detailRU--snappedTitle-inner\")][contains(text(), \"WdIORUEquip1kd4ovj\")]"}
RESULT: {"using":"xpath","value":"//span[contains(@id ,\"application-manageresources-display-component---detailRU--snappedTitle-inner\")][contains(text(), \"WdIORUEquip1kd4ovj\")]"}
COMMAND: POST /session/dc8d8325bcea8c317259a85a94b902d6/element - {"using":"xpath","value":"//span[contains(@id ,\"application-manageresources-display-component---detailRU--snappedTitle-inner\")][contains(text(), \"WdIORUEquip1kd4ovj\")]"}
RESULT: {"using":"xpath","value":"//span[contains(@id ,\"application-manageresources-display-component---detailRU--snappedTitle-inner\")][contains(text(), \"WdIORUEquip1kd4ovj\")]"}
RESULT: undefined
COMMAND: POST /session/dc8d8325bcea8c317259a85a94b902d6/execute/async - {"script":"<script> [6424 bytes]","args":[{"element-6066-11e4-a52e-4f735466cecf":"f.B7E597006D0C94FF3F287974AC4A4A54.d.C49E46E155CB2544C9BA94F40D3F2FAE.e.2539"},"getTitle",[]]}
COMMAND: POST /session/dc8d8325bcea8c317259a85a94b902d6/execute/async - {"script":"<script> [1562 bytes]","args":[{"selector":{"id":"shellAppTitle"},"wdio_ui5_key":"shellAppTitle"}]}
COMMAND: POST /session/dc8d8325bcea8c317259a85a94b902d6/element - {"using":"xpath","value":"//span[contains(@id ,\"application-manageresources-display-component---detailRU--snappedTitle-inner\")][contains(text(), \"WdIORUEquip1kd4ovj\")]"}
RESULT: {"script":"<script> [1562 bytes]","args":[{"selector":{"id":"shellAppTitle"},"wdio_ui5_key":"shellAppTitle"}]}
COMMAND: POST /session/dc8d8325bcea8c317259a85a94b902d6/execute/async - {"script":"<script> [6424 bytes]","args":[{"element-6066-11e4-a52e-4f735466cecf":"f.B7E597006D0C94FF3F287974AC4A4A54.d.C49E46E155CB2544C9BA94F40D3F2FAE.e.3277"},"getTitle",[]]}
RESULT: {"using":"xpath","value":"//span[contains(@id ,\"application-manageresources-display-component---detailRU--snappedTitle-inner\")][contains(text(), \"WdIORUEquip1kd4ovj\")]"}
RESULT: {"script":"<script> [6424 bytes]","args":[{"element-6066-11e4-a52e-4f735466cecf":"f.B7E597006D0C94FF3F287974AC4A4A54.d.C49E46E155CB2544C9BA94F40D3F2FAE.e.3277"},"getTitle",[]]}
COMMAND: POST /session/dc8d8325bcea8c317259a85a94b902d6/element - {"using":"xpath","value":"(//span[contains(text(), \"null\")])[2]"}
RESULT: {"using":"xpath","value":"(//span[contains(text(), \"null\")])[2]"}
COMMAND: POST /session/dc8d8325bcea8c317259a85a94b902d6/element - {"using":"xpath","value":"(//span[contains(text(), \"null\")])[2]"}
RESULT: undefined
COMMAND: POST /session/dc8d8325bcea8c317259a85a94b902d6/element - {"using":"xpath","value":"//*[@id=\"backBtn\"]"}
COMMAND: POST /session/dc8d8325bcea8c317259a85a94b902d6/element - {"using":"xpath","value":"//span[contains(@id ,\"application-manageresources-display-component---detailRU--snappedTitle-inner\")][contains(text(), \"WdIORUEquip1kd4ovj\")]"}
RESULT: {"using":"xpath","value":"(//span[contains(text(), \"null\")])[2]"}
RESULT: {"using":"xpath","value":"//*[@id=\"backBtn\"]"}
COMMAND: POST /session/dc8d8325bcea8c317259a85a94b902d6/element/f.B7E597006D0C94FF3F287974AC4A4A54.d.C49E46E155CB2544C9BA94F40D3F2FAE.e.2541/click - {}
RESULT: {"using":"xpath","value":"//span[contains(@id ,\"application-manageresources-display-component---detailRU--snappedTitle-inner\")][contains(text(), \"WdIORUEquip1kd4ovj\")]"}
RESULT: {}
COMMAND: GET /session/dc8d8325bcea8c317259a85a94b902d6/screenshot - {}
COMMAND: POST /session/dc8d8325bcea8c317259a85a94b902d6/element - {"using":"xpath","value":"(//span[contains(text(), \"null\")])[2]"}
COMMAND: POST /session/dc8d8325bcea8c317259a85a94b902d6/element - {"using":"xpath","value":"//span[contains(@id ,\"application-manageresources-display-component---detailRU--snappedTitle-inner\")][contains(text(), \"WdIORUEquip1kd4ovj\")]"}
RESULT: {}
RESULT: {"using":"xpath","value":"(//span[contains(text(), \"null\")])[2]"}
RESULT: {"using":"xpath","value":"//span[contains(@id ,\"application-manageresources-display-component---detailRU--snappedTitle-inner\")][contains(text(), \"WdIORUEquip1kd4ovj\")]"}
COMMAND: POST /session/dc8d8325bcea8c317259a85a94b902d6/element - {"using":"xpath","value":"(//span[contains(text(), \"null\")])[2]"}
COMMAND: POST /session/dc8d8325bcea8c317259a85a94b902d6/element - {"using":"xpath","value":"//span[contains(@id ,\"application-manageresources-display-component---detailRU--snappedTitle-inner\")][contains(text(), \"WdIORUEquip1kd4ovj\")]"}
RESULT: {"using":"xpath","value":"(//span[contains(text(), \"null\")])[2]"}
RESULT: {"using":"xpath","value":"//span[contains(@id ,\"application-manageresources-display-component---detailRU--snappedTitle-inner\")][contains(text(), \"WdIORUEquip1kd4ovj\")]"}
COMMAND: POST /session/dc8d8325bcea8c317259a85a94b902d6/element - {"using":"xpath","value":"(//span[contains(text(), \"null\")])[2]"}
RESULT: {"using":"xpath","value":"(//span[contains(text(), \"null\")])[2]"}
COMMAND: POST /session/dc8d8325bcea8c317259a85a94b902d6/element - {"using":"xpath","value":"//span[contains(@id ,\"application-manageresources-display-component---detailRU--snappedTitle-inner\")][contains(text(), \"WdIORUEquip1kd4ovj\")]"}
RESULT: {"using":"xpath","value":"//span[contains(@id ,\"application-manageresources-display-component---detailRU--snappedTitle-inner\")][contains(text(), \"WdIORUEquip1kd4ovj\")]"}
COMMAND: POST /session/dc8d8325bcea8c317259a85a94b902d6/element - {"using":"xpath","value":"(//span[contains(text(), \"null\")])[2]"}
RESULT: {"using":"xpath","value":"(//span[contains(text(), \"null\")])[2]"}
COMMAND: POST /session/dc8d8325bcea8c317259a85a94b902d6/element - {"using":"xpath","value":"//span[contains(@id ,\"application-manageresources-display-component---detailRU--snappedTitle-inner\")][contains(text(), \"WdIORUEquip1kd4ovj\")]"}
RESULT: {"using":"xpath","value":"//span[contains(@id ,\"application-manageresources-display-component---detailRU--snappedTitle-inner\")][contains(text(), \"WdIORUEquip1kd4ovj\")]"}
COMMAND: POST /session/dc8d8325bcea8c317259a85a94b902d6/element - {"using":"xpath","value":"//bdi[contains(@id ,\"application-manageresources-display-component---detailRU--openRelatedRus-BDI-content\")]"}
RESULT: {"using":"xpath","value":"//bdi[contains(@id ,\"application-manageresources-display-component---detailRU--openRelatedRus-BDI-content\")]"}
COMMAND: POST /session/dc8d8325bcea8c317259a85a94b902d6/execute/sync - {"script":"<script> [8489 bytes]","args":[{"element-6066-11e4-a52e-4f735466cecf":"f.B7E597006D0C94FF3F287974AC4A4A54.d.C49E46E155CB2544C9BA94F40D3F2FAE.e.3511","ELEMENT":"f.B7E597006D0C94FF3F287974AC4A4A54.d.C49E46E155CB2544C9BA94F40D3F2FAE.e.3511"}]}
RESULT: {"script":"<script> [8489 bytes]","args":[{"element-6066-11e4-a52e-4f735466cecf":"f.B7E597006D0C94FF3F287974AC4A4A54.d.C49E46E155CB2544C9BA94F40D3F2FAE.e.3511","ELEMENT":"f.B7E597006D0C94FF3F287974AC4A4A54.d.C49E46E155CB2544C9BA94F40D3F2FAE.e.3511"}]}
COMMAND: POST /session/dc8d8325bcea8c317259a85a94b902d6/execute/sync - {"script":"<script> [5351 bytes]","args":[{"element-6066-11e4-a52e-4f735466cecf":"f.B7E597006D0C94FF3F287974AC4A4A54.d.C49E46E155CB2544C9BA94F40D3F2FAE.e.3511","ELEMENT":"f.B7E597006D0C94FF3F287974AC4A4A54.d.C49E46E155CB2544C9BA94F40D3F2FAE.e.3511"}]}
COMMAND: GET /session/dc8d8325bcea8c317259a85a94b902d6/screenshot - {}
COMMAND: POST /session/dc8d8325bcea8c317259a85a94b902d6/element - {"using":"xpath","value":"(//span[contains(text(), \"null\")])[2]"}
RESULT: {"script":"<script> [5351 bytes]","args":[{"element-6066-11e4-a52e-4f735466cecf":"f.B7E597006D0C94FF3F287974AC4A4A54.d.C49E46E155CB2544C9BA94F40D3F2FAE.e.3511","ELEMENT":"f.B7E597006D0C94FF3F287974AC4A4A54.d.C49E46E155CB2544C9BA94F40D3F2FAE.e.3511"}]}
COMMAND: POST /session/dc8d8325bcea8c317259a85a94b902d6/element/f.B7E597006D0C94FF3F287974AC4A4A54.d.C49E46E155CB2544C9BA94F40D3F2FAE.e.3511/click - {}
COMMAND: GET /session/dc8d8325bcea8c317259a85a94b902d6/screenshot - {}
COMMAND: POST /session/dc8d8325bcea8c317259a85a94b902d6/element - {"using":"xpath","value":"//span[contains(@id ,\"application-manageresources-display-component---detailRU--snappedTitle-inner\")][contains(text(), \"WdIORUEquip1kd4ovj\")]"}
RESULT: {}
RESULT: {"using":"xpath","value":"(//span[contains(text(), \"null\")])[2]"}
COMMAND: POST /session/dc8d8325bcea8c317259a85a94b902d6/element - {"using":"xpath","value":"(//span[contains(text(), \"null\")])[2]"}
RESULT: {}
COMMAND: GET /session/dc8d8325bcea8c317259a85a94b902d6/screenshot - {}
RESULT: {}
RESULT: {"using":"xpath","value":"//span[contains(@id ,\"application-manageresources-display-component---detailRU--snappedTitle-inner\")][contains(text(), \"WdIORUEquip1kd4ovj\")]"}
RESULT: {"using":"xpath","value":"(//span[contains(text(), \"null\")])[2]"}
RESULT: {}
COMMAND: POST /session/dc8d8325bcea8c317259a85a94b902d6/element - {"using":"xpath","value":"(//span[contains(text(), \"null\")])[2]"}
RESULT: {"using":"xpath","value":"(//span[contains(text(), \"null\")])[2]"}
COMMAND: POST /session/dc8d8325bcea8c317259a85a94b902d6/element - {"using":"xpath","value":"(//span[contains(text(), \"null\")])[2]"}
RESULT: {"using":"xpath","value":"(//span[contains(text(), \"null\")])[2]"}
COMMAND: POST /session/dc8d8325bcea8c317259a85a94b902d6/element - {"using":"xpath","value":"(//span[contains(text(), \"null\")])[2]"}
RESULT: {"using":"xpath","value":"(//span[contains(text(), \"null\")])[2]"}
COMMAND: POST /session/dc8d8325bcea8c317259a85a94b902d6/element/f.B7E597006D0C94FF3F287974AC4A4A54.d.C49E46E155CB2544C9BA94F40D3F2FAE.e.3143/click - {}
COMMAND: POST /session/dc8d8325bcea8c317259a85a94b902d6/element - {"using":"xpath","value":"//*[contains(@data-kt ,\"openLocationActionMenuLink\")]"}
RESULT: {"using":"xpath","value":"//*[contains(@data-kt ,\"openLocationActionMenuLink\")]"}
COMMAND: POST /session/dc8d8325bcea8c317259a85a94b902d6/element/f.B7E597006D0C94FF3F287974AC4A4A54.d.C49E46E155CB2544C9BA94F40D3F2FAE.e.3143/click - {}
COMMAND: POST /session/dc8d8325bcea8c317259a85a94b902d6/element - {"using":"xpath","value":"//*[contains(@data-kt ,\"openLocationActionMenuLink\")]"}
RESULT: {"using":"xpath","value":"//*[contains(@data-kt ,\"openLocationActionMenuLink\")]"}
COMMAND: POST /session/dc8d8325bcea8c317259a85a94b902d6/element/f.B7E597006D0C94FF3F287974AC4A4A54.d.C49E46E155CB2544C9BA94F40D3F2FAE.e.3516/click - {}
COMMAND: POST /session/dc8d8325bcea8c317259a85a94b902d6/element - {"using":"xpath","value":"(//span[contains(text(), \"null\")])[2]"}
RESULT: {}
COMMAND: GET /session/dc8d8325bcea8c317259a85a94b902d6/screenshot - {}
RESULT: {"using":"xpath","value":"(//span[contains(text(), \"null\")])[2]"}
RESULT: {}
COMMAND: POST /session/dc8d8325bcea8c317259a85a94b902d6/element - {"using":"xpath","value":"(//span[contains(text(), \"null\")])[2]"}
RESULT: {"using":"xpath","value":"(//span[contains(text(), \"null\")])[2]"}
COMMAND: POST /session/dc8d8325bcea8c317259a85a94b902d6/element - {"using":"xpath","value":"(//span[contains(text(), \"null\")])[2]"}
RESULT: {"using":"xpath","value":"(//span[contains(text(), \"null\")])[2]"}
COMMAND: POST /session/dc8d8325bcea8c317259a85a94b902d6/element/f.B7E597006D0C94FF3F287974AC4A4A54.d.C49E46E155CB2544C9BA94F40D3F2FAE.e.3146/click - {}
COMMAND: POST /session/dc8d8325bcea8c317259a85a94b902d6/element - {"using":"xpath","value":"//a[contains(@class ,\"sapMLnk sapMLnkMaxWidth sapUiTinyMarginTop\")][contains(text(), \"Yard Address\")]"}
RESULT: {"using":"xpath","value":"//a[contains(@class ,\"sapMLnk sapMLnkMaxWidth sapUiTinyMarginTop\")][contains(text(), \"Yard Address\")]"}
COMMAND: POST /session/dc8d8325bcea8c317259a85a94b902d6/element/f.B7E597006D0C94FF3F287974AC4A4A54.d.C49E46E155CB2544C9BA94F40D3F2FAE.e.3146/click - {}
COMMAND: POST /session/dc8d8325bcea8c317259a85a94b902d6/element - {"using":"xpath","value":"//a[contains(@class ,\"sapMLnk sapMLnkMaxWidth sapUiTinyMarginTop\")][contains(text(), \"Yard Address\")]"}
RESULT: {"using":"xpath","value":"//a[contains(@class ,\"sapMLnk sapMLnkMaxWidth sapUiTinyMarginTop\")][contains(text(), \"Yard Address\")]"}
COMMAND: POST /session/dc8d8325bcea8c317259a85a94b902d6/element/f.B7E597006D0C94FF3F287974AC4A4A54.d.C49E46E155CB2544C9BA94F40D3F2FAE.e.3518/click - {}
COMMAND: POST /session/dc8d8325bcea8c317259a85a94b902d6/element - {"using":"xpath","value":"(//span[contains(text(), \"null\")])[2]"}
RESULT: {}
COMMAND: GET /session/dc8d8325bcea8c317259a85a94b902d6/screenshot - {}
RESULT: {"using":"xpath","value":"(//span[contains(text(), \"null\")])[2]"}
COMMAND: POST /session/dc8d8325bcea8c317259a85a94b902d6/element - {"using":"xpath","value":"(//span[contains(text(), \"null\")])[2]"}
RESULT: {}
RESULT: {"using":"xpath","value":"(//span[contains(text(), \"null\")])[2]"}
COMMAND: POST /session/dc8d8325bcea8c317259a85a94b902d6/element - {"using":"xpath","value":"(//span[contains(text(), \"null\")])[2]"}
RESULT: {"using":"xpath","value":"(//span[contains(text(), \"null\")])[2]"}
COMMAND: POST /session/dc8d8325bcea8c317259a85a94b902d6/element - {"using":"xpath","value":"(//span[contains(text(), \"null\")])[2]"}
RESULT: {"using":"xpath","value":"(//span[contains(text(), \"null\")])[2]"}
COMMAND: POST /session/dc8d8325bcea8c317259a85a94b902d6/element - {"using":"xpath","value":"(//span[contains(text(), \"null\")])[2]"}
RESULT: {"using":"xpath","value":"(//span[contains(text(), \"null\")])[2]"}
COMMAND: POST /session/dc8d8325bcea8c317259a85a94b902d6/element - {"using":"xpath","value":"(//span[contains(text(), \"null\")])[2]"}
RESULT: {"using":"xpath","value":"(//span[contains(text(), \"null\")])[2]"}
COMMAND: POST /session/dc8d8325bcea8c317259a85a94b902d6/element - {"using":"xpath","value":"(//span[contains(text(), \"null\")])[2]"}
RESULT: {"using":"xpath","value":"(//span[contains(text(), \"null\")])[2]"}
COMMAND: POST /session/dc8d8325bcea8c317259a85a94b902d6/element - {"using":"xpath","value":"(//span[contains(text(), \"null\")])[2]"}
RESULT: {"using":"xpath","value":"(//span[contains(text(), \"null\")])[2]"}
COMMAND: POST /session/dc8d8325bcea8c317259a85a94b902d6/element - {"using":"xpath","value":"(//span[contains(text(), \"null\")])[2]"}
RESULT: undefined
COMMAND: POST /session/dc8d8325bcea8c317259a85a94b902d6/execute/async - {"script":"<script> [6424 bytes]","args":[{"element-6066-11e4-a52e-4f735466cecf":"f.B7E597006D0C94FF3F287974AC4A4A54.d.C49E46E155CB2544C9BA94F40D3F2FAE.e.2539"},"getTitle",[]]}
RESULT: {"using":"xpath","value":"(//span[contains(text(), \"null\")])[2]"}
COMMAND: POST /session/dc8d8325bcea8c317259a85a94b902d6/execute/async - {"script":"<script> [1562 bytes]","args":[{"selector":{"id":"shellAppTitle"},"wdio_ui5_key":"shellAppTitle"}]}
RESULT: {"script":"<script> [1562 bytes]","args":[{"selector":{"id":"shellAppTitle"},"wdio_ui5_key":"shellAppTitle"}]}
COMMAND: POST /session/dc8d8325bcea8c317259a85a94b902d6/execute/async - {"script":"<script> [6424 bytes]","args":[{"element-6066-11e4-a52e-4f735466cecf":"f.B7E597006D0C94FF3F287974AC4A4A54.d.C49E46E155CB2544C9BA94F40D3F2FAE.e.3734"},"getTitle",[]]}
COMMAND: POST /session/dc8d8325bcea8c317259a85a94b902d6/element - {"using":"xpath","value":"(//span[contains(text(), \"null\")])[2]"}
RESULT: {"script":"<script> [6424 bytes]","args":[{"element-6066-11e4-a52e-4f735466cecf":"f.B7E597006D0C94FF3F287974AC4A4A54.d.C49E46E155CB2544C9BA94F40D3F2FAE.e.3734"},"getTitle",[]]}
COMMAND: POST /session/dc8d8325bcea8c317259a85a94b902d6/element - {"using":"xpath","value":"//span[contains(@id ,\"application-addressmanagement-display-component---detailAdm--addressDetailDetailsName1\")][contains(text(), \"null\")]"}
RESULT: {"using":"xpath","value":"(//span[contains(text(), \"null\")])[2]"}
RESULT: {"using":"xpath","value":"//span[contains(@id ,\"application-addressmanagement-display-component---detailAdm--addressDetailDetailsName1\")][contains(text(), \"null\")]"}
COMMAND: POST /session/dc8d8325bcea8c317259a85a94b902d6/element - {"using":"xpath","value":"//span[contains(@id ,\"application-addressmanagement-display-component---detailAdm--addressDetailDetailsName1\")][contains(text(), \"null\")]"}
RESULT: undefined
COMMAND: POST /session/dc8d8325bcea8c317259a85a94b902d6/element - {"using":"xpath","value":"//*[@id=\"backBtn\"]"}
RESULT: {"using":"xpath","value":"//*[@id=\"backBtn\"]"}
COMMAND: POST /session/dc8d8325bcea8c317259a85a94b902d6/element/f.B7E597006D0C94FF3F287974AC4A4A54.d.C49E46E155CB2544C9BA94F40D3F2FAE.e.2541/click - {}
RESULT: {"using":"xpath","value":"//span[contains(@id ,\"application-addressmanagement-display-component---detailAdm--addressDetailDetailsName1\")][contains(text(), \"null\")]"}
COMMAND: POST /session/dc8d8325bcea8c317259a85a94b902d6/element - {"using":"xpath","value":"(//span[contains(text(), \"null\")])[2]"}
COMMAND: POST /session/dc8d8325bcea8c317259a85a94b902d6/element - {"using":"xpath","value":"//span[contains(@id ,\"application-addressmanagement-display-component---detailAdm--addressDetailDetailsName1\")][contains(text(), \"null\")]"}
RESULT: {}
COMMAND: GET /session/dc8d8325bcea8c317259a85a94b902d6/screenshot - {}
RESULT: {"using":"xpath","value":"(//span[contains(text(), \"null\")])[2]"}
RESULT: {"using":"xpath","value":"//span[contains(@id ,\"application-addressmanagement-display-component---detailAdm--addressDetailDetailsName1\")][contains(text(), \"null\")]"}
COMMAND: POST /session/dc8d8325bcea8c317259a85a94b902d6/element - {"using":"xpath","value":"//span[contains(@id ,\"application-addressmanagement-display-component---detailAdm--addressDetailDetailsName1\")][contains(text(), \"null\")]"}
RESULT: {}
RESULT: {"using":"xpath","value":"//span[contains(@id ,\"application-addressmanagement-display-component---detailAdm--addressDetailDetailsName1\")][contains(text(), \"null\")]"}
COMMAND: POST /session/dc8d8325bcea8c317259a85a94b902d6/element - {"using":"xpath","value":"//span[contains(@id ,\"application-addressmanagement-display-component---detailAdm--addressDetailDetailsName1\")][contains(text(), \"null\")]"}
RESULT: {"using":"xpath","value":"//span[contains(@id ,\"application-addressmanagement-display-component---detailAdm--addressDetailDetailsName1\")][contains(text(), \"null\")]"}
COMMAND: POST /session/dc8d8325bcea8c317259a85a94b902d6/element - {"using":"xpath","value":"//span[contains(@id ,\"application-addressmanagement-display-component---detailAdm--addressDetailDetailsName1\")][contains(text(), \"null\")]"}
RESULT: {"using":"xpath","value":"//span[contains(@id ,\"application-addressmanagement-display-component---detailAdm--addressDetailDetailsName1\")][contains(text(), \"null\")]"}
COMMAND: POST /session/dc8d8325bcea8c317259a85a94b902d6/element - {"using":"xpath","value":"//span[contains(@id ,\"application-addressmanagement-display-component---detailAdm--addressDetailDetailsName1\")][contains(text(), \"null\")]"}
RESULT: {"using":"xpath","value":"//span[contains(@id ,\"application-addressmanagement-display-component---detailAdm--addressDetailDetailsName1\")][contains(text(), \"null\")]"}
COMMAND: POST /session/dc8d8325bcea8c317259a85a94b902d6/element - {"using":"xpath","value":"//span[contains(@id ,\"application-addressmanagement-display-component---detailAdm--addressDetailDetailsName1\")][contains(text(), \"null\")]"}
RESULT: {"using":"xpath","value":"//span[contains(@id ,\"application-addressmanagement-display-component---detailAdm--addressDetailDetailsName1\")][contains(text(), \"null\")]"}
COMMAND: POST /session/dc8d8325bcea8c317259a85a94b902d6/element - {"using":"xpath","value":"//span[contains(@id ,\"application-addressmanagement-display-component---detailAdm--addressDetailDetailsName1\")][contains(text(), \"null\")]"}
RESULT: {"using":"xpath","value":"//span[contains(@id ,\"application-addressmanagement-display-component---detailAdm--addressDetailDetailsName1\")][contains(text(), \"null\")]"}
COMMAND: POST /session/dc8d8325bcea8c317259a85a94b902d6/element - {"using":"xpath","value":"//span[contains(@id ,\"application-addressmanagement-display-component---detailAdm--addressDetailDetailsName1\")][contains(text(), \"null\")]"}
RESULT: {"using":"xpath","value":"//span[contains(@id ,\"application-addressmanagement-display-component---detailAdm--addressDetailDetailsName1\")][contains(text(), \"null\")]"}
COMMAND: POST /session/dc8d8325bcea8c317259a85a94b902d6/element - {"using":"xpath","value":"//span[contains(@id ,\"application-addressmanagement-display-component---detailAdm--addressDetailDetailsName1\")][contains(text(), \"null\")]"}
RESULT: {"using":"xpath","value":"//span[contains(@id ,\"application-addressmanagement-display-component---detailAdm--addressDetailDetailsName1\")][contains(text(), \"null\")]"}
COMMAND: POST /session/dc8d8325bcea8c317259a85a94b902d6/element - {"using":"xpath","value":"//span[contains(@id ,\"application-addressmanagement-display-component---detailAdm--addressDetailDetailsName1\")][contains(text(), \"null\")]"}
RESULT: {"using":"xpath","value":"//span[contains(@id ,\"application-addressmanagement-display-component---detailAdm--addressDetailDetailsName1\")][contains(text(), \"null\")]"}
COMMAND: POST /session/dc8d8325bcea8c317259a85a94b902d6/element - {"using":"xpath","value":"//span[contains(@id ,\"application-addressmanagement-display-component---detailAdm--addressDetailDetailsName1\")][contains(text(), \"null\")]"}
RESULT: {"using":"xpath","value":"//span[contains(@id ,\"application-addressmanagement-display-component---detailAdm--addressDetailDetailsName1\")][contains(text(), \"null\")]"}
COMMAND: POST /session/dc8d8325bcea8c317259a85a94b902d6/element - {"using":"xpath","value":"//span[contains(@id ,\"application-addressmanagement-display-component---detailAdm--addressDetailDetailsName1\")][contains(text(), \"null\")]"}
RESULT: {"using":"xpath","value":"//span[contains(@id ,\"application-addressmanagement-display-component---detailAdm--addressDetailDetailsName1\")][contains(text(), \"null\")]"}
COMMAND: POST /session/dc8d8325bcea8c317259a85a94b902d6/element - {"using":"xpath","value":"//span[contains(@id ,\"application-addressmanagement-display-component---detailAdm--addressDetailDetailsName1\")][contains(text(), \"null\")]"}
RESULT: {"using":"xpath","value":"//span[contains(@id ,\"application-addressmanagement-display-component---detailAdm--addressDetailDetailsName1\")][contains(text(), \"null\")]"}
COMMAND: POST /session/dc8d8325bcea8c317259a85a94b902d6/element - {"using":"xpath","value":"//span[contains(@id ,\"application-addressmanagement-display-component---detailAdm--addressDetailDetailsName1\")][contains(text(), \"null\")]"}
RESULT: {"using":"xpath","value":"//span[contains(@id ,\"application-addressmanagement-display-component---detailAdm--addressDetailDetailsName1\")][contains(text(), \"null\")]"}
COMMAND: POST /session/dc8d8325bcea8c317259a85a94b902d6/element - {"using":"xpath","value":"//span[contains(@id ,\"application-addressmanagement-display-component---detailAdm--addressDetailDetailsName1\")][contains(text(), \"null\")]"}
RESULT: {"using":"xpath","value":"//span[contains(@id ,\"application-addressmanagement-display-component---detailAdm--addressDetailDetailsName1\")][contains(text(), \"null\")]"}
COMMAND: POST /session/dc8d8325bcea8c317259a85a94b902d6/element - {"using":"xpath","value":"//span[contains(@id ,\"application-addressmanagement-display-component---detailAdm--addressDetailDetailsName1\")][contains(text(), \"null\")]"}
RESULT: {"using":"xpath","value":"//span[contains(@id ,\"application-addressmanagement-display-component---detailAdm--addressDetailDetailsName1\")][contains(text(), \"null\")]"}
COMMAND: POST /session/dc8d8325bcea8c317259a85a94b902d6/element - {"using":"xpath","value":"//span[contains(@id ,\"application-addressmanagement-display-component---detailAdm--addressDetailDetailsName1\")][contains(text(), \"null\")]"}
RESULT: {"using":"xpath","value":"//span[contains(@id ,\"application-addressmanagement-display-component---detailAdm--addressDetailDetailsName1\")][contains(text(), \"null\")]"}
COMMAND: POST /session/dc8d8325bcea8c317259a85a94b902d6/element - {"using":"xpath","value":"//span[contains(@id ,\"application-addressmanagement-display-component---detailAdm--addressDetailDetailsName1\")][contains(text(), \"null\")]"}
RESULT: {"using":"xpath","value":"//span[contains(@id ,\"application-addressmanagement-display-component---detailAdm--addressDetailDetailsName1\")][contains(text(), \"null\")]"}
COMMAND: POST /session/dc8d8325bcea8c317259a85a94b902d6/element - {"using":"xpath","value":"//span[contains(@id ,\"application-addressmanagement-display-component---detailAdm--addressDetailDetailsName1\")][contains(text(), \"null\")]"}
RESULT: {"using":"xpath","value":"//span[contains(@id ,\"application-addressmanagement-display-component---detailAdm--addressDetailDetailsName1\")][contains(text(), \"null\")]"}
COMMAND: POST /session/dc8d8325bcea8c317259a85a94b902d6/element - {"using":"xpath","value":"//span[contains(@id ,\"application-addressmanagement-display-component---detailAdm--addressDetailDetailsName1\")][contains(text(), \"null\")]"}
RESULT: {"using":"xpath","value":"//span[contains(@id ,\"application-addressmanagement-display-component---detailAdm--addressDetailDetailsName1\")][contains(text(), \"null\")]"}
COMMAND: POST /session/dc8d8325bcea8c317259a85a94b902d6/execute/sync - {"script":"<script> [8489 bytes]","args":[{"element-6066-11e4-a52e-4f735466cecf":"f.B7E597006D0C94FF3F287974AC4A4A54.d.C49E46E155CB2544C9BA94F40D3F2FAE.e.3511","ELEMENT":"f.B7E597006D0C94FF3F287974AC4A4A54.d.C49E46E155CB2544C9BA94F40D3F2FAE.e.3511"}]}
COMMAND: POST /session/dc8d8325bcea8c317259a85a94b902d6/element - {"using":"xpath","value":"//bdi[contains(@id ,\"application-manageresources-display-component---detailRU--openRelatedRus-BDI-content\")]"}
RESULT: {"using":"xpath","value":"//bdi[contains(@id ,\"application-manageresources-display-component---detailRU--openRelatedRus-BDI-content\")]"}
COMMAND: POST /session/dc8d8325bcea8c317259a85a94b902d6/execute/sync - {"script":"<script> [8489 bytes]","args":[{"element-6066-11e4-a52e-4f735466cecf":"f.B7E597006D0C94FF3F287974AC4A4A54.d.C49E46E155CB2544C9BA94F40D3F2FAE.e.4042","ELEMENT":"f.B7E597006D0C94FF3F287974AC4A4A54.d.C49E46E155CB2544C9BA94F40D3F2FAE.e.4042"}]}
RESULT: {"script":"<script> [8489 bytes]","args":[{"element-6066-11e4-a52e-4f735466cecf":"f.B7E597006D0C94FF3F287974AC4A4A54.d.C49E46E155CB2544C9BA94F40D3F2FAE.e.4042","ELEMENT":"f.B7E597006D0C94FF3F287974AC4A4A54.d.C49E46E155CB2544C9BA94F40D3F2FAE.e.4042"}]}
COMMAND: POST /session/dc8d8325bcea8c317259a85a94b902d6/execute/sync - {"script":"<script> [5351 bytes]","args":[{"element-6066-11e4-a52e-4f735466cecf":"f.B7E597006D0C94FF3F287974AC4A4A54.d.C49E46E155CB2544C9BA94F40D3F2FAE.e.4042","ELEMENT":"f.B7E597006D0C94FF3F287974AC4A4A54.d.C49E46E155CB2544C9BA94F40D3F2FAE.e.4042"}]}
COMMAND: GET /session/dc8d8325bcea8c317259a85a94b902d6/screenshot - {}
RESULT: {"script":"<script> [5351 bytes]","args":[{"element-6066-11e4-a52e-4f735466cecf":"f.B7E597006D0C94FF3F287974AC4A4A54.d.C49E46E155CB2544C9BA94F40D3F2FAE.e.4042","ELEMENT":"f.B7E597006D0C94FF3F287974AC4A4A54.d.C49E46E155CB2544C9BA94F40D3F2FAE.e.4042"}]}
COMMAND: POST /session/dc8d8325bcea8c317259a85a94b902d6/element/f.B7E597006D0C94FF3F287974AC4A4A54.d.C49E46E155CB2544C9BA94F40D3F2FAE.e.4042/click - {}
COMMAND: GET /session/dc8d8325bcea8c317259a85a94b902d6/screenshot - {}
RESULT: {}
COMMAND: POST /session/dc8d8325bcea8c317259a85a94b902d6/element - {"using":"xpath","value":"//span[contains(@id ,\"application-addressmanagement-display-component---detailAdm--addressDetailDetailsName1\")][contains(text(), \"null\")]"}
RESULT: {}
COMMAND: GET /session/dc8d8325bcea8c317259a85a94b902d6/screenshot - {}
RESULT: {}
RESULT: {"using":"xpath","value":"//span[contains(@id ,\"application-addressmanagement-display-component---detailAdm--addressDetailDetailsName1\")][contains(text(), \"null\")]"}
RESULT: {}
COMMAND: POST /session/dc8d8325bcea8c317259a85a94b902d6/element - {"using":"xpath","value":"//span[contains(@id ,\"application-addressmanagement-display-component---detailAdm--addressDetailDetailsName1\")][contains(text(), \"null\")]"}
RESULT: {"using":"xpath","value":"//span[contains(@id ,\"application-addressmanagement-display-component---detailAdm--addressDetailDetailsName1\")][contains(text(), \"null\")]"}
COMMAND: POST /session/dc8d8325bcea8c317259a85a94b902d6/element - {"using":"xpath","value":"//span[contains(@id ,\"application-addressmanagement-display-component---detailAdm--addressDetailDetailsName1\")][contains(text(), \"null\")]"}
RESULT: {"using":"xpath","value":"//span[contains(@id ,\"application-addressmanagement-display-component---detailAdm--addressDetailDetailsName1\")][contains(text(), \"null\")]"}
COMMAND: POST /session/dc8d8325bcea8c317259a85a94b902d6/element - {"using":"xpath","value":"//span[contains(@id ,\"application-addressmanagement-display-component---detailAdm--addressDetailDetailsName1\")][contains(text(), \"null\")]"}
RESULT: {"using":"xpath","value":"//span[contains(@id ,\"application-addressmanagement-display-component---detailAdm--addressDetailDetailsName1\")][contains(text(), \"null\")]"}
COMMAND: POST /session/dc8d8325bcea8c317259a85a94b902d6/element - {"using":"xpath","value":"//span[contains(@id ,\"application-addressmanagement-display-component---detailAdm--addressDetailDetailsName1\")][contains(text(), \"null\")]"}
RESULT: {"using":"xpath","value":"//span[contains(@id ,\"application-addressmanagement-display-component---detailAdm--addressDetailDetailsName1\")][contains(text(), \"null\")]"}
COMMAND: POST /session/dc8d8325bcea8c317259a85a94b902d6/element - {"using":"xpath","value":"//span[contains(@id ,\"application-addressmanagement-display-component---detailAdm--addressDetailDetailsName1\")][contains(text(), \"null\")]"}
RESULT: {"using":"xpath","value":"//span[contains(@id ,\"application-addressmanagement-display-component---detailAdm--addressDetailDetailsName1\")][contains(text(), \"null\")]"}
COMMAND: POST /session/dc8d8325bcea8c317259a85a94b902d6/element - {"using":"xpath","value":"//span[contains(@id ,\"application-addressmanagement-display-component---detailAdm--addressDetailDetailsName1\")][contains(text(), \"null\")]"}
RESULT: {"using":"xpath","value":"//span[contains(@id ,\"application-addressmanagement-display-component---detailAdm--addressDetailDetailsName1\")][contains(text(), \"null\")]"}
COMMAND: POST /session/dc8d8325bcea8c317259a85a94b902d6/element - {"using":"xpath","value":"//span[contains(@id ,\"application-addressmanagement-display-component---detailAdm--addressDetailDetailsName1\")][contains(text(), \"null\")]"}
RESULT: {"using":"xpath","value":"//span[contains(@id ,\"application-addressmanagement-display-component---detailAdm--addressDetailDetailsName1\")][contains(text(), \"null\")]"}
COMMAND: POST /session/dc8d8325bcea8c317259a85a94b902d6/element/f.B7E597006D0C94FF3F287974AC4A4A54.d.C49E46E155CB2544C9BA94F40D3F2FAE.e.3516/click - {}
COMMAND: POST /session/dc8d8325bcea8c317259a85a94b902d6/element - {"using":"xpath","value":"//*[contains(@data-kt ,\"openLocationActionMenuLink\")]"}
RESULT: {"using":"xpath","value":"//*[contains(@data-kt ,\"openLocationActionMenuLink\")]"}
COMMAND: POST /session/dc8d8325bcea8c317259a85a94b902d6/element/f.B7E597006D0C94FF3F287974AC4A4A54.d.C49E46E155CB2544C9BA94F40D3F2FAE.e.3516/click - {}
COMMAND: POST /session/dc8d8325bcea8c317259a85a94b902d6/element - {"using":"xpath","value":"//*[contains(@data-kt ,\"openLocationActionMenuLink\")]"}
RESULT: {"using":"xpath","value":"//*[contains(@data-kt ,\"openLocationActionMenuLink\")]"}
COMMAND: POST /session/dc8d8325bcea8c317259a85a94b902d6/element/f.B7E597006D0C94FF3F287974AC4A4A54.d.C49E46E155CB2544C9BA94F40D3F2FAE.e.4046/click - {}
RESULT: {}
COMMAND: GET /session/dc8d8325bcea8c317259a85a94b902d6/screenshot - {}
COMMAND: POST /session/dc8d8325bcea8c317259a85a94b902d6/element - {"using":"xpath","value":"//span[contains(@id ,\"application-addressmanagement-display-component---detailAdm--addressDetailDetailsName1\")][contains(text(), \"null\")]"}
RESULT: {}
RESULT: {"using":"xpath","value":"//span[contains(@id ,\"application-addressmanagement-display-component---detailAdm--addressDetailDetailsName1\")][contains(text(), \"null\")]"}
COMMAND: POST /session/dc8d8325bcea8c317259a85a94b902d6/element - {"using":"xpath","value":"//span[contains(@id ,\"application-addressmanagement-display-component---detailAdm--addressDetailDetailsName1\")][contains(text(), \"null\")]"}
RESULT: {"using":"xpath","value":"//span[contains(@id ,\"application-addressmanagement-display-component---detailAdm--addressDetailDetailsName1\")][contains(text(), \"null\")]"}
COMMAND: POST /session/dc8d8325bcea8c317259a85a94b902d6/element - {"using":"xpath","value":"//span[contains(@id ,\"application-addressmanagement-display-component---detailAdm--addressDetailDetailsName1\")][contains(text(), \"null\")]"}
RESULT: {"using":"xpath","value":"//span[contains(@id ,\"application-addressmanagement-display-component---detailAdm--addressDetailDetailsName1\")][contains(text(), \"null\")]"}
COMMAND: POST /session/dc8d8325bcea8c317259a85a94b902d6/element - {"using":"xpath","value":"(//button[contains(@title ,\"Open in new tab\")])[1]"}
RESULT: {"using":"xpath","value":"(//button[contains(@title ,\"Open in new tab\")])[1]"}
COMMAND: POST /session/dc8d8325bcea8c317259a85a94b902d6/element/f.B7E597006D0C94FF3F287974AC4A4A54.d.C49E46E155CB2544C9BA94F40D3F2FAE.e.4047/click - {}
COMMAND: POST /session/dc8d8325bcea8c317259a85a94b902d6/element - {"using":"xpath","value":"//span[contains(@id ,\"application-addressmanagement-display-component---detailAdm--addressDetailDetailsName1\")][contains(text(), \"null\")]"}
RESULT: {"using":"xpath","value":"//span[contains(@id ,\"application-addressmanagement-display-component---detailAdm--addressDetailDetailsName1\")][contains(text(), \"null\")]"}
RESULT: {}
COMMAND: GET /session/dc8d8325bcea8c317259a85a94b902d6/screenshot - {}
COMMAND: POST /session/dc8d8325bcea8c317259a85a94b902d6/element - {"using":"xpath","value":"//span[contains(@id ,\"application-addressmanagement-display-component---detailAdm--addressDetailDetailsName1\")][contains(text(), \"null\")]"}
RESULT: {}
RESULT: {"using":"xpath","value":"//span[contains(@id ,\"application-addressmanagement-display-component---detailAdm--addressDetailDetailsName1\")][contains(text(), \"null\")]"}
COMMAND: POST /session/dc8d8325bcea8c317259a85a94b902d6/element - {"using":"xpath","value":"//span[contains(@id ,\"application-addressmanagement-display-component---detailAdm--addressDetailDetailsName1\")][contains(text(), \"null\")]"}
RESULT: {"using":"xpath","value":"//span[contains(@id ,\"application-addressmanagement-display-component---detailAdm--addressDetailDetailsName1\")][contains(text(), \"null\")]"}
COMMAND: POST /session/dc8d8325bcea8c317259a85a94b902d6/element - {"using":"xpath","value":"//span[contains(@id ,\"application-addressmanagement-display-component---detailAdm--addressDetailDetailsName1\")][contains(text(), \"null\")]"}
RESULT: {"using":"xpath","value":"//span[contains(@id ,\"application-addressmanagement-display-component---detailAdm--addressDetailDetailsName1\")][contains(text(), \"null\")]"}
COMMAND: POST /session/dc8d8325bcea8c317259a85a94b902d6/element - {"using":"xpath","value":"//span[contains(@id ,\"application-addressmanagement-display-component---detailAdm--addressDetailDetailsName1\")][contains(text(), \"null\")]"}
RESULT: {"using":"xpath","value":"//span[contains(@id ,\"application-addressmanagement-display-component---detailAdm--addressDetailDetailsName1\")][contains(text(), \"null\")]"}
COMMAND: POST /session/dc8d8325bcea8c317259a85a94b902d6/element - {"using":"xpath","value":"//span[contains(@id ,\"application-addressmanagement-display-component---detailAdm--addressDetailDetailsName1\")][contains(text(), \"null\")]"}
RESULT: {"using":"xpath","value":"//span[contains(@id ,\"application-addressmanagement-display-component---detailAdm--addressDetailDetailsName1\")][contains(text(), \"null\")]"}
COMMAND: POST /session/dc8d8325bcea8c317259a85a94b902d6/element - {"using":"xpath","value":"//span[contains(@id ,\"application-addressmanagement-display-component---detailAdm--addressDetailDetailsName1\")][contains(text(), \"null\")]"}
RESULT: {"using":"xpath","value":"//span[contains(@id ,\"application-addressmanagement-display-component---detailAdm--addressDetailDetailsName1\")][contains(text(), \"null\")]"}
COMMAND: POST /session/dc8d8325bcea8c317259a85a94b902d6/element - {"using":"xpath","value":"//span[contains(@id ,\"application-addressmanagement-display-component---detailAdm--addressDetailDetailsName1\")][contains(text(), \"null\")]"}
RESULT: {"using":"xpath","value":"//span[contains(@id ,\"application-addressmanagement-display-component---detailAdm--addressDetailDetailsName1\")][contains(text(), \"null\")]"}
COMMAND: POST /session/dc8d8325bcea8c317259a85a94b902d6/element - {"using":"xpath","value":"//span[contains(@id ,\"application-addressmanagement-display-component---detailAdm--addressDetailDetailsName1\")][contains(text(), \"null\")]"}
RESULT: {"using":"xpath","value":"//span[contains(@id ,\"application-addressmanagement-display-component---detailAdm--addressDetailDetailsName1\")][contains(text(), \"null\")]"}
COMMAND: POST /session/dc8d8325bcea8c317259a85a94b902d6/element - {"using":"xpath","value":"//span[contains(@id ,\"application-addressmanagement-display-component---detailAdm--addressDetailDetailsName1\")][contains(text(), \"null\")]"}
RESULT: {"using":"xpath","value":"//span[contains(@id ,\"application-addressmanagement-display-component---detailAdm--addressDetailDetailsName1\")][contains(text(), \"null\")]"}
COMMAND: POST /session/dc8d8325bcea8c317259a85a94b902d6/element - {"using":"xpath","value":"//span[contains(@id ,\"application-addressmanagement-display-component---detailAdm--addressDetailDetailsName1\")][contains(text(), \"null\")]"}
RESULT: {"using":"xpath","value":"//span[contains(@id ,\"application-addressmanagement-display-component---detailAdm--addressDetailDetailsName1\")][contains(text(), \"null\")]"}
COMMAND: POST /session/dc8d8325bcea8c317259a85a94b902d6/element - {"using":"xpath","value":"//span[contains(@id ,\"application-addressmanagement-display-component---detailAdm--addressDetailDetailsName1\")][contains(text(), \"null\")]"}
RESULT: {"using":"xpath","value":"//span[contains(@id ,\"application-addressmanagement-display-component---detailAdm--addressDetailDetailsName1\")][contains(text(), \"null\")]"}
COMMAND: GET /session/dc8d8325bcea8c317259a85a94b902d6/window/handles - {}
RESULT: {}
COMMAND: POST /session/dc8d8325bcea8c317259a85a94b902d6/window - {"handle":"5320E24A5E7763BB70AC385AB4D9D8A6"}
RESULT: {"handle":"5320E24A5E7763BB70AC385AB4D9D8A6"}
COMMAND: GET /session/dc8d8325bcea8c317259a85a94b902d6/url - {}
COMMAND: POST /session/dc8d8325bcea8c317259a85a94b902d6/element - {"using":"xpath","value":"//span[contains(@id ,\"application-addressmanagement-display-component---detailAdm--addressDetailDetailsName1\")][contains(text(), \"null\")]"}
RESULT: {}
COMMAND: GET /session/dc8d8325bcea8c317259a85a94b902d6/screenshot - {}
RESULT: {"using":"xpath","value":"//span[contains(@id ,\"application-addressmanagement-display-component---detailAdm--addressDetailDetailsName1\")][contains(text(), \"null\")]"}
RESULT: {}
COMMAND: POST /session/dc8d8325bcea8c317259a85a94b902d6/element - {"using":"xpath","value":"//span[contains(@id ,\"application-addressmanagement-display-component---detailAdm--addressDetailDetailsName1\")][contains(text(), \"null\")]"}
RESULT: {"using":"xpath","value":"//span[contains(@id ,\"application-addressmanagement-display-component---detailAdm--addressDetailDetailsName1\")][contains(text(), \"null\")]"}
COMMAND: POST /session/dc8d8325bcea8c317259a85a94b902d6/element - {"using":"xpath","value":"(//span[contains(text(), \"null\")])[2]"}
COMMAND: DELETE /session/dc8d8325bcea8c317259a85a94b902d6/window - {}
RESULT: {}
COMMAND: POST /session/dc8d8325bcea8c317259a85a94b902d6/window - {"handle":"B7E597006D0C94FF3F287974AC4A4A54"}
RESULT: {"handle":"B7E597006D0C94FF3F287974AC4A4A54"}
COMMAND: GET /session/dc8d8325bcea8c317259a85a94b902d6/url - {}
RESULT: {"using":"xpath","value":"(//span[contains(text(), \"null\")])[2]"}
RESULT: {}
COMMAND: GET /session/dc8d8325bcea8c317259a85a94b902d6/screenshot - {}
COMMAND: POST /session/dc8d8325bcea8c317259a85a94b902d6/element - {"using":"xpath","value":"(//span[contains(text(), \"null\")])[2]"}
RESULT: {}
RESULT: {"using":"xpath","value":"(//span[contains(text(), \"null\")])[2]"}
COMMAND: POST /session/dc8d8325bcea8c317259a85a94b902d6/element - {"using":"xpath","value":"(//span[contains(text(), \"null\")])[2]"}
RESULT: {"using":"xpath","value":"(//span[contains(text(), \"null\")])[2]"}
COMMAND: POST /session/dc8d8325bcea8c317259a85a94b902d6/element - {"using":"xpath","value":"(//span[contains(text(), \"null\")])[2]"}
RESULT: {"using":"xpath","value":"(//span[contains(text(), \"null\")])[2]"}
COMMAND: POST /session/dc8d8325bcea8c317259a85a94b902d6/element - {"using":"xpath","value":"(//span[contains(text(), \"null\")])[2]"}
RESULT: {"using":"xpath","value":"(//span[contains(text(), \"null\")])[2]"}
COMMAND: POST /session/dc8d8325bcea8c317259a85a94b902d6/element - {"using":"xpath","value":"(//span[contains(text(), \"null\")])[2]"}
RESULT: {"using":"xpath","value":"(//span[contains(text(), \"null\")])[2]"}
COMMAND: POST /session/dc8d8325bcea8c317259a85a94b902d6/element - {"using":"xpath","value":"(//span[contains(text(), \"null\")])[2]"}
RESULT: {"using":"xpath","value":"(//span[contains(text(), \"null\")])[2]"}
COMMAND: POST /session/dc8d8325bcea8c317259a85a94b902d6/element - {"using":"xpath","value":"(//span[contains(text(), \"null\")])[2]"}
RESULT: {"using":"xpath","value":"(//span[contains(text(), \"null\")])[2]"}
COMMAND: POST /session/dc8d8325bcea8c317259a85a94b902d6/element - {"using":"xpath","value":"(//span[contains(text(), \"null\")])[2]"}
RESULT: {"using":"xpath","value":"(//span[contains(text(), \"null\")])[2]"}
COMMAND: POST /session/dc8d8325bcea8c317259a85a94b902d6/element - {"using":"xpath","value":"(//span[contains(text(), \"null\")])[2]"}
COMMAND: POST /session/dc8d8325bcea8c317259a85a94b902d6/element - {"using":"xpath","value":"(//button[contains(@title ,\"Open in new tab\")])[2]"}
RESULT: {"using":"xpath","value":"(//span[contains(text(), \"null\")])[2]"}
RESULT: {"using":"xpath","value":"(//button[contains(@title ,\"Open in new tab\")])[2]"}
COMMAND: POST /session/dc8d8325bcea8c317259a85a94b902d6/element/f.B7E597006D0C94FF3F287974AC4A4A54.d.C49E46E155CB2544C9BA94F40D3F2FAE.e.4085/click - {}
RESULT: {}
COMMAND: GET /session/dc8d8325bcea8c317259a85a94b902d6/screenshot - {}
COMMAND: POST /session/dc8d8325bcea8c317259a85a94b902d6/element - {"using":"xpath","value":"(//span[contains(text(), \"null\")])[2]"}
RESULT: {}
RESULT: {"using":"xpath","value":"(//span[contains(text(), \"null\")])[2]"}
COMMAND: POST /session/dc8d8325bcea8c317259a85a94b902d6/element - {"using":"xpath","value":"(//span[contains(text(), \"null\")])[2]"}
RESULT: {"using":"xpath","value":"(//span[contains(text(), \"null\")])[2]"}
COMMAND: POST /session/dc8d8325bcea8c317259a85a94b902d6/element - {"using":"xpath","value":"(//span[contains(text(), \"null\")])[2]"}
RESULT: {"using":"xpath","value":"(//span[contains(text(), \"null\")])[2]"}
COMMAND: POST /session/dc8d8325bcea8c317259a85a94b902d6/element - {"using":"xpath","value":"(//span[contains(text(), \"null\")])[2]"}
COMMAND: GET /session/dc8d8325bcea8c317259a85a94b902d6/window/handles - {}
RESULT: {"using":"xpath","value":"(//span[contains(text(), \"null\")])[2]"}
RESULT: {}
COMMAND: POST /session/dc8d8325bcea8c317259a85a94b902d6/window - {"handle":"E7F107F8B628236162A3F6277552DE19"}
RESULT: {"handle":"E7F107F8B628236162A3F6277552DE19"}
COMMAND: GET /session/dc8d8325bcea8c317259a85a94b902d6/url - {}
COMMAND: POST /session/dc8d8325bcea8c317259a85a94b902d6/element - {"using":"xpath","value":"(//span[contains(text(), \"null\")])[2]"}
RESULT: {}
COMMAND: GET /session/dc8d8325bcea8c317259a85a94b902d6/screenshot - {}
RESULT: {"using":"xpath","value":"(//span[contains(text(), \"null\")])[2]"}
RESULT: {}
COMMAND: POST /session/dc8d8325bcea8c317259a85a94b902d6/element - {"using":"xpath","value":"(//span[contains(text(), \"null\")])[2]"}
RESULT: {"using":"xpath","value":"(//span[contains(text(), \"null\")])[2]"}
COMMAND: POST /session/dc8d8325bcea8c317259a85a94b902d6/element - {"using":"xpath","value":"(//span[contains(text(), \"null\")])[2]"}
RESULT: {"using":"xpath","value":"(//span[contains(text(), \"null\")])[2]"}
COMMAND: POST /session/dc8d8325bcea8c317259a85a94b902d6/element - {"using":"xpath","value":"(//span[contains(text(), \"null\")])[2]"}
COMMAND: POST /session/dc8d8325bcea8c317259a85a94b902d6/element - {"using":"xpath","value":"//span[contains(@id ,\"application-addressmanagement-display-component---detailAdm--addressDetailDetailsName1\")][contains(text(), \"null\")]"}
COMMAND: DELETE /session/dc8d8325bcea8c317259a85a94b902d6/window - {}
RESULT: {"using":"xpath","value":"(//span[contains(text(), \"null\")])[2]"}
COMMAND: POST /session/dc8d8325bcea8c317259a85a94b902d6/element - {"using":"xpath","value":"(//span[contains(text(), \"null\")])[2]"}
RESULT: {}
COMMAND: POST /session/dc8d8325bcea8c317259a85a94b902d6/window - {"handle":"B7E597006D0C94FF3F287974AC4A4A54"}
RESULT: {"handle":"B7E597006D0C94FF3F287974AC4A4A54"}
COMMAND: GET /session/dc8d8325bcea8c317259a85a94b902d6/url - {}
RESULT: {"using":"xpath","value":"//span[contains(@id ,\"application-addressmanagement-display-component---detailAdm--addressDetailDetailsName1\")][contains(text(), \"null\")]"}
RESULT: {"using":"xpath","value":"(//span[contains(text(), \"null\")])[2]"}
RESULT: {}
COMMAND: GET /session/dc8d8325bcea8c317259a85a94b902d6/screenshot - {}
COMMAND: POST /session/dc8d8325bcea8c317259a85a94b902d6/element - {"using":"xpath","value":"//span[contains(@id ,\"application-addressmanagement-display-component---detailAdm--addressDetailDetailsName1\")][contains(text(), \"null\")]"}
COMMAND: POST /session/dc8d8325bcea8c317259a85a94b902d6/element - {"using":"xpath","value":"(//span[contains(text(), \"null\")])[2]"}
RESULT: {}
RESULT: {"using":"xpath","value":"//span[contains(@id ,\"application-addressmanagement-display-component---detailAdm--addressDetailDetailsName1\")][contains(text(), \"null\")]"}
RESULT: {"using":"xpath","value":"(//span[contains(text(), \"null\")])[2]"}
COMMAND: POST /session/dc8d8325bcea8c317259a85a94b902d6/element - {"using":"xpath","value":"//span[contains(@id ,\"application-addressmanagement-display-component---detailAdm--addressDetailDetailsName1\")][contains(text(), \"null\")]"}
COMMAND: POST /session/dc8d8325bcea8c317259a85a94b902d6/element - {"using":"xpath","value":"(//span[contains(text(), \"null\")])[2]"}
RESULT: {"using":"xpath","value":"//span[contains(@id ,\"application-addressmanagement-display-component---detailAdm--addressDetailDetailsName1\")][contains(text(), \"null\")]"}
RESULT: {"using":"xpath","value":"(//span[contains(text(), \"null\")])[2]"}
COMMAND: POST /session/dc8d8325bcea8c317259a85a94b902d6/element - {"using":"xpath","value":"//span[contains(@id ,\"application-addressmanagement-display-component---detailAdm--addressDetailDetailsName1\")][contains(text(), \"null\")]"}
COMMAND: POST /session/dc8d8325bcea8c317259a85a94b902d6/element - {"using":"xpath","value":"(//span[contains(text(), \"null\")])[2]"}
RESULT: {"using":"xpath","value":"//span[contains(@id ,\"application-addressmanagement-display-component---detailAdm--addressDetailDetailsName1\")][contains(text(), \"null\")]"}
RESULT: {"using":"xpath","value":"(//span[contains(text(), \"null\")])[2]"}
COMMAND: POST /session/dc8d8325bcea8c317259a85a94b902d6/element - {"using":"xpath","value":"//span[contains(@id ,\"application-addressmanagement-display-component---detailAdm--addressDetailDetailsName1\")][contains(text(), \"null\")]"}
RESULT: {"using":"xpath","value":"//span[contains(@id ,\"application-addressmanagement-display-component---detailAdm--addressDetailDetailsName1\")][contains(text(), \"null\")]"}
COMMAND: POST /session/dc8d8325bcea8c317259a85a94b902d6/element - {"using":"xpath","value":"(//span[contains(text(), \"null\")])[2]"}
RESULT: {"using":"xpath","value":"(//span[contains(text(), \"null\")])[2]"}
COMMAND: POST /session/dc8d8325bcea8c317259a85a94b902d6/element - {"using":"xpath","value":"//span[contains(@id ,\"application-addressmanagement-display-component---detailAdm--addressDetailDetailsName1\")][contains(text(), \"null\")]"}
RESULT: {"using":"xpath","value":"//span[contains(@id ,\"application-addressmanagement-display-component---detailAdm--addressDetailDetailsName1\")][contains(text(), \"null\")]"}
COMMAND: POST /session/dc8d8325bcea8c317259a85a94b902d6/element - {"using":"xpath","value":"(//span[contains(text(), \"null\")])[2]"}
RESULT: {"using":"xpath","value":"(//span[contains(text(), \"null\")])[2]"}
COMMAND: POST /session/dc8d8325bcea8c317259a85a94b902d6/element - {"using":"xpath","value":"//span[contains(@id ,\"application-addressmanagement-display-component---detailAdm--addressDetailDetailsName1\")][contains(text(), \"null\")]"}
RESULT: {"using":"xpath","value":"//span[contains(@id ,\"application-addressmanagement-display-component---detailAdm--addressDetailDetailsName1\")][contains(text(), \"null\")]"}
COMMAND: POST /session/dc8d8325bcea8c317259a85a94b902d6/element - {"using":"xpath","value":"(//span[contains(text(), \"null\")])[2]"}
RESULT: {"using":"xpath","value":"(//span[contains(text(), \"null\")])[2]"}
COMMAND: POST /session/dc8d8325bcea8c317259a85a94b902d6/element - {"using":"xpath","value":"//span[contains(@id ,\"application-addressmanagement-display-component---detailAdm--addressDetailDetailsName1\")][contains(text(), \"null\")]"}
RESULT: {"using":"xpath","value":"//span[contains(@id ,\"application-addressmanagement-display-component---detailAdm--addressDetailDetailsName1\")][contains(text(), \"null\")]"}
COMMAND: POST /session/dc8d8325bcea8c317259a85a94b902d6/element - {"using":"xpath","value":"(//span[contains(text(), \"null\")])[2]"}
RESULT: {"using":"xpath","value":"(//span[contains(text(), \"null\")])[2]"}
COMMAND: POST /session/dc8d8325bcea8c317259a85a94b902d6/element - {"using":"xpath","value":"//span[contains(@id ,\"application-addressmanagement-display-component---detailAdm--addressDetailDetailsName1\")][contains(text(), \"null\")]"}
RESULT: {"using":"xpath","value":"//span[contains(@id ,\"application-addressmanagement-display-component---detailAdm--addressDetailDetailsName1\")][contains(text(), \"null\")]"}
COMMAND: POST /session/dc8d8325bcea8c317259a85a94b902d6/element - {"using":"xpath","value":"(//span[contains(text(), \"null\")])[2]"}
RESULT: {"using":"xpath","value":"(//span[contains(text(), \"null\")])[2]"}
COMMAND: POST /session/dc8d8325bcea8c317259a85a94b902d6/element - {"using":"xpath","value":"//span[contains(@id ,\"application-addressmanagement-display-component---detailAdm--addressDetailDetailsName1\")][contains(text(), \"null\")]"}
RESULT: {"using":"xpath","value":"//span[contains(@id ,\"application-addressmanagement-display-component---detailAdm--addressDetailDetailsName1\")][contains(text(), \"null\")]"}
COMMAND: POST /session/dc8d8325bcea8c317259a85a94b902d6/element - {"using":"xpath","value":"(//span[contains(text(), \"null\")])[2]"}
RESULT: {"using":"xpath","value":"(//span[contains(text(), \"null\")])[2]"}
]]></system-out>
    </testcase>
    <testcase classname="chrome.136_0_7103_93.windows.Related_resources_for_groups_US139107" name="Should set one equipment to inactive and verify that it does not show in the releated resources" time="79.342">
      <system-out><![CDATA[
COMMAND: POST /session/dc8d8325bcea8c317259a85a94b902d6/element - {"using":"xpath","value":"//*[contains(@data-kt ,\"openRUIdMenuLink\")]"}
RESULT: {"using":"xpath","value":"//*[contains(@data-kt ,\"openRUIdMenuLink\")]"}
COMMAND: POST /session/dc8d8325bcea8c317259a85a94b902d6/execute/sync - {"script":"<script> [8489 bytes]","args":[{"element-6066-11e4-a52e-4f735466cecf":"f.B7E597006D0C94FF3F287974AC4A4A54.d.C49E46E155CB2544C9BA94F40D3F2FAE.e.4309","ELEMENT":"f.B7E597006D0C94FF3F287974AC4A4A54.d.C49E46E155CB2544C9BA94F40D3F2FAE.e.4309"}]}
RESULT: {"script":"<script> [8489 bytes]","args":[{"element-6066-11e4-a52e-4f735466cecf":"f.B7E597006D0C94FF3F287974AC4A4A54.d.C49E46E155CB2544C9BA94F40D3F2FAE.e.4309","ELEMENT":"f.B7E597006D0C94FF3F287974AC4A4A54.d.C49E46E155CB2544C9BA94F40D3F2FAE.e.4309"}]}
COMMAND: POST /session/dc8d8325bcea8c317259a85a94b902d6/execute/sync - {"script":"<script> [5351 bytes]","args":[{"element-6066-11e4-a52e-4f735466cecf":"f.B7E597006D0C94FF3F287974AC4A4A54.d.C49E46E155CB2544C9BA94F40D3F2FAE.e.4309","ELEMENT":"f.B7E597006D0C94FF3F287974AC4A4A54.d.C49E46E155CB2544C9BA94F40D3F2FAE.e.4309"}]}
COMMAND: GET /session/dc8d8325bcea8c317259a85a94b902d6/screenshot - {}
RESULT: {"script":"<script> [5351 bytes]","args":[{"element-6066-11e4-a52e-4f735466cecf":"f.B7E597006D0C94FF3F287974AC4A4A54.d.C49E46E155CB2544C9BA94F40D3F2FAE.e.4309","ELEMENT":"f.B7E597006D0C94FF3F287974AC4A4A54.d.C49E46E155CB2544C9BA94F40D3F2FAE.e.4309"}]}
COMMAND: POST /session/dc8d8325bcea8c317259a85a94b902d6/element/f.B7E597006D0C94FF3F287974AC4A4A54.d.C49E46E155CB2544C9BA94F40D3F2FAE.e.4309/click - {}
COMMAND: GET /session/dc8d8325bcea8c317259a85a94b902d6/screenshot - {}
COMMAND: POST /session/dc8d8325bcea8c317259a85a94b902d6/element - {"using":"xpath","value":"//span[contains(@id ,\"application-addressmanagement-display-component---detailAdm--addressDetailDetailsName1\")][contains(text(), \"null\")]"}
COMMAND: POST /session/dc8d8325bcea8c317259a85a94b902d6/element - {"using":"xpath","value":"(//span[contains(text(), \"null\")])[2]"}
RESULT: {}
RESULT: {}
COMMAND: GET /session/dc8d8325bcea8c317259a85a94b902d6/screenshot - {}
RESULT: {}
RESULT: {"using":"xpath","value":"//span[contains(@id ,\"application-addressmanagement-display-component---detailAdm--addressDetailDetailsName1\")][contains(text(), \"null\")]"}
RESULT: {"using":"xpath","value":"(//span[contains(text(), \"null\")])[2]"}
RESULT: {}
COMMAND: POST /session/dc8d8325bcea8c317259a85a94b902d6/element - {"using":"xpath","value":"//span[contains(@id ,\"application-addressmanagement-display-component---detailAdm--addressDetailDetailsName1\")][contains(text(), \"null\")]"}
COMMAND: POST /session/dc8d8325bcea8c317259a85a94b902d6/element - {"using":"xpath","value":"(//span[contains(text(), \"null\")])[2]"}
RESULT: {"using":"xpath","value":"//span[contains(@id ,\"application-addressmanagement-display-component---detailAdm--addressDetailDetailsName1\")][contains(text(), \"null\")]"}
RESULT: {"using":"xpath","value":"(//span[contains(text(), \"null\")])[2]"}
COMMAND: POST /session/dc8d8325bcea8c317259a85a94b902d6/element - {"using":"xpath","value":"//span[contains(@id ,\"application-addressmanagement-display-component---detailAdm--addressDetailDetailsName1\")][contains(text(), \"null\")]"}
RESULT: {"using":"xpath","value":"//span[contains(@id ,\"application-addressmanagement-display-component---detailAdm--addressDetailDetailsName1\")][contains(text(), \"null\")]"}
COMMAND: POST /session/dc8d8325bcea8c317259a85a94b902d6/element - {"using":"xpath","value":"(//span[contains(text(), \"null\")])[2]"}
RESULT: {"using":"xpath","value":"(//span[contains(text(), \"null\")])[2]"}
COMMAND: POST /session/dc8d8325bcea8c317259a85a94b902d6/element - {"using":"xpath","value":"//span[contains(@id ,\"application-addressmanagement-display-component---detailAdm--addressDetailDetailsName1\")][contains(text(), \"null\")]"}
COMMAND: POST /session/dc8d8325bcea8c317259a85a94b902d6/element - {"using":"xpath","value":"//*[contains(@data-kt ,\"ContextMenuId2Link\")][contains(text(), \"RU Overview\")]"}
RESULT: {"using":"xpath","value":"//span[contains(@id ,\"application-addressmanagement-display-component---detailAdm--addressDetailDetailsName1\")][contains(text(), \"null\")]"}
COMMAND: POST /session/dc8d8325bcea8c317259a85a94b902d6/element - {"using":"xpath","value":"(//span[contains(text(), \"null\")])[2]"}
RESULT: {"using":"xpath","value":"//*[contains(@data-kt ,\"ContextMenuId2Link\")][contains(text(), \"RU Overview\")]"}
COMMAND: POST /session/dc8d8325bcea8c317259a85a94b902d6/execute/sync - {"script":"<script> [8489 bytes]","args":[{"element-6066-11e4-a52e-4f735466cecf":"f.B7E597006D0C94FF3F287974AC4A4A54.d.C49E46E155CB2544C9BA94F40D3F2FAE.e.4311","ELEMENT":"f.B7E597006D0C94FF3F287974AC4A4A54.d.C49E46E155CB2544C9BA94F40D3F2FAE.e.4311"}]}
COMMAND: POST /session/dc8d8325bcea8c317259a85a94b902d6/element/f.B7E597006D0C94FF3F287974AC4A4A54.d.C49E46E155CB2544C9BA94F40D3F2FAE.e.4311/click - {}
RESULT: {"using":"xpath","value":"(//span[contains(text(), \"null\")])[2]"}
COMMAND: POST /session/dc8d8325bcea8c317259a85a94b902d6/element - {"using":"xpath","value":"//span[contains(@id ,\"application-addressmanagement-display-component---detailAdm--addressDetailDetailsName1\")][contains(text(), \"null\")]"}
COMMAND: POST /session/dc8d8325bcea8c317259a85a94b902d6/element - {"using":"xpath","value":"(//span[contains(text(), \"null\")])[2]"}
RESULT: {}
COMMAND: POST /session/dc8d8325bcea8c317259a85a94b902d6/element - {"using":"xpath","value":"//*[contains(@data-kt ,\"ContextMenuId2Link\")][contains(text(), \"RU Overview\")]"}
RESULT: {"using":"xpath","value":"//span[contains(@id ,\"application-addressmanagement-display-component---detailAdm--addressDetailDetailsName1\")][contains(text(), \"null\")]"}
RESULT: {"using":"xpath","value":"(//span[contains(text(), \"null\")])[2]"}
RESULT: {"using":"xpath","value":"//*[contains(@data-kt ,\"ContextMenuId2Link\")][contains(text(), \"RU Overview\")]"}
COMMAND: POST /session/dc8d8325bcea8c317259a85a94b902d6/element - {"using":"xpath","value":"//*[contains(@data-kt ,\"ContextMenuId2Link\")][contains(text(), \"RU Overview\")]"}
COMMAND: GET /session/dc8d8325bcea8c317259a85a94b902d6/screenshot - {}
RESULT: {"using":"xpath","value":"//*[contains(@data-kt ,\"ContextMenuId2Link\")][contains(text(), \"RU Overview\")]"}
RESULT: {}
COMMAND: POST /session/dc8d8325bcea8c317259a85a94b902d6/element - {"using":"xpath","value":"//span[contains(@id ,\"application-addressmanagement-display-component---detailAdm--addressDetailDetailsName1\")][contains(text(), \"null\")]"}
COMMAND: POST /session/dc8d8325bcea8c317259a85a94b902d6/element - {"using":"xpath","value":"(//span[contains(text(), \"null\")])[2]"}
COMMAND: POST /session/dc8d8325bcea8c317259a85a94b902d6/element - {"using":"xpath","value":"//*[contains(@data-kt ,\"ContextMenuId2Link\")][contains(text(), \"RU Overview\")]"}
RESULT: {"using":"xpath","value":"//span[contains(@id ,\"application-addressmanagement-display-component---detailAdm--addressDetailDetailsName1\")][contains(text(), \"null\")]"}
RESULT: {"using":"xpath","value":"(//span[contains(text(), \"null\")])[2]"}
RESULT: {"using":"xpath","value":"//*[contains(@data-kt ,\"ContextMenuId2Link\")][contains(text(), \"RU Overview\")]"}
COMMAND: POST /session/dc8d8325bcea8c317259a85a94b902d6/element - {"using":"xpath","value":"//span[contains(@id ,\"application-addressmanagement-display-component---detailAdm--addressDetailDetailsName1\")][contains(text(), \"null\")]"}
COMMAND: POST /session/dc8d8325bcea8c317259a85a94b902d6/element - {"using":"xpath","value":"(//span[contains(text(), \"null\")])[2]"}
COMMAND: POST /session/dc8d8325bcea8c317259a85a94b902d6/element - {"using":"xpath","value":"//*[contains(@data-kt ,\"ContextMenuId2Link\")][contains(text(), \"RU Overview\")]"}
RESULT: {"using":"xpath","value":"//span[contains(@id ,\"application-addressmanagement-display-component---detailAdm--addressDetailDetailsName1\")][contains(text(), \"null\")]"}
RESULT: {"using":"xpath","value":"(//span[contains(text(), \"null\")])[2]"}
RESULT: {"using":"xpath","value":"//*[contains(@data-kt ,\"ContextMenuId2Link\")][contains(text(), \"RU Overview\")]"}
COMMAND: POST /session/dc8d8325bcea8c317259a85a94b902d6/element - {"using":"xpath","value":"//span[contains(@id ,\"application-addressmanagement-display-component---detailAdm--addressDetailDetailsName1\")][contains(text(), \"null\")]"}
COMMAND: POST /session/dc8d8325bcea8c317259a85a94b902d6/element - {"using":"xpath","value":"(//span[contains(text(), \"null\")])[2]"}
COMMAND: POST /session/dc8d8325bcea8c317259a85a94b902d6/element - {"using":"xpath","value":"//*[contains(@data-kt ,\"ContextMenuId2Link\")][contains(text(), \"RU Overview\")]"}
RESULT: {"using":"xpath","value":"//span[contains(@id ,\"application-addressmanagement-display-component---detailAdm--addressDetailDetailsName1\")][contains(text(), \"null\")]"}
RESULT: {"using":"xpath","value":"//*[contains(@data-kt ,\"ContextMenuId2Link\")][contains(text(), \"RU Overview\")]"}
RESULT: {"using":"xpath","value":"(//span[contains(text(), \"null\")])[2]"}
COMMAND: POST /session/dc8d8325bcea8c317259a85a94b902d6/element - {"using":"xpath","value":"//span[contains(@id ,\"application-addressmanagement-display-component---detailAdm--addressDetailDetailsName1\")][contains(text(), \"null\")]"}
COMMAND: POST /session/dc8d8325bcea8c317259a85a94b902d6/element - {"using":"xpath","value":"//*[contains(@data-kt ,\"ContextMenuId2Link\")][contains(text(), \"RU Overview\")]"}
COMMAND: POST /session/dc8d8325bcea8c317259a85a94b902d6/element - {"using":"xpath","value":"(//span[contains(text(), \"null\")])[2]"}
RESULT: {"using":"xpath","value":"//span[contains(@id ,\"application-addressmanagement-display-component---detailAdm--addressDetailDetailsName1\")][contains(text(), \"null\")]"}
RESULT: {"using":"xpath","value":"//*[contains(@data-kt ,\"ContextMenuId2Link\")][contains(text(), \"RU Overview\")]"}
RESULT: {"using":"xpath","value":"(//span[contains(text(), \"null\")])[2]"}
COMMAND: POST /session/dc8d8325bcea8c317259a85a94b902d6/element - {"using":"xpath","value":"//span[contains(@id ,\"application-addressmanagement-display-component---detailAdm--addressDetailDetailsName1\")][contains(text(), \"null\")]"}
COMMAND: POST /session/dc8d8325bcea8c317259a85a94b902d6/element - {"using":"xpath","value":"//*[contains(@data-kt ,\"ContextMenuId2Link\")][contains(text(), \"RU Overview\")]"}
COMMAND: POST /session/dc8d8325bcea8c317259a85a94b902d6/element - {"using":"xpath","value":"(//span[contains(text(), \"null\")])[2]"}
RESULT: {"using":"xpath","value":"//span[contains(@id ,\"application-addressmanagement-display-component---detailAdm--addressDetailDetailsName1\")][contains(text(), \"null\")]"}
RESULT: {"using":"xpath","value":"//*[contains(@data-kt ,\"ContextMenuId2Link\")][contains(text(), \"RU Overview\")]"}
RESULT: {"using":"xpath","value":"(//span[contains(text(), \"null\")])[2]"}
COMMAND: POST /session/dc8d8325bcea8c317259a85a94b902d6/element - {"using":"xpath","value":"//span[contains(@id ,\"application-addressmanagement-display-component---detailAdm--addressDetailDetailsName1\")][contains(text(), \"null\")]"}
COMMAND: POST /session/dc8d8325bcea8c317259a85a94b902d6/element - {"using":"xpath","value":"//*[contains(@data-kt ,\"ContextMenuId2Link\")][contains(text(), \"RU Overview\")]"}
COMMAND: POST /session/dc8d8325bcea8c317259a85a94b902d6/element - {"using":"xpath","value":"(//span[contains(text(), \"null\")])[2]"}
RESULT: {"using":"xpath","value":"//span[contains(@id ,\"application-addressmanagement-display-component---detailAdm--addressDetailDetailsName1\")][contains(text(), \"null\")]"}
RESULT: {"using":"xpath","value":"//*[contains(@data-kt ,\"ContextMenuId2Link\")][contains(text(), \"RU Overview\")]"}
RESULT: {"using":"xpath","value":"(//span[contains(text(), \"null\")])[2]"}
COMMAND: POST /session/dc8d8325bcea8c317259a85a94b902d6/element - {"using":"xpath","value":"//span[contains(@id ,\"application-addressmanagement-display-component---detailAdm--addressDetailDetailsName1\")][contains(text(), \"null\")]"}
COMMAND: POST /session/dc8d8325bcea8c317259a85a94b902d6/element - {"using":"xpath","value":"//*[contains(@data-kt ,\"ContextMenuId2Link\")][contains(text(), \"RU Overview\")]"}
COMMAND: POST /session/dc8d8325bcea8c317259a85a94b902d6/element - {"using":"xpath","value":"(//span[contains(text(), \"null\")])[2]"}
RESULT: {"using":"xpath","value":"//span[contains(@id ,\"application-addressmanagement-display-component---detailAdm--addressDetailDetailsName1\")][contains(text(), \"null\")]"}
RESULT: {"using":"xpath","value":"//*[contains(@data-kt ,\"ContextMenuId2Link\")][contains(text(), \"RU Overview\")]"}
RESULT: {"using":"xpath","value":"(//span[contains(text(), \"null\")])[2]"}
COMMAND: POST /session/dc8d8325bcea8c317259a85a94b902d6/element - {"using":"xpath","value":"//span[contains(@id ,\"application-addressmanagement-display-component---detailAdm--addressDetailDetailsName1\")][contains(text(), \"null\")]"}
COMMAND: POST /session/dc8d8325bcea8c317259a85a94b902d6/element - {"using":"xpath","value":"//*[contains(@data-kt ,\"ContextMenuId2Link\")][contains(text(), \"RU Overview\")]"}
RESULT: {"using":"xpath","value":"//span[contains(@id ,\"application-addressmanagement-display-component---detailAdm--addressDetailDetailsName1\")][contains(text(), \"null\")]"}
COMMAND: POST /session/dc8d8325bcea8c317259a85a94b902d6/element - {"using":"xpath","value":"(//span[contains(text(), \"null\")])[2]"}
RESULT: {"using":"xpath","value":"//*[contains(@data-kt ,\"ContextMenuId2Link\")][contains(text(), \"RU Overview\")]"}
RESULT: {"using":"xpath","value":"(//span[contains(text(), \"null\")])[2]"}
COMMAND: POST /session/dc8d8325bcea8c317259a85a94b902d6/element - {"using":"xpath","value":"//span[contains(@id ,\"application-addressmanagement-display-component---detailAdm--addressDetailDetailsName1\")][contains(text(), \"null\")]"}
COMMAND: POST /session/dc8d8325bcea8c317259a85a94b902d6/element - {"using":"xpath","value":"//*[contains(@data-kt ,\"ContextMenuId2Link\")][contains(text(), \"RU Overview\")]"}
COMMAND: POST /session/dc8d8325bcea8c317259a85a94b902d6/element - {"using":"xpath","value":"(//span[contains(text(), \"null\")])[2]"}
RESULT: {"using":"xpath","value":"//span[contains(@id ,\"application-addressmanagement-display-component---detailAdm--addressDetailDetailsName1\")][contains(text(), \"null\")]"}
RESULT: {"using":"xpath","value":"//*[contains(@data-kt ,\"ContextMenuId2Link\")][contains(text(), \"RU Overview\")]"}
RESULT: {"using":"xpath","value":"(//span[contains(text(), \"null\")])[2]"}
COMMAND: POST /session/dc8d8325bcea8c317259a85a94b902d6/element - {"using":"xpath","value":"//span[contains(@id ,\"application-addressmanagement-display-component---detailAdm--addressDetailDetailsName1\")][contains(text(), \"null\")]"}
COMMAND: POST /session/dc8d8325bcea8c317259a85a94b902d6/element - {"using":"xpath","value":"//*[contains(@data-kt ,\"ContextMenuId2Link\")][contains(text(), \"RU Overview\")]"}
RESULT: {"using":"xpath","value":"//span[contains(@id ,\"application-addressmanagement-display-component---detailAdm--addressDetailDetailsName1\")][contains(text(), \"null\")]"}
RESULT: {"using":"xpath","value":"//*[contains(@data-kt ,\"ContextMenuId2Link\")][contains(text(), \"RU Overview\")]"}
COMMAND: POST /session/dc8d8325bcea8c317259a85a94b902d6/element - {"using":"xpath","value":"//span[contains(@id ,\"application-addressmanagement-display-component---detailAdm--addressDetailDetailsName1\")][contains(text(), \"null\")]"}
COMMAND: POST /session/dc8d8325bcea8c317259a85a94b902d6/element - {"using":"xpath","value":"//*[contains(@data-kt ,\"ContextMenuId2Link\")][contains(text(), \"RU Overview\")]"}
RESULT: {"using":"xpath","value":"//span[contains(@id ,\"application-addressmanagement-display-component---detailAdm--addressDetailDetailsName1\")][contains(text(), \"null\")]"}
RESULT: {"using":"xpath","value":"//*[contains(@data-kt ,\"ContextMenuId2Link\")][contains(text(), \"RU Overview\")]"}
COMMAND: POST /session/dc8d8325bcea8c317259a85a94b902d6/element - {"using":"xpath","value":"//span[contains(@id ,\"application-addressmanagement-display-component---detailAdm--addressDetailDetailsName1\")][contains(text(), \"null\")]"}
COMMAND: POST /session/dc8d8325bcea8c317259a85a94b902d6/element - {"using":"xpath","value":"//*[contains(@data-kt ,\"ContextMenuId2Link\")][contains(text(), \"RU Overview\")]"}
RESULT: {"using":"xpath","value":"//span[contains(@id ,\"application-addressmanagement-display-component---detailAdm--addressDetailDetailsName1\")][contains(text(), \"null\")]"}
RESULT: {"using":"xpath","value":"//*[contains(@data-kt ,\"ContextMenuId2Link\")][contains(text(), \"RU Overview\")]"}
COMMAND: POST /session/dc8d8325bcea8c317259a85a94b902d6/element - {"using":"xpath","value":"//span[contains(@id ,\"application-addressmanagement-display-component---detailAdm--addressDetailDetailsName1\")][contains(text(), \"null\")]"}
RESULT: {"using":"xpath","value":"//span[contains(@id ,\"application-addressmanagement-display-component---detailAdm--addressDetailDetailsName1\")][contains(text(), \"null\")]"}
COMMAND: POST /session/dc8d8325bcea8c317259a85a94b902d6/element - {"using":"xpath","value":"//*[contains(@data-kt ,\"ContextMenuId2Link\")][contains(text(), \"RU Overview\")]"}
RESULT: {"using":"xpath","value":"//*[contains(@data-kt ,\"ContextMenuId2Link\")][contains(text(), \"RU Overview\")]"}
COMMAND: POST /session/dc8d8325bcea8c317259a85a94b902d6/element - {"using":"xpath","value":"//span[contains(@id ,\"application-addressmanagement-display-component---detailAdm--addressDetailDetailsName1\")][contains(text(), \"null\")]"}
RESULT: {"using":"xpath","value":"//span[contains(@id ,\"application-addressmanagement-display-component---detailAdm--addressDetailDetailsName1\")][contains(text(), \"null\")]"}
COMMAND: POST /session/dc8d8325bcea8c317259a85a94b902d6/element - {"using":"xpath","value":"//*[contains(@data-kt ,\"ContextMenuId2Link\")][contains(text(), \"RU Overview\")]"}
RESULT: {"using":"xpath","value":"//*[contains(@data-kt ,\"ContextMenuId2Link\")][contains(text(), \"RU Overview\")]"}
COMMAND: POST /session/dc8d8325bcea8c317259a85a94b902d6/element - {"using":"xpath","value":"//span[contains(@id ,\"application-addressmanagement-display-component---detailAdm--addressDetailDetailsName1\")][contains(text(), \"null\")]"}
RESULT: {"using":"xpath","value":"//span[contains(@id ,\"application-addressmanagement-display-component---detailAdm--addressDetailDetailsName1\")][contains(text(), \"null\")]"}
COMMAND: POST /session/dc8d8325bcea8c317259a85a94b902d6/element - {"using":"xpath","value":"//*[contains(@data-kt ,\"ContextMenuId2Link\")][contains(text(), \"RU Overview\")]"}
RESULT: {"using":"xpath","value":"//*[contains(@data-kt ,\"ContextMenuId2Link\")][contains(text(), \"RU Overview\")]"}
COMMAND: POST /session/dc8d8325bcea8c317259a85a94b902d6/element - {"using":"xpath","value":"//span[contains(@id ,\"application-addressmanagement-display-component---detailAdm--addressDetailDetailsName1\")][contains(text(), \"null\")]"}
RESULT: {"using":"xpath","value":"//span[contains(@id ,\"application-addressmanagement-display-component---detailAdm--addressDetailDetailsName1\")][contains(text(), \"null\")]"}
COMMAND: POST /session/dc8d8325bcea8c317259a85a94b902d6/element - {"using":"xpath","value":"//*[contains(@data-kt ,\"ContextMenuId2Link\")][contains(text(), \"RU Overview\")]"}
RESULT: {"using":"xpath","value":"//*[contains(@data-kt ,\"ContextMenuId2Link\")][contains(text(), \"RU Overview\")]"}
COMMAND: POST /session/dc8d8325bcea8c317259a85a94b902d6/element - {"using":"xpath","value":"//span[contains(@id ,\"application-addressmanagement-display-component---detailAdm--addressDetailDetailsName1\")][contains(text(), \"null\")]"}
RESULT: {"using":"xpath","value":"//span[contains(@id ,\"application-addressmanagement-display-component---detailAdm--addressDetailDetailsName1\")][contains(text(), \"null\")]"}
COMMAND: POST /session/dc8d8325bcea8c317259a85a94b902d6/element - {"using":"xpath","value":"//*[contains(@data-kt ,\"ContextMenuId2Link\")][contains(text(), \"RU Overview\")]"}
RESULT: {"using":"xpath","value":"//*[contains(@data-kt ,\"ContextMenuId2Link\")][contains(text(), \"RU Overview\")]"}
COMMAND: POST /session/dc8d8325bcea8c317259a85a94b902d6/element - {"using":"xpath","value":"//span[contains(@id ,\"application-addressmanagement-display-component---detailAdm--addressDetailDetailsName1\")][contains(text(), \"null\")]"}
RESULT: {"using":"xpath","value":"//span[contains(@id ,\"application-addressmanagement-display-component---detailAdm--addressDetailDetailsName1\")][contains(text(), \"null\")]"}
COMMAND: POST /session/dc8d8325bcea8c317259a85a94b902d6/element - {"using":"xpath","value":"//*[contains(@data-kt ,\"ContextMenuId2Link\")][contains(text(), \"RU Overview\")]"}
RESULT: {"using":"xpath","value":"//*[contains(@data-kt ,\"ContextMenuId2Link\")][contains(text(), \"RU Overview\")]"}
COMMAND: POST /session/dc8d8325bcea8c317259a85a94b902d6/element - {"using":"xpath","value":"//span[contains(@id ,\"application-addressmanagement-display-component---detailAdm--addressDetailDetailsName1\")][contains(text(), \"null\")]"}
RESULT: {"using":"xpath","value":"//span[contains(@id ,\"application-addressmanagement-display-component---detailAdm--addressDetailDetailsName1\")][contains(text(), \"null\")]"}
COMMAND: POST /session/dc8d8325bcea8c317259a85a94b902d6/element - {"using":"xpath","value":"//*[contains(@data-kt ,\"ContextMenuId2Link\")][contains(text(), \"RU Overview\")]"}
RESULT: {"using":"xpath","value":"//*[contains(@data-kt ,\"ContextMenuId2Link\")][contains(text(), \"RU Overview\")]"}
COMMAND: POST /session/dc8d8325bcea8c317259a85a94b902d6/element - {"using":"xpath","value":"//span[contains(@id ,\"application-addressmanagement-display-component---detailAdm--addressDetailDetailsName1\")][contains(text(), \"null\")]"}
RESULT: {"using":"xpath","value":"//span[contains(@id ,\"application-addressmanagement-display-component---detailAdm--addressDetailDetailsName1\")][contains(text(), \"null\")]"}
COMMAND: POST /session/dc8d8325bcea8c317259a85a94b902d6/element - {"using":"xpath","value":"//*[contains(@data-kt ,\"ContextMenuId2Link\")][contains(text(), \"RU Overview\")]"}
RESULT: {"using":"xpath","value":"//*[contains(@data-kt ,\"ContextMenuId2Link\")][contains(text(), \"RU Overview\")]"}
COMMAND: POST /session/dc8d8325bcea8c317259a85a94b902d6/element - {"using":"xpath","value":"//span[contains(@id ,\"application-addressmanagement-display-component---detailAdm--addressDetailDetailsName1\")][contains(text(), \"null\")]"}
RESULT: {"using":"xpath","value":"//span[contains(@id ,\"application-addressmanagement-display-component---detailAdm--addressDetailDetailsName1\")][contains(text(), \"null\")]"}
COMMAND: POST /session/dc8d8325bcea8c317259a85a94b902d6/element - {"using":"xpath","value":"//*[contains(@data-kt ,\"ContextMenuId2Link\")][contains(text(), \"RU Overview\")]"}
RESULT: {"using":"xpath","value":"//*[contains(@data-kt ,\"ContextMenuId2Link\")][contains(text(), \"RU Overview\")]"}
COMMAND: POST /session/dc8d8325bcea8c317259a85a94b902d6/element - {"using":"xpath","value":"//span[contains(@id ,\"application-addressmanagement-display-component---detailAdm--addressDetailDetailsName1\")][contains(text(), \"null\")]"}
RESULT: {"using":"xpath","value":"//span[contains(@id ,\"application-addressmanagement-display-component---detailAdm--addressDetailDetailsName1\")][contains(text(), \"null\")]"}
COMMAND: POST /session/dc8d8325bcea8c317259a85a94b902d6/element - {"using":"xpath","value":"//*[contains(@data-kt ,\"ContextMenuId2Link\")][contains(text(), \"RU Overview\")]"}
RESULT: {"using":"xpath","value":"//*[contains(@data-kt ,\"ContextMenuId2Link\")][contains(text(), \"RU Overview\")]"}
COMMAND: POST /session/dc8d8325bcea8c317259a85a94b902d6/element - {"using":"xpath","value":"//span[contains(@id ,\"application-addressmanagement-display-component---detailAdm--addressDetailDetailsName1\")][contains(text(), \"null\")]"}
RESULT: {"using":"xpath","value":"//span[contains(@id ,\"application-addressmanagement-display-component---detailAdm--addressDetailDetailsName1\")][contains(text(), \"null\")]"}
COMMAND: POST /session/dc8d8325bcea8c317259a85a94b902d6/element - {"using":"xpath","value":"//*[contains(@data-kt ,\"ContextMenuId2Link\")][contains(text(), \"RU Overview\")]"}
COMMAND: POST /session/dc8d8325bcea8c317259a85a94b902d6/element - {"using":"xpath","value":"//span[contains(@id ,\"application-addressmanagement-display-component---detailAdm--addressDetailDetailsName1\")][contains(text(), \"null\")]"}
COMMAND: POST /session/dc8d8325bcea8c317259a85a94b902d6/element - {"using":"xpath","value":"//span[contains(@id ,\"actionsToolbar-overflowButton-img\")]"}
RESULT: {"using":"xpath","value":"//*[contains(@data-kt ,\"ContextMenuId2Link\")][contains(text(), \"RU Overview\")]"}
RESULT: {"using":"xpath","value":"//span[contains(@id ,\"application-addressmanagement-display-component---detailAdm--addressDetailDetailsName1\")][contains(text(), \"null\")]"}
RESULT: {"using":"xpath","value":"//span[contains(@id ,\"actionsToolbar-overflowButton-img\")]"}
COMMAND: POST /session/dc8d8325bcea8c317259a85a94b902d6/execute/sync - {"script":"<script> [8489 bytes]","args":[{"element-6066-11e4-a52e-4f735466cecf":"f.B7E597006D0C94FF3F287974AC4A4A54.d.C49E46E155CB2544C9BA94F40D3F2FAE.e.4566","ELEMENT":"f.B7E597006D0C94FF3F287974AC4A4A54.d.C49E46E155CB2544C9BA94F40D3F2FAE.e.4566"}]}
RESULT: {"script":"<script> [8489 bytes]","args":[{"element-6066-11e4-a52e-4f735466cecf":"f.B7E597006D0C94FF3F287974AC4A4A54.d.C49E46E155CB2544C9BA94F40D3F2FAE.e.4566","ELEMENT":"f.B7E597006D0C94FF3F287974AC4A4A54.d.C49E46E155CB2544C9BA94F40D3F2FAE.e.4566"}]}
COMMAND: POST /session/dc8d8325bcea8c317259a85a94b902d6/execute/sync - {"script":"<script> [5351 bytes]","args":[{"element-6066-11e4-a52e-4f735466cecf":"f.B7E597006D0C94FF3F287974AC4A4A54.d.C49E46E155CB2544C9BA94F40D3F2FAE.e.4566","ELEMENT":"f.B7E597006D0C94FF3F287974AC4A4A54.d.C49E46E155CB2544C9BA94F40D3F2FAE.e.4566"}]}
COMMAND: GET /session/dc8d8325bcea8c317259a85a94b902d6/screenshot - {}
RESULT: {"script":"<script> [5351 bytes]","args":[{"element-6066-11e4-a52e-4f735466cecf":"f.B7E597006D0C94FF3F287974AC4A4A54.d.C49E46E155CB2544C9BA94F40D3F2FAE.e.4566","ELEMENT":"f.B7E597006D0C94FF3F287974AC4A4A54.d.C49E46E155CB2544C9BA94F40D3F2FAE.e.4566"}]}
COMMAND: POST /session/dc8d8325bcea8c317259a85a94b902d6/element/f.B7E597006D0C94FF3F287974AC4A4A54.d.C49E46E155CB2544C9BA94F40D3F2FAE.e.4566/click - {}
COMMAND: GET /session/dc8d8325bcea8c317259a85a94b902d6/screenshot - {}
COMMAND: POST /session/dc8d8325bcea8c317259a85a94b902d6/element - {"using":"xpath","value":"//*[contains(@data-kt ,\"ContextMenuId2Link\")][contains(text(), \"RU Overview\")]"}
COMMAND: POST /session/dc8d8325bcea8c317259a85a94b902d6/element - {"using":"xpath","value":"//span[contains(@id ,\"application-addressmanagement-display-component---detailAdm--addressDetailDetailsName1\")][contains(text(), \"null\")]"}
RESULT: {}
RESULT: {}
COMMAND: GET /session/dc8d8325bcea8c317259a85a94b902d6/screenshot - {}
RESULT: {}
RESULT: {"using":"xpath","value":"//*[contains(@data-kt ,\"ContextMenuId2Link\")][contains(text(), \"RU Overview\")]"}
RESULT: {"using":"xpath","value":"//span[contains(@id ,\"application-addressmanagement-display-component---detailAdm--addressDetailDetailsName1\")][contains(text(), \"null\")]"}
RESULT: {}
COMMAND: POST /session/dc8d8325bcea8c317259a85a94b902d6/element - {"using":"xpath","value":"//*[contains(@data-kt ,\"ContextMenuId2Link\")][contains(text(), \"RU Overview\")]"}
RESULT: {"using":"xpath","value":"//*[contains(@data-kt ,\"ContextMenuId2Link\")][contains(text(), \"RU Overview\")]"}
COMMAND: POST /session/dc8d8325bcea8c317259a85a94b902d6/element - {"using":"xpath","value":"//span[contains(@id ,\"application-addressmanagement-display-component---detailAdm--addressDetailDetailsName1\")][contains(text(), \"null\")]"}
RESULT: {"using":"xpath","value":"//span[contains(@id ,\"application-addressmanagement-display-component---detailAdm--addressDetailDetailsName1\")][contains(text(), \"null\")]"}
COMMAND: POST /session/dc8d8325bcea8c317259a85a94b902d6/element - {"using":"xpath","value":"//*[contains(@data-kt ,\"ContextMenuId2Link\")][contains(text(), \"RU Overview\")]"}
RESULT: {"using":"xpath","value":"//*[contains(@data-kt ,\"ContextMenuId2Link\")][contains(text(), \"RU Overview\")]"}
COMMAND: POST /session/dc8d8325bcea8c317259a85a94b902d6/element - {"using":"xpath","value":"//span[contains(@id ,\"application-addressmanagement-display-component---detailAdm--addressDetailDetailsName1\")][contains(text(), \"null\")]"}
RESULT: {"using":"xpath","value":"//span[contains(@id ,\"application-addressmanagement-display-component---detailAdm--addressDetailDetailsName1\")][contains(text(), \"null\")]"}
COMMAND: POST /session/dc8d8325bcea8c317259a85a94b902d6/element - {"using":"xpath","value":"//*[contains(@data-kt ,\"ContextMenuId2Link\")][contains(text(), \"RU Overview\")]"}
RESULT: {"using":"xpath","value":"//*[contains(@data-kt ,\"ContextMenuId2Link\")][contains(text(), \"RU Overview\")]"}
COMMAND: POST /session/dc8d8325bcea8c317259a85a94b902d6/element - {"using":"xpath","value":"//span[contains(@id ,\"application-addressmanagement-display-component---detailAdm--addressDetailDetailsName1\")][contains(text(), \"null\")]"}
RESULT: {"using":"xpath","value":"//span[contains(@id ,\"application-addressmanagement-display-component---detailAdm--addressDetailDetailsName1\")][contains(text(), \"null\")]"}
COMMAND: POST /session/dc8d8325bcea8c317259a85a94b902d6/element - {"using":"xpath","value":"(//bdi[contains(text(), \"Deactivate\")])[1]"}
RESULT: {"using":"xpath","value":"(//bdi[contains(text(), \"Deactivate\")])[1]"}
COMMAND: POST /session/dc8d8325bcea8c317259a85a94b902d6/element/f.B7E597006D0C94FF3F287974AC4A4A54.d.C49E46E155CB2544C9BA94F40D3F2FAE.e.4571/click - {}
RESULT: {}
COMMAND: POST /session/dc8d8325bcea8c317259a85a94b902d6/element - {"using":"xpath","value":"//*[contains(@data-kt ,\"ContextMenuId2Link\")][contains(text(), \"RU Overview\")]"}
COMMAND: GET /session/dc8d8325bcea8c317259a85a94b902d6/screenshot - {}
COMMAND: POST /session/dc8d8325bcea8c317259a85a94b902d6/element - {"using":"xpath","value":"//span[contains(@id ,\"application-addressmanagement-display-component---detailAdm--addressDetailDetailsName1\")][contains(text(), \"null\")]"}
RESULT: {"using":"xpath","value":"//*[contains(@data-kt ,\"ContextMenuId2Link\")][contains(text(), \"RU Overview\")]"}
RESULT: {}
RESULT: {"using":"xpath","value":"//span[contains(@id ,\"application-addressmanagement-display-component---detailAdm--addressDetailDetailsName1\")][contains(text(), \"null\")]"}
COMMAND: POST /session/dc8d8325bcea8c317259a85a94b902d6/element - {"using":"xpath","value":"//*[contains(@data-kt ,\"ContextMenuId2Link\")][contains(text(), \"RU Overview\")]"}
RESULT: {"using":"xpath","value":"//*[contains(@data-kt ,\"ContextMenuId2Link\")][contains(text(), \"RU Overview\")]"}
COMMAND: POST /session/dc8d8325bcea8c317259a85a94b902d6/element - {"using":"xpath","value":"//span[contains(@id ,\"application-addressmanagement-display-component---detailAdm--addressDetailDetailsName1\")][contains(text(), \"null\")]"}
RESULT: {"using":"xpath","value":"//span[contains(@id ,\"application-addressmanagement-display-component---detailAdm--addressDetailDetailsName1\")][contains(text(), \"null\")]"}
COMMAND: POST /session/dc8d8325bcea8c317259a85a94b902d6/element - {"using":"xpath","value":"//*[contains(@data-kt ,\"ContextMenuId2Link\")][contains(text(), \"RU Overview\")]"}
RESULT: {"using":"xpath","value":"//*[contains(@data-kt ,\"ContextMenuId2Link\")][contains(text(), \"RU Overview\")]"}
COMMAND: POST /session/dc8d8325bcea8c317259a85a94b902d6/element - {"using":"xpath","value":"//span[contains(@id ,\"application-addressmanagement-display-component---detailAdm--addressDetailDetailsName1\")][contains(text(), \"null\")]"}
RESULT: {"using":"xpath","value":"//span[contains(@id ,\"application-addressmanagement-display-component---detailAdm--addressDetailDetailsName1\")][contains(text(), \"null\")]"}
COMMAND: POST /session/dc8d8325bcea8c317259a85a94b902d6/element - {"using":"xpath","value":"//*[contains(@data-kt ,\"ContextMenuId2Link\")][contains(text(), \"RU Overview\")]"}
RESULT: {"using":"xpath","value":"//*[contains(@data-kt ,\"ContextMenuId2Link\")][contains(text(), \"RU Overview\")]"}
COMMAND: POST /session/dc8d8325bcea8c317259a85a94b902d6/element - {"using":"xpath","value":"(//bdi[contains(text(), \"OK\")])[1]"}
COMMAND: POST /session/dc8d8325bcea8c317259a85a94b902d6/element - {"using":"xpath","value":"//span[contains(@id ,\"application-addressmanagement-display-component---detailAdm--addressDetailDetailsName1\")][contains(text(), \"null\")]"}
RESULT: {"using":"xpath","value":"(//bdi[contains(text(), \"OK\")])[1]"}
COMMAND: POST /session/dc8d8325bcea8c317259a85a94b902d6/element/f.B7E597006D0C94FF3F287974AC4A4A54.d.C49E46E155CB2544C9BA94F40D3F2FAE.e.4574/click - {}
RESULT: {"using":"xpath","value":"//span[contains(@id ,\"application-addressmanagement-display-component---detailAdm--addressDetailDetailsName1\")][contains(text(), \"null\")]"}
RESULT: {}
COMMAND: GET /session/dc8d8325bcea8c317259a85a94b902d6/screenshot - {}
COMMAND: POST /session/dc8d8325bcea8c317259a85a94b902d6/element - {"using":"xpath","value":"//*[contains(@data-kt ,\"ContextMenuId2Link\")][contains(text(), \"RU Overview\")]"}
COMMAND: POST /session/dc8d8325bcea8c317259a85a94b902d6/element - {"using":"xpath","value":"//span[contains(@id ,\"application-addressmanagement-display-component---detailAdm--addressDetailDetailsName1\")][contains(text(), \"null\")]"}
RESULT: {}
RESULT: {"using":"xpath","value":"//*[contains(@data-kt ,\"ContextMenuId2Link\")][contains(text(), \"RU Overview\")]"}
RESULT: {"using":"xpath","value":"//span[contains(@id ,\"application-addressmanagement-display-component---detailAdm--addressDetailDetailsName1\")][contains(text(), \"null\")]"}
COMMAND: POST /session/dc8d8325bcea8c317259a85a94b902d6/element - {"using":"xpath","value":"//*[contains(@data-kt ,\"ContextMenuId2Link\")][contains(text(), \"RU Overview\")]"}
COMMAND: POST /session/dc8d8325bcea8c317259a85a94b902d6/element - {"using":"xpath","value":"//span[contains(@id ,\"application-addressmanagement-display-component---detailAdm--addressDetailDetailsName1\")][contains(text(), \"null\")]"}
RESULT: {"using":"xpath","value":"//*[contains(@data-kt ,\"ContextMenuId2Link\")][contains(text(), \"RU Overview\")]"}
RESULT: {"using":"xpath","value":"//span[contains(@id ,\"application-addressmanagement-display-component---detailAdm--addressDetailDetailsName1\")][contains(text(), \"null\")]"}
COMMAND: POST /session/dc8d8325bcea8c317259a85a94b902d6/element - {"using":"xpath","value":"//*[contains(@data-kt ,\"ContextMenuId2Link\")][contains(text(), \"RU Overview\")]"}
RESULT: {"using":"xpath","value":"//*[contains(@data-kt ,\"ContextMenuId2Link\")][contains(text(), \"RU Overview\")]"}
COMMAND: POST /session/dc8d8325bcea8c317259a85a94b902d6/element - {"using":"xpath","value":"//span[contains(@id ,\"application-addressmanagement-display-component---detailAdm--addressDetailDetailsName1\")][contains(text(), \"null\")]"}
RESULT: {"using":"xpath","value":"//span[contains(@id ,\"application-addressmanagement-display-component---detailAdm--addressDetailDetailsName1\")][contains(text(), \"null\")]"}
COMMAND: POST /session/dc8d8325bcea8c317259a85a94b902d6/element - {"using":"xpath","value":"//*[contains(@data-kt ,\"ContextMenuId2Link\")][contains(text(), \"RU Overview\")]"}
COMMAND: POST /session/dc8d8325bcea8c317259a85a94b902d6/element - {"using":"xpath","value":"//input[contains(@id ,\"application-manageresources-display-component---masterRU--smartFilterBar-btnBasicSearch-I\")]"}
COMMAND: POST /session/dc8d8325bcea8c317259a85a94b902d6/element - {"using":"xpath","value":"//span[contains(@id ,\"application-addressmanagement-display-component---detailAdm--addressDetailDetailsName1\")][contains(text(), \"null\")]"}
RESULT: {"using":"xpath","value":"//*[contains(@data-kt ,\"ContextMenuId2Link\")][contains(text(), \"RU Overview\")]"}
RESULT: {"using":"xpath","value":"//input[contains(@id ,\"application-manageresources-display-component---masterRU--smartFilterBar-btnBasicSearch-I\")]"}
COMMAND: POST /session/dc8d8325bcea8c317259a85a94b902d6/element/f.B7E597006D0C94FF3F287974AC4A4A54.d.C49E46E155CB2544C9BA94F40D3F2FAE.e.4321/value - {"text":"WdIORUGroup9zac7"}
RESULT: {"using":"xpath","value":"//span[contains(@id ,\"application-addressmanagement-display-component---detailAdm--addressDetailDetailsName1\")][contains(text(), \"null\")]"}
RESULT: {"text":"WdIORUGroup9zac7"}
COMMAND: GET /session/dc8d8325bcea8c317259a85a94b902d6/screenshot - {}
COMMAND: POST /session/dc8d8325bcea8c317259a85a94b902d6/element - {"using":"xpath","value":"//*[contains(@data-kt ,\"ContextMenuId2Link\")][contains(text(), \"RU Overview\")]"}
RESULT: {}
RESULT: {"using":"xpath","value":"//*[contains(@data-kt ,\"ContextMenuId2Link\")][contains(text(), \"RU Overview\")]"}
COMMAND: POST /session/dc8d8325bcea8c317259a85a94b902d6/element - {"using":"xpath","value":"//span[contains(@id ,\"application-addressmanagement-display-component---detailAdm--addressDetailDetailsName1\")][contains(text(), \"null\")]"}
RESULT: {"using":"xpath","value":"//span[contains(@id ,\"application-addressmanagement-display-component---detailAdm--addressDetailDetailsName1\")][contains(text(), \"null\")]"}
COMMAND: POST /session/dc8d8325bcea8c317259a85a94b902d6/element - {"using":"xpath","value":"//*[contains(@data-kt ,\"ContextMenuId2Link\")][contains(text(), \"RU Overview\")]"}
RESULT: {"using":"xpath","value":"//*[contains(@data-kt ,\"ContextMenuId2Link\")][contains(text(), \"RU Overview\")]"}
COMMAND: POST /session/dc8d8325bcea8c317259a85a94b902d6/element - {"using":"xpath","value":"//span[contains(@id ,\"application-addressmanagement-display-component---detailAdm--addressDetailDetailsName1\")][contains(text(), \"null\")]"}
RESULT: {"using":"xpath","value":"//span[contains(@id ,\"application-addressmanagement-display-component---detailAdm--addressDetailDetailsName1\")][contains(text(), \"null\")]"}
COMMAND: POST /session/dc8d8325bcea8c317259a85a94b902d6/element - {"using":"xpath","value":"//*[contains(@data-kt ,\"ContextMenuId2Link\")][contains(text(), \"RU Overview\")]"}
RESULT: {"using":"xpath","value":"//*[contains(@data-kt ,\"ContextMenuId2Link\")][contains(text(), \"RU Overview\")]"}
COMMAND: POST /session/dc8d8325bcea8c317259a85a94b902d6/element - {"using":"xpath","value":"//span[contains(@id ,\"application-addressmanagement-display-component---detailAdm--addressDetailDetailsName1\")][contains(text(), \"null\")]"}
RESULT: {"using":"xpath","value":"//span[contains(@id ,\"application-addressmanagement-display-component---detailAdm--addressDetailDetailsName1\")][contains(text(), \"null\")]"}
COMMAND: POST /session/dc8d8325bcea8c317259a85a94b902d6/element - {"using":"xpath","value":"//*[contains(@data-kt ,\"ContextMenuId2Link\")][contains(text(), \"RU Overview\")]"}
RESULT: {"using":"xpath","value":"//*[contains(@data-kt ,\"ContextMenuId2Link\")][contains(text(), \"RU Overview\")]"}
COMMAND: POST /session/dc8d8325bcea8c317259a85a94b902d6/actions - {"actions":[{"id":"action13","type":"key","parameters":{},"actions":[{"type":"keyDown","value":"î€‡"},{"type":"pause","duration":10},{"type":"keyUp","value":"î€‡"}]}]}
COMMAND: POST /session/dc8d8325bcea8c317259a85a94b902d6/element - {"using":"xpath","value":"//span[contains(@id ,\"application-addressmanagement-display-component---detailAdm--addressDetailDetailsName1\")][contains(text(), \"null\")]"}
COMMAND: POST /session/dc8d8325bcea8c317259a85a94b902d6/element - {"using":"xpath","value":"//*[contains(@data-kt ,\"ContextMenuId2Link\")][contains(text(), \"RU Overview\")]"}
RESULT: {"actions":[{"id":"action13","type":"key","parameters":{},"actions":[{"type":"keyDown","value":"î€‡"},{"type":"pause","duration":10},{"type":"keyUp","value":"î€‡"}]}]}
COMMAND: GET /session/dc8d8325bcea8c317259a85a94b902d6/screenshot - {}
RESULT: {"using":"xpath","value":"//span[contains(@id ,\"application-addressmanagement-display-component---detailAdm--addressDetailDetailsName1\")][contains(text(), \"null\")]"}
RESULT: {"using":"xpath","value":"//*[contains(@data-kt ,\"ContextMenuId2Link\")][contains(text(), \"RU Overview\")]"}
RESULT: {}
COMMAND: POST /session/dc8d8325bcea8c317259a85a94b902d6/element - {"using":"xpath","value":"//*[contains(@data-kt ,\"ContextMenuId2Link\")][contains(text(), \"RU Overview\")]"}
RESULT: {"using":"xpath","value":"//*[contains(@data-kt ,\"ContextMenuId2Link\")][contains(text(), \"RU Overview\")]"}
COMMAND: POST /session/dc8d8325bcea8c317259a85a94b902d6/element - {"using":"xpath","value":"//*[contains(@data-kt ,\"ContextMenuId2Link\")][contains(text(), \"RU Overview\")]"}
RESULT: {"using":"xpath","value":"//*[contains(@data-kt ,\"ContextMenuId2Link\")][contains(text(), \"RU Overview\")]"}
COMMAND: POST /session/dc8d8325bcea8c317259a85a94b902d6/element - {"using":"xpath","value":"//*[contains(@data-kt ,\"ContextMenuId2Link\")][contains(text(), \"RU Overview\")]"}
RESULT: {"using":"xpath","value":"//*[contains(@data-kt ,\"ContextMenuId2Link\")][contains(text(), \"RU Overview\")]"}
COMMAND: POST /session/dc8d8325bcea8c317259a85a94b902d6/element - {"using":"xpath","value":"//*[contains(@data-kt ,\"ContextMenuId2Link\")][contains(text(), \"RU Overview\")]"}
RESULT: {"using":"xpath","value":"//*[contains(@data-kt ,\"ContextMenuId2Link\")][contains(text(), \"RU Overview\")]"}
COMMAND: POST /session/dc8d8325bcea8c317259a85a94b902d6/element - {"using":"xpath","value":"//*[contains(@data-kt ,\"ContextMenuId2Link\")][contains(text(), \"RU Overview\")]"}
RESULT: {"using":"xpath","value":"//*[contains(@data-kt ,\"ContextMenuId2Link\")][contains(text(), \"RU Overview\")]"}
COMMAND: POST /session/dc8d8325bcea8c317259a85a94b902d6/element - {"using":"xpath","value":"//*[contains(@data-kt ,\"ContextMenuId2Link\")][contains(text(), \"RU Overview\")]"}
RESULT: {"using":"xpath","value":"//*[contains(@data-kt ,\"ContextMenuId2Link\")][contains(text(), \"RU Overview\")]"}
COMMAND: POST /session/dc8d8325bcea8c317259a85a94b902d6/element - {"using":"xpath","value":"//*[contains(@data-kt ,\"ContextMenuId2Link\")][contains(text(), \"RU Overview\")]"}
RESULT: {"using":"xpath","value":"//*[contains(@data-kt ,\"ContextMenuId2Link\")][contains(text(), \"RU Overview\")]"}
COMMAND: POST /session/dc8d8325bcea8c317259a85a94b902d6/element - {"using":"xpath","value":"//*[contains(@data-kt ,\"ContextMenuId2Link\")][contains(text(), \"RU Overview\")]"}
RESULT: {"using":"xpath","value":"//*[contains(@data-kt ,\"ContextMenuId2Link\")][contains(text(), \"RU Overview\")]"}
COMMAND: POST /session/dc8d8325bcea8c317259a85a94b902d6/element - {"using":"xpath","value":"//*[contains(@data-kt ,\"ContextMenuId2Link\")][contains(text(), \"RU Overview\")]"}
RESULT: {"using":"xpath","value":"//*[contains(@data-kt ,\"ContextMenuId2Link\")][contains(text(), \"RU Overview\")]"}
COMMAND: POST /session/dc8d8325bcea8c317259a85a94b902d6/element - {"using":"xpath","value":"//*[contains(@data-kt ,\"ContextMenuId2Link\")][contains(text(), \"RU Overview\")]"}
RESULT: {"using":"xpath","value":"//*[contains(@data-kt ,\"ContextMenuId2Link\")][contains(text(), \"RU Overview\")]"}
COMMAND: POST /session/dc8d8325bcea8c317259a85a94b902d6/element - {"using":"xpath","value":"//*[contains(@data-kt ,\"ContextMenuId2Link\")][contains(text(), \"RU Overview\")]"}
RESULT: {"using":"xpath","value":"//*[contains(@data-kt ,\"ContextMenuId2Link\")][contains(text(), \"RU Overview\")]"}
COMMAND: POST /session/dc8d8325bcea8c317259a85a94b902d6/element - {"using":"xpath","value":"//*[contains(@data-kt ,\"ContextMenuId2Link\")][contains(text(), \"RU Overview\")]"}
RESULT: {"using":"xpath","value":"//*[contains(@data-kt ,\"ContextMenuId2Link\")][contains(text(), \"RU Overview\")]"}
COMMAND: POST /session/dc8d8325bcea8c317259a85a94b902d6/element - {"using":"xpath","value":"//span[contains(text(), \"WdIORUGroup9zac7\")][contains(@class ,\"sapMText sapUiSelectable sapMTextBreakWord sapMTextMaxWidth\")]"}
RESULT: {"using":"xpath","value":"//span[contains(text(), \"WdIORUGroup9zac7\")][contains(@class ,\"sapMText sapUiSelectable sapMTextBreakWord sapMTextMaxWidth\")]"}
COMMAND: POST /session/dc8d8325bcea8c317259a85a94b902d6/element/f.B7E597006D0C94FF3F287974AC4A4A54.d.C49E46E155CB2544C9BA94F40D3F2FAE.e.4845/click - {}
COMMAND: POST /session/dc8d8325bcea8c317259a85a94b902d6/element - {"using":"xpath","value":"//*[contains(@data-kt ,\"ContextMenuId2Link\")][contains(text(), \"RU Overview\")]"}
RESULT: {}
COMMAND: GET /session/dc8d8325bcea8c317259a85a94b902d6/screenshot - {}
RESULT: {"using":"xpath","value":"//*[contains(@data-kt ,\"ContextMenuId2Link\")][contains(text(), \"RU Overview\")]"}
COMMAND: POST /session/dc8d8325bcea8c317259a85a94b902d6/element - {"using":"xpath","value":"//*[contains(@data-kt ,\"ContextMenuId2Link\")][contains(text(), \"RU Overview\")]"}
RESULT: {}
RESULT: {"using":"xpath","value":"//*[contains(@data-kt ,\"ContextMenuId2Link\")][contains(text(), \"RU Overview\")]"}
COMMAND: POST /session/dc8d8325bcea8c317259a85a94b902d6/element - {"using":"xpath","value":"//*[contains(@data-kt ,\"ContextMenuId2Link\")][contains(text(), \"RU Overview\")]"}
RESULT: {"using":"xpath","value":"//*[contains(@data-kt ,\"ContextMenuId2Link\")][contains(text(), \"RU Overview\")]"}
COMMAND: POST /session/dc8d8325bcea8c317259a85a94b902d6/element - {"using":"xpath","value":"//bdi[contains(@id ,\"application-manageresources-display-component---detailRU--openRelatedRus-BDI-content\")]"}
RESULT: {"using":"xpath","value":"//bdi[contains(@id ,\"application-manageresources-display-component---detailRU--openRelatedRus-BDI-content\")]"}
COMMAND: POST /session/dc8d8325bcea8c317259a85a94b902d6/execute/sync - {"script":"<script> [8489 bytes]","args":[{"element-6066-11e4-a52e-4f735466cecf":"f.B7E597006D0C94FF3F287974AC4A4A54.d.C49E46E155CB2544C9BA94F40D3F2FAE.e.4897","ELEMENT":"f.B7E597006D0C94FF3F287974AC4A4A54.d.C49E46E155CB2544C9BA94F40D3F2FAE.e.4897"}]}
RESULT: {"script":"<script> [8489 bytes]","args":[{"element-6066-11e4-a52e-4f735466cecf":"f.B7E597006D0C94FF3F287974AC4A4A54.d.C49E46E155CB2544C9BA94F40D3F2FAE.e.4897","ELEMENT":"f.B7E597006D0C94FF3F287974AC4A4A54.d.C49E46E155CB2544C9BA94F40D3F2FAE.e.4897"}]}
COMMAND: POST /session/dc8d8325bcea8c317259a85a94b902d6/execute/sync - {"script":"<script> [5351 bytes]","args":[{"element-6066-11e4-a52e-4f735466cecf":"f.B7E597006D0C94FF3F287974AC4A4A54.d.C49E46E155CB2544C9BA94F40D3F2FAE.e.4897","ELEMENT":"f.B7E597006D0C94FF3F287974AC4A4A54.d.C49E46E155CB2544C9BA94F40D3F2FAE.e.4897"}]}
COMMAND: GET /session/dc8d8325bcea8c317259a85a94b902d6/screenshot - {}
RESULT: {"script":"<script> [5351 bytes]","args":[{"element-6066-11e4-a52e-4f735466cecf":"f.B7E597006D0C94FF3F287974AC4A4A54.d.C49E46E155CB2544C9BA94F40D3F2FAE.e.4897","ELEMENT":"f.B7E597006D0C94FF3F287974AC4A4A54.d.C49E46E155CB2544C9BA94F40D3F2FAE.e.4897"}]}
COMMAND: POST /session/dc8d8325bcea8c317259a85a94b902d6/element/f.B7E597006D0C94FF3F287974AC4A4A54.d.C49E46E155CB2544C9BA94F40D3F2FAE.e.4897/click - {}
COMMAND: GET /session/dc8d8325bcea8c317259a85a94b902d6/screenshot - {}
RESULT: {}
RESULT: {}
COMMAND: GET /session/dc8d8325bcea8c317259a85a94b902d6/screenshot - {}
RESULT: {}
RESULT: {}
RESULT: undefined
COMMAND: POST /session/dc8d8325bcea8c317259a85a94b902d6/execute/async - {"script":"<script> [6424 bytes]","args":[{"element-6066-11e4-a52e-4f735466cecf":"f.B7E597006D0C94FF3F287974AC4A4A54.d.C49E46E155CB2544C9BA94F40D3F2FAE.e.2156"},"getText",[]]}
COMMAND: POST /session/dc8d8325bcea8c317259a85a94b902d6/execute/async - {"script":"<script> [1562 bytes]","args":[{"selector":{"id":"RelatedRUsFragmentID--smartTableRUs-header","searchOpenDialogs":true},"wdio_ui5_key":"RelatedRUsFragmentIDsmartTableRUs-header"}]}
RESULT: {"script":"<script> [1562 bytes]","args":[{"selector":{"id":"RelatedRUsFragmentID--smartTableRUs-header","searchOpenDialogs":true},"wdio_ui5_key":"RelatedRUsFragmentIDsmartTableRUs-header"}]}
COMMAND: POST /session/dc8d8325bcea8c317259a85a94b902d6/execute/async - {"script":"<script> [6424 bytes]","args":[{"element-6066-11e4-a52e-4f735466cecf":"f.B7E597006D0C94FF3F287974AC4A4A54.d.C49E46E155CB2544C9BA94F40D3F2FAE.e.4903"},"getText",[]]}
RESULT: {"script":"<script> [6424 bytes]","args":[{"element-6066-11e4-a52e-4f735466cecf":"f.B7E597006D0C94FF3F287974AC4A4A54.d.C49E46E155CB2544C9BA94F40D3F2FAE.e.4903"},"getText",[]]}
COMMAND: POST /session/dc8d8325bcea8c317259a85a94b902d6/element - {"using":"xpath","value":"//span[contains(text(), \"WdIORUEquip1kd4ovj\")]"}
RESULT: {"using":"xpath","value":"//span[contains(text(), \"WdIORUEquip1kd4ovj\")]"}
COMMAND: POST /session/dc8d8325bcea8c317259a85a94b902d6/element - {"using":"xpath","value":"//span[contains(text(), \"WdIORUEquip1kd4ovj\")]"}
RESULT: {"using":"xpath","value":"//span[contains(text(), \"WdIORUEquip1kd4ovj\")]"}
COMMAND: DELETE /session/dc8d8325bcea8c317259a85a94b902d6 - {}
RESULT: {}
]]></system-out>
    </testcase>
  </testsuite>
</testsuites>