<?xml version="1.0" encoding="UTF-8"?>
<testsuites tests="12" failures="2" errors="2" skipped="0">
  <testsuite timestamp="2025-06-04T05:38:48" time="526.919" tests="5" failures="0" errors="0" skipped="0">
    <properties>
      <property name="specId" value="0" />
      <property name="suiteName" value="Warehouse movements inventory test" />
      <property name="capabilities" value="chrome.136_0_7103_93.windows" />
      <property name="file" value="file:///D:/a/1/s/test/specs/HTR/smoke-warehouse-movements-inventory.js" />
    </properties>
    <testcase classname="chrome.136_0_7103_93.windows.Warehouse_movements_inventory_test" name="Should create a new WHM yard" time="150.475">
      <system-out><![CDATA[
COMMAND: POST /session/45c4803ccb022991b937de59045aa266/execute/async - {"script":"<script> [1562 bytes]","args":[{"selector":{"controlType":"sap.m.GenericTile","properties":{"header":"Manage Yards"}},"wdio_ui5_key":"sapm.GenericTile{\"header\":\"Manage Yards\"}"}]}
RESULT: {"script":"<script> [1562 bytes]","args":[{"selector":{"controlType":"sap.m.GenericTile","properties":{"header":"Manage Yards"}},"wdio_ui5_key":"sapm.GenericTile{\"header\":\"Manage Yards\"}"}]}
RESULT: undefined
COMMAND: POST /session/45c4803ccb022991b937de59045aa266/element - {"using":"xpath","value":"//*[@id=\"__tile41\"]"}
RESULT: {"using":"xpath","value":"//*[@id=\"__tile41\"]"}
COMMAND: POST /session/45c4803ccb022991b937de59045aa266/element/f.F294D51A4D7A026DEC4A34744D0AD0AD.d.C27D931231B6B9835E9256D76D978D5B.e.108/click - {}
RESULT: {}
COMMAND: GET /session/45c4803ccb022991b937de59045aa266/screenshot - {}
RESULT: {}
COMMAND: POST /session/45c4803ccb022991b937de59045aa266/elements - {"using":"xpath","value":"//span[text()='Error']"}
RESULT: {"using":"xpath","value":"//span[text()='Error']"}
COMMAND: POST /session/45c4803ccb022991b937de59045aa266/execute/async - {"script":"<script> [1562 bytes]","args":[{"selector":{"controlType":"sap.ui.core.Icon","viewName":"etm.portal.ui.manageyards.view.Master","viewId":"application-manageyards-display-component---masterYard","properties":{"src":{"regex":{"source":"add"}}}},"wdio_ui5_key":"etmportal.ui.manageyards.view.Mastersap.ui.core.Icon{\"src\":{\"regex\":{\"source\":\"add\"}}}"}]}
RESULT: {"script":"<script> [1562 bytes]","args":[{"selector":{"controlType":"sap.ui.core.Icon","viewName":"etm.portal.ui.manageyards.view.Master","viewId":"application-manageyards-display-component---masterYard","properties":{"src":{"regex":{"source":"add"}}}},"wdio_ui5_key":"etmportal.ui.manageyards.view.Mastersap.ui.core.Icon{\"src\":{\"regex\":{\"source\":\"add\"}}}"}]}
RESULT: undefined
COMMAND: POST /session/45c4803ccb022991b937de59045aa266/element - {"using":"xpath","value":"//*[@id=\"__button4-img\"]"}
RESULT: {"using":"xpath","value":"//*[@id=\"__button4-img\"]"}
COMMAND: POST /session/45c4803ccb022991b937de59045aa266/element/f.F294D51A4D7A026DEC4A34744D0AD0AD.d.C27D931231B6B9835E9256D76D978D5B.e.155/click - {}
RESULT: {}
COMMAND: GET /session/45c4803ccb022991b937de59045aa266/screenshot - {}
RESULT: {}
COMMAND: POST /session/45c4803ccb022991b937de59045aa266/execute/async - {"script":"<script> [1562 bytes]","args":[{"selector":{"id":"application-manageyards-display-component---NewYard--yardId","interaction":{"idSuffix":"inner"}},"wdio_ui5_key":"applicationmanageyards-display-component---NewYard--yardId"}]}
RESULT: {"script":"<script> [1562 bytes]","args":[{"selector":{"id":"application-manageyards-display-component---NewYard--yardId","interaction":{"idSuffix":"inner"}},"wdio_ui5_key":"applicationmanageyards-display-component---NewYard--yardId"}]}
RESULT: undefined
COMMAND: POST /session/45c4803ccb022991b937de59045aa266/element - {"using":"xpath","value":"//*[@id=\"application-manageyards-display-component---NewYard--addressDetailDetailsName1-inner\"]"}
RESULT: {"using":"xpath","value":"//*[@id=\"application-manageyards-display-component---NewYard--addressDetailDetailsName1-inner\"]"}
COMMAND: POST /session/45c4803ccb022991b937de59045aa266/element/f.F294D51A4D7A026DEC4A34744D0AD0AD.d.C27D931231B6B9835E9256D76D978D5B.e.369/clear - {}
RESULT: {}
COMMAND: POST /session/45c4803ccb022991b937de59045aa266/element/f.F294D51A4D7A026DEC4A34744D0AD0AD.d.C27D931231B6B9835E9256D76D978D5B.e.369/value - {"text":"WebdriverWHMYardw01oh"}
COMMAND: GET /session/45c4803ccb022991b937de59045aa266/screenshot - {}
RESULT: {"text":"WebdriverWHMYardw01oh"}
COMMAND: POST /session/45c4803ccb022991b937de59045aa266/element - {"using":"xpath","value":"//*[@id=\"application-manageyards-display-component---NewYard--addressDetailDetailsLanguage-inner\"]"}
COMMAND: GET /session/45c4803ccb022991b937de59045aa266/screenshot - {}
RESULT: {}
RESULT: {"using":"xpath","value":"//*[@id=\"application-manageyards-display-component---NewYard--addressDetailDetailsLanguage-inner\"]"}
COMMAND: POST /session/45c4803ccb022991b937de59045aa266/element/f.F294D51A4D7A026DEC4A34744D0AD0AD.d.C27D931231B6B9835E9256D76D978D5B.e.370/clear - {}
RESULT: {}
RESULT: {}
COMMAND: POST /session/45c4803ccb022991b937de59045aa266/element/f.F294D51A4D7A026DEC4A34744D0AD0AD.d.C27D931231B6B9835E9256D76D978D5B.e.370/value - {"text":"Romanian"}
COMMAND: GET /session/45c4803ccb022991b937de59045aa266/screenshot - {}
RESULT: {"text":"Romanian"}
COMMAND: POST /session/45c4803ccb022991b937de59045aa266/element - {"using":"xpath","value":"//input[contains(@id ,\"application-manageyards-display-component---NewYard--addressDetailDetailsName1-inner\")]"}
COMMAND: GET /session/45c4803ccb022991b937de59045aa266/screenshot - {}
RESULT: {}
RESULT: {"using":"xpath","value":"//input[contains(@id ,\"application-manageyards-display-component---NewYard--addressDetailDetailsName1-inner\")]"}
COMMAND: GET /session/45c4803ccb022991b937de59045aa266/element/f.F294D51A4D7A026DEC4A34744D0AD0AD.d.C27D931231B6B9835E9256D76D978D5B.e.369/property/value - {}
RESULT: {}
RESULT: {}
COMMAND: GET /session/45c4803ccb022991b937de59045aa266/screenshot - {}
RESULT: {}
COMMAND: POST /session/45c4803ccb022991b937de59045aa266/element - {"using":"xpath","value":"//*[@id=\"application-manageyards-display-component---NewYard--addressDetailDetailsCity1-inner\"]"}
RESULT: {"using":"xpath","value":"//*[@id=\"application-manageyards-display-component---NewYard--addressDetailDetailsCity1-inner\"]"}
COMMAND: POST /session/45c4803ccb022991b937de59045aa266/element/f.F294D51A4D7A026DEC4A34744D0AD0AD.d.C27D931231B6B9835E9256D76D978D5B.e.372/clear - {}
RESULT: {}
COMMAND: POST /session/45c4803ccb022991b937de59045aa266/element/f.F294D51A4D7A026DEC4A34744D0AD0AD.d.C27D931231B6B9835E9256D76D978D5B.e.372/value - {"text":"Bucuresti"}
COMMAND: GET /session/45c4803ccb022991b937de59045aa266/screenshot - {}
RESULT: {"text":"Bucuresti"}
COMMAND: GET /session/45c4803ccb022991b937de59045aa266/screenshot - {}
RESULT: {}
RESULT: {}
COMMAND: POST /session/45c4803ccb022991b937de59045aa266/element - {"using":"xpath","value":"//*[@id=\"application-manageyards-display-component---NewYard--addressDetailDetailsCountry-inner\"]"}
RESULT: {"using":"xpath","value":"//*[@id=\"application-manageyards-display-component---NewYard--addressDetailDetailsCountry-inner\"]"}
COMMAND: POST /session/45c4803ccb022991b937de59045aa266/element/f.F294D51A4D7A026DEC4A34744D0AD0AD.d.C27D931231B6B9835E9256D76D978D5B.e.376/clear - {}
RESULT: {}
COMMAND: POST /session/45c4803ccb022991b937de59045aa266/element/f.F294D51A4D7A026DEC4A34744D0AD0AD.d.C27D931231B6B9835E9256D76D978D5B.e.376/value - {"text":"Romania"}
COMMAND: GET /session/45c4803ccb022991b937de59045aa266/screenshot - {}
RESULT: {"text":"Romania"}
COMMAND: GET /session/45c4803ccb022991b937de59045aa266/screenshot - {}
RESULT: {}
RESULT: {}
COMMAND: POST /session/45c4803ccb022991b937de59045aa266/execute/async - {"script":"<script> [1562 bytes]","args":[{"selector":{"controlType":"sap.m.Button","viewName":"etm.portal.ui.manageyards.view.New","viewId":"application-manageyards-display-component---NewYard","properties":{"text":"Commercial"},"interaction":{"idSuffix":"BDI-content"}},"wdio_ui5_key":"etmportal.ui.manageyards.view.Newsap.m.Button{\"text\":\"Commercial\"}"}]}
RESULT: {"script":"<script> [1562 bytes]","args":[{"selector":{"controlType":"sap.m.Button","viewName":"etm.portal.ui.manageyards.view.New","viewId":"application-manageyards-display-component---NewYard","properties":{"text":"Commercial"},"interaction":{"idSuffix":"BDI-content"}},"wdio_ui5_key":"etmportal.ui.manageyards.view.Newsap.m.Button{\"text\":\"Commercial\"}"}]}
RESULT: undefined
COMMAND: POST /session/45c4803ccb022991b937de59045aa266/element - {"using":"xpath","value":"//*[@id=\"application-manageyards-display-component---NewYard--ObjectPageLayout-anchBar-__section5-anchor\"]"}
RESULT: {"using":"xpath","value":"//*[@id=\"application-manageyards-display-component---NewYard--ObjectPageLayout-anchBar-__section5-anchor\"]"}
COMMAND: POST /session/45c4803ccb022991b937de59045aa266/element/f.F294D51A4D7A026DEC4A34744D0AD0AD.d.C27D931231B6B9835E9256D76D978D5B.e.571/click - {}
RESULT: {}
COMMAND: GET /session/45c4803ccb022991b937de59045aa266/screenshot - {}
RESULT: {}
COMMAND: POST /session/45c4803ccb022991b937de59045aa266/element - {"using":"xpath","value":"//div[contains(text(), \"Commercial\")]"}
RESULT: {"using":"xpath","value":"//div[contains(text(), \"Commercial\")]"}
COMMAND: GET /session/45c4803ccb022991b937de59045aa266/element/f.F294D51A4D7A026DEC4A34744D0AD0AD.d.C27D931231B6B9835E9256D76D978D5B.e.580/rect - {}
RESULT: {}
COMMAND: GET /session/45c4803ccb022991b937de59045aa266/window/rect - {}
RESULT: {}
COMMAND: POST /session/45c4803ccb022991b937de59045aa266/execute/sync - {"script":"<script> [92 bytes]","args":[]}
RESULT: {"script":"<script> [92 bytes]","args":[]}
COMMAND: POST /session/45c4803ccb022991b937de59045aa266/actions - {"actions":[{"id":"action1","type":"wheel","parameters":{},"actions":[{"type":"scroll","x":-1841,"y":-44,"deltaX":0,"deltaY":0,"duration":0,"origin":{"element-6066-11e4-a52e-4f735466cecf":"f.F294D51A4D7A026DEC4A34744D0AD0AD.d.C27D931231B6B9835E9256D76D978D5B.e.580"}}]}]}
COMMAND: GET /session/45c4803ccb022991b937de59045aa266/screenshot - {}
RESULT: {}
COMMAND: POST /session/45c4803ccb022991b937de59045aa266/execute/sync - {"script":"<script> [79 bytes]","args":[{"element-6066-11e4-a52e-4f735466cecf":"f.F294D51A4D7A026DEC4A34744D0AD0AD.d.C27D931231B6B9835E9256D76D978D5B.e.580","ELEMENT":"f.F294D51A4D7A026DEC4A34744D0AD0AD.d.C27D931231B6B9835E9256D76D978D5B.e.580"},{"block":"start","inline":"nearest"}]}
RESULT: {"script":"<script> [79 bytes]","args":[{"element-6066-11e4-a52e-4f735466cecf":"f.F294D51A4D7A026DEC4A34744D0AD0AD.d.C27D931231B6B9835E9256D76D978D5B.e.580","ELEMENT":"f.F294D51A4D7A026DEC4A34744D0AD0AD.d.C27D931231B6B9835E9256D76D978D5B.e.580"},{"block":"start","inline":"nearest"}]}
COMMAND: GET /session/45c4803ccb022991b937de59045aa266/screenshot - {}
RESULT: {}
COMMAND: POST /session/45c4803ccb022991b937de59045aa266/execute/async - {"script":"<script> [1562 bytes]","args":[{"selector":{"id":"application-manageyards-display-component---NewYard--addressEditDetailsCostObjectCstType-arrow"},"wdio_ui5_key":"applicationmanageyards-display-component---NewYard--addressEditDetailsCostObjectCstType-arrow"}]}
RESULT: {"script":"<script> [1562 bytes]","args":[{"selector":{"id":"application-manageyards-display-component---NewYard--addressEditDetailsCostObjectCstType-arrow"},"wdio_ui5_key":"applicationmanageyards-display-component---NewYard--addressEditDetailsCostObjectCstType-arrow"}]}
RESULT: undefined
COMMAND: POST /session/45c4803ccb022991b937de59045aa266/element - {"using":"xpath","value":"//*[@id=\"application-manageyards-display-component---NewYard--addressEditDetailsCostObjectCstType-arrow\"]"}
RESULT: {"using":"xpath","value":"//*[@id=\"application-manageyards-display-component---NewYard--addressEditDetailsCostObjectCstType-arrow\"]"}
COMMAND: POST /session/45c4803ccb022991b937de59045aa266/element/f.F294D51A4D7A026DEC4A34744D0AD0AD.d.C27D931231B6B9835E9256D76D978D5B.e.581/click - {}
RESULT: {}
COMMAND: POST /session/45c4803ccb022991b937de59045aa266/element - {"using":"xpath","value":"//span[contains(text(), \"Cost Center\")]"}
COMMAND: GET /session/45c4803ccb022991b937de59045aa266/screenshot - {}
RESULT: {"using":"xpath","value":"//span[contains(text(), \"Cost Center\")]"}
COMMAND: POST /session/45c4803ccb022991b937de59045aa266/element/f.F294D51A4D7A026DEC4A34744D0AD0AD.d.C27D931231B6B9835E9256D76D978D5B.e.582/click - {}
RESULT: {}
RESULT: {}
COMMAND: GET /session/45c4803ccb022991b937de59045aa266/screenshot - {}
RESULT: {}
COMMAND: POST /session/45c4803ccb022991b937de59045aa266/execute/async - {"script":"<script> [1562 bytes]","args":[{"selector":{"id":"application-manageyards-display-component---NewYard--addressNewCostObjectCstID-vhi"},"wdio_ui5_key":"applicationmanageyards-display-component---NewYard--addressNewCostObjectCstID-vhi"}]}
RESULT: {"script":"<script> [1562 bytes]","args":[{"selector":{"id":"application-manageyards-display-component---NewYard--addressNewCostObjectCstID-vhi"},"wdio_ui5_key":"applicationmanageyards-display-component---NewYard--addressNewCostObjectCstID-vhi"}]}
RESULT: undefined
COMMAND: POST /session/45c4803ccb022991b937de59045aa266/element - {"using":"xpath","value":"//*[@id=\"application-manageyards-display-component---NewYard--addressNewCostObjectCstID-vhi\"]"}
RESULT: {"using":"xpath","value":"//*[@id=\"application-manageyards-display-component---NewYard--addressNewCostObjectCstID-vhi\"]"}
COMMAND: POST /session/45c4803ccb022991b937de59045aa266/element/f.F294D51A4D7A026DEC4A34744D0AD0AD.d.C27D931231B6B9835E9256D76D978D5B.e.586/click - {}
RESULT: {}
COMMAND: GET /session/45c4803ccb022991b937de59045aa266/screenshot - {}
RESULT: {}
COMMAND: POST /session/45c4803ccb022991b937de59045aa266/execute/async - {"script":"<script> [1562 bytes]","args":[{"selector":{"controlType":"sap.m.SearchField","properties":{"placeholder":"Search"},"searchOpenDialogs":true,"interaction":{"idSuffix":"I"}},"wdio_ui5_key":"sapm.SearchField{\"placeholder\":\"Search\"}"}]}
RESULT: {"script":"<script> [1562 bytes]","args":[{"selector":{"controlType":"sap.m.SearchField","properties":{"placeholder":"Search"},"searchOpenDialogs":true,"interaction":{"idSuffix":"I"}},"wdio_ui5_key":"sapm.SearchField{\"placeholder\":\"Search\"}"}]}
RESULT: undefined
COMMAND: POST /session/45c4803ccb022991b937de59045aa266/execute/async - {"script":"<script> [776 bytes]","args":[{"enterText":"10001013","selector":{"controlType":"sap.m.SearchField","properties":{"placeholder":"Search"},"searchOpenDialogs":true,"interaction":{"idSuffix":"I"}},"clearTextFirst":true,"interactionType":"ENTER_TEXT"}]}
RESULT: {"script":"<script> [776 bytes]","args":[{"enterText":"10001013","selector":{"controlType":"sap.m.SearchField","properties":{"placeholder":"Search"},"searchOpenDialogs":true,"interaction":{"idSuffix":"I"}},"clearTextFirst":true,"interactionType":"ENTER_TEXT"}]}
COMMAND: POST /session/45c4803ccb022991b937de59045aa266/actions - {"actions":[{"id":"action2","type":"key","parameters":{},"actions":[{"type":"keyDown","value":"î€‡"},{"type":"pause","duration":10},{"type":"keyUp","value":"î€‡"}]}]}
RESULT: {"actions":[{"id":"action2","type":"key","parameters":{},"actions":[{"type":"keyDown","value":"î€‡"},{"type":"pause","duration":10},{"type":"keyUp","value":"î€‡"}]}]}
COMMAND: GET /session/45c4803ccb022991b937de59045aa266/screenshot - {}
RESULT: {}
COMMAND: POST /session/45c4803ccb022991b937de59045aa266/element - {"using":"xpath","value":"//span[contains(text(), \"General Management\")]"}
RESULT: {"using":"xpath","value":"//span[contains(text(), \"General Management\")]"}
COMMAND: POST /session/45c4803ccb022991b937de59045aa266/element/f.F294D51A4D7A026DEC4A34744D0AD0AD.d.C27D931231B6B9835E9256D76D978D5B.e.627/click - {}
RESULT: {}
COMMAND: GET /session/45c4803ccb022991b937de59045aa266/screenshot - {}
RESULT: {}
COMMAND: POST /session/45c4803ccb022991b937de59045aa266/element - {"using":"xpath","value":"//bdi[contains(text(), \"OK\")]"}
RESULT: {"using":"xpath","value":"//bdi[contains(text(), \"OK\")]"}
COMMAND: POST /session/45c4803ccb022991b937de59045aa266/element/f.F294D51A4D7A026DEC4A34744D0AD0AD.d.C27D931231B6B9835E9256D76D978D5B.e.628/click - {}
RESULT: {}
COMMAND: GET /session/45c4803ccb022991b937de59045aa266/screenshot - {}
RESULT: {}
COMMAND: POST /session/45c4803ccb022991b937de59045aa266/execute/async - {"script":"<script> [1562 bytes]","args":[{"selector":{"id":"application-manageyards-display-component---NewYard--addressEditDetailsCurrency","interaction":{"idSuffix":"inner"}},"wdio_ui5_key":"applicationmanageyards-display-component---NewYard--addressEditDetailsCurrency"}]}
RESULT: {"script":"<script> [1562 bytes]","args":[{"selector":{"id":"application-manageyards-display-component---NewYard--addressEditDetailsCurrency","interaction":{"idSuffix":"inner"}},"wdio_ui5_key":"applicationmanageyards-display-component---NewYard--addressEditDetailsCurrency"}]}
RESULT: undefined
COMMAND: POST /session/45c4803ccb022991b937de59045aa266/execute/async - {"script":"<script> [776 bytes]","args":[{"enterText":"Euro","selector":{"id":"application-manageyards-display-component---NewYard--addressEditDetailsCurrency","interaction":{"idSuffix":"inner"}},"clearTextFirst":true,"interactionType":"ENTER_TEXT"}]}
RESULT: {"script":"<script> [776 bytes]","args":[{"enterText":"Euro","selector":{"id":"application-manageyards-display-component---NewYard--addressEditDetailsCurrency","interaction":{"idSuffix":"inner"}},"clearTextFirst":true,"interactionType":"ENTER_TEXT"}]}
COMMAND: POST /session/45c4803ccb022991b937de59045aa266/execute/async - {"script":"<script> [1562 bytes]","args":[{"selector":{"controlType":"sap.m.Input","viewName":"etm.portal.ui.manageyards.view.New","viewId":"application-manageyards-display-component---NewYard","bindingPath":{"path":"","propertyPath":"/CONTROLLING_AREA","modelName":"NewYardModel"},"interaction":{"idSuffix":"inner"}},"wdio_ui5_key":"etmportal.ui.manageyards.view.Newsap.m.Input{\"path\":\"\",\"propertyPath\":\"/CONTROLLING_AREA\",\"modelName\":\"NewYardModel\"}"}]}
RESULT: {"script":"<script> [1562 bytes]","args":[{"selector":{"controlType":"sap.m.Input","viewName":"etm.portal.ui.manageyards.view.New","viewId":"application-manageyards-display-component---NewYard","bindingPath":{"path":"","propertyPath":"/CONTROLLING_AREA","modelName":"NewYardModel"},"interaction":{"idSuffix":"inner"}},"wdio_ui5_key":"etmportal.ui.manageyards.view.Newsap.m.Input{\"path\":\"\",\"propertyPath\":\"/CONTROLLING_AREA\",\"modelName\":\"NewYardModel\"}"}]}
RESULT: undefined
COMMAND: POST /session/45c4803ccb022991b937de59045aa266/execute/async - {"script":"<script> [776 bytes]","args":[{"enterText":"Z001","selector":{"controlType":"sap.m.Input","viewName":"etm.portal.ui.manageyards.view.New","viewId":"application-manageyards-display-component---NewYard","bindingPath":{"path":"","propertyPath":"/CONTROLLING_AREA","modelName":"NewYardModel"},"interaction":{"idSuffix":"inner"}},"clearTextFirst":true,"interactionType":"ENTER_TEXT"}]}
RESULT: {"script":"<script> [776 bytes]","args":[{"enterText":"Z001","selector":{"controlType":"sap.m.Input","viewName":"etm.portal.ui.manageyards.view.New","viewId":"application-manageyards-display-component---NewYard","bindingPath":{"path":"","propertyPath":"/CONTROLLING_AREA","modelName":"NewYardModel"},"interaction":{"idSuffix":"inner"}},"clearTextFirst":true,"interactionType":"ENTER_TEXT"}]}
COMMAND: POST /session/45c4803ccb022991b937de59045aa266/execute/async - {"script":"<script> [1562 bytes]","args":[{"selector":{"id":"application-manageyards-display-component---NewYard--companyCodeComboBox","interaction":{"idSuffix":"inner"}},"wdio_ui5_key":"applicationmanageyards-display-component---NewYard--companyCodeComboBox"}]}
RESULT: {"script":"<script> [1562 bytes]","args":[{"selector":{"id":"application-manageyards-display-component---NewYard--companyCodeComboBox","interaction":{"idSuffix":"inner"}},"wdio_ui5_key":"applicationmanageyards-display-component---NewYard--companyCodeComboBox"}]}
RESULT: undefined
COMMAND: POST /session/45c4803ccb022991b937de59045aa266/execute/async - {"script":"<script> [776 bytes]","args":[{"enterText":"1000","selector":{"id":"application-manageyards-display-component---NewYard--companyCodeComboBox","interaction":{"idSuffix":"inner"}},"clearTextFirst":true,"interactionType":"ENTER_TEXT"}]}
RESULT: {"script":"<script> [776 bytes]","args":[{"enterText":"1000","selector":{"id":"application-manageyards-display-component---NewYard--companyCodeComboBox","interaction":{"idSuffix":"inner"}},"clearTextFirst":true,"interactionType":"ENTER_TEXT"}]}
COMMAND: POST /session/45c4803ccb022991b937de59045aa266/actions - {"actions":[{"id":"action3","type":"key","parameters":{},"actions":[{"type":"keyDown","value":"î€‡"},{"type":"pause","duration":10},{"type":"keyUp","value":"î€‡"}]}]}
RESULT: {"actions":[{"id":"action3","type":"key","parameters":{},"actions":[{"type":"keyDown","value":"î€‡"},{"type":"pause","duration":10},{"type":"keyUp","value":"î€‡"}]}]}
COMMAND: POST /session/45c4803ccb022991b937de59045aa266/execute/async - {"script":"<script> [1562 bytes]","args":[{"selector":{"controlType":"sap.m.Input","viewName":"etm.portal.ui.manageyards.view.New","viewId":"application-manageyards-display-component---NewYard","bindingPath":{"path":"","propertyPath":"/PLANT","modelName":"NewYardModel"},"interaction":{"idSuffix":"inner"}},"wdio_ui5_key":"etmportal.ui.manageyards.view.Newsap.m.Input{\"path\":\"\",\"propertyPath\":\"/PLANT\",\"modelName\":\"NewYardModel\"}"}]}
COMMAND: GET /session/45c4803ccb022991b937de59045aa266/screenshot - {}
RESULT: {"script":"<script> [1562 bytes]","args":[{"selector":{"controlType":"sap.m.Input","viewName":"etm.portal.ui.manageyards.view.New","viewId":"application-manageyards-display-component---NewYard","bindingPath":{"path":"","propertyPath":"/PLANT","modelName":"NewYardModel"},"interaction":{"idSuffix":"inner"}},"wdio_ui5_key":"etmportal.ui.manageyards.view.Newsap.m.Input{\"path\":\"\",\"propertyPath\":\"/PLANT\",\"modelName\":\"NewYardModel\"}"}]}
RESULT: undefined
COMMAND: POST /session/45c4803ccb022991b937de59045aa266/execute/async - {"script":"<script> [776 bytes]","args":[{"enterText":"1001","selector":{"controlType":"sap.m.Input","viewName":"etm.portal.ui.manageyards.view.New","viewId":"application-manageyards-display-component---NewYard","bindingPath":{"path":"","propertyPath":"/PLANT","modelName":"NewYardModel"},"interaction":{"idSuffix":"inner"}},"clearTextFirst":true,"interactionType":"ENTER_TEXT"}]}
RESULT: {}
RESULT: {"script":"<script> [776 bytes]","args":[{"enterText":"1001","selector":{"controlType":"sap.m.Input","viewName":"etm.portal.ui.manageyards.view.New","viewId":"application-manageyards-display-component---NewYard","bindingPath":{"path":"","propertyPath":"/PLANT","modelName":"NewYardModel"},"interaction":{"idSuffix":"inner"}},"clearTextFirst":true,"interactionType":"ENTER_TEXT"}]}
COMMAND: POST /session/45c4803ccb022991b937de59045aa266/execute/async - {"script":"<script> [1562 bytes]","args":[{"selector":{"controlType":"sap.m.Input","viewName":"etm.portal.ui.manageyards.view.New","viewId":"application-manageyards-display-component---NewYard","bindingPath":{"path":"","propertyPath":"/SALES_AREA_VKORG","modelName":"NewYardModel"},"interaction":{"idSuffix":"inner"}},"wdio_ui5_key":"etmportal.ui.manageyards.view.Newsap.m.Input{\"path\":\"\",\"propertyPath\":\"/SALES_AREA_VKORG\",\"modelName\":\"NewYardModel\"}"}]}
RESULT: {"script":"<script> [1562 bytes]","args":[{"selector":{"controlType":"sap.m.Input","viewName":"etm.portal.ui.manageyards.view.New","viewId":"application-manageyards-display-component---NewYard","bindingPath":{"path":"","propertyPath":"/SALES_AREA_VKORG","modelName":"NewYardModel"},"interaction":{"idSuffix":"inner"}},"wdio_ui5_key":"etmportal.ui.manageyards.view.Newsap.m.Input{\"path\":\"\",\"propertyPath\":\"/SALES_AREA_VKORG\",\"modelName\":\"NewYardModel\"}"}]}
RESULT: undefined
COMMAND: POST /session/45c4803ccb022991b937de59045aa266/execute/async - {"script":"<script> [776 bytes]","args":[{"enterText":"C002","selector":{"controlType":"sap.m.Input","viewName":"etm.portal.ui.manageyards.view.New","viewId":"application-manageyards-display-component---NewYard","bindingPath":{"path":"","propertyPath":"/SALES_AREA_VKORG","modelName":"NewYardModel"},"interaction":{"idSuffix":"inner"}},"clearTextFirst":true,"interactionType":"ENTER_TEXT"}]}
RESULT: {"script":"<script> [776 bytes]","args":[{"enterText":"C002","selector":{"controlType":"sap.m.Input","viewName":"etm.portal.ui.manageyards.view.New","viewId":"application-manageyards-display-component---NewYard","bindingPath":{"path":"","propertyPath":"/SALES_AREA_VKORG","modelName":"NewYardModel"},"interaction":{"idSuffix":"inner"}},"clearTextFirst":true,"interactionType":"ENTER_TEXT"}]}
COMMAND: POST /session/45c4803ccb022991b937de59045aa266/execute/async - {"script":"<script> [1562 bytes]","args":[{"selector":{"controlType":"sap.m.Input","viewName":"etm.portal.ui.manageyards.view.New","viewId":"application-manageyards-display-component---NewYard","bindingPath":{"path":"","propertyPath":"/SALES_AREA_VTWEG","modelName":"NewYardModel"},"interaction":{"idSuffix":"inner"}},"wdio_ui5_key":"etmportal.ui.manageyards.view.Newsap.m.Input{\"path\":\"\",\"propertyPath\":\"/SALES_AREA_VTWEG\",\"modelName\":\"NewYardModel\"}"}]}
RESULT: {"script":"<script> [1562 bytes]","args":[{"selector":{"controlType":"sap.m.Input","viewName":"etm.portal.ui.manageyards.view.New","viewId":"application-manageyards-display-component---NewYard","bindingPath":{"path":"","propertyPath":"/SALES_AREA_VTWEG","modelName":"NewYardModel"},"interaction":{"idSuffix":"inner"}},"wdio_ui5_key":"etmportal.ui.manageyards.view.Newsap.m.Input{\"path\":\"\",\"propertyPath\":\"/SALES_AREA_VTWEG\",\"modelName\":\"NewYardModel\"}"}]}
RESULT: undefined
COMMAND: POST /session/45c4803ccb022991b937de59045aa266/execute/async - {"script":"<script> [776 bytes]","args":[{"enterText":"C2","selector":{"controlType":"sap.m.Input","viewName":"etm.portal.ui.manageyards.view.New","viewId":"application-manageyards-display-component---NewYard","bindingPath":{"path":"","propertyPath":"/SALES_AREA_VTWEG","modelName":"NewYardModel"},"interaction":{"idSuffix":"inner"}},"clearTextFirst":true,"interactionType":"ENTER_TEXT"}]}
RESULT: {"script":"<script> [776 bytes]","args":[{"enterText":"C2","selector":{"controlType":"sap.m.Input","viewName":"etm.portal.ui.manageyards.view.New","viewId":"application-manageyards-display-component---NewYard","bindingPath":{"path":"","propertyPath":"/SALES_AREA_VTWEG","modelName":"NewYardModel"},"interaction":{"idSuffix":"inner"}},"clearTextFirst":true,"interactionType":"ENTER_TEXT"}]}
COMMAND: POST /session/45c4803ccb022991b937de59045aa266/execute/async - {"script":"<script> [1562 bytes]","args":[{"selector":{"controlType":"sap.m.Input","viewName":"etm.portal.ui.manageyards.view.New","viewId":"application-manageyards-display-component---NewYard","bindingPath":{"path":"","propertyPath":"/SALES_AREA_SPART","modelName":"NewYardModel"},"interaction":{"idSuffix":"inner"}},"wdio_ui5_key":"etmportal.ui.manageyards.view.Newsap.m.Input{\"path\":\"\",\"propertyPath\":\"/SALES_AREA_SPART\",\"modelName\":\"NewYardModel\"}"}]}
RESULT: {"script":"<script> [1562 bytes]","args":[{"selector":{"controlType":"sap.m.Input","viewName":"etm.portal.ui.manageyards.view.New","viewId":"application-manageyards-display-component---NewYard","bindingPath":{"path":"","propertyPath":"/SALES_AREA_SPART","modelName":"NewYardModel"},"interaction":{"idSuffix":"inner"}},"wdio_ui5_key":"etmportal.ui.manageyards.view.Newsap.m.Input{\"path\":\"\",\"propertyPath\":\"/SALES_AREA_SPART\",\"modelName\":\"NewYardModel\"}"}]}
RESULT: undefined
COMMAND: POST /session/45c4803ccb022991b937de59045aa266/execute/async - {"script":"<script> [776 bytes]","args":[{"enterText":"C2","selector":{"controlType":"sap.m.Input","viewName":"etm.portal.ui.manageyards.view.New","viewId":"application-manageyards-display-component---NewYard","bindingPath":{"path":"","propertyPath":"/SALES_AREA_SPART","modelName":"NewYardModel"},"interaction":{"idSuffix":"inner"}},"clearTextFirst":true,"interactionType":"ENTER_TEXT"}]}
RESULT: {"script":"<script> [776 bytes]","args":[{"enterText":"C2","selector":{"controlType":"sap.m.Input","viewName":"etm.portal.ui.manageyards.view.New","viewId":"application-manageyards-display-component---NewYard","bindingPath":{"path":"","propertyPath":"/SALES_AREA_SPART","modelName":"NewYardModel"},"interaction":{"idSuffix":"inner"}},"clearTextFirst":true,"interactionType":"ENTER_TEXT"}]}
COMMAND: POST /session/45c4803ccb022991b937de59045aa266/execute/async - {"script":"<script> [1562 bytes]","args":[{"selector":{"id":"application-manageyards-display-component---NewYard--whmCheckBox","interaction":{"idSuffix":"CbBg"}},"wdio_ui5_key":"applicationmanageyards-display-component---NewYard--whmCheckBox"}]}
RESULT: {"script":"<script> [1562 bytes]","args":[{"selector":{"id":"application-manageyards-display-component---NewYard--whmCheckBox","interaction":{"idSuffix":"CbBg"}},"wdio_ui5_key":"applicationmanageyards-display-component---NewYard--whmCheckBox"}]}
RESULT: undefined
COMMAND: POST /session/45c4803ccb022991b937de59045aa266/element - {"using":"xpath","value":"//*[@id=\"application-manageyards-display-component---NewYard--whmCheckBox\"]"}
RESULT: {"using":"xpath","value":"//*[@id=\"application-manageyards-display-component---NewYard--whmCheckBox\"]"}
COMMAND: POST /session/45c4803ccb022991b937de59045aa266/element/f.F294D51A4D7A026DEC4A34744D0AD0AD.d.C27D931231B6B9835E9256D76D978D5B.e.639/click - {}
RESULT: {}
COMMAND: POST /session/45c4803ccb022991b937de59045aa266/execute/async - {"script":"<script> [1562 bytes]","args":[{"selector":{"controlType":"sap.m.Button","viewName":"etm.portal.ui.manageyards.view.New","viewId":"application-manageyards-display-component---NewYard","i18NText":{"propertyName":"text","key":"save"},"interaction":{"idSuffix":"inner"}},"wdio_ui5_key":"etmportal.ui.manageyards.view.Newsap.m.Button{\"propertyName\":\"text\",\"key\":\"save\"}"}]}
COMMAND: GET /session/45c4803ccb022991b937de59045aa266/screenshot - {}
RESULT: {"script":"<script> [1562 bytes]","args":[{"selector":{"controlType":"sap.m.Button","viewName":"etm.portal.ui.manageyards.view.New","viewId":"application-manageyards-display-component---NewYard","i18NText":{"propertyName":"text","key":"save"},"interaction":{"idSuffix":"inner"}},"wdio_ui5_key":"etmportal.ui.manageyards.view.Newsap.m.Button{\"propertyName\":\"text\",\"key\":\"save\"}"}]}
RESULT: undefined
COMMAND: POST /session/45c4803ccb022991b937de59045aa266/element - {"using":"xpath","value":"//*[@id=\"__button18\"]"}
RESULT: {}
RESULT: {"using":"xpath","value":"//*[@id=\"__button18\"]"}
COMMAND: POST /session/45c4803ccb022991b937de59045aa266/element/f.F294D51A4D7A026DEC4A34744D0AD0AD.d.C27D931231B6B9835E9256D76D978D5B.e.548/click - {}
RESULT: {}
COMMAND: GET /session/45c4803ccb022991b937de59045aa266/screenshot - {}
RESULT: {}
COMMAND: POST /session/45c4803ccb022991b937de59045aa266/element - {"using":"css selector","value":"#shell-header-logo"}
RESULT: {"using":"css selector","value":"#shell-header-logo"}
COMMAND: POST /session/45c4803ccb022991b937de59045aa266/element/f.F294D51A4D7A026DEC4A34744D0AD0AD.d.C27D931231B6B9835E9256D76D978D5B.e.110/click - {}
RESULT: {}
COMMAND: GET /session/45c4803ccb022991b937de59045aa266/screenshot - {}
RESULT: {}
COMMAND: POST /session/45c4803ccb022991b937de59045aa266/refresh - {}
RESULT: {}
COMMAND: GET /session/45c4803ccb022991b937de59045aa266/screenshot - {}
RESULT: {}
COMMAND: POST /session/45c4803ccb022991b937de59045aa266/execute/async - {"script":"<script> [189 bytes]","args":[]}
RESULT: {"script":"<script> [189 bytes]","args":[]}
COMMAND: POST /session/45c4803ccb022991b937de59045aa266/execute/async - {"script":"<script> [123 bytes]","args":[]}
RESULT: {"script":"<script> [123 bytes]","args":[]}
COMMAND: POST /session/45c4803ccb022991b937de59045aa266/timeouts - {"script":"<number>"}
RESULT: {"script":"<number>"}
COMMAND: GET /session/45c4803ccb022991b937de59045aa266/timeouts - {}
RESULT: {}
RESULT: undefined
COMMAND: POST /session/45c4803ccb022991b937de59045aa266/execute/async - {"script":"<script> [2676 bytes]","args":[]}
RESULT: {"script":"<script> [2676 bytes]","args":[]}
COMMAND: POST /session/45c4803ccb022991b937de59045aa266/execute/async - {"script":"<script> [2342 bytes]","args":[{"protocol":"http","hostname":"0.0.0.0","path":"/","capabilities":{"browserName":"chrome","goog:chromeOptions":{"binary":"C:\\Program Files\\Google\\Chrome\\Application\\chrome.exe","args":["--start-maximized"]}},"logLevel":"warn","connectionRetryTimeout":120000,"connectionRetryCount":3,"logLevels":{},"enableDirectConnect":true,"strictSSL":true,"_":"65 more keys: [\"cacheDir\",\"port\",\"requestedCapabilities\",\"automationProtocol\",\"baseUrl\",\"waitforInterval\",\"waitforTimeout\",\"onReload\",\"beforeCommand\",\"afterCommand\",\"rootDir\",\"specs\",\"suites\",\"exclude\",\"groupLogsByTestSpec\",\"excludeDriverLogs\",\"bail\",\"framework\",\"reporters\",\"services\",\"maxInstances\",\"maxInstancesPerCapability\",\"injectGlobals\",\"filesToWatch\",\"execArgv\",\"runnerEnv\",\"runner\",\"shard\",\"specFileRetries\",\"specFileRetriesDelay\",\"specFileRetriesDeferred\",\"reporterSyncInterval\",\"reporterSyncTimeout\",\"cucumberFeaturesWithLineNumbers\",\"autoCompileOpts\",\"mochaOpts\",\"jasmineOpts\",\"cucumberOpts\",\"onPrepare\",\"onWorkerStart\",\"onWorkerEnd\",\"before\",\"beforeSession\",\"beforeSuite\",\"beforeHook\",\"beforeTest\",\"afterTest\",\"afterHook\",\"afterSuite\",\"afterSession\",\"after\",\"onComplete\",\"beforeAssertion\",\"afterAssertion\",\"beforeFeature\",\"beforeScenario\",\"beforeStep\",\"afterStep\",\"afterScenario\",\"afterFeature\",\"_\",\"suite\",\"$0\",\"ignoredWorkerServices\",\"wdi5\"]"}]}
RESULT: {"script":"<script> [2342 bytes]","args":[{"protocol":"http","hostname":"0.0.0.0","path":"/","capabilities":{"browserName":"chrome","goog:chromeOptions":{"binary":"C:\\Program Files\\Google\\Chrome\\Application\\chrome.exe","args":["--start-maximized"]}},"logLevel":"warn","connectionRetryTimeout":120000,"connectionRetryCount":3,"logLevels":{},"enableDirectConnect":true,"strictSSL":true,"_":"65 more keys: [\"cacheDir\",\"port\",\"requestedCapabilities\",\"automationProtocol\",\"baseUrl\",\"waitforInterval\",\"waitforTimeout\",\"onReload\",\"beforeCommand\",\"afterCommand\",\"rootDir\",\"specs\",\"suites\",\"exclude\",\"groupLogsByTestSpec\",\"excludeDriverLogs\",\"bail\",\"framework\",\"reporters\",\"services\",\"maxInstances\",\"maxInstancesPerCapability\",\"injectGlobals\",\"filesToWatch\",\"execArgv\",\"runnerEnv\",\"runner\",\"shard\",\"specFileRetries\",\"specFileRetriesDelay\",\"specFileRetriesDeferred\",\"reporterSyncInterval\",\"reporterSyncTimeout\",\"cucumberFeaturesWithLineNumbers\",\"autoCompileOpts\",\"mochaOpts\",\"jasmineOpts\",\"cucumberOpts\",\"onPrepare\",\"onWorkerStart\",\"onWorkerEnd\",\"before\",\"beforeSession\",\"beforeSuite\",\"beforeHook\",\"beforeTest\",\"afterTest\",\"afterHook\",\"afterSuite\",\"afterSession\",\"after\",\"onComplete\",\"beforeAssertion\",\"afterAssertion\",\"beforeFeature\",\"beforeScenario\",\"beforeStep\",\"afterStep\",\"afterScenario\",\"afterFeature\",\"_\",\"suite\",\"$0\",\"ignoredWorkerServices\",\"wdi5\"]"}]}
COMMAND: POST /session/45c4803ccb022991b937de59045aa266/execute/async - {"script":"<script> [21126 bytes]","args":[35000]}
RESULT: {"script":"<script> [21126 bytes]","args":[35000]}
]]></system-out>
    </testcase>
    <testcase classname="chrome.136_0_7103_93.windows.Warehouse_movements_inventory_test" name="Should create a new warehouse organization" time="59.209">
      <system-out><![CDATA[
COMMAND: POST /session/45c4803ccb022991b937de59045aa266/execute/async - {"script":"<script> [1562 bytes]","args":[{"selector":{"controlType":"sap.m.GenericTile","properties":{"header":"Bin Status Report"}},"wdio_ui5_key":"sapm.GenericTile{\"header\":\"Bin Status Report\"}"}]}
RESULT: {"script":"<script> [1562 bytes]","args":[{"selector":{"controlType":"sap.m.GenericTile","properties":{"header":"Bin Status Report"}},"wdio_ui5_key":"sapm.GenericTile{\"header\":\"Bin Status Report\"}"}]}
RESULT: undefined
COMMAND: POST /session/45c4803ccb022991b937de59045aa266/element - {"using":"xpath","value":"//*[@id=\"__tile104\"]"}
RESULT: {"using":"xpath","value":"//*[@id=\"__tile104\"]"}
COMMAND: POST /session/45c4803ccb022991b937de59045aa266/element/f.F294D51A4D7A026DEC4A34744D0AD0AD.d.C1ED2E2CFE1F4B5281BC1E4A5F42F52D.e.853/click - {}
RESULT: {}
COMMAND: GET /session/45c4803ccb022991b937de59045aa266/screenshot - {}
RESULT: {}
COMMAND: POST /session/45c4803ccb022991b937de59045aa266/elements - {"using":"xpath","value":"//span[text()='Error']"}
RESULT: {"using":"xpath","value":"//span[text()='Error']"}
COMMAND: POST /session/45c4803ccb022991b937de59045aa266/execute/async - {"script":"<script> [1562 bytes]","args":[{"selector":{"id":"application-binstatusreport-display-component---warehousing--createOrgBtn","interaction":{"idSuffix":"BDI-content"}},"wdio_ui5_key":"applicationbinstatusreport-display-component---warehousing--createOrgBtn"}]}
RESULT: {"script":"<script> [1562 bytes]","args":[{"selector":{"id":"application-binstatusreport-display-component---warehousing--createOrgBtn","interaction":{"idSuffix":"BDI-content"}},"wdio_ui5_key":"applicationbinstatusreport-display-component---warehousing--createOrgBtn"}]}
RESULT: undefined
COMMAND: POST /session/45c4803ccb022991b937de59045aa266/element - {"using":"xpath","value":"//*[@id=\"application-binstatusreport-display-component---warehousing--createOrgBtn\"]"}
RESULT: {"using":"xpath","value":"//*[@id=\"application-binstatusreport-display-component---warehousing--createOrgBtn\"]"}
COMMAND: POST /session/45c4803ccb022991b937de59045aa266/element/f.F294D51A4D7A026DEC4A34744D0AD0AD.d.C1ED2E2CFE1F4B5281BC1E4A5F42F52D.e.899/click - {}
RESULT: {}
COMMAND: GET /session/45c4803ccb022991b937de59045aa266/screenshot - {}
RESULT: {}
COMMAND: POST /session/45c4803ccb022991b937de59045aa266/execute/async - {"script":"<script> [1562 bytes]","args":[{"selector":{"id":"createOrganizationPop--sectionInput","searchOpenDialogs":true,"interaction":{"idSuffix":"inner"}},"wdio_ui5_key":"createOrganizationPopsectionInput"}]}
RESULT: {"script":"<script> [1562 bytes]","args":[{"selector":{"id":"createOrganizationPop--sectionInput","searchOpenDialogs":true,"interaction":{"idSuffix":"inner"}},"wdio_ui5_key":"createOrganizationPopsectionInput"}]}
RESULT: undefined
COMMAND: POST /session/45c4803ccb022991b937de59045aa266/execute/async - {"script":"<script> [776 bytes]","args":[{"enterText":"Sec1t5lx","selector":{"id":"createOrganizationPop--sectionInput","searchOpenDialogs":true,"interaction":{"idSuffix":"inner"}},"clearTextFirst":true,"interactionType":"ENTER_TEXT"}]}
RESULT: {"script":"<script> [776 bytes]","args":[{"enterText":"Sec1t5lx","selector":{"id":"createOrganizationPop--sectionInput","searchOpenDialogs":true,"interaction":{"idSuffix":"inner"}},"clearTextFirst":true,"interactionType":"ENTER_TEXT"}]}
COMMAND: POST /session/45c4803ccb022991b937de59045aa266/execute/async - {"script":"<script> [1562 bytes]","args":[{"selector":{"id":"createOrganizationPop--descriptionInput","searchOpenDialogs":true,"interaction":{"idSuffix":"inner"}},"wdio_ui5_key":"createOrganizationPopdescriptionInput"}]}
RESULT: {"script":"<script> [1562 bytes]","args":[{"selector":{"id":"createOrganizationPop--descriptionInput","searchOpenDialogs":true,"interaction":{"idSuffix":"inner"}},"wdio_ui5_key":"createOrganizationPopdescriptionInput"}]}
RESULT: undefined
COMMAND: POST /session/45c4803ccb022991b937de59045aa266/execute/async - {"script":"<script> [776 bytes]","args":[{"enterText":"OrgName913ihf","selector":{"id":"createOrganizationPop--descriptionInput","searchOpenDialogs":true,"interaction":{"idSuffix":"inner"}},"clearTextFirst":true,"interactionType":"ENTER_TEXT"}]}
RESULT: {"script":"<script> [776 bytes]","args":[{"enterText":"OrgName913ihf","selector":{"id":"createOrganizationPop--descriptionInput","searchOpenDialogs":true,"interaction":{"idSuffix":"inner"}},"clearTextFirst":true,"interactionType":"ENTER_TEXT"}]}
COMMAND: POST /session/45c4803ccb022991b937de59045aa266/element - {"using":"xpath","value":"//input[contains(@id ,\"createOrganizationPop--yardOrg-inner\")]"}
RESULT: {"using":"xpath","value":"//input[contains(@id ,\"createOrganizationPop--yardOrg-inner\")]"}
COMMAND: POST /session/45c4803ccb022991b937de59045aa266/element/f.F294D51A4D7A026DEC4A34744D0AD0AD.d.C1ED2E2CFE1F4B5281BC1E4A5F42F52D.e.939/clear - {}
RESULT: {}
COMMAND: POST /session/45c4803ccb022991b937de59045aa266/element/f.F294D51A4D7A026DEC4A34744D0AD0AD.d.C1ED2E2CFE1F4B5281BC1E4A5F42F52D.e.939/value - {"text":"WebdriverWHMYardw01oh"}
COMMAND: GET /session/45c4803ccb022991b937de59045aa266/screenshot - {}
RESULT: {"text":"WebdriverWHMYardw01oh"}
COMMAND: GET /session/45c4803ccb022991b937de59045aa266/screenshot - {}
RESULT: {}
RESULT: {}
COMMAND: POST /session/45c4803ccb022991b937de59045aa266/actions - {"actions":[{"id":"action4","type":"key","parameters":{},"actions":[{"type":"keyDown","value":"î€‡"},{"type":"pause","duration":10},{"type":"keyUp","value":"î€‡"}]}]}
RESULT: {"actions":[{"id":"action4","type":"key","parameters":{},"actions":[{"type":"keyDown","value":"î€‡"},{"type":"pause","duration":10},{"type":"keyUp","value":"î€‡"}]}]}
COMMAND: GET /session/45c4803ccb022991b937de59045aa266/screenshot - {}
RESULT: {}
COMMAND: POST /session/45c4803ccb022991b937de59045aa266/execute/async - {"script":"<script> [1562 bytes]","args":[{"selector":{"id":"createOrganizationPop--grZone","searchOpenDialogs":true,"interaction":{"idSuffix":"CbBg"}},"wdio_ui5_key":"createOrganizationPopgrZone"}]}
RESULT: {"script":"<script> [1562 bytes]","args":[{"selector":{"id":"createOrganizationPop--grZone","searchOpenDialogs":true,"interaction":{"idSuffix":"CbBg"}},"wdio_ui5_key":"createOrganizationPopgrZone"}]}
RESULT: undefined
COMMAND: POST /session/45c4803ccb022991b937de59045aa266/element - {"using":"xpath","value":"//*[@id=\"createOrganizationPop--grZone\"]"}
RESULT: {"using":"xpath","value":"//*[@id=\"createOrganizationPop--grZone\"]"}
COMMAND: POST /session/45c4803ccb022991b937de59045aa266/element/f.F294D51A4D7A026DEC4A34744D0AD0AD.d.C1ED2E2CFE1F4B5281BC1E4A5F42F52D.e.960/click - {}
RESULT: {}
COMMAND: POST /session/45c4803ccb022991b937de59045aa266/execute/async - {"script":"<script> [1562 bytes]","args":[{"selector":{"id":"createOrganizationPop--giZone","searchOpenDialogs":true,"interaction":{"idSuffix":"CbBg"}},"wdio_ui5_key":"createOrganizationPopgiZone"}]}
COMMAND: GET /session/45c4803ccb022991b937de59045aa266/screenshot - {}
RESULT: {"script":"<script> [1562 bytes]","args":[{"selector":{"id":"createOrganizationPop--giZone","searchOpenDialogs":true,"interaction":{"idSuffix":"CbBg"}},"wdio_ui5_key":"createOrganizationPopgiZone"}]}
RESULT: undefined
COMMAND: POST /session/45c4803ccb022991b937de59045aa266/element - {"using":"xpath","value":"//*[@id=\"createOrganizationPop--giZone\"]"}
RESULT: {}
RESULT: {"using":"xpath","value":"//*[@id=\"createOrganizationPop--giZone\"]"}
COMMAND: POST /session/45c4803ccb022991b937de59045aa266/element/f.F294D51A4D7A026DEC4A34744D0AD0AD.d.C1ED2E2CFE1F4B5281BC1E4A5F42F52D.e.962/click - {}
RESULT: {}
COMMAND: POST /session/45c4803ccb022991b937de59045aa266/execute/async - {"script":"<script> [1562 bytes]","args":[{"selector":{"id":"createOrganizationPop--binNoInput","searchOpenDialogs":true,"interaction":{"idSuffix":"inner"}},"wdio_ui5_key":"createOrganizationPopbinNoInput"}]}
COMMAND: GET /session/45c4803ccb022991b937de59045aa266/screenshot - {}
RESULT: {"script":"<script> [1562 bytes]","args":[{"selector":{"id":"createOrganizationPop--binNoInput","searchOpenDialogs":true,"interaction":{"idSuffix":"inner"}},"wdio_ui5_key":"createOrganizationPopbinNoInput"}]}
RESULT: undefined
COMMAND: POST /session/45c4803ccb022991b937de59045aa266/execute/async - {"script":"<script> [776 bytes]","args":[{"enterText":"Binejzy7h","selector":{"id":"createOrganizationPop--binNoInput","searchOpenDialogs":true,"interaction":{"idSuffix":"inner"}},"clearTextFirst":true,"interactionType":"ENTER_TEXT"}]}
RESULT: {}
RESULT: {"script":"<script> [776 bytes]","args":[{"enterText":"Binejzy7h","selector":{"id":"createOrganizationPop--binNoInput","searchOpenDialogs":true,"interaction":{"idSuffix":"inner"}},"clearTextFirst":true,"interactionType":"ENTER_TEXT"}]}
COMMAND: POST /session/45c4803ccb022991b937de59045aa266/execute/async - {"script":"<script> [1562 bytes]","args":[{"selector":{"id":"createOrganizationPop--descriptionId","searchOpenDialogs":true,"interaction":{"idSuffix":"inner"}},"wdio_ui5_key":"createOrganizationPopdescriptionId"}]}
RESULT: {"script":"<script> [1562 bytes]","args":[{"selector":{"id":"createOrganizationPop--descriptionId","searchOpenDialogs":true,"interaction":{"idSuffix":"inner"}},"wdio_ui5_key":"createOrganizationPopdescriptionId"}]}
RESULT: undefined
COMMAND: POST /session/45c4803ccb022991b937de59045aa266/execute/async - {"script":"<script> [776 bytes]","args":[{"enterText":"Binfwn50f","selector":{"id":"createOrganizationPop--descriptionId","searchOpenDialogs":true,"interaction":{"idSuffix":"inner"}},"clearTextFirst":true,"interactionType":"ENTER_TEXT"}]}
RESULT: {"script":"<script> [776 bytes]","args":[{"enterText":"Binfwn50f","selector":{"id":"createOrganizationPop--descriptionId","searchOpenDialogs":true,"interaction":{"idSuffix":"inner"}},"clearTextFirst":true,"interactionType":"ENTER_TEXT"}]}
COMMAND: POST /session/45c4803ccb022991b937de59045aa266/execute/async - {"script":"<script> [1562 bytes]","args":[{"selector":{"controlType":"sap.m.CheckBox","viewName":"etm.portal.ui.binstatusreport.view.MasterWareBins","viewId":"application-binstatusreport-display-component---warehousing","bindingPath":{"path":"","propertyPath":"/ZONE","modelName":"newBin"},"searchOpenDialogs":true,"interaction":{"idSuffix":"CbBg"}},"wdio_ui5_key":"etmportal.ui.binstatusreport.view.MasterWareBinssap.m.CheckBox{\"path\":\"\",\"propertyPath\":\"/ZONE\",\"modelName\":\"newBin\"}"}]}
RESULT: {"script":"<script> [1562 bytes]","args":[{"selector":{"controlType":"sap.m.CheckBox","viewName":"etm.portal.ui.binstatusreport.view.MasterWareBins","viewId":"application-binstatusreport-display-component---warehousing","bindingPath":{"path":"","propertyPath":"/ZONE","modelName":"newBin"},"searchOpenDialogs":true,"interaction":{"idSuffix":"CbBg"}},"wdio_ui5_key":"etmportal.ui.binstatusreport.view.MasterWareBinssap.m.CheckBox{\"path\":\"\",\"propertyPath\":\"/ZONE\",\"modelName\":\"newBin\"}"}]}
RESULT: undefined
COMMAND: POST /session/45c4803ccb022991b937de59045aa266/element - {"using":"xpath","value":"//*[@id=\"__box12\"]"}
RESULT: {"using":"xpath","value":"//*[@id=\"__box12\"]"}
COMMAND: POST /session/45c4803ccb022991b937de59045aa266/element/f.F294D51A4D7A026DEC4A34744D0AD0AD.d.C1ED2E2CFE1F4B5281BC1E4A5F42F52D.e.979/click - {}
RESULT: {}
COMMAND: POST /session/45c4803ccb022991b937de59045aa266/execute/async - {"script":"<script> [1562 bytes]","args":[{"selector":{"id":"createOrganizationPop--binTypesCB-arrow","searchOpenDialogs":true},"wdio_ui5_key":"createOrganizationPopbinTypesCB-arrow"}]}
COMMAND: GET /session/45c4803ccb022991b937de59045aa266/screenshot - {}
RESULT: {"script":"<script> [1562 bytes]","args":[{"selector":{"id":"createOrganizationPop--binTypesCB-arrow","searchOpenDialogs":true},"wdio_ui5_key":"createOrganizationPopbinTypesCB-arrow"}]}
RESULT: undefined
COMMAND: POST /session/45c4803ccb022991b937de59045aa266/element - {"using":"xpath","value":"//*[@id=\"createOrganizationPop--binTypesCB-arrow\"]"}
RESULT: {}
RESULT: {"using":"xpath","value":"//*[@id=\"createOrganizationPop--binTypesCB-arrow\"]"}
COMMAND: POST /session/45c4803ccb022991b937de59045aa266/element/f.F294D51A4D7A026DEC4A34744D0AD0AD.d.C1ED2E2CFE1F4B5281BC1E4A5F42F52D.e.990/click - {}
RESULT: {}
COMMAND: POST /session/45c4803ccb022991b937de59045aa266/execute/async - {"script":"<script> [1562 bytes]","args":[{"selector":{"controlType":"sap.m.StandardListItem","viewName":"etm.portal.ui.binstatusreport.view.MasterWareBins","viewId":"application-binstatusreport-display-component---warehousing","properties":{"title":"1 - General / No capacity check"},"searchOpenDialogs":true,"interaction":{"idSuffix":"content"}},"wdio_ui5_key":"etmportal.ui.binstatusreport.view.MasterWareBinssap.m.StandardListItem{\"title\":\"1 - General / No capacity check\"}"}]}
COMMAND: GET /session/45c4803ccb022991b937de59045aa266/screenshot - {}
RESULT: {"script":"<script> [1562 bytes]","args":[{"selector":{"controlType":"sap.m.StandardListItem","viewName":"etm.portal.ui.binstatusreport.view.MasterWareBins","viewId":"application-binstatusreport-display-component---warehousing","properties":{"title":"1 - General / No capacity check"},"searchOpenDialogs":true,"interaction":{"idSuffix":"content"}},"wdio_ui5_key":"etmportal.ui.binstatusreport.view.MasterWareBinssap.m.StandardListItem{\"title\":\"1 - General / No capacity check\"}"}]}
RESULT: undefined
COMMAND: POST /session/45c4803ccb022991b937de59045aa266/element - {"using":"xpath","value":"//*[@id=\"__item151\"]"}
RESULT: {}
RESULT: {"using":"xpath","value":"//*[@id=\"__item151\"]"}
COMMAND: POST /session/45c4803ccb022991b937de59045aa266/element/f.F294D51A4D7A026DEC4A34744D0AD0AD.d.C1ED2E2CFE1F4B5281BC1E4A5F42F52D.e.992/click - {}
RESULT: {}
COMMAND: POST /session/45c4803ccb022991b937de59045aa266/execute/async - {"script":"<script> [1562 bytes]","args":[{"selector":{"id":"createOrganizationPop--finishBtn","searchOpenDialogs":true,"interaction":{"idSuffix":"BDI-content"}},"wdio_ui5_key":"createOrganizationPopfinishBtn"}]}
COMMAND: GET /session/45c4803ccb022991b937de59045aa266/screenshot - {}
RESULT: {"script":"<script> [1562 bytes]","args":[{"selector":{"id":"createOrganizationPop--finishBtn","searchOpenDialogs":true,"interaction":{"idSuffix":"BDI-content"}},"wdio_ui5_key":"createOrganizationPopfinishBtn"}]}
RESULT: undefined
COMMAND: POST /session/45c4803ccb022991b937de59045aa266/element - {"using":"xpath","value":"//*[@id=\"createOrganizationPop--finishBtn\"]"}
RESULT: {}
RESULT: {"using":"xpath","value":"//*[@id=\"createOrganizationPop--finishBtn\"]"}
COMMAND: POST /session/45c4803ccb022991b937de59045aa266/element/f.F294D51A4D7A026DEC4A34744D0AD0AD.d.C1ED2E2CFE1F4B5281BC1E4A5F42F52D.e.994/click - {}
RESULT: {}
COMMAND: GET /session/45c4803ccb022991b937de59045aa266/screenshot - {}
RESULT: {}
COMMAND: POST /session/45c4803ccb022991b937de59045aa266/element - {"using":"css selector","value":"#shell-header-logo"}
RESULT: {"using":"css selector","value":"#shell-header-logo"}
COMMAND: POST /session/45c4803ccb022991b937de59045aa266/element/f.F294D51A4D7A026DEC4A34744D0AD0AD.d.C1ED2E2CFE1F4B5281BC1E4A5F42F52D.e.858/click - {}
RESULT: {}
COMMAND: GET /session/45c4803ccb022991b937de59045aa266/screenshot - {}
RESULT: {}
]]></system-out>
    </testcase>
    <testcase classname="chrome.136_0_7103_93.windows.Warehouse_movements_inventory_test" name="Should Create new material for WHM yard" time="155.374">
      <system-out><![CDATA[
COMMAND: POST /session/45c4803ccb022991b937de59045aa266/execute/async - {"script":"<script> [1562 bytes]","args":[{"selector":{"controlType":"sap.m.GenericTile","properties":{"header":"Manage Resources"}},"wdio_ui5_key":"sapm.GenericTile{\"header\":\"Manage Resources\"}"}]}
RESULT: {"script":"<script> [1562 bytes]","args":[{"selector":{"controlType":"sap.m.GenericTile","properties":{"header":"Manage Resources"}},"wdio_ui5_key":"sapm.GenericTile{\"header\":\"Manage Resources\"}"}]}
RESULT: undefined
COMMAND: POST /session/45c4803ccb022991b937de59045aa266/element - {"using":"xpath","value":"//*[@id=\"__tile39\"]"}
RESULT: {"using":"xpath","value":"//*[@id=\"__tile39\"]"}
COMMAND: POST /session/45c4803ccb022991b937de59045aa266/element/f.F294D51A4D7A026DEC4A34744D0AD0AD.d.C1ED2E2CFE1F4B5281BC1E4A5F42F52D.e.1000/click - {}
RESULT: {}
COMMAND: GET /session/45c4803ccb022991b937de59045aa266/screenshot - {}
RESULT: {}
COMMAND: POST /session/45c4803ccb022991b937de59045aa266/elements - {"using":"xpath","value":"//span[text()='Error']"}
RESULT: {"using":"xpath","value":"//span[text()='Error']"}
COMMAND: POST /session/45c4803ccb022991b937de59045aa266/element - {"using":"xpath","value":"//button[@data-kt=\"addNewRUOverflowToolbarButton\"]"}
RESULT: {"using":"xpath","value":"//button[@data-kt=\"addNewRUOverflowToolbarButton\"]"}
COMMAND: POST /session/45c4803ccb022991b937de59045aa266/execute/sync - {"script":"<script> [8489 bytes]","args":[{"element-6066-11e4-a52e-4f735466cecf":"f.F294D51A4D7A026DEC4A34744D0AD0AD.d.C1ED2E2CFE1F4B5281BC1E4A5F42F52D.e.1042","ELEMENT":"f.F294D51A4D7A026DEC4A34744D0AD0AD.d.C1ED2E2CFE1F4B5281BC1E4A5F42F52D.e.1042"}]}
RESULT: {"script":"<script> [8489 bytes]","args":[{"element-6066-11e4-a52e-4f735466cecf":"f.F294D51A4D7A026DEC4A34744D0AD0AD.d.C1ED2E2CFE1F4B5281BC1E4A5F42F52D.e.1042","ELEMENT":"f.F294D51A4D7A026DEC4A34744D0AD0AD.d.C1ED2E2CFE1F4B5281BC1E4A5F42F52D.e.1042"}]}
COMMAND: POST /session/45c4803ccb022991b937de59045aa266/element/f.F294D51A4D7A026DEC4A34744D0AD0AD.d.C1ED2E2CFE1F4B5281BC1E4A5F42F52D.e.1042/click - {}
COMMAND: GET /session/45c4803ccb022991b937de59045aa266/screenshot - {}
RESULT: {}
COMMAND: POST /session/45c4803ccb022991b937de59045aa266/execute/async - {"script":"<script> [1562 bytes]","args":[{"selector":{"id":"application-manageresources-display-component---newResourceUnit--TYPE-arrow"},"wdio_ui5_key":"applicationmanageresources-display-component---newResourceUnit--TYPE-arrow"}]}
COMMAND: GET /session/45c4803ccb022991b937de59045aa266/screenshot - {}
RESULT: {}
RESULT: {"script":"<script> [1562 bytes]","args":[{"selector":{"id":"application-manageresources-display-component---newResourceUnit--TYPE-arrow"},"wdio_ui5_key":"applicationmanageresources-display-component---newResourceUnit--TYPE-arrow"}]}
RESULT: undefined
COMMAND: POST /session/45c4803ccb022991b937de59045aa266/element - {"using":"xpath","value":"//*[@id=\"application-manageresources-display-component---newResourceUnit--TYPE-arrow\"]"}
RESULT: {}
RESULT: {"using":"xpath","value":"//*[@id=\"application-manageresources-display-component---newResourceUnit--TYPE-arrow\"]"}
COMMAND: POST /session/45c4803ccb022991b937de59045aa266/element/f.F294D51A4D7A026DEC4A34744D0AD0AD.d.C1ED2E2CFE1F4B5281BC1E4A5F42F52D.e.1353/click - {}
RESULT: {}
COMMAND: POST /session/45c4803ccb022991b937de59045aa266/execute/async - {"script":"<script> [1562 bytes]","args":[{"selector":{"controlType":"sap.m.StandardListItem","viewName":"reusables.view.manageresources.NewResourceUnit","viewId":"application-manageresources-display-component---newResourceUnit","properties":{"title":"Material"},"searchOpenDialogs":true,"interaction":{"idSuffix":"titleText"}},"wdio_ui5_key":"reusablesview.manageresources.NewResourceUnitsap.m.StandardListItem{\"title\":\"Material\"}"}]}
COMMAND: GET /session/45c4803ccb022991b937de59045aa266/screenshot - {}
RESULT: {"script":"<script> [1562 bytes]","args":[{"selector":{"controlType":"sap.m.StandardListItem","viewName":"reusables.view.manageresources.NewResourceUnit","viewId":"application-manageresources-display-component---newResourceUnit","properties":{"title":"Material"},"searchOpenDialogs":true,"interaction":{"idSuffix":"titleText"}},"wdio_ui5_key":"reusablesview.manageresources.NewResourceUnitsap.m.StandardListItem{\"title\":\"Material\"}"}]}
RESULT: undefined
COMMAND: POST /session/45c4803ccb022991b937de59045aa266/element - {"using":"xpath","value":"//*[@id=\"__item285\"]"}
RESULT: {}
RESULT: {"using":"xpath","value":"//*[@id=\"__item285\"]"}
COMMAND: POST /session/45c4803ccb022991b937de59045aa266/element/f.F294D51A4D7A026DEC4A34744D0AD0AD.d.C1ED2E2CFE1F4B5281BC1E4A5F42F52D.e.1356/click - {}
RESULT: {}
COMMAND: POST /session/45c4803ccb022991b937de59045aa266/execute/async - {"script":"<script> [1562 bytes]","args":[{"selector":{"id":"application-manageresources-display-component---newResourceUnit--SHORT_TEXT","interaction":{"idSuffix":"inner"}},"wdio_ui5_key":"applicationmanageresources-display-component---newResourceUnit--SHORT_TEXT"}]}
COMMAND: GET /session/45c4803ccb022991b937de59045aa266/screenshot - {}
RESULT: {"script":"<script> [1562 bytes]","args":[{"selector":{"id":"application-manageresources-display-component---newResourceUnit--SHORT_TEXT","interaction":{"idSuffix":"inner"}},"wdio_ui5_key":"applicationmanageresources-display-component---newResourceUnit--SHORT_TEXT"}]}
RESULT: undefined
COMMAND: POST /session/45c4803ccb022991b937de59045aa266/execute/async - {"script":"<script> [776 bytes]","args":[{"enterText":"WebdriverMatTestumtv6","selector":{"id":"application-manageresources-display-component---newResourceUnit--SHORT_TEXT","interaction":{"idSuffix":"inner"}},"clearTextFirst":true,"interactionType":"ENTER_TEXT"}]}
RESULT: {}
RESULT: {"script":"<script> [776 bytes]","args":[{"enterText":"WebdriverMatTestumtv6","selector":{"id":"application-manageresources-display-component---newResourceUnit--SHORT_TEXT","interaction":{"idSuffix":"inner"}},"clearTextFirst":true,"interactionType":"ENTER_TEXT"}]}
COMMAND: POST /session/45c4803ccb022991b937de59045aa266/execute/async - {"script":"<script> [1562 bytes]","args":[{"selector":{"id":"application-manageresources-display-component---newResourceUnit--BASE_UNIT_OF_MEASURE-arrow"},"wdio_ui5_key":"applicationmanageresources-display-component---newResourceUnit--BASE_UNIT_OF_MEASURE-arrow"}]}
RESULT: {"script":"<script> [1562 bytes]","args":[{"selector":{"id":"application-manageresources-display-component---newResourceUnit--BASE_UNIT_OF_MEASURE-arrow"},"wdio_ui5_key":"applicationmanageresources-display-component---newResourceUnit--BASE_UNIT_OF_MEASURE-arrow"}]}
RESULT: undefined
COMMAND: POST /session/45c4803ccb022991b937de59045aa266/element - {"using":"xpath","value":"//*[@id=\"application-manageresources-display-component---newResourceUnit--BASE_UNIT_OF_MEASURE-arrow\"]"}
RESULT: {"using":"xpath","value":"//*[@id=\"application-manageresources-display-component---newResourceUnit--BASE_UNIT_OF_MEASURE-arrow\"]"}
COMMAND: POST /session/45c4803ccb022991b937de59045aa266/element/f.F294D51A4D7A026DEC4A34744D0AD0AD.d.C1ED2E2CFE1F4B5281BC1E4A5F42F52D.e.1476/click - {}
RESULT: {}
COMMAND: POST /session/45c4803ccb022991b937de59045aa266/execute/async - {"script":"<script> [1562 bytes]","args":[{"selector":{"controlType":"sap.m.StandardListItem","viewName":"reusables.view.manageresources.NewResourceUnit","viewId":"application-manageresources-display-component---newResourceUnit","properties":{"title":"Piece"},"searchOpenDialogs":true,"interaction":{"idSuffix":"titleText"}},"wdio_ui5_key":"reusablesview.manageresources.NewResourceUnitsap.m.StandardListItem{\"title\":\"Piece\"}"}]}
COMMAND: GET /session/45c4803ccb022991b937de59045aa266/screenshot - {}
RESULT: {"script":"<script> [1562 bytes]","args":[{"selector":{"controlType":"sap.m.StandardListItem","viewName":"reusables.view.manageresources.NewResourceUnit","viewId":"application-manageresources-display-component---newResourceUnit","properties":{"title":"Piece"},"searchOpenDialogs":true,"interaction":{"idSuffix":"titleText"}},"wdio_ui5_key":"reusablesview.manageresources.NewResourceUnitsap.m.StandardListItem{\"title\":\"Piece\"}"}]}
RESULT: undefined
COMMAND: POST /session/45c4803ccb022991b937de59045aa266/element - {"using":"xpath","value":"//*[@id=\"__item338\"]"}
RESULT: {}
RESULT: {"using":"xpath","value":"//*[@id=\"__item338\"]"}
COMMAND: POST /session/45c4803ccb022991b937de59045aa266/element/f.F294D51A4D7A026DEC4A34744D0AD0AD.d.C1ED2E2CFE1F4B5281BC1E4A5F42F52D.e.1478/click - {}
RESULT: {}
COMMAND: POST /session/45c4803ccb022991b937de59045aa266/element - {"using":"xpath","value":"//input[contains(@id ,\"application-manageresources-display-component---newResourceUnit--SHORT_TEXT-inner\")]"}
COMMAND: GET /session/45c4803ccb022991b937de59045aa266/screenshot - {}
RESULT: {"using":"xpath","value":"//input[contains(@id ,\"application-manageresources-display-component---newResourceUnit--SHORT_TEXT-inner\")]"}
COMMAND: GET /session/45c4803ccb022991b937de59045aa266/element/f.F294D51A4D7A026DEC4A34744D0AD0AD.d.C1ED2E2CFE1F4B5281BC1E4A5F42F52D.e.1373/property/value - {}
RESULT: {}
RESULT: {}
COMMAND: POST /session/45c4803ccb022991b937de59045aa266/execute/async - {"script":"<script> [1562 bytes]","args":[{"selector":{"id":"application-manageresources-display-component---newResourceUnit--WEIGHT_UNIT-arrow"},"wdio_ui5_key":"applicationmanageresources-display-component---newResourceUnit--WEIGHT_UNIT-arrow"}]}
COMMAND: GET /session/45c4803ccb022991b937de59045aa266/screenshot - {}
RESULT: {"script":"<script> [1562 bytes]","args":[{"selector":{"id":"application-manageresources-display-component---newResourceUnit--WEIGHT_UNIT-arrow"},"wdio_ui5_key":"applicationmanageresources-display-component---newResourceUnit--WEIGHT_UNIT-arrow"}]}
RESULT: undefined
COMMAND: POST /session/45c4803ccb022991b937de59045aa266/element - {"using":"xpath","value":"//*[@id=\"application-manageresources-display-component---newResourceUnit--WEIGHT_UNIT-arrow\"]"}
RESULT: {}
RESULT: {"using":"xpath","value":"//*[@id=\"application-manageresources-display-component---newResourceUnit--WEIGHT_UNIT-arrow\"]"}
COMMAND: POST /session/45c4803ccb022991b937de59045aa266/element/f.F294D51A4D7A026DEC4A34744D0AD0AD.d.C1ED2E2CFE1F4B5281BC1E4A5F42F52D.e.1479/click - {}
RESULT: {}
COMMAND: POST /session/45c4803ccb022991b937de59045aa266/execute/async - {"script":"<script> [1562 bytes]","args":[{"selector":{"controlType":"sap.m.StandardListItem","viewName":"reusables.view.manageresources.NewResourceUnit","viewId":"application-manageresources-display-component---newResourceUnit","properties":{"title":"Gram"},"searchOpenDialogs":true,"interaction":{"idSuffix":"content"}},"wdio_ui5_key":"reusablesview.manageresources.NewResourceUnitsap.m.StandardListItem{\"title\":\"Gram\"}"}]}
COMMAND: GET /session/45c4803ccb022991b937de59045aa266/screenshot - {}
RESULT: {"script":"<script> [1562 bytes]","args":[{"selector":{"controlType":"sap.m.StandardListItem","viewName":"reusables.view.manageresources.NewResourceUnit","viewId":"application-manageresources-display-component---newResourceUnit","properties":{"title":"Gram"},"searchOpenDialogs":true,"interaction":{"idSuffix":"content"}},"wdio_ui5_key":"reusablesview.manageresources.NewResourceUnitsap.m.StandardListItem{\"title\":\"Gram\"}"}]}
RESULT: undefined
COMMAND: POST /session/45c4803ccb022991b937de59045aa266/element - {"using":"xpath","value":"//*[@id=\"__item403\"]"}
RESULT: {}
RESULT: {"using":"xpath","value":"//*[@id=\"__item403\"]"}
COMMAND: POST /session/45c4803ccb022991b937de59045aa266/element/f.F294D51A4D7A026DEC4A34744D0AD0AD.d.C1ED2E2CFE1F4B5281BC1E4A5F42F52D.e.1481/click - {}
RESULT: {}
COMMAND: POST /session/45c4803ccb022991b937de59045aa266/execute/async - {"script":"<script> [1562 bytes]","args":[{"selector":{"id":"application-manageresources-display-component---newResourceUnit--newRRUPage-OPHeaderContent-collapseBtn-img"},"wdio_ui5_key":"applicationmanageresources-display-component---newResourceUnit--newRRUPage-OPHeaderContent-collapseBtn-img"}]}
COMMAND: GET /session/45c4803ccb022991b937de59045aa266/screenshot - {}
RESULT: {"script":"<script> [1562 bytes]","args":[{"selector":{"id":"application-manageresources-display-component---newResourceUnit--newRRUPage-OPHeaderContent-collapseBtn-img"},"wdio_ui5_key":"applicationmanageresources-display-component---newResourceUnit--newRRUPage-OPHeaderContent-collapseBtn-img"}]}
RESULT: undefined
COMMAND: POST /session/45c4803ccb022991b937de59045aa266/element - {"using":"xpath","value":"//*[@id=\"application-manageresources-display-component---newResourceUnit--newRRUPage-OPHeaderContent-collapseBtn-img\"]"}
RESULT: {}
RESULT: {"using":"xpath","value":"//*[@id=\"application-manageresources-display-component---newResourceUnit--newRRUPage-OPHeaderContent-collapseBtn-img\"]"}
COMMAND: POST /session/45c4803ccb022991b937de59045aa266/element/f.F294D51A4D7A026DEC4A34744D0AD0AD.d.C1ED2E2CFE1F4B5281BC1E4A5F42F52D.e.1363/click - {}
RESULT: {}
COMMAND: GET /session/45c4803ccb022991b937de59045aa266/screenshot - {}
RESULT: {}
COMMAND: POST /session/45c4803ccb022991b937de59045aa266/element - {"using":"xpath","value":"(//span[contains(@id ,\"application-manageresources-display-component---newResourceUnit--DIMENSION_UNIT-arrow\")])[1]"}
RESULT: {"using":"xpath","value":"(//span[contains(@id ,\"application-manageresources-display-component---newResourceUnit--DIMENSION_UNIT-arrow\")])[1]"}
COMMAND: POST /session/45c4803ccb022991b937de59045aa266/element/f.F294D51A4D7A026DEC4A34744D0AD0AD.d.C1ED2E2CFE1F4B5281BC1E4A5F42F52D.e.1487/click - {}
RESULT: {}
COMMAND: GET /session/45c4803ccb022991b937de59045aa266/screenshot - {}
RESULT: {}
COMMAND: POST /session/45c4803ccb022991b937de59045aa266/execute/async - {"script":"<script> [1562 bytes]","args":[{"selector":{"controlType":"sap.m.StandardListItem","viewName":"reusables.view.manageresources.NewResourceUnit","viewId":"application-manageresources-display-component---newResourceUnit","properties":{"title":"Centimeter"},"searchOpenDialogs":true,"interaction":{"idSuffix":"titleText"}},"wdio_ui5_key":"reusablesview.manageresources.NewResourceUnitsap.m.StandardListItem{\"title\":\"Centimeter\"}"}]}
RESULT: {"script":"<script> [1562 bytes]","args":[{"selector":{"controlType":"sap.m.StandardListItem","viewName":"reusables.view.manageresources.NewResourceUnit","viewId":"application-manageresources-display-component---newResourceUnit","properties":{"title":"Centimeter"},"searchOpenDialogs":true,"interaction":{"idSuffix":"titleText"}},"wdio_ui5_key":"reusablesview.manageresources.NewResourceUnitsap.m.StandardListItem{\"title\":\"Centimeter\"}"}]}
RESULT: undefined
COMMAND: POST /session/45c4803ccb022991b937de59045aa266/element - {"using":"xpath","value":"//*[@id=\"__item406\"]"}
RESULT: {"using":"xpath","value":"//*[@id=\"__item406\"]"}
COMMAND: POST /session/45c4803ccb022991b937de59045aa266/element/f.F294D51A4D7A026DEC4A34744D0AD0AD.d.C1ED2E2CFE1F4B5281BC1E4A5F42F52D.e.1489/click - {}
RESULT: {}
COMMAND: POST /session/45c4803ccb022991b937de59045aa266/execute/async - {"script":"<script> [1562 bytes]","args":[{"selector":{"id":"application-manageresources-display-component---newResourceUnit--newRRUPage-anchBar-application-manageresources-display-component---newResourceUnit--reference-anchor","interaction":{"idSuffix":"BDI-content"}},"wdio_ui5_key":"applicationmanageresources-display-component---newResourceUnit--newRRUPage-anchBar-application-manageresources-display-component---newResourceUnit--reference-anchor"}]}
COMMAND: GET /session/45c4803ccb022991b937de59045aa266/screenshot - {}
RESULT: {"script":"<script> [1562 bytes]","args":[{"selector":{"id":"application-manageresources-display-component---newResourceUnit--newRRUPage-anchBar-application-manageresources-display-component---newResourceUnit--reference-anchor","interaction":{"idSuffix":"BDI-content"}},"wdio_ui5_key":"applicationmanageresources-display-component---newResourceUnit--newRRUPage-anchBar-application-manageresources-display-component---newResourceUnit--reference-anchor"}]}
RESULT: undefined
COMMAND: POST /session/45c4803ccb022991b937de59045aa266/element - {"using":"xpath","value":"//*[@id=\"application-manageresources-display-component---newResourceUnit--newRRUPage-anchBar-application-manageresources-display-component---newResourceUnit--reference-anchor\"]"}
RESULT: {}
RESULT: {"using":"xpath","value":"//*[@id=\"application-manageresources-display-component---newResourceUnit--newRRUPage-anchBar-application-manageresources-display-component---newResourceUnit--reference-anchor\"]"}
COMMAND: POST /session/45c4803ccb022991b937de59045aa266/element/f.F294D51A4D7A026DEC4A34744D0AD0AD.d.C1ED2E2CFE1F4B5281BC1E4A5F42F52D.e.1491/click - {}
RESULT: {}
COMMAND: POST /session/45c4803ccb022991b937de59045aa266/execute/async - {"script":"<script> [1562 bytes]","args":[{"selector":{"id":"application-manageresources-display-component---newResourceUnit--PLANNING_GROUP-arrow"},"wdio_ui5_key":"applicationmanageresources-display-component---newResourceUnit--PLANNING_GROUP-arrow"}]}
COMMAND: GET /session/45c4803ccb022991b937de59045aa266/screenshot - {}
RESULT: {"script":"<script> [1562 bytes]","args":[{"selector":{"id":"application-manageresources-display-component---newResourceUnit--PLANNING_GROUP-arrow"},"wdio_ui5_key":"applicationmanageresources-display-component---newResourceUnit--PLANNING_GROUP-arrow"}]}
RESULT: undefined
COMMAND: POST /session/45c4803ccb022991b937de59045aa266/element - {"using":"xpath","value":"//*[@id=\"application-manageresources-display-component---newResourceUnit--PLANNING_GROUP-arrow\"]"}
RESULT: {}
RESULT: {"using":"xpath","value":"//*[@id=\"application-manageresources-display-component---newResourceUnit--PLANNING_GROUP-arrow\"]"}
COMMAND: POST /session/45c4803ccb022991b937de59045aa266/element/f.F294D51A4D7A026DEC4A34744D0AD0AD.d.C1ED2E2CFE1F4B5281BC1E4A5F42F52D.e.1495/click - {}
RESULT: {}
COMMAND: POST /session/45c4803ccb022991b937de59045aa266/execute/async - {"script":"<script> [1562 bytes]","args":[{"selector":{"controlType":"sap.m.StandardListItem","viewName":"reusables.view.manageresources.NewResourceUnit","viewId":"application-manageresources-display-component---newResourceUnit","properties":{"title":"Heavy Equi"},"searchOpenDialogs":true,"interaction":{"idSuffix":"content"}},"wdio_ui5_key":"reusablesview.manageresources.NewResourceUnitsap.m.StandardListItem{\"title\":\"Heavy Equi\"}"}]}
COMMAND: GET /session/45c4803ccb022991b937de59045aa266/screenshot - {}
RESULT: {"script":"<script> [1562 bytes]","args":[{"selector":{"controlType":"sap.m.StandardListItem","viewName":"reusables.view.manageresources.NewResourceUnit","viewId":"application-manageresources-display-component---newResourceUnit","properties":{"title":"Heavy Equi"},"searchOpenDialogs":true,"interaction":{"idSuffix":"content"}},"wdio_ui5_key":"reusablesview.manageresources.NewResourceUnitsap.m.StandardListItem{\"title\":\"Heavy Equi\"}"}]}
RESULT: undefined
COMMAND: POST /session/45c4803ccb022991b937de59045aa266/element - {"using":"xpath","value":"//*[@id=\"__item414\"]"}
RESULT: {}
RESULT: {"using":"xpath","value":"//*[@id=\"__item414\"]"}
COMMAND: POST /session/45c4803ccb022991b937de59045aa266/element/f.F294D51A4D7A026DEC4A34744D0AD0AD.d.C1ED2E2CFE1F4B5281BC1E4A5F42F52D.e.1497/click - {}
RESULT: {}
COMMAND: GET /session/45c4803ccb022991b937de59045aa266/screenshot - {}
RESULT: {}
COMMAND: POST /session/45c4803ccb022991b937de59045aa266/execute/async - {"script":"<script> [1562 bytes]","args":[{"selector":{"id":"application-manageresources-display-component---newResourceUnit--PLANNING_INDICATOR-arrow"},"wdio_ui5_key":"applicationmanageresources-display-component---newResourceUnit--PLANNING_INDICATOR-arrow"}]}
RESULT: {"script":"<script> [1562 bytes]","args":[{"selector":{"id":"application-manageresources-display-component---newResourceUnit--PLANNING_INDICATOR-arrow"},"wdio_ui5_key":"applicationmanageresources-display-component---newResourceUnit--PLANNING_INDICATOR-arrow"}]}
RESULT: undefined
COMMAND: POST /session/45c4803ccb022991b937de59045aa266/element - {"using":"xpath","value":"//*[@id=\"application-manageresources-display-component---newResourceUnit--PLANNING_INDICATOR-arrow\"]"}
RESULT: {"using":"xpath","value":"//*[@id=\"application-manageresources-display-component---newResourceUnit--PLANNING_INDICATOR-arrow\"]"}
COMMAND: POST /session/45c4803ccb022991b937de59045aa266/element/f.F294D51A4D7A026DEC4A34744D0AD0AD.d.C1ED2E2CFE1F4B5281BC1E4A5F42F52D.e.1498/click - {}
RESULT: {}
COMMAND: POST /session/45c4803ccb022991b937de59045aa266/execute/async - {"script":"<script> [1562 bytes]","args":[{"selector":{"controlType":"sap.m.StandardListItem","viewName":"reusables.view.manageresources.NewResourceUnit","viewId":"application-manageresources-display-component---newResourceUnit","properties":{"title":"10 - infinite"},"searchOpenDialogs":true,"interaction":{"idSuffix":"content"}},"wdio_ui5_key":"reusablesview.manageresources.NewResourceUnitsap.m.StandardListItem{\"title\":\"10 - infinite\"}"}]}
COMMAND: GET /session/45c4803ccb022991b937de59045aa266/screenshot - {}
RESULT: {"script":"<script> [1562 bytes]","args":[{"selector":{"controlType":"sap.m.StandardListItem","viewName":"reusables.view.manageresources.NewResourceUnit","viewId":"application-manageresources-display-component---newResourceUnit","properties":{"title":"10 - infinite"},"searchOpenDialogs":true,"interaction":{"idSuffix":"content"}},"wdio_ui5_key":"reusablesview.manageresources.NewResourceUnitsap.m.StandardListItem{\"title\":\"10 - infinite\"}"}]}
RESULT: undefined
COMMAND: POST /session/45c4803ccb022991b937de59045aa266/element - {"using":"xpath","value":"//*[@id=\"__item424\"]"}
RESULT: {}
RESULT: {"using":"xpath","value":"//*[@id=\"__item424\"]"}
COMMAND: POST /session/45c4803ccb022991b937de59045aa266/element/f.F294D51A4D7A026DEC4A34744D0AD0AD.d.C1ED2E2CFE1F4B5281BC1E4A5F42F52D.e.1500/click - {}
RESULT: {}
COMMAND: GET /session/45c4803ccb022991b937de59045aa266/screenshot - {}
RESULT: {}
COMMAND: POST /session/45c4803ccb022991b937de59045aa266/element - {"using":"xpath","value":"//bdi[contains(text(), \"Time Segment\")]"}
RESULT: {"using":"xpath","value":"//bdi[contains(text(), \"Time Segment\")]"}
COMMAND: GET /session/45c4803ccb022991b937de59045aa266/element/f.F294D51A4D7A026DEC4A34744D0AD0AD.d.C1ED2E2CFE1F4B5281BC1E4A5F42F52D.e.1501/rect - {}
RESULT: {}
COMMAND: GET /session/45c4803ccb022991b937de59045aa266/window/rect - {}
RESULT: {}
COMMAND: POST /session/45c4803ccb022991b937de59045aa266/execute/sync - {"script":"<script> [92 bytes]","args":[]}
RESULT: {"script":"<script> [92 bytes]","args":[]}
COMMAND: POST /session/45c4803ccb022991b937de59045aa266/actions - {"actions":[{"id":"action5","type":"wheel","parameters":{},"actions":[{"type":"scroll","x":-1820,"y":-21,"deltaX":0,"deltaY":0,"duration":0,"origin":{"element-6066-11e4-a52e-4f735466cecf":"f.F294D51A4D7A026DEC4A34744D0AD0AD.d.C1ED2E2CFE1F4B5281BC1E4A5F42F52D.e.1501"}}]}]}
COMMAND: GET /session/45c4803ccb022991b937de59045aa266/screenshot - {}
RESULT: {}
COMMAND: POST /session/45c4803ccb022991b937de59045aa266/execute/sync - {"script":"<script> [79 bytes]","args":[{"element-6066-11e4-a52e-4f735466cecf":"f.F294D51A4D7A026DEC4A34744D0AD0AD.d.C1ED2E2CFE1F4B5281BC1E4A5F42F52D.e.1501","ELEMENT":"f.F294D51A4D7A026DEC4A34744D0AD0AD.d.C1ED2E2CFE1F4B5281BC1E4A5F42F52D.e.1501"},{"block":"start","inline":"nearest"}]}
RESULT: {"script":"<script> [79 bytes]","args":[{"element-6066-11e4-a52e-4f735466cecf":"f.F294D51A4D7A026DEC4A34744D0AD0AD.d.C1ED2E2CFE1F4B5281BC1E4A5F42F52D.e.1501","ELEMENT":"f.F294D51A4D7A026DEC4A34744D0AD0AD.d.C1ED2E2CFE1F4B5281BC1E4A5F42F52D.e.1501"},{"block":"start","inline":"nearest"}]}
COMMAND: GET /session/45c4803ccb022991b937de59045aa266/screenshot - {}
RESULT: {}
COMMAND: POST /session/45c4803ccb022991b937de59045aa266/element - {"using":"xpath","value":"//span[@id=\"application-manageresources-display-component---newResourceUnit--btnAddTimeSegment-img\"]"}
RESULT: {"using":"xpath","value":"//span[@id=\"application-manageresources-display-component---newResourceUnit--btnAddTimeSegment-img\"]"}
COMMAND: POST /session/45c4803ccb022991b937de59045aa266/execute/sync - {"script":"<script> [8489 bytes]","args":[{"element-6066-11e4-a52e-4f735466cecf":"f.F294D51A4D7A026DEC4A34744D0AD0AD.d.C1ED2E2CFE1F4B5281BC1E4A5F42F52D.e.1504","ELEMENT":"f.F294D51A4D7A026DEC4A34744D0AD0AD.d.C1ED2E2CFE1F4B5281BC1E4A5F42F52D.e.1504"}]}
RESULT: {"script":"<script> [8489 bytes]","args":[{"element-6066-11e4-a52e-4f735466cecf":"f.F294D51A4D7A026DEC4A34744D0AD0AD.d.C1ED2E2CFE1F4B5281BC1E4A5F42F52D.e.1504","ELEMENT":"f.F294D51A4D7A026DEC4A34744D0AD0AD.d.C1ED2E2CFE1F4B5281BC1E4A5F42F52D.e.1504"}]}
COMMAND: POST /session/45c4803ccb022991b937de59045aa266/element/f.F294D51A4D7A026DEC4A34744D0AD0AD.d.C1ED2E2CFE1F4B5281BC1E4A5F42F52D.e.1504/click - {}
COMMAND: GET /session/45c4803ccb022991b937de59045aa266/screenshot - {}
RESULT: {}
COMMAND: GET /session/45c4803ccb022991b937de59045aa266/screenshot - {}
COMMAND: POST /session/45c4803ccb022991b937de59045aa266/element - {"using":"xpath","value":"//input[@id=\"application-manageresources-display-component---newResourceUnit--idRuTSAdmin-application-manageresources-display-component---newResourceUnit--RUTimeSegment-0-inner\"]"}
RESULT: {}
RESULT: {}
RESULT: {"using":"xpath","value":"//input[@id=\"application-manageresources-display-component---newResourceUnit--idRuTSAdmin-application-manageresources-display-component---newResourceUnit--RUTimeSegment-0-inner\"]"}
COMMAND: POST /session/45c4803ccb022991b937de59045aa266/element/f.F294D51A4D7A026DEC4A34744D0AD0AD.d.C1ED2E2CFE1F4B5281BC1E4A5F42F52D.e.1507/clear - {}
RESULT: {}
COMMAND: POST /session/45c4803ccb022991b937de59045aa266/element/f.F294D51A4D7A026DEC4A34744D0AD0AD.d.C1ED2E2CFE1F4B5281BC1E4A5F42F52D.e.1507/value - {"text":"WebdriverWHMYardw01oh"}
COMMAND: GET /session/45c4803ccb022991b937de59045aa266/screenshot - {}
RESULT: {"text":"WebdriverWHMYardw01oh"}
COMMAND: GET /session/45c4803ccb022991b937de59045aa266/screenshot - {}
RESULT: {}
RESULT: {}
COMMAND: POST /session/45c4803ccb022991b937de59045aa266/actions - {"actions":[{"id":"action6","type":"key","parameters":{},"actions":[{"type":"keyDown","value":"î€‡"},{"type":"pause","duration":10},{"type":"keyUp","value":"î€‡"}]}]}
RESULT: {"actions":[{"id":"action6","type":"key","parameters":{},"actions":[{"type":"keyDown","value":"î€‡"},{"type":"pause","duration":10},{"type":"keyUp","value":"î€‡"}]}]}
COMMAND: GET /session/45c4803ccb022991b937de59045aa266/screenshot - {}
RESULT: {}
COMMAND: POST /session/45c4803ccb022991b937de59045aa266/execute/async - {"script":"<script> [1562 bytes]","args":[{"selector":{"controlType":"sap.m.Button","viewName":"reusables.view.manageresources.NewResourceUnit","viewId":"application-manageresources-display-component---newResourceUnit","i18NText":{"propertyName":"tooltip","key":"save"},"interaction":{"idSuffix":"BDI-content"}},"wdio_ui5_key":"reusablesview.manageresources.NewResourceUnitsap.m.Button{\"propertyName\":\"tooltip\",\"key\":\"save\"}"}]}
RESULT: {"script":"<script> [1562 bytes]","args":[{"selector":{"controlType":"sap.m.Button","viewName":"reusables.view.manageresources.NewResourceUnit","viewId":"application-manageresources-display-component---newResourceUnit","i18NText":{"propertyName":"tooltip","key":"save"},"interaction":{"idSuffix":"BDI-content"}},"wdio_ui5_key":"reusablesview.manageresources.NewResourceUnitsap.m.Button{\"propertyName\":\"tooltip\",\"key\":\"save\"}"}]}
RESULT: undefined
COMMAND: POST /session/45c4803ccb022991b937de59045aa266/element - {"using":"xpath","value":"//*[@id=\"application-manageresources-display-component---newResourceUnit--createRuButton\"]"}
RESULT: {"using":"xpath","value":"//*[@id=\"application-manageresources-display-component---newResourceUnit--createRuButton\"]"}
COMMAND: POST /session/45c4803ccb022991b937de59045aa266/element/f.F294D51A4D7A026DEC4A34744D0AD0AD.d.C1ED2E2CFE1F4B5281BC1E4A5F42F52D.e.1369/click - {}
RESULT: {}
COMMAND: GET /session/45c4803ccb022991b937de59045aa266/screenshot - {}
RESULT: {}
COMMAND: POST /session/45c4803ccb022991b937de59045aa266/execute/async - {"script":"<script> [1562 bytes]","args":[{"selector":{"controlType":"sap.m.Title","properties":{"text":"Success"},"searchOpenDialogs":true},"wdio_ui5_key":"sapm.Title{\"text\":\"Success\"}"}]}
RESULT: {"script":"<script> [1562 bytes]","args":[{"selector":{"controlType":"sap.m.Title","properties":{"text":"Success"},"searchOpenDialogs":true},"wdio_ui5_key":"sapm.Title{\"text\":\"Success\"}"}]}
RESULT: undefined
COMMAND: POST /session/45c4803ccb022991b937de59045aa266/execute/async - {"script":"<script> [6424 bytes]","args":[{"element-6066-11e4-a52e-4f735466cecf":"f.F294D51A4D7A026DEC4A34744D0AD0AD.d.C1ED2E2CFE1F4B5281BC1E4A5F42F52D.e.1526"},"getText",[]]}
RESULT: {"script":"<script> [6424 bytes]","args":[{"element-6066-11e4-a52e-4f735466cecf":"f.F294D51A4D7A026DEC4A34744D0AD0AD.d.C1ED2E2CFE1F4B5281BC1E4A5F42F52D.e.1526"},"getText",[]]}
COMMAND: POST /session/45c4803ccb022991b937de59045aa266/element - {"using":"xpath","value":"//*[contains(@id, '__text') and (contains(text(), 'successfully created') or contains(., 'successfully created'))]"}
RESULT: {"using":"xpath","value":"//*[contains(@id, '__text') and (contains(text(), 'successfully created') or contains(., 'successfully created'))]"}
COMMAND: GET /session/45c4803ccb022991b937de59045aa266/element/f.F294D51A4D7A026DEC4A34744D0AD0AD.d.C1ED2E2CFE1F4B5281BC1E4A5F42F52D.e.1525/text - {}
RESULT: {}
COMMAND: POST /session/45c4803ccb022991b937de59045aa266/execute/async - {"script":"<script> [1562 bytes]","args":[{"selector":{"controlType":"sap.m.Button","properties":{"text":"Close"},"searchOpenDialogs":true,"interaction":{"idSuffix":"BDI-content"}},"wdio_ui5_key":"sapm.Button{\"text\":\"Close\"}"}]}
RESULT: {"script":"<script> [1562 bytes]","args":[{"selector":{"controlType":"sap.m.Button","properties":{"text":"Close"},"searchOpenDialogs":true,"interaction":{"idSuffix":"BDI-content"}},"wdio_ui5_key":"sapm.Button{\"text\":\"Close\"}"}]}
RESULT: undefined
COMMAND: POST /session/45c4803ccb022991b937de59045aa266/element - {"using":"xpath","value":"//*[@id=\"__mbox-btn-0\"]"}
RESULT: {"using":"xpath","value":"//*[@id=\"__mbox-btn-0\"]"}
COMMAND: POST /session/45c4803ccb022991b937de59045aa266/element/f.F294D51A4D7A026DEC4A34744D0AD0AD.d.C1ED2E2CFE1F4B5281BC1E4A5F42F52D.e.1522/click - {}
RESULT: {}
COMMAND: GET /session/45c4803ccb022991b937de59045aa266/screenshot - {}
RESULT: {}
COMMAND: POST /session/45c4803ccb022991b937de59045aa266/execute/async - {"script":"<script> [1562 bytes]","args":[{"selector":{"controlType":"sap.ui.core.Icon","viewName":"etm.portal.ui.manageresources.view.Detail","viewId":"application-manageresources-display-component---detailRU","properties":{"src":{"regex":{"source":"overflow"}}}},"wdio_ui5_key":"etmportal.ui.manageresources.view.Detailsap.ui.core.Icon{\"src\":{\"regex\":{\"source\":\"overflow\"}}}"}]}
RESULT: {"script":"<script> [1562 bytes]","args":[{"selector":{"controlType":"sap.ui.core.Icon","viewName":"etm.portal.ui.manageresources.view.Detail","viewId":"application-manageresources-display-component---detailRU","properties":{"src":{"regex":{"source":"overflow"}}}},"wdio_ui5_key":"etmportal.ui.manageresources.view.Detailsap.ui.core.Icon{\"src\":{\"regex\":{\"source\":\"overflow\"}}}"}]}
RESULT: undefined
COMMAND: POST /session/45c4803ccb022991b937de59045aa266/element - {"using":"xpath","value":"//*[@id=\"__title18-_actionsToolbar-overflowButton-img\"]"}
RESULT: {"using":"xpath","value":"//*[@id=\"__title18-_actionsToolbar-overflowButton-img\"]"}
COMMAND: POST /session/45c4803ccb022991b937de59045aa266/element/f.F294D51A4D7A026DEC4A34744D0AD0AD.d.C1ED2E2CFE1F4B5281BC1E4A5F42F52D.e.1564/click - {}
RESULT: {}
COMMAND: POST /session/45c4803ccb022991b937de59045aa266/execute/async - {"script":"<script> [1562 bytes]","args":[{"selector":{"controlType":"sap.m.Button","viewName":"etm.portal.ui.manageresources.view.Detail","viewId":"application-manageresources-display-component---detailRU","i18NText":{"propertyName":"tooltip","key":"closeColumn"},"searchOpenDialogs":true,"interaction":{"idSuffix":"inner"}},"wdio_ui5_key":"etmportal.ui.manageresources.view.Detailsap.m.Button{\"propertyName\":\"tooltip\",\"key\":\"closeColumn\"}"}]}
COMMAND: GET /session/45c4803ccb022991b937de59045aa266/screenshot - {}
RESULT: {"script":"<script> [1562 bytes]","args":[{"selector":{"controlType":"sap.m.Button","viewName":"etm.portal.ui.manageresources.view.Detail","viewId":"application-manageresources-display-component---detailRU","i18NText":{"propertyName":"tooltip","key":"closeColumn"},"searchOpenDialogs":true,"interaction":{"idSuffix":"inner"}},"wdio_ui5_key":"etmportal.ui.manageresources.view.Detailsap.m.Button{\"propertyName\":\"tooltip\",\"key\":\"closeColumn\"}"}]}
RESULT: undefined
COMMAND: POST /session/45c4803ccb022991b937de59045aa266/element - {"using":"xpath","value":"//*[@id=\"__button51\"]"}
RESULT: {}
RESULT: {"using":"xpath","value":"//*[@id=\"__button51\"]"}
COMMAND: POST /session/45c4803ccb022991b937de59045aa266/element/f.F294D51A4D7A026DEC4A34744D0AD0AD.d.C1ED2E2CFE1F4B5281BC1E4A5F42F52D.e.1566/click - {}
RESULT: {}
COMMAND: GET /session/45c4803ccb022991b937de59045aa266/screenshot - {}
RESULT: {}
COMMAND: POST /session/45c4803ccb022991b937de59045aa266/refresh - {}
RESULT: {}
COMMAND: GET /session/45c4803ccb022991b937de59045aa266/screenshot - {}
RESULT: {}
COMMAND: POST /session/45c4803ccb022991b937de59045aa266/execute/async - {"script":"<script> [189 bytes]","args":[]}
RESULT: {"script":"<script> [189 bytes]","args":[]}
COMMAND: POST /session/45c4803ccb022991b937de59045aa266/execute/async - {"script":"<script> [123 bytes]","args":[]}
RESULT: {"script":"<script> [123 bytes]","args":[]}
COMMAND: POST /session/45c4803ccb022991b937de59045aa266/timeouts - {"script":"<number>"}
RESULT: {"script":"<number>"}
COMMAND: GET /session/45c4803ccb022991b937de59045aa266/timeouts - {}
RESULT: {}
RESULT: undefined
COMMAND: POST /session/45c4803ccb022991b937de59045aa266/execute/async - {"script":"<script> [2676 bytes]","args":[]}
RESULT: {"script":"<script> [2676 bytes]","args":[]}
COMMAND: POST /session/45c4803ccb022991b937de59045aa266/execute/async - {"script":"<script> [2342 bytes]","args":[{"protocol":"http","hostname":"0.0.0.0","path":"/","capabilities":{"browserName":"chrome","goog:chromeOptions":{"binary":"C:\\Program Files\\Google\\Chrome\\Application\\chrome.exe","args":["--start-maximized"]}},"logLevel":"warn","connectionRetryTimeout":120000,"connectionRetryCount":3,"logLevels":{},"enableDirectConnect":true,"strictSSL":true,"_":"65 more keys: [\"cacheDir\",\"port\",\"requestedCapabilities\",\"automationProtocol\",\"baseUrl\",\"waitforInterval\",\"waitforTimeout\",\"onReload\",\"beforeCommand\",\"afterCommand\",\"rootDir\",\"specs\",\"suites\",\"exclude\",\"groupLogsByTestSpec\",\"excludeDriverLogs\",\"bail\",\"framework\",\"reporters\",\"services\",\"maxInstances\",\"maxInstancesPerCapability\",\"injectGlobals\",\"filesToWatch\",\"execArgv\",\"runnerEnv\",\"runner\",\"shard\",\"specFileRetries\",\"specFileRetriesDelay\",\"specFileRetriesDeferred\",\"reporterSyncInterval\",\"reporterSyncTimeout\",\"cucumberFeaturesWithLineNumbers\",\"autoCompileOpts\",\"mochaOpts\",\"jasmineOpts\",\"cucumberOpts\",\"onPrepare\",\"onWorkerStart\",\"onWorkerEnd\",\"before\",\"beforeSession\",\"beforeSuite\",\"beforeHook\",\"beforeTest\",\"afterTest\",\"afterHook\",\"afterSuite\",\"afterSession\",\"after\",\"onComplete\",\"beforeAssertion\",\"afterAssertion\",\"beforeFeature\",\"beforeScenario\",\"beforeStep\",\"afterStep\",\"afterScenario\",\"afterFeature\",\"_\",\"suite\",\"$0\",\"ignoredWorkerServices\",\"wdi5\"]"}]}
RESULT: {"script":"<script> [2342 bytes]","args":[{"protocol":"http","hostname":"0.0.0.0","path":"/","capabilities":{"browserName":"chrome","goog:chromeOptions":{"binary":"C:\\Program Files\\Google\\Chrome\\Application\\chrome.exe","args":["--start-maximized"]}},"logLevel":"warn","connectionRetryTimeout":120000,"connectionRetryCount":3,"logLevels":{},"enableDirectConnect":true,"strictSSL":true,"_":"65 more keys: [\"cacheDir\",\"port\",\"requestedCapabilities\",\"automationProtocol\",\"baseUrl\",\"waitforInterval\",\"waitforTimeout\",\"onReload\",\"beforeCommand\",\"afterCommand\",\"rootDir\",\"specs\",\"suites\",\"exclude\",\"groupLogsByTestSpec\",\"excludeDriverLogs\",\"bail\",\"framework\",\"reporters\",\"services\",\"maxInstances\",\"maxInstancesPerCapability\",\"injectGlobals\",\"filesToWatch\",\"execArgv\",\"runnerEnv\",\"runner\",\"shard\",\"specFileRetries\",\"specFileRetriesDelay\",\"specFileRetriesDeferred\",\"reporterSyncInterval\",\"reporterSyncTimeout\",\"cucumberFeaturesWithLineNumbers\",\"autoCompileOpts\",\"mochaOpts\",\"jasmineOpts\",\"cucumberOpts\",\"onPrepare\",\"onWorkerStart\",\"onWorkerEnd\",\"before\",\"beforeSession\",\"beforeSuite\",\"beforeHook\",\"beforeTest\",\"afterTest\",\"afterHook\",\"afterSuite\",\"afterSession\",\"after\",\"onComplete\",\"beforeAssertion\",\"afterAssertion\",\"beforeFeature\",\"beforeScenario\",\"beforeStep\",\"afterStep\",\"afterScenario\",\"afterFeature\",\"_\",\"suite\",\"$0\",\"ignoredWorkerServices\",\"wdi5\"]"}]}
COMMAND: POST /session/45c4803ccb022991b937de59045aa266/execute/async - {"script":"<script> [21126 bytes]","args":[35000]}
RESULT: {"script":"<script> [21126 bytes]","args":[35000]}
COMMAND: POST /session/45c4803ccb022991b937de59045aa266/element - {"using":"css selector","value":"#shell-header-logo"}
RESULT: {"using":"css selector","value":"#shell-header-logo"}
COMMAND: POST /session/45c4803ccb022991b937de59045aa266/element/f.F294D51A4D7A026DEC4A34744D0AD0AD.d.EEE91F585CD14F920BE08E9F9E095BB8.e.1675/click - {}
RESULT: {}
COMMAND: GET /session/45c4803ccb022991b937de59045aa266/screenshot - {}
RESULT: {}
COMMAND: POST /session/45c4803ccb022991b937de59045aa266/element - {"using":"css selector","value":"#shell-header-logo"}
RESULT: {"using":"css selector","value":"#shell-header-logo"}
COMMAND: POST /session/45c4803ccb022991b937de59045aa266/element/f.F294D51A4D7A026DEC4A34744D0AD0AD.d.EEE91F585CD14F920BE08E9F9E095BB8.e.1849/click - {}
RESULT: {}
COMMAND: GET /session/45c4803ccb022991b937de59045aa266/screenshot - {}
RESULT: {}
]]></system-out>
    </testcase>
    <testcase classname="chrome.136_0_7103_93.windows.Warehouse_movements_inventory_test" name="Should do a stock increase handover" time="82.407">
      <system-out><![CDATA[
COMMAND: POST /session/45c4803ccb022991b937de59045aa266/execute/async - {"script":"<script> [1562 bytes]","args":[{"selector":{"controlType":"sap.m.GenericTile","properties":{"header":"Manage Handovers"}},"wdio_ui5_key":"sapm.GenericTile{\"header\":\"Manage Handovers\"}"}]}
RESULT: {"script":"<script> [1562 bytes]","args":[{"selector":{"controlType":"sap.m.GenericTile","properties":{"header":"Manage Handovers"}},"wdio_ui5_key":"sapm.GenericTile{\"header\":\"Manage Handovers\"}"}]}
RESULT: undefined
COMMAND: POST /session/45c4803ccb022991b937de59045aa266/element - {"using":"xpath","value":"//*[@id=\"__tile132\"]"}
RESULT: {"using":"xpath","value":"//*[@id=\"__tile132\"]"}
COMMAND: POST /session/45c4803ccb022991b937de59045aa266/element/f.F294D51A4D7A026DEC4A34744D0AD0AD.d.EEE91F585CD14F920BE08E9F9E095BB8.e.1858/click - {}
RESULT: {}
COMMAND: GET /session/45c4803ccb022991b937de59045aa266/screenshot - {}
RESULT: {}
COMMAND: POST /session/45c4803ccb022991b937de59045aa266/elements - {"using":"xpath","value":"//span[text()='Error']"}
RESULT: {"using":"xpath","value":"//span[text()='Error']"}
COMMAND: POST /session/45c4803ccb022991b937de59045aa266/element - {"using":"xpath","value":"//button[(@data-kt = 'masterHOAddButton')]"}
RESULT: {"using":"xpath","value":"//button[(@data-kt = 'masterHOAddButton')]"}
COMMAND: POST /session/45c4803ccb022991b937de59045aa266/element/f.F294D51A4D7A026DEC4A34744D0AD0AD.d.EEE91F585CD14F920BE08E9F9E095BB8.e.1899/click - {}
RESULT: {}
COMMAND: GET /session/45c4803ccb022991b937de59045aa266/screenshot - {}
RESULT: {}
COMMAND: POST /session/45c4803ccb022991b937de59045aa266/element - {"using":"xpath","value":"//span[contains(@id ,\"AddNewHO--typeSelect-arrow\")]"}
RESULT: {"using":"xpath","value":"//span[contains(@id ,\"AddNewHO--typeSelect-arrow\")]"}
COMMAND: POST /session/45c4803ccb022991b937de59045aa266/element/f.F294D51A4D7A026DEC4A34744D0AD0AD.d.EEE91F585CD14F920BE08E9F9E095BB8.e.2204/click - {}
RESULT: {}
COMMAND: POST /session/45c4803ccb022991b937de59045aa266/element - {"using":"xpath","value":"(//li[contains(text(), \"stock increase yard\")])[1]"}
COMMAND: GET /session/45c4803ccb022991b937de59045aa266/screenshot - {}
RESULT: {"using":"xpath","value":"(//li[contains(text(), \"stock increase yard\")])[1]"}
COMMAND: POST /session/45c4803ccb022991b937de59045aa266/element/f.F294D51A4D7A026DEC4A34744D0AD0AD.d.EEE91F585CD14F920BE08E9F9E095BB8.e.2205/click - {}
RESULT: {}
RESULT: {}
COMMAND: GET /session/45c4803ccb022991b937de59045aa266/screenshot - {}
RESULT: {}
COMMAND: POST /session/45c4803ccb022991b937de59045aa266/execute/async - {"script":"<script> [1562 bytes]","args":[{"selector":{"id":"application-managehandovers-display-component---AddNewHO--dueDate","interaction":{"idSuffix":"inner"}},"wdio_ui5_key":"applicationmanagehandovers-display-component---AddNewHO--dueDate"}]}
RESULT: {"script":"<script> [1562 bytes]","args":[{"selector":{"id":"application-managehandovers-display-component---AddNewHO--dueDate","interaction":{"idSuffix":"inner"}},"wdio_ui5_key":"applicationmanagehandovers-display-component---AddNewHO--dueDate"}]}
RESULT: undefined
COMMAND: POST /session/45c4803ccb022991b937de59045aa266/execute/async - {"script":"<script> [6424 bytes]","args":[{"element-6066-11e4-a52e-4f735466cecf":"f.F294D51A4D7A026DEC4A34744D0AD0AD.d.EEE91F585CD14F920BE08E9F9E095BB8.e.2207"},"setValue",["6/04/25"]]}
RESULT: {"script":"<script> [6424 bytes]","args":[{"element-6066-11e4-a52e-4f735466cecf":"f.F294D51A4D7A026DEC4A34744D0AD0AD.d.EEE91F585CD14F920BE08E9F9E095BB8.e.2207"},"setValue",["6/04/25"]]}
COMMAND: POST /session/45c4803ccb022991b937de59045aa266/element - {"using":"xpath","value":"//input[@id=\"generalSectionFrg--receiveYard-inner\"]"}
RESULT: {"using":"xpath","value":"//input[@id=\"generalSectionFrg--receiveYard-inner\"]"}
COMMAND: POST /session/45c4803ccb022991b937de59045aa266/element/f.F294D51A4D7A026DEC4A34744D0AD0AD.d.EEE91F585CD14F920BE08E9F9E095BB8.e.2213/clear - {}
RESULT: {}
COMMAND: POST /session/45c4803ccb022991b937de59045aa266/element/f.F294D51A4D7A026DEC4A34744D0AD0AD.d.EEE91F585CD14F920BE08E9F9E095BB8.e.2213/value - {"text":"WebdriverWHMYardw01oh"}
COMMAND: GET /session/45c4803ccb022991b937de59045aa266/screenshot - {}
RESULT: {"text":"WebdriverWHMYardw01oh"}
COMMAND: GET /session/45c4803ccb022991b937de59045aa266/screenshot - {}
RESULT: {}
RESULT: {}
COMMAND: POST /session/45c4803ccb022991b937de59045aa266/execute/async - {"script":"<script> [1562 bytes]","args":[{"selector":{"id":"application-managehandovers-display-component---AddNewHO--ObjectPageLayout-anchBar-application-managehandovers-display-component---AddNewHO--section4-anchor","interaction":{"idSuffix":"BDI-content"}},"wdio_ui5_key":"applicationmanagehandovers-display-component---AddNewHO--ObjectPageLayout-anchBar-application-managehandovers-display-component---AddNewHO--section4-anchor"}]}
RESULT: {"script":"<script> [1562 bytes]","args":[{"selector":{"id":"application-managehandovers-display-component---AddNewHO--ObjectPageLayout-anchBar-application-managehandovers-display-component---AddNewHO--section4-anchor","interaction":{"idSuffix":"BDI-content"}},"wdio_ui5_key":"applicationmanagehandovers-display-component---AddNewHO--ObjectPageLayout-anchBar-application-managehandovers-display-component---AddNewHO--section4-anchor"}]}
RESULT: undefined
COMMAND: POST /session/45c4803ccb022991b937de59045aa266/element - {"using":"xpath","value":"//*[@id=\"application-managehandovers-display-component---AddNewHO--ObjectPageLayout-anchBar-application-managehandovers-display-component---AddNewHO--section4-anchor\"]"}
RESULT: {"using":"xpath","value":"//*[@id=\"application-managehandovers-display-component---AddNewHO--ObjectPageLayout-anchBar-application-managehandovers-display-component---AddNewHO--section4-anchor\"]"}
COMMAND: POST /session/45c4803ccb022991b937de59045aa266/element/f.F294D51A4D7A026DEC4A34744D0AD0AD.d.EEE91F585CD14F920BE08E9F9E095BB8.e.2232/click - {}
RESULT: {}
COMMAND: GET /session/45c4803ccb022991b937de59045aa266/screenshot - {}
RESULT: {}
COMMAND: POST /session/45c4803ccb022991b937de59045aa266/element - {"using":"xpath","value":"//button[@aria-label=\"Add\"]"}
RESULT: {"using":"xpath","value":"//button[@aria-label=\"Add\"]"}
COMMAND: POST /session/45c4803ccb022991b937de59045aa266/element/f.F294D51A4D7A026DEC4A34744D0AD0AD.d.EEE91F585CD14F920BE08E9F9E095BB8.e.2236/click - {}
RESULT: {}
COMMAND: GET /session/45c4803ccb022991b937de59045aa266/screenshot - {}
RESULT: {}
COMMAND: POST /session/45c4803ccb022991b937de59045aa266/execute/async - {"script":"<script> [1562 bytes]","args":[{"selector":{"id":"application-managehandovers-display-component---AddNewHO--smartFilterBar-btnBasicSearch","searchOpenDialogs":true,"interaction":{"idSuffix":"I"}},"wdio_ui5_key":"applicationmanagehandovers-display-component---AddNewHO--smartFilterBar-btnBasicSearch"}]}
RESULT: {"script":"<script> [1562 bytes]","args":[{"selector":{"id":"application-managehandovers-display-component---AddNewHO--smartFilterBar-btnBasicSearch","searchOpenDialogs":true,"interaction":{"idSuffix":"I"}},"wdio_ui5_key":"applicationmanagehandovers-display-component---AddNewHO--smartFilterBar-btnBasicSearch"}]}
RESULT: undefined
COMMAND: POST /session/45c4803ccb022991b937de59045aa266/execute/async - {"script":"<script> [776 bytes]","args":[{"enterText":"WebdriverMatTestumtv6","selector":{"id":"application-managehandovers-display-component---AddNewHO--smartFilterBar-btnBasicSearch","searchOpenDialogs":true,"interaction":{"idSuffix":"I"}},"clearTextFirst":true,"interactionType":"ENTER_TEXT"}]}
RESULT: {"script":"<script> [776 bytes]","args":[{"enterText":"WebdriverMatTestumtv6","selector":{"id":"application-managehandovers-display-component---AddNewHO--smartFilterBar-btnBasicSearch","searchOpenDialogs":true,"interaction":{"idSuffix":"I"}},"clearTextFirst":true,"interactionType":"ENTER_TEXT"}]}
COMMAND: POST /session/45c4803ccb022991b937de59045aa266/actions - {"actions":[{"id":"action7","type":"key","parameters":{},"actions":[{"type":"keyDown","value":"î€‡"},{"type":"pause","duration":10},{"type":"keyUp","value":"î€‡"}]}]}
RESULT: {"actions":[{"id":"action7","type":"key","parameters":{},"actions":[{"type":"keyDown","value":"î€‡"},{"type":"pause","duration":10},{"type":"keyUp","value":"î€‡"}]}]}
COMMAND: POST /session/45c4803ccb022991b937de59045aa266/execute/async - {"script":"<script> [1562 bytes]","args":[{"selector":{"id":"application-managehandovers-display-component---AddNewHO--popup-sa","searchOpenDialogs":true,"interaction":{"idSuffix":"CbBg"}},"wdio_ui5_key":"applicationmanagehandovers-display-component---AddNewHO--popup-sa"}]}
COMMAND: GET /session/45c4803ccb022991b937de59045aa266/screenshot - {}
RESULT: {"script":"<script> [1562 bytes]","args":[{"selector":{"id":"application-managehandovers-display-component---AddNewHO--popup-sa","searchOpenDialogs":true,"interaction":{"idSuffix":"CbBg"}},"wdio_ui5_key":"applicationmanagehandovers-display-component---AddNewHO--popup-sa"}]}
RESULT: undefined
COMMAND: POST /session/45c4803ccb022991b937de59045aa266/element - {"using":"xpath","value":"//*[@id=\"application-managehandovers-display-component---AddNewHO--popup-sa\"]"}
RESULT: {}
RESULT: {"using":"xpath","value":"//*[@id=\"application-managehandovers-display-component---AddNewHO--popup-sa\"]"}
COMMAND: POST /session/45c4803ccb022991b937de59045aa266/element/f.F294D51A4D7A026DEC4A34744D0AD0AD.d.EEE91F585CD14F920BE08E9F9E095BB8.e.2392/click - {}
RESULT: {}
COMMAND: GET /session/45c4803ccb022991b937de59045aa266/screenshot - {}
RESULT: {}
COMMAND: POST /session/45c4803ccb022991b937de59045aa266/element - {"using":"xpath","value":"//bdi[contains(text(), \"Select\")]"}
RESULT: {"using":"xpath","value":"//bdi[contains(text(), \"Select\")]"}
COMMAND: POST /session/45c4803ccb022991b937de59045aa266/element/f.F294D51A4D7A026DEC4A34744D0AD0AD.d.EEE91F585CD14F920BE08E9F9E095BB8.e.2393/click - {}
RESULT: {}
COMMAND: GET /session/45c4803ccb022991b937de59045aa266/screenshot - {}
RESULT: {}
COMMAND: POST /session/45c4803ccb022991b937de59045aa266/element - {"using":"xpath","value":"//button[@data-kt=\"AddNewHOSaveButton\"]"}
RESULT: {"using":"xpath","value":"//button[@data-kt=\"AddNewHOSaveButton\"]"}
COMMAND: POST /session/45c4803ccb022991b937de59045aa266/element/f.F294D51A4D7A026DEC4A34744D0AD0AD.d.EEE91F585CD14F920BE08E9F9E095BB8.e.2397/click - {}
RESULT: {}
COMMAND: GET /session/45c4803ccb022991b937de59045aa266/screenshot - {}
RESULT: {}
COMMAND: POST /session/45c4803ccb022991b937de59045aa266/execute/async - {"script":"<script> [1562 bytes]","args":[{"selector":{"id":"receiptDatePicker","viewName":"etm.portal.ui.managehandovers.view.DetailExecuteHO","interaction":{"idSuffix":"inner"}},"wdio_ui5_key":"receiptDatePickeretmportal.ui.managehandovers.view.DetailExecuteHO"}]}
RESULT: {"script":"<script> [1562 bytes]","args":[{"selector":{"id":"receiptDatePicker","viewName":"etm.portal.ui.managehandovers.view.DetailExecuteHO","interaction":{"idSuffix":"inner"}},"wdio_ui5_key":"receiptDatePickeretmportal.ui.managehandovers.view.DetailExecuteHO"}]}
RESULT: undefined
COMMAND: POST /session/45c4803ccb022991b937de59045aa266/execute/async - {"script":"<script> [6424 bytes]","args":[{"element-6066-11e4-a52e-4f735466cecf":"f.F294D51A4D7A026DEC4A34744D0AD0AD.d.EEE91F585CD14F920BE08E9F9E095BB8.e.2423"},"setValue",["6/04/25"]]}
RESULT: {"script":"<script> [6424 bytes]","args":[{"element-6066-11e4-a52e-4f735466cecf":"f.F294D51A4D7A026DEC4A34744D0AD0AD.d.EEE91F585CD14F920BE08E9F9E095BB8.e.2423"},"setValue",["6/04/25"]]}
COMMAND: POST /session/45c4803ccb022991b937de59045aa266/element - {"using":"xpath","value":"//button[@data-kt=\"ReceivingTableConfirmAllButton\"]"}
RESULT: {"using":"xpath","value":"//button[@data-kt=\"ReceivingTableConfirmAllButton\"]"}
COMMAND: POST /session/45c4803ccb022991b937de59045aa266/element/f.F294D51A4D7A026DEC4A34744D0AD0AD.d.EEE91F585CD14F920BE08E9F9E095BB8.e.2443/click - {}
RESULT: {}
COMMAND: GET /session/45c4803ccb022991b937de59045aa266/screenshot - {}
RESULT: {}
COMMAND: POST /session/45c4803ccb022991b937de59045aa266/element - {"using":"xpath","value":"//bdi[contains(text(), \"OK\")]"}
RESULT: {"using":"xpath","value":"//bdi[contains(text(), \"OK\")]"}
COMMAND: POST /session/45c4803ccb022991b937de59045aa266/element/f.F294D51A4D7A026DEC4A34744D0AD0AD.d.EEE91F585CD14F920BE08E9F9E095BB8.e.2445/click - {}
RESULT: {}
COMMAND: GET /session/45c4803ccb022991b937de59045aa266/screenshot - {}
RESULT: {}
COMMAND: POST /session/45c4803ccb022991b937de59045aa266/element - {"using":"xpath","value":"(//bdi[contains(text(), \"Receive\")])[2]"}
RESULT: {"using":"xpath","value":"(//bdi[contains(text(), \"Receive\")])[2]"}
COMMAND: POST /session/45c4803ccb022991b937de59045aa266/element/f.F294D51A4D7A026DEC4A34744D0AD0AD.d.EEE91F585CD14F920BE08E9F9E095BB8.e.2447/click - {}
RESULT: {}
COMMAND: GET /session/45c4803ccb022991b937de59045aa266/screenshot - {}
RESULT: {}
COMMAND: POST /session/45c4803ccb022991b937de59045aa266/element - {"using":"css selector","value":"#shell-header-logo"}
RESULT: {"using":"css selector","value":"#shell-header-logo"}
COMMAND: POST /session/45c4803ccb022991b937de59045aa266/element/f.F294D51A4D7A026DEC4A34744D0AD0AD.d.EEE91F585CD14F920BE08E9F9E095BB8.e.1849/click - {}
RESULT: {}
COMMAND: GET /session/45c4803ccb022991b937de59045aa266/screenshot - {}
RESULT: {}
]]></system-out>
    </testcase>
    <testcase classname="chrome.136_0_7103_93.windows.Warehouse_movements_inventory_test" name="Verify the warehouse movement" time="53.385">
      <system-out><![CDATA[
COMMAND: POST /session/45c4803ccb022991b937de59045aa266/execute/async - {"script":"<script> [1562 bytes]","args":[{"selector":{"controlType":"sap.m.GenericTile","properties":{"header":"Manage Warehouse Movements"}},"wdio_ui5_key":"sapm.GenericTile{\"header\":\"Manage Warehouse Movements\"}"}]}
RESULT: {"script":"<script> [1562 bytes]","args":[{"selector":{"controlType":"sap.m.GenericTile","properties":{"header":"Manage Warehouse Movements"}},"wdio_ui5_key":"sapm.GenericTile{\"header\":\"Manage Warehouse Movements\"}"}]}
RESULT: undefined
COMMAND: POST /session/45c4803ccb022991b937de59045aa266/element - {"using":"xpath","value":"//*[@id=\"__tile105\"]"}
RESULT: {"using":"xpath","value":"//*[@id=\"__tile105\"]"}
COMMAND: POST /session/45c4803ccb022991b937de59045aa266/element/f.F294D51A4D7A026DEC4A34744D0AD0AD.d.EEE91F585CD14F920BE08E9F9E095BB8.e.2593/click - {}
RESULT: {}
COMMAND: GET /session/45c4803ccb022991b937de59045aa266/screenshot - {}
RESULT: {}
COMMAND: POST /session/45c4803ccb022991b937de59045aa266/elements - {"using":"xpath","value":"//span[text()='Error']"}
RESULT: {"using":"xpath","value":"//span[text()='Error']"}
COMMAND: POST /session/45c4803ccb022991b937de59045aa266/execute/async - {"script":"<script> [1562 bytes]","args":[{"selector":{"id":"application-warehousemovements-display-component---warehouseMovements--smartFilterBar-filterItemControl_BASIC-YARD-vhi"},"wdio_ui5_key":"applicationwarehousemovements-display-component---warehouseMovements--smartFilterBar-filterItemControl_BASIC-YARD-vhi"}]}
RESULT: {"script":"<script> [1562 bytes]","args":[{"selector":{"id":"application-warehousemovements-display-component---warehouseMovements--smartFilterBar-filterItemControl_BASIC-YARD-vhi"},"wdio_ui5_key":"applicationwarehousemovements-display-component---warehouseMovements--smartFilterBar-filterItemControl_BASIC-YARD-vhi"}]}
RESULT: undefined
COMMAND: POST /session/45c4803ccb022991b937de59045aa266/element - {"using":"xpath","value":"//*[@id=\"application-warehousemovements-display-component---warehouseMovements--smartFilterBar-filterItemControl_BASIC-YARD-vhi\"]"}
RESULT: {"using":"xpath","value":"//*[@id=\"application-warehousemovements-display-component---warehouseMovements--smartFilterBar-filterItemControl_BASIC-YARD-vhi\"]"}
COMMAND: POST /session/45c4803ccb022991b937de59045aa266/element/f.F294D51A4D7A026DEC4A34744D0AD0AD.d.EEE91F585CD14F920BE08E9F9E095BB8.e.2689/click - {}
RESULT: {}
COMMAND: GET /session/45c4803ccb022991b937de59045aa266/screenshot - {}
RESULT: {}
COMMAND: POST /session/45c4803ccb022991b937de59045aa266/execute/async - {"script":"<script> [1562 bytes]","args":[{"selector":{"id":"application-warehousemovements-display-component---warehouseMovements--smartFilterBar-filterItemControl_BASIC-YARD-valueHelpDialog-smartFilterBar-btnBasicSearch","searchOpenDialogs":true,"interaction":{"idSuffix":"I"}},"wdio_ui5_key":"applicationwarehousemovements-display-component---warehouseMovements--smartFilterBar-filterItemControl_BASIC-YARD-valueHelpDialog-smartFilterBar-btnBasicSearch"}]}
RESULT: {"script":"<script> [1562 bytes]","args":[{"selector":{"id":"application-warehousemovements-display-component---warehouseMovements--smartFilterBar-filterItemControl_BASIC-YARD-valueHelpDialog-smartFilterBar-btnBasicSearch","searchOpenDialogs":true,"interaction":{"idSuffix":"I"}},"wdio_ui5_key":"applicationwarehousemovements-display-component---warehouseMovements--smartFilterBar-filterItemControl_BASIC-YARD-valueHelpDialog-smartFilterBar-btnBasicSearch"}]}
RESULT: undefined
COMMAND: POST /session/45c4803ccb022991b937de59045aa266/execute/async - {"script":"<script> [776 bytes]","args":[{"enterText":"WebdriverWHMYardw01oh","selector":{"id":"application-warehousemovements-display-component---warehouseMovements--smartFilterBar-filterItemControl_BASIC-YARD-valueHelpDialog-smartFilterBar-btnBasicSearch","searchOpenDialogs":true,"interaction":{"idSuffix":"I"}},"clearTextFirst":true,"interactionType":"ENTER_TEXT"}]}
RESULT: {"script":"<script> [776 bytes]","args":[{"enterText":"WebdriverWHMYardw01oh","selector":{"id":"application-warehousemovements-display-component---warehouseMovements--smartFilterBar-filterItemControl_BASIC-YARD-valueHelpDialog-smartFilterBar-btnBasicSearch","searchOpenDialogs":true,"interaction":{"idSuffix":"I"}},"clearTextFirst":true,"interactionType":"ENTER_TEXT"}]}
COMMAND: POST /session/45c4803ccb022991b937de59045aa266/actions - {"actions":[{"id":"action8","type":"key","parameters":{},"actions":[{"type":"keyDown","value":"î€‡"},{"type":"pause","duration":10},{"type":"keyUp","value":"î€‡"}]}]}
RESULT: {"actions":[{"id":"action8","type":"key","parameters":{},"actions":[{"type":"keyDown","value":"î€‡"},{"type":"pause","duration":10},{"type":"keyUp","value":"î€‡"}]}]}
COMMAND: GET /session/45c4803ccb022991b937de59045aa266/screenshot - {}
RESULT: {}
COMMAND: POST /session/45c4803ccb022991b937de59045aa266/element - {"using":"xpath","value":"//div[@id='application-warehousemovements-display-component---warehouseMovements--smartFilterBar-filterItemControl_BASIC-YARD-valueHelpDialog-table-rowsel0']"}
RESULT: {"using":"xpath","value":"//div[@id='application-warehousemovements-display-component---warehouseMovements--smartFilterBar-filterItemControl_BASIC-YARD-valueHelpDialog-table-rowsel0']"}
COMMAND: POST /session/45c4803ccb022991b937de59045aa266/element/f.F294D51A4D7A026DEC4A34744D0AD0AD.d.EEE91F585CD14F920BE08E9F9E095BB8.e.2699/click - {}
RESULT: {}
COMMAND: POST /session/45c4803ccb022991b937de59045aa266/execute/async - {"script":"<script> [1562 bytes]","args":[{"selector":{"id":"application-warehousemovements-display-component---warehouseMovements--smartFilterBar-filterItemControl_BASIC-YARD-valueHelpDialog-ok","searchOpenDialogs":true,"interaction":{"idSuffix":"BDI-content"}},"wdio_ui5_key":"applicationwarehousemovements-display-component---warehouseMovements--smartFilterBar-filterItemControl_BASIC-YARD-valueHelpDialog-ok"}]}
COMMAND: GET /session/45c4803ccb022991b937de59045aa266/screenshot - {}
RESULT: {"script":"<script> [1562 bytes]","args":[{"selector":{"id":"application-warehousemovements-display-component---warehouseMovements--smartFilterBar-filterItemControl_BASIC-YARD-valueHelpDialog-ok","searchOpenDialogs":true,"interaction":{"idSuffix":"BDI-content"}},"wdio_ui5_key":"applicationwarehousemovements-display-component---warehouseMovements--smartFilterBar-filterItemControl_BASIC-YARD-valueHelpDialog-ok"}]}
RESULT: undefined
COMMAND: POST /session/45c4803ccb022991b937de59045aa266/element - {"using":"xpath","value":"//*[@id=\"application-warehousemovements-display-component---warehouseMovements--smartFilterBar-filterItemControl_BASIC-YARD-valueHelpDialog-ok\"]"}
RESULT: {}
RESULT: {"using":"xpath","value":"//*[@id=\"application-warehousemovements-display-component---warehouseMovements--smartFilterBar-filterItemControl_BASIC-YARD-valueHelpDialog-ok\"]"}
COMMAND: POST /session/45c4803ccb022991b937de59045aa266/element/f.F294D51A4D7A026DEC4A34744D0AD0AD.d.EEE91F585CD14F920BE08E9F9E095BB8.e.2702/click - {}
RESULT: {}
COMMAND: POST /session/45c4803ccb022991b937de59045aa266/execute/async - {"script":"<script> [1562 bytes]","args":[{"selector":{"controlType":"sap.ui.core.Icon","viewName":"etm.portal.ui.warehousemovements.view.MasterMovement","viewId":"application-warehousemovements-display-component---warehouseMovements","properties":{"src":{"regex":{"source":"add"}}}},"wdio_ui5_key":"etmportal.ui.warehousemovements.view.MasterMovementsap.ui.core.Icon{\"src\":{\"regex\":{\"source\":\"add\"}}}"}]}
COMMAND: GET /session/45c4803ccb022991b937de59045aa266/screenshot - {}
RESULT: {"script":"<script> [1562 bytes]","args":[{"selector":{"controlType":"sap.ui.core.Icon","viewName":"etm.portal.ui.warehousemovements.view.MasterMovement","viewId":"application-warehousemovements-display-component---warehouseMovements","properties":{"src":{"regex":{"source":"add"}}}},"wdio_ui5_key":"etmportal.ui.warehousemovements.view.MasterMovementsap.ui.core.Icon{\"src\":{\"regex\":{\"source\":\"add\"}}}"}]}
RESULT: undefined
COMMAND: POST /session/45c4803ccb022991b937de59045aa266/element - {"using":"xpath","value":"//*[@id=\"__button77-img\"]"}
RESULT: {}
RESULT: {"using":"xpath","value":"//*[@id=\"__button77-img\"]"}
COMMAND: POST /session/45c4803ccb022991b937de59045aa266/element/f.F294D51A4D7A026DEC4A34744D0AD0AD.d.EEE91F585CD14F920BE08E9F9E095BB8.e.2630/click - {}
RESULT: {}
COMMAND: POST /session/45c4803ccb022991b937de59045aa266/element - {"using":"xpath","value":"//input[contains(@id ,\"application-warehousemovements-display-component---addMovement--sectionsList-inner\")]"}
COMMAND: GET /session/45c4803ccb022991b937de59045aa266/screenshot - {}
RESULT: {"using":"xpath","value":"//input[contains(@id ,\"application-warehousemovements-display-component---addMovement--sectionsList-inner\")]"}
COMMAND: POST /session/45c4803ccb022991b937de59045aa266/elements - {"using":"xpath","value":"//input[contains(@id ,\"application-warehousemovements-display-component---addMovement--sectionsList-inner\")]"}
RESULT: {}
RESULT: {"using":"xpath","value":"//input[contains(@id ,\"application-warehousemovements-display-component---addMovement--sectionsList-inner\")]"}
COMMAND: POST /session/45c4803ccb022991b937de59045aa266/elements - {"using":"xpath","value":"//input[contains(@id ,\"application-warehousemovements-display-component---addMovement--sectionsList-inner\")]"}
RESULT: {"using":"xpath","value":"//input[contains(@id ,\"application-warehousemovements-display-component---addMovement--sectionsList-inner\")]"}
COMMAND: POST /session/45c4803ccb022991b937de59045aa266/element - {"using":"xpath","value":"//input[contains(@id ,\"application-warehousemovements-display-component---addMovement--sectionsList-inner\")]"}
RESULT: {"using":"xpath","value":"//input[contains(@id ,\"application-warehousemovements-display-component---addMovement--sectionsList-inner\")]"}
COMMAND: POST /session/45c4803ccb022991b937de59045aa266/element/f.F294D51A4D7A026DEC4A34744D0AD0AD.d.EEE91F585CD14F920BE08E9F9E095BB8.e.2768/clear - {}
RESULT: {}
COMMAND: POST /session/45c4803ccb022991b937de59045aa266/element/f.F294D51A4D7A026DEC4A34744D0AD0AD.d.EEE91F585CD14F920BE08E9F9E095BB8.e.2768/value - {"text":"Sec1t5lx"}
COMMAND: GET /session/45c4803ccb022991b937de59045aa266/screenshot - {}
RESULT: {"text":"Sec1t5lx"}
COMMAND: GET /session/45c4803ccb022991b937de59045aa266/screenshot - {}
RESULT: {}
RESULT: {}
COMMAND: POST /session/45c4803ccb022991b937de59045aa266/actions - {"actions":[{"id":"action9","type":"key","parameters":{},"actions":[{"type":"keyDown","value":"î€‡"},{"type":"pause","duration":10},{"type":"keyUp","value":"î€‡"}]}]}
RESULT: {"actions":[{"id":"action9","type":"key","parameters":{},"actions":[{"type":"keyDown","value":"î€‡"},{"type":"pause","duration":10},{"type":"keyUp","value":"î€‡"}]}]}
COMMAND: GET /session/45c4803ccb022991b937de59045aa266/screenshot - {}
RESULT: {}
COMMAND: POST /session/45c4803ccb022991b937de59045aa266/execute/async - {"script":"<script> [1562 bytes]","args":[{"selector":{"id":"application-warehousemovements-display-component---addMovement--addItem-img"},"wdio_ui5_key":"applicationwarehousemovements-display-component---addMovement--addItem-img"}]}
RESULT: {"script":"<script> [1562 bytes]","args":[{"selector":{"id":"application-warehousemovements-display-component---addMovement--addItem-img"},"wdio_ui5_key":"applicationwarehousemovements-display-component---addMovement--addItem-img"}]}
RESULT: undefined
COMMAND: POST /session/45c4803ccb022991b937de59045aa266/element - {"using":"xpath","value":"//*[@id=\"application-warehousemovements-display-component---addMovement--addItem-img\"]"}
RESULT: {"using":"xpath","value":"//*[@id=\"application-warehousemovements-display-component---addMovement--addItem-img\"]"}
COMMAND: POST /session/45c4803ccb022991b937de59045aa266/element/f.F294D51A4D7A026DEC4A34744D0AD0AD.d.EEE91F585CD14F920BE08E9F9E095BB8.e.2752/click - {}
RESULT: {}
COMMAND: POST /session/45c4803ccb022991b937de59045aa266/execute/async - {"script":"<script> [1562 bytes]","args":[{"selector":{"id":"movementItemsPopUp--invSearch","searchOpenDialogs":true,"interaction":{"idSuffix":"I"}},"wdio_ui5_key":"movementItemsPopUpinvSearch"}]}
COMMAND: GET /session/45c4803ccb022991b937de59045aa266/screenshot - {}
RESULT: {"script":"<script> [1562 bytes]","args":[{"selector":{"id":"movementItemsPopUp--invSearch","searchOpenDialogs":true,"interaction":{"idSuffix":"I"}},"wdio_ui5_key":"movementItemsPopUpinvSearch"}]}
RESULT: undefined
COMMAND: POST /session/45c4803ccb022991b937de59045aa266/execute/async - {"script":"<script> [776 bytes]","args":[{"enterText":"WebdriverMatTestumtv6","selector":{"id":"movementItemsPopUp--invSearch","searchOpenDialogs":true,"interaction":{"idSuffix":"I"}},"clearTextFirst":true,"interactionType":"ENTER_TEXT"}]}
RESULT: {}
RESULT: {"script":"<script> [776 bytes]","args":[{"enterText":"WebdriverMatTestumtv6","selector":{"id":"movementItemsPopUp--invSearch","searchOpenDialogs":true,"interaction":{"idSuffix":"I"}},"clearTextFirst":true,"interactionType":"ENTER_TEXT"}]}
COMMAND: POST /session/45c4803ccb022991b937de59045aa266/execute/async - {"script":"<script> [1562 bytes]","args":[{"selector":{"id":"movementItemsPopUp--movementItemsTable-sa","searchOpenDialogs":true,"interaction":{"idSuffix":"CbBg"}},"wdio_ui5_key":"movementItemsPopUpmovementItemsTable-sa"}]}
RESULT: {"script":"<script> [1562 bytes]","args":[{"selector":{"id":"movementItemsPopUp--movementItemsTable-sa","searchOpenDialogs":true,"interaction":{"idSuffix":"CbBg"}},"wdio_ui5_key":"movementItemsPopUpmovementItemsTable-sa"}]}
RESULT: undefined
COMMAND: POST /session/45c4803ccb022991b937de59045aa266/element - {"using":"xpath","value":"//*[@id=\"movementItemsPopUp--movementItemsTable-sa\"]"}
RESULT: {"using":"xpath","value":"//*[@id=\"movementItemsPopUp--movementItemsTable-sa\"]"}
COMMAND: POST /session/45c4803ccb022991b937de59045aa266/element/f.F294D51A4D7A026DEC4A34744D0AD0AD.d.EEE91F585CD14F920BE08E9F9E095BB8.e.2851/click - {}
RESULT: {}
COMMAND: POST /session/45c4803ccb022991b937de59045aa266/execute/async - {"script":"<script> [1562 bytes]","args":[{"selector":{"id":"movementItemsPopUp--createBtn","searchOpenDialogs":true,"interaction":{"idSuffix":"BDI-content"}},"wdio_ui5_key":"movementItemsPopUpcreateBtn"}]}
COMMAND: GET /session/45c4803ccb022991b937de59045aa266/screenshot - {}
RESULT: {"script":"<script> [1562 bytes]","args":[{"selector":{"id":"movementItemsPopUp--createBtn","searchOpenDialogs":true,"interaction":{"idSuffix":"BDI-content"}},"wdio_ui5_key":"movementItemsPopUpcreateBtn"}]}
RESULT: undefined
COMMAND: POST /session/45c4803ccb022991b937de59045aa266/element - {"using":"xpath","value":"//*[@id=\"movementItemsPopUp--createBtn\"]"}
RESULT: {}
RESULT: {"using":"xpath","value":"//*[@id=\"movementItemsPopUp--createBtn\"]"}
COMMAND: POST /session/45c4803ccb022991b937de59045aa266/element/f.F294D51A4D7A026DEC4A34744D0AD0AD.d.EEE91F585CD14F920BE08E9F9E095BB8.e.2853/click - {}
RESULT: {}
COMMAND: GET /session/45c4803ccb022991b937de59045aa266/screenshot - {}
RESULT: {}
COMMAND: POST /session/45c4803ccb022991b937de59045aa266/element - {"using":"css selector","value":"#j_username"}
COMMAND: POST /session/45c4803ccb022991b937de59045aa266/url - {"url":"https://qa-testing-00-live-etm-ui.cfapps.eu10-004.hana.ondemand.com/"}
RESULT: {"using":"css selector","value":"#j_username"}
COMMAND: POST /session/45c4803ccb022991b937de59045aa266/element - {"using":"css selector","value":"#j_username"}
RESULT: {"url":"https://qa-testing-00-live-etm-ui.cfapps.eu10-004.hana.ondemand.com/"}
RESULT: undefined
COMMAND: GET /session/45c4803ccb022991b937de59045aa266/screenshot - {}
RESULT: {"using":"css selector","value":"#j_username"}
COMMAND: POST /session/45c4803ccb022991b937de59045aa266/element - {"using":"css selector","value":"#shell-header-logo"}
RESULT: {}
RESULT: {"using":"css selector","value":"#shell-header-logo"}
COMMAND: POST /session/45c4803ccb022991b937de59045aa266/execute/sync - {"script":"<script> [8489 bytes]","args":[{"element-6066-11e4-a52e-4f735466cecf":"f.F294D51A4D7A026DEC4A34744D0AD0AD.d.5A2169876858DF095C6178B4E3D141C6.e.2867","ELEMENT":"f.F294D51A4D7A026DEC4A34744D0AD0AD.d.5A2169876858DF095C6178B4E3D141C6.e.2867"}]}
RESULT: {"script":"<script> [8489 bytes]","args":[{"element-6066-11e4-a52e-4f735466cecf":"f.F294D51A4D7A026DEC4A34744D0AD0AD.d.5A2169876858DF095C6178B4E3D141C6.e.2867","ELEMENT":"f.F294D51A4D7A026DEC4A34744D0AD0AD.d.5A2169876858DF095C6178B4E3D141C6.e.2867"}]}
COMMAND: POST /session/45c4803ccb022991b937de59045aa266/element - {"using":"css selector","value":"#shell-header-logo"}
COMMAND: GET /session/45c4803ccb022991b937de59045aa266/screenshot - {}
RESULT: {"using":"css selector","value":"#shell-header-logo"}
COMMAND: POST /session/45c4803ccb022991b937de59045aa266/execute/sync - {"script":"<script> [8489 bytes]","args":[{"element-6066-11e4-a52e-4f735466cecf":"f.F294D51A4D7A026DEC4A34744D0AD0AD.d.5A2169876858DF095C6178B4E3D141C6.e.2867","ELEMENT":"f.F294D51A4D7A026DEC4A34744D0AD0AD.d.5A2169876858DF095C6178B4E3D141C6.e.2867"}]}
RESULT: {}
RESULT: {"script":"<script> [8489 bytes]","args":[{"element-6066-11e4-a52e-4f735466cecf":"f.F294D51A4D7A026DEC4A34744D0AD0AD.d.5A2169876858DF095C6178B4E3D141C6.e.2867","ELEMENT":"f.F294D51A4D7A026DEC4A34744D0AD0AD.d.5A2169876858DF095C6178B4E3D141C6.e.2867"}]}
COMMAND: POST /session/45c4803ccb022991b937de59045aa266/execute/sync - {"script":"<script> [5351 bytes]","args":[{"element-6066-11e4-a52e-4f735466cecf":"f.F294D51A4D7A026DEC4A34744D0AD0AD.d.5A2169876858DF095C6178B4E3D141C6.e.2867","ELEMENT":"f.F294D51A4D7A026DEC4A34744D0AD0AD.d.5A2169876858DF095C6178B4E3D141C6.e.2867"}]}
COMMAND: GET /session/45c4803ccb022991b937de59045aa266/screenshot - {}
RESULT: {"script":"<script> [5351 bytes]","args":[{"element-6066-11e4-a52e-4f735466cecf":"f.F294D51A4D7A026DEC4A34744D0AD0AD.d.5A2169876858DF095C6178B4E3D141C6.e.2867","ELEMENT":"f.F294D51A4D7A026DEC4A34744D0AD0AD.d.5A2169876858DF095C6178B4E3D141C6.e.2867"}]}
COMMAND: POST /session/45c4803ccb022991b937de59045aa266/element - {"using":"css selector","value":"#shell-header-logo"}
COMMAND: GET /session/45c4803ccb022991b937de59045aa266/screenshot - {}
RESULT: {}
RESULT: {"using":"css selector","value":"#shell-header-logo"}
COMMAND: POST /session/45c4803ccb022991b937de59045aa266/element/f.F294D51A4D7A026DEC4A34744D0AD0AD.d.5A2169876858DF095C6178B4E3D141C6.e.2867/click - {}
RESULT: {}
RESULT: {}
COMMAND: GET /session/45c4803ccb022991b937de59045aa266/screenshot - {}
RESULT: {}
COMMAND: POST /session/45c4803ccb022991b937de59045aa266/execute/async - {"script":"<script> [189 bytes]","args":[]}
RESULT: {"script":"<script> [189 bytes]","args":[]}
COMMAND: POST /session/45c4803ccb022991b937de59045aa266/execute/async - {"script":"<script> [123 bytes]","args":[]}
RESULT: {"script":"<script> [123 bytes]","args":[]}
COMMAND: POST /session/45c4803ccb022991b937de59045aa266/timeouts - {"script":"<number>"}
RESULT: {"script":"<number>"}
COMMAND: GET /session/45c4803ccb022991b937de59045aa266/timeouts - {}
RESULT: {}
RESULT: undefined
COMMAND: POST /session/45c4803ccb022991b937de59045aa266/execute/async - {"script":"<script> [2676 bytes]","args":[]}
RESULT: {"script":"<script> [2676 bytes]","args":[]}
COMMAND: POST /session/45c4803ccb022991b937de59045aa266/execute/async - {"script":"<script> [2342 bytes]","args":[{"protocol":"http","hostname":"0.0.0.0","path":"/","capabilities":{"browserName":"chrome","goog:chromeOptions":{"binary":"C:\\Program Files\\Google\\Chrome\\Application\\chrome.exe","args":["--start-maximized"]}},"logLevel":"warn","connectionRetryTimeout":120000,"connectionRetryCount":3,"logLevels":{},"enableDirectConnect":true,"strictSSL":true,"_":"65 more keys: [\"cacheDir\",\"port\",\"requestedCapabilities\",\"automationProtocol\",\"baseUrl\",\"waitforInterval\",\"waitforTimeout\",\"onReload\",\"beforeCommand\",\"afterCommand\",\"rootDir\",\"specs\",\"suites\",\"exclude\",\"groupLogsByTestSpec\",\"excludeDriverLogs\",\"bail\",\"framework\",\"reporters\",\"services\",\"maxInstances\",\"maxInstancesPerCapability\",\"injectGlobals\",\"filesToWatch\",\"execArgv\",\"runnerEnv\",\"runner\",\"shard\",\"specFileRetries\",\"specFileRetriesDelay\",\"specFileRetriesDeferred\",\"reporterSyncInterval\",\"reporterSyncTimeout\",\"cucumberFeaturesWithLineNumbers\",\"autoCompileOpts\",\"mochaOpts\",\"jasmineOpts\",\"cucumberOpts\",\"onPrepare\",\"onWorkerStart\",\"onWorkerEnd\",\"before\",\"beforeSession\",\"beforeSuite\",\"beforeHook\",\"beforeTest\",\"afterTest\",\"afterHook\",\"afterSuite\",\"afterSession\",\"after\",\"onComplete\",\"beforeAssertion\",\"afterAssertion\",\"beforeFeature\",\"beforeScenario\",\"beforeStep\",\"afterStep\",\"afterScenario\",\"afterFeature\",\"_\",\"suite\",\"$0\",\"ignoredWorkerServices\",\"wdi5\"]"}]}
RESULT: {"script":"<script> [2342 bytes]","args":[{"protocol":"http","hostname":"0.0.0.0","path":"/","capabilities":{"browserName":"chrome","goog:chromeOptions":{"binary":"C:\\Program Files\\Google\\Chrome\\Application\\chrome.exe","args":["--start-maximized"]}},"logLevel":"warn","connectionRetryTimeout":120000,"connectionRetryCount":3,"logLevels":{},"enableDirectConnect":true,"strictSSL":true,"_":"65 more keys: [\"cacheDir\",\"port\",\"requestedCapabilities\",\"automationProtocol\",\"baseUrl\",\"waitforInterval\",\"waitforTimeout\",\"onReload\",\"beforeCommand\",\"afterCommand\",\"rootDir\",\"specs\",\"suites\",\"exclude\",\"groupLogsByTestSpec\",\"excludeDriverLogs\",\"bail\",\"framework\",\"reporters\",\"services\",\"maxInstances\",\"maxInstancesPerCapability\",\"injectGlobals\",\"filesToWatch\",\"execArgv\",\"runnerEnv\",\"runner\",\"shard\",\"specFileRetries\",\"specFileRetriesDelay\",\"specFileRetriesDeferred\",\"reporterSyncInterval\",\"reporterSyncTimeout\",\"cucumberFeaturesWithLineNumbers\",\"autoCompileOpts\",\"mochaOpts\",\"jasmineOpts\",\"cucumberOpts\",\"onPrepare\",\"onWorkerStart\",\"onWorkerEnd\",\"before\",\"beforeSession\",\"beforeSuite\",\"beforeHook\",\"beforeTest\",\"afterTest\",\"afterHook\",\"afterSuite\",\"afterSession\",\"after\",\"onComplete\",\"beforeAssertion\",\"afterAssertion\",\"beforeFeature\",\"beforeScenario\",\"beforeStep\",\"afterStep\",\"afterScenario\",\"afterFeature\",\"_\",\"suite\",\"$0\",\"ignoredWorkerServices\",\"wdi5\"]"}]}
COMMAND: POST /session/45c4803ccb022991b937de59045aa266/execute/async - {"script":"<script> [21126 bytes]","args":[35000]}
RESULT: {"script":"<script> [21126 bytes]","args":[35000]}
COMMAND: POST /session/45c4803ccb022991b937de59045aa266/window/maximize - {}
RESULT: {}
COMMAND: POST /session/45c4803ccb022991b937de59045aa266/execute/async - {"script":"<script> [1562 bytes]","args":[{"selector":{"id":"shell-header","interaction":{"idSuffix":"icon"}},"wdio_ui5_key":"shellheader"}]}
COMMAND: GET /session/45c4803ccb022991b937de59045aa266/screenshot - {}
RESULT: {"script":"<script> [1562 bytes]","args":[{"selector":{"id":"shell-header","interaction":{"idSuffix":"icon"}},"wdio_ui5_key":"shellheader"}]}
RESULT: undefined
COMMAND: POST /session/45c4803ccb022991b937de59045aa266/refresh - {}
RESULT: {}
RESULT: {}
COMMAND: GET /session/45c4803ccb022991b937de59045aa266/screenshot - {}
RESULT: {}
COMMAND: POST /session/45c4803ccb022991b937de59045aa266/refresh - {}
RESULT: {}
COMMAND: GET /session/45c4803ccb022991b937de59045aa266/screenshot - {}
RESULT: {}
COMMAND: POST /session/45c4803ccb022991b937de59045aa266/window/fullscreen - {}
RESULT: {}
COMMAND: POST /session/45c4803ccb022991b937de59045aa266/execute/async - {"script":"<script> [189 bytes]","args":[]}
RESULT: {"script":"<script> [189 bytes]","args":[]}
COMMAND: POST /session/45c4803ccb022991b937de59045aa266/execute/async - {"script":"<script> [123 bytes]","args":[]}
RESULT: {"script":"<script> [123 bytes]","args":[]}
COMMAND: POST /session/45c4803ccb022991b937de59045aa266/timeouts - {"script":"<number>"}
RESULT: {"script":"<number>"}
COMMAND: GET /session/45c4803ccb022991b937de59045aa266/timeouts - {}
RESULT: {}
RESULT: undefined
COMMAND: POST /session/45c4803ccb022991b937de59045aa266/execute/async - {"script":"<script> [2676 bytes]","args":[]}
RESULT: {"script":"<script> [2676 bytes]","args":[]}
COMMAND: POST /session/45c4803ccb022991b937de59045aa266/execute/async - {"script":"<script> [2342 bytes]","args":[{"protocol":"http","hostname":"0.0.0.0","path":"/","capabilities":{"browserName":"chrome","goog:chromeOptions":{"binary":"C:\\Program Files\\Google\\Chrome\\Application\\chrome.exe","args":["--start-maximized"]}},"logLevel":"warn","connectionRetryTimeout":120000,"connectionRetryCount":3,"logLevels":{},"enableDirectConnect":true,"strictSSL":true,"_":"65 more keys: [\"cacheDir\",\"port\",\"requestedCapabilities\",\"automationProtocol\",\"baseUrl\",\"waitforInterval\",\"waitforTimeout\",\"onReload\",\"beforeCommand\",\"afterCommand\",\"rootDir\",\"specs\",\"suites\",\"exclude\",\"groupLogsByTestSpec\",\"excludeDriverLogs\",\"bail\",\"framework\",\"reporters\",\"services\",\"maxInstances\",\"maxInstancesPerCapability\",\"injectGlobals\",\"filesToWatch\",\"execArgv\",\"runnerEnv\",\"runner\",\"shard\",\"specFileRetries\",\"specFileRetriesDelay\",\"specFileRetriesDeferred\",\"reporterSyncInterval\",\"reporterSyncTimeout\",\"cucumberFeaturesWithLineNumbers\",\"autoCompileOpts\",\"mochaOpts\",\"jasmineOpts\",\"cucumberOpts\",\"onPrepare\",\"onWorkerStart\",\"onWorkerEnd\",\"before\",\"beforeSession\",\"beforeSuite\",\"beforeHook\",\"beforeTest\",\"afterTest\",\"afterHook\",\"afterSuite\",\"afterSession\",\"after\",\"onComplete\",\"beforeAssertion\",\"afterAssertion\",\"beforeFeature\",\"beforeScenario\",\"beforeStep\",\"afterStep\",\"afterScenario\",\"afterFeature\",\"_\",\"suite\",\"$0\",\"ignoredWorkerServices\",\"wdi5\"]"}]}
RESULT: {"script":"<script> [2342 bytes]","args":[{"protocol":"http","hostname":"0.0.0.0","path":"/","capabilities":{"browserName":"chrome","goog:chromeOptions":{"binary":"C:\\Program Files\\Google\\Chrome\\Application\\chrome.exe","args":["--start-maximized"]}},"logLevel":"warn","connectionRetryTimeout":120000,"connectionRetryCount":3,"logLevels":{},"enableDirectConnect":true,"strictSSL":true,"_":"65 more keys: [\"cacheDir\",\"port\",\"requestedCapabilities\",\"automationProtocol\",\"baseUrl\",\"waitforInterval\",\"waitforTimeout\",\"onReload\",\"beforeCommand\",\"afterCommand\",\"rootDir\",\"specs\",\"suites\",\"exclude\",\"groupLogsByTestSpec\",\"excludeDriverLogs\",\"bail\",\"framework\",\"reporters\",\"services\",\"maxInstances\",\"maxInstancesPerCapability\",\"injectGlobals\",\"filesToWatch\",\"execArgv\",\"runnerEnv\",\"runner\",\"shard\",\"specFileRetries\",\"specFileRetriesDelay\",\"specFileRetriesDeferred\",\"reporterSyncInterval\",\"reporterSyncTimeout\",\"cucumberFeaturesWithLineNumbers\",\"autoCompileOpts\",\"mochaOpts\",\"jasmineOpts\",\"cucumberOpts\",\"onPrepare\",\"onWorkerStart\",\"onWorkerEnd\",\"before\",\"beforeSession\",\"beforeSuite\",\"beforeHook\",\"beforeTest\",\"afterTest\",\"afterHook\",\"afterSuite\",\"afterSession\",\"after\",\"onComplete\",\"beforeAssertion\",\"afterAssertion\",\"beforeFeature\",\"beforeScenario\",\"beforeStep\",\"afterStep\",\"afterScenario\",\"afterFeature\",\"_\",\"suite\",\"$0\",\"ignoredWorkerServices\",\"wdi5\"]"}]}
COMMAND: POST /session/45c4803ccb022991b937de59045aa266/execute/async - {"script":"<script> [21126 bytes]","args":[35000]}
RESULT: {"script":"<script> [21126 bytes]","args":[35000]}
]]></system-out>
    </testcase>
  </testsuite>
  <testsuite timestamp="2025-06-04T05:47:35" time="747.432" tests="7" failures="2" errors="2" skipped="0">
    <properties>
      <property name="specId" value="0" />
      <property name="suiteName" value="Create masterdata for Yard Overview - trigger provide US130988" />
      <property name="capabilities" value="chrome.136_0_7103_93.windows" />
      <property name="file" value="file:///D:/a/1/s/test/specs/HTR/yard-movement-putaways.spec.js" />
    </properties>
    <testcase classname="chrome.136_0_7103_93.windows.Create_masterdata_for_Yard_Overview_-_trigger_provide_US130988" name="Should create a new WHM yard" time="129.41">
      <system-out><![CDATA[
COMMAND: POST /session/45c4803ccb022991b937de59045aa266/window/fullscreen - {}
RESULT: {}
COMMAND: POST /session/45c4803ccb022991b937de59045aa266/execute/async - {"script":"<script> [1562 bytes]","args":[{"selector":{"controlType":"sap.m.GenericTile","properties":{"header":"Manage Yards"}},"wdio_ui5_key":"sapm.GenericTile{\"header\":\"Manage Yards\"}"}]}
RESULT: {"script":"<script> [1562 bytes]","args":[{"selector":{"controlType":"sap.m.GenericTile","properties":{"header":"Manage Yards"}},"wdio_ui5_key":"sapm.GenericTile{\"header\":\"Manage Yards\"}"}]}
RESULT: undefined
COMMAND: POST /session/45c4803ccb022991b937de59045aa266/element - {"using":"xpath","value":"//*[@id=\"__tile41\"]"}
RESULT: {"using":"xpath","value":"//*[@id=\"__tile41\"]"}
COMMAND: POST /session/45c4803ccb022991b937de59045aa266/element/f.F294D51A4D7A026DEC4A34744D0AD0AD.d.8E43AC4F934DD953CB31D2AA7FF1A962.e.2919/click - {}
RESULT: {}
COMMAND: GET /session/45c4803ccb022991b937de59045aa266/screenshot - {}
RESULT: {}
COMMAND: POST /session/45c4803ccb022991b937de59045aa266/elements - {"using":"xpath","value":"//span[text()='Error']"}
RESULT: {"using":"xpath","value":"//span[text()='Error']"}
COMMAND: POST /session/45c4803ccb022991b937de59045aa266/element - {"using":"xpath","value":"//button[@data-kt=\"addNewYardOverflowToolbarButton\"]"}
RESULT: {"using":"xpath","value":"//button[@data-kt=\"addNewYardOverflowToolbarButton\"]"}
COMMAND: POST /session/45c4803ccb022991b937de59045aa266/elements - {"using":"xpath","value":"//button[@data-kt=\"addNewYardOverflowToolbarButton\"]"}
RESULT: {"using":"xpath","value":"//button[@data-kt=\"addNewYardOverflowToolbarButton\"]"}
COMMAND: POST /session/45c4803ccb022991b937de59045aa266/execute/sync - {"script":"<script> [8489 bytes]","args":[{"element-6066-11e4-a52e-4f735466cecf":"f.F294D51A4D7A026DEC4A34744D0AD0AD.d.8E43AC4F934DD953CB31D2AA7FF1A962.e.3064","ELEMENT":"f.F294D51A4D7A026DEC4A34744D0AD0AD.d.8E43AC4F934DD953CB31D2AA7FF1A962.e.3064"}]}
RESULT: {"script":"<script> [8489 bytes]","args":[{"element-6066-11e4-a52e-4f735466cecf":"f.F294D51A4D7A026DEC4A34744D0AD0AD.d.8E43AC4F934DD953CB31D2AA7FF1A962.e.3064","ELEMENT":"f.F294D51A4D7A026DEC4A34744D0AD0AD.d.8E43AC4F934DD953CB31D2AA7FF1A962.e.3064"}]}
COMMAND: GET /session/45c4803ccb022991b937de59045aa266/element/f.F294D51A4D7A026DEC4A34744D0AD0AD.d.8E43AC4F934DD953CB31D2AA7FF1A962.e.3064/enabled - {}
COMMAND: GET /session/45c4803ccb022991b937de59045aa266/screenshot - {}
RESULT: {}
COMMAND: POST /session/45c4803ccb022991b937de59045aa266/execute/sync - {"script":"<script> [8489 bytes]","args":[{"element-6066-11e4-a52e-4f735466cecf":"f.F294D51A4D7A026DEC4A34744D0AD0AD.d.8E43AC4F934DD953CB31D2AA7FF1A962.e.3064","ELEMENT":"f.F294D51A4D7A026DEC4A34744D0AD0AD.d.8E43AC4F934DD953CB31D2AA7FF1A962.e.3064"}]}
COMMAND: GET /session/45c4803ccb022991b937de59045aa266/screenshot - {}
RESULT: {}
RESULT: {"script":"<script> [8489 bytes]","args":[{"element-6066-11e4-a52e-4f735466cecf":"f.F294D51A4D7A026DEC4A34744D0AD0AD.d.8E43AC4F934DD953CB31D2AA7FF1A962.e.3064","ELEMENT":"f.F294D51A4D7A026DEC4A34744D0AD0AD.d.8E43AC4F934DD953CB31D2AA7FF1A962.e.3064"}]}
COMMAND: POST /session/45c4803ccb022991b937de59045aa266/execute/sync - {"script":"<script> [5351 bytes]","args":[{"element-6066-11e4-a52e-4f735466cecf":"f.F294D51A4D7A026DEC4A34744D0AD0AD.d.8E43AC4F934DD953CB31D2AA7FF1A962.e.3064","ELEMENT":"f.F294D51A4D7A026DEC4A34744D0AD0AD.d.8E43AC4F934DD953CB31D2AA7FF1A962.e.3064"}]}
COMMAND: GET /session/45c4803ccb022991b937de59045aa266/screenshot - {}
RESULT: {}
RESULT: {"script":"<script> [5351 bytes]","args":[{"element-6066-11e4-a52e-4f735466cecf":"f.F294D51A4D7A026DEC4A34744D0AD0AD.d.8E43AC4F934DD953CB31D2AA7FF1A962.e.3064","ELEMENT":"f.F294D51A4D7A026DEC4A34744D0AD0AD.d.8E43AC4F934DD953CB31D2AA7FF1A962.e.3064"}]}
COMMAND: POST /session/45c4803ccb022991b937de59045aa266/element/f.F294D51A4D7A026DEC4A34744D0AD0AD.d.8E43AC4F934DD953CB31D2AA7FF1A962.e.3064/click - {}
COMMAND: GET /session/45c4803ccb022991b937de59045aa266/screenshot - {}
RESULT: {}
RESULT: {}
COMMAND: GET /session/45c4803ccb022991b937de59045aa266/screenshot - {}
RESULT: {}
COMMAND: POST /session/45c4803ccb022991b937de59045aa266/element - {"using":"xpath","value":"//input[@id=\"application-manageyards-display-component---NewYard--yardId-inner\"]"}
RESULT: {}
RESULT: {"using":"xpath","value":"//input[@id=\"application-manageyards-display-component---NewYard--yardId-inner\"]"}
COMMAND: POST /session/45c4803ccb022991b937de59045aa266/element - {"using":"xpath","value":"//input[@id=\"application-manageyards-display-component---NewYard--yardId-inner\"]"}
RESULT: {"using":"xpath","value":"//input[@id=\"application-manageyards-display-component---NewYard--yardId-inner\"]"}
COMMAND: POST /session/45c4803ccb022991b937de59045aa266/execute/async - {"script":"<script> [1562 bytes]","args":[{"selector":{"id":"application-manageyards-display-component---NewYard--addressDetailDetailsName1","interaction":{"idSuffix":"inner"}},"wdio_ui5_key":"applicationmanageyards-display-component---NewYard--addressDetailDetailsName1"}]}
RESULT: {"script":"<script> [1562 bytes]","args":[{"selector":{"id":"application-manageyards-display-component---NewYard--addressDetailDetailsName1","interaction":{"idSuffix":"inner"}},"wdio_ui5_key":"applicationmanageyards-display-component---NewYard--addressDetailDetailsName1"}]}
RESULT: undefined
COMMAND: POST /session/45c4803ccb022991b937de59045aa266/execute/async - {"script":"<script> [776 bytes]","args":[{"enterText":"Warehouse Managed WDIO","selector":{"id":"application-manageyards-display-component---NewYard--addressDetailDetailsName1","interaction":{"idSuffix":"inner"}},"clearTextFirst":true,"interactionType":"ENTER_TEXT"}]}
RESULT: {"script":"<script> [776 bytes]","args":[{"enterText":"Warehouse Managed WDIO","selector":{"id":"application-manageyards-display-component---NewYard--addressDetailDetailsName1","interaction":{"idSuffix":"inner"}},"clearTextFirst":true,"interactionType":"ENTER_TEXT"}]}
COMMAND: POST /session/45c4803ccb022991b937de59045aa266/execute/async - {"script":"<script> [1562 bytes]","args":[{"selector":{"id":"application-manageyards-display-component---NewYard--addressDetailDetailsLanguage-arrow"},"wdio_ui5_key":"applicationmanageyards-display-component---NewYard--addressDetailDetailsLanguage-arrow"}]}
RESULT: {"script":"<script> [1562 bytes]","args":[{"selector":{"id":"application-manageyards-display-component---NewYard--addressDetailDetailsLanguage-arrow"},"wdio_ui5_key":"applicationmanageyards-display-component---NewYard--addressDetailDetailsLanguage-arrow"}]}
RESULT: undefined
COMMAND: POST /session/45c4803ccb022991b937de59045aa266/element - {"using":"xpath","value":"//*[@id=\"application-manageyards-display-component---NewYard--addressDetailDetailsLanguage-arrow\"]"}
RESULT: {"using":"xpath","value":"//*[@id=\"application-manageyards-display-component---NewYard--addressDetailDetailsLanguage-arrow\"]"}
COMMAND: POST /session/45c4803ccb022991b937de59045aa266/element/f.F294D51A4D7A026DEC4A34744D0AD0AD.d.8E43AC4F934DD953CB31D2AA7FF1A962.e.3484/click - {}
RESULT: {}
COMMAND: POST /session/45c4803ccb022991b937de59045aa266/element - {"using":"xpath","value":"//span[contains(text(), \"English\")]"}
COMMAND: GET /session/45c4803ccb022991b937de59045aa266/screenshot - {}
RESULT: {"using":"xpath","value":"//span[contains(text(), \"English\")]"}
COMMAND: POST /session/45c4803ccb022991b937de59045aa266/element/f.F294D51A4D7A026DEC4A34744D0AD0AD.d.8E43AC4F934DD953CB31D2AA7FF1A962.e.3485/click - {}
RESULT: {}
RESULT: {}
COMMAND: POST /session/45c4803ccb022991b937de59045aa266/execute/async - {"script":"<script> [1562 bytes]","args":[{"selector":{"id":"application-manageyards-display-component---NewYard--addressDetailDetailsCity1","interaction":{"idSuffix":"inner"}},"wdio_ui5_key":"applicationmanageyards-display-component---NewYard--addressDetailDetailsCity1"}]}
COMMAND: GET /session/45c4803ccb022991b937de59045aa266/screenshot - {}
RESULT: {"script":"<script> [1562 bytes]","args":[{"selector":{"id":"application-manageyards-display-component---NewYard--addressDetailDetailsCity1","interaction":{"idSuffix":"inner"}},"wdio_ui5_key":"applicationmanageyards-display-component---NewYard--addressDetailDetailsCity1"}]}
RESULT: undefined
COMMAND: POST /session/45c4803ccb022991b937de59045aa266/execute/async - {"script":"<script> [776 bytes]","args":[{"enterText":"Rosario","selector":{"id":"application-manageyards-display-component---NewYard--addressDetailDetailsCity1","interaction":{"idSuffix":"inner"}},"clearTextFirst":true,"interactionType":"ENTER_TEXT"}]}
RESULT: {}
RESULT: {"script":"<script> [776 bytes]","args":[{"enterText":"Rosario","selector":{"id":"application-manageyards-display-component---NewYard--addressDetailDetailsCity1","interaction":{"idSuffix":"inner"}},"clearTextFirst":true,"interactionType":"ENTER_TEXT"}]}
COMMAND: POST /session/45c4803ccb022991b937de59045aa266/execute/async - {"script":"<script> [1562 bytes]","args":[{"selector":{"id":"application-manageyards-display-component---NewYard--addressDetailDetailsCountry-arrow"},"wdio_ui5_key":"applicationmanageyards-display-component---NewYard--addressDetailDetailsCountry-arrow"}]}
RESULT: {"script":"<script> [1562 bytes]","args":[{"selector":{"id":"application-manageyards-display-component---NewYard--addressDetailDetailsCountry-arrow"},"wdio_ui5_key":"applicationmanageyards-display-component---NewYard--addressDetailDetailsCountry-arrow"}]}
RESULT: undefined
COMMAND: POST /session/45c4803ccb022991b937de59045aa266/element - {"using":"xpath","value":"//*[@id=\"application-manageyards-display-component---NewYard--addressDetailDetailsCountry-arrow\"]"}
RESULT: {"using":"xpath","value":"//*[@id=\"application-manageyards-display-component---NewYard--addressDetailDetailsCountry-arrow\"]"}
COMMAND: POST /session/45c4803ccb022991b937de59045aa266/element/f.F294D51A4D7A026DEC4A34744D0AD0AD.d.8E43AC4F934DD953CB31D2AA7FF1A962.e.3487/click - {}
RESULT: {}
COMMAND: POST /session/45c4803ccb022991b937de59045aa266/element - {"using":"xpath","value":"//span[contains(text(), \"Argentina\")]"}
COMMAND: GET /session/45c4803ccb022991b937de59045aa266/screenshot - {}
RESULT: {"using":"xpath","value":"//span[contains(text(), \"Argentina\")]"}
COMMAND: POST /session/45c4803ccb022991b937de59045aa266/element/f.F294D51A4D7A026DEC4A34744D0AD0AD.d.8E43AC4F934DD953CB31D2AA7FF1A962.e.3488/click - {}
RESULT: {}
RESULT: {}
COMMAND: POST /session/45c4803ccb022991b937de59045aa266/execute/async - {"script":"<script> [1562 bytes]","args":[{"selector":{"id":"application-manageyards-display-component---NewYard--addressEditDetailsCostObjectCstType-arrow"},"wdio_ui5_key":"applicationmanageyards-display-component---NewYard--addressEditDetailsCostObjectCstType-arrow"}]}
COMMAND: GET /session/45c4803ccb022991b937de59045aa266/screenshot - {}
RESULT: {"script":"<script> [1562 bytes]","args":[{"selector":{"id":"application-manageyards-display-component---NewYard--addressEditDetailsCostObjectCstType-arrow"},"wdio_ui5_key":"applicationmanageyards-display-component---NewYard--addressEditDetailsCostObjectCstType-arrow"}]}
RESULT: undefined
COMMAND: POST /session/45c4803ccb022991b937de59045aa266/element - {"using":"xpath","value":"//*[@id=\"application-manageyards-display-component---NewYard--addressEditDetailsCostObjectCstType-arrow\"]"}
RESULT: {}
RESULT: {"using":"xpath","value":"//*[@id=\"application-manageyards-display-component---NewYard--addressEditDetailsCostObjectCstType-arrow\"]"}
COMMAND: POST /session/45c4803ccb022991b937de59045aa266/element/f.F294D51A4D7A026DEC4A34744D0AD0AD.d.8E43AC4F934DD953CB31D2AA7FF1A962.e.3490/click - {}
RESULT: {}
COMMAND: POST /session/45c4803ccb022991b937de59045aa266/element - {"using":"xpath","value":"//span[contains(text(), \"Cost Center\")]"}
COMMAND: GET /session/45c4803ccb022991b937de59045aa266/screenshot - {}
RESULT: {"using":"xpath","value":"//span[contains(text(), \"Cost Center\")]"}
COMMAND: POST /session/45c4803ccb022991b937de59045aa266/element/f.F294D51A4D7A026DEC4A34744D0AD0AD.d.8E43AC4F934DD953CB31D2AA7FF1A962.e.3491/click - {}
RESULT: {}
RESULT: {}
COMMAND: GET /session/45c4803ccb022991b937de59045aa266/screenshot - {}
RESULT: {}
COMMAND: POST /session/45c4803ccb022991b937de59045aa266/element - {"using":"xpath","value":"//span[@id=\"application-manageyards-display-component---NewYard--addressNewCostObjectCstID-vhi\"]"}
RESULT: {"using":"xpath","value":"//span[@id=\"application-manageyards-display-component---NewYard--addressNewCostObjectCstID-vhi\"]"}
COMMAND: POST /session/45c4803ccb022991b937de59045aa266/execute/sync - {"script":"<script> [8489 bytes]","args":[{"element-6066-11e4-a52e-4f735466cecf":"f.F294D51A4D7A026DEC4A34744D0AD0AD.d.8E43AC4F934DD953CB31D2AA7FF1A962.e.3495","ELEMENT":"f.F294D51A4D7A026DEC4A34744D0AD0AD.d.8E43AC4F934DD953CB31D2AA7FF1A962.e.3495"}]}
RESULT: {"script":"<script> [8489 bytes]","args":[{"element-6066-11e4-a52e-4f735466cecf":"f.F294D51A4D7A026DEC4A34744D0AD0AD.d.8E43AC4F934DD953CB31D2AA7FF1A962.e.3495","ELEMENT":"f.F294D51A4D7A026DEC4A34744D0AD0AD.d.8E43AC4F934DD953CB31D2AA7FF1A962.e.3495"}]}
COMMAND: POST /session/45c4803ccb022991b937de59045aa266/execute/async - {"script":"<script> [1562 bytes]","args":[{"selector":{"id":"application-manageyards-display-component---NewYard--addressNewCostObjectCstID-vhi"},"wdio_ui5_key":"applicationmanageyards-display-component---NewYard--addressNewCostObjectCstID-vhi"}]}
COMMAND: GET /session/45c4803ccb022991b937de59045aa266/screenshot - {}
RESULT: {"script":"<script> [1562 bytes]","args":[{"selector":{"id":"application-manageyards-display-component---NewYard--addressNewCostObjectCstID-vhi"},"wdio_ui5_key":"applicationmanageyards-display-component---NewYard--addressNewCostObjectCstID-vhi"}]}
RESULT: undefined
COMMAND: POST /session/45c4803ccb022991b937de59045aa266/element - {"using":"xpath","value":"//*[@id=\"application-manageyards-display-component---NewYard--addressNewCostObjectCstID-vhi\"]"}
RESULT: {}
RESULT: {"using":"xpath","value":"//*[@id=\"application-manageyards-display-component---NewYard--addressNewCostObjectCstID-vhi\"]"}
COMMAND: POST /session/45c4803ccb022991b937de59045aa266/element/f.F294D51A4D7A026DEC4A34744D0AD0AD.d.8E43AC4F934DD953CB31D2AA7FF1A962.e.3495/click - {}
RESULT: {}
COMMAND: GET /session/45c4803ccb022991b937de59045aa266/screenshot - {}
RESULT: {}
COMMAND: POST /session/45c4803ccb022991b937de59045aa266/execute/async - {"script":"<script> [1562 bytes]","args":[{"selector":{"controlType":"sap.m.SearchField","properties":{"placeholder":"Search"},"searchOpenDialogs":true,"interaction":{"idSuffix":"I"}},"wdio_ui5_key":"sapm.SearchField{\"placeholder\":\"Search\"}"}]}
RESULT: {"script":"<script> [1562 bytes]","args":[{"selector":{"controlType":"sap.m.SearchField","properties":{"placeholder":"Search"},"searchOpenDialogs":true,"interaction":{"idSuffix":"I"}},"wdio_ui5_key":"sapm.SearchField{\"placeholder\":\"Search\"}"}]}
RESULT: undefined
COMMAND: POST /session/45c4803ccb022991b937de59045aa266/execute/async - {"script":"<script> [776 bytes]","args":[{"enterText":"bauh_b","selector":{"controlType":"sap.m.SearchField","properties":{"placeholder":"Search"},"searchOpenDialogs":true,"interaction":{"idSuffix":"I"}},"clearTextFirst":true,"interactionType":"ENTER_TEXT"}]}
RESULT: {"script":"<script> [776 bytes]","args":[{"enterText":"bauh_b","selector":{"controlType":"sap.m.SearchField","properties":{"placeholder":"Search"},"searchOpenDialogs":true,"interaction":{"idSuffix":"I"}},"clearTextFirst":true,"interactionType":"ENTER_TEXT"}]}
COMMAND: POST /session/45c4803ccb022991b937de59045aa266/actions - {"actions":[{"id":"action10","type":"key","parameters":{},"actions":[{"type":"keyDown","value":"î€‡"},{"type":"pause","duration":10},{"type":"keyUp","value":"î€‡"}]}]}
RESULT: {"actions":[{"id":"action10","type":"key","parameters":{},"actions":[{"type":"keyDown","value":"î€‡"},{"type":"pause","duration":10},{"type":"keyUp","value":"î€‡"}]}]}
COMMAND: GET /session/45c4803ccb022991b937de59045aa266/screenshot - {}
RESULT: {}
COMMAND: POST /session/45c4803ccb022991b937de59045aa266/element - {"using":"xpath","value":"//span[contains(text(), \"Demo Yard\")]"}
RESULT: {"using":"xpath","value":"//span[contains(text(), \"Demo Yard\")]"}
COMMAND: POST /session/45c4803ccb022991b937de59045aa266/element/f.F294D51A4D7A026DEC4A34744D0AD0AD.d.8E43AC4F934DD953CB31D2AA7FF1A962.e.3537/click - {}
RESULT: {}
COMMAND: GET /session/45c4803ccb022991b937de59045aa266/screenshot - {}
RESULT: {}
COMMAND: POST /session/45c4803ccb022991b937de59045aa266/element - {"using":"xpath","value":"//bdi[contains(text(), \"OK\")]"}
RESULT: {"using":"xpath","value":"//bdi[contains(text(), \"OK\")]"}
COMMAND: POST /session/45c4803ccb022991b937de59045aa266/element/f.F294D51A4D7A026DEC4A34744D0AD0AD.d.8E43AC4F934DD953CB31D2AA7FF1A962.e.3538/click - {}
RESULT: {}
COMMAND: GET /session/45c4803ccb022991b937de59045aa266/screenshot - {}
RESULT: {}
COMMAND: POST /session/45c4803ccb022991b937de59045aa266/execute/async - {"script":"<script> [1562 bytes]","args":[{"selector":{"id":"application-manageyards-display-component---NewYard--addressEditDetailsCurrency-arrow"},"wdio_ui5_key":"applicationmanageyards-display-component---NewYard--addressEditDetailsCurrency-arrow"}]}
RESULT: {"script":"<script> [1562 bytes]","args":[{"selector":{"id":"application-manageyards-display-component---NewYard--addressEditDetailsCurrency-arrow"},"wdio_ui5_key":"applicationmanageyards-display-component---NewYard--addressEditDetailsCurrency-arrow"}]}
RESULT: undefined
COMMAND: POST /session/45c4803ccb022991b937de59045aa266/element - {"using":"xpath","value":"//*[@id=\"application-manageyards-display-component---NewYard--addressEditDetailsCurrency-arrow\"]"}
RESULT: {"using":"xpath","value":"//*[@id=\"application-manageyards-display-component---NewYard--addressEditDetailsCurrency-arrow\"]"}
COMMAND: POST /session/45c4803ccb022991b937de59045aa266/element/f.F294D51A4D7A026DEC4A34744D0AD0AD.d.8E43AC4F934DD953CB31D2AA7FF1A962.e.3541/click - {}
RESULT: {}
COMMAND: POST /session/45c4803ccb022991b937de59045aa266/element - {"using":"xpath","value":"//span[contains(text(), \"Euro\")]"}
COMMAND: GET /session/45c4803ccb022991b937de59045aa266/screenshot - {}
RESULT: {"using":"xpath","value":"//span[contains(text(), \"Euro\")]"}
COMMAND: POST /session/45c4803ccb022991b937de59045aa266/element/f.F294D51A4D7A026DEC4A34744D0AD0AD.d.8E43AC4F934DD953CB31D2AA7FF1A962.e.3542/click - {}
RESULT: {}
RESULT: {}
COMMAND: POST /session/45c4803ccb022991b937de59045aa266/execute/async - {"script":"<script> [1562 bytes]","args":[{"selector":{"controlType":"sap.m.Input","viewName":"etm.portal.ui.manageyards.view.New","viewId":"application-manageyards-display-component---NewYard","bindingPath":{"path":"","propertyPath":"/CONTROLLING_AREA","modelName":"NewYardModel"},"interaction":{"idSuffix":"inner"}},"wdio_ui5_key":"etmportal.ui.manageyards.view.Newsap.m.Input{\"path\":\"\",\"propertyPath\":\"/CONTROLLING_AREA\",\"modelName\":\"NewYardModel\"}"}]}
COMMAND: GET /session/45c4803ccb022991b937de59045aa266/screenshot - {}
RESULT: {"script":"<script> [1562 bytes]","args":[{"selector":{"controlType":"sap.m.Input","viewName":"etm.portal.ui.manageyards.view.New","viewId":"application-manageyards-display-component---NewYard","bindingPath":{"path":"","propertyPath":"/CONTROLLING_AREA","modelName":"NewYardModel"},"interaction":{"idSuffix":"inner"}},"wdio_ui5_key":"etmportal.ui.manageyards.view.Newsap.m.Input{\"path\":\"\",\"propertyPath\":\"/CONTROLLING_AREA\",\"modelName\":\"NewYardModel\"}"}]}
RESULT: undefined
COMMAND: POST /session/45c4803ccb022991b937de59045aa266/execute/async - {"script":"<script> [776 bytes]","args":[{"enterText":"Z001","selector":{"controlType":"sap.m.Input","viewName":"etm.portal.ui.manageyards.view.New","viewId":"application-manageyards-display-component---NewYard","bindingPath":{"path":"","propertyPath":"/CONTROLLING_AREA","modelName":"NewYardModel"},"interaction":{"idSuffix":"inner"}},"clearTextFirst":true,"interactionType":"ENTER_TEXT"}]}
RESULT: {}
RESULT: {"script":"<script> [776 bytes]","args":[{"enterText":"Z001","selector":{"controlType":"sap.m.Input","viewName":"etm.portal.ui.manageyards.view.New","viewId":"application-manageyards-display-component---NewYard","bindingPath":{"path":"","propertyPath":"/CONTROLLING_AREA","modelName":"NewYardModel"},"interaction":{"idSuffix":"inner"}},"clearTextFirst":true,"interactionType":"ENTER_TEXT"}]}
COMMAND: POST /session/45c4803ccb022991b937de59045aa266/execute/async - {"script":"<script> [1562 bytes]","args":[{"selector":{"id":"application-manageyards-display-component---NewYard--companyCodeComboBox","interaction":{"idSuffix":"inner"}},"wdio_ui5_key":"applicationmanageyards-display-component---NewYard--companyCodeComboBox"}]}
RESULT: {"script":"<script> [1562 bytes]","args":[{"selector":{"id":"application-manageyards-display-component---NewYard--companyCodeComboBox","interaction":{"idSuffix":"inner"}},"wdio_ui5_key":"applicationmanageyards-display-component---NewYard--companyCodeComboBox"}]}
RESULT: undefined
COMMAND: POST /session/45c4803ccb022991b937de59045aa266/execute/async - {"script":"<script> [776 bytes]","args":[{"enterText":"1000","selector":{"id":"application-manageyards-display-component---NewYard--companyCodeComboBox","interaction":{"idSuffix":"inner"}},"clearTextFirst":true,"interactionType":"ENTER_TEXT"}]}
RESULT: {"script":"<script> [776 bytes]","args":[{"enterText":"1000","selector":{"id":"application-manageyards-display-component---NewYard--companyCodeComboBox","interaction":{"idSuffix":"inner"}},"clearTextFirst":true,"interactionType":"ENTER_TEXT"}]}
COMMAND: POST /session/45c4803ccb022991b937de59045aa266/execute/async - {"script":"<script> [1562 bytes]","args":[{"selector":{"controlType":"sap.m.Input","viewName":"etm.portal.ui.manageyards.view.New","viewId":"application-manageyards-display-component---NewYard","bindingPath":{"path":"","propertyPath":"/PLANT","modelName":"NewYardModel"},"interaction":{"idSuffix":"inner"}},"wdio_ui5_key":"etmportal.ui.manageyards.view.Newsap.m.Input{\"path\":\"\",\"propertyPath\":\"/PLANT\",\"modelName\":\"NewYardModel\"}"}]}
RESULT: {"script":"<script> [1562 bytes]","args":[{"selector":{"controlType":"sap.m.Input","viewName":"etm.portal.ui.manageyards.view.New","viewId":"application-manageyards-display-component---NewYard","bindingPath":{"path":"","propertyPath":"/PLANT","modelName":"NewYardModel"},"interaction":{"idSuffix":"inner"}},"wdio_ui5_key":"etmportal.ui.manageyards.view.Newsap.m.Input{\"path\":\"\",\"propertyPath\":\"/PLANT\",\"modelName\":\"NewYardModel\"}"}]}
RESULT: undefined
COMMAND: POST /session/45c4803ccb022991b937de59045aa266/execute/async - {"script":"<script> [776 bytes]","args":[{"enterText":"1001","selector":{"controlType":"sap.m.Input","viewName":"etm.portal.ui.manageyards.view.New","viewId":"application-manageyards-display-component---NewYard","bindingPath":{"path":"","propertyPath":"/PLANT","modelName":"NewYardModel"},"interaction":{"idSuffix":"inner"}},"clearTextFirst":true,"interactionType":"ENTER_TEXT"}]}
RESULT: {"script":"<script> [776 bytes]","args":[{"enterText":"1001","selector":{"controlType":"sap.m.Input","viewName":"etm.portal.ui.manageyards.view.New","viewId":"application-manageyards-display-component---NewYard","bindingPath":{"path":"","propertyPath":"/PLANT","modelName":"NewYardModel"},"interaction":{"idSuffix":"inner"}},"clearTextFirst":true,"interactionType":"ENTER_TEXT"}]}
COMMAND: POST /session/45c4803ccb022991b937de59045aa266/execute/async - {"script":"<script> [1562 bytes]","args":[{"selector":{"controlType":"sap.m.Input","viewName":"etm.portal.ui.manageyards.view.New","viewId":"application-manageyards-display-component---NewYard","bindingPath":{"path":"","propertyPath":"/SALES_AREA_VKORG","modelName":"NewYardModel"},"interaction":{"idSuffix":"inner"}},"wdio_ui5_key":"etmportal.ui.manageyards.view.Newsap.m.Input{\"path\":\"\",\"propertyPath\":\"/SALES_AREA_VKORG\",\"modelName\":\"NewYardModel\"}"}]}
RESULT: {"script":"<script> [1562 bytes]","args":[{"selector":{"controlType":"sap.m.Input","viewName":"etm.portal.ui.manageyards.view.New","viewId":"application-manageyards-display-component---NewYard","bindingPath":{"path":"","propertyPath":"/SALES_AREA_VKORG","modelName":"NewYardModel"},"interaction":{"idSuffix":"inner"}},"wdio_ui5_key":"etmportal.ui.manageyards.view.Newsap.m.Input{\"path\":\"\",\"propertyPath\":\"/SALES_AREA_VKORG\",\"modelName\":\"NewYardModel\"}"}]}
RESULT: undefined
COMMAND: POST /session/45c4803ccb022991b937de59045aa266/execute/async - {"script":"<script> [776 bytes]","args":[{"enterText":"C002","selector":{"controlType":"sap.m.Input","viewName":"etm.portal.ui.manageyards.view.New","viewId":"application-manageyards-display-component---NewYard","bindingPath":{"path":"","propertyPath":"/SALES_AREA_VKORG","modelName":"NewYardModel"},"interaction":{"idSuffix":"inner"}},"clearTextFirst":true,"interactionType":"ENTER_TEXT"}]}
RESULT: {"script":"<script> [776 bytes]","args":[{"enterText":"C002","selector":{"controlType":"sap.m.Input","viewName":"etm.portal.ui.manageyards.view.New","viewId":"application-manageyards-display-component---NewYard","bindingPath":{"path":"","propertyPath":"/SALES_AREA_VKORG","modelName":"NewYardModel"},"interaction":{"idSuffix":"inner"}},"clearTextFirst":true,"interactionType":"ENTER_TEXT"}]}
COMMAND: POST /session/45c4803ccb022991b937de59045aa266/execute/async - {"script":"<script> [1562 bytes]","args":[{"selector":{"controlType":"sap.m.Input","viewName":"etm.portal.ui.manageyards.view.New","viewId":"application-manageyards-display-component---NewYard","bindingPath":{"path":"","propertyPath":"/SALES_AREA_VTWEG","modelName":"NewYardModel"},"interaction":{"idSuffix":"inner"}},"wdio_ui5_key":"etmportal.ui.manageyards.view.Newsap.m.Input{\"path\":\"\",\"propertyPath\":\"/SALES_AREA_VTWEG\",\"modelName\":\"NewYardModel\"}"}]}
RESULT: {"script":"<script> [1562 bytes]","args":[{"selector":{"controlType":"sap.m.Input","viewName":"etm.portal.ui.manageyards.view.New","viewId":"application-manageyards-display-component---NewYard","bindingPath":{"path":"","propertyPath":"/SALES_AREA_VTWEG","modelName":"NewYardModel"},"interaction":{"idSuffix":"inner"}},"wdio_ui5_key":"etmportal.ui.manageyards.view.Newsap.m.Input{\"path\":\"\",\"propertyPath\":\"/SALES_AREA_VTWEG\",\"modelName\":\"NewYardModel\"}"}]}
RESULT: undefined
COMMAND: POST /session/45c4803ccb022991b937de59045aa266/execute/async - {"script":"<script> [776 bytes]","args":[{"enterText":"C2","selector":{"controlType":"sap.m.Input","viewName":"etm.portal.ui.manageyards.view.New","viewId":"application-manageyards-display-component---NewYard","bindingPath":{"path":"","propertyPath":"/SALES_AREA_VTWEG","modelName":"NewYardModel"},"interaction":{"idSuffix":"inner"}},"clearTextFirst":true,"interactionType":"ENTER_TEXT"}]}
RESULT: {"script":"<script> [776 bytes]","args":[{"enterText":"C2","selector":{"controlType":"sap.m.Input","viewName":"etm.portal.ui.manageyards.view.New","viewId":"application-manageyards-display-component---NewYard","bindingPath":{"path":"","propertyPath":"/SALES_AREA_VTWEG","modelName":"NewYardModel"},"interaction":{"idSuffix":"inner"}},"clearTextFirst":true,"interactionType":"ENTER_TEXT"}]}
COMMAND: POST /session/45c4803ccb022991b937de59045aa266/execute/async - {"script":"<script> [1562 bytes]","args":[{"selector":{"controlType":"sap.m.Input","viewName":"etm.portal.ui.manageyards.view.New","viewId":"application-manageyards-display-component---NewYard","bindingPath":{"path":"","propertyPath":"/SALES_AREA_SPART","modelName":"NewYardModel"},"interaction":{"idSuffix":"inner"}},"wdio_ui5_key":"etmportal.ui.manageyards.view.Newsap.m.Input{\"path\":\"\",\"propertyPath\":\"/SALES_AREA_SPART\",\"modelName\":\"NewYardModel\"}"}]}
RESULT: {"script":"<script> [1562 bytes]","args":[{"selector":{"controlType":"sap.m.Input","viewName":"etm.portal.ui.manageyards.view.New","viewId":"application-manageyards-display-component---NewYard","bindingPath":{"path":"","propertyPath":"/SALES_AREA_SPART","modelName":"NewYardModel"},"interaction":{"idSuffix":"inner"}},"wdio_ui5_key":"etmportal.ui.manageyards.view.Newsap.m.Input{\"path\":\"\",\"propertyPath\":\"/SALES_AREA_SPART\",\"modelName\":\"NewYardModel\"}"}]}
RESULT: undefined
COMMAND: POST /session/45c4803ccb022991b937de59045aa266/execute/async - {"script":"<script> [776 bytes]","args":[{"enterText":"C2","selector":{"controlType":"sap.m.Input","viewName":"etm.portal.ui.manageyards.view.New","viewId":"application-manageyards-display-component---NewYard","bindingPath":{"path":"","propertyPath":"/SALES_AREA_SPART","modelName":"NewYardModel"},"interaction":{"idSuffix":"inner"}},"clearTextFirst":true,"interactionType":"ENTER_TEXT"}]}
RESULT: {"script":"<script> [776 bytes]","args":[{"enterText":"C2","selector":{"controlType":"sap.m.Input","viewName":"etm.portal.ui.manageyards.view.New","viewId":"application-manageyards-display-component---NewYard","bindingPath":{"path":"","propertyPath":"/SALES_AREA_SPART","modelName":"NewYardModel"},"interaction":{"idSuffix":"inner"}},"clearTextFirst":true,"interactionType":"ENTER_TEXT"}]}
COMMAND: POST /session/45c4803ccb022991b937de59045aa266/execute/async - {"script":"<script> [1562 bytes]","args":[{"selector":{"controlType":"sap.m.Input","viewName":"etm.portal.ui.manageyards.view.New","viewId":"application-manageyards-display-component---NewYard","bindingPath":{"path":"","propertyPath":"/SHIP_POINT","modelName":"NewYardModel"},"interaction":{"idSuffix":"inner"}},"wdio_ui5_key":"etmportal.ui.manageyards.view.Newsap.m.Input{\"path\":\"\",\"propertyPath\":\"/SHIP_POINT\",\"modelName\":\"NewYardModel\"}"}]}
RESULT: {"script":"<script> [1562 bytes]","args":[{"selector":{"controlType":"sap.m.Input","viewName":"etm.portal.ui.manageyards.view.New","viewId":"application-manageyards-display-component---NewYard","bindingPath":{"path":"","propertyPath":"/SHIP_POINT","modelName":"NewYardModel"},"interaction":{"idSuffix":"inner"}},"wdio_ui5_key":"etmportal.ui.manageyards.view.Newsap.m.Input{\"path\":\"\",\"propertyPath\":\"/SHIP_POINT\",\"modelName\":\"NewYardModel\"}"}]}
RESULT: undefined
COMMAND: POST /session/45c4803ccb022991b937de59045aa266/execute/async - {"script":"<script> [776 bytes]","args":[{"enterText":"1710","selector":{"controlType":"sap.m.Input","viewName":"etm.portal.ui.manageyards.view.New","viewId":"application-manageyards-display-component---NewYard","bindingPath":{"path":"","propertyPath":"/SHIP_POINT","modelName":"NewYardModel"},"interaction":{"idSuffix":"inner"}},"clearTextFirst":true,"interactionType":"ENTER_TEXT"}]}
RESULT: {"script":"<script> [776 bytes]","args":[{"enterText":"1710","selector":{"controlType":"sap.m.Input","viewName":"etm.portal.ui.manageyards.view.New","viewId":"application-manageyards-display-component---NewYard","bindingPath":{"path":"","propertyPath":"/SHIP_POINT","modelName":"NewYardModel"},"interaction":{"idSuffix":"inner"}},"clearTextFirst":true,"interactionType":"ENTER_TEXT"}]}
COMMAND: POST /session/45c4803ccb022991b937de59045aa266/execute/async - {"script":"<script> [1562 bytes]","args":[{"selector":{"controlType":"sap.m.Input","viewName":"etm.portal.ui.manageyards.view.New","viewId":"application-manageyards-display-component---NewYard","bindingPath":{"path":"","propertyPath":"/DELIVERY_TYPE","modelName":"NewYardModel"},"interaction":{"idSuffix":"inner"}},"wdio_ui5_key":"etmportal.ui.manageyards.view.Newsap.m.Input{\"path\":\"\",\"propertyPath\":\"/DELIVERY_TYPE\",\"modelName\":\"NewYardModel\"}"}]}
RESULT: {"script":"<script> [1562 bytes]","args":[{"selector":{"controlType":"sap.m.Input","viewName":"etm.portal.ui.manageyards.view.New","viewId":"application-manageyards-display-component---NewYard","bindingPath":{"path":"","propertyPath":"/DELIVERY_TYPE","modelName":"NewYardModel"},"interaction":{"idSuffix":"inner"}},"wdio_ui5_key":"etmportal.ui.manageyards.view.Newsap.m.Input{\"path\":\"\",\"propertyPath\":\"/DELIVERY_TYPE\",\"modelName\":\"NewYardModel\"}"}]}
RESULT: undefined
COMMAND: POST /session/45c4803ccb022991b937de59045aa266/execute/async - {"script":"<script> [776 bytes]","args":[{"enterText":"ZL01","selector":{"controlType":"sap.m.Input","viewName":"etm.portal.ui.manageyards.view.New","viewId":"application-manageyards-display-component---NewYard","bindingPath":{"path":"","propertyPath":"/DELIVERY_TYPE","modelName":"NewYardModel"},"interaction":{"idSuffix":"inner"}},"clearTextFirst":true,"interactionType":"ENTER_TEXT"}]}
RESULT: {"script":"<script> [776 bytes]","args":[{"enterText":"ZL01","selector":{"controlType":"sap.m.Input","viewName":"etm.portal.ui.manageyards.view.New","viewId":"application-manageyards-display-component---NewYard","bindingPath":{"path":"","propertyPath":"/DELIVERY_TYPE","modelName":"NewYardModel"},"interaction":{"idSuffix":"inner"}},"clearTextFirst":true,"interactionType":"ENTER_TEXT"}]}
COMMAND: POST /session/45c4803ccb022991b937de59045aa266/execute/async - {"script":"<script> [1562 bytes]","args":[{"selector":{"controlType":"sap.m.Input","viewName":"etm.portal.ui.manageyards.view.New","viewId":"application-manageyards-display-component---NewYard","bindingPath":{"path":"","propertyPath":"/AUART","modelName":"NewYardModel"},"interaction":{"idSuffix":"inner"}},"wdio_ui5_key":"etmportal.ui.manageyards.view.Newsap.m.Input{\"path\":\"\",\"propertyPath\":\"/AUART\",\"modelName\":\"NewYardModel\"}"}]}
RESULT: {"script":"<script> [1562 bytes]","args":[{"selector":{"controlType":"sap.m.Input","viewName":"etm.portal.ui.manageyards.view.New","viewId":"application-manageyards-display-component---NewYard","bindingPath":{"path":"","propertyPath":"/AUART","modelName":"NewYardModel"},"interaction":{"idSuffix":"inner"}},"wdio_ui5_key":"etmportal.ui.manageyards.view.Newsap.m.Input{\"path\":\"\",\"propertyPath\":\"/AUART\",\"modelName\":\"NewYardModel\"}"}]}
RESULT: undefined
COMMAND: POST /session/45c4803ccb022991b937de59045aa266/execute/async - {"script":"<script> [776 bytes]","args":[{"enterText":"TA","selector":{"controlType":"sap.m.Input","viewName":"etm.portal.ui.manageyards.view.New","viewId":"application-manageyards-display-component---NewYard","bindingPath":{"path":"","propertyPath":"/AUART","modelName":"NewYardModel"},"interaction":{"idSuffix":"inner"}},"clearTextFirst":true,"interactionType":"ENTER_TEXT"}]}
RESULT: {"script":"<script> [776 bytes]","args":[{"enterText":"TA","selector":{"controlType":"sap.m.Input","viewName":"etm.portal.ui.manageyards.view.New","viewId":"application-manageyards-display-component---NewYard","bindingPath":{"path":"","propertyPath":"/AUART","modelName":"NewYardModel"},"interaction":{"idSuffix":"inner"}},"clearTextFirst":true,"interactionType":"ENTER_TEXT"}]}
COMMAND: POST /session/45c4803ccb022991b937de59045aa266/execute/async - {"script":"<script> [1562 bytes]","args":[{"selector":{"id":"application-manageyards-display-component---NewYard--whmCheckBox","interaction":{"idSuffix":"CbBg"}},"wdio_ui5_key":"applicationmanageyards-display-component---NewYard--whmCheckBox"}]}
RESULT: {"script":"<script> [1562 bytes]","args":[{"selector":{"id":"application-manageyards-display-component---NewYard--whmCheckBox","interaction":{"idSuffix":"CbBg"}},"wdio_ui5_key":"applicationmanageyards-display-component---NewYard--whmCheckBox"}]}
RESULT: undefined
COMMAND: POST /session/45c4803ccb022991b937de59045aa266/element - {"using":"xpath","value":"//*[@id=\"application-manageyards-display-component---NewYard--whmCheckBox\"]"}
RESULT: {"using":"xpath","value":"//*[@id=\"application-manageyards-display-component---NewYard--whmCheckBox\"]"}
COMMAND: POST /session/45c4803ccb022991b937de59045aa266/element/f.F294D51A4D7A026DEC4A34744D0AD0AD.d.8E43AC4F934DD953CB31D2AA7FF1A962.e.3562/click - {}
RESULT: {}
COMMAND: GET /session/45c4803ccb022991b937de59045aa266/screenshot - {}
RESULT: {}
COMMAND: POST /session/45c4803ccb022991b937de59045aa266/element - {"using":"xpath","value":"//button[@data-kt=\"newYardSaveButton\"]"}
RESULT: {"using":"xpath","value":"//button[@data-kt=\"newYardSaveButton\"]"}
COMMAND: POST /session/45c4803ccb022991b937de59045aa266/element/f.F294D51A4D7A026DEC4A34744D0AD0AD.d.8E43AC4F934DD953CB31D2AA7FF1A962.e.3469/click - {}
RESULT: {}
COMMAND: GET /session/45c4803ccb022991b937de59045aa266/screenshot - {}
RESULT: {}
COMMAND: POST /session/45c4803ccb022991b937de59045aa266/element - {"using":"xpath","value":"//header[contains(@id, 'ObjectPageLayout-headerTitle')]/div[1]/div[2]/div[1]/span[1]"}
RESULT: {"using":"xpath","value":"//header[contains(@id, 'ObjectPageLayout-headerTitle')]/div[1]/div[2]/div[1]/span[1]"}
COMMAND: POST /session/45c4803ccb022991b937de59045aa266/elements - {"using":"xpath","value":"//header[contains(@id, 'ObjectPageLayout-headerTitle')]/div[1]/div[2]/div[1]/span[1]"}
RESULT: {"using":"xpath","value":"//header[contains(@id, 'ObjectPageLayout-headerTitle')]/div[1]/div[2]/div[1]/span[1]"}
COMMAND: POST /session/45c4803ccb022991b937de59045aa266/execute/sync - {"script":"<script> [56 bytes]","args":[{"element-6066-11e4-a52e-4f735466cecf":"f.F294D51A4D7A026DEC4A34744D0AD0AD.d.8E43AC4F934DD953CB31D2AA7FF1A962.e.3762","ELEMENT":"f.F294D51A4D7A026DEC4A34744D0AD0AD.d.8E43AC4F934DD953CB31D2AA7FF1A962.e.3762"}]}
RESULT: {"script":"<script> [56 bytes]","args":[{"element-6066-11e4-a52e-4f735466cecf":"f.F294D51A4D7A026DEC4A34744D0AD0AD.d.8E43AC4F934DD953CB31D2AA7FF1A962.e.3762","ELEMENT":"f.F294D51A4D7A026DEC4A34744D0AD0AD.d.8E43AC4F934DD953CB31D2AA7FF1A962.e.3762"}]}
COMMAND: GET /session/45c4803ccb022991b937de59045aa266/screenshot - {}
RESULT: {}
COMMAND: POST /session/45c4803ccb022991b937de59045aa266/element - {"using":"css selector","value":"#shell-header-logo"}
RESULT: {"using":"css selector","value":"#shell-header-logo"}
COMMAND: POST /session/45c4803ccb022991b937de59045aa266/element/f.F294D51A4D7A026DEC4A34744D0AD0AD.d.8E43AC4F934DD953CB31D2AA7FF1A962.e.3022/click - {}
RESULT: {}
COMMAND: GET /session/45c4803ccb022991b937de59045aa266/screenshot - {}
RESULT: {}
COMMAND: POST /session/45c4803ccb022991b937de59045aa266/execute/sync - {"script":"<script> [299 bytes]","args":[["getModel","getResource"]]}
RESULT: {"script":"<script> [299 bytes]","args":[["getModel","getResource"]]}
COMMAND: GET /session/45c4803ccb022991b937de59045aa266/screenshot - {}
]]></system-out>
    </testcase>
    <testcase classname="chrome.136_0_7103_93.windows.Create_masterdata_for_Yard_Overview_-_trigger_provide_US130988" name="Should create a new external partner" time="104.286">
      <system-out><![CDATA[
COMMAND: POST /session/45c4803ccb022991b937de59045aa266/window/fullscreen - {}
RESULT: {}
RESULT: {}
COMMAND: POST /session/45c4803ccb022991b937de59045aa266/execute/async - {"script":"<script> [1562 bytes]","args":[{"selector":{"controlType":"sap.m.GenericTile","properties":{"header":"Manage Partners"}},"wdio_ui5_key":"sapm.GenericTile{\"header\":\"Manage Partners\"}"}]}
RESULT: {"script":"<script> [1562 bytes]","args":[{"selector":{"controlType":"sap.m.GenericTile","properties":{"header":"Manage Partners"}},"wdio_ui5_key":"sapm.GenericTile{\"header\":\"Manage Partners\"}"}]}
RESULT: undefined
COMMAND: POST /session/45c4803ccb022991b937de59045aa266/element - {"using":"xpath","value":"//*[@id=\"__tile38\"]"}
RESULT: {"using":"xpath","value":"//*[@id=\"__tile38\"]"}
COMMAND: POST /session/45c4803ccb022991b937de59045aa266/element/f.F294D51A4D7A026DEC4A34744D0AD0AD.d.8E43AC4F934DD953CB31D2AA7FF1A962.e.2910/click - {}
RESULT: {}
COMMAND: GET /session/45c4803ccb022991b937de59045aa266/screenshot - {}
RESULT: {}
COMMAND: POST /session/45c4803ccb022991b937de59045aa266/elements - {"using":"xpath","value":"//span[text()='Error']"}
RESULT: {"using":"xpath","value":"//span[text()='Error']"}
COMMAND: POST /session/45c4803ccb022991b937de59045aa266/element - {"using":"xpath","value":"//button[@data-kt=\"addButton\"]"}
RESULT: {"using":"xpath","value":"//button[@data-kt=\"addButton\"]"}
COMMAND: POST /session/45c4803ccb022991b937de59045aa266/elements - {"using":"xpath","value":"//button[@data-kt=\"addButton\"]"}
RESULT: {"using":"xpath","value":"//button[@data-kt=\"addButton\"]"}
COMMAND: POST /session/45c4803ccb022991b937de59045aa266/execute/sync - {"script":"<script> [8489 bytes]","args":[{"element-6066-11e4-a52e-4f735466cecf":"f.F294D51A4D7A026DEC4A34744D0AD0AD.d.8E43AC4F934DD953CB31D2AA7FF1A962.e.3800","ELEMENT":"f.F294D51A4D7A026DEC4A34744D0AD0AD.d.8E43AC4F934DD953CB31D2AA7FF1A962.e.3800"}]}
RESULT: {"script":"<script> [8489 bytes]","args":[{"element-6066-11e4-a52e-4f735466cecf":"f.F294D51A4D7A026DEC4A34744D0AD0AD.d.8E43AC4F934DD953CB31D2AA7FF1A962.e.3800","ELEMENT":"f.F294D51A4D7A026DEC4A34744D0AD0AD.d.8E43AC4F934DD953CB31D2AA7FF1A962.e.3800"}]}
COMMAND: GET /session/45c4803ccb022991b937de59045aa266/element/f.F294D51A4D7A026DEC4A34744D0AD0AD.d.8E43AC4F934DD953CB31D2AA7FF1A962.e.3800/enabled - {}
COMMAND: GET /session/45c4803ccb022991b937de59045aa266/screenshot - {}
RESULT: {}
COMMAND: POST /session/45c4803ccb022991b937de59045aa266/execute/sync - {"script":"<script> [8489 bytes]","args":[{"element-6066-11e4-a52e-4f735466cecf":"f.F294D51A4D7A026DEC4A34744D0AD0AD.d.8E43AC4F934DD953CB31D2AA7FF1A962.e.3800","ELEMENT":"f.F294D51A4D7A026DEC4A34744D0AD0AD.d.8E43AC4F934DD953CB31D2AA7FF1A962.e.3800"}]}
COMMAND: GET /session/45c4803ccb022991b937de59045aa266/screenshot - {}
RESULT: {}
RESULT: {"script":"<script> [8489 bytes]","args":[{"element-6066-11e4-a52e-4f735466cecf":"f.F294D51A4D7A026DEC4A34744D0AD0AD.d.8E43AC4F934DD953CB31D2AA7FF1A962.e.3800","ELEMENT":"f.F294D51A4D7A026DEC4A34744D0AD0AD.d.8E43AC4F934DD953CB31D2AA7FF1A962.e.3800"}]}
COMMAND: POST /session/45c4803ccb022991b937de59045aa266/execute/sync - {"script":"<script> [5351 bytes]","args":[{"element-6066-11e4-a52e-4f735466cecf":"f.F294D51A4D7A026DEC4A34744D0AD0AD.d.8E43AC4F934DD953CB31D2AA7FF1A962.e.3800","ELEMENT":"f.F294D51A4D7A026DEC4A34744D0AD0AD.d.8E43AC4F934DD953CB31D2AA7FF1A962.e.3800"}]}
COMMAND: GET /session/45c4803ccb022991b937de59045aa266/screenshot - {}
RESULT: {}
RESULT: {"script":"<script> [5351 bytes]","args":[{"element-6066-11e4-a52e-4f735466cecf":"f.F294D51A4D7A026DEC4A34744D0AD0AD.d.8E43AC4F934DD953CB31D2AA7FF1A962.e.3800","ELEMENT":"f.F294D51A4D7A026DEC4A34744D0AD0AD.d.8E43AC4F934DD953CB31D2AA7FF1A962.e.3800"}]}
COMMAND: POST /session/45c4803ccb022991b937de59045aa266/element/f.F294D51A4D7A026DEC4A34744D0AD0AD.d.8E43AC4F934DD953CB31D2AA7FF1A962.e.3800/click - {}
COMMAND: GET /session/45c4803ccb022991b937de59045aa266/screenshot - {}
RESULT: {}
RESULT: {}
COMMAND: GET /session/45c4803ccb022991b937de59045aa266/screenshot - {}
COMMAND: POST /session/45c4803ccb022991b937de59045aa266/execute/async - {"script":"<script> [1562 bytes]","args":[{"selector":{"id":"application-managepartners-display-component---NewPartner--addressDetailDetailsName1","interaction":{"idSuffix":"inner"}},"wdio_ui5_key":"applicationmanagepartners-display-component---NewPartner--addressDetailDetailsName1"}]}
RESULT: {}
RESULT: {}
RESULT: {"script":"<script> [1562 bytes]","args":[{"selector":{"id":"application-managepartners-display-component---NewPartner--addressDetailDetailsName1","interaction":{"idSuffix":"inner"}},"wdio_ui5_key":"applicationmanagepartners-display-component---NewPartner--addressDetailDetailsName1"}]}
RESULT: undefined
COMMAND: POST /session/45c4803ccb022991b937de59045aa266/execute/async - {"script":"<script> [776 bytes]","args":[{"enterText":"External Partner WDIO","selector":{"id":"application-managepartners-display-component---NewPartner--addressDetailDetailsName1","interaction":{"idSuffix":"inner"}},"clearTextFirst":true,"interactionType":"ENTER_TEXT"}]}
RESULT: {"script":"<script> [776 bytes]","args":[{"enterText":"External Partner WDIO","selector":{"id":"application-managepartners-display-component---NewPartner--addressDetailDetailsName1","interaction":{"idSuffix":"inner"}},"clearTextFirst":true,"interactionType":"ENTER_TEXT"}]}
COMMAND: POST /session/45c4803ccb022991b937de59045aa266/execute/async - {"script":"<script> [1562 bytes]","args":[{"selector":{"id":"application-managepartners-display-component---NewPartner--addressDetailDetailsLanguage-arrow"},"wdio_ui5_key":"applicationmanagepartners-display-component---NewPartner--addressDetailDetailsLanguage-arrow"}]}
RESULT: {"script":"<script> [1562 bytes]","args":[{"selector":{"id":"application-managepartners-display-component---NewPartner--addressDetailDetailsLanguage-arrow"},"wdio_ui5_key":"applicationmanagepartners-display-component---NewPartner--addressDetailDetailsLanguage-arrow"}]}
RESULT: undefined
COMMAND: POST /session/45c4803ccb022991b937de59045aa266/element - {"using":"xpath","value":"//*[@id=\"application-managepartners-display-component---NewPartner--addressDetailDetailsLanguage-arrow\"]"}
RESULT: {"using":"xpath","value":"//*[@id=\"application-managepartners-display-component---NewPartner--addressDetailDetailsLanguage-arrow\"]"}
COMMAND: POST /session/45c4803ccb022991b937de59045aa266/element/f.F294D51A4D7A026DEC4A34744D0AD0AD.d.8E43AC4F934DD953CB31D2AA7FF1A962.e.4248/click - {}
RESULT: {}
COMMAND: POST /session/45c4803ccb022991b937de59045aa266/element - {"using":"xpath","value":"//span[contains(text(), \"English\")]"}
COMMAND: GET /session/45c4803ccb022991b937de59045aa266/screenshot - {}
RESULT: {"using":"xpath","value":"//span[contains(text(), \"English\")]"}
COMMAND: POST /session/45c4803ccb022991b937de59045aa266/element/f.F294D51A4D7A026DEC4A34744D0AD0AD.d.8E43AC4F934DD953CB31D2AA7FF1A962.e.4249/click - {}
RESULT: {}
RESULT: {}
COMMAND: GET /session/45c4803ccb022991b937de59045aa266/screenshot - {}
RESULT: {}
COMMAND: POST /session/45c4803ccb022991b937de59045aa266/execute/async - {"script":"<script> [1562 bytes]","args":[{"selector":{"id":"application-managepartners-display-component---NewPartner--addressDetailDetailsCity1","interaction":{"idSuffix":"inner"}},"wdio_ui5_key":"applicationmanagepartners-display-component---NewPartner--addressDetailDetailsCity1"}]}
RESULT: {"script":"<script> [1562 bytes]","args":[{"selector":{"id":"application-managepartners-display-component---NewPartner--addressDetailDetailsCity1","interaction":{"idSuffix":"inner"}},"wdio_ui5_key":"applicationmanagepartners-display-component---NewPartner--addressDetailDetailsCity1"}]}
RESULT: undefined
COMMAND: POST /session/45c4803ccb022991b937de59045aa266/execute/async - {"script":"<script> [776 bytes]","args":[{"enterText":"Rosario","selector":{"id":"application-managepartners-display-component---NewPartner--addressDetailDetailsCity1","interaction":{"idSuffix":"inner"}},"clearTextFirst":true,"interactionType":"ENTER_TEXT"}]}
RESULT: {"script":"<script> [776 bytes]","args":[{"enterText":"Rosario","selector":{"id":"application-managepartners-display-component---NewPartner--addressDetailDetailsCity1","interaction":{"idSuffix":"inner"}},"clearTextFirst":true,"interactionType":"ENTER_TEXT"}]}
COMMAND: POST /session/45c4803ccb022991b937de59045aa266/execute/async - {"script":"<script> [1562 bytes]","args":[{"selector":{"id":"application-managepartners-display-component---NewPartner--addressDetailDetailsCountry-arrow"},"wdio_ui5_key":"applicationmanagepartners-display-component---NewPartner--addressDetailDetailsCountry-arrow"}]}
RESULT: {"script":"<script> [1562 bytes]","args":[{"selector":{"id":"application-managepartners-display-component---NewPartner--addressDetailDetailsCountry-arrow"},"wdio_ui5_key":"applicationmanagepartners-display-component---NewPartner--addressDetailDetailsCountry-arrow"}]}
RESULT: undefined
COMMAND: POST /session/45c4803ccb022991b937de59045aa266/element - {"using":"xpath","value":"//*[@id=\"application-managepartners-display-component---NewPartner--addressDetailDetailsCountry-arrow\"]"}
RESULT: {"using":"xpath","value":"//*[@id=\"application-managepartners-display-component---NewPartner--addressDetailDetailsCountry-arrow\"]"}
COMMAND: POST /session/45c4803ccb022991b937de59045aa266/element/f.F294D51A4D7A026DEC4A34744D0AD0AD.d.8E43AC4F934DD953CB31D2AA7FF1A962.e.4233/click - {}
RESULT: {}
COMMAND: POST /session/45c4803ccb022991b937de59045aa266/element - {"using":"xpath","value":"//span[contains(text(), \"Argentina\")]"}
COMMAND: GET /session/45c4803ccb022991b937de59045aa266/screenshot - {}
RESULT: {"using":"xpath","value":"//span[contains(text(), \"Argentina\")]"}
COMMAND: POST /session/45c4803ccb022991b937de59045aa266/element/f.F294D51A4D7A026DEC4A34744D0AD0AD.d.8E43AC4F934DD953CB31D2AA7FF1A962.e.4251/click - {}
RESULT: {}
RESULT: {}
COMMAND: GET /session/45c4803ccb022991b937de59045aa266/screenshot - {}
RESULT: {}
COMMAND: POST /session/45c4803ccb022991b937de59045aa266/element - {"using":"xpath","value":"//bdi[contains(text(), \"Commercial\")]"}
RESULT: {"using":"xpath","value":"//bdi[contains(text(), \"Commercial\")]"}
COMMAND: POST /session/45c4803ccb022991b937de59045aa266/element/f.F294D51A4D7A026DEC4A34744D0AD0AD.d.8E43AC4F934DD953CB31D2AA7FF1A962.e.4252/click - {}
RESULT: {}
COMMAND: GET /session/45c4803ccb022991b937de59045aa266/screenshot - {}
RESULT: {}
COMMAND: POST /session/45c4803ccb022991b937de59045aa266/execute/async - {"script":"<script> [1562 bytes]","args":[{"selector":{"id":"application-managepartners-display-component---NewPartner--partnerDetailInternal-arrow"},"wdio_ui5_key":"applicationmanagepartners-display-component---NewPartner--partnerDetailInternal-arrow"}]}
RESULT: {"script":"<script> [1562 bytes]","args":[{"selector":{"id":"application-managepartners-display-component---NewPartner--partnerDetailInternal-arrow"},"wdio_ui5_key":"applicationmanagepartners-display-component---NewPartner--partnerDetailInternal-arrow"}]}
RESULT: undefined
COMMAND: POST /session/45c4803ccb022991b937de59045aa266/element - {"using":"xpath","value":"//*[@id=\"application-managepartners-display-component---NewPartner--partnerDetailInternal-arrow\"]"}
RESULT: {"using":"xpath","value":"//*[@id=\"application-managepartners-display-component---NewPartner--partnerDetailInternal-arrow\"]"}
COMMAND: POST /session/45c4803ccb022991b937de59045aa266/element/f.F294D51A4D7A026DEC4A34744D0AD0AD.d.8E43AC4F934DD953CB31D2AA7FF1A962.e.4258/click - {}
RESULT: {}
COMMAND: POST /session/45c4803ccb022991b937de59045aa266/element - {"using":"xpath","value":"//span[contains(text(), \"External partner\")]"}
COMMAND: GET /session/45c4803ccb022991b937de59045aa266/screenshot - {}
RESULT: {"using":"xpath","value":"//span[contains(text(), \"External partner\")]"}
COMMAND: POST /session/45c4803ccb022991b937de59045aa266/element/f.F294D51A4D7A026DEC4A34744D0AD0AD.d.8E43AC4F934DD953CB31D2AA7FF1A962.e.4259/click - {}
RESULT: {}
RESULT: {}
COMMAND: POST /session/45c4803ccb022991b937de59045aa266/execute/async - {"script":"<script> [1562 bytes]","args":[{"selector":{"id":"application-managepartners-display-component---NewPartner--partnerDetailsCurrency-arrow"},"wdio_ui5_key":"applicationmanagepartners-display-component---NewPartner--partnerDetailsCurrency-arrow"}]}
COMMAND: GET /session/45c4803ccb022991b937de59045aa266/screenshot - {}
RESULT: {"script":"<script> [1562 bytes]","args":[{"selector":{"id":"application-managepartners-display-component---NewPartner--partnerDetailsCurrency-arrow"},"wdio_ui5_key":"applicationmanagepartners-display-component---NewPartner--partnerDetailsCurrency-arrow"}]}
RESULT: undefined
COMMAND: POST /session/45c4803ccb022991b937de59045aa266/element - {"using":"xpath","value":"//*[@id=\"application-managepartners-display-component---NewPartner--partnerDetailsCurrency-arrow\"]"}
RESULT: {}
RESULT: {"using":"xpath","value":"//*[@id=\"application-managepartners-display-component---NewPartner--partnerDetailsCurrency-arrow\"]"}
COMMAND: POST /session/45c4803ccb022991b937de59045aa266/element/f.F294D51A4D7A026DEC4A34744D0AD0AD.d.8E43AC4F934DD953CB31D2AA7FF1A962.e.4264/click - {}
RESULT: {}
COMMAND: POST /session/45c4803ccb022991b937de59045aa266/element - {"using":"xpath","value":"//span[contains(text(), \"US Dollar\")]"}
COMMAND: GET /session/45c4803ccb022991b937de59045aa266/screenshot - {}
RESULT: {"using":"xpath","value":"//span[contains(text(), \"US Dollar\")]"}
COMMAND: POST /session/45c4803ccb022991b937de59045aa266/element/f.F294D51A4D7A026DEC4A34744D0AD0AD.d.8E43AC4F934DD953CB31D2AA7FF1A962.e.4265/click - {}
RESULT: {}
RESULT: {}
COMMAND: GET /session/45c4803ccb022991b937de59045aa266/screenshot - {}
RESULT: {}
COMMAND: POST /session/45c4803ccb022991b937de59045aa266/element - {"using":"xpath","value":"//input[@id=\"application-managepartners-display-component---NewPartner--companyCodeComboBox-inner\"]"}
RESULT: {"using":"xpath","value":"//input[@id=\"application-managepartners-display-component---NewPartner--companyCodeComboBox-inner\"]"}
COMMAND: POST /session/45c4803ccb022991b937de59045aa266/element/f.F294D51A4D7A026DEC4A34744D0AD0AD.d.8E43AC4F934DD953CB31D2AA7FF1A962.e.4113/clear - {}
RESULT: {}
COMMAND: POST /session/45c4803ccb022991b937de59045aa266/element/f.F294D51A4D7A026DEC4A34744D0AD0AD.d.8E43AC4F934DD953CB31D2AA7FF1A962.e.4113/value - {"text":"C002"}
COMMAND: GET /session/45c4803ccb022991b937de59045aa266/screenshot - {}
RESULT: {"text":"C002"}
COMMAND: GET /session/45c4803ccb022991b937de59045aa266/screenshot - {}
RESULT: {}
RESULT: {}
COMMAND: POST /session/45c4803ccb022991b937de59045aa266/element - {"using":"xpath","value":"//li[.//span[text()= \"C002\"]]"}
RESULT: {"using":"xpath","value":"//li[.//span[text()= \"C002\"]]"}
COMMAND: POST /session/45c4803ccb022991b937de59045aa266/element/f.F294D51A4D7A026DEC4A34744D0AD0AD.d.8E43AC4F934DD953CB31D2AA7FF1A962.e.4269/click - {}
RESULT: {}
COMMAND: GET /session/45c4803ccb022991b937de59045aa266/screenshot - {}
RESULT: {}
COMMAND: POST /session/45c4803ccb022991b937de59045aa266/execute/async - {"script":"<script> [1562 bytes]","args":[{"selector":{"controlType":"sap.ui.core.Icon","viewName":"etm.portal.ui.managepartners.view.NewPartner","viewId":"application-managepartners-display-component---NewPartner","properties":{"src":{"regex":{"source":"slim\\-arrow\\-down"}}},"ancestor":{"controlType":"sap.m.ComboBox","viewName":"etm.portal.ui.managepartners.view.NewPartner","viewId":"application-managepartners-display-component---NewPartner","bindingPath":{"path":"","propertyPath":"/CATALOG","modelName":"oNewPartnerModel"}}},"wdio_ui5_key":"etmportal.ui.managepartners.view.NewPartnersap.ui.core.Icon{\"src\":{\"regex\":{\"source\":\"slim\\\\-arrow\\\\-down\"}}}{\"controlType\":\"sap.m.ComboBox\",\"viewName\":\"etm.portal.ui.managepartners.view.NewPartner\",\"viewId\":\"application-managepartners-display-component---NewPartner\",\"bindingPath\":{\"path\":\"\",\"propertyPath\":\"/CATALOG\",\"modelName\":\"oNewPartnerModel\"}}"}]}
RESULT: {"script":"<script> [1562 bytes]","args":[{"selector":{"controlType":"sap.ui.core.Icon","viewName":"etm.portal.ui.managepartners.view.NewPartner","viewId":"application-managepartners-display-component---NewPartner","properties":{"src":{"regex":{"source":"slim\\-arrow\\-down"}}},"ancestor":{"controlType":"sap.m.ComboBox","viewName":"etm.portal.ui.managepartners.view.NewPartner","viewId":"application-managepartners-display-component---NewPartner","bindingPath":{"path":"","propertyPath":"/CATALOG","modelName":"oNewPartnerModel"}}},"wdio_ui5_key":"etmportal.ui.managepartners.view.NewPartnersap.ui.core.Icon{\"src\":{\"regex\":{\"source\":\"slim\\\\-arrow\\\\-down\"}}}{\"controlType\":\"sap.m.ComboBox\",\"viewName\":\"etm.portal.ui.managepartners.view.NewPartner\",\"viewId\":\"application-managepartners-display-component---NewPartner\",\"bindingPath\":{\"path\":\"\",\"propertyPath\":\"/CATALOG\",\"modelName\":\"oNewPartnerModel\"}}"}]}
RESULT: undefined
COMMAND: POST /session/45c4803ccb022991b937de59045aa266/element - {"using":"xpath","value":"//*[@id=\"__box22-arrow\"]"}
RESULT: {"using":"xpath","value":"//*[@id=\"__box22-arrow\"]"}
COMMAND: POST /session/45c4803ccb022991b937de59045aa266/element/f.F294D51A4D7A026DEC4A34744D0AD0AD.d.8E43AC4F934DD953CB31D2AA7FF1A962.e.4234/click - {}
RESULT: {}
COMMAND: GET /session/45c4803ccb022991b937de59045aa266/screenshot - {}
RESULT: {}
COMMAND: POST /session/45c4803ccb022991b937de59045aa266/element - {"using":"xpath","value":"//ul[contains(@id,\"popup-list-listUl\")]//li[.//span[text()= \"Webshop Catalog\"]]"}
RESULT: {"using":"xpath","value":"//ul[contains(@id,\"popup-list-listUl\")]//li[.//span[text()= \"Webshop Catalog\"]]"}
COMMAND: POST /session/45c4803ccb022991b937de59045aa266/element/f.F294D51A4D7A026DEC4A34744D0AD0AD.d.8E43AC4F934DD953CB31D2AA7FF1A962.e.4271/click - {}
RESULT: {}
COMMAND: GET /session/45c4803ccb022991b937de59045aa266/screenshot - {}
RESULT: {}
COMMAND: POST /session/45c4803ccb022991b937de59045aa266/execute/async - {"script":"<script> [1562 bytes]","args":[{"selector":{"id":"application-managepartners-display-component---NewPartner--btnAddTableRow-img"},"wdio_ui5_key":"applicationmanagepartners-display-component---NewPartner--btnAddTableRow-img"}]}
RESULT: {"script":"<script> [1562 bytes]","args":[{"selector":{"id":"application-managepartners-display-component---NewPartner--btnAddTableRow-img"},"wdio_ui5_key":"applicationmanagepartners-display-component---NewPartner--btnAddTableRow-img"}]}
RESULT: undefined
COMMAND: POST /session/45c4803ccb022991b937de59045aa266/element - {"using":"xpath","value":"//*[@id=\"application-managepartners-display-component---NewPartner--btnAddTableRow-img\"]"}
RESULT: {"using":"xpath","value":"//*[@id=\"application-managepartners-display-component---NewPartner--btnAddTableRow-img\"]"}
COMMAND: POST /session/45c4803ccb022991b937de59045aa266/element/f.F294D51A4D7A026DEC4A34744D0AD0AD.d.8E43AC4F934DD953CB31D2AA7FF1A962.e.4272/click - {}
RESULT: {}
COMMAND: GET /session/45c4803ccb022991b937de59045aa266/screenshot - {}
RESULT: {}
COMMAND: POST /session/45c4803ccb022991b937de59045aa266/element - {"using":"xpath","value":"//input[@id=\"application-managepartners-display-component---NewPartner--assignmentYard-application-managepartners-display-component---NewPartner--assignmentsTable-0-inner\"]"}
RESULT: {"using":"xpath","value":"//input[@id=\"application-managepartners-display-component---NewPartner--assignmentYard-application-managepartners-display-component---NewPartner--assignmentsTable-0-inner\"]"}
COMMAND: POST /session/45c4803ccb022991b937de59045aa266/element/f.F294D51A4D7A026DEC4A34744D0AD0AD.d.8E43AC4F934DD953CB31D2AA7FF1A962.e.4275/clear - {}
RESULT: {}
COMMAND: POST /session/45c4803ccb022991b937de59045aa266/element/f.F294D51A4D7A026DEC4A34744D0AD0AD.d.8E43AC4F934DD953CB31D2AA7FF1A962.e.4275/value - {"text":"636"}
COMMAND: GET /session/45c4803ccb022991b937de59045aa266/screenshot - {}
RESULT: {"text":"636"}
COMMAND: GET /session/45c4803ccb022991b937de59045aa266/screenshot - {}
RESULT: {}
RESULT: {}
COMMAND: POST /session/45c4803ccb022991b937de59045aa266/element - {"using":"xpath","value":"//li[.//span[text()='636']]"}
RESULT: {"using":"xpath","value":"//li[.//span[text()='636']]"}
COMMAND: POST /session/45c4803ccb022991b937de59045aa266/element/f.F294D51A4D7A026DEC4A34744D0AD0AD.d.8E43AC4F934DD953CB31D2AA7FF1A962.e.4283/click - {}
RESULT: {}
COMMAND: GET /session/45c4803ccb022991b937de59045aa266/screenshot - {}
RESULT: {}
COMMAND: POST /session/45c4803ccb022991b937de59045aa266/actions - {"actions":[{"id":"action11","type":"key","parameters":{},"actions":[{"type":"keyDown","value":"î€‡"},{"type":"pause","duration":10},{"type":"keyUp","value":"î€‡"}]}]}
RESULT: {"actions":[{"id":"action11","type":"key","parameters":{},"actions":[{"type":"keyDown","value":"î€‡"},{"type":"pause","duration":10},{"type":"keyUp","value":"î€‡"}]}]}
COMMAND: POST /session/45c4803ccb022991b937de59045aa266/element - {"using":"xpath","value":"//td[contains(@id, \"assignmentsTable-0-cell2\")]/div/div"}
COMMAND: GET /session/45c4803ccb022991b937de59045aa266/screenshot - {}
RESULT: {"using":"xpath","value":"//td[contains(@id, \"assignmentsTable-0-cell2\")]/div/div"}
COMMAND: POST /session/45c4803ccb022991b937de59045aa266/element/f.F294D51A4D7A026DEC4A34744D0AD0AD.d.8E43AC4F934DD953CB31D2AA7FF1A962.e.4286/click - {}
RESULT: {}
RESULT: {}
COMMAND: GET /session/45c4803ccb022991b937de59045aa266/screenshot - {}
RESULT: {}
COMMAND: POST /session/45c4803ccb022991b937de59045aa266/element - {"using":"xpath","value":"//button[@data-kt=\"saveButton\"]"}
RESULT: {"using":"xpath","value":"//button[@data-kt=\"saveButton\"]"}
COMMAND: POST /session/45c4803ccb022991b937de59045aa266/element/f.F294D51A4D7A026DEC4A34744D0AD0AD.d.8E43AC4F934DD953CB31D2AA7FF1A962.e.4229/click - {}
RESULT: {}
COMMAND: GET /session/45c4803ccb022991b937de59045aa266/screenshot - {}
RESULT: {}
COMMAND: POST /session/45c4803ccb022991b937de59045aa266/element - {"using":"xpath","value":"//header[contains(@id, 'ObjectPageLayout-headerTitle')]/div[1]/div[2]/div[2]/span[1]"}
RESULT: {"using":"xpath","value":"//header[contains(@id, 'ObjectPageLayout-headerTitle')]/div[1]/div[2]/div[2]/span[1]"}
COMMAND: POST /session/45c4803ccb022991b937de59045aa266/elements - {"using":"xpath","value":"//header[contains(@id, 'ObjectPageLayout-headerTitle')]/div[1]/div[2]/div[2]/span[1]"}
RESULT: {"using":"xpath","value":"//header[contains(@id, 'ObjectPageLayout-headerTitle')]/div[1]/div[2]/div[2]/span[1]"}
COMMAND: POST /session/45c4803ccb022991b937de59045aa266/execute/sync - {"script":"<script> [56 bytes]","args":[{"element-6066-11e4-a52e-4f735466cecf":"f.F294D51A4D7A026DEC4A34744D0AD0AD.d.8E43AC4F934DD953CB31D2AA7FF1A962.e.4448","ELEMENT":"f.F294D51A4D7A026DEC4A34744D0AD0AD.d.8E43AC4F934DD953CB31D2AA7FF1A962.e.4448"}]}
RESULT: {"script":"<script> [56 bytes]","args":[{"element-6066-11e4-a52e-4f735466cecf":"f.F294D51A4D7A026DEC4A34744D0AD0AD.d.8E43AC4F934DD953CB31D2AA7FF1A962.e.4448","ELEMENT":"f.F294D51A4D7A026DEC4A34744D0AD0AD.d.8E43AC4F934DD953CB31D2AA7FF1A962.e.4448"}]}
COMMAND: POST /session/45c4803ccb022991b937de59045aa266/element - {"using":"css selector","value":"#shell-header-logo"}
COMMAND: GET /session/45c4803ccb022991b937de59045aa266/screenshot - {}
RESULT: {"using":"css selector","value":"#shell-header-logo"}
COMMAND: POST /session/45c4803ccb022991b937de59045aa266/element/f.F294D51A4D7A026DEC4A34744D0AD0AD.d.8E43AC4F934DD953CB31D2AA7FF1A962.e.3766/click - {}
RESULT: {}
RESULT: {}
COMMAND: GET /session/45c4803ccb022991b937de59045aa266/screenshot - {}
RESULT: {}
COMMAND: POST /session/45c4803ccb022991b937de59045aa266/execute/sync - {"script":"<script> [299 bytes]","args":[["getModel","getResource"]]}
RESULT: {"script":"<script> [299 bytes]","args":[["getModel","getResource"]]}
]]></system-out>
    </testcase>
    <testcase classname="chrome.136_0_7103_93.windows.Create_masterdata_for_Yard_Overview_-_trigger_provide_US130988" name="Should create a new WHM site" time="99.566">
      <system-out><![CDATA[
COMMAND: GET /session/45c4803ccb022991b937de59045aa266/screenshot - {}
COMMAND: POST /session/45c4803ccb022991b937de59045aa266/execute/async - {"script":"<script> [1562 bytes]","args":[{"selector":{"controlType":"sap.m.GenericTile","properties":{"header":"Manage Sites"}},"wdio_ui5_key":"sapm.GenericTile{\"header\":\"Manage Sites\"}"}]}
RESULT: {}
RESULT: {"script":"<script> [1562 bytes]","args":[{"selector":{"controlType":"sap.m.GenericTile","properties":{"header":"Manage Sites"}},"wdio_ui5_key":"sapm.GenericTile{\"header\":\"Manage Sites\"}"}]}
RESULT: undefined
COMMAND: POST /session/45c4803ccb022991b937de59045aa266/element - {"using":"xpath","value":"//*[@id=\"__tile40\"]"}
RESULT: {"using":"xpath","value":"//*[@id=\"__tile40\"]"}
COMMAND: POST /session/45c4803ccb022991b937de59045aa266/element/f.F294D51A4D7A026DEC4A34744D0AD0AD.d.8E43AC4F934DD953CB31D2AA7FF1A962.e.2916/click - {}
RESULT: {}
COMMAND: GET /session/45c4803ccb022991b937de59045aa266/screenshot - {}
RESULT: {}
COMMAND: POST /session/45c4803ccb022991b937de59045aa266/elements - {"using":"xpath","value":"//span[text()='Error']"}
RESULT: {"using":"xpath","value":"//span[text()='Error']"}
COMMAND: POST /session/45c4803ccb022991b937de59045aa266/element - {"using":"xpath","value":"//button[@data-kt=\"addOverflowToolbarButton\"]"}
RESULT: {"using":"xpath","value":"//button[@data-kt=\"addOverflowToolbarButton\"]"}
COMMAND: POST /session/45c4803ccb022991b937de59045aa266/elements - {"using":"xpath","value":"//button[@data-kt=\"addOverflowToolbarButton\"]"}
RESULT: {"using":"xpath","value":"//button[@data-kt=\"addOverflowToolbarButton\"]"}
COMMAND: POST /session/45c4803ccb022991b937de59045aa266/execute/sync - {"script":"<script> [8489 bytes]","args":[{"element-6066-11e4-a52e-4f735466cecf":"f.F294D51A4D7A026DEC4A34744D0AD0AD.d.8E43AC4F934DD953CB31D2AA7FF1A962.e.4495","ELEMENT":"f.F294D51A4D7A026DEC4A34744D0AD0AD.d.8E43AC4F934DD953CB31D2AA7FF1A962.e.4495"}]}
RESULT: {"script":"<script> [8489 bytes]","args":[{"element-6066-11e4-a52e-4f735466cecf":"f.F294D51A4D7A026DEC4A34744D0AD0AD.d.8E43AC4F934DD953CB31D2AA7FF1A962.e.4495","ELEMENT":"f.F294D51A4D7A026DEC4A34744D0AD0AD.d.8E43AC4F934DD953CB31D2AA7FF1A962.e.4495"}]}
COMMAND: GET /session/45c4803ccb022991b937de59045aa266/element/f.F294D51A4D7A026DEC4A34744D0AD0AD.d.8E43AC4F934DD953CB31D2AA7FF1A962.e.4495/enabled - {}
COMMAND: GET /session/45c4803ccb022991b937de59045aa266/screenshot - {}
RESULT: {}
COMMAND: POST /session/45c4803ccb022991b937de59045aa266/execute/sync - {"script":"<script> [8489 bytes]","args":[{"element-6066-11e4-a52e-4f735466cecf":"f.F294D51A4D7A026DEC4A34744D0AD0AD.d.8E43AC4F934DD953CB31D2AA7FF1A962.e.4495","ELEMENT":"f.F294D51A4D7A026DEC4A34744D0AD0AD.d.8E43AC4F934DD953CB31D2AA7FF1A962.e.4495"}]}
COMMAND: GET /session/45c4803ccb022991b937de59045aa266/screenshot - {}
RESULT: {}
RESULT: {"script":"<script> [8489 bytes]","args":[{"element-6066-11e4-a52e-4f735466cecf":"f.F294D51A4D7A026DEC4A34744D0AD0AD.d.8E43AC4F934DD953CB31D2AA7FF1A962.e.4495","ELEMENT":"f.F294D51A4D7A026DEC4A34744D0AD0AD.d.8E43AC4F934DD953CB31D2AA7FF1A962.e.4495"}]}
COMMAND: POST /session/45c4803ccb022991b937de59045aa266/execute/sync - {"script":"<script> [5351 bytes]","args":[{"element-6066-11e4-a52e-4f735466cecf":"f.F294D51A4D7A026DEC4A34744D0AD0AD.d.8E43AC4F934DD953CB31D2AA7FF1A962.e.4495","ELEMENT":"f.F294D51A4D7A026DEC4A34744D0AD0AD.d.8E43AC4F934DD953CB31D2AA7FF1A962.e.4495"}]}
COMMAND: GET /session/45c4803ccb022991b937de59045aa266/screenshot - {}
RESULT: {}
RESULT: {"script":"<script> [5351 bytes]","args":[{"element-6066-11e4-a52e-4f735466cecf":"f.F294D51A4D7A026DEC4A34744D0AD0AD.d.8E43AC4F934DD953CB31D2AA7FF1A962.e.4495","ELEMENT":"f.F294D51A4D7A026DEC4A34744D0AD0AD.d.8E43AC4F934DD953CB31D2AA7FF1A962.e.4495"}]}
COMMAND: POST /session/45c4803ccb022991b937de59045aa266/element/f.F294D51A4D7A026DEC4A34744D0AD0AD.d.8E43AC4F934DD953CB31D2AA7FF1A962.e.4495/click - {}
COMMAND: GET /session/45c4803ccb022991b937de59045aa266/screenshot - {}
RESULT: {}
RESULT: {}
COMMAND: GET /session/45c4803ccb022991b937de59045aa266/screenshot - {}
COMMAND: POST /session/45c4803ccb022991b937de59045aa266/element - {"using":"xpath","value":"//input[@id=\"application-managesites-display-component---NewSite--siteId-inner\"]"}
RESULT: {}
RESULT: {}
RESULT: {"using":"xpath","value":"//input[@id=\"application-managesites-display-component---NewSite--siteId-inner\"]"}
COMMAND: POST /session/45c4803ccb022991b937de59045aa266/element - {"using":"xpath","value":"//input[@id=\"application-managesites-display-component---NewSite--siteId-inner\"]"}
RESULT: {"using":"xpath","value":"//input[@id=\"application-managesites-display-component---NewSite--siteId-inner\"]"}
COMMAND: POST /session/45c4803ccb022991b937de59045aa266/execute/async - {"script":"<script> [1562 bytes]","args":[{"selector":{"id":"application-managesites-display-component---NewSite--addressDetailDetailsName1","interaction":{"idSuffix":"inner"}},"wdio_ui5_key":"applicationmanagesites-display-component---NewSite--addressDetailDetailsName1"}]}
RESULT: {"script":"<script> [1562 bytes]","args":[{"selector":{"id":"application-managesites-display-component---NewSite--addressDetailDetailsName1","interaction":{"idSuffix":"inner"}},"wdio_ui5_key":"applicationmanagesites-display-component---NewSite--addressDetailDetailsName1"}]}
RESULT: undefined
COMMAND: POST /session/45c4803ccb022991b937de59045aa266/execute/async - {"script":"<script> [776 bytes]","args":[{"enterText":"Other Type Site WDIO","selector":{"id":"application-managesites-display-component---NewSite--addressDetailDetailsName1","interaction":{"idSuffix":"inner"}},"clearTextFirst":true,"interactionType":"ENTER_TEXT"}]}
RESULT: {"script":"<script> [776 bytes]","args":[{"enterText":"Other Type Site WDIO","selector":{"id":"application-managesites-display-component---NewSite--addressDetailDetailsName1","interaction":{"idSuffix":"inner"}},"clearTextFirst":true,"interactionType":"ENTER_TEXT"}]}
COMMAND: POST /session/45c4803ccb022991b937de59045aa266/execute/async - {"script":"<script> [1562 bytes]","args":[{"selector":{"id":"application-managesites-display-component---NewSite--addressDetailDetailsLanguage-arrow"},"wdio_ui5_key":"applicationmanagesites-display-component---NewSite--addressDetailDetailsLanguage-arrow"}]}
RESULT: {"script":"<script> [1562 bytes]","args":[{"selector":{"id":"application-managesites-display-component---NewSite--addressDetailDetailsLanguage-arrow"},"wdio_ui5_key":"applicationmanagesites-display-component---NewSite--addressDetailDetailsLanguage-arrow"}]}
RESULT: undefined
COMMAND: POST /session/45c4803ccb022991b937de59045aa266/element - {"using":"xpath","value":"//*[@id=\"application-managesites-display-component---NewSite--addressDetailDetailsLanguage-arrow\"]"}
RESULT: {"using":"xpath","value":"//*[@id=\"application-managesites-display-component---NewSite--addressDetailDetailsLanguage-arrow\"]"}
COMMAND: POST /session/45c4803ccb022991b937de59045aa266/element/f.F294D51A4D7A026DEC4A34744D0AD0AD.d.8E43AC4F934DD953CB31D2AA7FF1A962.e.4907/click - {}
RESULT: {}
COMMAND: POST /session/45c4803ccb022991b937de59045aa266/element - {"using":"xpath","value":"//span[contains(text(), \"English\")]"}
COMMAND: GET /session/45c4803ccb022991b937de59045aa266/screenshot - {}
RESULT: {"using":"xpath","value":"//span[contains(text(), \"English\")]"}
COMMAND: POST /session/45c4803ccb022991b937de59045aa266/element/f.F294D51A4D7A026DEC4A34744D0AD0AD.d.8E43AC4F934DD953CB31D2AA7FF1A962.e.4908/click - {}
RESULT: {}
RESULT: {}
COMMAND: POST /session/45c4803ccb022991b937de59045aa266/execute/async - {"script":"<script> [1562 bytes]","args":[{"selector":{"id":"application-managesites-display-component---NewSite--addressDetailDetailsCity1","interaction":{"idSuffix":"inner"}},"wdio_ui5_key":"applicationmanagesites-display-component---NewSite--addressDetailDetailsCity1"}]}
COMMAND: GET /session/45c4803ccb022991b937de59045aa266/screenshot - {}
RESULT: {"script":"<script> [1562 bytes]","args":[{"selector":{"id":"application-managesites-display-component---NewSite--addressDetailDetailsCity1","interaction":{"idSuffix":"inner"}},"wdio_ui5_key":"applicationmanagesites-display-component---NewSite--addressDetailDetailsCity1"}]}
RESULT: undefined
COMMAND: POST /session/45c4803ccb022991b937de59045aa266/execute/async - {"script":"<script> [776 bytes]","args":[{"enterText":"Rosario","selector":{"id":"application-managesites-display-component---NewSite--addressDetailDetailsCity1","interaction":{"idSuffix":"inner"}},"clearTextFirst":true,"interactionType":"ENTER_TEXT"}]}
RESULT: {}
RESULT: {"script":"<script> [776 bytes]","args":[{"enterText":"Rosario","selector":{"id":"application-managesites-display-component---NewSite--addressDetailDetailsCity1","interaction":{"idSuffix":"inner"}},"clearTextFirst":true,"interactionType":"ENTER_TEXT"}]}
COMMAND: POST /session/45c4803ccb022991b937de59045aa266/execute/async - {"script":"<script> [1562 bytes]","args":[{"selector":{"id":"application-managesites-display-component---NewSite--addressDetailDetailsCountry-arrow"},"wdio_ui5_key":"applicationmanagesites-display-component---NewSite--addressDetailDetailsCountry-arrow"}]}
RESULT: {"script":"<script> [1562 bytes]","args":[{"selector":{"id":"application-managesites-display-component---NewSite--addressDetailDetailsCountry-arrow"},"wdio_ui5_key":"applicationmanagesites-display-component---NewSite--addressDetailDetailsCountry-arrow"}]}
RESULT: undefined
COMMAND: POST /session/45c4803ccb022991b937de59045aa266/element - {"using":"xpath","value":"//*[@id=\"application-managesites-display-component---NewSite--addressDetailDetailsCountry-arrow\"]"}
RESULT: {"using":"xpath","value":"//*[@id=\"application-managesites-display-component---NewSite--addressDetailDetailsCountry-arrow\"]"}
COMMAND: POST /session/45c4803ccb022991b937de59045aa266/element/f.F294D51A4D7A026DEC4A34744D0AD0AD.d.8E43AC4F934DD953CB31D2AA7FF1A962.e.4910/click - {}
RESULT: {}
COMMAND: POST /session/45c4803ccb022991b937de59045aa266/element - {"using":"xpath","value":"//span[contains(text(), \"Argentina\")]"}
COMMAND: GET /session/45c4803ccb022991b937de59045aa266/screenshot - {}
RESULT: {"using":"xpath","value":"//span[contains(text(), \"Argentina\")]"}
COMMAND: POST /session/45c4803ccb022991b937de59045aa266/element/f.F294D51A4D7A026DEC4A34744D0AD0AD.d.8E43AC4F934DD953CB31D2AA7FF1A962.e.4911/click - {}
RESULT: {}
RESULT: {}
COMMAND: GET /session/45c4803ccb022991b937de59045aa266/screenshot - {}
RESULT: {}
COMMAND: POST /session/45c4803ccb022991b937de59045aa266/execute/async - {"script":"<script> [1562 bytes]","args":[{"selector":{"id":"application-managesites-display-component---NewSite--addressEditDetailsCostObjectCstType-arrow"},"wdio_ui5_key":"applicationmanagesites-display-component---NewSite--addressEditDetailsCostObjectCstType-arrow"}]}
RESULT: {"script":"<script> [1562 bytes]","args":[{"selector":{"id":"application-managesites-display-component---NewSite--addressEditDetailsCostObjectCstType-arrow"},"wdio_ui5_key":"applicationmanagesites-display-component---NewSite--addressEditDetailsCostObjectCstType-arrow"}]}
RESULT: undefined
COMMAND: POST /session/45c4803ccb022991b937de59045aa266/element - {"using":"xpath","value":"//*[@id=\"application-managesites-display-component---NewSite--addressEditDetailsCostObjectCstType-arrow\"]"}
RESULT: {"using":"xpath","value":"//*[@id=\"application-managesites-display-component---NewSite--addressEditDetailsCostObjectCstType-arrow\"]"}
COMMAND: POST /session/45c4803ccb022991b937de59045aa266/element/f.F294D51A4D7A026DEC4A34744D0AD0AD.d.8E43AC4F934DD953CB31D2AA7FF1A962.e.4913/click - {}
RESULT: {}
COMMAND: POST /session/45c4803ccb022991b937de59045aa266/element - {"using":"xpath","value":"//span[contains(text(), \"Cost Center\")]"}
COMMAND: GET /session/45c4803ccb022991b937de59045aa266/screenshot - {}
RESULT: {"using":"xpath","value":"//span[contains(text(), \"Cost Center\")]"}
COMMAND: POST /session/45c4803ccb022991b937de59045aa266/element/f.F294D51A4D7A026DEC4A34744D0AD0AD.d.8E43AC4F934DD953CB31D2AA7FF1A962.e.4915/click - {}
RESULT: {}
RESULT: {}
COMMAND: GET /session/45c4803ccb022991b937de59045aa266/screenshot - {}
RESULT: {}
COMMAND: POST /session/45c4803ccb022991b937de59045aa266/element - {"using":"xpath","value":"//span[@id=\"application-managesites-display-component---NewSite--addressNewCostObjectCstID-vhi\"]"}
RESULT: {"using":"xpath","value":"//span[@id=\"application-managesites-display-component---NewSite--addressNewCostObjectCstID-vhi\"]"}
COMMAND: POST /session/45c4803ccb022991b937de59045aa266/execute/sync - {"script":"<script> [8489 bytes]","args":[{"element-6066-11e4-a52e-4f735466cecf":"f.F294D51A4D7A026DEC4A34744D0AD0AD.d.8E43AC4F934DD953CB31D2AA7FF1A962.e.4919","ELEMENT":"f.F294D51A4D7A026DEC4A34744D0AD0AD.d.8E43AC4F934DD953CB31D2AA7FF1A962.e.4919"}]}
RESULT: {"script":"<script> [8489 bytes]","args":[{"element-6066-11e4-a52e-4f735466cecf":"f.F294D51A4D7A026DEC4A34744D0AD0AD.d.8E43AC4F934DD953CB31D2AA7FF1A962.e.4919","ELEMENT":"f.F294D51A4D7A026DEC4A34744D0AD0AD.d.8E43AC4F934DD953CB31D2AA7FF1A962.e.4919"}]}
COMMAND: POST /session/45c4803ccb022991b937de59045aa266/execute/async - {"script":"<script> [1562 bytes]","args":[{"selector":{"id":"application-managesites-display-component---NewSite--addressNewCostObjectCstID-vhi"},"wdio_ui5_key":"applicationmanagesites-display-component---NewSite--addressNewCostObjectCstID-vhi"}]}
COMMAND: GET /session/45c4803ccb022991b937de59045aa266/screenshot - {}
RESULT: {"script":"<script> [1562 bytes]","args":[{"selector":{"id":"application-managesites-display-component---NewSite--addressNewCostObjectCstID-vhi"},"wdio_ui5_key":"applicationmanagesites-display-component---NewSite--addressNewCostObjectCstID-vhi"}]}
RESULT: undefined
COMMAND: POST /session/45c4803ccb022991b937de59045aa266/element - {"using":"xpath","value":"//*[@id=\"application-managesites-display-component---NewSite--addressNewCostObjectCstID-vhi\"]"}
RESULT: {}
RESULT: {"using":"xpath","value":"//*[@id=\"application-managesites-display-component---NewSite--addressNewCostObjectCstID-vhi\"]"}
COMMAND: POST /session/45c4803ccb022991b937de59045aa266/element/f.F294D51A4D7A026DEC4A34744D0AD0AD.d.8E43AC4F934DD953CB31D2AA7FF1A962.e.4919/click - {}
RESULT: {}
COMMAND: GET /session/45c4803ccb022991b937de59045aa266/screenshot - {}
RESULT: {}
RESULT: undefined
COMMAND: POST /session/45c4803ccb022991b937de59045aa266/execute/async - {"script":"<script> [776 bytes]","args":[{"enterText":"10001013","selector":{"controlType":"sap.m.SearchField","properties":{"placeholder":"Search"},"searchOpenDialogs":true,"interaction":{"idSuffix":"I"}},"clearTextFirst":true,"interactionType":"ENTER_TEXT"}]}
RESULT: {"script":"<script> [776 bytes]","args":[{"enterText":"10001013","selector":{"controlType":"sap.m.SearchField","properties":{"placeholder":"Search"},"searchOpenDialogs":true,"interaction":{"idSuffix":"I"}},"clearTextFirst":true,"interactionType":"ENTER_TEXT"}]}
COMMAND: POST /session/45c4803ccb022991b937de59045aa266/actions - {"actions":[{"id":"action12","type":"key","parameters":{},"actions":[{"type":"keyDown","value":"î€‡"},{"type":"pause","duration":10},{"type":"keyUp","value":"î€‡"}]}]}
RESULT: {"actions":[{"id":"action12","type":"key","parameters":{},"actions":[{"type":"keyDown","value":"î€‡"},{"type":"pause","duration":10},{"type":"keyUp","value":"î€‡"}]}]}
COMMAND: GET /session/45c4803ccb022991b937de59045aa266/screenshot - {}
RESULT: {}
COMMAND: POST /session/45c4803ccb022991b937de59045aa266/element - {"using":"xpath","value":"//span[contains(text(), \"General Management\")]"}
RESULT: {"using":"xpath","value":"//span[contains(text(), \"General Management\")]"}
COMMAND: POST /session/45c4803ccb022991b937de59045aa266/element/f.F294D51A4D7A026DEC4A34744D0AD0AD.d.8E43AC4F934DD953CB31D2AA7FF1A962.e.4957/click - {}
RESULT: {}
COMMAND: GET /session/45c4803ccb022991b937de59045aa266/screenshot - {}
RESULT: {}
COMMAND: POST /session/45c4803ccb022991b937de59045aa266/element - {"using":"xpath","value":"//bdi[contains(text(), \"OK\")]"}
RESULT: {"using":"xpath","value":"//bdi[contains(text(), \"OK\")]"}
COMMAND: POST /session/45c4803ccb022991b937de59045aa266/element/f.F294D51A4D7A026DEC4A34744D0AD0AD.d.8E43AC4F934DD953CB31D2AA7FF1A962.e.4958/click - {}
RESULT: {}
COMMAND: GET /session/45c4803ccb022991b937de59045aa266/screenshot - {}
RESULT: {}
COMMAND: POST /session/45c4803ccb022991b937de59045aa266/element - {"using":"xpath","value":"//input[@id=\"application-managesites-display-component---NewSite--addressDetailDetailsCalendar-inner\"]"}
RESULT: {"using":"xpath","value":"//input[@id=\"application-managesites-display-component---NewSite--addressDetailDetailsCalendar-inner\"]"}
COMMAND: POST /session/45c4803ccb022991b937de59045aa266/element/f.F294D51A4D7A026DEC4A34744D0AD0AD.d.8E43AC4F934DD953CB31D2AA7FF1A962.e.4696/clear - {}
RESULT: {}
COMMAND: POST /session/45c4803ccb022991b937de59045aa266/element/f.F294D51A4D7A026DEC4A34744D0AD0AD.d.8E43AC4F934DD953CB31D2AA7FF1A962.e.4696/value - {"text":"Unit"}
COMMAND: GET /session/45c4803ccb022991b937de59045aa266/screenshot - {}
RESULT: {"text":"Unit"}
COMMAND: GET /session/45c4803ccb022991b937de59045aa266/screenshot - {}
RESULT: {}
RESULT: {}
COMMAND: POST /session/45c4803ccb022991b937de59045aa266/actions - {"actions":[{"id":"action13","type":"key","parameters":{},"actions":[{"type":"keyDown","value":"î€‡"},{"type":"pause","duration":10},{"type":"keyUp","value":"î€‡"}]}]}
RESULT: {"actions":[{"id":"action13","type":"key","parameters":{},"actions":[{"type":"keyDown","value":"î€‡"},{"type":"pause","duration":10},{"type":"keyUp","value":"î€‡"}]}]}
COMMAND: POST /session/45c4803ccb022991b937de59045aa266/element - {"using":"xpath","value":"//input[@id=\"application-managesites-display-component---NewSite--addressDetailDetailsYard-inner\"]"}
COMMAND: GET /session/45c4803ccb022991b937de59045aa266/screenshot - {}
RESULT: {"using":"xpath","value":"//input[@id=\"application-managesites-display-component---NewSite--addressDetailDetailsYard-inner\"]"}
COMMAND: POST /session/45c4803ccb022991b937de59045aa266/element/f.F294D51A4D7A026DEC4A34744D0AD0AD.d.8E43AC4F934DD953CB31D2AA7FF1A962.e.4697/clear - {}
RESULT: {}
RESULT: {}
COMMAND: POST /session/45c4803ccb022991b937de59045aa266/element/f.F294D51A4D7A026DEC4A34744D0AD0AD.d.8E43AC4F934DD953CB31D2AA7FF1A962.e.4697/value - {"text":"636"}
COMMAND: GET /session/45c4803ccb022991b937de59045aa266/screenshot - {}
RESULT: {"text":"636"}
COMMAND: GET /session/45c4803ccb022991b937de59045aa266/screenshot - {}
RESULT: {}
RESULT: {}
COMMAND: POST /session/45c4803ccb022991b937de59045aa266/element - {"using":"xpath","value":"//li[.//span[text()='636']]"}
RESULT: {"using":"xpath","value":"//li[.//span[text()='636']]"}
COMMAND: POST /session/45c4803ccb022991b937de59045aa266/element/f.F294D51A4D7A026DEC4A34744D0AD0AD.d.8E43AC4F934DD953CB31D2AA7FF1A962.e.4966/click - {}
RESULT: {}
COMMAND: GET /session/45c4803ccb022991b937de59045aa266/screenshot - {}
RESULT: {}
COMMAND: POST /session/45c4803ccb022991b937de59045aa266/element - {"using":"xpath","value":"//input[@id=\"application-managesites-display-component---NewSite--addressDetailDetailsPartner-inner\"]"}
RESULT: {"using":"xpath","value":"//input[@id=\"application-managesites-display-component---NewSite--addressDetailDetailsPartner-inner\"]"}
COMMAND: POST /session/45c4803ccb022991b937de59045aa266/element - {"using":"xpath","value":"//input[@id=\"application-managesites-display-component---NewSite--addressDetailDetailsPartner-inner\"]"}
RESULT: {"using":"xpath","value":"//input[@id=\"application-managesites-display-component---NewSite--addressDetailDetailsPartner-inner\"]"}
COMMAND: POST /session/45c4803ccb022991b937de59045aa266/element - {"using":"xpath","value":"//button[@data-kt=\"saveButton\"]"}
RESULT: {"using":"xpath","value":"//button[@data-kt=\"saveButton\"]"}
COMMAND: POST /session/45c4803ccb022991b937de59045aa266/element/f.F294D51A4D7A026DEC4A34744D0AD0AD.d.8E43AC4F934DD953CB31D2AA7FF1A962.e.4892/click - {}
RESULT: {}
COMMAND: GET /session/45c4803ccb022991b937de59045aa266/screenshot - {}
RESULT: {}
COMMAND: POST /session/45c4803ccb022991b937de59045aa266/element - {"using":"xpath","value":"//header[contains(@id, 'ObjectPageLayout-headerTitle')]/div[1]/div[2]/div[2]/span[1]"}
RESULT: {"using":"xpath","value":"//header[contains(@id, 'ObjectPageLayout-headerTitle')]/div[1]/div[2]/div[2]/span[1]"}
COMMAND: POST /session/45c4803ccb022991b937de59045aa266/elements - {"using":"xpath","value":"//header[contains(@id, 'ObjectPageLayout-headerTitle')]/div[1]/div[2]/div[2]/span[1]"}
RESULT: {"using":"xpath","value":"//header[contains(@id, 'ObjectPageLayout-headerTitle')]/div[1]/div[2]/div[2]/span[1]"}
COMMAND: POST /session/45c4803ccb022991b937de59045aa266/execute/sync - {"script":"<script> [56 bytes]","args":[{"element-6066-11e4-a52e-4f735466cecf":"f.F294D51A4D7A026DEC4A34744D0AD0AD.d.8E43AC4F934DD953CB31D2AA7FF1A962.e.5170","ELEMENT":"f.F294D51A4D7A026DEC4A34744D0AD0AD.d.8E43AC4F934DD953CB31D2AA7FF1A962.e.5170"}]}
RESULT: {"script":"<script> [56 bytes]","args":[{"element-6066-11e4-a52e-4f735466cecf":"f.F294D51A4D7A026DEC4A34744D0AD0AD.d.8E43AC4F934DD953CB31D2AA7FF1A962.e.5170","ELEMENT":"f.F294D51A4D7A026DEC4A34744D0AD0AD.d.8E43AC4F934DD953CB31D2AA7FF1A962.e.5170"}]}
COMMAND: POST /session/45c4803ccb022991b937de59045aa266/element - {"using":"css selector","value":"#shell-header-logo"}
COMMAND: GET /session/45c4803ccb022991b937de59045aa266/screenshot - {}
RESULT: {"using":"css selector","value":"#shell-header-logo"}
COMMAND: POST /session/45c4803ccb022991b937de59045aa266/element/f.F294D51A4D7A026DEC4A34744D0AD0AD.d.8E43AC4F934DD953CB31D2AA7FF1A962.e.4453/click - {}
RESULT: {}
RESULT: {}
COMMAND: GET /session/45c4803ccb022991b937de59045aa266/screenshot - {}
RESULT: {}
COMMAND: POST /session/45c4803ccb022991b937de59045aa266/execute/sync - {"script":"<script> [299 bytes]","args":[["getModel","getResource"]]}
RESULT: {"script":"<script> [299 bytes]","args":[["getModel","getResource"]]}
COMMAND: GET /session/45c4803ccb022991b937de59045aa266/screenshot - {}
]]></system-out>
    </testcase>
    <testcase classname="chrome.136_0_7103_93.windows.Create_masterdata_for_Yard_Overview_-_trigger_provide_US130988" name="Should create a new material" time="120.955">
      <system-out><![CDATA[
COMMAND: POST /session/45c4803ccb022991b937de59045aa266/execute/async - {"script":"<script> [1562 bytes]","args":[{"selector":{"controlType":"sap.m.GenericTile","properties":{"header":"Manage Resources"}},"wdio_ui5_key":"sapm.GenericTile{\"header\":\"Manage Resources\"}"}]}
RESULT: {}
RESULT: {"script":"<script> [1562 bytes]","args":[{"selector":{"controlType":"sap.m.GenericTile","properties":{"header":"Manage Resources"}},"wdio_ui5_key":"sapm.GenericTile{\"header\":\"Manage Resources\"}"}]}
RESULT: undefined
COMMAND: POST /session/45c4803ccb022991b937de59045aa266/element - {"using":"xpath","value":"//*[@id=\"__tile39\"]"}
RESULT: {"using":"xpath","value":"//*[@id=\"__tile39\"]"}
COMMAND: POST /session/45c4803ccb022991b937de59045aa266/element/f.F294D51A4D7A026DEC4A34744D0AD0AD.d.8E43AC4F934DD953CB31D2AA7FF1A962.e.2913/click - {}
RESULT: {}
COMMAND: GET /session/45c4803ccb022991b937de59045aa266/screenshot - {}
RESULT: {}
COMMAND: POST /session/45c4803ccb022991b937de59045aa266/elements - {"using":"xpath","value":"//span[text()='Error']"}
RESULT: {"using":"xpath","value":"//span[text()='Error']"}
COMMAND: POST /session/45c4803ccb022991b937de59045aa266/element - {"using":"xpath","value":"//button[@data-kt=\"addNewRUOverflowToolbarButton\"]"}
RESULT: {"using":"xpath","value":"//button[@data-kt=\"addNewRUOverflowToolbarButton\"]"}
COMMAND: POST /session/45c4803ccb022991b937de59045aa266/elements - {"using":"xpath","value":"//button[@data-kt=\"addNewRUOverflowToolbarButton\"]"}
RESULT: {"using":"xpath","value":"//button[@data-kt=\"addNewRUOverflowToolbarButton\"]"}
COMMAND: POST /session/45c4803ccb022991b937de59045aa266/execute/sync - {"script":"<script> [8489 bytes]","args":[{"element-6066-11e4-a52e-4f735466cecf":"f.F294D51A4D7A026DEC4A34744D0AD0AD.d.8E43AC4F934DD953CB31D2AA7FF1A962.e.5213","ELEMENT":"f.F294D51A4D7A026DEC4A34744D0AD0AD.d.8E43AC4F934DD953CB31D2AA7FF1A962.e.5213"}]}
RESULT: {"script":"<script> [8489 bytes]","args":[{"element-6066-11e4-a52e-4f735466cecf":"f.F294D51A4D7A026DEC4A34744D0AD0AD.d.8E43AC4F934DD953CB31D2AA7FF1A962.e.5213","ELEMENT":"f.F294D51A4D7A026DEC4A34744D0AD0AD.d.8E43AC4F934DD953CB31D2AA7FF1A962.e.5213"}]}
COMMAND: GET /session/45c4803ccb022991b937de59045aa266/element/f.F294D51A4D7A026DEC4A34744D0AD0AD.d.8E43AC4F934DD953CB31D2AA7FF1A962.e.5213/enabled - {}
COMMAND: GET /session/45c4803ccb022991b937de59045aa266/screenshot - {}
RESULT: {}
COMMAND: POST /session/45c4803ccb022991b937de59045aa266/execute/sync - {"script":"<script> [8489 bytes]","args":[{"element-6066-11e4-a52e-4f735466cecf":"f.F294D51A4D7A026DEC4A34744D0AD0AD.d.8E43AC4F934DD953CB31D2AA7FF1A962.e.5213","ELEMENT":"f.F294D51A4D7A026DEC4A34744D0AD0AD.d.8E43AC4F934DD953CB31D2AA7FF1A962.e.5213"}]}
COMMAND: GET /session/45c4803ccb022991b937de59045aa266/screenshot - {}
RESULT: {}
RESULT: {"script":"<script> [8489 bytes]","args":[{"element-6066-11e4-a52e-4f735466cecf":"f.F294D51A4D7A026DEC4A34744D0AD0AD.d.8E43AC4F934DD953CB31D2AA7FF1A962.e.5213","ELEMENT":"f.F294D51A4D7A026DEC4A34744D0AD0AD.d.8E43AC4F934DD953CB31D2AA7FF1A962.e.5213"}]}
COMMAND: POST /session/45c4803ccb022991b937de59045aa266/execute/sync - {"script":"<script> [5351 bytes]","args":[{"element-6066-11e4-a52e-4f735466cecf":"f.F294D51A4D7A026DEC4A34744D0AD0AD.d.8E43AC4F934DD953CB31D2AA7FF1A962.e.5213","ELEMENT":"f.F294D51A4D7A026DEC4A34744D0AD0AD.d.8E43AC4F934DD953CB31D2AA7FF1A962.e.5213"}]}
COMMAND: GET /session/45c4803ccb022991b937de59045aa266/screenshot - {}
RESULT: {}
RESULT: {"script":"<script> [5351 bytes]","args":[{"element-6066-11e4-a52e-4f735466cecf":"f.F294D51A4D7A026DEC4A34744D0AD0AD.d.8E43AC4F934DD953CB31D2AA7FF1A962.e.5213","ELEMENT":"f.F294D51A4D7A026DEC4A34744D0AD0AD.d.8E43AC4F934DD953CB31D2AA7FF1A962.e.5213"}]}
COMMAND: POST /session/45c4803ccb022991b937de59045aa266/element/f.F294D51A4D7A026DEC4A34744D0AD0AD.d.8E43AC4F934DD953CB31D2AA7FF1A962.e.5213/click - {}
COMMAND: GET /session/45c4803ccb022991b937de59045aa266/screenshot - {}
RESULT: {}
RESULT: {}
COMMAND: GET /session/45c4803ccb022991b937de59045aa266/screenshot - {}
COMMAND: POST /session/45c4803ccb022991b937de59045aa266/execute/async - {"script":"<script> [1562 bytes]","args":[{"selector":{"id":"application-manageresources-display-component---newResourceUnit--TYPE-arrow"},"wdio_ui5_key":"applicationmanageresources-display-component---newResourceUnit--TYPE-arrow"}]}
RESULT: {}
RESULT: {}
RESULT: {"script":"<script> [1562 bytes]","args":[{"selector":{"id":"application-manageresources-display-component---newResourceUnit--TYPE-arrow"},"wdio_ui5_key":"applicationmanageresources-display-component---newResourceUnit--TYPE-arrow"}]}
RESULT: undefined
COMMAND: POST /session/45c4803ccb022991b937de59045aa266/element - {"using":"xpath","value":"//*[@id=\"application-manageresources-display-component---newResourceUnit--TYPE-arrow\"]"}
RESULT: {"using":"xpath","value":"//*[@id=\"application-manageresources-display-component---newResourceUnit--TYPE-arrow\"]"}
COMMAND: POST /session/45c4803ccb022991b937de59045aa266/element/f.F294D51A4D7A026DEC4A34744D0AD0AD.d.8E43AC4F934DD953CB31D2AA7FF1A962.e.5565/click - {}
RESULT: {}
COMMAND: POST /session/45c4803ccb022991b937de59045aa266/element - {"using":"xpath","value":"//input[@id=\"application-manageresources-display-component---newResourceUnit--TYPE-inner\"]"}
COMMAND: GET /session/45c4803ccb022991b937de59045aa266/screenshot - {}
RESULT: {"using":"xpath","value":"//input[@id=\"application-manageresources-display-component---newResourceUnit--TYPE-inner\"]"}
COMMAND: POST /session/45c4803ccb022991b937de59045aa266/element/f.F294D51A4D7A026DEC4A34744D0AD0AD.d.8E43AC4F934DD953CB31D2AA7FF1A962.e.5554/clear - {}
RESULT: {}
RESULT: {}
COMMAND: POST /session/45c4803ccb022991b937de59045aa266/element/f.F294D51A4D7A026DEC4A34744D0AD0AD.d.8E43AC4F934DD953CB31D2AA7FF1A962.e.5554/value - {"text":"Material"}
COMMAND: GET /session/45c4803ccb022991b937de59045aa266/screenshot - {}
RESULT: {"text":"Material"}
COMMAND: GET /session/45c4803ccb022991b937de59045aa266/screenshot - {}
RESULT: {}
RESULT: {}
COMMAND: POST /session/45c4803ccb022991b937de59045aa266/actions - {"actions":[{"id":"action14","type":"key","parameters":{},"actions":[{"type":"keyDown","value":"î€‡"},{"type":"pause","duration":10},{"type":"keyUp","value":"î€‡"}]}]}
RESULT: {"actions":[{"id":"action14","type":"key","parameters":{},"actions":[{"type":"keyDown","value":"î€‡"},{"type":"pause","duration":10},{"type":"keyUp","value":"î€‡"}]}]}
COMMAND: POST /session/45c4803ccb022991b937de59045aa266/execute/async - {"script":"<script> [1562 bytes]","args":[{"selector":{"id":"application-manageresources-display-component---newResourceUnit--SHORT_TEXT","interaction":{"idSuffix":"inner"}},"wdio_ui5_key":"applicationmanageresources-display-component---newResourceUnit--SHORT_TEXT"}]}
COMMAND: GET /session/45c4803ccb022991b937de59045aa266/screenshot - {}
RESULT: {}
RESULT: {"script":"<script> [1562 bytes]","args":[{"selector":{"id":"application-manageresources-display-component---newResourceUnit--SHORT_TEXT","interaction":{"idSuffix":"inner"}},"wdio_ui5_key":"applicationmanageresources-display-component---newResourceUnit--SHORT_TEXT"}]}
RESULT: undefined
COMMAND: POST /session/45c4803ccb022991b937de59045aa266/execute/async - {"script":"<script> [776 bytes]","args":[{"enterText":"Cement WDIO","selector":{"id":"application-manageresources-display-component---newResourceUnit--SHORT_TEXT","interaction":{"idSuffix":"inner"}},"clearTextFirst":true,"interactionType":"ENTER_TEXT"}]}
RESULT: {"script":"<script> [776 bytes]","args":[{"enterText":"Cement WDIO","selector":{"id":"application-manageresources-display-component---newResourceUnit--SHORT_TEXT","interaction":{"idSuffix":"inner"}},"clearTextFirst":true,"interactionType":"ENTER_TEXT"}]}
COMMAND: POST /session/45c4803ccb022991b937de59045aa266/execute/async - {"script":"<script> [1562 bytes]","args":[{"selector":{"id":"application-manageresources-display-component---newResourceUnit--BASE_UNIT_OF_MEASURE","interaction":{"idSuffix":"inner"}},"wdio_ui5_key":"applicationmanageresources-display-component---newResourceUnit--BASE_UNIT_OF_MEASURE"}]}
RESULT: {"script":"<script> [1562 bytes]","args":[{"selector":{"id":"application-manageresources-display-component---newResourceUnit--BASE_UNIT_OF_MEASURE","interaction":{"idSuffix":"inner"}},"wdio_ui5_key":"applicationmanageresources-display-component---newResourceUnit--BASE_UNIT_OF_MEASURE"}]}
RESULT: undefined
COMMAND: POST /session/45c4803ccb022991b937de59045aa266/execute/async - {"script":"<script> [776 bytes]","args":[{"enterText":"Piece","selector":{"id":"application-manageresources-display-component---newResourceUnit--BASE_UNIT_OF_MEASURE","interaction":{"idSuffix":"inner"}},"clearTextFirst":true,"interactionType":"ENTER_TEXT"}]}
RESULT: {"script":"<script> [776 bytes]","args":[{"enterText":"Piece","selector":{"id":"application-manageresources-display-component---newResourceUnit--BASE_UNIT_OF_MEASURE","interaction":{"idSuffix":"inner"}},"clearTextFirst":true,"interactionType":"ENTER_TEXT"}]}
COMMAND: POST /session/45c4803ccb022991b937de59045aa266/execute/async - {"script":"<script> [1562 bytes]","args":[{"selector":{"id":"application-manageresources-display-component---newResourceUnit--WEIGHT_UNIT","interaction":{"idSuffix":"inner"}},"wdio_ui5_key":"applicationmanageresources-display-component---newResourceUnit--WEIGHT_UNIT"}]}
RESULT: {"script":"<script> [1562 bytes]","args":[{"selector":{"id":"application-manageresources-display-component---newResourceUnit--WEIGHT_UNIT","interaction":{"idSuffix":"inner"}},"wdio_ui5_key":"applicationmanageresources-display-component---newResourceUnit--WEIGHT_UNIT"}]}
RESULT: undefined
COMMAND: POST /session/45c4803ccb022991b937de59045aa266/execute/async - {"script":"<script> [776 bytes]","args":[{"enterText":"Gram","selector":{"id":"application-manageresources-display-component---newResourceUnit--WEIGHT_UNIT","interaction":{"idSuffix":"inner"}},"clearTextFirst":true,"interactionType":"ENTER_TEXT"}]}
RESULT: {"script":"<script> [776 bytes]","args":[{"enterText":"Gram","selector":{"id":"application-manageresources-display-component---newResourceUnit--WEIGHT_UNIT","interaction":{"idSuffix":"inner"}},"clearTextFirst":true,"interactionType":"ENTER_TEXT"}]}
COMMAND: POST /session/45c4803ccb022991b937de59045aa266/execute/async - {"script":"<script> [1562 bytes]","args":[{"selector":{"id":"application-manageresources-display-component---newResourceUnit--DIMENSION_UNIT","interaction":{"idSuffix":"inner"}},"wdio_ui5_key":"applicationmanageresources-display-component---newResourceUnit--DIMENSION_UNIT"}]}
RESULT: {"script":"<script> [1562 bytes]","args":[{"selector":{"id":"application-manageresources-display-component---newResourceUnit--DIMENSION_UNIT","interaction":{"idSuffix":"inner"}},"wdio_ui5_key":"applicationmanageresources-display-component---newResourceUnit--DIMENSION_UNIT"}]}
RESULT: undefined
COMMAND: POST /session/45c4803ccb022991b937de59045aa266/execute/async - {"script":"<script> [776 bytes]","args":[{"enterText":"Meter","selector":{"id":"application-manageresources-display-component---newResourceUnit--DIMENSION_UNIT","interaction":{"idSuffix":"inner"}},"clearTextFirst":true,"interactionType":"ENTER_TEXT"}]}
RESULT: {"script":"<script> [776 bytes]","args":[{"enterText":"Meter","selector":{"id":"application-manageresources-display-component---newResourceUnit--DIMENSION_UNIT","interaction":{"idSuffix":"inner"}},"clearTextFirst":true,"interactionType":"ENTER_TEXT"}]}
COMMAND: POST /session/45c4803ccb022991b937de59045aa266/execute/async - {"script":"<script> [1562 bytes]","args":[{"selector":{"id":"application-manageresources-display-component---newResourceUnit--newRRUPage-anchBar-application-manageresources-display-component---newResourceUnit--control-anchor","interaction":{"idSuffix":"BDI-content"}},"wdio_ui5_key":"applicationmanageresources-display-component---newResourceUnit--newRRUPage-anchBar-application-manageresources-display-component---newResourceUnit--control-anchor"}]}
RESULT: {"script":"<script> [1562 bytes]","args":[{"selector":{"id":"application-manageresources-display-component---newResourceUnit--newRRUPage-anchBar-application-manageresources-display-component---newResourceUnit--control-anchor","interaction":{"idSuffix":"BDI-content"}},"wdio_ui5_key":"applicationmanageresources-display-component---newResourceUnit--newRRUPage-anchBar-application-manageresources-display-component---newResourceUnit--control-anchor"}]}
RESULT: undefined
COMMAND: POST /session/45c4803ccb022991b937de59045aa266/element - {"using":"xpath","value":"//*[@id=\"application-manageresources-display-component---newResourceUnit--newRRUPage-anchBar-application-manageresources-display-component---newResourceUnit--control-anchor\"]"}
RESULT: {"using":"xpath","value":"//*[@id=\"application-manageresources-display-component---newResourceUnit--newRRUPage-anchBar-application-manageresources-display-component---newResourceUnit--control-anchor\"]"}
COMMAND: POST /session/45c4803ccb022991b937de59045aa266/element/f.F294D51A4D7A026DEC4A34744D0AD0AD.d.8E43AC4F934DD953CB31D2AA7FF1A962.e.5696/click - {}
RESULT: {}
COMMAND: POST /session/45c4803ccb022991b937de59045aa266/execute/async - {"script":"<script> [1562 bytes]","args":[{"selector":{"id":"application-manageresources-display-component---newResourceUnit--PLANNING_GROUP","interaction":{"idSuffix":"inner"}},"wdio_ui5_key":"applicationmanageresources-display-component---newResourceUnit--PLANNING_GROUP"}]}
COMMAND: GET /session/45c4803ccb022991b937de59045aa266/screenshot - {}
RESULT: {"script":"<script> [1562 bytes]","args":[{"selector":{"id":"application-manageresources-display-component---newResourceUnit--PLANNING_GROUP","interaction":{"idSuffix":"inner"}},"wdio_ui5_key":"applicationmanageresources-display-component---newResourceUnit--PLANNING_GROUP"}]}
RESULT: undefined
COMMAND: POST /session/45c4803ccb022991b937de59045aa266/execute/async - {"script":"<script> [776 bytes]","args":[{"enterText":"Material","selector":{"id":"application-manageresources-display-component---newResourceUnit--PLANNING_GROUP","interaction":{"idSuffix":"inner"}},"clearTextFirst":true,"interactionType":"ENTER_TEXT"}]}
RESULT: {}
RESULT: {"script":"<script> [776 bytes]","args":[{"enterText":"Material","selector":{"id":"application-manageresources-display-component---newResourceUnit--PLANNING_GROUP","interaction":{"idSuffix":"inner"}},"clearTextFirst":true,"interactionType":"ENTER_TEXT"}]}
COMMAND: POST /session/45c4803ccb022991b937de59045aa266/execute/async - {"script":"<script> [1562 bytes]","args":[{"selector":{"id":"application-manageresources-display-component---newResourceUnit--PLANNING_INDICATOR","interaction":{"idSuffix":"inner"}},"wdio_ui5_key":"applicationmanageresources-display-component---newResourceUnit--PLANNING_INDICATOR"}]}
RESULT: {"script":"<script> [1562 bytes]","args":[{"selector":{"id":"application-manageresources-display-component---newResourceUnit--PLANNING_INDICATOR","interaction":{"idSuffix":"inner"}},"wdio_ui5_key":"applicationmanageresources-display-component---newResourceUnit--PLANNING_INDICATOR"}]}
RESULT: undefined
COMMAND: POST /session/45c4803ccb022991b937de59045aa266/execute/async - {"script":"<script> [776 bytes]","args":[{"enterText":"10 - infinite","selector":{"id":"application-manageresources-display-component---newResourceUnit--PLANNING_INDICATOR","interaction":{"idSuffix":"inner"}},"clearTextFirst":true,"interactionType":"ENTER_TEXT"}]}
RESULT: {"script":"<script> [776 bytes]","args":[{"enterText":"10 - infinite","selector":{"id":"application-manageresources-display-component---newResourceUnit--PLANNING_INDICATOR","interaction":{"idSuffix":"inner"}},"clearTextFirst":true,"interactionType":"ENTER_TEXT"}]}
COMMAND: POST /session/45c4803ccb022991b937de59045aa266/element - {"using":"css selector","value":"#application-manageresources-display-component---newResourceUnit--btnAddTimeSegment"}
RESULT: {"using":"css selector","value":"#application-manageresources-display-component---newResourceUnit--btnAddTimeSegment"}
COMMAND: GET /session/45c4803ccb022991b937de59045aa266/element/f.F294D51A4D7A026DEC4A34744D0AD0AD.d.8E43AC4F934DD953CB31D2AA7FF1A962.e.5706/rect - {}
RESULT: {}
COMMAND: GET /session/45c4803ccb022991b937de59045aa266/window/rect - {}
RESULT: {}
COMMAND: POST /session/45c4803ccb022991b937de59045aa266/execute/sync - {"script":"<script> [92 bytes]","args":[]}
RESULT: {"script":"<script> [92 bytes]","args":[]}
COMMAND: POST /session/45c4803ccb022991b937de59045aa266/actions - {"actions":[{"id":"action15","type":"wheel","parameters":{},"actions":[{"type":"scroll","x":-1888,"y":-32,"deltaX":0,"deltaY":0,"duration":0,"origin":{"element-6066-11e4-a52e-4f735466cecf":"f.F294D51A4D7A026DEC4A34744D0AD0AD.d.8E43AC4F934DD953CB31D2AA7FF1A962.e.5706"}}]}]}
COMMAND: GET /session/45c4803ccb022991b937de59045aa266/screenshot - {}
RESULT: {}
COMMAND: POST /session/45c4803ccb022991b937de59045aa266/execute/sync - {"script":"<script> [79 bytes]","args":[{"element-6066-11e4-a52e-4f735466cecf":"f.F294D51A4D7A026DEC4A34744D0AD0AD.d.8E43AC4F934DD953CB31D2AA7FF1A962.e.5706","ELEMENT":"f.F294D51A4D7A026DEC4A34744D0AD0AD.d.8E43AC4F934DD953CB31D2AA7FF1A962.e.5706"},{"block":"start","inline":"nearest"}]}
RESULT: {"script":"<script> [79 bytes]","args":[{"element-6066-11e4-a52e-4f735466cecf":"f.F294D51A4D7A026DEC4A34744D0AD0AD.d.8E43AC4F934DD953CB31D2AA7FF1A962.e.5706","ELEMENT":"f.F294D51A4D7A026DEC4A34744D0AD0AD.d.8E43AC4F934DD953CB31D2AA7FF1A962.e.5706"},{"block":"start","inline":"nearest"}]}
COMMAND: POST /session/45c4803ccb022991b937de59045aa266/execute/async - {"script":"<script> [1562 bytes]","args":[{"selector":{"id":"application-manageresources-display-component---newResourceUnit--btnAddTimeSegment","interaction":{"idSuffix":"inner"}},"wdio_ui5_key":"applicationmanageresources-display-component---newResourceUnit--btnAddTimeSegment"}]}
COMMAND: GET /session/45c4803ccb022991b937de59045aa266/screenshot - {}
RESULT: {"script":"<script> [1562 bytes]","args":[{"selector":{"id":"application-manageresources-display-component---newResourceUnit--btnAddTimeSegment","interaction":{"idSuffix":"inner"}},"wdio_ui5_key":"applicationmanageresources-display-component---newResourceUnit--btnAddTimeSegment"}]}
RESULT: undefined
COMMAND: POST /session/45c4803ccb022991b937de59045aa266/element - {"using":"xpath","value":"//*[@id=\"application-manageresources-display-component---newResourceUnit--btnAddTimeSegment\"]"}
RESULT: {}
RESULT: {"using":"xpath","value":"//*[@id=\"application-manageresources-display-component---newResourceUnit--btnAddTimeSegment\"]"}
COMMAND: POST /session/45c4803ccb022991b937de59045aa266/element/f.F294D51A4D7A026DEC4A34744D0AD0AD.d.8E43AC4F934DD953CB31D2AA7FF1A962.e.5706/click - {}
RESULT: {}
COMMAND: GET /session/45c4803ccb022991b937de59045aa266/screenshot - {}
RESULT: {}
COMMAND: POST /session/45c4803ccb022991b937de59045aa266/element - {"using":"xpath","value":"//input[@id=\"application-manageresources-display-component---newResourceUnit--idRuTSAdmin-application-manageresources-display-component---newResourceUnit--RUTimeSegment-0-inner\"]"}
RESULT: {"using":"xpath","value":"//input[@id=\"application-manageresources-display-component---newResourceUnit--idRuTSAdmin-application-manageresources-display-component---newResourceUnit--RUTimeSegment-0-inner\"]"}
COMMAND: POST /session/45c4803ccb022991b937de59045aa266/element/f.F294D51A4D7A026DEC4A34744D0AD0AD.d.8E43AC4F934DD953CB31D2AA7FF1A962.e.5711/clear - {}
RESULT: {}
COMMAND: POST /session/45c4803ccb022991b937de59045aa266/element/f.F294D51A4D7A026DEC4A34744D0AD0AD.d.8E43AC4F934DD953CB31D2AA7FF1A962.e.5711/value - {"text":"636"}
COMMAND: GET /session/45c4803ccb022991b937de59045aa266/screenshot - {}
RESULT: {"text":"636"}
COMMAND: GET /session/45c4803ccb022991b937de59045aa266/screenshot - {}
RESULT: {}
RESULT: {}
COMMAND: POST /session/45c4803ccb022991b937de59045aa266/element - {"using":"xpath","value":"//li[.//span[text()='636']]"}
RESULT: {"using":"xpath","value":"//li[.//span[text()='636']]"}
COMMAND: POST /session/45c4803ccb022991b937de59045aa266/element/f.F294D51A4D7A026DEC4A34744D0AD0AD.d.8E43AC4F934DD953CB31D2AA7FF1A962.e.5722/click - {}
RESULT: {}
COMMAND: GET /session/45c4803ccb022991b937de59045aa266/screenshot - {}
RESULT: {}
COMMAND: POST /session/45c4803ccb022991b937de59045aa266/element - {"using":"xpath","value":"(//span[contains(@id, \"-application-manageresources-display-component---newResourceUnit--RUTimeSegment-0-arrow\")])[2]"}
RESULT: {"using":"xpath","value":"(//span[contains(@id, \"-application-manageresources-display-component---newResourceUnit--RUTimeSegment-0-arrow\")])[2]"}
COMMAND: POST /session/45c4803ccb022991b937de59045aa266/element/f.F294D51A4D7A026DEC4A34744D0AD0AD.d.8E43AC4F934DD953CB31D2AA7FF1A962.e.5723/click - {}
RESULT: {}
COMMAND: POST /session/45c4803ccb022991b937de59045aa266/element - {"using":"xpath","value":"//span[contains(text(), \"PM Order\")]"}
COMMAND: GET /session/45c4803ccb022991b937de59045aa266/screenshot - {}
RESULT: {"using":"xpath","value":"//span[contains(text(), \"PM Order\")]"}
COMMAND: POST /session/45c4803ccb022991b937de59045aa266/element/f.F294D51A4D7A026DEC4A34744D0AD0AD.d.8E43AC4F934DD953CB31D2AA7FF1A962.e.5724/click - {}
RESULT: {}
RESULT: {}
COMMAND: GET /session/45c4803ccb022991b937de59045aa266/screenshot - {}
RESULT: {}
COMMAND: POST /session/45c4803ccb022991b937de59045aa266/element - {"using":"xpath","value":"//td/div/div/div/span[contains(@id, \"newResourceUnit--RUTimeSegment-0-vhi\")][1]"}
RESULT: {"using":"xpath","value":"//td/div/div/div/span[contains(@id, \"newResourceUnit--RUTimeSegment-0-vhi\")][1]"}
COMMAND: GET /session/45c4803ccb022991b937de59045aa266/element/f.F294D51A4D7A026DEC4A34744D0AD0AD.d.8E43AC4F934DD953CB31D2AA7FF1A962.e.5728/rect - {}
RESULT: {}
COMMAND: GET /session/45c4803ccb022991b937de59045aa266/window/rect - {}
RESULT: {}
COMMAND: POST /session/45c4803ccb022991b937de59045aa266/execute/sync - {"script":"<script> [92 bytes]","args":[]}
RESULT: {"script":"<script> [92 bytes]","args":[]}
COMMAND: POST /session/45c4803ccb022991b937de59045aa266/actions - {"actions":[{"id":"action16","type":"wheel","parameters":{},"actions":[{"type":"scroll","x":-1888,"y":-24,"deltaX":0,"deltaY":0,"duration":0,"origin":{"element-6066-11e4-a52e-4f735466cecf":"f.F294D51A4D7A026DEC4A34744D0AD0AD.d.8E43AC4F934DD953CB31D2AA7FF1A962.e.5728"}}]}]}
COMMAND: GET /session/45c4803ccb022991b937de59045aa266/screenshot - {}
RESULT: {}
COMMAND: POST /session/45c4803ccb022991b937de59045aa266/execute/sync - {"script":"<script> [79 bytes]","args":[{"element-6066-11e4-a52e-4f735466cecf":"f.F294D51A4D7A026DEC4A34744D0AD0AD.d.8E43AC4F934DD953CB31D2AA7FF1A962.e.5728","ELEMENT":"f.F294D51A4D7A026DEC4A34744D0AD0AD.d.8E43AC4F934DD953CB31D2AA7FF1A962.e.5728"},{"block":"start","inline":"nearest"}]}
RESULT: {"script":"<script> [79 bytes]","args":[{"element-6066-11e4-a52e-4f735466cecf":"f.F294D51A4D7A026DEC4A34744D0AD0AD.d.8E43AC4F934DD953CB31D2AA7FF1A962.e.5728","ELEMENT":"f.F294D51A4D7A026DEC4A34744D0AD0AD.d.8E43AC4F934DD953CB31D2AA7FF1A962.e.5728"},{"block":"start","inline":"nearest"}]}
COMMAND: GET /session/45c4803ccb022991b937de59045aa266/screenshot - {}
RESULT: {}
COMMAND: POST /session/45c4803ccb022991b937de59045aa266/element/f.F294D51A4D7A026DEC4A34744D0AD0AD.d.8E43AC4F934DD953CB31D2AA7FF1A962.e.5728/click - {}
RESULT: {}
COMMAND: GET /session/45c4803ccb022991b937de59045aa266/screenshot - {}
RESULT: {}
RESULT: undefined
COMMAND: POST /session/45c4803ccb022991b937de59045aa266/execute/async - {"script":"<script> [776 bytes]","args":[{"enterText":"4000360","selector":{"controlType":"sap.m.SearchField","properties":{"placeholder":"Search"},"searchOpenDialogs":true,"interaction":{"idSuffix":"I"}},"clearTextFirst":true,"interactionType":"ENTER_TEXT"}]}
RESULT: {"script":"<script> [776 bytes]","args":[{"enterText":"4000360","selector":{"controlType":"sap.m.SearchField","properties":{"placeholder":"Search"},"searchOpenDialogs":true,"interaction":{"idSuffix":"I"}},"clearTextFirst":true,"interactionType":"ENTER_TEXT"}]}
COMMAND: POST /session/45c4803ccb022991b937de59045aa266/actions - {"actions":[{"id":"action17","type":"key","parameters":{},"actions":[{"type":"keyDown","value":"î€‡"},{"type":"pause","duration":10},{"type":"keyUp","value":"î€‡"}]}]}
RESULT: {"actions":[{"id":"action17","type":"key","parameters":{},"actions":[{"type":"keyDown","value":"î€‡"},{"type":"pause","duration":10},{"type":"keyUp","value":"î€‡"}]}]}
COMMAND: GET /session/45c4803ccb022991b937de59045aa266/screenshot - {}
RESULT: {}
COMMAND: POST /session/45c4803ccb022991b937de59045aa266/element - {"using":"xpath","value":"//td/div/span[contains(text(), \"BGL Vehicles\")]"}
RESULT: {"using":"xpath","value":"//td/div/span[contains(text(), \"BGL Vehicles\")]"}
COMMAND: POST /session/45c4803ccb022991b937de59045aa266/element/f.F294D51A4D7A026DEC4A34744D0AD0AD.d.8E43AC4F934DD953CB31D2AA7FF1A962.e.5748/click - {}
RESULT: {}
COMMAND: GET /session/45c4803ccb022991b937de59045aa266/screenshot - {}
RESULT: {}
COMMAND: POST /session/45c4803ccb022991b937de59045aa266/element - {"using":"xpath","value":"//bdi[contains(text(), \"OK\")]"}
RESULT: {"using":"xpath","value":"//bdi[contains(text(), \"OK\")]"}
COMMAND: POST /session/45c4803ccb022991b937de59045aa266/element/f.F294D51A4D7A026DEC4A34744D0AD0AD.d.8E43AC4F934DD953CB31D2AA7FF1A962.e.5749/click - {}
RESULT: {}
COMMAND: GET /session/45c4803ccb022991b937de59045aa266/screenshot - {}
RESULT: {}
COMMAND: POST /session/45c4803ccb022991b937de59045aa266/element - {"using":"xpath","value":"//label[contains(@class, 'sapMLabelRequired') and .//bdi[contains(text(), 'Planned Retirement')]]"}
RESULT: {"using":"xpath","value":"//label[contains(@class, 'sapMLabelRequired') and .//bdi[contains(text(), 'Planned Retirement')]]"}
COMMAND: POST /session/45c4803ccb022991b937de59045aa266/elements - {"using":"xpath","value":"//label[contains(@class, 'sapMLabelRequired') and .//bdi[contains(text(), 'Planned Retirement')]]"}
RESULT: {"using":"xpath","value":"//label[contains(@class, 'sapMLabelRequired') and .//bdi[contains(text(), 'Planned Retirement')]]"}
COMMAND: POST /session/45c4803ccb022991b937de59045aa266/element - {"using":"xpath","value":"//button[@data-kt=\"resourceUnitSaveButton\"]"}
RESULT: {"using":"xpath","value":"//button[@data-kt=\"resourceUnitSaveButton\"]"}
COMMAND: POST /session/45c4803ccb022991b937de59045aa266/element/f.F294D51A4D7A026DEC4A34744D0AD0AD.d.8E43AC4F934DD953CB31D2AA7FF1A962.e.5583/click - {}
RESULT: {}
COMMAND: GET /session/45c4803ccb022991b937de59045aa266/screenshot - {}
RESULT: {}
COMMAND: POST /session/45c4803ccb022991b937de59045aa266/element - {"using":"xpath","value":"//bdi[contains(text(), \"Close\")]"}
RESULT: {"using":"xpath","value":"//bdi[contains(text(), \"Close\")]"}
COMMAND: POST /session/45c4803ccb022991b937de59045aa266/element/f.F294D51A4D7A026DEC4A34744D0AD0AD.d.8E43AC4F934DD953CB31D2AA7FF1A962.e.5755/click - {}
RESULT: {}
COMMAND: GET /session/45c4803ccb022991b937de59045aa266/screenshot - {}
RESULT: {}
COMMAND: POST /session/45c4803ccb022991b937de59045aa266/element - {"using":"xpath","value":"//header[contains(@id, 'detailRruPage-headerTitle')]/div[1]/div[2]/div[2]/span[1]"}
RESULT: {"using":"xpath","value":"//header[contains(@id, 'detailRruPage-headerTitle')]/div[1]/div[2]/div[2]/span[1]"}
COMMAND: POST /session/45c4803ccb022991b937de59045aa266/elements - {"using":"xpath","value":"//header[contains(@id, 'detailRruPage-headerTitle')]/div[1]/div[2]/div[2]/span[1]"}
RESULT: {"using":"xpath","value":"//header[contains(@id, 'detailRruPage-headerTitle')]/div[1]/div[2]/div[2]/span[1]"}
COMMAND: POST /session/45c4803ccb022991b937de59045aa266/execute/sync - {"script":"<script> [56 bytes]","args":[{"element-6066-11e4-a52e-4f735466cecf":"f.F294D51A4D7A026DEC4A34744D0AD0AD.d.8E43AC4F934DD953CB31D2AA7FF1A962.e.5787","ELEMENT":"f.F294D51A4D7A026DEC4A34744D0AD0AD.d.8E43AC4F934DD953CB31D2AA7FF1A962.e.5787"}]}
RESULT: {"script":"<script> [56 bytes]","args":[{"element-6066-11e4-a52e-4f735466cecf":"f.F294D51A4D7A026DEC4A34744D0AD0AD.d.8E43AC4F934DD953CB31D2AA7FF1A962.e.5787","ELEMENT":"f.F294D51A4D7A026DEC4A34744D0AD0AD.d.8E43AC4F934DD953CB31D2AA7FF1A962.e.5787"}]}
COMMAND: POST /session/45c4803ccb022991b937de59045aa266/element - {"using":"css selector","value":"#shell-header-logo"}
COMMAND: GET /session/45c4803ccb022991b937de59045aa266/screenshot - {}
RESULT: {"using":"css selector","value":"#shell-header-logo"}
COMMAND: POST /session/45c4803ccb022991b937de59045aa266/element/f.F294D51A4D7A026DEC4A34744D0AD0AD.d.8E43AC4F934DD953CB31D2AA7FF1A962.e.5174/click - {}
RESULT: {}
RESULT: {}
COMMAND: GET /session/45c4803ccb022991b937de59045aa266/screenshot - {}
RESULT: {}
]]></system-out>
    </testcase>
    <testcase classname="chrome.136_0_7103_93.windows.Create_masterdata_for_Yard_Overview_-_trigger_provide_US130988" name="Bin Status Report Should Create New Organization yard" time="84.941">
      <system-out><![CDATA[
COMMAND: POST /session/45c4803ccb022991b937de59045aa266/execute/async - {"script":"<script> [1562 bytes]","args":[{"selector":{"controlType":"sap.m.GenericTile","properties":{"header":"Bin Status Report"}},"wdio_ui5_key":"sapm.GenericTile{\"header\":\"Bin Status Report\"}"}]}
RESULT: {"script":"<script> [1562 bytes]","args":[{"selector":{"controlType":"sap.m.GenericTile","properties":{"header":"Bin Status Report"}},"wdio_ui5_key":"sapm.GenericTile{\"header\":\"Bin Status Report\"}"}]}
RESULT: undefined
COMMAND: POST /session/45c4803ccb022991b937de59045aa266/element - {"using":"xpath","value":"//*[@id=\"__tile104\"]"}
RESULT: {"using":"xpath","value":"//*[@id=\"__tile104\"]"}
COMMAND: POST /session/45c4803ccb022991b937de59045aa266/element/f.F294D51A4D7A026DEC4A34744D0AD0AD.d.8E43AC4F934DD953CB31D2AA7FF1A962.e.5789/click - {}
RESULT: {}
COMMAND: GET /session/45c4803ccb022991b937de59045aa266/screenshot - {}
RESULT: {}
COMMAND: POST /session/45c4803ccb022991b937de59045aa266/elements - {"using":"xpath","value":"//span[text()='Error']"}
RESULT: {"using":"xpath","value":"//span[text()='Error']"}
COMMAND: POST /session/45c4803ccb022991b937de59045aa266/element - {"using":"xpath","value":"//button[@id=\"application-binstatusreport-display-component---warehousing--createOrgBtn\"]"}
RESULT: {"using":"xpath","value":"//button[@id=\"application-binstatusreport-display-component---warehousing--createOrgBtn\"]"}
COMMAND: POST /session/45c4803ccb022991b937de59045aa266/elements - {"using":"xpath","value":"//button[@id=\"application-binstatusreport-display-component---warehousing--createOrgBtn\"]"}
RESULT: {"using":"xpath","value":"//button[@id=\"application-binstatusreport-display-component---warehousing--createOrgBtn\"]"}
COMMAND: POST /session/45c4803ccb022991b937de59045aa266/execute/sync - {"script":"<script> [8489 bytes]","args":[{"element-6066-11e4-a52e-4f735466cecf":"f.F294D51A4D7A026DEC4A34744D0AD0AD.d.8E43AC4F934DD953CB31D2AA7FF1A962.e.5827","ELEMENT":"f.F294D51A4D7A026DEC4A34744D0AD0AD.d.8E43AC4F934DD953CB31D2AA7FF1A962.e.5827"}]}
RESULT: {"script":"<script> [8489 bytes]","args":[{"element-6066-11e4-a52e-4f735466cecf":"f.F294D51A4D7A026DEC4A34744D0AD0AD.d.8E43AC4F934DD953CB31D2AA7FF1A962.e.5827","ELEMENT":"f.F294D51A4D7A026DEC4A34744D0AD0AD.d.8E43AC4F934DD953CB31D2AA7FF1A962.e.5827"}]}
COMMAND: GET /session/45c4803ccb022991b937de59045aa266/element/f.F294D51A4D7A026DEC4A34744D0AD0AD.d.8E43AC4F934DD953CB31D2AA7FF1A962.e.5827/enabled - {}
COMMAND: GET /session/45c4803ccb022991b937de59045aa266/screenshot - {}
RESULT: {}
COMMAND: POST /session/45c4803ccb022991b937de59045aa266/execute/sync - {"script":"<script> [8489 bytes]","args":[{"element-6066-11e4-a52e-4f735466cecf":"f.F294D51A4D7A026DEC4A34744D0AD0AD.d.8E43AC4F934DD953CB31D2AA7FF1A962.e.5827","ELEMENT":"f.F294D51A4D7A026DEC4A34744D0AD0AD.d.8E43AC4F934DD953CB31D2AA7FF1A962.e.5827"}]}
COMMAND: GET /session/45c4803ccb022991b937de59045aa266/screenshot - {}
RESULT: {}
RESULT: {"script":"<script> [8489 bytes]","args":[{"element-6066-11e4-a52e-4f735466cecf":"f.F294D51A4D7A026DEC4A34744D0AD0AD.d.8E43AC4F934DD953CB31D2AA7FF1A962.e.5827","ELEMENT":"f.F294D51A4D7A026DEC4A34744D0AD0AD.d.8E43AC4F934DD953CB31D2AA7FF1A962.e.5827"}]}
COMMAND: POST /session/45c4803ccb022991b937de59045aa266/execute/sync - {"script":"<script> [5351 bytes]","args":[{"element-6066-11e4-a52e-4f735466cecf":"f.F294D51A4D7A026DEC4A34744D0AD0AD.d.8E43AC4F934DD953CB31D2AA7FF1A962.e.5827","ELEMENT":"f.F294D51A4D7A026DEC4A34744D0AD0AD.d.8E43AC4F934DD953CB31D2AA7FF1A962.e.5827"}]}
COMMAND: GET /session/45c4803ccb022991b937de59045aa266/screenshot - {}
RESULT: {}
RESULT: {"script":"<script> [5351 bytes]","args":[{"element-6066-11e4-a52e-4f735466cecf":"f.F294D51A4D7A026DEC4A34744D0AD0AD.d.8E43AC4F934DD953CB31D2AA7FF1A962.e.5827","ELEMENT":"f.F294D51A4D7A026DEC4A34744D0AD0AD.d.8E43AC4F934DD953CB31D2AA7FF1A962.e.5827"}]}
COMMAND: GET /session/45c4803ccb022991b937de59045aa266/screenshot - {}
RESULT: {}
RESULT: {}
COMMAND: POST /session/45c4803ccb022991b937de59045aa266/element/f.F294D51A4D7A026DEC4A34744D0AD0AD.d.8E43AC4F934DD953CB31D2AA7FF1A962.e.5827/click - {}
RESULT: {}
COMMAND: GET /session/45c4803ccb022991b937de59045aa266/screenshot - {}
RESULT: {}
COMMAND: POST /session/45c4803ccb022991b937de59045aa266/execute/async - {"script":"<script> [1562 bytes]","args":[{"selector":{"id":"createOrganizationPop--sectionInput","searchOpenDialogs":true,"interaction":{"idSuffix":"inner"}},"wdio_ui5_key":"createOrganizationPopsectionInput"}]}
RESULT: {"script":"<script> [1562 bytes]","args":[{"selector":{"id":"createOrganizationPop--sectionInput","searchOpenDialogs":true,"interaction":{"idSuffix":"inner"}},"wdio_ui5_key":"createOrganizationPopsectionInput"}]}
RESULT: undefined
COMMAND: POST /session/45c4803ccb022991b937de59045aa266/execute/async - {"script":"<script> [776 bytes]","args":[{"enterText":"WDIO-636","selector":{"id":"createOrganizationPop--sectionInput","searchOpenDialogs":true,"interaction":{"idSuffix":"inner"}},"clearTextFirst":true,"interactionType":"ENTER_TEXT"}]}
RESULT: {"script":"<script> [776 bytes]","args":[{"enterText":"WDIO-636","selector":{"id":"createOrganizationPop--sectionInput","searchOpenDialogs":true,"interaction":{"idSuffix":"inner"}},"clearTextFirst":true,"interactionType":"ENTER_TEXT"}]}
COMMAND: POST /session/45c4803ccb022991b937de59045aa266/execute/async - {"script":"<script> [1562 bytes]","args":[{"selector":{"id":"createOrganizationPop--descriptionInput","searchOpenDialogs":true,"interaction":{"idSuffix":"inner"}},"wdio_ui5_key":"createOrganizationPopdescriptionInput"}]}
RESULT: {"script":"<script> [1562 bytes]","args":[{"selector":{"id":"createOrganizationPop--descriptionInput","searchOpenDialogs":true,"interaction":{"idSuffix":"inner"}},"wdio_ui5_key":"createOrganizationPopdescriptionInput"}]}
RESULT: undefined
COMMAND: POST /session/45c4803ccb022991b937de59045aa266/execute/async - {"script":"<script> [776 bytes]","args":[{"enterText":"Shipping-636","selector":{"id":"createOrganizationPop--descriptionInput","searchOpenDialogs":true,"interaction":{"idSuffix":"inner"}},"clearTextFirst":true,"interactionType":"ENTER_TEXT"}]}
RESULT: {"script":"<script> [776 bytes]","args":[{"enterText":"Shipping-636","selector":{"id":"createOrganizationPop--descriptionInput","searchOpenDialogs":true,"interaction":{"idSuffix":"inner"}},"clearTextFirst":true,"interactionType":"ENTER_TEXT"}]}
COMMAND: POST /session/45c4803ccb022991b937de59045aa266/element - {"using":"css selector","value":"#createOrganizationPop--yardOrg-inner"}
RESULT: {"using":"css selector","value":"#createOrganizationPop--yardOrg-inner"}
COMMAND: POST /session/45c4803ccb022991b937de59045aa266/element/f.F294D51A4D7A026DEC4A34744D0AD0AD.d.8E43AC4F934DD953CB31D2AA7FF1A962.e.5882/clear - {}
RESULT: {}
COMMAND: POST /session/45c4803ccb022991b937de59045aa266/element/f.F294D51A4D7A026DEC4A34744D0AD0AD.d.8E43AC4F934DD953CB31D2AA7FF1A962.e.5882/value - {"text":"636"}
COMMAND: GET /session/45c4803ccb022991b937de59045aa266/screenshot - {}
RESULT: {"text":"636"}
COMMAND: GET /session/45c4803ccb022991b937de59045aa266/screenshot - {}
RESULT: {}
RESULT: {}
COMMAND: POST /session/45c4803ccb022991b937de59045aa266/actions - {"actions":[{"id":"action18","type":"key","parameters":{},"actions":[{"type":"keyDown","value":"î€‡"},{"type":"pause","duration":10},{"type":"keyUp","value":"î€‡"}]}]}
RESULT: {"actions":[{"id":"action18","type":"key","parameters":{},"actions":[{"type":"keyDown","value":"î€‡"},{"type":"pause","duration":10},{"type":"keyUp","value":"î€‡"}]}]}
COMMAND: POST /session/45c4803ccb022991b937de59045aa266/execute/async - {"script":"<script> [1562 bytes]","args":[{"selector":{"id":"createOrganizationPop--grZone","searchOpenDialogs":true,"interaction":{"idSuffix":"CbBg"}},"wdio_ui5_key":"createOrganizationPopgrZone"}]}
COMMAND: GET /session/45c4803ccb022991b937de59045aa266/screenshot - {}
RESULT: {"script":"<script> [1562 bytes]","args":[{"selector":{"id":"createOrganizationPop--grZone","searchOpenDialogs":true,"interaction":{"idSuffix":"CbBg"}},"wdio_ui5_key":"createOrganizationPopgrZone"}]}
RESULT: undefined
COMMAND: POST /session/45c4803ccb022991b937de59045aa266/element - {"using":"xpath","value":"//*[@id=\"createOrganizationPop--grZone\"]"}
RESULT: {}
RESULT: {"using":"xpath","value":"//*[@id=\"createOrganizationPop--grZone\"]"}
COMMAND: POST /session/45c4803ccb022991b937de59045aa266/element/f.F294D51A4D7A026DEC4A34744D0AD0AD.d.8E43AC4F934DD953CB31D2AA7FF1A962.e.5904/click - {}
RESULT: {}
COMMAND: GET /session/45c4803ccb022991b937de59045aa266/screenshot - {}
RESULT: {}
COMMAND: POST /session/45c4803ccb022991b937de59045aa266/execute/async - {"script":"<script> [1562 bytes]","args":[{"selector":{"id":"createOrganizationPop--giZone","searchOpenDialogs":true,"interaction":{"idSuffix":"CbBg"}},"wdio_ui5_key":"createOrganizationPopgiZone"}]}
RESULT: {"script":"<script> [1562 bytes]","args":[{"selector":{"id":"createOrganizationPop--giZone","searchOpenDialogs":true,"interaction":{"idSuffix":"CbBg"}},"wdio_ui5_key":"createOrganizationPopgiZone"}]}
RESULT: undefined
COMMAND: POST /session/45c4803ccb022991b937de59045aa266/element - {"using":"xpath","value":"//*[@id=\"createOrganizationPop--giZone\"]"}
RESULT: {"using":"xpath","value":"//*[@id=\"createOrganizationPop--giZone\"]"}
COMMAND: POST /session/45c4803ccb022991b937de59045aa266/element/f.F294D51A4D7A026DEC4A34744D0AD0AD.d.8E43AC4F934DD953CB31D2AA7FF1A962.e.5906/click - {}
RESULT: {}
COMMAND: GET /session/45c4803ccb022991b937de59045aa266/screenshot - {}
RESULT: {}
COMMAND: POST /session/45c4803ccb022991b937de59045aa266/execute/async - {"script":"<script> [1562 bytes]","args":[{"selector":{"id":"createOrganizationPop--binNoInput","searchOpenDialogs":true,"interaction":{"idSuffix":"inner"}},"wdio_ui5_key":"createOrganizationPopbinNoInput"}]}
RESULT: {"script":"<script> [1562 bytes]","args":[{"selector":{"id":"createOrganizationPop--binNoInput","searchOpenDialogs":true,"interaction":{"idSuffix":"inner"}},"wdio_ui5_key":"createOrganizationPopbinNoInput"}]}
RESULT: undefined
COMMAND: POST /session/45c4803ccb022991b937de59045aa266/execute/async - {"script":"<script> [776 bytes]","args":[{"enterText":"Bin-Wd","selector":{"id":"createOrganizationPop--binNoInput","searchOpenDialogs":true,"interaction":{"idSuffix":"inner"}},"clearTextFirst":true,"interactionType":"ENTER_TEXT"}]}
RESULT: {"script":"<script> [776 bytes]","args":[{"enterText":"Bin-Wd","selector":{"id":"createOrganizationPop--binNoInput","searchOpenDialogs":true,"interaction":{"idSuffix":"inner"}},"clearTextFirst":true,"interactionType":"ENTER_TEXT"}]}
COMMAND: POST /session/45c4803ccb022991b937de59045aa266/execute/async - {"script":"<script> [1562 bytes]","args":[{"selector":{"id":"createOrganizationPop--descriptionId","searchOpenDialogs":true,"interaction":{"idSuffix":"inner"}},"wdio_ui5_key":"createOrganizationPopdescriptionId"}]}
RESULT: {"script":"<script> [1562 bytes]","args":[{"selector":{"id":"createOrganizationPop--descriptionId","searchOpenDialogs":true,"interaction":{"idSuffix":"inner"}},"wdio_ui5_key":"createOrganizationPopdescriptionId"}]}
RESULT: undefined
COMMAND: POST /session/45c4803ccb022991b937de59045aa266/execute/async - {"script":"<script> [776 bytes]","args":[{"enterText":"Shipping-Wd","selector":{"id":"createOrganizationPop--descriptionId","searchOpenDialogs":true,"interaction":{"idSuffix":"inner"}},"clearTextFirst":true,"interactionType":"ENTER_TEXT"}]}
RESULT: {"script":"<script> [776 bytes]","args":[{"enterText":"Shipping-Wd","selector":{"id":"createOrganizationPop--descriptionId","searchOpenDialogs":true,"interaction":{"idSuffix":"inner"}},"clearTextFirst":true,"interactionType":"ENTER_TEXT"}]}
COMMAND: POST /session/45c4803ccb022991b937de59045aa266/execute/async - {"script":"<script> [1562 bytes]","args":[{"selector":{"controlType":"sap.m.CheckBox","viewName":"etm.portal.ui.binstatusreport.view.MasterWareBins","viewId":"application-binstatusreport-display-component---warehousing","bindingPath":{"path":"","propertyPath":"/ZONE","modelName":"newBin"},"searchOpenDialogs":true,"interaction":{"idSuffix":"CbBg"}},"wdio_ui5_key":"etmportal.ui.binstatusreport.view.MasterWareBinssap.m.CheckBox{\"path\":\"\",\"propertyPath\":\"/ZONE\",\"modelName\":\"newBin\"}"}]}
RESULT: {"script":"<script> [1562 bytes]","args":[{"selector":{"controlType":"sap.m.CheckBox","viewName":"etm.portal.ui.binstatusreport.view.MasterWareBins","viewId":"application-binstatusreport-display-component---warehousing","bindingPath":{"path":"","propertyPath":"/ZONE","modelName":"newBin"},"searchOpenDialogs":true,"interaction":{"idSuffix":"CbBg"}},"wdio_ui5_key":"etmportal.ui.binstatusreport.view.MasterWareBinssap.m.CheckBox{\"path\":\"\",\"propertyPath\":\"/ZONE\",\"modelName\":\"newBin\"}"}]}
RESULT: undefined
COMMAND: POST /session/45c4803ccb022991b937de59045aa266/element - {"using":"xpath","value":"//*[@id=\"__box56\"]"}
RESULT: {"using":"xpath","value":"//*[@id=\"__box56\"]"}
COMMAND: POST /session/45c4803ccb022991b937de59045aa266/element/f.F294D51A4D7A026DEC4A34744D0AD0AD.d.8E43AC4F934DD953CB31D2AA7FF1A962.e.5929/click - {}
RESULT: {}
COMMAND: GET /session/45c4803ccb022991b937de59045aa266/screenshot - {}
RESULT: {}
COMMAND: POST /session/45c4803ccb022991b937de59045aa266/execute/async - {"script":"<script> [1562 bytes]","args":[{"selector":{"id":"createOrganizationPop--binTypesCB","searchOpenDialogs":true,"interaction":{"idSuffix":"inner"}},"wdio_ui5_key":"createOrganizationPopbinTypesCB"}]}
RESULT: {"script":"<script> [1562 bytes]","args":[{"selector":{"id":"createOrganizationPop--binTypesCB","searchOpenDialogs":true,"interaction":{"idSuffix":"inner"}},"wdio_ui5_key":"createOrganizationPopbinTypesCB"}]}
RESULT: undefined
COMMAND: POST /session/45c4803ccb022991b937de59045aa266/execute/async - {"script":"<script> [776 bytes]","args":[{"enterText":"1 - General / No capacity check","selector":{"id":"createOrganizationPop--binTypesCB","searchOpenDialogs":true,"interaction":{"idSuffix":"inner"}},"clearTextFirst":true,"interactionType":"ENTER_TEXT"}]}
RESULT: {"script":"<script> [776 bytes]","args":[{"enterText":"1 - General / No capacity check","selector":{"id":"createOrganizationPop--binTypesCB","searchOpenDialogs":true,"interaction":{"idSuffix":"inner"}},"clearTextFirst":true,"interactionType":"ENTER_TEXT"}]}
COMMAND: POST /session/45c4803ccb022991b937de59045aa266/actions - {"actions":[{"id":"action19","type":"key","parameters":{},"actions":[{"type":"keyDown","value":"î€‡"},{"type":"pause","duration":10},{"type":"keyUp","value":"î€‡"}]}]}
RESULT: {"actions":[{"id":"action19","type":"key","parameters":{},"actions":[{"type":"keyDown","value":"î€‡"},{"type":"pause","duration":10},{"type":"keyUp","value":"î€‡"}]}]}
COMMAND: GET /session/45c4803ccb022991b937de59045aa266/screenshot - {}
RESULT: {}
COMMAND: POST /session/45c4803ccb022991b937de59045aa266/execute/async - {"script":"<script> [1562 bytes]","args":[{"selector":{"id":"createOrganizationPop--finishBtn","searchOpenDialogs":true,"interaction":{"idSuffix":"BDI-content"}},"wdio_ui5_key":"createOrganizationPopfinishBtn"}]}
RESULT: {"script":"<script> [1562 bytes]","args":[{"selector":{"id":"createOrganizationPop--finishBtn","searchOpenDialogs":true,"interaction":{"idSuffix":"BDI-content"}},"wdio_ui5_key":"createOrganizationPopfinishBtn"}]}
RESULT: undefined
COMMAND: POST /session/45c4803ccb022991b937de59045aa266/element - {"using":"xpath","value":"//*[@id=\"createOrganizationPop--finishBtn\"]"}
RESULT: {"using":"xpath","value":"//*[@id=\"createOrganizationPop--finishBtn\"]"}
COMMAND: POST /session/45c4803ccb022991b937de59045aa266/element/f.F294D51A4D7A026DEC4A34744D0AD0AD.d.8E43AC4F934DD953CB31D2AA7FF1A962.e.5940/click - {}
RESULT: {}
COMMAND: GET /session/45c4803ccb022991b937de59045aa266/screenshot - {}
RESULT: {}
COMMAND: POST /session/45c4803ccb022991b937de59045aa266/element - {"using":"css selector","value":"#shell-header-logo"}
RESULT: {"using":"css selector","value":"#shell-header-logo"}
COMMAND: POST /session/45c4803ccb022991b937de59045aa266/element/f.F294D51A4D7A026DEC4A34744D0AD0AD.d.8E43AC4F934DD953CB31D2AA7FF1A962.e.5795/click - {}
RESULT: {}
COMMAND: GET /session/45c4803ccb022991b937de59045aa266/screenshot - {}
RESULT: {}
]]></system-out>
    </testcase>
  </testsuite>
</testsuites>