<?xml version="1.0" encoding="UTF-8"?>
<testsuites tests="80" failures="6" errors="6" skipped="0">
  <testsuite timestamp="2025-05-28T16:17:21" time="793.272" tests="8" failures="0" errors="0" skipped="0">
    <properties>
      <property name="specId" value="0"/>
      <property name="suiteName" value="Stock increase - with WHM US125587"/>
      <property name="capabilities" value="chrome.136_0_7103_93.windows"/>
      <property name="file" value="file:///D:/a/1/s/test/specs/HTR/stock-increase.spec.js"/>
    </properties>
    <testcase classname="chrome.136_0_7103_93.windows.Stock_increase_-_with_WHM_US125587" name="Should create a new WHM yard" time="123.392">
      <system-out><![CDATA[
COMMAND: POST /session/d4f675b322105372b3380f2dea3f05ac/window/fullscreen - {}
RESULT: {}
COMMAND: POST /session/d4f675b322105372b3380f2dea3f05ac/execute/async - {"script":"<script> [1562 bytes]","args":[{"selector":{"controlType":"sap.m.GenericTile","properties":{"header":"Manage Yards"}},"wdio_ui5_key":"sapm.GenericTile{\"header\":\"Manage Yards\"}"}]}
RESULT: {"script":"<script> [1562 bytes]","args":[{"selector":{"controlType":"sap.m.GenericTile","properties":{"header":"Manage Yards"}},"wdio_ui5_key":"sapm.GenericTile{\"header\":\"Manage Yards\"}"}]}
RESULT: undefined
COMMAND: POST /session/d4f675b322105372b3380f2dea3f05ac/element - {"using":"xpath","value":"//*[@id=\"__tile41\"]"}
RESULT: {"using":"xpath","value":"//*[@id=\"__tile41\"]"}
COMMAND: POST /session/d4f675b322105372b3380f2dea3f05ac/element/f.73BB2000E1F4E36FD864906F51978B2B.d.54A2520D6F4ADC252B3A7BC7CFFB9340.e.124/click - {}
RESULT: {}
COMMAND: GET /session/d4f675b322105372b3380f2dea3f05ac/screenshot - {}
RESULT: {}
COMMAND: POST /session/d4f675b322105372b3380f2dea3f05ac/elements - {"using":"xpath","value":"//span[text()='Error']"}
RESULT: {"using":"xpath","value":"//span[text()='Error']"}
COMMAND: POST /session/d4f675b322105372b3380f2dea3f05ac/element - {"using":"xpath","value":"//button[@data-kt=\"addNewYardOverflowToolbarButton\"]"}
RESULT: {"using":"xpath","value":"//button[@data-kt=\"addNewYardOverflowToolbarButton\"]"}
COMMAND: POST /session/d4f675b322105372b3380f2dea3f05ac/elements - {"using":"xpath","value":"//button[@data-kt=\"addNewYardOverflowToolbarButton\"]"}
RESULT: {"using":"xpath","value":"//button[@data-kt=\"addNewYardOverflowToolbarButton\"]"}
COMMAND: POST /session/d4f675b322105372b3380f2dea3f05ac/execute/sync - {"script":"<script> [8489 bytes]","args":[{"element-6066-11e4-a52e-4f735466cecf":"f.73BB2000E1F4E36FD864906F51978B2B.d.54A2520D6F4ADC252B3A7BC7CFFB9340.e.262","ELEMENT":"f.73BB2000E1F4E36FD864906F51978B2B.d.54A2520D6F4ADC252B3A7BC7CFFB9340.e.262"}]}
RESULT: {"script":"<script> [8489 bytes]","args":[{"element-6066-11e4-a52e-4f735466cecf":"f.73BB2000E1F4E36FD864906F51978B2B.d.54A2520D6F4ADC252B3A7BC7CFFB9340.e.262","ELEMENT":"f.73BB2000E1F4E36FD864906F51978B2B.d.54A2520D6F4ADC252B3A7BC7CFFB9340.e.262"}]}
COMMAND: GET /session/d4f675b322105372b3380f2dea3f05ac/element/f.73BB2000E1F4E36FD864906F51978B2B.d.54A2520D6F4ADC252B3A7BC7CFFB9340.e.262/enabled - {}
COMMAND: GET /session/d4f675b322105372b3380f2dea3f05ac/screenshot - {}
RESULT: {}
COMMAND: POST /session/d4f675b322105372b3380f2dea3f05ac/execute/sync - {"script":"<script> [8489 bytes]","args":[{"element-6066-11e4-a52e-4f735466cecf":"f.73BB2000E1F4E36FD864906F51978B2B.d.54A2520D6F4ADC252B3A7BC7CFFB9340.e.262","ELEMENT":"f.73BB2000E1F4E36FD864906F51978B2B.d.54A2520D6F4ADC252B3A7BC7CFFB9340.e.262"}]}
COMMAND: GET /session/d4f675b322105372b3380f2dea3f05ac/screenshot - {}
RESULT: {}
RESULT: {"script":"<script> [8489 bytes]","args":[{"element-6066-11e4-a52e-4f735466cecf":"f.73BB2000E1F4E36FD864906F51978B2B.d.54A2520D6F4ADC252B3A7BC7CFFB9340.e.262","ELEMENT":"f.73BB2000E1F4E36FD864906F51978B2B.d.54A2520D6F4ADC252B3A7BC7CFFB9340.e.262"}]}
COMMAND: POST /session/d4f675b322105372b3380f2dea3f05ac/execute/sync - {"script":"<script> [5351 bytes]","args":[{"element-6066-11e4-a52e-4f735466cecf":"f.73BB2000E1F4E36FD864906F51978B2B.d.54A2520D6F4ADC252B3A7BC7CFFB9340.e.262","ELEMENT":"f.73BB2000E1F4E36FD864906F51978B2B.d.54A2520D6F4ADC252B3A7BC7CFFB9340.e.262"}]}
COMMAND: GET /session/d4f675b322105372b3380f2dea3f05ac/screenshot - {}
RESULT: {}
RESULT: {"script":"<script> [5351 bytes]","args":[{"element-6066-11e4-a52e-4f735466cecf":"f.73BB2000E1F4E36FD864906F51978B2B.d.54A2520D6F4ADC252B3A7BC7CFFB9340.e.262","ELEMENT":"f.73BB2000E1F4E36FD864906F51978B2B.d.54A2520D6F4ADC252B3A7BC7CFFB9340.e.262"}]}
COMMAND: POST /session/d4f675b322105372b3380f2dea3f05ac/element/f.73BB2000E1F4E36FD864906F51978B2B.d.54A2520D6F4ADC252B3A7BC7CFFB9340.e.262/click - {}
COMMAND: GET /session/d4f675b322105372b3380f2dea3f05ac/screenshot - {}
RESULT: {}
RESULT: {}
COMMAND: GET /session/d4f675b322105372b3380f2dea3f05ac/screenshot - {}
RESULT: {}
RESULT: {}
COMMAND: POST /session/d4f675b322105372b3380f2dea3f05ac/element - {"using":"xpath","value":"//input[@id=\"application-manageyards-display-component---NewYard--yardId-inner\"]"}
RESULT: {"using":"xpath","value":"//input[@id=\"application-manageyards-display-component---NewYard--yardId-inner\"]"}
COMMAND: POST /session/d4f675b322105372b3380f2dea3f05ac/element - {"using":"xpath","value":"//input[@id=\"application-manageyards-display-component---NewYard--yardId-inner\"]"}
RESULT: {"using":"xpath","value":"//input[@id=\"application-manageyards-display-component---NewYard--yardId-inner\"]"}
COMMAND: POST /session/d4f675b322105372b3380f2dea3f05ac/execute/async - {"script":"<script> [1562 bytes]","args":[{"selector":{"id":"application-manageyards-display-component---NewYard--addressDetailDetailsName1","interaction":{"idSuffix":"inner"}},"wdio_ui5_key":"applicationmanageyards-display-component---NewYard--addressDetailDetailsName1"}]}
RESULT: {"script":"<script> [1562 bytes]","args":[{"selector":{"id":"application-manageyards-display-component---NewYard--addressDetailDetailsName1","interaction":{"idSuffix":"inner"}},"wdio_ui5_key":"applicationmanageyards-display-component---NewYard--addressDetailDetailsName1"}]}
RESULT: undefined
COMMAND: POST /session/d4f675b322105372b3380f2dea3f05ac/execute/async - {"script":"<script> [776 bytes]","args":[{"enterText":"Warehouse Managed WDIO","selector":{"id":"application-manageyards-display-component---NewYard--addressDetailDetailsName1","interaction":{"idSuffix":"inner"}},"clearTextFirst":true,"interactionType":"ENTER_TEXT"}]}
RESULT: {"script":"<script> [776 bytes]","args":[{"enterText":"Warehouse Managed WDIO","selector":{"id":"application-manageyards-display-component---NewYard--addressDetailDetailsName1","interaction":{"idSuffix":"inner"}},"clearTextFirst":true,"interactionType":"ENTER_TEXT"}]}
COMMAND: POST /session/d4f675b322105372b3380f2dea3f05ac/execute/async - {"script":"<script> [1562 bytes]","args":[{"selector":{"id":"application-manageyards-display-component---NewYard--addressDetailDetailsLanguage-arrow"},"wdio_ui5_key":"applicationmanageyards-display-component---NewYard--addressDetailDetailsLanguage-arrow"}]}
RESULT: {"script":"<script> [1562 bytes]","args":[{"selector":{"id":"application-manageyards-display-component---NewYard--addressDetailDetailsLanguage-arrow"},"wdio_ui5_key":"applicationmanageyards-display-component---NewYard--addressDetailDetailsLanguage-arrow"}]}
RESULT: undefined
COMMAND: POST /session/d4f675b322105372b3380f2dea3f05ac/element - {"using":"xpath","value":"//*[@id=\"application-manageyards-display-component---NewYard--addressDetailDetailsLanguage-arrow\"]"}
RESULT: {"using":"xpath","value":"//*[@id=\"application-manageyards-display-component---NewYard--addressDetailDetailsLanguage-arrow\"]"}
COMMAND: POST /session/d4f675b322105372b3380f2dea3f05ac/element/f.73BB2000E1F4E36FD864906F51978B2B.d.54A2520D6F4ADC252B3A7BC7CFFB9340.e.694/click - {}
RESULT: {}
COMMAND: POST /session/d4f675b322105372b3380f2dea3f05ac/element - {"using":"xpath","value":"//span[contains(text(), \"English\")]"}
COMMAND: GET /session/d4f675b322105372b3380f2dea3f05ac/screenshot - {}
RESULT: {"using":"xpath","value":"//span[contains(text(), \"English\")]"}
COMMAND: POST /session/d4f675b322105372b3380f2dea3f05ac/element/f.73BB2000E1F4E36FD864906F51978B2B.d.54A2520D6F4ADC252B3A7BC7CFFB9340.e.695/click - {}
RESULT: {}
RESULT: {}
COMMAND: POST /session/d4f675b322105372b3380f2dea3f05ac/execute/async - {"script":"<script> [1562 bytes]","args":[{"selector":{"id":"application-manageyards-display-component---NewYard--addressDetailDetailsCity1","interaction":{"idSuffix":"inner"}},"wdio_ui5_key":"applicationmanageyards-display-component---NewYard--addressDetailDetailsCity1"}]}
COMMAND: GET /session/d4f675b322105372b3380f2dea3f05ac/screenshot - {}
RESULT: {"script":"<script> [1562 bytes]","args":[{"selector":{"id":"application-manageyards-display-component---NewYard--addressDetailDetailsCity1","interaction":{"idSuffix":"inner"}},"wdio_ui5_key":"applicationmanageyards-display-component---NewYard--addressDetailDetailsCity1"}]}
RESULT: undefined
COMMAND: POST /session/d4f675b322105372b3380f2dea3f05ac/execute/async - {"script":"<script> [776 bytes]","args":[{"enterText":"Rosario","selector":{"id":"application-manageyards-display-component---NewYard--addressDetailDetailsCity1","interaction":{"idSuffix":"inner"}},"clearTextFirst":true,"interactionType":"ENTER_TEXT"}]}
RESULT: {}
RESULT: {"script":"<script> [776 bytes]","args":[{"enterText":"Rosario","selector":{"id":"application-manageyards-display-component---NewYard--addressDetailDetailsCity1","interaction":{"idSuffix":"inner"}},"clearTextFirst":true,"interactionType":"ENTER_TEXT"}]}
COMMAND: POST /session/d4f675b322105372b3380f2dea3f05ac/execute/async - {"script":"<script> [1562 bytes]","args":[{"selector":{"id":"application-manageyards-display-component---NewYard--addressDetailDetailsCountry-arrow"},"wdio_ui5_key":"applicationmanageyards-display-component---NewYard--addressDetailDetailsCountry-arrow"}]}
RESULT: {"script":"<script> [1562 bytes]","args":[{"selector":{"id":"application-manageyards-display-component---NewYard--addressDetailDetailsCountry-arrow"},"wdio_ui5_key":"applicationmanageyards-display-component---NewYard--addressDetailDetailsCountry-arrow"}]}
RESULT: undefined
COMMAND: POST /session/d4f675b322105372b3380f2dea3f05ac/element - {"using":"xpath","value":"//*[@id=\"application-manageyards-display-component---NewYard--addressDetailDetailsCountry-arrow\"]"}
RESULT: {"using":"xpath","value":"//*[@id=\"application-manageyards-display-component---NewYard--addressDetailDetailsCountry-arrow\"]"}
COMMAND: POST /session/d4f675b322105372b3380f2dea3f05ac/element/f.73BB2000E1F4E36FD864906F51978B2B.d.54A2520D6F4ADC252B3A7BC7CFFB9340.e.697/click - {}
RESULT: {}
COMMAND: POST /session/d4f675b322105372b3380f2dea3f05ac/element - {"using":"xpath","value":"//span[contains(text(), \"Argentina\")]"}
COMMAND: GET /session/d4f675b322105372b3380f2dea3f05ac/screenshot - {}
RESULT: {"using":"xpath","value":"//span[contains(text(), \"Argentina\")]"}
COMMAND: POST /session/d4f675b322105372b3380f2dea3f05ac/element/f.73BB2000E1F4E36FD864906F51978B2B.d.54A2520D6F4ADC252B3A7BC7CFFB9340.e.699/click - {}
RESULT: {}
RESULT: {}
COMMAND: POST /session/d4f675b322105372b3380f2dea3f05ac/execute/async - {"script":"<script> [1562 bytes]","args":[{"selector":{"id":"application-manageyards-display-component---NewYard--addressEditDetailsCostObjectCstType-arrow"},"wdio_ui5_key":"applicationmanageyards-display-component---NewYard--addressEditDetailsCostObjectCstType-arrow"}]}
COMMAND: GET /session/d4f675b322105372b3380f2dea3f05ac/screenshot - {}
RESULT: {"script":"<script> [1562 bytes]","args":[{"selector":{"id":"application-manageyards-display-component---NewYard--addressEditDetailsCostObjectCstType-arrow"},"wdio_ui5_key":"applicationmanageyards-display-component---NewYard--addressEditDetailsCostObjectCstType-arrow"}]}
RESULT: undefined
COMMAND: POST /session/d4f675b322105372b3380f2dea3f05ac/element - {"using":"xpath","value":"//*[@id=\"application-manageyards-display-component---NewYard--addressEditDetailsCostObjectCstType-arrow\"]"}
RESULT: {}
RESULT: {"using":"xpath","value":"//*[@id=\"application-manageyards-display-component---NewYard--addressEditDetailsCostObjectCstType-arrow\"]"}
COMMAND: POST /session/d4f675b322105372b3380f2dea3f05ac/element/f.73BB2000E1F4E36FD864906F51978B2B.d.54A2520D6F4ADC252B3A7BC7CFFB9340.e.700/click - {}
RESULT: {}
COMMAND: POST /session/d4f675b322105372b3380f2dea3f05ac/element - {"using":"xpath","value":"//span[contains(text(), \"Cost Center\")]"}
COMMAND: GET /session/d4f675b322105372b3380f2dea3f05ac/screenshot - {}
RESULT: {"using":"xpath","value":"//span[contains(text(), \"Cost Center\")]"}
COMMAND: POST /session/d4f675b322105372b3380f2dea3f05ac/element/f.73BB2000E1F4E36FD864906F51978B2B.d.54A2520D6F4ADC252B3A7BC7CFFB9340.e.701/click - {}
RESULT: {}
RESULT: {}
COMMAND: GET /session/d4f675b322105372b3380f2dea3f05ac/screenshot - {}
RESULT: {}
COMMAND: POST /session/d4f675b322105372b3380f2dea3f05ac/element - {"using":"xpath","value":"//span[@id=\"application-manageyards-display-component---NewYard--addressNewCostObjectCstID-vhi\"]"}
RESULT: {"using":"xpath","value":"//span[@id=\"application-manageyards-display-component---NewYard--addressNewCostObjectCstID-vhi\"]"}
COMMAND: POST /session/d4f675b322105372b3380f2dea3f05ac/execute/sync - {"script":"<script> [8489 bytes]","args":[{"element-6066-11e4-a52e-4f735466cecf":"f.73BB2000E1F4E36FD864906F51978B2B.d.54A2520D6F4ADC252B3A7BC7CFFB9340.e.705","ELEMENT":"f.73BB2000E1F4E36FD864906F51978B2B.d.54A2520D6F4ADC252B3A7BC7CFFB9340.e.705"}]}
RESULT: {"script":"<script> [8489 bytes]","args":[{"element-6066-11e4-a52e-4f735466cecf":"f.73BB2000E1F4E36FD864906F51978B2B.d.54A2520D6F4ADC252B3A7BC7CFFB9340.e.705","ELEMENT":"f.73BB2000E1F4E36FD864906F51978B2B.d.54A2520D6F4ADC252B3A7BC7CFFB9340.e.705"}]}
COMMAND: POST /session/d4f675b322105372b3380f2dea3f05ac/execute/async - {"script":"<script> [1562 bytes]","args":[{"selector":{"id":"application-manageyards-display-component---NewYard--addressNewCostObjectCstID-vhi"},"wdio_ui5_key":"applicationmanageyards-display-component---NewYard--addressNewCostObjectCstID-vhi"}]}
COMMAND: GET /session/d4f675b322105372b3380f2dea3f05ac/screenshot - {}
RESULT: {"script":"<script> [1562 bytes]","args":[{"selector":{"id":"application-manageyards-display-component---NewYard--addressNewCostObjectCstID-vhi"},"wdio_ui5_key":"applicationmanageyards-display-component---NewYard--addressNewCostObjectCstID-vhi"}]}
RESULT: undefined
COMMAND: POST /session/d4f675b322105372b3380f2dea3f05ac/element - {"using":"xpath","value":"//*[@id=\"application-manageyards-display-component---NewYard--addressNewCostObjectCstID-vhi\"]"}
RESULT: {}
RESULT: {"using":"xpath","value":"//*[@id=\"application-manageyards-display-component---NewYard--addressNewCostObjectCstID-vhi\"]"}
COMMAND: POST /session/d4f675b322105372b3380f2dea3f05ac/element/f.73BB2000E1F4E36FD864906F51978B2B.d.54A2520D6F4ADC252B3A7BC7CFFB9340.e.705/click - {}
RESULT: {}
COMMAND: GET /session/d4f675b322105372b3380f2dea3f05ac/screenshot - {}
RESULT: {}
COMMAND: POST /session/d4f675b322105372b3380f2dea3f05ac/execute/async - {"script":"<script> [1562 bytes]","args":[{"selector":{"controlType":"sap.m.SearchField","properties":{"placeholder":"Search"},"searchOpenDialogs":true,"interaction":{"idSuffix":"I"}},"wdio_ui5_key":"sapm.SearchField{\"placeholder\":\"Search\"}"}]}
RESULT: {"script":"<script> [1562 bytes]","args":[{"selector":{"controlType":"sap.m.SearchField","properties":{"placeholder":"Search"},"searchOpenDialogs":true,"interaction":{"idSuffix":"I"}},"wdio_ui5_key":"sapm.SearchField{\"placeholder\":\"Search\"}"}]}
RESULT: undefined
COMMAND: POST /session/d4f675b322105372b3380f2dea3f05ac/execute/async - {"script":"<script> [776 bytes]","args":[{"enterText":"bauh_b","selector":{"controlType":"sap.m.SearchField","properties":{"placeholder":"Search"},"searchOpenDialogs":true,"interaction":{"idSuffix":"I"}},"clearTextFirst":true,"interactionType":"ENTER_TEXT"}]}
RESULT: {"script":"<script> [776 bytes]","args":[{"enterText":"bauh_b","selector":{"controlType":"sap.m.SearchField","properties":{"placeholder":"Search"},"searchOpenDialogs":true,"interaction":{"idSuffix":"I"}},"clearTextFirst":true,"interactionType":"ENTER_TEXT"}]}
COMMAND: POST /session/d4f675b322105372b3380f2dea3f05ac/actions - {"actions":[{"id":"action1","type":"key","parameters":{},"actions":[{"type":"keyDown","value":""},{"type":"pause","duration":10},{"type":"keyUp","value":""}]}]}
RESULT: {"actions":[{"id":"action1","type":"key","parameters":{},"actions":[{"type":"keyDown","value":""},{"type":"pause","duration":10},{"type":"keyUp","value":""}]}]}
COMMAND: GET /session/d4f675b322105372b3380f2dea3f05ac/screenshot - {}
RESULT: {}
COMMAND: POST /session/d4f675b322105372b3380f2dea3f05ac/element - {"using":"xpath","value":"//span[contains(text(), \"Demo Yard\")]"}
RESULT: {"using":"xpath","value":"//span[contains(text(), \"Demo Yard\")]"}
COMMAND: POST /session/d4f675b322105372b3380f2dea3f05ac/element/f.73BB2000E1F4E36FD864906F51978B2B.d.54A2520D6F4ADC252B3A7BC7CFFB9340.e.745/click - {}
RESULT: {}
COMMAND: GET /session/d4f675b322105372b3380f2dea3f05ac/screenshot - {}
RESULT: {}
COMMAND: POST /session/d4f675b322105372b3380f2dea3f05ac/element - {"using":"xpath","value":"//bdi[contains(text(), \"OK\")]"}
RESULT: {"using":"xpath","value":"//bdi[contains(text(), \"OK\")]"}
COMMAND: POST /session/d4f675b322105372b3380f2dea3f05ac/element/f.73BB2000E1F4E36FD864906F51978B2B.d.54A2520D6F4ADC252B3A7BC7CFFB9340.e.746/click - {}
RESULT: {}
COMMAND: GET /session/d4f675b322105372b3380f2dea3f05ac/screenshot - {}
RESULT: {}
COMMAND: POST /session/d4f675b322105372b3380f2dea3f05ac/execute/async - {"script":"<script> [1562 bytes]","args":[{"selector":{"id":"application-manageyards-display-component---NewYard--addressEditDetailsCurrency-arrow"},"wdio_ui5_key":"applicationmanageyards-display-component---NewYard--addressEditDetailsCurrency-arrow"}]}
RESULT: {"script":"<script> [1562 bytes]","args":[{"selector":{"id":"application-manageyards-display-component---NewYard--addressEditDetailsCurrency-arrow"},"wdio_ui5_key":"applicationmanageyards-display-component---NewYard--addressEditDetailsCurrency-arrow"}]}
RESULT: undefined
COMMAND: POST /session/d4f675b322105372b3380f2dea3f05ac/element - {"using":"xpath","value":"//*[@id=\"application-manageyards-display-component---NewYard--addressEditDetailsCurrency-arrow\"]"}
RESULT: {"using":"xpath","value":"//*[@id=\"application-manageyards-display-component---NewYard--addressEditDetailsCurrency-arrow\"]"}
COMMAND: POST /session/d4f675b322105372b3380f2dea3f05ac/element/f.73BB2000E1F4E36FD864906F51978B2B.d.54A2520D6F4ADC252B3A7BC7CFFB9340.e.749/click - {}
RESULT: {}
COMMAND: POST /session/d4f675b322105372b3380f2dea3f05ac/element - {"using":"xpath","value":"//span[contains(text(), \"Euro\")]"}
COMMAND: GET /session/d4f675b322105372b3380f2dea3f05ac/screenshot - {}
RESULT: {"using":"xpath","value":"//span[contains(text(), \"Euro\")]"}
COMMAND: POST /session/d4f675b322105372b3380f2dea3f05ac/element/f.73BB2000E1F4E36FD864906F51978B2B.d.54A2520D6F4ADC252B3A7BC7CFFB9340.e.750/click - {}
RESULT: {}
RESULT: {}
COMMAND: POST /session/d4f675b322105372b3380f2dea3f05ac/execute/async - {"script":"<script> [1562 bytes]","args":[{"selector":{"controlType":"sap.m.Input","viewName":"etm.portal.ui.manageyards.view.New","viewId":"application-manageyards-display-component---NewYard","bindingPath":{"path":"","propertyPath":"/CONTROLLING_AREA","modelName":"NewYardModel"},"interaction":{"idSuffix":"inner"}},"wdio_ui5_key":"etmportal.ui.manageyards.view.Newsap.m.Input{\"path\":\"\",\"propertyPath\":\"/CONTROLLING_AREA\",\"modelName\":\"NewYardModel\"}"}]}
COMMAND: GET /session/d4f675b322105372b3380f2dea3f05ac/screenshot - {}
RESULT: {"script":"<script> [1562 bytes]","args":[{"selector":{"controlType":"sap.m.Input","viewName":"etm.portal.ui.manageyards.view.New","viewId":"application-manageyards-display-component---NewYard","bindingPath":{"path":"","propertyPath":"/CONTROLLING_AREA","modelName":"NewYardModel"},"interaction":{"idSuffix":"inner"}},"wdio_ui5_key":"etmportal.ui.manageyards.view.Newsap.m.Input{\"path\":\"\",\"propertyPath\":\"/CONTROLLING_AREA\",\"modelName\":\"NewYardModel\"}"}]}
RESULT: undefined
COMMAND: POST /session/d4f675b322105372b3380f2dea3f05ac/execute/async - {"script":"<script> [776 bytes]","args":[{"enterText":"Z001","selector":{"controlType":"sap.m.Input","viewName":"etm.portal.ui.manageyards.view.New","viewId":"application-manageyards-display-component---NewYard","bindingPath":{"path":"","propertyPath":"/CONTROLLING_AREA","modelName":"NewYardModel"},"interaction":{"idSuffix":"inner"}},"clearTextFirst":true,"interactionType":"ENTER_TEXT"}]}
RESULT: {}
RESULT: {"script":"<script> [776 bytes]","args":[{"enterText":"Z001","selector":{"controlType":"sap.m.Input","viewName":"etm.portal.ui.manageyards.view.New","viewId":"application-manageyards-display-component---NewYard","bindingPath":{"path":"","propertyPath":"/CONTROLLING_AREA","modelName":"NewYardModel"},"interaction":{"idSuffix":"inner"}},"clearTextFirst":true,"interactionType":"ENTER_TEXT"}]}
COMMAND: POST /session/d4f675b322105372b3380f2dea3f05ac/execute/async - {"script":"<script> [1562 bytes]","args":[{"selector":{"id":"application-manageyards-display-component---NewYard--companyCodeComboBox","interaction":{"idSuffix":"inner"}},"wdio_ui5_key":"applicationmanageyards-display-component---NewYard--companyCodeComboBox"}]}
RESULT: {"script":"<script> [1562 bytes]","args":[{"selector":{"id":"application-manageyards-display-component---NewYard--companyCodeComboBox","interaction":{"idSuffix":"inner"}},"wdio_ui5_key":"applicationmanageyards-display-component---NewYard--companyCodeComboBox"}]}
RESULT: undefined
COMMAND: POST /session/d4f675b322105372b3380f2dea3f05ac/execute/async - {"script":"<script> [776 bytes]","args":[{"enterText":"1000","selector":{"id":"application-manageyards-display-component---NewYard--companyCodeComboBox","interaction":{"idSuffix":"inner"}},"clearTextFirst":true,"interactionType":"ENTER_TEXT"}]}
RESULT: {"script":"<script> [776 bytes]","args":[{"enterText":"1000","selector":{"id":"application-manageyards-display-component---NewYard--companyCodeComboBox","interaction":{"idSuffix":"inner"}},"clearTextFirst":true,"interactionType":"ENTER_TEXT"}]}
COMMAND: POST /session/d4f675b322105372b3380f2dea3f05ac/execute/async - {"script":"<script> [1562 bytes]","args":[{"selector":{"controlType":"sap.m.Input","viewName":"etm.portal.ui.manageyards.view.New","viewId":"application-manageyards-display-component---NewYard","bindingPath":{"path":"","propertyPath":"/PLANT","modelName":"NewYardModel"},"interaction":{"idSuffix":"inner"}},"wdio_ui5_key":"etmportal.ui.manageyards.view.Newsap.m.Input{\"path\":\"\",\"propertyPath\":\"/PLANT\",\"modelName\":\"NewYardModel\"}"}]}
RESULT: {"script":"<script> [1562 bytes]","args":[{"selector":{"controlType":"sap.m.Input","viewName":"etm.portal.ui.manageyards.view.New","viewId":"application-manageyards-display-component---NewYard","bindingPath":{"path":"","propertyPath":"/PLANT","modelName":"NewYardModel"},"interaction":{"idSuffix":"inner"}},"wdio_ui5_key":"etmportal.ui.manageyards.view.Newsap.m.Input{\"path\":\"\",\"propertyPath\":\"/PLANT\",\"modelName\":\"NewYardModel\"}"}]}
RESULT: undefined
COMMAND: POST /session/d4f675b322105372b3380f2dea3f05ac/execute/async - {"script":"<script> [776 bytes]","args":[{"enterText":"1001","selector":{"controlType":"sap.m.Input","viewName":"etm.portal.ui.manageyards.view.New","viewId":"application-manageyards-display-component---NewYard","bindingPath":{"path":"","propertyPath":"/PLANT","modelName":"NewYardModel"},"interaction":{"idSuffix":"inner"}},"clearTextFirst":true,"interactionType":"ENTER_TEXT"}]}
RESULT: {"script":"<script> [776 bytes]","args":[{"enterText":"1001","selector":{"controlType":"sap.m.Input","viewName":"etm.portal.ui.manageyards.view.New","viewId":"application-manageyards-display-component---NewYard","bindingPath":{"path":"","propertyPath":"/PLANT","modelName":"NewYardModel"},"interaction":{"idSuffix":"inner"}},"clearTextFirst":true,"interactionType":"ENTER_TEXT"}]}
COMMAND: POST /session/d4f675b322105372b3380f2dea3f05ac/execute/async - {"script":"<script> [1562 bytes]","args":[{"selector":{"controlType":"sap.m.Input","viewName":"etm.portal.ui.manageyards.view.New","viewId":"application-manageyards-display-component---NewYard","bindingPath":{"path":"","propertyPath":"/SALES_AREA_VKORG","modelName":"NewYardModel"},"interaction":{"idSuffix":"inner"}},"wdio_ui5_key":"etmportal.ui.manageyards.view.Newsap.m.Input{\"path\":\"\",\"propertyPath\":\"/SALES_AREA_VKORG\",\"modelName\":\"NewYardModel\"}"}]}
RESULT: {"script":"<script> [1562 bytes]","args":[{"selector":{"controlType":"sap.m.Input","viewName":"etm.portal.ui.manageyards.view.New","viewId":"application-manageyards-display-component---NewYard","bindingPath":{"path":"","propertyPath":"/SALES_AREA_VKORG","modelName":"NewYardModel"},"interaction":{"idSuffix":"inner"}},"wdio_ui5_key":"etmportal.ui.manageyards.view.Newsap.m.Input{\"path\":\"\",\"propertyPath\":\"/SALES_AREA_VKORG\",\"modelName\":\"NewYardModel\"}"}]}
RESULT: undefined
COMMAND: POST /session/d4f675b322105372b3380f2dea3f05ac/execute/async - {"script":"<script> [776 bytes]","args":[{"enterText":"C002","selector":{"controlType":"sap.m.Input","viewName":"etm.portal.ui.manageyards.view.New","viewId":"application-manageyards-display-component---NewYard","bindingPath":{"path":"","propertyPath":"/SALES_AREA_VKORG","modelName":"NewYardModel"},"interaction":{"idSuffix":"inner"}},"clearTextFirst":true,"interactionType":"ENTER_TEXT"}]}
RESULT: {"script":"<script> [776 bytes]","args":[{"enterText":"C002","selector":{"controlType":"sap.m.Input","viewName":"etm.portal.ui.manageyards.view.New","viewId":"application-manageyards-display-component---NewYard","bindingPath":{"path":"","propertyPath":"/SALES_AREA_VKORG","modelName":"NewYardModel"},"interaction":{"idSuffix":"inner"}},"clearTextFirst":true,"interactionType":"ENTER_TEXT"}]}
COMMAND: POST /session/d4f675b322105372b3380f2dea3f05ac/execute/async - {"script":"<script> [1562 bytes]","args":[{"selector":{"controlType":"sap.m.Input","viewName":"etm.portal.ui.manageyards.view.New","viewId":"application-manageyards-display-component---NewYard","bindingPath":{"path":"","propertyPath":"/SALES_AREA_VTWEG","modelName":"NewYardModel"},"interaction":{"idSuffix":"inner"}},"wdio_ui5_key":"etmportal.ui.manageyards.view.Newsap.m.Input{\"path\":\"\",\"propertyPath\":\"/SALES_AREA_VTWEG\",\"modelName\":\"NewYardModel\"}"}]}
RESULT: {"script":"<script> [1562 bytes]","args":[{"selector":{"controlType":"sap.m.Input","viewName":"etm.portal.ui.manageyards.view.New","viewId":"application-manageyards-display-component---NewYard","bindingPath":{"path":"","propertyPath":"/SALES_AREA_VTWEG","modelName":"NewYardModel"},"interaction":{"idSuffix":"inner"}},"wdio_ui5_key":"etmportal.ui.manageyards.view.Newsap.m.Input{\"path\":\"\",\"propertyPath\":\"/SALES_AREA_VTWEG\",\"modelName\":\"NewYardModel\"}"}]}
RESULT: undefined
COMMAND: POST /session/d4f675b322105372b3380f2dea3f05ac/execute/async - {"script":"<script> [776 bytes]","args":[{"enterText":"C2","selector":{"controlType":"sap.m.Input","viewName":"etm.portal.ui.manageyards.view.New","viewId":"application-manageyards-display-component---NewYard","bindingPath":{"path":"","propertyPath":"/SALES_AREA_VTWEG","modelName":"NewYardModel"},"interaction":{"idSuffix":"inner"}},"clearTextFirst":true,"interactionType":"ENTER_TEXT"}]}
RESULT: {"script":"<script> [776 bytes]","args":[{"enterText":"C2","selector":{"controlType":"sap.m.Input","viewName":"etm.portal.ui.manageyards.view.New","viewId":"application-manageyards-display-component---NewYard","bindingPath":{"path":"","propertyPath":"/SALES_AREA_VTWEG","modelName":"NewYardModel"},"interaction":{"idSuffix":"inner"}},"clearTextFirst":true,"interactionType":"ENTER_TEXT"}]}
COMMAND: POST /session/d4f675b322105372b3380f2dea3f05ac/execute/async - {"script":"<script> [1562 bytes]","args":[{"selector":{"controlType":"sap.m.Input","viewName":"etm.portal.ui.manageyards.view.New","viewId":"application-manageyards-display-component---NewYard","bindingPath":{"path":"","propertyPath":"/SALES_AREA_SPART","modelName":"NewYardModel"},"interaction":{"idSuffix":"inner"}},"wdio_ui5_key":"etmportal.ui.manageyards.view.Newsap.m.Input{\"path\":\"\",\"propertyPath\":\"/SALES_AREA_SPART\",\"modelName\":\"NewYardModel\"}"}]}
RESULT: {"script":"<script> [1562 bytes]","args":[{"selector":{"controlType":"sap.m.Input","viewName":"etm.portal.ui.manageyards.view.New","viewId":"application-manageyards-display-component---NewYard","bindingPath":{"path":"","propertyPath":"/SALES_AREA_SPART","modelName":"NewYardModel"},"interaction":{"idSuffix":"inner"}},"wdio_ui5_key":"etmportal.ui.manageyards.view.Newsap.m.Input{\"path\":\"\",\"propertyPath\":\"/SALES_AREA_SPART\",\"modelName\":\"NewYardModel\"}"}]}
RESULT: undefined
COMMAND: POST /session/d4f675b322105372b3380f2dea3f05ac/execute/async - {"script":"<script> [776 bytes]","args":[{"enterText":"C2","selector":{"controlType":"sap.m.Input","viewName":"etm.portal.ui.manageyards.view.New","viewId":"application-manageyards-display-component---NewYard","bindingPath":{"path":"","propertyPath":"/SALES_AREA_SPART","modelName":"NewYardModel"},"interaction":{"idSuffix":"inner"}},"clearTextFirst":true,"interactionType":"ENTER_TEXT"}]}
RESULT: {"script":"<script> [776 bytes]","args":[{"enterText":"C2","selector":{"controlType":"sap.m.Input","viewName":"etm.portal.ui.manageyards.view.New","viewId":"application-manageyards-display-component---NewYard","bindingPath":{"path":"","propertyPath":"/SALES_AREA_SPART","modelName":"NewYardModel"},"interaction":{"idSuffix":"inner"}},"clearTextFirst":true,"interactionType":"ENTER_TEXT"}]}
COMMAND: POST /session/d4f675b322105372b3380f2dea3f05ac/execute/async - {"script":"<script> [1562 bytes]","args":[{"selector":{"controlType":"sap.m.Input","viewName":"etm.portal.ui.manageyards.view.New","viewId":"application-manageyards-display-component---NewYard","bindingPath":{"path":"","propertyPath":"/SHIP_POINT","modelName":"NewYardModel"},"interaction":{"idSuffix":"inner"}},"wdio_ui5_key":"etmportal.ui.manageyards.view.Newsap.m.Input{\"path\":\"\",\"propertyPath\":\"/SHIP_POINT\",\"modelName\":\"NewYardModel\"}"}]}
RESULT: {"script":"<script> [1562 bytes]","args":[{"selector":{"controlType":"sap.m.Input","viewName":"etm.portal.ui.manageyards.view.New","viewId":"application-manageyards-display-component---NewYard","bindingPath":{"path":"","propertyPath":"/SHIP_POINT","modelName":"NewYardModel"},"interaction":{"idSuffix":"inner"}},"wdio_ui5_key":"etmportal.ui.manageyards.view.Newsap.m.Input{\"path\":\"\",\"propertyPath\":\"/SHIP_POINT\",\"modelName\":\"NewYardModel\"}"}]}
RESULT: undefined
COMMAND: POST /session/d4f675b322105372b3380f2dea3f05ac/execute/async - {"script":"<script> [776 bytes]","args":[{"enterText":"1710","selector":{"controlType":"sap.m.Input","viewName":"etm.portal.ui.manageyards.view.New","viewId":"application-manageyards-display-component---NewYard","bindingPath":{"path":"","propertyPath":"/SHIP_POINT","modelName":"NewYardModel"},"interaction":{"idSuffix":"inner"}},"clearTextFirst":true,"interactionType":"ENTER_TEXT"}]}
RESULT: {"script":"<script> [776 bytes]","args":[{"enterText":"1710","selector":{"controlType":"sap.m.Input","viewName":"etm.portal.ui.manageyards.view.New","viewId":"application-manageyards-display-component---NewYard","bindingPath":{"path":"","propertyPath":"/SHIP_POINT","modelName":"NewYardModel"},"interaction":{"idSuffix":"inner"}},"clearTextFirst":true,"interactionType":"ENTER_TEXT"}]}
COMMAND: POST /session/d4f675b322105372b3380f2dea3f05ac/execute/async - {"script":"<script> [1562 bytes]","args":[{"selector":{"controlType":"sap.m.Input","viewName":"etm.portal.ui.manageyards.view.New","viewId":"application-manageyards-display-component---NewYard","bindingPath":{"path":"","propertyPath":"/DELIVERY_TYPE","modelName":"NewYardModel"},"interaction":{"idSuffix":"inner"}},"wdio_ui5_key":"etmportal.ui.manageyards.view.Newsap.m.Input{\"path\":\"\",\"propertyPath\":\"/DELIVERY_TYPE\",\"modelName\":\"NewYardModel\"}"}]}
RESULT: {"script":"<script> [1562 bytes]","args":[{"selector":{"controlType":"sap.m.Input","viewName":"etm.portal.ui.manageyards.view.New","viewId":"application-manageyards-display-component---NewYard","bindingPath":{"path":"","propertyPath":"/DELIVERY_TYPE","modelName":"NewYardModel"},"interaction":{"idSuffix":"inner"}},"wdio_ui5_key":"etmportal.ui.manageyards.view.Newsap.m.Input{\"path\":\"\",\"propertyPath\":\"/DELIVERY_TYPE\",\"modelName\":\"NewYardModel\"}"}]}
RESULT: undefined
COMMAND: POST /session/d4f675b322105372b3380f2dea3f05ac/execute/async - {"script":"<script> [776 bytes]","args":[{"enterText":"ZL01","selector":{"controlType":"sap.m.Input","viewName":"etm.portal.ui.manageyards.view.New","viewId":"application-manageyards-display-component---NewYard","bindingPath":{"path":"","propertyPath":"/DELIVERY_TYPE","modelName":"NewYardModel"},"interaction":{"idSuffix":"inner"}},"clearTextFirst":true,"interactionType":"ENTER_TEXT"}]}
RESULT: {"script":"<script> [776 bytes]","args":[{"enterText":"ZL01","selector":{"controlType":"sap.m.Input","viewName":"etm.portal.ui.manageyards.view.New","viewId":"application-manageyards-display-component---NewYard","bindingPath":{"path":"","propertyPath":"/DELIVERY_TYPE","modelName":"NewYardModel"},"interaction":{"idSuffix":"inner"}},"clearTextFirst":true,"interactionType":"ENTER_TEXT"}]}
COMMAND: POST /session/d4f675b322105372b3380f2dea3f05ac/execute/async - {"script":"<script> [1562 bytes]","args":[{"selector":{"controlType":"sap.m.Input","viewName":"etm.portal.ui.manageyards.view.New","viewId":"application-manageyards-display-component---NewYard","bindingPath":{"path":"","propertyPath":"/AUART","modelName":"NewYardModel"},"interaction":{"idSuffix":"inner"}},"wdio_ui5_key":"etmportal.ui.manageyards.view.Newsap.m.Input{\"path\":\"\",\"propertyPath\":\"/AUART\",\"modelName\":\"NewYardModel\"}"}]}
RESULT: {"script":"<script> [1562 bytes]","args":[{"selector":{"controlType":"sap.m.Input","viewName":"etm.portal.ui.manageyards.view.New","viewId":"application-manageyards-display-component---NewYard","bindingPath":{"path":"","propertyPath":"/AUART","modelName":"NewYardModel"},"interaction":{"idSuffix":"inner"}},"wdio_ui5_key":"etmportal.ui.manageyards.view.Newsap.m.Input{\"path\":\"\",\"propertyPath\":\"/AUART\",\"modelName\":\"NewYardModel\"}"}]}
RESULT: undefined
COMMAND: POST /session/d4f675b322105372b3380f2dea3f05ac/execute/async - {"script":"<script> [776 bytes]","args":[{"enterText":"TA","selector":{"controlType":"sap.m.Input","viewName":"etm.portal.ui.manageyards.view.New","viewId":"application-manageyards-display-component---NewYard","bindingPath":{"path":"","propertyPath":"/AUART","modelName":"NewYardModel"},"interaction":{"idSuffix":"inner"}},"clearTextFirst":true,"interactionType":"ENTER_TEXT"}]}
RESULT: {"script":"<script> [776 bytes]","args":[{"enterText":"TA","selector":{"controlType":"sap.m.Input","viewName":"etm.portal.ui.manageyards.view.New","viewId":"application-manageyards-display-component---NewYard","bindingPath":{"path":"","propertyPath":"/AUART","modelName":"NewYardModel"},"interaction":{"idSuffix":"inner"}},"clearTextFirst":true,"interactionType":"ENTER_TEXT"}]}
COMMAND: POST /session/d4f675b322105372b3380f2dea3f05ac/execute/async - {"script":"<script> [1562 bytes]","args":[{"selector":{"id":"application-manageyards-display-component---NewYard--whmCheckBox","interaction":{"idSuffix":"CbBg"}},"wdio_ui5_key":"applicationmanageyards-display-component---NewYard--whmCheckBox"}]}
RESULT: {"script":"<script> [1562 bytes]","args":[{"selector":{"id":"application-manageyards-display-component---NewYard--whmCheckBox","interaction":{"idSuffix":"CbBg"}},"wdio_ui5_key":"applicationmanageyards-display-component---NewYard--whmCheckBox"}]}
RESULT: undefined
COMMAND: POST /session/d4f675b322105372b3380f2dea3f05ac/element - {"using":"xpath","value":"//*[@id=\"application-manageyards-display-component---NewYard--whmCheckBox\"]"}
RESULT: {"using":"xpath","value":"//*[@id=\"application-manageyards-display-component---NewYard--whmCheckBox\"]"}
COMMAND: POST /session/d4f675b322105372b3380f2dea3f05ac/element/f.73BB2000E1F4E36FD864906F51978B2B.d.54A2520D6F4ADC252B3A7BC7CFFB9340.e.770/click - {}
RESULT: {}
COMMAND: GET /session/d4f675b322105372b3380f2dea3f05ac/screenshot - {}
RESULT: {}
COMMAND: POST /session/d4f675b322105372b3380f2dea3f05ac/element - {"using":"xpath","value":"//button[@data-kt=\"newYardSaveButton\"]"}
RESULT: {"using":"xpath","value":"//button[@data-kt=\"newYardSaveButton\"]"}
COMMAND: POST /session/d4f675b322105372b3380f2dea3f05ac/element/f.73BB2000E1F4E36FD864906F51978B2B.d.54A2520D6F4ADC252B3A7BC7CFFB9340.e.677/click - {}
RESULT: {}
COMMAND: GET /session/d4f675b322105372b3380f2dea3f05ac/screenshot - {}
RESULT: {}
COMMAND: POST /session/d4f675b322105372b3380f2dea3f05ac/element - {"using":"xpath","value":"//header[contains(@id, 'ObjectPageLayout-headerTitle')]/div[1]/div[2]/div[1]/span[1]"}
RESULT: {"using":"xpath","value":"//header[contains(@id, 'ObjectPageLayout-headerTitle')]/div[1]/div[2]/div[1]/span[1]"}
COMMAND: POST /session/d4f675b322105372b3380f2dea3f05ac/elements - {"using":"xpath","value":"//header[contains(@id, 'ObjectPageLayout-headerTitle')]/div[1]/div[2]/div[1]/span[1]"}
RESULT: {"using":"xpath","value":"//header[contains(@id, 'ObjectPageLayout-headerTitle')]/div[1]/div[2]/div[1]/span[1]"}
COMMAND: POST /session/d4f675b322105372b3380f2dea3f05ac/execute/sync - {"script":"<script> [56 bytes]","args":[{"element-6066-11e4-a52e-4f735466cecf":"f.73BB2000E1F4E36FD864906F51978B2B.d.54A2520D6F4ADC252B3A7BC7CFFB9340.e.971","ELEMENT":"f.73BB2000E1F4E36FD864906F51978B2B.d.54A2520D6F4ADC252B3A7BC7CFFB9340.e.971"}]}
RESULT: {"script":"<script> [56 bytes]","args":[{"element-6066-11e4-a52e-4f735466cecf":"f.73BB2000E1F4E36FD864906F51978B2B.d.54A2520D6F4ADC252B3A7BC7CFFB9340.e.971","ELEMENT":"f.73BB2000E1F4E36FD864906F51978B2B.d.54A2520D6F4ADC252B3A7BC7CFFB9340.e.971"}]}
COMMAND: GET /session/d4f675b322105372b3380f2dea3f05ac/screenshot - {}
RESULT: {}
COMMAND: POST /session/d4f675b322105372b3380f2dea3f05ac/element - {"using":"css selector","value":"#shell-header-logo"}
RESULT: {"using":"css selector","value":"#shell-header-logo"}
COMMAND: POST /session/d4f675b322105372b3380f2dea3f05ac/element/f.73BB2000E1F4E36FD864906F51978B2B.d.54A2520D6F4ADC252B3A7BC7CFFB9340.e.231/click - {}
RESULT: {}
COMMAND: GET /session/d4f675b322105372b3380f2dea3f05ac/screenshot - {}
RESULT: {}
COMMAND: POST /session/d4f675b322105372b3380f2dea3f05ac/execute/sync - {"script":"<script> [299 bytes]","args":[["getModel","getResource"]]}
RESULT: {"script":"<script> [299 bytes]","args":[["getModel","getResource"]]}
COMMAND: GET /session/d4f675b322105372b3380f2dea3f05ac/screenshot - {}
]]></system-out>
    </testcase>
    <testcase classname="chrome.136_0_7103_93.windows.Stock_increase_-_with_WHM_US125587" name="Should create a new external WHM partner" time="97.445">
      <system-out><![CDATA[
COMMAND: POST /session/d4f675b322105372b3380f2dea3f05ac/window/fullscreen - {}
RESULT: {}
RESULT: {}
COMMAND: POST /session/d4f675b322105372b3380f2dea3f05ac/execute/async - {"script":"<script> [1562 bytes]","args":[{"selector":{"controlType":"sap.m.GenericTile","properties":{"header":"Manage Partners"}},"wdio_ui5_key":"sapm.GenericTile{\"header\":\"Manage Partners\"}"}]}
RESULT: {"script":"<script> [1562 bytes]","args":[{"selector":{"controlType":"sap.m.GenericTile","properties":{"header":"Manage Partners"}},"wdio_ui5_key":"sapm.GenericTile{\"header\":\"Manage Partners\"}"}]}
RESULT: undefined
COMMAND: POST /session/d4f675b322105372b3380f2dea3f05ac/element - {"using":"xpath","value":"//*[@id=\"__tile38\"]"}
RESULT: {"using":"xpath","value":"//*[@id=\"__tile38\"]"}
COMMAND: POST /session/d4f675b322105372b3380f2dea3f05ac/element/f.73BB2000E1F4E36FD864906F51978B2B.d.54A2520D6F4ADC252B3A7BC7CFFB9340.e.115/click - {}
RESULT: {}
COMMAND: GET /session/d4f675b322105372b3380f2dea3f05ac/screenshot - {}
RESULT: {}
COMMAND: POST /session/d4f675b322105372b3380f2dea3f05ac/elements - {"using":"xpath","value":"//span[text()='Error']"}
RESULT: {"using":"xpath","value":"//span[text()='Error']"}
COMMAND: POST /session/d4f675b322105372b3380f2dea3f05ac/element - {"using":"xpath","value":"//button[@data-kt=\"addButton\"]"}
RESULT: {"using":"xpath","value":"//button[@data-kt=\"addButton\"]"}
COMMAND: POST /session/d4f675b322105372b3380f2dea3f05ac/elements - {"using":"xpath","value":"//button[@data-kt=\"addButton\"]"}
RESULT: {"using":"xpath","value":"//button[@data-kt=\"addButton\"]"}
COMMAND: POST /session/d4f675b322105372b3380f2dea3f05ac/execute/sync - {"script":"<script> [8489 bytes]","args":[{"element-6066-11e4-a52e-4f735466cecf":"f.73BB2000E1F4E36FD864906F51978B2B.d.54A2520D6F4ADC252B3A7BC7CFFB9340.e.1020","ELEMENT":"f.73BB2000E1F4E36FD864906F51978B2B.d.54A2520D6F4ADC252B3A7BC7CFFB9340.e.1020"}]}
RESULT: {"script":"<script> [8489 bytes]","args":[{"element-6066-11e4-a52e-4f735466cecf":"f.73BB2000E1F4E36FD864906F51978B2B.d.54A2520D6F4ADC252B3A7BC7CFFB9340.e.1020","ELEMENT":"f.73BB2000E1F4E36FD864906F51978B2B.d.54A2520D6F4ADC252B3A7BC7CFFB9340.e.1020"}]}
COMMAND: GET /session/d4f675b322105372b3380f2dea3f05ac/element/f.73BB2000E1F4E36FD864906F51978B2B.d.54A2520D6F4ADC252B3A7BC7CFFB9340.e.1020/enabled - {}
COMMAND: GET /session/d4f675b322105372b3380f2dea3f05ac/screenshot - {}
RESULT: {}
COMMAND: POST /session/d4f675b322105372b3380f2dea3f05ac/execute/sync - {"script":"<script> [8489 bytes]","args":[{"element-6066-11e4-a52e-4f735466cecf":"f.73BB2000E1F4E36FD864906F51978B2B.d.54A2520D6F4ADC252B3A7BC7CFFB9340.e.1020","ELEMENT":"f.73BB2000E1F4E36FD864906F51978B2B.d.54A2520D6F4ADC252B3A7BC7CFFB9340.e.1020"}]}
COMMAND: GET /session/d4f675b322105372b3380f2dea3f05ac/screenshot - {}
RESULT: {}
RESULT: {"script":"<script> [8489 bytes]","args":[{"element-6066-11e4-a52e-4f735466cecf":"f.73BB2000E1F4E36FD864906F51978B2B.d.54A2520D6F4ADC252B3A7BC7CFFB9340.e.1020","ELEMENT":"f.73BB2000E1F4E36FD864906F51978B2B.d.54A2520D6F4ADC252B3A7BC7CFFB9340.e.1020"}]}
COMMAND: POST /session/d4f675b322105372b3380f2dea3f05ac/execute/sync - {"script":"<script> [5351 bytes]","args":[{"element-6066-11e4-a52e-4f735466cecf":"f.73BB2000E1F4E36FD864906F51978B2B.d.54A2520D6F4ADC252B3A7BC7CFFB9340.e.1020","ELEMENT":"f.73BB2000E1F4E36FD864906F51978B2B.d.54A2520D6F4ADC252B3A7BC7CFFB9340.e.1020"}]}
COMMAND: GET /session/d4f675b322105372b3380f2dea3f05ac/screenshot - {}
RESULT: {}
RESULT: {"script":"<script> [5351 bytes]","args":[{"element-6066-11e4-a52e-4f735466cecf":"f.73BB2000E1F4E36FD864906F51978B2B.d.54A2520D6F4ADC252B3A7BC7CFFB9340.e.1020","ELEMENT":"f.73BB2000E1F4E36FD864906F51978B2B.d.54A2520D6F4ADC252B3A7BC7CFFB9340.e.1020"}]}
COMMAND: POST /session/d4f675b322105372b3380f2dea3f05ac/element/f.73BB2000E1F4E36FD864906F51978B2B.d.54A2520D6F4ADC252B3A7BC7CFFB9340.e.1020/click - {}
COMMAND: GET /session/d4f675b322105372b3380f2dea3f05ac/screenshot - {}
RESULT: {}
RESULT: {}
COMMAND: GET /session/d4f675b322105372b3380f2dea3f05ac/screenshot - {}
COMMAND: POST /session/d4f675b322105372b3380f2dea3f05ac/execute/async - {"script":"<script> [1562 bytes]","args":[{"selector":{"id":"application-managepartners-display-component---NewPartner--addressDetailDetailsName1","interaction":{"idSuffix":"inner"}},"wdio_ui5_key":"applicationmanagepartners-display-component---NewPartner--addressDetailDetailsName1"}]}
RESULT: {}
RESULT: {}
RESULT: {"script":"<script> [1562 bytes]","args":[{"selector":{"id":"application-managepartners-display-component---NewPartner--addressDetailDetailsName1","interaction":{"idSuffix":"inner"}},"wdio_ui5_key":"applicationmanagepartners-display-component---NewPartner--addressDetailDetailsName1"}]}
RESULT: undefined
COMMAND: POST /session/d4f675b322105372b3380f2dea3f05ac/execute/async - {"script":"<script> [776 bytes]","args":[{"enterText":"External Partner WDIO","selector":{"id":"application-managepartners-display-component---NewPartner--addressDetailDetailsName1","interaction":{"idSuffix":"inner"}},"clearTextFirst":true,"interactionType":"ENTER_TEXT"}]}
RESULT: {"script":"<script> [776 bytes]","args":[{"enterText":"External Partner WDIO","selector":{"id":"application-managepartners-display-component---NewPartner--addressDetailDetailsName1","interaction":{"idSuffix":"inner"}},"clearTextFirst":true,"interactionType":"ENTER_TEXT"}]}
COMMAND: POST /session/d4f675b322105372b3380f2dea3f05ac/execute/async - {"script":"<script> [1562 bytes]","args":[{"selector":{"id":"application-managepartners-display-component---NewPartner--addressDetailDetailsLanguage-arrow"},"wdio_ui5_key":"applicationmanagepartners-display-component---NewPartner--addressDetailDetailsLanguage-arrow"}]}
RESULT: {"script":"<script> [1562 bytes]","args":[{"selector":{"id":"application-managepartners-display-component---NewPartner--addressDetailDetailsLanguage-arrow"},"wdio_ui5_key":"applicationmanagepartners-display-component---NewPartner--addressDetailDetailsLanguage-arrow"}]}
RESULT: undefined
COMMAND: POST /session/d4f675b322105372b3380f2dea3f05ac/element - {"using":"xpath","value":"//*[@id=\"application-managepartners-display-component---NewPartner--addressDetailDetailsLanguage-arrow\"]"}
RESULT: {"using":"xpath","value":"//*[@id=\"application-managepartners-display-component---NewPartner--addressDetailDetailsLanguage-arrow\"]"}
COMMAND: POST /session/d4f675b322105372b3380f2dea3f05ac/element/f.73BB2000E1F4E36FD864906F51978B2B.d.54A2520D6F4ADC252B3A7BC7CFFB9340.e.1466/click - {}
RESULT: {}
COMMAND: POST /session/d4f675b322105372b3380f2dea3f05ac/element - {"using":"xpath","value":"//span[contains(text(), \"English\")]"}
COMMAND: GET /session/d4f675b322105372b3380f2dea3f05ac/screenshot - {}
RESULT: {"using":"xpath","value":"//span[contains(text(), \"English\")]"}
COMMAND: POST /session/d4f675b322105372b3380f2dea3f05ac/element/f.73BB2000E1F4E36FD864906F51978B2B.d.54A2520D6F4ADC252B3A7BC7CFFB9340.e.1467/click - {}
RESULT: {}
RESULT: {}
COMMAND: GET /session/d4f675b322105372b3380f2dea3f05ac/screenshot - {}
RESULT: {}
COMMAND: POST /session/d4f675b322105372b3380f2dea3f05ac/execute/async - {"script":"<script> [1562 bytes]","args":[{"selector":{"id":"application-managepartners-display-component---NewPartner--addressDetailDetailsCity1","interaction":{"idSuffix":"inner"}},"wdio_ui5_key":"applicationmanagepartners-display-component---NewPartner--addressDetailDetailsCity1"}]}
RESULT: {"script":"<script> [1562 bytes]","args":[{"selector":{"id":"application-managepartners-display-component---NewPartner--addressDetailDetailsCity1","interaction":{"idSuffix":"inner"}},"wdio_ui5_key":"applicationmanagepartners-display-component---NewPartner--addressDetailDetailsCity1"}]}
RESULT: undefined
COMMAND: POST /session/d4f675b322105372b3380f2dea3f05ac/execute/async - {"script":"<script> [776 bytes]","args":[{"enterText":"Rosario","selector":{"id":"application-managepartners-display-component---NewPartner--addressDetailDetailsCity1","interaction":{"idSuffix":"inner"}},"clearTextFirst":true,"interactionType":"ENTER_TEXT"}]}
RESULT: {"script":"<script> [776 bytes]","args":[{"enterText":"Rosario","selector":{"id":"application-managepartners-display-component---NewPartner--addressDetailDetailsCity1","interaction":{"idSuffix":"inner"}},"clearTextFirst":true,"interactionType":"ENTER_TEXT"}]}
COMMAND: POST /session/d4f675b322105372b3380f2dea3f05ac/execute/async - {"script":"<script> [1562 bytes]","args":[{"selector":{"id":"application-managepartners-display-component---NewPartner--addressDetailDetailsCountry-arrow"},"wdio_ui5_key":"applicationmanagepartners-display-component---NewPartner--addressDetailDetailsCountry-arrow"}]}
RESULT: {"script":"<script> [1562 bytes]","args":[{"selector":{"id":"application-managepartners-display-component---NewPartner--addressDetailDetailsCountry-arrow"},"wdio_ui5_key":"applicationmanagepartners-display-component---NewPartner--addressDetailDetailsCountry-arrow"}]}
RESULT: undefined
COMMAND: POST /session/d4f675b322105372b3380f2dea3f05ac/element - {"using":"xpath","value":"//*[@id=\"application-managepartners-display-component---NewPartner--addressDetailDetailsCountry-arrow\"]"}
RESULT: {"using":"xpath","value":"//*[@id=\"application-managepartners-display-component---NewPartner--addressDetailDetailsCountry-arrow\"]"}
COMMAND: POST /session/d4f675b322105372b3380f2dea3f05ac/element/f.73BB2000E1F4E36FD864906F51978B2B.d.54A2520D6F4ADC252B3A7BC7CFFB9340.e.1453/click - {}
RESULT: {}
COMMAND: POST /session/d4f675b322105372b3380f2dea3f05ac/element - {"using":"xpath","value":"//span[contains(text(), \"Argentina\")]"}
COMMAND: GET /session/d4f675b322105372b3380f2dea3f05ac/screenshot - {}
RESULT: {"using":"xpath","value":"//span[contains(text(), \"Argentina\")]"}
COMMAND: POST /session/d4f675b322105372b3380f2dea3f05ac/element/f.73BB2000E1F4E36FD864906F51978B2B.d.54A2520D6F4ADC252B3A7BC7CFFB9340.e.1469/click - {}
RESULT: {}
RESULT: {}
COMMAND: GET /session/d4f675b322105372b3380f2dea3f05ac/screenshot - {}
RESULT: {}
COMMAND: POST /session/d4f675b322105372b3380f2dea3f05ac/element - {"using":"xpath","value":"//bdi[contains(text(), \"Commercial\")]"}
RESULT: {"using":"xpath","value":"//bdi[contains(text(), \"Commercial\")]"}
COMMAND: POST /session/d4f675b322105372b3380f2dea3f05ac/element/f.73BB2000E1F4E36FD864906F51978B2B.d.54A2520D6F4ADC252B3A7BC7CFFB9340.e.1470/click - {}
RESULT: {}
COMMAND: GET /session/d4f675b322105372b3380f2dea3f05ac/screenshot - {}
RESULT: {}
COMMAND: POST /session/d4f675b322105372b3380f2dea3f05ac/execute/async - {"script":"<script> [1562 bytes]","args":[{"selector":{"id":"application-managepartners-display-component---NewPartner--partnerDetailInternal-arrow"},"wdio_ui5_key":"applicationmanagepartners-display-component---NewPartner--partnerDetailInternal-arrow"}]}
RESULT: {"script":"<script> [1562 bytes]","args":[{"selector":{"id":"application-managepartners-display-component---NewPartner--partnerDetailInternal-arrow"},"wdio_ui5_key":"applicationmanagepartners-display-component---NewPartner--partnerDetailInternal-arrow"}]}
RESULT: undefined
COMMAND: POST /session/d4f675b322105372b3380f2dea3f05ac/element - {"using":"xpath","value":"//*[@id=\"application-managepartners-display-component---NewPartner--partnerDetailInternal-arrow\"]"}
RESULT: {"using":"xpath","value":"//*[@id=\"application-managepartners-display-component---NewPartner--partnerDetailInternal-arrow\"]"}
COMMAND: POST /session/d4f675b322105372b3380f2dea3f05ac/element/f.73BB2000E1F4E36FD864906F51978B2B.d.54A2520D6F4ADC252B3A7BC7CFFB9340.e.1476/click - {}
RESULT: {}
COMMAND: POST /session/d4f675b322105372b3380f2dea3f05ac/element - {"using":"xpath","value":"//span[contains(text(), \"External partner\")]"}
COMMAND: GET /session/d4f675b322105372b3380f2dea3f05ac/screenshot - {}
RESULT: {"using":"xpath","value":"//span[contains(text(), \"External partner\")]"}
COMMAND: POST /session/d4f675b322105372b3380f2dea3f05ac/element/f.73BB2000E1F4E36FD864906F51978B2B.d.54A2520D6F4ADC252B3A7BC7CFFB9340.e.1479/click - {}
RESULT: {}
RESULT: {}
COMMAND: POST /session/d4f675b322105372b3380f2dea3f05ac/execute/async - {"script":"<script> [1562 bytes]","args":[{"selector":{"id":"application-managepartners-display-component---NewPartner--partnerDetailsCurrency-arrow"},"wdio_ui5_key":"applicationmanagepartners-display-component---NewPartner--partnerDetailsCurrency-arrow"}]}
COMMAND: GET /session/d4f675b322105372b3380f2dea3f05ac/screenshot - {}
RESULT: {"script":"<script> [1562 bytes]","args":[{"selector":{"id":"application-managepartners-display-component---NewPartner--partnerDetailsCurrency-arrow"},"wdio_ui5_key":"applicationmanagepartners-display-component---NewPartner--partnerDetailsCurrency-arrow"}]}
RESULT: undefined
COMMAND: POST /session/d4f675b322105372b3380f2dea3f05ac/element - {"using":"xpath","value":"//*[@id=\"application-managepartners-display-component---NewPartner--partnerDetailsCurrency-arrow\"]"}
RESULT: {}
RESULT: {"using":"xpath","value":"//*[@id=\"application-managepartners-display-component---NewPartner--partnerDetailsCurrency-arrow\"]"}
COMMAND: POST /session/d4f675b322105372b3380f2dea3f05ac/element/f.73BB2000E1F4E36FD864906F51978B2B.d.54A2520D6F4ADC252B3A7BC7CFFB9340.e.1484/click - {}
RESULT: {}
COMMAND: POST /session/d4f675b322105372b3380f2dea3f05ac/element - {"using":"xpath","value":"//span[contains(text(), \"US Dollar\")]"}
COMMAND: GET /session/d4f675b322105372b3380f2dea3f05ac/screenshot - {}
RESULT: {"using":"xpath","value":"//span[contains(text(), \"US Dollar\")]"}
COMMAND: POST /session/d4f675b322105372b3380f2dea3f05ac/element/f.73BB2000E1F4E36FD864906F51978B2B.d.54A2520D6F4ADC252B3A7BC7CFFB9340.e.1485/click - {}
RESULT: {}
RESULT: {}
COMMAND: GET /session/d4f675b322105372b3380f2dea3f05ac/screenshot - {}
RESULT: {}
COMMAND: POST /session/d4f675b322105372b3380f2dea3f05ac/element - {"using":"xpath","value":"//input[@id=\"application-managepartners-display-component---NewPartner--companyCodeComboBox-inner\"]"}
RESULT: {"using":"xpath","value":"//input[@id=\"application-managepartners-display-component---NewPartner--companyCodeComboBox-inner\"]"}
COMMAND: POST /session/d4f675b322105372b3380f2dea3f05ac/element/f.73BB2000E1F4E36FD864906F51978B2B.d.54A2520D6F4ADC252B3A7BC7CFFB9340.e.1321/clear - {}
RESULT: {}
COMMAND: POST /session/d4f675b322105372b3380f2dea3f05ac/element/f.73BB2000E1F4E36FD864906F51978B2B.d.54A2520D6F4ADC252B3A7BC7CFFB9340.e.1321/value - {"text":"C002"}
COMMAND: GET /session/d4f675b322105372b3380f2dea3f05ac/screenshot - {}
RESULT: {"text":"C002"}
COMMAND: GET /session/d4f675b322105372b3380f2dea3f05ac/screenshot - {}
RESULT: {}
RESULT: {}
COMMAND: POST /session/d4f675b322105372b3380f2dea3f05ac/element - {"using":"xpath","value":"//li[.//span[text()= \"C002\"]]"}
RESULT: {"using":"xpath","value":"//li[.//span[text()= \"C002\"]]"}
COMMAND: POST /session/d4f675b322105372b3380f2dea3f05ac/element/f.73BB2000E1F4E36FD864906F51978B2B.d.54A2520D6F4ADC252B3A7BC7CFFB9340.e.1489/click - {}
RESULT: {}
COMMAND: GET /session/d4f675b322105372b3380f2dea3f05ac/screenshot - {}
RESULT: {}
COMMAND: POST /session/d4f675b322105372b3380f2dea3f05ac/execute/async - {"script":"<script> [1562 bytes]","args":[{"selector":{"controlType":"sap.ui.core.Icon","viewName":"etm.portal.ui.managepartners.view.NewPartner","viewId":"application-managepartners-display-component---NewPartner","properties":{"src":{"regex":{"source":"slim\\-arrow\\-down"}}},"ancestor":{"controlType":"sap.m.ComboBox","viewName":"etm.portal.ui.managepartners.view.NewPartner","viewId":"application-managepartners-display-component---NewPartner","bindingPath":{"path":"","propertyPath":"/CATALOG","modelName":"oNewPartnerModel"}}},"wdio_ui5_key":"etmportal.ui.managepartners.view.NewPartnersap.ui.core.Icon{\"src\":{\"regex\":{\"source\":\"slim\\\\-arrow\\\\-down\"}}}{\"controlType\":\"sap.m.ComboBox\",\"viewName\":\"etm.portal.ui.managepartners.view.NewPartner\",\"viewId\":\"application-managepartners-display-component---NewPartner\",\"bindingPath\":{\"path\":\"\",\"propertyPath\":\"/CATALOG\",\"modelName\":\"oNewPartnerModel\"}}"}]}
RESULT: {"script":"<script> [1562 bytes]","args":[{"selector":{"controlType":"sap.ui.core.Icon","viewName":"etm.portal.ui.managepartners.view.NewPartner","viewId":"application-managepartners-display-component---NewPartner","properties":{"src":{"regex":{"source":"slim\\-arrow\\-down"}}},"ancestor":{"controlType":"sap.m.ComboBox","viewName":"etm.portal.ui.managepartners.view.NewPartner","viewId":"application-managepartners-display-component---NewPartner","bindingPath":{"path":"","propertyPath":"/CATALOG","modelName":"oNewPartnerModel"}}},"wdio_ui5_key":"etmportal.ui.managepartners.view.NewPartnersap.ui.core.Icon{\"src\":{\"regex\":{\"source\":\"slim\\\\-arrow\\\\-down\"}}}{\"controlType\":\"sap.m.ComboBox\",\"viewName\":\"etm.portal.ui.managepartners.view.NewPartner\",\"viewId\":\"application-managepartners-display-component---NewPartner\",\"bindingPath\":{\"path\":\"\",\"propertyPath\":\"/CATALOG\",\"modelName\":\"oNewPartnerModel\"}}"}]}
RESULT: undefined
COMMAND: POST /session/d4f675b322105372b3380f2dea3f05ac/element - {"using":"xpath","value":"//*[@id=\"__box22-arrow\"]"}
RESULT: {"using":"xpath","value":"//*[@id=\"__box22-arrow\"]"}
COMMAND: POST /session/d4f675b322105372b3380f2dea3f05ac/element/f.73BB2000E1F4E36FD864906F51978B2B.d.54A2520D6F4ADC252B3A7BC7CFFB9340.e.1454/click - {}
RESULT: {}
COMMAND: GET /session/d4f675b322105372b3380f2dea3f05ac/screenshot - {}
RESULT: {}
COMMAND: POST /session/d4f675b322105372b3380f2dea3f05ac/element - {"using":"xpath","value":"//li[.//span[text()= \"Webshop Catalog\"]]"}
RESULT: {"using":"xpath","value":"//li[.//span[text()= \"Webshop Catalog\"]]"}
COMMAND: POST /session/d4f675b322105372b3380f2dea3f05ac/element/f.73BB2000E1F4E36FD864906F51978B2B.d.54A2520D6F4ADC252B3A7BC7CFFB9340.e.1491/click - {}
RESULT: {}
COMMAND: GET /session/d4f675b322105372b3380f2dea3f05ac/screenshot - {}
RESULT: {}
COMMAND: POST /session/d4f675b322105372b3380f2dea3f05ac/execute/async - {"script":"<script> [1562 bytes]","args":[{"selector":{"id":"application-managepartners-display-component---NewPartner--btnAddTableRow-img"},"wdio_ui5_key":"applicationmanagepartners-display-component---NewPartner--btnAddTableRow-img"}]}
RESULT: {"script":"<script> [1562 bytes]","args":[{"selector":{"id":"application-managepartners-display-component---NewPartner--btnAddTableRow-img"},"wdio_ui5_key":"applicationmanagepartners-display-component---NewPartner--btnAddTableRow-img"}]}
RESULT: undefined
COMMAND: POST /session/d4f675b322105372b3380f2dea3f05ac/element - {"using":"xpath","value":"//*[@id=\"application-managepartners-display-component---NewPartner--btnAddTableRow-img\"]"}
RESULT: {"using":"xpath","value":"//*[@id=\"application-managepartners-display-component---NewPartner--btnAddTableRow-img\"]"}
COMMAND: POST /session/d4f675b322105372b3380f2dea3f05ac/element/f.73BB2000E1F4E36FD864906F51978B2B.d.54A2520D6F4ADC252B3A7BC7CFFB9340.e.1492/click - {}
RESULT: {}
COMMAND: GET /session/d4f675b322105372b3380f2dea3f05ac/screenshot - {}
RESULT: {}
COMMAND: POST /session/d4f675b322105372b3380f2dea3f05ac/element - {"using":"xpath","value":"//input[@id=\"application-managepartners-display-component---NewPartner--assignmentYard-application-managepartners-display-component---NewPartner--assignmentsTable-0-inner\"]"}
RESULT: {"using":"xpath","value":"//input[@id=\"application-managepartners-display-component---NewPartner--assignmentYard-application-managepartners-display-component---NewPartner--assignmentsTable-0-inner\"]"}
COMMAND: POST /session/d4f675b322105372b3380f2dea3f05ac/element/f.73BB2000E1F4E36FD864906F51978B2B.d.54A2520D6F4ADC252B3A7BC7CFFB9340.e.1495/clear - {}
RESULT: {}
COMMAND: POST /session/d4f675b322105372b3380f2dea3f05ac/element/f.73BB2000E1F4E36FD864906F51978B2B.d.54A2520D6F4ADC252B3A7BC7CFFB9340.e.1495/value - {"text":"422"}
COMMAND: GET /session/d4f675b322105372b3380f2dea3f05ac/screenshot - {}
RESULT: {"text":"422"}
COMMAND: GET /session/d4f675b322105372b3380f2dea3f05ac/screenshot - {}
RESULT: {}
RESULT: {}
COMMAND: POST /session/d4f675b322105372b3380f2dea3f05ac/element - {"using":"xpath","value":"//li[.//span[text()='422']]"}
RESULT: {"using":"xpath","value":"//li[.//span[text()='422']]"}
COMMAND: POST /session/d4f675b322105372b3380f2dea3f05ac/element/f.73BB2000E1F4E36FD864906F51978B2B.d.54A2520D6F4ADC252B3A7BC7CFFB9340.e.1502/click - {}
RESULT: {}
COMMAND: GET /session/d4f675b322105372b3380f2dea3f05ac/screenshot - {}
RESULT: {}
COMMAND: POST /session/d4f675b322105372b3380f2dea3f05ac/actions - {"actions":[{"id":"action2","type":"key","parameters":{},"actions":[{"type":"keyDown","value":""},{"type":"pause","duration":10},{"type":"keyUp","value":""}]}]}
RESULT: {"actions":[{"id":"action2","type":"key","parameters":{},"actions":[{"type":"keyDown","value":""},{"type":"pause","duration":10},{"type":"keyUp","value":""}]}]}
COMMAND: POST /session/d4f675b322105372b3380f2dea3f05ac/element - {"using":"xpath","value":"//td[contains(@id, \"assignmentsTable-0-cell2\")]/div/div"}
COMMAND: GET /session/d4f675b322105372b3380f2dea3f05ac/screenshot - {}
RESULT: {"using":"xpath","value":"//td[contains(@id, \"assignmentsTable-0-cell2\")]/div/div"}
COMMAND: POST /session/d4f675b322105372b3380f2dea3f05ac/element/f.73BB2000E1F4E36FD864906F51978B2B.d.54A2520D6F4ADC252B3A7BC7CFFB9340.e.1505/click - {}
RESULT: {}
RESULT: {}
COMMAND: GET /session/d4f675b322105372b3380f2dea3f05ac/screenshot - {}
RESULT: {}
COMMAND: POST /session/d4f675b322105372b3380f2dea3f05ac/element - {"using":"xpath","value":"//button[@data-kt=\"saveButton\"]"}
RESULT: {"using":"xpath","value":"//button[@data-kt=\"saveButton\"]"}
COMMAND: POST /session/d4f675b322105372b3380f2dea3f05ac/element/f.73BB2000E1F4E36FD864906F51978B2B.d.54A2520D6F4ADC252B3A7BC7CFFB9340.e.1402/click - {}
RESULT: {}
COMMAND: GET /session/d4f675b322105372b3380f2dea3f05ac/screenshot - {}
RESULT: {}
COMMAND: POST /session/d4f675b322105372b3380f2dea3f05ac/element - {"using":"xpath","value":"//header[contains(@id, 'ObjectPageLayout-headerTitle')]/div[1]/div[2]/div[2]/span[1]"}
RESULT: {"using":"xpath","value":"//header[contains(@id, 'ObjectPageLayout-headerTitle')]/div[1]/div[2]/div[2]/span[1]"}
COMMAND: POST /session/d4f675b322105372b3380f2dea3f05ac/elements - {"using":"xpath","value":"//header[contains(@id, 'ObjectPageLayout-headerTitle')]/div[1]/div[2]/div[2]/span[1]"}
RESULT: {"using":"xpath","value":"//header[contains(@id, 'ObjectPageLayout-headerTitle')]/div[1]/div[2]/div[2]/span[1]"}
COMMAND: POST /session/d4f675b322105372b3380f2dea3f05ac/execute/sync - {"script":"<script> [56 bytes]","args":[{"element-6066-11e4-a52e-4f735466cecf":"f.73BB2000E1F4E36FD864906F51978B2B.d.54A2520D6F4ADC252B3A7BC7CFFB9340.e.1668","ELEMENT":"f.73BB2000E1F4E36FD864906F51978B2B.d.54A2520D6F4ADC252B3A7BC7CFFB9340.e.1668"}]}
RESULT: {"script":"<script> [56 bytes]","args":[{"element-6066-11e4-a52e-4f735466cecf":"f.73BB2000E1F4E36FD864906F51978B2B.d.54A2520D6F4ADC252B3A7BC7CFFB9340.e.1668","ELEMENT":"f.73BB2000E1F4E36FD864906F51978B2B.d.54A2520D6F4ADC252B3A7BC7CFFB9340.e.1668"}]}
COMMAND: POST /session/d4f675b322105372b3380f2dea3f05ac/element - {"using":"css selector","value":"#shell-header-logo"}
COMMAND: GET /session/d4f675b322105372b3380f2dea3f05ac/screenshot - {}
RESULT: {"using":"css selector","value":"#shell-header-logo"}
COMMAND: POST /session/d4f675b322105372b3380f2dea3f05ac/element/f.73BB2000E1F4E36FD864906F51978B2B.d.54A2520D6F4ADC252B3A7BC7CFFB9340.e.976/click - {}
RESULT: {}
RESULT: {}
COMMAND: GET /session/d4f675b322105372b3380f2dea3f05ac/screenshot - {}
RESULT: {}
COMMAND: POST /session/d4f675b322105372b3380f2dea3f05ac/execute/sync - {"script":"<script> [299 bytes]","args":[["getModel","getResource"]]}
RESULT: {"script":"<script> [299 bytes]","args":[["getModel","getResource"]]}
]]></system-out>
    </testcase>
    <testcase classname="chrome.136_0_7103_93.windows.Stock_increase_-_with_WHM_US125587" name="Should create a new WHM site" time="147.556">
      <system-out><![CDATA[
COMMAND: POST /session/d4f675b322105372b3380f2dea3f05ac/execute/async - {"script":"<script> [1562 bytes]","args":[{"selector":{"controlType":"sap.m.GenericTile","properties":{"header":"Manage Sites"}},"wdio_ui5_key":"sapm.GenericTile{\"header\":\"Manage Sites\"}"}]}
COMMAND: GET /session/d4f675b322105372b3380f2dea3f05ac/screenshot - {}
RESULT: {"script":"<script> [1562 bytes]","args":[{"selector":{"controlType":"sap.m.GenericTile","properties":{"header":"Manage Sites"}},"wdio_ui5_key":"sapm.GenericTile{\"header\":\"Manage Sites\"}"}]}
RESULT: undefined
COMMAND: POST /session/d4f675b322105372b3380f2dea3f05ac/element - {"using":"xpath","value":"//*[@id=\"__tile40\"]"}
RESULT: {}
RESULT: {"using":"xpath","value":"//*[@id=\"__tile40\"]"}
COMMAND: POST /session/d4f675b322105372b3380f2dea3f05ac/element/f.73BB2000E1F4E36FD864906F51978B2B.d.54A2520D6F4ADC252B3A7BC7CFFB9340.e.121/click - {}
RESULT: {}
COMMAND: GET /session/d4f675b322105372b3380f2dea3f05ac/screenshot - {}
RESULT: {}
COMMAND: POST /session/d4f675b322105372b3380f2dea3f05ac/elements - {"using":"xpath","value":"//span[text()='Error']"}
RESULT: {"using":"xpath","value":"//span[text()='Error']"}
COMMAND: POST /session/d4f675b322105372b3380f2dea3f05ac/element - {"using":"xpath","value":"//button[@data-kt=\"addOverflowToolbarButton\"]"}
RESULT: {"using":"xpath","value":"//button[@data-kt=\"addOverflowToolbarButton\"]"}
COMMAND: POST /session/d4f675b322105372b3380f2dea3f05ac/elements - {"using":"xpath","value":"//button[@data-kt=\"addOverflowToolbarButton\"]"}
RESULT: {"using":"xpath","value":"//button[@data-kt=\"addOverflowToolbarButton\"]"}
COMMAND: POST /session/d4f675b322105372b3380f2dea3f05ac/execute/sync - {"script":"<script> [8489 bytes]","args":[{"element-6066-11e4-a52e-4f735466cecf":"f.73BB2000E1F4E36FD864906F51978B2B.d.54A2520D6F4ADC252B3A7BC7CFFB9340.e.1714","ELEMENT":"f.73BB2000E1F4E36FD864906F51978B2B.d.54A2520D6F4ADC252B3A7BC7CFFB9340.e.1714"}]}
RESULT: {"script":"<script> [8489 bytes]","args":[{"element-6066-11e4-a52e-4f735466cecf":"f.73BB2000E1F4E36FD864906F51978B2B.d.54A2520D6F4ADC252B3A7BC7CFFB9340.e.1714","ELEMENT":"f.73BB2000E1F4E36FD864906F51978B2B.d.54A2520D6F4ADC252B3A7BC7CFFB9340.e.1714"}]}
COMMAND: GET /session/d4f675b322105372b3380f2dea3f05ac/element/f.73BB2000E1F4E36FD864906F51978B2B.d.54A2520D6F4ADC252B3A7BC7CFFB9340.e.1714/enabled - {}
COMMAND: GET /session/d4f675b322105372b3380f2dea3f05ac/screenshot - {}
RESULT: {}
COMMAND: POST /session/d4f675b322105372b3380f2dea3f05ac/execute/sync - {"script":"<script> [8489 bytes]","args":[{"element-6066-11e4-a52e-4f735466cecf":"f.73BB2000E1F4E36FD864906F51978B2B.d.54A2520D6F4ADC252B3A7BC7CFFB9340.e.1714","ELEMENT":"f.73BB2000E1F4E36FD864906F51978B2B.d.54A2520D6F4ADC252B3A7BC7CFFB9340.e.1714"}]}
COMMAND: GET /session/d4f675b322105372b3380f2dea3f05ac/screenshot - {}
RESULT: {}
RESULT: {"script":"<script> [8489 bytes]","args":[{"element-6066-11e4-a52e-4f735466cecf":"f.73BB2000E1F4E36FD864906F51978B2B.d.54A2520D6F4ADC252B3A7BC7CFFB9340.e.1714","ELEMENT":"f.73BB2000E1F4E36FD864906F51978B2B.d.54A2520D6F4ADC252B3A7BC7CFFB9340.e.1714"}]}
COMMAND: POST /session/d4f675b322105372b3380f2dea3f05ac/execute/sync - {"script":"<script> [5351 bytes]","args":[{"element-6066-11e4-a52e-4f735466cecf":"f.73BB2000E1F4E36FD864906F51978B2B.d.54A2520D6F4ADC252B3A7BC7CFFB9340.e.1714","ELEMENT":"f.73BB2000E1F4E36FD864906F51978B2B.d.54A2520D6F4ADC252B3A7BC7CFFB9340.e.1714"}]}
COMMAND: GET /session/d4f675b322105372b3380f2dea3f05ac/screenshot - {}
RESULT: {}
RESULT: {"script":"<script> [5351 bytes]","args":[{"element-6066-11e4-a52e-4f735466cecf":"f.73BB2000E1F4E36FD864906F51978B2B.d.54A2520D6F4ADC252B3A7BC7CFFB9340.e.1714","ELEMENT":"f.73BB2000E1F4E36FD864906F51978B2B.d.54A2520D6F4ADC252B3A7BC7CFFB9340.e.1714"}]}
COMMAND: POST /session/d4f675b322105372b3380f2dea3f05ac/element/f.73BB2000E1F4E36FD864906F51978B2B.d.54A2520D6F4ADC252B3A7BC7CFFB9340.e.1714/click - {}
COMMAND: GET /session/d4f675b322105372b3380f2dea3f05ac/screenshot - {}
RESULT: {}
RESULT: {}
COMMAND: GET /session/d4f675b322105372b3380f2dea3f05ac/screenshot - {}
COMMAND: POST /session/d4f675b322105372b3380f2dea3f05ac/element - {"using":"xpath","value":"//input[@id=\"application-managesites-display-component---NewSite--siteId-inner\"]"}
RESULT: {}
RESULT: {}
RESULT: {"using":"xpath","value":"//input[@id=\"application-managesites-display-component---NewSite--siteId-inner\"]"}
COMMAND: POST /session/d4f675b322105372b3380f2dea3f05ac/element - {"using":"xpath","value":"//input[@id=\"application-managesites-display-component---NewSite--siteId-inner\"]"}
RESULT: {"using":"xpath","value":"//input[@id=\"application-managesites-display-component---NewSite--siteId-inner\"]"}
COMMAND: POST /session/d4f675b322105372b3380f2dea3f05ac/execute/async - {"script":"<script> [1562 bytes]","args":[{"selector":{"id":"application-managesites-display-component---NewSite--addressDetailDetailsName1","interaction":{"idSuffix":"inner"}},"wdio_ui5_key":"applicationmanagesites-display-component---NewSite--addressDetailDetailsName1"}]}
RESULT: {"script":"<script> [1562 bytes]","args":[{"selector":{"id":"application-managesites-display-component---NewSite--addressDetailDetailsName1","interaction":{"idSuffix":"inner"}},"wdio_ui5_key":"applicationmanagesites-display-component---NewSite--addressDetailDetailsName1"}]}
RESULT: undefined
COMMAND: POST /session/d4f675b322105372b3380f2dea3f05ac/execute/async - {"script":"<script> [776 bytes]","args":[{"enterText":"Warehouse Managed Site WDIO","selector":{"id":"application-managesites-display-component---NewSite--addressDetailDetailsName1","interaction":{"idSuffix":"inner"}},"clearTextFirst":true,"interactionType":"ENTER_TEXT"}]}
RESULT: {"script":"<script> [776 bytes]","args":[{"enterText":"Warehouse Managed Site WDIO","selector":{"id":"application-managesites-display-component---NewSite--addressDetailDetailsName1","interaction":{"idSuffix":"inner"}},"clearTextFirst":true,"interactionType":"ENTER_TEXT"}]}
COMMAND: POST /session/d4f675b322105372b3380f2dea3f05ac/execute/async - {"script":"<script> [1562 bytes]","args":[{"selector":{"id":"application-managesites-display-component---NewSite--addressDetailDetailsLanguage-arrow"},"wdio_ui5_key":"applicationmanagesites-display-component---NewSite--addressDetailDetailsLanguage-arrow"}]}
RESULT: {"script":"<script> [1562 bytes]","args":[{"selector":{"id":"application-managesites-display-component---NewSite--addressDetailDetailsLanguage-arrow"},"wdio_ui5_key":"applicationmanagesites-display-component---NewSite--addressDetailDetailsLanguage-arrow"}]}
RESULT: undefined
COMMAND: POST /session/d4f675b322105372b3380f2dea3f05ac/element - {"using":"xpath","value":"//*[@id=\"application-managesites-display-component---NewSite--addressDetailDetailsLanguage-arrow\"]"}
RESULT: {"using":"xpath","value":"//*[@id=\"application-managesites-display-component---NewSite--addressDetailDetailsLanguage-arrow\"]"}
COMMAND: POST /session/d4f675b322105372b3380f2dea3f05ac/element/f.73BB2000E1F4E36FD864906F51978B2B.d.54A2520D6F4ADC252B3A7BC7CFFB9340.e.2341/click - {}
RESULT: {}
COMMAND: POST /session/d4f675b322105372b3380f2dea3f05ac/element - {"using":"xpath","value":"//span[contains(text(), \"English\")]"}
COMMAND: GET /session/d4f675b322105372b3380f2dea3f05ac/screenshot - {}
RESULT: {}
RESULT: {"using":"xpath","value":"//span[contains(text(), \"English\")]"}
COMMAND: POST /session/d4f675b322105372b3380f2dea3f05ac/element/f.73BB2000E1F4E36FD864906F51978B2B.d.54A2520D6F4ADC252B3A7BC7CFFB9340.e.2342/click - {}
RESULT: {}
COMMAND: POST /session/d4f675b322105372b3380f2dea3f05ac/execute/async - {"script":"<script> [1562 bytes]","args":[{"selector":{"id":"application-managesites-display-component---NewSite--addressDetailDetailsCity1","interaction":{"idSuffix":"inner"}},"wdio_ui5_key":"applicationmanagesites-display-component---NewSite--addressDetailDetailsCity1"}]}
COMMAND: GET /session/d4f675b322105372b3380f2dea3f05ac/screenshot - {}
RESULT: {"script":"<script> [1562 bytes]","args":[{"selector":{"id":"application-managesites-display-component---NewSite--addressDetailDetailsCity1","interaction":{"idSuffix":"inner"}},"wdio_ui5_key":"applicationmanagesites-display-component---NewSite--addressDetailDetailsCity1"}]}
RESULT: undefined
COMMAND: POST /session/d4f675b322105372b3380f2dea3f05ac/execute/async - {"script":"<script> [776 bytes]","args":[{"enterText":"Rosario","selector":{"id":"application-managesites-display-component---NewSite--addressDetailDetailsCity1","interaction":{"idSuffix":"inner"}},"clearTextFirst":true,"interactionType":"ENTER_TEXT"}]}
RESULT: {}
RESULT: {"script":"<script> [776 bytes]","args":[{"enterText":"Rosario","selector":{"id":"application-managesites-display-component---NewSite--addressDetailDetailsCity1","interaction":{"idSuffix":"inner"}},"clearTextFirst":true,"interactionType":"ENTER_TEXT"}]}
COMMAND: POST /session/d4f675b322105372b3380f2dea3f05ac/execute/async - {"script":"<script> [1562 bytes]","args":[{"selector":{"id":"application-managesites-display-component---NewSite--addressDetailDetailsCountry-arrow"},"wdio_ui5_key":"applicationmanagesites-display-component---NewSite--addressDetailDetailsCountry-arrow"}]}
RESULT: {"script":"<script> [1562 bytes]","args":[{"selector":{"id":"application-managesites-display-component---NewSite--addressDetailDetailsCountry-arrow"},"wdio_ui5_key":"applicationmanagesites-display-component---NewSite--addressDetailDetailsCountry-arrow"}]}
RESULT: undefined
COMMAND: POST /session/d4f675b322105372b3380f2dea3f05ac/element - {"using":"xpath","value":"//*[@id=\"application-managesites-display-component---NewSite--addressDetailDetailsCountry-arrow\"]"}
RESULT: {"using":"xpath","value":"//*[@id=\"application-managesites-display-component---NewSite--addressDetailDetailsCountry-arrow\"]"}
COMMAND: POST /session/d4f675b322105372b3380f2dea3f05ac/element/f.73BB2000E1F4E36FD864906F51978B2B.d.54A2520D6F4ADC252B3A7BC7CFFB9340.e.2344/click - {}
RESULT: {}
COMMAND: POST /session/d4f675b322105372b3380f2dea3f05ac/element - {"using":"xpath","value":"//span[contains(text(), \"Argentina\")]"}
COMMAND: GET /session/d4f675b322105372b3380f2dea3f05ac/screenshot - {}
RESULT: {"using":"xpath","value":"//span[contains(text(), \"Argentina\")]"}
COMMAND: POST /session/d4f675b322105372b3380f2dea3f05ac/element/f.73BB2000E1F4E36FD864906F51978B2B.d.54A2520D6F4ADC252B3A7BC7CFFB9340.e.2345/click - {}
RESULT: {}
RESULT: {}
COMMAND: GET /session/d4f675b322105372b3380f2dea3f05ac/screenshot - {}
RESULT: {}
COMMAND: POST /session/d4f675b322105372b3380f2dea3f05ac/execute/async - {"script":"<script> [1562 bytes]","args":[{"selector":{"id":"application-managesites-display-component---NewSite--addressEditDetailsCostObjectCstType-arrow"},"wdio_ui5_key":"applicationmanagesites-display-component---NewSite--addressEditDetailsCostObjectCstType-arrow"}]}
RESULT: {"script":"<script> [1562 bytes]","args":[{"selector":{"id":"application-managesites-display-component---NewSite--addressEditDetailsCostObjectCstType-arrow"},"wdio_ui5_key":"applicationmanagesites-display-component---NewSite--addressEditDetailsCostObjectCstType-arrow"}]}
RESULT: undefined
COMMAND: POST /session/d4f675b322105372b3380f2dea3f05ac/element - {"using":"xpath","value":"//*[@id=\"application-managesites-display-component---NewSite--addressEditDetailsCostObjectCstType-arrow\"]"}
RESULT: {"using":"xpath","value":"//*[@id=\"application-managesites-display-component---NewSite--addressEditDetailsCostObjectCstType-arrow\"]"}
COMMAND: POST /session/d4f675b322105372b3380f2dea3f05ac/element/f.73BB2000E1F4E36FD864906F51978B2B.d.54A2520D6F4ADC252B3A7BC7CFFB9340.e.2347/click - {}
RESULT: {}
COMMAND: POST /session/d4f675b322105372b3380f2dea3f05ac/element - {"using":"xpath","value":"//span[contains(text(), \"Cost Center\")]"}
COMMAND: GET /session/d4f675b322105372b3380f2dea3f05ac/screenshot - {}
RESULT: {"using":"xpath","value":"//span[contains(text(), \"Cost Center\")]"}
COMMAND: POST /session/d4f675b322105372b3380f2dea3f05ac/element/f.73BB2000E1F4E36FD864906F51978B2B.d.54A2520D6F4ADC252B3A7BC7CFFB9340.e.2348/click - {}
RESULT: {}
RESULT: {}
COMMAND: GET /session/d4f675b322105372b3380f2dea3f05ac/screenshot - {}
RESULT: {}
COMMAND: POST /session/d4f675b322105372b3380f2dea3f05ac/element - {"using":"xpath","value":"//span[@id=\"application-managesites-display-component---NewSite--addressNewCostObjectCstID-vhi\"]"}
RESULT: {"using":"xpath","value":"//span[@id=\"application-managesites-display-component---NewSite--addressNewCostObjectCstID-vhi\"]"}
COMMAND: POST /session/d4f675b322105372b3380f2dea3f05ac/execute/sync - {"script":"<script> [8489 bytes]","args":[{"element-6066-11e4-a52e-4f735466cecf":"f.73BB2000E1F4E36FD864906F51978B2B.d.54A2520D6F4ADC252B3A7BC7CFFB9340.e.2353","ELEMENT":"f.73BB2000E1F4E36FD864906F51978B2B.d.54A2520D6F4ADC252B3A7BC7CFFB9340.e.2353"}]}
RESULT: {"script":"<script> [8489 bytes]","args":[{"element-6066-11e4-a52e-4f735466cecf":"f.73BB2000E1F4E36FD864906F51978B2B.d.54A2520D6F4ADC252B3A7BC7CFFB9340.e.2353","ELEMENT":"f.73BB2000E1F4E36FD864906F51978B2B.d.54A2520D6F4ADC252B3A7BC7CFFB9340.e.2353"}]}
COMMAND: POST /session/d4f675b322105372b3380f2dea3f05ac/execute/async - {"script":"<script> [1562 bytes]","args":[{"selector":{"id":"application-managesites-display-component---NewSite--addressNewCostObjectCstID-vhi"},"wdio_ui5_key":"applicationmanagesites-display-component---NewSite--addressNewCostObjectCstID-vhi"}]}
COMMAND: GET /session/d4f675b322105372b3380f2dea3f05ac/screenshot - {}
RESULT: {"script":"<script> [1562 bytes]","args":[{"selector":{"id":"application-managesites-display-component---NewSite--addressNewCostObjectCstID-vhi"},"wdio_ui5_key":"applicationmanagesites-display-component---NewSite--addressNewCostObjectCstID-vhi"}]}
RESULT: undefined
COMMAND: POST /session/d4f675b322105372b3380f2dea3f05ac/element - {"using":"xpath","value":"//*[@id=\"application-managesites-display-component---NewSite--addressNewCostObjectCstID-vhi\"]"}
RESULT: {}
RESULT: {"using":"xpath","value":"//*[@id=\"application-managesites-display-component---NewSite--addressNewCostObjectCstID-vhi\"]"}
COMMAND: POST /session/d4f675b322105372b3380f2dea3f05ac/element/f.73BB2000E1F4E36FD864906F51978B2B.d.54A2520D6F4ADC252B3A7BC7CFFB9340.e.2353/click - {}
RESULT: {}
COMMAND: GET /session/d4f675b322105372b3380f2dea3f05ac/screenshot - {}
RESULT: {}
RESULT: undefined
COMMAND: POST /session/d4f675b322105372b3380f2dea3f05ac/execute/async - {"script":"<script> [776 bytes]","args":[{"enterText":"10001013","selector":{"controlType":"sap.m.SearchField","properties":{"placeholder":"Search"},"searchOpenDialogs":true,"interaction":{"idSuffix":"I"}},"clearTextFirst":true,"interactionType":"ENTER_TEXT"}]}
RESULT: {"script":"<script> [776 bytes]","args":[{"enterText":"10001013","selector":{"controlType":"sap.m.SearchField","properties":{"placeholder":"Search"},"searchOpenDialogs":true,"interaction":{"idSuffix":"I"}},"clearTextFirst":true,"interactionType":"ENTER_TEXT"}]}
COMMAND: POST /session/d4f675b322105372b3380f2dea3f05ac/actions - {"actions":[{"id":"action3","type":"key","parameters":{},"actions":[{"type":"keyDown","value":""},{"type":"pause","duration":10},{"type":"keyUp","value":""}]}]}
RESULT: {"actions":[{"id":"action3","type":"key","parameters":{},"actions":[{"type":"keyDown","value":""},{"type":"pause","duration":10},{"type":"keyUp","value":""}]}]}
COMMAND: GET /session/d4f675b322105372b3380f2dea3f05ac/screenshot - {}
RESULT: {}
COMMAND: POST /session/d4f675b322105372b3380f2dea3f05ac/element - {"using":"xpath","value":"//span[contains(text(), \"General Management\")]"}
RESULT: {"using":"xpath","value":"//span[contains(text(), \"General Management\")]"}
COMMAND: POST /session/d4f675b322105372b3380f2dea3f05ac/element/f.73BB2000E1F4E36FD864906F51978B2B.d.54A2520D6F4ADC252B3A7BC7CFFB9340.e.2392/click - {}
RESULT: {}
COMMAND: GET /session/d4f675b322105372b3380f2dea3f05ac/screenshot - {}
RESULT: {}
COMMAND: POST /session/d4f675b322105372b3380f2dea3f05ac/element - {"using":"xpath","value":"//bdi[contains(text(), \"OK\")]"}
RESULT: {"using":"xpath","value":"//bdi[contains(text(), \"OK\")]"}
COMMAND: POST /session/d4f675b322105372b3380f2dea3f05ac/element/f.73BB2000E1F4E36FD864906F51978B2B.d.54A2520D6F4ADC252B3A7BC7CFFB9340.e.2393/click - {}
RESULT: {}
COMMAND: GET /session/d4f675b322105372b3380f2dea3f05ac/screenshot - {}
RESULT: {}
COMMAND: POST /session/d4f675b322105372b3380f2dea3f05ac/element - {"using":"xpath","value":"//input[@id=\"application-managesites-display-component---NewSite--addressDetailDetailsCalendar-inner\"]"}
RESULT: {"using":"xpath","value":"//input[@id=\"application-managesites-display-component---NewSite--addressDetailDetailsCalendar-inner\"]"}
COMMAND: POST /session/d4f675b322105372b3380f2dea3f05ac/element/f.73BB2000E1F4E36FD864906F51978B2B.d.54A2520D6F4ADC252B3A7BC7CFFB9340.e.2131/clear - {}
RESULT: {}
COMMAND: POST /session/d4f675b322105372b3380f2dea3f05ac/element/f.73BB2000E1F4E36FD864906F51978B2B.d.54A2520D6F4ADC252B3A7BC7CFFB9340.e.2131/value - {"text":"Unit"}
COMMAND: GET /session/d4f675b322105372b3380f2dea3f05ac/screenshot - {}
RESULT: {"text":"Unit"}
COMMAND: GET /session/d4f675b322105372b3380f2dea3f05ac/screenshot - {}
RESULT: {}
RESULT: {}
COMMAND: POST /session/d4f675b322105372b3380f2dea3f05ac/actions - {"actions":[{"id":"action4","type":"key","parameters":{},"actions":[{"type":"keyDown","value":""},{"type":"pause","duration":10},{"type":"keyUp","value":""}]}]}
RESULT: {"actions":[{"id":"action4","type":"key","parameters":{},"actions":[{"type":"keyDown","value":""},{"type":"pause","duration":10},{"type":"keyUp","value":""}]}]}
COMMAND: POST /session/d4f675b322105372b3380f2dea3f05ac/element - {"using":"xpath","value":"//input[@id=\"application-managesites-display-component---NewSite--addressDetailDetailsYard-inner\"]"}
COMMAND: GET /session/d4f675b322105372b3380f2dea3f05ac/screenshot - {}
RESULT: {"using":"xpath","value":"//input[@id=\"application-managesites-display-component---NewSite--addressDetailDetailsYard-inner\"]"}
COMMAND: POST /session/d4f675b322105372b3380f2dea3f05ac/element/f.73BB2000E1F4E36FD864906F51978B2B.d.54A2520D6F4ADC252B3A7BC7CFFB9340.e.2132/clear - {}
RESULT: {}
RESULT: {}
COMMAND: POST /session/d4f675b322105372b3380f2dea3f05ac/element/f.73BB2000E1F4E36FD864906F51978B2B.d.54A2520D6F4ADC252B3A7BC7CFFB9340.e.2132/value - {"text":"422"}
COMMAND: GET /session/d4f675b322105372b3380f2dea3f05ac/screenshot - {}
RESULT: {"text":"422"}
COMMAND: GET /session/d4f675b322105372b3380f2dea3f05ac/screenshot - {}
RESULT: {}
RESULT: {}
COMMAND: POST /session/d4f675b322105372b3380f2dea3f05ac/element - {"using":"xpath","value":"//li[.//span[text()='422']]"}
RESULT: {"using":"xpath","value":"//li[.//span[text()='422']]"}
COMMAND: POST /session/d4f675b322105372b3380f2dea3f05ac/element/f.73BB2000E1F4E36FD864906F51978B2B.d.54A2520D6F4ADC252B3A7BC7CFFB9340.e.2401/click - {}
RESULT: {}
COMMAND: GET /session/d4f675b322105372b3380f2dea3f05ac/screenshot - {}
RESULT: {}
COMMAND: POST /session/d4f675b322105372b3380f2dea3f05ac/element - {"using":"xpath","value":"//input[@id=\"application-managesites-display-component---NewSite--addressDetailDetailsPartner-inner\"]"}
RESULT: {"using":"xpath","value":"//input[@id=\"application-managesites-display-component---NewSite--addressDetailDetailsPartner-inner\"]"}
COMMAND: POST /session/d4f675b322105372b3380f2dea3f05ac/element - {"using":"xpath","value":"//input[@id=\"application-managesites-display-component---NewSite--addressDetailDetailsPartner-inner\"]"}
RESULT: {"using":"xpath","value":"//input[@id=\"application-managesites-display-component---NewSite--addressDetailDetailsPartner-inner\"]"}
COMMAND: POST /session/d4f675b322105372b3380f2dea3f05ac/execute/async - {"script":"<script> [1562 bytes]","args":[{"selector":{"id":"application-managesites-display-component---NewSite--siteWhmCheckBox-label","interaction":{"idSuffix":"bdi"}},"wdio_ui5_key":"applicationmanagesites-display-component---NewSite--siteWhmCheckBox-label"}]}
RESULT: {"script":"<script> [1562 bytes]","args":[{"selector":{"id":"application-managesites-display-component---NewSite--siteWhmCheckBox-label","interaction":{"idSuffix":"bdi"}},"wdio_ui5_key":"applicationmanagesites-display-component---NewSite--siteWhmCheckBox-label"}]}
RESULT: undefined
COMMAND: POST /session/d4f675b322105372b3380f2dea3f05ac/element - {"using":"xpath","value":"//*[@id=\"application-managesites-display-component---NewSite--siteWhmCheckBox-label\"]"}
RESULT: {"using":"xpath","value":"//*[@id=\"application-managesites-display-component---NewSite--siteWhmCheckBox-label\"]"}
COMMAND: POST /session/d4f675b322105372b3380f2dea3f05ac/element/f.73BB2000E1F4E36FD864906F51978B2B.d.54A2520D6F4ADC252B3A7BC7CFFB9340.e.2403/click - {}
RESULT: {}
COMMAND: GET /session/d4f675b322105372b3380f2dea3f05ac/screenshot - {}
RESULT: {}
COMMAND: POST /session/d4f675b322105372b3380f2dea3f05ac/element - {"using":"xpath","value":"//button[@data-kt=\"saveButton\"]"}
RESULT: {"using":"xpath","value":"//button[@data-kt=\"saveButton\"]"}
COMMAND: POST /session/d4f675b322105372b3380f2dea3f05ac/element/f.73BB2000E1F4E36FD864906F51978B2B.d.54A2520D6F4ADC252B3A7BC7CFFB9340.e.2325/click - {}
RESULT: {}
COMMAND: GET /session/d4f675b322105372b3380f2dea3f05ac/screenshot - {}
RESULT: {}
COMMAND: POST /session/d4f675b322105372b3380f2dea3f05ac/element - {"using":"xpath","value":"//header[contains(@id, 'ObjectPageLayout-headerTitle')]/div[1]/div[2]/div[2]/span[1]"}
RESULT: {"using":"xpath","value":"//header[contains(@id, 'ObjectPageLayout-headerTitle')]/div[1]/div[2]/div[2]/span[1]"}
COMMAND: POST /session/d4f675b322105372b3380f2dea3f05ac/elements - {"using":"xpath","value":"//header[contains(@id, 'ObjectPageLayout-headerTitle')]/div[1]/div[2]/div[2]/span[1]"}
RESULT: {"using":"xpath","value":"//header[contains(@id, 'ObjectPageLayout-headerTitle')]/div[1]/div[2]/div[2]/span[1]"}
COMMAND: POST /session/d4f675b322105372b3380f2dea3f05ac/execute/sync - {"script":"<script> [56 bytes]","args":[{"element-6066-11e4-a52e-4f735466cecf":"f.73BB2000E1F4E36FD864906F51978B2B.d.54A2520D6F4ADC252B3A7BC7CFFB9340.e.2607","ELEMENT":"f.73BB2000E1F4E36FD864906F51978B2B.d.54A2520D6F4ADC252B3A7BC7CFFB9340.e.2607"}]}
RESULT: {"script":"<script> [56 bytes]","args":[{"element-6066-11e4-a52e-4f735466cecf":"f.73BB2000E1F4E36FD864906F51978B2B.d.54A2520D6F4ADC252B3A7BC7CFFB9340.e.2607","ELEMENT":"f.73BB2000E1F4E36FD864906F51978B2B.d.54A2520D6F4ADC252B3A7BC7CFFB9340.e.2607"}]}
COMMAND: POST /session/d4f675b322105372b3380f2dea3f05ac/element - {"using":"css selector","value":"#shell-header-logo"}
COMMAND: GET /session/d4f675b322105372b3380f2dea3f05ac/screenshot - {}
RESULT: {"using":"css selector","value":"#shell-header-logo"}
COMMAND: POST /session/d4f675b322105372b3380f2dea3f05ac/element/f.73BB2000E1F4E36FD864906F51978B2B.d.54A2520D6F4ADC252B3A7BC7CFFB9340.e.1673/click - {}
RESULT: {}
RESULT: {}
COMMAND: GET /session/d4f675b322105372b3380f2dea3f05ac/screenshot - {}
RESULT: {}
COMMAND: POST /session/d4f675b322105372b3380f2dea3f05ac/execute/sync - {"script":"<script> [299 bytes]","args":[["getModel","getResource"]]}
RESULT: {"script":"<script> [299 bytes]","args":[["getModel","getResource"]]}
COMMAND: POST /session/d4f675b322105372b3380f2dea3f05ac/actions - {"actions":[{"id":"action5","type":"key","parameters":{},"actions":[{"type":"keyDown","value":""},{"type":"pause","duration":10},{"type":"keyUp","value":""}]}]}
COMMAND: GET /session/d4f675b322105372b3380f2dea3f05ac/screenshot - {}
RESULT: {"actions":[{"id":"action5","type":"key","parameters":{},"actions":[{"type":"keyDown","value":""},{"type":"pause","duration":10},{"type":"keyUp","value":""}]}]}
COMMAND: GET /session/d4f675b322105372b3380f2dea3f05ac/screenshot - {}
RESULT: {}
RESULT: {}
COMMAND: POST /session/d4f675b322105372b3380f2dea3f05ac/refresh - {}
RESULT: {}
COMMAND: GET /session/d4f675b322105372b3380f2dea3f05ac/screenshot - {}
RESULT: {}
COMMAND: POST /session/d4f675b322105372b3380f2dea3f05ac/refresh - {}
RESULT: {}
COMMAND: GET /session/d4f675b322105372b3380f2dea3f05ac/screenshot - {}
RESULT: {}
COMMAND: POST /session/d4f675b322105372b3380f2dea3f05ac/window/fullscreen - {}
RESULT: {}
COMMAND: POST /session/d4f675b322105372b3380f2dea3f05ac/execute/async - {"script":"<script> [189 bytes]","args":[]}
RESULT: {"script":"<script> [189 bytes]","args":[]}
COMMAND: POST /session/d4f675b322105372b3380f2dea3f05ac/execute/async - {"script":"<script> [123 bytes]","args":[]}
RESULT: {"script":"<script> [123 bytes]","args":[]}
COMMAND: POST /session/d4f675b322105372b3380f2dea3f05ac/timeouts - {"script":"<number>"}
RESULT: {"script":"<number>"}
COMMAND: GET /session/d4f675b322105372b3380f2dea3f05ac/timeouts - {}
RESULT: {}
RESULT: undefined
COMMAND: POST /session/d4f675b322105372b3380f2dea3f05ac/execute/async - {"script":"<script> [2676 bytes]","args":[]}
RESULT: {"script":"<script> [2676 bytes]","args":[]}
COMMAND: POST /session/d4f675b322105372b3380f2dea3f05ac/execute/async - {"script":"<script> [2342 bytes]","args":[{"protocol":"http","hostname":"0.0.0.0","path":"/","capabilities":{"browserName":"chrome","goog:chromeOptions":{"binary":"C:\\Program Files\\Google\\Chrome\\Application\\chrome.exe","args":["--start-maximized"]}},"logLevel":"warn","connectionRetryTimeout":120000,"connectionRetryCount":3,"logLevels":{},"enableDirectConnect":true,"strictSSL":true,"_":"65 more keys: [\"cacheDir\",\"port\",\"requestedCapabilities\",\"automationProtocol\",\"baseUrl\",\"waitforInterval\",\"waitforTimeout\",\"onReload\",\"beforeCommand\",\"afterCommand\",\"rootDir\",\"specs\",\"suites\",\"exclude\",\"groupLogsByTestSpec\",\"excludeDriverLogs\",\"bail\",\"framework\",\"reporters\",\"services\",\"maxInstances\",\"maxInstancesPerCapability\",\"injectGlobals\",\"filesToWatch\",\"execArgv\",\"runnerEnv\",\"runner\",\"shard\",\"specFileRetries\",\"specFileRetriesDelay\",\"specFileRetriesDeferred\",\"reporterSyncInterval\",\"reporterSyncTimeout\",\"cucumberFeaturesWithLineNumbers\",\"autoCompileOpts\",\"mochaOpts\",\"jasmineOpts\",\"cucumberOpts\",\"onPrepare\",\"onWorkerStart\",\"onWorkerEnd\",\"before\",\"beforeSession\",\"beforeSuite\",\"beforeHook\",\"beforeTest\",\"afterTest\",\"afterHook\",\"afterSuite\",\"afterSession\",\"after\",\"onComplete\",\"beforeAssertion\",\"afterAssertion\",\"beforeFeature\",\"beforeScenario\",\"beforeStep\",\"afterStep\",\"afterScenario\",\"afterFeature\",\"_\",\"suite\",\"$0\",\"ignoredWorkerServices\",\"wdi5\"]"}]}
RESULT: {"script":"<script> [2342 bytes]","args":[{"protocol":"http","hostname":"0.0.0.0","path":"/","capabilities":{"browserName":"chrome","goog:chromeOptions":{"binary":"C:\\Program Files\\Google\\Chrome\\Application\\chrome.exe","args":["--start-maximized"]}},"logLevel":"warn","connectionRetryTimeout":120000,"connectionRetryCount":3,"logLevels":{},"enableDirectConnect":true,"strictSSL":true,"_":"65 more keys: [\"cacheDir\",\"port\",\"requestedCapabilities\",\"automationProtocol\",\"baseUrl\",\"waitforInterval\",\"waitforTimeout\",\"onReload\",\"beforeCommand\",\"afterCommand\",\"rootDir\",\"specs\",\"suites\",\"exclude\",\"groupLogsByTestSpec\",\"excludeDriverLogs\",\"bail\",\"framework\",\"reporters\",\"services\",\"maxInstances\",\"maxInstancesPerCapability\",\"injectGlobals\",\"filesToWatch\",\"execArgv\",\"runnerEnv\",\"runner\",\"shard\",\"specFileRetries\",\"specFileRetriesDelay\",\"specFileRetriesDeferred\",\"reporterSyncInterval\",\"reporterSyncTimeout\",\"cucumberFeaturesWithLineNumbers\",\"autoCompileOpts\",\"mochaOpts\",\"jasmineOpts\",\"cucumberOpts\",\"onPrepare\",\"onWorkerStart\",\"onWorkerEnd\",\"before\",\"beforeSession\",\"beforeSuite\",\"beforeHook\",\"beforeTest\",\"afterTest\",\"afterHook\",\"afterSuite\",\"afterSession\",\"after\",\"onComplete\",\"beforeAssertion\",\"afterAssertion\",\"beforeFeature\",\"beforeScenario\",\"beforeStep\",\"afterStep\",\"afterScenario\",\"afterFeature\",\"_\",\"suite\",\"$0\",\"ignoredWorkerServices\",\"wdi5\"]"}]}
COMMAND: POST /session/d4f675b322105372b3380f2dea3f05ac/execute/async - {"script":"<script> [21126 bytes]","args":[35000]}
RESULT: {"script":"<script> [21126 bytes]","args":[35000]}
COMMAND: POST /session/d4f675b322105372b3380f2dea3f05ac/window/fullscreen - {}
RESULT: {}
]]></system-out>
    </testcase>
    <testcase classname="chrome.136_0_7103_93.windows.Stock_increase_-_with_WHM_US125587" name="Should create a new material" time="129.083">
      <system-out><![CDATA[
COMMAND: POST /session/d4f675b322105372b3380f2dea3f05ac/execute/async - {"script":"<script> [1562 bytes]","args":[{"selector":{"controlType":"sap.m.GenericTile","properties":{"header":"Manage Resources"}},"wdio_ui5_key":"sapm.GenericTile{\"header\":\"Manage Resources\"}"}]}
RESULT: {"script":"<script> [1562 bytes]","args":[{"selector":{"controlType":"sap.m.GenericTile","properties":{"header":"Manage Resources"}},"wdio_ui5_key":"sapm.GenericTile{\"header\":\"Manage Resources\"}"}]}
RESULT: undefined
COMMAND: POST /session/d4f675b322105372b3380f2dea3f05ac/element - {"using":"xpath","value":"//*[@id=\"__tile31\"]"}
RESULT: {"using":"xpath","value":"//*[@id=\"__tile31\"]"}
COMMAND: POST /session/d4f675b322105372b3380f2dea3f05ac/element/f.73BB2000E1F4E36FD864906F51978B2B.d.2FFE6403B0506C89F4E617207AAA15E6.e.2638/click - {}
RESULT: {}
COMMAND: GET /session/d4f675b322105372b3380f2dea3f05ac/screenshot - {}
RESULT: {}
COMMAND: POST /session/d4f675b322105372b3380f2dea3f05ac/elements - {"using":"xpath","value":"//span[text()='Error']"}
RESULT: {"using":"xpath","value":"//span[text()='Error']"}
COMMAND: POST /session/d4f675b322105372b3380f2dea3f05ac/element - {"using":"xpath","value":"//button[@data-kt=\"addNewRUOverflowToolbarButton\"]"}
RESULT: {"using":"xpath","value":"//button[@data-kt=\"addNewRUOverflowToolbarButton\"]"}
COMMAND: POST /session/d4f675b322105372b3380f2dea3f05ac/elements - {"using":"xpath","value":"//button[@data-kt=\"addNewRUOverflowToolbarButton\"]"}
RESULT: {"using":"xpath","value":"//button[@data-kt=\"addNewRUOverflowToolbarButton\"]"}
COMMAND: POST /session/d4f675b322105372b3380f2dea3f05ac/elements - {"using":"xpath","value":"//button[@data-kt=\"addNewRUOverflowToolbarButton\"]"}
RESULT: {"using":"xpath","value":"//button[@data-kt=\"addNewRUOverflowToolbarButton\"]"}
COMMAND: POST /session/d4f675b322105372b3380f2dea3f05ac/elements - {"using":"xpath","value":"//button[@data-kt=\"addNewRUOverflowToolbarButton\"]"}
RESULT: {"using":"xpath","value":"//button[@data-kt=\"addNewRUOverflowToolbarButton\"]"}
COMMAND: POST /session/d4f675b322105372b3380f2dea3f05ac/elements - {"using":"xpath","value":"//button[@data-kt=\"addNewRUOverflowToolbarButton\"]"}
RESULT: {"using":"xpath","value":"//button[@data-kt=\"addNewRUOverflowToolbarButton\"]"}
COMMAND: POST /session/d4f675b322105372b3380f2dea3f05ac/element - {"using":"xpath","value":"//button[@data-kt=\"addNewRUOverflowToolbarButton\"]"}
RESULT: {"using":"xpath","value":"//button[@data-kt=\"addNewRUOverflowToolbarButton\"]"}
COMMAND: POST /session/d4f675b322105372b3380f2dea3f05ac/execute/sync - {"script":"<script> [8489 bytes]","args":[{"element-6066-11e4-a52e-4f735466cecf":"f.73BB2000E1F4E36FD864906F51978B2B.d.2FFE6403B0506C89F4E617207AAA15E6.e.2790","ELEMENT":"f.73BB2000E1F4E36FD864906F51978B2B.d.2FFE6403B0506C89F4E617207AAA15E6.e.2790"}]}
RESULT: {"script":"<script> [8489 bytes]","args":[{"element-6066-11e4-a52e-4f735466cecf":"f.73BB2000E1F4E36FD864906F51978B2B.d.2FFE6403B0506C89F4E617207AAA15E6.e.2790","ELEMENT":"f.73BB2000E1F4E36FD864906F51978B2B.d.2FFE6403B0506C89F4E617207AAA15E6.e.2790"}]}
COMMAND: GET /session/d4f675b322105372b3380f2dea3f05ac/element/f.73BB2000E1F4E36FD864906F51978B2B.d.2FFE6403B0506C89F4E617207AAA15E6.e.2790/enabled - {}
RESULT: {}
COMMAND: POST /session/d4f675b322105372b3380f2dea3f05ac/execute/sync - {"script":"<script> [8489 bytes]","args":[{"element-6066-11e4-a52e-4f735466cecf":"f.73BB2000E1F4E36FD864906F51978B2B.d.2FFE6403B0506C89F4E617207AAA15E6.e.2790","ELEMENT":"f.73BB2000E1F4E36FD864906F51978B2B.d.2FFE6403B0506C89F4E617207AAA15E6.e.2790"}]}
COMMAND: GET /session/d4f675b322105372b3380f2dea3f05ac/screenshot - {}
COMMAND: GET /session/d4f675b322105372b3380f2dea3f05ac/screenshot - {}
RESULT: {"script":"<script> [8489 bytes]","args":[{"element-6066-11e4-a52e-4f735466cecf":"f.73BB2000E1F4E36FD864906F51978B2B.d.2FFE6403B0506C89F4E617207AAA15E6.e.2790","ELEMENT":"f.73BB2000E1F4E36FD864906F51978B2B.d.2FFE6403B0506C89F4E617207AAA15E6.e.2790"}]}
COMMAND: POST /session/d4f675b322105372b3380f2dea3f05ac/execute/sync - {"script":"<script> [5351 bytes]","args":[{"element-6066-11e4-a52e-4f735466cecf":"f.73BB2000E1F4E36FD864906F51978B2B.d.2FFE6403B0506C89F4E617207AAA15E6.e.2790","ELEMENT":"f.73BB2000E1F4E36FD864906F51978B2B.d.2FFE6403B0506C89F4E617207AAA15E6.e.2790"}]}
COMMAND: GET /session/d4f675b322105372b3380f2dea3f05ac/screenshot - {}
RESULT: {}
RESULT: {}
RESULT: {"script":"<script> [5351 bytes]","args":[{"element-6066-11e4-a52e-4f735466cecf":"f.73BB2000E1F4E36FD864906F51978B2B.d.2FFE6403B0506C89F4E617207AAA15E6.e.2790","ELEMENT":"f.73BB2000E1F4E36FD864906F51978B2B.d.2FFE6403B0506C89F4E617207AAA15E6.e.2790"}]}
COMMAND: POST /session/d4f675b322105372b3380f2dea3f05ac/element/f.73BB2000E1F4E36FD864906F51978B2B.d.2FFE6403B0506C89F4E617207AAA15E6.e.2790/click - {}
COMMAND: GET /session/d4f675b322105372b3380f2dea3f05ac/screenshot - {}
RESULT: {}
RESULT: {}
COMMAND: GET /session/d4f675b322105372b3380f2dea3f05ac/screenshot - {}
RESULT: {}
RESULT: {}
COMMAND: POST /session/d4f675b322105372b3380f2dea3f05ac/execute/async - {"script":"<script> [1562 bytes]","args":[{"selector":{"id":"application-manageresources-display-component---newResourceUnit--TYPE-arrow"},"wdio_ui5_key":"applicationmanageresources-display-component---newResourceUnit--TYPE-arrow"}]}
RESULT: {"script":"<script> [1562 bytes]","args":[{"selector":{"id":"application-manageresources-display-component---newResourceUnit--TYPE-arrow"},"wdio_ui5_key":"applicationmanageresources-display-component---newResourceUnit--TYPE-arrow"}]}
RESULT: undefined
COMMAND: POST /session/d4f675b322105372b3380f2dea3f05ac/element - {"using":"xpath","value":"//*[@id=\"application-manageresources-display-component---newResourceUnit--TYPE-arrow\"]"}
RESULT: {"using":"xpath","value":"//*[@id=\"application-manageresources-display-component---newResourceUnit--TYPE-arrow\"]"}
COMMAND: POST /session/d4f675b322105372b3380f2dea3f05ac/element/f.73BB2000E1F4E36FD864906F51978B2B.d.2FFE6403B0506C89F4E617207AAA15E6.e.3152/click - {}
RESULT: {}
COMMAND: POST /session/d4f675b322105372b3380f2dea3f05ac/element - {"using":"xpath","value":"//input[@id=\"application-manageresources-display-component---newResourceUnit--TYPE-inner\"]"}
COMMAND: GET /session/d4f675b322105372b3380f2dea3f05ac/screenshot - {}
RESULT: {"using":"xpath","value":"//input[@id=\"application-manageresources-display-component---newResourceUnit--TYPE-inner\"]"}
COMMAND: POST /session/d4f675b322105372b3380f2dea3f05ac/element/f.73BB2000E1F4E36FD864906F51978B2B.d.2FFE6403B0506C89F4E617207AAA15E6.e.3139/clear - {}
RESULT: {}
RESULT: {}
COMMAND: POST /session/d4f675b322105372b3380f2dea3f05ac/element/f.73BB2000E1F4E36FD864906F51978B2B.d.2FFE6403B0506C89F4E617207AAA15E6.e.3139/value - {"text":"Material"}
COMMAND: GET /session/d4f675b322105372b3380f2dea3f05ac/screenshot - {}
RESULT: {"text":"Material"}
COMMAND: GET /session/d4f675b322105372b3380f2dea3f05ac/screenshot - {}
RESULT: {}
RESULT: {}
COMMAND: POST /session/d4f675b322105372b3380f2dea3f05ac/actions - {"actions":[{"id":"action6","type":"key","parameters":{},"actions":[{"type":"keyDown","value":""},{"type":"pause","duration":10},{"type":"keyUp","value":""}]}]}
RESULT: {"actions":[{"id":"action6","type":"key","parameters":{},"actions":[{"type":"keyDown","value":""},{"type":"pause","duration":10},{"type":"keyUp","value":""}]}]}
COMMAND: POST /session/d4f675b322105372b3380f2dea3f05ac/execute/async - {"script":"<script> [1562 bytes]","args":[{"selector":{"id":"application-manageresources-display-component---newResourceUnit--SHORT_TEXT","interaction":{"idSuffix":"inner"}},"wdio_ui5_key":"applicationmanageresources-display-component---newResourceUnit--SHORT_TEXT"}]}
COMMAND: GET /session/d4f675b322105372b3380f2dea3f05ac/screenshot - {}
RESULT: {"script":"<script> [1562 bytes]","args":[{"selector":{"id":"application-manageresources-display-component---newResourceUnit--SHORT_TEXT","interaction":{"idSuffix":"inner"}},"wdio_ui5_key":"applicationmanageresources-display-component---newResourceUnit--SHORT_TEXT"}]}
RESULT: undefined
COMMAND: POST /session/d4f675b322105372b3380f2dea3f05ac/execute/async - {"script":"<script> [776 bytes]","args":[{"enterText":"Cement WDIO","selector":{"id":"application-manageresources-display-component---newResourceUnit--SHORT_TEXT","interaction":{"idSuffix":"inner"}},"clearTextFirst":true,"interactionType":"ENTER_TEXT"}]}
RESULT: {}
RESULT: {"script":"<script> [776 bytes]","args":[{"enterText":"Cement WDIO","selector":{"id":"application-manageresources-display-component---newResourceUnit--SHORT_TEXT","interaction":{"idSuffix":"inner"}},"clearTextFirst":true,"interactionType":"ENTER_TEXT"}]}
COMMAND: POST /session/d4f675b322105372b3380f2dea3f05ac/execute/async - {"script":"<script> [1562 bytes]","args":[{"selector":{"id":"application-manageresources-display-component---newResourceUnit--BASE_UNIT_OF_MEASURE","interaction":{"idSuffix":"inner"}},"wdio_ui5_key":"applicationmanageresources-display-component---newResourceUnit--BASE_UNIT_OF_MEASURE"}]}
RESULT: {"script":"<script> [1562 bytes]","args":[{"selector":{"id":"application-manageresources-display-component---newResourceUnit--BASE_UNIT_OF_MEASURE","interaction":{"idSuffix":"inner"}},"wdio_ui5_key":"applicationmanageresources-display-component---newResourceUnit--BASE_UNIT_OF_MEASURE"}]}
RESULT: undefined
COMMAND: POST /session/d4f675b322105372b3380f2dea3f05ac/execute/async - {"script":"<script> [776 bytes]","args":[{"enterText":"Piece","selector":{"id":"application-manageresources-display-component---newResourceUnit--BASE_UNIT_OF_MEASURE","interaction":{"idSuffix":"inner"}},"clearTextFirst":true,"interactionType":"ENTER_TEXT"}]}
RESULT: {"script":"<script> [776 bytes]","args":[{"enterText":"Piece","selector":{"id":"application-manageresources-display-component---newResourceUnit--BASE_UNIT_OF_MEASURE","interaction":{"idSuffix":"inner"}},"clearTextFirst":true,"interactionType":"ENTER_TEXT"}]}
COMMAND: POST /session/d4f675b322105372b3380f2dea3f05ac/execute/async - {"script":"<script> [1562 bytes]","args":[{"selector":{"id":"application-manageresources-display-component---newResourceUnit--WEIGHT_UNIT","interaction":{"idSuffix":"inner"}},"wdio_ui5_key":"applicationmanageresources-display-component---newResourceUnit--WEIGHT_UNIT"}]}
RESULT: {"script":"<script> [1562 bytes]","args":[{"selector":{"id":"application-manageresources-display-component---newResourceUnit--WEIGHT_UNIT","interaction":{"idSuffix":"inner"}},"wdio_ui5_key":"applicationmanageresources-display-component---newResourceUnit--WEIGHT_UNIT"}]}
RESULT: undefined
COMMAND: POST /session/d4f675b322105372b3380f2dea3f05ac/execute/async - {"script":"<script> [776 bytes]","args":[{"enterText":"Gram","selector":{"id":"application-manageresources-display-component---newResourceUnit--WEIGHT_UNIT","interaction":{"idSuffix":"inner"}},"clearTextFirst":true,"interactionType":"ENTER_TEXT"}]}
RESULT: {"script":"<script> [776 bytes]","args":[{"enterText":"Gram","selector":{"id":"application-manageresources-display-component---newResourceUnit--WEIGHT_UNIT","interaction":{"idSuffix":"inner"}},"clearTextFirst":true,"interactionType":"ENTER_TEXT"}]}
COMMAND: POST /session/d4f675b322105372b3380f2dea3f05ac/execute/async - {"script":"<script> [1562 bytes]","args":[{"selector":{"id":"application-manageresources-display-component---newResourceUnit--DIMENSION_UNIT","interaction":{"idSuffix":"inner"}},"wdio_ui5_key":"applicationmanageresources-display-component---newResourceUnit--DIMENSION_UNIT"}]}
RESULT: {"script":"<script> [1562 bytes]","args":[{"selector":{"id":"application-manageresources-display-component---newResourceUnit--DIMENSION_UNIT","interaction":{"idSuffix":"inner"}},"wdio_ui5_key":"applicationmanageresources-display-component---newResourceUnit--DIMENSION_UNIT"}]}
RESULT: undefined
COMMAND: POST /session/d4f675b322105372b3380f2dea3f05ac/execute/async - {"script":"<script> [776 bytes]","args":[{"enterText":"Meter","selector":{"id":"application-manageresources-display-component---newResourceUnit--DIMENSION_UNIT","interaction":{"idSuffix":"inner"}},"clearTextFirst":true,"interactionType":"ENTER_TEXT"}]}
RESULT: {"script":"<script> [776 bytes]","args":[{"enterText":"Meter","selector":{"id":"application-manageresources-display-component---newResourceUnit--DIMENSION_UNIT","interaction":{"idSuffix":"inner"}},"clearTextFirst":true,"interactionType":"ENTER_TEXT"}]}
COMMAND: POST /session/d4f675b322105372b3380f2dea3f05ac/execute/async - {"script":"<script> [1562 bytes]","args":[{"selector":{"id":"application-manageresources-display-component---newResourceUnit--newRRUPage-anchBar-application-manageresources-display-component---newResourceUnit--control-anchor","interaction":{"idSuffix":"BDI-content"}},"wdio_ui5_key":"applicationmanageresources-display-component---newResourceUnit--newRRUPage-anchBar-application-manageresources-display-component---newResourceUnit--control-anchor"}]}
RESULT: {"script":"<script> [1562 bytes]","args":[{"selector":{"id":"application-manageresources-display-component---newResourceUnit--newRRUPage-anchBar-application-manageresources-display-component---newResourceUnit--control-anchor","interaction":{"idSuffix":"BDI-content"}},"wdio_ui5_key":"applicationmanageresources-display-component---newResourceUnit--newRRUPage-anchBar-application-manageresources-display-component---newResourceUnit--control-anchor"}]}
RESULT: undefined
COMMAND: POST /session/d4f675b322105372b3380f2dea3f05ac/element - {"using":"xpath","value":"//*[@id=\"application-manageresources-display-component---newResourceUnit--newRRUPage-anchBar-application-manageresources-display-component---newResourceUnit--control-anchor\"]"}
RESULT: {"using":"xpath","value":"//*[@id=\"application-manageresources-display-component---newResourceUnit--newRRUPage-anchBar-application-manageresources-display-component---newResourceUnit--control-anchor\"]"}
COMMAND: POST /session/d4f675b322105372b3380f2dea3f05ac/element/f.73BB2000E1F4E36FD864906F51978B2B.d.2FFE6403B0506C89F4E617207AAA15E6.e.3284/click - {}
RESULT: {}
COMMAND: POST /session/d4f675b322105372b3380f2dea3f05ac/execute/async - {"script":"<script> [1562 bytes]","args":[{"selector":{"id":"application-manageresources-display-component---newResourceUnit--PLANNING_GROUP","interaction":{"idSuffix":"inner"}},"wdio_ui5_key":"applicationmanageresources-display-component---newResourceUnit--PLANNING_GROUP"}]}
COMMAND: GET /session/d4f675b322105372b3380f2dea3f05ac/screenshot - {}
RESULT: {"script":"<script> [1562 bytes]","args":[{"selector":{"id":"application-manageresources-display-component---newResourceUnit--PLANNING_GROUP","interaction":{"idSuffix":"inner"}},"wdio_ui5_key":"applicationmanageresources-display-component---newResourceUnit--PLANNING_GROUP"}]}
RESULT: undefined
COMMAND: POST /session/d4f675b322105372b3380f2dea3f05ac/execute/async - {"script":"<script> [776 bytes]","args":[{"enterText":"Material","selector":{"id":"application-manageresources-display-component---newResourceUnit--PLANNING_GROUP","interaction":{"idSuffix":"inner"}},"clearTextFirst":true,"interactionType":"ENTER_TEXT"}]}
RESULT: {}
RESULT: {"script":"<script> [776 bytes]","args":[{"enterText":"Material","selector":{"id":"application-manageresources-display-component---newResourceUnit--PLANNING_GROUP","interaction":{"idSuffix":"inner"}},"clearTextFirst":true,"interactionType":"ENTER_TEXT"}]}
COMMAND: POST /session/d4f675b322105372b3380f2dea3f05ac/execute/async - {"script":"<script> [1562 bytes]","args":[{"selector":{"id":"application-manageresources-display-component---newResourceUnit--PLANNING_INDICATOR","interaction":{"idSuffix":"inner"}},"wdio_ui5_key":"applicationmanageresources-display-component---newResourceUnit--PLANNING_INDICATOR"}]}
RESULT: {"script":"<script> [1562 bytes]","args":[{"selector":{"id":"application-manageresources-display-component---newResourceUnit--PLANNING_INDICATOR","interaction":{"idSuffix":"inner"}},"wdio_ui5_key":"applicationmanageresources-display-component---newResourceUnit--PLANNING_INDICATOR"}]}
RESULT: undefined
COMMAND: POST /session/d4f675b322105372b3380f2dea3f05ac/execute/async - {"script":"<script> [776 bytes]","args":[{"enterText":"10 - infinite","selector":{"id":"application-manageresources-display-component---newResourceUnit--PLANNING_INDICATOR","interaction":{"idSuffix":"inner"}},"clearTextFirst":true,"interactionType":"ENTER_TEXT"}]}
RESULT: {"script":"<script> [776 bytes]","args":[{"enterText":"10 - infinite","selector":{"id":"application-manageresources-display-component---newResourceUnit--PLANNING_INDICATOR","interaction":{"idSuffix":"inner"}},"clearTextFirst":true,"interactionType":"ENTER_TEXT"}]}
COMMAND: POST /session/d4f675b322105372b3380f2dea3f05ac/element - {"using":"css selector","value":"#application-manageresources-display-component---newResourceUnit--btnAddTimeSegment"}
RESULT: {"using":"css selector","value":"#application-manageresources-display-component---newResourceUnit--btnAddTimeSegment"}
COMMAND: GET /session/d4f675b322105372b3380f2dea3f05ac/element/f.73BB2000E1F4E36FD864906F51978B2B.d.2FFE6403B0506C89F4E617207AAA15E6.e.3294/rect - {}
RESULT: {}
COMMAND: GET /session/d4f675b322105372b3380f2dea3f05ac/window/rect - {}
RESULT: {}
COMMAND: POST /session/d4f675b322105372b3380f2dea3f05ac/execute/sync - {"script":"<script> [92 bytes]","args":[]}
RESULT: {"script":"<script> [92 bytes]","args":[]}
COMMAND: POST /session/d4f675b322105372b3380f2dea3f05ac/actions - {"actions":[{"id":"action7","type":"wheel","parameters":{},"actions":[{"type":"scroll","x":-1888,"y":-32,"deltaX":0,"deltaY":0,"duration":0,"origin":{"element-6066-11e4-a52e-4f735466cecf":"f.73BB2000E1F4E36FD864906F51978B2B.d.2FFE6403B0506C89F4E617207AAA15E6.e.3294"}}]}]}
COMMAND: GET /session/d4f675b322105372b3380f2dea3f05ac/screenshot - {}
RESULT: {}
COMMAND: POST /session/d4f675b322105372b3380f2dea3f05ac/execute/sync - {"script":"<script> [79 bytes]","args":[{"element-6066-11e4-a52e-4f735466cecf":"f.73BB2000E1F4E36FD864906F51978B2B.d.2FFE6403B0506C89F4E617207AAA15E6.e.3294","ELEMENT":"f.73BB2000E1F4E36FD864906F51978B2B.d.2FFE6403B0506C89F4E617207AAA15E6.e.3294"},{"block":"start","inline":"nearest"}]}
RESULT: {"script":"<script> [79 bytes]","args":[{"element-6066-11e4-a52e-4f735466cecf":"f.73BB2000E1F4E36FD864906F51978B2B.d.2FFE6403B0506C89F4E617207AAA15E6.e.3294","ELEMENT":"f.73BB2000E1F4E36FD864906F51978B2B.d.2FFE6403B0506C89F4E617207AAA15E6.e.3294"},{"block":"start","inline":"nearest"}]}
COMMAND: POST /session/d4f675b322105372b3380f2dea3f05ac/execute/async - {"script":"<script> [1562 bytes]","args":[{"selector":{"id":"application-manageresources-display-component---newResourceUnit--btnAddTimeSegment","interaction":{"idSuffix":"inner"}},"wdio_ui5_key":"applicationmanageresources-display-component---newResourceUnit--btnAddTimeSegment"}]}
COMMAND: GET /session/d4f675b322105372b3380f2dea3f05ac/screenshot - {}
RESULT: {"script":"<script> [1562 bytes]","args":[{"selector":{"id":"application-manageresources-display-component---newResourceUnit--btnAddTimeSegment","interaction":{"idSuffix":"inner"}},"wdio_ui5_key":"applicationmanageresources-display-component---newResourceUnit--btnAddTimeSegment"}]}
RESULT: undefined
COMMAND: POST /session/d4f675b322105372b3380f2dea3f05ac/element - {"using":"xpath","value":"//*[@id=\"application-manageresources-display-component---newResourceUnit--btnAddTimeSegment\"]"}
RESULT: {}
RESULT: {"using":"xpath","value":"//*[@id=\"application-manageresources-display-component---newResourceUnit--btnAddTimeSegment\"]"}
COMMAND: POST /session/d4f675b322105372b3380f2dea3f05ac/element/f.73BB2000E1F4E36FD864906F51978B2B.d.2FFE6403B0506C89F4E617207AAA15E6.e.3294/click - {}
RESULT: {}
COMMAND: GET /session/d4f675b322105372b3380f2dea3f05ac/screenshot - {}
RESULT: {}
COMMAND: POST /session/d4f675b322105372b3380f2dea3f05ac/element - {"using":"xpath","value":"//input[@id=\"application-manageresources-display-component---newResourceUnit--idRuTSAdmin-application-manageresources-display-component---newResourceUnit--RUTimeSegment-0-inner\"]"}
RESULT: {"using":"xpath","value":"//input[@id=\"application-manageresources-display-component---newResourceUnit--idRuTSAdmin-application-manageresources-display-component---newResourceUnit--RUTimeSegment-0-inner\"]"}
COMMAND: POST /session/d4f675b322105372b3380f2dea3f05ac/element/f.73BB2000E1F4E36FD864906F51978B2B.d.2FFE6403B0506C89F4E617207AAA15E6.e.3299/clear - {}
RESULT: {}
COMMAND: POST /session/d4f675b322105372b3380f2dea3f05ac/element/f.73BB2000E1F4E36FD864906F51978B2B.d.2FFE6403B0506C89F4E617207AAA15E6.e.3299/value - {"text":"422"}
COMMAND: GET /session/d4f675b322105372b3380f2dea3f05ac/screenshot - {}
RESULT: {"text":"422"}
COMMAND: GET /session/d4f675b322105372b3380f2dea3f05ac/screenshot - {}
RESULT: {}
RESULT: {}
COMMAND: POST /session/d4f675b322105372b3380f2dea3f05ac/element - {"using":"xpath","value":"//li[.//span[text()='422']]"}
RESULT: {"using":"xpath","value":"//li[.//span[text()='422']]"}
COMMAND: POST /session/d4f675b322105372b3380f2dea3f05ac/element/f.73BB2000E1F4E36FD864906F51978B2B.d.2FFE6403B0506C89F4E617207AAA15E6.e.3308/click - {}
RESULT: {}
COMMAND: GET /session/d4f675b322105372b3380f2dea3f05ac/screenshot - {}
RESULT: {}
COMMAND: POST /session/d4f675b322105372b3380f2dea3f05ac/element - {"using":"xpath","value":"(//span[contains(@id, \"-application-manageresources-display-component---newResourceUnit--RUTimeSegment-0-arrow\")])[2]"}
RESULT: {"using":"xpath","value":"(//span[contains(@id, \"-application-manageresources-display-component---newResourceUnit--RUTimeSegment-0-arrow\")])[2]"}
COMMAND: POST /session/d4f675b322105372b3380f2dea3f05ac/element/f.73BB2000E1F4E36FD864906F51978B2B.d.2FFE6403B0506C89F4E617207AAA15E6.e.3309/click - {}
RESULT: {}
COMMAND: POST /session/d4f675b322105372b3380f2dea3f05ac/element - {"using":"xpath","value":"//span[contains(text(), \"PM Order\")]"}
COMMAND: GET /session/d4f675b322105372b3380f2dea3f05ac/screenshot - {}
RESULT: {"using":"xpath","value":"//span[contains(text(), \"PM Order\")]"}
COMMAND: POST /session/d4f675b322105372b3380f2dea3f05ac/element/f.73BB2000E1F4E36FD864906F51978B2B.d.2FFE6403B0506C89F4E617207AAA15E6.e.3310/click - {}
RESULT: {}
RESULT: {}
COMMAND: GET /session/d4f675b322105372b3380f2dea3f05ac/screenshot - {}
RESULT: {}
COMMAND: POST /session/d4f675b322105372b3380f2dea3f05ac/element - {"using":"xpath","value":"//td/div/div/div/span[contains(@id, \"newResourceUnit--RUTimeSegment-0-vhi\")][1]"}
RESULT: {"using":"xpath","value":"//td/div/div/div/span[contains(@id, \"newResourceUnit--RUTimeSegment-0-vhi\")][1]"}
COMMAND: GET /session/d4f675b322105372b3380f2dea3f05ac/element/f.73BB2000E1F4E36FD864906F51978B2B.d.2FFE6403B0506C89F4E617207AAA15E6.e.3314/rect - {}
RESULT: {}
COMMAND: GET /session/d4f675b322105372b3380f2dea3f05ac/window/rect - {}
RESULT: {}
COMMAND: POST /session/d4f675b322105372b3380f2dea3f05ac/execute/sync - {"script":"<script> [92 bytes]","args":[]}
RESULT: {"script":"<script> [92 bytes]","args":[]}
COMMAND: POST /session/d4f675b322105372b3380f2dea3f05ac/actions - {"actions":[{"id":"action8","type":"wheel","parameters":{},"actions":[{"type":"scroll","x":-1888,"y":-24,"deltaX":0,"deltaY":0,"duration":0,"origin":{"element-6066-11e4-a52e-4f735466cecf":"f.73BB2000E1F4E36FD864906F51978B2B.d.2FFE6403B0506C89F4E617207AAA15E6.e.3314"}}]}]}
COMMAND: GET /session/d4f675b322105372b3380f2dea3f05ac/screenshot - {}
RESULT: {}
COMMAND: POST /session/d4f675b322105372b3380f2dea3f05ac/execute/sync - {"script":"<script> [79 bytes]","args":[{"element-6066-11e4-a52e-4f735466cecf":"f.73BB2000E1F4E36FD864906F51978B2B.d.2FFE6403B0506C89F4E617207AAA15E6.e.3314","ELEMENT":"f.73BB2000E1F4E36FD864906F51978B2B.d.2FFE6403B0506C89F4E617207AAA15E6.e.3314"},{"block":"start","inline":"nearest"}]}
RESULT: {"script":"<script> [79 bytes]","args":[{"element-6066-11e4-a52e-4f735466cecf":"f.73BB2000E1F4E36FD864906F51978B2B.d.2FFE6403B0506C89F4E617207AAA15E6.e.3314","ELEMENT":"f.73BB2000E1F4E36FD864906F51978B2B.d.2FFE6403B0506C89F4E617207AAA15E6.e.3314"},{"block":"start","inline":"nearest"}]}
COMMAND: GET /session/d4f675b322105372b3380f2dea3f05ac/screenshot - {}
RESULT: {}
COMMAND: POST /session/d4f675b322105372b3380f2dea3f05ac/element/f.73BB2000E1F4E36FD864906F51978B2B.d.2FFE6403B0506C89F4E617207AAA15E6.e.3314/click - {}
RESULT: {}
COMMAND: GET /session/d4f675b322105372b3380f2dea3f05ac/screenshot - {}
RESULT: {}
COMMAND: POST /session/d4f675b322105372b3380f2dea3f05ac/execute/async - {"script":"<script> [1562 bytes]","args":[{"selector":{"controlType":"sap.m.SearchField","properties":{"placeholder":"Search"},"searchOpenDialogs":true,"interaction":{"idSuffix":"I"}},"wdio_ui5_key":"sapm.SearchField{\"placeholder\":\"Search\"}"}]}
RESULT: {"script":"<script> [1562 bytes]","args":[{"selector":{"controlType":"sap.m.SearchField","properties":{"placeholder":"Search"},"searchOpenDialogs":true,"interaction":{"idSuffix":"I"}},"wdio_ui5_key":"sapm.SearchField{\"placeholder\":\"Search\"}"}]}
RESULT: undefined
COMMAND: POST /session/d4f675b322105372b3380f2dea3f05ac/execute/async - {"script":"<script> [776 bytes]","args":[{"enterText":"4000360","selector":{"controlType":"sap.m.SearchField","properties":{"placeholder":"Search"},"searchOpenDialogs":true,"interaction":{"idSuffix":"I"}},"clearTextFirst":true,"interactionType":"ENTER_TEXT"}]}
RESULT: {"script":"<script> [776 bytes]","args":[{"enterText":"4000360","selector":{"controlType":"sap.m.SearchField","properties":{"placeholder":"Search"},"searchOpenDialogs":true,"interaction":{"idSuffix":"I"}},"clearTextFirst":true,"interactionType":"ENTER_TEXT"}]}
COMMAND: POST /session/d4f675b322105372b3380f2dea3f05ac/actions - {"actions":[{"id":"action9","type":"key","parameters":{},"actions":[{"type":"keyDown","value":""},{"type":"pause","duration":10},{"type":"keyUp","value":""}]}]}
RESULT: {"actions":[{"id":"action9","type":"key","parameters":{},"actions":[{"type":"keyDown","value":""},{"type":"pause","duration":10},{"type":"keyUp","value":""}]}]}
COMMAND: GET /session/d4f675b322105372b3380f2dea3f05ac/screenshot - {}
RESULT: {}
COMMAND: POST /session/d4f675b322105372b3380f2dea3f05ac/element - {"using":"xpath","value":"//td/div/span[contains(text(), \"BGL Vehicles\")]"}
RESULT: {"using":"xpath","value":"//td/div/span[contains(text(), \"BGL Vehicles\")]"}
COMMAND: POST /session/d4f675b322105372b3380f2dea3f05ac/element/f.73BB2000E1F4E36FD864906F51978B2B.d.2FFE6403B0506C89F4E617207AAA15E6.e.3336/click - {}
RESULT: {}
COMMAND: GET /session/d4f675b322105372b3380f2dea3f05ac/screenshot - {}
RESULT: {}
COMMAND: POST /session/d4f675b322105372b3380f2dea3f05ac/element - {"using":"xpath","value":"//bdi[contains(text(), \"OK\")]"}
RESULT: {"using":"xpath","value":"//bdi[contains(text(), \"OK\")]"}
COMMAND: POST /session/d4f675b322105372b3380f2dea3f05ac/element/f.73BB2000E1F4E36FD864906F51978B2B.d.2FFE6403B0506C89F4E617207AAA15E6.e.3337/click - {}
RESULT: {}
COMMAND: GET /session/d4f675b322105372b3380f2dea3f05ac/screenshot - {}
RESULT: {}
COMMAND: POST /session/d4f675b322105372b3380f2dea3f05ac/element - {"using":"xpath","value":"//label[contains(@class, 'sapMLabelRequired') and .//bdi[contains(text(), 'Planned Retirement')]]"}
RESULT: {"using":"xpath","value":"//label[contains(@class, 'sapMLabelRequired') and .//bdi[contains(text(), 'Planned Retirement')]]"}
COMMAND: POST /session/d4f675b322105372b3380f2dea3f05ac/elements - {"using":"xpath","value":"//label[contains(@class, 'sapMLabelRequired') and .//bdi[contains(text(), 'Planned Retirement')]]"}
RESULT: {"using":"xpath","value":"//label[contains(@class, 'sapMLabelRequired') and .//bdi[contains(text(), 'Planned Retirement')]]"}
COMMAND: POST /session/d4f675b322105372b3380f2dea3f05ac/element - {"using":"xpath","value":"//button[@data-kt=\"resourceUnitSaveButton\"]"}
RESULT: {"using":"xpath","value":"//button[@data-kt=\"resourceUnitSaveButton\"]"}
COMMAND: POST /session/d4f675b322105372b3380f2dea3f05ac/element/f.73BB2000E1F4E36FD864906F51978B2B.d.2FFE6403B0506C89F4E617207AAA15E6.e.3171/click - {}
RESULT: {}
COMMAND: GET /session/d4f675b322105372b3380f2dea3f05ac/screenshot - {}
RESULT: {}
COMMAND: POST /session/d4f675b322105372b3380f2dea3f05ac/element - {"using":"xpath","value":"//bdi[contains(text(), \"Close\")]"}
RESULT: {"using":"xpath","value":"//bdi[contains(text(), \"Close\")]"}
COMMAND: POST /session/d4f675b322105372b3380f2dea3f05ac/element/f.73BB2000E1F4E36FD864906F51978B2B.d.2FFE6403B0506C89F4E617207AAA15E6.e.3343/click - {}
RESULT: {}
COMMAND: GET /session/d4f675b322105372b3380f2dea3f05ac/screenshot - {}
RESULT: {}
COMMAND: POST /session/d4f675b322105372b3380f2dea3f05ac/element - {"using":"xpath","value":"//header[contains(@id, 'detailRruPage-headerTitle')]/div[1]/div[2]/div[2]/span[1]"}
RESULT: {"using":"xpath","value":"//header[contains(@id, 'detailRruPage-headerTitle')]/div[1]/div[2]/div[2]/span[1]"}
COMMAND: POST /session/d4f675b322105372b3380f2dea3f05ac/elements - {"using":"xpath","value":"//header[contains(@id, 'detailRruPage-headerTitle')]/div[1]/div[2]/div[2]/span[1]"}
RESULT: {"using":"xpath","value":"//header[contains(@id, 'detailRruPage-headerTitle')]/div[1]/div[2]/div[2]/span[1]"}
COMMAND: POST /session/d4f675b322105372b3380f2dea3f05ac/execute/sync - {"script":"<script> [56 bytes]","args":[{"element-6066-11e4-a52e-4f735466cecf":"f.73BB2000E1F4E36FD864906F51978B2B.d.2FFE6403B0506C89F4E617207AAA15E6.e.3372","ELEMENT":"f.73BB2000E1F4E36FD864906F51978B2B.d.2FFE6403B0506C89F4E617207AAA15E6.e.3372"}]}
RESULT: {"script":"<script> [56 bytes]","args":[{"element-6066-11e4-a52e-4f735466cecf":"f.73BB2000E1F4E36FD864906F51978B2B.d.2FFE6403B0506C89F4E617207AAA15E6.e.3372","ELEMENT":"f.73BB2000E1F4E36FD864906F51978B2B.d.2FFE6403B0506C89F4E617207AAA15E6.e.3372"}]}
COMMAND: POST /session/d4f675b322105372b3380f2dea3f05ac/element - {"using":"css selector","value":"#shell-header-logo"}
COMMAND: GET /session/d4f675b322105372b3380f2dea3f05ac/screenshot - {}
RESULT: {"using":"css selector","value":"#shell-header-logo"}
COMMAND: POST /session/d4f675b322105372b3380f2dea3f05ac/element/f.73BB2000E1F4E36FD864906F51978B2B.d.2FFE6403B0506C89F4E617207AAA15E6.e.2759/click - {}
RESULT: {}
RESULT: {}
COMMAND: GET /session/d4f675b322105372b3380f2dea3f05ac/screenshot - {}
RESULT: {}
]]></system-out>
    </testcase>
    <testcase classname="chrome.136_0_7103_93.windows.Stock_increase_-_with_WHM_US125587" name="Bin Status Report Should Create New Organization yard" time="81.283">
      <system-out><![CDATA[
COMMAND: POST /session/d4f675b322105372b3380f2dea3f05ac/execute/async - {"script":"<script> [1562 bytes]","args":[{"selector":{"controlType":"sap.m.GenericTile","properties":{"header":"Bin Status Report"}},"wdio_ui5_key":"sapm.GenericTile{\"header\":\"Bin Status Report\"}"}]}
RESULT: {"script":"<script> [1562 bytes]","args":[{"selector":{"controlType":"sap.m.GenericTile","properties":{"header":"Bin Status Report"}},"wdio_ui5_key":"sapm.GenericTile{\"header\":\"Bin Status Report\"}"}]}
RESULT: undefined
COMMAND: POST /session/d4f675b322105372b3380f2dea3f05ac/element - {"using":"xpath","value":"//*[@id=\"__tile104\"]"}
RESULT: {"using":"xpath","value":"//*[@id=\"__tile104\"]"}
COMMAND: POST /session/d4f675b322105372b3380f2dea3f05ac/element/f.73BB2000E1F4E36FD864906F51978B2B.d.2FFE6403B0506C89F4E617207AAA15E6.e.3374/click - {}
RESULT: {}
COMMAND: GET /session/d4f675b322105372b3380f2dea3f05ac/screenshot - {}
RESULT: {}
COMMAND: POST /session/d4f675b322105372b3380f2dea3f05ac/elements - {"using":"xpath","value":"//span[text()='Error']"}
RESULT: {"using":"xpath","value":"//span[text()='Error']"}
COMMAND: POST /session/d4f675b322105372b3380f2dea3f05ac/element - {"using":"xpath","value":"//button[@id=\"application-binstatusreport-display-component---warehousing--createOrgBtn\"]"}
RESULT: {"using":"xpath","value":"//button[@id=\"application-binstatusreport-display-component---warehousing--createOrgBtn\"]"}
COMMAND: POST /session/d4f675b322105372b3380f2dea3f05ac/elements - {"using":"xpath","value":"//button[@id=\"application-binstatusreport-display-component---warehousing--createOrgBtn\"]"}
RESULT: {"using":"xpath","value":"//button[@id=\"application-binstatusreport-display-component---warehousing--createOrgBtn\"]"}
COMMAND: POST /session/d4f675b322105372b3380f2dea3f05ac/execute/sync - {"script":"<script> [8489 bytes]","args":[{"element-6066-11e4-a52e-4f735466cecf":"f.73BB2000E1F4E36FD864906F51978B2B.d.2FFE6403B0506C89F4E617207AAA15E6.e.3433","ELEMENT":"f.73BB2000E1F4E36FD864906F51978B2B.d.2FFE6403B0506C89F4E617207AAA15E6.e.3433"}]}
RESULT: {"script":"<script> [8489 bytes]","args":[{"element-6066-11e4-a52e-4f735466cecf":"f.73BB2000E1F4E36FD864906F51978B2B.d.2FFE6403B0506C89F4E617207AAA15E6.e.3433","ELEMENT":"f.73BB2000E1F4E36FD864906F51978B2B.d.2FFE6403B0506C89F4E617207AAA15E6.e.3433"}]}
COMMAND: GET /session/d4f675b322105372b3380f2dea3f05ac/element/f.73BB2000E1F4E36FD864906F51978B2B.d.2FFE6403B0506C89F4E617207AAA15E6.e.3433/enabled - {}
COMMAND: GET /session/d4f675b322105372b3380f2dea3f05ac/screenshot - {}
RESULT: {}
COMMAND: POST /session/d4f675b322105372b3380f2dea3f05ac/execute/sync - {"script":"<script> [8489 bytes]","args":[{"element-6066-11e4-a52e-4f735466cecf":"f.73BB2000E1F4E36FD864906F51978B2B.d.2FFE6403B0506C89F4E617207AAA15E6.e.3433","ELEMENT":"f.73BB2000E1F4E36FD864906F51978B2B.d.2FFE6403B0506C89F4E617207AAA15E6.e.3433"}]}
COMMAND: GET /session/d4f675b322105372b3380f2dea3f05ac/screenshot - {}
RESULT: {}
RESULT: {"script":"<script> [8489 bytes]","args":[{"element-6066-11e4-a52e-4f735466cecf":"f.73BB2000E1F4E36FD864906F51978B2B.d.2FFE6403B0506C89F4E617207AAA15E6.e.3433","ELEMENT":"f.73BB2000E1F4E36FD864906F51978B2B.d.2FFE6403B0506C89F4E617207AAA15E6.e.3433"}]}
COMMAND: POST /session/d4f675b322105372b3380f2dea3f05ac/execute/sync - {"script":"<script> [5351 bytes]","args":[{"element-6066-11e4-a52e-4f735466cecf":"f.73BB2000E1F4E36FD864906F51978B2B.d.2FFE6403B0506C89F4E617207AAA15E6.e.3433","ELEMENT":"f.73BB2000E1F4E36FD864906F51978B2B.d.2FFE6403B0506C89F4E617207AAA15E6.e.3433"}]}
COMMAND: GET /session/d4f675b322105372b3380f2dea3f05ac/screenshot - {}
RESULT: {}
RESULT: {"script":"<script> [5351 bytes]","args":[{"element-6066-11e4-a52e-4f735466cecf":"f.73BB2000E1F4E36FD864906F51978B2B.d.2FFE6403B0506C89F4E617207AAA15E6.e.3433","ELEMENT":"f.73BB2000E1F4E36FD864906F51978B2B.d.2FFE6403B0506C89F4E617207AAA15E6.e.3433"}]}
COMMAND: GET /session/d4f675b322105372b3380f2dea3f05ac/screenshot - {}
RESULT: {}
RESULT: {}
COMMAND: POST /session/d4f675b322105372b3380f2dea3f05ac/element/f.73BB2000E1F4E36FD864906F51978B2B.d.2FFE6403B0506C89F4E617207AAA15E6.e.3433/click - {}
RESULT: {}
COMMAND: GET /session/d4f675b322105372b3380f2dea3f05ac/screenshot - {}
RESULT: {}
COMMAND: POST /session/d4f675b322105372b3380f2dea3f05ac/execute/async - {"script":"<script> [1562 bytes]","args":[{"selector":{"id":"createOrganizationPop--sectionInput","searchOpenDialogs":true,"interaction":{"idSuffix":"inner"}},"wdio_ui5_key":"createOrganizationPopsectionInput"}]}
RESULT: {"script":"<script> [1562 bytes]","args":[{"selector":{"id":"createOrganizationPop--sectionInput","searchOpenDialogs":true,"interaction":{"idSuffix":"inner"}},"wdio_ui5_key":"createOrganizationPopsectionInput"}]}
RESULT: undefined
COMMAND: POST /session/d4f675b322105372b3380f2dea3f05ac/execute/async - {"script":"<script> [776 bytes]","args":[{"enterText":"WDIO-422","selector":{"id":"createOrganizationPop--sectionInput","searchOpenDialogs":true,"interaction":{"idSuffix":"inner"}},"clearTextFirst":true,"interactionType":"ENTER_TEXT"}]}
RESULT: {"script":"<script> [776 bytes]","args":[{"enterText":"WDIO-422","selector":{"id":"createOrganizationPop--sectionInput","searchOpenDialogs":true,"interaction":{"idSuffix":"inner"}},"clearTextFirst":true,"interactionType":"ENTER_TEXT"}]}
COMMAND: POST /session/d4f675b322105372b3380f2dea3f05ac/execute/async - {"script":"<script> [1562 bytes]","args":[{"selector":{"id":"createOrganizationPop--descriptionInput","searchOpenDialogs":true,"interaction":{"idSuffix":"inner"}},"wdio_ui5_key":"createOrganizationPopdescriptionInput"}]}
RESULT: {"script":"<script> [1562 bytes]","args":[{"selector":{"id":"createOrganizationPop--descriptionInput","searchOpenDialogs":true,"interaction":{"idSuffix":"inner"}},"wdio_ui5_key":"createOrganizationPopdescriptionInput"}]}
RESULT: undefined
COMMAND: POST /session/d4f675b322105372b3380f2dea3f05ac/execute/async - {"script":"<script> [776 bytes]","args":[{"enterText":"Shipping-422","selector":{"id":"createOrganizationPop--descriptionInput","searchOpenDialogs":true,"interaction":{"idSuffix":"inner"}},"clearTextFirst":true,"interactionType":"ENTER_TEXT"}]}
RESULT: {"script":"<script> [776 bytes]","args":[{"enterText":"Shipping-422","selector":{"id":"createOrganizationPop--descriptionInput","searchOpenDialogs":true,"interaction":{"idSuffix":"inner"}},"clearTextFirst":true,"interactionType":"ENTER_TEXT"}]}
COMMAND: POST /session/d4f675b322105372b3380f2dea3f05ac/element - {"using":"css selector","value":"#createOrganizationPop--yardOrg-inner"}
RESULT: {"using":"css selector","value":"#createOrganizationPop--yardOrg-inner"}
COMMAND: POST /session/d4f675b322105372b3380f2dea3f05ac/element/f.73BB2000E1F4E36FD864906F51978B2B.d.2FFE6403B0506C89F4E617207AAA15E6.e.3470/clear - {}
RESULT: {}
COMMAND: POST /session/d4f675b322105372b3380f2dea3f05ac/element/f.73BB2000E1F4E36FD864906F51978B2B.d.2FFE6403B0506C89F4E617207AAA15E6.e.3470/value - {"text":"422"}
COMMAND: GET /session/d4f675b322105372b3380f2dea3f05ac/screenshot - {}
RESULT: {"text":"422"}
COMMAND: GET /session/d4f675b322105372b3380f2dea3f05ac/screenshot - {}
RESULT: {}
RESULT: {}
COMMAND: POST /session/d4f675b322105372b3380f2dea3f05ac/actions - {"actions":[{"id":"action10","type":"key","parameters":{},"actions":[{"type":"keyDown","value":""},{"type":"pause","duration":10},{"type":"keyUp","value":""}]}]}
RESULT: {"actions":[{"id":"action10","type":"key","parameters":{},"actions":[{"type":"keyDown","value":""},{"type":"pause","duration":10},{"type":"keyUp","value":""}]}]}
COMMAND: POST /session/d4f675b322105372b3380f2dea3f05ac/execute/async - {"script":"<script> [1562 bytes]","args":[{"selector":{"id":"createOrganizationPop--grZone","searchOpenDialogs":true,"interaction":{"idSuffix":"CbBg"}},"wdio_ui5_key":"createOrganizationPopgrZone"}]}
COMMAND: GET /session/d4f675b322105372b3380f2dea3f05ac/screenshot - {}
RESULT: {"script":"<script> [1562 bytes]","args":[{"selector":{"id":"createOrganizationPop--grZone","searchOpenDialogs":true,"interaction":{"idSuffix":"CbBg"}},"wdio_ui5_key":"createOrganizationPopgrZone"}]}
RESULT: undefined
COMMAND: POST /session/d4f675b322105372b3380f2dea3f05ac/element - {"using":"xpath","value":"//*[@id=\"createOrganizationPop--grZone\"]"}
RESULT: {}
RESULT: {"using":"xpath","value":"//*[@id=\"createOrganizationPop--grZone\"]"}
COMMAND: POST /session/d4f675b322105372b3380f2dea3f05ac/element/f.73BB2000E1F4E36FD864906F51978B2B.d.2FFE6403B0506C89F4E617207AAA15E6.e.3492/click - {}
RESULT: {}
COMMAND: GET /session/d4f675b322105372b3380f2dea3f05ac/screenshot - {}
RESULT: {}
COMMAND: POST /session/d4f675b322105372b3380f2dea3f05ac/execute/async - {"script":"<script> [1562 bytes]","args":[{"selector":{"id":"createOrganizationPop--giZone","searchOpenDialogs":true,"interaction":{"idSuffix":"CbBg"}},"wdio_ui5_key":"createOrganizationPopgiZone"}]}
RESULT: {"script":"<script> [1562 bytes]","args":[{"selector":{"id":"createOrganizationPop--giZone","searchOpenDialogs":true,"interaction":{"idSuffix":"CbBg"}},"wdio_ui5_key":"createOrganizationPopgiZone"}]}
RESULT: undefined
COMMAND: POST /session/d4f675b322105372b3380f2dea3f05ac/element - {"using":"xpath","value":"//*[@id=\"createOrganizationPop--giZone\"]"}
RESULT: {"using":"xpath","value":"//*[@id=\"createOrganizationPop--giZone\"]"}
COMMAND: POST /session/d4f675b322105372b3380f2dea3f05ac/element/f.73BB2000E1F4E36FD864906F51978B2B.d.2FFE6403B0506C89F4E617207AAA15E6.e.3494/click - {}
RESULT: {}
COMMAND: GET /session/d4f675b322105372b3380f2dea3f05ac/screenshot - {}
RESULT: {}
COMMAND: POST /session/d4f675b322105372b3380f2dea3f05ac/execute/async - {"script":"<script> [1562 bytes]","args":[{"selector":{"id":"createOrganizationPop--binNoInput","searchOpenDialogs":true,"interaction":{"idSuffix":"inner"}},"wdio_ui5_key":"createOrganizationPopbinNoInput"}]}
RESULT: {"script":"<script> [1562 bytes]","args":[{"selector":{"id":"createOrganizationPop--binNoInput","searchOpenDialogs":true,"interaction":{"idSuffix":"inner"}},"wdio_ui5_key":"createOrganizationPopbinNoInput"}]}
RESULT: undefined
COMMAND: POST /session/d4f675b322105372b3380f2dea3f05ac/execute/async - {"script":"<script> [776 bytes]","args":[{"enterText":"Bin-Wd","selector":{"id":"createOrganizationPop--binNoInput","searchOpenDialogs":true,"interaction":{"idSuffix":"inner"}},"clearTextFirst":true,"interactionType":"ENTER_TEXT"}]}
RESULT: {"script":"<script> [776 bytes]","args":[{"enterText":"Bin-Wd","selector":{"id":"createOrganizationPop--binNoInput","searchOpenDialogs":true,"interaction":{"idSuffix":"inner"}},"clearTextFirst":true,"interactionType":"ENTER_TEXT"}]}
COMMAND: POST /session/d4f675b322105372b3380f2dea3f05ac/execute/async - {"script":"<script> [1562 bytes]","args":[{"selector":{"id":"createOrganizationPop--descriptionId","searchOpenDialogs":true,"interaction":{"idSuffix":"inner"}},"wdio_ui5_key":"createOrganizationPopdescriptionId"}]}
RESULT: {"script":"<script> [1562 bytes]","args":[{"selector":{"id":"createOrganizationPop--descriptionId","searchOpenDialogs":true,"interaction":{"idSuffix":"inner"}},"wdio_ui5_key":"createOrganizationPopdescriptionId"}]}
RESULT: undefined
COMMAND: POST /session/d4f675b322105372b3380f2dea3f05ac/execute/async - {"script":"<script> [776 bytes]","args":[{"enterText":"Shipping-Wd","selector":{"id":"createOrganizationPop--descriptionId","searchOpenDialogs":true,"interaction":{"idSuffix":"inner"}},"clearTextFirst":true,"interactionType":"ENTER_TEXT"}]}
RESULT: {"script":"<script> [776 bytes]","args":[{"enterText":"Shipping-Wd","selector":{"id":"createOrganizationPop--descriptionId","searchOpenDialogs":true,"interaction":{"idSuffix":"inner"}},"clearTextFirst":true,"interactionType":"ENTER_TEXT"}]}
COMMAND: POST /session/d4f675b322105372b3380f2dea3f05ac/execute/async - {"script":"<script> [1562 bytes]","args":[{"selector":{"controlType":"sap.m.CheckBox","viewName":"etm.portal.ui.binstatusreport.view.MasterWareBins","viewId":"application-binstatusreport-display-component---warehousing","bindingPath":{"path":"","propertyPath":"/ZONE","modelName":"newBin"},"searchOpenDialogs":true,"interaction":{"idSuffix":"CbBg"}},"wdio_ui5_key":"etmportal.ui.binstatusreport.view.MasterWareBinssap.m.CheckBox{\"path\":\"\",\"propertyPath\":\"/ZONE\",\"modelName\":\"newBin\"}"}]}
RESULT: {"script":"<script> [1562 bytes]","args":[{"selector":{"controlType":"sap.m.CheckBox","viewName":"etm.portal.ui.binstatusreport.view.MasterWareBins","viewId":"application-binstatusreport-display-component---warehousing","bindingPath":{"path":"","propertyPath":"/ZONE","modelName":"newBin"},"searchOpenDialogs":true,"interaction":{"idSuffix":"CbBg"}},"wdio_ui5_key":"etmportal.ui.binstatusreport.view.MasterWareBinssap.m.CheckBox{\"path\":\"\",\"propertyPath\":\"/ZONE\",\"modelName\":\"newBin\"}"}]}
RESULT: undefined
COMMAND: POST /session/d4f675b322105372b3380f2dea3f05ac/element - {"using":"xpath","value":"//*[@id=\"__box16\"]"}
RESULT: {"using":"xpath","value":"//*[@id=\"__box16\"]"}
COMMAND: POST /session/d4f675b322105372b3380f2dea3f05ac/element/f.73BB2000E1F4E36FD864906F51978B2B.d.2FFE6403B0506C89F4E617207AAA15E6.e.3512/click - {}
RESULT: {}
COMMAND: GET /session/d4f675b322105372b3380f2dea3f05ac/screenshot - {}
RESULT: {}
COMMAND: POST /session/d4f675b322105372b3380f2dea3f05ac/execute/async - {"script":"<script> [1562 bytes]","args":[{"selector":{"id":"createOrganizationPop--binTypesCB","searchOpenDialogs":true,"interaction":{"idSuffix":"inner"}},"wdio_ui5_key":"createOrganizationPopbinTypesCB"}]}
RESULT: {"script":"<script> [1562 bytes]","args":[{"selector":{"id":"createOrganizationPop--binTypesCB","searchOpenDialogs":true,"interaction":{"idSuffix":"inner"}},"wdio_ui5_key":"createOrganizationPopbinTypesCB"}]}
RESULT: undefined
COMMAND: POST /session/d4f675b322105372b3380f2dea3f05ac/execute/async - {"script":"<script> [776 bytes]","args":[{"enterText":"1 - General / No capacity check","selector":{"id":"createOrganizationPop--binTypesCB","searchOpenDialogs":true,"interaction":{"idSuffix":"inner"}},"clearTextFirst":true,"interactionType":"ENTER_TEXT"}]}
RESULT: {"script":"<script> [776 bytes]","args":[{"enterText":"1 - General / No capacity check","selector":{"id":"createOrganizationPop--binTypesCB","searchOpenDialogs":true,"interaction":{"idSuffix":"inner"}},"clearTextFirst":true,"interactionType":"ENTER_TEXT"}]}
COMMAND: POST /session/d4f675b322105372b3380f2dea3f05ac/actions - {"actions":[{"id":"action11","type":"key","parameters":{},"actions":[{"type":"keyDown","value":""},{"type":"pause","duration":10},{"type":"keyUp","value":""}]}]}
RESULT: {"actions":[{"id":"action11","type":"key","parameters":{},"actions":[{"type":"keyDown","value":""},{"type":"pause","duration":10},{"type":"keyUp","value":""}]}]}
COMMAND: GET /session/d4f675b322105372b3380f2dea3f05ac/screenshot - {}
RESULT: {}
COMMAND: POST /session/d4f675b322105372b3380f2dea3f05ac/execute/async - {"script":"<script> [1562 bytes]","args":[{"selector":{"id":"createOrganizationPop--finishBtn","searchOpenDialogs":true,"interaction":{"idSuffix":"BDI-content"}},"wdio_ui5_key":"createOrganizationPopfinishBtn"}]}
RESULT: {"script":"<script> [1562 bytes]","args":[{"selector":{"id":"createOrganizationPop--finishBtn","searchOpenDialogs":true,"interaction":{"idSuffix":"BDI-content"}},"wdio_ui5_key":"createOrganizationPopfinishBtn"}]}
RESULT: undefined
COMMAND: POST /session/d4f675b322105372b3380f2dea3f05ac/element - {"using":"xpath","value":"//*[@id=\"createOrganizationPop--finishBtn\"]"}
RESULT: {"using":"xpath","value":"//*[@id=\"createOrganizationPop--finishBtn\"]"}
COMMAND: POST /session/d4f675b322105372b3380f2dea3f05ac/element/f.73BB2000E1F4E36FD864906F51978B2B.d.2FFE6403B0506C89F4E617207AAA15E6.e.3526/click - {}
RESULT: {}
COMMAND: GET /session/d4f675b322105372b3380f2dea3f05ac/screenshot - {}
RESULT: {}
COMMAND: POST /session/d4f675b322105372b3380f2dea3f05ac/element - {"using":"css selector","value":"#shell-header-logo"}
RESULT: {"using":"css selector","value":"#shell-header-logo"}
COMMAND: POST /session/d4f675b322105372b3380f2dea3f05ac/element/f.73BB2000E1F4E36FD864906F51978B2B.d.2FFE6403B0506C89F4E617207AAA15E6.e.3381/click - {}
RESULT: {}
COMMAND: GET /session/d4f675b322105372b3380f2dea3f05ac/screenshot - {}
RESULT: {}
]]></system-out>
    </testcase>
    <testcase classname="chrome.136_0_7103_93.windows.Stock_increase_-_with_WHM_US125587" name="Bin Status Report Should Create New Organization for Site" time="66.692">
      <system-out><![CDATA[
RESULT: undefined
COMMAND: POST /session/d4f675b322105372b3380f2dea3f05ac/element - {"using":"xpath","value":"//*[@id=\"__tile104\"]"}
RESULT: {"using":"xpath","value":"//*[@id=\"__tile104\"]"}
COMMAND: POST /session/d4f675b322105372b3380f2dea3f05ac/element/f.73BB2000E1F4E36FD864906F51978B2B.d.2FFE6403B0506C89F4E617207AAA15E6.e.3374/click - {}
RESULT: {}
COMMAND: GET /session/d4f675b322105372b3380f2dea3f05ac/screenshot - {}
RESULT: {}
COMMAND: POST /session/d4f675b322105372b3380f2dea3f05ac/elements - {"using":"xpath","value":"//span[text()='Error']"}
RESULT: {"using":"xpath","value":"//span[text()='Error']"}
COMMAND: POST /session/d4f675b322105372b3380f2dea3f05ac/element - {"using":"xpath","value":"//button[@id=\"application-binstatusreport-display-component---warehousing--createOrgBtn\"]"}
RESULT: {"using":"xpath","value":"//button[@id=\"application-binstatusreport-display-component---warehousing--createOrgBtn\"]"}
COMMAND: POST /session/d4f675b322105372b3380f2dea3f05ac/elements - {"using":"xpath","value":"//button[@id=\"application-binstatusreport-display-component---warehousing--createOrgBtn\"]"}
RESULT: {"using":"xpath","value":"//button[@id=\"application-binstatusreport-display-component---warehousing--createOrgBtn\"]"}
COMMAND: POST /session/d4f675b322105372b3380f2dea3f05ac/execute/sync - {"script":"<script> [8489 bytes]","args":[{"element-6066-11e4-a52e-4f735466cecf":"f.73BB2000E1F4E36FD864906F51978B2B.d.2FFE6403B0506C89F4E617207AAA15E6.e.3568","ELEMENT":"f.73BB2000E1F4E36FD864906F51978B2B.d.2FFE6403B0506C89F4E617207AAA15E6.e.3568"}]}
RESULT: {"script":"<script> [8489 bytes]","args":[{"element-6066-11e4-a52e-4f735466cecf":"f.73BB2000E1F4E36FD864906F51978B2B.d.2FFE6403B0506C89F4E617207AAA15E6.e.3568","ELEMENT":"f.73BB2000E1F4E36FD864906F51978B2B.d.2FFE6403B0506C89F4E617207AAA15E6.e.3568"}]}
COMMAND: GET /session/d4f675b322105372b3380f2dea3f05ac/element/f.73BB2000E1F4E36FD864906F51978B2B.d.2FFE6403B0506C89F4E617207AAA15E6.e.3568/enabled - {}
COMMAND: GET /session/d4f675b322105372b3380f2dea3f05ac/screenshot - {}
RESULT: {}
COMMAND: POST /session/d4f675b322105372b3380f2dea3f05ac/execute/sync - {"script":"<script> [8489 bytes]","args":[{"element-6066-11e4-a52e-4f735466cecf":"f.73BB2000E1F4E36FD864906F51978B2B.d.2FFE6403B0506C89F4E617207AAA15E6.e.3568","ELEMENT":"f.73BB2000E1F4E36FD864906F51978B2B.d.2FFE6403B0506C89F4E617207AAA15E6.e.3568"}]}
COMMAND: GET /session/d4f675b322105372b3380f2dea3f05ac/screenshot - {}
RESULT: {}
RESULT: {"script":"<script> [8489 bytes]","args":[{"element-6066-11e4-a52e-4f735466cecf":"f.73BB2000E1F4E36FD864906F51978B2B.d.2FFE6403B0506C89F4E617207AAA15E6.e.3568","ELEMENT":"f.73BB2000E1F4E36FD864906F51978B2B.d.2FFE6403B0506C89F4E617207AAA15E6.e.3568"}]}
COMMAND: POST /session/d4f675b322105372b3380f2dea3f05ac/execute/sync - {"script":"<script> [5351 bytes]","args":[{"element-6066-11e4-a52e-4f735466cecf":"f.73BB2000E1F4E36FD864906F51978B2B.d.2FFE6403B0506C89F4E617207AAA15E6.e.3568","ELEMENT":"f.73BB2000E1F4E36FD864906F51978B2B.d.2FFE6403B0506C89F4E617207AAA15E6.e.3568"}]}
COMMAND: GET /session/d4f675b322105372b3380f2dea3f05ac/screenshot - {}
RESULT: {}
RESULT: {"script":"<script> [5351 bytes]","args":[{"element-6066-11e4-a52e-4f735466cecf":"f.73BB2000E1F4E36FD864906F51978B2B.d.2FFE6403B0506C89F4E617207AAA15E6.e.3568","ELEMENT":"f.73BB2000E1F4E36FD864906F51978B2B.d.2FFE6403B0506C89F4E617207AAA15E6.e.3568"}]}
COMMAND: GET /session/d4f675b322105372b3380f2dea3f05ac/screenshot - {}
RESULT: {}
RESULT: {}
COMMAND: POST /session/d4f675b322105372b3380f2dea3f05ac/element/f.73BB2000E1F4E36FD864906F51978B2B.d.2FFE6403B0506C89F4E617207AAA15E6.e.3568/click - {}
RESULT: {}
COMMAND: GET /session/d4f675b322105372b3380f2dea3f05ac/screenshot - {}
RESULT: {}
RESULT: undefined
COMMAND: POST /session/d4f675b322105372b3380f2dea3f05ac/execute/async - {"script":"<script> [776 bytes]","args":[{"enterText":"2204","selector":{"id":"createOrganizationPop--sectionInput","searchOpenDialogs":true,"interaction":{"idSuffix":"inner"}},"clearTextFirst":true,"interactionType":"ENTER_TEXT"}]}
RESULT: {"script":"<script> [776 bytes]","args":[{"enterText":"2204","selector":{"id":"createOrganizationPop--sectionInput","searchOpenDialogs":true,"interaction":{"idSuffix":"inner"}},"clearTextFirst":true,"interactionType":"ENTER_TEXT"}]}
RESULT: undefined
COMMAND: POST /session/d4f675b322105372b3380f2dea3f05ac/execute/async - {"script":"<script> [776 bytes]","args":[{"enterText":"WDIO-2204","selector":{"id":"createOrganizationPop--descriptionInput","searchOpenDialogs":true,"interaction":{"idSuffix":"inner"}},"clearTextFirst":true,"interactionType":"ENTER_TEXT"}]}
RESULT: {"script":"<script> [776 bytes]","args":[{"enterText":"WDIO-2204","selector":{"id":"createOrganizationPop--descriptionInput","searchOpenDialogs":true,"interaction":{"idSuffix":"inner"}},"clearTextFirst":true,"interactionType":"ENTER_TEXT"}]}
COMMAND: POST /session/d4f675b322105372b3380f2dea3f05ac/element - {"using":"css selector","value":"#createOrganizationPop--siteOrg-inner"}
RESULT: {"using":"css selector","value":"#createOrganizationPop--siteOrg-inner"}
COMMAND: POST /session/d4f675b322105372b3380f2dea3f05ac/element/f.73BB2000E1F4E36FD864906F51978B2B.d.2FFE6403B0506C89F4E617207AAA15E6.e.3614/clear - {}
RESULT: {}
COMMAND: POST /session/d4f675b322105372b3380f2dea3f05ac/element/f.73BB2000E1F4E36FD864906F51978B2B.d.2FFE6403B0506C89F4E617207AAA15E6.e.3614/value - {"text":"2204"}
COMMAND: GET /session/d4f675b322105372b3380f2dea3f05ac/screenshot - {}
RESULT: {"text":"2204"}
COMMAND: GET /session/d4f675b322105372b3380f2dea3f05ac/screenshot - {}
RESULT: {}
RESULT: {}
COMMAND: POST /session/d4f675b322105372b3380f2dea3f05ac/actions - {"actions":[{"id":"action12","type":"key","parameters":{},"actions":[{"type":"keyDown","value":""},{"type":"pause","duration":10},{"type":"keyUp","value":""}]}]}
RESULT: {"actions":[{"id":"action12","type":"key","parameters":{},"actions":[{"type":"keyDown","value":""},{"type":"pause","duration":10},{"type":"keyUp","value":""}]}]}
RESULT: undefined
COMMAND: POST /session/d4f675b322105372b3380f2dea3f05ac/element - {"using":"xpath","value":"//*[@id=\"createOrganizationPop--giZone\"]"}
COMMAND: GET /session/d4f675b322105372b3380f2dea3f05ac/screenshot - {}
RESULT: {"using":"xpath","value":"//*[@id=\"createOrganizationPop--giZone\"]"}
COMMAND: POST /session/d4f675b322105372b3380f2dea3f05ac/element/f.73BB2000E1F4E36FD864906F51978B2B.d.2FFE6403B0506C89F4E617207AAA15E6.e.3652/click - {}
RESULT: {}
RESULT: {}
COMMAND: GET /session/d4f675b322105372b3380f2dea3f05ac/screenshot - {}
RESULT: {}
RESULT: undefined
COMMAND: POST /session/d4f675b322105372b3380f2dea3f05ac/execute/async - {"script":"<script> [776 bytes]","args":[{"enterText":"WD-BIN","selector":{"id":"createOrganizationPop--binNoInput","searchOpenDialogs":true,"interaction":{"idSuffix":"inner"}},"clearTextFirst":true,"interactionType":"ENTER_TEXT"}]}
RESULT: {"script":"<script> [776 bytes]","args":[{"enterText":"WD-BIN","selector":{"id":"createOrganizationPop--binNoInput","searchOpenDialogs":true,"interaction":{"idSuffix":"inner"}},"clearTextFirst":true,"interactionType":"ENTER_TEXT"}]}
RESULT: undefined
COMMAND: POST /session/d4f675b322105372b3380f2dea3f05ac/execute/async - {"script":"<script> [776 bytes]","args":[{"enterText":"WD-BIN","selector":{"id":"createOrganizationPop--descriptionId","searchOpenDialogs":true,"interaction":{"idSuffix":"inner"}},"clearTextFirst":true,"interactionType":"ENTER_TEXT"}]}
RESULT: {"script":"<script> [776 bytes]","args":[{"enterText":"WD-BIN","selector":{"id":"createOrganizationPop--descriptionId","searchOpenDialogs":true,"interaction":{"idSuffix":"inner"}},"clearTextFirst":true,"interactionType":"ENTER_TEXT"}]}
COMMAND: POST /session/d4f675b322105372b3380f2dea3f05ac/execute/async - {"script":"<script> [1562 bytes]","args":[{"selector":{"controlType":"sap.m.CheckBox","viewName":"etm.portal.ui.binstatusreport.view.MasterWareBins","viewId":"application-binstatusreport-display-component---warehousing","bindingPath":{"propertyPath":"/ZONE","modelName":"newBin"},"searchOpenDialogs":true,"interaction":{"idSuffix":"CbBg"}},"wdio_ui5_key":"etmportal.ui.binstatusreport.view.MasterWareBinssap.m.CheckBox{\"propertyPath\":\"/ZONE\",\"modelName\":\"newBin\"}"}]}
RESULT: {"script":"<script> [1562 bytes]","args":[{"selector":{"controlType":"sap.m.CheckBox","viewName":"etm.portal.ui.binstatusreport.view.MasterWareBins","viewId":"application-binstatusreport-display-component---warehousing","bindingPath":{"propertyPath":"/ZONE","modelName":"newBin"},"searchOpenDialogs":true,"interaction":{"idSuffix":"CbBg"}},"wdio_ui5_key":"etmportal.ui.binstatusreport.view.MasterWareBinssap.m.CheckBox{\"propertyPath\":\"/ZONE\",\"modelName\":\"newBin\"}"}]}
RESULT: undefined
COMMAND: POST /session/d4f675b322105372b3380f2dea3f05ac/element - {"using":"xpath","value":"//*[@id=\"__box28\"]"}
RESULT: {"using":"xpath","value":"//*[@id=\"__box28\"]"}
COMMAND: POST /session/d4f675b322105372b3380f2dea3f05ac/element/f.73BB2000E1F4E36FD864906F51978B2B.d.2FFE6403B0506C89F4E617207AAA15E6.e.3674/click - {}
RESULT: {}
COMMAND: GET /session/d4f675b322105372b3380f2dea3f05ac/screenshot - {}
RESULT: {}
RESULT: undefined
COMMAND: POST /session/d4f675b322105372b3380f2dea3f05ac/execute/async - {"script":"<script> [776 bytes]","args":[{"enterText":"1 - General / No capacity check","selector":{"id":"createOrganizationPop--binTypesCB","searchOpenDialogs":true,"interaction":{"idSuffix":"inner"}},"clearTextFirst":true,"interactionType":"ENTER_TEXT"}]}
RESULT: {"script":"<script> [776 bytes]","args":[{"enterText":"1 - General / No capacity check","selector":{"id":"createOrganizationPop--binTypesCB","searchOpenDialogs":true,"interaction":{"idSuffix":"inner"}},"clearTextFirst":true,"interactionType":"ENTER_TEXT"}]}
COMMAND: POST /session/d4f675b322105372b3380f2dea3f05ac/execute/async - {"script":"<script> [1562 bytes]","args":[{"selector":{"id":"createOrganizationPop--capacityId","searchOpenDialogs":true,"interaction":{"idSuffix":"inner"}},"wdio_ui5_key":"createOrganizationPopcapacityId"}]}
RESULT: {"script":"<script> [1562 bytes]","args":[{"selector":{"id":"createOrganizationPop--capacityId","searchOpenDialogs":true,"interaction":{"idSuffix":"inner"}},"wdio_ui5_key":"createOrganizationPopcapacityId"}]}
RESULT: undefined
COMMAND: POST /session/d4f675b322105372b3380f2dea3f05ac/actions - {"actions":[{"id":"action13","type":"key","parameters":{},"actions":[{"type":"keyDown","value":""},{"type":"pause","duration":10},{"type":"keyUp","value":""}]}]}
RESULT: {"actions":[{"id":"action13","type":"key","parameters":{},"actions":[{"type":"keyDown","value":""},{"type":"pause","duration":10},{"type":"keyUp","value":""}]}]}
COMMAND: GET /session/d4f675b322105372b3380f2dea3f05ac/screenshot - {}
RESULT: {}
RESULT: undefined
COMMAND: POST /session/d4f675b322105372b3380f2dea3f05ac/element - {"using":"xpath","value":"//*[@id=\"createOrganizationPop--finishBtn\"]"}
RESULT: {"using":"xpath","value":"//*[@id=\"createOrganizationPop--finishBtn\"]"}
COMMAND: POST /session/d4f675b322105372b3380f2dea3f05ac/element/f.73BB2000E1F4E36FD864906F51978B2B.d.2FFE6403B0506C89F4E617207AAA15E6.e.3688/click - {}
RESULT: {}
COMMAND: GET /session/d4f675b322105372b3380f2dea3f05ac/screenshot - {}
RESULT: {}
COMMAND: POST /session/d4f675b322105372b3380f2dea3f05ac/element - {"using":"css selector","value":"#shell-header-logo"}
RESULT: {"using":"css selector","value":"#shell-header-logo"}
COMMAND: POST /session/d4f675b322105372b3380f2dea3f05ac/element/f.73BB2000E1F4E36FD864906F51978B2B.d.2FFE6403B0506C89F4E617207AAA15E6.e.3535/click - {}
RESULT: {}
COMMAND: GET /session/d4f675b322105372b3380f2dea3f05ac/screenshot - {}
RESULT: {}
]]></system-out>
    </testcase>
    <testcase classname="chrome.136_0_7103_93.windows.Stock_increase_-_with_WHM_US125587" name="Create a Warehouse Movement for created yard" time="44.836">
      <system-out><![CDATA[
COMMAND: POST /session/d4f675b322105372b3380f2dea3f05ac/execute/async - {"script":"<script> [1562 bytes]","args":[{"selector":{"controlType":"sap.m.GenericTile","properties":{"header":"Manage Warehouse Movements"}},"wdio_ui5_key":"sapm.GenericTile{\"header\":\"Manage Warehouse Movements\"}"}]}
RESULT: {"script":"<script> [1562 bytes]","args":[{"selector":{"controlType":"sap.m.GenericTile","properties":{"header":"Manage Warehouse Movements"}},"wdio_ui5_key":"sapm.GenericTile{\"header\":\"Manage Warehouse Movements\"}"}]}
RESULT: undefined
COMMAND: POST /session/d4f675b322105372b3380f2dea3f05ac/element - {"using":"xpath","value":"//*[@id=\"__tile105\"]"}
RESULT: {"using":"xpath","value":"//*[@id=\"__tile105\"]"}
COMMAND: POST /session/d4f675b322105372b3380f2dea3f05ac/element/f.73BB2000E1F4E36FD864906F51978B2B.d.2FFE6403B0506C89F4E617207AAA15E6.e.3705/click - {}
RESULT: {}
COMMAND: GET /session/d4f675b322105372b3380f2dea3f05ac/screenshot - {}
RESULT: {}
COMMAND: POST /session/d4f675b322105372b3380f2dea3f05ac/elements - {"using":"xpath","value":"//span[text()='Error']"}
RESULT: {"using":"xpath","value":"//span[text()='Error']"}
COMMAND: POST /session/d4f675b322105372b3380f2dea3f05ac/element - {"using":"xpath","value":"//input[@id='application-warehousemovements-display-component---warehouseMovements--smartFilterBar-filterItemControl_BASIC-YARD-inner']"}
RESULT: {"using":"xpath","value":"//input[@id='application-warehousemovements-display-component---warehouseMovements--smartFilterBar-filterItemControl_BASIC-YARD-inner']"}
COMMAND: POST /session/d4f675b322105372b3380f2dea3f05ac/elements - {"using":"xpath","value":"//input[@id='application-warehousemovements-display-component---warehouseMovements--smartFilterBar-filterItemControl_BASIC-YARD-inner']"}
RESULT: {"using":"xpath","value":"//input[@id='application-warehousemovements-display-component---warehouseMovements--smartFilterBar-filterItemControl_BASIC-YARD-inner']"}
COMMAND: POST /session/d4f675b322105372b3380f2dea3f05ac/execute/sync - {"script":"<script> [8489 bytes]","args":[{"element-6066-11e4-a52e-4f735466cecf":"f.73BB2000E1F4E36FD864906F51978B2B.d.2FFE6403B0506C89F4E617207AAA15E6.e.3726","ELEMENT":"f.73BB2000E1F4E36FD864906F51978B2B.d.2FFE6403B0506C89F4E617207AAA15E6.e.3726"}]}
RESULT: {"script":"<script> [8489 bytes]","args":[{"element-6066-11e4-a52e-4f735466cecf":"f.73BB2000E1F4E36FD864906F51978B2B.d.2FFE6403B0506C89F4E617207AAA15E6.e.3726","ELEMENT":"f.73BB2000E1F4E36FD864906F51978B2B.d.2FFE6403B0506C89F4E617207AAA15E6.e.3726"}]}
COMMAND: GET /session/d4f675b322105372b3380f2dea3f05ac/element/f.73BB2000E1F4E36FD864906F51978B2B.d.2FFE6403B0506C89F4E617207AAA15E6.e.3726/enabled - {}
COMMAND: GET /session/d4f675b322105372b3380f2dea3f05ac/screenshot - {}
RESULT: {}
COMMAND: POST /session/d4f675b322105372b3380f2dea3f05ac/execute/sync - {"script":"<script> [8489 bytes]","args":[{"element-6066-11e4-a52e-4f735466cecf":"f.73BB2000E1F4E36FD864906F51978B2B.d.2FFE6403B0506C89F4E617207AAA15E6.e.3726","ELEMENT":"f.73BB2000E1F4E36FD864906F51978B2B.d.2FFE6403B0506C89F4E617207AAA15E6.e.3726"}]}
COMMAND: GET /session/d4f675b322105372b3380f2dea3f05ac/screenshot - {}
RESULT: {}
RESULT: {"script":"<script> [8489 bytes]","args":[{"element-6066-11e4-a52e-4f735466cecf":"f.73BB2000E1F4E36FD864906F51978B2B.d.2FFE6403B0506C89F4E617207AAA15E6.e.3726","ELEMENT":"f.73BB2000E1F4E36FD864906F51978B2B.d.2FFE6403B0506C89F4E617207AAA15E6.e.3726"}]}
COMMAND: POST /session/d4f675b322105372b3380f2dea3f05ac/execute/sync - {"script":"<script> [5351 bytes]","args":[{"element-6066-11e4-a52e-4f735466cecf":"f.73BB2000E1F4E36FD864906F51978B2B.d.2FFE6403B0506C89F4E617207AAA15E6.e.3726","ELEMENT":"f.73BB2000E1F4E36FD864906F51978B2B.d.2FFE6403B0506C89F4E617207AAA15E6.e.3726"}]}
COMMAND: GET /session/d4f675b322105372b3380f2dea3f05ac/screenshot - {}
RESULT: {}
RESULT: {"script":"<script> [5351 bytes]","args":[{"element-6066-11e4-a52e-4f735466cecf":"f.73BB2000E1F4E36FD864906F51978B2B.d.2FFE6403B0506C89F4E617207AAA15E6.e.3726","ELEMENT":"f.73BB2000E1F4E36FD864906F51978B2B.d.2FFE6403B0506C89F4E617207AAA15E6.e.3726"}]}
COMMAND: GET /session/d4f675b322105372b3380f2dea3f05ac/screenshot - {}
RESULT: {}
RESULT: {}
COMMAND: POST /session/d4f675b322105372b3380f2dea3f05ac/element/f.73BB2000E1F4E36FD864906F51978B2B.d.2FFE6403B0506C89F4E617207AAA15E6.e.3726/clear - {}
RESULT: {}
COMMAND: POST /session/d4f675b322105372b3380f2dea3f05ac/element/f.73BB2000E1F4E36FD864906F51978B2B.d.2FFE6403B0506C89F4E617207AAA15E6.e.3726/value - {"text":"422"}
COMMAND: GET /session/d4f675b322105372b3380f2dea3f05ac/screenshot - {}
RESULT: {"text":"422"}
COMMAND: POST /session/d4f675b322105372b3380f2dea3f05ac/actions - {"actions":[{"id":"action14","type":"key","parameters":{},"actions":[{"type":"keyDown","value":""},{"type":"pause","duration":10},{"type":"keyUp","value":""}]}]}
COMMAND: GET /session/d4f675b322105372b3380f2dea3f05ac/screenshot - {}
RESULT: {}
RESULT: {"actions":[{"id":"action14","type":"key","parameters":{},"actions":[{"type":"keyDown","value":""},{"type":"pause","duration":10},{"type":"keyUp","value":""}]}]}
COMMAND: GET /session/d4f675b322105372b3380f2dea3f05ac/screenshot - {}
RESULT: {}
RESULT: {}
COMMAND: POST /session/d4f675b322105372b3380f2dea3f05ac/element - {"using":"xpath","value":"//button[contains(@data-kt, \"MasterMovementAddOverflowToolbarButton\")]"}
RESULT: {"using":"xpath","value":"//button[contains(@data-kt, \"MasterMovementAddOverflowToolbarButton\")]"}
COMMAND: POST /session/d4f675b322105372b3380f2dea3f05ac/element/f.73BB2000E1F4E36FD864906F51978B2B.d.2FFE6403B0506C89F4E617207AAA15E6.e.3748/click - {}
RESULT: {}
COMMAND: GET /session/d4f675b322105372b3380f2dea3f05ac/screenshot - {}
RESULT: {}
COMMAND: POST /session/d4f675b322105372b3380f2dea3f05ac/element - {"using":"xpath","value":"//*[@id=\"application-warehousemovements-display-component---addMovement--sectionsList-arrow\"]"}
RESULT: {"using":"xpath","value":"//*[@id=\"application-warehousemovements-display-component---addMovement--sectionsList-arrow\"]"}
COMMAND: POST /session/d4f675b322105372b3380f2dea3f05ac/element/f.73BB2000E1F4E36FD864906F51978B2B.d.2FFE6403B0506C89F4E617207AAA15E6.e.3918/click - {}
RESULT: {}
COMMAND: POST /session/d4f675b322105372b3380f2dea3f05ac/actions - {"actions":[{"id":"action15","type":"key","parameters":{},"actions":[{"type":"keyDown","value":""},{"type":"pause","duration":10},{"type":"keyUp","value":""}]}]}
COMMAND: GET /session/d4f675b322105372b3380f2dea3f05ac/screenshot - {}
RESULT: {"actions":[{"id":"action15","type":"key","parameters":{},"actions":[{"type":"keyDown","value":""},{"type":"pause","duration":10},{"type":"keyUp","value":""}]}]}
COMMAND: GET /session/d4f675b322105372b3380f2dea3f05ac/screenshot - {}
RESULT: {}
RESULT: {}
COMMAND: POST /session/d4f675b322105372b3380f2dea3f05ac/actions - {"actions":[{"id":"action16","type":"key","parameters":{},"actions":[{"type":"keyDown","value":""},{"type":"pause","duration":10},{"type":"keyUp","value":""}]}]}
RESULT: {"actions":[{"id":"action16","type":"key","parameters":{},"actions":[{"type":"keyDown","value":""},{"type":"pause","duration":10},{"type":"keyUp","value":""}]}]}
COMMAND: GET /session/d4f675b322105372b3380f2dea3f05ac/screenshot - {}
RESULT: {}
COMMAND: POST /session/d4f675b322105372b3380f2dea3f05ac/element - {"using":"xpath","value":"//*[@id=\"application-warehousemovements-display-component---addMovement--saveMovementBtn-BDI-content\" and text()=\"Save\"]"}
RESULT: {"using":"xpath","value":"//*[@id=\"application-warehousemovements-display-component---addMovement--saveMovementBtn-BDI-content\" and text()=\"Save\"]"}
COMMAND: POST /session/d4f675b322105372b3380f2dea3f05ac/element/f.73BB2000E1F4E36FD864906F51978B2B.d.2FFE6403B0506C89F4E617207AAA15E6.e.3919/click - {}
RESULT: {}
COMMAND: GET /session/d4f675b322105372b3380f2dea3f05ac/screenshot - {}
RESULT: {}
COMMAND: POST /session/d4f675b322105372b3380f2dea3f05ac/element - {"using":"css selector","value":"#shell-header-logo"}
RESULT: {"using":"css selector","value":"#shell-header-logo"}
COMMAND: POST /session/d4f675b322105372b3380f2dea3f05ac/element/f.73BB2000E1F4E36FD864906F51978B2B.d.2FFE6403B0506C89F4E617207AAA15E6.e.3707/click - {}
RESULT: {}
COMMAND: GET /session/d4f675b322105372b3380f2dea3f05ac/screenshot - {}
RESULT: {}
]]></system-out>
    </testcase>
    <testcase classname="chrome.136_0_7103_93.windows.Stock_increase_-_with_WHM_US125587" name="Should do a stock increase handover" time="86.529">
      <system-out><![CDATA[
COMMAND: POST /session/d4f675b322105372b3380f2dea3f05ac/execute/async - {"script":"<script> [1562 bytes]","args":[{"selector":{"controlType":"sap.m.GenericTile","properties":{"header":"Manage Handovers"}},"wdio_ui5_key":"sapm.GenericTile{\"header\":\"Manage Handovers\"}"}]}
RESULT: {"script":"<script> [1562 bytes]","args":[{"selector":{"controlType":"sap.m.GenericTile","properties":{"header":"Manage Handovers"}},"wdio_ui5_key":"sapm.GenericTile{\"header\":\"Manage Handovers\"}"}]}
RESULT: undefined
COMMAND: POST /session/d4f675b322105372b3380f2dea3f05ac/element - {"using":"xpath","value":"//*[@id=\"__tile132\"]"}
RESULT: {"using":"xpath","value":"//*[@id=\"__tile132\"]"}
COMMAND: POST /session/d4f675b322105372b3380f2dea3f05ac/element/f.73BB2000E1F4E36FD864906F51978B2B.d.2FFE6403B0506C89F4E617207AAA15E6.e.2707/click - {}
RESULT: {}
COMMAND: GET /session/d4f675b322105372b3380f2dea3f05ac/screenshot - {}
RESULT: {}
COMMAND: POST /session/d4f675b322105372b3380f2dea3f05ac/elements - {"using":"xpath","value":"//span[text()='Error']"}
RESULT: {"using":"xpath","value":"//span[text()='Error']"}
COMMAND: POST /session/d4f675b322105372b3380f2dea3f05ac/element - {"using":"xpath","value":"//button[@data-kt=\"masterHOAddButton\"]"}
RESULT: {"using":"xpath","value":"//button[@data-kt=\"masterHOAddButton\"]"}
COMMAND: POST /session/d4f675b322105372b3380f2dea3f05ac/elements - {"using":"xpath","value":"//button[@data-kt=\"masterHOAddButton\"]"}
RESULT: {"using":"xpath","value":"//button[@data-kt=\"masterHOAddButton\"]"}
COMMAND: POST /session/d4f675b322105372b3380f2dea3f05ac/execute/sync - {"script":"<script> [8489 bytes]","args":[{"element-6066-11e4-a52e-4f735466cecf":"f.73BB2000E1F4E36FD864906F51978B2B.d.2FFE6403B0506C89F4E617207AAA15E6.e.4020","ELEMENT":"f.73BB2000E1F4E36FD864906F51978B2B.d.2FFE6403B0506C89F4E617207AAA15E6.e.4020"}]}
RESULT: {"script":"<script> [8489 bytes]","args":[{"element-6066-11e4-a52e-4f735466cecf":"f.73BB2000E1F4E36FD864906F51978B2B.d.2FFE6403B0506C89F4E617207AAA15E6.e.4020","ELEMENT":"f.73BB2000E1F4E36FD864906F51978B2B.d.2FFE6403B0506C89F4E617207AAA15E6.e.4020"}]}
COMMAND: GET /session/d4f675b322105372b3380f2dea3f05ac/element/f.73BB2000E1F4E36FD864906F51978B2B.d.2FFE6403B0506C89F4E617207AAA15E6.e.4020/enabled - {}
COMMAND: GET /session/d4f675b322105372b3380f2dea3f05ac/screenshot - {}
RESULT: {}
COMMAND: POST /session/d4f675b322105372b3380f2dea3f05ac/execute/sync - {"script":"<script> [8489 bytes]","args":[{"element-6066-11e4-a52e-4f735466cecf":"f.73BB2000E1F4E36FD864906F51978B2B.d.2FFE6403B0506C89F4E617207AAA15E6.e.4020","ELEMENT":"f.73BB2000E1F4E36FD864906F51978B2B.d.2FFE6403B0506C89F4E617207AAA15E6.e.4020"}]}
COMMAND: GET /session/d4f675b322105372b3380f2dea3f05ac/screenshot - {}
RESULT: {}
RESULT: {"script":"<script> [8489 bytes]","args":[{"element-6066-11e4-a52e-4f735466cecf":"f.73BB2000E1F4E36FD864906F51978B2B.d.2FFE6403B0506C89F4E617207AAA15E6.e.4020","ELEMENT":"f.73BB2000E1F4E36FD864906F51978B2B.d.2FFE6403B0506C89F4E617207AAA15E6.e.4020"}]}
COMMAND: POST /session/d4f675b322105372b3380f2dea3f05ac/execute/sync - {"script":"<script> [5351 bytes]","args":[{"element-6066-11e4-a52e-4f735466cecf":"f.73BB2000E1F4E36FD864906F51978B2B.d.2FFE6403B0506C89F4E617207AAA15E6.e.4020","ELEMENT":"f.73BB2000E1F4E36FD864906F51978B2B.d.2FFE6403B0506C89F4E617207AAA15E6.e.4020"}]}
COMMAND: GET /session/d4f675b322105372b3380f2dea3f05ac/screenshot - {}
RESULT: {}
RESULT: {"script":"<script> [5351 bytes]","args":[{"element-6066-11e4-a52e-4f735466cecf":"f.73BB2000E1F4E36FD864906F51978B2B.d.2FFE6403B0506C89F4E617207AAA15E6.e.4020","ELEMENT":"f.73BB2000E1F4E36FD864906F51978B2B.d.2FFE6403B0506C89F4E617207AAA15E6.e.4020"}]}
COMMAND: POST /session/d4f675b322105372b3380f2dea3f05ac/element/f.73BB2000E1F4E36FD864906F51978B2B.d.2FFE6403B0506C89F4E617207AAA15E6.e.4020/click - {}
COMMAND: GET /session/d4f675b322105372b3380f2dea3f05ac/screenshot - {}
RESULT: {}
RESULT: {}
COMMAND: GET /session/d4f675b322105372b3380f2dea3f05ac/screenshot - {}
RESULT: {}
RESULT: {}
COMMAND: POST /session/d4f675b322105372b3380f2dea3f05ac/element - {"using":"xpath","value":"//span[contains(@id ,\"AddNewHO--typeSelect-arrow\")]"}
RESULT: {"using":"xpath","value":"//span[contains(@id ,\"AddNewHO--typeSelect-arrow\")]"}
COMMAND: POST /session/d4f675b322105372b3380f2dea3f05ac/element/f.73BB2000E1F4E36FD864906F51978B2B.d.2FFE6403B0506C89F4E617207AAA15E6.e.4390/click - {}
RESULT: {}
COMMAND: GET /session/d4f675b322105372b3380f2dea3f05ac/screenshot - {}
RESULT: {}
COMMAND: POST /session/d4f675b322105372b3380f2dea3f05ac/element - {"using":"xpath","value":"(//li[contains(text(), \"stock increase yard\")])[1]"}
RESULT: {"using":"xpath","value":"(//li[contains(text(), \"stock increase yard\")])[1]"}
COMMAND: POST /session/d4f675b322105372b3380f2dea3f05ac/element/f.73BB2000E1F4E36FD864906F51978B2B.d.2FFE6403B0506C89F4E617207AAA15E6.e.4391/click - {}
RESULT: {}
COMMAND: GET /session/d4f675b322105372b3380f2dea3f05ac/screenshot - {}
RESULT: {}
COMMAND: POST /session/d4f675b322105372b3380f2dea3f05ac/execute/async - {"script":"<script> [1562 bytes]","args":[{"selector":{"id":"application-managehandovers-display-component---AddNewHO--dueDate","interaction":{"idSuffix":"inner"}},"wdio_ui5_key":"applicationmanagehandovers-display-component---AddNewHO--dueDate"}]}
RESULT: {"script":"<script> [1562 bytes]","args":[{"selector":{"id":"application-managehandovers-display-component---AddNewHO--dueDate","interaction":{"idSuffix":"inner"}},"wdio_ui5_key":"applicationmanagehandovers-display-component---AddNewHO--dueDate"}]}
RESULT: undefined
COMMAND: POST /session/d4f675b322105372b3380f2dea3f05ac/execute/async - {"script":"<script> [6424 bytes]","args":[{"element-6066-11e4-a52e-4f735466cecf":"f.73BB2000E1F4E36FD864906F51978B2B.d.2FFE6403B0506C89F4E617207AAA15E6.e.4393"},"setValue",["5/28/25"]]}
RESULT: {"script":"<script> [6424 bytes]","args":[{"element-6066-11e4-a52e-4f735466cecf":"f.73BB2000E1F4E36FD864906F51978B2B.d.2FFE6403B0506C89F4E617207AAA15E6.e.4393"},"setValue",["5/28/25"]]}
COMMAND: POST /session/d4f675b322105372b3380f2dea3f05ac/element - {"using":"xpath","value":"//input[@id=\"generalSectionFrg--receiveYard-inner\"]"}
RESULT: {"using":"xpath","value":"//input[@id=\"generalSectionFrg--receiveYard-inner\"]"}
COMMAND: POST /session/d4f675b322105372b3380f2dea3f05ac/element/f.73BB2000E1F4E36FD864906F51978B2B.d.2FFE6403B0506C89F4E617207AAA15E6.e.4399/clear - {}
RESULT: {}
COMMAND: POST /session/d4f675b322105372b3380f2dea3f05ac/element/f.73BB2000E1F4E36FD864906F51978B2B.d.2FFE6403B0506C89F4E617207AAA15E6.e.4399/value - {"text":"422"}
COMMAND: GET /session/d4f675b322105372b3380f2dea3f05ac/screenshot - {}
RESULT: {"text":"422"}
COMMAND: GET /session/d4f675b322105372b3380f2dea3f05ac/screenshot - {}
RESULT: {}
RESULT: {}
COMMAND: POST /session/d4f675b322105372b3380f2dea3f05ac/element - {"using":"xpath","value":"//li[.//span[text()='422']]"}
RESULT: {"using":"xpath","value":"//li[.//span[text()='422']]"}
COMMAND: POST /session/d4f675b322105372b3380f2dea3f05ac/element/f.73BB2000E1F4E36FD864906F51978B2B.d.2FFE6403B0506C89F4E617207AAA15E6.e.4417/click - {}
RESULT: {}
COMMAND: GET /session/d4f675b322105372b3380f2dea3f05ac/screenshot - {}
RESULT: {}
COMMAND: POST /session/d4f675b322105372b3380f2dea3f05ac/execute/async - {"script":"<script> [1562 bytes]","args":[{"selector":{"id":"application-managehandovers-display-component---AddNewHO--ObjectPageLayout-anchBar-application-managehandovers-display-component---AddNewHO--section4-anchor","interaction":{"idSuffix":"BDI-content"}},"wdio_ui5_key":"applicationmanagehandovers-display-component---AddNewHO--ObjectPageLayout-anchBar-application-managehandovers-display-component---AddNewHO--section4-anchor"}]}
RESULT: {"script":"<script> [1562 bytes]","args":[{"selector":{"id":"application-managehandovers-display-component---AddNewHO--ObjectPageLayout-anchBar-application-managehandovers-display-component---AddNewHO--section4-anchor","interaction":{"idSuffix":"BDI-content"}},"wdio_ui5_key":"applicationmanagehandovers-display-component---AddNewHO--ObjectPageLayout-anchBar-application-managehandovers-display-component---AddNewHO--section4-anchor"}]}
RESULT: undefined
COMMAND: POST /session/d4f675b322105372b3380f2dea3f05ac/element - {"using":"xpath","value":"//*[@id=\"application-managehandovers-display-component---AddNewHO--ObjectPageLayout-anchBar-application-managehandovers-display-component---AddNewHO--section4-anchor\"]"}
RESULT: {"using":"xpath","value":"//*[@id=\"application-managehandovers-display-component---AddNewHO--ObjectPageLayout-anchBar-application-managehandovers-display-component---AddNewHO--section4-anchor\"]"}
COMMAND: POST /session/d4f675b322105372b3380f2dea3f05ac/element/f.73BB2000E1F4E36FD864906F51978B2B.d.2FFE6403B0506C89F4E617207AAA15E6.e.4419/click - {}
RESULT: {}
COMMAND: POST /session/d4f675b322105372b3380f2dea3f05ac/element - {"using":"xpath","value":"//button[@aria-label=\"Add\"]"}
COMMAND: GET /session/d4f675b322105372b3380f2dea3f05ac/screenshot - {}
RESULT: {"using":"xpath","value":"//button[@aria-label=\"Add\"]"}
COMMAND: POST /session/d4f675b322105372b3380f2dea3f05ac/element/f.73BB2000E1F4E36FD864906F51978B2B.d.2FFE6403B0506C89F4E617207AAA15E6.e.4423/click - {}
RESULT: {}
RESULT: {}
COMMAND: GET /session/d4f675b322105372b3380f2dea3f05ac/screenshot - {}
RESULT: {}
COMMAND: POST /session/d4f675b322105372b3380f2dea3f05ac/execute/async - {"script":"<script> [1562 bytes]","args":[{"selector":{"id":"application-managehandovers-display-component---AddNewHO--smartFilterBar-btnBasicSearch","searchOpenDialogs":true,"interaction":{"idSuffix":"I"}},"wdio_ui5_key":"applicationmanagehandovers-display-component---AddNewHO--smartFilterBar-btnBasicSearch"}]}
RESULT: {"script":"<script> [1562 bytes]","args":[{"selector":{"id":"application-managehandovers-display-component---AddNewHO--smartFilterBar-btnBasicSearch","searchOpenDialogs":true,"interaction":{"idSuffix":"I"}},"wdio_ui5_key":"applicationmanagehandovers-display-component---AddNewHO--smartFilterBar-btnBasicSearch"}]}
RESULT: undefined
COMMAND: POST /session/d4f675b322105372b3380f2dea3f05ac/execute/async - {"script":"<script> [776 bytes]","args":[{"enterText":"200231","selector":{"id":"application-managehandovers-display-component---AddNewHO--smartFilterBar-btnBasicSearch","searchOpenDialogs":true,"interaction":{"idSuffix":"I"}},"clearTextFirst":true,"interactionType":"ENTER_TEXT"}]}
RESULT: {"script":"<script> [776 bytes]","args":[{"enterText":"200231","selector":{"id":"application-managehandovers-display-component---AddNewHO--smartFilterBar-btnBasicSearch","searchOpenDialogs":true,"interaction":{"idSuffix":"I"}},"clearTextFirst":true,"interactionType":"ENTER_TEXT"}]}
COMMAND: POST /session/d4f675b322105372b3380f2dea3f05ac/actions - {"actions":[{"id":"action17","type":"key","parameters":{},"actions":[{"type":"keyDown","value":""},{"type":"pause","duration":10},{"type":"keyUp","value":""}]}]}
RESULT: {"actions":[{"id":"action17","type":"key","parameters":{},"actions":[{"type":"keyDown","value":""},{"type":"pause","duration":10},{"type":"keyUp","value":""}]}]}
COMMAND: GET /session/d4f675b322105372b3380f2dea3f05ac/screenshot - {}
RESULT: {}
COMMAND: POST /session/d4f675b322105372b3380f2dea3f05ac/execute/async - {"script":"<script> [1562 bytes]","args":[{"selector":{"id":"application-managehandovers-display-component---AddNewHO--popup-sa","searchOpenDialogs":true,"interaction":{"idSuffix":"CbBg"}},"wdio_ui5_key":"applicationmanagehandovers-display-component---AddNewHO--popup-sa"}]}
RESULT: {"script":"<script> [1562 bytes]","args":[{"selector":{"id":"application-managehandovers-display-component---AddNewHO--popup-sa","searchOpenDialogs":true,"interaction":{"idSuffix":"CbBg"}},"wdio_ui5_key":"applicationmanagehandovers-display-component---AddNewHO--popup-sa"}]}
RESULT: undefined
COMMAND: POST /session/d4f675b322105372b3380f2dea3f05ac/element - {"using":"xpath","value":"//*[@id=\"application-managehandovers-display-component---AddNewHO--popup-sa\"]"}
RESULT: {"using":"xpath","value":"//*[@id=\"application-managehandovers-display-component---AddNewHO--popup-sa\"]"}
COMMAND: POST /session/d4f675b322105372b3380f2dea3f05ac/element/f.73BB2000E1F4E36FD864906F51978B2B.d.2FFE6403B0506C89F4E617207AAA15E6.e.4579/click - {}
RESULT: {}
COMMAND: GET /session/d4f675b322105372b3380f2dea3f05ac/screenshot - {}
RESULT: {}
COMMAND: POST /session/d4f675b322105372b3380f2dea3f05ac/element - {"using":"xpath","value":"//bdi[contains(text(), \"Select\")]"}
RESULT: {"using":"xpath","value":"//bdi[contains(text(), \"Select\")]"}
COMMAND: POST /session/d4f675b322105372b3380f2dea3f05ac/element/f.73BB2000E1F4E36FD864906F51978B2B.d.2FFE6403B0506C89F4E617207AAA15E6.e.4580/click - {}
RESULT: {}
COMMAND: GET /session/d4f675b322105372b3380f2dea3f05ac/screenshot - {}
RESULT: {}
COMMAND: POST /session/d4f675b322105372b3380f2dea3f05ac/element - {"using":"xpath","value":"//button[@data-kt=\"AddNewHOSaveButton\"]"}
RESULT: {"using":"xpath","value":"//button[@data-kt=\"AddNewHOSaveButton\"]"}
COMMAND: POST /session/d4f675b322105372b3380f2dea3f05ac/element/f.73BB2000E1F4E36FD864906F51978B2B.d.2FFE6403B0506C89F4E617207AAA15E6.e.4584/click - {}
RESULT: {}
COMMAND: GET /session/d4f675b322105372b3380f2dea3f05ac/screenshot - {}
RESULT: {}
COMMAND: POST /session/d4f675b322105372b3380f2dea3f05ac/execute/async - {"script":"<script> [1562 bytes]","args":[{"selector":{"id":"receiptDatePicker","viewName":"etm.portal.ui.managehandovers.view.DetailExecuteHO","interaction":{"idSuffix":"inner"}},"wdio_ui5_key":"receiptDatePickeretmportal.ui.managehandovers.view.DetailExecuteHO"}]}
RESULT: {"script":"<script> [1562 bytes]","args":[{"selector":{"id":"receiptDatePicker","viewName":"etm.portal.ui.managehandovers.view.DetailExecuteHO","interaction":{"idSuffix":"inner"}},"wdio_ui5_key":"receiptDatePickeretmportal.ui.managehandovers.view.DetailExecuteHO"}]}
RESULT: undefined
COMMAND: POST /session/d4f675b322105372b3380f2dea3f05ac/execute/async - {"script":"<script> [6424 bytes]","args":[{"element-6066-11e4-a52e-4f735466cecf":"f.73BB2000E1F4E36FD864906F51978B2B.d.2FFE6403B0506C89F4E617207AAA15E6.e.4614"},"setValue",["5/28/25"]]}
RESULT: {"script":"<script> [6424 bytes]","args":[{"element-6066-11e4-a52e-4f735466cecf":"f.73BB2000E1F4E36FD864906F51978B2B.d.2FFE6403B0506C89F4E617207AAA15E6.e.4614"},"setValue",["5/28/25"]]}
COMMAND: POST /session/d4f675b322105372b3380f2dea3f05ac/element - {"using":"xpath","value":"//button[@data-kt=\"ReceivingTableConfirmAllButton\"]"}
RESULT: {"using":"xpath","value":"//button[@data-kt=\"ReceivingTableConfirmAllButton\"]"}
COMMAND: POST /session/d4f675b322105372b3380f2dea3f05ac/element/f.73BB2000E1F4E36FD864906F51978B2B.d.2FFE6403B0506C89F4E617207AAA15E6.e.4631/click - {}
RESULT: {}
COMMAND: GET /session/d4f675b322105372b3380f2dea3f05ac/screenshot - {}
RESULT: {}
COMMAND: POST /session/d4f675b322105372b3380f2dea3f05ac/element - {"using":"xpath","value":"//bdi[contains(text(), \"OK\")]"}
RESULT: {"using":"xpath","value":"//bdi[contains(text(), \"OK\")]"}
COMMAND: POST /session/d4f675b322105372b3380f2dea3f05ac/element/f.73BB2000E1F4E36FD864906F51978B2B.d.2FFE6403B0506C89F4E617207AAA15E6.e.4633/click - {}
RESULT: {}
COMMAND: GET /session/d4f675b322105372b3380f2dea3f05ac/screenshot - {}
RESULT: {}
COMMAND: POST /session/d4f675b322105372b3380f2dea3f05ac/element - {"using":"xpath","value":"(//bdi[contains(text(), \"Receive\")])[2]"}
RESULT: {"using":"xpath","value":"(//bdi[contains(text(), \"Receive\")])[2]"}
COMMAND: POST /session/d4f675b322105372b3380f2dea3f05ac/element/f.73BB2000E1F4E36FD864906F51978B2B.d.2FFE6403B0506C89F4E617207AAA15E6.e.4635/click - {}
RESULT: {}
COMMAND: GET /session/d4f675b322105372b3380f2dea3f05ac/screenshot - {}
RESULT: {}
COMMAND: POST /session/d4f675b322105372b3380f2dea3f05ac/element - {"using":"css selector","value":"#shell-header-logo"}
RESULT: {"using":"css selector","value":"#shell-header-logo"}
COMMAND: POST /session/d4f675b322105372b3380f2dea3f05ac/element/f.73BB2000E1F4E36FD864906F51978B2B.d.2FFE6403B0506C89F4E617207AAA15E6.e.3988/click - {}
RESULT: {}
COMMAND: GET /session/d4f675b322105372b3380f2dea3f05ac/screenshot - {}
RESULT: {}
COMMAND: POST /session/d4f675b322105372b3380f2dea3f05ac/element - {"using":"css selector","value":"#j_username"}
COMMAND: POST /session/d4f675b322105372b3380f2dea3f05ac/url - {"url":"https://qa-testing-00-live-etm-ui.cfapps.eu10-004.hana.ondemand.com/"}
RESULT: {"using":"css selector","value":"#j_username"}
COMMAND: POST /session/d4f675b322105372b3380f2dea3f05ac/element - {"using":"css selector","value":"#j_username"}
RESULT: {"url":"https://qa-testing-00-live-etm-ui.cfapps.eu10-004.hana.ondemand.com/"}
RESULT: undefined
COMMAND: GET /session/d4f675b322105372b3380f2dea3f05ac/screenshot - {}
RESULT: {"using":"css selector","value":"#j_username"}
COMMAND: POST /session/d4f675b322105372b3380f2dea3f05ac/element - {"using":"css selector","value":"#shell-header-logo"}
RESULT: {}
RESULT: {"using":"css selector","value":"#shell-header-logo"}
COMMAND: POST /session/d4f675b322105372b3380f2dea3f05ac/execute/sync - {"script":"<script> [8489 bytes]","args":[{"element-6066-11e4-a52e-4f735466cecf":"f.73BB2000E1F4E36FD864906F51978B2B.d.C15084718E663788F74ED881B2AD5223.e.4817","ELEMENT":"f.73BB2000E1F4E36FD864906F51978B2B.d.C15084718E663788F74ED881B2AD5223.e.4817"}]}
RESULT: {"script":"<script> [8489 bytes]","args":[{"element-6066-11e4-a52e-4f735466cecf":"f.73BB2000E1F4E36FD864906F51978B2B.d.C15084718E663788F74ED881B2AD5223.e.4817","ELEMENT":"f.73BB2000E1F4E36FD864906F51978B2B.d.C15084718E663788F74ED881B2AD5223.e.4817"}]}
COMMAND: POST /session/d4f675b322105372b3380f2dea3f05ac/element - {"using":"css selector","value":"#shell-header-logo"}
COMMAND: GET /session/d4f675b322105372b3380f2dea3f05ac/screenshot - {}
RESULT: {"using":"css selector","value":"#shell-header-logo"}
COMMAND: POST /session/d4f675b322105372b3380f2dea3f05ac/execute/sync - {"script":"<script> [8489 bytes]","args":[{"element-6066-11e4-a52e-4f735466cecf":"f.73BB2000E1F4E36FD864906F51978B2B.d.C15084718E663788F74ED881B2AD5223.e.4817","ELEMENT":"f.73BB2000E1F4E36FD864906F51978B2B.d.C15084718E663788F74ED881B2AD5223.e.4817"}]}
RESULT: {}
RESULT: {"script":"<script> [8489 bytes]","args":[{"element-6066-11e4-a52e-4f735466cecf":"f.73BB2000E1F4E36FD864906F51978B2B.d.C15084718E663788F74ED881B2AD5223.e.4817","ELEMENT":"f.73BB2000E1F4E36FD864906F51978B2B.d.C15084718E663788F74ED881B2AD5223.e.4817"}]}
COMMAND: POST /session/d4f675b322105372b3380f2dea3f05ac/execute/sync - {"script":"<script> [5351 bytes]","args":[{"element-6066-11e4-a52e-4f735466cecf":"f.73BB2000E1F4E36FD864906F51978B2B.d.C15084718E663788F74ED881B2AD5223.e.4817","ELEMENT":"f.73BB2000E1F4E36FD864906F51978B2B.d.C15084718E663788F74ED881B2AD5223.e.4817"}]}
COMMAND: GET /session/d4f675b322105372b3380f2dea3f05ac/screenshot - {}
RESULT: {"script":"<script> [5351 bytes]","args":[{"element-6066-11e4-a52e-4f735466cecf":"f.73BB2000E1F4E36FD864906F51978B2B.d.C15084718E663788F74ED881B2AD5223.e.4817","ELEMENT":"f.73BB2000E1F4E36FD864906F51978B2B.d.C15084718E663788F74ED881B2AD5223.e.4817"}]}
COMMAND: POST /session/d4f675b322105372b3380f2dea3f05ac/element - {"using":"css selector","value":"#shell-header-logo"}
COMMAND: GET /session/d4f675b322105372b3380f2dea3f05ac/screenshot - {}
RESULT: {}
RESULT: {"using":"css selector","value":"#shell-header-logo"}
COMMAND: POST /session/d4f675b322105372b3380f2dea3f05ac/element/f.73BB2000E1F4E36FD864906F51978B2B.d.C15084718E663788F74ED881B2AD5223.e.4817/click - {}
RESULT: {}
RESULT: {}
COMMAND: GET /session/d4f675b322105372b3380f2dea3f05ac/screenshot - {}
RESULT: {}
COMMAND: POST /session/d4f675b322105372b3380f2dea3f05ac/execute/async - {"script":"<script> [189 bytes]","args":[]}
RESULT: {"script":"<script> [189 bytes]","args":[]}
COMMAND: POST /session/d4f675b322105372b3380f2dea3f05ac/execute/async - {"script":"<script> [123 bytes]","args":[]}
RESULT: {"script":"<script> [123 bytes]","args":[]}
COMMAND: POST /session/d4f675b322105372b3380f2dea3f05ac/timeouts - {"script":"<number>"}
RESULT: {"script":"<number>"}
COMMAND: GET /session/d4f675b322105372b3380f2dea3f05ac/timeouts - {}
RESULT: {}
RESULT: undefined
COMMAND: POST /session/d4f675b322105372b3380f2dea3f05ac/execute/async - {"script":"<script> [2676 bytes]","args":[]}
RESULT: {"script":"<script> [2676 bytes]","args":[]}
COMMAND: POST /session/d4f675b322105372b3380f2dea3f05ac/execute/async - {"script":"<script> [2342 bytes]","args":[{"protocol":"http","hostname":"0.0.0.0","path":"/","capabilities":{"browserName":"chrome","goog:chromeOptions":{"binary":"C:\\Program Files\\Google\\Chrome\\Application\\chrome.exe","args":["--start-maximized"]}},"logLevel":"warn","connectionRetryTimeout":120000,"connectionRetryCount":3,"logLevels":{},"enableDirectConnect":true,"strictSSL":true,"_":"65 more keys: [\"cacheDir\",\"port\",\"requestedCapabilities\",\"automationProtocol\",\"baseUrl\",\"waitforInterval\",\"waitforTimeout\",\"onReload\",\"beforeCommand\",\"afterCommand\",\"rootDir\",\"specs\",\"suites\",\"exclude\",\"groupLogsByTestSpec\",\"excludeDriverLogs\",\"bail\",\"framework\",\"reporters\",\"services\",\"maxInstances\",\"maxInstancesPerCapability\",\"injectGlobals\",\"filesToWatch\",\"execArgv\",\"runnerEnv\",\"runner\",\"shard\",\"specFileRetries\",\"specFileRetriesDelay\",\"specFileRetriesDeferred\",\"reporterSyncInterval\",\"reporterSyncTimeout\",\"cucumberFeaturesWithLineNumbers\",\"autoCompileOpts\",\"mochaOpts\",\"jasmineOpts\",\"cucumberOpts\",\"onPrepare\",\"onWorkerStart\",\"onWorkerEnd\",\"before\",\"beforeSession\",\"beforeSuite\",\"beforeHook\",\"beforeTest\",\"afterTest\",\"afterHook\",\"afterSuite\",\"afterSession\",\"after\",\"onComplete\",\"beforeAssertion\",\"afterAssertion\",\"beforeFeature\",\"beforeScenario\",\"beforeStep\",\"afterStep\",\"afterScenario\",\"afterFeature\",\"_\",\"suite\",\"$0\",\"ignoredWorkerServices\",\"wdi5\"]"}]}
RESULT: {"script":"<script> [2342 bytes]","args":[{"protocol":"http","hostname":"0.0.0.0","path":"/","capabilities":{"browserName":"chrome","goog:chromeOptions":{"binary":"C:\\Program Files\\Google\\Chrome\\Application\\chrome.exe","args":["--start-maximized"]}},"logLevel":"warn","connectionRetryTimeout":120000,"connectionRetryCount":3,"logLevels":{},"enableDirectConnect":true,"strictSSL":true,"_":"65 more keys: [\"cacheDir\",\"port\",\"requestedCapabilities\",\"automationProtocol\",\"baseUrl\",\"waitforInterval\",\"waitforTimeout\",\"onReload\",\"beforeCommand\",\"afterCommand\",\"rootDir\",\"specs\",\"suites\",\"exclude\",\"groupLogsByTestSpec\",\"excludeDriverLogs\",\"bail\",\"framework\",\"reporters\",\"services\",\"maxInstances\",\"maxInstancesPerCapability\",\"injectGlobals\",\"filesToWatch\",\"execArgv\",\"runnerEnv\",\"runner\",\"shard\",\"specFileRetries\",\"specFileRetriesDelay\",\"specFileRetriesDeferred\",\"reporterSyncInterval\",\"reporterSyncTimeout\",\"cucumberFeaturesWithLineNumbers\",\"autoCompileOpts\",\"mochaOpts\",\"jasmineOpts\",\"cucumberOpts\",\"onPrepare\",\"onWorkerStart\",\"onWorkerEnd\",\"before\",\"beforeSession\",\"beforeSuite\",\"beforeHook\",\"beforeTest\",\"afterTest\",\"afterHook\",\"afterSuite\",\"afterSession\",\"after\",\"onComplete\",\"beforeAssertion\",\"afterAssertion\",\"beforeFeature\",\"beforeScenario\",\"beforeStep\",\"afterStep\",\"afterScenario\",\"afterFeature\",\"_\",\"suite\",\"$0\",\"ignoredWorkerServices\",\"wdi5\"]"}]}
COMMAND: POST /session/d4f675b322105372b3380f2dea3f05ac/execute/async - {"script":"<script> [21126 bytes]","args":[35000]}
RESULT: {"script":"<script> [21126 bytes]","args":[35000]}
COMMAND: POST /session/d4f675b322105372b3380f2dea3f05ac/window/maximize - {}
RESULT: {}
COMMAND: POST /session/d4f675b322105372b3380f2dea3f05ac/execute/async - {"script":"<script> [1562 bytes]","args":[{"selector":{"id":"shell-header","interaction":{"idSuffix":"icon"}},"wdio_ui5_key":"shellheader"}]}
COMMAND: GET /session/d4f675b322105372b3380f2dea3f05ac/screenshot - {}
RESULT: {"script":"<script> [1562 bytes]","args":[{"selector":{"id":"shell-header","interaction":{"idSuffix":"icon"}},"wdio_ui5_key":"shellheader"}]}
RESULT: undefined
COMMAND: POST /session/d4f675b322105372b3380f2dea3f05ac/window/fullscreen - {}
RESULT: {}
RESULT: {}
]]></system-out>
    </testcase>
  </testsuite>
  <testsuite timestamp="2025-05-28T16:30:34" time="142.495" tests="6" failures="0" errors="0" skipped="0">
    <properties>
      <property name="specId" value="0"/>
      <property name="suiteName" value="Provide to Site w/ warehouse management w/ clarification US115878"/>
      <property name="capabilities" value="chrome.136_0_7103_93.windows"/>
      <property name="file" value="file:///D:/a/1/s/test/specs/HTR/provide-to-site-w-warehouse-w-clarification.spec.js"/>
    </properties>
    <testcase classname="chrome.136_0_7103_93.windows.Provide_to_Site_w/_warehouse_management_w/_clarification_US115878" name="Should create a new WHM yard" time="0.03">
      <system-out><![CDATA[
COMMAND: POST /session/d4f675b322105372b3380f2dea3f05ac/window/fullscreen - {}
RESULT: {}
]]></system-out>
    </testcase>
    <testcase classname="chrome.136_0_7103_93.windows.Provide_to_Site_w/_warehouse_management_w/_clarification_US115878" name="Should create a new external WHM partner" time="0.004"/>
    <testcase classname="chrome.136_0_7103_93.windows.Provide_to_Site_w/_warehouse_management_w/_clarification_US115878" name="Should create a new WHM site" time="0.003"/>
    <testcase classname="chrome.136_0_7103_93.windows.Provide_to_Site_w/_warehouse_management_w/_clarification_US115878" name="Should create a new material" time="128.396">
      <system-out><![CDATA[
COMMAND: POST /session/d4f675b322105372b3380f2dea3f05ac/execute/async - {"script":"<script> [1562 bytes]","args":[{"selector":{"controlType":"sap.m.GenericTile","properties":{"header":"Manage Resources"}},"wdio_ui5_key":"sapm.GenericTile{\"header\":\"Manage Resources\"}"}]}
RESULT: {"script":"<script> [1562 bytes]","args":[{"selector":{"controlType":"sap.m.GenericTile","properties":{"header":"Manage Resources"}},"wdio_ui5_key":"sapm.GenericTile{\"header\":\"Manage Resources\"}"}]}
RESULT: undefined
COMMAND: POST /session/d4f675b322105372b3380f2dea3f05ac/element - {"using":"xpath","value":"//*[@id=\"__tile31\"]"}
RESULT: {"using":"xpath","value":"//*[@id=\"__tile31\"]"}
COMMAND: POST /session/d4f675b322105372b3380f2dea3f05ac/element/f.73BB2000E1F4E36FD864906F51978B2B.d.C15084718E663788F74ED881B2AD5223.e.4839/click - {}
RESULT: {}
COMMAND: GET /session/d4f675b322105372b3380f2dea3f05ac/screenshot - {}
RESULT: {}
COMMAND: POST /session/d4f675b322105372b3380f2dea3f05ac/elements - {"using":"xpath","value":"//span[text()='Error']"}
RESULT: {"using":"xpath","value":"//span[text()='Error']"}
COMMAND: POST /session/d4f675b322105372b3380f2dea3f05ac/element - {"using":"xpath","value":"//button[@data-kt=\"addNewRUOverflowToolbarButton\"]"}
RESULT: {"using":"xpath","value":"//button[@data-kt=\"addNewRUOverflowToolbarButton\"]"}
COMMAND: POST /session/d4f675b322105372b3380f2dea3f05ac/elements - {"using":"xpath","value":"//button[@data-kt=\"addNewRUOverflowToolbarButton\"]"}
RESULT: {"using":"xpath","value":"//button[@data-kt=\"addNewRUOverflowToolbarButton\"]"}
COMMAND: POST /session/d4f675b322105372b3380f2dea3f05ac/execute/sync - {"script":"<script> [8489 bytes]","args":[{"element-6066-11e4-a52e-4f735466cecf":"f.73BB2000E1F4E36FD864906F51978B2B.d.C15084718E663788F74ED881B2AD5223.e.4969","ELEMENT":"f.73BB2000E1F4E36FD864906F51978B2B.d.C15084718E663788F74ED881B2AD5223.e.4969"}]}
RESULT: {"script":"<script> [8489 bytes]","args":[{"element-6066-11e4-a52e-4f735466cecf":"f.73BB2000E1F4E36FD864906F51978B2B.d.C15084718E663788F74ED881B2AD5223.e.4969","ELEMENT":"f.73BB2000E1F4E36FD864906F51978B2B.d.C15084718E663788F74ED881B2AD5223.e.4969"}]}
COMMAND: GET /session/d4f675b322105372b3380f2dea3f05ac/element/f.73BB2000E1F4E36FD864906F51978B2B.d.C15084718E663788F74ED881B2AD5223.e.4969/enabled - {}
COMMAND: GET /session/d4f675b322105372b3380f2dea3f05ac/screenshot - {}
RESULT: {}
RESULT: {}
COMMAND: POST /session/d4f675b322105372b3380f2dea3f05ac/execute/sync - {"script":"<script> [8489 bytes]","args":[{"element-6066-11e4-a52e-4f735466cecf":"f.73BB2000E1F4E36FD864906F51978B2B.d.C15084718E663788F74ED881B2AD5223.e.4969","ELEMENT":"f.73BB2000E1F4E36FD864906F51978B2B.d.C15084718E663788F74ED881B2AD5223.e.4969"}]}
COMMAND: GET /session/d4f675b322105372b3380f2dea3f05ac/screenshot - {}
RESULT: {"script":"<script> [8489 bytes]","args":[{"element-6066-11e4-a52e-4f735466cecf":"f.73BB2000E1F4E36FD864906F51978B2B.d.C15084718E663788F74ED881B2AD5223.e.4969","ELEMENT":"f.73BB2000E1F4E36FD864906F51978B2B.d.C15084718E663788F74ED881B2AD5223.e.4969"}]}
COMMAND: POST /session/d4f675b322105372b3380f2dea3f05ac/execute/sync - {"script":"<script> [5351 bytes]","args":[{"element-6066-11e4-a52e-4f735466cecf":"f.73BB2000E1F4E36FD864906F51978B2B.d.C15084718E663788F74ED881B2AD5223.e.4969","ELEMENT":"f.73BB2000E1F4E36FD864906F51978B2B.d.C15084718E663788F74ED881B2AD5223.e.4969"}]}
COMMAND: GET /session/d4f675b322105372b3380f2dea3f05ac/screenshot - {}
RESULT: {}
RESULT: {"script":"<script> [5351 bytes]","args":[{"element-6066-11e4-a52e-4f735466cecf":"f.73BB2000E1F4E36FD864906F51978B2B.d.C15084718E663788F74ED881B2AD5223.e.4969","ELEMENT":"f.73BB2000E1F4E36FD864906F51978B2B.d.C15084718E663788F74ED881B2AD5223.e.4969"}]}
COMMAND: POST /session/d4f675b322105372b3380f2dea3f05ac/element/f.73BB2000E1F4E36FD864906F51978B2B.d.C15084718E663788F74ED881B2AD5223.e.4969/click - {}
COMMAND: GET /session/d4f675b322105372b3380f2dea3f05ac/screenshot - {}
RESULT: {}
RESULT: {}
COMMAND: GET /session/d4f675b322105372b3380f2dea3f05ac/screenshot - {}
RESULT: {}
COMMAND: POST /session/d4f675b322105372b3380f2dea3f05ac/execute/async - {"script":"<script> [1562 bytes]","args":[{"selector":{"id":"application-manageresources-display-component---newResourceUnit--TYPE-arrow"},"wdio_ui5_key":"applicationmanageresources-display-component---newResourceUnit--TYPE-arrow"}]}
RESULT: {}
RESULT: {"script":"<script> [1562 bytes]","args":[{"selector":{"id":"application-manageresources-display-component---newResourceUnit--TYPE-arrow"},"wdio_ui5_key":"applicationmanageresources-display-component---newResourceUnit--TYPE-arrow"}]}
RESULT: undefined
COMMAND: POST /session/d4f675b322105372b3380f2dea3f05ac/element - {"using":"xpath","value":"//*[@id=\"application-manageresources-display-component---newResourceUnit--TYPE-arrow\"]"}
RESULT: {"using":"xpath","value":"//*[@id=\"application-manageresources-display-component---newResourceUnit--TYPE-arrow\"]"}
COMMAND: POST /session/d4f675b322105372b3380f2dea3f05ac/element/f.73BB2000E1F4E36FD864906F51978B2B.d.C15084718E663788F74ED881B2AD5223.e.5329/click - {}
RESULT: {}
COMMAND: POST /session/d4f675b322105372b3380f2dea3f05ac/element - {"using":"xpath","value":"//input[@id=\"application-manageresources-display-component---newResourceUnit--TYPE-inner\"]"}
COMMAND: GET /session/d4f675b322105372b3380f2dea3f05ac/screenshot - {}
RESULT: {"using":"xpath","value":"//input[@id=\"application-manageresources-display-component---newResourceUnit--TYPE-inner\"]"}
COMMAND: POST /session/d4f675b322105372b3380f2dea3f05ac/element/f.73BB2000E1F4E36FD864906F51978B2B.d.C15084718E663788F74ED881B2AD5223.e.5318/clear - {}
RESULT: {}
RESULT: {}
COMMAND: POST /session/d4f675b322105372b3380f2dea3f05ac/element/f.73BB2000E1F4E36FD864906F51978B2B.d.C15084718E663788F74ED881B2AD5223.e.5318/value - {"text":"Material"}
COMMAND: GET /session/d4f675b322105372b3380f2dea3f05ac/screenshot - {}
RESULT: {"text":"Material"}
COMMAND: GET /session/d4f675b322105372b3380f2dea3f05ac/screenshot - {}
RESULT: {}
RESULT: {}
COMMAND: POST /session/d4f675b322105372b3380f2dea3f05ac/actions - {"actions":[{"id":"action18","type":"key","parameters":{},"actions":[{"type":"keyDown","value":""},{"type":"pause","duration":10},{"type":"keyUp","value":""}]}]}
RESULT: {"actions":[{"id":"action18","type":"key","parameters":{},"actions":[{"type":"keyDown","value":""},{"type":"pause","duration":10},{"type":"keyUp","value":""}]}]}
COMMAND: POST /session/d4f675b322105372b3380f2dea3f05ac/execute/async - {"script":"<script> [1562 bytes]","args":[{"selector":{"id":"application-manageresources-display-component---newResourceUnit--SHORT_TEXT","interaction":{"idSuffix":"inner"}},"wdio_ui5_key":"applicationmanageresources-display-component---newResourceUnit--SHORT_TEXT"}]}
COMMAND: GET /session/d4f675b322105372b3380f2dea3f05ac/screenshot - {}
RESULT: {"script":"<script> [1562 bytes]","args":[{"selector":{"id":"application-manageresources-display-component---newResourceUnit--SHORT_TEXT","interaction":{"idSuffix":"inner"}},"wdio_ui5_key":"applicationmanageresources-display-component---newResourceUnit--SHORT_TEXT"}]}
RESULT: undefined
COMMAND: POST /session/d4f675b322105372b3380f2dea3f05ac/execute/async - {"script":"<script> [776 bytes]","args":[{"enterText":"Cement WDIO","selector":{"id":"application-manageresources-display-component---newResourceUnit--SHORT_TEXT","interaction":{"idSuffix":"inner"}},"clearTextFirst":true,"interactionType":"ENTER_TEXT"}]}
RESULT: {}
RESULT: {"script":"<script> [776 bytes]","args":[{"enterText":"Cement WDIO","selector":{"id":"application-manageresources-display-component---newResourceUnit--SHORT_TEXT","interaction":{"idSuffix":"inner"}},"clearTextFirst":true,"interactionType":"ENTER_TEXT"}]}
COMMAND: POST /session/d4f675b322105372b3380f2dea3f05ac/execute/async - {"script":"<script> [1562 bytes]","args":[{"selector":{"id":"application-manageresources-display-component---newResourceUnit--BASE_UNIT_OF_MEASURE","interaction":{"idSuffix":"inner"}},"wdio_ui5_key":"applicationmanageresources-display-component---newResourceUnit--BASE_UNIT_OF_MEASURE"}]}
RESULT: {"script":"<script> [1562 bytes]","args":[{"selector":{"id":"application-manageresources-display-component---newResourceUnit--BASE_UNIT_OF_MEASURE","interaction":{"idSuffix":"inner"}},"wdio_ui5_key":"applicationmanageresources-display-component---newResourceUnit--BASE_UNIT_OF_MEASURE"}]}
RESULT: undefined
COMMAND: POST /session/d4f675b322105372b3380f2dea3f05ac/execute/async - {"script":"<script> [776 bytes]","args":[{"enterText":"Piece","selector":{"id":"application-manageresources-display-component---newResourceUnit--BASE_UNIT_OF_MEASURE","interaction":{"idSuffix":"inner"}},"clearTextFirst":true,"interactionType":"ENTER_TEXT"}]}
RESULT: {"script":"<script> [776 bytes]","args":[{"enterText":"Piece","selector":{"id":"application-manageresources-display-component---newResourceUnit--BASE_UNIT_OF_MEASURE","interaction":{"idSuffix":"inner"}},"clearTextFirst":true,"interactionType":"ENTER_TEXT"}]}
COMMAND: POST /session/d4f675b322105372b3380f2dea3f05ac/execute/async - {"script":"<script> [1562 bytes]","args":[{"selector":{"id":"application-manageresources-display-component---newResourceUnit--WEIGHT_UNIT","interaction":{"idSuffix":"inner"}},"wdio_ui5_key":"applicationmanageresources-display-component---newResourceUnit--WEIGHT_UNIT"}]}
RESULT: {"script":"<script> [1562 bytes]","args":[{"selector":{"id":"application-manageresources-display-component---newResourceUnit--WEIGHT_UNIT","interaction":{"idSuffix":"inner"}},"wdio_ui5_key":"applicationmanageresources-display-component---newResourceUnit--WEIGHT_UNIT"}]}
RESULT: undefined
COMMAND: POST /session/d4f675b322105372b3380f2dea3f05ac/execute/async - {"script":"<script> [776 bytes]","args":[{"enterText":"Gram","selector":{"id":"application-manageresources-display-component---newResourceUnit--WEIGHT_UNIT","interaction":{"idSuffix":"inner"}},"clearTextFirst":true,"interactionType":"ENTER_TEXT"}]}
RESULT: {"script":"<script> [776 bytes]","args":[{"enterText":"Gram","selector":{"id":"application-manageresources-display-component---newResourceUnit--WEIGHT_UNIT","interaction":{"idSuffix":"inner"}},"clearTextFirst":true,"interactionType":"ENTER_TEXT"}]}
COMMAND: POST /session/d4f675b322105372b3380f2dea3f05ac/execute/async - {"script":"<script> [1562 bytes]","args":[{"selector":{"id":"application-manageresources-display-component---newResourceUnit--DIMENSION_UNIT","interaction":{"idSuffix":"inner"}},"wdio_ui5_key":"applicationmanageresources-display-component---newResourceUnit--DIMENSION_UNIT"}]}
RESULT: {"script":"<script> [1562 bytes]","args":[{"selector":{"id":"application-manageresources-display-component---newResourceUnit--DIMENSION_UNIT","interaction":{"idSuffix":"inner"}},"wdio_ui5_key":"applicationmanageresources-display-component---newResourceUnit--DIMENSION_UNIT"}]}
RESULT: undefined
COMMAND: POST /session/d4f675b322105372b3380f2dea3f05ac/execute/async - {"script":"<script> [776 bytes]","args":[{"enterText":"Meter","selector":{"id":"application-manageresources-display-component---newResourceUnit--DIMENSION_UNIT","interaction":{"idSuffix":"inner"}},"clearTextFirst":true,"interactionType":"ENTER_TEXT"}]}
RESULT: {"script":"<script> [776 bytes]","args":[{"enterText":"Meter","selector":{"id":"application-manageresources-display-component---newResourceUnit--DIMENSION_UNIT","interaction":{"idSuffix":"inner"}},"clearTextFirst":true,"interactionType":"ENTER_TEXT"}]}
COMMAND: POST /session/d4f675b322105372b3380f2dea3f05ac/execute/async - {"script":"<script> [1562 bytes]","args":[{"selector":{"id":"application-manageresources-display-component---newResourceUnit--newRRUPage-anchBar-application-manageresources-display-component---newResourceUnit--control-anchor","interaction":{"idSuffix":"BDI-content"}},"wdio_ui5_key":"applicationmanageresources-display-component---newResourceUnit--newRRUPage-anchBar-application-manageresources-display-component---newResourceUnit--control-anchor"}]}
RESULT: {"script":"<script> [1562 bytes]","args":[{"selector":{"id":"application-manageresources-display-component---newResourceUnit--newRRUPage-anchBar-application-manageresources-display-component---newResourceUnit--control-anchor","interaction":{"idSuffix":"BDI-content"}},"wdio_ui5_key":"applicationmanageresources-display-component---newResourceUnit--newRRUPage-anchBar-application-manageresources-display-component---newResourceUnit--control-anchor"}]}
RESULT: undefined
COMMAND: POST /session/d4f675b322105372b3380f2dea3f05ac/element - {"using":"xpath","value":"//*[@id=\"application-manageresources-display-component---newResourceUnit--newRRUPage-anchBar-application-manageresources-display-component---newResourceUnit--control-anchor\"]"}
RESULT: {"using":"xpath","value":"//*[@id=\"application-manageresources-display-component---newResourceUnit--newRRUPage-anchBar-application-manageresources-display-component---newResourceUnit--control-anchor\"]"}
COMMAND: POST /session/d4f675b322105372b3380f2dea3f05ac/element/f.73BB2000E1F4E36FD864906F51978B2B.d.C15084718E663788F74ED881B2AD5223.e.5461/click - {}
RESULT: {}
COMMAND: POST /session/d4f675b322105372b3380f2dea3f05ac/execute/async - {"script":"<script> [1562 bytes]","args":[{"selector":{"id":"application-manageresources-display-component---newResourceUnit--PLANNING_GROUP","interaction":{"idSuffix":"inner"}},"wdio_ui5_key":"applicationmanageresources-display-component---newResourceUnit--PLANNING_GROUP"}]}
COMMAND: GET /session/d4f675b322105372b3380f2dea3f05ac/screenshot - {}
RESULT: {"script":"<script> [1562 bytes]","args":[{"selector":{"id":"application-manageresources-display-component---newResourceUnit--PLANNING_GROUP","interaction":{"idSuffix":"inner"}},"wdio_ui5_key":"applicationmanageresources-display-component---newResourceUnit--PLANNING_GROUP"}]}
RESULT: undefined
COMMAND: POST /session/d4f675b322105372b3380f2dea3f05ac/execute/async - {"script":"<script> [776 bytes]","args":[{"enterText":"Material","selector":{"id":"application-manageresources-display-component---newResourceUnit--PLANNING_GROUP","interaction":{"idSuffix":"inner"}},"clearTextFirst":true,"interactionType":"ENTER_TEXT"}]}
RESULT: {}
RESULT: {"script":"<script> [776 bytes]","args":[{"enterText":"Material","selector":{"id":"application-manageresources-display-component---newResourceUnit--PLANNING_GROUP","interaction":{"idSuffix":"inner"}},"clearTextFirst":true,"interactionType":"ENTER_TEXT"}]}
COMMAND: POST /session/d4f675b322105372b3380f2dea3f05ac/execute/async - {"script":"<script> [1562 bytes]","args":[{"selector":{"id":"application-manageresources-display-component---newResourceUnit--PLANNING_INDICATOR","interaction":{"idSuffix":"inner"}},"wdio_ui5_key":"applicationmanageresources-display-component---newResourceUnit--PLANNING_INDICATOR"}]}
RESULT: {"script":"<script> [1562 bytes]","args":[{"selector":{"id":"application-manageresources-display-component---newResourceUnit--PLANNING_INDICATOR","interaction":{"idSuffix":"inner"}},"wdio_ui5_key":"applicationmanageresources-display-component---newResourceUnit--PLANNING_INDICATOR"}]}
RESULT: undefined
COMMAND: POST /session/d4f675b322105372b3380f2dea3f05ac/execute/async - {"script":"<script> [776 bytes]","args":[{"enterText":"10 - infinite","selector":{"id":"application-manageresources-display-component---newResourceUnit--PLANNING_INDICATOR","interaction":{"idSuffix":"inner"}},"clearTextFirst":true,"interactionType":"ENTER_TEXT"}]}
RESULT: {"script":"<script> [776 bytes]","args":[{"enterText":"10 - infinite","selector":{"id":"application-manageresources-display-component---newResourceUnit--PLANNING_INDICATOR","interaction":{"idSuffix":"inner"}},"clearTextFirst":true,"interactionType":"ENTER_TEXT"}]}
COMMAND: POST /session/d4f675b322105372b3380f2dea3f05ac/element - {"using":"css selector","value":"#application-manageresources-display-component---newResourceUnit--btnAddTimeSegment"}
RESULT: {"using":"css selector","value":"#application-manageresources-display-component---newResourceUnit--btnAddTimeSegment"}
COMMAND: GET /session/d4f675b322105372b3380f2dea3f05ac/element/f.73BB2000E1F4E36FD864906F51978B2B.d.C15084718E663788F74ED881B2AD5223.e.5471/rect - {}
RESULT: {}
COMMAND: GET /session/d4f675b322105372b3380f2dea3f05ac/window/rect - {}
RESULT: {}
COMMAND: POST /session/d4f675b322105372b3380f2dea3f05ac/execute/sync - {"script":"<script> [92 bytes]","args":[]}
RESULT: {"script":"<script> [92 bytes]","args":[]}
COMMAND: POST /session/d4f675b322105372b3380f2dea3f05ac/actions - {"actions":[{"id":"action19","type":"wheel","parameters":{},"actions":[{"type":"scroll","x":-1888,"y":-32,"deltaX":0,"deltaY":0,"duration":0,"origin":{"element-6066-11e4-a52e-4f735466cecf":"f.73BB2000E1F4E36FD864906F51978B2B.d.C15084718E663788F74ED881B2AD5223.e.5471"}}]}]}
COMMAND: GET /session/d4f675b322105372b3380f2dea3f05ac/screenshot - {}
RESULT: {}
COMMAND: POST /session/d4f675b322105372b3380f2dea3f05ac/execute/sync - {"script":"<script> [79 bytes]","args":[{"element-6066-11e4-a52e-4f735466cecf":"f.73BB2000E1F4E36FD864906F51978B2B.d.C15084718E663788F74ED881B2AD5223.e.5471","ELEMENT":"f.73BB2000E1F4E36FD864906F51978B2B.d.C15084718E663788F74ED881B2AD5223.e.5471"},{"block":"start","inline":"nearest"}]}
RESULT: {"script":"<script> [79 bytes]","args":[{"element-6066-11e4-a52e-4f735466cecf":"f.73BB2000E1F4E36FD864906F51978B2B.d.C15084718E663788F74ED881B2AD5223.e.5471","ELEMENT":"f.73BB2000E1F4E36FD864906F51978B2B.d.C15084718E663788F74ED881B2AD5223.e.5471"},{"block":"start","inline":"nearest"}]}
COMMAND: POST /session/d4f675b322105372b3380f2dea3f05ac/execute/async - {"script":"<script> [1562 bytes]","args":[{"selector":{"id":"application-manageresources-display-component---newResourceUnit--btnAddTimeSegment","interaction":{"idSuffix":"inner"}},"wdio_ui5_key":"applicationmanageresources-display-component---newResourceUnit--btnAddTimeSegment"}]}
COMMAND: GET /session/d4f675b322105372b3380f2dea3f05ac/screenshot - {}
RESULT: {"script":"<script> [1562 bytes]","args":[{"selector":{"id":"application-manageresources-display-component---newResourceUnit--btnAddTimeSegment","interaction":{"idSuffix":"inner"}},"wdio_ui5_key":"applicationmanageresources-display-component---newResourceUnit--btnAddTimeSegment"}]}
RESULT: undefined
COMMAND: POST /session/d4f675b322105372b3380f2dea3f05ac/element - {"using":"xpath","value":"//*[@id=\"application-manageresources-display-component---newResourceUnit--btnAddTimeSegment\"]"}
RESULT: {}
RESULT: {"using":"xpath","value":"//*[@id=\"application-manageresources-display-component---newResourceUnit--btnAddTimeSegment\"]"}
COMMAND: POST /session/d4f675b322105372b3380f2dea3f05ac/element/f.73BB2000E1F4E36FD864906F51978B2B.d.C15084718E663788F74ED881B2AD5223.e.5471/click - {}
RESULT: {}
COMMAND: GET /session/d4f675b322105372b3380f2dea3f05ac/screenshot - {}
RESULT: {}
COMMAND: POST /session/d4f675b322105372b3380f2dea3f05ac/element - {"using":"xpath","value":"//input[@id=\"application-manageresources-display-component---newResourceUnit--idRuTSAdmin-application-manageresources-display-component---newResourceUnit--RUTimeSegment-0-inner\"]"}
RESULT: {"using":"xpath","value":"//input[@id=\"application-manageresources-display-component---newResourceUnit--idRuTSAdmin-application-manageresources-display-component---newResourceUnit--RUTimeSegment-0-inner\"]"}
COMMAND: POST /session/d4f675b322105372b3380f2dea3f05ac/element/f.73BB2000E1F4E36FD864906F51978B2B.d.C15084718E663788F74ED881B2AD5223.e.5476/clear - {}
RESULT: {}
COMMAND: POST /session/d4f675b322105372b3380f2dea3f05ac/element/f.73BB2000E1F4E36FD864906F51978B2B.d.C15084718E663788F74ED881B2AD5223.e.5476/value - {"text":"422"}
COMMAND: GET /session/d4f675b322105372b3380f2dea3f05ac/screenshot - {}
RESULT: {"text":"422"}
COMMAND: GET /session/d4f675b322105372b3380f2dea3f05ac/screenshot - {}
RESULT: {}
RESULT: {}
COMMAND: POST /session/d4f675b322105372b3380f2dea3f05ac/element - {"using":"xpath","value":"//li[.//span[text()='422']]"}
RESULT: {"using":"xpath","value":"//li[.//span[text()='422']]"}
COMMAND: POST /session/d4f675b322105372b3380f2dea3f05ac/element/f.73BB2000E1F4E36FD864906F51978B2B.d.C15084718E663788F74ED881B2AD5223.e.5485/click - {}
RESULT: {}
COMMAND: GET /session/d4f675b322105372b3380f2dea3f05ac/screenshot - {}
RESULT: {}
COMMAND: POST /session/d4f675b322105372b3380f2dea3f05ac/element - {"using":"xpath","value":"(//span[contains(@id, \"-application-manageresources-display-component---newResourceUnit--RUTimeSegment-0-arrow\")])[2]"}
RESULT: {"using":"xpath","value":"(//span[contains(@id, \"-application-manageresources-display-component---newResourceUnit--RUTimeSegment-0-arrow\")])[2]"}
COMMAND: POST /session/d4f675b322105372b3380f2dea3f05ac/element/f.73BB2000E1F4E36FD864906F51978B2B.d.C15084718E663788F74ED881B2AD5223.e.5486/click - {}
RESULT: {}
COMMAND: POST /session/d4f675b322105372b3380f2dea3f05ac/element - {"using":"xpath","value":"//span[contains(text(), \"PM Order\")]"}
COMMAND: GET /session/d4f675b322105372b3380f2dea3f05ac/screenshot - {}
RESULT: {"using":"xpath","value":"//span[contains(text(), \"PM Order\")]"}
COMMAND: POST /session/d4f675b322105372b3380f2dea3f05ac/element/f.73BB2000E1F4E36FD864906F51978B2B.d.C15084718E663788F74ED881B2AD5223.e.5487/click - {}
RESULT: {}
RESULT: {}
COMMAND: GET /session/d4f675b322105372b3380f2dea3f05ac/screenshot - {}
RESULT: {}
COMMAND: POST /session/d4f675b322105372b3380f2dea3f05ac/element - {"using":"xpath","value":"//td/div/div/div/span[contains(@id, \"newResourceUnit--RUTimeSegment-0-vhi\")][1]"}
RESULT: {"using":"xpath","value":"//td/div/div/div/span[contains(@id, \"newResourceUnit--RUTimeSegment-0-vhi\")][1]"}
COMMAND: GET /session/d4f675b322105372b3380f2dea3f05ac/element/f.73BB2000E1F4E36FD864906F51978B2B.d.C15084718E663788F74ED881B2AD5223.e.5491/rect - {}
RESULT: {}
COMMAND: GET /session/d4f675b322105372b3380f2dea3f05ac/window/rect - {}
RESULT: {}
COMMAND: POST /session/d4f675b322105372b3380f2dea3f05ac/execute/sync - {"script":"<script> [92 bytes]","args":[]}
RESULT: {"script":"<script> [92 bytes]","args":[]}
COMMAND: POST /session/d4f675b322105372b3380f2dea3f05ac/actions - {"actions":[{"id":"action20","type":"wheel","parameters":{},"actions":[{"type":"scroll","x":-1888,"y":-24,"deltaX":0,"deltaY":0,"duration":0,"origin":{"element-6066-11e4-a52e-4f735466cecf":"f.73BB2000E1F4E36FD864906F51978B2B.d.C15084718E663788F74ED881B2AD5223.e.5491"}}]}]}
COMMAND: GET /session/d4f675b322105372b3380f2dea3f05ac/screenshot - {}
RESULT: {}
COMMAND: POST /session/d4f675b322105372b3380f2dea3f05ac/execute/sync - {"script":"<script> [79 bytes]","args":[{"element-6066-11e4-a52e-4f735466cecf":"f.73BB2000E1F4E36FD864906F51978B2B.d.C15084718E663788F74ED881B2AD5223.e.5491","ELEMENT":"f.73BB2000E1F4E36FD864906F51978B2B.d.C15084718E663788F74ED881B2AD5223.e.5491"},{"block":"start","inline":"nearest"}]}
RESULT: {"script":"<script> [79 bytes]","args":[{"element-6066-11e4-a52e-4f735466cecf":"f.73BB2000E1F4E36FD864906F51978B2B.d.C15084718E663788F74ED881B2AD5223.e.5491","ELEMENT":"f.73BB2000E1F4E36FD864906F51978B2B.d.C15084718E663788F74ED881B2AD5223.e.5491"},{"block":"start","inline":"nearest"}]}
COMMAND: GET /session/d4f675b322105372b3380f2dea3f05ac/screenshot - {}
RESULT: {}
COMMAND: POST /session/d4f675b322105372b3380f2dea3f05ac/element/f.73BB2000E1F4E36FD864906F51978B2B.d.C15084718E663788F74ED881B2AD5223.e.5491/click - {}
RESULT: {}
COMMAND: GET /session/d4f675b322105372b3380f2dea3f05ac/screenshot - {}
RESULT: {}
COMMAND: POST /session/d4f675b322105372b3380f2dea3f05ac/execute/async - {"script":"<script> [1562 bytes]","args":[{"selector":{"controlType":"sap.m.SearchField","properties":{"placeholder":"Search"},"searchOpenDialogs":true,"interaction":{"idSuffix":"I"}},"wdio_ui5_key":"sapm.SearchField{\"placeholder\":\"Search\"}"}]}
RESULT: {"script":"<script> [1562 bytes]","args":[{"selector":{"controlType":"sap.m.SearchField","properties":{"placeholder":"Search"},"searchOpenDialogs":true,"interaction":{"idSuffix":"I"}},"wdio_ui5_key":"sapm.SearchField{\"placeholder\":\"Search\"}"}]}
RESULT: undefined
COMMAND: POST /session/d4f675b322105372b3380f2dea3f05ac/execute/async - {"script":"<script> [776 bytes]","args":[{"enterText":"4000360","selector":{"controlType":"sap.m.SearchField","properties":{"placeholder":"Search"},"searchOpenDialogs":true,"interaction":{"idSuffix":"I"}},"clearTextFirst":true,"interactionType":"ENTER_TEXT"}]}
RESULT: {"script":"<script> [776 bytes]","args":[{"enterText":"4000360","selector":{"controlType":"sap.m.SearchField","properties":{"placeholder":"Search"},"searchOpenDialogs":true,"interaction":{"idSuffix":"I"}},"clearTextFirst":true,"interactionType":"ENTER_TEXT"}]}
COMMAND: POST /session/d4f675b322105372b3380f2dea3f05ac/actions - {"actions":[{"id":"action21","type":"key","parameters":{},"actions":[{"type":"keyDown","value":""},{"type":"pause","duration":10},{"type":"keyUp","value":""}]}]}
RESULT: {"actions":[{"id":"action21","type":"key","parameters":{},"actions":[{"type":"keyDown","value":""},{"type":"pause","duration":10},{"type":"keyUp","value":""}]}]}
COMMAND: GET /session/d4f675b322105372b3380f2dea3f05ac/screenshot - {}
RESULT: {}
COMMAND: POST /session/d4f675b322105372b3380f2dea3f05ac/element - {"using":"xpath","value":"//td/div/span[contains(text(), \"BGL Vehicles\")]"}
RESULT: {"using":"xpath","value":"//td/div/span[contains(text(), \"BGL Vehicles\")]"}
COMMAND: POST /session/d4f675b322105372b3380f2dea3f05ac/element/f.73BB2000E1F4E36FD864906F51978B2B.d.C15084718E663788F74ED881B2AD5223.e.5512/click - {}
RESULT: {}
COMMAND: GET /session/d4f675b322105372b3380f2dea3f05ac/screenshot - {}
RESULT: {}
COMMAND: POST /session/d4f675b322105372b3380f2dea3f05ac/element - {"using":"xpath","value":"//bdi[contains(text(), \"OK\")]"}
RESULT: {"using":"xpath","value":"//bdi[contains(text(), \"OK\")]"}
COMMAND: POST /session/d4f675b322105372b3380f2dea3f05ac/element/f.73BB2000E1F4E36FD864906F51978B2B.d.C15084718E663788F74ED881B2AD5223.e.5513/click - {}
RESULT: {}
COMMAND: GET /session/d4f675b322105372b3380f2dea3f05ac/screenshot - {}
RESULT: {}
COMMAND: POST /session/d4f675b322105372b3380f2dea3f05ac/element - {"using":"xpath","value":"//label[contains(@class, 'sapMLabelRequired') and .//bdi[contains(text(), 'Planned Retirement')]]"}
RESULT: {"using":"xpath","value":"//label[contains(@class, 'sapMLabelRequired') and .//bdi[contains(text(), 'Planned Retirement')]]"}
COMMAND: POST /session/d4f675b322105372b3380f2dea3f05ac/elements - {"using":"xpath","value":"//label[contains(@class, 'sapMLabelRequired') and .//bdi[contains(text(), 'Planned Retirement')]]"}
RESULT: {"using":"xpath","value":"//label[contains(@class, 'sapMLabelRequired') and .//bdi[contains(text(), 'Planned Retirement')]]"}
COMMAND: POST /session/d4f675b322105372b3380f2dea3f05ac/element - {"using":"xpath","value":"//button[@data-kt=\"resourceUnitSaveButton\"]"}
RESULT: {"using":"xpath","value":"//button[@data-kt=\"resourceUnitSaveButton\"]"}
COMMAND: POST /session/d4f675b322105372b3380f2dea3f05ac/element/f.73BB2000E1F4E36FD864906F51978B2B.d.C15084718E663788F74ED881B2AD5223.e.5348/click - {}
RESULT: {}
COMMAND: GET /session/d4f675b322105372b3380f2dea3f05ac/screenshot - {}
RESULT: {}
COMMAND: POST /session/d4f675b322105372b3380f2dea3f05ac/element - {"using":"xpath","value":"//bdi[contains(text(), \"Close\")]"}
RESULT: {"using":"xpath","value":"//bdi[contains(text(), \"Close\")]"}
COMMAND: POST /session/d4f675b322105372b3380f2dea3f05ac/element/f.73BB2000E1F4E36FD864906F51978B2B.d.C15084718E663788F74ED881B2AD5223.e.5519/click - {}
RESULT: {}
COMMAND: GET /session/d4f675b322105372b3380f2dea3f05ac/screenshot - {}
RESULT: {}
COMMAND: POST /session/d4f675b322105372b3380f2dea3f05ac/element - {"using":"xpath","value":"//header[contains(@id, 'detailRruPage-headerTitle')]/div[1]/div[2]/div[2]/span[1]"}
RESULT: {"using":"xpath","value":"//header[contains(@id, 'detailRruPage-headerTitle')]/div[1]/div[2]/div[2]/span[1]"}
COMMAND: POST /session/d4f675b322105372b3380f2dea3f05ac/elements - {"using":"xpath","value":"//header[contains(@id, 'detailRruPage-headerTitle')]/div[1]/div[2]/div[2]/span[1]"}
RESULT: {"using":"xpath","value":"//header[contains(@id, 'detailRruPage-headerTitle')]/div[1]/div[2]/div[2]/span[1]"}
COMMAND: POST /session/d4f675b322105372b3380f2dea3f05ac/execute/sync - {"script":"<script> [56 bytes]","args":[{"element-6066-11e4-a52e-4f735466cecf":"f.73BB2000E1F4E36FD864906F51978B2B.d.C15084718E663788F74ED881B2AD5223.e.5549","ELEMENT":"f.73BB2000E1F4E36FD864906F51978B2B.d.C15084718E663788F74ED881B2AD5223.e.5549"}]}
RESULT: {"script":"<script> [56 bytes]","args":[{"element-6066-11e4-a52e-4f735466cecf":"f.73BB2000E1F4E36FD864906F51978B2B.d.C15084718E663788F74ED881B2AD5223.e.5549","ELEMENT":"f.73BB2000E1F4E36FD864906F51978B2B.d.C15084718E663788F74ED881B2AD5223.e.5549"}]}
COMMAND: POST /session/d4f675b322105372b3380f2dea3f05ac/element - {"using":"css selector","value":"#shell-header-logo"}
COMMAND: GET /session/d4f675b322105372b3380f2dea3f05ac/screenshot - {}
RESULT: {"using":"css selector","value":"#shell-header-logo"}
COMMAND: POST /session/d4f675b322105372b3380f2dea3f05ac/element/f.73BB2000E1F4E36FD864906F51978B2B.d.C15084718E663788F74ED881B2AD5223.e.4817/click - {}
RESULT: {}
RESULT: {}
COMMAND: GET /session/d4f675b322105372b3380f2dea3f05ac/screenshot - {}
RESULT: {}
]]></system-out>
    </testcase>
    <testcase classname="chrome.136_0_7103_93.windows.Provide_to_Site_w/_warehouse_management_w/_clarification_US115878" name="Bin Status Report Should Create New Organization yard" time="0.005"/>
    <testcase classname="chrome.136_0_7103_93.windows.Provide_to_Site_w/_warehouse_management_w/_clarification_US115878" name="Bin Status Report Should Create New Organization for Site" time="0.004"/>
  </testsuite>
  <testsuite timestamp="2025-05-28T16:32:56" time="471.735" tests="6" failures="0" errors="0" skipped="0">
    <properties>
      <property name="specId" value="0"/>
      <property name="suiteName" value="Provide to Site w/ warehouse management w clarification"/>
      <property name="capabilities" value="chrome.136_0_7103_93.windows"/>
      <property name="file" value="file:///D:/a/1/s/test/specs/HTR/provide-to-site-w-warehouse-w-clarification.spec.js"/>
    </properties>
    <testcase classname="chrome.136_0_7103_93.windows.Provide_to_Site_w/_warehouse_management_w_clarification" name="Should do a stock increase handover" time="89.745">
      <system-out><![CDATA[
COMMAND: POST /session/d4f675b322105372b3380f2dea3f05ac/execute/async - {"script":"<script> [1562 bytes]","args":[{"selector":{"controlType":"sap.m.GenericTile","properties":{"header":"Manage Handovers"}},"wdio_ui5_key":"sapm.GenericTile{\"header\":\"Manage Handovers\"}"}]}
RESULT: {"script":"<script> [1562 bytes]","args":[{"selector":{"controlType":"sap.m.GenericTile","properties":{"header":"Manage Handovers"}},"wdio_ui5_key":"sapm.GenericTile{\"header\":\"Manage Handovers\"}"}]}
RESULT: undefined
COMMAND: POST /session/d4f675b322105372b3380f2dea3f05ac/element - {"using":"xpath","value":"//*[@id=\"__tile133\"]"}
RESULT: {"using":"xpath","value":"//*[@id=\"__tile133\"]"}
COMMAND: POST /session/d4f675b322105372b3380f2dea3f05ac/element/f.73BB2000E1F4E36FD864906F51978B2B.d.C15084718E663788F74ED881B2AD5223.e.4866/click - {}
RESULT: {}
COMMAND: GET /session/d4f675b322105372b3380f2dea3f05ac/screenshot - {}
RESULT: {}
COMMAND: POST /session/d4f675b322105372b3380f2dea3f05ac/elements - {"using":"xpath","value":"//span[text()='Error']"}
RESULT: {"using":"xpath","value":"//span[text()='Error']"}
COMMAND: POST /session/d4f675b322105372b3380f2dea3f05ac/element - {"using":"xpath","value":"//button[@data-kt=\"masterHOAddButton\"]"}
RESULT: {"using":"xpath","value":"//button[@data-kt=\"masterHOAddButton\"]"}
COMMAND: POST /session/d4f675b322105372b3380f2dea3f05ac/elements - {"using":"xpath","value":"//button[@data-kt=\"masterHOAddButton\"]"}
RESULT: {"using":"xpath","value":"//button[@data-kt=\"masterHOAddButton\"]"}
COMMAND: POST /session/d4f675b322105372b3380f2dea3f05ac/elements - {"using":"xpath","value":"//button[@data-kt=\"masterHOAddButton\"]"}
RESULT: {"using":"xpath","value":"//button[@data-kt=\"masterHOAddButton\"]"}
COMMAND: POST /session/d4f675b322105372b3380f2dea3f05ac/element - {"using":"xpath","value":"//button[@data-kt=\"masterHOAddButton\"]"}
RESULT: {"using":"xpath","value":"//button[@data-kt=\"masterHOAddButton\"]"}
COMMAND: POST /session/d4f675b322105372b3380f2dea3f05ac/execute/sync - {"script":"<script> [8489 bytes]","args":[{"element-6066-11e4-a52e-4f735466cecf":"f.73BB2000E1F4E36FD864906F51978B2B.d.C15084718E663788F74ED881B2AD5223.e.5588","ELEMENT":"f.73BB2000E1F4E36FD864906F51978B2B.d.C15084718E663788F74ED881B2AD5223.e.5588"}]}
RESULT: {"script":"<script> [8489 bytes]","args":[{"element-6066-11e4-a52e-4f735466cecf":"f.73BB2000E1F4E36FD864906F51978B2B.d.C15084718E663788F74ED881B2AD5223.e.5588","ELEMENT":"f.73BB2000E1F4E36FD864906F51978B2B.d.C15084718E663788F74ED881B2AD5223.e.5588"}]}
COMMAND: GET /session/d4f675b322105372b3380f2dea3f05ac/element/f.73BB2000E1F4E36FD864906F51978B2B.d.C15084718E663788F74ED881B2AD5223.e.5588/enabled - {}
COMMAND: GET /session/d4f675b322105372b3380f2dea3f05ac/screenshot - {}
RESULT: {}
COMMAND: POST /session/d4f675b322105372b3380f2dea3f05ac/execute/sync - {"script":"<script> [8489 bytes]","args":[{"element-6066-11e4-a52e-4f735466cecf":"f.73BB2000E1F4E36FD864906F51978B2B.d.C15084718E663788F74ED881B2AD5223.e.5588","ELEMENT":"f.73BB2000E1F4E36FD864906F51978B2B.d.C15084718E663788F74ED881B2AD5223.e.5588"}]}
COMMAND: GET /session/d4f675b322105372b3380f2dea3f05ac/screenshot - {}
RESULT: {}
RESULT: {"script":"<script> [8489 bytes]","args":[{"element-6066-11e4-a52e-4f735466cecf":"f.73BB2000E1F4E36FD864906F51978B2B.d.C15084718E663788F74ED881B2AD5223.e.5588","ELEMENT":"f.73BB2000E1F4E36FD864906F51978B2B.d.C15084718E663788F74ED881B2AD5223.e.5588"}]}
COMMAND: POST /session/d4f675b322105372b3380f2dea3f05ac/execute/sync - {"script":"<script> [5351 bytes]","args":[{"element-6066-11e4-a52e-4f735466cecf":"f.73BB2000E1F4E36FD864906F51978B2B.d.C15084718E663788F74ED881B2AD5223.e.5588","ELEMENT":"f.73BB2000E1F4E36FD864906F51978B2B.d.C15084718E663788F74ED881B2AD5223.e.5588"}]}
COMMAND: GET /session/d4f675b322105372b3380f2dea3f05ac/screenshot - {}
RESULT: {}
RESULT: {"script":"<script> [5351 bytes]","args":[{"element-6066-11e4-a52e-4f735466cecf":"f.73BB2000E1F4E36FD864906F51978B2B.d.C15084718E663788F74ED881B2AD5223.e.5588","ELEMENT":"f.73BB2000E1F4E36FD864906F51978B2B.d.C15084718E663788F74ED881B2AD5223.e.5588"}]}
COMMAND: POST /session/d4f675b322105372b3380f2dea3f05ac/element/f.73BB2000E1F4E36FD864906F51978B2B.d.C15084718E663788F74ED881B2AD5223.e.5588/click - {}
COMMAND: GET /session/d4f675b322105372b3380f2dea3f05ac/screenshot - {}
RESULT: {}
RESULT: {}
COMMAND: GET /session/d4f675b322105372b3380f2dea3f05ac/screenshot - {}
RESULT: {}
RESULT: {}
COMMAND: POST /session/d4f675b322105372b3380f2dea3f05ac/element - {"using":"xpath","value":"//span[contains(@id ,\"AddNewHO--typeSelect-arrow\")]"}
RESULT: {"using":"xpath","value":"//span[contains(@id ,\"AddNewHO--typeSelect-arrow\")]"}
COMMAND: POST /session/d4f675b322105372b3380f2dea3f05ac/element/f.73BB2000E1F4E36FD864906F51978B2B.d.C15084718E663788F74ED881B2AD5223.e.5944/click - {}
RESULT: {}
COMMAND: GET /session/d4f675b322105372b3380f2dea3f05ac/screenshot - {}
RESULT: {}
COMMAND: POST /session/d4f675b322105372b3380f2dea3f05ac/element - {"using":"xpath","value":"(//li[contains(text(), \"stock increase yard\")])[1]"}
RESULT: {"using":"xpath","value":"(//li[contains(text(), \"stock increase yard\")])[1]"}
COMMAND: POST /session/d4f675b322105372b3380f2dea3f05ac/element/f.73BB2000E1F4E36FD864906F51978B2B.d.C15084718E663788F74ED881B2AD5223.e.5945/click - {}
RESULT: {}
COMMAND: GET /session/d4f675b322105372b3380f2dea3f05ac/screenshot - {}
RESULT: {}
COMMAND: POST /session/d4f675b322105372b3380f2dea3f05ac/execute/async - {"script":"<script> [1562 bytes]","args":[{"selector":{"id":"application-managehandovers-display-component---AddNewHO--dueDate","interaction":{"idSuffix":"inner"}},"wdio_ui5_key":"applicationmanagehandovers-display-component---AddNewHO--dueDate"}]}
RESULT: {"script":"<script> [1562 bytes]","args":[{"selector":{"id":"application-managehandovers-display-component---AddNewHO--dueDate","interaction":{"idSuffix":"inner"}},"wdio_ui5_key":"applicationmanagehandovers-display-component---AddNewHO--dueDate"}]}
RESULT: undefined
COMMAND: POST /session/d4f675b322105372b3380f2dea3f05ac/execute/async - {"script":"<script> [6424 bytes]","args":[{"element-6066-11e4-a52e-4f735466cecf":"f.73BB2000E1F4E36FD864906F51978B2B.d.C15084718E663788F74ED881B2AD5223.e.5947"},"setValue",["5/28/25"]]}
RESULT: {"script":"<script> [6424 bytes]","args":[{"element-6066-11e4-a52e-4f735466cecf":"f.73BB2000E1F4E36FD864906F51978B2B.d.C15084718E663788F74ED881B2AD5223.e.5947"},"setValue",["5/28/25"]]}
COMMAND: POST /session/d4f675b322105372b3380f2dea3f05ac/element - {"using":"xpath","value":"//input[@id=\"generalSectionFrg--receiveYard-inner\"]"}
RESULT: {"using":"xpath","value":"//input[@id=\"generalSectionFrg--receiveYard-inner\"]"}
COMMAND: POST /session/d4f675b322105372b3380f2dea3f05ac/element/f.73BB2000E1F4E36FD864906F51978B2B.d.C15084718E663788F74ED881B2AD5223.e.5953/clear - {}
RESULT: {}
COMMAND: POST /session/d4f675b322105372b3380f2dea3f05ac/element/f.73BB2000E1F4E36FD864906F51978B2B.d.C15084718E663788F74ED881B2AD5223.e.5953/value - {"text":"422"}
COMMAND: GET /session/d4f675b322105372b3380f2dea3f05ac/screenshot - {}
RESULT: {"text":"422"}
COMMAND: GET /session/d4f675b322105372b3380f2dea3f05ac/screenshot - {}
RESULT: {}
RESULT: {}
COMMAND: POST /session/d4f675b322105372b3380f2dea3f05ac/element - {"using":"xpath","value":"//li[.//span[text()='422']]"}
RESULT: {"using":"xpath","value":"//li[.//span[text()='422']]"}
COMMAND: POST /session/d4f675b322105372b3380f2dea3f05ac/element/f.73BB2000E1F4E36FD864906F51978B2B.d.C15084718E663788F74ED881B2AD5223.e.5971/click - {}
RESULT: {}
COMMAND: GET /session/d4f675b322105372b3380f2dea3f05ac/screenshot - {}
RESULT: {}
COMMAND: POST /session/d4f675b322105372b3380f2dea3f05ac/execute/async - {"script":"<script> [1562 bytes]","args":[{"selector":{"id":"application-managehandovers-display-component---AddNewHO--ObjectPageLayout-anchBar-application-managehandovers-display-component---AddNewHO--section4-anchor","interaction":{"idSuffix":"BDI-content"}},"wdio_ui5_key":"applicationmanagehandovers-display-component---AddNewHO--ObjectPageLayout-anchBar-application-managehandovers-display-component---AddNewHO--section4-anchor"}]}
RESULT: {"script":"<script> [1562 bytes]","args":[{"selector":{"id":"application-managehandovers-display-component---AddNewHO--ObjectPageLayout-anchBar-application-managehandovers-display-component---AddNewHO--section4-anchor","interaction":{"idSuffix":"BDI-content"}},"wdio_ui5_key":"applicationmanagehandovers-display-component---AddNewHO--ObjectPageLayout-anchBar-application-managehandovers-display-component---AddNewHO--section4-anchor"}]}
RESULT: undefined
COMMAND: POST /session/d4f675b322105372b3380f2dea3f05ac/element - {"using":"xpath","value":"//*[@id=\"application-managehandovers-display-component---AddNewHO--ObjectPageLayout-anchBar-application-managehandovers-display-component---AddNewHO--section4-anchor\"]"}
RESULT: {"using":"xpath","value":"//*[@id=\"application-managehandovers-display-component---AddNewHO--ObjectPageLayout-anchBar-application-managehandovers-display-component---AddNewHO--section4-anchor\"]"}
COMMAND: POST /session/d4f675b322105372b3380f2dea3f05ac/element/f.73BB2000E1F4E36FD864906F51978B2B.d.C15084718E663788F74ED881B2AD5223.e.5973/click - {}
RESULT: {}
COMMAND: POST /session/d4f675b322105372b3380f2dea3f05ac/element - {"using":"xpath","value":"//button[@aria-label=\"Add\"]"}
COMMAND: GET /session/d4f675b322105372b3380f2dea3f05ac/screenshot - {}
RESULT: {"using":"xpath","value":"//button[@aria-label=\"Add\"]"}
COMMAND: POST /session/d4f675b322105372b3380f2dea3f05ac/element/f.73BB2000E1F4E36FD864906F51978B2B.d.C15084718E663788F74ED881B2AD5223.e.5975/click - {}
RESULT: {}
RESULT: {}
COMMAND: GET /session/d4f675b322105372b3380f2dea3f05ac/screenshot - {}
RESULT: {}
COMMAND: POST /session/d4f675b322105372b3380f2dea3f05ac/execute/async - {"script":"<script> [1562 bytes]","args":[{"selector":{"id":"application-managehandovers-display-component---AddNewHO--smartFilterBar-btnBasicSearch","searchOpenDialogs":true,"interaction":{"idSuffix":"I"}},"wdio_ui5_key":"applicationmanagehandovers-display-component---AddNewHO--smartFilterBar-btnBasicSearch"}]}
RESULT: {"script":"<script> [1562 bytes]","args":[{"selector":{"id":"application-managehandovers-display-component---AddNewHO--smartFilterBar-btnBasicSearch","searchOpenDialogs":true,"interaction":{"idSuffix":"I"}},"wdio_ui5_key":"applicationmanagehandovers-display-component---AddNewHO--smartFilterBar-btnBasicSearch"}]}
RESULT: undefined
COMMAND: POST /session/d4f675b322105372b3380f2dea3f05ac/execute/async - {"script":"<script> [776 bytes]","args":[{"enterText":"200232","selector":{"id":"application-managehandovers-display-component---AddNewHO--smartFilterBar-btnBasicSearch","searchOpenDialogs":true,"interaction":{"idSuffix":"I"}},"clearTextFirst":true,"interactionType":"ENTER_TEXT"}]}
RESULT: {"script":"<script> [776 bytes]","args":[{"enterText":"200232","selector":{"id":"application-managehandovers-display-component---AddNewHO--smartFilterBar-btnBasicSearch","searchOpenDialogs":true,"interaction":{"idSuffix":"I"}},"clearTextFirst":true,"interactionType":"ENTER_TEXT"}]}
COMMAND: POST /session/d4f675b322105372b3380f2dea3f05ac/actions - {"actions":[{"id":"action22","type":"key","parameters":{},"actions":[{"type":"keyDown","value":""},{"type":"pause","duration":10},{"type":"keyUp","value":""}]}]}
RESULT: {"actions":[{"id":"action22","type":"key","parameters":{},"actions":[{"type":"keyDown","value":""},{"type":"pause","duration":10},{"type":"keyUp","value":""}]}]}
COMMAND: GET /session/d4f675b322105372b3380f2dea3f05ac/screenshot - {}
RESULT: {}
COMMAND: POST /session/d4f675b322105372b3380f2dea3f05ac/execute/async - {"script":"<script> [1562 bytes]","args":[{"selector":{"id":"application-managehandovers-display-component---AddNewHO--popup-sa","searchOpenDialogs":true,"interaction":{"idSuffix":"CbBg"}},"wdio_ui5_key":"applicationmanagehandovers-display-component---AddNewHO--popup-sa"}]}
RESULT: {"script":"<script> [1562 bytes]","args":[{"selector":{"id":"application-managehandovers-display-component---AddNewHO--popup-sa","searchOpenDialogs":true,"interaction":{"idSuffix":"CbBg"}},"wdio_ui5_key":"applicationmanagehandovers-display-component---AddNewHO--popup-sa"}]}
RESULT: undefined
COMMAND: POST /session/d4f675b322105372b3380f2dea3f05ac/element - {"using":"xpath","value":"//*[@id=\"application-managehandovers-display-component---AddNewHO--popup-sa\"]"}
RESULT: {"using":"xpath","value":"//*[@id=\"application-managehandovers-display-component---AddNewHO--popup-sa\"]"}
COMMAND: POST /session/d4f675b322105372b3380f2dea3f05ac/element/f.73BB2000E1F4E36FD864906F51978B2B.d.C15084718E663788F74ED881B2AD5223.e.6129/click - {}
RESULT: {}
COMMAND: GET /session/d4f675b322105372b3380f2dea3f05ac/screenshot - {}
RESULT: {}
COMMAND: POST /session/d4f675b322105372b3380f2dea3f05ac/element - {"using":"xpath","value":"//bdi[contains(text(), \"Select\")]"}
RESULT: {"using":"xpath","value":"//bdi[contains(text(), \"Select\")]"}
COMMAND: POST /session/d4f675b322105372b3380f2dea3f05ac/element/f.73BB2000E1F4E36FD864906F51978B2B.d.C15084718E663788F74ED881B2AD5223.e.6130/click - {}
RESULT: {}
COMMAND: GET /session/d4f675b322105372b3380f2dea3f05ac/screenshot - {}
RESULT: {}
COMMAND: POST /session/d4f675b322105372b3380f2dea3f05ac/element - {"using":"xpath","value":"//button[@data-kt=\"AddNewHOSaveButton\"]"}
RESULT: {"using":"xpath","value":"//button[@data-kt=\"AddNewHOSaveButton\"]"}
COMMAND: POST /session/d4f675b322105372b3380f2dea3f05ac/element/f.73BB2000E1F4E36FD864906F51978B2B.d.C15084718E663788F74ED881B2AD5223.e.6134/click - {}
RESULT: {}
COMMAND: GET /session/d4f675b322105372b3380f2dea3f05ac/screenshot - {}
RESULT: {}
COMMAND: POST /session/d4f675b322105372b3380f2dea3f05ac/execute/async - {"script":"<script> [1562 bytes]","args":[{"selector":{"id":"receiptDatePicker","viewName":"etm.portal.ui.managehandovers.view.DetailExecuteHO","interaction":{"idSuffix":"inner"}},"wdio_ui5_key":"receiptDatePickeretmportal.ui.managehandovers.view.DetailExecuteHO"}]}
RESULT: {"script":"<script> [1562 bytes]","args":[{"selector":{"id":"receiptDatePicker","viewName":"etm.portal.ui.managehandovers.view.DetailExecuteHO","interaction":{"idSuffix":"inner"}},"wdio_ui5_key":"receiptDatePickeretmportal.ui.managehandovers.view.DetailExecuteHO"}]}
RESULT: undefined
COMMAND: POST /session/d4f675b322105372b3380f2dea3f05ac/execute/async - {"script":"<script> [6424 bytes]","args":[{"element-6066-11e4-a52e-4f735466cecf":"f.73BB2000E1F4E36FD864906F51978B2B.d.C15084718E663788F74ED881B2AD5223.e.6166"},"setValue",["5/28/25"]]}
RESULT: {"script":"<script> [6424 bytes]","args":[{"element-6066-11e4-a52e-4f735466cecf":"f.73BB2000E1F4E36FD864906F51978B2B.d.C15084718E663788F74ED881B2AD5223.e.6166"},"setValue",["5/28/25"]]}
COMMAND: POST /session/d4f675b322105372b3380f2dea3f05ac/element - {"using":"xpath","value":"//button[@data-kt=\"ReceivingTableConfirmAllButton\"]"}
RESULT: {"using":"xpath","value":"//button[@data-kt=\"ReceivingTableConfirmAllButton\"]"}
COMMAND: POST /session/d4f675b322105372b3380f2dea3f05ac/element/f.73BB2000E1F4E36FD864906F51978B2B.d.C15084718E663788F74ED881B2AD5223.e.6183/click - {}
RESULT: {}
COMMAND: GET /session/d4f675b322105372b3380f2dea3f05ac/screenshot - {}
RESULT: {}
COMMAND: POST /session/d4f675b322105372b3380f2dea3f05ac/element - {"using":"xpath","value":"//bdi[contains(text(), \"OK\")]"}
RESULT: {"using":"xpath","value":"//bdi[contains(text(), \"OK\")]"}
COMMAND: POST /session/d4f675b322105372b3380f2dea3f05ac/element/f.73BB2000E1F4E36FD864906F51978B2B.d.C15084718E663788F74ED881B2AD5223.e.6185/click - {}
RESULT: {}
COMMAND: GET /session/d4f675b322105372b3380f2dea3f05ac/screenshot - {}
RESULT: {}
COMMAND: POST /session/d4f675b322105372b3380f2dea3f05ac/element - {"using":"xpath","value":"(//bdi[contains(text(), \"Receive\")])[2]"}
RESULT: {"using":"xpath","value":"(//bdi[contains(text(), \"Receive\")])[2]"}
COMMAND: POST /session/d4f675b322105372b3380f2dea3f05ac/element/f.73BB2000E1F4E36FD864906F51978B2B.d.C15084718E663788F74ED881B2AD5223.e.6187/click - {}
RESULT: {}
COMMAND: GET /session/d4f675b322105372b3380f2dea3f05ac/screenshot - {}
RESULT: {}
COMMAND: POST /session/d4f675b322105372b3380f2dea3f05ac/element - {"using":"css selector","value":"#shell-header-logo"}
RESULT: {"using":"css selector","value":"#shell-header-logo"}
COMMAND: POST /session/d4f675b322105372b3380f2dea3f05ac/element/f.73BB2000E1F4E36FD864906F51978B2B.d.C15084718E663788F74ED881B2AD5223.e.5554/click - {}
RESULT: {}
COMMAND: GET /session/d4f675b322105372b3380f2dea3f05ac/screenshot - {}
RESULT: {}
]]></system-out>
    </testcase>
    <testcase classname="chrome.136_0_7103_93.windows.Provide_to_Site_w/_warehouse_management_w_clarification" name="Should create a new contract" time="59.397">
      <system-out><![CDATA[
COMMAND: POST /session/d4f675b322105372b3380f2dea3f05ac/execute/async - {"script":"<script> [1562 bytes]","args":[{"selector":{"controlType":"sap.m.GenericTile","properties":{"header":"Manage Contracts"}},"wdio_ui5_key":"sapm.GenericTile{\"header\":\"Manage Contracts\"}"}]}
RESULT: {"script":"<script> [1562 bytes]","args":[{"selector":{"controlType":"sap.m.GenericTile","properties":{"header":"Manage Contracts"}},"wdio_ui5_key":"sapm.GenericTile{\"header\":\"Manage Contracts\"}"}]}
RESULT: undefined
COMMAND: POST /session/d4f675b322105372b3380f2dea3f05ac/element - {"using":"xpath","value":"//*[@id=\"__tile130\"]"}
RESULT: {"using":"xpath","value":"//*[@id=\"__tile130\"]"}
COMMAND: POST /session/d4f675b322105372b3380f2dea3f05ac/element/f.73BB2000E1F4E36FD864906F51978B2B.d.C15084718E663788F74ED881B2AD5223.e.4855/click - {}
RESULT: {}
COMMAND: GET /session/d4f675b322105372b3380f2dea3f05ac/screenshot - {}
RESULT: {}
COMMAND: POST /session/d4f675b322105372b3380f2dea3f05ac/elements - {"using":"xpath","value":"//span[text()='Error']"}
RESULT: {"using":"xpath","value":"//span[text()='Error']"}
COMMAND: POST /session/d4f675b322105372b3380f2dea3f05ac/element - {"using":"xpath","value":"//button[@data-kt=\"addButton\"]"}
RESULT: {"using":"xpath","value":"//button[@data-kt=\"addButton\"]"}
COMMAND: POST /session/d4f675b322105372b3380f2dea3f05ac/elements - {"using":"xpath","value":"//button[@data-kt=\"addButton\"]"}
RESULT: {"using":"xpath","value":"//button[@data-kt=\"addButton\"]"}
COMMAND: POST /session/d4f675b322105372b3380f2dea3f05ac/execute/sync - {"script":"<script> [8489 bytes]","args":[{"element-6066-11e4-a52e-4f735466cecf":"f.73BB2000E1F4E36FD864906F51978B2B.d.C15084718E663788F74ED881B2AD5223.e.6520","ELEMENT":"f.73BB2000E1F4E36FD864906F51978B2B.d.C15084718E663788F74ED881B2AD5223.e.6520"}]}
RESULT: {"script":"<script> [8489 bytes]","args":[{"element-6066-11e4-a52e-4f735466cecf":"f.73BB2000E1F4E36FD864906F51978B2B.d.C15084718E663788F74ED881B2AD5223.e.6520","ELEMENT":"f.73BB2000E1F4E36FD864906F51978B2B.d.C15084718E663788F74ED881B2AD5223.e.6520"}]}
COMMAND: GET /session/d4f675b322105372b3380f2dea3f05ac/element/f.73BB2000E1F4E36FD864906F51978B2B.d.C15084718E663788F74ED881B2AD5223.e.6520/enabled - {}
COMMAND: GET /session/d4f675b322105372b3380f2dea3f05ac/screenshot - {}
RESULT: {}
COMMAND: POST /session/d4f675b322105372b3380f2dea3f05ac/execute/sync - {"script":"<script> [8489 bytes]","args":[{"element-6066-11e4-a52e-4f735466cecf":"f.73BB2000E1F4E36FD864906F51978B2B.d.C15084718E663788F74ED881B2AD5223.e.6520","ELEMENT":"f.73BB2000E1F4E36FD864906F51978B2B.d.C15084718E663788F74ED881B2AD5223.e.6520"}]}
COMMAND: GET /session/d4f675b322105372b3380f2dea3f05ac/screenshot - {}
RESULT: {}
RESULT: {"script":"<script> [8489 bytes]","args":[{"element-6066-11e4-a52e-4f735466cecf":"f.73BB2000E1F4E36FD864906F51978B2B.d.C15084718E663788F74ED881B2AD5223.e.6520","ELEMENT":"f.73BB2000E1F4E36FD864906F51978B2B.d.C15084718E663788F74ED881B2AD5223.e.6520"}]}
COMMAND: POST /session/d4f675b322105372b3380f2dea3f05ac/execute/sync - {"script":"<script> [5351 bytes]","args":[{"element-6066-11e4-a52e-4f735466cecf":"f.73BB2000E1F4E36FD864906F51978B2B.d.C15084718E663788F74ED881B2AD5223.e.6520","ELEMENT":"f.73BB2000E1F4E36FD864906F51978B2B.d.C15084718E663788F74ED881B2AD5223.e.6520"}]}
COMMAND: GET /session/d4f675b322105372b3380f2dea3f05ac/screenshot - {}
RESULT: {}
RESULT: {"script":"<script> [5351 bytes]","args":[{"element-6066-11e4-a52e-4f735466cecf":"f.73BB2000E1F4E36FD864906F51978B2B.d.C15084718E663788F74ED881B2AD5223.e.6520","ELEMENT":"f.73BB2000E1F4E36FD864906F51978B2B.d.C15084718E663788F74ED881B2AD5223.e.6520"}]}
COMMAND: GET /session/d4f675b322105372b3380f2dea3f05ac/screenshot - {}
RESULT: {}
RESULT: {}
COMMAND: POST /session/d4f675b322105372b3380f2dea3f05ac/element/f.73BB2000E1F4E36FD864906F51978B2B.d.C15084718E663788F74ED881B2AD5223.e.6520/click - {}
RESULT: {}
COMMAND: GET /session/d4f675b322105372b3380f2dea3f05ac/screenshot - {}
COMMAND: POST /session/d4f675b322105372b3380f2dea3f05ac/execute/async - {"script":"<script> [1562 bytes]","args":[{"selector":{"id":"application-managecontracts-display-component---AddNewContract--projectDescription","interaction":{"idSuffix":"inner"}},"wdio_ui5_key":"applicationmanagecontracts-display-component---AddNewContract--projectDescription"}]}
RESULT: {}
RESULT: {"script":"<script> [1562 bytes]","args":[{"selector":{"id":"application-managecontracts-display-component---AddNewContract--projectDescription","interaction":{"idSuffix":"inner"}},"wdio_ui5_key":"applicationmanagecontracts-display-component---AddNewContract--projectDescription"}]}
RESULT: undefined
COMMAND: POST /session/d4f675b322105372b3380f2dea3f05ac/execute/async - {"script":"<script> [776 bytes]","args":[{"enterText":"Contract WDIO","selector":{"id":"application-managecontracts-display-component---AddNewContract--projectDescription","interaction":{"idSuffix":"inner"}},"clearTextFirst":true,"interactionType":"ENTER_TEXT"}]}
RESULT: {"script":"<script> [776 bytes]","args":[{"enterText":"Contract WDIO","selector":{"id":"application-managecontracts-display-component---AddNewContract--projectDescription","interaction":{"idSuffix":"inner"}},"clearTextFirst":true,"interactionType":"ENTER_TEXT"}]}
COMMAND: POST /session/d4f675b322105372b3380f2dea3f05ac/element - {"using":"xpath","value":"//input[@id=\"application-managecontracts-display-component---AddNewContract--site-inner\"]"}
RESULT: {"using":"xpath","value":"//input[@id=\"application-managecontracts-display-component---AddNewContract--site-inner\"]"}
COMMAND: POST /session/d4f675b322105372b3380f2dea3f05ac/element/f.73BB2000E1F4E36FD864906F51978B2B.d.C15084718E663788F74ED881B2AD5223.e.6838/clear - {}
RESULT: {}
COMMAND: POST /session/d4f675b322105372b3380f2dea3f05ac/element/f.73BB2000E1F4E36FD864906F51978B2B.d.C15084718E663788F74ED881B2AD5223.e.6838/value - {"text":"2204"}
COMMAND: GET /session/d4f675b322105372b3380f2dea3f05ac/screenshot - {}
RESULT: {"text":"2204"}
COMMAND: GET /session/d4f675b322105372b3380f2dea3f05ac/screenshot - {}
RESULT: {}
RESULT: {}
COMMAND: POST /session/d4f675b322105372b3380f2dea3f05ac/element - {"using":"xpath","value":"//li[.//span[text()='2204']]"}
RESULT: {"using":"xpath","value":"//li[.//span[text()='2204']]"}
COMMAND: POST /session/d4f675b322105372b3380f2dea3f05ac/element/f.73BB2000E1F4E36FD864906F51978B2B.d.C15084718E663788F74ED881B2AD5223.e.6921/click - {}
RESULT: {}
COMMAND: GET /session/d4f675b322105372b3380f2dea3f05ac/screenshot - {}
RESULT: {}
COMMAND: POST /session/d4f675b322105372b3380f2dea3f05ac/element - {"using":"xpath","value":"//input[@id=\"application-managecontracts-display-component---AddNewContract--yardId-inner\"]"}
RESULT: {"using":"xpath","value":"//input[@id=\"application-managecontracts-display-component---AddNewContract--yardId-inner\"]"}
COMMAND: GET /session/d4f675b322105372b3380f2dea3f05ac/element/f.73BB2000E1F4E36FD864906F51978B2B.d.C15084718E663788F74ED881B2AD5223.e.6839/property/value - {}
RESULT: {}
COMMAND: POST /session/d4f675b322105372b3380f2dea3f05ac/element - {"using":"xpath","value":"//input[@id=\"application-managecontracts-display-component---AddNewContract--customerSelect-inner\"]"}
COMMAND: GET /session/d4f675b322105372b3380f2dea3f05ac/screenshot - {}
RESULT: {"using":"xpath","value":"//input[@id=\"application-managecontracts-display-component---AddNewContract--customerSelect-inner\"]"}
COMMAND: POST /session/d4f675b322105372b3380f2dea3f05ac/element/f.73BB2000E1F4E36FD864906F51978B2B.d.C15084718E663788F74ED881B2AD5223.e.6837/clear - {}
RESULT: {}
RESULT: {}
COMMAND: POST /session/d4f675b322105372b3380f2dea3f05ac/element/f.73BB2000E1F4E36FD864906F51978B2B.d.C15084718E663788F74ED881B2AD5223.e.6837/value - {"text":"1235"}
COMMAND: GET /session/d4f675b322105372b3380f2dea3f05ac/screenshot - {}
RESULT: {"text":"1235"}
COMMAND: GET /session/d4f675b322105372b3380f2dea3f05ac/screenshot - {}
RESULT: {}
RESULT: {}
COMMAND: POST /session/d4f675b322105372b3380f2dea3f05ac/element - {"using":"xpath","value":"//li[.//span[text()='1235']]"}
RESULT: {"using":"xpath","value":"//li[.//span[text()='1235']]"}
COMMAND: POST /session/d4f675b322105372b3380f2dea3f05ac/element/f.73BB2000E1F4E36FD864906F51978B2B.d.C15084718E663788F74ED881B2AD5223.e.6924/click - {}
RESULT: {}
COMMAND: GET /session/d4f675b322105372b3380f2dea3f05ac/screenshot - {}
RESULT: {}
COMMAND: POST /session/d4f675b322105372b3380f2dea3f05ac/element - {"using":"xpath","value":"//button[@data-kt=\"saveButton\"]"}
RESULT: {"using":"xpath","value":"//button[@data-kt=\"saveButton\"]"}
COMMAND: POST /session/d4f675b322105372b3380f2dea3f05ac/element/f.73BB2000E1F4E36FD864906F51978B2B.d.C15084718E663788F74ED881B2AD5223.e.6912/click - {}
RESULT: {}
COMMAND: GET /session/d4f675b322105372b3380f2dea3f05ac/screenshot - {}
RESULT: {}
COMMAND: POST /session/d4f675b322105372b3380f2dea3f05ac/element - {"using":"xpath","value":"//span[contains(@id ,\"contractDetailTitleNoExpanded\")]"}
RESULT: {"using":"xpath","value":"//span[contains(@id ,\"contractDetailTitleNoExpanded\")]"}
COMMAND: POST /session/d4f675b322105372b3380f2dea3f05ac/elements - {"using":"xpath","value":"//span[contains(@id ,\"contractDetailTitleNoExpanded\")]"}
RESULT: {"using":"xpath","value":"//span[contains(@id ,\"contractDetailTitleNoExpanded\")]"}
COMMAND: POST /session/d4f675b322105372b3380f2dea3f05ac/execute/sync - {"script":"<script> [56 bytes]","args":[{"element-6066-11e4-a52e-4f735466cecf":"f.73BB2000E1F4E36FD864906F51978B2B.d.C15084718E663788F74ED881B2AD5223.e.6996","ELEMENT":"f.73BB2000E1F4E36FD864906F51978B2B.d.C15084718E663788F74ED881B2AD5223.e.6996"}]}
RESULT: {"script":"<script> [56 bytes]","args":[{"element-6066-11e4-a52e-4f735466cecf":"f.73BB2000E1F4E36FD864906F51978B2B.d.C15084718E663788F74ED881B2AD5223.e.6996","ELEMENT":"f.73BB2000E1F4E36FD864906F51978B2B.d.C15084718E663788F74ED881B2AD5223.e.6996"}]}
COMMAND: GET /session/d4f675b322105372b3380f2dea3f05ac/screenshot - {}
RESULT: {}
]]></system-out>
    </testcase>
    <testcase classname="chrome.136_0_7103_93.windows.Provide_to_Site_w/_warehouse_management_w_clarification" name="Should add equipment to the contract" time="57.502">
      <system-out><![CDATA[
COMMAND: POST /session/d4f675b322105372b3380f2dea3f05ac/element - {"using":"xpath","value":"//button[@data-kt=\"contractDetailEditBtnButton\"]"}
RESULT: {"using":"xpath","value":"//button[@data-kt=\"contractDetailEditBtnButton\"]"}
COMMAND: POST /session/d4f675b322105372b3380f2dea3f05ac/element/f.73BB2000E1F4E36FD864906F51978B2B.d.C15084718E663788F74ED881B2AD5223.e.6998/click - {}
RESULT: {}
COMMAND: GET /session/d4f675b322105372b3380f2dea3f05ac/screenshot - {}
RESULT: {}
COMMAND: POST /session/d4f675b322105372b3380f2dea3f05ac/element - {"using":"xpath","value":"(//span[contains(text(), \"Additional Addresses\")])[2]"}
RESULT: {"using":"xpath","value":"(//span[contains(text(), \"Additional Addresses\")])[2]"}
COMMAND: POST /session/d4f675b322105372b3380f2dea3f05ac/element/f.73BB2000E1F4E36FD864906F51978B2B.d.C15084718E663788F74ED881B2AD5223.e.7052/click - {}
RESULT: {}
COMMAND: GET /session/d4f675b322105372b3380f2dea3f05ac/screenshot - {}
RESULT: {}
COMMAND: POST /session/d4f675b322105372b3380f2dea3f05ac/element - {"using":"xpath","value":"//button[@data-kt=\"btnAddTableRowOverflowToolbarButton\"]"}
RESULT: {"using":"xpath","value":"//button[@data-kt=\"btnAddTableRowOverflowToolbarButton\"]"}
COMMAND: POST /session/d4f675b322105372b3380f2dea3f05ac/element/f.73BB2000E1F4E36FD864906F51978B2B.d.C15084718E663788F74ED881B2AD5223.e.7056/click - {}
RESULT: {}
COMMAND: GET /session/d4f675b322105372b3380f2dea3f05ac/screenshot - {}
RESULT: {}
COMMAND: POST /session/d4f675b322105372b3380f2dea3f05ac/element - {"using":"xpath","value":"//div[(text() = 'Standard Entry' or . = 'Standard Entry')]"}
RESULT: {"using":"xpath","value":"//div[(text() = 'Standard Entry' or . = 'Standard Entry')]"}
COMMAND: POST /session/d4f675b322105372b3380f2dea3f05ac/element/f.73BB2000E1F4E36FD864906F51978B2B.d.C15084718E663788F74ED881B2AD5223.e.7058/click - {}
RESULT: {}
COMMAND: GET /session/d4f675b322105372b3380f2dea3f05ac/screenshot - {}
RESULT: {}
COMMAND: POST /session/d4f675b322105372b3380f2dea3f05ac/element - {"using":"xpath","value":"//td[6]/div/div/div/span"}
RESULT: {"using":"xpath","value":"//td[6]/div/div/div/span"}
COMMAND: POST /session/d4f675b322105372b3380f2dea3f05ac/element/f.73BB2000E1F4E36FD864906F51978B2B.d.C15084718E663788F74ED881B2AD5223.e.7070/click - {}
RESULT: {}
COMMAND: GET /session/d4f675b322105372b3380f2dea3f05ac/screenshot - {}
RESULT: {}
COMMAND: POST /session/d4f675b322105372b3380f2dea3f05ac/element - {"using":"xpath","value":"(//span[contains(text(), \"Material\")])"}
RESULT: {"using":"xpath","value":"(//span[contains(text(), \"Material\")])"}
COMMAND: POST /session/d4f675b322105372b3380f2dea3f05ac/element/f.73BB2000E1F4E36FD864906F51978B2B.d.C15084718E663788F74ED881B2AD5223.e.7071/click - {}
RESULT: {}
COMMAND: GET /session/d4f675b322105372b3380f2dea3f05ac/screenshot - {}
RESULT: {}
COMMAND: POST /session/d4f675b322105372b3380f2dea3f05ac/element - {"using":"xpath","value":"//td[7]/div/div/input"}
RESULT: {"using":"xpath","value":"//td[7]/div/div/input"}
COMMAND: POST /session/d4f675b322105372b3380f2dea3f05ac/element/f.73BB2000E1F4E36FD864906F51978B2B.d.C15084718E663788F74ED881B2AD5223.e.7075/clear - {}
RESULT: {}
COMMAND: POST /session/d4f675b322105372b3380f2dea3f05ac/element/f.73BB2000E1F4E36FD864906F51978B2B.d.C15084718E663788F74ED881B2AD5223.e.7075/value - {"text":"200232"}
COMMAND: GET /session/d4f675b322105372b3380f2dea3f05ac/screenshot - {}
RESULT: {"text":"200232"}
COMMAND: GET /session/d4f675b322105372b3380f2dea3f05ac/screenshot - {}
RESULT: {}
RESULT: {}
COMMAND: POST /session/d4f675b322105372b3380f2dea3f05ac/actions - {"actions":[{"id":"action23","type":"key","parameters":{},"actions":[{"type":"keyDown","value":""},{"type":"pause","duration":10},{"type":"keyUp","value":""}]}]}
RESULT: {"actions":[{"id":"action23","type":"key","parameters":{},"actions":[{"type":"keyDown","value":""},{"type":"pause","duration":10},{"type":"keyUp","value":""}]}]}
COMMAND: GET /session/d4f675b322105372b3380f2dea3f05ac/screenshot - {}
RESULT: {}
COMMAND: POST /session/d4f675b322105372b3380f2dea3f05ac/execute/sync - {"script":"<script> [276 bytes]","args":["No pricing information was found"]}
RESULT: {"script":"<script> [276 bytes]","args":["No pricing information was found"]}
COMMAND: POST /session/d4f675b322105372b3380f2dea3f05ac/element - {"using":"xpath","value":"//bdi[contains(text(), \"OK\")]"}
COMMAND: GET /session/d4f675b322105372b3380f2dea3f05ac/screenshot - {}
RESULT: {"using":"xpath","value":"//bdi[contains(text(), \"OK\")]"}
COMMAND: POST /session/d4f675b322105372b3380f2dea3f05ac/element/f.73BB2000E1F4E36FD864906F51978B2B.d.C15084718E663788F74ED881B2AD5223.e.7101/click - {}
RESULT: {}
RESULT: {}
COMMAND: GET /session/d4f675b322105372b3380f2dea3f05ac/screenshot - {}
RESULT: {}
COMMAND: POST /session/d4f675b322105372b3380f2dea3f05ac/element - {"using":"xpath","value":"(//button[@data-kt=\"saveButton\"])[2]"}
RESULT: {"using":"xpath","value":"(//button[@data-kt=\"saveButton\"])[2]"}
COMMAND: POST /session/d4f675b322105372b3380f2dea3f05ac/element/f.73BB2000E1F4E36FD864906F51978B2B.d.C15084718E663788F74ED881B2AD5223.e.7102/click - {}
RESULT: {}
COMMAND: GET /session/d4f675b322105372b3380f2dea3f05ac/screenshot - {}
RESULT: {}
COMMAND: POST /session/d4f675b322105372b3380f2dea3f05ac/execute/sync - {"script":"<script> [276 bytes]","args":["Some contract items are having rental validity exceeding header rental validity"]}
RESULT: {"script":"<script> [276 bytes]","args":["Some contract items are having rental validity exceeding header rental validity"]}
COMMAND: GET /session/d4f675b322105372b3380f2dea3f05ac/screenshot - {}
RESULT: {}
COMMAND: POST /session/d4f675b322105372b3380f2dea3f05ac/element - {"using":"xpath","value":"//span[contains(@id ,\"contractItemsSmartTable-header-inner\")]"}
RESULT: {"using":"xpath","value":"//span[contains(@id ,\"contractItemsSmartTable-header-inner\")]"}
COMMAND: POST /session/d4f675b322105372b3380f2dea3f05ac/elements - {"using":"xpath","value":"//span[contains(@id ,\"contractItemsSmartTable-header-inner\")]"}
RESULT: {"using":"xpath","value":"//span[contains(@id ,\"contractItemsSmartTable-header-inner\")]"}
COMMAND: POST /session/d4f675b322105372b3380f2dea3f05ac/execute/sync - {"script":"<script> [56 bytes]","args":[{"element-6066-11e4-a52e-4f735466cecf":"f.73BB2000E1F4E36FD864906F51978B2B.d.C15084718E663788F74ED881B2AD5223.e.7107","ELEMENT":"f.73BB2000E1F4E36FD864906F51978B2B.d.C15084718E663788F74ED881B2AD5223.e.7107"}]}
RESULT: {"script":"<script> [56 bytes]","args":[{"element-6066-11e4-a52e-4f735466cecf":"f.73BB2000E1F4E36FD864906F51978B2B.d.C15084718E663788F74ED881B2AD5223.e.7107","ELEMENT":"f.73BB2000E1F4E36FD864906F51978B2B.d.C15084718E663788F74ED881B2AD5223.e.7107"}]}
]]></system-out>
    </testcase>
    <testcase classname="chrome.136_0_7103_93.windows.Provide_to_Site_w/_warehouse_management_w_clarification" name="Should provide to site" time="39.239">
      <system-out><![CDATA[
COMMAND: POST /session/d4f675b322105372b3380f2dea3f05ac/element - {"using":"xpath","value":"//button[@data-kt=\"provideButton\"]"}
COMMAND: GET /session/d4f675b322105372b3380f2dea3f05ac/screenshot - {}
RESULT: {"using":"xpath","value":"//button[@data-kt=\"provideButton\"]"}
COMMAND: POST /session/d4f675b322105372b3380f2dea3f05ac/element/f.73BB2000E1F4E36FD864906F51978B2B.d.C15084718E663788F74ED881B2AD5223.e.7108/click - {}
RESULT: {}
RESULT: {}
COMMAND: GET /session/d4f675b322105372b3380f2dea3f05ac/screenshot - {}
RESULT: {}
RESULT: undefined
COMMAND: POST /session/d4f675b322105372b3380f2dea3f05ac/execute/async - {"script":"<script> [6424 bytes]","args":[{"element-6066-11e4-a52e-4f735466cecf":"f.73BB2000E1F4E36FD864906F51978B2B.d.C15084718E663788F74ED881B2AD5223.e.5947"},"setValue",["05/28/25"]]}
COMMAND: POST /session/d4f675b322105372b3380f2dea3f05ac/execute/async - {"script":"<script> [1562 bytes]","args":[{"selector":{"id":"application-managehandovers-display-component---AddNewHO--dueDate","interaction":{"idSuffix":"inner"}},"wdio_ui5_key":"applicationmanagehandovers-display-component---AddNewHO--dueDate"}]}
RESULT: {"script":"<script> [1562 bytes]","args":[{"selector":{"id":"application-managehandovers-display-component---AddNewHO--dueDate","interaction":{"idSuffix":"inner"}},"wdio_ui5_key":"applicationmanagehandovers-display-component---AddNewHO--dueDate"}]}
COMMAND: POST /session/d4f675b322105372b3380f2dea3f05ac/execute/async - {"script":"<script> [6424 bytes]","args":[{"element-6066-11e4-a52e-4f735466cecf":"f.73BB2000E1F4E36FD864906F51978B2B.d.C15084718E663788F74ED881B2AD5223.e.7165"},"setValue",["05/28/25"]]}
RESULT: {"script":"<script> [6424 bytes]","args":[{"element-6066-11e4-a52e-4f735466cecf":"f.73BB2000E1F4E36FD864906F51978B2B.d.C15084718E663788F74ED881B2AD5223.e.7165"},"setValue",["05/28/25"]]}
COMMAND: POST /session/d4f675b322105372b3380f2dea3f05ac/element - {"using":"xpath","value":"//bdi[contains(text(), \"Instructions\")]"}
RESULT: {"using":"xpath","value":"//bdi[contains(text(), \"Instructions\")]"}
COMMAND: POST /session/d4f675b322105372b3380f2dea3f05ac/element/f.73BB2000E1F4E36FD864906F51978B2B.d.C15084718E663788F74ED881B2AD5223.e.7416/click - {}
RESULT: {}
COMMAND: GET /session/d4f675b322105372b3380f2dea3f05ac/screenshot - {}
RESULT: {}
COMMAND: POST /session/d4f675b322105372b3380f2dea3f05ac/element - {"using":"xpath","value":"//button[@data-kt=\"AddNewHOProvideAddItemsButton\"]"}
RESULT: {"using":"xpath","value":"//button[@data-kt=\"AddNewHOProvideAddItemsButton\"]"}
COMMAND: POST /session/d4f675b322105372b3380f2dea3f05ac/element/f.73BB2000E1F4E36FD864906F51978B2B.d.C15084718E663788F74ED881B2AD5223.e.7420/click - {}
RESULT: {}
COMMAND: GET /session/d4f675b322105372b3380f2dea3f05ac/screenshot - {}
RESULT: {}
RESULT: undefined
COMMAND: POST /session/d4f675b322105372b3380f2dea3f05ac/element - {"using":"xpath","value":"//*[@id=\"application-managehandovers-display-component---AddNewHO--popup-sa\"]"}
RESULT: {"using":"xpath","value":"//*[@id=\"application-managehandovers-display-component---AddNewHO--popup-sa\"]"}
COMMAND: POST /session/d4f675b322105372b3380f2dea3f05ac/element/f.73BB2000E1F4E36FD864906F51978B2B.d.C15084718E663788F74ED881B2AD5223.e.7430/click - {}
RESULT: {}
COMMAND: GET /session/d4f675b322105372b3380f2dea3f05ac/screenshot - {}
RESULT: {}
COMMAND: POST /session/d4f675b322105372b3380f2dea3f05ac/element - {"using":"xpath","value":"//*[contains(@id ,\"BDI-content\")][contains(text(), \"Select\")]"}
RESULT: {"using":"xpath","value":"//*[contains(@id ,\"BDI-content\")][contains(text(), \"Select\")]"}
COMMAND: POST /session/d4f675b322105372b3380f2dea3f05ac/element/f.73BB2000E1F4E36FD864906F51978B2B.d.C15084718E663788F74ED881B2AD5223.e.7432/click - {}
RESULT: {}
COMMAND: GET /session/d4f675b322105372b3380f2dea3f05ac/screenshot - {}
RESULT: {}
COMMAND: POST /session/d4f675b322105372b3380f2dea3f05ac/element - {"using":"xpath","value":"//bdi[(text() = 'Save' or . = 'Save')]"}
RESULT: {"using":"xpath","value":"//bdi[(text() = 'Save' or . = 'Save')]"}
COMMAND: POST /session/d4f675b322105372b3380f2dea3f05ac/element/f.73BB2000E1F4E36FD864906F51978B2B.d.C15084718E663788F74ED881B2AD5223.e.7440/click - {}
RESULT: {}
COMMAND: GET /session/d4f675b322105372b3380f2dea3f05ac/screenshot - {}
RESULT: {}
]]></system-out>
    </testcase>
    <testcase classname="chrome.136_0_7103_93.windows.Provide_to_Site_w/_warehouse_management_w_clarification" name="Should test for Handover Execution" time="154.068">
      <system-out><![CDATA[
COMMAND: POST /session/d4f675b322105372b3380f2dea3f05ac/execute/async - {"script":"<script> [1562 bytes]","args":[{"selector":{"controlType":"sap.m.Link","viewName":"etm.portal.ui.managehandovers.view.DetailExecuteHO","bindingPath":{"path":"","propertyPath":"/wmDoc","modelName":"warehouseMovModel"}},"wdio_ui5_key":"etmportal.ui.managehandovers.view.DetailExecuteHOsap.m.Link{\"path\":\"\",\"propertyPath\":\"/wmDoc\",\"modelName\":\"warehouseMovModel\"}"}]}
RESULT: {"script":"<script> [1562 bytes]","args":[{"selector":{"controlType":"sap.m.Link","viewName":"etm.portal.ui.managehandovers.view.DetailExecuteHO","bindingPath":{"path":"","propertyPath":"/wmDoc","modelName":"warehouseMovModel"}},"wdio_ui5_key":"etmportal.ui.managehandovers.view.DetailExecuteHOsap.m.Link{\"path\":\"\",\"propertyPath\":\"/wmDoc\",\"modelName\":\"warehouseMovModel\"}"}]}
RESULT: undefined
COMMAND: POST /session/d4f675b322105372b3380f2dea3f05ac/element - {"using":"xpath","value":"//*[@id=\"__link82\"]"}
RESULT: {"using":"xpath","value":"//*[@id=\"__link82\"]"}
COMMAND: POST /session/d4f675b322105372b3380f2dea3f05ac/element/f.73BB2000E1F4E36FD864906F51978B2B.d.C15084718E663788F74ED881B2AD5223.e.7482/click - {}
RESULT: {}
COMMAND: GET /session/d4f675b322105372b3380f2dea3f05ac/screenshot - {}
RESULT: {}
COMMAND: POST /session/d4f675b322105372b3380f2dea3f05ac/execute/async - {"script":"<script> [1562 bytes]","args":[{"selector":{"controlType":"sap.m.Link","viewName":"etm.portal.ui.managehandovers.view.DetailExecuteHO","properties":{"text":"Warehouse Overview"},"searchOpenDialogs":true},"wdio_ui5_key":"etmportal.ui.managehandovers.view.DetailExecuteHOsap.m.Link{\"text\":\"Warehouse Overview\"}"}]}
RESULT: {"script":"<script> [1562 bytes]","args":[{"selector":{"controlType":"sap.m.Link","viewName":"etm.portal.ui.managehandovers.view.DetailExecuteHO","properties":{"text":"Warehouse Overview"},"searchOpenDialogs":true},"wdio_ui5_key":"etmportal.ui.managehandovers.view.DetailExecuteHOsap.m.Link{\"text\":\"Warehouse Overview\"}"}]}
RESULT: undefined
COMMAND: POST /session/d4f675b322105372b3380f2dea3f05ac/element - {"using":"xpath","value":"//*[@id=\"__link98\"]"}
RESULT: {"using":"xpath","value":"//*[@id=\"__link98\"]"}
COMMAND: POST /session/d4f675b322105372b3380f2dea3f05ac/element/f.73BB2000E1F4E36FD864906F51978B2B.d.C15084718E663788F74ED881B2AD5223.e.7484/click - {}
RESULT: {}
COMMAND: GET /session/d4f675b322105372b3380f2dea3f05ac/screenshot - {}
COMMAND: POST /session/d4f675b322105372b3380f2dea3f05ac/execute/async - {"script":"<script> [1562 bytes]","args":[{"selector":{"controlType":"sap.m.Button","viewName":"etm.portal.ui.warehousemovements.view.DisplayMovement","viewId":"application-warehousemovements-display-component---displayMovement","i18NText":{"propertyName":"text","key":"execution"},"interaction":{"idSuffix":"BDI-content"}},"wdio_ui5_key":"etmportal.ui.warehousemovements.view.DisplayMovementsap.m.Button{\"propertyName\":\"text\",\"key\":\"execution\"}"}]}
RESULT: {}
RESULT: {"script":"<script> [1562 bytes]","args":[{"selector":{"controlType":"sap.m.Button","viewName":"etm.portal.ui.warehousemovements.view.DisplayMovement","viewId":"application-warehousemovements-display-component---displayMovement","i18NText":{"propertyName":"text","key":"execution"},"interaction":{"idSuffix":"BDI-content"}},"wdio_ui5_key":"etmportal.ui.warehousemovements.view.DisplayMovementsap.m.Button{\"propertyName\":\"text\",\"key\":\"execution\"}"}]}
RESULT: undefined
COMMAND: POST /session/d4f675b322105372b3380f2dea3f05ac/element - {"using":"xpath","value":"//*[@id=\"__button247\"]"}
RESULT: {"using":"xpath","value":"//*[@id=\"__button247\"]"}
COMMAND: POST /session/d4f675b322105372b3380f2dea3f05ac/element/f.73BB2000E1F4E36FD864906F51978B2B.d.C15084718E663788F74ED881B2AD5223.e.7605/click - {}
RESULT: {}
COMMAND: GET /session/d4f675b322105372b3380f2dea3f05ac/screenshot - {}
RESULT: {}
COMMAND: POST /session/d4f675b322105372b3380f2dea3f05ac/execute/async - {"script":"<script> [1562 bytes]","args":[{"selector":{"controlType":"sap.m.Button","viewName":"etm.portal.ui.warehousemovements.view.ExecuteMovement","viewId":"application-warehousemovements-display-component---executeMovement","properties":{"text":"Items"},"interaction":{"idSuffix":"BDI-content"}},"wdio_ui5_key":"etmportal.ui.warehousemovements.view.ExecuteMovementsap.m.Button{\"text\":\"Items\"}"}]}
RESULT: {"script":"<script> [1562 bytes]","args":[{"selector":{"controlType":"sap.m.Button","viewName":"etm.portal.ui.warehousemovements.view.ExecuteMovement","viewId":"application-warehousemovements-display-component---executeMovement","properties":{"text":"Items"},"interaction":{"idSuffix":"BDI-content"}},"wdio_ui5_key":"etmportal.ui.warehousemovements.view.ExecuteMovementsap.m.Button{\"text\":\"Items\"}"}]}
RESULT: undefined
COMMAND: POST /session/d4f675b322105372b3380f2dea3f05ac/element - {"using":"xpath","value":"//*[@id=\"__layout379-anchBar-application-warehousemovements-display-component---executeMovement--itemsSection-anchor\"]"}
RESULT: {"using":"xpath","value":"//*[@id=\"__layout379-anchBar-application-warehousemovements-display-component---executeMovement--itemsSection-anchor\"]"}
COMMAND: POST /session/d4f675b322105372b3380f2dea3f05ac/element/f.73BB2000E1F4E36FD864906F51978B2B.d.C15084718E663788F74ED881B2AD5223.e.7704/click - {}
RESULT: {}
COMMAND: GET /session/d4f675b322105372b3380f2dea3f05ac/screenshot - {}
RESULT: {}
COMMAND: POST /session/d4f675b322105372b3380f2dea3f05ac/execute/async - {"script":"<script> [1562 bytes]","args":[{"selector":{"controlType":"sap.m.ToggleButton","viewName":"etm.portal.ui.warehousemovements.view.ExecuteMovement","viewId":"application-warehousemovements-display-component---executeMovement","bindingPath":{"propertyPath":"STATUS","modelName":"catalogModel"},"interaction":{"idSuffix":"BDI-content"}},"wdio_ui5_key":"etmportal.ui.warehousemovements.view.ExecuteMovementsap.m.ToggleButton{\"propertyPath\":\"STATUS\",\"modelName\":\"catalogModel\"}"}]}
RESULT: {"script":"<script> [1562 bytes]","args":[{"selector":{"controlType":"sap.m.ToggleButton","viewName":"etm.portal.ui.warehousemovements.view.ExecuteMovement","viewId":"application-warehousemovements-display-component---executeMovement","bindingPath":{"propertyPath":"STATUS","modelName":"catalogModel"},"interaction":{"idSuffix":"BDI-content"}},"wdio_ui5_key":"etmportal.ui.warehousemovements.view.ExecuteMovementsap.m.ToggleButton{\"propertyPath\":\"STATUS\",\"modelName\":\"catalogModel\"}"}]}
RESULT: undefined
COMMAND: POST /session/d4f675b322105372b3380f2dea3f05ac/element - {"using":"xpath","value":"//*[@id=\"__button272-__clone3067\"]"}
RESULT: {"using":"xpath","value":"//*[@id=\"__button272-__clone3067\"]"}
COMMAND: POST /session/d4f675b322105372b3380f2dea3f05ac/element/f.73BB2000E1F4E36FD864906F51978B2B.d.C15084718E663788F74ED881B2AD5223.e.7682/click - {}
RESULT: {}
RESULT: undefined
COMMAND: POST /session/d4f675b322105372b3380f2dea3f05ac/element - {"using":"xpath","value":"//*[@id=\"__button272-__clone3067\"]"}
COMMAND: GET /session/d4f675b322105372b3380f2dea3f05ac/screenshot - {}
RESULT: {"using":"xpath","value":"//*[@id=\"__button272-__clone3067\"]"}
COMMAND: POST /session/d4f675b322105372b3380f2dea3f05ac/element/f.73BB2000E1F4E36FD864906F51978B2B.d.C15084718E663788F74ED881B2AD5223.e.7682/click - {}
RESULT: {}
RESULT: {}
COMMAND: GET /session/d4f675b322105372b3380f2dea3f05ac/screenshot - {}
RESULT: {}
COMMAND: POST /session/d4f675b322105372b3380f2dea3f05ac/element - {"using":"xpath","value":"//section[contains(@id,\"FC-NoHead\")]/div[1]/div[5]/div[2]/span"}
RESULT: {"using":"xpath","value":"//section[contains(@id,\"FC-NoHead\")]/div[1]/div[5]/div[2]/span"}
COMMAND: POST /session/d4f675b322105372b3380f2dea3f05ac/elements - {"using":"xpath","value":"//section[contains(@id,\"FC-NoHead\")]/div[1]/div[5]/div[2]/span"}
RESULT: {"using":"xpath","value":"//section[contains(@id,\"FC-NoHead\")]/div[1]/div[5]/div[2]/span"}
COMMAND: POST /session/d4f675b322105372b3380f2dea3f05ac/execute/sync - {"script":"<script> [56 bytes]","args":[{"element-6066-11e4-a52e-4f735466cecf":"f.73BB2000E1F4E36FD864906F51978B2B.d.C15084718E663788F74ED881B2AD5223.e.7710","ELEMENT":"f.73BB2000E1F4E36FD864906F51978B2B.d.C15084718E663788F74ED881B2AD5223.e.7710"}]}
RESULT: {"script":"<script> [56 bytes]","args":[{"element-6066-11e4-a52e-4f735466cecf":"f.73BB2000E1F4E36FD864906F51978B2B.d.C15084718E663788F74ED881B2AD5223.e.7710","ELEMENT":"f.73BB2000E1F4E36FD864906F51978B2B.d.C15084718E663788F74ED881B2AD5223.e.7710"}]}
COMMAND: POST /session/d4f675b322105372b3380f2dea3f05ac/actions - {"actions":[{"id":"action24","type":"key","parameters":{},"actions":[{"type":"keyDown","value":""},{"type":"pause","duration":10},{"type":"keyUp","value":""}]}]}
COMMAND: GET /session/d4f675b322105372b3380f2dea3f05ac/screenshot - {}
RESULT: {"actions":[{"id":"action24","type":"key","parameters":{},"actions":[{"type":"keyDown","value":""},{"type":"pause","duration":10},{"type":"keyUp","value":""}]}]}
COMMAND: POST /session/d4f675b322105372b3380f2dea3f05ac/execute/async - {"script":"<script> [1562 bytes]","args":[{"selector":{"id":"application-warehousemovements-display-component---executeMovement--executeId","interaction":{"idSuffix":"BDI-content"}},"wdio_ui5_key":"applicationwarehousemovements-display-component---executeMovement--executeId"}]}
COMMAND: GET /session/d4f675b322105372b3380f2dea3f05ac/screenshot - {}
RESULT: {}
RESULT: {"script":"<script> [1562 bytes]","args":[{"selector":{"id":"application-warehousemovements-display-component---executeMovement--executeId","interaction":{"idSuffix":"BDI-content"}},"wdio_ui5_key":"applicationwarehousemovements-display-component---executeMovement--executeId"}]}
RESULT: undefined
COMMAND: POST /session/d4f675b322105372b3380f2dea3f05ac/element - {"using":"xpath","value":"//*[@id=\"application-warehousemovements-display-component---executeMovement--executeId\"]"}
RESULT: {}
RESULT: {"using":"xpath","value":"//*[@id=\"application-warehousemovements-display-component---executeMovement--executeId\"]"}
COMMAND: POST /session/d4f675b322105372b3380f2dea3f05ac/element/f.73BB2000E1F4E36FD864906F51978B2B.d.C15084718E663788F74ED881B2AD5223.e.7673/click - {}
RESULT: {}
COMMAND: GET /session/d4f675b322105372b3380f2dea3f05ac/screenshot - {}
RESULT: {}
COMMAND: POST /session/d4f675b322105372b3380f2dea3f05ac/element - {"using":"css selector","value":"#shell-header-logo"}
RESULT: {"using":"css selector","value":"#shell-header-logo"}
COMMAND: POST /session/d4f675b322105372b3380f2dea3f05ac/element/f.73BB2000E1F4E36FD864906F51978B2B.d.C15084718E663788F74ED881B2AD5223.e.6474/click - {}
RESULT: {}
COMMAND: GET /session/d4f675b322105372b3380f2dea3f05ac/screenshot - {}
RESULT: {}
RESULT: undefined
COMMAND: POST /session/d4f675b322105372b3380f2dea3f05ac/element - {"using":"xpath","value":"//*[@id=\"__tile133\"]"}
RESULT: {"using":"xpath","value":"//*[@id=\"__tile133\"]"}
COMMAND: POST /session/d4f675b322105372b3380f2dea3f05ac/element/f.73BB2000E1F4E36FD864906F51978B2B.d.C15084718E663788F74ED881B2AD5223.e.4866/click - {}
RESULT: {}
COMMAND: GET /session/d4f675b322105372b3380f2dea3f05ac/screenshot - {}
RESULT: {}
COMMAND: POST /session/d4f675b322105372b3380f2dea3f05ac/elements - {"using":"xpath","value":"//span[text()='Error']"}
RESULT: {"using":"xpath","value":"//span[text()='Error']"}
COMMAND: POST /session/d4f675b322105372b3380f2dea3f05ac/execute/async - {"script":"<script> [1562 bytes]","args":[{"selector":{"controlType":"sap.m.SearchField","viewName":"etm.portal.ui.managehandovers.view.MasterHO","bindingPath":{"propertyPath":"/_BASIC_SEARCH_FIELD","modelName":"fi1t3rM0d31"},"interaction":{"idSuffix":"I"}},"wdio_ui5_key":"etmportal.ui.managehandovers.view.MasterHOsap.m.SearchField{\"propertyPath\":\"/_BASIC_SEARCH_FIELD\",\"modelName\":\"fi1t3rM0d31\"}"}]}
RESULT: {"script":"<script> [1562 bytes]","args":[{"selector":{"controlType":"sap.m.SearchField","viewName":"etm.portal.ui.managehandovers.view.MasterHO","bindingPath":{"propertyPath":"/_BASIC_SEARCH_FIELD","modelName":"fi1t3rM0d31"},"interaction":{"idSuffix":"I"}},"wdio_ui5_key":"etmportal.ui.managehandovers.view.MasterHOsap.m.SearchField{\"propertyPath\":\"/_BASIC_SEARCH_FIELD\",\"modelName\":\"fi1t3rM0d31\"}"}]}
RESULT: undefined
COMMAND: POST /session/d4f675b322105372b3380f2dea3f05ac/execute/async - {"script":"<script> [776 bytes]","args":[{"enterText":"30733","selector":{"controlType":"sap.m.SearchField","viewName":"etm.portal.ui.managehandovers.view.MasterHO","bindingPath":{"propertyPath":"/_BASIC_SEARCH_FIELD","modelName":"fi1t3rM0d31"},"interaction":{"idSuffix":"I"}},"clearTextFirst":true,"interactionType":"ENTER_TEXT"}]}
RESULT: {"script":"<script> [776 bytes]","args":[{"enterText":"30733","selector":{"controlType":"sap.m.SearchField","viewName":"etm.portal.ui.managehandovers.view.MasterHO","bindingPath":{"propertyPath":"/_BASIC_SEARCH_FIELD","modelName":"fi1t3rM0d31"},"interaction":{"idSuffix":"I"}},"clearTextFirst":true,"interactionType":"ENTER_TEXT"}]}
COMMAND: POST /session/d4f675b322105372b3380f2dea3f05ac/actions - {"actions":[{"id":"action25","type":"key","parameters":{},"actions":[{"type":"keyDown","value":""},{"type":"pause","duration":10},{"type":"keyUp","value":""}]}]}
RESULT: {"actions":[{"id":"action25","type":"key","parameters":{},"actions":[{"type":"keyDown","value":""},{"type":"pause","duration":10},{"type":"keyUp","value":""}]}]}
COMMAND: GET /session/d4f675b322105372b3380f2dea3f05ac/screenshot - {}
RESULT: {}
COMMAND: POST /session/d4f675b322105372b3380f2dea3f05ac/execute/async - {"script":"<script> [1562 bytes]","args":[{"selector":{"controlType":"sap.ui.core.Icon","viewName":"etm.portal.ui.managehandovers.view.MasterHO","properties":{"src":{"regex":{"source":"slim\\-arrow\\-right"}}}},"wdio_ui5_key":"etmportal.ui.managehandovers.view.MasterHOsap.ui.core.Icon{\"src\":{\"regex\":{\"source\":\"slim\\\\-arrow\\\\-right\"}}}"}]}
RESULT: {"script":"<script> [1562 bytes]","args":[{"selector":{"controlType":"sap.ui.core.Icon","viewName":"etm.portal.ui.managehandovers.view.MasterHO","properties":{"src":{"regex":{"source":"slim\\-arrow\\-right"}}}},"wdio_ui5_key":"etmportal.ui.managehandovers.view.MasterHOsap.ui.core.Icon{\"src\":{\"regex\":{\"source\":\"slim\\\\-arrow\\\\-right\"}}}"}]}
RESULT: undefined
COMMAND: POST /session/d4f675b322105372b3380f2dea3f05ac/element - {"using":"xpath","value":"//*[@id=\"__item1613-__clone3146-imgNav\"]"}
RESULT: {"using":"xpath","value":"//*[@id=\"__item1613-__clone3146-imgNav\"]"}
COMMAND: POST /session/d4f675b322105372b3380f2dea3f05ac/element/f.73BB2000E1F4E36FD864906F51978B2B.d.C15084718E663788F74ED881B2AD5223.e.7886/click - {}
RESULT: {}
COMMAND: GET /session/d4f675b322105372b3380f2dea3f05ac/screenshot - {}
RESULT: {}
COMMAND: POST /session/d4f675b322105372b3380f2dea3f05ac/element - {"using":"xpath","value":"//button[@data-kt=\"IssuingTableConfirmAllButton\"]"}
RESULT: {"using":"xpath","value":"//button[@data-kt=\"IssuingTableConfirmAllButton\"]"}
COMMAND: POST /session/d4f675b322105372b3380f2dea3f05ac/element/f.73BB2000E1F4E36FD864906F51978B2B.d.C15084718E663788F74ED881B2AD5223.e.7981/click - {}
RESULT: {}
COMMAND: GET /session/d4f675b322105372b3380f2dea3f05ac/screenshot - {}
RESULT: {}
COMMAND: POST /session/d4f675b322105372b3380f2dea3f05ac/element - {"using":"xpath","value":"//bdi[contains(text(), \"OK\")]"}
RESULT: {"using":"xpath","value":"//bdi[contains(text(), \"OK\")]"}
COMMAND: POST /session/d4f675b322105372b3380f2dea3f05ac/element/f.73BB2000E1F4E36FD864906F51978B2B.d.C15084718E663788F74ED881B2AD5223.e.7989/click - {}
RESULT: {}
COMMAND: GET /session/d4f675b322105372b3380f2dea3f05ac/screenshot - {}
RESULT: {}
COMMAND: POST /session/d4f675b322105372b3380f2dea3f05ac/element - {"using":"xpath","value":"//button[@data-kt=\"execHoIssueButton\"]"}
RESULT: {"using":"xpath","value":"//button[@data-kt=\"execHoIssueButton\"]"}
COMMAND: POST /session/d4f675b322105372b3380f2dea3f05ac/element/f.73BB2000E1F4E36FD864906F51978B2B.d.C15084718E663788F74ED881B2AD5223.e.7990/click - {}
RESULT: {}
COMMAND: GET /session/d4f675b322105372b3380f2dea3f05ac/screenshot - {}
RESULT: {}
RESULT: undefined
COMMAND: POST /session/d4f675b322105372b3380f2dea3f05ac/execute/async - {"script":"<script> [776 bytes]","args":[{"enterText":"30733","selector":{"controlType":"sap.m.SearchField","viewName":"etm.portal.ui.managehandovers.view.MasterHO","bindingPath":{"propertyPath":"/_BASIC_SEARCH_FIELD","modelName":"fi1t3rM0d31"},"interaction":{"idSuffix":"I"}},"clearTextFirst":true,"interactionType":"ENTER_TEXT"}]}
RESULT: {"script":"<script> [776 bytes]","args":[{"enterText":"30733","selector":{"controlType":"sap.m.SearchField","viewName":"etm.portal.ui.managehandovers.view.MasterHO","bindingPath":{"propertyPath":"/_BASIC_SEARCH_FIELD","modelName":"fi1t3rM0d31"},"interaction":{"idSuffix":"I"}},"clearTextFirst":true,"interactionType":"ENTER_TEXT"}]}
COMMAND: POST /session/d4f675b322105372b3380f2dea3f05ac/actions - {"actions":[{"id":"action26","type":"key","parameters":{},"actions":[{"type":"keyDown","value":""},{"type":"pause","duration":10},{"type":"keyUp","value":""}]}]}
RESULT: {"actions":[{"id":"action26","type":"key","parameters":{},"actions":[{"type":"keyDown","value":""},{"type":"pause","duration":10},{"type":"keyUp","value":""}]}]}
COMMAND: GET /session/d4f675b322105372b3380f2dea3f05ac/screenshot - {}
RESULT: {}
COMMAND: POST /session/d4f675b322105372b3380f2dea3f05ac/element - {"using":"xpath","value":"//span[(text() = '30733' or . = '30733')]"}
RESULT: {"using":"xpath","value":"//span[(text() = '30733' or . = '30733')]"}
COMMAND: POST /session/d4f675b322105372b3380f2dea3f05ac/element/f.73BB2000E1F4E36FD864906F51978B2B.d.C15084718E663788F74ED881B2AD5223.e.8034/click - {}
RESULT: {}
COMMAND: GET /session/d4f675b322105372b3380f2dea3f05ac/screenshot - {}
RESULT: {}
COMMAND: POST /session/d4f675b322105372b3380f2dea3f05ac/element - {"using":"xpath","value":"//span[contains(text(), \"Instructions\")]"}
RESULT: {"using":"xpath","value":"//span[contains(text(), \"Instructions\")]"}
COMMAND: POST /session/d4f675b322105372b3380f2dea3f05ac/element/f.73BB2000E1F4E36FD864906F51978B2B.d.C15084718E663788F74ED881B2AD5223.e.8079/click - {}
RESULT: {}
COMMAND: GET /session/d4f675b322105372b3380f2dea3f05ac/screenshot - {}
RESULT: {}
COMMAND: POST /session/d4f675b322105372b3380f2dea3f05ac/element - {"using":"xpath","value":"//span[contains(text(), \"Instructions\")]"}
RESULT: {"using":"xpath","value":"//span[contains(text(), \"Instructions\")]"}
COMMAND: POST /session/d4f675b322105372b3380f2dea3f05ac/element/f.73BB2000E1F4E36FD864906F51978B2B.d.C15084718E663788F74ED881B2AD5223.e.8079/click - {}
RESULT: {}
COMMAND: GET /session/d4f675b322105372b3380f2dea3f05ac/screenshot - {}
RESULT: {}
COMMAND: POST /session/d4f675b322105372b3380f2dea3f05ac/execute/async - {"script":"<script> [1562 bytes]","args":[{"selector":{"controlType":"sap.m.ComboBox","viewName":"etm.portal.ui.managehandovers.view.DetailExecuteHO","bindingPath":{"propertyPath":"RECEIVING_SECTION","modelName":"catalogModel"},"interaction":{"idSuffix":"inner"}},"wdio_ui5_key":"etmportal.ui.managehandovers.view.DetailExecuteHOsap.m.ComboBox{\"propertyPath\":\"RECEIVING_SECTION\",\"modelName\":\"catalogModel\"}"}]}
RESULT: {"script":"<script> [1562 bytes]","args":[{"selector":{"controlType":"sap.m.ComboBox","viewName":"etm.portal.ui.managehandovers.view.DetailExecuteHO","bindingPath":{"propertyPath":"RECEIVING_SECTION","modelName":"catalogModel"},"interaction":{"idSuffix":"inner"}},"wdio_ui5_key":"etmportal.ui.managehandovers.view.DetailExecuteHOsap.m.ComboBox{\"propertyPath\":\"RECEIVING_SECTION\",\"modelName\":\"catalogModel\"}"}]}
RESULT: undefined
COMMAND: POST /session/d4f675b322105372b3380f2dea3f05ac/execute/async - {"script":"<script> [776 bytes]","args":[{"enterText":"WDIO-2204","selector":{"controlType":"sap.m.ComboBox","viewName":"etm.portal.ui.managehandovers.view.DetailExecuteHO","bindingPath":{"propertyPath":"RECEIVING_SECTION","modelName":"catalogModel"},"interaction":{"idSuffix":"inner"}},"clearTextFirst":true,"interactionType":"ENTER_TEXT"}]}
RESULT: {"script":"<script> [776 bytes]","args":[{"enterText":"WDIO-2204","selector":{"controlType":"sap.m.ComboBox","viewName":"etm.portal.ui.managehandovers.view.DetailExecuteHO","bindingPath":{"propertyPath":"RECEIVING_SECTION","modelName":"catalogModel"},"interaction":{"idSuffix":"inner"}},"clearTextFirst":true,"interactionType":"ENTER_TEXT"}]}
COMMAND: POST /session/d4f675b322105372b3380f2dea3f05ac/actions - {"actions":[{"id":"action27","type":"key","parameters":{},"actions":[{"type":"keyDown","value":""},{"type":"pause","duration":10},{"type":"keyUp","value":""}]}]}
RESULT: {"actions":[{"id":"action27","type":"key","parameters":{},"actions":[{"type":"keyDown","value":""},{"type":"pause","duration":10},{"type":"keyUp","value":""}]}]}
COMMAND: GET /session/d4f675b322105372b3380f2dea3f05ac/screenshot - {}
RESULT: {}
COMMAND: POST /session/d4f675b322105372b3380f2dea3f05ac/element - {"using":"xpath","value":"//button[@data-kt= \"execHoReceiveButton\"]"}
RESULT: {"using":"xpath","value":"//button[@data-kt= \"execHoReceiveButton\"]"}
COMMAND: POST /session/d4f675b322105372b3380f2dea3f05ac/element/f.73BB2000E1F4E36FD864906F51978B2B.d.C15084718E663788F74ED881B2AD5223.e.8085/click - {}
RESULT: {}
COMMAND: GET /session/d4f675b322105372b3380f2dea3f05ac/screenshot - {}
RESULT: {}
COMMAND: POST /session/d4f675b322105372b3380f2dea3f05ac/execute/async - {"script":"<script> [1562 bytes]","args":[{"selector":{"controlType":"sap.m.Button","properties":{"text":"Continue"},"searchOpenDialogs":true,"interaction":{"idSuffix":"content"}},"wdio_ui5_key":"sapm.Button{\"text\":\"Continue\"}"}]}
RESULT: {"script":"<script> [1562 bytes]","args":[{"selector":{"controlType":"sap.m.Button","properties":{"text":"Continue"},"searchOpenDialogs":true,"interaction":{"idSuffix":"content"}},"wdio_ui5_key":"sapm.Button{\"text\":\"Continue\"}"}]}
RESULT: undefined
COMMAND: POST /session/d4f675b322105372b3380f2dea3f05ac/element - {"using":"xpath","value":"//*[@id=\"__mbox-btn-6\"]"}
RESULT: {"using":"xpath","value":"//*[@id=\"__mbox-btn-6\"]"}
COMMAND: POST /session/d4f675b322105372b3380f2dea3f05ac/element/f.73BB2000E1F4E36FD864906F51978B2B.d.C15084718E663788F74ED881B2AD5223.e.8086/click - {}
RESULT: {}
COMMAND: GET /session/d4f675b322105372b3380f2dea3f05ac/screenshot - {}
RESULT: {}
COMMAND: POST /session/d4f675b322105372b3380f2dea3f05ac/element - {"using":"css selector","value":"#shell-header-logo"}
RESULT: {"using":"css selector","value":"#shell-header-logo"}
COMMAND: POST /session/d4f675b322105372b3380f2dea3f05ac/element/f.73BB2000E1F4E36FD864906F51978B2B.d.C15084718E663788F74ED881B2AD5223.e.7778/click - {}
RESULT: {}
COMMAND: GET /session/d4f675b322105372b3380f2dea3f05ac/screenshot - {}
RESULT: {}
]]></system-out>
    </testcase>
    <testcase classname="chrome.136_0_7103_93.windows.Provide_to_Site_w/_warehouse_management_w_clarification" name="Should test for Clarification" time="71.777">
      <system-out><![CDATA[
RESULT: undefined
COMMAND: POST /session/d4f675b322105372b3380f2dea3f05ac/element - {"using":"xpath","value":"//*[@id=\"__tile133\"]"}
RESULT: {"using":"xpath","value":"//*[@id=\"__tile133\"]"}
COMMAND: POST /session/d4f675b322105372b3380f2dea3f05ac/element/f.73BB2000E1F4E36FD864906F51978B2B.d.C15084718E663788F74ED881B2AD5223.e.4866/click - {}
RESULT: {}
COMMAND: GET /session/d4f675b322105372b3380f2dea3f05ac/screenshot - {}
RESULT: {}
COMMAND: POST /session/d4f675b322105372b3380f2dea3f05ac/elements - {"using":"xpath","value":"//span[text()='Error']"}
RESULT: {"using":"xpath","value":"//span[text()='Error']"}
RESULT: undefined
COMMAND: POST /session/d4f675b322105372b3380f2dea3f05ac/execute/async - {"script":"<script> [776 bytes]","args":[{"enterText":"30733","selector":{"controlType":"sap.m.SearchField","viewName":"etm.portal.ui.managehandovers.view.MasterHO","bindingPath":{"propertyPath":"/_BASIC_SEARCH_FIELD","modelName":"fi1t3rM0d31"},"interaction":{"idSuffix":"I"}},"clearTextFirst":true,"interactionType":"ENTER_TEXT"}]}
RESULT: {"script":"<script> [776 bytes]","args":[{"enterText":"30733","selector":{"controlType":"sap.m.SearchField","viewName":"etm.portal.ui.managehandovers.view.MasterHO","bindingPath":{"propertyPath":"/_BASIC_SEARCH_FIELD","modelName":"fi1t3rM0d31"},"interaction":{"idSuffix":"I"}},"clearTextFirst":true,"interactionType":"ENTER_TEXT"}]}
COMMAND: POST /session/d4f675b322105372b3380f2dea3f05ac/actions - {"actions":[{"id":"action28","type":"key","parameters":{},"actions":[{"type":"keyDown","value":""},{"type":"pause","duration":10},{"type":"keyUp","value":""}]}]}
RESULT: {"actions":[{"id":"action28","type":"key","parameters":{},"actions":[{"type":"keyDown","value":""},{"type":"pause","duration":10},{"type":"keyUp","value":""}]}]}
COMMAND: GET /session/d4f675b322105372b3380f2dea3f05ac/screenshot - {}
RESULT: {}
COMMAND: POST /session/d4f675b322105372b3380f2dea3f05ac/element - {"using":"xpath","value":"//span[(text() = '30733' or . = '30733')]"}
RESULT: {"using":"xpath","value":"//span[(text() = '30733' or . = '30733')]"}
COMMAND: POST /session/d4f675b322105372b3380f2dea3f05ac/element/f.73BB2000E1F4E36FD864906F51978B2B.d.C15084718E663788F74ED881B2AD5223.e.8236/click - {}
RESULT: {}
COMMAND: GET /session/d4f675b322105372b3380f2dea3f05ac/screenshot - {}
RESULT: {}
COMMAND: POST /session/d4f675b322105372b3380f2dea3f05ac/element - {"using":"xpath","value":"//span[contains(text(), \"Instructions\")]"}
RESULT: {"using":"xpath","value":"//span[contains(text(), \"Instructions\")]"}
COMMAND: POST /session/d4f675b322105372b3380f2dea3f05ac/element/f.73BB2000E1F4E36FD864906F51978B2B.d.C15084718E663788F74ED881B2AD5223.e.8333/click - {}
RESULT: {}
COMMAND: GET /session/d4f675b322105372b3380f2dea3f05ac/screenshot - {}
RESULT: {}
COMMAND: POST /session/d4f675b322105372b3380f2dea3f05ac/element - {"using":"xpath","value":"//span[contains(text(), \"Instructions\")]"}
RESULT: {"using":"xpath","value":"//span[contains(text(), \"Instructions\")]"}
COMMAND: POST /session/d4f675b322105372b3380f2dea3f05ac/element/f.73BB2000E1F4E36FD864906F51978B2B.d.C15084718E663788F74ED881B2AD5223.e.8333/click - {}
RESULT: {}
COMMAND: GET /session/d4f675b322105372b3380f2dea3f05ac/screenshot - {}
RESULT: {}
COMMAND: POST /session/d4f675b322105372b3380f2dea3f05ac/element - {"using":"xpath","value":"//button[.//bdi[text() = \"Refuse\"]]"}
RESULT: {"using":"xpath","value":"//button[.//bdi[text() = \"Refuse\"]]"}
COMMAND: POST /session/d4f675b322105372b3380f2dea3f05ac/element/f.73BB2000E1F4E36FD864906F51978B2B.d.C15084718E663788F74ED881B2AD5223.e.8339/click - {}
RESULT: {}
COMMAND: GET /session/d4f675b322105372b3380f2dea3f05ac/screenshot - {}
RESULT: {}
COMMAND: POST /session/d4f675b322105372b3380f2dea3f05ac/element - {"using":"xpath","value":"//button[@data-kt= \"execHoReceiveRefuseButton\"]"}
RESULT: {"using":"xpath","value":"//button[@data-kt= \"execHoReceiveRefuseButton\"]"}
COMMAND: POST /session/d4f675b322105372b3380f2dea3f05ac/element/f.73BB2000E1F4E36FD864906F51978B2B.d.C15084718E663788F74ED881B2AD5223.e.8341/click - {}
RESULT: {}
COMMAND: GET /session/d4f675b322105372b3380f2dea3f05ac/screenshot - {}
RESULT: {}
COMMAND: POST /session/d4f675b322105372b3380f2dea3f05ac/element - {"using":"css selector","value":"#shell-header-logo"}
RESULT: {"using":"css selector","value":"#shell-header-logo"}
COMMAND: POST /session/d4f675b322105372b3380f2dea3f05ac/element/f.73BB2000E1F4E36FD864906F51978B2B.d.C15084718E663788F74ED881B2AD5223.e.8137/click - {}
RESULT: {}
COMMAND: GET /session/d4f675b322105372b3380f2dea3f05ac/screenshot - {}
RESULT: {}
COMMAND: POST /session/d4f675b322105372b3380f2dea3f05ac/element - {"using":"css selector","value":"#j_username"}
COMMAND: POST /session/d4f675b322105372b3380f2dea3f05ac/url - {"url":"https://qa-testing-00-live-etm-ui.cfapps.eu10-004.hana.ondemand.com/"}
RESULT: {"using":"css selector","value":"#j_username"}
COMMAND: POST /session/d4f675b322105372b3380f2dea3f05ac/element - {"using":"css selector","value":"#j_username"}
RESULT: {"url":"https://qa-testing-00-live-etm-ui.cfapps.eu10-004.hana.ondemand.com/"}
RESULT: undefined
COMMAND: GET /session/d4f675b322105372b3380f2dea3f05ac/screenshot - {}
RESULT: {"using":"css selector","value":"#j_username"}
COMMAND: POST /session/d4f675b322105372b3380f2dea3f05ac/element - {"using":"css selector","value":"#shell-header-logo"}
RESULT: {}
RESULT: {"using":"css selector","value":"#shell-header-logo"}
COMMAND: POST /session/d4f675b322105372b3380f2dea3f05ac/execute/sync - {"script":"<script> [8489 bytes]","args":[{"element-6066-11e4-a52e-4f735466cecf":"f.73BB2000E1F4E36FD864906F51978B2B.d.BB15D0B808F1007E18ED4A02A71E3ACE.e.8396","ELEMENT":"f.73BB2000E1F4E36FD864906F51978B2B.d.BB15D0B808F1007E18ED4A02A71E3ACE.e.8396"}]}
RESULT: {"script":"<script> [8489 bytes]","args":[{"element-6066-11e4-a52e-4f735466cecf":"f.73BB2000E1F4E36FD864906F51978B2B.d.BB15D0B808F1007E18ED4A02A71E3ACE.e.8396","ELEMENT":"f.73BB2000E1F4E36FD864906F51978B2B.d.BB15D0B808F1007E18ED4A02A71E3ACE.e.8396"}]}
COMMAND: POST /session/d4f675b322105372b3380f2dea3f05ac/element - {"using":"css selector","value":"#shell-header-logo"}
COMMAND: GET /session/d4f675b322105372b3380f2dea3f05ac/screenshot - {}
RESULT: {"using":"css selector","value":"#shell-header-logo"}
COMMAND: POST /session/d4f675b322105372b3380f2dea3f05ac/execute/sync - {"script":"<script> [8489 bytes]","args":[{"element-6066-11e4-a52e-4f735466cecf":"f.73BB2000E1F4E36FD864906F51978B2B.d.BB15D0B808F1007E18ED4A02A71E3ACE.e.8396","ELEMENT":"f.73BB2000E1F4E36FD864906F51978B2B.d.BB15D0B808F1007E18ED4A02A71E3ACE.e.8396"}]}
RESULT: {}
RESULT: {"script":"<script> [8489 bytes]","args":[{"element-6066-11e4-a52e-4f735466cecf":"f.73BB2000E1F4E36FD864906F51978B2B.d.BB15D0B808F1007E18ED4A02A71E3ACE.e.8396","ELEMENT":"f.73BB2000E1F4E36FD864906F51978B2B.d.BB15D0B808F1007E18ED4A02A71E3ACE.e.8396"}]}
COMMAND: POST /session/d4f675b322105372b3380f2dea3f05ac/execute/sync - {"script":"<script> [5351 bytes]","args":[{"element-6066-11e4-a52e-4f735466cecf":"f.73BB2000E1F4E36FD864906F51978B2B.d.BB15D0B808F1007E18ED4A02A71E3ACE.e.8396","ELEMENT":"f.73BB2000E1F4E36FD864906F51978B2B.d.BB15D0B808F1007E18ED4A02A71E3ACE.e.8396"}]}
COMMAND: GET /session/d4f675b322105372b3380f2dea3f05ac/screenshot - {}
RESULT: {"script":"<script> [5351 bytes]","args":[{"element-6066-11e4-a52e-4f735466cecf":"f.73BB2000E1F4E36FD864906F51978B2B.d.BB15D0B808F1007E18ED4A02A71E3ACE.e.8396","ELEMENT":"f.73BB2000E1F4E36FD864906F51978B2B.d.BB15D0B808F1007E18ED4A02A71E3ACE.e.8396"}]}
COMMAND: POST /session/d4f675b322105372b3380f2dea3f05ac/element - {"using":"css selector","value":"#shell-header-logo"}
COMMAND: GET /session/d4f675b322105372b3380f2dea3f05ac/screenshot - {}
RESULT: {}
RESULT: {"using":"css selector","value":"#shell-header-logo"}
COMMAND: POST /session/d4f675b322105372b3380f2dea3f05ac/element/f.73BB2000E1F4E36FD864906F51978B2B.d.BB15D0B808F1007E18ED4A02A71E3ACE.e.8396/click - {}
RESULT: {}
RESULT: {}
COMMAND: GET /session/d4f675b322105372b3380f2dea3f05ac/screenshot - {}
RESULT: {}
COMMAND: POST /session/d4f675b322105372b3380f2dea3f05ac/execute/async - {"script":"<script> [189 bytes]","args":[]}
RESULT: {"script":"<script> [189 bytes]","args":[]}
COMMAND: POST /session/d4f675b322105372b3380f2dea3f05ac/execute/async - {"script":"<script> [123 bytes]","args":[]}
RESULT: {"script":"<script> [123 bytes]","args":[]}
COMMAND: POST /session/d4f675b322105372b3380f2dea3f05ac/timeouts - {"script":"<number>"}
RESULT: {"script":"<number>"}
COMMAND: GET /session/d4f675b322105372b3380f2dea3f05ac/timeouts - {}
RESULT: {}
RESULT: undefined
COMMAND: POST /session/d4f675b322105372b3380f2dea3f05ac/execute/async - {"script":"<script> [2676 bytes]","args":[]}
RESULT: {"script":"<script> [2676 bytes]","args":[]}
COMMAND: POST /session/d4f675b322105372b3380f2dea3f05ac/execute/async - {"script":"<script> [2342 bytes]","args":[{"protocol":"http","hostname":"0.0.0.0","path":"/","capabilities":{"browserName":"chrome","goog:chromeOptions":{"binary":"C:\\Program Files\\Google\\Chrome\\Application\\chrome.exe","args":["--start-maximized"]}},"logLevel":"warn","connectionRetryTimeout":120000,"connectionRetryCount":3,"logLevels":{},"enableDirectConnect":true,"strictSSL":true,"_":"65 more keys: [\"cacheDir\",\"port\",\"requestedCapabilities\",\"automationProtocol\",\"baseUrl\",\"waitforInterval\",\"waitforTimeout\",\"onReload\",\"beforeCommand\",\"afterCommand\",\"rootDir\",\"specs\",\"suites\",\"exclude\",\"groupLogsByTestSpec\",\"excludeDriverLogs\",\"bail\",\"framework\",\"reporters\",\"services\",\"maxInstances\",\"maxInstancesPerCapability\",\"injectGlobals\",\"filesToWatch\",\"execArgv\",\"runnerEnv\",\"runner\",\"shard\",\"specFileRetries\",\"specFileRetriesDelay\",\"specFileRetriesDeferred\",\"reporterSyncInterval\",\"reporterSyncTimeout\",\"cucumberFeaturesWithLineNumbers\",\"autoCompileOpts\",\"mochaOpts\",\"jasmineOpts\",\"cucumberOpts\",\"onPrepare\",\"onWorkerStart\",\"onWorkerEnd\",\"before\",\"beforeSession\",\"beforeSuite\",\"beforeHook\",\"beforeTest\",\"afterTest\",\"afterHook\",\"afterSuite\",\"afterSession\",\"after\",\"onComplete\",\"beforeAssertion\",\"afterAssertion\",\"beforeFeature\",\"beforeScenario\",\"beforeStep\",\"afterStep\",\"afterScenario\",\"afterFeature\",\"_\",\"suite\",\"$0\",\"ignoredWorkerServices\",\"wdi5\"]"}]}
RESULT: {"script":"<script> [2342 bytes]","args":[{"protocol":"http","hostname":"0.0.0.0","path":"/","capabilities":{"browserName":"chrome","goog:chromeOptions":{"binary":"C:\\Program Files\\Google\\Chrome\\Application\\chrome.exe","args":["--start-maximized"]}},"logLevel":"warn","connectionRetryTimeout":120000,"connectionRetryCount":3,"logLevels":{},"enableDirectConnect":true,"strictSSL":true,"_":"65 more keys: [\"cacheDir\",\"port\",\"requestedCapabilities\",\"automationProtocol\",\"baseUrl\",\"waitforInterval\",\"waitforTimeout\",\"onReload\",\"beforeCommand\",\"afterCommand\",\"rootDir\",\"specs\",\"suites\",\"exclude\",\"groupLogsByTestSpec\",\"excludeDriverLogs\",\"bail\",\"framework\",\"reporters\",\"services\",\"maxInstances\",\"maxInstancesPerCapability\",\"injectGlobals\",\"filesToWatch\",\"execArgv\",\"runnerEnv\",\"runner\",\"shard\",\"specFileRetries\",\"specFileRetriesDelay\",\"specFileRetriesDeferred\",\"reporterSyncInterval\",\"reporterSyncTimeout\",\"cucumberFeaturesWithLineNumbers\",\"autoCompileOpts\",\"mochaOpts\",\"jasmineOpts\",\"cucumberOpts\",\"onPrepare\",\"onWorkerStart\",\"onWorkerEnd\",\"before\",\"beforeSession\",\"beforeSuite\",\"beforeHook\",\"beforeTest\",\"afterTest\",\"afterHook\",\"afterSuite\",\"afterSession\",\"after\",\"onComplete\",\"beforeAssertion\",\"afterAssertion\",\"beforeFeature\",\"beforeScenario\",\"beforeStep\",\"afterStep\",\"afterScenario\",\"afterFeature\",\"_\",\"suite\",\"$0\",\"ignoredWorkerServices\",\"wdi5\"]"}]}
COMMAND: POST /session/d4f675b322105372b3380f2dea3f05ac/execute/async - {"script":"<script> [21126 bytes]","args":[35000]}
RESULT: {"script":"<script> [21126 bytes]","args":[35000]}
COMMAND: POST /session/d4f675b322105372b3380f2dea3f05ac/window/maximize - {}
RESULT: {}
COMMAND: POST /session/d4f675b322105372b3380f2dea3f05ac/execute/async - {"script":"<script> [1562 bytes]","args":[{"selector":{"id":"shell-header","interaction":{"idSuffix":"icon"}},"wdio_ui5_key":"shellheader"}]}
COMMAND: GET /session/d4f675b322105372b3380f2dea3f05ac/screenshot - {}
RESULT: {"script":"<script> [1562 bytes]","args":[{"selector":{"id":"shell-header","interaction":{"idSuffix":"icon"}},"wdio_ui5_key":"shellheader"}]}
RESULT: undefined
COMMAND: POST /session/d4f675b322105372b3380f2dea3f05ac/window/fullscreen - {}
RESULT: {}
RESULT: {}
]]></system-out>
    </testcase>
  </testsuite>
  <testsuite timestamp="2025-05-28T16:40:48" time="135.862" tests="6" failures="0" errors="0" skipped="0">
    <properties>
      <property name="specId" value="0"/>
      <property name="suiteName" value="Provide to Site w/ warehouse management w/o clarification US113782 "/>
      <property name="capabilities" value="chrome.136_0_7103_93.windows"/>
      <property name="file" value="file:///D:/a/1/s/test/specs/HTR/provide-to-site-w-warehouse-wo-clarification.spec.js"/>
    </properties>
    <testcase classname="chrome.136_0_7103_93.windows.Provide_to_Site_w/_warehouse_management_w/o_clarification_US113782_" name="Should create a new WHM yard" time="0.013">
      <system-out><![CDATA[
COMMAND: POST /session/d4f675b322105372b3380f2dea3f05ac/window/fullscreen - {}
RESULT: {}
]]></system-out>
    </testcase>
    <testcase classname="chrome.136_0_7103_93.windows.Provide_to_Site_w/_warehouse_management_w/o_clarification_US113782_" name="Should create a new external WHM partner" time="0.004"/>
    <testcase classname="chrome.136_0_7103_93.windows.Provide_to_Site_w/_warehouse_management_w/o_clarification_US113782_" name="Should create a new WHM site" time="0.004"/>
    <testcase classname="chrome.136_0_7103_93.windows.Provide_to_Site_w/_warehouse_management_w/o_clarification_US113782_" name="Should create a new material" time="119.578">
      <system-out><![CDATA[
COMMAND: POST /session/d4f675b322105372b3380f2dea3f05ac/execute/async - {"script":"<script> [1562 bytes]","args":[{"selector":{"controlType":"sap.m.GenericTile","properties":{"header":"Manage Resources"}},"wdio_ui5_key":"sapm.GenericTile{\"header\":\"Manage Resources\"}"}]}
RESULT: {"script":"<script> [1562 bytes]","args":[{"selector":{"controlType":"sap.m.GenericTile","properties":{"header":"Manage Resources"}},"wdio_ui5_key":"sapm.GenericTile{\"header\":\"Manage Resources\"}"}]}
RESULT: undefined
COMMAND: POST /session/d4f675b322105372b3380f2dea3f05ac/element - {"using":"xpath","value":"//*[@id=\"__tile31\"]"}
RESULT: {"using":"xpath","value":"//*[@id=\"__tile31\"]"}
COMMAND: POST /session/d4f675b322105372b3380f2dea3f05ac/element/f.73BB2000E1F4E36FD864906F51978B2B.d.BB15D0B808F1007E18ED4A02A71E3ACE.e.8415/click - {}
RESULT: {}
COMMAND: GET /session/d4f675b322105372b3380f2dea3f05ac/screenshot - {}
RESULT: {}
COMMAND: POST /session/d4f675b322105372b3380f2dea3f05ac/elements - {"using":"xpath","value":"//span[text()='Error']"}
RESULT: {"using":"xpath","value":"//span[text()='Error']"}
COMMAND: POST /session/d4f675b322105372b3380f2dea3f05ac/element - {"using":"xpath","value":"//button[@data-kt=\"addNewRUOverflowToolbarButton\"]"}
RESULT: {"using":"xpath","value":"//button[@data-kt=\"addNewRUOverflowToolbarButton\"]"}
COMMAND: POST /session/d4f675b322105372b3380f2dea3f05ac/elements - {"using":"xpath","value":"//button[@data-kt=\"addNewRUOverflowToolbarButton\"]"}
RESULT: {"using":"xpath","value":"//button[@data-kt=\"addNewRUOverflowToolbarButton\"]"}
COMMAND: POST /session/d4f675b322105372b3380f2dea3f05ac/execute/sync - {"script":"<script> [8489 bytes]","args":[{"element-6066-11e4-a52e-4f735466cecf":"f.73BB2000E1F4E36FD864906F51978B2B.d.BB15D0B808F1007E18ED4A02A71E3ACE.e.8542","ELEMENT":"f.73BB2000E1F4E36FD864906F51978B2B.d.BB15D0B808F1007E18ED4A02A71E3ACE.e.8542"}]}
RESULT: {"script":"<script> [8489 bytes]","args":[{"element-6066-11e4-a52e-4f735466cecf":"f.73BB2000E1F4E36FD864906F51978B2B.d.BB15D0B808F1007E18ED4A02A71E3ACE.e.8542","ELEMENT":"f.73BB2000E1F4E36FD864906F51978B2B.d.BB15D0B808F1007E18ED4A02A71E3ACE.e.8542"}]}
COMMAND: GET /session/d4f675b322105372b3380f2dea3f05ac/element/f.73BB2000E1F4E36FD864906F51978B2B.d.BB15D0B808F1007E18ED4A02A71E3ACE.e.8542/enabled - {}
COMMAND: GET /session/d4f675b322105372b3380f2dea3f05ac/screenshot - {}
RESULT: {}
COMMAND: POST /session/d4f675b322105372b3380f2dea3f05ac/execute/sync - {"script":"<script> [8489 bytes]","args":[{"element-6066-11e4-a52e-4f735466cecf":"f.73BB2000E1F4E36FD864906F51978B2B.d.BB15D0B808F1007E18ED4A02A71E3ACE.e.8542","ELEMENT":"f.73BB2000E1F4E36FD864906F51978B2B.d.BB15D0B808F1007E18ED4A02A71E3ACE.e.8542"}]}
COMMAND: GET /session/d4f675b322105372b3380f2dea3f05ac/screenshot - {}
RESULT: {}
RESULT: {"script":"<script> [8489 bytes]","args":[{"element-6066-11e4-a52e-4f735466cecf":"f.73BB2000E1F4E36FD864906F51978B2B.d.BB15D0B808F1007E18ED4A02A71E3ACE.e.8542","ELEMENT":"f.73BB2000E1F4E36FD864906F51978B2B.d.BB15D0B808F1007E18ED4A02A71E3ACE.e.8542"}]}
COMMAND: POST /session/d4f675b322105372b3380f2dea3f05ac/execute/sync - {"script":"<script> [5351 bytes]","args":[{"element-6066-11e4-a52e-4f735466cecf":"f.73BB2000E1F4E36FD864906F51978B2B.d.BB15D0B808F1007E18ED4A02A71E3ACE.e.8542","ELEMENT":"f.73BB2000E1F4E36FD864906F51978B2B.d.BB15D0B808F1007E18ED4A02A71E3ACE.e.8542"}]}
COMMAND: GET /session/d4f675b322105372b3380f2dea3f05ac/screenshot - {}
RESULT: {}
RESULT: {"script":"<script> [5351 bytes]","args":[{"element-6066-11e4-a52e-4f735466cecf":"f.73BB2000E1F4E36FD864906F51978B2B.d.BB15D0B808F1007E18ED4A02A71E3ACE.e.8542","ELEMENT":"f.73BB2000E1F4E36FD864906F51978B2B.d.BB15D0B808F1007E18ED4A02A71E3ACE.e.8542"}]}
COMMAND: POST /session/d4f675b322105372b3380f2dea3f05ac/element/f.73BB2000E1F4E36FD864906F51978B2B.d.BB15D0B808F1007E18ED4A02A71E3ACE.e.8542/click - {}
COMMAND: GET /session/d4f675b322105372b3380f2dea3f05ac/screenshot - {}
RESULT: {}
RESULT: {}
COMMAND: GET /session/d4f675b322105372b3380f2dea3f05ac/screenshot - {}
COMMAND: POST /session/d4f675b322105372b3380f2dea3f05ac/execute/async - {"script":"<script> [1562 bytes]","args":[{"selector":{"id":"application-manageresources-display-component---newResourceUnit--TYPE-arrow"},"wdio_ui5_key":"applicationmanageresources-display-component---newResourceUnit--TYPE-arrow"}]}
RESULT: {}
RESULT: {}
RESULT: {"script":"<script> [1562 bytes]","args":[{"selector":{"id":"application-manageresources-display-component---newResourceUnit--TYPE-arrow"},"wdio_ui5_key":"applicationmanageresources-display-component---newResourceUnit--TYPE-arrow"}]}
RESULT: undefined
COMMAND: POST /session/d4f675b322105372b3380f2dea3f05ac/element - {"using":"xpath","value":"//*[@id=\"application-manageresources-display-component---newResourceUnit--TYPE-arrow\"]"}
RESULT: {"using":"xpath","value":"//*[@id=\"application-manageresources-display-component---newResourceUnit--TYPE-arrow\"]"}
COMMAND: POST /session/d4f675b322105372b3380f2dea3f05ac/element/f.73BB2000E1F4E36FD864906F51978B2B.d.BB15D0B808F1007E18ED4A02A71E3ACE.e.8906/click - {}
RESULT: {}
COMMAND: POST /session/d4f675b322105372b3380f2dea3f05ac/element - {"using":"xpath","value":"//input[@id=\"application-manageresources-display-component---newResourceUnit--TYPE-inner\"]"}
COMMAND: GET /session/d4f675b322105372b3380f2dea3f05ac/screenshot - {}
RESULT: {"using":"xpath","value":"//input[@id=\"application-manageresources-display-component---newResourceUnit--TYPE-inner\"]"}
COMMAND: POST /session/d4f675b322105372b3380f2dea3f05ac/element/f.73BB2000E1F4E36FD864906F51978B2B.d.BB15D0B808F1007E18ED4A02A71E3ACE.e.8893/clear - {}
RESULT: {}
RESULT: {}
COMMAND: POST /session/d4f675b322105372b3380f2dea3f05ac/element/f.73BB2000E1F4E36FD864906F51978B2B.d.BB15D0B808F1007E18ED4A02A71E3ACE.e.8893/value - {"text":"Material"}
COMMAND: GET /session/d4f675b322105372b3380f2dea3f05ac/screenshot - {}
RESULT: {"text":"Material"}
COMMAND: GET /session/d4f675b322105372b3380f2dea3f05ac/screenshot - {}
RESULT: {}
RESULT: {}
COMMAND: POST /session/d4f675b322105372b3380f2dea3f05ac/actions - {"actions":[{"id":"action29","type":"key","parameters":{},"actions":[{"type":"keyDown","value":""},{"type":"pause","duration":10},{"type":"keyUp","value":""}]}]}
RESULT: {"actions":[{"id":"action29","type":"key","parameters":{},"actions":[{"type":"keyDown","value":""},{"type":"pause","duration":10},{"type":"keyUp","value":""}]}]}
COMMAND: POST /session/d4f675b322105372b3380f2dea3f05ac/execute/async - {"script":"<script> [1562 bytes]","args":[{"selector":{"id":"application-manageresources-display-component---newResourceUnit--SHORT_TEXT","interaction":{"idSuffix":"inner"}},"wdio_ui5_key":"applicationmanageresources-display-component---newResourceUnit--SHORT_TEXT"}]}
COMMAND: GET /session/d4f675b322105372b3380f2dea3f05ac/screenshot - {}
RESULT: {"script":"<script> [1562 bytes]","args":[{"selector":{"id":"application-manageresources-display-component---newResourceUnit--SHORT_TEXT","interaction":{"idSuffix":"inner"}},"wdio_ui5_key":"applicationmanageresources-display-component---newResourceUnit--SHORT_TEXT"}]}
RESULT: undefined
COMMAND: POST /session/d4f675b322105372b3380f2dea3f05ac/execute/async - {"script":"<script> [776 bytes]","args":[{"enterText":"Cement WDIO","selector":{"id":"application-manageresources-display-component---newResourceUnit--SHORT_TEXT","interaction":{"idSuffix":"inner"}},"clearTextFirst":true,"interactionType":"ENTER_TEXT"}]}
RESULT: {}
RESULT: {"script":"<script> [776 bytes]","args":[{"enterText":"Cement WDIO","selector":{"id":"application-manageresources-display-component---newResourceUnit--SHORT_TEXT","interaction":{"idSuffix":"inner"}},"clearTextFirst":true,"interactionType":"ENTER_TEXT"}]}
COMMAND: POST /session/d4f675b322105372b3380f2dea3f05ac/execute/async - {"script":"<script> [1562 bytes]","args":[{"selector":{"id":"application-manageresources-display-component---newResourceUnit--BASE_UNIT_OF_MEASURE","interaction":{"idSuffix":"inner"}},"wdio_ui5_key":"applicationmanageresources-display-component---newResourceUnit--BASE_UNIT_OF_MEASURE"}]}
RESULT: {"script":"<script> [1562 bytes]","args":[{"selector":{"id":"application-manageresources-display-component---newResourceUnit--BASE_UNIT_OF_MEASURE","interaction":{"idSuffix":"inner"}},"wdio_ui5_key":"applicationmanageresources-display-component---newResourceUnit--BASE_UNIT_OF_MEASURE"}]}
RESULT: undefined
COMMAND: POST /session/d4f675b322105372b3380f2dea3f05ac/execute/async - {"script":"<script> [776 bytes]","args":[{"enterText":"Piece","selector":{"id":"application-manageresources-display-component---newResourceUnit--BASE_UNIT_OF_MEASURE","interaction":{"idSuffix":"inner"}},"clearTextFirst":true,"interactionType":"ENTER_TEXT"}]}
RESULT: {"script":"<script> [776 bytes]","args":[{"enterText":"Piece","selector":{"id":"application-manageresources-display-component---newResourceUnit--BASE_UNIT_OF_MEASURE","interaction":{"idSuffix":"inner"}},"clearTextFirst":true,"interactionType":"ENTER_TEXT"}]}
COMMAND: POST /session/d4f675b322105372b3380f2dea3f05ac/execute/async - {"script":"<script> [1562 bytes]","args":[{"selector":{"id":"application-manageresources-display-component---newResourceUnit--WEIGHT_UNIT","interaction":{"idSuffix":"inner"}},"wdio_ui5_key":"applicationmanageresources-display-component---newResourceUnit--WEIGHT_UNIT"}]}
RESULT: {"script":"<script> [1562 bytes]","args":[{"selector":{"id":"application-manageresources-display-component---newResourceUnit--WEIGHT_UNIT","interaction":{"idSuffix":"inner"}},"wdio_ui5_key":"applicationmanageresources-display-component---newResourceUnit--WEIGHT_UNIT"}]}
RESULT: undefined
COMMAND: POST /session/d4f675b322105372b3380f2dea3f05ac/execute/async - {"script":"<script> [776 bytes]","args":[{"enterText":"Gram","selector":{"id":"application-manageresources-display-component---newResourceUnit--WEIGHT_UNIT","interaction":{"idSuffix":"inner"}},"clearTextFirst":true,"interactionType":"ENTER_TEXT"}]}
RESULT: {"script":"<script> [776 bytes]","args":[{"enterText":"Gram","selector":{"id":"application-manageresources-display-component---newResourceUnit--WEIGHT_UNIT","interaction":{"idSuffix":"inner"}},"clearTextFirst":true,"interactionType":"ENTER_TEXT"}]}
COMMAND: POST /session/d4f675b322105372b3380f2dea3f05ac/execute/async - {"script":"<script> [1562 bytes]","args":[{"selector":{"id":"application-manageresources-display-component---newResourceUnit--DIMENSION_UNIT","interaction":{"idSuffix":"inner"}},"wdio_ui5_key":"applicationmanageresources-display-component---newResourceUnit--DIMENSION_UNIT"}]}
RESULT: {"script":"<script> [1562 bytes]","args":[{"selector":{"id":"application-manageresources-display-component---newResourceUnit--DIMENSION_UNIT","interaction":{"idSuffix":"inner"}},"wdio_ui5_key":"applicationmanageresources-display-component---newResourceUnit--DIMENSION_UNIT"}]}
RESULT: undefined
COMMAND: POST /session/d4f675b322105372b3380f2dea3f05ac/execute/async - {"script":"<script> [776 bytes]","args":[{"enterText":"Meter","selector":{"id":"application-manageresources-display-component---newResourceUnit--DIMENSION_UNIT","interaction":{"idSuffix":"inner"}},"clearTextFirst":true,"interactionType":"ENTER_TEXT"}]}
RESULT: {"script":"<script> [776 bytes]","args":[{"enterText":"Meter","selector":{"id":"application-manageresources-display-component---newResourceUnit--DIMENSION_UNIT","interaction":{"idSuffix":"inner"}},"clearTextFirst":true,"interactionType":"ENTER_TEXT"}]}
COMMAND: POST /session/d4f675b322105372b3380f2dea3f05ac/execute/async - {"script":"<script> [1562 bytes]","args":[{"selector":{"id":"application-manageresources-display-component---newResourceUnit--newRRUPage-anchBar-application-manageresources-display-component---newResourceUnit--control-anchor","interaction":{"idSuffix":"BDI-content"}},"wdio_ui5_key":"applicationmanageresources-display-component---newResourceUnit--newRRUPage-anchBar-application-manageresources-display-component---newResourceUnit--control-anchor"}]}
RESULT: {"script":"<script> [1562 bytes]","args":[{"selector":{"id":"application-manageresources-display-component---newResourceUnit--newRRUPage-anchBar-application-manageresources-display-component---newResourceUnit--control-anchor","interaction":{"idSuffix":"BDI-content"}},"wdio_ui5_key":"applicationmanageresources-display-component---newResourceUnit--newRRUPage-anchBar-application-manageresources-display-component---newResourceUnit--control-anchor"}]}
RESULT: undefined
COMMAND: POST /session/d4f675b322105372b3380f2dea3f05ac/element - {"using":"xpath","value":"//*[@id=\"application-manageresources-display-component---newResourceUnit--newRRUPage-anchBar-application-manageresources-display-component---newResourceUnit--control-anchor\"]"}
RESULT: {"using":"xpath","value":"//*[@id=\"application-manageresources-display-component---newResourceUnit--newRRUPage-anchBar-application-manageresources-display-component---newResourceUnit--control-anchor\"]"}
COMMAND: POST /session/d4f675b322105372b3380f2dea3f05ac/element/f.73BB2000E1F4E36FD864906F51978B2B.d.BB15D0B808F1007E18ED4A02A71E3ACE.e.9038/click - {}
RESULT: {}
COMMAND: POST /session/d4f675b322105372b3380f2dea3f05ac/execute/async - {"script":"<script> [1562 bytes]","args":[{"selector":{"id":"application-manageresources-display-component---newResourceUnit--PLANNING_GROUP","interaction":{"idSuffix":"inner"}},"wdio_ui5_key":"applicationmanageresources-display-component---newResourceUnit--PLANNING_GROUP"}]}
COMMAND: GET /session/d4f675b322105372b3380f2dea3f05ac/screenshot - {}
RESULT: {"script":"<script> [1562 bytes]","args":[{"selector":{"id":"application-manageresources-display-component---newResourceUnit--PLANNING_GROUP","interaction":{"idSuffix":"inner"}},"wdio_ui5_key":"applicationmanageresources-display-component---newResourceUnit--PLANNING_GROUP"}]}
RESULT: undefined
COMMAND: POST /session/d4f675b322105372b3380f2dea3f05ac/execute/async - {"script":"<script> [776 bytes]","args":[{"enterText":"Material","selector":{"id":"application-manageresources-display-component---newResourceUnit--PLANNING_GROUP","interaction":{"idSuffix":"inner"}},"clearTextFirst":true,"interactionType":"ENTER_TEXT"}]}
RESULT: {}
RESULT: {"script":"<script> [776 bytes]","args":[{"enterText":"Material","selector":{"id":"application-manageresources-display-component---newResourceUnit--PLANNING_GROUP","interaction":{"idSuffix":"inner"}},"clearTextFirst":true,"interactionType":"ENTER_TEXT"}]}
COMMAND: POST /session/d4f675b322105372b3380f2dea3f05ac/execute/async - {"script":"<script> [1562 bytes]","args":[{"selector":{"id":"application-manageresources-display-component---newResourceUnit--PLANNING_INDICATOR","interaction":{"idSuffix":"inner"}},"wdio_ui5_key":"applicationmanageresources-display-component---newResourceUnit--PLANNING_INDICATOR"}]}
RESULT: {"script":"<script> [1562 bytes]","args":[{"selector":{"id":"application-manageresources-display-component---newResourceUnit--PLANNING_INDICATOR","interaction":{"idSuffix":"inner"}},"wdio_ui5_key":"applicationmanageresources-display-component---newResourceUnit--PLANNING_INDICATOR"}]}
RESULT: undefined
COMMAND: POST /session/d4f675b322105372b3380f2dea3f05ac/execute/async - {"script":"<script> [776 bytes]","args":[{"enterText":"10 - infinite","selector":{"id":"application-manageresources-display-component---newResourceUnit--PLANNING_INDICATOR","interaction":{"idSuffix":"inner"}},"clearTextFirst":true,"interactionType":"ENTER_TEXT"}]}
RESULT: {"script":"<script> [776 bytes]","args":[{"enterText":"10 - infinite","selector":{"id":"application-manageresources-display-component---newResourceUnit--PLANNING_INDICATOR","interaction":{"idSuffix":"inner"}},"clearTextFirst":true,"interactionType":"ENTER_TEXT"}]}
COMMAND: POST /session/d4f675b322105372b3380f2dea3f05ac/element - {"using":"css selector","value":"#application-manageresources-display-component---newResourceUnit--btnAddTimeSegment"}
RESULT: {"using":"css selector","value":"#application-manageresources-display-component---newResourceUnit--btnAddTimeSegment"}
COMMAND: GET /session/d4f675b322105372b3380f2dea3f05ac/element/f.73BB2000E1F4E36FD864906F51978B2B.d.BB15D0B808F1007E18ED4A02A71E3ACE.e.9048/rect - {}
RESULT: {}
COMMAND: GET /session/d4f675b322105372b3380f2dea3f05ac/window/rect - {}
RESULT: {}
COMMAND: POST /session/d4f675b322105372b3380f2dea3f05ac/execute/sync - {"script":"<script> [92 bytes]","args":[]}
RESULT: {"script":"<script> [92 bytes]","args":[]}
COMMAND: POST /session/d4f675b322105372b3380f2dea3f05ac/actions - {"actions":[{"id":"action30","type":"wheel","parameters":{},"actions":[{"type":"scroll","x":-1888,"y":-32,"deltaX":0,"deltaY":0,"duration":0,"origin":{"element-6066-11e4-a52e-4f735466cecf":"f.73BB2000E1F4E36FD864906F51978B2B.d.BB15D0B808F1007E18ED4A02A71E3ACE.e.9048"}}]}]}
COMMAND: GET /session/d4f675b322105372b3380f2dea3f05ac/screenshot - {}
RESULT: {}
COMMAND: POST /session/d4f675b322105372b3380f2dea3f05ac/execute/sync - {"script":"<script> [79 bytes]","args":[{"element-6066-11e4-a52e-4f735466cecf":"f.73BB2000E1F4E36FD864906F51978B2B.d.BB15D0B808F1007E18ED4A02A71E3ACE.e.9048","ELEMENT":"f.73BB2000E1F4E36FD864906F51978B2B.d.BB15D0B808F1007E18ED4A02A71E3ACE.e.9048"},{"block":"start","inline":"nearest"}]}
RESULT: {"script":"<script> [79 bytes]","args":[{"element-6066-11e4-a52e-4f735466cecf":"f.73BB2000E1F4E36FD864906F51978B2B.d.BB15D0B808F1007E18ED4A02A71E3ACE.e.9048","ELEMENT":"f.73BB2000E1F4E36FD864906F51978B2B.d.BB15D0B808F1007E18ED4A02A71E3ACE.e.9048"},{"block":"start","inline":"nearest"}]}
COMMAND: POST /session/d4f675b322105372b3380f2dea3f05ac/execute/async - {"script":"<script> [1562 bytes]","args":[{"selector":{"id":"application-manageresources-display-component---newResourceUnit--btnAddTimeSegment","interaction":{"idSuffix":"inner"}},"wdio_ui5_key":"applicationmanageresources-display-component---newResourceUnit--btnAddTimeSegment"}]}
COMMAND: GET /session/d4f675b322105372b3380f2dea3f05ac/screenshot - {}
RESULT: {"script":"<script> [1562 bytes]","args":[{"selector":{"id":"application-manageresources-display-component---newResourceUnit--btnAddTimeSegment","interaction":{"idSuffix":"inner"}},"wdio_ui5_key":"applicationmanageresources-display-component---newResourceUnit--btnAddTimeSegment"}]}
RESULT: undefined
COMMAND: POST /session/d4f675b322105372b3380f2dea3f05ac/element - {"using":"xpath","value":"//*[@id=\"application-manageresources-display-component---newResourceUnit--btnAddTimeSegment\"]"}
RESULT: {}
RESULT: {"using":"xpath","value":"//*[@id=\"application-manageresources-display-component---newResourceUnit--btnAddTimeSegment\"]"}
COMMAND: POST /session/d4f675b322105372b3380f2dea3f05ac/element/f.73BB2000E1F4E36FD864906F51978B2B.d.BB15D0B808F1007E18ED4A02A71E3ACE.e.9048/click - {}
RESULT: {}
COMMAND: GET /session/d4f675b322105372b3380f2dea3f05ac/screenshot - {}
RESULT: {}
COMMAND: POST /session/d4f675b322105372b3380f2dea3f05ac/element - {"using":"xpath","value":"//input[@id=\"application-manageresources-display-component---newResourceUnit--idRuTSAdmin-application-manageresources-display-component---newResourceUnit--RUTimeSegment-0-inner\"]"}
RESULT: {"using":"xpath","value":"//input[@id=\"application-manageresources-display-component---newResourceUnit--idRuTSAdmin-application-manageresources-display-component---newResourceUnit--RUTimeSegment-0-inner\"]"}
COMMAND: POST /session/d4f675b322105372b3380f2dea3f05ac/element/f.73BB2000E1F4E36FD864906F51978B2B.d.BB15D0B808F1007E18ED4A02A71E3ACE.e.9053/clear - {}
RESULT: {}
COMMAND: POST /session/d4f675b322105372b3380f2dea3f05ac/element/f.73BB2000E1F4E36FD864906F51978B2B.d.BB15D0B808F1007E18ED4A02A71E3ACE.e.9053/value - {"text":"422"}
COMMAND: GET /session/d4f675b322105372b3380f2dea3f05ac/screenshot - {}
RESULT: {"text":"422"}
COMMAND: GET /session/d4f675b322105372b3380f2dea3f05ac/screenshot - {}
RESULT: {}
RESULT: {}
COMMAND: POST /session/d4f675b322105372b3380f2dea3f05ac/element - {"using":"xpath","value":"//li[.//span[text()='422']]"}
RESULT: {"using":"xpath","value":"//li[.//span[text()='422']]"}
COMMAND: POST /session/d4f675b322105372b3380f2dea3f05ac/element/f.73BB2000E1F4E36FD864906F51978B2B.d.BB15D0B808F1007E18ED4A02A71E3ACE.e.9062/click - {}
RESULT: {}
COMMAND: GET /session/d4f675b322105372b3380f2dea3f05ac/screenshot - {}
RESULT: {}
COMMAND: POST /session/d4f675b322105372b3380f2dea3f05ac/element - {"using":"xpath","value":"(//span[contains(@id, \"-application-manageresources-display-component---newResourceUnit--RUTimeSegment-0-arrow\")])[2]"}
RESULT: {"using":"xpath","value":"(//span[contains(@id, \"-application-manageresources-display-component---newResourceUnit--RUTimeSegment-0-arrow\")])[2]"}
COMMAND: POST /session/d4f675b322105372b3380f2dea3f05ac/element/f.73BB2000E1F4E36FD864906F51978B2B.d.BB15D0B808F1007E18ED4A02A71E3ACE.e.9063/click - {}
RESULT: {}
COMMAND: POST /session/d4f675b322105372b3380f2dea3f05ac/element - {"using":"xpath","value":"//span[contains(text(), \"PM Order\")]"}
COMMAND: GET /session/d4f675b322105372b3380f2dea3f05ac/screenshot - {}
RESULT: {"using":"xpath","value":"//span[contains(text(), \"PM Order\")]"}
COMMAND: POST /session/d4f675b322105372b3380f2dea3f05ac/element/f.73BB2000E1F4E36FD864906F51978B2B.d.BB15D0B808F1007E18ED4A02A71E3ACE.e.9064/click - {}
RESULT: {}
RESULT: {}
COMMAND: GET /session/d4f675b322105372b3380f2dea3f05ac/screenshot - {}
RESULT: {}
COMMAND: POST /session/d4f675b322105372b3380f2dea3f05ac/element - {"using":"xpath","value":"//td/div/div/div/span[contains(@id, \"newResourceUnit--RUTimeSegment-0-vhi\")][1]"}
RESULT: {"using":"xpath","value":"//td/div/div/div/span[contains(@id, \"newResourceUnit--RUTimeSegment-0-vhi\")][1]"}
COMMAND: GET /session/d4f675b322105372b3380f2dea3f05ac/element/f.73BB2000E1F4E36FD864906F51978B2B.d.BB15D0B808F1007E18ED4A02A71E3ACE.e.9068/rect - {}
RESULT: {}
COMMAND: GET /session/d4f675b322105372b3380f2dea3f05ac/window/rect - {}
RESULT: {}
COMMAND: POST /session/d4f675b322105372b3380f2dea3f05ac/execute/sync - {"script":"<script> [92 bytes]","args":[]}
RESULT: {"script":"<script> [92 bytes]","args":[]}
COMMAND: POST /session/d4f675b322105372b3380f2dea3f05ac/actions - {"actions":[{"id":"action31","type":"wheel","parameters":{},"actions":[{"type":"scroll","x":-1888,"y":-24,"deltaX":0,"deltaY":0,"duration":0,"origin":{"element-6066-11e4-a52e-4f735466cecf":"f.73BB2000E1F4E36FD864906F51978B2B.d.BB15D0B808F1007E18ED4A02A71E3ACE.e.9068"}}]}]}
COMMAND: GET /session/d4f675b322105372b3380f2dea3f05ac/screenshot - {}
RESULT: {}
COMMAND: POST /session/d4f675b322105372b3380f2dea3f05ac/execute/sync - {"script":"<script> [79 bytes]","args":[{"element-6066-11e4-a52e-4f735466cecf":"f.73BB2000E1F4E36FD864906F51978B2B.d.BB15D0B808F1007E18ED4A02A71E3ACE.e.9068","ELEMENT":"f.73BB2000E1F4E36FD864906F51978B2B.d.BB15D0B808F1007E18ED4A02A71E3ACE.e.9068"},{"block":"start","inline":"nearest"}]}
RESULT: {"script":"<script> [79 bytes]","args":[{"element-6066-11e4-a52e-4f735466cecf":"f.73BB2000E1F4E36FD864906F51978B2B.d.BB15D0B808F1007E18ED4A02A71E3ACE.e.9068","ELEMENT":"f.73BB2000E1F4E36FD864906F51978B2B.d.BB15D0B808F1007E18ED4A02A71E3ACE.e.9068"},{"block":"start","inline":"nearest"}]}
COMMAND: GET /session/d4f675b322105372b3380f2dea3f05ac/screenshot - {}
RESULT: {}
COMMAND: POST /session/d4f675b322105372b3380f2dea3f05ac/element/f.73BB2000E1F4E36FD864906F51978B2B.d.BB15D0B808F1007E18ED4A02A71E3ACE.e.9068/click - {}
RESULT: {}
COMMAND: GET /session/d4f675b322105372b3380f2dea3f05ac/screenshot - {}
RESULT: {}
COMMAND: POST /session/d4f675b322105372b3380f2dea3f05ac/execute/async - {"script":"<script> [1562 bytes]","args":[{"selector":{"controlType":"sap.m.SearchField","properties":{"placeholder":"Search"},"searchOpenDialogs":true,"interaction":{"idSuffix":"I"}},"wdio_ui5_key":"sapm.SearchField{\"placeholder\":\"Search\"}"}]}
RESULT: {"script":"<script> [1562 bytes]","args":[{"selector":{"controlType":"sap.m.SearchField","properties":{"placeholder":"Search"},"searchOpenDialogs":true,"interaction":{"idSuffix":"I"}},"wdio_ui5_key":"sapm.SearchField{\"placeholder\":\"Search\"}"}]}
RESULT: undefined
COMMAND: POST /session/d4f675b322105372b3380f2dea3f05ac/execute/async - {"script":"<script> [776 bytes]","args":[{"enterText":"4000360","selector":{"controlType":"sap.m.SearchField","properties":{"placeholder":"Search"},"searchOpenDialogs":true,"interaction":{"idSuffix":"I"}},"clearTextFirst":true,"interactionType":"ENTER_TEXT"}]}
RESULT: {"script":"<script> [776 bytes]","args":[{"enterText":"4000360","selector":{"controlType":"sap.m.SearchField","properties":{"placeholder":"Search"},"searchOpenDialogs":true,"interaction":{"idSuffix":"I"}},"clearTextFirst":true,"interactionType":"ENTER_TEXT"}]}
COMMAND: POST /session/d4f675b322105372b3380f2dea3f05ac/actions - {"actions":[{"id":"action32","type":"key","parameters":{},"actions":[{"type":"keyDown","value":""},{"type":"pause","duration":10},{"type":"keyUp","value":""}]}]}
RESULT: {"actions":[{"id":"action32","type":"key","parameters":{},"actions":[{"type":"keyDown","value":""},{"type":"pause","duration":10},{"type":"keyUp","value":""}]}]}
COMMAND: GET /session/d4f675b322105372b3380f2dea3f05ac/screenshot - {}
RESULT: {}
COMMAND: POST /session/d4f675b322105372b3380f2dea3f05ac/element - {"using":"xpath","value":"//td/div/span[contains(text(), \"BGL Vehicles\")]"}
RESULT: {"using":"xpath","value":"//td/div/span[contains(text(), \"BGL Vehicles\")]"}
COMMAND: POST /session/d4f675b322105372b3380f2dea3f05ac/element/f.73BB2000E1F4E36FD864906F51978B2B.d.BB15D0B808F1007E18ED4A02A71E3ACE.e.9089/click - {}
RESULT: {}
COMMAND: GET /session/d4f675b322105372b3380f2dea3f05ac/screenshot - {}
RESULT: {}
COMMAND: POST /session/d4f675b322105372b3380f2dea3f05ac/element - {"using":"xpath","value":"//bdi[contains(text(), \"OK\")]"}
RESULT: {"using":"xpath","value":"//bdi[contains(text(), \"OK\")]"}
COMMAND: POST /session/d4f675b322105372b3380f2dea3f05ac/element/f.73BB2000E1F4E36FD864906F51978B2B.d.BB15D0B808F1007E18ED4A02A71E3ACE.e.9090/click - {}
RESULT: {}
COMMAND: GET /session/d4f675b322105372b3380f2dea3f05ac/screenshot - {}
RESULT: {}
COMMAND: POST /session/d4f675b322105372b3380f2dea3f05ac/element - {"using":"xpath","value":"//label[contains(@class, 'sapMLabelRequired') and .//bdi[contains(text(), 'Planned Retirement')]]"}
RESULT: {"using":"xpath","value":"//label[contains(@class, 'sapMLabelRequired') and .//bdi[contains(text(), 'Planned Retirement')]]"}
COMMAND: POST /session/d4f675b322105372b3380f2dea3f05ac/elements - {"using":"xpath","value":"//label[contains(@class, 'sapMLabelRequired') and .//bdi[contains(text(), 'Planned Retirement')]]"}
RESULT: {"using":"xpath","value":"//label[contains(@class, 'sapMLabelRequired') and .//bdi[contains(text(), 'Planned Retirement')]]"}
COMMAND: POST /session/d4f675b322105372b3380f2dea3f05ac/element - {"using":"xpath","value":"//button[@data-kt=\"resourceUnitSaveButton\"]"}
RESULT: {"using":"xpath","value":"//button[@data-kt=\"resourceUnitSaveButton\"]"}
COMMAND: POST /session/d4f675b322105372b3380f2dea3f05ac/element/f.73BB2000E1F4E36FD864906F51978B2B.d.BB15D0B808F1007E18ED4A02A71E3ACE.e.8924/click - {}
RESULT: {}
COMMAND: GET /session/d4f675b322105372b3380f2dea3f05ac/screenshot - {}
RESULT: {}
COMMAND: POST /session/d4f675b322105372b3380f2dea3f05ac/element - {"using":"xpath","value":"//bdi[contains(text(), \"Close\")]"}
RESULT: {"using":"xpath","value":"//bdi[contains(text(), \"Close\")]"}
COMMAND: POST /session/d4f675b322105372b3380f2dea3f05ac/element/f.73BB2000E1F4E36FD864906F51978B2B.d.BB15D0B808F1007E18ED4A02A71E3ACE.e.9096/click - {}
RESULT: {}
COMMAND: GET /session/d4f675b322105372b3380f2dea3f05ac/screenshot - {}
RESULT: {}
COMMAND: POST /session/d4f675b322105372b3380f2dea3f05ac/element - {"using":"xpath","value":"//header[contains(@id, 'detailRruPage-headerTitle')]/div[1]/div[2]/div[2]/span[1]"}
RESULT: {"using":"xpath","value":"//header[contains(@id, 'detailRruPage-headerTitle')]/div[1]/div[2]/div[2]/span[1]"}
COMMAND: POST /session/d4f675b322105372b3380f2dea3f05ac/elements - {"using":"xpath","value":"//header[contains(@id, 'detailRruPage-headerTitle')]/div[1]/div[2]/div[2]/span[1]"}
RESULT: {"using":"xpath","value":"//header[contains(@id, 'detailRruPage-headerTitle')]/div[1]/div[2]/div[2]/span[1]"}
COMMAND: POST /session/d4f675b322105372b3380f2dea3f05ac/execute/sync - {"script":"<script> [56 bytes]","args":[{"element-6066-11e4-a52e-4f735466cecf":"f.73BB2000E1F4E36FD864906F51978B2B.d.BB15D0B808F1007E18ED4A02A71E3ACE.e.9123","ELEMENT":"f.73BB2000E1F4E36FD864906F51978B2B.d.BB15D0B808F1007E18ED4A02A71E3ACE.e.9123"}]}
RESULT: {"script":"<script> [56 bytes]","args":[{"element-6066-11e4-a52e-4f735466cecf":"f.73BB2000E1F4E36FD864906F51978B2B.d.BB15D0B808F1007E18ED4A02A71E3ACE.e.9123","ELEMENT":"f.73BB2000E1F4E36FD864906F51978B2B.d.BB15D0B808F1007E18ED4A02A71E3ACE.e.9123"}]}
COMMAND: POST /session/d4f675b322105372b3380f2dea3f05ac/element - {"using":"css selector","value":"#shell-header-logo"}
COMMAND: GET /session/d4f675b322105372b3380f2dea3f05ac/screenshot - {}
RESULT: {"using":"css selector","value":"#shell-header-logo"}
COMMAND: POST /session/d4f675b322105372b3380f2dea3f05ac/element/f.73BB2000E1F4E36FD864906F51978B2B.d.BB15D0B808F1007E18ED4A02A71E3ACE.e.8396/click - {}
RESULT: {}
RESULT: {}
COMMAND: GET /session/d4f675b322105372b3380f2dea3f05ac/screenshot - {}
RESULT: {}
]]></system-out>
    </testcase>
    <testcase classname="chrome.136_0_7103_93.windows.Provide_to_Site_w/_warehouse_management_w/o_clarification_US113782_" name="Bin Status Report Should Create New Organization yard" time="0.005"/>
    <testcase classname="chrome.136_0_7103_93.windows.Provide_to_Site_w/_warehouse_management_w/o_clarification_US113782_" name="Bin Status Report Should Create New Organization for Site" time="0.004"/>
  </testsuite>
  <testsuite timestamp="2025-05-28T16:43:04" time="327.251" tests="5" failures="5" errors="5" skipped="0">
    <properties>
      <property name="specId" value="0"/>
      <property name="suiteName" value="Provide to Site w/ warehouse management wo clarification"/>
      <property name="capabilities" value="chrome.136_0_7103_93.windows"/>
      <property name="file" value="file:///D:/a/1/s/test/specs/HTR/provide-to-site-w-warehouse-wo-clarification.spec.js"/>
    </properties>
    <testcase classname="chrome.136_0_7103_93.windows.Provide_to_Site_w/_warehouse_management_wo_clarification" name="Should do a stock increase handover" time="112.076">
      <failure/>
      <error message="Can't call click on element with selector &quot;//bdi[contains(text(), &quot;Select&quot;)]&quot; because element wasn't found"/>
      <system-out><![CDATA[
COMMAND: POST /session/d4f675b322105372b3380f2dea3f05ac/execute/async - {"script":"<script> [1562 bytes]","args":[{"selector":{"controlType":"sap.m.GenericTile","properties":{"header":"Manage Handovers"}},"wdio_ui5_key":"sapm.GenericTile{\"header\":\"Manage Handovers\"}"}]}
RESULT: {"script":"<script> [1562 bytes]","args":[{"selector":{"controlType":"sap.m.GenericTile","properties":{"header":"Manage Handovers"}},"wdio_ui5_key":"sapm.GenericTile{\"header\":\"Manage Handovers\"}"}]}
RESULT: undefined
COMMAND: POST /session/d4f675b322105372b3380f2dea3f05ac/element - {"using":"xpath","value":"//*[@id=\"__tile132\"]"}
RESULT: {"using":"xpath","value":"//*[@id=\"__tile132\"]"}
COMMAND: POST /session/d4f675b322105372b3380f2dea3f05ac/element/f.73BB2000E1F4E36FD864906F51978B2B.d.BB15D0B808F1007E18ED4A02A71E3ACE.e.8442/click - {}
RESULT: {}
COMMAND: GET /session/d4f675b322105372b3380f2dea3f05ac/screenshot - {}
COMMAND: POST /session/d4f675b322105372b3380f2dea3f05ac/elements - {"using":"xpath","value":"//span[text()='Error']"}
RESULT: {}
RESULT: {"using":"xpath","value":"//span[text()='Error']"}
COMMAND: POST /session/d4f675b322105372b3380f2dea3f05ac/element - {"using":"xpath","value":"//button[@data-kt=\"masterHOAddButton\"]"}
RESULT: {"using":"xpath","value":"//button[@data-kt=\"masterHOAddButton\"]"}
COMMAND: POST /session/d4f675b322105372b3380f2dea3f05ac/elements - {"using":"xpath","value":"//button[@data-kt=\"masterHOAddButton\"]"}
RESULT: {"using":"xpath","value":"//button[@data-kt=\"masterHOAddButton\"]"}
COMMAND: POST /session/d4f675b322105372b3380f2dea3f05ac/execute/sync - {"script":"<script> [8489 bytes]","args":[{"element-6066-11e4-a52e-4f735466cecf":"f.73BB2000E1F4E36FD864906F51978B2B.d.BB15D0B808F1007E18ED4A02A71E3ACE.e.9160","ELEMENT":"f.73BB2000E1F4E36FD864906F51978B2B.d.BB15D0B808F1007E18ED4A02A71E3ACE.e.9160"}]}
RESULT: {"script":"<script> [8489 bytes]","args":[{"element-6066-11e4-a52e-4f735466cecf":"f.73BB2000E1F4E36FD864906F51978B2B.d.BB15D0B808F1007E18ED4A02A71E3ACE.e.9160","ELEMENT":"f.73BB2000E1F4E36FD864906F51978B2B.d.BB15D0B808F1007E18ED4A02A71E3ACE.e.9160"}]}
COMMAND: GET /session/d4f675b322105372b3380f2dea3f05ac/element/f.73BB2000E1F4E36FD864906F51978B2B.d.BB15D0B808F1007E18ED4A02A71E3ACE.e.9160/enabled - {}
COMMAND: GET /session/d4f675b322105372b3380f2dea3f05ac/screenshot - {}
RESULT: {}
COMMAND: POST /session/d4f675b322105372b3380f2dea3f05ac/execute/sync - {"script":"<script> [8489 bytes]","args":[{"element-6066-11e4-a52e-4f735466cecf":"f.73BB2000E1F4E36FD864906F51978B2B.d.BB15D0B808F1007E18ED4A02A71E3ACE.e.9160","ELEMENT":"f.73BB2000E1F4E36FD864906F51978B2B.d.BB15D0B808F1007E18ED4A02A71E3ACE.e.9160"}]}
COMMAND: GET /session/d4f675b322105372b3380f2dea3f05ac/screenshot - {}
RESULT: {}
RESULT: {"script":"<script> [8489 bytes]","args":[{"element-6066-11e4-a52e-4f735466cecf":"f.73BB2000E1F4E36FD864906F51978B2B.d.BB15D0B808F1007E18ED4A02A71E3ACE.e.9160","ELEMENT":"f.73BB2000E1F4E36FD864906F51978B2B.d.BB15D0B808F1007E18ED4A02A71E3ACE.e.9160"}]}
COMMAND: POST /session/d4f675b322105372b3380f2dea3f05ac/execute/sync - {"script":"<script> [5351 bytes]","args":[{"element-6066-11e4-a52e-4f735466cecf":"f.73BB2000E1F4E36FD864906F51978B2B.d.BB15D0B808F1007E18ED4A02A71E3ACE.e.9160","ELEMENT":"f.73BB2000E1F4E36FD864906F51978B2B.d.BB15D0B808F1007E18ED4A02A71E3ACE.e.9160"}]}
COMMAND: GET /session/d4f675b322105372b3380f2dea3f05ac/screenshot - {}
RESULT: {}
RESULT: {"script":"<script> [5351 bytes]","args":[{"element-6066-11e4-a52e-4f735466cecf":"f.73BB2000E1F4E36FD864906F51978B2B.d.BB15D0B808F1007E18ED4A02A71E3ACE.e.9160","ELEMENT":"f.73BB2000E1F4E36FD864906F51978B2B.d.BB15D0B808F1007E18ED4A02A71E3ACE.e.9160"}]}
COMMAND: POST /session/d4f675b322105372b3380f2dea3f05ac/element/f.73BB2000E1F4E36FD864906F51978B2B.d.BB15D0B808F1007E18ED4A02A71E3ACE.e.9160/click - {}
COMMAND: GET /session/d4f675b322105372b3380f2dea3f05ac/screenshot - {}
RESULT: {}
RESULT: {}
COMMAND: GET /session/d4f675b322105372b3380f2dea3f05ac/screenshot - {}
RESULT: {}
RESULT: {}
COMMAND: POST /session/d4f675b322105372b3380f2dea3f05ac/element - {"using":"xpath","value":"//span[contains(@id ,\"AddNewHO--typeSelect-arrow\")]"}
RESULT: {"using":"xpath","value":"//span[contains(@id ,\"AddNewHO--typeSelect-arrow\")]"}
COMMAND: POST /session/d4f675b322105372b3380f2dea3f05ac/element/f.73BB2000E1F4E36FD864906F51978B2B.d.BB15D0B808F1007E18ED4A02A71E3ACE.e.9517/click - {}
RESULT: {}
COMMAND: GET /session/d4f675b322105372b3380f2dea3f05ac/screenshot - {}
RESULT: {}
COMMAND: POST /session/d4f675b322105372b3380f2dea3f05ac/element - {"using":"xpath","value":"(//li[contains(text(), \"stock increase yard\")])[1]"}
RESULT: {"using":"xpath","value":"(//li[contains(text(), \"stock increase yard\")])[1]"}
COMMAND: POST /session/d4f675b322105372b3380f2dea3f05ac/element/f.73BB2000E1F4E36FD864906F51978B2B.d.BB15D0B808F1007E18ED4A02A71E3ACE.e.9518/click - {}
RESULT: {}
COMMAND: GET /session/d4f675b322105372b3380f2dea3f05ac/screenshot - {}
RESULT: {}
COMMAND: POST /session/d4f675b322105372b3380f2dea3f05ac/execute/async - {"script":"<script> [1562 bytes]","args":[{"selector":{"id":"application-managehandovers-display-component---AddNewHO--dueDate","interaction":{"idSuffix":"inner"}},"wdio_ui5_key":"applicationmanagehandovers-display-component---AddNewHO--dueDate"}]}
RESULT: {"script":"<script> [1562 bytes]","args":[{"selector":{"id":"application-managehandovers-display-component---AddNewHO--dueDate","interaction":{"idSuffix":"inner"}},"wdio_ui5_key":"applicationmanagehandovers-display-component---AddNewHO--dueDate"}]}
RESULT: undefined
COMMAND: POST /session/d4f675b322105372b3380f2dea3f05ac/execute/async - {"script":"<script> [6424 bytes]","args":[{"element-6066-11e4-a52e-4f735466cecf":"f.73BB2000E1F4E36FD864906F51978B2B.d.BB15D0B808F1007E18ED4A02A71E3ACE.e.9520"},"setValue",["5/28/25"]]}
RESULT: {"script":"<script> [6424 bytes]","args":[{"element-6066-11e4-a52e-4f735466cecf":"f.73BB2000E1F4E36FD864906F51978B2B.d.BB15D0B808F1007E18ED4A02A71E3ACE.e.9520"},"setValue",["5/28/25"]]}
COMMAND: POST /session/d4f675b322105372b3380f2dea3f05ac/element - {"using":"xpath","value":"//input[@id=\"generalSectionFrg--receiveYard-inner\"]"}
RESULT: {"using":"xpath","value":"//input[@id=\"generalSectionFrg--receiveYard-inner\"]"}
COMMAND: POST /session/d4f675b322105372b3380f2dea3f05ac/element/f.73BB2000E1F4E36FD864906F51978B2B.d.BB15D0B808F1007E18ED4A02A71E3ACE.e.9526/clear - {}
RESULT: {}
COMMAND: POST /session/d4f675b322105372b3380f2dea3f05ac/element/f.73BB2000E1F4E36FD864906F51978B2B.d.BB15D0B808F1007E18ED4A02A71E3ACE.e.9526/value - {"text":"422"}
COMMAND: GET /session/d4f675b322105372b3380f2dea3f05ac/screenshot - {}
RESULT: {"text":"422"}
COMMAND: GET /session/d4f675b322105372b3380f2dea3f05ac/screenshot - {}
RESULT: {}
RESULT: {}
COMMAND: POST /session/d4f675b322105372b3380f2dea3f05ac/element - {"using":"xpath","value":"//li[.//span[text()='422']]"}
RESULT: {"using":"xpath","value":"//li[.//span[text()='422']]"}
COMMAND: POST /session/d4f675b322105372b3380f2dea3f05ac/element/f.73BB2000E1F4E36FD864906F51978B2B.d.BB15D0B808F1007E18ED4A02A71E3ACE.e.9542/click - {}
RESULT: {}
COMMAND: GET /session/d4f675b322105372b3380f2dea3f05ac/screenshot - {}
RESULT: {}
COMMAND: POST /session/d4f675b322105372b3380f2dea3f05ac/execute/async - {"script":"<script> [1562 bytes]","args":[{"selector":{"id":"application-managehandovers-display-component---AddNewHO--ObjectPageLayout-anchBar-application-managehandovers-display-component---AddNewHO--section4-anchor","interaction":{"idSuffix":"BDI-content"}},"wdio_ui5_key":"applicationmanagehandovers-display-component---AddNewHO--ObjectPageLayout-anchBar-application-managehandovers-display-component---AddNewHO--section4-anchor"}]}
RESULT: {"script":"<script> [1562 bytes]","args":[{"selector":{"id":"application-managehandovers-display-component---AddNewHO--ObjectPageLayout-anchBar-application-managehandovers-display-component---AddNewHO--section4-anchor","interaction":{"idSuffix":"BDI-content"}},"wdio_ui5_key":"applicationmanagehandovers-display-component---AddNewHO--ObjectPageLayout-anchBar-application-managehandovers-display-component---AddNewHO--section4-anchor"}]}
RESULT: undefined
COMMAND: POST /session/d4f675b322105372b3380f2dea3f05ac/element - {"using":"xpath","value":"//*[@id=\"application-managehandovers-display-component---AddNewHO--ObjectPageLayout-anchBar-application-managehandovers-display-component---AddNewHO--section4-anchor\"]"}
RESULT: {"using":"xpath","value":"//*[@id=\"application-managehandovers-display-component---AddNewHO--ObjectPageLayout-anchBar-application-managehandovers-display-component---AddNewHO--section4-anchor\"]"}
COMMAND: POST /session/d4f675b322105372b3380f2dea3f05ac/element/f.73BB2000E1F4E36FD864906F51978B2B.d.BB15D0B808F1007E18ED4A02A71E3ACE.e.9544/click - {}
RESULT: {}
COMMAND: POST /session/d4f675b322105372b3380f2dea3f05ac/element - {"using":"xpath","value":"//button[@aria-label=\"Add\"]"}
COMMAND: GET /session/d4f675b322105372b3380f2dea3f05ac/screenshot - {}
RESULT: {"using":"xpath","value":"//button[@aria-label=\"Add\"]"}
COMMAND: POST /session/d4f675b322105372b3380f2dea3f05ac/element/f.73BB2000E1F4E36FD864906F51978B2B.d.BB15D0B808F1007E18ED4A02A71E3ACE.e.9546/click - {}
RESULT: {}
RESULT: {}
COMMAND: GET /session/d4f675b322105372b3380f2dea3f05ac/screenshot - {}
RESULT: {}
COMMAND: POST /session/d4f675b322105372b3380f2dea3f05ac/execute/async - {"script":"<script> [1562 bytes]","args":[{"selector":{"id":"application-managehandovers-display-component---AddNewHO--smartFilterBar-btnBasicSearch","searchOpenDialogs":true,"interaction":{"idSuffix":"I"}},"wdio_ui5_key":"applicationmanagehandovers-display-component---AddNewHO--smartFilterBar-btnBasicSearch"}]}
RESULT: {"script":"<script> [1562 bytes]","args":[{"selector":{"id":"application-managehandovers-display-component---AddNewHO--smartFilterBar-btnBasicSearch","searchOpenDialogs":true,"interaction":{"idSuffix":"I"}},"wdio_ui5_key":"applicationmanagehandovers-display-component---AddNewHO--smartFilterBar-btnBasicSearch"}]}
RESULT: undefined
COMMAND: POST /session/d4f675b322105372b3380f2dea3f05ac/actions - {"actions":[{"id":"action33","type":"key","parameters":{},"actions":[{"type":"keyDown","value":""},{"type":"pause","duration":10},{"type":"keyUp","value":""}]}]}
RESULT: {"actions":[{"id":"action33","type":"key","parameters":{},"actions":[{"type":"keyDown","value":""},{"type":"pause","duration":10},{"type":"keyUp","value":""}]}]}
COMMAND: GET /session/d4f675b322105372b3380f2dea3f05ac/screenshot - {}
RESULT: {}
COMMAND: POST /session/d4f675b322105372b3380f2dea3f05ac/execute/async - {"script":"<script> [1562 bytes]","args":[{"selector":{"id":"application-managehandovers-display-component---AddNewHO--popup-sa","searchOpenDialogs":true,"interaction":{"idSuffix":"CbBg"}},"wdio_ui5_key":"applicationmanagehandovers-display-component---AddNewHO--popup-sa"}]}
RESULT: {"script":"<script> [1562 bytes]","args":[{"selector":{"id":"application-managehandovers-display-component---AddNewHO--popup-sa","searchOpenDialogs":true,"interaction":{"idSuffix":"CbBg"}},"wdio_ui5_key":"applicationmanagehandovers-display-component---AddNewHO--popup-sa"}]}
RESULT: undefined
COMMAND: POST /session/d4f675b322105372b3380f2dea3f05ac/element - {"using":"xpath","value":"//bdi[contains(text(), \"Select\")]"}
RESULT: {"using":"xpath","value":"//bdi[contains(text(), \"Select\")]"}
COMMAND: POST /session/d4f675b322105372b3380f2dea3f05ac/elements - {"using":"xpath","value":"//bdi[contains(text(), \"Select\")]"}
RESULT: {"using":"xpath","value":"//bdi[contains(text(), \"Select\")]"}
COMMAND: POST /session/d4f675b322105372b3380f2dea3f05ac/elements - {"using":"xpath","value":"//bdi[contains(text(), \"Select\")]"}
RESULT: {"using":"xpath","value":"//bdi[contains(text(), \"Select\")]"}
COMMAND: POST /session/d4f675b322105372b3380f2dea3f05ac/elements - {"using":"xpath","value":"//bdi[contains(text(), \"Select\")]"}
RESULT: {"using":"xpath","value":"//bdi[contains(text(), \"Select\")]"}
COMMAND: POST /session/d4f675b322105372b3380f2dea3f05ac/elements - {"using":"xpath","value":"//bdi[contains(text(), \"Select\")]"}
RESULT: {"using":"xpath","value":"//bdi[contains(text(), \"Select\")]"}
COMMAND: POST /session/d4f675b322105372b3380f2dea3f05ac/elements - {"using":"xpath","value":"//bdi[contains(text(), \"Select\")]"}
RESULT: {"using":"xpath","value":"//bdi[contains(text(), \"Select\")]"}
COMMAND: POST /session/d4f675b322105372b3380f2dea3f05ac/elements - {"using":"xpath","value":"//bdi[contains(text(), \"Select\")]"}
RESULT: {"using":"xpath","value":"//bdi[contains(text(), \"Select\")]"}
COMMAND: POST /session/d4f675b322105372b3380f2dea3f05ac/elements - {"using":"xpath","value":"//bdi[contains(text(), \"Select\")]"}
RESULT: {"using":"xpath","value":"//bdi[contains(text(), \"Select\")]"}
COMMAND: POST /session/d4f675b322105372b3380f2dea3f05ac/elements - {"using":"xpath","value":"//bdi[contains(text(), \"Select\")]"}
RESULT: {"using":"xpath","value":"//bdi[contains(text(), \"Select\")]"}
COMMAND: POST /session/d4f675b322105372b3380f2dea3f05ac/elements - {"using":"xpath","value":"//bdi[contains(text(), \"Select\")]"}
RESULT: {"using":"xpath","value":"//bdi[contains(text(), \"Select\")]"}
COMMAND: POST /session/d4f675b322105372b3380f2dea3f05ac/elements - {"using":"xpath","value":"//bdi[contains(text(), \"Select\")]"}
RESULT: {"using":"xpath","value":"//bdi[contains(text(), \"Select\")]"}
COMMAND: POST /session/d4f675b322105372b3380f2dea3f05ac/elements - {"using":"xpath","value":"//bdi[contains(text(), \"Select\")]"}
RESULT: {"using":"xpath","value":"//bdi[contains(text(), \"Select\")]"}
COMMAND: POST /session/d4f675b322105372b3380f2dea3f05ac/elements - {"using":"xpath","value":"//bdi[contains(text(), \"Select\")]"}
RESULT: {"using":"xpath","value":"//bdi[contains(text(), \"Select\")]"}
COMMAND: POST /session/d4f675b322105372b3380f2dea3f05ac/elements - {"using":"xpath","value":"//bdi[contains(text(), \"Select\")]"}
RESULT: {"using":"xpath","value":"//bdi[contains(text(), \"Select\")]"}
COMMAND: POST /session/d4f675b322105372b3380f2dea3f05ac/elements - {"using":"xpath","value":"//bdi[contains(text(), \"Select\")]"}
RESULT: {"using":"xpath","value":"//bdi[contains(text(), \"Select\")]"}
COMMAND: POST /session/d4f675b322105372b3380f2dea3f05ac/elements - {"using":"xpath","value":"//bdi[contains(text(), \"Select\")]"}
RESULT: {"using":"xpath","value":"//bdi[contains(text(), \"Select\")]"}
COMMAND: POST /session/d4f675b322105372b3380f2dea3f05ac/elements - {"using":"xpath","value":"//bdi[contains(text(), \"Select\")]"}
RESULT: {"using":"xpath","value":"//bdi[contains(text(), \"Select\")]"}
COMMAND: POST /session/d4f675b322105372b3380f2dea3f05ac/elements - {"using":"xpath","value":"//bdi[contains(text(), \"Select\")]"}
RESULT: {"using":"xpath","value":"//bdi[contains(text(), \"Select\")]"}
COMMAND: POST /session/d4f675b322105372b3380f2dea3f05ac/elements - {"using":"xpath","value":"//bdi[contains(text(), \"Select\")]"}
RESULT: {"using":"xpath","value":"//bdi[contains(text(), \"Select\")]"}
COMMAND: POST /session/d4f675b322105372b3380f2dea3f05ac/elements - {"using":"xpath","value":"//bdi[contains(text(), \"Select\")]"}
RESULT: {"using":"xpath","value":"//bdi[contains(text(), \"Select\")]"}
COMMAND: POST /session/d4f675b322105372b3380f2dea3f05ac/elements - {"using":"xpath","value":"//bdi[contains(text(), \"Select\")]"}
RESULT: {"using":"xpath","value":"//bdi[contains(text(), \"Select\")]"}
COMMAND: POST /session/d4f675b322105372b3380f2dea3f05ac/elements - {"using":"xpath","value":"//bdi[contains(text(), \"Select\")]"}
RESULT: {"using":"xpath","value":"//bdi[contains(text(), \"Select\")]"}
COMMAND: POST /session/d4f675b322105372b3380f2dea3f05ac/elements - {"using":"xpath","value":"//bdi[contains(text(), \"Select\")]"}
RESULT: {"using":"xpath","value":"//bdi[contains(text(), \"Select\")]"}
COMMAND: POST /session/d4f675b322105372b3380f2dea3f05ac/elements - {"using":"xpath","value":"//bdi[contains(text(), \"Select\")]"}
RESULT: {"using":"xpath","value":"//bdi[contains(text(), \"Select\")]"}
COMMAND: POST /session/d4f675b322105372b3380f2dea3f05ac/elements - {"using":"xpath","value":"//bdi[contains(text(), \"Select\")]"}
RESULT: {"using":"xpath","value":"//bdi[contains(text(), \"Select\")]"}
COMMAND: POST /session/d4f675b322105372b3380f2dea3f05ac/elements - {"using":"xpath","value":"//bdi[contains(text(), \"Select\")]"}
RESULT: {"using":"xpath","value":"//bdi[contains(text(), \"Select\")]"}
COMMAND: POST /session/d4f675b322105372b3380f2dea3f05ac/elements - {"using":"xpath","value":"//bdi[contains(text(), \"Select\")]"}
RESULT: {"using":"xpath","value":"//bdi[contains(text(), \"Select\")]"}
COMMAND: POST /session/d4f675b322105372b3380f2dea3f05ac/elements - {"using":"xpath","value":"//bdi[contains(text(), \"Select\")]"}
RESULT: {"using":"xpath","value":"//bdi[contains(text(), \"Select\")]"}
COMMAND: POST /session/d4f675b322105372b3380f2dea3f05ac/elements - {"using":"xpath","value":"//bdi[contains(text(), \"Select\")]"}
RESULT: {"using":"xpath","value":"//bdi[contains(text(), \"Select\")]"}
COMMAND: POST /session/d4f675b322105372b3380f2dea3f05ac/elements - {"using":"xpath","value":"//bdi[contains(text(), \"Select\")]"}
RESULT: {"using":"xpath","value":"//bdi[contains(text(), \"Select\")]"}
COMMAND: POST /session/d4f675b322105372b3380f2dea3f05ac/elements - {"using":"xpath","value":"//bdi[contains(text(), \"Select\")]"}
RESULT: {"using":"xpath","value":"//bdi[contains(text(), \"Select\")]"}
COMMAND: POST /session/d4f675b322105372b3380f2dea3f05ac/elements - {"using":"xpath","value":"//bdi[contains(text(), \"Select\")]"}
RESULT: {"using":"xpath","value":"//bdi[contains(text(), \"Select\")]"}
COMMAND: POST /session/d4f675b322105372b3380f2dea3f05ac/elements - {"using":"xpath","value":"//bdi[contains(text(), \"Select\")]"}
RESULT: {"using":"xpath","value":"//bdi[contains(text(), \"Select\")]"}
COMMAND: POST /session/d4f675b322105372b3380f2dea3f05ac/elements - {"using":"xpath","value":"//bdi[contains(text(), \"Select\")]"}
RESULT: {"using":"xpath","value":"//bdi[contains(text(), \"Select\")]"}
COMMAND: POST /session/d4f675b322105372b3380f2dea3f05ac/elements - {"using":"xpath","value":"//bdi[contains(text(), \"Select\")]"}
RESULT: {"using":"xpath","value":"//bdi[contains(text(), \"Select\")]"}
COMMAND: POST /session/d4f675b322105372b3380f2dea3f05ac/elements - {"using":"xpath","value":"//bdi[contains(text(), \"Select\")]"}
RESULT: {"using":"xpath","value":"//bdi[contains(text(), \"Select\")]"}
COMMAND: POST /session/d4f675b322105372b3380f2dea3f05ac/elements - {"using":"xpath","value":"//bdi[contains(text(), \"Select\")]"}
RESULT: {"using":"xpath","value":"//bdi[contains(text(), \"Select\")]"}
COMMAND: POST /session/d4f675b322105372b3380f2dea3f05ac/elements - {"using":"xpath","value":"//bdi[contains(text(), \"Select\")]"}
RESULT: {"using":"xpath","value":"//bdi[contains(text(), \"Select\")]"}
COMMAND: POST /session/d4f675b322105372b3380f2dea3f05ac/elements - {"using":"xpath","value":"//bdi[contains(text(), \"Select\")]"}
RESULT: {"using":"xpath","value":"//bdi[contains(text(), \"Select\")]"}
COMMAND: POST /session/d4f675b322105372b3380f2dea3f05ac/elements - {"using":"xpath","value":"//bdi[contains(text(), \"Select\")]"}
RESULT: {"using":"xpath","value":"//bdi[contains(text(), \"Select\")]"}
COMMAND: POST /session/d4f675b322105372b3380f2dea3f05ac/elements - {"using":"xpath","value":"//bdi[contains(text(), \"Select\")]"}
RESULT: {"using":"xpath","value":"//bdi[contains(text(), \"Select\")]"}
COMMAND: POST /session/d4f675b322105372b3380f2dea3f05ac/elements - {"using":"xpath","value":"//bdi[contains(text(), \"Select\")]"}
RESULT: {"using":"xpath","value":"//bdi[contains(text(), \"Select\")]"}
COMMAND: POST /session/d4f675b322105372b3380f2dea3f05ac/elements - {"using":"xpath","value":"//bdi[contains(text(), \"Select\")]"}
RESULT: {"using":"xpath","value":"//bdi[contains(text(), \"Select\")]"}
COMMAND: POST /session/d4f675b322105372b3380f2dea3f05ac/elements - {"using":"xpath","value":"//bdi[contains(text(), \"Select\")]"}
RESULT: {"using":"xpath","value":"//bdi[contains(text(), \"Select\")]"}
COMMAND: POST /session/d4f675b322105372b3380f2dea3f05ac/elements - {"using":"xpath","value":"//bdi[contains(text(), \"Select\")]"}
RESULT: {"using":"xpath","value":"//bdi[contains(text(), \"Select\")]"}
COMMAND: POST /session/d4f675b322105372b3380f2dea3f05ac/elements - {"using":"xpath","value":"//bdi[contains(text(), \"Select\")]"}
RESULT: {"using":"xpath","value":"//bdi[contains(text(), \"Select\")]"}
COMMAND: POST /session/d4f675b322105372b3380f2dea3f05ac/elements - {"using":"xpath","value":"//bdi[contains(text(), \"Select\")]"}
RESULT: {"using":"xpath","value":"//bdi[contains(text(), \"Select\")]"}
COMMAND: POST /session/d4f675b322105372b3380f2dea3f05ac/elements - {"using":"xpath","value":"//bdi[contains(text(), \"Select\")]"}
RESULT: {"using":"xpath","value":"//bdi[contains(text(), \"Select\")]"}
COMMAND: POST /session/d4f675b322105372b3380f2dea3f05ac/elements - {"using":"xpath","value":"//bdi[contains(text(), \"Select\")]"}
RESULT: {"using":"xpath","value":"//bdi[contains(text(), \"Select\")]"}
COMMAND: POST /session/d4f675b322105372b3380f2dea3f05ac/elements - {"using":"xpath","value":"//bdi[contains(text(), \"Select\")]"}
RESULT: {"using":"xpath","value":"//bdi[contains(text(), \"Select\")]"}
COMMAND: POST /session/d4f675b322105372b3380f2dea3f05ac/elements - {"using":"xpath","value":"//bdi[contains(text(), \"Select\")]"}
RESULT: {"using":"xpath","value":"//bdi[contains(text(), \"Select\")]"}
COMMAND: POST /session/d4f675b322105372b3380f2dea3f05ac/elements - {"using":"xpath","value":"//bdi[contains(text(), \"Select\")]"}
RESULT: {"using":"xpath","value":"//bdi[contains(text(), \"Select\")]"}
COMMAND: POST /session/d4f675b322105372b3380f2dea3f05ac/elements - {"using":"xpath","value":"//bdi[contains(text(), \"Select\")]"}
RESULT: {"using":"xpath","value":"//bdi[contains(text(), \"Select\")]"}
COMMAND: POST /session/d4f675b322105372b3380f2dea3f05ac/elements - {"using":"xpath","value":"//bdi[contains(text(), \"Select\")]"}
RESULT: {"using":"xpath","value":"//bdi[contains(text(), \"Select\")]"}
COMMAND: POST /session/d4f675b322105372b3380f2dea3f05ac/elements - {"using":"xpath","value":"//bdi[contains(text(), \"Select\")]"}
RESULT: {"using":"xpath","value":"//bdi[contains(text(), \"Select\")]"}
COMMAND: POST /session/d4f675b322105372b3380f2dea3f05ac/elements - {"using":"xpath","value":"//bdi[contains(text(), \"Select\")]"}
RESULT: {"using":"xpath","value":"//bdi[contains(text(), \"Select\")]"}
COMMAND: POST /session/d4f675b322105372b3380f2dea3f05ac/elements - {"using":"xpath","value":"//bdi[contains(text(), \"Select\")]"}
RESULT: {"using":"xpath","value":"//bdi[contains(text(), \"Select\")]"}
COMMAND: POST /session/d4f675b322105372b3380f2dea3f05ac/elements - {"using":"xpath","value":"//bdi[contains(text(), \"Select\")]"}
RESULT: {"using":"xpath","value":"//bdi[contains(text(), \"Select\")]"}
COMMAND: POST /session/d4f675b322105372b3380f2dea3f05ac/elements - {"using":"xpath","value":"//bdi[contains(text(), \"Select\")]"}
RESULT: {"using":"xpath","value":"//bdi[contains(text(), \"Select\")]"}
COMMAND: POST /session/d4f675b322105372b3380f2dea3f05ac/elements - {"using":"xpath","value":"//bdi[contains(text(), \"Select\")]"}
RESULT: {"using":"xpath","value":"//bdi[contains(text(), \"Select\")]"}
COMMAND: POST /session/d4f675b322105372b3380f2dea3f05ac/elements - {"using":"xpath","value":"//bdi[contains(text(), \"Select\")]"}
RESULT: {"using":"xpath","value":"//bdi[contains(text(), \"Select\")]"}
COMMAND: POST /session/d4f675b322105372b3380f2dea3f05ac/elements - {"using":"xpath","value":"//bdi[contains(text(), \"Select\")]"}
RESULT: {"using":"xpath","value":"//bdi[contains(text(), \"Select\")]"}
COMMAND: POST /session/d4f675b322105372b3380f2dea3f05ac/elements - {"using":"xpath","value":"//bdi[contains(text(), \"Select\")]"}
RESULT: {"using":"xpath","value":"//bdi[contains(text(), \"Select\")]"}
COMMAND: POST /session/d4f675b322105372b3380f2dea3f05ac/elements - {"using":"xpath","value":"//bdi[contains(text(), \"Select\")]"}
RESULT: {"using":"xpath","value":"//bdi[contains(text(), \"Select\")]"}
COMMAND: POST /session/d4f675b322105372b3380f2dea3f05ac/elements - {"using":"xpath","value":"//bdi[contains(text(), \"Select\")]"}
RESULT: {"using":"xpath","value":"//bdi[contains(text(), \"Select\")]"}
COMMAND: POST /session/d4f675b322105372b3380f2dea3f05ac/elements - {"using":"xpath","value":"//bdi[contains(text(), \"Select\")]"}
RESULT: {"using":"xpath","value":"//bdi[contains(text(), \"Select\")]"}
COMMAND: POST /session/d4f675b322105372b3380f2dea3f05ac/elements - {"using":"xpath","value":"//bdi[contains(text(), \"Select\")]"}
RESULT: {"using":"xpath","value":"//bdi[contains(text(), \"Select\")]"}
COMMAND: POST /session/d4f675b322105372b3380f2dea3f05ac/elements - {"using":"xpath","value":"//bdi[contains(text(), \"Select\")]"}
RESULT: {"using":"xpath","value":"//bdi[contains(text(), \"Select\")]"}
COMMAND: POST /session/d4f675b322105372b3380f2dea3f05ac/elements - {"using":"xpath","value":"//bdi[contains(text(), \"Select\")]"}
RESULT: {"using":"xpath","value":"//bdi[contains(text(), \"Select\")]"}
COMMAND: POST /session/d4f675b322105372b3380f2dea3f05ac/elements - {"using":"xpath","value":"//bdi[contains(text(), \"Select\")]"}
RESULT: {"using":"xpath","value":"//bdi[contains(text(), \"Select\")]"}
COMMAND: POST /session/d4f675b322105372b3380f2dea3f05ac/elements - {"using":"xpath","value":"//bdi[contains(text(), \"Select\")]"}
RESULT: {"using":"xpath","value":"//bdi[contains(text(), \"Select\")]"}
COMMAND: POST /session/d4f675b322105372b3380f2dea3f05ac/elements - {"using":"xpath","value":"//bdi[contains(text(), \"Select\")]"}
RESULT: {"using":"xpath","value":"//bdi[contains(text(), \"Select\")]"}
COMMAND: POST /session/d4f675b322105372b3380f2dea3f05ac/elements - {"using":"xpath","value":"//bdi[contains(text(), \"Select\")]"}
RESULT: {"using":"xpath","value":"//bdi[contains(text(), \"Select\")]"}
COMMAND: POST /session/d4f675b322105372b3380f2dea3f05ac/elements - {"using":"xpath","value":"//bdi[contains(text(), \"Select\")]"}
RESULT: {"using":"xpath","value":"//bdi[contains(text(), \"Select\")]"}
COMMAND: POST /session/d4f675b322105372b3380f2dea3f05ac/elements - {"using":"xpath","value":"//bdi[contains(text(), \"Select\")]"}
RESULT: {"using":"xpath","value":"//bdi[contains(text(), \"Select\")]"}
COMMAND: POST /session/d4f675b322105372b3380f2dea3f05ac/elements - {"using":"xpath","value":"//bdi[contains(text(), \"Select\")]"}
RESULT: {"using":"xpath","value":"//bdi[contains(text(), \"Select\")]"}
COMMAND: POST /session/d4f675b322105372b3380f2dea3f05ac/elements - {"using":"xpath","value":"//bdi[contains(text(), \"Select\")]"}
RESULT: {"using":"xpath","value":"//bdi[contains(text(), \"Select\")]"}
COMMAND: POST /session/d4f675b322105372b3380f2dea3f05ac/elements - {"using":"xpath","value":"//bdi[contains(text(), \"Select\")]"}
RESULT: {"using":"xpath","value":"//bdi[contains(text(), \"Select\")]"}
COMMAND: POST /session/d4f675b322105372b3380f2dea3f05ac/elements - {"using":"xpath","value":"//bdi[contains(text(), \"Select\")]"}
RESULT: {"using":"xpath","value":"//bdi[contains(text(), \"Select\")]"}
COMMAND: POST /session/d4f675b322105372b3380f2dea3f05ac/elements - {"using":"xpath","value":"//bdi[contains(text(), \"Select\")]"}
RESULT: {"using":"xpath","value":"//bdi[contains(text(), \"Select\")]"}
COMMAND: POST /session/d4f675b322105372b3380f2dea3f05ac/elements - {"using":"xpath","value":"//bdi[contains(text(), \"Select\")]"}
RESULT: {"using":"xpath","value":"//bdi[contains(text(), \"Select\")]"}
COMMAND: POST /session/d4f675b322105372b3380f2dea3f05ac/elements - {"using":"xpath","value":"//bdi[contains(text(), \"Select\")]"}
RESULT: {"using":"xpath","value":"//bdi[contains(text(), \"Select\")]"}
COMMAND: POST /session/d4f675b322105372b3380f2dea3f05ac/elements - {"using":"xpath","value":"//bdi[contains(text(), \"Select\")]"}
RESULT: {"using":"xpath","value":"//bdi[contains(text(), \"Select\")]"}
COMMAND: POST /session/d4f675b322105372b3380f2dea3f05ac/elements - {"using":"xpath","value":"//bdi[contains(text(), \"Select\")]"}
RESULT: {"using":"xpath","value":"//bdi[contains(text(), \"Select\")]"}
COMMAND: POST /session/d4f675b322105372b3380f2dea3f05ac/elements - {"using":"xpath","value":"//bdi[contains(text(), \"Select\")]"}
RESULT: {"using":"xpath","value":"//bdi[contains(text(), \"Select\")]"}
COMMAND: POST /session/d4f675b322105372b3380f2dea3f05ac/elements - {"using":"xpath","value":"//bdi[contains(text(), \"Select\")]"}
RESULT: {"using":"xpath","value":"//bdi[contains(text(), \"Select\")]"}
COMMAND: POST /session/d4f675b322105372b3380f2dea3f05ac/elements - {"using":"xpath","value":"//bdi[contains(text(), \"Select\")]"}
RESULT: {"using":"xpath","value":"//bdi[contains(text(), \"Select\")]"}
COMMAND: POST /session/d4f675b322105372b3380f2dea3f05ac/elements - {"using":"xpath","value":"//bdi[contains(text(), \"Select\")]"}
RESULT: {"using":"xpath","value":"//bdi[contains(text(), \"Select\")]"}
COMMAND: POST /session/d4f675b322105372b3380f2dea3f05ac/elements - {"using":"xpath","value":"//bdi[contains(text(), \"Select\")]"}
RESULT: {"using":"xpath","value":"//bdi[contains(text(), \"Select\")]"}
COMMAND: POST /session/d4f675b322105372b3380f2dea3f05ac/elements - {"using":"xpath","value":"//bdi[contains(text(), \"Select\")]"}
RESULT: {"using":"xpath","value":"//bdi[contains(text(), \"Select\")]"}
COMMAND: POST /session/d4f675b322105372b3380f2dea3f05ac/elements - {"using":"xpath","value":"//bdi[contains(text(), \"Select\")]"}
RESULT: {"using":"xpath","value":"//bdi[contains(text(), \"Select\")]"}
COMMAND: POST /session/d4f675b322105372b3380f2dea3f05ac/elements - {"using":"xpath","value":"//bdi[contains(text(), \"Select\")]"}
RESULT: {"using":"xpath","value":"//bdi[contains(text(), \"Select\")]"}
COMMAND: POST /session/d4f675b322105372b3380f2dea3f05ac/elements - {"using":"xpath","value":"//bdi[contains(text(), \"Select\")]"}
RESULT: {"using":"xpath","value":"//bdi[contains(text(), \"Select\")]"}
COMMAND: POST /session/d4f675b322105372b3380f2dea3f05ac/elements - {"using":"xpath","value":"//bdi[contains(text(), \"Select\")]"}
RESULT: {"using":"xpath","value":"//bdi[contains(text(), \"Select\")]"}
COMMAND: POST /session/d4f675b322105372b3380f2dea3f05ac/elements - {"using":"xpath","value":"//bdi[contains(text(), \"Select\")]"}
RESULT: {"using":"xpath","value":"//bdi[contains(text(), \"Select\")]"}
COMMAND: POST /session/d4f675b322105372b3380f2dea3f05ac/elements - {"using":"xpath","value":"//bdi[contains(text(), \"Select\")]"}
RESULT: {"using":"xpath","value":"//bdi[contains(text(), \"Select\")]"}
COMMAND: POST /session/d4f675b322105372b3380f2dea3f05ac/elements - {"using":"xpath","value":"//bdi[contains(text(), \"Select\")]"}
RESULT: {"using":"xpath","value":"//bdi[contains(text(), \"Select\")]"}
COMMAND: POST /session/d4f675b322105372b3380f2dea3f05ac/elements - {"using":"xpath","value":"//bdi[contains(text(), \"Select\")]"}
RESULT: {"using":"xpath","value":"//bdi[contains(text(), \"Select\")]"}
COMMAND: POST /session/d4f675b322105372b3380f2dea3f05ac/elements - {"using":"xpath","value":"//bdi[contains(text(), \"Select\")]"}
RESULT: {"using":"xpath","value":"//bdi[contains(text(), \"Select\")]"}
COMMAND: POST /session/d4f675b322105372b3380f2dea3f05ac/elements - {"using":"xpath","value":"//bdi[contains(text(), \"Select\")]"}
RESULT: {"using":"xpath","value":"//bdi[contains(text(), \"Select\")]"}
COMMAND: POST /session/d4f675b322105372b3380f2dea3f05ac/elements - {"using":"xpath","value":"//bdi[contains(text(), \"Select\")]"}
RESULT: {"using":"xpath","value":"//bdi[contains(text(), \"Select\")]"}
COMMAND: POST /session/d4f675b322105372b3380f2dea3f05ac/elements - {"using":"xpath","value":"//bdi[contains(text(), \"Select\")]"}
RESULT: {"using":"xpath","value":"//bdi[contains(text(), \"Select\")]"}
COMMAND: POST /session/d4f675b322105372b3380f2dea3f05ac/elements - {"using":"xpath","value":"//bdi[contains(text(), \"Select\")]"}
RESULT: {"using":"xpath","value":"//bdi[contains(text(), \"Select\")]"}
COMMAND: POST /session/d4f675b322105372b3380f2dea3f05ac/elements - {"using":"xpath","value":"//bdi[contains(text(), \"Select\")]"}
RESULT: {"using":"xpath","value":"//bdi[contains(text(), \"Select\")]"}
COMMAND: POST /session/d4f675b322105372b3380f2dea3f05ac/elements - {"using":"xpath","value":"//bdi[contains(text(), \"Select\")]"}
RESULT: {"using":"xpath","value":"//bdi[contains(text(), \"Select\")]"}
COMMAND: POST /session/d4f675b322105372b3380f2dea3f05ac/elements - {"using":"xpath","value":"//bdi[contains(text(), \"Select\")]"}
RESULT: {"using":"xpath","value":"//bdi[contains(text(), \"Select\")]"}
COMMAND: POST /session/d4f675b322105372b3380f2dea3f05ac/elements - {"using":"xpath","value":"//bdi[contains(text(), \"Select\")]"}
RESULT: {"using":"xpath","value":"//bdi[contains(text(), \"Select\")]"}
COMMAND: POST /session/d4f675b322105372b3380f2dea3f05ac/elements - {"using":"xpath","value":"//bdi[contains(text(), \"Select\")]"}
RESULT: {"using":"xpath","value":"//bdi[contains(text(), \"Select\")]"}
COMMAND: POST /session/d4f675b322105372b3380f2dea3f05ac/elements - {"using":"xpath","value":"//bdi[contains(text(), \"Select\")]"}
RESULT: {"using":"xpath","value":"//bdi[contains(text(), \"Select\")]"}
COMMAND: POST /session/d4f675b322105372b3380f2dea3f05ac/elements - {"using":"xpath","value":"//bdi[contains(text(), \"Select\")]"}
RESULT: {"using":"xpath","value":"//bdi[contains(text(), \"Select\")]"}
COMMAND: POST /session/d4f675b322105372b3380f2dea3f05ac/elements - {"using":"xpath","value":"//bdi[contains(text(), \"Select\")]"}
RESULT: {"using":"xpath","value":"//bdi[contains(text(), \"Select\")]"}
COMMAND: POST /session/d4f675b322105372b3380f2dea3f05ac/elements - {"using":"xpath","value":"//bdi[contains(text(), \"Select\")]"}
RESULT: {"using":"xpath","value":"//bdi[contains(text(), \"Select\")]"}
COMMAND: POST /session/d4f675b322105372b3380f2dea3f05ac/elements - {"using":"xpath","value":"//bdi[contains(text(), \"Select\")]"}
RESULT: {"using":"xpath","value":"//bdi[contains(text(), \"Select\")]"}
COMMAND: POST /session/d4f675b322105372b3380f2dea3f05ac/elements - {"using":"xpath","value":"//bdi[contains(text(), \"Select\")]"}
RESULT: {"using":"xpath","value":"//bdi[contains(text(), \"Select\")]"}
COMMAND: POST /session/d4f675b322105372b3380f2dea3f05ac/elements - {"using":"xpath","value":"//bdi[contains(text(), \"Select\")]"}
RESULT: {"using":"xpath","value":"//bdi[contains(text(), \"Select\")]"}
COMMAND: POST /session/d4f675b322105372b3380f2dea3f05ac/elements - {"using":"xpath","value":"//bdi[contains(text(), \"Select\")]"}
RESULT: {"using":"xpath","value":"//bdi[contains(text(), \"Select\")]"}
COMMAND: POST /session/d4f675b322105372b3380f2dea3f05ac/elements - {"using":"xpath","value":"//bdi[contains(text(), \"Select\")]"}
RESULT: {"using":"xpath","value":"//bdi[contains(text(), \"Select\")]"}
COMMAND: POST /session/d4f675b322105372b3380f2dea3f05ac/elements - {"using":"xpath","value":"//bdi[contains(text(), \"Select\")]"}
RESULT: {"using":"xpath","value":"//bdi[contains(text(), \"Select\")]"}
COMMAND: POST /session/d4f675b322105372b3380f2dea3f05ac/elements - {"using":"xpath","value":"//bdi[contains(text(), \"Select\")]"}
RESULT: {"using":"xpath","value":"//bdi[contains(text(), \"Select\")]"}
COMMAND: POST /session/d4f675b322105372b3380f2dea3f05ac/elements - {"using":"xpath","value":"//bdi[contains(text(), \"Select\")]"}
RESULT: {"using":"xpath","value":"//bdi[contains(text(), \"Select\")]"}
COMMAND: POST /session/d4f675b322105372b3380f2dea3f05ac/elements - {"using":"xpath","value":"//bdi[contains(text(), \"Select\")]"}
RESULT: {"using":"xpath","value":"//bdi[contains(text(), \"Select\")]"}
COMMAND: POST /session/d4f675b322105372b3380f2dea3f05ac/elements - {"using":"xpath","value":"//bdi[contains(text(), \"Select\")]"}
COMMAND: GET /session/d4f675b322105372b3380f2dea3f05ac/screenshot - {}
RESULT: {"using":"xpath","value":"//bdi[contains(text(), \"Select\")]"}
RESULT: {}
]]></system-out>
      <system-err><![CDATA[
Error: Can't call click on element with selector "//bdi[contains(text(), "Select")]" because element wasn't found
    at async UtilsPrerequisites.stockIncrease (D:\a\1\s\test\specs\BTS\prerequisites-and-utils-functions.js:1677:9)
    at async Context.<anonymous> (D:\a\1\s\test\specs\HTR\provide-to-site-w-warehouse-wo-clarification.spec.js:70:9)
]]></system-err>
    </testcase>
    <testcase classname="chrome.136_0_7103_93.windows.Provide_to_Site_w/_warehouse_management_wo_clarification" name="Should create a new contract" time="59.891">
      <failure/>
      <error message="element (&quot;//button[@data-kt=&quot;addButton&quot;]&quot;) still not existing after 45000ms"/>
      <system-out><![CDATA[
COMMAND: POST /session/d4f675b322105372b3380f2dea3f05ac/execute/async - {"script":"<script> [1562 bytes]","args":[{"selector":{"controlType":"sap.m.GenericTile","properties":{"header":"Manage Contracts"}},"wdio_ui5_key":"sapm.GenericTile{\"header\":\"Manage Contracts\"}"}]}
COMMAND: GET /session/d4f675b322105372b3380f2dea3f05ac/screenshot - {}
RESULT: {"script":"<script> [1562 bytes]","args":[{"selector":{"controlType":"sap.m.GenericTile","properties":{"header":"Manage Contracts"}},"wdio_ui5_key":"sapm.GenericTile{\"header\":\"Manage Contracts\"}"}]}
RESULT: undefined
RESULT: {}
COMMAND: POST /session/d4f675b322105372b3380f2dea3f05ac/elements - {"using":"xpath","value":"//span[text()='Error']"}
RESULT: {"using":"xpath","value":"//span[text()='Error']"}
COMMAND: POST /session/d4f675b322105372b3380f2dea3f05ac/element - {"using":"xpath","value":"//button[@data-kt=\"addButton\"]"}
RESULT: {"using":"xpath","value":"//button[@data-kt=\"addButton\"]"}
COMMAND: POST /session/d4f675b322105372b3380f2dea3f05ac/elements - {"using":"xpath","value":"//button[@data-kt=\"addButton\"]"}
RESULT: {"using":"xpath","value":"//button[@data-kt=\"addButton\"]"}
COMMAND: POST /session/d4f675b322105372b3380f2dea3f05ac/elements - {"using":"xpath","value":"//button[@data-kt=\"addButton\"]"}
RESULT: {"using":"xpath","value":"//button[@data-kt=\"addButton\"]"}
COMMAND: POST /session/d4f675b322105372b3380f2dea3f05ac/elements - {"using":"xpath","value":"//button[@data-kt=\"addButton\"]"}
RESULT: {"using":"xpath","value":"//button[@data-kt=\"addButton\"]"}
COMMAND: POST /session/d4f675b322105372b3380f2dea3f05ac/elements - {"using":"xpath","value":"//button[@data-kt=\"addButton\"]"}
RESULT: {"using":"xpath","value":"//button[@data-kt=\"addButton\"]"}
COMMAND: POST /session/d4f675b322105372b3380f2dea3f05ac/elements - {"using":"xpath","value":"//button[@data-kt=\"addButton\"]"}
RESULT: {"using":"xpath","value":"//button[@data-kt=\"addButton\"]"}
COMMAND: POST /session/d4f675b322105372b3380f2dea3f05ac/elements - {"using":"xpath","value":"//button[@data-kt=\"addButton\"]"}
RESULT: {"using":"xpath","value":"//button[@data-kt=\"addButton\"]"}
COMMAND: POST /session/d4f675b322105372b3380f2dea3f05ac/elements - {"using":"xpath","value":"//button[@data-kt=\"addButton\"]"}
RESULT: {"using":"xpath","value":"//button[@data-kt=\"addButton\"]"}
COMMAND: POST /session/d4f675b322105372b3380f2dea3f05ac/elements - {"using":"xpath","value":"//button[@data-kt=\"addButton\"]"}
RESULT: {"using":"xpath","value":"//button[@data-kt=\"addButton\"]"}
COMMAND: POST /session/d4f675b322105372b3380f2dea3f05ac/elements - {"using":"xpath","value":"//button[@data-kt=\"addButton\"]"}
RESULT: {"using":"xpath","value":"//button[@data-kt=\"addButton\"]"}
COMMAND: POST /session/d4f675b322105372b3380f2dea3f05ac/elements - {"using":"xpath","value":"//button[@data-kt=\"addButton\"]"}
RESULT: {"using":"xpath","value":"//button[@data-kt=\"addButton\"]"}
COMMAND: POST /session/d4f675b322105372b3380f2dea3f05ac/elements - {"using":"xpath","value":"//button[@data-kt=\"addButton\"]"}
RESULT: {"using":"xpath","value":"//button[@data-kt=\"addButton\"]"}
COMMAND: POST /session/d4f675b322105372b3380f2dea3f05ac/elements - {"using":"xpath","value":"//button[@data-kt=\"addButton\"]"}
RESULT: {"using":"xpath","value":"//button[@data-kt=\"addButton\"]"}
COMMAND: POST /session/d4f675b322105372b3380f2dea3f05ac/elements - {"using":"xpath","value":"//button[@data-kt=\"addButton\"]"}
RESULT: {"using":"xpath","value":"//button[@data-kt=\"addButton\"]"}
COMMAND: POST /session/d4f675b322105372b3380f2dea3f05ac/elements - {"using":"xpath","value":"//button[@data-kt=\"addButton\"]"}
RESULT: {"using":"xpath","value":"//button[@data-kt=\"addButton\"]"}
COMMAND: POST /session/d4f675b322105372b3380f2dea3f05ac/elements - {"using":"xpath","value":"//button[@data-kt=\"addButton\"]"}
RESULT: {"using":"xpath","value":"//button[@data-kt=\"addButton\"]"}
COMMAND: POST /session/d4f675b322105372b3380f2dea3f05ac/elements - {"using":"xpath","value":"//button[@data-kt=\"addButton\"]"}
RESULT: {"using":"xpath","value":"//button[@data-kt=\"addButton\"]"}
COMMAND: POST /session/d4f675b322105372b3380f2dea3f05ac/elements - {"using":"xpath","value":"//button[@data-kt=\"addButton\"]"}
RESULT: {"using":"xpath","value":"//button[@data-kt=\"addButton\"]"}
COMMAND: POST /session/d4f675b322105372b3380f2dea3f05ac/elements - {"using":"xpath","value":"//button[@data-kt=\"addButton\"]"}
RESULT: {"using":"xpath","value":"//button[@data-kt=\"addButton\"]"}
COMMAND: POST /session/d4f675b322105372b3380f2dea3f05ac/elements - {"using":"xpath","value":"//button[@data-kt=\"addButton\"]"}
RESULT: {"using":"xpath","value":"//button[@data-kt=\"addButton\"]"}
COMMAND: POST /session/d4f675b322105372b3380f2dea3f05ac/elements - {"using":"xpath","value":"//button[@data-kt=\"addButton\"]"}
RESULT: {"using":"xpath","value":"//button[@data-kt=\"addButton\"]"}
COMMAND: POST /session/d4f675b322105372b3380f2dea3f05ac/elements - {"using":"xpath","value":"//button[@data-kt=\"addButton\"]"}
RESULT: {"using":"xpath","value":"//button[@data-kt=\"addButton\"]"}
COMMAND: POST /session/d4f675b322105372b3380f2dea3f05ac/elements - {"using":"xpath","value":"//button[@data-kt=\"addButton\"]"}
RESULT: {"using":"xpath","value":"//button[@data-kt=\"addButton\"]"}
COMMAND: POST /session/d4f675b322105372b3380f2dea3f05ac/elements - {"using":"xpath","value":"//button[@data-kt=\"addButton\"]"}
RESULT: {"using":"xpath","value":"//button[@data-kt=\"addButton\"]"}
COMMAND: POST /session/d4f675b322105372b3380f2dea3f05ac/elements - {"using":"xpath","value":"//button[@data-kt=\"addButton\"]"}
RESULT: {"using":"xpath","value":"//button[@data-kt=\"addButton\"]"}
COMMAND: POST /session/d4f675b322105372b3380f2dea3f05ac/elements - {"using":"xpath","value":"//button[@data-kt=\"addButton\"]"}
RESULT: {"using":"xpath","value":"//button[@data-kt=\"addButton\"]"}
COMMAND: POST /session/d4f675b322105372b3380f2dea3f05ac/elements - {"using":"xpath","value":"//button[@data-kt=\"addButton\"]"}
RESULT: {"using":"xpath","value":"//button[@data-kt=\"addButton\"]"}
COMMAND: POST /session/d4f675b322105372b3380f2dea3f05ac/elements - {"using":"xpath","value":"//button[@data-kt=\"addButton\"]"}
RESULT: {"using":"xpath","value":"//button[@data-kt=\"addButton\"]"}
COMMAND: POST /session/d4f675b322105372b3380f2dea3f05ac/elements - {"using":"xpath","value":"//button[@data-kt=\"addButton\"]"}
RESULT: {"using":"xpath","value":"//button[@data-kt=\"addButton\"]"}
COMMAND: POST /session/d4f675b322105372b3380f2dea3f05ac/elements - {"using":"xpath","value":"//button[@data-kt=\"addButton\"]"}
RESULT: {"using":"xpath","value":"//button[@data-kt=\"addButton\"]"}
COMMAND: POST /session/d4f675b322105372b3380f2dea3f05ac/elements - {"using":"xpath","value":"//button[@data-kt=\"addButton\"]"}
RESULT: {"using":"xpath","value":"//button[@data-kt=\"addButton\"]"}
COMMAND: POST /session/d4f675b322105372b3380f2dea3f05ac/elements - {"using":"xpath","value":"//button[@data-kt=\"addButton\"]"}
RESULT: {"using":"xpath","value":"//button[@data-kt=\"addButton\"]"}
COMMAND: POST /session/d4f675b322105372b3380f2dea3f05ac/elements - {"using":"xpath","value":"//button[@data-kt=\"addButton\"]"}
RESULT: {"using":"xpath","value":"//button[@data-kt=\"addButton\"]"}
COMMAND: POST /session/d4f675b322105372b3380f2dea3f05ac/elements - {"using":"xpath","value":"//button[@data-kt=\"addButton\"]"}
RESULT: {"using":"xpath","value":"//button[@data-kt=\"addButton\"]"}
COMMAND: POST /session/d4f675b322105372b3380f2dea3f05ac/elements - {"using":"xpath","value":"//button[@data-kt=\"addButton\"]"}
RESULT: {"using":"xpath","value":"//button[@data-kt=\"addButton\"]"}
COMMAND: POST /session/d4f675b322105372b3380f2dea3f05ac/elements - {"using":"xpath","value":"//button[@data-kt=\"addButton\"]"}
RESULT: {"using":"xpath","value":"//button[@data-kt=\"addButton\"]"}
COMMAND: POST /session/d4f675b322105372b3380f2dea3f05ac/elements - {"using":"xpath","value":"//button[@data-kt=\"addButton\"]"}
RESULT: {"using":"xpath","value":"//button[@data-kt=\"addButton\"]"}
COMMAND: POST /session/d4f675b322105372b3380f2dea3f05ac/elements - {"using":"xpath","value":"//button[@data-kt=\"addButton\"]"}
RESULT: {"using":"xpath","value":"//button[@data-kt=\"addButton\"]"}
COMMAND: POST /session/d4f675b322105372b3380f2dea3f05ac/elements - {"using":"xpath","value":"//button[@data-kt=\"addButton\"]"}
RESULT: {"using":"xpath","value":"//button[@data-kt=\"addButton\"]"}
COMMAND: POST /session/d4f675b322105372b3380f2dea3f05ac/elements - {"using":"xpath","value":"//button[@data-kt=\"addButton\"]"}
RESULT: {"using":"xpath","value":"//button[@data-kt=\"addButton\"]"}
COMMAND: POST /session/d4f675b322105372b3380f2dea3f05ac/elements - {"using":"xpath","value":"//button[@data-kt=\"addButton\"]"}
RESULT: {"using":"xpath","value":"//button[@data-kt=\"addButton\"]"}
COMMAND: POST /session/d4f675b322105372b3380f2dea3f05ac/elements - {"using":"xpath","value":"//button[@data-kt=\"addButton\"]"}
RESULT: {"using":"xpath","value":"//button[@data-kt=\"addButton\"]"}
COMMAND: POST /session/d4f675b322105372b3380f2dea3f05ac/elements - {"using":"xpath","value":"//button[@data-kt=\"addButton\"]"}
RESULT: {"using":"xpath","value":"//button[@data-kt=\"addButton\"]"}
COMMAND: POST /session/d4f675b322105372b3380f2dea3f05ac/elements - {"using":"xpath","value":"//button[@data-kt=\"addButton\"]"}
RESULT: {"using":"xpath","value":"//button[@data-kt=\"addButton\"]"}
COMMAND: POST /session/d4f675b322105372b3380f2dea3f05ac/elements - {"using":"xpath","value":"//button[@data-kt=\"addButton\"]"}
RESULT: {"using":"xpath","value":"//button[@data-kt=\"addButton\"]"}
COMMAND: POST /session/d4f675b322105372b3380f2dea3f05ac/elements - {"using":"xpath","value":"//button[@data-kt=\"addButton\"]"}
RESULT: {"using":"xpath","value":"//button[@data-kt=\"addButton\"]"}
COMMAND: POST /session/d4f675b322105372b3380f2dea3f05ac/elements - {"using":"xpath","value":"//button[@data-kt=\"addButton\"]"}
RESULT: {"using":"xpath","value":"//button[@data-kt=\"addButton\"]"}
COMMAND: POST /session/d4f675b322105372b3380f2dea3f05ac/elements - {"using":"xpath","value":"//button[@data-kt=\"addButton\"]"}
RESULT: {"using":"xpath","value":"//button[@data-kt=\"addButton\"]"}
COMMAND: POST /session/d4f675b322105372b3380f2dea3f05ac/elements - {"using":"xpath","value":"//button[@data-kt=\"addButton\"]"}
RESULT: {"using":"xpath","value":"//button[@data-kt=\"addButton\"]"}
COMMAND: POST /session/d4f675b322105372b3380f2dea3f05ac/elements - {"using":"xpath","value":"//button[@data-kt=\"addButton\"]"}
RESULT: {"using":"xpath","value":"//button[@data-kt=\"addButton\"]"}
COMMAND: POST /session/d4f675b322105372b3380f2dea3f05ac/elements - {"using":"xpath","value":"//button[@data-kt=\"addButton\"]"}
RESULT: {"using":"xpath","value":"//button[@data-kt=\"addButton\"]"}
COMMAND: POST /session/d4f675b322105372b3380f2dea3f05ac/elements - {"using":"xpath","value":"//button[@data-kt=\"addButton\"]"}
RESULT: {"using":"xpath","value":"//button[@data-kt=\"addButton\"]"}
COMMAND: POST /session/d4f675b322105372b3380f2dea3f05ac/elements - {"using":"xpath","value":"//button[@data-kt=\"addButton\"]"}
RESULT: {"using":"xpath","value":"//button[@data-kt=\"addButton\"]"}
COMMAND: POST /session/d4f675b322105372b3380f2dea3f05ac/elements - {"using":"xpath","value":"//button[@data-kt=\"addButton\"]"}
RESULT: {"using":"xpath","value":"//button[@data-kt=\"addButton\"]"}
COMMAND: POST /session/d4f675b322105372b3380f2dea3f05ac/elements - {"using":"xpath","value":"//button[@data-kt=\"addButton\"]"}
RESULT: {"using":"xpath","value":"//button[@data-kt=\"addButton\"]"}
COMMAND: POST /session/d4f675b322105372b3380f2dea3f05ac/elements - {"using":"xpath","value":"//button[@data-kt=\"addButton\"]"}
RESULT: {"using":"xpath","value":"//button[@data-kt=\"addButton\"]"}
COMMAND: POST /session/d4f675b322105372b3380f2dea3f05ac/elements - {"using":"xpath","value":"//button[@data-kt=\"addButton\"]"}
RESULT: {"using":"xpath","value":"//button[@data-kt=\"addButton\"]"}
COMMAND: POST /session/d4f675b322105372b3380f2dea3f05ac/elements - {"using":"xpath","value":"//button[@data-kt=\"addButton\"]"}
RESULT: {"using":"xpath","value":"//button[@data-kt=\"addButton\"]"}
COMMAND: POST /session/d4f675b322105372b3380f2dea3f05ac/elements - {"using":"xpath","value":"//button[@data-kt=\"addButton\"]"}
RESULT: {"using":"xpath","value":"//button[@data-kt=\"addButton\"]"}
COMMAND: POST /session/d4f675b322105372b3380f2dea3f05ac/elements - {"using":"xpath","value":"//button[@data-kt=\"addButton\"]"}
RESULT: {"using":"xpath","value":"//button[@data-kt=\"addButton\"]"}
COMMAND: POST /session/d4f675b322105372b3380f2dea3f05ac/elements - {"using":"xpath","value":"//button[@data-kt=\"addButton\"]"}
RESULT: {"using":"xpath","value":"//button[@data-kt=\"addButton\"]"}
COMMAND: POST /session/d4f675b322105372b3380f2dea3f05ac/elements - {"using":"xpath","value":"//button[@data-kt=\"addButton\"]"}
RESULT: {"using":"xpath","value":"//button[@data-kt=\"addButton\"]"}
COMMAND: POST /session/d4f675b322105372b3380f2dea3f05ac/elements - {"using":"xpath","value":"//button[@data-kt=\"addButton\"]"}
RESULT: {"using":"xpath","value":"//button[@data-kt=\"addButton\"]"}
COMMAND: POST /session/d4f675b322105372b3380f2dea3f05ac/elements - {"using":"xpath","value":"//button[@data-kt=\"addButton\"]"}
RESULT: {"using":"xpath","value":"//button[@data-kt=\"addButton\"]"}
COMMAND: POST /session/d4f675b322105372b3380f2dea3f05ac/elements - {"using":"xpath","value":"//button[@data-kt=\"addButton\"]"}
RESULT: {"using":"xpath","value":"//button[@data-kt=\"addButton\"]"}
COMMAND: POST /session/d4f675b322105372b3380f2dea3f05ac/elements - {"using":"xpath","value":"//button[@data-kt=\"addButton\"]"}
RESULT: {"using":"xpath","value":"//button[@data-kt=\"addButton\"]"}
COMMAND: POST /session/d4f675b322105372b3380f2dea3f05ac/elements - {"using":"xpath","value":"//button[@data-kt=\"addButton\"]"}
RESULT: {"using":"xpath","value":"//button[@data-kt=\"addButton\"]"}
COMMAND: POST /session/d4f675b322105372b3380f2dea3f05ac/elements - {"using":"xpath","value":"//button[@data-kt=\"addButton\"]"}
RESULT: {"using":"xpath","value":"//button[@data-kt=\"addButton\"]"}
COMMAND: POST /session/d4f675b322105372b3380f2dea3f05ac/elements - {"using":"xpath","value":"//button[@data-kt=\"addButton\"]"}
RESULT: {"using":"xpath","value":"//button[@data-kt=\"addButton\"]"}
COMMAND: POST /session/d4f675b322105372b3380f2dea3f05ac/elements - {"using":"xpath","value":"//button[@data-kt=\"addButton\"]"}
RESULT: {"using":"xpath","value":"//button[@data-kt=\"addButton\"]"}
COMMAND: POST /session/d4f675b322105372b3380f2dea3f05ac/elements - {"using":"xpath","value":"//button[@data-kt=\"addButton\"]"}
RESULT: {"using":"xpath","value":"//button[@data-kt=\"addButton\"]"}
COMMAND: POST /session/d4f675b322105372b3380f2dea3f05ac/elements - {"using":"xpath","value":"//button[@data-kt=\"addButton\"]"}
RESULT: {"using":"xpath","value":"//button[@data-kt=\"addButton\"]"}
COMMAND: POST /session/d4f675b322105372b3380f2dea3f05ac/elements - {"using":"xpath","value":"//button[@data-kt=\"addButton\"]"}
RESULT: {"using":"xpath","value":"//button[@data-kt=\"addButton\"]"}
COMMAND: POST /session/d4f675b322105372b3380f2dea3f05ac/elements - {"using":"xpath","value":"//button[@data-kt=\"addButton\"]"}
RESULT: {"using":"xpath","value":"//button[@data-kt=\"addButton\"]"}
COMMAND: POST /session/d4f675b322105372b3380f2dea3f05ac/elements - {"using":"xpath","value":"//button[@data-kt=\"addButton\"]"}
RESULT: {"using":"xpath","value":"//button[@data-kt=\"addButton\"]"}
COMMAND: POST /session/d4f675b322105372b3380f2dea3f05ac/elements - {"using":"xpath","value":"//button[@data-kt=\"addButton\"]"}
RESULT: {"using":"xpath","value":"//button[@data-kt=\"addButton\"]"}
COMMAND: POST /session/d4f675b322105372b3380f2dea3f05ac/elements - {"using":"xpath","value":"//button[@data-kt=\"addButton\"]"}
RESULT: {"using":"xpath","value":"//button[@data-kt=\"addButton\"]"}
COMMAND: POST /session/d4f675b322105372b3380f2dea3f05ac/elements - {"using":"xpath","value":"//button[@data-kt=\"addButton\"]"}
RESULT: {"using":"xpath","value":"//button[@data-kt=\"addButton\"]"}
COMMAND: POST /session/d4f675b322105372b3380f2dea3f05ac/elements - {"using":"xpath","value":"//button[@data-kt=\"addButton\"]"}
RESULT: {"using":"xpath","value":"//button[@data-kt=\"addButton\"]"}
COMMAND: POST /session/d4f675b322105372b3380f2dea3f05ac/elements - {"using":"xpath","value":"//button[@data-kt=\"addButton\"]"}
RESULT: {"using":"xpath","value":"//button[@data-kt=\"addButton\"]"}
COMMAND: POST /session/d4f675b322105372b3380f2dea3f05ac/elements - {"using":"xpath","value":"//button[@data-kt=\"addButton\"]"}
RESULT: {"using":"xpath","value":"//button[@data-kt=\"addButton\"]"}
COMMAND: POST /session/d4f675b322105372b3380f2dea3f05ac/elements - {"using":"xpath","value":"//button[@data-kt=\"addButton\"]"}
RESULT: {"using":"xpath","value":"//button[@data-kt=\"addButton\"]"}
COMMAND: POST /session/d4f675b322105372b3380f2dea3f05ac/elements - {"using":"xpath","value":"//button[@data-kt=\"addButton\"]"}
RESULT: {"using":"xpath","value":"//button[@data-kt=\"addButton\"]"}
COMMAND: POST /session/d4f675b322105372b3380f2dea3f05ac/elements - {"using":"xpath","value":"//button[@data-kt=\"addButton\"]"}
RESULT: {"using":"xpath","value":"//button[@data-kt=\"addButton\"]"}
COMMAND: POST /session/d4f675b322105372b3380f2dea3f05ac/elements - {"using":"xpath","value":"//button[@data-kt=\"addButton\"]"}
RESULT: {"using":"xpath","value":"//button[@data-kt=\"addButton\"]"}
COMMAND: POST /session/d4f675b322105372b3380f2dea3f05ac/elements - {"using":"xpath","value":"//button[@data-kt=\"addButton\"]"}
RESULT: {"using":"xpath","value":"//button[@data-kt=\"addButton\"]"}
COMMAND: POST /session/d4f675b322105372b3380f2dea3f05ac/elements - {"using":"xpath","value":"//button[@data-kt=\"addButton\"]"}
RESULT: {"using":"xpath","value":"//button[@data-kt=\"addButton\"]"}
COMMAND: POST /session/d4f675b322105372b3380f2dea3f05ac/elements - {"using":"xpath","value":"//button[@data-kt=\"addButton\"]"}
RESULT: {"using":"xpath","value":"//button[@data-kt=\"addButton\"]"}
COMMAND: POST /session/d4f675b322105372b3380f2dea3f05ac/elements - {"using":"xpath","value":"//button[@data-kt=\"addButton\"]"}
RESULT: {"using":"xpath","value":"//button[@data-kt=\"addButton\"]"}
COMMAND: POST /session/d4f675b322105372b3380f2dea3f05ac/elements - {"using":"xpath","value":"//button[@data-kt=\"addButton\"]"}
RESULT: {"using":"xpath","value":"//button[@data-kt=\"addButton\"]"}
COMMAND: POST /session/d4f675b322105372b3380f2dea3f05ac/elements - {"using":"xpath","value":"//button[@data-kt=\"addButton\"]"}
RESULT: {"using":"xpath","value":"//button[@data-kt=\"addButton\"]"}
COMMAND: GET /session/d4f675b322105372b3380f2dea3f05ac/screenshot - {}
RESULT: {}
]]></system-out>
      <system-err><![CDATA[
Error: element ("//button[@data-kt="addButton"]") still not existing after 45000ms
    at async UtilsPrerequisites.contractCreation (D:\a\1\s\test\specs\BTS\prerequisites-and-utils-functions.js:1741:9)
    at async Context.<anonymous> (D:\a\1\s\test\specs\HTR\provide-to-site-w-warehouse-wo-clarification.spec.js:74:49)
]]></system-err>
    </testcase>
    <testcase classname="chrome.136_0_7103_93.windows.Provide_to_Site_w/_warehouse_management_wo_clarification" name="Should add equipment to the contract" time="60.64">
      <failure/>
      <error message="Can't call click on element with selector &quot;//button[@data-kt=&quot;contractDetailEditBtnButton&quot;]&quot; because element wasn't found"/>
      <system-out><![CDATA[
COMMAND: GET /session/d4f675b322105372b3380f2dea3f05ac/screenshot - {}
COMMAND: POST /session/d4f675b322105372b3380f2dea3f05ac/element - {"using":"xpath","value":"//button[@data-kt=\"contractDetailEditBtnButton\"]"}
RESULT: {}
RESULT: {"using":"xpath","value":"//button[@data-kt=\"contractDetailEditBtnButton\"]"}
COMMAND: POST /session/d4f675b322105372b3380f2dea3f05ac/elements - {"using":"xpath","value":"//button[@data-kt=\"contractDetailEditBtnButton\"]"}
RESULT: {"using":"xpath","value":"//button[@data-kt=\"contractDetailEditBtnButton\"]"}
COMMAND: POST /session/d4f675b322105372b3380f2dea3f05ac/elements - {"using":"xpath","value":"//button[@data-kt=\"contractDetailEditBtnButton\"]"}
RESULT: {"using":"xpath","value":"//button[@data-kt=\"contractDetailEditBtnButton\"]"}
COMMAND: POST /session/d4f675b322105372b3380f2dea3f05ac/elements - {"using":"xpath","value":"//button[@data-kt=\"contractDetailEditBtnButton\"]"}
RESULT: {"using":"xpath","value":"//button[@data-kt=\"contractDetailEditBtnButton\"]"}
COMMAND: POST /session/d4f675b322105372b3380f2dea3f05ac/elements - {"using":"xpath","value":"//button[@data-kt=\"contractDetailEditBtnButton\"]"}
RESULT: {"using":"xpath","value":"//button[@data-kt=\"contractDetailEditBtnButton\"]"}
COMMAND: POST /session/d4f675b322105372b3380f2dea3f05ac/elements - {"using":"xpath","value":"//button[@data-kt=\"contractDetailEditBtnButton\"]"}
RESULT: {"using":"xpath","value":"//button[@data-kt=\"contractDetailEditBtnButton\"]"}
COMMAND: POST /session/d4f675b322105372b3380f2dea3f05ac/elements - {"using":"xpath","value":"//button[@data-kt=\"contractDetailEditBtnButton\"]"}
RESULT: {"using":"xpath","value":"//button[@data-kt=\"contractDetailEditBtnButton\"]"}
COMMAND: POST /session/d4f675b322105372b3380f2dea3f05ac/elements - {"using":"xpath","value":"//button[@data-kt=\"contractDetailEditBtnButton\"]"}
RESULT: {"using":"xpath","value":"//button[@data-kt=\"contractDetailEditBtnButton\"]"}
COMMAND: POST /session/d4f675b322105372b3380f2dea3f05ac/elements - {"using":"xpath","value":"//button[@data-kt=\"contractDetailEditBtnButton\"]"}
RESULT: {"using":"xpath","value":"//button[@data-kt=\"contractDetailEditBtnButton\"]"}
COMMAND: POST /session/d4f675b322105372b3380f2dea3f05ac/elements - {"using":"xpath","value":"//button[@data-kt=\"contractDetailEditBtnButton\"]"}
RESULT: {"using":"xpath","value":"//button[@data-kt=\"contractDetailEditBtnButton\"]"}
COMMAND: POST /session/d4f675b322105372b3380f2dea3f05ac/elements - {"using":"xpath","value":"//button[@data-kt=\"contractDetailEditBtnButton\"]"}
RESULT: {"using":"xpath","value":"//button[@data-kt=\"contractDetailEditBtnButton\"]"}
COMMAND: POST /session/d4f675b322105372b3380f2dea3f05ac/elements - {"using":"xpath","value":"//button[@data-kt=\"contractDetailEditBtnButton\"]"}
RESULT: {"using":"xpath","value":"//button[@data-kt=\"contractDetailEditBtnButton\"]"}
COMMAND: POST /session/d4f675b322105372b3380f2dea3f05ac/elements - {"using":"xpath","value":"//button[@data-kt=\"contractDetailEditBtnButton\"]"}
RESULT: {"using":"xpath","value":"//button[@data-kt=\"contractDetailEditBtnButton\"]"}
COMMAND: POST /session/d4f675b322105372b3380f2dea3f05ac/elements - {"using":"xpath","value":"//button[@data-kt=\"contractDetailEditBtnButton\"]"}
RESULT: {"using":"xpath","value":"//button[@data-kt=\"contractDetailEditBtnButton\"]"}
COMMAND: POST /session/d4f675b322105372b3380f2dea3f05ac/elements - {"using":"xpath","value":"//button[@data-kt=\"contractDetailEditBtnButton\"]"}
RESULT: {"using":"xpath","value":"//button[@data-kt=\"contractDetailEditBtnButton\"]"}
COMMAND: POST /session/d4f675b322105372b3380f2dea3f05ac/elements - {"using":"xpath","value":"//button[@data-kt=\"contractDetailEditBtnButton\"]"}
RESULT: {"using":"xpath","value":"//button[@data-kt=\"contractDetailEditBtnButton\"]"}
COMMAND: POST /session/d4f675b322105372b3380f2dea3f05ac/elements - {"using":"xpath","value":"//button[@data-kt=\"contractDetailEditBtnButton\"]"}
RESULT: {"using":"xpath","value":"//button[@data-kt=\"contractDetailEditBtnButton\"]"}
COMMAND: POST /session/d4f675b322105372b3380f2dea3f05ac/elements - {"using":"xpath","value":"//button[@data-kt=\"contractDetailEditBtnButton\"]"}
RESULT: {"using":"xpath","value":"//button[@data-kt=\"contractDetailEditBtnButton\"]"}
COMMAND: POST /session/d4f675b322105372b3380f2dea3f05ac/elements - {"using":"xpath","value":"//button[@data-kt=\"contractDetailEditBtnButton\"]"}
RESULT: {"using":"xpath","value":"//button[@data-kt=\"contractDetailEditBtnButton\"]"}
COMMAND: POST /session/d4f675b322105372b3380f2dea3f05ac/elements - {"using":"xpath","value":"//button[@data-kt=\"contractDetailEditBtnButton\"]"}
RESULT: {"using":"xpath","value":"//button[@data-kt=\"contractDetailEditBtnButton\"]"}
COMMAND: POST /session/d4f675b322105372b3380f2dea3f05ac/elements - {"using":"xpath","value":"//button[@data-kt=\"contractDetailEditBtnButton\"]"}
RESULT: {"using":"xpath","value":"//button[@data-kt=\"contractDetailEditBtnButton\"]"}
COMMAND: POST /session/d4f675b322105372b3380f2dea3f05ac/elements - {"using":"xpath","value":"//button[@data-kt=\"contractDetailEditBtnButton\"]"}
RESULT: {"using":"xpath","value":"//button[@data-kt=\"contractDetailEditBtnButton\"]"}
COMMAND: POST /session/d4f675b322105372b3380f2dea3f05ac/elements - {"using":"xpath","value":"//button[@data-kt=\"contractDetailEditBtnButton\"]"}
RESULT: {"using":"xpath","value":"//button[@data-kt=\"contractDetailEditBtnButton\"]"}
COMMAND: POST /session/d4f675b322105372b3380f2dea3f05ac/elements - {"using":"xpath","value":"//button[@data-kt=\"contractDetailEditBtnButton\"]"}
RESULT: {"using":"xpath","value":"//button[@data-kt=\"contractDetailEditBtnButton\"]"}
COMMAND: POST /session/d4f675b322105372b3380f2dea3f05ac/elements - {"using":"xpath","value":"//button[@data-kt=\"contractDetailEditBtnButton\"]"}
RESULT: {"using":"xpath","value":"//button[@data-kt=\"contractDetailEditBtnButton\"]"}
COMMAND: POST /session/d4f675b322105372b3380f2dea3f05ac/elements - {"using":"xpath","value":"//button[@data-kt=\"contractDetailEditBtnButton\"]"}
RESULT: {"using":"xpath","value":"//button[@data-kt=\"contractDetailEditBtnButton\"]"}
COMMAND: POST /session/d4f675b322105372b3380f2dea3f05ac/elements - {"using":"xpath","value":"//button[@data-kt=\"contractDetailEditBtnButton\"]"}
RESULT: {"using":"xpath","value":"//button[@data-kt=\"contractDetailEditBtnButton\"]"}
COMMAND: POST /session/d4f675b322105372b3380f2dea3f05ac/elements - {"using":"xpath","value":"//button[@data-kt=\"contractDetailEditBtnButton\"]"}
RESULT: {"using":"xpath","value":"//button[@data-kt=\"contractDetailEditBtnButton\"]"}
COMMAND: POST /session/d4f675b322105372b3380f2dea3f05ac/elements - {"using":"xpath","value":"//button[@data-kt=\"contractDetailEditBtnButton\"]"}
RESULT: {"using":"xpath","value":"//button[@data-kt=\"contractDetailEditBtnButton\"]"}
COMMAND: POST /session/d4f675b322105372b3380f2dea3f05ac/elements - {"using":"xpath","value":"//button[@data-kt=\"contractDetailEditBtnButton\"]"}
RESULT: {"using":"xpath","value":"//button[@data-kt=\"contractDetailEditBtnButton\"]"}
COMMAND: POST /session/d4f675b322105372b3380f2dea3f05ac/elements - {"using":"xpath","value":"//button[@data-kt=\"contractDetailEditBtnButton\"]"}
RESULT: {"using":"xpath","value":"//button[@data-kt=\"contractDetailEditBtnButton\"]"}
COMMAND: POST /session/d4f675b322105372b3380f2dea3f05ac/elements - {"using":"xpath","value":"//button[@data-kt=\"contractDetailEditBtnButton\"]"}
RESULT: {"using":"xpath","value":"//button[@data-kt=\"contractDetailEditBtnButton\"]"}
COMMAND: POST /session/d4f675b322105372b3380f2dea3f05ac/elements - {"using":"xpath","value":"//button[@data-kt=\"contractDetailEditBtnButton\"]"}
RESULT: {"using":"xpath","value":"//button[@data-kt=\"contractDetailEditBtnButton\"]"}
COMMAND: POST /session/d4f675b322105372b3380f2dea3f05ac/elements - {"using":"xpath","value":"//button[@data-kt=\"contractDetailEditBtnButton\"]"}
RESULT: {"using":"xpath","value":"//button[@data-kt=\"contractDetailEditBtnButton\"]"}
COMMAND: POST /session/d4f675b322105372b3380f2dea3f05ac/elements - {"using":"xpath","value":"//button[@data-kt=\"contractDetailEditBtnButton\"]"}
RESULT: {"using":"xpath","value":"//button[@data-kt=\"contractDetailEditBtnButton\"]"}
COMMAND: POST /session/d4f675b322105372b3380f2dea3f05ac/elements - {"using":"xpath","value":"//button[@data-kt=\"contractDetailEditBtnButton\"]"}
RESULT: {"using":"xpath","value":"//button[@data-kt=\"contractDetailEditBtnButton\"]"}
COMMAND: POST /session/d4f675b322105372b3380f2dea3f05ac/elements - {"using":"xpath","value":"//button[@data-kt=\"contractDetailEditBtnButton\"]"}
RESULT: {"using":"xpath","value":"//button[@data-kt=\"contractDetailEditBtnButton\"]"}
COMMAND: POST /session/d4f675b322105372b3380f2dea3f05ac/elements - {"using":"xpath","value":"//button[@data-kt=\"contractDetailEditBtnButton\"]"}
RESULT: {"using":"xpath","value":"//button[@data-kt=\"contractDetailEditBtnButton\"]"}
COMMAND: POST /session/d4f675b322105372b3380f2dea3f05ac/elements - {"using":"xpath","value":"//button[@data-kt=\"contractDetailEditBtnButton\"]"}
RESULT: {"using":"xpath","value":"//button[@data-kt=\"contractDetailEditBtnButton\"]"}
COMMAND: POST /session/d4f675b322105372b3380f2dea3f05ac/elements - {"using":"xpath","value":"//button[@data-kt=\"contractDetailEditBtnButton\"]"}
RESULT: {"using":"xpath","value":"//button[@data-kt=\"contractDetailEditBtnButton\"]"}
COMMAND: POST /session/d4f675b322105372b3380f2dea3f05ac/elements - {"using":"xpath","value":"//button[@data-kt=\"contractDetailEditBtnButton\"]"}
RESULT: {"using":"xpath","value":"//button[@data-kt=\"contractDetailEditBtnButton\"]"}
COMMAND: POST /session/d4f675b322105372b3380f2dea3f05ac/elements - {"using":"xpath","value":"//button[@data-kt=\"contractDetailEditBtnButton\"]"}
RESULT: {"using":"xpath","value":"//button[@data-kt=\"contractDetailEditBtnButton\"]"}
COMMAND: POST /session/d4f675b322105372b3380f2dea3f05ac/elements - {"using":"xpath","value":"//button[@data-kt=\"contractDetailEditBtnButton\"]"}
RESULT: {"using":"xpath","value":"//button[@data-kt=\"contractDetailEditBtnButton\"]"}
COMMAND: POST /session/d4f675b322105372b3380f2dea3f05ac/elements - {"using":"xpath","value":"//button[@data-kt=\"contractDetailEditBtnButton\"]"}
RESULT: {"using":"xpath","value":"//button[@data-kt=\"contractDetailEditBtnButton\"]"}
COMMAND: POST /session/d4f675b322105372b3380f2dea3f05ac/elements - {"using":"xpath","value":"//button[@data-kt=\"contractDetailEditBtnButton\"]"}
RESULT: {"using":"xpath","value":"//button[@data-kt=\"contractDetailEditBtnButton\"]"}
COMMAND: POST /session/d4f675b322105372b3380f2dea3f05ac/elements - {"using":"xpath","value":"//button[@data-kt=\"contractDetailEditBtnButton\"]"}
RESULT: {"using":"xpath","value":"//button[@data-kt=\"contractDetailEditBtnButton\"]"}
COMMAND: POST /session/d4f675b322105372b3380f2dea3f05ac/elements - {"using":"xpath","value":"//button[@data-kt=\"contractDetailEditBtnButton\"]"}
RESULT: {"using":"xpath","value":"//button[@data-kt=\"contractDetailEditBtnButton\"]"}
COMMAND: POST /session/d4f675b322105372b3380f2dea3f05ac/elements - {"using":"xpath","value":"//button[@data-kt=\"contractDetailEditBtnButton\"]"}
RESULT: {"using":"xpath","value":"//button[@data-kt=\"contractDetailEditBtnButton\"]"}
COMMAND: POST /session/d4f675b322105372b3380f2dea3f05ac/elements - {"using":"xpath","value":"//button[@data-kt=\"contractDetailEditBtnButton\"]"}
RESULT: {"using":"xpath","value":"//button[@data-kt=\"contractDetailEditBtnButton\"]"}
COMMAND: POST /session/d4f675b322105372b3380f2dea3f05ac/elements - {"using":"xpath","value":"//button[@data-kt=\"contractDetailEditBtnButton\"]"}
RESULT: {"using":"xpath","value":"//button[@data-kt=\"contractDetailEditBtnButton\"]"}
COMMAND: POST /session/d4f675b322105372b3380f2dea3f05ac/elements - {"using":"xpath","value":"//button[@data-kt=\"contractDetailEditBtnButton\"]"}
RESULT: {"using":"xpath","value":"//button[@data-kt=\"contractDetailEditBtnButton\"]"}
COMMAND: POST /session/d4f675b322105372b3380f2dea3f05ac/elements - {"using":"xpath","value":"//button[@data-kt=\"contractDetailEditBtnButton\"]"}
RESULT: {"using":"xpath","value":"//button[@data-kt=\"contractDetailEditBtnButton\"]"}
COMMAND: POST /session/d4f675b322105372b3380f2dea3f05ac/elements - {"using":"xpath","value":"//button[@data-kt=\"contractDetailEditBtnButton\"]"}
RESULT: {"using":"xpath","value":"//button[@data-kt=\"contractDetailEditBtnButton\"]"}
COMMAND: POST /session/d4f675b322105372b3380f2dea3f05ac/elements - {"using":"xpath","value":"//button[@data-kt=\"contractDetailEditBtnButton\"]"}
RESULT: {"using":"xpath","value":"//button[@data-kt=\"contractDetailEditBtnButton\"]"}
COMMAND: POST /session/d4f675b322105372b3380f2dea3f05ac/elements - {"using":"xpath","value":"//button[@data-kt=\"contractDetailEditBtnButton\"]"}
RESULT: {"using":"xpath","value":"//button[@data-kt=\"contractDetailEditBtnButton\"]"}
COMMAND: POST /session/d4f675b322105372b3380f2dea3f05ac/elements - {"using":"xpath","value":"//button[@data-kt=\"contractDetailEditBtnButton\"]"}
RESULT: {"using":"xpath","value":"//button[@data-kt=\"contractDetailEditBtnButton\"]"}
COMMAND: POST /session/d4f675b322105372b3380f2dea3f05ac/elements - {"using":"xpath","value":"//button[@data-kt=\"contractDetailEditBtnButton\"]"}
RESULT: {"using":"xpath","value":"//button[@data-kt=\"contractDetailEditBtnButton\"]"}
COMMAND: POST /session/d4f675b322105372b3380f2dea3f05ac/elements - {"using":"xpath","value":"//button[@data-kt=\"contractDetailEditBtnButton\"]"}
RESULT: {"using":"xpath","value":"//button[@data-kt=\"contractDetailEditBtnButton\"]"}
COMMAND: POST /session/d4f675b322105372b3380f2dea3f05ac/elements - {"using":"xpath","value":"//button[@data-kt=\"contractDetailEditBtnButton\"]"}
RESULT: {"using":"xpath","value":"//button[@data-kt=\"contractDetailEditBtnButton\"]"}
COMMAND: POST /session/d4f675b322105372b3380f2dea3f05ac/elements - {"using":"xpath","value":"//button[@data-kt=\"contractDetailEditBtnButton\"]"}
RESULT: {"using":"xpath","value":"//button[@data-kt=\"contractDetailEditBtnButton\"]"}
COMMAND: POST /session/d4f675b322105372b3380f2dea3f05ac/elements - {"using":"xpath","value":"//button[@data-kt=\"contractDetailEditBtnButton\"]"}
RESULT: {"using":"xpath","value":"//button[@data-kt=\"contractDetailEditBtnButton\"]"}
COMMAND: POST /session/d4f675b322105372b3380f2dea3f05ac/elements - {"using":"xpath","value":"//button[@data-kt=\"contractDetailEditBtnButton\"]"}
RESULT: {"using":"xpath","value":"//button[@data-kt=\"contractDetailEditBtnButton\"]"}
COMMAND: POST /session/d4f675b322105372b3380f2dea3f05ac/elements - {"using":"xpath","value":"//button[@data-kt=\"contractDetailEditBtnButton\"]"}
RESULT: {"using":"xpath","value":"//button[@data-kt=\"contractDetailEditBtnButton\"]"}
COMMAND: POST /session/d4f675b322105372b3380f2dea3f05ac/elements - {"using":"xpath","value":"//button[@data-kt=\"contractDetailEditBtnButton\"]"}
RESULT: {"using":"xpath","value":"//button[@data-kt=\"contractDetailEditBtnButton\"]"}
COMMAND: POST /session/d4f675b322105372b3380f2dea3f05ac/elements - {"using":"xpath","value":"//button[@data-kt=\"contractDetailEditBtnButton\"]"}
RESULT: {"using":"xpath","value":"//button[@data-kt=\"contractDetailEditBtnButton\"]"}
COMMAND: POST /session/d4f675b322105372b3380f2dea3f05ac/elements - {"using":"xpath","value":"//button[@data-kt=\"contractDetailEditBtnButton\"]"}
RESULT: {"using":"xpath","value":"//button[@data-kt=\"contractDetailEditBtnButton\"]"}
COMMAND: POST /session/d4f675b322105372b3380f2dea3f05ac/elements - {"using":"xpath","value":"//button[@data-kt=\"contractDetailEditBtnButton\"]"}
RESULT: {"using":"xpath","value":"//button[@data-kt=\"contractDetailEditBtnButton\"]"}
COMMAND: POST /session/d4f675b322105372b3380f2dea3f05ac/elements - {"using":"xpath","value":"//button[@data-kt=\"contractDetailEditBtnButton\"]"}
RESULT: {"using":"xpath","value":"//button[@data-kt=\"contractDetailEditBtnButton\"]"}
COMMAND: POST /session/d4f675b322105372b3380f2dea3f05ac/elements - {"using":"xpath","value":"//button[@data-kt=\"contractDetailEditBtnButton\"]"}
RESULT: {"using":"xpath","value":"//button[@data-kt=\"contractDetailEditBtnButton\"]"}
COMMAND: POST /session/d4f675b322105372b3380f2dea3f05ac/elements - {"using":"xpath","value":"//button[@data-kt=\"contractDetailEditBtnButton\"]"}
RESULT: {"using":"xpath","value":"//button[@data-kt=\"contractDetailEditBtnButton\"]"}
COMMAND: POST /session/d4f675b322105372b3380f2dea3f05ac/elements - {"using":"xpath","value":"//button[@data-kt=\"contractDetailEditBtnButton\"]"}
RESULT: {"using":"xpath","value":"//button[@data-kt=\"contractDetailEditBtnButton\"]"}
COMMAND: POST /session/d4f675b322105372b3380f2dea3f05ac/elements - {"using":"xpath","value":"//button[@data-kt=\"contractDetailEditBtnButton\"]"}
RESULT: {"using":"xpath","value":"//button[@data-kt=\"contractDetailEditBtnButton\"]"}
COMMAND: POST /session/d4f675b322105372b3380f2dea3f05ac/elements - {"using":"xpath","value":"//button[@data-kt=\"contractDetailEditBtnButton\"]"}
RESULT: {"using":"xpath","value":"//button[@data-kt=\"contractDetailEditBtnButton\"]"}
COMMAND: POST /session/d4f675b322105372b3380f2dea3f05ac/elements - {"using":"xpath","value":"//button[@data-kt=\"contractDetailEditBtnButton\"]"}
RESULT: {"using":"xpath","value":"//button[@data-kt=\"contractDetailEditBtnButton\"]"}
COMMAND: POST /session/d4f675b322105372b3380f2dea3f05ac/elements - {"using":"xpath","value":"//button[@data-kt=\"contractDetailEditBtnButton\"]"}
RESULT: {"using":"xpath","value":"//button[@data-kt=\"contractDetailEditBtnButton\"]"}
COMMAND: POST /session/d4f675b322105372b3380f2dea3f05ac/elements - {"using":"xpath","value":"//button[@data-kt=\"contractDetailEditBtnButton\"]"}
RESULT: {"using":"xpath","value":"//button[@data-kt=\"contractDetailEditBtnButton\"]"}
COMMAND: POST /session/d4f675b322105372b3380f2dea3f05ac/elements - {"using":"xpath","value":"//button[@data-kt=\"contractDetailEditBtnButton\"]"}
RESULT: {"using":"xpath","value":"//button[@data-kt=\"contractDetailEditBtnButton\"]"}
COMMAND: POST /session/d4f675b322105372b3380f2dea3f05ac/elements - {"using":"xpath","value":"//button[@data-kt=\"contractDetailEditBtnButton\"]"}
RESULT: {"using":"xpath","value":"//button[@data-kt=\"contractDetailEditBtnButton\"]"}
COMMAND: POST /session/d4f675b322105372b3380f2dea3f05ac/elements - {"using":"xpath","value":"//button[@data-kt=\"contractDetailEditBtnButton\"]"}
RESULT: {"using":"xpath","value":"//button[@data-kt=\"contractDetailEditBtnButton\"]"}
COMMAND: POST /session/d4f675b322105372b3380f2dea3f05ac/elements - {"using":"xpath","value":"//button[@data-kt=\"contractDetailEditBtnButton\"]"}
RESULT: {"using":"xpath","value":"//button[@data-kt=\"contractDetailEditBtnButton\"]"}
COMMAND: POST /session/d4f675b322105372b3380f2dea3f05ac/elements - {"using":"xpath","value":"//button[@data-kt=\"contractDetailEditBtnButton\"]"}
RESULT: {"using":"xpath","value":"//button[@data-kt=\"contractDetailEditBtnButton\"]"}
COMMAND: POST /session/d4f675b322105372b3380f2dea3f05ac/elements - {"using":"xpath","value":"//button[@data-kt=\"contractDetailEditBtnButton\"]"}
RESULT: {"using":"xpath","value":"//button[@data-kt=\"contractDetailEditBtnButton\"]"}
COMMAND: POST /session/d4f675b322105372b3380f2dea3f05ac/elements - {"using":"xpath","value":"//button[@data-kt=\"contractDetailEditBtnButton\"]"}
RESULT: {"using":"xpath","value":"//button[@data-kt=\"contractDetailEditBtnButton\"]"}
COMMAND: POST /session/d4f675b322105372b3380f2dea3f05ac/elements - {"using":"xpath","value":"//button[@data-kt=\"contractDetailEditBtnButton\"]"}
RESULT: {"using":"xpath","value":"//button[@data-kt=\"contractDetailEditBtnButton\"]"}
COMMAND: POST /session/d4f675b322105372b3380f2dea3f05ac/elements - {"using":"xpath","value":"//button[@data-kt=\"contractDetailEditBtnButton\"]"}
RESULT: {"using":"xpath","value":"//button[@data-kt=\"contractDetailEditBtnButton\"]"}
COMMAND: POST /session/d4f675b322105372b3380f2dea3f05ac/elements - {"using":"xpath","value":"//button[@data-kt=\"contractDetailEditBtnButton\"]"}
RESULT: {"using":"xpath","value":"//button[@data-kt=\"contractDetailEditBtnButton\"]"}
COMMAND: POST /session/d4f675b322105372b3380f2dea3f05ac/elements - {"using":"xpath","value":"//button[@data-kt=\"contractDetailEditBtnButton\"]"}
RESULT: {"using":"xpath","value":"//button[@data-kt=\"contractDetailEditBtnButton\"]"}
COMMAND: POST /session/d4f675b322105372b3380f2dea3f05ac/elements - {"using":"xpath","value":"//button[@data-kt=\"contractDetailEditBtnButton\"]"}
RESULT: {"using":"xpath","value":"//button[@data-kt=\"contractDetailEditBtnButton\"]"}
COMMAND: POST /session/d4f675b322105372b3380f2dea3f05ac/elements - {"using":"xpath","value":"//button[@data-kt=\"contractDetailEditBtnButton\"]"}
RESULT: {"using":"xpath","value":"//button[@data-kt=\"contractDetailEditBtnButton\"]"}
COMMAND: POST /session/d4f675b322105372b3380f2dea3f05ac/elements - {"using":"xpath","value":"//button[@data-kt=\"contractDetailEditBtnButton\"]"}
RESULT: {"using":"xpath","value":"//button[@data-kt=\"contractDetailEditBtnButton\"]"}
COMMAND: POST /session/d4f675b322105372b3380f2dea3f05ac/elements - {"using":"xpath","value":"//button[@data-kt=\"contractDetailEditBtnButton\"]"}
RESULT: {"using":"xpath","value":"//button[@data-kt=\"contractDetailEditBtnButton\"]"}
COMMAND: POST /session/d4f675b322105372b3380f2dea3f05ac/elements - {"using":"xpath","value":"//button[@data-kt=\"contractDetailEditBtnButton\"]"}
RESULT: {"using":"xpath","value":"//button[@data-kt=\"contractDetailEditBtnButton\"]"}
COMMAND: POST /session/d4f675b322105372b3380f2dea3f05ac/elements - {"using":"xpath","value":"//button[@data-kt=\"contractDetailEditBtnButton\"]"}
RESULT: {"using":"xpath","value":"//button[@data-kt=\"contractDetailEditBtnButton\"]"}
COMMAND: POST /session/d4f675b322105372b3380f2dea3f05ac/elements - {"using":"xpath","value":"//button[@data-kt=\"contractDetailEditBtnButton\"]"}
RESULT: {"using":"xpath","value":"//button[@data-kt=\"contractDetailEditBtnButton\"]"}
COMMAND: POST /session/d4f675b322105372b3380f2dea3f05ac/elements - {"using":"xpath","value":"//button[@data-kt=\"contractDetailEditBtnButton\"]"}
RESULT: {"using":"xpath","value":"//button[@data-kt=\"contractDetailEditBtnButton\"]"}
COMMAND: POST /session/d4f675b322105372b3380f2dea3f05ac/elements - {"using":"xpath","value":"//button[@data-kt=\"contractDetailEditBtnButton\"]"}
RESULT: {"using":"xpath","value":"//button[@data-kt=\"contractDetailEditBtnButton\"]"}
COMMAND: POST /session/d4f675b322105372b3380f2dea3f05ac/elements - {"using":"xpath","value":"//button[@data-kt=\"contractDetailEditBtnButton\"]"}
RESULT: {"using":"xpath","value":"//button[@data-kt=\"contractDetailEditBtnButton\"]"}
COMMAND: POST /session/d4f675b322105372b3380f2dea3f05ac/elements - {"using":"xpath","value":"//button[@data-kt=\"contractDetailEditBtnButton\"]"}
RESULT: {"using":"xpath","value":"//button[@data-kt=\"contractDetailEditBtnButton\"]"}
COMMAND: POST /session/d4f675b322105372b3380f2dea3f05ac/elements - {"using":"xpath","value":"//button[@data-kt=\"contractDetailEditBtnButton\"]"}
RESULT: {"using":"xpath","value":"//button[@data-kt=\"contractDetailEditBtnButton\"]"}
COMMAND: POST /session/d4f675b322105372b3380f2dea3f05ac/elements - {"using":"xpath","value":"//button[@data-kt=\"contractDetailEditBtnButton\"]"}
RESULT: {"using":"xpath","value":"//button[@data-kt=\"contractDetailEditBtnButton\"]"}
COMMAND: POST /session/d4f675b322105372b3380f2dea3f05ac/elements - {"using":"xpath","value":"//button[@data-kt=\"contractDetailEditBtnButton\"]"}
RESULT: {"using":"xpath","value":"//button[@data-kt=\"contractDetailEditBtnButton\"]"}
COMMAND: POST /session/d4f675b322105372b3380f2dea3f05ac/elements - {"using":"xpath","value":"//button[@data-kt=\"contractDetailEditBtnButton\"]"}
RESULT: {"using":"xpath","value":"//button[@data-kt=\"contractDetailEditBtnButton\"]"}
COMMAND: POST /session/d4f675b322105372b3380f2dea3f05ac/elements - {"using":"xpath","value":"//button[@data-kt=\"contractDetailEditBtnButton\"]"}
RESULT: {"using":"xpath","value":"//button[@data-kt=\"contractDetailEditBtnButton\"]"}
COMMAND: POST /session/d4f675b322105372b3380f2dea3f05ac/elements - {"using":"xpath","value":"//button[@data-kt=\"contractDetailEditBtnButton\"]"}
RESULT: {"using":"xpath","value":"//button[@data-kt=\"contractDetailEditBtnButton\"]"}
COMMAND: POST /session/d4f675b322105372b3380f2dea3f05ac/elements - {"using":"xpath","value":"//button[@data-kt=\"contractDetailEditBtnButton\"]"}
RESULT: {"using":"xpath","value":"//button[@data-kt=\"contractDetailEditBtnButton\"]"}
COMMAND: POST /session/d4f675b322105372b3380f2dea3f05ac/elements - {"using":"xpath","value":"//button[@data-kt=\"contractDetailEditBtnButton\"]"}
RESULT: {"using":"xpath","value":"//button[@data-kt=\"contractDetailEditBtnButton\"]"}
COMMAND: POST /session/d4f675b322105372b3380f2dea3f05ac/elements - {"using":"xpath","value":"//button[@data-kt=\"contractDetailEditBtnButton\"]"}
RESULT: {"using":"xpath","value":"//button[@data-kt=\"contractDetailEditBtnButton\"]"}
COMMAND: POST /session/d4f675b322105372b3380f2dea3f05ac/elements - {"using":"xpath","value":"//button[@data-kt=\"contractDetailEditBtnButton\"]"}
RESULT: {"using":"xpath","value":"//button[@data-kt=\"contractDetailEditBtnButton\"]"}
COMMAND: POST /session/d4f675b322105372b3380f2dea3f05ac/elements - {"using":"xpath","value":"//button[@data-kt=\"contractDetailEditBtnButton\"]"}
RESULT: {"using":"xpath","value":"//button[@data-kt=\"contractDetailEditBtnButton\"]"}
COMMAND: POST /session/d4f675b322105372b3380f2dea3f05ac/elements - {"using":"xpath","value":"//button[@data-kt=\"contractDetailEditBtnButton\"]"}
RESULT: {"using":"xpath","value":"//button[@data-kt=\"contractDetailEditBtnButton\"]"}
COMMAND: POST /session/d4f675b322105372b3380f2dea3f05ac/elements - {"using":"xpath","value":"//button[@data-kt=\"contractDetailEditBtnButton\"]"}
RESULT: {"using":"xpath","value":"//button[@data-kt=\"contractDetailEditBtnButton\"]"}
COMMAND: POST /session/d4f675b322105372b3380f2dea3f05ac/elements - {"using":"xpath","value":"//button[@data-kt=\"contractDetailEditBtnButton\"]"}
RESULT: {"using":"xpath","value":"//button[@data-kt=\"contractDetailEditBtnButton\"]"}
COMMAND: POST /session/d4f675b322105372b3380f2dea3f05ac/elements - {"using":"xpath","value":"//button[@data-kt=\"contractDetailEditBtnButton\"]"}
RESULT: {"using":"xpath","value":"//button[@data-kt=\"contractDetailEditBtnButton\"]"}
COMMAND: POST /session/d4f675b322105372b3380f2dea3f05ac/elements - {"using":"xpath","value":"//button[@data-kt=\"contractDetailEditBtnButton\"]"}
RESULT: {"using":"xpath","value":"//button[@data-kt=\"contractDetailEditBtnButton\"]"}
COMMAND: POST /session/d4f675b322105372b3380f2dea3f05ac/elements - {"using":"xpath","value":"//button[@data-kt=\"contractDetailEditBtnButton\"]"}
RESULT: {"using":"xpath","value":"//button[@data-kt=\"contractDetailEditBtnButton\"]"}
COMMAND: POST /session/d4f675b322105372b3380f2dea3f05ac/elements - {"using":"xpath","value":"//button[@data-kt=\"contractDetailEditBtnButton\"]"}
RESULT: {"using":"xpath","value":"//button[@data-kt=\"contractDetailEditBtnButton\"]"}
COMMAND: POST /session/d4f675b322105372b3380f2dea3f05ac/elements - {"using":"xpath","value":"//button[@data-kt=\"contractDetailEditBtnButton\"]"}
RESULT: {"using":"xpath","value":"//button[@data-kt=\"contractDetailEditBtnButton\"]"}
COMMAND: POST /session/d4f675b322105372b3380f2dea3f05ac/elements - {"using":"xpath","value":"//button[@data-kt=\"contractDetailEditBtnButton\"]"}
RESULT: {"using":"xpath","value":"//button[@data-kt=\"contractDetailEditBtnButton\"]"}
COMMAND: POST /session/d4f675b322105372b3380f2dea3f05ac/elements - {"using":"xpath","value":"//button[@data-kt=\"contractDetailEditBtnButton\"]"}
RESULT: {"using":"xpath","value":"//button[@data-kt=\"contractDetailEditBtnButton\"]"}
COMMAND: POST /session/d4f675b322105372b3380f2dea3f05ac/elements - {"using":"xpath","value":"//button[@data-kt=\"contractDetailEditBtnButton\"]"}
RESULT: {"using":"xpath","value":"//button[@data-kt=\"contractDetailEditBtnButton\"]"}
COMMAND: POST /session/d4f675b322105372b3380f2dea3f05ac/elements - {"using":"xpath","value":"//button[@data-kt=\"contractDetailEditBtnButton\"]"}
RESULT: {"using":"xpath","value":"//button[@data-kt=\"contractDetailEditBtnButton\"]"}
COMMAND: POST /session/d4f675b322105372b3380f2dea3f05ac/elements - {"using":"xpath","value":"//button[@data-kt=\"contractDetailEditBtnButton\"]"}
COMMAND: GET /session/d4f675b322105372b3380f2dea3f05ac/screenshot - {}
RESULT: {"using":"xpath","value":"//button[@data-kt=\"contractDetailEditBtnButton\"]"}
RESULT: {}
]]></system-out>
      <system-err><![CDATA[
Error: Can't call click on element with selector "//button[@data-kt="contractDetailEditBtnButton"]" because element wasn't found
    at async UtilsPrerequisites.addItemToContract (D:\a\1\s\test\specs\BTS\prerequisites-and-utils-functions.js:1852:9)
    at async Context.<anonymous> (D:\a\1\s\test\specs\HTR\provide-to-site-w-warehouse-wo-clarification.spec.js:78:9)
]]></system-err>
    </testcase>
    <testcase classname="chrome.136_0_7103_93.windows.Provide_to_Site_w/_warehouse_management_wo_clarification" name="Should provide to site" time="60.647">
      <failure/>
      <error message="Can't call click on element with selector &quot;//button[@data-kt=&quot;provideButton&quot;]&quot; because element wasn't found"/>
      <system-out><![CDATA[
COMMAND: GET /session/d4f675b322105372b3380f2dea3f05ac/screenshot - {}
COMMAND: POST /session/d4f675b322105372b3380f2dea3f05ac/element - {"using":"xpath","value":"//button[@data-kt=\"provideButton\"]"}
RESULT: {}
RESULT: {"using":"xpath","value":"//button[@data-kt=\"provideButton\"]"}
COMMAND: POST /session/d4f675b322105372b3380f2dea3f05ac/elements - {"using":"xpath","value":"//button[@data-kt=\"provideButton\"]"}
RESULT: {"using":"xpath","value":"//button[@data-kt=\"provideButton\"]"}
COMMAND: POST /session/d4f675b322105372b3380f2dea3f05ac/elements - {"using":"xpath","value":"//button[@data-kt=\"provideButton\"]"}
RESULT: {"using":"xpath","value":"//button[@data-kt=\"provideButton\"]"}
COMMAND: POST /session/d4f675b322105372b3380f2dea3f05ac/elements - {"using":"xpath","value":"//button[@data-kt=\"provideButton\"]"}
RESULT: {"using":"xpath","value":"//button[@data-kt=\"provideButton\"]"}
COMMAND: POST /session/d4f675b322105372b3380f2dea3f05ac/elements - {"using":"xpath","value":"//button[@data-kt=\"provideButton\"]"}
RESULT: {"using":"xpath","value":"//button[@data-kt=\"provideButton\"]"}
COMMAND: POST /session/d4f675b322105372b3380f2dea3f05ac/elements - {"using":"xpath","value":"//button[@data-kt=\"provideButton\"]"}
RESULT: {"using":"xpath","value":"//button[@data-kt=\"provideButton\"]"}
COMMAND: POST /session/d4f675b322105372b3380f2dea3f05ac/elements - {"using":"xpath","value":"//button[@data-kt=\"provideButton\"]"}
RESULT: {"using":"xpath","value":"//button[@data-kt=\"provideButton\"]"}
COMMAND: POST /session/d4f675b322105372b3380f2dea3f05ac/elements - {"using":"xpath","value":"//button[@data-kt=\"provideButton\"]"}
RESULT: {"using":"xpath","value":"//button[@data-kt=\"provideButton\"]"}
COMMAND: POST /session/d4f675b322105372b3380f2dea3f05ac/elements - {"using":"xpath","value":"//button[@data-kt=\"provideButton\"]"}
RESULT: {"using":"xpath","value":"//button[@data-kt=\"provideButton\"]"}
COMMAND: POST /session/d4f675b322105372b3380f2dea3f05ac/elements - {"using":"xpath","value":"//button[@data-kt=\"provideButton\"]"}
RESULT: {"using":"xpath","value":"//button[@data-kt=\"provideButton\"]"}
COMMAND: POST /session/d4f675b322105372b3380f2dea3f05ac/elements - {"using":"xpath","value":"//button[@data-kt=\"provideButton\"]"}
RESULT: {"using":"xpath","value":"//button[@data-kt=\"provideButton\"]"}
COMMAND: POST /session/d4f675b322105372b3380f2dea3f05ac/elements - {"using":"xpath","value":"//button[@data-kt=\"provideButton\"]"}
RESULT: {"using":"xpath","value":"//button[@data-kt=\"provideButton\"]"}
COMMAND: POST /session/d4f675b322105372b3380f2dea3f05ac/elements - {"using":"xpath","value":"//button[@data-kt=\"provideButton\"]"}
RESULT: {"using":"xpath","value":"//button[@data-kt=\"provideButton\"]"}
COMMAND: POST /session/d4f675b322105372b3380f2dea3f05ac/elements - {"using":"xpath","value":"//button[@data-kt=\"provideButton\"]"}
RESULT: {"using":"xpath","value":"//button[@data-kt=\"provideButton\"]"}
COMMAND: POST /session/d4f675b322105372b3380f2dea3f05ac/elements - {"using":"xpath","value":"//button[@data-kt=\"provideButton\"]"}
RESULT: {"using":"xpath","value":"//button[@data-kt=\"provideButton\"]"}
COMMAND: POST /session/d4f675b322105372b3380f2dea3f05ac/elements - {"using":"xpath","value":"//button[@data-kt=\"provideButton\"]"}
RESULT: {"using":"xpath","value":"//button[@data-kt=\"provideButton\"]"}
COMMAND: POST /session/d4f675b322105372b3380f2dea3f05ac/elements - {"using":"xpath","value":"//button[@data-kt=\"provideButton\"]"}
RESULT: {"using":"xpath","value":"//button[@data-kt=\"provideButton\"]"}
COMMAND: POST /session/d4f675b322105372b3380f2dea3f05ac/elements - {"using":"xpath","value":"//button[@data-kt=\"provideButton\"]"}
RESULT: {"using":"xpath","value":"//button[@data-kt=\"provideButton\"]"}
COMMAND: POST /session/d4f675b322105372b3380f2dea3f05ac/elements - {"using":"xpath","value":"//button[@data-kt=\"provideButton\"]"}
RESULT: {"using":"xpath","value":"//button[@data-kt=\"provideButton\"]"}
COMMAND: POST /session/d4f675b322105372b3380f2dea3f05ac/elements - {"using":"xpath","value":"//button[@data-kt=\"provideButton\"]"}
RESULT: {"using":"xpath","value":"//button[@data-kt=\"provideButton\"]"}
COMMAND: POST /session/d4f675b322105372b3380f2dea3f05ac/elements - {"using":"xpath","value":"//button[@data-kt=\"provideButton\"]"}
RESULT: {"using":"xpath","value":"//button[@data-kt=\"provideButton\"]"}
COMMAND: POST /session/d4f675b322105372b3380f2dea3f05ac/elements - {"using":"xpath","value":"//button[@data-kt=\"provideButton\"]"}
RESULT: {"using":"xpath","value":"//button[@data-kt=\"provideButton\"]"}
COMMAND: POST /session/d4f675b322105372b3380f2dea3f05ac/elements - {"using":"xpath","value":"//button[@data-kt=\"provideButton\"]"}
RESULT: {"using":"xpath","value":"//button[@data-kt=\"provideButton\"]"}
COMMAND: POST /session/d4f675b322105372b3380f2dea3f05ac/elements - {"using":"xpath","value":"//button[@data-kt=\"provideButton\"]"}
RESULT: {"using":"xpath","value":"//button[@data-kt=\"provideButton\"]"}
COMMAND: POST /session/d4f675b322105372b3380f2dea3f05ac/elements - {"using":"xpath","value":"//button[@data-kt=\"provideButton\"]"}
RESULT: {"using":"xpath","value":"//button[@data-kt=\"provideButton\"]"}
COMMAND: POST /session/d4f675b322105372b3380f2dea3f05ac/elements - {"using":"xpath","value":"//button[@data-kt=\"provideButton\"]"}
RESULT: {"using":"xpath","value":"//button[@data-kt=\"provideButton\"]"}
COMMAND: POST /session/d4f675b322105372b3380f2dea3f05ac/elements - {"using":"xpath","value":"//button[@data-kt=\"provideButton\"]"}
RESULT: {"using":"xpath","value":"//button[@data-kt=\"provideButton\"]"}
COMMAND: POST /session/d4f675b322105372b3380f2dea3f05ac/elements - {"using":"xpath","value":"//button[@data-kt=\"provideButton\"]"}
RESULT: {"using":"xpath","value":"//button[@data-kt=\"provideButton\"]"}
COMMAND: POST /session/d4f675b322105372b3380f2dea3f05ac/elements - {"using":"xpath","value":"//button[@data-kt=\"provideButton\"]"}
RESULT: {"using":"xpath","value":"//button[@data-kt=\"provideButton\"]"}
COMMAND: POST /session/d4f675b322105372b3380f2dea3f05ac/elements - {"using":"xpath","value":"//button[@data-kt=\"provideButton\"]"}
RESULT: {"using":"xpath","value":"//button[@data-kt=\"provideButton\"]"}
COMMAND: POST /session/d4f675b322105372b3380f2dea3f05ac/elements - {"using":"xpath","value":"//button[@data-kt=\"provideButton\"]"}
RESULT: {"using":"xpath","value":"//button[@data-kt=\"provideButton\"]"}
COMMAND: POST /session/d4f675b322105372b3380f2dea3f05ac/elements - {"using":"xpath","value":"//button[@data-kt=\"provideButton\"]"}
RESULT: {"using":"xpath","value":"//button[@data-kt=\"provideButton\"]"}
COMMAND: POST /session/d4f675b322105372b3380f2dea3f05ac/elements - {"using":"xpath","value":"//button[@data-kt=\"provideButton\"]"}
RESULT: {"using":"xpath","value":"//button[@data-kt=\"provideButton\"]"}
COMMAND: POST /session/d4f675b322105372b3380f2dea3f05ac/elements - {"using":"xpath","value":"//button[@data-kt=\"provideButton\"]"}
RESULT: {"using":"xpath","value":"//button[@data-kt=\"provideButton\"]"}
COMMAND: POST /session/d4f675b322105372b3380f2dea3f05ac/elements - {"using":"xpath","value":"//button[@data-kt=\"provideButton\"]"}
RESULT: {"using":"xpath","value":"//button[@data-kt=\"provideButton\"]"}
COMMAND: POST /session/d4f675b322105372b3380f2dea3f05ac/elements - {"using":"xpath","value":"//button[@data-kt=\"provideButton\"]"}
RESULT: {"using":"xpath","value":"//button[@data-kt=\"provideButton\"]"}
COMMAND: POST /session/d4f675b322105372b3380f2dea3f05ac/elements - {"using":"xpath","value":"//button[@data-kt=\"provideButton\"]"}
RESULT: {"using":"xpath","value":"//button[@data-kt=\"provideButton\"]"}
COMMAND: POST /session/d4f675b322105372b3380f2dea3f05ac/elements - {"using":"xpath","value":"//button[@data-kt=\"provideButton\"]"}
RESULT: {"using":"xpath","value":"//button[@data-kt=\"provideButton\"]"}
COMMAND: POST /session/d4f675b322105372b3380f2dea3f05ac/elements - {"using":"xpath","value":"//button[@data-kt=\"provideButton\"]"}
RESULT: {"using":"xpath","value":"//button[@data-kt=\"provideButton\"]"}
COMMAND: POST /session/d4f675b322105372b3380f2dea3f05ac/elements - {"using":"xpath","value":"//button[@data-kt=\"provideButton\"]"}
RESULT: {"using":"xpath","value":"//button[@data-kt=\"provideButton\"]"}
COMMAND: POST /session/d4f675b322105372b3380f2dea3f05ac/elements - {"using":"xpath","value":"//button[@data-kt=\"provideButton\"]"}
RESULT: {"using":"xpath","value":"//button[@data-kt=\"provideButton\"]"}
COMMAND: POST /session/d4f675b322105372b3380f2dea3f05ac/elements - {"using":"xpath","value":"//button[@data-kt=\"provideButton\"]"}
RESULT: {"using":"xpath","value":"//button[@data-kt=\"provideButton\"]"}
COMMAND: POST /session/d4f675b322105372b3380f2dea3f05ac/elements - {"using":"xpath","value":"//button[@data-kt=\"provideButton\"]"}
RESULT: {"using":"xpath","value":"//button[@data-kt=\"provideButton\"]"}
COMMAND: POST /session/d4f675b322105372b3380f2dea3f05ac/elements - {"using":"xpath","value":"//button[@data-kt=\"provideButton\"]"}
RESULT: {"using":"xpath","value":"//button[@data-kt=\"provideButton\"]"}
COMMAND: POST /session/d4f675b322105372b3380f2dea3f05ac/elements - {"using":"xpath","value":"//button[@data-kt=\"provideButton\"]"}
RESULT: {"using":"xpath","value":"//button[@data-kt=\"provideButton\"]"}
COMMAND: POST /session/d4f675b322105372b3380f2dea3f05ac/elements - {"using":"xpath","value":"//button[@data-kt=\"provideButton\"]"}
RESULT: {"using":"xpath","value":"//button[@data-kt=\"provideButton\"]"}
COMMAND: POST /session/d4f675b322105372b3380f2dea3f05ac/elements - {"using":"xpath","value":"//button[@data-kt=\"provideButton\"]"}
RESULT: {"using":"xpath","value":"//button[@data-kt=\"provideButton\"]"}
COMMAND: POST /session/d4f675b322105372b3380f2dea3f05ac/elements - {"using":"xpath","value":"//button[@data-kt=\"provideButton\"]"}
RESULT: {"using":"xpath","value":"//button[@data-kt=\"provideButton\"]"}
COMMAND: POST /session/d4f675b322105372b3380f2dea3f05ac/elements - {"using":"xpath","value":"//button[@data-kt=\"provideButton\"]"}
RESULT: {"using":"xpath","value":"//button[@data-kt=\"provideButton\"]"}
COMMAND: POST /session/d4f675b322105372b3380f2dea3f05ac/elements - {"using":"xpath","value":"//button[@data-kt=\"provideButton\"]"}
RESULT: {"using":"xpath","value":"//button[@data-kt=\"provideButton\"]"}
COMMAND: POST /session/d4f675b322105372b3380f2dea3f05ac/elements - {"using":"xpath","value":"//button[@data-kt=\"provideButton\"]"}
RESULT: {"using":"xpath","value":"//button[@data-kt=\"provideButton\"]"}
COMMAND: POST /session/d4f675b322105372b3380f2dea3f05ac/elements - {"using":"xpath","value":"//button[@data-kt=\"provideButton\"]"}
RESULT: {"using":"xpath","value":"//button[@data-kt=\"provideButton\"]"}
COMMAND: POST /session/d4f675b322105372b3380f2dea3f05ac/elements - {"using":"xpath","value":"//button[@data-kt=\"provideButton\"]"}
RESULT: {"using":"xpath","value":"//button[@data-kt=\"provideButton\"]"}
COMMAND: POST /session/d4f675b322105372b3380f2dea3f05ac/elements - {"using":"xpath","value":"//button[@data-kt=\"provideButton\"]"}
RESULT: {"using":"xpath","value":"//button[@data-kt=\"provideButton\"]"}
COMMAND: POST /session/d4f675b322105372b3380f2dea3f05ac/elements - {"using":"xpath","value":"//button[@data-kt=\"provideButton\"]"}
RESULT: {"using":"xpath","value":"//button[@data-kt=\"provideButton\"]"}
COMMAND: POST /session/d4f675b322105372b3380f2dea3f05ac/elements - {"using":"xpath","value":"//button[@data-kt=\"provideButton\"]"}
RESULT: {"using":"xpath","value":"//button[@data-kt=\"provideButton\"]"}
COMMAND: POST /session/d4f675b322105372b3380f2dea3f05ac/elements - {"using":"xpath","value":"//button[@data-kt=\"provideButton\"]"}
RESULT: {"using":"xpath","value":"//button[@data-kt=\"provideButton\"]"}
COMMAND: POST /session/d4f675b322105372b3380f2dea3f05ac/elements - {"using":"xpath","value":"//button[@data-kt=\"provideButton\"]"}
RESULT: {"using":"xpath","value":"//button[@data-kt=\"provideButton\"]"}
COMMAND: POST /session/d4f675b322105372b3380f2dea3f05ac/elements - {"using":"xpath","value":"//button[@data-kt=\"provideButton\"]"}
RESULT: {"using":"xpath","value":"//button[@data-kt=\"provideButton\"]"}
COMMAND: POST /session/d4f675b322105372b3380f2dea3f05ac/elements - {"using":"xpath","value":"//button[@data-kt=\"provideButton\"]"}
RESULT: {"using":"xpath","value":"//button[@data-kt=\"provideButton\"]"}
COMMAND: POST /session/d4f675b322105372b3380f2dea3f05ac/elements - {"using":"xpath","value":"//button[@data-kt=\"provideButton\"]"}
RESULT: {"using":"xpath","value":"//button[@data-kt=\"provideButton\"]"}
COMMAND: POST /session/d4f675b322105372b3380f2dea3f05ac/elements - {"using":"xpath","value":"//button[@data-kt=\"provideButton\"]"}
RESULT: {"using":"xpath","value":"//button[@data-kt=\"provideButton\"]"}
COMMAND: POST /session/d4f675b322105372b3380f2dea3f05ac/elements - {"using":"xpath","value":"//button[@data-kt=\"provideButton\"]"}
RESULT: {"using":"xpath","value":"//button[@data-kt=\"provideButton\"]"}
COMMAND: POST /session/d4f675b322105372b3380f2dea3f05ac/elements - {"using":"xpath","value":"//button[@data-kt=\"provideButton\"]"}
RESULT: {"using":"xpath","value":"//button[@data-kt=\"provideButton\"]"}
COMMAND: POST /session/d4f675b322105372b3380f2dea3f05ac/elements - {"using":"xpath","value":"//button[@data-kt=\"provideButton\"]"}
RESULT: {"using":"xpath","value":"//button[@data-kt=\"provideButton\"]"}
COMMAND: POST /session/d4f675b322105372b3380f2dea3f05ac/elements - {"using":"xpath","value":"//button[@data-kt=\"provideButton\"]"}
RESULT: {"using":"xpath","value":"//button[@data-kt=\"provideButton\"]"}
COMMAND: POST /session/d4f675b322105372b3380f2dea3f05ac/elements - {"using":"xpath","value":"//button[@data-kt=\"provideButton\"]"}
RESULT: {"using":"xpath","value":"//button[@data-kt=\"provideButton\"]"}
COMMAND: POST /session/d4f675b322105372b3380f2dea3f05ac/elements - {"using":"xpath","value":"//button[@data-kt=\"provideButton\"]"}
RESULT: {"using":"xpath","value":"//button[@data-kt=\"provideButton\"]"}
COMMAND: POST /session/d4f675b322105372b3380f2dea3f05ac/elements - {"using":"xpath","value":"//button[@data-kt=\"provideButton\"]"}
RESULT: {"using":"xpath","value":"//button[@data-kt=\"provideButton\"]"}
COMMAND: POST /session/d4f675b322105372b3380f2dea3f05ac/elements - {"using":"xpath","value":"//button[@data-kt=\"provideButton\"]"}
RESULT: {"using":"xpath","value":"//button[@data-kt=\"provideButton\"]"}
COMMAND: POST /session/d4f675b322105372b3380f2dea3f05ac/elements - {"using":"xpath","value":"//button[@data-kt=\"provideButton\"]"}
RESULT: {"using":"xpath","value":"//button[@data-kt=\"provideButton\"]"}
COMMAND: POST /session/d4f675b322105372b3380f2dea3f05ac/elements - {"using":"xpath","value":"//button[@data-kt=\"provideButton\"]"}
RESULT: {"using":"xpath","value":"//button[@data-kt=\"provideButton\"]"}
COMMAND: POST /session/d4f675b322105372b3380f2dea3f05ac/elements - {"using":"xpath","value":"//button[@data-kt=\"provideButton\"]"}
RESULT: {"using":"xpath","value":"//button[@data-kt=\"provideButton\"]"}
COMMAND: POST /session/d4f675b322105372b3380f2dea3f05ac/elements - {"using":"xpath","value":"//button[@data-kt=\"provideButton\"]"}
RESULT: {"using":"xpath","value":"//button[@data-kt=\"provideButton\"]"}
COMMAND: POST /session/d4f675b322105372b3380f2dea3f05ac/elements - {"using":"xpath","value":"//button[@data-kt=\"provideButton\"]"}
RESULT: {"using":"xpath","value":"//button[@data-kt=\"provideButton\"]"}
COMMAND: POST /session/d4f675b322105372b3380f2dea3f05ac/elements - {"using":"xpath","value":"//button[@data-kt=\"provideButton\"]"}
RESULT: {"using":"xpath","value":"//button[@data-kt=\"provideButton\"]"}
COMMAND: POST /session/d4f675b322105372b3380f2dea3f05ac/elements - {"using":"xpath","value":"//button[@data-kt=\"provideButton\"]"}
RESULT: {"using":"xpath","value":"//button[@data-kt=\"provideButton\"]"}
COMMAND: POST /session/d4f675b322105372b3380f2dea3f05ac/elements - {"using":"xpath","value":"//button[@data-kt=\"provideButton\"]"}
RESULT: {"using":"xpath","value":"//button[@data-kt=\"provideButton\"]"}
COMMAND: POST /session/d4f675b322105372b3380f2dea3f05ac/elements - {"using":"xpath","value":"//button[@data-kt=\"provideButton\"]"}
RESULT: {"using":"xpath","value":"//button[@data-kt=\"provideButton\"]"}
COMMAND: POST /session/d4f675b322105372b3380f2dea3f05ac/elements - {"using":"xpath","value":"//button[@data-kt=\"provideButton\"]"}
RESULT: {"using":"xpath","value":"//button[@data-kt=\"provideButton\"]"}
COMMAND: POST /session/d4f675b322105372b3380f2dea3f05ac/elements - {"using":"xpath","value":"//button[@data-kt=\"provideButton\"]"}
RESULT: {"using":"xpath","value":"//button[@data-kt=\"provideButton\"]"}
COMMAND: POST /session/d4f675b322105372b3380f2dea3f05ac/elements - {"using":"xpath","value":"//button[@data-kt=\"provideButton\"]"}
RESULT: {"using":"xpath","value":"//button[@data-kt=\"provideButton\"]"}
COMMAND: POST /session/d4f675b322105372b3380f2dea3f05ac/elements - {"using":"xpath","value":"//button[@data-kt=\"provideButton\"]"}
RESULT: {"using":"xpath","value":"//button[@data-kt=\"provideButton\"]"}
COMMAND: POST /session/d4f675b322105372b3380f2dea3f05ac/elements - {"using":"xpath","value":"//button[@data-kt=\"provideButton\"]"}
RESULT: {"using":"xpath","value":"//button[@data-kt=\"provideButton\"]"}
COMMAND: POST /session/d4f675b322105372b3380f2dea3f05ac/elements - {"using":"xpath","value":"//button[@data-kt=\"provideButton\"]"}
RESULT: {"using":"xpath","value":"//button[@data-kt=\"provideButton\"]"}
COMMAND: POST /session/d4f675b322105372b3380f2dea3f05ac/elements - {"using":"xpath","value":"//button[@data-kt=\"provideButton\"]"}
RESULT: {"using":"xpath","value":"//button[@data-kt=\"provideButton\"]"}
COMMAND: POST /session/d4f675b322105372b3380f2dea3f05ac/elements - {"using":"xpath","value":"//button[@data-kt=\"provideButton\"]"}
RESULT: {"using":"xpath","value":"//button[@data-kt=\"provideButton\"]"}
COMMAND: POST /session/d4f675b322105372b3380f2dea3f05ac/elements - {"using":"xpath","value":"//button[@data-kt=\"provideButton\"]"}
RESULT: {"using":"xpath","value":"//button[@data-kt=\"provideButton\"]"}
COMMAND: POST /session/d4f675b322105372b3380f2dea3f05ac/elements - {"using":"xpath","value":"//button[@data-kt=\"provideButton\"]"}
RESULT: {"using":"xpath","value":"//button[@data-kt=\"provideButton\"]"}
COMMAND: POST /session/d4f675b322105372b3380f2dea3f05ac/elements - {"using":"xpath","value":"//button[@data-kt=\"provideButton\"]"}
RESULT: {"using":"xpath","value":"//button[@data-kt=\"provideButton\"]"}
COMMAND: POST /session/d4f675b322105372b3380f2dea3f05ac/elements - {"using":"xpath","value":"//button[@data-kt=\"provideButton\"]"}
RESULT: {"using":"xpath","value":"//button[@data-kt=\"provideButton\"]"}
COMMAND: POST /session/d4f675b322105372b3380f2dea3f05ac/elements - {"using":"xpath","value":"//button[@data-kt=\"provideButton\"]"}
RESULT: {"using":"xpath","value":"//button[@data-kt=\"provideButton\"]"}
COMMAND: POST /session/d4f675b322105372b3380f2dea3f05ac/elements - {"using":"xpath","value":"//button[@data-kt=\"provideButton\"]"}
RESULT: {"using":"xpath","value":"//button[@data-kt=\"provideButton\"]"}
COMMAND: POST /session/d4f675b322105372b3380f2dea3f05ac/elements - {"using":"xpath","value":"//button[@data-kt=\"provideButton\"]"}
RESULT: {"using":"xpath","value":"//button[@data-kt=\"provideButton\"]"}
COMMAND: POST /session/d4f675b322105372b3380f2dea3f05ac/elements - {"using":"xpath","value":"//button[@data-kt=\"provideButton\"]"}
RESULT: {"using":"xpath","value":"//button[@data-kt=\"provideButton\"]"}
COMMAND: POST /session/d4f675b322105372b3380f2dea3f05ac/elements - {"using":"xpath","value":"//button[@data-kt=\"provideButton\"]"}
RESULT: {"using":"xpath","value":"//button[@data-kt=\"provideButton\"]"}
COMMAND: POST /session/d4f675b322105372b3380f2dea3f05ac/elements - {"using":"xpath","value":"//button[@data-kt=\"provideButton\"]"}
RESULT: {"using":"xpath","value":"//button[@data-kt=\"provideButton\"]"}
COMMAND: POST /session/d4f675b322105372b3380f2dea3f05ac/elements - {"using":"xpath","value":"//button[@data-kt=\"provideButton\"]"}
RESULT: {"using":"xpath","value":"//button[@data-kt=\"provideButton\"]"}
COMMAND: POST /session/d4f675b322105372b3380f2dea3f05ac/elements - {"using":"xpath","value":"//button[@data-kt=\"provideButton\"]"}
RESULT: {"using":"xpath","value":"//button[@data-kt=\"provideButton\"]"}
COMMAND: POST /session/d4f675b322105372b3380f2dea3f05ac/elements - {"using":"xpath","value":"//button[@data-kt=\"provideButton\"]"}
RESULT: {"using":"xpath","value":"//button[@data-kt=\"provideButton\"]"}
COMMAND: POST /session/d4f675b322105372b3380f2dea3f05ac/elements - {"using":"xpath","value":"//button[@data-kt=\"provideButton\"]"}
RESULT: {"using":"xpath","value":"//button[@data-kt=\"provideButton\"]"}
COMMAND: POST /session/d4f675b322105372b3380f2dea3f05ac/elements - {"using":"xpath","value":"//button[@data-kt=\"provideButton\"]"}
RESULT: {"using":"xpath","value":"//button[@data-kt=\"provideButton\"]"}
COMMAND: POST /session/d4f675b322105372b3380f2dea3f05ac/elements - {"using":"xpath","value":"//button[@data-kt=\"provideButton\"]"}
RESULT: {"using":"xpath","value":"//button[@data-kt=\"provideButton\"]"}
COMMAND: POST /session/d4f675b322105372b3380f2dea3f05ac/elements - {"using":"xpath","value":"//button[@data-kt=\"provideButton\"]"}
RESULT: {"using":"xpath","value":"//button[@data-kt=\"provideButton\"]"}
COMMAND: POST /session/d4f675b322105372b3380f2dea3f05ac/elements - {"using":"xpath","value":"//button[@data-kt=\"provideButton\"]"}
RESULT: {"using":"xpath","value":"//button[@data-kt=\"provideButton\"]"}
COMMAND: POST /session/d4f675b322105372b3380f2dea3f05ac/elements - {"using":"xpath","value":"//button[@data-kt=\"provideButton\"]"}
RESULT: {"using":"xpath","value":"//button[@data-kt=\"provideButton\"]"}
COMMAND: POST /session/d4f675b322105372b3380f2dea3f05ac/elements - {"using":"xpath","value":"//button[@data-kt=\"provideButton\"]"}
RESULT: {"using":"xpath","value":"//button[@data-kt=\"provideButton\"]"}
COMMAND: POST /session/d4f675b322105372b3380f2dea3f05ac/elements - {"using":"xpath","value":"//button[@data-kt=\"provideButton\"]"}
RESULT: {"using":"xpath","value":"//button[@data-kt=\"provideButton\"]"}
COMMAND: POST /session/d4f675b322105372b3380f2dea3f05ac/elements - {"using":"xpath","value":"//button[@data-kt=\"provideButton\"]"}
RESULT: {"using":"xpath","value":"//button[@data-kt=\"provideButton\"]"}
COMMAND: POST /session/d4f675b322105372b3380f2dea3f05ac/elements - {"using":"xpath","value":"//button[@data-kt=\"provideButton\"]"}
RESULT: {"using":"xpath","value":"//button[@data-kt=\"provideButton\"]"}
COMMAND: POST /session/d4f675b322105372b3380f2dea3f05ac/elements - {"using":"xpath","value":"//button[@data-kt=\"provideButton\"]"}
RESULT: {"using":"xpath","value":"//button[@data-kt=\"provideButton\"]"}
COMMAND: POST /session/d4f675b322105372b3380f2dea3f05ac/elements - {"using":"xpath","value":"//button[@data-kt=\"provideButton\"]"}
RESULT: {"using":"xpath","value":"//button[@data-kt=\"provideButton\"]"}
COMMAND: POST /session/d4f675b322105372b3380f2dea3f05ac/elements - {"using":"xpath","value":"//button[@data-kt=\"provideButton\"]"}
RESULT: {"using":"xpath","value":"//button[@data-kt=\"provideButton\"]"}
COMMAND: POST /session/d4f675b322105372b3380f2dea3f05ac/elements - {"using":"xpath","value":"//button[@data-kt=\"provideButton\"]"}
RESULT: {"using":"xpath","value":"//button[@data-kt=\"provideButton\"]"}
COMMAND: POST /session/d4f675b322105372b3380f2dea3f05ac/elements - {"using":"xpath","value":"//button[@data-kt=\"provideButton\"]"}
RESULT: {"using":"xpath","value":"//button[@data-kt=\"provideButton\"]"}
COMMAND: POST /session/d4f675b322105372b3380f2dea3f05ac/elements - {"using":"xpath","value":"//button[@data-kt=\"provideButton\"]"}
RESULT: {"using":"xpath","value":"//button[@data-kt=\"provideButton\"]"}
COMMAND: POST /session/d4f675b322105372b3380f2dea3f05ac/elements - {"using":"xpath","value":"//button[@data-kt=\"provideButton\"]"}
RESULT: {"using":"xpath","value":"//button[@data-kt=\"provideButton\"]"}
COMMAND: POST /session/d4f675b322105372b3380f2dea3f05ac/elements - {"using":"xpath","value":"//button[@data-kt=\"provideButton\"]"}
RESULT: {"using":"xpath","value":"//button[@data-kt=\"provideButton\"]"}
COMMAND: POST /session/d4f675b322105372b3380f2dea3f05ac/elements - {"using":"xpath","value":"//button[@data-kt=\"provideButton\"]"}
RESULT: {"using":"xpath","value":"//button[@data-kt=\"provideButton\"]"}
COMMAND: POST /session/d4f675b322105372b3380f2dea3f05ac/elements - {"using":"xpath","value":"//button[@data-kt=\"provideButton\"]"}
RESULT: {"using":"xpath","value":"//button[@data-kt=\"provideButton\"]"}
COMMAND: POST /session/d4f675b322105372b3380f2dea3f05ac/elements - {"using":"xpath","value":"//button[@data-kt=\"provideButton\"]"}
RESULT: {"using":"xpath","value":"//button[@data-kt=\"provideButton\"]"}
COMMAND: GET /session/d4f675b322105372b3380f2dea3f05ac/screenshot - {}
RESULT: {}
]]></system-out>
      <system-err><![CDATA[
Error: Can't call click on element with selector "//button[@data-kt="provideButton"]" because element wasn't found
    at async Context.<anonymous> (D:\a\1\s\test\specs\HTR\provide-to-site-w-warehouse-wo-clarification.spec.js:83:9)
]]></system-err>
    </testcase>
    <testcase classname="chrome.136_0_7103_93.windows.Provide_to_Site_w/_warehouse_management_wo_clarification" name="Should Test for Handover Execution" time="33.977">
      <failure/>
      <error message="expect(received).toEqual(expected) // deep equality&#xA;&#xA;Expected: &quot;stored&quot;&#xA;Received: undefined"/>
      <system-out><![CDATA[
COMMAND: GET /session/d4f675b322105372b3380f2dea3f05ac/screenshot - {}
COMMAND: POST /session/d4f675b322105372b3380f2dea3f05ac/execute/async - {"script":"<script> [1562 bytes]","args":[{"selector":{"controlType":"sap.m.Link","viewName":"etm.portal.ui.managehandovers.view.DetailExecuteHO","bindingPath":{"path":"","propertyPath":"/wmDoc","modelName":"warehouseMovModel"}},"wdio_ui5_key":"etmportal.ui.managehandovers.view.DetailExecuteHOsap.m.Link{\"path\":\"\",\"propertyPath\":\"/wmDoc\",\"modelName\":\"warehouseMovModel\"}"}]}
RESULT: {}
RESULT: {"script":"<script> [1562 bytes]","args":[{"selector":{"controlType":"sap.m.Link","viewName":"etm.portal.ui.managehandovers.view.DetailExecuteHO","bindingPath":{"path":"","propertyPath":"/wmDoc","modelName":"warehouseMovModel"}},"wdio_ui5_key":"etmportal.ui.managehandovers.view.DetailExecuteHOsap.m.Link{\"path\":\"\",\"propertyPath\":\"/wmDoc\",\"modelName\":\"warehouseMovModel\"}"}]}
RESULT: undefined
COMMAND: POST /session/d4f675b322105372b3380f2dea3f05ac/execute/async - {"script":"<script> [1562 bytes]","args":[{"selector":{"controlType":"sap.m.Link","viewName":"etm.portal.ui.managehandovers.view.DetailExecuteHO","properties":{"text":"Warehouse Overview"},"searchOpenDialogs":true},"wdio_ui5_key":"etmportal.ui.managehandovers.view.DetailExecuteHOsap.m.Link{\"text\":\"Warehouse Overview\"}"}]}
RESULT: {"script":"<script> [1562 bytes]","args":[{"selector":{"controlType":"sap.m.Link","viewName":"etm.portal.ui.managehandovers.view.DetailExecuteHO","properties":{"text":"Warehouse Overview"},"searchOpenDialogs":true},"wdio_ui5_key":"etmportal.ui.managehandovers.view.DetailExecuteHOsap.m.Link{\"text\":\"Warehouse Overview\"}"}]}
RESULT: undefined
COMMAND: POST /session/d4f675b322105372b3380f2dea3f05ac/execute/async - {"script":"<script> [1562 bytes]","args":[{"selector":{"controlType":"sap.m.Button","viewName":"etm.portal.ui.warehousemovements.view.DisplayMovement","viewId":"application-warehousemovements-display-component---displayMovement","i18NText":{"propertyName":"text","key":"execution"},"interaction":{"idSuffix":"BDI-content"}},"wdio_ui5_key":"etmportal.ui.warehousemovements.view.DisplayMovementsap.m.Button{\"propertyName\":\"text\",\"key\":\"execution\"}"}]}
RESULT: {"script":"<script> [1562 bytes]","args":[{"selector":{"controlType":"sap.m.Button","viewName":"etm.portal.ui.warehousemovements.view.DisplayMovement","viewId":"application-warehousemovements-display-component---displayMovement","i18NText":{"propertyName":"text","key":"execution"},"interaction":{"idSuffix":"BDI-content"}},"wdio_ui5_key":"etmportal.ui.warehousemovements.view.DisplayMovementsap.m.Button{\"propertyName\":\"text\",\"key\":\"execution\"}"}]}
RESULT: undefined
COMMAND: POST /session/d4f675b322105372b3380f2dea3f05ac/execute/async - {"script":"<script> [1562 bytes]","args":[{"selector":{"controlType":"sap.m.Button","viewName":"etm.portal.ui.warehousemovements.view.ExecuteMovement","viewId":"application-warehousemovements-display-component---executeMovement","properties":{"text":"Items"},"interaction":{"idSuffix":"BDI-content"}},"wdio_ui5_key":"etmportal.ui.warehousemovements.view.ExecuteMovementsap.m.Button{\"text\":\"Items\"}"}]}
RESULT: {"script":"<script> [1562 bytes]","args":[{"selector":{"controlType":"sap.m.Button","viewName":"etm.portal.ui.warehousemovements.view.ExecuteMovement","viewId":"application-warehousemovements-display-component---executeMovement","properties":{"text":"Items"},"interaction":{"idSuffix":"BDI-content"}},"wdio_ui5_key":"etmportal.ui.warehousemovements.view.ExecuteMovementsap.m.Button{\"text\":\"Items\"}"}]}
RESULT: undefined
COMMAND: POST /session/d4f675b322105372b3380f2dea3f05ac/execute/async - {"script":"<script> [1562 bytes]","args":[{"selector":{"controlType":"sap.m.ToggleButton","viewName":"etm.portal.ui.warehousemovements.view.ExecuteMovement","viewId":"application-warehousemovements-display-component---executeMovement","bindingPath":{"propertyPath":"STATUS","modelName":"catalogModel"},"interaction":{"idSuffix":"BDI-content"}},"wdio_ui5_key":"etmportal.ui.warehousemovements.view.ExecuteMovementsap.m.ToggleButton{\"propertyPath\":\"STATUS\",\"modelName\":\"catalogModel\"}"}]}
RESULT: {"script":"<script> [1562 bytes]","args":[{"selector":{"controlType":"sap.m.ToggleButton","viewName":"etm.portal.ui.warehousemovements.view.ExecuteMovement","viewId":"application-warehousemovements-display-component---executeMovement","bindingPath":{"propertyPath":"STATUS","modelName":"catalogModel"},"interaction":{"idSuffix":"BDI-content"}},"wdio_ui5_key":"etmportal.ui.warehousemovements.view.ExecuteMovementsap.m.ToggleButton{\"propertyPath\":\"STATUS\",\"modelName\":\"catalogModel\"}"}]}
RESULT: undefined
RESULT: undefined
RESULT: undefined
COMMAND: GET /session/d4f675b322105372b3380f2dea3f05ac/screenshot - {}
RESULT: {}
COMMAND: POST /session/d4f675b322105372b3380f2dea3f05ac/element - {"using":"css selector","value":"#j_username"}
COMMAND: POST /session/d4f675b322105372b3380f2dea3f05ac/url - {"url":"https://qa-testing-00-live-etm-ui.cfapps.eu10-004.hana.ondemand.com/"}
COMMAND: GET /session/d4f675b322105372b3380f2dea3f05ac/screenshot - {}
COMMAND: GET /session/d4f675b322105372b3380f2dea3f05ac/screenshot - {}
RESULT: {"using":"css selector","value":"#j_username"}
COMMAND: POST /session/d4f675b322105372b3380f2dea3f05ac/element - {"using":"css selector","value":"#j_username"}
RESULT: {"url":"https://qa-testing-00-live-etm-ui.cfapps.eu10-004.hana.ondemand.com/"}
RESULT: undefined
COMMAND: GET /session/d4f675b322105372b3380f2dea3f05ac/screenshot - {}
RESULT: {}
RESULT: {}
RESULT: {"using":"css selector","value":"#j_username"}
COMMAND: POST /session/d4f675b322105372b3380f2dea3f05ac/element - {"using":"css selector","value":"#shell-header-logo"}
RESULT: {}
RESULT: {"using":"css selector","value":"#shell-header-logo"}
COMMAND: POST /session/d4f675b322105372b3380f2dea3f05ac/execute/sync - {"script":"<script> [8489 bytes]","args":[{"element-6066-11e4-a52e-4f735466cecf":"f.73BB2000E1F4E36FD864906F51978B2B.d.D761A31BD6153D5BBBEB6BD4D1302B5E.e.9563","ELEMENT":"f.73BB2000E1F4E36FD864906F51978B2B.d.D761A31BD6153D5BBBEB6BD4D1302B5E.e.9563"}]}
RESULT: {"script":"<script> [8489 bytes]","args":[{"element-6066-11e4-a52e-4f735466cecf":"f.73BB2000E1F4E36FD864906F51978B2B.d.D761A31BD6153D5BBBEB6BD4D1302B5E.e.9563","ELEMENT":"f.73BB2000E1F4E36FD864906F51978B2B.d.D761A31BD6153D5BBBEB6BD4D1302B5E.e.9563"}]}
COMMAND: POST /session/d4f675b322105372b3380f2dea3f05ac/element - {"using":"css selector","value":"#shell-header-logo"}
COMMAND: GET /session/d4f675b322105372b3380f2dea3f05ac/screenshot - {}
RESULT: {"using":"css selector","value":"#shell-header-logo"}
COMMAND: POST /session/d4f675b322105372b3380f2dea3f05ac/execute/sync - {"script":"<script> [8489 bytes]","args":[{"element-6066-11e4-a52e-4f735466cecf":"f.73BB2000E1F4E36FD864906F51978B2B.d.D761A31BD6153D5BBBEB6BD4D1302B5E.e.9563","ELEMENT":"f.73BB2000E1F4E36FD864906F51978B2B.d.D761A31BD6153D5BBBEB6BD4D1302B5E.e.9563"}]}
RESULT: {}
RESULT: {"script":"<script> [8489 bytes]","args":[{"element-6066-11e4-a52e-4f735466cecf":"f.73BB2000E1F4E36FD864906F51978B2B.d.D761A31BD6153D5BBBEB6BD4D1302B5E.e.9563","ELEMENT":"f.73BB2000E1F4E36FD864906F51978B2B.d.D761A31BD6153D5BBBEB6BD4D1302B5E.e.9563"}]}
COMMAND: POST /session/d4f675b322105372b3380f2dea3f05ac/execute/sync - {"script":"<script> [5351 bytes]","args":[{"element-6066-11e4-a52e-4f735466cecf":"f.73BB2000E1F4E36FD864906F51978B2B.d.D761A31BD6153D5BBBEB6BD4D1302B5E.e.9563","ELEMENT":"f.73BB2000E1F4E36FD864906F51978B2B.d.D761A31BD6153D5BBBEB6BD4D1302B5E.e.9563"}]}
COMMAND: GET /session/d4f675b322105372b3380f2dea3f05ac/screenshot - {}
RESULT: {"script":"<script> [5351 bytes]","args":[{"element-6066-11e4-a52e-4f735466cecf":"f.73BB2000E1F4E36FD864906F51978B2B.d.D761A31BD6153D5BBBEB6BD4D1302B5E.e.9563","ELEMENT":"f.73BB2000E1F4E36FD864906F51978B2B.d.D761A31BD6153D5BBBEB6BD4D1302B5E.e.9563"}]}
COMMAND: POST /session/d4f675b322105372b3380f2dea3f05ac/element - {"using":"css selector","value":"#shell-header-logo"}
COMMAND: GET /session/d4f675b322105372b3380f2dea3f05ac/screenshot - {}
RESULT: {}
RESULT: {"using":"css selector","value":"#shell-header-logo"}
COMMAND: POST /session/d4f675b322105372b3380f2dea3f05ac/element/f.73BB2000E1F4E36FD864906F51978B2B.d.D761A31BD6153D5BBBEB6BD4D1302B5E.e.9563/click - {}
RESULT: {}
RESULT: {}
COMMAND: GET /session/d4f675b322105372b3380f2dea3f05ac/screenshot - {}
RESULT: {}
COMMAND: POST /session/d4f675b322105372b3380f2dea3f05ac/execute/async - {"script":"<script> [189 bytes]","args":[]}
RESULT: {"script":"<script> [189 bytes]","args":[]}
COMMAND: POST /session/d4f675b322105372b3380f2dea3f05ac/execute/async - {"script":"<script> [123 bytes]","args":[]}
RESULT: {"script":"<script> [123 bytes]","args":[]}
COMMAND: POST /session/d4f675b322105372b3380f2dea3f05ac/timeouts - {"script":"<number>"}
RESULT: {"script":"<number>"}
COMMAND: GET /session/d4f675b322105372b3380f2dea3f05ac/timeouts - {}
RESULT: {}
RESULT: undefined
COMMAND: POST /session/d4f675b322105372b3380f2dea3f05ac/execute/async - {"script":"<script> [2676 bytes]","args":[]}
RESULT: {"script":"<script> [2676 bytes]","args":[]}
COMMAND: POST /session/d4f675b322105372b3380f2dea3f05ac/execute/async - {"script":"<script> [2342 bytes]","args":[{"protocol":"http","hostname":"0.0.0.0","path":"/","capabilities":{"browserName":"chrome","goog:chromeOptions":{"binary":"C:\\Program Files\\Google\\Chrome\\Application\\chrome.exe","args":["--start-maximized"]}},"logLevel":"warn","connectionRetryTimeout":120000,"connectionRetryCount":3,"logLevels":{},"enableDirectConnect":true,"strictSSL":true,"_":"65 more keys: [\"cacheDir\",\"port\",\"requestedCapabilities\",\"automationProtocol\",\"baseUrl\",\"waitforInterval\",\"waitforTimeout\",\"onReload\",\"beforeCommand\",\"afterCommand\",\"rootDir\",\"specs\",\"suites\",\"exclude\",\"groupLogsByTestSpec\",\"excludeDriverLogs\",\"bail\",\"framework\",\"reporters\",\"services\",\"maxInstances\",\"maxInstancesPerCapability\",\"injectGlobals\",\"filesToWatch\",\"execArgv\",\"runnerEnv\",\"runner\",\"shard\",\"specFileRetries\",\"specFileRetriesDelay\",\"specFileRetriesDeferred\",\"reporterSyncInterval\",\"reporterSyncTimeout\",\"cucumberFeaturesWithLineNumbers\",\"autoCompileOpts\",\"mochaOpts\",\"jasmineOpts\",\"cucumberOpts\",\"onPrepare\",\"onWorkerStart\",\"onWorkerEnd\",\"before\",\"beforeSession\",\"beforeSuite\",\"beforeHook\",\"beforeTest\",\"afterTest\",\"afterHook\",\"afterSuite\",\"afterSession\",\"after\",\"onComplete\",\"beforeAssertion\",\"afterAssertion\",\"beforeFeature\",\"beforeScenario\",\"beforeStep\",\"afterStep\",\"afterScenario\",\"afterFeature\",\"_\",\"suite\",\"$0\",\"ignoredWorkerServices\",\"wdi5\"]"}]}
RESULT: {"script":"<script> [2342 bytes]","args":[{"protocol":"http","hostname":"0.0.0.0","path":"/","capabilities":{"browserName":"chrome","goog:chromeOptions":{"binary":"C:\\Program Files\\Google\\Chrome\\Application\\chrome.exe","args":["--start-maximized"]}},"logLevel":"warn","connectionRetryTimeout":120000,"connectionRetryCount":3,"logLevels":{},"enableDirectConnect":true,"strictSSL":true,"_":"65 more keys: [\"cacheDir\",\"port\",\"requestedCapabilities\",\"automationProtocol\",\"baseUrl\",\"waitforInterval\",\"waitforTimeout\",\"onReload\",\"beforeCommand\",\"afterCommand\",\"rootDir\",\"specs\",\"suites\",\"exclude\",\"groupLogsByTestSpec\",\"excludeDriverLogs\",\"bail\",\"framework\",\"reporters\",\"services\",\"maxInstances\",\"maxInstancesPerCapability\",\"injectGlobals\",\"filesToWatch\",\"execArgv\",\"runnerEnv\",\"runner\",\"shard\",\"specFileRetries\",\"specFileRetriesDelay\",\"specFileRetriesDeferred\",\"reporterSyncInterval\",\"reporterSyncTimeout\",\"cucumberFeaturesWithLineNumbers\",\"autoCompileOpts\",\"mochaOpts\",\"jasmineOpts\",\"cucumberOpts\",\"onPrepare\",\"onWorkerStart\",\"onWorkerEnd\",\"before\",\"beforeSession\",\"beforeSuite\",\"beforeHook\",\"beforeTest\",\"afterTest\",\"afterHook\",\"afterSuite\",\"afterSession\",\"after\",\"onComplete\",\"beforeAssertion\",\"afterAssertion\",\"beforeFeature\",\"beforeScenario\",\"beforeStep\",\"afterStep\",\"afterScenario\",\"afterFeature\",\"_\",\"suite\",\"$0\",\"ignoredWorkerServices\",\"wdi5\"]"}]}
COMMAND: POST /session/d4f675b322105372b3380f2dea3f05ac/execute/async - {"script":"<script> [21126 bytes]","args":[35000]}
RESULT: {"script":"<script> [21126 bytes]","args":[35000]}
COMMAND: POST /session/d4f675b322105372b3380f2dea3f05ac/window/maximize - {}
RESULT: {}
COMMAND: POST /session/d4f675b322105372b3380f2dea3f05ac/execute/async - {"script":"<script> [1562 bytes]","args":[{"selector":{"id":"shell-header","interaction":{"idSuffix":"icon"}},"wdio_ui5_key":"shellheader"}]}
COMMAND: GET /session/d4f675b322105372b3380f2dea3f05ac/screenshot - {}
RESULT: {"script":"<script> [1562 bytes]","args":[{"selector":{"id":"shell-header","interaction":{"idSuffix":"icon"}},"wdio_ui5_key":"shellheader"}]}
RESULT: undefined
COMMAND: POST /session/d4f675b322105372b3380f2dea3f05ac/window/fullscreen - {}
RESULT: {}
RESULT: {}
]]></system-out>
      <system-err><![CDATA[
Error: expect(received).toEqual(expected) // deep equality

Expected: "stored"
Received: undefined
    at Context.<anonymous> (D:\a\1\s\test\specs\HTR\provide-to-site-w-warehouse-wo-clarification.spec.js:229:28)
]]></system-err>
    </testcase>
  </testsuite>
  <testsuite timestamp="2025-05-28T16:48:31" time="507.237" tests="4" failures="0" errors="0" skipped="0">
    <properties>
      <property name="specId" value="0"/>
      <property name="suiteName" value="Provide to Site w/o warehouse management w/ clarification US116605"/>
      <property name="capabilities" value="chrome.136_0_7103_93.windows"/>
      <property name="file" value="file:///D:/a/1/s/test/specs/HTR/provide-to-site-wo-warehouse-w-clarification.spec.js"/>
    </properties>
    <testcase classname="chrome.136_0_7103_93.windows.Provide_to_Site_w/o_warehouse_management_w/_clarification_US116605" name="Should create a new yard" time="119.439">
      <system-out><![CDATA[
COMMAND: POST /session/d4f675b322105372b3380f2dea3f05ac/window/fullscreen - {}
RESULT: {}
COMMAND: POST /session/d4f675b322105372b3380f2dea3f05ac/execute/async - {"script":"<script> [1562 bytes]","args":[{"selector":{"controlType":"sap.m.GenericTile","properties":{"header":"Manage Yards"}},"wdio_ui5_key":"sapm.GenericTile{\"header\":\"Manage Yards\"}"}]}
RESULT: {"script":"<script> [1562 bytes]","args":[{"selector":{"controlType":"sap.m.GenericTile","properties":{"header":"Manage Yards"}},"wdio_ui5_key":"sapm.GenericTile{\"header\":\"Manage Yards\"}"}]}
RESULT: undefined
COMMAND: POST /session/d4f675b322105372b3380f2dea3f05ac/element - {"using":"xpath","value":"//*[@id=\"__tile33\"]"}
RESULT: {"using":"xpath","value":"//*[@id=\"__tile33\"]"}
COMMAND: POST /session/d4f675b322105372b3380f2dea3f05ac/element/f.73BB2000E1F4E36FD864906F51978B2B.d.D761A31BD6153D5BBBEB6BD4D1302B5E.e.9588/click - {}
RESULT: {}
COMMAND: GET /session/d4f675b322105372b3380f2dea3f05ac/screenshot - {}
RESULT: {}
COMMAND: POST /session/d4f675b322105372b3380f2dea3f05ac/elements - {"using":"xpath","value":"//span[text()='Error']"}
RESULT: {"using":"xpath","value":"//span[text()='Error']"}
COMMAND: POST /session/d4f675b322105372b3380f2dea3f05ac/element - {"using":"xpath","value":"//button[@data-kt=\"addNewYardOverflowToolbarButton\"]"}
RESULT: {"using":"xpath","value":"//button[@data-kt=\"addNewYardOverflowToolbarButton\"]"}
COMMAND: POST /session/d4f675b322105372b3380f2dea3f05ac/elements - {"using":"xpath","value":"//button[@data-kt=\"addNewYardOverflowToolbarButton\"]"}
RESULT: {"using":"xpath","value":"//button[@data-kt=\"addNewYardOverflowToolbarButton\"]"}
COMMAND: POST /session/d4f675b322105372b3380f2dea3f05ac/execute/sync - {"script":"<script> [8489 bytes]","args":[{"element-6066-11e4-a52e-4f735466cecf":"f.73BB2000E1F4E36FD864906F51978B2B.d.D761A31BD6153D5BBBEB6BD4D1302B5E.e.9712","ELEMENT":"f.73BB2000E1F4E36FD864906F51978B2B.d.D761A31BD6153D5BBBEB6BD4D1302B5E.e.9712"}]}
RESULT: {"script":"<script> [8489 bytes]","args":[{"element-6066-11e4-a52e-4f735466cecf":"f.73BB2000E1F4E36FD864906F51978B2B.d.D761A31BD6153D5BBBEB6BD4D1302B5E.e.9712","ELEMENT":"f.73BB2000E1F4E36FD864906F51978B2B.d.D761A31BD6153D5BBBEB6BD4D1302B5E.e.9712"}]}
COMMAND: GET /session/d4f675b322105372b3380f2dea3f05ac/element/f.73BB2000E1F4E36FD864906F51978B2B.d.D761A31BD6153D5BBBEB6BD4D1302B5E.e.9712/enabled - {}
COMMAND: GET /session/d4f675b322105372b3380f2dea3f05ac/screenshot - {}
RESULT: {}
COMMAND: POST /session/d4f675b322105372b3380f2dea3f05ac/execute/sync - {"script":"<script> [8489 bytes]","args":[{"element-6066-11e4-a52e-4f735466cecf":"f.73BB2000E1F4E36FD864906F51978B2B.d.D761A31BD6153D5BBBEB6BD4D1302B5E.e.9712","ELEMENT":"f.73BB2000E1F4E36FD864906F51978B2B.d.D761A31BD6153D5BBBEB6BD4D1302B5E.e.9712"}]}
COMMAND: GET /session/d4f675b322105372b3380f2dea3f05ac/screenshot - {}
RESULT: {}
RESULT: {"script":"<script> [8489 bytes]","args":[{"element-6066-11e4-a52e-4f735466cecf":"f.73BB2000E1F4E36FD864906F51978B2B.d.D761A31BD6153D5BBBEB6BD4D1302B5E.e.9712","ELEMENT":"f.73BB2000E1F4E36FD864906F51978B2B.d.D761A31BD6153D5BBBEB6BD4D1302B5E.e.9712"}]}
COMMAND: POST /session/d4f675b322105372b3380f2dea3f05ac/execute/sync - {"script":"<script> [5351 bytes]","args":[{"element-6066-11e4-a52e-4f735466cecf":"f.73BB2000E1F4E36FD864906F51978B2B.d.D761A31BD6153D5BBBEB6BD4D1302B5E.e.9712","ELEMENT":"f.73BB2000E1F4E36FD864906F51978B2B.d.D761A31BD6153D5BBBEB6BD4D1302B5E.e.9712"}]}
COMMAND: GET /session/d4f675b322105372b3380f2dea3f05ac/screenshot - {}
RESULT: {}
RESULT: {"script":"<script> [5351 bytes]","args":[{"element-6066-11e4-a52e-4f735466cecf":"f.73BB2000E1F4E36FD864906F51978B2B.d.D761A31BD6153D5BBBEB6BD4D1302B5E.e.9712","ELEMENT":"f.73BB2000E1F4E36FD864906F51978B2B.d.D761A31BD6153D5BBBEB6BD4D1302B5E.e.9712"}]}
COMMAND: POST /session/d4f675b322105372b3380f2dea3f05ac/element/f.73BB2000E1F4E36FD864906F51978B2B.d.D761A31BD6153D5BBBEB6BD4D1302B5E.e.9712/click - {}
COMMAND: GET /session/d4f675b322105372b3380f2dea3f05ac/screenshot - {}
RESULT: {}
RESULT: {}
COMMAND: GET /session/d4f675b322105372b3380f2dea3f05ac/screenshot - {}
RESULT: {}
RESULT: {}
COMMAND: POST /session/d4f675b322105372b3380f2dea3f05ac/element - {"using":"xpath","value":"//input[@id=\"application-manageyards-display-component---NewYard--yardId-inner\"]"}
RESULT: {"using":"xpath","value":"//input[@id=\"application-manageyards-display-component---NewYard--yardId-inner\"]"}
COMMAND: POST /session/d4f675b322105372b3380f2dea3f05ac/element - {"using":"xpath","value":"//input[@id=\"application-manageyards-display-component---NewYard--yardId-inner\"]"}
RESULT: {"using":"xpath","value":"//input[@id=\"application-manageyards-display-component---NewYard--yardId-inner\"]"}
COMMAND: POST /session/d4f675b322105372b3380f2dea3f05ac/execute/async - {"script":"<script> [1562 bytes]","args":[{"selector":{"id":"application-manageyards-display-component---NewYard--addressDetailDetailsName1","interaction":{"idSuffix":"inner"}},"wdio_ui5_key":"applicationmanageyards-display-component---NewYard--addressDetailDetailsName1"}]}
RESULT: {"script":"<script> [1562 bytes]","args":[{"selector":{"id":"application-manageyards-display-component---NewYard--addressDetailDetailsName1","interaction":{"idSuffix":"inner"}},"wdio_ui5_key":"applicationmanageyards-display-component---NewYard--addressDetailDetailsName1"}]}
RESULT: undefined
COMMAND: POST /session/d4f675b322105372b3380f2dea3f05ac/execute/async - {"script":"<script> [776 bytes]","args":[{"enterText":"Other Yard WDIO","selector":{"id":"application-manageyards-display-component---NewYard--addressDetailDetailsName1","interaction":{"idSuffix":"inner"}},"clearTextFirst":true,"interactionType":"ENTER_TEXT"}]}
RESULT: {"script":"<script> [776 bytes]","args":[{"enterText":"Other Yard WDIO","selector":{"id":"application-manageyards-display-component---NewYard--addressDetailDetailsName1","interaction":{"idSuffix":"inner"}},"clearTextFirst":true,"interactionType":"ENTER_TEXT"}]}
COMMAND: POST /session/d4f675b322105372b3380f2dea3f05ac/execute/async - {"script":"<script> [1562 bytes]","args":[{"selector":{"id":"application-manageyards-display-component---NewYard--addressDetailDetailsLanguage-arrow"},"wdio_ui5_key":"applicationmanageyards-display-component---NewYard--addressDetailDetailsLanguage-arrow"}]}
RESULT: {"script":"<script> [1562 bytes]","args":[{"selector":{"id":"application-manageyards-display-component---NewYard--addressDetailDetailsLanguage-arrow"},"wdio_ui5_key":"applicationmanageyards-display-component---NewYard--addressDetailDetailsLanguage-arrow"}]}
RESULT: undefined
COMMAND: POST /session/d4f675b322105372b3380f2dea3f05ac/element - {"using":"xpath","value":"//*[@id=\"application-manageyards-display-component---NewYard--addressDetailDetailsLanguage-arrow\"]"}
RESULT: {"using":"xpath","value":"//*[@id=\"application-manageyards-display-component---NewYard--addressDetailDetailsLanguage-arrow\"]"}
COMMAND: POST /session/d4f675b322105372b3380f2dea3f05ac/element/f.73BB2000E1F4E36FD864906F51978B2B.d.D761A31BD6153D5BBBEB6BD4D1302B5E.e.10142/click - {}
RESULT: {}
COMMAND: POST /session/d4f675b322105372b3380f2dea3f05ac/element - {"using":"xpath","value":"//span[contains(text(), \"English\")]"}
COMMAND: GET /session/d4f675b322105372b3380f2dea3f05ac/screenshot - {}
RESULT: {"using":"xpath","value":"//span[contains(text(), \"English\")]"}
COMMAND: POST /session/d4f675b322105372b3380f2dea3f05ac/element/f.73BB2000E1F4E36FD864906F51978B2B.d.D761A31BD6153D5BBBEB6BD4D1302B5E.e.10143/click - {}
RESULT: {}
RESULT: {}
COMMAND: POST /session/d4f675b322105372b3380f2dea3f05ac/execute/async - {"script":"<script> [1562 bytes]","args":[{"selector":{"id":"application-manageyards-display-component---NewYard--addressDetailDetailsCity1","interaction":{"idSuffix":"inner"}},"wdio_ui5_key":"applicationmanageyards-display-component---NewYard--addressDetailDetailsCity1"}]}
COMMAND: GET /session/d4f675b322105372b3380f2dea3f05ac/screenshot - {}
RESULT: {"script":"<script> [1562 bytes]","args":[{"selector":{"id":"application-manageyards-display-component---NewYard--addressDetailDetailsCity1","interaction":{"idSuffix":"inner"}},"wdio_ui5_key":"applicationmanageyards-display-component---NewYard--addressDetailDetailsCity1"}]}
RESULT: undefined
COMMAND: POST /session/d4f675b322105372b3380f2dea3f05ac/execute/async - {"script":"<script> [776 bytes]","args":[{"enterText":"Rosario","selector":{"id":"application-manageyards-display-component---NewYard--addressDetailDetailsCity1","interaction":{"idSuffix":"inner"}},"clearTextFirst":true,"interactionType":"ENTER_TEXT"}]}
RESULT: {}
RESULT: {"script":"<script> [776 bytes]","args":[{"enterText":"Rosario","selector":{"id":"application-manageyards-display-component---NewYard--addressDetailDetailsCity1","interaction":{"idSuffix":"inner"}},"clearTextFirst":true,"interactionType":"ENTER_TEXT"}]}
COMMAND: POST /session/d4f675b322105372b3380f2dea3f05ac/execute/async - {"script":"<script> [1562 bytes]","args":[{"selector":{"id":"application-manageyards-display-component---NewYard--addressDetailDetailsCountry-arrow"},"wdio_ui5_key":"applicationmanageyards-display-component---NewYard--addressDetailDetailsCountry-arrow"}]}
RESULT: {"script":"<script> [1562 bytes]","args":[{"selector":{"id":"application-manageyards-display-component---NewYard--addressDetailDetailsCountry-arrow"},"wdio_ui5_key":"applicationmanageyards-display-component---NewYard--addressDetailDetailsCountry-arrow"}]}
RESULT: undefined
COMMAND: POST /session/d4f675b322105372b3380f2dea3f05ac/element - {"using":"xpath","value":"//*[@id=\"application-manageyards-display-component---NewYard--addressDetailDetailsCountry-arrow\"]"}
RESULT: {"using":"xpath","value":"//*[@id=\"application-manageyards-display-component---NewYard--addressDetailDetailsCountry-arrow\"]"}
COMMAND: POST /session/d4f675b322105372b3380f2dea3f05ac/element/f.73BB2000E1F4E36FD864906F51978B2B.d.D761A31BD6153D5BBBEB6BD4D1302B5E.e.10145/click - {}
RESULT: {}
COMMAND: POST /session/d4f675b322105372b3380f2dea3f05ac/element - {"using":"xpath","value":"//span[contains(text(), \"Argentina\")]"}
COMMAND: GET /session/d4f675b322105372b3380f2dea3f05ac/screenshot - {}
RESULT: {"using":"xpath","value":"//span[contains(text(), \"Argentina\")]"}
COMMAND: POST /session/d4f675b322105372b3380f2dea3f05ac/element/f.73BB2000E1F4E36FD864906F51978B2B.d.D761A31BD6153D5BBBEB6BD4D1302B5E.e.10147/click - {}
RESULT: {}
RESULT: {}
COMMAND: POST /session/d4f675b322105372b3380f2dea3f05ac/execute/async - {"script":"<script> [1562 bytes]","args":[{"selector":{"id":"application-manageyards-display-component---NewYard--addressEditDetailsCostObjectCstType-arrow"},"wdio_ui5_key":"applicationmanageyards-display-component---NewYard--addressEditDetailsCostObjectCstType-arrow"}]}
COMMAND: GET /session/d4f675b322105372b3380f2dea3f05ac/screenshot - {}
RESULT: {"script":"<script> [1562 bytes]","args":[{"selector":{"id":"application-manageyards-display-component---NewYard--addressEditDetailsCostObjectCstType-arrow"},"wdio_ui5_key":"applicationmanageyards-display-component---NewYard--addressEditDetailsCostObjectCstType-arrow"}]}
RESULT: undefined
COMMAND: POST /session/d4f675b322105372b3380f2dea3f05ac/element - {"using":"xpath","value":"//*[@id=\"application-manageyards-display-component---NewYard--addressEditDetailsCostObjectCstType-arrow\"]"}
RESULT: {}
RESULT: {"using":"xpath","value":"//*[@id=\"application-manageyards-display-component---NewYard--addressEditDetailsCostObjectCstType-arrow\"]"}
COMMAND: POST /session/d4f675b322105372b3380f2dea3f05ac/element/f.73BB2000E1F4E36FD864906F51978B2B.d.D761A31BD6153D5BBBEB6BD4D1302B5E.e.10148/click - {}
RESULT: {}
COMMAND: POST /session/d4f675b322105372b3380f2dea3f05ac/element - {"using":"xpath","value":"//span[contains(text(), \"Cost Center\")]"}
COMMAND: GET /session/d4f675b322105372b3380f2dea3f05ac/screenshot - {}
RESULT: {"using":"xpath","value":"//span[contains(text(), \"Cost Center\")]"}
COMMAND: POST /session/d4f675b322105372b3380f2dea3f05ac/element/f.73BB2000E1F4E36FD864906F51978B2B.d.D761A31BD6153D5BBBEB6BD4D1302B5E.e.10149/click - {}
RESULT: {}
RESULT: {}
COMMAND: GET /session/d4f675b322105372b3380f2dea3f05ac/screenshot - {}
RESULT: {}
COMMAND: POST /session/d4f675b322105372b3380f2dea3f05ac/element - {"using":"xpath","value":"//span[@id=\"application-manageyards-display-component---NewYard--addressNewCostObjectCstID-vhi\"]"}
RESULT: {"using":"xpath","value":"//span[@id=\"application-manageyards-display-component---NewYard--addressNewCostObjectCstID-vhi\"]"}
COMMAND: POST /session/d4f675b322105372b3380f2dea3f05ac/execute/sync - {"script":"<script> [8489 bytes]","args":[{"element-6066-11e4-a52e-4f735466cecf":"f.73BB2000E1F4E36FD864906F51978B2B.d.D761A31BD6153D5BBBEB6BD4D1302B5E.e.10153","ELEMENT":"f.73BB2000E1F4E36FD864906F51978B2B.d.D761A31BD6153D5BBBEB6BD4D1302B5E.e.10153"}]}
RESULT: {"script":"<script> [8489 bytes]","args":[{"element-6066-11e4-a52e-4f735466cecf":"f.73BB2000E1F4E36FD864906F51978B2B.d.D761A31BD6153D5BBBEB6BD4D1302B5E.e.10153","ELEMENT":"f.73BB2000E1F4E36FD864906F51978B2B.d.D761A31BD6153D5BBBEB6BD4D1302B5E.e.10153"}]}
COMMAND: POST /session/d4f675b322105372b3380f2dea3f05ac/execute/async - {"script":"<script> [1562 bytes]","args":[{"selector":{"id":"application-manageyards-display-component---NewYard--addressNewCostObjectCstID-vhi"},"wdio_ui5_key":"applicationmanageyards-display-component---NewYard--addressNewCostObjectCstID-vhi"}]}
COMMAND: GET /session/d4f675b322105372b3380f2dea3f05ac/screenshot - {}
RESULT: {"script":"<script> [1562 bytes]","args":[{"selector":{"id":"application-manageyards-display-component---NewYard--addressNewCostObjectCstID-vhi"},"wdio_ui5_key":"applicationmanageyards-display-component---NewYard--addressNewCostObjectCstID-vhi"}]}
RESULT: undefined
COMMAND: POST /session/d4f675b322105372b3380f2dea3f05ac/element - {"using":"xpath","value":"//*[@id=\"application-manageyards-display-component---NewYard--addressNewCostObjectCstID-vhi\"]"}
RESULT: {}
RESULT: {"using":"xpath","value":"//*[@id=\"application-manageyards-display-component---NewYard--addressNewCostObjectCstID-vhi\"]"}
COMMAND: POST /session/d4f675b322105372b3380f2dea3f05ac/element/f.73BB2000E1F4E36FD864906F51978B2B.d.D761A31BD6153D5BBBEB6BD4D1302B5E.e.10153/click - {}
RESULT: {}
COMMAND: GET /session/d4f675b322105372b3380f2dea3f05ac/screenshot - {}
RESULT: {}
COMMAND: POST /session/d4f675b322105372b3380f2dea3f05ac/execute/async - {"script":"<script> [1562 bytes]","args":[{"selector":{"controlType":"sap.m.SearchField","properties":{"placeholder":"Search"},"searchOpenDialogs":true,"interaction":{"idSuffix":"I"}},"wdio_ui5_key":"sapm.SearchField{\"placeholder\":\"Search\"}"}]}
RESULT: {"script":"<script> [1562 bytes]","args":[{"selector":{"controlType":"sap.m.SearchField","properties":{"placeholder":"Search"},"searchOpenDialogs":true,"interaction":{"idSuffix":"I"}},"wdio_ui5_key":"sapm.SearchField{\"placeholder\":\"Search\"}"}]}
RESULT: undefined
COMMAND: POST /session/d4f675b322105372b3380f2dea3f05ac/execute/async - {"script":"<script> [776 bytes]","args":[{"enterText":"bauh_b","selector":{"controlType":"sap.m.SearchField","properties":{"placeholder":"Search"},"searchOpenDialogs":true,"interaction":{"idSuffix":"I"}},"clearTextFirst":true,"interactionType":"ENTER_TEXT"}]}
RESULT: {"script":"<script> [776 bytes]","args":[{"enterText":"bauh_b","selector":{"controlType":"sap.m.SearchField","properties":{"placeholder":"Search"},"searchOpenDialogs":true,"interaction":{"idSuffix":"I"}},"clearTextFirst":true,"interactionType":"ENTER_TEXT"}]}
COMMAND: POST /session/d4f675b322105372b3380f2dea3f05ac/actions - {"actions":[{"id":"action34","type":"key","parameters":{},"actions":[{"type":"keyDown","value":""},{"type":"pause","duration":10},{"type":"keyUp","value":""}]}]}
RESULT: {"actions":[{"id":"action34","type":"key","parameters":{},"actions":[{"type":"keyDown","value":""},{"type":"pause","duration":10},{"type":"keyUp","value":""}]}]}
COMMAND: GET /session/d4f675b322105372b3380f2dea3f05ac/screenshot - {}
RESULT: {}
COMMAND: POST /session/d4f675b322105372b3380f2dea3f05ac/element - {"using":"xpath","value":"//span[contains(text(), \"Demo Yard\")]"}
RESULT: {"using":"xpath","value":"//span[contains(text(), \"Demo Yard\")]"}
COMMAND: POST /session/d4f675b322105372b3380f2dea3f05ac/element/f.73BB2000E1F4E36FD864906F51978B2B.d.D761A31BD6153D5BBBEB6BD4D1302B5E.e.10195/click - {}
RESULT: {}
COMMAND: GET /session/d4f675b322105372b3380f2dea3f05ac/screenshot - {}
RESULT: {}
COMMAND: POST /session/d4f675b322105372b3380f2dea3f05ac/element - {"using":"xpath","value":"//bdi[contains(text(), \"OK\")]"}
RESULT: {"using":"xpath","value":"//bdi[contains(text(), \"OK\")]"}
COMMAND: POST /session/d4f675b322105372b3380f2dea3f05ac/element/f.73BB2000E1F4E36FD864906F51978B2B.d.D761A31BD6153D5BBBEB6BD4D1302B5E.e.10196/click - {}
RESULT: {}
COMMAND: GET /session/d4f675b322105372b3380f2dea3f05ac/screenshot - {}
RESULT: {}
COMMAND: POST /session/d4f675b322105372b3380f2dea3f05ac/execute/async - {"script":"<script> [1562 bytes]","args":[{"selector":{"id":"application-manageyards-display-component---NewYard--addressEditDetailsCurrency-arrow"},"wdio_ui5_key":"applicationmanageyards-display-component---NewYard--addressEditDetailsCurrency-arrow"}]}
RESULT: {"script":"<script> [1562 bytes]","args":[{"selector":{"id":"application-manageyards-display-component---NewYard--addressEditDetailsCurrency-arrow"},"wdio_ui5_key":"applicationmanageyards-display-component---NewYard--addressEditDetailsCurrency-arrow"}]}
RESULT: undefined
COMMAND: POST /session/d4f675b322105372b3380f2dea3f05ac/element - {"using":"xpath","value":"//*[@id=\"application-manageyards-display-component---NewYard--addressEditDetailsCurrency-arrow\"]"}
RESULT: {"using":"xpath","value":"//*[@id=\"application-manageyards-display-component---NewYard--addressEditDetailsCurrency-arrow\"]"}
COMMAND: POST /session/d4f675b322105372b3380f2dea3f05ac/element/f.73BB2000E1F4E36FD864906F51978B2B.d.D761A31BD6153D5BBBEB6BD4D1302B5E.e.10199/click - {}
RESULT: {}
COMMAND: POST /session/d4f675b322105372b3380f2dea3f05ac/element - {"using":"xpath","value":"//span[contains(text(), \"Euro\")]"}
COMMAND: GET /session/d4f675b322105372b3380f2dea3f05ac/screenshot - {}
RESULT: {"using":"xpath","value":"//span[contains(text(), \"Euro\")]"}
COMMAND: POST /session/d4f675b322105372b3380f2dea3f05ac/element/f.73BB2000E1F4E36FD864906F51978B2B.d.D761A31BD6153D5BBBEB6BD4D1302B5E.e.10200/click - {}
RESULT: {}
RESULT: {}
COMMAND: POST /session/d4f675b322105372b3380f2dea3f05ac/execute/async - {"script":"<script> [1562 bytes]","args":[{"selector":{"controlType":"sap.m.Input","viewName":"etm.portal.ui.manageyards.view.New","viewId":"application-manageyards-display-component---NewYard","bindingPath":{"path":"","propertyPath":"/CONTROLLING_AREA","modelName":"NewYardModel"},"interaction":{"idSuffix":"inner"}},"wdio_ui5_key":"etmportal.ui.manageyards.view.Newsap.m.Input{\"path\":\"\",\"propertyPath\":\"/CONTROLLING_AREA\",\"modelName\":\"NewYardModel\"}"}]}
COMMAND: GET /session/d4f675b322105372b3380f2dea3f05ac/screenshot - {}
RESULT: {"script":"<script> [1562 bytes]","args":[{"selector":{"controlType":"sap.m.Input","viewName":"etm.portal.ui.manageyards.view.New","viewId":"application-manageyards-display-component---NewYard","bindingPath":{"path":"","propertyPath":"/CONTROLLING_AREA","modelName":"NewYardModel"},"interaction":{"idSuffix":"inner"}},"wdio_ui5_key":"etmportal.ui.manageyards.view.Newsap.m.Input{\"path\":\"\",\"propertyPath\":\"/CONTROLLING_AREA\",\"modelName\":\"NewYardModel\"}"}]}
RESULT: undefined
COMMAND: POST /session/d4f675b322105372b3380f2dea3f05ac/execute/async - {"script":"<script> [776 bytes]","args":[{"enterText":"Z001","selector":{"controlType":"sap.m.Input","viewName":"etm.portal.ui.manageyards.view.New","viewId":"application-manageyards-display-component---NewYard","bindingPath":{"path":"","propertyPath":"/CONTROLLING_AREA","modelName":"NewYardModel"},"interaction":{"idSuffix":"inner"}},"clearTextFirst":true,"interactionType":"ENTER_TEXT"}]}
RESULT: {}
RESULT: {"script":"<script> [776 bytes]","args":[{"enterText":"Z001","selector":{"controlType":"sap.m.Input","viewName":"etm.portal.ui.manageyards.view.New","viewId":"application-manageyards-display-component---NewYard","bindingPath":{"path":"","propertyPath":"/CONTROLLING_AREA","modelName":"NewYardModel"},"interaction":{"idSuffix":"inner"}},"clearTextFirst":true,"interactionType":"ENTER_TEXT"}]}
COMMAND: POST /session/d4f675b322105372b3380f2dea3f05ac/execute/async - {"script":"<script> [1562 bytes]","args":[{"selector":{"id":"application-manageyards-display-component---NewYard--companyCodeComboBox","interaction":{"idSuffix":"inner"}},"wdio_ui5_key":"applicationmanageyards-display-component---NewYard--companyCodeComboBox"}]}
RESULT: {"script":"<script> [1562 bytes]","args":[{"selector":{"id":"application-manageyards-display-component---NewYard--companyCodeComboBox","interaction":{"idSuffix":"inner"}},"wdio_ui5_key":"applicationmanageyards-display-component---NewYard--companyCodeComboBox"}]}
RESULT: undefined
COMMAND: POST /session/d4f675b322105372b3380f2dea3f05ac/execute/async - {"script":"<script> [776 bytes]","args":[{"enterText":"1000","selector":{"id":"application-manageyards-display-component---NewYard--companyCodeComboBox","interaction":{"idSuffix":"inner"}},"clearTextFirst":true,"interactionType":"ENTER_TEXT"}]}
RESULT: {"script":"<script> [776 bytes]","args":[{"enterText":"1000","selector":{"id":"application-manageyards-display-component---NewYard--companyCodeComboBox","interaction":{"idSuffix":"inner"}},"clearTextFirst":true,"interactionType":"ENTER_TEXT"}]}
COMMAND: POST /session/d4f675b322105372b3380f2dea3f05ac/execute/async - {"script":"<script> [1562 bytes]","args":[{"selector":{"controlType":"sap.m.Input","viewName":"etm.portal.ui.manageyards.view.New","viewId":"application-manageyards-display-component---NewYard","bindingPath":{"path":"","propertyPath":"/PLANT","modelName":"NewYardModel"},"interaction":{"idSuffix":"inner"}},"wdio_ui5_key":"etmportal.ui.manageyards.view.Newsap.m.Input{\"path\":\"\",\"propertyPath\":\"/PLANT\",\"modelName\":\"NewYardModel\"}"}]}
RESULT: {"script":"<script> [1562 bytes]","args":[{"selector":{"controlType":"sap.m.Input","viewName":"etm.portal.ui.manageyards.view.New","viewId":"application-manageyards-display-component---NewYard","bindingPath":{"path":"","propertyPath":"/PLANT","modelName":"NewYardModel"},"interaction":{"idSuffix":"inner"}},"wdio_ui5_key":"etmportal.ui.manageyards.view.Newsap.m.Input{\"path\":\"\",\"propertyPath\":\"/PLANT\",\"modelName\":\"NewYardModel\"}"}]}
RESULT: undefined
COMMAND: POST /session/d4f675b322105372b3380f2dea3f05ac/execute/async - {"script":"<script> [776 bytes]","args":[{"enterText":"1001","selector":{"controlType":"sap.m.Input","viewName":"etm.portal.ui.manageyards.view.New","viewId":"application-manageyards-display-component---NewYard","bindingPath":{"path":"","propertyPath":"/PLANT","modelName":"NewYardModel"},"interaction":{"idSuffix":"inner"}},"clearTextFirst":true,"interactionType":"ENTER_TEXT"}]}
RESULT: {"script":"<script> [776 bytes]","args":[{"enterText":"1001","selector":{"controlType":"sap.m.Input","viewName":"etm.portal.ui.manageyards.view.New","viewId":"application-manageyards-display-component---NewYard","bindingPath":{"path":"","propertyPath":"/PLANT","modelName":"NewYardModel"},"interaction":{"idSuffix":"inner"}},"clearTextFirst":true,"interactionType":"ENTER_TEXT"}]}
COMMAND: POST /session/d4f675b322105372b3380f2dea3f05ac/execute/async - {"script":"<script> [1562 bytes]","args":[{"selector":{"controlType":"sap.m.Input","viewName":"etm.portal.ui.manageyards.view.New","viewId":"application-manageyards-display-component---NewYard","bindingPath":{"path":"","propertyPath":"/SALES_AREA_VKORG","modelName":"NewYardModel"},"interaction":{"idSuffix":"inner"}},"wdio_ui5_key":"etmportal.ui.manageyards.view.Newsap.m.Input{\"path\":\"\",\"propertyPath\":\"/SALES_AREA_VKORG\",\"modelName\":\"NewYardModel\"}"}]}
RESULT: {"script":"<script> [1562 bytes]","args":[{"selector":{"controlType":"sap.m.Input","viewName":"etm.portal.ui.manageyards.view.New","viewId":"application-manageyards-display-component---NewYard","bindingPath":{"path":"","propertyPath":"/SALES_AREA_VKORG","modelName":"NewYardModel"},"interaction":{"idSuffix":"inner"}},"wdio_ui5_key":"etmportal.ui.manageyards.view.Newsap.m.Input{\"path\":\"\",\"propertyPath\":\"/SALES_AREA_VKORG\",\"modelName\":\"NewYardModel\"}"}]}
RESULT: undefined
COMMAND: POST /session/d4f675b322105372b3380f2dea3f05ac/execute/async - {"script":"<script> [776 bytes]","args":[{"enterText":"C002","selector":{"controlType":"sap.m.Input","viewName":"etm.portal.ui.manageyards.view.New","viewId":"application-manageyards-display-component---NewYard","bindingPath":{"path":"","propertyPath":"/SALES_AREA_VKORG","modelName":"NewYardModel"},"interaction":{"idSuffix":"inner"}},"clearTextFirst":true,"interactionType":"ENTER_TEXT"}]}
RESULT: {"script":"<script> [776 bytes]","args":[{"enterText":"C002","selector":{"controlType":"sap.m.Input","viewName":"etm.portal.ui.manageyards.view.New","viewId":"application-manageyards-display-component---NewYard","bindingPath":{"path":"","propertyPath":"/SALES_AREA_VKORG","modelName":"NewYardModel"},"interaction":{"idSuffix":"inner"}},"clearTextFirst":true,"interactionType":"ENTER_TEXT"}]}
COMMAND: POST /session/d4f675b322105372b3380f2dea3f05ac/execute/async - {"script":"<script> [1562 bytes]","args":[{"selector":{"controlType":"sap.m.Input","viewName":"etm.portal.ui.manageyards.view.New","viewId":"application-manageyards-display-component---NewYard","bindingPath":{"path":"","propertyPath":"/SALES_AREA_VTWEG","modelName":"NewYardModel"},"interaction":{"idSuffix":"inner"}},"wdio_ui5_key":"etmportal.ui.manageyards.view.Newsap.m.Input{\"path\":\"\",\"propertyPath\":\"/SALES_AREA_VTWEG\",\"modelName\":\"NewYardModel\"}"}]}
RESULT: {"script":"<script> [1562 bytes]","args":[{"selector":{"controlType":"sap.m.Input","viewName":"etm.portal.ui.manageyards.view.New","viewId":"application-manageyards-display-component---NewYard","bindingPath":{"path":"","propertyPath":"/SALES_AREA_VTWEG","modelName":"NewYardModel"},"interaction":{"idSuffix":"inner"}},"wdio_ui5_key":"etmportal.ui.manageyards.view.Newsap.m.Input{\"path\":\"\",\"propertyPath\":\"/SALES_AREA_VTWEG\",\"modelName\":\"NewYardModel\"}"}]}
RESULT: undefined
COMMAND: POST /session/d4f675b322105372b3380f2dea3f05ac/execute/async - {"script":"<script> [776 bytes]","args":[{"enterText":"C2","selector":{"controlType":"sap.m.Input","viewName":"etm.portal.ui.manageyards.view.New","viewId":"application-manageyards-display-component---NewYard","bindingPath":{"path":"","propertyPath":"/SALES_AREA_VTWEG","modelName":"NewYardModel"},"interaction":{"idSuffix":"inner"}},"clearTextFirst":true,"interactionType":"ENTER_TEXT"}]}
RESULT: {"script":"<script> [776 bytes]","args":[{"enterText":"C2","selector":{"controlType":"sap.m.Input","viewName":"etm.portal.ui.manageyards.view.New","viewId":"application-manageyards-display-component---NewYard","bindingPath":{"path":"","propertyPath":"/SALES_AREA_VTWEG","modelName":"NewYardModel"},"interaction":{"idSuffix":"inner"}},"clearTextFirst":true,"interactionType":"ENTER_TEXT"}]}
COMMAND: POST /session/d4f675b322105372b3380f2dea3f05ac/execute/async - {"script":"<script> [1562 bytes]","args":[{"selector":{"controlType":"sap.m.Input","viewName":"etm.portal.ui.manageyards.view.New","viewId":"application-manageyards-display-component---NewYard","bindingPath":{"path":"","propertyPath":"/SALES_AREA_SPART","modelName":"NewYardModel"},"interaction":{"idSuffix":"inner"}},"wdio_ui5_key":"etmportal.ui.manageyards.view.Newsap.m.Input{\"path\":\"\",\"propertyPath\":\"/SALES_AREA_SPART\",\"modelName\":\"NewYardModel\"}"}]}
RESULT: {"script":"<script> [1562 bytes]","args":[{"selector":{"controlType":"sap.m.Input","viewName":"etm.portal.ui.manageyards.view.New","viewId":"application-manageyards-display-component---NewYard","bindingPath":{"path":"","propertyPath":"/SALES_AREA_SPART","modelName":"NewYardModel"},"interaction":{"idSuffix":"inner"}},"wdio_ui5_key":"etmportal.ui.manageyards.view.Newsap.m.Input{\"path\":\"\",\"propertyPath\":\"/SALES_AREA_SPART\",\"modelName\":\"NewYardModel\"}"}]}
RESULT: undefined
COMMAND: POST /session/d4f675b322105372b3380f2dea3f05ac/execute/async - {"script":"<script> [776 bytes]","args":[{"enterText":"C2","selector":{"controlType":"sap.m.Input","viewName":"etm.portal.ui.manageyards.view.New","viewId":"application-manageyards-display-component---NewYard","bindingPath":{"path":"","propertyPath":"/SALES_AREA_SPART","modelName":"NewYardModel"},"interaction":{"idSuffix":"inner"}},"clearTextFirst":true,"interactionType":"ENTER_TEXT"}]}
RESULT: {"script":"<script> [776 bytes]","args":[{"enterText":"C2","selector":{"controlType":"sap.m.Input","viewName":"etm.portal.ui.manageyards.view.New","viewId":"application-manageyards-display-component---NewYard","bindingPath":{"path":"","propertyPath":"/SALES_AREA_SPART","modelName":"NewYardModel"},"interaction":{"idSuffix":"inner"}},"clearTextFirst":true,"interactionType":"ENTER_TEXT"}]}
COMMAND: POST /session/d4f675b322105372b3380f2dea3f05ac/execute/async - {"script":"<script> [1562 bytes]","args":[{"selector":{"controlType":"sap.m.Input","viewName":"etm.portal.ui.manageyards.view.New","viewId":"application-manageyards-display-component---NewYard","bindingPath":{"path":"","propertyPath":"/SHIP_POINT","modelName":"NewYardModel"},"interaction":{"idSuffix":"inner"}},"wdio_ui5_key":"etmportal.ui.manageyards.view.Newsap.m.Input{\"path\":\"\",\"propertyPath\":\"/SHIP_POINT\",\"modelName\":\"NewYardModel\"}"}]}
RESULT: {"script":"<script> [1562 bytes]","args":[{"selector":{"controlType":"sap.m.Input","viewName":"etm.portal.ui.manageyards.view.New","viewId":"application-manageyards-display-component---NewYard","bindingPath":{"path":"","propertyPath":"/SHIP_POINT","modelName":"NewYardModel"},"interaction":{"idSuffix":"inner"}},"wdio_ui5_key":"etmportal.ui.manageyards.view.Newsap.m.Input{\"path\":\"\",\"propertyPath\":\"/SHIP_POINT\",\"modelName\":\"NewYardModel\"}"}]}
RESULT: undefined
COMMAND: POST /session/d4f675b322105372b3380f2dea3f05ac/execute/async - {"script":"<script> [776 bytes]","args":[{"enterText":"1710","selector":{"controlType":"sap.m.Input","viewName":"etm.portal.ui.manageyards.view.New","viewId":"application-manageyards-display-component---NewYard","bindingPath":{"path":"","propertyPath":"/SHIP_POINT","modelName":"NewYardModel"},"interaction":{"idSuffix":"inner"}},"clearTextFirst":true,"interactionType":"ENTER_TEXT"}]}
RESULT: {"script":"<script> [776 bytes]","args":[{"enterText":"1710","selector":{"controlType":"sap.m.Input","viewName":"etm.portal.ui.manageyards.view.New","viewId":"application-manageyards-display-component---NewYard","bindingPath":{"path":"","propertyPath":"/SHIP_POINT","modelName":"NewYardModel"},"interaction":{"idSuffix":"inner"}},"clearTextFirst":true,"interactionType":"ENTER_TEXT"}]}
COMMAND: POST /session/d4f675b322105372b3380f2dea3f05ac/execute/async - {"script":"<script> [1562 bytes]","args":[{"selector":{"controlType":"sap.m.Input","viewName":"etm.portal.ui.manageyards.view.New","viewId":"application-manageyards-display-component---NewYard","bindingPath":{"path":"","propertyPath":"/DELIVERY_TYPE","modelName":"NewYardModel"},"interaction":{"idSuffix":"inner"}},"wdio_ui5_key":"etmportal.ui.manageyards.view.Newsap.m.Input{\"path\":\"\",\"propertyPath\":\"/DELIVERY_TYPE\",\"modelName\":\"NewYardModel\"}"}]}
RESULT: {"script":"<script> [1562 bytes]","args":[{"selector":{"controlType":"sap.m.Input","viewName":"etm.portal.ui.manageyards.view.New","viewId":"application-manageyards-display-component---NewYard","bindingPath":{"path":"","propertyPath":"/DELIVERY_TYPE","modelName":"NewYardModel"},"interaction":{"idSuffix":"inner"}},"wdio_ui5_key":"etmportal.ui.manageyards.view.Newsap.m.Input{\"path\":\"\",\"propertyPath\":\"/DELIVERY_TYPE\",\"modelName\":\"NewYardModel\"}"}]}
RESULT: undefined
COMMAND: POST /session/d4f675b322105372b3380f2dea3f05ac/execute/async - {"script":"<script> [776 bytes]","args":[{"enterText":"ZL01","selector":{"controlType":"sap.m.Input","viewName":"etm.portal.ui.manageyards.view.New","viewId":"application-manageyards-display-component---NewYard","bindingPath":{"path":"","propertyPath":"/DELIVERY_TYPE","modelName":"NewYardModel"},"interaction":{"idSuffix":"inner"}},"clearTextFirst":true,"interactionType":"ENTER_TEXT"}]}
RESULT: {"script":"<script> [776 bytes]","args":[{"enterText":"ZL01","selector":{"controlType":"sap.m.Input","viewName":"etm.portal.ui.manageyards.view.New","viewId":"application-manageyards-display-component---NewYard","bindingPath":{"path":"","propertyPath":"/DELIVERY_TYPE","modelName":"NewYardModel"},"interaction":{"idSuffix":"inner"}},"clearTextFirst":true,"interactionType":"ENTER_TEXT"}]}
COMMAND: POST /session/d4f675b322105372b3380f2dea3f05ac/execute/async - {"script":"<script> [1562 bytes]","args":[{"selector":{"controlType":"sap.m.Input","viewName":"etm.portal.ui.manageyards.view.New","viewId":"application-manageyards-display-component---NewYard","bindingPath":{"path":"","propertyPath":"/AUART","modelName":"NewYardModel"},"interaction":{"idSuffix":"inner"}},"wdio_ui5_key":"etmportal.ui.manageyards.view.Newsap.m.Input{\"path\":\"\",\"propertyPath\":\"/AUART\",\"modelName\":\"NewYardModel\"}"}]}
RESULT: {"script":"<script> [1562 bytes]","args":[{"selector":{"controlType":"sap.m.Input","viewName":"etm.portal.ui.manageyards.view.New","viewId":"application-manageyards-display-component---NewYard","bindingPath":{"path":"","propertyPath":"/AUART","modelName":"NewYardModel"},"interaction":{"idSuffix":"inner"}},"wdio_ui5_key":"etmportal.ui.manageyards.view.Newsap.m.Input{\"path\":\"\",\"propertyPath\":\"/AUART\",\"modelName\":\"NewYardModel\"}"}]}
RESULT: undefined
COMMAND: POST /session/d4f675b322105372b3380f2dea3f05ac/execute/async - {"script":"<script> [776 bytes]","args":[{"enterText":"TA","selector":{"controlType":"sap.m.Input","viewName":"etm.portal.ui.manageyards.view.New","viewId":"application-manageyards-display-component---NewYard","bindingPath":{"path":"","propertyPath":"/AUART","modelName":"NewYardModel"},"interaction":{"idSuffix":"inner"}},"clearTextFirst":true,"interactionType":"ENTER_TEXT"}]}
RESULT: {"script":"<script> [776 bytes]","args":[{"enterText":"TA","selector":{"controlType":"sap.m.Input","viewName":"etm.portal.ui.manageyards.view.New","viewId":"application-manageyards-display-component---NewYard","bindingPath":{"path":"","propertyPath":"/AUART","modelName":"NewYardModel"},"interaction":{"idSuffix":"inner"}},"clearTextFirst":true,"interactionType":"ENTER_TEXT"}]}
COMMAND: POST /session/d4f675b322105372b3380f2dea3f05ac/element - {"using":"xpath","value":"//button[@data-kt=\"newYardSaveButton\"]"}
RESULT: {"using":"xpath","value":"//button[@data-kt=\"newYardSaveButton\"]"}
COMMAND: POST /session/d4f675b322105372b3380f2dea3f05ac/element/f.73BB2000E1F4E36FD864906F51978B2B.d.D761A31BD6153D5BBBEB6BD4D1302B5E.e.10125/click - {}
RESULT: {}
COMMAND: GET /session/d4f675b322105372b3380f2dea3f05ac/screenshot - {}
RESULT: {}
COMMAND: POST /session/d4f675b322105372b3380f2dea3f05ac/element - {"using":"xpath","value":"//header[contains(@id, 'ObjectPageLayout-headerTitle')]/div[1]/div[2]/div[1]/span[1]"}
RESULT: {"using":"xpath","value":"//header[contains(@id, 'ObjectPageLayout-headerTitle')]/div[1]/div[2]/div[1]/span[1]"}
COMMAND: POST /session/d4f675b322105372b3380f2dea3f05ac/elements - {"using":"xpath","value":"//header[contains(@id, 'ObjectPageLayout-headerTitle')]/div[1]/div[2]/div[1]/span[1]"}
RESULT: {"using":"xpath","value":"//header[contains(@id, 'ObjectPageLayout-headerTitle')]/div[1]/div[2]/div[1]/span[1]"}
COMMAND: POST /session/d4f675b322105372b3380f2dea3f05ac/execute/sync - {"script":"<script> [56 bytes]","args":[{"element-6066-11e4-a52e-4f735466cecf":"f.73BB2000E1F4E36FD864906F51978B2B.d.D761A31BD6153D5BBBEB6BD4D1302B5E.e.10418","ELEMENT":"f.73BB2000E1F4E36FD864906F51978B2B.d.D761A31BD6153D5BBBEB6BD4D1302B5E.e.10418"}]}
RESULT: {"script":"<script> [56 bytes]","args":[{"element-6066-11e4-a52e-4f735466cecf":"f.73BB2000E1F4E36FD864906F51978B2B.d.D761A31BD6153D5BBBEB6BD4D1302B5E.e.10418","ELEMENT":"f.73BB2000E1F4E36FD864906F51978B2B.d.D761A31BD6153D5BBBEB6BD4D1302B5E.e.10418"}]}
COMMAND: GET /session/d4f675b322105372b3380f2dea3f05ac/screenshot - {}
RESULT: {}
COMMAND: POST /session/d4f675b322105372b3380f2dea3f05ac/element - {"using":"css selector","value":"#shell-header-logo"}
RESULT: {"using":"css selector","value":"#shell-header-logo"}
COMMAND: POST /session/d4f675b322105372b3380f2dea3f05ac/element/f.73BB2000E1F4E36FD864906F51978B2B.d.D761A31BD6153D5BBBEB6BD4D1302B5E.e.9563/click - {}
RESULT: {}
COMMAND: GET /session/d4f675b322105372b3380f2dea3f05ac/screenshot - {}
RESULT: {}
COMMAND: POST /session/d4f675b322105372b3380f2dea3f05ac/execute/sync - {"script":"<script> [299 bytes]","args":[["getModel","getResource"]]}
RESULT: {"script":"<script> [299 bytes]","args":[["getModel","getResource"]]}
]]></system-out>
    </testcase>
    <testcase classname="chrome.136_0_7103_93.windows.Provide_to_Site_w/o_warehouse_management_w/_clarification_US116605" name="Should create a new external partner" time="99.44">
      <system-out><![CDATA[
COMMAND: POST /session/d4f675b322105372b3380f2dea3f05ac/window/fullscreen - {}
COMMAND: GET /session/d4f675b322105372b3380f2dea3f05ac/screenshot - {}
RESULT: {}
COMMAND: POST /session/d4f675b322105372b3380f2dea3f05ac/execute/async - {"script":"<script> [1562 bytes]","args":[{"selector":{"controlType":"sap.m.GenericTile","properties":{"header":"Manage Partners"}},"wdio_ui5_key":"sapm.GenericTile{\"header\":\"Manage Partners\"}"}]}
RESULT: {}
RESULT: {"script":"<script> [1562 bytes]","args":[{"selector":{"controlType":"sap.m.GenericTile","properties":{"header":"Manage Partners"}},"wdio_ui5_key":"sapm.GenericTile{\"header\":\"Manage Partners\"}"}]}
RESULT: undefined
COMMAND: POST /session/d4f675b322105372b3380f2dea3f05ac/element - {"using":"xpath","value":"//*[@id=\"__tile30\"]"}
RESULT: {"using":"xpath","value":"//*[@id=\"__tile30\"]"}
COMMAND: POST /session/d4f675b322105372b3380f2dea3f05ac/element/f.73BB2000E1F4E36FD864906F51978B2B.d.D761A31BD6153D5BBBEB6BD4D1302B5E.e.9579/click - {}
RESULT: {}
COMMAND: GET /session/d4f675b322105372b3380f2dea3f05ac/screenshot - {}
RESULT: {}
COMMAND: POST /session/d4f675b322105372b3380f2dea3f05ac/elements - {"using":"xpath","value":"//span[text()='Error']"}
RESULT: {"using":"xpath","value":"//span[text()='Error']"}
COMMAND: POST /session/d4f675b322105372b3380f2dea3f05ac/element - {"using":"xpath","value":"//button[@data-kt=\"addButton\"]"}
RESULT: {"using":"xpath","value":"//button[@data-kt=\"addButton\"]"}
COMMAND: POST /session/d4f675b322105372b3380f2dea3f05ac/elements - {"using":"xpath","value":"//button[@data-kt=\"addButton\"]"}
RESULT: {"using":"xpath","value":"//button[@data-kt=\"addButton\"]"}
COMMAND: POST /session/d4f675b322105372b3380f2dea3f05ac/execute/sync - {"script":"<script> [8489 bytes]","args":[{"element-6066-11e4-a52e-4f735466cecf":"f.73BB2000E1F4E36FD864906F51978B2B.d.D761A31BD6153D5BBBEB6BD4D1302B5E.e.10469","ELEMENT":"f.73BB2000E1F4E36FD864906F51978B2B.d.D761A31BD6153D5BBBEB6BD4D1302B5E.e.10469"}]}
RESULT: {"script":"<script> [8489 bytes]","args":[{"element-6066-11e4-a52e-4f735466cecf":"f.73BB2000E1F4E36FD864906F51978B2B.d.D761A31BD6153D5BBBEB6BD4D1302B5E.e.10469","ELEMENT":"f.73BB2000E1F4E36FD864906F51978B2B.d.D761A31BD6153D5BBBEB6BD4D1302B5E.e.10469"}]}
COMMAND: GET /session/d4f675b322105372b3380f2dea3f05ac/element/f.73BB2000E1F4E36FD864906F51978B2B.d.D761A31BD6153D5BBBEB6BD4D1302B5E.e.10469/enabled - {}
COMMAND: GET /session/d4f675b322105372b3380f2dea3f05ac/screenshot - {}
RESULT: {}
COMMAND: POST /session/d4f675b322105372b3380f2dea3f05ac/execute/sync - {"script":"<script> [8489 bytes]","args":[{"element-6066-11e4-a52e-4f735466cecf":"f.73BB2000E1F4E36FD864906F51978B2B.d.D761A31BD6153D5BBBEB6BD4D1302B5E.e.10469","ELEMENT":"f.73BB2000E1F4E36FD864906F51978B2B.d.D761A31BD6153D5BBBEB6BD4D1302B5E.e.10469"}]}
COMMAND: GET /session/d4f675b322105372b3380f2dea3f05ac/screenshot - {}
RESULT: {}
RESULT: {}
RESULT: {"script":"<script> [8489 bytes]","args":[{"element-6066-11e4-a52e-4f735466cecf":"f.73BB2000E1F4E36FD864906F51978B2B.d.D761A31BD6153D5BBBEB6BD4D1302B5E.e.10469","ELEMENT":"f.73BB2000E1F4E36FD864906F51978B2B.d.D761A31BD6153D5BBBEB6BD4D1302B5E.e.10469"}]}
COMMAND: POST /session/d4f675b322105372b3380f2dea3f05ac/execute/sync - {"script":"<script> [5351 bytes]","args":[{"element-6066-11e4-a52e-4f735466cecf":"f.73BB2000E1F4E36FD864906F51978B2B.d.D761A31BD6153D5BBBEB6BD4D1302B5E.e.10469","ELEMENT":"f.73BB2000E1F4E36FD864906F51978B2B.d.D761A31BD6153D5BBBEB6BD4D1302B5E.e.10469"}]}
COMMAND: GET /session/d4f675b322105372b3380f2dea3f05ac/screenshot - {}
RESULT: {"script":"<script> [5351 bytes]","args":[{"element-6066-11e4-a52e-4f735466cecf":"f.73BB2000E1F4E36FD864906F51978B2B.d.D761A31BD6153D5BBBEB6BD4D1302B5E.e.10469","ELEMENT":"f.73BB2000E1F4E36FD864906F51978B2B.d.D761A31BD6153D5BBBEB6BD4D1302B5E.e.10469"}]}
COMMAND: POST /session/d4f675b322105372b3380f2dea3f05ac/element/f.73BB2000E1F4E36FD864906F51978B2B.d.D761A31BD6153D5BBBEB6BD4D1302B5E.e.10469/click - {}
COMMAND: GET /session/d4f675b322105372b3380f2dea3f05ac/screenshot - {}
RESULT: {}
RESULT: {}
COMMAND: GET /session/d4f675b322105372b3380f2dea3f05ac/screenshot - {}
COMMAND: POST /session/d4f675b322105372b3380f2dea3f05ac/execute/async - {"script":"<script> [1562 bytes]","args":[{"selector":{"id":"application-managepartners-display-component---NewPartner--addressDetailDetailsName1","interaction":{"idSuffix":"inner"}},"wdio_ui5_key":"applicationmanagepartners-display-component---NewPartner--addressDetailDetailsName1"}]}
RESULT: {}
RESULT: {}
RESULT: {"script":"<script> [1562 bytes]","args":[{"selector":{"id":"application-managepartners-display-component---NewPartner--addressDetailDetailsName1","interaction":{"idSuffix":"inner"}},"wdio_ui5_key":"applicationmanagepartners-display-component---NewPartner--addressDetailDetailsName1"}]}
RESULT: undefined
COMMAND: POST /session/d4f675b322105372b3380f2dea3f05ac/execute/async - {"script":"<script> [776 bytes]","args":[{"enterText":"External Partner WDIO","selector":{"id":"application-managepartners-display-component---NewPartner--addressDetailDetailsName1","interaction":{"idSuffix":"inner"}},"clearTextFirst":true,"interactionType":"ENTER_TEXT"}]}
RESULT: {"script":"<script> [776 bytes]","args":[{"enterText":"External Partner WDIO","selector":{"id":"application-managepartners-display-component---NewPartner--addressDetailDetailsName1","interaction":{"idSuffix":"inner"}},"clearTextFirst":true,"interactionType":"ENTER_TEXT"}]}
COMMAND: POST /session/d4f675b322105372b3380f2dea3f05ac/execute/async - {"script":"<script> [1562 bytes]","args":[{"selector":{"id":"application-managepartners-display-component---NewPartner--addressDetailDetailsLanguage-arrow"},"wdio_ui5_key":"applicationmanagepartners-display-component---NewPartner--addressDetailDetailsLanguage-arrow"}]}
RESULT: {"script":"<script> [1562 bytes]","args":[{"selector":{"id":"application-managepartners-display-component---NewPartner--addressDetailDetailsLanguage-arrow"},"wdio_ui5_key":"applicationmanagepartners-display-component---NewPartner--addressDetailDetailsLanguage-arrow"}]}
RESULT: undefined
COMMAND: POST /session/d4f675b322105372b3380f2dea3f05ac/element - {"using":"xpath","value":"//*[@id=\"application-managepartners-display-component---NewPartner--addressDetailDetailsLanguage-arrow\"]"}
RESULT: {"using":"xpath","value":"//*[@id=\"application-managepartners-display-component---NewPartner--addressDetailDetailsLanguage-arrow\"]"}
COMMAND: POST /session/d4f675b322105372b3380f2dea3f05ac/element/f.73BB2000E1F4E36FD864906F51978B2B.d.D761A31BD6153D5BBBEB6BD4D1302B5E.e.10917/click - {}
RESULT: {}
COMMAND: POST /session/d4f675b322105372b3380f2dea3f05ac/element - {"using":"xpath","value":"//span[contains(text(), \"English\")]"}
COMMAND: GET /session/d4f675b322105372b3380f2dea3f05ac/screenshot - {}
RESULT: {"using":"xpath","value":"//span[contains(text(), \"English\")]"}
COMMAND: POST /session/d4f675b322105372b3380f2dea3f05ac/element/f.73BB2000E1F4E36FD864906F51978B2B.d.D761A31BD6153D5BBBEB6BD4D1302B5E.e.10918/click - {}
RESULT: {}
RESULT: {}
COMMAND: GET /session/d4f675b322105372b3380f2dea3f05ac/screenshot - {}
RESULT: {}
COMMAND: POST /session/d4f675b322105372b3380f2dea3f05ac/execute/async - {"script":"<script> [1562 bytes]","args":[{"selector":{"id":"application-managepartners-display-component---NewPartner--addressDetailDetailsCity1","interaction":{"idSuffix":"inner"}},"wdio_ui5_key":"applicationmanagepartners-display-component---NewPartner--addressDetailDetailsCity1"}]}
RESULT: {"script":"<script> [1562 bytes]","args":[{"selector":{"id":"application-managepartners-display-component---NewPartner--addressDetailDetailsCity1","interaction":{"idSuffix":"inner"}},"wdio_ui5_key":"applicationmanagepartners-display-component---NewPartner--addressDetailDetailsCity1"}]}
RESULT: undefined
COMMAND: POST /session/d4f675b322105372b3380f2dea3f05ac/execute/async - {"script":"<script> [776 bytes]","args":[{"enterText":"Rosario","selector":{"id":"application-managepartners-display-component---NewPartner--addressDetailDetailsCity1","interaction":{"idSuffix":"inner"}},"clearTextFirst":true,"interactionType":"ENTER_TEXT"}]}
RESULT: {"script":"<script> [776 bytes]","args":[{"enterText":"Rosario","selector":{"id":"application-managepartners-display-component---NewPartner--addressDetailDetailsCity1","interaction":{"idSuffix":"inner"}},"clearTextFirst":true,"interactionType":"ENTER_TEXT"}]}
COMMAND: POST /session/d4f675b322105372b3380f2dea3f05ac/execute/async - {"script":"<script> [1562 bytes]","args":[{"selector":{"id":"application-managepartners-display-component---NewPartner--addressDetailDetailsCountry-arrow"},"wdio_ui5_key":"applicationmanagepartners-display-component---NewPartner--addressDetailDetailsCountry-arrow"}]}
RESULT: {"script":"<script> [1562 bytes]","args":[{"selector":{"id":"application-managepartners-display-component---NewPartner--addressDetailDetailsCountry-arrow"},"wdio_ui5_key":"applicationmanagepartners-display-component---NewPartner--addressDetailDetailsCountry-arrow"}]}
RESULT: undefined
COMMAND: POST /session/d4f675b322105372b3380f2dea3f05ac/element - {"using":"xpath","value":"//*[@id=\"application-managepartners-display-component---NewPartner--addressDetailDetailsCountry-arrow\"]"}
RESULT: {"using":"xpath","value":"//*[@id=\"application-managepartners-display-component---NewPartner--addressDetailDetailsCountry-arrow\"]"}
COMMAND: POST /session/d4f675b322105372b3380f2dea3f05ac/element/f.73BB2000E1F4E36FD864906F51978B2B.d.D761A31BD6153D5BBBEB6BD4D1302B5E.e.10904/click - {}
RESULT: {}
COMMAND: POST /session/d4f675b322105372b3380f2dea3f05ac/element - {"using":"xpath","value":"//span[contains(text(), \"Argentina\")]"}
COMMAND: GET /session/d4f675b322105372b3380f2dea3f05ac/screenshot - {}
RESULT: {"using":"xpath","value":"//span[contains(text(), \"Argentina\")]"}
COMMAND: POST /session/d4f675b322105372b3380f2dea3f05ac/element/f.73BB2000E1F4E36FD864906F51978B2B.d.D761A31BD6153D5BBBEB6BD4D1302B5E.e.10920/click - {}
RESULT: {}
RESULT: {}
COMMAND: GET /session/d4f675b322105372b3380f2dea3f05ac/screenshot - {}
RESULT: {}
COMMAND: POST /session/d4f675b322105372b3380f2dea3f05ac/element - {"using":"xpath","value":"//bdi[contains(text(), \"Commercial\")]"}
RESULT: {"using":"xpath","value":"//bdi[contains(text(), \"Commercial\")]"}
COMMAND: POST /session/d4f675b322105372b3380f2dea3f05ac/element/f.73BB2000E1F4E36FD864906F51978B2B.d.D761A31BD6153D5BBBEB6BD4D1302B5E.e.10921/click - {}
RESULT: {}
COMMAND: GET /session/d4f675b322105372b3380f2dea3f05ac/screenshot - {}
RESULT: {}
COMMAND: POST /session/d4f675b322105372b3380f2dea3f05ac/execute/async - {"script":"<script> [1562 bytes]","args":[{"selector":{"id":"application-managepartners-display-component---NewPartner--partnerDetailInternal-arrow"},"wdio_ui5_key":"applicationmanagepartners-display-component---NewPartner--partnerDetailInternal-arrow"}]}
RESULT: {"script":"<script> [1562 bytes]","args":[{"selector":{"id":"application-managepartners-display-component---NewPartner--partnerDetailInternal-arrow"},"wdio_ui5_key":"applicationmanagepartners-display-component---NewPartner--partnerDetailInternal-arrow"}]}
RESULT: undefined
COMMAND: POST /session/d4f675b322105372b3380f2dea3f05ac/element - {"using":"xpath","value":"//*[@id=\"application-managepartners-display-component---NewPartner--partnerDetailInternal-arrow\"]"}
RESULT: {"using":"xpath","value":"//*[@id=\"application-managepartners-display-component---NewPartner--partnerDetailInternal-arrow\"]"}
COMMAND: POST /session/d4f675b322105372b3380f2dea3f05ac/element/f.73BB2000E1F4E36FD864906F51978B2B.d.D761A31BD6153D5BBBEB6BD4D1302B5E.e.10927/click - {}
RESULT: {}
COMMAND: POST /session/d4f675b322105372b3380f2dea3f05ac/element - {"using":"xpath","value":"//span[contains(text(), \"External partner\")]"}
COMMAND: GET /session/d4f675b322105372b3380f2dea3f05ac/screenshot - {}
RESULT: {"using":"xpath","value":"//span[contains(text(), \"External partner\")]"}
COMMAND: POST /session/d4f675b322105372b3380f2dea3f05ac/element/f.73BB2000E1F4E36FD864906F51978B2B.d.D761A31BD6153D5BBBEB6BD4D1302B5E.e.10928/click - {}
RESULT: {}
RESULT: {}
COMMAND: POST /session/d4f675b322105372b3380f2dea3f05ac/execute/async - {"script":"<script> [1562 bytes]","args":[{"selector":{"id":"application-managepartners-display-component---NewPartner--partnerDetailsCurrency-arrow"},"wdio_ui5_key":"applicationmanagepartners-display-component---NewPartner--partnerDetailsCurrency-arrow"}]}
COMMAND: GET /session/d4f675b322105372b3380f2dea3f05ac/screenshot - {}
RESULT: {"script":"<script> [1562 bytes]","args":[{"selector":{"id":"application-managepartners-display-component---NewPartner--partnerDetailsCurrency-arrow"},"wdio_ui5_key":"applicationmanagepartners-display-component---NewPartner--partnerDetailsCurrency-arrow"}]}
RESULT: undefined
COMMAND: POST /session/d4f675b322105372b3380f2dea3f05ac/element - {"using":"xpath","value":"//*[@id=\"application-managepartners-display-component---NewPartner--partnerDetailsCurrency-arrow\"]"}
RESULT: {}
RESULT: {"using":"xpath","value":"//*[@id=\"application-managepartners-display-component---NewPartner--partnerDetailsCurrency-arrow\"]"}
COMMAND: POST /session/d4f675b322105372b3380f2dea3f05ac/element/f.73BB2000E1F4E36FD864906F51978B2B.d.D761A31BD6153D5BBBEB6BD4D1302B5E.e.10933/click - {}
RESULT: {}
COMMAND: POST /session/d4f675b322105372b3380f2dea3f05ac/element - {"using":"xpath","value":"//span[contains(text(), \"US Dollar\")]"}
COMMAND: GET /session/d4f675b322105372b3380f2dea3f05ac/screenshot - {}
RESULT: {"using":"xpath","value":"//span[contains(text(), \"US Dollar\")]"}
COMMAND: POST /session/d4f675b322105372b3380f2dea3f05ac/element/f.73BB2000E1F4E36FD864906F51978B2B.d.D761A31BD6153D5BBBEB6BD4D1302B5E.e.10934/click - {}
RESULT: {}
RESULT: {}
COMMAND: GET /session/d4f675b322105372b3380f2dea3f05ac/screenshot - {}
RESULT: {}
COMMAND: POST /session/d4f675b322105372b3380f2dea3f05ac/element - {"using":"xpath","value":"//input[@id=\"application-managepartners-display-component---NewPartner--companyCodeComboBox-inner\"]"}
RESULT: {"using":"xpath","value":"//input[@id=\"application-managepartners-display-component---NewPartner--companyCodeComboBox-inner\"]"}
COMMAND: POST /session/d4f675b322105372b3380f2dea3f05ac/element/f.73BB2000E1F4E36FD864906F51978B2B.d.D761A31BD6153D5BBBEB6BD4D1302B5E.e.10772/clear - {}
RESULT: {}
COMMAND: POST /session/d4f675b322105372b3380f2dea3f05ac/element/f.73BB2000E1F4E36FD864906F51978B2B.d.D761A31BD6153D5BBBEB6BD4D1302B5E.e.10772/value - {"text":"C002"}
COMMAND: GET /session/d4f675b322105372b3380f2dea3f05ac/screenshot - {}
RESULT: {"text":"C002"}
COMMAND: GET /session/d4f675b322105372b3380f2dea3f05ac/screenshot - {}
RESULT: {}
RESULT: {}
COMMAND: POST /session/d4f675b322105372b3380f2dea3f05ac/element - {"using":"xpath","value":"//li[.//span[text()= \"C002\"]]"}
RESULT: {"using":"xpath","value":"//li[.//span[text()= \"C002\"]]"}
COMMAND: POST /session/d4f675b322105372b3380f2dea3f05ac/element/f.73BB2000E1F4E36FD864906F51978B2B.d.D761A31BD6153D5BBBEB6BD4D1302B5E.e.10938/click - {}
RESULT: {}
COMMAND: GET /session/d4f675b322105372b3380f2dea3f05ac/screenshot - {}
COMMAND: POST /session/d4f675b322105372b3380f2dea3f05ac/execute/async - {"script":"<script> [1562 bytes]","args":[{"selector":{"controlType":"sap.ui.core.Icon","viewName":"etm.portal.ui.managepartners.view.NewPartner","viewId":"application-managepartners-display-component---NewPartner","properties":{"src":{"regex":{"source":"slim\\-arrow\\-down"}}},"ancestor":{"controlType":"sap.m.ComboBox","viewName":"etm.portal.ui.managepartners.view.NewPartner","viewId":"application-managepartners-display-component---NewPartner","bindingPath":{"path":"","propertyPath":"/CATALOG","modelName":"oNewPartnerModel"}}},"wdio_ui5_key":"etmportal.ui.managepartners.view.NewPartnersap.ui.core.Icon{\"src\":{\"regex\":{\"source\":\"slim\\\\-arrow\\\\-down\"}}}{\"controlType\":\"sap.m.ComboBox\",\"viewName\":\"etm.portal.ui.managepartners.view.NewPartner\",\"viewId\":\"application-managepartners-display-component---NewPartner\",\"bindingPath\":{\"path\":\"\",\"propertyPath\":\"/CATALOG\",\"modelName\":\"oNewPartnerModel\"}}"}]}
RESULT: {}
RESULT: {"script":"<script> [1562 bytes]","args":[{"selector":{"controlType":"sap.ui.core.Icon","viewName":"etm.portal.ui.managepartners.view.NewPartner","viewId":"application-managepartners-display-component---NewPartner","properties":{"src":{"regex":{"source":"slim\\-arrow\\-down"}}},"ancestor":{"controlType":"sap.m.ComboBox","viewName":"etm.portal.ui.managepartners.view.NewPartner","viewId":"application-managepartners-display-component---NewPartner","bindingPath":{"path":"","propertyPath":"/CATALOG","modelName":"oNewPartnerModel"}}},"wdio_ui5_key":"etmportal.ui.managepartners.view.NewPartnersap.ui.core.Icon{\"src\":{\"regex\":{\"source\":\"slim\\\\-arrow\\\\-down\"}}}{\"controlType\":\"sap.m.ComboBox\",\"viewName\":\"etm.portal.ui.managepartners.view.NewPartner\",\"viewId\":\"application-managepartners-display-component---NewPartner\",\"bindingPath\":{\"path\":\"\",\"propertyPath\":\"/CATALOG\",\"modelName\":\"oNewPartnerModel\"}}"}]}
RESULT: undefined
COMMAND: POST /session/d4f675b322105372b3380f2dea3f05ac/element - {"using":"xpath","value":"//*[@id=\"__box21-arrow\"]"}
RESULT: {"using":"xpath","value":"//*[@id=\"__box21-arrow\"]"}
COMMAND: POST /session/d4f675b322105372b3380f2dea3f05ac/element/f.73BB2000E1F4E36FD864906F51978B2B.d.D761A31BD6153D5BBBEB6BD4D1302B5E.e.10905/click - {}
RESULT: {}
COMMAND: GET /session/d4f675b322105372b3380f2dea3f05ac/screenshot - {}
RESULT: {}
COMMAND: POST /session/d4f675b322105372b3380f2dea3f05ac/element - {"using":"xpath","value":"//li[.//span[text()= \"Webshop Catalog\"]]"}
RESULT: {"using":"xpath","value":"//li[.//span[text()= \"Webshop Catalog\"]]"}
COMMAND: POST /session/d4f675b322105372b3380f2dea3f05ac/element/f.73BB2000E1F4E36FD864906F51978B2B.d.D761A31BD6153D5BBBEB6BD4D1302B5E.e.10940/click - {}
RESULT: {}
COMMAND: GET /session/d4f675b322105372b3380f2dea3f05ac/screenshot - {}
RESULT: {}
COMMAND: POST /session/d4f675b322105372b3380f2dea3f05ac/execute/async - {"script":"<script> [1562 bytes]","args":[{"selector":{"id":"application-managepartners-display-component---NewPartner--btnAddTableRow-img"},"wdio_ui5_key":"applicationmanagepartners-display-component---NewPartner--btnAddTableRow-img"}]}
RESULT: {"script":"<script> [1562 bytes]","args":[{"selector":{"id":"application-managepartners-display-component---NewPartner--btnAddTableRow-img"},"wdio_ui5_key":"applicationmanagepartners-display-component---NewPartner--btnAddTableRow-img"}]}
RESULT: undefined
COMMAND: POST /session/d4f675b322105372b3380f2dea3f05ac/element - {"using":"xpath","value":"//*[@id=\"application-managepartners-display-component---NewPartner--btnAddTableRow-img\"]"}
RESULT: {"using":"xpath","value":"//*[@id=\"application-managepartners-display-component---NewPartner--btnAddTableRow-img\"]"}
COMMAND: POST /session/d4f675b322105372b3380f2dea3f05ac/element/f.73BB2000E1F4E36FD864906F51978B2B.d.D761A31BD6153D5BBBEB6BD4D1302B5E.e.10941/click - {}
RESULT: {}
COMMAND: GET /session/d4f675b322105372b3380f2dea3f05ac/screenshot - {}
RESULT: {}
COMMAND: POST /session/d4f675b322105372b3380f2dea3f05ac/element - {"using":"xpath","value":"//input[@id=\"application-managepartners-display-component---NewPartner--assignmentYard-application-managepartners-display-component---NewPartner--assignmentsTable-0-inner\"]"}
RESULT: {"using":"xpath","value":"//input[@id=\"application-managepartners-display-component---NewPartner--assignmentYard-application-managepartners-display-component---NewPartner--assignmentsTable-0-inner\"]"}
COMMAND: POST /session/d4f675b322105372b3380f2dea3f05ac/element/f.73BB2000E1F4E36FD864906F51978B2B.d.D761A31BD6153D5BBBEB6BD4D1302B5E.e.10944/clear - {}
RESULT: {}
COMMAND: POST /session/d4f675b322105372b3380f2dea3f05ac/element/f.73BB2000E1F4E36FD864906F51978B2B.d.D761A31BD6153D5BBBEB6BD4D1302B5E.e.10944/value - {"text":"427"}
COMMAND: GET /session/d4f675b322105372b3380f2dea3f05ac/screenshot - {}
RESULT: {"text":"427"}
COMMAND: GET /session/d4f675b322105372b3380f2dea3f05ac/screenshot - {}
RESULT: {}
RESULT: {}
COMMAND: POST /session/d4f675b322105372b3380f2dea3f05ac/element - {"using":"xpath","value":"//li[.//span[text()='427']]"}
RESULT: {"using":"xpath","value":"//li[.//span[text()='427']]"}
COMMAND: POST /session/d4f675b322105372b3380f2dea3f05ac/element/f.73BB2000E1F4E36FD864906F51978B2B.d.D761A31BD6153D5BBBEB6BD4D1302B5E.e.10952/click - {}
RESULT: {}
COMMAND: GET /session/d4f675b322105372b3380f2dea3f05ac/screenshot - {}
RESULT: {}
COMMAND: POST /session/d4f675b322105372b3380f2dea3f05ac/actions - {"actions":[{"id":"action35","type":"key","parameters":{},"actions":[{"type":"keyDown","value":""},{"type":"pause","duration":10},{"type":"keyUp","value":""}]}]}
RESULT: {"actions":[{"id":"action35","type":"key","parameters":{},"actions":[{"type":"keyDown","value":""},{"type":"pause","duration":10},{"type":"keyUp","value":""}]}]}
COMMAND: POST /session/d4f675b322105372b3380f2dea3f05ac/element - {"using":"xpath","value":"//td[contains(@id, \"assignmentsTable-0-cell2\")]/div/div"}
COMMAND: GET /session/d4f675b322105372b3380f2dea3f05ac/screenshot - {}
RESULT: {"using":"xpath","value":"//td[contains(@id, \"assignmentsTable-0-cell2\")]/div/div"}
COMMAND: POST /session/d4f675b322105372b3380f2dea3f05ac/element/f.73BB2000E1F4E36FD864906F51978B2B.d.D761A31BD6153D5BBBEB6BD4D1302B5E.e.10955/click - {}
RESULT: {}
RESULT: {}
COMMAND: GET /session/d4f675b322105372b3380f2dea3f05ac/screenshot - {}
RESULT: {}
COMMAND: POST /session/d4f675b322105372b3380f2dea3f05ac/element - {"using":"xpath","value":"//button[@data-kt=\"saveButton\"]"}
RESULT: {"using":"xpath","value":"//button[@data-kt=\"saveButton\"]"}
COMMAND: POST /session/d4f675b322105372b3380f2dea3f05ac/element/f.73BB2000E1F4E36FD864906F51978B2B.d.D761A31BD6153D5BBBEB6BD4D1302B5E.e.10854/click - {}
RESULT: {}
COMMAND: GET /session/d4f675b322105372b3380f2dea3f05ac/screenshot - {}
RESULT: {}
COMMAND: POST /session/d4f675b322105372b3380f2dea3f05ac/element - {"using":"xpath","value":"//header[contains(@id, 'ObjectPageLayout-headerTitle')]/div[1]/div[2]/div[2]/span[1]"}
RESULT: {"using":"xpath","value":"//header[contains(@id, 'ObjectPageLayout-headerTitle')]/div[1]/div[2]/div[2]/span[1]"}
COMMAND: POST /session/d4f675b322105372b3380f2dea3f05ac/elements - {"using":"xpath","value":"//header[contains(@id, 'ObjectPageLayout-headerTitle')]/div[1]/div[2]/div[2]/span[1]"}
RESULT: {"using":"xpath","value":"//header[contains(@id, 'ObjectPageLayout-headerTitle')]/div[1]/div[2]/div[2]/span[1]"}
COMMAND: POST /session/d4f675b322105372b3380f2dea3f05ac/execute/sync - {"script":"<script> [56 bytes]","args":[{"element-6066-11e4-a52e-4f735466cecf":"f.73BB2000E1F4E36FD864906F51978B2B.d.D761A31BD6153D5BBBEB6BD4D1302B5E.e.11116","ELEMENT":"f.73BB2000E1F4E36FD864906F51978B2B.d.D761A31BD6153D5BBBEB6BD4D1302B5E.e.11116"}]}
RESULT: {"script":"<script> [56 bytes]","args":[{"element-6066-11e4-a52e-4f735466cecf":"f.73BB2000E1F4E36FD864906F51978B2B.d.D761A31BD6153D5BBBEB6BD4D1302B5E.e.11116","ELEMENT":"f.73BB2000E1F4E36FD864906F51978B2B.d.D761A31BD6153D5BBBEB6BD4D1302B5E.e.11116"}]}
COMMAND: POST /session/d4f675b322105372b3380f2dea3f05ac/element - {"using":"css selector","value":"#shell-header-logo"}
COMMAND: GET /session/d4f675b322105372b3380f2dea3f05ac/screenshot - {}
RESULT: {"using":"css selector","value":"#shell-header-logo"}
COMMAND: POST /session/d4f675b322105372b3380f2dea3f05ac/element/f.73BB2000E1F4E36FD864906F51978B2B.d.D761A31BD6153D5BBBEB6BD4D1302B5E.e.10425/click - {}
RESULT: {}
RESULT: {}
COMMAND: GET /session/d4f675b322105372b3380f2dea3f05ac/screenshot - {}
RESULT: {}
COMMAND: POST /session/d4f675b322105372b3380f2dea3f05ac/execute/sync - {"script":"<script> [299 bytes]","args":[["getModel","getResource"]]}
RESULT: {"script":"<script> [299 bytes]","args":[["getModel","getResource"]]}
COMMAND: GET /session/d4f675b322105372b3380f2dea3f05ac/screenshot - {}
]]></system-out>
    </testcase>
    <testcase classname="chrome.136_0_7103_93.windows.Provide_to_Site_w/o_warehouse_management_w/_clarification_US116605" name="Should create a new site" time="146.758">
      <system-out><![CDATA[
COMMAND: POST /session/d4f675b322105372b3380f2dea3f05ac/execute/async - {"script":"<script> [1562 bytes]","args":[{"selector":{"controlType":"sap.m.GenericTile","properties":{"header":"Manage Sites"}},"wdio_ui5_key":"sapm.GenericTile{\"header\":\"Manage Sites\"}"}]}
RESULT: {}
RESULT: {"script":"<script> [1562 bytes]","args":[{"selector":{"controlType":"sap.m.GenericTile","properties":{"header":"Manage Sites"}},"wdio_ui5_key":"sapm.GenericTile{\"header\":\"Manage Sites\"}"}]}
RESULT: undefined
COMMAND: POST /session/d4f675b322105372b3380f2dea3f05ac/element - {"using":"xpath","value":"//*[@id=\"__tile32\"]"}
RESULT: {"using":"xpath","value":"//*[@id=\"__tile32\"]"}
COMMAND: POST /session/d4f675b322105372b3380f2dea3f05ac/element/f.73BB2000E1F4E36FD864906F51978B2B.d.D761A31BD6153D5BBBEB6BD4D1302B5E.e.9585/click - {}
RESULT: {}
COMMAND: GET /session/d4f675b322105372b3380f2dea3f05ac/screenshot - {}
RESULT: {}
COMMAND: POST /session/d4f675b322105372b3380f2dea3f05ac/elements - {"using":"xpath","value":"//span[text()='Error']"}
RESULT: {"using":"xpath","value":"//span[text()='Error']"}
COMMAND: POST /session/d4f675b322105372b3380f2dea3f05ac/element - {"using":"xpath","value":"//button[@data-kt=\"addOverflowToolbarButton\"]"}
RESULT: {"using":"xpath","value":"//button[@data-kt=\"addOverflowToolbarButton\"]"}
COMMAND: POST /session/d4f675b322105372b3380f2dea3f05ac/elements - {"using":"xpath","value":"//button[@data-kt=\"addOverflowToolbarButton\"]"}
RESULT: {"using":"xpath","value":"//button[@data-kt=\"addOverflowToolbarButton\"]"}
COMMAND: POST /session/d4f675b322105372b3380f2dea3f05ac/execute/sync - {"script":"<script> [8489 bytes]","args":[{"element-6066-11e4-a52e-4f735466cecf":"f.73BB2000E1F4E36FD864906F51978B2B.d.D761A31BD6153D5BBBEB6BD4D1302B5E.e.11163","ELEMENT":"f.73BB2000E1F4E36FD864906F51978B2B.d.D761A31BD6153D5BBBEB6BD4D1302B5E.e.11163"}]}
RESULT: {"script":"<script> [8489 bytes]","args":[{"element-6066-11e4-a52e-4f735466cecf":"f.73BB2000E1F4E36FD864906F51978B2B.d.D761A31BD6153D5BBBEB6BD4D1302B5E.e.11163","ELEMENT":"f.73BB2000E1F4E36FD864906F51978B2B.d.D761A31BD6153D5BBBEB6BD4D1302B5E.e.11163"}]}
COMMAND: GET /session/d4f675b322105372b3380f2dea3f05ac/element/f.73BB2000E1F4E36FD864906F51978B2B.d.D761A31BD6153D5BBBEB6BD4D1302B5E.e.11163/enabled - {}
COMMAND: GET /session/d4f675b322105372b3380f2dea3f05ac/screenshot - {}
RESULT: {}
COMMAND: POST /session/d4f675b322105372b3380f2dea3f05ac/execute/sync - {"script":"<script> [8489 bytes]","args":[{"element-6066-11e4-a52e-4f735466cecf":"f.73BB2000E1F4E36FD864906F51978B2B.d.D761A31BD6153D5BBBEB6BD4D1302B5E.e.11163","ELEMENT":"f.73BB2000E1F4E36FD864906F51978B2B.d.D761A31BD6153D5BBBEB6BD4D1302B5E.e.11163"}]}
COMMAND: GET /session/d4f675b322105372b3380f2dea3f05ac/screenshot - {}
RESULT: {}
RESULT: {"script":"<script> [8489 bytes]","args":[{"element-6066-11e4-a52e-4f735466cecf":"f.73BB2000E1F4E36FD864906F51978B2B.d.D761A31BD6153D5BBBEB6BD4D1302B5E.e.11163","ELEMENT":"f.73BB2000E1F4E36FD864906F51978B2B.d.D761A31BD6153D5BBBEB6BD4D1302B5E.e.11163"}]}
COMMAND: POST /session/d4f675b322105372b3380f2dea3f05ac/execute/sync - {"script":"<script> [5351 bytes]","args":[{"element-6066-11e4-a52e-4f735466cecf":"f.73BB2000E1F4E36FD864906F51978B2B.d.D761A31BD6153D5BBBEB6BD4D1302B5E.e.11163","ELEMENT":"f.73BB2000E1F4E36FD864906F51978B2B.d.D761A31BD6153D5BBBEB6BD4D1302B5E.e.11163"}]}
COMMAND: GET /session/d4f675b322105372b3380f2dea3f05ac/screenshot - {}
RESULT: {}
RESULT: {"script":"<script> [5351 bytes]","args":[{"element-6066-11e4-a52e-4f735466cecf":"f.73BB2000E1F4E36FD864906F51978B2B.d.D761A31BD6153D5BBBEB6BD4D1302B5E.e.11163","ELEMENT":"f.73BB2000E1F4E36FD864906F51978B2B.d.D761A31BD6153D5BBBEB6BD4D1302B5E.e.11163"}]}
COMMAND: POST /session/d4f675b322105372b3380f2dea3f05ac/element/f.73BB2000E1F4E36FD864906F51978B2B.d.D761A31BD6153D5BBBEB6BD4D1302B5E.e.11163/click - {}
COMMAND: GET /session/d4f675b322105372b3380f2dea3f05ac/screenshot - {}
RESULT: {}
RESULT: {}
COMMAND: GET /session/d4f675b322105372b3380f2dea3f05ac/screenshot - {}
RESULT: {}
RESULT: {}
COMMAND: POST /session/d4f675b322105372b3380f2dea3f05ac/element - {"using":"xpath","value":"//input[@id=\"application-managesites-display-component---NewSite--siteId-inner\"]"}
RESULT: {"using":"xpath","value":"//input[@id=\"application-managesites-display-component---NewSite--siteId-inner\"]"}
COMMAND: POST /session/d4f675b322105372b3380f2dea3f05ac/element - {"using":"xpath","value":"//input[@id=\"application-managesites-display-component---NewSite--siteId-inner\"]"}
RESULT: {"using":"xpath","value":"//input[@id=\"application-managesites-display-component---NewSite--siteId-inner\"]"}
COMMAND: POST /session/d4f675b322105372b3380f2dea3f05ac/execute/async - {"script":"<script> [1562 bytes]","args":[{"selector":{"id":"application-managesites-display-component---NewSite--addressDetailDetailsName1","interaction":{"idSuffix":"inner"}},"wdio_ui5_key":"applicationmanagesites-display-component---NewSite--addressDetailDetailsName1"}]}
RESULT: {"script":"<script> [1562 bytes]","args":[{"selector":{"id":"application-managesites-display-component---NewSite--addressDetailDetailsName1","interaction":{"idSuffix":"inner"}},"wdio_ui5_key":"applicationmanagesites-display-component---NewSite--addressDetailDetailsName1"}]}
RESULT: undefined
COMMAND: POST /session/d4f675b322105372b3380f2dea3f05ac/execute/async - {"script":"<script> [776 bytes]","args":[{"enterText":"Other Type Site WDIO","selector":{"id":"application-managesites-display-component---NewSite--addressDetailDetailsName1","interaction":{"idSuffix":"inner"}},"clearTextFirst":true,"interactionType":"ENTER_TEXT"}]}
RESULT: {"script":"<script> [776 bytes]","args":[{"enterText":"Other Type Site WDIO","selector":{"id":"application-managesites-display-component---NewSite--addressDetailDetailsName1","interaction":{"idSuffix":"inner"}},"clearTextFirst":true,"interactionType":"ENTER_TEXT"}]}
COMMAND: POST /session/d4f675b322105372b3380f2dea3f05ac/execute/async - {"script":"<script> [1562 bytes]","args":[{"selector":{"id":"application-managesites-display-component---NewSite--addressDetailDetailsLanguage-arrow"},"wdio_ui5_key":"applicationmanagesites-display-component---NewSite--addressDetailDetailsLanguage-arrow"}]}
RESULT: {"script":"<script> [1562 bytes]","args":[{"selector":{"id":"application-managesites-display-component---NewSite--addressDetailDetailsLanguage-arrow"},"wdio_ui5_key":"applicationmanagesites-display-component---NewSite--addressDetailDetailsLanguage-arrow"}]}
RESULT: undefined
COMMAND: POST /session/d4f675b322105372b3380f2dea3f05ac/element - {"using":"xpath","value":"//*[@id=\"application-managesites-display-component---NewSite--addressDetailDetailsLanguage-arrow\"]"}
RESULT: {"using":"xpath","value":"//*[@id=\"application-managesites-display-component---NewSite--addressDetailDetailsLanguage-arrow\"]"}
COMMAND: POST /session/d4f675b322105372b3380f2dea3f05ac/element/f.73BB2000E1F4E36FD864906F51978B2B.d.D761A31BD6153D5BBBEB6BD4D1302B5E.e.11780/click - {}
RESULT: {}
COMMAND: POST /session/d4f675b322105372b3380f2dea3f05ac/element - {"using":"xpath","value":"//span[contains(text(), \"English\")]"}
COMMAND: GET /session/d4f675b322105372b3380f2dea3f05ac/screenshot - {}
RESULT: {"using":"xpath","value":"//span[contains(text(), \"English\")]"}
COMMAND: POST /session/d4f675b322105372b3380f2dea3f05ac/element/f.73BB2000E1F4E36FD864906F51978B2B.d.D761A31BD6153D5BBBEB6BD4D1302B5E.e.11781/click - {}
RESULT: {}
RESULT: {}
COMMAND: POST /session/d4f675b322105372b3380f2dea3f05ac/execute/async - {"script":"<script> [1562 bytes]","args":[{"selector":{"id":"application-managesites-display-component---NewSite--addressDetailDetailsCity1","interaction":{"idSuffix":"inner"}},"wdio_ui5_key":"applicationmanagesites-display-component---NewSite--addressDetailDetailsCity1"}]}
COMMAND: GET /session/d4f675b322105372b3380f2dea3f05ac/screenshot - {}
RESULT: {"script":"<script> [1562 bytes]","args":[{"selector":{"id":"application-managesites-display-component---NewSite--addressDetailDetailsCity1","interaction":{"idSuffix":"inner"}},"wdio_ui5_key":"applicationmanagesites-display-component---NewSite--addressDetailDetailsCity1"}]}
RESULT: undefined
COMMAND: POST /session/d4f675b322105372b3380f2dea3f05ac/execute/async - {"script":"<script> [776 bytes]","args":[{"enterText":"Rosario","selector":{"id":"application-managesites-display-component---NewSite--addressDetailDetailsCity1","interaction":{"idSuffix":"inner"}},"clearTextFirst":true,"interactionType":"ENTER_TEXT"}]}
RESULT: {}
RESULT: {"script":"<script> [776 bytes]","args":[{"enterText":"Rosario","selector":{"id":"application-managesites-display-component---NewSite--addressDetailDetailsCity1","interaction":{"idSuffix":"inner"}},"clearTextFirst":true,"interactionType":"ENTER_TEXT"}]}
COMMAND: POST /session/d4f675b322105372b3380f2dea3f05ac/execute/async - {"script":"<script> [1562 bytes]","args":[{"selector":{"id":"application-managesites-display-component---NewSite--addressDetailDetailsCountry-arrow"},"wdio_ui5_key":"applicationmanagesites-display-component---NewSite--addressDetailDetailsCountry-arrow"}]}
RESULT: {"script":"<script> [1562 bytes]","args":[{"selector":{"id":"application-managesites-display-component---NewSite--addressDetailDetailsCountry-arrow"},"wdio_ui5_key":"applicationmanagesites-display-component---NewSite--addressDetailDetailsCountry-arrow"}]}
RESULT: undefined
COMMAND: POST /session/d4f675b322105372b3380f2dea3f05ac/element - {"using":"xpath","value":"//*[@id=\"application-managesites-display-component---NewSite--addressDetailDetailsCountry-arrow\"]"}
RESULT: {"using":"xpath","value":"//*[@id=\"application-managesites-display-component---NewSite--addressDetailDetailsCountry-arrow\"]"}
COMMAND: POST /session/d4f675b322105372b3380f2dea3f05ac/element/f.73BB2000E1F4E36FD864906F51978B2B.d.D761A31BD6153D5BBBEB6BD4D1302B5E.e.11783/click - {}
RESULT: {}
COMMAND: POST /session/d4f675b322105372b3380f2dea3f05ac/element - {"using":"xpath","value":"//span[contains(text(), \"Argentina\")]"}
COMMAND: GET /session/d4f675b322105372b3380f2dea3f05ac/screenshot - {}
RESULT: {"using":"xpath","value":"//span[contains(text(), \"Argentina\")]"}
COMMAND: POST /session/d4f675b322105372b3380f2dea3f05ac/element/f.73BB2000E1F4E36FD864906F51978B2B.d.D761A31BD6153D5BBBEB6BD4D1302B5E.e.11784/click - {}
RESULT: {}
RESULT: {}
COMMAND: GET /session/d4f675b322105372b3380f2dea3f05ac/screenshot - {}
RESULT: {}
COMMAND: POST /session/d4f675b322105372b3380f2dea3f05ac/execute/async - {"script":"<script> [1562 bytes]","args":[{"selector":{"id":"application-managesites-display-component---NewSite--addressEditDetailsCostObjectCstType-arrow"},"wdio_ui5_key":"applicationmanagesites-display-component---NewSite--addressEditDetailsCostObjectCstType-arrow"}]}
RESULT: {"script":"<script> [1562 bytes]","args":[{"selector":{"id":"application-managesites-display-component---NewSite--addressEditDetailsCostObjectCstType-arrow"},"wdio_ui5_key":"applicationmanagesites-display-component---NewSite--addressEditDetailsCostObjectCstType-arrow"}]}
RESULT: undefined
COMMAND: POST /session/d4f675b322105372b3380f2dea3f05ac/element - {"using":"xpath","value":"//*[@id=\"application-managesites-display-component---NewSite--addressEditDetailsCostObjectCstType-arrow\"]"}
RESULT: {"using":"xpath","value":"//*[@id=\"application-managesites-display-component---NewSite--addressEditDetailsCostObjectCstType-arrow\"]"}
COMMAND: POST /session/d4f675b322105372b3380f2dea3f05ac/element/f.73BB2000E1F4E36FD864906F51978B2B.d.D761A31BD6153D5BBBEB6BD4D1302B5E.e.11786/click - {}
RESULT: {}
COMMAND: POST /session/d4f675b322105372b3380f2dea3f05ac/element - {"using":"xpath","value":"//span[contains(text(), \"Cost Center\")]"}
COMMAND: GET /session/d4f675b322105372b3380f2dea3f05ac/screenshot - {}
RESULT: {"using":"xpath","value":"//span[contains(text(), \"Cost Center\")]"}
COMMAND: POST /session/d4f675b322105372b3380f2dea3f05ac/element/f.73BB2000E1F4E36FD864906F51978B2B.d.D761A31BD6153D5BBBEB6BD4D1302B5E.e.11787/click - {}
RESULT: {}
RESULT: {}
COMMAND: GET /session/d4f675b322105372b3380f2dea3f05ac/screenshot - {}
RESULT: {}
COMMAND: POST /session/d4f675b322105372b3380f2dea3f05ac/element - {"using":"xpath","value":"//span[@id=\"application-managesites-display-component---NewSite--addressNewCostObjectCstID-vhi\"]"}
RESULT: {"using":"xpath","value":"//span[@id=\"application-managesites-display-component---NewSite--addressNewCostObjectCstID-vhi\"]"}
COMMAND: POST /session/d4f675b322105372b3380f2dea3f05ac/execute/sync - {"script":"<script> [8489 bytes]","args":[{"element-6066-11e4-a52e-4f735466cecf":"f.73BB2000E1F4E36FD864906F51978B2B.d.D761A31BD6153D5BBBEB6BD4D1302B5E.e.11792","ELEMENT":"f.73BB2000E1F4E36FD864906F51978B2B.d.D761A31BD6153D5BBBEB6BD4D1302B5E.e.11792"}]}
RESULT: {"script":"<script> [8489 bytes]","args":[{"element-6066-11e4-a52e-4f735466cecf":"f.73BB2000E1F4E36FD864906F51978B2B.d.D761A31BD6153D5BBBEB6BD4D1302B5E.e.11792","ELEMENT":"f.73BB2000E1F4E36FD864906F51978B2B.d.D761A31BD6153D5BBBEB6BD4D1302B5E.e.11792"}]}
COMMAND: POST /session/d4f675b322105372b3380f2dea3f05ac/execute/async - {"script":"<script> [1562 bytes]","args":[{"selector":{"id":"application-managesites-display-component---NewSite--addressNewCostObjectCstID-vhi"},"wdio_ui5_key":"applicationmanagesites-display-component---NewSite--addressNewCostObjectCstID-vhi"}]}
COMMAND: GET /session/d4f675b322105372b3380f2dea3f05ac/screenshot - {}
RESULT: {"script":"<script> [1562 bytes]","args":[{"selector":{"id":"application-managesites-display-component---NewSite--addressNewCostObjectCstID-vhi"},"wdio_ui5_key":"applicationmanagesites-display-component---NewSite--addressNewCostObjectCstID-vhi"}]}
RESULT: undefined
COMMAND: POST /session/d4f675b322105372b3380f2dea3f05ac/element - {"using":"xpath","value":"//*[@id=\"application-managesites-display-component---NewSite--addressNewCostObjectCstID-vhi\"]"}
RESULT: {}
RESULT: {"using":"xpath","value":"//*[@id=\"application-managesites-display-component---NewSite--addressNewCostObjectCstID-vhi\"]"}
COMMAND: POST /session/d4f675b322105372b3380f2dea3f05ac/element/f.73BB2000E1F4E36FD864906F51978B2B.d.D761A31BD6153D5BBBEB6BD4D1302B5E.e.11792/click - {}
RESULT: {}
COMMAND: GET /session/d4f675b322105372b3380f2dea3f05ac/screenshot - {}
RESULT: {}
RESULT: undefined
COMMAND: POST /session/d4f675b322105372b3380f2dea3f05ac/execute/async - {"script":"<script> [776 bytes]","args":[{"enterText":"10001013","selector":{"controlType":"sap.m.SearchField","properties":{"placeholder":"Search"},"searchOpenDialogs":true,"interaction":{"idSuffix":"I"}},"clearTextFirst":true,"interactionType":"ENTER_TEXT"}]}
RESULT: {"script":"<script> [776 bytes]","args":[{"enterText":"10001013","selector":{"controlType":"sap.m.SearchField","properties":{"placeholder":"Search"},"searchOpenDialogs":true,"interaction":{"idSuffix":"I"}},"clearTextFirst":true,"interactionType":"ENTER_TEXT"}]}
COMMAND: POST /session/d4f675b322105372b3380f2dea3f05ac/actions - {"actions":[{"id":"action36","type":"key","parameters":{},"actions":[{"type":"keyDown","value":""},{"type":"pause","duration":10},{"type":"keyUp","value":""}]}]}
RESULT: {"actions":[{"id":"action36","type":"key","parameters":{},"actions":[{"type":"keyDown","value":""},{"type":"pause","duration":10},{"type":"keyUp","value":""}]}]}
COMMAND: GET /session/d4f675b322105372b3380f2dea3f05ac/screenshot - {}
RESULT: {}
COMMAND: POST /session/d4f675b322105372b3380f2dea3f05ac/element - {"using":"xpath","value":"//span[contains(text(), \"General Management\")]"}
RESULT: {"using":"xpath","value":"//span[contains(text(), \"General Management\")]"}
COMMAND: POST /session/d4f675b322105372b3380f2dea3f05ac/element/f.73BB2000E1F4E36FD864906F51978B2B.d.D761A31BD6153D5BBBEB6BD4D1302B5E.e.11830/click - {}
RESULT: {}
COMMAND: GET /session/d4f675b322105372b3380f2dea3f05ac/screenshot - {}
RESULT: {}
COMMAND: POST /session/d4f675b322105372b3380f2dea3f05ac/element - {"using":"xpath","value":"//bdi[contains(text(), \"OK\")]"}
RESULT: {"using":"xpath","value":"//bdi[contains(text(), \"OK\")]"}
COMMAND: POST /session/d4f675b322105372b3380f2dea3f05ac/element/f.73BB2000E1F4E36FD864906F51978B2B.d.D761A31BD6153D5BBBEB6BD4D1302B5E.e.11831/click - {}
RESULT: {}
COMMAND: GET /session/d4f675b322105372b3380f2dea3f05ac/screenshot - {}
RESULT: {}
COMMAND: POST /session/d4f675b322105372b3380f2dea3f05ac/element - {"using":"xpath","value":"//input[@id=\"application-managesites-display-component---NewSite--addressDetailDetailsCalendar-inner\"]"}
RESULT: {"using":"xpath","value":"//input[@id=\"application-managesites-display-component---NewSite--addressDetailDetailsCalendar-inner\"]"}
COMMAND: POST /session/d4f675b322105372b3380f2dea3f05ac/element/f.73BB2000E1F4E36FD864906F51978B2B.d.D761A31BD6153D5BBBEB6BD4D1302B5E.e.11576/clear - {}
RESULT: {}
COMMAND: POST /session/d4f675b322105372b3380f2dea3f05ac/element/f.73BB2000E1F4E36FD864906F51978B2B.d.D761A31BD6153D5BBBEB6BD4D1302B5E.e.11576/value - {"text":"Unit"}
COMMAND: GET /session/d4f675b322105372b3380f2dea3f05ac/screenshot - {}
RESULT: {"text":"Unit"}
COMMAND: GET /session/d4f675b322105372b3380f2dea3f05ac/screenshot - {}
RESULT: {}
RESULT: {}
COMMAND: POST /session/d4f675b322105372b3380f2dea3f05ac/actions - {"actions":[{"id":"action37","type":"key","parameters":{},"actions":[{"type":"keyDown","value":""},{"type":"pause","duration":10},{"type":"keyUp","value":""}]}]}
RESULT: {"actions":[{"id":"action37","type":"key","parameters":{},"actions":[{"type":"keyDown","value":""},{"type":"pause","duration":10},{"type":"keyUp","value":""}]}]}
COMMAND: POST /session/d4f675b322105372b3380f2dea3f05ac/element - {"using":"xpath","value":"//input[@id=\"application-managesites-display-component---NewSite--addressDetailDetailsYard-inner\"]"}
COMMAND: GET /session/d4f675b322105372b3380f2dea3f05ac/screenshot - {}
RESULT: {"using":"xpath","value":"//input[@id=\"application-managesites-display-component---NewSite--addressDetailDetailsYard-inner\"]"}
COMMAND: POST /session/d4f675b322105372b3380f2dea3f05ac/element/f.73BB2000E1F4E36FD864906F51978B2B.d.D761A31BD6153D5BBBEB6BD4D1302B5E.e.11577/clear - {}
RESULT: {}
RESULT: {}
COMMAND: POST /session/d4f675b322105372b3380f2dea3f05ac/element/f.73BB2000E1F4E36FD864906F51978B2B.d.D761A31BD6153D5BBBEB6BD4D1302B5E.e.11577/value - {"text":"427"}
COMMAND: GET /session/d4f675b322105372b3380f2dea3f05ac/screenshot - {}
RESULT: {"text":"427"}
COMMAND: GET /session/d4f675b322105372b3380f2dea3f05ac/screenshot - {}
RESULT: {}
RESULT: {}
COMMAND: POST /session/d4f675b322105372b3380f2dea3f05ac/element - {"using":"xpath","value":"//li[.//span[text()='427']]"}
RESULT: {"using":"xpath","value":"//li[.//span[text()='427']]"}
COMMAND: POST /session/d4f675b322105372b3380f2dea3f05ac/element/f.73BB2000E1F4E36FD864906F51978B2B.d.D761A31BD6153D5BBBEB6BD4D1302B5E.e.11839/click - {}
RESULT: {}
COMMAND: GET /session/d4f675b322105372b3380f2dea3f05ac/screenshot - {}
RESULT: {}
COMMAND: POST /session/d4f675b322105372b3380f2dea3f05ac/element - {"using":"xpath","value":"//input[@id=\"application-managesites-display-component---NewSite--addressDetailDetailsPartner-inner\"]"}
RESULT: {"using":"xpath","value":"//input[@id=\"application-managesites-display-component---NewSite--addressDetailDetailsPartner-inner\"]"}
COMMAND: POST /session/d4f675b322105372b3380f2dea3f05ac/element - {"using":"xpath","value":"//input[@id=\"application-managesites-display-component---NewSite--addressDetailDetailsPartner-inner\"]"}
RESULT: {"using":"xpath","value":"//input[@id=\"application-managesites-display-component---NewSite--addressDetailDetailsPartner-inner\"]"}
COMMAND: POST /session/d4f675b322105372b3380f2dea3f05ac/element - {"using":"xpath","value":"//button[@data-kt=\"saveButton\"]"}
RESULT: {"using":"xpath","value":"//button[@data-kt=\"saveButton\"]"}
COMMAND: POST /session/d4f675b322105372b3380f2dea3f05ac/element/f.73BB2000E1F4E36FD864906F51978B2B.d.D761A31BD6153D5BBBEB6BD4D1302B5E.e.11729/click - {}
RESULT: {}
COMMAND: GET /session/d4f675b322105372b3380f2dea3f05ac/screenshot - {}
RESULT: {}
COMMAND: POST /session/d4f675b322105372b3380f2dea3f05ac/element - {"using":"xpath","value":"//header[contains(@id, 'ObjectPageLayout-headerTitle')]/div[1]/div[2]/div[2]/span[1]"}
RESULT: {"using":"xpath","value":"//header[contains(@id, 'ObjectPageLayout-headerTitle')]/div[1]/div[2]/div[2]/span[1]"}
COMMAND: POST /session/d4f675b322105372b3380f2dea3f05ac/elements - {"using":"xpath","value":"//header[contains(@id, 'ObjectPageLayout-headerTitle')]/div[1]/div[2]/div[2]/span[1]"}
RESULT: {"using":"xpath","value":"//header[contains(@id, 'ObjectPageLayout-headerTitle')]/div[1]/div[2]/div[2]/span[1]"}
COMMAND: POST /session/d4f675b322105372b3380f2dea3f05ac/execute/sync - {"script":"<script> [56 bytes]","args":[{"element-6066-11e4-a52e-4f735466cecf":"f.73BB2000E1F4E36FD864906F51978B2B.d.D761A31BD6153D5BBBEB6BD4D1302B5E.e.12042","ELEMENT":"f.73BB2000E1F4E36FD864906F51978B2B.d.D761A31BD6153D5BBBEB6BD4D1302B5E.e.12042"}]}
RESULT: {"script":"<script> [56 bytes]","args":[{"element-6066-11e4-a52e-4f735466cecf":"f.73BB2000E1F4E36FD864906F51978B2B.d.D761A31BD6153D5BBBEB6BD4D1302B5E.e.12042","ELEMENT":"f.73BB2000E1F4E36FD864906F51978B2B.d.D761A31BD6153D5BBBEB6BD4D1302B5E.e.12042"}]}
COMMAND: POST /session/d4f675b322105372b3380f2dea3f05ac/element - {"using":"css selector","value":"#shell-header-logo"}
COMMAND: GET /session/d4f675b322105372b3380f2dea3f05ac/screenshot - {}
RESULT: {"using":"css selector","value":"#shell-header-logo"}
COMMAND: POST /session/d4f675b322105372b3380f2dea3f05ac/element/f.73BB2000E1F4E36FD864906F51978B2B.d.D761A31BD6153D5BBBEB6BD4D1302B5E.e.11121/click - {}
RESULT: {}
RESULT: {}
COMMAND: GET /session/d4f675b322105372b3380f2dea3f05ac/screenshot - {}
RESULT: {}
COMMAND: POST /session/d4f675b322105372b3380f2dea3f05ac/execute/sync - {"script":"<script> [299 bytes]","args":[["getModel","getResource"]]}
RESULT: {"script":"<script> [299 bytes]","args":[["getModel","getResource"]]}
COMMAND: POST /session/d4f675b322105372b3380f2dea3f05ac/actions - {"actions":[{"id":"action38","type":"key","parameters":{},"actions":[{"type":"keyDown","value":""},{"type":"pause","duration":10},{"type":"keyUp","value":""}]}]}
COMMAND: GET /session/d4f675b322105372b3380f2dea3f05ac/screenshot - {}
RESULT: {"actions":[{"id":"action38","type":"key","parameters":{},"actions":[{"type":"keyDown","value":""},{"type":"pause","duration":10},{"type":"keyUp","value":""}]}]}
COMMAND: GET /session/d4f675b322105372b3380f2dea3f05ac/screenshot - {}
RESULT: {}
RESULT: {}
COMMAND: POST /session/d4f675b322105372b3380f2dea3f05ac/refresh - {}
RESULT: {}
COMMAND: GET /session/d4f675b322105372b3380f2dea3f05ac/screenshot - {}
RESULT: {}
COMMAND: POST /session/d4f675b322105372b3380f2dea3f05ac/refresh - {}
RESULT: {}
COMMAND: GET /session/d4f675b322105372b3380f2dea3f05ac/screenshot - {}
RESULT: {}
COMMAND: POST /session/d4f675b322105372b3380f2dea3f05ac/window/fullscreen - {}
RESULT: {}
COMMAND: POST /session/d4f675b322105372b3380f2dea3f05ac/execute/async - {"script":"<script> [189 bytes]","args":[]}
RESULT: {"script":"<script> [189 bytes]","args":[]}
COMMAND: POST /session/d4f675b322105372b3380f2dea3f05ac/execute/async - {"script":"<script> [123 bytes]","args":[]}
RESULT: {"script":"<script> [123 bytes]","args":[]}
COMMAND: POST /session/d4f675b322105372b3380f2dea3f05ac/timeouts - {"script":"<number>"}
RESULT: {"script":"<number>"}
COMMAND: GET /session/d4f675b322105372b3380f2dea3f05ac/timeouts - {}
RESULT: {}
RESULT: undefined
COMMAND: POST /session/d4f675b322105372b3380f2dea3f05ac/execute/async - {"script":"<script> [2676 bytes]","args":[]}
RESULT: {"script":"<script> [2676 bytes]","args":[]}
COMMAND: POST /session/d4f675b322105372b3380f2dea3f05ac/execute/async - {"script":"<script> [2342 bytes]","args":[{"protocol":"http","hostname":"0.0.0.0","path":"/","capabilities":{"browserName":"chrome","goog:chromeOptions":{"binary":"C:\\Program Files\\Google\\Chrome\\Application\\chrome.exe","args":["--start-maximized"]}},"logLevel":"warn","connectionRetryTimeout":120000,"connectionRetryCount":3,"logLevels":{},"enableDirectConnect":true,"strictSSL":true,"_":"65 more keys: [\"cacheDir\",\"port\",\"requestedCapabilities\",\"automationProtocol\",\"baseUrl\",\"waitforInterval\",\"waitforTimeout\",\"onReload\",\"beforeCommand\",\"afterCommand\",\"rootDir\",\"specs\",\"suites\",\"exclude\",\"groupLogsByTestSpec\",\"excludeDriverLogs\",\"bail\",\"framework\",\"reporters\",\"services\",\"maxInstances\",\"maxInstancesPerCapability\",\"injectGlobals\",\"filesToWatch\",\"execArgv\",\"runnerEnv\",\"runner\",\"shard\",\"specFileRetries\",\"specFileRetriesDelay\",\"specFileRetriesDeferred\",\"reporterSyncInterval\",\"reporterSyncTimeout\",\"cucumberFeaturesWithLineNumbers\",\"autoCompileOpts\",\"mochaOpts\",\"jasmineOpts\",\"cucumberOpts\",\"onPrepare\",\"onWorkerStart\",\"onWorkerEnd\",\"before\",\"beforeSession\",\"beforeSuite\",\"beforeHook\",\"beforeTest\",\"afterTest\",\"afterHook\",\"afterSuite\",\"afterSession\",\"after\",\"onComplete\",\"beforeAssertion\",\"afterAssertion\",\"beforeFeature\",\"beforeScenario\",\"beforeStep\",\"afterStep\",\"afterScenario\",\"afterFeature\",\"_\",\"suite\",\"$0\",\"ignoredWorkerServices\",\"wdi5\"]"}]}
RESULT: {"script":"<script> [2342 bytes]","args":[{"protocol":"http","hostname":"0.0.0.0","path":"/","capabilities":{"browserName":"chrome","goog:chromeOptions":{"binary":"C:\\Program Files\\Google\\Chrome\\Application\\chrome.exe","args":["--start-maximized"]}},"logLevel":"warn","connectionRetryTimeout":120000,"connectionRetryCount":3,"logLevels":{},"enableDirectConnect":true,"strictSSL":true,"_":"65 more keys: [\"cacheDir\",\"port\",\"requestedCapabilities\",\"automationProtocol\",\"baseUrl\",\"waitforInterval\",\"waitforTimeout\",\"onReload\",\"beforeCommand\",\"afterCommand\",\"rootDir\",\"specs\",\"suites\",\"exclude\",\"groupLogsByTestSpec\",\"excludeDriverLogs\",\"bail\",\"framework\",\"reporters\",\"services\",\"maxInstances\",\"maxInstancesPerCapability\",\"injectGlobals\",\"filesToWatch\",\"execArgv\",\"runnerEnv\",\"runner\",\"shard\",\"specFileRetries\",\"specFileRetriesDelay\",\"specFileRetriesDeferred\",\"reporterSyncInterval\",\"reporterSyncTimeout\",\"cucumberFeaturesWithLineNumbers\",\"autoCompileOpts\",\"mochaOpts\",\"jasmineOpts\",\"cucumberOpts\",\"onPrepare\",\"onWorkerStart\",\"onWorkerEnd\",\"before\",\"beforeSession\",\"beforeSuite\",\"beforeHook\",\"beforeTest\",\"afterTest\",\"afterHook\",\"afterSuite\",\"afterSession\",\"after\",\"onComplete\",\"beforeAssertion\",\"afterAssertion\",\"beforeFeature\",\"beforeScenario\",\"beforeStep\",\"afterStep\",\"afterScenario\",\"afterFeature\",\"_\",\"suite\",\"$0\",\"ignoredWorkerServices\",\"wdi5\"]"}]}
COMMAND: POST /session/d4f675b322105372b3380f2dea3f05ac/execute/async - {"script":"<script> [21126 bytes]","args":[35000]}
RESULT: {"script":"<script> [21126 bytes]","args":[35000]}
COMMAND: POST /session/d4f675b322105372b3380f2dea3f05ac/window/fullscreen - {}
RESULT: {}
]]></system-out>
    </testcase>
    <testcase classname="chrome.136_0_7103_93.windows.Provide_to_Site_w/o_warehouse_management_w/_clarification_US116605" name="Should create a new material" time="124.685">
      <system-out><![CDATA[
COMMAND: POST /session/d4f675b322105372b3380f2dea3f05ac/execute/async - {"script":"<script> [1562 bytes]","args":[{"selector":{"controlType":"sap.m.GenericTile","properties":{"header":"Manage Resources"}},"wdio_ui5_key":"sapm.GenericTile{\"header\":\"Manage Resources\"}"}]}
RESULT: {"script":"<script> [1562 bytes]","args":[{"selector":{"controlType":"sap.m.GenericTile","properties":{"header":"Manage Resources"}},"wdio_ui5_key":"sapm.GenericTile{\"header\":\"Manage Resources\"}"}]}
RESULT: undefined
COMMAND: POST /session/d4f675b322105372b3380f2dea3f05ac/element - {"using":"xpath","value":"//*[@id=\"__tile31\"]"}
RESULT: {"using":"xpath","value":"//*[@id=\"__tile31\"]"}
COMMAND: POST /session/d4f675b322105372b3380f2dea3f05ac/element/f.73BB2000E1F4E36FD864906F51978B2B.d.E76AD538880B960D5948F331854E9FC1.e.12116/click - {}
RESULT: {}
COMMAND: GET /session/d4f675b322105372b3380f2dea3f05ac/screenshot - {}
RESULT: {}
COMMAND: POST /session/d4f675b322105372b3380f2dea3f05ac/elements - {"using":"xpath","value":"//span[text()='Error']"}
RESULT: {"using":"xpath","value":"//span[text()='Error']"}
COMMAND: POST /session/d4f675b322105372b3380f2dea3f05ac/element - {"using":"xpath","value":"//button[@data-kt=\"addNewRUOverflowToolbarButton\"]"}
RESULT: {"using":"xpath","value":"//button[@data-kt=\"addNewRUOverflowToolbarButton\"]"}
COMMAND: POST /session/d4f675b322105372b3380f2dea3f05ac/elements - {"using":"xpath","value":"//button[@data-kt=\"addNewRUOverflowToolbarButton\"]"}
RESULT: {"using":"xpath","value":"//button[@data-kt=\"addNewRUOverflowToolbarButton\"]"}
COMMAND: POST /session/d4f675b322105372b3380f2dea3f05ac/elements - {"using":"xpath","value":"//button[@data-kt=\"addNewRUOverflowToolbarButton\"]"}
RESULT: {"using":"xpath","value":"//button[@data-kt=\"addNewRUOverflowToolbarButton\"]"}
COMMAND: POST /session/d4f675b322105372b3380f2dea3f05ac/element - {"using":"xpath","value":"//button[@data-kt=\"addNewRUOverflowToolbarButton\"]"}
RESULT: {"using":"xpath","value":"//button[@data-kt=\"addNewRUOverflowToolbarButton\"]"}
COMMAND: POST /session/d4f675b322105372b3380f2dea3f05ac/execute/sync - {"script":"<script> [8489 bytes]","args":[{"element-6066-11e4-a52e-4f735466cecf":"f.73BB2000E1F4E36FD864906F51978B2B.d.E76AD538880B960D5948F331854E9FC1.e.12235","ELEMENT":"f.73BB2000E1F4E36FD864906F51978B2B.d.E76AD538880B960D5948F331854E9FC1.e.12235"}]}
RESULT: {"script":"<script> [8489 bytes]","args":[{"element-6066-11e4-a52e-4f735466cecf":"f.73BB2000E1F4E36FD864906F51978B2B.d.E76AD538880B960D5948F331854E9FC1.e.12235","ELEMENT":"f.73BB2000E1F4E36FD864906F51978B2B.d.E76AD538880B960D5948F331854E9FC1.e.12235"}]}
COMMAND: GET /session/d4f675b322105372b3380f2dea3f05ac/element/f.73BB2000E1F4E36FD864906F51978B2B.d.E76AD538880B960D5948F331854E9FC1.e.12235/enabled - {}
COMMAND: GET /session/d4f675b322105372b3380f2dea3f05ac/screenshot - {}
RESULT: {}
COMMAND: POST /session/d4f675b322105372b3380f2dea3f05ac/execute/sync - {"script":"<script> [8489 bytes]","args":[{"element-6066-11e4-a52e-4f735466cecf":"f.73BB2000E1F4E36FD864906F51978B2B.d.E76AD538880B960D5948F331854E9FC1.e.12235","ELEMENT":"f.73BB2000E1F4E36FD864906F51978B2B.d.E76AD538880B960D5948F331854E9FC1.e.12235"}]}
COMMAND: GET /session/d4f675b322105372b3380f2dea3f05ac/screenshot - {}
RESULT: {}
RESULT: {"script":"<script> [8489 bytes]","args":[{"element-6066-11e4-a52e-4f735466cecf":"f.73BB2000E1F4E36FD864906F51978B2B.d.E76AD538880B960D5948F331854E9FC1.e.12235","ELEMENT":"f.73BB2000E1F4E36FD864906F51978B2B.d.E76AD538880B960D5948F331854E9FC1.e.12235"}]}
COMMAND: POST /session/d4f675b322105372b3380f2dea3f05ac/execute/sync - {"script":"<script> [5351 bytes]","args":[{"element-6066-11e4-a52e-4f735466cecf":"f.73BB2000E1F4E36FD864906F51978B2B.d.E76AD538880B960D5948F331854E9FC1.e.12235","ELEMENT":"f.73BB2000E1F4E36FD864906F51978B2B.d.E76AD538880B960D5948F331854E9FC1.e.12235"}]}
COMMAND: GET /session/d4f675b322105372b3380f2dea3f05ac/screenshot - {}
RESULT: {}
RESULT: {"script":"<script> [5351 bytes]","args":[{"element-6066-11e4-a52e-4f735466cecf":"f.73BB2000E1F4E36FD864906F51978B2B.d.E76AD538880B960D5948F331854E9FC1.e.12235","ELEMENT":"f.73BB2000E1F4E36FD864906F51978B2B.d.E76AD538880B960D5948F331854E9FC1.e.12235"}]}
COMMAND: POST /session/d4f675b322105372b3380f2dea3f05ac/element/f.73BB2000E1F4E36FD864906F51978B2B.d.E76AD538880B960D5948F331854E9FC1.e.12235/click - {}
COMMAND: GET /session/d4f675b322105372b3380f2dea3f05ac/screenshot - {}
RESULT: {}
RESULT: {}
COMMAND: GET /session/d4f675b322105372b3380f2dea3f05ac/screenshot - {}
RESULT: {}
COMMAND: POST /session/d4f675b322105372b3380f2dea3f05ac/execute/async - {"script":"<script> [1562 bytes]","args":[{"selector":{"id":"application-manageresources-display-component---newResourceUnit--TYPE-arrow"},"wdio_ui5_key":"applicationmanageresources-display-component---newResourceUnit--TYPE-arrow"}]}
RESULT: {}
RESULT: {"script":"<script> [1562 bytes]","args":[{"selector":{"id":"application-manageresources-display-component---newResourceUnit--TYPE-arrow"},"wdio_ui5_key":"applicationmanageresources-display-component---newResourceUnit--TYPE-arrow"}]}
RESULT: undefined
COMMAND: POST /session/d4f675b322105372b3380f2dea3f05ac/element - {"using":"xpath","value":"//*[@id=\"application-manageresources-display-component---newResourceUnit--TYPE-arrow\"]"}
RESULT: {"using":"xpath","value":"//*[@id=\"application-manageresources-display-component---newResourceUnit--TYPE-arrow\"]"}
COMMAND: POST /session/d4f675b322105372b3380f2dea3f05ac/element/f.73BB2000E1F4E36FD864906F51978B2B.d.E76AD538880B960D5948F331854E9FC1.e.12588/click - {}
RESULT: {}
COMMAND: POST /session/d4f675b322105372b3380f2dea3f05ac/element - {"using":"xpath","value":"//input[@id=\"application-manageresources-display-component---newResourceUnit--TYPE-inner\"]"}
COMMAND: GET /session/d4f675b322105372b3380f2dea3f05ac/screenshot - {}
RESULT: {"using":"xpath","value":"//input[@id=\"application-manageresources-display-component---newResourceUnit--TYPE-inner\"]"}
COMMAND: POST /session/d4f675b322105372b3380f2dea3f05ac/element/f.73BB2000E1F4E36FD864906F51978B2B.d.E76AD538880B960D5948F331854E9FC1.e.12575/clear - {}
RESULT: {}
RESULT: {}
COMMAND: POST /session/d4f675b322105372b3380f2dea3f05ac/element/f.73BB2000E1F4E36FD864906F51978B2B.d.E76AD538880B960D5948F331854E9FC1.e.12575/value - {"text":"Material"}
COMMAND: GET /session/d4f675b322105372b3380f2dea3f05ac/screenshot - {}
RESULT: {"text":"Material"}
COMMAND: GET /session/d4f675b322105372b3380f2dea3f05ac/screenshot - {}
RESULT: {}
RESULT: {}
COMMAND: POST /session/d4f675b322105372b3380f2dea3f05ac/actions - {"actions":[{"id":"action39","type":"key","parameters":{},"actions":[{"type":"keyDown","value":""},{"type":"pause","duration":10},{"type":"keyUp","value":""}]}]}
RESULT: {"actions":[{"id":"action39","type":"key","parameters":{},"actions":[{"type":"keyDown","value":""},{"type":"pause","duration":10},{"type":"keyUp","value":""}]}]}
COMMAND: POST /session/d4f675b322105372b3380f2dea3f05ac/execute/async - {"script":"<script> [1562 bytes]","args":[{"selector":{"id":"application-manageresources-display-component---newResourceUnit--SHORT_TEXT","interaction":{"idSuffix":"inner"}},"wdio_ui5_key":"applicationmanageresources-display-component---newResourceUnit--SHORT_TEXT"}]}
COMMAND: GET /session/d4f675b322105372b3380f2dea3f05ac/screenshot - {}
RESULT: {"script":"<script> [1562 bytes]","args":[{"selector":{"id":"application-manageresources-display-component---newResourceUnit--SHORT_TEXT","interaction":{"idSuffix":"inner"}},"wdio_ui5_key":"applicationmanageresources-display-component---newResourceUnit--SHORT_TEXT"}]}
RESULT: undefined
COMMAND: POST /session/d4f675b322105372b3380f2dea3f05ac/execute/async - {"script":"<script> [776 bytes]","args":[{"enterText":"Cement WDIO","selector":{"id":"application-manageresources-display-component---newResourceUnit--SHORT_TEXT","interaction":{"idSuffix":"inner"}},"clearTextFirst":true,"interactionType":"ENTER_TEXT"}]}
RESULT: {}
RESULT: {"script":"<script> [776 bytes]","args":[{"enterText":"Cement WDIO","selector":{"id":"application-manageresources-display-component---newResourceUnit--SHORT_TEXT","interaction":{"idSuffix":"inner"}},"clearTextFirst":true,"interactionType":"ENTER_TEXT"}]}
COMMAND: POST /session/d4f675b322105372b3380f2dea3f05ac/execute/async - {"script":"<script> [1562 bytes]","args":[{"selector":{"id":"application-manageresources-display-component---newResourceUnit--BASE_UNIT_OF_MEASURE","interaction":{"idSuffix":"inner"}},"wdio_ui5_key":"applicationmanageresources-display-component---newResourceUnit--BASE_UNIT_OF_MEASURE"}]}
RESULT: {"script":"<script> [1562 bytes]","args":[{"selector":{"id":"application-manageresources-display-component---newResourceUnit--BASE_UNIT_OF_MEASURE","interaction":{"idSuffix":"inner"}},"wdio_ui5_key":"applicationmanageresources-display-component---newResourceUnit--BASE_UNIT_OF_MEASURE"}]}
RESULT: undefined
COMMAND: POST /session/d4f675b322105372b3380f2dea3f05ac/execute/async - {"script":"<script> [776 bytes]","args":[{"enterText":"Piece","selector":{"id":"application-manageresources-display-component---newResourceUnit--BASE_UNIT_OF_MEASURE","interaction":{"idSuffix":"inner"}},"clearTextFirst":true,"interactionType":"ENTER_TEXT"}]}
RESULT: {"script":"<script> [776 bytes]","args":[{"enterText":"Piece","selector":{"id":"application-manageresources-display-component---newResourceUnit--BASE_UNIT_OF_MEASURE","interaction":{"idSuffix":"inner"}},"clearTextFirst":true,"interactionType":"ENTER_TEXT"}]}
COMMAND: POST /session/d4f675b322105372b3380f2dea3f05ac/execute/async - {"script":"<script> [1562 bytes]","args":[{"selector":{"id":"application-manageresources-display-component---newResourceUnit--WEIGHT_UNIT","interaction":{"idSuffix":"inner"}},"wdio_ui5_key":"applicationmanageresources-display-component---newResourceUnit--WEIGHT_UNIT"}]}
RESULT: {"script":"<script> [1562 bytes]","args":[{"selector":{"id":"application-manageresources-display-component---newResourceUnit--WEIGHT_UNIT","interaction":{"idSuffix":"inner"}},"wdio_ui5_key":"applicationmanageresources-display-component---newResourceUnit--WEIGHT_UNIT"}]}
RESULT: undefined
COMMAND: POST /session/d4f675b322105372b3380f2dea3f05ac/execute/async - {"script":"<script> [776 bytes]","args":[{"enterText":"Gram","selector":{"id":"application-manageresources-display-component---newResourceUnit--WEIGHT_UNIT","interaction":{"idSuffix":"inner"}},"clearTextFirst":true,"interactionType":"ENTER_TEXT"}]}
RESULT: {"script":"<script> [776 bytes]","args":[{"enterText":"Gram","selector":{"id":"application-manageresources-display-component---newResourceUnit--WEIGHT_UNIT","interaction":{"idSuffix":"inner"}},"clearTextFirst":true,"interactionType":"ENTER_TEXT"}]}
COMMAND: POST /session/d4f675b322105372b3380f2dea3f05ac/execute/async - {"script":"<script> [1562 bytes]","args":[{"selector":{"id":"application-manageresources-display-component---newResourceUnit--DIMENSION_UNIT","interaction":{"idSuffix":"inner"}},"wdio_ui5_key":"applicationmanageresources-display-component---newResourceUnit--DIMENSION_UNIT"}]}
RESULT: {"script":"<script> [1562 bytes]","args":[{"selector":{"id":"application-manageresources-display-component---newResourceUnit--DIMENSION_UNIT","interaction":{"idSuffix":"inner"}},"wdio_ui5_key":"applicationmanageresources-display-component---newResourceUnit--DIMENSION_UNIT"}]}
RESULT: undefined
COMMAND: POST /session/d4f675b322105372b3380f2dea3f05ac/execute/async - {"script":"<script> [776 bytes]","args":[{"enterText":"Meter","selector":{"id":"application-manageresources-display-component---newResourceUnit--DIMENSION_UNIT","interaction":{"idSuffix":"inner"}},"clearTextFirst":true,"interactionType":"ENTER_TEXT"}]}
RESULT: {"script":"<script> [776 bytes]","args":[{"enterText":"Meter","selector":{"id":"application-manageresources-display-component---newResourceUnit--DIMENSION_UNIT","interaction":{"idSuffix":"inner"}},"clearTextFirst":true,"interactionType":"ENTER_TEXT"}]}
COMMAND: POST /session/d4f675b322105372b3380f2dea3f05ac/execute/async - {"script":"<script> [1562 bytes]","args":[{"selector":{"id":"application-manageresources-display-component---newResourceUnit--newRRUPage-anchBar-application-manageresources-display-component---newResourceUnit--control-anchor","interaction":{"idSuffix":"BDI-content"}},"wdio_ui5_key":"applicationmanageresources-display-component---newResourceUnit--newRRUPage-anchBar-application-manageresources-display-component---newResourceUnit--control-anchor"}]}
RESULT: {"script":"<script> [1562 bytes]","args":[{"selector":{"id":"application-manageresources-display-component---newResourceUnit--newRRUPage-anchBar-application-manageresources-display-component---newResourceUnit--control-anchor","interaction":{"idSuffix":"BDI-content"}},"wdio_ui5_key":"applicationmanageresources-display-component---newResourceUnit--newRRUPage-anchBar-application-manageresources-display-component---newResourceUnit--control-anchor"}]}
RESULT: undefined
COMMAND: POST /session/d4f675b322105372b3380f2dea3f05ac/element - {"using":"xpath","value":"//*[@id=\"application-manageresources-display-component---newResourceUnit--newRRUPage-anchBar-application-manageresources-display-component---newResourceUnit--control-anchor\"]"}
RESULT: {"using":"xpath","value":"//*[@id=\"application-manageresources-display-component---newResourceUnit--newRRUPage-anchBar-application-manageresources-display-component---newResourceUnit--control-anchor\"]"}
COMMAND: POST /session/d4f675b322105372b3380f2dea3f05ac/element/f.73BB2000E1F4E36FD864906F51978B2B.d.E76AD538880B960D5948F331854E9FC1.e.12719/click - {}
RESULT: {}
COMMAND: POST /session/d4f675b322105372b3380f2dea3f05ac/execute/async - {"script":"<script> [1562 bytes]","args":[{"selector":{"id":"application-manageresources-display-component---newResourceUnit--PLANNING_GROUP","interaction":{"idSuffix":"inner"}},"wdio_ui5_key":"applicationmanageresources-display-component---newResourceUnit--PLANNING_GROUP"}]}
COMMAND: GET /session/d4f675b322105372b3380f2dea3f05ac/screenshot - {}
RESULT: {"script":"<script> [1562 bytes]","args":[{"selector":{"id":"application-manageresources-display-component---newResourceUnit--PLANNING_GROUP","interaction":{"idSuffix":"inner"}},"wdio_ui5_key":"applicationmanageresources-display-component---newResourceUnit--PLANNING_GROUP"}]}
RESULT: undefined
COMMAND: POST /session/d4f675b322105372b3380f2dea3f05ac/execute/async - {"script":"<script> [776 bytes]","args":[{"enterText":"Material","selector":{"id":"application-manageresources-display-component---newResourceUnit--PLANNING_GROUP","interaction":{"idSuffix":"inner"}},"clearTextFirst":true,"interactionType":"ENTER_TEXT"}]}
RESULT: {}
RESULT: {"script":"<script> [776 bytes]","args":[{"enterText":"Material","selector":{"id":"application-manageresources-display-component---newResourceUnit--PLANNING_GROUP","interaction":{"idSuffix":"inner"}},"clearTextFirst":true,"interactionType":"ENTER_TEXT"}]}
COMMAND: POST /session/d4f675b322105372b3380f2dea3f05ac/execute/async - {"script":"<script> [1562 bytes]","args":[{"selector":{"id":"application-manageresources-display-component---newResourceUnit--PLANNING_INDICATOR","interaction":{"idSuffix":"inner"}},"wdio_ui5_key":"applicationmanageresources-display-component---newResourceUnit--PLANNING_INDICATOR"}]}
RESULT: {"script":"<script> [1562 bytes]","args":[{"selector":{"id":"application-manageresources-display-component---newResourceUnit--PLANNING_INDICATOR","interaction":{"idSuffix":"inner"}},"wdio_ui5_key":"applicationmanageresources-display-component---newResourceUnit--PLANNING_INDICATOR"}]}
RESULT: undefined
COMMAND: POST /session/d4f675b322105372b3380f2dea3f05ac/execute/async - {"script":"<script> [776 bytes]","args":[{"enterText":"10 - infinite","selector":{"id":"application-manageresources-display-component---newResourceUnit--PLANNING_INDICATOR","interaction":{"idSuffix":"inner"}},"clearTextFirst":true,"interactionType":"ENTER_TEXT"}]}
RESULT: {"script":"<script> [776 bytes]","args":[{"enterText":"10 - infinite","selector":{"id":"application-manageresources-display-component---newResourceUnit--PLANNING_INDICATOR","interaction":{"idSuffix":"inner"}},"clearTextFirst":true,"interactionType":"ENTER_TEXT"}]}
COMMAND: POST /session/d4f675b322105372b3380f2dea3f05ac/element - {"using":"css selector","value":"#application-manageresources-display-component---newResourceUnit--btnAddTimeSegment"}
RESULT: {"using":"css selector","value":"#application-manageresources-display-component---newResourceUnit--btnAddTimeSegment"}
COMMAND: GET /session/d4f675b322105372b3380f2dea3f05ac/element/f.73BB2000E1F4E36FD864906F51978B2B.d.E76AD538880B960D5948F331854E9FC1.e.12729/rect - {}
RESULT: {}
COMMAND: GET /session/d4f675b322105372b3380f2dea3f05ac/window/rect - {}
RESULT: {}
COMMAND: POST /session/d4f675b322105372b3380f2dea3f05ac/execute/sync - {"script":"<script> [92 bytes]","args":[]}
RESULT: {"script":"<script> [92 bytes]","args":[]}
COMMAND: POST /session/d4f675b322105372b3380f2dea3f05ac/actions - {"actions":[{"id":"action40","type":"wheel","parameters":{},"actions":[{"type":"scroll","x":-1888,"y":-32,"deltaX":0,"deltaY":0,"duration":0,"origin":{"element-6066-11e4-a52e-4f735466cecf":"f.73BB2000E1F4E36FD864906F51978B2B.d.E76AD538880B960D5948F331854E9FC1.e.12729"}}]}]}
COMMAND: GET /session/d4f675b322105372b3380f2dea3f05ac/screenshot - {}
RESULT: {}
COMMAND: POST /session/d4f675b322105372b3380f2dea3f05ac/execute/sync - {"script":"<script> [79 bytes]","args":[{"element-6066-11e4-a52e-4f735466cecf":"f.73BB2000E1F4E36FD864906F51978B2B.d.E76AD538880B960D5948F331854E9FC1.e.12729","ELEMENT":"f.73BB2000E1F4E36FD864906F51978B2B.d.E76AD538880B960D5948F331854E9FC1.e.12729"},{"block":"start","inline":"nearest"}]}
RESULT: {"script":"<script> [79 bytes]","args":[{"element-6066-11e4-a52e-4f735466cecf":"f.73BB2000E1F4E36FD864906F51978B2B.d.E76AD538880B960D5948F331854E9FC1.e.12729","ELEMENT":"f.73BB2000E1F4E36FD864906F51978B2B.d.E76AD538880B960D5948F331854E9FC1.e.12729"},{"block":"start","inline":"nearest"}]}
COMMAND: POST /session/d4f675b322105372b3380f2dea3f05ac/execute/async - {"script":"<script> [1562 bytes]","args":[{"selector":{"id":"application-manageresources-display-component---newResourceUnit--btnAddTimeSegment","interaction":{"idSuffix":"inner"}},"wdio_ui5_key":"applicationmanageresources-display-component---newResourceUnit--btnAddTimeSegment"}]}
COMMAND: GET /session/d4f675b322105372b3380f2dea3f05ac/screenshot - {}
RESULT: {"script":"<script> [1562 bytes]","args":[{"selector":{"id":"application-manageresources-display-component---newResourceUnit--btnAddTimeSegment","interaction":{"idSuffix":"inner"}},"wdio_ui5_key":"applicationmanageresources-display-component---newResourceUnit--btnAddTimeSegment"}]}
RESULT: undefined
COMMAND: POST /session/d4f675b322105372b3380f2dea3f05ac/element - {"using":"xpath","value":"//*[@id=\"application-manageresources-display-component---newResourceUnit--btnAddTimeSegment\"]"}
RESULT: {}
RESULT: {"using":"xpath","value":"//*[@id=\"application-manageresources-display-component---newResourceUnit--btnAddTimeSegment\"]"}
COMMAND: POST /session/d4f675b322105372b3380f2dea3f05ac/element/f.73BB2000E1F4E36FD864906F51978B2B.d.E76AD538880B960D5948F331854E9FC1.e.12729/click - {}
RESULT: {}
COMMAND: GET /session/d4f675b322105372b3380f2dea3f05ac/screenshot - {}
RESULT: {}
COMMAND: POST /session/d4f675b322105372b3380f2dea3f05ac/element - {"using":"xpath","value":"//input[@id=\"application-manageresources-display-component---newResourceUnit--idRuTSAdmin-application-manageresources-display-component---newResourceUnit--RUTimeSegment-0-inner\"]"}
RESULT: {"using":"xpath","value":"//input[@id=\"application-manageresources-display-component---newResourceUnit--idRuTSAdmin-application-manageresources-display-component---newResourceUnit--RUTimeSegment-0-inner\"]"}
COMMAND: POST /session/d4f675b322105372b3380f2dea3f05ac/element/f.73BB2000E1F4E36FD864906F51978B2B.d.E76AD538880B960D5948F331854E9FC1.e.12734/clear - {}
RESULT: {}
COMMAND: POST /session/d4f675b322105372b3380f2dea3f05ac/element/f.73BB2000E1F4E36FD864906F51978B2B.d.E76AD538880B960D5948F331854E9FC1.e.12734/value - {"text":"427"}
COMMAND: GET /session/d4f675b322105372b3380f2dea3f05ac/screenshot - {}
RESULT: {"text":"427"}
COMMAND: GET /session/d4f675b322105372b3380f2dea3f05ac/screenshot - {}
RESULT: {}
RESULT: {}
COMMAND: POST /session/d4f675b322105372b3380f2dea3f05ac/element - {"using":"xpath","value":"//li[.//span[text()='427']]"}
RESULT: {"using":"xpath","value":"//li[.//span[text()='427']]"}
COMMAND: POST /session/d4f675b322105372b3380f2dea3f05ac/element/f.73BB2000E1F4E36FD864906F51978B2B.d.E76AD538880B960D5948F331854E9FC1.e.12741/click - {}
RESULT: {}
COMMAND: GET /session/d4f675b322105372b3380f2dea3f05ac/screenshot - {}
RESULT: {}
COMMAND: POST /session/d4f675b322105372b3380f2dea3f05ac/element - {"using":"xpath","value":"(//span[contains(@id, \"-application-manageresources-display-component---newResourceUnit--RUTimeSegment-0-arrow\")])[2]"}
RESULT: {"using":"xpath","value":"(//span[contains(@id, \"-application-manageresources-display-component---newResourceUnit--RUTimeSegment-0-arrow\")])[2]"}
COMMAND: POST /session/d4f675b322105372b3380f2dea3f05ac/element/f.73BB2000E1F4E36FD864906F51978B2B.d.E76AD538880B960D5948F331854E9FC1.e.12742/click - {}
RESULT: {}
COMMAND: POST /session/d4f675b322105372b3380f2dea3f05ac/element - {"using":"xpath","value":"//span[contains(text(), \"PM Order\")]"}
COMMAND: GET /session/d4f675b322105372b3380f2dea3f05ac/screenshot - {}
RESULT: {"using":"xpath","value":"//span[contains(text(), \"PM Order\")]"}
COMMAND: POST /session/d4f675b322105372b3380f2dea3f05ac/element/f.73BB2000E1F4E36FD864906F51978B2B.d.E76AD538880B960D5948F331854E9FC1.e.12743/click - {}
RESULT: {}
RESULT: {}
COMMAND: GET /session/d4f675b322105372b3380f2dea3f05ac/screenshot - {}
RESULT: {}
COMMAND: POST /session/d4f675b322105372b3380f2dea3f05ac/element - {"using":"xpath","value":"//td/div/div/div/span[contains(@id, \"newResourceUnit--RUTimeSegment-0-vhi\")][1]"}
RESULT: {"using":"xpath","value":"//td/div/div/div/span[contains(@id, \"newResourceUnit--RUTimeSegment-0-vhi\")][1]"}
COMMAND: GET /session/d4f675b322105372b3380f2dea3f05ac/element/f.73BB2000E1F4E36FD864906F51978B2B.d.E76AD538880B960D5948F331854E9FC1.e.12747/rect - {}
RESULT: {}
COMMAND: GET /session/d4f675b322105372b3380f2dea3f05ac/window/rect - {}
RESULT: {}
COMMAND: POST /session/d4f675b322105372b3380f2dea3f05ac/execute/sync - {"script":"<script> [92 bytes]","args":[]}
RESULT: {"script":"<script> [92 bytes]","args":[]}
COMMAND: POST /session/d4f675b322105372b3380f2dea3f05ac/actions - {"actions":[{"id":"action41","type":"wheel","parameters":{},"actions":[{"type":"scroll","x":-1888,"y":-24,"deltaX":0,"deltaY":0,"duration":0,"origin":{"element-6066-11e4-a52e-4f735466cecf":"f.73BB2000E1F4E36FD864906F51978B2B.d.E76AD538880B960D5948F331854E9FC1.e.12747"}}]}]}
COMMAND: GET /session/d4f675b322105372b3380f2dea3f05ac/screenshot - {}
RESULT: {}
COMMAND: POST /session/d4f675b322105372b3380f2dea3f05ac/execute/sync - {"script":"<script> [79 bytes]","args":[{"element-6066-11e4-a52e-4f735466cecf":"f.73BB2000E1F4E36FD864906F51978B2B.d.E76AD538880B960D5948F331854E9FC1.e.12747","ELEMENT":"f.73BB2000E1F4E36FD864906F51978B2B.d.E76AD538880B960D5948F331854E9FC1.e.12747"},{"block":"start","inline":"nearest"}]}
RESULT: {"script":"<script> [79 bytes]","args":[{"element-6066-11e4-a52e-4f735466cecf":"f.73BB2000E1F4E36FD864906F51978B2B.d.E76AD538880B960D5948F331854E9FC1.e.12747","ELEMENT":"f.73BB2000E1F4E36FD864906F51978B2B.d.E76AD538880B960D5948F331854E9FC1.e.12747"},{"block":"start","inline":"nearest"}]}
COMMAND: GET /session/d4f675b322105372b3380f2dea3f05ac/screenshot - {}
RESULT: {}
COMMAND: POST /session/d4f675b322105372b3380f2dea3f05ac/element/f.73BB2000E1F4E36FD864906F51978B2B.d.E76AD538880B960D5948F331854E9FC1.e.12747/click - {}
RESULT: {}
COMMAND: GET /session/d4f675b322105372b3380f2dea3f05ac/screenshot - {}
RESULT: {}
COMMAND: POST /session/d4f675b322105372b3380f2dea3f05ac/execute/async - {"script":"<script> [1562 bytes]","args":[{"selector":{"controlType":"sap.m.SearchField","properties":{"placeholder":"Search"},"searchOpenDialogs":true,"interaction":{"idSuffix":"I"}},"wdio_ui5_key":"sapm.SearchField{\"placeholder\":\"Search\"}"}]}
RESULT: {"script":"<script> [1562 bytes]","args":[{"selector":{"controlType":"sap.m.SearchField","properties":{"placeholder":"Search"},"searchOpenDialogs":true,"interaction":{"idSuffix":"I"}},"wdio_ui5_key":"sapm.SearchField{\"placeholder\":\"Search\"}"}]}
RESULT: undefined
COMMAND: POST /session/d4f675b322105372b3380f2dea3f05ac/execute/async - {"script":"<script> [776 bytes]","args":[{"enterText":"4000360","selector":{"controlType":"sap.m.SearchField","properties":{"placeholder":"Search"},"searchOpenDialogs":true,"interaction":{"idSuffix":"I"}},"clearTextFirst":true,"interactionType":"ENTER_TEXT"}]}
RESULT: {"script":"<script> [776 bytes]","args":[{"enterText":"4000360","selector":{"controlType":"sap.m.SearchField","properties":{"placeholder":"Search"},"searchOpenDialogs":true,"interaction":{"idSuffix":"I"}},"clearTextFirst":true,"interactionType":"ENTER_TEXT"}]}
COMMAND: POST /session/d4f675b322105372b3380f2dea3f05ac/actions - {"actions":[{"id":"action42","type":"key","parameters":{},"actions":[{"type":"keyDown","value":""},{"type":"pause","duration":10},{"type":"keyUp","value":""}]}]}
RESULT: {"actions":[{"id":"action42","type":"key","parameters":{},"actions":[{"type":"keyDown","value":""},{"type":"pause","duration":10},{"type":"keyUp","value":""}]}]}
COMMAND: GET /session/d4f675b322105372b3380f2dea3f05ac/screenshot - {}
RESULT: {}
COMMAND: POST /session/d4f675b322105372b3380f2dea3f05ac/element - {"using":"xpath","value":"//td/div/span[contains(text(), \"BGL Vehicles\")]"}
RESULT: {"using":"xpath","value":"//td/div/span[contains(text(), \"BGL Vehicles\")]"}
COMMAND: POST /session/d4f675b322105372b3380f2dea3f05ac/element/f.73BB2000E1F4E36FD864906F51978B2B.d.E76AD538880B960D5948F331854E9FC1.e.12769/click - {}
RESULT: {}
COMMAND: GET /session/d4f675b322105372b3380f2dea3f05ac/screenshot - {}
RESULT: {}
COMMAND: POST /session/d4f675b322105372b3380f2dea3f05ac/element - {"using":"xpath","value":"//bdi[contains(text(), \"OK\")]"}
RESULT: {"using":"xpath","value":"//bdi[contains(text(), \"OK\")]"}
COMMAND: POST /session/d4f675b322105372b3380f2dea3f05ac/element/f.73BB2000E1F4E36FD864906F51978B2B.d.E76AD538880B960D5948F331854E9FC1.e.12770/click - {}
RESULT: {}
COMMAND: GET /session/d4f675b322105372b3380f2dea3f05ac/screenshot - {}
RESULT: {}
COMMAND: POST /session/d4f675b322105372b3380f2dea3f05ac/element - {"using":"xpath","value":"//label[contains(@class, 'sapMLabelRequired') and .//bdi[contains(text(), 'Planned Retirement')]]"}
RESULT: {"using":"xpath","value":"//label[contains(@class, 'sapMLabelRequired') and .//bdi[contains(text(), 'Planned Retirement')]]"}
COMMAND: POST /session/d4f675b322105372b3380f2dea3f05ac/elements - {"using":"xpath","value":"//label[contains(@class, 'sapMLabelRequired') and .//bdi[contains(text(), 'Planned Retirement')]]"}
RESULT: {"using":"xpath","value":"//label[contains(@class, 'sapMLabelRequired') and .//bdi[contains(text(), 'Planned Retirement')]]"}
COMMAND: POST /session/d4f675b322105372b3380f2dea3f05ac/element - {"using":"xpath","value":"//button[@data-kt=\"resourceUnitSaveButton\"]"}
RESULT: {"using":"xpath","value":"//button[@data-kt=\"resourceUnitSaveButton\"]"}
COMMAND: POST /session/d4f675b322105372b3380f2dea3f05ac/element/f.73BB2000E1F4E36FD864906F51978B2B.d.E76AD538880B960D5948F331854E9FC1.e.12605/click - {}
RESULT: {}
COMMAND: GET /session/d4f675b322105372b3380f2dea3f05ac/screenshot - {}
RESULT: {}
COMMAND: POST /session/d4f675b322105372b3380f2dea3f05ac/element - {"using":"xpath","value":"//bdi[contains(text(), \"Close\")]"}
RESULT: {"using":"xpath","value":"//bdi[contains(text(), \"Close\")]"}
COMMAND: POST /session/d4f675b322105372b3380f2dea3f05ac/element/f.73BB2000E1F4E36FD864906F51978B2B.d.E76AD538880B960D5948F331854E9FC1.e.12776/click - {}
RESULT: {}
COMMAND: GET /session/d4f675b322105372b3380f2dea3f05ac/screenshot - {}
RESULT: undefined
RESULT: undefined
RESULT: {}
COMMAND: POST /session/d4f675b322105372b3380f2dea3f05ac/element - {"using":"xpath","value":"//header[contains(@id, 'detailRruPage-headerTitle')]/div[1]/div[2]/div[2]/span[1]"}
RESULT: {"using":"xpath","value":"//header[contains(@id, 'detailRruPage-headerTitle')]/div[1]/div[2]/div[2]/span[1]"}
COMMAND: POST /session/d4f675b322105372b3380f2dea3f05ac/elements - {"using":"xpath","value":"//header[contains(@id, 'detailRruPage-headerTitle')]/div[1]/div[2]/div[2]/span[1]"}
RESULT: {"using":"xpath","value":"//header[contains(@id, 'detailRruPage-headerTitle')]/div[1]/div[2]/div[2]/span[1]"}
COMMAND: POST /session/d4f675b322105372b3380f2dea3f05ac/execute/sync - {"script":"<script> [56 bytes]","args":[{"element-6066-11e4-a52e-4f735466cecf":"f.73BB2000E1F4E36FD864906F51978B2B.d.E76AD538880B960D5948F331854E9FC1.e.12804","ELEMENT":"f.73BB2000E1F4E36FD864906F51978B2B.d.E76AD538880B960D5948F331854E9FC1.e.12804"}]}
RESULT: {"script":"<script> [56 bytes]","args":[{"element-6066-11e4-a52e-4f735466cecf":"f.73BB2000E1F4E36FD864906F51978B2B.d.E76AD538880B960D5948F331854E9FC1.e.12804","ELEMENT":"f.73BB2000E1F4E36FD864906F51978B2B.d.E76AD538880B960D5948F331854E9FC1.e.12804"}]}
COMMAND: POST /session/d4f675b322105372b3380f2dea3f05ac/element - {"using":"css selector","value":"#shell-header-logo"}
COMMAND: GET /session/d4f675b322105372b3380f2dea3f05ac/screenshot - {}
RESULT: {"using":"css selector","value":"#shell-header-logo"}
COMMAND: POST /session/d4f675b322105372b3380f2dea3f05ac/element/f.73BB2000E1F4E36FD864906F51978B2B.d.E76AD538880B960D5948F331854E9FC1.e.12193/click - {}
RESULT: {}
RESULT: {}
COMMAND: GET /session/d4f675b322105372b3380f2dea3f05ac/screenshot - {}
RESULT: {}
]]></system-out>
    </testcase>
  </testsuite>
  <testsuite timestamp="2025-05-28T16:56:58" time="312.261" tests="6" failures="1" errors="1" skipped="0">
    <properties>
      <property name="specId" value="0"/>
      <property name="suiteName" value="Provide to Site w/o warehouse management w clarification"/>
      <property name="capabilities" value="chrome.136_0_7103_93.windows"/>
      <property name="file" value="file:///D:/a/1/s/test/specs/HTR/provide-to-site-wo-warehouse-w-clarification.spec.js"/>
    </properties>
    <testcase classname="chrome.136_0_7103_93.windows.Provide_to_Site_w/o_warehouse_management_w_clarification" name="Should do a stock increase handover" time="83.688">
      <system-out><![CDATA[
COMMAND: POST /session/d4f675b322105372b3380f2dea3f05ac/execute/async - {"script":"<script> [1562 bytes]","args":[{"selector":{"controlType":"sap.m.GenericTile","properties":{"header":"Manage Handovers"}},"wdio_ui5_key":"sapm.GenericTile{\"header\":\"Manage Handovers\"}"}]}
RESULT: {"script":"<script> [1562 bytes]","args":[{"selector":{"controlType":"sap.m.GenericTile","properties":{"header":"Manage Handovers"}},"wdio_ui5_key":"sapm.GenericTile{\"header\":\"Manage Handovers\"}"}]}
RESULT: undefined
COMMAND: POST /session/d4f675b322105372b3380f2dea3f05ac/element - {"using":"xpath","value":"//*[@id=\"__tile132\"]"}
RESULT: {"using":"xpath","value":"//*[@id=\"__tile132\"]"}
COMMAND: POST /session/d4f675b322105372b3380f2dea3f05ac/element/f.73BB2000E1F4E36FD864906F51978B2B.d.E76AD538880B960D5948F331854E9FC1.e.12143/click - {}
RESULT: {}
COMMAND: GET /session/d4f675b322105372b3380f2dea3f05ac/screenshot - {}
RESULT: {}
COMMAND: POST /session/d4f675b322105372b3380f2dea3f05ac/elements - {"using":"xpath","value":"//span[text()='Error']"}
RESULT: {"using":"xpath","value":"//span[text()='Error']"}
COMMAND: POST /session/d4f675b322105372b3380f2dea3f05ac/element - {"using":"xpath","value":"//button[@data-kt=\"masterHOAddButton\"]"}
RESULT: {"using":"xpath","value":"//button[@data-kt=\"masterHOAddButton\"]"}
COMMAND: POST /session/d4f675b322105372b3380f2dea3f05ac/elements - {"using":"xpath","value":"//button[@data-kt=\"masterHOAddButton\"]"}
RESULT: {"using":"xpath","value":"//button[@data-kt=\"masterHOAddButton\"]"}
COMMAND: POST /session/d4f675b322105372b3380f2dea3f05ac/execute/sync - {"script":"<script> [8489 bytes]","args":[{"element-6066-11e4-a52e-4f735466cecf":"f.73BB2000E1F4E36FD864906F51978B2B.d.E76AD538880B960D5948F331854E9FC1.e.12840","ELEMENT":"f.73BB2000E1F4E36FD864906F51978B2B.d.E76AD538880B960D5948F331854E9FC1.e.12840"}]}
RESULT: {"script":"<script> [8489 bytes]","args":[{"element-6066-11e4-a52e-4f735466cecf":"f.73BB2000E1F4E36FD864906F51978B2B.d.E76AD538880B960D5948F331854E9FC1.e.12840","ELEMENT":"f.73BB2000E1F4E36FD864906F51978B2B.d.E76AD538880B960D5948F331854E9FC1.e.12840"}]}
COMMAND: GET /session/d4f675b322105372b3380f2dea3f05ac/element/f.73BB2000E1F4E36FD864906F51978B2B.d.E76AD538880B960D5948F331854E9FC1.e.12840/enabled - {}
COMMAND: GET /session/d4f675b322105372b3380f2dea3f05ac/screenshot - {}
RESULT: {}
COMMAND: POST /session/d4f675b322105372b3380f2dea3f05ac/execute/sync - {"script":"<script> [8489 bytes]","args":[{"element-6066-11e4-a52e-4f735466cecf":"f.73BB2000E1F4E36FD864906F51978B2B.d.E76AD538880B960D5948F331854E9FC1.e.12840","ELEMENT":"f.73BB2000E1F4E36FD864906F51978B2B.d.E76AD538880B960D5948F331854E9FC1.e.12840"}]}
COMMAND: GET /session/d4f675b322105372b3380f2dea3f05ac/screenshot - {}
RESULT: {}
RESULT: {}
RESULT: {"script":"<script> [8489 bytes]","args":[{"element-6066-11e4-a52e-4f735466cecf":"f.73BB2000E1F4E36FD864906F51978B2B.d.E76AD538880B960D5948F331854E9FC1.e.12840","ELEMENT":"f.73BB2000E1F4E36FD864906F51978B2B.d.E76AD538880B960D5948F331854E9FC1.e.12840"}]}
COMMAND: POST /session/d4f675b322105372b3380f2dea3f05ac/execute/sync - {"script":"<script> [5351 bytes]","args":[{"element-6066-11e4-a52e-4f735466cecf":"f.73BB2000E1F4E36FD864906F51978B2B.d.E76AD538880B960D5948F331854E9FC1.e.12840","ELEMENT":"f.73BB2000E1F4E36FD864906F51978B2B.d.E76AD538880B960D5948F331854E9FC1.e.12840"}]}
COMMAND: GET /session/d4f675b322105372b3380f2dea3f05ac/screenshot - {}
RESULT: {"script":"<script> [5351 bytes]","args":[{"element-6066-11e4-a52e-4f735466cecf":"f.73BB2000E1F4E36FD864906F51978B2B.d.E76AD538880B960D5948F331854E9FC1.e.12840","ELEMENT":"f.73BB2000E1F4E36FD864906F51978B2B.d.E76AD538880B960D5948F331854E9FC1.e.12840"}]}
COMMAND: POST /session/d4f675b322105372b3380f2dea3f05ac/element/f.73BB2000E1F4E36FD864906F51978B2B.d.E76AD538880B960D5948F331854E9FC1.e.12840/click - {}
COMMAND: GET /session/d4f675b322105372b3380f2dea3f05ac/screenshot - {}
RESULT: {}
RESULT: {}
COMMAND: GET /session/d4f675b322105372b3380f2dea3f05ac/screenshot - {}
RESULT: {}
RESULT: {}
COMMAND: POST /session/d4f675b322105372b3380f2dea3f05ac/element - {"using":"xpath","value":"//span[contains(@id ,\"AddNewHO--typeSelect-arrow\")]"}
RESULT: {"using":"xpath","value":"//span[contains(@id ,\"AddNewHO--typeSelect-arrow\")]"}
COMMAND: POST /session/d4f675b322105372b3380f2dea3f05ac/element/f.73BB2000E1F4E36FD864906F51978B2B.d.E76AD538880B960D5948F331854E9FC1.e.13205/click - {}
RESULT: {}
COMMAND: GET /session/d4f675b322105372b3380f2dea3f05ac/screenshot - {}
RESULT: {}
COMMAND: POST /session/d4f675b322105372b3380f2dea3f05ac/element - {"using":"xpath","value":"(//li[contains(text(), \"stock increase yard\")])[1]"}
RESULT: {"using":"xpath","value":"(//li[contains(text(), \"stock increase yard\")])[1]"}
COMMAND: POST /session/d4f675b322105372b3380f2dea3f05ac/element/f.73BB2000E1F4E36FD864906F51978B2B.d.E76AD538880B960D5948F331854E9FC1.e.13206/click - {}
RESULT: {}
COMMAND: GET /session/d4f675b322105372b3380f2dea3f05ac/screenshot - {}
RESULT: {}
COMMAND: POST /session/d4f675b322105372b3380f2dea3f05ac/execute/async - {"script":"<script> [1562 bytes]","args":[{"selector":{"id":"application-managehandovers-display-component---AddNewHO--dueDate","interaction":{"idSuffix":"inner"}},"wdio_ui5_key":"applicationmanagehandovers-display-component---AddNewHO--dueDate"}]}
RESULT: {"script":"<script> [1562 bytes]","args":[{"selector":{"id":"application-managehandovers-display-component---AddNewHO--dueDate","interaction":{"idSuffix":"inner"}},"wdio_ui5_key":"applicationmanagehandovers-display-component---AddNewHO--dueDate"}]}
RESULT: undefined
COMMAND: POST /session/d4f675b322105372b3380f2dea3f05ac/execute/async - {"script":"<script> [6424 bytes]","args":[{"element-6066-11e4-a52e-4f735466cecf":"f.73BB2000E1F4E36FD864906F51978B2B.d.E76AD538880B960D5948F331854E9FC1.e.13208"},"setValue",["5/28/25"]]}
RESULT: {"script":"<script> [6424 bytes]","args":[{"element-6066-11e4-a52e-4f735466cecf":"f.73BB2000E1F4E36FD864906F51978B2B.d.E76AD538880B960D5948F331854E9FC1.e.13208"},"setValue",["5/28/25"]]}
COMMAND: POST /session/d4f675b322105372b3380f2dea3f05ac/element - {"using":"xpath","value":"//input[@id=\"generalSectionFrg--receiveYard-inner\"]"}
RESULT: {"using":"xpath","value":"//input[@id=\"generalSectionFrg--receiveYard-inner\"]"}
COMMAND: POST /session/d4f675b322105372b3380f2dea3f05ac/element/f.73BB2000E1F4E36FD864906F51978B2B.d.E76AD538880B960D5948F331854E9FC1.e.13214/clear - {}
RESULT: {}
COMMAND: POST /session/d4f675b322105372b3380f2dea3f05ac/element/f.73BB2000E1F4E36FD864906F51978B2B.d.E76AD538880B960D5948F331854E9FC1.e.13214/value - {"text":"427"}
COMMAND: GET /session/d4f675b322105372b3380f2dea3f05ac/screenshot - {}
RESULT: {"text":"427"}
COMMAND: GET /session/d4f675b322105372b3380f2dea3f05ac/screenshot - {}
RESULT: {}
RESULT: {}
COMMAND: POST /session/d4f675b322105372b3380f2dea3f05ac/element - {"using":"xpath","value":"//li[.//span[text()='427']]"}
RESULT: {"using":"xpath","value":"//li[.//span[text()='427']]"}
COMMAND: POST /session/d4f675b322105372b3380f2dea3f05ac/element/f.73BB2000E1F4E36FD864906F51978B2B.d.E76AD538880B960D5948F331854E9FC1.e.13232/click - {}
RESULT: {}
COMMAND: GET /session/d4f675b322105372b3380f2dea3f05ac/screenshot - {}
RESULT: {}
COMMAND: POST /session/d4f675b322105372b3380f2dea3f05ac/execute/async - {"script":"<script> [1562 bytes]","args":[{"selector":{"id":"application-managehandovers-display-component---AddNewHO--ObjectPageLayout-anchBar-application-managehandovers-display-component---AddNewHO--section4-anchor","interaction":{"idSuffix":"BDI-content"}},"wdio_ui5_key":"applicationmanagehandovers-display-component---AddNewHO--ObjectPageLayout-anchBar-application-managehandovers-display-component---AddNewHO--section4-anchor"}]}
RESULT: {"script":"<script> [1562 bytes]","args":[{"selector":{"id":"application-managehandovers-display-component---AddNewHO--ObjectPageLayout-anchBar-application-managehandovers-display-component---AddNewHO--section4-anchor","interaction":{"idSuffix":"BDI-content"}},"wdio_ui5_key":"applicationmanagehandovers-display-component---AddNewHO--ObjectPageLayout-anchBar-application-managehandovers-display-component---AddNewHO--section4-anchor"}]}
RESULT: undefined
COMMAND: POST /session/d4f675b322105372b3380f2dea3f05ac/element - {"using":"xpath","value":"//*[@id=\"application-managehandovers-display-component---AddNewHO--ObjectPageLayout-anchBar-application-managehandovers-display-component---AddNewHO--section4-anchor\"]"}
RESULT: {"using":"xpath","value":"//*[@id=\"application-managehandovers-display-component---AddNewHO--ObjectPageLayout-anchBar-application-managehandovers-display-component---AddNewHO--section4-anchor\"]"}
COMMAND: POST /session/d4f675b322105372b3380f2dea3f05ac/element/f.73BB2000E1F4E36FD864906F51978B2B.d.E76AD538880B960D5948F331854E9FC1.e.13234/click - {}
RESULT: {}
COMMAND: POST /session/d4f675b322105372b3380f2dea3f05ac/element - {"using":"xpath","value":"//button[@aria-label=\"Add\"]"}
COMMAND: GET /session/d4f675b322105372b3380f2dea3f05ac/screenshot - {}
RESULT: {"using":"xpath","value":"//button[@aria-label=\"Add\"]"}
COMMAND: POST /session/d4f675b322105372b3380f2dea3f05ac/element/f.73BB2000E1F4E36FD864906F51978B2B.d.E76AD538880B960D5948F331854E9FC1.e.13236/click - {}
RESULT: {}
RESULT: {}
COMMAND: GET /session/d4f675b322105372b3380f2dea3f05ac/screenshot - {}
RESULT: {}
COMMAND: POST /session/d4f675b322105372b3380f2dea3f05ac/execute/async - {"script":"<script> [1562 bytes]","args":[{"selector":{"id":"application-managehandovers-display-component---AddNewHO--smartFilterBar-btnBasicSearch","searchOpenDialogs":true,"interaction":{"idSuffix":"I"}},"wdio_ui5_key":"applicationmanagehandovers-display-component---AddNewHO--smartFilterBar-btnBasicSearch"}]}
RESULT: {"script":"<script> [1562 bytes]","args":[{"selector":{"id":"application-managehandovers-display-component---AddNewHO--smartFilterBar-btnBasicSearch","searchOpenDialogs":true,"interaction":{"idSuffix":"I"}},"wdio_ui5_key":"applicationmanagehandovers-display-component---AddNewHO--smartFilterBar-btnBasicSearch"}]}
RESULT: undefined
COMMAND: POST /session/d4f675b322105372b3380f2dea3f05ac/execute/async - {"script":"<script> [776 bytes]","args":[{"enterText":"200239","selector":{"id":"application-managehandovers-display-component---AddNewHO--smartFilterBar-btnBasicSearch","searchOpenDialogs":true,"interaction":{"idSuffix":"I"}},"clearTextFirst":true,"interactionType":"ENTER_TEXT"}]}
RESULT: {"script":"<script> [776 bytes]","args":[{"enterText":"200239","selector":{"id":"application-managehandovers-display-component---AddNewHO--smartFilterBar-btnBasicSearch","searchOpenDialogs":true,"interaction":{"idSuffix":"I"}},"clearTextFirst":true,"interactionType":"ENTER_TEXT"}]}
COMMAND: POST /session/d4f675b322105372b3380f2dea3f05ac/actions - {"actions":[{"id":"action43","type":"key","parameters":{},"actions":[{"type":"keyDown","value":""},{"type":"pause","duration":10},{"type":"keyUp","value":""}]}]}
RESULT: {"actions":[{"id":"action43","type":"key","parameters":{},"actions":[{"type":"keyDown","value":""},{"type":"pause","duration":10},{"type":"keyUp","value":""}]}]}
COMMAND: GET /session/d4f675b322105372b3380f2dea3f05ac/screenshot - {}
RESULT: {}
COMMAND: POST /session/d4f675b322105372b3380f2dea3f05ac/execute/async - {"script":"<script> [1562 bytes]","args":[{"selector":{"id":"application-managehandovers-display-component---AddNewHO--popup-sa","searchOpenDialogs":true,"interaction":{"idSuffix":"CbBg"}},"wdio_ui5_key":"applicationmanagehandovers-display-component---AddNewHO--popup-sa"}]}
RESULT: {"script":"<script> [1562 bytes]","args":[{"selector":{"id":"application-managehandovers-display-component---AddNewHO--popup-sa","searchOpenDialogs":true,"interaction":{"idSuffix":"CbBg"}},"wdio_ui5_key":"applicationmanagehandovers-display-component---AddNewHO--popup-sa"}]}
RESULT: undefined
COMMAND: POST /session/d4f675b322105372b3380f2dea3f05ac/element - {"using":"xpath","value":"//*[@id=\"application-managehandovers-display-component---AddNewHO--popup-sa\"]"}
RESULT: {"using":"xpath","value":"//*[@id=\"application-managehandovers-display-component---AddNewHO--popup-sa\"]"}
COMMAND: POST /session/d4f675b322105372b3380f2dea3f05ac/element/f.73BB2000E1F4E36FD864906F51978B2B.d.E76AD538880B960D5948F331854E9FC1.e.13390/click - {}
RESULT: {}
COMMAND: GET /session/d4f675b322105372b3380f2dea3f05ac/screenshot - {}
RESULT: {}
COMMAND: POST /session/d4f675b322105372b3380f2dea3f05ac/element - {"using":"xpath","value":"//bdi[contains(text(), \"Select\")]"}
RESULT: {"using":"xpath","value":"//bdi[contains(text(), \"Select\")]"}
COMMAND: POST /session/d4f675b322105372b3380f2dea3f05ac/element/f.73BB2000E1F4E36FD864906F51978B2B.d.E76AD538880B960D5948F331854E9FC1.e.13391/click - {}
RESULT: {}
COMMAND: GET /session/d4f675b322105372b3380f2dea3f05ac/screenshot - {}
RESULT: {}
COMMAND: POST /session/d4f675b322105372b3380f2dea3f05ac/element - {"using":"xpath","value":"//button[@data-kt=\"AddNewHOSaveButton\"]"}
RESULT: {"using":"xpath","value":"//button[@data-kt=\"AddNewHOSaveButton\"]"}
COMMAND: POST /session/d4f675b322105372b3380f2dea3f05ac/element/f.73BB2000E1F4E36FD864906F51978B2B.d.E76AD538880B960D5948F331854E9FC1.e.13395/click - {}
RESULT: {}
COMMAND: GET /session/d4f675b322105372b3380f2dea3f05ac/screenshot - {}
RESULT: {}
COMMAND: POST /session/d4f675b322105372b3380f2dea3f05ac/execute/async - {"script":"<script> [1562 bytes]","args":[{"selector":{"id":"receiptDatePicker","viewName":"etm.portal.ui.managehandovers.view.DetailExecuteHO","interaction":{"idSuffix":"inner"}},"wdio_ui5_key":"receiptDatePickeretmportal.ui.managehandovers.view.DetailExecuteHO"}]}
RESULT: {"script":"<script> [1562 bytes]","args":[{"selector":{"id":"receiptDatePicker","viewName":"etm.portal.ui.managehandovers.view.DetailExecuteHO","interaction":{"idSuffix":"inner"}},"wdio_ui5_key":"receiptDatePickeretmportal.ui.managehandovers.view.DetailExecuteHO"}]}
RESULT: undefined
COMMAND: POST /session/d4f675b322105372b3380f2dea3f05ac/execute/async - {"script":"<script> [6424 bytes]","args":[{"element-6066-11e4-a52e-4f735466cecf":"f.73BB2000E1F4E36FD864906F51978B2B.d.E76AD538880B960D5948F331854E9FC1.e.13425"},"setValue",["5/28/25"]]}
RESULT: {"script":"<script> [6424 bytes]","args":[{"element-6066-11e4-a52e-4f735466cecf":"f.73BB2000E1F4E36FD864906F51978B2B.d.E76AD538880B960D5948F331854E9FC1.e.13425"},"setValue",["5/28/25"]]}
COMMAND: POST /session/d4f675b322105372b3380f2dea3f05ac/element - {"using":"xpath","value":"//button[@data-kt=\"ReceivingTableConfirmAllButton\"]"}
RESULT: {"using":"xpath","value":"//button[@data-kt=\"ReceivingTableConfirmAllButton\"]"}
COMMAND: POST /session/d4f675b322105372b3380f2dea3f05ac/element/f.73BB2000E1F4E36FD864906F51978B2B.d.E76AD538880B960D5948F331854E9FC1.e.13440/click - {}
RESULT: {}
COMMAND: GET /session/d4f675b322105372b3380f2dea3f05ac/screenshot - {}
RESULT: {}
COMMAND: POST /session/d4f675b322105372b3380f2dea3f05ac/element - {"using":"xpath","value":"//bdi[contains(text(), \"OK\")]"}
RESULT: {"using":"xpath","value":"//bdi[contains(text(), \"OK\")]"}
COMMAND: POST /session/d4f675b322105372b3380f2dea3f05ac/element/f.73BB2000E1F4E36FD864906F51978B2B.d.E76AD538880B960D5948F331854E9FC1.e.13442/click - {}
RESULT: {}
COMMAND: GET /session/d4f675b322105372b3380f2dea3f05ac/screenshot - {}
RESULT: {}
COMMAND: POST /session/d4f675b322105372b3380f2dea3f05ac/element - {"using":"xpath","value":"(//bdi[contains(text(), \"Receive\")])[2]"}
RESULT: {"using":"xpath","value":"(//bdi[contains(text(), \"Receive\")])[2]"}
COMMAND: POST /session/d4f675b322105372b3380f2dea3f05ac/element/f.73BB2000E1F4E36FD864906F51978B2B.d.E76AD538880B960D5948F331854E9FC1.e.13444/click - {}
RESULT: {}
COMMAND: GET /session/d4f675b322105372b3380f2dea3f05ac/screenshot - {}
RESULT: {}
COMMAND: POST /session/d4f675b322105372b3380f2dea3f05ac/element - {"using":"css selector","value":"#shell-header-logo"}
RESULT: {"using":"css selector","value":"#shell-header-logo"}
COMMAND: POST /session/d4f675b322105372b3380f2dea3f05ac/element/f.73BB2000E1F4E36FD864906F51978B2B.d.E76AD538880B960D5948F331854E9FC1.e.12807/click - {}
RESULT: {}
COMMAND: GET /session/d4f675b322105372b3380f2dea3f05ac/screenshot - {}
RESULT: {}
]]></system-out>
    </testcase>
    <testcase classname="chrome.136_0_7103_93.windows.Provide_to_Site_w/o_warehouse_management_w_clarification" name="Should create a new contract" time="59.052">
      <system-out><![CDATA[
COMMAND: POST /session/d4f675b322105372b3380f2dea3f05ac/execute/async - {"script":"<script> [1562 bytes]","args":[{"selector":{"controlType":"sap.m.GenericTile","properties":{"header":"Manage Contracts"}},"wdio_ui5_key":"sapm.GenericTile{\"header\":\"Manage Contracts\"}"}]}
RESULT: {"script":"<script> [1562 bytes]","args":[{"selector":{"controlType":"sap.m.GenericTile","properties":{"header":"Manage Contracts"}},"wdio_ui5_key":"sapm.GenericTile{\"header\":\"Manage Contracts\"}"}]}
RESULT: undefined
COMMAND: POST /session/d4f675b322105372b3380f2dea3f05ac/element - {"using":"xpath","value":"//*[@id=\"__tile130\"]"}
RESULT: {"using":"xpath","value":"//*[@id=\"__tile130\"]"}
COMMAND: POST /session/d4f675b322105372b3380f2dea3f05ac/element/f.73BB2000E1F4E36FD864906F51978B2B.d.E76AD538880B960D5948F331854E9FC1.e.12132/click - {}
RESULT: {}
COMMAND: GET /session/d4f675b322105372b3380f2dea3f05ac/screenshot - {}
RESULT: {}
COMMAND: POST /session/d4f675b322105372b3380f2dea3f05ac/elements - {"using":"xpath","value":"//span[text()='Error']"}
RESULT: {"using":"xpath","value":"//span[text()='Error']"}
COMMAND: POST /session/d4f675b322105372b3380f2dea3f05ac/element - {"using":"xpath","value":"//button[@data-kt=\"addButton\"]"}
RESULT: {"using":"xpath","value":"//button[@data-kt=\"addButton\"]"}
COMMAND: POST /session/d4f675b322105372b3380f2dea3f05ac/elements - {"using":"xpath","value":"//button[@data-kt=\"addButton\"]"}
RESULT: {"using":"xpath","value":"//button[@data-kt=\"addButton\"]"}
COMMAND: POST /session/d4f675b322105372b3380f2dea3f05ac/execute/sync - {"script":"<script> [8489 bytes]","args":[{"element-6066-11e4-a52e-4f735466cecf":"f.73BB2000E1F4E36FD864906F51978B2B.d.E76AD538880B960D5948F331854E9FC1.e.13669","ELEMENT":"f.73BB2000E1F4E36FD864906F51978B2B.d.E76AD538880B960D5948F331854E9FC1.e.13669"}]}
RESULT: {"script":"<script> [8489 bytes]","args":[{"element-6066-11e4-a52e-4f735466cecf":"f.73BB2000E1F4E36FD864906F51978B2B.d.E76AD538880B960D5948F331854E9FC1.e.13669","ELEMENT":"f.73BB2000E1F4E36FD864906F51978B2B.d.E76AD538880B960D5948F331854E9FC1.e.13669"}]}
COMMAND: GET /session/d4f675b322105372b3380f2dea3f05ac/element/f.73BB2000E1F4E36FD864906F51978B2B.d.E76AD538880B960D5948F331854E9FC1.e.13669/enabled - {}
COMMAND: GET /session/d4f675b322105372b3380f2dea3f05ac/screenshot - {}
RESULT: {}
COMMAND: POST /session/d4f675b322105372b3380f2dea3f05ac/execute/sync - {"script":"<script> [8489 bytes]","args":[{"element-6066-11e4-a52e-4f735466cecf":"f.73BB2000E1F4E36FD864906F51978B2B.d.E76AD538880B960D5948F331854E9FC1.e.13669","ELEMENT":"f.73BB2000E1F4E36FD864906F51978B2B.d.E76AD538880B960D5948F331854E9FC1.e.13669"}]}
COMMAND: GET /session/d4f675b322105372b3380f2dea3f05ac/screenshot - {}
RESULT: {}
RESULT: {"script":"<script> [8489 bytes]","args":[{"element-6066-11e4-a52e-4f735466cecf":"f.73BB2000E1F4E36FD864906F51978B2B.d.E76AD538880B960D5948F331854E9FC1.e.13669","ELEMENT":"f.73BB2000E1F4E36FD864906F51978B2B.d.E76AD538880B960D5948F331854E9FC1.e.13669"}]}
COMMAND: POST /session/d4f675b322105372b3380f2dea3f05ac/execute/sync - {"script":"<script> [5351 bytes]","args":[{"element-6066-11e4-a52e-4f735466cecf":"f.73BB2000E1F4E36FD864906F51978B2B.d.E76AD538880B960D5948F331854E9FC1.e.13669","ELEMENT":"f.73BB2000E1F4E36FD864906F51978B2B.d.E76AD538880B960D5948F331854E9FC1.e.13669"}]}
COMMAND: GET /session/d4f675b322105372b3380f2dea3f05ac/screenshot - {}
RESULT: {}
RESULT: {"script":"<script> [5351 bytes]","args":[{"element-6066-11e4-a52e-4f735466cecf":"f.73BB2000E1F4E36FD864906F51978B2B.d.E76AD538880B960D5948F331854E9FC1.e.13669","ELEMENT":"f.73BB2000E1F4E36FD864906F51978B2B.d.E76AD538880B960D5948F331854E9FC1.e.13669"}]}
COMMAND: GET /session/d4f675b322105372b3380f2dea3f05ac/screenshot - {}
RESULT: {}
RESULT: {}
COMMAND: POST /session/d4f675b322105372b3380f2dea3f05ac/element/f.73BB2000E1F4E36FD864906F51978B2B.d.E76AD538880B960D5948F331854E9FC1.e.13669/click - {}
RESULT: {}
COMMAND: GET /session/d4f675b322105372b3380f2dea3f05ac/screenshot - {}
RESULT: {}
COMMAND: POST /session/d4f675b322105372b3380f2dea3f05ac/execute/async - {"script":"<script> [1562 bytes]","args":[{"selector":{"id":"application-managecontracts-display-component---AddNewContract--projectDescription","interaction":{"idSuffix":"inner"}},"wdio_ui5_key":"applicationmanagecontracts-display-component---AddNewContract--projectDescription"}]}
RESULT: {"script":"<script> [1562 bytes]","args":[{"selector":{"id":"application-managecontracts-display-component---AddNewContract--projectDescription","interaction":{"idSuffix":"inner"}},"wdio_ui5_key":"applicationmanagecontracts-display-component---AddNewContract--projectDescription"}]}
RESULT: undefined
COMMAND: POST /session/d4f675b322105372b3380f2dea3f05ac/execute/async - {"script":"<script> [776 bytes]","args":[{"enterText":"Contract WDIO","selector":{"id":"application-managecontracts-display-component---AddNewContract--projectDescription","interaction":{"idSuffix":"inner"}},"clearTextFirst":true,"interactionType":"ENTER_TEXT"}]}
RESULT: {"script":"<script> [776 bytes]","args":[{"enterText":"Contract WDIO","selector":{"id":"application-managecontracts-display-component---AddNewContract--projectDescription","interaction":{"idSuffix":"inner"}},"clearTextFirst":true,"interactionType":"ENTER_TEXT"}]}
COMMAND: POST /session/d4f675b322105372b3380f2dea3f05ac/element - {"using":"xpath","value":"//input[@id=\"application-managecontracts-display-component---AddNewContract--site-inner\"]"}
RESULT: {"using":"xpath","value":"//input[@id=\"application-managecontracts-display-component---AddNewContract--site-inner\"]"}
COMMAND: POST /session/d4f675b322105372b3380f2dea3f05ac/element/f.73BB2000E1F4E36FD864906F51978B2B.d.E76AD538880B960D5948F331854E9FC1.e.13983/clear - {}
RESULT: {}
COMMAND: POST /session/d4f675b322105372b3380f2dea3f05ac/element/f.73BB2000E1F4E36FD864906F51978B2B.d.E76AD538880B960D5948F331854E9FC1.e.13983/value - {"text":"2207"}
COMMAND: GET /session/d4f675b322105372b3380f2dea3f05ac/screenshot - {}
RESULT: {"text":"2207"}
COMMAND: GET /session/d4f675b322105372b3380f2dea3f05ac/screenshot - {}
RESULT: {}
RESULT: {}
COMMAND: POST /session/d4f675b322105372b3380f2dea3f05ac/element - {"using":"xpath","value":"//li[.//span[text()='2207']]"}
RESULT: {"using":"xpath","value":"//li[.//span[text()='2207']]"}
COMMAND: POST /session/d4f675b322105372b3380f2dea3f05ac/element/f.73BB2000E1F4E36FD864906F51978B2B.d.E76AD538880B960D5948F331854E9FC1.e.14074/click - {}
RESULT: {}
COMMAND: GET /session/d4f675b322105372b3380f2dea3f05ac/screenshot - {}
RESULT: {}
COMMAND: POST /session/d4f675b322105372b3380f2dea3f05ac/element - {"using":"xpath","value":"//input[@id=\"application-managecontracts-display-component---AddNewContract--yardId-inner\"]"}
RESULT: {"using":"xpath","value":"//input[@id=\"application-managecontracts-display-component---AddNewContract--yardId-inner\"]"}
COMMAND: GET /session/d4f675b322105372b3380f2dea3f05ac/element/f.73BB2000E1F4E36FD864906F51978B2B.d.E76AD538880B960D5948F331854E9FC1.e.13984/property/value - {}
RESULT: {}
COMMAND: POST /session/d4f675b322105372b3380f2dea3f05ac/element - {"using":"xpath","value":"//input[@id=\"application-managecontracts-display-component---AddNewContract--customerSelect-inner\"]"}
COMMAND: GET /session/d4f675b322105372b3380f2dea3f05ac/screenshot - {}
RESULT: {"using":"xpath","value":"//input[@id=\"application-managecontracts-display-component---AddNewContract--customerSelect-inner\"]"}
COMMAND: POST /session/d4f675b322105372b3380f2dea3f05ac/element/f.73BB2000E1F4E36FD864906F51978B2B.d.E76AD538880B960D5948F331854E9FC1.e.13982/clear - {}
RESULT: {}
RESULT: {}
COMMAND: POST /session/d4f675b322105372b3380f2dea3f05ac/element/f.73BB2000E1F4E36FD864906F51978B2B.d.E76AD538880B960D5948F331854E9FC1.e.13982/value - {"text":"1238"}
COMMAND: GET /session/d4f675b322105372b3380f2dea3f05ac/screenshot - {}
RESULT: {"text":"1238"}
COMMAND: GET /session/d4f675b322105372b3380f2dea3f05ac/screenshot - {}
RESULT: {}
RESULT: {}
COMMAND: POST /session/d4f675b322105372b3380f2dea3f05ac/element - {"using":"xpath","value":"//li[.//span[text()='1238']]"}
RESULT: {"using":"xpath","value":"//li[.//span[text()='1238']]"}
COMMAND: POST /session/d4f675b322105372b3380f2dea3f05ac/element/f.73BB2000E1F4E36FD864906F51978B2B.d.E76AD538880B960D5948F331854E9FC1.e.14077/click - {}
RESULT: {}
COMMAND: GET /session/d4f675b322105372b3380f2dea3f05ac/screenshot - {}
RESULT: {}
COMMAND: POST /session/d4f675b322105372b3380f2dea3f05ac/element - {"using":"xpath","value":"//button[@data-kt=\"saveButton\"]"}
RESULT: {"using":"xpath","value":"//button[@data-kt=\"saveButton\"]"}
COMMAND: POST /session/d4f675b322105372b3380f2dea3f05ac/element/f.73BB2000E1F4E36FD864906F51978B2B.d.E76AD538880B960D5948F331854E9FC1.e.14065/click - {}
RESULT: {}
COMMAND: GET /session/d4f675b322105372b3380f2dea3f05ac/screenshot - {}
RESULT: {}
COMMAND: POST /session/d4f675b322105372b3380f2dea3f05ac/element - {"using":"xpath","value":"//span[contains(@id ,\"contractDetailTitleNoExpanded\")]"}
RESULT: {"using":"xpath","value":"//span[contains(@id ,\"contractDetailTitleNoExpanded\")]"}
COMMAND: POST /session/d4f675b322105372b3380f2dea3f05ac/elements - {"using":"xpath","value":"//span[contains(@id ,\"contractDetailTitleNoExpanded\")]"}
RESULT: {"using":"xpath","value":"//span[contains(@id ,\"contractDetailTitleNoExpanded\")]"}
COMMAND: POST /session/d4f675b322105372b3380f2dea3f05ac/execute/sync - {"script":"<script> [56 bytes]","args":[{"element-6066-11e4-a52e-4f735466cecf":"f.73BB2000E1F4E36FD864906F51978B2B.d.E76AD538880B960D5948F331854E9FC1.e.14147","ELEMENT":"f.73BB2000E1F4E36FD864906F51978B2B.d.E76AD538880B960D5948F331854E9FC1.e.14147"}]}
RESULT: {"script":"<script> [56 bytes]","args":[{"element-6066-11e4-a52e-4f735466cecf":"f.73BB2000E1F4E36FD864906F51978B2B.d.E76AD538880B960D5948F331854E9FC1.e.14147","ELEMENT":"f.73BB2000E1F4E36FD864906F51978B2B.d.E76AD538880B960D5948F331854E9FC1.e.14147"}]}
COMMAND: GET /session/d4f675b322105372b3380f2dea3f05ac/screenshot - {}
RESULT: {}
]]></system-out>
    </testcase>
    <testcase classname="chrome.136_0_7103_93.windows.Provide_to_Site_w/o_warehouse_management_w_clarification" name="Should add equipment to the contract" time="58.706">
      <system-out><![CDATA[
COMMAND: POST /session/d4f675b322105372b3380f2dea3f05ac/element - {"using":"xpath","value":"//button[@data-kt=\"contractDetailEditBtnButton\"]"}
RESULT: {"using":"xpath","value":"//button[@data-kt=\"contractDetailEditBtnButton\"]"}
COMMAND: POST /session/d4f675b322105372b3380f2dea3f05ac/element/f.73BB2000E1F4E36FD864906F51978B2B.d.E76AD538880B960D5948F331854E9FC1.e.14150/click - {}
RESULT: {}
COMMAND: GET /session/d4f675b322105372b3380f2dea3f05ac/screenshot - {}
RESULT: {}
COMMAND: POST /session/d4f675b322105372b3380f2dea3f05ac/element - {"using":"xpath","value":"(//span[contains(text(), \"Additional Addresses\")])[2]"}
RESULT: {"using":"xpath","value":"(//span[contains(text(), \"Additional Addresses\")])[2]"}
COMMAND: POST /session/d4f675b322105372b3380f2dea3f05ac/element/f.73BB2000E1F4E36FD864906F51978B2B.d.E76AD538880B960D5948F331854E9FC1.e.14206/click - {}
RESULT: {}
COMMAND: GET /session/d4f675b322105372b3380f2dea3f05ac/screenshot - {}
RESULT: {}
COMMAND: POST /session/d4f675b322105372b3380f2dea3f05ac/element - {"using":"xpath","value":"//button[@data-kt=\"btnAddTableRowOverflowToolbarButton\"]"}
RESULT: {"using":"xpath","value":"//button[@data-kt=\"btnAddTableRowOverflowToolbarButton\"]"}
COMMAND: POST /session/d4f675b322105372b3380f2dea3f05ac/element/f.73BB2000E1F4E36FD864906F51978B2B.d.E76AD538880B960D5948F331854E9FC1.e.14209/click - {}
RESULT: {}
COMMAND: GET /session/d4f675b322105372b3380f2dea3f05ac/screenshot - {}
RESULT: {}
COMMAND: POST /session/d4f675b322105372b3380f2dea3f05ac/element - {"using":"xpath","value":"//div[(text() = 'Standard Entry' or . = 'Standard Entry')]"}
RESULT: {"using":"xpath","value":"//div[(text() = 'Standard Entry' or . = 'Standard Entry')]"}
COMMAND: POST /session/d4f675b322105372b3380f2dea3f05ac/element/f.73BB2000E1F4E36FD864906F51978B2B.d.E76AD538880B960D5948F331854E9FC1.e.14211/click - {}
RESULT: {}
COMMAND: GET /session/d4f675b322105372b3380f2dea3f05ac/screenshot - {}
RESULT: {}
COMMAND: POST /session/d4f675b322105372b3380f2dea3f05ac/element - {"using":"xpath","value":"//td[6]/div/div/div/span"}
RESULT: {"using":"xpath","value":"//td[6]/div/div/div/span"}
COMMAND: POST /session/d4f675b322105372b3380f2dea3f05ac/element/f.73BB2000E1F4E36FD864906F51978B2B.d.E76AD538880B960D5948F331854E9FC1.e.14223/click - {}
RESULT: {}
COMMAND: GET /session/d4f675b322105372b3380f2dea3f05ac/screenshot - {}
RESULT: {}
COMMAND: POST /session/d4f675b322105372b3380f2dea3f05ac/element - {"using":"xpath","value":"(//span[contains(text(), \"Material\")])"}
RESULT: {"using":"xpath","value":"(//span[contains(text(), \"Material\")])"}
COMMAND: POST /session/d4f675b322105372b3380f2dea3f05ac/element/f.73BB2000E1F4E36FD864906F51978B2B.d.E76AD538880B960D5948F331854E9FC1.e.14224/click - {}
RESULT: {}
COMMAND: GET /session/d4f675b322105372b3380f2dea3f05ac/screenshot - {}
RESULT: {}
COMMAND: POST /session/d4f675b322105372b3380f2dea3f05ac/element - {"using":"xpath","value":"//td[7]/div/div/input"}
RESULT: {"using":"xpath","value":"//td[7]/div/div/input"}
COMMAND: POST /session/d4f675b322105372b3380f2dea3f05ac/element/f.73BB2000E1F4E36FD864906F51978B2B.d.E76AD538880B960D5948F331854E9FC1.e.14228/clear - {}
RESULT: {}
COMMAND: POST /session/d4f675b322105372b3380f2dea3f05ac/element/f.73BB2000E1F4E36FD864906F51978B2B.d.E76AD538880B960D5948F331854E9FC1.e.14228/value - {"text":"200239"}
COMMAND: GET /session/d4f675b322105372b3380f2dea3f05ac/screenshot - {}
RESULT: {"text":"200239"}
COMMAND: GET /session/d4f675b322105372b3380f2dea3f05ac/screenshot - {}
RESULT: {}
RESULT: {}
COMMAND: POST /session/d4f675b322105372b3380f2dea3f05ac/actions - {"actions":[{"id":"action44","type":"key","parameters":{},"actions":[{"type":"keyDown","value":""},{"type":"pause","duration":10},{"type":"keyUp","value":""}]}]}
RESULT: {"actions":[{"id":"action44","type":"key","parameters":{},"actions":[{"type":"keyDown","value":""},{"type":"pause","duration":10},{"type":"keyUp","value":""}]}]}
COMMAND: GET /session/d4f675b322105372b3380f2dea3f05ac/screenshot - {}
RESULT: {}
COMMAND: POST /session/d4f675b322105372b3380f2dea3f05ac/execute/sync - {"script":"<script> [276 bytes]","args":["No pricing information was found"]}
RESULT: {"script":"<script> [276 bytes]","args":["No pricing information was found"]}
COMMAND: POST /session/d4f675b322105372b3380f2dea3f05ac/element - {"using":"xpath","value":"//bdi[contains(text(), \"OK\")]"}
COMMAND: GET /session/d4f675b322105372b3380f2dea3f05ac/screenshot - {}
RESULT: {"using":"xpath","value":"//bdi[contains(text(), \"OK\")]"}
COMMAND: POST /session/d4f675b322105372b3380f2dea3f05ac/element/f.73BB2000E1F4E36FD864906F51978B2B.d.E76AD538880B960D5948F331854E9FC1.e.14254/click - {}
RESULT: {}
RESULT: {}
COMMAND: GET /session/d4f675b322105372b3380f2dea3f05ac/screenshot - {}
RESULT: {}
COMMAND: POST /session/d4f675b322105372b3380f2dea3f05ac/element - {"using":"xpath","value":"(//button[@data-kt=\"saveButton\"])[2]"}
RESULT: {"using":"xpath","value":"(//button[@data-kt=\"saveButton\"])[2]"}
COMMAND: POST /session/d4f675b322105372b3380f2dea3f05ac/element/f.73BB2000E1F4E36FD864906F51978B2B.d.E76AD538880B960D5948F331854E9FC1.e.14255/click - {}
RESULT: {}
COMMAND: GET /session/d4f675b322105372b3380f2dea3f05ac/screenshot - {}
RESULT: {}
COMMAND: POST /session/d4f675b322105372b3380f2dea3f05ac/execute/sync - {"script":"<script> [276 bytes]","args":["Some contract items are having rental validity exceeding header rental validity"]}
RESULT: {"script":"<script> [276 bytes]","args":["Some contract items are having rental validity exceeding header rental validity"]}
COMMAND: GET /session/d4f675b322105372b3380f2dea3f05ac/screenshot - {}
RESULT: {}
COMMAND: POST /session/d4f675b322105372b3380f2dea3f05ac/element - {"using":"xpath","value":"//span[contains(@id ,\"contractItemsSmartTable-header-inner\")]"}
RESULT: {"using":"xpath","value":"//span[contains(@id ,\"contractItemsSmartTable-header-inner\")]"}
COMMAND: POST /session/d4f675b322105372b3380f2dea3f05ac/elements - {"using":"xpath","value":"//span[contains(@id ,\"contractItemsSmartTable-header-inner\")]"}
RESULT: {"using":"xpath","value":"//span[contains(@id ,\"contractItemsSmartTable-header-inner\")]"}
COMMAND: POST /session/d4f675b322105372b3380f2dea3f05ac/execute/sync - {"script":"<script> [56 bytes]","args":[{"element-6066-11e4-a52e-4f735466cecf":"f.73BB2000E1F4E36FD864906F51978B2B.d.E76AD538880B960D5948F331854E9FC1.e.14259","ELEMENT":"f.73BB2000E1F4E36FD864906F51978B2B.d.E76AD538880B960D5948F331854E9FC1.e.14259"}]}
RESULT: {"script":"<script> [56 bytes]","args":[{"element-6066-11e4-a52e-4f735466cecf":"f.73BB2000E1F4E36FD864906F51978B2B.d.E76AD538880B960D5948F331854E9FC1.e.14259","ELEMENT":"f.73BB2000E1F4E36FD864906F51978B2B.d.E76AD538880B960D5948F331854E9FC1.e.14259"}]}
]]></system-out>
    </testcase>
    <testcase classname="chrome.136_0_7103_93.windows.Provide_to_Site_w/o_warehouse_management_w_clarification" name="Should do provide to site" time="97.924">
      <failure/>
      <error message="expect(received).toEqual(expected) // deep equality&#xA;&#xA;Expected: &quot;provide (issued)&quot;&#xA;Received: &quot;provide (received)&quot;"/>
      <system-out><![CDATA[
COMMAND: POST /session/d4f675b322105372b3380f2dea3f05ac/element - {"using":"xpath","value":"//button[@data-kt=\"provideButton\"]"}
COMMAND: GET /session/d4f675b322105372b3380f2dea3f05ac/screenshot - {}
RESULT: {"using":"xpath","value":"//button[@data-kt=\"provideButton\"]"}
COMMAND: POST /session/d4f675b322105372b3380f2dea3f05ac/element/f.73BB2000E1F4E36FD864906F51978B2B.d.E76AD538880B960D5948F331854E9FC1.e.14260/click - {}
RESULT: {}
RESULT: {}
COMMAND: GET /session/d4f675b322105372b3380f2dea3f05ac/screenshot - {}
COMMAND: POST /session/d4f675b322105372b3380f2dea3f05ac/element - {"using":"xpath","value":"(//div[contains(@id, \"application-managehandovers-display-component---AddNewHO--oneStep-CbBg\")])"}
RESULT: {}
RESULT: {"using":"xpath","value":"(//div[contains(@id, \"application-managehandovers-display-component---AddNewHO--oneStep-CbBg\")])"}
COMMAND: POST /session/d4f675b322105372b3380f2dea3f05ac/element - {"using":"xpath","value":"(//div[contains(@id, \"application-managehandovers-display-component---AddNewHO--oneStep-CbBg\")])/input"}
RESULT: {"using":"xpath","value":"(//div[contains(@id, \"application-managehandovers-display-component---AddNewHO--oneStep-CbBg\")])/input"}
COMMAND: GET /session/d4f675b322105372b3380f2dea3f05ac/element/f.73BB2000E1F4E36FD864906F51978B2B.d.E76AD538880B960D5948F331854E9FC1.e.14321/attribute/checked - {}
RESULT: {}
RESULT: undefined
COMMAND: POST /session/d4f675b322105372b3380f2dea3f05ac/execute/async - {"script":"<script> [6424 bytes]","args":[{"element-6066-11e4-a52e-4f735466cecf":"f.73BB2000E1F4E36FD864906F51978B2B.d.E76AD538880B960D5948F331854E9FC1.e.13208"},"setValue",["05/28/25"]]}
COMMAND: POST /session/d4f675b322105372b3380f2dea3f05ac/element/f.73BB2000E1F4E36FD864906F51978B2B.d.E76AD538880B960D5948F331854E9FC1.e.14559/click - {}
COMMAND: POST /session/d4f675b322105372b3380f2dea3f05ac/execute/async - {"script":"<script> [1562 bytes]","args":[{"selector":{"id":"application-managehandovers-display-component---AddNewHO--dueDate","interaction":{"idSuffix":"inner"}},"wdio_ui5_key":"applicationmanagehandovers-display-component---AddNewHO--dueDate"}]}
RESULT: {}
COMMAND: GET /session/d4f675b322105372b3380f2dea3f05ac/screenshot - {}
RESULT: {"script":"<script> [1562 bytes]","args":[{"selector":{"id":"application-managehandovers-display-component---AddNewHO--dueDate","interaction":{"idSuffix":"inner"}},"wdio_ui5_key":"applicationmanagehandovers-display-component---AddNewHO--dueDate"}]}
COMMAND: POST /session/d4f675b322105372b3380f2dea3f05ac/execute/async - {"script":"<script> [6424 bytes]","args":[{"element-6066-11e4-a52e-4f735466cecf":"f.73BB2000E1F4E36FD864906F51978B2B.d.E76AD538880B960D5948F331854E9FC1.e.14317"},"setValue",["05/28/25"]]}
RESULT: {}
RESULT: {"script":"<script> [6424 bytes]","args":[{"element-6066-11e4-a52e-4f735466cecf":"f.73BB2000E1F4E36FD864906F51978B2B.d.E76AD538880B960D5948F331854E9FC1.e.14317"},"setValue",["05/28/25"]]}
COMMAND: POST /session/d4f675b322105372b3380f2dea3f05ac/element - {"using":"xpath","value":"//bdi[contains(text(), \"Instructions\")]"}
RESULT: {"using":"xpath","value":"//bdi[contains(text(), \"Instructions\")]"}
COMMAND: POST /session/d4f675b322105372b3380f2dea3f05ac/element/f.73BB2000E1F4E36FD864906F51978B2B.d.E76AD538880B960D5948F331854E9FC1.e.14568/click - {}
RESULT: {}
COMMAND: GET /session/d4f675b322105372b3380f2dea3f05ac/screenshot - {}
RESULT: {}
COMMAND: POST /session/d4f675b322105372b3380f2dea3f05ac/element - {"using":"xpath","value":"//button[@data-kt=\"AddNewHOProvideAddItemsButton\"]"}
RESULT: {"using":"xpath","value":"//button[@data-kt=\"AddNewHOProvideAddItemsButton\"]"}
COMMAND: POST /session/d4f675b322105372b3380f2dea3f05ac/element/f.73BB2000E1F4E36FD864906F51978B2B.d.E76AD538880B960D5948F331854E9FC1.e.14572/click - {}
RESULT: {}
COMMAND: GET /session/d4f675b322105372b3380f2dea3f05ac/screenshot - {}
RESULT: {}
RESULT: undefined
COMMAND: POST /session/d4f675b322105372b3380f2dea3f05ac/element - {"using":"xpath","value":"//*[@id=\"application-managehandovers-display-component---AddNewHO--popup-sa\"]"}
RESULT: {"using":"xpath","value":"//*[@id=\"application-managehandovers-display-component---AddNewHO--popup-sa\"]"}
COMMAND: POST /session/d4f675b322105372b3380f2dea3f05ac/element/f.73BB2000E1F4E36FD864906F51978B2B.d.E76AD538880B960D5948F331854E9FC1.e.14582/click - {}
RESULT: {}
COMMAND: GET /session/d4f675b322105372b3380f2dea3f05ac/screenshot - {}
RESULT: {}
COMMAND: POST /session/d4f675b322105372b3380f2dea3f05ac/element - {"using":"xpath","value":"//*[contains(@id ,\"BDI-content\")][contains(text(), \"Select\")]"}
RESULT: {"using":"xpath","value":"//*[contains(@id ,\"BDI-content\")][contains(text(), \"Select\")]"}
COMMAND: POST /session/d4f675b322105372b3380f2dea3f05ac/element/f.73BB2000E1F4E36FD864906F51978B2B.d.E76AD538880B960D5948F331854E9FC1.e.14583/click - {}
RESULT: {}
COMMAND: GET /session/d4f675b322105372b3380f2dea3f05ac/screenshot - {}
RESULT: {}
COMMAND: POST /session/d4f675b322105372b3380f2dea3f05ac/execute/async - {"script":"<script> [1562 bytes]","args":[{"selector":{"id":"application-managehandovers-display-component---AddNewHO--confirmCreationButton","interaction":{"idSuffix":"BDI-content"}},"wdio_ui5_key":"applicationmanagehandovers-display-component---AddNewHO--confirmCreationButton"}]}
RESULT: {"script":"<script> [1562 bytes]","args":[{"selector":{"id":"application-managehandovers-display-component---AddNewHO--confirmCreationButton","interaction":{"idSuffix":"BDI-content"}},"wdio_ui5_key":"applicationmanagehandovers-display-component---AddNewHO--confirmCreationButton"}]}
RESULT: undefined
COMMAND: POST /session/d4f675b322105372b3380f2dea3f05ac/element - {"using":"xpath","value":"//*[@id=\"application-managehandovers-display-component---AddNewHO--confirmCreationButton\"]"}
RESULT: {"using":"xpath","value":"//*[@id=\"application-managehandovers-display-component---AddNewHO--confirmCreationButton\"]"}
COMMAND: POST /session/d4f675b322105372b3380f2dea3f05ac/element/f.73BB2000E1F4E36FD864906F51978B2B.d.E76AD538880B960D5948F331854E9FC1.e.14397/click - {}
RESULT: {}
COMMAND: GET /session/d4f675b322105372b3380f2dea3f05ac/screenshot - {}
RESULT: {}
COMMAND: POST /session/d4f675b322105372b3380f2dea3f05ac/execute/async - {"script":"<script> [1562 bytes]","args":[{"selector":{"id":"issueDatePicker","viewName":"etm.portal.ui.managehandovers.view.DetailExecuteHO","interaction":{"idSuffix":"inner"}},"wdio_ui5_key":"issueDatePickeretmportal.ui.managehandovers.view.DetailExecuteHO"}]}
RESULT: {"script":"<script> [1562 bytes]","args":[{"selector":{"id":"issueDatePicker","viewName":"etm.portal.ui.managehandovers.view.DetailExecuteHO","interaction":{"idSuffix":"inner"}},"wdio_ui5_key":"issueDatePickeretmportal.ui.managehandovers.view.DetailExecuteHO"}]}
RESULT: undefined
COMMAND: POST /session/d4f675b322105372b3380f2dea3f05ac/execute/async - {"script":"<script> [776 bytes]","args":[{"enterText":"5/28/25","selector":{"id":"issueDatePicker","viewName":"etm.portal.ui.managehandovers.view.DetailExecuteHO","interaction":{"idSuffix":"inner"}},"clearTextFirst":true,"interactionType":"ENTER_TEXT"}]}
RESULT: {"script":"<script> [776 bytes]","args":[{"enterText":"5/28/25","selector":{"id":"issueDatePicker","viewName":"etm.portal.ui.managehandovers.view.DetailExecuteHO","interaction":{"idSuffix":"inner"}},"clearTextFirst":true,"interactionType":"ENTER_TEXT"}]}
COMMAND: POST /session/d4f675b322105372b3380f2dea3f05ac/element - {"using":"xpath","value":"//button[@data-kt=\"PickingTableConfirmAllButton\"]"}
RESULT: {"using":"xpath","value":"//button[@data-kt=\"PickingTableConfirmAllButton\"]"}
COMMAND: POST /session/d4f675b322105372b3380f2dea3f05ac/element/f.73BB2000E1F4E36FD864906F51978B2B.d.E76AD538880B960D5948F331854E9FC1.e.14640/click - {}
RESULT: {}
COMMAND: GET /session/d4f675b322105372b3380f2dea3f05ac/screenshot - {}
RESULT: {}
COMMAND: POST /session/d4f675b322105372b3380f2dea3f05ac/element - {"using":"xpath","value":"//bdi[contains(text(), \"OK\")]"}
RESULT: {"using":"xpath","value":"//bdi[contains(text(), \"OK\")]"}
COMMAND: POST /session/d4f675b322105372b3380f2dea3f05ac/element/f.73BB2000E1F4E36FD864906F51978B2B.d.E76AD538880B960D5948F331854E9FC1.e.14643/click - {}
RESULT: {}
COMMAND: GET /session/d4f675b322105372b3380f2dea3f05ac/screenshot - {}
RESULT: {}
COMMAND: POST /session/d4f675b322105372b3380f2dea3f05ac/element - {"using":"xpath","value":"//button[@data-kt=\"execHoPickButton\"]"}
RESULT: {"using":"xpath","value":"//button[@data-kt=\"execHoPickButton\"]"}
COMMAND: POST /session/d4f675b322105372b3380f2dea3f05ac/element/f.73BB2000E1F4E36FD864906F51978B2B.d.E76AD538880B960D5948F331854E9FC1.e.14645/click - {}
RESULT: {}
COMMAND: GET /session/d4f675b322105372b3380f2dea3f05ac/screenshot - {}
RESULT: {}
COMMAND: POST /session/d4f675b322105372b3380f2dea3f05ac/element - {"using":"xpath","value":"//span[contains(@id ,\"filterItemControl_BASIC-RECEIVE_CONTRACT-vhi\")]"}
RESULT: {"using":"xpath","value":"//span[contains(@id ,\"filterItemControl_BASIC-RECEIVE_CONTRACT-vhi\")]"}
COMMAND: POST /session/d4f675b322105372b3380f2dea3f05ac/element/f.73BB2000E1F4E36FD864906F51978B2B.d.E76AD538880B960D5948F331854E9FC1.e.14817/click - {}
RESULT: {}
COMMAND: GET /session/d4f675b322105372b3380f2dea3f05ac/screenshot - {}
RESULT: {}
COMMAND: POST /session/d4f675b322105372b3380f2dea3f05ac/execute/async - {"script":"<script> [1562 bytes]","args":[{"selector":{"controlType":"sap.m.SearchField","viewName":"etm.portal.ui.managehandovers.view.MasterHO","bindingPath":{"path":"","propertyPath":"/_BASIC_SEARCH_FIELD","modelName":"fi1t3rM0d31"},"searchOpenDialogs":true,"interaction":{"idSuffix":"I"}},"wdio_ui5_key":"etmportal.ui.managehandovers.view.MasterHOsap.m.SearchField{\"path\":\"\",\"propertyPath\":\"/_BASIC_SEARCH_FIELD\",\"modelName\":\"fi1t3rM0d31\"}"}]}
RESULT: {"script":"<script> [1562 bytes]","args":[{"selector":{"controlType":"sap.m.SearchField","viewName":"etm.portal.ui.managehandovers.view.MasterHO","bindingPath":{"path":"","propertyPath":"/_BASIC_SEARCH_FIELD","modelName":"fi1t3rM0d31"},"searchOpenDialogs":true,"interaction":{"idSuffix":"I"}},"wdio_ui5_key":"etmportal.ui.managehandovers.view.MasterHOsap.m.SearchField{\"path\":\"\",\"propertyPath\":\"/_BASIC_SEARCH_FIELD\",\"modelName\":\"fi1t3rM0d31\"}"}]}
RESULT: undefined
COMMAND: POST /session/d4f675b322105372b3380f2dea3f05ac/execute/async - {"script":"<script> [776 bytes]","args":[{"enterText":"10342","selector":{"controlType":"sap.m.SearchField","viewName":"etm.portal.ui.managehandovers.view.MasterHO","bindingPath":{"path":"","propertyPath":"/_BASIC_SEARCH_FIELD","modelName":"fi1t3rM0d31"},"searchOpenDialogs":true,"interaction":{"idSuffix":"I"}},"clearTextFirst":true,"interactionType":"ENTER_TEXT"}]}
RESULT: {"script":"<script> [776 bytes]","args":[{"enterText":"10342","selector":{"controlType":"sap.m.SearchField","viewName":"etm.portal.ui.managehandovers.view.MasterHO","bindingPath":{"path":"","propertyPath":"/_BASIC_SEARCH_FIELD","modelName":"fi1t3rM0d31"},"searchOpenDialogs":true,"interaction":{"idSuffix":"I"}},"clearTextFirst":true,"interactionType":"ENTER_TEXT"}]}
COMMAND: POST /session/d4f675b322105372b3380f2dea3f05ac/actions - {"actions":[{"id":"action45","type":"key","parameters":{},"actions":[{"type":"keyDown","value":""},{"type":"pause","duration":10},{"type":"keyUp","value":""}]}]}
RESULT: {"actions":[{"id":"action45","type":"key","parameters":{},"actions":[{"type":"keyDown","value":""},{"type":"pause","duration":10},{"type":"keyUp","value":""}]}]}
COMMAND: GET /session/d4f675b322105372b3380f2dea3f05ac/screenshot - {}
RESULT: {}
COMMAND: POST /session/d4f675b322105372b3380f2dea3f05ac/element - {"using":"xpath","value":"//div[contains(@id, 'filterItemControl_BASIC-RECEIVE_CONTRACT-valueHelpDialog-table-rowsel0')]"}
RESULT: {"using":"xpath","value":"//div[contains(@id, 'filterItemControl_BASIC-RECEIVE_CONTRACT-valueHelpDialog-table-rowsel0')]"}
COMMAND: POST /session/d4f675b322105372b3380f2dea3f05ac/element/f.73BB2000E1F4E36FD864906F51978B2B.d.E76AD538880B960D5948F331854E9FC1.e.14827/click - {}
RESULT: {}
COMMAND: GET /session/d4f675b322105372b3380f2dea3f05ac/screenshot - {}
RESULT: {}
COMMAND: POST /session/d4f675b322105372b3380f2dea3f05ac/element - {"using":"xpath","value":"//bdi[contains(text(), \"OK\")]"}
RESULT: {"using":"xpath","value":"//bdi[contains(text(), \"OK\")]"}
COMMAND: POST /session/d4f675b322105372b3380f2dea3f05ac/element/f.73BB2000E1F4E36FD864906F51978B2B.d.E76AD538880B960D5948F331854E9FC1.e.14829/click - {}
RESULT: {}
COMMAND: GET /session/d4f675b322105372b3380f2dea3f05ac/screenshot - {}
RESULT: {}
COMMAND: POST /session/d4f675b322105372b3380f2dea3f05ac/element - {"using":"xpath","value":"//span[contains(@id, \"smartTable-header-inner\")]"}
RESULT: {"using":"xpath","value":"//span[contains(@id, \"smartTable-header-inner\")]"}
COMMAND: POST /session/d4f675b322105372b3380f2dea3f05ac/elements - {"using":"xpath","value":"//span[contains(@id, \"smartTable-header-inner\")]"}
RESULT: {"using":"xpath","value":"//span[contains(@id, \"smartTable-header-inner\")]"}
COMMAND: POST /session/d4f675b322105372b3380f2dea3f05ac/execute/sync - {"script":"<script> [56 bytes]","args":[{"element-6066-11e4-a52e-4f735466cecf":"f.73BB2000E1F4E36FD864906F51978B2B.d.E76AD538880B960D5948F331854E9FC1.e.14857","ELEMENT":"f.73BB2000E1F4E36FD864906F51978B2B.d.E76AD538880B960D5948F331854E9FC1.e.14857"}]}
RESULT: {"script":"<script> [56 bytes]","args":[{"element-6066-11e4-a52e-4f735466cecf":"f.73BB2000E1F4E36FD864906F51978B2B.d.E76AD538880B960D5948F331854E9FC1.e.14857","ELEMENT":"f.73BB2000E1F4E36FD864906F51978B2B.d.E76AD538880B960D5948F331854E9FC1.e.14857"}]}
COMMAND: POST /session/d4f675b322105372b3380f2dea3f05ac/element - {"using":"xpath","value":"//table[contains(@id, \"customHandovers\")]//tbody/tr[1]/td[2]/span"}
COMMAND: GET /session/d4f675b322105372b3380f2dea3f05ac/screenshot - {}
RESULT: {"using":"xpath","value":"//table[contains(@id, \"customHandovers\")]//tbody/tr[1]/td[2]/span"}
COMMAND: POST /session/d4f675b322105372b3380f2dea3f05ac/execute/sync - {"script":"<script> [56 bytes]","args":[{"element-6066-11e4-a52e-4f735466cecf":"f.73BB2000E1F4E36FD864906F51978B2B.d.E76AD538880B960D5948F331854E9FC1.e.14859","ELEMENT":"f.73BB2000E1F4E36FD864906F51978B2B.d.E76AD538880B960D5948F331854E9FC1.e.14859"}]}
RESULT: {}
RESULT: {"script":"<script> [56 bytes]","args":[{"element-6066-11e4-a52e-4f735466cecf":"f.73BB2000E1F4E36FD864906F51978B2B.d.E76AD538880B960D5948F331854E9FC1.e.14859","ELEMENT":"f.73BB2000E1F4E36FD864906F51978B2B.d.E76AD538880B960D5948F331854E9FC1.e.14859"}]}
COMMAND: POST /session/d4f675b322105372b3380f2dea3f05ac/element - {"using":"xpath","value":"(//span[contains(@id, \"imgNav\")])[1]"}
COMMAND: GET /session/d4f675b322105372b3380f2dea3f05ac/screenshot - {}
RESULT: {"using":"xpath","value":"(//span[contains(@id, \"imgNav\")])[1]"}
COMMAND: POST /session/d4f675b322105372b3380f2dea3f05ac/element/f.73BB2000E1F4E36FD864906F51978B2B.d.E76AD538880B960D5948F331854E9FC1.e.14856/click - {}
RESULT: {}
RESULT: {}
COMMAND: GET /session/d4f675b322105372b3380f2dea3f05ac/screenshot - {}
RESULT: {}
RESULT: undefined
COMMAND: POST /session/d4f675b322105372b3380f2dea3f05ac/execute/async - {"script":"<script> [776 bytes]","args":[{"enterText":"5/28/25","selector":{"id":"issueDatePicker","viewName":"etm.portal.ui.managehandovers.view.DetailExecuteHO","interaction":{"idSuffix":"inner"}},"clearTextFirst":true,"interactionType":"ENTER_TEXT"}]}
RESULT: {"script":"<script> [776 bytes]","args":[{"enterText":"5/28/25","selector":{"id":"issueDatePicker","viewName":"etm.portal.ui.managehandovers.view.DetailExecuteHO","interaction":{"idSuffix":"inner"}},"clearTextFirst":true,"interactionType":"ENTER_TEXT"}]}
COMMAND: POST /session/d4f675b322105372b3380f2dea3f05ac/element - {"using":"xpath","value":"//button[@data-kt=\"IssuingTableConfirmAllButton\"]"}
RESULT: {"using":"xpath","value":"//button[@data-kt=\"IssuingTableConfirmAllButton\"]"}
COMMAND: POST /session/d4f675b322105372b3380f2dea3f05ac/element/f.73BB2000E1F4E36FD864906F51978B2B.d.E76AD538880B960D5948F331854E9FC1.e.14878/click - {}
RESULT: {}
COMMAND: GET /session/d4f675b322105372b3380f2dea3f05ac/screenshot - {}
RESULT: {}
COMMAND: POST /session/d4f675b322105372b3380f2dea3f05ac/element - {"using":"xpath","value":"//bdi[contains(text(), \"OK\")]"}
RESULT: {"using":"xpath","value":"//bdi[contains(text(), \"OK\")]"}
COMMAND: POST /session/d4f675b322105372b3380f2dea3f05ac/element/f.73BB2000E1F4E36FD864906F51978B2B.d.E76AD538880B960D5948F331854E9FC1.e.14910/click - {}
RESULT: {}
COMMAND: GET /session/d4f675b322105372b3380f2dea3f05ac/screenshot - {}
RESULT: {}
COMMAND: POST /session/d4f675b322105372b3380f2dea3f05ac/element - {"using":"xpath","value":"//button[@data-kt=\"execHoIssueButton\"]"}
RESULT: {"using":"xpath","value":"//button[@data-kt=\"execHoIssueButton\"]"}
COMMAND: POST /session/d4f675b322105372b3380f2dea3f05ac/element/f.73BB2000E1F4E36FD864906F51978B2B.d.E76AD538880B960D5948F331854E9FC1.e.14911/click - {}
RESULT: {}
COMMAND: GET /session/d4f675b322105372b3380f2dea3f05ac/screenshot - {}
RESULT: {}
COMMAND: POST /session/d4f675b322105372b3380f2dea3f05ac/element - {"using":"xpath","value":"//input[contains(@id ,\"smartFilterBar-btnBasicSearch-I\")]"}
RESULT: {"using":"xpath","value":"//input[contains(@id ,\"smartFilterBar-btnBasicSearch-I\")]"}
COMMAND: POST /session/d4f675b322105372b3380f2dea3f05ac/elements - {"using":"xpath","value":"//input[contains(@id ,\"smartFilterBar-btnBasicSearch-I\")]"}
RESULT: {"using":"xpath","value":"//input[contains(@id ,\"smartFilterBar-btnBasicSearch-I\")]"}
COMMAND: POST /session/d4f675b322105372b3380f2dea3f05ac/execute/sync - {"script":"<script> [8489 bytes]","args":[{"element-6066-11e4-a52e-4f735466cecf":"f.73BB2000E1F4E36FD864906F51978B2B.d.E76AD538880B960D5948F331854E9FC1.e.14316","ELEMENT":"f.73BB2000E1F4E36FD864906F51978B2B.d.E76AD538880B960D5948F331854E9FC1.e.14316"}]}
RESULT: {"script":"<script> [8489 bytes]","args":[{"element-6066-11e4-a52e-4f735466cecf":"f.73BB2000E1F4E36FD864906F51978B2B.d.E76AD538880B960D5948F331854E9FC1.e.14316","ELEMENT":"f.73BB2000E1F4E36FD864906F51978B2B.d.E76AD538880B960D5948F331854E9FC1.e.14316"}]}
COMMAND: GET /session/d4f675b322105372b3380f2dea3f05ac/element/f.73BB2000E1F4E36FD864906F51978B2B.d.E76AD538880B960D5948F331854E9FC1.e.14316/enabled - {}
COMMAND: GET /session/d4f675b322105372b3380f2dea3f05ac/screenshot - {}
RESULT: {}
COMMAND: POST /session/d4f675b322105372b3380f2dea3f05ac/element/f.73BB2000E1F4E36FD864906F51978B2B.d.E76AD538880B960D5948F331854E9FC1.e.14316/clear - {}
COMMAND: GET /session/d4f675b322105372b3380f2dea3f05ac/screenshot - {}
RESULT: {}
RESULT: {}
COMMAND: POST /session/d4f675b322105372b3380f2dea3f05ac/element/f.73BB2000E1F4E36FD864906F51978B2B.d.E76AD538880B960D5948F331854E9FC1.e.14316/value - {"text":"30743"}
COMMAND: GET /session/d4f675b322105372b3380f2dea3f05ac/screenshot - {}
RESULT: {}
RESULT: {"text":"30743"}
COMMAND: GET /session/d4f675b322105372b3380f2dea3f05ac/screenshot - {}
RESULT: {}
RESULT: {}
COMMAND: POST /session/d4f675b322105372b3380f2dea3f05ac/actions - {"actions":[{"id":"action46","type":"key","parameters":{},"actions":[{"type":"keyDown","value":""},{"type":"pause","duration":10},{"type":"keyUp","value":""}]}]}
RESULT: {"actions":[{"id":"action46","type":"key","parameters":{},"actions":[{"type":"keyDown","value":""},{"type":"pause","duration":10},{"type":"keyUp","value":""}]}]}
COMMAND: GET /session/d4f675b322105372b3380f2dea3f05ac/screenshot - {}
RESULT: {}
COMMAND: POST /session/d4f675b322105372b3380f2dea3f05ac/element - {"using":"xpath","value":"//span[contains(@id, \"smartTable-header-inner\")]"}
RESULT: {"using":"xpath","value":"//span[contains(@id, \"smartTable-header-inner\")]"}
COMMAND: POST /session/d4f675b322105372b3380f2dea3f05ac/elements - {"using":"xpath","value":"//span[contains(@id, \"smartTable-header-inner\")]"}
RESULT: {"using":"xpath","value":"//span[contains(@id, \"smartTable-header-inner\")]"}
COMMAND: POST /session/d4f675b322105372b3380f2dea3f05ac/execute/sync - {"script":"<script> [56 bytes]","args":[{"element-6066-11e4-a52e-4f735466cecf":"f.73BB2000E1F4E36FD864906F51978B2B.d.E76AD538880B960D5948F331854E9FC1.e.14857","ELEMENT":"f.73BB2000E1F4E36FD864906F51978B2B.d.E76AD538880B960D5948F331854E9FC1.e.14857"}]}
RESULT: {"script":"<script> [56 bytes]","args":[{"element-6066-11e4-a52e-4f735466cecf":"f.73BB2000E1F4E36FD864906F51978B2B.d.E76AD538880B960D5948F331854E9FC1.e.14857","ELEMENT":"f.73BB2000E1F4E36FD864906F51978B2B.d.E76AD538880B960D5948F331854E9FC1.e.14857"}]}
COMMAND: POST /session/d4f675b322105372b3380f2dea3f05ac/elements - {"using":"xpath","value":"//thead[contains(@class, \"sapMTableTH\")]/tr/th"}
COMMAND: GET /session/d4f675b322105372b3380f2dea3f05ac/screenshot - {}
RESULT: {"using":"xpath","value":"//thead[contains(@class, \"sapMTableTH\")]/tr/th"}
COMMAND: GET /session/d4f675b322105372b3380f2dea3f05ac/element/f.73BB2000E1F4E36FD864906F51978B2B.d.E76AD538880B960D5948F331854E9FC1.e.14947/text - {}
RESULT: {}
RESULT: {}
COMMAND: GET /session/d4f675b322105372b3380f2dea3f05ac/element/f.73BB2000E1F4E36FD864906F51978B2B.d.E76AD538880B960D5948F331854E9FC1.e.14948/text - {}
RESULT: {}
COMMAND: GET /session/d4f675b322105372b3380f2dea3f05ac/element/f.73BB2000E1F4E36FD864906F51978B2B.d.E76AD538880B960D5948F331854E9FC1.e.14363/text - {}
RESULT: {}
COMMAND: GET /session/d4f675b322105372b3380f2dea3f05ac/element/f.73BB2000E1F4E36FD864906F51978B2B.d.E76AD538880B960D5948F331854E9FC1.e.14365/text - {}
RESULT: {}
COMMAND: GET /session/d4f675b322105372b3380f2dea3f05ac/element/f.73BB2000E1F4E36FD864906F51978B2B.d.E76AD538880B960D5948F331854E9FC1.e.14928/text - {}
RESULT: {}
COMMAND: GET /session/d4f675b322105372b3380f2dea3f05ac/element/f.73BB2000E1F4E36FD864906F51978B2B.d.E76AD538880B960D5948F331854E9FC1.e.14929/text - {}
RESULT: {}
COMMAND: GET /session/d4f675b322105372b3380f2dea3f05ac/element/f.73BB2000E1F4E36FD864906F51978B2B.d.E76AD538880B960D5948F331854E9FC1.e.14930/text - {}
RESULT: {}
COMMAND: GET /session/d4f675b322105372b3380f2dea3f05ac/element/f.73BB2000E1F4E36FD864906F51978B2B.d.E76AD538880B960D5948F331854E9FC1.e.14931/text - {}
RESULT: {}
COMMAND: GET /session/d4f675b322105372b3380f2dea3f05ac/element/f.73BB2000E1F4E36FD864906F51978B2B.d.E76AD538880B960D5948F331854E9FC1.e.14932/text - {}
RESULT: {}
COMMAND: GET /session/d4f675b322105372b3380f2dea3f05ac/element/f.73BB2000E1F4E36FD864906F51978B2B.d.E76AD538880B960D5948F331854E9FC1.e.14933/text - {}
RESULT: {}
COMMAND: GET /session/d4f675b322105372b3380f2dea3f05ac/element/f.73BB2000E1F4E36FD864906F51978B2B.d.E76AD538880B960D5948F331854E9FC1.e.14934/text - {}
RESULT: {}
COMMAND: GET /session/d4f675b322105372b3380f2dea3f05ac/element/f.73BB2000E1F4E36FD864906F51978B2B.d.E76AD538880B960D5948F331854E9FC1.e.14935/text - {}
RESULT: {}
COMMAND: GET /session/d4f675b322105372b3380f2dea3f05ac/element/f.73BB2000E1F4E36FD864906F51978B2B.d.E76AD538880B960D5948F331854E9FC1.e.14936/text - {}
RESULT: {}
COMMAND: GET /session/d4f675b322105372b3380f2dea3f05ac/element/f.73BB2000E1F4E36FD864906F51978B2B.d.E76AD538880B960D5948F331854E9FC1.e.14366/text - {}
RESULT: {}
COMMAND: POST /session/d4f675b322105372b3380f2dea3f05ac/element - {"using":"xpath","value":"//tbody[contains(@id, \"customHandoversTable-tblBody\")]/tr[1]/td[14]/div/span"}
RESULT: {"using":"xpath","value":"//tbody[contains(@id, \"customHandoversTable-tblBody\")]/tr[1]/td[14]/div/span"}
COMMAND: POST /session/d4f675b322105372b3380f2dea3f05ac/execute/sync - {"script":"<script> [56 bytes]","args":[{"element-6066-11e4-a52e-4f735466cecf":"f.73BB2000E1F4E36FD864906F51978B2B.d.E76AD538880B960D5948F331854E9FC1.e.14997","ELEMENT":"f.73BB2000E1F4E36FD864906F51978B2B.d.E76AD538880B960D5948F331854E9FC1.e.14997"}]}
RESULT: {"script":"<script> [56 bytes]","args":[{"element-6066-11e4-a52e-4f735466cecf":"f.73BB2000E1F4E36FD864906F51978B2B.d.E76AD538880B960D5948F331854E9FC1.e.14997","ELEMENT":"f.73BB2000E1F4E36FD864906F51978B2B.d.E76AD538880B960D5948F331854E9FC1.e.14997"}]}
COMMAND: GET /session/d4f675b322105372b3380f2dea3f05ac/screenshot - {}
COMMAND: GET /session/d4f675b322105372b3380f2dea3f05ac/screenshot - {}
RESULT: {}
]]></system-out>
      <system-err><![CDATA[
Error: expect(received).toEqual(expected) // deep equality

Expected: "provide (issued)"
Received: "provide (received)"
    at Context.<anonymous> (D:\a\1\s\test\specs\HTR\provide-to-site-wo-warehouse-w-clarification.spec.js:269:30)
]]></system-err>
    </testcase>
    <testcase classname="chrome.136_0_7103_93.windows.Provide_to_Site_w/o_warehouse_management_w_clarification" name="Should Test for Handover Execution" time="12.873">
      <system-out><![CDATA[
COMMAND: POST /session/d4f675b322105372b3380f2dea3f05ac/element - {"using":"xpath","value":"(//span[contains(@id, \"imgNav\")])[1]"}
COMMAND: GET /session/d4f675b322105372b3380f2dea3f05ac/screenshot - {}
RESULT: {}
RESULT: {"using":"xpath","value":"(//span[contains(@id, \"imgNav\")])[1]"}
COMMAND: POST /session/d4f675b322105372b3380f2dea3f05ac/element/f.73BB2000E1F4E36FD864906F51978B2B.d.E76AD538880B960D5948F331854E9FC1.e.14998/click - {}
RESULT: {}
RESULT: {}
COMMAND: GET /session/d4f675b322105372b3380f2dea3f05ac/screenshot - {}
RESULT: {}
COMMAND: POST /session/d4f675b322105372b3380f2dea3f05ac/element - {"using":"css selector","value":"#shell-header-logo"}
RESULT: {"using":"css selector","value":"#shell-header-logo"}
COMMAND: POST /session/d4f675b322105372b3380f2dea3f05ac/element/f.73BB2000E1F4E36FD864906F51978B2B.d.E76AD538880B960D5948F331854E9FC1.e.13619/click - {}
RESULT: {}
COMMAND: GET /session/d4f675b322105372b3380f2dea3f05ac/screenshot - {}
RESULT: {}
]]></system-out>
    </testcase>
    <testcase classname="chrome.136_0_7103_93.windows.Provide_to_Site_w/o_warehouse_management_w_clarification" name="Should test for Clarification" time="0.004">
      <system-out><![CDATA[
COMMAND: POST /session/d4f675b322105372b3380f2dea3f05ac/element - {"using":"css selector","value":"#j_username"}
COMMAND: POST /session/d4f675b322105372b3380f2dea3f05ac/url - {"url":"https://qa-testing-00-live-etm-ui.cfapps.eu10-004.hana.ondemand.com/"}
COMMAND: GET /session/d4f675b322105372b3380f2dea3f05ac/screenshot - {}
RESULT: {"using":"css selector","value":"#j_username"}
COMMAND: POST /session/d4f675b322105372b3380f2dea3f05ac/element - {"using":"css selector","value":"#j_username"}
RESULT: {"url":"https://qa-testing-00-live-etm-ui.cfapps.eu10-004.hana.ondemand.com/"}
RESULT: undefined
COMMAND: GET /session/d4f675b322105372b3380f2dea3f05ac/screenshot - {}
RESULT: {}
RESULT: {"using":"css selector","value":"#j_username"}
COMMAND: POST /session/d4f675b322105372b3380f2dea3f05ac/element - {"using":"css selector","value":"#shell-header-logo"}
RESULT: {}
RESULT: {"using":"css selector","value":"#shell-header-logo"}
COMMAND: POST /session/d4f675b322105372b3380f2dea3f05ac/execute/sync - {"script":"<script> [8489 bytes]","args":[{"element-6066-11e4-a52e-4f735466cecf":"f.73BB2000E1F4E36FD864906F51978B2B.d.3523352B804DA4C17F27BEBC6251240E.e.15056","ELEMENT":"f.73BB2000E1F4E36FD864906F51978B2B.d.3523352B804DA4C17F27BEBC6251240E.e.15056"}]}
RESULT: {"script":"<script> [8489 bytes]","args":[{"element-6066-11e4-a52e-4f735466cecf":"f.73BB2000E1F4E36FD864906F51978B2B.d.3523352B804DA4C17F27BEBC6251240E.e.15056","ELEMENT":"f.73BB2000E1F4E36FD864906F51978B2B.d.3523352B804DA4C17F27BEBC6251240E.e.15056"}]}
COMMAND: POST /session/d4f675b322105372b3380f2dea3f05ac/element - {"using":"css selector","value":"#shell-header-logo"}
COMMAND: GET /session/d4f675b322105372b3380f2dea3f05ac/screenshot - {}
RESULT: {"using":"css selector","value":"#shell-header-logo"}
COMMAND: POST /session/d4f675b322105372b3380f2dea3f05ac/execute/sync - {"script":"<script> [8489 bytes]","args":[{"element-6066-11e4-a52e-4f735466cecf":"f.73BB2000E1F4E36FD864906F51978B2B.d.3523352B804DA4C17F27BEBC6251240E.e.15056","ELEMENT":"f.73BB2000E1F4E36FD864906F51978B2B.d.3523352B804DA4C17F27BEBC6251240E.e.15056"}]}
RESULT: {}
RESULT: {"script":"<script> [8489 bytes]","args":[{"element-6066-11e4-a52e-4f735466cecf":"f.73BB2000E1F4E36FD864906F51978B2B.d.3523352B804DA4C17F27BEBC6251240E.e.15056","ELEMENT":"f.73BB2000E1F4E36FD864906F51978B2B.d.3523352B804DA4C17F27BEBC6251240E.e.15056"}]}
COMMAND: POST /session/d4f675b322105372b3380f2dea3f05ac/execute/sync - {"script":"<script> [5351 bytes]","args":[{"element-6066-11e4-a52e-4f735466cecf":"f.73BB2000E1F4E36FD864906F51978B2B.d.3523352B804DA4C17F27BEBC6251240E.e.15056","ELEMENT":"f.73BB2000E1F4E36FD864906F51978B2B.d.3523352B804DA4C17F27BEBC6251240E.e.15056"}]}
COMMAND: GET /session/d4f675b322105372b3380f2dea3f05ac/screenshot - {}
RESULT: {"script":"<script> [5351 bytes]","args":[{"element-6066-11e4-a52e-4f735466cecf":"f.73BB2000E1F4E36FD864906F51978B2B.d.3523352B804DA4C17F27BEBC6251240E.e.15056","ELEMENT":"f.73BB2000E1F4E36FD864906F51978B2B.d.3523352B804DA4C17F27BEBC6251240E.e.15056"}]}
COMMAND: POST /session/d4f675b322105372b3380f2dea3f05ac/element - {"using":"css selector","value":"#shell-header-logo"}
COMMAND: GET /session/d4f675b322105372b3380f2dea3f05ac/screenshot - {}
RESULT: {}
RESULT: {"using":"css selector","value":"#shell-header-logo"}
COMMAND: POST /session/d4f675b322105372b3380f2dea3f05ac/element/f.73BB2000E1F4E36FD864906F51978B2B.d.3523352B804DA4C17F27BEBC6251240E.e.15056/click - {}
RESULT: {}
RESULT: {}
COMMAND: GET /session/d4f675b322105372b3380f2dea3f05ac/screenshot - {}
RESULT: {}
COMMAND: POST /session/d4f675b322105372b3380f2dea3f05ac/execute/async - {"script":"<script> [189 bytes]","args":[]}
RESULT: {"script":"<script> [189 bytes]","args":[]}
COMMAND: POST /session/d4f675b322105372b3380f2dea3f05ac/execute/async - {"script":"<script> [123 bytes]","args":[]}
RESULT: {"script":"<script> [123 bytes]","args":[]}
COMMAND: POST /session/d4f675b322105372b3380f2dea3f05ac/timeouts - {"script":"<number>"}
RESULT: {"script":"<number>"}
COMMAND: GET /session/d4f675b322105372b3380f2dea3f05ac/timeouts - {}
RESULT: {}
RESULT: undefined
COMMAND: POST /session/d4f675b322105372b3380f2dea3f05ac/execute/async - {"script":"<script> [2676 bytes]","args":[]}
RESULT: {"script":"<script> [2676 bytes]","args":[]}
COMMAND: POST /session/d4f675b322105372b3380f2dea3f05ac/execute/async - {"script":"<script> [2342 bytes]","args":[{"protocol":"http","hostname":"0.0.0.0","path":"/","capabilities":{"browserName":"chrome","goog:chromeOptions":{"binary":"C:\\Program Files\\Google\\Chrome\\Application\\chrome.exe","args":["--start-maximized"]}},"logLevel":"warn","connectionRetryTimeout":120000,"connectionRetryCount":3,"logLevels":{},"enableDirectConnect":true,"strictSSL":true,"_":"65 more keys: [\"cacheDir\",\"port\",\"requestedCapabilities\",\"automationProtocol\",\"baseUrl\",\"waitforInterval\",\"waitforTimeout\",\"onReload\",\"beforeCommand\",\"afterCommand\",\"rootDir\",\"specs\",\"suites\",\"exclude\",\"groupLogsByTestSpec\",\"excludeDriverLogs\",\"bail\",\"framework\",\"reporters\",\"services\",\"maxInstances\",\"maxInstancesPerCapability\",\"injectGlobals\",\"filesToWatch\",\"execArgv\",\"runnerEnv\",\"runner\",\"shard\",\"specFileRetries\",\"specFileRetriesDelay\",\"specFileRetriesDeferred\",\"reporterSyncInterval\",\"reporterSyncTimeout\",\"cucumberFeaturesWithLineNumbers\",\"autoCompileOpts\",\"mochaOpts\",\"jasmineOpts\",\"cucumberOpts\",\"onPrepare\",\"onWorkerStart\",\"onWorkerEnd\",\"before\",\"beforeSession\",\"beforeSuite\",\"beforeHook\",\"beforeTest\",\"afterTest\",\"afterHook\",\"afterSuite\",\"afterSession\",\"after\",\"onComplete\",\"beforeAssertion\",\"afterAssertion\",\"beforeFeature\",\"beforeScenario\",\"beforeStep\",\"afterStep\",\"afterScenario\",\"afterFeature\",\"_\",\"suite\",\"$0\",\"ignoredWorkerServices\",\"wdi5\"]"}]}
RESULT: {"script":"<script> [2342 bytes]","args":[{"protocol":"http","hostname":"0.0.0.0","path":"/","capabilities":{"browserName":"chrome","goog:chromeOptions":{"binary":"C:\\Program Files\\Google\\Chrome\\Application\\chrome.exe","args":["--start-maximized"]}},"logLevel":"warn","connectionRetryTimeout":120000,"connectionRetryCount":3,"logLevels":{},"enableDirectConnect":true,"strictSSL":true,"_":"65 more keys: [\"cacheDir\",\"port\",\"requestedCapabilities\",\"automationProtocol\",\"baseUrl\",\"waitforInterval\",\"waitforTimeout\",\"onReload\",\"beforeCommand\",\"afterCommand\",\"rootDir\",\"specs\",\"suites\",\"exclude\",\"groupLogsByTestSpec\",\"excludeDriverLogs\",\"bail\",\"framework\",\"reporters\",\"services\",\"maxInstances\",\"maxInstancesPerCapability\",\"injectGlobals\",\"filesToWatch\",\"execArgv\",\"runnerEnv\",\"runner\",\"shard\",\"specFileRetries\",\"specFileRetriesDelay\",\"specFileRetriesDeferred\",\"reporterSyncInterval\",\"reporterSyncTimeout\",\"cucumberFeaturesWithLineNumbers\",\"autoCompileOpts\",\"mochaOpts\",\"jasmineOpts\",\"cucumberOpts\",\"onPrepare\",\"onWorkerStart\",\"onWorkerEnd\",\"before\",\"beforeSession\",\"beforeSuite\",\"beforeHook\",\"beforeTest\",\"afterTest\",\"afterHook\",\"afterSuite\",\"afterSession\",\"after\",\"onComplete\",\"beforeAssertion\",\"afterAssertion\",\"beforeFeature\",\"beforeScenario\",\"beforeStep\",\"afterStep\",\"afterScenario\",\"afterFeature\",\"_\",\"suite\",\"$0\",\"ignoredWorkerServices\",\"wdi5\"]"}]}
COMMAND: POST /session/d4f675b322105372b3380f2dea3f05ac/execute/async - {"script":"<script> [21126 bytes]","args":[35000]}
RESULT: {"script":"<script> [21126 bytes]","args":[35000]}
COMMAND: POST /session/d4f675b322105372b3380f2dea3f05ac/window/maximize - {}
RESULT: {}
COMMAND: POST /session/d4f675b322105372b3380f2dea3f05ac/execute/async - {"script":"<script> [1562 bytes]","args":[{"selector":{"id":"shell-header","interaction":{"idSuffix":"icon"}},"wdio_ui5_key":"shellheader"}]}
COMMAND: GET /session/d4f675b322105372b3380f2dea3f05ac/screenshot - {}
RESULT: {"script":"<script> [1562 bytes]","args":[{"selector":{"id":"shell-header","interaction":{"idSuffix":"icon"}},"wdio_ui5_key":"shellheader"}]}
RESULT: undefined
COMMAND: POST /session/d4f675b322105372b3380f2dea3f05ac/window/fullscreen - {}
RESULT: {}
RESULT: {}
]]></system-out>
    </testcase>
  </testsuite>
  <testsuite timestamp="2025-05-28T17:02:11" time="137.862" tests="4" failures="0" errors="0" skipped="0">
    <properties>
      <property name="specId" value="0"/>
      <property name="suiteName" value="Provide to Site w/o warehouse management w/o clarification US116612"/>
      <property name="capabilities" value="chrome.136_0_7103_93.windows"/>
      <property name="file" value="file:///D:/a/1/s/test/specs/HTR/provide-to-site-wo-warehouse-wo-clarification.spec.js"/>
    </properties>
    <testcase classname="chrome.136_0_7103_93.windows.Provide_to_Site_w/o_warehouse_management_w/o_clarification_US116612" name="Should create a new yard" time="0.026">
      <system-out><![CDATA[
COMMAND: POST /session/d4f675b322105372b3380f2dea3f05ac/window/fullscreen - {}
RESULT: {}
]]></system-out>
    </testcase>
    <testcase classname="chrome.136_0_7103_93.windows.Provide_to_Site_w/o_warehouse_management_w/o_clarification_US116612" name="Should create a new external partner" time="0.003"/>
    <testcase classname="chrome.136_0_7103_93.windows.Provide_to_Site_w/o_warehouse_management_w/o_clarification_US116612" name="Should create a new site" time="0.003"/>
    <testcase classname="chrome.136_0_7103_93.windows.Provide_to_Site_w/o_warehouse_management_w/o_clarification_US116612" name="Should create a new material" time="125.703">
      <system-out><![CDATA[
COMMAND: POST /session/d4f675b322105372b3380f2dea3f05ac/execute/async - {"script":"<script> [1562 bytes]","args":[{"selector":{"controlType":"sap.m.GenericTile","properties":{"header":"Manage Resources"}},"wdio_ui5_key":"sapm.GenericTile{\"header\":\"Manage Resources\"}"}]}
RESULT: {"script":"<script> [1562 bytes]","args":[{"selector":{"controlType":"sap.m.GenericTile","properties":{"header":"Manage Resources"}},"wdio_ui5_key":"sapm.GenericTile{\"header\":\"Manage Resources\"}"}]}
RESULT: undefined
COMMAND: POST /session/d4f675b322105372b3380f2dea3f05ac/element - {"using":"xpath","value":"//*[@id=\"__tile31\"]"}
RESULT: {"using":"xpath","value":"//*[@id=\"__tile31\"]"}
COMMAND: POST /session/d4f675b322105372b3380f2dea3f05ac/element/f.73BB2000E1F4E36FD864906F51978B2B.d.3523352B804DA4C17F27BEBC6251240E.e.15077/click - {}
RESULT: {}
COMMAND: GET /session/d4f675b322105372b3380f2dea3f05ac/screenshot - {}
RESULT: {}
COMMAND: POST /session/d4f675b322105372b3380f2dea3f05ac/elements - {"using":"xpath","value":"//span[text()='Error']"}
RESULT: {"using":"xpath","value":"//span[text()='Error']"}
COMMAND: POST /session/d4f675b322105372b3380f2dea3f05ac/element - {"using":"xpath","value":"//button[@data-kt=\"addNewRUOverflowToolbarButton\"]"}
RESULT: {"using":"xpath","value":"//button[@data-kt=\"addNewRUOverflowToolbarButton\"]"}
COMMAND: POST /session/d4f675b322105372b3380f2dea3f05ac/elements - {"using":"xpath","value":"//button[@data-kt=\"addNewRUOverflowToolbarButton\"]"}
RESULT: {"using":"xpath","value":"//button[@data-kt=\"addNewRUOverflowToolbarButton\"]"}
COMMAND: POST /session/d4f675b322105372b3380f2dea3f05ac/execute/sync - {"script":"<script> [8489 bytes]","args":[{"element-6066-11e4-a52e-4f735466cecf":"f.73BB2000E1F4E36FD864906F51978B2B.d.3523352B804DA4C17F27BEBC6251240E.e.15205","ELEMENT":"f.73BB2000E1F4E36FD864906F51978B2B.d.3523352B804DA4C17F27BEBC6251240E.e.15205"}]}
RESULT: {"script":"<script> [8489 bytes]","args":[{"element-6066-11e4-a52e-4f735466cecf":"f.73BB2000E1F4E36FD864906F51978B2B.d.3523352B804DA4C17F27BEBC6251240E.e.15205","ELEMENT":"f.73BB2000E1F4E36FD864906F51978B2B.d.3523352B804DA4C17F27BEBC6251240E.e.15205"}]}
COMMAND: GET /session/d4f675b322105372b3380f2dea3f05ac/element/f.73BB2000E1F4E36FD864906F51978B2B.d.3523352B804DA4C17F27BEBC6251240E.e.15205/enabled - {}
COMMAND: GET /session/d4f675b322105372b3380f2dea3f05ac/screenshot - {}
RESULT: {}
COMMAND: POST /session/d4f675b322105372b3380f2dea3f05ac/execute/sync - {"script":"<script> [8489 bytes]","args":[{"element-6066-11e4-a52e-4f735466cecf":"f.73BB2000E1F4E36FD864906F51978B2B.d.3523352B804DA4C17F27BEBC6251240E.e.15205","ELEMENT":"f.73BB2000E1F4E36FD864906F51978B2B.d.3523352B804DA4C17F27BEBC6251240E.e.15205"}]}
COMMAND: GET /session/d4f675b322105372b3380f2dea3f05ac/screenshot - {}
RESULT: {}
RESULT: {"script":"<script> [8489 bytes]","args":[{"element-6066-11e4-a52e-4f735466cecf":"f.73BB2000E1F4E36FD864906F51978B2B.d.3523352B804DA4C17F27BEBC6251240E.e.15205","ELEMENT":"f.73BB2000E1F4E36FD864906F51978B2B.d.3523352B804DA4C17F27BEBC6251240E.e.15205"}]}
COMMAND: POST /session/d4f675b322105372b3380f2dea3f05ac/execute/sync - {"script":"<script> [5351 bytes]","args":[{"element-6066-11e4-a52e-4f735466cecf":"f.73BB2000E1F4E36FD864906F51978B2B.d.3523352B804DA4C17F27BEBC6251240E.e.15205","ELEMENT":"f.73BB2000E1F4E36FD864906F51978B2B.d.3523352B804DA4C17F27BEBC6251240E.e.15205"}]}
COMMAND: GET /session/d4f675b322105372b3380f2dea3f05ac/screenshot - {}
RESULT: {}
RESULT: {"script":"<script> [5351 bytes]","args":[{"element-6066-11e4-a52e-4f735466cecf":"f.73BB2000E1F4E36FD864906F51978B2B.d.3523352B804DA4C17F27BEBC6251240E.e.15205","ELEMENT":"f.73BB2000E1F4E36FD864906F51978B2B.d.3523352B804DA4C17F27BEBC6251240E.e.15205"}]}
COMMAND: POST /session/d4f675b322105372b3380f2dea3f05ac/element/f.73BB2000E1F4E36FD864906F51978B2B.d.3523352B804DA4C17F27BEBC6251240E.e.15205/click - {}
COMMAND: GET /session/d4f675b322105372b3380f2dea3f05ac/screenshot - {}
RESULT: {}
RESULT: {}
COMMAND: GET /session/d4f675b322105372b3380f2dea3f05ac/screenshot - {}
COMMAND: POST /session/d4f675b322105372b3380f2dea3f05ac/execute/async - {"script":"<script> [1562 bytes]","args":[{"selector":{"id":"application-manageresources-display-component---newResourceUnit--TYPE-arrow"},"wdio_ui5_key":"applicationmanageresources-display-component---newResourceUnit--TYPE-arrow"}]}
RESULT: {}
RESULT: {}
RESULT: {"script":"<script> [1562 bytes]","args":[{"selector":{"id":"application-manageresources-display-component---newResourceUnit--TYPE-arrow"},"wdio_ui5_key":"applicationmanageresources-display-component---newResourceUnit--TYPE-arrow"}]}
RESULT: undefined
COMMAND: POST /session/d4f675b322105372b3380f2dea3f05ac/element - {"using":"xpath","value":"//*[@id=\"application-manageresources-display-component---newResourceUnit--TYPE-arrow\"]"}
RESULT: {"using":"xpath","value":"//*[@id=\"application-manageresources-display-component---newResourceUnit--TYPE-arrow\"]"}
COMMAND: POST /session/d4f675b322105372b3380f2dea3f05ac/element/f.73BB2000E1F4E36FD864906F51978B2B.d.3523352B804DA4C17F27BEBC6251240E.e.15574/click - {}
RESULT: {}
COMMAND: POST /session/d4f675b322105372b3380f2dea3f05ac/element - {"using":"xpath","value":"//input[@id=\"application-manageresources-display-component---newResourceUnit--TYPE-inner\"]"}
COMMAND: GET /session/d4f675b322105372b3380f2dea3f05ac/screenshot - {}
RESULT: {"using":"xpath","value":"//input[@id=\"application-manageresources-display-component---newResourceUnit--TYPE-inner\"]"}
COMMAND: POST /session/d4f675b322105372b3380f2dea3f05ac/element/f.73BB2000E1F4E36FD864906F51978B2B.d.3523352B804DA4C17F27BEBC6251240E.e.15556/clear - {}
RESULT: {}
RESULT: {}
COMMAND: POST /session/d4f675b322105372b3380f2dea3f05ac/element/f.73BB2000E1F4E36FD864906F51978B2B.d.3523352B804DA4C17F27BEBC6251240E.e.15556/value - {"text":"Material"}
COMMAND: GET /session/d4f675b322105372b3380f2dea3f05ac/screenshot - {}
RESULT: {"text":"Material"}
COMMAND: GET /session/d4f675b322105372b3380f2dea3f05ac/screenshot - {}
RESULT: {}
RESULT: {}
COMMAND: POST /session/d4f675b322105372b3380f2dea3f05ac/actions - {"actions":[{"id":"action47","type":"key","parameters":{},"actions":[{"type":"keyDown","value":""},{"type":"pause","duration":10},{"type":"keyUp","value":""}]}]}
RESULT: {"actions":[{"id":"action47","type":"key","parameters":{},"actions":[{"type":"keyDown","value":""},{"type":"pause","duration":10},{"type":"keyUp","value":""}]}]}
COMMAND: POST /session/d4f675b322105372b3380f2dea3f05ac/execute/async - {"script":"<script> [1562 bytes]","args":[{"selector":{"id":"application-manageresources-display-component---newResourceUnit--SHORT_TEXT","interaction":{"idSuffix":"inner"}},"wdio_ui5_key":"applicationmanageresources-display-component---newResourceUnit--SHORT_TEXT"}]}
COMMAND: GET /session/d4f675b322105372b3380f2dea3f05ac/screenshot - {}
RESULT: {"script":"<script> [1562 bytes]","args":[{"selector":{"id":"application-manageresources-display-component---newResourceUnit--SHORT_TEXT","interaction":{"idSuffix":"inner"}},"wdio_ui5_key":"applicationmanageresources-display-component---newResourceUnit--SHORT_TEXT"}]}
RESULT: undefined
COMMAND: POST /session/d4f675b322105372b3380f2dea3f05ac/execute/async - {"script":"<script> [776 bytes]","args":[{"enterText":"Cement WDIO","selector":{"id":"application-manageresources-display-component---newResourceUnit--SHORT_TEXT","interaction":{"idSuffix":"inner"}},"clearTextFirst":true,"interactionType":"ENTER_TEXT"}]}
RESULT: {}
RESULT: {"script":"<script> [776 bytes]","args":[{"enterText":"Cement WDIO","selector":{"id":"application-manageresources-display-component---newResourceUnit--SHORT_TEXT","interaction":{"idSuffix":"inner"}},"clearTextFirst":true,"interactionType":"ENTER_TEXT"}]}
COMMAND: POST /session/d4f675b322105372b3380f2dea3f05ac/execute/async - {"script":"<script> [1562 bytes]","args":[{"selector":{"id":"application-manageresources-display-component---newResourceUnit--BASE_UNIT_OF_MEASURE","interaction":{"idSuffix":"inner"}},"wdio_ui5_key":"applicationmanageresources-display-component---newResourceUnit--BASE_UNIT_OF_MEASURE"}]}
RESULT: {"script":"<script> [1562 bytes]","args":[{"selector":{"id":"application-manageresources-display-component---newResourceUnit--BASE_UNIT_OF_MEASURE","interaction":{"idSuffix":"inner"}},"wdio_ui5_key":"applicationmanageresources-display-component---newResourceUnit--BASE_UNIT_OF_MEASURE"}]}
RESULT: undefined
COMMAND: POST /session/d4f675b322105372b3380f2dea3f05ac/execute/async - {"script":"<script> [776 bytes]","args":[{"enterText":"Piece","selector":{"id":"application-manageresources-display-component---newResourceUnit--BASE_UNIT_OF_MEASURE","interaction":{"idSuffix":"inner"}},"clearTextFirst":true,"interactionType":"ENTER_TEXT"}]}
RESULT: {"script":"<script> [776 bytes]","args":[{"enterText":"Piece","selector":{"id":"application-manageresources-display-component---newResourceUnit--BASE_UNIT_OF_MEASURE","interaction":{"idSuffix":"inner"}},"clearTextFirst":true,"interactionType":"ENTER_TEXT"}]}
COMMAND: POST /session/d4f675b322105372b3380f2dea3f05ac/execute/async - {"script":"<script> [1562 bytes]","args":[{"selector":{"id":"application-manageresources-display-component---newResourceUnit--WEIGHT_UNIT","interaction":{"idSuffix":"inner"}},"wdio_ui5_key":"applicationmanageresources-display-component---newResourceUnit--WEIGHT_UNIT"}]}
RESULT: {"script":"<script> [1562 bytes]","args":[{"selector":{"id":"application-manageresources-display-component---newResourceUnit--WEIGHT_UNIT","interaction":{"idSuffix":"inner"}},"wdio_ui5_key":"applicationmanageresources-display-component---newResourceUnit--WEIGHT_UNIT"}]}
RESULT: undefined
COMMAND: POST /session/d4f675b322105372b3380f2dea3f05ac/execute/async - {"script":"<script> [776 bytes]","args":[{"enterText":"Gram","selector":{"id":"application-manageresources-display-component---newResourceUnit--WEIGHT_UNIT","interaction":{"idSuffix":"inner"}},"clearTextFirst":true,"interactionType":"ENTER_TEXT"}]}
RESULT: {"script":"<script> [776 bytes]","args":[{"enterText":"Gram","selector":{"id":"application-manageresources-display-component---newResourceUnit--WEIGHT_UNIT","interaction":{"idSuffix":"inner"}},"clearTextFirst":true,"interactionType":"ENTER_TEXT"}]}
COMMAND: POST /session/d4f675b322105372b3380f2dea3f05ac/execute/async - {"script":"<script> [1562 bytes]","args":[{"selector":{"id":"application-manageresources-display-component---newResourceUnit--DIMENSION_UNIT","interaction":{"idSuffix":"inner"}},"wdio_ui5_key":"applicationmanageresources-display-component---newResourceUnit--DIMENSION_UNIT"}]}
RESULT: {"script":"<script> [1562 bytes]","args":[{"selector":{"id":"application-manageresources-display-component---newResourceUnit--DIMENSION_UNIT","interaction":{"idSuffix":"inner"}},"wdio_ui5_key":"applicationmanageresources-display-component---newResourceUnit--DIMENSION_UNIT"}]}
RESULT: undefined
COMMAND: POST /session/d4f675b322105372b3380f2dea3f05ac/execute/async - {"script":"<script> [776 bytes]","args":[{"enterText":"Meter","selector":{"id":"application-manageresources-display-component---newResourceUnit--DIMENSION_UNIT","interaction":{"idSuffix":"inner"}},"clearTextFirst":true,"interactionType":"ENTER_TEXT"}]}
RESULT: {"script":"<script> [776 bytes]","args":[{"enterText":"Meter","selector":{"id":"application-manageresources-display-component---newResourceUnit--DIMENSION_UNIT","interaction":{"idSuffix":"inner"}},"clearTextFirst":true,"interactionType":"ENTER_TEXT"}]}
COMMAND: POST /session/d4f675b322105372b3380f2dea3f05ac/execute/async - {"script":"<script> [1562 bytes]","args":[{"selector":{"id":"application-manageresources-display-component---newResourceUnit--newRRUPage-anchBar-application-manageresources-display-component---newResourceUnit--control-anchor","interaction":{"idSuffix":"BDI-content"}},"wdio_ui5_key":"applicationmanageresources-display-component---newResourceUnit--newRRUPage-anchBar-application-manageresources-display-component---newResourceUnit--control-anchor"}]}
RESULT: {"script":"<script> [1562 bytes]","args":[{"selector":{"id":"application-manageresources-display-component---newResourceUnit--newRRUPage-anchBar-application-manageresources-display-component---newResourceUnit--control-anchor","interaction":{"idSuffix":"BDI-content"}},"wdio_ui5_key":"applicationmanageresources-display-component---newResourceUnit--newRRUPage-anchBar-application-manageresources-display-component---newResourceUnit--control-anchor"}]}
RESULT: undefined
COMMAND: POST /session/d4f675b322105372b3380f2dea3f05ac/element - {"using":"xpath","value":"//*[@id=\"application-manageresources-display-component---newResourceUnit--newRRUPage-anchBar-application-manageresources-display-component---newResourceUnit--control-anchor\"]"}
RESULT: {"using":"xpath","value":"//*[@id=\"application-manageresources-display-component---newResourceUnit--newRRUPage-anchBar-application-manageresources-display-component---newResourceUnit--control-anchor\"]"}
COMMAND: POST /session/d4f675b322105372b3380f2dea3f05ac/element/f.73BB2000E1F4E36FD864906F51978B2B.d.3523352B804DA4C17F27BEBC6251240E.e.15706/click - {}
RESULT: {}
COMMAND: POST /session/d4f675b322105372b3380f2dea3f05ac/execute/async - {"script":"<script> [1562 bytes]","args":[{"selector":{"id":"application-manageresources-display-component---newResourceUnit--PLANNING_GROUP","interaction":{"idSuffix":"inner"}},"wdio_ui5_key":"applicationmanageresources-display-component---newResourceUnit--PLANNING_GROUP"}]}
COMMAND: GET /session/d4f675b322105372b3380f2dea3f05ac/screenshot - {}
RESULT: {"script":"<script> [1562 bytes]","args":[{"selector":{"id":"application-manageresources-display-component---newResourceUnit--PLANNING_GROUP","interaction":{"idSuffix":"inner"}},"wdio_ui5_key":"applicationmanageresources-display-component---newResourceUnit--PLANNING_GROUP"}]}
RESULT: undefined
COMMAND: POST /session/d4f675b322105372b3380f2dea3f05ac/execute/async - {"script":"<script> [776 bytes]","args":[{"enterText":"Material","selector":{"id":"application-manageresources-display-component---newResourceUnit--PLANNING_GROUP","interaction":{"idSuffix":"inner"}},"clearTextFirst":true,"interactionType":"ENTER_TEXT"}]}
RESULT: {}
RESULT: {"script":"<script> [776 bytes]","args":[{"enterText":"Material","selector":{"id":"application-manageresources-display-component---newResourceUnit--PLANNING_GROUP","interaction":{"idSuffix":"inner"}},"clearTextFirst":true,"interactionType":"ENTER_TEXT"}]}
COMMAND: POST /session/d4f675b322105372b3380f2dea3f05ac/execute/async - {"script":"<script> [1562 bytes]","args":[{"selector":{"id":"application-manageresources-display-component---newResourceUnit--PLANNING_INDICATOR","interaction":{"idSuffix":"inner"}},"wdio_ui5_key":"applicationmanageresources-display-component---newResourceUnit--PLANNING_INDICATOR"}]}
RESULT: {"script":"<script> [1562 bytes]","args":[{"selector":{"id":"application-manageresources-display-component---newResourceUnit--PLANNING_INDICATOR","interaction":{"idSuffix":"inner"}},"wdio_ui5_key":"applicationmanageresources-display-component---newResourceUnit--PLANNING_INDICATOR"}]}
RESULT: undefined
COMMAND: POST /session/d4f675b322105372b3380f2dea3f05ac/execute/async - {"script":"<script> [776 bytes]","args":[{"enterText":"10 - infinite","selector":{"id":"application-manageresources-display-component---newResourceUnit--PLANNING_INDICATOR","interaction":{"idSuffix":"inner"}},"clearTextFirst":true,"interactionType":"ENTER_TEXT"}]}
RESULT: {"script":"<script> [776 bytes]","args":[{"enterText":"10 - infinite","selector":{"id":"application-manageresources-display-component---newResourceUnit--PLANNING_INDICATOR","interaction":{"idSuffix":"inner"}},"clearTextFirst":true,"interactionType":"ENTER_TEXT"}]}
COMMAND: POST /session/d4f675b322105372b3380f2dea3f05ac/element - {"using":"css selector","value":"#application-manageresources-display-component---newResourceUnit--btnAddTimeSegment"}
RESULT: {"using":"css selector","value":"#application-manageresources-display-component---newResourceUnit--btnAddTimeSegment"}
COMMAND: GET /session/d4f675b322105372b3380f2dea3f05ac/element/f.73BB2000E1F4E36FD864906F51978B2B.d.3523352B804DA4C17F27BEBC6251240E.e.15714/rect - {}
RESULT: {}
COMMAND: GET /session/d4f675b322105372b3380f2dea3f05ac/window/rect - {}
RESULT: {}
COMMAND: POST /session/d4f675b322105372b3380f2dea3f05ac/execute/sync - {"script":"<script> [92 bytes]","args":[]}
RESULT: {"script":"<script> [92 bytes]","args":[]}
COMMAND: POST /session/d4f675b322105372b3380f2dea3f05ac/actions - {"actions":[{"id":"action48","type":"wheel","parameters":{},"actions":[{"type":"scroll","x":-1888,"y":-32,"deltaX":0,"deltaY":0,"duration":0,"origin":{"element-6066-11e4-a52e-4f735466cecf":"f.73BB2000E1F4E36FD864906F51978B2B.d.3523352B804DA4C17F27BEBC6251240E.e.15714"}}]}]}
COMMAND: GET /session/d4f675b322105372b3380f2dea3f05ac/screenshot - {}
RESULT: {}
COMMAND: POST /session/d4f675b322105372b3380f2dea3f05ac/execute/sync - {"script":"<script> [79 bytes]","args":[{"element-6066-11e4-a52e-4f735466cecf":"f.73BB2000E1F4E36FD864906F51978B2B.d.3523352B804DA4C17F27BEBC6251240E.e.15714","ELEMENT":"f.73BB2000E1F4E36FD864906F51978B2B.d.3523352B804DA4C17F27BEBC6251240E.e.15714"},{"block":"start","inline":"nearest"}]}
RESULT: {"script":"<script> [79 bytes]","args":[{"element-6066-11e4-a52e-4f735466cecf":"f.73BB2000E1F4E36FD864906F51978B2B.d.3523352B804DA4C17F27BEBC6251240E.e.15714","ELEMENT":"f.73BB2000E1F4E36FD864906F51978B2B.d.3523352B804DA4C17F27BEBC6251240E.e.15714"},{"block":"start","inline":"nearest"}]}
COMMAND: POST /session/d4f675b322105372b3380f2dea3f05ac/execute/async - {"script":"<script> [1562 bytes]","args":[{"selector":{"id":"application-manageresources-display-component---newResourceUnit--btnAddTimeSegment","interaction":{"idSuffix":"inner"}},"wdio_ui5_key":"applicationmanageresources-display-component---newResourceUnit--btnAddTimeSegment"}]}
COMMAND: GET /session/d4f675b322105372b3380f2dea3f05ac/screenshot - {}
RESULT: {"script":"<script> [1562 bytes]","args":[{"selector":{"id":"application-manageresources-display-component---newResourceUnit--btnAddTimeSegment","interaction":{"idSuffix":"inner"}},"wdio_ui5_key":"applicationmanageresources-display-component---newResourceUnit--btnAddTimeSegment"}]}
RESULT: undefined
COMMAND: POST /session/d4f675b322105372b3380f2dea3f05ac/element - {"using":"xpath","value":"//*[@id=\"application-manageresources-display-component---newResourceUnit--btnAddTimeSegment\"]"}
RESULT: {}
RESULT: {"using":"xpath","value":"//*[@id=\"application-manageresources-display-component---newResourceUnit--btnAddTimeSegment\"]"}
COMMAND: POST /session/d4f675b322105372b3380f2dea3f05ac/element/f.73BB2000E1F4E36FD864906F51978B2B.d.3523352B804DA4C17F27BEBC6251240E.e.15714/click - {}
RESULT: {}
COMMAND: GET /session/d4f675b322105372b3380f2dea3f05ac/screenshot - {}
RESULT: {}
COMMAND: POST /session/d4f675b322105372b3380f2dea3f05ac/element - {"using":"xpath","value":"//input[@id=\"application-manageresources-display-component---newResourceUnit--idRuTSAdmin-application-manageresources-display-component---newResourceUnit--RUTimeSegment-0-inner\"]"}
RESULT: {"using":"xpath","value":"//input[@id=\"application-manageresources-display-component---newResourceUnit--idRuTSAdmin-application-manageresources-display-component---newResourceUnit--RUTimeSegment-0-inner\"]"}
COMMAND: POST /session/d4f675b322105372b3380f2dea3f05ac/element/f.73BB2000E1F4E36FD864906F51978B2B.d.3523352B804DA4C17F27BEBC6251240E.e.15719/clear - {}
RESULT: {}
COMMAND: POST /session/d4f675b322105372b3380f2dea3f05ac/element/f.73BB2000E1F4E36FD864906F51978B2B.d.3523352B804DA4C17F27BEBC6251240E.e.15719/value - {"text":"427"}
COMMAND: GET /session/d4f675b322105372b3380f2dea3f05ac/screenshot - {}
RESULT: {"text":"427"}
COMMAND: GET /session/d4f675b322105372b3380f2dea3f05ac/screenshot - {}
RESULT: {}
RESULT: {}
COMMAND: POST /session/d4f675b322105372b3380f2dea3f05ac/element - {"using":"xpath","value":"//li[.//span[text()='427']]"}
RESULT: {"using":"xpath","value":"//li[.//span[text()='427']]"}
COMMAND: POST /session/d4f675b322105372b3380f2dea3f05ac/element/f.73BB2000E1F4E36FD864906F51978B2B.d.3523352B804DA4C17F27BEBC6251240E.e.15728/click - {}
RESULT: {}
COMMAND: GET /session/d4f675b322105372b3380f2dea3f05ac/screenshot - {}
RESULT: {}
COMMAND: POST /session/d4f675b322105372b3380f2dea3f05ac/element - {"using":"xpath","value":"(//span[contains(@id, \"-application-manageresources-display-component---newResourceUnit--RUTimeSegment-0-arrow\")])[2]"}
RESULT: {"using":"xpath","value":"(//span[contains(@id, \"-application-manageresources-display-component---newResourceUnit--RUTimeSegment-0-arrow\")])[2]"}
COMMAND: POST /session/d4f675b322105372b3380f2dea3f05ac/element/f.73BB2000E1F4E36FD864906F51978B2B.d.3523352B804DA4C17F27BEBC6251240E.e.15729/click - {}
RESULT: {}
COMMAND: POST /session/d4f675b322105372b3380f2dea3f05ac/element - {"using":"xpath","value":"//span[contains(text(), \"PM Order\")]"}
COMMAND: GET /session/d4f675b322105372b3380f2dea3f05ac/screenshot - {}
RESULT: {"using":"xpath","value":"//span[contains(text(), \"PM Order\")]"}
COMMAND: POST /session/d4f675b322105372b3380f2dea3f05ac/element/f.73BB2000E1F4E36FD864906F51978B2B.d.3523352B804DA4C17F27BEBC6251240E.e.15730/click - {}
RESULT: {}
RESULT: {}
COMMAND: GET /session/d4f675b322105372b3380f2dea3f05ac/screenshot - {}
RESULT: {}
COMMAND: POST /session/d4f675b322105372b3380f2dea3f05ac/element - {"using":"xpath","value":"//td/div/div/div/span[contains(@id, \"newResourceUnit--RUTimeSegment-0-vhi\")][1]"}
RESULT: {"using":"xpath","value":"//td/div/div/div/span[contains(@id, \"newResourceUnit--RUTimeSegment-0-vhi\")][1]"}
COMMAND: GET /session/d4f675b322105372b3380f2dea3f05ac/element/f.73BB2000E1F4E36FD864906F51978B2B.d.3523352B804DA4C17F27BEBC6251240E.e.15734/rect - {}
RESULT: {}
COMMAND: GET /session/d4f675b322105372b3380f2dea3f05ac/window/rect - {}
RESULT: {}
COMMAND: POST /session/d4f675b322105372b3380f2dea3f05ac/execute/sync - {"script":"<script> [92 bytes]","args":[]}
RESULT: {"script":"<script> [92 bytes]","args":[]}
COMMAND: POST /session/d4f675b322105372b3380f2dea3f05ac/actions - {"actions":[{"id":"action49","type":"wheel","parameters":{},"actions":[{"type":"scroll","x":-1888,"y":-24,"deltaX":0,"deltaY":0,"duration":0,"origin":{"element-6066-11e4-a52e-4f735466cecf":"f.73BB2000E1F4E36FD864906F51978B2B.d.3523352B804DA4C17F27BEBC6251240E.e.15734"}}]}]}
COMMAND: GET /session/d4f675b322105372b3380f2dea3f05ac/screenshot - {}
RESULT: {}
COMMAND: POST /session/d4f675b322105372b3380f2dea3f05ac/execute/sync - {"script":"<script> [79 bytes]","args":[{"element-6066-11e4-a52e-4f735466cecf":"f.73BB2000E1F4E36FD864906F51978B2B.d.3523352B804DA4C17F27BEBC6251240E.e.15734","ELEMENT":"f.73BB2000E1F4E36FD864906F51978B2B.d.3523352B804DA4C17F27BEBC6251240E.e.15734"},{"block":"start","inline":"nearest"}]}
RESULT: {"script":"<script> [79 bytes]","args":[{"element-6066-11e4-a52e-4f735466cecf":"f.73BB2000E1F4E36FD864906F51978B2B.d.3523352B804DA4C17F27BEBC6251240E.e.15734","ELEMENT":"f.73BB2000E1F4E36FD864906F51978B2B.d.3523352B804DA4C17F27BEBC6251240E.e.15734"},{"block":"start","inline":"nearest"}]}
COMMAND: GET /session/d4f675b322105372b3380f2dea3f05ac/screenshot - {}
RESULT: {}
COMMAND: POST /session/d4f675b322105372b3380f2dea3f05ac/element/f.73BB2000E1F4E36FD864906F51978B2B.d.3523352B804DA4C17F27BEBC6251240E.e.15734/click - {}
RESULT: {}
COMMAND: GET /session/d4f675b322105372b3380f2dea3f05ac/screenshot - {}
RESULT: {}
COMMAND: POST /session/d4f675b322105372b3380f2dea3f05ac/execute/async - {"script":"<script> [1562 bytes]","args":[{"selector":{"controlType":"sap.m.SearchField","properties":{"placeholder":"Search"},"searchOpenDialogs":true,"interaction":{"idSuffix":"I"}},"wdio_ui5_key":"sapm.SearchField{\"placeholder\":\"Search\"}"}]}
RESULT: {"script":"<script> [1562 bytes]","args":[{"selector":{"controlType":"sap.m.SearchField","properties":{"placeholder":"Search"},"searchOpenDialogs":true,"interaction":{"idSuffix":"I"}},"wdio_ui5_key":"sapm.SearchField{\"placeholder\":\"Search\"}"}]}
RESULT: undefined
COMMAND: POST /session/d4f675b322105372b3380f2dea3f05ac/execute/async - {"script":"<script> [776 bytes]","args":[{"enterText":"4000360","selector":{"controlType":"sap.m.SearchField","properties":{"placeholder":"Search"},"searchOpenDialogs":true,"interaction":{"idSuffix":"I"}},"clearTextFirst":true,"interactionType":"ENTER_TEXT"}]}
RESULT: {"script":"<script> [776 bytes]","args":[{"enterText":"4000360","selector":{"controlType":"sap.m.SearchField","properties":{"placeholder":"Search"},"searchOpenDialogs":true,"interaction":{"idSuffix":"I"}},"clearTextFirst":true,"interactionType":"ENTER_TEXT"}]}
COMMAND: POST /session/d4f675b322105372b3380f2dea3f05ac/actions - {"actions":[{"id":"action50","type":"key","parameters":{},"actions":[{"type":"keyDown","value":""},{"type":"pause","duration":10},{"type":"keyUp","value":""}]}]}
RESULT: {"actions":[{"id":"action50","type":"key","parameters":{},"actions":[{"type":"keyDown","value":""},{"type":"pause","duration":10},{"type":"keyUp","value":""}]}]}
COMMAND: GET /session/d4f675b322105372b3380f2dea3f05ac/screenshot - {}
RESULT: {}
COMMAND: POST /session/d4f675b322105372b3380f2dea3f05ac/element - {"using":"xpath","value":"//td/div/span[contains(text(), \"BGL Vehicles\")]"}
RESULT: {"using":"xpath","value":"//td/div/span[contains(text(), \"BGL Vehicles\")]"}
COMMAND: POST /session/d4f675b322105372b3380f2dea3f05ac/element/f.73BB2000E1F4E36FD864906F51978B2B.d.3523352B804DA4C17F27BEBC6251240E.e.15756/click - {}
RESULT: {}
COMMAND: GET /session/d4f675b322105372b3380f2dea3f05ac/screenshot - {}
RESULT: {}
COMMAND: POST /session/d4f675b322105372b3380f2dea3f05ac/element - {"using":"xpath","value":"//bdi[contains(text(), \"OK\")]"}
RESULT: {"using":"xpath","value":"//bdi[contains(text(), \"OK\")]"}
COMMAND: POST /session/d4f675b322105372b3380f2dea3f05ac/element/f.73BB2000E1F4E36FD864906F51978B2B.d.3523352B804DA4C17F27BEBC6251240E.e.15757/click - {}
RESULT: {}
COMMAND: GET /session/d4f675b322105372b3380f2dea3f05ac/screenshot - {}
RESULT: {}
COMMAND: POST /session/d4f675b322105372b3380f2dea3f05ac/element - {"using":"xpath","value":"//label[contains(@class, 'sapMLabelRequired') and .//bdi[contains(text(), 'Planned Retirement')]]"}
RESULT: {"using":"xpath","value":"//label[contains(@class, 'sapMLabelRequired') and .//bdi[contains(text(), 'Planned Retirement')]]"}
COMMAND: POST /session/d4f675b322105372b3380f2dea3f05ac/elements - {"using":"xpath","value":"//label[contains(@class, 'sapMLabelRequired') and .//bdi[contains(text(), 'Planned Retirement')]]"}
RESULT: {"using":"xpath","value":"//label[contains(@class, 'sapMLabelRequired') and .//bdi[contains(text(), 'Planned Retirement')]]"}
COMMAND: POST /session/d4f675b322105372b3380f2dea3f05ac/element - {"using":"xpath","value":"//button[@data-kt=\"resourceUnitSaveButton\"]"}
RESULT: {"using":"xpath","value":"//button[@data-kt=\"resourceUnitSaveButton\"]"}
COMMAND: POST /session/d4f675b322105372b3380f2dea3f05ac/element/f.73BB2000E1F4E36FD864906F51978B2B.d.3523352B804DA4C17F27BEBC6251240E.e.15593/click - {}
RESULT: {}
COMMAND: GET /session/d4f675b322105372b3380f2dea3f05ac/screenshot - {}
RESULT: {}
COMMAND: POST /session/d4f675b322105372b3380f2dea3f05ac/element - {"using":"xpath","value":"//bdi[contains(text(), \"Close\")]"}
RESULT: {"using":"xpath","value":"//bdi[contains(text(), \"Close\")]"}
COMMAND: POST /session/d4f675b322105372b3380f2dea3f05ac/element/f.73BB2000E1F4E36FD864906F51978B2B.d.3523352B804DA4C17F27BEBC6251240E.e.15763/click - {}
RESULT: {}
COMMAND: GET /session/d4f675b322105372b3380f2dea3f05ac/screenshot - {}
RESULT: {}
COMMAND: POST /session/d4f675b322105372b3380f2dea3f05ac/element - {"using":"xpath","value":"//header[contains(@id, 'detailRruPage-headerTitle')]/div[1]/div[2]/div[2]/span[1]"}
RESULT: {"using":"xpath","value":"//header[contains(@id, 'detailRruPage-headerTitle')]/div[1]/div[2]/div[2]/span[1]"}
COMMAND: POST /session/d4f675b322105372b3380f2dea3f05ac/elements - {"using":"xpath","value":"//header[contains(@id, 'detailRruPage-headerTitle')]/div[1]/div[2]/div[2]/span[1]"}
RESULT: {"using":"xpath","value":"//header[contains(@id, 'detailRruPage-headerTitle')]/div[1]/div[2]/div[2]/span[1]"}
COMMAND: POST /session/d4f675b322105372b3380f2dea3f05ac/execute/sync - {"script":"<script> [56 bytes]","args":[{"element-6066-11e4-a52e-4f735466cecf":"f.73BB2000E1F4E36FD864906F51978B2B.d.3523352B804DA4C17F27BEBC6251240E.e.15793","ELEMENT":"f.73BB2000E1F4E36FD864906F51978B2B.d.3523352B804DA4C17F27BEBC6251240E.e.15793"}]}
RESULT: {"script":"<script> [56 bytes]","args":[{"element-6066-11e4-a52e-4f735466cecf":"f.73BB2000E1F4E36FD864906F51978B2B.d.3523352B804DA4C17F27BEBC6251240E.e.15793","ELEMENT":"f.73BB2000E1F4E36FD864906F51978B2B.d.3523352B804DA4C17F27BEBC6251240E.e.15793"}]}
COMMAND: POST /session/d4f675b322105372b3380f2dea3f05ac/element - {"using":"css selector","value":"#shell-header-logo"}
COMMAND: GET /session/d4f675b322105372b3380f2dea3f05ac/screenshot - {}
RESULT: {"using":"css selector","value":"#shell-header-logo"}
COMMAND: POST /session/d4f675b322105372b3380f2dea3f05ac/element/f.73BB2000E1F4E36FD864906F51978B2B.d.3523352B804DA4C17F27BEBC6251240E.e.15056/click - {}
RESULT: {}
RESULT: {}
COMMAND: GET /session/d4f675b322105372b3380f2dea3f05ac/screenshot - {}
RESULT: {}
]]></system-out>
    </testcase>
  </testsuite>
  <testsuite timestamp="2025-05-28T17:04:29" time="352.805" tests="6" failures="0" errors="0" skipped="0">
    <properties>
      <property name="specId" value="0"/>
      <property name="suiteName" value="Provide to Site w/o warehouse management w/o clarification"/>
      <property name="capabilities" value="chrome.136_0_7103_93.windows"/>
      <property name="file" value="file:///D:/a/1/s/test/specs/HTR/provide-to-site-wo-warehouse-wo-clarification.spec.js"/>
    </properties>
    <testcase classname="chrome.136_0_7103_93.windows.Provide_to_Site_w/o_warehouse_management_w/o_clarification" name="Should do a stock increase handover" time="89.021">
      <system-out><![CDATA[
COMMAND: POST /session/d4f675b322105372b3380f2dea3f05ac/execute/async - {"script":"<script> [1562 bytes]","args":[{"selector":{"controlType":"sap.m.GenericTile","properties":{"header":"Manage Handovers"}},"wdio_ui5_key":"sapm.GenericTile{\"header\":\"Manage Handovers\"}"}]}
RESULT: {"script":"<script> [1562 bytes]","args":[{"selector":{"controlType":"sap.m.GenericTile","properties":{"header":"Manage Handovers"}},"wdio_ui5_key":"sapm.GenericTile{\"header\":\"Manage Handovers\"}"}]}
RESULT: undefined
COMMAND: POST /session/d4f675b322105372b3380f2dea3f05ac/element - {"using":"xpath","value":"//*[@id=\"__tile131\"]"}
RESULT: {"using":"xpath","value":"//*[@id=\"__tile131\"]"}
COMMAND: POST /session/d4f675b322105372b3380f2dea3f05ac/element/f.73BB2000E1F4E36FD864906F51978B2B.d.3523352B804DA4C17F27BEBC6251240E.e.15104/click - {}
RESULT: {}
COMMAND: GET /session/d4f675b322105372b3380f2dea3f05ac/screenshot - {}
RESULT: {}
COMMAND: POST /session/d4f675b322105372b3380f2dea3f05ac/elements - {"using":"xpath","value":"//span[text()='Error']"}
RESULT: {"using":"xpath","value":"//span[text()='Error']"}
COMMAND: POST /session/d4f675b322105372b3380f2dea3f05ac/element - {"using":"xpath","value":"//button[@data-kt=\"masterHOAddButton\"]"}
RESULT: {"using":"xpath","value":"//button[@data-kt=\"masterHOAddButton\"]"}
COMMAND: POST /session/d4f675b322105372b3380f2dea3f05ac/elements - {"using":"xpath","value":"//button[@data-kt=\"masterHOAddButton\"]"}
RESULT: {"using":"xpath","value":"//button[@data-kt=\"masterHOAddButton\"]"}
COMMAND: POST /session/d4f675b322105372b3380f2dea3f05ac/elements - {"using":"xpath","value":"//button[@data-kt=\"masterHOAddButton\"]"}
RESULT: {"using":"xpath","value":"//button[@data-kt=\"masterHOAddButton\"]"}
COMMAND: POST /session/d4f675b322105372b3380f2dea3f05ac/element - {"using":"xpath","value":"//button[@data-kt=\"masterHOAddButton\"]"}
RESULT: {"using":"xpath","value":"//button[@data-kt=\"masterHOAddButton\"]"}
COMMAND: POST /session/d4f675b322105372b3380f2dea3f05ac/execute/sync - {"script":"<script> [8489 bytes]","args":[{"element-6066-11e4-a52e-4f735466cecf":"f.73BB2000E1F4E36FD864906F51978B2B.d.3523352B804DA4C17F27BEBC6251240E.e.15821","ELEMENT":"f.73BB2000E1F4E36FD864906F51978B2B.d.3523352B804DA4C17F27BEBC6251240E.e.15821"}]}
RESULT: {"script":"<script> [8489 bytes]","args":[{"element-6066-11e4-a52e-4f735466cecf":"f.73BB2000E1F4E36FD864906F51978B2B.d.3523352B804DA4C17F27BEBC6251240E.e.15821","ELEMENT":"f.73BB2000E1F4E36FD864906F51978B2B.d.3523352B804DA4C17F27BEBC6251240E.e.15821"}]}
COMMAND: GET /session/d4f675b322105372b3380f2dea3f05ac/element/f.73BB2000E1F4E36FD864906F51978B2B.d.3523352B804DA4C17F27BEBC6251240E.e.15821/enabled - {}
COMMAND: GET /session/d4f675b322105372b3380f2dea3f05ac/screenshot - {}
RESULT: {}
COMMAND: POST /session/d4f675b322105372b3380f2dea3f05ac/execute/sync - {"script":"<script> [8489 bytes]","args":[{"element-6066-11e4-a52e-4f735466cecf":"f.73BB2000E1F4E36FD864906F51978B2B.d.3523352B804DA4C17F27BEBC6251240E.e.15821","ELEMENT":"f.73BB2000E1F4E36FD864906F51978B2B.d.3523352B804DA4C17F27BEBC6251240E.e.15821"}]}
COMMAND: GET /session/d4f675b322105372b3380f2dea3f05ac/screenshot - {}
RESULT: {}
RESULT: {"script":"<script> [8489 bytes]","args":[{"element-6066-11e4-a52e-4f735466cecf":"f.73BB2000E1F4E36FD864906F51978B2B.d.3523352B804DA4C17F27BEBC6251240E.e.15821","ELEMENT":"f.73BB2000E1F4E36FD864906F51978B2B.d.3523352B804DA4C17F27BEBC6251240E.e.15821"}]}
COMMAND: POST /session/d4f675b322105372b3380f2dea3f05ac/execute/sync - {"script":"<script> [5351 bytes]","args":[{"element-6066-11e4-a52e-4f735466cecf":"f.73BB2000E1F4E36FD864906F51978B2B.d.3523352B804DA4C17F27BEBC6251240E.e.15821","ELEMENT":"f.73BB2000E1F4E36FD864906F51978B2B.d.3523352B804DA4C17F27BEBC6251240E.e.15821"}]}
COMMAND: GET /session/d4f675b322105372b3380f2dea3f05ac/screenshot - {}
RESULT: {}
RESULT: {"script":"<script> [5351 bytes]","args":[{"element-6066-11e4-a52e-4f735466cecf":"f.73BB2000E1F4E36FD864906F51978B2B.d.3523352B804DA4C17F27BEBC6251240E.e.15821","ELEMENT":"f.73BB2000E1F4E36FD864906F51978B2B.d.3523352B804DA4C17F27BEBC6251240E.e.15821"}]}
COMMAND: POST /session/d4f675b322105372b3380f2dea3f05ac/element/f.73BB2000E1F4E36FD864906F51978B2B.d.3523352B804DA4C17F27BEBC6251240E.e.15821/click - {}
COMMAND: GET /session/d4f675b322105372b3380f2dea3f05ac/screenshot - {}
RESULT: {}
RESULT: {}
COMMAND: GET /session/d4f675b322105372b3380f2dea3f05ac/screenshot - {}
RESULT: {}
RESULT: {}
COMMAND: POST /session/d4f675b322105372b3380f2dea3f05ac/element - {"using":"xpath","value":"//span[contains(@id ,\"AddNewHO--typeSelect-arrow\")]"}
RESULT: {"using":"xpath","value":"//span[contains(@id ,\"AddNewHO--typeSelect-arrow\")]"}
COMMAND: POST /session/d4f675b322105372b3380f2dea3f05ac/element/f.73BB2000E1F4E36FD864906F51978B2B.d.3523352B804DA4C17F27BEBC6251240E.e.16171/click - {}
RESULT: {}
COMMAND: GET /session/d4f675b322105372b3380f2dea3f05ac/screenshot - {}
RESULT: {}
COMMAND: POST /session/d4f675b322105372b3380f2dea3f05ac/element - {"using":"xpath","value":"(//li[contains(text(), \"stock increase yard\")])[1]"}
RESULT: {"using":"xpath","value":"(//li[contains(text(), \"stock increase yard\")])[1]"}
COMMAND: POST /session/d4f675b322105372b3380f2dea3f05ac/element/f.73BB2000E1F4E36FD864906F51978B2B.d.3523352B804DA4C17F27BEBC6251240E.e.16172/click - {}
RESULT: {}
COMMAND: GET /session/d4f675b322105372b3380f2dea3f05ac/screenshot - {}
RESULT: {}
COMMAND: POST /session/d4f675b322105372b3380f2dea3f05ac/execute/async - {"script":"<script> [1562 bytes]","args":[{"selector":{"id":"application-managehandovers-display-component---AddNewHO--dueDate","interaction":{"idSuffix":"inner"}},"wdio_ui5_key":"applicationmanagehandovers-display-component---AddNewHO--dueDate"}]}
RESULT: {"script":"<script> [1562 bytes]","args":[{"selector":{"id":"application-managehandovers-display-component---AddNewHO--dueDate","interaction":{"idSuffix":"inner"}},"wdio_ui5_key":"applicationmanagehandovers-display-component---AddNewHO--dueDate"}]}
RESULT: undefined
COMMAND: POST /session/d4f675b322105372b3380f2dea3f05ac/execute/async - {"script":"<script> [6424 bytes]","args":[{"element-6066-11e4-a52e-4f735466cecf":"f.73BB2000E1F4E36FD864906F51978B2B.d.3523352B804DA4C17F27BEBC6251240E.e.16174"},"setValue",["5/28/25"]]}
RESULT: {"script":"<script> [6424 bytes]","args":[{"element-6066-11e4-a52e-4f735466cecf":"f.73BB2000E1F4E36FD864906F51978B2B.d.3523352B804DA4C17F27BEBC6251240E.e.16174"},"setValue",["5/28/25"]]}
COMMAND: POST /session/d4f675b322105372b3380f2dea3f05ac/element - {"using":"xpath","value":"//input[@id=\"generalSectionFrg--receiveYard-inner\"]"}
RESULT: {"using":"xpath","value":"//input[@id=\"generalSectionFrg--receiveYard-inner\"]"}
COMMAND: POST /session/d4f675b322105372b3380f2dea3f05ac/element/f.73BB2000E1F4E36FD864906F51978B2B.d.3523352B804DA4C17F27BEBC6251240E.e.16180/clear - {}
RESULT: {}
COMMAND: POST /session/d4f675b322105372b3380f2dea3f05ac/element/f.73BB2000E1F4E36FD864906F51978B2B.d.3523352B804DA4C17F27BEBC6251240E.e.16180/value - {"text":"427"}
COMMAND: GET /session/d4f675b322105372b3380f2dea3f05ac/screenshot - {}
RESULT: {"text":"427"}
COMMAND: GET /session/d4f675b322105372b3380f2dea3f05ac/screenshot - {}
RESULT: {}
RESULT: {}
COMMAND: POST /session/d4f675b322105372b3380f2dea3f05ac/element - {"using":"xpath","value":"//li[.//span[text()='427']]"}
RESULT: {"using":"xpath","value":"//li[.//span[text()='427']]"}
COMMAND: POST /session/d4f675b322105372b3380f2dea3f05ac/element/f.73BB2000E1F4E36FD864906F51978B2B.d.3523352B804DA4C17F27BEBC6251240E.e.16196/click - {}
RESULT: {}
COMMAND: GET /session/d4f675b322105372b3380f2dea3f05ac/screenshot - {}
RESULT: {}
COMMAND: POST /session/d4f675b322105372b3380f2dea3f05ac/execute/async - {"script":"<script> [1562 bytes]","args":[{"selector":{"id":"application-managehandovers-display-component---AddNewHO--ObjectPageLayout-anchBar-application-managehandovers-display-component---AddNewHO--section4-anchor","interaction":{"idSuffix":"BDI-content"}},"wdio_ui5_key":"applicationmanagehandovers-display-component---AddNewHO--ObjectPageLayout-anchBar-application-managehandovers-display-component---AddNewHO--section4-anchor"}]}
RESULT: {"script":"<script> [1562 bytes]","args":[{"selector":{"id":"application-managehandovers-display-component---AddNewHO--ObjectPageLayout-anchBar-application-managehandovers-display-component---AddNewHO--section4-anchor","interaction":{"idSuffix":"BDI-content"}},"wdio_ui5_key":"applicationmanagehandovers-display-component---AddNewHO--ObjectPageLayout-anchBar-application-managehandovers-display-component---AddNewHO--section4-anchor"}]}
RESULT: undefined
COMMAND: POST /session/d4f675b322105372b3380f2dea3f05ac/element - {"using":"xpath","value":"//*[@id=\"application-managehandovers-display-component---AddNewHO--ObjectPageLayout-anchBar-application-managehandovers-display-component---AddNewHO--section4-anchor\"]"}
RESULT: {"using":"xpath","value":"//*[@id=\"application-managehandovers-display-component---AddNewHO--ObjectPageLayout-anchBar-application-managehandovers-display-component---AddNewHO--section4-anchor\"]"}
COMMAND: POST /session/d4f675b322105372b3380f2dea3f05ac/element/f.73BB2000E1F4E36FD864906F51978B2B.d.3523352B804DA4C17F27BEBC6251240E.e.16198/click - {}
RESULT: {}
COMMAND: POST /session/d4f675b322105372b3380f2dea3f05ac/element - {"using":"xpath","value":"//button[@aria-label=\"Add\"]"}
COMMAND: GET /session/d4f675b322105372b3380f2dea3f05ac/screenshot - {}
RESULT: {"using":"xpath","value":"//button[@aria-label=\"Add\"]"}
COMMAND: POST /session/d4f675b322105372b3380f2dea3f05ac/element/f.73BB2000E1F4E36FD864906F51978B2B.d.3523352B804DA4C17F27BEBC6251240E.e.16200/click - {}
RESULT: {}
RESULT: {}
COMMAND: GET /session/d4f675b322105372b3380f2dea3f05ac/screenshot - {}
RESULT: {}
COMMAND: POST /session/d4f675b322105372b3380f2dea3f05ac/execute/async - {"script":"<script> [1562 bytes]","args":[{"selector":{"id":"application-managehandovers-display-component---AddNewHO--smartFilterBar-btnBasicSearch","searchOpenDialogs":true,"interaction":{"idSuffix":"I"}},"wdio_ui5_key":"applicationmanagehandovers-display-component---AddNewHO--smartFilterBar-btnBasicSearch"}]}
RESULT: {"script":"<script> [1562 bytes]","args":[{"selector":{"id":"application-managehandovers-display-component---AddNewHO--smartFilterBar-btnBasicSearch","searchOpenDialogs":true,"interaction":{"idSuffix":"I"}},"wdio_ui5_key":"applicationmanagehandovers-display-component---AddNewHO--smartFilterBar-btnBasicSearch"}]}
RESULT: undefined
COMMAND: POST /session/d4f675b322105372b3380f2dea3f05ac/execute/async - {"script":"<script> [776 bytes]","args":[{"enterText":"200240","selector":{"id":"application-managehandovers-display-component---AddNewHO--smartFilterBar-btnBasicSearch","searchOpenDialogs":true,"interaction":{"idSuffix":"I"}},"clearTextFirst":true,"interactionType":"ENTER_TEXT"}]}
RESULT: {"script":"<script> [776 bytes]","args":[{"enterText":"200240","selector":{"id":"application-managehandovers-display-component---AddNewHO--smartFilterBar-btnBasicSearch","searchOpenDialogs":true,"interaction":{"idSuffix":"I"}},"clearTextFirst":true,"interactionType":"ENTER_TEXT"}]}
COMMAND: POST /session/d4f675b322105372b3380f2dea3f05ac/actions - {"actions":[{"id":"action51","type":"key","parameters":{},"actions":[{"type":"keyDown","value":""},{"type":"pause","duration":10},{"type":"keyUp","value":""}]}]}
RESULT: {"actions":[{"id":"action51","type":"key","parameters":{},"actions":[{"type":"keyDown","value":""},{"type":"pause","duration":10},{"type":"keyUp","value":""}]}]}
COMMAND: GET /session/d4f675b322105372b3380f2dea3f05ac/screenshot - {}
RESULT: {}
COMMAND: POST /session/d4f675b322105372b3380f2dea3f05ac/execute/async - {"script":"<script> [1562 bytes]","args":[{"selector":{"id":"application-managehandovers-display-component---AddNewHO--popup-sa","searchOpenDialogs":true,"interaction":{"idSuffix":"CbBg"}},"wdio_ui5_key":"applicationmanagehandovers-display-component---AddNewHO--popup-sa"}]}
RESULT: {"script":"<script> [1562 bytes]","args":[{"selector":{"id":"application-managehandovers-display-component---AddNewHO--popup-sa","searchOpenDialogs":true,"interaction":{"idSuffix":"CbBg"}},"wdio_ui5_key":"applicationmanagehandovers-display-component---AddNewHO--popup-sa"}]}
RESULT: undefined
COMMAND: POST /session/d4f675b322105372b3380f2dea3f05ac/element - {"using":"xpath","value":"//*[@id=\"application-managehandovers-display-component---AddNewHO--popup-sa\"]"}
RESULT: {"using":"xpath","value":"//*[@id=\"application-managehandovers-display-component---AddNewHO--popup-sa\"]"}
COMMAND: POST /session/d4f675b322105372b3380f2dea3f05ac/element/f.73BB2000E1F4E36FD864906F51978B2B.d.3523352B804DA4C17F27BEBC6251240E.e.16354/click - {}
RESULT: {}
COMMAND: GET /session/d4f675b322105372b3380f2dea3f05ac/screenshot - {}
RESULT: {}
COMMAND: POST /session/d4f675b322105372b3380f2dea3f05ac/element - {"using":"xpath","value":"//bdi[contains(text(), \"Select\")]"}
RESULT: {"using":"xpath","value":"//bdi[contains(text(), \"Select\")]"}
COMMAND: POST /session/d4f675b322105372b3380f2dea3f05ac/element/f.73BB2000E1F4E36FD864906F51978B2B.d.3523352B804DA4C17F27BEBC6251240E.e.16355/click - {}
RESULT: {}
COMMAND: GET /session/d4f675b322105372b3380f2dea3f05ac/screenshot - {}
RESULT: {}
COMMAND: POST /session/d4f675b322105372b3380f2dea3f05ac/element - {"using":"xpath","value":"//button[@data-kt=\"AddNewHOSaveButton\"]"}
RESULT: {"using":"xpath","value":"//button[@data-kt=\"AddNewHOSaveButton\"]"}
COMMAND: POST /session/d4f675b322105372b3380f2dea3f05ac/element/f.73BB2000E1F4E36FD864906F51978B2B.d.3523352B804DA4C17F27BEBC6251240E.e.16359/click - {}
RESULT: {}
COMMAND: GET /session/d4f675b322105372b3380f2dea3f05ac/screenshot - {}
COMMAND: POST /session/d4f675b322105372b3380f2dea3f05ac/execute/async - {"script":"<script> [1562 bytes]","args":[{"selector":{"id":"receiptDatePicker","viewName":"etm.portal.ui.managehandovers.view.DetailExecuteHO","interaction":{"idSuffix":"inner"}},"wdio_ui5_key":"receiptDatePickeretmportal.ui.managehandovers.view.DetailExecuteHO"}]}
RESULT: {}
RESULT: {"script":"<script> [1562 bytes]","args":[{"selector":{"id":"receiptDatePicker","viewName":"etm.portal.ui.managehandovers.view.DetailExecuteHO","interaction":{"idSuffix":"inner"}},"wdio_ui5_key":"receiptDatePickeretmportal.ui.managehandovers.view.DetailExecuteHO"}]}
RESULT: undefined
COMMAND: POST /session/d4f675b322105372b3380f2dea3f05ac/execute/async - {"script":"<script> [6424 bytes]","args":[{"element-6066-11e4-a52e-4f735466cecf":"f.73BB2000E1F4E36FD864906F51978B2B.d.3523352B804DA4C17F27BEBC6251240E.e.16389"},"setValue",["5/28/25"]]}
RESULT: {"script":"<script> [6424 bytes]","args":[{"element-6066-11e4-a52e-4f735466cecf":"f.73BB2000E1F4E36FD864906F51978B2B.d.3523352B804DA4C17F27BEBC6251240E.e.16389"},"setValue",["5/28/25"]]}
COMMAND: POST /session/d4f675b322105372b3380f2dea3f05ac/element - {"using":"xpath","value":"//button[@data-kt=\"ReceivingTableConfirmAllButton\"]"}
RESULT: {"using":"xpath","value":"//button[@data-kt=\"ReceivingTableConfirmAllButton\"]"}
COMMAND: POST /session/d4f675b322105372b3380f2dea3f05ac/element/f.73BB2000E1F4E36FD864906F51978B2B.d.3523352B804DA4C17F27BEBC6251240E.e.16403/click - {}
RESULT: {}
COMMAND: GET /session/d4f675b322105372b3380f2dea3f05ac/screenshot - {}
RESULT: {}
COMMAND: POST /session/d4f675b322105372b3380f2dea3f05ac/element - {"using":"xpath","value":"//bdi[contains(text(), \"OK\")]"}
RESULT: {"using":"xpath","value":"//bdi[contains(text(), \"OK\")]"}
COMMAND: POST /session/d4f675b322105372b3380f2dea3f05ac/element/f.73BB2000E1F4E36FD864906F51978B2B.d.3523352B804DA4C17F27BEBC6251240E.e.16405/click - {}
RESULT: {}
COMMAND: GET /session/d4f675b322105372b3380f2dea3f05ac/screenshot - {}
RESULT: {}
COMMAND: POST /session/d4f675b322105372b3380f2dea3f05ac/element - {"using":"xpath","value":"(//bdi[contains(text(), \"Receive\")])[2]"}
RESULT: {"using":"xpath","value":"(//bdi[contains(text(), \"Receive\")])[2]"}
COMMAND: POST /session/d4f675b322105372b3380f2dea3f05ac/element/f.73BB2000E1F4E36FD864906F51978B2B.d.3523352B804DA4C17F27BEBC6251240E.e.16407/click - {}
RESULT: {}
COMMAND: GET /session/d4f675b322105372b3380f2dea3f05ac/screenshot - {}
RESULT: {}
COMMAND: POST /session/d4f675b322105372b3380f2dea3f05ac/element - {"using":"css selector","value":"#shell-header-logo"}
RESULT: {"using":"css selector","value":"#shell-header-logo"}
COMMAND: POST /session/d4f675b322105372b3380f2dea3f05ac/element/f.73BB2000E1F4E36FD864906F51978B2B.d.3523352B804DA4C17F27BEBC6251240E.e.15796/click - {}
RESULT: {}
COMMAND: GET /session/d4f675b322105372b3380f2dea3f05ac/screenshot - {}
RESULT: {}
]]></system-out>
    </testcase>
    <testcase classname="chrome.136_0_7103_93.windows.Provide_to_Site_w/o_warehouse_management_w/o_clarification" name="Should create a new contract" time="61.346">
      <system-out><![CDATA[
COMMAND: POST /session/d4f675b322105372b3380f2dea3f05ac/execute/async - {"script":"<script> [1562 bytes]","args":[{"selector":{"controlType":"sap.m.GenericTile","properties":{"header":"Manage Contracts"}},"wdio_ui5_key":"sapm.GenericTile{\"header\":\"Manage Contracts\"}"}]}
RESULT: {"script":"<script> [1562 bytes]","args":[{"selector":{"controlType":"sap.m.GenericTile","properties":{"header":"Manage Contracts"}},"wdio_ui5_key":"sapm.GenericTile{\"header\":\"Manage Contracts\"}"}]}
RESULT: undefined
COMMAND: POST /session/d4f675b322105372b3380f2dea3f05ac/element - {"using":"xpath","value":"//*[@id=\"__tile132\"]"}
RESULT: {"using":"xpath","value":"//*[@id=\"__tile132\"]"}
COMMAND: POST /session/d4f675b322105372b3380f2dea3f05ac/element/f.73BB2000E1F4E36FD864906F51978B2B.d.3523352B804DA4C17F27BEBC6251240E.e.15093/click - {}
RESULT: {}
COMMAND: GET /session/d4f675b322105372b3380f2dea3f05ac/screenshot - {}
RESULT: {}
COMMAND: POST /session/d4f675b322105372b3380f2dea3f05ac/elements - {"using":"xpath","value":"//span[text()='Error']"}
RESULT: {"using":"xpath","value":"//span[text()='Error']"}
COMMAND: POST /session/d4f675b322105372b3380f2dea3f05ac/element - {"using":"xpath","value":"//button[@data-kt=\"addButton\"]"}
RESULT: {"using":"xpath","value":"//button[@data-kt=\"addButton\"]"}
COMMAND: POST /session/d4f675b322105372b3380f2dea3f05ac/elements - {"using":"xpath","value":"//button[@data-kt=\"addButton\"]"}
RESULT: {"using":"xpath","value":"//button[@data-kt=\"addButton\"]"}
COMMAND: POST /session/d4f675b322105372b3380f2dea3f05ac/execute/sync - {"script":"<script> [8489 bytes]","args":[{"element-6066-11e4-a52e-4f735466cecf":"f.73BB2000E1F4E36FD864906F51978B2B.d.3523352B804DA4C17F27BEBC6251240E.e.16738","ELEMENT":"f.73BB2000E1F4E36FD864906F51978B2B.d.3523352B804DA4C17F27BEBC6251240E.e.16738"}]}
RESULT: {"script":"<script> [8489 bytes]","args":[{"element-6066-11e4-a52e-4f735466cecf":"f.73BB2000E1F4E36FD864906F51978B2B.d.3523352B804DA4C17F27BEBC6251240E.e.16738","ELEMENT":"f.73BB2000E1F4E36FD864906F51978B2B.d.3523352B804DA4C17F27BEBC6251240E.e.16738"}]}
COMMAND: GET /session/d4f675b322105372b3380f2dea3f05ac/element/f.73BB2000E1F4E36FD864906F51978B2B.d.3523352B804DA4C17F27BEBC6251240E.e.16738/enabled - {}
COMMAND: GET /session/d4f675b322105372b3380f2dea3f05ac/screenshot - {}
RESULT: {}
COMMAND: POST /session/d4f675b322105372b3380f2dea3f05ac/execute/sync - {"script":"<script> [8489 bytes]","args":[{"element-6066-11e4-a52e-4f735466cecf":"f.73BB2000E1F4E36FD864906F51978B2B.d.3523352B804DA4C17F27BEBC6251240E.e.16738","ELEMENT":"f.73BB2000E1F4E36FD864906F51978B2B.d.3523352B804DA4C17F27BEBC6251240E.e.16738"}]}
COMMAND: GET /session/d4f675b322105372b3380f2dea3f05ac/screenshot - {}
RESULT: {}
RESULT: {"script":"<script> [8489 bytes]","args":[{"element-6066-11e4-a52e-4f735466cecf":"f.73BB2000E1F4E36FD864906F51978B2B.d.3523352B804DA4C17F27BEBC6251240E.e.16738","ELEMENT":"f.73BB2000E1F4E36FD864906F51978B2B.d.3523352B804DA4C17F27BEBC6251240E.e.16738"}]}
COMMAND: POST /session/d4f675b322105372b3380f2dea3f05ac/execute/sync - {"script":"<script> [5351 bytes]","args":[{"element-6066-11e4-a52e-4f735466cecf":"f.73BB2000E1F4E36FD864906F51978B2B.d.3523352B804DA4C17F27BEBC6251240E.e.16738","ELEMENT":"f.73BB2000E1F4E36FD864906F51978B2B.d.3523352B804DA4C17F27BEBC6251240E.e.16738"}]}
COMMAND: GET /session/d4f675b322105372b3380f2dea3f05ac/screenshot - {}
RESULT: {}
RESULT: {"script":"<script> [5351 bytes]","args":[{"element-6066-11e4-a52e-4f735466cecf":"f.73BB2000E1F4E36FD864906F51978B2B.d.3523352B804DA4C17F27BEBC6251240E.e.16738","ELEMENT":"f.73BB2000E1F4E36FD864906F51978B2B.d.3523352B804DA4C17F27BEBC6251240E.e.16738"}]}
COMMAND: GET /session/d4f675b322105372b3380f2dea3f05ac/screenshot - {}
RESULT: {}
RESULT: {}
COMMAND: POST /session/d4f675b322105372b3380f2dea3f05ac/element/f.73BB2000E1F4E36FD864906F51978B2B.d.3523352B804DA4C17F27BEBC6251240E.e.16738/click - {}
RESULT: {}
COMMAND: GET /session/d4f675b322105372b3380f2dea3f05ac/screenshot - {}
COMMAND: POST /session/d4f675b322105372b3380f2dea3f05ac/execute/async - {"script":"<script> [1562 bytes]","args":[{"selector":{"id":"application-managecontracts-display-component---AddNewContract--projectDescription","interaction":{"idSuffix":"inner"}},"wdio_ui5_key":"applicationmanagecontracts-display-component---AddNewContract--projectDescription"}]}
RESULT: {}
RESULT: {"script":"<script> [1562 bytes]","args":[{"selector":{"id":"application-managecontracts-display-component---AddNewContract--projectDescription","interaction":{"idSuffix":"inner"}},"wdio_ui5_key":"applicationmanagecontracts-display-component---AddNewContract--projectDescription"}]}
RESULT: undefined
COMMAND: POST /session/d4f675b322105372b3380f2dea3f05ac/execute/async - {"script":"<script> [776 bytes]","args":[{"enterText":"Contract WDIO","selector":{"id":"application-managecontracts-display-component---AddNewContract--projectDescription","interaction":{"idSuffix":"inner"}},"clearTextFirst":true,"interactionType":"ENTER_TEXT"}]}
RESULT: {"script":"<script> [776 bytes]","args":[{"enterText":"Contract WDIO","selector":{"id":"application-managecontracts-display-component---AddNewContract--projectDescription","interaction":{"idSuffix":"inner"}},"clearTextFirst":true,"interactionType":"ENTER_TEXT"}]}
COMMAND: POST /session/d4f675b322105372b3380f2dea3f05ac/element - {"using":"xpath","value":"//input[@id=\"application-managecontracts-display-component---AddNewContract--site-inner\"]"}
RESULT: {"using":"xpath","value":"//input[@id=\"application-managecontracts-display-component---AddNewContract--site-inner\"]"}
COMMAND: POST /session/d4f675b322105372b3380f2dea3f05ac/element/f.73BB2000E1F4E36FD864906F51978B2B.d.3523352B804DA4C17F27BEBC6251240E.e.17059/clear - {}
RESULT: {}
COMMAND: POST /session/d4f675b322105372b3380f2dea3f05ac/element/f.73BB2000E1F4E36FD864906F51978B2B.d.3523352B804DA4C17F27BEBC6251240E.e.17059/value - {"text":"2207"}
COMMAND: GET /session/d4f675b322105372b3380f2dea3f05ac/screenshot - {}
RESULT: {"text":"2207"}
COMMAND: GET /session/d4f675b322105372b3380f2dea3f05ac/screenshot - {}
RESULT: {}
RESULT: {}
COMMAND: POST /session/d4f675b322105372b3380f2dea3f05ac/element - {"using":"xpath","value":"//li[.//span[text()='2207']]"}
RESULT: {"using":"xpath","value":"//li[.//span[text()='2207']]"}
COMMAND: POST /session/d4f675b322105372b3380f2dea3f05ac/element/f.73BB2000E1F4E36FD864906F51978B2B.d.3523352B804DA4C17F27BEBC6251240E.e.17149/click - {}
RESULT: {}
COMMAND: GET /session/d4f675b322105372b3380f2dea3f05ac/screenshot - {}
RESULT: {}
COMMAND: POST /session/d4f675b322105372b3380f2dea3f05ac/element - {"using":"xpath","value":"//input[@id=\"application-managecontracts-display-component---AddNewContract--yardId-inner\"]"}
RESULT: {"using":"xpath","value":"//input[@id=\"application-managecontracts-display-component---AddNewContract--yardId-inner\"]"}
COMMAND: GET /session/d4f675b322105372b3380f2dea3f05ac/element/f.73BB2000E1F4E36FD864906F51978B2B.d.3523352B804DA4C17F27BEBC6251240E.e.17060/property/value - {}
RESULT: {}
COMMAND: POST /session/d4f675b322105372b3380f2dea3f05ac/element - {"using":"xpath","value":"//input[@id=\"application-managecontracts-display-component---AddNewContract--customerSelect-inner\"]"}
COMMAND: GET /session/d4f675b322105372b3380f2dea3f05ac/screenshot - {}
RESULT: {"using":"xpath","value":"//input[@id=\"application-managecontracts-display-component---AddNewContract--customerSelect-inner\"]"}
COMMAND: POST /session/d4f675b322105372b3380f2dea3f05ac/element/f.73BB2000E1F4E36FD864906F51978B2B.d.3523352B804DA4C17F27BEBC6251240E.e.17058/clear - {}
RESULT: {}
RESULT: {}
COMMAND: POST /session/d4f675b322105372b3380f2dea3f05ac/element/f.73BB2000E1F4E36FD864906F51978B2B.d.3523352B804DA4C17F27BEBC6251240E.e.17058/value - {"text":"1238"}
COMMAND: GET /session/d4f675b322105372b3380f2dea3f05ac/screenshot - {}
RESULT: {"text":"1238"}
COMMAND: GET /session/d4f675b322105372b3380f2dea3f05ac/screenshot - {}
RESULT: {}
RESULT: {}
COMMAND: POST /session/d4f675b322105372b3380f2dea3f05ac/element - {"using":"xpath","value":"//li[.//span[text()='1238']]"}
RESULT: {"using":"xpath","value":"//li[.//span[text()='1238']]"}
COMMAND: POST /session/d4f675b322105372b3380f2dea3f05ac/element/f.73BB2000E1F4E36FD864906F51978B2B.d.3523352B804DA4C17F27BEBC6251240E.e.17152/click - {}
RESULT: {}
COMMAND: GET /session/d4f675b322105372b3380f2dea3f05ac/screenshot - {}
COMMAND: POST /session/d4f675b322105372b3380f2dea3f05ac/element - {"using":"xpath","value":"//button[@data-kt=\"saveButton\"]"}
RESULT: {}
RESULT: {"using":"xpath","value":"//button[@data-kt=\"saveButton\"]"}
COMMAND: POST /session/d4f675b322105372b3380f2dea3f05ac/element/f.73BB2000E1F4E36FD864906F51978B2B.d.3523352B804DA4C17F27BEBC6251240E.e.17140/click - {}
RESULT: {}
COMMAND: GET /session/d4f675b322105372b3380f2dea3f05ac/screenshot - {}
RESULT: {}
COMMAND: POST /session/d4f675b322105372b3380f2dea3f05ac/element - {"using":"xpath","value":"//span[contains(@id ,\"contractDetailTitleNoExpanded\")]"}
RESULT: {"using":"xpath","value":"//span[contains(@id ,\"contractDetailTitleNoExpanded\")]"}
COMMAND: POST /session/d4f675b322105372b3380f2dea3f05ac/elements - {"using":"xpath","value":"//span[contains(@id ,\"contractDetailTitleNoExpanded\")]"}
RESULT: {"using":"xpath","value":"//span[contains(@id ,\"contractDetailTitleNoExpanded\")]"}
COMMAND: POST /session/d4f675b322105372b3380f2dea3f05ac/execute/sync - {"script":"<script> [56 bytes]","args":[{"element-6066-11e4-a52e-4f735466cecf":"f.73BB2000E1F4E36FD864906F51978B2B.d.3523352B804DA4C17F27BEBC6251240E.e.17223","ELEMENT":"f.73BB2000E1F4E36FD864906F51978B2B.d.3523352B804DA4C17F27BEBC6251240E.e.17223"}]}
RESULT: {"script":"<script> [56 bytes]","args":[{"element-6066-11e4-a52e-4f735466cecf":"f.73BB2000E1F4E36FD864906F51978B2B.d.3523352B804DA4C17F27BEBC6251240E.e.17223","ELEMENT":"f.73BB2000E1F4E36FD864906F51978B2B.d.3523352B804DA4C17F27BEBC6251240E.e.17223"}]}
COMMAND: GET /session/d4f675b322105372b3380f2dea3f05ac/screenshot - {}
RESULT: {}
]]></system-out>
    </testcase>
    <testcase classname="chrome.136_0_7103_93.windows.Provide_to_Site_w/o_warehouse_management_w/o_clarification" name="Should add equipment to the contract" time="59.002">
      <system-out><![CDATA[
COMMAND: POST /session/d4f675b322105372b3380f2dea3f05ac/element - {"using":"xpath","value":"//button[@data-kt=\"contractDetailEditBtnButton\"]"}
RESULT: {"using":"xpath","value":"//button[@data-kt=\"contractDetailEditBtnButton\"]"}
COMMAND: POST /session/d4f675b322105372b3380f2dea3f05ac/element/f.73BB2000E1F4E36FD864906F51978B2B.d.3523352B804DA4C17F27BEBC6251240E.e.17224/click - {}
RESULT: {}
COMMAND: GET /session/d4f675b322105372b3380f2dea3f05ac/screenshot - {}
RESULT: {}
COMMAND: POST /session/d4f675b322105372b3380f2dea3f05ac/element - {"using":"xpath","value":"(//span[contains(text(), \"Additional Addresses\")])[2]"}
RESULT: {"using":"xpath","value":"(//span[contains(text(), \"Additional Addresses\")])[2]"}
COMMAND: POST /session/d4f675b322105372b3380f2dea3f05ac/element/f.73BB2000E1F4E36FD864906F51978B2B.d.3523352B804DA4C17F27BEBC6251240E.e.17279/click - {}
RESULT: {}
COMMAND: GET /session/d4f675b322105372b3380f2dea3f05ac/screenshot - {}
RESULT: {}
COMMAND: POST /session/d4f675b322105372b3380f2dea3f05ac/element - {"using":"xpath","value":"//button[@data-kt=\"btnAddTableRowOverflowToolbarButton\"]"}
RESULT: {"using":"xpath","value":"//button[@data-kt=\"btnAddTableRowOverflowToolbarButton\"]"}
COMMAND: POST /session/d4f675b322105372b3380f2dea3f05ac/element/f.73BB2000E1F4E36FD864906F51978B2B.d.3523352B804DA4C17F27BEBC6251240E.e.17282/click - {}
RESULT: {}
COMMAND: GET /session/d4f675b322105372b3380f2dea3f05ac/screenshot - {}
RESULT: {}
COMMAND: POST /session/d4f675b322105372b3380f2dea3f05ac/element - {"using":"xpath","value":"//div[(text() = 'Standard Entry' or . = 'Standard Entry')]"}
RESULT: {"using":"xpath","value":"//div[(text() = 'Standard Entry' or . = 'Standard Entry')]"}
COMMAND: POST /session/d4f675b322105372b3380f2dea3f05ac/element/f.73BB2000E1F4E36FD864906F51978B2B.d.3523352B804DA4C17F27BEBC6251240E.e.17284/click - {}
RESULT: {}
COMMAND: GET /session/d4f675b322105372b3380f2dea3f05ac/screenshot - {}
RESULT: {}
COMMAND: POST /session/d4f675b322105372b3380f2dea3f05ac/element - {"using":"xpath","value":"//td[6]/div/div/div/span"}
RESULT: {"using":"xpath","value":"//td[6]/div/div/div/span"}
COMMAND: POST /session/d4f675b322105372b3380f2dea3f05ac/element/f.73BB2000E1F4E36FD864906F51978B2B.d.3523352B804DA4C17F27BEBC6251240E.e.17296/click - {}
RESULT: {}
COMMAND: GET /session/d4f675b322105372b3380f2dea3f05ac/screenshot - {}
RESULT: {}
COMMAND: POST /session/d4f675b322105372b3380f2dea3f05ac/element - {"using":"xpath","value":"(//span[contains(text(), \"Material\")])"}
RESULT: {"using":"xpath","value":"(//span[contains(text(), \"Material\")])"}
COMMAND: POST /session/d4f675b322105372b3380f2dea3f05ac/element/f.73BB2000E1F4E36FD864906F51978B2B.d.3523352B804DA4C17F27BEBC6251240E.e.17297/click - {}
RESULT: {}
COMMAND: GET /session/d4f675b322105372b3380f2dea3f05ac/screenshot - {}
RESULT: {}
COMMAND: POST /session/d4f675b322105372b3380f2dea3f05ac/element - {"using":"xpath","value":"//td[7]/div/div/input"}
RESULT: {"using":"xpath","value":"//td[7]/div/div/input"}
COMMAND: POST /session/d4f675b322105372b3380f2dea3f05ac/element/f.73BB2000E1F4E36FD864906F51978B2B.d.3523352B804DA4C17F27BEBC6251240E.e.17301/clear - {}
RESULT: {}
COMMAND: POST /session/d4f675b322105372b3380f2dea3f05ac/element/f.73BB2000E1F4E36FD864906F51978B2B.d.3523352B804DA4C17F27BEBC6251240E.e.17301/value - {"text":"200240"}
COMMAND: GET /session/d4f675b322105372b3380f2dea3f05ac/screenshot - {}
RESULT: {"text":"200240"}
COMMAND: GET /session/d4f675b322105372b3380f2dea3f05ac/screenshot - {}
RESULT: {}
RESULT: {}
COMMAND: POST /session/d4f675b322105372b3380f2dea3f05ac/actions - {"actions":[{"id":"action52","type":"key","parameters":{},"actions":[{"type":"keyDown","value":""},{"type":"pause","duration":10},{"type":"keyUp","value":""}]}]}
RESULT: {"actions":[{"id":"action52","type":"key","parameters":{},"actions":[{"type":"keyDown","value":""},{"type":"pause","duration":10},{"type":"keyUp","value":""}]}]}
COMMAND: GET /session/d4f675b322105372b3380f2dea3f05ac/screenshot - {}
RESULT: {}
COMMAND: POST /session/d4f675b322105372b3380f2dea3f05ac/execute/sync - {"script":"<script> [276 bytes]","args":["No pricing information was found"]}
RESULT: {"script":"<script> [276 bytes]","args":["No pricing information was found"]}
COMMAND: POST /session/d4f675b322105372b3380f2dea3f05ac/element - {"using":"xpath","value":"//bdi[contains(text(), \"OK\")]"}
COMMAND: GET /session/d4f675b322105372b3380f2dea3f05ac/screenshot - {}
RESULT: {"using":"xpath","value":"//bdi[contains(text(), \"OK\")]"}
COMMAND: POST /session/d4f675b322105372b3380f2dea3f05ac/element/f.73BB2000E1F4E36FD864906F51978B2B.d.3523352B804DA4C17F27BEBC6251240E.e.17327/click - {}
RESULT: {}
RESULT: {}
COMMAND: GET /session/d4f675b322105372b3380f2dea3f05ac/screenshot - {}
RESULT: {}
COMMAND: POST /session/d4f675b322105372b3380f2dea3f05ac/element - {"using":"xpath","value":"(//button[@data-kt=\"saveButton\"])[2]"}
RESULT: {"using":"xpath","value":"(//button[@data-kt=\"saveButton\"])[2]"}
COMMAND: POST /session/d4f675b322105372b3380f2dea3f05ac/element/f.73BB2000E1F4E36FD864906F51978B2B.d.3523352B804DA4C17F27BEBC6251240E.e.17328/click - {}
RESULT: {}
COMMAND: GET /session/d4f675b322105372b3380f2dea3f05ac/screenshot - {}
RESULT: {}
COMMAND: POST /session/d4f675b322105372b3380f2dea3f05ac/execute/sync - {"script":"<script> [276 bytes]","args":["Some contract items are having rental validity exceeding header rental validity"]}
RESULT: {"script":"<script> [276 bytes]","args":["Some contract items are having rental validity exceeding header rental validity"]}
COMMAND: GET /session/d4f675b322105372b3380f2dea3f05ac/screenshot - {}
RESULT: {}
COMMAND: POST /session/d4f675b322105372b3380f2dea3f05ac/element - {"using":"xpath","value":"//span[contains(@id ,\"contractItemsSmartTable-header-inner\")]"}
RESULT: {"using":"xpath","value":"//span[contains(@id ,\"contractItemsSmartTable-header-inner\")]"}
COMMAND: POST /session/d4f675b322105372b3380f2dea3f05ac/elements - {"using":"xpath","value":"//span[contains(@id ,\"contractItemsSmartTable-header-inner\")]"}
RESULT: {"using":"xpath","value":"//span[contains(@id ,\"contractItemsSmartTable-header-inner\")]"}
COMMAND: POST /session/d4f675b322105372b3380f2dea3f05ac/execute/sync - {"script":"<script> [56 bytes]","args":[{"element-6066-11e4-a52e-4f735466cecf":"f.73BB2000E1F4E36FD864906F51978B2B.d.3523352B804DA4C17F27BEBC6251240E.e.17332","ELEMENT":"f.73BB2000E1F4E36FD864906F51978B2B.d.3523352B804DA4C17F27BEBC6251240E.e.17332"}]}
RESULT: {"script":"<script> [56 bytes]","args":[{"element-6066-11e4-a52e-4f735466cecf":"f.73BB2000E1F4E36FD864906F51978B2B.d.3523352B804DA4C17F27BEBC6251240E.e.17332","ELEMENT":"f.73BB2000E1F4E36FD864906F51978B2B.d.3523352B804DA4C17F27BEBC6251240E.e.17332"}]}
]]></system-out>
    </testcase>
    <testcase classname="chrome.136_0_7103_93.windows.Provide_to_Site_w/o_warehouse_management_w/o_clarification" name="Should do provide to site" time="130.2">
      <system-out><![CDATA[
COMMAND: POST /session/d4f675b322105372b3380f2dea3f05ac/element - {"using":"xpath","value":"//button[@data-kt=\"provideButton\"]"}
COMMAND: GET /session/d4f675b322105372b3380f2dea3f05ac/screenshot - {}
RESULT: {"using":"xpath","value":"//button[@data-kt=\"provideButton\"]"}
COMMAND: POST /session/d4f675b322105372b3380f2dea3f05ac/element/f.73BB2000E1F4E36FD864906F51978B2B.d.3523352B804DA4C17F27BEBC6251240E.e.17333/click - {}
RESULT: {}
RESULT: {}
COMMAND: GET /session/d4f675b322105372b3380f2dea3f05ac/screenshot - {}
RESULT: {}
COMMAND: POST /session/d4f675b322105372b3380f2dea3f05ac/element - {"using":"xpath","value":"(//div[contains(@id, \"application-managehandovers-display-component---AddNewHO--oneStep-CbBg\")])"}
RESULT: {"using":"xpath","value":"(//div[contains(@id, \"application-managehandovers-display-component---AddNewHO--oneStep-CbBg\")])"}
COMMAND: POST /session/d4f675b322105372b3380f2dea3f05ac/element - {"using":"xpath","value":"(//div[contains(@id, \"application-managehandovers-display-component---AddNewHO--oneStep-CbBg\")])/input"}
RESULT: {"using":"xpath","value":"(//div[contains(@id, \"application-managehandovers-display-component---AddNewHO--oneStep-CbBg\")])/input"}
COMMAND: GET /session/d4f675b322105372b3380f2dea3f05ac/element/f.73BB2000E1F4E36FD864906F51978B2B.d.3523352B804DA4C17F27BEBC6251240E.e.17394/attribute/checked - {}
RESULT: {}
RESULT: undefined
COMMAND: POST /session/d4f675b322105372b3380f2dea3f05ac/execute/async - {"script":"<script> [6424 bytes]","args":[{"element-6066-11e4-a52e-4f735466cecf":"f.73BB2000E1F4E36FD864906F51978B2B.d.3523352B804DA4C17F27BEBC6251240E.e.16174"},"setValue",["05/28/25"]]}
COMMAND: POST /session/d4f675b322105372b3380f2dea3f05ac/element/f.73BB2000E1F4E36FD864906F51978B2B.d.3523352B804DA4C17F27BEBC6251240E.e.17646/click - {}
RESULT: {}
COMMAND: GET /session/d4f675b322105372b3380f2dea3f05ac/screenshot - {}
COMMAND: POST /session/d4f675b322105372b3380f2dea3f05ac/execute/async - {"script":"<script> [1562 bytes]","args":[{"selector":{"id":"application-managehandovers-display-component---AddNewHO--dueDate","interaction":{"idSuffix":"inner"}},"wdio_ui5_key":"applicationmanagehandovers-display-component---AddNewHO--dueDate"}]}
RESULT: {}
RESULT: {"script":"<script> [1562 bytes]","args":[{"selector":{"id":"application-managehandovers-display-component---AddNewHO--dueDate","interaction":{"idSuffix":"inner"}},"wdio_ui5_key":"applicationmanagehandovers-display-component---AddNewHO--dueDate"}]}
COMMAND: POST /session/d4f675b322105372b3380f2dea3f05ac/execute/async - {"script":"<script> [6424 bytes]","args":[{"element-6066-11e4-a52e-4f735466cecf":"f.73BB2000E1F4E36FD864906F51978B2B.d.3523352B804DA4C17F27BEBC6251240E.e.17390"},"setValue",["05/28/25"]]}
RESULT: {"script":"<script> [6424 bytes]","args":[{"element-6066-11e4-a52e-4f735466cecf":"f.73BB2000E1F4E36FD864906F51978B2B.d.3523352B804DA4C17F27BEBC6251240E.e.17390"},"setValue",["05/28/25"]]}
COMMAND: POST /session/d4f675b322105372b3380f2dea3f05ac/element - {"using":"xpath","value":"//bdi[contains(text(), \"Instructions\")]"}
RESULT: {"using":"xpath","value":"//bdi[contains(text(), \"Instructions\")]"}
COMMAND: POST /session/d4f675b322105372b3380f2dea3f05ac/element/f.73BB2000E1F4E36FD864906F51978B2B.d.3523352B804DA4C17F27BEBC6251240E.e.17650/click - {}
RESULT: {}
COMMAND: GET /session/d4f675b322105372b3380f2dea3f05ac/screenshot - {}
RESULT: {}
COMMAND: POST /session/d4f675b322105372b3380f2dea3f05ac/element - {"using":"xpath","value":"//button[@data-kt=\"AddNewHOProvideAddItemsButton\"]"}
RESULT: {"using":"xpath","value":"//button[@data-kt=\"AddNewHOProvideAddItemsButton\"]"}
COMMAND: POST /session/d4f675b322105372b3380f2dea3f05ac/element/f.73BB2000E1F4E36FD864906F51978B2B.d.3523352B804DA4C17F27BEBC6251240E.e.17654/click - {}
RESULT: {}
COMMAND: GET /session/d4f675b322105372b3380f2dea3f05ac/screenshot - {}
RESULT: {}
RESULT: undefined
COMMAND: POST /session/d4f675b322105372b3380f2dea3f05ac/element - {"using":"xpath","value":"//*[@id=\"application-managehandovers-display-component---AddNewHO--popup-sa\"]"}
RESULT: {"using":"xpath","value":"//*[@id=\"application-managehandovers-display-component---AddNewHO--popup-sa\"]"}
COMMAND: POST /session/d4f675b322105372b3380f2dea3f05ac/element/f.73BB2000E1F4E36FD864906F51978B2B.d.3523352B804DA4C17F27BEBC6251240E.e.17663/click - {}
RESULT: {}
COMMAND: GET /session/d4f675b322105372b3380f2dea3f05ac/screenshot - {}
RESULT: {}
COMMAND: POST /session/d4f675b322105372b3380f2dea3f05ac/element - {"using":"xpath","value":"//*[contains(@id ,\"BDI-content\")][contains(text(), \"Select\")]"}
RESULT: {"using":"xpath","value":"//*[contains(@id ,\"BDI-content\")][contains(text(), \"Select\")]"}
COMMAND: POST /session/d4f675b322105372b3380f2dea3f05ac/element/f.73BB2000E1F4E36FD864906F51978B2B.d.3523352B804DA4C17F27BEBC6251240E.e.17665/click - {}
RESULT: {}
COMMAND: GET /session/d4f675b322105372b3380f2dea3f05ac/screenshot - {}
RESULT: {}
COMMAND: POST /session/d4f675b322105372b3380f2dea3f05ac/execute/async - {"script":"<script> [1562 bytes]","args":[{"selector":{"id":"application-managehandovers-display-component---AddNewHO--confirmCreationButton","interaction":{"idSuffix":"BDI-content"}},"wdio_ui5_key":"applicationmanagehandovers-display-component---AddNewHO--confirmCreationButton"}]}
RESULT: {"script":"<script> [1562 bytes]","args":[{"selector":{"id":"application-managehandovers-display-component---AddNewHO--confirmCreationButton","interaction":{"idSuffix":"BDI-content"}},"wdio_ui5_key":"applicationmanagehandovers-display-component---AddNewHO--confirmCreationButton"}]}
RESULT: undefined
COMMAND: POST /session/d4f675b322105372b3380f2dea3f05ac/element - {"using":"xpath","value":"//*[@id=\"application-managehandovers-display-component---AddNewHO--confirmCreationButton\"]"}
RESULT: {"using":"xpath","value":"//*[@id=\"application-managehandovers-display-component---AddNewHO--confirmCreationButton\"]"}
COMMAND: POST /session/d4f675b322105372b3380f2dea3f05ac/element/f.73BB2000E1F4E36FD864906F51978B2B.d.3523352B804DA4C17F27BEBC6251240E.e.17471/click - {}
RESULT: {}
COMMAND: GET /session/d4f675b322105372b3380f2dea3f05ac/screenshot - {}
RESULT: {}
COMMAND: POST /session/d4f675b322105372b3380f2dea3f05ac/execute/async - {"script":"<script> [1562 bytes]","args":[{"selector":{"id":"issueDatePicker","viewName":"etm.portal.ui.managehandovers.view.DetailExecuteHO","interaction":{"idSuffix":"inner"}},"wdio_ui5_key":"issueDatePickeretmportal.ui.managehandovers.view.DetailExecuteHO"}]}
RESULT: {"script":"<script> [1562 bytes]","args":[{"selector":{"id":"issueDatePicker","viewName":"etm.portal.ui.managehandovers.view.DetailExecuteHO","interaction":{"idSuffix":"inner"}},"wdio_ui5_key":"issueDatePickeretmportal.ui.managehandovers.view.DetailExecuteHO"}]}
RESULT: undefined
COMMAND: POST /session/d4f675b322105372b3380f2dea3f05ac/execute/async - {"script":"<script> [776 bytes]","args":[{"enterText":"5/28/25","selector":{"id":"issueDatePicker","viewName":"etm.portal.ui.managehandovers.view.DetailExecuteHO","interaction":{"idSuffix":"inner"}},"clearTextFirst":true,"interactionType":"ENTER_TEXT"}]}
RESULT: {"script":"<script> [776 bytes]","args":[{"enterText":"5/28/25","selector":{"id":"issueDatePicker","viewName":"etm.portal.ui.managehandovers.view.DetailExecuteHO","interaction":{"idSuffix":"inner"}},"clearTextFirst":true,"interactionType":"ENTER_TEXT"}]}
COMMAND: POST /session/d4f675b322105372b3380f2dea3f05ac/element - {"using":"xpath","value":"//button[@data-kt=\"PickingTableConfirmAllButton\"]"}
RESULT: {"using":"xpath","value":"//button[@data-kt=\"PickingTableConfirmAllButton\"]"}
COMMAND: POST /session/d4f675b322105372b3380f2dea3f05ac/element/f.73BB2000E1F4E36FD864906F51978B2B.d.3523352B804DA4C17F27BEBC6251240E.e.17720/click - {}
RESULT: {}
COMMAND: GET /session/d4f675b322105372b3380f2dea3f05ac/screenshot - {}
RESULT: {}
COMMAND: POST /session/d4f675b322105372b3380f2dea3f05ac/element - {"using":"xpath","value":"//bdi[contains(text(), \"OK\")]"}
RESULT: {"using":"xpath","value":"//bdi[contains(text(), \"OK\")]"}
COMMAND: POST /session/d4f675b322105372b3380f2dea3f05ac/element/f.73BB2000E1F4E36FD864906F51978B2B.d.3523352B804DA4C17F27BEBC6251240E.e.17723/click - {}
RESULT: {}
COMMAND: GET /session/d4f675b322105372b3380f2dea3f05ac/screenshot - {}
RESULT: {}
COMMAND: POST /session/d4f675b322105372b3380f2dea3f05ac/element - {"using":"xpath","value":"//button[@data-kt=\"execHoPickButton\"]"}
RESULT: {"using":"xpath","value":"//button[@data-kt=\"execHoPickButton\"]"}
COMMAND: POST /session/d4f675b322105372b3380f2dea3f05ac/element/f.73BB2000E1F4E36FD864906F51978B2B.d.3523352B804DA4C17F27BEBC6251240E.e.17727/click - {}
RESULT: {}
COMMAND: GET /session/d4f675b322105372b3380f2dea3f05ac/screenshot - {}
RESULT: {}
COMMAND: POST /session/d4f675b322105372b3380f2dea3f05ac/element - {"using":"xpath","value":"//span[contains(@id ,\"filterItemControl_BASIC-RECEIVE_CONTRACT-vhi\")]"}
RESULT: {"using":"xpath","value":"//span[contains(@id ,\"filterItemControl_BASIC-RECEIVE_CONTRACT-vhi\")]"}
COMMAND: POST /session/d4f675b322105372b3380f2dea3f05ac/element/f.73BB2000E1F4E36FD864906F51978B2B.d.3523352B804DA4C17F27BEBC6251240E.e.17902/click - {}
RESULT: {}
COMMAND: GET /session/d4f675b322105372b3380f2dea3f05ac/screenshot - {}
RESULT: {}
COMMAND: POST /session/d4f675b322105372b3380f2dea3f05ac/execute/async - {"script":"<script> [1562 bytes]","args":[{"selector":{"controlType":"sap.m.SearchField","viewName":"etm.portal.ui.managehandovers.view.MasterHO","bindingPath":{"path":"","propertyPath":"/_BASIC_SEARCH_FIELD","modelName":"fi1t3rM0d31"},"searchOpenDialogs":true,"interaction":{"idSuffix":"I"}},"wdio_ui5_key":"etmportal.ui.managehandovers.view.MasterHOsap.m.SearchField{\"path\":\"\",\"propertyPath\":\"/_BASIC_SEARCH_FIELD\",\"modelName\":\"fi1t3rM0d31\"}"}]}
RESULT: {"script":"<script> [1562 bytes]","args":[{"selector":{"controlType":"sap.m.SearchField","viewName":"etm.portal.ui.managehandovers.view.MasterHO","bindingPath":{"path":"","propertyPath":"/_BASIC_SEARCH_FIELD","modelName":"fi1t3rM0d31"},"searchOpenDialogs":true,"interaction":{"idSuffix":"I"}},"wdio_ui5_key":"etmportal.ui.managehandovers.view.MasterHOsap.m.SearchField{\"path\":\"\",\"propertyPath\":\"/_BASIC_SEARCH_FIELD\",\"modelName\":\"fi1t3rM0d31\"}"}]}
RESULT: undefined
COMMAND: POST /session/d4f675b322105372b3380f2dea3f05ac/execute/async - {"script":"<script> [776 bytes]","args":[{"enterText":"10343","selector":{"controlType":"sap.m.SearchField","viewName":"etm.portal.ui.managehandovers.view.MasterHO","bindingPath":{"path":"","propertyPath":"/_BASIC_SEARCH_FIELD","modelName":"fi1t3rM0d31"},"searchOpenDialogs":true,"interaction":{"idSuffix":"I"}},"clearTextFirst":true,"interactionType":"ENTER_TEXT"}]}
RESULT: {"script":"<script> [776 bytes]","args":[{"enterText":"10343","selector":{"controlType":"sap.m.SearchField","viewName":"etm.portal.ui.managehandovers.view.MasterHO","bindingPath":{"path":"","propertyPath":"/_BASIC_SEARCH_FIELD","modelName":"fi1t3rM0d31"},"searchOpenDialogs":true,"interaction":{"idSuffix":"I"}},"clearTextFirst":true,"interactionType":"ENTER_TEXT"}]}
COMMAND: POST /session/d4f675b322105372b3380f2dea3f05ac/actions - {"actions":[{"id":"action53","type":"key","parameters":{},"actions":[{"type":"keyDown","value":""},{"type":"pause","duration":10},{"type":"keyUp","value":""}]}]}
RESULT: {"actions":[{"id":"action53","type":"key","parameters":{},"actions":[{"type":"keyDown","value":""},{"type":"pause","duration":10},{"type":"keyUp","value":""}]}]}
COMMAND: GET /session/d4f675b322105372b3380f2dea3f05ac/screenshot - {}
RESULT: {}
COMMAND: POST /session/d4f675b322105372b3380f2dea3f05ac/element - {"using":"xpath","value":"//div[contains(@id, 'filterItemControl_BASIC-RECEIVE_CONTRACT-valueHelpDialog-table-rowsel0')]"}
RESULT: {"using":"xpath","value":"//div[contains(@id, 'filterItemControl_BASIC-RECEIVE_CONTRACT-valueHelpDialog-table-rowsel0')]"}
COMMAND: POST /session/d4f675b322105372b3380f2dea3f05ac/element/f.73BB2000E1F4E36FD864906F51978B2B.d.3523352B804DA4C17F27BEBC6251240E.e.17911/click - {}
RESULT: {}
COMMAND: GET /session/d4f675b322105372b3380f2dea3f05ac/screenshot - {}
RESULT: {}
COMMAND: POST /session/d4f675b322105372b3380f2dea3f05ac/element - {"using":"xpath","value":"//bdi[contains(text(), \"OK\")]"}
RESULT: {"using":"xpath","value":"//bdi[contains(text(), \"OK\")]"}
COMMAND: POST /session/d4f675b322105372b3380f2dea3f05ac/element/f.73BB2000E1F4E36FD864906F51978B2B.d.3523352B804DA4C17F27BEBC6251240E.e.17913/click - {}
RESULT: {}
COMMAND: GET /session/d4f675b322105372b3380f2dea3f05ac/screenshot - {}
RESULT: {}
COMMAND: POST /session/d4f675b322105372b3380f2dea3f05ac/element - {"using":"xpath","value":"//span[contains(@id, \"smartTable-header-inner\")]"}
RESULT: {"using":"xpath","value":"//span[contains(@id, \"smartTable-header-inner\")]"}
COMMAND: POST /session/d4f675b322105372b3380f2dea3f05ac/elements - {"using":"xpath","value":"//span[contains(@id, \"smartTable-header-inner\")]"}
RESULT: {"using":"xpath","value":"//span[contains(@id, \"smartTable-header-inner\")]"}
COMMAND: POST /session/d4f675b322105372b3380f2dea3f05ac/execute/sync - {"script":"<script> [56 bytes]","args":[{"element-6066-11e4-a52e-4f735466cecf":"f.73BB2000E1F4E36FD864906F51978B2B.d.3523352B804DA4C17F27BEBC6251240E.e.17941","ELEMENT":"f.73BB2000E1F4E36FD864906F51978B2B.d.3523352B804DA4C17F27BEBC6251240E.e.17941"}]}
RESULT: {"script":"<script> [56 bytes]","args":[{"element-6066-11e4-a52e-4f735466cecf":"f.73BB2000E1F4E36FD864906F51978B2B.d.3523352B804DA4C17F27BEBC6251240E.e.17941","ELEMENT":"f.73BB2000E1F4E36FD864906F51978B2B.d.3523352B804DA4C17F27BEBC6251240E.e.17941"}]}
COMMAND: POST /session/d4f675b322105372b3380f2dea3f05ac/element - {"using":"xpath","value":"//table[contains(@id, \"customHandovers\")]//tbody/tr[1]/td[2]/span"}
COMMAND: GET /session/d4f675b322105372b3380f2dea3f05ac/screenshot - {}
RESULT: {"using":"xpath","value":"//table[contains(@id, \"customHandovers\")]//tbody/tr[1]/td[2]/span"}
COMMAND: POST /session/d4f675b322105372b3380f2dea3f05ac/execute/sync - {"script":"<script> [56 bytes]","args":[{"element-6066-11e4-a52e-4f735466cecf":"f.73BB2000E1F4E36FD864906F51978B2B.d.3523352B804DA4C17F27BEBC6251240E.e.17942","ELEMENT":"f.73BB2000E1F4E36FD864906F51978B2B.d.3523352B804DA4C17F27BEBC6251240E.e.17942"}]}
RESULT: {}
RESULT: {"script":"<script> [56 bytes]","args":[{"element-6066-11e4-a52e-4f735466cecf":"f.73BB2000E1F4E36FD864906F51978B2B.d.3523352B804DA4C17F27BEBC6251240E.e.17942","ELEMENT":"f.73BB2000E1F4E36FD864906F51978B2B.d.3523352B804DA4C17F27BEBC6251240E.e.17942"}]}
COMMAND: POST /session/d4f675b322105372b3380f2dea3f05ac/element - {"using":"xpath","value":"(//span[contains(@id, \"imgNav\")])[1]"}
COMMAND: GET /session/d4f675b322105372b3380f2dea3f05ac/screenshot - {}
RESULT: {"using":"xpath","value":"(//span[contains(@id, \"imgNav\")])[1]"}
COMMAND: POST /session/d4f675b322105372b3380f2dea3f05ac/element/f.73BB2000E1F4E36FD864906F51978B2B.d.3523352B804DA4C17F27BEBC6251240E.e.17939/click - {}
RESULT: {}
RESULT: {}
COMMAND: GET /session/d4f675b322105372b3380f2dea3f05ac/screenshot - {}
RESULT: {}
RESULT: undefined
COMMAND: POST /session/d4f675b322105372b3380f2dea3f05ac/execute/async - {"script":"<script> [776 bytes]","args":[{"enterText":"5/28/25","selector":{"id":"issueDatePicker","viewName":"etm.portal.ui.managehandovers.view.DetailExecuteHO","interaction":{"idSuffix":"inner"}},"clearTextFirst":true,"interactionType":"ENTER_TEXT"}]}
RESULT: {"script":"<script> [776 bytes]","args":[{"enterText":"5/28/25","selector":{"id":"issueDatePicker","viewName":"etm.portal.ui.managehandovers.view.DetailExecuteHO","interaction":{"idSuffix":"inner"}},"clearTextFirst":true,"interactionType":"ENTER_TEXT"}]}
COMMAND: POST /session/d4f675b322105372b3380f2dea3f05ac/element - {"using":"xpath","value":"//button[@data-kt=\"IssuingTableConfirmAllButton\"]"}
RESULT: {"using":"xpath","value":"//button[@data-kt=\"IssuingTableConfirmAllButton\"]"}
COMMAND: POST /session/d4f675b322105372b3380f2dea3f05ac/element/f.73BB2000E1F4E36FD864906F51978B2B.d.3523352B804DA4C17F27BEBC6251240E.e.17983/click - {}
RESULT: {}
COMMAND: GET /session/d4f675b322105372b3380f2dea3f05ac/screenshot - {}
RESULT: {}
COMMAND: POST /session/d4f675b322105372b3380f2dea3f05ac/element - {"using":"xpath","value":"//bdi[contains(text(), \"OK\")]"}
RESULT: {"using":"xpath","value":"//bdi[contains(text(), \"OK\")]"}
COMMAND: POST /session/d4f675b322105372b3380f2dea3f05ac/element/f.73BB2000E1F4E36FD864906F51978B2B.d.3523352B804DA4C17F27BEBC6251240E.e.17999/click - {}
RESULT: {}
COMMAND: GET /session/d4f675b322105372b3380f2dea3f05ac/screenshot - {}
RESULT: {}
COMMAND: POST /session/d4f675b322105372b3380f2dea3f05ac/element - {"using":"xpath","value":"//button[@data-kt=\"execHoIssueButton\"]"}
RESULT: {"using":"xpath","value":"//button[@data-kt=\"execHoIssueButton\"]"}
COMMAND: POST /session/d4f675b322105372b3380f2dea3f05ac/element/f.73BB2000E1F4E36FD864906F51978B2B.d.3523352B804DA4C17F27BEBC6251240E.e.18000/click - {}
RESULT: {}
COMMAND: GET /session/d4f675b322105372b3380f2dea3f05ac/screenshot - {}
RESULT: {}
COMMAND: POST /session/d4f675b322105372b3380f2dea3f05ac/element - {"using":"xpath","value":"//input[contains(@id ,\"smartFilterBar-btnBasicSearch-I\")]"}
RESULT: {"using":"xpath","value":"//input[contains(@id ,\"smartFilterBar-btnBasicSearch-I\")]"}
COMMAND: POST /session/d4f675b322105372b3380f2dea3f05ac/elements - {"using":"xpath","value":"//input[contains(@id ,\"smartFilterBar-btnBasicSearch-I\")]"}
RESULT: {"using":"xpath","value":"//input[contains(@id ,\"smartFilterBar-btnBasicSearch-I\")]"}
COMMAND: POST /session/d4f675b322105372b3380f2dea3f05ac/execute/sync - {"script":"<script> [8489 bytes]","args":[{"element-6066-11e4-a52e-4f735466cecf":"f.73BB2000E1F4E36FD864906F51978B2B.d.3523352B804DA4C17F27BEBC6251240E.e.17389","ELEMENT":"f.73BB2000E1F4E36FD864906F51978B2B.d.3523352B804DA4C17F27BEBC6251240E.e.17389"}]}
RESULT: {"script":"<script> [8489 bytes]","args":[{"element-6066-11e4-a52e-4f735466cecf":"f.73BB2000E1F4E36FD864906F51978B2B.d.3523352B804DA4C17F27BEBC6251240E.e.17389","ELEMENT":"f.73BB2000E1F4E36FD864906F51978B2B.d.3523352B804DA4C17F27BEBC6251240E.e.17389"}]}
COMMAND: GET /session/d4f675b322105372b3380f2dea3f05ac/element/f.73BB2000E1F4E36FD864906F51978B2B.d.3523352B804DA4C17F27BEBC6251240E.e.17389/enabled - {}
COMMAND: GET /session/d4f675b322105372b3380f2dea3f05ac/screenshot - {}
RESULT: {}
COMMAND: POST /session/d4f675b322105372b3380f2dea3f05ac/element/f.73BB2000E1F4E36FD864906F51978B2B.d.3523352B804DA4C17F27BEBC6251240E.e.17389/clear - {}
COMMAND: GET /session/d4f675b322105372b3380f2dea3f05ac/screenshot - {}
RESULT: {}
RESULT: {}
COMMAND: POST /session/d4f675b322105372b3380f2dea3f05ac/element/f.73BB2000E1F4E36FD864906F51978B2B.d.3523352B804DA4C17F27BEBC6251240E.e.17389/value - {"text":"30745"}
COMMAND: GET /session/d4f675b322105372b3380f2dea3f05ac/screenshot - {}
RESULT: {}
RESULT: {"text":"30745"}
COMMAND: GET /session/d4f675b322105372b3380f2dea3f05ac/screenshot - {}
RESULT: {}
RESULT: {}
COMMAND: POST /session/d4f675b322105372b3380f2dea3f05ac/actions - {"actions":[{"id":"action54","type":"key","parameters":{},"actions":[{"type":"keyDown","value":""},{"type":"pause","duration":10},{"type":"keyUp","value":""}]}]}
RESULT: {"actions":[{"id":"action54","type":"key","parameters":{},"actions":[{"type":"keyDown","value":""},{"type":"pause","duration":10},{"type":"keyUp","value":""}]}]}
COMMAND: GET /session/d4f675b322105372b3380f2dea3f05ac/screenshot - {}
RESULT: {}
COMMAND: POST /session/d4f675b322105372b3380f2dea3f05ac/element - {"using":"xpath","value":"//span[contains(@id, \"smartTable-header-inner\")]"}
RESULT: {"using":"xpath","value":"//span[contains(@id, \"smartTable-header-inner\")]"}
COMMAND: POST /session/d4f675b322105372b3380f2dea3f05ac/elements - {"using":"xpath","value":"//span[contains(@id, \"smartTable-header-inner\")]"}
RESULT: {"using":"xpath","value":"//span[contains(@id, \"smartTable-header-inner\")]"}
COMMAND: POST /session/d4f675b322105372b3380f2dea3f05ac/execute/sync - {"script":"<script> [56 bytes]","args":[{"element-6066-11e4-a52e-4f735466cecf":"f.73BB2000E1F4E36FD864906F51978B2B.d.3523352B804DA4C17F27BEBC6251240E.e.17941","ELEMENT":"f.73BB2000E1F4E36FD864906F51978B2B.d.3523352B804DA4C17F27BEBC6251240E.e.17941"}]}
RESULT: {"script":"<script> [56 bytes]","args":[{"element-6066-11e4-a52e-4f735466cecf":"f.73BB2000E1F4E36FD864906F51978B2B.d.3523352B804DA4C17F27BEBC6251240E.e.17941","ELEMENT":"f.73BB2000E1F4E36FD864906F51978B2B.d.3523352B804DA4C17F27BEBC6251240E.e.17941"}]}
COMMAND: POST /session/d4f675b322105372b3380f2dea3f05ac/elements - {"using":"xpath","value":"//thead[contains(@class, \"sapMTableTH\")]/tr/th"}
COMMAND: GET /session/d4f675b322105372b3380f2dea3f05ac/screenshot - {}
RESULT: {"using":"xpath","value":"//thead[contains(@class, \"sapMTableTH\")]/tr/th"}
COMMAND: GET /session/d4f675b322105372b3380f2dea3f05ac/element/f.73BB2000E1F4E36FD864906F51978B2B.d.3523352B804DA4C17F27BEBC6251240E.e.18049/text - {}
RESULT: {}
RESULT: {}
COMMAND: GET /session/d4f675b322105372b3380f2dea3f05ac/element/f.73BB2000E1F4E36FD864906F51978B2B.d.3523352B804DA4C17F27BEBC6251240E.e.18050/text - {}
RESULT: {}
COMMAND: GET /session/d4f675b322105372b3380f2dea3f05ac/element/f.73BB2000E1F4E36FD864906F51978B2B.d.3523352B804DA4C17F27BEBC6251240E.e.17436/text - {}
RESULT: {}
COMMAND: GET /session/d4f675b322105372b3380f2dea3f05ac/element/f.73BB2000E1F4E36FD864906F51978B2B.d.3523352B804DA4C17F27BEBC6251240E.e.17438/text - {}
RESULT: {}
COMMAND: GET /session/d4f675b322105372b3380f2dea3f05ac/element/f.73BB2000E1F4E36FD864906F51978B2B.d.3523352B804DA4C17F27BEBC6251240E.e.18005/text - {}
RESULT: {}
COMMAND: GET /session/d4f675b322105372b3380f2dea3f05ac/element/f.73BB2000E1F4E36FD864906F51978B2B.d.3523352B804DA4C17F27BEBC6251240E.e.18006/text - {}
RESULT: {}
COMMAND: GET /session/d4f675b322105372b3380f2dea3f05ac/element/f.73BB2000E1F4E36FD864906F51978B2B.d.3523352B804DA4C17F27BEBC6251240E.e.18007/text - {}
RESULT: {}
COMMAND: GET /session/d4f675b322105372b3380f2dea3f05ac/element/f.73BB2000E1F4E36FD864906F51978B2B.d.3523352B804DA4C17F27BEBC6251240E.e.18008/text - {}
RESULT: {}
COMMAND: GET /session/d4f675b322105372b3380f2dea3f05ac/element/f.73BB2000E1F4E36FD864906F51978B2B.d.3523352B804DA4C17F27BEBC6251240E.e.18009/text - {}
RESULT: {}
COMMAND: GET /session/d4f675b322105372b3380f2dea3f05ac/element/f.73BB2000E1F4E36FD864906F51978B2B.d.3523352B804DA4C17F27BEBC6251240E.e.18010/text - {}
RESULT: {}
COMMAND: GET /session/d4f675b322105372b3380f2dea3f05ac/element/f.73BB2000E1F4E36FD864906F51978B2B.d.3523352B804DA4C17F27BEBC6251240E.e.18011/text - {}
RESULT: {}
COMMAND: GET /session/d4f675b322105372b3380f2dea3f05ac/element/f.73BB2000E1F4E36FD864906F51978B2B.d.3523352B804DA4C17F27BEBC6251240E.e.18012/text - {}
RESULT: {}
COMMAND: GET /session/d4f675b322105372b3380f2dea3f05ac/element/f.73BB2000E1F4E36FD864906F51978B2B.d.3523352B804DA4C17F27BEBC6251240E.e.18013/text - {}
RESULT: {}
COMMAND: GET /session/d4f675b322105372b3380f2dea3f05ac/element/f.73BB2000E1F4E36FD864906F51978B2B.d.3523352B804DA4C17F27BEBC6251240E.e.17439/text - {}
RESULT: {}
COMMAND: POST /session/d4f675b322105372b3380f2dea3f05ac/element - {"using":"xpath","value":"//tbody[contains(@id, \"customHandoversTable-tblBody\")]/tr[1]/td[14]/div/span"}
RESULT: {"using":"xpath","value":"//tbody[contains(@id, \"customHandoversTable-tblBody\")]/tr[1]/td[14]/div/span"}
COMMAND: POST /session/d4f675b322105372b3380f2dea3f05ac/execute/sync - {"script":"<script> [56 bytes]","args":[{"element-6066-11e4-a52e-4f735466cecf":"f.73BB2000E1F4E36FD864906F51978B2B.d.3523352B804DA4C17F27BEBC6251240E.e.18099","ELEMENT":"f.73BB2000E1F4E36FD864906F51978B2B.d.3523352B804DA4C17F27BEBC6251240E.e.18099"}]}
RESULT: {"script":"<script> [56 bytes]","args":[{"element-6066-11e4-a52e-4f735466cecf":"f.73BB2000E1F4E36FD864906F51978B2B.d.3523352B804DA4C17F27BEBC6251240E.e.18099","ELEMENT":"f.73BB2000E1F4E36FD864906F51978B2B.d.3523352B804DA4C17F27BEBC6251240E.e.18099"}]}
COMMAND: POST /session/d4f675b322105372b3380f2dea3f05ac/element - {"using":"xpath","value":"(//span[contains(@id, \"imgNav\")])[1]"}
COMMAND: GET /session/d4f675b322105372b3380f2dea3f05ac/screenshot - {}
RESULT: {"using":"xpath","value":"(//span[contains(@id, \"imgNav\")])[1]"}
COMMAND: POST /session/d4f675b322105372b3380f2dea3f05ac/element/f.73BB2000E1F4E36FD864906F51978B2B.d.3523352B804DA4C17F27BEBC6251240E.e.18043/click - {}
RESULT: {}
RESULT: {}
COMMAND: GET /session/d4f675b322105372b3380f2dea3f05ac/screenshot - {}
RESULT: {}
RESULT: undefined
COMMAND: POST /session/d4f675b322105372b3380f2dea3f05ac/execute/async - {"script":"<script> [776 bytes]","args":[{"enterText":"05/28/25","selector":{"id":"receiptDatePicker","viewName":"etm.portal.ui.managehandovers.view.DetailExecuteHO","interaction":{"idSuffix":"inner"}},"clearTextFirst":true,"interactionType":"ENTER_TEXT"}]}
RESULT: {"script":"<script> [776 bytes]","args":[{"enterText":"05/28/25","selector":{"id":"receiptDatePicker","viewName":"etm.portal.ui.managehandovers.view.DetailExecuteHO","interaction":{"idSuffix":"inner"}},"clearTextFirst":true,"interactionType":"ENTER_TEXT"}]}
COMMAND: POST /session/d4f675b322105372b3380f2dea3f05ac/element - {"using":"xpath","value":"//bdi[contains(text(), \"OK\")]"}
RESULT: {"using":"xpath","value":"//bdi[contains(text(), \"OK\")]"}
COMMAND: POST /session/d4f675b322105372b3380f2dea3f05ac/element/f.73BB2000E1F4E36FD864906F51978B2B.d.3523352B804DA4C17F27BEBC6251240E.e.18118/click - {}
RESULT: {}
COMMAND: GET /session/d4f675b322105372b3380f2dea3f05ac/screenshot - {}
RESULT: {}
COMMAND: POST /session/d4f675b322105372b3380f2dea3f05ac/element - {"using":"xpath","value":"//button[@data-kt=\"ReceivingTableConfirmAllButton\"]"}
RESULT: {"using":"xpath","value":"//button[@data-kt=\"ReceivingTableConfirmAllButton\"]"}
COMMAND: POST /session/d4f675b322105372b3380f2dea3f05ac/element/f.73BB2000E1F4E36FD864906F51978B2B.d.3523352B804DA4C17F27BEBC6251240E.e.18105/click - {}
RESULT: {}
COMMAND: GET /session/d4f675b322105372b3380f2dea3f05ac/screenshot - {}
RESULT: {}
COMMAND: POST /session/d4f675b322105372b3380f2dea3f05ac/element - {"using":"xpath","value":"//bdi[contains(text(), \"OK\")]"}
RESULT: {"using":"xpath","value":"//bdi[contains(text(), \"OK\")]"}
COMMAND: POST /session/d4f675b322105372b3380f2dea3f05ac/element/f.73BB2000E1F4E36FD864906F51978B2B.d.3523352B804DA4C17F27BEBC6251240E.e.18131/click - {}
RESULT: {}
COMMAND: GET /session/d4f675b322105372b3380f2dea3f05ac/screenshot - {}
RESULT: {}
COMMAND: POST /session/d4f675b322105372b3380f2dea3f05ac/element - {"using":"xpath","value":"//button[@data-kt= \"execHoReceiveButton\"]"}
RESULT: {"using":"xpath","value":"//button[@data-kt= \"execHoReceiveButton\"]"}
COMMAND: POST /session/d4f675b322105372b3380f2dea3f05ac/element/f.73BB2000E1F4E36FD864906F51978B2B.d.3523352B804DA4C17F27BEBC6251240E.e.18133/click - {}
RESULT: {}
COMMAND: GET /session/d4f675b322105372b3380f2dea3f05ac/screenshot - {}
RESULT: {}
COMMAND: POST /session/d4f675b322105372b3380f2dea3f05ac/element - {"using":"xpath","value":"//input[contains(@id ,\"smartFilterBar-btnBasicSearch-I\")]"}
RESULT: {"using":"xpath","value":"//input[contains(@id ,\"smartFilterBar-btnBasicSearch-I\")]"}
COMMAND: POST /session/d4f675b322105372b3380f2dea3f05ac/elements - {"using":"xpath","value":"//input[contains(@id ,\"smartFilterBar-btnBasicSearch-I\")]"}
RESULT: {"using":"xpath","value":"//input[contains(@id ,\"smartFilterBar-btnBasicSearch-I\")]"}
COMMAND: POST /session/d4f675b322105372b3380f2dea3f05ac/execute/sync - {"script":"<script> [8489 bytes]","args":[{"element-6066-11e4-a52e-4f735466cecf":"f.73BB2000E1F4E36FD864906F51978B2B.d.3523352B804DA4C17F27BEBC6251240E.e.17389","ELEMENT":"f.73BB2000E1F4E36FD864906F51978B2B.d.3523352B804DA4C17F27BEBC6251240E.e.17389"}]}
RESULT: {"script":"<script> [8489 bytes]","args":[{"element-6066-11e4-a52e-4f735466cecf":"f.73BB2000E1F4E36FD864906F51978B2B.d.3523352B804DA4C17F27BEBC6251240E.e.17389","ELEMENT":"f.73BB2000E1F4E36FD864906F51978B2B.d.3523352B804DA4C17F27BEBC6251240E.e.17389"}]}
COMMAND: GET /session/d4f675b322105372b3380f2dea3f05ac/element/f.73BB2000E1F4E36FD864906F51978B2B.d.3523352B804DA4C17F27BEBC6251240E.e.17389/enabled - {}
COMMAND: GET /session/d4f675b322105372b3380f2dea3f05ac/screenshot - {}
RESULT: {}
COMMAND: POST /session/d4f675b322105372b3380f2dea3f05ac/element/f.73BB2000E1F4E36FD864906F51978B2B.d.3523352B804DA4C17F27BEBC6251240E.e.17389/clear - {}
COMMAND: GET /session/d4f675b322105372b3380f2dea3f05ac/screenshot - {}
RESULT: {}
RESULT: {}
COMMAND: POST /session/d4f675b322105372b3380f2dea3f05ac/element/f.73BB2000E1F4E36FD864906F51978B2B.d.3523352B804DA4C17F27BEBC6251240E.e.17389/value - {"text":"30745"}
COMMAND: GET /session/d4f675b322105372b3380f2dea3f05ac/screenshot - {}
RESULT: {}
RESULT: {"text":"30745"}
COMMAND: GET /session/d4f675b322105372b3380f2dea3f05ac/screenshot - {}
RESULT: {}
RESULT: {}
COMMAND: POST /session/d4f675b322105372b3380f2dea3f05ac/actions - {"actions":[{"id":"action55","type":"key","parameters":{},"actions":[{"type":"keyDown","value":""},{"type":"pause","duration":10},{"type":"keyUp","value":""}]}]}
RESULT: {"actions":[{"id":"action55","type":"key","parameters":{},"actions":[{"type":"keyDown","value":""},{"type":"pause","duration":10},{"type":"keyUp","value":""}]}]}
COMMAND: GET /session/d4f675b322105372b3380f2dea3f05ac/screenshot - {}
RESULT: {}
COMMAND: POST /session/d4f675b322105372b3380f2dea3f05ac/element - {"using":"xpath","value":"//span[contains(@id, \"smartTable-header-inner\")]"}
RESULT: {"using":"xpath","value":"//span[contains(@id, \"smartTable-header-inner\")]"}
COMMAND: POST /session/d4f675b322105372b3380f2dea3f05ac/elements - {"using":"xpath","value":"//span[contains(@id, \"smartTable-header-inner\")]"}
RESULT: {"using":"xpath","value":"//span[contains(@id, \"smartTable-header-inner\")]"}
COMMAND: POST /session/d4f675b322105372b3380f2dea3f05ac/execute/sync - {"script":"<script> [56 bytes]","args":[{"element-6066-11e4-a52e-4f735466cecf":"f.73BB2000E1F4E36FD864906F51978B2B.d.3523352B804DA4C17F27BEBC6251240E.e.17941","ELEMENT":"f.73BB2000E1F4E36FD864906F51978B2B.d.3523352B804DA4C17F27BEBC6251240E.e.17941"}]}
RESULT: {"script":"<script> [56 bytes]","args":[{"element-6066-11e4-a52e-4f735466cecf":"f.73BB2000E1F4E36FD864906F51978B2B.d.3523352B804DA4C17F27BEBC6251240E.e.17941","ELEMENT":"f.73BB2000E1F4E36FD864906F51978B2B.d.3523352B804DA4C17F27BEBC6251240E.e.17941"}]}
COMMAND: POST /session/d4f675b322105372b3380f2dea3f05ac/elements - {"using":"xpath","value":"//thead[contains(@class, \"sapMTableTH\")]/tr/th"}
COMMAND: GET /session/d4f675b322105372b3380f2dea3f05ac/screenshot - {}
RESULT: {"using":"xpath","value":"//thead[contains(@class, \"sapMTableTH\")]/tr/th"}
COMMAND: GET /session/d4f675b322105372b3380f2dea3f05ac/element/f.73BB2000E1F4E36FD864906F51978B2B.d.3523352B804DA4C17F27BEBC6251240E.e.18049/text - {}
RESULT: {}
RESULT: {}
COMMAND: GET /session/d4f675b322105372b3380f2dea3f05ac/element/f.73BB2000E1F4E36FD864906F51978B2B.d.3523352B804DA4C17F27BEBC6251240E.e.18050/text - {}
RESULT: {}
COMMAND: GET /session/d4f675b322105372b3380f2dea3f05ac/element/f.73BB2000E1F4E36FD864906F51978B2B.d.3523352B804DA4C17F27BEBC6251240E.e.17436/text - {}
RESULT: {}
COMMAND: GET /session/d4f675b322105372b3380f2dea3f05ac/element/f.73BB2000E1F4E36FD864906F51978B2B.d.3523352B804DA4C17F27BEBC6251240E.e.17438/text - {}
RESULT: {}
COMMAND: GET /session/d4f675b322105372b3380f2dea3f05ac/element/f.73BB2000E1F4E36FD864906F51978B2B.d.3523352B804DA4C17F27BEBC6251240E.e.18150/text - {}
RESULT: {}
COMMAND: GET /session/d4f675b322105372b3380f2dea3f05ac/element/f.73BB2000E1F4E36FD864906F51978B2B.d.3523352B804DA4C17F27BEBC6251240E.e.18151/text - {}
RESULT: {}
COMMAND: GET /session/d4f675b322105372b3380f2dea3f05ac/element/f.73BB2000E1F4E36FD864906F51978B2B.d.3523352B804DA4C17F27BEBC6251240E.e.18152/text - {}
RESULT: {}
COMMAND: GET /session/d4f675b322105372b3380f2dea3f05ac/element/f.73BB2000E1F4E36FD864906F51978B2B.d.3523352B804DA4C17F27BEBC6251240E.e.18153/text - {}
RESULT: {}
COMMAND: GET /session/d4f675b322105372b3380f2dea3f05ac/element/f.73BB2000E1F4E36FD864906F51978B2B.d.3523352B804DA4C17F27BEBC6251240E.e.18154/text - {}
RESULT: {}
COMMAND: GET /session/d4f675b322105372b3380f2dea3f05ac/element/f.73BB2000E1F4E36FD864906F51978B2B.d.3523352B804DA4C17F27BEBC6251240E.e.18155/text - {}
RESULT: {}
COMMAND: GET /session/d4f675b322105372b3380f2dea3f05ac/element/f.73BB2000E1F4E36FD864906F51978B2B.d.3523352B804DA4C17F27BEBC6251240E.e.18156/text - {}
RESULT: {}
COMMAND: GET /session/d4f675b322105372b3380f2dea3f05ac/element/f.73BB2000E1F4E36FD864906F51978B2B.d.3523352B804DA4C17F27BEBC6251240E.e.18157/text - {}
RESULT: {}
COMMAND: GET /session/d4f675b322105372b3380f2dea3f05ac/element/f.73BB2000E1F4E36FD864906F51978B2B.d.3523352B804DA4C17F27BEBC6251240E.e.18158/text - {}
RESULT: {}
COMMAND: GET /session/d4f675b322105372b3380f2dea3f05ac/element/f.73BB2000E1F4E36FD864906F51978B2B.d.3523352B804DA4C17F27BEBC6251240E.e.17439/text - {}
RESULT: {}
COMMAND: POST /session/d4f675b322105372b3380f2dea3f05ac/element - {"using":"xpath","value":"//tbody[contains(@id, \"customHandoversTable-tblBody\")]/tr[1]/td[14]/div/span"}
RESULT: {"using":"xpath","value":"//tbody[contains(@id, \"customHandoversTable-tblBody\")]/tr[1]/td[14]/div/span"}
COMMAND: POST /session/d4f675b322105372b3380f2dea3f05ac/execute/sync - {"script":"<script> [56 bytes]","args":[{"element-6066-11e4-a52e-4f735466cecf":"f.73BB2000E1F4E36FD864906F51978B2B.d.3523352B804DA4C17F27BEBC6251240E.e.18193","ELEMENT":"f.73BB2000E1F4E36FD864906F51978B2B.d.3523352B804DA4C17F27BEBC6251240E.e.18193"}]}
RESULT: {"script":"<script> [56 bytes]","args":[{"element-6066-11e4-a52e-4f735466cecf":"f.73BB2000E1F4E36FD864906F51978B2B.d.3523352B804DA4C17F27BEBC6251240E.e.18193","ELEMENT":"f.73BB2000E1F4E36FD864906F51978B2B.d.3523352B804DA4C17F27BEBC6251240E.e.18193"}]}
COMMAND: GET /session/d4f675b322105372b3380f2dea3f05ac/screenshot - {}
]]></system-out>
    </testcase>
    <testcase classname="chrome.136_0_7103_93.windows.Provide_to_Site_w/o_warehouse_management_w/o_clarification" name="Should Test for Handover Execution" time="13.223">
      <system-out><![CDATA[
COMMAND: POST /session/d4f675b322105372b3380f2dea3f05ac/element - {"using":"xpath","value":"(//span[contains(@id, \"imgNav\")])[1]"}
RESULT: {}
RESULT: {"using":"xpath","value":"(//span[contains(@id, \"imgNav\")])[1]"}
COMMAND: POST /session/d4f675b322105372b3380f2dea3f05ac/element/f.73BB2000E1F4E36FD864906F51978B2B.d.3523352B804DA4C17F27BEBC6251240E.e.18168/click - {}
RESULT: {}
COMMAND: GET /session/d4f675b322105372b3380f2dea3f05ac/screenshot - {}
RESULT: {}
COMMAND: POST /session/d4f675b322105372b3380f2dea3f05ac/element - {"using":"css selector","value":"#shell-header-logo"}
RESULT: {"using":"css selector","value":"#shell-header-logo"}
COMMAND: POST /session/d4f675b322105372b3380f2dea3f05ac/element/f.73BB2000E1F4E36FD864906F51978B2B.d.3523352B804DA4C17F27BEBC6251240E.e.16691/click - {}
RESULT: {}
COMMAND: GET /session/d4f675b322105372b3380f2dea3f05ac/screenshot - {}
RESULT: {}
]]></system-out>
    </testcase>
    <testcase classname="chrome.136_0_7103_93.windows.Provide_to_Site_w/o_warehouse_management_w/o_clarification" name="Should test for Clarification" time="0.005">
      <system-out><![CDATA[
COMMAND: POST /session/d4f675b322105372b3380f2dea3f05ac/element - {"using":"css selector","value":"#j_username"}
COMMAND: POST /session/d4f675b322105372b3380f2dea3f05ac/url - {"url":"https://qa-testing-00-live-etm-ui.cfapps.eu10-004.hana.ondemand.com/"}
RESULT: {"using":"css selector","value":"#j_username"}
COMMAND: POST /session/d4f675b322105372b3380f2dea3f05ac/element - {"using":"css selector","value":"#j_username"}
RESULT: {"url":"https://qa-testing-00-live-etm-ui.cfapps.eu10-004.hana.ondemand.com/"}
RESULT: undefined
COMMAND: GET /session/d4f675b322105372b3380f2dea3f05ac/screenshot - {}
RESULT: {"using":"css selector","value":"#j_username"}
COMMAND: POST /session/d4f675b322105372b3380f2dea3f05ac/element - {"using":"css selector","value":"#shell-header-logo"}
RESULT: {}
RESULT: {"using":"css selector","value":"#shell-header-logo"}
COMMAND: POST /session/d4f675b322105372b3380f2dea3f05ac/execute/sync - {"script":"<script> [8489 bytes]","args":[{"element-6066-11e4-a52e-4f735466cecf":"f.73BB2000E1F4E36FD864906F51978B2B.d.B3A21B4F9DAA7819A67A0B648403357D.e.18234","ELEMENT":"f.73BB2000E1F4E36FD864906F51978B2B.d.B3A21B4F9DAA7819A67A0B648403357D.e.18234"}]}
RESULT: {"script":"<script> [8489 bytes]","args":[{"element-6066-11e4-a52e-4f735466cecf":"f.73BB2000E1F4E36FD864906F51978B2B.d.B3A21B4F9DAA7819A67A0B648403357D.e.18234","ELEMENT":"f.73BB2000E1F4E36FD864906F51978B2B.d.B3A21B4F9DAA7819A67A0B648403357D.e.18234"}]}
COMMAND: POST /session/d4f675b322105372b3380f2dea3f05ac/element - {"using":"css selector","value":"#shell-header-logo"}
COMMAND: GET /session/d4f675b322105372b3380f2dea3f05ac/screenshot - {}
RESULT: {"using":"css selector","value":"#shell-header-logo"}
COMMAND: POST /session/d4f675b322105372b3380f2dea3f05ac/execute/sync - {"script":"<script> [8489 bytes]","args":[{"element-6066-11e4-a52e-4f735466cecf":"f.73BB2000E1F4E36FD864906F51978B2B.d.B3A21B4F9DAA7819A67A0B648403357D.e.18234","ELEMENT":"f.73BB2000E1F4E36FD864906F51978B2B.d.B3A21B4F9DAA7819A67A0B648403357D.e.18234"}]}
RESULT: {}
RESULT: {"script":"<script> [8489 bytes]","args":[{"element-6066-11e4-a52e-4f735466cecf":"f.73BB2000E1F4E36FD864906F51978B2B.d.B3A21B4F9DAA7819A67A0B648403357D.e.18234","ELEMENT":"f.73BB2000E1F4E36FD864906F51978B2B.d.B3A21B4F9DAA7819A67A0B648403357D.e.18234"}]}
COMMAND: POST /session/d4f675b322105372b3380f2dea3f05ac/execute/sync - {"script":"<script> [5351 bytes]","args":[{"element-6066-11e4-a52e-4f735466cecf":"f.73BB2000E1F4E36FD864906F51978B2B.d.B3A21B4F9DAA7819A67A0B648403357D.e.18234","ELEMENT":"f.73BB2000E1F4E36FD864906F51978B2B.d.B3A21B4F9DAA7819A67A0B648403357D.e.18234"}]}
COMMAND: GET /session/d4f675b322105372b3380f2dea3f05ac/screenshot - {}
RESULT: {"script":"<script> [5351 bytes]","args":[{"element-6066-11e4-a52e-4f735466cecf":"f.73BB2000E1F4E36FD864906F51978B2B.d.B3A21B4F9DAA7819A67A0B648403357D.e.18234","ELEMENT":"f.73BB2000E1F4E36FD864906F51978B2B.d.B3A21B4F9DAA7819A67A0B648403357D.e.18234"}]}
COMMAND: POST /session/d4f675b322105372b3380f2dea3f05ac/element - {"using":"css selector","value":"#shell-header-logo"}
COMMAND: GET /session/d4f675b322105372b3380f2dea3f05ac/screenshot - {}
RESULT: {}
RESULT: {"using":"css selector","value":"#shell-header-logo"}
COMMAND: POST /session/d4f675b322105372b3380f2dea3f05ac/element/f.73BB2000E1F4E36FD864906F51978B2B.d.B3A21B4F9DAA7819A67A0B648403357D.e.18234/click - {}
RESULT: {}
RESULT: {}
COMMAND: GET /session/d4f675b322105372b3380f2dea3f05ac/screenshot - {}
RESULT: {}
COMMAND: POST /session/d4f675b322105372b3380f2dea3f05ac/execute/async - {"script":"<script> [189 bytes]","args":[]}
RESULT: {"script":"<script> [189 bytes]","args":[]}
COMMAND: POST /session/d4f675b322105372b3380f2dea3f05ac/execute/async - {"script":"<script> [123 bytes]","args":[]}
RESULT: {"script":"<script> [123 bytes]","args":[]}
COMMAND: POST /session/d4f675b322105372b3380f2dea3f05ac/timeouts - {"script":"<number>"}
RESULT: {"script":"<number>"}
COMMAND: GET /session/d4f675b322105372b3380f2dea3f05ac/timeouts - {}
RESULT: {}
RESULT: undefined
COMMAND: POST /session/d4f675b322105372b3380f2dea3f05ac/execute/async - {"script":"<script> [2676 bytes]","args":[]}
RESULT: {"script":"<script> [2676 bytes]","args":[]}
COMMAND: POST /session/d4f675b322105372b3380f2dea3f05ac/execute/async - {"script":"<script> [2342 bytes]","args":[{"protocol":"http","hostname":"0.0.0.0","path":"/","capabilities":{"browserName":"chrome","goog:chromeOptions":{"binary":"C:\\Program Files\\Google\\Chrome\\Application\\chrome.exe","args":["--start-maximized"]}},"logLevel":"warn","connectionRetryTimeout":120000,"connectionRetryCount":3,"logLevels":{},"enableDirectConnect":true,"strictSSL":true,"_":"65 more keys: [\"cacheDir\",\"port\",\"requestedCapabilities\",\"automationProtocol\",\"baseUrl\",\"waitforInterval\",\"waitforTimeout\",\"onReload\",\"beforeCommand\",\"afterCommand\",\"rootDir\",\"specs\",\"suites\",\"exclude\",\"groupLogsByTestSpec\",\"excludeDriverLogs\",\"bail\",\"framework\",\"reporters\",\"services\",\"maxInstances\",\"maxInstancesPerCapability\",\"injectGlobals\",\"filesToWatch\",\"execArgv\",\"runnerEnv\",\"runner\",\"shard\",\"specFileRetries\",\"specFileRetriesDelay\",\"specFileRetriesDeferred\",\"reporterSyncInterval\",\"reporterSyncTimeout\",\"cucumberFeaturesWithLineNumbers\",\"autoCompileOpts\",\"mochaOpts\",\"jasmineOpts\",\"cucumberOpts\",\"onPrepare\",\"onWorkerStart\",\"onWorkerEnd\",\"before\",\"beforeSession\",\"beforeSuite\",\"beforeHook\",\"beforeTest\",\"afterTest\",\"afterHook\",\"afterSuite\",\"afterSession\",\"after\",\"onComplete\",\"beforeAssertion\",\"afterAssertion\",\"beforeFeature\",\"beforeScenario\",\"beforeStep\",\"afterStep\",\"afterScenario\",\"afterFeature\",\"_\",\"suite\",\"$0\",\"ignoredWorkerServices\",\"wdi5\"]"}]}
RESULT: {"script":"<script> [2342 bytes]","args":[{"protocol":"http","hostname":"0.0.0.0","path":"/","capabilities":{"browserName":"chrome","goog:chromeOptions":{"binary":"C:\\Program Files\\Google\\Chrome\\Application\\chrome.exe","args":["--start-maximized"]}},"logLevel":"warn","connectionRetryTimeout":120000,"connectionRetryCount":3,"logLevels":{},"enableDirectConnect":true,"strictSSL":true,"_":"65 more keys: [\"cacheDir\",\"port\",\"requestedCapabilities\",\"automationProtocol\",\"baseUrl\",\"waitforInterval\",\"waitforTimeout\",\"onReload\",\"beforeCommand\",\"afterCommand\",\"rootDir\",\"specs\",\"suites\",\"exclude\",\"groupLogsByTestSpec\",\"excludeDriverLogs\",\"bail\",\"framework\",\"reporters\",\"services\",\"maxInstances\",\"maxInstancesPerCapability\",\"injectGlobals\",\"filesToWatch\",\"execArgv\",\"runnerEnv\",\"runner\",\"shard\",\"specFileRetries\",\"specFileRetriesDelay\",\"specFileRetriesDeferred\",\"reporterSyncInterval\",\"reporterSyncTimeout\",\"cucumberFeaturesWithLineNumbers\",\"autoCompileOpts\",\"mochaOpts\",\"jasmineOpts\",\"cucumberOpts\",\"onPrepare\",\"onWorkerStart\",\"onWorkerEnd\",\"before\",\"beforeSession\",\"beforeSuite\",\"beforeHook\",\"beforeTest\",\"afterTest\",\"afterHook\",\"afterSuite\",\"afterSession\",\"after\",\"onComplete\",\"beforeAssertion\",\"afterAssertion\",\"beforeFeature\",\"beforeScenario\",\"beforeStep\",\"afterStep\",\"afterScenario\",\"afterFeature\",\"_\",\"suite\",\"$0\",\"ignoredWorkerServices\",\"wdi5\"]"}]}
COMMAND: POST /session/d4f675b322105372b3380f2dea3f05ac/execute/async - {"script":"<script> [21126 bytes]","args":[35000]}
RESULT: {"script":"<script> [21126 bytes]","args":[35000]}
COMMAND: POST /session/d4f675b322105372b3380f2dea3f05ac/window/maximize - {}
RESULT: {}
COMMAND: POST /session/d4f675b322105372b3380f2dea3f05ac/execute/async - {"script":"<script> [1562 bytes]","args":[{"selector":{"id":"shell-header","interaction":{"idSuffix":"icon"}},"wdio_ui5_key":"shellheader"}]}
COMMAND: GET /session/d4f675b322105372b3380f2dea3f05ac/screenshot - {}
RESULT: {"script":"<script> [1562 bytes]","args":[{"selector":{"id":"shell-header","interaction":{"idSuffix":"icon"}},"wdio_ui5_key":"shellheader"}]}
RESULT: undefined
COMMAND: POST /session/d4f675b322105372b3380f2dea3f05ac/refresh - {}
RESULT: {}
RESULT: {}
COMMAND: GET /session/d4f675b322105372b3380f2dea3f05ac/screenshot - {}
RESULT: {}
COMMAND: POST /session/d4f675b322105372b3380f2dea3f05ac/refresh - {}
RESULT: {}
COMMAND: GET /session/d4f675b322105372b3380f2dea3f05ac/screenshot - {}
RESULT: {}
COMMAND: POST /session/d4f675b322105372b3380f2dea3f05ac/window/fullscreen - {}
RESULT: {}
COMMAND: POST /session/d4f675b322105372b3380f2dea3f05ac/execute/async - {"script":"<script> [189 bytes]","args":[]}
RESULT: {"script":"<script> [189 bytes]","args":[]}
COMMAND: POST /session/d4f675b322105372b3380f2dea3f05ac/execute/async - {"script":"<script> [123 bytes]","args":[]}
RESULT: {"script":"<script> [123 bytes]","args":[]}
COMMAND: POST /session/d4f675b322105372b3380f2dea3f05ac/timeouts - {"script":"<number>"}
RESULT: {"script":"<number>"}
COMMAND: GET /session/d4f675b322105372b3380f2dea3f05ac/timeouts - {}
RESULT: {}
RESULT: undefined
COMMAND: POST /session/d4f675b322105372b3380f2dea3f05ac/execute/async - {"script":"<script> [2676 bytes]","args":[]}
RESULT: {"script":"<script> [2676 bytes]","args":[]}
COMMAND: POST /session/d4f675b322105372b3380f2dea3f05ac/execute/async - {"script":"<script> [2342 bytes]","args":[{"protocol":"http","hostname":"0.0.0.0","path":"/","capabilities":{"browserName":"chrome","goog:chromeOptions":{"binary":"C:\\Program Files\\Google\\Chrome\\Application\\chrome.exe","args":["--start-maximized"]}},"logLevel":"warn","connectionRetryTimeout":120000,"connectionRetryCount":3,"logLevels":{},"enableDirectConnect":true,"strictSSL":true,"_":"65 more keys: [\"cacheDir\",\"port\",\"requestedCapabilities\",\"automationProtocol\",\"baseUrl\",\"waitforInterval\",\"waitforTimeout\",\"onReload\",\"beforeCommand\",\"afterCommand\",\"rootDir\",\"specs\",\"suites\",\"exclude\",\"groupLogsByTestSpec\",\"excludeDriverLogs\",\"bail\",\"framework\",\"reporters\",\"services\",\"maxInstances\",\"maxInstancesPerCapability\",\"injectGlobals\",\"filesToWatch\",\"execArgv\",\"runnerEnv\",\"runner\",\"shard\",\"specFileRetries\",\"specFileRetriesDelay\",\"specFileRetriesDeferred\",\"reporterSyncInterval\",\"reporterSyncTimeout\",\"cucumberFeaturesWithLineNumbers\",\"autoCompileOpts\",\"mochaOpts\",\"jasmineOpts\",\"cucumberOpts\",\"onPrepare\",\"onWorkerStart\",\"onWorkerEnd\",\"before\",\"beforeSession\",\"beforeSuite\",\"beforeHook\",\"beforeTest\",\"afterTest\",\"afterHook\",\"afterSuite\",\"afterSession\",\"after\",\"onComplete\",\"beforeAssertion\",\"afterAssertion\",\"beforeFeature\",\"beforeScenario\",\"beforeStep\",\"afterStep\",\"afterScenario\",\"afterFeature\",\"_\",\"suite\",\"$0\",\"ignoredWorkerServices\",\"wdi5\"]"}]}
RESULT: {"script":"<script> [2342 bytes]","args":[{"protocol":"http","hostname":"0.0.0.0","path":"/","capabilities":{"browserName":"chrome","goog:chromeOptions":{"binary":"C:\\Program Files\\Google\\Chrome\\Application\\chrome.exe","args":["--start-maximized"]}},"logLevel":"warn","connectionRetryTimeout":120000,"connectionRetryCount":3,"logLevels":{},"enableDirectConnect":true,"strictSSL":true,"_":"65 more keys: [\"cacheDir\",\"port\",\"requestedCapabilities\",\"automationProtocol\",\"baseUrl\",\"waitforInterval\",\"waitforTimeout\",\"onReload\",\"beforeCommand\",\"afterCommand\",\"rootDir\",\"specs\",\"suites\",\"exclude\",\"groupLogsByTestSpec\",\"excludeDriverLogs\",\"bail\",\"framework\",\"reporters\",\"services\",\"maxInstances\",\"maxInstancesPerCapability\",\"injectGlobals\",\"filesToWatch\",\"execArgv\",\"runnerEnv\",\"runner\",\"shard\",\"specFileRetries\",\"specFileRetriesDelay\",\"specFileRetriesDeferred\",\"reporterSyncInterval\",\"reporterSyncTimeout\",\"cucumberFeaturesWithLineNumbers\",\"autoCompileOpts\",\"mochaOpts\",\"jasmineOpts\",\"cucumberOpts\",\"onPrepare\",\"onWorkerStart\",\"onWorkerEnd\",\"before\",\"beforeSession\",\"beforeSuite\",\"beforeHook\",\"beforeTest\",\"afterTest\",\"afterHook\",\"afterSuite\",\"afterSession\",\"after\",\"onComplete\",\"beforeAssertion\",\"afterAssertion\",\"beforeFeature\",\"beforeScenario\",\"beforeStep\",\"afterStep\",\"afterScenario\",\"afterFeature\",\"_\",\"suite\",\"$0\",\"ignoredWorkerServices\",\"wdi5\"]"}]}
COMMAND: POST /session/d4f675b322105372b3380f2dea3f05ac/execute/async - {"script":"<script> [21126 bytes]","args":[35000]}
RESULT: {"script":"<script> [21126 bytes]","args":[35000]}
]]></system-out>
    </testcase>
  </testsuite>
  <testsuite timestamp="2025-05-28T17:10:21" time="172.391" tests="6" failures="0" errors="0" skipped="0">
    <properties>
      <property name="specId" value="0"/>
      <property name="suiteName" value="Return from Site w/ warehouse management w/ clarification US125588"/>
      <property name="capabilities" value="chrome.136_0_7103_93.windows"/>
      <property name="file" value="file:///D:/a/1/s/test/specs/HTR/return-from-site-w-warehouse-management-w-clarification.spec.js"/>
    </properties>
    <testcase classname="chrome.136_0_7103_93.windows.Return_from_Site_w/_warehouse_management_w/_clarification_US125588" name="Should create a new WHM yard" time="0.012">
      <system-out><![CDATA[
COMMAND: POST /session/d4f675b322105372b3380f2dea3f05ac/window/fullscreen - {}
RESULT: {}
]]></system-out>
    </testcase>
    <testcase classname="chrome.136_0_7103_93.windows.Return_from_Site_w/_warehouse_management_w/_clarification_US125588" name="Should create a new external WHM partner" time="0.005"/>
    <testcase classname="chrome.136_0_7103_93.windows.Return_from_Site_w/_warehouse_management_w/_clarification_US125588" name="Should create a new WHM site" time="0.003"/>
    <testcase classname="chrome.136_0_7103_93.windows.Return_from_Site_w/_warehouse_management_w/_clarification_US125588" name="Should create a new material" time="123.414">
      <system-out><![CDATA[
COMMAND: POST /session/d4f675b322105372b3380f2dea3f05ac/execute/async - {"script":"<script> [1562 bytes]","args":[{"selector":{"controlType":"sap.m.GenericTile","properties":{"header":"Manage Resources"}},"wdio_ui5_key":"sapm.GenericTile{\"header\":\"Manage Resources\"}"}]}
RESULT: {"script":"<script> [1562 bytes]","args":[{"selector":{"controlType":"sap.m.GenericTile","properties":{"header":"Manage Resources"}},"wdio_ui5_key":"sapm.GenericTile{\"header\":\"Manage Resources\"}"}]}
RESULT: undefined
COMMAND: POST /session/d4f675b322105372b3380f2dea3f05ac/element - {"using":"xpath","value":"//*[@id=\"__tile39\"]"}
RESULT: {"using":"xpath","value":"//*[@id=\"__tile39\"]"}
COMMAND: POST /session/d4f675b322105372b3380f2dea3f05ac/element/f.73BB2000E1F4E36FD864906F51978B2B.d.4A152D0F276D3094D554AE1B76253C14.e.18403/click - {}
RESULT: {}
COMMAND: GET /session/d4f675b322105372b3380f2dea3f05ac/screenshot - {}
RESULT: {}
COMMAND: POST /session/d4f675b322105372b3380f2dea3f05ac/elements - {"using":"xpath","value":"//span[text()='Error']"}
RESULT: {"using":"xpath","value":"//span[text()='Error']"}
COMMAND: POST /session/d4f675b322105372b3380f2dea3f05ac/element - {"using":"xpath","value":"//button[@data-kt=\"addNewRUOverflowToolbarButton\"]"}
RESULT: {"using":"xpath","value":"//button[@data-kt=\"addNewRUOverflowToolbarButton\"]"}
COMMAND: POST /session/d4f675b322105372b3380f2dea3f05ac/elements - {"using":"xpath","value":"//button[@data-kt=\"addNewRUOverflowToolbarButton\"]"}
RESULT: {"using":"xpath","value":"//button[@data-kt=\"addNewRUOverflowToolbarButton\"]"}
COMMAND: POST /session/d4f675b322105372b3380f2dea3f05ac/elements - {"using":"xpath","value":"//button[@data-kt=\"addNewRUOverflowToolbarButton\"]"}
RESULT: {"using":"xpath","value":"//button[@data-kt=\"addNewRUOverflowToolbarButton\"]"}
COMMAND: POST /session/d4f675b322105372b3380f2dea3f05ac/element - {"using":"xpath","value":"//button[@data-kt=\"addNewRUOverflowToolbarButton\"]"}
RESULT: {"using":"xpath","value":"//button[@data-kt=\"addNewRUOverflowToolbarButton\"]"}
COMMAND: POST /session/d4f675b322105372b3380f2dea3f05ac/execute/sync - {"script":"<script> [8489 bytes]","args":[{"element-6066-11e4-a52e-4f735466cecf":"f.73BB2000E1F4E36FD864906F51978B2B.d.4A152D0F276D3094D554AE1B76253C14.e.18542","ELEMENT":"f.73BB2000E1F4E36FD864906F51978B2B.d.4A152D0F276D3094D554AE1B76253C14.e.18542"}]}
RESULT: {"script":"<script> [8489 bytes]","args":[{"element-6066-11e4-a52e-4f735466cecf":"f.73BB2000E1F4E36FD864906F51978B2B.d.4A152D0F276D3094D554AE1B76253C14.e.18542","ELEMENT":"f.73BB2000E1F4E36FD864906F51978B2B.d.4A152D0F276D3094D554AE1B76253C14.e.18542"}]}
COMMAND: GET /session/d4f675b322105372b3380f2dea3f05ac/element/f.73BB2000E1F4E36FD864906F51978B2B.d.4A152D0F276D3094D554AE1B76253C14.e.18542/enabled - {}
COMMAND: GET /session/d4f675b322105372b3380f2dea3f05ac/screenshot - {}
RESULT: {}
COMMAND: POST /session/d4f675b322105372b3380f2dea3f05ac/execute/sync - {"script":"<script> [8489 bytes]","args":[{"element-6066-11e4-a52e-4f735466cecf":"f.73BB2000E1F4E36FD864906F51978B2B.d.4A152D0F276D3094D554AE1B76253C14.e.18542","ELEMENT":"f.73BB2000E1F4E36FD864906F51978B2B.d.4A152D0F276D3094D554AE1B76253C14.e.18542"}]}
COMMAND: GET /session/d4f675b322105372b3380f2dea3f05ac/screenshot - {}
RESULT: {}
RESULT: {"script":"<script> [8489 bytes]","args":[{"element-6066-11e4-a52e-4f735466cecf":"f.73BB2000E1F4E36FD864906F51978B2B.d.4A152D0F276D3094D554AE1B76253C14.e.18542","ELEMENT":"f.73BB2000E1F4E36FD864906F51978B2B.d.4A152D0F276D3094D554AE1B76253C14.e.18542"}]}
COMMAND: POST /session/d4f675b322105372b3380f2dea3f05ac/execute/sync - {"script":"<script> [5351 bytes]","args":[{"element-6066-11e4-a52e-4f735466cecf":"f.73BB2000E1F4E36FD864906F51978B2B.d.4A152D0F276D3094D554AE1B76253C14.e.18542","ELEMENT":"f.73BB2000E1F4E36FD864906F51978B2B.d.4A152D0F276D3094D554AE1B76253C14.e.18542"}]}
COMMAND: GET /session/d4f675b322105372b3380f2dea3f05ac/screenshot - {}
RESULT: {}
RESULT: {"script":"<script> [5351 bytes]","args":[{"element-6066-11e4-a52e-4f735466cecf":"f.73BB2000E1F4E36FD864906F51978B2B.d.4A152D0F276D3094D554AE1B76253C14.e.18542","ELEMENT":"f.73BB2000E1F4E36FD864906F51978B2B.d.4A152D0F276D3094D554AE1B76253C14.e.18542"}]}
COMMAND: POST /session/d4f675b322105372b3380f2dea3f05ac/element/f.73BB2000E1F4E36FD864906F51978B2B.d.4A152D0F276D3094D554AE1B76253C14.e.18542/click - {}
COMMAND: GET /session/d4f675b322105372b3380f2dea3f05ac/screenshot - {}
RESULT: {}
RESULT: {}
COMMAND: GET /session/d4f675b322105372b3380f2dea3f05ac/screenshot - {}
COMMAND: POST /session/d4f675b322105372b3380f2dea3f05ac/execute/async - {"script":"<script> [1562 bytes]","args":[{"selector":{"id":"application-manageresources-display-component---newResourceUnit--TYPE-arrow"},"wdio_ui5_key":"applicationmanageresources-display-component---newResourceUnit--TYPE-arrow"}]}
RESULT: {}
RESULT: {}
RESULT: {"script":"<script> [1562 bytes]","args":[{"selector":{"id":"application-manageresources-display-component---newResourceUnit--TYPE-arrow"},"wdio_ui5_key":"applicationmanageresources-display-component---newResourceUnit--TYPE-arrow"}]}
RESULT: undefined
COMMAND: POST /session/d4f675b322105372b3380f2dea3f05ac/element - {"using":"xpath","value":"//*[@id=\"application-manageresources-display-component---newResourceUnit--TYPE-arrow\"]"}
RESULT: {"using":"xpath","value":"//*[@id=\"application-manageresources-display-component---newResourceUnit--TYPE-arrow\"]"}
COMMAND: POST /session/d4f675b322105372b3380f2dea3f05ac/element/f.73BB2000E1F4E36FD864906F51978B2B.d.4A152D0F276D3094D554AE1B76253C14.e.18903/click - {}
RESULT: {}
COMMAND: POST /session/d4f675b322105372b3380f2dea3f05ac/element - {"using":"xpath","value":"//input[@id=\"application-manageresources-display-component---newResourceUnit--TYPE-inner\"]"}
COMMAND: GET /session/d4f675b322105372b3380f2dea3f05ac/screenshot - {}
RESULT: {"using":"xpath","value":"//input[@id=\"application-manageresources-display-component---newResourceUnit--TYPE-inner\"]"}
COMMAND: POST /session/d4f675b322105372b3380f2dea3f05ac/element/f.73BB2000E1F4E36FD864906F51978B2B.d.4A152D0F276D3094D554AE1B76253C14.e.18892/clear - {}
RESULT: {}
RESULT: {}
COMMAND: POST /session/d4f675b322105372b3380f2dea3f05ac/element/f.73BB2000E1F4E36FD864906F51978B2B.d.4A152D0F276D3094D554AE1B76253C14.e.18892/value - {"text":"Material"}
COMMAND: GET /session/d4f675b322105372b3380f2dea3f05ac/screenshot - {}
RESULT: {"text":"Material"}
COMMAND: GET /session/d4f675b322105372b3380f2dea3f05ac/screenshot - {}
RESULT: {}
RESULT: {}
COMMAND: POST /session/d4f675b322105372b3380f2dea3f05ac/actions - {"actions":[{"id":"action56","type":"key","parameters":{},"actions":[{"type":"keyDown","value":""},{"type":"pause","duration":10},{"type":"keyUp","value":""}]}]}
RESULT: {"actions":[{"id":"action56","type":"key","parameters":{},"actions":[{"type":"keyDown","value":""},{"type":"pause","duration":10},{"type":"keyUp","value":""}]}]}
COMMAND: POST /session/d4f675b322105372b3380f2dea3f05ac/execute/async - {"script":"<script> [1562 bytes]","args":[{"selector":{"id":"application-manageresources-display-component---newResourceUnit--SHORT_TEXT","interaction":{"idSuffix":"inner"}},"wdio_ui5_key":"applicationmanageresources-display-component---newResourceUnit--SHORT_TEXT"}]}
COMMAND: GET /session/d4f675b322105372b3380f2dea3f05ac/screenshot - {}
RESULT: {"script":"<script> [1562 bytes]","args":[{"selector":{"id":"application-manageresources-display-component---newResourceUnit--SHORT_TEXT","interaction":{"idSuffix":"inner"}},"wdio_ui5_key":"applicationmanageresources-display-component---newResourceUnit--SHORT_TEXT"}]}
RESULT: undefined
COMMAND: POST /session/d4f675b322105372b3380f2dea3f05ac/execute/async - {"script":"<script> [776 bytes]","args":[{"enterText":"Cement WDIO","selector":{"id":"application-manageresources-display-component---newResourceUnit--SHORT_TEXT","interaction":{"idSuffix":"inner"}},"clearTextFirst":true,"interactionType":"ENTER_TEXT"}]}
RESULT: {}
RESULT: {"script":"<script> [776 bytes]","args":[{"enterText":"Cement WDIO","selector":{"id":"application-manageresources-display-component---newResourceUnit--SHORT_TEXT","interaction":{"idSuffix":"inner"}},"clearTextFirst":true,"interactionType":"ENTER_TEXT"}]}
COMMAND: POST /session/d4f675b322105372b3380f2dea3f05ac/execute/async - {"script":"<script> [1562 bytes]","args":[{"selector":{"id":"application-manageresources-display-component---newResourceUnit--BASE_UNIT_OF_MEASURE","interaction":{"idSuffix":"inner"}},"wdio_ui5_key":"applicationmanageresources-display-component---newResourceUnit--BASE_UNIT_OF_MEASURE"}]}
RESULT: {"script":"<script> [1562 bytes]","args":[{"selector":{"id":"application-manageresources-display-component---newResourceUnit--BASE_UNIT_OF_MEASURE","interaction":{"idSuffix":"inner"}},"wdio_ui5_key":"applicationmanageresources-display-component---newResourceUnit--BASE_UNIT_OF_MEASURE"}]}
RESULT: undefined
COMMAND: POST /session/d4f675b322105372b3380f2dea3f05ac/execute/async - {"script":"<script> [776 bytes]","args":[{"enterText":"Piece","selector":{"id":"application-manageresources-display-component---newResourceUnit--BASE_UNIT_OF_MEASURE","interaction":{"idSuffix":"inner"}},"clearTextFirst":true,"interactionType":"ENTER_TEXT"}]}
RESULT: {"script":"<script> [776 bytes]","args":[{"enterText":"Piece","selector":{"id":"application-manageresources-display-component---newResourceUnit--BASE_UNIT_OF_MEASURE","interaction":{"idSuffix":"inner"}},"clearTextFirst":true,"interactionType":"ENTER_TEXT"}]}
COMMAND: POST /session/d4f675b322105372b3380f2dea3f05ac/execute/async - {"script":"<script> [1562 bytes]","args":[{"selector":{"id":"application-manageresources-display-component---newResourceUnit--WEIGHT_UNIT","interaction":{"idSuffix":"inner"}},"wdio_ui5_key":"applicationmanageresources-display-component---newResourceUnit--WEIGHT_UNIT"}]}
RESULT: {"script":"<script> [1562 bytes]","args":[{"selector":{"id":"application-manageresources-display-component---newResourceUnit--WEIGHT_UNIT","interaction":{"idSuffix":"inner"}},"wdio_ui5_key":"applicationmanageresources-display-component---newResourceUnit--WEIGHT_UNIT"}]}
RESULT: undefined
COMMAND: POST /session/d4f675b322105372b3380f2dea3f05ac/execute/async - {"script":"<script> [776 bytes]","args":[{"enterText":"Gram","selector":{"id":"application-manageresources-display-component---newResourceUnit--WEIGHT_UNIT","interaction":{"idSuffix":"inner"}},"clearTextFirst":true,"interactionType":"ENTER_TEXT"}]}
RESULT: {"script":"<script> [776 bytes]","args":[{"enterText":"Gram","selector":{"id":"application-manageresources-display-component---newResourceUnit--WEIGHT_UNIT","interaction":{"idSuffix":"inner"}},"clearTextFirst":true,"interactionType":"ENTER_TEXT"}]}
COMMAND: POST /session/d4f675b322105372b3380f2dea3f05ac/execute/async - {"script":"<script> [1562 bytes]","args":[{"selector":{"id":"application-manageresources-display-component---newResourceUnit--DIMENSION_UNIT","interaction":{"idSuffix":"inner"}},"wdio_ui5_key":"applicationmanageresources-display-component---newResourceUnit--DIMENSION_UNIT"}]}
RESULT: {"script":"<script> [1562 bytes]","args":[{"selector":{"id":"application-manageresources-display-component---newResourceUnit--DIMENSION_UNIT","interaction":{"idSuffix":"inner"}},"wdio_ui5_key":"applicationmanageresources-display-component---newResourceUnit--DIMENSION_UNIT"}]}
RESULT: undefined
COMMAND: POST /session/d4f675b322105372b3380f2dea3f05ac/execute/async - {"script":"<script> [776 bytes]","args":[{"enterText":"Meter","selector":{"id":"application-manageresources-display-component---newResourceUnit--DIMENSION_UNIT","interaction":{"idSuffix":"inner"}},"clearTextFirst":true,"interactionType":"ENTER_TEXT"}]}
RESULT: {"script":"<script> [776 bytes]","args":[{"enterText":"Meter","selector":{"id":"application-manageresources-display-component---newResourceUnit--DIMENSION_UNIT","interaction":{"idSuffix":"inner"}},"clearTextFirst":true,"interactionType":"ENTER_TEXT"}]}
COMMAND: POST /session/d4f675b322105372b3380f2dea3f05ac/execute/async - {"script":"<script> [1562 bytes]","args":[{"selector":{"id":"application-manageresources-display-component---newResourceUnit--newRRUPage-anchBar-application-manageresources-display-component---newResourceUnit--control-anchor","interaction":{"idSuffix":"BDI-content"}},"wdio_ui5_key":"applicationmanageresources-display-component---newResourceUnit--newRRUPage-anchBar-application-manageresources-display-component---newResourceUnit--control-anchor"}]}
RESULT: {"script":"<script> [1562 bytes]","args":[{"selector":{"id":"application-manageresources-display-component---newResourceUnit--newRRUPage-anchBar-application-manageresources-display-component---newResourceUnit--control-anchor","interaction":{"idSuffix":"BDI-content"}},"wdio_ui5_key":"applicationmanageresources-display-component---newResourceUnit--newRRUPage-anchBar-application-manageresources-display-component---newResourceUnit--control-anchor"}]}
RESULT: undefined
COMMAND: POST /session/d4f675b322105372b3380f2dea3f05ac/element - {"using":"xpath","value":"//*[@id=\"application-manageresources-display-component---newResourceUnit--newRRUPage-anchBar-application-manageresources-display-component---newResourceUnit--control-anchor\"]"}
RESULT: {"using":"xpath","value":"//*[@id=\"application-manageresources-display-component---newResourceUnit--newRRUPage-anchBar-application-manageresources-display-component---newResourceUnit--control-anchor\"]"}
COMMAND: POST /session/d4f675b322105372b3380f2dea3f05ac/element/f.73BB2000E1F4E36FD864906F51978B2B.d.4A152D0F276D3094D554AE1B76253C14.e.19035/click - {}
RESULT: {}
COMMAND: POST /session/d4f675b322105372b3380f2dea3f05ac/execute/async - {"script":"<script> [1562 bytes]","args":[{"selector":{"id":"application-manageresources-display-component---newResourceUnit--PLANNING_GROUP","interaction":{"idSuffix":"inner"}},"wdio_ui5_key":"applicationmanageresources-display-component---newResourceUnit--PLANNING_GROUP"}]}
COMMAND: GET /session/d4f675b322105372b3380f2dea3f05ac/screenshot - {}
RESULT: {"script":"<script> [1562 bytes]","args":[{"selector":{"id":"application-manageresources-display-component---newResourceUnit--PLANNING_GROUP","interaction":{"idSuffix":"inner"}},"wdio_ui5_key":"applicationmanageresources-display-component---newResourceUnit--PLANNING_GROUP"}]}
RESULT: undefined
COMMAND: POST /session/d4f675b322105372b3380f2dea3f05ac/execute/async - {"script":"<script> [776 bytes]","args":[{"enterText":"Material","selector":{"id":"application-manageresources-display-component---newResourceUnit--PLANNING_GROUP","interaction":{"idSuffix":"inner"}},"clearTextFirst":true,"interactionType":"ENTER_TEXT"}]}
RESULT: {}
RESULT: {"script":"<script> [776 bytes]","args":[{"enterText":"Material","selector":{"id":"application-manageresources-display-component---newResourceUnit--PLANNING_GROUP","interaction":{"idSuffix":"inner"}},"clearTextFirst":true,"interactionType":"ENTER_TEXT"}]}
COMMAND: POST /session/d4f675b322105372b3380f2dea3f05ac/execute/async - {"script":"<script> [1562 bytes]","args":[{"selector":{"id":"application-manageresources-display-component---newResourceUnit--PLANNING_INDICATOR","interaction":{"idSuffix":"inner"}},"wdio_ui5_key":"applicationmanageresources-display-component---newResourceUnit--PLANNING_INDICATOR"}]}
RESULT: {"script":"<script> [1562 bytes]","args":[{"selector":{"id":"application-manageresources-display-component---newResourceUnit--PLANNING_INDICATOR","interaction":{"idSuffix":"inner"}},"wdio_ui5_key":"applicationmanageresources-display-component---newResourceUnit--PLANNING_INDICATOR"}]}
RESULT: undefined
COMMAND: POST /session/d4f675b322105372b3380f2dea3f05ac/execute/async - {"script":"<script> [776 bytes]","args":[{"enterText":"10 - infinite","selector":{"id":"application-manageresources-display-component---newResourceUnit--PLANNING_INDICATOR","interaction":{"idSuffix":"inner"}},"clearTextFirst":true,"interactionType":"ENTER_TEXT"}]}
RESULT: {"script":"<script> [776 bytes]","args":[{"enterText":"10 - infinite","selector":{"id":"application-manageresources-display-component---newResourceUnit--PLANNING_INDICATOR","interaction":{"idSuffix":"inner"}},"clearTextFirst":true,"interactionType":"ENTER_TEXT"}]}
COMMAND: POST /session/d4f675b322105372b3380f2dea3f05ac/element - {"using":"css selector","value":"#application-manageresources-display-component---newResourceUnit--btnAddTimeSegment"}
RESULT: {"using":"css selector","value":"#application-manageresources-display-component---newResourceUnit--btnAddTimeSegment"}
COMMAND: GET /session/d4f675b322105372b3380f2dea3f05ac/element/f.73BB2000E1F4E36FD864906F51978B2B.d.4A152D0F276D3094D554AE1B76253C14.e.19045/rect - {}
RESULT: {}
COMMAND: GET /session/d4f675b322105372b3380f2dea3f05ac/window/rect - {}
RESULT: {}
COMMAND: POST /session/d4f675b322105372b3380f2dea3f05ac/execute/sync - {"script":"<script> [92 bytes]","args":[]}
RESULT: {"script":"<script> [92 bytes]","args":[]}
COMMAND: POST /session/d4f675b322105372b3380f2dea3f05ac/actions - {"actions":[{"id":"action57","type":"wheel","parameters":{},"actions":[{"type":"scroll","x":-1888,"y":-32,"deltaX":0,"deltaY":0,"duration":0,"origin":{"element-6066-11e4-a52e-4f735466cecf":"f.73BB2000E1F4E36FD864906F51978B2B.d.4A152D0F276D3094D554AE1B76253C14.e.19045"}}]}]}
COMMAND: GET /session/d4f675b322105372b3380f2dea3f05ac/screenshot - {}
RESULT: {}
COMMAND: POST /session/d4f675b322105372b3380f2dea3f05ac/execute/sync - {"script":"<script> [79 bytes]","args":[{"element-6066-11e4-a52e-4f735466cecf":"f.73BB2000E1F4E36FD864906F51978B2B.d.4A152D0F276D3094D554AE1B76253C14.e.19045","ELEMENT":"f.73BB2000E1F4E36FD864906F51978B2B.d.4A152D0F276D3094D554AE1B76253C14.e.19045"},{"block":"start","inline":"nearest"}]}
RESULT: {"script":"<script> [79 bytes]","args":[{"element-6066-11e4-a52e-4f735466cecf":"f.73BB2000E1F4E36FD864906F51978B2B.d.4A152D0F276D3094D554AE1B76253C14.e.19045","ELEMENT":"f.73BB2000E1F4E36FD864906F51978B2B.d.4A152D0F276D3094D554AE1B76253C14.e.19045"},{"block":"start","inline":"nearest"}]}
COMMAND: POST /session/d4f675b322105372b3380f2dea3f05ac/execute/async - {"script":"<script> [1562 bytes]","args":[{"selector":{"id":"application-manageresources-display-component---newResourceUnit--btnAddTimeSegment","interaction":{"idSuffix":"inner"}},"wdio_ui5_key":"applicationmanageresources-display-component---newResourceUnit--btnAddTimeSegment"}]}
COMMAND: GET /session/d4f675b322105372b3380f2dea3f05ac/screenshot - {}
RESULT: {"script":"<script> [1562 bytes]","args":[{"selector":{"id":"application-manageresources-display-component---newResourceUnit--btnAddTimeSegment","interaction":{"idSuffix":"inner"}},"wdio_ui5_key":"applicationmanageresources-display-component---newResourceUnit--btnAddTimeSegment"}]}
RESULT: undefined
COMMAND: POST /session/d4f675b322105372b3380f2dea3f05ac/element - {"using":"xpath","value":"//*[@id=\"application-manageresources-display-component---newResourceUnit--btnAddTimeSegment\"]"}
RESULT: {}
RESULT: {"using":"xpath","value":"//*[@id=\"application-manageresources-display-component---newResourceUnit--btnAddTimeSegment\"]"}
COMMAND: POST /session/d4f675b322105372b3380f2dea3f05ac/element/f.73BB2000E1F4E36FD864906F51978B2B.d.4A152D0F276D3094D554AE1B76253C14.e.19045/click - {}
RESULT: {}
COMMAND: GET /session/d4f675b322105372b3380f2dea3f05ac/screenshot - {}
RESULT: {}
COMMAND: POST /session/d4f675b322105372b3380f2dea3f05ac/element - {"using":"xpath","value":"//input[@id=\"application-manageresources-display-component---newResourceUnit--idRuTSAdmin-application-manageresources-display-component---newResourceUnit--RUTimeSegment-0-inner\"]"}
RESULT: {"using":"xpath","value":"//input[@id=\"application-manageresources-display-component---newResourceUnit--idRuTSAdmin-application-manageresources-display-component---newResourceUnit--RUTimeSegment-0-inner\"]"}
COMMAND: POST /session/d4f675b322105372b3380f2dea3f05ac/element/f.73BB2000E1F4E36FD864906F51978B2B.d.4A152D0F276D3094D554AE1B76253C14.e.19050/clear - {}
RESULT: {}
COMMAND: POST /session/d4f675b322105372b3380f2dea3f05ac/element/f.73BB2000E1F4E36FD864906F51978B2B.d.4A152D0F276D3094D554AE1B76253C14.e.19050/value - {"text":"422"}
COMMAND: GET /session/d4f675b322105372b3380f2dea3f05ac/screenshot - {}
RESULT: {"text":"422"}
COMMAND: GET /session/d4f675b322105372b3380f2dea3f05ac/screenshot - {}
RESULT: {}
RESULT: {}
COMMAND: POST /session/d4f675b322105372b3380f2dea3f05ac/element - {"using":"xpath","value":"//li[.//span[text()='422']]"}
RESULT: {"using":"xpath","value":"//li[.//span[text()='422']]"}
COMMAND: POST /session/d4f675b322105372b3380f2dea3f05ac/element/f.73BB2000E1F4E36FD864906F51978B2B.d.4A152D0F276D3094D554AE1B76253C14.e.19059/click - {}
RESULT: {}
COMMAND: GET /session/d4f675b322105372b3380f2dea3f05ac/screenshot - {}
RESULT: {}
COMMAND: POST /session/d4f675b322105372b3380f2dea3f05ac/element - {"using":"xpath","value":"(//span[contains(@id, \"-application-manageresources-display-component---newResourceUnit--RUTimeSegment-0-arrow\")])[2]"}
RESULT: {"using":"xpath","value":"(//span[contains(@id, \"-application-manageresources-display-component---newResourceUnit--RUTimeSegment-0-arrow\")])[2]"}
COMMAND: POST /session/d4f675b322105372b3380f2dea3f05ac/element/f.73BB2000E1F4E36FD864906F51978B2B.d.4A152D0F276D3094D554AE1B76253C14.e.19060/click - {}
RESULT: {}
COMMAND: POST /session/d4f675b322105372b3380f2dea3f05ac/element - {"using":"xpath","value":"//span[contains(text(), \"PM Order\")]"}
COMMAND: GET /session/d4f675b322105372b3380f2dea3f05ac/screenshot - {}
RESULT: {"using":"xpath","value":"//span[contains(text(), \"PM Order\")]"}
COMMAND: POST /session/d4f675b322105372b3380f2dea3f05ac/element/f.73BB2000E1F4E36FD864906F51978B2B.d.4A152D0F276D3094D554AE1B76253C14.e.19061/click - {}
RESULT: {}
RESULT: {}
COMMAND: GET /session/d4f675b322105372b3380f2dea3f05ac/screenshot - {}
RESULT: {}
COMMAND: POST /session/d4f675b322105372b3380f2dea3f05ac/element - {"using":"xpath","value":"//td/div/div/div/span[contains(@id, \"newResourceUnit--RUTimeSegment-0-vhi\")][1]"}
RESULT: {"using":"xpath","value":"//td/div/div/div/span[contains(@id, \"newResourceUnit--RUTimeSegment-0-vhi\")][1]"}
COMMAND: GET /session/d4f675b322105372b3380f2dea3f05ac/element/f.73BB2000E1F4E36FD864906F51978B2B.d.4A152D0F276D3094D554AE1B76253C14.e.19065/rect - {}
RESULT: {}
COMMAND: GET /session/d4f675b322105372b3380f2dea3f05ac/window/rect - {}
RESULT: {}
COMMAND: POST /session/d4f675b322105372b3380f2dea3f05ac/execute/sync - {"script":"<script> [92 bytes]","args":[]}
RESULT: {"script":"<script> [92 bytes]","args":[]}
COMMAND: POST /session/d4f675b322105372b3380f2dea3f05ac/actions - {"actions":[{"id":"action58","type":"wheel","parameters":{},"actions":[{"type":"scroll","x":-1888,"y":-24,"deltaX":0,"deltaY":0,"duration":0,"origin":{"element-6066-11e4-a52e-4f735466cecf":"f.73BB2000E1F4E36FD864906F51978B2B.d.4A152D0F276D3094D554AE1B76253C14.e.19065"}}]}]}
COMMAND: GET /session/d4f675b322105372b3380f2dea3f05ac/screenshot - {}
RESULT: {}
COMMAND: POST /session/d4f675b322105372b3380f2dea3f05ac/execute/sync - {"script":"<script> [79 bytes]","args":[{"element-6066-11e4-a52e-4f735466cecf":"f.73BB2000E1F4E36FD864906F51978B2B.d.4A152D0F276D3094D554AE1B76253C14.e.19065","ELEMENT":"f.73BB2000E1F4E36FD864906F51978B2B.d.4A152D0F276D3094D554AE1B76253C14.e.19065"},{"block":"start","inline":"nearest"}]}
RESULT: {"script":"<script> [79 bytes]","args":[{"element-6066-11e4-a52e-4f735466cecf":"f.73BB2000E1F4E36FD864906F51978B2B.d.4A152D0F276D3094D554AE1B76253C14.e.19065","ELEMENT":"f.73BB2000E1F4E36FD864906F51978B2B.d.4A152D0F276D3094D554AE1B76253C14.e.19065"},{"block":"start","inline":"nearest"}]}
COMMAND: GET /session/d4f675b322105372b3380f2dea3f05ac/screenshot - {}
RESULT: {}
COMMAND: POST /session/d4f675b322105372b3380f2dea3f05ac/element/f.73BB2000E1F4E36FD864906F51978B2B.d.4A152D0F276D3094D554AE1B76253C14.e.19065/click - {}
RESULT: {}
COMMAND: GET /session/d4f675b322105372b3380f2dea3f05ac/screenshot - {}
RESULT: {}
COMMAND: POST /session/d4f675b322105372b3380f2dea3f05ac/execute/async - {"script":"<script> [1562 bytes]","args":[{"selector":{"controlType":"sap.m.SearchField","properties":{"placeholder":"Search"},"searchOpenDialogs":true,"interaction":{"idSuffix":"I"}},"wdio_ui5_key":"sapm.SearchField{\"placeholder\":\"Search\"}"}]}
RESULT: {"script":"<script> [1562 bytes]","args":[{"selector":{"controlType":"sap.m.SearchField","properties":{"placeholder":"Search"},"searchOpenDialogs":true,"interaction":{"idSuffix":"I"}},"wdio_ui5_key":"sapm.SearchField{\"placeholder\":\"Search\"}"}]}
RESULT: undefined
COMMAND: POST /session/d4f675b322105372b3380f2dea3f05ac/execute/async - {"script":"<script> [776 bytes]","args":[{"enterText":"4000360","selector":{"controlType":"sap.m.SearchField","properties":{"placeholder":"Search"},"searchOpenDialogs":true,"interaction":{"idSuffix":"I"}},"clearTextFirst":true,"interactionType":"ENTER_TEXT"}]}
RESULT: {"script":"<script> [776 bytes]","args":[{"enterText":"4000360","selector":{"controlType":"sap.m.SearchField","properties":{"placeholder":"Search"},"searchOpenDialogs":true,"interaction":{"idSuffix":"I"}},"clearTextFirst":true,"interactionType":"ENTER_TEXT"}]}
COMMAND: POST /session/d4f675b322105372b3380f2dea3f05ac/actions - {"actions":[{"id":"action59","type":"key","parameters":{},"actions":[{"type":"keyDown","value":""},{"type":"pause","duration":10},{"type":"keyUp","value":""}]}]}
RESULT: {"actions":[{"id":"action59","type":"key","parameters":{},"actions":[{"type":"keyDown","value":""},{"type":"pause","duration":10},{"type":"keyUp","value":""}]}]}
COMMAND: GET /session/d4f675b322105372b3380f2dea3f05ac/screenshot - {}
RESULT: {}
COMMAND: POST /session/d4f675b322105372b3380f2dea3f05ac/element - {"using":"xpath","value":"//td/div/span[contains(text(), \"BGL Vehicles\")]"}
RESULT: {"using":"xpath","value":"//td/div/span[contains(text(), \"BGL Vehicles\")]"}
COMMAND: POST /session/d4f675b322105372b3380f2dea3f05ac/element/f.73BB2000E1F4E36FD864906F51978B2B.d.4A152D0F276D3094D554AE1B76253C14.e.19087/click - {}
RESULT: {}
COMMAND: GET /session/d4f675b322105372b3380f2dea3f05ac/screenshot - {}
RESULT: {}
COMMAND: POST /session/d4f675b322105372b3380f2dea3f05ac/element - {"using":"xpath","value":"//bdi[contains(text(), \"OK\")]"}
RESULT: {"using":"xpath","value":"//bdi[contains(text(), \"OK\")]"}
COMMAND: POST /session/d4f675b322105372b3380f2dea3f05ac/element/f.73BB2000E1F4E36FD864906F51978B2B.d.4A152D0F276D3094D554AE1B76253C14.e.19088/click - {}
RESULT: {}
COMMAND: GET /session/d4f675b322105372b3380f2dea3f05ac/screenshot - {}
RESULT: {}
COMMAND: POST /session/d4f675b322105372b3380f2dea3f05ac/element - {"using":"xpath","value":"//label[contains(@class, 'sapMLabelRequired') and .//bdi[contains(text(), 'Planned Retirement')]]"}
RESULT: {"using":"xpath","value":"//label[contains(@class, 'sapMLabelRequired') and .//bdi[contains(text(), 'Planned Retirement')]]"}
COMMAND: POST /session/d4f675b322105372b3380f2dea3f05ac/elements - {"using":"xpath","value":"//label[contains(@class, 'sapMLabelRequired') and .//bdi[contains(text(), 'Planned Retirement')]]"}
RESULT: {"using":"xpath","value":"//label[contains(@class, 'sapMLabelRequired') and .//bdi[contains(text(), 'Planned Retirement')]]"}
COMMAND: POST /session/d4f675b322105372b3380f2dea3f05ac/element - {"using":"xpath","value":"//button[@data-kt=\"resourceUnitSaveButton\"]"}
RESULT: {"using":"xpath","value":"//button[@data-kt=\"resourceUnitSaveButton\"]"}
COMMAND: POST /session/d4f675b322105372b3380f2dea3f05ac/element/f.73BB2000E1F4E36FD864906F51978B2B.d.4A152D0F276D3094D554AE1B76253C14.e.18921/click - {}
RESULT: {}
COMMAND: GET /session/d4f675b322105372b3380f2dea3f05ac/screenshot - {}
RESULT: {}
COMMAND: POST /session/d4f675b322105372b3380f2dea3f05ac/element - {"using":"xpath","value":"//bdi[contains(text(), \"Close\")]"}
RESULT: {"using":"xpath","value":"//bdi[contains(text(), \"Close\")]"}
COMMAND: POST /session/d4f675b322105372b3380f2dea3f05ac/element/f.73BB2000E1F4E36FD864906F51978B2B.d.4A152D0F276D3094D554AE1B76253C14.e.19094/click - {}
RESULT: {}
COMMAND: GET /session/d4f675b322105372b3380f2dea3f05ac/screenshot - {}
RESULT: {}
COMMAND: POST /session/d4f675b322105372b3380f2dea3f05ac/element - {"using":"xpath","value":"//header[contains(@id, 'detailRruPage-headerTitle')]/div[1]/div[2]/div[2]/span[1]"}
RESULT: {"using":"xpath","value":"//header[contains(@id, 'detailRruPage-headerTitle')]/div[1]/div[2]/div[2]/span[1]"}
COMMAND: POST /session/d4f675b322105372b3380f2dea3f05ac/elements - {"using":"xpath","value":"//header[contains(@id, 'detailRruPage-headerTitle')]/div[1]/div[2]/div[2]/span[1]"}
RESULT: {"using":"xpath","value":"//header[contains(@id, 'detailRruPage-headerTitle')]/div[1]/div[2]/div[2]/span[1]"}
COMMAND: POST /session/d4f675b322105372b3380f2dea3f05ac/execute/sync - {"script":"<script> [56 bytes]","args":[{"element-6066-11e4-a52e-4f735466cecf":"f.73BB2000E1F4E36FD864906F51978B2B.d.4A152D0F276D3094D554AE1B76253C14.e.19125","ELEMENT":"f.73BB2000E1F4E36FD864906F51978B2B.d.4A152D0F276D3094D554AE1B76253C14.e.19125"}]}
RESULT: {"script":"<script> [56 bytes]","args":[{"element-6066-11e4-a52e-4f735466cecf":"f.73BB2000E1F4E36FD864906F51978B2B.d.4A152D0F276D3094D554AE1B76253C14.e.19125","ELEMENT":"f.73BB2000E1F4E36FD864906F51978B2B.d.4A152D0F276D3094D554AE1B76253C14.e.19125"}]}
COMMAND: POST /session/d4f675b322105372b3380f2dea3f05ac/element - {"using":"css selector","value":"#shell-header-logo"}
COMMAND: GET /session/d4f675b322105372b3380f2dea3f05ac/screenshot - {}
RESULT: {"using":"css selector","value":"#shell-header-logo"}
COMMAND: POST /session/d4f675b322105372b3380f2dea3f05ac/element/f.73BB2000E1F4E36FD864906F51978B2B.d.4A152D0F276D3094D554AE1B76253C14.e.18511/click - {}
RESULT: {}
RESULT: {}
COMMAND: GET /session/d4f675b322105372b3380f2dea3f05ac/screenshot - {}
RESULT: {}
]]></system-out>
    </testcase>
    <testcase classname="chrome.136_0_7103_93.windows.Return_from_Site_w/_warehouse_management_w/_clarification_US125588" name="Bin Status Report Should Create New Organization yard" time="0.006"/>
    <testcase classname="chrome.136_0_7103_93.windows.Return_from_Site_w/_warehouse_management_w/_clarification_US125588" name="Bin Status Report Should Create New Organization for Site" time="0.004"/>
  </testsuite>
  <testsuite timestamp="2025-05-28T17:13:14" time="645.122" tests="7" failures="0" errors="0" skipped="0">
    <properties>
      <property name="specId" value="0"/>
      <property name="suiteName" value="Return from Site w/ warehouse management w clarification"/>
      <property name="capabilities" value="chrome.136_0_7103_93.windows"/>
      <property name="file" value="file:///D:/a/1/s/test/specs/HTR/return-from-site-w-warehouse-management-w-clarification.spec.js"/>
    </properties>
    <testcase classname="chrome.136_0_7103_93.windows.Return_from_Site_w/_warehouse_management_w_clarification" name="Should do a stock increase handover" time="87.473">
      <system-out><![CDATA[
COMMAND: POST /session/d4f675b322105372b3380f2dea3f05ac/execute/async - {"script":"<script> [1562 bytes]","args":[{"selector":{"controlType":"sap.m.GenericTile","properties":{"header":"Manage Handovers"}},"wdio_ui5_key":"sapm.GenericTile{\"header\":\"Manage Handovers\"}"}]}
RESULT: {"script":"<script> [1562 bytes]","args":[{"selector":{"controlType":"sap.m.GenericTile","properties":{"header":"Manage Handovers"}},"wdio_ui5_key":"sapm.GenericTile{\"header\":\"Manage Handovers\"}"}]}
RESULT: undefined
COMMAND: POST /session/d4f675b322105372b3380f2dea3f05ac/element - {"using":"xpath","value":"//*[@id=\"__tile132\"]"}
RESULT: {"using":"xpath","value":"//*[@id=\"__tile132\"]"}
COMMAND: POST /session/d4f675b322105372b3380f2dea3f05ac/element/f.73BB2000E1F4E36FD864906F51978B2B.d.4A152D0F276D3094D554AE1B76253C14.e.18487/click - {}
RESULT: {}
COMMAND: GET /session/d4f675b322105372b3380f2dea3f05ac/screenshot - {}
RESULT: {}
COMMAND: POST /session/d4f675b322105372b3380f2dea3f05ac/elements - {"using":"xpath","value":"//span[text()='Error']"}
RESULT: {"using":"xpath","value":"//span[text()='Error']"}
COMMAND: POST /session/d4f675b322105372b3380f2dea3f05ac/element - {"using":"xpath","value":"//button[@data-kt=\"masterHOAddButton\"]"}
RESULT: {"using":"xpath","value":"//button[@data-kt=\"masterHOAddButton\"]"}
COMMAND: POST /session/d4f675b322105372b3380f2dea3f05ac/elements - {"using":"xpath","value":"//button[@data-kt=\"masterHOAddButton\"]"}
RESULT: {"using":"xpath","value":"//button[@data-kt=\"masterHOAddButton\"]"}
COMMAND: POST /session/d4f675b322105372b3380f2dea3f05ac/execute/sync - {"script":"<script> [8489 bytes]","args":[{"element-6066-11e4-a52e-4f735466cecf":"f.73BB2000E1F4E36FD864906F51978B2B.d.4A152D0F276D3094D554AE1B76253C14.e.19165","ELEMENT":"f.73BB2000E1F4E36FD864906F51978B2B.d.4A152D0F276D3094D554AE1B76253C14.e.19165"}]}
RESULT: {"script":"<script> [8489 bytes]","args":[{"element-6066-11e4-a52e-4f735466cecf":"f.73BB2000E1F4E36FD864906F51978B2B.d.4A152D0F276D3094D554AE1B76253C14.e.19165","ELEMENT":"f.73BB2000E1F4E36FD864906F51978B2B.d.4A152D0F276D3094D554AE1B76253C14.e.19165"}]}
COMMAND: GET /session/d4f675b322105372b3380f2dea3f05ac/element/f.73BB2000E1F4E36FD864906F51978B2B.d.4A152D0F276D3094D554AE1B76253C14.e.19165/enabled - {}
COMMAND: GET /session/d4f675b322105372b3380f2dea3f05ac/screenshot - {}
RESULT: {}
COMMAND: POST /session/d4f675b322105372b3380f2dea3f05ac/execute/sync - {"script":"<script> [8489 bytes]","args":[{"element-6066-11e4-a52e-4f735466cecf":"f.73BB2000E1F4E36FD864906F51978B2B.d.4A152D0F276D3094D554AE1B76253C14.e.19165","ELEMENT":"f.73BB2000E1F4E36FD864906F51978B2B.d.4A152D0F276D3094D554AE1B76253C14.e.19165"}]}
COMMAND: GET /session/d4f675b322105372b3380f2dea3f05ac/screenshot - {}
RESULT: {}
RESULT: {"script":"<script> [8489 bytes]","args":[{"element-6066-11e4-a52e-4f735466cecf":"f.73BB2000E1F4E36FD864906F51978B2B.d.4A152D0F276D3094D554AE1B76253C14.e.19165","ELEMENT":"f.73BB2000E1F4E36FD864906F51978B2B.d.4A152D0F276D3094D554AE1B76253C14.e.19165"}]}
COMMAND: POST /session/d4f675b322105372b3380f2dea3f05ac/execute/sync - {"script":"<script> [5351 bytes]","args":[{"element-6066-11e4-a52e-4f735466cecf":"f.73BB2000E1F4E36FD864906F51978B2B.d.4A152D0F276D3094D554AE1B76253C14.e.19165","ELEMENT":"f.73BB2000E1F4E36FD864906F51978B2B.d.4A152D0F276D3094D554AE1B76253C14.e.19165"}]}
COMMAND: GET /session/d4f675b322105372b3380f2dea3f05ac/screenshot - {}
RESULT: {}
RESULT: {"script":"<script> [5351 bytes]","args":[{"element-6066-11e4-a52e-4f735466cecf":"f.73BB2000E1F4E36FD864906F51978B2B.d.4A152D0F276D3094D554AE1B76253C14.e.19165","ELEMENT":"f.73BB2000E1F4E36FD864906F51978B2B.d.4A152D0F276D3094D554AE1B76253C14.e.19165"}]}
COMMAND: POST /session/d4f675b322105372b3380f2dea3f05ac/element/f.73BB2000E1F4E36FD864906F51978B2B.d.4A152D0F276D3094D554AE1B76253C14.e.19165/click - {}
COMMAND: GET /session/d4f675b322105372b3380f2dea3f05ac/screenshot - {}
RESULT: {}
RESULT: {}
COMMAND: GET /session/d4f675b322105372b3380f2dea3f05ac/screenshot - {}
RESULT: {}
RESULT: {}
COMMAND: POST /session/d4f675b322105372b3380f2dea3f05ac/element - {"using":"xpath","value":"//span[contains(@id ,\"AddNewHO--typeSelect-arrow\")]"}
RESULT: {"using":"xpath","value":"//span[contains(@id ,\"AddNewHO--typeSelect-arrow\")]"}
COMMAND: POST /session/d4f675b322105372b3380f2dea3f05ac/element/f.73BB2000E1F4E36FD864906F51978B2B.d.4A152D0F276D3094D554AE1B76253C14.e.19529/click - {}
RESULT: {}
COMMAND: GET /session/d4f675b322105372b3380f2dea3f05ac/screenshot - {}
RESULT: {}
COMMAND: POST /session/d4f675b322105372b3380f2dea3f05ac/element - {"using":"xpath","value":"(//li[contains(text(), \"stock increase yard\")])[1]"}
RESULT: {"using":"xpath","value":"(//li[contains(text(), \"stock increase yard\")])[1]"}
COMMAND: POST /session/d4f675b322105372b3380f2dea3f05ac/element/f.73BB2000E1F4E36FD864906F51978B2B.d.4A152D0F276D3094D554AE1B76253C14.e.19530/click - {}
RESULT: {}
COMMAND: GET /session/d4f675b322105372b3380f2dea3f05ac/screenshot - {}
RESULT: {}
COMMAND: POST /session/d4f675b322105372b3380f2dea3f05ac/execute/async - {"script":"<script> [1562 bytes]","args":[{"selector":{"id":"application-managehandovers-display-component---AddNewHO--dueDate","interaction":{"idSuffix":"inner"}},"wdio_ui5_key":"applicationmanagehandovers-display-component---AddNewHO--dueDate"}]}
RESULT: {"script":"<script> [1562 bytes]","args":[{"selector":{"id":"application-managehandovers-display-component---AddNewHO--dueDate","interaction":{"idSuffix":"inner"}},"wdio_ui5_key":"applicationmanagehandovers-display-component---AddNewHO--dueDate"}]}
RESULT: undefined
COMMAND: POST /session/d4f675b322105372b3380f2dea3f05ac/execute/async - {"script":"<script> [6424 bytes]","args":[{"element-6066-11e4-a52e-4f735466cecf":"f.73BB2000E1F4E36FD864906F51978B2B.d.4A152D0F276D3094D554AE1B76253C14.e.19532"},"setValue",["5/28/25"]]}
RESULT: {"script":"<script> [6424 bytes]","args":[{"element-6066-11e4-a52e-4f735466cecf":"f.73BB2000E1F4E36FD864906F51978B2B.d.4A152D0F276D3094D554AE1B76253C14.e.19532"},"setValue",["5/28/25"]]}
COMMAND: POST /session/d4f675b322105372b3380f2dea3f05ac/element - {"using":"xpath","value":"//input[@id=\"generalSectionFrg--receiveYard-inner\"]"}
RESULT: {"using":"xpath","value":"//input[@id=\"generalSectionFrg--receiveYard-inner\"]"}
COMMAND: POST /session/d4f675b322105372b3380f2dea3f05ac/element/f.73BB2000E1F4E36FD864906F51978B2B.d.4A152D0F276D3094D554AE1B76253C14.e.19538/clear - {}
RESULT: {}
COMMAND: POST /session/d4f675b322105372b3380f2dea3f05ac/element/f.73BB2000E1F4E36FD864906F51978B2B.d.4A152D0F276D3094D554AE1B76253C14.e.19538/value - {"text":"422"}
COMMAND: GET /session/d4f675b322105372b3380f2dea3f05ac/screenshot - {}
RESULT: {"text":"422"}
COMMAND: GET /session/d4f675b322105372b3380f2dea3f05ac/screenshot - {}
RESULT: {}
RESULT: {}
COMMAND: POST /session/d4f675b322105372b3380f2dea3f05ac/element - {"using":"xpath","value":"//li[.//span[text()='422']]"}
RESULT: {"using":"xpath","value":"//li[.//span[text()='422']]"}
COMMAND: POST /session/d4f675b322105372b3380f2dea3f05ac/element/f.73BB2000E1F4E36FD864906F51978B2B.d.4A152D0F276D3094D554AE1B76253C14.e.19556/click - {}
RESULT: {}
COMMAND: GET /session/d4f675b322105372b3380f2dea3f05ac/screenshot - {}
RESULT: {}
COMMAND: POST /session/d4f675b322105372b3380f2dea3f05ac/execute/async - {"script":"<script> [1562 bytes]","args":[{"selector":{"id":"application-managehandovers-display-component---AddNewHO--ObjectPageLayout-anchBar-application-managehandovers-display-component---AddNewHO--section4-anchor","interaction":{"idSuffix":"BDI-content"}},"wdio_ui5_key":"applicationmanagehandovers-display-component---AddNewHO--ObjectPageLayout-anchBar-application-managehandovers-display-component---AddNewHO--section4-anchor"}]}
RESULT: {"script":"<script> [1562 bytes]","args":[{"selector":{"id":"application-managehandovers-display-component---AddNewHO--ObjectPageLayout-anchBar-application-managehandovers-display-component---AddNewHO--section4-anchor","interaction":{"idSuffix":"BDI-content"}},"wdio_ui5_key":"applicationmanagehandovers-display-component---AddNewHO--ObjectPageLayout-anchBar-application-managehandovers-display-component---AddNewHO--section4-anchor"}]}
RESULT: undefined
COMMAND: POST /session/d4f675b322105372b3380f2dea3f05ac/element - {"using":"xpath","value":"//*[@id=\"application-managehandovers-display-component---AddNewHO--ObjectPageLayout-anchBar-application-managehandovers-display-component---AddNewHO--section4-anchor\"]"}
RESULT: {"using":"xpath","value":"//*[@id=\"application-managehandovers-display-component---AddNewHO--ObjectPageLayout-anchBar-application-managehandovers-display-component---AddNewHO--section4-anchor\"]"}
COMMAND: POST /session/d4f675b322105372b3380f2dea3f05ac/element/f.73BB2000E1F4E36FD864906F51978B2B.d.4A152D0F276D3094D554AE1B76253C14.e.19558/click - {}
RESULT: {}
COMMAND: POST /session/d4f675b322105372b3380f2dea3f05ac/element - {"using":"xpath","value":"//button[@aria-label=\"Add\"]"}
COMMAND: GET /session/d4f675b322105372b3380f2dea3f05ac/screenshot - {}
RESULT: {"using":"xpath","value":"//button[@aria-label=\"Add\"]"}
COMMAND: POST /session/d4f675b322105372b3380f2dea3f05ac/element/f.73BB2000E1F4E36FD864906F51978B2B.d.4A152D0F276D3094D554AE1B76253C14.e.19560/click - {}
RESULT: {}
RESULT: {}
COMMAND: GET /session/d4f675b322105372b3380f2dea3f05ac/screenshot - {}
RESULT: {}
COMMAND: POST /session/d4f675b322105372b3380f2dea3f05ac/execute/async - {"script":"<script> [1562 bytes]","args":[{"selector":{"id":"application-managehandovers-display-component---AddNewHO--smartFilterBar-btnBasicSearch","searchOpenDialogs":true,"interaction":{"idSuffix":"I"}},"wdio_ui5_key":"applicationmanagehandovers-display-component---AddNewHO--smartFilterBar-btnBasicSearch"}]}
RESULT: {"script":"<script> [1562 bytes]","args":[{"selector":{"id":"application-managehandovers-display-component---AddNewHO--smartFilterBar-btnBasicSearch","searchOpenDialogs":true,"interaction":{"idSuffix":"I"}},"wdio_ui5_key":"applicationmanagehandovers-display-component---AddNewHO--smartFilterBar-btnBasicSearch"}]}
RESULT: undefined
COMMAND: POST /session/d4f675b322105372b3380f2dea3f05ac/execute/async - {"script":"<script> [776 bytes]","args":[{"enterText":"200241","selector":{"id":"application-managehandovers-display-component---AddNewHO--smartFilterBar-btnBasicSearch","searchOpenDialogs":true,"interaction":{"idSuffix":"I"}},"clearTextFirst":true,"interactionType":"ENTER_TEXT"}]}
RESULT: {"script":"<script> [776 bytes]","args":[{"enterText":"200241","selector":{"id":"application-managehandovers-display-component---AddNewHO--smartFilterBar-btnBasicSearch","searchOpenDialogs":true,"interaction":{"idSuffix":"I"}},"clearTextFirst":true,"interactionType":"ENTER_TEXT"}]}
COMMAND: POST /session/d4f675b322105372b3380f2dea3f05ac/actions - {"actions":[{"id":"action60","type":"key","parameters":{},"actions":[{"type":"keyDown","value":""},{"type":"pause","duration":10},{"type":"keyUp","value":""}]}]}
RESULT: {"actions":[{"id":"action60","type":"key","parameters":{},"actions":[{"type":"keyDown","value":""},{"type":"pause","duration":10},{"type":"keyUp","value":""}]}]}
COMMAND: GET /session/d4f675b322105372b3380f2dea3f05ac/screenshot - {}
RESULT: {}
COMMAND: POST /session/d4f675b322105372b3380f2dea3f05ac/execute/async - {"script":"<script> [1562 bytes]","args":[{"selector":{"id":"application-managehandovers-display-component---AddNewHO--popup-sa","searchOpenDialogs":true,"interaction":{"idSuffix":"CbBg"}},"wdio_ui5_key":"applicationmanagehandovers-display-component---AddNewHO--popup-sa"}]}
RESULT: {"script":"<script> [1562 bytes]","args":[{"selector":{"id":"application-managehandovers-display-component---AddNewHO--popup-sa","searchOpenDialogs":true,"interaction":{"idSuffix":"CbBg"}},"wdio_ui5_key":"applicationmanagehandovers-display-component---AddNewHO--popup-sa"}]}
RESULT: undefined
COMMAND: POST /session/d4f675b322105372b3380f2dea3f05ac/element - {"using":"xpath","value":"//*[@id=\"application-managehandovers-display-component---AddNewHO--popup-sa\"]"}
RESULT: {"using":"xpath","value":"//*[@id=\"application-managehandovers-display-component---AddNewHO--popup-sa\"]"}
COMMAND: POST /session/d4f675b322105372b3380f2dea3f05ac/element/f.73BB2000E1F4E36FD864906F51978B2B.d.4A152D0F276D3094D554AE1B76253C14.e.19714/click - {}
RESULT: {}
COMMAND: GET /session/d4f675b322105372b3380f2dea3f05ac/screenshot - {}
RESULT: {}
COMMAND: POST /session/d4f675b322105372b3380f2dea3f05ac/element - {"using":"xpath","value":"//bdi[contains(text(), \"Select\")]"}
RESULT: {"using":"xpath","value":"//bdi[contains(text(), \"Select\")]"}
COMMAND: POST /session/d4f675b322105372b3380f2dea3f05ac/element/f.73BB2000E1F4E36FD864906F51978B2B.d.4A152D0F276D3094D554AE1B76253C14.e.19715/click - {}
RESULT: {}
COMMAND: GET /session/d4f675b322105372b3380f2dea3f05ac/screenshot - {}
RESULT: {}
COMMAND: POST /session/d4f675b322105372b3380f2dea3f05ac/element - {"using":"xpath","value":"//button[@data-kt=\"AddNewHOSaveButton\"]"}
RESULT: {"using":"xpath","value":"//button[@data-kt=\"AddNewHOSaveButton\"]"}
COMMAND: POST /session/d4f675b322105372b3380f2dea3f05ac/element/f.73BB2000E1F4E36FD864906F51978B2B.d.4A152D0F276D3094D554AE1B76253C14.e.19719/click - {}
RESULT: {}
COMMAND: GET /session/d4f675b322105372b3380f2dea3f05ac/screenshot - {}
RESULT: {}
COMMAND: POST /session/d4f675b322105372b3380f2dea3f05ac/execute/async - {"script":"<script> [1562 bytes]","args":[{"selector":{"id":"receiptDatePicker","viewName":"etm.portal.ui.managehandovers.view.DetailExecuteHO","interaction":{"idSuffix":"inner"}},"wdio_ui5_key":"receiptDatePickeretmportal.ui.managehandovers.view.DetailExecuteHO"}]}
RESULT: {"script":"<script> [1562 bytes]","args":[{"selector":{"id":"receiptDatePicker","viewName":"etm.portal.ui.managehandovers.view.DetailExecuteHO","interaction":{"idSuffix":"inner"}},"wdio_ui5_key":"receiptDatePickeretmportal.ui.managehandovers.view.DetailExecuteHO"}]}
RESULT: undefined
COMMAND: POST /session/d4f675b322105372b3380f2dea3f05ac/execute/async - {"script":"<script> [6424 bytes]","args":[{"element-6066-11e4-a52e-4f735466cecf":"f.73BB2000E1F4E36FD864906F51978B2B.d.4A152D0F276D3094D554AE1B76253C14.e.19748"},"setValue",["5/28/25"]]}
RESULT: {"script":"<script> [6424 bytes]","args":[{"element-6066-11e4-a52e-4f735466cecf":"f.73BB2000E1F4E36FD864906F51978B2B.d.4A152D0F276D3094D554AE1B76253C14.e.19748"},"setValue",["5/28/25"]]}
COMMAND: POST /session/d4f675b322105372b3380f2dea3f05ac/element - {"using":"xpath","value":"//button[@data-kt=\"ReceivingTableConfirmAllButton\"]"}
RESULT: {"using":"xpath","value":"//button[@data-kt=\"ReceivingTableConfirmAllButton\"]"}
COMMAND: POST /session/d4f675b322105372b3380f2dea3f05ac/element/f.73BB2000E1F4E36FD864906F51978B2B.d.4A152D0F276D3094D554AE1B76253C14.e.19766/click - {}
RESULT: {}
COMMAND: GET /session/d4f675b322105372b3380f2dea3f05ac/screenshot - {}
RESULT: {}
COMMAND: POST /session/d4f675b322105372b3380f2dea3f05ac/element - {"using":"xpath","value":"//bdi[contains(text(), \"OK\")]"}
RESULT: {"using":"xpath","value":"//bdi[contains(text(), \"OK\")]"}
COMMAND: POST /session/d4f675b322105372b3380f2dea3f05ac/element/f.73BB2000E1F4E36FD864906F51978B2B.d.4A152D0F276D3094D554AE1B76253C14.e.19768/click - {}
RESULT: {}
COMMAND: GET /session/d4f675b322105372b3380f2dea3f05ac/screenshot - {}
RESULT: {}
COMMAND: POST /session/d4f675b322105372b3380f2dea3f05ac/element - {"using":"xpath","value":"(//bdi[contains(text(), \"Receive\")])[2]"}
RESULT: {"using":"xpath","value":"(//bdi[contains(text(), \"Receive\")])[2]"}
COMMAND: POST /session/d4f675b322105372b3380f2dea3f05ac/element/f.73BB2000E1F4E36FD864906F51978B2B.d.4A152D0F276D3094D554AE1B76253C14.e.19770/click - {}
RESULT: {}
COMMAND: GET /session/d4f675b322105372b3380f2dea3f05ac/screenshot - {}
RESULT: {}
COMMAND: POST /session/d4f675b322105372b3380f2dea3f05ac/element - {"using":"css selector","value":"#shell-header-logo"}
RESULT: {"using":"css selector","value":"#shell-header-logo"}
COMMAND: POST /session/d4f675b322105372b3380f2dea3f05ac/element/f.73BB2000E1F4E36FD864906F51978B2B.d.4A152D0F276D3094D554AE1B76253C14.e.19128/click - {}
RESULT: {}
COMMAND: GET /session/d4f675b322105372b3380f2dea3f05ac/screenshot - {}
RESULT: {}
]]></system-out>
    </testcase>
    <testcase classname="chrome.136_0_7103_93.windows.Return_from_Site_w/_warehouse_management_w_clarification" name="Should create a new contract" time="58.877">
      <system-out><![CDATA[
COMMAND: POST /session/d4f675b322105372b3380f2dea3f05ac/execute/async - {"script":"<script> [1562 bytes]","args":[{"selector":{"controlType":"sap.m.GenericTile","properties":{"header":"Manage Contracts"}},"wdio_ui5_key":"sapm.GenericTile{\"header\":\"Manage Contracts\"}"}]}
RESULT: {"script":"<script> [1562 bytes]","args":[{"selector":{"controlType":"sap.m.GenericTile","properties":{"header":"Manage Contracts"}},"wdio_ui5_key":"sapm.GenericTile{\"header\":\"Manage Contracts\"}"}]}
RESULT: undefined
COMMAND: POST /session/d4f675b322105372b3380f2dea3f05ac/element - {"using":"xpath","value":"//*[@id=\"__tile130\"]"}
RESULT: {"using":"xpath","value":"//*[@id=\"__tile130\"]"}
COMMAND: POST /session/d4f675b322105372b3380f2dea3f05ac/element/f.73BB2000E1F4E36FD864906F51978B2B.d.4A152D0F276D3094D554AE1B76253C14.e.18418/click - {}
RESULT: {}
COMMAND: GET /session/d4f675b322105372b3380f2dea3f05ac/screenshot - {}
RESULT: {}
COMMAND: POST /session/d4f675b322105372b3380f2dea3f05ac/elements - {"using":"xpath","value":"//span[text()='Error']"}
RESULT: {"using":"xpath","value":"//span[text()='Error']"}
COMMAND: POST /session/d4f675b322105372b3380f2dea3f05ac/element - {"using":"xpath","value":"//button[@data-kt=\"addButton\"]"}
RESULT: {"using":"xpath","value":"//button[@data-kt=\"addButton\"]"}
COMMAND: POST /session/d4f675b322105372b3380f2dea3f05ac/elements - {"using":"xpath","value":"//button[@data-kt=\"addButton\"]"}
RESULT: {"using":"xpath","value":"//button[@data-kt=\"addButton\"]"}
COMMAND: POST /session/d4f675b322105372b3380f2dea3f05ac/execute/sync - {"script":"<script> [8489 bytes]","args":[{"element-6066-11e4-a52e-4f735466cecf":"f.73BB2000E1F4E36FD864906F51978B2B.d.4A152D0F276D3094D554AE1B76253C14.e.19986","ELEMENT":"f.73BB2000E1F4E36FD864906F51978B2B.d.4A152D0F276D3094D554AE1B76253C14.e.19986"}]}
RESULT: {"script":"<script> [8489 bytes]","args":[{"element-6066-11e4-a52e-4f735466cecf":"f.73BB2000E1F4E36FD864906F51978B2B.d.4A152D0F276D3094D554AE1B76253C14.e.19986","ELEMENT":"f.73BB2000E1F4E36FD864906F51978B2B.d.4A152D0F276D3094D554AE1B76253C14.e.19986"}]}
COMMAND: GET /session/d4f675b322105372b3380f2dea3f05ac/element/f.73BB2000E1F4E36FD864906F51978B2B.d.4A152D0F276D3094D554AE1B76253C14.e.19986/enabled - {}
COMMAND: GET /session/d4f675b322105372b3380f2dea3f05ac/screenshot - {}
RESULT: {}
COMMAND: POST /session/d4f675b322105372b3380f2dea3f05ac/execute/sync - {"script":"<script> [8489 bytes]","args":[{"element-6066-11e4-a52e-4f735466cecf":"f.73BB2000E1F4E36FD864906F51978B2B.d.4A152D0F276D3094D554AE1B76253C14.e.19986","ELEMENT":"f.73BB2000E1F4E36FD864906F51978B2B.d.4A152D0F276D3094D554AE1B76253C14.e.19986"}]}
COMMAND: GET /session/d4f675b322105372b3380f2dea3f05ac/screenshot - {}
RESULT: {}
RESULT: {"script":"<script> [8489 bytes]","args":[{"element-6066-11e4-a52e-4f735466cecf":"f.73BB2000E1F4E36FD864906F51978B2B.d.4A152D0F276D3094D554AE1B76253C14.e.19986","ELEMENT":"f.73BB2000E1F4E36FD864906F51978B2B.d.4A152D0F276D3094D554AE1B76253C14.e.19986"}]}
COMMAND: POST /session/d4f675b322105372b3380f2dea3f05ac/execute/sync - {"script":"<script> [5351 bytes]","args":[{"element-6066-11e4-a52e-4f735466cecf":"f.73BB2000E1F4E36FD864906F51978B2B.d.4A152D0F276D3094D554AE1B76253C14.e.19986","ELEMENT":"f.73BB2000E1F4E36FD864906F51978B2B.d.4A152D0F276D3094D554AE1B76253C14.e.19986"}]}
COMMAND: GET /session/d4f675b322105372b3380f2dea3f05ac/screenshot - {}
RESULT: {}
RESULT: {"script":"<script> [5351 bytes]","args":[{"element-6066-11e4-a52e-4f735466cecf":"f.73BB2000E1F4E36FD864906F51978B2B.d.4A152D0F276D3094D554AE1B76253C14.e.19986","ELEMENT":"f.73BB2000E1F4E36FD864906F51978B2B.d.4A152D0F276D3094D554AE1B76253C14.e.19986"}]}
COMMAND: GET /session/d4f675b322105372b3380f2dea3f05ac/screenshot - {}
RESULT: {}
RESULT: {}
COMMAND: POST /session/d4f675b322105372b3380f2dea3f05ac/element/f.73BB2000E1F4E36FD864906F51978B2B.d.4A152D0F276D3094D554AE1B76253C14.e.19986/click - {}
RESULT: {}
COMMAND: GET /session/d4f675b322105372b3380f2dea3f05ac/screenshot - {}
COMMAND: POST /session/d4f675b322105372b3380f2dea3f05ac/execute/async - {"script":"<script> [1562 bytes]","args":[{"selector":{"id":"application-managecontracts-display-component---AddNewContract--projectDescription","interaction":{"idSuffix":"inner"}},"wdio_ui5_key":"applicationmanagecontracts-display-component---AddNewContract--projectDescription"}]}
RESULT: {}
RESULT: {"script":"<script> [1562 bytes]","args":[{"selector":{"id":"application-managecontracts-display-component---AddNewContract--projectDescription","interaction":{"idSuffix":"inner"}},"wdio_ui5_key":"applicationmanagecontracts-display-component---AddNewContract--projectDescription"}]}
RESULT: undefined
COMMAND: POST /session/d4f675b322105372b3380f2dea3f05ac/execute/async - {"script":"<script> [776 bytes]","args":[{"enterText":"Contract WDIO","selector":{"id":"application-managecontracts-display-component---AddNewContract--projectDescription","interaction":{"idSuffix":"inner"}},"clearTextFirst":true,"interactionType":"ENTER_TEXT"}]}
RESULT: {"script":"<script> [776 bytes]","args":[{"enterText":"Contract WDIO","selector":{"id":"application-managecontracts-display-component---AddNewContract--projectDescription","interaction":{"idSuffix":"inner"}},"clearTextFirst":true,"interactionType":"ENTER_TEXT"}]}
COMMAND: POST /session/d4f675b322105372b3380f2dea3f05ac/element - {"using":"xpath","value":"//input[@id=\"application-managecontracts-display-component---AddNewContract--site-inner\"]"}
RESULT: {"using":"xpath","value":"//input[@id=\"application-managecontracts-display-component---AddNewContract--site-inner\"]"}
COMMAND: POST /session/d4f675b322105372b3380f2dea3f05ac/element/f.73BB2000E1F4E36FD864906F51978B2B.d.4A152D0F276D3094D554AE1B76253C14.e.20302/clear - {}
RESULT: {}
COMMAND: POST /session/d4f675b322105372b3380f2dea3f05ac/element/f.73BB2000E1F4E36FD864906F51978B2B.d.4A152D0F276D3094D554AE1B76253C14.e.20302/value - {"text":"2204"}
COMMAND: GET /session/d4f675b322105372b3380f2dea3f05ac/screenshot - {}
RESULT: {"text":"2204"}
COMMAND: GET /session/d4f675b322105372b3380f2dea3f05ac/screenshot - {}
RESULT: {}
RESULT: {}
COMMAND: POST /session/d4f675b322105372b3380f2dea3f05ac/element - {"using":"xpath","value":"//li[.//span[text()='2204']]"}
RESULT: {"using":"xpath","value":"//li[.//span[text()='2204']]"}
COMMAND: POST /session/d4f675b322105372b3380f2dea3f05ac/element/f.73BB2000E1F4E36FD864906F51978B2B.d.4A152D0F276D3094D554AE1B76253C14.e.20385/click - {}
RESULT: {}
COMMAND: GET /session/d4f675b322105372b3380f2dea3f05ac/screenshot - {}
RESULT: {}
COMMAND: POST /session/d4f675b322105372b3380f2dea3f05ac/element - {"using":"xpath","value":"//input[@id=\"application-managecontracts-display-component---AddNewContract--yardId-inner\"]"}
RESULT: {"using":"xpath","value":"//input[@id=\"application-managecontracts-display-component---AddNewContract--yardId-inner\"]"}
COMMAND: GET /session/d4f675b322105372b3380f2dea3f05ac/element/f.73BB2000E1F4E36FD864906F51978B2B.d.4A152D0F276D3094D554AE1B76253C14.e.20303/property/value - {}
RESULT: {}
COMMAND: POST /session/d4f675b322105372b3380f2dea3f05ac/element - {"using":"xpath","value":"//input[@id=\"application-managecontracts-display-component---AddNewContract--customerSelect-inner\"]"}
COMMAND: GET /session/d4f675b322105372b3380f2dea3f05ac/screenshot - {}
RESULT: {"using":"xpath","value":"//input[@id=\"application-managecontracts-display-component---AddNewContract--customerSelect-inner\"]"}
COMMAND: POST /session/d4f675b322105372b3380f2dea3f05ac/element/f.73BB2000E1F4E36FD864906F51978B2B.d.4A152D0F276D3094D554AE1B76253C14.e.20301/clear - {}
RESULT: {}
RESULT: {}
COMMAND: POST /session/d4f675b322105372b3380f2dea3f05ac/element/f.73BB2000E1F4E36FD864906F51978B2B.d.4A152D0F276D3094D554AE1B76253C14.e.20301/value - {"text":"1235"}
COMMAND: GET /session/d4f675b322105372b3380f2dea3f05ac/screenshot - {}
RESULT: {"text":"1235"}
COMMAND: GET /session/d4f675b322105372b3380f2dea3f05ac/screenshot - {}
RESULT: {}
RESULT: {}
COMMAND: POST /session/d4f675b322105372b3380f2dea3f05ac/element - {"using":"xpath","value":"//li[.//span[text()='1235']]"}
RESULT: {"using":"xpath","value":"//li[.//span[text()='1235']]"}
COMMAND: POST /session/d4f675b322105372b3380f2dea3f05ac/element/f.73BB2000E1F4E36FD864906F51978B2B.d.4A152D0F276D3094D554AE1B76253C14.e.20388/click - {}
RESULT: {}
COMMAND: GET /session/d4f675b322105372b3380f2dea3f05ac/screenshot - {}
RESULT: {}
COMMAND: POST /session/d4f675b322105372b3380f2dea3f05ac/element - {"using":"xpath","value":"//button[@data-kt=\"saveButton\"]"}
RESULT: {"using":"xpath","value":"//button[@data-kt=\"saveButton\"]"}
COMMAND: POST /session/d4f675b322105372b3380f2dea3f05ac/element/f.73BB2000E1F4E36FD864906F51978B2B.d.4A152D0F276D3094D554AE1B76253C14.e.20376/click - {}
RESULT: {}
COMMAND: GET /session/d4f675b322105372b3380f2dea3f05ac/screenshot - {}
RESULT: {}
COMMAND: POST /session/d4f675b322105372b3380f2dea3f05ac/element - {"using":"xpath","value":"//span[contains(@id ,\"contractDetailTitleNoExpanded\")]"}
RESULT: {"using":"xpath","value":"//span[contains(@id ,\"contractDetailTitleNoExpanded\")]"}
COMMAND: POST /session/d4f675b322105372b3380f2dea3f05ac/elements - {"using":"xpath","value":"//span[contains(@id ,\"contractDetailTitleNoExpanded\")]"}
RESULT: {"using":"xpath","value":"//span[contains(@id ,\"contractDetailTitleNoExpanded\")]"}
COMMAND: POST /session/d4f675b322105372b3380f2dea3f05ac/execute/sync - {"script":"<script> [56 bytes]","args":[{"element-6066-11e4-a52e-4f735466cecf":"f.73BB2000E1F4E36FD864906F51978B2B.d.4A152D0F276D3094D554AE1B76253C14.e.20460","ELEMENT":"f.73BB2000E1F4E36FD864906F51978B2B.d.4A152D0F276D3094D554AE1B76253C14.e.20460"}]}
RESULT: {"script":"<script> [56 bytes]","args":[{"element-6066-11e4-a52e-4f735466cecf":"f.73BB2000E1F4E36FD864906F51978B2B.d.4A152D0F276D3094D554AE1B76253C14.e.20460","ELEMENT":"f.73BB2000E1F4E36FD864906F51978B2B.d.4A152D0F276D3094D554AE1B76253C14.e.20460"}]}
COMMAND: GET /session/d4f675b322105372b3380f2dea3f05ac/screenshot - {}
RESULT: {}
]]></system-out>
    </testcase>
    <testcase classname="chrome.136_0_7103_93.windows.Return_from_Site_w/_warehouse_management_w_clarification" name="Should add equipment to the contract" time="58.258">
      <system-out><![CDATA[
COMMAND: POST /session/d4f675b322105372b3380f2dea3f05ac/element - {"using":"xpath","value":"//button[@data-kt=\"contractDetailEditBtnButton\"]"}
RESULT: {"using":"xpath","value":"//button[@data-kt=\"contractDetailEditBtnButton\"]"}
COMMAND: POST /session/d4f675b322105372b3380f2dea3f05ac/element/f.73BB2000E1F4E36FD864906F51978B2B.d.4A152D0F276D3094D554AE1B76253C14.e.20461/click - {}
RESULT: {}
COMMAND: GET /session/d4f675b322105372b3380f2dea3f05ac/screenshot - {}
RESULT: {}
COMMAND: POST /session/d4f675b322105372b3380f2dea3f05ac/element - {"using":"xpath","value":"(//span[contains(text(), \"Additional Addresses\")])[2]"}
RESULT: {"using":"xpath","value":"(//span[contains(text(), \"Additional Addresses\")])[2]"}
COMMAND: POST /session/d4f675b322105372b3380f2dea3f05ac/element/f.73BB2000E1F4E36FD864906F51978B2B.d.4A152D0F276D3094D554AE1B76253C14.e.20515/click - {}
RESULT: {}
COMMAND: GET /session/d4f675b322105372b3380f2dea3f05ac/screenshot - {}
RESULT: {}
COMMAND: POST /session/d4f675b322105372b3380f2dea3f05ac/element - {"using":"xpath","value":"//button[@data-kt=\"btnAddTableRowOverflowToolbarButton\"]"}
RESULT: {"using":"xpath","value":"//button[@data-kt=\"btnAddTableRowOverflowToolbarButton\"]"}
COMMAND: POST /session/d4f675b322105372b3380f2dea3f05ac/element/f.73BB2000E1F4E36FD864906F51978B2B.d.4A152D0F276D3094D554AE1B76253C14.e.20519/click - {}
RESULT: {}
COMMAND: GET /session/d4f675b322105372b3380f2dea3f05ac/screenshot - {}
RESULT: {}
COMMAND: POST /session/d4f675b322105372b3380f2dea3f05ac/element - {"using":"xpath","value":"//div[(text() = 'Standard Entry' or . = 'Standard Entry')]"}
RESULT: {"using":"xpath","value":"//div[(text() = 'Standard Entry' or . = 'Standard Entry')]"}
COMMAND: POST /session/d4f675b322105372b3380f2dea3f05ac/element/f.73BB2000E1F4E36FD864906F51978B2B.d.4A152D0F276D3094D554AE1B76253C14.e.20521/click - {}
RESULT: {}
COMMAND: GET /session/d4f675b322105372b3380f2dea3f05ac/screenshot - {}
RESULT: {}
COMMAND: POST /session/d4f675b322105372b3380f2dea3f05ac/element - {"using":"xpath","value":"//td[6]/div/div/div/span"}
RESULT: {"using":"xpath","value":"//td[6]/div/div/div/span"}
COMMAND: POST /session/d4f675b322105372b3380f2dea3f05ac/element/f.73BB2000E1F4E36FD864906F51978B2B.d.4A152D0F276D3094D554AE1B76253C14.e.20533/click - {}
RESULT: {}
COMMAND: GET /session/d4f675b322105372b3380f2dea3f05ac/screenshot - {}
RESULT: {}
COMMAND: POST /session/d4f675b322105372b3380f2dea3f05ac/element - {"using":"xpath","value":"(//span[contains(text(), \"Material\")])"}
RESULT: {"using":"xpath","value":"(//span[contains(text(), \"Material\")])"}
COMMAND: POST /session/d4f675b322105372b3380f2dea3f05ac/element/f.73BB2000E1F4E36FD864906F51978B2B.d.4A152D0F276D3094D554AE1B76253C14.e.20534/click - {}
RESULT: {}
COMMAND: GET /session/d4f675b322105372b3380f2dea3f05ac/screenshot - {}
RESULT: {}
COMMAND: POST /session/d4f675b322105372b3380f2dea3f05ac/element - {"using":"xpath","value":"//td[7]/div/div/input"}
RESULT: {"using":"xpath","value":"//td[7]/div/div/input"}
COMMAND: POST /session/d4f675b322105372b3380f2dea3f05ac/element/f.73BB2000E1F4E36FD864906F51978B2B.d.4A152D0F276D3094D554AE1B76253C14.e.20538/clear - {}
RESULT: {}
COMMAND: POST /session/d4f675b322105372b3380f2dea3f05ac/element/f.73BB2000E1F4E36FD864906F51978B2B.d.4A152D0F276D3094D554AE1B76253C14.e.20538/value - {"text":"200241"}
COMMAND: GET /session/d4f675b322105372b3380f2dea3f05ac/screenshot - {}
RESULT: {"text":"200241"}
COMMAND: GET /session/d4f675b322105372b3380f2dea3f05ac/screenshot - {}
RESULT: {}
RESULT: {}
COMMAND: POST /session/d4f675b322105372b3380f2dea3f05ac/actions - {"actions":[{"id":"action61","type":"key","parameters":{},"actions":[{"type":"keyDown","value":""},{"type":"pause","duration":10},{"type":"keyUp","value":""}]}]}
RESULT: {"actions":[{"id":"action61","type":"key","parameters":{},"actions":[{"type":"keyDown","value":""},{"type":"pause","duration":10},{"type":"keyUp","value":""}]}]}
COMMAND: GET /session/d4f675b322105372b3380f2dea3f05ac/screenshot - {}
RESULT: {}
COMMAND: POST /session/d4f675b322105372b3380f2dea3f05ac/execute/sync - {"script":"<script> [276 bytes]","args":["No pricing information was found"]}
RESULT: {"script":"<script> [276 bytes]","args":["No pricing information was found"]}
COMMAND: POST /session/d4f675b322105372b3380f2dea3f05ac/element - {"using":"xpath","value":"//bdi[contains(text(), \"OK\")]"}
COMMAND: GET /session/d4f675b322105372b3380f2dea3f05ac/screenshot - {}
RESULT: {"using":"xpath","value":"//bdi[contains(text(), \"OK\")]"}
COMMAND: POST /session/d4f675b322105372b3380f2dea3f05ac/element/f.73BB2000E1F4E36FD864906F51978B2B.d.4A152D0F276D3094D554AE1B76253C14.e.20564/click - {}
RESULT: {}
RESULT: {}
COMMAND: GET /session/d4f675b322105372b3380f2dea3f05ac/screenshot - {}
RESULT: {}
COMMAND: POST /session/d4f675b322105372b3380f2dea3f05ac/element - {"using":"xpath","value":"(//button[@data-kt=\"saveButton\"])[2]"}
RESULT: {"using":"xpath","value":"(//button[@data-kt=\"saveButton\"])[2]"}
COMMAND: POST /session/d4f675b322105372b3380f2dea3f05ac/element/f.73BB2000E1F4E36FD864906F51978B2B.d.4A152D0F276D3094D554AE1B76253C14.e.20565/click - {}
RESULT: {}
COMMAND: GET /session/d4f675b322105372b3380f2dea3f05ac/screenshot - {}
RESULT: {}
COMMAND: POST /session/d4f675b322105372b3380f2dea3f05ac/execute/sync - {"script":"<script> [276 bytes]","args":["Some contract items are having rental validity exceeding header rental validity"]}
RESULT: {"script":"<script> [276 bytes]","args":["Some contract items are having rental validity exceeding header rental validity"]}
COMMAND: GET /session/d4f675b322105372b3380f2dea3f05ac/screenshot - {}
RESULT: {}
COMMAND: POST /session/d4f675b322105372b3380f2dea3f05ac/element - {"using":"xpath","value":"//span[contains(@id ,\"contractItemsSmartTable-header-inner\")]"}
RESULT: {"using":"xpath","value":"//span[contains(@id ,\"contractItemsSmartTable-header-inner\")]"}
COMMAND: POST /session/d4f675b322105372b3380f2dea3f05ac/elements - {"using":"xpath","value":"//span[contains(@id ,\"contractItemsSmartTable-header-inner\")]"}
RESULT: {"using":"xpath","value":"//span[contains(@id ,\"contractItemsSmartTable-header-inner\")]"}
COMMAND: POST /session/d4f675b322105372b3380f2dea3f05ac/execute/sync - {"script":"<script> [56 bytes]","args":[{"element-6066-11e4-a52e-4f735466cecf":"f.73BB2000E1F4E36FD864906F51978B2B.d.4A152D0F276D3094D554AE1B76253C14.e.20569","ELEMENT":"f.73BB2000E1F4E36FD864906F51978B2B.d.4A152D0F276D3094D554AE1B76253C14.e.20569"}]}
RESULT: {"script":"<script> [56 bytes]","args":[{"element-6066-11e4-a52e-4f735466cecf":"f.73BB2000E1F4E36FD864906F51978B2B.d.4A152D0F276D3094D554AE1B76253C14.e.20569","ELEMENT":"f.73BB2000E1F4E36FD864906F51978B2B.d.4A152D0F276D3094D554AE1B76253C14.e.20569"}]}
COMMAND: GET /session/d4f675b322105372b3380f2dea3f05ac/screenshot - {}
]]></system-out>
    </testcase>
    <testcase classname="chrome.136_0_7103_93.windows.Return_from_Site_w/_warehouse_management_w_clarification" name="Should provide to site" time="39.173">
      <system-out><![CDATA[
COMMAND: POST /session/d4f675b322105372b3380f2dea3f05ac/element - {"using":"xpath","value":"//button[@data-kt=\"provideButton\"]"}
RESULT: {}
RESULT: {"using":"xpath","value":"//button[@data-kt=\"provideButton\"]"}
COMMAND: POST /session/d4f675b322105372b3380f2dea3f05ac/element/f.73BB2000E1F4E36FD864906F51978B2B.d.4A152D0F276D3094D554AE1B76253C14.e.20570/click - {}
RESULT: {}
COMMAND: GET /session/d4f675b322105372b3380f2dea3f05ac/screenshot - {}
RESULT: undefined
COMMAND: POST /session/d4f675b322105372b3380f2dea3f05ac/execute/async - {"script":"<script> [6424 bytes]","args":[{"element-6066-11e4-a52e-4f735466cecf":"f.73BB2000E1F4E36FD864906F51978B2B.d.4A152D0F276D3094D554AE1B76253C14.e.19532"},"setValue",["05/28/25"]]}
RESULT: {}
COMMAND: POST /session/d4f675b322105372b3380f2dea3f05ac/execute/async - {"script":"<script> [1562 bytes]","args":[{"selector":{"id":"application-managehandovers-display-component---AddNewHO--dueDate","interaction":{"idSuffix":"inner"}},"wdio_ui5_key":"applicationmanagehandovers-display-component---AddNewHO--dueDate"}]}
RESULT: {"script":"<script> [1562 bytes]","args":[{"selector":{"id":"application-managehandovers-display-component---AddNewHO--dueDate","interaction":{"idSuffix":"inner"}},"wdio_ui5_key":"applicationmanagehandovers-display-component---AddNewHO--dueDate"}]}
COMMAND: POST /session/d4f675b322105372b3380f2dea3f05ac/execute/async - {"script":"<script> [6424 bytes]","args":[{"element-6066-11e4-a52e-4f735466cecf":"f.73BB2000E1F4E36FD864906F51978B2B.d.4A152D0F276D3094D554AE1B76253C14.e.20660"},"setValue",["05/28/25"]]}
RESULT: {"script":"<script> [6424 bytes]","args":[{"element-6066-11e4-a52e-4f735466cecf":"f.73BB2000E1F4E36FD864906F51978B2B.d.4A152D0F276D3094D554AE1B76253C14.e.20660"},"setValue",["05/28/25"]]}
COMMAND: POST /session/d4f675b322105372b3380f2dea3f05ac/element - {"using":"xpath","value":"//bdi[contains(text(), \"Instructions\")]"}
RESULT: {"using":"xpath","value":"//bdi[contains(text(), \"Instructions\")]"}
COMMAND: POST /session/d4f675b322105372b3380f2dea3f05ac/element/f.73BB2000E1F4E36FD864906F51978B2B.d.4A152D0F276D3094D554AE1B76253C14.e.20884/click - {}
RESULT: {}
COMMAND: GET /session/d4f675b322105372b3380f2dea3f05ac/screenshot - {}
RESULT: {}
COMMAND: POST /session/d4f675b322105372b3380f2dea3f05ac/element - {"using":"xpath","value":"//button[@data-kt=\"AddNewHOProvideAddItemsButton\"]"}
RESULT: {"using":"xpath","value":"//button[@data-kt=\"AddNewHOProvideAddItemsButton\"]"}
COMMAND: POST /session/d4f675b322105372b3380f2dea3f05ac/element/f.73BB2000E1F4E36FD864906F51978B2B.d.4A152D0F276D3094D554AE1B76253C14.e.20888/click - {}
RESULT: {}
COMMAND: GET /session/d4f675b322105372b3380f2dea3f05ac/screenshot - {}
RESULT: {}
RESULT: undefined
COMMAND: POST /session/d4f675b322105372b3380f2dea3f05ac/element - {"using":"xpath","value":"//*[@id=\"application-managehandovers-display-component---AddNewHO--popup-sa\"]"}
RESULT: {"using":"xpath","value":"//*[@id=\"application-managehandovers-display-component---AddNewHO--popup-sa\"]"}
COMMAND: POST /session/d4f675b322105372b3380f2dea3f05ac/element/f.73BB2000E1F4E36FD864906F51978B2B.d.4A152D0F276D3094D554AE1B76253C14.e.20896/click - {}
RESULT: {}
COMMAND: GET /session/d4f675b322105372b3380f2dea3f05ac/screenshot - {}
RESULT: {}
COMMAND: POST /session/d4f675b322105372b3380f2dea3f05ac/element - {"using":"xpath","value":"//*[contains(@id ,\"BDI-content\")][contains(text(), \"Select\")]"}
RESULT: {"using":"xpath","value":"//*[contains(@id ,\"BDI-content\")][contains(text(), \"Select\")]"}
COMMAND: POST /session/d4f675b322105372b3380f2dea3f05ac/element/f.73BB2000E1F4E36FD864906F51978B2B.d.4A152D0F276D3094D554AE1B76253C14.e.20897/click - {}
RESULT: {}
COMMAND: GET /session/d4f675b322105372b3380f2dea3f05ac/screenshot - {}
RESULT: {}
COMMAND: POST /session/d4f675b322105372b3380f2dea3f05ac/element - {"using":"xpath","value":"//bdi[(text() = 'Save' or . = 'Save')]"}
RESULT: {"using":"xpath","value":"//bdi[(text() = 'Save' or . = 'Save')]"}
COMMAND: POST /session/d4f675b322105372b3380f2dea3f05ac/element/f.73BB2000E1F4E36FD864906F51978B2B.d.4A152D0F276D3094D554AE1B76253C14.e.20905/click - {}
RESULT: {}
COMMAND: GET /session/d4f675b322105372b3380f2dea3f05ac/screenshot - {}
RESULT: {}
]]></system-out>
    </testcase>
    <testcase classname="chrome.136_0_7103_93.windows.Return_from_Site_w/_warehouse_management_w_clarification" name="Should test for Handover Execution" time="147.155">
      <system-out><![CDATA[
COMMAND: POST /session/d4f675b322105372b3380f2dea3f05ac/execute/async - {"script":"<script> [1562 bytes]","args":[{"selector":{"controlType":"sap.m.Link","viewName":"etm.portal.ui.managehandovers.view.DetailExecuteHO","bindingPath":{"path":"","propertyPath":"/wmDoc","modelName":"warehouseMovModel"}},"wdio_ui5_key":"etmportal.ui.managehandovers.view.DetailExecuteHOsap.m.Link{\"path\":\"\",\"propertyPath\":\"/wmDoc\",\"modelName\":\"warehouseMovModel\"}"}]}
RESULT: {"script":"<script> [1562 bytes]","args":[{"selector":{"controlType":"sap.m.Link","viewName":"etm.portal.ui.managehandovers.view.DetailExecuteHO","bindingPath":{"path":"","propertyPath":"/wmDoc","modelName":"warehouseMovModel"}},"wdio_ui5_key":"etmportal.ui.managehandovers.view.DetailExecuteHOsap.m.Link{\"path\":\"\",\"propertyPath\":\"/wmDoc\",\"modelName\":\"warehouseMovModel\"}"}]}
RESULT: undefined
COMMAND: POST /session/d4f675b322105372b3380f2dea3f05ac/element - {"using":"xpath","value":"//*[@id=\"__link82\"]"}
RESULT: {"using":"xpath","value":"//*[@id=\"__link82\"]"}
COMMAND: POST /session/d4f675b322105372b3380f2dea3f05ac/element/f.73BB2000E1F4E36FD864906F51978B2B.d.4A152D0F276D3094D554AE1B76253C14.e.20946/click - {}
RESULT: {}
COMMAND: GET /session/d4f675b322105372b3380f2dea3f05ac/screenshot - {}
RESULT: {}
COMMAND: POST /session/d4f675b322105372b3380f2dea3f05ac/execute/async - {"script":"<script> [1562 bytes]","args":[{"selector":{"controlType":"sap.m.Link","viewName":"etm.portal.ui.managehandovers.view.DetailExecuteHO","properties":{"text":"Warehouse Overview"},"searchOpenDialogs":true},"wdio_ui5_key":"etmportal.ui.managehandovers.view.DetailExecuteHOsap.m.Link{\"text\":\"Warehouse Overview\"}"}]}
RESULT: {"script":"<script> [1562 bytes]","args":[{"selector":{"controlType":"sap.m.Link","viewName":"etm.portal.ui.managehandovers.view.DetailExecuteHO","properties":{"text":"Warehouse Overview"},"searchOpenDialogs":true},"wdio_ui5_key":"etmportal.ui.managehandovers.view.DetailExecuteHOsap.m.Link{\"text\":\"Warehouse Overview\"}"}]}
RESULT: undefined
COMMAND: POST /session/d4f675b322105372b3380f2dea3f05ac/element - {"using":"xpath","value":"//*[@id=\"__link98\"]"}
RESULT: {"using":"xpath","value":"//*[@id=\"__link98\"]"}
COMMAND: POST /session/d4f675b322105372b3380f2dea3f05ac/element/f.73BB2000E1F4E36FD864906F51978B2B.d.4A152D0F276D3094D554AE1B76253C14.e.20948/click - {}
RESULT: {}
COMMAND: GET /session/d4f675b322105372b3380f2dea3f05ac/screenshot - {}
RESULT: {}
COMMAND: POST /session/d4f675b322105372b3380f2dea3f05ac/execute/async - {"script":"<script> [1562 bytes]","args":[{"selector":{"controlType":"sap.m.Button","viewName":"etm.portal.ui.warehousemovements.view.DisplayMovement","viewId":"application-warehousemovements-display-component---displayMovement","i18NText":{"propertyName":"text","key":"execution"},"interaction":{"idSuffix":"BDI-content"}},"wdio_ui5_key":"etmportal.ui.warehousemovements.view.DisplayMovementsap.m.Button{\"propertyName\":\"text\",\"key\":\"execution\"}"}]}
RESULT: {"script":"<script> [1562 bytes]","args":[{"selector":{"controlType":"sap.m.Button","viewName":"etm.portal.ui.warehousemovements.view.DisplayMovement","viewId":"application-warehousemovements-display-component---displayMovement","i18NText":{"propertyName":"text","key":"execution"},"interaction":{"idSuffix":"BDI-content"}},"wdio_ui5_key":"etmportal.ui.warehousemovements.view.DisplayMovementsap.m.Button{\"propertyName\":\"text\",\"key\":\"execution\"}"}]}
RESULT: undefined
COMMAND: POST /session/d4f675b322105372b3380f2dea3f05ac/element - {"using":"xpath","value":"//*[@id=\"__button247\"]"}
RESULT: {"using":"xpath","value":"//*[@id=\"__button247\"]"}
COMMAND: POST /session/d4f675b322105372b3380f2dea3f05ac/element/f.73BB2000E1F4E36FD864906F51978B2B.d.4A152D0F276D3094D554AE1B76253C14.e.21112/click - {}
RESULT: {}
COMMAND: GET /session/d4f675b322105372b3380f2dea3f05ac/screenshot - {}
RESULT: {}
COMMAND: POST /session/d4f675b322105372b3380f2dea3f05ac/execute/async - {"script":"<script> [1562 bytes]","args":[{"selector":{"controlType":"sap.m.Button","viewName":"etm.portal.ui.warehousemovements.view.ExecuteMovement","viewId":"application-warehousemovements-display-component---executeMovement","properties":{"text":"Items"},"interaction":{"idSuffix":"BDI-content"}},"wdio_ui5_key":"etmportal.ui.warehousemovements.view.ExecuteMovementsap.m.Button{\"text\":\"Items\"}"}]}
RESULT: {"script":"<script> [1562 bytes]","args":[{"selector":{"controlType":"sap.m.Button","viewName":"etm.portal.ui.warehousemovements.view.ExecuteMovement","viewId":"application-warehousemovements-display-component---executeMovement","properties":{"text":"Items"},"interaction":{"idSuffix":"BDI-content"}},"wdio_ui5_key":"etmportal.ui.warehousemovements.view.ExecuteMovementsap.m.Button{\"text\":\"Items\"}"}]}
RESULT: undefined
COMMAND: POST /session/d4f675b322105372b3380f2dea3f05ac/element - {"using":"xpath","value":"//*[@id=\"__layout379-anchBar-application-warehousemovements-display-component---executeMovement--itemsSection-anchor\"]"}
RESULT: {"using":"xpath","value":"//*[@id=\"__layout379-anchBar-application-warehousemovements-display-component---executeMovement--itemsSection-anchor\"]"}
COMMAND: POST /session/d4f675b322105372b3380f2dea3f05ac/element/f.73BB2000E1F4E36FD864906F51978B2B.d.4A152D0F276D3094D554AE1B76253C14.e.21210/click - {}
RESULT: {}
COMMAND: GET /session/d4f675b322105372b3380f2dea3f05ac/screenshot - {}
RESULT: {}
COMMAND: POST /session/d4f675b322105372b3380f2dea3f05ac/execute/async - {"script":"<script> [1562 bytes]","args":[{"selector":{"controlType":"sap.m.ToggleButton","viewName":"etm.portal.ui.warehousemovements.view.ExecuteMovement","viewId":"application-warehousemovements-display-component---executeMovement","bindingPath":{"propertyPath":"STATUS","modelName":"catalogModel"},"interaction":{"idSuffix":"BDI-content"}},"wdio_ui5_key":"etmportal.ui.warehousemovements.view.ExecuteMovementsap.m.ToggleButton{\"propertyPath\":\"STATUS\",\"modelName\":\"catalogModel\"}"}]}
RESULT: {"script":"<script> [1562 bytes]","args":[{"selector":{"controlType":"sap.m.ToggleButton","viewName":"etm.portal.ui.warehousemovements.view.ExecuteMovement","viewId":"application-warehousemovements-display-component---executeMovement","bindingPath":{"propertyPath":"STATUS","modelName":"catalogModel"},"interaction":{"idSuffix":"BDI-content"}},"wdio_ui5_key":"etmportal.ui.warehousemovements.view.ExecuteMovementsap.m.ToggleButton{\"propertyPath\":\"STATUS\",\"modelName\":\"catalogModel\"}"}]}
RESULT: undefined
COMMAND: POST /session/d4f675b322105372b3380f2dea3f05ac/element - {"using":"xpath","value":"//*[@id=\"__button272-__clone3095\"]"}
RESULT: {"using":"xpath","value":"//*[@id=\"__button272-__clone3095\"]"}
COMMAND: POST /session/d4f675b322105372b3380f2dea3f05ac/element/f.73BB2000E1F4E36FD864906F51978B2B.d.4A152D0F276D3094D554AE1B76253C14.e.21187/click - {}
RESULT: {}
RESULT: undefined
COMMAND: POST /session/d4f675b322105372b3380f2dea3f05ac/element - {"using":"xpath","value":"//*[@id=\"__button272-__clone3095\"]"}
COMMAND: GET /session/d4f675b322105372b3380f2dea3f05ac/screenshot - {}
RESULT: {"using":"xpath","value":"//*[@id=\"__button272-__clone3095\"]"}
COMMAND: POST /session/d4f675b322105372b3380f2dea3f05ac/element/f.73BB2000E1F4E36FD864906F51978B2B.d.4A152D0F276D3094D554AE1B76253C14.e.21187/click - {}
RESULT: {}
RESULT: {}
COMMAND: GET /session/d4f675b322105372b3380f2dea3f05ac/screenshot - {}
RESULT: {}
COMMAND: POST /session/d4f675b322105372b3380f2dea3f05ac/element - {"using":"xpath","value":"//section[contains(@id,\"FC-NoHead\")]/div[1]/div[5]/div[2]/span"}
RESULT: {"using":"xpath","value":"//section[contains(@id,\"FC-NoHead\")]/div[1]/div[5]/div[2]/span"}
COMMAND: POST /session/d4f675b322105372b3380f2dea3f05ac/elements - {"using":"xpath","value":"//section[contains(@id,\"FC-NoHead\")]/div[1]/div[5]/div[2]/span"}
RESULT: {"using":"xpath","value":"//section[contains(@id,\"FC-NoHead\")]/div[1]/div[5]/div[2]/span"}
COMMAND: POST /session/d4f675b322105372b3380f2dea3f05ac/execute/sync - {"script":"<script> [56 bytes]","args":[{"element-6066-11e4-a52e-4f735466cecf":"f.73BB2000E1F4E36FD864906F51978B2B.d.4A152D0F276D3094D554AE1B76253C14.e.21216","ELEMENT":"f.73BB2000E1F4E36FD864906F51978B2B.d.4A152D0F276D3094D554AE1B76253C14.e.21216"}]}
RESULT: {"script":"<script> [56 bytes]","args":[{"element-6066-11e4-a52e-4f735466cecf":"f.73BB2000E1F4E36FD864906F51978B2B.d.4A152D0F276D3094D554AE1B76253C14.e.21216","ELEMENT":"f.73BB2000E1F4E36FD864906F51978B2B.d.4A152D0F276D3094D554AE1B76253C14.e.21216"}]}
COMMAND: POST /session/d4f675b322105372b3380f2dea3f05ac/actions - {"actions":[{"id":"action62","type":"key","parameters":{},"actions":[{"type":"keyDown","value":""},{"type":"pause","duration":10},{"type":"keyUp","value":""}]}]}
COMMAND: GET /session/d4f675b322105372b3380f2dea3f05ac/screenshot - {}
RESULT: {"actions":[{"id":"action62","type":"key","parameters":{},"actions":[{"type":"keyDown","value":""},{"type":"pause","duration":10},{"type":"keyUp","value":""}]}]}
COMMAND: POST /session/d4f675b322105372b3380f2dea3f05ac/execute/async - {"script":"<script> [1562 bytes]","args":[{"selector":{"id":"application-warehousemovements-display-component---executeMovement--executeId","interaction":{"idSuffix":"BDI-content"}},"wdio_ui5_key":"applicationwarehousemovements-display-component---executeMovement--executeId"}]}
COMMAND: GET /session/d4f675b322105372b3380f2dea3f05ac/screenshot - {}
RESULT: {}
RESULT: {"script":"<script> [1562 bytes]","args":[{"selector":{"id":"application-warehousemovements-display-component---executeMovement--executeId","interaction":{"idSuffix":"BDI-content"}},"wdio_ui5_key":"applicationwarehousemovements-display-component---executeMovement--executeId"}]}
RESULT: undefined
COMMAND: POST /session/d4f675b322105372b3380f2dea3f05ac/element - {"using":"xpath","value":"//*[@id=\"application-warehousemovements-display-component---executeMovement--executeId\"]"}
RESULT: {}
RESULT: {"using":"xpath","value":"//*[@id=\"application-warehousemovements-display-component---executeMovement--executeId\"]"}
COMMAND: POST /session/d4f675b322105372b3380f2dea3f05ac/element/f.73BB2000E1F4E36FD864906F51978B2B.d.4A152D0F276D3094D554AE1B76253C14.e.21181/click - {}
RESULT: {}
COMMAND: GET /session/d4f675b322105372b3380f2dea3f05ac/screenshot - {}
RESULT: {}
COMMAND: POST /session/d4f675b322105372b3380f2dea3f05ac/element - {"using":"css selector","value":"#shell-header-logo"}
RESULT: {"using":"css selector","value":"#shell-header-logo"}
COMMAND: POST /session/d4f675b322105372b3380f2dea3f05ac/element/f.73BB2000E1F4E36FD864906F51978B2B.d.4A152D0F276D3094D554AE1B76253C14.e.19937/click - {}
RESULT: {}
COMMAND: GET /session/d4f675b322105372b3380f2dea3f05ac/screenshot - {}
RESULT: {}
RESULT: undefined
COMMAND: POST /session/d4f675b322105372b3380f2dea3f05ac/element - {"using":"xpath","value":"//*[@id=\"__tile132\"]"}
RESULT: {"using":"xpath","value":"//*[@id=\"__tile132\"]"}
COMMAND: POST /session/d4f675b322105372b3380f2dea3f05ac/element/f.73BB2000E1F4E36FD864906F51978B2B.d.4A152D0F276D3094D554AE1B76253C14.e.18487/click - {}
RESULT: {}
COMMAND: GET /session/d4f675b322105372b3380f2dea3f05ac/screenshot - {}
RESULT: {}
COMMAND: POST /session/d4f675b322105372b3380f2dea3f05ac/elements - {"using":"xpath","value":"//span[text()='Error']"}
RESULT: {"using":"xpath","value":"//span[text()='Error']"}
COMMAND: POST /session/d4f675b322105372b3380f2dea3f05ac/execute/async - {"script":"<script> [1562 bytes]","args":[{"selector":{"controlType":"sap.m.SearchField","viewName":"etm.portal.ui.managehandovers.view.MasterHO","bindingPath":{"propertyPath":"/_BASIC_SEARCH_FIELD","modelName":"fi1t3rM0d31"},"interaction":{"idSuffix":"I"}},"wdio_ui5_key":"etmportal.ui.managehandovers.view.MasterHOsap.m.SearchField{\"propertyPath\":\"/_BASIC_SEARCH_FIELD\",\"modelName\":\"fi1t3rM0d31\"}"}]}
RESULT: {"script":"<script> [1562 bytes]","args":[{"selector":{"controlType":"sap.m.SearchField","viewName":"etm.portal.ui.managehandovers.view.MasterHO","bindingPath":{"propertyPath":"/_BASIC_SEARCH_FIELD","modelName":"fi1t3rM0d31"},"interaction":{"idSuffix":"I"}},"wdio_ui5_key":"etmportal.ui.managehandovers.view.MasterHOsap.m.SearchField{\"propertyPath\":\"/_BASIC_SEARCH_FIELD\",\"modelName\":\"fi1t3rM0d31\"}"}]}
RESULT: undefined
COMMAND: POST /session/d4f675b322105372b3380f2dea3f05ac/execute/async - {"script":"<script> [776 bytes]","args":[{"enterText":"30747","selector":{"controlType":"sap.m.SearchField","viewName":"etm.portal.ui.managehandovers.view.MasterHO","bindingPath":{"propertyPath":"/_BASIC_SEARCH_FIELD","modelName":"fi1t3rM0d31"},"interaction":{"idSuffix":"I"}},"clearTextFirst":true,"interactionType":"ENTER_TEXT"}]}
RESULT: {"script":"<script> [776 bytes]","args":[{"enterText":"30747","selector":{"controlType":"sap.m.SearchField","viewName":"etm.portal.ui.managehandovers.view.MasterHO","bindingPath":{"propertyPath":"/_BASIC_SEARCH_FIELD","modelName":"fi1t3rM0d31"},"interaction":{"idSuffix":"I"}},"clearTextFirst":true,"interactionType":"ENTER_TEXT"}]}
COMMAND: POST /session/d4f675b322105372b3380f2dea3f05ac/actions - {"actions":[{"id":"action63","type":"key","parameters":{},"actions":[{"type":"keyDown","value":""},{"type":"pause","duration":10},{"type":"keyUp","value":""}]}]}
RESULT: {"actions":[{"id":"action63","type":"key","parameters":{},"actions":[{"type":"keyDown","value":""},{"type":"pause","duration":10},{"type":"keyUp","value":""}]}]}
COMMAND: GET /session/d4f675b322105372b3380f2dea3f05ac/screenshot - {}
RESULT: {}
COMMAND: POST /session/d4f675b322105372b3380f2dea3f05ac/execute/async - {"script":"<script> [1562 bytes]","args":[{"selector":{"controlType":"sap.ui.core.Icon","viewName":"etm.portal.ui.managehandovers.view.MasterHO","properties":{"src":{"regex":{"source":"slim\\-arrow\\-right"}}}},"wdio_ui5_key":"etmportal.ui.managehandovers.view.MasterHOsap.ui.core.Icon{\"src\":{\"regex\":{\"source\":\"slim\\\\-arrow\\\\-right\"}}}"}]}
RESULT: {"script":"<script> [1562 bytes]","args":[{"selector":{"controlType":"sap.ui.core.Icon","viewName":"etm.portal.ui.managehandovers.view.MasterHO","properties":{"src":{"regex":{"source":"slim\\-arrow\\-right"}}}},"wdio_ui5_key":"etmportal.ui.managehandovers.view.MasterHOsap.ui.core.Icon{\"src\":{\"regex\":{\"source\":\"slim\\\\-arrow\\\\-right\"}}}"}]}
RESULT: undefined
COMMAND: POST /session/d4f675b322105372b3380f2dea3f05ac/element - {"using":"xpath","value":"//*[@id=\"__item1638-__clone3174-imgNav\"]"}
RESULT: {"using":"xpath","value":"//*[@id=\"__item1638-__clone3174-imgNav\"]"}
COMMAND: POST /session/d4f675b322105372b3380f2dea3f05ac/element/f.73BB2000E1F4E36FD864906F51978B2B.d.4A152D0F276D3094D554AE1B76253C14.e.21393/click - {}
RESULT: {}
COMMAND: GET /session/d4f675b322105372b3380f2dea3f05ac/screenshot - {}
RESULT: {}
COMMAND: POST /session/d4f675b322105372b3380f2dea3f05ac/element - {"using":"xpath","value":"//button[@data-kt=\"IssuingTableConfirmAllButton\"]"}
RESULT: {"using":"xpath","value":"//button[@data-kt=\"IssuingTableConfirmAllButton\"]"}
COMMAND: POST /session/d4f675b322105372b3380f2dea3f05ac/element/f.73BB2000E1F4E36FD864906F51978B2B.d.4A152D0F276D3094D554AE1B76253C14.e.21485/click - {}
RESULT: {}
COMMAND: GET /session/d4f675b322105372b3380f2dea3f05ac/screenshot - {}
RESULT: {}
COMMAND: POST /session/d4f675b322105372b3380f2dea3f05ac/element - {"using":"xpath","value":"//bdi[contains(text(), \"OK\")]"}
RESULT: {"using":"xpath","value":"//bdi[contains(text(), \"OK\")]"}
COMMAND: POST /session/d4f675b322105372b3380f2dea3f05ac/element/f.73BB2000E1F4E36FD864906F51978B2B.d.4A152D0F276D3094D554AE1B76253C14.e.21493/click - {}
RESULT: {}
COMMAND: GET /session/d4f675b322105372b3380f2dea3f05ac/screenshot - {}
RESULT: {}
COMMAND: POST /session/d4f675b322105372b3380f2dea3f05ac/element - {"using":"xpath","value":"//button[@data-kt=\"execHoIssueButton\"]"}
RESULT: {"using":"xpath","value":"//button[@data-kt=\"execHoIssueButton\"]"}
COMMAND: POST /session/d4f675b322105372b3380f2dea3f05ac/element/f.73BB2000E1F4E36FD864906F51978B2B.d.4A152D0F276D3094D554AE1B76253C14.e.21494/click - {}
RESULT: {}
COMMAND: GET /session/d4f675b322105372b3380f2dea3f05ac/screenshot - {}
RESULT: {}
RESULT: undefined
COMMAND: POST /session/d4f675b322105372b3380f2dea3f05ac/execute/async - {"script":"<script> [776 bytes]","args":[{"enterText":"30747","selector":{"controlType":"sap.m.SearchField","viewName":"etm.portal.ui.managehandovers.view.MasterHO","bindingPath":{"propertyPath":"/_BASIC_SEARCH_FIELD","modelName":"fi1t3rM0d31"},"interaction":{"idSuffix":"I"}},"clearTextFirst":true,"interactionType":"ENTER_TEXT"}]}
RESULT: {"script":"<script> [776 bytes]","args":[{"enterText":"30747","selector":{"controlType":"sap.m.SearchField","viewName":"etm.portal.ui.managehandovers.view.MasterHO","bindingPath":{"propertyPath":"/_BASIC_SEARCH_FIELD","modelName":"fi1t3rM0d31"},"interaction":{"idSuffix":"I"}},"clearTextFirst":true,"interactionType":"ENTER_TEXT"}]}
COMMAND: POST /session/d4f675b322105372b3380f2dea3f05ac/actions - {"actions":[{"id":"action64","type":"key","parameters":{},"actions":[{"type":"keyDown","value":""},{"type":"pause","duration":10},{"type":"keyUp","value":""}]}]}
RESULT: {"actions":[{"id":"action64","type":"key","parameters":{},"actions":[{"type":"keyDown","value":""},{"type":"pause","duration":10},{"type":"keyUp","value":""}]}]}
COMMAND: GET /session/d4f675b322105372b3380f2dea3f05ac/screenshot - {}
RESULT: {}
COMMAND: POST /session/d4f675b322105372b3380f2dea3f05ac/element - {"using":"xpath","value":"//span[(text() = '30747' or . = '30747')]"}
RESULT: {"using":"xpath","value":"//span[(text() = '30747' or . = '30747')]"}
COMMAND: POST /session/d4f675b322105372b3380f2dea3f05ac/element/f.73BB2000E1F4E36FD864906F51978B2B.d.4A152D0F276D3094D554AE1B76253C14.e.21539/click - {}
RESULT: {}
COMMAND: GET /session/d4f675b322105372b3380f2dea3f05ac/screenshot - {}
RESULT: {}
COMMAND: POST /session/d4f675b322105372b3380f2dea3f05ac/element - {"using":"xpath","value":"//span[contains(text(), \"Instructions\")]"}
RESULT: {"using":"xpath","value":"//span[contains(text(), \"Instructions\")]"}
COMMAND: POST /session/d4f675b322105372b3380f2dea3f05ac/element/f.73BB2000E1F4E36FD864906F51978B2B.d.4A152D0F276D3094D554AE1B76253C14.e.21583/click - {}
RESULT: {}
COMMAND: GET /session/d4f675b322105372b3380f2dea3f05ac/screenshot - {}
RESULT: {}
COMMAND: POST /session/d4f675b322105372b3380f2dea3f05ac/element - {"using":"xpath","value":"//span[contains(text(), \"Instructions\")]"}
RESULT: {"using":"xpath","value":"//span[contains(text(), \"Instructions\")]"}
COMMAND: POST /session/d4f675b322105372b3380f2dea3f05ac/element/f.73BB2000E1F4E36FD864906F51978B2B.d.4A152D0F276D3094D554AE1B76253C14.e.21583/click - {}
RESULT: {}
COMMAND: GET /session/d4f675b322105372b3380f2dea3f05ac/screenshot - {}
RESULT: {}
COMMAND: POST /session/d4f675b322105372b3380f2dea3f05ac/execute/async - {"script":"<script> [1562 bytes]","args":[{"selector":{"controlType":"sap.m.ComboBox","viewName":"etm.portal.ui.managehandovers.view.DetailExecuteHO","bindingPath":{"propertyPath":"RECEIVING_SECTION","modelName":"catalogModel"},"interaction":{"idSuffix":"inner"}},"wdio_ui5_key":"etmportal.ui.managehandovers.view.DetailExecuteHOsap.m.ComboBox{\"propertyPath\":\"RECEIVING_SECTION\",\"modelName\":\"catalogModel\"}"}]}
RESULT: {"script":"<script> [1562 bytes]","args":[{"selector":{"controlType":"sap.m.ComboBox","viewName":"etm.portal.ui.managehandovers.view.DetailExecuteHO","bindingPath":{"propertyPath":"RECEIVING_SECTION","modelName":"catalogModel"},"interaction":{"idSuffix":"inner"}},"wdio_ui5_key":"etmportal.ui.managehandovers.view.DetailExecuteHOsap.m.ComboBox{\"propertyPath\":\"RECEIVING_SECTION\",\"modelName\":\"catalogModel\"}"}]}
RESULT: undefined
COMMAND: POST /session/d4f675b322105372b3380f2dea3f05ac/execute/async - {"script":"<script> [776 bytes]","args":[{"enterText":"WDIO-2204","selector":{"controlType":"sap.m.ComboBox","viewName":"etm.portal.ui.managehandovers.view.DetailExecuteHO","bindingPath":{"propertyPath":"RECEIVING_SECTION","modelName":"catalogModel"},"interaction":{"idSuffix":"inner"}},"clearTextFirst":true,"interactionType":"ENTER_TEXT"}]}
RESULT: {"script":"<script> [776 bytes]","args":[{"enterText":"WDIO-2204","selector":{"controlType":"sap.m.ComboBox","viewName":"etm.portal.ui.managehandovers.view.DetailExecuteHO","bindingPath":{"propertyPath":"RECEIVING_SECTION","modelName":"catalogModel"},"interaction":{"idSuffix":"inner"}},"clearTextFirst":true,"interactionType":"ENTER_TEXT"}]}
COMMAND: POST /session/d4f675b322105372b3380f2dea3f05ac/actions - {"actions":[{"id":"action65","type":"key","parameters":{},"actions":[{"type":"keyDown","value":""},{"type":"pause","duration":10},{"type":"keyUp","value":""}]}]}
RESULT: {"actions":[{"id":"action65","type":"key","parameters":{},"actions":[{"type":"keyDown","value":""},{"type":"pause","duration":10},{"type":"keyUp","value":""}]}]}
COMMAND: GET /session/d4f675b322105372b3380f2dea3f05ac/screenshot - {}
RESULT: {}
COMMAND: POST /session/d4f675b322105372b3380f2dea3f05ac/element - {"using":"xpath","value":"//button[@data-kt= \"execHoReceiveButton\"]"}
RESULT: {"using":"xpath","value":"//button[@data-kt= \"execHoReceiveButton\"]"}
COMMAND: POST /session/d4f675b322105372b3380f2dea3f05ac/element/f.73BB2000E1F4E36FD864906F51978B2B.d.4A152D0F276D3094D554AE1B76253C14.e.21589/click - {}
RESULT: {}
COMMAND: GET /session/d4f675b322105372b3380f2dea3f05ac/screenshot - {}
RESULT: {}
COMMAND: POST /session/d4f675b322105372b3380f2dea3f05ac/execute/async - {"script":"<script> [1562 bytes]","args":[{"selector":{"controlType":"sap.m.Button","properties":{"text":"Continue"},"searchOpenDialogs":true,"interaction":{"idSuffix":"content"}},"wdio_ui5_key":"sapm.Button{\"text\":\"Continue\"}"}]}
RESULT: {"script":"<script> [1562 bytes]","args":[{"selector":{"controlType":"sap.m.Button","properties":{"text":"Continue"},"searchOpenDialogs":true,"interaction":{"idSuffix":"content"}},"wdio_ui5_key":"sapm.Button{\"text\":\"Continue\"}"}]}
RESULT: undefined
COMMAND: POST /session/d4f675b322105372b3380f2dea3f05ac/element - {"using":"xpath","value":"//*[@id=\"__mbox-btn-6\"]"}
RESULT: {"using":"xpath","value":"//*[@id=\"__mbox-btn-6\"]"}
COMMAND: POST /session/d4f675b322105372b3380f2dea3f05ac/element/f.73BB2000E1F4E36FD864906F51978B2B.d.4A152D0F276D3094D554AE1B76253C14.e.21590/click - {}
RESULT: {}
COMMAND: GET /session/d4f675b322105372b3380f2dea3f05ac/screenshot - {}
RESULT: {}
COMMAND: POST /session/d4f675b322105372b3380f2dea3f05ac/element - {"using":"css selector","value":"#shell-header-logo"}
RESULT: {"using":"css selector","value":"#shell-header-logo"}
COMMAND: POST /session/d4f675b322105372b3380f2dea3f05ac/element/f.73BB2000E1F4E36FD864906F51978B2B.d.4A152D0F276D3094D554AE1B76253C14.e.21268/click - {}
RESULT: {}
COMMAND: GET /session/d4f675b322105372b3380f2dea3f05ac/screenshot - {}
RESULT: {}
]]></system-out>
    </testcase>
    <testcase classname="chrome.136_0_7103_93.windows.Return_from_Site_w/_warehouse_management_w_clarification" name="Should test for Clarification" time="60.234">
      <system-out><![CDATA[
RESULT: undefined
COMMAND: POST /session/d4f675b322105372b3380f2dea3f05ac/element - {"using":"xpath","value":"//*[@id=\"__tile132\"]"}
RESULT: {"using":"xpath","value":"//*[@id=\"__tile132\"]"}
COMMAND: POST /session/d4f675b322105372b3380f2dea3f05ac/element/f.73BB2000E1F4E36FD864906F51978B2B.d.4A152D0F276D3094D554AE1B76253C14.e.18487/click - {}
RESULT: {}
COMMAND: GET /session/d4f675b322105372b3380f2dea3f05ac/screenshot - {}
RESULT: {}
COMMAND: POST /session/d4f675b322105372b3380f2dea3f05ac/elements - {"using":"xpath","value":"//span[text()='Error']"}
RESULT: {"using":"xpath","value":"//span[text()='Error']"}
RESULT: undefined
COMMAND: POST /session/d4f675b322105372b3380f2dea3f05ac/execute/async - {"script":"<script> [776 bytes]","args":[{"enterText":"30747","selector":{"controlType":"sap.m.SearchField","viewName":"etm.portal.ui.managehandovers.view.MasterHO","bindingPath":{"propertyPath":"/_BASIC_SEARCH_FIELD","modelName":"fi1t3rM0d31"},"interaction":{"idSuffix":"I"}},"clearTextFirst":true,"interactionType":"ENTER_TEXT"}]}
RESULT: {"script":"<script> [776 bytes]","args":[{"enterText":"30747","selector":{"controlType":"sap.m.SearchField","viewName":"etm.portal.ui.managehandovers.view.MasterHO","bindingPath":{"propertyPath":"/_BASIC_SEARCH_FIELD","modelName":"fi1t3rM0d31"},"interaction":{"idSuffix":"I"}},"clearTextFirst":true,"interactionType":"ENTER_TEXT"}]}
COMMAND: POST /session/d4f675b322105372b3380f2dea3f05ac/actions - {"actions":[{"id":"action66","type":"key","parameters":{},"actions":[{"type":"keyDown","value":""},{"type":"pause","duration":10},{"type":"keyUp","value":""}]}]}
RESULT: {"actions":[{"id":"action66","type":"key","parameters":{},"actions":[{"type":"keyDown","value":""},{"type":"pause","duration":10},{"type":"keyUp","value":""}]}]}
COMMAND: GET /session/d4f675b322105372b3380f2dea3f05ac/screenshot - {}
RESULT: {}
COMMAND: POST /session/d4f675b322105372b3380f2dea3f05ac/element - {"using":"xpath","value":"//span[(text() = '30747' or . = '30747')]"}
RESULT: {"using":"xpath","value":"//span[(text() = '30747' or . = '30747')]"}
COMMAND: POST /session/d4f675b322105372b3380f2dea3f05ac/element/f.73BB2000E1F4E36FD864906F51978B2B.d.4A152D0F276D3094D554AE1B76253C14.e.21756/click - {}
RESULT: {}
COMMAND: GET /session/d4f675b322105372b3380f2dea3f05ac/screenshot - {}
RESULT: {}
COMMAND: POST /session/d4f675b322105372b3380f2dea3f05ac/element - {"using":"xpath","value":"//span[contains(text(), \"Instructions\")]"}
RESULT: {"using":"xpath","value":"//span[contains(text(), \"Instructions\")]"}
COMMAND: POST /session/d4f675b322105372b3380f2dea3f05ac/element/f.73BB2000E1F4E36FD864906F51978B2B.d.4A152D0F276D3094D554AE1B76253C14.e.21848/click - {}
RESULT: {}
COMMAND: GET /session/d4f675b322105372b3380f2dea3f05ac/screenshot - {}
RESULT: {}
COMMAND: POST /session/d4f675b322105372b3380f2dea3f05ac/element - {"using":"xpath","value":"//span[contains(text(), \"Instructions\")]"}
RESULT: {"using":"xpath","value":"//span[contains(text(), \"Instructions\")]"}
COMMAND: POST /session/d4f675b322105372b3380f2dea3f05ac/element/f.73BB2000E1F4E36FD864906F51978B2B.d.4A152D0F276D3094D554AE1B76253C14.e.21848/click - {}
RESULT: {}
COMMAND: GET /session/d4f675b322105372b3380f2dea3f05ac/screenshot - {}
RESULT: {}
COMMAND: POST /session/d4f675b322105372b3380f2dea3f05ac/element - {"using":"xpath","value":"//button[.//bdi[text() = \"Receive\"]]"}
RESULT: {"using":"xpath","value":"//button[.//bdi[text() = \"Receive\"]]"}
COMMAND: POST /session/d4f675b322105372b3380f2dea3f05ac/element/f.73BB2000E1F4E36FD864906F51978B2B.d.4A152D0F276D3094D554AE1B76253C14.e.21854/click - {}
RESULT: {}
COMMAND: GET /session/d4f675b322105372b3380f2dea3f05ac/screenshot - {}
RESULT: {}
COMMAND: POST /session/d4f675b322105372b3380f2dea3f05ac/element - {"using":"xpath","value":"//button[@data-kt= \"execHoReceiveRefuseButton\"]"}
RESULT: {"using":"xpath","value":"//button[@data-kt= \"execHoReceiveRefuseButton\"]"}
COMMAND: POST /session/d4f675b322105372b3380f2dea3f05ac/element/f.73BB2000E1F4E36FD864906F51978B2B.d.4A152D0F276D3094D554AE1B76253C14.e.21856/click - {}
RESULT: {}
COMMAND: GET /session/d4f675b322105372b3380f2dea3f05ac/screenshot - {}
RESULT: {}
COMMAND: POST /session/d4f675b322105372b3380f2dea3f05ac/element - {"using":"css selector","value":"#shell-header-logo"}
RESULT: {"using":"css selector","value":"#shell-header-logo"}
COMMAND: POST /session/d4f675b322105372b3380f2dea3f05ac/element/f.73BB2000E1F4E36FD864906F51978B2B.d.4A152D0F276D3094D554AE1B76253C14.e.21632/click - {}
RESULT: {}
COMMAND: GET /session/d4f675b322105372b3380f2dea3f05ac/screenshot - {}
RESULT: {}
]]></system-out>
    </testcase>
    <testcase classname="chrome.136_0_7103_93.windows.Return_from_Site_w/_warehouse_management_w_clarification" name="Should do a return to site from the contracts screen in one step" time="193.943">
      <system-out><![CDATA[
RESULT: undefined
COMMAND: POST /session/d4f675b322105372b3380f2dea3f05ac/element - {"using":"xpath","value":"//*[@id=\"__tile130\"]"}
RESULT: {"using":"xpath","value":"//*[@id=\"__tile130\"]"}
COMMAND: POST /session/d4f675b322105372b3380f2dea3f05ac/element/f.73BB2000E1F4E36FD864906F51978B2B.d.4A152D0F276D3094D554AE1B76253C14.e.18418/click - {}
RESULT: {}
COMMAND: GET /session/d4f675b322105372b3380f2dea3f05ac/screenshot - {}
RESULT: {}
COMMAND: POST /session/d4f675b322105372b3380f2dea3f05ac/elements - {"using":"xpath","value":"//span[text()='Error']"}
RESULT: {"using":"xpath","value":"//span[text()='Error']"}
COMMAND: POST /session/d4f675b322105372b3380f2dea3f05ac/element - {"using":"xpath","value":"//button[@data-kt=\"addButton\"]"}
RESULT: {"using":"xpath","value":"//button[@data-kt=\"addButton\"]"}
COMMAND: POST /session/d4f675b322105372b3380f2dea3f05ac/elements - {"using":"xpath","value":"//button[@data-kt=\"addButton\"]"}
RESULT: {"using":"xpath","value":"//button[@data-kt=\"addButton\"]"}
COMMAND: POST /session/d4f675b322105372b3380f2dea3f05ac/execute/sync - {"script":"<script> [8489 bytes]","args":[{"element-6066-11e4-a52e-4f735466cecf":"f.73BB2000E1F4E36FD864906F51978B2B.d.4A152D0F276D3094D554AE1B76253C14.e.21948","ELEMENT":"f.73BB2000E1F4E36FD864906F51978B2B.d.4A152D0F276D3094D554AE1B76253C14.e.21948"}]}
RESULT: {"script":"<script> [8489 bytes]","args":[{"element-6066-11e4-a52e-4f735466cecf":"f.73BB2000E1F4E36FD864906F51978B2B.d.4A152D0F276D3094D554AE1B76253C14.e.21948","ELEMENT":"f.73BB2000E1F4E36FD864906F51978B2B.d.4A152D0F276D3094D554AE1B76253C14.e.21948"}]}
COMMAND: GET /session/d4f675b322105372b3380f2dea3f05ac/element/f.73BB2000E1F4E36FD864906F51978B2B.d.4A152D0F276D3094D554AE1B76253C14.e.21948/enabled - {}
COMMAND: GET /session/d4f675b322105372b3380f2dea3f05ac/screenshot - {}
RESULT: {}
COMMAND: POST /session/d4f675b322105372b3380f2dea3f05ac/execute/sync - {"script":"<script> [8489 bytes]","args":[{"element-6066-11e4-a52e-4f735466cecf":"f.73BB2000E1F4E36FD864906F51978B2B.d.4A152D0F276D3094D554AE1B76253C14.e.21948","ELEMENT":"f.73BB2000E1F4E36FD864906F51978B2B.d.4A152D0F276D3094D554AE1B76253C14.e.21948"}]}
COMMAND: GET /session/d4f675b322105372b3380f2dea3f05ac/screenshot - {}
RESULT: {}
RESULT: {"script":"<script> [8489 bytes]","args":[{"element-6066-11e4-a52e-4f735466cecf":"f.73BB2000E1F4E36FD864906F51978B2B.d.4A152D0F276D3094D554AE1B76253C14.e.21948","ELEMENT":"f.73BB2000E1F4E36FD864906F51978B2B.d.4A152D0F276D3094D554AE1B76253C14.e.21948"}]}
COMMAND: POST /session/d4f675b322105372b3380f2dea3f05ac/execute/sync - {"script":"<script> [5351 bytes]","args":[{"element-6066-11e4-a52e-4f735466cecf":"f.73BB2000E1F4E36FD864906F51978B2B.d.4A152D0F276D3094D554AE1B76253C14.e.21948","ELEMENT":"f.73BB2000E1F4E36FD864906F51978B2B.d.4A152D0F276D3094D554AE1B76253C14.e.21948"}]}
COMMAND: GET /session/d4f675b322105372b3380f2dea3f05ac/screenshot - {}
RESULT: {}
RESULT: {"script":"<script> [5351 bytes]","args":[{"element-6066-11e4-a52e-4f735466cecf":"f.73BB2000E1F4E36FD864906F51978B2B.d.4A152D0F276D3094D554AE1B76253C14.e.21948","ELEMENT":"f.73BB2000E1F4E36FD864906F51978B2B.d.4A152D0F276D3094D554AE1B76253C14.e.21948"}]}
COMMAND: GET /session/d4f675b322105372b3380f2dea3f05ac/screenshot - {}
RESULT: {}
RESULT: {}
COMMAND: POST /session/d4f675b322105372b3380f2dea3f05ac/element - {"using":"xpath","value":"//input[contains(@id ,\"smartContractFilterBar-btnBasicSearch-I\")]"}
RESULT: {"using":"xpath","value":"//input[contains(@id ,\"smartContractFilterBar-btnBasicSearch-I\")]"}
COMMAND: POST /session/d4f675b322105372b3380f2dea3f05ac/elements - {"using":"xpath","value":"//input[contains(@id ,\"smartContractFilterBar-btnBasicSearch-I\")]"}
RESULT: {"using":"xpath","value":"//input[contains(@id ,\"smartContractFilterBar-btnBasicSearch-I\")]"}
COMMAND: POST /session/d4f675b322105372b3380f2dea3f05ac/execute/sync - {"script":"<script> [8489 bytes]","args":[{"element-6066-11e4-a52e-4f735466cecf":"f.73BB2000E1F4E36FD864906F51978B2B.d.4A152D0F276D3094D554AE1B76253C14.e.21910","ELEMENT":"f.73BB2000E1F4E36FD864906F51978B2B.d.4A152D0F276D3094D554AE1B76253C14.e.21910"}]}
RESULT: {"script":"<script> [8489 bytes]","args":[{"element-6066-11e4-a52e-4f735466cecf":"f.73BB2000E1F4E36FD864906F51978B2B.d.4A152D0F276D3094D554AE1B76253C14.e.21910","ELEMENT":"f.73BB2000E1F4E36FD864906F51978B2B.d.4A152D0F276D3094D554AE1B76253C14.e.21910"}]}
COMMAND: GET /session/d4f675b322105372b3380f2dea3f05ac/element/f.73BB2000E1F4E36FD864906F51978B2B.d.4A152D0F276D3094D554AE1B76253C14.e.21910/enabled - {}
COMMAND: GET /session/d4f675b322105372b3380f2dea3f05ac/screenshot - {}
RESULT: {}
COMMAND: POST /session/d4f675b322105372b3380f2dea3f05ac/element/f.73BB2000E1F4E36FD864906F51978B2B.d.4A152D0F276D3094D554AE1B76253C14.e.21910/clear - {}
COMMAND: GET /session/d4f675b322105372b3380f2dea3f05ac/screenshot - {}
RESULT: {}
RESULT: {}
COMMAND: POST /session/d4f675b322105372b3380f2dea3f05ac/element/f.73BB2000E1F4E36FD864906F51978B2B.d.4A152D0F276D3094D554AE1B76253C14.e.21910/value - {"text":"10344"}
COMMAND: GET /session/d4f675b322105372b3380f2dea3f05ac/screenshot - {}
RESULT: {}
RESULT: {"text":"10344"}
COMMAND: GET /session/d4f675b322105372b3380f2dea3f05ac/screenshot - {}
RESULT: {}
RESULT: {}
COMMAND: POST /session/d4f675b322105372b3380f2dea3f05ac/actions - {"actions":[{"id":"action67","type":"key","parameters":{},"actions":[{"type":"keyDown","value":""},{"type":"pause","duration":10},{"type":"keyUp","value":""}]}]}
RESULT: {"actions":[{"id":"action67","type":"key","parameters":{},"actions":[{"type":"keyDown","value":""},{"type":"pause","duration":10},{"type":"keyUp","value":""}]}]}
COMMAND: GET /session/d4f675b322105372b3380f2dea3f05ac/screenshot - {}
RESULT: {}
COMMAND: POST /session/d4f675b322105372b3380f2dea3f05ac/element - {"using":"xpath","value":"//span[contains(@id, \"masterListContractsSmartTable-header-inner\")]"}
RESULT: {"using":"xpath","value":"//span[contains(@id, \"masterListContractsSmartTable-header-inner\")]"}
COMMAND: POST /session/d4f675b322105372b3380f2dea3f05ac/elements - {"using":"xpath","value":"//span[contains(@id, \"masterListContractsSmartTable-header-inner\")]"}
RESULT: {"using":"xpath","value":"//span[contains(@id, \"masterListContractsSmartTable-header-inner\")]"}
COMMAND: POST /session/d4f675b322105372b3380f2dea3f05ac/execute/sync - {"script":"<script> [56 bytes]","args":[{"element-6066-11e4-a52e-4f735466cecf":"f.73BB2000E1F4E36FD864906F51978B2B.d.4A152D0F276D3094D554AE1B76253C14.e.22013","ELEMENT":"f.73BB2000E1F4E36FD864906F51978B2B.d.4A152D0F276D3094D554AE1B76253C14.e.22013"}]}
RESULT: {"script":"<script> [56 bytes]","args":[{"element-6066-11e4-a52e-4f735466cecf":"f.73BB2000E1F4E36FD864906F51978B2B.d.4A152D0F276D3094D554AE1B76253C14.e.22013","ELEMENT":"f.73BB2000E1F4E36FD864906F51978B2B.d.4A152D0F276D3094D554AE1B76253C14.e.22013"}]}
COMMAND: POST /session/d4f675b322105372b3380f2dea3f05ac/element - {"using":"xpath","value":"(//span[contains(@id, \"imgNav\")])[1]"}
COMMAND: GET /session/d4f675b322105372b3380f2dea3f05ac/screenshot - {}
RESULT: {"using":"xpath","value":"(//span[contains(@id, \"imgNav\")])[1]"}
COMMAND: POST /session/d4f675b322105372b3380f2dea3f05ac/element/f.73BB2000E1F4E36FD864906F51978B2B.d.4A152D0F276D3094D554AE1B76253C14.e.22012/click - {}
RESULT: {}
RESULT: {}
COMMAND: GET /session/d4f675b322105372b3380f2dea3f05ac/screenshot - {}
RESULT: {}
COMMAND: POST /session/d4f675b322105372b3380f2dea3f05ac/element - {"using":"xpath","value":"//button[contains(@id, \"contractDetailReturnButton\")]"}
RESULT: {"using":"xpath","value":"//button[contains(@id, \"contractDetailReturnButton\")]"}
COMMAND: POST /session/d4f675b322105372b3380f2dea3f05ac/element/f.73BB2000E1F4E36FD864906F51978B2B.d.4A152D0F276D3094D554AE1B76253C14.e.22138/click - {}
RESULT: {}
COMMAND: GET /session/d4f675b322105372b3380f2dea3f05ac/screenshot - {}
RESULT: undefined
COMMAND: POST /session/d4f675b322105372b3380f2dea3f05ac/execute/async - {"script":"<script> [6424 bytes]","args":[{"element-6066-11e4-a52e-4f735466cecf":"f.73BB2000E1F4E36FD864906F51978B2B.d.4A152D0F276D3094D554AE1B76253C14.e.19532"},"setValue",["05/28/25"]]}
RESULT: {}
COMMAND: POST /session/d4f675b322105372b3380f2dea3f05ac/execute/async - {"script":"<script> [1562 bytes]","args":[{"selector":{"id":"application-managehandovers-display-component---AddNewHO--dueDate","interaction":{"idSuffix":"inner"}},"wdio_ui5_key":"applicationmanagehandovers-display-component---AddNewHO--dueDate"}]}
RESULT: {"script":"<script> [1562 bytes]","args":[{"selector":{"id":"application-managehandovers-display-component---AddNewHO--dueDate","interaction":{"idSuffix":"inner"}},"wdio_ui5_key":"applicationmanagehandovers-display-component---AddNewHO--dueDate"}]}
COMMAND: POST /session/d4f675b322105372b3380f2dea3f05ac/execute/async - {"script":"<script> [6424 bytes]","args":[{"element-6066-11e4-a52e-4f735466cecf":"f.73BB2000E1F4E36FD864906F51978B2B.d.4A152D0F276D3094D554AE1B76253C14.e.22201"},"setValue",["05/28/25"]]}
RESULT: {"script":"<script> [6424 bytes]","args":[{"element-6066-11e4-a52e-4f735466cecf":"f.73BB2000E1F4E36FD864906F51978B2B.d.4A152D0F276D3094D554AE1B76253C14.e.22201"},"setValue",["05/28/25"]]}
COMMAND: POST /session/d4f675b322105372b3380f2dea3f05ac/element - {"using":"xpath","value":"//bdi[contains(text(), \"Instructions\")]"}
RESULT: {"using":"xpath","value":"//bdi[contains(text(), \"Instructions\")]"}
COMMAND: POST /session/d4f675b322105372b3380f2dea3f05ac/element/f.73BB2000E1F4E36FD864906F51978B2B.d.4A152D0F276D3094D554AE1B76253C14.e.22452/click - {}
RESULT: {}
COMMAND: GET /session/d4f675b322105372b3380f2dea3f05ac/screenshot - {}
RESULT: {}
COMMAND: POST /session/d4f675b322105372b3380f2dea3f05ac/element - {"using":"xpath","value":"//button[@data-kt=\"AddNewHOProvideAddItemsButton\"]"}
RESULT: {"using":"xpath","value":"//button[@data-kt=\"AddNewHOProvideAddItemsButton\"]"}
COMMAND: POST /session/d4f675b322105372b3380f2dea3f05ac/element/f.73BB2000E1F4E36FD864906F51978B2B.d.4A152D0F276D3094D554AE1B76253C14.e.22456/click - {}
RESULT: {}
COMMAND: GET /session/d4f675b322105372b3380f2dea3f05ac/screenshot - {}
RESULT: {}
RESULT: undefined
COMMAND: POST /session/d4f675b322105372b3380f2dea3f05ac/element - {"using":"xpath","value":"//*[@id=\"application-managehandovers-display-component---AddNewHO--popup-sa\"]"}
RESULT: {"using":"xpath","value":"//*[@id=\"application-managehandovers-display-component---AddNewHO--popup-sa\"]"}
COMMAND: POST /session/d4f675b322105372b3380f2dea3f05ac/element/f.73BB2000E1F4E36FD864906F51978B2B.d.4A152D0F276D3094D554AE1B76253C14.e.22471/click - {}
RESULT: {}
COMMAND: GET /session/d4f675b322105372b3380f2dea3f05ac/screenshot - {}
RESULT: {}
COMMAND: POST /session/d4f675b322105372b3380f2dea3f05ac/element - {"using":"xpath","value":"//*[contains(@id ,\"BDI-content\")][contains(text(), \"Select\")]"}
RESULT: {"using":"xpath","value":"//*[contains(@id ,\"BDI-content\")][contains(text(), \"Select\")]"}
COMMAND: POST /session/d4f675b322105372b3380f2dea3f05ac/element/f.73BB2000E1F4E36FD864906F51978B2B.d.4A152D0F276D3094D554AE1B76253C14.e.22473/click - {}
RESULT: {}
COMMAND: GET /session/d4f675b322105372b3380f2dea3f05ac/screenshot - {}
RESULT: {}
COMMAND: POST /session/d4f675b322105372b3380f2dea3f05ac/element - {"using":"xpath","value":"//bdi[(text() = 'Save' or . = 'Save')]"}
RESULT: {"using":"xpath","value":"//bdi[(text() = 'Save' or . = 'Save')]"}
COMMAND: POST /session/d4f675b322105372b3380f2dea3f05ac/element/f.73BB2000E1F4E36FD864906F51978B2B.d.4A152D0F276D3094D554AE1B76253C14.e.22481/click - {}
RESULT: {}
COMMAND: GET /session/d4f675b322105372b3380f2dea3f05ac/screenshot - {}
RESULT: {}
COMMAND: POST /session/d4f675b322105372b3380f2dea3f05ac/element - {"using":"xpath","value":"//a[@data-kt=\"execHoWhMovementLink\"]"}
RESULT: {"using":"xpath","value":"//a[@data-kt=\"execHoWhMovementLink\"]"}
COMMAND: POST /session/d4f675b322105372b3380f2dea3f05ac/element/f.73BB2000E1F4E36FD864906F51978B2B.d.4A152D0F276D3094D554AE1B76253C14.e.22527/click - {}
RESULT: {}
COMMAND: GET /session/d4f675b322105372b3380f2dea3f05ac/screenshot - {}
RESULT: {}
COMMAND: POST /session/d4f675b322105372b3380f2dea3f05ac/element - {"using":"xpath","value":"(//div[contains(@class, \"sapMPopover\") and .//div[contains(@style, \"display: block\")]])[last()]//a"}
RESULT: {"using":"xpath","value":"(//div[contains(@class, \"sapMPopover\") and .//div[contains(@style, \"display: block\")]])[last()]//a"}
COMMAND: POST /session/d4f675b322105372b3380f2dea3f05ac/element/f.73BB2000E1F4E36FD864906F51978B2B.d.4A152D0F276D3094D554AE1B76253C14.e.22529/click - {}
RESULT: {}
COMMAND: GET /session/d4f675b322105372b3380f2dea3f05ac/screenshot - {}
COMMAND: POST /session/d4f675b322105372b3380f2dea3f05ac/element - {"using":"xpath","value":"//button[@data-kt=\"executionButton\"]"}
RESULT: {}
RESULT: {"using":"xpath","value":"//button[@data-kt=\"executionButton\"]"}
COMMAND: POST /session/d4f675b322105372b3380f2dea3f05ac/elements - {"using":"xpath","value":"//button[@data-kt=\"executionButton\"]"}
RESULT: {"using":"xpath","value":"//button[@data-kt=\"executionButton\"]"}
COMMAND: POST /session/d4f675b322105372b3380f2dea3f05ac/elements - {"using":"xpath","value":"//button[@data-kt=\"executionButton\"]"}
RESULT: {"using":"xpath","value":"//button[@data-kt=\"executionButton\"]"}
COMMAND: POST /session/d4f675b322105372b3380f2dea3f05ac/elements - {"using":"xpath","value":"//button[@data-kt=\"executionButton\"]"}
RESULT: {"using":"xpath","value":"//button[@data-kt=\"executionButton\"]"}
COMMAND: POST /session/d4f675b322105372b3380f2dea3f05ac/elements - {"using":"xpath","value":"//button[@data-kt=\"executionButton\"]"}
RESULT: {"using":"xpath","value":"//button[@data-kt=\"executionButton\"]"}
COMMAND: POST /session/d4f675b322105372b3380f2dea3f05ac/elements - {"using":"xpath","value":"//button[@data-kt=\"executionButton\"]"}
RESULT: {"using":"xpath","value":"//button[@data-kt=\"executionButton\"]"}
COMMAND: POST /session/d4f675b322105372b3380f2dea3f05ac/element - {"using":"xpath","value":"//button[@data-kt=\"executionButton\"]"}
RESULT: {"using":"xpath","value":"//button[@data-kt=\"executionButton\"]"}
COMMAND: POST /session/d4f675b322105372b3380f2dea3f05ac/element/f.73BB2000E1F4E36FD864906F51978B2B.d.4A152D0F276D3094D554AE1B76253C14.e.22643/click - {}
RESULT: {}
COMMAND: GET /session/d4f675b322105372b3380f2dea3f05ac/screenshot - {}
RESULT: {}
COMMAND: POST /session/d4f675b322105372b3380f2dea3f05ac/element - {"using":"xpath","value":"//button[contains(@id,\"executeMovement--itemsSection-anchor\")]"}
RESULT: {"using":"xpath","value":"//button[contains(@id,\"executeMovement--itemsSection-anchor\")]"}
COMMAND: POST /session/d4f675b322105372b3380f2dea3f05ac/element/f.73BB2000E1F4E36FD864906F51978B2B.d.4A152D0F276D3094D554AE1B76253C14.e.22742/click - {}
RESULT: {}
COMMAND: GET /session/d4f675b322105372b3380f2dea3f05ac/screenshot - {}
RESULT: {}
COMMAND: POST /session/d4f675b322105372b3380f2dea3f05ac/element - {"using":"xpath","value":"//table[contains(@id,\"executeMovement--movementItemsTbl-listUl\")]/tbody/tr[1]/td[2]/button"}
RESULT: {"using":"xpath","value":"//table[contains(@id,\"executeMovement--movementItemsTbl-listUl\")]/tbody/tr[1]/td[2]/button"}
COMMAND: POST /session/d4f675b322105372b3380f2dea3f05ac/element/f.73BB2000E1F4E36FD864906F51978B2B.d.4A152D0F276D3094D554AE1B76253C14.e.22748/click - {}
RESULT: {}
COMMAND: GET /session/d4f675b322105372b3380f2dea3f05ac/screenshot - {}
RESULT: {}
COMMAND: POST /session/d4f675b322105372b3380f2dea3f05ac/element - {"using":"xpath","value":"//table[contains(@id,\"executeMovement--movementItemsTbl-listUl\")]/tbody/tr[1]/td[2]/button"}
RESULT: {"using":"xpath","value":"//table[contains(@id,\"executeMovement--movementItemsTbl-listUl\")]/tbody/tr[1]/td[2]/button"}
COMMAND: POST /session/d4f675b322105372b3380f2dea3f05ac/element/f.73BB2000E1F4E36FD864906F51978B2B.d.4A152D0F276D3094D554AE1B76253C14.e.22748/click - {}
RESULT: {}
COMMAND: GET /session/d4f675b322105372b3380f2dea3f05ac/screenshot - {}
RESULT: {}
COMMAND: POST /session/d4f675b322105372b3380f2dea3f05ac/element - {"using":"xpath","value":"//section[contains(@id,\"FC-NoHead\")]/div[1]/div[5]/div[2]/span"}
RESULT: {"using":"xpath","value":"//section[contains(@id,\"FC-NoHead\")]/div[1]/div[5]/div[2]/span"}
COMMAND: POST /session/d4f675b322105372b3380f2dea3f05ac/elements - {"using":"xpath","value":"//section[contains(@id,\"FC-NoHead\")]/div[1]/div[5]/div[2]/span"}
RESULT: {"using":"xpath","value":"//section[contains(@id,\"FC-NoHead\")]/div[1]/div[5]/div[2]/span"}
COMMAND: POST /session/d4f675b322105372b3380f2dea3f05ac/execute/sync - {"script":"<script> [56 bytes]","args":[{"element-6066-11e4-a52e-4f735466cecf":"f.73BB2000E1F4E36FD864906F51978B2B.d.4A152D0F276D3094D554AE1B76253C14.e.22750","ELEMENT":"f.73BB2000E1F4E36FD864906F51978B2B.d.4A152D0F276D3094D554AE1B76253C14.e.22750"}]}
RESULT: {"script":"<script> [56 bytes]","args":[{"element-6066-11e4-a52e-4f735466cecf":"f.73BB2000E1F4E36FD864906F51978B2B.d.4A152D0F276D3094D554AE1B76253C14.e.22750","ELEMENT":"f.73BB2000E1F4E36FD864906F51978B2B.d.4A152D0F276D3094D554AE1B76253C14.e.22750"}]}
COMMAND: POST /session/d4f675b322105372b3380f2dea3f05ac/actions - {"actions":[{"id":"action68","type":"key","parameters":{},"actions":[{"type":"keyDown","value":""},{"type":"pause","duration":10},{"type":"keyUp","value":""}]}]}
COMMAND: GET /session/d4f675b322105372b3380f2dea3f05ac/screenshot - {}
RESULT: {"actions":[{"id":"action68","type":"key","parameters":{},"actions":[{"type":"keyDown","value":""},{"type":"pause","duration":10},{"type":"keyUp","value":""}]}]}
COMMAND: POST /session/d4f675b322105372b3380f2dea3f05ac/element - {"using":"xpath","value":"//button[contains(@id,\"executeMovement--executeId\")]"}
COMMAND: GET /session/d4f675b322105372b3380f2dea3f05ac/screenshot - {}
RESULT: {}
RESULT: {"using":"xpath","value":"//button[contains(@id,\"executeMovement--executeId\")]"}
COMMAND: POST /session/d4f675b322105372b3380f2dea3f05ac/element/f.73BB2000E1F4E36FD864906F51978B2B.d.4A152D0F276D3094D554AE1B76253C14.e.22736/click - {}
RESULT: {}
RESULT: {}
COMMAND: GET /session/d4f675b322105372b3380f2dea3f05ac/screenshot - {}
RESULT: {}
COMMAND: POST /session/d4f675b322105372b3380f2dea3f05ac/element - {"using":"css selector","value":"#shell-header-logo"}
RESULT: {"using":"css selector","value":"#shell-header-logo"}
COMMAND: POST /session/d4f675b322105372b3380f2dea3f05ac/element/f.73BB2000E1F4E36FD864906F51978B2B.d.4A152D0F276D3094D554AE1B76253C14.e.21900/click - {}
RESULT: {}
COMMAND: GET /session/d4f675b322105372b3380f2dea3f05ac/screenshot - {}
RESULT: {}
RESULT: undefined
COMMAND: POST /session/d4f675b322105372b3380f2dea3f05ac/element - {"using":"xpath","value":"//*[@id=\"__tile132\"]"}
RESULT: {"using":"xpath","value":"//*[@id=\"__tile132\"]"}
COMMAND: POST /session/d4f675b322105372b3380f2dea3f05ac/element/f.73BB2000E1F4E36FD864906F51978B2B.d.4A152D0F276D3094D554AE1B76253C14.e.18487/click - {}
RESULT: {}
COMMAND: GET /session/d4f675b322105372b3380f2dea3f05ac/screenshot - {}
RESULT: {}
COMMAND: POST /session/d4f675b322105372b3380f2dea3f05ac/elements - {"using":"xpath","value":"//span[text()='Error']"}
RESULT: {"using":"xpath","value":"//span[text()='Error']"}
RESULT: undefined
COMMAND: POST /session/d4f675b322105372b3380f2dea3f05ac/execute/async - {"script":"<script> [776 bytes]","args":[{"enterText":"30748","selector":{"controlType":"sap.m.SearchField","viewName":"etm.portal.ui.managehandovers.view.MasterHO","bindingPath":{"propertyPath":"/_BASIC_SEARCH_FIELD","modelName":"fi1t3rM0d31"},"interaction":{"idSuffix":"I"}},"clearTextFirst":true,"interactionType":"ENTER_TEXT"}]}
RESULT: {"script":"<script> [776 bytes]","args":[{"enterText":"30748","selector":{"controlType":"sap.m.SearchField","viewName":"etm.portal.ui.managehandovers.view.MasterHO","bindingPath":{"propertyPath":"/_BASIC_SEARCH_FIELD","modelName":"fi1t3rM0d31"},"interaction":{"idSuffix":"I"}},"clearTextFirst":true,"interactionType":"ENTER_TEXT"}]}
COMMAND: POST /session/d4f675b322105372b3380f2dea3f05ac/actions - {"actions":[{"id":"action69","type":"key","parameters":{},"actions":[{"type":"keyDown","value":""},{"type":"pause","duration":10},{"type":"keyUp","value":""}]}]}
RESULT: {"actions":[{"id":"action69","type":"key","parameters":{},"actions":[{"type":"keyDown","value":""},{"type":"pause","duration":10},{"type":"keyUp","value":""}]}]}
COMMAND: GET /session/d4f675b322105372b3380f2dea3f05ac/screenshot - {}
RESULT: {}
COMMAND: POST /session/d4f675b322105372b3380f2dea3f05ac/element - {"using":"xpath","value":"(//span[contains(@id, \"imgNav\")])[1]"}
RESULT: {"using":"xpath","value":"(//span[contains(@id, \"imgNav\")])[1]"}
COMMAND: POST /session/d4f675b322105372b3380f2dea3f05ac/element/f.73BB2000E1F4E36FD864906F51978B2B.d.4A152D0F276D3094D554AE1B76253C14.e.22922/click - {}
RESULT: {}
COMMAND: GET /session/d4f675b322105372b3380f2dea3f05ac/screenshot - {}
RESULT: {}
COMMAND: POST /session/d4f675b322105372b3380f2dea3f05ac/element - {"using":"xpath","value":"//button[@data-kt=\"IssuingTableConfirmAllButton\"]"}
RESULT: {"using":"xpath","value":"//button[@data-kt=\"IssuingTableConfirmAllButton\"]"}
COMMAND: POST /session/d4f675b322105372b3380f2dea3f05ac/element/f.73BB2000E1F4E36FD864906F51978B2B.d.4A152D0F276D3094D554AE1B76253C14.e.23019/click - {}
RESULT: {}
COMMAND: GET /session/d4f675b322105372b3380f2dea3f05ac/screenshot - {}
RESULT: {}
COMMAND: POST /session/d4f675b322105372b3380f2dea3f05ac/element - {"using":"xpath","value":"//bdi[contains(text(), \"OK\")]"}
RESULT: {"using":"xpath","value":"//bdi[contains(text(), \"OK\")]"}
COMMAND: POST /session/d4f675b322105372b3380f2dea3f05ac/element/f.73BB2000E1F4E36FD864906F51978B2B.d.4A152D0F276D3094D554AE1B76253C14.e.23028/click - {}
RESULT: {}
COMMAND: GET /session/d4f675b322105372b3380f2dea3f05ac/screenshot - {}
RESULT: {}
COMMAND: POST /session/d4f675b322105372b3380f2dea3f05ac/element - {"using":"xpath","value":"//button[@data-kt=\"execHoIssueButton\"]"}
RESULT: {"using":"xpath","value":"//button[@data-kt=\"execHoIssueButton\"]"}
COMMAND: POST /session/d4f675b322105372b3380f2dea3f05ac/element/f.73BB2000E1F4E36FD864906F51978B2B.d.4A152D0F276D3094D554AE1B76253C14.e.23030/click - {}
RESULT: {}
COMMAND: GET /session/d4f675b322105372b3380f2dea3f05ac/screenshot - {}
RESULT: {}
RESULT: undefined
COMMAND: POST /session/d4f675b322105372b3380f2dea3f05ac/execute/async - {"script":"<script> [776 bytes]","args":[{"enterText":"30748","selector":{"controlType":"sap.m.SearchField","viewName":"etm.portal.ui.managehandovers.view.MasterHO","bindingPath":{"propertyPath":"/_BASIC_SEARCH_FIELD","modelName":"fi1t3rM0d31"},"interaction":{"idSuffix":"I"}},"clearTextFirst":true,"interactionType":"ENTER_TEXT"}]}
RESULT: {"script":"<script> [776 bytes]","args":[{"enterText":"30748","selector":{"controlType":"sap.m.SearchField","viewName":"etm.portal.ui.managehandovers.view.MasterHO","bindingPath":{"propertyPath":"/_BASIC_SEARCH_FIELD","modelName":"fi1t3rM0d31"},"interaction":{"idSuffix":"I"}},"clearTextFirst":true,"interactionType":"ENTER_TEXT"}]}
COMMAND: POST /session/d4f675b322105372b3380f2dea3f05ac/actions - {"actions":[{"id":"action70","type":"key","parameters":{},"actions":[{"type":"keyDown","value":""},{"type":"pause","duration":10},{"type":"keyUp","value":""}]}]}
RESULT: {"actions":[{"id":"action70","type":"key","parameters":{},"actions":[{"type":"keyDown","value":""},{"type":"pause","duration":10},{"type":"keyUp","value":""}]}]}
COMMAND: GET /session/d4f675b322105372b3380f2dea3f05ac/screenshot - {}
RESULT: {}
COMMAND: POST /session/d4f675b322105372b3380f2dea3f05ac/element - {"using":"xpath","value":"(//span[contains(@id, \"imgNav\")])[1]"}
RESULT: {"using":"xpath","value":"(//span[contains(@id, \"imgNav\")])[1]"}
COMMAND: POST /session/d4f675b322105372b3380f2dea3f05ac/element/f.73BB2000E1F4E36FD864906F51978B2B.d.4A152D0F276D3094D554AE1B76253C14.e.23081/click - {}
RESULT: {}
COMMAND: GET /session/d4f675b322105372b3380f2dea3f05ac/screenshot - {}
RESULT: {}
COMMAND: POST /session/d4f675b322105372b3380f2dea3f05ac/execute/async - {"script":"<script> [1562 bytes]","args":[{"selector":{"id":"application-managehandovers-display-component---detailManageHO--completedItemsTableTitle"},"wdio_ui5_key":"applicationmanagehandovers-display-component---detailManageHO--completedItemsTableTitle"}]}
RESULT: {"script":"<script> [1562 bytes]","args":[{"selector":{"id":"application-managehandovers-display-component---detailManageHO--completedItemsTableTitle"},"wdio_ui5_key":"applicationmanagehandovers-display-component---detailManageHO--completedItemsTableTitle"}]}
RESULT: undefined
COMMAND: POST /session/d4f675b322105372b3380f2dea3f05ac/execute/async - {"script":"<script> [6424 bytes]","args":[{"element-6066-11e4-a52e-4f735466cecf":"f.73BB2000E1F4E36FD864906F51978B2B.d.4A152D0F276D3094D554AE1B76253C14.e.23109"},"getText",[]]}
RESULT: {"script":"<script> [6424 bytes]","args":[{"element-6066-11e4-a52e-4f735466cecf":"f.73BB2000E1F4E36FD864906F51978B2B.d.4A152D0F276D3094D554AE1B76253C14.e.23109"},"getText",[]]}
COMMAND: POST /session/d4f675b322105372b3380f2dea3f05ac/element - {"using":"xpath","value":"//div[contains(@id, \"detailManageHO--headerContentForm--FC-NoHead-content\")]/div[4]/div[2]/div/span"}
RESULT: {"using":"xpath","value":"//div[contains(@id, \"detailManageHO--headerContentForm--FC-NoHead-content\")]/div[4]/div[2]/div/span"}
COMMAND: POST /session/d4f675b322105372b3380f2dea3f05ac/execute/sync - {"script":"<script> [56 bytes]","args":[{"element-6066-11e4-a52e-4f735466cecf":"f.73BB2000E1F4E36FD864906F51978B2B.d.4A152D0F276D3094D554AE1B76253C14.e.23110","ELEMENT":"f.73BB2000E1F4E36FD864906F51978B2B.d.4A152D0F276D3094D554AE1B76253C14.e.23110"}]}
RESULT: {"script":"<script> [56 bytes]","args":[{"element-6066-11e4-a52e-4f735466cecf":"f.73BB2000E1F4E36FD864906F51978B2B.d.4A152D0F276D3094D554AE1B76253C14.e.23110","ELEMENT":"f.73BB2000E1F4E36FD864906F51978B2B.d.4A152D0F276D3094D554AE1B76253C14.e.23110"}]}
COMMAND: GET /session/d4f675b322105372b3380f2dea3f05ac/screenshot - {}
RESULT: {}
COMMAND: POST /session/d4f675b322105372b3380f2dea3f05ac/element - {"using":"css selector","value":"#shell-header-logo"}
RESULT: {"using":"css selector","value":"#shell-header-logo"}
COMMAND: POST /session/d4f675b322105372b3380f2dea3f05ac/element/f.73BB2000E1F4E36FD864906F51978B2B.d.4A152D0F276D3094D554AE1B76253C14.e.22799/click - {}
RESULT: {}
COMMAND: GET /session/d4f675b322105372b3380f2dea3f05ac/screenshot - {}
RESULT: {}
COMMAND: POST /session/d4f675b322105372b3380f2dea3f05ac/element - {"using":"css selector","value":"#j_username"}
COMMAND: POST /session/d4f675b322105372b3380f2dea3f05ac/url - {"url":"https://qa-testing-00-live-etm-ui.cfapps.eu10-004.hana.ondemand.com/"}
RESULT: {"using":"css selector","value":"#j_username"}
COMMAND: POST /session/d4f675b322105372b3380f2dea3f05ac/element - {"using":"css selector","value":"#j_username"}
RESULT: {"url":"https://qa-testing-00-live-etm-ui.cfapps.eu10-004.hana.ondemand.com/"}
RESULT: undefined
COMMAND: GET /session/d4f675b322105372b3380f2dea3f05ac/screenshot - {}
RESULT: {"using":"css selector","value":"#j_username"}
COMMAND: POST /session/d4f675b322105372b3380f2dea3f05ac/element - {"using":"css selector","value":"#shell-header-logo"}
RESULT: {}
RESULT: {"using":"css selector","value":"#shell-header-logo"}
COMMAND: POST /session/d4f675b322105372b3380f2dea3f05ac/execute/sync - {"script":"<script> [8489 bytes]","args":[{"element-6066-11e4-a52e-4f735466cecf":"f.73BB2000E1F4E36FD864906F51978B2B.d.09B8A4CB6A7B1ACF5AFE23F3671DCA9B.e.23120","ELEMENT":"f.73BB2000E1F4E36FD864906F51978B2B.d.09B8A4CB6A7B1ACF5AFE23F3671DCA9B.e.23120"}]}
RESULT: {"script":"<script> [8489 bytes]","args":[{"element-6066-11e4-a52e-4f735466cecf":"f.73BB2000E1F4E36FD864906F51978B2B.d.09B8A4CB6A7B1ACF5AFE23F3671DCA9B.e.23120","ELEMENT":"f.73BB2000E1F4E36FD864906F51978B2B.d.09B8A4CB6A7B1ACF5AFE23F3671DCA9B.e.23120"}]}
COMMAND: POST /session/d4f675b322105372b3380f2dea3f05ac/element - {"using":"css selector","value":"#shell-header-logo"}
COMMAND: GET /session/d4f675b322105372b3380f2dea3f05ac/screenshot - {}
RESULT: {"using":"css selector","value":"#shell-header-logo"}
COMMAND: POST /session/d4f675b322105372b3380f2dea3f05ac/execute/sync - {"script":"<script> [8489 bytes]","args":[{"element-6066-11e4-a52e-4f735466cecf":"f.73BB2000E1F4E36FD864906F51978B2B.d.09B8A4CB6A7B1ACF5AFE23F3671DCA9B.e.23120","ELEMENT":"f.73BB2000E1F4E36FD864906F51978B2B.d.09B8A4CB6A7B1ACF5AFE23F3671DCA9B.e.23120"}]}
RESULT: {}
RESULT: {"script":"<script> [8489 bytes]","args":[{"element-6066-11e4-a52e-4f735466cecf":"f.73BB2000E1F4E36FD864906F51978B2B.d.09B8A4CB6A7B1ACF5AFE23F3671DCA9B.e.23120","ELEMENT":"f.73BB2000E1F4E36FD864906F51978B2B.d.09B8A4CB6A7B1ACF5AFE23F3671DCA9B.e.23120"}]}
COMMAND: POST /session/d4f675b322105372b3380f2dea3f05ac/execute/sync - {"script":"<script> [5351 bytes]","args":[{"element-6066-11e4-a52e-4f735466cecf":"f.73BB2000E1F4E36FD864906F51978B2B.d.09B8A4CB6A7B1ACF5AFE23F3671DCA9B.e.23120","ELEMENT":"f.73BB2000E1F4E36FD864906F51978B2B.d.09B8A4CB6A7B1ACF5AFE23F3671DCA9B.e.23120"}]}
COMMAND: GET /session/d4f675b322105372b3380f2dea3f05ac/screenshot - {}
RESULT: {"script":"<script> [5351 bytes]","args":[{"element-6066-11e4-a52e-4f735466cecf":"f.73BB2000E1F4E36FD864906F51978B2B.d.09B8A4CB6A7B1ACF5AFE23F3671DCA9B.e.23120","ELEMENT":"f.73BB2000E1F4E36FD864906F51978B2B.d.09B8A4CB6A7B1ACF5AFE23F3671DCA9B.e.23120"}]}
COMMAND: POST /session/d4f675b322105372b3380f2dea3f05ac/element - {"using":"css selector","value":"#shell-header-logo"}
COMMAND: GET /session/d4f675b322105372b3380f2dea3f05ac/screenshot - {}
RESULT: {}
RESULT: {"using":"css selector","value":"#shell-header-logo"}
COMMAND: POST /session/d4f675b322105372b3380f2dea3f05ac/element/f.73BB2000E1F4E36FD864906F51978B2B.d.09B8A4CB6A7B1ACF5AFE23F3671DCA9B.e.23120/click - {}
RESULT: {}
RESULT: {}
COMMAND: GET /session/d4f675b322105372b3380f2dea3f05ac/screenshot - {}
RESULT: {}
COMMAND: POST /session/d4f675b322105372b3380f2dea3f05ac/execute/async - {"script":"<script> [189 bytes]","args":[]}
RESULT: {"script":"<script> [189 bytes]","args":[]}
COMMAND: POST /session/d4f675b322105372b3380f2dea3f05ac/execute/async - {"script":"<script> [123 bytes]","args":[]}
RESULT: {"script":"<script> [123 bytes]","args":[]}
COMMAND: POST /session/d4f675b322105372b3380f2dea3f05ac/timeouts - {"script":"<number>"}
RESULT: {"script":"<number>"}
COMMAND: GET /session/d4f675b322105372b3380f2dea3f05ac/timeouts - {}
RESULT: {}
RESULT: undefined
COMMAND: POST /session/d4f675b322105372b3380f2dea3f05ac/execute/async - {"script":"<script> [2676 bytes]","args":[]}
RESULT: {"script":"<script> [2676 bytes]","args":[]}
COMMAND: POST /session/d4f675b322105372b3380f2dea3f05ac/execute/async - {"script":"<script> [2342 bytes]","args":[{"protocol":"http","hostname":"0.0.0.0","path":"/","capabilities":{"browserName":"chrome","goog:chromeOptions":{"binary":"C:\\Program Files\\Google\\Chrome\\Application\\chrome.exe","args":["--start-maximized"]}},"logLevel":"warn","connectionRetryTimeout":120000,"connectionRetryCount":3,"logLevels":{},"enableDirectConnect":true,"strictSSL":true,"_":"65 more keys: [\"cacheDir\",\"port\",\"requestedCapabilities\",\"automationProtocol\",\"baseUrl\",\"waitforInterval\",\"waitforTimeout\",\"onReload\",\"beforeCommand\",\"afterCommand\",\"rootDir\",\"specs\",\"suites\",\"exclude\",\"groupLogsByTestSpec\",\"excludeDriverLogs\",\"bail\",\"framework\",\"reporters\",\"services\",\"maxInstances\",\"maxInstancesPerCapability\",\"injectGlobals\",\"filesToWatch\",\"execArgv\",\"runnerEnv\",\"runner\",\"shard\",\"specFileRetries\",\"specFileRetriesDelay\",\"specFileRetriesDeferred\",\"reporterSyncInterval\",\"reporterSyncTimeout\",\"cucumberFeaturesWithLineNumbers\",\"autoCompileOpts\",\"mochaOpts\",\"jasmineOpts\",\"cucumberOpts\",\"onPrepare\",\"onWorkerStart\",\"onWorkerEnd\",\"before\",\"beforeSession\",\"beforeSuite\",\"beforeHook\",\"beforeTest\",\"afterTest\",\"afterHook\",\"afterSuite\",\"afterSession\",\"after\",\"onComplete\",\"beforeAssertion\",\"afterAssertion\",\"beforeFeature\",\"beforeScenario\",\"beforeStep\",\"afterStep\",\"afterScenario\",\"afterFeature\",\"_\",\"suite\",\"$0\",\"ignoredWorkerServices\",\"wdi5\"]"}]}
RESULT: {"script":"<script> [2342 bytes]","args":[{"protocol":"http","hostname":"0.0.0.0","path":"/","capabilities":{"browserName":"chrome","goog:chromeOptions":{"binary":"C:\\Program Files\\Google\\Chrome\\Application\\chrome.exe","args":["--start-maximized"]}},"logLevel":"warn","connectionRetryTimeout":120000,"connectionRetryCount":3,"logLevels":{},"enableDirectConnect":true,"strictSSL":true,"_":"65 more keys: [\"cacheDir\",\"port\",\"requestedCapabilities\",\"automationProtocol\",\"baseUrl\",\"waitforInterval\",\"waitforTimeout\",\"onReload\",\"beforeCommand\",\"afterCommand\",\"rootDir\",\"specs\",\"suites\",\"exclude\",\"groupLogsByTestSpec\",\"excludeDriverLogs\",\"bail\",\"framework\",\"reporters\",\"services\",\"maxInstances\",\"maxInstancesPerCapability\",\"injectGlobals\",\"filesToWatch\",\"execArgv\",\"runnerEnv\",\"runner\",\"shard\",\"specFileRetries\",\"specFileRetriesDelay\",\"specFileRetriesDeferred\",\"reporterSyncInterval\",\"reporterSyncTimeout\",\"cucumberFeaturesWithLineNumbers\",\"autoCompileOpts\",\"mochaOpts\",\"jasmineOpts\",\"cucumberOpts\",\"onPrepare\",\"onWorkerStart\",\"onWorkerEnd\",\"before\",\"beforeSession\",\"beforeSuite\",\"beforeHook\",\"beforeTest\",\"afterTest\",\"afterHook\",\"afterSuite\",\"afterSession\",\"after\",\"onComplete\",\"beforeAssertion\",\"afterAssertion\",\"beforeFeature\",\"beforeScenario\",\"beforeStep\",\"afterStep\",\"afterScenario\",\"afterFeature\",\"_\",\"suite\",\"$0\",\"ignoredWorkerServices\",\"wdi5\"]"}]}
COMMAND: POST /session/d4f675b322105372b3380f2dea3f05ac/execute/async - {"script":"<script> [21126 bytes]","args":[35000]}
RESULT: {"script":"<script> [21126 bytes]","args":[35000]}
COMMAND: POST /session/d4f675b322105372b3380f2dea3f05ac/window/maximize - {}
RESULT: {}
COMMAND: POST /session/d4f675b322105372b3380f2dea3f05ac/execute/async - {"script":"<script> [1562 bytes]","args":[{"selector":{"id":"shell-header","interaction":{"idSuffix":"icon"}},"wdio_ui5_key":"shellheader"}]}
COMMAND: GET /session/d4f675b322105372b3380f2dea3f05ac/screenshot - {}
RESULT: {"script":"<script> [1562 bytes]","args":[{"selector":{"id":"shell-header","interaction":{"idSuffix":"icon"}},"wdio_ui5_key":"shellheader"}]}
RESULT: undefined
COMMAND: POST /session/d4f675b322105372b3380f2dea3f05ac/window/fullscreen - {}
RESULT: {}
RESULT: {}
]]></system-out>
    </testcase>
  </testsuite>
  <testsuite timestamp="2025-05-28T17:23:59" time="415.044" tests="9" failures="0" errors="0" skipped="0">
    <properties>
      <property name="specId" value="0"/>
      <property name="suiteName" value="Create masterdata for Yard Overview - trigger provide US130988"/>
      <property name="capabilities" value="chrome.136_0_7103_93.windows"/>
      <property name="file" value="file:///D:/a/1/s/test/specs/HTR/stock-decrease.spec.js"/>
    </properties>
    <testcase classname="chrome.136_0_7103_93.windows.Create_masterdata_for_Yard_Overview_-_trigger_provide_US130988" name="Should create a new WHM yard" time="0.014">
      <system-out><![CDATA[
COMMAND: POST /session/d4f675b322105372b3380f2dea3f05ac/window/fullscreen - {}
RESULT: {}
]]></system-out>
    </testcase>
    <testcase classname="chrome.136_0_7103_93.windows.Create_masterdata_for_Yard_Overview_-_trigger_provide_US130988" name="Should create a new partner" time="0.003"/>
    <testcase classname="chrome.136_0_7103_93.windows.Create_masterdata_for_Yard_Overview_-_trigger_provide_US130988" name="Should create a new site" time="0.003"/>
    <testcase classname="chrome.136_0_7103_93.windows.Create_masterdata_for_Yard_Overview_-_trigger_provide_US130988" name="Should create a new material" time="123.614">
      <system-out><![CDATA[
COMMAND: POST /session/d4f675b322105372b3380f2dea3f05ac/execute/async - {"script":"<script> [1562 bytes]","args":[{"selector":{"controlType":"sap.m.GenericTile","properties":{"header":"Manage Resources"}},"wdio_ui5_key":"sapm.GenericTile{\"header\":\"Manage Resources\"}"}]}
RESULT: {"script":"<script> [1562 bytes]","args":[{"selector":{"controlType":"sap.m.GenericTile","properties":{"header":"Manage Resources"}},"wdio_ui5_key":"sapm.GenericTile{\"header\":\"Manage Resources\"}"}]}
RESULT: undefined
COMMAND: POST /session/d4f675b322105372b3380f2dea3f05ac/element - {"using":"xpath","value":"//*[@id=\"__tile31\"]"}
RESULT: {"using":"xpath","value":"//*[@id=\"__tile31\"]"}
COMMAND: POST /session/d4f675b322105372b3380f2dea3f05ac/element/f.73BB2000E1F4E36FD864906F51978B2B.d.09B8A4CB6A7B1ACF5AFE23F3671DCA9B.e.23150/click - {}
RESULT: {}
COMMAND: GET /session/d4f675b322105372b3380f2dea3f05ac/screenshot - {}
RESULT: {}
COMMAND: POST /session/d4f675b322105372b3380f2dea3f05ac/elements - {"using":"xpath","value":"//span[text()='Error']"}
RESULT: {"using":"xpath","value":"//span[text()='Error']"}
COMMAND: POST /session/d4f675b322105372b3380f2dea3f05ac/element - {"using":"xpath","value":"//button[@data-kt=\"addNewRUOverflowToolbarButton\"]"}
RESULT: {"using":"xpath","value":"//button[@data-kt=\"addNewRUOverflowToolbarButton\"]"}
COMMAND: POST /session/d4f675b322105372b3380f2dea3f05ac/elements - {"using":"xpath","value":"//button[@data-kt=\"addNewRUOverflowToolbarButton\"]"}
RESULT: {"using":"xpath","value":"//button[@data-kt=\"addNewRUOverflowToolbarButton\"]"}
COMMAND: POST /session/d4f675b322105372b3380f2dea3f05ac/elements - {"using":"xpath","value":"//button[@data-kt=\"addNewRUOverflowToolbarButton\"]"}
RESULT: {"using":"xpath","value":"//button[@data-kt=\"addNewRUOverflowToolbarButton\"]"}
COMMAND: POST /session/d4f675b322105372b3380f2dea3f05ac/elements - {"using":"xpath","value":"//button[@data-kt=\"addNewRUOverflowToolbarButton\"]"}
RESULT: {"using":"xpath","value":"//button[@data-kt=\"addNewRUOverflowToolbarButton\"]"}
COMMAND: POST /session/d4f675b322105372b3380f2dea3f05ac/element - {"using":"xpath","value":"//button[@data-kt=\"addNewRUOverflowToolbarButton\"]"}
RESULT: {"using":"xpath","value":"//button[@data-kt=\"addNewRUOverflowToolbarButton\"]"}
COMMAND: POST /session/d4f675b322105372b3380f2dea3f05ac/execute/sync - {"script":"<script> [8489 bytes]","args":[{"element-6066-11e4-a52e-4f735466cecf":"f.73BB2000E1F4E36FD864906F51978B2B.d.09B8A4CB6A7B1ACF5AFE23F3671DCA9B.e.23278","ELEMENT":"f.73BB2000E1F4E36FD864906F51978B2B.d.09B8A4CB6A7B1ACF5AFE23F3671DCA9B.e.23278"}]}
RESULT: {"script":"<script> [8489 bytes]","args":[{"element-6066-11e4-a52e-4f735466cecf":"f.73BB2000E1F4E36FD864906F51978B2B.d.09B8A4CB6A7B1ACF5AFE23F3671DCA9B.e.23278","ELEMENT":"f.73BB2000E1F4E36FD864906F51978B2B.d.09B8A4CB6A7B1ACF5AFE23F3671DCA9B.e.23278"}]}
COMMAND: GET /session/d4f675b322105372b3380f2dea3f05ac/element/f.73BB2000E1F4E36FD864906F51978B2B.d.09B8A4CB6A7B1ACF5AFE23F3671DCA9B.e.23278/enabled - {}
COMMAND: GET /session/d4f675b322105372b3380f2dea3f05ac/screenshot - {}
RESULT: {}
COMMAND: POST /session/d4f675b322105372b3380f2dea3f05ac/execute/sync - {"script":"<script> [8489 bytes]","args":[{"element-6066-11e4-a52e-4f735466cecf":"f.73BB2000E1F4E36FD864906F51978B2B.d.09B8A4CB6A7B1ACF5AFE23F3671DCA9B.e.23278","ELEMENT":"f.73BB2000E1F4E36FD864906F51978B2B.d.09B8A4CB6A7B1ACF5AFE23F3671DCA9B.e.23278"}]}
COMMAND: GET /session/d4f675b322105372b3380f2dea3f05ac/screenshot - {}
RESULT: {}
RESULT: {"script":"<script> [8489 bytes]","args":[{"element-6066-11e4-a52e-4f735466cecf":"f.73BB2000E1F4E36FD864906F51978B2B.d.09B8A4CB6A7B1ACF5AFE23F3671DCA9B.e.23278","ELEMENT":"f.73BB2000E1F4E36FD864906F51978B2B.d.09B8A4CB6A7B1ACF5AFE23F3671DCA9B.e.23278"}]}
COMMAND: POST /session/d4f675b322105372b3380f2dea3f05ac/execute/sync - {"script":"<script> [5351 bytes]","args":[{"element-6066-11e4-a52e-4f735466cecf":"f.73BB2000E1F4E36FD864906F51978B2B.d.09B8A4CB6A7B1ACF5AFE23F3671DCA9B.e.23278","ELEMENT":"f.73BB2000E1F4E36FD864906F51978B2B.d.09B8A4CB6A7B1ACF5AFE23F3671DCA9B.e.23278"}]}
COMMAND: GET /session/d4f675b322105372b3380f2dea3f05ac/screenshot - {}
RESULT: {}
RESULT: {"script":"<script> [5351 bytes]","args":[{"element-6066-11e4-a52e-4f735466cecf":"f.73BB2000E1F4E36FD864906F51978B2B.d.09B8A4CB6A7B1ACF5AFE23F3671DCA9B.e.23278","ELEMENT":"f.73BB2000E1F4E36FD864906F51978B2B.d.09B8A4CB6A7B1ACF5AFE23F3671DCA9B.e.23278"}]}
COMMAND: POST /session/d4f675b322105372b3380f2dea3f05ac/element/f.73BB2000E1F4E36FD864906F51978B2B.d.09B8A4CB6A7B1ACF5AFE23F3671DCA9B.e.23278/click - {}
COMMAND: GET /session/d4f675b322105372b3380f2dea3f05ac/screenshot - {}
RESULT: {}
RESULT: {}
COMMAND: GET /session/d4f675b322105372b3380f2dea3f05ac/screenshot - {}
RESULT: {}
RESULT: {}
COMMAND: POST /session/d4f675b322105372b3380f2dea3f05ac/execute/async - {"script":"<script> [1562 bytes]","args":[{"selector":{"id":"application-manageresources-display-component---newResourceUnit--TYPE-arrow"},"wdio_ui5_key":"applicationmanageresources-display-component---newResourceUnit--TYPE-arrow"}]}
RESULT: {"script":"<script> [1562 bytes]","args":[{"selector":{"id":"application-manageresources-display-component---newResourceUnit--TYPE-arrow"},"wdio_ui5_key":"applicationmanageresources-display-component---newResourceUnit--TYPE-arrow"}]}
RESULT: undefined
COMMAND: POST /session/d4f675b322105372b3380f2dea3f05ac/element - {"using":"xpath","value":"//*[@id=\"application-manageresources-display-component---newResourceUnit--TYPE-arrow\"]"}
RESULT: {"using":"xpath","value":"//*[@id=\"application-manageresources-display-component---newResourceUnit--TYPE-arrow\"]"}
COMMAND: POST /session/d4f675b322105372b3380f2dea3f05ac/element/f.73BB2000E1F4E36FD864906F51978B2B.d.09B8A4CB6A7B1ACF5AFE23F3671DCA9B.e.23642/click - {}
RESULT: {}
COMMAND: POST /session/d4f675b322105372b3380f2dea3f05ac/element - {"using":"xpath","value":"//input[@id=\"application-manageresources-display-component---newResourceUnit--TYPE-inner\"]"}
COMMAND: GET /session/d4f675b322105372b3380f2dea3f05ac/screenshot - {}
RESULT: {"using":"xpath","value":"//input[@id=\"application-manageresources-display-component---newResourceUnit--TYPE-inner\"]"}
COMMAND: POST /session/d4f675b322105372b3380f2dea3f05ac/element/f.73BB2000E1F4E36FD864906F51978B2B.d.09B8A4CB6A7B1ACF5AFE23F3671DCA9B.e.23629/clear - {}
RESULT: {}
RESULT: {}
COMMAND: POST /session/d4f675b322105372b3380f2dea3f05ac/element/f.73BB2000E1F4E36FD864906F51978B2B.d.09B8A4CB6A7B1ACF5AFE23F3671DCA9B.e.23629/value - {"text":"Material"}
COMMAND: GET /session/d4f675b322105372b3380f2dea3f05ac/screenshot - {}
RESULT: {"text":"Material"}
COMMAND: GET /session/d4f675b322105372b3380f2dea3f05ac/screenshot - {}
RESULT: {}
RESULT: {}
COMMAND: POST /session/d4f675b322105372b3380f2dea3f05ac/actions - {"actions":[{"id":"action71","type":"key","parameters":{},"actions":[{"type":"keyDown","value":""},{"type":"pause","duration":10},{"type":"keyUp","value":""}]}]}
RESULT: {"actions":[{"id":"action71","type":"key","parameters":{},"actions":[{"type":"keyDown","value":""},{"type":"pause","duration":10},{"type":"keyUp","value":""}]}]}
COMMAND: POST /session/d4f675b322105372b3380f2dea3f05ac/execute/async - {"script":"<script> [1562 bytes]","args":[{"selector":{"id":"application-manageresources-display-component---newResourceUnit--SHORT_TEXT","interaction":{"idSuffix":"inner"}},"wdio_ui5_key":"applicationmanageresources-display-component---newResourceUnit--SHORT_TEXT"}]}
COMMAND: GET /session/d4f675b322105372b3380f2dea3f05ac/screenshot - {}
RESULT: {"script":"<script> [1562 bytes]","args":[{"selector":{"id":"application-manageresources-display-component---newResourceUnit--SHORT_TEXT","interaction":{"idSuffix":"inner"}},"wdio_ui5_key":"applicationmanageresources-display-component---newResourceUnit--SHORT_TEXT"}]}
RESULT: undefined
COMMAND: POST /session/d4f675b322105372b3380f2dea3f05ac/execute/async - {"script":"<script> [776 bytes]","args":[{"enterText":"Cement WDIO","selector":{"id":"application-manageresources-display-component---newResourceUnit--SHORT_TEXT","interaction":{"idSuffix":"inner"}},"clearTextFirst":true,"interactionType":"ENTER_TEXT"}]}
RESULT: {}
RESULT: {"script":"<script> [776 bytes]","args":[{"enterText":"Cement WDIO","selector":{"id":"application-manageresources-display-component---newResourceUnit--SHORT_TEXT","interaction":{"idSuffix":"inner"}},"clearTextFirst":true,"interactionType":"ENTER_TEXT"}]}
COMMAND: POST /session/d4f675b322105372b3380f2dea3f05ac/execute/async - {"script":"<script> [1562 bytes]","args":[{"selector":{"id":"application-manageresources-display-component---newResourceUnit--BASE_UNIT_OF_MEASURE","interaction":{"idSuffix":"inner"}},"wdio_ui5_key":"applicationmanageresources-display-component---newResourceUnit--BASE_UNIT_OF_MEASURE"}]}
RESULT: {"script":"<script> [1562 bytes]","args":[{"selector":{"id":"application-manageresources-display-component---newResourceUnit--BASE_UNIT_OF_MEASURE","interaction":{"idSuffix":"inner"}},"wdio_ui5_key":"applicationmanageresources-display-component---newResourceUnit--BASE_UNIT_OF_MEASURE"}]}
RESULT: undefined
COMMAND: POST /session/d4f675b322105372b3380f2dea3f05ac/execute/async - {"script":"<script> [776 bytes]","args":[{"enterText":"Piece","selector":{"id":"application-manageresources-display-component---newResourceUnit--BASE_UNIT_OF_MEASURE","interaction":{"idSuffix":"inner"}},"clearTextFirst":true,"interactionType":"ENTER_TEXT"}]}
RESULT: {"script":"<script> [776 bytes]","args":[{"enterText":"Piece","selector":{"id":"application-manageresources-display-component---newResourceUnit--BASE_UNIT_OF_MEASURE","interaction":{"idSuffix":"inner"}},"clearTextFirst":true,"interactionType":"ENTER_TEXT"}]}
COMMAND: POST /session/d4f675b322105372b3380f2dea3f05ac/execute/async - {"script":"<script> [1562 bytes]","args":[{"selector":{"id":"application-manageresources-display-component---newResourceUnit--WEIGHT_UNIT","interaction":{"idSuffix":"inner"}},"wdio_ui5_key":"applicationmanageresources-display-component---newResourceUnit--WEIGHT_UNIT"}]}
RESULT: {"script":"<script> [1562 bytes]","args":[{"selector":{"id":"application-manageresources-display-component---newResourceUnit--WEIGHT_UNIT","interaction":{"idSuffix":"inner"}},"wdio_ui5_key":"applicationmanageresources-display-component---newResourceUnit--WEIGHT_UNIT"}]}
RESULT: undefined
COMMAND: POST /session/d4f675b322105372b3380f2dea3f05ac/execute/async - {"script":"<script> [776 bytes]","args":[{"enterText":"Gram","selector":{"id":"application-manageresources-display-component---newResourceUnit--WEIGHT_UNIT","interaction":{"idSuffix":"inner"}},"clearTextFirst":true,"interactionType":"ENTER_TEXT"}]}
RESULT: {"script":"<script> [776 bytes]","args":[{"enterText":"Gram","selector":{"id":"application-manageresources-display-component---newResourceUnit--WEIGHT_UNIT","interaction":{"idSuffix":"inner"}},"clearTextFirst":true,"interactionType":"ENTER_TEXT"}]}
COMMAND: POST /session/d4f675b322105372b3380f2dea3f05ac/execute/async - {"script":"<script> [1562 bytes]","args":[{"selector":{"id":"application-manageresources-display-component---newResourceUnit--DIMENSION_UNIT","interaction":{"idSuffix":"inner"}},"wdio_ui5_key":"applicationmanageresources-display-component---newResourceUnit--DIMENSION_UNIT"}]}
RESULT: {"script":"<script> [1562 bytes]","args":[{"selector":{"id":"application-manageresources-display-component---newResourceUnit--DIMENSION_UNIT","interaction":{"idSuffix":"inner"}},"wdio_ui5_key":"applicationmanageresources-display-component---newResourceUnit--DIMENSION_UNIT"}]}
RESULT: undefined
COMMAND: POST /session/d4f675b322105372b3380f2dea3f05ac/execute/async - {"script":"<script> [776 bytes]","args":[{"enterText":"Meter","selector":{"id":"application-manageresources-display-component---newResourceUnit--DIMENSION_UNIT","interaction":{"idSuffix":"inner"}},"clearTextFirst":true,"interactionType":"ENTER_TEXT"}]}
RESULT: {"script":"<script> [776 bytes]","args":[{"enterText":"Meter","selector":{"id":"application-manageresources-display-component---newResourceUnit--DIMENSION_UNIT","interaction":{"idSuffix":"inner"}},"clearTextFirst":true,"interactionType":"ENTER_TEXT"}]}
COMMAND: POST /session/d4f675b322105372b3380f2dea3f05ac/execute/async - {"script":"<script> [1562 bytes]","args":[{"selector":{"id":"application-manageresources-display-component---newResourceUnit--newRRUPage-anchBar-application-manageresources-display-component---newResourceUnit--control-anchor","interaction":{"idSuffix":"BDI-content"}},"wdio_ui5_key":"applicationmanageresources-display-component---newResourceUnit--newRRUPage-anchBar-application-manageresources-display-component---newResourceUnit--control-anchor"}]}
RESULT: {"script":"<script> [1562 bytes]","args":[{"selector":{"id":"application-manageresources-display-component---newResourceUnit--newRRUPage-anchBar-application-manageresources-display-component---newResourceUnit--control-anchor","interaction":{"idSuffix":"BDI-content"}},"wdio_ui5_key":"applicationmanageresources-display-component---newResourceUnit--newRRUPage-anchBar-application-manageresources-display-component---newResourceUnit--control-anchor"}]}
RESULT: undefined
COMMAND: POST /session/d4f675b322105372b3380f2dea3f05ac/element - {"using":"xpath","value":"//*[@id=\"application-manageresources-display-component---newResourceUnit--newRRUPage-anchBar-application-manageresources-display-component---newResourceUnit--control-anchor\"]"}
RESULT: {"using":"xpath","value":"//*[@id=\"application-manageresources-display-component---newResourceUnit--newRRUPage-anchBar-application-manageresources-display-component---newResourceUnit--control-anchor\"]"}
COMMAND: POST /session/d4f675b322105372b3380f2dea3f05ac/element/f.73BB2000E1F4E36FD864906F51978B2B.d.09B8A4CB6A7B1ACF5AFE23F3671DCA9B.e.23775/click - {}
RESULT: {}
COMMAND: POST /session/d4f675b322105372b3380f2dea3f05ac/execute/async - {"script":"<script> [1562 bytes]","args":[{"selector":{"id":"application-manageresources-display-component---newResourceUnit--PLANNING_GROUP","interaction":{"idSuffix":"inner"}},"wdio_ui5_key":"applicationmanageresources-display-component---newResourceUnit--PLANNING_GROUP"}]}
COMMAND: GET /session/d4f675b322105372b3380f2dea3f05ac/screenshot - {}
RESULT: {"script":"<script> [1562 bytes]","args":[{"selector":{"id":"application-manageresources-display-component---newResourceUnit--PLANNING_GROUP","interaction":{"idSuffix":"inner"}},"wdio_ui5_key":"applicationmanageresources-display-component---newResourceUnit--PLANNING_GROUP"}]}
RESULT: undefined
COMMAND: POST /session/d4f675b322105372b3380f2dea3f05ac/execute/async - {"script":"<script> [776 bytes]","args":[{"enterText":"Material","selector":{"id":"application-manageresources-display-component---newResourceUnit--PLANNING_GROUP","interaction":{"idSuffix":"inner"}},"clearTextFirst":true,"interactionType":"ENTER_TEXT"}]}
RESULT: {}
RESULT: {"script":"<script> [776 bytes]","args":[{"enterText":"Material","selector":{"id":"application-manageresources-display-component---newResourceUnit--PLANNING_GROUP","interaction":{"idSuffix":"inner"}},"clearTextFirst":true,"interactionType":"ENTER_TEXT"}]}
COMMAND: POST /session/d4f675b322105372b3380f2dea3f05ac/execute/async - {"script":"<script> [1562 bytes]","args":[{"selector":{"id":"application-manageresources-display-component---newResourceUnit--PLANNING_INDICATOR","interaction":{"idSuffix":"inner"}},"wdio_ui5_key":"applicationmanageresources-display-component---newResourceUnit--PLANNING_INDICATOR"}]}
RESULT: {"script":"<script> [1562 bytes]","args":[{"selector":{"id":"application-manageresources-display-component---newResourceUnit--PLANNING_INDICATOR","interaction":{"idSuffix":"inner"}},"wdio_ui5_key":"applicationmanageresources-display-component---newResourceUnit--PLANNING_INDICATOR"}]}
RESULT: undefined
COMMAND: POST /session/d4f675b322105372b3380f2dea3f05ac/execute/async - {"script":"<script> [776 bytes]","args":[{"enterText":"10 - infinite","selector":{"id":"application-manageresources-display-component---newResourceUnit--PLANNING_INDICATOR","interaction":{"idSuffix":"inner"}},"clearTextFirst":true,"interactionType":"ENTER_TEXT"}]}
RESULT: {"script":"<script> [776 bytes]","args":[{"enterText":"10 - infinite","selector":{"id":"application-manageresources-display-component---newResourceUnit--PLANNING_INDICATOR","interaction":{"idSuffix":"inner"}},"clearTextFirst":true,"interactionType":"ENTER_TEXT"}]}
COMMAND: POST /session/d4f675b322105372b3380f2dea3f05ac/element - {"using":"css selector","value":"#application-manageresources-display-component---newResourceUnit--btnAddTimeSegment"}
RESULT: {"using":"css selector","value":"#application-manageresources-display-component---newResourceUnit--btnAddTimeSegment"}
COMMAND: GET /session/d4f675b322105372b3380f2dea3f05ac/element/f.73BB2000E1F4E36FD864906F51978B2B.d.09B8A4CB6A7B1ACF5AFE23F3671DCA9B.e.23783/rect - {}
RESULT: {}
COMMAND: GET /session/d4f675b322105372b3380f2dea3f05ac/window/rect - {}
RESULT: {}
COMMAND: POST /session/d4f675b322105372b3380f2dea3f05ac/execute/sync - {"script":"<script> [92 bytes]","args":[]}
RESULT: {"script":"<script> [92 bytes]","args":[]}
COMMAND: POST /session/d4f675b322105372b3380f2dea3f05ac/actions - {"actions":[{"id":"action72","type":"wheel","parameters":{},"actions":[{"type":"scroll","x":-1888,"y":-32,"deltaX":0,"deltaY":0,"duration":0,"origin":{"element-6066-11e4-a52e-4f735466cecf":"f.73BB2000E1F4E36FD864906F51978B2B.d.09B8A4CB6A7B1ACF5AFE23F3671DCA9B.e.23783"}}]}]}
COMMAND: GET /session/d4f675b322105372b3380f2dea3f05ac/screenshot - {}
RESULT: {}
COMMAND: POST /session/d4f675b322105372b3380f2dea3f05ac/execute/sync - {"script":"<script> [79 bytes]","args":[{"element-6066-11e4-a52e-4f735466cecf":"f.73BB2000E1F4E36FD864906F51978B2B.d.09B8A4CB6A7B1ACF5AFE23F3671DCA9B.e.23783","ELEMENT":"f.73BB2000E1F4E36FD864906F51978B2B.d.09B8A4CB6A7B1ACF5AFE23F3671DCA9B.e.23783"},{"block":"start","inline":"nearest"}]}
RESULT: {"script":"<script> [79 bytes]","args":[{"element-6066-11e4-a52e-4f735466cecf":"f.73BB2000E1F4E36FD864906F51978B2B.d.09B8A4CB6A7B1ACF5AFE23F3671DCA9B.e.23783","ELEMENT":"f.73BB2000E1F4E36FD864906F51978B2B.d.09B8A4CB6A7B1ACF5AFE23F3671DCA9B.e.23783"},{"block":"start","inline":"nearest"}]}
COMMAND: POST /session/d4f675b322105372b3380f2dea3f05ac/execute/async - {"script":"<script> [1562 bytes]","args":[{"selector":{"id":"application-manageresources-display-component---newResourceUnit--btnAddTimeSegment","interaction":{"idSuffix":"inner"}},"wdio_ui5_key":"applicationmanageresources-display-component---newResourceUnit--btnAddTimeSegment"}]}
COMMAND: GET /session/d4f675b322105372b3380f2dea3f05ac/screenshot - {}
RESULT: {"script":"<script> [1562 bytes]","args":[{"selector":{"id":"application-manageresources-display-component---newResourceUnit--btnAddTimeSegment","interaction":{"idSuffix":"inner"}},"wdio_ui5_key":"applicationmanageresources-display-component---newResourceUnit--btnAddTimeSegment"}]}
RESULT: undefined
COMMAND: POST /session/d4f675b322105372b3380f2dea3f05ac/element - {"using":"xpath","value":"//*[@id=\"application-manageresources-display-component---newResourceUnit--btnAddTimeSegment\"]"}
RESULT: {}
RESULT: {"using":"xpath","value":"//*[@id=\"application-manageresources-display-component---newResourceUnit--btnAddTimeSegment\"]"}
COMMAND: POST /session/d4f675b322105372b3380f2dea3f05ac/element/f.73BB2000E1F4E36FD864906F51978B2B.d.09B8A4CB6A7B1ACF5AFE23F3671DCA9B.e.23783/click - {}
RESULT: {}
COMMAND: GET /session/d4f675b322105372b3380f2dea3f05ac/screenshot - {}
RESULT: {}
COMMAND: POST /session/d4f675b322105372b3380f2dea3f05ac/element - {"using":"xpath","value":"//input[@id=\"application-manageresources-display-component---newResourceUnit--idRuTSAdmin-application-manageresources-display-component---newResourceUnit--RUTimeSegment-0-inner\"]"}
RESULT: {"using":"xpath","value":"//input[@id=\"application-manageresources-display-component---newResourceUnit--idRuTSAdmin-application-manageresources-display-component---newResourceUnit--RUTimeSegment-0-inner\"]"}
COMMAND: POST /session/d4f675b322105372b3380f2dea3f05ac/element/f.73BB2000E1F4E36FD864906F51978B2B.d.09B8A4CB6A7B1ACF5AFE23F3671DCA9B.e.23788/clear - {}
RESULT: {}
COMMAND: POST /session/d4f675b322105372b3380f2dea3f05ac/element/f.73BB2000E1F4E36FD864906F51978B2B.d.09B8A4CB6A7B1ACF5AFE23F3671DCA9B.e.23788/value - {"text":"422"}
COMMAND: GET /session/d4f675b322105372b3380f2dea3f05ac/screenshot - {}
RESULT: {"text":"422"}
COMMAND: GET /session/d4f675b322105372b3380f2dea3f05ac/screenshot - {}
RESULT: {}
RESULT: {}
COMMAND: POST /session/d4f675b322105372b3380f2dea3f05ac/element - {"using":"xpath","value":"//li[.//span[text()='422']]"}
RESULT: {"using":"xpath","value":"//li[.//span[text()='422']]"}
COMMAND: POST /session/d4f675b322105372b3380f2dea3f05ac/element/f.73BB2000E1F4E36FD864906F51978B2B.d.09B8A4CB6A7B1ACF5AFE23F3671DCA9B.e.23796/click - {}
RESULT: {}
COMMAND: GET /session/d4f675b322105372b3380f2dea3f05ac/screenshot - {}
RESULT: {}
COMMAND: POST /session/d4f675b322105372b3380f2dea3f05ac/element - {"using":"xpath","value":"(//span[contains(@id, \"-application-manageresources-display-component---newResourceUnit--RUTimeSegment-0-arrow\")])[2]"}
RESULT: {"using":"xpath","value":"(//span[contains(@id, \"-application-manageresources-display-component---newResourceUnit--RUTimeSegment-0-arrow\")])[2]"}
COMMAND: POST /session/d4f675b322105372b3380f2dea3f05ac/element/f.73BB2000E1F4E36FD864906F51978B2B.d.09B8A4CB6A7B1ACF5AFE23F3671DCA9B.e.23797/click - {}
RESULT: {}
COMMAND: POST /session/d4f675b322105372b3380f2dea3f05ac/element - {"using":"xpath","value":"//span[contains(text(), \"PM Order\")]"}
COMMAND: GET /session/d4f675b322105372b3380f2dea3f05ac/screenshot - {}
RESULT: {"using":"xpath","value":"//span[contains(text(), \"PM Order\")]"}
COMMAND: POST /session/d4f675b322105372b3380f2dea3f05ac/element/f.73BB2000E1F4E36FD864906F51978B2B.d.09B8A4CB6A7B1ACF5AFE23F3671DCA9B.e.23798/click - {}
RESULT: {}
RESULT: {}
COMMAND: GET /session/d4f675b322105372b3380f2dea3f05ac/screenshot - {}
RESULT: {}
COMMAND: POST /session/d4f675b322105372b3380f2dea3f05ac/element - {"using":"xpath","value":"//td/div/div/div/span[contains(@id, \"newResourceUnit--RUTimeSegment-0-vhi\")][1]"}
RESULT: {"using":"xpath","value":"//td/div/div/div/span[contains(@id, \"newResourceUnit--RUTimeSegment-0-vhi\")][1]"}
COMMAND: GET /session/d4f675b322105372b3380f2dea3f05ac/element/f.73BB2000E1F4E36FD864906F51978B2B.d.09B8A4CB6A7B1ACF5AFE23F3671DCA9B.e.23802/rect - {}
RESULT: {}
COMMAND: GET /session/d4f675b322105372b3380f2dea3f05ac/window/rect - {}
RESULT: {}
COMMAND: POST /session/d4f675b322105372b3380f2dea3f05ac/execute/sync - {"script":"<script> [92 bytes]","args":[]}
RESULT: {"script":"<script> [92 bytes]","args":[]}
COMMAND: POST /session/d4f675b322105372b3380f2dea3f05ac/actions - {"actions":[{"id":"action73","type":"wheel","parameters":{},"actions":[{"type":"scroll","x":-1888,"y":-24,"deltaX":0,"deltaY":0,"duration":0,"origin":{"element-6066-11e4-a52e-4f735466cecf":"f.73BB2000E1F4E36FD864906F51978B2B.d.09B8A4CB6A7B1ACF5AFE23F3671DCA9B.e.23802"}}]}]}
COMMAND: GET /session/d4f675b322105372b3380f2dea3f05ac/screenshot - {}
RESULT: {}
COMMAND: POST /session/d4f675b322105372b3380f2dea3f05ac/execute/sync - {"script":"<script> [79 bytes]","args":[{"element-6066-11e4-a52e-4f735466cecf":"f.73BB2000E1F4E36FD864906F51978B2B.d.09B8A4CB6A7B1ACF5AFE23F3671DCA9B.e.23802","ELEMENT":"f.73BB2000E1F4E36FD864906F51978B2B.d.09B8A4CB6A7B1ACF5AFE23F3671DCA9B.e.23802"},{"block":"start","inline":"nearest"}]}
RESULT: {"script":"<script> [79 bytes]","args":[{"element-6066-11e4-a52e-4f735466cecf":"f.73BB2000E1F4E36FD864906F51978B2B.d.09B8A4CB6A7B1ACF5AFE23F3671DCA9B.e.23802","ELEMENT":"f.73BB2000E1F4E36FD864906F51978B2B.d.09B8A4CB6A7B1ACF5AFE23F3671DCA9B.e.23802"},{"block":"start","inline":"nearest"}]}
COMMAND: GET /session/d4f675b322105372b3380f2dea3f05ac/screenshot - {}
RESULT: {}
COMMAND: POST /session/d4f675b322105372b3380f2dea3f05ac/element/f.73BB2000E1F4E36FD864906F51978B2B.d.09B8A4CB6A7B1ACF5AFE23F3671DCA9B.e.23802/click - {}
RESULT: {}
COMMAND: GET /session/d4f675b322105372b3380f2dea3f05ac/screenshot - {}
RESULT: {}
COMMAND: POST /session/d4f675b322105372b3380f2dea3f05ac/execute/async - {"script":"<script> [1562 bytes]","args":[{"selector":{"controlType":"sap.m.SearchField","properties":{"placeholder":"Search"},"searchOpenDialogs":true,"interaction":{"idSuffix":"I"}},"wdio_ui5_key":"sapm.SearchField{\"placeholder\":\"Search\"}"}]}
RESULT: {"script":"<script> [1562 bytes]","args":[{"selector":{"controlType":"sap.m.SearchField","properties":{"placeholder":"Search"},"searchOpenDialogs":true,"interaction":{"idSuffix":"I"}},"wdio_ui5_key":"sapm.SearchField{\"placeholder\":\"Search\"}"}]}
RESULT: undefined
COMMAND: POST /session/d4f675b322105372b3380f2dea3f05ac/execute/async - {"script":"<script> [776 bytes]","args":[{"enterText":"4000360","selector":{"controlType":"sap.m.SearchField","properties":{"placeholder":"Search"},"searchOpenDialogs":true,"interaction":{"idSuffix":"I"}},"clearTextFirst":true,"interactionType":"ENTER_TEXT"}]}
RESULT: {"script":"<script> [776 bytes]","args":[{"enterText":"4000360","selector":{"controlType":"sap.m.SearchField","properties":{"placeholder":"Search"},"searchOpenDialogs":true,"interaction":{"idSuffix":"I"}},"clearTextFirst":true,"interactionType":"ENTER_TEXT"}]}
COMMAND: POST /session/d4f675b322105372b3380f2dea3f05ac/actions - {"actions":[{"id":"action74","type":"key","parameters":{},"actions":[{"type":"keyDown","value":""},{"type":"pause","duration":10},{"type":"keyUp","value":""}]}]}
RESULT: {"actions":[{"id":"action74","type":"key","parameters":{},"actions":[{"type":"keyDown","value":""},{"type":"pause","duration":10},{"type":"keyUp","value":""}]}]}
COMMAND: GET /session/d4f675b322105372b3380f2dea3f05ac/screenshot - {}
RESULT: {}
COMMAND: POST /session/d4f675b322105372b3380f2dea3f05ac/element - {"using":"xpath","value":"//td/div/span[contains(text(), \"BGL Vehicles\")]"}
RESULT: {"using":"xpath","value":"//td/div/span[contains(text(), \"BGL Vehicles\")]"}
COMMAND: POST /session/d4f675b322105372b3380f2dea3f05ac/element/f.73BB2000E1F4E36FD864906F51978B2B.d.09B8A4CB6A7B1ACF5AFE23F3671DCA9B.e.23824/click - {}
RESULT: {}
COMMAND: GET /session/d4f675b322105372b3380f2dea3f05ac/screenshot - {}
RESULT: {}
COMMAND: POST /session/d4f675b322105372b3380f2dea3f05ac/element - {"using":"xpath","value":"//bdi[contains(text(), \"OK\")]"}
RESULT: {"using":"xpath","value":"//bdi[contains(text(), \"OK\")]"}
COMMAND: POST /session/d4f675b322105372b3380f2dea3f05ac/element/f.73BB2000E1F4E36FD864906F51978B2B.d.09B8A4CB6A7B1ACF5AFE23F3671DCA9B.e.23825/click - {}
RESULT: {}
COMMAND: GET /session/d4f675b322105372b3380f2dea3f05ac/screenshot - {}
RESULT: {}
COMMAND: POST /session/d4f675b322105372b3380f2dea3f05ac/element - {"using":"xpath","value":"//label[contains(@class, 'sapMLabelRequired') and .//bdi[contains(text(), 'Planned Retirement')]]"}
RESULT: {"using":"xpath","value":"//label[contains(@class, 'sapMLabelRequired') and .//bdi[contains(text(), 'Planned Retirement')]]"}
COMMAND: POST /session/d4f675b322105372b3380f2dea3f05ac/elements - {"using":"xpath","value":"//label[contains(@class, 'sapMLabelRequired') and .//bdi[contains(text(), 'Planned Retirement')]]"}
RESULT: {"using":"xpath","value":"//label[contains(@class, 'sapMLabelRequired') and .//bdi[contains(text(), 'Planned Retirement')]]"}
COMMAND: POST /session/d4f675b322105372b3380f2dea3f05ac/element - {"using":"xpath","value":"//button[@data-kt=\"resourceUnitSaveButton\"]"}
RESULT: {"using":"xpath","value":"//button[@data-kt=\"resourceUnitSaveButton\"]"}
COMMAND: POST /session/d4f675b322105372b3380f2dea3f05ac/element/f.73BB2000E1F4E36FD864906F51978B2B.d.09B8A4CB6A7B1ACF5AFE23F3671DCA9B.e.23661/click - {}
RESULT: {}
COMMAND: GET /session/d4f675b322105372b3380f2dea3f05ac/screenshot - {}
RESULT: {}
COMMAND: POST /session/d4f675b322105372b3380f2dea3f05ac/element - {"using":"xpath","value":"//bdi[contains(text(), \"Close\")]"}
RESULT: {"using":"xpath","value":"//bdi[contains(text(), \"Close\")]"}
COMMAND: POST /session/d4f675b322105372b3380f2dea3f05ac/element/f.73BB2000E1F4E36FD864906F51978B2B.d.09B8A4CB6A7B1ACF5AFE23F3671DCA9B.e.23831/click - {}
RESULT: {}
COMMAND: GET /session/d4f675b322105372b3380f2dea3f05ac/screenshot - {}
RESULT: {}
COMMAND: POST /session/d4f675b322105372b3380f2dea3f05ac/element - {"using":"xpath","value":"//header[contains(@id, 'detailRruPage-headerTitle')]/div[1]/div[2]/div[2]/span[1]"}
RESULT: {"using":"xpath","value":"//header[contains(@id, 'detailRruPage-headerTitle')]/div[1]/div[2]/div[2]/span[1]"}
COMMAND: POST /session/d4f675b322105372b3380f2dea3f05ac/elements - {"using":"xpath","value":"//header[contains(@id, 'detailRruPage-headerTitle')]/div[1]/div[2]/div[2]/span[1]"}
RESULT: {"using":"xpath","value":"//header[contains(@id, 'detailRruPage-headerTitle')]/div[1]/div[2]/div[2]/span[1]"}
COMMAND: POST /session/d4f675b322105372b3380f2dea3f05ac/execute/sync - {"script":"<script> [56 bytes]","args":[{"element-6066-11e4-a52e-4f735466cecf":"f.73BB2000E1F4E36FD864906F51978B2B.d.09B8A4CB6A7B1ACF5AFE23F3671DCA9B.e.23859","ELEMENT":"f.73BB2000E1F4E36FD864906F51978B2B.d.09B8A4CB6A7B1ACF5AFE23F3671DCA9B.e.23859"}]}
RESULT: {"script":"<script> [56 bytes]","args":[{"element-6066-11e4-a52e-4f735466cecf":"f.73BB2000E1F4E36FD864906F51978B2B.d.09B8A4CB6A7B1ACF5AFE23F3671DCA9B.e.23859","ELEMENT":"f.73BB2000E1F4E36FD864906F51978B2B.d.09B8A4CB6A7B1ACF5AFE23F3671DCA9B.e.23859"}]}
COMMAND: POST /session/d4f675b322105372b3380f2dea3f05ac/element - {"using":"css selector","value":"#shell-header-logo"}
COMMAND: GET /session/d4f675b322105372b3380f2dea3f05ac/screenshot - {}
RESULT: {"using":"css selector","value":"#shell-header-logo"}
COMMAND: POST /session/d4f675b322105372b3380f2dea3f05ac/element/f.73BB2000E1F4E36FD864906F51978B2B.d.09B8A4CB6A7B1ACF5AFE23F3671DCA9B.e.23120/click - {}
RESULT: {}
RESULT: {}
COMMAND: GET /session/d4f675b322105372b3380f2dea3f05ac/screenshot - {}
RESULT: {}
]]></system-out>
    </testcase>
    <testcase classname="chrome.136_0_7103_93.windows.Create_masterdata_for_Yard_Overview_-_trigger_provide_US130988" name="Bin Status Report Should Create New Organization yard" time="0.004"/>
    <testcase classname="chrome.136_0_7103_93.windows.Create_masterdata_for_Yard_Overview_-_trigger_provide_US130988" name="Create a Warehouse Movement for created yard" time="43.5">
      <system-out><![CDATA[
COMMAND: POST /session/d4f675b322105372b3380f2dea3f05ac/execute/async - {"script":"<script> [1562 bytes]","args":[{"selector":{"controlType":"sap.m.GenericTile","properties":{"header":"Manage Warehouse Movements"}},"wdio_ui5_key":"sapm.GenericTile{\"header\":\"Manage Warehouse Movements\"}"}]}
RESULT: {"script":"<script> [1562 bytes]","args":[{"selector":{"controlType":"sap.m.GenericTile","properties":{"header":"Manage Warehouse Movements"}},"wdio_ui5_key":"sapm.GenericTile{\"header\":\"Manage Warehouse Movements\"}"}]}
RESULT: undefined
COMMAND: POST /session/d4f675b322105372b3380f2dea3f05ac/element - {"using":"xpath","value":"//*[@id=\"__tile105\"]"}
RESULT: {"using":"xpath","value":"//*[@id=\"__tile105\"]"}
COMMAND: POST /session/d4f675b322105372b3380f2dea3f05ac/element/f.73BB2000E1F4E36FD864906F51978B2B.d.09B8A4CB6A7B1ACF5AFE23F3671DCA9B.e.23861/click - {}
RESULT: {}
COMMAND: POST /session/d4f675b322105372b3380f2dea3f05ac/element - {"using":"xpath","value":"//input[@id='application-warehousemovements-display-component---warehouseMovements--smartFilterBar-filterItemControl_BASIC-YARD-inner']"}
COMMAND: GET /session/d4f675b322105372b3380f2dea3f05ac/screenshot - {}
RESULT: {"using":"xpath","value":"//input[@id='application-warehousemovements-display-component---warehouseMovements--smartFilterBar-filterItemControl_BASIC-YARD-inner']"}
COMMAND: POST /session/d4f675b322105372b3380f2dea3f05ac/elements - {"using":"xpath","value":"//input[@id='application-warehousemovements-display-component---warehouseMovements--smartFilterBar-filterItemControl_BASIC-YARD-inner']"}
RESULT: {}
RESULT: {"using":"xpath","value":"//input[@id='application-warehousemovements-display-component---warehouseMovements--smartFilterBar-filterItemControl_BASIC-YARD-inner']"}
COMMAND: POST /session/d4f675b322105372b3380f2dea3f05ac/elements - {"using":"xpath","value":"//input[@id='application-warehousemovements-display-component---warehouseMovements--smartFilterBar-filterItemControl_BASIC-YARD-inner']"}
RESULT: {"using":"xpath","value":"//input[@id='application-warehousemovements-display-component---warehouseMovements--smartFilterBar-filterItemControl_BASIC-YARD-inner']"}
COMMAND: POST /session/d4f675b322105372b3380f2dea3f05ac/elements - {"using":"xpath","value":"//input[@id='application-warehousemovements-display-component---warehouseMovements--smartFilterBar-filterItemControl_BASIC-YARD-inner']"}
RESULT: {"using":"xpath","value":"//input[@id='application-warehousemovements-display-component---warehouseMovements--smartFilterBar-filterItemControl_BASIC-YARD-inner']"}
COMMAND: POST /session/d4f675b322105372b3380f2dea3f05ac/elements - {"using":"xpath","value":"//input[@id='application-warehousemovements-display-component---warehouseMovements--smartFilterBar-filterItemControl_BASIC-YARD-inner']"}
RESULT: {"using":"xpath","value":"//input[@id='application-warehousemovements-display-component---warehouseMovements--smartFilterBar-filterItemControl_BASIC-YARD-inner']"}
COMMAND: POST /session/d4f675b322105372b3380f2dea3f05ac/elements - {"using":"xpath","value":"//input[@id='application-warehousemovements-display-component---warehouseMovements--smartFilterBar-filterItemControl_BASIC-YARD-inner']"}
RESULT: {"using":"xpath","value":"//input[@id='application-warehousemovements-display-component---warehouseMovements--smartFilterBar-filterItemControl_BASIC-YARD-inner']"}
COMMAND: POST /session/d4f675b322105372b3380f2dea3f05ac/elements - {"using":"xpath","value":"//input[@id='application-warehousemovements-display-component---warehouseMovements--smartFilterBar-filterItemControl_BASIC-YARD-inner']"}
RESULT: {"using":"xpath","value":"//input[@id='application-warehousemovements-display-component---warehouseMovements--smartFilterBar-filterItemControl_BASIC-YARD-inner']"}
COMMAND: POST /session/d4f675b322105372b3380f2dea3f05ac/elements - {"using":"xpath","value":"//input[@id='application-warehousemovements-display-component---warehouseMovements--smartFilterBar-filterItemControl_BASIC-YARD-inner']"}
RESULT: {"using":"xpath","value":"//input[@id='application-warehousemovements-display-component---warehouseMovements--smartFilterBar-filterItemControl_BASIC-YARD-inner']"}
COMMAND: POST /session/d4f675b322105372b3380f2dea3f05ac/element - {"using":"xpath","value":"//input[@id='application-warehousemovements-display-component---warehouseMovements--smartFilterBar-filterItemControl_BASIC-YARD-inner']"}
RESULT: {"using":"xpath","value":"//input[@id='application-warehousemovements-display-component---warehouseMovements--smartFilterBar-filterItemControl_BASIC-YARD-inner']"}
COMMAND: POST /session/d4f675b322105372b3380f2dea3f05ac/execute/sync - {"script":"<script> [8489 bytes]","args":[{"element-6066-11e4-a52e-4f735466cecf":"f.73BB2000E1F4E36FD864906F51978B2B.d.09B8A4CB6A7B1ACF5AFE23F3671DCA9B.e.23884","ELEMENT":"f.73BB2000E1F4E36FD864906F51978B2B.d.09B8A4CB6A7B1ACF5AFE23F3671DCA9B.e.23884"}]}
RESULT: {"script":"<script> [8489 bytes]","args":[{"element-6066-11e4-a52e-4f735466cecf":"f.73BB2000E1F4E36FD864906F51978B2B.d.09B8A4CB6A7B1ACF5AFE23F3671DCA9B.e.23884","ELEMENT":"f.73BB2000E1F4E36FD864906F51978B2B.d.09B8A4CB6A7B1ACF5AFE23F3671DCA9B.e.23884"}]}
COMMAND: GET /session/d4f675b322105372b3380f2dea3f05ac/element/f.73BB2000E1F4E36FD864906F51978B2B.d.09B8A4CB6A7B1ACF5AFE23F3671DCA9B.e.23884/enabled - {}
COMMAND: GET /session/d4f675b322105372b3380f2dea3f05ac/screenshot - {}
RESULT: {}
COMMAND: POST /session/d4f675b322105372b3380f2dea3f05ac/execute/sync - {"script":"<script> [8489 bytes]","args":[{"element-6066-11e4-a52e-4f735466cecf":"f.73BB2000E1F4E36FD864906F51978B2B.d.09B8A4CB6A7B1ACF5AFE23F3671DCA9B.e.23884","ELEMENT":"f.73BB2000E1F4E36FD864906F51978B2B.d.09B8A4CB6A7B1ACF5AFE23F3671DCA9B.e.23884"}]}
COMMAND: GET /session/d4f675b322105372b3380f2dea3f05ac/screenshot - {}
RESULT: {}
RESULT: {"script":"<script> [8489 bytes]","args":[{"element-6066-11e4-a52e-4f735466cecf":"f.73BB2000E1F4E36FD864906F51978B2B.d.09B8A4CB6A7B1ACF5AFE23F3671DCA9B.e.23884","ELEMENT":"f.73BB2000E1F4E36FD864906F51978B2B.d.09B8A4CB6A7B1ACF5AFE23F3671DCA9B.e.23884"}]}
COMMAND: POST /session/d4f675b322105372b3380f2dea3f05ac/execute/sync - {"script":"<script> [5351 bytes]","args":[{"element-6066-11e4-a52e-4f735466cecf":"f.73BB2000E1F4E36FD864906F51978B2B.d.09B8A4CB6A7B1ACF5AFE23F3671DCA9B.e.23884","ELEMENT":"f.73BB2000E1F4E36FD864906F51978B2B.d.09B8A4CB6A7B1ACF5AFE23F3671DCA9B.e.23884"}]}
COMMAND: GET /session/d4f675b322105372b3380f2dea3f05ac/screenshot - {}
RESULT: {}
RESULT: {"script":"<script> [5351 bytes]","args":[{"element-6066-11e4-a52e-4f735466cecf":"f.73BB2000E1F4E36FD864906F51978B2B.d.09B8A4CB6A7B1ACF5AFE23F3671DCA9B.e.23884","ELEMENT":"f.73BB2000E1F4E36FD864906F51978B2B.d.09B8A4CB6A7B1ACF5AFE23F3671DCA9B.e.23884"}]}
COMMAND: GET /session/d4f675b322105372b3380f2dea3f05ac/screenshot - {}
RESULT: {}
RESULT: {}
COMMAND: POST /session/d4f675b322105372b3380f2dea3f05ac/element/f.73BB2000E1F4E36FD864906F51978B2B.d.09B8A4CB6A7B1ACF5AFE23F3671DCA9B.e.23884/clear - {}
RESULT: {}
COMMAND: POST /session/d4f675b322105372b3380f2dea3f05ac/element/f.73BB2000E1F4E36FD864906F51978B2B.d.09B8A4CB6A7B1ACF5AFE23F3671DCA9B.e.23884/value - {"text":"422"}
COMMAND: GET /session/d4f675b322105372b3380f2dea3f05ac/screenshot - {}
RESULT: {"text":"422"}
COMMAND: POST /session/d4f675b322105372b3380f2dea3f05ac/actions - {"actions":[{"id":"action75","type":"key","parameters":{},"actions":[{"type":"keyDown","value":""},{"type":"pause","duration":10},{"type":"keyUp","value":""}]}]}
COMMAND: GET /session/d4f675b322105372b3380f2dea3f05ac/screenshot - {}
RESULT: {}
RESULT: {"actions":[{"id":"action75","type":"key","parameters":{},"actions":[{"type":"keyDown","value":""},{"type":"pause","duration":10},{"type":"keyUp","value":""}]}]}
COMMAND: GET /session/d4f675b322105372b3380f2dea3f05ac/screenshot - {}
RESULT: {}
RESULT: {}
COMMAND: POST /session/d4f675b322105372b3380f2dea3f05ac/element - {"using":"xpath","value":"//button[contains(@data-kt, \"MasterMovementAddOverflowToolbarButton\")]"}
RESULT: {"using":"xpath","value":"//button[contains(@data-kt, \"MasterMovementAddOverflowToolbarButton\")]"}
COMMAND: POST /session/d4f675b322105372b3380f2dea3f05ac/element/f.73BB2000E1F4E36FD864906F51978B2B.d.09B8A4CB6A7B1ACF5AFE23F3671DCA9B.e.23908/click - {}
RESULT: {}
COMMAND: GET /session/d4f675b322105372b3380f2dea3f05ac/screenshot - {}
RESULT: {}
COMMAND: POST /session/d4f675b322105372b3380f2dea3f05ac/element - {"using":"xpath","value":"//*[@id=\"application-warehousemovements-display-component---addMovement--sectionsList-arrow\"]"}
RESULT: {"using":"xpath","value":"//*[@id=\"application-warehousemovements-display-component---addMovement--sectionsList-arrow\"]"}
COMMAND: POST /session/d4f675b322105372b3380f2dea3f05ac/element/f.73BB2000E1F4E36FD864906F51978B2B.d.09B8A4CB6A7B1ACF5AFE23F3671DCA9B.e.24113/click - {}
RESULT: {}
COMMAND: POST /session/d4f675b322105372b3380f2dea3f05ac/actions - {"actions":[{"id":"action76","type":"key","parameters":{},"actions":[{"type":"keyDown","value":""},{"type":"pause","duration":10},{"type":"keyUp","value":""}]}]}
COMMAND: GET /session/d4f675b322105372b3380f2dea3f05ac/screenshot - {}
RESULT: {"actions":[{"id":"action76","type":"key","parameters":{},"actions":[{"type":"keyDown","value":""},{"type":"pause","duration":10},{"type":"keyUp","value":""}]}]}
COMMAND: GET /session/d4f675b322105372b3380f2dea3f05ac/screenshot - {}
RESULT: {}
RESULT: {}
COMMAND: POST /session/d4f675b322105372b3380f2dea3f05ac/actions - {"actions":[{"id":"action77","type":"key","parameters":{},"actions":[{"type":"keyDown","value":""},{"type":"pause","duration":10},{"type":"keyUp","value":""}]}]}
RESULT: {"actions":[{"id":"action77","type":"key","parameters":{},"actions":[{"type":"keyDown","value":""},{"type":"pause","duration":10},{"type":"keyUp","value":""}]}]}
COMMAND: GET /session/d4f675b322105372b3380f2dea3f05ac/screenshot - {}
RESULT: {}
COMMAND: POST /session/d4f675b322105372b3380f2dea3f05ac/element - {"using":"xpath","value":"//*[@id=\"application-warehousemovements-display-component---addMovement--saveMovementBtn-BDI-content\" and text()=\"Save\"]"}
RESULT: {"using":"xpath","value":"//*[@id=\"application-warehousemovements-display-component---addMovement--saveMovementBtn-BDI-content\" and text()=\"Save\"]"}
COMMAND: POST /session/d4f675b322105372b3380f2dea3f05ac/element/f.73BB2000E1F4E36FD864906F51978B2B.d.09B8A4CB6A7B1ACF5AFE23F3671DCA9B.e.24116/click - {}
RESULT: {}
COMMAND: GET /session/d4f675b322105372b3380f2dea3f05ac/screenshot - {}
RESULT: {}
COMMAND: POST /session/d4f675b322105372b3380f2dea3f05ac/element - {"using":"css selector","value":"#shell-header-logo"}
RESULT: {"using":"css selector","value":"#shell-header-logo"}
COMMAND: POST /session/d4f675b322105372b3380f2dea3f05ac/element/f.73BB2000E1F4E36FD864906F51978B2B.d.09B8A4CB6A7B1ACF5AFE23F3671DCA9B.e.23865/click - {}
RESULT: {}
COMMAND: GET /session/d4f675b322105372b3380f2dea3f05ac/screenshot - {}
RESULT: {}
]]></system-out>
    </testcase>
    <testcase classname="chrome.136_0_7103_93.windows.Create_masterdata_for_Yard_Overview_-_trigger_provide_US130988" name="Should do a stock increase handover for equipment" time="85.348">
      <system-out><![CDATA[
COMMAND: POST /session/d4f675b322105372b3380f2dea3f05ac/execute/async - {"script":"<script> [1562 bytes]","args":[{"selector":{"controlType":"sap.m.GenericTile","properties":{"header":"Manage Handovers"}},"wdio_ui5_key":"sapm.GenericTile{\"header\":\"Manage Handovers\"}"}]}
RESULT: {"script":"<script> [1562 bytes]","args":[{"selector":{"controlType":"sap.m.GenericTile","properties":{"header":"Manage Handovers"}},"wdio_ui5_key":"sapm.GenericTile{\"header\":\"Manage Handovers\"}"}]}
RESULT: undefined
COMMAND: POST /session/d4f675b322105372b3380f2dea3f05ac/element - {"using":"xpath","value":"//*[@id=\"__tile130\"]"}
RESULT: {"using":"xpath","value":"//*[@id=\"__tile130\"]"}
COMMAND: POST /session/d4f675b322105372b3380f2dea3f05ac/element/f.73BB2000E1F4E36FD864906F51978B2B.d.09B8A4CB6A7B1ACF5AFE23F3671DCA9B.e.23177/click - {}
RESULT: {}
COMMAND: GET /session/d4f675b322105372b3380f2dea3f05ac/screenshot - {}
RESULT: {}
COMMAND: POST /session/d4f675b322105372b3380f2dea3f05ac/elements - {"using":"xpath","value":"//span[text()='Error']"}
RESULT: {"using":"xpath","value":"//span[text()='Error']"}
COMMAND: POST /session/d4f675b322105372b3380f2dea3f05ac/element - {"using":"xpath","value":"//button[@data-kt=\"masterHOAddButton\"]"}
RESULT: {"using":"xpath","value":"//button[@data-kt=\"masterHOAddButton\"]"}
COMMAND: POST /session/d4f675b322105372b3380f2dea3f05ac/elements - {"using":"xpath","value":"//button[@data-kt=\"masterHOAddButton\"]"}
RESULT: {"using":"xpath","value":"//button[@data-kt=\"masterHOAddButton\"]"}
COMMAND: POST /session/d4f675b322105372b3380f2dea3f05ac/execute/sync - {"script":"<script> [8489 bytes]","args":[{"element-6066-11e4-a52e-4f735466cecf":"f.73BB2000E1F4E36FD864906F51978B2B.d.09B8A4CB6A7B1ACF5AFE23F3671DCA9B.e.24274","ELEMENT":"f.73BB2000E1F4E36FD864906F51978B2B.d.09B8A4CB6A7B1ACF5AFE23F3671DCA9B.e.24274"}]}
RESULT: {"script":"<script> [8489 bytes]","args":[{"element-6066-11e4-a52e-4f735466cecf":"f.73BB2000E1F4E36FD864906F51978B2B.d.09B8A4CB6A7B1ACF5AFE23F3671DCA9B.e.24274","ELEMENT":"f.73BB2000E1F4E36FD864906F51978B2B.d.09B8A4CB6A7B1ACF5AFE23F3671DCA9B.e.24274"}]}
COMMAND: GET /session/d4f675b322105372b3380f2dea3f05ac/element/f.73BB2000E1F4E36FD864906F51978B2B.d.09B8A4CB6A7B1ACF5AFE23F3671DCA9B.e.24274/enabled - {}
COMMAND: GET /session/d4f675b322105372b3380f2dea3f05ac/screenshot - {}
RESULT: {}
COMMAND: POST /session/d4f675b322105372b3380f2dea3f05ac/execute/sync - {"script":"<script> [8489 bytes]","args":[{"element-6066-11e4-a52e-4f735466cecf":"f.73BB2000E1F4E36FD864906F51978B2B.d.09B8A4CB6A7B1ACF5AFE23F3671DCA9B.e.24274","ELEMENT":"f.73BB2000E1F4E36FD864906F51978B2B.d.09B8A4CB6A7B1ACF5AFE23F3671DCA9B.e.24274"}]}
COMMAND: GET /session/d4f675b322105372b3380f2dea3f05ac/screenshot - {}
RESULT: {}
RESULT: {"script":"<script> [8489 bytes]","args":[{"element-6066-11e4-a52e-4f735466cecf":"f.73BB2000E1F4E36FD864906F51978B2B.d.09B8A4CB6A7B1ACF5AFE23F3671DCA9B.e.24274","ELEMENT":"f.73BB2000E1F4E36FD864906F51978B2B.d.09B8A4CB6A7B1ACF5AFE23F3671DCA9B.e.24274"}]}
COMMAND: POST /session/d4f675b322105372b3380f2dea3f05ac/execute/sync - {"script":"<script> [5351 bytes]","args":[{"element-6066-11e4-a52e-4f735466cecf":"f.73BB2000E1F4E36FD864906F51978B2B.d.09B8A4CB6A7B1ACF5AFE23F3671DCA9B.e.24274","ELEMENT":"f.73BB2000E1F4E36FD864906F51978B2B.d.09B8A4CB6A7B1ACF5AFE23F3671DCA9B.e.24274"}]}
COMMAND: GET /session/d4f675b322105372b3380f2dea3f05ac/screenshot - {}
RESULT: {}
RESULT: {"script":"<script> [5351 bytes]","args":[{"element-6066-11e4-a52e-4f735466cecf":"f.73BB2000E1F4E36FD864906F51978B2B.d.09B8A4CB6A7B1ACF5AFE23F3671DCA9B.e.24274","ELEMENT":"f.73BB2000E1F4E36FD864906F51978B2B.d.09B8A4CB6A7B1ACF5AFE23F3671DCA9B.e.24274"}]}
COMMAND: POST /session/d4f675b322105372b3380f2dea3f05ac/element/f.73BB2000E1F4E36FD864906F51978B2B.d.09B8A4CB6A7B1ACF5AFE23F3671DCA9B.e.24274/click - {}
COMMAND: GET /session/d4f675b322105372b3380f2dea3f05ac/screenshot - {}
RESULT: {}
RESULT: {}
COMMAND: GET /session/d4f675b322105372b3380f2dea3f05ac/screenshot - {}
RESULT: {}
RESULT: {}
COMMAND: POST /session/d4f675b322105372b3380f2dea3f05ac/element - {"using":"xpath","value":"//span[contains(@id ,\"AddNewHO--typeSelect-arrow\")]"}
RESULT: {"using":"xpath","value":"//span[contains(@id ,\"AddNewHO--typeSelect-arrow\")]"}
COMMAND: POST /session/d4f675b322105372b3380f2dea3f05ac/element/f.73BB2000E1F4E36FD864906F51978B2B.d.09B8A4CB6A7B1ACF5AFE23F3671DCA9B.e.24626/click - {}
RESULT: {}
COMMAND: GET /session/d4f675b322105372b3380f2dea3f05ac/screenshot - {}
RESULT: {}
COMMAND: POST /session/d4f675b322105372b3380f2dea3f05ac/element - {"using":"xpath","value":"(//li[contains(text(), \"stock increase yard\")])[1]"}
RESULT: {"using":"xpath","value":"(//li[contains(text(), \"stock increase yard\")])[1]"}
COMMAND: POST /session/d4f675b322105372b3380f2dea3f05ac/element/f.73BB2000E1F4E36FD864906F51978B2B.d.09B8A4CB6A7B1ACF5AFE23F3671DCA9B.e.24627/click - {}
RESULT: {}
COMMAND: GET /session/d4f675b322105372b3380f2dea3f05ac/screenshot - {}
RESULT: {}
COMMAND: POST /session/d4f675b322105372b3380f2dea3f05ac/execute/async - {"script":"<script> [1562 bytes]","args":[{"selector":{"id":"application-managehandovers-display-component---AddNewHO--dueDate","interaction":{"idSuffix":"inner"}},"wdio_ui5_key":"applicationmanagehandovers-display-component---AddNewHO--dueDate"}]}
RESULT: {"script":"<script> [1562 bytes]","args":[{"selector":{"id":"application-managehandovers-display-component---AddNewHO--dueDate","interaction":{"idSuffix":"inner"}},"wdio_ui5_key":"applicationmanagehandovers-display-component---AddNewHO--dueDate"}]}
RESULT: undefined
COMMAND: POST /session/d4f675b322105372b3380f2dea3f05ac/execute/async - {"script":"<script> [6424 bytes]","args":[{"element-6066-11e4-a52e-4f735466cecf":"f.73BB2000E1F4E36FD864906F51978B2B.d.09B8A4CB6A7B1ACF5AFE23F3671DCA9B.e.24629"},"setValue",["5/28/25"]]}
RESULT: {"script":"<script> [6424 bytes]","args":[{"element-6066-11e4-a52e-4f735466cecf":"f.73BB2000E1F4E36FD864906F51978B2B.d.09B8A4CB6A7B1ACF5AFE23F3671DCA9B.e.24629"},"setValue",["5/28/25"]]}
COMMAND: POST /session/d4f675b322105372b3380f2dea3f05ac/element - {"using":"xpath","value":"//input[@id=\"generalSectionFrg--receiveYard-inner\"]"}
RESULT: {"using":"xpath","value":"//input[@id=\"generalSectionFrg--receiveYard-inner\"]"}
COMMAND: POST /session/d4f675b322105372b3380f2dea3f05ac/element/f.73BB2000E1F4E36FD864906F51978B2B.d.09B8A4CB6A7B1ACF5AFE23F3671DCA9B.e.24635/clear - {}
RESULT: {}
COMMAND: POST /session/d4f675b322105372b3380f2dea3f05ac/element/f.73BB2000E1F4E36FD864906F51978B2B.d.09B8A4CB6A7B1ACF5AFE23F3671DCA9B.e.24635/value - {"text":"422"}
COMMAND: GET /session/d4f675b322105372b3380f2dea3f05ac/screenshot - {}
RESULT: {"text":"422"}
COMMAND: GET /session/d4f675b322105372b3380f2dea3f05ac/screenshot - {}
RESULT: {}
RESULT: {}
COMMAND: POST /session/d4f675b322105372b3380f2dea3f05ac/element - {"using":"xpath","value":"//li[.//span[text()='422']]"}
RESULT: {"using":"xpath","value":"//li[.//span[text()='422']]"}
COMMAND: POST /session/d4f675b322105372b3380f2dea3f05ac/element/f.73BB2000E1F4E36FD864906F51978B2B.d.09B8A4CB6A7B1ACF5AFE23F3671DCA9B.e.24651/click - {}
RESULT: {}
COMMAND: GET /session/d4f675b322105372b3380f2dea3f05ac/screenshot - {}
RESULT: {}
COMMAND: POST /session/d4f675b322105372b3380f2dea3f05ac/execute/async - {"script":"<script> [1562 bytes]","args":[{"selector":{"id":"application-managehandovers-display-component---AddNewHO--ObjectPageLayout-anchBar-application-managehandovers-display-component---AddNewHO--section4-anchor","interaction":{"idSuffix":"BDI-content"}},"wdio_ui5_key":"applicationmanagehandovers-display-component---AddNewHO--ObjectPageLayout-anchBar-application-managehandovers-display-component---AddNewHO--section4-anchor"}]}
RESULT: {"script":"<script> [1562 bytes]","args":[{"selector":{"id":"application-managehandovers-display-component---AddNewHO--ObjectPageLayout-anchBar-application-managehandovers-display-component---AddNewHO--section4-anchor","interaction":{"idSuffix":"BDI-content"}},"wdio_ui5_key":"applicationmanagehandovers-display-component---AddNewHO--ObjectPageLayout-anchBar-application-managehandovers-display-component---AddNewHO--section4-anchor"}]}
RESULT: undefined
COMMAND: POST /session/d4f675b322105372b3380f2dea3f05ac/element - {"using":"xpath","value":"//*[@id=\"application-managehandovers-display-component---AddNewHO--ObjectPageLayout-anchBar-application-managehandovers-display-component---AddNewHO--section4-anchor\"]"}
RESULT: {"using":"xpath","value":"//*[@id=\"application-managehandovers-display-component---AddNewHO--ObjectPageLayout-anchBar-application-managehandovers-display-component---AddNewHO--section4-anchor\"]"}
COMMAND: POST /session/d4f675b322105372b3380f2dea3f05ac/element/f.73BB2000E1F4E36FD864906F51978B2B.d.09B8A4CB6A7B1ACF5AFE23F3671DCA9B.e.24653/click - {}
RESULT: {}
COMMAND: POST /session/d4f675b322105372b3380f2dea3f05ac/element - {"using":"xpath","value":"//button[@aria-label=\"Add\"]"}
COMMAND: GET /session/d4f675b322105372b3380f2dea3f05ac/screenshot - {}
RESULT: {"using":"xpath","value":"//button[@aria-label=\"Add\"]"}
COMMAND: POST /session/d4f675b322105372b3380f2dea3f05ac/element/f.73BB2000E1F4E36FD864906F51978B2B.d.09B8A4CB6A7B1ACF5AFE23F3671DCA9B.e.24655/click - {}
RESULT: {}
RESULT: {}
COMMAND: GET /session/d4f675b322105372b3380f2dea3f05ac/screenshot - {}
RESULT: {}
COMMAND: POST /session/d4f675b322105372b3380f2dea3f05ac/execute/async - {"script":"<script> [1562 bytes]","args":[{"selector":{"id":"application-managehandovers-display-component---AddNewHO--smartFilterBar-btnBasicSearch","searchOpenDialogs":true,"interaction":{"idSuffix":"I"}},"wdio_ui5_key":"applicationmanagehandovers-display-component---AddNewHO--smartFilterBar-btnBasicSearch"}]}
RESULT: {"script":"<script> [1562 bytes]","args":[{"selector":{"id":"application-managehandovers-display-component---AddNewHO--smartFilterBar-btnBasicSearch","searchOpenDialogs":true,"interaction":{"idSuffix":"I"}},"wdio_ui5_key":"applicationmanagehandovers-display-component---AddNewHO--smartFilterBar-btnBasicSearch"}]}
RESULT: undefined
COMMAND: POST /session/d4f675b322105372b3380f2dea3f05ac/execute/async - {"script":"<script> [776 bytes]","args":[{"enterText":"200243","selector":{"id":"application-managehandovers-display-component---AddNewHO--smartFilterBar-btnBasicSearch","searchOpenDialogs":true,"interaction":{"idSuffix":"I"}},"clearTextFirst":true,"interactionType":"ENTER_TEXT"}]}
RESULT: {"script":"<script> [776 bytes]","args":[{"enterText":"200243","selector":{"id":"application-managehandovers-display-component---AddNewHO--smartFilterBar-btnBasicSearch","searchOpenDialogs":true,"interaction":{"idSuffix":"I"}},"clearTextFirst":true,"interactionType":"ENTER_TEXT"}]}
COMMAND: POST /session/d4f675b322105372b3380f2dea3f05ac/actions - {"actions":[{"id":"action78","type":"key","parameters":{},"actions":[{"type":"keyDown","value":""},{"type":"pause","duration":10},{"type":"keyUp","value":""}]}]}
RESULT: {"actions":[{"id":"action78","type":"key","parameters":{},"actions":[{"type":"keyDown","value":""},{"type":"pause","duration":10},{"type":"keyUp","value":""}]}]}
COMMAND: GET /session/d4f675b322105372b3380f2dea3f05ac/screenshot - {}
RESULT: {}
COMMAND: POST /session/d4f675b322105372b3380f2dea3f05ac/execute/async - {"script":"<script> [1562 bytes]","args":[{"selector":{"id":"application-managehandovers-display-component---AddNewHO--popup-sa","searchOpenDialogs":true,"interaction":{"idSuffix":"CbBg"}},"wdio_ui5_key":"applicationmanagehandovers-display-component---AddNewHO--popup-sa"}]}
RESULT: {"script":"<script> [1562 bytes]","args":[{"selector":{"id":"application-managehandovers-display-component---AddNewHO--popup-sa","searchOpenDialogs":true,"interaction":{"idSuffix":"CbBg"}},"wdio_ui5_key":"applicationmanagehandovers-display-component---AddNewHO--popup-sa"}]}
RESULT: undefined
COMMAND: POST /session/d4f675b322105372b3380f2dea3f05ac/element - {"using":"xpath","value":"//*[@id=\"application-managehandovers-display-component---AddNewHO--popup-sa\"]"}
RESULT: {"using":"xpath","value":"//*[@id=\"application-managehandovers-display-component---AddNewHO--popup-sa\"]"}
COMMAND: POST /session/d4f675b322105372b3380f2dea3f05ac/element/f.73BB2000E1F4E36FD864906F51978B2B.d.09B8A4CB6A7B1ACF5AFE23F3671DCA9B.e.24809/click - {}
RESULT: {}
COMMAND: GET /session/d4f675b322105372b3380f2dea3f05ac/screenshot - {}
RESULT: {}
COMMAND: POST /session/d4f675b322105372b3380f2dea3f05ac/element - {"using":"xpath","value":"//bdi[contains(text(), \"Select\")]"}
RESULT: {"using":"xpath","value":"//bdi[contains(text(), \"Select\")]"}
COMMAND: POST /session/d4f675b322105372b3380f2dea3f05ac/element/f.73BB2000E1F4E36FD864906F51978B2B.d.09B8A4CB6A7B1ACF5AFE23F3671DCA9B.e.24810/click - {}
RESULT: {}
COMMAND: GET /session/d4f675b322105372b3380f2dea3f05ac/screenshot - {}
RESULT: {}
COMMAND: POST /session/d4f675b322105372b3380f2dea3f05ac/element - {"using":"xpath","value":"//button[@data-kt=\"AddNewHOSaveButton\"]"}
RESULT: {"using":"xpath","value":"//button[@data-kt=\"AddNewHOSaveButton\"]"}
COMMAND: POST /session/d4f675b322105372b3380f2dea3f05ac/element/f.73BB2000E1F4E36FD864906F51978B2B.d.09B8A4CB6A7B1ACF5AFE23F3671DCA9B.e.24814/click - {}
RESULT: {}
COMMAND: GET /session/d4f675b322105372b3380f2dea3f05ac/screenshot - {}
RESULT: {}
COMMAND: POST /session/d4f675b322105372b3380f2dea3f05ac/execute/async - {"script":"<script> [1562 bytes]","args":[{"selector":{"id":"receiptDatePicker","viewName":"etm.portal.ui.managehandovers.view.DetailExecuteHO","interaction":{"idSuffix":"inner"}},"wdio_ui5_key":"receiptDatePickeretmportal.ui.managehandovers.view.DetailExecuteHO"}]}
RESULT: {"script":"<script> [1562 bytes]","args":[{"selector":{"id":"receiptDatePicker","viewName":"etm.portal.ui.managehandovers.view.DetailExecuteHO","interaction":{"idSuffix":"inner"}},"wdio_ui5_key":"receiptDatePickeretmportal.ui.managehandovers.view.DetailExecuteHO"}]}
RESULT: undefined
COMMAND: POST /session/d4f675b322105372b3380f2dea3f05ac/execute/async - {"script":"<script> [6424 bytes]","args":[{"element-6066-11e4-a52e-4f735466cecf":"f.73BB2000E1F4E36FD864906F51978B2B.d.09B8A4CB6A7B1ACF5AFE23F3671DCA9B.e.24844"},"setValue",["5/28/25"]]}
RESULT: {"script":"<script> [6424 bytes]","args":[{"element-6066-11e4-a52e-4f735466cecf":"f.73BB2000E1F4E36FD864906F51978B2B.d.09B8A4CB6A7B1ACF5AFE23F3671DCA9B.e.24844"},"setValue",["5/28/25"]]}
COMMAND: POST /session/d4f675b322105372b3380f2dea3f05ac/element - {"using":"xpath","value":"//button[@data-kt=\"ReceivingTableConfirmAllButton\"]"}
RESULT: {"using":"xpath","value":"//button[@data-kt=\"ReceivingTableConfirmAllButton\"]"}
COMMAND: POST /session/d4f675b322105372b3380f2dea3f05ac/element/f.73BB2000E1F4E36FD864906F51978B2B.d.09B8A4CB6A7B1ACF5AFE23F3671DCA9B.e.24861/click - {}
RESULT: {}
COMMAND: GET /session/d4f675b322105372b3380f2dea3f05ac/screenshot - {}
RESULT: {}
COMMAND: POST /session/d4f675b322105372b3380f2dea3f05ac/element - {"using":"xpath","value":"//bdi[contains(text(), \"OK\")]"}
RESULT: {"using":"xpath","value":"//bdi[contains(text(), \"OK\")]"}
COMMAND: POST /session/d4f675b322105372b3380f2dea3f05ac/element/f.73BB2000E1F4E36FD864906F51978B2B.d.09B8A4CB6A7B1ACF5AFE23F3671DCA9B.e.24863/click - {}
RESULT: {}
COMMAND: GET /session/d4f675b322105372b3380f2dea3f05ac/screenshot - {}
RESULT: {}
COMMAND: POST /session/d4f675b322105372b3380f2dea3f05ac/element - {"using":"xpath","value":"(//bdi[contains(text(), \"Receive\")])[2]"}
RESULT: {"using":"xpath","value":"(//bdi[contains(text(), \"Receive\")])[2]"}
COMMAND: POST /session/d4f675b322105372b3380f2dea3f05ac/element/f.73BB2000E1F4E36FD864906F51978B2B.d.09B8A4CB6A7B1ACF5AFE23F3671DCA9B.e.24865/click - {}
RESULT: {}
COMMAND: GET /session/d4f675b322105372b3380f2dea3f05ac/screenshot - {}
RESULT: {}
COMMAND: POST /session/d4f675b322105372b3380f2dea3f05ac/element - {"using":"css selector","value":"#shell-header-logo"}
RESULT: {"using":"css selector","value":"#shell-header-logo"}
COMMAND: POST /session/d4f675b322105372b3380f2dea3f05ac/element/f.73BB2000E1F4E36FD864906F51978B2B.d.09B8A4CB6A7B1ACF5AFE23F3671DCA9B.e.24234/click - {}
RESULT: {}
COMMAND: GET /session/d4f675b322105372b3380f2dea3f05ac/screenshot - {}
RESULT: {}
]]></system-out>
    </testcase>
    <testcase classname="chrome.136_0_7103_93.windows.Create_masterdata_for_Yard_Overview_-_trigger_provide_US130988" name="Set status to defect" time="55.853">
      <system-out><![CDATA[
COMMAND: POST /session/d4f675b322105372b3380f2dea3f05ac/execute/async - {"script":"<script> [1562 bytes]","args":[{"selector":{"controlType":"sap.m.GenericTile","properties":{"header":"Manage States & Performance"}},"wdio_ui5_key":"sapm.GenericTile{\"header\":\"Manage States & Performance\"}"}]}
RESULT: {"script":"<script> [1562 bytes]","args":[{"selector":{"controlType":"sap.m.GenericTile","properties":{"header":"Manage States & Performance"}},"wdio_ui5_key":"sapm.GenericTile{\"header\":\"Manage States & Performance\"}"}]}
RESULT: undefined
COMMAND: POST /session/d4f675b322105372b3380f2dea3f05ac/element - {"using":"xpath","value":"//*[@id=\"__tile96\"]"}
RESULT: {"using":"xpath","value":"//*[@id=\"__tile96\"]"}
COMMAND: POST /session/d4f675b322105372b3380f2dea3f05ac/element/f.73BB2000E1F4E36FD864906F51978B2B.d.09B8A4CB6A7B1ACF5AFE23F3671DCA9B.e.23221/click - {}
RESULT: {}
COMMAND: GET /session/d4f675b322105372b3380f2dea3f05ac/screenshot - {}
RESULT: {}
COMMAND: POST /session/d4f675b322105372b3380f2dea3f05ac/elements - {"using":"xpath","value":"//span[text()='Error']"}
RESULT: {"using":"xpath","value":"//span[text()='Error']"}
COMMAND: POST /session/d4f675b322105372b3380f2dea3f05ac/execute/async - {"script":"<script> [1562 bytes]","args":[{"selector":{"controlType":"sap.ui.core.Icon","viewName":"etm.portal.ui.managestatesandperformance.view.Master","viewId":"application-managestatesandperformance-display-component---stateAndPerform","properties":{"src":{"regex":{"source":"inventory"}}}},"wdio_ui5_key":"etmportal.ui.managestatesandperformance.view.Mastersap.ui.core.Icon{\"src\":{\"regex\":{\"source\":\"inventory\"}}}"}]}
RESULT: {"script":"<script> [1562 bytes]","args":[{"selector":{"controlType":"sap.ui.core.Icon","viewName":"etm.portal.ui.managestatesandperformance.view.Master","viewId":"application-managestatesandperformance-display-component---stateAndPerform","properties":{"src":{"regex":{"source":"inventory"}}}},"wdio_ui5_key":"etmportal.ui.managestatesandperformance.view.Mastersap.ui.core.Icon{\"src\":{\"regex\":{\"source\":\"inventory\"}}}"}]}
RESULT: undefined
COMMAND: POST /session/d4f675b322105372b3380f2dea3f05ac/element - {"using":"xpath","value":"//*[@id=\"__filter57-icon\"]"}
RESULT: {"using":"xpath","value":"//*[@id=\"__filter57-icon\"]"}
COMMAND: POST /session/d4f675b322105372b3380f2dea3f05ac/element/f.73BB2000E1F4E36FD864906F51978B2B.d.09B8A4CB6A7B1ACF5AFE23F3671DCA9B.e.25138/click - {}
RESULT: {}
COMMAND: POST /session/d4f675b322105372b3380f2dea3f05ac/execute/async - {"script":"<script> [1562 bytes]","args":[{"selector":{"id":"application-managestatesandperformance-display-component---stateAndPerform--smartFilterBarYard-btnBasicSearch","interaction":{"idSuffix":"I"}},"wdio_ui5_key":"applicationmanagestatesandperformance-display-component---stateAndPerform--smartFilterBarYard-btnBasicSearch"}]}
COMMAND: GET /session/d4f675b322105372b3380f2dea3f05ac/screenshot - {}
RESULT: {"script":"<script> [1562 bytes]","args":[{"selector":{"id":"application-managestatesandperformance-display-component---stateAndPerform--smartFilterBarYard-btnBasicSearch","interaction":{"idSuffix":"I"}},"wdio_ui5_key":"applicationmanagestatesandperformance-display-component---stateAndPerform--smartFilterBarYard-btnBasicSearch"}]}
RESULT: undefined
COMMAND: POST /session/d4f675b322105372b3380f2dea3f05ac/execute/async - {"script":"<script> [776 bytes]","args":[{"enterText":"200243","selector":{"id":"application-managestatesandperformance-display-component---stateAndPerform--smartFilterBarYard-btnBasicSearch","interaction":{"idSuffix":"I"}},"clearTextFirst":true,"interactionType":"ENTER_TEXT"}]}
RESULT: {}
RESULT: {"script":"<script> [776 bytes]","args":[{"enterText":"200243","selector":{"id":"application-managestatesandperformance-display-component---stateAndPerform--smartFilterBarYard-btnBasicSearch","interaction":{"idSuffix":"I"}},"clearTextFirst":true,"interactionType":"ENTER_TEXT"}]}
COMMAND: POST /session/d4f675b322105372b3380f2dea3f05ac/actions - {"actions":[{"id":"action79","type":"key","parameters":{},"actions":[{"type":"keyDown","value":""},{"type":"pause","duration":10},{"type":"keyUp","value":""}]}]}
RESULT: {"actions":[{"id":"action79","type":"key","parameters":{},"actions":[{"type":"keyDown","value":""},{"type":"pause","duration":10},{"type":"keyUp","value":""}]}]}
COMMAND: GET /session/d4f675b322105372b3380f2dea3f05ac/screenshot - {}
RESULT: {}
COMMAND: POST /session/d4f675b322105372b3380f2dea3f05ac/element - {"using":"xpath","value":"(//span[contains(@id, \"imgNav\")])[1]"}
RESULT: {"using":"xpath","value":"(//span[contains(@id, \"imgNav\")])[1]"}
COMMAND: POST /session/d4f675b322105372b3380f2dea3f05ac/element/f.73BB2000E1F4E36FD864906F51978B2B.d.09B8A4CB6A7B1ACF5AFE23F3671DCA9B.e.25217/click - {}
RESULT: {}
COMMAND: GET /session/d4f675b322105372b3380f2dea3f05ac/screenshot - {}
RESULT: {}
COMMAND: POST /session/d4f675b322105372b3380f2dea3f05ac/execute/async - {"script":"<script> [1562 bytes]","args":[{"selector":{"controlType":"sap.m.Button","viewName":"etm.portal.ui.managestatesandperformance.view.Detail","viewId":"application-managestatesandperformance-display-component---detailStateAndPerform","i18NText":{"propertyName":"text","key":"createStateChange"},"interaction":{"idSuffix":"content"}},"wdio_ui5_key":"etmportal.ui.managestatesandperformance.view.Detailsap.m.Button{\"propertyName\":\"text\",\"key\":\"createStateChange\"}"}]}
RESULT: {"script":"<script> [1562 bytes]","args":[{"selector":{"controlType":"sap.m.Button","viewName":"etm.portal.ui.managestatesandperformance.view.Detail","viewId":"application-managestatesandperformance-display-component---detailStateAndPerform","i18NText":{"propertyName":"text","key":"createStateChange"},"interaction":{"idSuffix":"content"}},"wdio_ui5_key":"etmportal.ui.managestatesandperformance.view.Detailsap.m.Button{\"propertyName\":\"text\",\"key\":\"createStateChange\"}"}]}
RESULT: undefined
COMMAND: POST /session/d4f675b322105372b3380f2dea3f05ac/element - {"using":"xpath","value":"//*[@id=\"__button185\"]"}
RESULT: {"using":"xpath","value":"//*[@id=\"__button185\"]"}
COMMAND: POST /session/d4f675b322105372b3380f2dea3f05ac/element/f.73BB2000E1F4E36FD864906F51978B2B.d.09B8A4CB6A7B1ACF5AFE23F3671DCA9B.e.25264/click - {}
RESULT: {}
COMMAND: GET /session/d4f675b322105372b3380f2dea3f05ac/screenshot - {}
RESULT: {}
COMMAND: POST /session/d4f675b322105372b3380f2dea3f05ac/execute/async - {"script":"<script> [1562 bytes]","args":[{"selector":{"id":"addStateDialog--stateSelect","searchOpenDialogs":true,"interaction":{"idSuffix":"arrow"}},"wdio_ui5_key":"addStateDialogstateSelect"}]}
RESULT: {"script":"<script> [1562 bytes]","args":[{"selector":{"id":"addStateDialog--stateSelect","searchOpenDialogs":true,"interaction":{"idSuffix":"arrow"}},"wdio_ui5_key":"addStateDialogstateSelect"}]}
RESULT: undefined
COMMAND: POST /session/d4f675b322105372b3380f2dea3f05ac/element - {"using":"xpath","value":"//*[@id=\"addStateDialog--stateSelect\"]"}
RESULT: {"using":"xpath","value":"//*[@id=\"addStateDialog--stateSelect\"]"}
COMMAND: POST /session/d4f675b322105372b3380f2dea3f05ac/element/f.73BB2000E1F4E36FD864906F51978B2B.d.09B8A4CB6A7B1ACF5AFE23F3671DCA9B.e.25297/click - {}
RESULT: {}
COMMAND: GET /session/d4f675b322105372b3380f2dea3f05ac/screenshot - {}
RESULT: {}
COMMAND: POST /session/d4f675b322105372b3380f2dea3f05ac/element - {"using":"xpath","value":"//li[text()=\"defect\"]"}
RESULT: {"using":"xpath","value":"//li[text()=\"defect\"]"}
COMMAND: POST /session/d4f675b322105372b3380f2dea3f05ac/element/f.73BB2000E1F4E36FD864906F51978B2B.d.09B8A4CB6A7B1ACF5AFE23F3671DCA9B.e.25299/click - {}
RESULT: {}
COMMAND: GET /session/d4f675b322105372b3380f2dea3f05ac/screenshot - {}
RESULT: {}
COMMAND: POST /session/d4f675b322105372b3380f2dea3f05ac/element - {"using":"xpath","value":"//span[contains(@id,\"incrementBtn\")]"}
RESULT: {"using":"xpath","value":"//span[contains(@id,\"incrementBtn\")]"}
COMMAND: POST /session/d4f675b322105372b3380f2dea3f05ac/element/f.73BB2000E1F4E36FD864906F51978B2B.d.09B8A4CB6A7B1ACF5AFE23F3671DCA9B.e.25301/click - {}
RESULT: {}
COMMAND: GET /session/d4f675b322105372b3380f2dea3f05ac/screenshot - {}
RESULT: {}
COMMAND: POST /session/d4f675b322105372b3380f2dea3f05ac/element - {"using":"xpath","value":"//button[@data-kt=\"confirmAddStateButton\"]"}
RESULT: {"using":"xpath","value":"//button[@data-kt=\"confirmAddStateButton\"]"}
COMMAND: POST /session/d4f675b322105372b3380f2dea3f05ac/element/f.73BB2000E1F4E36FD864906F51978B2B.d.09B8A4CB6A7B1ACF5AFE23F3671DCA9B.e.25302/click - {}
RESULT: {}
COMMAND: GET /session/d4f675b322105372b3380f2dea3f05ac/screenshot - {}
RESULT: {}
COMMAND: POST /session/d4f675b322105372b3380f2dea3f05ac/element - {"using":"css selector","value":"#shell-header-logo"}
RESULT: {"using":"css selector","value":"#shell-header-logo"}
COMMAND: POST /session/d4f675b322105372b3380f2dea3f05ac/element/f.73BB2000E1F4E36FD864906F51978B2B.d.09B8A4CB6A7B1ACF5AFE23F3671DCA9B.e.25041/click - {}
RESULT: {}
COMMAND: GET /session/d4f675b322105372b3380f2dea3f05ac/screenshot - {}
RESULT: {}
]]></system-out>
    </testcase>
    <testcase classname="chrome.136_0_7103_93.windows.Create_masterdata_for_Yard_Overview_-_trigger_provide_US130988" name="Should do a Stock Decrease" time="95.088">
      <system-out><![CDATA[
RESULT: undefined
COMMAND: POST /session/d4f675b322105372b3380f2dea3f05ac/element - {"using":"xpath","value":"//*[@id=\"__tile130\"]"}
RESULT: {"using":"xpath","value":"//*[@id=\"__tile130\"]"}
COMMAND: POST /session/d4f675b322105372b3380f2dea3f05ac/element/f.73BB2000E1F4E36FD864906F51978B2B.d.09B8A4CB6A7B1ACF5AFE23F3671DCA9B.e.23177/click - {}
RESULT: {}
COMMAND: GET /session/d4f675b322105372b3380f2dea3f05ac/screenshot - {}
RESULT: {}
COMMAND: POST /session/d4f675b322105372b3380f2dea3f05ac/elements - {"using":"xpath","value":"//span[text()='Error']"}
RESULT: {"using":"xpath","value":"//span[text()='Error']"}
COMMAND: POST /session/d4f675b322105372b3380f2dea3f05ac/element - {"using":"xpath","value":"//button[@data-kt=\"masterHOAddButton\"]"}
RESULT: {"using":"xpath","value":"//button[@data-kt=\"masterHOAddButton\"]"}
COMMAND: POST /session/d4f675b322105372b3380f2dea3f05ac/elements - {"using":"xpath","value":"//button[@data-kt=\"masterHOAddButton\"]"}
RESULT: {"using":"xpath","value":"//button[@data-kt=\"masterHOAddButton\"]"}
COMMAND: POST /session/d4f675b322105372b3380f2dea3f05ac/execute/sync - {"script":"<script> [8489 bytes]","args":[{"element-6066-11e4-a52e-4f735466cecf":"f.73BB2000E1F4E36FD864906F51978B2B.d.09B8A4CB6A7B1ACF5AFE23F3671DCA9B.e.25358","ELEMENT":"f.73BB2000E1F4E36FD864906F51978B2B.d.09B8A4CB6A7B1ACF5AFE23F3671DCA9B.e.25358"}]}
RESULT: {"script":"<script> [8489 bytes]","args":[{"element-6066-11e4-a52e-4f735466cecf":"f.73BB2000E1F4E36FD864906F51978B2B.d.09B8A4CB6A7B1ACF5AFE23F3671DCA9B.e.25358","ELEMENT":"f.73BB2000E1F4E36FD864906F51978B2B.d.09B8A4CB6A7B1ACF5AFE23F3671DCA9B.e.25358"}]}
COMMAND: GET /session/d4f675b322105372b3380f2dea3f05ac/element/f.73BB2000E1F4E36FD864906F51978B2B.d.09B8A4CB6A7B1ACF5AFE23F3671DCA9B.e.25358/enabled - {}
COMMAND: GET /session/d4f675b322105372b3380f2dea3f05ac/screenshot - {}
RESULT: {}
COMMAND: POST /session/d4f675b322105372b3380f2dea3f05ac/execute/sync - {"script":"<script> [8489 bytes]","args":[{"element-6066-11e4-a52e-4f735466cecf":"f.73BB2000E1F4E36FD864906F51978B2B.d.09B8A4CB6A7B1ACF5AFE23F3671DCA9B.e.25358","ELEMENT":"f.73BB2000E1F4E36FD864906F51978B2B.d.09B8A4CB6A7B1ACF5AFE23F3671DCA9B.e.25358"}]}
COMMAND: GET /session/d4f675b322105372b3380f2dea3f05ac/screenshot - {}
RESULT: {}
RESULT: {"script":"<script> [8489 bytes]","args":[{"element-6066-11e4-a52e-4f735466cecf":"f.73BB2000E1F4E36FD864906F51978B2B.d.09B8A4CB6A7B1ACF5AFE23F3671DCA9B.e.25358","ELEMENT":"f.73BB2000E1F4E36FD864906F51978B2B.d.09B8A4CB6A7B1ACF5AFE23F3671DCA9B.e.25358"}]}
COMMAND: POST /session/d4f675b322105372b3380f2dea3f05ac/execute/sync - {"script":"<script> [5351 bytes]","args":[{"element-6066-11e4-a52e-4f735466cecf":"f.73BB2000E1F4E36FD864906F51978B2B.d.09B8A4CB6A7B1ACF5AFE23F3671DCA9B.e.25358","ELEMENT":"f.73BB2000E1F4E36FD864906F51978B2B.d.09B8A4CB6A7B1ACF5AFE23F3671DCA9B.e.25358"}]}
COMMAND: GET /session/d4f675b322105372b3380f2dea3f05ac/screenshot - {}
RESULT: {}
RESULT: {"script":"<script> [5351 bytes]","args":[{"element-6066-11e4-a52e-4f735466cecf":"f.73BB2000E1F4E36FD864906F51978B2B.d.09B8A4CB6A7B1ACF5AFE23F3671DCA9B.e.25358","ELEMENT":"f.73BB2000E1F4E36FD864906F51978B2B.d.09B8A4CB6A7B1ACF5AFE23F3671DCA9B.e.25358"}]}
COMMAND: POST /session/d4f675b322105372b3380f2dea3f05ac/element/f.73BB2000E1F4E36FD864906F51978B2B.d.09B8A4CB6A7B1ACF5AFE23F3671DCA9B.e.25358/click - {}
COMMAND: GET /session/d4f675b322105372b3380f2dea3f05ac/screenshot - {}
RESULT: {}
RESULT: {}
COMMAND: GET /session/d4f675b322105372b3380f2dea3f05ac/screenshot - {}
RESULT: {}
COMMAND: POST /session/d4f675b322105372b3380f2dea3f05ac/element - {"using":"xpath","value":"//span[contains(@id ,\"AddNewHO--typeSelect-arrow\")]"}
RESULT: {}
RESULT: {"using":"xpath","value":"//span[contains(@id ,\"AddNewHO--typeSelect-arrow\")]"}
COMMAND: POST /session/d4f675b322105372b3380f2dea3f05ac/element/f.73BB2000E1F4E36FD864906F51978B2B.d.09B8A4CB6A7B1ACF5AFE23F3671DCA9B.e.25757/click - {}
RESULT: {}
COMMAND: GET /session/d4f675b322105372b3380f2dea3f05ac/screenshot - {}
RESULT: {}
COMMAND: POST /session/d4f675b322105372b3380f2dea3f05ac/element - {"using":"xpath","value":"(//li[contains(text(), \"stock decrease yard\")])[1]"}
RESULT: {"using":"xpath","value":"(//li[contains(text(), \"stock decrease yard\")])[1]"}
COMMAND: POST /session/d4f675b322105372b3380f2dea3f05ac/element/f.73BB2000E1F4E36FD864906F51978B2B.d.09B8A4CB6A7B1ACF5AFE23F3671DCA9B.e.25758/click - {}
RESULT: {}
COMMAND: GET /session/d4f675b322105372b3380f2dea3f05ac/screenshot - {}
RESULT: {}
RESULT: undefined
COMMAND: POST /session/d4f675b322105372b3380f2dea3f05ac/execute/async - {"script":"<script> [6424 bytes]","args":[{"element-6066-11e4-a52e-4f735466cecf":"f.73BB2000E1F4E36FD864906F51978B2B.d.09B8A4CB6A7B1ACF5AFE23F3671DCA9B.e.24629"},"setValue",["5/28/25"]]}
COMMAND: POST /session/d4f675b322105372b3380f2dea3f05ac/execute/async - {"script":"<script> [1562 bytes]","args":[{"selector":{"id":"application-managehandovers-display-component---AddNewHO--dueDate","interaction":{"idSuffix":"inner"}},"wdio_ui5_key":"applicationmanagehandovers-display-component---AddNewHO--dueDate"}]}
RESULT: {"script":"<script> [1562 bytes]","args":[{"selector":{"id":"application-managehandovers-display-component---AddNewHO--dueDate","interaction":{"idSuffix":"inner"}},"wdio_ui5_key":"applicationmanagehandovers-display-component---AddNewHO--dueDate"}]}
COMMAND: POST /session/d4f675b322105372b3380f2dea3f05ac/execute/async - {"script":"<script> [6424 bytes]","args":[{"element-6066-11e4-a52e-4f735466cecf":"f.73BB2000E1F4E36FD864906F51978B2B.d.09B8A4CB6A7B1ACF5AFE23F3671DCA9B.e.25772"},"setValue",["5/28/25"]]}
RESULT: {"script":"<script> [6424 bytes]","args":[{"element-6066-11e4-a52e-4f735466cecf":"f.73BB2000E1F4E36FD864906F51978B2B.d.09B8A4CB6A7B1ACF5AFE23F3671DCA9B.e.25772"},"setValue",["5/28/25"]]}
COMMAND: POST /session/d4f675b322105372b3380f2dea3f05ac/element - {"using":"xpath","value":"//input[@id=\"generalSectionFrg--sendYard-inner\"]"}
RESULT: {"using":"xpath","value":"//input[@id=\"generalSectionFrg--sendYard-inner\"]"}
COMMAND: POST /session/d4f675b322105372b3380f2dea3f05ac/element/f.73BB2000E1F4E36FD864906F51978B2B.d.09B8A4CB6A7B1ACF5AFE23F3671DCA9B.e.25778/clear - {}
RESULT: {}
COMMAND: POST /session/d4f675b322105372b3380f2dea3f05ac/element/f.73BB2000E1F4E36FD864906F51978B2B.d.09B8A4CB6A7B1ACF5AFE23F3671DCA9B.e.25778/value - {"text":"422"}
COMMAND: GET /session/d4f675b322105372b3380f2dea3f05ac/screenshot - {}
RESULT: {"text":"422"}
COMMAND: GET /session/d4f675b322105372b3380f2dea3f05ac/screenshot - {}
RESULT: {}
RESULT: {}
COMMAND: POST /session/d4f675b322105372b3380f2dea3f05ac/element - {"using":"xpath","value":"//li[.//span[text()='422']]"}
RESULT: {"using":"xpath","value":"//li[.//span[text()='422']]"}
COMMAND: POST /session/d4f675b322105372b3380f2dea3f05ac/element/f.73BB2000E1F4E36FD864906F51978B2B.d.09B8A4CB6A7B1ACF5AFE23F3671DCA9B.e.25795/click - {}
RESULT: {}
COMMAND: GET /session/d4f675b322105372b3380f2dea3f05ac/screenshot - {}
RESULT: {}
COMMAND: POST /session/d4f675b322105372b3380f2dea3f05ac/execute/async - {"script":"<script> [1562 bytes]","args":[{"selector":{"controlType":"sap.ui.core.Icon","viewName":"etm.portal.ui.managehandovers.view.AddNewHO","viewId":"application-managehandovers-display-component---AddNewHO","properties":{"src":{"regex":{"source":"slim\\-arrow\\-down"}}},"ancestor":{"controlType":"etm.portal.ui.reusables.customControls.LiveSearchComboBox","viewName":"etm.portal.ui.managehandovers.view.AddNewHO","viewId":"application-managehandovers-display-component---AddNewHO","bindingPath":{"path":"","propertyPath":"/FORWARDER","modelName":"hoItemsModel"}}},"wdio_ui5_key":"etmportal.ui.managehandovers.view.AddNewHOsap.ui.core.Icon{\"src\":{\"regex\":{\"source\":\"slim\\\\-arrow\\\\-down\"}}}{\"controlType\":\"etm.portal.ui.reusables.customControls.LiveSearchComboBox\",\"viewName\":\"etm.portal.ui.managehandovers.view.AddNewHO\",\"viewId\":\"application-managehandovers-display-component---AddNewHO\",\"bindingPath\":{\"path\":\"\",\"propertyPath\":\"/FORWARDER\",\"modelName\":\"hoItemsModel\"}}"}]}
RESULT: {"script":"<script> [1562 bytes]","args":[{"selector":{"controlType":"sap.ui.core.Icon","viewName":"etm.portal.ui.managehandovers.view.AddNewHO","viewId":"application-managehandovers-display-component---AddNewHO","properties":{"src":{"regex":{"source":"slim\\-arrow\\-down"}}},"ancestor":{"controlType":"etm.portal.ui.reusables.customControls.LiveSearchComboBox","viewName":"etm.portal.ui.managehandovers.view.AddNewHO","viewId":"application-managehandovers-display-component---AddNewHO","bindingPath":{"path":"","propertyPath":"/FORWARDER","modelName":"hoItemsModel"}}},"wdio_ui5_key":"etmportal.ui.managehandovers.view.AddNewHOsap.ui.core.Icon{\"src\":{\"regex\":{\"source\":\"slim\\\\-arrow\\\\-down\"}}}{\"controlType\":\"etm.portal.ui.reusables.customControls.LiveSearchComboBox\",\"viewName\":\"etm.portal.ui.managehandovers.view.AddNewHO\",\"viewId\":\"application-managehandovers-display-component---AddNewHO\",\"bindingPath\":{\"path\":\"\",\"propertyPath\":\"/FORWARDER\",\"modelName\":\"hoItemsModel\"}}"}]}
RESULT: undefined
COMMAND: POST /session/d4f675b322105372b3380f2dea3f05ac/element - {"using":"xpath","value":"//*[@id=\"__box41-arrow\"]"}
RESULT: {"using":"xpath","value":"//*[@id=\"__box41-arrow\"]"}
COMMAND: POST /session/d4f675b322105372b3380f2dea3f05ac/element/f.73BB2000E1F4E36FD864906F51978B2B.d.09B8A4CB6A7B1ACF5AFE23F3671DCA9B.e.25796/click - {}
RESULT: {}
COMMAND: GET /session/d4f675b322105372b3380f2dea3f05ac/screenshot - {}
RESULT: {}
COMMAND: POST /session/d4f675b322105372b3380f2dea3f05ac/execute/async - {"script":"<script> [1562 bytes]","args":[{"selector":{"controlType":"sap.m.StandardListItem","viewName":"etm.portal.ui.managehandovers.view.AddNewHO","viewId":"application-managehandovers-display-component---AddNewHO","properties":{"title":"1002 - Test "},"searchOpenDialogs":true,"interaction":{"idSuffix":"content"}},"wdio_ui5_key":"etmportal.ui.managehandovers.view.AddNewHOsap.m.StandardListItem{\"title\":\"1002 - Test \"}"}]}
RESULT: {"script":"<script> [1562 bytes]","args":[{"selector":{"controlType":"sap.m.StandardListItem","viewName":"etm.portal.ui.managehandovers.view.AddNewHO","viewId":"application-managehandovers-display-component---AddNewHO","properties":{"title":"1002 - Test "},"searchOpenDialogs":true,"interaction":{"idSuffix":"content"}},"wdio_ui5_key":"etmportal.ui.managehandovers.view.AddNewHOsap.m.StandardListItem{\"title\":\"1002 - Test \"}"}]}
RESULT: undefined
COMMAND: POST /session/d4f675b322105372b3380f2dea3f05ac/element - {"using":"xpath","value":"//*[@id=\"__item1135\"]"}
RESULT: {"using":"xpath","value":"//*[@id=\"__item1135\"]"}
COMMAND: POST /session/d4f675b322105372b3380f2dea3f05ac/element/f.73BB2000E1F4E36FD864906F51978B2B.d.09B8A4CB6A7B1ACF5AFE23F3671DCA9B.e.25799/click - {}
RESULT: {}
COMMAND: GET /session/d4f675b322105372b3380f2dea3f05ac/screenshot - {}
RESULT: {}
COMMAND: POST /session/d4f675b322105372b3380f2dea3f05ac/execute/async - {"script":"<script> [1562 bytes]","args":[{"selector":{"controlType":"sap.m.Input","viewName":"etm.portal.ui.managehandovers.view.AddNewHO","viewId":"application-managehandovers-display-component---AddNewHO","bindingPath":{"path":"","propertyPath":"/DRIVER","modelName":"hoItemsModel"},"interaction":{"idSuffix":"inner"}},"wdio_ui5_key":"etmportal.ui.managehandovers.view.AddNewHOsap.m.Input{\"path\":\"\",\"propertyPath\":\"/DRIVER\",\"modelName\":\"hoItemsModel\"}"}]}
RESULT: {"script":"<script> [1562 bytes]","args":[{"selector":{"controlType":"sap.m.Input","viewName":"etm.portal.ui.managehandovers.view.AddNewHO","viewId":"application-managehandovers-display-component---AddNewHO","bindingPath":{"path":"","propertyPath":"/DRIVER","modelName":"hoItemsModel"},"interaction":{"idSuffix":"inner"}},"wdio_ui5_key":"etmportal.ui.managehandovers.view.AddNewHOsap.m.Input{\"path\":\"\",\"propertyPath\":\"/DRIVER\",\"modelName\":\"hoItemsModel\"}"}]}
RESULT: undefined
COMMAND: POST /session/d4f675b322105372b3380f2dea3f05ac/execute/async - {"script":"<script> [776 bytes]","args":[{"enterText":"StockDecrease Driver","selector":{"controlType":"sap.m.Input","viewName":"etm.portal.ui.managehandovers.view.AddNewHO","viewId":"application-managehandovers-display-component---AddNewHO","bindingPath":{"path":"","propertyPath":"/DRIVER","modelName":"hoItemsModel"},"interaction":{"idSuffix":"inner"}},"clearTextFirst":true,"interactionType":"ENTER_TEXT"}]}
RESULT: {"script":"<script> [776 bytes]","args":[{"enterText":"StockDecrease Driver","selector":{"controlType":"sap.m.Input","viewName":"etm.portal.ui.managehandovers.view.AddNewHO","viewId":"application-managehandovers-display-component---AddNewHO","bindingPath":{"path":"","propertyPath":"/DRIVER","modelName":"hoItemsModel"},"interaction":{"idSuffix":"inner"}},"clearTextFirst":true,"interactionType":"ENTER_TEXT"}]}
COMMAND: POST /session/d4f675b322105372b3380f2dea3f05ac/execute/async - {"script":"<script> [1562 bytes]","args":[{"selector":{"id":"application-managehandovers-display-component---AddNewHO--responsibleCB-arrow"},"wdio_ui5_key":"applicationmanagehandovers-display-component---AddNewHO--responsibleCB-arrow"}]}
RESULT: {"script":"<script> [1562 bytes]","args":[{"selector":{"id":"application-managehandovers-display-component---AddNewHO--responsibleCB-arrow"},"wdio_ui5_key":"applicationmanagehandovers-display-component---AddNewHO--responsibleCB-arrow"}]}
RESULT: undefined
COMMAND: POST /session/d4f675b322105372b3380f2dea3f05ac/element - {"using":"xpath","value":"//*[@id=\"application-managehandovers-display-component---AddNewHO--responsibleCB-arrow\"]"}
RESULT: {"using":"xpath","value":"//*[@id=\"application-managehandovers-display-component---AddNewHO--responsibleCB-arrow\"]"}
COMMAND: POST /session/d4f675b322105372b3380f2dea3f05ac/element/f.73BB2000E1F4E36FD864906F51978B2B.d.09B8A4CB6A7B1ACF5AFE23F3671DCA9B.e.25801/click - {}
RESULT: {}
COMMAND: GET /session/d4f675b322105372b3380f2dea3f05ac/screenshot - {}
RESULT: {}
COMMAND: POST /session/d4f675b322105372b3380f2dea3f05ac/execute/async - {"script":"<script> [1562 bytes]","args":[{"selector":{"controlType":"sap.m.StandardListItem","viewName":"etm.portal.ui.managehandovers.view.AddNewHO","viewId":"application-managehandovers-display-component---AddNewHO","properties":{"title":"1 - Test unit Update "},"searchOpenDialogs":true},"wdio_ui5_key":"etmportal.ui.managehandovers.view.AddNewHOsap.m.StandardListItem{\"title\":\"1 - Test unit Update \"}"}]}
RESULT: {"script":"<script> [1562 bytes]","args":[{"selector":{"controlType":"sap.m.StandardListItem","viewName":"etm.portal.ui.managehandovers.view.AddNewHO","viewId":"application-managehandovers-display-component---AddNewHO","properties":{"title":"1 - Test unit Update "},"searchOpenDialogs":true},"wdio_ui5_key":"etmportal.ui.managehandovers.view.AddNewHOsap.m.StandardListItem{\"title\":\"1 - Test unit Update \"}"}]}
RESULT: undefined
COMMAND: POST /session/d4f675b322105372b3380f2dea3f05ac/element - {"using":"xpath","value":"//*[@id=\"__item1234\"]"}
RESULT: {"using":"xpath","value":"//*[@id=\"__item1234\"]"}
COMMAND: POST /session/d4f675b322105372b3380f2dea3f05ac/element/f.73BB2000E1F4E36FD864906F51978B2B.d.09B8A4CB6A7B1ACF5AFE23F3671DCA9B.e.25802/click - {}
RESULT: {}
COMMAND: GET /session/d4f675b322105372b3380f2dea3f05ac/screenshot - {}
RESULT: {}
RESULT: undefined
COMMAND: POST /session/d4f675b322105372b3380f2dea3f05ac/element - {"using":"xpath","value":"//*[@id=\"application-managehandovers-display-component---AddNewHO--ObjectPageLayout-anchBar-application-managehandovers-display-component---AddNewHO--section4-anchor\"]"}
RESULT: {"using":"xpath","value":"//*[@id=\"application-managehandovers-display-component---AddNewHO--ObjectPageLayout-anchBar-application-managehandovers-display-component---AddNewHO--section4-anchor\"]"}
COMMAND: POST /session/d4f675b322105372b3380f2dea3f05ac/element/f.73BB2000E1F4E36FD864906F51978B2B.d.09B8A4CB6A7B1ACF5AFE23F3671DCA9B.e.25803/click - {}
RESULT: {}
COMMAND: GET /session/d4f675b322105372b3380f2dea3f05ac/screenshot - {}
RESULT: {}
COMMAND: POST /session/d4f675b322105372b3380f2dea3f05ac/execute/async - {"script":"<script> [1562 bytes]","args":[{"selector":{"controlType":"sap.ui.core.Icon","viewName":"etm.portal.ui.managehandovers.view.AddNewHO","viewId":"application-managehandovers-display-component---AddNewHO","properties":{"src":{"regex":{"source":"add"}}}},"wdio_ui5_key":"etmportal.ui.managehandovers.view.AddNewHOsap.ui.core.Icon{\"src\":{\"regex\":{\"source\":\"add\"}}}"}]}
RESULT: {"script":"<script> [1562 bytes]","args":[{"selector":{"controlType":"sap.ui.core.Icon","viewName":"etm.portal.ui.managehandovers.view.AddNewHO","viewId":"application-managehandovers-display-component---AddNewHO","properties":{"src":{"regex":{"source":"add"}}}},"wdio_ui5_key":"etmportal.ui.managehandovers.view.AddNewHOsap.ui.core.Icon{\"src\":{\"regex\":{\"source\":\"add\"}}}"}]}
RESULT: undefined
COMMAND: POST /session/d4f675b322105372b3380f2dea3f05ac/element - {"using":"xpath","value":"//*[@id=\"__button219-img\"]"}
RESULT: {"using":"xpath","value":"//*[@id=\"__button219-img\"]"}
COMMAND: POST /session/d4f675b322105372b3380f2dea3f05ac/element/f.73BB2000E1F4E36FD864906F51978B2B.d.09B8A4CB6A7B1ACF5AFE23F3671DCA9B.e.25807/click - {}
RESULT: {}
RESULT: undefined
COMMAND: POST /session/d4f675b322105372b3380f2dea3f05ac/execute/async - {"script":"<script> [776 bytes]","args":[{"enterText":"200243","selector":{"id":"application-managehandovers-display-component---AddNewHO--smartFilterBar-btnBasicSearch","searchOpenDialogs":true,"interaction":{"idSuffix":"I"}},"clearTextFirst":true,"interactionType":"ENTER_TEXT"}]}
COMMAND: GET /session/d4f675b322105372b3380f2dea3f05ac/screenshot - {}
RESULT: {"script":"<script> [776 bytes]","args":[{"enterText":"200243","selector":{"id":"application-managehandovers-display-component---AddNewHO--smartFilterBar-btnBasicSearch","searchOpenDialogs":true,"interaction":{"idSuffix":"I"}},"clearTextFirst":true,"interactionType":"ENTER_TEXT"}]}
RESULT: {}
RESULT: undefined
COMMAND: POST /session/d4f675b322105372b3380f2dea3f05ac/element - {"using":"xpath","value":"//*[@id=\"application-managehandovers-display-component---AddNewHO--popup-sa\"]"}
RESULT: {"using":"xpath","value":"//*[@id=\"application-managehandovers-display-component---AddNewHO--popup-sa\"]"}
COMMAND: POST /session/d4f675b322105372b3380f2dea3f05ac/element/f.73BB2000E1F4E36FD864906F51978B2B.d.09B8A4CB6A7B1ACF5AFE23F3671DCA9B.e.25843/click - {}
RESULT: {}
COMMAND: GET /session/d4f675b322105372b3380f2dea3f05ac/screenshot - {}
RESULT: {}
COMMAND: POST /session/d4f675b322105372b3380f2dea3f05ac/element - {"using":"xpath","value":"//*[contains(@id ,\"BDI-content\")][contains(text(), \"Select\")]"}
RESULT: {"using":"xpath","value":"//*[contains(@id ,\"BDI-content\")][contains(text(), \"Select\")]"}
COMMAND: POST /session/d4f675b322105372b3380f2dea3f05ac/element/f.73BB2000E1F4E36FD864906F51978B2B.d.09B8A4CB6A7B1ACF5AFE23F3671DCA9B.e.25844/click - {}
RESULT: {}
COMMAND: POST /session/d4f675b322105372b3380f2dea3f05ac/execute/async - {"script":"<script> [1562 bytes]","args":[{"selector":{"controlType":"sap.m.Button","viewName":"etm.portal.ui.managehandovers.view.AddNewHO","viewId":"application-managehandovers-display-component---AddNewHO","bindingPath":{"path":"/items/0","propertyPath":"QUANTITY","modelName":"hoItemsModel"},"interaction":{"idSuffix":"inner"}},"wdio_ui5_key":"etmportal.ui.managehandovers.view.AddNewHOsap.m.Button{\"path\":\"/items/0\",\"propertyPath\":\"QUANTITY\",\"modelName\":\"hoItemsModel\"}"}]}
COMMAND: GET /session/d4f675b322105372b3380f2dea3f05ac/screenshot - {}
RESULT: {"script":"<script> [1562 bytes]","args":[{"selector":{"controlType":"sap.m.Button","viewName":"etm.portal.ui.managehandovers.view.AddNewHO","viewId":"application-managehandovers-display-component---AddNewHO","bindingPath":{"path":"/items/0","propertyPath":"QUANTITY","modelName":"hoItemsModel"},"interaction":{"idSuffix":"inner"}},"wdio_ui5_key":"etmportal.ui.managehandovers.view.AddNewHOsap.m.Button{\"path\":\"/items/0\",\"propertyPath\":\"QUANTITY\",\"modelName\":\"hoItemsModel\"}"}]}
RESULT: undefined
COMMAND: POST /session/d4f675b322105372b3380f2dea3f05ac/element - {"using":"xpath","value":"//*[@id=\"__button220-__clone2423\"]"}
RESULT: {}
RESULT: {"using":"xpath","value":"//*[@id=\"__button220-__clone2423\"]"}
COMMAND: POST /session/d4f675b322105372b3380f2dea3f05ac/element/f.73BB2000E1F4E36FD864906F51978B2B.d.09B8A4CB6A7B1ACF5AFE23F3671DCA9B.e.25848/click - {}
RESULT: {}
COMMAND: POST /session/d4f675b322105372b3380f2dea3f05ac/execute/async - {"script":"<script> [1562 bytes]","args":[{"selector":{"controlType":"sap.m.NumericInput","viewName":"etm.portal.ui.managehandovers.view.AddNewHO","viewId":"application-managehandovers-display-component---AddNewHO","properties":{"value":"0"},"searchOpenDialogs":true,"interaction":{"idSuffix":"inner"}},"wdio_ui5_key":"etmportal.ui.managehandovers.view.AddNewHOsap.m.NumericInput{\"value\":\"0\"}"}]}
COMMAND: GET /session/d4f675b322105372b3380f2dea3f05ac/screenshot - {}
RESULT: {"script":"<script> [1562 bytes]","args":[{"selector":{"controlType":"sap.m.NumericInput","viewName":"etm.portal.ui.managehandovers.view.AddNewHO","viewId":"application-managehandovers-display-component---AddNewHO","properties":{"value":"0"},"searchOpenDialogs":true,"interaction":{"idSuffix":"inner"}},"wdio_ui5_key":"etmportal.ui.managehandovers.view.AddNewHOsap.m.NumericInput{\"value\":\"0\"}"}]}
RESULT: undefined
COMMAND: POST /session/d4f675b322105372b3380f2dea3f05ac/execute/async - {"script":"<script> [776 bytes]","args":[{"enterText":"1","selector":{"controlType":"sap.m.NumericInput","viewName":"etm.portal.ui.managehandovers.view.AddNewHO","viewId":"application-managehandovers-display-component---AddNewHO","properties":{"value":"0"},"searchOpenDialogs":true,"interaction":{"idSuffix":"inner"}},"clearTextFirst":true,"interactionType":"ENTER_TEXT"}]}
RESULT: {}
RESULT: {"script":"<script> [776 bytes]","args":[{"enterText":"1","selector":{"controlType":"sap.m.NumericInput","viewName":"etm.portal.ui.managehandovers.view.AddNewHO","viewId":"application-managehandovers-display-component---AddNewHO","properties":{"value":"0"},"searchOpenDialogs":true,"interaction":{"idSuffix":"inner"}},"clearTextFirst":true,"interactionType":"ENTER_TEXT"}]}
COMMAND: POST /session/d4f675b322105372b3380f2dea3f05ac/execute/async - {"script":"<script> [1562 bytes]","args":[{"selector":{"controlType":"sap.m.Button","viewName":"etm.portal.ui.managehandovers.view.AddNewHO","viewId":"application-managehandovers-display-component---AddNewHO","i18NText":{"propertyName":"text","key":"confirm"},"searchOpenDialogs":true,"interaction":{"idSuffix":"BDI-content"}},"wdio_ui5_key":"etmportal.ui.managehandovers.view.AddNewHOsap.m.Button{\"propertyName\":\"text\",\"key\":\"confirm\"}"}]}
RESULT: {"script":"<script> [1562 bytes]","args":[{"selector":{"controlType":"sap.m.Button","viewName":"etm.portal.ui.managehandovers.view.AddNewHO","viewId":"application-managehandovers-display-component---AddNewHO","i18NText":{"propertyName":"text","key":"confirm"},"searchOpenDialogs":true,"interaction":{"idSuffix":"BDI-content"}},"wdio_ui5_key":"etmportal.ui.managehandovers.view.AddNewHOsap.m.Button{\"propertyName\":\"text\",\"key\":\"confirm\"}"}]}
RESULT: undefined
COMMAND: POST /session/d4f675b322105372b3380f2dea3f05ac/element - {"using":"xpath","value":"//*[@id=\"__button223\"]"}
RESULT: {"using":"xpath","value":"//*[@id=\"__button223\"]"}
COMMAND: POST /session/d4f675b322105372b3380f2dea3f05ac/element/f.73BB2000E1F4E36FD864906F51978B2B.d.09B8A4CB6A7B1ACF5AFE23F3671DCA9B.e.25849/click - {}
RESULT: {}
COMMAND: POST /session/d4f675b322105372b3380f2dea3f05ac/execute/async - {"script":"<script> [1562 bytes]","args":[{"selector":{"id":"application-managehandovers-display-component---AddNewHO--confirmCreationButton","interaction":{"idSuffix":"inner"}},"wdio_ui5_key":"applicationmanagehandovers-display-component---AddNewHO--confirmCreationButton"}]}
COMMAND: GET /session/d4f675b322105372b3380f2dea3f05ac/screenshot - {}
RESULT: {"script":"<script> [1562 bytes]","args":[{"selector":{"id":"application-managehandovers-display-component---AddNewHO--confirmCreationButton","interaction":{"idSuffix":"inner"}},"wdio_ui5_key":"applicationmanagehandovers-display-component---AddNewHO--confirmCreationButton"}]}
RESULT: undefined
COMMAND: POST /session/d4f675b322105372b3380f2dea3f05ac/element - {"using":"xpath","value":"//*[@id=\"application-managehandovers-display-component---AddNewHO--confirmCreationButton\"]"}
RESULT: {}
RESULT: {"using":"xpath","value":"//*[@id=\"application-managehandovers-display-component---AddNewHO--confirmCreationButton\"]"}
COMMAND: POST /session/d4f675b322105372b3380f2dea3f05ac/element/f.73BB2000E1F4E36FD864906F51978B2B.d.09B8A4CB6A7B1ACF5AFE23F3671DCA9B.e.25860/click - {}
RESULT: {}
COMMAND: GET /session/d4f675b322105372b3380f2dea3f05ac/screenshot - {}
RESULT: {}
RESULT: undefined
COMMAND: POST /session/d4f675b322105372b3380f2dea3f05ac/execute/async - {"script":"<script> [776 bytes]","args":[{"enterText":"5/28/25","selector":{"id":"receiptDatePicker","viewName":"etm.portal.ui.managehandovers.view.DetailExecuteHO","interaction":{"idSuffix":"inner"}},"clearTextFirst":true,"interactionType":"ENTER_TEXT"}]}
RESULT: {"script":"<script> [776 bytes]","args":[{"enterText":"5/28/25","selector":{"id":"receiptDatePicker","viewName":"etm.portal.ui.managehandovers.view.DetailExecuteHO","interaction":{"idSuffix":"inner"}},"clearTextFirst":true,"interactionType":"ENTER_TEXT"}]}
COMMAND: POST /session/d4f675b322105372b3380f2dea3f05ac/element - {"using":"xpath","value":"//button[@data-kt=\"IssuingTableConfirmAllButton\"]"}
RESULT: {"using":"xpath","value":"//button[@data-kt=\"IssuingTableConfirmAllButton\"]"}
COMMAND: POST /session/d4f675b322105372b3380f2dea3f05ac/element/f.73BB2000E1F4E36FD864906F51978B2B.d.09B8A4CB6A7B1ACF5AFE23F3671DCA9B.e.25899/click - {}
RESULT: {}
COMMAND: GET /session/d4f675b322105372b3380f2dea3f05ac/screenshot - {}
RESULT: {}
COMMAND: POST /session/d4f675b322105372b3380f2dea3f05ac/element - {"using":"xpath","value":"//bdi[contains(text(), \"OK\")]"}
RESULT: {"using":"xpath","value":"//bdi[contains(text(), \"OK\")]"}
COMMAND: POST /session/d4f675b322105372b3380f2dea3f05ac/element/f.73BB2000E1F4E36FD864906F51978B2B.d.09B8A4CB6A7B1ACF5AFE23F3671DCA9B.e.25901/click - {}
RESULT: {}
COMMAND: GET /session/d4f675b322105372b3380f2dea3f05ac/screenshot - {}
RESULT: {}
COMMAND: POST /session/d4f675b322105372b3380f2dea3f05ac/element - {"using":"xpath","value":"//bdi[contains(text(), \"Issue\")]"}
RESULT: {"using":"xpath","value":"//bdi[contains(text(), \"Issue\")]"}
COMMAND: POST /session/d4f675b322105372b3380f2dea3f05ac/element/f.73BB2000E1F4E36FD864906F51978B2B.d.09B8A4CB6A7B1ACF5AFE23F3671DCA9B.e.25903/click - {}
RESULT: {}
COMMAND: GET /session/d4f675b322105372b3380f2dea3f05ac/screenshot - {}
RESULT: {}
COMMAND: POST /session/d4f675b322105372b3380f2dea3f05ac/element - {"using":"css selector","value":"#shell-header-logo"}
RESULT: {"using":"css selector","value":"#shell-header-logo"}
COMMAND: POST /session/d4f675b322105372b3380f2dea3f05ac/element/f.73BB2000E1F4E36FD864906F51978B2B.d.09B8A4CB6A7B1ACF5AFE23F3671DCA9B.e.25308/click - {}
RESULT: {}
COMMAND: GET /session/d4f675b322105372b3380f2dea3f05ac/screenshot - {}
RESULT: {}
COMMAND: POST /session/d4f675b322105372b3380f2dea3f05ac/element - {"using":"css selector","value":"#j_username"}
COMMAND: POST /session/d4f675b322105372b3380f2dea3f05ac/url - {"url":"https://qa-testing-00-live-etm-ui.cfapps.eu10-004.hana.ondemand.com/"}
RESULT: {"using":"css selector","value":"#j_username"}
COMMAND: POST /session/d4f675b322105372b3380f2dea3f05ac/element - {"using":"css selector","value":"#j_username"}
RESULT: {"url":"https://qa-testing-00-live-etm-ui.cfapps.eu10-004.hana.ondemand.com/"}
RESULT: undefined
COMMAND: GET /session/d4f675b322105372b3380f2dea3f05ac/screenshot - {}
RESULT: {"using":"css selector","value":"#j_username"}
COMMAND: POST /session/d4f675b322105372b3380f2dea3f05ac/element - {"using":"css selector","value":"#shell-header-logo"}
RESULT: {}
RESULT: {"using":"css selector","value":"#shell-header-logo"}
COMMAND: POST /session/d4f675b322105372b3380f2dea3f05ac/execute/sync - {"script":"<script> [8489 bytes]","args":[{"element-6066-11e4-a52e-4f735466cecf":"f.73BB2000E1F4E36FD864906F51978B2B.d.395265EEF32E89A0A60D5193232EC16D.e.26088","ELEMENT":"f.73BB2000E1F4E36FD864906F51978B2B.d.395265EEF32E89A0A60D5193232EC16D.e.26088"}]}
RESULT: {"script":"<script> [8489 bytes]","args":[{"element-6066-11e4-a52e-4f735466cecf":"f.73BB2000E1F4E36FD864906F51978B2B.d.395265EEF32E89A0A60D5193232EC16D.e.26088","ELEMENT":"f.73BB2000E1F4E36FD864906F51978B2B.d.395265EEF32E89A0A60D5193232EC16D.e.26088"}]}
COMMAND: POST /session/d4f675b322105372b3380f2dea3f05ac/element - {"using":"css selector","value":"#shell-header-logo"}
COMMAND: GET /session/d4f675b322105372b3380f2dea3f05ac/screenshot - {}
RESULT: {"using":"css selector","value":"#shell-header-logo"}
COMMAND: POST /session/d4f675b322105372b3380f2dea3f05ac/execute/sync - {"script":"<script> [8489 bytes]","args":[{"element-6066-11e4-a52e-4f735466cecf":"f.73BB2000E1F4E36FD864906F51978B2B.d.395265EEF32E89A0A60D5193232EC16D.e.26088","ELEMENT":"f.73BB2000E1F4E36FD864906F51978B2B.d.395265EEF32E89A0A60D5193232EC16D.e.26088"}]}
RESULT: {}
RESULT: {"script":"<script> [8489 bytes]","args":[{"element-6066-11e4-a52e-4f735466cecf":"f.73BB2000E1F4E36FD864906F51978B2B.d.395265EEF32E89A0A60D5193232EC16D.e.26088","ELEMENT":"f.73BB2000E1F4E36FD864906F51978B2B.d.395265EEF32E89A0A60D5193232EC16D.e.26088"}]}
COMMAND: POST /session/d4f675b322105372b3380f2dea3f05ac/execute/sync - {"script":"<script> [5351 bytes]","args":[{"element-6066-11e4-a52e-4f735466cecf":"f.73BB2000E1F4E36FD864906F51978B2B.d.395265EEF32E89A0A60D5193232EC16D.e.26088","ELEMENT":"f.73BB2000E1F4E36FD864906F51978B2B.d.395265EEF32E89A0A60D5193232EC16D.e.26088"}]}
COMMAND: GET /session/d4f675b322105372b3380f2dea3f05ac/screenshot - {}
RESULT: {"script":"<script> [5351 bytes]","args":[{"element-6066-11e4-a52e-4f735466cecf":"f.73BB2000E1F4E36FD864906F51978B2B.d.395265EEF32E89A0A60D5193232EC16D.e.26088","ELEMENT":"f.73BB2000E1F4E36FD864906F51978B2B.d.395265EEF32E89A0A60D5193232EC16D.e.26088"}]}
COMMAND: POST /session/d4f675b322105372b3380f2dea3f05ac/element - {"using":"css selector","value":"#shell-header-logo"}
COMMAND: GET /session/d4f675b322105372b3380f2dea3f05ac/screenshot - {}
RESULT: {}
RESULT: {"using":"css selector","value":"#shell-header-logo"}
COMMAND: POST /session/d4f675b322105372b3380f2dea3f05ac/element/f.73BB2000E1F4E36FD864906F51978B2B.d.395265EEF32E89A0A60D5193232EC16D.e.26088/click - {}
RESULT: {}
RESULT: {}
COMMAND: GET /session/d4f675b322105372b3380f2dea3f05ac/screenshot - {}
RESULT: {}
COMMAND: POST /session/d4f675b322105372b3380f2dea3f05ac/execute/async - {"script":"<script> [189 bytes]","args":[]}
RESULT: {"script":"<script> [189 bytes]","args":[]}
COMMAND: POST /session/d4f675b322105372b3380f2dea3f05ac/execute/async - {"script":"<script> [123 bytes]","args":[]}
RESULT: {"script":"<script> [123 bytes]","args":[]}
COMMAND: POST /session/d4f675b322105372b3380f2dea3f05ac/timeouts - {"script":"<number>"}
RESULT: {"script":"<number>"}
COMMAND: GET /session/d4f675b322105372b3380f2dea3f05ac/timeouts - {}
RESULT: {}
RESULT: undefined
COMMAND: POST /session/d4f675b322105372b3380f2dea3f05ac/execute/async - {"script":"<script> [2676 bytes]","args":[]}
RESULT: {"script":"<script> [2676 bytes]","args":[]}
COMMAND: POST /session/d4f675b322105372b3380f2dea3f05ac/execute/async - {"script":"<script> [2342 bytes]","args":[{"protocol":"http","hostname":"0.0.0.0","path":"/","capabilities":{"browserName":"chrome","goog:chromeOptions":{"binary":"C:\\Program Files\\Google\\Chrome\\Application\\chrome.exe","args":["--start-maximized"]}},"logLevel":"warn","connectionRetryTimeout":120000,"connectionRetryCount":3,"logLevels":{},"enableDirectConnect":true,"strictSSL":true,"_":"65 more keys: [\"cacheDir\",\"port\",\"requestedCapabilities\",\"automationProtocol\",\"baseUrl\",\"waitforInterval\",\"waitforTimeout\",\"onReload\",\"beforeCommand\",\"afterCommand\",\"rootDir\",\"specs\",\"suites\",\"exclude\",\"groupLogsByTestSpec\",\"excludeDriverLogs\",\"bail\",\"framework\",\"reporters\",\"services\",\"maxInstances\",\"maxInstancesPerCapability\",\"injectGlobals\",\"filesToWatch\",\"execArgv\",\"runnerEnv\",\"runner\",\"shard\",\"specFileRetries\",\"specFileRetriesDelay\",\"specFileRetriesDeferred\",\"reporterSyncInterval\",\"reporterSyncTimeout\",\"cucumberFeaturesWithLineNumbers\",\"autoCompileOpts\",\"mochaOpts\",\"jasmineOpts\",\"cucumberOpts\",\"onPrepare\",\"onWorkerStart\",\"onWorkerEnd\",\"before\",\"beforeSession\",\"beforeSuite\",\"beforeHook\",\"beforeTest\",\"afterTest\",\"afterHook\",\"afterSuite\",\"afterSession\",\"after\",\"onComplete\",\"beforeAssertion\",\"afterAssertion\",\"beforeFeature\",\"beforeScenario\",\"beforeStep\",\"afterStep\",\"afterScenario\",\"afterFeature\",\"_\",\"suite\",\"$0\",\"ignoredWorkerServices\",\"wdi5\"]"}]}
RESULT: {"script":"<script> [2342 bytes]","args":[{"protocol":"http","hostname":"0.0.0.0","path":"/","capabilities":{"browserName":"chrome","goog:chromeOptions":{"binary":"C:\\Program Files\\Google\\Chrome\\Application\\chrome.exe","args":["--start-maximized"]}},"logLevel":"warn","connectionRetryTimeout":120000,"connectionRetryCount":3,"logLevels":{},"enableDirectConnect":true,"strictSSL":true,"_":"65 more keys: [\"cacheDir\",\"port\",\"requestedCapabilities\",\"automationProtocol\",\"baseUrl\",\"waitforInterval\",\"waitforTimeout\",\"onReload\",\"beforeCommand\",\"afterCommand\",\"rootDir\",\"specs\",\"suites\",\"exclude\",\"groupLogsByTestSpec\",\"excludeDriverLogs\",\"bail\",\"framework\",\"reporters\",\"services\",\"maxInstances\",\"maxInstancesPerCapability\",\"injectGlobals\",\"filesToWatch\",\"execArgv\",\"runnerEnv\",\"runner\",\"shard\",\"specFileRetries\",\"specFileRetriesDelay\",\"specFileRetriesDeferred\",\"reporterSyncInterval\",\"reporterSyncTimeout\",\"cucumberFeaturesWithLineNumbers\",\"autoCompileOpts\",\"mochaOpts\",\"jasmineOpts\",\"cucumberOpts\",\"onPrepare\",\"onWorkerStart\",\"onWorkerEnd\",\"before\",\"beforeSession\",\"beforeSuite\",\"beforeHook\",\"beforeTest\",\"afterTest\",\"afterHook\",\"afterSuite\",\"afterSession\",\"after\",\"onComplete\",\"beforeAssertion\",\"afterAssertion\",\"beforeFeature\",\"beforeScenario\",\"beforeStep\",\"afterStep\",\"afterScenario\",\"afterFeature\",\"_\",\"suite\",\"$0\",\"ignoredWorkerServices\",\"wdi5\"]"}]}
COMMAND: POST /session/d4f675b322105372b3380f2dea3f05ac/execute/async - {"script":"<script> [21126 bytes]","args":[35000]}
RESULT: {"script":"<script> [21126 bytes]","args":[35000]}
COMMAND: POST /session/d4f675b322105372b3380f2dea3f05ac/window/maximize - {}
RESULT: {}
COMMAND: POST /session/d4f675b322105372b3380f2dea3f05ac/execute/async - {"script":"<script> [1562 bytes]","args":[{"selector":{"id":"shell-header","interaction":{"idSuffix":"icon"}},"wdio_ui5_key":"shellheader"}]}
COMMAND: GET /session/d4f675b322105372b3380f2dea3f05ac/screenshot - {}
RESULT: {"script":"<script> [1562 bytes]","args":[{"selector":{"id":"shell-header","interaction":{"idSuffix":"icon"}},"wdio_ui5_key":"shellheader"}]}
RESULT: undefined
COMMAND: POST /session/d4f675b322105372b3380f2dea3f05ac/window/fullscreen - {}
RESULT: {}
RESULT: {}
]]></system-out>
    </testcase>
  </testsuite>
  <testsuite timestamp="2025-05-28T17:30:54" time="704.683" tests="7" failures="0" errors="0" skipped="0">
    <properties>
      <property name="specId" value="0"/>
      <property name="suiteName" value="Transfer Yard to Yard US131076"/>
      <property name="capabilities" value="chrome.136_0_7103_93.windows"/>
      <property name="file" value="file:///D:/a/1/s/test/specs/HTR/transfer-yard-to-yard.spec.js"/>
    </properties>
    <testcase classname="chrome.136_0_7103_93.windows.Transfer_Yard_to_Yard_US131076" name="Should create a new yard" time="0.01">
      <system-out><![CDATA[
COMMAND: POST /session/d4f675b322105372b3380f2dea3f05ac/window/fullscreen - {}
RESULT: {}
]]></system-out>
    </testcase>
    <testcase classname="chrome.136_0_7103_93.windows.Transfer_Yard_to_Yard_US131076" name="Should create a new 2nd yard" time="116.08">
      <system-out><![CDATA[
COMMAND: POST /session/d4f675b322105372b3380f2dea3f05ac/window/fullscreen - {}
RESULT: {}
COMMAND: POST /session/d4f675b322105372b3380f2dea3f05ac/execute/async - {"script":"<script> [1562 bytes]","args":[{"selector":{"controlType":"sap.m.GenericTile","properties":{"header":"Manage Yards"}},"wdio_ui5_key":"sapm.GenericTile{\"header\":\"Manage Yards\"}"}]}
RESULT: {"script":"<script> [1562 bytes]","args":[{"selector":{"controlType":"sap.m.GenericTile","properties":{"header":"Manage Yards"}},"wdio_ui5_key":"sapm.GenericTile{\"header\":\"Manage Yards\"}"}]}
RESULT: undefined
COMMAND: POST /session/d4f675b322105372b3380f2dea3f05ac/element - {"using":"xpath","value":"//*[@id=\"__tile33\"]"}
RESULT: {"using":"xpath","value":"//*[@id=\"__tile33\"]"}
COMMAND: POST /session/d4f675b322105372b3380f2dea3f05ac/element/f.73BB2000E1F4E36FD864906F51978B2B.d.395265EEF32E89A0A60D5193232EC16D.e.26113/click - {}
RESULT: {}
COMMAND: GET /session/d4f675b322105372b3380f2dea3f05ac/screenshot - {}
RESULT: {}
COMMAND: POST /session/d4f675b322105372b3380f2dea3f05ac/elements - {"using":"xpath","value":"//span[text()='Error']"}
RESULT: {"using":"xpath","value":"//span[text()='Error']"}
COMMAND: POST /session/d4f675b322105372b3380f2dea3f05ac/element - {"using":"xpath","value":"//button[@data-kt=\"addNewYardOverflowToolbarButton\"]"}
RESULT: {"using":"xpath","value":"//button[@data-kt=\"addNewYardOverflowToolbarButton\"]"}
COMMAND: POST /session/d4f675b322105372b3380f2dea3f05ac/elements - {"using":"xpath","value":"//button[@data-kt=\"addNewYardOverflowToolbarButton\"]"}
RESULT: {"using":"xpath","value":"//button[@data-kt=\"addNewYardOverflowToolbarButton\"]"}
COMMAND: POST /session/d4f675b322105372b3380f2dea3f05ac/elements - {"using":"xpath","value":"//button[@data-kt=\"addNewYardOverflowToolbarButton\"]"}
RESULT: {"using":"xpath","value":"//button[@data-kt=\"addNewYardOverflowToolbarButton\"]"}
COMMAND: POST /session/d4f675b322105372b3380f2dea3f05ac/element - {"using":"xpath","value":"//button[@data-kt=\"addNewYardOverflowToolbarButton\"]"}
RESULT: {"using":"xpath","value":"//button[@data-kt=\"addNewYardOverflowToolbarButton\"]"}
COMMAND: POST /session/d4f675b322105372b3380f2dea3f05ac/execute/sync - {"script":"<script> [8489 bytes]","args":[{"element-6066-11e4-a52e-4f735466cecf":"f.73BB2000E1F4E36FD864906F51978B2B.d.395265EEF32E89A0A60D5193232EC16D.e.26236","ELEMENT":"f.73BB2000E1F4E36FD864906F51978B2B.d.395265EEF32E89A0A60D5193232EC16D.e.26236"}]}
RESULT: {"script":"<script> [8489 bytes]","args":[{"element-6066-11e4-a52e-4f735466cecf":"f.73BB2000E1F4E36FD864906F51978B2B.d.395265EEF32E89A0A60D5193232EC16D.e.26236","ELEMENT":"f.73BB2000E1F4E36FD864906F51978B2B.d.395265EEF32E89A0A60D5193232EC16D.e.26236"}]}
COMMAND: GET /session/d4f675b322105372b3380f2dea3f05ac/element/f.73BB2000E1F4E36FD864906F51978B2B.d.395265EEF32E89A0A60D5193232EC16D.e.26236/enabled - {}
COMMAND: GET /session/d4f675b322105372b3380f2dea3f05ac/screenshot - {}
RESULT: {}
COMMAND: POST /session/d4f675b322105372b3380f2dea3f05ac/execute/sync - {"script":"<script> [8489 bytes]","args":[{"element-6066-11e4-a52e-4f735466cecf":"f.73BB2000E1F4E36FD864906F51978B2B.d.395265EEF32E89A0A60D5193232EC16D.e.26236","ELEMENT":"f.73BB2000E1F4E36FD864906F51978B2B.d.395265EEF32E89A0A60D5193232EC16D.e.26236"}]}
COMMAND: GET /session/d4f675b322105372b3380f2dea3f05ac/screenshot - {}
RESULT: {}
RESULT: {"script":"<script> [8489 bytes]","args":[{"element-6066-11e4-a52e-4f735466cecf":"f.73BB2000E1F4E36FD864906F51978B2B.d.395265EEF32E89A0A60D5193232EC16D.e.26236","ELEMENT":"f.73BB2000E1F4E36FD864906F51978B2B.d.395265EEF32E89A0A60D5193232EC16D.e.26236"}]}
COMMAND: POST /session/d4f675b322105372b3380f2dea3f05ac/execute/sync - {"script":"<script> [5351 bytes]","args":[{"element-6066-11e4-a52e-4f735466cecf":"f.73BB2000E1F4E36FD864906F51978B2B.d.395265EEF32E89A0A60D5193232EC16D.e.26236","ELEMENT":"f.73BB2000E1F4E36FD864906F51978B2B.d.395265EEF32E89A0A60D5193232EC16D.e.26236"}]}
COMMAND: GET /session/d4f675b322105372b3380f2dea3f05ac/screenshot - {}
RESULT: {}
RESULT: {"script":"<script> [5351 bytes]","args":[{"element-6066-11e4-a52e-4f735466cecf":"f.73BB2000E1F4E36FD864906F51978B2B.d.395265EEF32E89A0A60D5193232EC16D.e.26236","ELEMENT":"f.73BB2000E1F4E36FD864906F51978B2B.d.395265EEF32E89A0A60D5193232EC16D.e.26236"}]}
COMMAND: POST /session/d4f675b322105372b3380f2dea3f05ac/element/f.73BB2000E1F4E36FD864906F51978B2B.d.395265EEF32E89A0A60D5193232EC16D.e.26236/click - {}
COMMAND: GET /session/d4f675b322105372b3380f2dea3f05ac/screenshot - {}
RESULT: {}
RESULT: {}
COMMAND: GET /session/d4f675b322105372b3380f2dea3f05ac/screenshot - {}
RESULT: {}
RESULT: {}
COMMAND: POST /session/d4f675b322105372b3380f2dea3f05ac/element - {"using":"xpath","value":"//input[@id=\"application-manageyards-display-component---NewYard--yardId-inner\"]"}
RESULT: {"using":"xpath","value":"//input[@id=\"application-manageyards-display-component---NewYard--yardId-inner\"]"}
COMMAND: POST /session/d4f675b322105372b3380f2dea3f05ac/element - {"using":"xpath","value":"//input[@id=\"application-manageyards-display-component---NewYard--yardId-inner\"]"}
RESULT: {"using":"xpath","value":"//input[@id=\"application-manageyards-display-component---NewYard--yardId-inner\"]"}
COMMAND: POST /session/d4f675b322105372b3380f2dea3f05ac/execute/async - {"script":"<script> [1562 bytes]","args":[{"selector":{"id":"application-manageyards-display-component---NewYard--addressDetailDetailsName1","interaction":{"idSuffix":"inner"}},"wdio_ui5_key":"applicationmanageyards-display-component---NewYard--addressDetailDetailsName1"}]}
RESULT: {"script":"<script> [1562 bytes]","args":[{"selector":{"id":"application-manageyards-display-component---NewYard--addressDetailDetailsName1","interaction":{"idSuffix":"inner"}},"wdio_ui5_key":"applicationmanageyards-display-component---NewYard--addressDetailDetailsName1"}]}
RESULT: undefined
COMMAND: POST /session/d4f675b322105372b3380f2dea3f05ac/execute/async - {"script":"<script> [776 bytes]","args":[{"enterText":"Intracompany Yard wdIO","selector":{"id":"application-manageyards-display-component---NewYard--addressDetailDetailsName1","interaction":{"idSuffix":"inner"}},"clearTextFirst":true,"interactionType":"ENTER_TEXT"}]}
RESULT: {"script":"<script> [776 bytes]","args":[{"enterText":"Intracompany Yard wdIO","selector":{"id":"application-manageyards-display-component---NewYard--addressDetailDetailsName1","interaction":{"idSuffix":"inner"}},"clearTextFirst":true,"interactionType":"ENTER_TEXT"}]}
COMMAND: POST /session/d4f675b322105372b3380f2dea3f05ac/execute/async - {"script":"<script> [1562 bytes]","args":[{"selector":{"id":"application-manageyards-display-component---NewYard--addressDetailDetailsLanguage-arrow"},"wdio_ui5_key":"applicationmanageyards-display-component---NewYard--addressDetailDetailsLanguage-arrow"}]}
RESULT: {"script":"<script> [1562 bytes]","args":[{"selector":{"id":"application-manageyards-display-component---NewYard--addressDetailDetailsLanguage-arrow"},"wdio_ui5_key":"applicationmanageyards-display-component---NewYard--addressDetailDetailsLanguage-arrow"}]}
RESULT: undefined
COMMAND: POST /session/d4f675b322105372b3380f2dea3f05ac/element - {"using":"xpath","value":"//*[@id=\"application-manageyards-display-component---NewYard--addressDetailDetailsLanguage-arrow\"]"}
RESULT: {"using":"xpath","value":"//*[@id=\"application-manageyards-display-component---NewYard--addressDetailDetailsLanguage-arrow\"]"}
COMMAND: POST /session/d4f675b322105372b3380f2dea3f05ac/element/f.73BB2000E1F4E36FD864906F51978B2B.d.395265EEF32E89A0A60D5193232EC16D.e.26676/click - {}
RESULT: {}
COMMAND: POST /session/d4f675b322105372b3380f2dea3f05ac/element - {"using":"xpath","value":"//span[contains(text(), \"English\")]"}
COMMAND: GET /session/d4f675b322105372b3380f2dea3f05ac/screenshot - {}
RESULT: {"using":"xpath","value":"//span[contains(text(), \"English\")]"}
COMMAND: POST /session/d4f675b322105372b3380f2dea3f05ac/element/f.73BB2000E1F4E36FD864906F51978B2B.d.395265EEF32E89A0A60D5193232EC16D.e.26677/click - {}
RESULT: {}
RESULT: {}
COMMAND: POST /session/d4f675b322105372b3380f2dea3f05ac/execute/async - {"script":"<script> [1562 bytes]","args":[{"selector":{"id":"application-manageyards-display-component---NewYard--addressDetailDetailsCity1","interaction":{"idSuffix":"inner"}},"wdio_ui5_key":"applicationmanageyards-display-component---NewYard--addressDetailDetailsCity1"}]}
COMMAND: GET /session/d4f675b322105372b3380f2dea3f05ac/screenshot - {}
RESULT: {"script":"<script> [1562 bytes]","args":[{"selector":{"id":"application-manageyards-display-component---NewYard--addressDetailDetailsCity1","interaction":{"idSuffix":"inner"}},"wdio_ui5_key":"applicationmanageyards-display-component---NewYard--addressDetailDetailsCity1"}]}
RESULT: undefined
COMMAND: POST /session/d4f675b322105372b3380f2dea3f05ac/execute/async - {"script":"<script> [776 bytes]","args":[{"enterText":"Rosario","selector":{"id":"application-manageyards-display-component---NewYard--addressDetailDetailsCity1","interaction":{"idSuffix":"inner"}},"clearTextFirst":true,"interactionType":"ENTER_TEXT"}]}
RESULT: {}
RESULT: {"script":"<script> [776 bytes]","args":[{"enterText":"Rosario","selector":{"id":"application-manageyards-display-component---NewYard--addressDetailDetailsCity1","interaction":{"idSuffix":"inner"}},"clearTextFirst":true,"interactionType":"ENTER_TEXT"}]}
COMMAND: POST /session/d4f675b322105372b3380f2dea3f05ac/execute/async - {"script":"<script> [1562 bytes]","args":[{"selector":{"id":"application-manageyards-display-component---NewYard--addressDetailDetailsCountry-arrow"},"wdio_ui5_key":"applicationmanageyards-display-component---NewYard--addressDetailDetailsCountry-arrow"}]}
RESULT: {"script":"<script> [1562 bytes]","args":[{"selector":{"id":"application-manageyards-display-component---NewYard--addressDetailDetailsCountry-arrow"},"wdio_ui5_key":"applicationmanageyards-display-component---NewYard--addressDetailDetailsCountry-arrow"}]}
RESULT: undefined
COMMAND: POST /session/d4f675b322105372b3380f2dea3f05ac/element - {"using":"xpath","value":"//*[@id=\"application-manageyards-display-component---NewYard--addressDetailDetailsCountry-arrow\"]"}
RESULT: {"using":"xpath","value":"//*[@id=\"application-manageyards-display-component---NewYard--addressDetailDetailsCountry-arrow\"]"}
COMMAND: POST /session/d4f675b322105372b3380f2dea3f05ac/element/f.73BB2000E1F4E36FD864906F51978B2B.d.395265EEF32E89A0A60D5193232EC16D.e.26679/click - {}
RESULT: {}
COMMAND: POST /session/d4f675b322105372b3380f2dea3f05ac/element - {"using":"xpath","value":"//span[contains(text(), \"Argentina\")]"}
COMMAND: GET /session/d4f675b322105372b3380f2dea3f05ac/screenshot - {}
RESULT: {"using":"xpath","value":"//span[contains(text(), \"Argentina\")]"}
COMMAND: POST /session/d4f675b322105372b3380f2dea3f05ac/element/f.73BB2000E1F4E36FD864906F51978B2B.d.395265EEF32E89A0A60D5193232EC16D.e.26680/click - {}
RESULT: {}
RESULT: {}
COMMAND: POST /session/d4f675b322105372b3380f2dea3f05ac/execute/async - {"script":"<script> [1562 bytes]","args":[{"selector":{"id":"application-manageyards-display-component---NewYard--addressEditDetailsCostObjectCstType-arrow"},"wdio_ui5_key":"applicationmanageyards-display-component---NewYard--addressEditDetailsCostObjectCstType-arrow"}]}
COMMAND: GET /session/d4f675b322105372b3380f2dea3f05ac/screenshot - {}
RESULT: {"script":"<script> [1562 bytes]","args":[{"selector":{"id":"application-manageyards-display-component---NewYard--addressEditDetailsCostObjectCstType-arrow"},"wdio_ui5_key":"applicationmanageyards-display-component---NewYard--addressEditDetailsCostObjectCstType-arrow"}]}
RESULT: undefined
COMMAND: POST /session/d4f675b322105372b3380f2dea3f05ac/element - {"using":"xpath","value":"//*[@id=\"application-manageyards-display-component---NewYard--addressEditDetailsCostObjectCstType-arrow\"]"}
RESULT: {}
RESULT: {"using":"xpath","value":"//*[@id=\"application-manageyards-display-component---NewYard--addressEditDetailsCostObjectCstType-arrow\"]"}
COMMAND: POST /session/d4f675b322105372b3380f2dea3f05ac/element/f.73BB2000E1F4E36FD864906F51978B2B.d.395265EEF32E89A0A60D5193232EC16D.e.26682/click - {}
RESULT: {}
COMMAND: POST /session/d4f675b322105372b3380f2dea3f05ac/element - {"using":"xpath","value":"//span[contains(text(), \"Cost Center\")]"}
COMMAND: GET /session/d4f675b322105372b3380f2dea3f05ac/screenshot - {}
RESULT: {"using":"xpath","value":"//span[contains(text(), \"Cost Center\")]"}
COMMAND: POST /session/d4f675b322105372b3380f2dea3f05ac/element/f.73BB2000E1F4E36FD864906F51978B2B.d.395265EEF32E89A0A60D5193232EC16D.e.26683/click - {}
RESULT: {}
RESULT: {}
COMMAND: GET /session/d4f675b322105372b3380f2dea3f05ac/screenshot - {}
RESULT: {}
COMMAND: POST /session/d4f675b322105372b3380f2dea3f05ac/element - {"using":"xpath","value":"//span[@id=\"application-manageyards-display-component---NewYard--addressNewCostObjectCstID-vhi\"]"}
RESULT: {"using":"xpath","value":"//span[@id=\"application-manageyards-display-component---NewYard--addressNewCostObjectCstID-vhi\"]"}
COMMAND: POST /session/d4f675b322105372b3380f2dea3f05ac/execute/sync - {"script":"<script> [8489 bytes]","args":[{"element-6066-11e4-a52e-4f735466cecf":"f.73BB2000E1F4E36FD864906F51978B2B.d.395265EEF32E89A0A60D5193232EC16D.e.26687","ELEMENT":"f.73BB2000E1F4E36FD864906F51978B2B.d.395265EEF32E89A0A60D5193232EC16D.e.26687"}]}
RESULT: {"script":"<script> [8489 bytes]","args":[{"element-6066-11e4-a52e-4f735466cecf":"f.73BB2000E1F4E36FD864906F51978B2B.d.395265EEF32E89A0A60D5193232EC16D.e.26687","ELEMENT":"f.73BB2000E1F4E36FD864906F51978B2B.d.395265EEF32E89A0A60D5193232EC16D.e.26687"}]}
COMMAND: POST /session/d4f675b322105372b3380f2dea3f05ac/execute/async - {"script":"<script> [1562 bytes]","args":[{"selector":{"id":"application-manageyards-display-component---NewYard--addressNewCostObjectCstID-vhi"},"wdio_ui5_key":"applicationmanageyards-display-component---NewYard--addressNewCostObjectCstID-vhi"}]}
COMMAND: GET /session/d4f675b322105372b3380f2dea3f05ac/screenshot - {}
RESULT: {"script":"<script> [1562 bytes]","args":[{"selector":{"id":"application-manageyards-display-component---NewYard--addressNewCostObjectCstID-vhi"},"wdio_ui5_key":"applicationmanageyards-display-component---NewYard--addressNewCostObjectCstID-vhi"}]}
RESULT: undefined
COMMAND: POST /session/d4f675b322105372b3380f2dea3f05ac/element - {"using":"xpath","value":"//*[@id=\"application-manageyards-display-component---NewYard--addressNewCostObjectCstID-vhi\"]"}
RESULT: {}
RESULT: {"using":"xpath","value":"//*[@id=\"application-manageyards-display-component---NewYard--addressNewCostObjectCstID-vhi\"]"}
COMMAND: POST /session/d4f675b322105372b3380f2dea3f05ac/element/f.73BB2000E1F4E36FD864906F51978B2B.d.395265EEF32E89A0A60D5193232EC16D.e.26687/click - {}
RESULT: {}
COMMAND: GET /session/d4f675b322105372b3380f2dea3f05ac/screenshot - {}
RESULT: {}
COMMAND: POST /session/d4f675b322105372b3380f2dea3f05ac/execute/async - {"script":"<script> [1562 bytes]","args":[{"selector":{"controlType":"sap.m.SearchField","properties":{"placeholder":"Search"},"searchOpenDialogs":true,"interaction":{"idSuffix":"I"}},"wdio_ui5_key":"sapm.SearchField{\"placeholder\":\"Search\"}"}]}
RESULT: {"script":"<script> [1562 bytes]","args":[{"selector":{"controlType":"sap.m.SearchField","properties":{"placeholder":"Search"},"searchOpenDialogs":true,"interaction":{"idSuffix":"I"}},"wdio_ui5_key":"sapm.SearchField{\"placeholder\":\"Search\"}"}]}
RESULT: undefined
COMMAND: POST /session/d4f675b322105372b3380f2dea3f05ac/execute/async - {"script":"<script> [776 bytes]","args":[{"enterText":"bauh_b","selector":{"controlType":"sap.m.SearchField","properties":{"placeholder":"Search"},"searchOpenDialogs":true,"interaction":{"idSuffix":"I"}},"clearTextFirst":true,"interactionType":"ENTER_TEXT"}]}
RESULT: {"script":"<script> [776 bytes]","args":[{"enterText":"bauh_b","selector":{"controlType":"sap.m.SearchField","properties":{"placeholder":"Search"},"searchOpenDialogs":true,"interaction":{"idSuffix":"I"}},"clearTextFirst":true,"interactionType":"ENTER_TEXT"}]}
COMMAND: POST /session/d4f675b322105372b3380f2dea3f05ac/actions - {"actions":[{"id":"action80","type":"key","parameters":{},"actions":[{"type":"keyDown","value":""},{"type":"pause","duration":10},{"type":"keyUp","value":""}]}]}
RESULT: {"actions":[{"id":"action80","type":"key","parameters":{},"actions":[{"type":"keyDown","value":""},{"type":"pause","duration":10},{"type":"keyUp","value":""}]}]}
COMMAND: GET /session/d4f675b322105372b3380f2dea3f05ac/screenshot - {}
RESULT: {}
COMMAND: POST /session/d4f675b322105372b3380f2dea3f05ac/element - {"using":"xpath","value":"//span[contains(text(), \"Demo Yard\")]"}
RESULT: {"using":"xpath","value":"//span[contains(text(), \"Demo Yard\")]"}
COMMAND: POST /session/d4f675b322105372b3380f2dea3f05ac/element/f.73BB2000E1F4E36FD864906F51978B2B.d.395265EEF32E89A0A60D5193232EC16D.e.26728/click - {}
RESULT: {}
COMMAND: GET /session/d4f675b322105372b3380f2dea3f05ac/screenshot - {}
RESULT: {}
COMMAND: POST /session/d4f675b322105372b3380f2dea3f05ac/element - {"using":"xpath","value":"//bdi[contains(text(), \"OK\")]"}
RESULT: {"using":"xpath","value":"//bdi[contains(text(), \"OK\")]"}
COMMAND: POST /session/d4f675b322105372b3380f2dea3f05ac/element/f.73BB2000E1F4E36FD864906F51978B2B.d.395265EEF32E89A0A60D5193232EC16D.e.26729/click - {}
RESULT: {}
COMMAND: GET /session/d4f675b322105372b3380f2dea3f05ac/screenshot - {}
RESULT: {}
COMMAND: POST /session/d4f675b322105372b3380f2dea3f05ac/execute/async - {"script":"<script> [1562 bytes]","args":[{"selector":{"id":"application-manageyards-display-component---NewYard--addressEditDetailsCurrency-arrow"},"wdio_ui5_key":"applicationmanageyards-display-component---NewYard--addressEditDetailsCurrency-arrow"}]}
RESULT: {"script":"<script> [1562 bytes]","args":[{"selector":{"id":"application-manageyards-display-component---NewYard--addressEditDetailsCurrency-arrow"},"wdio_ui5_key":"applicationmanageyards-display-component---NewYard--addressEditDetailsCurrency-arrow"}]}
RESULT: undefined
COMMAND: POST /session/d4f675b322105372b3380f2dea3f05ac/element - {"using":"xpath","value":"//*[@id=\"application-manageyards-display-component---NewYard--addressEditDetailsCurrency-arrow\"]"}
RESULT: {"using":"xpath","value":"//*[@id=\"application-manageyards-display-component---NewYard--addressEditDetailsCurrency-arrow\"]"}
COMMAND: POST /session/d4f675b322105372b3380f2dea3f05ac/element/f.73BB2000E1F4E36FD864906F51978B2B.d.395265EEF32E89A0A60D5193232EC16D.e.26732/click - {}
RESULT: {}
COMMAND: POST /session/d4f675b322105372b3380f2dea3f05ac/element - {"using":"xpath","value":"//span[contains(text(), \"Euro\")]"}
COMMAND: GET /session/d4f675b322105372b3380f2dea3f05ac/screenshot - {}
RESULT: {"using":"xpath","value":"//span[contains(text(), \"Euro\")]"}
COMMAND: POST /session/d4f675b322105372b3380f2dea3f05ac/element/f.73BB2000E1F4E36FD864906F51978B2B.d.395265EEF32E89A0A60D5193232EC16D.e.26733/click - {}
RESULT: {}
RESULT: {}
COMMAND: POST /session/d4f675b322105372b3380f2dea3f05ac/execute/async - {"script":"<script> [1562 bytes]","args":[{"selector":{"controlType":"sap.m.Input","viewName":"etm.portal.ui.manageyards.view.New","viewId":"application-manageyards-display-component---NewYard","bindingPath":{"path":"","propertyPath":"/CONTROLLING_AREA","modelName":"NewYardModel"},"interaction":{"idSuffix":"inner"}},"wdio_ui5_key":"etmportal.ui.manageyards.view.Newsap.m.Input{\"path\":\"\",\"propertyPath\":\"/CONTROLLING_AREA\",\"modelName\":\"NewYardModel\"}"}]}
COMMAND: GET /session/d4f675b322105372b3380f2dea3f05ac/screenshot - {}
RESULT: {"script":"<script> [1562 bytes]","args":[{"selector":{"controlType":"sap.m.Input","viewName":"etm.portal.ui.manageyards.view.New","viewId":"application-manageyards-display-component---NewYard","bindingPath":{"path":"","propertyPath":"/CONTROLLING_AREA","modelName":"NewYardModel"},"interaction":{"idSuffix":"inner"}},"wdio_ui5_key":"etmportal.ui.manageyards.view.Newsap.m.Input{\"path\":\"\",\"propertyPath\":\"/CONTROLLING_AREA\",\"modelName\":\"NewYardModel\"}"}]}
RESULT: undefined
COMMAND: POST /session/d4f675b322105372b3380f2dea3f05ac/execute/async - {"script":"<script> [776 bytes]","args":[{"enterText":"Z001","selector":{"controlType":"sap.m.Input","viewName":"etm.portal.ui.manageyards.view.New","viewId":"application-manageyards-display-component---NewYard","bindingPath":{"path":"","propertyPath":"/CONTROLLING_AREA","modelName":"NewYardModel"},"interaction":{"idSuffix":"inner"}},"clearTextFirst":true,"interactionType":"ENTER_TEXT"}]}
RESULT: {}
RESULT: {"script":"<script> [776 bytes]","args":[{"enterText":"Z001","selector":{"controlType":"sap.m.Input","viewName":"etm.portal.ui.manageyards.view.New","viewId":"application-manageyards-display-component---NewYard","bindingPath":{"path":"","propertyPath":"/CONTROLLING_AREA","modelName":"NewYardModel"},"interaction":{"idSuffix":"inner"}},"clearTextFirst":true,"interactionType":"ENTER_TEXT"}]}
COMMAND: POST /session/d4f675b322105372b3380f2dea3f05ac/execute/async - {"script":"<script> [1562 bytes]","args":[{"selector":{"id":"application-manageyards-display-component---NewYard--companyCodeComboBox","interaction":{"idSuffix":"inner"}},"wdio_ui5_key":"applicationmanageyards-display-component---NewYard--companyCodeComboBox"}]}
RESULT: {"script":"<script> [1562 bytes]","args":[{"selector":{"id":"application-manageyards-display-component---NewYard--companyCodeComboBox","interaction":{"idSuffix":"inner"}},"wdio_ui5_key":"applicationmanageyards-display-component---NewYard--companyCodeComboBox"}]}
RESULT: undefined
COMMAND: POST /session/d4f675b322105372b3380f2dea3f05ac/execute/async - {"script":"<script> [776 bytes]","args":[{"enterText":"1000","selector":{"id":"application-manageyards-display-component---NewYard--companyCodeComboBox","interaction":{"idSuffix":"inner"}},"clearTextFirst":true,"interactionType":"ENTER_TEXT"}]}
RESULT: {"script":"<script> [776 bytes]","args":[{"enterText":"1000","selector":{"id":"application-manageyards-display-component---NewYard--companyCodeComboBox","interaction":{"idSuffix":"inner"}},"clearTextFirst":true,"interactionType":"ENTER_TEXT"}]}
COMMAND: POST /session/d4f675b322105372b3380f2dea3f05ac/execute/async - {"script":"<script> [1562 bytes]","args":[{"selector":{"controlType":"sap.m.Input","viewName":"etm.portal.ui.manageyards.view.New","viewId":"application-manageyards-display-component---NewYard","bindingPath":{"path":"","propertyPath":"/PLANT","modelName":"NewYardModel"},"interaction":{"idSuffix":"inner"}},"wdio_ui5_key":"etmportal.ui.manageyards.view.Newsap.m.Input{\"path\":\"\",\"propertyPath\":\"/PLANT\",\"modelName\":\"NewYardModel\"}"}]}
RESULT: {"script":"<script> [1562 bytes]","args":[{"selector":{"controlType":"sap.m.Input","viewName":"etm.portal.ui.manageyards.view.New","viewId":"application-manageyards-display-component---NewYard","bindingPath":{"path":"","propertyPath":"/PLANT","modelName":"NewYardModel"},"interaction":{"idSuffix":"inner"}},"wdio_ui5_key":"etmportal.ui.manageyards.view.Newsap.m.Input{\"path\":\"\",\"propertyPath\":\"/PLANT\",\"modelName\":\"NewYardModel\"}"}]}
RESULT: undefined
COMMAND: POST /session/d4f675b322105372b3380f2dea3f05ac/execute/async - {"script":"<script> [776 bytes]","args":[{"enterText":"1001","selector":{"controlType":"sap.m.Input","viewName":"etm.portal.ui.manageyards.view.New","viewId":"application-manageyards-display-component---NewYard","bindingPath":{"path":"","propertyPath":"/PLANT","modelName":"NewYardModel"},"interaction":{"idSuffix":"inner"}},"clearTextFirst":true,"interactionType":"ENTER_TEXT"}]}
RESULT: {"script":"<script> [776 bytes]","args":[{"enterText":"1001","selector":{"controlType":"sap.m.Input","viewName":"etm.portal.ui.manageyards.view.New","viewId":"application-manageyards-display-component---NewYard","bindingPath":{"path":"","propertyPath":"/PLANT","modelName":"NewYardModel"},"interaction":{"idSuffix":"inner"}},"clearTextFirst":true,"interactionType":"ENTER_TEXT"}]}
COMMAND: POST /session/d4f675b322105372b3380f2dea3f05ac/execute/async - {"script":"<script> [1562 bytes]","args":[{"selector":{"controlType":"sap.m.Input","viewName":"etm.portal.ui.manageyards.view.New","viewId":"application-manageyards-display-component---NewYard","bindingPath":{"path":"","propertyPath":"/SALES_AREA_VKORG","modelName":"NewYardModel"},"interaction":{"idSuffix":"inner"}},"wdio_ui5_key":"etmportal.ui.manageyards.view.Newsap.m.Input{\"path\":\"\",\"propertyPath\":\"/SALES_AREA_VKORG\",\"modelName\":\"NewYardModel\"}"}]}
RESULT: {"script":"<script> [1562 bytes]","args":[{"selector":{"controlType":"sap.m.Input","viewName":"etm.portal.ui.manageyards.view.New","viewId":"application-manageyards-display-component---NewYard","bindingPath":{"path":"","propertyPath":"/SALES_AREA_VKORG","modelName":"NewYardModel"},"interaction":{"idSuffix":"inner"}},"wdio_ui5_key":"etmportal.ui.manageyards.view.Newsap.m.Input{\"path\":\"\",\"propertyPath\":\"/SALES_AREA_VKORG\",\"modelName\":\"NewYardModel\"}"}]}
RESULT: undefined
COMMAND: POST /session/d4f675b322105372b3380f2dea3f05ac/execute/async - {"script":"<script> [776 bytes]","args":[{"enterText":"C002","selector":{"controlType":"sap.m.Input","viewName":"etm.portal.ui.manageyards.view.New","viewId":"application-manageyards-display-component---NewYard","bindingPath":{"path":"","propertyPath":"/SALES_AREA_VKORG","modelName":"NewYardModel"},"interaction":{"idSuffix":"inner"}},"clearTextFirst":true,"interactionType":"ENTER_TEXT"}]}
RESULT: {"script":"<script> [776 bytes]","args":[{"enterText":"C002","selector":{"controlType":"sap.m.Input","viewName":"etm.portal.ui.manageyards.view.New","viewId":"application-manageyards-display-component---NewYard","bindingPath":{"path":"","propertyPath":"/SALES_AREA_VKORG","modelName":"NewYardModel"},"interaction":{"idSuffix":"inner"}},"clearTextFirst":true,"interactionType":"ENTER_TEXT"}]}
COMMAND: POST /session/d4f675b322105372b3380f2dea3f05ac/execute/async - {"script":"<script> [1562 bytes]","args":[{"selector":{"controlType":"sap.m.Input","viewName":"etm.portal.ui.manageyards.view.New","viewId":"application-manageyards-display-component---NewYard","bindingPath":{"path":"","propertyPath":"/SALES_AREA_VTWEG","modelName":"NewYardModel"},"interaction":{"idSuffix":"inner"}},"wdio_ui5_key":"etmportal.ui.manageyards.view.Newsap.m.Input{\"path\":\"\",\"propertyPath\":\"/SALES_AREA_VTWEG\",\"modelName\":\"NewYardModel\"}"}]}
RESULT: {"script":"<script> [1562 bytes]","args":[{"selector":{"controlType":"sap.m.Input","viewName":"etm.portal.ui.manageyards.view.New","viewId":"application-manageyards-display-component---NewYard","bindingPath":{"path":"","propertyPath":"/SALES_AREA_VTWEG","modelName":"NewYardModel"},"interaction":{"idSuffix":"inner"}},"wdio_ui5_key":"etmportal.ui.manageyards.view.Newsap.m.Input{\"path\":\"\",\"propertyPath\":\"/SALES_AREA_VTWEG\",\"modelName\":\"NewYardModel\"}"}]}
RESULT: undefined
COMMAND: POST /session/d4f675b322105372b3380f2dea3f05ac/execute/async - {"script":"<script> [776 bytes]","args":[{"enterText":"C2","selector":{"controlType":"sap.m.Input","viewName":"etm.portal.ui.manageyards.view.New","viewId":"application-manageyards-display-component---NewYard","bindingPath":{"path":"","propertyPath":"/SALES_AREA_VTWEG","modelName":"NewYardModel"},"interaction":{"idSuffix":"inner"}},"clearTextFirst":true,"interactionType":"ENTER_TEXT"}]}
RESULT: {"script":"<script> [776 bytes]","args":[{"enterText":"C2","selector":{"controlType":"sap.m.Input","viewName":"etm.portal.ui.manageyards.view.New","viewId":"application-manageyards-display-component---NewYard","bindingPath":{"path":"","propertyPath":"/SALES_AREA_VTWEG","modelName":"NewYardModel"},"interaction":{"idSuffix":"inner"}},"clearTextFirst":true,"interactionType":"ENTER_TEXT"}]}
COMMAND: POST /session/d4f675b322105372b3380f2dea3f05ac/execute/async - {"script":"<script> [1562 bytes]","args":[{"selector":{"controlType":"sap.m.Input","viewName":"etm.portal.ui.manageyards.view.New","viewId":"application-manageyards-display-component---NewYard","bindingPath":{"path":"","propertyPath":"/SALES_AREA_SPART","modelName":"NewYardModel"},"interaction":{"idSuffix":"inner"}},"wdio_ui5_key":"etmportal.ui.manageyards.view.Newsap.m.Input{\"path\":\"\",\"propertyPath\":\"/SALES_AREA_SPART\",\"modelName\":\"NewYardModel\"}"}]}
RESULT: {"script":"<script> [1562 bytes]","args":[{"selector":{"controlType":"sap.m.Input","viewName":"etm.portal.ui.manageyards.view.New","viewId":"application-manageyards-display-component---NewYard","bindingPath":{"path":"","propertyPath":"/SALES_AREA_SPART","modelName":"NewYardModel"},"interaction":{"idSuffix":"inner"}},"wdio_ui5_key":"etmportal.ui.manageyards.view.Newsap.m.Input{\"path\":\"\",\"propertyPath\":\"/SALES_AREA_SPART\",\"modelName\":\"NewYardModel\"}"}]}
RESULT: undefined
COMMAND: POST /session/d4f675b322105372b3380f2dea3f05ac/execute/async - {"script":"<script> [776 bytes]","args":[{"enterText":"C2","selector":{"controlType":"sap.m.Input","viewName":"etm.portal.ui.manageyards.view.New","viewId":"application-manageyards-display-component---NewYard","bindingPath":{"path":"","propertyPath":"/SALES_AREA_SPART","modelName":"NewYardModel"},"interaction":{"idSuffix":"inner"}},"clearTextFirst":true,"interactionType":"ENTER_TEXT"}]}
RESULT: {"script":"<script> [776 bytes]","args":[{"enterText":"C2","selector":{"controlType":"sap.m.Input","viewName":"etm.portal.ui.manageyards.view.New","viewId":"application-manageyards-display-component---NewYard","bindingPath":{"path":"","propertyPath":"/SALES_AREA_SPART","modelName":"NewYardModel"},"interaction":{"idSuffix":"inner"}},"clearTextFirst":true,"interactionType":"ENTER_TEXT"}]}
COMMAND: POST /session/d4f675b322105372b3380f2dea3f05ac/execute/async - {"script":"<script> [1562 bytes]","args":[{"selector":{"controlType":"sap.m.Input","viewName":"etm.portal.ui.manageyards.view.New","viewId":"application-manageyards-display-component---NewYard","bindingPath":{"path":"","propertyPath":"/SHIP_POINT","modelName":"NewYardModel"},"interaction":{"idSuffix":"inner"}},"wdio_ui5_key":"etmportal.ui.manageyards.view.Newsap.m.Input{\"path\":\"\",\"propertyPath\":\"/SHIP_POINT\",\"modelName\":\"NewYardModel\"}"}]}
RESULT: {"script":"<script> [1562 bytes]","args":[{"selector":{"controlType":"sap.m.Input","viewName":"etm.portal.ui.manageyards.view.New","viewId":"application-manageyards-display-component---NewYard","bindingPath":{"path":"","propertyPath":"/SHIP_POINT","modelName":"NewYardModel"},"interaction":{"idSuffix":"inner"}},"wdio_ui5_key":"etmportal.ui.manageyards.view.Newsap.m.Input{\"path\":\"\",\"propertyPath\":\"/SHIP_POINT\",\"modelName\":\"NewYardModel\"}"}]}
RESULT: undefined
COMMAND: POST /session/d4f675b322105372b3380f2dea3f05ac/execute/async - {"script":"<script> [776 bytes]","args":[{"enterText":"1710","selector":{"controlType":"sap.m.Input","viewName":"etm.portal.ui.manageyards.view.New","viewId":"application-manageyards-display-component---NewYard","bindingPath":{"path":"","propertyPath":"/SHIP_POINT","modelName":"NewYardModel"},"interaction":{"idSuffix":"inner"}},"clearTextFirst":true,"interactionType":"ENTER_TEXT"}]}
RESULT: {"script":"<script> [776 bytes]","args":[{"enterText":"1710","selector":{"controlType":"sap.m.Input","viewName":"etm.portal.ui.manageyards.view.New","viewId":"application-manageyards-display-component---NewYard","bindingPath":{"path":"","propertyPath":"/SHIP_POINT","modelName":"NewYardModel"},"interaction":{"idSuffix":"inner"}},"clearTextFirst":true,"interactionType":"ENTER_TEXT"}]}
COMMAND: POST /session/d4f675b322105372b3380f2dea3f05ac/execute/async - {"script":"<script> [1562 bytes]","args":[{"selector":{"controlType":"sap.m.Input","viewName":"etm.portal.ui.manageyards.view.New","viewId":"application-manageyards-display-component---NewYard","bindingPath":{"path":"","propertyPath":"/DELIVERY_TYPE","modelName":"NewYardModel"},"interaction":{"idSuffix":"inner"}},"wdio_ui5_key":"etmportal.ui.manageyards.view.Newsap.m.Input{\"path\":\"\",\"propertyPath\":\"/DELIVERY_TYPE\",\"modelName\":\"NewYardModel\"}"}]}
RESULT: {"script":"<script> [1562 bytes]","args":[{"selector":{"controlType":"sap.m.Input","viewName":"etm.portal.ui.manageyards.view.New","viewId":"application-manageyards-display-component---NewYard","bindingPath":{"path":"","propertyPath":"/DELIVERY_TYPE","modelName":"NewYardModel"},"interaction":{"idSuffix":"inner"}},"wdio_ui5_key":"etmportal.ui.manageyards.view.Newsap.m.Input{\"path\":\"\",\"propertyPath\":\"/DELIVERY_TYPE\",\"modelName\":\"NewYardModel\"}"}]}
RESULT: undefined
COMMAND: POST /session/d4f675b322105372b3380f2dea3f05ac/execute/async - {"script":"<script> [776 bytes]","args":[{"enterText":"ZL01","selector":{"controlType":"sap.m.Input","viewName":"etm.portal.ui.manageyards.view.New","viewId":"application-manageyards-display-component---NewYard","bindingPath":{"path":"","propertyPath":"/DELIVERY_TYPE","modelName":"NewYardModel"},"interaction":{"idSuffix":"inner"}},"clearTextFirst":true,"interactionType":"ENTER_TEXT"}]}
RESULT: {"script":"<script> [776 bytes]","args":[{"enterText":"ZL01","selector":{"controlType":"sap.m.Input","viewName":"etm.portal.ui.manageyards.view.New","viewId":"application-manageyards-display-component---NewYard","bindingPath":{"path":"","propertyPath":"/DELIVERY_TYPE","modelName":"NewYardModel"},"interaction":{"idSuffix":"inner"}},"clearTextFirst":true,"interactionType":"ENTER_TEXT"}]}
COMMAND: POST /session/d4f675b322105372b3380f2dea3f05ac/execute/async - {"script":"<script> [1562 bytes]","args":[{"selector":{"controlType":"sap.m.Input","viewName":"etm.portal.ui.manageyards.view.New","viewId":"application-manageyards-display-component---NewYard","bindingPath":{"path":"","propertyPath":"/AUART","modelName":"NewYardModel"},"interaction":{"idSuffix":"inner"}},"wdio_ui5_key":"etmportal.ui.manageyards.view.Newsap.m.Input{\"path\":\"\",\"propertyPath\":\"/AUART\",\"modelName\":\"NewYardModel\"}"}]}
RESULT: {"script":"<script> [1562 bytes]","args":[{"selector":{"controlType":"sap.m.Input","viewName":"etm.portal.ui.manageyards.view.New","viewId":"application-manageyards-display-component---NewYard","bindingPath":{"path":"","propertyPath":"/AUART","modelName":"NewYardModel"},"interaction":{"idSuffix":"inner"}},"wdio_ui5_key":"etmportal.ui.manageyards.view.Newsap.m.Input{\"path\":\"\",\"propertyPath\":\"/AUART\",\"modelName\":\"NewYardModel\"}"}]}
RESULT: undefined
COMMAND: POST /session/d4f675b322105372b3380f2dea3f05ac/execute/async - {"script":"<script> [776 bytes]","args":[{"enterText":"TA","selector":{"controlType":"sap.m.Input","viewName":"etm.portal.ui.manageyards.view.New","viewId":"application-manageyards-display-component---NewYard","bindingPath":{"path":"","propertyPath":"/AUART","modelName":"NewYardModel"},"interaction":{"idSuffix":"inner"}},"clearTextFirst":true,"interactionType":"ENTER_TEXT"}]}
RESULT: {"script":"<script> [776 bytes]","args":[{"enterText":"TA","selector":{"controlType":"sap.m.Input","viewName":"etm.portal.ui.manageyards.view.New","viewId":"application-manageyards-display-component---NewYard","bindingPath":{"path":"","propertyPath":"/AUART","modelName":"NewYardModel"},"interaction":{"idSuffix":"inner"}},"clearTextFirst":true,"interactionType":"ENTER_TEXT"}]}
COMMAND: POST /session/d4f675b322105372b3380f2dea3f05ac/element - {"using":"xpath","value":"//button[@data-kt=\"newYardSaveButton\"]"}
RESULT: {"using":"xpath","value":"//button[@data-kt=\"newYardSaveButton\"]"}
COMMAND: POST /session/d4f675b322105372b3380f2dea3f05ac/element/f.73BB2000E1F4E36FD864906F51978B2B.d.395265EEF32E89A0A60D5193232EC16D.e.26659/click - {}
RESULT: {}
COMMAND: GET /session/d4f675b322105372b3380f2dea3f05ac/screenshot - {}
RESULT: {}
COMMAND: POST /session/d4f675b322105372b3380f2dea3f05ac/element - {"using":"xpath","value":"//header[contains(@id, 'ObjectPageLayout-headerTitle')]/div[1]/div[2]/div[1]/span[1]"}
RESULT: {"using":"xpath","value":"//header[contains(@id, 'ObjectPageLayout-headerTitle')]/div[1]/div[2]/div[1]/span[1]"}
COMMAND: POST /session/d4f675b322105372b3380f2dea3f05ac/elements - {"using":"xpath","value":"//header[contains(@id, 'ObjectPageLayout-headerTitle')]/div[1]/div[2]/div[1]/span[1]"}
RESULT: {"using":"xpath","value":"//header[contains(@id, 'ObjectPageLayout-headerTitle')]/div[1]/div[2]/div[1]/span[1]"}
COMMAND: POST /session/d4f675b322105372b3380f2dea3f05ac/execute/sync - {"script":"<script> [56 bytes]","args":[{"element-6066-11e4-a52e-4f735466cecf":"f.73BB2000E1F4E36FD864906F51978B2B.d.395265EEF32E89A0A60D5193232EC16D.e.26953","ELEMENT":"f.73BB2000E1F4E36FD864906F51978B2B.d.395265EEF32E89A0A60D5193232EC16D.e.26953"}]}
RESULT: {"script":"<script> [56 bytes]","args":[{"element-6066-11e4-a52e-4f735466cecf":"f.73BB2000E1F4E36FD864906F51978B2B.d.395265EEF32E89A0A60D5193232EC16D.e.26953","ELEMENT":"f.73BB2000E1F4E36FD864906F51978B2B.d.395265EEF32E89A0A60D5193232EC16D.e.26953"}]}
COMMAND: GET /session/d4f675b322105372b3380f2dea3f05ac/screenshot - {}
RESULT: {}
COMMAND: POST /session/d4f675b322105372b3380f2dea3f05ac/element - {"using":"css selector","value":"#shell-header-logo"}
RESULT: {"using":"css selector","value":"#shell-header-logo"}
COMMAND: POST /session/d4f675b322105372b3380f2dea3f05ac/element/f.73BB2000E1F4E36FD864906F51978B2B.d.395265EEF32E89A0A60D5193232EC16D.e.26088/click - {}
RESULT: {}
COMMAND: GET /session/d4f675b322105372b3380f2dea3f05ac/screenshot - {}
RESULT: {}
COMMAND: POST /session/d4f675b322105372b3380f2dea3f05ac/execute/sync - {"script":"<script> [299 bytes]","args":[["getModel","getResource"]]}
RESULT: {"script":"<script> [299 bytes]","args":[["getModel","getResource"]]}
]]></system-out>
    </testcase>
    <testcase classname="chrome.136_0_7103_93.windows.Transfer_Yard_to_Yard_US131076" name="Should create an equipment" time="140.083">
      <system-out><![CDATA[
COMMAND: GET /session/d4f675b322105372b3380f2dea3f05ac/screenshot - {}
COMMAND: POST /session/d4f675b322105372b3380f2dea3f05ac/execute/async - {"script":"<script> [1562 bytes]","args":[{"selector":{"controlType":"sap.m.GenericTile","properties":{"header":"Manage Resources"}},"wdio_ui5_key":"sapm.GenericTile{\"header\":\"Manage Resources\"}"}]}
RESULT: {}
RESULT: {"script":"<script> [1562 bytes]","args":[{"selector":{"controlType":"sap.m.GenericTile","properties":{"header":"Manage Resources"}},"wdio_ui5_key":"sapm.GenericTile{\"header\":\"Manage Resources\"}"}]}
RESULT: undefined
COMMAND: POST /session/d4f675b322105372b3380f2dea3f05ac/element - {"using":"xpath","value":"//*[@id=\"__tile31\"]"}
RESULT: {"using":"xpath","value":"//*[@id=\"__tile31\"]"}
COMMAND: POST /session/d4f675b322105372b3380f2dea3f05ac/element/f.73BB2000E1F4E36FD864906F51978B2B.d.395265EEF32E89A0A60D5193232EC16D.e.26107/click - {}
RESULT: {}
COMMAND: GET /session/d4f675b322105372b3380f2dea3f05ac/screenshot - {}
RESULT: {}
COMMAND: POST /session/d4f675b322105372b3380f2dea3f05ac/elements - {"using":"xpath","value":"//span[text()='Error']"}
RESULT: {"using":"xpath","value":"//span[text()='Error']"}
COMMAND: POST /session/d4f675b322105372b3380f2dea3f05ac/element - {"using":"xpath","value":"//button[@data-kt=\"addNewRUOverflowToolbarButton\"]"}
RESULT: {"using":"xpath","value":"//button[@data-kt=\"addNewRUOverflowToolbarButton\"]"}
COMMAND: POST /session/d4f675b322105372b3380f2dea3f05ac/elements - {"using":"xpath","value":"//button[@data-kt=\"addNewRUOverflowToolbarButton\"]"}
RESULT: {"using":"xpath","value":"//button[@data-kt=\"addNewRUOverflowToolbarButton\"]"}
COMMAND: POST /session/d4f675b322105372b3380f2dea3f05ac/execute/sync - {"script":"<script> [8489 bytes]","args":[{"element-6066-11e4-a52e-4f735466cecf":"f.73BB2000E1F4E36FD864906F51978B2B.d.395265EEF32E89A0A60D5193232EC16D.e.26989","ELEMENT":"f.73BB2000E1F4E36FD864906F51978B2B.d.395265EEF32E89A0A60D5193232EC16D.e.26989"}]}
RESULT: {"script":"<script> [8489 bytes]","args":[{"element-6066-11e4-a52e-4f735466cecf":"f.73BB2000E1F4E36FD864906F51978B2B.d.395265EEF32E89A0A60D5193232EC16D.e.26989","ELEMENT":"f.73BB2000E1F4E36FD864906F51978B2B.d.395265EEF32E89A0A60D5193232EC16D.e.26989"}]}
COMMAND: GET /session/d4f675b322105372b3380f2dea3f05ac/element/f.73BB2000E1F4E36FD864906F51978B2B.d.395265EEF32E89A0A60D5193232EC16D.e.26989/enabled - {}
COMMAND: GET /session/d4f675b322105372b3380f2dea3f05ac/screenshot - {}
RESULT: {}
COMMAND: POST /session/d4f675b322105372b3380f2dea3f05ac/execute/sync - {"script":"<script> [8489 bytes]","args":[{"element-6066-11e4-a52e-4f735466cecf":"f.73BB2000E1F4E36FD864906F51978B2B.d.395265EEF32E89A0A60D5193232EC16D.e.26989","ELEMENT":"f.73BB2000E1F4E36FD864906F51978B2B.d.395265EEF32E89A0A60D5193232EC16D.e.26989"}]}
COMMAND: GET /session/d4f675b322105372b3380f2dea3f05ac/screenshot - {}
RESULT: {}
RESULT: {"script":"<script> [8489 bytes]","args":[{"element-6066-11e4-a52e-4f735466cecf":"f.73BB2000E1F4E36FD864906F51978B2B.d.395265EEF32E89A0A60D5193232EC16D.e.26989","ELEMENT":"f.73BB2000E1F4E36FD864906F51978B2B.d.395265EEF32E89A0A60D5193232EC16D.e.26989"}]}
COMMAND: POST /session/d4f675b322105372b3380f2dea3f05ac/execute/sync - {"script":"<script> [5351 bytes]","args":[{"element-6066-11e4-a52e-4f735466cecf":"f.73BB2000E1F4E36FD864906F51978B2B.d.395265EEF32E89A0A60D5193232EC16D.e.26989","ELEMENT":"f.73BB2000E1F4E36FD864906F51978B2B.d.395265EEF32E89A0A60D5193232EC16D.e.26989"}]}
COMMAND: GET /session/d4f675b322105372b3380f2dea3f05ac/screenshot - {}
RESULT: {}
RESULT: {"script":"<script> [5351 bytes]","args":[{"element-6066-11e4-a52e-4f735466cecf":"f.73BB2000E1F4E36FD864906F51978B2B.d.395265EEF32E89A0A60D5193232EC16D.e.26989","ELEMENT":"f.73BB2000E1F4E36FD864906F51978B2B.d.395265EEF32E89A0A60D5193232EC16D.e.26989"}]}
COMMAND: POST /session/d4f675b322105372b3380f2dea3f05ac/element/f.73BB2000E1F4E36FD864906F51978B2B.d.395265EEF32E89A0A60D5193232EC16D.e.26989/click - {}
COMMAND: GET /session/d4f675b322105372b3380f2dea3f05ac/screenshot - {}
RESULT: {}
RESULT: {}
COMMAND: GET /session/d4f675b322105372b3380f2dea3f05ac/screenshot - {}
COMMAND: POST /session/d4f675b322105372b3380f2dea3f05ac/execute/async - {"script":"<script> [1562 bytes]","args":[{"selector":{"id":"application-manageresources-display-component---newResourceUnit--TYPE-arrow"},"wdio_ui5_key":"applicationmanageresources-display-component---newResourceUnit--TYPE-arrow"}]}
RESULT: {}
RESULT: {}
RESULT: {"script":"<script> [1562 bytes]","args":[{"selector":{"id":"application-manageresources-display-component---newResourceUnit--TYPE-arrow"},"wdio_ui5_key":"applicationmanageresources-display-component---newResourceUnit--TYPE-arrow"}]}
RESULT: undefined
COMMAND: POST /session/d4f675b322105372b3380f2dea3f05ac/element - {"using":"xpath","value":"//*[@id=\"application-manageresources-display-component---newResourceUnit--TYPE-arrow\"]"}
RESULT: {"using":"xpath","value":"//*[@id=\"application-manageresources-display-component---newResourceUnit--TYPE-arrow\"]"}
COMMAND: POST /session/d4f675b322105372b3380f2dea3f05ac/element/f.73BB2000E1F4E36FD864906F51978B2B.d.395265EEF32E89A0A60D5193232EC16D.e.27357/click - {}
RESULT: {}
COMMAND: POST /session/d4f675b322105372b3380f2dea3f05ac/element - {"using":"xpath","value":"//input[@id=\"application-manageresources-display-component---newResourceUnit--TYPE-inner\"]"}
COMMAND: GET /session/d4f675b322105372b3380f2dea3f05ac/screenshot - {}
RESULT: {"using":"xpath","value":"//input[@id=\"application-manageresources-display-component---newResourceUnit--TYPE-inner\"]"}
COMMAND: POST /session/d4f675b322105372b3380f2dea3f05ac/element/f.73BB2000E1F4E36FD864906F51978B2B.d.395265EEF32E89A0A60D5193232EC16D.e.27337/clear - {}
RESULT: {}
RESULT: {}
COMMAND: POST /session/d4f675b322105372b3380f2dea3f05ac/element/f.73BB2000E1F4E36FD864906F51978B2B.d.395265EEF32E89A0A60D5193232EC16D.e.27337/value - {"text":"Equipment"}
COMMAND: GET /session/d4f675b322105372b3380f2dea3f05ac/screenshot - {}
RESULT: {}
RESULT: {"text":"Equipment"}
COMMAND: GET /session/d4f675b322105372b3380f2dea3f05ac/screenshot - {}
RESULT: {}
COMMAND: POST /session/d4f675b322105372b3380f2dea3f05ac/actions - {"actions":[{"id":"action81","type":"key","parameters":{},"actions":[{"type":"keyDown","value":""},{"type":"pause","duration":10},{"type":"keyUp","value":""}]}]}
RESULT: {"actions":[{"id":"action81","type":"key","parameters":{},"actions":[{"type":"keyDown","value":""},{"type":"pause","duration":10},{"type":"keyUp","value":""}]}]}
COMMAND: POST /session/d4f675b322105372b3380f2dea3f05ac/execute/async - {"script":"<script> [1562 bytes]","args":[{"selector":{"id":"application-manageresources-display-component---newResourceUnit--resourceId","interaction":{"idSuffix":"inner"}},"wdio_ui5_key":"applicationmanageresources-display-component---newResourceUnit--resourceId"}]}
COMMAND: GET /session/d4f675b322105372b3380f2dea3f05ac/screenshot - {}
RESULT: {"script":"<script> [1562 bytes]","args":[{"selector":{"id":"application-manageresources-display-component---newResourceUnit--resourceId","interaction":{"idSuffix":"inner"}},"wdio_ui5_key":"applicationmanageresources-display-component---newResourceUnit--resourceId"}]}
RESULT: undefined
COMMAND: POST /session/d4f675b322105372b3380f2dea3f05ac/execute/async - {"script":"<script> [776 bytes]","args":[{"enterText":"FkNMgmytgx","selector":{"id":"application-manageresources-display-component---newResourceUnit--resourceId","interaction":{"idSuffix":"inner"}},"clearTextFirst":true,"interactionType":"ENTER_TEXT"}]}
RESULT: {}
RESULT: {"script":"<script> [776 bytes]","args":[{"enterText":"FkNMgmytgx","selector":{"id":"application-manageresources-display-component---newResourceUnit--resourceId","interaction":{"idSuffix":"inner"}},"clearTextFirst":true,"interactionType":"ENTER_TEXT"}]}
COMMAND: POST /session/d4f675b322105372b3380f2dea3f05ac/execute/async - {"script":"<script> [1562 bytes]","args":[{"selector":{"id":"application-manageresources-display-component---newResourceUnit--SHORT_TEXT","interaction":{"idSuffix":"inner"}},"wdio_ui5_key":"applicationmanageresources-display-component---newResourceUnit--SHORT_TEXT"}]}
RESULT: {"script":"<script> [1562 bytes]","args":[{"selector":{"id":"application-manageresources-display-component---newResourceUnit--SHORT_TEXT","interaction":{"idSuffix":"inner"}},"wdio_ui5_key":"applicationmanageresources-display-component---newResourceUnit--SHORT_TEXT"}]}
RESULT: undefined
COMMAND: POST /session/d4f675b322105372b3380f2dea3f05ac/execute/async - {"script":"<script> [776 bytes]","args":[{"enterText":"Intercompany Equipment WDIO","selector":{"id":"application-manageresources-display-component---newResourceUnit--SHORT_TEXT","interaction":{"idSuffix":"inner"}},"clearTextFirst":true,"interactionType":"ENTER_TEXT"}]}
RESULT: {"script":"<script> [776 bytes]","args":[{"enterText":"Intercompany Equipment WDIO","selector":{"id":"application-manageresources-display-component---newResourceUnit--SHORT_TEXT","interaction":{"idSuffix":"inner"}},"clearTextFirst":true,"interactionType":"ENTER_TEXT"}]}
COMMAND: POST /session/d4f675b322105372b3380f2dea3f05ac/execute/async - {"script":"<script> [1562 bytes]","args":[{"selector":{"id":"application-manageresources-display-component---newResourceUnit--BASE_UNIT_OF_MEASURE","interaction":{"idSuffix":"inner"}},"wdio_ui5_key":"applicationmanageresources-display-component---newResourceUnit--BASE_UNIT_OF_MEASURE"}]}
RESULT: {"script":"<script> [1562 bytes]","args":[{"selector":{"id":"application-manageresources-display-component---newResourceUnit--BASE_UNIT_OF_MEASURE","interaction":{"idSuffix":"inner"}},"wdio_ui5_key":"applicationmanageresources-display-component---newResourceUnit--BASE_UNIT_OF_MEASURE"}]}
RESULT: undefined
COMMAND: POST /session/d4f675b322105372b3380f2dea3f05ac/execute/async - {"script":"<script> [776 bytes]","args":[{"enterText":"Piece","selector":{"id":"application-manageresources-display-component---newResourceUnit--BASE_UNIT_OF_MEASURE","interaction":{"idSuffix":"inner"}},"clearTextFirst":true,"interactionType":"ENTER_TEXT"}]}
RESULT: {"script":"<script> [776 bytes]","args":[{"enterText":"Piece","selector":{"id":"application-manageresources-display-component---newResourceUnit--BASE_UNIT_OF_MEASURE","interaction":{"idSuffix":"inner"}},"clearTextFirst":true,"interactionType":"ENTER_TEXT"}]}
COMMAND: POST /session/d4f675b322105372b3380f2dea3f05ac/execute/async - {"script":"<script> [1562 bytes]","args":[{"selector":{"id":"application-manageresources-display-component---newResourceUnit--WEIGHT_UNIT","interaction":{"idSuffix":"inner"}},"wdio_ui5_key":"applicationmanageresources-display-component---newResourceUnit--WEIGHT_UNIT"}]}
RESULT: {"script":"<script> [1562 bytes]","args":[{"selector":{"id":"application-manageresources-display-component---newResourceUnit--WEIGHT_UNIT","interaction":{"idSuffix":"inner"}},"wdio_ui5_key":"applicationmanageresources-display-component---newResourceUnit--WEIGHT_UNIT"}]}
RESULT: undefined
COMMAND: POST /session/d4f675b322105372b3380f2dea3f05ac/execute/async - {"script":"<script> [776 bytes]","args":[{"enterText":"Gram","selector":{"id":"application-manageresources-display-component---newResourceUnit--WEIGHT_UNIT","interaction":{"idSuffix":"inner"}},"clearTextFirst":true,"interactionType":"ENTER_TEXT"}]}
RESULT: {"script":"<script> [776 bytes]","args":[{"enterText":"Gram","selector":{"id":"application-manageresources-display-component---newResourceUnit--WEIGHT_UNIT","interaction":{"idSuffix":"inner"}},"clearTextFirst":true,"interactionType":"ENTER_TEXT"}]}
COMMAND: POST /session/d4f675b322105372b3380f2dea3f05ac/execute/async - {"script":"<script> [1562 bytes]","args":[{"selector":{"id":"application-manageresources-display-component---newResourceUnit--DIMENSION_UNIT","interaction":{"idSuffix":"inner"}},"wdio_ui5_key":"applicationmanageresources-display-component---newResourceUnit--DIMENSION_UNIT"}]}
RESULT: {"script":"<script> [1562 bytes]","args":[{"selector":{"id":"application-manageresources-display-component---newResourceUnit--DIMENSION_UNIT","interaction":{"idSuffix":"inner"}},"wdio_ui5_key":"applicationmanageresources-display-component---newResourceUnit--DIMENSION_UNIT"}]}
RESULT: undefined
COMMAND: POST /session/d4f675b322105372b3380f2dea3f05ac/execute/async - {"script":"<script> [776 bytes]","args":[{"enterText":"Meter","selector":{"id":"application-manageresources-display-component---newResourceUnit--DIMENSION_UNIT","interaction":{"idSuffix":"inner"}},"clearTextFirst":true,"interactionType":"ENTER_TEXT"}]}
RESULT: {"script":"<script> [776 bytes]","args":[{"enterText":"Meter","selector":{"id":"application-manageresources-display-component---newResourceUnit--DIMENSION_UNIT","interaction":{"idSuffix":"inner"}},"clearTextFirst":true,"interactionType":"ENTER_TEXT"}]}
COMMAND: POST /session/d4f675b322105372b3380f2dea3f05ac/execute/async - {"script":"<script> [1562 bytes]","args":[{"selector":{"id":"application-manageresources-display-component---newResourceUnit--newRRUPage-anchBar-application-manageresources-display-component---newResourceUnit--control-anchor","interaction":{"idSuffix":"BDI-content"}},"wdio_ui5_key":"applicationmanageresources-display-component---newResourceUnit--newRRUPage-anchBar-application-manageresources-display-component---newResourceUnit--control-anchor"}]}
RESULT: {"script":"<script> [1562 bytes]","args":[{"selector":{"id":"application-manageresources-display-component---newResourceUnit--newRRUPage-anchBar-application-manageresources-display-component---newResourceUnit--control-anchor","interaction":{"idSuffix":"BDI-content"}},"wdio_ui5_key":"applicationmanageresources-display-component---newResourceUnit--newRRUPage-anchBar-application-manageresources-display-component---newResourceUnit--control-anchor"}]}
RESULT: undefined
COMMAND: POST /session/d4f675b322105372b3380f2dea3f05ac/element - {"using":"xpath","value":"//*[@id=\"application-manageresources-display-component---newResourceUnit--newRRUPage-anchBar-application-manageresources-display-component---newResourceUnit--control-anchor\"]"}
RESULT: {"using":"xpath","value":"//*[@id=\"application-manageresources-display-component---newResourceUnit--newRRUPage-anchBar-application-manageresources-display-component---newResourceUnit--control-anchor\"]"}
COMMAND: POST /session/d4f675b322105372b3380f2dea3f05ac/element/f.73BB2000E1F4E36FD864906F51978B2B.d.395265EEF32E89A0A60D5193232EC16D.e.27516/click - {}
RESULT: {}
COMMAND: POST /session/d4f675b322105372b3380f2dea3f05ac/execute/async - {"script":"<script> [1562 bytes]","args":[{"selector":{"id":"application-manageresources-display-component---newResourceUnit--PLANNING_GROUP","interaction":{"idSuffix":"inner"}},"wdio_ui5_key":"applicationmanageresources-display-component---newResourceUnit--PLANNING_GROUP"}]}
COMMAND: GET /session/d4f675b322105372b3380f2dea3f05ac/screenshot - {}
RESULT: {"script":"<script> [1562 bytes]","args":[{"selector":{"id":"application-manageresources-display-component---newResourceUnit--PLANNING_GROUP","interaction":{"idSuffix":"inner"}},"wdio_ui5_key":"applicationmanageresources-display-component---newResourceUnit--PLANNING_GROUP"}]}
RESULT: undefined
COMMAND: POST /session/d4f675b322105372b3380f2dea3f05ac/execute/async - {"script":"<script> [776 bytes]","args":[{"enterText":"Heavy Equi","selector":{"id":"application-manageresources-display-component---newResourceUnit--PLANNING_GROUP","interaction":{"idSuffix":"inner"}},"clearTextFirst":true,"interactionType":"ENTER_TEXT"}]}
RESULT: {}
RESULT: {"script":"<script> [776 bytes]","args":[{"enterText":"Heavy Equi","selector":{"id":"application-manageresources-display-component---newResourceUnit--PLANNING_GROUP","interaction":{"idSuffix":"inner"}},"clearTextFirst":true,"interactionType":"ENTER_TEXT"}]}
COMMAND: POST /session/d4f675b322105372b3380f2dea3f05ac/execute/async - {"script":"<script> [1562 bytes]","args":[{"selector":{"id":"application-manageresources-display-component---newResourceUnit--ITEM_TYPE-arrow"},"wdio_ui5_key":"applicationmanageresources-display-component---newResourceUnit--ITEM_TYPE-arrow"}]}
RESULT: {"script":"<script> [1562 bytes]","args":[{"selector":{"id":"application-manageresources-display-component---newResourceUnit--ITEM_TYPE-arrow"},"wdio_ui5_key":"applicationmanageresources-display-component---newResourceUnit--ITEM_TYPE-arrow"}]}
RESULT: undefined
COMMAND: POST /session/d4f675b322105372b3380f2dea3f05ac/element - {"using":"xpath","value":"//*[@id=\"application-manageresources-display-component---newResourceUnit--ITEM_TYPE-arrow\"]"}
RESULT: {"using":"xpath","value":"//*[@id=\"application-manageresources-display-component---newResourceUnit--ITEM_TYPE-arrow\"]"}
COMMAND: POST /session/d4f675b322105372b3380f2dea3f05ac/element/f.73BB2000E1F4E36FD864906F51978B2B.d.395265EEF32E89A0A60D5193232EC16D.e.27525/click - {}
RESULT: {}
COMMAND: POST /session/d4f675b322105372b3380f2dea3f05ac/element - {"using":"xpath","value":"(//span[contains(text(), \"Resource Unit\")])[2]"}
COMMAND: GET /session/d4f675b322105372b3380f2dea3f05ac/screenshot - {}
RESULT: {"using":"xpath","value":"(//span[contains(text(), \"Resource Unit\")])[2]"}
COMMAND: POST /session/d4f675b322105372b3380f2dea3f05ac/element/f.73BB2000E1F4E36FD864906F51978B2B.d.395265EEF32E89A0A60D5193232EC16D.e.27526/click - {}
RESULT: {}
RESULT: {}
COMMAND: GET /session/d4f675b322105372b3380f2dea3f05ac/screenshot - {}
RESULT: {}
COMMAND: POST /session/d4f675b322105372b3380f2dea3f05ac/element - {"using":"css selector","value":"#application-manageresources-display-component---newResourceUnit--btnAddTimeSegment"}
RESULT: {"using":"css selector","value":"#application-manageresources-display-component---newResourceUnit--btnAddTimeSegment"}
COMMAND: GET /session/d4f675b322105372b3380f2dea3f05ac/element/f.73BB2000E1F4E36FD864906F51978B2B.d.395265EEF32E89A0A60D5193232EC16D.e.27534/rect - {}
RESULT: {}
COMMAND: GET /session/d4f675b322105372b3380f2dea3f05ac/window/rect - {}
RESULT: {}
COMMAND: POST /session/d4f675b322105372b3380f2dea3f05ac/execute/sync - {"script":"<script> [92 bytes]","args":[]}
RESULT: {"script":"<script> [92 bytes]","args":[]}
COMMAND: POST /session/d4f675b322105372b3380f2dea3f05ac/actions - {"actions":[{"id":"action82","type":"wheel","parameters":{},"actions":[{"type":"scroll","x":-1888,"y":-32,"deltaX":0,"deltaY":0,"duration":0,"origin":{"element-6066-11e4-a52e-4f735466cecf":"f.73BB2000E1F4E36FD864906F51978B2B.d.395265EEF32E89A0A60D5193232EC16D.e.27534"}}]}]}
COMMAND: GET /session/d4f675b322105372b3380f2dea3f05ac/screenshot - {}
RESULT: {}
COMMAND: POST /session/d4f675b322105372b3380f2dea3f05ac/execute/sync - {"script":"<script> [79 bytes]","args":[{"element-6066-11e4-a52e-4f735466cecf":"f.73BB2000E1F4E36FD864906F51978B2B.d.395265EEF32E89A0A60D5193232EC16D.e.27534","ELEMENT":"f.73BB2000E1F4E36FD864906F51978B2B.d.395265EEF32E89A0A60D5193232EC16D.e.27534"},{"block":"start","inline":"nearest"}]}
RESULT: {"script":"<script> [79 bytes]","args":[{"element-6066-11e4-a52e-4f735466cecf":"f.73BB2000E1F4E36FD864906F51978B2B.d.395265EEF32E89A0A60D5193232EC16D.e.27534","ELEMENT":"f.73BB2000E1F4E36FD864906F51978B2B.d.395265EEF32E89A0A60D5193232EC16D.e.27534"},{"block":"start","inline":"nearest"}]}
COMMAND: POST /session/d4f675b322105372b3380f2dea3f05ac/execute/async - {"script":"<script> [1562 bytes]","args":[{"selector":{"id":"application-manageresources-display-component---newResourceUnit--btnAddTimeSegment","interaction":{"idSuffix":"inner"}},"wdio_ui5_key":"applicationmanageresources-display-component---newResourceUnit--btnAddTimeSegment"}]}
COMMAND: GET /session/d4f675b322105372b3380f2dea3f05ac/screenshot - {}
RESULT: {"script":"<script> [1562 bytes]","args":[{"selector":{"id":"application-manageresources-display-component---newResourceUnit--btnAddTimeSegment","interaction":{"idSuffix":"inner"}},"wdio_ui5_key":"applicationmanageresources-display-component---newResourceUnit--btnAddTimeSegment"}]}
RESULT: undefined
COMMAND: POST /session/d4f675b322105372b3380f2dea3f05ac/element - {"using":"xpath","value":"//*[@id=\"application-manageresources-display-component---newResourceUnit--btnAddTimeSegment\"]"}
RESULT: {}
RESULT: {"using":"xpath","value":"//*[@id=\"application-manageresources-display-component---newResourceUnit--btnAddTimeSegment\"]"}
COMMAND: POST /session/d4f675b322105372b3380f2dea3f05ac/element/f.73BB2000E1F4E36FD864906F51978B2B.d.395265EEF32E89A0A60D5193232EC16D.e.27534/click - {}
RESULT: {}
COMMAND: GET /session/d4f675b322105372b3380f2dea3f05ac/screenshot - {}
RESULT: {}
COMMAND: POST /session/d4f675b322105372b3380f2dea3f05ac/element - {"using":"xpath","value":"//input[@id=\"application-manageresources-display-component---newResourceUnit--idRuTSAdmin-application-manageresources-display-component---newResourceUnit--RUTimeSegment-0-inner\"]"}
RESULT: {"using":"xpath","value":"//input[@id=\"application-manageresources-display-component---newResourceUnit--idRuTSAdmin-application-manageresources-display-component---newResourceUnit--RUTimeSegment-0-inner\"]"}
COMMAND: POST /session/d4f675b322105372b3380f2dea3f05ac/element/f.73BB2000E1F4E36FD864906F51978B2B.d.395265EEF32E89A0A60D5193232EC16D.e.27540/clear - {}
RESULT: {}
COMMAND: POST /session/d4f675b322105372b3380f2dea3f05ac/element/f.73BB2000E1F4E36FD864906F51978B2B.d.395265EEF32E89A0A60D5193232EC16D.e.27540/value - {"text":"427"}
COMMAND: GET /session/d4f675b322105372b3380f2dea3f05ac/screenshot - {}
RESULT: {"text":"427"}
COMMAND: GET /session/d4f675b322105372b3380f2dea3f05ac/screenshot - {}
RESULT: {}
RESULT: {}
COMMAND: POST /session/d4f675b322105372b3380f2dea3f05ac/element - {"using":"xpath","value":"//li[.//span[text()='427']]"}
RESULT: {"using":"xpath","value":"//li[.//span[text()='427']]"}
COMMAND: POST /session/d4f675b322105372b3380f2dea3f05ac/element/f.73BB2000E1F4E36FD864906F51978B2B.d.395265EEF32E89A0A60D5193232EC16D.e.27553/click - {}
RESULT: {}
COMMAND: GET /session/d4f675b322105372b3380f2dea3f05ac/screenshot - {}
RESULT: {}
COMMAND: POST /session/d4f675b322105372b3380f2dea3f05ac/element - {"using":"xpath","value":"(//span[contains(@id, \"-application-manageresources-display-component---newResourceUnit--RUTimeSegment-0-arrow\")])[6]"}
RESULT: {"using":"xpath","value":"(//span[contains(@id, \"-application-manageresources-display-component---newResourceUnit--RUTimeSegment-0-arrow\")])[6]"}
COMMAND: POST /session/d4f675b322105372b3380f2dea3f05ac/element/f.73BB2000E1F4E36FD864906F51978B2B.d.395265EEF32E89A0A60D5193232EC16D.e.27554/click - {}
RESULT: {}
COMMAND: GET /session/d4f675b322105372b3380f2dea3f05ac/screenshot - {}
RESULT: {}
COMMAND: POST /session/d4f675b322105372b3380f2dea3f05ac/element - {"using":"xpath","value":"//span[contains(text(), \"PM Order\")]"}
RESULT: {"using":"xpath","value":"//span[contains(text(), \"PM Order\")]"}
COMMAND: POST /session/d4f675b322105372b3380f2dea3f05ac/element/f.73BB2000E1F4E36FD864906F51978B2B.d.395265EEF32E89A0A60D5193232EC16D.e.27557/click - {}
RESULT: {}
COMMAND: GET /session/d4f675b322105372b3380f2dea3f05ac/screenshot - {}
RESULT: {}
COMMAND: POST /session/d4f675b322105372b3380f2dea3f05ac/element - {"using":"xpath","value":"(//span[contains(@id ,\"manageresources-display-component---newResourceUnit--RUTimeSegment-0-vhi\")])[1]"}
RESULT: {"using":"xpath","value":"(//span[contains(@id ,\"manageresources-display-component---newResourceUnit--RUTimeSegment-0-vhi\")])[1]"}
COMMAND: GET /session/d4f675b322105372b3380f2dea3f05ac/element/f.73BB2000E1F4E36FD864906F51978B2B.d.395265EEF32E89A0A60D5193232EC16D.e.27561/rect - {}
RESULT: {}
COMMAND: GET /session/d4f675b322105372b3380f2dea3f05ac/window/rect - {}
RESULT: {}
COMMAND: POST /session/d4f675b322105372b3380f2dea3f05ac/execute/sync - {"script":"<script> [92 bytes]","args":[]}
RESULT: {"script":"<script> [92 bytes]","args":[]}
COMMAND: POST /session/d4f675b322105372b3380f2dea3f05ac/actions - {"actions":[{"id":"action83","type":"wheel","parameters":{},"actions":[{"type":"scroll","x":-869,"y":-24,"deltaX":0,"deltaY":0,"duration":0,"origin":{"element-6066-11e4-a52e-4f735466cecf":"f.73BB2000E1F4E36FD864906F51978B2B.d.395265EEF32E89A0A60D5193232EC16D.e.27561"}}]}]}
COMMAND: GET /session/d4f675b322105372b3380f2dea3f05ac/screenshot - {}
RESULT: {"actions":[{"id":"action83","type":"wheel","parameters":{},"actions":[{"type":"scroll","x":-869,"y":-24,"deltaX":0,"deltaY":0,"duration":0,"origin":{"element-6066-11e4-a52e-4f735466cecf":"f.73BB2000E1F4E36FD864906F51978B2B.d.395265EEF32E89A0A60D5193232EC16D.e.27561"}}]}]}
COMMAND: DELETE /session/d4f675b322105372b3380f2dea3f05ac/actions - {}
COMMAND: GET /session/d4f675b322105372b3380f2dea3f05ac/screenshot - {}
RESULT: {}
RESULT: {}
COMMAND: GET /session/d4f675b322105372b3380f2dea3f05ac/screenshot - {}
RESULT: {}
RESULT: {}
COMMAND: POST /session/d4f675b322105372b3380f2dea3f05ac/element/f.73BB2000E1F4E36FD864906F51978B2B.d.395265EEF32E89A0A60D5193232EC16D.e.27561/click - {}
RESULT: {}
COMMAND: GET /session/d4f675b322105372b3380f2dea3f05ac/screenshot - {}
RESULT: {}
RESULT: undefined
COMMAND: POST /session/d4f675b322105372b3380f2dea3f05ac/execute/async - {"script":"<script> [776 bytes]","args":[{"enterText":"4000360","selector":{"controlType":"sap.m.SearchField","properties":{"placeholder":"Search"},"searchOpenDialogs":true,"interaction":{"idSuffix":"I"}},"clearTextFirst":true,"interactionType":"ENTER_TEXT"}]}
RESULT: {"script":"<script> [776 bytes]","args":[{"enterText":"4000360","selector":{"controlType":"sap.m.SearchField","properties":{"placeholder":"Search"},"searchOpenDialogs":true,"interaction":{"idSuffix":"I"}},"clearTextFirst":true,"interactionType":"ENTER_TEXT"}]}
COMMAND: POST /session/d4f675b322105372b3380f2dea3f05ac/actions - {"actions":[{"id":"action84","type":"key","parameters":{},"actions":[{"type":"keyDown","value":""},{"type":"pause","duration":10},{"type":"keyUp","value":""}]}]}
RESULT: {"actions":[{"id":"action84","type":"key","parameters":{},"actions":[{"type":"keyDown","value":""},{"type":"pause","duration":10},{"type":"keyUp","value":""}]}]}
COMMAND: GET /session/d4f675b322105372b3380f2dea3f05ac/screenshot - {}
RESULT: {}
COMMAND: POST /session/d4f675b322105372b3380f2dea3f05ac/element - {"using":"xpath","value":"//td/div/span[contains(text(), \"BGL Vehicles\")]"}
RESULT: {"using":"xpath","value":"//td/div/span[contains(text(), \"BGL Vehicles\")]"}
COMMAND: POST /session/d4f675b322105372b3380f2dea3f05ac/element/f.73BB2000E1F4E36FD864906F51978B2B.d.395265EEF32E89A0A60D5193232EC16D.e.27581/click - {}
RESULT: {}
COMMAND: GET /session/d4f675b322105372b3380f2dea3f05ac/screenshot - {}
RESULT: {}
COMMAND: POST /session/d4f675b322105372b3380f2dea3f05ac/element - {"using":"xpath","value":"//bdi[contains(text(), \"OK\")]"}
RESULT: {"using":"xpath","value":"//bdi[contains(text(), \"OK\")]"}
COMMAND: POST /session/d4f675b322105372b3380f2dea3f05ac/element/f.73BB2000E1F4E36FD864906F51978B2B.d.395265EEF32E89A0A60D5193232EC16D.e.27582/click - {}
RESULT: {}
COMMAND: GET /session/d4f675b322105372b3380f2dea3f05ac/screenshot - {}
RESULT: {}
COMMAND: POST /session/d4f675b322105372b3380f2dea3f05ac/execute/async - {"script":"<script> [1562 bytes]","args":[{"selector":{"id":"application-manageresources-display-component---newResourceUnit--newRRUPage-anchBar-application-manageresources-display-component---newResourceUnit--resource-anchor","interaction":{"idSuffix":"BDI-content"}},"wdio_ui5_key":"applicationmanageresources-display-component---newResourceUnit--newRRUPage-anchBar-application-manageresources-display-component---newResourceUnit--resource-anchor"}]}
RESULT: {"script":"<script> [1562 bytes]","args":[{"selector":{"id":"application-manageresources-display-component---newResourceUnit--newRRUPage-anchBar-application-manageresources-display-component---newResourceUnit--resource-anchor","interaction":{"idSuffix":"BDI-content"}},"wdio_ui5_key":"applicationmanageresources-display-component---newResourceUnit--newRRUPage-anchBar-application-manageresources-display-component---newResourceUnit--resource-anchor"}]}
RESULT: undefined
COMMAND: POST /session/d4f675b322105372b3380f2dea3f05ac/element - {"using":"xpath","value":"//*[@id=\"application-manageresources-display-component---newResourceUnit--newRRUPage-anchBar-application-manageresources-display-component---newResourceUnit--resource-anchor\"]"}
RESULT: {"using":"xpath","value":"//*[@id=\"application-manageresources-display-component---newResourceUnit--newRRUPage-anchBar-application-manageresources-display-component---newResourceUnit--resource-anchor\"]"}
COMMAND: POST /session/d4f675b322105372b3380f2dea3f05ac/element/f.73BB2000E1F4E36FD864906F51978B2B.d.395265EEF32E89A0A60D5193232EC16D.e.27586/click - {}
RESULT: {}
COMMAND: POST /session/d4f675b322105372b3380f2dea3f05ac/execute/async - {"script":"<script> [1562 bytes]","args":[{"selector":{"id":"application-manageresources-display-component---newResourceUnit--PLANNED_DELIVERY_DATE","interaction":{"idSuffix":"inner"}},"wdio_ui5_key":"applicationmanageresources-display-component---newResourceUnit--PLANNED_DELIVERY_DATE"}]}
COMMAND: GET /session/d4f675b322105372b3380f2dea3f05ac/screenshot - {}
RESULT: {}
RESULT: {"script":"<script> [1562 bytes]","args":[{"selector":{"id":"application-manageresources-display-component---newResourceUnit--PLANNED_DELIVERY_DATE","interaction":{"idSuffix":"inner"}},"wdio_ui5_key":"applicationmanageresources-display-component---newResourceUnit--PLANNED_DELIVERY_DATE"}]}
RESULT: undefined
COMMAND: POST /session/d4f675b322105372b3380f2dea3f05ac/execute/async - {"script":"<script> [6424 bytes]","args":[{"element-6066-11e4-a52e-4f735466cecf":"f.73BB2000E1F4E36FD864906F51978B2B.d.395265EEF32E89A0A60D5193232EC16D.e.27414"},"setValue",["5/28/25"]]}
RESULT: {"script":"<script> [6424 bytes]","args":[{"element-6066-11e4-a52e-4f735466cecf":"f.73BB2000E1F4E36FD864906F51978B2B.d.395265EEF32E89A0A60D5193232EC16D.e.27414"},"setValue",["5/28/25"]]}
COMMAND: POST /session/d4f675b322105372b3380f2dea3f05ac/element - {"using":"xpath","value":"//label[contains(@class, 'sapMLabelRequired') and .//bdi[contains(text(), 'Planned Retirement')]]"}
RESULT: {"using":"xpath","value":"//label[contains(@class, 'sapMLabelRequired') and .//bdi[contains(text(), 'Planned Retirement')]]"}
COMMAND: POST /session/d4f675b322105372b3380f2dea3f05ac/elements - {"using":"xpath","value":"//label[contains(@class, 'sapMLabelRequired') and .//bdi[contains(text(), 'Planned Retirement')]]"}
RESULT: {"using":"xpath","value":"//label[contains(@class, 'sapMLabelRequired') and .//bdi[contains(text(), 'Planned Retirement')]]"}
COMMAND: POST /session/d4f675b322105372b3380f2dea3f05ac/element - {"using":"xpath","value":"//button[@data-kt=\"resourceUnitSaveButton\"]"}
RESULT: {"using":"xpath","value":"//button[@data-kt=\"resourceUnitSaveButton\"]"}
COMMAND: POST /session/d4f675b322105372b3380f2dea3f05ac/element/f.73BB2000E1F4E36FD864906F51978B2B.d.395265EEF32E89A0A60D5193232EC16D.e.27374/click - {}
RESULT: {}
COMMAND: GET /session/d4f675b322105372b3380f2dea3f05ac/screenshot - {}
RESULT: {}
COMMAND: POST /session/d4f675b322105372b3380f2dea3f05ac/element - {"using":"xpath","value":"//bdi[contains(text(), \"Close\")]"}
RESULT: {"using":"xpath","value":"//bdi[contains(text(), \"Close\")]"}
COMMAND: POST /session/d4f675b322105372b3380f2dea3f05ac/element/f.73BB2000E1F4E36FD864906F51978B2B.d.395265EEF32E89A0A60D5193232EC16D.e.27595/click - {}
RESULT: {}
COMMAND: GET /session/d4f675b322105372b3380f2dea3f05ac/screenshot - {}
RESULT: {}
COMMAND: POST /session/d4f675b322105372b3380f2dea3f05ac/element - {"using":"xpath","value":"(//button[contains(@id ,\"actionsToolbar-overflowButton\")])[1]"}
RESULT: {"using":"xpath","value":"(//button[contains(@id ,\"actionsToolbar-overflowButton\")])[1]"}
COMMAND: POST /session/d4f675b322105372b3380f2dea3f05ac/element/f.73BB2000E1F4E36FD864906F51978B2B.d.395265EEF32E89A0A60D5193232EC16D.e.27654/click - {}
RESULT: {}
COMMAND: GET /session/d4f675b322105372b3380f2dea3f05ac/screenshot - {}
RESULT: {}
COMMAND: POST /session/d4f675b322105372b3380f2dea3f05ac/element - {"using":"xpath","value":"//button[@data-kt=\"priceInfoButton\"]"}
RESULT: {"using":"xpath","value":"//button[@data-kt=\"priceInfoButton\"]"}
COMMAND: POST /session/d4f675b322105372b3380f2dea3f05ac/element/f.73BB2000E1F4E36FD864906F51978B2B.d.395265EEF32E89A0A60D5193232EC16D.e.27656/click - {}
RESULT: {}
COMMAND: GET /session/d4f675b322105372b3380f2dea3f05ac/screenshot - {}
RESULT: {}
COMMAND: POST /session/d4f675b322105372b3380f2dea3f05ac/element - {"using":"css selector","value":"#shell-header-logo"}
RESULT: {"using":"css selector","value":"#shell-header-logo"}
COMMAND: POST /session/d4f675b322105372b3380f2dea3f05ac/element/f.73BB2000E1F4E36FD864906F51978B2B.d.395265EEF32E89A0A60D5193232EC16D.e.26960/click - {}
RESULT: {}
COMMAND: GET /session/d4f675b322105372b3380f2dea3f05ac/screenshot - {}
RESULT: {}
]]></system-out>
    </testcase>
    <testcase classname="chrome.136_0_7103_93.windows.Transfer_Yard_to_Yard_US131076" name="Prereq Should create a new equipment multipart" time="127.022">
      <system-out><![CDATA[
RESULT: undefined
COMMAND: POST /session/d4f675b322105372b3380f2dea3f05ac/element - {"using":"xpath","value":"//*[@id=\"__tile31\"]"}
RESULT: {"using":"xpath","value":"//*[@id=\"__tile31\"]"}
COMMAND: POST /session/d4f675b322105372b3380f2dea3f05ac/element/f.73BB2000E1F4E36FD864906F51978B2B.d.395265EEF32E89A0A60D5193232EC16D.e.26107/click - {}
RESULT: {}
COMMAND: GET /session/d4f675b322105372b3380f2dea3f05ac/screenshot - {}
RESULT: {}
COMMAND: POST /session/d4f675b322105372b3380f2dea3f05ac/elements - {"using":"xpath","value":"//span[text()='Error']"}
RESULT: {"using":"xpath","value":"//span[text()='Error']"}
COMMAND: POST /session/d4f675b322105372b3380f2dea3f05ac/element - {"using":"xpath","value":"//button[@data-kt=\"addNewRUOverflowToolbarButton\"]"}
RESULT: {"using":"xpath","value":"//button[@data-kt=\"addNewRUOverflowToolbarButton\"]"}
COMMAND: POST /session/d4f675b322105372b3380f2dea3f05ac/elements - {"using":"xpath","value":"//button[@data-kt=\"addNewRUOverflowToolbarButton\"]"}
RESULT: {"using":"xpath","value":"//button[@data-kt=\"addNewRUOverflowToolbarButton\"]"}
COMMAND: POST /session/d4f675b322105372b3380f2dea3f05ac/execute/sync - {"script":"<script> [8489 bytes]","args":[{"element-6066-11e4-a52e-4f735466cecf":"f.73BB2000E1F4E36FD864906F51978B2B.d.395265EEF32E89A0A60D5193232EC16D.e.27733","ELEMENT":"f.73BB2000E1F4E36FD864906F51978B2B.d.395265EEF32E89A0A60D5193232EC16D.e.27733"}]}
RESULT: {"script":"<script> [8489 bytes]","args":[{"element-6066-11e4-a52e-4f735466cecf":"f.73BB2000E1F4E36FD864906F51978B2B.d.395265EEF32E89A0A60D5193232EC16D.e.27733","ELEMENT":"f.73BB2000E1F4E36FD864906F51978B2B.d.395265EEF32E89A0A60D5193232EC16D.e.27733"}]}
COMMAND: GET /session/d4f675b322105372b3380f2dea3f05ac/element/f.73BB2000E1F4E36FD864906F51978B2B.d.395265EEF32E89A0A60D5193232EC16D.e.27733/enabled - {}
COMMAND: GET /session/d4f675b322105372b3380f2dea3f05ac/screenshot - {}
RESULT: {}
COMMAND: POST /session/d4f675b322105372b3380f2dea3f05ac/execute/sync - {"script":"<script> [8489 bytes]","args":[{"element-6066-11e4-a52e-4f735466cecf":"f.73BB2000E1F4E36FD864906F51978B2B.d.395265EEF32E89A0A60D5193232EC16D.e.27733","ELEMENT":"f.73BB2000E1F4E36FD864906F51978B2B.d.395265EEF32E89A0A60D5193232EC16D.e.27733"}]}
COMMAND: GET /session/d4f675b322105372b3380f2dea3f05ac/screenshot - {}
RESULT: {}
RESULT: {"script":"<script> [8489 bytes]","args":[{"element-6066-11e4-a52e-4f735466cecf":"f.73BB2000E1F4E36FD864906F51978B2B.d.395265EEF32E89A0A60D5193232EC16D.e.27733","ELEMENT":"f.73BB2000E1F4E36FD864906F51978B2B.d.395265EEF32E89A0A60D5193232EC16D.e.27733"}]}
COMMAND: POST /session/d4f675b322105372b3380f2dea3f05ac/execute/sync - {"script":"<script> [5351 bytes]","args":[{"element-6066-11e4-a52e-4f735466cecf":"f.73BB2000E1F4E36FD864906F51978B2B.d.395265EEF32E89A0A60D5193232EC16D.e.27733","ELEMENT":"f.73BB2000E1F4E36FD864906F51978B2B.d.395265EEF32E89A0A60D5193232EC16D.e.27733"}]}
COMMAND: GET /session/d4f675b322105372b3380f2dea3f05ac/screenshot - {}
RESULT: {}
RESULT: {"script":"<script> [5351 bytes]","args":[{"element-6066-11e4-a52e-4f735466cecf":"f.73BB2000E1F4E36FD864906F51978B2B.d.395265EEF32E89A0A60D5193232EC16D.e.27733","ELEMENT":"f.73BB2000E1F4E36FD864906F51978B2B.d.395265EEF32E89A0A60D5193232EC16D.e.27733"}]}
COMMAND: POST /session/d4f675b322105372b3380f2dea3f05ac/element/f.73BB2000E1F4E36FD864906F51978B2B.d.395265EEF32E89A0A60D5193232EC16D.e.27733/click - {}
COMMAND: GET /session/d4f675b322105372b3380f2dea3f05ac/screenshot - {}
RESULT: {}
RESULT: {}
COMMAND: GET /session/d4f675b322105372b3380f2dea3f05ac/screenshot - {}
RESULT: {}
RESULT: undefined
COMMAND: POST /session/d4f675b322105372b3380f2dea3f05ac/element - {"using":"xpath","value":"//*[@id=\"application-manageresources-display-component---newResourceUnit--TYPE-arrow\"]"}
RESULT: {}
RESULT: {"using":"xpath","value":"//*[@id=\"application-manageresources-display-component---newResourceUnit--TYPE-arrow\"]"}
COMMAND: POST /session/d4f675b322105372b3380f2dea3f05ac/element/f.73BB2000E1F4E36FD864906F51978B2B.d.395265EEF32E89A0A60D5193232EC16D.e.28154/click - {}
RESULT: {}
COMMAND: POST /session/d4f675b322105372b3380f2dea3f05ac/element - {"using":"xpath","value":"//input[@id=\"application-manageresources-display-component---newResourceUnit--TYPE-inner\"]"}
COMMAND: GET /session/d4f675b322105372b3380f2dea3f05ac/screenshot - {}
RESULT: {"using":"xpath","value":"//input[@id=\"application-manageresources-display-component---newResourceUnit--TYPE-inner\"]"}
COMMAND: POST /session/d4f675b322105372b3380f2dea3f05ac/element/f.73BB2000E1F4E36FD864906F51978B2B.d.395265EEF32E89A0A60D5193232EC16D.e.28148/clear - {}
RESULT: {}
RESULT: {}
COMMAND: POST /session/d4f675b322105372b3380f2dea3f05ac/element/f.73BB2000E1F4E36FD864906F51978B2B.d.395265EEF32E89A0A60D5193232EC16D.e.28148/value - {"text":"Equi Multipart"}
COMMAND: GET /session/d4f675b322105372b3380f2dea3f05ac/screenshot - {}
RESULT: {"text":"Equi Multipart"}
COMMAND: GET /session/d4f675b322105372b3380f2dea3f05ac/screenshot - {}
RESULT: {}
RESULT: {}
COMMAND: POST /session/d4f675b322105372b3380f2dea3f05ac/actions - {"actions":[{"id":"action85","type":"key","parameters":{},"actions":[{"type":"keyDown","value":""},{"type":"pause","duration":10},{"type":"keyUp","value":""}]}]}
RESULT: {"actions":[{"id":"action85","type":"key","parameters":{},"actions":[{"type":"keyDown","value":""},{"type":"pause","duration":10},{"type":"keyUp","value":""}]}]}
RESULT: undefined
COMMAND: POST /session/d4f675b322105372b3380f2dea3f05ac/execute/async - {"script":"<script> [776 bytes]","args":[{"enterText":"Equipment Multipart WDIO","selector":{"id":"application-manageresources-display-component---newResourceUnit--SHORT_TEXT","interaction":{"idSuffix":"inner"}},"clearTextFirst":true,"interactionType":"ENTER_TEXT"}]}
COMMAND: GET /session/d4f675b322105372b3380f2dea3f05ac/screenshot - {}
RESULT: {"script":"<script> [776 bytes]","args":[{"enterText":"Equipment Multipart WDIO","selector":{"id":"application-manageresources-display-component---newResourceUnit--SHORT_TEXT","interaction":{"idSuffix":"inner"}},"clearTextFirst":true,"interactionType":"ENTER_TEXT"}]}
RESULT: undefined
COMMAND: POST /session/d4f675b322105372b3380f2dea3f05ac/execute/async - {"script":"<script> [776 bytes]","args":[{"enterText":"Piece","selector":{"id":"application-manageresources-display-component---newResourceUnit--BASE_UNIT_OF_MEASURE","interaction":{"idSuffix":"inner"}},"clearTextFirst":true,"interactionType":"ENTER_TEXT"}]}
RESULT: {}
RESULT: {"script":"<script> [776 bytes]","args":[{"enterText":"Piece","selector":{"id":"application-manageresources-display-component---newResourceUnit--BASE_UNIT_OF_MEASURE","interaction":{"idSuffix":"inner"}},"clearTextFirst":true,"interactionType":"ENTER_TEXT"}]}
RESULT: undefined
COMMAND: POST /session/d4f675b322105372b3380f2dea3f05ac/execute/async - {"script":"<script> [776 bytes]","args":[{"enterText":"Gram","selector":{"id":"application-manageresources-display-component---newResourceUnit--WEIGHT_UNIT","interaction":{"idSuffix":"inner"}},"clearTextFirst":true,"interactionType":"ENTER_TEXT"}]}
RESULT: {"script":"<script> [776 bytes]","args":[{"enterText":"Gram","selector":{"id":"application-manageresources-display-component---newResourceUnit--WEIGHT_UNIT","interaction":{"idSuffix":"inner"}},"clearTextFirst":true,"interactionType":"ENTER_TEXT"}]}
RESULT: undefined
COMMAND: POST /session/d4f675b322105372b3380f2dea3f05ac/execute/async - {"script":"<script> [776 bytes]","args":[{"enterText":"Meter","selector":{"id":"application-manageresources-display-component---newResourceUnit--DIMENSION_UNIT","interaction":{"idSuffix":"inner"}},"clearTextFirst":true,"interactionType":"ENTER_TEXT"}]}
RESULT: {"script":"<script> [776 bytes]","args":[{"enterText":"Meter","selector":{"id":"application-manageresources-display-component---newResourceUnit--DIMENSION_UNIT","interaction":{"idSuffix":"inner"}},"clearTextFirst":true,"interactionType":"ENTER_TEXT"}]}
RESULT: undefined
COMMAND: POST /session/d4f675b322105372b3380f2dea3f05ac/element - {"using":"xpath","value":"//*[@id=\"application-manageresources-display-component---newResourceUnit--newRRUPage-anchBar-application-manageresources-display-component---newResourceUnit--control-anchor\"]"}
RESULT: {"using":"xpath","value":"//*[@id=\"application-manageresources-display-component---newResourceUnit--newRRUPage-anchBar-application-manageresources-display-component---newResourceUnit--control-anchor\"]"}
COMMAND: POST /session/d4f675b322105372b3380f2dea3f05ac/element/f.73BB2000E1F4E36FD864906F51978B2B.d.395265EEF32E89A0A60D5193232EC16D.e.28283/click - {}
RESULT: {}
RESULT: undefined
COMMAND: POST /session/d4f675b322105372b3380f2dea3f05ac/execute/async - {"script":"<script> [776 bytes]","args":[{"enterText":"Heavy Equi","selector":{"id":"application-manageresources-display-component---newResourceUnit--PLANNING_GROUP","interaction":{"idSuffix":"inner"}},"clearTextFirst":true,"interactionType":"ENTER_TEXT"}]}
COMMAND: GET /session/d4f675b322105372b3380f2dea3f05ac/screenshot - {}
RESULT: {"script":"<script> [776 bytes]","args":[{"enterText":"Heavy Equi","selector":{"id":"application-manageresources-display-component---newResourceUnit--PLANNING_GROUP","interaction":{"idSuffix":"inner"}},"clearTextFirst":true,"interactionType":"ENTER_TEXT"}]}
RESULT: {}
COMMAND: POST /session/d4f675b322105372b3380f2dea3f05ac/execute/async - {"script":"<script> [1562 bytes]","args":[{"selector":{"id":"application-manageresources-display-component---newResourceUnit--PLANNING_INDICATOR","interaction":{"idSuffix":"inner"}},"wdio_ui5_key":"applicationmanageresources-display-component---newResourceUnit--PLANNING_INDICATOR"}]}
RESULT: {"script":"<script> [1562 bytes]","args":[{"selector":{"id":"application-manageresources-display-component---newResourceUnit--PLANNING_INDICATOR","interaction":{"idSuffix":"inner"}},"wdio_ui5_key":"applicationmanageresources-display-component---newResourceUnit--PLANNING_INDICATOR"}]}
RESULT: undefined
COMMAND: POST /session/d4f675b322105372b3380f2dea3f05ac/execute/async - {"script":"<script> [776 bytes]","args":[{"enterText":"10 - infinite","selector":{"id":"application-manageresources-display-component---newResourceUnit--PLANNING_INDICATOR","interaction":{"idSuffix":"inner"}},"clearTextFirst":true,"interactionType":"ENTER_TEXT"}]}
RESULT: {"script":"<script> [776 bytes]","args":[{"enterText":"10 - infinite","selector":{"id":"application-manageresources-display-component---newResourceUnit--PLANNING_INDICATOR","interaction":{"idSuffix":"inner"}},"clearTextFirst":true,"interactionType":"ENTER_TEXT"}]}
RESULT: undefined
COMMAND: POST /session/d4f675b322105372b3380f2dea3f05ac/element - {"using":"xpath","value":"//*[@id=\"application-manageresources-display-component---newResourceUnit--ITEM_TYPE-arrow\"]"}
RESULT: {"using":"xpath","value":"//*[@id=\"application-manageresources-display-component---newResourceUnit--ITEM_TYPE-arrow\"]"}
COMMAND: POST /session/d4f675b322105372b3380f2dea3f05ac/element/f.73BB2000E1F4E36FD864906F51978B2B.d.395265EEF32E89A0A60D5193232EC16D.e.28292/click - {}
RESULT: {}
COMMAND: GET /session/d4f675b322105372b3380f2dea3f05ac/screenshot - {}
RESULT: {}
COMMAND: POST /session/d4f675b322105372b3380f2dea3f05ac/execute/async - {"script":"<script> [1562 bytes]","args":[{"selector":{"controlType":"sap.m.StandardListItem","viewName":"reusables.view.manageresources.NewResourceUnit","viewId":"application-manageresources-display-component---newResourceUnit","properties":{"title":"Pool Equipment"},"searchOpenDialogs":true,"interaction":{"idSuffix":"content"}},"wdio_ui5_key":"reusablesview.manageresources.NewResourceUnitsap.m.StandardListItem{\"title\":\"Pool Equipment\"}"}]}
RESULT: {"script":"<script> [1562 bytes]","args":[{"selector":{"controlType":"sap.m.StandardListItem","viewName":"reusables.view.manageresources.NewResourceUnit","viewId":"application-manageresources-display-component---newResourceUnit","properties":{"title":"Pool Equipment"},"searchOpenDialogs":true,"interaction":{"idSuffix":"content"}},"wdio_ui5_key":"reusablesview.manageresources.NewResourceUnitsap.m.StandardListItem{\"title\":\"Pool Equipment\"}"}]}
RESULT: undefined
COMMAND: POST /session/d4f675b322105372b3380f2dea3f05ac/element - {"using":"xpath","value":"//*[@id=\"__item1396\"]"}
RESULT: {"using":"xpath","value":"//*[@id=\"__item1396\"]"}
COMMAND: POST /session/d4f675b322105372b3380f2dea3f05ac/element/f.73BB2000E1F4E36FD864906F51978B2B.d.395265EEF32E89A0A60D5193232EC16D.e.28294/click - {}
RESULT: {}
COMMAND: GET /session/d4f675b322105372b3380f2dea3f05ac/screenshot - {}
RESULT: {}
COMMAND: POST /session/d4f675b322105372b3380f2dea3f05ac/element - {"using":"css selector","value":"#application-manageresources-display-component---newResourceUnit--btnAddTimeSegment"}
RESULT: {"using":"css selector","value":"#application-manageresources-display-component---newResourceUnit--btnAddTimeSegment"}
COMMAND: GET /session/d4f675b322105372b3380f2dea3f05ac/element/f.73BB2000E1F4E36FD864906F51978B2B.d.395265EEF32E89A0A60D5193232EC16D.e.28356/rect - {}
RESULT: {}
COMMAND: GET /session/d4f675b322105372b3380f2dea3f05ac/window/rect - {}
RESULT: {}
COMMAND: POST /session/d4f675b322105372b3380f2dea3f05ac/execute/sync - {"script":"<script> [92 bytes]","args":[]}
RESULT: {"script":"<script> [92 bytes]","args":[]}
COMMAND: POST /session/d4f675b322105372b3380f2dea3f05ac/actions - {"actions":[{"id":"action86","type":"wheel","parameters":{},"actions":[{"type":"scroll","x":-1888,"y":-32,"deltaX":0,"deltaY":0,"duration":0,"origin":{"element-6066-11e4-a52e-4f735466cecf":"f.73BB2000E1F4E36FD864906F51978B2B.d.395265EEF32E89A0A60D5193232EC16D.e.28356"}}]}]}
COMMAND: GET /session/d4f675b322105372b3380f2dea3f05ac/screenshot - {}
RESULT: {}
COMMAND: POST /session/d4f675b322105372b3380f2dea3f05ac/execute/sync - {"script":"<script> [79 bytes]","args":[{"element-6066-11e4-a52e-4f735466cecf":"f.73BB2000E1F4E36FD864906F51978B2B.d.395265EEF32E89A0A60D5193232EC16D.e.28356","ELEMENT":"f.73BB2000E1F4E36FD864906F51978B2B.d.395265EEF32E89A0A60D5193232EC16D.e.28356"},{"block":"start","inline":"nearest"}]}
RESULT: {"script":"<script> [79 bytes]","args":[{"element-6066-11e4-a52e-4f735466cecf":"f.73BB2000E1F4E36FD864906F51978B2B.d.395265EEF32E89A0A60D5193232EC16D.e.28356","ELEMENT":"f.73BB2000E1F4E36FD864906F51978B2B.d.395265EEF32E89A0A60D5193232EC16D.e.28356"},{"block":"start","inline":"nearest"}]}
RESULT: undefined
COMMAND: POST /session/d4f675b322105372b3380f2dea3f05ac/element - {"using":"xpath","value":"//*[@id=\"application-manageresources-display-component---newResourceUnit--btnAddTimeSegment\"]"}
COMMAND: GET /session/d4f675b322105372b3380f2dea3f05ac/screenshot - {}
RESULT: {"using":"xpath","value":"//*[@id=\"application-manageresources-display-component---newResourceUnit--btnAddTimeSegment\"]"}
COMMAND: POST /session/d4f675b322105372b3380f2dea3f05ac/element/f.73BB2000E1F4E36FD864906F51978B2B.d.395265EEF32E89A0A60D5193232EC16D.e.28356/click - {}
RESULT: {}
RESULT: {}
COMMAND: GET /session/d4f675b322105372b3380f2dea3f05ac/screenshot - {}
RESULT: {}
COMMAND: POST /session/d4f675b322105372b3380f2dea3f05ac/element - {"using":"xpath","value":"//input[@id=\"application-manageresources-display-component---newResourceUnit--idRuTSAdmin-application-manageresources-display-component---newResourceUnit--RUTimeSegment-0-inner\"]"}
RESULT: {"using":"xpath","value":"//input[@id=\"application-manageresources-display-component---newResourceUnit--idRuTSAdmin-application-manageresources-display-component---newResourceUnit--RUTimeSegment-0-inner\"]"}
COMMAND: POST /session/d4f675b322105372b3380f2dea3f05ac/element/f.73BB2000E1F4E36FD864906F51978B2B.d.395265EEF32E89A0A60D5193232EC16D.e.28361/clear - {}
RESULT: {}
COMMAND: POST /session/d4f675b322105372b3380f2dea3f05ac/element/f.73BB2000E1F4E36FD864906F51978B2B.d.395265EEF32E89A0A60D5193232EC16D.e.28361/value - {"text":"427"}
COMMAND: GET /session/d4f675b322105372b3380f2dea3f05ac/screenshot - {}
RESULT: {"text":"427"}
COMMAND: GET /session/d4f675b322105372b3380f2dea3f05ac/screenshot - {}
RESULT: {}
RESULT: {}
COMMAND: POST /session/d4f675b322105372b3380f2dea3f05ac/element - {"using":"xpath","value":"//li[.//span[text()='427']]"}
RESULT: {"using":"xpath","value":"//li[.//span[text()='427']]"}
COMMAND: POST /session/d4f675b322105372b3380f2dea3f05ac/element/f.73BB2000E1F4E36FD864906F51978B2B.d.395265EEF32E89A0A60D5193232EC16D.e.28374/click - {}
RESULT: {}
COMMAND: GET /session/d4f675b322105372b3380f2dea3f05ac/screenshot - {}
RESULT: {}
COMMAND: POST /session/d4f675b322105372b3380f2dea3f05ac/element - {"using":"xpath","value":"(//span[contains(@id, \"-application-manageresources-display-component---newResourceUnit--RUTimeSegment-0-arrow\")])[5]"}
RESULT: {"using":"xpath","value":"(//span[contains(@id, \"-application-manageresources-display-component---newResourceUnit--RUTimeSegment-0-arrow\")])[5]"}
COMMAND: POST /session/d4f675b322105372b3380f2dea3f05ac/element/f.73BB2000E1F4E36FD864906F51978B2B.d.395265EEF32E89A0A60D5193232EC16D.e.28375/click - {}
RESULT: {}
COMMAND: GET /session/d4f675b322105372b3380f2dea3f05ac/screenshot - {}
RESULT: {}
COMMAND: POST /session/d4f675b322105372b3380f2dea3f05ac/element - {"using":"xpath","value":"//span[contains(text(), \"PM Order\")]"}
RESULT: {"using":"xpath","value":"//span[contains(text(), \"PM Order\")]"}
COMMAND: POST /session/d4f675b322105372b3380f2dea3f05ac/element/f.73BB2000E1F4E36FD864906F51978B2B.d.395265EEF32E89A0A60D5193232EC16D.e.28376/click - {}
RESULT: {}
COMMAND: GET /session/d4f675b322105372b3380f2dea3f05ac/screenshot - {}
RESULT: {}
COMMAND: POST /session/d4f675b322105372b3380f2dea3f05ac/element - {"using":"xpath","value":"(//span[contains(@id ,\"manageresources-display-component---newResourceUnit--RUTimeSegment-0-vhi\")])[1]"}
RESULT: {"using":"xpath","value":"(//span[contains(@id ,\"manageresources-display-component---newResourceUnit--RUTimeSegment-0-vhi\")])[1]"}
COMMAND: GET /session/d4f675b322105372b3380f2dea3f05ac/element/f.73BB2000E1F4E36FD864906F51978B2B.d.395265EEF32E89A0A60D5193232EC16D.e.28380/rect - {}
RESULT: {}
COMMAND: GET /session/d4f675b322105372b3380f2dea3f05ac/window/rect - {}
RESULT: {}
COMMAND: POST /session/d4f675b322105372b3380f2dea3f05ac/execute/sync - {"script":"<script> [92 bytes]","args":[]}
RESULT: {"script":"<script> [92 bytes]","args":[]}
COMMAND: POST /session/d4f675b322105372b3380f2dea3f05ac/actions - {"actions":[{"id":"action87","type":"wheel","parameters":{},"actions":[{"type":"scroll","x":-1888,"y":-24,"deltaX":0,"deltaY":0,"duration":0,"origin":{"element-6066-11e4-a52e-4f735466cecf":"f.73BB2000E1F4E36FD864906F51978B2B.d.395265EEF32E89A0A60D5193232EC16D.e.28380"}}]}]}
COMMAND: GET /session/d4f675b322105372b3380f2dea3f05ac/screenshot - {}
RESULT: {}
COMMAND: POST /session/d4f675b322105372b3380f2dea3f05ac/execute/sync - {"script":"<script> [79 bytes]","args":[{"element-6066-11e4-a52e-4f735466cecf":"f.73BB2000E1F4E36FD864906F51978B2B.d.395265EEF32E89A0A60D5193232EC16D.e.28380","ELEMENT":"f.73BB2000E1F4E36FD864906F51978B2B.d.395265EEF32E89A0A60D5193232EC16D.e.28380"},{"block":"start","inline":"nearest"}]}
RESULT: {"script":"<script> [79 bytes]","args":[{"element-6066-11e4-a52e-4f735466cecf":"f.73BB2000E1F4E36FD864906F51978B2B.d.395265EEF32E89A0A60D5193232EC16D.e.28380","ELEMENT":"f.73BB2000E1F4E36FD864906F51978B2B.d.395265EEF32E89A0A60D5193232EC16D.e.28380"},{"block":"start","inline":"nearest"}]}
COMMAND: GET /session/d4f675b322105372b3380f2dea3f05ac/screenshot - {}
RESULT: {}
COMMAND: POST /session/d4f675b322105372b3380f2dea3f05ac/element/f.73BB2000E1F4E36FD864906F51978B2B.d.395265EEF32E89A0A60D5193232EC16D.e.28380/click - {}
RESULT: {}
COMMAND: GET /session/d4f675b322105372b3380f2dea3f05ac/screenshot - {}
RESULT: {}
RESULT: undefined
COMMAND: POST /session/d4f675b322105372b3380f2dea3f05ac/execute/async - {"script":"<script> [776 bytes]","args":[{"enterText":"4000360","selector":{"controlType":"sap.m.SearchField","properties":{"placeholder":"Search"},"searchOpenDialogs":true,"interaction":{"idSuffix":"I"}},"clearTextFirst":true,"interactionType":"ENTER_TEXT"}]}
RESULT: {"script":"<script> [776 bytes]","args":[{"enterText":"4000360","selector":{"controlType":"sap.m.SearchField","properties":{"placeholder":"Search"},"searchOpenDialogs":true,"interaction":{"idSuffix":"I"}},"clearTextFirst":true,"interactionType":"ENTER_TEXT"}]}
COMMAND: POST /session/d4f675b322105372b3380f2dea3f05ac/actions - {"actions":[{"id":"action88","type":"key","parameters":{},"actions":[{"type":"keyDown","value":""},{"type":"pause","duration":10},{"type":"keyUp","value":""}]}]}
RESULT: {"actions":[{"id":"action88","type":"key","parameters":{},"actions":[{"type":"keyDown","value":""},{"type":"pause","duration":10},{"type":"keyUp","value":""}]}]}
COMMAND: GET /session/d4f675b322105372b3380f2dea3f05ac/screenshot - {}
RESULT: {}
COMMAND: POST /session/d4f675b322105372b3380f2dea3f05ac/element - {"using":"xpath","value":"//td/div/span[contains(text(), \"BGL Vehicles\")]"}
RESULT: {"using":"xpath","value":"//td/div/span[contains(text(), \"BGL Vehicles\")]"}
COMMAND: POST /session/d4f675b322105372b3380f2dea3f05ac/element/f.73BB2000E1F4E36FD864906F51978B2B.d.395265EEF32E89A0A60D5193232EC16D.e.28399/click - {}
RESULT: {}
COMMAND: GET /session/d4f675b322105372b3380f2dea3f05ac/screenshot - {}
RESULT: {}
COMMAND: POST /session/d4f675b322105372b3380f2dea3f05ac/element - {"using":"xpath","value":"//bdi[contains(text(), \"OK\")]"}
RESULT: {"using":"xpath","value":"//bdi[contains(text(), \"OK\")]"}
COMMAND: POST /session/d4f675b322105372b3380f2dea3f05ac/element/f.73BB2000E1F4E36FD864906F51978B2B.d.395265EEF32E89A0A60D5193232EC16D.e.28400/click - {}
RESULT: {}
COMMAND: GET /session/d4f675b322105372b3380f2dea3f05ac/screenshot - {}
RESULT: {}
COMMAND: POST /session/d4f675b322105372b3380f2dea3f05ac/element - {"using":"xpath","value":"//label[contains(@class, 'sapMLabelRequired') and .//bdi[contains(text(), 'Planned Retirement')]]"}
RESULT: {"using":"xpath","value":"//label[contains(@class, 'sapMLabelRequired') and .//bdi[contains(text(), 'Planned Retirement')]]"}
COMMAND: POST /session/d4f675b322105372b3380f2dea3f05ac/elements - {"using":"xpath","value":"//label[contains(@class, 'sapMLabelRequired') and .//bdi[contains(text(), 'Planned Retirement')]]"}
RESULT: {"using":"xpath","value":"//label[contains(@class, 'sapMLabelRequired') and .//bdi[contains(text(), 'Planned Retirement')]]"}
COMMAND: POST /session/d4f675b322105372b3380f2dea3f05ac/element - {"using":"xpath","value":"//button[@data-kt=\"resourceUnitSaveButton\"]"}
RESULT: {"using":"xpath","value":"//button[@data-kt=\"resourceUnitSaveButton\"]"}
COMMAND: POST /session/d4f675b322105372b3380f2dea3f05ac/element/f.73BB2000E1F4E36FD864906F51978B2B.d.395265EEF32E89A0A60D5193232EC16D.e.28171/click - {}
RESULT: {}
COMMAND: GET /session/d4f675b322105372b3380f2dea3f05ac/screenshot - {}
RESULT: {}
COMMAND: POST /session/d4f675b322105372b3380f2dea3f05ac/element - {"using":"xpath","value":"//bdi[contains(text(), \"Close\")]"}
RESULT: {"using":"xpath","value":"//bdi[contains(text(), \"Close\")]"}
COMMAND: POST /session/d4f675b322105372b3380f2dea3f05ac/element/f.73BB2000E1F4E36FD864906F51978B2B.d.395265EEF32E89A0A60D5193232EC16D.e.28406/click - {}
RESULT: {}
COMMAND: GET /session/d4f675b322105372b3380f2dea3f05ac/screenshot - {}
RESULT: {}
COMMAND: POST /session/d4f675b322105372b3380f2dea3f05ac/element - {"using":"xpath","value":"//header[contains(@id, 'detailRruPage-headerTitle')]/div[1]/div[2]/div[2]/span[1]"}
RESULT: {"using":"xpath","value":"//header[contains(@id, 'detailRruPage-headerTitle')]/div[1]/div[2]/div[2]/span[1]"}
COMMAND: POST /session/d4f675b322105372b3380f2dea3f05ac/elements - {"using":"xpath","value":"//header[contains(@id, 'detailRruPage-headerTitle')]/div[1]/div[2]/div[2]/span[1]"}
RESULT: {"using":"xpath","value":"//header[contains(@id, 'detailRruPage-headerTitle')]/div[1]/div[2]/div[2]/span[1]"}
COMMAND: POST /session/d4f675b322105372b3380f2dea3f05ac/execute/sync - {"script":"<script> [56 bytes]","args":[{"element-6066-11e4-a52e-4f735466cecf":"f.73BB2000E1F4E36FD864906F51978B2B.d.395265EEF32E89A0A60D5193232EC16D.e.28431","ELEMENT":"f.73BB2000E1F4E36FD864906F51978B2B.d.395265EEF32E89A0A60D5193232EC16D.e.28431"}]}
RESULT: {"script":"<script> [56 bytes]","args":[{"element-6066-11e4-a52e-4f735466cecf":"f.73BB2000E1F4E36FD864906F51978B2B.d.395265EEF32E89A0A60D5193232EC16D.e.28431","ELEMENT":"f.73BB2000E1F4E36FD864906F51978B2B.d.395265EEF32E89A0A60D5193232EC16D.e.28431"}]}
COMMAND: POST /session/d4f675b322105372b3380f2dea3f05ac/element - {"using":"css selector","value":"#shell-header-logo"}
COMMAND: GET /session/d4f675b322105372b3380f2dea3f05ac/screenshot - {}
RESULT: {"using":"css selector","value":"#shell-header-logo"}
COMMAND: POST /session/d4f675b322105372b3380f2dea3f05ac/element/f.73BB2000E1F4E36FD864906F51978B2B.d.395265EEF32E89A0A60D5193232EC16D.e.27694/click - {}
RESULT: {}
RESULT: {}
COMMAND: GET /session/d4f675b322105372b3380f2dea3f05ac/screenshot - {}
RESULT: {}
]]></system-out>
    </testcase>
    <testcase classname="chrome.136_0_7103_93.windows.Transfer_Yard_to_Yard_US131076" name="Should do a stock increase handover for equipment" time="88.651">
      <system-out><![CDATA[
COMMAND: POST /session/d4f675b322105372b3380f2dea3f05ac/execute/async - {"script":"<script> [1562 bytes]","args":[{"selector":{"controlType":"sap.m.GenericTile","properties":{"header":"Manage Handovers"}},"wdio_ui5_key":"sapm.GenericTile{\"header\":\"Manage Handovers\"}"}]}
RESULT: {"script":"<script> [1562 bytes]","args":[{"selector":{"controlType":"sap.m.GenericTile","properties":{"header":"Manage Handovers"}},"wdio_ui5_key":"sapm.GenericTile{\"header\":\"Manage Handovers\"}"}]}
RESULT: undefined
COMMAND: POST /session/d4f675b322105372b3380f2dea3f05ac/element - {"using":"xpath","value":"//*[@id=\"__tile132\"]"}
RESULT: {"using":"xpath","value":"//*[@id=\"__tile132\"]"}
COMMAND: POST /session/d4f675b322105372b3380f2dea3f05ac/element/f.73BB2000E1F4E36FD864906F51978B2B.d.395265EEF32E89A0A60D5193232EC16D.e.26134/click - {}
RESULT: {}
COMMAND: GET /session/d4f675b322105372b3380f2dea3f05ac/screenshot - {}
RESULT: {}
COMMAND: POST /session/d4f675b322105372b3380f2dea3f05ac/elements - {"using":"xpath","value":"//span[text()='Error']"}
RESULT: {"using":"xpath","value":"//span[text()='Error']"}
COMMAND: POST /session/d4f675b322105372b3380f2dea3f05ac/element - {"using":"xpath","value":"//button[@data-kt=\"masterHOAddButton\"]"}
RESULT: {"using":"xpath","value":"//button[@data-kt=\"masterHOAddButton\"]"}
COMMAND: POST /session/d4f675b322105372b3380f2dea3f05ac/elements - {"using":"xpath","value":"//button[@data-kt=\"masterHOAddButton\"]"}
RESULT: {"using":"xpath","value":"//button[@data-kt=\"masterHOAddButton\"]"}
COMMAND: POST /session/d4f675b322105372b3380f2dea3f05ac/execute/sync - {"script":"<script> [8489 bytes]","args":[{"element-6066-11e4-a52e-4f735466cecf":"f.73BB2000E1F4E36FD864906F51978B2B.d.395265EEF32E89A0A60D5193232EC16D.e.28465","ELEMENT":"f.73BB2000E1F4E36FD864906F51978B2B.d.395265EEF32E89A0A60D5193232EC16D.e.28465"}]}
RESULT: {"script":"<script> [8489 bytes]","args":[{"element-6066-11e4-a52e-4f735466cecf":"f.73BB2000E1F4E36FD864906F51978B2B.d.395265EEF32E89A0A60D5193232EC16D.e.28465","ELEMENT":"f.73BB2000E1F4E36FD864906F51978B2B.d.395265EEF32E89A0A60D5193232EC16D.e.28465"}]}
COMMAND: GET /session/d4f675b322105372b3380f2dea3f05ac/element/f.73BB2000E1F4E36FD864906F51978B2B.d.395265EEF32E89A0A60D5193232EC16D.e.28465/enabled - {}
COMMAND: GET /session/d4f675b322105372b3380f2dea3f05ac/screenshot - {}
RESULT: {}
COMMAND: POST /session/d4f675b322105372b3380f2dea3f05ac/execute/sync - {"script":"<script> [8489 bytes]","args":[{"element-6066-11e4-a52e-4f735466cecf":"f.73BB2000E1F4E36FD864906F51978B2B.d.395265EEF32E89A0A60D5193232EC16D.e.28465","ELEMENT":"f.73BB2000E1F4E36FD864906F51978B2B.d.395265EEF32E89A0A60D5193232EC16D.e.28465"}]}
COMMAND: GET /session/d4f675b322105372b3380f2dea3f05ac/screenshot - {}
RESULT: {}
RESULT: {"script":"<script> [8489 bytes]","args":[{"element-6066-11e4-a52e-4f735466cecf":"f.73BB2000E1F4E36FD864906F51978B2B.d.395265EEF32E89A0A60D5193232EC16D.e.28465","ELEMENT":"f.73BB2000E1F4E36FD864906F51978B2B.d.395265EEF32E89A0A60D5193232EC16D.e.28465"}]}
COMMAND: POST /session/d4f675b322105372b3380f2dea3f05ac/execute/sync - {"script":"<script> [5351 bytes]","args":[{"element-6066-11e4-a52e-4f735466cecf":"f.73BB2000E1F4E36FD864906F51978B2B.d.395265EEF32E89A0A60D5193232EC16D.e.28465","ELEMENT":"f.73BB2000E1F4E36FD864906F51978B2B.d.395265EEF32E89A0A60D5193232EC16D.e.28465"}]}
COMMAND: GET /session/d4f675b322105372b3380f2dea3f05ac/screenshot - {}
RESULT: {}
RESULT: {"script":"<script> [5351 bytes]","args":[{"element-6066-11e4-a52e-4f735466cecf":"f.73BB2000E1F4E36FD864906F51978B2B.d.395265EEF32E89A0A60D5193232EC16D.e.28465","ELEMENT":"f.73BB2000E1F4E36FD864906F51978B2B.d.395265EEF32E89A0A60D5193232EC16D.e.28465"}]}
COMMAND: POST /session/d4f675b322105372b3380f2dea3f05ac/element/f.73BB2000E1F4E36FD864906F51978B2B.d.395265EEF32E89A0A60D5193232EC16D.e.28465/click - {}
COMMAND: GET /session/d4f675b322105372b3380f2dea3f05ac/screenshot - {}
RESULT: {}
RESULT: {}
COMMAND: GET /session/d4f675b322105372b3380f2dea3f05ac/screenshot - {}
RESULT: {}
COMMAND: POST /session/d4f675b322105372b3380f2dea3f05ac/element - {"using":"xpath","value":"//span[contains(@id ,\"AddNewHO--typeSelect-arrow\")]"}
RESULT: {}
RESULT: {"using":"xpath","value":"//span[contains(@id ,\"AddNewHO--typeSelect-arrow\")]"}
COMMAND: POST /session/d4f675b322105372b3380f2dea3f05ac/element/f.73BB2000E1F4E36FD864906F51978B2B.d.395265EEF32E89A0A60D5193232EC16D.e.28829/click - {}
RESULT: {}
COMMAND: GET /session/d4f675b322105372b3380f2dea3f05ac/screenshot - {}
RESULT: {}
COMMAND: POST /session/d4f675b322105372b3380f2dea3f05ac/element - {"using":"xpath","value":"(//li[contains(text(), \"stock increase yard\")])[1]"}
RESULT: {"using":"xpath","value":"(//li[contains(text(), \"stock increase yard\")])[1]"}
COMMAND: POST /session/d4f675b322105372b3380f2dea3f05ac/element/f.73BB2000E1F4E36FD864906F51978B2B.d.395265EEF32E89A0A60D5193232EC16D.e.28830/click - {}
RESULT: {}
COMMAND: GET /session/d4f675b322105372b3380f2dea3f05ac/screenshot - {}
RESULT: {}
COMMAND: POST /session/d4f675b322105372b3380f2dea3f05ac/execute/async - {"script":"<script> [1562 bytes]","args":[{"selector":{"id":"application-managehandovers-display-component---AddNewHO--dueDate","interaction":{"idSuffix":"inner"}},"wdio_ui5_key":"applicationmanagehandovers-display-component---AddNewHO--dueDate"}]}
RESULT: {"script":"<script> [1562 bytes]","args":[{"selector":{"id":"application-managehandovers-display-component---AddNewHO--dueDate","interaction":{"idSuffix":"inner"}},"wdio_ui5_key":"applicationmanagehandovers-display-component---AddNewHO--dueDate"}]}
RESULT: undefined
COMMAND: POST /session/d4f675b322105372b3380f2dea3f05ac/execute/async - {"script":"<script> [6424 bytes]","args":[{"element-6066-11e4-a52e-4f735466cecf":"f.73BB2000E1F4E36FD864906F51978B2B.d.395265EEF32E89A0A60D5193232EC16D.e.28832"},"setValue",["5/28/25"]]}
RESULT: {"script":"<script> [6424 bytes]","args":[{"element-6066-11e4-a52e-4f735466cecf":"f.73BB2000E1F4E36FD864906F51978B2B.d.395265EEF32E89A0A60D5193232EC16D.e.28832"},"setValue",["5/28/25"]]}
COMMAND: POST /session/d4f675b322105372b3380f2dea3f05ac/element - {"using":"xpath","value":"//input[@id=\"generalSectionFrg--receiveYard-inner\"]"}
RESULT: {"using":"xpath","value":"//input[@id=\"generalSectionFrg--receiveYard-inner\"]"}
COMMAND: POST /session/d4f675b322105372b3380f2dea3f05ac/element/f.73BB2000E1F4E36FD864906F51978B2B.d.395265EEF32E89A0A60D5193232EC16D.e.28838/clear - {}
RESULT: {}
COMMAND: POST /session/d4f675b322105372b3380f2dea3f05ac/element/f.73BB2000E1F4E36FD864906F51978B2B.d.395265EEF32E89A0A60D5193232EC16D.e.28838/value - {"text":"427"}
COMMAND: GET /session/d4f675b322105372b3380f2dea3f05ac/screenshot - {}
RESULT: {"text":"427"}
COMMAND: GET /session/d4f675b322105372b3380f2dea3f05ac/screenshot - {}
RESULT: {}
RESULT: {}
COMMAND: POST /session/d4f675b322105372b3380f2dea3f05ac/element - {"using":"xpath","value":"//li[.//span[text()='427']]"}
RESULT: {"using":"xpath","value":"//li[.//span[text()='427']]"}
COMMAND: POST /session/d4f675b322105372b3380f2dea3f05ac/element/f.73BB2000E1F4E36FD864906F51978B2B.d.395265EEF32E89A0A60D5193232EC16D.e.28856/click - {}
RESULT: {}
COMMAND: GET /session/d4f675b322105372b3380f2dea3f05ac/screenshot - {}
RESULT: {}
COMMAND: POST /session/d4f675b322105372b3380f2dea3f05ac/execute/async - {"script":"<script> [1562 bytes]","args":[{"selector":{"id":"application-managehandovers-display-component---AddNewHO--ObjectPageLayout-anchBar-application-managehandovers-display-component---AddNewHO--section4-anchor","interaction":{"idSuffix":"BDI-content"}},"wdio_ui5_key":"applicationmanagehandovers-display-component---AddNewHO--ObjectPageLayout-anchBar-application-managehandovers-display-component---AddNewHO--section4-anchor"}]}
RESULT: {"script":"<script> [1562 bytes]","args":[{"selector":{"id":"application-managehandovers-display-component---AddNewHO--ObjectPageLayout-anchBar-application-managehandovers-display-component---AddNewHO--section4-anchor","interaction":{"idSuffix":"BDI-content"}},"wdio_ui5_key":"applicationmanagehandovers-display-component---AddNewHO--ObjectPageLayout-anchBar-application-managehandovers-display-component---AddNewHO--section4-anchor"}]}
RESULT: undefined
COMMAND: POST /session/d4f675b322105372b3380f2dea3f05ac/element - {"using":"xpath","value":"//*[@id=\"application-managehandovers-display-component---AddNewHO--ObjectPageLayout-anchBar-application-managehandovers-display-component---AddNewHO--section4-anchor\"]"}
RESULT: {"using":"xpath","value":"//*[@id=\"application-managehandovers-display-component---AddNewHO--ObjectPageLayout-anchBar-application-managehandovers-display-component---AddNewHO--section4-anchor\"]"}
COMMAND: POST /session/d4f675b322105372b3380f2dea3f05ac/element/f.73BB2000E1F4E36FD864906F51978B2B.d.395265EEF32E89A0A60D5193232EC16D.e.28858/click - {}
RESULT: {}
COMMAND: POST /session/d4f675b322105372b3380f2dea3f05ac/element - {"using":"xpath","value":"//button[@aria-label=\"Add\"]"}
COMMAND: GET /session/d4f675b322105372b3380f2dea3f05ac/screenshot - {}
RESULT: {"using":"xpath","value":"//button[@aria-label=\"Add\"]"}
COMMAND: POST /session/d4f675b322105372b3380f2dea3f05ac/element/f.73BB2000E1F4E36FD864906F51978B2B.d.395265EEF32E89A0A60D5193232EC16D.e.28860/click - {}
RESULT: {}
RESULT: {}
COMMAND: GET /session/d4f675b322105372b3380f2dea3f05ac/screenshot - {}
RESULT: {}
COMMAND: POST /session/d4f675b322105372b3380f2dea3f05ac/execute/async - {"script":"<script> [1562 bytes]","args":[{"selector":{"id":"application-managehandovers-display-component---AddNewHO--smartFilterBar-btnBasicSearch","searchOpenDialogs":true,"interaction":{"idSuffix":"I"}},"wdio_ui5_key":"applicationmanagehandovers-display-component---AddNewHO--smartFilterBar-btnBasicSearch"}]}
RESULT: {"script":"<script> [1562 bytes]","args":[{"selector":{"id":"application-managehandovers-display-component---AddNewHO--smartFilterBar-btnBasicSearch","searchOpenDialogs":true,"interaction":{"idSuffix":"I"}},"wdio_ui5_key":"applicationmanagehandovers-display-component---AddNewHO--smartFilterBar-btnBasicSearch"}]}
RESULT: undefined
COMMAND: POST /session/d4f675b322105372b3380f2dea3f05ac/execute/async - {"script":"<script> [776 bytes]","args":[{"enterText":"FkNMgmytgx","selector":{"id":"application-managehandovers-display-component---AddNewHO--smartFilterBar-btnBasicSearch","searchOpenDialogs":true,"interaction":{"idSuffix":"I"}},"clearTextFirst":true,"interactionType":"ENTER_TEXT"}]}
RESULT: {"script":"<script> [776 bytes]","args":[{"enterText":"FkNMgmytgx","selector":{"id":"application-managehandovers-display-component---AddNewHO--smartFilterBar-btnBasicSearch","searchOpenDialogs":true,"interaction":{"idSuffix":"I"}},"clearTextFirst":true,"interactionType":"ENTER_TEXT"}]}
COMMAND: POST /session/d4f675b322105372b3380f2dea3f05ac/actions - {"actions":[{"id":"action89","type":"key","parameters":{},"actions":[{"type":"keyDown","value":""},{"type":"pause","duration":10},{"type":"keyUp","value":""}]}]}
RESULT: {"actions":[{"id":"action89","type":"key","parameters":{},"actions":[{"type":"keyDown","value":""},{"type":"pause","duration":10},{"type":"keyUp","value":""}]}]}
COMMAND: GET /session/d4f675b322105372b3380f2dea3f05ac/screenshot - {}
RESULT: {}
COMMAND: POST /session/d4f675b322105372b3380f2dea3f05ac/execute/async - {"script":"<script> [1562 bytes]","args":[{"selector":{"id":"application-managehandovers-display-component---AddNewHO--popup-sa","searchOpenDialogs":true,"interaction":{"idSuffix":"CbBg"}},"wdio_ui5_key":"applicationmanagehandovers-display-component---AddNewHO--popup-sa"}]}
RESULT: {"script":"<script> [1562 bytes]","args":[{"selector":{"id":"application-managehandovers-display-component---AddNewHO--popup-sa","searchOpenDialogs":true,"interaction":{"idSuffix":"CbBg"}},"wdio_ui5_key":"applicationmanagehandovers-display-component---AddNewHO--popup-sa"}]}
RESULT: undefined
COMMAND: POST /session/d4f675b322105372b3380f2dea3f05ac/element - {"using":"xpath","value":"//*[@id=\"application-managehandovers-display-component---AddNewHO--popup-sa\"]"}
RESULT: {"using":"xpath","value":"//*[@id=\"application-managehandovers-display-component---AddNewHO--popup-sa\"]"}
COMMAND: POST /session/d4f675b322105372b3380f2dea3f05ac/element/f.73BB2000E1F4E36FD864906F51978B2B.d.395265EEF32E89A0A60D5193232EC16D.e.29014/click - {}
RESULT: {}
COMMAND: GET /session/d4f675b322105372b3380f2dea3f05ac/screenshot - {}
RESULT: {}
COMMAND: POST /session/d4f675b322105372b3380f2dea3f05ac/element - {"using":"xpath","value":"//bdi[contains(text(), \"Select\")]"}
RESULT: {"using":"xpath","value":"//bdi[contains(text(), \"Select\")]"}
COMMAND: POST /session/d4f675b322105372b3380f2dea3f05ac/element/f.73BB2000E1F4E36FD864906F51978B2B.d.395265EEF32E89A0A60D5193232EC16D.e.29015/click - {}
RESULT: {}
COMMAND: GET /session/d4f675b322105372b3380f2dea3f05ac/screenshot - {}
RESULT: {}
COMMAND: POST /session/d4f675b322105372b3380f2dea3f05ac/element - {"using":"xpath","value":"//button[@data-kt=\"AddNewHOSaveButton\"]"}
RESULT: {"using":"xpath","value":"//button[@data-kt=\"AddNewHOSaveButton\"]"}
COMMAND: POST /session/d4f675b322105372b3380f2dea3f05ac/element/f.73BB2000E1F4E36FD864906F51978B2B.d.395265EEF32E89A0A60D5193232EC16D.e.29019/click - {}
RESULT: {}
COMMAND: GET /session/d4f675b322105372b3380f2dea3f05ac/screenshot - {}
RESULT: {}
COMMAND: POST /session/d4f675b322105372b3380f2dea3f05ac/execute/async - {"script":"<script> [1562 bytes]","args":[{"selector":{"id":"receiptDatePicker","viewName":"etm.portal.ui.managehandovers.view.DetailExecuteHO","interaction":{"idSuffix":"inner"}},"wdio_ui5_key":"receiptDatePickeretmportal.ui.managehandovers.view.DetailExecuteHO"}]}
RESULT: {"script":"<script> [1562 bytes]","args":[{"selector":{"id":"receiptDatePicker","viewName":"etm.portal.ui.managehandovers.view.DetailExecuteHO","interaction":{"idSuffix":"inner"}},"wdio_ui5_key":"receiptDatePickeretmportal.ui.managehandovers.view.DetailExecuteHO"}]}
RESULT: undefined
COMMAND: POST /session/d4f675b322105372b3380f2dea3f05ac/execute/async - {"script":"<script> [6424 bytes]","args":[{"element-6066-11e4-a52e-4f735466cecf":"f.73BB2000E1F4E36FD864906F51978B2B.d.395265EEF32E89A0A60D5193232EC16D.e.29049"},"setValue",["5/28/25"]]}
RESULT: {"script":"<script> [6424 bytes]","args":[{"element-6066-11e4-a52e-4f735466cecf":"f.73BB2000E1F4E36FD864906F51978B2B.d.395265EEF32E89A0A60D5193232EC16D.e.29049"},"setValue",["5/28/25"]]}
COMMAND: POST /session/d4f675b322105372b3380f2dea3f05ac/element - {"using":"xpath","value":"//button[@data-kt=\"ReceivingTableConfirmAllButton\"]"}
RESULT: {"using":"xpath","value":"//button[@data-kt=\"ReceivingTableConfirmAllButton\"]"}
COMMAND: POST /session/d4f675b322105372b3380f2dea3f05ac/element/f.73BB2000E1F4E36FD864906F51978B2B.d.395265EEF32E89A0A60D5193232EC16D.e.29064/click - {}
RESULT: {}
COMMAND: GET /session/d4f675b322105372b3380f2dea3f05ac/screenshot - {}
RESULT: {}
COMMAND: POST /session/d4f675b322105372b3380f2dea3f05ac/element - {"using":"xpath","value":"//bdi[contains(text(), \"OK\")]"}
RESULT: {"using":"xpath","value":"//bdi[contains(text(), \"OK\")]"}
COMMAND: POST /session/d4f675b322105372b3380f2dea3f05ac/element/f.73BB2000E1F4E36FD864906F51978B2B.d.395265EEF32E89A0A60D5193232EC16D.e.29066/click - {}
RESULT: {}
COMMAND: GET /session/d4f675b322105372b3380f2dea3f05ac/screenshot - {}
RESULT: {}
COMMAND: POST /session/d4f675b322105372b3380f2dea3f05ac/element - {"using":"xpath","value":"(//bdi[contains(text(), \"Receive\")])[2]"}
RESULT: {"using":"xpath","value":"(//bdi[contains(text(), \"Receive\")])[2]"}
COMMAND: POST /session/d4f675b322105372b3380f2dea3f05ac/element/f.73BB2000E1F4E36FD864906F51978B2B.d.395265EEF32E89A0A60D5193232EC16D.e.29068/click - {}
RESULT: {}
COMMAND: GET /session/d4f675b322105372b3380f2dea3f05ac/screenshot - {}
RESULT: {}
COMMAND: POST /session/d4f675b322105372b3380f2dea3f05ac/element - {"using":"css selector","value":"#shell-header-logo"}
RESULT: {"using":"css selector","value":"#shell-header-logo"}
COMMAND: POST /session/d4f675b322105372b3380f2dea3f05ac/element/f.73BB2000E1F4E36FD864906F51978B2B.d.395265EEF32E89A0A60D5193232EC16D.e.28434/click - {}
RESULT: {}
COMMAND: GET /session/d4f675b322105372b3380f2dea3f05ac/screenshot - {}
RESULT: {}
]]></system-out>
    </testcase>
    <testcase classname="chrome.136_0_7103_93.windows.Transfer_Yard_to_Yard_US131076" name="Should do a stock increase handover for equipment multipart" time="89.153">
      <system-out><![CDATA[
RESULT: undefined
COMMAND: POST /session/d4f675b322105372b3380f2dea3f05ac/element - {"using":"xpath","value":"//*[@id=\"__tile132\"]"}
RESULT: {"using":"xpath","value":"//*[@id=\"__tile132\"]"}
COMMAND: POST /session/d4f675b322105372b3380f2dea3f05ac/element/f.73BB2000E1F4E36FD864906F51978B2B.d.395265EEF32E89A0A60D5193232EC16D.e.26134/click - {}
RESULT: {}
COMMAND: GET /session/d4f675b322105372b3380f2dea3f05ac/screenshot - {}
RESULT: {}
COMMAND: POST /session/d4f675b322105372b3380f2dea3f05ac/elements - {"using":"xpath","value":"//span[text()='Error']"}
RESULT: {"using":"xpath","value":"//span[text()='Error']"}
COMMAND: POST /session/d4f675b322105372b3380f2dea3f05ac/element - {"using":"xpath","value":"//button[@data-kt=\"masterHOAddButton\"]"}
RESULT: {"using":"xpath","value":"//button[@data-kt=\"masterHOAddButton\"]"}
COMMAND: POST /session/d4f675b322105372b3380f2dea3f05ac/elements - {"using":"xpath","value":"//button[@data-kt=\"masterHOAddButton\"]"}
RESULT: {"using":"xpath","value":"//button[@data-kt=\"masterHOAddButton\"]"}
COMMAND: POST /session/d4f675b322105372b3380f2dea3f05ac/execute/sync - {"script":"<script> [8489 bytes]","args":[{"element-6066-11e4-a52e-4f735466cecf":"f.73BB2000E1F4E36FD864906F51978B2B.d.395265EEF32E89A0A60D5193232EC16D.e.29270","ELEMENT":"f.73BB2000E1F4E36FD864906F51978B2B.d.395265EEF32E89A0A60D5193232EC16D.e.29270"}]}
RESULT: {"script":"<script> [8489 bytes]","args":[{"element-6066-11e4-a52e-4f735466cecf":"f.73BB2000E1F4E36FD864906F51978B2B.d.395265EEF32E89A0A60D5193232EC16D.e.29270","ELEMENT":"f.73BB2000E1F4E36FD864906F51978B2B.d.395265EEF32E89A0A60D5193232EC16D.e.29270"}]}
COMMAND: GET /session/d4f675b322105372b3380f2dea3f05ac/element/f.73BB2000E1F4E36FD864906F51978B2B.d.395265EEF32E89A0A60D5193232EC16D.e.29270/enabled - {}
COMMAND: GET /session/d4f675b322105372b3380f2dea3f05ac/screenshot - {}
RESULT: {}
COMMAND: POST /session/d4f675b322105372b3380f2dea3f05ac/execute/sync - {"script":"<script> [8489 bytes]","args":[{"element-6066-11e4-a52e-4f735466cecf":"f.73BB2000E1F4E36FD864906F51978B2B.d.395265EEF32E89A0A60D5193232EC16D.e.29270","ELEMENT":"f.73BB2000E1F4E36FD864906F51978B2B.d.395265EEF32E89A0A60D5193232EC16D.e.29270"}]}
COMMAND: GET /session/d4f675b322105372b3380f2dea3f05ac/screenshot - {}
RESULT: {}
RESULT: {"script":"<script> [8489 bytes]","args":[{"element-6066-11e4-a52e-4f735466cecf":"f.73BB2000E1F4E36FD864906F51978B2B.d.395265EEF32E89A0A60D5193232EC16D.e.29270","ELEMENT":"f.73BB2000E1F4E36FD864906F51978B2B.d.395265EEF32E89A0A60D5193232EC16D.e.29270"}]}
COMMAND: POST /session/d4f675b322105372b3380f2dea3f05ac/execute/sync - {"script":"<script> [5351 bytes]","args":[{"element-6066-11e4-a52e-4f735466cecf":"f.73BB2000E1F4E36FD864906F51978B2B.d.395265EEF32E89A0A60D5193232EC16D.e.29270","ELEMENT":"f.73BB2000E1F4E36FD864906F51978B2B.d.395265EEF32E89A0A60D5193232EC16D.e.29270"}]}
COMMAND: GET /session/d4f675b322105372b3380f2dea3f05ac/screenshot - {}
RESULT: {}
RESULT: {"script":"<script> [5351 bytes]","args":[{"element-6066-11e4-a52e-4f735466cecf":"f.73BB2000E1F4E36FD864906F51978B2B.d.395265EEF32E89A0A60D5193232EC16D.e.29270","ELEMENT":"f.73BB2000E1F4E36FD864906F51978B2B.d.395265EEF32E89A0A60D5193232EC16D.e.29270"}]}
COMMAND: POST /session/d4f675b322105372b3380f2dea3f05ac/element/f.73BB2000E1F4E36FD864906F51978B2B.d.395265EEF32E89A0A60D5193232EC16D.e.29270/click - {}
COMMAND: GET /session/d4f675b322105372b3380f2dea3f05ac/screenshot - {}
RESULT: {}
RESULT: {}
COMMAND: GET /session/d4f675b322105372b3380f2dea3f05ac/screenshot - {}
RESULT: {}
RESULT: {}
COMMAND: POST /session/d4f675b322105372b3380f2dea3f05ac/element - {"using":"xpath","value":"//span[contains(@id ,\"AddNewHO--typeSelect-arrow\")]"}
RESULT: {"using":"xpath","value":"//span[contains(@id ,\"AddNewHO--typeSelect-arrow\")]"}
COMMAND: POST /session/d4f675b322105372b3380f2dea3f05ac/element/f.73BB2000E1F4E36FD864906F51978B2B.d.395265EEF32E89A0A60D5193232EC16D.e.29692/click - {}
RESULT: {}
COMMAND: GET /session/d4f675b322105372b3380f2dea3f05ac/screenshot - {}
RESULT: {}
COMMAND: POST /session/d4f675b322105372b3380f2dea3f05ac/element - {"using":"xpath","value":"(//li[contains(text(), \"stock increase yard\")])[1]"}
RESULT: {"using":"xpath","value":"(//li[contains(text(), \"stock increase yard\")])[1]"}
COMMAND: POST /session/d4f675b322105372b3380f2dea3f05ac/element/f.73BB2000E1F4E36FD864906F51978B2B.d.395265EEF32E89A0A60D5193232EC16D.e.29693/click - {}
RESULT: {}
COMMAND: GET /session/d4f675b322105372b3380f2dea3f05ac/screenshot - {}
RESULT: {}
RESULT: undefined
COMMAND: POST /session/d4f675b322105372b3380f2dea3f05ac/execute/async - {"script":"<script> [6424 bytes]","args":[{"element-6066-11e4-a52e-4f735466cecf":"f.73BB2000E1F4E36FD864906F51978B2B.d.395265EEF32E89A0A60D5193232EC16D.e.28832"},"setValue",["5/28/25"]]}
COMMAND: POST /session/d4f675b322105372b3380f2dea3f05ac/execute/async - {"script":"<script> [1562 bytes]","args":[{"selector":{"id":"application-managehandovers-display-component---AddNewHO--dueDate","interaction":{"idSuffix":"inner"}},"wdio_ui5_key":"applicationmanagehandovers-display-component---AddNewHO--dueDate"}]}
RESULT: {"script":"<script> [1562 bytes]","args":[{"selector":{"id":"application-managehandovers-display-component---AddNewHO--dueDate","interaction":{"idSuffix":"inner"}},"wdio_ui5_key":"applicationmanagehandovers-display-component---AddNewHO--dueDate"}]}
COMMAND: POST /session/d4f675b322105372b3380f2dea3f05ac/execute/async - {"script":"<script> [6424 bytes]","args":[{"element-6066-11e4-a52e-4f735466cecf":"f.73BB2000E1F4E36FD864906F51978B2B.d.395265EEF32E89A0A60D5193232EC16D.e.29695"},"setValue",["5/28/25"]]}
RESULT: {"script":"<script> [6424 bytes]","args":[{"element-6066-11e4-a52e-4f735466cecf":"f.73BB2000E1F4E36FD864906F51978B2B.d.395265EEF32E89A0A60D5193232EC16D.e.29695"},"setValue",["5/28/25"]]}
COMMAND: POST /session/d4f675b322105372b3380f2dea3f05ac/element - {"using":"xpath","value":"//input[@id=\"generalSectionFrg--receiveYard-inner\"]"}
RESULT: {"using":"xpath","value":"//input[@id=\"generalSectionFrg--receiveYard-inner\"]"}
COMMAND: POST /session/d4f675b322105372b3380f2dea3f05ac/element/f.73BB2000E1F4E36FD864906F51978B2B.d.395265EEF32E89A0A60D5193232EC16D.e.29701/clear - {}
RESULT: {}
COMMAND: POST /session/d4f675b322105372b3380f2dea3f05ac/element/f.73BB2000E1F4E36FD864906F51978B2B.d.395265EEF32E89A0A60D5193232EC16D.e.29701/value - {"text":"427"}
COMMAND: GET /session/d4f675b322105372b3380f2dea3f05ac/screenshot - {}
RESULT: {"text":"427"}
COMMAND: GET /session/d4f675b322105372b3380f2dea3f05ac/screenshot - {}
RESULT: {}
RESULT: {}
COMMAND: POST /session/d4f675b322105372b3380f2dea3f05ac/element - {"using":"xpath","value":"//li[.//span[text()='427']]"}
RESULT: {"using":"xpath","value":"//li[.//span[text()='427']]"}
COMMAND: POST /session/d4f675b322105372b3380f2dea3f05ac/element/f.73BB2000E1F4E36FD864906F51978B2B.d.395265EEF32E89A0A60D5193232EC16D.e.29717/click - {}
RESULT: {}
COMMAND: GET /session/d4f675b322105372b3380f2dea3f05ac/screenshot - {}
RESULT: {}
RESULT: undefined
COMMAND: POST /session/d4f675b322105372b3380f2dea3f05ac/element - {"using":"xpath","value":"//*[@id=\"application-managehandovers-display-component---AddNewHO--ObjectPageLayout-anchBar-application-managehandovers-display-component---AddNewHO--section4-anchor\"]"}
RESULT: {"using":"xpath","value":"//*[@id=\"application-managehandovers-display-component---AddNewHO--ObjectPageLayout-anchBar-application-managehandovers-display-component---AddNewHO--section4-anchor\"]"}
COMMAND: POST /session/d4f675b322105372b3380f2dea3f05ac/element/f.73BB2000E1F4E36FD864906F51978B2B.d.395265EEF32E89A0A60D5193232EC16D.e.29718/click - {}
RESULT: {}
COMMAND: POST /session/d4f675b322105372b3380f2dea3f05ac/element - {"using":"xpath","value":"//button[@aria-label=\"Add\"]"}
COMMAND: GET /session/d4f675b322105372b3380f2dea3f05ac/screenshot - {}
RESULT: {"using":"xpath","value":"//button[@aria-label=\"Add\"]"}
COMMAND: POST /session/d4f675b322105372b3380f2dea3f05ac/element/f.73BB2000E1F4E36FD864906F51978B2B.d.395265EEF32E89A0A60D5193232EC16D.e.29720/click - {}
RESULT: {}
RESULT: {}
COMMAND: GET /session/d4f675b322105372b3380f2dea3f05ac/screenshot - {}
RESULT: {}
RESULT: undefined
COMMAND: POST /session/d4f675b322105372b3380f2dea3f05ac/execute/async - {"script":"<script> [776 bytes]","args":[{"enterText":"400026","selector":{"id":"application-managehandovers-display-component---AddNewHO--smartFilterBar-btnBasicSearch","searchOpenDialogs":true,"interaction":{"idSuffix":"I"}},"clearTextFirst":true,"interactionType":"ENTER_TEXT"}]}
RESULT: {"script":"<script> [776 bytes]","args":[{"enterText":"400026","selector":{"id":"application-managehandovers-display-component---AddNewHO--smartFilterBar-btnBasicSearch","searchOpenDialogs":true,"interaction":{"idSuffix":"I"}},"clearTextFirst":true,"interactionType":"ENTER_TEXT"}]}
COMMAND: POST /session/d4f675b322105372b3380f2dea3f05ac/actions - {"actions":[{"id":"action90","type":"key","parameters":{},"actions":[{"type":"keyDown","value":""},{"type":"pause","duration":10},{"type":"keyUp","value":""}]}]}
RESULT: {"actions":[{"id":"action90","type":"key","parameters":{},"actions":[{"type":"keyDown","value":""},{"type":"pause","duration":10},{"type":"keyUp","value":""}]}]}
COMMAND: GET /session/d4f675b322105372b3380f2dea3f05ac/screenshot - {}
RESULT: {}
RESULT: undefined
COMMAND: POST /session/d4f675b322105372b3380f2dea3f05ac/element - {"using":"xpath","value":"//*[@id=\"application-managehandovers-display-component---AddNewHO--popup-sa\"]"}
RESULT: {"using":"xpath","value":"//*[@id=\"application-managehandovers-display-component---AddNewHO--popup-sa\"]"}
COMMAND: POST /session/d4f675b322105372b3380f2dea3f05ac/element/f.73BB2000E1F4E36FD864906F51978B2B.d.395265EEF32E89A0A60D5193232EC16D.e.29870/click - {}
RESULT: {}
COMMAND: GET /session/d4f675b322105372b3380f2dea3f05ac/screenshot - {}
RESULT: {}
COMMAND: POST /session/d4f675b322105372b3380f2dea3f05ac/element - {"using":"xpath","value":"//bdi[contains(text(), \"Select\")]"}
RESULT: {"using":"xpath","value":"//bdi[contains(text(), \"Select\")]"}
COMMAND: POST /session/d4f675b322105372b3380f2dea3f05ac/element/f.73BB2000E1F4E36FD864906F51978B2B.d.395265EEF32E89A0A60D5193232EC16D.e.29871/click - {}
RESULT: {}
COMMAND: GET /session/d4f675b322105372b3380f2dea3f05ac/screenshot - {}
RESULT: {}
COMMAND: POST /session/d4f675b322105372b3380f2dea3f05ac/element - {"using":"xpath","value":"//button[@data-kt=\"AddNewHOSaveButton\"]"}
RESULT: {"using":"xpath","value":"//button[@data-kt=\"AddNewHOSaveButton\"]"}
COMMAND: POST /session/d4f675b322105372b3380f2dea3f05ac/element/f.73BB2000E1F4E36FD864906F51978B2B.d.395265EEF32E89A0A60D5193232EC16D.e.29875/click - {}
RESULT: {}
COMMAND: GET /session/d4f675b322105372b3380f2dea3f05ac/screenshot - {}
RESULT: {}
RESULT: undefined
COMMAND: POST /session/d4f675b322105372b3380f2dea3f05ac/execute/async - {"script":"<script> [6424 bytes]","args":[{"element-6066-11e4-a52e-4f735466cecf":"f.73BB2000E1F4E36FD864906F51978B2B.d.395265EEF32E89A0A60D5193232EC16D.e.29049"},"setValue",["5/28/25"]]}
COMMAND: POST /session/d4f675b322105372b3380f2dea3f05ac/execute/async - {"script":"<script> [1562 bytes]","args":[{"selector":{"id":"receiptDatePicker","viewName":"etm.portal.ui.managehandovers.view.DetailExecuteHO","interaction":{"idSuffix":"inner"}},"wdio_ui5_key":"receiptDatePickeretmportal.ui.managehandovers.view.DetailExecuteHO"}]}
RESULT: {"script":"<script> [1562 bytes]","args":[{"selector":{"id":"receiptDatePicker","viewName":"etm.portal.ui.managehandovers.view.DetailExecuteHO","interaction":{"idSuffix":"inner"}},"wdio_ui5_key":"receiptDatePickeretmportal.ui.managehandovers.view.DetailExecuteHO"}]}
COMMAND: POST /session/d4f675b322105372b3380f2dea3f05ac/execute/async - {"script":"<script> [6424 bytes]","args":[{"element-6066-11e4-a52e-4f735466cecf":"f.73BB2000E1F4E36FD864906F51978B2B.d.395265EEF32E89A0A60D5193232EC16D.e.29907"},"setValue",["5/28/25"]]}
RESULT: {"script":"<script> [6424 bytes]","args":[{"element-6066-11e4-a52e-4f735466cecf":"f.73BB2000E1F4E36FD864906F51978B2B.d.395265EEF32E89A0A60D5193232EC16D.e.29907"},"setValue",["5/28/25"]]}
COMMAND: POST /session/d4f675b322105372b3380f2dea3f05ac/element - {"using":"xpath","value":"//button[@data-kt=\"ReceivingTableConfirmAllButton\"]"}
RESULT: {"using":"xpath","value":"//button[@data-kt=\"ReceivingTableConfirmAllButton\"]"}
COMMAND: POST /session/d4f675b322105372b3380f2dea3f05ac/element/f.73BB2000E1F4E36FD864906F51978B2B.d.395265EEF32E89A0A60D5193232EC16D.e.29922/click - {}
RESULT: {}
COMMAND: GET /session/d4f675b322105372b3380f2dea3f05ac/screenshot - {}
RESULT: {}
COMMAND: POST /session/d4f675b322105372b3380f2dea3f05ac/element - {"using":"xpath","value":"//bdi[contains(text(), \"OK\")]"}
RESULT: {"using":"xpath","value":"//bdi[contains(text(), \"OK\")]"}
COMMAND: POST /session/d4f675b322105372b3380f2dea3f05ac/element/f.73BB2000E1F4E36FD864906F51978B2B.d.395265EEF32E89A0A60D5193232EC16D.e.29924/click - {}
RESULT: {}
COMMAND: GET /session/d4f675b322105372b3380f2dea3f05ac/screenshot - {}
RESULT: {}
COMMAND: POST /session/d4f675b322105372b3380f2dea3f05ac/element - {"using":"xpath","value":"(//bdi[contains(text(), \"Receive\")])[2]"}
RESULT: {"using":"xpath","value":"(//bdi[contains(text(), \"Receive\")])[2]"}
COMMAND: POST /session/d4f675b322105372b3380f2dea3f05ac/element/f.73BB2000E1F4E36FD864906F51978B2B.d.395265EEF32E89A0A60D5193232EC16D.e.29926/click - {}
RESULT: {}
COMMAND: GET /session/d4f675b322105372b3380f2dea3f05ac/screenshot - {}
RESULT: {}
COMMAND: POST /session/d4f675b322105372b3380f2dea3f05ac/element - {"using":"css selector","value":"#shell-header-logo"}
RESULT: {"using":"css selector","value":"#shell-header-logo"}
COMMAND: POST /session/d4f675b322105372b3380f2dea3f05ac/element/f.73BB2000E1F4E36FD864906F51978B2B.d.395265EEF32E89A0A60D5193232EC16D.e.29242/click - {}
RESULT: {}
COMMAND: GET /session/d4f675b322105372b3380f2dea3f05ac/screenshot - {}
RESULT: {}
]]></system-out>
    </testcase>
    <testcase classname="chrome.136_0_7103_93.windows.Transfer_Yard_to_Yard_US131076" name="Should create a yard to yard transfer handover MAY CRASH DUE TO LOGIC CHANGE NOT BUG CURRENTLY" time="128.734">
      <system-out><![CDATA[
RESULT: undefined
COMMAND: POST /session/d4f675b322105372b3380f2dea3f05ac/element - {"using":"xpath","value":"//*[@id=\"__tile132\"]"}
RESULT: {"using":"xpath","value":"//*[@id=\"__tile132\"]"}
COMMAND: POST /session/d4f675b322105372b3380f2dea3f05ac/element/f.73BB2000E1F4E36FD864906F51978B2B.d.395265EEF32E89A0A60D5193232EC16D.e.26134/click - {}
RESULT: {}
COMMAND: GET /session/d4f675b322105372b3380f2dea3f05ac/screenshot - {}
RESULT: {}
COMMAND: POST /session/d4f675b322105372b3380f2dea3f05ac/elements - {"using":"xpath","value":"//span[text()='Error']"}
RESULT: {"using":"xpath","value":"//span[text()='Error']"}
COMMAND: POST /session/d4f675b322105372b3380f2dea3f05ac/element - {"using":"xpath","value":"//button[@data-kt=\"masterHOAddButton\"]"}
RESULT: {"using":"xpath","value":"//button[@data-kt=\"masterHOAddButton\"]"}
COMMAND: POST /session/d4f675b322105372b3380f2dea3f05ac/elements - {"using":"xpath","value":"//button[@data-kt=\"masterHOAddButton\"]"}
RESULT: {"using":"xpath","value":"//button[@data-kt=\"masterHOAddButton\"]"}
COMMAND: POST /session/d4f675b322105372b3380f2dea3f05ac/execute/sync - {"script":"<script> [8489 bytes]","args":[{"element-6066-11e4-a52e-4f735466cecf":"f.73BB2000E1F4E36FD864906F51978B2B.d.395265EEF32E89A0A60D5193232EC16D.e.30250","ELEMENT":"f.73BB2000E1F4E36FD864906F51978B2B.d.395265EEF32E89A0A60D5193232EC16D.e.30250"}]}
RESULT: {"script":"<script> [8489 bytes]","args":[{"element-6066-11e4-a52e-4f735466cecf":"f.73BB2000E1F4E36FD864906F51978B2B.d.395265EEF32E89A0A60D5193232EC16D.e.30250","ELEMENT":"f.73BB2000E1F4E36FD864906F51978B2B.d.395265EEF32E89A0A60D5193232EC16D.e.30250"}]}
COMMAND: GET /session/d4f675b322105372b3380f2dea3f05ac/element/f.73BB2000E1F4E36FD864906F51978B2B.d.395265EEF32E89A0A60D5193232EC16D.e.30250/enabled - {}
COMMAND: GET /session/d4f675b322105372b3380f2dea3f05ac/screenshot - {}
RESULT: {}
COMMAND: POST /session/d4f675b322105372b3380f2dea3f05ac/execute/sync - {"script":"<script> [8489 bytes]","args":[{"element-6066-11e4-a52e-4f735466cecf":"f.73BB2000E1F4E36FD864906F51978B2B.d.395265EEF32E89A0A60D5193232EC16D.e.30250","ELEMENT":"f.73BB2000E1F4E36FD864906F51978B2B.d.395265EEF32E89A0A60D5193232EC16D.e.30250"}]}
COMMAND: GET /session/d4f675b322105372b3380f2dea3f05ac/screenshot - {}
RESULT: {}
RESULT: {"script":"<script> [8489 bytes]","args":[{"element-6066-11e4-a52e-4f735466cecf":"f.73BB2000E1F4E36FD864906F51978B2B.d.395265EEF32E89A0A60D5193232EC16D.e.30250","ELEMENT":"f.73BB2000E1F4E36FD864906F51978B2B.d.395265EEF32E89A0A60D5193232EC16D.e.30250"}]}
COMMAND: POST /session/d4f675b322105372b3380f2dea3f05ac/execute/sync - {"script":"<script> [5351 bytes]","args":[{"element-6066-11e4-a52e-4f735466cecf":"f.73BB2000E1F4E36FD864906F51978B2B.d.395265EEF32E89A0A60D5193232EC16D.e.30250","ELEMENT":"f.73BB2000E1F4E36FD864906F51978B2B.d.395265EEF32E89A0A60D5193232EC16D.e.30250"}]}
COMMAND: GET /session/d4f675b322105372b3380f2dea3f05ac/screenshot - {}
RESULT: {}
RESULT: {"script":"<script> [5351 bytes]","args":[{"element-6066-11e4-a52e-4f735466cecf":"f.73BB2000E1F4E36FD864906F51978B2B.d.395265EEF32E89A0A60D5193232EC16D.e.30250","ELEMENT":"f.73BB2000E1F4E36FD864906F51978B2B.d.395265EEF32E89A0A60D5193232EC16D.e.30250"}]}
COMMAND: POST /session/d4f675b322105372b3380f2dea3f05ac/element/f.73BB2000E1F4E36FD864906F51978B2B.d.395265EEF32E89A0A60D5193232EC16D.e.30250/click - {}
COMMAND: GET /session/d4f675b322105372b3380f2dea3f05ac/screenshot - {}
RESULT: {}
RESULT: {}
COMMAND: GET /session/d4f675b322105372b3380f2dea3f05ac/screenshot - {}
RESULT: {}
COMMAND: POST /session/d4f675b322105372b3380f2dea3f05ac/element - {"using":"xpath","value":"//span[contains(@id ,\"AddNewHO--typeSelect-arrow\")]"}
RESULT: {}
RESULT: {"using":"xpath","value":"//span[contains(@id ,\"AddNewHO--typeSelect-arrow\")]"}
COMMAND: POST /session/d4f675b322105372b3380f2dea3f05ac/element/f.73BB2000E1F4E36FD864906F51978B2B.d.395265EEF32E89A0A60D5193232EC16D.e.30656/click - {}
RESULT: {}
COMMAND: GET /session/d4f675b322105372b3380f2dea3f05ac/screenshot - {}
RESULT: {}
COMMAND: POST /session/d4f675b322105372b3380f2dea3f05ac/element - {"using":"xpath","value":"(//li[contains(text(), \"transfer\")])[1]"}
RESULT: {"using":"xpath","value":"(//li[contains(text(), \"transfer\")])[1]"}
COMMAND: POST /session/d4f675b322105372b3380f2dea3f05ac/element/f.73BB2000E1F4E36FD864906F51978B2B.d.395265EEF32E89A0A60D5193232EC16D.e.30657/click - {}
RESULT: {}
COMMAND: GET /session/d4f675b322105372b3380f2dea3f05ac/screenshot - {}
RESULT: {}
RESULT: undefined
COMMAND: POST /session/d4f675b322105372b3380f2dea3f05ac/execute/async - {"script":"<script> [6424 bytes]","args":[{"element-6066-11e4-a52e-4f735466cecf":"f.73BB2000E1F4E36FD864906F51978B2B.d.395265EEF32E89A0A60D5193232EC16D.e.28832"},"setValue",["05/28/25"]]}
COMMAND: POST /session/d4f675b322105372b3380f2dea3f05ac/execute/async - {"script":"<script> [1562 bytes]","args":[{"selector":{"id":"application-managehandovers-display-component---AddNewHO--dueDate","interaction":{"idSuffix":"inner"}},"wdio_ui5_key":"applicationmanagehandovers-display-component---AddNewHO--dueDate"}]}
RESULT: {"script":"<script> [1562 bytes]","args":[{"selector":{"id":"application-managehandovers-display-component---AddNewHO--dueDate","interaction":{"idSuffix":"inner"}},"wdio_ui5_key":"applicationmanagehandovers-display-component---AddNewHO--dueDate"}]}
COMMAND: POST /session/d4f675b322105372b3380f2dea3f05ac/execute/async - {"script":"<script> [6424 bytes]","args":[{"element-6066-11e4-a52e-4f735466cecf":"f.73BB2000E1F4E36FD864906F51978B2B.d.395265EEF32E89A0A60D5193232EC16D.e.30659"},"setValue",["05/28/25"]]}
RESULT: {"script":"<script> [6424 bytes]","args":[{"element-6066-11e4-a52e-4f735466cecf":"f.73BB2000E1F4E36FD864906F51978B2B.d.395265EEF32E89A0A60D5193232EC16D.e.30659"},"setValue",["05/28/25"]]}
COMMAND: POST /session/d4f675b322105372b3380f2dea3f05ac/element - {"using":"xpath","value":"//input[@id=\"generalSectionFrg--sendYard-inner\"]"}
RESULT: {"using":"xpath","value":"//input[@id=\"generalSectionFrg--sendYard-inner\"]"}
COMMAND: POST /session/d4f675b322105372b3380f2dea3f05ac/element/f.73BB2000E1F4E36FD864906F51978B2B.d.395265EEF32E89A0A60D5193232EC16D.e.30665/clear - {}
RESULT: {}
COMMAND: POST /session/d4f675b322105372b3380f2dea3f05ac/element/f.73BB2000E1F4E36FD864906F51978B2B.d.395265EEF32E89A0A60D5193232EC16D.e.30665/value - {"text":"427"}
COMMAND: GET /session/d4f675b322105372b3380f2dea3f05ac/screenshot - {}
RESULT: {"text":"427"}
COMMAND: GET /session/d4f675b322105372b3380f2dea3f05ac/screenshot - {}
RESULT: {}
RESULT: {}
COMMAND: POST /session/d4f675b322105372b3380f2dea3f05ac/element - {"using":"xpath","value":"//li[.//span[text()='427']]"}
RESULT: {"using":"xpath","value":"//li[.//span[text()='427']]"}
COMMAND: POST /session/d4f675b322105372b3380f2dea3f05ac/element/f.73BB2000E1F4E36FD864906F51978B2B.d.395265EEF32E89A0A60D5193232EC16D.e.30685/click - {}
RESULT: {}
COMMAND: GET /session/d4f675b322105372b3380f2dea3f05ac/screenshot - {}
RESULT: {}
COMMAND: POST /session/d4f675b322105372b3380f2dea3f05ac/element - {"using":"xpath","value":"//input[@id=\"generalSectionFrg--receiveYard-inner\"]"}
RESULT: {"using":"xpath","value":"//input[@id=\"generalSectionFrg--receiveYard-inner\"]"}
COMMAND: POST /session/d4f675b322105372b3380f2dea3f05ac/element/f.73BB2000E1F4E36FD864906F51978B2B.d.395265EEF32E89A0A60D5193232EC16D.e.30666/clear - {}
RESULT: {}
COMMAND: POST /session/d4f675b322105372b3380f2dea3f05ac/element/f.73BB2000E1F4E36FD864906F51978B2B.d.395265EEF32E89A0A60D5193232EC16D.e.30666/value - {"text":"432"}
COMMAND: GET /session/d4f675b322105372b3380f2dea3f05ac/screenshot - {}
RESULT: {"text":"432"}
COMMAND: GET /session/d4f675b322105372b3380f2dea3f05ac/screenshot - {}
RESULT: {}
RESULT: {}
COMMAND: POST /session/d4f675b322105372b3380f2dea3f05ac/element - {"using":"xpath","value":"//li[.//span[text()='432']]"}
RESULT: {"using":"xpath","value":"//li[.//span[text()='432']]"}
COMMAND: POST /session/d4f675b322105372b3380f2dea3f05ac/element/f.73BB2000E1F4E36FD864906F51978B2B.d.395265EEF32E89A0A60D5193232EC16D.e.30687/click - {}
RESULT: {}
COMMAND: GET /session/d4f675b322105372b3380f2dea3f05ac/screenshot - {}
RESULT: {}
RESULT: undefined
COMMAND: POST /session/d4f675b322105372b3380f2dea3f05ac/element - {"using":"xpath","value":"//*[@id=\"application-managehandovers-display-component---AddNewHO--ObjectPageLayout-anchBar-application-managehandovers-display-component---AddNewHO--section4-anchor\"]"}
RESULT: {"using":"xpath","value":"//*[@id=\"application-managehandovers-display-component---AddNewHO--ObjectPageLayout-anchBar-application-managehandovers-display-component---AddNewHO--section4-anchor\"]"}
COMMAND: POST /session/d4f675b322105372b3380f2dea3f05ac/element/f.73BB2000E1F4E36FD864906F51978B2B.d.395265EEF32E89A0A60D5193232EC16D.e.30688/click - {}
RESULT: {}
COMMAND: GET /session/d4f675b322105372b3380f2dea3f05ac/screenshot - {}
RESULT: {}
COMMAND: POST /session/d4f675b322105372b3380f2dea3f05ac/element - {"using":"xpath","value":"//button[@data-kt=\"AddNewHOProvideAddItemsButton\"]"}
RESULT: {"using":"xpath","value":"//button[@data-kt=\"AddNewHOProvideAddItemsButton\"]"}
COMMAND: POST /session/d4f675b322105372b3380f2dea3f05ac/element/f.73BB2000E1F4E36FD864906F51978B2B.d.395265EEF32E89A0A60D5193232EC16D.e.30692/click - {}
RESULT: {}
COMMAND: GET /session/d4f675b322105372b3380f2dea3f05ac/screenshot - {}
RESULT: {}
COMMAND: POST /session/d4f675b322105372b3380f2dea3f05ac/element - {"using":"xpath","value":"//div[contains(@id,\"AddNewHO--TransferHOTypesRuDialogTable-sa-CbBg\")]"}
RESULT: {"using":"xpath","value":"//div[contains(@id,\"AddNewHO--TransferHOTypesRuDialogTable-sa-CbBg\")]"}
COMMAND: POST /session/d4f675b322105372b3380f2dea3f05ac/element/f.73BB2000E1F4E36FD864906F51978B2B.d.395265EEF32E89A0A60D5193232EC16D.e.30716/click - {}
RESULT: {}
COMMAND: GET /session/d4f675b322105372b3380f2dea3f05ac/screenshot - {}
RESULT: {}
COMMAND: POST /session/d4f675b322105372b3380f2dea3f05ac/element - {"using":"xpath","value":"//table[contains(@id,\"AddNewHO--TransferHOTypesRuDialogTable-listUl\")]/tbody/tr[1]/td[6]/div/div/input"}
RESULT: {"using":"xpath","value":"//table[contains(@id,\"AddNewHO--TransferHOTypesRuDialogTable-listUl\")]/tbody/tr[1]/td[6]/div/div/input"}
COMMAND: POST /session/d4f675b322105372b3380f2dea3f05ac/elements - {"using":"xpath","value":"//table[contains(@id,\"AddNewHO--TransferHOTypesRuDialogTable-listUl\")]/tbody/tr[1]/td[6]/div/div/input"}
RESULT: {"using":"xpath","value":"//table[contains(@id,\"AddNewHO--TransferHOTypesRuDialogTable-listUl\")]/tbody/tr[1]/td[6]/div/div/input"}
COMMAND: GET /session/d4f675b322105372b3380f2dea3f05ac/element/f.73BB2000E1F4E36FD864906F51978B2B.d.395265EEF32E89A0A60D5193232EC16D.e.30713/attribute/readonly - {}
RESULT: {}
COMMAND: POST /session/d4f675b322105372b3380f2dea3f05ac/element - {"using":"xpath","value":"//table[contains(@id,\"AddNewHO--TransferHOTypesRuDialogTable-listUl\")]/tbody/tr[1]/td[6]/div/div/input"}
RESULT: {"using":"xpath","value":"//table[contains(@id,\"AddNewHO--TransferHOTypesRuDialogTable-listUl\")]/tbody/tr[1]/td[6]/div/div/input"}
COMMAND: POST /session/d4f675b322105372b3380f2dea3f05ac/element/f.73BB2000E1F4E36FD864906F51978B2B.d.395265EEF32E89A0A60D5193232EC16D.e.30713/clear - {}
RESULT: {}
COMMAND: POST /session/d4f675b322105372b3380f2dea3f05ac/element/f.73BB2000E1F4E36FD864906F51978B2B.d.395265EEF32E89A0A60D5193232EC16D.e.30713/value - {"text":"1"}
COMMAND: GET /session/d4f675b322105372b3380f2dea3f05ac/screenshot - {}
RESULT: {"text":"1"}
COMMAND: GET /session/d4f675b322105372b3380f2dea3f05ac/screenshot - {}
RESULT: {}
RESULT: {}
COMMAND: POST /session/d4f675b322105372b3380f2dea3f05ac/element - {"using":"xpath","value":"//bdi[contains(text(), \"OK\")]"}
RESULT: {"using":"xpath","value":"//bdi[contains(text(), \"OK\")]"}
COMMAND: POST /session/d4f675b322105372b3380f2dea3f05ac/element/f.73BB2000E1F4E36FD864906F51978B2B.d.395265EEF32E89A0A60D5193232EC16D.e.30720/click - {}
RESULT: {}
COMMAND: GET /session/d4f675b322105372b3380f2dea3f05ac/screenshot - {}
RESULT: {}
COMMAND: POST /session/d4f675b322105372b3380f2dea3f05ac/execute/async - {"script":"<script> [1562 bytes]","args":[{"selector":{"id":"application-managehandovers-display-component---AddNewHO--confirmCreationButton","interaction":{"idSuffix":"BDI-content"}},"wdio_ui5_key":"applicationmanagehandovers-display-component---AddNewHO--confirmCreationButton"}]}
RESULT: {"script":"<script> [1562 bytes]","args":[{"selector":{"id":"application-managehandovers-display-component---AddNewHO--confirmCreationButton","interaction":{"idSuffix":"BDI-content"}},"wdio_ui5_key":"applicationmanagehandovers-display-component---AddNewHO--confirmCreationButton"}]}
RESULT: undefined
COMMAND: POST /session/d4f675b322105372b3380f2dea3f05ac/element - {"using":"xpath","value":"//*[@id=\"application-managehandovers-display-component---AddNewHO--confirmCreationButton\"]"}
RESULT: {"using":"xpath","value":"//*[@id=\"application-managehandovers-display-component---AddNewHO--confirmCreationButton\"]"}
COMMAND: POST /session/d4f675b322105372b3380f2dea3f05ac/element/f.73BB2000E1F4E36FD864906F51978B2B.d.395265EEF32E89A0A60D5193232EC16D.e.30736/click - {}
RESULT: {}
COMMAND: GET /session/d4f675b322105372b3380f2dea3f05ac/screenshot - {}
RESULT: {}
COMMAND: POST /session/d4f675b322105372b3380f2dea3f05ac/element - {"using":"xpath","value":"(//section[contains(@id,\"headerContentForm--FC-NoHead\")])[2]/div[1]/div[5]/div[2]/div/span"}
RESULT: {"using":"xpath","value":"(//section[contains(@id,\"headerContentForm--FC-NoHead\")])[2]/div[1]/div[5]/div[2]/div/span"}
COMMAND: POST /session/d4f675b322105372b3380f2dea3f05ac/execute/sync - {"script":"<script> [56 bytes]","args":[{"element-6066-11e4-a52e-4f735466cecf":"f.73BB2000E1F4E36FD864906F51978B2B.d.395265EEF32E89A0A60D5193232EC16D.e.30801","ELEMENT":"f.73BB2000E1F4E36FD864906F51978B2B.d.395265EEF32E89A0A60D5193232EC16D.e.30801"}]}
RESULT: {"script":"<script> [56 bytes]","args":[{"element-6066-11e4-a52e-4f735466cecf":"f.73BB2000E1F4E36FD864906F51978B2B.d.395265EEF32E89A0A60D5193232EC16D.e.30801","ELEMENT":"f.73BB2000E1F4E36FD864906F51978B2B.d.395265EEF32E89A0A60D5193232EC16D.e.30801"}]}
COMMAND: POST /session/d4f675b322105372b3380f2dea3f05ac/execute/async - {"script":"<script> [1562 bytes]","args":[{"selector":{"id":"issueDatePicker","viewName":"etm.portal.ui.managehandovers.view.DetailExecuteHO","interaction":{"idSuffix":"inner"}},"wdio_ui5_key":"issueDatePickeretmportal.ui.managehandovers.view.DetailExecuteHO"}]}
COMMAND: GET /session/d4f675b322105372b3380f2dea3f05ac/screenshot - {}
RESULT: {"script":"<script> [1562 bytes]","args":[{"selector":{"id":"issueDatePicker","viewName":"etm.portal.ui.managehandovers.view.DetailExecuteHO","interaction":{"idSuffix":"inner"}},"wdio_ui5_key":"issueDatePickeretmportal.ui.managehandovers.view.DetailExecuteHO"}]}
RESULT: undefined
COMMAND: POST /session/d4f675b322105372b3380f2dea3f05ac/execute/async - {"script":"<script> [776 bytes]","args":[{"enterText":"5/29/25","selector":{"id":"issueDatePicker","viewName":"etm.portal.ui.managehandovers.view.DetailExecuteHO","interaction":{"idSuffix":"inner"}},"clearTextFirst":true,"interactionType":"ENTER_TEXT"}]}
RESULT: {}
RESULT: {"script":"<script> [776 bytes]","args":[{"enterText":"5/29/25","selector":{"id":"issueDatePicker","viewName":"etm.portal.ui.managehandovers.view.DetailExecuteHO","interaction":{"idSuffix":"inner"}},"clearTextFirst":true,"interactionType":"ENTER_TEXT"}]}
COMMAND: POST /session/d4f675b322105372b3380f2dea3f05ac/element - {"using":"xpath","value":"//bdi[contains(text(), \"OK\")]"}
RESULT: {"using":"xpath","value":"//bdi[contains(text(), \"OK\")]"}
COMMAND: POST /session/d4f675b322105372b3380f2dea3f05ac/element/f.73BB2000E1F4E36FD864906F51978B2B.d.395265EEF32E89A0A60D5193232EC16D.e.30808/click - {}
RESULT: {}
COMMAND: GET /session/d4f675b322105372b3380f2dea3f05ac/screenshot - {}
RESULT: {}
COMMAND: POST /session/d4f675b322105372b3380f2dea3f05ac/execute/async - {"script":"<script> [1562 bytes]","args":[{"selector":{"controlType":"sap.m.Button","viewName":"etm.portal.ui.managehandovers.view.DetailExecuteHO","i18NText":{"propertyName":"text","key":"pickQty"},"interaction":{"idSuffix":"content"}},"wdio_ui5_key":"etmportal.ui.managehandovers.view.DetailExecuteHOsap.m.Button{\"propertyName\":\"text\",\"key\":\"pickQty\"}"}]}
RESULT: {"script":"<script> [1562 bytes]","args":[{"selector":{"controlType":"sap.m.Button","viewName":"etm.portal.ui.managehandovers.view.DetailExecuteHO","i18NText":{"propertyName":"text","key":"pickQty"},"interaction":{"idSuffix":"content"}},"wdio_ui5_key":"etmportal.ui.managehandovers.view.DetailExecuteHOsap.m.Button{\"propertyName\":\"text\",\"key\":\"pickQty\"}"}]}
RESULT: undefined
COMMAND: POST /session/d4f675b322105372b3380f2dea3f05ac/element - {"using":"xpath","value":"//*[@id=\"__button437\"]"}
RESULT: {"using":"xpath","value":"//*[@id=\"__button437\"]"}
COMMAND: POST /session/d4f675b322105372b3380f2dea3f05ac/element/f.73BB2000E1F4E36FD864906F51978B2B.d.395265EEF32E89A0A60D5193232EC16D.e.30815/click - {}
RESULT: {}
COMMAND: GET /session/d4f675b322105372b3380f2dea3f05ac/screenshot - {}
RESULT: {}
COMMAND: POST /session/d4f675b322105372b3380f2dea3f05ac/execute/async - {"script":"<script> [1562 bytes]","args":[{"selector":{"controlType":"sap.m.NumericInput","viewName":"etm.portal.ui.managehandovers.view.DetailExecuteHO","properties":{"value":"0"},"searchOpenDialogs":true,"interaction":{"idSuffix":"inner"}},"wdio_ui5_key":"etmportal.ui.managehandovers.view.DetailExecuteHOsap.m.NumericInput{\"value\":\"0\"}"}]}
RESULT: {"script":"<script> [1562 bytes]","args":[{"selector":{"controlType":"sap.m.NumericInput","viewName":"etm.portal.ui.managehandovers.view.DetailExecuteHO","properties":{"value":"0"},"searchOpenDialogs":true,"interaction":{"idSuffix":"inner"}},"wdio_ui5_key":"etmportal.ui.managehandovers.view.DetailExecuteHOsap.m.NumericInput{\"value\":\"0\"}"}]}
RESULT: undefined
COMMAND: POST /session/d4f675b322105372b3380f2dea3f05ac/execute/async - {"script":"<script> [1562 bytes]","args":[{"selector":{"id":"statesDialog--okBttnStatesDialog","searchOpenDialogs":true,"interaction":{"idSuffix":"BDI-content"}},"wdio_ui5_key":"statesDialogokBttnStatesDialog"}]}
RESULT: {"script":"<script> [1562 bytes]","args":[{"selector":{"id":"statesDialog--okBttnStatesDialog","searchOpenDialogs":true,"interaction":{"idSuffix":"BDI-content"}},"wdio_ui5_key":"statesDialogokBttnStatesDialog"}]}
RESULT: undefined
COMMAND: POST /session/d4f675b322105372b3380f2dea3f05ac/element - {"using":"xpath","value":"//*[@id=\"statesDialog--okBttnStatesDialog\"]"}
RESULT: {"using":"xpath","value":"//*[@id=\"statesDialog--okBttnStatesDialog\"]"}
COMMAND: POST /session/d4f675b322105372b3380f2dea3f05ac/element/f.73BB2000E1F4E36FD864906F51978B2B.d.395265EEF32E89A0A60D5193232EC16D.e.30822/click - {}
RESULT: {}
COMMAND: GET /session/d4f675b322105372b3380f2dea3f05ac/screenshot - {}
RESULT: {}
COMMAND: POST /session/d4f675b322105372b3380f2dea3f05ac/element - {"using":"xpath","value":"//button[@data-kt=\"PickingTableConfirmAllButton\"]"}
RESULT: {"using":"xpath","value":"//button[@data-kt=\"PickingTableConfirmAllButton\"]"}
COMMAND: POST /session/d4f675b322105372b3380f2dea3f05ac/element/f.73BB2000E1F4E36FD864906F51978B2B.d.395265EEF32E89A0A60D5193232EC16D.e.30827/click - {}
RESULT: {}
COMMAND: GET /session/d4f675b322105372b3380f2dea3f05ac/screenshot - {}
RESULT: {}
COMMAND: POST /session/d4f675b322105372b3380f2dea3f05ac/element - {"using":"xpath","value":"//bdi[contains(text(), \"OK\")]"}
RESULT: {"using":"xpath","value":"//bdi[contains(text(), \"OK\")]"}
COMMAND: POST /session/d4f675b322105372b3380f2dea3f05ac/element/f.73BB2000E1F4E36FD864906F51978B2B.d.395265EEF32E89A0A60D5193232EC16D.e.30830/click - {}
RESULT: {}
COMMAND: GET /session/d4f675b322105372b3380f2dea3f05ac/screenshot - {}
RESULT: {}
COMMAND: POST /session/d4f675b322105372b3380f2dea3f05ac/element - {"using":"xpath","value":"//header[contains(@id,\"headerTitle\") and @aria-roledescription=\"Object page header\"]/div[1]/div[2]/div[1]/span"}
RESULT: {"using":"xpath","value":"//header[contains(@id,\"headerTitle\") and @aria-roledescription=\"Object page header\"]/div[1]/div[2]/div[1]/span"}
COMMAND: POST /session/d4f675b322105372b3380f2dea3f05ac/elements - {"using":"xpath","value":"//header[contains(@id,\"headerTitle\") and @aria-roledescription=\"Object page header\"]/div[1]/div[2]/div[1]/span"}
RESULT: {"using":"xpath","value":"//header[contains(@id,\"headerTitle\") and @aria-roledescription=\"Object page header\"]/div[1]/div[2]/div[1]/span"}
COMMAND: POST /session/d4f675b322105372b3380f2dea3f05ac/execute/sync - {"script":"<script> [56 bytes]","args":[{"element-6066-11e4-a52e-4f735466cecf":"f.73BB2000E1F4E36FD864906F51978B2B.d.395265EEF32E89A0A60D5193232EC16D.e.30832","ELEMENT":"f.73BB2000E1F4E36FD864906F51978B2B.d.395265EEF32E89A0A60D5193232EC16D.e.30832"}]}
RESULT: {"script":"<script> [56 bytes]","args":[{"element-6066-11e4-a52e-4f735466cecf":"f.73BB2000E1F4E36FD864906F51978B2B.d.395265EEF32E89A0A60D5193232EC16D.e.30832","ELEMENT":"f.73BB2000E1F4E36FD864906F51978B2B.d.395265EEF32E89A0A60D5193232EC16D.e.30832"}]}
COMMAND: POST /session/d4f675b322105372b3380f2dea3f05ac/element - {"using":"xpath","value":"//bdi[contains(text(), \"Issue\")]"}
COMMAND: GET /session/d4f675b322105372b3380f2dea3f05ac/screenshot - {}
RESULT: {"using":"xpath","value":"//bdi[contains(text(), \"Issue\")]"}
COMMAND: POST /session/d4f675b322105372b3380f2dea3f05ac/element/f.73BB2000E1F4E36FD864906F51978B2B.d.395265EEF32E89A0A60D5193232EC16D.e.30833/click - {}
RESULT: {}
RESULT: {}
COMMAND: GET /session/d4f675b322105372b3380f2dea3f05ac/screenshot - {}
RESULT: {}
COMMAND: POST /session/d4f675b322105372b3380f2dea3f05ac/element - {"using":"xpath","value":"//input[contains(@id ,\"smartFilterBar-btnBasicSearch-I\")]"}
RESULT: {"using":"xpath","value":"//input[contains(@id ,\"smartFilterBar-btnBasicSearch-I\")]"}
COMMAND: POST /session/d4f675b322105372b3380f2dea3f05ac/elements - {"using":"xpath","value":"//input[contains(@id ,\"smartFilterBar-btnBasicSearch-I\")]"}
RESULT: {"using":"xpath","value":"//input[contains(@id ,\"smartFilterBar-btnBasicSearch-I\")]"}
COMMAND: POST /session/d4f675b322105372b3380f2dea3f05ac/execute/sync - {"script":"<script> [8489 bytes]","args":[{"element-6066-11e4-a52e-4f735466cecf":"f.73BB2000E1F4E36FD864906F51978B2B.d.395265EEF32E89A0A60D5193232EC16D.e.30201","ELEMENT":"f.73BB2000E1F4E36FD864906F51978B2B.d.395265EEF32E89A0A60D5193232EC16D.e.30201"}]}
RESULT: {"script":"<script> [8489 bytes]","args":[{"element-6066-11e4-a52e-4f735466cecf":"f.73BB2000E1F4E36FD864906F51978B2B.d.395265EEF32E89A0A60D5193232EC16D.e.30201","ELEMENT":"f.73BB2000E1F4E36FD864906F51978B2B.d.395265EEF32E89A0A60D5193232EC16D.e.30201"}]}
COMMAND: GET /session/d4f675b322105372b3380f2dea3f05ac/element/f.73BB2000E1F4E36FD864906F51978B2B.d.395265EEF32E89A0A60D5193232EC16D.e.30201/enabled - {}
COMMAND: GET /session/d4f675b322105372b3380f2dea3f05ac/screenshot - {}
RESULT: {}
COMMAND: POST /session/d4f675b322105372b3380f2dea3f05ac/element/f.73BB2000E1F4E36FD864906F51978B2B.d.395265EEF32E89A0A60D5193232EC16D.e.30201/clear - {}
COMMAND: GET /session/d4f675b322105372b3380f2dea3f05ac/screenshot - {}
RESULT: {}
RESULT: {}
COMMAND: POST /session/d4f675b322105372b3380f2dea3f05ac/element/f.73BB2000E1F4E36FD864906F51978B2B.d.395265EEF32E89A0A60D5193232EC16D.e.30201/value - {"text":"30757"}
COMMAND: GET /session/d4f675b322105372b3380f2dea3f05ac/screenshot - {}
RESULT: {}
RESULT: {"text":"30757"}
COMMAND: GET /session/d4f675b322105372b3380f2dea3f05ac/screenshot - {}
RESULT: {}
RESULT: {}
COMMAND: POST /session/d4f675b322105372b3380f2dea3f05ac/actions - {"actions":[{"id":"action91","type":"key","parameters":{},"actions":[{"type":"keyDown","value":""},{"type":"pause","duration":10},{"type":"keyUp","value":""}]}]}
RESULT: {"actions":[{"id":"action91","type":"key","parameters":{},"actions":[{"type":"keyDown","value":""},{"type":"pause","duration":10},{"type":"keyUp","value":""}]}]}
COMMAND: GET /session/d4f675b322105372b3380f2dea3f05ac/screenshot - {}
RESULT: {}
COMMAND: POST /session/d4f675b322105372b3380f2dea3f05ac/element - {"using":"xpath","value":"//span[contains(@id, \"smartTable-header-inner\")]"}
RESULT: {"using":"xpath","value":"//span[contains(@id, \"smartTable-header-inner\")]"}
COMMAND: POST /session/d4f675b322105372b3380f2dea3f05ac/elements - {"using":"xpath","value":"//span[contains(@id, \"smartTable-header-inner\")]"}
RESULT: {"using":"xpath","value":"//span[contains(@id, \"smartTable-header-inner\")]"}
COMMAND: POST /session/d4f675b322105372b3380f2dea3f05ac/execute/sync - {"script":"<script> [56 bytes]","args":[{"element-6066-11e4-a52e-4f735466cecf":"f.73BB2000E1F4E36FD864906F51978B2B.d.395265EEF32E89A0A60D5193232EC16D.e.31029","ELEMENT":"f.73BB2000E1F4E36FD864906F51978B2B.d.395265EEF32E89A0A60D5193232EC16D.e.31029"}]}
RESULT: {"script":"<script> [56 bytes]","args":[{"element-6066-11e4-a52e-4f735466cecf":"f.73BB2000E1F4E36FD864906F51978B2B.d.395265EEF32E89A0A60D5193232EC16D.e.31029","ELEMENT":"f.73BB2000E1F4E36FD864906F51978B2B.d.395265EEF32E89A0A60D5193232EC16D.e.31029"}]}
COMMAND: POST /session/d4f675b322105372b3380f2dea3f05ac/element - {"using":"xpath","value":"(//span[contains(@id, \"imgNav\")])[1]"}
COMMAND: GET /session/d4f675b322105372b3380f2dea3f05ac/screenshot - {}
RESULT: {"using":"xpath","value":"(//span[contains(@id, \"imgNav\")])[1]"}
COMMAND: POST /session/d4f675b322105372b3380f2dea3f05ac/element/f.73BB2000E1F4E36FD864906F51978B2B.d.395265EEF32E89A0A60D5193232EC16D.e.31028/click - {}
RESULT: {}
RESULT: {}
COMMAND: GET /session/d4f675b322105372b3380f2dea3f05ac/screenshot - {}
RESULT: {}
COMMAND: POST /session/d4f675b322105372b3380f2dea3f05ac/execute/async - {"script":"<script> [1562 bytes]","args":[{"selector":{"controlType":"sap.m.ObjectStatus","viewName":"etm.portal.ui.managehandovers.view.DetailManageHO","viewId":"application-managehandovers-display-component---detailManageHO","bindingPath":{"propertyPath":"LINK_TO_STATUS/DESCRIPTION","modelName":"catalogModel"}},"wdio_ui5_key":"etmportal.ui.managehandovers.view.DetailManageHOsap.m.ObjectStatus{\"propertyPath\":\"LINK_TO_STATUS/DESCRIPTION\",\"modelName\":\"catalogModel\"}"}]}
RESULT: {"script":"<script> [1562 bytes]","args":[{"selector":{"controlType":"sap.m.ObjectStatus","viewName":"etm.portal.ui.managehandovers.view.DetailManageHO","viewId":"application-managehandovers-display-component---detailManageHO","bindingPath":{"propertyPath":"LINK_TO_STATUS/DESCRIPTION","modelName":"catalogModel"}},"wdio_ui5_key":"etmportal.ui.managehandovers.view.DetailManageHOsap.m.ObjectStatus{\"propertyPath\":\"LINK_TO_STATUS/DESCRIPTION\",\"modelName\":\"catalogModel\"}"}]}
RESULT: undefined
COMMAND: POST /session/d4f675b322105372b3380f2dea3f05ac/execute/async - {"script":"<script> [6424 bytes]","args":[{"element-6066-11e4-a52e-4f735466cecf":"f.73BB2000E1F4E36FD864906F51978B2B.d.395265EEF32E89A0A60D5193232EC16D.e.31086"},"getText",[]]}
RESULT: {"script":"<script> [6424 bytes]","args":[{"element-6066-11e4-a52e-4f735466cecf":"f.73BB2000E1F4E36FD864906F51978B2B.d.395265EEF32E89A0A60D5193232EC16D.e.31086"},"getText",[]]}
COMMAND: POST /session/d4f675b322105372b3380f2dea3f05ac/element - {"using":"xpath","value":"//header[contains(@id ,\"detailManageHO--ObjectPageLayout-headerTitle\")]/div[1]/div[2]/div[1]/div[1]/div[1]/div[2]/div/span"}
RESULT: {"using":"xpath","value":"//header[contains(@id ,\"detailManageHO--ObjectPageLayout-headerTitle\")]/div[1]/div[2]/div[1]/div[1]/div[1]/div[2]/div/span"}
COMMAND: POST /session/d4f675b322105372b3380f2dea3f05ac/execute/sync - {"script":"<script> [56 bytes]","args":[{"element-6066-11e4-a52e-4f735466cecf":"f.73BB2000E1F4E36FD864906F51978B2B.d.395265EEF32E89A0A60D5193232EC16D.e.31087","ELEMENT":"f.73BB2000E1F4E36FD864906F51978B2B.d.395265EEF32E89A0A60D5193232EC16D.e.31087"}]}
RESULT: {"script":"<script> [56 bytes]","args":[{"element-6066-11e4-a52e-4f735466cecf":"f.73BB2000E1F4E36FD864906F51978B2B.d.395265EEF32E89A0A60D5193232EC16D.e.31087","ELEMENT":"f.73BB2000E1F4E36FD864906F51978B2B.d.395265EEF32E89A0A60D5193232EC16D.e.31087"}]}
COMMAND: GET /session/d4f675b322105372b3380f2dea3f05ac/screenshot - {}
RESULT: {}
COMMAND: DELETE /session/d4f675b322105372b3380f2dea3f05ac - {}
RESULT: {}
]]></system-out>
    </testcase>
  </testsuite>
</testsuites>