<?xml version="1.0" encoding="UTF-8"?>
<testsuites tests="6" failures="3" errors="3" skipped="0">
  <testsuite timestamp="2025-05-27T16:31:48" time="814.162" tests="6" failures="3" errors="3" skipped="0">
    <properties>
      <property name="specId" value="0"/>
      <property name="suiteName" value="RU Inventory Mass State Change Multiple Items US151066"/>
      <property name="capabilities" value="chrome.136_0_7103_93.windows"/>
      <property name="file" value="file:///D:/a/1/s/test/specs/HTR/ru-inv-list-mass-state-change.spec.js"/>
    </properties>
    <testcase classname="chrome.136_0_7103_93.windows.RU_Inventory_Mass_State_Change_Multiple_Items_US151066" name="Step 1 Should do a RU inventory mass state change on chosen yard 109 with the resources available one equipment multipart one tool pool" time="301.043">
      <system-out><![CDATA[
COMMAND: POST /session/33efee992eece904c049854c14a4dda4/execute/async - {"script":"<script> [1562 bytes]","args":[{"selector":{"controlType":"sap.m.GenericTile","properties":{"header":"RU Inventory List"}},"wdio_ui5_key":"sapm.GenericTile{\"header\":\"RU Inventory List\"}"}]}
RESULT: {"script":"<script> [1562 bytes]","args":[{"selector":{"controlType":"sap.m.GenericTile","properties":{"header":"RU Inventory List"}},"wdio_ui5_key":"sapm.GenericTile{\"header\":\"RU Inventory List\"}"}]}
RESULT: undefined
COMMAND: POST /session/33efee992eece904c049854c14a4dda4/element - {"using":"xpath","value":"//*[@id=\"__tile99\"]"}
RESULT: {"using":"xpath","value":"//*[@id=\"__tile99\"]"}
COMMAND: POST /session/33efee992eece904c049854c14a4dda4/element/f.570B0DC8E68F1A8718BE401DFFF8ABE1.d.24FD140F5B88186B07DD6D81E41425D2.e.260/click - {}
RESULT: {}
COMMAND: GET /session/33efee992eece904c049854c14a4dda4/screenshot - {}
RESULT: {}
COMMAND: POST /session/33efee992eece904c049854c14a4dda4/elements - {"using":"xpath","value":"//span[text()='Error']"}
RESULT: {"using":"xpath","value":"//span[text()='Error']"}
COMMAND: POST /session/33efee992eece904c049854c14a4dda4/element - {"using":"xpath","value":"//button[contains(@id, \"massStateBtn\")]"}
RESULT: {"using":"xpath","value":"//button[contains(@id, \"massStateBtn\")]"}
COMMAND: POST /session/33efee992eece904c049854c14a4dda4/elements - {"using":"xpath","value":"//button[contains(@id, \"massStateBtn\")]"}
RESULT: {"using":"xpath","value":"//button[contains(@id, \"massStateBtn\")]"}
COMMAND: POST /session/33efee992eece904c049854c14a4dda4/elements - {"using":"xpath","value":"//button[contains(@id, \"massStateBtn\")]"}
RESULT: {"using":"xpath","value":"//button[contains(@id, \"massStateBtn\")]"}
COMMAND: POST /session/33efee992eece904c049854c14a4dda4/elements - {"using":"xpath","value":"//button[contains(@id, \"massStateBtn\")]"}
RESULT: {"using":"xpath","value":"//button[contains(@id, \"massStateBtn\")]"}
COMMAND: POST /session/33efee992eece904c049854c14a4dda4/elements - {"using":"xpath","value":"//button[contains(@id, \"massStateBtn\")]"}
RESULT: {"using":"xpath","value":"//button[contains(@id, \"massStateBtn\")]"}
COMMAND: POST /session/33efee992eece904c049854c14a4dda4/elements - {"using":"xpath","value":"//button[contains(@id, \"massStateBtn\")]"}
RESULT: {"using":"xpath","value":"//button[contains(@id, \"massStateBtn\")]"}
COMMAND: POST /session/33efee992eece904c049854c14a4dda4/element - {"using":"xpath","value":"//button[contains(@id, \"massStateBtn\")]"}
RESULT: {"using":"xpath","value":"//button[contains(@id, \"massStateBtn\")]"}
COMMAND: POST /session/33efee992eece904c049854c14a4dda4/execute/sync - {"script":"<script> [8489 bytes]","args":[{"element-6066-11e4-a52e-4f735466cecf":"f.570B0DC8E68F1A8718BE401DFFF8ABE1.d.24FD140F5B88186B07DD6D81E41425D2.e.294","ELEMENT":"f.570B0DC8E68F1A8718BE401DFFF8ABE1.d.24FD140F5B88186B07DD6D81E41425D2.e.294"}]}
RESULT: {"script":"<script> [8489 bytes]","args":[{"element-6066-11e4-a52e-4f735466cecf":"f.570B0DC8E68F1A8718BE401DFFF8ABE1.d.24FD140F5B88186B07DD6D81E41425D2.e.294","ELEMENT":"f.570B0DC8E68F1A8718BE401DFFF8ABE1.d.24FD140F5B88186B07DD6D81E41425D2.e.294"}]}
COMMAND: GET /session/33efee992eece904c049854c14a4dda4/element/f.570B0DC8E68F1A8718BE401DFFF8ABE1.d.24FD140F5B88186B07DD6D81E41425D2.e.294/enabled - {}
COMMAND: GET /session/33efee992eece904c049854c14a4dda4/screenshot - {}
RESULT: {}
COMMAND: POST /session/33efee992eece904c049854c14a4dda4/execute/sync - {"script":"<script> [8489 bytes]","args":[{"element-6066-11e4-a52e-4f735466cecf":"f.570B0DC8E68F1A8718BE401DFFF8ABE1.d.24FD140F5B88186B07DD6D81E41425D2.e.294","ELEMENT":"f.570B0DC8E68F1A8718BE401DFFF8ABE1.d.24FD140F5B88186B07DD6D81E41425D2.e.294"}]}
COMMAND: GET /session/33efee992eece904c049854c14a4dda4/screenshot - {}
RESULT: {}
RESULT: {"script":"<script> [8489 bytes]","args":[{"element-6066-11e4-a52e-4f735466cecf":"f.570B0DC8E68F1A8718BE401DFFF8ABE1.d.24FD140F5B88186B07DD6D81E41425D2.e.294","ELEMENT":"f.570B0DC8E68F1A8718BE401DFFF8ABE1.d.24FD140F5B88186B07DD6D81E41425D2.e.294"}]}
COMMAND: POST /session/33efee992eece904c049854c14a4dda4/execute/sync - {"script":"<script> [5351 bytes]","args":[{"element-6066-11e4-a52e-4f735466cecf":"f.570B0DC8E68F1A8718BE401DFFF8ABE1.d.24FD140F5B88186B07DD6D81E41425D2.e.294","ELEMENT":"f.570B0DC8E68F1A8718BE401DFFF8ABE1.d.24FD140F5B88186B07DD6D81E41425D2.e.294"}]}
COMMAND: GET /session/33efee992eece904c049854c14a4dda4/screenshot - {}
RESULT: {}
RESULT: {"script":"<script> [5351 bytes]","args":[{"element-6066-11e4-a52e-4f735466cecf":"f.570B0DC8E68F1A8718BE401DFFF8ABE1.d.24FD140F5B88186B07DD6D81E41425D2.e.294","ELEMENT":"f.570B0DC8E68F1A8718BE401DFFF8ABE1.d.24FD140F5B88186B07DD6D81E41425D2.e.294"}]}
COMMAND: POST /session/33efee992eece904c049854c14a4dda4/element/f.570B0DC8E68F1A8718BE401DFFF8ABE1.d.24FD140F5B88186B07DD6D81E41425D2.e.294/click - {}
COMMAND: GET /session/33efee992eece904c049854c14a4dda4/screenshot - {}
RESULT: {}
RESULT: {}
COMMAND: GET /session/33efee992eece904c049854c14a4dda4/screenshot - {}
RESULT: {}
RESULT: {}
COMMAND: POST /session/33efee992eece904c049854c14a4dda4/execute/async - {"script":"<script> [1562 bytes]","args":[{"selector":{"id":"application-ruinventorylist-display-component---Master--ruLocationTypeComboBox-arrow"},"wdio_ui5_key":"applicationruinventorylist-display-component---Master--ruLocationTypeComboBox-arrow"}]}
RESULT: {"script":"<script> [1562 bytes]","args":[{"selector":{"id":"application-ruinventorylist-display-component---Master--ruLocationTypeComboBox-arrow"},"wdio_ui5_key":"applicationruinventorylist-display-component---Master--ruLocationTypeComboBox-arrow"}]}
RESULT: undefined
COMMAND: POST /session/33efee992eece904c049854c14a4dda4/element - {"using":"xpath","value":"//*[@id=\"application-ruinventorylist-display-component---Master--ruLocationTypeComboBox-arrow\"]"}
RESULT: {"using":"xpath","value":"//*[@id=\"application-ruinventorylist-display-component---Master--ruLocationTypeComboBox-arrow\"]"}
COMMAND: POST /session/33efee992eece904c049854c14a4dda4/element/f.570B0DC8E68F1A8718BE401DFFF8ABE1.d.24FD140F5B88186B07DD6D81E41425D2.e.649/click - {}
RESULT: {}
COMMAND: GET /session/33efee992eece904c049854c14a4dda4/screenshot - {}
RESULT: {}
COMMAND: POST /session/33efee992eece904c049854c14a4dda4/element - {"using":"xpath","value":"//li[.//span[text()='Yard']]"}
RESULT: {"using":"xpath","value":"//li[.//span[text()='Yard']]"}
COMMAND: POST /session/33efee992eece904c049854c14a4dda4/element/f.570B0DC8E68F1A8718BE401DFFF8ABE1.d.24FD140F5B88186B07DD6D81E41425D2.e.650/click - {}
RESULT: {}
COMMAND: GET /session/33efee992eece904c049854c14a4dda4/screenshot - {}
RESULT: {}
COMMAND: POST /session/33efee992eece904c049854c14a4dda4/execute/async - {"script":"<script> [1562 bytes]","args":[{"selector":{"id":"application-ruinventorylist-display-component---Master--smartFilterBar-filterItemControl_BASIC-YARD-vhi"},"wdio_ui5_key":"applicationruinventorylist-display-component---Master--smartFilterBar-filterItemControl_BASIC-YARD-vhi"}]}
RESULT: {"script":"<script> [1562 bytes]","args":[{"selector":{"id":"application-ruinventorylist-display-component---Master--smartFilterBar-filterItemControl_BASIC-YARD-vhi"},"wdio_ui5_key":"applicationruinventorylist-display-component---Master--smartFilterBar-filterItemControl_BASIC-YARD-vhi"}]}
RESULT: undefined
COMMAND: POST /session/33efee992eece904c049854c14a4dda4/element - {"using":"xpath","value":"//*[@id=\"application-ruinventorylist-display-component---Master--smartFilterBar-filterItemControl_BASIC-YARD-vhi\"]"}
RESULT: {"using":"xpath","value":"//*[@id=\"application-ruinventorylist-display-component---Master--smartFilterBar-filterItemControl_BASIC-YARD-vhi\"]"}
COMMAND: POST /session/33efee992eece904c049854c14a4dda4/element/f.570B0DC8E68F1A8718BE401DFFF8ABE1.d.24FD140F5B88186B07DD6D81E41425D2.e.684/click - {}
RESULT: {}
COMMAND: GET /session/33efee992eece904c049854c14a4dda4/screenshot - {}
RESULT: {}
COMMAND: POST /session/33efee992eece904c049854c14a4dda4/execute/async - {"script":"<script> [1562 bytes]","args":[{"selector":{"id":"application-ruinventorylist-display-component---Master--smartFilterBar-filterItemControl_BASIC-YARD-valueHelpDialog-smartFilterBar-btnBasicSearch","searchOpenDialogs":true,"interaction":{"idSuffix":"I"}},"wdio_ui5_key":"applicationruinventorylist-display-component---Master--smartFilterBar-filterItemControl_BASIC-YARD-valueHelpDialog-smartFilterBar-btnBasicSearch"}]}
RESULT: {"script":"<script> [1562 bytes]","args":[{"selector":{"id":"application-ruinventorylist-display-component---Master--smartFilterBar-filterItemControl_BASIC-YARD-valueHelpDialog-smartFilterBar-btnBasicSearch","searchOpenDialogs":true,"interaction":{"idSuffix":"I"}},"wdio_ui5_key":"applicationruinventorylist-display-component---Master--smartFilterBar-filterItemControl_BASIC-YARD-valueHelpDialog-smartFilterBar-btnBasicSearch"}]}
RESULT: undefined
COMMAND: POST /session/33efee992eece904c049854c14a4dda4/execute/async - {"script":"<script> [776 bytes]","args":[{"enterText":"109","selector":{"id":"application-ruinventorylist-display-component---Master--smartFilterBar-filterItemControl_BASIC-YARD-valueHelpDialog-smartFilterBar-btnBasicSearch","searchOpenDialogs":true,"interaction":{"idSuffix":"I"}},"clearTextFirst":true,"interactionType":"ENTER_TEXT"}]}
RESULT: {"script":"<script> [776 bytes]","args":[{"enterText":"109","selector":{"id":"application-ruinventorylist-display-component---Master--smartFilterBar-filterItemControl_BASIC-YARD-valueHelpDialog-smartFilterBar-btnBasicSearch","searchOpenDialogs":true,"interaction":{"idSuffix":"I"}},"clearTextFirst":true,"interactionType":"ENTER_TEXT"}]}
COMMAND: POST /session/33efee992eece904c049854c14a4dda4/actions - {"actions":[{"id":"action1","type":"key","parameters":{},"actions":[{"type":"keyDown","value":""},{"type":"pause","duration":10},{"type":"keyUp","value":""}]}]}
RESULT: {"actions":[{"id":"action1","type":"key","parameters":{},"actions":[{"type":"keyDown","value":""},{"type":"pause","duration":10},{"type":"keyUp","value":""}]}]}
COMMAND: GET /session/33efee992eece904c049854c14a4dda4/screenshot - {}
RESULT: {}
COMMAND: POST /session/33efee992eece904c049854c14a4dda4/elements - {"using":"xpath","value":"//table[contains(@id, \"filterItemControl_BASIC-YARD-valueHelpDialog-table-table\")]/tbody/tr"}
RESULT: {"using":"xpath","value":"//table[contains(@id, \"filterItemControl_BASIC-YARD-valueHelpDialog-table-table\")]/tbody/tr"}
COMMAND: POST /session/33efee992eece904c049854c14a4dda4/element - {"using":"xpath","value":"//table[contains(@id, \"filterItemControl_BASIC-YARD-valueHelpDialog-table-table\")]/tbody/tr[1]/td[1]/div/span"}
RESULT: {"using":"xpath","value":"//table[contains(@id, \"filterItemControl_BASIC-YARD-valueHelpDialog-table-table\")]/tbody/tr[1]/td[1]/div/span"}
COMMAND: POST /session/33efee992eece904c049854c14a4dda4/elements - {"using":"xpath","value":"//table[contains(@id, \"filterItemControl_BASIC-YARD-valueHelpDialog-table-table\")]/tbody/tr[1]/td[1]/div/span"}
RESULT: {"using":"xpath","value":"//table[contains(@id, \"filterItemControl_BASIC-YARD-valueHelpDialog-table-table\")]/tbody/tr[1]/td[1]/div/span"}
COMMAND: POST /session/33efee992eece904c049854c14a4dda4/execute/sync - {"script":"<script> [56 bytes]","args":[{"element-6066-11e4-a52e-4f735466cecf":"f.570B0DC8E68F1A8718BE401DFFF8ABE1.d.24FD140F5B88186B07DD6D81E41425D2.e.707","ELEMENT":"f.570B0DC8E68F1A8718BE401DFFF8ABE1.d.24FD140F5B88186B07DD6D81E41425D2.e.707"}]}
RESULT: {"script":"<script> [56 bytes]","args":[{"element-6066-11e4-a52e-4f735466cecf":"f.570B0DC8E68F1A8718BE401DFFF8ABE1.d.24FD140F5B88186B07DD6D81E41425D2.e.707","ELEMENT":"f.570B0DC8E68F1A8718BE401DFFF8ABE1.d.24FD140F5B88186B07DD6D81E41425D2.e.707"}]}
COMMAND: POST /session/33efee992eece904c049854c14a4dda4/element - {"using":"xpath","value":"//div[contains(@id, \"filterItemControl_BASIC-YARD-valueHelpDialog-table-rowsel0\")]"}
COMMAND: GET /session/33efee992eece904c049854c14a4dda4/screenshot - {}
RESULT: {"using":"xpath","value":"//div[contains(@id, \"filterItemControl_BASIC-YARD-valueHelpDialog-table-rowsel0\")]"}
COMMAND: POST /session/33efee992eece904c049854c14a4dda4/element/f.570B0DC8E68F1A8718BE401DFFF8ABE1.d.24FD140F5B88186B07DD6D81E41425D2.e.708/click - {}
RESULT: {}
RESULT: {}
COMMAND: GET /session/33efee992eece904c049854c14a4dda4/screenshot - {}
RESULT: {}
COMMAND: POST /session/33efee992eece904c049854c14a4dda4/element - {"using":"xpath","value":"//div[contains(@id, \"smartFilterBar-filterItemControl_BASIC-YARD-valueHelpDialog-smartFilterBar-btnBasicSearch-reset\")]"}
RESULT: {"using":"xpath","value":"//div[contains(@id, \"smartFilterBar-filterItemControl_BASIC-YARD-valueHelpDialog-smartFilterBar-btnBasicSearch-reset\")]"}
COMMAND: POST /session/33efee992eece904c049854c14a4dda4/element/f.570B0DC8E68F1A8718BE401DFFF8ABE1.d.24FD140F5B88186B07DD6D81E41425D2.e.710/click - {}
RESULT: {}
RESULT: undefined
COMMAND: POST /session/33efee992eece904c049854c14a4dda4/execute/async - {"script":"<script> [776 bytes]","args":[{"enterText":"OPA5_BST01_YARD1","selector":{"id":"application-ruinventorylist-display-component---Master--smartFilterBar-filterItemControl_BASIC-YARD-valueHelpDialog-smartFilterBar-btnBasicSearch","searchOpenDialogs":true,"interaction":{"idSuffix":"I"}},"clearTextFirst":true,"interactionType":"ENTER_TEXT"}]}
COMMAND: GET /session/33efee992eece904c049854c14a4dda4/screenshot - {}
RESULT: {"script":"<script> [776 bytes]","args":[{"enterText":"OPA5_BST01_YARD1","selector":{"id":"application-ruinventorylist-display-component---Master--smartFilterBar-filterItemControl_BASIC-YARD-valueHelpDialog-smartFilterBar-btnBasicSearch","searchOpenDialogs":true,"interaction":{"idSuffix":"I"}},"clearTextFirst":true,"interactionType":"ENTER_TEXT"}]}
COMMAND: POST /session/33efee992eece904c049854c14a4dda4/actions - {"actions":[{"id":"action2","type":"key","parameters":{},"actions":[{"type":"keyDown","value":""},{"type":"pause","duration":10},{"type":"keyUp","value":""}]}]}
RESULT: {}
RESULT: {"actions":[{"id":"action2","type":"key","parameters":{},"actions":[{"type":"keyDown","value":""},{"type":"pause","duration":10},{"type":"keyUp","value":""}]}]}
COMMAND: GET /session/33efee992eece904c049854c14a4dda4/screenshot - {}
RESULT: {}
COMMAND: POST /session/33efee992eece904c049854c14a4dda4/elements - {"using":"xpath","value":"//table[contains(@id, \"filterItemControl_BASIC-YARD-valueHelpDialog-table-table\")]/tbody/tr"}
RESULT: {"using":"xpath","value":"//table[contains(@id, \"filterItemControl_BASIC-YARD-valueHelpDialog-table-table\")]/tbody/tr"}
COMMAND: POST /session/33efee992eece904c049854c14a4dda4/element - {"using":"xpath","value":"//table[contains(@id, \"filterItemControl_BASIC-YARD-valueHelpDialog-table-table\")]/tbody/tr[1]/td[1]/div/span"}
RESULT: {"using":"xpath","value":"//table[contains(@id, \"filterItemControl_BASIC-YARD-valueHelpDialog-table-table\")]/tbody/tr[1]/td[1]/div/span"}
COMMAND: POST /session/33efee992eece904c049854c14a4dda4/elements - {"using":"xpath","value":"//table[contains(@id, \"filterItemControl_BASIC-YARD-valueHelpDialog-table-table\")]/tbody/tr[1]/td[1]/div/span"}
RESULT: {"using":"xpath","value":"//table[contains(@id, \"filterItemControl_BASIC-YARD-valueHelpDialog-table-table\")]/tbody/tr[1]/td[1]/div/span"}
COMMAND: POST /session/33efee992eece904c049854c14a4dda4/execute/sync - {"script":"<script> [56 bytes]","args":[{"element-6066-11e4-a52e-4f735466cecf":"f.570B0DC8E68F1A8718BE401DFFF8ABE1.d.24FD140F5B88186B07DD6D81E41425D2.e.707","ELEMENT":"f.570B0DC8E68F1A8718BE401DFFF8ABE1.d.24FD140F5B88186B07DD6D81E41425D2.e.707"}]}
RESULT: {"script":"<script> [56 bytes]","args":[{"element-6066-11e4-a52e-4f735466cecf":"f.570B0DC8E68F1A8718BE401DFFF8ABE1.d.24FD140F5B88186B07DD6D81E41425D2.e.707","ELEMENT":"f.570B0DC8E68F1A8718BE401DFFF8ABE1.d.24FD140F5B88186B07DD6D81E41425D2.e.707"}]}
COMMAND: POST /session/33efee992eece904c049854c14a4dda4/element - {"using":"xpath","value":"//div[contains(@id, \"filterItemControl_BASIC-YARD-valueHelpDialog-table-rowsel0\")]"}
COMMAND: GET /session/33efee992eece904c049854c14a4dda4/screenshot - {}
RESULT: {"using":"xpath","value":"//div[contains(@id, \"filterItemControl_BASIC-YARD-valueHelpDialog-table-rowsel0\")]"}
COMMAND: POST /session/33efee992eece904c049854c14a4dda4/element/f.570B0DC8E68F1A8718BE401DFFF8ABE1.d.24FD140F5B88186B07DD6D81E41425D2.e.708/click - {}
RESULT: {}
RESULT: {}
COMMAND: GET /session/33efee992eece904c049854c14a4dda4/screenshot - {}
RESULT: {}
COMMAND: POST /session/33efee992eece904c049854c14a4dda4/element - {"using":"xpath","value":"(//bdi[contains(text(), \"OK\")])[1]"}
RESULT: {"using":"xpath","value":"(//bdi[contains(text(), \"OK\")])[1]"}
COMMAND: POST /session/33efee992eece904c049854c14a4dda4/element/f.570B0DC8E68F1A8718BE401DFFF8ABE1.d.24FD140F5B88186B07DD6D81E41425D2.e.711/click - {}
RESULT: {}
COMMAND: GET /session/33efee992eece904c049854c14a4dda4/screenshot - {}
RESULT: {}
COMMAND: POST /session/33efee992eece904c049854c14a4dda4/element - {"using":"xpath","value":"//span[@id=\"application-ruinventorylist-display-component---Master--smartTableRuInventoryList-header-inner\"]"}
RESULT: {"using":"xpath","value":"//span[@id=\"application-ruinventorylist-display-component---Master--smartTableRuInventoryList-header-inner\"]"}
COMMAND: POST /session/33efee992eece904c049854c14a4dda4/elements - {"using":"xpath","value":"//span[@id=\"application-ruinventorylist-display-component---Master--smartTableRuInventoryList-header-inner\"]"}
RESULT: {"using":"xpath","value":"//span[@id=\"application-ruinventorylist-display-component---Master--smartTableRuInventoryList-header-inner\"]"}
COMMAND: POST /session/33efee992eece904c049854c14a4dda4/execute/sync - {"script":"<script> [56 bytes]","args":[{"element-6066-11e4-a52e-4f735466cecf":"f.570B0DC8E68F1A8718BE401DFFF8ABE1.d.24FD140F5B88186B07DD6D81E41425D2.e.858","ELEMENT":"f.570B0DC8E68F1A8718BE401DFFF8ABE1.d.24FD140F5B88186B07DD6D81E41425D2.e.858"}]}
RESULT: {"script":"<script> [56 bytes]","args":[{"element-6066-11e4-a52e-4f735466cecf":"f.570B0DC8E68F1A8718BE401DFFF8ABE1.d.24FD140F5B88186B07DD6D81E41425D2.e.858","ELEMENT":"f.570B0DC8E68F1A8718BE401DFFF8ABE1.d.24FD140F5B88186B07DD6D81E41425D2.e.858"}]}
COMMAND: POST /session/33efee992eece904c049854c14a4dda4/execute/async - {"script":"<script> [1562 bytes]","args":[{"selector":{"id":"application-ruinventorylist-display-component---Master--smartFilterBar-btnBasicSearch","interaction":{"idSuffix":"I"}},"wdio_ui5_key":"applicationruinventorylist-display-component---Master--smartFilterBar-btnBasicSearch"}]}
COMMAND: GET /session/33efee992eece904c049854c14a4dda4/screenshot - {}
RESULT: {"script":"<script> [1562 bytes]","args":[{"selector":{"id":"application-ruinventorylist-display-component---Master--smartFilterBar-btnBasicSearch","interaction":{"idSuffix":"I"}},"wdio_ui5_key":"applicationruinventorylist-display-component---Master--smartFilterBar-btnBasicSearch"}]}
RESULT: undefined
COMMAND: POST /session/33efee992eece904c049854c14a4dda4/execute/async - {"script":"<script> [776 bytes]","args":[{"enterText":"600002","selector":{"id":"application-ruinventorylist-display-component---Master--smartFilterBar-btnBasicSearch","interaction":{"idSuffix":"I"}},"clearTextFirst":true,"interactionType":"ENTER_TEXT"}]}
RESULT: {}
RESULT: {"script":"<script> [776 bytes]","args":[{"enterText":"600002","selector":{"id":"application-ruinventorylist-display-component---Master--smartFilterBar-btnBasicSearch","interaction":{"idSuffix":"I"}},"clearTextFirst":true,"interactionType":"ENTER_TEXT"}]}
COMMAND: POST /session/33efee992eece904c049854c14a4dda4/actions - {"actions":[{"id":"action3","type":"key","parameters":{},"actions":[{"type":"keyDown","value":""},{"type":"pause","duration":10},{"type":"keyUp","value":""}]}]}
RESULT: {"actions":[{"id":"action3","type":"key","parameters":{},"actions":[{"type":"keyDown","value":""},{"type":"pause","duration":10},{"type":"keyUp","value":""}]}]}
COMMAND: GET /session/33efee992eece904c049854c14a4dda4/screenshot - {}
RESULT: {}
COMMAND: POST /session/33efee992eece904c049854c14a4dda4/element - {"using":"xpath","value":"//span[@id=\"application-ruinventorylist-display-component---Master--smartTableRuInventoryList-header-inner\"]"}
RESULT: {"using":"xpath","value":"//span[@id=\"application-ruinventorylist-display-component---Master--smartTableRuInventoryList-header-inner\"]"}
COMMAND: POST /session/33efee992eece904c049854c14a4dda4/elements - {"using":"xpath","value":"//span[@id=\"application-ruinventorylist-display-component---Master--smartTableRuInventoryList-header-inner\"]"}
RESULT: {"using":"xpath","value":"//span[@id=\"application-ruinventorylist-display-component---Master--smartTableRuInventoryList-header-inner\"]"}
COMMAND: POST /session/33efee992eece904c049854c14a4dda4/execute/sync - {"script":"<script> [56 bytes]","args":[{"element-6066-11e4-a52e-4f735466cecf":"f.570B0DC8E68F1A8718BE401DFFF8ABE1.d.24FD140F5B88186B07DD6D81E41425D2.e.858","ELEMENT":"f.570B0DC8E68F1A8718BE401DFFF8ABE1.d.24FD140F5B88186B07DD6D81E41425D2.e.858"}]}
RESULT: {"script":"<script> [56 bytes]","args":[{"element-6066-11e4-a52e-4f735466cecf":"f.570B0DC8E68F1A8718BE401DFFF8ABE1.d.24FD140F5B88186B07DD6D81E41425D2.e.858","ELEMENT":"f.570B0DC8E68F1A8718BE401DFFF8ABE1.d.24FD140F5B88186B07DD6D81E41425D2.e.858"}]}
COMMAND: POST /session/33efee992eece904c049854c14a4dda4/element - {"using":"xpath","value":"//table[contains(@id, \"application-ruinventorylist-display-component---Master--tableRuInventoryList-listUl\")]/tbody/tr[1]/td[2]/div/div"}
COMMAND: GET /session/33efee992eece904c049854c14a4dda4/screenshot - {}
RESULT: {"using":"xpath","value":"//table[contains(@id, \"application-ruinventorylist-display-component---Master--tableRuInventoryList-listUl\")]/tbody/tr[1]/td[2]/div/div"}
COMMAND: POST /session/33efee992eece904c049854c14a4dda4/element/f.570B0DC8E68F1A8718BE401DFFF8ABE1.d.24FD140F5B88186B07DD6D81E41425D2.e.866/click - {}
RESULT: {}
RESULT: {}
COMMAND: GET /session/33efee992eece904c049854c14a4dda4/screenshot - {}
RESULT: {}
COMMAND: POST /session/33efee992eece904c049854c14a4dda4/element - {"using":"xpath","value":"//div[contains(@id, \"smartFilterBar-btnBasicSearch-reset\")]"}
RESULT: {"using":"xpath","value":"//div[contains(@id, \"smartFilterBar-btnBasicSearch-reset\")]"}
COMMAND: POST /session/33efee992eece904c049854c14a4dda4/element/f.570B0DC8E68F1A8718BE401DFFF8ABE1.d.24FD140F5B88186B07DD6D81E41425D2.e.876/click - {}
RESULT: {}
COMMAND: GET /session/33efee992eece904c049854c14a4dda4/screenshot - {}
RESULT: {}
RESULT: undefined
COMMAND: POST /session/33efee992eece904c049854c14a4dda4/execute/async - {"script":"<script> [776 bytes]","args":[{"enterText":"401002","selector":{"id":"application-ruinventorylist-display-component---Master--smartFilterBar-btnBasicSearch","interaction":{"idSuffix":"I"}},"clearTextFirst":true,"interactionType":"ENTER_TEXT"}]}
RESULT: {"script":"<script> [776 bytes]","args":[{"enterText":"401002","selector":{"id":"application-ruinventorylist-display-component---Master--smartFilterBar-btnBasicSearch","interaction":{"idSuffix":"I"}},"clearTextFirst":true,"interactionType":"ENTER_TEXT"}]}
COMMAND: POST /session/33efee992eece904c049854c14a4dda4/actions - {"actions":[{"id":"action4","type":"key","parameters":{},"actions":[{"type":"keyDown","value":""},{"type":"pause","duration":10},{"type":"keyUp","value":""}]}]}
RESULT: {"actions":[{"id":"action4","type":"key","parameters":{},"actions":[{"type":"keyDown","value":""},{"type":"pause","duration":10},{"type":"keyUp","value":""}]}]}
COMMAND: GET /session/33efee992eece904c049854c14a4dda4/screenshot - {}
RESULT: {}
COMMAND: POST /session/33efee992eece904c049854c14a4dda4/element - {"using":"xpath","value":"//span[@id=\"application-ruinventorylist-display-component---Master--smartTableRuInventoryList-header-inner\"]"}
RESULT: {"using":"xpath","value":"//span[@id=\"application-ruinventorylist-display-component---Master--smartTableRuInventoryList-header-inner\"]"}
COMMAND: POST /session/33efee992eece904c049854c14a4dda4/elements - {"using":"xpath","value":"//span[@id=\"application-ruinventorylist-display-component---Master--smartTableRuInventoryList-header-inner\"]"}
RESULT: {"using":"xpath","value":"//span[@id=\"application-ruinventorylist-display-component---Master--smartTableRuInventoryList-header-inner\"]"}
COMMAND: POST /session/33efee992eece904c049854c14a4dda4/execute/sync - {"script":"<script> [56 bytes]","args":[{"element-6066-11e4-a52e-4f735466cecf":"f.570B0DC8E68F1A8718BE401DFFF8ABE1.d.24FD140F5B88186B07DD6D81E41425D2.e.858","ELEMENT":"f.570B0DC8E68F1A8718BE401DFFF8ABE1.d.24FD140F5B88186B07DD6D81E41425D2.e.858"}]}
RESULT: {"script":"<script> [56 bytes]","args":[{"element-6066-11e4-a52e-4f735466cecf":"f.570B0DC8E68F1A8718BE401DFFF8ABE1.d.24FD140F5B88186B07DD6D81E41425D2.e.858","ELEMENT":"f.570B0DC8E68F1A8718BE401DFFF8ABE1.d.24FD140F5B88186B07DD6D81E41425D2.e.858"}]}
COMMAND: POST /session/33efee992eece904c049854c14a4dda4/element - {"using":"xpath","value":"//table[contains(@id, \"application-ruinventorylist-display-component---Master--tableRuInventoryList-listUl\")]/tbody/tr[1]/td[2]/div/div"}
COMMAND: GET /session/33efee992eece904c049854c14a4dda4/screenshot - {}
RESULT: {"using":"xpath","value":"//table[contains(@id, \"application-ruinventorylist-display-component---Master--tableRuInventoryList-listUl\")]/tbody/tr[1]/td[2]/div/div"}
COMMAND: POST /session/33efee992eece904c049854c14a4dda4/element/f.570B0DC8E68F1A8718BE401DFFF8ABE1.d.24FD140F5B88186B07DD6D81E41425D2.e.1021/click - {}
RESULT: {}
RESULT: {}
COMMAND: GET /session/33efee992eece904c049854c14a4dda4/screenshot - {}
RESULT: {}
COMMAND: POST /session/33efee992eece904c049854c14a4dda4/element - {"using":"xpath","value":"//div[contains(@id, \"smartFilterBar-btnBasicSearch-reset\")]"}
RESULT: {"using":"xpath","value":"//div[contains(@id, \"smartFilterBar-btnBasicSearch-reset\")]"}
COMMAND: POST /session/33efee992eece904c049854c14a4dda4/element/f.570B0DC8E68F1A8718BE401DFFF8ABE1.d.24FD140F5B88186B07DD6D81E41425D2.e.876/click - {}
RESULT: {}
COMMAND: GET /session/33efee992eece904c049854c14a4dda4/screenshot - {}
RESULT: {}
COMMAND: POST /session/33efee992eece904c049854c14a4dda4/element/f.570B0DC8E68F1A8718BE401DFFF8ABE1.d.24FD140F5B88186B07DD6D81E41425D2.e.294/click - {}
RESULT: {}
COMMAND: GET /session/33efee992eece904c049854c14a4dda4/screenshot - {}
RESULT: {}
COMMAND: POST /session/33efee992eece904c049854c14a4dda4/execute/async - {"script":"<script> [1562 bytes]","args":[{"selector":{"controlType":"sap.m.Title","viewName":"etm.portal.ui.ruinventorylist.view.Master","viewId":"application-ruinventorylist-display-component---Master","properties":{"text":"Mass State Change"},"searchOpenDialogs":true},"wdio_ui5_key":"etmportal.ui.ruinventorylist.view.Mastersap.m.Title{\"text\":\"Mass State Change\"}"}]}
RESULT: {"script":"<script> [1562 bytes]","args":[{"selector":{"controlType":"sap.m.Title","viewName":"etm.portal.ui.ruinventorylist.view.Master","viewId":"application-ruinventorylist-display-component---Master","properties":{"text":"Mass State Change"},"searchOpenDialogs":true},"wdio_ui5_key":"etmportal.ui.ruinventorylist.view.Mastersap.m.Title{\"text\":\"Mass State Change\"}"}]}
RESULT: undefined
COMMAND: POST /session/33efee992eece904c049854c14a4dda4/execute/async - {"script":"<script> [6424 bytes]","args":[{"element-6066-11e4-a52e-4f735466cecf":"f.570B0DC8E68F1A8718BE401DFFF8ABE1.d.24FD140F5B88186B07DD6D81E41425D2.e.1184"},"getText",[]]}
RESULT: {"script":"<script> [6424 bytes]","args":[{"element-6066-11e4-a52e-4f735466cecf":"f.570B0DC8E68F1A8718BE401DFFF8ABE1.d.24FD140F5B88186B07DD6D81E41425D2.e.1184"},"getText",[]]}
COMMAND: POST /session/33efee992eece904c049854c14a4dda4/element - {"using":"xpath","value":"(//bdi[contains(text(), \"OK\")])[1]"}
RESULT: {"using":"xpath","value":"(//bdi[contains(text(), \"OK\")])[1]"}
COMMAND: POST /session/33efee992eece904c049854c14a4dda4/element/f.570B0DC8E68F1A8718BE401DFFF8ABE1.d.24FD140F5B88186B07DD6D81E41425D2.e.1185/click - {}
RESULT: {}
COMMAND: GET /session/33efee992eece904c049854c14a4dda4/screenshot - {}
RESULT: {}
COMMAND: POST /session/33efee992eece904c049854c14a4dda4/element - {"using":"css selector","value":"div.sapMMessageBoxError"}
RESULT: {"using":"css selector","value":"div.sapMMessageBoxError"}
COMMAND: POST /session/33efee992eece904c049854c14a4dda4/elements - {"using":"css selector","value":"div.sapMMessageBoxError"}
RESULT: {"using":"css selector","value":"div.sapMMessageBoxError"}
COMMAND: POST /session/33efee992eece904c049854c14a4dda4/element - {"using":"xpath","value":"(//bdi[contains(text(), \"Close\")])[1]"}
RESULT: {"using":"xpath","value":"(//bdi[contains(text(), \"Close\")])[1]"}
COMMAND: POST /session/33efee992eece904c049854c14a4dda4/element/f.570B0DC8E68F1A8718BE401DFFF8ABE1.d.24FD140F5B88186B07DD6D81E41425D2.e.1190/click - {}
RESULT: {}
COMMAND: GET /session/33efee992eece904c049854c14a4dda4/screenshot - {}
RESULT: {}
COMMAND: POST /session/33efee992eece904c049854c14a4dda4/execute/async - {"script":"<script> [1562 bytes]","args":[{"selector":{"id":"application-ruinventorylist-display-component---Master--ruStateTypes-arrow","searchOpenDialogs":true},"wdio_ui5_key":"applicationruinventorylist-display-component---Master--ruStateTypes-arrow"}]}
RESULT: {"script":"<script> [1562 bytes]","args":[{"selector":{"id":"application-ruinventorylist-display-component---Master--ruStateTypes-arrow","searchOpenDialogs":true},"wdio_ui5_key":"applicationruinventorylist-display-component---Master--ruStateTypes-arrow"}]}
RESULT: undefined
COMMAND: POST /session/33efee992eece904c049854c14a4dda4/element - {"using":"xpath","value":"//*[@id=\"application-ruinventorylist-display-component---Master--ruStateTypes-arrow\"]"}
RESULT: {"using":"xpath","value":"//*[@id=\"application-ruinventorylist-display-component---Master--ruStateTypes-arrow\"]"}
COMMAND: POST /session/33efee992eece904c049854c14a4dda4/element/f.570B0DC8E68F1A8718BE401DFFF8ABE1.d.24FD140F5B88186B07DD6D81E41425D2.e.1191/click - {}
RESULT: {}
COMMAND: GET /session/33efee992eece904c049854c14a4dda4/screenshot - {}
RESULT: {}
COMMAND: POST /session/33efee992eece904c049854c14a4dda4/element - {"using":"xpath","value":"//li[.//span[text()=\"defect\"]]"}
RESULT: {"using":"xpath","value":"//li[.//span[text()=\"defect\"]]"}
COMMAND: POST /session/33efee992eece904c049854c14a4dda4/element/f.570B0DC8E68F1A8718BE401DFFF8ABE1.d.24FD140F5B88186B07DD6D81E41425D2.e.1192/click - {}
RESULT: {}
COMMAND: GET /session/33efee992eece904c049854c14a4dda4/screenshot - {}
RESULT: {}
COMMAND: POST /session/33efee992eece904c049854c14a4dda4/element - {"using":"xpath","value":"(//span[@data-kt=\"trashMassStateChangeIcon\"])[1]"}
RESULT: {"using":"xpath","value":"(//span[@data-kt=\"trashMassStateChangeIcon\"])[1]"}
COMMAND: POST /session/33efee992eece904c049854c14a4dda4/element/f.570B0DC8E68F1A8718BE401DFFF8ABE1.d.24FD140F5B88186B07DD6D81E41425D2.e.1193/click - {}
RESULT: {}
COMMAND: GET /session/33efee992eece904c049854c14a4dda4/screenshot - {}
RESULT: {}
COMMAND: POST /session/33efee992eece904c049854c14a4dda4/element - {"using":"xpath","value":"//table[contains(@id, \"massStateChangeTable-listUl\")]/tbody/tr[1]/td[11]/div/div/div/input"}
RESULT: {"using":"xpath","value":"//table[contains(@id, \"massStateChangeTable-listUl\")]/tbody/tr[1]/td[11]/div/div/div/input"}
COMMAND: GET /session/33efee992eece904c049854c14a4dda4/element/f.570B0DC8E68F1A8718BE401DFFF8ABE1.d.24FD140F5B88186B07DD6D81E41425D2.e.1178/property/value - {}
RESULT: {}
COMMAND: POST /session/33efee992eece904c049854c14a4dda4/element - {"using":"xpath","value":"(//span[@data-kt=\"trashMassStateChangeIcon\"])[2]"}
COMMAND: GET /session/33efee992eece904c049854c14a4dda4/screenshot - {}
RESULT: {"using":"xpath","value":"(//span[@data-kt=\"trashMassStateChangeIcon\"])[2]"}
COMMAND: POST /session/33efee992eece904c049854c14a4dda4/element/f.570B0DC8E68F1A8718BE401DFFF8ABE1.d.24FD140F5B88186B07DD6D81E41425D2.e.1195/click - {}
RESULT: {}
RESULT: {}
COMMAND: GET /session/33efee992eece904c049854c14a4dda4/screenshot - {}
RESULT: {}
COMMAND: POST /session/33efee992eece904c049854c14a4dda4/element - {"using":"xpath","value":"//table[contains(@id, \"massStateChangeTable-listUl\")]/tbody/tr[2]/td[11]/div/div/div/input"}
RESULT: {"using":"xpath","value":"//table[contains(@id, \"massStateChangeTable-listUl\")]/tbody/tr[2]/td[11]/div/div/div/input"}
COMMAND: GET /session/33efee992eece904c049854c14a4dda4/element/f.570B0DC8E68F1A8718BE401DFFF8ABE1.d.24FD140F5B88186B07DD6D81E41425D2.e.1182/property/value - {}
RESULT: {}
COMMAND: POST /session/33efee992eece904c049854c14a4dda4/element - {"using":"xpath","value":"//table[contains(@id, \"massStateChangeTable-listUl\")]/tbody/tr[1]/td[10]/div/span/span[1]"}
COMMAND: GET /session/33efee992eece904c049854c14a4dda4/screenshot - {}
RESULT: {"using":"xpath","value":"//table[contains(@id, \"massStateChangeTable-listUl\")]/tbody/tr[1]/td[10]/div/span/span[1]"}
COMMAND: POST /session/33efee992eece904c049854c14a4dda4/execute/sync - {"script":"<script> [56 bytes]","args":[{"element-6066-11e4-a52e-4f735466cecf":"f.570B0DC8E68F1A8718BE401DFFF8ABE1.d.24FD140F5B88186B07DD6D81E41425D2.e.1197","ELEMENT":"f.570B0DC8E68F1A8718BE401DFFF8ABE1.d.24FD140F5B88186B07DD6D81E41425D2.e.1197"}]}
RESULT: {}
RESULT: {"script":"<script> [56 bytes]","args":[{"element-6066-11e4-a52e-4f735466cecf":"f.570B0DC8E68F1A8718BE401DFFF8ABE1.d.24FD140F5B88186B07DD6D81E41425D2.e.1197","ELEMENT":"f.570B0DC8E68F1A8718BE401DFFF8ABE1.d.24FD140F5B88186B07DD6D81E41425D2.e.1197"}]}
COMMAND: POST /session/33efee992eece904c049854c14a4dda4/element - {"using":"xpath","value":"//table[contains(@id, \"massStateChangeTable-listUl\")]/tbody/tr[1]/td[11]/div/div/div/div[2]/span"}
COMMAND: GET /session/33efee992eece904c049854c14a4dda4/screenshot - {}
RESULT: {"using":"xpath","value":"//table[contains(@id, \"massStateChangeTable-listUl\")]/tbody/tr[1]/td[11]/div/div/div/div[2]/span"}
COMMAND: POST /session/33efee992eece904c049854c14a4dda4/element/f.570B0DC8E68F1A8718BE401DFFF8ABE1.d.24FD140F5B88186B07DD6D81E41425D2.e.1198/click - {}
RESULT: {}
RESULT: {}
COMMAND: GET /session/33efee992eece904c049854c14a4dda4/screenshot - {}
RESULT: {}
COMMAND: POST /session/33efee992eece904c049854c14a4dda4/element - {"using":"xpath","value":"//table[contains(@id, \"massStateChangeTable-listUl\")]/tbody/tr[1]/td[11]/div/div/div/div[2]/span"}
RESULT: {"using":"xpath","value":"//table[contains(@id, \"massStateChangeTable-listUl\")]/tbody/tr[1]/td[11]/div/div/div/div[2]/span"}
COMMAND: POST /session/33efee992eece904c049854c14a4dda4/element/f.570B0DC8E68F1A8718BE401DFFF8ABE1.d.24FD140F5B88186B07DD6D81E41425D2.e.1198/click - {}
RESULT: {}
COMMAND: GET /session/33efee992eece904c049854c14a4dda4/screenshot - {}
RESULT: {}
COMMAND: POST /session/33efee992eece904c049854c14a4dda4/element - {"using":"xpath","value":"//table[contains(@id, \"massStateChangeTable-listUl\")]/tbody/tr[1]/td[11]/div/div/div/div[2]/span"}
RESULT: {"using":"xpath","value":"//table[contains(@id, \"massStateChangeTable-listUl\")]/tbody/tr[1]/td[11]/div/div/div/div[2]/span"}
COMMAND: POST /session/33efee992eece904c049854c14a4dda4/element/f.570B0DC8E68F1A8718BE401DFFF8ABE1.d.24FD140F5B88186B07DD6D81E41425D2.e.1198/click - {}
RESULT: {}
COMMAND: GET /session/33efee992eece904c049854c14a4dda4/screenshot - {}
RESULT: {}
COMMAND: POST /session/33efee992eece904c049854c14a4dda4/element - {"using":"xpath","value":"//table[contains(@id, \"massStateChangeTable-listUl\")]/tbody/tr[1]/td[11]/div/div/div/div[2]/span"}
RESULT: {"using":"xpath","value":"//table[contains(@id, \"massStateChangeTable-listUl\")]/tbody/tr[1]/td[11]/div/div/div/div[2]/span"}
COMMAND: POST /session/33efee992eece904c049854c14a4dda4/element/f.570B0DC8E68F1A8718BE401DFFF8ABE1.d.24FD140F5B88186B07DD6D81E41425D2.e.1198/click - {}
RESULT: {}
COMMAND: GET /session/33efee992eece904c049854c14a4dda4/screenshot - {}
RESULT: {}
COMMAND: POST /session/33efee992eece904c049854c14a4dda4/element - {"using":"xpath","value":"//table[contains(@id, \"massStateChangeTable-listUl\")]/tbody/tr[1]/td[11]/div/div/div/div[2]/span"}
RESULT: {"using":"xpath","value":"//table[contains(@id, \"massStateChangeTable-listUl\")]/tbody/tr[1]/td[11]/div/div/div/div[2]/span"}
COMMAND: POST /session/33efee992eece904c049854c14a4dda4/element/f.570B0DC8E68F1A8718BE401DFFF8ABE1.d.24FD140F5B88186B07DD6D81E41425D2.e.1198/click - {}
RESULT: {}
COMMAND: GET /session/33efee992eece904c049854c14a4dda4/screenshot - {}
RESULT: {}
COMMAND: POST /session/33efee992eece904c049854c14a4dda4/element - {"using":"xpath","value":"//table[contains(@id, \"massStateChangeTable-listUl\")]/tbody/tr[1]/td[11]/div/div/div/div[2]/span"}
RESULT: {"using":"xpath","value":"//table[contains(@id, \"massStateChangeTable-listUl\")]/tbody/tr[1]/td[11]/div/div/div/div[2]/span"}
COMMAND: POST /session/33efee992eece904c049854c14a4dda4/element/f.570B0DC8E68F1A8718BE401DFFF8ABE1.d.24FD140F5B88186B07DD6D81E41425D2.e.1198/click - {}
RESULT: {}
COMMAND: GET /session/33efee992eece904c049854c14a4dda4/screenshot - {}
RESULT: {}
COMMAND: POST /session/33efee992eece904c049854c14a4dda4/element - {"using":"xpath","value":"//table[contains(@id, \"massStateChangeTable-listUl\")]/tbody/tr[1]/td[11]/div/div/div/div[2]/span"}
RESULT: {"using":"xpath","value":"//table[contains(@id, \"massStateChangeTable-listUl\")]/tbody/tr[1]/td[11]/div/div/div/div[2]/span"}
COMMAND: POST /session/33efee992eece904c049854c14a4dda4/element/f.570B0DC8E68F1A8718BE401DFFF8ABE1.d.24FD140F5B88186B07DD6D81E41425D2.e.1198/click - {}
RESULT: {}
COMMAND: GET /session/33efee992eece904c049854c14a4dda4/screenshot - {}
RESULT: {}
COMMAND: POST /session/33efee992eece904c049854c14a4dda4/element - {"using":"xpath","value":"//table[contains(@id, \"massStateChangeTable-listUl\")]/tbody/tr[1]/td[11]/div/div/div/div[2]/span"}
RESULT: {"using":"xpath","value":"//table[contains(@id, \"massStateChangeTable-listUl\")]/tbody/tr[1]/td[11]/div/div/div/div[2]/span"}
COMMAND: POST /session/33efee992eece904c049854c14a4dda4/element/f.570B0DC8E68F1A8718BE401DFFF8ABE1.d.24FD140F5B88186B07DD6D81E41425D2.e.1198/click - {}
RESULT: {}
COMMAND: GET /session/33efee992eece904c049854c14a4dda4/screenshot - {}
RESULT: {}
COMMAND: POST /session/33efee992eece904c049854c14a4dda4/element - {"using":"xpath","value":"//table[contains(@id, \"massStateChangeTable-listUl\")]/tbody/tr[1]/td[11]/div/div/div/div[2]/span"}
RESULT: {"using":"xpath","value":"//table[contains(@id, \"massStateChangeTable-listUl\")]/tbody/tr[1]/td[11]/div/div/div/div[2]/span"}
COMMAND: POST /session/33efee992eece904c049854c14a4dda4/element/f.570B0DC8E68F1A8718BE401DFFF8ABE1.d.24FD140F5B88186B07DD6D81E41425D2.e.1198/click - {}
RESULT: {}
COMMAND: GET /session/33efee992eece904c049854c14a4dda4/screenshot - {}
RESULT: {}
COMMAND: POST /session/33efee992eece904c049854c14a4dda4/element - {"using":"xpath","value":"//table[contains(@id, \"massStateChangeTable-listUl\")]/tbody/tr[1]/td[11]/div/div/div/div[2]/span"}
RESULT: {"using":"xpath","value":"//table[contains(@id, \"massStateChangeTable-listUl\")]/tbody/tr[1]/td[11]/div/div/div/div[2]/span"}
COMMAND: POST /session/33efee992eece904c049854c14a4dda4/element/f.570B0DC8E68F1A8718BE401DFFF8ABE1.d.24FD140F5B88186B07DD6D81E41425D2.e.1198/click - {}
RESULT: {}
COMMAND: GET /session/33efee992eece904c049854c14a4dda4/screenshot - {}
RESULT: {}
COMMAND: POST /session/33efee992eece904c049854c14a4dda4/element - {"using":"xpath","value":"//table[contains(@id, \"massStateChangeTable-listUl\")]/tbody/tr[1]/td[11]/div/div/div/div[2]/span"}
RESULT: {"using":"xpath","value":"//table[contains(@id, \"massStateChangeTable-listUl\")]/tbody/tr[1]/td[11]/div/div/div/div[2]/span"}
COMMAND: POST /session/33efee992eece904c049854c14a4dda4/element/f.570B0DC8E68F1A8718BE401DFFF8ABE1.d.24FD140F5B88186B07DD6D81E41425D2.e.1198/click - {}
RESULT: {}
COMMAND: GET /session/33efee992eece904c049854c14a4dda4/screenshot - {}
RESULT: {}
COMMAND: POST /session/33efee992eece904c049854c14a4dda4/element - {"using":"xpath","value":"//table[contains(@id, \"massStateChangeTable-listUl\")]/tbody/tr[1]/td[11]/div/div/div/div[2]/span"}
RESULT: {"using":"xpath","value":"//table[contains(@id, \"massStateChangeTable-listUl\")]/tbody/tr[1]/td[11]/div/div/div/div[2]/span"}
COMMAND: POST /session/33efee992eece904c049854c14a4dda4/element/f.570B0DC8E68F1A8718BE401DFFF8ABE1.d.24FD140F5B88186B07DD6D81E41425D2.e.1198/click - {}
RESULT: {}
COMMAND: GET /session/33efee992eece904c049854c14a4dda4/screenshot - {}
RESULT: {}
COMMAND: POST /session/33efee992eece904c049854c14a4dda4/element - {"using":"xpath","value":"//table[contains(@id, \"massStateChangeTable-listUl\")]/tbody/tr[1]/td[11]/div/div/div/div[2]/span"}
RESULT: {"using":"xpath","value":"//table[contains(@id, \"massStateChangeTable-listUl\")]/tbody/tr[1]/td[11]/div/div/div/div[2]/span"}
COMMAND: POST /session/33efee992eece904c049854c14a4dda4/element/f.570B0DC8E68F1A8718BE401DFFF8ABE1.d.24FD140F5B88186B07DD6D81E41425D2.e.1198/click - {}
RESULT: {}
COMMAND: GET /session/33efee992eece904c049854c14a4dda4/screenshot - {}
RESULT: {}
COMMAND: POST /session/33efee992eece904c049854c14a4dda4/element - {"using":"xpath","value":"//table[contains(@id, \"massStateChangeTable-listUl\")]/tbody/tr[1]/td[11]/div/div/div/div[2]/span"}
RESULT: {"using":"xpath","value":"//table[contains(@id, \"massStateChangeTable-listUl\")]/tbody/tr[1]/td[11]/div/div/div/div[2]/span"}
COMMAND: POST /session/33efee992eece904c049854c14a4dda4/element/f.570B0DC8E68F1A8718BE401DFFF8ABE1.d.24FD140F5B88186B07DD6D81E41425D2.e.1198/click - {}
RESULT: {}
COMMAND: GET /session/33efee992eece904c049854c14a4dda4/screenshot - {}
RESULT: {}
COMMAND: POST /session/33efee992eece904c049854c14a4dda4/element - {"using":"xpath","value":"//table[contains(@id, \"massStateChangeTable-listUl\")]/tbody/tr[1]/td[11]/div/div/div/div[2]/span"}
RESULT: {"using":"xpath","value":"//table[contains(@id, \"massStateChangeTable-listUl\")]/tbody/tr[1]/td[11]/div/div/div/div[2]/span"}
COMMAND: POST /session/33efee992eece904c049854c14a4dda4/element/f.570B0DC8E68F1A8718BE401DFFF8ABE1.d.24FD140F5B88186B07DD6D81E41425D2.e.1198/click - {}
RESULT: {}
COMMAND: GET /session/33efee992eece904c049854c14a4dda4/screenshot - {}
RESULT: {}
COMMAND: POST /session/33efee992eece904c049854c14a4dda4/element - {"using":"xpath","value":"//table[contains(@id, \"massStateChangeTable-listUl\")]/tbody/tr[1]/td[11]/div/div/div/div[2]/span"}
RESULT: {"using":"xpath","value":"//table[contains(@id, \"massStateChangeTable-listUl\")]/tbody/tr[1]/td[11]/div/div/div/div[2]/span"}
COMMAND: POST /session/33efee992eece904c049854c14a4dda4/element/f.570B0DC8E68F1A8718BE401DFFF8ABE1.d.24FD140F5B88186B07DD6D81E41425D2.e.1198/click - {}
RESULT: {}
COMMAND: GET /session/33efee992eece904c049854c14a4dda4/screenshot - {}
RESULT: {}
COMMAND: POST /session/33efee992eece904c049854c14a4dda4/element - {"using":"xpath","value":"//table[contains(@id, \"massStateChangeTable-listUl\")]/tbody/tr[1]/td[11]/div/div/div/div[2]/span"}
RESULT: {"using":"xpath","value":"//table[contains(@id, \"massStateChangeTable-listUl\")]/tbody/tr[1]/td[11]/div/div/div/div[2]/span"}
COMMAND: POST /session/33efee992eece904c049854c14a4dda4/element/f.570B0DC8E68F1A8718BE401DFFF8ABE1.d.24FD140F5B88186B07DD6D81E41425D2.e.1198/click - {}
RESULT: {}
COMMAND: GET /session/33efee992eece904c049854c14a4dda4/screenshot - {}
RESULT: {}
COMMAND: POST /session/33efee992eece904c049854c14a4dda4/element - {"using":"xpath","value":"//table[contains(@id, \"massStateChangeTable-listUl\")]/tbody/tr[1]/td[11]/div/div/div/div[2]/span"}
RESULT: {"using":"xpath","value":"//table[contains(@id, \"massStateChangeTable-listUl\")]/tbody/tr[1]/td[11]/div/div/div/div[2]/span"}
COMMAND: POST /session/33efee992eece904c049854c14a4dda4/element/f.570B0DC8E68F1A8718BE401DFFF8ABE1.d.24FD140F5B88186B07DD6D81E41425D2.e.1198/click - {}
RESULT: {}
COMMAND: GET /session/33efee992eece904c049854c14a4dda4/screenshot - {}
RESULT: {}
COMMAND: POST /session/33efee992eece904c049854c14a4dda4/element - {"using":"xpath","value":"//table[contains(@id, \"massStateChangeTable-listUl\")]/tbody/tr[1]/td[11]/div/div/div/div[2]/span"}
RESULT: {"using":"xpath","value":"//table[contains(@id, \"massStateChangeTable-listUl\")]/tbody/tr[1]/td[11]/div/div/div/div[2]/span"}
COMMAND: POST /session/33efee992eece904c049854c14a4dda4/element/f.570B0DC8E68F1A8718BE401DFFF8ABE1.d.24FD140F5B88186B07DD6D81E41425D2.e.1198/click - {}
RESULT: {}
COMMAND: GET /session/33efee992eece904c049854c14a4dda4/screenshot - {}
RESULT: {}
COMMAND: POST /session/33efee992eece904c049854c14a4dda4/element - {"using":"xpath","value":"//table[contains(@id, \"massStateChangeTable-listUl\")]/tbody/tr[1]/td[11]/div/div/div/div[2]/span"}
RESULT: {"using":"xpath","value":"//table[contains(@id, \"massStateChangeTable-listUl\")]/tbody/tr[1]/td[11]/div/div/div/div[2]/span"}
COMMAND: POST /session/33efee992eece904c049854c14a4dda4/element/f.570B0DC8E68F1A8718BE401DFFF8ABE1.d.24FD140F5B88186B07DD6D81E41425D2.e.1198/click - {}
RESULT: {}
COMMAND: GET /session/33efee992eece904c049854c14a4dda4/screenshot - {}
RESULT: {}
COMMAND: POST /session/33efee992eece904c049854c14a4dda4/element - {"using":"xpath","value":"//table[contains(@id, \"massStateChangeTable-listUl\")]/tbody/tr[1]/td[11]/div/div/div/div[2]/span"}
RESULT: {"using":"xpath","value":"//table[contains(@id, \"massStateChangeTable-listUl\")]/tbody/tr[1]/td[11]/div/div/div/div[2]/span"}
COMMAND: POST /session/33efee992eece904c049854c14a4dda4/element/f.570B0DC8E68F1A8718BE401DFFF8ABE1.d.24FD140F5B88186B07DD6D81E41425D2.e.1198/click - {}
RESULT: {}
COMMAND: GET /session/33efee992eece904c049854c14a4dda4/screenshot - {}
RESULT: {}
COMMAND: POST /session/33efee992eece904c049854c14a4dda4/element - {"using":"xpath","value":"//table[contains(@id, \"massStateChangeTable-listUl\")]/tbody/tr[1]/td[11]/div/div/div/div[2]/span"}
RESULT: {"using":"xpath","value":"//table[contains(@id, \"massStateChangeTable-listUl\")]/tbody/tr[1]/td[11]/div/div/div/div[2]/span"}
COMMAND: POST /session/33efee992eece904c049854c14a4dda4/element/f.570B0DC8E68F1A8718BE401DFFF8ABE1.d.24FD140F5B88186B07DD6D81E41425D2.e.1198/click - {}
RESULT: {}
COMMAND: GET /session/33efee992eece904c049854c14a4dda4/screenshot - {}
RESULT: {}
COMMAND: POST /session/33efee992eece904c049854c14a4dda4/element - {"using":"xpath","value":"//table[contains(@id, \"massStateChangeTable-listUl\")]/tbody/tr[1]/td[11]/div/div/div/div[2]/span"}
RESULT: {"using":"xpath","value":"//table[contains(@id, \"massStateChangeTable-listUl\")]/tbody/tr[1]/td[11]/div/div/div/div[2]/span"}
COMMAND: POST /session/33efee992eece904c049854c14a4dda4/element/f.570B0DC8E68F1A8718BE401DFFF8ABE1.d.24FD140F5B88186B07DD6D81E41425D2.e.1198/click - {}
RESULT: {}
COMMAND: GET /session/33efee992eece904c049854c14a4dda4/screenshot - {}
RESULT: {}
COMMAND: POST /session/33efee992eece904c049854c14a4dda4/element - {"using":"xpath","value":"//table[contains(@id, \"massStateChangeTable-listUl\")]/tbody/tr[1]/td[11]/div/div/div/div[2]/span"}
RESULT: {"using":"xpath","value":"//table[contains(@id, \"massStateChangeTable-listUl\")]/tbody/tr[1]/td[11]/div/div/div/div[2]/span"}
COMMAND: POST /session/33efee992eece904c049854c14a4dda4/element/f.570B0DC8E68F1A8718BE401DFFF8ABE1.d.24FD140F5B88186B07DD6D81E41425D2.e.1198/click - {}
RESULT: {}
COMMAND: GET /session/33efee992eece904c049854c14a4dda4/screenshot - {}
RESULT: {}
COMMAND: POST /session/33efee992eece904c049854c14a4dda4/element - {"using":"xpath","value":"//table[contains(@id, \"massStateChangeTable-listUl\")]/tbody/tr[1]/td[11]/div/div/div/div[2]/span"}
RESULT: {"using":"xpath","value":"//table[contains(@id, \"massStateChangeTable-listUl\")]/tbody/tr[1]/td[11]/div/div/div/div[2]/span"}
COMMAND: POST /session/33efee992eece904c049854c14a4dda4/element/f.570B0DC8E68F1A8718BE401DFFF8ABE1.d.24FD140F5B88186B07DD6D81E41425D2.e.1198/click - {}
RESULT: {}
COMMAND: GET /session/33efee992eece904c049854c14a4dda4/screenshot - {}
RESULT: {}
COMMAND: POST /session/33efee992eece904c049854c14a4dda4/element - {"using":"xpath","value":"//table[contains(@id, \"massStateChangeTable-listUl\")]/tbody/tr[1]/td[11]/div/div/div/div[2]/span"}
RESULT: {"using":"xpath","value":"//table[contains(@id, \"massStateChangeTable-listUl\")]/tbody/tr[1]/td[11]/div/div/div/div[2]/span"}
COMMAND: POST /session/33efee992eece904c049854c14a4dda4/element/f.570B0DC8E68F1A8718BE401DFFF8ABE1.d.24FD140F5B88186B07DD6D81E41425D2.e.1198/click - {}
RESULT: {}
COMMAND: GET /session/33efee992eece904c049854c14a4dda4/screenshot - {}
RESULT: {}
COMMAND: POST /session/33efee992eece904c049854c14a4dda4/element - {"using":"xpath","value":"//table[contains(@id, \"massStateChangeTable-listUl\")]/tbody/tr[1]/td[11]/div/div/div/div[2]/span"}
RESULT: {"using":"xpath","value":"//table[contains(@id, \"massStateChangeTable-listUl\")]/tbody/tr[1]/td[11]/div/div/div/div[2]/span"}
COMMAND: POST /session/33efee992eece904c049854c14a4dda4/element/f.570B0DC8E68F1A8718BE401DFFF8ABE1.d.24FD140F5B88186B07DD6D81E41425D2.e.1198/click - {}
RESULT: {}
COMMAND: GET /session/33efee992eece904c049854c14a4dda4/screenshot - {}
RESULT: {}
COMMAND: POST /session/33efee992eece904c049854c14a4dda4/element - {"using":"xpath","value":"//table[contains(@id, \"massStateChangeTable-listUl\")]/tbody/tr[1]/td[11]/div/div/div/div[2]/span"}
RESULT: {"using":"xpath","value":"//table[contains(@id, \"massStateChangeTable-listUl\")]/tbody/tr[1]/td[11]/div/div/div/div[2]/span"}
COMMAND: POST /session/33efee992eece904c049854c14a4dda4/element/f.570B0DC8E68F1A8718BE401DFFF8ABE1.d.24FD140F5B88186B07DD6D81E41425D2.e.1198/click - {}
RESULT: {}
COMMAND: GET /session/33efee992eece904c049854c14a4dda4/screenshot - {}
RESULT: {}
COMMAND: POST /session/33efee992eece904c049854c14a4dda4/element - {"using":"xpath","value":"//table[contains(@id, \"massStateChangeTable-listUl\")]/tbody/tr[1]/td[11]/div/div/div/div[2]/span"}
RESULT: {"using":"xpath","value":"//table[contains(@id, \"massStateChangeTable-listUl\")]/tbody/tr[1]/td[11]/div/div/div/div[2]/span"}
COMMAND: POST /session/33efee992eece904c049854c14a4dda4/element/f.570B0DC8E68F1A8718BE401DFFF8ABE1.d.24FD140F5B88186B07DD6D81E41425D2.e.1198/click - {}
RESULT: {}
COMMAND: GET /session/33efee992eece904c049854c14a4dda4/screenshot - {}
RESULT: {}
COMMAND: POST /session/33efee992eece904c049854c14a4dda4/element - {"using":"xpath","value":"//table[contains(@id, \"massStateChangeTable-listUl\")]/tbody/tr[1]/td[11]/div/div/div/div[2]/span"}
RESULT: {"using":"xpath","value":"//table[contains(@id, \"massStateChangeTable-listUl\")]/tbody/tr[1]/td[11]/div/div/div/div[2]/span"}
COMMAND: POST /session/33efee992eece904c049854c14a4dda4/element/f.570B0DC8E68F1A8718BE401DFFF8ABE1.d.24FD140F5B88186B07DD6D81E41425D2.e.1198/click - {}
RESULT: {}
COMMAND: GET /session/33efee992eece904c049854c14a4dda4/screenshot - {}
RESULT: {}
COMMAND: POST /session/33efee992eece904c049854c14a4dda4/element - {"using":"xpath","value":"//table[contains(@id, \"massStateChangeTable-listUl\")]/tbody/tr[1]/td[11]/div/div/div/div[2]/span"}
RESULT: {"using":"xpath","value":"//table[contains(@id, \"massStateChangeTable-listUl\")]/tbody/tr[1]/td[11]/div/div/div/div[2]/span"}
COMMAND: POST /session/33efee992eece904c049854c14a4dda4/element/f.570B0DC8E68F1A8718BE401DFFF8ABE1.d.24FD140F5B88186B07DD6D81E41425D2.e.1198/click - {}
RESULT: {}
COMMAND: GET /session/33efee992eece904c049854c14a4dda4/screenshot - {}
RESULT: {}
COMMAND: POST /session/33efee992eece904c049854c14a4dda4/element - {"using":"xpath","value":"//table[contains(@id, \"massStateChangeTable-listUl\")]/tbody/tr[1]/td[11]/div/div/div/div[2]/span"}
RESULT: {"using":"xpath","value":"//table[contains(@id, \"massStateChangeTable-listUl\")]/tbody/tr[1]/td[11]/div/div/div/div[2]/span"}
COMMAND: POST /session/33efee992eece904c049854c14a4dda4/element/f.570B0DC8E68F1A8718BE401DFFF8ABE1.d.24FD140F5B88186B07DD6D81E41425D2.e.1198/click - {}
RESULT: {}
COMMAND: GET /session/33efee992eece904c049854c14a4dda4/screenshot - {}
RESULT: {}
COMMAND: POST /session/33efee992eece904c049854c14a4dda4/element - {"using":"xpath","value":"//table[contains(@id, \"massStateChangeTable-listUl\")]/tbody/tr[1]/td[11]/div/div/div/div[2]/span"}
RESULT: {"using":"xpath","value":"//table[contains(@id, \"massStateChangeTable-listUl\")]/tbody/tr[1]/td[11]/div/div/div/div[2]/span"}
COMMAND: POST /session/33efee992eece904c049854c14a4dda4/element/f.570B0DC8E68F1A8718BE401DFFF8ABE1.d.24FD140F5B88186B07DD6D81E41425D2.e.1198/click - {}
RESULT: {}
COMMAND: GET /session/33efee992eece904c049854c14a4dda4/screenshot - {}
RESULT: {}
COMMAND: POST /session/33efee992eece904c049854c14a4dda4/element - {"using":"xpath","value":"//table[contains(@id, \"massStateChangeTable-listUl\")]/tbody/tr[1]/td[11]/div/div/div/div[2]/span"}
RESULT: {"using":"xpath","value":"//table[contains(@id, \"massStateChangeTable-listUl\")]/tbody/tr[1]/td[11]/div/div/div/div[2]/span"}
COMMAND: POST /session/33efee992eece904c049854c14a4dda4/element/f.570B0DC8E68F1A8718BE401DFFF8ABE1.d.24FD140F5B88186B07DD6D81E41425D2.e.1198/click - {}
RESULT: {}
COMMAND: GET /session/33efee992eece904c049854c14a4dda4/screenshot - {}
RESULT: {}
COMMAND: POST /session/33efee992eece904c049854c14a4dda4/element - {"using":"xpath","value":"//table[contains(@id, \"massStateChangeTable-listUl\")]/tbody/tr[1]/td[11]/div/div/div/div[2]/span"}
RESULT: {"using":"xpath","value":"//table[contains(@id, \"massStateChangeTable-listUl\")]/tbody/tr[1]/td[11]/div/div/div/div[2]/span"}
COMMAND: POST /session/33efee992eece904c049854c14a4dda4/element/f.570B0DC8E68F1A8718BE401DFFF8ABE1.d.24FD140F5B88186B07DD6D81E41425D2.e.1198/click - {}
RESULT: {}
COMMAND: GET /session/33efee992eece904c049854c14a4dda4/screenshot - {}
RESULT: {}
COMMAND: POST /session/33efee992eece904c049854c14a4dda4/element - {"using":"xpath","value":"//table[contains(@id, \"massStateChangeTable-listUl\")]/tbody/tr[1]/td[11]/div/div/div/div[2]/span"}
RESULT: {"using":"xpath","value":"//table[contains(@id, \"massStateChangeTable-listUl\")]/tbody/tr[1]/td[11]/div/div/div/div[2]/span"}
COMMAND: POST /session/33efee992eece904c049854c14a4dda4/element/f.570B0DC8E68F1A8718BE401DFFF8ABE1.d.24FD140F5B88186B07DD6D81E41425D2.e.1198/click - {}
RESULT: {}
COMMAND: GET /session/33efee992eece904c049854c14a4dda4/screenshot - {}
RESULT: {}
COMMAND: POST /session/33efee992eece904c049854c14a4dda4/element - {"using":"xpath","value":"//table[contains(@id, \"massStateChangeTable-listUl\")]/tbody/tr[1]/td[11]/div/div/div/div[2]/span"}
RESULT: {"using":"xpath","value":"//table[contains(@id, \"massStateChangeTable-listUl\")]/tbody/tr[1]/td[11]/div/div/div/div[2]/span"}
COMMAND: POST /session/33efee992eece904c049854c14a4dda4/element/f.570B0DC8E68F1A8718BE401DFFF8ABE1.d.24FD140F5B88186B07DD6D81E41425D2.e.1198/click - {}
RESULT: {}
COMMAND: GET /session/33efee992eece904c049854c14a4dda4/screenshot - {}
RESULT: {}
COMMAND: POST /session/33efee992eece904c049854c14a4dda4/element - {"using":"xpath","value":"//table[contains(@id, \"massStateChangeTable-listUl\")]/tbody/tr[1]/td[11]/div/div/div/div[2]/span"}
RESULT: {"using":"xpath","value":"//table[contains(@id, \"massStateChangeTable-listUl\")]/tbody/tr[1]/td[11]/div/div/div/div[2]/span"}
COMMAND: POST /session/33efee992eece904c049854c14a4dda4/element/f.570B0DC8E68F1A8718BE401DFFF8ABE1.d.24FD140F5B88186B07DD6D81E41425D2.e.1198/click - {}
RESULT: {}
COMMAND: GET /session/33efee992eece904c049854c14a4dda4/screenshot - {}
RESULT: {}
COMMAND: POST /session/33efee992eece904c049854c14a4dda4/element - {"using":"xpath","value":"//table[contains(@id, \"massStateChangeTable-listUl\")]/tbody/tr[1]/td[11]/div/div/div/div[2]/span"}
RESULT: {"using":"xpath","value":"//table[contains(@id, \"massStateChangeTable-listUl\")]/tbody/tr[1]/td[11]/div/div/div/div[2]/span"}
COMMAND: POST /session/33efee992eece904c049854c14a4dda4/element/f.570B0DC8E68F1A8718BE401DFFF8ABE1.d.24FD140F5B88186B07DD6D81E41425D2.e.1198/click - {}
RESULT: {}
COMMAND: GET /session/33efee992eece904c049854c14a4dda4/screenshot - {}
RESULT: {}
COMMAND: POST /session/33efee992eece904c049854c14a4dda4/element - {"using":"xpath","value":"//table[contains(@id, \"massStateChangeTable-listUl\")]/tbody/tr[1]/td[11]/div/div/div/div[2]/span"}
RESULT: {"using":"xpath","value":"//table[contains(@id, \"massStateChangeTable-listUl\")]/tbody/tr[1]/td[11]/div/div/div/div[2]/span"}
COMMAND: POST /session/33efee992eece904c049854c14a4dda4/element/f.570B0DC8E68F1A8718BE401DFFF8ABE1.d.24FD140F5B88186B07DD6D81E41425D2.e.1198/click - {}
RESULT: {}
COMMAND: GET /session/33efee992eece904c049854c14a4dda4/screenshot - {}
RESULT: {}
COMMAND: POST /session/33efee992eece904c049854c14a4dda4/element - {"using":"xpath","value":"//table[contains(@id, \"massStateChangeTable-listUl\")]/tbody/tr[1]/td[11]/div/div/div/div[2]/span"}
RESULT: {"using":"xpath","value":"//table[contains(@id, \"massStateChangeTable-listUl\")]/tbody/tr[1]/td[11]/div/div/div/div[2]/span"}
COMMAND: POST /session/33efee992eece904c049854c14a4dda4/element/f.570B0DC8E68F1A8718BE401DFFF8ABE1.d.24FD140F5B88186B07DD6D81E41425D2.e.1198/click - {}
RESULT: {}
COMMAND: GET /session/33efee992eece904c049854c14a4dda4/screenshot - {}
RESULT: {}
COMMAND: POST /session/33efee992eece904c049854c14a4dda4/element - {"using":"xpath","value":"//table[contains(@id, \"massStateChangeTable-listUl\")]/tbody/tr[1]/td[11]/div/div/div/div[2]/span"}
RESULT: {"using":"xpath","value":"//table[contains(@id, \"massStateChangeTable-listUl\")]/tbody/tr[1]/td[11]/div/div/div/div[2]/span"}
COMMAND: POST /session/33efee992eece904c049854c14a4dda4/element/f.570B0DC8E68F1A8718BE401DFFF8ABE1.d.24FD140F5B88186B07DD6D81E41425D2.e.1198/click - {}
RESULT: {}
COMMAND: GET /session/33efee992eece904c049854c14a4dda4/screenshot - {}
RESULT: {}
COMMAND: POST /session/33efee992eece904c049854c14a4dda4/element - {"using":"xpath","value":"//table[contains(@id, \"massStateChangeTable-listUl\")]/tbody/tr[1]/td[11]/div/div/div/div[2]/span"}
RESULT: {"using":"xpath","value":"//table[contains(@id, \"massStateChangeTable-listUl\")]/tbody/tr[1]/td[11]/div/div/div/div[2]/span"}
COMMAND: POST /session/33efee992eece904c049854c14a4dda4/element/f.570B0DC8E68F1A8718BE401DFFF8ABE1.d.24FD140F5B88186B07DD6D81E41425D2.e.1198/click - {}
RESULT: {}
COMMAND: GET /session/33efee992eece904c049854c14a4dda4/screenshot - {}
RESULT: {}
COMMAND: POST /session/33efee992eece904c049854c14a4dda4/element - {"using":"xpath","value":"//table[contains(@id, \"massStateChangeTable-listUl\")]/tbody/tr[1]/td[11]/div/div/div/div[2]/span"}
RESULT: {"using":"xpath","value":"//table[contains(@id, \"massStateChangeTable-listUl\")]/tbody/tr[1]/td[11]/div/div/div/div[2]/span"}
COMMAND: POST /session/33efee992eece904c049854c14a4dda4/element/f.570B0DC8E68F1A8718BE401DFFF8ABE1.d.24FD140F5B88186B07DD6D81E41425D2.e.1198/click - {}
RESULT: {}
COMMAND: GET /session/33efee992eece904c049854c14a4dda4/screenshot - {}
RESULT: {}
COMMAND: POST /session/33efee992eece904c049854c14a4dda4/element - {"using":"xpath","value":"//table[contains(@id, \"massStateChangeTable-listUl\")]/tbody/tr[1]/td[11]/div/div/div/div[2]/span"}
RESULT: {"using":"xpath","value":"//table[contains(@id, \"massStateChangeTable-listUl\")]/tbody/tr[1]/td[11]/div/div/div/div[2]/span"}
COMMAND: POST /session/33efee992eece904c049854c14a4dda4/element/f.570B0DC8E68F1A8718BE401DFFF8ABE1.d.24FD140F5B88186B07DD6D81E41425D2.e.1198/click - {}
RESULT: {}
COMMAND: GET /session/33efee992eece904c049854c14a4dda4/screenshot - {}
RESULT: {}
COMMAND: POST /session/33efee992eece904c049854c14a4dda4/element - {"using":"xpath","value":"//table[contains(@id, \"massStateChangeTable-listUl\")]/tbody/tr[1]/td[11]/div/div/div/div[2]/span"}
RESULT: {"using":"xpath","value":"//table[contains(@id, \"massStateChangeTable-listUl\")]/tbody/tr[1]/td[11]/div/div/div/div[2]/span"}
COMMAND: POST /session/33efee992eece904c049854c14a4dda4/element/f.570B0DC8E68F1A8718BE401DFFF8ABE1.d.24FD140F5B88186B07DD6D81E41425D2.e.1198/click - {}
RESULT: {}
COMMAND: GET /session/33efee992eece904c049854c14a4dda4/screenshot - {}
RESULT: {}
COMMAND: POST /session/33efee992eece904c049854c14a4dda4/element - {"using":"xpath","value":"//table[contains(@id, \"massStateChangeTable-listUl\")]/tbody/tr[1]/td[11]/div/div/div/div[2]/span"}
RESULT: {"using":"xpath","value":"//table[contains(@id, \"massStateChangeTable-listUl\")]/tbody/tr[1]/td[11]/div/div/div/div[2]/span"}
COMMAND: POST /session/33efee992eece904c049854c14a4dda4/element/f.570B0DC8E68F1A8718BE401DFFF8ABE1.d.24FD140F5B88186B07DD6D81E41425D2.e.1198/click - {}
RESULT: {}
COMMAND: GET /session/33efee992eece904c049854c14a4dda4/screenshot - {}
RESULT: {}
COMMAND: POST /session/33efee992eece904c049854c14a4dda4/element - {"using":"xpath","value":"//table[contains(@id, \"massStateChangeTable-listUl\")]/tbody/tr[1]/td[11]/div/div/div/div[2]/span"}
RESULT: {"using":"xpath","value":"//table[contains(@id, \"massStateChangeTable-listUl\")]/tbody/tr[1]/td[11]/div/div/div/div[2]/span"}
COMMAND: POST /session/33efee992eece904c049854c14a4dda4/element/f.570B0DC8E68F1A8718BE401DFFF8ABE1.d.24FD140F5B88186B07DD6D81E41425D2.e.1198/click - {}
RESULT: {}
COMMAND: GET /session/33efee992eece904c049854c14a4dda4/screenshot - {}
RESULT: {}
COMMAND: POST /session/33efee992eece904c049854c14a4dda4/element - {"using":"xpath","value":"//table[contains(@id, \"massStateChangeTable-listUl\")]/tbody/tr[1]/td[11]/div/div/div/div[2]/span"}
RESULT: {"using":"xpath","value":"//table[contains(@id, \"massStateChangeTable-listUl\")]/tbody/tr[1]/td[11]/div/div/div/div[2]/span"}
COMMAND: POST /session/33efee992eece904c049854c14a4dda4/element/f.570B0DC8E68F1A8718BE401DFFF8ABE1.d.24FD140F5B88186B07DD6D81E41425D2.e.1198/click - {}
RESULT: {}
COMMAND: GET /session/33efee992eece904c049854c14a4dda4/screenshot - {}
RESULT: {}
COMMAND: POST /session/33efee992eece904c049854c14a4dda4/element - {"using":"xpath","value":"//table[contains(@id, \"massStateChangeTable-listUl\")]/tbody/tr[1]/td[11]/div/div/div/div[2]/span"}
RESULT: {"using":"xpath","value":"//table[contains(@id, \"massStateChangeTable-listUl\")]/tbody/tr[1]/td[11]/div/div/div/div[2]/span"}
COMMAND: POST /session/33efee992eece904c049854c14a4dda4/element/f.570B0DC8E68F1A8718BE401DFFF8ABE1.d.24FD140F5B88186B07DD6D81E41425D2.e.1198/click - {}
RESULT: {}
COMMAND: GET /session/33efee992eece904c049854c14a4dda4/screenshot - {}
RESULT: {}
COMMAND: POST /session/33efee992eece904c049854c14a4dda4/element - {"using":"xpath","value":"//table[contains(@id, \"massStateChangeTable-listUl\")]/tbody/tr[2]/td[11]/div/div/div/div[2]/span"}
RESULT: {"using":"xpath","value":"//table[contains(@id, \"massStateChangeTable-listUl\")]/tbody/tr[2]/td[11]/div/div/div/div[2]/span"}
COMMAND: POST /session/33efee992eece904c049854c14a4dda4/element/f.570B0DC8E68F1A8718BE401DFFF8ABE1.d.24FD140F5B88186B07DD6D81E41425D2.e.1199/click - {}
RESULT: {}
COMMAND: GET /session/33efee992eece904c049854c14a4dda4/screenshot - {}
RESULT: {}
COMMAND: POST /session/33efee992eece904c049854c14a4dda4/element - {"using":"xpath","value":"//table[contains(@id, \"massStateChangeTable-listUl\")]/tbody/tr[1]/td[11]/div/div/div/input"}
RESULT: {"using":"xpath","value":"//table[contains(@id, \"massStateChangeTable-listUl\")]/tbody/tr[1]/td[11]/div/div/div/input"}
COMMAND: GET /session/33efee992eece904c049854c14a4dda4/element/f.570B0DC8E68F1A8718BE401DFFF8ABE1.d.24FD140F5B88186B07DD6D81E41425D2.e.1178/property/value - {}
RESULT: {}
COMMAND: POST /session/33efee992eece904c049854c14a4dda4/element - {"using":"xpath","value":"//table[contains(@id, \"massStateChangeTable-listUl\")]/tbody/tr[2]/td[11]/div/div/div/input"}
COMMAND: GET /session/33efee992eece904c049854c14a4dda4/screenshot - {}
RESULT: {}
RESULT: {"using":"xpath","value":"//table[contains(@id, \"massStateChangeTable-listUl\")]/tbody/tr[2]/td[11]/div/div/div/input"}
COMMAND: GET /session/33efee992eece904c049854c14a4dda4/element/f.570B0DC8E68F1A8718BE401DFFF8ABE1.d.24FD140F5B88186B07DD6D81E41425D2.e.1182/property/value - {}
RESULT: {}
COMMAND: POST /session/33efee992eece904c049854c14a4dda4/element - {"using":"xpath","value":"(//bdi[contains(text(), \"OK\")])[1]"}
COMMAND: GET /session/33efee992eece904c049854c14a4dda4/screenshot - {}
RESULT: {"using":"xpath","value":"(//bdi[contains(text(), \"OK\")])[1]"}
COMMAND: POST /session/33efee992eece904c049854c14a4dda4/element/f.570B0DC8E68F1A8718BE401DFFF8ABE1.d.24FD140F5B88186B07DD6D81E41425D2.e.1185/click - {}
RESULT: {}
RESULT: {}
COMMAND: GET /session/33efee992eece904c049854c14a4dda4/screenshot - {}
RESULT: {}
COMMAND: POST /session/33efee992eece904c049854c14a4dda4/element - {"using":"xpath","value":"(//bdi[contains(text(), \"OK\")])[2]"}
RESULT: {"using":"xpath","value":"(//bdi[contains(text(), \"OK\")])[2]"}
COMMAND: POST /session/33efee992eece904c049854c14a4dda4/element/f.570B0DC8E68F1A8718BE401DFFF8ABE1.d.24FD140F5B88186B07DD6D81E41425D2.e.1202/click - {}
RESULT: {}
COMMAND: GET /session/33efee992eece904c049854c14a4dda4/screenshot - {}
RESULT: {}
RESULT: undefined
COMMAND: POST /session/33efee992eece904c049854c14a4dda4/execute/async - {"script":"<script> [776 bytes]","args":[{"enterText":"600002","selector":{"id":"application-ruinventorylist-display-component---Master--smartFilterBar-btnBasicSearch","interaction":{"idSuffix":"I"}},"clearTextFirst":true,"interactionType":"ENTER_TEXT"}]}
RESULT: {"script":"<script> [776 bytes]","args":[{"enterText":"600002","selector":{"id":"application-ruinventorylist-display-component---Master--smartFilterBar-btnBasicSearch","interaction":{"idSuffix":"I"}},"clearTextFirst":true,"interactionType":"ENTER_TEXT"}]}
COMMAND: POST /session/33efee992eece904c049854c14a4dda4/actions - {"actions":[{"id":"action5","type":"key","parameters":{},"actions":[{"type":"keyDown","value":""},{"type":"pause","duration":10},{"type":"keyUp","value":""}]}]}
RESULT: {"actions":[{"id":"action5","type":"key","parameters":{},"actions":[{"type":"keyDown","value":""},{"type":"pause","duration":10},{"type":"keyUp","value":""}]}]}
COMMAND: GET /session/33efee992eece904c049854c14a4dda4/screenshot - {}
RESULT: {}
COMMAND: POST /session/33efee992eece904c049854c14a4dda4/element - {"using":"xpath","value":"//span[@id=\"application-ruinventorylist-display-component---Master--smartTableRuInventoryList-header-inner\"]"}
RESULT: {"using":"xpath","value":"//span[@id=\"application-ruinventorylist-display-component---Master--smartTableRuInventoryList-header-inner\"]"}
COMMAND: POST /session/33efee992eece904c049854c14a4dda4/elements - {"using":"xpath","value":"//span[@id=\"application-ruinventorylist-display-component---Master--smartTableRuInventoryList-header-inner\"]"}
RESULT: {"using":"xpath","value":"//span[@id=\"application-ruinventorylist-display-component---Master--smartTableRuInventoryList-header-inner\"]"}
COMMAND: POST /session/33efee992eece904c049854c14a4dda4/execute/sync - {"script":"<script> [56 bytes]","args":[{"element-6066-11e4-a52e-4f735466cecf":"f.570B0DC8E68F1A8718BE401DFFF8ABE1.d.24FD140F5B88186B07DD6D81E41425D2.e.858","ELEMENT":"f.570B0DC8E68F1A8718BE401DFFF8ABE1.d.24FD140F5B88186B07DD6D81E41425D2.e.858"}]}
RESULT: {"script":"<script> [56 bytes]","args":[{"element-6066-11e4-a52e-4f735466cecf":"f.570B0DC8E68F1A8718BE401DFFF8ABE1.d.24FD140F5B88186B07DD6D81E41425D2.e.858","ELEMENT":"f.570B0DC8E68F1A8718BE401DFFF8ABE1.d.24FD140F5B88186B07DD6D81E41425D2.e.858"}]}
COMMAND: POST /session/33efee992eece904c049854c14a4dda4/element - {"using":"xpath","value":"//table[contains(@id, \"application-ruinventorylist-display-component---Master--tableRuInventoryList-listUl\")]/tbody/tr[1]/td[6]/div/span"}
COMMAND: GET /session/33efee992eece904c049854c14a4dda4/screenshot - {}
RESULT: {"using":"xpath","value":"//table[contains(@id, \"application-ruinventorylist-display-component---Master--tableRuInventoryList-listUl\")]/tbody/tr[1]/td[6]/div/span"}
COMMAND: POST /session/33efee992eece904c049854c14a4dda4/execute/sync - {"script":"<script> [56 bytes]","args":[{"element-6066-11e4-a52e-4f735466cecf":"f.570B0DC8E68F1A8718BE401DFFF8ABE1.d.24FD140F5B88186B07DD6D81E41425D2.e.1224","ELEMENT":"f.570B0DC8E68F1A8718BE401DFFF8ABE1.d.24FD140F5B88186B07DD6D81E41425D2.e.1224"}]}
RESULT: {}
RESULT: {"script":"<script> [56 bytes]","args":[{"element-6066-11e4-a52e-4f735466cecf":"f.570B0DC8E68F1A8718BE401DFFF8ABE1.d.24FD140F5B88186B07DD6D81E41425D2.e.1224","ELEMENT":"f.570B0DC8E68F1A8718BE401DFFF8ABE1.d.24FD140F5B88186B07DD6D81E41425D2.e.1224"}]}
COMMAND: POST /session/33efee992eece904c049854c14a4dda4/element - {"using":"xpath","value":"//div[contains(@id, \"smartFilterBar-btnBasicSearch-reset\")]"}
COMMAND: GET /session/33efee992eece904c049854c14a4dda4/screenshot - {}
RESULT: {"using":"xpath","value":"//div[contains(@id, \"smartFilterBar-btnBasicSearch-reset\")]"}
COMMAND: POST /session/33efee992eece904c049854c14a4dda4/element/f.570B0DC8E68F1A8718BE401DFFF8ABE1.d.24FD140F5B88186B07DD6D81E41425D2.e.876/click - {}
RESULT: {}
RESULT: {}
COMMAND: GET /session/33efee992eece904c049854c14a4dda4/screenshot - {}
RESULT: {}
RESULT: undefined
COMMAND: POST /session/33efee992eece904c049854c14a4dda4/execute/async - {"script":"<script> [776 bytes]","args":[{"enterText":"401002","selector":{"id":"application-ruinventorylist-display-component---Master--smartFilterBar-btnBasicSearch","interaction":{"idSuffix":"I"}},"clearTextFirst":true,"interactionType":"ENTER_TEXT"}]}
RESULT: {"script":"<script> [776 bytes]","args":[{"enterText":"401002","selector":{"id":"application-ruinventorylist-display-component---Master--smartFilterBar-btnBasicSearch","interaction":{"idSuffix":"I"}},"clearTextFirst":true,"interactionType":"ENTER_TEXT"}]}
COMMAND: POST /session/33efee992eece904c049854c14a4dda4/actions - {"actions":[{"id":"action6","type":"key","parameters":{},"actions":[{"type":"keyDown","value":""},{"type":"pause","duration":10},{"type":"keyUp","value":""}]}]}
RESULT: {"actions":[{"id":"action6","type":"key","parameters":{},"actions":[{"type":"keyDown","value":""},{"type":"pause","duration":10},{"type":"keyUp","value":""}]}]}
COMMAND: GET /session/33efee992eece904c049854c14a4dda4/screenshot - {}
RESULT: {}
COMMAND: POST /session/33efee992eece904c049854c14a4dda4/element - {"using":"xpath","value":"//span[@id=\"application-ruinventorylist-display-component---Master--smartTableRuInventoryList-header-inner\"]"}
RESULT: {"using":"xpath","value":"//span[@id=\"application-ruinventorylist-display-component---Master--smartTableRuInventoryList-header-inner\"]"}
COMMAND: POST /session/33efee992eece904c049854c14a4dda4/elements - {"using":"xpath","value":"//span[@id=\"application-ruinventorylist-display-component---Master--smartTableRuInventoryList-header-inner\"]"}
RESULT: {"using":"xpath","value":"//span[@id=\"application-ruinventorylist-display-component---Master--smartTableRuInventoryList-header-inner\"]"}
COMMAND: POST /session/33efee992eece904c049854c14a4dda4/execute/sync - {"script":"<script> [56 bytes]","args":[{"element-6066-11e4-a52e-4f735466cecf":"f.570B0DC8E68F1A8718BE401DFFF8ABE1.d.24FD140F5B88186B07DD6D81E41425D2.e.858","ELEMENT":"f.570B0DC8E68F1A8718BE401DFFF8ABE1.d.24FD140F5B88186B07DD6D81E41425D2.e.858"}]}
RESULT: {"script":"<script> [56 bytes]","args":[{"element-6066-11e4-a52e-4f735466cecf":"f.570B0DC8E68F1A8718BE401DFFF8ABE1.d.24FD140F5B88186B07DD6D81E41425D2.e.858","ELEMENT":"f.570B0DC8E68F1A8718BE401DFFF8ABE1.d.24FD140F5B88186B07DD6D81E41425D2.e.858"}]}
COMMAND: POST /session/33efee992eece904c049854c14a4dda4/element - {"using":"xpath","value":"//table[contains(@id, \"application-ruinventorylist-display-component---Master--tableRuInventoryList-listUl\")]/tbody/tr[1]/td[6]/div/span"}
COMMAND: GET /session/33efee992eece904c049854c14a4dda4/screenshot - {}
RESULT: {"using":"xpath","value":"//table[contains(@id, \"application-ruinventorylist-display-component---Master--tableRuInventoryList-listUl\")]/tbody/tr[1]/td[6]/div/span"}
COMMAND: POST /session/33efee992eece904c049854c14a4dda4/execute/sync - {"script":"<script> [56 bytes]","args":[{"element-6066-11e4-a52e-4f735466cecf":"f.570B0DC8E68F1A8718BE401DFFF8ABE1.d.24FD140F5B88186B07DD6D81E41425D2.e.1308","ELEMENT":"f.570B0DC8E68F1A8718BE401DFFF8ABE1.d.24FD140F5B88186B07DD6D81E41425D2.e.1308"}]}
RESULT: {}
RESULT: {"script":"<script> [56 bytes]","args":[{"element-6066-11e4-a52e-4f735466cecf":"f.570B0DC8E68F1A8718BE401DFFF8ABE1.d.24FD140F5B88186B07DD6D81E41425D2.e.1308","ELEMENT":"f.570B0DC8E68F1A8718BE401DFFF8ABE1.d.24FD140F5B88186B07DD6D81E41425D2.e.1308"}]}
COMMAND: POST /session/33efee992eece904c049854c14a4dda4/element - {"using":"xpath","value":"//div[contains(@id, \"smartFilterBar-btnBasicSearch-reset\")]"}
COMMAND: GET /session/33efee992eece904c049854c14a4dda4/screenshot - {}
RESULT: {"using":"xpath","value":"//div[contains(@id, \"smartFilterBar-btnBasicSearch-reset\")]"}
COMMAND: POST /session/33efee992eece904c049854c14a4dda4/element/f.570B0DC8E68F1A8718BE401DFFF8ABE1.d.24FD140F5B88186B07DD6D81E41425D2.e.876/click - {}
RESULT: {}
RESULT: {}
COMMAND: GET /session/33efee992eece904c049854c14a4dda4/screenshot - {}
RESULT: {}
COMMAND: POST /session/33efee992eece904c049854c14a4dda4/element/f.570B0DC8E68F1A8718BE401DFFF8ABE1.d.24FD140F5B88186B07DD6D81E41425D2.e.294/click - {}
RESULT: {}
COMMAND: GET /session/33efee992eece904c049854c14a4dda4/screenshot - {}
RESULT: {}
RESULT: undefined
COMMAND: POST /session/33efee992eece904c049854c14a4dda4/execute/async - {"script":"<script> [776 bytes]","args":[{"enterText":"600002","selector":{"id":"application-ruinventorylist-display-component---Master--smartFilterBar-btnBasicSearch","interaction":{"idSuffix":"I"}},"clearTextFirst":true,"interactionType":"ENTER_TEXT"}]}
RESULT: {"script":"<script> [776 bytes]","args":[{"enterText":"600002","selector":{"id":"application-ruinventorylist-display-component---Master--smartFilterBar-btnBasicSearch","interaction":{"idSuffix":"I"}},"clearTextFirst":true,"interactionType":"ENTER_TEXT"}]}
COMMAND: POST /session/33efee992eece904c049854c14a4dda4/actions - {"actions":[{"id":"action7","type":"key","parameters":{},"actions":[{"type":"keyDown","value":""},{"type":"pause","duration":10},{"type":"keyUp","value":""}]}]}
RESULT: {"actions":[{"id":"action7","type":"key","parameters":{},"actions":[{"type":"keyDown","value":""},{"type":"pause","duration":10},{"type":"keyUp","value":""}]}]}
COMMAND: GET /session/33efee992eece904c049854c14a4dda4/screenshot - {}
RESULT: {}
COMMAND: POST /session/33efee992eece904c049854c14a4dda4/element - {"using":"xpath","value":"//span[@id=\"application-ruinventorylist-display-component---Master--smartTableRuInventoryList-header-inner\"]"}
RESULT: {"using":"xpath","value":"//span[@id=\"application-ruinventorylist-display-component---Master--smartTableRuInventoryList-header-inner\"]"}
COMMAND: POST /session/33efee992eece904c049854c14a4dda4/elements - {"using":"xpath","value":"//span[@id=\"application-ruinventorylist-display-component---Master--smartTableRuInventoryList-header-inner\"]"}
RESULT: {"using":"xpath","value":"//span[@id=\"application-ruinventorylist-display-component---Master--smartTableRuInventoryList-header-inner\"]"}
COMMAND: POST /session/33efee992eece904c049854c14a4dda4/execute/sync - {"script":"<script> [56 bytes]","args":[{"element-6066-11e4-a52e-4f735466cecf":"f.570B0DC8E68F1A8718BE401DFFF8ABE1.d.24FD140F5B88186B07DD6D81E41425D2.e.858","ELEMENT":"f.570B0DC8E68F1A8718BE401DFFF8ABE1.d.24FD140F5B88186B07DD6D81E41425D2.e.858"}]}
RESULT: {"script":"<script> [56 bytes]","args":[{"element-6066-11e4-a52e-4f735466cecf":"f.570B0DC8E68F1A8718BE401DFFF8ABE1.d.24FD140F5B88186B07DD6D81E41425D2.e.858","ELEMENT":"f.570B0DC8E68F1A8718BE401DFFF8ABE1.d.24FD140F5B88186B07DD6D81E41425D2.e.858"}]}
COMMAND: POST /session/33efee992eece904c049854c14a4dda4/element - {"using":"xpath","value":"//table[contains(@id, \"application-ruinventorylist-display-component---Master--tableRuInventoryList-listUl\")]/tbody/tr[1]/td[2]/div/div"}
COMMAND: GET /session/33efee992eece904c049854c14a4dda4/screenshot - {}
RESULT: {"using":"xpath","value":"//table[contains(@id, \"application-ruinventorylist-display-component---Master--tableRuInventoryList-listUl\")]/tbody/tr[1]/td[2]/div/div"}
COMMAND: POST /session/33efee992eece904c049854c14a4dda4/element/f.570B0DC8E68F1A8718BE401DFFF8ABE1.d.24FD140F5B88186B07DD6D81E41425D2.e.1565/click - {}
RESULT: {}
RESULT: {}
COMMAND: GET /session/33efee992eece904c049854c14a4dda4/screenshot - {}
RESULT: {}
COMMAND: POST /session/33efee992eece904c049854c14a4dda4/element - {"using":"xpath","value":"//div[contains(@id, \"smartFilterBar-btnBasicSearch-reset\")]"}
RESULT: {"using":"xpath","value":"//div[contains(@id, \"smartFilterBar-btnBasicSearch-reset\")]"}
COMMAND: POST /session/33efee992eece904c049854c14a4dda4/element/f.570B0DC8E68F1A8718BE401DFFF8ABE1.d.24FD140F5B88186B07DD6D81E41425D2.e.876/click - {}
RESULT: {}
COMMAND: GET /session/33efee992eece904c049854c14a4dda4/screenshot - {}
RESULT: {}
RESULT: undefined
COMMAND: POST /session/33efee992eece904c049854c14a4dda4/execute/async - {"script":"<script> [776 bytes]","args":[{"enterText":"401002","selector":{"id":"application-ruinventorylist-display-component---Master--smartFilterBar-btnBasicSearch","interaction":{"idSuffix":"I"}},"clearTextFirst":true,"interactionType":"ENTER_TEXT"}]}
RESULT: {"script":"<script> [776 bytes]","args":[{"enterText":"401002","selector":{"id":"application-ruinventorylist-display-component---Master--smartFilterBar-btnBasicSearch","interaction":{"idSuffix":"I"}},"clearTextFirst":true,"interactionType":"ENTER_TEXT"}]}
COMMAND: POST /session/33efee992eece904c049854c14a4dda4/actions - {"actions":[{"id":"action8","type":"key","parameters":{},"actions":[{"type":"keyDown","value":""},{"type":"pause","duration":10},{"type":"keyUp","value":""}]}]}
RESULT: {"actions":[{"id":"action8","type":"key","parameters":{},"actions":[{"type":"keyDown","value":""},{"type":"pause","duration":10},{"type":"keyUp","value":""}]}]}
COMMAND: GET /session/33efee992eece904c049854c14a4dda4/screenshot - {}
RESULT: {}
COMMAND: POST /session/33efee992eece904c049854c14a4dda4/element - {"using":"xpath","value":"//span[@id=\"application-ruinventorylist-display-component---Master--smartTableRuInventoryList-header-inner\"]"}
RESULT: {"using":"xpath","value":"//span[@id=\"application-ruinventorylist-display-component---Master--smartTableRuInventoryList-header-inner\"]"}
COMMAND: POST /session/33efee992eece904c049854c14a4dda4/elements - {"using":"xpath","value":"//span[@id=\"application-ruinventorylist-display-component---Master--smartTableRuInventoryList-header-inner\"]"}
RESULT: {"using":"xpath","value":"//span[@id=\"application-ruinventorylist-display-component---Master--smartTableRuInventoryList-header-inner\"]"}
COMMAND: POST /session/33efee992eece904c049854c14a4dda4/execute/sync - {"script":"<script> [56 bytes]","args":[{"element-6066-11e4-a52e-4f735466cecf":"f.570B0DC8E68F1A8718BE401DFFF8ABE1.d.24FD140F5B88186B07DD6D81E41425D2.e.858","ELEMENT":"f.570B0DC8E68F1A8718BE401DFFF8ABE1.d.24FD140F5B88186B07DD6D81E41425D2.e.858"}]}
RESULT: {"script":"<script> [56 bytes]","args":[{"element-6066-11e4-a52e-4f735466cecf":"f.570B0DC8E68F1A8718BE401DFFF8ABE1.d.24FD140F5B88186B07DD6D81E41425D2.e.858","ELEMENT":"f.570B0DC8E68F1A8718BE401DFFF8ABE1.d.24FD140F5B88186B07DD6D81E41425D2.e.858"}]}
COMMAND: POST /session/33efee992eece904c049854c14a4dda4/element - {"using":"xpath","value":"//table[contains(@id, \"application-ruinventorylist-display-component---Master--tableRuInventoryList-listUl\")]/tbody/tr[1]/td[2]/div/div"}
COMMAND: GET /session/33efee992eece904c049854c14a4dda4/screenshot - {}
RESULT: {"using":"xpath","value":"//table[contains(@id, \"application-ruinventorylist-display-component---Master--tableRuInventoryList-listUl\")]/tbody/tr[1]/td[2]/div/div"}
COMMAND: POST /session/33efee992eece904c049854c14a4dda4/element/f.570B0DC8E68F1A8718BE401DFFF8ABE1.d.24FD140F5B88186B07DD6D81E41425D2.e.1717/click - {}
RESULT: {}
RESULT: {}
COMMAND: GET /session/33efee992eece904c049854c14a4dda4/screenshot - {}
RESULT: {}
COMMAND: POST /session/33efee992eece904c049854c14a4dda4/element - {"using":"xpath","value":"//div[contains(@id, \"smartFilterBar-btnBasicSearch-reset\")]"}
RESULT: {"using":"xpath","value":"//div[contains(@id, \"smartFilterBar-btnBasicSearch-reset\")]"}
COMMAND: POST /session/33efee992eece904c049854c14a4dda4/element/f.570B0DC8E68F1A8718BE401DFFF8ABE1.d.24FD140F5B88186B07DD6D81E41425D2.e.876/click - {}
RESULT: {}
COMMAND: GET /session/33efee992eece904c049854c14a4dda4/screenshot - {}
COMMAND: POST /session/33efee992eece904c049854c14a4dda4/element/f.570B0DC8E68F1A8718BE401DFFF8ABE1.d.24FD140F5B88186B07DD6D81E41425D2.e.294/click - {}
RESULT: {}
RESULT: {}
COMMAND: GET /session/33efee992eece904c049854c14a4dda4/screenshot - {}
RESULT: {}
RESULT: undefined
COMMAND: POST /session/33efee992eece904c049854c14a4dda4/element - {"using":"xpath","value":"//*[@id=\"application-ruinventorylist-display-component---Master--ruStateTypes-arrow\"]"}
RESULT: {"using":"xpath","value":"//*[@id=\"application-ruinventorylist-display-component---Master--ruStateTypes-arrow\"]"}
COMMAND: POST /session/33efee992eece904c049854c14a4dda4/element/f.570B0DC8E68F1A8718BE401DFFF8ABE1.d.24FD140F5B88186B07DD6D81E41425D2.e.1880/click - {}
RESULT: {}
COMMAND: GET /session/33efee992eece904c049854c14a4dda4/screenshot - {}
RESULT: {}
COMMAND: POST /session/33efee992eece904c049854c14a4dda4/element - {"using":"xpath","value":"//li[.//span[text()=\"available\"]]"}
RESULT: {"using":"xpath","value":"//li[.//span[text()=\"available\"]]"}
COMMAND: POST /session/33efee992eece904c049854c14a4dda4/element/f.570B0DC8E68F1A8718BE401DFFF8ABE1.d.24FD140F5B88186B07DD6D81E41425D2.e.1881/click - {}
RESULT: {}
COMMAND: GET /session/33efee992eece904c049854c14a4dda4/screenshot - {}
RESULT: {}
COMMAND: POST /session/33efee992eece904c049854c14a4dda4/element - {"using":"xpath","value":"(//bdi[contains(text(), \"OK\")])[1]"}
RESULT: {"using":"xpath","value":"(//bdi[contains(text(), \"OK\")])[1]"}
COMMAND: POST /session/33efee992eece904c049854c14a4dda4/element/f.570B0DC8E68F1A8718BE401DFFF8ABE1.d.24FD140F5B88186B07DD6D81E41425D2.e.1882/click - {}
RESULT: {}
COMMAND: GET /session/33efee992eece904c049854c14a4dda4/screenshot - {}
RESULT: {}
COMMAND: POST /session/33efee992eece904c049854c14a4dda4/element - {"using":"xpath","value":"(//bdi[contains(text(), \"OK\")])[2]"}
RESULT: {"using":"xpath","value":"(//bdi[contains(text(), \"OK\")])[2]"}
COMMAND: POST /session/33efee992eece904c049854c14a4dda4/element/f.570B0DC8E68F1A8718BE401DFFF8ABE1.d.24FD140F5B88186B07DD6D81E41425D2.e.1886/click - {}
RESULT: {}
COMMAND: GET /session/33efee992eece904c049854c14a4dda4/screenshot - {}
RESULT: {}
RESULT: undefined
COMMAND: POST /session/33efee992eece904c049854c14a4dda4/execute/async - {"script":"<script> [776 bytes]","args":[{"enterText":"600002","selector":{"id":"application-ruinventorylist-display-component---Master--smartFilterBar-btnBasicSearch","interaction":{"idSuffix":"I"}},"clearTextFirst":true,"interactionType":"ENTER_TEXT"}]}
RESULT: {"script":"<script> [776 bytes]","args":[{"enterText":"600002","selector":{"id":"application-ruinventorylist-display-component---Master--smartFilterBar-btnBasicSearch","interaction":{"idSuffix":"I"}},"clearTextFirst":true,"interactionType":"ENTER_TEXT"}]}
COMMAND: POST /session/33efee992eece904c049854c14a4dda4/actions - {"actions":[{"id":"action9","type":"key","parameters":{},"actions":[{"type":"keyDown","value":""},{"type":"pause","duration":10},{"type":"keyUp","value":""}]}]}
RESULT: {"actions":[{"id":"action9","type":"key","parameters":{},"actions":[{"type":"keyDown","value":""},{"type":"pause","duration":10},{"type":"keyUp","value":""}]}]}
COMMAND: GET /session/33efee992eece904c049854c14a4dda4/screenshot - {}
RESULT: {}
COMMAND: POST /session/33efee992eece904c049854c14a4dda4/element - {"using":"xpath","value":"//span[@id=\"application-ruinventorylist-display-component---Master--smartTableRuInventoryList-header-inner\"]"}
RESULT: {"using":"xpath","value":"//span[@id=\"application-ruinventorylist-display-component---Master--smartTableRuInventoryList-header-inner\"]"}
COMMAND: POST /session/33efee992eece904c049854c14a4dda4/elements - {"using":"xpath","value":"//span[@id=\"application-ruinventorylist-display-component---Master--smartTableRuInventoryList-header-inner\"]"}
RESULT: {"using":"xpath","value":"//span[@id=\"application-ruinventorylist-display-component---Master--smartTableRuInventoryList-header-inner\"]"}
COMMAND: POST /session/33efee992eece904c049854c14a4dda4/execute/sync - {"script":"<script> [56 bytes]","args":[{"element-6066-11e4-a52e-4f735466cecf":"f.570B0DC8E68F1A8718BE401DFFF8ABE1.d.24FD140F5B88186B07DD6D81E41425D2.e.858","ELEMENT":"f.570B0DC8E68F1A8718BE401DFFF8ABE1.d.24FD140F5B88186B07DD6D81E41425D2.e.858"}]}
RESULT: {"script":"<script> [56 bytes]","args":[{"element-6066-11e4-a52e-4f735466cecf":"f.570B0DC8E68F1A8718BE401DFFF8ABE1.d.24FD140F5B88186B07DD6D81E41425D2.e.858","ELEMENT":"f.570B0DC8E68F1A8718BE401DFFF8ABE1.d.24FD140F5B88186B07DD6D81E41425D2.e.858"}]}
COMMAND: POST /session/33efee992eece904c049854c14a4dda4/element - {"using":"xpath","value":"//table[contains(@id, \"application-ruinventorylist-display-component---Master--tableRuInventoryList-listUl\")]/tbody/tr[1]/td[6]/div/span"}
COMMAND: GET /session/33efee992eece904c049854c14a4dda4/screenshot - {}
RESULT: {"using":"xpath","value":"//table[contains(@id, \"application-ruinventorylist-display-component---Master--tableRuInventoryList-listUl\")]/tbody/tr[1]/td[6]/div/span"}
COMMAND: POST /session/33efee992eece904c049854c14a4dda4/execute/sync - {"script":"<script> [56 bytes]","args":[{"element-6066-11e4-a52e-4f735466cecf":"f.570B0DC8E68F1A8718BE401DFFF8ABE1.d.24FD140F5B88186B07DD6D81E41425D2.e.1908","ELEMENT":"f.570B0DC8E68F1A8718BE401DFFF8ABE1.d.24FD140F5B88186B07DD6D81E41425D2.e.1908"}]}
RESULT: {}
RESULT: {"script":"<script> [56 bytes]","args":[{"element-6066-11e4-a52e-4f735466cecf":"f.570B0DC8E68F1A8718BE401DFFF8ABE1.d.24FD140F5B88186B07DD6D81E41425D2.e.1908","ELEMENT":"f.570B0DC8E68F1A8718BE401DFFF8ABE1.d.24FD140F5B88186B07DD6D81E41425D2.e.1908"}]}
COMMAND: POST /session/33efee992eece904c049854c14a4dda4/element - {"using":"xpath","value":"//div[contains(@id, \"smartFilterBar-btnBasicSearch-reset\")]"}
COMMAND: GET /session/33efee992eece904c049854c14a4dda4/screenshot - {}
RESULT: {"using":"xpath","value":"//div[contains(@id, \"smartFilterBar-btnBasicSearch-reset\")]"}
COMMAND: POST /session/33efee992eece904c049854c14a4dda4/element/f.570B0DC8E68F1A8718BE401DFFF8ABE1.d.24FD140F5B88186B07DD6D81E41425D2.e.876/click - {}
RESULT: {}
RESULT: {}
COMMAND: GET /session/33efee992eece904c049854c14a4dda4/screenshot - {}
RESULT: {}
RESULT: undefined
COMMAND: POST /session/33efee992eece904c049854c14a4dda4/execute/async - {"script":"<script> [776 bytes]","args":[{"enterText":"401002","selector":{"id":"application-ruinventorylist-display-component---Master--smartFilterBar-btnBasicSearch","interaction":{"idSuffix":"I"}},"clearTextFirst":true,"interactionType":"ENTER_TEXT"}]}
RESULT: {"script":"<script> [776 bytes]","args":[{"enterText":"401002","selector":{"id":"application-ruinventorylist-display-component---Master--smartFilterBar-btnBasicSearch","interaction":{"idSuffix":"I"}},"clearTextFirst":true,"interactionType":"ENTER_TEXT"}]}
COMMAND: POST /session/33efee992eece904c049854c14a4dda4/actions - {"actions":[{"id":"action10","type":"key","parameters":{},"actions":[{"type":"keyDown","value":""},{"type":"pause","duration":10},{"type":"keyUp","value":""}]}]}
RESULT: {"actions":[{"id":"action10","type":"key","parameters":{},"actions":[{"type":"keyDown","value":""},{"type":"pause","duration":10},{"type":"keyUp","value":""}]}]}
COMMAND: GET /session/33efee992eece904c049854c14a4dda4/screenshot - {}
RESULT: {}
COMMAND: POST /session/33efee992eece904c049854c14a4dda4/element - {"using":"xpath","value":"//span[@id=\"application-ruinventorylist-display-component---Master--smartTableRuInventoryList-header-inner\"]"}
RESULT: {"using":"xpath","value":"//span[@id=\"application-ruinventorylist-display-component---Master--smartTableRuInventoryList-header-inner\"]"}
COMMAND: POST /session/33efee992eece904c049854c14a4dda4/elements - {"using":"xpath","value":"//span[@id=\"application-ruinventorylist-display-component---Master--smartTableRuInventoryList-header-inner\"]"}
RESULT: {"using":"xpath","value":"//span[@id=\"application-ruinventorylist-display-component---Master--smartTableRuInventoryList-header-inner\"]"}
COMMAND: POST /session/33efee992eece904c049854c14a4dda4/execute/sync - {"script":"<script> [56 bytes]","args":[{"element-6066-11e4-a52e-4f735466cecf":"f.570B0DC8E68F1A8718BE401DFFF8ABE1.d.24FD140F5B88186B07DD6D81E41425D2.e.858","ELEMENT":"f.570B0DC8E68F1A8718BE401DFFF8ABE1.d.24FD140F5B88186B07DD6D81E41425D2.e.858"}]}
RESULT: {"script":"<script> [56 bytes]","args":[{"element-6066-11e4-a52e-4f735466cecf":"f.570B0DC8E68F1A8718BE401DFFF8ABE1.d.24FD140F5B88186B07DD6D81E41425D2.e.858","ELEMENT":"f.570B0DC8E68F1A8718BE401DFFF8ABE1.d.24FD140F5B88186B07DD6D81E41425D2.e.858"}]}
COMMAND: POST /session/33efee992eece904c049854c14a4dda4/element - {"using":"xpath","value":"//table[contains(@id, \"application-ruinventorylist-display-component---Master--tableRuInventoryList-listUl\")]/tbody/tr[1]/td[6]/div/span"}
COMMAND: GET /session/33efee992eece904c049854c14a4dda4/screenshot - {}
RESULT: {"using":"xpath","value":"//table[contains(@id, \"application-ruinventorylist-display-component---Master--tableRuInventoryList-listUl\")]/tbody/tr[1]/td[6]/div/span"}
COMMAND: POST /session/33efee992eece904c049854c14a4dda4/execute/sync - {"script":"<script> [56 bytes]","args":[{"element-6066-11e4-a52e-4f735466cecf":"f.570B0DC8E68F1A8718BE401DFFF8ABE1.d.24FD140F5B88186B07DD6D81E41425D2.e.1994","ELEMENT":"f.570B0DC8E68F1A8718BE401DFFF8ABE1.d.24FD140F5B88186B07DD6D81E41425D2.e.1994"}]}
RESULT: {}
RESULT: {"script":"<script> [56 bytes]","args":[{"element-6066-11e4-a52e-4f735466cecf":"f.570B0DC8E68F1A8718BE401DFFF8ABE1.d.24FD140F5B88186B07DD6D81E41425D2.e.1994","ELEMENT":"f.570B0DC8E68F1A8718BE401DFFF8ABE1.d.24FD140F5B88186B07DD6D81E41425D2.e.1994"}]}
COMMAND: POST /session/33efee992eece904c049854c14a4dda4/element - {"using":"xpath","value":"//div[contains(@id, \"smartFilterBar-btnBasicSearch-reset\")]"}
COMMAND: GET /session/33efee992eece904c049854c14a4dda4/screenshot - {}
RESULT: {"using":"xpath","value":"//div[contains(@id, \"smartFilterBar-btnBasicSearch-reset\")]"}
COMMAND: POST /session/33efee992eece904c049854c14a4dda4/element/f.570B0DC8E68F1A8718BE401DFFF8ABE1.d.24FD140F5B88186B07DD6D81E41425D2.e.876/click - {}
RESULT: {}
RESULT: {}
COMMAND: GET /session/33efee992eece904c049854c14a4dda4/screenshot - {}
RESULT: {}
COMMAND: POST /session/33efee992eece904c049854c14a4dda4/element - {"using":"css selector","value":"#shell-header-logo"}
RESULT: {"using":"css selector","value":"#shell-header-logo"}
COMMAND: POST /session/33efee992eece904c049854c14a4dda4/element/f.570B0DC8E68F1A8718BE401DFFF8ABE1.d.24FD140F5B88186B07DD6D81E41425D2.e.263/click - {}
RESULT: {}
COMMAND: GET /session/33efee992eece904c049854c14a4dda4/screenshot - {}
RESULT: {}
]]></system-out>
    </testcase>
    <testcase classname="chrome.136_0_7103_93.windows.RU_Inventory_Mass_State_Change_Multiple_Items_US151066" name="Prerequisite Step 2 Should create a new equipment" time="159.074">
      <system-out><![CDATA[
COMMAND: POST /session/33efee992eece904c049854c14a4dda4/execute/async - {"script":"<script> [1562 bytes]","args":[{"selector":{"controlType":"sap.m.GenericTile","properties":{"header":"Manage Resources"}},"wdio_ui5_key":"sapm.GenericTile{\"header\":\"Manage Resources\"}"}]}
RESULT: {"script":"<script> [1562 bytes]","args":[{"selector":{"controlType":"sap.m.GenericTile","properties":{"header":"Manage Resources"}},"wdio_ui5_key":"sapm.GenericTile{\"header\":\"Manage Resources\"}"}]}
RESULT: undefined
COMMAND: POST /session/33efee992eece904c049854c14a4dda4/element - {"using":"xpath","value":"//*[@id=\"__tile39\"]"}
RESULT: {"using":"xpath","value":"//*[@id=\"__tile39\"]"}
COMMAND: POST /session/33efee992eece904c049854c14a4dda4/element/f.570B0DC8E68F1A8718BE401DFFF8ABE1.d.24FD140F5B88186B07DD6D81E41425D2.e.152/click - {}
RESULT: {}
COMMAND: GET /session/33efee992eece904c049854c14a4dda4/screenshot - {}
RESULT: {}
COMMAND: POST /session/33efee992eece904c049854c14a4dda4/elements - {"using":"xpath","value":"//span[text()='Error']"}
RESULT: {"using":"xpath","value":"//span[text()='Error']"}
COMMAND: POST /session/33efee992eece904c049854c14a4dda4/element - {"using":"xpath","value":"//button[@data-kt=\"addNewRUOverflowToolbarButton\"]"}
RESULT: {"using":"xpath","value":"//button[@data-kt=\"addNewRUOverflowToolbarButton\"]"}
COMMAND: POST /session/33efee992eece904c049854c14a4dda4/elements - {"using":"xpath","value":"//button[@data-kt=\"addNewRUOverflowToolbarButton\"]"}
RESULT: {"using":"xpath","value":"//button[@data-kt=\"addNewRUOverflowToolbarButton\"]"}
COMMAND: POST /session/33efee992eece904c049854c14a4dda4/execute/sync - {"script":"<script> [8489 bytes]","args":[{"element-6066-11e4-a52e-4f735466cecf":"f.570B0DC8E68F1A8718BE401DFFF8ABE1.d.24FD140F5B88186B07DD6D81E41425D2.e.2098","ELEMENT":"f.570B0DC8E68F1A8718BE401DFFF8ABE1.d.24FD140F5B88186B07DD6D81E41425D2.e.2098"}]}
RESULT: {"script":"<script> [8489 bytes]","args":[{"element-6066-11e4-a52e-4f735466cecf":"f.570B0DC8E68F1A8718BE401DFFF8ABE1.d.24FD140F5B88186B07DD6D81E41425D2.e.2098","ELEMENT":"f.570B0DC8E68F1A8718BE401DFFF8ABE1.d.24FD140F5B88186B07DD6D81E41425D2.e.2098"}]}
COMMAND: GET /session/33efee992eece904c049854c14a4dda4/element/f.570B0DC8E68F1A8718BE401DFFF8ABE1.d.24FD140F5B88186B07DD6D81E41425D2.e.2098/enabled - {}
COMMAND: GET /session/33efee992eece904c049854c14a4dda4/screenshot - {}
RESULT: {}
COMMAND: POST /session/33efee992eece904c049854c14a4dda4/execute/sync - {"script":"<script> [8489 bytes]","args":[{"element-6066-11e4-a52e-4f735466cecf":"f.570B0DC8E68F1A8718BE401DFFF8ABE1.d.24FD140F5B88186B07DD6D81E41425D2.e.2098","ELEMENT":"f.570B0DC8E68F1A8718BE401DFFF8ABE1.d.24FD140F5B88186B07DD6D81E41425D2.e.2098"}]}
COMMAND: GET /session/33efee992eece904c049854c14a4dda4/screenshot - {}
RESULT: {}
RESULT: {"script":"<script> [8489 bytes]","args":[{"element-6066-11e4-a52e-4f735466cecf":"f.570B0DC8E68F1A8718BE401DFFF8ABE1.d.24FD140F5B88186B07DD6D81E41425D2.e.2098","ELEMENT":"f.570B0DC8E68F1A8718BE401DFFF8ABE1.d.24FD140F5B88186B07DD6D81E41425D2.e.2098"}]}
COMMAND: POST /session/33efee992eece904c049854c14a4dda4/execute/sync - {"script":"<script> [5351 bytes]","args":[{"element-6066-11e4-a52e-4f735466cecf":"f.570B0DC8E68F1A8718BE401DFFF8ABE1.d.24FD140F5B88186B07DD6D81E41425D2.e.2098","ELEMENT":"f.570B0DC8E68F1A8718BE401DFFF8ABE1.d.24FD140F5B88186B07DD6D81E41425D2.e.2098"}]}
COMMAND: GET /session/33efee992eece904c049854c14a4dda4/screenshot - {}
RESULT: {}
RESULT: {"script":"<script> [5351 bytes]","args":[{"element-6066-11e4-a52e-4f735466cecf":"f.570B0DC8E68F1A8718BE401DFFF8ABE1.d.24FD140F5B88186B07DD6D81E41425D2.e.2098","ELEMENT":"f.570B0DC8E68F1A8718BE401DFFF8ABE1.d.24FD140F5B88186B07DD6D81E41425D2.e.2098"}]}
COMMAND: POST /session/33efee992eece904c049854c14a4dda4/element/f.570B0DC8E68F1A8718BE401DFFF8ABE1.d.24FD140F5B88186B07DD6D81E41425D2.e.2098/click - {}
COMMAND: GET /session/33efee992eece904c049854c14a4dda4/screenshot - {}
RESULT: {}
RESULT: {}
COMMAND: GET /session/33efee992eece904c049854c14a4dda4/screenshot - {}
COMMAND: POST /session/33efee992eece904c049854c14a4dda4/execute/async - {"script":"<script> [1562 bytes]","args":[{"selector":{"id":"application-manageresources-display-component---newResourceUnit--TYPE-arrow"},"wdio_ui5_key":"applicationmanageresources-display-component---newResourceUnit--TYPE-arrow"}]}
RESULT: {}
RESULT: {}
RESULT: {"script":"<script> [1562 bytes]","args":[{"selector":{"id":"application-manageresources-display-component---newResourceUnit--TYPE-arrow"},"wdio_ui5_key":"applicationmanageresources-display-component---newResourceUnit--TYPE-arrow"}]}
RESULT: undefined
COMMAND: POST /session/33efee992eece904c049854c14a4dda4/element - {"using":"xpath","value":"//*[@id=\"application-manageresources-display-component---newResourceUnit--TYPE-arrow\"]"}
RESULT: {"using":"xpath","value":"//*[@id=\"application-manageresources-display-component---newResourceUnit--TYPE-arrow\"]"}
COMMAND: POST /session/33efee992eece904c049854c14a4dda4/element/f.570B0DC8E68F1A8718BE401DFFF8ABE1.d.24FD140F5B88186B07DD6D81E41425D2.e.2455/click - {}
RESULT: {}
COMMAND: POST /session/33efee992eece904c049854c14a4dda4/element - {"using":"xpath","value":"//input[@id=\"application-manageresources-display-component---newResourceUnit--TYPE-inner\"]"}
COMMAND: GET /session/33efee992eece904c049854c14a4dda4/screenshot - {}
RESULT: {"using":"xpath","value":"//input[@id=\"application-manageresources-display-component---newResourceUnit--TYPE-inner\"]"}
COMMAND: POST /session/33efee992eece904c049854c14a4dda4/element/f.570B0DC8E68F1A8718BE401DFFF8ABE1.d.24FD140F5B88186B07DD6D81E41425D2.e.2451/clear - {}
RESULT: {}
RESULT: {}
COMMAND: POST /session/33efee992eece904c049854c14a4dda4/element/f.570B0DC8E68F1A8718BE401DFFF8ABE1.d.24FD140F5B88186B07DD6D81E41425D2.e.2451/value - {"text":"Equipment"}
COMMAND: GET /session/33efee992eece904c049854c14a4dda4/screenshot - {}
RESULT: {"text":"Equipment"}
COMMAND: GET /session/33efee992eece904c049854c14a4dda4/screenshot - {}
RESULT: {}
RESULT: {}
COMMAND: POST /session/33efee992eece904c049854c14a4dda4/actions - {"actions":[{"id":"action11","type":"key","parameters":{},"actions":[{"type":"keyDown","value":""},{"type":"pause","duration":10},{"type":"keyUp","value":""}]}]}
RESULT: {"actions":[{"id":"action11","type":"key","parameters":{},"actions":[{"type":"keyDown","value":""},{"type":"pause","duration":10},{"type":"keyUp","value":""}]}]}
COMMAND: POST /session/33efee992eece904c049854c14a4dda4/execute/async - {"script":"<script> [1562 bytes]","args":[{"selector":{"id":"application-manageresources-display-component---newResourceUnit--resourceId","interaction":{"idSuffix":"inner"}},"wdio_ui5_key":"applicationmanageresources-display-component---newResourceUnit--resourceId"}]}
COMMAND: GET /session/33efee992eece904c049854c14a4dda4/screenshot - {}
RESULT: {"script":"<script> [1562 bytes]","args":[{"selector":{"id":"application-manageresources-display-component---newResourceUnit--resourceId","interaction":{"idSuffix":"inner"}},"wdio_ui5_key":"applicationmanageresources-display-component---newResourceUnit--resourceId"}]}
RESULT: undefined
COMMAND: POST /session/33efee992eece904c049854c14a4dda4/execute/async - {"script":"<script> [776 bytes]","args":[{"enterText":"QBHWL7tfCx","selector":{"id":"application-manageresources-display-component---newResourceUnit--resourceId","interaction":{"idSuffix":"inner"}},"clearTextFirst":true,"interactionType":"ENTER_TEXT"}]}
RESULT: {}
RESULT: {"script":"<script> [776 bytes]","args":[{"enterText":"QBHWL7tfCx","selector":{"id":"application-manageresources-display-component---newResourceUnit--resourceId","interaction":{"idSuffix":"inner"}},"clearTextFirst":true,"interactionType":"ENTER_TEXT"}]}
COMMAND: POST /session/33efee992eece904c049854c14a4dda4/execute/async - {"script":"<script> [1562 bytes]","args":[{"selector":{"id":"application-manageresources-display-component---newResourceUnit--SHORT_TEXT","interaction":{"idSuffix":"inner"}},"wdio_ui5_key":"applicationmanageresources-display-component---newResourceUnit--SHORT_TEXT"}]}
RESULT: {"script":"<script> [1562 bytes]","args":[{"selector":{"id":"application-manageresources-display-component---newResourceUnit--SHORT_TEXT","interaction":{"idSuffix":"inner"}},"wdio_ui5_key":"applicationmanageresources-display-component---newResourceUnit--SHORT_TEXT"}]}
RESULT: undefined
COMMAND: POST /session/33efee992eece904c049854c14a4dda4/execute/async - {"script":"<script> [776 bytes]","args":[{"enterText":"Intercompany Equipment WDIO","selector":{"id":"application-manageresources-display-component---newResourceUnit--SHORT_TEXT","interaction":{"idSuffix":"inner"}},"clearTextFirst":true,"interactionType":"ENTER_TEXT"}]}
RESULT: {"script":"<script> [776 bytes]","args":[{"enterText":"Intercompany Equipment WDIO","selector":{"id":"application-manageresources-display-component---newResourceUnit--SHORT_TEXT","interaction":{"idSuffix":"inner"}},"clearTextFirst":true,"interactionType":"ENTER_TEXT"}]}
COMMAND: POST /session/33efee992eece904c049854c14a4dda4/execute/async - {"script":"<script> [1562 bytes]","args":[{"selector":{"id":"application-manageresources-display-component---newResourceUnit--BASE_UNIT_OF_MEASURE","interaction":{"idSuffix":"inner"}},"wdio_ui5_key":"applicationmanageresources-display-component---newResourceUnit--BASE_UNIT_OF_MEASURE"}]}
RESULT: {"script":"<script> [1562 bytes]","args":[{"selector":{"id":"application-manageresources-display-component---newResourceUnit--BASE_UNIT_OF_MEASURE","interaction":{"idSuffix":"inner"}},"wdio_ui5_key":"applicationmanageresources-display-component---newResourceUnit--BASE_UNIT_OF_MEASURE"}]}
RESULT: undefined
COMMAND: POST /session/33efee992eece904c049854c14a4dda4/execute/async - {"script":"<script> [776 bytes]","args":[{"enterText":"Piece","selector":{"id":"application-manageresources-display-component---newResourceUnit--BASE_UNIT_OF_MEASURE","interaction":{"idSuffix":"inner"}},"clearTextFirst":true,"interactionType":"ENTER_TEXT"}]}
RESULT: {"script":"<script> [776 bytes]","args":[{"enterText":"Piece","selector":{"id":"application-manageresources-display-component---newResourceUnit--BASE_UNIT_OF_MEASURE","interaction":{"idSuffix":"inner"}},"clearTextFirst":true,"interactionType":"ENTER_TEXT"}]}
COMMAND: POST /session/33efee992eece904c049854c14a4dda4/execute/async - {"script":"<script> [1562 bytes]","args":[{"selector":{"id":"application-manageresources-display-component---newResourceUnit--WEIGHT_UNIT","interaction":{"idSuffix":"inner"}},"wdio_ui5_key":"applicationmanageresources-display-component---newResourceUnit--WEIGHT_UNIT"}]}
RESULT: {"script":"<script> [1562 bytes]","args":[{"selector":{"id":"application-manageresources-display-component---newResourceUnit--WEIGHT_UNIT","interaction":{"idSuffix":"inner"}},"wdio_ui5_key":"applicationmanageresources-display-component---newResourceUnit--WEIGHT_UNIT"}]}
RESULT: undefined
COMMAND: POST /session/33efee992eece904c049854c14a4dda4/execute/async - {"script":"<script> [776 bytes]","args":[{"enterText":"Gram","selector":{"id":"application-manageresources-display-component---newResourceUnit--WEIGHT_UNIT","interaction":{"idSuffix":"inner"}},"clearTextFirst":true,"interactionType":"ENTER_TEXT"}]}
RESULT: {"script":"<script> [776 bytes]","args":[{"enterText":"Gram","selector":{"id":"application-manageresources-display-component---newResourceUnit--WEIGHT_UNIT","interaction":{"idSuffix":"inner"}},"clearTextFirst":true,"interactionType":"ENTER_TEXT"}]}
COMMAND: POST /session/33efee992eece904c049854c14a4dda4/execute/async - {"script":"<script> [1562 bytes]","args":[{"selector":{"id":"application-manageresources-display-component---newResourceUnit--DIMENSION_UNIT","interaction":{"idSuffix":"inner"}},"wdio_ui5_key":"applicationmanageresources-display-component---newResourceUnit--DIMENSION_UNIT"}]}
RESULT: {"script":"<script> [1562 bytes]","args":[{"selector":{"id":"application-manageresources-display-component---newResourceUnit--DIMENSION_UNIT","interaction":{"idSuffix":"inner"}},"wdio_ui5_key":"applicationmanageresources-display-component---newResourceUnit--DIMENSION_UNIT"}]}
RESULT: undefined
COMMAND: POST /session/33efee992eece904c049854c14a4dda4/execute/async - {"script":"<script> [776 bytes]","args":[{"enterText":"Meter","selector":{"id":"application-manageresources-display-component---newResourceUnit--DIMENSION_UNIT","interaction":{"idSuffix":"inner"}},"clearTextFirst":true,"interactionType":"ENTER_TEXT"}]}
RESULT: {"script":"<script> [776 bytes]","args":[{"enterText":"Meter","selector":{"id":"application-manageresources-display-component---newResourceUnit--DIMENSION_UNIT","interaction":{"idSuffix":"inner"}},"clearTextFirst":true,"interactionType":"ENTER_TEXT"}]}
COMMAND: POST /session/33efee992eece904c049854c14a4dda4/execute/async - {"script":"<script> [1562 bytes]","args":[{"selector":{"id":"application-manageresources-display-component---newResourceUnit--newRRUPage-anchBar-application-manageresources-display-component---newResourceUnit--control-anchor","interaction":{"idSuffix":"BDI-content"}},"wdio_ui5_key":"applicationmanageresources-display-component---newResourceUnit--newRRUPage-anchBar-application-manageresources-display-component---newResourceUnit--control-anchor"}]}
RESULT: {"script":"<script> [1562 bytes]","args":[{"selector":{"id":"application-manageresources-display-component---newResourceUnit--newRRUPage-anchBar-application-manageresources-display-component---newResourceUnit--control-anchor","interaction":{"idSuffix":"BDI-content"}},"wdio_ui5_key":"applicationmanageresources-display-component---newResourceUnit--newRRUPage-anchBar-application-manageresources-display-component---newResourceUnit--control-anchor"}]}
RESULT: undefined
COMMAND: POST /session/33efee992eece904c049854c14a4dda4/element - {"using":"xpath","value":"//*[@id=\"application-manageresources-display-component---newResourceUnit--newRRUPage-anchBar-application-manageresources-display-component---newResourceUnit--control-anchor\"]"}
RESULT: {"using":"xpath","value":"//*[@id=\"application-manageresources-display-component---newResourceUnit--newRRUPage-anchBar-application-manageresources-display-component---newResourceUnit--control-anchor\"]"}
COMMAND: POST /session/33efee992eece904c049854c14a4dda4/element/f.570B0DC8E68F1A8718BE401DFFF8ABE1.d.24FD140F5B88186B07DD6D81E41425D2.e.2614/click - {}
RESULT: {}
COMMAND: POST /session/33efee992eece904c049854c14a4dda4/execute/async - {"script":"<script> [1562 bytes]","args":[{"selector":{"id":"application-manageresources-display-component---newResourceUnit--PLANNING_GROUP","interaction":{"idSuffix":"inner"}},"wdio_ui5_key":"applicationmanageresources-display-component---newResourceUnit--PLANNING_GROUP"}]}
COMMAND: GET /session/33efee992eece904c049854c14a4dda4/screenshot - {}
RESULT: {"script":"<script> [1562 bytes]","args":[{"selector":{"id":"application-manageresources-display-component---newResourceUnit--PLANNING_GROUP","interaction":{"idSuffix":"inner"}},"wdio_ui5_key":"applicationmanageresources-display-component---newResourceUnit--PLANNING_GROUP"}]}
RESULT: undefined
COMMAND: POST /session/33efee992eece904c049854c14a4dda4/execute/async - {"script":"<script> [776 bytes]","args":[{"enterText":"Heavy Equi","selector":{"id":"application-manageresources-display-component---newResourceUnit--PLANNING_GROUP","interaction":{"idSuffix":"inner"}},"clearTextFirst":true,"interactionType":"ENTER_TEXT"}]}
RESULT: {}
RESULT: {"script":"<script> [776 bytes]","args":[{"enterText":"Heavy Equi","selector":{"id":"application-manageresources-display-component---newResourceUnit--PLANNING_GROUP","interaction":{"idSuffix":"inner"}},"clearTextFirst":true,"interactionType":"ENTER_TEXT"}]}
COMMAND: POST /session/33efee992eece904c049854c14a4dda4/execute/async - {"script":"<script> [1562 bytes]","args":[{"selector":{"id":"application-manageresources-display-component---newResourceUnit--ITEM_TYPE-arrow"},"wdio_ui5_key":"applicationmanageresources-display-component---newResourceUnit--ITEM_TYPE-arrow"}]}
RESULT: {"script":"<script> [1562 bytes]","args":[{"selector":{"id":"application-manageresources-display-component---newResourceUnit--ITEM_TYPE-arrow"},"wdio_ui5_key":"applicationmanageresources-display-component---newResourceUnit--ITEM_TYPE-arrow"}]}
RESULT: undefined
COMMAND: POST /session/33efee992eece904c049854c14a4dda4/element - {"using":"xpath","value":"//*[@id=\"application-manageresources-display-component---newResourceUnit--ITEM_TYPE-arrow\"]"}
RESULT: {"using":"xpath","value":"//*[@id=\"application-manageresources-display-component---newResourceUnit--ITEM_TYPE-arrow\"]"}
COMMAND: POST /session/33efee992eece904c049854c14a4dda4/element/f.570B0DC8E68F1A8718BE401DFFF8ABE1.d.24FD140F5B88186B07DD6D81E41425D2.e.2623/click - {}
RESULT: {}
COMMAND: POST /session/33efee992eece904c049854c14a4dda4/element - {"using":"xpath","value":"(//span[contains(text(), \"Resource Unit\")])[2]"}
COMMAND: GET /session/33efee992eece904c049854c14a4dda4/screenshot - {}
RESULT: {"using":"xpath","value":"(//span[contains(text(), \"Resource Unit\")])[2]"}
COMMAND: POST /session/33efee992eece904c049854c14a4dda4/element/f.570B0DC8E68F1A8718BE401DFFF8ABE1.d.24FD140F5B88186B07DD6D81E41425D2.e.2624/click - {}
RESULT: {}
RESULT: {}
COMMAND: GET /session/33efee992eece904c049854c14a4dda4/screenshot - {}
RESULT: {}
COMMAND: POST /session/33efee992eece904c049854c14a4dda4/element - {"using":"css selector","value":"#application-manageresources-display-component---newResourceUnit--btnAddTimeSegment"}
RESULT: {"using":"css selector","value":"#application-manageresources-display-component---newResourceUnit--btnAddTimeSegment"}
COMMAND: GET /session/33efee992eece904c049854c14a4dda4/element/f.570B0DC8E68F1A8718BE401DFFF8ABE1.d.24FD140F5B88186B07DD6D81E41425D2.e.2631/rect - {}
RESULT: {}
COMMAND: GET /session/33efee992eece904c049854c14a4dda4/window/rect - {}
RESULT: {}
COMMAND: POST /session/33efee992eece904c049854c14a4dda4/execute/sync - {"script":"<script> [92 bytes]","args":[]}
RESULT: {"script":"<script> [92 bytes]","args":[]}
COMMAND: POST /session/33efee992eece904c049854c14a4dda4/actions - {"actions":[{"id":"action12","type":"wheel","parameters":{},"actions":[{"type":"scroll","x":-1888,"y":-32,"deltaX":0,"deltaY":0,"duration":0,"origin":{"element-6066-11e4-a52e-4f735466cecf":"f.570B0DC8E68F1A8718BE401DFFF8ABE1.d.24FD140F5B88186B07DD6D81E41425D2.e.2631"}}]}]}
COMMAND: GET /session/33efee992eece904c049854c14a4dda4/screenshot - {}
RESULT: {}
COMMAND: POST /session/33efee992eece904c049854c14a4dda4/execute/sync - {"script":"<script> [79 bytes]","args":[{"element-6066-11e4-a52e-4f735466cecf":"f.570B0DC8E68F1A8718BE401DFFF8ABE1.d.24FD140F5B88186B07DD6D81E41425D2.e.2631","ELEMENT":"f.570B0DC8E68F1A8718BE401DFFF8ABE1.d.24FD140F5B88186B07DD6D81E41425D2.e.2631"},{"block":"start","inline":"nearest"}]}
RESULT: {"script":"<script> [79 bytes]","args":[{"element-6066-11e4-a52e-4f735466cecf":"f.570B0DC8E68F1A8718BE401DFFF8ABE1.d.24FD140F5B88186B07DD6D81E41425D2.e.2631","ELEMENT":"f.570B0DC8E68F1A8718BE401DFFF8ABE1.d.24FD140F5B88186B07DD6D81E41425D2.e.2631"},{"block":"start","inline":"nearest"}]}
COMMAND: POST /session/33efee992eece904c049854c14a4dda4/execute/async - {"script":"<script> [1562 bytes]","args":[{"selector":{"id":"application-manageresources-display-component---newResourceUnit--btnAddTimeSegment","interaction":{"idSuffix":"inner"}},"wdio_ui5_key":"applicationmanageresources-display-component---newResourceUnit--btnAddTimeSegment"}]}
COMMAND: GET /session/33efee992eece904c049854c14a4dda4/screenshot - {}
RESULT: {"script":"<script> [1562 bytes]","args":[{"selector":{"id":"application-manageresources-display-component---newResourceUnit--btnAddTimeSegment","interaction":{"idSuffix":"inner"}},"wdio_ui5_key":"applicationmanageresources-display-component---newResourceUnit--btnAddTimeSegment"}]}
RESULT: undefined
COMMAND: POST /session/33efee992eece904c049854c14a4dda4/element - {"using":"xpath","value":"//*[@id=\"application-manageresources-display-component---newResourceUnit--btnAddTimeSegment\"]"}
RESULT: {}
RESULT: {"using":"xpath","value":"//*[@id=\"application-manageresources-display-component---newResourceUnit--btnAddTimeSegment\"]"}
COMMAND: POST /session/33efee992eece904c049854c14a4dda4/element/f.570B0DC8E68F1A8718BE401DFFF8ABE1.d.24FD140F5B88186B07DD6D81E41425D2.e.2631/click - {}
RESULT: {}
COMMAND: GET /session/33efee992eece904c049854c14a4dda4/screenshot - {}
RESULT: {}
COMMAND: POST /session/33efee992eece904c049854c14a4dda4/element - {"using":"xpath","value":"//input[@id=\"application-manageresources-display-component---newResourceUnit--idRuTSAdmin-application-manageresources-display-component---newResourceUnit--RUTimeSegment-0-inner\"]"}
RESULT: {"using":"xpath","value":"//input[@id=\"application-manageresources-display-component---newResourceUnit--idRuTSAdmin-application-manageresources-display-component---newResourceUnit--RUTimeSegment-0-inner\"]"}
COMMAND: POST /session/33efee992eece904c049854c14a4dda4/element/f.570B0DC8E68F1A8718BE401DFFF8ABE1.d.24FD140F5B88186B07DD6D81E41425D2.e.2637/clear - {}
RESULT: {}
COMMAND: POST /session/33efee992eece904c049854c14a4dda4/element/f.570B0DC8E68F1A8718BE401DFFF8ABE1.d.24FD140F5B88186B07DD6D81E41425D2.e.2637/value - {"text":"109"}
COMMAND: GET /session/33efee992eece904c049854c14a4dda4/screenshot - {}
RESULT: {"text":"109"}
COMMAND: GET /session/33efee992eece904c049854c14a4dda4/screenshot - {}
RESULT: {}
RESULT: {}
COMMAND: POST /session/33efee992eece904c049854c14a4dda4/element - {"using":"xpath","value":"//li[.//span[text()='109']]"}
RESULT: {"using":"xpath","value":"//li[.//span[text()='109']]"}
COMMAND: POST /session/33efee992eece904c049854c14a4dda4/element/f.570B0DC8E68F1A8718BE401DFFF8ABE1.d.24FD140F5B88186B07DD6D81E41425D2.e.2652/click - {}
RESULT: {}
COMMAND: GET /session/33efee992eece904c049854c14a4dda4/screenshot - {}
RESULT: {}
COMMAND: POST /session/33efee992eece904c049854c14a4dda4/element - {"using":"xpath","value":"(//span[contains(@id, \"-application-manageresources-display-component---newResourceUnit--RUTimeSegment-0-arrow\")])[6]"}
RESULT: {"using":"xpath","value":"(//span[contains(@id, \"-application-manageresources-display-component---newResourceUnit--RUTimeSegment-0-arrow\")])[6]"}
COMMAND: POST /session/33efee992eece904c049854c14a4dda4/element/f.570B0DC8E68F1A8718BE401DFFF8ABE1.d.24FD140F5B88186B07DD6D81E41425D2.e.2653/click - {}
RESULT: {}
COMMAND: GET /session/33efee992eece904c049854c14a4dda4/screenshot - {}
RESULT: {}
COMMAND: POST /session/33efee992eece904c049854c14a4dda4/element - {"using":"xpath","value":"//span[contains(text(), \"PM Order\")]"}
RESULT: {"using":"xpath","value":"//span[contains(text(), \"PM Order\")]"}
COMMAND: POST /session/33efee992eece904c049854c14a4dda4/element/f.570B0DC8E68F1A8718BE401DFFF8ABE1.d.24FD140F5B88186B07DD6D81E41425D2.e.2656/click - {}
RESULT: {}
COMMAND: GET /session/33efee992eece904c049854c14a4dda4/screenshot - {}
RESULT: {}
COMMAND: POST /session/33efee992eece904c049854c14a4dda4/element - {"using":"xpath","value":"(//span[contains(@id ,\"manageresources-display-component---newResourceUnit--RUTimeSegment-0-vhi\")])[1]"}
RESULT: {"using":"xpath","value":"(//span[contains(@id ,\"manageresources-display-component---newResourceUnit--RUTimeSegment-0-vhi\")])[1]"}
COMMAND: GET /session/33efee992eece904c049854c14a4dda4/element/f.570B0DC8E68F1A8718BE401DFFF8ABE1.d.24FD140F5B88186B07DD6D81E41425D2.e.2660/rect - {}
RESULT: {}
COMMAND: GET /session/33efee992eece904c049854c14a4dda4/window/rect - {}
RESULT: {}
COMMAND: POST /session/33efee992eece904c049854c14a4dda4/execute/sync - {"script":"<script> [92 bytes]","args":[]}
RESULT: {"script":"<script> [92 bytes]","args":[]}
COMMAND: POST /session/33efee992eece904c049854c14a4dda4/actions - {"actions":[{"id":"action13","type":"wheel","parameters":{},"actions":[{"type":"scroll","x":-869,"y":-24,"deltaX":0,"deltaY":0,"duration":0,"origin":{"element-6066-11e4-a52e-4f735466cecf":"f.570B0DC8E68F1A8718BE401DFFF8ABE1.d.24FD140F5B88186B07DD6D81E41425D2.e.2660"}}]}]}
COMMAND: GET /session/33efee992eece904c049854c14a4dda4/screenshot - {}
RESULT: {"actions":[{"id":"action13","type":"wheel","parameters":{},"actions":[{"type":"scroll","x":-869,"y":-24,"deltaX":0,"deltaY":0,"duration":0,"origin":{"element-6066-11e4-a52e-4f735466cecf":"f.570B0DC8E68F1A8718BE401DFFF8ABE1.d.24FD140F5B88186B07DD6D81E41425D2.e.2660"}}]}]}
COMMAND: DELETE /session/33efee992eece904c049854c14a4dda4/actions - {}
COMMAND: GET /session/33efee992eece904c049854c14a4dda4/screenshot - {}
RESULT: {}
RESULT: {}
COMMAND: GET /session/33efee992eece904c049854c14a4dda4/screenshot - {}
RESULT: {}
RESULT: {}
COMMAND: POST /session/33efee992eece904c049854c14a4dda4/element/f.570B0DC8E68F1A8718BE401DFFF8ABE1.d.24FD140F5B88186B07DD6D81E41425D2.e.2660/click - {}
RESULT: {}
COMMAND: GET /session/33efee992eece904c049854c14a4dda4/screenshot - {}
RESULT: {}
COMMAND: POST /session/33efee992eece904c049854c14a4dda4/execute/async - {"script":"<script> [1562 bytes]","args":[{"selector":{"controlType":"sap.m.SearchField","properties":{"placeholder":"Search"},"searchOpenDialogs":true,"interaction":{"idSuffix":"I"}},"wdio_ui5_key":"sapm.SearchField{\"placeholder\":\"Search\"}"}]}
RESULT: {"script":"<script> [1562 bytes]","args":[{"selector":{"controlType":"sap.m.SearchField","properties":{"placeholder":"Search"},"searchOpenDialogs":true,"interaction":{"idSuffix":"I"}},"wdio_ui5_key":"sapm.SearchField{\"placeholder\":\"Search\"}"}]}
RESULT: undefined
COMMAND: POST /session/33efee992eece904c049854c14a4dda4/execute/async - {"script":"<script> [776 bytes]","args":[{"enterText":"4000360","selector":{"controlType":"sap.m.SearchField","properties":{"placeholder":"Search"},"searchOpenDialogs":true,"interaction":{"idSuffix":"I"}},"clearTextFirst":true,"interactionType":"ENTER_TEXT"}]}
RESULT: {"script":"<script> [776 bytes]","args":[{"enterText":"4000360","selector":{"controlType":"sap.m.SearchField","properties":{"placeholder":"Search"},"searchOpenDialogs":true,"interaction":{"idSuffix":"I"}},"clearTextFirst":true,"interactionType":"ENTER_TEXT"}]}
COMMAND: POST /session/33efee992eece904c049854c14a4dda4/actions - {"actions":[{"id":"action14","type":"key","parameters":{},"actions":[{"type":"keyDown","value":""},{"type":"pause","duration":10},{"type":"keyUp","value":""}]}]}
RESULT: {"actions":[{"id":"action14","type":"key","parameters":{},"actions":[{"type":"keyDown","value":""},{"type":"pause","duration":10},{"type":"keyUp","value":""}]}]}
COMMAND: GET /session/33efee992eece904c049854c14a4dda4/screenshot - {}
RESULT: {}
COMMAND: POST /session/33efee992eece904c049854c14a4dda4/element - {"using":"xpath","value":"//td/div/span[contains(text(), \"BGL Vehicles\")]"}
RESULT: {"using":"xpath","value":"//td/div/span[contains(text(), \"BGL Vehicles\")]"}
COMMAND: POST /session/33efee992eece904c049854c14a4dda4/element/f.570B0DC8E68F1A8718BE401DFFF8ABE1.d.24FD140F5B88186B07DD6D81E41425D2.e.2682/click - {}
RESULT: {}
COMMAND: GET /session/33efee992eece904c049854c14a4dda4/screenshot - {}
RESULT: {}
COMMAND: POST /session/33efee992eece904c049854c14a4dda4/element - {"using":"xpath","value":"//bdi[contains(text(), \"OK\")]"}
RESULT: {"using":"xpath","value":"//bdi[contains(text(), \"OK\")]"}
COMMAND: POST /session/33efee992eece904c049854c14a4dda4/element/f.570B0DC8E68F1A8718BE401DFFF8ABE1.d.24FD140F5B88186B07DD6D81E41425D2.e.2683/click - {}
RESULT: {}
COMMAND: GET /session/33efee992eece904c049854c14a4dda4/screenshot - {}
RESULT: {}
COMMAND: POST /session/33efee992eece904c049854c14a4dda4/execute/async - {"script":"<script> [1562 bytes]","args":[{"selector":{"id":"application-manageresources-display-component---newResourceUnit--newRRUPage-anchBar-application-manageresources-display-component---newResourceUnit--resource-anchor","interaction":{"idSuffix":"BDI-content"}},"wdio_ui5_key":"applicationmanageresources-display-component---newResourceUnit--newRRUPage-anchBar-application-manageresources-display-component---newResourceUnit--resource-anchor"}]}
RESULT: {"script":"<script> [1562 bytes]","args":[{"selector":{"id":"application-manageresources-display-component---newResourceUnit--newRRUPage-anchBar-application-manageresources-display-component---newResourceUnit--resource-anchor","interaction":{"idSuffix":"BDI-content"}},"wdio_ui5_key":"applicationmanageresources-display-component---newResourceUnit--newRRUPage-anchBar-application-manageresources-display-component---newResourceUnit--resource-anchor"}]}
RESULT: undefined
COMMAND: POST /session/33efee992eece904c049854c14a4dda4/element - {"using":"xpath","value":"//*[@id=\"application-manageresources-display-component---newResourceUnit--newRRUPage-anchBar-application-manageresources-display-component---newResourceUnit--resource-anchor\"]"}
RESULT: {"using":"xpath","value":"//*[@id=\"application-manageresources-display-component---newResourceUnit--newRRUPage-anchBar-application-manageresources-display-component---newResourceUnit--resource-anchor\"]"}
COMMAND: POST /session/33efee992eece904c049854c14a4dda4/element/f.570B0DC8E68F1A8718BE401DFFF8ABE1.d.24FD140F5B88186B07DD6D81E41425D2.e.2687/click - {}
RESULT: {}
COMMAND: POST /session/33efee992eece904c049854c14a4dda4/execute/async - {"script":"<script> [1562 bytes]","args":[{"selector":{"id":"application-manageresources-display-component---newResourceUnit--PLANNED_DELIVERY_DATE","interaction":{"idSuffix":"inner"}},"wdio_ui5_key":"applicationmanageresources-display-component---newResourceUnit--PLANNED_DELIVERY_DATE"}]}
COMMAND: GET /session/33efee992eece904c049854c14a4dda4/screenshot - {}
RESULT: {"script":"<script> [1562 bytes]","args":[{"selector":{"id":"application-manageresources-display-component---newResourceUnit--PLANNED_DELIVERY_DATE","interaction":{"idSuffix":"inner"}},"wdio_ui5_key":"applicationmanageresources-display-component---newResourceUnit--PLANNED_DELIVERY_DATE"}]}
RESULT: undefined
COMMAND: POST /session/33efee992eece904c049854c14a4dda4/execute/async - {"script":"<script> [6424 bytes]","args":[{"element-6066-11e4-a52e-4f735466cecf":"f.570B0DC8E68F1A8718BE401DFFF8ABE1.d.24FD140F5B88186B07DD6D81E41425D2.e.2513"},"setValue",["5/27/25"]]}
RESULT: {}
RESULT: {"script":"<script> [6424 bytes]","args":[{"element-6066-11e4-a52e-4f735466cecf":"f.570B0DC8E68F1A8718BE401DFFF8ABE1.d.24FD140F5B88186B07DD6D81E41425D2.e.2513"},"setValue",["5/27/25"]]}
COMMAND: POST /session/33efee992eece904c049854c14a4dda4/element - {"using":"xpath","value":"//label[contains(@class, 'sapMLabelRequired') and .//bdi[contains(text(), 'Planned Retirement')]]"}
RESULT: {"using":"xpath","value":"//label[contains(@class, 'sapMLabelRequired') and .//bdi[contains(text(), 'Planned Retirement')]]"}
COMMAND: POST /session/33efee992eece904c049854c14a4dda4/elements - {"using":"xpath","value":"//label[contains(@class, 'sapMLabelRequired') and .//bdi[contains(text(), 'Planned Retirement')]]"}
RESULT: {"using":"xpath","value":"//label[contains(@class, 'sapMLabelRequired') and .//bdi[contains(text(), 'Planned Retirement')]]"}
COMMAND: POST /session/33efee992eece904c049854c14a4dda4/element - {"using":"xpath","value":"//button[@data-kt=\"resourceUnitSaveButton\"]"}
RESULT: {"using":"xpath","value":"//button[@data-kt=\"resourceUnitSaveButton\"]"}
COMMAND: POST /session/33efee992eece904c049854c14a4dda4/element/f.570B0DC8E68F1A8718BE401DFFF8ABE1.d.24FD140F5B88186B07DD6D81E41425D2.e.2472/click - {}
RESULT: {}
COMMAND: GET /session/33efee992eece904c049854c14a4dda4/screenshot - {}
RESULT: {}
COMMAND: POST /session/33efee992eece904c049854c14a4dda4/element - {"using":"xpath","value":"//bdi[contains(text(), \"Close\")]"}
RESULT: {"using":"xpath","value":"//bdi[contains(text(), \"Close\")]"}
COMMAND: POST /session/33efee992eece904c049854c14a4dda4/element/f.570B0DC8E68F1A8718BE401DFFF8ABE1.d.24FD140F5B88186B07DD6D81E41425D2.e.2696/click - {}
RESULT: {}
COMMAND: GET /session/33efee992eece904c049854c14a4dda4/screenshot - {}
COMMAND: POST /session/33efee992eece904c049854c14a4dda4/element - {"using":"xpath","value":"(//button[contains(@id ,\"actionsToolbar-overflowButton\")])[1]"}
RESULT: {}
RESULT: {"using":"xpath","value":"(//button[contains(@id ,\"actionsToolbar-overflowButton\")])[1]"}
COMMAND: POST /session/33efee992eece904c049854c14a4dda4/element/f.570B0DC8E68F1A8718BE401DFFF8ABE1.d.24FD140F5B88186B07DD6D81E41425D2.e.2732/click - {}
RESULT: {}
COMMAND: GET /session/33efee992eece904c049854c14a4dda4/screenshot - {}
RESULT: {}
COMMAND: POST /session/33efee992eece904c049854c14a4dda4/element - {"using":"xpath","value":"//button[@data-kt=\"priceInfoButton\"]"}
RESULT: {"using":"xpath","value":"//button[@data-kt=\"priceInfoButton\"]"}
COMMAND: POST /session/33efee992eece904c049854c14a4dda4/element/f.570B0DC8E68F1A8718BE401DFFF8ABE1.d.24FD140F5B88186B07DD6D81E41425D2.e.2734/click - {}
RESULT: {}
COMMAND: GET /session/33efee992eece904c049854c14a4dda4/screenshot - {}
RESULT: {}
COMMAND: POST /session/33efee992eece904c049854c14a4dda4/element - {"using":"css selector","value":"#shell-header-logo"}
RESULT: {"using":"css selector","value":"#shell-header-logo"}
COMMAND: POST /session/33efee992eece904c049854c14a4dda4/element/f.570B0DC8E68F1A8718BE401DFFF8ABE1.d.24FD140F5B88186B07DD6D81E41425D2.e.2070/click - {}
RESULT: {}
COMMAND: GET /session/33efee992eece904c049854c14a4dda4/screenshot - {}
RESULT: {}
]]></system-out>
    </testcase>
    <testcase classname="chrome.136_0_7103_93.windows.RU_Inventory_Mass_State_Change_Multiple_Items_US151066" name="Prerequisite Step 2 Should create a new material" time="121.844">
      <system-out><![CDATA[
RESULT: undefined
COMMAND: POST /session/33efee992eece904c049854c14a4dda4/element - {"using":"xpath","value":"//*[@id=\"__tile39\"]"}
RESULT: {"using":"xpath","value":"//*[@id=\"__tile39\"]"}
COMMAND: POST /session/33efee992eece904c049854c14a4dda4/element/f.570B0DC8E68F1A8718BE401DFFF8ABE1.d.24FD140F5B88186B07DD6D81E41425D2.e.152/click - {}
RESULT: {}
COMMAND: GET /session/33efee992eece904c049854c14a4dda4/screenshot - {}
RESULT: {}
COMMAND: POST /session/33efee992eece904c049854c14a4dda4/elements - {"using":"xpath","value":"//span[text()='Error']"}
RESULT: {"using":"xpath","value":"//span[text()='Error']"}
COMMAND: POST /session/33efee992eece904c049854c14a4dda4/element - {"using":"xpath","value":"//button[@data-kt=\"addNewRUOverflowToolbarButton\"]"}
RESULT: {"using":"xpath","value":"//button[@data-kt=\"addNewRUOverflowToolbarButton\"]"}
COMMAND: POST /session/33efee992eece904c049854c14a4dda4/elements - {"using":"xpath","value":"//button[@data-kt=\"addNewRUOverflowToolbarButton\"]"}
RESULT: {"using":"xpath","value":"//button[@data-kt=\"addNewRUOverflowToolbarButton\"]"}
COMMAND: POST /session/33efee992eece904c049854c14a4dda4/execute/sync - {"script":"<script> [8489 bytes]","args":[{"element-6066-11e4-a52e-4f735466cecf":"f.570B0DC8E68F1A8718BE401DFFF8ABE1.d.24FD140F5B88186B07DD6D81E41425D2.e.2777","ELEMENT":"f.570B0DC8E68F1A8718BE401DFFF8ABE1.d.24FD140F5B88186B07DD6D81E41425D2.e.2777"}]}
RESULT: {"script":"<script> [8489 bytes]","args":[{"element-6066-11e4-a52e-4f735466cecf":"f.570B0DC8E68F1A8718BE401DFFF8ABE1.d.24FD140F5B88186B07DD6D81E41425D2.e.2777","ELEMENT":"f.570B0DC8E68F1A8718BE401DFFF8ABE1.d.24FD140F5B88186B07DD6D81E41425D2.e.2777"}]}
COMMAND: GET /session/33efee992eece904c049854c14a4dda4/element/f.570B0DC8E68F1A8718BE401DFFF8ABE1.d.24FD140F5B88186B07DD6D81E41425D2.e.2777/enabled - {}
COMMAND: GET /session/33efee992eece904c049854c14a4dda4/screenshot - {}
RESULT: {}
COMMAND: POST /session/33efee992eece904c049854c14a4dda4/execute/sync - {"script":"<script> [8489 bytes]","args":[{"element-6066-11e4-a52e-4f735466cecf":"f.570B0DC8E68F1A8718BE401DFFF8ABE1.d.24FD140F5B88186B07DD6D81E41425D2.e.2777","ELEMENT":"f.570B0DC8E68F1A8718BE401DFFF8ABE1.d.24FD140F5B88186B07DD6D81E41425D2.e.2777"}]}
COMMAND: GET /session/33efee992eece904c049854c14a4dda4/screenshot - {}
RESULT: {}
RESULT: {"script":"<script> [8489 bytes]","args":[{"element-6066-11e4-a52e-4f735466cecf":"f.570B0DC8E68F1A8718BE401DFFF8ABE1.d.24FD140F5B88186B07DD6D81E41425D2.e.2777","ELEMENT":"f.570B0DC8E68F1A8718BE401DFFF8ABE1.d.24FD140F5B88186B07DD6D81E41425D2.e.2777"}]}
COMMAND: POST /session/33efee992eece904c049854c14a4dda4/execute/sync - {"script":"<script> [5351 bytes]","args":[{"element-6066-11e4-a52e-4f735466cecf":"f.570B0DC8E68F1A8718BE401DFFF8ABE1.d.24FD140F5B88186B07DD6D81E41425D2.e.2777","ELEMENT":"f.570B0DC8E68F1A8718BE401DFFF8ABE1.d.24FD140F5B88186B07DD6D81E41425D2.e.2777"}]}
COMMAND: GET /session/33efee992eece904c049854c14a4dda4/screenshot - {}
RESULT: {}
RESULT: {"script":"<script> [5351 bytes]","args":[{"element-6066-11e4-a52e-4f735466cecf":"f.570B0DC8E68F1A8718BE401DFFF8ABE1.d.24FD140F5B88186B07DD6D81E41425D2.e.2777","ELEMENT":"f.570B0DC8E68F1A8718BE401DFFF8ABE1.d.24FD140F5B88186B07DD6D81E41425D2.e.2777"}]}
COMMAND: POST /session/33efee992eece904c049854c14a4dda4/element/f.570B0DC8E68F1A8718BE401DFFF8ABE1.d.24FD140F5B88186B07DD6D81E41425D2.e.2777/click - {}
COMMAND: GET /session/33efee992eece904c049854c14a4dda4/screenshot - {}
RESULT: {}
RESULT: {}
COMMAND: GET /session/33efee992eece904c049854c14a4dda4/screenshot - {}
RESULT: undefined
COMMAND: POST /session/33efee992eece904c049854c14a4dda4/element - {"using":"xpath","value":"//*[@id=\"application-manageresources-display-component---newResourceUnit--TYPE-arrow\"]"}
RESULT: {}
RESULT: {}
RESULT: {"using":"xpath","value":"//*[@id=\"application-manageresources-display-component---newResourceUnit--TYPE-arrow\"]"}
COMMAND: POST /session/33efee992eece904c049854c14a4dda4/element/f.570B0DC8E68F1A8718BE401DFFF8ABE1.d.24FD140F5B88186B07DD6D81E41425D2.e.3119/click - {}
RESULT: {}
COMMAND: POST /session/33efee992eece904c049854c14a4dda4/element - {"using":"xpath","value":"//input[@id=\"application-manageresources-display-component---newResourceUnit--TYPE-inner\"]"}
COMMAND: GET /session/33efee992eece904c049854c14a4dda4/screenshot - {}
RESULT: {"using":"xpath","value":"//input[@id=\"application-manageresources-display-component---newResourceUnit--TYPE-inner\"]"}
COMMAND: POST /session/33efee992eece904c049854c14a4dda4/element/f.570B0DC8E68F1A8718BE401DFFF8ABE1.d.24FD140F5B88186B07DD6D81E41425D2.e.3116/clear - {}
RESULT: {}
RESULT: {}
COMMAND: POST /session/33efee992eece904c049854c14a4dda4/element/f.570B0DC8E68F1A8718BE401DFFF8ABE1.d.24FD140F5B88186B07DD6D81E41425D2.e.3116/value - {"text":"Material"}
COMMAND: GET /session/33efee992eece904c049854c14a4dda4/screenshot - {}
RESULT: {"text":"Material"}
COMMAND: GET /session/33efee992eece904c049854c14a4dda4/screenshot - {}
RESULT: {}
RESULT: {}
COMMAND: POST /session/33efee992eece904c049854c14a4dda4/actions - {"actions":[{"id":"action15","type":"key","parameters":{},"actions":[{"type":"keyDown","value":""},{"type":"pause","duration":10},{"type":"keyUp","value":""}]}]}
RESULT: {"actions":[{"id":"action15","type":"key","parameters":{},"actions":[{"type":"keyDown","value":""},{"type":"pause","duration":10},{"type":"keyUp","value":""}]}]}
RESULT: undefined
COMMAND: POST /session/33efee992eece904c049854c14a4dda4/execute/async - {"script":"<script> [776 bytes]","args":[{"enterText":"Cement WDIO","selector":{"id":"application-manageresources-display-component---newResourceUnit--SHORT_TEXT","interaction":{"idSuffix":"inner"}},"clearTextFirst":true,"interactionType":"ENTER_TEXT"}]}
COMMAND: GET /session/33efee992eece904c049854c14a4dda4/screenshot - {}
RESULT: {"script":"<script> [776 bytes]","args":[{"enterText":"Cement WDIO","selector":{"id":"application-manageresources-display-component---newResourceUnit--SHORT_TEXT","interaction":{"idSuffix":"inner"}},"clearTextFirst":true,"interactionType":"ENTER_TEXT"}]}
RESULT: undefined
COMMAND: POST /session/33efee992eece904c049854c14a4dda4/execute/async - {"script":"<script> [776 bytes]","args":[{"enterText":"Piece","selector":{"id":"application-manageresources-display-component---newResourceUnit--BASE_UNIT_OF_MEASURE","interaction":{"idSuffix":"inner"}},"clearTextFirst":true,"interactionType":"ENTER_TEXT"}]}
RESULT: {}
RESULT: {"script":"<script> [776 bytes]","args":[{"enterText":"Piece","selector":{"id":"application-manageresources-display-component---newResourceUnit--BASE_UNIT_OF_MEASURE","interaction":{"idSuffix":"inner"}},"clearTextFirst":true,"interactionType":"ENTER_TEXT"}]}
RESULT: undefined
COMMAND: POST /session/33efee992eece904c049854c14a4dda4/execute/async - {"script":"<script> [776 bytes]","args":[{"enterText":"Gram","selector":{"id":"application-manageresources-display-component---newResourceUnit--WEIGHT_UNIT","interaction":{"idSuffix":"inner"}},"clearTextFirst":true,"interactionType":"ENTER_TEXT"}]}
RESULT: {"script":"<script> [776 bytes]","args":[{"enterText":"Gram","selector":{"id":"application-manageresources-display-component---newResourceUnit--WEIGHT_UNIT","interaction":{"idSuffix":"inner"}},"clearTextFirst":true,"interactionType":"ENTER_TEXT"}]}
RESULT: undefined
COMMAND: POST /session/33efee992eece904c049854c14a4dda4/execute/async - {"script":"<script> [776 bytes]","args":[{"enterText":"Meter","selector":{"id":"application-manageresources-display-component---newResourceUnit--DIMENSION_UNIT","interaction":{"idSuffix":"inner"}},"clearTextFirst":true,"interactionType":"ENTER_TEXT"}]}
RESULT: {"script":"<script> [776 bytes]","args":[{"enterText":"Meter","selector":{"id":"application-manageresources-display-component---newResourceUnit--DIMENSION_UNIT","interaction":{"idSuffix":"inner"}},"clearTextFirst":true,"interactionType":"ENTER_TEXT"}]}
RESULT: undefined
COMMAND: POST /session/33efee992eece904c049854c14a4dda4/element - {"using":"xpath","value":"//*[@id=\"application-manageresources-display-component---newResourceUnit--newRRUPage-anchBar-application-manageresources-display-component---newResourceUnit--control-anchor\"]"}
RESULT: {"using":"xpath","value":"//*[@id=\"application-manageresources-display-component---newResourceUnit--newRRUPage-anchBar-application-manageresources-display-component---newResourceUnit--control-anchor\"]"}
COMMAND: POST /session/33efee992eece904c049854c14a4dda4/element/f.570B0DC8E68F1A8718BE401DFFF8ABE1.d.24FD140F5B88186B07DD6D81E41425D2.e.3248/click - {}
RESULT: {}
RESULT: undefined
COMMAND: POST /session/33efee992eece904c049854c14a4dda4/execute/async - {"script":"<script> [776 bytes]","args":[{"enterText":"Material","selector":{"id":"application-manageresources-display-component---newResourceUnit--PLANNING_GROUP","interaction":{"idSuffix":"inner"}},"clearTextFirst":true,"interactionType":"ENTER_TEXT"}]}
COMMAND: GET /session/33efee992eece904c049854c14a4dda4/screenshot - {}
RESULT: {"script":"<script> [776 bytes]","args":[{"enterText":"Material","selector":{"id":"application-manageresources-display-component---newResourceUnit--PLANNING_GROUP","interaction":{"idSuffix":"inner"}},"clearTextFirst":true,"interactionType":"ENTER_TEXT"}]}
RESULT: {}
COMMAND: POST /session/33efee992eece904c049854c14a4dda4/execute/async - {"script":"<script> [1562 bytes]","args":[{"selector":{"id":"application-manageresources-display-component---newResourceUnit--PLANNING_INDICATOR","interaction":{"idSuffix":"inner"}},"wdio_ui5_key":"applicationmanageresources-display-component---newResourceUnit--PLANNING_INDICATOR"}]}
RESULT: {"script":"<script> [1562 bytes]","args":[{"selector":{"id":"application-manageresources-display-component---newResourceUnit--PLANNING_INDICATOR","interaction":{"idSuffix":"inner"}},"wdio_ui5_key":"applicationmanageresources-display-component---newResourceUnit--PLANNING_INDICATOR"}]}
RESULT: undefined
COMMAND: POST /session/33efee992eece904c049854c14a4dda4/execute/async - {"script":"<script> [776 bytes]","args":[{"enterText":"10 - infinite","selector":{"id":"application-manageresources-display-component---newResourceUnit--PLANNING_INDICATOR","interaction":{"idSuffix":"inner"}},"clearTextFirst":true,"interactionType":"ENTER_TEXT"}]}
RESULT: {"script":"<script> [776 bytes]","args":[{"enterText":"10 - infinite","selector":{"id":"application-manageresources-display-component---newResourceUnit--PLANNING_INDICATOR","interaction":{"idSuffix":"inner"}},"clearTextFirst":true,"interactionType":"ENTER_TEXT"}]}
COMMAND: POST /session/33efee992eece904c049854c14a4dda4/element - {"using":"css selector","value":"#application-manageresources-display-component---newResourceUnit--btnAddTimeSegment"}
RESULT: {"using":"css selector","value":"#application-manageresources-display-component---newResourceUnit--btnAddTimeSegment"}
COMMAND: GET /session/33efee992eece904c049854c14a4dda4/element/f.570B0DC8E68F1A8718BE401DFFF8ABE1.d.24FD140F5B88186B07DD6D81E41425D2.e.3255/rect - {}
RESULT: {}
COMMAND: GET /session/33efee992eece904c049854c14a4dda4/window/rect - {}
RESULT: {}
COMMAND: POST /session/33efee992eece904c049854c14a4dda4/execute/sync - {"script":"<script> [92 bytes]","args":[]}
RESULT: {"script":"<script> [92 bytes]","args":[]}
COMMAND: POST /session/33efee992eece904c049854c14a4dda4/actions - {"actions":[{"id":"action16","type":"wheel","parameters":{},"actions":[{"type":"scroll","x":-1888,"y":-32,"deltaX":0,"deltaY":0,"duration":0,"origin":{"element-6066-11e4-a52e-4f735466cecf":"f.570B0DC8E68F1A8718BE401DFFF8ABE1.d.24FD140F5B88186B07DD6D81E41425D2.e.3255"}}]}]}
COMMAND: GET /session/33efee992eece904c049854c14a4dda4/screenshot - {}
RESULT: {}
COMMAND: POST /session/33efee992eece904c049854c14a4dda4/execute/sync - {"script":"<script> [79 bytes]","args":[{"element-6066-11e4-a52e-4f735466cecf":"f.570B0DC8E68F1A8718BE401DFFF8ABE1.d.24FD140F5B88186B07DD6D81E41425D2.e.3255","ELEMENT":"f.570B0DC8E68F1A8718BE401DFFF8ABE1.d.24FD140F5B88186B07DD6D81E41425D2.e.3255"},{"block":"start","inline":"nearest"}]}
RESULT: {"script":"<script> [79 bytes]","args":[{"element-6066-11e4-a52e-4f735466cecf":"f.570B0DC8E68F1A8718BE401DFFF8ABE1.d.24FD140F5B88186B07DD6D81E41425D2.e.3255","ELEMENT":"f.570B0DC8E68F1A8718BE401DFFF8ABE1.d.24FD140F5B88186B07DD6D81E41425D2.e.3255"},{"block":"start","inline":"nearest"}]}
RESULT: undefined
COMMAND: POST /session/33efee992eece904c049854c14a4dda4/element - {"using":"xpath","value":"//*[@id=\"application-manageresources-display-component---newResourceUnit--btnAddTimeSegment\"]"}
COMMAND: GET /session/33efee992eece904c049854c14a4dda4/screenshot - {}
RESULT: {"using":"xpath","value":"//*[@id=\"application-manageresources-display-component---newResourceUnit--btnAddTimeSegment\"]"}
COMMAND: POST /session/33efee992eece904c049854c14a4dda4/element/f.570B0DC8E68F1A8718BE401DFFF8ABE1.d.24FD140F5B88186B07DD6D81E41425D2.e.3255/click - {}
RESULT: {}
RESULT: {}
COMMAND: GET /session/33efee992eece904c049854c14a4dda4/screenshot - {}
RESULT: {}
COMMAND: POST /session/33efee992eece904c049854c14a4dda4/element - {"using":"xpath","value":"//input[@id=\"application-manageresources-display-component---newResourceUnit--idRuTSAdmin-application-manageresources-display-component---newResourceUnit--RUTimeSegment-0-inner\"]"}
RESULT: {"using":"xpath","value":"//input[@id=\"application-manageresources-display-component---newResourceUnit--idRuTSAdmin-application-manageresources-display-component---newResourceUnit--RUTimeSegment-0-inner\"]"}
COMMAND: POST /session/33efee992eece904c049854c14a4dda4/element/f.570B0DC8E68F1A8718BE401DFFF8ABE1.d.24FD140F5B88186B07DD6D81E41425D2.e.3259/clear - {}
RESULT: {}
COMMAND: POST /session/33efee992eece904c049854c14a4dda4/element/f.570B0DC8E68F1A8718BE401DFFF8ABE1.d.24FD140F5B88186B07DD6D81E41425D2.e.3259/value - {"text":"109"}
COMMAND: GET /session/33efee992eece904c049854c14a4dda4/screenshot - {}
RESULT: {"text":"109"}
COMMAND: GET /session/33efee992eece904c049854c14a4dda4/screenshot - {}
RESULT: {}
RESULT: {}
COMMAND: POST /session/33efee992eece904c049854c14a4dda4/element - {"using":"xpath","value":"//li[.//span[text()='109']]"}
RESULT: {"using":"xpath","value":"//li[.//span[text()='109']]"}
COMMAND: POST /session/33efee992eece904c049854c14a4dda4/element/f.570B0DC8E68F1A8718BE401DFFF8ABE1.d.24FD140F5B88186B07DD6D81E41425D2.e.3268/click - {}
RESULT: {}
COMMAND: GET /session/33efee992eece904c049854c14a4dda4/screenshot - {}
RESULT: {}
COMMAND: POST /session/33efee992eece904c049854c14a4dda4/element - {"using":"xpath","value":"(//span[contains(@id, \"-application-manageresources-display-component---newResourceUnit--RUTimeSegment-0-arrow\")])[2]"}
RESULT: {"using":"xpath","value":"(//span[contains(@id, \"-application-manageresources-display-component---newResourceUnit--RUTimeSegment-0-arrow\")])[2]"}
COMMAND: POST /session/33efee992eece904c049854c14a4dda4/element/f.570B0DC8E68F1A8718BE401DFFF8ABE1.d.24FD140F5B88186B07DD6D81E41425D2.e.3269/click - {}
RESULT: {}
COMMAND: POST /session/33efee992eece904c049854c14a4dda4/element - {"using":"xpath","value":"//span[contains(text(), \"PM Order\")]"}
COMMAND: GET /session/33efee992eece904c049854c14a4dda4/screenshot - {}
RESULT: {"using":"xpath","value":"//span[contains(text(), \"PM Order\")]"}
COMMAND: POST /session/33efee992eece904c049854c14a4dda4/element/f.570B0DC8E68F1A8718BE401DFFF8ABE1.d.24FD140F5B88186B07DD6D81E41425D2.e.3270/click - {}
RESULT: {}
RESULT: {}
COMMAND: GET /session/33efee992eece904c049854c14a4dda4/screenshot - {}
RESULT: {}
COMMAND: POST /session/33efee992eece904c049854c14a4dda4/element - {"using":"xpath","value":"//td/div/div/div/span[contains(@id, \"newResourceUnit--RUTimeSegment-0-vhi\")][1]"}
RESULT: {"using":"xpath","value":"//td/div/div/div/span[contains(@id, \"newResourceUnit--RUTimeSegment-0-vhi\")][1]"}
COMMAND: GET /session/33efee992eece904c049854c14a4dda4/element/f.570B0DC8E68F1A8718BE401DFFF8ABE1.d.24FD140F5B88186B07DD6D81E41425D2.e.3274/rect - {}
RESULT: {}
COMMAND: GET /session/33efee992eece904c049854c14a4dda4/window/rect - {}
RESULT: {}
COMMAND: POST /session/33efee992eece904c049854c14a4dda4/execute/sync - {"script":"<script> [92 bytes]","args":[]}
RESULT: {"script":"<script> [92 bytes]","args":[]}
COMMAND: POST /session/33efee992eece904c049854c14a4dda4/actions - {"actions":[{"id":"action17","type":"wheel","parameters":{},"actions":[{"type":"scroll","x":-1888,"y":-24,"deltaX":0,"deltaY":0,"duration":0,"origin":{"element-6066-11e4-a52e-4f735466cecf":"f.570B0DC8E68F1A8718BE401DFFF8ABE1.d.24FD140F5B88186B07DD6D81E41425D2.e.3274"}}]}]}
COMMAND: GET /session/33efee992eece904c049854c14a4dda4/screenshot - {}
RESULT: {}
COMMAND: POST /session/33efee992eece904c049854c14a4dda4/execute/sync - {"script":"<script> [79 bytes]","args":[{"element-6066-11e4-a52e-4f735466cecf":"f.570B0DC8E68F1A8718BE401DFFF8ABE1.d.24FD140F5B88186B07DD6D81E41425D2.e.3274","ELEMENT":"f.570B0DC8E68F1A8718BE401DFFF8ABE1.d.24FD140F5B88186B07DD6D81E41425D2.e.3274"},{"block":"start","inline":"nearest"}]}
RESULT: {"script":"<script> [79 bytes]","args":[{"element-6066-11e4-a52e-4f735466cecf":"f.570B0DC8E68F1A8718BE401DFFF8ABE1.d.24FD140F5B88186B07DD6D81E41425D2.e.3274","ELEMENT":"f.570B0DC8E68F1A8718BE401DFFF8ABE1.d.24FD140F5B88186B07DD6D81E41425D2.e.3274"},{"block":"start","inline":"nearest"}]}
COMMAND: GET /session/33efee992eece904c049854c14a4dda4/screenshot - {}
RESULT: {}
COMMAND: POST /session/33efee992eece904c049854c14a4dda4/element/f.570B0DC8E68F1A8718BE401DFFF8ABE1.d.24FD140F5B88186B07DD6D81E41425D2.e.3274/click - {}
RESULT: {}
COMMAND: GET /session/33efee992eece904c049854c14a4dda4/screenshot - {}
RESULT: {}
RESULT: undefined
COMMAND: POST /session/33efee992eece904c049854c14a4dda4/execute/async - {"script":"<script> [776 bytes]","args":[{"enterText":"4000360","selector":{"controlType":"sap.m.SearchField","properties":{"placeholder":"Search"},"searchOpenDialogs":true,"interaction":{"idSuffix":"I"}},"clearTextFirst":true,"interactionType":"ENTER_TEXT"}]}
RESULT: {"script":"<script> [776 bytes]","args":[{"enterText":"4000360","selector":{"controlType":"sap.m.SearchField","properties":{"placeholder":"Search"},"searchOpenDialogs":true,"interaction":{"idSuffix":"I"}},"clearTextFirst":true,"interactionType":"ENTER_TEXT"}]}
COMMAND: POST /session/33efee992eece904c049854c14a4dda4/actions - {"actions":[{"id":"action18","type":"key","parameters":{},"actions":[{"type":"keyDown","value":""},{"type":"pause","duration":10},{"type":"keyUp","value":""}]}]}
RESULT: {"actions":[{"id":"action18","type":"key","parameters":{},"actions":[{"type":"keyDown","value":""},{"type":"pause","duration":10},{"type":"keyUp","value":""}]}]}
COMMAND: GET /session/33efee992eece904c049854c14a4dda4/screenshot - {}
RESULT: {}
COMMAND: POST /session/33efee992eece904c049854c14a4dda4/element - {"using":"xpath","value":"//td/div/span[contains(text(), \"BGL Vehicles\")]"}
RESULT: {"using":"xpath","value":"//td/div/span[contains(text(), \"BGL Vehicles\")]"}
COMMAND: POST /session/33efee992eece904c049854c14a4dda4/element/f.570B0DC8E68F1A8718BE401DFFF8ABE1.d.24FD140F5B88186B07DD6D81E41425D2.e.3283/click - {}
RESULT: {}
COMMAND: GET /session/33efee992eece904c049854c14a4dda4/screenshot - {}
RESULT: {}
COMMAND: POST /session/33efee992eece904c049854c14a4dda4/element - {"using":"xpath","value":"//bdi[contains(text(), \"OK\")]"}
RESULT: {"using":"xpath","value":"//bdi[contains(text(), \"OK\")]"}
COMMAND: POST /session/33efee992eece904c049854c14a4dda4/element/f.570B0DC8E68F1A8718BE401DFFF8ABE1.d.24FD140F5B88186B07DD6D81E41425D2.e.3285/click - {}
RESULT: {}
COMMAND: GET /session/33efee992eece904c049854c14a4dda4/screenshot - {}
RESULT: {}
COMMAND: POST /session/33efee992eece904c049854c14a4dda4/element - {"using":"xpath","value":"//label[contains(@class, 'sapMLabelRequired') and .//bdi[contains(text(), 'Planned Retirement')]]"}
RESULT: {"using":"xpath","value":"//label[contains(@class, 'sapMLabelRequired') and .//bdi[contains(text(), 'Planned Retirement')]]"}
COMMAND: POST /session/33efee992eece904c049854c14a4dda4/elements - {"using":"xpath","value":"//label[contains(@class, 'sapMLabelRequired') and .//bdi[contains(text(), 'Planned Retirement')]]"}
RESULT: {"using":"xpath","value":"//label[contains(@class, 'sapMLabelRequired') and .//bdi[contains(text(), 'Planned Retirement')]]"}
COMMAND: POST /session/33efee992eece904c049854c14a4dda4/element - {"using":"xpath","value":"//button[@data-kt=\"resourceUnitSaveButton\"]"}
RESULT: {"using":"xpath","value":"//button[@data-kt=\"resourceUnitSaveButton\"]"}
COMMAND: POST /session/33efee992eece904c049854c14a4dda4/element/f.570B0DC8E68F1A8718BE401DFFF8ABE1.d.24FD140F5B88186B07DD6D81E41425D2.e.3140/click - {}
RESULT: {}
COMMAND: GET /session/33efee992eece904c049854c14a4dda4/screenshot - {}
RESULT: {}
COMMAND: POST /session/33efee992eece904c049854c14a4dda4/element - {"using":"xpath","value":"//bdi[contains(text(), \"Close\")]"}
RESULT: {"using":"xpath","value":"//bdi[contains(text(), \"Close\")]"}
COMMAND: POST /session/33efee992eece904c049854c14a4dda4/element/f.570B0DC8E68F1A8718BE401DFFF8ABE1.d.24FD140F5B88186B07DD6D81E41425D2.e.3292/click - {}
RESULT: {}
COMMAND: GET /session/33efee992eece904c049854c14a4dda4/screenshot - {}
RESULT: {}
COMMAND: POST /session/33efee992eece904c049854c14a4dda4/element - {"using":"xpath","value":"//header[contains(@id, 'detailRruPage-headerTitle')]/div[1]/div[2]/div[2]/span[1]"}
RESULT: {"using":"xpath","value":"//header[contains(@id, 'detailRruPage-headerTitle')]/div[1]/div[2]/div[2]/span[1]"}
COMMAND: POST /session/33efee992eece904c049854c14a4dda4/elements - {"using":"xpath","value":"//header[contains(@id, 'detailRruPage-headerTitle')]/div[1]/div[2]/div[2]/span[1]"}
RESULT: {"using":"xpath","value":"//header[contains(@id, 'detailRruPage-headerTitle')]/div[1]/div[2]/div[2]/span[1]"}
COMMAND: POST /session/33efee992eece904c049854c14a4dda4/execute/sync - {"script":"<script> [56 bytes]","args":[{"element-6066-11e4-a52e-4f735466cecf":"f.570B0DC8E68F1A8718BE401DFFF8ABE1.d.24FD140F5B88186B07DD6D81E41425D2.e.3318","ELEMENT":"f.570B0DC8E68F1A8718BE401DFFF8ABE1.d.24FD140F5B88186B07DD6D81E41425D2.e.3318"}]}
RESULT: {"script":"<script> [56 bytes]","args":[{"element-6066-11e4-a52e-4f735466cecf":"f.570B0DC8E68F1A8718BE401DFFF8ABE1.d.24FD140F5B88186B07DD6D81E41425D2.e.3318","ELEMENT":"f.570B0DC8E68F1A8718BE401DFFF8ABE1.d.24FD140F5B88186B07DD6D81E41425D2.e.3318"}]}
COMMAND: POST /session/33efee992eece904c049854c14a4dda4/element - {"using":"css selector","value":"#shell-header-logo"}
COMMAND: GET /session/33efee992eece904c049854c14a4dda4/screenshot - {}
RESULT: {"using":"css selector","value":"#shell-header-logo"}
COMMAND: POST /session/33efee992eece904c049854c14a4dda4/element/f.570B0DC8E68F1A8718BE401DFFF8ABE1.d.24FD140F5B88186B07DD6D81E41425D2.e.2739/click - {}
RESULT: {}
RESULT: {}
COMMAND: GET /session/33efee992eece904c049854c14a4dda4/screenshot - {}
RESULT: {}
]]></system-out>
    </testcase>
    <testcase classname="chrome.136_0_7103_93.windows.RU_Inventory_Mass_State_Change_Multiple_Items_US151066" name="Prerequisite Step 2 Should do a stock increase handover for the equipment" time="56.061">
      <failure/>
      <error message="element (&quot;//button[@data-kt=&quot;masterHOAddButton&quot;]&quot;) still not existing after 45000ms"/>
      <system-out><![CDATA[
COMMAND: POST /session/33efee992eece904c049854c14a4dda4/execute/async - {"script":"<script> [1562 bytes]","args":[{"selector":{"controlType":"sap.m.GenericTile","properties":{"header":"Manage Handovers"}},"wdio_ui5_key":"sapm.GenericTile{\"header\":\"Manage Handovers\"}"}]}
RESULT: {"script":"<script> [1562 bytes]","args":[{"selector":{"controlType":"sap.m.GenericTile","properties":{"header":"Manage Handovers"}},"wdio_ui5_key":"sapm.GenericTile{\"header\":\"Manage Handovers\"}"}]}
RESULT: undefined
COMMAND: POST /session/33efee992eece904c049854c14a4dda4/elements - {"using":"xpath","value":"//span[text()='Error']"}
RESULT: {"using":"xpath","value":"//span[text()='Error']"}
COMMAND: POST /session/33efee992eece904c049854c14a4dda4/element - {"using":"xpath","value":"//button[@data-kt=\"masterHOAddButton\"]"}
RESULT: {"using":"xpath","value":"//button[@data-kt=\"masterHOAddButton\"]"}
COMMAND: POST /session/33efee992eece904c049854c14a4dda4/elements - {"using":"xpath","value":"//button[@data-kt=\"masterHOAddButton\"]"}
RESULT: {"using":"xpath","value":"//button[@data-kt=\"masterHOAddButton\"]"}
COMMAND: POST /session/33efee992eece904c049854c14a4dda4/elements - {"using":"xpath","value":"//button[@data-kt=\"masterHOAddButton\"]"}
RESULT: {"using":"xpath","value":"//button[@data-kt=\"masterHOAddButton\"]"}
COMMAND: POST /session/33efee992eece904c049854c14a4dda4/elements - {"using":"xpath","value":"//button[@data-kt=\"masterHOAddButton\"]"}
RESULT: {"using":"xpath","value":"//button[@data-kt=\"masterHOAddButton\"]"}
COMMAND: POST /session/33efee992eece904c049854c14a4dda4/elements - {"using":"xpath","value":"//button[@data-kt=\"masterHOAddButton\"]"}
RESULT: {"using":"xpath","value":"//button[@data-kt=\"masterHOAddButton\"]"}
COMMAND: POST /session/33efee992eece904c049854c14a4dda4/elements - {"using":"xpath","value":"//button[@data-kt=\"masterHOAddButton\"]"}
RESULT: {"using":"xpath","value":"//button[@data-kt=\"masterHOAddButton\"]"}
COMMAND: POST /session/33efee992eece904c049854c14a4dda4/elements - {"using":"xpath","value":"//button[@data-kt=\"masterHOAddButton\"]"}
RESULT: {"using":"xpath","value":"//button[@data-kt=\"masterHOAddButton\"]"}
COMMAND: POST /session/33efee992eece904c049854c14a4dda4/elements - {"using":"xpath","value":"//button[@data-kt=\"masterHOAddButton\"]"}
RESULT: {"using":"xpath","value":"//button[@data-kt=\"masterHOAddButton\"]"}
COMMAND: POST /session/33efee992eece904c049854c14a4dda4/elements - {"using":"xpath","value":"//button[@data-kt=\"masterHOAddButton\"]"}
RESULT: {"using":"xpath","value":"//button[@data-kt=\"masterHOAddButton\"]"}
COMMAND: POST /session/33efee992eece904c049854c14a4dda4/elements - {"using":"xpath","value":"//button[@data-kt=\"masterHOAddButton\"]"}
RESULT: {"using":"xpath","value":"//button[@data-kt=\"masterHOAddButton\"]"}
COMMAND: POST /session/33efee992eece904c049854c14a4dda4/elements - {"using":"xpath","value":"//button[@data-kt=\"masterHOAddButton\"]"}
RESULT: {"using":"xpath","value":"//button[@data-kt=\"masterHOAddButton\"]"}
COMMAND: POST /session/33efee992eece904c049854c14a4dda4/elements - {"using":"xpath","value":"//button[@data-kt=\"masterHOAddButton\"]"}
RESULT: {"using":"xpath","value":"//button[@data-kt=\"masterHOAddButton\"]"}
COMMAND: POST /session/33efee992eece904c049854c14a4dda4/elements - {"using":"xpath","value":"//button[@data-kt=\"masterHOAddButton\"]"}
RESULT: {"using":"xpath","value":"//button[@data-kt=\"masterHOAddButton\"]"}
COMMAND: POST /session/33efee992eece904c049854c14a4dda4/elements - {"using":"xpath","value":"//button[@data-kt=\"masterHOAddButton\"]"}
RESULT: {"using":"xpath","value":"//button[@data-kt=\"masterHOAddButton\"]"}
COMMAND: POST /session/33efee992eece904c049854c14a4dda4/elements - {"using":"xpath","value":"//button[@data-kt=\"masterHOAddButton\"]"}
RESULT: {"using":"xpath","value":"//button[@data-kt=\"masterHOAddButton\"]"}
COMMAND: POST /session/33efee992eece904c049854c14a4dda4/elements - {"using":"xpath","value":"//button[@data-kt=\"masterHOAddButton\"]"}
RESULT: {"using":"xpath","value":"//button[@data-kt=\"masterHOAddButton\"]"}
COMMAND: POST /session/33efee992eece904c049854c14a4dda4/elements - {"using":"xpath","value":"//button[@data-kt=\"masterHOAddButton\"]"}
RESULT: {"using":"xpath","value":"//button[@data-kt=\"masterHOAddButton\"]"}
COMMAND: POST /session/33efee992eece904c049854c14a4dda4/elements - {"using":"xpath","value":"//button[@data-kt=\"masterHOAddButton\"]"}
RESULT: {"using":"xpath","value":"//button[@data-kt=\"masterHOAddButton\"]"}
COMMAND: POST /session/33efee992eece904c049854c14a4dda4/elements - {"using":"xpath","value":"//button[@data-kt=\"masterHOAddButton\"]"}
RESULT: {"using":"xpath","value":"//button[@data-kt=\"masterHOAddButton\"]"}
COMMAND: POST /session/33efee992eece904c049854c14a4dda4/elements - {"using":"xpath","value":"//button[@data-kt=\"masterHOAddButton\"]"}
RESULT: {"using":"xpath","value":"//button[@data-kt=\"masterHOAddButton\"]"}
COMMAND: POST /session/33efee992eece904c049854c14a4dda4/elements - {"using":"xpath","value":"//button[@data-kt=\"masterHOAddButton\"]"}
RESULT: {"using":"xpath","value":"//button[@data-kt=\"masterHOAddButton\"]"}
COMMAND: POST /session/33efee992eece904c049854c14a4dda4/elements - {"using":"xpath","value":"//button[@data-kt=\"masterHOAddButton\"]"}
RESULT: {"using":"xpath","value":"//button[@data-kt=\"masterHOAddButton\"]"}
COMMAND: POST /session/33efee992eece904c049854c14a4dda4/elements - {"using":"xpath","value":"//button[@data-kt=\"masterHOAddButton\"]"}
RESULT: {"using":"xpath","value":"//button[@data-kt=\"masterHOAddButton\"]"}
COMMAND: POST /session/33efee992eece904c049854c14a4dda4/elements - {"using":"xpath","value":"//button[@data-kt=\"masterHOAddButton\"]"}
RESULT: {"using":"xpath","value":"//button[@data-kt=\"masterHOAddButton\"]"}
COMMAND: POST /session/33efee992eece904c049854c14a4dda4/elements - {"using":"xpath","value":"//button[@data-kt=\"masterHOAddButton\"]"}
RESULT: {"using":"xpath","value":"//button[@data-kt=\"masterHOAddButton\"]"}
COMMAND: POST /session/33efee992eece904c049854c14a4dda4/elements - {"using":"xpath","value":"//button[@data-kt=\"masterHOAddButton\"]"}
RESULT: {"using":"xpath","value":"//button[@data-kt=\"masterHOAddButton\"]"}
COMMAND: POST /session/33efee992eece904c049854c14a4dda4/elements - {"using":"xpath","value":"//button[@data-kt=\"masterHOAddButton\"]"}
RESULT: {"using":"xpath","value":"//button[@data-kt=\"masterHOAddButton\"]"}
COMMAND: POST /session/33efee992eece904c049854c14a4dda4/elements - {"using":"xpath","value":"//button[@data-kt=\"masterHOAddButton\"]"}
RESULT: {"using":"xpath","value":"//button[@data-kt=\"masterHOAddButton\"]"}
COMMAND: POST /session/33efee992eece904c049854c14a4dda4/elements - {"using":"xpath","value":"//button[@data-kt=\"masterHOAddButton\"]"}
RESULT: {"using":"xpath","value":"//button[@data-kt=\"masterHOAddButton\"]"}
COMMAND: POST /session/33efee992eece904c049854c14a4dda4/elements - {"using":"xpath","value":"//button[@data-kt=\"masterHOAddButton\"]"}
RESULT: {"using":"xpath","value":"//button[@data-kt=\"masterHOAddButton\"]"}
COMMAND: POST /session/33efee992eece904c049854c14a4dda4/elements - {"using":"xpath","value":"//button[@data-kt=\"masterHOAddButton\"]"}
RESULT: {"using":"xpath","value":"//button[@data-kt=\"masterHOAddButton\"]"}
COMMAND: POST /session/33efee992eece904c049854c14a4dda4/elements - {"using":"xpath","value":"//button[@data-kt=\"masterHOAddButton\"]"}
RESULT: {"using":"xpath","value":"//button[@data-kt=\"masterHOAddButton\"]"}
COMMAND: POST /session/33efee992eece904c049854c14a4dda4/elements - {"using":"xpath","value":"//button[@data-kt=\"masterHOAddButton\"]"}
RESULT: {"using":"xpath","value":"//button[@data-kt=\"masterHOAddButton\"]"}
COMMAND: POST /session/33efee992eece904c049854c14a4dda4/elements - {"using":"xpath","value":"//button[@data-kt=\"masterHOAddButton\"]"}
RESULT: {"using":"xpath","value":"//button[@data-kt=\"masterHOAddButton\"]"}
COMMAND: POST /session/33efee992eece904c049854c14a4dda4/elements - {"using":"xpath","value":"//button[@data-kt=\"masterHOAddButton\"]"}
RESULT: {"using":"xpath","value":"//button[@data-kt=\"masterHOAddButton\"]"}
COMMAND: POST /session/33efee992eece904c049854c14a4dda4/elements - {"using":"xpath","value":"//button[@data-kt=\"masterHOAddButton\"]"}
RESULT: {"using":"xpath","value":"//button[@data-kt=\"masterHOAddButton\"]"}
COMMAND: POST /session/33efee992eece904c049854c14a4dda4/elements - {"using":"xpath","value":"//button[@data-kt=\"masterHOAddButton\"]"}
RESULT: {"using":"xpath","value":"//button[@data-kt=\"masterHOAddButton\"]"}
COMMAND: POST /session/33efee992eece904c049854c14a4dda4/elements - {"using":"xpath","value":"//button[@data-kt=\"masterHOAddButton\"]"}
RESULT: {"using":"xpath","value":"//button[@data-kt=\"masterHOAddButton\"]"}
COMMAND: POST /session/33efee992eece904c049854c14a4dda4/elements - {"using":"xpath","value":"//button[@data-kt=\"masterHOAddButton\"]"}
RESULT: {"using":"xpath","value":"//button[@data-kt=\"masterHOAddButton\"]"}
COMMAND: POST /session/33efee992eece904c049854c14a4dda4/elements - {"using":"xpath","value":"//button[@data-kt=\"masterHOAddButton\"]"}
RESULT: {"using":"xpath","value":"//button[@data-kt=\"masterHOAddButton\"]"}
COMMAND: POST /session/33efee992eece904c049854c14a4dda4/elements - {"using":"xpath","value":"//button[@data-kt=\"masterHOAddButton\"]"}
RESULT: {"using":"xpath","value":"//button[@data-kt=\"masterHOAddButton\"]"}
COMMAND: POST /session/33efee992eece904c049854c14a4dda4/elements - {"using":"xpath","value":"//button[@data-kt=\"masterHOAddButton\"]"}
RESULT: {"using":"xpath","value":"//button[@data-kt=\"masterHOAddButton\"]"}
COMMAND: POST /session/33efee992eece904c049854c14a4dda4/elements - {"using":"xpath","value":"//button[@data-kt=\"masterHOAddButton\"]"}
RESULT: {"using":"xpath","value":"//button[@data-kt=\"masterHOAddButton\"]"}
COMMAND: POST /session/33efee992eece904c049854c14a4dda4/elements - {"using":"xpath","value":"//button[@data-kt=\"masterHOAddButton\"]"}
RESULT: {"using":"xpath","value":"//button[@data-kt=\"masterHOAddButton\"]"}
COMMAND: POST /session/33efee992eece904c049854c14a4dda4/elements - {"using":"xpath","value":"//button[@data-kt=\"masterHOAddButton\"]"}
RESULT: {"using":"xpath","value":"//button[@data-kt=\"masterHOAddButton\"]"}
COMMAND: POST /session/33efee992eece904c049854c14a4dda4/elements - {"using":"xpath","value":"//button[@data-kt=\"masterHOAddButton\"]"}
RESULT: {"using":"xpath","value":"//button[@data-kt=\"masterHOAddButton\"]"}
COMMAND: POST /session/33efee992eece904c049854c14a4dda4/elements - {"using":"xpath","value":"//button[@data-kt=\"masterHOAddButton\"]"}
RESULT: {"using":"xpath","value":"//button[@data-kt=\"masterHOAddButton\"]"}
COMMAND: POST /session/33efee992eece904c049854c14a4dda4/elements - {"using":"xpath","value":"//button[@data-kt=\"masterHOAddButton\"]"}
RESULT: {"using":"xpath","value":"//button[@data-kt=\"masterHOAddButton\"]"}
COMMAND: POST /session/33efee992eece904c049854c14a4dda4/elements - {"using":"xpath","value":"//button[@data-kt=\"masterHOAddButton\"]"}
RESULT: {"using":"xpath","value":"//button[@data-kt=\"masterHOAddButton\"]"}
COMMAND: POST /session/33efee992eece904c049854c14a4dda4/elements - {"using":"xpath","value":"//button[@data-kt=\"masterHOAddButton\"]"}
RESULT: {"using":"xpath","value":"//button[@data-kt=\"masterHOAddButton\"]"}
COMMAND: POST /session/33efee992eece904c049854c14a4dda4/elements - {"using":"xpath","value":"//button[@data-kt=\"masterHOAddButton\"]"}
RESULT: {"using":"xpath","value":"//button[@data-kt=\"masterHOAddButton\"]"}
COMMAND: POST /session/33efee992eece904c049854c14a4dda4/elements - {"using":"xpath","value":"//button[@data-kt=\"masterHOAddButton\"]"}
RESULT: {"using":"xpath","value":"//button[@data-kt=\"masterHOAddButton\"]"}
COMMAND: POST /session/33efee992eece904c049854c14a4dda4/elements - {"using":"xpath","value":"//button[@data-kt=\"masterHOAddButton\"]"}
RESULT: {"using":"xpath","value":"//button[@data-kt=\"masterHOAddButton\"]"}
COMMAND: POST /session/33efee992eece904c049854c14a4dda4/elements - {"using":"xpath","value":"//button[@data-kt=\"masterHOAddButton\"]"}
RESULT: {"using":"xpath","value":"//button[@data-kt=\"masterHOAddButton\"]"}
COMMAND: POST /session/33efee992eece904c049854c14a4dda4/elements - {"using":"xpath","value":"//button[@data-kt=\"masterHOAddButton\"]"}
RESULT: {"using":"xpath","value":"//button[@data-kt=\"masterHOAddButton\"]"}
COMMAND: POST /session/33efee992eece904c049854c14a4dda4/elements - {"using":"xpath","value":"//button[@data-kt=\"masterHOAddButton\"]"}
RESULT: {"using":"xpath","value":"//button[@data-kt=\"masterHOAddButton\"]"}
COMMAND: POST /session/33efee992eece904c049854c14a4dda4/elements - {"using":"xpath","value":"//button[@data-kt=\"masterHOAddButton\"]"}
RESULT: {"using":"xpath","value":"//button[@data-kt=\"masterHOAddButton\"]"}
COMMAND: POST /session/33efee992eece904c049854c14a4dda4/elements - {"using":"xpath","value":"//button[@data-kt=\"masterHOAddButton\"]"}
RESULT: {"using":"xpath","value":"//button[@data-kt=\"masterHOAddButton\"]"}
COMMAND: POST /session/33efee992eece904c049854c14a4dda4/elements - {"using":"xpath","value":"//button[@data-kt=\"masterHOAddButton\"]"}
RESULT: {"using":"xpath","value":"//button[@data-kt=\"masterHOAddButton\"]"}
COMMAND: POST /session/33efee992eece904c049854c14a4dda4/elements - {"using":"xpath","value":"//button[@data-kt=\"masterHOAddButton\"]"}
RESULT: {"using":"xpath","value":"//button[@data-kt=\"masterHOAddButton\"]"}
COMMAND: POST /session/33efee992eece904c049854c14a4dda4/elements - {"using":"xpath","value":"//button[@data-kt=\"masterHOAddButton\"]"}
RESULT: {"using":"xpath","value":"//button[@data-kt=\"masterHOAddButton\"]"}
COMMAND: POST /session/33efee992eece904c049854c14a4dda4/elements - {"using":"xpath","value":"//button[@data-kt=\"masterHOAddButton\"]"}
RESULT: {"using":"xpath","value":"//button[@data-kt=\"masterHOAddButton\"]"}
COMMAND: POST /session/33efee992eece904c049854c14a4dda4/elements - {"using":"xpath","value":"//button[@data-kt=\"masterHOAddButton\"]"}
RESULT: {"using":"xpath","value":"//button[@data-kt=\"masterHOAddButton\"]"}
COMMAND: POST /session/33efee992eece904c049854c14a4dda4/elements - {"using":"xpath","value":"//button[@data-kt=\"masterHOAddButton\"]"}
RESULT: {"using":"xpath","value":"//button[@data-kt=\"masterHOAddButton\"]"}
COMMAND: POST /session/33efee992eece904c049854c14a4dda4/elements - {"using":"xpath","value":"//button[@data-kt=\"masterHOAddButton\"]"}
RESULT: {"using":"xpath","value":"//button[@data-kt=\"masterHOAddButton\"]"}
COMMAND: POST /session/33efee992eece904c049854c14a4dda4/elements - {"using":"xpath","value":"//button[@data-kt=\"masterHOAddButton\"]"}
RESULT: {"using":"xpath","value":"//button[@data-kt=\"masterHOAddButton\"]"}
COMMAND: POST /session/33efee992eece904c049854c14a4dda4/elements - {"using":"xpath","value":"//button[@data-kt=\"masterHOAddButton\"]"}
RESULT: {"using":"xpath","value":"//button[@data-kt=\"masterHOAddButton\"]"}
COMMAND: POST /session/33efee992eece904c049854c14a4dda4/elements - {"using":"xpath","value":"//button[@data-kt=\"masterHOAddButton\"]"}
RESULT: {"using":"xpath","value":"//button[@data-kt=\"masterHOAddButton\"]"}
COMMAND: POST /session/33efee992eece904c049854c14a4dda4/elements - {"using":"xpath","value":"//button[@data-kt=\"masterHOAddButton\"]"}
RESULT: {"using":"xpath","value":"//button[@data-kt=\"masterHOAddButton\"]"}
COMMAND: POST /session/33efee992eece904c049854c14a4dda4/elements - {"using":"xpath","value":"//button[@data-kt=\"masterHOAddButton\"]"}
RESULT: {"using":"xpath","value":"//button[@data-kt=\"masterHOAddButton\"]"}
COMMAND: POST /session/33efee992eece904c049854c14a4dda4/elements - {"using":"xpath","value":"//button[@data-kt=\"masterHOAddButton\"]"}
RESULT: {"using":"xpath","value":"//button[@data-kt=\"masterHOAddButton\"]"}
COMMAND: POST /session/33efee992eece904c049854c14a4dda4/elements - {"using":"xpath","value":"//button[@data-kt=\"masterHOAddButton\"]"}
RESULT: {"using":"xpath","value":"//button[@data-kt=\"masterHOAddButton\"]"}
COMMAND: POST /session/33efee992eece904c049854c14a4dda4/elements - {"using":"xpath","value":"//button[@data-kt=\"masterHOAddButton\"]"}
RESULT: {"using":"xpath","value":"//button[@data-kt=\"masterHOAddButton\"]"}
COMMAND: POST /session/33efee992eece904c049854c14a4dda4/elements - {"using":"xpath","value":"//button[@data-kt=\"masterHOAddButton\"]"}
RESULT: {"using":"xpath","value":"//button[@data-kt=\"masterHOAddButton\"]"}
COMMAND: POST /session/33efee992eece904c049854c14a4dda4/elements - {"using":"xpath","value":"//button[@data-kt=\"masterHOAddButton\"]"}
RESULT: {"using":"xpath","value":"//button[@data-kt=\"masterHOAddButton\"]"}
COMMAND: POST /session/33efee992eece904c049854c14a4dda4/elements - {"using":"xpath","value":"//button[@data-kt=\"masterHOAddButton\"]"}
RESULT: {"using":"xpath","value":"//button[@data-kt=\"masterHOAddButton\"]"}
COMMAND: POST /session/33efee992eece904c049854c14a4dda4/elements - {"using":"xpath","value":"//button[@data-kt=\"masterHOAddButton\"]"}
RESULT: {"using":"xpath","value":"//button[@data-kt=\"masterHOAddButton\"]"}
COMMAND: POST /session/33efee992eece904c049854c14a4dda4/elements - {"using":"xpath","value":"//button[@data-kt=\"masterHOAddButton\"]"}
RESULT: {"using":"xpath","value":"//button[@data-kt=\"masterHOAddButton\"]"}
COMMAND: POST /session/33efee992eece904c049854c14a4dda4/elements - {"using":"xpath","value":"//button[@data-kt=\"masterHOAddButton\"]"}
RESULT: {"using":"xpath","value":"//button[@data-kt=\"masterHOAddButton\"]"}
COMMAND: POST /session/33efee992eece904c049854c14a4dda4/elements - {"using":"xpath","value":"//button[@data-kt=\"masterHOAddButton\"]"}
RESULT: {"using":"xpath","value":"//button[@data-kt=\"masterHOAddButton\"]"}
COMMAND: POST /session/33efee992eece904c049854c14a4dda4/elements - {"using":"xpath","value":"//button[@data-kt=\"masterHOAddButton\"]"}
RESULT: {"using":"xpath","value":"//button[@data-kt=\"masterHOAddButton\"]"}
COMMAND: POST /session/33efee992eece904c049854c14a4dda4/elements - {"using":"xpath","value":"//button[@data-kt=\"masterHOAddButton\"]"}
RESULT: {"using":"xpath","value":"//button[@data-kt=\"masterHOAddButton\"]"}
COMMAND: POST /session/33efee992eece904c049854c14a4dda4/elements - {"using":"xpath","value":"//button[@data-kt=\"masterHOAddButton\"]"}
RESULT: {"using":"xpath","value":"//button[@data-kt=\"masterHOAddButton\"]"}
COMMAND: POST /session/33efee992eece904c049854c14a4dda4/elements - {"using":"xpath","value":"//button[@data-kt=\"masterHOAddButton\"]"}
RESULT: {"using":"xpath","value":"//button[@data-kt=\"masterHOAddButton\"]"}
COMMAND: POST /session/33efee992eece904c049854c14a4dda4/elements - {"using":"xpath","value":"//button[@data-kt=\"masterHOAddButton\"]"}
RESULT: {"using":"xpath","value":"//button[@data-kt=\"masterHOAddButton\"]"}
COMMAND: POST /session/33efee992eece904c049854c14a4dda4/elements - {"using":"xpath","value":"//button[@data-kt=\"masterHOAddButton\"]"}
RESULT: {"using":"xpath","value":"//button[@data-kt=\"masterHOAddButton\"]"}
COMMAND: POST /session/33efee992eece904c049854c14a4dda4/elements - {"using":"xpath","value":"//button[@data-kt=\"masterHOAddButton\"]"}
RESULT: {"using":"xpath","value":"//button[@data-kt=\"masterHOAddButton\"]"}
COMMAND: POST /session/33efee992eece904c049854c14a4dda4/elements - {"using":"xpath","value":"//button[@data-kt=\"masterHOAddButton\"]"}
RESULT: {"using":"xpath","value":"//button[@data-kt=\"masterHOAddButton\"]"}
COMMAND: POST /session/33efee992eece904c049854c14a4dda4/elements - {"using":"xpath","value":"//button[@data-kt=\"masterHOAddButton\"]"}
RESULT: {"using":"xpath","value":"//button[@data-kt=\"masterHOAddButton\"]"}
COMMAND: POST /session/33efee992eece904c049854c14a4dda4/elements - {"using":"xpath","value":"//button[@data-kt=\"masterHOAddButton\"]"}
RESULT: {"using":"xpath","value":"//button[@data-kt=\"masterHOAddButton\"]"}
COMMAND: POST /session/33efee992eece904c049854c14a4dda4/elements - {"using":"xpath","value":"//button[@data-kt=\"masterHOAddButton\"]"}
RESULT: {"using":"xpath","value":"//button[@data-kt=\"masterHOAddButton\"]"}
COMMAND: GET /session/33efee992eece904c049854c14a4dda4/screenshot - {}
RESULT: {}
]]></system-out>
      <system-err><![CDATA[
Error: element ("//button[@data-kt="masterHOAddButton"]") still not existing after 45000ms
    at async UtilsPrerequisites.stockIncrease (D:\a\1\s\test\specs\BTS\prerequisites-and-utils-functions.js:1576:9)
    at async Context.<anonymous> (D:\a\1\s\test\specs\HTR\ru-inv-list-mass-state-change.spec.js:294:9)
]]></system-err>
    </testcase>
    <testcase classname="chrome.136_0_7103_93.windows.RU_Inventory_Mass_State_Change_Multiple_Items_US151066" name="Prerequisite Step 2 Should do a stock increase handover for the material" time="55.342">
      <failure/>
      <error message="element (&quot;//button[@data-kt=&quot;masterHOAddButton&quot;]&quot;) still not existing after 45000ms"/>
      <system-out><![CDATA[
RESULT: undefined
COMMAND: GET /session/33efee992eece904c049854c14a4dda4/screenshot - {}
RESULT: {}
COMMAND: POST /session/33efee992eece904c049854c14a4dda4/elements - {"using":"xpath","value":"//span[text()='Error']"}
RESULT: {"using":"xpath","value":"//span[text()='Error']"}
COMMAND: POST /session/33efee992eece904c049854c14a4dda4/element - {"using":"xpath","value":"//button[@data-kt=\"masterHOAddButton\"]"}
RESULT: {"using":"xpath","value":"//button[@data-kt=\"masterHOAddButton\"]"}
COMMAND: POST /session/33efee992eece904c049854c14a4dda4/elements - {"using":"xpath","value":"//button[@data-kt=\"masterHOAddButton\"]"}
RESULT: {"using":"xpath","value":"//button[@data-kt=\"masterHOAddButton\"]"}
COMMAND: POST /session/33efee992eece904c049854c14a4dda4/elements - {"using":"xpath","value":"//button[@data-kt=\"masterHOAddButton\"]"}
RESULT: {"using":"xpath","value":"//button[@data-kt=\"masterHOAddButton\"]"}
COMMAND: POST /session/33efee992eece904c049854c14a4dda4/elements - {"using":"xpath","value":"//button[@data-kt=\"masterHOAddButton\"]"}
RESULT: {"using":"xpath","value":"//button[@data-kt=\"masterHOAddButton\"]"}
COMMAND: POST /session/33efee992eece904c049854c14a4dda4/elements - {"using":"xpath","value":"//button[@data-kt=\"masterHOAddButton\"]"}
RESULT: {"using":"xpath","value":"//button[@data-kt=\"masterHOAddButton\"]"}
COMMAND: POST /session/33efee992eece904c049854c14a4dda4/elements - {"using":"xpath","value":"//button[@data-kt=\"masterHOAddButton\"]"}
RESULT: {"using":"xpath","value":"//button[@data-kt=\"masterHOAddButton\"]"}
COMMAND: POST /session/33efee992eece904c049854c14a4dda4/elements - {"using":"xpath","value":"//button[@data-kt=\"masterHOAddButton\"]"}
RESULT: {"using":"xpath","value":"//button[@data-kt=\"masterHOAddButton\"]"}
COMMAND: POST /session/33efee992eece904c049854c14a4dda4/elements - {"using":"xpath","value":"//button[@data-kt=\"masterHOAddButton\"]"}
RESULT: {"using":"xpath","value":"//button[@data-kt=\"masterHOAddButton\"]"}
COMMAND: POST /session/33efee992eece904c049854c14a4dda4/elements - {"using":"xpath","value":"//button[@data-kt=\"masterHOAddButton\"]"}
RESULT: {"using":"xpath","value":"//button[@data-kt=\"masterHOAddButton\"]"}
COMMAND: POST /session/33efee992eece904c049854c14a4dda4/elements - {"using":"xpath","value":"//button[@data-kt=\"masterHOAddButton\"]"}
RESULT: {"using":"xpath","value":"//button[@data-kt=\"masterHOAddButton\"]"}
COMMAND: POST /session/33efee992eece904c049854c14a4dda4/elements - {"using":"xpath","value":"//button[@data-kt=\"masterHOAddButton\"]"}
RESULT: {"using":"xpath","value":"//button[@data-kt=\"masterHOAddButton\"]"}
COMMAND: POST /session/33efee992eece904c049854c14a4dda4/elements - {"using":"xpath","value":"//button[@data-kt=\"masterHOAddButton\"]"}
RESULT: {"using":"xpath","value":"//button[@data-kt=\"masterHOAddButton\"]"}
COMMAND: POST /session/33efee992eece904c049854c14a4dda4/elements - {"using":"xpath","value":"//button[@data-kt=\"masterHOAddButton\"]"}
RESULT: {"using":"xpath","value":"//button[@data-kt=\"masterHOAddButton\"]"}
COMMAND: POST /session/33efee992eece904c049854c14a4dda4/elements - {"using":"xpath","value":"//button[@data-kt=\"masterHOAddButton\"]"}
RESULT: {"using":"xpath","value":"//button[@data-kt=\"masterHOAddButton\"]"}
COMMAND: POST /session/33efee992eece904c049854c14a4dda4/elements - {"using":"xpath","value":"//button[@data-kt=\"masterHOAddButton\"]"}
RESULT: {"using":"xpath","value":"//button[@data-kt=\"masterHOAddButton\"]"}
COMMAND: POST /session/33efee992eece904c049854c14a4dda4/elements - {"using":"xpath","value":"//button[@data-kt=\"masterHOAddButton\"]"}
RESULT: {"using":"xpath","value":"//button[@data-kt=\"masterHOAddButton\"]"}
COMMAND: POST /session/33efee992eece904c049854c14a4dda4/elements - {"using":"xpath","value":"//button[@data-kt=\"masterHOAddButton\"]"}
RESULT: {"using":"xpath","value":"//button[@data-kt=\"masterHOAddButton\"]"}
COMMAND: POST /session/33efee992eece904c049854c14a4dda4/elements - {"using":"xpath","value":"//button[@data-kt=\"masterHOAddButton\"]"}
RESULT: {"using":"xpath","value":"//button[@data-kt=\"masterHOAddButton\"]"}
COMMAND: POST /session/33efee992eece904c049854c14a4dda4/elements - {"using":"xpath","value":"//button[@data-kt=\"masterHOAddButton\"]"}
RESULT: {"using":"xpath","value":"//button[@data-kt=\"masterHOAddButton\"]"}
COMMAND: POST /session/33efee992eece904c049854c14a4dda4/elements - {"using":"xpath","value":"//button[@data-kt=\"masterHOAddButton\"]"}
RESULT: {"using":"xpath","value":"//button[@data-kt=\"masterHOAddButton\"]"}
COMMAND: POST /session/33efee992eece904c049854c14a4dda4/elements - {"using":"xpath","value":"//button[@data-kt=\"masterHOAddButton\"]"}
RESULT: {"using":"xpath","value":"//button[@data-kt=\"masterHOAddButton\"]"}
COMMAND: POST /session/33efee992eece904c049854c14a4dda4/elements - {"using":"xpath","value":"//button[@data-kt=\"masterHOAddButton\"]"}
RESULT: {"using":"xpath","value":"//button[@data-kt=\"masterHOAddButton\"]"}
COMMAND: POST /session/33efee992eece904c049854c14a4dda4/elements - {"using":"xpath","value":"//button[@data-kt=\"masterHOAddButton\"]"}
RESULT: {"using":"xpath","value":"//button[@data-kt=\"masterHOAddButton\"]"}
COMMAND: POST /session/33efee992eece904c049854c14a4dda4/elements - {"using":"xpath","value":"//button[@data-kt=\"masterHOAddButton\"]"}
RESULT: {"using":"xpath","value":"//button[@data-kt=\"masterHOAddButton\"]"}
COMMAND: POST /session/33efee992eece904c049854c14a4dda4/elements - {"using":"xpath","value":"//button[@data-kt=\"masterHOAddButton\"]"}
RESULT: {"using":"xpath","value":"//button[@data-kt=\"masterHOAddButton\"]"}
COMMAND: POST /session/33efee992eece904c049854c14a4dda4/elements - {"using":"xpath","value":"//button[@data-kt=\"masterHOAddButton\"]"}
RESULT: {"using":"xpath","value":"//button[@data-kt=\"masterHOAddButton\"]"}
COMMAND: POST /session/33efee992eece904c049854c14a4dda4/elements - {"using":"xpath","value":"//button[@data-kt=\"masterHOAddButton\"]"}
RESULT: {"using":"xpath","value":"//button[@data-kt=\"masterHOAddButton\"]"}
COMMAND: POST /session/33efee992eece904c049854c14a4dda4/elements - {"using":"xpath","value":"//button[@data-kt=\"masterHOAddButton\"]"}
RESULT: {"using":"xpath","value":"//button[@data-kt=\"masterHOAddButton\"]"}
COMMAND: POST /session/33efee992eece904c049854c14a4dda4/elements - {"using":"xpath","value":"//button[@data-kt=\"masterHOAddButton\"]"}
RESULT: {"using":"xpath","value":"//button[@data-kt=\"masterHOAddButton\"]"}
COMMAND: POST /session/33efee992eece904c049854c14a4dda4/elements - {"using":"xpath","value":"//button[@data-kt=\"masterHOAddButton\"]"}
RESULT: {"using":"xpath","value":"//button[@data-kt=\"masterHOAddButton\"]"}
COMMAND: POST /session/33efee992eece904c049854c14a4dda4/elements - {"using":"xpath","value":"//button[@data-kt=\"masterHOAddButton\"]"}
RESULT: {"using":"xpath","value":"//button[@data-kt=\"masterHOAddButton\"]"}
COMMAND: POST /session/33efee992eece904c049854c14a4dda4/elements - {"using":"xpath","value":"//button[@data-kt=\"masterHOAddButton\"]"}
RESULT: {"using":"xpath","value":"//button[@data-kt=\"masterHOAddButton\"]"}
COMMAND: POST /session/33efee992eece904c049854c14a4dda4/elements - {"using":"xpath","value":"//button[@data-kt=\"masterHOAddButton\"]"}
RESULT: {"using":"xpath","value":"//button[@data-kt=\"masterHOAddButton\"]"}
COMMAND: POST /session/33efee992eece904c049854c14a4dda4/elements - {"using":"xpath","value":"//button[@data-kt=\"masterHOAddButton\"]"}
RESULT: {"using":"xpath","value":"//button[@data-kt=\"masterHOAddButton\"]"}
COMMAND: POST /session/33efee992eece904c049854c14a4dda4/elements - {"using":"xpath","value":"//button[@data-kt=\"masterHOAddButton\"]"}
RESULT: {"using":"xpath","value":"//button[@data-kt=\"masterHOAddButton\"]"}
COMMAND: POST /session/33efee992eece904c049854c14a4dda4/elements - {"using":"xpath","value":"//button[@data-kt=\"masterHOAddButton\"]"}
RESULT: {"using":"xpath","value":"//button[@data-kt=\"masterHOAddButton\"]"}
COMMAND: POST /session/33efee992eece904c049854c14a4dda4/elements - {"using":"xpath","value":"//button[@data-kt=\"masterHOAddButton\"]"}
RESULT: {"using":"xpath","value":"//button[@data-kt=\"masterHOAddButton\"]"}
COMMAND: POST /session/33efee992eece904c049854c14a4dda4/elements - {"using":"xpath","value":"//button[@data-kt=\"masterHOAddButton\"]"}
RESULT: {"using":"xpath","value":"//button[@data-kt=\"masterHOAddButton\"]"}
COMMAND: POST /session/33efee992eece904c049854c14a4dda4/elements - {"using":"xpath","value":"//button[@data-kt=\"masterHOAddButton\"]"}
RESULT: {"using":"xpath","value":"//button[@data-kt=\"masterHOAddButton\"]"}
COMMAND: POST /session/33efee992eece904c049854c14a4dda4/elements - {"using":"xpath","value":"//button[@data-kt=\"masterHOAddButton\"]"}
RESULT: {"using":"xpath","value":"//button[@data-kt=\"masterHOAddButton\"]"}
COMMAND: POST /session/33efee992eece904c049854c14a4dda4/elements - {"using":"xpath","value":"//button[@data-kt=\"masterHOAddButton\"]"}
RESULT: {"using":"xpath","value":"//button[@data-kt=\"masterHOAddButton\"]"}
COMMAND: POST /session/33efee992eece904c049854c14a4dda4/elements - {"using":"xpath","value":"//button[@data-kt=\"masterHOAddButton\"]"}
RESULT: {"using":"xpath","value":"//button[@data-kt=\"masterHOAddButton\"]"}
COMMAND: POST /session/33efee992eece904c049854c14a4dda4/elements - {"using":"xpath","value":"//button[@data-kt=\"masterHOAddButton\"]"}
RESULT: {"using":"xpath","value":"//button[@data-kt=\"masterHOAddButton\"]"}
COMMAND: POST /session/33efee992eece904c049854c14a4dda4/elements - {"using":"xpath","value":"//button[@data-kt=\"masterHOAddButton\"]"}
RESULT: {"using":"xpath","value":"//button[@data-kt=\"masterHOAddButton\"]"}
COMMAND: POST /session/33efee992eece904c049854c14a4dda4/elements - {"using":"xpath","value":"//button[@data-kt=\"masterHOAddButton\"]"}
RESULT: {"using":"xpath","value":"//button[@data-kt=\"masterHOAddButton\"]"}
COMMAND: POST /session/33efee992eece904c049854c14a4dda4/elements - {"using":"xpath","value":"//button[@data-kt=\"masterHOAddButton\"]"}
RESULT: {"using":"xpath","value":"//button[@data-kt=\"masterHOAddButton\"]"}
COMMAND: POST /session/33efee992eece904c049854c14a4dda4/elements - {"using":"xpath","value":"//button[@data-kt=\"masterHOAddButton\"]"}
RESULT: {"using":"xpath","value":"//button[@data-kt=\"masterHOAddButton\"]"}
COMMAND: POST /session/33efee992eece904c049854c14a4dda4/elements - {"using":"xpath","value":"//button[@data-kt=\"masterHOAddButton\"]"}
RESULT: {"using":"xpath","value":"//button[@data-kt=\"masterHOAddButton\"]"}
COMMAND: POST /session/33efee992eece904c049854c14a4dda4/elements - {"using":"xpath","value":"//button[@data-kt=\"masterHOAddButton\"]"}
RESULT: {"using":"xpath","value":"//button[@data-kt=\"masterHOAddButton\"]"}
COMMAND: POST /session/33efee992eece904c049854c14a4dda4/elements - {"using":"xpath","value":"//button[@data-kt=\"masterHOAddButton\"]"}
RESULT: {"using":"xpath","value":"//button[@data-kt=\"masterHOAddButton\"]"}
COMMAND: POST /session/33efee992eece904c049854c14a4dda4/elements - {"using":"xpath","value":"//button[@data-kt=\"masterHOAddButton\"]"}
RESULT: {"using":"xpath","value":"//button[@data-kt=\"masterHOAddButton\"]"}
COMMAND: POST /session/33efee992eece904c049854c14a4dda4/elements - {"using":"xpath","value":"//button[@data-kt=\"masterHOAddButton\"]"}
RESULT: {"using":"xpath","value":"//button[@data-kt=\"masterHOAddButton\"]"}
COMMAND: POST /session/33efee992eece904c049854c14a4dda4/elements - {"using":"xpath","value":"//button[@data-kt=\"masterHOAddButton\"]"}
RESULT: {"using":"xpath","value":"//button[@data-kt=\"masterHOAddButton\"]"}
COMMAND: POST /session/33efee992eece904c049854c14a4dda4/elements - {"using":"xpath","value":"//button[@data-kt=\"masterHOAddButton\"]"}
RESULT: {"using":"xpath","value":"//button[@data-kt=\"masterHOAddButton\"]"}
COMMAND: POST /session/33efee992eece904c049854c14a4dda4/elements - {"using":"xpath","value":"//button[@data-kt=\"masterHOAddButton\"]"}
RESULT: {"using":"xpath","value":"//button[@data-kt=\"masterHOAddButton\"]"}
COMMAND: POST /session/33efee992eece904c049854c14a4dda4/elements - {"using":"xpath","value":"//button[@data-kt=\"masterHOAddButton\"]"}
RESULT: {"using":"xpath","value":"//button[@data-kt=\"masterHOAddButton\"]"}
COMMAND: POST /session/33efee992eece904c049854c14a4dda4/elements - {"using":"xpath","value":"//button[@data-kt=\"masterHOAddButton\"]"}
RESULT: {"using":"xpath","value":"//button[@data-kt=\"masterHOAddButton\"]"}
COMMAND: POST /session/33efee992eece904c049854c14a4dda4/elements - {"using":"xpath","value":"//button[@data-kt=\"masterHOAddButton\"]"}
RESULT: {"using":"xpath","value":"//button[@data-kt=\"masterHOAddButton\"]"}
COMMAND: POST /session/33efee992eece904c049854c14a4dda4/elements - {"using":"xpath","value":"//button[@data-kt=\"masterHOAddButton\"]"}
RESULT: {"using":"xpath","value":"//button[@data-kt=\"masterHOAddButton\"]"}
COMMAND: POST /session/33efee992eece904c049854c14a4dda4/elements - {"using":"xpath","value":"//button[@data-kt=\"masterHOAddButton\"]"}
RESULT: {"using":"xpath","value":"//button[@data-kt=\"masterHOAddButton\"]"}
COMMAND: POST /session/33efee992eece904c049854c14a4dda4/elements - {"using":"xpath","value":"//button[@data-kt=\"masterHOAddButton\"]"}
RESULT: {"using":"xpath","value":"//button[@data-kt=\"masterHOAddButton\"]"}
COMMAND: POST /session/33efee992eece904c049854c14a4dda4/elements - {"using":"xpath","value":"//button[@data-kt=\"masterHOAddButton\"]"}
RESULT: {"using":"xpath","value":"//button[@data-kt=\"masterHOAddButton\"]"}
COMMAND: POST /session/33efee992eece904c049854c14a4dda4/elements - {"using":"xpath","value":"//button[@data-kt=\"masterHOAddButton\"]"}
RESULT: {"using":"xpath","value":"//button[@data-kt=\"masterHOAddButton\"]"}
COMMAND: POST /session/33efee992eece904c049854c14a4dda4/elements - {"using":"xpath","value":"//button[@data-kt=\"masterHOAddButton\"]"}
RESULT: {"using":"xpath","value":"//button[@data-kt=\"masterHOAddButton\"]"}
COMMAND: POST /session/33efee992eece904c049854c14a4dda4/elements - {"using":"xpath","value":"//button[@data-kt=\"masterHOAddButton\"]"}
RESULT: {"using":"xpath","value":"//button[@data-kt=\"masterHOAddButton\"]"}
COMMAND: POST /session/33efee992eece904c049854c14a4dda4/elements - {"using":"xpath","value":"//button[@data-kt=\"masterHOAddButton\"]"}
RESULT: {"using":"xpath","value":"//button[@data-kt=\"masterHOAddButton\"]"}
COMMAND: POST /session/33efee992eece904c049854c14a4dda4/elements - {"using":"xpath","value":"//button[@data-kt=\"masterHOAddButton\"]"}
RESULT: {"using":"xpath","value":"//button[@data-kt=\"masterHOAddButton\"]"}
COMMAND: POST /session/33efee992eece904c049854c14a4dda4/elements - {"using":"xpath","value":"//button[@data-kt=\"masterHOAddButton\"]"}
RESULT: {"using":"xpath","value":"//button[@data-kt=\"masterHOAddButton\"]"}
COMMAND: POST /session/33efee992eece904c049854c14a4dda4/elements - {"using":"xpath","value":"//button[@data-kt=\"masterHOAddButton\"]"}
RESULT: {"using":"xpath","value":"//button[@data-kt=\"masterHOAddButton\"]"}
COMMAND: POST /session/33efee992eece904c049854c14a4dda4/elements - {"using":"xpath","value":"//button[@data-kt=\"masterHOAddButton\"]"}
RESULT: {"using":"xpath","value":"//button[@data-kt=\"masterHOAddButton\"]"}
COMMAND: POST /session/33efee992eece904c049854c14a4dda4/elements - {"using":"xpath","value":"//button[@data-kt=\"masterHOAddButton\"]"}
RESULT: {"using":"xpath","value":"//button[@data-kt=\"masterHOAddButton\"]"}
COMMAND: POST /session/33efee992eece904c049854c14a4dda4/elements - {"using":"xpath","value":"//button[@data-kt=\"masterHOAddButton\"]"}
RESULT: {"using":"xpath","value":"//button[@data-kt=\"masterHOAddButton\"]"}
COMMAND: POST /session/33efee992eece904c049854c14a4dda4/elements - {"using":"xpath","value":"//button[@data-kt=\"masterHOAddButton\"]"}
RESULT: {"using":"xpath","value":"//button[@data-kt=\"masterHOAddButton\"]"}
COMMAND: POST /session/33efee992eece904c049854c14a4dda4/elements - {"using":"xpath","value":"//button[@data-kt=\"masterHOAddButton\"]"}
RESULT: {"using":"xpath","value":"//button[@data-kt=\"masterHOAddButton\"]"}
COMMAND: POST /session/33efee992eece904c049854c14a4dda4/elements - {"using":"xpath","value":"//button[@data-kt=\"masterHOAddButton\"]"}
RESULT: {"using":"xpath","value":"//button[@data-kt=\"masterHOAddButton\"]"}
COMMAND: POST /session/33efee992eece904c049854c14a4dda4/elements - {"using":"xpath","value":"//button[@data-kt=\"masterHOAddButton\"]"}
RESULT: {"using":"xpath","value":"//button[@data-kt=\"masterHOAddButton\"]"}
COMMAND: POST /session/33efee992eece904c049854c14a4dda4/elements - {"using":"xpath","value":"//button[@data-kt=\"masterHOAddButton\"]"}
RESULT: {"using":"xpath","value":"//button[@data-kt=\"masterHOAddButton\"]"}
COMMAND: POST /session/33efee992eece904c049854c14a4dda4/elements - {"using":"xpath","value":"//button[@data-kt=\"masterHOAddButton\"]"}
RESULT: {"using":"xpath","value":"//button[@data-kt=\"masterHOAddButton\"]"}
COMMAND: POST /session/33efee992eece904c049854c14a4dda4/elements - {"using":"xpath","value":"//button[@data-kt=\"masterHOAddButton\"]"}
RESULT: {"using":"xpath","value":"//button[@data-kt=\"masterHOAddButton\"]"}
COMMAND: POST /session/33efee992eece904c049854c14a4dda4/elements - {"using":"xpath","value":"//button[@data-kt=\"masterHOAddButton\"]"}
RESULT: {"using":"xpath","value":"//button[@data-kt=\"masterHOAddButton\"]"}
COMMAND: POST /session/33efee992eece904c049854c14a4dda4/elements - {"using":"xpath","value":"//button[@data-kt=\"masterHOAddButton\"]"}
RESULT: {"using":"xpath","value":"//button[@data-kt=\"masterHOAddButton\"]"}
COMMAND: POST /session/33efee992eece904c049854c14a4dda4/elements - {"using":"xpath","value":"//button[@data-kt=\"masterHOAddButton\"]"}
RESULT: {"using":"xpath","value":"//button[@data-kt=\"masterHOAddButton\"]"}
COMMAND: POST /session/33efee992eece904c049854c14a4dda4/elements - {"using":"xpath","value":"//button[@data-kt=\"masterHOAddButton\"]"}
RESULT: {"using":"xpath","value":"//button[@data-kt=\"masterHOAddButton\"]"}
COMMAND: POST /session/33efee992eece904c049854c14a4dda4/elements - {"using":"xpath","value":"//button[@data-kt=\"masterHOAddButton\"]"}
RESULT: {"using":"xpath","value":"//button[@data-kt=\"masterHOAddButton\"]"}
COMMAND: POST /session/33efee992eece904c049854c14a4dda4/elements - {"using":"xpath","value":"//button[@data-kt=\"masterHOAddButton\"]"}
RESULT: {"using":"xpath","value":"//button[@data-kt=\"masterHOAddButton\"]"}
COMMAND: POST /session/33efee992eece904c049854c14a4dda4/elements - {"using":"xpath","value":"//button[@data-kt=\"masterHOAddButton\"]"}
RESULT: {"using":"xpath","value":"//button[@data-kt=\"masterHOAddButton\"]"}
COMMAND: POST /session/33efee992eece904c049854c14a4dda4/elements - {"using":"xpath","value":"//button[@data-kt=\"masterHOAddButton\"]"}
RESULT: {"using":"xpath","value":"//button[@data-kt=\"masterHOAddButton\"]"}
COMMAND: POST /session/33efee992eece904c049854c14a4dda4/elements - {"using":"xpath","value":"//button[@data-kt=\"masterHOAddButton\"]"}
RESULT: {"using":"xpath","value":"//button[@data-kt=\"masterHOAddButton\"]"}
COMMAND: POST /session/33efee992eece904c049854c14a4dda4/elements - {"using":"xpath","value":"//button[@data-kt=\"masterHOAddButton\"]"}
RESULT: {"using":"xpath","value":"//button[@data-kt=\"masterHOAddButton\"]"}
COMMAND: POST /session/33efee992eece904c049854c14a4dda4/elements - {"using":"xpath","value":"//button[@data-kt=\"masterHOAddButton\"]"}
RESULT: {"using":"xpath","value":"//button[@data-kt=\"masterHOAddButton\"]"}
COMMAND: POST /session/33efee992eece904c049854c14a4dda4/elements - {"using":"xpath","value":"//button[@data-kt=\"masterHOAddButton\"]"}
RESULT: {"using":"xpath","value":"//button[@data-kt=\"masterHOAddButton\"]"}
COMMAND: GET /session/33efee992eece904c049854c14a4dda4/screenshot - {}
RESULT: {}
]]></system-out>
      <system-err><![CDATA[
Error: element ("//button[@data-kt="masterHOAddButton"]") still not existing after 45000ms
    at async UtilsPrerequisites.stockIncrease (D:\a\1\s\test\specs\BTS\prerequisites-and-utils-functions.js:1576:9)
    at async Context.<anonymous> (D:\a\1\s\test\specs\HTR\ru-inv-list-mass-state-change.spec.js:299:9)
]]></system-err>
    </testcase>
    <testcase classname="chrome.136_0_7103_93.windows.RU_Inventory_Mass_State_Change_Multiple_Items_US151066" name="Step 2 Should do a RU inventory mass state change on chosen yard 109 with the resources created one equipment one material the existing ones too" time="66.018">
      <failure/>
      <error message="expect(received).toEqual(expected) // deep equality&#xA;&#xA;Expected: 70&#xA;Received: 68"/>
      <system-out><![CDATA[
COMMAND: GET /session/33efee992eece904c049854c14a4dda4/screenshot - {}
RESULT: undefined
COMMAND: POST /session/33efee992eece904c049854c14a4dda4/element - {"using":"xpath","value":"//*[@id=\"__tile99\"]"}
RESULT: {}
RESULT: {"using":"xpath","value":"//*[@id=\"__tile99\"]"}
COMMAND: POST /session/33efee992eece904c049854c14a4dda4/element/f.570B0DC8E68F1A8718BE401DFFF8ABE1.d.24FD140F5B88186B07DD6D81E41425D2.e.260/click - {}
RESULT: {}
COMMAND: GET /session/33efee992eece904c049854c14a4dda4/screenshot - {}
RESULT: {}
COMMAND: POST /session/33efee992eece904c049854c14a4dda4/elements - {"using":"xpath","value":"//span[text()='Error']"}
RESULT: {"using":"xpath","value":"//span[text()='Error']"}
COMMAND: POST /session/33efee992eece904c049854c14a4dda4/element - {"using":"xpath","value":"//button[contains(@id, \"massStateBtn\")]"}
RESULT: {"using":"xpath","value":"//button[contains(@id, \"massStateBtn\")]"}
COMMAND: POST /session/33efee992eece904c049854c14a4dda4/elements - {"using":"xpath","value":"//button[contains(@id, \"massStateBtn\")]"}
RESULT: {"using":"xpath","value":"//button[contains(@id, \"massStateBtn\")]"}
COMMAND: POST /session/33efee992eece904c049854c14a4dda4/execute/sync - {"script":"<script> [8489 bytes]","args":[{"element-6066-11e4-a52e-4f735466cecf":"f.570B0DC8E68F1A8718BE401DFFF8ABE1.d.24FD140F5B88186B07DD6D81E41425D2.e.3359","ELEMENT":"f.570B0DC8E68F1A8718BE401DFFF8ABE1.d.24FD140F5B88186B07DD6D81E41425D2.e.3359"}]}
RESULT: {"script":"<script> [8489 bytes]","args":[{"element-6066-11e4-a52e-4f735466cecf":"f.570B0DC8E68F1A8718BE401DFFF8ABE1.d.24FD140F5B88186B07DD6D81E41425D2.e.3359","ELEMENT":"f.570B0DC8E68F1A8718BE401DFFF8ABE1.d.24FD140F5B88186B07DD6D81E41425D2.e.3359"}]}
COMMAND: GET /session/33efee992eece904c049854c14a4dda4/element/f.570B0DC8E68F1A8718BE401DFFF8ABE1.d.24FD140F5B88186B07DD6D81E41425D2.e.3359/enabled - {}
COMMAND: GET /session/33efee992eece904c049854c14a4dda4/screenshot - {}
RESULT: {}
COMMAND: POST /session/33efee992eece904c049854c14a4dda4/execute/sync - {"script":"<script> [8489 bytes]","args":[{"element-6066-11e4-a52e-4f735466cecf":"f.570B0DC8E68F1A8718BE401DFFF8ABE1.d.24FD140F5B88186B07DD6D81E41425D2.e.3359","ELEMENT":"f.570B0DC8E68F1A8718BE401DFFF8ABE1.d.24FD140F5B88186B07DD6D81E41425D2.e.3359"}]}
COMMAND: GET /session/33efee992eece904c049854c14a4dda4/screenshot - {}
RESULT: {}
RESULT: {"script":"<script> [8489 bytes]","args":[{"element-6066-11e4-a52e-4f735466cecf":"f.570B0DC8E68F1A8718BE401DFFF8ABE1.d.24FD140F5B88186B07DD6D81E41425D2.e.3359","ELEMENT":"f.570B0DC8E68F1A8718BE401DFFF8ABE1.d.24FD140F5B88186B07DD6D81E41425D2.e.3359"}]}
COMMAND: POST /session/33efee992eece904c049854c14a4dda4/execute/sync - {"script":"<script> [5351 bytes]","args":[{"element-6066-11e4-a52e-4f735466cecf":"f.570B0DC8E68F1A8718BE401DFFF8ABE1.d.24FD140F5B88186B07DD6D81E41425D2.e.3359","ELEMENT":"f.570B0DC8E68F1A8718BE401DFFF8ABE1.d.24FD140F5B88186B07DD6D81E41425D2.e.3359"}]}
COMMAND: GET /session/33efee992eece904c049854c14a4dda4/screenshot - {}
RESULT: {}
RESULT: {"script":"<script> [5351 bytes]","args":[{"element-6066-11e4-a52e-4f735466cecf":"f.570B0DC8E68F1A8718BE401DFFF8ABE1.d.24FD140F5B88186B07DD6D81E41425D2.e.3359","ELEMENT":"f.570B0DC8E68F1A8718BE401DFFF8ABE1.d.24FD140F5B88186B07DD6D81E41425D2.e.3359"}]}
COMMAND: POST /session/33efee992eece904c049854c14a4dda4/element/f.570B0DC8E68F1A8718BE401DFFF8ABE1.d.24FD140F5B88186B07DD6D81E41425D2.e.3359/click - {}
COMMAND: GET /session/33efee992eece904c049854c14a4dda4/screenshot - {}
RESULT: {}
RESULT: {}
COMMAND: GET /session/33efee992eece904c049854c14a4dda4/screenshot - {}
RESULT: {}
RESULT: {}
RESULT: undefined
COMMAND: POST /session/33efee992eece904c049854c14a4dda4/element - {"using":"xpath","value":"//*[@id=\"application-ruinventorylist-display-component---Master--ruLocationTypeComboBox-arrow\"]"}
RESULT: {"using":"xpath","value":"//*[@id=\"application-ruinventorylist-display-component---Master--ruLocationTypeComboBox-arrow\"]"}
COMMAND: POST /session/33efee992eece904c049854c14a4dda4/element/f.570B0DC8E68F1A8718BE401DFFF8ABE1.d.24FD140F5B88186B07DD6D81E41425D2.e.3714/click - {}
RESULT: {}
COMMAND: GET /session/33efee992eece904c049854c14a4dda4/screenshot - {}
RESULT: {}
COMMAND: POST /session/33efee992eece904c049854c14a4dda4/element - {"using":"xpath","value":"//li[.//span[text()='Yard']]"}
RESULT: {"using":"xpath","value":"//li[.//span[text()='Yard']]"}
COMMAND: POST /session/33efee992eece904c049854c14a4dda4/element/f.570B0DC8E68F1A8718BE401DFFF8ABE1.d.24FD140F5B88186B07DD6D81E41425D2.e.3715/click - {}
RESULT: {}
COMMAND: GET /session/33efee992eece904c049854c14a4dda4/screenshot - {}
RESULT: {}
RESULT: undefined
COMMAND: POST /session/33efee992eece904c049854c14a4dda4/element - {"using":"xpath","value":"//*[@id=\"application-ruinventorylist-display-component---Master--smartFilterBar-filterItemControl_BASIC-YARD-vhi\"]"}
RESULT: {"using":"xpath","value":"//*[@id=\"application-ruinventorylist-display-component---Master--smartFilterBar-filterItemControl_BASIC-YARD-vhi\"]"}
COMMAND: POST /session/33efee992eece904c049854c14a4dda4/element/f.570B0DC8E68F1A8718BE401DFFF8ABE1.d.24FD140F5B88186B07DD6D81E41425D2.e.3749/click - {}
RESULT: {}
COMMAND: GET /session/33efee992eece904c049854c14a4dda4/screenshot - {}
RESULT: {}
RESULT: undefined
COMMAND: POST /session/33efee992eece904c049854c14a4dda4/execute/async - {"script":"<script> [776 bytes]","args":[{"enterText":"109","selector":{"id":"application-ruinventorylist-display-component---Master--smartFilterBar-filterItemControl_BASIC-YARD-valueHelpDialog-smartFilterBar-btnBasicSearch","searchOpenDialogs":true,"interaction":{"idSuffix":"I"}},"clearTextFirst":true,"interactionType":"ENTER_TEXT"}]}
RESULT: {"script":"<script> [776 bytes]","args":[{"enterText":"109","selector":{"id":"application-ruinventorylist-display-component---Master--smartFilterBar-filterItemControl_BASIC-YARD-valueHelpDialog-smartFilterBar-btnBasicSearch","searchOpenDialogs":true,"interaction":{"idSuffix":"I"}},"clearTextFirst":true,"interactionType":"ENTER_TEXT"}]}
COMMAND: POST /session/33efee992eece904c049854c14a4dda4/actions - {"actions":[{"id":"action19","type":"key","parameters":{},"actions":[{"type":"keyDown","value":""},{"type":"pause","duration":10},{"type":"keyUp","value":""}]}]}
RESULT: {"actions":[{"id":"action19","type":"key","parameters":{},"actions":[{"type":"keyDown","value":""},{"type":"pause","duration":10},{"type":"keyUp","value":""}]}]}
COMMAND: GET /session/33efee992eece904c049854c14a4dda4/screenshot - {}
RESULT: {}
COMMAND: POST /session/33efee992eece904c049854c14a4dda4/elements - {"using":"xpath","value":"//table[contains(@id, \"filterItemControl_BASIC-YARD-valueHelpDialog-table-table\")]/tbody/tr"}
RESULT: {"using":"xpath","value":"//table[contains(@id, \"filterItemControl_BASIC-YARD-valueHelpDialog-table-table\")]/tbody/tr"}
COMMAND: POST /session/33efee992eece904c049854c14a4dda4/element - {"using":"xpath","value":"//table[contains(@id, \"filterItemControl_BASIC-YARD-valueHelpDialog-table-table\")]/tbody/tr[1]/td[1]/div/span"}
RESULT: {"using":"xpath","value":"//table[contains(@id, \"filterItemControl_BASIC-YARD-valueHelpDialog-table-table\")]/tbody/tr[1]/td[1]/div/span"}
COMMAND: POST /session/33efee992eece904c049854c14a4dda4/elements - {"using":"xpath","value":"//table[contains(@id, \"filterItemControl_BASIC-YARD-valueHelpDialog-table-table\")]/tbody/tr[1]/td[1]/div/span"}
RESULT: {"using":"xpath","value":"//table[contains(@id, \"filterItemControl_BASIC-YARD-valueHelpDialog-table-table\")]/tbody/tr[1]/td[1]/div/span"}
COMMAND: POST /session/33efee992eece904c049854c14a4dda4/execute/sync - {"script":"<script> [56 bytes]","args":[{"element-6066-11e4-a52e-4f735466cecf":"f.570B0DC8E68F1A8718BE401DFFF8ABE1.d.24FD140F5B88186B07DD6D81E41425D2.e.3769","ELEMENT":"f.570B0DC8E68F1A8718BE401DFFF8ABE1.d.24FD140F5B88186B07DD6D81E41425D2.e.3769"}]}
RESULT: {"script":"<script> [56 bytes]","args":[{"element-6066-11e4-a52e-4f735466cecf":"f.570B0DC8E68F1A8718BE401DFFF8ABE1.d.24FD140F5B88186B07DD6D81E41425D2.e.3769","ELEMENT":"f.570B0DC8E68F1A8718BE401DFFF8ABE1.d.24FD140F5B88186B07DD6D81E41425D2.e.3769"}]}
COMMAND: POST /session/33efee992eece904c049854c14a4dda4/element - {"using":"xpath","value":"//div[contains(@id, \"filterItemControl_BASIC-YARD-valueHelpDialog-table-rowsel0\")]"}
COMMAND: GET /session/33efee992eece904c049854c14a4dda4/screenshot - {}
RESULT: {"using":"xpath","value":"//div[contains(@id, \"filterItemControl_BASIC-YARD-valueHelpDialog-table-rowsel0\")]"}
COMMAND: POST /session/33efee992eece904c049854c14a4dda4/element/f.570B0DC8E68F1A8718BE401DFFF8ABE1.d.24FD140F5B88186B07DD6D81E41425D2.e.3770/click - {}
RESULT: {}
RESULT: {}
COMMAND: GET /session/33efee992eece904c049854c14a4dda4/screenshot - {}
RESULT: {}
COMMAND: POST /session/33efee992eece904c049854c14a4dda4/element - {"using":"xpath","value":"//div[contains(@id, \"smartFilterBar-filterItemControl_BASIC-YARD-valueHelpDialog-smartFilterBar-btnBasicSearch-reset\")]"}
RESULT: {"using":"xpath","value":"//div[contains(@id, \"smartFilterBar-filterItemControl_BASIC-YARD-valueHelpDialog-smartFilterBar-btnBasicSearch-reset\")]"}
COMMAND: POST /session/33efee992eece904c049854c14a4dda4/element/f.570B0DC8E68F1A8718BE401DFFF8ABE1.d.24FD140F5B88186B07DD6D81E41425D2.e.3772/click - {}
RESULT: {}
RESULT: undefined
COMMAND: POST /session/33efee992eece904c049854c14a4dda4/execute/async - {"script":"<script> [776 bytes]","args":[{"enterText":"OPA5_BST01_YARD1","selector":{"id":"application-ruinventorylist-display-component---Master--smartFilterBar-filterItemControl_BASIC-YARD-valueHelpDialog-smartFilterBar-btnBasicSearch","searchOpenDialogs":true,"interaction":{"idSuffix":"I"}},"clearTextFirst":true,"interactionType":"ENTER_TEXT"}]}
COMMAND: GET /session/33efee992eece904c049854c14a4dda4/screenshot - {}
RESULT: {"script":"<script> [776 bytes]","args":[{"enterText":"OPA5_BST01_YARD1","selector":{"id":"application-ruinventorylist-display-component---Master--smartFilterBar-filterItemControl_BASIC-YARD-valueHelpDialog-smartFilterBar-btnBasicSearch","searchOpenDialogs":true,"interaction":{"idSuffix":"I"}},"clearTextFirst":true,"interactionType":"ENTER_TEXT"}]}
COMMAND: POST /session/33efee992eece904c049854c14a4dda4/actions - {"actions":[{"id":"action20","type":"key","parameters":{},"actions":[{"type":"keyDown","value":""},{"type":"pause","duration":10},{"type":"keyUp","value":""}]}]}
RESULT: {}
RESULT: {"actions":[{"id":"action20","type":"key","parameters":{},"actions":[{"type":"keyDown","value":""},{"type":"pause","duration":10},{"type":"keyUp","value":""}]}]}
COMMAND: GET /session/33efee992eece904c049854c14a4dda4/screenshot - {}
RESULT: {}
COMMAND: POST /session/33efee992eece904c049854c14a4dda4/elements - {"using":"xpath","value":"//table[contains(@id, \"filterItemControl_BASIC-YARD-valueHelpDialog-table-table\")]/tbody/tr"}
RESULT: {"using":"xpath","value":"//table[contains(@id, \"filterItemControl_BASIC-YARD-valueHelpDialog-table-table\")]/tbody/tr"}
COMMAND: POST /session/33efee992eece904c049854c14a4dda4/element - {"using":"xpath","value":"//table[contains(@id, \"filterItemControl_BASIC-YARD-valueHelpDialog-table-table\")]/tbody/tr[1]/td[1]/div/span"}
RESULT: {"using":"xpath","value":"//table[contains(@id, \"filterItemControl_BASIC-YARD-valueHelpDialog-table-table\")]/tbody/tr[1]/td[1]/div/span"}
COMMAND: POST /session/33efee992eece904c049854c14a4dda4/elements - {"using":"xpath","value":"//table[contains(@id, \"filterItemControl_BASIC-YARD-valueHelpDialog-table-table\")]/tbody/tr[1]/td[1]/div/span"}
RESULT: {"using":"xpath","value":"//table[contains(@id, \"filterItemControl_BASIC-YARD-valueHelpDialog-table-table\")]/tbody/tr[1]/td[1]/div/span"}
COMMAND: POST /session/33efee992eece904c049854c14a4dda4/execute/sync - {"script":"<script> [56 bytes]","args":[{"element-6066-11e4-a52e-4f735466cecf":"f.570B0DC8E68F1A8718BE401DFFF8ABE1.d.24FD140F5B88186B07DD6D81E41425D2.e.3769","ELEMENT":"f.570B0DC8E68F1A8718BE401DFFF8ABE1.d.24FD140F5B88186B07DD6D81E41425D2.e.3769"}]}
RESULT: {"script":"<script> [56 bytes]","args":[{"element-6066-11e4-a52e-4f735466cecf":"f.570B0DC8E68F1A8718BE401DFFF8ABE1.d.24FD140F5B88186B07DD6D81E41425D2.e.3769","ELEMENT":"f.570B0DC8E68F1A8718BE401DFFF8ABE1.d.24FD140F5B88186B07DD6D81E41425D2.e.3769"}]}
COMMAND: POST /session/33efee992eece904c049854c14a4dda4/element - {"using":"xpath","value":"//div[contains(@id, \"filterItemControl_BASIC-YARD-valueHelpDialog-table-rowsel0\")]"}
COMMAND: GET /session/33efee992eece904c049854c14a4dda4/screenshot - {}
RESULT: {"using":"xpath","value":"//div[contains(@id, \"filterItemControl_BASIC-YARD-valueHelpDialog-table-rowsel0\")]"}
COMMAND: POST /session/33efee992eece904c049854c14a4dda4/element/f.570B0DC8E68F1A8718BE401DFFF8ABE1.d.24FD140F5B88186B07DD6D81E41425D2.e.3770/click - {}
RESULT: {}
RESULT: {}
COMMAND: GET /session/33efee992eece904c049854c14a4dda4/screenshot - {}
RESULT: {}
COMMAND: POST /session/33efee992eece904c049854c14a4dda4/element - {"using":"xpath","value":"(//bdi[contains(text(), \"OK\")])[1]"}
RESULT: {"using":"xpath","value":"(//bdi[contains(text(), \"OK\")])[1]"}
COMMAND: POST /session/33efee992eece904c049854c14a4dda4/element/f.570B0DC8E68F1A8718BE401DFFF8ABE1.d.24FD140F5B88186B07DD6D81E41425D2.e.3773/click - {}
RESULT: {}
COMMAND: GET /session/33efee992eece904c049854c14a4dda4/screenshot - {}
RESULT: {}
COMMAND: POST /session/33efee992eece904c049854c14a4dda4/element - {"using":"xpath","value":"//span[@id=\"application-ruinventorylist-display-component---Master--smartTableRuInventoryList-header-inner\"]"}
RESULT: {"using":"xpath","value":"//span[@id=\"application-ruinventorylist-display-component---Master--smartTableRuInventoryList-header-inner\"]"}
COMMAND: POST /session/33efee992eece904c049854c14a4dda4/elements - {"using":"xpath","value":"//span[@id=\"application-ruinventorylist-display-component---Master--smartTableRuInventoryList-header-inner\"]"}
RESULT: {"using":"xpath","value":"//span[@id=\"application-ruinventorylist-display-component---Master--smartTableRuInventoryList-header-inner\"]"}
COMMAND: POST /session/33efee992eece904c049854c14a4dda4/execute/sync - {"script":"<script> [56 bytes]","args":[{"element-6066-11e4-a52e-4f735466cecf":"f.570B0DC8E68F1A8718BE401DFFF8ABE1.d.24FD140F5B88186B07DD6D81E41425D2.e.3920","ELEMENT":"f.570B0DC8E68F1A8718BE401DFFF8ABE1.d.24FD140F5B88186B07DD6D81E41425D2.e.3920"}]}
RESULT: {"script":"<script> [56 bytes]","args":[{"element-6066-11e4-a52e-4f735466cecf":"f.570B0DC8E68F1A8718BE401DFFF8ABE1.d.24FD140F5B88186B07DD6D81E41425D2.e.3920","ELEMENT":"f.570B0DC8E68F1A8718BE401DFFF8ABE1.d.24FD140F5B88186B07DD6D81E41425D2.e.3920"}]}
COMMAND: GET /session/33efee992eece904c049854c14a4dda4/screenshot - {}
COMMAND: GET /session/33efee992eece904c049854c14a4dda4/screenshot - {}
RESULT: {}
COMMAND: GET /session/33efee992eece904c049854c14a4dda4/screenshot - {}
COMMAND: GET /session/33efee992eece904c049854c14a4dda4/screenshot - {}
RESULT: {}
RESULT: {}
RESULT: {}
COMMAND: DELETE /session/33efee992eece904c049854c14a4dda4 - {}
RESULT: {}
]]></system-out>
      <system-err><![CDATA[
Error: expect(received).toEqual(expected) // deep equality

Expected: 70
Received: 68
    at Context.<anonymous> (D:\a\1\s\test\specs\HTR\ru-inv-list-mass-state-change.spec.js:442:38)
]]></system-err>
    </testcase>
  </testsuite>
</testsuites>