<?xml version="1.0" encoding="UTF-8"?>
<testsuites tests="82" failures="79" errors="79" skipped="0">
  <testsuite timestamp="2025-05-10T16:20:02" time="435.94" tests="8" failures="8" errors="8" skipped="0">
    <properties>
      <property name="specId" value="0" />
      <property name="suiteName" value="Stock increase - with WHM US125587" />
      <property name="capabilities" value="chrome.136_0_7103_49.windows" />
      <property name="file" value="file:///D:/a/1/s/test/specs/HTR/stock-increase.spec.js" />
    </properties>
  </testsuite>
  <testsuite timestamp="2025-05-10T16:27:18" time="328.73" tests="6" failures="6" errors="6" skipped="0">
    <properties>
      <property name="specId" value="0" />
      <property name="suiteName" value="Provide to Site w/ warehouse management w/ clarification US115878" />
      <property name="capabilities" value="chrome.136_0_7103_49.windows" />
      <property name="file" value="file:///D:/a/1/s/test/specs/HTR/provide-to-site-w-warehouse-w-clarification.spec.js" />
    </properties>
  </testsuite>
  <testsuite timestamp="2025-05-10T16:32:47" time="386.924" tests="6" failures="6" errors="6" skipped="0">
    <properties>
      <property name="specId" value="0" />
      <property name="suiteName" value="Provide to Site w/ warehouse management w clarification" />
      <property name="capabilities" value="chrome.136_0_7103_49.windows" />
      <property name="file" value="file:///D:/a/1/s/test/specs/HTR/provide-to-site-w-warehouse-w-clarification.spec.js" />
    </properties>
  </testsuite>
  <testsuite timestamp="2025-05-10T16:39:14" time="326.505" tests="6" failures="6" errors="6" skipped="0">
    <properties>
      <property name="specId" value="0" />
      <property name="suiteName" value="Provide to Site w/ warehouse management w/o clarification US113782 " />
      <property name="capabilities" value="chrome.136_0_7103_49.windows" />
      <property name="file" value="file:///D:/a/1/s/test/specs/HTR/provide-to-site-w-warehouse-wo-clarification.spec.js" />
    </properties>
  </testsuite>
  <testsuite timestamp="2025-05-10T16:44:41" time="252.018" tests="5" failures="5" errors="5" skipped="0">
    <properties>
      <property name="specId" value="0" />
      <property name="suiteName" value="Provide to Site w/ warehouse management wo clarification" />
      <property name="capabilities" value="chrome.136_0_7103_49.windows" />
      <property name="file" value="file:///D:/a/1/s/test/specs/HTR/provide-to-site-w-warehouse-wo-clarification.spec.js" />
    </properties>
  </testsuite>
  <testsuite timestamp="2025-05-10T16:48:53" time="234.336" tests="4" failures="4" errors="4" skipped="0">
    <properties>
      <property name="specId" value="0" />
      <property name="suiteName" value="Provide to Site w/o warehouse management w/ clarification US116605" />
      <property name="capabilities" value="chrome.136_0_7103_49.windows" />
      <property name="file" value="file:///D:/a/1/s/test/specs/HTR/provide-to-site-wo-warehouse-w-clarification.spec.js" />
    </properties>
  </testsuite>
  <testsuite timestamp="2025-05-10T16:52:47" time="223.356" tests="6" failures="5" errors="5" skipped="0">
    <properties>
      <property name="specId" value="0" />
      <property name="suiteName" value="Provide to Site w/o warehouse management w clarification" />
      <property name="capabilities" value="chrome.136_0_7103_49.windows" />
      <property name="file" value="file:///D:/a/1/s/test/specs/HTR/provide-to-site-wo-warehouse-w-clarification.spec.js" />
    </properties>
    <testcase classname="chrome.136_0_7103_49.windows.Provide_to_Site_w/o_warehouse_management_w_clarification" name="Should test for Clarification" time="0.008">
      <system-out><![CDATA[
COMMAND: GET /session/6e2dc3d2cb6001ef55739698d9f01963/screenshot - {}
COMMAND: POST /session/6e2dc3d2cb6001ef55739698d9f01963/element - {"using":"css selector","value":"#j_username"}
COMMAND: POST /session/6e2dc3d2cb6001ef55739698d9f01963/url - {"url":"https://qa-testing-00-live-etm-ui.cfapps.eu10-004.hana.ondemand.com/"}
COMMAND: GET /session/6e2dc3d2cb6001ef55739698d9f01963/screenshot - {}
RESULT: {}
RESULT: {"using":"css selector","value":"#j_username"}
COMMAND: POST /session/6e2dc3d2cb6001ef55739698d9f01963/element - {"using":"css selector","value":"#j_username"}
RESULT: {"url":"https://qa-testing-00-live-etm-ui.cfapps.eu10-004.hana.ondemand.com/"}
RESULT: undefined
COMMAND: GET /session/6e2dc3d2cb6001ef55739698d9f01963/screenshot - {}
RESULT: {}
RESULT: {"using":"css selector","value":"#j_username"}
COMMAND: POST /session/6e2dc3d2cb6001ef55739698d9f01963/element - {"using":"css selector","value":"#shell-header-logo"}
RESULT: {}
RESULT: {"using":"css selector","value":"#shell-header-logo"}
COMMAND: POST /session/6e2dc3d2cb6001ef55739698d9f01963/execute/sync - {"script":"<script> [8489 bytes]","args":[{"element-6066-11e4-a52e-4f735466cecf":"f.9DE3A927A242442CEF98184F015E1211.d.534EE8C42DCBAF2CF1A2E98466D6F12F.e.1221","ELEMENT":"f.9DE3A927A242442CEF98184F015E1211.d.534EE8C42DCBAF2CF1A2E98466D6F12F.e.1221"}]}
RESULT: {"script":"<script> [8489 bytes]","args":[{"element-6066-11e4-a52e-4f735466cecf":"f.9DE3A927A242442CEF98184F015E1211.d.534EE8C42DCBAF2CF1A2E98466D6F12F.e.1221","ELEMENT":"f.9DE3A927A242442CEF98184F015E1211.d.534EE8C42DCBAF2CF1A2E98466D6F12F.e.1221"}]}
COMMAND: POST /session/6e2dc3d2cb6001ef55739698d9f01963/element - {"using":"css selector","value":"#shell-header-logo"}
COMMAND: GET /session/6e2dc3d2cb6001ef55739698d9f01963/screenshot - {}
RESULT: {"using":"css selector","value":"#shell-header-logo"}
COMMAND: POST /session/6e2dc3d2cb6001ef55739698d9f01963/execute/sync - {"script":"<script> [8489 bytes]","args":[{"element-6066-11e4-a52e-4f735466cecf":"f.9DE3A927A242442CEF98184F015E1211.d.534EE8C42DCBAF2CF1A2E98466D6F12F.e.1221","ELEMENT":"f.9DE3A927A242442CEF98184F015E1211.d.534EE8C42DCBAF2CF1A2E98466D6F12F.e.1221"}]}
RESULT: {}
RESULT: {"script":"<script> [8489 bytes]","args":[{"element-6066-11e4-a52e-4f735466cecf":"f.9DE3A927A242442CEF98184F015E1211.d.534EE8C42DCBAF2CF1A2E98466D6F12F.e.1221","ELEMENT":"f.9DE3A927A242442CEF98184F015E1211.d.534EE8C42DCBAF2CF1A2E98466D6F12F.e.1221"}]}
COMMAND: POST /session/6e2dc3d2cb6001ef55739698d9f01963/execute/sync - {"script":"<script> [5351 bytes]","args":[{"element-6066-11e4-a52e-4f735466cecf":"f.9DE3A927A242442CEF98184F015E1211.d.534EE8C42DCBAF2CF1A2E98466D6F12F.e.1221","ELEMENT":"f.9DE3A927A242442CEF98184F015E1211.d.534EE8C42DCBAF2CF1A2E98466D6F12F.e.1221"}]}
COMMAND: GET /session/6e2dc3d2cb6001ef55739698d9f01963/screenshot - {}
RESULT: {"script":"<script> [5351 bytes]","args":[{"element-6066-11e4-a52e-4f735466cecf":"f.9DE3A927A242442CEF98184F015E1211.d.534EE8C42DCBAF2CF1A2E98466D6F12F.e.1221","ELEMENT":"f.9DE3A927A242442CEF98184F015E1211.d.534EE8C42DCBAF2CF1A2E98466D6F12F.e.1221"}]}
COMMAND: POST /session/6e2dc3d2cb6001ef55739698d9f01963/element - {"using":"css selector","value":"#shell-header-logo"}
COMMAND: GET /session/6e2dc3d2cb6001ef55739698d9f01963/screenshot - {}
RESULT: {}
RESULT: {"using":"css selector","value":"#shell-header-logo"}
COMMAND: POST /session/6e2dc3d2cb6001ef55739698d9f01963/element/f.9DE3A927A242442CEF98184F015E1211.d.534EE8C42DCBAF2CF1A2E98466D6F12F.e.1221/click - {}
RESULT: {}
RESULT: {}
COMMAND: GET /session/6e2dc3d2cb6001ef55739698d9f01963/screenshot - {}
RESULT: {}
COMMAND: POST /session/6e2dc3d2cb6001ef55739698d9f01963/execute/async - {"script":"<script> [189 bytes]","args":[]}
RESULT: {"script":"<script> [189 bytes]","args":[]}
COMMAND: POST /session/6e2dc3d2cb6001ef55739698d9f01963/execute/async - {"script":"<script> [123 bytes]","args":[]}
RESULT: {"script":"<script> [123 bytes]","args":[]}
COMMAND: POST /session/6e2dc3d2cb6001ef55739698d9f01963/timeouts - {"script":"<number>"}
RESULT: {"script":"<number>"}
COMMAND: GET /session/6e2dc3d2cb6001ef55739698d9f01963/timeouts - {}
RESULT: {}
RESULT: undefined
COMMAND: POST /session/6e2dc3d2cb6001ef55739698d9f01963/execute/async - {"script":"<script> [2676 bytes]","args":[]}
RESULT: {"script":"<script> [2676 bytes]","args":[]}
COMMAND: POST /session/6e2dc3d2cb6001ef55739698d9f01963/execute/async - {"script":"<script> [2342 bytes]","args":[{"protocol":"http","hostname":"0.0.0.0","path":"/","capabilities":{"browserName":"chrome","goog:chromeOptions":{"binary":"C:\\Program Files\\Google\\Chrome\\Application\\chrome.exe","args":["--start-maximized"]}},"logLevel":"warn","connectionRetryTimeout":120000,"connectionRetryCount":3,"logLevels":{},"enableDirectConnect":true,"strictSSL":true,"_":"65 more keys: [\"cacheDir\",\"port\",\"requestedCapabilities\",\"automationProtocol\",\"baseUrl\",\"waitforInterval\",\"waitforTimeout\",\"onReload\",\"beforeCommand\",\"afterCommand\",\"rootDir\",\"specs\",\"suites\",\"exclude\",\"groupLogsByTestSpec\",\"excludeDriverLogs\",\"bail\",\"framework\",\"reporters\",\"services\",\"maxInstances\",\"maxInstancesPerCapability\",\"injectGlobals\",\"filesToWatch\",\"execArgv\",\"runnerEnv\",\"runner\",\"shard\",\"specFileRetries\",\"specFileRetriesDelay\",\"specFileRetriesDeferred\",\"reporterSyncInterval\",\"reporterSyncTimeout\",\"cucumberFeaturesWithLineNumbers\",\"autoCompileOpts\",\"mochaOpts\",\"jasmineOpts\",\"cucumberOpts\",\"onPrepare\",\"onWorkerStart\",\"onWorkerEnd\",\"before\",\"beforeSession\",\"beforeSuite\",\"beforeHook\",\"beforeTest\",\"afterTest\",\"afterHook\",\"afterSuite\",\"afterSession\",\"after\",\"onComplete\",\"beforeAssertion\",\"afterAssertion\",\"beforeFeature\",\"beforeScenario\",\"beforeStep\",\"afterStep\",\"afterScenario\",\"afterFeature\",\"_\",\"suite\",\"$0\",\"ignoredWorkerServices\",\"wdi5\"]"}]}
RESULT: {"script":"<script> [2342 bytes]","args":[{"protocol":"http","hostname":"0.0.0.0","path":"/","capabilities":{"browserName":"chrome","goog:chromeOptions":{"binary":"C:\\Program Files\\Google\\Chrome\\Application\\chrome.exe","args":["--start-maximized"]}},"logLevel":"warn","connectionRetryTimeout":120000,"connectionRetryCount":3,"logLevels":{},"enableDirectConnect":true,"strictSSL":true,"_":"65 more keys: [\"cacheDir\",\"port\",\"requestedCapabilities\",\"automationProtocol\",\"baseUrl\",\"waitforInterval\",\"waitforTimeout\",\"onReload\",\"beforeCommand\",\"afterCommand\",\"rootDir\",\"specs\",\"suites\",\"exclude\",\"groupLogsByTestSpec\",\"excludeDriverLogs\",\"bail\",\"framework\",\"reporters\",\"services\",\"maxInstances\",\"maxInstancesPerCapability\",\"injectGlobals\",\"filesToWatch\",\"execArgv\",\"runnerEnv\",\"runner\",\"shard\",\"specFileRetries\",\"specFileRetriesDelay\",\"specFileRetriesDeferred\",\"reporterSyncInterval\",\"reporterSyncTimeout\",\"cucumberFeaturesWithLineNumbers\",\"autoCompileOpts\",\"mochaOpts\",\"jasmineOpts\",\"cucumberOpts\",\"onPrepare\",\"onWorkerStart\",\"onWorkerEnd\",\"before\",\"beforeSession\",\"beforeSuite\",\"beforeHook\",\"beforeTest\",\"afterTest\",\"afterHook\",\"afterSuite\",\"afterSession\",\"after\",\"onComplete\",\"beforeAssertion\",\"afterAssertion\",\"beforeFeature\",\"beforeScenario\",\"beforeStep\",\"afterStep\",\"afterScenario\",\"afterFeature\",\"_\",\"suite\",\"$0\",\"ignoredWorkerServices\",\"wdi5\"]"}]}
COMMAND: POST /session/6e2dc3d2cb6001ef55739698d9f01963/execute/async - {"script":"<script> [21126 bytes]","args":[35000]}
RESULT: {"script":"<script> [21126 bytes]","args":[35000]}
COMMAND: POST /session/6e2dc3d2cb6001ef55739698d9f01963/window/maximize - {}
RESULT: {}
COMMAND: POST /session/6e2dc3d2cb6001ef55739698d9f01963/execute/async - {"script":"<script> [1562 bytes]","args":[{"selector":{"id":"shell-header","interaction":{"idSuffix":"icon"}},"wdio_ui5_key":"shellheader"}]}
COMMAND: GET /session/6e2dc3d2cb6001ef55739698d9f01963/screenshot - {}
RESULT: {"script":"<script> [1562 bytes]","args":[{"selector":{"id":"shell-header","interaction":{"idSuffix":"icon"}},"wdio_ui5_key":"shellheader"}]}
RESULT: undefined
COMMAND: POST /session/6e2dc3d2cb6001ef55739698d9f01963/window/fullscreen - {}
RESULT: {}
RESULT: {}
]]></system-out>
    </testcase>
  </testsuite>
  <testsuite timestamp="2025-05-10T16:56:30" time="228.407" tests="4" failures="4" errors="4" skipped="0">
    <properties>
      <property name="specId" value="0" />
      <property name="suiteName" value="Provide to Site w/o warehouse management w/o clarification US116612" />
      <property name="capabilities" value="chrome.136_0_7103_49.windows" />
      <property name="file" value="file:///D:/a/1/s/test/specs/HTR/provide-to-site-wo-warehouse-wo-clarification.spec.js" />
    </properties>
  </testsuite>
  <testsuite timestamp="2025-05-10T17:00:19" time="224.68" tests="6" failures="5" errors="5" skipped="0">
    <properties>
      <property name="specId" value="0" />
      <property name="suiteName" value="Provide to Site w/o warehouse management w/o clarification" />
      <property name="capabilities" value="chrome.136_0_7103_49.windows" />
      <property name="file" value="file:///D:/a/1/s/test/specs/HTR/provide-to-site-wo-warehouse-wo-clarification.spec.js" />
    </properties>
    <testcase classname="chrome.136_0_7103_49.windows.Provide_to_Site_w/o_warehouse_management_w/o_clarification" name="Should test for Clarification" time="0.009">
      <system-out><![CDATA[
COMMAND: GET /session/6e2dc3d2cb6001ef55739698d9f01963/screenshot - {}
COMMAND: POST /session/6e2dc3d2cb6001ef55739698d9f01963/element - {"using":"css selector","value":"#j_username"}
COMMAND: POST /session/6e2dc3d2cb6001ef55739698d9f01963/url - {"url":"https://qa-testing-00-live-etm-ui.cfapps.eu10-004.hana.ondemand.com/"}
COMMAND: GET /session/6e2dc3d2cb6001ef55739698d9f01963/screenshot - {}
RESULT: {}
RESULT: {"url":"https://qa-testing-00-live-etm-ui.cfapps.eu10-004.hana.ondemand.com/"}
RESULT: undefined
COMMAND: GET /session/6e2dc3d2cb6001ef55739698d9f01963/screenshot - {}
RESULT: {"using":"css selector","value":"#j_username"}
COMMAND: POST /session/6e2dc3d2cb6001ef55739698d9f01963/element - {"using":"css selector","value":"#j_username"}
RESULT: {}
RESULT: {}
RESULT: {"using":"css selector","value":"#j_username"}
COMMAND: POST /session/6e2dc3d2cb6001ef55739698d9f01963/element - {"using":"css selector","value":"#shell-header-logo"}
RESULT: {"using":"css selector","value":"#shell-header-logo"}
COMMAND: POST /session/6e2dc3d2cb6001ef55739698d9f01963/execute/sync - {"script":"<script> [8489 bytes]","args":[{"element-6066-11e4-a52e-4f735466cecf":"f.9DE3A927A242442CEF98184F015E1211.d.D6C767E53486E0F3F6E2E2E1E6316BF6.e.1501","ELEMENT":"f.9DE3A927A242442CEF98184F015E1211.d.D6C767E53486E0F3F6E2E2E1E6316BF6.e.1501"}]}
RESULT: {"script":"<script> [8489 bytes]","args":[{"element-6066-11e4-a52e-4f735466cecf":"f.9DE3A927A242442CEF98184F015E1211.d.D6C767E53486E0F3F6E2E2E1E6316BF6.e.1501","ELEMENT":"f.9DE3A927A242442CEF98184F015E1211.d.D6C767E53486E0F3F6E2E2E1E6316BF6.e.1501"}]}
COMMAND: POST /session/6e2dc3d2cb6001ef55739698d9f01963/element - {"using":"css selector","value":"#shell-header-logo"}
COMMAND: GET /session/6e2dc3d2cb6001ef55739698d9f01963/screenshot - {}
RESULT: {"using":"css selector","value":"#shell-header-logo"}
COMMAND: POST /session/6e2dc3d2cb6001ef55739698d9f01963/execute/sync - {"script":"<script> [8489 bytes]","args":[{"element-6066-11e4-a52e-4f735466cecf":"f.9DE3A927A242442CEF98184F015E1211.d.D6C767E53486E0F3F6E2E2E1E6316BF6.e.1501","ELEMENT":"f.9DE3A927A242442CEF98184F015E1211.d.D6C767E53486E0F3F6E2E2E1E6316BF6.e.1501"}]}
RESULT: {}
RESULT: {"script":"<script> [8489 bytes]","args":[{"element-6066-11e4-a52e-4f735466cecf":"f.9DE3A927A242442CEF98184F015E1211.d.D6C767E53486E0F3F6E2E2E1E6316BF6.e.1501","ELEMENT":"f.9DE3A927A242442CEF98184F015E1211.d.D6C767E53486E0F3F6E2E2E1E6316BF6.e.1501"}]}
COMMAND: POST /session/6e2dc3d2cb6001ef55739698d9f01963/execute/sync - {"script":"<script> [5351 bytes]","args":[{"element-6066-11e4-a52e-4f735466cecf":"f.9DE3A927A242442CEF98184F015E1211.d.D6C767E53486E0F3F6E2E2E1E6316BF6.e.1501","ELEMENT":"f.9DE3A927A242442CEF98184F015E1211.d.D6C767E53486E0F3F6E2E2E1E6316BF6.e.1501"}]}
COMMAND: GET /session/6e2dc3d2cb6001ef55739698d9f01963/screenshot - {}
RESULT: {"script":"<script> [5351 bytes]","args":[{"element-6066-11e4-a52e-4f735466cecf":"f.9DE3A927A242442CEF98184F015E1211.d.D6C767E53486E0F3F6E2E2E1E6316BF6.e.1501","ELEMENT":"f.9DE3A927A242442CEF98184F015E1211.d.D6C767E53486E0F3F6E2E2E1E6316BF6.e.1501"}]}
COMMAND: POST /session/6e2dc3d2cb6001ef55739698d9f01963/element - {"using":"css selector","value":"#shell-header-logo"}
COMMAND: GET /session/6e2dc3d2cb6001ef55739698d9f01963/screenshot - {}
RESULT: {}
RESULT: {"using":"css selector","value":"#shell-header-logo"}
COMMAND: POST /session/6e2dc3d2cb6001ef55739698d9f01963/element/f.9DE3A927A242442CEF98184F015E1211.d.D6C767E53486E0F3F6E2E2E1E6316BF6.e.1501/click - {}
RESULT: {}
RESULT: {}
COMMAND: GET /session/6e2dc3d2cb6001ef55739698d9f01963/screenshot - {}
RESULT: {}
COMMAND: POST /session/6e2dc3d2cb6001ef55739698d9f01963/execute/async - {"script":"<script> [189 bytes]","args":[]}
RESULT: {"script":"<script> [189 bytes]","args":[]}
COMMAND: POST /session/6e2dc3d2cb6001ef55739698d9f01963/execute/async - {"script":"<script> [123 bytes]","args":[]}
RESULT: {"script":"<script> [123 bytes]","args":[]}
COMMAND: POST /session/6e2dc3d2cb6001ef55739698d9f01963/timeouts - {"script":"<number>"}
RESULT: {"script":"<number>"}
COMMAND: GET /session/6e2dc3d2cb6001ef55739698d9f01963/timeouts - {}
RESULT: {}
RESULT: undefined
COMMAND: POST /session/6e2dc3d2cb6001ef55739698d9f01963/execute/async - {"script":"<script> [2676 bytes]","args":[]}
RESULT: {"script":"<script> [2676 bytes]","args":[]}
COMMAND: POST /session/6e2dc3d2cb6001ef55739698d9f01963/execute/async - {"script":"<script> [2342 bytes]","args":[{"protocol":"http","hostname":"0.0.0.0","path":"/","capabilities":{"browserName":"chrome","goog:chromeOptions":{"binary":"C:\\Program Files\\Google\\Chrome\\Application\\chrome.exe","args":["--start-maximized"]}},"logLevel":"warn","connectionRetryTimeout":120000,"connectionRetryCount":3,"logLevels":{},"enableDirectConnect":true,"strictSSL":true,"_":"65 more keys: [\"cacheDir\",\"port\",\"requestedCapabilities\",\"automationProtocol\",\"baseUrl\",\"waitforInterval\",\"waitforTimeout\",\"onReload\",\"beforeCommand\",\"afterCommand\",\"rootDir\",\"specs\",\"suites\",\"exclude\",\"groupLogsByTestSpec\",\"excludeDriverLogs\",\"bail\",\"framework\",\"reporters\",\"services\",\"maxInstances\",\"maxInstancesPerCapability\",\"injectGlobals\",\"filesToWatch\",\"execArgv\",\"runnerEnv\",\"runner\",\"shard\",\"specFileRetries\",\"specFileRetriesDelay\",\"specFileRetriesDeferred\",\"reporterSyncInterval\",\"reporterSyncTimeout\",\"cucumberFeaturesWithLineNumbers\",\"autoCompileOpts\",\"mochaOpts\",\"jasmineOpts\",\"cucumberOpts\",\"onPrepare\",\"onWorkerStart\",\"onWorkerEnd\",\"before\",\"beforeSession\",\"beforeSuite\",\"beforeHook\",\"beforeTest\",\"afterTest\",\"afterHook\",\"afterSuite\",\"afterSession\",\"after\",\"onComplete\",\"beforeAssertion\",\"afterAssertion\",\"beforeFeature\",\"beforeScenario\",\"beforeStep\",\"afterStep\",\"afterScenario\",\"afterFeature\",\"_\",\"suite\",\"$0\",\"ignoredWorkerServices\",\"wdi5\"]"}]}
RESULT: {"script":"<script> [2342 bytes]","args":[{"protocol":"http","hostname":"0.0.0.0","path":"/","capabilities":{"browserName":"chrome","goog:chromeOptions":{"binary":"C:\\Program Files\\Google\\Chrome\\Application\\chrome.exe","args":["--start-maximized"]}},"logLevel":"warn","connectionRetryTimeout":120000,"connectionRetryCount":3,"logLevels":{},"enableDirectConnect":true,"strictSSL":true,"_":"65 more keys: [\"cacheDir\",\"port\",\"requestedCapabilities\",\"automationProtocol\",\"baseUrl\",\"waitforInterval\",\"waitforTimeout\",\"onReload\",\"beforeCommand\",\"afterCommand\",\"rootDir\",\"specs\",\"suites\",\"exclude\",\"groupLogsByTestSpec\",\"excludeDriverLogs\",\"bail\",\"framework\",\"reporters\",\"services\",\"maxInstances\",\"maxInstancesPerCapability\",\"injectGlobals\",\"filesToWatch\",\"execArgv\",\"runnerEnv\",\"runner\",\"shard\",\"specFileRetries\",\"specFileRetriesDelay\",\"specFileRetriesDeferred\",\"reporterSyncInterval\",\"reporterSyncTimeout\",\"cucumberFeaturesWithLineNumbers\",\"autoCompileOpts\",\"mochaOpts\",\"jasmineOpts\",\"cucumberOpts\",\"onPrepare\",\"onWorkerStart\",\"onWorkerEnd\",\"before\",\"beforeSession\",\"beforeSuite\",\"beforeHook\",\"beforeTest\",\"afterTest\",\"afterHook\",\"afterSuite\",\"afterSession\",\"after\",\"onComplete\",\"beforeAssertion\",\"afterAssertion\",\"beforeFeature\",\"beforeScenario\",\"beforeStep\",\"afterStep\",\"afterScenario\",\"afterFeature\",\"_\",\"suite\",\"$0\",\"ignoredWorkerServices\",\"wdi5\"]"}]}
COMMAND: POST /session/6e2dc3d2cb6001ef55739698d9f01963/execute/async - {"script":"<script> [21126 bytes]","args":[35000]}
RESULT: {"script":"<script> [21126 bytes]","args":[35000]}
COMMAND: POST /session/6e2dc3d2cb6001ef55739698d9f01963/window/maximize - {}
RESULT: {}
COMMAND: POST /session/6e2dc3d2cb6001ef55739698d9f01963/execute/async - {"script":"<script> [1562 bytes]","args":[{"selector":{"id":"shell-header","interaction":{"idSuffix":"icon"}},"wdio_ui5_key":"shellheader"}]}
COMMAND: GET /session/6e2dc3d2cb6001ef55739698d9f01963/screenshot - {}
RESULT: {"script":"<script> [1562 bytes]","args":[{"selector":{"id":"shell-header","interaction":{"idSuffix":"icon"}},"wdio_ui5_key":"shellheader"}]}
RESULT: undefined
COMMAND: POST /session/6e2dc3d2cb6001ef55739698d9f01963/refresh - {}
RESULT: {}
RESULT: {}
COMMAND: GET /session/6e2dc3d2cb6001ef55739698d9f01963/screenshot - {}
RESULT: {}
COMMAND: POST /session/6e2dc3d2cb6001ef55739698d9f01963/refresh - {}
RESULT: {}
COMMAND: GET /session/6e2dc3d2cb6001ef55739698d9f01963/screenshot - {}
RESULT: {}
COMMAND: POST /session/6e2dc3d2cb6001ef55739698d9f01963/window/fullscreen - {}
RESULT: {}
COMMAND: POST /session/6e2dc3d2cb6001ef55739698d9f01963/execute/async - {"script":"<script> [189 bytes]","args":[]}
RESULT: {"script":"<script> [189 bytes]","args":[]}
COMMAND: POST /session/6e2dc3d2cb6001ef55739698d9f01963/execute/async - {"script":"<script> [123 bytes]","args":[]}
RESULT: {"script":"<script> [123 bytes]","args":[]}
COMMAND: POST /session/6e2dc3d2cb6001ef55739698d9f01963/timeouts - {"script":"<number>"}
RESULT: {"script":"<number>"}
COMMAND: GET /session/6e2dc3d2cb6001ef55739698d9f01963/timeouts - {}
RESULT: {}
RESULT: undefined
COMMAND: POST /session/6e2dc3d2cb6001ef55739698d9f01963/execute/async - {"script":"<script> [2676 bytes]","args":[]}
RESULT: {"script":"<script> [2676 bytes]","args":[]}
COMMAND: POST /session/6e2dc3d2cb6001ef55739698d9f01963/execute/async - {"script":"<script> [2342 bytes]","args":[{"protocol":"http","hostname":"0.0.0.0","path":"/","capabilities":{"browserName":"chrome","goog:chromeOptions":{"binary":"C:\\Program Files\\Google\\Chrome\\Application\\chrome.exe","args":["--start-maximized"]}},"logLevel":"warn","connectionRetryTimeout":120000,"connectionRetryCount":3,"logLevels":{},"enableDirectConnect":true,"strictSSL":true,"_":"65 more keys: [\"cacheDir\",\"port\",\"requestedCapabilities\",\"automationProtocol\",\"baseUrl\",\"waitforInterval\",\"waitforTimeout\",\"onReload\",\"beforeCommand\",\"afterCommand\",\"rootDir\",\"specs\",\"suites\",\"exclude\",\"groupLogsByTestSpec\",\"excludeDriverLogs\",\"bail\",\"framework\",\"reporters\",\"services\",\"maxInstances\",\"maxInstancesPerCapability\",\"injectGlobals\",\"filesToWatch\",\"execArgv\",\"runnerEnv\",\"runner\",\"shard\",\"specFileRetries\",\"specFileRetriesDelay\",\"specFileRetriesDeferred\",\"reporterSyncInterval\",\"reporterSyncTimeout\",\"cucumberFeaturesWithLineNumbers\",\"autoCompileOpts\",\"mochaOpts\",\"jasmineOpts\",\"cucumberOpts\",\"onPrepare\",\"onWorkerStart\",\"onWorkerEnd\",\"before\",\"beforeSession\",\"beforeSuite\",\"beforeHook\",\"beforeTest\",\"afterTest\",\"afterHook\",\"afterSuite\",\"afterSession\",\"after\",\"onComplete\",\"beforeAssertion\",\"afterAssertion\",\"beforeFeature\",\"beforeScenario\",\"beforeStep\",\"afterStep\",\"afterScenario\",\"afterFeature\",\"_\",\"suite\",\"$0\",\"ignoredWorkerServices\",\"wdi5\"]"}]}
RESULT: {"script":"<script> [2342 bytes]","args":[{"protocol":"http","hostname":"0.0.0.0","path":"/","capabilities":{"browserName":"chrome","goog:chromeOptions":{"binary":"C:\\Program Files\\Google\\Chrome\\Application\\chrome.exe","args":["--start-maximized"]}},"logLevel":"warn","connectionRetryTimeout":120000,"connectionRetryCount":3,"logLevels":{},"enableDirectConnect":true,"strictSSL":true,"_":"65 more keys: [\"cacheDir\",\"port\",\"requestedCapabilities\",\"automationProtocol\",\"baseUrl\",\"waitforInterval\",\"waitforTimeout\",\"onReload\",\"beforeCommand\",\"afterCommand\",\"rootDir\",\"specs\",\"suites\",\"exclude\",\"groupLogsByTestSpec\",\"excludeDriverLogs\",\"bail\",\"framework\",\"reporters\",\"services\",\"maxInstances\",\"maxInstancesPerCapability\",\"injectGlobals\",\"filesToWatch\",\"execArgv\",\"runnerEnv\",\"runner\",\"shard\",\"specFileRetries\",\"specFileRetriesDelay\",\"specFileRetriesDeferred\",\"reporterSyncInterval\",\"reporterSyncTimeout\",\"cucumberFeaturesWithLineNumbers\",\"autoCompileOpts\",\"mochaOpts\",\"jasmineOpts\",\"cucumberOpts\",\"onPrepare\",\"onWorkerStart\",\"onWorkerEnd\",\"before\",\"beforeSession\",\"beforeSuite\",\"beforeHook\",\"beforeTest\",\"afterTest\",\"afterHook\",\"afterSuite\",\"afterSession\",\"after\",\"onComplete\",\"beforeAssertion\",\"afterAssertion\",\"beforeFeature\",\"beforeScenario\",\"beforeStep\",\"afterStep\",\"afterScenario\",\"afterFeature\",\"_\",\"suite\",\"$0\",\"ignoredWorkerServices\",\"wdi5\"]"}]}
COMMAND: POST /session/6e2dc3d2cb6001ef55739698d9f01963/execute/async - {"script":"<script> [21126 bytes]","args":[35000]}
RESULT: {"script":"<script> [21126 bytes]","args":[35000]}
]]></system-out>
    </testcase>
  </testsuite>
  <testsuite timestamp="2025-05-10T17:04:03" time="636.283" tests="8" failures="8" errors="8" skipped="0">
    <properties>
      <property name="specId" value="0" />
      <property name="suiteName" value="Return from Site w/ warehouse management w/ clarification US125588" />
      <property name="capabilities" value="chrome.136_0_7103_49.windows" />
      <property name="file" value="file:///D:/a/1/s/test/specs/HTR/return-from-site-w-warehouse-management-w-clarification.spec.js" />
    </properties>
  </testsuite>
  <testsuite timestamp="2025-05-10T17:14:40" time="450.077" tests="7" failures="7" errors="7" skipped="0">
    <properties>
      <property name="specId" value="0" />
      <property name="suiteName" value="Provide to Site w/ warehouse management w clarification" />
      <property name="capabilities" value="chrome.136_0_7103_49.windows" />
      <property name="file" value="file:///D:/a/1/s/test/specs/HTR/return-from-site-w-warehouse-management-w-clarification.spec.js" />
    </properties>
  </testsuite>
  <testsuite timestamp="2025-05-10T17:22:10" time="534.845" tests="9" failures="8" errors="8" skipped="0">
    <properties>
      <property name="specId" value="0" />
      <property name="suiteName" value="Create masterdata for Yard Overview - trigger provide US130988" />
      <property name="capabilities" value="chrome.136_0_7103_49.windows" />
      <property name="file" value="file:///D:/a/1/s/test/specs/HTR/stock-decrease.spec.js" />
    </properties>
    <testcase classname="chrome.136_0_7103_49.windows.Create_masterdata_for_Yard_Overview_-_trigger_provide_US130988" name="Set status to defect" time="35.09">
      <system-out><![CDATA[
COMMAND: POST /session/6e2dc3d2cb6001ef55739698d9f01963/execute/async - {"script":"<script> [1562 bytes]","args":[{"selector":{"controlType":"sap.ushell.ui.launchpad.AnchorItem","bindingPath":{"path":"/groups/3","propertyPath":"index"},"interaction":{"idSuffix":"inner"}},"wdio_ui5_key":"sapushell.ui.launchpad.AnchorItem{\"path\":\"/groups/3\",\"propertyPath\":\"index\"}"}]}
COMMAND: GET /session/6e2dc3d2cb6001ef55739698d9f01963/screenshot - {}
RESULT: {"script":"<script> [1562 bytes]","args":[{"selector":{"controlType":"sap.ushell.ui.launchpad.AnchorItem","bindingPath":{"path":"/groups/3","propertyPath":"index"},"interaction":{"idSuffix":"inner"}},"wdio_ui5_key":"sapushell.ui.launchpad.AnchorItem{\"path\":\"/groups/3\",\"propertyPath\":\"index\"}"}]}
RESULT: undefined
RESULT: {}
COMMAND: POST /session/6e2dc3d2cb6001ef55739698d9f01963/execute/async - {"script":"<script> [1562 bytes]","args":[{"selector":{"controlType":"sap.m.GenericTile","properties":{"header":"Manage States & Performance"}},"wdio_ui5_key":"sapm.GenericTile{\"header\":\"Manage States & Performance\"}"}]}
RESULT: {"script":"<script> [1562 bytes]","args":[{"selector":{"controlType":"sap.m.GenericTile","properties":{"header":"Manage States & Performance"}},"wdio_ui5_key":"sapm.GenericTile{\"header\":\"Manage States & Performance\"}"}]}
RESULT: undefined
COMMAND: POST /session/6e2dc3d2cb6001ef55739698d9f01963/elements - {"using":"xpath","value":"//span[text()='Error']"}
RESULT: {"using":"xpath","value":"//span[text()='Error']"}
COMMAND: POST /session/6e2dc3d2cb6001ef55739698d9f01963/execute/async - {"script":"<script> [1562 bytes]","args":[{"selector":{"controlType":"sap.ui.core.Icon","viewName":"etm.portal.ui.managestatesandperformance.view.Master","viewId":"application-managestatesandperformance-display-component---stateAndPerform","properties":{"src":{"regex":{"source":"inventory"}}}},"wdio_ui5_key":"etmportal.ui.managestatesandperformance.view.Mastersap.ui.core.Icon{\"src\":{\"regex\":{\"source\":\"inventory\"}}}"}]}
RESULT: {"script":"<script> [1562 bytes]","args":[{"selector":{"controlType":"sap.ui.core.Icon","viewName":"etm.portal.ui.managestatesandperformance.view.Master","viewId":"application-managestatesandperformance-display-component---stateAndPerform","properties":{"src":{"regex":{"source":"inventory"}}}},"wdio_ui5_key":"etmportal.ui.managestatesandperformance.view.Mastersap.ui.core.Icon{\"src\":{\"regex\":{\"source\":\"inventory\"}}}"}]}
RESULT: undefined
COMMAND: POST /session/6e2dc3d2cb6001ef55739698d9f01963/execute/async - {"script":"<script> [1562 bytes]","args":[{"selector":{"id":"application-managestatesandperformance-display-component---stateAndPerform--smartFilterBarYard-btnBasicSearch","interaction":{"idSuffix":"I"}},"wdio_ui5_key":"applicationmanagestatesandperformance-display-component---stateAndPerform--smartFilterBarYard-btnBasicSearch"}]}
RESULT: {"script":"<script> [1562 bytes]","args":[{"selector":{"id":"application-managestatesandperformance-display-component---stateAndPerform--smartFilterBarYard-btnBasicSearch","interaction":{"idSuffix":"I"}},"wdio_ui5_key":"applicationmanagestatesandperformance-display-component---stateAndPerform--smartFilterBarYard-btnBasicSearch"}]}
RESULT: undefined
COMMAND: POST /session/6e2dc3d2cb6001ef55739698d9f01963/execute/async - {"script":"<script> [1562 bytes]","args":[{"selector":{"controlType":"sap.m.ColumnListItem","viewName":"etm.portal.ui.managestatesandperformance.view.Master","viewId":"application-managestatesandperformance-display-component---stateAndPerform","properties":{"type":"Navigation"},"interaction":{"idSuffix":"cell0"}},"wdio_ui5_key":"etmportal.ui.managestatesandperformance.view.Mastersap.m.ColumnListItem{\"type\":\"Navigation\"}"}]}
RESULT: {"script":"<script> [1562 bytes]","args":[{"selector":{"controlType":"sap.m.ColumnListItem","viewName":"etm.portal.ui.managestatesandperformance.view.Master","viewId":"application-managestatesandperformance-display-component---stateAndPerform","properties":{"type":"Navigation"},"interaction":{"idSuffix":"cell0"}},"wdio_ui5_key":"etmportal.ui.managestatesandperformance.view.Mastersap.m.ColumnListItem{\"type\":\"Navigation\"}"}]}
RESULT: undefined
COMMAND: POST /session/6e2dc3d2cb6001ef55739698d9f01963/execute/async - {"script":"<script> [1562 bytes]","args":[{"selector":{"controlType":"sap.m.Button","viewName":"etm.portal.ui.managestatesandperformance.view.Detail","viewId":"application-managestatesandperformance-display-component---detailStateAndPerform","i18NText":{"propertyName":"text","key":"createStateChange"},"interaction":{"idSuffix":"content"}},"wdio_ui5_key":"etmportal.ui.managestatesandperformance.view.Detailsap.m.Button{\"propertyName\":\"text\",\"key\":\"createStateChange\"}"}]}
RESULT: {"script":"<script> [1562 bytes]","args":[{"selector":{"controlType":"sap.m.Button","viewName":"etm.portal.ui.managestatesandperformance.view.Detail","viewId":"application-managestatesandperformance-display-component---detailStateAndPerform","i18NText":{"propertyName":"text","key":"createStateChange"},"interaction":{"idSuffix":"content"}},"wdio_ui5_key":"etmportal.ui.managestatesandperformance.view.Detailsap.m.Button{\"propertyName\":\"text\",\"key\":\"createStateChange\"}"}]}
RESULT: undefined
COMMAND: POST /session/6e2dc3d2cb6001ef55739698d9f01963/execute/async - {"script":"<script> [1562 bytes]","args":[{"selector":{"id":"addStateDialog--stateSelect","searchOpenDialogs":true,"interaction":{"idSuffix":"arrow"}},"wdio_ui5_key":"addStateDialogstateSelect"}]}
RESULT: {"script":"<script> [1562 bytes]","args":[{"selector":{"id":"addStateDialog--stateSelect","searchOpenDialogs":true,"interaction":{"idSuffix":"arrow"}},"wdio_ui5_key":"addStateDialogstateSelect"}]}
RESULT: undefined
COMMAND: POST /session/6e2dc3d2cb6001ef55739698d9f01963/execute/async - {"script":"<script> [1562 bytes]","args":[{"selector":{"controlType":"sap.ui.core.Item","viewName":"etm.portal.ui.managestatesandperformance.view.Detail","viewId":"application-managestatesandperformance-display-component---detailStateAndPerform","bindingPath":{"path":"/StateTypes(70)","propertyPath":"STATE","modelName":"catalogModel"},"searchOpenDialogs":true},"wdio_ui5_key":"etmportal.ui.managestatesandperformance.view.Detailsap.ui.core.Item{\"path\":\"/StateTypes(70)\",\"propertyPath\":\"STATE\",\"modelName\":\"catalogModel\"}"}]}
RESULT: {"script":"<script> [1562 bytes]","args":[{"selector":{"controlType":"sap.ui.core.Item","viewName":"etm.portal.ui.managestatesandperformance.view.Detail","viewId":"application-managestatesandperformance-display-component---detailStateAndPerform","bindingPath":{"path":"/StateTypes(70)","propertyPath":"STATE","modelName":"catalogModel"},"searchOpenDialogs":true},"wdio_ui5_key":"etmportal.ui.managestatesandperformance.view.Detailsap.ui.core.Item{\"path\":\"/StateTypes(70)\",\"propertyPath\":\"STATE\",\"modelName\":\"catalogModel\"}"}]}
RESULT: undefined
COMMAND: POST /session/6e2dc3d2cb6001ef55739698d9f01963/execute/async - {"script":"<script> [1562 bytes]","args":[{"selector":{"controlType":"sap.m.NumericInput","viewName":"etm.portal.ui.managestatesandperformance.view.Detail","viewId":"application-managestatesandperformance-display-component---detailStateAndPerform","properties":{"value":"0"},"searchOpenDialogs":true,"interaction":{"idSuffix":"inner"}},"wdio_ui5_key":"etmportal.ui.managestatesandperformance.view.Detailsap.m.NumericInput{\"value\":\"0\"}"}]}
RESULT: {"script":"<script> [1562 bytes]","args":[{"selector":{"controlType":"sap.m.NumericInput","viewName":"etm.portal.ui.managestatesandperformance.view.Detail","viewId":"application-managestatesandperformance-display-component---detailStateAndPerform","properties":{"value":"0"},"searchOpenDialogs":true,"interaction":{"idSuffix":"inner"}},"wdio_ui5_key":"etmportal.ui.managestatesandperformance.view.Detailsap.m.NumericInput{\"value\":\"0\"}"}]}
RESULT: undefined
COMMAND: POST /session/6e2dc3d2cb6001ef55739698d9f01963/execute/async - {"script":"<script> [1562 bytes]","args":[{"selector":{"controlType":"sap.m.Button","viewName":"etm.portal.ui.managestatesandperformance.view.Detail","viewId":"application-managestatesandperformance-display-component---detailStateAndPerform","i18NText":{"propertyName":"text","key":"save"},"searchOpenDialogs":true,"interaction":{"idSuffix":"BDI-content"}},"wdio_ui5_key":"etmportal.ui.managestatesandperformance.view.Detailsap.m.Button{\"propertyName\":\"text\",\"key\":\"save\"}"}]}
RESULT: {"script":"<script> [1562 bytes]","args":[{"selector":{"controlType":"sap.m.Button","viewName":"etm.portal.ui.managestatesandperformance.view.Detail","viewId":"application-managestatesandperformance-display-component---detailStateAndPerform","i18NText":{"propertyName":"text","key":"save"},"searchOpenDialogs":true,"interaction":{"idSuffix":"BDI-content"}},"wdio_ui5_key":"etmportal.ui.managestatesandperformance.view.Detailsap.m.Button{\"propertyName\":\"text\",\"key\":\"save\"}"}]}
RESULT: undefined
COMMAND: POST /session/6e2dc3d2cb6001ef55739698d9f01963/element - {"using":"css selector","value":"#shell-header-logo"}
RESULT: {"using":"css selector","value":"#shell-header-logo"}
COMMAND: POST /session/6e2dc3d2cb6001ef55739698d9f01963/element/f.9DE3A927A242442CEF98184F015E1211.d.88E4B6A9EE52312B5AE837C38F03BB10.e.2062/click - {}
RESULT: {}
COMMAND: GET /session/6e2dc3d2cb6001ef55739698d9f01963/screenshot - {}
RESULT: {}
]]></system-out>
    </testcase>
  </testsuite>
  <testsuite timestamp="2025-05-10T17:31:05" time="366.613" tests="7" failures="7" errors="7" skipped="0">
    <properties>
      <property name="specId" value="0" />
      <property name="suiteName" value="Transfer Yard to Yard US131076" />
      <property name="capabilities" value="chrome.136_0_7103_49.windows" />
      <property name="file" value="file:///D:/a/1/s/test/specs/HTR/transfer-yard-to-yard.spec.js" />
    </properties>
  </testsuite>
</testsuites>