<?xml version="1.0" encoding="UTF-8"?>
<testsuites tests="58" failures="58" errors="58" skipped="0">
  <testsuite timestamp="2025-05-08T17:12:59" time="640.265" tests="11" failures="11" errors="11" skipped="0">
    <properties>
      <property name="specId" value="0" />
      <property name="suiteName" value="Billing confirm US117289" />
      <property name="capabilities" value="chrome.136_0_7103_49.windows" />
      <property name="file" value="file:///D:/a/1/s/test/specs/BTS/billing-confirm.spec.js" />
    </properties>
  </testsuite>
  <testsuite timestamp="2025-05-08T17:23:40" time="751.687" tests="14" failures="14" errors="14" skipped="0">
    <properties>
      <property name="specId" value="0" />
      <property name="suiteName" value="Create master data for mixed billing &amp; do billing calculation US151661" />
      <property name="capabilities" value="chrome.136_0_7103_49.windows" />
      <property name="file" value="file:///D:/a/1/s/test/specs/BTS/billing-calculation-mixed.spec.js" />
    </properties>
  </testsuite>
  <testsuite timestamp="2025-05-08T17:36:11" time="685.224" tests="13" failures="13" errors="13" skipped="0">
    <properties>
      <property name="specId" value="0" />
      <property name="suiteName" value="Performance based billing (work days) US139742" />
      <property name="capabilities" value="chrome.136_0_7103_49.windows" />
      <property name="file" value="file:///D:/a/1/s/test/specs/BTS/billing-performance-workdays.spec.js" />
    </properties>
  </testsuite>
  <testsuite timestamp="2025-05-08T17:47:37" time="1139.407" tests="20" failures="20" errors="20" skipped="0">
    <properties>
      <property name="specId" value="0" />
      <property name="suiteName" value="Billing Calculation - Time based (considering transport times) US139738" />
      <property name="capabilities" value="chrome.136_0_7103_49.windows" />
      <property name="file" value="file:///D:/a/1/s/test/specs/BTS/billing-calculation-transp-times.spec.js" />
    </properties>
  </testsuite>
</testsuites>