<?xml version="1.0" encoding="UTF-8"?>
<testsuites tests="21" failures="0" errors="0" skipped="0">
  <testsuite timestamp="2025-06-01T16:56:11" time="383.435" tests="3" failures="0" errors="0" skipped="0">
    <properties>
      <property name="specId" value="0"/>
      <property name="suiteName" value="Create condition pricing US117289 US134625"/>
      <property name="capabilities" value="chrome.136_0_7103_93.windows"/>
      <property name="file" value="file:///D:/a/1/s/test/specs/BTS/create-condition-pricing.spec.js"/>
    </properties>
    <testcase classname="chrome.136_0_7103_93.windows.Create_condition_pricing_US117289_US134625" name="Should create a new yard used for all following tests" time="130.127">
      <system-out><![CDATA[
COMMAND: POST /session/8068150991763542753e5d368f2e808c/window/fullscreen - {}
RESULT: {}
COMMAND: POST /session/8068150991763542753e5d368f2e808c/execute/async - {"script":"<script> [1562 bytes]","args":[{"selector":{"controlType":"sap.m.GenericTile","properties":{"header":"Manage Yards"}},"wdio_ui5_key":"sapm.GenericTile{\"header\":\"Manage Yards\"}"}]}
RESULT: {"script":"<script> [1562 bytes]","args":[{"selector":{"controlType":"sap.m.GenericTile","properties":{"header":"Manage Yards"}},"wdio_ui5_key":"sapm.GenericTile{\"header\":\"Manage Yards\"}"}]}
RESULT: undefined
COMMAND: POST /session/8068150991763542753e5d368f2e808c/element - {"using":"xpath","value":"//*[@id=\"__tile41\"]"}
RESULT: {"using":"xpath","value":"//*[@id=\"__tile41\"]"}
COMMAND: POST /session/8068150991763542753e5d368f2e808c/element/f.7F1AC3273160C970B6304C41D413DEA3.d.680B170DC0F6BCE071D3E2ED8FCB58B6.e.164/click - {}
RESULT: {}
COMMAND: GET /session/8068150991763542753e5d368f2e808c/screenshot - {}
RESULT: {}
COMMAND: POST /session/8068150991763542753e5d368f2e808c/elements - {"using":"xpath","value":"//span[text()='Error']"}
RESULT: {"using":"xpath","value":"//span[text()='Error']"}
COMMAND: POST /session/8068150991763542753e5d368f2e808c/element - {"using":"xpath","value":"//button[@data-kt=\"addNewYardOverflowToolbarButton\"]"}
RESULT: {"using":"xpath","value":"//button[@data-kt=\"addNewYardOverflowToolbarButton\"]"}
COMMAND: POST /session/8068150991763542753e5d368f2e808c/elements - {"using":"xpath","value":"//button[@data-kt=\"addNewYardOverflowToolbarButton\"]"}
RESULT: {"using":"xpath","value":"//button[@data-kt=\"addNewYardOverflowToolbarButton\"]"}
COMMAND: POST /session/8068150991763542753e5d368f2e808c/elements - {"using":"xpath","value":"//button[@data-kt=\"addNewYardOverflowToolbarButton\"]"}
RESULT: {"using":"xpath","value":"//button[@data-kt=\"addNewYardOverflowToolbarButton\"]"}
COMMAND: POST /session/8068150991763542753e5d368f2e808c/elements - {"using":"xpath","value":"//button[@data-kt=\"addNewYardOverflowToolbarButton\"]"}
RESULT: {"using":"xpath","value":"//button[@data-kt=\"addNewYardOverflowToolbarButton\"]"}
COMMAND: POST /session/8068150991763542753e5d368f2e808c/element - {"using":"xpath","value":"//button[@data-kt=\"addNewYardOverflowToolbarButton\"]"}
RESULT: {"using":"xpath","value":"//button[@data-kt=\"addNewYardOverflowToolbarButton\"]"}
COMMAND: POST /session/8068150991763542753e5d368f2e808c/execute/sync - {"script":"<script> [8489 bytes]","args":[{"element-6066-11e4-a52e-4f735466cecf":"f.7F1AC3273160C970B6304C41D413DEA3.d.680B170DC0F6BCE071D3E2ED8FCB58B6.e.299","ELEMENT":"f.7F1AC3273160C970B6304C41D413DEA3.d.680B170DC0F6BCE071D3E2ED8FCB58B6.e.299"}]}
RESULT: {"script":"<script> [8489 bytes]","args":[{"element-6066-11e4-a52e-4f735466cecf":"f.7F1AC3273160C970B6304C41D413DEA3.d.680B170DC0F6BCE071D3E2ED8FCB58B6.e.299","ELEMENT":"f.7F1AC3273160C970B6304C41D413DEA3.d.680B170DC0F6BCE071D3E2ED8FCB58B6.e.299"}]}
COMMAND: GET /session/8068150991763542753e5d368f2e808c/element/f.7F1AC3273160C970B6304C41D413DEA3.d.680B170DC0F6BCE071D3E2ED8FCB58B6.e.299/enabled - {}
COMMAND: GET /session/8068150991763542753e5d368f2e808c/screenshot - {}
RESULT: {}
COMMAND: POST /session/8068150991763542753e5d368f2e808c/execute/sync - {"script":"<script> [8489 bytes]","args":[{"element-6066-11e4-a52e-4f735466cecf":"f.7F1AC3273160C970B6304C41D413DEA3.d.680B170DC0F6BCE071D3E2ED8FCB58B6.e.299","ELEMENT":"f.7F1AC3273160C970B6304C41D413DEA3.d.680B170DC0F6BCE071D3E2ED8FCB58B6.e.299"}]}
COMMAND: GET /session/8068150991763542753e5d368f2e808c/screenshot - {}
RESULT: {}
RESULT: {"script":"<script> [8489 bytes]","args":[{"element-6066-11e4-a52e-4f735466cecf":"f.7F1AC3273160C970B6304C41D413DEA3.d.680B170DC0F6BCE071D3E2ED8FCB58B6.e.299","ELEMENT":"f.7F1AC3273160C970B6304C41D413DEA3.d.680B170DC0F6BCE071D3E2ED8FCB58B6.e.299"}]}
COMMAND: POST /session/8068150991763542753e5d368f2e808c/execute/sync - {"script":"<script> [5351 bytes]","args":[{"element-6066-11e4-a52e-4f735466cecf":"f.7F1AC3273160C970B6304C41D413DEA3.d.680B170DC0F6BCE071D3E2ED8FCB58B6.e.299","ELEMENT":"f.7F1AC3273160C970B6304C41D413DEA3.d.680B170DC0F6BCE071D3E2ED8FCB58B6.e.299"}]}
COMMAND: GET /session/8068150991763542753e5d368f2e808c/screenshot - {}
RESULT: {}
RESULT: {"script":"<script> [5351 bytes]","args":[{"element-6066-11e4-a52e-4f735466cecf":"f.7F1AC3273160C970B6304C41D413DEA3.d.680B170DC0F6BCE071D3E2ED8FCB58B6.e.299","ELEMENT":"f.7F1AC3273160C970B6304C41D413DEA3.d.680B170DC0F6BCE071D3E2ED8FCB58B6.e.299"}]}
COMMAND: POST /session/8068150991763542753e5d368f2e808c/element/f.7F1AC3273160C970B6304C41D413DEA3.d.680B170DC0F6BCE071D3E2ED8FCB58B6.e.299/click - {}
COMMAND: GET /session/8068150991763542753e5d368f2e808c/screenshot - {}
RESULT: {}
RESULT: {}
COMMAND: GET /session/8068150991763542753e5d368f2e808c/screenshot - {}
RESULT: {}
COMMAND: POST /session/8068150991763542753e5d368f2e808c/element - {"using":"xpath","value":"//input[@id=\"application-manageyards-display-component---NewYard--yardId-inner\"]"}
RESULT: {}
RESULT: {"using":"xpath","value":"//input[@id=\"application-manageyards-display-component---NewYard--yardId-inner\"]"}
COMMAND: POST /session/8068150991763542753e5d368f2e808c/element - {"using":"xpath","value":"//input[@id=\"application-manageyards-display-component---NewYard--yardId-inner\"]"}
RESULT: {"using":"xpath","value":"//input[@id=\"application-manageyards-display-component---NewYard--yardId-inner\"]"}
COMMAND: POST /session/8068150991763542753e5d368f2e808c/execute/async - {"script":"<script> [1562 bytes]","args":[{"selector":{"id":"application-manageyards-display-component---NewYard--addressDetailDetailsName1","interaction":{"idSuffix":"inner"}},"wdio_ui5_key":"applicationmanageyards-display-component---NewYard--addressDetailDetailsName1"}]}
RESULT: {"script":"<script> [1562 bytes]","args":[{"selector":{"id":"application-manageyards-display-component---NewYard--addressDetailDetailsName1","interaction":{"idSuffix":"inner"}},"wdio_ui5_key":"applicationmanageyards-display-component---NewYard--addressDetailDetailsName1"}]}
RESULT: undefined
COMMAND: POST /session/8068150991763542753e5d368f2e808c/execute/async - {"script":"<script> [776 bytes]","args":[{"enterText":"DailyPrice WDIO","selector":{"id":"application-manageyards-display-component---NewYard--addressDetailDetailsName1","interaction":{"idSuffix":"inner"}},"clearTextFirst":true,"interactionType":"ENTER_TEXT"}]}
RESULT: {"script":"<script> [776 bytes]","args":[{"enterText":"DailyPrice WDIO","selector":{"id":"application-manageyards-display-component---NewYard--addressDetailDetailsName1","interaction":{"idSuffix":"inner"}},"clearTextFirst":true,"interactionType":"ENTER_TEXT"}]}
COMMAND: POST /session/8068150991763542753e5d368f2e808c/execute/async - {"script":"<script> [1562 bytes]","args":[{"selector":{"id":"application-manageyards-display-component---NewYard--addressDetailDetailsLanguage-arrow"},"wdio_ui5_key":"applicationmanageyards-display-component---NewYard--addressDetailDetailsLanguage-arrow"}]}
RESULT: {"script":"<script> [1562 bytes]","args":[{"selector":{"id":"application-manageyards-display-component---NewYard--addressDetailDetailsLanguage-arrow"},"wdio_ui5_key":"applicationmanageyards-display-component---NewYard--addressDetailDetailsLanguage-arrow"}]}
RESULT: undefined
COMMAND: POST /session/8068150991763542753e5d368f2e808c/element - {"using":"xpath","value":"//*[@id=\"application-manageyards-display-component---NewYard--addressDetailDetailsLanguage-arrow\"]"}
RESULT: {"using":"xpath","value":"//*[@id=\"application-manageyards-display-component---NewYard--addressDetailDetailsLanguage-arrow\"]"}
COMMAND: POST /session/8068150991763542753e5d368f2e808c/element/f.7F1AC3273160C970B6304C41D413DEA3.d.680B170DC0F6BCE071D3E2ED8FCB58B6.e.732/click - {}
RESULT: {}
COMMAND: POST /session/8068150991763542753e5d368f2e808c/element - {"using":"xpath","value":"//span[contains(text(), \"English\")]"}
COMMAND: GET /session/8068150991763542753e5d368f2e808c/screenshot - {}
RESULT: {"using":"xpath","value":"//span[contains(text(), \"English\")]"}
COMMAND: POST /session/8068150991763542753e5d368f2e808c/element/f.7F1AC3273160C970B6304C41D413DEA3.d.680B170DC0F6BCE071D3E2ED8FCB58B6.e.733/click - {}
RESULT: {}
RESULT: {}
COMMAND: POST /session/8068150991763542753e5d368f2e808c/execute/async - {"script":"<script> [1562 bytes]","args":[{"selector":{"id":"application-manageyards-display-component---NewYard--addressDetailDetailsCity1","interaction":{"idSuffix":"inner"}},"wdio_ui5_key":"applicationmanageyards-display-component---NewYard--addressDetailDetailsCity1"}]}
COMMAND: GET /session/8068150991763542753e5d368f2e808c/screenshot - {}
RESULT: {"script":"<script> [1562 bytes]","args":[{"selector":{"id":"application-manageyards-display-component---NewYard--addressDetailDetailsCity1","interaction":{"idSuffix":"inner"}},"wdio_ui5_key":"applicationmanageyards-display-component---NewYard--addressDetailDetailsCity1"}]}
RESULT: undefined
COMMAND: POST /session/8068150991763542753e5d368f2e808c/execute/async - {"script":"<script> [776 bytes]","args":[{"enterText":"Rosario","selector":{"id":"application-manageyards-display-component---NewYard--addressDetailDetailsCity1","interaction":{"idSuffix":"inner"}},"clearTextFirst":true,"interactionType":"ENTER_TEXT"}]}
RESULT: {}
RESULT: {"script":"<script> [776 bytes]","args":[{"enterText":"Rosario","selector":{"id":"application-manageyards-display-component---NewYard--addressDetailDetailsCity1","interaction":{"idSuffix":"inner"}},"clearTextFirst":true,"interactionType":"ENTER_TEXT"}]}
COMMAND: POST /session/8068150991763542753e5d368f2e808c/execute/async - {"script":"<script> [1562 bytes]","args":[{"selector":{"id":"application-manageyards-display-component---NewYard--addressDetailDetailsCountry-arrow"},"wdio_ui5_key":"applicationmanageyards-display-component---NewYard--addressDetailDetailsCountry-arrow"}]}
RESULT: {"script":"<script> [1562 bytes]","args":[{"selector":{"id":"application-manageyards-display-component---NewYard--addressDetailDetailsCountry-arrow"},"wdio_ui5_key":"applicationmanageyards-display-component---NewYard--addressDetailDetailsCountry-arrow"}]}
RESULT: undefined
COMMAND: POST /session/8068150991763542753e5d368f2e808c/element - {"using":"xpath","value":"//*[@id=\"application-manageyards-display-component---NewYard--addressDetailDetailsCountry-arrow\"]"}
RESULT: {"using":"xpath","value":"//*[@id=\"application-manageyards-display-component---NewYard--addressDetailDetailsCountry-arrow\"]"}
COMMAND: POST /session/8068150991763542753e5d368f2e808c/element/f.7F1AC3273160C970B6304C41D413DEA3.d.680B170DC0F6BCE071D3E2ED8FCB58B6.e.735/click - {}
RESULT: {}
COMMAND: POST /session/8068150991763542753e5d368f2e808c/element - {"using":"xpath","value":"//span[contains(text(), \"Argentina\")]"}
COMMAND: GET /session/8068150991763542753e5d368f2e808c/screenshot - {}
RESULT: {"using":"xpath","value":"//span[contains(text(), \"Argentina\")]"}
COMMAND: POST /session/8068150991763542753e5d368f2e808c/element/f.7F1AC3273160C970B6304C41D413DEA3.d.680B170DC0F6BCE071D3E2ED8FCB58B6.e.737/click - {}
RESULT: {}
RESULT: {}
COMMAND: POST /session/8068150991763542753e5d368f2e808c/execute/async - {"script":"<script> [1562 bytes]","args":[{"selector":{"id":"application-manageyards-display-component---NewYard--addressEditDetailsCostObjectCstType-arrow"},"wdio_ui5_key":"applicationmanageyards-display-component---NewYard--addressEditDetailsCostObjectCstType-arrow"}]}
COMMAND: GET /session/8068150991763542753e5d368f2e808c/screenshot - {}
RESULT: {"script":"<script> [1562 bytes]","args":[{"selector":{"id":"application-manageyards-display-component---NewYard--addressEditDetailsCostObjectCstType-arrow"},"wdio_ui5_key":"applicationmanageyards-display-component---NewYard--addressEditDetailsCostObjectCstType-arrow"}]}
RESULT: undefined
COMMAND: POST /session/8068150991763542753e5d368f2e808c/element - {"using":"xpath","value":"//*[@id=\"application-manageyards-display-component---NewYard--addressEditDetailsCostObjectCstType-arrow\"]"}
RESULT: {}
RESULT: {"using":"xpath","value":"//*[@id=\"application-manageyards-display-component---NewYard--addressEditDetailsCostObjectCstType-arrow\"]"}
COMMAND: POST /session/8068150991763542753e5d368f2e808c/element/f.7F1AC3273160C970B6304C41D413DEA3.d.680B170DC0F6BCE071D3E2ED8FCB58B6.e.738/click - {}
RESULT: {}
COMMAND: POST /session/8068150991763542753e5d368f2e808c/element - {"using":"xpath","value":"//span[contains(text(), \"Cost Center\")]"}
COMMAND: GET /session/8068150991763542753e5d368f2e808c/screenshot - {}
RESULT: {"using":"xpath","value":"//span[contains(text(), \"Cost Center\")]"}
COMMAND: POST /session/8068150991763542753e5d368f2e808c/element/f.7F1AC3273160C970B6304C41D413DEA3.d.680B170DC0F6BCE071D3E2ED8FCB58B6.e.739/click - {}
RESULT: {}
RESULT: {}
COMMAND: GET /session/8068150991763542753e5d368f2e808c/screenshot - {}
RESULT: {}
COMMAND: POST /session/8068150991763542753e5d368f2e808c/element - {"using":"xpath","value":"//span[@id=\"application-manageyards-display-component---NewYard--addressNewCostObjectCstID-vhi\"]"}
RESULT: {"using":"xpath","value":"//span[@id=\"application-manageyards-display-component---NewYard--addressNewCostObjectCstID-vhi\"]"}
COMMAND: POST /session/8068150991763542753e5d368f2e808c/execute/sync - {"script":"<script> [8489 bytes]","args":[{"element-6066-11e4-a52e-4f735466cecf":"f.7F1AC3273160C970B6304C41D413DEA3.d.680B170DC0F6BCE071D3E2ED8FCB58B6.e.743","ELEMENT":"f.7F1AC3273160C970B6304C41D413DEA3.d.680B170DC0F6BCE071D3E2ED8FCB58B6.e.743"}]}
RESULT: {"script":"<script> [8489 bytes]","args":[{"element-6066-11e4-a52e-4f735466cecf":"f.7F1AC3273160C970B6304C41D413DEA3.d.680B170DC0F6BCE071D3E2ED8FCB58B6.e.743","ELEMENT":"f.7F1AC3273160C970B6304C41D413DEA3.d.680B170DC0F6BCE071D3E2ED8FCB58B6.e.743"}]}
COMMAND: POST /session/8068150991763542753e5d368f2e808c/execute/async - {"script":"<script> [1562 bytes]","args":[{"selector":{"id":"application-manageyards-display-component---NewYard--addressNewCostObjectCstID-vhi"},"wdio_ui5_key":"applicationmanageyards-display-component---NewYard--addressNewCostObjectCstID-vhi"}]}
COMMAND: GET /session/8068150991763542753e5d368f2e808c/screenshot - {}
RESULT: {"script":"<script> [1562 bytes]","args":[{"selector":{"id":"application-manageyards-display-component---NewYard--addressNewCostObjectCstID-vhi"},"wdio_ui5_key":"applicationmanageyards-display-component---NewYard--addressNewCostObjectCstID-vhi"}]}
RESULT: undefined
COMMAND: POST /session/8068150991763542753e5d368f2e808c/element - {"using":"xpath","value":"//*[@id=\"application-manageyards-display-component---NewYard--addressNewCostObjectCstID-vhi\"]"}
RESULT: {}
RESULT: {"using":"xpath","value":"//*[@id=\"application-manageyards-display-component---NewYard--addressNewCostObjectCstID-vhi\"]"}
COMMAND: POST /session/8068150991763542753e5d368f2e808c/element/f.7F1AC3273160C970B6304C41D413DEA3.d.680B170DC0F6BCE071D3E2ED8FCB58B6.e.743/click - {}
RESULT: {}
COMMAND: GET /session/8068150991763542753e5d368f2e808c/screenshot - {}
RESULT: {}
COMMAND: POST /session/8068150991763542753e5d368f2e808c/execute/async - {"script":"<script> [1562 bytes]","args":[{"selector":{"controlType":"sap.m.SearchField","properties":{"placeholder":"Search"},"searchOpenDialogs":true,"interaction":{"idSuffix":"I"}},"wdio_ui5_key":"sapm.SearchField{\"placeholder\":\"Search\"}"}]}
RESULT: {"script":"<script> [1562 bytes]","args":[{"selector":{"controlType":"sap.m.SearchField","properties":{"placeholder":"Search"},"searchOpenDialogs":true,"interaction":{"idSuffix":"I"}},"wdio_ui5_key":"sapm.SearchField{\"placeholder\":\"Search\"}"}]}
RESULT: undefined
COMMAND: POST /session/8068150991763542753e5d368f2e808c/execute/async - {"script":"<script> [776 bytes]","args":[{"enterText":"bauh_b","selector":{"controlType":"sap.m.SearchField","properties":{"placeholder":"Search"},"searchOpenDialogs":true,"interaction":{"idSuffix":"I"}},"clearTextFirst":true,"interactionType":"ENTER_TEXT"}]}
RESULT: {"script":"<script> [776 bytes]","args":[{"enterText":"bauh_b","selector":{"controlType":"sap.m.SearchField","properties":{"placeholder":"Search"},"searchOpenDialogs":true,"interaction":{"idSuffix":"I"}},"clearTextFirst":true,"interactionType":"ENTER_TEXT"}]}
COMMAND: POST /session/8068150991763542753e5d368f2e808c/actions - {"actions":[{"id":"action1","type":"key","parameters":{},"actions":[{"type":"keyDown","value":""},{"type":"pause","duration":10},{"type":"keyUp","value":""}]}]}
RESULT: {"actions":[{"id":"action1","type":"key","parameters":{},"actions":[{"type":"keyDown","value":""},{"type":"pause","duration":10},{"type":"keyUp","value":""}]}]}
COMMAND: GET /session/8068150991763542753e5d368f2e808c/screenshot - {}
RESULT: {}
COMMAND: POST /session/8068150991763542753e5d368f2e808c/element - {"using":"xpath","value":"//span[contains(text(), \"Demo Yard\")]"}
RESULT: {"using":"xpath","value":"//span[contains(text(), \"Demo Yard\")]"}
COMMAND: POST /session/8068150991763542753e5d368f2e808c/element/f.7F1AC3273160C970B6304C41D413DEA3.d.680B170DC0F6BCE071D3E2ED8FCB58B6.e.784/click - {}
RESULT: {}
COMMAND: GET /session/8068150991763542753e5d368f2e808c/screenshot - {}
RESULT: {}
COMMAND: POST /session/8068150991763542753e5d368f2e808c/element - {"using":"xpath","value":"//bdi[contains(text(), \"OK\")]"}
RESULT: {"using":"xpath","value":"//bdi[contains(text(), \"OK\")]"}
COMMAND: POST /session/8068150991763542753e5d368f2e808c/element/f.7F1AC3273160C970B6304C41D413DEA3.d.680B170DC0F6BCE071D3E2ED8FCB58B6.e.785/click - {}
RESULT: {}
COMMAND: GET /session/8068150991763542753e5d368f2e808c/screenshot - {}
RESULT: {}
COMMAND: POST /session/8068150991763542753e5d368f2e808c/execute/async - {"script":"<script> [1562 bytes]","args":[{"selector":{"id":"application-manageyards-display-component---NewYard--addressEditDetailsCurrency-arrow"},"wdio_ui5_key":"applicationmanageyards-display-component---NewYard--addressEditDetailsCurrency-arrow"}]}
RESULT: {"script":"<script> [1562 bytes]","args":[{"selector":{"id":"application-manageyards-display-component---NewYard--addressEditDetailsCurrency-arrow"},"wdio_ui5_key":"applicationmanageyards-display-component---NewYard--addressEditDetailsCurrency-arrow"}]}
RESULT: undefined
COMMAND: POST /session/8068150991763542753e5d368f2e808c/element - {"using":"xpath","value":"//*[@id=\"application-manageyards-display-component---NewYard--addressEditDetailsCurrency-arrow\"]"}
RESULT: {"using":"xpath","value":"//*[@id=\"application-manageyards-display-component---NewYard--addressEditDetailsCurrency-arrow\"]"}
COMMAND: POST /session/8068150991763542753e5d368f2e808c/element/f.7F1AC3273160C970B6304C41D413DEA3.d.680B170DC0F6BCE071D3E2ED8FCB58B6.e.788/click - {}
RESULT: {}
COMMAND: POST /session/8068150991763542753e5d368f2e808c/element - {"using":"xpath","value":"//span[contains(text(), \"Euro\")]"}
COMMAND: GET /session/8068150991763542753e5d368f2e808c/screenshot - {}
RESULT: {"using":"xpath","value":"//span[contains(text(), \"Euro\")]"}
COMMAND: POST /session/8068150991763542753e5d368f2e808c/element/f.7F1AC3273160C970B6304C41D413DEA3.d.680B170DC0F6BCE071D3E2ED8FCB58B6.e.789/click - {}
RESULT: {}
RESULT: {}
COMMAND: POST /session/8068150991763542753e5d368f2e808c/execute/async - {"script":"<script> [1562 bytes]","args":[{"selector":{"controlType":"sap.m.Input","viewName":"etm.portal.ui.manageyards.view.New","viewId":"application-manageyards-display-component---NewYard","bindingPath":{"path":"","propertyPath":"/CONTROLLING_AREA","modelName":"NewYardModel"},"interaction":{"idSuffix":"inner"}},"wdio_ui5_key":"etmportal.ui.manageyards.view.Newsap.m.Input{\"path\":\"\",\"propertyPath\":\"/CONTROLLING_AREA\",\"modelName\":\"NewYardModel\"}"}]}
COMMAND: GET /session/8068150991763542753e5d368f2e808c/screenshot - {}
RESULT: {"script":"<script> [1562 bytes]","args":[{"selector":{"controlType":"sap.m.Input","viewName":"etm.portal.ui.manageyards.view.New","viewId":"application-manageyards-display-component---NewYard","bindingPath":{"path":"","propertyPath":"/CONTROLLING_AREA","modelName":"NewYardModel"},"interaction":{"idSuffix":"inner"}},"wdio_ui5_key":"etmportal.ui.manageyards.view.Newsap.m.Input{\"path\":\"\",\"propertyPath\":\"/CONTROLLING_AREA\",\"modelName\":\"NewYardModel\"}"}]}
RESULT: undefined
COMMAND: POST /session/8068150991763542753e5d368f2e808c/execute/async - {"script":"<script> [776 bytes]","args":[{"enterText":"Z001","selector":{"controlType":"sap.m.Input","viewName":"etm.portal.ui.manageyards.view.New","viewId":"application-manageyards-display-component---NewYard","bindingPath":{"path":"","propertyPath":"/CONTROLLING_AREA","modelName":"NewYardModel"},"interaction":{"idSuffix":"inner"}},"clearTextFirst":true,"interactionType":"ENTER_TEXT"}]}
RESULT: {}
RESULT: {"script":"<script> [776 bytes]","args":[{"enterText":"Z001","selector":{"controlType":"sap.m.Input","viewName":"etm.portal.ui.manageyards.view.New","viewId":"application-manageyards-display-component---NewYard","bindingPath":{"path":"","propertyPath":"/CONTROLLING_AREA","modelName":"NewYardModel"},"interaction":{"idSuffix":"inner"}},"clearTextFirst":true,"interactionType":"ENTER_TEXT"}]}
COMMAND: POST /session/8068150991763542753e5d368f2e808c/execute/async - {"script":"<script> [1562 bytes]","args":[{"selector":{"id":"application-manageyards-display-component---NewYard--companyCodeComboBox","interaction":{"idSuffix":"inner"}},"wdio_ui5_key":"applicationmanageyards-display-component---NewYard--companyCodeComboBox"}]}
RESULT: {"script":"<script> [1562 bytes]","args":[{"selector":{"id":"application-manageyards-display-component---NewYard--companyCodeComboBox","interaction":{"idSuffix":"inner"}},"wdio_ui5_key":"applicationmanageyards-display-component---NewYard--companyCodeComboBox"}]}
RESULT: undefined
COMMAND: POST /session/8068150991763542753e5d368f2e808c/execute/async - {"script":"<script> [776 bytes]","args":[{"enterText":"1000","selector":{"id":"application-manageyards-display-component---NewYard--companyCodeComboBox","interaction":{"idSuffix":"inner"}},"clearTextFirst":true,"interactionType":"ENTER_TEXT"}]}
RESULT: {"script":"<script> [776 bytes]","args":[{"enterText":"1000","selector":{"id":"application-manageyards-display-component---NewYard--companyCodeComboBox","interaction":{"idSuffix":"inner"}},"clearTextFirst":true,"interactionType":"ENTER_TEXT"}]}
COMMAND: POST /session/8068150991763542753e5d368f2e808c/execute/async - {"script":"<script> [1562 bytes]","args":[{"selector":{"controlType":"sap.m.Input","viewName":"etm.portal.ui.manageyards.view.New","viewId":"application-manageyards-display-component---NewYard","bindingPath":{"path":"","propertyPath":"/PLANT","modelName":"NewYardModel"},"interaction":{"idSuffix":"inner"}},"wdio_ui5_key":"etmportal.ui.manageyards.view.Newsap.m.Input{\"path\":\"\",\"propertyPath\":\"/PLANT\",\"modelName\":\"NewYardModel\"}"}]}
RESULT: {"script":"<script> [1562 bytes]","args":[{"selector":{"controlType":"sap.m.Input","viewName":"etm.portal.ui.manageyards.view.New","viewId":"application-manageyards-display-component---NewYard","bindingPath":{"path":"","propertyPath":"/PLANT","modelName":"NewYardModel"},"interaction":{"idSuffix":"inner"}},"wdio_ui5_key":"etmportal.ui.manageyards.view.Newsap.m.Input{\"path\":\"\",\"propertyPath\":\"/PLANT\",\"modelName\":\"NewYardModel\"}"}]}
RESULT: undefined
COMMAND: POST /session/8068150991763542753e5d368f2e808c/execute/async - {"script":"<script> [776 bytes]","args":[{"enterText":"1001","selector":{"controlType":"sap.m.Input","viewName":"etm.portal.ui.manageyards.view.New","viewId":"application-manageyards-display-component---NewYard","bindingPath":{"path":"","propertyPath":"/PLANT","modelName":"NewYardModel"},"interaction":{"idSuffix":"inner"}},"clearTextFirst":true,"interactionType":"ENTER_TEXT"}]}
RESULT: {"script":"<script> [776 bytes]","args":[{"enterText":"1001","selector":{"controlType":"sap.m.Input","viewName":"etm.portal.ui.manageyards.view.New","viewId":"application-manageyards-display-component---NewYard","bindingPath":{"path":"","propertyPath":"/PLANT","modelName":"NewYardModel"},"interaction":{"idSuffix":"inner"}},"clearTextFirst":true,"interactionType":"ENTER_TEXT"}]}
COMMAND: POST /session/8068150991763542753e5d368f2e808c/execute/async - {"script":"<script> [1562 bytes]","args":[{"selector":{"controlType":"sap.m.Input","viewName":"etm.portal.ui.manageyards.view.New","viewId":"application-manageyards-display-component---NewYard","bindingPath":{"path":"","propertyPath":"/SALES_AREA_VKORG","modelName":"NewYardModel"},"interaction":{"idSuffix":"inner"}},"wdio_ui5_key":"etmportal.ui.manageyards.view.Newsap.m.Input{\"path\":\"\",\"propertyPath\":\"/SALES_AREA_VKORG\",\"modelName\":\"NewYardModel\"}"}]}
RESULT: {"script":"<script> [1562 bytes]","args":[{"selector":{"controlType":"sap.m.Input","viewName":"etm.portal.ui.manageyards.view.New","viewId":"application-manageyards-display-component---NewYard","bindingPath":{"path":"","propertyPath":"/SALES_AREA_VKORG","modelName":"NewYardModel"},"interaction":{"idSuffix":"inner"}},"wdio_ui5_key":"etmportal.ui.manageyards.view.Newsap.m.Input{\"path\":\"\",\"propertyPath\":\"/SALES_AREA_VKORG\",\"modelName\":\"NewYardModel\"}"}]}
RESULT: undefined
COMMAND: POST /session/8068150991763542753e5d368f2e808c/execute/async - {"script":"<script> [776 bytes]","args":[{"enterText":"C002","selector":{"controlType":"sap.m.Input","viewName":"etm.portal.ui.manageyards.view.New","viewId":"application-manageyards-display-component---NewYard","bindingPath":{"path":"","propertyPath":"/SALES_AREA_VKORG","modelName":"NewYardModel"},"interaction":{"idSuffix":"inner"}},"clearTextFirst":true,"interactionType":"ENTER_TEXT"}]}
RESULT: {"script":"<script> [776 bytes]","args":[{"enterText":"C002","selector":{"controlType":"sap.m.Input","viewName":"etm.portal.ui.manageyards.view.New","viewId":"application-manageyards-display-component---NewYard","bindingPath":{"path":"","propertyPath":"/SALES_AREA_VKORG","modelName":"NewYardModel"},"interaction":{"idSuffix":"inner"}},"clearTextFirst":true,"interactionType":"ENTER_TEXT"}]}
COMMAND: POST /session/8068150991763542753e5d368f2e808c/execute/async - {"script":"<script> [1562 bytes]","args":[{"selector":{"controlType":"sap.m.Input","viewName":"etm.portal.ui.manageyards.view.New","viewId":"application-manageyards-display-component---NewYard","bindingPath":{"path":"","propertyPath":"/SALES_AREA_VTWEG","modelName":"NewYardModel"},"interaction":{"idSuffix":"inner"}},"wdio_ui5_key":"etmportal.ui.manageyards.view.Newsap.m.Input{\"path\":\"\",\"propertyPath\":\"/SALES_AREA_VTWEG\",\"modelName\":\"NewYardModel\"}"}]}
RESULT: {"script":"<script> [1562 bytes]","args":[{"selector":{"controlType":"sap.m.Input","viewName":"etm.portal.ui.manageyards.view.New","viewId":"application-manageyards-display-component---NewYard","bindingPath":{"path":"","propertyPath":"/SALES_AREA_VTWEG","modelName":"NewYardModel"},"interaction":{"idSuffix":"inner"}},"wdio_ui5_key":"etmportal.ui.manageyards.view.Newsap.m.Input{\"path\":\"\",\"propertyPath\":\"/SALES_AREA_VTWEG\",\"modelName\":\"NewYardModel\"}"}]}
RESULT: undefined
COMMAND: POST /session/8068150991763542753e5d368f2e808c/execute/async - {"script":"<script> [776 bytes]","args":[{"enterText":"C2","selector":{"controlType":"sap.m.Input","viewName":"etm.portal.ui.manageyards.view.New","viewId":"application-manageyards-display-component---NewYard","bindingPath":{"path":"","propertyPath":"/SALES_AREA_VTWEG","modelName":"NewYardModel"},"interaction":{"idSuffix":"inner"}},"clearTextFirst":true,"interactionType":"ENTER_TEXT"}]}
RESULT: {"script":"<script> [776 bytes]","args":[{"enterText":"C2","selector":{"controlType":"sap.m.Input","viewName":"etm.portal.ui.manageyards.view.New","viewId":"application-manageyards-display-component---NewYard","bindingPath":{"path":"","propertyPath":"/SALES_AREA_VTWEG","modelName":"NewYardModel"},"interaction":{"idSuffix":"inner"}},"clearTextFirst":true,"interactionType":"ENTER_TEXT"}]}
COMMAND: POST /session/8068150991763542753e5d368f2e808c/execute/async - {"script":"<script> [1562 bytes]","args":[{"selector":{"controlType":"sap.m.Input","viewName":"etm.portal.ui.manageyards.view.New","viewId":"application-manageyards-display-component---NewYard","bindingPath":{"path":"","propertyPath":"/SALES_AREA_SPART","modelName":"NewYardModel"},"interaction":{"idSuffix":"inner"}},"wdio_ui5_key":"etmportal.ui.manageyards.view.Newsap.m.Input{\"path\":\"\",\"propertyPath\":\"/SALES_AREA_SPART\",\"modelName\":\"NewYardModel\"}"}]}
RESULT: {"script":"<script> [1562 bytes]","args":[{"selector":{"controlType":"sap.m.Input","viewName":"etm.portal.ui.manageyards.view.New","viewId":"application-manageyards-display-component---NewYard","bindingPath":{"path":"","propertyPath":"/SALES_AREA_SPART","modelName":"NewYardModel"},"interaction":{"idSuffix":"inner"}},"wdio_ui5_key":"etmportal.ui.manageyards.view.Newsap.m.Input{\"path\":\"\",\"propertyPath\":\"/SALES_AREA_SPART\",\"modelName\":\"NewYardModel\"}"}]}
RESULT: undefined
COMMAND: POST /session/8068150991763542753e5d368f2e808c/execute/async - {"script":"<script> [776 bytes]","args":[{"enterText":"C2","selector":{"controlType":"sap.m.Input","viewName":"etm.portal.ui.manageyards.view.New","viewId":"application-manageyards-display-component---NewYard","bindingPath":{"path":"","propertyPath":"/SALES_AREA_SPART","modelName":"NewYardModel"},"interaction":{"idSuffix":"inner"}},"clearTextFirst":true,"interactionType":"ENTER_TEXT"}]}
RESULT: {"script":"<script> [776 bytes]","args":[{"enterText":"C2","selector":{"controlType":"sap.m.Input","viewName":"etm.portal.ui.manageyards.view.New","viewId":"application-manageyards-display-component---NewYard","bindingPath":{"path":"","propertyPath":"/SALES_AREA_SPART","modelName":"NewYardModel"},"interaction":{"idSuffix":"inner"}},"clearTextFirst":true,"interactionType":"ENTER_TEXT"}]}
COMMAND: POST /session/8068150991763542753e5d368f2e808c/execute/async - {"script":"<script> [1562 bytes]","args":[{"selector":{"controlType":"sap.m.Input","viewName":"etm.portal.ui.manageyards.view.New","viewId":"application-manageyards-display-component---NewYard","bindingPath":{"path":"","propertyPath":"/SHIP_POINT","modelName":"NewYardModel"},"interaction":{"idSuffix":"inner"}},"wdio_ui5_key":"etmportal.ui.manageyards.view.Newsap.m.Input{\"path\":\"\",\"propertyPath\":\"/SHIP_POINT\",\"modelName\":\"NewYardModel\"}"}]}
RESULT: {"script":"<script> [1562 bytes]","args":[{"selector":{"controlType":"sap.m.Input","viewName":"etm.portal.ui.manageyards.view.New","viewId":"application-manageyards-display-component---NewYard","bindingPath":{"path":"","propertyPath":"/SHIP_POINT","modelName":"NewYardModel"},"interaction":{"idSuffix":"inner"}},"wdio_ui5_key":"etmportal.ui.manageyards.view.Newsap.m.Input{\"path\":\"\",\"propertyPath\":\"/SHIP_POINT\",\"modelName\":\"NewYardModel\"}"}]}
RESULT: undefined
COMMAND: POST /session/8068150991763542753e5d368f2e808c/execute/async - {"script":"<script> [776 bytes]","args":[{"enterText":"1710","selector":{"controlType":"sap.m.Input","viewName":"etm.portal.ui.manageyards.view.New","viewId":"application-manageyards-display-component---NewYard","bindingPath":{"path":"","propertyPath":"/SHIP_POINT","modelName":"NewYardModel"},"interaction":{"idSuffix":"inner"}},"clearTextFirst":true,"interactionType":"ENTER_TEXT"}]}
RESULT: {"script":"<script> [776 bytes]","args":[{"enterText":"1710","selector":{"controlType":"sap.m.Input","viewName":"etm.portal.ui.manageyards.view.New","viewId":"application-manageyards-display-component---NewYard","bindingPath":{"path":"","propertyPath":"/SHIP_POINT","modelName":"NewYardModel"},"interaction":{"idSuffix":"inner"}},"clearTextFirst":true,"interactionType":"ENTER_TEXT"}]}
COMMAND: POST /session/8068150991763542753e5d368f2e808c/execute/async - {"script":"<script> [1562 bytes]","args":[{"selector":{"controlType":"sap.m.Input","viewName":"etm.portal.ui.manageyards.view.New","viewId":"application-manageyards-display-component---NewYard","bindingPath":{"path":"","propertyPath":"/DELIVERY_TYPE","modelName":"NewYardModel"},"interaction":{"idSuffix":"inner"}},"wdio_ui5_key":"etmportal.ui.manageyards.view.Newsap.m.Input{\"path\":\"\",\"propertyPath\":\"/DELIVERY_TYPE\",\"modelName\":\"NewYardModel\"}"}]}
RESULT: {"script":"<script> [1562 bytes]","args":[{"selector":{"controlType":"sap.m.Input","viewName":"etm.portal.ui.manageyards.view.New","viewId":"application-manageyards-display-component---NewYard","bindingPath":{"path":"","propertyPath":"/DELIVERY_TYPE","modelName":"NewYardModel"},"interaction":{"idSuffix":"inner"}},"wdio_ui5_key":"etmportal.ui.manageyards.view.Newsap.m.Input{\"path\":\"\",\"propertyPath\":\"/DELIVERY_TYPE\",\"modelName\":\"NewYardModel\"}"}]}
RESULT: undefined
COMMAND: POST /session/8068150991763542753e5d368f2e808c/execute/async - {"script":"<script> [776 bytes]","args":[{"enterText":"ZL01","selector":{"controlType":"sap.m.Input","viewName":"etm.portal.ui.manageyards.view.New","viewId":"application-manageyards-display-component---NewYard","bindingPath":{"path":"","propertyPath":"/DELIVERY_TYPE","modelName":"NewYardModel"},"interaction":{"idSuffix":"inner"}},"clearTextFirst":true,"interactionType":"ENTER_TEXT"}]}
RESULT: {"script":"<script> [776 bytes]","args":[{"enterText":"ZL01","selector":{"controlType":"sap.m.Input","viewName":"etm.portal.ui.manageyards.view.New","viewId":"application-manageyards-display-component---NewYard","bindingPath":{"path":"","propertyPath":"/DELIVERY_TYPE","modelName":"NewYardModel"},"interaction":{"idSuffix":"inner"}},"clearTextFirst":true,"interactionType":"ENTER_TEXT"}]}
COMMAND: POST /session/8068150991763542753e5d368f2e808c/execute/async - {"script":"<script> [1562 bytes]","args":[{"selector":{"controlType":"sap.m.Input","viewName":"etm.portal.ui.manageyards.view.New","viewId":"application-manageyards-display-component---NewYard","bindingPath":{"path":"","propertyPath":"/AUART","modelName":"NewYardModel"},"interaction":{"idSuffix":"inner"}},"wdio_ui5_key":"etmportal.ui.manageyards.view.Newsap.m.Input{\"path\":\"\",\"propertyPath\":\"/AUART\",\"modelName\":\"NewYardModel\"}"}]}
RESULT: {"script":"<script> [1562 bytes]","args":[{"selector":{"controlType":"sap.m.Input","viewName":"etm.portal.ui.manageyards.view.New","viewId":"application-manageyards-display-component---NewYard","bindingPath":{"path":"","propertyPath":"/AUART","modelName":"NewYardModel"},"interaction":{"idSuffix":"inner"}},"wdio_ui5_key":"etmportal.ui.manageyards.view.Newsap.m.Input{\"path\":\"\",\"propertyPath\":\"/AUART\",\"modelName\":\"NewYardModel\"}"}]}
RESULT: undefined
COMMAND: POST /session/8068150991763542753e5d368f2e808c/execute/async - {"script":"<script> [776 bytes]","args":[{"enterText":"TA","selector":{"controlType":"sap.m.Input","viewName":"etm.portal.ui.manageyards.view.New","viewId":"application-manageyards-display-component---NewYard","bindingPath":{"path":"","propertyPath":"/AUART","modelName":"NewYardModel"},"interaction":{"idSuffix":"inner"}},"clearTextFirst":true,"interactionType":"ENTER_TEXT"}]}
RESULT: {"script":"<script> [776 bytes]","args":[{"enterText":"TA","selector":{"controlType":"sap.m.Input","viewName":"etm.portal.ui.manageyards.view.New","viewId":"application-manageyards-display-component---NewYard","bindingPath":{"path":"","propertyPath":"/AUART","modelName":"NewYardModel"},"interaction":{"idSuffix":"inner"}},"clearTextFirst":true,"interactionType":"ENTER_TEXT"}]}
COMMAND: POST /session/8068150991763542753e5d368f2e808c/element - {"using":"xpath","value":"//button[@data-kt=\"newYardSaveButton\"]"}
RESULT: {"using":"xpath","value":"//button[@data-kt=\"newYardSaveButton\"]"}
COMMAND: POST /session/8068150991763542753e5d368f2e808c/element/f.7F1AC3273160C970B6304C41D413DEA3.d.680B170DC0F6BCE071D3E2ED8FCB58B6.e.715/click - {}
RESULT: {}
COMMAND: GET /session/8068150991763542753e5d368f2e808c/screenshot - {}
RESULT: {}
COMMAND: POST /session/8068150991763542753e5d368f2e808c/element - {"using":"xpath","value":"//header[contains(@id, 'ObjectPageLayout-headerTitle')]/div[1]/div[2]/div[1]/span[1]"}
RESULT: {"using":"xpath","value":"//header[contains(@id, 'ObjectPageLayout-headerTitle')]/div[1]/div[2]/div[1]/span[1]"}
COMMAND: POST /session/8068150991763542753e5d368f2e808c/elements - {"using":"xpath","value":"//header[contains(@id, 'ObjectPageLayout-headerTitle')]/div[1]/div[2]/div[1]/span[1]"}
RESULT: {"using":"xpath","value":"//header[contains(@id, 'ObjectPageLayout-headerTitle')]/div[1]/div[2]/div[1]/span[1]"}
COMMAND: POST /session/8068150991763542753e5d368f2e808c/execute/sync - {"script":"<script> [56 bytes]","args":[{"element-6066-11e4-a52e-4f735466cecf":"f.7F1AC3273160C970B6304C41D413DEA3.d.680B170DC0F6BCE071D3E2ED8FCB58B6.e.1014","ELEMENT":"f.7F1AC3273160C970B6304C41D413DEA3.d.680B170DC0F6BCE071D3E2ED8FCB58B6.e.1014"}]}
RESULT: {"script":"<script> [56 bytes]","args":[{"element-6066-11e4-a52e-4f735466cecf":"f.7F1AC3273160C970B6304C41D413DEA3.d.680B170DC0F6BCE071D3E2ED8FCB58B6.e.1014","ELEMENT":"f.7F1AC3273160C970B6304C41D413DEA3.d.680B170DC0F6BCE071D3E2ED8FCB58B6.e.1014"}]}
COMMAND: GET /session/8068150991763542753e5d368f2e808c/screenshot - {}
RESULT: {}
COMMAND: POST /session/8068150991763542753e5d368f2e808c/element - {"using":"css selector","value":"#shell-header-logo"}
RESULT: {"using":"css selector","value":"#shell-header-logo"}
COMMAND: POST /session/8068150991763542753e5d368f2e808c/element/f.7F1AC3273160C970B6304C41D413DEA3.d.680B170DC0F6BCE071D3E2ED8FCB58B6.e.268/click - {}
RESULT: {}
COMMAND: GET /session/8068150991763542753e5d368f2e808c/screenshot - {}
RESULT: {}
COMMAND: POST /session/8068150991763542753e5d368f2e808c/execute/sync - {"script":"<script> [299 bytes]","args":[["getModel","getResource"]]}
RESULT: {"script":"<script> [299 bytes]","args":[["getModel","getResource"]]}
]]></system-out>
    </testcase>
    <testcase classname="chrome.136_0_7103_93.windows.Create_condition_pricing_US117289_US134625" name="Should create a new equipment used for all following tests" time="138.072">
      <system-out><![CDATA[
COMMAND: GET /session/8068150991763542753e5d368f2e808c/screenshot - {}
COMMAND: POST /session/8068150991763542753e5d368f2e808c/execute/async - {"script":"<script> [1562 bytes]","args":[{"selector":{"controlType":"sap.m.GenericTile","properties":{"header":"Manage Resources"}},"wdio_ui5_key":"sapm.GenericTile{\"header\":\"Manage Resources\"}"}]}
RESULT: {"script":"<script> [1562 bytes]","args":[{"selector":{"controlType":"sap.m.GenericTile","properties":{"header":"Manage Resources"}},"wdio_ui5_key":"sapm.GenericTile{\"header\":\"Manage Resources\"}"}]}
RESULT: undefined
COMMAND: POST /session/8068150991763542753e5d368f2e808c/element - {"using":"xpath","value":"//*[@id=\"__tile39\"]"}
RESULT: {}
RESULT: {"using":"xpath","value":"//*[@id=\"__tile39\"]"}
COMMAND: POST /session/8068150991763542753e5d368f2e808c/element/f.7F1AC3273160C970B6304C41D413DEA3.d.680B170DC0F6BCE071D3E2ED8FCB58B6.e.158/click - {}
RESULT: {}
COMMAND: GET /session/8068150991763542753e5d368f2e808c/screenshot - {}
RESULT: {}
COMMAND: POST /session/8068150991763542753e5d368f2e808c/elements - {"using":"xpath","value":"//span[text()='Error']"}
RESULT: {"using":"xpath","value":"//span[text()='Error']"}
COMMAND: POST /session/8068150991763542753e5d368f2e808c/element - {"using":"xpath","value":"//button[@data-kt=\"addNewRUOverflowToolbarButton\"]"}
RESULT: {"using":"xpath","value":"//button[@data-kt=\"addNewRUOverflowToolbarButton\"]"}
COMMAND: POST /session/8068150991763542753e5d368f2e808c/elements - {"using":"xpath","value":"//button[@data-kt=\"addNewRUOverflowToolbarButton\"]"}
RESULT: {"using":"xpath","value":"//button[@data-kt=\"addNewRUOverflowToolbarButton\"]"}
COMMAND: POST /session/8068150991763542753e5d368f2e808c/execute/sync - {"script":"<script> [8489 bytes]","args":[{"element-6066-11e4-a52e-4f735466cecf":"f.7F1AC3273160C970B6304C41D413DEA3.d.680B170DC0F6BCE071D3E2ED8FCB58B6.e.1057","ELEMENT":"f.7F1AC3273160C970B6304C41D413DEA3.d.680B170DC0F6BCE071D3E2ED8FCB58B6.e.1057"}]}
RESULT: {"script":"<script> [8489 bytes]","args":[{"element-6066-11e4-a52e-4f735466cecf":"f.7F1AC3273160C970B6304C41D413DEA3.d.680B170DC0F6BCE071D3E2ED8FCB58B6.e.1057","ELEMENT":"f.7F1AC3273160C970B6304C41D413DEA3.d.680B170DC0F6BCE071D3E2ED8FCB58B6.e.1057"}]}
COMMAND: GET /session/8068150991763542753e5d368f2e808c/element/f.7F1AC3273160C970B6304C41D413DEA3.d.680B170DC0F6BCE071D3E2ED8FCB58B6.e.1057/enabled - {}
COMMAND: GET /session/8068150991763542753e5d368f2e808c/screenshot - {}
RESULT: {}
COMMAND: POST /session/8068150991763542753e5d368f2e808c/execute/sync - {"script":"<script> [8489 bytes]","args":[{"element-6066-11e4-a52e-4f735466cecf":"f.7F1AC3273160C970B6304C41D413DEA3.d.680B170DC0F6BCE071D3E2ED8FCB58B6.e.1057","ELEMENT":"f.7F1AC3273160C970B6304C41D413DEA3.d.680B170DC0F6BCE071D3E2ED8FCB58B6.e.1057"}]}
COMMAND: GET /session/8068150991763542753e5d368f2e808c/screenshot - {}
RESULT: {}
RESULT: {"script":"<script> [8489 bytes]","args":[{"element-6066-11e4-a52e-4f735466cecf":"f.7F1AC3273160C970B6304C41D413DEA3.d.680B170DC0F6BCE071D3E2ED8FCB58B6.e.1057","ELEMENT":"f.7F1AC3273160C970B6304C41D413DEA3.d.680B170DC0F6BCE071D3E2ED8FCB58B6.e.1057"}]}
COMMAND: POST /session/8068150991763542753e5d368f2e808c/execute/sync - {"script":"<script> [5351 bytes]","args":[{"element-6066-11e4-a52e-4f735466cecf":"f.7F1AC3273160C970B6304C41D413DEA3.d.680B170DC0F6BCE071D3E2ED8FCB58B6.e.1057","ELEMENT":"f.7F1AC3273160C970B6304C41D413DEA3.d.680B170DC0F6BCE071D3E2ED8FCB58B6.e.1057"}]}
COMMAND: GET /session/8068150991763542753e5d368f2e808c/screenshot - {}
RESULT: {}
RESULT: {"script":"<script> [5351 bytes]","args":[{"element-6066-11e4-a52e-4f735466cecf":"f.7F1AC3273160C970B6304C41D413DEA3.d.680B170DC0F6BCE071D3E2ED8FCB58B6.e.1057","ELEMENT":"f.7F1AC3273160C970B6304C41D413DEA3.d.680B170DC0F6BCE071D3E2ED8FCB58B6.e.1057"}]}
COMMAND: POST /session/8068150991763542753e5d368f2e808c/element/f.7F1AC3273160C970B6304C41D413DEA3.d.680B170DC0F6BCE071D3E2ED8FCB58B6.e.1057/click - {}
COMMAND: GET /session/8068150991763542753e5d368f2e808c/screenshot - {}
RESULT: {}
RESULT: {}
COMMAND: GET /session/8068150991763542753e5d368f2e808c/screenshot - {}
RESULT: {}
RESULT: {}
COMMAND: POST /session/8068150991763542753e5d368f2e808c/execute/async - {"script":"<script> [1562 bytes]","args":[{"selector":{"id":"application-manageresources-display-component---newResourceUnit--TYPE-arrow"},"wdio_ui5_key":"applicationmanageresources-display-component---newResourceUnit--TYPE-arrow"}]}
RESULT: {"script":"<script> [1562 bytes]","args":[{"selector":{"id":"application-manageresources-display-component---newResourceUnit--TYPE-arrow"},"wdio_ui5_key":"applicationmanageresources-display-component---newResourceUnit--TYPE-arrow"}]}
RESULT: undefined
COMMAND: POST /session/8068150991763542753e5d368f2e808c/element - {"using":"xpath","value":"//*[@id=\"application-manageresources-display-component---newResourceUnit--TYPE-arrow\"]"}
RESULT: {"using":"xpath","value":"//*[@id=\"application-manageresources-display-component---newResourceUnit--TYPE-arrow\"]"}
COMMAND: POST /session/8068150991763542753e5d368f2e808c/element/f.7F1AC3273160C970B6304C41D413DEA3.d.680B170DC0F6BCE071D3E2ED8FCB58B6.e.1416/click - {}
RESULT: {}
COMMAND: POST /session/8068150991763542753e5d368f2e808c/element - {"using":"xpath","value":"//input[@id=\"application-manageresources-display-component---newResourceUnit--TYPE-inner\"]"}
COMMAND: GET /session/8068150991763542753e5d368f2e808c/screenshot - {}
RESULT: {"using":"xpath","value":"//input[@id=\"application-manageresources-display-component---newResourceUnit--TYPE-inner\"]"}
COMMAND: POST /session/8068150991763542753e5d368f2e808c/element/f.7F1AC3273160C970B6304C41D413DEA3.d.680B170DC0F6BCE071D3E2ED8FCB58B6.e.1398/clear - {}
RESULT: {}
RESULT: {}
COMMAND: POST /session/8068150991763542753e5d368f2e808c/element/f.7F1AC3273160C970B6304C41D413DEA3.d.680B170DC0F6BCE071D3E2ED8FCB58B6.e.1398/value - {"text":"Equipment"}
COMMAND: GET /session/8068150991763542753e5d368f2e808c/screenshot - {}
RESULT: {"text":"Equipment"}
COMMAND: GET /session/8068150991763542753e5d368f2e808c/screenshot - {}
RESULT: {}
RESULT: {}
COMMAND: POST /session/8068150991763542753e5d368f2e808c/actions - {"actions":[{"id":"action2","type":"key","parameters":{},"actions":[{"type":"keyDown","value":""},{"type":"pause","duration":10},{"type":"keyUp","value":""}]}]}
RESULT: {"actions":[{"id":"action2","type":"key","parameters":{},"actions":[{"type":"keyDown","value":""},{"type":"pause","duration":10},{"type":"keyUp","value":""}]}]}
COMMAND: POST /session/8068150991763542753e5d368f2e808c/execute/async - {"script":"<script> [1562 bytes]","args":[{"selector":{"id":"application-manageresources-display-component---newResourceUnit--resourceId","interaction":{"idSuffix":"inner"}},"wdio_ui5_key":"applicationmanageresources-display-component---newResourceUnit--resourceId"}]}
COMMAND: GET /session/8068150991763542753e5d368f2e808c/screenshot - {}
RESULT: {"script":"<script> [1562 bytes]","args":[{"selector":{"id":"application-manageresources-display-component---newResourceUnit--resourceId","interaction":{"idSuffix":"inner"}},"wdio_ui5_key":"applicationmanageresources-display-component---newResourceUnit--resourceId"}]}
RESULT: undefined
COMMAND: POST /session/8068150991763542753e5d368f2e808c/execute/async - {"script":"<script> [776 bytes]","args":[{"enterText":"jkOWepgZoc","selector":{"id":"application-manageresources-display-component---newResourceUnit--resourceId","interaction":{"idSuffix":"inner"}},"clearTextFirst":true,"interactionType":"ENTER_TEXT"}]}
RESULT: {}
RESULT: {"script":"<script> [776 bytes]","args":[{"enterText":"jkOWepgZoc","selector":{"id":"application-manageresources-display-component---newResourceUnit--resourceId","interaction":{"idSuffix":"inner"}},"clearTextFirst":true,"interactionType":"ENTER_TEXT"}]}
COMMAND: POST /session/8068150991763542753e5d368f2e808c/execute/async - {"script":"<script> [1562 bytes]","args":[{"selector":{"id":"application-manageresources-display-component---newResourceUnit--SHORT_TEXT","interaction":{"idSuffix":"inner"}},"wdio_ui5_key":"applicationmanageresources-display-component---newResourceUnit--SHORT_TEXT"}]}
RESULT: {"script":"<script> [1562 bytes]","args":[{"selector":{"id":"application-manageresources-display-component---newResourceUnit--SHORT_TEXT","interaction":{"idSuffix":"inner"}},"wdio_ui5_key":"applicationmanageresources-display-component---newResourceUnit--SHORT_TEXT"}]}
RESULT: undefined
COMMAND: POST /session/8068150991763542753e5d368f2e808c/execute/async - {"script":"<script> [776 bytes]","args":[{"enterText":"Intercompany Equipment WDIO","selector":{"id":"application-manageresources-display-component---newResourceUnit--SHORT_TEXT","interaction":{"idSuffix":"inner"}},"clearTextFirst":true,"interactionType":"ENTER_TEXT"}]}
RESULT: {"script":"<script> [776 bytes]","args":[{"enterText":"Intercompany Equipment WDIO","selector":{"id":"application-manageresources-display-component---newResourceUnit--SHORT_TEXT","interaction":{"idSuffix":"inner"}},"clearTextFirst":true,"interactionType":"ENTER_TEXT"}]}
COMMAND: POST /session/8068150991763542753e5d368f2e808c/execute/async - {"script":"<script> [1562 bytes]","args":[{"selector":{"id":"application-manageresources-display-component---newResourceUnit--BASE_UNIT_OF_MEASURE","interaction":{"idSuffix":"inner"}},"wdio_ui5_key":"applicationmanageresources-display-component---newResourceUnit--BASE_UNIT_OF_MEASURE"}]}
RESULT: {"script":"<script> [1562 bytes]","args":[{"selector":{"id":"application-manageresources-display-component---newResourceUnit--BASE_UNIT_OF_MEASURE","interaction":{"idSuffix":"inner"}},"wdio_ui5_key":"applicationmanageresources-display-component---newResourceUnit--BASE_UNIT_OF_MEASURE"}]}
RESULT: undefined
COMMAND: POST /session/8068150991763542753e5d368f2e808c/execute/async - {"script":"<script> [776 bytes]","args":[{"enterText":"Piece","selector":{"id":"application-manageresources-display-component---newResourceUnit--BASE_UNIT_OF_MEASURE","interaction":{"idSuffix":"inner"}},"clearTextFirst":true,"interactionType":"ENTER_TEXT"}]}
RESULT: {"script":"<script> [776 bytes]","args":[{"enterText":"Piece","selector":{"id":"application-manageresources-display-component---newResourceUnit--BASE_UNIT_OF_MEASURE","interaction":{"idSuffix":"inner"}},"clearTextFirst":true,"interactionType":"ENTER_TEXT"}]}
COMMAND: POST /session/8068150991763542753e5d368f2e808c/execute/async - {"script":"<script> [1562 bytes]","args":[{"selector":{"id":"application-manageresources-display-component---newResourceUnit--WEIGHT_UNIT","interaction":{"idSuffix":"inner"}},"wdio_ui5_key":"applicationmanageresources-display-component---newResourceUnit--WEIGHT_UNIT"}]}
RESULT: {"script":"<script> [1562 bytes]","args":[{"selector":{"id":"application-manageresources-display-component---newResourceUnit--WEIGHT_UNIT","interaction":{"idSuffix":"inner"}},"wdio_ui5_key":"applicationmanageresources-display-component---newResourceUnit--WEIGHT_UNIT"}]}
RESULT: undefined
COMMAND: POST /session/8068150991763542753e5d368f2e808c/execute/async - {"script":"<script> [776 bytes]","args":[{"enterText":"Gram","selector":{"id":"application-manageresources-display-component---newResourceUnit--WEIGHT_UNIT","interaction":{"idSuffix":"inner"}},"clearTextFirst":true,"interactionType":"ENTER_TEXT"}]}
RESULT: {"script":"<script> [776 bytes]","args":[{"enterText":"Gram","selector":{"id":"application-manageresources-display-component---newResourceUnit--WEIGHT_UNIT","interaction":{"idSuffix":"inner"}},"clearTextFirst":true,"interactionType":"ENTER_TEXT"}]}
COMMAND: POST /session/8068150991763542753e5d368f2e808c/execute/async - {"script":"<script> [1562 bytes]","args":[{"selector":{"id":"application-manageresources-display-component---newResourceUnit--DIMENSION_UNIT","interaction":{"idSuffix":"inner"}},"wdio_ui5_key":"applicationmanageresources-display-component---newResourceUnit--DIMENSION_UNIT"}]}
RESULT: {"script":"<script> [1562 bytes]","args":[{"selector":{"id":"application-manageresources-display-component---newResourceUnit--DIMENSION_UNIT","interaction":{"idSuffix":"inner"}},"wdio_ui5_key":"applicationmanageresources-display-component---newResourceUnit--DIMENSION_UNIT"}]}
RESULT: undefined
COMMAND: POST /session/8068150991763542753e5d368f2e808c/execute/async - {"script":"<script> [776 bytes]","args":[{"enterText":"Meter","selector":{"id":"application-manageresources-display-component---newResourceUnit--DIMENSION_UNIT","interaction":{"idSuffix":"inner"}},"clearTextFirst":true,"interactionType":"ENTER_TEXT"}]}
RESULT: {"script":"<script> [776 bytes]","args":[{"enterText":"Meter","selector":{"id":"application-manageresources-display-component---newResourceUnit--DIMENSION_UNIT","interaction":{"idSuffix":"inner"}},"clearTextFirst":true,"interactionType":"ENTER_TEXT"}]}
COMMAND: POST /session/8068150991763542753e5d368f2e808c/execute/async - {"script":"<script> [1562 bytes]","args":[{"selector":{"id":"application-manageresources-display-component---newResourceUnit--newRRUPage-anchBar-application-manageresources-display-component---newResourceUnit--control-anchor","interaction":{"idSuffix":"BDI-content"}},"wdio_ui5_key":"applicationmanageresources-display-component---newResourceUnit--newRRUPage-anchBar-application-manageresources-display-component---newResourceUnit--control-anchor"}]}
RESULT: {"script":"<script> [1562 bytes]","args":[{"selector":{"id":"application-manageresources-display-component---newResourceUnit--newRRUPage-anchBar-application-manageresources-display-component---newResourceUnit--control-anchor","interaction":{"idSuffix":"BDI-content"}},"wdio_ui5_key":"applicationmanageresources-display-component---newResourceUnit--newRRUPage-anchBar-application-manageresources-display-component---newResourceUnit--control-anchor"}]}
RESULT: undefined
COMMAND: POST /session/8068150991763542753e5d368f2e808c/element - {"using":"xpath","value":"//*[@id=\"application-manageresources-display-component---newResourceUnit--newRRUPage-anchBar-application-manageresources-display-component---newResourceUnit--control-anchor\"]"}
RESULT: {"using":"xpath","value":"//*[@id=\"application-manageresources-display-component---newResourceUnit--newRRUPage-anchBar-application-manageresources-display-component---newResourceUnit--control-anchor\"]"}
COMMAND: POST /session/8068150991763542753e5d368f2e808c/element/f.7F1AC3273160C970B6304C41D413DEA3.d.680B170DC0F6BCE071D3E2ED8FCB58B6.e.1574/click - {}
RESULT: {}
COMMAND: POST /session/8068150991763542753e5d368f2e808c/execute/async - {"script":"<script> [1562 bytes]","args":[{"selector":{"id":"application-manageresources-display-component---newResourceUnit--PLANNING_GROUP","interaction":{"idSuffix":"inner"}},"wdio_ui5_key":"applicationmanageresources-display-component---newResourceUnit--PLANNING_GROUP"}]}
COMMAND: GET /session/8068150991763542753e5d368f2e808c/screenshot - {}
RESULT: {"script":"<script> [1562 bytes]","args":[{"selector":{"id":"application-manageresources-display-component---newResourceUnit--PLANNING_GROUP","interaction":{"idSuffix":"inner"}},"wdio_ui5_key":"applicationmanageresources-display-component---newResourceUnit--PLANNING_GROUP"}]}
RESULT: undefined
COMMAND: POST /session/8068150991763542753e5d368f2e808c/execute/async - {"script":"<script> [776 bytes]","args":[{"enterText":"Heavy Equi","selector":{"id":"application-manageresources-display-component---newResourceUnit--PLANNING_GROUP","interaction":{"idSuffix":"inner"}},"clearTextFirst":true,"interactionType":"ENTER_TEXT"}]}
RESULT: {}
RESULT: {"script":"<script> [776 bytes]","args":[{"enterText":"Heavy Equi","selector":{"id":"application-manageresources-display-component---newResourceUnit--PLANNING_GROUP","interaction":{"idSuffix":"inner"}},"clearTextFirst":true,"interactionType":"ENTER_TEXT"}]}
COMMAND: POST /session/8068150991763542753e5d368f2e808c/execute/async - {"script":"<script> [1562 bytes]","args":[{"selector":{"id":"application-manageresources-display-component---newResourceUnit--ITEM_TYPE-arrow"},"wdio_ui5_key":"applicationmanageresources-display-component---newResourceUnit--ITEM_TYPE-arrow"}]}
RESULT: {"script":"<script> [1562 bytes]","args":[{"selector":{"id":"application-manageresources-display-component---newResourceUnit--ITEM_TYPE-arrow"},"wdio_ui5_key":"applicationmanageresources-display-component---newResourceUnit--ITEM_TYPE-arrow"}]}
RESULT: undefined
COMMAND: POST /session/8068150991763542753e5d368f2e808c/element - {"using":"xpath","value":"//*[@id=\"application-manageresources-display-component---newResourceUnit--ITEM_TYPE-arrow\"]"}
RESULT: {"using":"xpath","value":"//*[@id=\"application-manageresources-display-component---newResourceUnit--ITEM_TYPE-arrow\"]"}
COMMAND: POST /session/8068150991763542753e5d368f2e808c/element/f.7F1AC3273160C970B6304C41D413DEA3.d.680B170DC0F6BCE071D3E2ED8FCB58B6.e.1583/click - {}
RESULT: {}
COMMAND: POST /session/8068150991763542753e5d368f2e808c/element - {"using":"xpath","value":"//ul[contains(@id,\"ITEM_TYPE-popup-list-listUl\")]//li[.//span[contains(text(),\"Resource Unit\")]]"}
COMMAND: GET /session/8068150991763542753e5d368f2e808c/screenshot - {}
RESULT: {"using":"xpath","value":"//ul[contains(@id,\"ITEM_TYPE-popup-list-listUl\")]//li[.//span[contains(text(),\"Resource Unit\")]]"}
COMMAND: POST /session/8068150991763542753e5d368f2e808c/element/f.7F1AC3273160C970B6304C41D413DEA3.d.680B170DC0F6BCE071D3E2ED8FCB58B6.e.1584/click - {}
RESULT: {}
RESULT: {}
COMMAND: GET /session/8068150991763542753e5d368f2e808c/screenshot - {}
RESULT: {}
COMMAND: POST /session/8068150991763542753e5d368f2e808c/element - {"using":"css selector","value":"#application-manageresources-display-component---newResourceUnit--btnAddTimeSegment"}
RESULT: {"using":"css selector","value":"#application-manageresources-display-component---newResourceUnit--btnAddTimeSegment"}
COMMAND: GET /session/8068150991763542753e5d368f2e808c/element/f.7F1AC3273160C970B6304C41D413DEA3.d.680B170DC0F6BCE071D3E2ED8FCB58B6.e.1591/rect - {}
RESULT: {}
COMMAND: GET /session/8068150991763542753e5d368f2e808c/window/rect - {}
RESULT: {}
COMMAND: POST /session/8068150991763542753e5d368f2e808c/execute/sync - {"script":"<script> [92 bytes]","args":[]}
RESULT: {"script":"<script> [92 bytes]","args":[]}
COMMAND: POST /session/8068150991763542753e5d368f2e808c/actions - {"actions":[{"id":"action3","type":"wheel","parameters":{},"actions":[{"type":"scroll","x":-1888,"y":-32,"deltaX":0,"deltaY":0,"duration":0,"origin":{"element-6066-11e4-a52e-4f735466cecf":"f.7F1AC3273160C970B6304C41D413DEA3.d.680B170DC0F6BCE071D3E2ED8FCB58B6.e.1591"}}]}]}
COMMAND: GET /session/8068150991763542753e5d368f2e808c/screenshot - {}
RESULT: {}
COMMAND: POST /session/8068150991763542753e5d368f2e808c/execute/sync - {"script":"<script> [79 bytes]","args":[{"element-6066-11e4-a52e-4f735466cecf":"f.7F1AC3273160C970B6304C41D413DEA3.d.680B170DC0F6BCE071D3E2ED8FCB58B6.e.1591","ELEMENT":"f.7F1AC3273160C970B6304C41D413DEA3.d.680B170DC0F6BCE071D3E2ED8FCB58B6.e.1591"},{"block":"start","inline":"nearest"}]}
RESULT: {"script":"<script> [79 bytes]","args":[{"element-6066-11e4-a52e-4f735466cecf":"f.7F1AC3273160C970B6304C41D413DEA3.d.680B170DC0F6BCE071D3E2ED8FCB58B6.e.1591","ELEMENT":"f.7F1AC3273160C970B6304C41D413DEA3.d.680B170DC0F6BCE071D3E2ED8FCB58B6.e.1591"},{"block":"start","inline":"nearest"}]}
COMMAND: POST /session/8068150991763542753e5d368f2e808c/execute/async - {"script":"<script> [1562 bytes]","args":[{"selector":{"id":"application-manageresources-display-component---newResourceUnit--btnAddTimeSegment","interaction":{"idSuffix":"inner"}},"wdio_ui5_key":"applicationmanageresources-display-component---newResourceUnit--btnAddTimeSegment"}]}
COMMAND: GET /session/8068150991763542753e5d368f2e808c/screenshot - {}
RESULT: {"script":"<script> [1562 bytes]","args":[{"selector":{"id":"application-manageresources-display-component---newResourceUnit--btnAddTimeSegment","interaction":{"idSuffix":"inner"}},"wdio_ui5_key":"applicationmanageresources-display-component---newResourceUnit--btnAddTimeSegment"}]}
RESULT: undefined
COMMAND: POST /session/8068150991763542753e5d368f2e808c/element - {"using":"xpath","value":"//*[@id=\"application-manageresources-display-component---newResourceUnit--btnAddTimeSegment\"]"}
RESULT: {}
RESULT: {"using":"xpath","value":"//*[@id=\"application-manageresources-display-component---newResourceUnit--btnAddTimeSegment\"]"}
COMMAND: POST /session/8068150991763542753e5d368f2e808c/element/f.7F1AC3273160C970B6304C41D413DEA3.d.680B170DC0F6BCE071D3E2ED8FCB58B6.e.1591/click - {}
RESULT: {}
COMMAND: GET /session/8068150991763542753e5d368f2e808c/screenshot - {}
RESULT: {}
COMMAND: POST /session/8068150991763542753e5d368f2e808c/element - {"using":"xpath","value":"//input[@id=\"application-manageresources-display-component---newResourceUnit--idRuTSAdmin-application-manageresources-display-component---newResourceUnit--RUTimeSegment-0-inner\"]"}
RESULT: {"using":"xpath","value":"//input[@id=\"application-manageresources-display-component---newResourceUnit--idRuTSAdmin-application-manageresources-display-component---newResourceUnit--RUTimeSegment-0-inner\"]"}
COMMAND: POST /session/8068150991763542753e5d368f2e808c/element/f.7F1AC3273160C970B6304C41D413DEA3.d.680B170DC0F6BCE071D3E2ED8FCB58B6.e.1597/clear - {}
RESULT: {}
COMMAND: POST /session/8068150991763542753e5d368f2e808c/element/f.7F1AC3273160C970B6304C41D413DEA3.d.680B170DC0F6BCE071D3E2ED8FCB58B6.e.1597/value - {"text":"554"}
COMMAND: GET /session/8068150991763542753e5d368f2e808c/screenshot - {}
RESULT: {"text":"554"}
COMMAND: GET /session/8068150991763542753e5d368f2e808c/screenshot - {}
RESULT: {}
RESULT: {}
COMMAND: POST /session/8068150991763542753e5d368f2e808c/element - {"using":"xpath","value":"//li[.//span[text()='554']]"}
RESULT: {"using":"xpath","value":"//li[.//span[text()='554']]"}
COMMAND: POST /session/8068150991763542753e5d368f2e808c/element/f.7F1AC3273160C970B6304C41D413DEA3.d.680B170DC0F6BCE071D3E2ED8FCB58B6.e.1611/click - {}
RESULT: {}
COMMAND: GET /session/8068150991763542753e5d368f2e808c/screenshot - {}
RESULT: {}
COMMAND: POST /session/8068150991763542753e5d368f2e808c/element - {"using":"xpath","value":"(//span[contains(@id, \"-application-manageresources-display-component---newResourceUnit--RUTimeSegment-0-arrow\")])[6]"}
RESULT: {"using":"xpath","value":"(//span[contains(@id, \"-application-manageresources-display-component---newResourceUnit--RUTimeSegment-0-arrow\")])[6]"}
COMMAND: POST /session/8068150991763542753e5d368f2e808c/element/f.7F1AC3273160C970B6304C41D413DEA3.d.680B170DC0F6BCE071D3E2ED8FCB58B6.e.1612/click - {}
RESULT: {}
COMMAND: GET /session/8068150991763542753e5d368f2e808c/screenshot - {}
RESULT: {}
COMMAND: POST /session/8068150991763542753e5d368f2e808c/element - {"using":"xpath","value":"//span[contains(text(), \"PM Order\")]"}
RESULT: {"using":"xpath","value":"//span[contains(text(), \"PM Order\")]"}
COMMAND: POST /session/8068150991763542753e5d368f2e808c/element/f.7F1AC3273160C970B6304C41D413DEA3.d.680B170DC0F6BCE071D3E2ED8FCB58B6.e.1615/click - {}
RESULT: {}
COMMAND: GET /session/8068150991763542753e5d368f2e808c/screenshot - {}
RESULT: {}
COMMAND: POST /session/8068150991763542753e5d368f2e808c/element - {"using":"xpath","value":"(//span[contains(@id ,\"manageresources-display-component---newResourceUnit--RUTimeSegment-0-vhi\")])[1]"}
RESULT: {"using":"xpath","value":"(//span[contains(@id ,\"manageresources-display-component---newResourceUnit--RUTimeSegment-0-vhi\")])[1]"}
COMMAND: GET /session/8068150991763542753e5d368f2e808c/element/f.7F1AC3273160C970B6304C41D413DEA3.d.680B170DC0F6BCE071D3E2ED8FCB58B6.e.1619/rect - {}
RESULT: {}
COMMAND: GET /session/8068150991763542753e5d368f2e808c/window/rect - {}
RESULT: {}
COMMAND: POST /session/8068150991763542753e5d368f2e808c/execute/sync - {"script":"<script> [92 bytes]","args":[]}
RESULT: {"script":"<script> [92 bytes]","args":[]}
COMMAND: POST /session/8068150991763542753e5d368f2e808c/actions - {"actions":[{"id":"action4","type":"wheel","parameters":{},"actions":[{"type":"scroll","x":-869,"y":-24,"deltaX":0,"deltaY":0,"duration":0,"origin":{"element-6066-11e4-a52e-4f735466cecf":"f.7F1AC3273160C970B6304C41D413DEA3.d.680B170DC0F6BCE071D3E2ED8FCB58B6.e.1619"}}]}]}
COMMAND: GET /session/8068150991763542753e5d368f2e808c/screenshot - {}
RESULT: {"actions":[{"id":"action4","type":"wheel","parameters":{},"actions":[{"type":"scroll","x":-869,"y":-24,"deltaX":0,"deltaY":0,"duration":0,"origin":{"element-6066-11e4-a52e-4f735466cecf":"f.7F1AC3273160C970B6304C41D413DEA3.d.680B170DC0F6BCE071D3E2ED8FCB58B6.e.1619"}}]}]}
COMMAND: DELETE /session/8068150991763542753e5d368f2e808c/actions - {}
COMMAND: GET /session/8068150991763542753e5d368f2e808c/screenshot - {}
RESULT: {}
RESULT: {}
COMMAND: GET /session/8068150991763542753e5d368f2e808c/screenshot - {}
RESULT: {}
RESULT: {}
COMMAND: POST /session/8068150991763542753e5d368f2e808c/element/f.7F1AC3273160C970B6304C41D413DEA3.d.680B170DC0F6BCE071D3E2ED8FCB58B6.e.1619/click - {}
RESULT: {}
COMMAND: GET /session/8068150991763542753e5d368f2e808c/screenshot - {}
RESULT: {}
RESULT: undefined
COMMAND: POST /session/8068150991763542753e5d368f2e808c/execute/async - {"script":"<script> [776 bytes]","args":[{"enterText":"4000360","selector":{"controlType":"sap.m.SearchField","properties":{"placeholder":"Search"},"searchOpenDialogs":true,"interaction":{"idSuffix":"I"}},"clearTextFirst":true,"interactionType":"ENTER_TEXT"}]}
RESULT: {"script":"<script> [776 bytes]","args":[{"enterText":"4000360","selector":{"controlType":"sap.m.SearchField","properties":{"placeholder":"Search"},"searchOpenDialogs":true,"interaction":{"idSuffix":"I"}},"clearTextFirst":true,"interactionType":"ENTER_TEXT"}]}
COMMAND: POST /session/8068150991763542753e5d368f2e808c/actions - {"actions":[{"id":"action5","type":"key","parameters":{},"actions":[{"type":"keyDown","value":""},{"type":"pause","duration":10},{"type":"keyUp","value":""}]}]}
RESULT: {"actions":[{"id":"action5","type":"key","parameters":{},"actions":[{"type":"keyDown","value":""},{"type":"pause","duration":10},{"type":"keyUp","value":""}]}]}
COMMAND: GET /session/8068150991763542753e5d368f2e808c/screenshot - {}
RESULT: {}
COMMAND: POST /session/8068150991763542753e5d368f2e808c/element - {"using":"xpath","value":"//td/div/span[contains(text(), \"BGL Vehicles\")]"}
RESULT: {"using":"xpath","value":"//td/div/span[contains(text(), \"BGL Vehicles\")]"}
COMMAND: POST /session/8068150991763542753e5d368f2e808c/element/f.7F1AC3273160C970B6304C41D413DEA3.d.680B170DC0F6BCE071D3E2ED8FCB58B6.e.1639/click - {}
RESULT: {}
COMMAND: GET /session/8068150991763542753e5d368f2e808c/screenshot - {}
RESULT: {}
COMMAND: POST /session/8068150991763542753e5d368f2e808c/element - {"using":"xpath","value":"//bdi[contains(text(), \"OK\")]"}
RESULT: {"using":"xpath","value":"//bdi[contains(text(), \"OK\")]"}
COMMAND: POST /session/8068150991763542753e5d368f2e808c/element/f.7F1AC3273160C970B6304C41D413DEA3.d.680B170DC0F6BCE071D3E2ED8FCB58B6.e.1640/click - {}
RESULT: {}
COMMAND: GET /session/8068150991763542753e5d368f2e808c/screenshot - {}
RESULT: {}
COMMAND: POST /session/8068150991763542753e5d368f2e808c/execute/async - {"script":"<script> [1562 bytes]","args":[{"selector":{"id":"application-manageresources-display-component---newResourceUnit--newRRUPage-anchBar-application-manageresources-display-component---newResourceUnit--resource-anchor","interaction":{"idSuffix":"BDI-content"}},"wdio_ui5_key":"applicationmanageresources-display-component---newResourceUnit--newRRUPage-anchBar-application-manageresources-display-component---newResourceUnit--resource-anchor"}]}
RESULT: {"script":"<script> [1562 bytes]","args":[{"selector":{"id":"application-manageresources-display-component---newResourceUnit--newRRUPage-anchBar-application-manageresources-display-component---newResourceUnit--resource-anchor","interaction":{"idSuffix":"BDI-content"}},"wdio_ui5_key":"applicationmanageresources-display-component---newResourceUnit--newRRUPage-anchBar-application-manageresources-display-component---newResourceUnit--resource-anchor"}]}
RESULT: undefined
COMMAND: POST /session/8068150991763542753e5d368f2e808c/element - {"using":"xpath","value":"//*[@id=\"application-manageresources-display-component---newResourceUnit--newRRUPage-anchBar-application-manageresources-display-component---newResourceUnit--resource-anchor\"]"}
RESULT: {"using":"xpath","value":"//*[@id=\"application-manageresources-display-component---newResourceUnit--newRRUPage-anchBar-application-manageresources-display-component---newResourceUnit--resource-anchor\"]"}
COMMAND: POST /session/8068150991763542753e5d368f2e808c/element/f.7F1AC3273160C970B6304C41D413DEA3.d.680B170DC0F6BCE071D3E2ED8FCB58B6.e.1644/click - {}
RESULT: {}
COMMAND: POST /session/8068150991763542753e5d368f2e808c/execute/async - {"script":"<script> [1562 bytes]","args":[{"selector":{"id":"application-manageresources-display-component---newResourceUnit--PLANNED_DELIVERY_DATE","interaction":{"idSuffix":"inner"}},"wdio_ui5_key":"applicationmanageresources-display-component---newResourceUnit--PLANNED_DELIVERY_DATE"}]}
COMMAND: GET /session/8068150991763542753e5d368f2e808c/screenshot - {}
RESULT: {"script":"<script> [1562 bytes]","args":[{"selector":{"id":"application-manageresources-display-component---newResourceUnit--PLANNED_DELIVERY_DATE","interaction":{"idSuffix":"inner"}},"wdio_ui5_key":"applicationmanageresources-display-component---newResourceUnit--PLANNED_DELIVERY_DATE"}]}
RESULT: undefined
COMMAND: POST /session/8068150991763542753e5d368f2e808c/execute/async - {"script":"<script> [6424 bytes]","args":[{"element-6066-11e4-a52e-4f735466cecf":"f.7F1AC3273160C970B6304C41D413DEA3.d.680B170DC0F6BCE071D3E2ED8FCB58B6.e.1473"},"setValue",["6/1/25"]]}
RESULT: {}
RESULT: {"script":"<script> [6424 bytes]","args":[{"element-6066-11e4-a52e-4f735466cecf":"f.7F1AC3273160C970B6304C41D413DEA3.d.680B170DC0F6BCE071D3E2ED8FCB58B6.e.1473"},"setValue",["6/1/25"]]}
COMMAND: POST /session/8068150991763542753e5d368f2e808c/element - {"using":"xpath","value":"//label[contains(@class, 'sapMLabelRequired') and .//bdi[contains(text(), 'Planned Retirement')]]"}
RESULT: {"using":"xpath","value":"//label[contains(@class, 'sapMLabelRequired') and .//bdi[contains(text(), 'Planned Retirement')]]"}
COMMAND: POST /session/8068150991763542753e5d368f2e808c/elements - {"using":"xpath","value":"//label[contains(@class, 'sapMLabelRequired') and .//bdi[contains(text(), 'Planned Retirement')]]"}
RESULT: {"using":"xpath","value":"//label[contains(@class, 'sapMLabelRequired') and .//bdi[contains(text(), 'Planned Retirement')]]"}
COMMAND: POST /session/8068150991763542753e5d368f2e808c/element - {"using":"xpath","value":"//button[@data-kt=\"resourceUnitSaveButton\"]"}
RESULT: {"using":"xpath","value":"//button[@data-kt=\"resourceUnitSaveButton\"]"}
COMMAND: POST /session/8068150991763542753e5d368f2e808c/element/f.7F1AC3273160C970B6304C41D413DEA3.d.680B170DC0F6BCE071D3E2ED8FCB58B6.e.1433/click - {}
RESULT: {}
COMMAND: GET /session/8068150991763542753e5d368f2e808c/screenshot - {}
RESULT: {}
COMMAND: POST /session/8068150991763542753e5d368f2e808c/element - {"using":"xpath","value":"//bdi[contains(text(), \"Close\")]"}
RESULT: {"using":"xpath","value":"//bdi[contains(text(), \"Close\")]"}
COMMAND: POST /session/8068150991763542753e5d368f2e808c/element/f.7F1AC3273160C970B6304C41D413DEA3.d.680B170DC0F6BCE071D3E2ED8FCB58B6.e.1653/click - {}
RESULT: {}
COMMAND: GET /session/8068150991763542753e5d368f2e808c/screenshot - {}
RESULT: {}
COMMAND: POST /session/8068150991763542753e5d368f2e808c/element - {"using":"xpath","value":"(//button[contains(@id ,\"actionsToolbar-overflowButton\")])[1]"}
RESULT: {"using":"xpath","value":"(//button[contains(@id ,\"actionsToolbar-overflowButton\")])[1]"}
COMMAND: POST /session/8068150991763542753e5d368f2e808c/element/f.7F1AC3273160C970B6304C41D413DEA3.d.680B170DC0F6BCE071D3E2ED8FCB58B6.e.1711/click - {}
RESULT: {}
COMMAND: GET /session/8068150991763542753e5d368f2e808c/screenshot - {}
RESULT: {}
COMMAND: POST /session/8068150991763542753e5d368f2e808c/element - {"using":"xpath","value":"//button[@data-kt=\"priceInfoButton\"]"}
RESULT: {"using":"xpath","value":"//button[@data-kt=\"priceInfoButton\"]"}
COMMAND: POST /session/8068150991763542753e5d368f2e808c/element/f.7F1AC3273160C970B6304C41D413DEA3.d.680B170DC0F6BCE071D3E2ED8FCB58B6.e.1713/click - {}
RESULT: {}
COMMAND: GET /session/8068150991763542753e5d368f2e808c/screenshot - {}
RESULT: {}
COMMAND: POST /session/8068150991763542753e5d368f2e808c/element - {"using":"css selector","value":"#shell-header-logo"}
RESULT: {"using":"css selector","value":"#shell-header-logo"}
COMMAND: POST /session/8068150991763542753e5d368f2e808c/element/f.7F1AC3273160C970B6304C41D413DEA3.d.680B170DC0F6BCE071D3E2ED8FCB58B6.e.1018/click - {}
RESULT: {}
]]></system-out>
    </testcase>
    <testcase classname="chrome.136_0_7103_93.windows.Create_condition_pricing_US117289_US134625" name="Should create new condition" time="65.629">
      <system-out><![CDATA[
COMMAND: POST /session/8068150991763542753e5d368f2e808c/execute/async - {"script":"<script> [1562 bytes]","args":[{"selector":{"controlType":"sap.m.GenericTile","properties":{"header":"Manage Conditions & Prices"}},"wdio_ui5_key":"sapm.GenericTile{\"header\":\"Manage Conditions & Prices\"}"}]}
COMMAND: GET /session/8068150991763542753e5d368f2e808c/screenshot - {}
RESULT: {"script":"<script> [1562 bytes]","args":[{"selector":{"controlType":"sap.m.GenericTile","properties":{"header":"Manage Conditions & Prices"}},"wdio_ui5_key":"sapm.GenericTile{\"header\":\"Manage Conditions & Prices\"}"}]}
RESULT: undefined
COMMAND: POST /session/8068150991763542753e5d368f2e808c/element - {"using":"xpath","value":"//*[@id=\"__tile53\"]"}
RESULT: {}
RESULT: {"using":"xpath","value":"//*[@id=\"__tile53\"]"}
COMMAND: POST /session/8068150991763542753e5d368f2e808c/element/f.7F1AC3273160C970B6304C41D413DEA3.d.680B170DC0F6BCE071D3E2ED8FCB58B6.e.205/click - {}
RESULT: {}
COMMAND: GET /session/8068150991763542753e5d368f2e808c/screenshot - {}
RESULT: {}
COMMAND: POST /session/8068150991763542753e5d368f2e808c/elements - {"using":"xpath","value":"//span[text()='Error']"}
RESULT: {"using":"xpath","value":"//span[text()='Error']"}
COMMAND: POST /session/8068150991763542753e5d368f2e808c/element - {"using":"xpath","value":"//button[@aria-label=\"Create\"]"}
RESULT: {"using":"xpath","value":"//button[@aria-label=\"Create\"]"}
COMMAND: POST /session/8068150991763542753e5d368f2e808c/elements - {"using":"xpath","value":"//button[@aria-label=\"Create\"]"}
RESULT: {"using":"xpath","value":"//button[@aria-label=\"Create\"]"}
COMMAND: POST /session/8068150991763542753e5d368f2e808c/execute/sync - {"script":"<script> [8489 bytes]","args":[{"element-6066-11e4-a52e-4f735466cecf":"f.7F1AC3273160C970B6304C41D413DEA3.d.680B170DC0F6BCE071D3E2ED8FCB58B6.e.1821","ELEMENT":"f.7F1AC3273160C970B6304C41D413DEA3.d.680B170DC0F6BCE071D3E2ED8FCB58B6.e.1821"}]}
RESULT: {"script":"<script> [8489 bytes]","args":[{"element-6066-11e4-a52e-4f735466cecf":"f.7F1AC3273160C970B6304C41D413DEA3.d.680B170DC0F6BCE071D3E2ED8FCB58B6.e.1821","ELEMENT":"f.7F1AC3273160C970B6304C41D413DEA3.d.680B170DC0F6BCE071D3E2ED8FCB58B6.e.1821"}]}
COMMAND: GET /session/8068150991763542753e5d368f2e808c/element/f.7F1AC3273160C970B6304C41D413DEA3.d.680B170DC0F6BCE071D3E2ED8FCB58B6.e.1821/enabled - {}
COMMAND: GET /session/8068150991763542753e5d368f2e808c/screenshot - {}
RESULT: {}
COMMAND: POST /session/8068150991763542753e5d368f2e808c/execute/sync - {"script":"<script> [8489 bytes]","args":[{"element-6066-11e4-a52e-4f735466cecf":"f.7F1AC3273160C970B6304C41D413DEA3.d.680B170DC0F6BCE071D3E2ED8FCB58B6.e.1821","ELEMENT":"f.7F1AC3273160C970B6304C41D413DEA3.d.680B170DC0F6BCE071D3E2ED8FCB58B6.e.1821"}]}
COMMAND: GET /session/8068150991763542753e5d368f2e808c/screenshot - {}
RESULT: {}
RESULT: {"script":"<script> [8489 bytes]","args":[{"element-6066-11e4-a52e-4f735466cecf":"f.7F1AC3273160C970B6304C41D413DEA3.d.680B170DC0F6BCE071D3E2ED8FCB58B6.e.1821","ELEMENT":"f.7F1AC3273160C970B6304C41D413DEA3.d.680B170DC0F6BCE071D3E2ED8FCB58B6.e.1821"}]}
COMMAND: POST /session/8068150991763542753e5d368f2e808c/execute/sync - {"script":"<script> [5351 bytes]","args":[{"element-6066-11e4-a52e-4f735466cecf":"f.7F1AC3273160C970B6304C41D413DEA3.d.680B170DC0F6BCE071D3E2ED8FCB58B6.e.1821","ELEMENT":"f.7F1AC3273160C970B6304C41D413DEA3.d.680B170DC0F6BCE071D3E2ED8FCB58B6.e.1821"}]}
COMMAND: GET /session/8068150991763542753e5d368f2e808c/screenshot - {}
RESULT: {}
RESULT: {"script":"<script> [5351 bytes]","args":[{"element-6066-11e4-a52e-4f735466cecf":"f.7F1AC3273160C970B6304C41D413DEA3.d.680B170DC0F6BCE071D3E2ED8FCB58B6.e.1821","ELEMENT":"f.7F1AC3273160C970B6304C41D413DEA3.d.680B170DC0F6BCE071D3E2ED8FCB58B6.e.1821"}]}
COMMAND: POST /session/8068150991763542753e5d368f2e808c/element/f.7F1AC3273160C970B6304C41D413DEA3.d.680B170DC0F6BCE071D3E2ED8FCB58B6.e.1821/click - {}
COMMAND: GET /session/8068150991763542753e5d368f2e808c/screenshot - {}
RESULT: {}
RESULT: {}
COMMAND: GET /session/8068150991763542753e5d368f2e808c/screenshot - {}
RESULT: {}
RESULT: {}
COMMAND: POST /session/8068150991763542753e5d368f2e808c/actions - {"actions":[{"id":"action6","type":"key","parameters":{},"actions":[{"type":"keyDown","value":""},{"type":"pause","duration":10},{"type":"keyUp","value":""}]}]}
RESULT: {"actions":[{"id":"action6","type":"key","parameters":{},"actions":[{"type":"keyDown","value":""},{"type":"pause","duration":10},{"type":"keyUp","value":""}]}]}
COMMAND: GET /session/8068150991763542753e5d368f2e808c/screenshot - {}
RESULT: {}
COMMAND: POST /session/8068150991763542753e5d368f2e808c/execute/async - {"script":"<script> [1562 bytes]","args":[{"selector":{"id":"application-manageconditionprice-display-component---newCondition--condBillCond-arrow"},"wdio_ui5_key":"applicationmanageconditionprice-display-component---newCondition--condBillCond-arrow"}]}
RESULT: {"script":"<script> [1562 bytes]","args":[{"selector":{"id":"application-manageconditionprice-display-component---newCondition--condBillCond-arrow"},"wdio_ui5_key":"applicationmanageconditionprice-display-component---newCondition--condBillCond-arrow"}]}
RESULT: undefined
COMMAND: POST /session/8068150991763542753e5d368f2e808c/element - {"using":"xpath","value":"//*[@id=\"application-manageconditionprice-display-component---newCondition--condBillCond-arrow\"]"}
RESULT: {"using":"xpath","value":"//*[@id=\"application-manageconditionprice-display-component---newCondition--condBillCond-arrow\"]"}
COMMAND: POST /session/8068150991763542753e5d368f2e808c/element/f.7F1AC3273160C970B6304C41D413DEA3.d.680B170DC0F6BCE071D3E2ED8FCB58B6.e.2001/click - {}
RESULT: {}
COMMAND: GET /session/8068150991763542753e5d368f2e808c/screenshot - {}
RESULT: {}
COMMAND: POST /session/8068150991763542753e5d368f2e808c/element - {"using":"xpath","value":"//li[.//span[contains(text(), \"SAPR - Sales price\")]]"}
RESULT: {"using":"xpath","value":"//li[.//span[contains(text(), \"SAPR - Sales price\")]]"}
COMMAND: POST /session/8068150991763542753e5d368f2e808c/element/f.7F1AC3273160C970B6304C41D413DEA3.d.680B170DC0F6BCE071D3E2ED8FCB58B6.e.2004/click - {}
RESULT: {}
COMMAND: GET /session/8068150991763542753e5d368f2e808c/screenshot - {}
RESULT: {}
COMMAND: POST /session/8068150991763542753e5d368f2e808c/execute/async - {"script":"<script> [1562 bytes]","args":[{"selector":{"id":"application-manageconditionprice-display-component---newCondition--condValidTo","interaction":{"idSuffix":"inner"}},"wdio_ui5_key":"applicationmanageconditionprice-display-component---newCondition--condValidTo"}]}
RESULT: {"script":"<script> [1562 bytes]","args":[{"selector":{"id":"application-manageconditionprice-display-component---newCondition--condValidTo","interaction":{"idSuffix":"inner"}},"wdio_ui5_key":"applicationmanageconditionprice-display-component---newCondition--condValidTo"}]}
RESULT: undefined
COMMAND: POST /session/8068150991763542753e5d368f2e808c/execute/async - {"script":"<script> [776 bytes]","args":[{"enterText":"2/1/26","selector":{"id":"application-manageconditionprice-display-component---newCondition--condValidTo","interaction":{"idSuffix":"inner"}},"clearTextFirst":true,"interactionType":"ENTER_TEXT"}]}
RESULT: {"script":"<script> [776 bytes]","args":[{"enterText":"2/1/26","selector":{"id":"application-manageconditionprice-display-component---newCondition--condValidTo","interaction":{"idSuffix":"inner"}},"clearTextFirst":true,"interactionType":"ENTER_TEXT"}]}
COMMAND: POST /session/8068150991763542753e5d368f2e808c/element - {"using":"xpath","value":"//input[@id=\"application-manageconditionprice-display-component---newCondition--condRU-inner\"]"}
RESULT: {"using":"xpath","value":"//input[@id=\"application-manageconditionprice-display-component---newCondition--condRU-inner\"]"}
COMMAND: POST /session/8068150991763542753e5d368f2e808c/element/f.7F1AC3273160C970B6304C41D413DEA3.d.680B170DC0F6BCE071D3E2ED8FCB58B6.e.1865/clear - {}
RESULT: {}
COMMAND: POST /session/8068150991763542753e5d368f2e808c/element/f.7F1AC3273160C970B6304C41D413DEA3.d.680B170DC0F6BCE071D3E2ED8FCB58B6.e.1865/value - {"text":"jkOWepgZoc"}
COMMAND: GET /session/8068150991763542753e5d368f2e808c/screenshot - {}
RESULT: {"text":"jkOWepgZoc"}
COMMAND: GET /session/8068150991763542753e5d368f2e808c/screenshot - {}
RESULT: {}
RESULT: {}
COMMAND: POST /session/8068150991763542753e5d368f2e808c/actions - {"actions":[{"id":"action7","type":"key","parameters":{},"actions":[{"type":"keyDown","value":""},{"type":"pause","duration":10},{"type":"keyUp","value":""}]}]}
RESULT: {"actions":[{"id":"action7","type":"key","parameters":{},"actions":[{"type":"keyDown","value":""},{"type":"pause","duration":10},{"type":"keyUp","value":""}]}]}
COMMAND: POST /session/8068150991763542753e5d368f2e808c/execute/async - {"script":"<script> [1562 bytes]","args":[{"selector":{"id":"application-manageconditionprice-display-component---newCondition--condBaseQty","interaction":{"idSuffix":"inner"}},"wdio_ui5_key":"applicationmanageconditionprice-display-component---newCondition--condBaseQty"}]}
COMMAND: GET /session/8068150991763542753e5d368f2e808c/screenshot - {}
RESULT: {"script":"<script> [1562 bytes]","args":[{"selector":{"id":"application-manageconditionprice-display-component---newCondition--condBaseQty","interaction":{"idSuffix":"inner"}},"wdio_ui5_key":"applicationmanageconditionprice-display-component---newCondition--condBaseQty"}]}
RESULT: undefined
COMMAND: POST /session/8068150991763542753e5d368f2e808c/execute/async - {"script":"<script> [776 bytes]","args":[{"enterText":"1","selector":{"id":"application-manageconditionprice-display-component---newCondition--condBaseQty","interaction":{"idSuffix":"inner"}},"clearTextFirst":true,"interactionType":"ENTER_TEXT"}]}
RESULT: {}
RESULT: {"script":"<script> [776 bytes]","args":[{"enterText":"1","selector":{"id":"application-manageconditionprice-display-component---newCondition--condBaseQty","interaction":{"idSuffix":"inner"}},"clearTextFirst":true,"interactionType":"ENTER_TEXT"}]}
COMMAND: POST /session/8068150991763542753e5d368f2e808c/execute/async - {"script":"<script> [1562 bytes]","args":[{"selector":{"id":"application-manageconditionprice-display-component---newCondition--condValue","interaction":{"idSuffix":"inner"}},"wdio_ui5_key":"applicationmanageconditionprice-display-component---newCondition--condValue"}]}
RESULT: {"script":"<script> [1562 bytes]","args":[{"selector":{"id":"application-manageconditionprice-display-component---newCondition--condValue","interaction":{"idSuffix":"inner"}},"wdio_ui5_key":"applicationmanageconditionprice-display-component---newCondition--condValue"}]}
RESULT: undefined
COMMAND: POST /session/8068150991763542753e5d368f2e808c/execute/async - {"script":"<script> [776 bytes]","args":[{"enterText":"200","selector":{"id":"application-manageconditionprice-display-component---newCondition--condValue","interaction":{"idSuffix":"inner"}},"clearTextFirst":true,"interactionType":"ENTER_TEXT"}]}
RESULT: {"script":"<script> [776 bytes]","args":[{"enterText":"200","selector":{"id":"application-manageconditionprice-display-component---newCondition--condValue","interaction":{"idSuffix":"inner"}},"clearTextFirst":true,"interactionType":"ENTER_TEXT"}]}
COMMAND: POST /session/8068150991763542753e5d368f2e808c/execute/async - {"script":"<script> [1562 bytes]","args":[{"selector":{"id":"application-manageconditionprice-display-component---newCondition--condCurr-arrow"},"wdio_ui5_key":"applicationmanageconditionprice-display-component---newCondition--condCurr-arrow"}]}
RESULT: {"script":"<script> [1562 bytes]","args":[{"selector":{"id":"application-manageconditionprice-display-component---newCondition--condCurr-arrow"},"wdio_ui5_key":"applicationmanageconditionprice-display-component---newCondition--condCurr-arrow"}]}
RESULT: undefined
COMMAND: POST /session/8068150991763542753e5d368f2e808c/element - {"using":"xpath","value":"//*[@id=\"application-manageconditionprice-display-component---newCondition--condCurr-arrow\"]"}
RESULT: {"using":"xpath","value":"//*[@id=\"application-manageconditionprice-display-component---newCondition--condCurr-arrow\"]"}
COMMAND: POST /session/8068150991763542753e5d368f2e808c/element/f.7F1AC3273160C970B6304C41D413DEA3.d.680B170DC0F6BCE071D3E2ED8FCB58B6.e.1980/click - {}
RESULT: {}
COMMAND: POST /session/8068150991763542753e5d368f2e808c/element - {"using":"xpath","value":"//span[contains(text(), \"Euro\")]"}
COMMAND: GET /session/8068150991763542753e5d368f2e808c/screenshot - {}
RESULT: {"using":"xpath","value":"//span[contains(text(), \"Euro\")]"}
COMMAND: POST /session/8068150991763542753e5d368f2e808c/element/f.7F1AC3273160C970B6304C41D413DEA3.d.680B170DC0F6BCE071D3E2ED8FCB58B6.e.2042/click - {}
RESULT: {}
RESULT: {}
COMMAND: POST /session/8068150991763542753e5d368f2e808c/element - {"using":"xpath","value":"//button[@data-kt=\"saveButton\"]"}
COMMAND: GET /session/8068150991763542753e5d368f2e808c/screenshot - {}
RESULT: {"using":"xpath","value":"//button[@data-kt=\"saveButton\"]"}
COMMAND: POST /session/8068150991763542753e5d368f2e808c/element/f.7F1AC3273160C970B6304C41D413DEA3.d.680B170DC0F6BCE071D3E2ED8FCB58B6.e.1981/click - {}
RESULT: {}
RESULT: {}
COMMAND: GET /session/8068150991763542753e5d368f2e808c/screenshot - {}
RESULT: {}
COMMAND: POST /session/8068150991763542753e5d368f2e808c/execute/async - {"script":"<script> [1562 bytes]","args":[{"selector":{"id":"application-manageconditionprice-display-component---conditions--smartFilterBar-btnBasicSearch","interaction":{"idSuffix":"I"}},"wdio_ui5_key":"applicationmanageconditionprice-display-component---conditions--smartFilterBar-btnBasicSearch"}]}
RESULT: {"script":"<script> [1562 bytes]","args":[{"selector":{"id":"application-manageconditionprice-display-component---conditions--smartFilterBar-btnBasicSearch","interaction":{"idSuffix":"I"}},"wdio_ui5_key":"applicationmanageconditionprice-display-component---conditions--smartFilterBar-btnBasicSearch"}]}
RESULT: undefined
COMMAND: POST /session/8068150991763542753e5d368f2e808c/execute/async - {"script":"<script> [776 bytes]","args":[{"enterText":"jkOWepgZoc","selector":{"id":"application-manageconditionprice-display-component---conditions--smartFilterBar-btnBasicSearch","interaction":{"idSuffix":"I"}},"clearTextFirst":true,"interactionType":"ENTER_TEXT"}]}
RESULT: {"script":"<script> [776 bytes]","args":[{"enterText":"jkOWepgZoc","selector":{"id":"application-manageconditionprice-display-component---conditions--smartFilterBar-btnBasicSearch","interaction":{"idSuffix":"I"}},"clearTextFirst":true,"interactionType":"ENTER_TEXT"}]}
COMMAND: POST /session/8068150991763542753e5d368f2e808c/actions - {"actions":[{"id":"action8","type":"key","parameters":{},"actions":[{"type":"keyDown","value":""},{"type":"pause","duration":10},{"type":"keyUp","value":""}]}]}
RESULT: {"actions":[{"id":"action8","type":"key","parameters":{},"actions":[{"type":"keyDown","value":""},{"type":"pause","duration":10},{"type":"keyUp","value":""}]}]}
COMMAND: GET /session/8068150991763542753e5d368f2e808c/screenshot - {}
RESULT: {}
COMMAND: POST /session/8068150991763542753e5d368f2e808c/execute/async - {"script":"<script> [1562 bytes]","args":[{"selector":{"id":"application-manageconditionprice-display-component---conditions--smartFilterBar-filterItemControl_BASIC-BILL_TYPES-vhi"},"wdio_ui5_key":"applicationmanageconditionprice-display-component---conditions--smartFilterBar-filterItemControl_BASIC-BILL_TYPES-vhi"}]}
RESULT: {"script":"<script> [1562 bytes]","args":[{"selector":{"id":"application-manageconditionprice-display-component---conditions--smartFilterBar-filterItemControl_BASIC-BILL_TYPES-vhi"},"wdio_ui5_key":"applicationmanageconditionprice-display-component---conditions--smartFilterBar-filterItemControl_BASIC-BILL_TYPES-vhi"}]}
RESULT: undefined
COMMAND: POST /session/8068150991763542753e5d368f2e808c/element - {"using":"xpath","value":"//*[@id=\"application-manageconditionprice-display-component---conditions--smartFilterBar-filterItemControl_BASIC-BILL_TYPES-vhi\"]"}
RESULT: {"using":"xpath","value":"//*[@id=\"application-manageconditionprice-display-component---conditions--smartFilterBar-filterItemControl_BASIC-BILL_TYPES-vhi\"]"}
COMMAND: POST /session/8068150991763542753e5d368f2e808c/element/f.7F1AC3273160C970B6304C41D413DEA3.d.680B170DC0F6BCE071D3E2ED8FCB58B6.e.2149/click - {}
RESULT: {}
COMMAND: POST /session/8068150991763542753e5d368f2e808c/execute/async - {"script":"<script> [1562 bytes]","args":[{"selector":{"id":"application-manageconditionprice-display-component---conditions--smartFilterBar-filterItemControl_BASIC-BILL_TYPES-valueHelpDialog-smartFilterBar-btnBasicSearch","searchOpenDialogs":true,"interaction":{"idSuffix":"I"}},"wdio_ui5_key":"applicationmanageconditionprice-display-component---conditions--smartFilterBar-filterItemControl_BASIC-BILL_TYPES-valueHelpDialog-smartFilterBar-btnBasicSearch"}]}
COMMAND: GET /session/8068150991763542753e5d368f2e808c/screenshot - {}
RESULT: {"script":"<script> [1562 bytes]","args":[{"selector":{"id":"application-manageconditionprice-display-component---conditions--smartFilterBar-filterItemControl_BASIC-BILL_TYPES-valueHelpDialog-smartFilterBar-btnBasicSearch","searchOpenDialogs":true,"interaction":{"idSuffix":"I"}},"wdio_ui5_key":"applicationmanageconditionprice-display-component---conditions--smartFilterBar-filterItemControl_BASIC-BILL_TYPES-valueHelpDialog-smartFilterBar-btnBasicSearch"}]}
RESULT: undefined
COMMAND: POST /session/8068150991763542753e5d368f2e808c/execute/async - {"script":"<script> [776 bytes]","args":[{"enterText":"one","selector":{"id":"application-manageconditionprice-display-component---conditions--smartFilterBar-filterItemControl_BASIC-BILL_TYPES-valueHelpDialog-smartFilterBar-btnBasicSearch","searchOpenDialogs":true,"interaction":{"idSuffix":"I"}},"clearTextFirst":true,"interactionType":"ENTER_TEXT"}]}
RESULT: {}
RESULT: {"script":"<script> [776 bytes]","args":[{"enterText":"one","selector":{"id":"application-manageconditionprice-display-component---conditions--smartFilterBar-filterItemControl_BASIC-BILL_TYPES-valueHelpDialog-smartFilterBar-btnBasicSearch","searchOpenDialogs":true,"interaction":{"idSuffix":"I"}},"clearTextFirst":true,"interactionType":"ENTER_TEXT"}]}
COMMAND: POST /session/8068150991763542753e5d368f2e808c/actions - {"actions":[{"id":"action9","type":"key","parameters":{},"actions":[{"type":"keyDown","value":""},{"type":"pause","duration":10},{"type":"keyUp","value":""}]}]}
RESULT: {"actions":[{"id":"action9","type":"key","parameters":{},"actions":[{"type":"keyDown","value":""},{"type":"pause","duration":10},{"type":"keyUp","value":""}]}]}
COMMAND: GET /session/8068150991763542753e5d368f2e808c/screenshot - {}
RESULT: {}
COMMAND: POST /session/8068150991763542753e5d368f2e808c/element - {"using":"xpath","value":"//div[contains(@id, 'application-manageconditionprice-display-component---conditions--smartFilterBar-filterItemControl_BASIC-BILL_TYPES-valueHelpDialog-table-rowsel0')]"}
RESULT: {"using":"xpath","value":"//div[contains(@id, 'application-manageconditionprice-display-component---conditions--smartFilterBar-filterItemControl_BASIC-BILL_TYPES-valueHelpDialog-table-rowsel0')]"}
COMMAND: POST /session/8068150991763542753e5d368f2e808c/element/f.7F1AC3273160C970B6304C41D413DEA3.d.680B170DC0F6BCE071D3E2ED8FCB58B6.e.2159/click - {}
RESULT: {}
COMMAND: GET /session/8068150991763542753e5d368f2e808c/screenshot - {}
RESULT: {}
COMMAND: POST /session/8068150991763542753e5d368f2e808c/element - {"using":"xpath","value":"//bdi[contains(text(), \"OK\")]"}
RESULT: {"using":"xpath","value":"//bdi[contains(text(), \"OK\")]"}
COMMAND: POST /session/8068150991763542753e5d368f2e808c/element/f.7F1AC3273160C970B6304C41D413DEA3.d.680B170DC0F6BCE071D3E2ED8FCB58B6.e.2161/click - {}
RESULT: {}
COMMAND: GET /session/8068150991763542753e5d368f2e808c/screenshot - {}
RESULT: {}
COMMAND: POST /session/8068150991763542753e5d368f2e808c/element - {"using":"xpath","value":"//span[@id=\"application-manageconditionprice-display-component---conditions--smartTable-header-inner\"]"}
RESULT: {"using":"xpath","value":"//span[@id=\"application-manageconditionprice-display-component---conditions--smartTable-header-inner\"]"}
COMMAND: POST /session/8068150991763542753e5d368f2e808c/elements - {"using":"xpath","value":"//span[@id=\"application-manageconditionprice-display-component---conditions--smartTable-header-inner\"]"}
RESULT: {"using":"xpath","value":"//span[@id=\"application-manageconditionprice-display-component---conditions--smartTable-header-inner\"]"}
COMMAND: POST /session/8068150991763542753e5d368f2e808c/execute/sync - {"script":"<script> [56 bytes]","args":[{"element-6066-11e4-a52e-4f735466cecf":"f.7F1AC3273160C970B6304C41D413DEA3.d.680B170DC0F6BCE071D3E2ED8FCB58B6.e.2164","ELEMENT":"f.7F1AC3273160C970B6304C41D413DEA3.d.680B170DC0F6BCE071D3E2ED8FCB58B6.e.2164"}]}
RESULT: {"script":"<script> [56 bytes]","args":[{"element-6066-11e4-a52e-4f735466cecf":"f.7F1AC3273160C970B6304C41D413DEA3.d.680B170DC0F6BCE071D3E2ED8FCB58B6.e.2164","ELEMENT":"f.7F1AC3273160C970B6304C41D413DEA3.d.680B170DC0F6BCE071D3E2ED8FCB58B6.e.2164"}]}
COMMAND: POST /session/8068150991763542753e5d368f2e808c/element - {"using":"css selector","value":"#shell-header-logo"}
COMMAND: GET /session/8068150991763542753e5d368f2e808c/screenshot - {}
RESULT: {"using":"css selector","value":"#shell-header-logo"}
COMMAND: POST /session/8068150991763542753e5d368f2e808c/element/f.7F1AC3273160C970B6304C41D413DEA3.d.680B170DC0F6BCE071D3E2ED8FCB58B6.e.1789/click - {}
RESULT: {}
RESULT: {}
COMMAND: GET /session/8068150991763542753e5d368f2e808c/screenshot - {}
RESULT: {}
COMMAND: POST /session/8068150991763542753e5d368f2e808c/element - {"using":"css selector","value":"#j_username"}
COMMAND: POST /session/8068150991763542753e5d368f2e808c/url - {"url":"https://qa-testing-00-live-etm-ui.cfapps.eu10-004.hana.ondemand.com/"}
RESULT: {"using":"css selector","value":"#j_username"}
COMMAND: POST /session/8068150991763542753e5d368f2e808c/element - {"using":"css selector","value":"#j_username"}
RESULT: {"url":"https://qa-testing-00-live-etm-ui.cfapps.eu10-004.hana.ondemand.com/"}
RESULT: undefined
COMMAND: GET /session/8068150991763542753e5d368f2e808c/screenshot - {}
RESULT: {"using":"css selector","value":"#j_username"}
COMMAND: POST /session/8068150991763542753e5d368f2e808c/element - {"using":"css selector","value":"#shell-header-logo"}
RESULT: {}
RESULT: {"using":"css selector","value":"#shell-header-logo"}
COMMAND: POST /session/8068150991763542753e5d368f2e808c/execute/sync - {"script":"<script> [8489 bytes]","args":[{"element-6066-11e4-a52e-4f735466cecf":"f.7F1AC3273160C970B6304C41D413DEA3.d.F99D6FB3ADF9864DA060F2BCE9882994.e.2178","ELEMENT":"f.7F1AC3273160C970B6304C41D413DEA3.d.F99D6FB3ADF9864DA060F2BCE9882994.e.2178"}]}
RESULT: {"script":"<script> [8489 bytes]","args":[{"element-6066-11e4-a52e-4f735466cecf":"f.7F1AC3273160C970B6304C41D413DEA3.d.F99D6FB3ADF9864DA060F2BCE9882994.e.2178","ELEMENT":"f.7F1AC3273160C970B6304C41D413DEA3.d.F99D6FB3ADF9864DA060F2BCE9882994.e.2178"}]}
COMMAND: POST /session/8068150991763542753e5d368f2e808c/element - {"using":"css selector","value":"#shell-header-logo"}
COMMAND: GET /session/8068150991763542753e5d368f2e808c/screenshot - {}
RESULT: {"using":"css selector","value":"#shell-header-logo"}
COMMAND: POST /session/8068150991763542753e5d368f2e808c/execute/sync - {"script":"<script> [8489 bytes]","args":[{"element-6066-11e4-a52e-4f735466cecf":"f.7F1AC3273160C970B6304C41D413DEA3.d.F99D6FB3ADF9864DA060F2BCE9882994.e.2178","ELEMENT":"f.7F1AC3273160C970B6304C41D413DEA3.d.F99D6FB3ADF9864DA060F2BCE9882994.e.2178"}]}
RESULT: {}
RESULT: {"script":"<script> [8489 bytes]","args":[{"element-6066-11e4-a52e-4f735466cecf":"f.7F1AC3273160C970B6304C41D413DEA3.d.F99D6FB3ADF9864DA060F2BCE9882994.e.2178","ELEMENT":"f.7F1AC3273160C970B6304C41D413DEA3.d.F99D6FB3ADF9864DA060F2BCE9882994.e.2178"}]}
COMMAND: POST /session/8068150991763542753e5d368f2e808c/execute/sync - {"script":"<script> [5351 bytes]","args":[{"element-6066-11e4-a52e-4f735466cecf":"f.7F1AC3273160C970B6304C41D413DEA3.d.F99D6FB3ADF9864DA060F2BCE9882994.e.2178","ELEMENT":"f.7F1AC3273160C970B6304C41D413DEA3.d.F99D6FB3ADF9864DA060F2BCE9882994.e.2178"}]}
COMMAND: GET /session/8068150991763542753e5d368f2e808c/screenshot - {}
RESULT: {"script":"<script> [5351 bytes]","args":[{"element-6066-11e4-a52e-4f735466cecf":"f.7F1AC3273160C970B6304C41D413DEA3.d.F99D6FB3ADF9864DA060F2BCE9882994.e.2178","ELEMENT":"f.7F1AC3273160C970B6304C41D413DEA3.d.F99D6FB3ADF9864DA060F2BCE9882994.e.2178"}]}
COMMAND: POST /session/8068150991763542753e5d368f2e808c/element - {"using":"css selector","value":"#shell-header-logo"}
COMMAND: GET /session/8068150991763542753e5d368f2e808c/screenshot - {}
RESULT: {}
RESULT: {}
RESULT: {"using":"css selector","value":"#shell-header-logo"}
COMMAND: POST /session/8068150991763542753e5d368f2e808c/element/f.7F1AC3273160C970B6304C41D413DEA3.d.F99D6FB3ADF9864DA060F2BCE9882994.e.2178/click - {}
RESULT: {}
COMMAND: GET /session/8068150991763542753e5d368f2e808c/screenshot - {}
RESULT: {}
COMMAND: POST /session/8068150991763542753e5d368f2e808c/execute/async - {"script":"<script> [189 bytes]","args":[]}
RESULT: {"script":"<script> [189 bytes]","args":[]}
COMMAND: POST /session/8068150991763542753e5d368f2e808c/execute/async - {"script":"<script> [123 bytes]","args":[]}
RESULT: {"script":"<script> [123 bytes]","args":[]}
COMMAND: POST /session/8068150991763542753e5d368f2e808c/timeouts - {"script":"<number>"}
RESULT: {"script":"<number>"}
COMMAND: GET /session/8068150991763542753e5d368f2e808c/timeouts - {}
RESULT: {}
RESULT: undefined
COMMAND: POST /session/8068150991763542753e5d368f2e808c/execute/async - {"script":"<script> [2676 bytes]","args":[]}
RESULT: {"script":"<script> [2676 bytes]","args":[]}
COMMAND: POST /session/8068150991763542753e5d368f2e808c/execute/async - {"script":"<script> [2342 bytes]","args":[{"protocol":"http","hostname":"0.0.0.0","path":"/","capabilities":{"browserName":"chrome","goog:chromeOptions":{"binary":"C:\\Program Files\\Google\\Chrome\\Application\\chrome.exe","args":["--start-maximized"]}},"logLevel":"warn","connectionRetryTimeout":120000,"connectionRetryCount":3,"logLevels":{},"enableDirectConnect":true,"strictSSL":true,"_":"65 more keys: [\"cacheDir\",\"port\",\"requestedCapabilities\",\"automationProtocol\",\"baseUrl\",\"waitforInterval\",\"waitforTimeout\",\"onReload\",\"beforeCommand\",\"afterCommand\",\"rootDir\",\"specs\",\"suites\",\"exclude\",\"groupLogsByTestSpec\",\"excludeDriverLogs\",\"bail\",\"framework\",\"reporters\",\"services\",\"maxInstances\",\"maxInstancesPerCapability\",\"injectGlobals\",\"filesToWatch\",\"execArgv\",\"runnerEnv\",\"runner\",\"shard\",\"specFileRetries\",\"specFileRetriesDelay\",\"specFileRetriesDeferred\",\"reporterSyncInterval\",\"reporterSyncTimeout\",\"cucumberFeaturesWithLineNumbers\",\"autoCompileOpts\",\"mochaOpts\",\"jasmineOpts\",\"cucumberOpts\",\"onPrepare\",\"onWorkerStart\",\"onWorkerEnd\",\"before\",\"beforeSession\",\"beforeSuite\",\"beforeHook\",\"beforeTest\",\"afterTest\",\"afterHook\",\"afterSuite\",\"afterSession\",\"after\",\"onComplete\",\"beforeAssertion\",\"afterAssertion\",\"beforeFeature\",\"beforeScenario\",\"beforeStep\",\"afterStep\",\"afterScenario\",\"afterFeature\",\"_\",\"suite\",\"$0\",\"ignoredWorkerServices\",\"wdi5\"]"}]}
RESULT: {"script":"<script> [2342 bytes]","args":[{"protocol":"http","hostname":"0.0.0.0","path":"/","capabilities":{"browserName":"chrome","goog:chromeOptions":{"binary":"C:\\Program Files\\Google\\Chrome\\Application\\chrome.exe","args":["--start-maximized"]}},"logLevel":"warn","connectionRetryTimeout":120000,"connectionRetryCount":3,"logLevels":{},"enableDirectConnect":true,"strictSSL":true,"_":"65 more keys: [\"cacheDir\",\"port\",\"requestedCapabilities\",\"automationProtocol\",\"baseUrl\",\"waitforInterval\",\"waitforTimeout\",\"onReload\",\"beforeCommand\",\"afterCommand\",\"rootDir\",\"specs\",\"suites\",\"exclude\",\"groupLogsByTestSpec\",\"excludeDriverLogs\",\"bail\",\"framework\",\"reporters\",\"services\",\"maxInstances\",\"maxInstancesPerCapability\",\"injectGlobals\",\"filesToWatch\",\"execArgv\",\"runnerEnv\",\"runner\",\"shard\",\"specFileRetries\",\"specFileRetriesDelay\",\"specFileRetriesDeferred\",\"reporterSyncInterval\",\"reporterSyncTimeout\",\"cucumberFeaturesWithLineNumbers\",\"autoCompileOpts\",\"mochaOpts\",\"jasmineOpts\",\"cucumberOpts\",\"onPrepare\",\"onWorkerStart\",\"onWorkerEnd\",\"before\",\"beforeSession\",\"beforeSuite\",\"beforeHook\",\"beforeTest\",\"afterTest\",\"afterHook\",\"afterSuite\",\"afterSession\",\"after\",\"onComplete\",\"beforeAssertion\",\"afterAssertion\",\"beforeFeature\",\"beforeScenario\",\"beforeStep\",\"afterStep\",\"afterScenario\",\"afterFeature\",\"_\",\"suite\",\"$0\",\"ignoredWorkerServices\",\"wdi5\"]"}]}
COMMAND: POST /session/8068150991763542753e5d368f2e808c/execute/async - {"script":"<script> [21126 bytes]","args":[35000]}
RESULT: {"script":"<script> [21126 bytes]","args":[35000]}
COMMAND: POST /session/8068150991763542753e5d368f2e808c/window/maximize - {}
RESULT: {}
COMMAND: POST /session/8068150991763542753e5d368f2e808c/execute/async - {"script":"<script> [1562 bytes]","args":[{"selector":{"id":"shell-header","interaction":{"idSuffix":"icon"}},"wdio_ui5_key":"shellheader"}]}
COMMAND: GET /session/8068150991763542753e5d368f2e808c/screenshot - {}
RESULT: {"script":"<script> [1562 bytes]","args":[{"selector":{"id":"shell-header","interaction":{"idSuffix":"icon"}},"wdio_ui5_key":"shellheader"}]}
RESULT: undefined
COMMAND: POST /session/8068150991763542753e5d368f2e808c/refresh - {}
RESULT: {}
RESULT: {}
COMMAND: GET /session/8068150991763542753e5d368f2e808c/screenshot - {}
RESULT: {}
COMMAND: POST /session/8068150991763542753e5d368f2e808c/refresh - {}
RESULT: {}
COMMAND: GET /session/8068150991763542753e5d368f2e808c/screenshot - {}
RESULT: {}
COMMAND: POST /session/8068150991763542753e5d368f2e808c/window/fullscreen - {}
RESULT: {}
COMMAND: POST /session/8068150991763542753e5d368f2e808c/execute/async - {"script":"<script> [189 bytes]","args":[]}
RESULT: {"script":"<script> [189 bytes]","args":[]}
COMMAND: POST /session/8068150991763542753e5d368f2e808c/execute/async - {"script":"<script> [123 bytes]","args":[]}
RESULT: {"script":"<script> [123 bytes]","args":[]}
COMMAND: POST /session/8068150991763542753e5d368f2e808c/timeouts - {"script":"<number>"}
RESULT: {"script":"<number>"}
COMMAND: GET /session/8068150991763542753e5d368f2e808c/timeouts - {}
RESULT: {}
RESULT: undefined
COMMAND: POST /session/8068150991763542753e5d368f2e808c/execute/async - {"script":"<script> [2676 bytes]","args":[]}
RESULT: {"script":"<script> [2676 bytes]","args":[]}
COMMAND: POST /session/8068150991763542753e5d368f2e808c/execute/async - {"script":"<script> [2342 bytes]","args":[{"protocol":"http","hostname":"0.0.0.0","path":"/","capabilities":{"browserName":"chrome","goog:chromeOptions":{"binary":"C:\\Program Files\\Google\\Chrome\\Application\\chrome.exe","args":["--start-maximized"]}},"logLevel":"warn","connectionRetryTimeout":120000,"connectionRetryCount":3,"logLevels":{},"enableDirectConnect":true,"strictSSL":true,"_":"65 more keys: [\"cacheDir\",\"port\",\"requestedCapabilities\",\"automationProtocol\",\"baseUrl\",\"waitforInterval\",\"waitforTimeout\",\"onReload\",\"beforeCommand\",\"afterCommand\",\"rootDir\",\"specs\",\"suites\",\"exclude\",\"groupLogsByTestSpec\",\"excludeDriverLogs\",\"bail\",\"framework\",\"reporters\",\"services\",\"maxInstances\",\"maxInstancesPerCapability\",\"injectGlobals\",\"filesToWatch\",\"execArgv\",\"runnerEnv\",\"runner\",\"shard\",\"specFileRetries\",\"specFileRetriesDelay\",\"specFileRetriesDeferred\",\"reporterSyncInterval\",\"reporterSyncTimeout\",\"cucumberFeaturesWithLineNumbers\",\"autoCompileOpts\",\"mochaOpts\",\"jasmineOpts\",\"cucumberOpts\",\"onPrepare\",\"onWorkerStart\",\"onWorkerEnd\",\"before\",\"beforeSession\",\"beforeSuite\",\"beforeHook\",\"beforeTest\",\"afterTest\",\"afterHook\",\"afterSuite\",\"afterSession\",\"after\",\"onComplete\",\"beforeAssertion\",\"afterAssertion\",\"beforeFeature\",\"beforeScenario\",\"beforeStep\",\"afterStep\",\"afterScenario\",\"afterFeature\",\"_\",\"suite\",\"$0\",\"ignoredWorkerServices\",\"wdi5\"]"}]}
RESULT: {"script":"<script> [2342 bytes]","args":[{"protocol":"http","hostname":"0.0.0.0","path":"/","capabilities":{"browserName":"chrome","goog:chromeOptions":{"binary":"C:\\Program Files\\Google\\Chrome\\Application\\chrome.exe","args":["--start-maximized"]}},"logLevel":"warn","connectionRetryTimeout":120000,"connectionRetryCount":3,"logLevels":{},"enableDirectConnect":true,"strictSSL":true,"_":"65 more keys: [\"cacheDir\",\"port\",\"requestedCapabilities\",\"automationProtocol\",\"baseUrl\",\"waitforInterval\",\"waitforTimeout\",\"onReload\",\"beforeCommand\",\"afterCommand\",\"rootDir\",\"specs\",\"suites\",\"exclude\",\"groupLogsByTestSpec\",\"excludeDriverLogs\",\"bail\",\"framework\",\"reporters\",\"services\",\"maxInstances\",\"maxInstancesPerCapability\",\"injectGlobals\",\"filesToWatch\",\"execArgv\",\"runnerEnv\",\"runner\",\"shard\",\"specFileRetries\",\"specFileRetriesDelay\",\"specFileRetriesDeferred\",\"reporterSyncInterval\",\"reporterSyncTimeout\",\"cucumberFeaturesWithLineNumbers\",\"autoCompileOpts\",\"mochaOpts\",\"jasmineOpts\",\"cucumberOpts\",\"onPrepare\",\"onWorkerStart\",\"onWorkerEnd\",\"before\",\"beforeSession\",\"beforeSuite\",\"beforeHook\",\"beforeTest\",\"afterTest\",\"afterHook\",\"afterSuite\",\"afterSession\",\"after\",\"onComplete\",\"beforeAssertion\",\"afterAssertion\",\"beforeFeature\",\"beforeScenario\",\"beforeStep\",\"afterStep\",\"afterScenario\",\"afterFeature\",\"_\",\"suite\",\"$0\",\"ignoredWorkerServices\",\"wdi5\"]"}]}
COMMAND: POST /session/8068150991763542753e5d368f2e808c/execute/async - {"script":"<script> [21126 bytes]","args":[35000]}
RESULT: {"script":"<script> [21126 bytes]","args":[35000]}
]]></system-out>
    </testcase>
  </testsuite>
  <testsuite timestamp="2025-06-01T17:02:35" time="120.076" tests="3" failures="0" errors="0" skipped="0">
    <properties>
      <property name="specId" value="0"/>
      <property name="suiteName" value="Set up pricing rule(OT) 104624"/>
      <property name="capabilities" value="chrome.136_0_7103_93.windows"/>
      <property name="file" value="file:///D:/a/1/s/test/specs/BTS/create-pricing-rule.spec.js"/>
    </properties>
    <testcase classname="chrome.136_0_7103_93.windows.Set_up_pricing_rule(OT)_104624" name="Should create a new yard used for all following tests" time="0.013">
      <system-out><![CDATA[
COMMAND: POST /session/8068150991763542753e5d368f2e808c/window/fullscreen - {}
RESULT: {}
]]></system-out>
    </testcase>
    <testcase classname="chrome.136_0_7103_93.windows.Set_up_pricing_rule(OT)_104624" name="Should create a new equipment used for all following tests" time="0.003"/>
    <testcase classname="chrome.136_0_7103_93.windows.Set_up_pricing_rule(OT)_104624" name="Should create new pricing rule on the created resource from earlier module or above" time="70.794">
      <system-out><![CDATA[
COMMAND: POST /session/8068150991763542753e5d368f2e808c/execute/async - {"script":"<script> [1562 bytes]","args":[{"selector":{"controlType":"sap.m.GenericTile","properties":{"header":"Manage Pricing Rules"}},"wdio_ui5_key":"sapm.GenericTile{\"header\":\"Manage Pricing Rules\"}"}]}
RESULT: {"script":"<script> [1562 bytes]","args":[{"selector":{"controlType":"sap.m.GenericTile","properties":{"header":"Manage Pricing Rules"}},"wdio_ui5_key":"sapm.GenericTile{\"header\":\"Manage Pricing Rules\"}"}]}
RESULT: undefined
COMMAND: POST /session/8068150991763542753e5d368f2e808c/element - {"using":"xpath","value":"//*[@id=\"__tile55\"]"}
RESULT: {"using":"xpath","value":"//*[@id=\"__tile55\"]"}
COMMAND: POST /session/8068150991763542753e5d368f2e808c/element/f.7F1AC3273160C970B6304C41D413DEA3.d.00FF7B62C9CA8398F392C2A98787390C.e.2445/click - {}
RESULT: {}
COMMAND: GET /session/8068150991763542753e5d368f2e808c/screenshot - {}
RESULT: {}
COMMAND: POST /session/8068150991763542753e5d368f2e808c/elements - {"using":"xpath","value":"//span[text()='Error']"}
RESULT: {"using":"xpath","value":"//span[text()='Error']"}
COMMAND: POST /session/8068150991763542753e5d368f2e808c/execute/async - {"script":"<script> [1562 bytes]","args":[{"selector":{"controlType":"sap.ui.core.Icon","viewName":"etm.portal.ui.managepricingrules.view.MasterHeader","viewId":"application-managepricingrules-display-component---priceInfoHeader","properties":{"src":{"regex":{"source":"activity\\-items"}}}},"wdio_ui5_key":"etmportal.ui.managepricingrules.view.MasterHeadersap.ui.core.Icon{\"src\":{\"regex\":{\"source\":\"activity\\\\-items\"}}}"}]}
RESULT: {"script":"<script> [1562 bytes]","args":[{"selector":{"controlType":"sap.ui.core.Icon","viewName":"etm.portal.ui.managepricingrules.view.MasterHeader","viewId":"application-managepricingrules-display-component---priceInfoHeader","properties":{"src":{"regex":{"source":"activity\\-items"}}}},"wdio_ui5_key":"etmportal.ui.managepricingrules.view.MasterHeadersap.ui.core.Icon{\"src\":{\"regex\":{\"source\":\"activity\\\\-items\"}}}"}]}
RESULT: undefined
COMMAND: POST /session/8068150991763542753e5d368f2e808c/element - {"using":"xpath","value":"//*[@id=\"__filter1-icon\"]"}
RESULT: {"using":"xpath","value":"//*[@id=\"__filter1-icon\"]"}
COMMAND: POST /session/8068150991763542753e5d368f2e808c/element/f.7F1AC3273160C970B6304C41D413DEA3.d.00FF7B62C9CA8398F392C2A98787390C.e.2500/click - {}
RESULT: {}
COMMAND: GET /session/8068150991763542753e5d368f2e808c/screenshot - {}
RESULT: {}
COMMAND: POST /session/8068150991763542753e5d368f2e808c/element - {"using":"xpath","value":"//button[@data-kt=\"addButton\"]"}
RESULT: {"using":"xpath","value":"//button[@data-kt=\"addButton\"]"}
COMMAND: POST /session/8068150991763542753e5d368f2e808c/elements - {"using":"xpath","value":"//button[@data-kt=\"addButton\"]"}
RESULT: {"using":"xpath","value":"//button[@data-kt=\"addButton\"]"}
COMMAND: POST /session/8068150991763542753e5d368f2e808c/execute/sync - {"script":"<script> [8489 bytes]","args":[{"element-6066-11e4-a52e-4f735466cecf":"f.7F1AC3273160C970B6304C41D413DEA3.d.00FF7B62C9CA8398F392C2A98787390C.e.2539","ELEMENT":"f.7F1AC3273160C970B6304C41D413DEA3.d.00FF7B62C9CA8398F392C2A98787390C.e.2539"}]}
RESULT: {"script":"<script> [8489 bytes]","args":[{"element-6066-11e4-a52e-4f735466cecf":"f.7F1AC3273160C970B6304C41D413DEA3.d.00FF7B62C9CA8398F392C2A98787390C.e.2539","ELEMENT":"f.7F1AC3273160C970B6304C41D413DEA3.d.00FF7B62C9CA8398F392C2A98787390C.e.2539"}]}
COMMAND: GET /session/8068150991763542753e5d368f2e808c/element/f.7F1AC3273160C970B6304C41D413DEA3.d.00FF7B62C9CA8398F392C2A98787390C.e.2539/enabled - {}
COMMAND: GET /session/8068150991763542753e5d368f2e808c/screenshot - {}
RESULT: {}
COMMAND: POST /session/8068150991763542753e5d368f2e808c/execute/sync - {"script":"<script> [8489 bytes]","args":[{"element-6066-11e4-a52e-4f735466cecf":"f.7F1AC3273160C970B6304C41D413DEA3.d.00FF7B62C9CA8398F392C2A98787390C.e.2539","ELEMENT":"f.7F1AC3273160C970B6304C41D413DEA3.d.00FF7B62C9CA8398F392C2A98787390C.e.2539"}]}
COMMAND: GET /session/8068150991763542753e5d368f2e808c/screenshot - {}
RESULT: {}
RESULT: {"script":"<script> [8489 bytes]","args":[{"element-6066-11e4-a52e-4f735466cecf":"f.7F1AC3273160C970B6304C41D413DEA3.d.00FF7B62C9CA8398F392C2A98787390C.e.2539","ELEMENT":"f.7F1AC3273160C970B6304C41D413DEA3.d.00FF7B62C9CA8398F392C2A98787390C.e.2539"}]}
COMMAND: POST /session/8068150991763542753e5d368f2e808c/execute/sync - {"script":"<script> [5351 bytes]","args":[{"element-6066-11e4-a52e-4f735466cecf":"f.7F1AC3273160C970B6304C41D413DEA3.d.00FF7B62C9CA8398F392C2A98787390C.e.2539","ELEMENT":"f.7F1AC3273160C970B6304C41D413DEA3.d.00FF7B62C9CA8398F392C2A98787390C.e.2539"}]}
COMMAND: GET /session/8068150991763542753e5d368f2e808c/screenshot - {}
RESULT: {}
RESULT: {"script":"<script> [5351 bytes]","args":[{"element-6066-11e4-a52e-4f735466cecf":"f.7F1AC3273160C970B6304C41D413DEA3.d.00FF7B62C9CA8398F392C2A98787390C.e.2539","ELEMENT":"f.7F1AC3273160C970B6304C41D413DEA3.d.00FF7B62C9CA8398F392C2A98787390C.e.2539"}]}
COMMAND: POST /session/8068150991763542753e5d368f2e808c/element/f.7F1AC3273160C970B6304C41D413DEA3.d.00FF7B62C9CA8398F392C2A98787390C.e.2539/click - {}
COMMAND: GET /session/8068150991763542753e5d368f2e808c/screenshot - {}
RESULT: {}
RESULT: {}
COMMAND: GET /session/8068150991763542753e5d368f2e808c/screenshot - {}
RESULT: {}
RESULT: {}
COMMAND: POST /session/8068150991763542753e5d368f2e808c/execute/async - {"script":"<script> [1562 bytes]","args":[{"selector":{"controlType":"sap.m.Title","viewName":"etm.portal.ui.managepricingrules.view.NewItem","viewId":"application-managepricingrules-display-component---newInfoPriceItem","properties":{"text":"New Pricing Rules - Item Level"}},"wdio_ui5_key":"etmportal.ui.managepricingrules.view.NewItemsap.m.Title{\"text\":\"New Pricing Rules - Item Level\"}"}]}
RESULT: {"script":"<script> [1562 bytes]","args":[{"selector":{"controlType":"sap.m.Title","viewName":"etm.portal.ui.managepricingrules.view.NewItem","viewId":"application-managepricingrules-display-component---newInfoPriceItem","properties":{"text":"New Pricing Rules - Item Level"}},"wdio_ui5_key":"etmportal.ui.managepricingrules.view.NewItemsap.m.Title{\"text\":\"New Pricing Rules - Item Level\"}"}]}
RESULT: undefined
COMMAND: POST /session/8068150991763542753e5d368f2e808c/execute/async - {"script":"<script> [6424 bytes]","args":[{"element-6066-11e4-a52e-4f735466cecf":"f.7F1AC3273160C970B6304C41D413DEA3.d.00FF7B62C9CA8398F392C2A98787390C.e.2828"},"getText",[]]}
RESULT: {"script":"<script> [6424 bytes]","args":[{"element-6066-11e4-a52e-4f735466cecf":"f.7F1AC3273160C970B6304C41D413DEA3.d.00FF7B62C9CA8398F392C2A98787390C.e.2828"},"getText",[]]}
COMMAND: POST /session/8068150991763542753e5d368f2e808c/execute/async - {"script":"<script> [1562 bytes]","args":[{"selector":{"id":"application-managepricingrules-display-component---newInfoPriceItem--condValidTo","interaction":{"idSuffix":"inner"}},"wdio_ui5_key":"applicationmanagepricingrules-display-component---newInfoPriceItem--condValidTo"}]}
RESULT: {"script":"<script> [1562 bytes]","args":[{"selector":{"id":"application-managepricingrules-display-component---newInfoPriceItem--condValidTo","interaction":{"idSuffix":"inner"}},"wdio_ui5_key":"applicationmanagepricingrules-display-component---newInfoPriceItem--condValidTo"}]}
RESULT: undefined
COMMAND: POST /session/8068150991763542753e5d368f2e808c/execute/async - {"script":"<script> [776 bytes]","args":[{"enterText":"2/1/26","selector":{"id":"application-managepricingrules-display-component---newInfoPriceItem--condValidTo","interaction":{"idSuffix":"inner"}},"clearTextFirst":true,"interactionType":"ENTER_TEXT"}]}
RESULT: {"script":"<script> [776 bytes]","args":[{"enterText":"2/1/26","selector":{"id":"application-managepricingrules-display-component---newInfoPriceItem--condValidTo","interaction":{"idSuffix":"inner"}},"clearTextFirst":true,"interactionType":"ENTER_TEXT"}]}
COMMAND: POST /session/8068150991763542753e5d368f2e808c/element - {"using":"xpath","value":"//input[@id=\"application-managepricingrules-display-component---newInfoPriceItem--condRU-inner\"]"}
RESULT: {"using":"xpath","value":"//input[@id=\"application-managepricingrules-display-component---newInfoPriceItem--condRU-inner\"]"}
COMMAND: POST /session/8068150991763542753e5d368f2e808c/element/f.7F1AC3273160C970B6304C41D413DEA3.d.00FF7B62C9CA8398F392C2A98787390C.e.2793/clear - {}
RESULT: {}
COMMAND: POST /session/8068150991763542753e5d368f2e808c/element/f.7F1AC3273160C970B6304C41D413DEA3.d.00FF7B62C9CA8398F392C2A98787390C.e.2793/value - {"text":"jkOWepgZoc"}
COMMAND: GET /session/8068150991763542753e5d368f2e808c/screenshot - {}
RESULT: {"text":"jkOWepgZoc"}
COMMAND: GET /session/8068150991763542753e5d368f2e808c/screenshot - {}
RESULT: {}
RESULT: {}
COMMAND: POST /session/8068150991763542753e5d368f2e808c/execute/async - {"script":"<script> [1562 bytes]","args":[{"selector":{"id":"application-managepricingrules-display-component---newInfoPriceItem--billType-arrow"},"wdio_ui5_key":"applicationmanagepricingrules-display-component---newInfoPriceItem--billType-arrow"}]}
RESULT: {"script":"<script> [1562 bytes]","args":[{"selector":{"id":"application-managepricingrules-display-component---newInfoPriceItem--billType-arrow"},"wdio_ui5_key":"applicationmanagepricingrules-display-component---newInfoPriceItem--billType-arrow"}]}
RESULT: undefined
COMMAND: POST /session/8068150991763542753e5d368f2e808c/element - {"using":"xpath","value":"//*[@id=\"application-managepricingrules-display-component---newInfoPriceItem--billType-arrow\"]"}
RESULT: {"using":"xpath","value":"//*[@id=\"application-managepricingrules-display-component---newInfoPriceItem--billType-arrow\"]"}
COMMAND: POST /session/8068150991763542753e5d368f2e808c/element/f.7F1AC3273160C970B6304C41D413DEA3.d.00FF7B62C9CA8398F392C2A98787390C.e.2854/click - {}
RESULT: {}
COMMAND: POST /session/8068150991763542753e5d368f2e808c/element - {"using":"xpath","value":"//span[contains(text(), \"OT - Sales (one-time)\")]"}
COMMAND: GET /session/8068150991763542753e5d368f2e808c/screenshot - {}
RESULT: {"using":"xpath","value":"//span[contains(text(), \"OT - Sales (one-time)\")]"}
COMMAND: POST /session/8068150991763542753e5d368f2e808c/element/f.7F1AC3273160C970B6304C41D413DEA3.d.00FF7B62C9CA8398F392C2A98787390C.e.2855/click - {}
RESULT: {}
RESULT: {}
COMMAND: POST /session/8068150991763542753e5d368f2e808c/execute/async - {"script":"<script> [1562 bytes]","args":[{"selector":{"id":"application-managepricingrules-display-component---newInfoPriceItem--priceProc-arrow"},"wdio_ui5_key":"applicationmanagepricingrules-display-component---newInfoPriceItem--priceProc-arrow"}]}
COMMAND: GET /session/8068150991763542753e5d368f2e808c/screenshot - {}
RESULT: {"script":"<script> [1562 bytes]","args":[{"selector":{"id":"application-managepricingrules-display-component---newInfoPriceItem--priceProc-arrow"},"wdio_ui5_key":"applicationmanagepricingrules-display-component---newInfoPriceItem--priceProc-arrow"}]}
RESULT: undefined
COMMAND: POST /session/8068150991763542753e5d368f2e808c/element - {"using":"xpath","value":"//*[@id=\"application-managepricingrules-display-component---newInfoPriceItem--priceProc-arrow\"]"}
RESULT: {}
RESULT: {"using":"xpath","value":"//*[@id=\"application-managepricingrules-display-component---newInfoPriceItem--priceProc-arrow\"]"}
COMMAND: POST /session/8068150991763542753e5d368f2e808c/element/f.7F1AC3273160C970B6304C41D413DEA3.d.00FF7B62C9CA8398F392C2A98787390C.e.2856/click - {}
RESULT: {}
COMMAND: POST /session/8068150991763542753e5d368f2e808c/element - {"using":"xpath","value":"//span[contains(text(), \"MAT - Material\")]"}
COMMAND: GET /session/8068150991763542753e5d368f2e808c/screenshot - {}
RESULT: {"using":"xpath","value":"//span[contains(text(), \"MAT - Material\")]"}
COMMAND: POST /session/8068150991763542753e5d368f2e808c/element/f.7F1AC3273160C970B6304C41D413DEA3.d.00FF7B62C9CA8398F392C2A98787390C.e.2857/click - {}
RESULT: {}
RESULT: {}
COMMAND: POST /session/8068150991763542753e5d368f2e808c/execute/async - {"script":"<script> [1562 bytes]","args":[{"selector":{"id":"application-managepricingrules-display-component---newInfoPriceItem--calcBase-arrow"},"wdio_ui5_key":"applicationmanagepricingrules-display-component---newInfoPriceItem--calcBase-arrow"}]}
COMMAND: GET /session/8068150991763542753e5d368f2e808c/screenshot - {}
RESULT: {"script":"<script> [1562 bytes]","args":[{"selector":{"id":"application-managepricingrules-display-component---newInfoPriceItem--calcBase-arrow"},"wdio_ui5_key":"applicationmanagepricingrules-display-component---newInfoPriceItem--calcBase-arrow"}]}
RESULT: undefined
COMMAND: POST /session/8068150991763542753e5d368f2e808c/element - {"using":"xpath","value":"//*[@id=\"application-managepricingrules-display-component---newInfoPriceItem--calcBase-arrow\"]"}
RESULT: {}
RESULT: {"using":"xpath","value":"//*[@id=\"application-managepricingrules-display-component---newInfoPriceItem--calcBase-arrow\"]"}
COMMAND: POST /session/8068150991763542753e5d368f2e808c/element/f.7F1AC3273160C970B6304C41D413DEA3.d.00FF7B62C9CA8398F392C2A98787390C.e.2858/click - {}
RESULT: {}
COMMAND: GET /session/8068150991763542753e5d368f2e808c/screenshot - {}
RESULT: {}
COMMAND: POST /session/8068150991763542753e5d368f2e808c/element - {"using":"xpath","value":"//span[contains(text(), \"0001 - TB(exact month + cal_days)\")]"}
RESULT: {"using":"xpath","value":"//span[contains(text(), \"0001 - TB(exact month + cal_days)\")]"}
COMMAND: POST /session/8068150991763542753e5d368f2e808c/element/f.7F1AC3273160C970B6304C41D413DEA3.d.00FF7B62C9CA8398F392C2A98787390C.e.2859/click - {}
RESULT: {}
COMMAND: GET /session/8068150991763542753e5d368f2e808c/screenshot - {}
RESULT: {}
COMMAND: POST /session/8068150991763542753e5d368f2e808c/element - {"using":"xpath","value":"//button[@data-kt=\"saveNewRuleButton\"]"}
RESULT: {"using":"xpath","value":"//button[@data-kt=\"saveNewRuleButton\"]"}
COMMAND: POST /session/8068150991763542753e5d368f2e808c/element/f.7F1AC3273160C970B6304C41D413DEA3.d.00FF7B62C9CA8398F392C2A98787390C.e.2860/click - {}
RESULT: {}
COMMAND: GET /session/8068150991763542753e5d368f2e808c/screenshot - {}
RESULT: {}
COMMAND: POST /session/8068150991763542753e5d368f2e808c/execute/async - {"script":"<script> [1562 bytes]","args":[{"selector":{"id":"application-managepricingrules-display-component---priceInfoItem--smartFilterBar-btnBasicSearch","interaction":{"idSuffix":"I"}},"wdio_ui5_key":"applicationmanagepricingrules-display-component---priceInfoItem--smartFilterBar-btnBasicSearch"}]}
RESULT: {"script":"<script> [1562 bytes]","args":[{"selector":{"id":"application-managepricingrules-display-component---priceInfoItem--smartFilterBar-btnBasicSearch","interaction":{"idSuffix":"I"}},"wdio_ui5_key":"applicationmanagepricingrules-display-component---priceInfoItem--smartFilterBar-btnBasicSearch"}]}
RESULT: undefined
COMMAND: POST /session/8068150991763542753e5d368f2e808c/execute/async - {"script":"<script> [776 bytes]","args":[{"enterText":"jkOWepgZoc","selector":{"id":"application-managepricingrules-display-component---priceInfoItem--smartFilterBar-btnBasicSearch","interaction":{"idSuffix":"I"}},"clearTextFirst":true,"interactionType":"ENTER_TEXT"}]}
RESULT: {"script":"<script> [776 bytes]","args":[{"enterText":"jkOWepgZoc","selector":{"id":"application-managepricingrules-display-component---priceInfoItem--smartFilterBar-btnBasicSearch","interaction":{"idSuffix":"I"}},"clearTextFirst":true,"interactionType":"ENTER_TEXT"}]}
COMMAND: POST /session/8068150991763542753e5d368f2e808c/actions - {"actions":[{"id":"action10","type":"key","parameters":{},"actions":[{"type":"keyDown","value":""},{"type":"pause","duration":10},{"type":"keyUp","value":""}]}]}
RESULT: {"actions":[{"id":"action10","type":"key","parameters":{},"actions":[{"type":"keyDown","value":""},{"type":"pause","duration":10},{"type":"keyUp","value":""}]}]}
COMMAND: GET /session/8068150991763542753e5d368f2e808c/screenshot - {}
RESULT: {}
COMMAND: POST /session/8068150991763542753e5d368f2e808c/element - {"using":"xpath","value":"//span[@id=\"application-managepricingrules-display-component---priceInfoItem--smartTable-header-inner\"]"}
RESULT: {"using":"xpath","value":"//span[@id=\"application-managepricingrules-display-component---priceInfoItem--smartTable-header-inner\"]"}
COMMAND: POST /session/8068150991763542753e5d368f2e808c/elements - {"using":"xpath","value":"//span[@id=\"application-managepricingrules-display-component---priceInfoItem--smartTable-header-inner\"]"}
RESULT: {"using":"xpath","value":"//span[@id=\"application-managepricingrules-display-component---priceInfoItem--smartTable-header-inner\"]"}
COMMAND: POST /session/8068150991763542753e5d368f2e808c/execute/sync - {"script":"<script> [56 bytes]","args":[{"element-6066-11e4-a52e-4f735466cecf":"f.7F1AC3273160C970B6304C41D413DEA3.d.00FF7B62C9CA8398F392C2A98787390C.e.2889","ELEMENT":"f.7F1AC3273160C970B6304C41D413DEA3.d.00FF7B62C9CA8398F392C2A98787390C.e.2889"}]}
RESULT: {"script":"<script> [56 bytes]","args":[{"element-6066-11e4-a52e-4f735466cecf":"f.7F1AC3273160C970B6304C41D413DEA3.d.00FF7B62C9CA8398F392C2A98787390C.e.2889","ELEMENT":"f.7F1AC3273160C970B6304C41D413DEA3.d.00FF7B62C9CA8398F392C2A98787390C.e.2889"}]}
COMMAND: POST /session/8068150991763542753e5d368f2e808c/element - {"using":"css selector","value":"#shell-header-logo"}
COMMAND: GET /session/8068150991763542753e5d368f2e808c/screenshot - {}
RESULT: {"using":"css selector","value":"#shell-header-logo"}
COMMAND: POST /session/8068150991763542753e5d368f2e808c/element/f.7F1AC3273160C970B6304C41D413DEA3.d.00FF7B62C9CA8398F392C2A98787390C.e.2451/click - {}
RESULT: {}
RESULT: {}
COMMAND: GET /session/8068150991763542753e5d368f2e808c/screenshot - {}
RESULT: {}
COMMAND: POST /session/8068150991763542753e5d368f2e808c/element - {"using":"css selector","value":"#j_username"}
COMMAND: POST /session/8068150991763542753e5d368f2e808c/url - {"url":"https://qa-testing-00-live-etm-ui.cfapps.eu10-004.hana.ondemand.com/"}
RESULT: {"using":"css selector","value":"#j_username"}
COMMAND: POST /session/8068150991763542753e5d368f2e808c/element - {"using":"css selector","value":"#j_username"}
RESULT: {"url":"https://qa-testing-00-live-etm-ui.cfapps.eu10-004.hana.ondemand.com/"}
RESULT: undefined
COMMAND: GET /session/8068150991763542753e5d368f2e808c/screenshot - {}
RESULT: {"using":"css selector","value":"#j_username"}
COMMAND: POST /session/8068150991763542753e5d368f2e808c/element - {"using":"css selector","value":"#shell-header-logo"}
RESULT: {}
RESULT: {"using":"css selector","value":"#shell-header-logo"}
COMMAND: POST /session/8068150991763542753e5d368f2e808c/execute/sync - {"script":"<script> [8489 bytes]","args":[{"element-6066-11e4-a52e-4f735466cecf":"f.7F1AC3273160C970B6304C41D413DEA3.d.DD7651186ACAF5C95EDFBA09D187EB56.e.2902","ELEMENT":"f.7F1AC3273160C970B6304C41D413DEA3.d.DD7651186ACAF5C95EDFBA09D187EB56.e.2902"}]}
RESULT: {"script":"<script> [8489 bytes]","args":[{"element-6066-11e4-a52e-4f735466cecf":"f.7F1AC3273160C970B6304C41D413DEA3.d.DD7651186ACAF5C95EDFBA09D187EB56.e.2902","ELEMENT":"f.7F1AC3273160C970B6304C41D413DEA3.d.DD7651186ACAF5C95EDFBA09D187EB56.e.2902"}]}
COMMAND: POST /session/8068150991763542753e5d368f2e808c/element - {"using":"css selector","value":"#shell-header-logo"}
COMMAND: GET /session/8068150991763542753e5d368f2e808c/screenshot - {}
RESULT: {"using":"css selector","value":"#shell-header-logo"}
COMMAND: POST /session/8068150991763542753e5d368f2e808c/execute/sync - {"script":"<script> [8489 bytes]","args":[{"element-6066-11e4-a52e-4f735466cecf":"f.7F1AC3273160C970B6304C41D413DEA3.d.DD7651186ACAF5C95EDFBA09D187EB56.e.2902","ELEMENT":"f.7F1AC3273160C970B6304C41D413DEA3.d.DD7651186ACAF5C95EDFBA09D187EB56.e.2902"}]}
RESULT: {}
RESULT: {"script":"<script> [8489 bytes]","args":[{"element-6066-11e4-a52e-4f735466cecf":"f.7F1AC3273160C970B6304C41D413DEA3.d.DD7651186ACAF5C95EDFBA09D187EB56.e.2902","ELEMENT":"f.7F1AC3273160C970B6304C41D413DEA3.d.DD7651186ACAF5C95EDFBA09D187EB56.e.2902"}]}
COMMAND: POST /session/8068150991763542753e5d368f2e808c/execute/sync - {"script":"<script> [5351 bytes]","args":[{"element-6066-11e4-a52e-4f735466cecf":"f.7F1AC3273160C970B6304C41D413DEA3.d.DD7651186ACAF5C95EDFBA09D187EB56.e.2902","ELEMENT":"f.7F1AC3273160C970B6304C41D413DEA3.d.DD7651186ACAF5C95EDFBA09D187EB56.e.2902"}]}
COMMAND: GET /session/8068150991763542753e5d368f2e808c/screenshot - {}
RESULT: {"script":"<script> [5351 bytes]","args":[{"element-6066-11e4-a52e-4f735466cecf":"f.7F1AC3273160C970B6304C41D413DEA3.d.DD7651186ACAF5C95EDFBA09D187EB56.e.2902","ELEMENT":"f.7F1AC3273160C970B6304C41D413DEA3.d.DD7651186ACAF5C95EDFBA09D187EB56.e.2902"}]}
COMMAND: POST /session/8068150991763542753e5d368f2e808c/element - {"using":"css selector","value":"#shell-header-logo"}
COMMAND: GET /session/8068150991763542753e5d368f2e808c/screenshot - {}
RESULT: {}
RESULT: {"using":"css selector","value":"#shell-header-logo"}
COMMAND: POST /session/8068150991763542753e5d368f2e808c/element/f.7F1AC3273160C970B6304C41D413DEA3.d.DD7651186ACAF5C95EDFBA09D187EB56.e.2902/click - {}
RESULT: {}
RESULT: {}
COMMAND: GET /session/8068150991763542753e5d368f2e808c/screenshot - {}
RESULT: {}
COMMAND: POST /session/8068150991763542753e5d368f2e808c/execute/async - {"script":"<script> [189 bytes]","args":[]}
RESULT: {"script":"<script> [189 bytes]","args":[]}
COMMAND: POST /session/8068150991763542753e5d368f2e808c/execute/async - {"script":"<script> [123 bytes]","args":[]}
RESULT: {"script":"<script> [123 bytes]","args":[]}
COMMAND: POST /session/8068150991763542753e5d368f2e808c/timeouts - {"script":"<number>"}
RESULT: {"script":"<number>"}
COMMAND: GET /session/8068150991763542753e5d368f2e808c/timeouts - {}
RESULT: {}
RESULT: undefined
COMMAND: POST /session/8068150991763542753e5d368f2e808c/execute/async - {"script":"<script> [2676 bytes]","args":[]}
RESULT: {"script":"<script> [2676 bytes]","args":[]}
COMMAND: POST /session/8068150991763542753e5d368f2e808c/execute/async - {"script":"<script> [2342 bytes]","args":[{"protocol":"http","hostname":"0.0.0.0","path":"/","capabilities":{"browserName":"chrome","goog:chromeOptions":{"binary":"C:\\Program Files\\Google\\Chrome\\Application\\chrome.exe","args":["--start-maximized"]}},"logLevel":"warn","connectionRetryTimeout":120000,"connectionRetryCount":3,"logLevels":{},"enableDirectConnect":true,"strictSSL":true,"_":"65 more keys: [\"cacheDir\",\"port\",\"requestedCapabilities\",\"automationProtocol\",\"baseUrl\",\"waitforInterval\",\"waitforTimeout\",\"onReload\",\"beforeCommand\",\"afterCommand\",\"rootDir\",\"specs\",\"suites\",\"exclude\",\"groupLogsByTestSpec\",\"excludeDriverLogs\",\"bail\",\"framework\",\"reporters\",\"services\",\"maxInstances\",\"maxInstancesPerCapability\",\"injectGlobals\",\"filesToWatch\",\"execArgv\",\"runnerEnv\",\"runner\",\"shard\",\"specFileRetries\",\"specFileRetriesDelay\",\"specFileRetriesDeferred\",\"reporterSyncInterval\",\"reporterSyncTimeout\",\"cucumberFeaturesWithLineNumbers\",\"autoCompileOpts\",\"mochaOpts\",\"jasmineOpts\",\"cucumberOpts\",\"onPrepare\",\"onWorkerStart\",\"onWorkerEnd\",\"before\",\"beforeSession\",\"beforeSuite\",\"beforeHook\",\"beforeTest\",\"afterTest\",\"afterHook\",\"afterSuite\",\"afterSession\",\"after\",\"onComplete\",\"beforeAssertion\",\"afterAssertion\",\"beforeFeature\",\"beforeScenario\",\"beforeStep\",\"afterStep\",\"afterScenario\",\"afterFeature\",\"_\",\"suite\",\"$0\",\"ignoredWorkerServices\",\"wdi5\"]"}]}
RESULT: {"script":"<script> [2342 bytes]","args":[{"protocol":"http","hostname":"0.0.0.0","path":"/","capabilities":{"browserName":"chrome","goog:chromeOptions":{"binary":"C:\\Program Files\\Google\\Chrome\\Application\\chrome.exe","args":["--start-maximized"]}},"logLevel":"warn","connectionRetryTimeout":120000,"connectionRetryCount":3,"logLevels":{},"enableDirectConnect":true,"strictSSL":true,"_":"65 more keys: [\"cacheDir\",\"port\",\"requestedCapabilities\",\"automationProtocol\",\"baseUrl\",\"waitforInterval\",\"waitforTimeout\",\"onReload\",\"beforeCommand\",\"afterCommand\",\"rootDir\",\"specs\",\"suites\",\"exclude\",\"groupLogsByTestSpec\",\"excludeDriverLogs\",\"bail\",\"framework\",\"reporters\",\"services\",\"maxInstances\",\"maxInstancesPerCapability\",\"injectGlobals\",\"filesToWatch\",\"execArgv\",\"runnerEnv\",\"runner\",\"shard\",\"specFileRetries\",\"specFileRetriesDelay\",\"specFileRetriesDeferred\",\"reporterSyncInterval\",\"reporterSyncTimeout\",\"cucumberFeaturesWithLineNumbers\",\"autoCompileOpts\",\"mochaOpts\",\"jasmineOpts\",\"cucumberOpts\",\"onPrepare\",\"onWorkerStart\",\"onWorkerEnd\",\"before\",\"beforeSession\",\"beforeSuite\",\"beforeHook\",\"beforeTest\",\"afterTest\",\"afterHook\",\"afterSuite\",\"afterSession\",\"after\",\"onComplete\",\"beforeAssertion\",\"afterAssertion\",\"beforeFeature\",\"beforeScenario\",\"beforeStep\",\"afterStep\",\"afterScenario\",\"afterFeature\",\"_\",\"suite\",\"$0\",\"ignoredWorkerServices\",\"wdi5\"]"}]}
COMMAND: POST /session/8068150991763542753e5d368f2e808c/execute/async - {"script":"<script> [21126 bytes]","args":[35000]}
RESULT: {"script":"<script> [21126 bytes]","args":[35000]}
COMMAND: POST /session/8068150991763542753e5d368f2e808c/window/maximize - {}
RESULT: {}
COMMAND: POST /session/8068150991763542753e5d368f2e808c/execute/async - {"script":"<script> [1562 bytes]","args":[{"selector":{"id":"shell-header","interaction":{"idSuffix":"icon"}},"wdio_ui5_key":"shellheader"}]}
COMMAND: GET /session/8068150991763542753e5d368f2e808c/screenshot - {}
RESULT: {"script":"<script> [1562 bytes]","args":[{"selector":{"id":"shell-header","interaction":{"idSuffix":"icon"}},"wdio_ui5_key":"shellheader"}]}
RESULT: undefined
COMMAND: POST /session/8068150991763542753e5d368f2e808c/refresh - {}
RESULT: {}
RESULT: {}
COMMAND: GET /session/8068150991763542753e5d368f2e808c/screenshot - {}
RESULT: {}
COMMAND: POST /session/8068150991763542753e5d368f2e808c/refresh - {}
RESULT: {}
COMMAND: GET /session/8068150991763542753e5d368f2e808c/screenshot - {}
RESULT: {}
COMMAND: POST /session/8068150991763542753e5d368f2e808c/window/fullscreen - {}
RESULT: {}
COMMAND: POST /session/8068150991763542753e5d368f2e808c/execute/async - {"script":"<script> [189 bytes]","args":[]}
RESULT: {"script":"<script> [189 bytes]","args":[]}
COMMAND: POST /session/8068150991763542753e5d368f2e808c/execute/async - {"script":"<script> [123 bytes]","args":[]}
RESULT: {"script":"<script> [123 bytes]","args":[]}
COMMAND: POST /session/8068150991763542753e5d368f2e808c/timeouts - {"script":"<number>"}
RESULT: {"script":"<number>"}
COMMAND: GET /session/8068150991763542753e5d368f2e808c/timeouts - {}
RESULT: {}
RESULT: undefined
COMMAND: POST /session/8068150991763542753e5d368f2e808c/execute/async - {"script":"<script> [2676 bytes]","args":[]}
RESULT: {"script":"<script> [2676 bytes]","args":[]}
COMMAND: POST /session/8068150991763542753e5d368f2e808c/execute/async - {"script":"<script> [2342 bytes]","args":[{"protocol":"http","hostname":"0.0.0.0","path":"/","capabilities":{"browserName":"chrome","goog:chromeOptions":{"binary":"C:\\Program Files\\Google\\Chrome\\Application\\chrome.exe","args":["--start-maximized"]}},"logLevel":"warn","connectionRetryTimeout":120000,"connectionRetryCount":3,"logLevels":{},"enableDirectConnect":true,"strictSSL":true,"_":"65 more keys: [\"cacheDir\",\"port\",\"requestedCapabilities\",\"automationProtocol\",\"baseUrl\",\"waitforInterval\",\"waitforTimeout\",\"onReload\",\"beforeCommand\",\"afterCommand\",\"rootDir\",\"specs\",\"suites\",\"exclude\",\"groupLogsByTestSpec\",\"excludeDriverLogs\",\"bail\",\"framework\",\"reporters\",\"services\",\"maxInstances\",\"maxInstancesPerCapability\",\"injectGlobals\",\"filesToWatch\",\"execArgv\",\"runnerEnv\",\"runner\",\"shard\",\"specFileRetries\",\"specFileRetriesDelay\",\"specFileRetriesDeferred\",\"reporterSyncInterval\",\"reporterSyncTimeout\",\"cucumberFeaturesWithLineNumbers\",\"autoCompileOpts\",\"mochaOpts\",\"jasmineOpts\",\"cucumberOpts\",\"onPrepare\",\"onWorkerStart\",\"onWorkerEnd\",\"before\",\"beforeSession\",\"beforeSuite\",\"beforeHook\",\"beforeTest\",\"afterTest\",\"afterHook\",\"afterSuite\",\"afterSession\",\"after\",\"onComplete\",\"beforeAssertion\",\"afterAssertion\",\"beforeFeature\",\"beforeScenario\",\"beforeStep\",\"afterStep\",\"afterScenario\",\"afterFeature\",\"_\",\"suite\",\"$0\",\"ignoredWorkerServices\",\"wdi5\"]"}]}
RESULT: {"script":"<script> [2342 bytes]","args":[{"protocol":"http","hostname":"0.0.0.0","path":"/","capabilities":{"browserName":"chrome","goog:chromeOptions":{"binary":"C:\\Program Files\\Google\\Chrome\\Application\\chrome.exe","args":["--start-maximized"]}},"logLevel":"warn","connectionRetryTimeout":120000,"connectionRetryCount":3,"logLevels":{},"enableDirectConnect":true,"strictSSL":true,"_":"65 more keys: [\"cacheDir\",\"port\",\"requestedCapabilities\",\"automationProtocol\",\"baseUrl\",\"waitforInterval\",\"waitforTimeout\",\"onReload\",\"beforeCommand\",\"afterCommand\",\"rootDir\",\"specs\",\"suites\",\"exclude\",\"groupLogsByTestSpec\",\"excludeDriverLogs\",\"bail\",\"framework\",\"reporters\",\"services\",\"maxInstances\",\"maxInstancesPerCapability\",\"injectGlobals\",\"filesToWatch\",\"execArgv\",\"runnerEnv\",\"runner\",\"shard\",\"specFileRetries\",\"specFileRetriesDelay\",\"specFileRetriesDeferred\",\"reporterSyncInterval\",\"reporterSyncTimeout\",\"cucumberFeaturesWithLineNumbers\",\"autoCompileOpts\",\"mochaOpts\",\"jasmineOpts\",\"cucumberOpts\",\"onPrepare\",\"onWorkerStart\",\"onWorkerEnd\",\"before\",\"beforeSession\",\"beforeSuite\",\"beforeHook\",\"beforeTest\",\"afterTest\",\"afterHook\",\"afterSuite\",\"afterSession\",\"after\",\"onComplete\",\"beforeAssertion\",\"afterAssertion\",\"beforeFeature\",\"beforeScenario\",\"beforeStep\",\"afterStep\",\"afterScenario\",\"afterFeature\",\"_\",\"suite\",\"$0\",\"ignoredWorkerServices\",\"wdi5\"]"}]}
COMMAND: POST /session/8068150991763542753e5d368f2e808c/execute/async - {"script":"<script> [21126 bytes]","args":[35000]}
RESULT: {"script":"<script> [21126 bytes]","args":[35000]}
]]></system-out>
    </testcase>
  </testsuite>
  <testsuite timestamp="2025-06-01T17:04:35" time="450.476" tests="6" failures="0" errors="0" skipped="0">
    <properties>
      <property name="specId" value="0"/>
      <property name="suiteName" value="Edit and delete daily price US134629 US134627"/>
      <property name="capabilities" value="chrome.136_0_7103_93.windows"/>
      <property name="file" value="file:///D:/a/1/s/test/specs/BTS/conditions-prices-daily-price.spec.js"/>
    </properties>
    <testcase classname="chrome.136_0_7103_93.windows.Edit_and_delete_daily_price_US134629_US134627" name="Should create a new yard used for all following tests" time="0.024">
      <system-out><![CDATA[
COMMAND: POST /session/8068150991763542753e5d368f2e808c/window/fullscreen - {}
RESULT: {}
]]></system-out>
    </testcase>
    <testcase classname="chrome.136_0_7103_93.windows.Edit_and_delete_daily_price_US134629_US134627" name="Should create a new partner" time="145.221">
      <system-out><![CDATA[
COMMAND: POST /session/8068150991763542753e5d368f2e808c/window/fullscreen - {}
RESULT: {}
COMMAND: POST /session/8068150991763542753e5d368f2e808c/execute/async - {"script":"<script> [1562 bytes]","args":[{"selector":{"controlType":"sap.m.GenericTile","properties":{"header":"Manage Partners"}},"wdio_ui5_key":"sapm.GenericTile{\"header\":\"Manage Partners\"}"}]}
RESULT: {"script":"<script> [1562 bytes]","args":[{"selector":{"controlType":"sap.m.GenericTile","properties":{"header":"Manage Partners"}},"wdio_ui5_key":"sapm.GenericTile{\"header\":\"Manage Partners\"}"}]}
RESULT: undefined
COMMAND: POST /session/8068150991763542753e5d368f2e808c/element - {"using":"xpath","value":"//*[@id=\"__tile38\"]"}
RESULT: {"using":"xpath","value":"//*[@id=\"__tile38\"]"}
COMMAND: POST /session/8068150991763542753e5d368f2e808c/element/f.7F1AC3273160C970B6304C41D413DEA3.d.4619B8D77B08EE3BAEFA063E57A63B1F.e.3060/click - {}
RESULT: {}
COMMAND: GET /session/8068150991763542753e5d368f2e808c/screenshot - {}
RESULT: {}
COMMAND: POST /session/8068150991763542753e5d368f2e808c/elements - {"using":"xpath","value":"//span[text()='Error']"}
RESULT: {"using":"xpath","value":"//span[text()='Error']"}
COMMAND: POST /session/8068150991763542753e5d368f2e808c/element - {"using":"xpath","value":"//button[@data-kt=\"addButton\"]"}
RESULT: {"using":"xpath","value":"//button[@data-kt=\"addButton\"]"}
COMMAND: POST /session/8068150991763542753e5d368f2e808c/elements - {"using":"xpath","value":"//button[@data-kt=\"addButton\"]"}
RESULT: {"using":"xpath","value":"//button[@data-kt=\"addButton\"]"}
COMMAND: POST /session/8068150991763542753e5d368f2e808c/elements - {"using":"xpath","value":"//button[@data-kt=\"addButton\"]"}
RESULT: {"using":"xpath","value":"//button[@data-kt=\"addButton\"]"}
COMMAND: POST /session/8068150991763542753e5d368f2e808c/element - {"using":"xpath","value":"//button[@data-kt=\"addButton\"]"}
RESULT: {"using":"xpath","value":"//button[@data-kt=\"addButton\"]"}
COMMAND: POST /session/8068150991763542753e5d368f2e808c/execute/sync - {"script":"<script> [8489 bytes]","args":[{"element-6066-11e4-a52e-4f735466cecf":"f.7F1AC3273160C970B6304C41D413DEA3.d.4619B8D77B08EE3BAEFA063E57A63B1F.e.3207","ELEMENT":"f.7F1AC3273160C970B6304C41D413DEA3.d.4619B8D77B08EE3BAEFA063E57A63B1F.e.3207"}]}
RESULT: {"script":"<script> [8489 bytes]","args":[{"element-6066-11e4-a52e-4f735466cecf":"f.7F1AC3273160C970B6304C41D413DEA3.d.4619B8D77B08EE3BAEFA063E57A63B1F.e.3207","ELEMENT":"f.7F1AC3273160C970B6304C41D413DEA3.d.4619B8D77B08EE3BAEFA063E57A63B1F.e.3207"}]}
COMMAND: GET /session/8068150991763542753e5d368f2e808c/element/f.7F1AC3273160C970B6304C41D413DEA3.d.4619B8D77B08EE3BAEFA063E57A63B1F.e.3207/enabled - {}
COMMAND: GET /session/8068150991763542753e5d368f2e808c/screenshot - {}
RESULT: {}
COMMAND: POST /session/8068150991763542753e5d368f2e808c/execute/sync - {"script":"<script> [8489 bytes]","args":[{"element-6066-11e4-a52e-4f735466cecf":"f.7F1AC3273160C970B6304C41D413DEA3.d.4619B8D77B08EE3BAEFA063E57A63B1F.e.3207","ELEMENT":"f.7F1AC3273160C970B6304C41D413DEA3.d.4619B8D77B08EE3BAEFA063E57A63B1F.e.3207"}]}
COMMAND: GET /session/8068150991763542753e5d368f2e808c/screenshot - {}
RESULT: {}
RESULT: {"script":"<script> [8489 bytes]","args":[{"element-6066-11e4-a52e-4f735466cecf":"f.7F1AC3273160C970B6304C41D413DEA3.d.4619B8D77B08EE3BAEFA063E57A63B1F.e.3207","ELEMENT":"f.7F1AC3273160C970B6304C41D413DEA3.d.4619B8D77B08EE3BAEFA063E57A63B1F.e.3207"}]}
COMMAND: POST /session/8068150991763542753e5d368f2e808c/execute/sync - {"script":"<script> [5351 bytes]","args":[{"element-6066-11e4-a52e-4f735466cecf":"f.7F1AC3273160C970B6304C41D413DEA3.d.4619B8D77B08EE3BAEFA063E57A63B1F.e.3207","ELEMENT":"f.7F1AC3273160C970B6304C41D413DEA3.d.4619B8D77B08EE3BAEFA063E57A63B1F.e.3207"}]}
COMMAND: GET /session/8068150991763542753e5d368f2e808c/screenshot - {}
RESULT: {}
RESULT: {"script":"<script> [5351 bytes]","args":[{"element-6066-11e4-a52e-4f735466cecf":"f.7F1AC3273160C970B6304C41D413DEA3.d.4619B8D77B08EE3BAEFA063E57A63B1F.e.3207","ELEMENT":"f.7F1AC3273160C970B6304C41D413DEA3.d.4619B8D77B08EE3BAEFA063E57A63B1F.e.3207"}]}
COMMAND: POST /session/8068150991763542753e5d368f2e808c/element/f.7F1AC3273160C970B6304C41D413DEA3.d.4619B8D77B08EE3BAEFA063E57A63B1F.e.3207/click - {}
COMMAND: GET /session/8068150991763542753e5d368f2e808c/screenshot - {}
RESULT: {}
RESULT: {}
COMMAND: GET /session/8068150991763542753e5d368f2e808c/screenshot - {}
COMMAND: POST /session/8068150991763542753e5d368f2e808c/execute/async - {"script":"<script> [1562 bytes]","args":[{"selector":{"id":"application-managepartners-display-component---NewPartner--addressDetailDetailsName1","interaction":{"idSuffix":"inner"}},"wdio_ui5_key":"applicationmanagepartners-display-component---NewPartner--addressDetailDetailsName1"}]}
RESULT: {}
RESULT: {}
RESULT: {"script":"<script> [1562 bytes]","args":[{"selector":{"id":"application-managepartners-display-component---NewPartner--addressDetailDetailsName1","interaction":{"idSuffix":"inner"}},"wdio_ui5_key":"applicationmanagepartners-display-component---NewPartner--addressDetailDetailsName1"}]}
RESULT: undefined
COMMAND: POST /session/8068150991763542753e5d368f2e808c/execute/async - {"script":"<script> [776 bytes]","args":[{"enterText":"DailyPrice Partner WDIO","selector":{"id":"application-managepartners-display-component---NewPartner--addressDetailDetailsName1","interaction":{"idSuffix":"inner"}},"clearTextFirst":true,"interactionType":"ENTER_TEXT"}]}
RESULT: {"script":"<script> [776 bytes]","args":[{"enterText":"DailyPrice Partner WDIO","selector":{"id":"application-managepartners-display-component---NewPartner--addressDetailDetailsName1","interaction":{"idSuffix":"inner"}},"clearTextFirst":true,"interactionType":"ENTER_TEXT"}]}
COMMAND: POST /session/8068150991763542753e5d368f2e808c/execute/async - {"script":"<script> [1562 bytes]","args":[{"selector":{"id":"application-managepartners-display-component---NewPartner--addressDetailDetailsLanguage-arrow"},"wdio_ui5_key":"applicationmanagepartners-display-component---NewPartner--addressDetailDetailsLanguage-arrow"}]}
RESULT: {"script":"<script> [1562 bytes]","args":[{"selector":{"id":"application-managepartners-display-component---NewPartner--addressDetailDetailsLanguage-arrow"},"wdio_ui5_key":"applicationmanagepartners-display-component---NewPartner--addressDetailDetailsLanguage-arrow"}]}
RESULT: undefined
COMMAND: POST /session/8068150991763542753e5d368f2e808c/element - {"using":"xpath","value":"//*[@id=\"application-managepartners-display-component---NewPartner--addressDetailDetailsLanguage-arrow\"]"}
RESULT: {"using":"xpath","value":"//*[@id=\"application-managepartners-display-component---NewPartner--addressDetailDetailsLanguage-arrow\"]"}
COMMAND: POST /session/8068150991763542753e5d368f2e808c/element/f.7F1AC3273160C970B6304C41D413DEA3.d.4619B8D77B08EE3BAEFA063E57A63B1F.e.3663/click - {}
RESULT: {}
COMMAND: POST /session/8068150991763542753e5d368f2e808c/element - {"using":"xpath","value":"//span[contains(text(), \"English\")]"}
COMMAND: GET /session/8068150991763542753e5d368f2e808c/screenshot - {}
RESULT: {"using":"xpath","value":"//span[contains(text(), \"English\")]"}
COMMAND: POST /session/8068150991763542753e5d368f2e808c/element/f.7F1AC3273160C970B6304C41D413DEA3.d.4619B8D77B08EE3BAEFA063E57A63B1F.e.3664/click - {}
RESULT: {}
RESULT: {}
COMMAND: GET /session/8068150991763542753e5d368f2e808c/screenshot - {}
RESULT: {}
COMMAND: POST /session/8068150991763542753e5d368f2e808c/execute/async - {"script":"<script> [1562 bytes]","args":[{"selector":{"id":"application-managepartners-display-component---NewPartner--addressDetailDetailsCity1","interaction":{"idSuffix":"inner"}},"wdio_ui5_key":"applicationmanagepartners-display-component---NewPartner--addressDetailDetailsCity1"}]}
RESULT: {"script":"<script> [1562 bytes]","args":[{"selector":{"id":"application-managepartners-display-component---NewPartner--addressDetailDetailsCity1","interaction":{"idSuffix":"inner"}},"wdio_ui5_key":"applicationmanagepartners-display-component---NewPartner--addressDetailDetailsCity1"}]}
RESULT: undefined
COMMAND: POST /session/8068150991763542753e5d368f2e808c/execute/async - {"script":"<script> [776 bytes]","args":[{"enterText":"Rosario","selector":{"id":"application-managepartners-display-component---NewPartner--addressDetailDetailsCity1","interaction":{"idSuffix":"inner"}},"clearTextFirst":true,"interactionType":"ENTER_TEXT"}]}
RESULT: {"script":"<script> [776 bytes]","args":[{"enterText":"Rosario","selector":{"id":"application-managepartners-display-component---NewPartner--addressDetailDetailsCity1","interaction":{"idSuffix":"inner"}},"clearTextFirst":true,"interactionType":"ENTER_TEXT"}]}
COMMAND: POST /session/8068150991763542753e5d368f2e808c/execute/async - {"script":"<script> [1562 bytes]","args":[{"selector":{"id":"application-managepartners-display-component---NewPartner--addressDetailDetailsCountry-arrow"},"wdio_ui5_key":"applicationmanagepartners-display-component---NewPartner--addressDetailDetailsCountry-arrow"}]}
RESULT: {"script":"<script> [1562 bytes]","args":[{"selector":{"id":"application-managepartners-display-component---NewPartner--addressDetailDetailsCountry-arrow"},"wdio_ui5_key":"applicationmanagepartners-display-component---NewPartner--addressDetailDetailsCountry-arrow"}]}
RESULT: undefined
COMMAND: POST /session/8068150991763542753e5d368f2e808c/element - {"using":"xpath","value":"//*[@id=\"application-managepartners-display-component---NewPartner--addressDetailDetailsCountry-arrow\"]"}
RESULT: {"using":"xpath","value":"//*[@id=\"application-managepartners-display-component---NewPartner--addressDetailDetailsCountry-arrow\"]"}
COMMAND: POST /session/8068150991763542753e5d368f2e808c/element/f.7F1AC3273160C970B6304C41D413DEA3.d.4619B8D77B08EE3BAEFA063E57A63B1F.e.3650/click - {}
RESULT: {}
COMMAND: POST /session/8068150991763542753e5d368f2e808c/element - {"using":"xpath","value":"//span[contains(text(), \"Argentina\")]"}
COMMAND: GET /session/8068150991763542753e5d368f2e808c/screenshot - {}
RESULT: {"using":"xpath","value":"//span[contains(text(), \"Argentina\")]"}
COMMAND: POST /session/8068150991763542753e5d368f2e808c/element/f.7F1AC3273160C970B6304C41D413DEA3.d.4619B8D77B08EE3BAEFA063E57A63B1F.e.3666/click - {}
RESULT: {}
RESULT: {}
COMMAND: GET /session/8068150991763542753e5d368f2e808c/screenshot - {}
RESULT: {}
COMMAND: POST /session/8068150991763542753e5d368f2e808c/element - {"using":"xpath","value":"//bdi[contains(text(), \"Commercial\")]"}
RESULT: {"using":"xpath","value":"//bdi[contains(text(), \"Commercial\")]"}
COMMAND: POST /session/8068150991763542753e5d368f2e808c/element/f.7F1AC3273160C970B6304C41D413DEA3.d.4619B8D77B08EE3BAEFA063E57A63B1F.e.3667/click - {}
RESULT: {}
COMMAND: GET /session/8068150991763542753e5d368f2e808c/screenshot - {}
RESULT: {}
COMMAND: POST /session/8068150991763542753e5d368f2e808c/execute/async - {"script":"<script> [1562 bytes]","args":[{"selector":{"id":"application-managepartners-display-component---NewPartner--partnerDetailInternal-arrow"},"wdio_ui5_key":"applicationmanagepartners-display-component---NewPartner--partnerDetailInternal-arrow"}]}
RESULT: {"script":"<script> [1562 bytes]","args":[{"selector":{"id":"application-managepartners-display-component---NewPartner--partnerDetailInternal-arrow"},"wdio_ui5_key":"applicationmanagepartners-display-component---NewPartner--partnerDetailInternal-arrow"}]}
RESULT: undefined
COMMAND: POST /session/8068150991763542753e5d368f2e808c/element - {"using":"xpath","value":"//*[@id=\"application-managepartners-display-component---NewPartner--partnerDetailInternal-arrow\"]"}
RESULT: {"using":"xpath","value":"//*[@id=\"application-managepartners-display-component---NewPartner--partnerDetailInternal-arrow\"]"}
COMMAND: POST /session/8068150991763542753e5d368f2e808c/element/f.7F1AC3273160C970B6304C41D413DEA3.d.4619B8D77B08EE3BAEFA063E57A63B1F.e.3673/click - {}
RESULT: {}
COMMAND: POST /session/8068150991763542753e5d368f2e808c/element - {"using":"xpath","value":"//span[contains(text(), \"Affiliated company\")]"}
COMMAND: GET /session/8068150991763542753e5d368f2e808c/screenshot - {}
RESULT: {"using":"xpath","value":"//span[contains(text(), \"Affiliated company\")]"}
COMMAND: POST /session/8068150991763542753e5d368f2e808c/element/f.7F1AC3273160C970B6304C41D413DEA3.d.4619B8D77B08EE3BAEFA063E57A63B1F.e.3676/click - {}
RESULT: {}
RESULT: {}
COMMAND: POST /session/8068150991763542753e5d368f2e808c/execute/async - {"script":"<script> [1562 bytes]","args":[{"selector":{"id":"application-managepartners-display-component---NewPartner--partnerDetailsCurrency-arrow"},"wdio_ui5_key":"applicationmanagepartners-display-component---NewPartner--partnerDetailsCurrency-arrow"}]}
COMMAND: GET /session/8068150991763542753e5d368f2e808c/screenshot - {}
RESULT: {"script":"<script> [1562 bytes]","args":[{"selector":{"id":"application-managepartners-display-component---NewPartner--partnerDetailsCurrency-arrow"},"wdio_ui5_key":"applicationmanagepartners-display-component---NewPartner--partnerDetailsCurrency-arrow"}]}
RESULT: undefined
COMMAND: POST /session/8068150991763542753e5d368f2e808c/element - {"using":"xpath","value":"//*[@id=\"application-managepartners-display-component---NewPartner--partnerDetailsCurrency-arrow\"]"}
RESULT: {}
RESULT: {"using":"xpath","value":"//*[@id=\"application-managepartners-display-component---NewPartner--partnerDetailsCurrency-arrow\"]"}
COMMAND: POST /session/8068150991763542753e5d368f2e808c/element/f.7F1AC3273160C970B6304C41D413DEA3.d.4619B8D77B08EE3BAEFA063E57A63B1F.e.3683/click - {}
RESULT: {}
COMMAND: POST /session/8068150991763542753e5d368f2e808c/element - {"using":"xpath","value":"//span[contains(text(), \"Euro\")]"}
COMMAND: GET /session/8068150991763542753e5d368f2e808c/screenshot - {}
RESULT: {"using":"xpath","value":"//span[contains(text(), \"Euro\")]"}
COMMAND: POST /session/8068150991763542753e5d368f2e808c/element/f.7F1AC3273160C970B6304C41D413DEA3.d.4619B8D77B08EE3BAEFA063E57A63B1F.e.3684/click - {}
RESULT: {}
RESULT: {}
COMMAND: POST /session/8068150991763542753e5d368f2e808c/execute/async - {"script":"<script> [1562 bytes]","args":[{"selector":{"id":"application-managepartners-display-component---NewPartner--addressEditDetailsCostObjectCstType-arrow"},"wdio_ui5_key":"applicationmanagepartners-display-component---NewPartner--addressEditDetailsCostObjectCstType-arrow"}]}
COMMAND: GET /session/8068150991763542753e5d368f2e808c/screenshot - {}
RESULT: {"script":"<script> [1562 bytes]","args":[{"selector":{"id":"application-managepartners-display-component---NewPartner--addressEditDetailsCostObjectCstType-arrow"},"wdio_ui5_key":"applicationmanagepartners-display-component---NewPartner--addressEditDetailsCostObjectCstType-arrow"}]}
RESULT: undefined
COMMAND: POST /session/8068150991763542753e5d368f2e808c/element - {"using":"xpath","value":"//*[@id=\"application-managepartners-display-component---NewPartner--addressEditDetailsCostObjectCstType-arrow\"]"}
RESULT: {}
RESULT: {"using":"xpath","value":"//*[@id=\"application-managepartners-display-component---NewPartner--addressEditDetailsCostObjectCstType-arrow\"]"}
COMMAND: POST /session/8068150991763542753e5d368f2e808c/element/f.7F1AC3273160C970B6304C41D413DEA3.d.4619B8D77B08EE3BAEFA063E57A63B1F.e.3685/click - {}
RESULT: {}
COMMAND: POST /session/8068150991763542753e5d368f2e808c/element - {"using":"xpath","value":"//span[contains(text(), \"Cost Center\")]"}
COMMAND: GET /session/8068150991763542753e5d368f2e808c/screenshot - {}
RESULT: {"using":"xpath","value":"//span[contains(text(), \"Cost Center\")]"}
COMMAND: POST /session/8068150991763542753e5d368f2e808c/element/f.7F1AC3273160C970B6304C41D413DEA3.d.4619B8D77B08EE3BAEFA063E57A63B1F.e.3686/click - {}
RESULT: {}
RESULT: {}
COMMAND: GET /session/8068150991763542753e5d368f2e808c/screenshot - {}
RESULT: {}
COMMAND: POST /session/8068150991763542753e5d368f2e808c/element - {"using":"xpath","value":"//span[@id=\"application-managepartners-display-component---NewPartner--addressNewCostObjectCstID-vhi\"]"}
RESULT: {"using":"xpath","value":"//span[@id=\"application-managepartners-display-component---NewPartner--addressNewCostObjectCstID-vhi\"]"}
COMMAND: POST /session/8068150991763542753e5d368f2e808c/execute/sync - {"script":"<script> [8489 bytes]","args":[{"element-6066-11e4-a52e-4f735466cecf":"f.7F1AC3273160C970B6304C41D413DEA3.d.4619B8D77B08EE3BAEFA063E57A63B1F.e.3690","ELEMENT":"f.7F1AC3273160C970B6304C41D413DEA3.d.4619B8D77B08EE3BAEFA063E57A63B1F.e.3690"}]}
RESULT: {"script":"<script> [8489 bytes]","args":[{"element-6066-11e4-a52e-4f735466cecf":"f.7F1AC3273160C970B6304C41D413DEA3.d.4619B8D77B08EE3BAEFA063E57A63B1F.e.3690","ELEMENT":"f.7F1AC3273160C970B6304C41D413DEA3.d.4619B8D77B08EE3BAEFA063E57A63B1F.e.3690"}]}
COMMAND: POST /session/8068150991763542753e5d368f2e808c/execute/async - {"script":"<script> [1562 bytes]","args":[{"selector":{"id":"application-managepartners-display-component---NewPartner--addressNewCostObjectCstID-vhi"},"wdio_ui5_key":"applicationmanagepartners-display-component---NewPartner--addressNewCostObjectCstID-vhi"}]}
COMMAND: GET /session/8068150991763542753e5d368f2e808c/screenshot - {}
RESULT: {"script":"<script> [1562 bytes]","args":[{"selector":{"id":"application-managepartners-display-component---NewPartner--addressNewCostObjectCstID-vhi"},"wdio_ui5_key":"applicationmanagepartners-display-component---NewPartner--addressNewCostObjectCstID-vhi"}]}
RESULT: undefined
COMMAND: POST /session/8068150991763542753e5d368f2e808c/element - {"using":"xpath","value":"//*[@id=\"application-managepartners-display-component---NewPartner--addressNewCostObjectCstID-vhi\"]"}
RESULT: {}
RESULT: {"using":"xpath","value":"//*[@id=\"application-managepartners-display-component---NewPartner--addressNewCostObjectCstID-vhi\"]"}
COMMAND: POST /session/8068150991763542753e5d368f2e808c/element/f.7F1AC3273160C970B6304C41D413DEA3.d.4619B8D77B08EE3BAEFA063E57A63B1F.e.3690/click - {}
RESULT: {}
COMMAND: GET /session/8068150991763542753e5d368f2e808c/screenshot - {}
RESULT: {}
COMMAND: POST /session/8068150991763542753e5d368f2e808c/execute/async - {"script":"<script> [1562 bytes]","args":[{"selector":{"controlType":"sap.m.SearchField","properties":{"placeholder":"Search"},"searchOpenDialogs":true,"interaction":{"idSuffix":"I"}},"wdio_ui5_key":"sapm.SearchField{\"placeholder\":\"Search\"}"}]}
RESULT: {"script":"<script> [1562 bytes]","args":[{"selector":{"controlType":"sap.m.SearchField","properties":{"placeholder":"Search"},"searchOpenDialogs":true,"interaction":{"idSuffix":"I"}},"wdio_ui5_key":"sapm.SearchField{\"placeholder\":\"Search\"}"}]}
RESULT: undefined
COMMAND: POST /session/8068150991763542753e5d368f2e808c/execute/async - {"script":"<script> [776 bytes]","args":[{"enterText":"10001013","selector":{"controlType":"sap.m.SearchField","properties":{"placeholder":"Search"},"searchOpenDialogs":true,"interaction":{"idSuffix":"I"}},"clearTextFirst":true,"interactionType":"ENTER_TEXT"}]}
RESULT: {"script":"<script> [776 bytes]","args":[{"enterText":"10001013","selector":{"controlType":"sap.m.SearchField","properties":{"placeholder":"Search"},"searchOpenDialogs":true,"interaction":{"idSuffix":"I"}},"clearTextFirst":true,"interactionType":"ENTER_TEXT"}]}
COMMAND: POST /session/8068150991763542753e5d368f2e808c/actions - {"actions":[{"id":"action11","type":"key","parameters":{},"actions":[{"type":"keyDown","value":""},{"type":"pause","duration":10},{"type":"keyUp","value":""}]}]}
RESULT: {"actions":[{"id":"action11","type":"key","parameters":{},"actions":[{"type":"keyDown","value":""},{"type":"pause","duration":10},{"type":"keyUp","value":""}]}]}
COMMAND: GET /session/8068150991763542753e5d368f2e808c/screenshot - {}
RESULT: {}
COMMAND: POST /session/8068150991763542753e5d368f2e808c/element - {"using":"xpath","value":"//span[contains(text(), \"General Management\")]"}
RESULT: {"using":"xpath","value":"//span[contains(text(), \"General Management\")]"}
COMMAND: POST /session/8068150991763542753e5d368f2e808c/element/f.7F1AC3273160C970B6304C41D413DEA3.d.4619B8D77B08EE3BAEFA063E57A63B1F.e.3731/click - {}
RESULT: {}
COMMAND: GET /session/8068150991763542753e5d368f2e808c/screenshot - {}
RESULT: {}
COMMAND: POST /session/8068150991763542753e5d368f2e808c/element - {"using":"xpath","value":"//bdi[contains(text(), \"OK\")]"}
RESULT: {"using":"xpath","value":"//bdi[contains(text(), \"OK\")]"}
COMMAND: POST /session/8068150991763542753e5d368f2e808c/element/f.7F1AC3273160C970B6304C41D413DEA3.d.4619B8D77B08EE3BAEFA063E57A63B1F.e.3732/click - {}
RESULT: {}
COMMAND: GET /session/8068150991763542753e5d368f2e808c/screenshot - {}
RESULT: {}
COMMAND: POST /session/8068150991763542753e5d368f2e808c/element - {"using":"xpath","value":"//input[@id=\"application-managepartners-display-component---NewPartner--companyCodeComboBox-inner\"]"}
RESULT: {"using":"xpath","value":"//input[@id=\"application-managepartners-display-component---NewPartner--companyCodeComboBox-inner\"]"}
COMMAND: POST /session/8068150991763542753e5d368f2e808c/element/f.7F1AC3273160C970B6304C41D413DEA3.d.4619B8D77B08EE3BAEFA063E57A63B1F.e.3521/clear - {}
RESULT: {}
COMMAND: POST /session/8068150991763542753e5d368f2e808c/element/f.7F1AC3273160C970B6304C41D413DEA3.d.4619B8D77B08EE3BAEFA063E57A63B1F.e.3521/value - {"text":"C002"}
COMMAND: GET /session/8068150991763542753e5d368f2e808c/screenshot - {}
RESULT: {"text":"C002"}
COMMAND: GET /session/8068150991763542753e5d368f2e808c/screenshot - {}
RESULT: {}
RESULT: {}
COMMAND: POST /session/8068150991763542753e5d368f2e808c/element - {"using":"xpath","value":"//li[.//span[text()= \"C002\"]]"}
RESULT: {"using":"xpath","value":"//li[.//span[text()= \"C002\"]]"}
COMMAND: POST /session/8068150991763542753e5d368f2e808c/element/f.7F1AC3273160C970B6304C41D413DEA3.d.4619B8D77B08EE3BAEFA063E57A63B1F.e.3738/click - {}
RESULT: {}
COMMAND: GET /session/8068150991763542753e5d368f2e808c/screenshot - {}
RESULT: {}
COMMAND: POST /session/8068150991763542753e5d368f2e808c/execute/async - {"script":"<script> [1562 bytes]","args":[{"selector":{"id":"application-managepartners-display-component---NewPartner--btnAddTableRow-img"},"wdio_ui5_key":"applicationmanagepartners-display-component---NewPartner--btnAddTableRow-img"}]}
RESULT: {"script":"<script> [1562 bytes]","args":[{"selector":{"id":"application-managepartners-display-component---NewPartner--btnAddTableRow-img"},"wdio_ui5_key":"applicationmanagepartners-display-component---NewPartner--btnAddTableRow-img"}]}
RESULT: undefined
COMMAND: POST /session/8068150991763542753e5d368f2e808c/element - {"using":"xpath","value":"//*[@id=\"application-managepartners-display-component---NewPartner--btnAddTableRow-img\"]"}
RESULT: {"using":"xpath","value":"//*[@id=\"application-managepartners-display-component---NewPartner--btnAddTableRow-img\"]"}
COMMAND: POST /session/8068150991763542753e5d368f2e808c/element/f.7F1AC3273160C970B6304C41D413DEA3.d.4619B8D77B08EE3BAEFA063E57A63B1F.e.3739/click - {}
RESULT: {}
COMMAND: GET /session/8068150991763542753e5d368f2e808c/screenshot - {}
RESULT: {}
COMMAND: POST /session/8068150991763542753e5d368f2e808c/element - {"using":"xpath","value":"//input[@id=\"application-managepartners-display-component---NewPartner--assignmentYard-application-managepartners-display-component---NewPartner--assignmentsTable-0-inner\"]"}
RESULT: {"using":"xpath","value":"//input[@id=\"application-managepartners-display-component---NewPartner--assignmentYard-application-managepartners-display-component---NewPartner--assignmentsTable-0-inner\"]"}
COMMAND: POST /session/8068150991763542753e5d368f2e808c/element/f.7F1AC3273160C970B6304C41D413DEA3.d.4619B8D77B08EE3BAEFA063E57A63B1F.e.3742/clear - {}
RESULT: {}
COMMAND: POST /session/8068150991763542753e5d368f2e808c/element/f.7F1AC3273160C970B6304C41D413DEA3.d.4619B8D77B08EE3BAEFA063E57A63B1F.e.3742/value - {"text":"554"}
COMMAND: GET /session/8068150991763542753e5d368f2e808c/screenshot - {}
RESULT: {"text":"554"}
COMMAND: GET /session/8068150991763542753e5d368f2e808c/screenshot - {}
RESULT: {}
RESULT: {}
COMMAND: POST /session/8068150991763542753e5d368f2e808c/element - {"using":"xpath","value":"//li[.//span[text()='554']]"}
RESULT: {"using":"xpath","value":"//li[.//span[text()='554']]"}
COMMAND: POST /session/8068150991763542753e5d368f2e808c/element/f.7F1AC3273160C970B6304C41D413DEA3.d.4619B8D77B08EE3BAEFA063E57A63B1F.e.3751/click - {}
RESULT: {}
COMMAND: GET /session/8068150991763542753e5d368f2e808c/screenshot - {}
RESULT: {}
COMMAND: POST /session/8068150991763542753e5d368f2e808c/actions - {"actions":[{"id":"action12","type":"key","parameters":{},"actions":[{"type":"keyDown","value":""},{"type":"pause","duration":10},{"type":"keyUp","value":""}]}]}
RESULT: {"actions":[{"id":"action12","type":"key","parameters":{},"actions":[{"type":"keyDown","value":""},{"type":"pause","duration":10},{"type":"keyUp","value":""}]}]}
COMMAND: POST /session/8068150991763542753e5d368f2e808c/execute/async - {"script":"<script> [1562 bytes]","args":[{"selector":{"id":"application-managepartners-display-component---NewPartner--externalCustomerComboBox-application-managepartners-display-component---NewPartner--assignmentsTable-0-vhi"},"wdio_ui5_key":"applicationmanagepartners-display-component---NewPartner--externalCustomerComboBox-application-managepartners-display-component---NewPartner--assignmentsTable-0-vhi"}]}
COMMAND: GET /session/8068150991763542753e5d368f2e808c/screenshot - {}
RESULT: {"script":"<script> [1562 bytes]","args":[{"selector":{"id":"application-managepartners-display-component---NewPartner--externalCustomerComboBox-application-managepartners-display-component---NewPartner--assignmentsTable-0-vhi"},"wdio_ui5_key":"applicationmanagepartners-display-component---NewPartner--externalCustomerComboBox-application-managepartners-display-component---NewPartner--assignmentsTable-0-vhi"}]}
RESULT: undefined
COMMAND: POST /session/8068150991763542753e5d368f2e808c/element - {"using":"xpath","value":"//*[@id=\"application-managepartners-display-component---NewPartner--externalCustomerComboBox-application-managepartners-display-component---NewPartner--assignmentsTable-0-vhi\"]"}
RESULT: {}
RESULT: {"using":"xpath","value":"//*[@id=\"application-managepartners-display-component---NewPartner--externalCustomerComboBox-application-managepartners-display-component---NewPartner--assignmentsTable-0-vhi\"]"}
COMMAND: POST /session/8068150991763542753e5d368f2e808c/element/f.7F1AC3273160C970B6304C41D413DEA3.d.4619B8D77B08EE3BAEFA063E57A63B1F.e.3755/click - {}
RESULT: {}
RESULT: undefined
COMMAND: POST /session/8068150991763542753e5d368f2e808c/execute/async - {"script":"<script> [776 bytes]","args":[{"enterText":"300003","selector":{"controlType":"sap.m.SearchField","properties":{"placeholder":"Search"},"searchOpenDialogs":true,"interaction":{"idSuffix":"I"}},"clearTextFirst":true,"interactionType":"ENTER_TEXT"}]}
COMMAND: GET /session/8068150991763542753e5d368f2e808c/screenshot - {}
RESULT: {"script":"<script> [776 bytes]","args":[{"enterText":"300003","selector":{"controlType":"sap.m.SearchField","properties":{"placeholder":"Search"},"searchOpenDialogs":true,"interaction":{"idSuffix":"I"}},"clearTextFirst":true,"interactionType":"ENTER_TEXT"}]}
COMMAND: POST /session/8068150991763542753e5d368f2e808c/actions - {"actions":[{"id":"action13","type":"key","parameters":{},"actions":[{"type":"keyDown","value":""},{"type":"pause","duration":10},{"type":"keyUp","value":""}]}]}
RESULT: {}
RESULT: {"actions":[{"id":"action13","type":"key","parameters":{},"actions":[{"type":"keyDown","value":""},{"type":"pause","duration":10},{"type":"keyUp","value":""}]}]}
COMMAND: GET /session/8068150991763542753e5d368f2e808c/screenshot - {}
RESULT: {}
COMMAND: POST /session/8068150991763542753e5d368f2e808c/element - {"using":"xpath","value":"//span[contains(text(), \"300003\")]"}
RESULT: {"using":"xpath","value":"//span[contains(text(), \"300003\")]"}
COMMAND: POST /session/8068150991763542753e5d368f2e808c/element/f.7F1AC3273160C970B6304C41D413DEA3.d.4619B8D77B08EE3BAEFA063E57A63B1F.e.3773/click - {}
RESULT: {}
COMMAND: GET /session/8068150991763542753e5d368f2e808c/screenshot - {}
RESULT: {}
COMMAND: POST /session/8068150991763542753e5d368f2e808c/element - {"using":"xpath","value":"//bdi[contains(text(), \"OK\")]"}
RESULT: {"using":"xpath","value":"//bdi[contains(text(), \"OK\")]"}
COMMAND: POST /session/8068150991763542753e5d368f2e808c/element/f.7F1AC3273160C970B6304C41D413DEA3.d.4619B8D77B08EE3BAEFA063E57A63B1F.e.3775/click - {}
RESULT: {}
COMMAND: GET /session/8068150991763542753e5d368f2e808c/screenshot - {}
RESULT: {}
COMMAND: POST /session/8068150991763542753e5d368f2e808c/execute/async - {"script":"<script> [1562 bytes]","args":[{"selector":{"id":"application-managepartners-display-component---NewPartner--intercompVendorComboBox-application-managepartners-display-component---NewPartner--assignmentsTable-0-vhi"},"wdio_ui5_key":"applicationmanagepartners-display-component---NewPartner--intercompVendorComboBox-application-managepartners-display-component---NewPartner--assignmentsTable-0-vhi"}]}
RESULT: {"script":"<script> [1562 bytes]","args":[{"selector":{"id":"application-managepartners-display-component---NewPartner--intercompVendorComboBox-application-managepartners-display-component---NewPartner--assignmentsTable-0-vhi"},"wdio_ui5_key":"applicationmanagepartners-display-component---NewPartner--intercompVendorComboBox-application-managepartners-display-component---NewPartner--assignmentsTable-0-vhi"}]}
RESULT: undefined
COMMAND: POST /session/8068150991763542753e5d368f2e808c/element - {"using":"xpath","value":"//*[@id=\"application-managepartners-display-component---NewPartner--intercompVendorComboBox-application-managepartners-display-component---NewPartner--assignmentsTable-0-vhi\"]"}
RESULT: {"using":"xpath","value":"//*[@id=\"application-managepartners-display-component---NewPartner--intercompVendorComboBox-application-managepartners-display-component---NewPartner--assignmentsTable-0-vhi\"]"}
COMMAND: POST /session/8068150991763542753e5d368f2e808c/element/f.7F1AC3273160C970B6304C41D413DEA3.d.4619B8D77B08EE3BAEFA063E57A63B1F.e.3778/click - {}
RESULT: {}
RESULT: undefined
COMMAND: POST /session/8068150991763542753e5d368f2e808c/execute/async - {"script":"<script> [776 bytes]","args":[{"enterText":"100005","selector":{"controlType":"sap.m.SearchField","properties":{"placeholder":"Search"},"searchOpenDialogs":true,"interaction":{"idSuffix":"I"}},"clearTextFirst":true,"interactionType":"ENTER_TEXT"}]}
COMMAND: GET /session/8068150991763542753e5d368f2e808c/screenshot - {}
RESULT: {"script":"<script> [776 bytes]","args":[{"enterText":"100005","selector":{"controlType":"sap.m.SearchField","properties":{"placeholder":"Search"},"searchOpenDialogs":true,"interaction":{"idSuffix":"I"}},"clearTextFirst":true,"interactionType":"ENTER_TEXT"}]}
COMMAND: POST /session/8068150991763542753e5d368f2e808c/actions - {"actions":[{"id":"action14","type":"key","parameters":{},"actions":[{"type":"keyDown","value":""},{"type":"pause","duration":10},{"type":"keyUp","value":""}]}]}
RESULT: {}
RESULT: {"actions":[{"id":"action14","type":"key","parameters":{},"actions":[{"type":"keyDown","value":""},{"type":"pause","duration":10},{"type":"keyUp","value":""}]}]}
COMMAND: GET /session/8068150991763542753e5d368f2e808c/screenshot - {}
RESULT: {}
COMMAND: POST /session/8068150991763542753e5d368f2e808c/element - {"using":"xpath","value":"//span[contains(text(), \"Penguins - Field/12345 Berlin\")]"}
RESULT: {"using":"xpath","value":"//span[contains(text(), \"Penguins - Field/12345 Berlin\")]"}
COMMAND: POST /session/8068150991763542753e5d368f2e808c/element/f.7F1AC3273160C970B6304C41D413DEA3.d.4619B8D77B08EE3BAEFA063E57A63B1F.e.3794/click - {}
RESULT: {}
COMMAND: GET /session/8068150991763542753e5d368f2e808c/screenshot - {}
RESULT: {}
COMMAND: POST /session/8068150991763542753e5d368f2e808c/element - {"using":"xpath","value":"//bdi[contains(text(), \"OK\")]"}
RESULT: {"using":"xpath","value":"//bdi[contains(text(), \"OK\")]"}
COMMAND: POST /session/8068150991763542753e5d368f2e808c/element/f.7F1AC3273160C970B6304C41D413DEA3.d.4619B8D77B08EE3BAEFA063E57A63B1F.e.3795/click - {}
RESULT: {}
COMMAND: GET /session/8068150991763542753e5d368f2e808c/screenshot - {}
RESULT: {}
COMMAND: POST /session/8068150991763542753e5d368f2e808c/element - {"using":"xpath","value":"//button[@data-kt=\"saveButton\"]"}
RESULT: {"using":"xpath","value":"//button[@data-kt=\"saveButton\"]"}
COMMAND: POST /session/8068150991763542753e5d368f2e808c/element/f.7F1AC3273160C970B6304C41D413DEA3.d.4619B8D77B08EE3BAEFA063E57A63B1F.e.3600/click - {}
RESULT: {}
COMMAND: GET /session/8068150991763542753e5d368f2e808c/screenshot - {}
RESULT: {}
COMMAND: POST /session/8068150991763542753e5d368f2e808c/element - {"using":"xpath","value":"//header[contains(@id, 'ObjectPageLayout-headerTitle')]/div[1]/div[2]/div[2]/span[1]"}
RESULT: {"using":"xpath","value":"//header[contains(@id, 'ObjectPageLayout-headerTitle')]/div[1]/div[2]/div[2]/span[1]"}
COMMAND: POST /session/8068150991763542753e5d368f2e808c/elements - {"using":"xpath","value":"//header[contains(@id, 'ObjectPageLayout-headerTitle')]/div[1]/div[2]/div[2]/span[1]"}
RESULT: {"using":"xpath","value":"//header[contains(@id, 'ObjectPageLayout-headerTitle')]/div[1]/div[2]/div[2]/span[1]"}
COMMAND: POST /session/8068150991763542753e5d368f2e808c/execute/sync - {"script":"<script> [56 bytes]","args":[{"element-6066-11e4-a52e-4f735466cecf":"f.7F1AC3273160C970B6304C41D413DEA3.d.4619B8D77B08EE3BAEFA063E57A63B1F.e.3958","ELEMENT":"f.7F1AC3273160C970B6304C41D413DEA3.d.4619B8D77B08EE3BAEFA063E57A63B1F.e.3958"}]}
RESULT: {"script":"<script> [56 bytes]","args":[{"element-6066-11e4-a52e-4f735466cecf":"f.7F1AC3273160C970B6304C41D413DEA3.d.4619B8D77B08EE3BAEFA063E57A63B1F.e.3958","ELEMENT":"f.7F1AC3273160C970B6304C41D413DEA3.d.4619B8D77B08EE3BAEFA063E57A63B1F.e.3958"}]}
COMMAND: POST /session/8068150991763542753e5d368f2e808c/element - {"using":"css selector","value":"#shell-header-logo"}
COMMAND: GET /session/8068150991763542753e5d368f2e808c/screenshot - {}
RESULT: {"using":"css selector","value":"#shell-header-logo"}
COMMAND: POST /session/8068150991763542753e5d368f2e808c/element/f.7F1AC3273160C970B6304C41D413DEA3.d.4619B8D77B08EE3BAEFA063E57A63B1F.e.3172/click - {}
RESULT: {}
RESULT: {}
COMMAND: GET /session/8068150991763542753e5d368f2e808c/screenshot - {}
RESULT: {}
COMMAND: POST /session/8068150991763542753e5d368f2e808c/execute/sync - {"script":"<script> [299 bytes]","args":[["getModel","getResource"]]}
RESULT: {"script":"<script> [299 bytes]","args":[["getModel","getResource"]]}
]]></system-out>
    </testcase>
    <testcase classname="chrome.136_0_7103_93.windows.Edit_and_delete_daily_price_US134629_US134627" name="Should create a new site used for following tests" time="144.402">
      <system-out><![CDATA[
COMMAND: POST /session/8068150991763542753e5d368f2e808c/execute/async - {"script":"<script> [1562 bytes]","args":[{"selector":{"controlType":"sap.m.GenericTile","properties":{"header":"Manage Sites"}},"wdio_ui5_key":"sapm.GenericTile{\"header\":\"Manage Sites\"}"}]}
COMMAND: GET /session/8068150991763542753e5d368f2e808c/screenshot - {}
RESULT: {"script":"<script> [1562 bytes]","args":[{"selector":{"controlType":"sap.m.GenericTile","properties":{"header":"Manage Sites"}},"wdio_ui5_key":"sapm.GenericTile{\"header\":\"Manage Sites\"}"}]}
RESULT: undefined
COMMAND: POST /session/8068150991763542753e5d368f2e808c/element - {"using":"xpath","value":"//*[@id=\"__tile40\"]"}
RESULT: {}
RESULT: {"using":"xpath","value":"//*[@id=\"__tile40\"]"}
COMMAND: POST /session/8068150991763542753e5d368f2e808c/element/f.7F1AC3273160C970B6304C41D413DEA3.d.4619B8D77B08EE3BAEFA063E57A63B1F.e.3066/click - {}
RESULT: {}
COMMAND: GET /session/8068150991763542753e5d368f2e808c/screenshot - {}
RESULT: {}
COMMAND: POST /session/8068150991763542753e5d368f2e808c/elements - {"using":"xpath","value":"//span[text()='Error']"}
RESULT: {"using":"xpath","value":"//span[text()='Error']"}
COMMAND: POST /session/8068150991763542753e5d368f2e808c/element - {"using":"xpath","value":"//button[@data-kt=\"addOverflowToolbarButton\"]"}
RESULT: {"using":"xpath","value":"//button[@data-kt=\"addOverflowToolbarButton\"]"}
COMMAND: POST /session/8068150991763542753e5d368f2e808c/elements - {"using":"xpath","value":"//button[@data-kt=\"addOverflowToolbarButton\"]"}
RESULT: {"using":"xpath","value":"//button[@data-kt=\"addOverflowToolbarButton\"]"}
COMMAND: POST /session/8068150991763542753e5d368f2e808c/execute/sync - {"script":"<script> [8489 bytes]","args":[{"element-6066-11e4-a52e-4f735466cecf":"f.7F1AC3273160C970B6304C41D413DEA3.d.4619B8D77B08EE3BAEFA063E57A63B1F.e.4005","ELEMENT":"f.7F1AC3273160C970B6304C41D413DEA3.d.4619B8D77B08EE3BAEFA063E57A63B1F.e.4005"}]}
RESULT: {"script":"<script> [8489 bytes]","args":[{"element-6066-11e4-a52e-4f735466cecf":"f.7F1AC3273160C970B6304C41D413DEA3.d.4619B8D77B08EE3BAEFA063E57A63B1F.e.4005","ELEMENT":"f.7F1AC3273160C970B6304C41D413DEA3.d.4619B8D77B08EE3BAEFA063E57A63B1F.e.4005"}]}
COMMAND: GET /session/8068150991763542753e5d368f2e808c/element/f.7F1AC3273160C970B6304C41D413DEA3.d.4619B8D77B08EE3BAEFA063E57A63B1F.e.4005/enabled - {}
COMMAND: GET /session/8068150991763542753e5d368f2e808c/screenshot - {}
RESULT: {}
COMMAND: POST /session/8068150991763542753e5d368f2e808c/execute/sync - {"script":"<script> [8489 bytes]","args":[{"element-6066-11e4-a52e-4f735466cecf":"f.7F1AC3273160C970B6304C41D413DEA3.d.4619B8D77B08EE3BAEFA063E57A63B1F.e.4005","ELEMENT":"f.7F1AC3273160C970B6304C41D413DEA3.d.4619B8D77B08EE3BAEFA063E57A63B1F.e.4005"}]}
COMMAND: GET /session/8068150991763542753e5d368f2e808c/screenshot - {}
RESULT: {}
RESULT: {"script":"<script> [8489 bytes]","args":[{"element-6066-11e4-a52e-4f735466cecf":"f.7F1AC3273160C970B6304C41D413DEA3.d.4619B8D77B08EE3BAEFA063E57A63B1F.e.4005","ELEMENT":"f.7F1AC3273160C970B6304C41D413DEA3.d.4619B8D77B08EE3BAEFA063E57A63B1F.e.4005"}]}
COMMAND: POST /session/8068150991763542753e5d368f2e808c/execute/sync - {"script":"<script> [5351 bytes]","args":[{"element-6066-11e4-a52e-4f735466cecf":"f.7F1AC3273160C970B6304C41D413DEA3.d.4619B8D77B08EE3BAEFA063E57A63B1F.e.4005","ELEMENT":"f.7F1AC3273160C970B6304C41D413DEA3.d.4619B8D77B08EE3BAEFA063E57A63B1F.e.4005"}]}
COMMAND: GET /session/8068150991763542753e5d368f2e808c/screenshot - {}
RESULT: {}
RESULT: {"script":"<script> [5351 bytes]","args":[{"element-6066-11e4-a52e-4f735466cecf":"f.7F1AC3273160C970B6304C41D413DEA3.d.4619B8D77B08EE3BAEFA063E57A63B1F.e.4005","ELEMENT":"f.7F1AC3273160C970B6304C41D413DEA3.d.4619B8D77B08EE3BAEFA063E57A63B1F.e.4005"}]}
COMMAND: POST /session/8068150991763542753e5d368f2e808c/element/f.7F1AC3273160C970B6304C41D413DEA3.d.4619B8D77B08EE3BAEFA063E57A63B1F.e.4005/click - {}
COMMAND: GET /session/8068150991763542753e5d368f2e808c/screenshot - {}
RESULT: {}
RESULT: {}
COMMAND: GET /session/8068150991763542753e5d368f2e808c/screenshot - {}
RESULT: {}
COMMAND: POST /session/8068150991763542753e5d368f2e808c/element - {"using":"xpath","value":"//input[@id=\"application-managesites-display-component---NewSite--siteId-inner\"]"}
RESULT: {}
RESULT: {"using":"xpath","value":"//input[@id=\"application-managesites-display-component---NewSite--siteId-inner\"]"}
COMMAND: POST /session/8068150991763542753e5d368f2e808c/element - {"using":"xpath","value":"//input[@id=\"application-managesites-display-component---NewSite--siteId-inner\"]"}
RESULT: {"using":"xpath","value":"//input[@id=\"application-managesites-display-component---NewSite--siteId-inner\"]"}
COMMAND: POST /session/8068150991763542753e5d368f2e808c/execute/async - {"script":"<script> [1562 bytes]","args":[{"selector":{"id":"application-managesites-display-component---NewSite--addressDetailDetailsName1","interaction":{"idSuffix":"inner"}},"wdio_ui5_key":"applicationmanagesites-display-component---NewSite--addressDetailDetailsName1"}]}
RESULT: {"script":"<script> [1562 bytes]","args":[{"selector":{"id":"application-managesites-display-component---NewSite--addressDetailDetailsName1","interaction":{"idSuffix":"inner"}},"wdio_ui5_key":"applicationmanagesites-display-component---NewSite--addressDetailDetailsName1"}]}
RESULT: undefined
COMMAND: POST /session/8068150991763542753e5d368f2e808c/execute/async - {"script":"<script> [776 bytes]","args":[{"enterText":"DailyPrice WDIO","selector":{"id":"application-managesites-display-component---NewSite--addressDetailDetailsName1","interaction":{"idSuffix":"inner"}},"clearTextFirst":true,"interactionType":"ENTER_TEXT"}]}
RESULT: {"script":"<script> [776 bytes]","args":[{"enterText":"DailyPrice WDIO","selector":{"id":"application-managesites-display-component---NewSite--addressDetailDetailsName1","interaction":{"idSuffix":"inner"}},"clearTextFirst":true,"interactionType":"ENTER_TEXT"}]}
COMMAND: POST /session/8068150991763542753e5d368f2e808c/execute/async - {"script":"<script> [1562 bytes]","args":[{"selector":{"id":"application-managesites-display-component---NewSite--addressDetailDetailsLanguage-arrow"},"wdio_ui5_key":"applicationmanagesites-display-component---NewSite--addressDetailDetailsLanguage-arrow"}]}
RESULT: {"script":"<script> [1562 bytes]","args":[{"selector":{"id":"application-managesites-display-component---NewSite--addressDetailDetailsLanguage-arrow"},"wdio_ui5_key":"applicationmanagesites-display-component---NewSite--addressDetailDetailsLanguage-arrow"}]}
RESULT: undefined
COMMAND: POST /session/8068150991763542753e5d368f2e808c/element - {"using":"xpath","value":"//*[@id=\"application-managesites-display-component---NewSite--addressDetailDetailsLanguage-arrow\"]"}
RESULT: {"using":"xpath","value":"//*[@id=\"application-managesites-display-component---NewSite--addressDetailDetailsLanguage-arrow\"]"}
COMMAND: POST /session/8068150991763542753e5d368f2e808c/element/f.7F1AC3273160C970B6304C41D413DEA3.d.4619B8D77B08EE3BAEFA063E57A63B1F.e.4642/click - {}
RESULT: {}
COMMAND: POST /session/8068150991763542753e5d368f2e808c/element - {"using":"xpath","value":"//span[contains(text(), \"English\")]"}
COMMAND: GET /session/8068150991763542753e5d368f2e808c/screenshot - {}
RESULT: {"using":"xpath","value":"//span[contains(text(), \"English\")]"}
COMMAND: POST /session/8068150991763542753e5d368f2e808c/element/f.7F1AC3273160C970B6304C41D413DEA3.d.4619B8D77B08EE3BAEFA063E57A63B1F.e.4643/click - {}
RESULT: {}
RESULT: {}
COMMAND: POST /session/8068150991763542753e5d368f2e808c/execute/async - {"script":"<script> [1562 bytes]","args":[{"selector":{"id":"application-managesites-display-component---NewSite--addressDetailDetailsCity1","interaction":{"idSuffix":"inner"}},"wdio_ui5_key":"applicationmanagesites-display-component---NewSite--addressDetailDetailsCity1"}]}
COMMAND: GET /session/8068150991763542753e5d368f2e808c/screenshot - {}
RESULT: {"script":"<script> [1562 bytes]","args":[{"selector":{"id":"application-managesites-display-component---NewSite--addressDetailDetailsCity1","interaction":{"idSuffix":"inner"}},"wdio_ui5_key":"applicationmanagesites-display-component---NewSite--addressDetailDetailsCity1"}]}
RESULT: undefined
COMMAND: POST /session/8068150991763542753e5d368f2e808c/execute/async - {"script":"<script> [776 bytes]","args":[{"enterText":"Rosario","selector":{"id":"application-managesites-display-component---NewSite--addressDetailDetailsCity1","interaction":{"idSuffix":"inner"}},"clearTextFirst":true,"interactionType":"ENTER_TEXT"}]}
RESULT: {}
RESULT: {"script":"<script> [776 bytes]","args":[{"enterText":"Rosario","selector":{"id":"application-managesites-display-component---NewSite--addressDetailDetailsCity1","interaction":{"idSuffix":"inner"}},"clearTextFirst":true,"interactionType":"ENTER_TEXT"}]}
COMMAND: POST /session/8068150991763542753e5d368f2e808c/execute/async - {"script":"<script> [1562 bytes]","args":[{"selector":{"id":"application-managesites-display-component---NewSite--addressDetailDetailsCountry-arrow"},"wdio_ui5_key":"applicationmanagesites-display-component---NewSite--addressDetailDetailsCountry-arrow"}]}
RESULT: {"script":"<script> [1562 bytes]","args":[{"selector":{"id":"application-managesites-display-component---NewSite--addressDetailDetailsCountry-arrow"},"wdio_ui5_key":"applicationmanagesites-display-component---NewSite--addressDetailDetailsCountry-arrow"}]}
RESULT: undefined
COMMAND: POST /session/8068150991763542753e5d368f2e808c/element - {"using":"xpath","value":"//*[@id=\"application-managesites-display-component---NewSite--addressDetailDetailsCountry-arrow\"]"}
RESULT: {"using":"xpath","value":"//*[@id=\"application-managesites-display-component---NewSite--addressDetailDetailsCountry-arrow\"]"}
COMMAND: POST /session/8068150991763542753e5d368f2e808c/element/f.7F1AC3273160C970B6304C41D413DEA3.d.4619B8D77B08EE3BAEFA063E57A63B1F.e.4645/click - {}
RESULT: {}
COMMAND: POST /session/8068150991763542753e5d368f2e808c/element - {"using":"xpath","value":"//span[contains(text(), \"Argentina\")]"}
COMMAND: GET /session/8068150991763542753e5d368f2e808c/screenshot - {}
RESULT: {}
RESULT: {"using":"xpath","value":"//span[contains(text(), \"Argentina\")]"}
COMMAND: POST /session/8068150991763542753e5d368f2e808c/element/f.7F1AC3273160C970B6304C41D413DEA3.d.4619B8D77B08EE3BAEFA063E57A63B1F.e.4646/click - {}
RESULT: {}
COMMAND: GET /session/8068150991763542753e5d368f2e808c/screenshot - {}
RESULT: {}
COMMAND: POST /session/8068150991763542753e5d368f2e808c/execute/async - {"script":"<script> [1562 bytes]","args":[{"selector":{"id":"application-managesites-display-component---NewSite--addressEditDetailsCostObjectCstType-arrow"},"wdio_ui5_key":"applicationmanagesites-display-component---NewSite--addressEditDetailsCostObjectCstType-arrow"}]}
RESULT: {"script":"<script> [1562 bytes]","args":[{"selector":{"id":"application-managesites-display-component---NewSite--addressEditDetailsCostObjectCstType-arrow"},"wdio_ui5_key":"applicationmanagesites-display-component---NewSite--addressEditDetailsCostObjectCstType-arrow"}]}
RESULT: undefined
COMMAND: POST /session/8068150991763542753e5d368f2e808c/element - {"using":"xpath","value":"//*[@id=\"application-managesites-display-component---NewSite--addressEditDetailsCostObjectCstType-arrow\"]"}
RESULT: {"using":"xpath","value":"//*[@id=\"application-managesites-display-component---NewSite--addressEditDetailsCostObjectCstType-arrow\"]"}
COMMAND: POST /session/8068150991763542753e5d368f2e808c/element/f.7F1AC3273160C970B6304C41D413DEA3.d.4619B8D77B08EE3BAEFA063E57A63B1F.e.4647/click - {}
RESULT: {}
COMMAND: POST /session/8068150991763542753e5d368f2e808c/element - {"using":"xpath","value":"//span[contains(text(), \"Cost Center\")]"}
COMMAND: GET /session/8068150991763542753e5d368f2e808c/screenshot - {}
RESULT: {"using":"xpath","value":"//span[contains(text(), \"Cost Center\")]"}
COMMAND: POST /session/8068150991763542753e5d368f2e808c/element/f.7F1AC3273160C970B6304C41D413DEA3.d.4619B8D77B08EE3BAEFA063E57A63B1F.e.4648/click - {}
RESULT: {}
RESULT: {}
COMMAND: GET /session/8068150991763542753e5d368f2e808c/screenshot - {}
RESULT: {}
COMMAND: POST /session/8068150991763542753e5d368f2e808c/element - {"using":"xpath","value":"//span[@id=\"application-managesites-display-component---NewSite--addressNewCostObjectCstID-vhi\"]"}
RESULT: {"using":"xpath","value":"//span[@id=\"application-managesites-display-component---NewSite--addressNewCostObjectCstID-vhi\"]"}
COMMAND: POST /session/8068150991763542753e5d368f2e808c/execute/sync - {"script":"<script> [8489 bytes]","args":[{"element-6066-11e4-a52e-4f735466cecf":"f.7F1AC3273160C970B6304C41D413DEA3.d.4619B8D77B08EE3BAEFA063E57A63B1F.e.4652","ELEMENT":"f.7F1AC3273160C970B6304C41D413DEA3.d.4619B8D77B08EE3BAEFA063E57A63B1F.e.4652"}]}
RESULT: {"script":"<script> [8489 bytes]","args":[{"element-6066-11e4-a52e-4f735466cecf":"f.7F1AC3273160C970B6304C41D413DEA3.d.4619B8D77B08EE3BAEFA063E57A63B1F.e.4652","ELEMENT":"f.7F1AC3273160C970B6304C41D413DEA3.d.4619B8D77B08EE3BAEFA063E57A63B1F.e.4652"}]}
COMMAND: POST /session/8068150991763542753e5d368f2e808c/execute/async - {"script":"<script> [1562 bytes]","args":[{"selector":{"id":"application-managesites-display-component---NewSite--addressNewCostObjectCstID-vhi"},"wdio_ui5_key":"applicationmanagesites-display-component---NewSite--addressNewCostObjectCstID-vhi"}]}
COMMAND: GET /session/8068150991763542753e5d368f2e808c/screenshot - {}
RESULT: {"script":"<script> [1562 bytes]","args":[{"selector":{"id":"application-managesites-display-component---NewSite--addressNewCostObjectCstID-vhi"},"wdio_ui5_key":"applicationmanagesites-display-component---NewSite--addressNewCostObjectCstID-vhi"}]}
RESULT: undefined
COMMAND: POST /session/8068150991763542753e5d368f2e808c/element - {"using":"xpath","value":"//*[@id=\"application-managesites-display-component---NewSite--addressNewCostObjectCstID-vhi\"]"}
RESULT: {}
RESULT: {"using":"xpath","value":"//*[@id=\"application-managesites-display-component---NewSite--addressNewCostObjectCstID-vhi\"]"}
COMMAND: POST /session/8068150991763542753e5d368f2e808c/element/f.7F1AC3273160C970B6304C41D413DEA3.d.4619B8D77B08EE3BAEFA063E57A63B1F.e.4652/click - {}
RESULT: {}
COMMAND: GET /session/8068150991763542753e5d368f2e808c/screenshot - {}
RESULT: {}
RESULT: undefined
COMMAND: POST /session/8068150991763542753e5d368f2e808c/execute/async - {"script":"<script> [776 bytes]","args":[{"enterText":"10001013","selector":{"controlType":"sap.m.SearchField","properties":{"placeholder":"Search"},"searchOpenDialogs":true,"interaction":{"idSuffix":"I"}},"clearTextFirst":true,"interactionType":"ENTER_TEXT"}]}
RESULT: {"script":"<script> [776 bytes]","args":[{"enterText":"10001013","selector":{"controlType":"sap.m.SearchField","properties":{"placeholder":"Search"},"searchOpenDialogs":true,"interaction":{"idSuffix":"I"}},"clearTextFirst":true,"interactionType":"ENTER_TEXT"}]}
COMMAND: POST /session/8068150991763542753e5d368f2e808c/actions - {"actions":[{"id":"action15","type":"key","parameters":{},"actions":[{"type":"keyDown","value":""},{"type":"pause","duration":10},{"type":"keyUp","value":""}]}]}
RESULT: {"actions":[{"id":"action15","type":"key","parameters":{},"actions":[{"type":"keyDown","value":""},{"type":"pause","duration":10},{"type":"keyUp","value":""}]}]}
COMMAND: GET /session/8068150991763542753e5d368f2e808c/screenshot - {}
RESULT: {}
COMMAND: POST /session/8068150991763542753e5d368f2e808c/element - {"using":"xpath","value":"//span[contains(text(), \"General Management\")]"}
RESULT: {"using":"xpath","value":"//span[contains(text(), \"General Management\")]"}
COMMAND: POST /session/8068150991763542753e5d368f2e808c/element/f.7F1AC3273160C970B6304C41D413DEA3.d.4619B8D77B08EE3BAEFA063E57A63B1F.e.4691/click - {}
RESULT: {}
COMMAND: GET /session/8068150991763542753e5d368f2e808c/screenshot - {}
RESULT: {}
COMMAND: POST /session/8068150991763542753e5d368f2e808c/element - {"using":"xpath","value":"//bdi[contains(text(), \"OK\")]"}
RESULT: {"using":"xpath","value":"//bdi[contains(text(), \"OK\")]"}
COMMAND: POST /session/8068150991763542753e5d368f2e808c/element/f.7F1AC3273160C970B6304C41D413DEA3.d.4619B8D77B08EE3BAEFA063E57A63B1F.e.4692/click - {}
RESULT: {}
COMMAND: GET /session/8068150991763542753e5d368f2e808c/screenshot - {}
RESULT: {}
COMMAND: POST /session/8068150991763542753e5d368f2e808c/element - {"using":"xpath","value":"//input[@id=\"application-managesites-display-component---NewSite--addressDetailDetailsCalendar-inner\"]"}
RESULT: {"using":"xpath","value":"//input[@id=\"application-managesites-display-component---NewSite--addressDetailDetailsCalendar-inner\"]"}
COMMAND: POST /session/8068150991763542753e5d368f2e808c/element/f.7F1AC3273160C970B6304C41D413DEA3.d.4619B8D77B08EE3BAEFA063E57A63B1F.e.4437/clear - {}
RESULT: {}
COMMAND: POST /session/8068150991763542753e5d368f2e808c/element/f.7F1AC3273160C970B6304C41D413DEA3.d.4619B8D77B08EE3BAEFA063E57A63B1F.e.4437/value - {"text":"Unit"}
COMMAND: GET /session/8068150991763542753e5d368f2e808c/screenshot - {}
RESULT: {"text":"Unit"}
COMMAND: GET /session/8068150991763542753e5d368f2e808c/screenshot - {}
RESULT: {}
RESULT: {}
COMMAND: POST /session/8068150991763542753e5d368f2e808c/actions - {"actions":[{"id":"action16","type":"key","parameters":{},"actions":[{"type":"keyDown","value":""},{"type":"pause","duration":10},{"type":"keyUp","value":""}]}]}
RESULT: {"actions":[{"id":"action16","type":"key","parameters":{},"actions":[{"type":"keyDown","value":""},{"type":"pause","duration":10},{"type":"keyUp","value":""}]}]}
COMMAND: POST /session/8068150991763542753e5d368f2e808c/element - {"using":"xpath","value":"//input[@id=\"application-managesites-display-component---NewSite--addressDetailDetailsYard-inner\"]"}
COMMAND: GET /session/8068150991763542753e5d368f2e808c/screenshot - {}
RESULT: {"using":"xpath","value":"//input[@id=\"application-managesites-display-component---NewSite--addressDetailDetailsYard-inner\"]"}
COMMAND: POST /session/8068150991763542753e5d368f2e808c/element/f.7F1AC3273160C970B6304C41D413DEA3.d.4619B8D77B08EE3BAEFA063E57A63B1F.e.4438/clear - {}
RESULT: {}
RESULT: {}
COMMAND: POST /session/8068150991763542753e5d368f2e808c/element/f.7F1AC3273160C970B6304C41D413DEA3.d.4619B8D77B08EE3BAEFA063E57A63B1F.e.4438/value - {"text":"554"}
COMMAND: GET /session/8068150991763542753e5d368f2e808c/screenshot - {}
RESULT: {"text":"554"}
COMMAND: GET /session/8068150991763542753e5d368f2e808c/screenshot - {}
RESULT: {}
RESULT: {}
COMMAND: POST /session/8068150991763542753e5d368f2e808c/element - {"using":"xpath","value":"//li[.//span[text()='554']]"}
RESULT: {"using":"xpath","value":"//li[.//span[text()='554']]"}
COMMAND: POST /session/8068150991763542753e5d368f2e808c/element/f.7F1AC3273160C970B6304C41D413DEA3.d.4619B8D77B08EE3BAEFA063E57A63B1F.e.4700/click - {}
RESULT: {}
COMMAND: GET /session/8068150991763542753e5d368f2e808c/screenshot - {}
RESULT: {}
COMMAND: POST /session/8068150991763542753e5d368f2e808c/element - {"using":"xpath","value":"//input[@id=\"application-managesites-display-component---NewSite--addressDetailDetailsPartner-inner\"]"}
RESULT: {"using":"xpath","value":"//input[@id=\"application-managesites-display-component---NewSite--addressDetailDetailsPartner-inner\"]"}
COMMAND: POST /session/8068150991763542753e5d368f2e808c/element - {"using":"xpath","value":"//input[@id=\"application-managesites-display-component---NewSite--addressDetailDetailsPartner-inner\"]"}
RESULT: {"using":"xpath","value":"//input[@id=\"application-managesites-display-component---NewSite--addressDetailDetailsPartner-inner\"]"}
COMMAND: POST /session/8068150991763542753e5d368f2e808c/element - {"using":"xpath","value":"//button[@data-kt=\"saveButton\"]"}
RESULT: {"using":"xpath","value":"//button[@data-kt=\"saveButton\"]"}
COMMAND: POST /session/8068150991763542753e5d368f2e808c/element/f.7F1AC3273160C970B6304C41D413DEA3.d.4619B8D77B08EE3BAEFA063E57A63B1F.e.4623/click - {}
RESULT: {}
COMMAND: GET /session/8068150991763542753e5d368f2e808c/screenshot - {}
RESULT: {}
COMMAND: POST /session/8068150991763542753e5d368f2e808c/element - {"using":"xpath","value":"//header[contains(@id, 'ObjectPageLayout-headerTitle')]/div[1]/div[2]/div[2]/span[1]"}
RESULT: {"using":"xpath","value":"//header[contains(@id, 'ObjectPageLayout-headerTitle')]/div[1]/div[2]/div[2]/span[1]"}
COMMAND: POST /session/8068150991763542753e5d368f2e808c/elements - {"using":"xpath","value":"//header[contains(@id, 'ObjectPageLayout-headerTitle')]/div[1]/div[2]/div[2]/span[1]"}
RESULT: {"using":"xpath","value":"//header[contains(@id, 'ObjectPageLayout-headerTitle')]/div[1]/div[2]/div[2]/span[1]"}
COMMAND: POST /session/8068150991763542753e5d368f2e808c/execute/sync - {"script":"<script> [56 bytes]","args":[{"element-6066-11e4-a52e-4f735466cecf":"f.7F1AC3273160C970B6304C41D413DEA3.d.4619B8D77B08EE3BAEFA063E57A63B1F.e.4904","ELEMENT":"f.7F1AC3273160C970B6304C41D413DEA3.d.4619B8D77B08EE3BAEFA063E57A63B1F.e.4904"}]}
RESULT: {"script":"<script> [56 bytes]","args":[{"element-6066-11e4-a52e-4f735466cecf":"f.7F1AC3273160C970B6304C41D413DEA3.d.4619B8D77B08EE3BAEFA063E57A63B1F.e.4904","ELEMENT":"f.7F1AC3273160C970B6304C41D413DEA3.d.4619B8D77B08EE3BAEFA063E57A63B1F.e.4904"}]}
COMMAND: POST /session/8068150991763542753e5d368f2e808c/element - {"using":"css selector","value":"#shell-header-logo"}
COMMAND: GET /session/8068150991763542753e5d368f2e808c/screenshot - {}
RESULT: {"using":"css selector","value":"#shell-header-logo"}
COMMAND: POST /session/8068150991763542753e5d368f2e808c/element/f.7F1AC3273160C970B6304C41D413DEA3.d.4619B8D77B08EE3BAEFA063E57A63B1F.e.3963/click - {}
RESULT: {}
RESULT: {}
COMMAND: GET /session/8068150991763542753e5d368f2e808c/screenshot - {}
RESULT: {}
COMMAND: POST /session/8068150991763542753e5d368f2e808c/execute/sync - {"script":"<script> [299 bytes]","args":[["getModel","getResource"]]}
RESULT: {"script":"<script> [299 bytes]","args":[["getModel","getResource"]]}
COMMAND: POST /session/8068150991763542753e5d368f2e808c/actions - {"actions":[{"id":"action17","type":"key","parameters":{},"actions":[{"type":"keyDown","value":""},{"type":"pause","duration":10},{"type":"keyUp","value":""}]}]}
COMMAND: GET /session/8068150991763542753e5d368f2e808c/screenshot - {}
RESULT: {"actions":[{"id":"action17","type":"key","parameters":{},"actions":[{"type":"keyDown","value":""},{"type":"pause","duration":10},{"type":"keyUp","value":""}]}]}
COMMAND: GET /session/8068150991763542753e5d368f2e808c/screenshot - {}
RESULT: {}
RESULT: {}
COMMAND: POST /session/8068150991763542753e5d368f2e808c/refresh - {}
RESULT: {}
COMMAND: GET /session/8068150991763542753e5d368f2e808c/screenshot - {}
RESULT: {}
COMMAND: POST /session/8068150991763542753e5d368f2e808c/refresh - {}
RESULT: {}
COMMAND: GET /session/8068150991763542753e5d368f2e808c/screenshot - {}
RESULT: {}
COMMAND: POST /session/8068150991763542753e5d368f2e808c/window/fullscreen - {}
RESULT: {}
COMMAND: POST /session/8068150991763542753e5d368f2e808c/execute/async - {"script":"<script> [189 bytes]","args":[]}
RESULT: {"script":"<script> [189 bytes]","args":[]}
COMMAND: POST /session/8068150991763542753e5d368f2e808c/execute/async - {"script":"<script> [123 bytes]","args":[]}
RESULT: {"script":"<script> [123 bytes]","args":[]}
COMMAND: POST /session/8068150991763542753e5d368f2e808c/timeouts - {"script":"<number>"}
RESULT: {"script":"<number>"}
COMMAND: GET /session/8068150991763542753e5d368f2e808c/timeouts - {}
RESULT: {}
RESULT: undefined
COMMAND: POST /session/8068150991763542753e5d368f2e808c/execute/async - {"script":"<script> [2676 bytes]","args":[]}
RESULT: {"script":"<script> [2676 bytes]","args":[]}
COMMAND: POST /session/8068150991763542753e5d368f2e808c/execute/async - {"script":"<script> [2342 bytes]","args":[{"protocol":"http","hostname":"0.0.0.0","path":"/","capabilities":{"browserName":"chrome","goog:chromeOptions":{"binary":"C:\\Program Files\\Google\\Chrome\\Application\\chrome.exe","args":["--start-maximized"]}},"logLevel":"warn","connectionRetryTimeout":120000,"connectionRetryCount":3,"logLevels":{},"enableDirectConnect":true,"strictSSL":true,"_":"65 more keys: [\"cacheDir\",\"port\",\"requestedCapabilities\",\"automationProtocol\",\"baseUrl\",\"waitforInterval\",\"waitforTimeout\",\"onReload\",\"beforeCommand\",\"afterCommand\",\"rootDir\",\"specs\",\"suites\",\"exclude\",\"groupLogsByTestSpec\",\"excludeDriverLogs\",\"bail\",\"framework\",\"reporters\",\"services\",\"maxInstances\",\"maxInstancesPerCapability\",\"injectGlobals\",\"filesToWatch\",\"execArgv\",\"runnerEnv\",\"runner\",\"shard\",\"specFileRetries\",\"specFileRetriesDelay\",\"specFileRetriesDeferred\",\"reporterSyncInterval\",\"reporterSyncTimeout\",\"cucumberFeaturesWithLineNumbers\",\"autoCompileOpts\",\"mochaOpts\",\"jasmineOpts\",\"cucumberOpts\",\"onPrepare\",\"onWorkerStart\",\"onWorkerEnd\",\"before\",\"beforeSession\",\"beforeSuite\",\"beforeHook\",\"beforeTest\",\"afterTest\",\"afterHook\",\"afterSuite\",\"afterSession\",\"after\",\"onComplete\",\"beforeAssertion\",\"afterAssertion\",\"beforeFeature\",\"beforeScenario\",\"beforeStep\",\"afterStep\",\"afterScenario\",\"afterFeature\",\"_\",\"suite\",\"$0\",\"ignoredWorkerServices\",\"wdi5\"]"}]}
RESULT: {"script":"<script> [2342 bytes]","args":[{"protocol":"http","hostname":"0.0.0.0","path":"/","capabilities":{"browserName":"chrome","goog:chromeOptions":{"binary":"C:\\Program Files\\Google\\Chrome\\Application\\chrome.exe","args":["--start-maximized"]}},"logLevel":"warn","connectionRetryTimeout":120000,"connectionRetryCount":3,"logLevels":{},"enableDirectConnect":true,"strictSSL":true,"_":"65 more keys: [\"cacheDir\",\"port\",\"requestedCapabilities\",\"automationProtocol\",\"baseUrl\",\"waitforInterval\",\"waitforTimeout\",\"onReload\",\"beforeCommand\",\"afterCommand\",\"rootDir\",\"specs\",\"suites\",\"exclude\",\"groupLogsByTestSpec\",\"excludeDriverLogs\",\"bail\",\"framework\",\"reporters\",\"services\",\"maxInstances\",\"maxInstancesPerCapability\",\"injectGlobals\",\"filesToWatch\",\"execArgv\",\"runnerEnv\",\"runner\",\"shard\",\"specFileRetries\",\"specFileRetriesDelay\",\"specFileRetriesDeferred\",\"reporterSyncInterval\",\"reporterSyncTimeout\",\"cucumberFeaturesWithLineNumbers\",\"autoCompileOpts\",\"mochaOpts\",\"jasmineOpts\",\"cucumberOpts\",\"onPrepare\",\"onWorkerStart\",\"onWorkerEnd\",\"before\",\"beforeSession\",\"beforeSuite\",\"beforeHook\",\"beforeTest\",\"afterTest\",\"afterHook\",\"afterSuite\",\"afterSession\",\"after\",\"onComplete\",\"beforeAssertion\",\"afterAssertion\",\"beforeFeature\",\"beforeScenario\",\"beforeStep\",\"afterStep\",\"afterScenario\",\"afterFeature\",\"_\",\"suite\",\"$0\",\"ignoredWorkerServices\",\"wdi5\"]"}]}
COMMAND: POST /session/8068150991763542753e5d368f2e808c/execute/async - {"script":"<script> [21126 bytes]","args":[35000]}
RESULT: {"script":"<script> [21126 bytes]","args":[35000]}
COMMAND: POST /session/8068150991763542753e5d368f2e808c/window/fullscreen - {}
RESULT: {}
]]></system-out>
    </testcase>
    <testcase classname="chrome.136_0_7103_93.windows.Edit_and_delete_daily_price_US134629_US134627" name="Should go to Manage Conditions Daily Price and add the 2 rows one with yard site and one with yard" time="75.87">
      <system-out><![CDATA[
COMMAND: POST /session/8068150991763542753e5d368f2e808c/execute/async - {"script":"<script> [1562 bytes]","args":[{"selector":{"controlType":"sap.m.GenericTile","properties":{"header":"Manage Conditions & Prices"}},"wdio_ui5_key":"sapm.GenericTile{\"header\":\"Manage Conditions & Prices\"}"}]}
RESULT: {"script":"<script> [1562 bytes]","args":[{"selector":{"controlType":"sap.m.GenericTile","properties":{"header":"Manage Conditions & Prices"}},"wdio_ui5_key":"sapm.GenericTile{\"header\":\"Manage Conditions & Prices\"}"}]}
RESULT: undefined
COMMAND: POST /session/8068150991763542753e5d368f2e808c/element - {"using":"xpath","value":"//*[@id=\"__tile93\"]"}
RESULT: {"using":"xpath","value":"//*[@id=\"__tile93\"]"}
COMMAND: POST /session/8068150991763542753e5d368f2e808c/element/f.7F1AC3273160C970B6304C41D413DEA3.d.CDC095B3059E232F24D2D2AB8BB09C69.e.5039/click - {}
RESULT: {}
COMMAND: GET /session/8068150991763542753e5d368f2e808c/screenshot - {}
RESULT: {}
COMMAND: POST /session/8068150991763542753e5d368f2e808c/elements - {"using":"xpath","value":"//span[text()='Error']"}
RESULT: {"using":"xpath","value":"//span[text()='Error']"}
COMMAND: POST /session/8068150991763542753e5d368f2e808c/element - {"using":"xpath","value":"//button[@aria-label=\"Create\"]"}
RESULT: {"using":"xpath","value":"//button[@aria-label=\"Create\"]"}
COMMAND: POST /session/8068150991763542753e5d368f2e808c/elements - {"using":"xpath","value":"//button[@aria-label=\"Create\"]"}
RESULT: {"using":"xpath","value":"//button[@aria-label=\"Create\"]"}
COMMAND: POST /session/8068150991763542753e5d368f2e808c/elements - {"using":"xpath","value":"//button[@aria-label=\"Create\"]"}
RESULT: {"using":"xpath","value":"//button[@aria-label=\"Create\"]"}
COMMAND: POST /session/8068150991763542753e5d368f2e808c/element - {"using":"xpath","value":"//button[@aria-label=\"Create\"]"}
RESULT: {"using":"xpath","value":"//button[@aria-label=\"Create\"]"}
COMMAND: POST /session/8068150991763542753e5d368f2e808c/element/f.7F1AC3273160C970B6304C41D413DEA3.d.CDC095B3059E232F24D2D2AB8BB09C69.e.5082/click - {}
RESULT: {}
COMMAND: GET /session/8068150991763542753e5d368f2e808c/screenshot - {}
COMMAND: POST /session/8068150991763542753e5d368f2e808c/actions - {"actions":[{"id":"action18","type":"key","parameters":{},"actions":[{"type":"keyDown","value":""},{"type":"pause","duration":10},{"type":"keyUp","value":""}]}]}
RESULT: {}
RESULT: {"actions":[{"id":"action18","type":"key","parameters":{},"actions":[{"type":"keyDown","value":""},{"type":"pause","duration":10},{"type":"keyUp","value":""}]}]}
COMMAND: POST /session/8068150991763542753e5d368f2e808c/actions - {"actions":[{"id":"action19","type":"key","parameters":{},"actions":[{"type":"keyDown","value":""},{"type":"pause","duration":10},{"type":"keyUp","value":""}]}]}
COMMAND: GET /session/8068150991763542753e5d368f2e808c/screenshot - {}
RESULT: {"actions":[{"id":"action19","type":"key","parameters":{},"actions":[{"type":"keyDown","value":""},{"type":"pause","duration":10},{"type":"keyUp","value":""}]}]}
COMMAND: POST /session/8068150991763542753e5d368f2e808c/execute/async - {"script":"<script> [1562 bytes]","args":[{"selector":{"controlType":"sap.m.Title","viewName":"etm.portal.ui.manageconditionprice.view.DailyPrices","viewId":"application-manageconditionprice-display-component---dailyPrices","i18NText":{"propertyName":"text","key":"dailyPrices"}},"wdio_ui5_key":"etmportal.ui.manageconditionprice.view.DailyPricessap.m.Title{\"propertyName\":\"text\",\"key\":\"dailyPrices\"}"}]}
COMMAND: GET /session/8068150991763542753e5d368f2e808c/screenshot - {}
RESULT: {}
RESULT: {"script":"<script> [1562 bytes]","args":[{"selector":{"controlType":"sap.m.Title","viewName":"etm.portal.ui.manageconditionprice.view.DailyPrices","viewId":"application-manageconditionprice-display-component---dailyPrices","i18NText":{"propertyName":"text","key":"dailyPrices"}},"wdio_ui5_key":"etmportal.ui.manageconditionprice.view.DailyPricessap.m.Title{\"propertyName\":\"text\",\"key\":\"dailyPrices\"}"}]}
RESULT: undefined
COMMAND: POST /session/8068150991763542753e5d368f2e808c/execute/async - {"script":"<script> [6424 bytes]","args":[{"element-6066-11e4-a52e-4f735466cecf":"f.7F1AC3273160C970B6304C41D413DEA3.d.CDC095B3059E232F24D2D2AB8BB09C69.e.5462"},"getText",[]]}
RESULT: {}
RESULT: {"script":"<script> [6424 bytes]","args":[{"element-6066-11e4-a52e-4f735466cecf":"f.7F1AC3273160C970B6304C41D413DEA3.d.CDC095B3059E232F24D2D2AB8BB09C69.e.5462"},"getText",[]]}
COMMAND: POST /session/8068150991763542753e5d368f2e808c/execute/async - {"script":"<script> [1562 bytes]","args":[{"selector":{"id":"application-manageconditionprice-display-component---dailyPrices--condBillCond","interaction":{"idSuffix":"inner"}},"wdio_ui5_key":"applicationmanageconditionprice-display-component---dailyPrices--condBillCond"}]}
RESULT: {"script":"<script> [1562 bytes]","args":[{"selector":{"id":"application-manageconditionprice-display-component---dailyPrices--condBillCond","interaction":{"idSuffix":"inner"}},"wdio_ui5_key":"applicationmanageconditionprice-display-component---dailyPrices--condBillCond"}]}
RESULT: undefined
COMMAND: POST /session/8068150991763542753e5d368f2e808c/execute/async - {"script":"<script> [776 bytes]","args":[{"enterText":"Residual Value %","selector":{"id":"application-manageconditionprice-display-component---dailyPrices--condBillCond","interaction":{"idSuffix":"inner"}},"clearTextFirst":true,"interactionType":"ENTER_TEXT"}]}
RESULT: {"script":"<script> [776 bytes]","args":[{"enterText":"Residual Value %","selector":{"id":"application-manageconditionprice-display-component---dailyPrices--condBillCond","interaction":{"idSuffix":"inner"}},"clearTextFirst":true,"interactionType":"ENTER_TEXT"}]}
COMMAND: POST /session/8068150991763542753e5d368f2e808c/execute/async - {"script":"<script> [1562 bytes]","args":[{"selector":{"controlType":"sap.m.StandardListItem","viewName":"etm.portal.ui.manageconditionprice.view.DailyPrices","viewId":"application-manageconditionprice-display-component---dailyPrices","properties":{"type":"Active"},"searchOpenDialogs":true,"interaction":{"idSuffix":"titleText"}},"wdio_ui5_key":"etmportal.ui.manageconditionprice.view.DailyPricessap.m.StandardListItem{\"type\":\"Active\"}"}]}
RESULT: {"script":"<script> [1562 bytes]","args":[{"selector":{"controlType":"sap.m.StandardListItem","viewName":"etm.portal.ui.manageconditionprice.view.DailyPrices","viewId":"application-manageconditionprice-display-component---dailyPrices","properties":{"type":"Active"},"searchOpenDialogs":true,"interaction":{"idSuffix":"titleText"}},"wdio_ui5_key":"etmportal.ui.manageconditionprice.view.DailyPricessap.m.StandardListItem{\"type\":\"Active\"}"}]}
RESULT: undefined
COMMAND: POST /session/8068150991763542753e5d368f2e808c/element - {"using":"xpath","value":"//*[@id=\"__item42\"]"}
RESULT: {"using":"xpath","value":"//*[@id=\"__item42\"]"}
COMMAND: POST /session/8068150991763542753e5d368f2e808c/element/f.7F1AC3273160C970B6304C41D413DEA3.d.CDC095B3059E232F24D2D2AB8BB09C69.e.5466/click - {}
RESULT: {}
COMMAND: POST /session/8068150991763542753e5d368f2e808c/execute/async - {"script":"<script> [1562 bytes]","args":[{"selector":{"id":"application-manageconditionprice-display-component---dailyPrices--editBtn","interaction":{"idSuffix":"BDI-content"}},"wdio_ui5_key":"applicationmanageconditionprice-display-component---dailyPrices--editBtn"}]}
COMMAND: GET /session/8068150991763542753e5d368f2e808c/screenshot - {}
RESULT: {"script":"<script> [1562 bytes]","args":[{"selector":{"id":"application-manageconditionprice-display-component---dailyPrices--editBtn","interaction":{"idSuffix":"BDI-content"}},"wdio_ui5_key":"applicationmanageconditionprice-display-component---dailyPrices--editBtn"}]}
RESULT: undefined
COMMAND: POST /session/8068150991763542753e5d368f2e808c/element - {"using":"xpath","value":"//*[@id=\"application-manageconditionprice-display-component---dailyPrices--editBtn\"]"}
RESULT: {}
RESULT: {"using":"xpath","value":"//*[@id=\"application-manageconditionprice-display-component---dailyPrices--editBtn\"]"}
COMMAND: POST /session/8068150991763542753e5d368f2e808c/element/f.7F1AC3273160C970B6304C41D413DEA3.d.CDC095B3059E232F24D2D2AB8BB09C69.e.5464/click - {}
RESULT: {}
COMMAND: POST /session/8068150991763542753e5d368f2e808c/execute/async - {"script":"<script> [1562 bytes]","args":[{"selector":{"controlType":"sap.m.Button","viewName":"etm.portal.ui.manageconditionprice.view.DailyPrices","viewId":"application-manageconditionprice-display-component---dailyPrices","i18NText":{"propertyName":"text","key":"add"},"interaction":{"idSuffix":"BDI-content"}},"wdio_ui5_key":"etmportal.ui.manageconditionprice.view.DailyPricessap.m.Button{\"propertyName\":\"text\",\"key\":\"add\"}"}]}
COMMAND: GET /session/8068150991763542753e5d368f2e808c/screenshot - {}
RESULT: {"script":"<script> [1562 bytes]","args":[{"selector":{"controlType":"sap.m.Button","viewName":"etm.portal.ui.manageconditionprice.view.DailyPrices","viewId":"application-manageconditionprice-display-component---dailyPrices","i18NText":{"propertyName":"text","key":"add"},"interaction":{"idSuffix":"BDI-content"}},"wdio_ui5_key":"etmportal.ui.manageconditionprice.view.DailyPricessap.m.Button{\"propertyName\":\"text\",\"key\":\"add\"}"}]}
RESULT: undefined
COMMAND: POST /session/8068150991763542753e5d368f2e808c/element - {"using":"xpath","value":"//*[@id=\"__button6\"]"}
RESULT: {}
RESULT: {"using":"xpath","value":"//*[@id=\"__button6\"]"}
COMMAND: POST /session/8068150991763542753e5d368f2e808c/element/f.7F1AC3273160C970B6304C41D413DEA3.d.CDC095B3059E232F24D2D2AB8BB09C69.e.5474/click - {}
RESULT: {}
COMMAND: POST /session/8068150991763542753e5d368f2e808c/elements - {"using":"css selector","value":"table tr"}
COMMAND: GET /session/8068150991763542753e5d368f2e808c/screenshot - {}
RESULT: {"using":"css selector","value":"table tr"}
COMMAND: POST /session/8068150991763542753e5d368f2e808c/element/f.7F1AC3273160C970B6304C41D413DEA3.d.CDC095B3059E232F24D2D2AB8BB09C69.e.5672/elements - {"using":"css selector","value":"input"}
RESULT: {}
RESULT: {"using":"css selector","value":"input"}
COMMAND: POST /session/8068150991763542753e5d368f2e808c/element/f.7F1AC3273160C970B6304C41D413DEA3.d.CDC095B3059E232F24D2D2AB8BB09C69.e.5675/clear - {}
COMMAND: POST /session/8068150991763542753e5d368f2e808c/element/f.7F1AC3273160C970B6304C41D413DEA3.d.CDC095B3059E232F24D2D2AB8BB09C69.e.5673/clear - {}
COMMAND: POST /session/8068150991763542753e5d368f2e808c/element/f.7F1AC3273160C970B6304C41D413DEA3.d.CDC095B3059E232F24D2D2AB8BB09C69.e.5676/clear - {}
COMMAND: POST /session/8068150991763542753e5d368f2e808c/element/f.7F1AC3273160C970B6304C41D413DEA3.d.CDC095B3059E232F24D2D2AB8BB09C69.e.5674/clear - {}
COMMAND: POST /session/8068150991763542753e5d368f2e808c/element/f.7F1AC3273160C970B6304C41D413DEA3.d.CDC095B3059E232F24D2D2AB8BB09C69.e.5672/elements - {"using":"css selector","value":"td"}
RESULT: {}
COMMAND: POST /session/8068150991763542753e5d368f2e808c/element/f.7F1AC3273160C970B6304C41D413DEA3.d.CDC095B3059E232F24D2D2AB8BB09C69.e.5675/value - {"text":"705.60"}
COMMAND: GET /session/8068150991763542753e5d368f2e808c/screenshot - {}
RESULT: {}
COMMAND: POST /session/8068150991763542753e5d368f2e808c/element/f.7F1AC3273160C970B6304C41D413DEA3.d.CDC095B3059E232F24D2D2AB8BB09C69.e.5673/value - {"text":"06/01/25"}
RESULT: {}
COMMAND: POST /session/8068150991763542753e5d368f2e808c/element/f.7F1AC3273160C970B6304C41D413DEA3.d.CDC095B3059E232F24D2D2AB8BB09C69.e.5676/value - {"text":"Euro"}
COMMAND: GET /session/8068150991763542753e5d368f2e808c/screenshot - {}
COMMAND: GET /session/8068150991763542753e5d368f2e808c/screenshot - {}
RESULT: {"text":"705.60"}
COMMAND: GET /session/8068150991763542753e5d368f2e808c/screenshot - {}
RESULT: {}
COMMAND: POST /session/8068150991763542753e5d368f2e808c/element/f.7F1AC3273160C970B6304C41D413DEA3.d.CDC095B3059E232F24D2D2AB8BB09C69.e.5674/value - {"text":"11/01/25"}
COMMAND: GET /session/8068150991763542753e5d368f2e808c/screenshot - {}
RESULT: {"text":"06/01/25"}
COMMAND: GET /session/8068150991763542753e5d368f2e808c/screenshot - {}
RESULT: {"text":"Euro"}
RESULT: {"using":"css selector","value":"td"}
COMMAND: POST /session/8068150991763542753e5d368f2e808c/element - {"using":"xpath","value":".//li[contains(., \"2302\") and not(.//li)]"}
COMMAND: POST /session/8068150991763542753e5d368f2e808c/element/f.7F1AC3273160C970B6304C41D413DEA3.d.CDC095B3059E232F24D2D2AB8BB09C69.e.5694/element - {"using":"css selector","value":"input"}
COMMAND: POST /session/8068150991763542753e5d368f2e808c/element/f.7F1AC3273160C970B6304C41D413DEA3.d.CDC095B3059E232F24D2D2AB8BB09C69.e.5694/element - {"using":"css selector","value":"input"}
COMMAND: GET /session/8068150991763542753e5d368f2e808c/screenshot - {}
RESULT: {}
RESULT: {}
RESULT: {}
RESULT: {}
RESULT: {"text":"11/01/25"}
COMMAND: GET /session/8068150991763542753e5d368f2e808c/screenshot - {}
RESULT: {}
RESULT: {}
RESULT: {"using":"css selector","value":"input"}
COMMAND: POST /session/8068150991763542753e5d368f2e808c/element/f.7F1AC3273160C970B6304C41D413DEA3.d.CDC095B3059E232F24D2D2AB8BB09C69.e.5677/clear - {}
RESULT: {"using":"css selector","value":"input"}
COMMAND: POST /session/8068150991763542753e5d368f2e808c/element/f.7F1AC3273160C970B6304C41D413DEA3.d.CDC095B3059E232F24D2D2AB8BB09C69.e.5677/click - {}
RESULT: {"using":"xpath","value":".//li[contains(., \"2302\") and not(.//li)]"}
RESULT: {}
RESULT: {}
RESULT: {}
COMMAND: POST /session/8068150991763542753e5d368f2e808c/element/f.7F1AC3273160C970B6304C41D413DEA3.d.CDC095B3059E232F24D2D2AB8BB09C69.e.5677/value - {"text":"2302"}
COMMAND: GET /session/8068150991763542753e5d368f2e808c/screenshot - {}
RESULT: {}
COMMAND: GET /session/8068150991763542753e5d368f2e808c/screenshot - {}
RESULT: {"text":"2302"}
COMMAND: GET /session/8068150991763542753e5d368f2e808c/screenshot - {}
RESULT: {}
COMMAND: POST /session/8068150991763542753e5d368f2e808c/elements - {"using":"xpath","value":".//li[contains(., \"2302\") and not(.//li)]"}
RESULT: {}
RESULT: {}
RESULT: {"using":"xpath","value":".//li[contains(., \"2302\") and not(.//li)]"}
COMMAND: POST /session/8068150991763542753e5d368f2e808c/element - {"using":"xpath","value":".//li[contains(., \"2302\") and not(.//li)]"}
RESULT: {"using":"xpath","value":".//li[contains(., \"2302\") and not(.//li)]"}
COMMAND: POST /session/8068150991763542753e5d368f2e808c/element/f.7F1AC3273160C970B6304C41D413DEA3.d.CDC095B3059E232F24D2D2AB8BB09C69.e.5700/click - {}
RESULT: {}
COMMAND: POST /session/8068150991763542753e5d368f2e808c/element/f.7F1AC3273160C970B6304C41D413DEA3.d.CDC095B3059E232F24D2D2AB8BB09C69.e.5695/element - {"using":"css selector","value":"input"}
COMMAND: GET /session/8068150991763542753e5d368f2e808c/screenshot - {}
RESULT: {"using":"css selector","value":"input"}
COMMAND: POST /session/8068150991763542753e5d368f2e808c/element/f.7F1AC3273160C970B6304C41D413DEA3.d.CDC095B3059E232F24D2D2AB8BB09C69.e.5678/click - {}
RESULT: {}
RESULT: {}
COMMAND: GET /session/8068150991763542753e5d368f2e808c/screenshot - {}
RESULT: {}
COMMAND: POST /session/8068150991763542753e5d368f2e808c/element/f.7F1AC3273160C970B6304C41D413DEA3.d.CDC095B3059E232F24D2D2AB8BB09C69.e.5695/element - {"using":"css selector","value":"input"}
RESULT: {"using":"css selector","value":"input"}
COMMAND: POST /session/8068150991763542753e5d368f2e808c/element/f.7F1AC3273160C970B6304C41D413DEA3.d.CDC095B3059E232F24D2D2AB8BB09C69.e.5678/clear - {}
RESULT: {}
COMMAND: POST /session/8068150991763542753e5d368f2e808c/element/f.7F1AC3273160C970B6304C41D413DEA3.d.CDC095B3059E232F24D2D2AB8BB09C69.e.5678/value - {"text":"554"}
COMMAND: GET /session/8068150991763542753e5d368f2e808c/screenshot - {}
RESULT: {"text":"554"}
COMMAND: GET /session/8068150991763542753e5d368f2e808c/screenshot - {}
RESULT: {}
RESULT: {}
COMMAND: POST /session/8068150991763542753e5d368f2e808c/element - {"using":"xpath","value":".//li[contains(., \"554\") and not(.//li)]"}
RESULT: {"using":"xpath","value":".//li[contains(., \"554\") and not(.//li)]"}
COMMAND: POST /session/8068150991763542753e5d368f2e808c/element/f.7F1AC3273160C970B6304C41D413DEA3.d.CDC095B3059E232F24D2D2AB8BB09C69.e.5701/click - {}
RESULT: {}
RESULT: undefined
COMMAND: POST /session/8068150991763542753e5d368f2e808c/element - {"using":"xpath","value":"//*[@id=\"__button6\"]"}
COMMAND: GET /session/8068150991763542753e5d368f2e808c/screenshot - {}
RESULT: {"using":"xpath","value":"//*[@id=\"__button6\"]"}
COMMAND: POST /session/8068150991763542753e5d368f2e808c/element/f.7F1AC3273160C970B6304C41D413DEA3.d.CDC095B3059E232F24D2D2AB8BB09C69.e.5474/click - {}
RESULT: {}
RESULT: {}
COMMAND: POST /session/8068150991763542753e5d368f2e808c/elements - {"using":"css selector","value":"table tr"}
COMMAND: GET /session/8068150991763542753e5d368f2e808c/screenshot - {}
RESULT: {"using":"css selector","value":"table tr"}
COMMAND: POST /session/8068150991763542753e5d368f2e808c/element/f.7F1AC3273160C970B6304C41D413DEA3.d.CDC095B3059E232F24D2D2AB8BB09C69.e.5703/elements - {"using":"css selector","value":"input"}
RESULT: {}
RESULT: {"using":"css selector","value":"input"}
COMMAND: POST /session/8068150991763542753e5d368f2e808c/element/f.7F1AC3273160C970B6304C41D413DEA3.d.CDC095B3059E232F24D2D2AB8BB09C69.e.5706/clear - {}
COMMAND: POST /session/8068150991763542753e5d368f2e808c/element/f.7F1AC3273160C970B6304C41D413DEA3.d.CDC095B3059E232F24D2D2AB8BB09C69.e.5704/clear - {}
COMMAND: POST /session/8068150991763542753e5d368f2e808c/element/f.7F1AC3273160C970B6304C41D413DEA3.d.CDC095B3059E232F24D2D2AB8BB09C69.e.5707/clear - {}
COMMAND: POST /session/8068150991763542753e5d368f2e808c/element/f.7F1AC3273160C970B6304C41D413DEA3.d.CDC095B3059E232F24D2D2AB8BB09C69.e.5705/clear - {}
RESULT: {}
COMMAND: POST /session/8068150991763542753e5d368f2e808c/element/f.7F1AC3273160C970B6304C41D413DEA3.d.CDC095B3059E232F24D2D2AB8BB09C69.e.5706/value - {"text":"99.5"}
COMMAND: GET /session/8068150991763542753e5d368f2e808c/screenshot - {}
RESULT: {}
COMMAND: POST /session/8068150991763542753e5d368f2e808c/element/f.7F1AC3273160C970B6304C41D413DEA3.d.CDC095B3059E232F24D2D2AB8BB09C69.e.5707/value - {"text":"US Dollar"}
COMMAND: GET /session/8068150991763542753e5d368f2e808c/screenshot - {}
RESULT: {}
COMMAND: POST /session/8068150991763542753e5d368f2e808c/element/f.7F1AC3273160C970B6304C41D413DEA3.d.CDC095B3059E232F24D2D2AB8BB09C69.e.5704/value - {"text":"06/01/25"}
COMMAND: GET /session/8068150991763542753e5d368f2e808c/screenshot - {}
RESULT: {}
COMMAND: POST /session/8068150991763542753e5d368f2e808c/element/f.7F1AC3273160C970B6304C41D413DEA3.d.CDC095B3059E232F24D2D2AB8BB09C69.e.5705/value - {"text":"11/01/25"}
COMMAND: GET /session/8068150991763542753e5d368f2e808c/screenshot - {}
RESULT: {"text":"99.5"}
COMMAND: GET /session/8068150991763542753e5d368f2e808c/screenshot - {}
RESULT: {}
RESULT: {"text":"US Dollar"}
COMMAND: GET /session/8068150991763542753e5d368f2e808c/screenshot - {}
RESULT: {}
COMMAND: POST /session/8068150991763542753e5d368f2e808c/element/f.7F1AC3273160C970B6304C41D413DEA3.d.CDC095B3059E232F24D2D2AB8BB09C69.e.5703/elements - {"using":"css selector","value":"td"}
RESULT: {"text":"06/01/25"}
COMMAND: GET /session/8068150991763542753e5d368f2e808c/screenshot - {}
RESULT: {}
RESULT: {"text":"11/01/25"}
COMMAND: GET /session/8068150991763542753e5d368f2e808c/screenshot - {}
RESULT: {}
RESULT: {}
RESULT: {}
RESULT: {"using":"css selector","value":"td"}
COMMAND: POST /session/8068150991763542753e5d368f2e808c/element/f.7F1AC3273160C970B6304C41D413DEA3.d.CDC095B3059E232F24D2D2AB8BB09C69.e.5725/element - {"using":"css selector","value":"input"}
RESULT: {}
RESULT: {}
RESULT: {"using":"css selector","value":"input"}
COMMAND: POST /session/8068150991763542753e5d368f2e808c/element/f.7F1AC3273160C970B6304C41D413DEA3.d.CDC095B3059E232F24D2D2AB8BB09C69.e.5708/click - {}
RESULT: {}
COMMAND: GET /session/8068150991763542753e5d368f2e808c/screenshot - {}
RESULT: {}
COMMAND: POST /session/8068150991763542753e5d368f2e808c/element/f.7F1AC3273160C970B6304C41D413DEA3.d.CDC095B3059E232F24D2D2AB8BB09C69.e.5725/element - {"using":"css selector","value":"input"}
RESULT: {"using":"css selector","value":"input"}
COMMAND: POST /session/8068150991763542753e5d368f2e808c/element/f.7F1AC3273160C970B6304C41D413DEA3.d.CDC095B3059E232F24D2D2AB8BB09C69.e.5708/clear - {}
RESULT: {}
COMMAND: POST /session/8068150991763542753e5d368f2e808c/element/f.7F1AC3273160C970B6304C41D413DEA3.d.CDC095B3059E232F24D2D2AB8BB09C69.e.5708/value - {"text":"2302"}
COMMAND: GET /session/8068150991763542753e5d368f2e808c/screenshot - {}
RESULT: {"text":"2302"}
COMMAND: GET /session/8068150991763542753e5d368f2e808c/screenshot - {}
RESULT: {}
RESULT: {}
COMMAND: POST /session/8068150991763542753e5d368f2e808c/element - {"using":"xpath","value":"(//li[div//span[contains(text(), '2302')]])[2]"}
RESULT: {"using":"xpath","value":"(//li[div//span[contains(text(), '2302')]])[2]"}
COMMAND: POST /session/8068150991763542753e5d368f2e808c/element/f.7F1AC3273160C970B6304C41D413DEA3.d.CDC095B3059E232F24D2D2AB8BB09C69.e.5732/click - {}
RESULT: {}
COMMAND: POST /session/8068150991763542753e5d368f2e808c/execute/async - {"script":"<script> [1562 bytes]","args":[{"selector":{"controlType":"sap.m.Button","viewName":"etm.portal.ui.manageconditionprice.view.DailyPrices","viewId":"application-manageconditionprice-display-component---dailyPrices","i18NText":{"propertyName":"tooltip","key":"save"},"interaction":{"idSuffix":"BDI-content"}},"wdio_ui5_key":"etmportal.ui.manageconditionprice.view.DailyPricessap.m.Button{\"propertyName\":\"tooltip\",\"key\":\"save\"}"}]}
COMMAND: GET /session/8068150991763542753e5d368f2e808c/screenshot - {}
RESULT: {"script":"<script> [1562 bytes]","args":[{"selector":{"controlType":"sap.m.Button","viewName":"etm.portal.ui.manageconditionprice.view.DailyPrices","viewId":"application-manageconditionprice-display-component---dailyPrices","i18NText":{"propertyName":"tooltip","key":"save"},"interaction":{"idSuffix":"BDI-content"}},"wdio_ui5_key":"etmportal.ui.manageconditionprice.view.DailyPricessap.m.Button{\"propertyName\":\"tooltip\",\"key\":\"save\"}"}]}
RESULT: undefined
COMMAND: POST /session/8068150991763542753e5d368f2e808c/element - {"using":"xpath","value":"//*[@id=\"__button8\"]"}
RESULT: {}
RESULT: {"using":"xpath","value":"//*[@id=\"__button8\"]"}
COMMAND: POST /session/8068150991763542753e5d368f2e808c/element/f.7F1AC3273160C970B6304C41D413DEA3.d.CDC095B3059E232F24D2D2AB8BB09C69.e.5468/click - {}
RESULT: {}
COMMAND: GET /session/8068150991763542753e5d368f2e808c/screenshot - {}
RESULT: {}
]]></system-out>
    </testcase>
    <testcase classname="chrome.136_0_7103_93.windows.Edit_and_delete_daily_price_US134629_US134627" name="Should check whether the 2 rows have been added then edit one of the rows s currency and value and save and check the edited values" time="11.623">
      <system-out><![CDATA[
COMMAND: POST /session/8068150991763542753e5d368f2e808c/elements - {"using":"css selector","value":"table tr"}
RESULT: {"using":"css selector","value":"table tr"}
COMMAND: POST /session/8068150991763542753e5d368f2e808c/element/f.7F1AC3273160C970B6304C41D413DEA3.d.CDC095B3059E232F24D2D2AB8BB09C69.e.5703/elements - {"using":"css selector","value":"td"}
RESULT: {"using":"css selector","value":"td"}
COMMAND: POST /session/8068150991763542753e5d368f2e808c/element/f.7F1AC3273160C970B6304C41D413DEA3.d.CDC095B3059E232F24D2D2AB8BB09C69.e.5672/elements - {"using":"css selector","value":"td"}
RESULT: {"using":"css selector","value":"td"}
COMMAND: POST /session/8068150991763542753e5d368f2e808c/element/f.7F1AC3273160C970B6304C41D413DEA3.d.CDC095B3059E232F24D2D2AB8BB09C69.e.5735/element - {"using":"css selector","value":".sapMObjectNumberText"}
RESULT: {"using":"css selector","value":".sapMObjectNumberText"}
COMMAND: GET /session/8068150991763542753e5d368f2e808c/element/f.7F1AC3273160C970B6304C41D413DEA3.d.CDC095B3059E232F24D2D2AB8BB09C69.e.5737/text - {}
RESULT: {}
COMMAND: POST /session/8068150991763542753e5d368f2e808c/element/f.7F1AC3273160C970B6304C41D413DEA3.d.CDC095B3059E232F24D2D2AB8BB09C69.e.5736/element - {"using":"css selector","value":".sapMObjectNumberText"}
RESULT: {"using":"css selector","value":".sapMObjectNumberText"}
COMMAND: GET /session/8068150991763542753e5d368f2e808c/element/f.7F1AC3273160C970B6304C41D413DEA3.d.CDC095B3059E232F24D2D2AB8BB09C69.e.5738/text - {}
RESULT: {}
RESULT: undefined
COMMAND: POST /session/8068150991763542753e5d368f2e808c/element - {"using":"xpath","value":"//*[@id=\"application-manageconditionprice-display-component---dailyPrices--editBtn\"]"}
RESULT: {"using":"xpath","value":"//*[@id=\"application-manageconditionprice-display-component---dailyPrices--editBtn\"]"}
COMMAND: POST /session/8068150991763542753e5d368f2e808c/element/f.7F1AC3273160C970B6304C41D413DEA3.d.CDC095B3059E232F24D2D2AB8BB09C69.e.5734/click - {}
RESULT: {}
COMMAND: POST /session/8068150991763542753e5d368f2e808c/elements - {"using":"css selector","value":"table tr"}
COMMAND: GET /session/8068150991763542753e5d368f2e808c/screenshot - {}
RESULT: {"using":"css selector","value":"table tr"}
COMMAND: POST /session/8068150991763542753e5d368f2e808c/element/f.7F1AC3273160C970B6304C41D413DEA3.d.CDC095B3059E232F24D2D2AB8BB09C69.e.5703/elements - {"using":"css selector","value":"input"}
RESULT: {}
RESULT: {"using":"css selector","value":"input"}
COMMAND: POST /session/8068150991763542753e5d368f2e808c/element/f.7F1AC3273160C970B6304C41D413DEA3.d.CDC095B3059E232F24D2D2AB8BB09C69.e.5753/clear - {}
COMMAND: POST /session/8068150991763542753e5d368f2e808c/element/f.7F1AC3273160C970B6304C41D413DEA3.d.CDC095B3059E232F24D2D2AB8BB09C69.e.5754/clear - {}
RESULT: {}
COMMAND: POST /session/8068150991763542753e5d368f2e808c/element/f.7F1AC3273160C970B6304C41D413DEA3.d.CDC095B3059E232F24D2D2AB8BB09C69.e.5754/value - {"text":"US Dollar"}
COMMAND: GET /session/8068150991763542753e5d368f2e808c/screenshot - {}
RESULT: {}
COMMAND: POST /session/8068150991763542753e5d368f2e808c/element/f.7F1AC3273160C970B6304C41D413DEA3.d.CDC095B3059E232F24D2D2AB8BB09C69.e.5753/value - {"text":"566.1"}
COMMAND: GET /session/8068150991763542753e5d368f2e808c/screenshot - {}
RESULT: {"text":"US Dollar"}
COMMAND: GET /session/8068150991763542753e5d368f2e808c/screenshot - {}
RESULT: {}
RESULT: {"text":"566.1"}
COMMAND: GET /session/8068150991763542753e5d368f2e808c/screenshot - {}
RESULT: {}
RESULT: {}
RESULT: undefined
COMMAND: POST /session/8068150991763542753e5d368f2e808c/element - {"using":"xpath","value":"//*[@id=\"__button8\"]"}
RESULT: {}
RESULT: {"using":"xpath","value":"//*[@id=\"__button8\"]"}
COMMAND: POST /session/8068150991763542753e5d368f2e808c/element/f.7F1AC3273160C970B6304C41D413DEA3.d.CDC095B3059E232F24D2D2AB8BB09C69.e.5739/click - {}
RESULT: {}
COMMAND: GET /session/8068150991763542753e5d368f2e808c/screenshot - {}
RESULT: {}
COMMAND: POST /session/8068150991763542753e5d368f2e808c/elements - {"using":"css selector","value":"table tr"}
RESULT: {"using":"css selector","value":"table tr"}
COMMAND: POST /session/8068150991763542753e5d368f2e808c/element/f.7F1AC3273160C970B6304C41D413DEA3.d.CDC095B3059E232F24D2D2AB8BB09C69.e.5703/elements - {"using":"css selector","value":"td"}
RESULT: {"using":"css selector","value":"td"}
COMMAND: POST /session/8068150991763542753e5d368f2e808c/element/f.7F1AC3273160C970B6304C41D413DEA3.d.CDC095B3059E232F24D2D2AB8BB09C69.e.5758/element - {"using":"css selector","value":".sapMObjectNumberText"}
RESULT: {"using":"css selector","value":".sapMObjectNumberText"}
COMMAND: GET /session/8068150991763542753e5d368f2e808c/element/f.7F1AC3273160C970B6304C41D413DEA3.d.CDC095B3059E232F24D2D2AB8BB09C69.e.5760/text - {}
RESULT: {}
]]></system-out>
    </testcase>
    <testcase classname="chrome.136_0_7103_93.windows.Edit_and_delete_daily_price_US134629_US134627" name="Should go into edit and delete all the rows that match the yard we have created for this scenario check if all rows deleted" time="28.375">
      <system-out><![CDATA[
RESULT: undefined
COMMAND: POST /session/8068150991763542753e5d368f2e808c/element - {"using":"xpath","value":"//*[@id=\"application-manageconditionprice-display-component---dailyPrices--editBtn\"]"}
RESULT: {"using":"xpath","value":"//*[@id=\"application-manageconditionprice-display-component---dailyPrices--editBtn\"]"}
COMMAND: POST /session/8068150991763542753e5d368f2e808c/element/f.7F1AC3273160C970B6304C41D413DEA3.d.CDC095B3059E232F24D2D2AB8BB09C69.e.5757/click - {}
RESULT: {}
COMMAND: GET /session/8068150991763542753e5d368f2e808c/screenshot - {}
RESULT: {}
COMMAND: POST /session/8068150991763542753e5d368f2e808c/elements - {"using":"css selector","value":"table tr"}
RESULT: {"using":"css selector","value":"table tr"}
COMMAND: POST /session/8068150991763542753e5d368f2e808c/element/f.7F1AC3273160C970B6304C41D413DEA3.d.CDC095B3059E232F24D2D2AB8BB09C69.e.5476/elements - {"using":"css selector","value":"td"}
RESULT: {"using":"css selector","value":"td"}
COMMAND: POST /session/8068150991763542753e5d368f2e808c/element/f.7F1AC3273160C970B6304C41D413DEA3.d.CDC095B3059E232F24D2D2AB8BB09C69.e.5477/elements - {"using":"css selector","value":"td"}
RESULT: {"using":"css selector","value":"td"}
COMMAND: POST /session/8068150991763542753e5d368f2e808c/element/f.7F1AC3273160C970B6304C41D413DEA3.d.CDC095B3059E232F24D2D2AB8BB09C69.e.5478/elements - {"using":"css selector","value":"td"}
RESULT: {"using":"css selector","value":"td"}
COMMAND: POST /session/8068150991763542753e5d368f2e808c/element/f.7F1AC3273160C970B6304C41D413DEA3.d.CDC095B3059E232F24D2D2AB8BB09C69.e.5433/elements - {"using":"css selector","value":"td"}
RESULT: {"using":"css selector","value":"td"}
COMMAND: POST /session/8068150991763542753e5d368f2e808c/element/f.7F1AC3273160C970B6304C41D413DEA3.d.CDC095B3059E232F24D2D2AB8BB09C69.e.5434/elements - {"using":"css selector","value":"td"}
RESULT: {"using":"css selector","value":"td"}
COMMAND: POST /session/8068150991763542753e5d368f2e808c/element/f.7F1AC3273160C970B6304C41D413DEA3.d.CDC095B3059E232F24D2D2AB8BB09C69.e.5411/elements - {"using":"css selector","value":"td"}
RESULT: {"using":"css selector","value":"td"}
COMMAND: POST /session/8068150991763542753e5d368f2e808c/element/f.7F1AC3273160C970B6304C41D413DEA3.d.CDC095B3059E232F24D2D2AB8BB09C69.e.5412/elements - {"using":"css selector","value":"td"}
RESULT: {"using":"css selector","value":"td"}
COMMAND: POST /session/8068150991763542753e5d368f2e808c/element/f.7F1AC3273160C970B6304C41D413DEA3.d.CDC095B3059E232F24D2D2AB8BB09C69.e.5418/elements - {"using":"css selector","value":"td"}
RESULT: {"using":"css selector","value":"td"}
COMMAND: POST /session/8068150991763542753e5d368f2e808c/element/f.7F1AC3273160C970B6304C41D413DEA3.d.CDC095B3059E232F24D2D2AB8BB09C69.e.5419/elements - {"using":"css selector","value":"td"}
RESULT: {"using":"css selector","value":"td"}
COMMAND: POST /session/8068150991763542753e5d368f2e808c/element/f.7F1AC3273160C970B6304C41D413DEA3.d.CDC095B3059E232F24D2D2AB8BB09C69.e.5425/elements - {"using":"css selector","value":"td"}
RESULT: {"using":"css selector","value":"td"}
COMMAND: POST /session/8068150991763542753e5d368f2e808c/element/f.7F1AC3273160C970B6304C41D413DEA3.d.CDC095B3059E232F24D2D2AB8BB09C69.e.5479/elements - {"using":"css selector","value":"td"}
RESULT: {"using":"css selector","value":"td"}
COMMAND: POST /session/8068150991763542753e5d368f2e808c/element/f.7F1AC3273160C970B6304C41D413DEA3.d.CDC095B3059E232F24D2D2AB8BB09C69.e.5480/elements - {"using":"css selector","value":"td"}
RESULT: {"using":"css selector","value":"td"}
COMMAND: POST /session/8068150991763542753e5d368f2e808c/element/f.7F1AC3273160C970B6304C41D413DEA3.d.CDC095B3059E232F24D2D2AB8BB09C69.e.5481/elements - {"using":"css selector","value":"td"}
RESULT: {"using":"css selector","value":"td"}
COMMAND: POST /session/8068150991763542753e5d368f2e808c/element/f.7F1AC3273160C970B6304C41D413DEA3.d.CDC095B3059E232F24D2D2AB8BB09C69.e.5482/elements - {"using":"css selector","value":"td"}
RESULT: {"using":"css selector","value":"td"}
COMMAND: POST /session/8068150991763542753e5d368f2e808c/element/f.7F1AC3273160C970B6304C41D413DEA3.d.CDC095B3059E232F24D2D2AB8BB09C69.e.5483/elements - {"using":"css selector","value":"td"}
RESULT: {"using":"css selector","value":"td"}
COMMAND: POST /session/8068150991763542753e5d368f2e808c/element/f.7F1AC3273160C970B6304C41D413DEA3.d.CDC095B3059E232F24D2D2AB8BB09C69.e.5484/elements - {"using":"css selector","value":"td"}
RESULT: {"using":"css selector","value":"td"}
COMMAND: POST /session/8068150991763542753e5d368f2e808c/element/f.7F1AC3273160C970B6304C41D413DEA3.d.CDC095B3059E232F24D2D2AB8BB09C69.e.5485/elements - {"using":"css selector","value":"td"}
RESULT: {"using":"css selector","value":"td"}
COMMAND: POST /session/8068150991763542753e5d368f2e808c/element/f.7F1AC3273160C970B6304C41D413DEA3.d.CDC095B3059E232F24D2D2AB8BB09C69.e.5486/elements - {"using":"css selector","value":"td"}
RESULT: {"using":"css selector","value":"td"}
COMMAND: POST /session/8068150991763542753e5d368f2e808c/element/f.7F1AC3273160C970B6304C41D413DEA3.d.CDC095B3059E232F24D2D2AB8BB09C69.e.5487/elements - {"using":"css selector","value":"td"}
RESULT: {"using":"css selector","value":"td"}
COMMAND: POST /session/8068150991763542753e5d368f2e808c/element/f.7F1AC3273160C970B6304C41D413DEA3.d.CDC095B3059E232F24D2D2AB8BB09C69.e.5488/elements - {"using":"css selector","value":"td"}
RESULT: {"using":"css selector","value":"td"}
COMMAND: POST /session/8068150991763542753e5d368f2e808c/element/f.7F1AC3273160C970B6304C41D413DEA3.d.CDC095B3059E232F24D2D2AB8BB09C69.e.5489/elements - {"using":"css selector","value":"td"}
RESULT: {"using":"css selector","value":"td"}
COMMAND: POST /session/8068150991763542753e5d368f2e808c/element/f.7F1AC3273160C970B6304C41D413DEA3.d.CDC095B3059E232F24D2D2AB8BB09C69.e.5490/elements - {"using":"css selector","value":"td"}
RESULT: {"using":"css selector","value":"td"}
COMMAND: POST /session/8068150991763542753e5d368f2e808c/element/f.7F1AC3273160C970B6304C41D413DEA3.d.CDC095B3059E232F24D2D2AB8BB09C69.e.5491/elements - {"using":"css selector","value":"td"}
RESULT: {"using":"css selector","value":"td"}
COMMAND: POST /session/8068150991763542753e5d368f2e808c/element/f.7F1AC3273160C970B6304C41D413DEA3.d.CDC095B3059E232F24D2D2AB8BB09C69.e.5492/elements - {"using":"css selector","value":"td"}
RESULT: {"using":"css selector","value":"td"}
COMMAND: POST /session/8068150991763542753e5d368f2e808c/element/f.7F1AC3273160C970B6304C41D413DEA3.d.CDC095B3059E232F24D2D2AB8BB09C69.e.5493/elements - {"using":"css selector","value":"td"}
RESULT: {"using":"css selector","value":"td"}
COMMAND: POST /session/8068150991763542753e5d368f2e808c/element/f.7F1AC3273160C970B6304C41D413DEA3.d.CDC095B3059E232F24D2D2AB8BB09C69.e.5494/elements - {"using":"css selector","value":"td"}
RESULT: {"using":"css selector","value":"td"}
COMMAND: POST /session/8068150991763542753e5d368f2e808c/element/f.7F1AC3273160C970B6304C41D413DEA3.d.CDC095B3059E232F24D2D2AB8BB09C69.e.5495/elements - {"using":"css selector","value":"td"}
RESULT: {"using":"css selector","value":"td"}
COMMAND: POST /session/8068150991763542753e5d368f2e808c/element/f.7F1AC3273160C970B6304C41D413DEA3.d.CDC095B3059E232F24D2D2AB8BB09C69.e.5496/elements - {"using":"css selector","value":"td"}
RESULT: {"using":"css selector","value":"td"}
COMMAND: POST /session/8068150991763542753e5d368f2e808c/element/f.7F1AC3273160C970B6304C41D413DEA3.d.CDC095B3059E232F24D2D2AB8BB09C69.e.5497/elements - {"using":"css selector","value":"td"}
RESULT: {"using":"css selector","value":"td"}
COMMAND: POST /session/8068150991763542753e5d368f2e808c/element/f.7F1AC3273160C970B6304C41D413DEA3.d.CDC095B3059E232F24D2D2AB8BB09C69.e.5498/elements - {"using":"css selector","value":"td"}
RESULT: {"using":"css selector","value":"td"}
COMMAND: POST /session/8068150991763542753e5d368f2e808c/element/f.7F1AC3273160C970B6304C41D413DEA3.d.CDC095B3059E232F24D2D2AB8BB09C69.e.5499/elements - {"using":"css selector","value":"td"}
RESULT: {"using":"css selector","value":"td"}
COMMAND: POST /session/8068150991763542753e5d368f2e808c/element/f.7F1AC3273160C970B6304C41D413DEA3.d.CDC095B3059E232F24D2D2AB8BB09C69.e.5500/elements - {"using":"css selector","value":"td"}
RESULT: {"using":"css selector","value":"td"}
COMMAND: POST /session/8068150991763542753e5d368f2e808c/element/f.7F1AC3273160C970B6304C41D413DEA3.d.CDC095B3059E232F24D2D2AB8BB09C69.e.5501/elements - {"using":"css selector","value":"td"}
RESULT: {"using":"css selector","value":"td"}
COMMAND: POST /session/8068150991763542753e5d368f2e808c/element/f.7F1AC3273160C970B6304C41D413DEA3.d.CDC095B3059E232F24D2D2AB8BB09C69.e.5502/elements - {"using":"css selector","value":"td"}
RESULT: {"using":"css selector","value":"td"}
COMMAND: POST /session/8068150991763542753e5d368f2e808c/element/f.7F1AC3273160C970B6304C41D413DEA3.d.CDC095B3059E232F24D2D2AB8BB09C69.e.5503/elements - {"using":"css selector","value":"td"}
RESULT: {"using":"css selector","value":"td"}
COMMAND: POST /session/8068150991763542753e5d368f2e808c/element/f.7F1AC3273160C970B6304C41D413DEA3.d.CDC095B3059E232F24D2D2AB8BB09C69.e.5504/elements - {"using":"css selector","value":"td"}
RESULT: {"using":"css selector","value":"td"}
COMMAND: POST /session/8068150991763542753e5d368f2e808c/element/f.7F1AC3273160C970B6304C41D413DEA3.d.CDC095B3059E232F24D2D2AB8BB09C69.e.5505/elements - {"using":"css selector","value":"td"}
RESULT: {"using":"css selector","value":"td"}
COMMAND: POST /session/8068150991763542753e5d368f2e808c/element/f.7F1AC3273160C970B6304C41D413DEA3.d.CDC095B3059E232F24D2D2AB8BB09C69.e.5506/elements - {"using":"css selector","value":"td"}
RESULT: {"using":"css selector","value":"td"}
COMMAND: POST /session/8068150991763542753e5d368f2e808c/element/f.7F1AC3273160C970B6304C41D413DEA3.d.CDC095B3059E232F24D2D2AB8BB09C69.e.5507/elements - {"using":"css selector","value":"td"}
RESULT: {"using":"css selector","value":"td"}
COMMAND: POST /session/8068150991763542753e5d368f2e808c/element/f.7F1AC3273160C970B6304C41D413DEA3.d.CDC095B3059E232F24D2D2AB8BB09C69.e.5508/elements - {"using":"css selector","value":"td"}
RESULT: {"using":"css selector","value":"td"}
COMMAND: POST /session/8068150991763542753e5d368f2e808c/element/f.7F1AC3273160C970B6304C41D413DEA3.d.CDC095B3059E232F24D2D2AB8BB09C69.e.5509/elements - {"using":"css selector","value":"td"}
RESULT: {"using":"css selector","value":"td"}
COMMAND: POST /session/8068150991763542753e5d368f2e808c/element/f.7F1AC3273160C970B6304C41D413DEA3.d.CDC095B3059E232F24D2D2AB8BB09C69.e.5510/elements - {"using":"css selector","value":"td"}
RESULT: {"using":"css selector","value":"td"}
COMMAND: POST /session/8068150991763542753e5d368f2e808c/element/f.7F1AC3273160C970B6304C41D413DEA3.d.CDC095B3059E232F24D2D2AB8BB09C69.e.5511/elements - {"using":"css selector","value":"td"}
RESULT: {"using":"css selector","value":"td"}
COMMAND: POST /session/8068150991763542753e5d368f2e808c/element/f.7F1AC3273160C970B6304C41D413DEA3.d.CDC095B3059E232F24D2D2AB8BB09C69.e.5512/elements - {"using":"css selector","value":"td"}
RESULT: {"using":"css selector","value":"td"}
COMMAND: POST /session/8068150991763542753e5d368f2e808c/element/f.7F1AC3273160C970B6304C41D413DEA3.d.CDC095B3059E232F24D2D2AB8BB09C69.e.5513/elements - {"using":"css selector","value":"td"}
RESULT: {"using":"css selector","value":"td"}
COMMAND: POST /session/8068150991763542753e5d368f2e808c/element/f.7F1AC3273160C970B6304C41D413DEA3.d.CDC095B3059E232F24D2D2AB8BB09C69.e.5514/elements - {"using":"css selector","value":"td"}
RESULT: {"using":"css selector","value":"td"}
COMMAND: POST /session/8068150991763542753e5d368f2e808c/element/f.7F1AC3273160C970B6304C41D413DEA3.d.CDC095B3059E232F24D2D2AB8BB09C69.e.5515/elements - {"using":"css selector","value":"td"}
RESULT: {"using":"css selector","value":"td"}
COMMAND: POST /session/8068150991763542753e5d368f2e808c/element/f.7F1AC3273160C970B6304C41D413DEA3.d.CDC095B3059E232F24D2D2AB8BB09C69.e.5516/elements - {"using":"css selector","value":"td"}
RESULT: {"using":"css selector","value":"td"}
COMMAND: POST /session/8068150991763542753e5d368f2e808c/element/f.7F1AC3273160C970B6304C41D413DEA3.d.CDC095B3059E232F24D2D2AB8BB09C69.e.5517/elements - {"using":"css selector","value":"td"}
RESULT: {"using":"css selector","value":"td"}
COMMAND: POST /session/8068150991763542753e5d368f2e808c/element/f.7F1AC3273160C970B6304C41D413DEA3.d.CDC095B3059E232F24D2D2AB8BB09C69.e.5518/elements - {"using":"css selector","value":"td"}
RESULT: {"using":"css selector","value":"td"}
COMMAND: POST /session/8068150991763542753e5d368f2e808c/element/f.7F1AC3273160C970B6304C41D413DEA3.d.CDC095B3059E232F24D2D2AB8BB09C69.e.5519/elements - {"using":"css selector","value":"td"}
RESULT: {"using":"css selector","value":"td"}
COMMAND: POST /session/8068150991763542753e5d368f2e808c/element/f.7F1AC3273160C970B6304C41D413DEA3.d.CDC095B3059E232F24D2D2AB8BB09C69.e.5520/elements - {"using":"css selector","value":"td"}
RESULT: {"using":"css selector","value":"td"}
COMMAND: POST /session/8068150991763542753e5d368f2e808c/element/f.7F1AC3273160C970B6304C41D413DEA3.d.CDC095B3059E232F24D2D2AB8BB09C69.e.5521/elements - {"using":"css selector","value":"td"}
RESULT: {"using":"css selector","value":"td"}
COMMAND: POST /session/8068150991763542753e5d368f2e808c/element/f.7F1AC3273160C970B6304C41D413DEA3.d.CDC095B3059E232F24D2D2AB8BB09C69.e.5522/elements - {"using":"css selector","value":"td"}
RESULT: {"using":"css selector","value":"td"}
COMMAND: POST /session/8068150991763542753e5d368f2e808c/element/f.7F1AC3273160C970B6304C41D413DEA3.d.CDC095B3059E232F24D2D2AB8BB09C69.e.5523/elements - {"using":"css selector","value":"td"}
RESULT: {"using":"css selector","value":"td"}
COMMAND: POST /session/8068150991763542753e5d368f2e808c/element/f.7F1AC3273160C970B6304C41D413DEA3.d.CDC095B3059E232F24D2D2AB8BB09C69.e.5524/elements - {"using":"css selector","value":"td"}
RESULT: {"using":"css selector","value":"td"}
COMMAND: POST /session/8068150991763542753e5d368f2e808c/element/f.7F1AC3273160C970B6304C41D413DEA3.d.CDC095B3059E232F24D2D2AB8BB09C69.e.5525/elements - {"using":"css selector","value":"td"}
RESULT: {"using":"css selector","value":"td"}
COMMAND: POST /session/8068150991763542753e5d368f2e808c/element/f.7F1AC3273160C970B6304C41D413DEA3.d.CDC095B3059E232F24D2D2AB8BB09C69.e.5526/elements - {"using":"css selector","value":"td"}
RESULT: {"using":"css selector","value":"td"}
COMMAND: POST /session/8068150991763542753e5d368f2e808c/element/f.7F1AC3273160C970B6304C41D413DEA3.d.CDC095B3059E232F24D2D2AB8BB09C69.e.5527/elements - {"using":"css selector","value":"td"}
RESULT: {"using":"css selector","value":"td"}
COMMAND: POST /session/8068150991763542753e5d368f2e808c/element/f.7F1AC3273160C970B6304C41D413DEA3.d.CDC095B3059E232F24D2D2AB8BB09C69.e.5528/elements - {"using":"css selector","value":"td"}
RESULT: {"using":"css selector","value":"td"}
COMMAND: POST /session/8068150991763542753e5d368f2e808c/element/f.7F1AC3273160C970B6304C41D413DEA3.d.CDC095B3059E232F24D2D2AB8BB09C69.e.5529/elements - {"using":"css selector","value":"td"}
RESULT: {"using":"css selector","value":"td"}
COMMAND: POST /session/8068150991763542753e5d368f2e808c/element/f.7F1AC3273160C970B6304C41D413DEA3.d.CDC095B3059E232F24D2D2AB8BB09C69.e.5530/elements - {"using":"css selector","value":"td"}
RESULT: {"using":"css selector","value":"td"}
COMMAND: POST /session/8068150991763542753e5d368f2e808c/element/f.7F1AC3273160C970B6304C41D413DEA3.d.CDC095B3059E232F24D2D2AB8BB09C69.e.5531/elements - {"using":"css selector","value":"td"}
RESULT: {"using":"css selector","value":"td"}
COMMAND: POST /session/8068150991763542753e5d368f2e808c/element/f.7F1AC3273160C970B6304C41D413DEA3.d.CDC095B3059E232F24D2D2AB8BB09C69.e.5532/elements - {"using":"css selector","value":"td"}
RESULT: {"using":"css selector","value":"td"}
COMMAND: POST /session/8068150991763542753e5d368f2e808c/element/f.7F1AC3273160C970B6304C41D413DEA3.d.CDC095B3059E232F24D2D2AB8BB09C69.e.5533/elements - {"using":"css selector","value":"td"}
RESULT: {"using":"css selector","value":"td"}
COMMAND: POST /session/8068150991763542753e5d368f2e808c/element/f.7F1AC3273160C970B6304C41D413DEA3.d.CDC095B3059E232F24D2D2AB8BB09C69.e.5534/elements - {"using":"css selector","value":"td"}
RESULT: {"using":"css selector","value":"td"}
COMMAND: POST /session/8068150991763542753e5d368f2e808c/element/f.7F1AC3273160C970B6304C41D413DEA3.d.CDC095B3059E232F24D2D2AB8BB09C69.e.5535/elements - {"using":"css selector","value":"td"}
RESULT: {"using":"css selector","value":"td"}
COMMAND: POST /session/8068150991763542753e5d368f2e808c/element/f.7F1AC3273160C970B6304C41D413DEA3.d.CDC095B3059E232F24D2D2AB8BB09C69.e.5536/elements - {"using":"css selector","value":"td"}
RESULT: {"using":"css selector","value":"td"}
COMMAND: POST /session/8068150991763542753e5d368f2e808c/element/f.7F1AC3273160C970B6304C41D413DEA3.d.CDC095B3059E232F24D2D2AB8BB09C69.e.5537/elements - {"using":"css selector","value":"td"}
RESULT: {"using":"css selector","value":"td"}
COMMAND: POST /session/8068150991763542753e5d368f2e808c/element/f.7F1AC3273160C970B6304C41D413DEA3.d.CDC095B3059E232F24D2D2AB8BB09C69.e.5538/elements - {"using":"css selector","value":"td"}
RESULT: {"using":"css selector","value":"td"}
COMMAND: POST /session/8068150991763542753e5d368f2e808c/element/f.7F1AC3273160C970B6304C41D413DEA3.d.CDC095B3059E232F24D2D2AB8BB09C69.e.5539/elements - {"using":"css selector","value":"td"}
RESULT: {"using":"css selector","value":"td"}
COMMAND: POST /session/8068150991763542753e5d368f2e808c/element/f.7F1AC3273160C970B6304C41D413DEA3.d.CDC095B3059E232F24D2D2AB8BB09C69.e.5540/elements - {"using":"css selector","value":"td"}
RESULT: {"using":"css selector","value":"td"}
COMMAND: POST /session/8068150991763542753e5d368f2e808c/element/f.7F1AC3273160C970B6304C41D413DEA3.d.CDC095B3059E232F24D2D2AB8BB09C69.e.5541/elements - {"using":"css selector","value":"td"}
RESULT: {"using":"css selector","value":"td"}
COMMAND: POST /session/8068150991763542753e5d368f2e808c/element/f.7F1AC3273160C970B6304C41D413DEA3.d.CDC095B3059E232F24D2D2AB8BB09C69.e.5542/elements - {"using":"css selector","value":"td"}
RESULT: {"using":"css selector","value":"td"}
COMMAND: POST /session/8068150991763542753e5d368f2e808c/element/f.7F1AC3273160C970B6304C41D413DEA3.d.CDC095B3059E232F24D2D2AB8BB09C69.e.5543/elements - {"using":"css selector","value":"td"}
RESULT: {"using":"css selector","value":"td"}
COMMAND: POST /session/8068150991763542753e5d368f2e808c/element/f.7F1AC3273160C970B6304C41D413DEA3.d.CDC095B3059E232F24D2D2AB8BB09C69.e.5544/elements - {"using":"css selector","value":"td"}
RESULT: {"using":"css selector","value":"td"}
COMMAND: POST /session/8068150991763542753e5d368f2e808c/element/f.7F1AC3273160C970B6304C41D413DEA3.d.CDC095B3059E232F24D2D2AB8BB09C69.e.5545/elements - {"using":"css selector","value":"td"}
RESULT: {"using":"css selector","value":"td"}
COMMAND: POST /session/8068150991763542753e5d368f2e808c/element/f.7F1AC3273160C970B6304C41D413DEA3.d.CDC095B3059E232F24D2D2AB8BB09C69.e.5546/elements - {"using":"css selector","value":"td"}
RESULT: {"using":"css selector","value":"td"}
COMMAND: POST /session/8068150991763542753e5d368f2e808c/element/f.7F1AC3273160C970B6304C41D413DEA3.d.CDC095B3059E232F24D2D2AB8BB09C69.e.5547/elements - {"using":"css selector","value":"td"}
RESULT: {"using":"css selector","value":"td"}
COMMAND: POST /session/8068150991763542753e5d368f2e808c/element/f.7F1AC3273160C970B6304C41D413DEA3.d.CDC095B3059E232F24D2D2AB8BB09C69.e.5548/elements - {"using":"css selector","value":"td"}
RESULT: {"using":"css selector","value":"td"}
COMMAND: POST /session/8068150991763542753e5d368f2e808c/element/f.7F1AC3273160C970B6304C41D413DEA3.d.CDC095B3059E232F24D2D2AB8BB09C69.e.5549/elements - {"using":"css selector","value":"td"}
RESULT: {"using":"css selector","value":"td"}
COMMAND: POST /session/8068150991763542753e5d368f2e808c/element/f.7F1AC3273160C970B6304C41D413DEA3.d.CDC095B3059E232F24D2D2AB8BB09C69.e.5550/elements - {"using":"css selector","value":"td"}
RESULT: {"using":"css selector","value":"td"}
COMMAND: POST /session/8068150991763542753e5d368f2e808c/element/f.7F1AC3273160C970B6304C41D413DEA3.d.CDC095B3059E232F24D2D2AB8BB09C69.e.5551/elements - {"using":"css selector","value":"td"}
RESULT: {"using":"css selector","value":"td"}
COMMAND: POST /session/8068150991763542753e5d368f2e808c/element/f.7F1AC3273160C970B6304C41D413DEA3.d.CDC095B3059E232F24D2D2AB8BB09C69.e.5552/elements - {"using":"css selector","value":"td"}
RESULT: {"using":"css selector","value":"td"}
COMMAND: POST /session/8068150991763542753e5d368f2e808c/element/f.7F1AC3273160C970B6304C41D413DEA3.d.CDC095B3059E232F24D2D2AB8BB09C69.e.5553/elements - {"using":"css selector","value":"td"}
RESULT: {"using":"css selector","value":"td"}
COMMAND: POST /session/8068150991763542753e5d368f2e808c/element/f.7F1AC3273160C970B6304C41D413DEA3.d.CDC095B3059E232F24D2D2AB8BB09C69.e.5554/elements - {"using":"css selector","value":"td"}
RESULT: {"using":"css selector","value":"td"}
COMMAND: POST /session/8068150991763542753e5d368f2e808c/element/f.7F1AC3273160C970B6304C41D413DEA3.d.CDC095B3059E232F24D2D2AB8BB09C69.e.5555/elements - {"using":"css selector","value":"td"}
RESULT: {"using":"css selector","value":"td"}
COMMAND: POST /session/8068150991763542753e5d368f2e808c/element/f.7F1AC3273160C970B6304C41D413DEA3.d.CDC095B3059E232F24D2D2AB8BB09C69.e.5556/elements - {"using":"css selector","value":"td"}
RESULT: {"using":"css selector","value":"td"}
COMMAND: POST /session/8068150991763542753e5d368f2e808c/element/f.7F1AC3273160C970B6304C41D413DEA3.d.CDC095B3059E232F24D2D2AB8BB09C69.e.5557/elements - {"using":"css selector","value":"td"}
RESULT: {"using":"css selector","value":"td"}
COMMAND: POST /session/8068150991763542753e5d368f2e808c/element/f.7F1AC3273160C970B6304C41D413DEA3.d.CDC095B3059E232F24D2D2AB8BB09C69.e.5558/elements - {"using":"css selector","value":"td"}
RESULT: {"using":"css selector","value":"td"}
COMMAND: POST /session/8068150991763542753e5d368f2e808c/element/f.7F1AC3273160C970B6304C41D413DEA3.d.CDC095B3059E232F24D2D2AB8BB09C69.e.5559/elements - {"using":"css selector","value":"td"}
RESULT: {"using":"css selector","value":"td"}
COMMAND: POST /session/8068150991763542753e5d368f2e808c/element/f.7F1AC3273160C970B6304C41D413DEA3.d.CDC095B3059E232F24D2D2AB8BB09C69.e.5560/elements - {"using":"css selector","value":"td"}
RESULT: {"using":"css selector","value":"td"}
COMMAND: POST /session/8068150991763542753e5d368f2e808c/element/f.7F1AC3273160C970B6304C41D413DEA3.d.CDC095B3059E232F24D2D2AB8BB09C69.e.5561/elements - {"using":"css selector","value":"td"}
RESULT: {"using":"css selector","value":"td"}
COMMAND: POST /session/8068150991763542753e5d368f2e808c/element/f.7F1AC3273160C970B6304C41D413DEA3.d.CDC095B3059E232F24D2D2AB8BB09C69.e.5562/elements - {"using":"css selector","value":"td"}
RESULT: {"using":"css selector","value":"td"}
COMMAND: POST /session/8068150991763542753e5d368f2e808c/element/f.7F1AC3273160C970B6304C41D413DEA3.d.CDC095B3059E232F24D2D2AB8BB09C69.e.5563/elements - {"using":"css selector","value":"td"}
RESULT: {"using":"css selector","value":"td"}
COMMAND: POST /session/8068150991763542753e5d368f2e808c/element/f.7F1AC3273160C970B6304C41D413DEA3.d.CDC095B3059E232F24D2D2AB8BB09C69.e.5564/elements - {"using":"css selector","value":"td"}
RESULT: {"using":"css selector","value":"td"}
COMMAND: POST /session/8068150991763542753e5d368f2e808c/element/f.7F1AC3273160C970B6304C41D413DEA3.d.CDC095B3059E232F24D2D2AB8BB09C69.e.5565/elements - {"using":"css selector","value":"td"}
RESULT: {"using":"css selector","value":"td"}
COMMAND: POST /session/8068150991763542753e5d368f2e808c/element/f.7F1AC3273160C970B6304C41D413DEA3.d.CDC095B3059E232F24D2D2AB8BB09C69.e.5566/elements - {"using":"css selector","value":"td"}
RESULT: {"using":"css selector","value":"td"}
COMMAND: POST /session/8068150991763542753e5d368f2e808c/element/f.7F1AC3273160C970B6304C41D413DEA3.d.CDC095B3059E232F24D2D2AB8BB09C69.e.5567/elements - {"using":"css selector","value":"td"}
RESULT: {"using":"css selector","value":"td"}
COMMAND: POST /session/8068150991763542753e5d368f2e808c/element/f.7F1AC3273160C970B6304C41D413DEA3.d.CDC095B3059E232F24D2D2AB8BB09C69.e.5568/elements - {"using":"css selector","value":"td"}
RESULT: {"using":"css selector","value":"td"}
COMMAND: POST /session/8068150991763542753e5d368f2e808c/element/f.7F1AC3273160C970B6304C41D413DEA3.d.CDC095B3059E232F24D2D2AB8BB09C69.e.5569/elements - {"using":"css selector","value":"td"}
RESULT: {"using":"css selector","value":"td"}
COMMAND: POST /session/8068150991763542753e5d368f2e808c/element/f.7F1AC3273160C970B6304C41D413DEA3.d.CDC095B3059E232F24D2D2AB8BB09C69.e.5570/elements - {"using":"css selector","value":"td"}
RESULT: {"using":"css selector","value":"td"}
COMMAND: POST /session/8068150991763542753e5d368f2e808c/element/f.7F1AC3273160C970B6304C41D413DEA3.d.CDC095B3059E232F24D2D2AB8BB09C69.e.5571/elements - {"using":"css selector","value":"td"}
RESULT: {"using":"css selector","value":"td"}
COMMAND: POST /session/8068150991763542753e5d368f2e808c/element/f.7F1AC3273160C970B6304C41D413DEA3.d.CDC095B3059E232F24D2D2AB8BB09C69.e.5572/elements - {"using":"css selector","value":"td"}
RESULT: {"using":"css selector","value":"td"}
COMMAND: POST /session/8068150991763542753e5d368f2e808c/element/f.7F1AC3273160C970B6304C41D413DEA3.d.CDC095B3059E232F24D2D2AB8BB09C69.e.5573/elements - {"using":"css selector","value":"td"}
RESULT: {"using":"css selector","value":"td"}
COMMAND: POST /session/8068150991763542753e5d368f2e808c/element/f.7F1AC3273160C970B6304C41D413DEA3.d.CDC095B3059E232F24D2D2AB8BB09C69.e.5574/elements - {"using":"css selector","value":"td"}
RESULT: {"using":"css selector","value":"td"}
COMMAND: POST /session/8068150991763542753e5d368f2e808c/element/f.7F1AC3273160C970B6304C41D413DEA3.d.CDC095B3059E232F24D2D2AB8BB09C69.e.5575/elements - {"using":"css selector","value":"td"}
RESULT: {"using":"css selector","value":"td"}
COMMAND: POST /session/8068150991763542753e5d368f2e808c/element/f.7F1AC3273160C970B6304C41D413DEA3.d.CDC095B3059E232F24D2D2AB8BB09C69.e.5576/elements - {"using":"css selector","value":"td"}
RESULT: {"using":"css selector","value":"td"}
COMMAND: POST /session/8068150991763542753e5d368f2e808c/element/f.7F1AC3273160C970B6304C41D413DEA3.d.CDC095B3059E232F24D2D2AB8BB09C69.e.5577/elements - {"using":"css selector","value":"td"}
RESULT: {"using":"css selector","value":"td"}
COMMAND: POST /session/8068150991763542753e5d368f2e808c/element/f.7F1AC3273160C970B6304C41D413DEA3.d.CDC095B3059E232F24D2D2AB8BB09C69.e.5578/elements - {"using":"css selector","value":"td"}
RESULT: {"using":"css selector","value":"td"}
COMMAND: POST /session/8068150991763542753e5d368f2e808c/element/f.7F1AC3273160C970B6304C41D413DEA3.d.CDC095B3059E232F24D2D2AB8BB09C69.e.5579/elements - {"using":"css selector","value":"td"}
RESULT: {"using":"css selector","value":"td"}
COMMAND: POST /session/8068150991763542753e5d368f2e808c/element/f.7F1AC3273160C970B6304C41D413DEA3.d.CDC095B3059E232F24D2D2AB8BB09C69.e.5580/elements - {"using":"css selector","value":"td"}
RESULT: {"using":"css selector","value":"td"}
COMMAND: POST /session/8068150991763542753e5d368f2e808c/element/f.7F1AC3273160C970B6304C41D413DEA3.d.CDC095B3059E232F24D2D2AB8BB09C69.e.5581/elements - {"using":"css selector","value":"td"}
RESULT: {"using":"css selector","value":"td"}
COMMAND: POST /session/8068150991763542753e5d368f2e808c/element/f.7F1AC3273160C970B6304C41D413DEA3.d.CDC095B3059E232F24D2D2AB8BB09C69.e.5582/elements - {"using":"css selector","value":"td"}
RESULT: {"using":"css selector","value":"td"}
COMMAND: POST /session/8068150991763542753e5d368f2e808c/element/f.7F1AC3273160C970B6304C41D413DEA3.d.CDC095B3059E232F24D2D2AB8BB09C69.e.5583/elements - {"using":"css selector","value":"td"}
RESULT: {"using":"css selector","value":"td"}
COMMAND: POST /session/8068150991763542753e5d368f2e808c/element/f.7F1AC3273160C970B6304C41D413DEA3.d.CDC095B3059E232F24D2D2AB8BB09C69.e.5584/elements - {"using":"css selector","value":"td"}
RESULT: {"using":"css selector","value":"td"}
COMMAND: POST /session/8068150991763542753e5d368f2e808c/element/f.7F1AC3273160C970B6304C41D413DEA3.d.CDC095B3059E232F24D2D2AB8BB09C69.e.5585/elements - {"using":"css selector","value":"td"}
RESULT: {"using":"css selector","value":"td"}
COMMAND: POST /session/8068150991763542753e5d368f2e808c/element/f.7F1AC3273160C970B6304C41D413DEA3.d.CDC095B3059E232F24D2D2AB8BB09C69.e.5586/elements - {"using":"css selector","value":"td"}
RESULT: {"using":"css selector","value":"td"}
COMMAND: POST /session/8068150991763542753e5d368f2e808c/element/f.7F1AC3273160C970B6304C41D413DEA3.d.CDC095B3059E232F24D2D2AB8BB09C69.e.5587/elements - {"using":"css selector","value":"td"}
RESULT: {"using":"css selector","value":"td"}
COMMAND: POST /session/8068150991763542753e5d368f2e808c/element/f.7F1AC3273160C970B6304C41D413DEA3.d.CDC095B3059E232F24D2D2AB8BB09C69.e.5588/elements - {"using":"css selector","value":"td"}
RESULT: {"using":"css selector","value":"td"}
COMMAND: POST /session/8068150991763542753e5d368f2e808c/element/f.7F1AC3273160C970B6304C41D413DEA3.d.CDC095B3059E232F24D2D2AB8BB09C69.e.5589/elements - {"using":"css selector","value":"td"}
RESULT: {"using":"css selector","value":"td"}
COMMAND: POST /session/8068150991763542753e5d368f2e808c/element/f.7F1AC3273160C970B6304C41D413DEA3.d.CDC095B3059E232F24D2D2AB8BB09C69.e.5590/elements - {"using":"css selector","value":"td"}
RESULT: {"using":"css selector","value":"td"}
COMMAND: POST /session/8068150991763542753e5d368f2e808c/element/f.7F1AC3273160C970B6304C41D413DEA3.d.CDC095B3059E232F24D2D2AB8BB09C69.e.5591/elements - {"using":"css selector","value":"td"}
RESULT: {"using":"css selector","value":"td"}
COMMAND: POST /session/8068150991763542753e5d368f2e808c/element/f.7F1AC3273160C970B6304C41D413DEA3.d.CDC095B3059E232F24D2D2AB8BB09C69.e.5592/elements - {"using":"css selector","value":"td"}
RESULT: {"using":"css selector","value":"td"}
COMMAND: POST /session/8068150991763542753e5d368f2e808c/element/f.7F1AC3273160C970B6304C41D413DEA3.d.CDC095B3059E232F24D2D2AB8BB09C69.e.5593/elements - {"using":"css selector","value":"td"}
RESULT: {"using":"css selector","value":"td"}
COMMAND: POST /session/8068150991763542753e5d368f2e808c/element/f.7F1AC3273160C970B6304C41D413DEA3.d.CDC095B3059E232F24D2D2AB8BB09C69.e.5594/elements - {"using":"css selector","value":"td"}
RESULT: {"using":"css selector","value":"td"}
COMMAND: POST /session/8068150991763542753e5d368f2e808c/element/f.7F1AC3273160C970B6304C41D413DEA3.d.CDC095B3059E232F24D2D2AB8BB09C69.e.5595/elements - {"using":"css selector","value":"td"}
RESULT: {"using":"css selector","value":"td"}
COMMAND: POST /session/8068150991763542753e5d368f2e808c/element/f.7F1AC3273160C970B6304C41D413DEA3.d.CDC095B3059E232F24D2D2AB8BB09C69.e.5596/elements - {"using":"css selector","value":"td"}
RESULT: {"using":"css selector","value":"td"}
COMMAND: POST /session/8068150991763542753e5d368f2e808c/element/f.7F1AC3273160C970B6304C41D413DEA3.d.CDC095B3059E232F24D2D2AB8BB09C69.e.5597/elements - {"using":"css selector","value":"td"}
RESULT: {"using":"css selector","value":"td"}
COMMAND: POST /session/8068150991763542753e5d368f2e808c/element/f.7F1AC3273160C970B6304C41D413DEA3.d.CDC095B3059E232F24D2D2AB8BB09C69.e.5598/elements - {"using":"css selector","value":"td"}
RESULT: {"using":"css selector","value":"td"}
COMMAND: POST /session/8068150991763542753e5d368f2e808c/element/f.7F1AC3273160C970B6304C41D413DEA3.d.CDC095B3059E232F24D2D2AB8BB09C69.e.5599/elements - {"using":"css selector","value":"td"}
RESULT: {"using":"css selector","value":"td"}
COMMAND: POST /session/8068150991763542753e5d368f2e808c/element/f.7F1AC3273160C970B6304C41D413DEA3.d.CDC095B3059E232F24D2D2AB8BB09C69.e.5600/elements - {"using":"css selector","value":"td"}
RESULT: {"using":"css selector","value":"td"}
COMMAND: POST /session/8068150991763542753e5d368f2e808c/element/f.7F1AC3273160C970B6304C41D413DEA3.d.CDC095B3059E232F24D2D2AB8BB09C69.e.5601/elements - {"using":"css selector","value":"td"}
RESULT: {"using":"css selector","value":"td"}
COMMAND: POST /session/8068150991763542753e5d368f2e808c/element/f.7F1AC3273160C970B6304C41D413DEA3.d.CDC095B3059E232F24D2D2AB8BB09C69.e.5602/elements - {"using":"css selector","value":"td"}
RESULT: {"using":"css selector","value":"td"}
COMMAND: POST /session/8068150991763542753e5d368f2e808c/element/f.7F1AC3273160C970B6304C41D413DEA3.d.CDC095B3059E232F24D2D2AB8BB09C69.e.5603/elements - {"using":"css selector","value":"td"}
RESULT: {"using":"css selector","value":"td"}
COMMAND: POST /session/8068150991763542753e5d368f2e808c/element/f.7F1AC3273160C970B6304C41D413DEA3.d.CDC095B3059E232F24D2D2AB8BB09C69.e.5604/elements - {"using":"css selector","value":"td"}
RESULT: {"using":"css selector","value":"td"}
COMMAND: POST /session/8068150991763542753e5d368f2e808c/element/f.7F1AC3273160C970B6304C41D413DEA3.d.CDC095B3059E232F24D2D2AB8BB09C69.e.5605/elements - {"using":"css selector","value":"td"}
RESULT: {"using":"css selector","value":"td"}
COMMAND: POST /session/8068150991763542753e5d368f2e808c/element/f.7F1AC3273160C970B6304C41D413DEA3.d.CDC095B3059E232F24D2D2AB8BB09C69.e.5606/elements - {"using":"css selector","value":"td"}
RESULT: {"using":"css selector","value":"td"}
COMMAND: POST /session/8068150991763542753e5d368f2e808c/element/f.7F1AC3273160C970B6304C41D413DEA3.d.CDC095B3059E232F24D2D2AB8BB09C69.e.5607/elements - {"using":"css selector","value":"td"}
RESULT: {"using":"css selector","value":"td"}
COMMAND: POST /session/8068150991763542753e5d368f2e808c/element/f.7F1AC3273160C970B6304C41D413DEA3.d.CDC095B3059E232F24D2D2AB8BB09C69.e.5608/elements - {"using":"css selector","value":"td"}
RESULT: {"using":"css selector","value":"td"}
COMMAND: POST /session/8068150991763542753e5d368f2e808c/element/f.7F1AC3273160C970B6304C41D413DEA3.d.CDC095B3059E232F24D2D2AB8BB09C69.e.5609/elements - {"using":"css selector","value":"td"}
RESULT: {"using":"css selector","value":"td"}
COMMAND: POST /session/8068150991763542753e5d368f2e808c/element/f.7F1AC3273160C970B6304C41D413DEA3.d.CDC095B3059E232F24D2D2AB8BB09C69.e.5610/elements - {"using":"css selector","value":"td"}
RESULT: {"using":"css selector","value":"td"}
COMMAND: POST /session/8068150991763542753e5d368f2e808c/element/f.7F1AC3273160C970B6304C41D413DEA3.d.CDC095B3059E232F24D2D2AB8BB09C69.e.5611/elements - {"using":"css selector","value":"td"}
RESULT: {"using":"css selector","value":"td"}
COMMAND: POST /session/8068150991763542753e5d368f2e808c/element/f.7F1AC3273160C970B6304C41D413DEA3.d.CDC095B3059E232F24D2D2AB8BB09C69.e.5612/elements - {"using":"css selector","value":"td"}
RESULT: {"using":"css selector","value":"td"}
COMMAND: POST /session/8068150991763542753e5d368f2e808c/element/f.7F1AC3273160C970B6304C41D413DEA3.d.CDC095B3059E232F24D2D2AB8BB09C69.e.5613/elements - {"using":"css selector","value":"td"}
RESULT: {"using":"css selector","value":"td"}
COMMAND: POST /session/8068150991763542753e5d368f2e808c/element/f.7F1AC3273160C970B6304C41D413DEA3.d.CDC095B3059E232F24D2D2AB8BB09C69.e.5614/elements - {"using":"css selector","value":"td"}
RESULT: {"using":"css selector","value":"td"}
COMMAND: POST /session/8068150991763542753e5d368f2e808c/element/f.7F1AC3273160C970B6304C41D413DEA3.d.CDC095B3059E232F24D2D2AB8BB09C69.e.5615/elements - {"using":"css selector","value":"td"}
RESULT: {"using":"css selector","value":"td"}
COMMAND: POST /session/8068150991763542753e5d368f2e808c/element/f.7F1AC3273160C970B6304C41D413DEA3.d.CDC095B3059E232F24D2D2AB8BB09C69.e.5616/elements - {"using":"css selector","value":"td"}
RESULT: {"using":"css selector","value":"td"}
COMMAND: POST /session/8068150991763542753e5d368f2e808c/element/f.7F1AC3273160C970B6304C41D413DEA3.d.CDC095B3059E232F24D2D2AB8BB09C69.e.5617/elements - {"using":"css selector","value":"td"}
RESULT: {"using":"css selector","value":"td"}
COMMAND: POST /session/8068150991763542753e5d368f2e808c/element/f.7F1AC3273160C970B6304C41D413DEA3.d.CDC095B3059E232F24D2D2AB8BB09C69.e.5618/elements - {"using":"css selector","value":"td"}
RESULT: {"using":"css selector","value":"td"}
COMMAND: POST /session/8068150991763542753e5d368f2e808c/element/f.7F1AC3273160C970B6304C41D413DEA3.d.CDC095B3059E232F24D2D2AB8BB09C69.e.5619/elements - {"using":"css selector","value":"td"}
RESULT: {"using":"css selector","value":"td"}
COMMAND: POST /session/8068150991763542753e5d368f2e808c/element/f.7F1AC3273160C970B6304C41D413DEA3.d.CDC095B3059E232F24D2D2AB8BB09C69.e.5620/elements - {"using":"css selector","value":"td"}
RESULT: {"using":"css selector","value":"td"}
COMMAND: POST /session/8068150991763542753e5d368f2e808c/element/f.7F1AC3273160C970B6304C41D413DEA3.d.CDC095B3059E232F24D2D2AB8BB09C69.e.5621/elements - {"using":"css selector","value":"td"}
RESULT: {"using":"css selector","value":"td"}
COMMAND: POST /session/8068150991763542753e5d368f2e808c/element/f.7F1AC3273160C970B6304C41D413DEA3.d.CDC095B3059E232F24D2D2AB8BB09C69.e.5622/elements - {"using":"css selector","value":"td"}
RESULT: {"using":"css selector","value":"td"}
COMMAND: POST /session/8068150991763542753e5d368f2e808c/element/f.7F1AC3273160C970B6304C41D413DEA3.d.CDC095B3059E232F24D2D2AB8BB09C69.e.5623/elements - {"using":"css selector","value":"td"}
RESULT: {"using":"css selector","value":"td"}
COMMAND: POST /session/8068150991763542753e5d368f2e808c/element/f.7F1AC3273160C970B6304C41D413DEA3.d.CDC095B3059E232F24D2D2AB8BB09C69.e.5624/elements - {"using":"css selector","value":"td"}
RESULT: {"using":"css selector","value":"td"}
COMMAND: POST /session/8068150991763542753e5d368f2e808c/element/f.7F1AC3273160C970B6304C41D413DEA3.d.CDC095B3059E232F24D2D2AB8BB09C69.e.5625/elements - {"using":"css selector","value":"td"}
RESULT: {"using":"css selector","value":"td"}
COMMAND: POST /session/8068150991763542753e5d368f2e808c/element/f.7F1AC3273160C970B6304C41D413DEA3.d.CDC095B3059E232F24D2D2AB8BB09C69.e.5626/elements - {"using":"css selector","value":"td"}
RESULT: {"using":"css selector","value":"td"}
COMMAND: POST /session/8068150991763542753e5d368f2e808c/element/f.7F1AC3273160C970B6304C41D413DEA3.d.CDC095B3059E232F24D2D2AB8BB09C69.e.5627/elements - {"using":"css selector","value":"td"}
RESULT: {"using":"css selector","value":"td"}
COMMAND: POST /session/8068150991763542753e5d368f2e808c/element/f.7F1AC3273160C970B6304C41D413DEA3.d.CDC095B3059E232F24D2D2AB8BB09C69.e.5628/elements - {"using":"css selector","value":"td"}
RESULT: {"using":"css selector","value":"td"}
COMMAND: POST /session/8068150991763542753e5d368f2e808c/element/f.7F1AC3273160C970B6304C41D413DEA3.d.CDC095B3059E232F24D2D2AB8BB09C69.e.5629/elements - {"using":"css selector","value":"td"}
RESULT: {"using":"css selector","value":"td"}
COMMAND: POST /session/8068150991763542753e5d368f2e808c/element/f.7F1AC3273160C970B6304C41D413DEA3.d.CDC095B3059E232F24D2D2AB8BB09C69.e.5630/elements - {"using":"css selector","value":"td"}
RESULT: {"using":"css selector","value":"td"}
COMMAND: POST /session/8068150991763542753e5d368f2e808c/element/f.7F1AC3273160C970B6304C41D413DEA3.d.CDC095B3059E232F24D2D2AB8BB09C69.e.5631/elements - {"using":"css selector","value":"td"}
RESULT: {"using":"css selector","value":"td"}
COMMAND: POST /session/8068150991763542753e5d368f2e808c/element/f.7F1AC3273160C970B6304C41D413DEA3.d.CDC095B3059E232F24D2D2AB8BB09C69.e.5632/elements - {"using":"css selector","value":"td"}
RESULT: {"using":"css selector","value":"td"}
COMMAND: POST /session/8068150991763542753e5d368f2e808c/element/f.7F1AC3273160C970B6304C41D413DEA3.d.CDC095B3059E232F24D2D2AB8BB09C69.e.5633/elements - {"using":"css selector","value":"td"}
RESULT: {"using":"css selector","value":"td"}
COMMAND: POST /session/8068150991763542753e5d368f2e808c/element/f.7F1AC3273160C970B6304C41D413DEA3.d.CDC095B3059E232F24D2D2AB8BB09C69.e.5634/elements - {"using":"css selector","value":"td"}
RESULT: {"using":"css selector","value":"td"}
COMMAND: POST /session/8068150991763542753e5d368f2e808c/element/f.7F1AC3273160C970B6304C41D413DEA3.d.CDC095B3059E232F24D2D2AB8BB09C69.e.5635/elements - {"using":"css selector","value":"td"}
RESULT: {"using":"css selector","value":"td"}
COMMAND: POST /session/8068150991763542753e5d368f2e808c/element/f.7F1AC3273160C970B6304C41D413DEA3.d.CDC095B3059E232F24D2D2AB8BB09C69.e.5636/elements - {"using":"css selector","value":"td"}
RESULT: {"using":"css selector","value":"td"}
COMMAND: POST /session/8068150991763542753e5d368f2e808c/element/f.7F1AC3273160C970B6304C41D413DEA3.d.CDC095B3059E232F24D2D2AB8BB09C69.e.5637/elements - {"using":"css selector","value":"td"}
RESULT: {"using":"css selector","value":"td"}
COMMAND: POST /session/8068150991763542753e5d368f2e808c/element/f.7F1AC3273160C970B6304C41D413DEA3.d.CDC095B3059E232F24D2D2AB8BB09C69.e.5638/elements - {"using":"css selector","value":"td"}
RESULT: {"using":"css selector","value":"td"}
COMMAND: POST /session/8068150991763542753e5d368f2e808c/element/f.7F1AC3273160C970B6304C41D413DEA3.d.CDC095B3059E232F24D2D2AB8BB09C69.e.5639/elements - {"using":"css selector","value":"td"}
RESULT: {"using":"css selector","value":"td"}
COMMAND: POST /session/8068150991763542753e5d368f2e808c/element/f.7F1AC3273160C970B6304C41D413DEA3.d.CDC095B3059E232F24D2D2AB8BB09C69.e.5640/elements - {"using":"css selector","value":"td"}
RESULT: {"using":"css selector","value":"td"}
COMMAND: POST /session/8068150991763542753e5d368f2e808c/element/f.7F1AC3273160C970B6304C41D413DEA3.d.CDC095B3059E232F24D2D2AB8BB09C69.e.5641/elements - {"using":"css selector","value":"td"}
RESULT: {"using":"css selector","value":"td"}
COMMAND: POST /session/8068150991763542753e5d368f2e808c/element/f.7F1AC3273160C970B6304C41D413DEA3.d.CDC095B3059E232F24D2D2AB8BB09C69.e.5642/elements - {"using":"css selector","value":"td"}
RESULT: {"using":"css selector","value":"td"}
COMMAND: POST /session/8068150991763542753e5d368f2e808c/element/f.7F1AC3273160C970B6304C41D413DEA3.d.CDC095B3059E232F24D2D2AB8BB09C69.e.5643/elements - {"using":"css selector","value":"td"}
RESULT: {"using":"css selector","value":"td"}
COMMAND: POST /session/8068150991763542753e5d368f2e808c/element/f.7F1AC3273160C970B6304C41D413DEA3.d.CDC095B3059E232F24D2D2AB8BB09C69.e.5644/elements - {"using":"css selector","value":"td"}
RESULT: {"using":"css selector","value":"td"}
COMMAND: POST /session/8068150991763542753e5d368f2e808c/element/f.7F1AC3273160C970B6304C41D413DEA3.d.CDC095B3059E232F24D2D2AB8BB09C69.e.5645/elements - {"using":"css selector","value":"td"}
RESULT: {"using":"css selector","value":"td"}
COMMAND: POST /session/8068150991763542753e5d368f2e808c/element/f.7F1AC3273160C970B6304C41D413DEA3.d.CDC095B3059E232F24D2D2AB8BB09C69.e.5646/elements - {"using":"css selector","value":"td"}
RESULT: {"using":"css selector","value":"td"}
COMMAND: POST /session/8068150991763542753e5d368f2e808c/element/f.7F1AC3273160C970B6304C41D413DEA3.d.CDC095B3059E232F24D2D2AB8BB09C69.e.5647/elements - {"using":"css selector","value":"td"}
RESULT: {"using":"css selector","value":"td"}
COMMAND: POST /session/8068150991763542753e5d368f2e808c/element/f.7F1AC3273160C970B6304C41D413DEA3.d.CDC095B3059E232F24D2D2AB8BB09C69.e.5648/elements - {"using":"css selector","value":"td"}
RESULT: {"using":"css selector","value":"td"}
COMMAND: POST /session/8068150991763542753e5d368f2e808c/element/f.7F1AC3273160C970B6304C41D413DEA3.d.CDC095B3059E232F24D2D2AB8BB09C69.e.5649/elements - {"using":"css selector","value":"td"}
RESULT: {"using":"css selector","value":"td"}
COMMAND: POST /session/8068150991763542753e5d368f2e808c/element/f.7F1AC3273160C970B6304C41D413DEA3.d.CDC095B3059E232F24D2D2AB8BB09C69.e.5650/elements - {"using":"css selector","value":"td"}
RESULT: {"using":"css selector","value":"td"}
COMMAND: POST /session/8068150991763542753e5d368f2e808c/element/f.7F1AC3273160C970B6304C41D413DEA3.d.CDC095B3059E232F24D2D2AB8BB09C69.e.5651/elements - {"using":"css selector","value":"td"}
RESULT: {"using":"css selector","value":"td"}
COMMAND: POST /session/8068150991763542753e5d368f2e808c/element/f.7F1AC3273160C970B6304C41D413DEA3.d.CDC095B3059E232F24D2D2AB8BB09C69.e.5652/elements - {"using":"css selector","value":"td"}
RESULT: {"using":"css selector","value":"td"}
COMMAND: POST /session/8068150991763542753e5d368f2e808c/element/f.7F1AC3273160C970B6304C41D413DEA3.d.CDC095B3059E232F24D2D2AB8BB09C69.e.5653/elements - {"using":"css selector","value":"td"}
RESULT: {"using":"css selector","value":"td"}
COMMAND: POST /session/8068150991763542753e5d368f2e808c/element/f.7F1AC3273160C970B6304C41D413DEA3.d.CDC095B3059E232F24D2D2AB8BB09C69.e.5654/elements - {"using":"css selector","value":"td"}
RESULT: {"using":"css selector","value":"td"}
COMMAND: POST /session/8068150991763542753e5d368f2e808c/element/f.7F1AC3273160C970B6304C41D413DEA3.d.CDC095B3059E232F24D2D2AB8BB09C69.e.5655/elements - {"using":"css selector","value":"td"}
RESULT: {"using":"css selector","value":"td"}
COMMAND: POST /session/8068150991763542753e5d368f2e808c/element/f.7F1AC3273160C970B6304C41D413DEA3.d.CDC095B3059E232F24D2D2AB8BB09C69.e.5656/elements - {"using":"css selector","value":"td"}
RESULT: {"using":"css selector","value":"td"}
COMMAND: POST /session/8068150991763542753e5d368f2e808c/element/f.7F1AC3273160C970B6304C41D413DEA3.d.CDC095B3059E232F24D2D2AB8BB09C69.e.5657/elements - {"using":"css selector","value":"td"}
RESULT: {"using":"css selector","value":"td"}
COMMAND: POST /session/8068150991763542753e5d368f2e808c/element/f.7F1AC3273160C970B6304C41D413DEA3.d.CDC095B3059E232F24D2D2AB8BB09C69.e.5658/elements - {"using":"css selector","value":"td"}
RESULT: {"using":"css selector","value":"td"}
COMMAND: POST /session/8068150991763542753e5d368f2e808c/element/f.7F1AC3273160C970B6304C41D413DEA3.d.CDC095B3059E232F24D2D2AB8BB09C69.e.5659/elements - {"using":"css selector","value":"td"}
RESULT: {"using":"css selector","value":"td"}
COMMAND: POST /session/8068150991763542753e5d368f2e808c/element/f.7F1AC3273160C970B6304C41D413DEA3.d.CDC095B3059E232F24D2D2AB8BB09C69.e.5660/elements - {"using":"css selector","value":"td"}
RESULT: {"using":"css selector","value":"td"}
COMMAND: POST /session/8068150991763542753e5d368f2e808c/element/f.7F1AC3273160C970B6304C41D413DEA3.d.CDC095B3059E232F24D2D2AB8BB09C69.e.5661/elements - {"using":"css selector","value":"td"}
RESULT: {"using":"css selector","value":"td"}
COMMAND: POST /session/8068150991763542753e5d368f2e808c/element/f.7F1AC3273160C970B6304C41D413DEA3.d.CDC095B3059E232F24D2D2AB8BB09C69.e.5662/elements - {"using":"css selector","value":"td"}
RESULT: {"using":"css selector","value":"td"}
COMMAND: POST /session/8068150991763542753e5d368f2e808c/element/f.7F1AC3273160C970B6304C41D413DEA3.d.CDC095B3059E232F24D2D2AB8BB09C69.e.5663/elements - {"using":"css selector","value":"td"}
RESULT: {"using":"css selector","value":"td"}
COMMAND: POST /session/8068150991763542753e5d368f2e808c/element/f.7F1AC3273160C970B6304C41D413DEA3.d.CDC095B3059E232F24D2D2AB8BB09C69.e.5664/elements - {"using":"css selector","value":"td"}
RESULT: {"using":"css selector","value":"td"}
COMMAND: POST /session/8068150991763542753e5d368f2e808c/element/f.7F1AC3273160C970B6304C41D413DEA3.d.CDC095B3059E232F24D2D2AB8BB09C69.e.5665/elements - {"using":"css selector","value":"td"}
RESULT: {"using":"css selector","value":"td"}
COMMAND: POST /session/8068150991763542753e5d368f2e808c/element/f.7F1AC3273160C970B6304C41D413DEA3.d.CDC095B3059E232F24D2D2AB8BB09C69.e.5666/elements - {"using":"css selector","value":"td"}
RESULT: {"using":"css selector","value":"td"}
COMMAND: POST /session/8068150991763542753e5d368f2e808c/element/f.7F1AC3273160C970B6304C41D413DEA3.d.CDC095B3059E232F24D2D2AB8BB09C69.e.5667/elements - {"using":"css selector","value":"td"}
RESULT: {"using":"css selector","value":"td"}
COMMAND: POST /session/8068150991763542753e5d368f2e808c/element/f.7F1AC3273160C970B6304C41D413DEA3.d.CDC095B3059E232F24D2D2AB8BB09C69.e.5668/elements - {"using":"css selector","value":"td"}
RESULT: {"using":"css selector","value":"td"}
COMMAND: POST /session/8068150991763542753e5d368f2e808c/element/f.7F1AC3273160C970B6304C41D413DEA3.d.CDC095B3059E232F24D2D2AB8BB09C69.e.5669/elements - {"using":"css selector","value":"td"}
RESULT: {"using":"css selector","value":"td"}
COMMAND: POST /session/8068150991763542753e5d368f2e808c/element/f.7F1AC3273160C970B6304C41D413DEA3.d.CDC095B3059E232F24D2D2AB8BB09C69.e.5670/elements - {"using":"css selector","value":"td"}
RESULT: {"using":"css selector","value":"td"}
COMMAND: POST /session/8068150991763542753e5d368f2e808c/element/f.7F1AC3273160C970B6304C41D413DEA3.d.CDC095B3059E232F24D2D2AB8BB09C69.e.5671/elements - {"using":"css selector","value":"td"}
RESULT: {"using":"css selector","value":"td"}
COMMAND: POST /session/8068150991763542753e5d368f2e808c/element/f.7F1AC3273160C970B6304C41D413DEA3.d.CDC095B3059E232F24D2D2AB8BB09C69.e.5672/elements - {"using":"css selector","value":"td"}
RESULT: {"using":"css selector","value":"td"}
COMMAND: POST /session/8068150991763542753e5d368f2e808c/element/f.7F1AC3273160C970B6304C41D413DEA3.d.CDC095B3059E232F24D2D2AB8BB09C69.e.5694/element - {"using":"css selector","value":"input"}
RESULT: {"using":"css selector","value":"input"}
COMMAND: GET /session/8068150991763542753e5d368f2e808c/element/f.7F1AC3273160C970B6304C41D413DEA3.d.CDC095B3059E232F24D2D2AB8BB09C69.e.5677/property/value - {}
RESULT: {}
COMMAND: POST /session/8068150991763542753e5d368f2e808c/element/f.7F1AC3273160C970B6304C41D413DEA3.d.CDC095B3059E232F24D2D2AB8BB09C69.e.5672/element - {"using":"css selector","value":".sapMCbBg"}
COMMAND: GET /session/8068150991763542753e5d368f2e808c/screenshot - {}
RESULT: {"using":"css selector","value":".sapMCbBg"}
COMMAND: GET /session/8068150991763542753e5d368f2e808c/element/f.7F1AC3273160C970B6304C41D413DEA3.d.CDC095B3059E232F24D2D2AB8BB09C69.e.6566/selected - {}
RESULT: {}
RESULT: {}
COMMAND: POST /session/8068150991763542753e5d368f2e808c/element/f.7F1AC3273160C970B6304C41D413DEA3.d.CDC095B3059E232F24D2D2AB8BB09C69.e.6566/click - {}
COMMAND: GET /session/8068150991763542753e5d368f2e808c/screenshot - {}
RESULT: {}
COMMAND: POST /session/8068150991763542753e5d368f2e808c/element/f.7F1AC3273160C970B6304C41D413DEA3.d.CDC095B3059E232F24D2D2AB8BB09C69.e.5703/elements - {"using":"css selector","value":"td"}
COMMAND: GET /session/8068150991763542753e5d368f2e808c/screenshot - {}
RESULT: {}
RESULT: {"using":"css selector","value":"td"}
COMMAND: POST /session/8068150991763542753e5d368f2e808c/element/f.7F1AC3273160C970B6304C41D413DEA3.d.CDC095B3059E232F24D2D2AB8BB09C69.e.5725/element - {"using":"css selector","value":"input"}
RESULT: {}
RESULT: {"using":"css selector","value":"input"}
COMMAND: GET /session/8068150991763542753e5d368f2e808c/element/f.7F1AC3273160C970B6304C41D413DEA3.d.CDC095B3059E232F24D2D2AB8BB09C69.e.5708/property/value - {}
RESULT: {}
COMMAND: POST /session/8068150991763542753e5d368f2e808c/element/f.7F1AC3273160C970B6304C41D413DEA3.d.CDC095B3059E232F24D2D2AB8BB09C69.e.5703/element - {"using":"css selector","value":".sapMCbBg"}
COMMAND: GET /session/8068150991763542753e5d368f2e808c/screenshot - {}
RESULT: {}
RESULT: {"using":"css selector","value":".sapMCbBg"}
COMMAND: GET /session/8068150991763542753e5d368f2e808c/element/f.7F1AC3273160C970B6304C41D413DEA3.d.CDC095B3059E232F24D2D2AB8BB09C69.e.6570/selected - {}
RESULT: {}
COMMAND: POST /session/8068150991763542753e5d368f2e808c/element/f.7F1AC3273160C970B6304C41D413DEA3.d.CDC095B3059E232F24D2D2AB8BB09C69.e.6570/click - {}
COMMAND: GET /session/8068150991763542753e5d368f2e808c/screenshot - {}
RESULT: {}
COMMAND: GET /session/8068150991763542753e5d368f2e808c/screenshot - {}
RESULT: {}
RESULT: {}
COMMAND: POST /session/8068150991763542753e5d368f2e808c/execute/async - {"script":"<script> [1562 bytes]","args":[{"selector":{"id":"application-manageconditionprice-display-component---dailyPrices--deleteBtn","interaction":{"idSuffix":"content"}},"wdio_ui5_key":"applicationmanageconditionprice-display-component---dailyPrices--deleteBtn"}]}
RESULT: {"script":"<script> [1562 bytes]","args":[{"selector":{"id":"application-manageconditionprice-display-component---dailyPrices--deleteBtn","interaction":{"idSuffix":"content"}},"wdio_ui5_key":"applicationmanageconditionprice-display-component---dailyPrices--deleteBtn"}]}
RESULT: undefined
COMMAND: POST /session/8068150991763542753e5d368f2e808c/element - {"using":"xpath","value":"//*[@id=\"application-manageconditionprice-display-component---dailyPrices--deleteBtn\"]"}
RESULT: {"using":"xpath","value":"//*[@id=\"application-manageconditionprice-display-component---dailyPrices--deleteBtn\"]"}
COMMAND: POST /session/8068150991763542753e5d368f2e808c/element/f.7F1AC3273160C970B6304C41D413DEA3.d.CDC095B3059E232F24D2D2AB8BB09C69.e.6572/click - {}
RESULT: {}
COMMAND: POST /session/8068150991763542753e5d368f2e808c/execute/async - {"script":"<script> [1562 bytes]","args":[{"selector":{"controlType":"sap.m.Button","properties":{"text":"OK"},"searchOpenDialogs":true,"interaction":{"idSuffix":"BDI-content"}},"wdio_ui5_key":"sapm.Button{\"text\":\"OK\"}"}]}
COMMAND: GET /session/8068150991763542753e5d368f2e808c/screenshot - {}
RESULT: {"script":"<script> [1562 bytes]","args":[{"selector":{"controlType":"sap.m.Button","properties":{"text":"OK"},"searchOpenDialogs":true,"interaction":{"idSuffix":"BDI-content"}},"wdio_ui5_key":"sapm.Button{\"text\":\"OK\"}"}]}
RESULT: undefined
COMMAND: POST /session/8068150991763542753e5d368f2e808c/element - {"using":"xpath","value":"//*[@id=\"__mbox-btn-0\"]"}
RESULT: {}
RESULT: {"using":"xpath","value":"//*[@id=\"__mbox-btn-0\"]"}
COMMAND: POST /session/8068150991763542753e5d368f2e808c/element/f.7F1AC3273160C970B6304C41D413DEA3.d.CDC095B3059E232F24D2D2AB8BB09C69.e.6573/click - {}
RESULT: {}
COMMAND: GET /session/8068150991763542753e5d368f2e808c/screenshot - {}
RESULT: {}
RESULT: undefined
COMMAND: POST /session/8068150991763542753e5d368f2e808c/element - {"using":"xpath","value":"//*[@id=\"__button8\"]"}
RESULT: {"using":"xpath","value":"//*[@id=\"__button8\"]"}
COMMAND: POST /session/8068150991763542753e5d368f2e808c/element/f.7F1AC3273160C970B6304C41D413DEA3.d.CDC095B3059E232F24D2D2AB8BB09C69.e.5761/click - {}
RESULT: {}
COMMAND: GET /session/8068150991763542753e5d368f2e808c/screenshot - {}
RESULT: {}
COMMAND: POST /session/8068150991763542753e5d368f2e808c/elements - {"using":"css selector","value":"table tr"}
RESULT: {"using":"css selector","value":"table tr"}
COMMAND: POST /session/8068150991763542753e5d368f2e808c/element/f.7F1AC3273160C970B6304C41D413DEA3.d.CDC095B3059E232F24D2D2AB8BB09C69.e.5476/elements - {"using":"css selector","value":"td"}
RESULT: {"using":"css selector","value":"td"}
COMMAND: POST /session/8068150991763542753e5d368f2e808c/element/f.7F1AC3273160C970B6304C41D413DEA3.d.CDC095B3059E232F24D2D2AB8BB09C69.e.5477/elements - {"using":"css selector","value":"td"}
RESULT: {"using":"css selector","value":"td"}
COMMAND: POST /session/8068150991763542753e5d368f2e808c/element/f.7F1AC3273160C970B6304C41D413DEA3.d.CDC095B3059E232F24D2D2AB8BB09C69.e.5478/elements - {"using":"css selector","value":"td"}
RESULT: {"using":"css selector","value":"td"}
COMMAND: POST /session/8068150991763542753e5d368f2e808c/element/f.7F1AC3273160C970B6304C41D413DEA3.d.CDC095B3059E232F24D2D2AB8BB09C69.e.5433/elements - {"using":"css selector","value":"td"}
RESULT: {"using":"css selector","value":"td"}
COMMAND: POST /session/8068150991763542753e5d368f2e808c/element/f.7F1AC3273160C970B6304C41D413DEA3.d.CDC095B3059E232F24D2D2AB8BB09C69.e.5434/elements - {"using":"css selector","value":"td"}
RESULT: {"using":"css selector","value":"td"}
COMMAND: POST /session/8068150991763542753e5d368f2e808c/element/f.7F1AC3273160C970B6304C41D413DEA3.d.CDC095B3059E232F24D2D2AB8BB09C69.e.5411/elements - {"using":"css selector","value":"td"}
RESULT: {"using":"css selector","value":"td"}
COMMAND: POST /session/8068150991763542753e5d368f2e808c/element/f.7F1AC3273160C970B6304C41D413DEA3.d.CDC095B3059E232F24D2D2AB8BB09C69.e.5412/elements - {"using":"css selector","value":"td"}
RESULT: {"using":"css selector","value":"td"}
COMMAND: POST /session/8068150991763542753e5d368f2e808c/element/f.7F1AC3273160C970B6304C41D413DEA3.d.CDC095B3059E232F24D2D2AB8BB09C69.e.5418/elements - {"using":"css selector","value":"td"}
RESULT: {"using":"css selector","value":"td"}
COMMAND: POST /session/8068150991763542753e5d368f2e808c/element/f.7F1AC3273160C970B6304C41D413DEA3.d.CDC095B3059E232F24D2D2AB8BB09C69.e.5419/elements - {"using":"css selector","value":"td"}
RESULT: {"using":"css selector","value":"td"}
COMMAND: POST /session/8068150991763542753e5d368f2e808c/element/f.7F1AC3273160C970B6304C41D413DEA3.d.CDC095B3059E232F24D2D2AB8BB09C69.e.5425/elements - {"using":"css selector","value":"td"}
RESULT: {"using":"css selector","value":"td"}
COMMAND: POST /session/8068150991763542753e5d368f2e808c/element/f.7F1AC3273160C970B6304C41D413DEA3.d.CDC095B3059E232F24D2D2AB8BB09C69.e.5479/elements - {"using":"css selector","value":"td"}
RESULT: {"using":"css selector","value":"td"}
COMMAND: POST /session/8068150991763542753e5d368f2e808c/element/f.7F1AC3273160C970B6304C41D413DEA3.d.CDC095B3059E232F24D2D2AB8BB09C69.e.5480/elements - {"using":"css selector","value":"td"}
RESULT: {"using":"css selector","value":"td"}
COMMAND: POST /session/8068150991763542753e5d368f2e808c/element/f.7F1AC3273160C970B6304C41D413DEA3.d.CDC095B3059E232F24D2D2AB8BB09C69.e.5481/elements - {"using":"css selector","value":"td"}
RESULT: {"using":"css selector","value":"td"}
COMMAND: POST /session/8068150991763542753e5d368f2e808c/element/f.7F1AC3273160C970B6304C41D413DEA3.d.CDC095B3059E232F24D2D2AB8BB09C69.e.5482/elements - {"using":"css selector","value":"td"}
RESULT: {"using":"css selector","value":"td"}
COMMAND: POST /session/8068150991763542753e5d368f2e808c/element/f.7F1AC3273160C970B6304C41D413DEA3.d.CDC095B3059E232F24D2D2AB8BB09C69.e.5483/elements - {"using":"css selector","value":"td"}
RESULT: {"using":"css selector","value":"td"}
COMMAND: POST /session/8068150991763542753e5d368f2e808c/element/f.7F1AC3273160C970B6304C41D413DEA3.d.CDC095B3059E232F24D2D2AB8BB09C69.e.5484/elements - {"using":"css selector","value":"td"}
RESULT: {"using":"css selector","value":"td"}
COMMAND: POST /session/8068150991763542753e5d368f2e808c/element/f.7F1AC3273160C970B6304C41D413DEA3.d.CDC095B3059E232F24D2D2AB8BB09C69.e.5485/elements - {"using":"css selector","value":"td"}
RESULT: {"using":"css selector","value":"td"}
COMMAND: POST /session/8068150991763542753e5d368f2e808c/element/f.7F1AC3273160C970B6304C41D413DEA3.d.CDC095B3059E232F24D2D2AB8BB09C69.e.5486/elements - {"using":"css selector","value":"td"}
RESULT: {"using":"css selector","value":"td"}
COMMAND: POST /session/8068150991763542753e5d368f2e808c/element/f.7F1AC3273160C970B6304C41D413DEA3.d.CDC095B3059E232F24D2D2AB8BB09C69.e.5487/elements - {"using":"css selector","value":"td"}
RESULT: {"using":"css selector","value":"td"}
COMMAND: POST /session/8068150991763542753e5d368f2e808c/element/f.7F1AC3273160C970B6304C41D413DEA3.d.CDC095B3059E232F24D2D2AB8BB09C69.e.5488/elements - {"using":"css selector","value":"td"}
RESULT: {"using":"css selector","value":"td"}
COMMAND: POST /session/8068150991763542753e5d368f2e808c/element/f.7F1AC3273160C970B6304C41D413DEA3.d.CDC095B3059E232F24D2D2AB8BB09C69.e.5489/elements - {"using":"css selector","value":"td"}
RESULT: {"using":"css selector","value":"td"}
COMMAND: POST /session/8068150991763542753e5d368f2e808c/element/f.7F1AC3273160C970B6304C41D413DEA3.d.CDC095B3059E232F24D2D2AB8BB09C69.e.5490/elements - {"using":"css selector","value":"td"}
RESULT: {"using":"css selector","value":"td"}
COMMAND: POST /session/8068150991763542753e5d368f2e808c/element/f.7F1AC3273160C970B6304C41D413DEA3.d.CDC095B3059E232F24D2D2AB8BB09C69.e.5491/elements - {"using":"css selector","value":"td"}
RESULT: {"using":"css selector","value":"td"}
COMMAND: POST /session/8068150991763542753e5d368f2e808c/element/f.7F1AC3273160C970B6304C41D413DEA3.d.CDC095B3059E232F24D2D2AB8BB09C69.e.5492/elements - {"using":"css selector","value":"td"}
RESULT: {"using":"css selector","value":"td"}
COMMAND: POST /session/8068150991763542753e5d368f2e808c/element/f.7F1AC3273160C970B6304C41D413DEA3.d.CDC095B3059E232F24D2D2AB8BB09C69.e.5493/elements - {"using":"css selector","value":"td"}
RESULT: {"using":"css selector","value":"td"}
COMMAND: POST /session/8068150991763542753e5d368f2e808c/element/f.7F1AC3273160C970B6304C41D413DEA3.d.CDC095B3059E232F24D2D2AB8BB09C69.e.5494/elements - {"using":"css selector","value":"td"}
RESULT: {"using":"css selector","value":"td"}
COMMAND: POST /session/8068150991763542753e5d368f2e808c/element/f.7F1AC3273160C970B6304C41D413DEA3.d.CDC095B3059E232F24D2D2AB8BB09C69.e.5495/elements - {"using":"css selector","value":"td"}
RESULT: {"using":"css selector","value":"td"}
COMMAND: POST /session/8068150991763542753e5d368f2e808c/element/f.7F1AC3273160C970B6304C41D413DEA3.d.CDC095B3059E232F24D2D2AB8BB09C69.e.5496/elements - {"using":"css selector","value":"td"}
RESULT: {"using":"css selector","value":"td"}
COMMAND: POST /session/8068150991763542753e5d368f2e808c/element/f.7F1AC3273160C970B6304C41D413DEA3.d.CDC095B3059E232F24D2D2AB8BB09C69.e.5497/elements - {"using":"css selector","value":"td"}
RESULT: {"using":"css selector","value":"td"}
COMMAND: POST /session/8068150991763542753e5d368f2e808c/element/f.7F1AC3273160C970B6304C41D413DEA3.d.CDC095B3059E232F24D2D2AB8BB09C69.e.5498/elements - {"using":"css selector","value":"td"}
RESULT: {"using":"css selector","value":"td"}
COMMAND: POST /session/8068150991763542753e5d368f2e808c/element/f.7F1AC3273160C970B6304C41D413DEA3.d.CDC095B3059E232F24D2D2AB8BB09C69.e.5499/elements - {"using":"css selector","value":"td"}
RESULT: {"using":"css selector","value":"td"}
COMMAND: POST /session/8068150991763542753e5d368f2e808c/element/f.7F1AC3273160C970B6304C41D413DEA3.d.CDC095B3059E232F24D2D2AB8BB09C69.e.5500/elements - {"using":"css selector","value":"td"}
RESULT: {"using":"css selector","value":"td"}
COMMAND: POST /session/8068150991763542753e5d368f2e808c/element/f.7F1AC3273160C970B6304C41D413DEA3.d.CDC095B3059E232F24D2D2AB8BB09C69.e.5501/elements - {"using":"css selector","value":"td"}
RESULT: {"using":"css selector","value":"td"}
COMMAND: POST /session/8068150991763542753e5d368f2e808c/element/f.7F1AC3273160C970B6304C41D413DEA3.d.CDC095B3059E232F24D2D2AB8BB09C69.e.5502/elements - {"using":"css selector","value":"td"}
RESULT: {"using":"css selector","value":"td"}
COMMAND: POST /session/8068150991763542753e5d368f2e808c/element/f.7F1AC3273160C970B6304C41D413DEA3.d.CDC095B3059E232F24D2D2AB8BB09C69.e.5503/elements - {"using":"css selector","value":"td"}
RESULT: {"using":"css selector","value":"td"}
COMMAND: POST /session/8068150991763542753e5d368f2e808c/element/f.7F1AC3273160C970B6304C41D413DEA3.d.CDC095B3059E232F24D2D2AB8BB09C69.e.5504/elements - {"using":"css selector","value":"td"}
RESULT: {"using":"css selector","value":"td"}
COMMAND: POST /session/8068150991763542753e5d368f2e808c/element/f.7F1AC3273160C970B6304C41D413DEA3.d.CDC095B3059E232F24D2D2AB8BB09C69.e.5505/elements - {"using":"css selector","value":"td"}
RESULT: {"using":"css selector","value":"td"}
COMMAND: POST /session/8068150991763542753e5d368f2e808c/element/f.7F1AC3273160C970B6304C41D413DEA3.d.CDC095B3059E232F24D2D2AB8BB09C69.e.5506/elements - {"using":"css selector","value":"td"}
RESULT: {"using":"css selector","value":"td"}
COMMAND: POST /session/8068150991763542753e5d368f2e808c/element/f.7F1AC3273160C970B6304C41D413DEA3.d.CDC095B3059E232F24D2D2AB8BB09C69.e.5507/elements - {"using":"css selector","value":"td"}
RESULT: {"using":"css selector","value":"td"}
COMMAND: POST /session/8068150991763542753e5d368f2e808c/element/f.7F1AC3273160C970B6304C41D413DEA3.d.CDC095B3059E232F24D2D2AB8BB09C69.e.5508/elements - {"using":"css selector","value":"td"}
RESULT: {"using":"css selector","value":"td"}
COMMAND: POST /session/8068150991763542753e5d368f2e808c/element/f.7F1AC3273160C970B6304C41D413DEA3.d.CDC095B3059E232F24D2D2AB8BB09C69.e.5509/elements - {"using":"css selector","value":"td"}
RESULT: {"using":"css selector","value":"td"}
COMMAND: POST /session/8068150991763542753e5d368f2e808c/element/f.7F1AC3273160C970B6304C41D413DEA3.d.CDC095B3059E232F24D2D2AB8BB09C69.e.5510/elements - {"using":"css selector","value":"td"}
RESULT: {"using":"css selector","value":"td"}
COMMAND: POST /session/8068150991763542753e5d368f2e808c/element/f.7F1AC3273160C970B6304C41D413DEA3.d.CDC095B3059E232F24D2D2AB8BB09C69.e.5511/elements - {"using":"css selector","value":"td"}
RESULT: {"using":"css selector","value":"td"}
COMMAND: POST /session/8068150991763542753e5d368f2e808c/element/f.7F1AC3273160C970B6304C41D413DEA3.d.CDC095B3059E232F24D2D2AB8BB09C69.e.5512/elements - {"using":"css selector","value":"td"}
RESULT: {"using":"css selector","value":"td"}
COMMAND: POST /session/8068150991763542753e5d368f2e808c/element/f.7F1AC3273160C970B6304C41D413DEA3.d.CDC095B3059E232F24D2D2AB8BB09C69.e.5513/elements - {"using":"css selector","value":"td"}
RESULT: {"using":"css selector","value":"td"}
COMMAND: POST /session/8068150991763542753e5d368f2e808c/element/f.7F1AC3273160C970B6304C41D413DEA3.d.CDC095B3059E232F24D2D2AB8BB09C69.e.5514/elements - {"using":"css selector","value":"td"}
RESULT: {"using":"css selector","value":"td"}
COMMAND: POST /session/8068150991763542753e5d368f2e808c/element/f.7F1AC3273160C970B6304C41D413DEA3.d.CDC095B3059E232F24D2D2AB8BB09C69.e.5515/elements - {"using":"css selector","value":"td"}
RESULT: {"using":"css selector","value":"td"}
COMMAND: POST /session/8068150991763542753e5d368f2e808c/element/f.7F1AC3273160C970B6304C41D413DEA3.d.CDC095B3059E232F24D2D2AB8BB09C69.e.5516/elements - {"using":"css selector","value":"td"}
RESULT: {"using":"css selector","value":"td"}
COMMAND: POST /session/8068150991763542753e5d368f2e808c/element/f.7F1AC3273160C970B6304C41D413DEA3.d.CDC095B3059E232F24D2D2AB8BB09C69.e.5517/elements - {"using":"css selector","value":"td"}
RESULT: {"using":"css selector","value":"td"}
COMMAND: POST /session/8068150991763542753e5d368f2e808c/element/f.7F1AC3273160C970B6304C41D413DEA3.d.CDC095B3059E232F24D2D2AB8BB09C69.e.5518/elements - {"using":"css selector","value":"td"}
RESULT: {"using":"css selector","value":"td"}
COMMAND: POST /session/8068150991763542753e5d368f2e808c/element/f.7F1AC3273160C970B6304C41D413DEA3.d.CDC095B3059E232F24D2D2AB8BB09C69.e.5519/elements - {"using":"css selector","value":"td"}
RESULT: {"using":"css selector","value":"td"}
COMMAND: POST /session/8068150991763542753e5d368f2e808c/element/f.7F1AC3273160C970B6304C41D413DEA3.d.CDC095B3059E232F24D2D2AB8BB09C69.e.5520/elements - {"using":"css selector","value":"td"}
RESULT: {"using":"css selector","value":"td"}
COMMAND: POST /session/8068150991763542753e5d368f2e808c/element/f.7F1AC3273160C970B6304C41D413DEA3.d.CDC095B3059E232F24D2D2AB8BB09C69.e.5521/elements - {"using":"css selector","value":"td"}
RESULT: {"using":"css selector","value":"td"}
COMMAND: POST /session/8068150991763542753e5d368f2e808c/element/f.7F1AC3273160C970B6304C41D413DEA3.d.CDC095B3059E232F24D2D2AB8BB09C69.e.5522/elements - {"using":"css selector","value":"td"}
RESULT: {"using":"css selector","value":"td"}
COMMAND: POST /session/8068150991763542753e5d368f2e808c/element/f.7F1AC3273160C970B6304C41D413DEA3.d.CDC095B3059E232F24D2D2AB8BB09C69.e.5523/elements - {"using":"css selector","value":"td"}
RESULT: {"using":"css selector","value":"td"}
COMMAND: POST /session/8068150991763542753e5d368f2e808c/element/f.7F1AC3273160C970B6304C41D413DEA3.d.CDC095B3059E232F24D2D2AB8BB09C69.e.5524/elements - {"using":"css selector","value":"td"}
RESULT: {"using":"css selector","value":"td"}
COMMAND: POST /session/8068150991763542753e5d368f2e808c/element/f.7F1AC3273160C970B6304C41D413DEA3.d.CDC095B3059E232F24D2D2AB8BB09C69.e.5525/elements - {"using":"css selector","value":"td"}
RESULT: {"using":"css selector","value":"td"}
COMMAND: POST /session/8068150991763542753e5d368f2e808c/element/f.7F1AC3273160C970B6304C41D413DEA3.d.CDC095B3059E232F24D2D2AB8BB09C69.e.5526/elements - {"using":"css selector","value":"td"}
RESULT: {"using":"css selector","value":"td"}
COMMAND: POST /session/8068150991763542753e5d368f2e808c/element/f.7F1AC3273160C970B6304C41D413DEA3.d.CDC095B3059E232F24D2D2AB8BB09C69.e.5527/elements - {"using":"css selector","value":"td"}
RESULT: {"using":"css selector","value":"td"}
COMMAND: POST /session/8068150991763542753e5d368f2e808c/element/f.7F1AC3273160C970B6304C41D413DEA3.d.CDC095B3059E232F24D2D2AB8BB09C69.e.5528/elements - {"using":"css selector","value":"td"}
RESULT: {"using":"css selector","value":"td"}
COMMAND: POST /session/8068150991763542753e5d368f2e808c/element/f.7F1AC3273160C970B6304C41D413DEA3.d.CDC095B3059E232F24D2D2AB8BB09C69.e.5529/elements - {"using":"css selector","value":"td"}
RESULT: {"using":"css selector","value":"td"}
COMMAND: POST /session/8068150991763542753e5d368f2e808c/element/f.7F1AC3273160C970B6304C41D413DEA3.d.CDC095B3059E232F24D2D2AB8BB09C69.e.5530/elements - {"using":"css selector","value":"td"}
RESULT: {"using":"css selector","value":"td"}
COMMAND: POST /session/8068150991763542753e5d368f2e808c/element/f.7F1AC3273160C970B6304C41D413DEA3.d.CDC095B3059E232F24D2D2AB8BB09C69.e.5531/elements - {"using":"css selector","value":"td"}
RESULT: {"using":"css selector","value":"td"}
COMMAND: POST /session/8068150991763542753e5d368f2e808c/element/f.7F1AC3273160C970B6304C41D413DEA3.d.CDC095B3059E232F24D2D2AB8BB09C69.e.5532/elements - {"using":"css selector","value":"td"}
RESULT: {"using":"css selector","value":"td"}
COMMAND: POST /session/8068150991763542753e5d368f2e808c/element/f.7F1AC3273160C970B6304C41D413DEA3.d.CDC095B3059E232F24D2D2AB8BB09C69.e.5533/elements - {"using":"css selector","value":"td"}
RESULT: {"using":"css selector","value":"td"}
COMMAND: POST /session/8068150991763542753e5d368f2e808c/element/f.7F1AC3273160C970B6304C41D413DEA3.d.CDC095B3059E232F24D2D2AB8BB09C69.e.5534/elements - {"using":"css selector","value":"td"}
RESULT: {"using":"css selector","value":"td"}
COMMAND: POST /session/8068150991763542753e5d368f2e808c/element/f.7F1AC3273160C970B6304C41D413DEA3.d.CDC095B3059E232F24D2D2AB8BB09C69.e.5535/elements - {"using":"css selector","value":"td"}
RESULT: {"using":"css selector","value":"td"}
COMMAND: POST /session/8068150991763542753e5d368f2e808c/element/f.7F1AC3273160C970B6304C41D413DEA3.d.CDC095B3059E232F24D2D2AB8BB09C69.e.5536/elements - {"using":"css selector","value":"td"}
RESULT: {"using":"css selector","value":"td"}
COMMAND: POST /session/8068150991763542753e5d368f2e808c/element/f.7F1AC3273160C970B6304C41D413DEA3.d.CDC095B3059E232F24D2D2AB8BB09C69.e.5537/elements - {"using":"css selector","value":"td"}
RESULT: {"using":"css selector","value":"td"}
COMMAND: POST /session/8068150991763542753e5d368f2e808c/element/f.7F1AC3273160C970B6304C41D413DEA3.d.CDC095B3059E232F24D2D2AB8BB09C69.e.5538/elements - {"using":"css selector","value":"td"}
RESULT: {"using":"css selector","value":"td"}
COMMAND: POST /session/8068150991763542753e5d368f2e808c/element/f.7F1AC3273160C970B6304C41D413DEA3.d.CDC095B3059E232F24D2D2AB8BB09C69.e.5539/elements - {"using":"css selector","value":"td"}
RESULT: {"using":"css selector","value":"td"}
COMMAND: POST /session/8068150991763542753e5d368f2e808c/element/f.7F1AC3273160C970B6304C41D413DEA3.d.CDC095B3059E232F24D2D2AB8BB09C69.e.5540/elements - {"using":"css selector","value":"td"}
RESULT: {"using":"css selector","value":"td"}
COMMAND: POST /session/8068150991763542753e5d368f2e808c/element/f.7F1AC3273160C970B6304C41D413DEA3.d.CDC095B3059E232F24D2D2AB8BB09C69.e.5541/elements - {"using":"css selector","value":"td"}
RESULT: {"using":"css selector","value":"td"}
COMMAND: POST /session/8068150991763542753e5d368f2e808c/element/f.7F1AC3273160C970B6304C41D413DEA3.d.CDC095B3059E232F24D2D2AB8BB09C69.e.5542/elements - {"using":"css selector","value":"td"}
RESULT: {"using":"css selector","value":"td"}
COMMAND: POST /session/8068150991763542753e5d368f2e808c/element/f.7F1AC3273160C970B6304C41D413DEA3.d.CDC095B3059E232F24D2D2AB8BB09C69.e.5543/elements - {"using":"css selector","value":"td"}
RESULT: {"using":"css selector","value":"td"}
COMMAND: POST /session/8068150991763542753e5d368f2e808c/element/f.7F1AC3273160C970B6304C41D413DEA3.d.CDC095B3059E232F24D2D2AB8BB09C69.e.5544/elements - {"using":"css selector","value":"td"}
RESULT: {"using":"css selector","value":"td"}
COMMAND: POST /session/8068150991763542753e5d368f2e808c/element/f.7F1AC3273160C970B6304C41D413DEA3.d.CDC095B3059E232F24D2D2AB8BB09C69.e.5545/elements - {"using":"css selector","value":"td"}
RESULT: {"using":"css selector","value":"td"}
COMMAND: POST /session/8068150991763542753e5d368f2e808c/element/f.7F1AC3273160C970B6304C41D413DEA3.d.CDC095B3059E232F24D2D2AB8BB09C69.e.5546/elements - {"using":"css selector","value":"td"}
RESULT: {"using":"css selector","value":"td"}
COMMAND: POST /session/8068150991763542753e5d368f2e808c/element/f.7F1AC3273160C970B6304C41D413DEA3.d.CDC095B3059E232F24D2D2AB8BB09C69.e.5547/elements - {"using":"css selector","value":"td"}
RESULT: {"using":"css selector","value":"td"}
COMMAND: POST /session/8068150991763542753e5d368f2e808c/element/f.7F1AC3273160C970B6304C41D413DEA3.d.CDC095B3059E232F24D2D2AB8BB09C69.e.5548/elements - {"using":"css selector","value":"td"}
RESULT: {"using":"css selector","value":"td"}
COMMAND: POST /session/8068150991763542753e5d368f2e808c/element/f.7F1AC3273160C970B6304C41D413DEA3.d.CDC095B3059E232F24D2D2AB8BB09C69.e.5549/elements - {"using":"css selector","value":"td"}
RESULT: {"using":"css selector","value":"td"}
COMMAND: POST /session/8068150991763542753e5d368f2e808c/element/f.7F1AC3273160C970B6304C41D413DEA3.d.CDC095B3059E232F24D2D2AB8BB09C69.e.5550/elements - {"using":"css selector","value":"td"}
RESULT: {"using":"css selector","value":"td"}
COMMAND: POST /session/8068150991763542753e5d368f2e808c/element/f.7F1AC3273160C970B6304C41D413DEA3.d.CDC095B3059E232F24D2D2AB8BB09C69.e.5551/elements - {"using":"css selector","value":"td"}
RESULT: {"using":"css selector","value":"td"}
COMMAND: POST /session/8068150991763542753e5d368f2e808c/element/f.7F1AC3273160C970B6304C41D413DEA3.d.CDC095B3059E232F24D2D2AB8BB09C69.e.5552/elements - {"using":"css selector","value":"td"}
RESULT: {"using":"css selector","value":"td"}
COMMAND: POST /session/8068150991763542753e5d368f2e808c/element/f.7F1AC3273160C970B6304C41D413DEA3.d.CDC095B3059E232F24D2D2AB8BB09C69.e.5553/elements - {"using":"css selector","value":"td"}
RESULT: {"using":"css selector","value":"td"}
COMMAND: POST /session/8068150991763542753e5d368f2e808c/element/f.7F1AC3273160C970B6304C41D413DEA3.d.CDC095B3059E232F24D2D2AB8BB09C69.e.5554/elements - {"using":"css selector","value":"td"}
RESULT: {"using":"css selector","value":"td"}
COMMAND: POST /session/8068150991763542753e5d368f2e808c/element/f.7F1AC3273160C970B6304C41D413DEA3.d.CDC095B3059E232F24D2D2AB8BB09C69.e.5555/elements - {"using":"css selector","value":"td"}
RESULT: {"using":"css selector","value":"td"}
COMMAND: POST /session/8068150991763542753e5d368f2e808c/element/f.7F1AC3273160C970B6304C41D413DEA3.d.CDC095B3059E232F24D2D2AB8BB09C69.e.5556/elements - {"using":"css selector","value":"td"}
RESULT: {"using":"css selector","value":"td"}
COMMAND: POST /session/8068150991763542753e5d368f2e808c/element/f.7F1AC3273160C970B6304C41D413DEA3.d.CDC095B3059E232F24D2D2AB8BB09C69.e.5557/elements - {"using":"css selector","value":"td"}
RESULT: {"using":"css selector","value":"td"}
COMMAND: POST /session/8068150991763542753e5d368f2e808c/element/f.7F1AC3273160C970B6304C41D413DEA3.d.CDC095B3059E232F24D2D2AB8BB09C69.e.5558/elements - {"using":"css selector","value":"td"}
RESULT: {"using":"css selector","value":"td"}
COMMAND: POST /session/8068150991763542753e5d368f2e808c/element/f.7F1AC3273160C970B6304C41D413DEA3.d.CDC095B3059E232F24D2D2AB8BB09C69.e.5559/elements - {"using":"css selector","value":"td"}
RESULT: {"using":"css selector","value":"td"}
COMMAND: POST /session/8068150991763542753e5d368f2e808c/element/f.7F1AC3273160C970B6304C41D413DEA3.d.CDC095B3059E232F24D2D2AB8BB09C69.e.5560/elements - {"using":"css selector","value":"td"}
RESULT: {"using":"css selector","value":"td"}
COMMAND: POST /session/8068150991763542753e5d368f2e808c/element/f.7F1AC3273160C970B6304C41D413DEA3.d.CDC095B3059E232F24D2D2AB8BB09C69.e.5561/elements - {"using":"css selector","value":"td"}
RESULT: {"using":"css selector","value":"td"}
COMMAND: POST /session/8068150991763542753e5d368f2e808c/element/f.7F1AC3273160C970B6304C41D413DEA3.d.CDC095B3059E232F24D2D2AB8BB09C69.e.5562/elements - {"using":"css selector","value":"td"}
RESULT: {"using":"css selector","value":"td"}
COMMAND: POST /session/8068150991763542753e5d368f2e808c/element/f.7F1AC3273160C970B6304C41D413DEA3.d.CDC095B3059E232F24D2D2AB8BB09C69.e.5563/elements - {"using":"css selector","value":"td"}
RESULT: {"using":"css selector","value":"td"}
COMMAND: POST /session/8068150991763542753e5d368f2e808c/element/f.7F1AC3273160C970B6304C41D413DEA3.d.CDC095B3059E232F24D2D2AB8BB09C69.e.5564/elements - {"using":"css selector","value":"td"}
RESULT: {"using":"css selector","value":"td"}
COMMAND: POST /session/8068150991763542753e5d368f2e808c/element/f.7F1AC3273160C970B6304C41D413DEA3.d.CDC095B3059E232F24D2D2AB8BB09C69.e.5565/elements - {"using":"css selector","value":"td"}
RESULT: {"using":"css selector","value":"td"}
COMMAND: POST /session/8068150991763542753e5d368f2e808c/element/f.7F1AC3273160C970B6304C41D413DEA3.d.CDC095B3059E232F24D2D2AB8BB09C69.e.5566/elements - {"using":"css selector","value":"td"}
RESULT: {"using":"css selector","value":"td"}
COMMAND: POST /session/8068150991763542753e5d368f2e808c/element/f.7F1AC3273160C970B6304C41D413DEA3.d.CDC095B3059E232F24D2D2AB8BB09C69.e.5567/elements - {"using":"css selector","value":"td"}
RESULT: {"using":"css selector","value":"td"}
COMMAND: POST /session/8068150991763542753e5d368f2e808c/element/f.7F1AC3273160C970B6304C41D413DEA3.d.CDC095B3059E232F24D2D2AB8BB09C69.e.5568/elements - {"using":"css selector","value":"td"}
RESULT: {"using":"css selector","value":"td"}
COMMAND: POST /session/8068150991763542753e5d368f2e808c/element/f.7F1AC3273160C970B6304C41D413DEA3.d.CDC095B3059E232F24D2D2AB8BB09C69.e.5569/elements - {"using":"css selector","value":"td"}
RESULT: {"using":"css selector","value":"td"}
COMMAND: POST /session/8068150991763542753e5d368f2e808c/element/f.7F1AC3273160C970B6304C41D413DEA3.d.CDC095B3059E232F24D2D2AB8BB09C69.e.5570/elements - {"using":"css selector","value":"td"}
RESULT: {"using":"css selector","value":"td"}
COMMAND: POST /session/8068150991763542753e5d368f2e808c/element/f.7F1AC3273160C970B6304C41D413DEA3.d.CDC095B3059E232F24D2D2AB8BB09C69.e.5571/elements - {"using":"css selector","value":"td"}
RESULT: {"using":"css selector","value":"td"}
COMMAND: POST /session/8068150991763542753e5d368f2e808c/element/f.7F1AC3273160C970B6304C41D413DEA3.d.CDC095B3059E232F24D2D2AB8BB09C69.e.5572/elements - {"using":"css selector","value":"td"}
RESULT: {"using":"css selector","value":"td"}
COMMAND: POST /session/8068150991763542753e5d368f2e808c/element/f.7F1AC3273160C970B6304C41D413DEA3.d.CDC095B3059E232F24D2D2AB8BB09C69.e.5573/elements - {"using":"css selector","value":"td"}
RESULT: {"using":"css selector","value":"td"}
COMMAND: POST /session/8068150991763542753e5d368f2e808c/element/f.7F1AC3273160C970B6304C41D413DEA3.d.CDC095B3059E232F24D2D2AB8BB09C69.e.5574/elements - {"using":"css selector","value":"td"}
RESULT: {"using":"css selector","value":"td"}
COMMAND: POST /session/8068150991763542753e5d368f2e808c/element/f.7F1AC3273160C970B6304C41D413DEA3.d.CDC095B3059E232F24D2D2AB8BB09C69.e.5575/elements - {"using":"css selector","value":"td"}
RESULT: {"using":"css selector","value":"td"}
COMMAND: POST /session/8068150991763542753e5d368f2e808c/element/f.7F1AC3273160C970B6304C41D413DEA3.d.CDC095B3059E232F24D2D2AB8BB09C69.e.5576/elements - {"using":"css selector","value":"td"}
RESULT: {"using":"css selector","value":"td"}
COMMAND: POST /session/8068150991763542753e5d368f2e808c/element/f.7F1AC3273160C970B6304C41D413DEA3.d.CDC095B3059E232F24D2D2AB8BB09C69.e.5577/elements - {"using":"css selector","value":"td"}
RESULT: {"using":"css selector","value":"td"}
COMMAND: POST /session/8068150991763542753e5d368f2e808c/element/f.7F1AC3273160C970B6304C41D413DEA3.d.CDC095B3059E232F24D2D2AB8BB09C69.e.5578/elements - {"using":"css selector","value":"td"}
RESULT: {"using":"css selector","value":"td"}
COMMAND: POST /session/8068150991763542753e5d368f2e808c/element/f.7F1AC3273160C970B6304C41D413DEA3.d.CDC095B3059E232F24D2D2AB8BB09C69.e.5579/elements - {"using":"css selector","value":"td"}
RESULT: {"using":"css selector","value":"td"}
COMMAND: POST /session/8068150991763542753e5d368f2e808c/element/f.7F1AC3273160C970B6304C41D413DEA3.d.CDC095B3059E232F24D2D2AB8BB09C69.e.5580/elements - {"using":"css selector","value":"td"}
RESULT: {"using":"css selector","value":"td"}
COMMAND: POST /session/8068150991763542753e5d368f2e808c/element/f.7F1AC3273160C970B6304C41D413DEA3.d.CDC095B3059E232F24D2D2AB8BB09C69.e.5581/elements - {"using":"css selector","value":"td"}
RESULT: {"using":"css selector","value":"td"}
COMMAND: POST /session/8068150991763542753e5d368f2e808c/element/f.7F1AC3273160C970B6304C41D413DEA3.d.CDC095B3059E232F24D2D2AB8BB09C69.e.5582/elements - {"using":"css selector","value":"td"}
RESULT: {"using":"css selector","value":"td"}
COMMAND: POST /session/8068150991763542753e5d368f2e808c/element/f.7F1AC3273160C970B6304C41D413DEA3.d.CDC095B3059E232F24D2D2AB8BB09C69.e.5583/elements - {"using":"css selector","value":"td"}
RESULT: {"using":"css selector","value":"td"}
COMMAND: POST /session/8068150991763542753e5d368f2e808c/element/f.7F1AC3273160C970B6304C41D413DEA3.d.CDC095B3059E232F24D2D2AB8BB09C69.e.5584/elements - {"using":"css selector","value":"td"}
RESULT: {"using":"css selector","value":"td"}
COMMAND: POST /session/8068150991763542753e5d368f2e808c/element/f.7F1AC3273160C970B6304C41D413DEA3.d.CDC095B3059E232F24D2D2AB8BB09C69.e.5585/elements - {"using":"css selector","value":"td"}
RESULT: {"using":"css selector","value":"td"}
COMMAND: POST /session/8068150991763542753e5d368f2e808c/element/f.7F1AC3273160C970B6304C41D413DEA3.d.CDC095B3059E232F24D2D2AB8BB09C69.e.5586/elements - {"using":"css selector","value":"td"}
RESULT: {"using":"css selector","value":"td"}
COMMAND: POST /session/8068150991763542753e5d368f2e808c/element/f.7F1AC3273160C970B6304C41D413DEA3.d.CDC095B3059E232F24D2D2AB8BB09C69.e.5587/elements - {"using":"css selector","value":"td"}
RESULT: {"using":"css selector","value":"td"}
COMMAND: POST /session/8068150991763542753e5d368f2e808c/element/f.7F1AC3273160C970B6304C41D413DEA3.d.CDC095B3059E232F24D2D2AB8BB09C69.e.5588/elements - {"using":"css selector","value":"td"}
RESULT: {"using":"css selector","value":"td"}
COMMAND: POST /session/8068150991763542753e5d368f2e808c/element/f.7F1AC3273160C970B6304C41D413DEA3.d.CDC095B3059E232F24D2D2AB8BB09C69.e.5589/elements - {"using":"css selector","value":"td"}
RESULT: {"using":"css selector","value":"td"}
COMMAND: POST /session/8068150991763542753e5d368f2e808c/element/f.7F1AC3273160C970B6304C41D413DEA3.d.CDC095B3059E232F24D2D2AB8BB09C69.e.5590/elements - {"using":"css selector","value":"td"}
RESULT: {"using":"css selector","value":"td"}
COMMAND: POST /session/8068150991763542753e5d368f2e808c/element/f.7F1AC3273160C970B6304C41D413DEA3.d.CDC095B3059E232F24D2D2AB8BB09C69.e.5591/elements - {"using":"css selector","value":"td"}
RESULT: {"using":"css selector","value":"td"}
COMMAND: POST /session/8068150991763542753e5d368f2e808c/element/f.7F1AC3273160C970B6304C41D413DEA3.d.CDC095B3059E232F24D2D2AB8BB09C69.e.5592/elements - {"using":"css selector","value":"td"}
RESULT: {"using":"css selector","value":"td"}
COMMAND: POST /session/8068150991763542753e5d368f2e808c/element/f.7F1AC3273160C970B6304C41D413DEA3.d.CDC095B3059E232F24D2D2AB8BB09C69.e.5593/elements - {"using":"css selector","value":"td"}
RESULT: {"using":"css selector","value":"td"}
COMMAND: POST /session/8068150991763542753e5d368f2e808c/element/f.7F1AC3273160C970B6304C41D413DEA3.d.CDC095B3059E232F24D2D2AB8BB09C69.e.5594/elements - {"using":"css selector","value":"td"}
RESULT: {"using":"css selector","value":"td"}
COMMAND: POST /session/8068150991763542753e5d368f2e808c/element/f.7F1AC3273160C970B6304C41D413DEA3.d.CDC095B3059E232F24D2D2AB8BB09C69.e.5595/elements - {"using":"css selector","value":"td"}
RESULT: {"using":"css selector","value":"td"}
COMMAND: POST /session/8068150991763542753e5d368f2e808c/element/f.7F1AC3273160C970B6304C41D413DEA3.d.CDC095B3059E232F24D2D2AB8BB09C69.e.5596/elements - {"using":"css selector","value":"td"}
RESULT: {"using":"css selector","value":"td"}
COMMAND: POST /session/8068150991763542753e5d368f2e808c/element/f.7F1AC3273160C970B6304C41D413DEA3.d.CDC095B3059E232F24D2D2AB8BB09C69.e.5597/elements - {"using":"css selector","value":"td"}
RESULT: {"using":"css selector","value":"td"}
COMMAND: POST /session/8068150991763542753e5d368f2e808c/element/f.7F1AC3273160C970B6304C41D413DEA3.d.CDC095B3059E232F24D2D2AB8BB09C69.e.5598/elements - {"using":"css selector","value":"td"}
RESULT: {"using":"css selector","value":"td"}
COMMAND: POST /session/8068150991763542753e5d368f2e808c/element/f.7F1AC3273160C970B6304C41D413DEA3.d.CDC095B3059E232F24D2D2AB8BB09C69.e.5599/elements - {"using":"css selector","value":"td"}
RESULT: {"using":"css selector","value":"td"}
COMMAND: POST /session/8068150991763542753e5d368f2e808c/element/f.7F1AC3273160C970B6304C41D413DEA3.d.CDC095B3059E232F24D2D2AB8BB09C69.e.5600/elements - {"using":"css selector","value":"td"}
RESULT: {"using":"css selector","value":"td"}
COMMAND: POST /session/8068150991763542753e5d368f2e808c/element/f.7F1AC3273160C970B6304C41D413DEA3.d.CDC095B3059E232F24D2D2AB8BB09C69.e.5601/elements - {"using":"css selector","value":"td"}
RESULT: {"using":"css selector","value":"td"}
COMMAND: POST /session/8068150991763542753e5d368f2e808c/element/f.7F1AC3273160C970B6304C41D413DEA3.d.CDC095B3059E232F24D2D2AB8BB09C69.e.5602/elements - {"using":"css selector","value":"td"}
RESULT: {"using":"css selector","value":"td"}
COMMAND: POST /session/8068150991763542753e5d368f2e808c/element/f.7F1AC3273160C970B6304C41D413DEA3.d.CDC095B3059E232F24D2D2AB8BB09C69.e.5603/elements - {"using":"css selector","value":"td"}
RESULT: {"using":"css selector","value":"td"}
COMMAND: POST /session/8068150991763542753e5d368f2e808c/element/f.7F1AC3273160C970B6304C41D413DEA3.d.CDC095B3059E232F24D2D2AB8BB09C69.e.5604/elements - {"using":"css selector","value":"td"}
RESULT: {"using":"css selector","value":"td"}
COMMAND: POST /session/8068150991763542753e5d368f2e808c/element/f.7F1AC3273160C970B6304C41D413DEA3.d.CDC095B3059E232F24D2D2AB8BB09C69.e.5605/elements - {"using":"css selector","value":"td"}
RESULT: {"using":"css selector","value":"td"}
COMMAND: POST /session/8068150991763542753e5d368f2e808c/element/f.7F1AC3273160C970B6304C41D413DEA3.d.CDC095B3059E232F24D2D2AB8BB09C69.e.5606/elements - {"using":"css selector","value":"td"}
RESULT: {"using":"css selector","value":"td"}
COMMAND: POST /session/8068150991763542753e5d368f2e808c/element/f.7F1AC3273160C970B6304C41D413DEA3.d.CDC095B3059E232F24D2D2AB8BB09C69.e.5607/elements - {"using":"css selector","value":"td"}
RESULT: {"using":"css selector","value":"td"}
COMMAND: POST /session/8068150991763542753e5d368f2e808c/element/f.7F1AC3273160C970B6304C41D413DEA3.d.CDC095B3059E232F24D2D2AB8BB09C69.e.5608/elements - {"using":"css selector","value":"td"}
RESULT: {"using":"css selector","value":"td"}
COMMAND: POST /session/8068150991763542753e5d368f2e808c/element/f.7F1AC3273160C970B6304C41D413DEA3.d.CDC095B3059E232F24D2D2AB8BB09C69.e.5609/elements - {"using":"css selector","value":"td"}
RESULT: {"using":"css selector","value":"td"}
COMMAND: POST /session/8068150991763542753e5d368f2e808c/element/f.7F1AC3273160C970B6304C41D413DEA3.d.CDC095B3059E232F24D2D2AB8BB09C69.e.5610/elements - {"using":"css selector","value":"td"}
RESULT: {"using":"css selector","value":"td"}
COMMAND: POST /session/8068150991763542753e5d368f2e808c/element/f.7F1AC3273160C970B6304C41D413DEA3.d.CDC095B3059E232F24D2D2AB8BB09C69.e.5611/elements - {"using":"css selector","value":"td"}
RESULT: {"using":"css selector","value":"td"}
COMMAND: POST /session/8068150991763542753e5d368f2e808c/element/f.7F1AC3273160C970B6304C41D413DEA3.d.CDC095B3059E232F24D2D2AB8BB09C69.e.5612/elements - {"using":"css selector","value":"td"}
RESULT: {"using":"css selector","value":"td"}
COMMAND: POST /session/8068150991763542753e5d368f2e808c/element/f.7F1AC3273160C970B6304C41D413DEA3.d.CDC095B3059E232F24D2D2AB8BB09C69.e.5613/elements - {"using":"css selector","value":"td"}
RESULT: {"using":"css selector","value":"td"}
COMMAND: POST /session/8068150991763542753e5d368f2e808c/element/f.7F1AC3273160C970B6304C41D413DEA3.d.CDC095B3059E232F24D2D2AB8BB09C69.e.5614/elements - {"using":"css selector","value":"td"}
RESULT: {"using":"css selector","value":"td"}
COMMAND: POST /session/8068150991763542753e5d368f2e808c/element/f.7F1AC3273160C970B6304C41D413DEA3.d.CDC095B3059E232F24D2D2AB8BB09C69.e.5615/elements - {"using":"css selector","value":"td"}
RESULT: {"using":"css selector","value":"td"}
COMMAND: POST /session/8068150991763542753e5d368f2e808c/element/f.7F1AC3273160C970B6304C41D413DEA3.d.CDC095B3059E232F24D2D2AB8BB09C69.e.5616/elements - {"using":"css selector","value":"td"}
RESULT: {"using":"css selector","value":"td"}
COMMAND: POST /session/8068150991763542753e5d368f2e808c/element/f.7F1AC3273160C970B6304C41D413DEA3.d.CDC095B3059E232F24D2D2AB8BB09C69.e.5617/elements - {"using":"css selector","value":"td"}
RESULT: {"using":"css selector","value":"td"}
COMMAND: POST /session/8068150991763542753e5d368f2e808c/element/f.7F1AC3273160C970B6304C41D413DEA3.d.CDC095B3059E232F24D2D2AB8BB09C69.e.5618/elements - {"using":"css selector","value":"td"}
RESULT: {"using":"css selector","value":"td"}
COMMAND: POST /session/8068150991763542753e5d368f2e808c/element/f.7F1AC3273160C970B6304C41D413DEA3.d.CDC095B3059E232F24D2D2AB8BB09C69.e.5619/elements - {"using":"css selector","value":"td"}
RESULT: {"using":"css selector","value":"td"}
COMMAND: POST /session/8068150991763542753e5d368f2e808c/element/f.7F1AC3273160C970B6304C41D413DEA3.d.CDC095B3059E232F24D2D2AB8BB09C69.e.5620/elements - {"using":"css selector","value":"td"}
RESULT: {"using":"css selector","value":"td"}
COMMAND: POST /session/8068150991763542753e5d368f2e808c/element/f.7F1AC3273160C970B6304C41D413DEA3.d.CDC095B3059E232F24D2D2AB8BB09C69.e.5621/elements - {"using":"css selector","value":"td"}
RESULT: {"using":"css selector","value":"td"}
COMMAND: POST /session/8068150991763542753e5d368f2e808c/element/f.7F1AC3273160C970B6304C41D413DEA3.d.CDC095B3059E232F24D2D2AB8BB09C69.e.5622/elements - {"using":"css selector","value":"td"}
RESULT: {"using":"css selector","value":"td"}
COMMAND: POST /session/8068150991763542753e5d368f2e808c/element/f.7F1AC3273160C970B6304C41D413DEA3.d.CDC095B3059E232F24D2D2AB8BB09C69.e.5623/elements - {"using":"css selector","value":"td"}
RESULT: {"using":"css selector","value":"td"}
COMMAND: POST /session/8068150991763542753e5d368f2e808c/element/f.7F1AC3273160C970B6304C41D413DEA3.d.CDC095B3059E232F24D2D2AB8BB09C69.e.5624/elements - {"using":"css selector","value":"td"}
RESULT: {"using":"css selector","value":"td"}
COMMAND: POST /session/8068150991763542753e5d368f2e808c/element/f.7F1AC3273160C970B6304C41D413DEA3.d.CDC095B3059E232F24D2D2AB8BB09C69.e.5625/elements - {"using":"css selector","value":"td"}
RESULT: {"using":"css selector","value":"td"}
COMMAND: POST /session/8068150991763542753e5d368f2e808c/element/f.7F1AC3273160C970B6304C41D413DEA3.d.CDC095B3059E232F24D2D2AB8BB09C69.e.5626/elements - {"using":"css selector","value":"td"}
RESULT: {"using":"css selector","value":"td"}
COMMAND: POST /session/8068150991763542753e5d368f2e808c/element/f.7F1AC3273160C970B6304C41D413DEA3.d.CDC095B3059E232F24D2D2AB8BB09C69.e.5627/elements - {"using":"css selector","value":"td"}
RESULT: {"using":"css selector","value":"td"}
COMMAND: POST /session/8068150991763542753e5d368f2e808c/element/f.7F1AC3273160C970B6304C41D413DEA3.d.CDC095B3059E232F24D2D2AB8BB09C69.e.5628/elements - {"using":"css selector","value":"td"}
RESULT: {"using":"css selector","value":"td"}
COMMAND: POST /session/8068150991763542753e5d368f2e808c/element/f.7F1AC3273160C970B6304C41D413DEA3.d.CDC095B3059E232F24D2D2AB8BB09C69.e.5629/elements - {"using":"css selector","value":"td"}
RESULT: {"using":"css selector","value":"td"}
COMMAND: POST /session/8068150991763542753e5d368f2e808c/element/f.7F1AC3273160C970B6304C41D413DEA3.d.CDC095B3059E232F24D2D2AB8BB09C69.e.5630/elements - {"using":"css selector","value":"td"}
RESULT: {"using":"css selector","value":"td"}
COMMAND: POST /session/8068150991763542753e5d368f2e808c/element/f.7F1AC3273160C970B6304C41D413DEA3.d.CDC095B3059E232F24D2D2AB8BB09C69.e.5631/elements - {"using":"css selector","value":"td"}
RESULT: {"using":"css selector","value":"td"}
COMMAND: POST /session/8068150991763542753e5d368f2e808c/element/f.7F1AC3273160C970B6304C41D413DEA3.d.CDC095B3059E232F24D2D2AB8BB09C69.e.5632/elements - {"using":"css selector","value":"td"}
RESULT: {"using":"css selector","value":"td"}
COMMAND: POST /session/8068150991763542753e5d368f2e808c/element/f.7F1AC3273160C970B6304C41D413DEA3.d.CDC095B3059E232F24D2D2AB8BB09C69.e.5633/elements - {"using":"css selector","value":"td"}
RESULT: {"using":"css selector","value":"td"}
COMMAND: POST /session/8068150991763542753e5d368f2e808c/element/f.7F1AC3273160C970B6304C41D413DEA3.d.CDC095B3059E232F24D2D2AB8BB09C69.e.5634/elements - {"using":"css selector","value":"td"}
RESULT: {"using":"css selector","value":"td"}
COMMAND: POST /session/8068150991763542753e5d368f2e808c/element/f.7F1AC3273160C970B6304C41D413DEA3.d.CDC095B3059E232F24D2D2AB8BB09C69.e.5635/elements - {"using":"css selector","value":"td"}
RESULT: {"using":"css selector","value":"td"}
COMMAND: POST /session/8068150991763542753e5d368f2e808c/element/f.7F1AC3273160C970B6304C41D413DEA3.d.CDC095B3059E232F24D2D2AB8BB09C69.e.5636/elements - {"using":"css selector","value":"td"}
RESULT: {"using":"css selector","value":"td"}
COMMAND: POST /session/8068150991763542753e5d368f2e808c/element/f.7F1AC3273160C970B6304C41D413DEA3.d.CDC095B3059E232F24D2D2AB8BB09C69.e.5637/elements - {"using":"css selector","value":"td"}
RESULT: {"using":"css selector","value":"td"}
COMMAND: POST /session/8068150991763542753e5d368f2e808c/element/f.7F1AC3273160C970B6304C41D413DEA3.d.CDC095B3059E232F24D2D2AB8BB09C69.e.5638/elements - {"using":"css selector","value":"td"}
RESULT: {"using":"css selector","value":"td"}
COMMAND: POST /session/8068150991763542753e5d368f2e808c/element/f.7F1AC3273160C970B6304C41D413DEA3.d.CDC095B3059E232F24D2D2AB8BB09C69.e.5639/elements - {"using":"css selector","value":"td"}
RESULT: {"using":"css selector","value":"td"}
COMMAND: POST /session/8068150991763542753e5d368f2e808c/element/f.7F1AC3273160C970B6304C41D413DEA3.d.CDC095B3059E232F24D2D2AB8BB09C69.e.5640/elements - {"using":"css selector","value":"td"}
RESULT: {"using":"css selector","value":"td"}
COMMAND: POST /session/8068150991763542753e5d368f2e808c/element/f.7F1AC3273160C970B6304C41D413DEA3.d.CDC095B3059E232F24D2D2AB8BB09C69.e.5641/elements - {"using":"css selector","value":"td"}
RESULT: {"using":"css selector","value":"td"}
COMMAND: POST /session/8068150991763542753e5d368f2e808c/element/f.7F1AC3273160C970B6304C41D413DEA3.d.CDC095B3059E232F24D2D2AB8BB09C69.e.5642/elements - {"using":"css selector","value":"td"}
RESULT: {"using":"css selector","value":"td"}
COMMAND: POST /session/8068150991763542753e5d368f2e808c/element/f.7F1AC3273160C970B6304C41D413DEA3.d.CDC095B3059E232F24D2D2AB8BB09C69.e.5643/elements - {"using":"css selector","value":"td"}
RESULT: {"using":"css selector","value":"td"}
COMMAND: POST /session/8068150991763542753e5d368f2e808c/element/f.7F1AC3273160C970B6304C41D413DEA3.d.CDC095B3059E232F24D2D2AB8BB09C69.e.5644/elements - {"using":"css selector","value":"td"}
RESULT: {"using":"css selector","value":"td"}
COMMAND: POST /session/8068150991763542753e5d368f2e808c/element/f.7F1AC3273160C970B6304C41D413DEA3.d.CDC095B3059E232F24D2D2AB8BB09C69.e.5645/elements - {"using":"css selector","value":"td"}
RESULT: {"using":"css selector","value":"td"}
COMMAND: POST /session/8068150991763542753e5d368f2e808c/element/f.7F1AC3273160C970B6304C41D413DEA3.d.CDC095B3059E232F24D2D2AB8BB09C69.e.5646/elements - {"using":"css selector","value":"td"}
RESULT: {"using":"css selector","value":"td"}
COMMAND: POST /session/8068150991763542753e5d368f2e808c/element/f.7F1AC3273160C970B6304C41D413DEA3.d.CDC095B3059E232F24D2D2AB8BB09C69.e.5647/elements - {"using":"css selector","value":"td"}
RESULT: {"using":"css selector","value":"td"}
COMMAND: POST /session/8068150991763542753e5d368f2e808c/element/f.7F1AC3273160C970B6304C41D413DEA3.d.CDC095B3059E232F24D2D2AB8BB09C69.e.5648/elements - {"using":"css selector","value":"td"}
RESULT: {"using":"css selector","value":"td"}
COMMAND: POST /session/8068150991763542753e5d368f2e808c/element/f.7F1AC3273160C970B6304C41D413DEA3.d.CDC095B3059E232F24D2D2AB8BB09C69.e.5649/elements - {"using":"css selector","value":"td"}
RESULT: {"using":"css selector","value":"td"}
COMMAND: POST /session/8068150991763542753e5d368f2e808c/element/f.7F1AC3273160C970B6304C41D413DEA3.d.CDC095B3059E232F24D2D2AB8BB09C69.e.5650/elements - {"using":"css selector","value":"td"}
RESULT: {"using":"css selector","value":"td"}
COMMAND: POST /session/8068150991763542753e5d368f2e808c/element/f.7F1AC3273160C970B6304C41D413DEA3.d.CDC095B3059E232F24D2D2AB8BB09C69.e.5651/elements - {"using":"css selector","value":"td"}
RESULT: {"using":"css selector","value":"td"}
COMMAND: POST /session/8068150991763542753e5d368f2e808c/element/f.7F1AC3273160C970B6304C41D413DEA3.d.CDC095B3059E232F24D2D2AB8BB09C69.e.5652/elements - {"using":"css selector","value":"td"}
RESULT: {"using":"css selector","value":"td"}
COMMAND: POST /session/8068150991763542753e5d368f2e808c/element/f.7F1AC3273160C970B6304C41D413DEA3.d.CDC095B3059E232F24D2D2AB8BB09C69.e.5653/elements - {"using":"css selector","value":"td"}
RESULT: {"using":"css selector","value":"td"}
COMMAND: POST /session/8068150991763542753e5d368f2e808c/element/f.7F1AC3273160C970B6304C41D413DEA3.d.CDC095B3059E232F24D2D2AB8BB09C69.e.5654/elements - {"using":"css selector","value":"td"}
RESULT: {"using":"css selector","value":"td"}
COMMAND: POST /session/8068150991763542753e5d368f2e808c/element/f.7F1AC3273160C970B6304C41D413DEA3.d.CDC095B3059E232F24D2D2AB8BB09C69.e.5655/elements - {"using":"css selector","value":"td"}
RESULT: {"using":"css selector","value":"td"}
COMMAND: POST /session/8068150991763542753e5d368f2e808c/element/f.7F1AC3273160C970B6304C41D413DEA3.d.CDC095B3059E232F24D2D2AB8BB09C69.e.5656/elements - {"using":"css selector","value":"td"}
RESULT: {"using":"css selector","value":"td"}
COMMAND: POST /session/8068150991763542753e5d368f2e808c/element/f.7F1AC3273160C970B6304C41D413DEA3.d.CDC095B3059E232F24D2D2AB8BB09C69.e.5657/elements - {"using":"css selector","value":"td"}
RESULT: {"using":"css selector","value":"td"}
COMMAND: POST /session/8068150991763542753e5d368f2e808c/element/f.7F1AC3273160C970B6304C41D413DEA3.d.CDC095B3059E232F24D2D2AB8BB09C69.e.5658/elements - {"using":"css selector","value":"td"}
RESULT: {"using":"css selector","value":"td"}
COMMAND: POST /session/8068150991763542753e5d368f2e808c/element/f.7F1AC3273160C970B6304C41D413DEA3.d.CDC095B3059E232F24D2D2AB8BB09C69.e.5659/elements - {"using":"css selector","value":"td"}
RESULT: {"using":"css selector","value":"td"}
COMMAND: POST /session/8068150991763542753e5d368f2e808c/element/f.7F1AC3273160C970B6304C41D413DEA3.d.CDC095B3059E232F24D2D2AB8BB09C69.e.5660/elements - {"using":"css selector","value":"td"}
RESULT: {"using":"css selector","value":"td"}
COMMAND: POST /session/8068150991763542753e5d368f2e808c/element/f.7F1AC3273160C970B6304C41D413DEA3.d.CDC095B3059E232F24D2D2AB8BB09C69.e.5661/elements - {"using":"css selector","value":"td"}
RESULT: {"using":"css selector","value":"td"}
COMMAND: POST /session/8068150991763542753e5d368f2e808c/element/f.7F1AC3273160C970B6304C41D413DEA3.d.CDC095B3059E232F24D2D2AB8BB09C69.e.5662/elements - {"using":"css selector","value":"td"}
RESULT: {"using":"css selector","value":"td"}
COMMAND: POST /session/8068150991763542753e5d368f2e808c/element/f.7F1AC3273160C970B6304C41D413DEA3.d.CDC095B3059E232F24D2D2AB8BB09C69.e.5663/elements - {"using":"css selector","value":"td"}
RESULT: {"using":"css selector","value":"td"}
COMMAND: POST /session/8068150991763542753e5d368f2e808c/element/f.7F1AC3273160C970B6304C41D413DEA3.d.CDC095B3059E232F24D2D2AB8BB09C69.e.5664/elements - {"using":"css selector","value":"td"}
RESULT: {"using":"css selector","value":"td"}
COMMAND: POST /session/8068150991763542753e5d368f2e808c/element/f.7F1AC3273160C970B6304C41D413DEA3.d.CDC095B3059E232F24D2D2AB8BB09C69.e.5665/elements - {"using":"css selector","value":"td"}
RESULT: {"using":"css selector","value":"td"}
COMMAND: POST /session/8068150991763542753e5d368f2e808c/element/f.7F1AC3273160C970B6304C41D413DEA3.d.CDC095B3059E232F24D2D2AB8BB09C69.e.5666/elements - {"using":"css selector","value":"td"}
RESULT: {"using":"css selector","value":"td"}
COMMAND: POST /session/8068150991763542753e5d368f2e808c/element/f.7F1AC3273160C970B6304C41D413DEA3.d.CDC095B3059E232F24D2D2AB8BB09C69.e.5667/elements - {"using":"css selector","value":"td"}
RESULT: {"using":"css selector","value":"td"}
COMMAND: POST /session/8068150991763542753e5d368f2e808c/element/f.7F1AC3273160C970B6304C41D413DEA3.d.CDC095B3059E232F24D2D2AB8BB09C69.e.5668/elements - {"using":"css selector","value":"td"}
RESULT: {"using":"css selector","value":"td"}
COMMAND: POST /session/8068150991763542753e5d368f2e808c/element/f.7F1AC3273160C970B6304C41D413DEA3.d.CDC095B3059E232F24D2D2AB8BB09C69.e.5669/elements - {"using":"css selector","value":"td"}
RESULT: {"using":"css selector","value":"td"}
COMMAND: POST /session/8068150991763542753e5d368f2e808c/element/f.7F1AC3273160C970B6304C41D413DEA3.d.CDC095B3059E232F24D2D2AB8BB09C69.e.5670/elements - {"using":"css selector","value":"td"}
RESULT: {"using":"css selector","value":"td"}
COMMAND: POST /session/8068150991763542753e5d368f2e808c/element/f.7F1AC3273160C970B6304C41D413DEA3.d.CDC095B3059E232F24D2D2AB8BB09C69.e.5671/elements - {"using":"css selector","value":"td"}
RESULT: {"using":"css selector","value":"td"}
COMMAND: POST /session/8068150991763542753e5d368f2e808c/element/f.7F1AC3273160C970B6304C41D413DEA3.d.CDC095B3059E232F24D2D2AB8BB09C69.e.6579/elements - {"using":"css selector","value":"td"}
RESULT: {"using":"css selector","value":"td"}
COMMAND: POST /session/8068150991763542753e5d368f2e808c/element - {"using":"css selector","value":"#j_username"}
COMMAND: POST /session/8068150991763542753e5d368f2e808c/url - {"url":"https://qa-testing-00-live-etm-ui.cfapps.eu10-004.hana.ondemand.com/"}
RESULT: {"url":"https://qa-testing-00-live-etm-ui.cfapps.eu10-004.hana.ondemand.com/"}
RESULT: undefined
COMMAND: GET /session/8068150991763542753e5d368f2e808c/screenshot - {}
RESULT: {"using":"css selector","value":"#j_username"}
COMMAND: POST /session/8068150991763542753e5d368f2e808c/element - {"using":"css selector","value":"#j_username"}
RESULT: {}
RESULT: {"using":"css selector","value":"#j_username"}
COMMAND: POST /session/8068150991763542753e5d368f2e808c/element - {"using":"css selector","value":"#shell-header-logo"}
RESULT: {"using":"css selector","value":"#shell-header-logo"}
COMMAND: POST /session/8068150991763542753e5d368f2e808c/execute/sync - {"script":"<script> [8489 bytes]","args":[{"element-6066-11e4-a52e-4f735466cecf":"f.7F1AC3273160C970B6304C41D413DEA3.d.067C620936471D857A46C311A262A821.e.6670","ELEMENT":"f.7F1AC3273160C970B6304C41D413DEA3.d.067C620936471D857A46C311A262A821.e.6670"}]}
RESULT: {"script":"<script> [8489 bytes]","args":[{"element-6066-11e4-a52e-4f735466cecf":"f.7F1AC3273160C970B6304C41D413DEA3.d.067C620936471D857A46C311A262A821.e.6670","ELEMENT":"f.7F1AC3273160C970B6304C41D413DEA3.d.067C620936471D857A46C311A262A821.e.6670"}]}
COMMAND: POST /session/8068150991763542753e5d368f2e808c/element - {"using":"css selector","value":"#shell-header-logo"}
COMMAND: GET /session/8068150991763542753e5d368f2e808c/screenshot - {}
RESULT: {"using":"css selector","value":"#shell-header-logo"}
COMMAND: POST /session/8068150991763542753e5d368f2e808c/execute/sync - {"script":"<script> [8489 bytes]","args":[{"element-6066-11e4-a52e-4f735466cecf":"f.7F1AC3273160C970B6304C41D413DEA3.d.067C620936471D857A46C311A262A821.e.6670","ELEMENT":"f.7F1AC3273160C970B6304C41D413DEA3.d.067C620936471D857A46C311A262A821.e.6670"}]}
RESULT: {}
RESULT: {"script":"<script> [8489 bytes]","args":[{"element-6066-11e4-a52e-4f735466cecf":"f.7F1AC3273160C970B6304C41D413DEA3.d.067C620936471D857A46C311A262A821.e.6670","ELEMENT":"f.7F1AC3273160C970B6304C41D413DEA3.d.067C620936471D857A46C311A262A821.e.6670"}]}
COMMAND: POST /session/8068150991763542753e5d368f2e808c/execute/sync - {"script":"<script> [5351 bytes]","args":[{"element-6066-11e4-a52e-4f735466cecf":"f.7F1AC3273160C970B6304C41D413DEA3.d.067C620936471D857A46C311A262A821.e.6670","ELEMENT":"f.7F1AC3273160C970B6304C41D413DEA3.d.067C620936471D857A46C311A262A821.e.6670"}]}
COMMAND: GET /session/8068150991763542753e5d368f2e808c/screenshot - {}
RESULT: {"script":"<script> [5351 bytes]","args":[{"element-6066-11e4-a52e-4f735466cecf":"f.7F1AC3273160C970B6304C41D413DEA3.d.067C620936471D857A46C311A262A821.e.6670","ELEMENT":"f.7F1AC3273160C970B6304C41D413DEA3.d.067C620936471D857A46C311A262A821.e.6670"}]}
COMMAND: POST /session/8068150991763542753e5d368f2e808c/element - {"using":"css selector","value":"#shell-header-logo"}
COMMAND: GET /session/8068150991763542753e5d368f2e808c/screenshot - {}
RESULT: {}
RESULT: {"using":"css selector","value":"#shell-header-logo"}
COMMAND: POST /session/8068150991763542753e5d368f2e808c/element/f.7F1AC3273160C970B6304C41D413DEA3.d.067C620936471D857A46C311A262A821.e.6670/click - {}
RESULT: {}
RESULT: {}
COMMAND: GET /session/8068150991763542753e5d368f2e808c/screenshot - {}
RESULT: {}
COMMAND: POST /session/8068150991763542753e5d368f2e808c/execute/async - {"script":"<script> [189 bytes]","args":[]}
RESULT: {"script":"<script> [189 bytes]","args":[]}
COMMAND: POST /session/8068150991763542753e5d368f2e808c/execute/async - {"script":"<script> [123 bytes]","args":[]}
RESULT: {"script":"<script> [123 bytes]","args":[]}
COMMAND: POST /session/8068150991763542753e5d368f2e808c/timeouts - {"script":"<number>"}
RESULT: {"script":"<number>"}
COMMAND: GET /session/8068150991763542753e5d368f2e808c/timeouts - {}
RESULT: {}
RESULT: undefined
COMMAND: POST /session/8068150991763542753e5d368f2e808c/execute/async - {"script":"<script> [2676 bytes]","args":[]}
RESULT: {"script":"<script> [2676 bytes]","args":[]}
COMMAND: POST /session/8068150991763542753e5d368f2e808c/execute/async - {"script":"<script> [2342 bytes]","args":[{"protocol":"http","hostname":"0.0.0.0","path":"/","capabilities":{"browserName":"chrome","goog:chromeOptions":{"binary":"C:\\Program Files\\Google\\Chrome\\Application\\chrome.exe","args":["--start-maximized"]}},"logLevel":"warn","connectionRetryTimeout":120000,"connectionRetryCount":3,"logLevels":{},"enableDirectConnect":true,"strictSSL":true,"_":"65 more keys: [\"cacheDir\",\"port\",\"requestedCapabilities\",\"automationProtocol\",\"baseUrl\",\"waitforInterval\",\"waitforTimeout\",\"onReload\",\"beforeCommand\",\"afterCommand\",\"rootDir\",\"specs\",\"suites\",\"exclude\",\"groupLogsByTestSpec\",\"excludeDriverLogs\",\"bail\",\"framework\",\"reporters\",\"services\",\"maxInstances\",\"maxInstancesPerCapability\",\"injectGlobals\",\"filesToWatch\",\"execArgv\",\"runnerEnv\",\"runner\",\"shard\",\"specFileRetries\",\"specFileRetriesDelay\",\"specFileRetriesDeferred\",\"reporterSyncInterval\",\"reporterSyncTimeout\",\"cucumberFeaturesWithLineNumbers\",\"autoCompileOpts\",\"mochaOpts\",\"jasmineOpts\",\"cucumberOpts\",\"onPrepare\",\"onWorkerStart\",\"onWorkerEnd\",\"before\",\"beforeSession\",\"beforeSuite\",\"beforeHook\",\"beforeTest\",\"afterTest\",\"afterHook\",\"afterSuite\",\"afterSession\",\"after\",\"onComplete\",\"beforeAssertion\",\"afterAssertion\",\"beforeFeature\",\"beforeScenario\",\"beforeStep\",\"afterStep\",\"afterScenario\",\"afterFeature\",\"_\",\"suite\",\"$0\",\"ignoredWorkerServices\",\"wdi5\"]"}]}
RESULT: {"script":"<script> [2342 bytes]","args":[{"protocol":"http","hostname":"0.0.0.0","path":"/","capabilities":{"browserName":"chrome","goog:chromeOptions":{"binary":"C:\\Program Files\\Google\\Chrome\\Application\\chrome.exe","args":["--start-maximized"]}},"logLevel":"warn","connectionRetryTimeout":120000,"connectionRetryCount":3,"logLevels":{},"enableDirectConnect":true,"strictSSL":true,"_":"65 more keys: [\"cacheDir\",\"port\",\"requestedCapabilities\",\"automationProtocol\",\"baseUrl\",\"waitforInterval\",\"waitforTimeout\",\"onReload\",\"beforeCommand\",\"afterCommand\",\"rootDir\",\"specs\",\"suites\",\"exclude\",\"groupLogsByTestSpec\",\"excludeDriverLogs\",\"bail\",\"framework\",\"reporters\",\"services\",\"maxInstances\",\"maxInstancesPerCapability\",\"injectGlobals\",\"filesToWatch\",\"execArgv\",\"runnerEnv\",\"runner\",\"shard\",\"specFileRetries\",\"specFileRetriesDelay\",\"specFileRetriesDeferred\",\"reporterSyncInterval\",\"reporterSyncTimeout\",\"cucumberFeaturesWithLineNumbers\",\"autoCompileOpts\",\"mochaOpts\",\"jasmineOpts\",\"cucumberOpts\",\"onPrepare\",\"onWorkerStart\",\"onWorkerEnd\",\"before\",\"beforeSession\",\"beforeSuite\",\"beforeHook\",\"beforeTest\",\"afterTest\",\"afterHook\",\"afterSuite\",\"afterSession\",\"after\",\"onComplete\",\"beforeAssertion\",\"afterAssertion\",\"beforeFeature\",\"beforeScenario\",\"beforeStep\",\"afterStep\",\"afterScenario\",\"afterFeature\",\"_\",\"suite\",\"$0\",\"ignoredWorkerServices\",\"wdi5\"]"}]}
COMMAND: POST /session/8068150991763542753e5d368f2e808c/execute/async - {"script":"<script> [21126 bytes]","args":[35000]}
RESULT: {"script":"<script> [21126 bytes]","args":[35000]}
COMMAND: POST /session/8068150991763542753e5d368f2e808c/window/maximize - {}
RESULT: {}
COMMAND: POST /session/8068150991763542753e5d368f2e808c/execute/async - {"script":"<script> [1562 bytes]","args":[{"selector":{"id":"shell-header","interaction":{"idSuffix":"icon"}},"wdio_ui5_key":"shellheader"}]}
COMMAND: GET /session/8068150991763542753e5d368f2e808c/screenshot - {}
RESULT: {"script":"<script> [1562 bytes]","args":[{"selector":{"id":"shell-header","interaction":{"idSuffix":"icon"}},"wdio_ui5_key":"shellheader"}]}
RESULT: undefined
COMMAND: POST /session/8068150991763542753e5d368f2e808c/refresh - {}
RESULT: {}
RESULT: {}
COMMAND: GET /session/8068150991763542753e5d368f2e808c/screenshot - {}
RESULT: {}
COMMAND: POST /session/8068150991763542753e5d368f2e808c/refresh - {}
RESULT: {}
COMMAND: GET /session/8068150991763542753e5d368f2e808c/screenshot - {}
RESULT: {}
COMMAND: POST /session/8068150991763542753e5d368f2e808c/window/fullscreen - {}
RESULT: {}
COMMAND: POST /session/8068150991763542753e5d368f2e808c/execute/async - {"script":"<script> [189 bytes]","args":[]}
RESULT: {"script":"<script> [189 bytes]","args":[]}
COMMAND: POST /session/8068150991763542753e5d368f2e808c/execute/async - {"script":"<script> [123 bytes]","args":[]}
RESULT: {"script":"<script> [123 bytes]","args":[]}
COMMAND: POST /session/8068150991763542753e5d368f2e808c/timeouts - {"script":"<number>"}
RESULT: {"script":"<number>"}
COMMAND: GET /session/8068150991763542753e5d368f2e808c/timeouts - {}
RESULT: {}
RESULT: undefined
COMMAND: POST /session/8068150991763542753e5d368f2e808c/execute/async - {"script":"<script> [2676 bytes]","args":[]}
RESULT: {"script":"<script> [2676 bytes]","args":[]}
COMMAND: POST /session/8068150991763542753e5d368f2e808c/execute/async - {"script":"<script> [2342 bytes]","args":[{"protocol":"http","hostname":"0.0.0.0","path":"/","capabilities":{"browserName":"chrome","goog:chromeOptions":{"binary":"C:\\Program Files\\Google\\Chrome\\Application\\chrome.exe","args":["--start-maximized"]}},"logLevel":"warn","connectionRetryTimeout":120000,"connectionRetryCount":3,"logLevels":{},"enableDirectConnect":true,"strictSSL":true,"_":"65 more keys: [\"cacheDir\",\"port\",\"requestedCapabilities\",\"automationProtocol\",\"baseUrl\",\"waitforInterval\",\"waitforTimeout\",\"onReload\",\"beforeCommand\",\"afterCommand\",\"rootDir\",\"specs\",\"suites\",\"exclude\",\"groupLogsByTestSpec\",\"excludeDriverLogs\",\"bail\",\"framework\",\"reporters\",\"services\",\"maxInstances\",\"maxInstancesPerCapability\",\"injectGlobals\",\"filesToWatch\",\"execArgv\",\"runnerEnv\",\"runner\",\"shard\",\"specFileRetries\",\"specFileRetriesDelay\",\"specFileRetriesDeferred\",\"reporterSyncInterval\",\"reporterSyncTimeout\",\"cucumberFeaturesWithLineNumbers\",\"autoCompileOpts\",\"mochaOpts\",\"jasmineOpts\",\"cucumberOpts\",\"onPrepare\",\"onWorkerStart\",\"onWorkerEnd\",\"before\",\"beforeSession\",\"beforeSuite\",\"beforeHook\",\"beforeTest\",\"afterTest\",\"afterHook\",\"afterSuite\",\"afterSession\",\"after\",\"onComplete\",\"beforeAssertion\",\"afterAssertion\",\"beforeFeature\",\"beforeScenario\",\"beforeStep\",\"afterStep\",\"afterScenario\",\"afterFeature\",\"_\",\"suite\",\"$0\",\"ignoredWorkerServices\",\"wdi5\"]"}]}
RESULT: {"script":"<script> [2342 bytes]","args":[{"protocol":"http","hostname":"0.0.0.0","path":"/","capabilities":{"browserName":"chrome","goog:chromeOptions":{"binary":"C:\\Program Files\\Google\\Chrome\\Application\\chrome.exe","args":["--start-maximized"]}},"logLevel":"warn","connectionRetryTimeout":120000,"connectionRetryCount":3,"logLevels":{},"enableDirectConnect":true,"strictSSL":true,"_":"65 more keys: [\"cacheDir\",\"port\",\"requestedCapabilities\",\"automationProtocol\",\"baseUrl\",\"waitforInterval\",\"waitforTimeout\",\"onReload\",\"beforeCommand\",\"afterCommand\",\"rootDir\",\"specs\",\"suites\",\"exclude\",\"groupLogsByTestSpec\",\"excludeDriverLogs\",\"bail\",\"framework\",\"reporters\",\"services\",\"maxInstances\",\"maxInstancesPerCapability\",\"injectGlobals\",\"filesToWatch\",\"execArgv\",\"runnerEnv\",\"runner\",\"shard\",\"specFileRetries\",\"specFileRetriesDelay\",\"specFileRetriesDeferred\",\"reporterSyncInterval\",\"reporterSyncTimeout\",\"cucumberFeaturesWithLineNumbers\",\"autoCompileOpts\",\"mochaOpts\",\"jasmineOpts\",\"cucumberOpts\",\"onPrepare\",\"onWorkerStart\",\"onWorkerEnd\",\"before\",\"beforeSession\",\"beforeSuite\",\"beforeHook\",\"beforeTest\",\"afterTest\",\"afterHook\",\"afterSuite\",\"afterSession\",\"after\",\"onComplete\",\"beforeAssertion\",\"afterAssertion\",\"beforeFeature\",\"beforeScenario\",\"beforeStep\",\"afterStep\",\"afterScenario\",\"afterFeature\",\"_\",\"suite\",\"$0\",\"ignoredWorkerServices\",\"wdi5\"]"}]}
COMMAND: POST /session/8068150991763542753e5d368f2e808c/execute/async - {"script":"<script> [21126 bytes]","args":[35000]}
RESULT: {"script":"<script> [21126 bytes]","args":[35000]}
]]></system-out>
    </testcase>
  </testsuite>
  <testsuite timestamp="2025-06-01T17:12:05" time="416.84" tests="9" failures="0" errors="0" skipped="0">
    <properties>
      <property name="specId" value="0"/>
      <property name="suiteName" value="US134625 Set up price condition - one time"/>
      <property name="capabilities" value="chrome.136_0_7103_93.windows"/>
      <property name="file" value="file:///D:/a/1/s/test/specs/BTS/set-up-price-condition-one-time.spec.js"/>
    </properties>
    <testcase classname="chrome.136_0_7103_93.windows.US134625_Set_up_price_condition_-_one_time" name="Should create a new yard used for all following tests" time="0.029">
      <system-out><![CDATA[
COMMAND: POST /session/8068150991763542753e5d368f2e808c/window/fullscreen - {}
RESULT: {}
]]></system-out>
    </testcase>
    <testcase classname="chrome.136_0_7103_93.windows.US134625_Set_up_price_condition_-_one_time" name="Should create a new partner" time="0.004"/>
    <testcase classname="chrome.136_0_7103_93.windows.US134625_Set_up_price_condition_-_one_time" name="Should create a new site used for following tests" time="0.003"/>
    <testcase classname="chrome.136_0_7103_93.windows.US134625_Set_up_price_condition_-_one_time" name="Should create a new material for billing type one time" time="114.498">
      <system-out><![CDATA[
COMMAND: POST /session/8068150991763542753e5d368f2e808c/execute/async - {"script":"<script> [1562 bytes]","args":[{"selector":{"controlType":"sap.m.GenericTile","properties":{"header":"Manage Resources"}},"wdio_ui5_key":"sapm.GenericTile{\"header\":\"Manage Resources\"}"}]}
RESULT: {"script":"<script> [1562 bytes]","args":[{"selector":{"controlType":"sap.m.GenericTile","properties":{"header":"Manage Resources"}},"wdio_ui5_key":"sapm.GenericTile{\"header\":\"Manage Resources\"}"}]}
RESULT: undefined
COMMAND: POST /session/8068150991763542753e5d368f2e808c/element - {"using":"xpath","value":"//*[@id=\"__tile39\"]"}
RESULT: {"using":"xpath","value":"//*[@id=\"__tile39\"]"}
COMMAND: POST /session/8068150991763542753e5d368f2e808c/element/f.7F1AC3273160C970B6304C41D413DEA3.d.EA7383F70C9A85992922F66C6C30F53C.e.6757/click - {}
RESULT: {}
COMMAND: GET /session/8068150991763542753e5d368f2e808c/screenshot - {}
RESULT: {}
COMMAND: POST /session/8068150991763542753e5d368f2e808c/elements - {"using":"xpath","value":"//span[text()='Error']"}
RESULT: {"using":"xpath","value":"//span[text()='Error']"}
COMMAND: POST /session/8068150991763542753e5d368f2e808c/element - {"using":"xpath","value":"//button[@data-kt=\"addNewRUOverflowToolbarButton\"]"}
RESULT: {"using":"xpath","value":"//button[@data-kt=\"addNewRUOverflowToolbarButton\"]"}
COMMAND: POST /session/8068150991763542753e5d368f2e808c/elements - {"using":"xpath","value":"//button[@data-kt=\"addNewRUOverflowToolbarButton\"]"}
RESULT: {"using":"xpath","value":"//button[@data-kt=\"addNewRUOverflowToolbarButton\"]"}
COMMAND: POST /session/8068150991763542753e5d368f2e808c/execute/sync - {"script":"<script> [8489 bytes]","args":[{"element-6066-11e4-a52e-4f735466cecf":"f.7F1AC3273160C970B6304C41D413DEA3.d.EA7383F70C9A85992922F66C6C30F53C.e.6888","ELEMENT":"f.7F1AC3273160C970B6304C41D413DEA3.d.EA7383F70C9A85992922F66C6C30F53C.e.6888"}]}
RESULT: {"script":"<script> [8489 bytes]","args":[{"element-6066-11e4-a52e-4f735466cecf":"f.7F1AC3273160C970B6304C41D413DEA3.d.EA7383F70C9A85992922F66C6C30F53C.e.6888","ELEMENT":"f.7F1AC3273160C970B6304C41D413DEA3.d.EA7383F70C9A85992922F66C6C30F53C.e.6888"}]}
COMMAND: GET /session/8068150991763542753e5d368f2e808c/element/f.7F1AC3273160C970B6304C41D413DEA3.d.EA7383F70C9A85992922F66C6C30F53C.e.6888/enabled - {}
COMMAND: GET /session/8068150991763542753e5d368f2e808c/screenshot - {}
RESULT: {}
COMMAND: POST /session/8068150991763542753e5d368f2e808c/execute/sync - {"script":"<script> [8489 bytes]","args":[{"element-6066-11e4-a52e-4f735466cecf":"f.7F1AC3273160C970B6304C41D413DEA3.d.EA7383F70C9A85992922F66C6C30F53C.e.6888","ELEMENT":"f.7F1AC3273160C970B6304C41D413DEA3.d.EA7383F70C9A85992922F66C6C30F53C.e.6888"}]}
COMMAND: GET /session/8068150991763542753e5d368f2e808c/screenshot - {}
RESULT: {}
RESULT: {"script":"<script> [8489 bytes]","args":[{"element-6066-11e4-a52e-4f735466cecf":"f.7F1AC3273160C970B6304C41D413DEA3.d.EA7383F70C9A85992922F66C6C30F53C.e.6888","ELEMENT":"f.7F1AC3273160C970B6304C41D413DEA3.d.EA7383F70C9A85992922F66C6C30F53C.e.6888"}]}
COMMAND: POST /session/8068150991763542753e5d368f2e808c/execute/sync - {"script":"<script> [5351 bytes]","args":[{"element-6066-11e4-a52e-4f735466cecf":"f.7F1AC3273160C970B6304C41D413DEA3.d.EA7383F70C9A85992922F66C6C30F53C.e.6888","ELEMENT":"f.7F1AC3273160C970B6304C41D413DEA3.d.EA7383F70C9A85992922F66C6C30F53C.e.6888"}]}
COMMAND: GET /session/8068150991763542753e5d368f2e808c/screenshot - {}
RESULT: {}
RESULT: {"script":"<script> [5351 bytes]","args":[{"element-6066-11e4-a52e-4f735466cecf":"f.7F1AC3273160C970B6304C41D413DEA3.d.EA7383F70C9A85992922F66C6C30F53C.e.6888","ELEMENT":"f.7F1AC3273160C970B6304C41D413DEA3.d.EA7383F70C9A85992922F66C6C30F53C.e.6888"}]}
COMMAND: POST /session/8068150991763542753e5d368f2e808c/element/f.7F1AC3273160C970B6304C41D413DEA3.d.EA7383F70C9A85992922F66C6C30F53C.e.6888/click - {}
RESULT: {}
COMMAND: GET /session/8068150991763542753e5d368f2e808c/screenshot - {}
RESULT: {}
COMMAND: GET /session/8068150991763542753e5d368f2e808c/screenshot - {}
RESULT: {}
RESULT: {}
COMMAND: POST /session/8068150991763542753e5d368f2e808c/execute/async - {"script":"<script> [1562 bytes]","args":[{"selector":{"id":"application-manageresources-display-component---newResourceUnit--TYPE-arrow"},"wdio_ui5_key":"applicationmanageresources-display-component---newResourceUnit--TYPE-arrow"}]}
RESULT: {"script":"<script> [1562 bytes]","args":[{"selector":{"id":"application-manageresources-display-component---newResourceUnit--TYPE-arrow"},"wdio_ui5_key":"applicationmanageresources-display-component---newResourceUnit--TYPE-arrow"}]}
RESULT: undefined
COMMAND: POST /session/8068150991763542753e5d368f2e808c/element - {"using":"xpath","value":"//*[@id=\"application-manageresources-display-component---newResourceUnit--TYPE-arrow\"]"}
RESULT: {"using":"xpath","value":"//*[@id=\"application-manageresources-display-component---newResourceUnit--TYPE-arrow\"]"}
COMMAND: POST /session/8068150991763542753e5d368f2e808c/element/f.7F1AC3273160C970B6304C41D413DEA3.d.EA7383F70C9A85992922F66C6C30F53C.e.7245/click - {}
RESULT: {}
COMMAND: POST /session/8068150991763542753e5d368f2e808c/element - {"using":"xpath","value":"//input[@id=\"application-manageresources-display-component---newResourceUnit--TYPE-inner\"]"}
COMMAND: GET /session/8068150991763542753e5d368f2e808c/screenshot - {}
RESULT: {"using":"xpath","value":"//input[@id=\"application-manageresources-display-component---newResourceUnit--TYPE-inner\"]"}
COMMAND: POST /session/8068150991763542753e5d368f2e808c/element/f.7F1AC3273160C970B6304C41D413DEA3.d.EA7383F70C9A85992922F66C6C30F53C.e.7238/clear - {}
RESULT: {}
RESULT: {}
COMMAND: POST /session/8068150991763542753e5d368f2e808c/element/f.7F1AC3273160C970B6304C41D413DEA3.d.EA7383F70C9A85992922F66C6C30F53C.e.7238/value - {"text":"Material"}
COMMAND: GET /session/8068150991763542753e5d368f2e808c/screenshot - {}
RESULT: {"text":"Material"}
COMMAND: GET /session/8068150991763542753e5d368f2e808c/screenshot - {}
RESULT: {}
RESULT: {}
COMMAND: POST /session/8068150991763542753e5d368f2e808c/actions - {"actions":[{"id":"action20","type":"key","parameters":{},"actions":[{"type":"keyDown","value":""},{"type":"pause","duration":10},{"type":"keyUp","value":""}]}]}
RESULT: {"actions":[{"id":"action20","type":"key","parameters":{},"actions":[{"type":"keyDown","value":""},{"type":"pause","duration":10},{"type":"keyUp","value":""}]}]}
COMMAND: POST /session/8068150991763542753e5d368f2e808c/execute/async - {"script":"<script> [1562 bytes]","args":[{"selector":{"id":"application-manageresources-display-component---newResourceUnit--SHORT_TEXT","interaction":{"idSuffix":"inner"}},"wdio_ui5_key":"applicationmanageresources-display-component---newResourceUnit--SHORT_TEXT"}]}
COMMAND: GET /session/8068150991763542753e5d368f2e808c/screenshot - {}
RESULT: {"script":"<script> [1562 bytes]","args":[{"selector":{"id":"application-manageresources-display-component---newResourceUnit--SHORT_TEXT","interaction":{"idSuffix":"inner"}},"wdio_ui5_key":"applicationmanageresources-display-component---newResourceUnit--SHORT_TEXT"}]}
RESULT: undefined
COMMAND: POST /session/8068150991763542753e5d368f2e808c/execute/async - {"script":"<script> [776 bytes]","args":[{"enterText":"Cement WDIO","selector":{"id":"application-manageresources-display-component---newResourceUnit--SHORT_TEXT","interaction":{"idSuffix":"inner"}},"clearTextFirst":true,"interactionType":"ENTER_TEXT"}]}
RESULT: {}
RESULT: {"script":"<script> [776 bytes]","args":[{"enterText":"Cement WDIO","selector":{"id":"application-manageresources-display-component---newResourceUnit--SHORT_TEXT","interaction":{"idSuffix":"inner"}},"clearTextFirst":true,"interactionType":"ENTER_TEXT"}]}
COMMAND: POST /session/8068150991763542753e5d368f2e808c/execute/async - {"script":"<script> [1562 bytes]","args":[{"selector":{"id":"application-manageresources-display-component---newResourceUnit--BASE_UNIT_OF_MEASURE","interaction":{"idSuffix":"inner"}},"wdio_ui5_key":"applicationmanageresources-display-component---newResourceUnit--BASE_UNIT_OF_MEASURE"}]}
RESULT: {"script":"<script> [1562 bytes]","args":[{"selector":{"id":"application-manageresources-display-component---newResourceUnit--BASE_UNIT_OF_MEASURE","interaction":{"idSuffix":"inner"}},"wdio_ui5_key":"applicationmanageresources-display-component---newResourceUnit--BASE_UNIT_OF_MEASURE"}]}
RESULT: undefined
COMMAND: POST /session/8068150991763542753e5d368f2e808c/execute/async - {"script":"<script> [776 bytes]","args":[{"enterText":"Piece","selector":{"id":"application-manageresources-display-component---newResourceUnit--BASE_UNIT_OF_MEASURE","interaction":{"idSuffix":"inner"}},"clearTextFirst":true,"interactionType":"ENTER_TEXT"}]}
RESULT: {"script":"<script> [776 bytes]","args":[{"enterText":"Piece","selector":{"id":"application-manageresources-display-component---newResourceUnit--BASE_UNIT_OF_MEASURE","interaction":{"idSuffix":"inner"}},"clearTextFirst":true,"interactionType":"ENTER_TEXT"}]}
COMMAND: POST /session/8068150991763542753e5d368f2e808c/execute/async - {"script":"<script> [1562 bytes]","args":[{"selector":{"id":"application-manageresources-display-component---newResourceUnit--WEIGHT_UNIT","interaction":{"idSuffix":"inner"}},"wdio_ui5_key":"applicationmanageresources-display-component---newResourceUnit--WEIGHT_UNIT"}]}
RESULT: {"script":"<script> [1562 bytes]","args":[{"selector":{"id":"application-manageresources-display-component---newResourceUnit--WEIGHT_UNIT","interaction":{"idSuffix":"inner"}},"wdio_ui5_key":"applicationmanageresources-display-component---newResourceUnit--WEIGHT_UNIT"}]}
RESULT: undefined
COMMAND: POST /session/8068150991763542753e5d368f2e808c/execute/async - {"script":"<script> [776 bytes]","args":[{"enterText":"Gram","selector":{"id":"application-manageresources-display-component---newResourceUnit--WEIGHT_UNIT","interaction":{"idSuffix":"inner"}},"clearTextFirst":true,"interactionType":"ENTER_TEXT"}]}
RESULT: {"script":"<script> [776 bytes]","args":[{"enterText":"Gram","selector":{"id":"application-manageresources-display-component---newResourceUnit--WEIGHT_UNIT","interaction":{"idSuffix":"inner"}},"clearTextFirst":true,"interactionType":"ENTER_TEXT"}]}
COMMAND: POST /session/8068150991763542753e5d368f2e808c/execute/async - {"script":"<script> [1562 bytes]","args":[{"selector":{"id":"application-manageresources-display-component---newResourceUnit--DIMENSION_UNIT","interaction":{"idSuffix":"inner"}},"wdio_ui5_key":"applicationmanageresources-display-component---newResourceUnit--DIMENSION_UNIT"}]}
RESULT: {"script":"<script> [1562 bytes]","args":[{"selector":{"id":"application-manageresources-display-component---newResourceUnit--DIMENSION_UNIT","interaction":{"idSuffix":"inner"}},"wdio_ui5_key":"applicationmanageresources-display-component---newResourceUnit--DIMENSION_UNIT"}]}
RESULT: undefined
COMMAND: POST /session/8068150991763542753e5d368f2e808c/execute/async - {"script":"<script> [776 bytes]","args":[{"enterText":"Meter","selector":{"id":"application-manageresources-display-component---newResourceUnit--DIMENSION_UNIT","interaction":{"idSuffix":"inner"}},"clearTextFirst":true,"interactionType":"ENTER_TEXT"}]}
RESULT: {"script":"<script> [776 bytes]","args":[{"enterText":"Meter","selector":{"id":"application-manageresources-display-component---newResourceUnit--DIMENSION_UNIT","interaction":{"idSuffix":"inner"}},"clearTextFirst":true,"interactionType":"ENTER_TEXT"}]}
COMMAND: POST /session/8068150991763542753e5d368f2e808c/execute/async - {"script":"<script> [1562 bytes]","args":[{"selector":{"id":"application-manageresources-display-component---newResourceUnit--newRRUPage-anchBar-application-manageresources-display-component---newResourceUnit--control-anchor","interaction":{"idSuffix":"BDI-content"}},"wdio_ui5_key":"applicationmanageresources-display-component---newResourceUnit--newRRUPage-anchBar-application-manageresources-display-component---newResourceUnit--control-anchor"}]}
RESULT: {"script":"<script> [1562 bytes]","args":[{"selector":{"id":"application-manageresources-display-component---newResourceUnit--newRRUPage-anchBar-application-manageresources-display-component---newResourceUnit--control-anchor","interaction":{"idSuffix":"BDI-content"}},"wdio_ui5_key":"applicationmanageresources-display-component---newResourceUnit--newRRUPage-anchBar-application-manageresources-display-component---newResourceUnit--control-anchor"}]}
RESULT: undefined
COMMAND: POST /session/8068150991763542753e5d368f2e808c/element - {"using":"xpath","value":"//*[@id=\"application-manageresources-display-component---newResourceUnit--newRRUPage-anchBar-application-manageresources-display-component---newResourceUnit--control-anchor\"]"}
RESULT: {"using":"xpath","value":"//*[@id=\"application-manageresources-display-component---newResourceUnit--newRRUPage-anchBar-application-manageresources-display-component---newResourceUnit--control-anchor\"]"}
COMMAND: POST /session/8068150991763542753e5d368f2e808c/element/f.7F1AC3273160C970B6304C41D413DEA3.d.EA7383F70C9A85992922F66C6C30F53C.e.7377/click - {}
RESULT: {}
COMMAND: POST /session/8068150991763542753e5d368f2e808c/execute/async - {"script":"<script> [1562 bytes]","args":[{"selector":{"id":"application-manageresources-display-component---newResourceUnit--PLANNING_GROUP","interaction":{"idSuffix":"inner"}},"wdio_ui5_key":"applicationmanageresources-display-component---newResourceUnit--PLANNING_GROUP"}]}
COMMAND: GET /session/8068150991763542753e5d368f2e808c/screenshot - {}
RESULT: {"script":"<script> [1562 bytes]","args":[{"selector":{"id":"application-manageresources-display-component---newResourceUnit--PLANNING_GROUP","interaction":{"idSuffix":"inner"}},"wdio_ui5_key":"applicationmanageresources-display-component---newResourceUnit--PLANNING_GROUP"}]}
RESULT: undefined
COMMAND: POST /session/8068150991763542753e5d368f2e808c/execute/async - {"script":"<script> [776 bytes]","args":[{"enterText":"Material","selector":{"id":"application-manageresources-display-component---newResourceUnit--PLANNING_GROUP","interaction":{"idSuffix":"inner"}},"clearTextFirst":true,"interactionType":"ENTER_TEXT"}]}
RESULT: {}
RESULT: {"script":"<script> [776 bytes]","args":[{"enterText":"Material","selector":{"id":"application-manageresources-display-component---newResourceUnit--PLANNING_GROUP","interaction":{"idSuffix":"inner"}},"clearTextFirst":true,"interactionType":"ENTER_TEXT"}]}
COMMAND: POST /session/8068150991763542753e5d368f2e808c/execute/async - {"script":"<script> [1562 bytes]","args":[{"selector":{"id":"application-manageresources-display-component---newResourceUnit--PLANNING_INDICATOR","interaction":{"idSuffix":"inner"}},"wdio_ui5_key":"applicationmanageresources-display-component---newResourceUnit--PLANNING_INDICATOR"}]}
RESULT: {"script":"<script> [1562 bytes]","args":[{"selector":{"id":"application-manageresources-display-component---newResourceUnit--PLANNING_INDICATOR","interaction":{"idSuffix":"inner"}},"wdio_ui5_key":"applicationmanageresources-display-component---newResourceUnit--PLANNING_INDICATOR"}]}
RESULT: undefined
COMMAND: POST /session/8068150991763542753e5d368f2e808c/execute/async - {"script":"<script> [776 bytes]","args":[{"enterText":"10 - infinite","selector":{"id":"application-manageresources-display-component---newResourceUnit--PLANNING_INDICATOR","interaction":{"idSuffix":"inner"}},"clearTextFirst":true,"interactionType":"ENTER_TEXT"}]}
RESULT: {"script":"<script> [776 bytes]","args":[{"enterText":"10 - infinite","selector":{"id":"application-manageresources-display-component---newResourceUnit--PLANNING_INDICATOR","interaction":{"idSuffix":"inner"}},"clearTextFirst":true,"interactionType":"ENTER_TEXT"}]}
COMMAND: POST /session/8068150991763542753e5d368f2e808c/element - {"using":"css selector","value":"#application-manageresources-display-component---newResourceUnit--btnAddTimeSegment"}
RESULT: {"using":"css selector","value":"#application-manageresources-display-component---newResourceUnit--btnAddTimeSegment"}
COMMAND: GET /session/8068150991763542753e5d368f2e808c/element/f.7F1AC3273160C970B6304C41D413DEA3.d.EA7383F70C9A85992922F66C6C30F53C.e.7387/rect - {}
RESULT: {}
COMMAND: GET /session/8068150991763542753e5d368f2e808c/window/rect - {}
RESULT: {}
COMMAND: POST /session/8068150991763542753e5d368f2e808c/execute/sync - {"script":"<script> [92 bytes]","args":[]}
RESULT: {"script":"<script> [92 bytes]","args":[]}
COMMAND: POST /session/8068150991763542753e5d368f2e808c/actions - {"actions":[{"id":"action21","type":"wheel","parameters":{},"actions":[{"type":"scroll","x":-1888,"y":-32,"deltaX":0,"deltaY":0,"duration":0,"origin":{"element-6066-11e4-a52e-4f735466cecf":"f.7F1AC3273160C970B6304C41D413DEA3.d.EA7383F70C9A85992922F66C6C30F53C.e.7387"}}]}]}
COMMAND: GET /session/8068150991763542753e5d368f2e808c/screenshot - {}
RESULT: {}
COMMAND: POST /session/8068150991763542753e5d368f2e808c/execute/sync - {"script":"<script> [79 bytes]","args":[{"element-6066-11e4-a52e-4f735466cecf":"f.7F1AC3273160C970B6304C41D413DEA3.d.EA7383F70C9A85992922F66C6C30F53C.e.7387","ELEMENT":"f.7F1AC3273160C970B6304C41D413DEA3.d.EA7383F70C9A85992922F66C6C30F53C.e.7387"},{"block":"start","inline":"nearest"}]}
RESULT: {"script":"<script> [79 bytes]","args":[{"element-6066-11e4-a52e-4f735466cecf":"f.7F1AC3273160C970B6304C41D413DEA3.d.EA7383F70C9A85992922F66C6C30F53C.e.7387","ELEMENT":"f.7F1AC3273160C970B6304C41D413DEA3.d.EA7383F70C9A85992922F66C6C30F53C.e.7387"},{"block":"start","inline":"nearest"}]}
COMMAND: POST /session/8068150991763542753e5d368f2e808c/execute/async - {"script":"<script> [1562 bytes]","args":[{"selector":{"id":"application-manageresources-display-component---newResourceUnit--btnAddTimeSegment","interaction":{"idSuffix":"inner"}},"wdio_ui5_key":"applicationmanageresources-display-component---newResourceUnit--btnAddTimeSegment"}]}
COMMAND: GET /session/8068150991763542753e5d368f2e808c/screenshot - {}
RESULT: {"script":"<script> [1562 bytes]","args":[{"selector":{"id":"application-manageresources-display-component---newResourceUnit--btnAddTimeSegment","interaction":{"idSuffix":"inner"}},"wdio_ui5_key":"applicationmanageresources-display-component---newResourceUnit--btnAddTimeSegment"}]}
RESULT: undefined
COMMAND: POST /session/8068150991763542753e5d368f2e808c/element - {"using":"xpath","value":"//*[@id=\"application-manageresources-display-component---newResourceUnit--btnAddTimeSegment\"]"}
RESULT: {}
RESULT: {"using":"xpath","value":"//*[@id=\"application-manageresources-display-component---newResourceUnit--btnAddTimeSegment\"]"}
COMMAND: POST /session/8068150991763542753e5d368f2e808c/element/f.7F1AC3273160C970B6304C41D413DEA3.d.EA7383F70C9A85992922F66C6C30F53C.e.7387/click - {}
RESULT: {}
COMMAND: GET /session/8068150991763542753e5d368f2e808c/screenshot - {}
RESULT: {}
COMMAND: POST /session/8068150991763542753e5d368f2e808c/element - {"using":"xpath","value":"//input[@id=\"application-manageresources-display-component---newResourceUnit--idRuTSAdmin-application-manageresources-display-component---newResourceUnit--RUTimeSegment-0-inner\"]"}
RESULT: {"using":"xpath","value":"//input[@id=\"application-manageresources-display-component---newResourceUnit--idRuTSAdmin-application-manageresources-display-component---newResourceUnit--RUTimeSegment-0-inner\"]"}
COMMAND: POST /session/8068150991763542753e5d368f2e808c/element/f.7F1AC3273160C970B6304C41D413DEA3.d.EA7383F70C9A85992922F66C6C30F53C.e.7392/clear - {}
RESULT: {}
COMMAND: POST /session/8068150991763542753e5d368f2e808c/element/f.7F1AC3273160C970B6304C41D413DEA3.d.EA7383F70C9A85992922F66C6C30F53C.e.7392/value - {"text":"554"}
COMMAND: GET /session/8068150991763542753e5d368f2e808c/screenshot - {}
RESULT: {"text":"554"}
COMMAND: GET /session/8068150991763542753e5d368f2e808c/screenshot - {}
RESULT: {}
RESULT: {}
COMMAND: POST /session/8068150991763542753e5d368f2e808c/element - {"using":"xpath","value":"//li[.//span[text()='554']]"}
RESULT: {"using":"xpath","value":"//li[.//span[text()='554']]"}
COMMAND: POST /session/8068150991763542753e5d368f2e808c/element/f.7F1AC3273160C970B6304C41D413DEA3.d.EA7383F70C9A85992922F66C6C30F53C.e.7401/click - {}
RESULT: {}
COMMAND: GET /session/8068150991763542753e5d368f2e808c/screenshot - {}
RESULT: {}
COMMAND: POST /session/8068150991763542753e5d368f2e808c/element - {"using":"xpath","value":"(//span[contains(@id, \"-application-manageresources-display-component---newResourceUnit--RUTimeSegment-0-arrow\")])[2]"}
RESULT: {"using":"xpath","value":"(//span[contains(@id, \"-application-manageresources-display-component---newResourceUnit--RUTimeSegment-0-arrow\")])[2]"}
COMMAND: POST /session/8068150991763542753e5d368f2e808c/element/f.7F1AC3273160C970B6304C41D413DEA3.d.EA7383F70C9A85992922F66C6C30F53C.e.7402/click - {}
RESULT: {}
COMMAND: POST /session/8068150991763542753e5d368f2e808c/element - {"using":"xpath","value":"//span[contains(text(), \"PM Order\")]"}
COMMAND: GET /session/8068150991763542753e5d368f2e808c/screenshot - {}
RESULT: {"using":"xpath","value":"//span[contains(text(), \"PM Order\")]"}
COMMAND: POST /session/8068150991763542753e5d368f2e808c/element/f.7F1AC3273160C970B6304C41D413DEA3.d.EA7383F70C9A85992922F66C6C30F53C.e.7403/click - {}
RESULT: {}
RESULT: {}
COMMAND: GET /session/8068150991763542753e5d368f2e808c/screenshot - {}
RESULT: {}
COMMAND: POST /session/8068150991763542753e5d368f2e808c/element - {"using":"xpath","value":"//td/div/div/div/span[contains(@id, \"newResourceUnit--RUTimeSegment-0-vhi\")][1]"}
RESULT: {"using":"xpath","value":"//td/div/div/div/span[contains(@id, \"newResourceUnit--RUTimeSegment-0-vhi\")][1]"}
COMMAND: GET /session/8068150991763542753e5d368f2e808c/element/f.7F1AC3273160C970B6304C41D413DEA3.d.EA7383F70C9A85992922F66C6C30F53C.e.7407/rect - {}
RESULT: {}
COMMAND: GET /session/8068150991763542753e5d368f2e808c/window/rect - {}
RESULT: {}
COMMAND: POST /session/8068150991763542753e5d368f2e808c/execute/sync - {"script":"<script> [92 bytes]","args":[]}
RESULT: {"script":"<script> [92 bytes]","args":[]}
COMMAND: POST /session/8068150991763542753e5d368f2e808c/actions - {"actions":[{"id":"action22","type":"wheel","parameters":{},"actions":[{"type":"scroll","x":-1888,"y":-24,"deltaX":0,"deltaY":0,"duration":0,"origin":{"element-6066-11e4-a52e-4f735466cecf":"f.7F1AC3273160C970B6304C41D413DEA3.d.EA7383F70C9A85992922F66C6C30F53C.e.7407"}}]}]}
COMMAND: GET /session/8068150991763542753e5d368f2e808c/screenshot - {}
RESULT: {}
COMMAND: POST /session/8068150991763542753e5d368f2e808c/execute/sync - {"script":"<script> [79 bytes]","args":[{"element-6066-11e4-a52e-4f735466cecf":"f.7F1AC3273160C970B6304C41D413DEA3.d.EA7383F70C9A85992922F66C6C30F53C.e.7407","ELEMENT":"f.7F1AC3273160C970B6304C41D413DEA3.d.EA7383F70C9A85992922F66C6C30F53C.e.7407"},{"block":"start","inline":"nearest"}]}
RESULT: {"script":"<script> [79 bytes]","args":[{"element-6066-11e4-a52e-4f735466cecf":"f.7F1AC3273160C970B6304C41D413DEA3.d.EA7383F70C9A85992922F66C6C30F53C.e.7407","ELEMENT":"f.7F1AC3273160C970B6304C41D413DEA3.d.EA7383F70C9A85992922F66C6C30F53C.e.7407"},{"block":"start","inline":"nearest"}]}
COMMAND: GET /session/8068150991763542753e5d368f2e808c/screenshot - {}
RESULT: {}
COMMAND: POST /session/8068150991763542753e5d368f2e808c/element/f.7F1AC3273160C970B6304C41D413DEA3.d.EA7383F70C9A85992922F66C6C30F53C.e.7407/click - {}
RESULT: {}
COMMAND: GET /session/8068150991763542753e5d368f2e808c/screenshot - {}
RESULT: {}
COMMAND: POST /session/8068150991763542753e5d368f2e808c/execute/async - {"script":"<script> [1562 bytes]","args":[{"selector":{"controlType":"sap.m.SearchField","properties":{"placeholder":"Search"},"searchOpenDialogs":true,"interaction":{"idSuffix":"I"}},"wdio_ui5_key":"sapm.SearchField{\"placeholder\":\"Search\"}"}]}
RESULT: {"script":"<script> [1562 bytes]","args":[{"selector":{"controlType":"sap.m.SearchField","properties":{"placeholder":"Search"},"searchOpenDialogs":true,"interaction":{"idSuffix":"I"}},"wdio_ui5_key":"sapm.SearchField{\"placeholder\":\"Search\"}"}]}
RESULT: undefined
COMMAND: POST /session/8068150991763542753e5d368f2e808c/execute/async - {"script":"<script> [776 bytes]","args":[{"enterText":"4000360","selector":{"controlType":"sap.m.SearchField","properties":{"placeholder":"Search"},"searchOpenDialogs":true,"interaction":{"idSuffix":"I"}},"clearTextFirst":true,"interactionType":"ENTER_TEXT"}]}
RESULT: {"script":"<script> [776 bytes]","args":[{"enterText":"4000360","selector":{"controlType":"sap.m.SearchField","properties":{"placeholder":"Search"},"searchOpenDialogs":true,"interaction":{"idSuffix":"I"}},"clearTextFirst":true,"interactionType":"ENTER_TEXT"}]}
COMMAND: POST /session/8068150991763542753e5d368f2e808c/actions - {"actions":[{"id":"action23","type":"key","parameters":{},"actions":[{"type":"keyDown","value":""},{"type":"pause","duration":10},{"type":"keyUp","value":""}]}]}
RESULT: {"actions":[{"id":"action23","type":"key","parameters":{},"actions":[{"type":"keyDown","value":""},{"type":"pause","duration":10},{"type":"keyUp","value":""}]}]}
COMMAND: GET /session/8068150991763542753e5d368f2e808c/screenshot - {}
RESULT: {}
COMMAND: POST /session/8068150991763542753e5d368f2e808c/element - {"using":"xpath","value":"//td/div/span[contains(text(), \"BGL Vehicles\")]"}
RESULT: {"using":"xpath","value":"//td/div/span[contains(text(), \"BGL Vehicles\")]"}
COMMAND: POST /session/8068150991763542753e5d368f2e808c/element/f.7F1AC3273160C970B6304C41D413DEA3.d.EA7383F70C9A85992922F66C6C30F53C.e.7428/click - {}
RESULT: {}
COMMAND: GET /session/8068150991763542753e5d368f2e808c/screenshot - {}
RESULT: {}
COMMAND: POST /session/8068150991763542753e5d368f2e808c/element - {"using":"xpath","value":"//bdi[contains(text(), \"OK\")]"}
RESULT: {"using":"xpath","value":"//bdi[contains(text(), \"OK\")]"}
COMMAND: POST /session/8068150991763542753e5d368f2e808c/element/f.7F1AC3273160C970B6304C41D413DEA3.d.EA7383F70C9A85992922F66C6C30F53C.e.7429/click - {}
RESULT: {}
COMMAND: GET /session/8068150991763542753e5d368f2e808c/screenshot - {}
RESULT: {}
COMMAND: POST /session/8068150991763542753e5d368f2e808c/element - {"using":"xpath","value":"//label[contains(@class, 'sapMLabelRequired') and .//bdi[contains(text(), 'Planned Retirement')]]"}
RESULT: {"using":"xpath","value":"//label[contains(@class, 'sapMLabelRequired') and .//bdi[contains(text(), 'Planned Retirement')]]"}
COMMAND: POST /session/8068150991763542753e5d368f2e808c/elements - {"using":"xpath","value":"//label[contains(@class, 'sapMLabelRequired') and .//bdi[contains(text(), 'Planned Retirement')]]"}
RESULT: {"using":"xpath","value":"//label[contains(@class, 'sapMLabelRequired') and .//bdi[contains(text(), 'Planned Retirement')]]"}
COMMAND: POST /session/8068150991763542753e5d368f2e808c/element - {"using":"xpath","value":"//button[@data-kt=\"resourceUnitSaveButton\"]"}
RESULT: {"using":"xpath","value":"//button[@data-kt=\"resourceUnitSaveButton\"]"}
COMMAND: POST /session/8068150991763542753e5d368f2e808c/element/f.7F1AC3273160C970B6304C41D413DEA3.d.EA7383F70C9A85992922F66C6C30F53C.e.7264/click - {}
RESULT: {}
COMMAND: GET /session/8068150991763542753e5d368f2e808c/screenshot - {}
RESULT: {}
COMMAND: POST /session/8068150991763542753e5d368f2e808c/element - {"using":"xpath","value":"//bdi[contains(text(), \"Close\")]"}
RESULT: {"using":"xpath","value":"//bdi[contains(text(), \"Close\")]"}
COMMAND: POST /session/8068150991763542753e5d368f2e808c/element/f.7F1AC3273160C970B6304C41D413DEA3.d.EA7383F70C9A85992922F66C6C30F53C.e.7435/click - {}
RESULT: {}
COMMAND: GET /session/8068150991763542753e5d368f2e808c/screenshot - {}
RESULT: {}
COMMAND: POST /session/8068150991763542753e5d368f2e808c/element - {"using":"xpath","value":"//header[contains(@id, 'detailRruPage-headerTitle')]/div[1]/div[2]/div[2]/span[1]"}
RESULT: {"using":"xpath","value":"//header[contains(@id, 'detailRruPage-headerTitle')]/div[1]/div[2]/div[2]/span[1]"}
COMMAND: POST /session/8068150991763542753e5d368f2e808c/elements - {"using":"xpath","value":"//header[contains(@id, 'detailRruPage-headerTitle')]/div[1]/div[2]/div[2]/span[1]"}
RESULT: {"using":"xpath","value":"//header[contains(@id, 'detailRruPage-headerTitle')]/div[1]/div[2]/div[2]/span[1]"}
COMMAND: POST /session/8068150991763542753e5d368f2e808c/execute/sync - {"script":"<script> [56 bytes]","args":[{"element-6066-11e4-a52e-4f735466cecf":"f.7F1AC3273160C970B6304C41D413DEA3.d.EA7383F70C9A85992922F66C6C30F53C.e.7464","ELEMENT":"f.7F1AC3273160C970B6304C41D413DEA3.d.EA7383F70C9A85992922F66C6C30F53C.e.7464"}]}
RESULT: {"script":"<script> [56 bytes]","args":[{"element-6066-11e4-a52e-4f735466cecf":"f.7F1AC3273160C970B6304C41D413DEA3.d.EA7383F70C9A85992922F66C6C30F53C.e.7464","ELEMENT":"f.7F1AC3273160C970B6304C41D413DEA3.d.EA7383F70C9A85992922F66C6C30F53C.e.7464"}]}
]]></system-out>
    </testcase>
    <testcase classname="chrome.136_0_7103_93.windows.US134625_Set_up_price_condition_-_one_time" name="Should create new pricing rule one time" time="56.716">
      <system-out><![CDATA[
COMMAND: POST /session/8068150991763542753e5d368f2e808c/element - {"using":"xpath","value":"(//button[contains(@id ,\"actionsToolbar-overflowButton\")])[1]"}
COMMAND: GET /session/8068150991763542753e5d368f2e808c/screenshot - {}
RESULT: {"using":"xpath","value":"(//button[contains(@id ,\"actionsToolbar-overflowButton\")])[1]"}
COMMAND: POST /session/8068150991763542753e5d368f2e808c/element/f.7F1AC3273160C970B6304C41D413DEA3.d.EA7383F70C9A85992922F66C6C30F53C.e.7465/click - {}
RESULT: {}
RESULT: {}
COMMAND: GET /session/8068150991763542753e5d368f2e808c/screenshot - {}
RESULT: {}
COMMAND: POST /session/8068150991763542753e5d368f2e808c/element - {"using":"xpath","value":"//button[@data-kt=\"priceInfoButton\"]"}
RESULT: {"using":"xpath","value":"//button[@data-kt=\"priceInfoButton\"]"}
COMMAND: POST /session/8068150991763542753e5d368f2e808c/element/f.7F1AC3273160C970B6304C41D413DEA3.d.EA7383F70C9A85992922F66C6C30F53C.e.7467/click - {}
RESULT: {}
COMMAND: GET /session/8068150991763542753e5d368f2e808c/screenshot - {}
RESULT: {}
COMMAND: POST /session/8068150991763542753e5d368f2e808c/element - {"using":"xpath","value":"//button[@data-kt=\"addButton\"]"}
RESULT: {"using":"xpath","value":"//button[@data-kt=\"addButton\"]"}
COMMAND: POST /session/8068150991763542753e5d368f2e808c/elements - {"using":"xpath","value":"//button[@data-kt=\"addButton\"]"}
RESULT: {"using":"xpath","value":"//button[@data-kt=\"addButton\"]"}
COMMAND: POST /session/8068150991763542753e5d368f2e808c/execute/sync - {"script":"<script> [8489 bytes]","args":[{"element-6066-11e4-a52e-4f735466cecf":"f.7F1AC3273160C970B6304C41D413DEA3.d.EA7383F70C9A85992922F66C6C30F53C.e.7503","ELEMENT":"f.7F1AC3273160C970B6304C41D413DEA3.d.EA7383F70C9A85992922F66C6C30F53C.e.7503"}]}
RESULT: {"script":"<script> [8489 bytes]","args":[{"element-6066-11e4-a52e-4f735466cecf":"f.7F1AC3273160C970B6304C41D413DEA3.d.EA7383F70C9A85992922F66C6C30F53C.e.7503","ELEMENT":"f.7F1AC3273160C970B6304C41D413DEA3.d.EA7383F70C9A85992922F66C6C30F53C.e.7503"}]}
COMMAND: GET /session/8068150991763542753e5d368f2e808c/element/f.7F1AC3273160C970B6304C41D413DEA3.d.EA7383F70C9A85992922F66C6C30F53C.e.7503/enabled - {}
COMMAND: GET /session/8068150991763542753e5d368f2e808c/screenshot - {}
RESULT: {}
COMMAND: POST /session/8068150991763542753e5d368f2e808c/execute/sync - {"script":"<script> [8489 bytes]","args":[{"element-6066-11e4-a52e-4f735466cecf":"f.7F1AC3273160C970B6304C41D413DEA3.d.EA7383F70C9A85992922F66C6C30F53C.e.7503","ELEMENT":"f.7F1AC3273160C970B6304C41D413DEA3.d.EA7383F70C9A85992922F66C6C30F53C.e.7503"}]}
COMMAND: GET /session/8068150991763542753e5d368f2e808c/screenshot - {}
RESULT: {}
RESULT: {"script":"<script> [8489 bytes]","args":[{"element-6066-11e4-a52e-4f735466cecf":"f.7F1AC3273160C970B6304C41D413DEA3.d.EA7383F70C9A85992922F66C6C30F53C.e.7503","ELEMENT":"f.7F1AC3273160C970B6304C41D413DEA3.d.EA7383F70C9A85992922F66C6C30F53C.e.7503"}]}
COMMAND: POST /session/8068150991763542753e5d368f2e808c/execute/sync - {"script":"<script> [5351 bytes]","args":[{"element-6066-11e4-a52e-4f735466cecf":"f.7F1AC3273160C970B6304C41D413DEA3.d.EA7383F70C9A85992922F66C6C30F53C.e.7503","ELEMENT":"f.7F1AC3273160C970B6304C41D413DEA3.d.EA7383F70C9A85992922F66C6C30F53C.e.7503"}]}
COMMAND: GET /session/8068150991763542753e5d368f2e808c/screenshot - {}
RESULT: {}
RESULT: {"script":"<script> [5351 bytes]","args":[{"element-6066-11e4-a52e-4f735466cecf":"f.7F1AC3273160C970B6304C41D413DEA3.d.EA7383F70C9A85992922F66C6C30F53C.e.7503","ELEMENT":"f.7F1AC3273160C970B6304C41D413DEA3.d.EA7383F70C9A85992922F66C6C30F53C.e.7503"}]}
COMMAND: POST /session/8068150991763542753e5d368f2e808c/element/f.7F1AC3273160C970B6304C41D413DEA3.d.EA7383F70C9A85992922F66C6C30F53C.e.7503/click - {}
COMMAND: GET /session/8068150991763542753e5d368f2e808c/screenshot - {}
RESULT: {}
RESULT: {}
COMMAND: GET /session/8068150991763542753e5d368f2e808c/screenshot - {}
RESULT: {}
RESULT: {}
COMMAND: POST /session/8068150991763542753e5d368f2e808c/execute/async - {"script":"<script> [1562 bytes]","args":[{"selector":{"controlType":"sap.m.Title","viewName":"etm.portal.ui.managepricingrules.view.NewItem","viewId":"application-managepricingrules-display-component---newInfoPriceItem","properties":{"text":"New Pricing Rules - Item Level"}},"wdio_ui5_key":"etmportal.ui.managepricingrules.view.NewItemsap.m.Title{\"text\":\"New Pricing Rules - Item Level\"}"}]}
RESULT: {"script":"<script> [1562 bytes]","args":[{"selector":{"controlType":"sap.m.Title","viewName":"etm.portal.ui.managepricingrules.view.NewItem","viewId":"application-managepricingrules-display-component---newInfoPriceItem","properties":{"text":"New Pricing Rules - Item Level"}},"wdio_ui5_key":"etmportal.ui.managepricingrules.view.NewItemsap.m.Title{\"text\":\"New Pricing Rules - Item Level\"}"}]}
RESULT: undefined
COMMAND: POST /session/8068150991763542753e5d368f2e808c/execute/async - {"script":"<script> [6424 bytes]","args":[{"element-6066-11e4-a52e-4f735466cecf":"f.7F1AC3273160C970B6304C41D413DEA3.d.EA7383F70C9A85992922F66C6C30F53C.e.7662"},"getText",[]]}
RESULT: {"script":"<script> [6424 bytes]","args":[{"element-6066-11e4-a52e-4f735466cecf":"f.7F1AC3273160C970B6304C41D413DEA3.d.EA7383F70C9A85992922F66C6C30F53C.e.7662"},"getText",[]]}
COMMAND: POST /session/8068150991763542753e5d368f2e808c/execute/async - {"script":"<script> [1562 bytes]","args":[{"selector":{"id":"application-managepricingrules-display-component---newInfoPriceItem--condValidTo","interaction":{"idSuffix":"inner"}},"wdio_ui5_key":"applicationmanagepricingrules-display-component---newInfoPriceItem--condValidTo"}]}
RESULT: {"script":"<script> [1562 bytes]","args":[{"selector":{"id":"application-managepricingrules-display-component---newInfoPriceItem--condValidTo","interaction":{"idSuffix":"inner"}},"wdio_ui5_key":"applicationmanagepricingrules-display-component---newInfoPriceItem--condValidTo"}]}
RESULT: undefined
COMMAND: POST /session/8068150991763542753e5d368f2e808c/execute/async - {"script":"<script> [776 bytes]","args":[{"enterText":"2/1/26","selector":{"id":"application-managepricingrules-display-component---newInfoPriceItem--condValidTo","interaction":{"idSuffix":"inner"}},"clearTextFirst":true,"interactionType":"ENTER_TEXT"}]}
RESULT: {"script":"<script> [776 bytes]","args":[{"enterText":"2/1/26","selector":{"id":"application-managepricingrules-display-component---newInfoPriceItem--condValidTo","interaction":{"idSuffix":"inner"}},"clearTextFirst":true,"interactionType":"ENTER_TEXT"}]}
COMMAND: POST /session/8068150991763542753e5d368f2e808c/execute/async - {"script":"<script> [1562 bytes]","args":[{"selector":{"id":"application-managepricingrules-display-component---newInfoPriceItem--billType-arrow"},"wdio_ui5_key":"applicationmanagepricingrules-display-component---newInfoPriceItem--billType-arrow"}]}
RESULT: {"script":"<script> [1562 bytes]","args":[{"selector":{"id":"application-managepricingrules-display-component---newInfoPriceItem--billType-arrow"},"wdio_ui5_key":"applicationmanagepricingrules-display-component---newInfoPriceItem--billType-arrow"}]}
RESULT: undefined
COMMAND: POST /session/8068150991763542753e5d368f2e808c/element - {"using":"xpath","value":"//*[@id=\"application-managepricingrules-display-component---newInfoPriceItem--billType-arrow\"]"}
RESULT: {"using":"xpath","value":"//*[@id=\"application-managepricingrules-display-component---newInfoPriceItem--billType-arrow\"]"}
COMMAND: POST /session/8068150991763542753e5d368f2e808c/element/f.7F1AC3273160C970B6304C41D413DEA3.d.EA7383F70C9A85992922F66C6C30F53C.e.7664/click - {}
RESULT: {}
COMMAND: POST /session/8068150991763542753e5d368f2e808c/element - {"using":"xpath","value":"//span[contains(text(), \"OT - Sales (one-time)\")]"}
COMMAND: GET /session/8068150991763542753e5d368f2e808c/screenshot - {}
RESULT: {"using":"xpath","value":"//span[contains(text(), \"OT - Sales (one-time)\")]"}
COMMAND: POST /session/8068150991763542753e5d368f2e808c/element/f.7F1AC3273160C970B6304C41D413DEA3.d.EA7383F70C9A85992922F66C6C30F53C.e.7665/click - {}
RESULT: {}
RESULT: {}
COMMAND: POST /session/8068150991763542753e5d368f2e808c/execute/async - {"script":"<script> [1562 bytes]","args":[{"selector":{"id":"application-managepricingrules-display-component---newInfoPriceItem--priceProc-arrow"},"wdio_ui5_key":"applicationmanagepricingrules-display-component---newInfoPriceItem--priceProc-arrow"}]}
COMMAND: GET /session/8068150991763542753e5d368f2e808c/screenshot - {}
RESULT: {"script":"<script> [1562 bytes]","args":[{"selector":{"id":"application-managepricingrules-display-component---newInfoPriceItem--priceProc-arrow"},"wdio_ui5_key":"applicationmanagepricingrules-display-component---newInfoPriceItem--priceProc-arrow"}]}
RESULT: undefined
COMMAND: POST /session/8068150991763542753e5d368f2e808c/element - {"using":"xpath","value":"//*[@id=\"application-managepricingrules-display-component---newInfoPriceItem--priceProc-arrow\"]"}
RESULT: {}
RESULT: {"using":"xpath","value":"//*[@id=\"application-managepricingrules-display-component---newInfoPriceItem--priceProc-arrow\"]"}
COMMAND: POST /session/8068150991763542753e5d368f2e808c/element/f.7F1AC3273160C970B6304C41D413DEA3.d.EA7383F70C9A85992922F66C6C30F53C.e.7630/click - {}
RESULT: {}
COMMAND: POST /session/8068150991763542753e5d368f2e808c/element - {"using":"xpath","value":"//span[contains(text(), \"MAT - Material\")]"}
COMMAND: GET /session/8068150991763542753e5d368f2e808c/screenshot - {}
RESULT: {"using":"xpath","value":"//span[contains(text(), \"MAT - Material\")]"}
COMMAND: POST /session/8068150991763542753e5d368f2e808c/element/f.7F1AC3273160C970B6304C41D413DEA3.d.EA7383F70C9A85992922F66C6C30F53C.e.7666/click - {}
RESULT: {}
RESULT: {}
COMMAND: POST /session/8068150991763542753e5d368f2e808c/execute/async - {"script":"<script> [1562 bytes]","args":[{"selector":{"id":"application-managepricingrules-display-component---newInfoPriceItem--calcBase-arrow"},"wdio_ui5_key":"applicationmanagepricingrules-display-component---newInfoPriceItem--calcBase-arrow"}]}
COMMAND: GET /session/8068150991763542753e5d368f2e808c/screenshot - {}
RESULT: {"script":"<script> [1562 bytes]","args":[{"selector":{"id":"application-managepricingrules-display-component---newInfoPriceItem--calcBase-arrow"},"wdio_ui5_key":"applicationmanagepricingrules-display-component---newInfoPriceItem--calcBase-arrow"}]}
RESULT: undefined
COMMAND: POST /session/8068150991763542753e5d368f2e808c/element - {"using":"xpath","value":"//*[@id=\"application-managepricingrules-display-component---newInfoPriceItem--calcBase-arrow\"]"}
RESULT: {}
RESULT: {"using":"xpath","value":"//*[@id=\"application-managepricingrules-display-component---newInfoPriceItem--calcBase-arrow\"]"}
COMMAND: POST /session/8068150991763542753e5d368f2e808c/element/f.7F1AC3273160C970B6304C41D413DEA3.d.EA7383F70C9A85992922F66C6C30F53C.e.7637/click - {}
RESULT: {}
COMMAND: GET /session/8068150991763542753e5d368f2e808c/screenshot - {}
RESULT: {}
COMMAND: POST /session/8068150991763542753e5d368f2e808c/element - {"using":"xpath","value":"//span[contains(text(), \"0001 - TB(exact month + cal_days)\")]"}
RESULT: {"using":"xpath","value":"//span[contains(text(), \"0001 - TB(exact month + cal_days)\")]"}
COMMAND: POST /session/8068150991763542753e5d368f2e808c/element/f.7F1AC3273160C970B6304C41D413DEA3.d.EA7383F70C9A85992922F66C6C30F53C.e.7667/click - {}
RESULT: {}
COMMAND: GET /session/8068150991763542753e5d368f2e808c/screenshot - {}
RESULT: {}
COMMAND: POST /session/8068150991763542753e5d368f2e808c/element - {"using":"xpath","value":"//button[@data-kt=\"saveNewRuleButton\"]"}
RESULT: {"using":"xpath","value":"//button[@data-kt=\"saveNewRuleButton\"]"}
COMMAND: POST /session/8068150991763542753e5d368f2e808c/element/f.7F1AC3273160C970B6304C41D413DEA3.d.EA7383F70C9A85992922F66C6C30F53C.e.7653/click - {}
RESULT: {}
COMMAND: GET /session/8068150991763542753e5d368f2e808c/screenshot - {}
RESULT: {}
COMMAND: POST /session/8068150991763542753e5d368f2e808c/execute/async - {"script":"<script> [1562 bytes]","args":[{"selector":{"id":"application-managepricingrules-display-component---priceInfoItem--smartFilterBar-btnBasicSearch","interaction":{"idSuffix":"I"}},"wdio_ui5_key":"applicationmanagepricingrules-display-component---priceInfoItem--smartFilterBar-btnBasicSearch"}]}
RESULT: {"script":"<script> [1562 bytes]","args":[{"selector":{"id":"application-managepricingrules-display-component---priceInfoItem--smartFilterBar-btnBasicSearch","interaction":{"idSuffix":"I"}},"wdio_ui5_key":"applicationmanagepricingrules-display-component---priceInfoItem--smartFilterBar-btnBasicSearch"}]}
RESULT: undefined
COMMAND: POST /session/8068150991763542753e5d368f2e808c/execute/async - {"script":"<script> [776 bytes]","args":[{"enterText":"200319","selector":{"id":"application-managepricingrules-display-component---priceInfoItem--smartFilterBar-btnBasicSearch","interaction":{"idSuffix":"I"}},"clearTextFirst":true,"interactionType":"ENTER_TEXT"}]}
RESULT: {"script":"<script> [776 bytes]","args":[{"enterText":"200319","selector":{"id":"application-managepricingrules-display-component---priceInfoItem--smartFilterBar-btnBasicSearch","interaction":{"idSuffix":"I"}},"clearTextFirst":true,"interactionType":"ENTER_TEXT"}]}
COMMAND: POST /session/8068150991763542753e5d368f2e808c/actions - {"actions":[{"id":"action24","type":"key","parameters":{},"actions":[{"type":"keyDown","value":""},{"type":"pause","duration":10},{"type":"keyUp","value":""}]}]}
RESULT: {"actions":[{"id":"action24","type":"key","parameters":{},"actions":[{"type":"keyDown","value":""},{"type":"pause","duration":10},{"type":"keyUp","value":""}]}]}
COMMAND: GET /session/8068150991763542753e5d368f2e808c/screenshot - {}
RESULT: {}
COMMAND: POST /session/8068150991763542753e5d368f2e808c/element - {"using":"xpath","value":"//span[@id=\"application-managepricingrules-display-component---priceInfoItem--smartTable-header-inner\"]"}
RESULT: {"using":"xpath","value":"//span[@id=\"application-managepricingrules-display-component---priceInfoItem--smartTable-header-inner\"]"}
COMMAND: POST /session/8068150991763542753e5d368f2e808c/elements - {"using":"xpath","value":"//span[@id=\"application-managepricingrules-display-component---priceInfoItem--smartTable-header-inner\"]"}
RESULT: {"using":"xpath","value":"//span[@id=\"application-managepricingrules-display-component---priceInfoItem--smartTable-header-inner\"]"}
COMMAND: POST /session/8068150991763542753e5d368f2e808c/execute/sync - {"script":"<script> [56 bytes]","args":[{"element-6066-11e4-a52e-4f735466cecf":"f.7F1AC3273160C970B6304C41D413DEA3.d.EA7383F70C9A85992922F66C6C30F53C.e.7690","ELEMENT":"f.7F1AC3273160C970B6304C41D413DEA3.d.EA7383F70C9A85992922F66C6C30F53C.e.7690"}]}
RESULT: {"script":"<script> [56 bytes]","args":[{"element-6066-11e4-a52e-4f735466cecf":"f.7F1AC3273160C970B6304C41D413DEA3.d.EA7383F70C9A85992922F66C6C30F53C.e.7690","ELEMENT":"f.7F1AC3273160C970B6304C41D413DEA3.d.EA7383F70C9A85992922F66C6C30F53C.e.7690"}]}
COMMAND: POST /session/8068150991763542753e5d368f2e808c/element - {"using":"css selector","value":"#shell-header-logo"}
COMMAND: GET /session/8068150991763542753e5d368f2e808c/screenshot - {}
RESULT: {"using":"css selector","value":"#shell-header-logo"}
COMMAND: POST /session/8068150991763542753e5d368f2e808c/element/f.7F1AC3273160C970B6304C41D413DEA3.d.EA7383F70C9A85992922F66C6C30F53C.e.6857/click - {}
RESULT: {}
RESULT: {}
COMMAND: GET /session/8068150991763542753e5d368f2e808c/screenshot - {}
RESULT: {}
]]></system-out>
    </testcase>
    <testcase classname="chrome.136_0_7103_93.windows.US134625_Set_up_price_condition_-_one_time" name="Should create new condition one time" time="63.511">
      <system-out><![CDATA[
COMMAND: POST /session/8068150991763542753e5d368f2e808c/execute/async - {"script":"<script> [1562 bytes]","args":[{"selector":{"controlType":"sap.m.GenericTile","properties":{"header":"Manage Conditions & Prices"}},"wdio_ui5_key":"sapm.GenericTile{\"header\":\"Manage Conditions & Prices\"}"}]}
RESULT: {"script":"<script> [1562 bytes]","args":[{"selector":{"controlType":"sap.m.GenericTile","properties":{"header":"Manage Conditions & Prices"}},"wdio_ui5_key":"sapm.GenericTile{\"header\":\"Manage Conditions & Prices\"}"}]}
RESULT: undefined
COMMAND: POST /session/8068150991763542753e5d368f2e808c/element - {"using":"xpath","value":"//*[@id=\"__tile53\"]"}
RESULT: {"using":"xpath","value":"//*[@id=\"__tile53\"]"}
COMMAND: POST /session/8068150991763542753e5d368f2e808c/element/f.7F1AC3273160C970B6304C41D413DEA3.d.EA7383F70C9A85992922F66C6C30F53C.e.6804/click - {}
RESULT: {}
COMMAND: GET /session/8068150991763542753e5d368f2e808c/screenshot - {}
RESULT: {}
COMMAND: POST /session/8068150991763542753e5d368f2e808c/elements - {"using":"xpath","value":"//span[text()='Error']"}
RESULT: {"using":"xpath","value":"//span[text()='Error']"}
COMMAND: POST /session/8068150991763542753e5d368f2e808c/element - {"using":"xpath","value":"//button[@aria-label=\"Create\"]"}
RESULT: {"using":"xpath","value":"//button[@aria-label=\"Create\"]"}
COMMAND: POST /session/8068150991763542753e5d368f2e808c/elements - {"using":"xpath","value":"//button[@aria-label=\"Create\"]"}
RESULT: {"using":"xpath","value":"//button[@aria-label=\"Create\"]"}
COMMAND: POST /session/8068150991763542753e5d368f2e808c/execute/sync - {"script":"<script> [8489 bytes]","args":[{"element-6066-11e4-a52e-4f735466cecf":"f.7F1AC3273160C970B6304C41D413DEA3.d.EA7383F70C9A85992922F66C6C30F53C.e.7725","ELEMENT":"f.7F1AC3273160C970B6304C41D413DEA3.d.EA7383F70C9A85992922F66C6C30F53C.e.7725"}]}
RESULT: {"script":"<script> [8489 bytes]","args":[{"element-6066-11e4-a52e-4f735466cecf":"f.7F1AC3273160C970B6304C41D413DEA3.d.EA7383F70C9A85992922F66C6C30F53C.e.7725","ELEMENT":"f.7F1AC3273160C970B6304C41D413DEA3.d.EA7383F70C9A85992922F66C6C30F53C.e.7725"}]}
COMMAND: GET /session/8068150991763542753e5d368f2e808c/element/f.7F1AC3273160C970B6304C41D413DEA3.d.EA7383F70C9A85992922F66C6C30F53C.e.7725/enabled - {}
COMMAND: GET /session/8068150991763542753e5d368f2e808c/screenshot - {}
RESULT: {}
COMMAND: POST /session/8068150991763542753e5d368f2e808c/execute/sync - {"script":"<script> [8489 bytes]","args":[{"element-6066-11e4-a52e-4f735466cecf":"f.7F1AC3273160C970B6304C41D413DEA3.d.EA7383F70C9A85992922F66C6C30F53C.e.7725","ELEMENT":"f.7F1AC3273160C970B6304C41D413DEA3.d.EA7383F70C9A85992922F66C6C30F53C.e.7725"}]}
COMMAND: GET /session/8068150991763542753e5d368f2e808c/screenshot - {}
RESULT: {}
RESULT: {"script":"<script> [8489 bytes]","args":[{"element-6066-11e4-a52e-4f735466cecf":"f.7F1AC3273160C970B6304C41D413DEA3.d.EA7383F70C9A85992922F66C6C30F53C.e.7725","ELEMENT":"f.7F1AC3273160C970B6304C41D413DEA3.d.EA7383F70C9A85992922F66C6C30F53C.e.7725"}]}
COMMAND: POST /session/8068150991763542753e5d368f2e808c/execute/sync - {"script":"<script> [5351 bytes]","args":[{"element-6066-11e4-a52e-4f735466cecf":"f.7F1AC3273160C970B6304C41D413DEA3.d.EA7383F70C9A85992922F66C6C30F53C.e.7725","ELEMENT":"f.7F1AC3273160C970B6304C41D413DEA3.d.EA7383F70C9A85992922F66C6C30F53C.e.7725"}]}
COMMAND: GET /session/8068150991763542753e5d368f2e808c/screenshot - {}
RESULT: {}
RESULT: {"script":"<script> [5351 bytes]","args":[{"element-6066-11e4-a52e-4f735466cecf":"f.7F1AC3273160C970B6304C41D413DEA3.d.EA7383F70C9A85992922F66C6C30F53C.e.7725","ELEMENT":"f.7F1AC3273160C970B6304C41D413DEA3.d.EA7383F70C9A85992922F66C6C30F53C.e.7725"}]}
COMMAND: POST /session/8068150991763542753e5d368f2e808c/element/f.7F1AC3273160C970B6304C41D413DEA3.d.EA7383F70C9A85992922F66C6C30F53C.e.7725/click - {}
COMMAND: GET /session/8068150991763542753e5d368f2e808c/screenshot - {}
RESULT: {}
RESULT: {}
COMMAND: GET /session/8068150991763542753e5d368f2e808c/screenshot - {}
RESULT: {}
RESULT: {}
COMMAND: POST /session/8068150991763542753e5d368f2e808c/actions - {"actions":[{"id":"action25","type":"key","parameters":{},"actions":[{"type":"keyDown","value":""},{"type":"pause","duration":10},{"type":"keyUp","value":""}]}]}
RESULT: {"actions":[{"id":"action25","type":"key","parameters":{},"actions":[{"type":"keyDown","value":""},{"type":"pause","duration":10},{"type":"keyUp","value":""}]}]}
COMMAND: GET /session/8068150991763542753e5d368f2e808c/screenshot - {}
RESULT: {}
COMMAND: POST /session/8068150991763542753e5d368f2e808c/execute/async - {"script":"<script> [1562 bytes]","args":[{"selector":{"id":"application-manageconditionprice-display-component---newCondition--condBillCond-arrow"},"wdio_ui5_key":"applicationmanageconditionprice-display-component---newCondition--condBillCond-arrow"}]}
RESULT: {"script":"<script> [1562 bytes]","args":[{"selector":{"id":"application-manageconditionprice-display-component---newCondition--condBillCond-arrow"},"wdio_ui5_key":"applicationmanageconditionprice-display-component---newCondition--condBillCond-arrow"}]}
RESULT: undefined
COMMAND: POST /session/8068150991763542753e5d368f2e808c/element - {"using":"xpath","value":"//*[@id=\"application-manageconditionprice-display-component---newCondition--condBillCond-arrow\"]"}
RESULT: {"using":"xpath","value":"//*[@id=\"application-manageconditionprice-display-component---newCondition--condBillCond-arrow\"]"}
COMMAND: POST /session/8068150991763542753e5d368f2e808c/element/f.7F1AC3273160C970B6304C41D413DEA3.d.EA7383F70C9A85992922F66C6C30F53C.e.7901/click - {}
RESULT: {}
COMMAND: GET /session/8068150991763542753e5d368f2e808c/screenshot - {}
RESULT: {}
COMMAND: POST /session/8068150991763542753e5d368f2e808c/element - {"using":"xpath","value":"//li[.//span[contains(text(), \"SAPR - Sales price\")]]"}
RESULT: {"using":"xpath","value":"//li[.//span[contains(text(), \"SAPR - Sales price\")]]"}
COMMAND: POST /session/8068150991763542753e5d368f2e808c/element/f.7F1AC3273160C970B6304C41D413DEA3.d.EA7383F70C9A85992922F66C6C30F53C.e.7904/click - {}
RESULT: {}
COMMAND: GET /session/8068150991763542753e5d368f2e808c/screenshot - {}
RESULT: {}
COMMAND: POST /session/8068150991763542753e5d368f2e808c/execute/async - {"script":"<script> [1562 bytes]","args":[{"selector":{"id":"application-manageconditionprice-display-component---newCondition--condValidTo","interaction":{"idSuffix":"inner"}},"wdio_ui5_key":"applicationmanageconditionprice-display-component---newCondition--condValidTo"}]}
RESULT: {"script":"<script> [1562 bytes]","args":[{"selector":{"id":"application-manageconditionprice-display-component---newCondition--condValidTo","interaction":{"idSuffix":"inner"}},"wdio_ui5_key":"applicationmanageconditionprice-display-component---newCondition--condValidTo"}]}
RESULT: undefined
COMMAND: POST /session/8068150991763542753e5d368f2e808c/execute/async - {"script":"<script> [776 bytes]","args":[{"enterText":"2/1/26","selector":{"id":"application-manageconditionprice-display-component---newCondition--condValidTo","interaction":{"idSuffix":"inner"}},"clearTextFirst":true,"interactionType":"ENTER_TEXT"}]}
RESULT: {"script":"<script> [776 bytes]","args":[{"enterText":"2/1/26","selector":{"id":"application-manageconditionprice-display-component---newCondition--condValidTo","interaction":{"idSuffix":"inner"}},"clearTextFirst":true,"interactionType":"ENTER_TEXT"}]}
COMMAND: POST /session/8068150991763542753e5d368f2e808c/element - {"using":"xpath","value":"//input[@id=\"application-manageconditionprice-display-component---newCondition--condRU-inner\"]"}
RESULT: {"using":"xpath","value":"//input[@id=\"application-manageconditionprice-display-component---newCondition--condRU-inner\"]"}
COMMAND: POST /session/8068150991763542753e5d368f2e808c/element/f.7F1AC3273160C970B6304C41D413DEA3.d.EA7383F70C9A85992922F66C6C30F53C.e.7766/clear - {}
RESULT: {}
COMMAND: POST /session/8068150991763542753e5d368f2e808c/element/f.7F1AC3273160C970B6304C41D413DEA3.d.EA7383F70C9A85992922F66C6C30F53C.e.7766/value - {"text":"200319"}
COMMAND: GET /session/8068150991763542753e5d368f2e808c/screenshot - {}
RESULT: {"text":"200319"}
COMMAND: GET /session/8068150991763542753e5d368f2e808c/screenshot - {}
RESULT: {}
RESULT: {}
COMMAND: POST /session/8068150991763542753e5d368f2e808c/actions - {"actions":[{"id":"action26","type":"key","parameters":{},"actions":[{"type":"keyDown","value":""},{"type":"pause","duration":10},{"type":"keyUp","value":""}]}]}
RESULT: {"actions":[{"id":"action26","type":"key","parameters":{},"actions":[{"type":"keyDown","value":""},{"type":"pause","duration":10},{"type":"keyUp","value":""}]}]}
COMMAND: POST /session/8068150991763542753e5d368f2e808c/execute/async - {"script":"<script> [1562 bytes]","args":[{"selector":{"id":"application-manageconditionprice-display-component---newCondition--condBaseQty","interaction":{"idSuffix":"inner"}},"wdio_ui5_key":"applicationmanageconditionprice-display-component---newCondition--condBaseQty"}]}
COMMAND: GET /session/8068150991763542753e5d368f2e808c/screenshot - {}
RESULT: {"script":"<script> [1562 bytes]","args":[{"selector":{"id":"application-manageconditionprice-display-component---newCondition--condBaseQty","interaction":{"idSuffix":"inner"}},"wdio_ui5_key":"applicationmanageconditionprice-display-component---newCondition--condBaseQty"}]}
RESULT: undefined
COMMAND: POST /session/8068150991763542753e5d368f2e808c/execute/async - {"script":"<script> [776 bytes]","args":[{"enterText":"1","selector":{"id":"application-manageconditionprice-display-component---newCondition--condBaseQty","interaction":{"idSuffix":"inner"}},"clearTextFirst":true,"interactionType":"ENTER_TEXT"}]}
RESULT: {}
RESULT: {"script":"<script> [776 bytes]","args":[{"enterText":"1","selector":{"id":"application-manageconditionprice-display-component---newCondition--condBaseQty","interaction":{"idSuffix":"inner"}},"clearTextFirst":true,"interactionType":"ENTER_TEXT"}]}
COMMAND: POST /session/8068150991763542753e5d368f2e808c/execute/async - {"script":"<script> [1562 bytes]","args":[{"selector":{"id":"application-manageconditionprice-display-component---newCondition--condValue","interaction":{"idSuffix":"inner"}},"wdio_ui5_key":"applicationmanageconditionprice-display-component---newCondition--condValue"}]}
RESULT: {"script":"<script> [1562 bytes]","args":[{"selector":{"id":"application-manageconditionprice-display-component---newCondition--condValue","interaction":{"idSuffix":"inner"}},"wdio_ui5_key":"applicationmanageconditionprice-display-component---newCondition--condValue"}]}
RESULT: undefined
COMMAND: POST /session/8068150991763542753e5d368f2e808c/execute/async - {"script":"<script> [776 bytes]","args":[{"enterText":"100.00","selector":{"id":"application-manageconditionprice-display-component---newCondition--condValue","interaction":{"idSuffix":"inner"}},"clearTextFirst":true,"interactionType":"ENTER_TEXT"}]}
RESULT: {"script":"<script> [776 bytes]","args":[{"enterText":"100.00","selector":{"id":"application-manageconditionprice-display-component---newCondition--condValue","interaction":{"idSuffix":"inner"}},"clearTextFirst":true,"interactionType":"ENTER_TEXT"}]}
COMMAND: POST /session/8068150991763542753e5d368f2e808c/execute/async - {"script":"<script> [1562 bytes]","args":[{"selector":{"id":"application-manageconditionprice-display-component---newCondition--condCurr-arrow"},"wdio_ui5_key":"applicationmanageconditionprice-display-component---newCondition--condCurr-arrow"}]}
RESULT: {"script":"<script> [1562 bytes]","args":[{"selector":{"id":"application-manageconditionprice-display-component---newCondition--condCurr-arrow"},"wdio_ui5_key":"applicationmanageconditionprice-display-component---newCondition--condCurr-arrow"}]}
RESULT: undefined
COMMAND: POST /session/8068150991763542753e5d368f2e808c/element - {"using":"xpath","value":"//*[@id=\"application-manageconditionprice-display-component---newCondition--condCurr-arrow\"]"}
RESULT: {"using":"xpath","value":"//*[@id=\"application-manageconditionprice-display-component---newCondition--condCurr-arrow\"]"}
COMMAND: POST /session/8068150991763542753e5d368f2e808c/element/f.7F1AC3273160C970B6304C41D413DEA3.d.EA7383F70C9A85992922F66C6C30F53C.e.7858/click - {}
RESULT: {}
COMMAND: POST /session/8068150991763542753e5d368f2e808c/element - {"using":"xpath","value":"//span[contains(text(), \"Euro\")]"}
COMMAND: GET /session/8068150991763542753e5d368f2e808c/screenshot - {}
RESULT: {"using":"xpath","value":"//span[contains(text(), \"Euro\")]"}
COMMAND: POST /session/8068150991763542753e5d368f2e808c/element/f.7F1AC3273160C970B6304C41D413DEA3.d.EA7383F70C9A85992922F66C6C30F53C.e.7942/click - {}
RESULT: {}
RESULT: {}
COMMAND: POST /session/8068150991763542753e5d368f2e808c/element - {"using":"xpath","value":"//button[@data-kt=\"saveButton\"]"}
COMMAND: GET /session/8068150991763542753e5d368f2e808c/screenshot - {}
RESULT: {"using":"xpath","value":"//button[@data-kt=\"saveButton\"]"}
COMMAND: POST /session/8068150991763542753e5d368f2e808c/element/f.7F1AC3273160C970B6304C41D413DEA3.d.EA7383F70C9A85992922F66C6C30F53C.e.7859/click - {}
RESULT: {}
RESULT: {}
COMMAND: GET /session/8068150991763542753e5d368f2e808c/screenshot - {}
RESULT: {}
COMMAND: POST /session/8068150991763542753e5d368f2e808c/execute/async - {"script":"<script> [1562 bytes]","args":[{"selector":{"id":"application-manageconditionprice-display-component---conditions--smartFilterBar-btnBasicSearch","interaction":{"idSuffix":"I"}},"wdio_ui5_key":"applicationmanageconditionprice-display-component---conditions--smartFilterBar-btnBasicSearch"}]}
RESULT: {"script":"<script> [1562 bytes]","args":[{"selector":{"id":"application-manageconditionprice-display-component---conditions--smartFilterBar-btnBasicSearch","interaction":{"idSuffix":"I"}},"wdio_ui5_key":"applicationmanageconditionprice-display-component---conditions--smartFilterBar-btnBasicSearch"}]}
RESULT: undefined
COMMAND: POST /session/8068150991763542753e5d368f2e808c/execute/async - {"script":"<script> [776 bytes]","args":[{"enterText":"200319","selector":{"id":"application-manageconditionprice-display-component---conditions--smartFilterBar-btnBasicSearch","interaction":{"idSuffix":"I"}},"clearTextFirst":true,"interactionType":"ENTER_TEXT"}]}
RESULT: {"script":"<script> [776 bytes]","args":[{"enterText":"200319","selector":{"id":"application-manageconditionprice-display-component---conditions--smartFilterBar-btnBasicSearch","interaction":{"idSuffix":"I"}},"clearTextFirst":true,"interactionType":"ENTER_TEXT"}]}
COMMAND: POST /session/8068150991763542753e5d368f2e808c/actions - {"actions":[{"id":"action27","type":"key","parameters":{},"actions":[{"type":"keyDown","value":""},{"type":"pause","duration":10},{"type":"keyUp","value":""}]}]}
RESULT: {"actions":[{"id":"action27","type":"key","parameters":{},"actions":[{"type":"keyDown","value":""},{"type":"pause","duration":10},{"type":"keyUp","value":""}]}]}
COMMAND: GET /session/8068150991763542753e5d368f2e808c/screenshot - {}
RESULT: {}
COMMAND: POST /session/8068150991763542753e5d368f2e808c/execute/async - {"script":"<script> [1562 bytes]","args":[{"selector":{"id":"application-manageconditionprice-display-component---conditions--smartFilterBar-filterItemControl_BASIC-BILL_TYPES-vhi"},"wdio_ui5_key":"applicationmanageconditionprice-display-component---conditions--smartFilterBar-filterItemControl_BASIC-BILL_TYPES-vhi"}]}
RESULT: {"script":"<script> [1562 bytes]","args":[{"selector":{"id":"application-manageconditionprice-display-component---conditions--smartFilterBar-filterItemControl_BASIC-BILL_TYPES-vhi"},"wdio_ui5_key":"applicationmanageconditionprice-display-component---conditions--smartFilterBar-filterItemControl_BASIC-BILL_TYPES-vhi"}]}
RESULT: undefined
COMMAND: POST /session/8068150991763542753e5d368f2e808c/element - {"using":"xpath","value":"//*[@id=\"application-manageconditionprice-display-component---conditions--smartFilterBar-filterItemControl_BASIC-BILL_TYPES-vhi\"]"}
RESULT: {"using":"xpath","value":"//*[@id=\"application-manageconditionprice-display-component---conditions--smartFilterBar-filterItemControl_BASIC-BILL_TYPES-vhi\"]"}
COMMAND: POST /session/8068150991763542753e5d368f2e808c/element/f.7F1AC3273160C970B6304C41D413DEA3.d.EA7383F70C9A85992922F66C6C30F53C.e.8048/click - {}
RESULT: {}
COMMAND: POST /session/8068150991763542753e5d368f2e808c/execute/async - {"script":"<script> [1562 bytes]","args":[{"selector":{"id":"application-manageconditionprice-display-component---conditions--smartFilterBar-filterItemControl_BASIC-BILL_TYPES-valueHelpDialog-smartFilterBar-btnBasicSearch","searchOpenDialogs":true,"interaction":{"idSuffix":"I"}},"wdio_ui5_key":"applicationmanageconditionprice-display-component---conditions--smartFilterBar-filterItemControl_BASIC-BILL_TYPES-valueHelpDialog-smartFilterBar-btnBasicSearch"}]}
COMMAND: GET /session/8068150991763542753e5d368f2e808c/screenshot - {}
RESULT: {"script":"<script> [1562 bytes]","args":[{"selector":{"id":"application-manageconditionprice-display-component---conditions--smartFilterBar-filterItemControl_BASIC-BILL_TYPES-valueHelpDialog-smartFilterBar-btnBasicSearch","searchOpenDialogs":true,"interaction":{"idSuffix":"I"}},"wdio_ui5_key":"applicationmanageconditionprice-display-component---conditions--smartFilterBar-filterItemControl_BASIC-BILL_TYPES-valueHelpDialog-smartFilterBar-btnBasicSearch"}]}
RESULT: undefined
COMMAND: POST /session/8068150991763542753e5d368f2e808c/execute/async - {"script":"<script> [776 bytes]","args":[{"enterText":"one","selector":{"id":"application-manageconditionprice-display-component---conditions--smartFilterBar-filterItemControl_BASIC-BILL_TYPES-valueHelpDialog-smartFilterBar-btnBasicSearch","searchOpenDialogs":true,"interaction":{"idSuffix":"I"}},"clearTextFirst":true,"interactionType":"ENTER_TEXT"}]}
RESULT: {}
RESULT: {"script":"<script> [776 bytes]","args":[{"enterText":"one","selector":{"id":"application-manageconditionprice-display-component---conditions--smartFilterBar-filterItemControl_BASIC-BILL_TYPES-valueHelpDialog-smartFilterBar-btnBasicSearch","searchOpenDialogs":true,"interaction":{"idSuffix":"I"}},"clearTextFirst":true,"interactionType":"ENTER_TEXT"}]}
COMMAND: POST /session/8068150991763542753e5d368f2e808c/actions - {"actions":[{"id":"action28","type":"key","parameters":{},"actions":[{"type":"keyDown","value":""},{"type":"pause","duration":10},{"type":"keyUp","value":""}]}]}
RESULT: {"actions":[{"id":"action28","type":"key","parameters":{},"actions":[{"type":"keyDown","value":""},{"type":"pause","duration":10},{"type":"keyUp","value":""}]}]}
COMMAND: GET /session/8068150991763542753e5d368f2e808c/screenshot - {}
RESULT: {}
COMMAND: POST /session/8068150991763542753e5d368f2e808c/element - {"using":"xpath","value":"//div[contains(@id, 'application-manageconditionprice-display-component---conditions--smartFilterBar-filterItemControl_BASIC-BILL_TYPES-valueHelpDialog-table-rowsel0')]"}
RESULT: {"using":"xpath","value":"//div[contains(@id, 'application-manageconditionprice-display-component---conditions--smartFilterBar-filterItemControl_BASIC-BILL_TYPES-valueHelpDialog-table-rowsel0')]"}
COMMAND: POST /session/8068150991763542753e5d368f2e808c/element/f.7F1AC3273160C970B6304C41D413DEA3.d.EA7383F70C9A85992922F66C6C30F53C.e.8057/click - {}
RESULT: {}
COMMAND: GET /session/8068150991763542753e5d368f2e808c/screenshot - {}
RESULT: {}
COMMAND: POST /session/8068150991763542753e5d368f2e808c/element - {"using":"xpath","value":"//bdi[contains(text(), \"OK\")]"}
RESULT: {"using":"xpath","value":"//bdi[contains(text(), \"OK\")]"}
COMMAND: POST /session/8068150991763542753e5d368f2e808c/element/f.7F1AC3273160C970B6304C41D413DEA3.d.EA7383F70C9A85992922F66C6C30F53C.e.8059/click - {}
RESULT: {}
COMMAND: GET /session/8068150991763542753e5d368f2e808c/screenshot - {}
RESULT: {}
COMMAND: POST /session/8068150991763542753e5d368f2e808c/element - {"using":"xpath","value":"//span[@id=\"application-manageconditionprice-display-component---conditions--smartTable-header-inner\"]"}
RESULT: {"using":"xpath","value":"//span[@id=\"application-manageconditionprice-display-component---conditions--smartTable-header-inner\"]"}
COMMAND: POST /session/8068150991763542753e5d368f2e808c/elements - {"using":"xpath","value":"//span[@id=\"application-manageconditionprice-display-component---conditions--smartTable-header-inner\"]"}
RESULT: {"using":"xpath","value":"//span[@id=\"application-manageconditionprice-display-component---conditions--smartTable-header-inner\"]"}
COMMAND: POST /session/8068150991763542753e5d368f2e808c/execute/sync - {"script":"<script> [56 bytes]","args":[{"element-6066-11e4-a52e-4f735466cecf":"f.7F1AC3273160C970B6304C41D413DEA3.d.EA7383F70C9A85992922F66C6C30F53C.e.8062","ELEMENT":"f.7F1AC3273160C970B6304C41D413DEA3.d.EA7383F70C9A85992922F66C6C30F53C.e.8062"}]}
RESULT: {"script":"<script> [56 bytes]","args":[{"element-6066-11e4-a52e-4f735466cecf":"f.7F1AC3273160C970B6304C41D413DEA3.d.EA7383F70C9A85992922F66C6C30F53C.e.8062","ELEMENT":"f.7F1AC3273160C970B6304C41D413DEA3.d.EA7383F70C9A85992922F66C6C30F53C.e.8062"}]}
COMMAND: POST /session/8068150991763542753e5d368f2e808c/element - {"using":"css selector","value":"#shell-header-logo"}
COMMAND: GET /session/8068150991763542753e5d368f2e808c/screenshot - {}
RESULT: {"using":"css selector","value":"#shell-header-logo"}
COMMAND: POST /session/8068150991763542753e5d368f2e808c/element/f.7F1AC3273160C970B6304C41D413DEA3.d.EA7383F70C9A85992922F66C6C30F53C.e.7693/click - {}
RESULT: {}
RESULT: {}
COMMAND: GET /session/8068150991763542753e5d368f2e808c/screenshot - {}
RESULT: {}
]]></system-out>
    </testcase>
    <testcase classname="chrome.136_0_7103_93.windows.US134625_Set_up_price_condition_-_one_time" name="Should create a new contract" time="62.73">
      <system-out><![CDATA[
COMMAND: POST /session/8068150991763542753e5d368f2e808c/execute/async - {"script":"<script> [1562 bytes]","args":[{"selector":{"controlType":"sap.m.GenericTile","properties":{"header":"Manage Contracts"}},"wdio_ui5_key":"sapm.GenericTile{\"header\":\"Manage Contracts\"}"}]}
RESULT: {"script":"<script> [1562 bytes]","args":[{"selector":{"controlType":"sap.m.GenericTile","properties":{"header":"Manage Contracts"}},"wdio_ui5_key":"sapm.GenericTile{\"header\":\"Manage Contracts\"}"}]}
RESULT: undefined
COMMAND: POST /session/8068150991763542753e5d368f2e808c/element - {"using":"xpath","value":"//*[@id=\"__tile130\"]"}
RESULT: {"using":"xpath","value":"//*[@id=\"__tile130\"]"}
COMMAND: POST /session/8068150991763542753e5d368f2e808c/element/f.7F1AC3273160C970B6304C41D413DEA3.d.EA7383F70C9A85992922F66C6C30F53C.e.6773/click - {}
RESULT: {}
COMMAND: GET /session/8068150991763542753e5d368f2e808c/screenshot - {}
RESULT: {}
COMMAND: POST /session/8068150991763542753e5d368f2e808c/elements - {"using":"xpath","value":"//span[text()='Error']"}
RESULT: {"using":"xpath","value":"//span[text()='Error']"}
COMMAND: POST /session/8068150991763542753e5d368f2e808c/element - {"using":"xpath","value":"//button[@data-kt=\"addButton\"]"}
RESULT: {"using":"xpath","value":"//button[@data-kt=\"addButton\"]"}
COMMAND: POST /session/8068150991763542753e5d368f2e808c/elements - {"using":"xpath","value":"//button[@data-kt=\"addButton\"]"}
RESULT: {"using":"xpath","value":"//button[@data-kt=\"addButton\"]"}
COMMAND: POST /session/8068150991763542753e5d368f2e808c/execute/sync - {"script":"<script> [8489 bytes]","args":[{"element-6066-11e4-a52e-4f735466cecf":"f.7F1AC3273160C970B6304C41D413DEA3.d.EA7383F70C9A85992922F66C6C30F53C.e.8117","ELEMENT":"f.7F1AC3273160C970B6304C41D413DEA3.d.EA7383F70C9A85992922F66C6C30F53C.e.8117"}]}
RESULT: {"script":"<script> [8489 bytes]","args":[{"element-6066-11e4-a52e-4f735466cecf":"f.7F1AC3273160C970B6304C41D413DEA3.d.EA7383F70C9A85992922F66C6C30F53C.e.8117","ELEMENT":"f.7F1AC3273160C970B6304C41D413DEA3.d.EA7383F70C9A85992922F66C6C30F53C.e.8117"}]}
COMMAND: GET /session/8068150991763542753e5d368f2e808c/element/f.7F1AC3273160C970B6304C41D413DEA3.d.EA7383F70C9A85992922F66C6C30F53C.e.8117/enabled - {}
COMMAND: GET /session/8068150991763542753e5d368f2e808c/screenshot - {}
RESULT: {}
COMMAND: POST /session/8068150991763542753e5d368f2e808c/execute/sync - {"script":"<script> [8489 bytes]","args":[{"element-6066-11e4-a52e-4f735466cecf":"f.7F1AC3273160C970B6304C41D413DEA3.d.EA7383F70C9A85992922F66C6C30F53C.e.8117","ELEMENT":"f.7F1AC3273160C970B6304C41D413DEA3.d.EA7383F70C9A85992922F66C6C30F53C.e.8117"}]}
COMMAND: GET /session/8068150991763542753e5d368f2e808c/screenshot - {}
RESULT: {}
RESULT: {"script":"<script> [8489 bytes]","args":[{"element-6066-11e4-a52e-4f735466cecf":"f.7F1AC3273160C970B6304C41D413DEA3.d.EA7383F70C9A85992922F66C6C30F53C.e.8117","ELEMENT":"f.7F1AC3273160C970B6304C41D413DEA3.d.EA7383F70C9A85992922F66C6C30F53C.e.8117"}]}
COMMAND: POST /session/8068150991763542753e5d368f2e808c/execute/sync - {"script":"<script> [5351 bytes]","args":[{"element-6066-11e4-a52e-4f735466cecf":"f.7F1AC3273160C970B6304C41D413DEA3.d.EA7383F70C9A85992922F66C6C30F53C.e.8117","ELEMENT":"f.7F1AC3273160C970B6304C41D413DEA3.d.EA7383F70C9A85992922F66C6C30F53C.e.8117"}]}
COMMAND: GET /session/8068150991763542753e5d368f2e808c/screenshot - {}
RESULT: {}
RESULT: {"script":"<script> [5351 bytes]","args":[{"element-6066-11e4-a52e-4f735466cecf":"f.7F1AC3273160C970B6304C41D413DEA3.d.EA7383F70C9A85992922F66C6C30F53C.e.8117","ELEMENT":"f.7F1AC3273160C970B6304C41D413DEA3.d.EA7383F70C9A85992922F66C6C30F53C.e.8117"}]}
COMMAND: GET /session/8068150991763542753e5d368f2e808c/screenshot - {}
RESULT: {}
RESULT: {}
COMMAND: POST /session/8068150991763542753e5d368f2e808c/element/f.7F1AC3273160C970B6304C41D413DEA3.d.EA7383F70C9A85992922F66C6C30F53C.e.8117/click - {}
RESULT: {}
COMMAND: GET /session/8068150991763542753e5d368f2e808c/screenshot - {}
COMMAND: POST /session/8068150991763542753e5d368f2e808c/execute/async - {"script":"<script> [1562 bytes]","args":[{"selector":{"id":"application-managecontracts-display-component---AddNewContract--projectDescription","interaction":{"idSuffix":"inner"}},"wdio_ui5_key":"applicationmanagecontracts-display-component---AddNewContract--projectDescription"}]}
RESULT: {}
RESULT: {"script":"<script> [1562 bytes]","args":[{"selector":{"id":"application-managecontracts-display-component---AddNewContract--projectDescription","interaction":{"idSuffix":"inner"}},"wdio_ui5_key":"applicationmanagecontracts-display-component---AddNewContract--projectDescription"}]}
RESULT: undefined
COMMAND: POST /session/8068150991763542753e5d368f2e808c/execute/async - {"script":"<script> [776 bytes]","args":[{"enterText":"Intercompany Contract WDIO","selector":{"id":"application-managecontracts-display-component---AddNewContract--projectDescription","interaction":{"idSuffix":"inner"}},"clearTextFirst":true,"interactionType":"ENTER_TEXT"}]}
RESULT: {"script":"<script> [776 bytes]","args":[{"enterText":"Intercompany Contract WDIO","selector":{"id":"application-managecontracts-display-component---AddNewContract--projectDescription","interaction":{"idSuffix":"inner"}},"clearTextFirst":true,"interactionType":"ENTER_TEXT"}]}
COMMAND: POST /session/8068150991763542753e5d368f2e808c/element - {"using":"xpath","value":"//input[@id=\"application-managecontracts-display-component---AddNewContract--site-inner\"]"}
RESULT: {"using":"xpath","value":"//input[@id=\"application-managecontracts-display-component---AddNewContract--site-inner\"]"}
COMMAND: POST /session/8068150991763542753e5d368f2e808c/element/f.7F1AC3273160C970B6304C41D413DEA3.d.EA7383F70C9A85992922F66C6C30F53C.e.8434/clear - {}
RESULT: {}
COMMAND: POST /session/8068150991763542753e5d368f2e808c/element/f.7F1AC3273160C970B6304C41D413DEA3.d.EA7383F70C9A85992922F66C6C30F53C.e.8434/value - {"text":"2302"}
COMMAND: GET /session/8068150991763542753e5d368f2e808c/screenshot - {}
RESULT: {"text":"2302"}
COMMAND: GET /session/8068150991763542753e5d368f2e808c/screenshot - {}
RESULT: {}
RESULT: {}
COMMAND: POST /session/8068150991763542753e5d368f2e808c/element - {"using":"xpath","value":"//li[.//span[text()='2302']]"}
RESULT: {"using":"xpath","value":"//li[.//span[text()='2302']]"}
COMMAND: POST /session/8068150991763542753e5d368f2e808c/element/f.7F1AC3273160C970B6304C41D413DEA3.d.EA7383F70C9A85992922F66C6C30F53C.e.8517/click - {}
RESULT: {}
COMMAND: GET /session/8068150991763542753e5d368f2e808c/screenshot - {}
RESULT: {}
COMMAND: POST /session/8068150991763542753e5d368f2e808c/element - {"using":"xpath","value":"//input[@id=\"application-managecontracts-display-component---AddNewContract--yardId-inner\"]"}
RESULT: {"using":"xpath","value":"//input[@id=\"application-managecontracts-display-component---AddNewContract--yardId-inner\"]"}
COMMAND: GET /session/8068150991763542753e5d368f2e808c/element/f.7F1AC3273160C970B6304C41D413DEA3.d.EA7383F70C9A85992922F66C6C30F53C.e.8435/property/value - {}
RESULT: {}
COMMAND: POST /session/8068150991763542753e5d368f2e808c/element - {"using":"xpath","value":"//input[@id=\"application-managecontracts-display-component---AddNewContract--customerSelect-inner\"]"}
COMMAND: GET /session/8068150991763542753e5d368f2e808c/screenshot - {}
RESULT: {"using":"xpath","value":"//input[@id=\"application-managecontracts-display-component---AddNewContract--customerSelect-inner\"]"}
COMMAND: POST /session/8068150991763542753e5d368f2e808c/element/f.7F1AC3273160C970B6304C41D413DEA3.d.EA7383F70C9A85992922F66C6C30F53C.e.8433/clear - {}
RESULT: {}
RESULT: {}
COMMAND: POST /session/8068150991763542753e5d368f2e808c/element/f.7F1AC3273160C970B6304C41D413DEA3.d.EA7383F70C9A85992922F66C6C30F53C.e.8433/value - {"text":"1350"}
COMMAND: GET /session/8068150991763542753e5d368f2e808c/screenshot - {}
RESULT: {"text":"1350"}
COMMAND: GET /session/8068150991763542753e5d368f2e808c/screenshot - {}
RESULT: {}
RESULT: {}
COMMAND: POST /session/8068150991763542753e5d368f2e808c/element - {"using":"xpath","value":"//li[.//span[text()='1350']]"}
RESULT: {"using":"xpath","value":"//li[.//span[text()='1350']]"}
COMMAND: POST /session/8068150991763542753e5d368f2e808c/element/f.7F1AC3273160C970B6304C41D413DEA3.d.EA7383F70C9A85992922F66C6C30F53C.e.8520/click - {}
RESULT: {}
COMMAND: GET /session/8068150991763542753e5d368f2e808c/screenshot - {}
RESULT: {}
COMMAND: POST /session/8068150991763542753e5d368f2e808c/element - {"using":"xpath","value":"//button[@data-kt=\"saveButton\"]"}
RESULT: {"using":"xpath","value":"//button[@data-kt=\"saveButton\"]"}
COMMAND: POST /session/8068150991763542753e5d368f2e808c/element/f.7F1AC3273160C970B6304C41D413DEA3.d.EA7383F70C9A85992922F66C6C30F53C.e.8510/click - {}
RESULT: {}
COMMAND: GET /session/8068150991763542753e5d368f2e808c/screenshot - {}
RESULT: {}
COMMAND: POST /session/8068150991763542753e5d368f2e808c/element - {"using":"xpath","value":"//span[contains(@id ,\"contractDetailTitleNoExpanded\")]"}
RESULT: {"using":"xpath","value":"//span[contains(@id ,\"contractDetailTitleNoExpanded\")]"}
COMMAND: POST /session/8068150991763542753e5d368f2e808c/elements - {"using":"xpath","value":"//span[contains(@id ,\"contractDetailTitleNoExpanded\")]"}
RESULT: {"using":"xpath","value":"//span[contains(@id ,\"contractDetailTitleNoExpanded\")]"}
COMMAND: POST /session/8068150991763542753e5d368f2e808c/execute/sync - {"script":"<script> [56 bytes]","args":[{"element-6066-11e4-a52e-4f735466cecf":"f.7F1AC3273160C970B6304C41D413DEA3.d.EA7383F70C9A85992922F66C6C30F53C.e.8592","ELEMENT":"f.7F1AC3273160C970B6304C41D413DEA3.d.EA7383F70C9A85992922F66C6C30F53C.e.8592"}]}
RESULT: {"script":"<script> [56 bytes]","args":[{"element-6066-11e4-a52e-4f735466cecf":"f.7F1AC3273160C970B6304C41D413DEA3.d.EA7383F70C9A85992922F66C6C30F53C.e.8592","ELEMENT":"f.7F1AC3273160C970B6304C41D413DEA3.d.EA7383F70C9A85992922F66C6C30F53C.e.8592"}]}
COMMAND: GET /session/8068150991763542753e5d368f2e808c/screenshot - {}
RESULT: {}
]]></system-out>
    </testcase>
    <testcase classname="chrome.136_0_7103_93.windows.US134625_Set_up_price_condition_-_one_time" name="Should add the material to the contract" time="55.4">
      <system-out><![CDATA[
COMMAND: POST /session/8068150991763542753e5d368f2e808c/element - {"using":"xpath","value":"//button[@data-kt=\"contractDetailEditBtnButton\"]"}
RESULT: {"using":"xpath","value":"//button[@data-kt=\"contractDetailEditBtnButton\"]"}
COMMAND: POST /session/8068150991763542753e5d368f2e808c/element/f.7F1AC3273160C970B6304C41D413DEA3.d.EA7383F70C9A85992922F66C6C30F53C.e.8594/click - {}
RESULT: {}
COMMAND: GET /session/8068150991763542753e5d368f2e808c/screenshot - {}
RESULT: {}
COMMAND: POST /session/8068150991763542753e5d368f2e808c/element - {"using":"xpath","value":"(//span[contains(text(), \"Additional Addresses\")])[2]"}
RESULT: {"using":"xpath","value":"(//span[contains(text(), \"Additional Addresses\")])[2]"}
COMMAND: POST /session/8068150991763542753e5d368f2e808c/element/f.7F1AC3273160C970B6304C41D413DEA3.d.EA7383F70C9A85992922F66C6C30F53C.e.8650/click - {}
RESULT: {}
COMMAND: GET /session/8068150991763542753e5d368f2e808c/screenshot - {}
RESULT: {}
COMMAND: POST /session/8068150991763542753e5d368f2e808c/element - {"using":"xpath","value":"//button[@data-kt=\"btnAddTableRowOverflowToolbarButton\"]"}
RESULT: {"using":"xpath","value":"//button[@data-kt=\"btnAddTableRowOverflowToolbarButton\"]"}
COMMAND: POST /session/8068150991763542753e5d368f2e808c/element/f.7F1AC3273160C970B6304C41D413DEA3.d.EA7383F70C9A85992922F66C6C30F53C.e.8652/click - {}
RESULT: {}
COMMAND: GET /session/8068150991763542753e5d368f2e808c/screenshot - {}
RESULT: {}
COMMAND: POST /session/8068150991763542753e5d368f2e808c/element - {"using":"xpath","value":"//div[(text() = 'Standard Entry' or . = 'Standard Entry')]"}
RESULT: {"using":"xpath","value":"//div[(text() = 'Standard Entry' or . = 'Standard Entry')]"}
COMMAND: POST /session/8068150991763542753e5d368f2e808c/element/f.7F1AC3273160C970B6304C41D413DEA3.d.EA7383F70C9A85992922F66C6C30F53C.e.8654/click - {}
RESULT: {}
COMMAND: GET /session/8068150991763542753e5d368f2e808c/screenshot - {}
RESULT: {}
COMMAND: POST /session/8068150991763542753e5d368f2e808c/element - {"using":"xpath","value":"//td[6]/div/div/div/span"}
RESULT: {"using":"xpath","value":"//td[6]/div/div/div/span"}
COMMAND: POST /session/8068150991763542753e5d368f2e808c/element/f.7F1AC3273160C970B6304C41D413DEA3.d.EA7383F70C9A85992922F66C6C30F53C.e.8666/click - {}
RESULT: {}
COMMAND: GET /session/8068150991763542753e5d368f2e808c/screenshot - {}
RESULT: {}
COMMAND: POST /session/8068150991763542753e5d368f2e808c/element - {"using":"xpath","value":"(//span[contains(text(), \"Material\")])"}
RESULT: {"using":"xpath","value":"(//span[contains(text(), \"Material\")])"}
COMMAND: POST /session/8068150991763542753e5d368f2e808c/element/f.7F1AC3273160C970B6304C41D413DEA3.d.EA7383F70C9A85992922F66C6C30F53C.e.8667/click - {}
RESULT: {}
COMMAND: GET /session/8068150991763542753e5d368f2e808c/screenshot - {}
RESULT: {}
COMMAND: POST /session/8068150991763542753e5d368f2e808c/element - {"using":"xpath","value":"//td[7]/div/div/input"}
RESULT: {"using":"xpath","value":"//td[7]/div/div/input"}
COMMAND: POST /session/8068150991763542753e5d368f2e808c/element/f.7F1AC3273160C970B6304C41D413DEA3.d.EA7383F70C9A85992922F66C6C30F53C.e.8671/clear - {}
RESULT: {}
COMMAND: POST /session/8068150991763542753e5d368f2e808c/element/f.7F1AC3273160C970B6304C41D413DEA3.d.EA7383F70C9A85992922F66C6C30F53C.e.8671/value - {"text":"200319"}
COMMAND: GET /session/8068150991763542753e5d368f2e808c/screenshot - {}
RESULT: {"text":"200319"}
COMMAND: GET /session/8068150991763542753e5d368f2e808c/screenshot - {}
RESULT: {}
RESULT: {}
COMMAND: POST /session/8068150991763542753e5d368f2e808c/actions - {"actions":[{"id":"action29","type":"key","parameters":{},"actions":[{"type":"keyDown","value":""},{"type":"pause","duration":10},{"type":"keyUp","value":""}]}]}
RESULT: {"actions":[{"id":"action29","type":"key","parameters":{},"actions":[{"type":"keyDown","value":""},{"type":"pause","duration":10},{"type":"keyUp","value":""}]}]}
COMMAND: GET /session/8068150991763542753e5d368f2e808c/screenshot - {}
RESULT: {}
COMMAND: POST /session/8068150991763542753e5d368f2e808c/execute/sync - {"script":"<script> [276 bytes]","args":["No pricing information was found"]}
RESULT: {"script":"<script> [276 bytes]","args":["No pricing information was found"]}
COMMAND: POST /session/8068150991763542753e5d368f2e808c/element - {"using":"xpath","value":"(//button[@data-kt=\"saveButton\"])[2]"}
COMMAND: GET /session/8068150991763542753e5d368f2e808c/screenshot - {}
RESULT: {"using":"xpath","value":"(//button[@data-kt=\"saveButton\"])[2]"}
COMMAND: POST /session/8068150991763542753e5d368f2e808c/element/f.7F1AC3273160C970B6304C41D413DEA3.d.EA7383F70C9A85992922F66C6C30F53C.e.8694/click - {}
RESULT: {}
RESULT: {}
COMMAND: GET /session/8068150991763542753e5d368f2e808c/screenshot - {}
RESULT: {}
COMMAND: POST /session/8068150991763542753e5d368f2e808c/execute/sync - {"script":"<script> [276 bytes]","args":["Some contract items are having rental validity exceeding header rental validity"]}
RESULT: {"script":"<script> [276 bytes]","args":["Some contract items are having rental validity exceeding header rental validity"]}
COMMAND: GET /session/8068150991763542753e5d368f2e808c/screenshot - {}
RESULT: {}
COMMAND: POST /session/8068150991763542753e5d368f2e808c/element - {"using":"xpath","value":"//span[contains(@id ,\"contractItemsSmartTable-header-inner\")]"}
RESULT: {"using":"xpath","value":"//span[contains(@id ,\"contractItemsSmartTable-header-inner\")]"}
COMMAND: POST /session/8068150991763542753e5d368f2e808c/elements - {"using":"xpath","value":"//span[contains(@id ,\"contractItemsSmartTable-header-inner\")]"}
RESULT: {"using":"xpath","value":"//span[contains(@id ,\"contractItemsSmartTable-header-inner\")]"}
COMMAND: POST /session/8068150991763542753e5d368f2e808c/execute/sync - {"script":"<script> [56 bytes]","args":[{"element-6066-11e4-a52e-4f735466cecf":"f.7F1AC3273160C970B6304C41D413DEA3.d.EA7383F70C9A85992922F66C6C30F53C.e.8700","ELEMENT":"f.7F1AC3273160C970B6304C41D413DEA3.d.EA7383F70C9A85992922F66C6C30F53C.e.8700"}]}
RESULT: {"script":"<script> [56 bytes]","args":[{"element-6066-11e4-a52e-4f735466cecf":"f.7F1AC3273160C970B6304C41D413DEA3.d.EA7383F70C9A85992922F66C6C30F53C.e.8700","ELEMENT":"f.7F1AC3273160C970B6304C41D413DEA3.d.EA7383F70C9A85992922F66C6C30F53C.e.8700"}]}
]]></system-out>
    </testcase>
    <testcase classname="chrome.136_0_7103_93.windows.US134625_Set_up_price_condition_-_one_time" name="Should verify the bill item creation and pricing condition" time="10.348">
      <system-out><![CDATA[
COMMAND: POST /session/8068150991763542753e5d368f2e808c/execute/async - {"script":"<script> [1562 bytes]","args":[{"selector":{"controlType":"sap.ui.core.Icon","viewName":"etm.portal.ui.managecontracts.view.Detail","properties":{"src":{"regex":{"source":"slim\\-arrow\\-right"}}}},"wdio_ui5_key":"etmportal.ui.managecontracts.view.Detailsap.ui.core.Icon{\"src\":{\"regex\":{\"source\":\"slim\\\\-arrow\\\\-right\"}}}"}]}
COMMAND: GET /session/8068150991763542753e5d368f2e808c/screenshot - {}
RESULT: {"script":"<script> [1562 bytes]","args":[{"selector":{"controlType":"sap.ui.core.Icon","viewName":"etm.portal.ui.managecontracts.view.Detail","properties":{"src":{"regex":{"source":"slim\\-arrow\\-right"}}}},"wdio_ui5_key":"etmportal.ui.managecontracts.view.Detailsap.ui.core.Icon{\"src\":{\"regex\":{\"source\":\"slim\\\\-arrow\\\\-right\"}}}"}]}
RESULT: undefined
COMMAND: POST /session/8068150991763542753e5d368f2e808c/element - {"using":"xpath","value":"//*[@id=\"__item1788-__clone3730-imgNav\"]"}
RESULT: {}
RESULT: {"using":"xpath","value":"//*[@id=\"__item1788-__clone3730-imgNav\"]"}
COMMAND: POST /session/8068150991763542753e5d368f2e808c/element/f.7F1AC3273160C970B6304C41D413DEA3.d.EA7383F70C9A85992922F66C6C30F53C.e.8701/click - {}
RESULT: {}
COMMAND: GET /session/8068150991763542753e5d368f2e808c/screenshot - {}
RESULT: {}
COMMAND: POST /session/8068150991763542753e5d368f2e808c/execute/async - {"script":"<script> [1562 bytes]","args":[{"selector":{"controlType":"sap.m.Text","viewName":"etm.portal.ui.managecontracts.view.BillingItem","viewId":"application-managecontracts-display-component---BillingItem","bindingPath":{"propertyPath":"LINK_TO_C_BILL_TYPES/DESCRIPTION"}},"wdio_ui5_key":"etmportal.ui.managecontracts.view.BillingItemsap.m.Text{\"propertyPath\":\"LINK_TO_C_BILL_TYPES/DESCRIPTION\"}"}]}
RESULT: {"script":"<script> [1562 bytes]","args":[{"selector":{"controlType":"sap.m.Text","viewName":"etm.portal.ui.managecontracts.view.BillingItem","viewId":"application-managecontracts-display-component---BillingItem","bindingPath":{"propertyPath":"LINK_TO_C_BILL_TYPES/DESCRIPTION"}},"wdio_ui5_key":"etmportal.ui.managecontracts.view.BillingItemsap.m.Text{\"propertyPath\":\"LINK_TO_C_BILL_TYPES/DESCRIPTION\"}"}]}
RESULT: undefined
COMMAND: POST /session/8068150991763542753e5d368f2e808c/execute/async - {"script":"<script> [6424 bytes]","args":[{"element-6066-11e4-a52e-4f735466cecf":"f.7F1AC3273160C970B6304C41D413DEA3.d.EA7383F70C9A85992922F66C6C30F53C.e.8716"},"getText",[]]}
RESULT: {"script":"<script> [6424 bytes]","args":[{"element-6066-11e4-a52e-4f735466cecf":"f.7F1AC3273160C970B6304C41D413DEA3.d.EA7383F70C9A85992922F66C6C30F53C.e.8716"},"getText",[]]}
COMMAND: POST /session/8068150991763542753e5d368f2e808c/execute/async - {"script":"<script> [1562 bytes]","args":[{"selector":{"controlType":"sap.m.ObjectNumber","viewName":"etm.portal.ui.managecontracts.view.BillingItem","viewId":"application-managecontracts-display-component---BillingItem","bindingPath":{"propertyPath":"BASE_PRICE"}},"wdio_ui5_key":"etmportal.ui.managecontracts.view.BillingItemsap.m.ObjectNumber{\"propertyPath\":\"BASE_PRICE\"}"}]}
RESULT: {"script":"<script> [1562 bytes]","args":[{"selector":{"controlType":"sap.m.ObjectNumber","viewName":"etm.portal.ui.managecontracts.view.BillingItem","viewId":"application-managecontracts-display-component---BillingItem","bindingPath":{"propertyPath":"BASE_PRICE"}},"wdio_ui5_key":"etmportal.ui.managecontracts.view.BillingItemsap.m.ObjectNumber{\"propertyPath\":\"BASE_PRICE\"}"}]}
RESULT: undefined
COMMAND: POST /session/8068150991763542753e5d368f2e808c/execute/async - {"script":"<script> [6424 bytes]","args":[{"element-6066-11e4-a52e-4f735466cecf":"f.7F1AC3273160C970B6304C41D413DEA3.d.EA7383F70C9A85992922F66C6C30F53C.e.8717"},"getNumber",[]]}
RESULT: {"script":"<script> [6424 bytes]","args":[{"element-6066-11e4-a52e-4f735466cecf":"f.7F1AC3273160C970B6304C41D413DEA3.d.EA7383F70C9A85992922F66C6C30F53C.e.8717"},"getNumber",[]]}
COMMAND: POST /session/8068150991763542753e5d368f2e808c/execute/async - {"script":"<script> [1562 bytes]","args":[{"selector":{"controlType":"sap.m.ObjectNumber","viewName":"etm.portal.ui.managecontracts.view.BillingItem","viewId":"application-managecontracts-display-component---BillingItem","bindingPath":{"propertyPath":"BASE_QUANTITY"}},"wdio_ui5_key":"etmportal.ui.managecontracts.view.BillingItemsap.m.ObjectNumber{\"propertyPath\":\"BASE_QUANTITY\"}"}]}
RESULT: {"script":"<script> [1562 bytes]","args":[{"selector":{"controlType":"sap.m.ObjectNumber","viewName":"etm.portal.ui.managecontracts.view.BillingItem","viewId":"application-managecontracts-display-component---BillingItem","bindingPath":{"propertyPath":"BASE_QUANTITY"}},"wdio_ui5_key":"etmportal.ui.managecontracts.view.BillingItemsap.m.ObjectNumber{\"propertyPath\":\"BASE_QUANTITY\"}"}]}
RESULT: undefined
COMMAND: POST /session/8068150991763542753e5d368f2e808c/execute/async - {"script":"<script> [6424 bytes]","args":[{"element-6066-11e4-a52e-4f735466cecf":"f.7F1AC3273160C970B6304C41D413DEA3.d.EA7383F70C9A85992922F66C6C30F53C.e.8718"},"getNumber",[]]}
RESULT: {"script":"<script> [6424 bytes]","args":[{"element-6066-11e4-a52e-4f735466cecf":"f.7F1AC3273160C970B6304C41D413DEA3.d.EA7383F70C9A85992922F66C6C30F53C.e.8718"},"getNumber",[]]}
COMMAND: DELETE /session/8068150991763542753e5d368f2e808c - {}
RESULT: {}
]]></system-out>
    </testcase>
  </testsuite>
</testsuites>