<?xml version="1.0" encoding="UTF-8"?>
<testsuites tests="3" failures="0" errors="0" skipped="0">
  <testsuite timestamp="2025-04-18T18:00:23" time="265.788" tests="3" failures="0" errors="0" skipped="0">
    <properties>
      <property name="specId" value="0"/>
      <property name="suiteName" value="Address Management Tests US151165 US151160"/>
      <property name="capabilities" value="chrome.135_0_7049_42.windows"/>
      <property name="file" value="file:///D:/a/1/s/test/specs/BTS/address-management.spec.js"/>
    </properties>
    <testcase classname="chrome.135_0_7049_42.windows.Address_Management_Tests_US151165_US151160" name="Step 1 Will check existence of address created with generated name if none then we create" time="94.104">
      <system-out><![CDATA[
COMMAND: POST /session/b0b40222b291578c2d16a429095fa524/execute/async - {"script":"<script> [1562 bytes]","args":[{"selector":{"controlType":"sap.m.GenericTile","properties":{"header":"Address Management"}},"wdio_ui5_key":"sapm.GenericTile{\"header\":\"Address Management\"}"}]}
RESULT: {"script":"<script> [1562 bytes]","args":[{"selector":{"controlType":"sap.m.GenericTile","properties":{"header":"Address Management"}},"wdio_ui5_key":"sapm.GenericTile{\"header\":\"Address Management\"}"}]}
RESULT: undefined
COMMAND: POST /session/b0b40222b291578c2d16a429095fa524/element - {"using":"xpath","value":"//*[@id=\"__tile33\"]"}
RESULT: {"using":"xpath","value":"//*[@id=\"__tile33\"]"}
COMMAND: POST /session/b0b40222b291578c2d16a429095fa524/element/f.42CC23FF00CDF3EF1FDC9B5D173637EA.d.EE74ED501CC83FD201C2F6D1F08FE48A.e.210/click - {}
RESULT: {}
COMMAND: POST /session/b0b40222b291578c2d16a429095fa524/element - {"using":"xpath","value":"//button[@data-kt=\"addButton\"]"}
COMMAND: GET /session/b0b40222b291578c2d16a429095fa524/screenshot - {}
RESULT: {"using":"xpath","value":"//button[@data-kt=\"addButton\"]"}
COMMAND: POST /session/b0b40222b291578c2d16a429095fa524/elements - {"using":"xpath","value":"//button[@data-kt=\"addButton\"]"}
RESULT: {}
RESULT: {"using":"xpath","value":"//button[@data-kt=\"addButton\"]"}
COMMAND: POST /session/b0b40222b291578c2d16a429095fa524/elements - {"using":"xpath","value":"//button[@data-kt=\"addButton\"]"}
RESULT: {"using":"xpath","value":"//button[@data-kt=\"addButton\"]"}
COMMAND: POST /session/b0b40222b291578c2d16a429095fa524/elements - {"using":"xpath","value":"//button[@data-kt=\"addButton\"]"}
RESULT: {"using":"xpath","value":"//button[@data-kt=\"addButton\"]"}
COMMAND: POST /session/b0b40222b291578c2d16a429095fa524/elements - {"using":"xpath","value":"//button[@data-kt=\"addButton\"]"}
RESULT: {"using":"xpath","value":"//button[@data-kt=\"addButton\"]"}
COMMAND: POST /session/b0b40222b291578c2d16a429095fa524/elements - {"using":"xpath","value":"//button[@data-kt=\"addButton\"]"}
RESULT: {"using":"xpath","value":"//button[@data-kt=\"addButton\"]"}
COMMAND: POST /session/b0b40222b291578c2d16a429095fa524/elements - {"using":"xpath","value":"//button[@data-kt=\"addButton\"]"}
RESULT: {"using":"xpath","value":"//button[@data-kt=\"addButton\"]"}
COMMAND: POST /session/b0b40222b291578c2d16a429095fa524/elements - {"using":"xpath","value":"//button[@data-kt=\"addButton\"]"}
RESULT: {"using":"xpath","value":"//button[@data-kt=\"addButton\"]"}
COMMAND: POST /session/b0b40222b291578c2d16a429095fa524/elements - {"using":"xpath","value":"//button[@data-kt=\"addButton\"]"}
RESULT: {"using":"xpath","value":"//button[@data-kt=\"addButton\"]"}
COMMAND: POST /session/b0b40222b291578c2d16a429095fa524/elements - {"using":"xpath","value":"//button[@data-kt=\"addButton\"]"}
RESULT: {"using":"xpath","value":"//button[@data-kt=\"addButton\"]"}
COMMAND: POST /session/b0b40222b291578c2d16a429095fa524/elements - {"using":"xpath","value":"//button[@data-kt=\"addButton\"]"}
RESULT: {"using":"xpath","value":"//button[@data-kt=\"addButton\"]"}
COMMAND: POST /session/b0b40222b291578c2d16a429095fa524/elements - {"using":"xpath","value":"//button[@data-kt=\"addButton\"]"}
RESULT: {"using":"xpath","value":"//button[@data-kt=\"addButton\"]"}
COMMAND: POST /session/b0b40222b291578c2d16a429095fa524/elements - {"using":"xpath","value":"//button[@data-kt=\"addButton\"]"}
RESULT: {"using":"xpath","value":"//button[@data-kt=\"addButton\"]"}
COMMAND: POST /session/b0b40222b291578c2d16a429095fa524/elements - {"using":"xpath","value":"//button[@data-kt=\"addButton\"]"}
RESULT: {"using":"xpath","value":"//button[@data-kt=\"addButton\"]"}
COMMAND: POST /session/b0b40222b291578c2d16a429095fa524/elements - {"using":"xpath","value":"//button[@data-kt=\"addButton\"]"}
RESULT: {"using":"xpath","value":"//button[@data-kt=\"addButton\"]"}
COMMAND: POST /session/b0b40222b291578c2d16a429095fa524/elements - {"using":"xpath","value":"//button[@data-kt=\"addButton\"]"}
RESULT: {"using":"xpath","value":"//button[@data-kt=\"addButton\"]"}
COMMAND: POST /session/b0b40222b291578c2d16a429095fa524/elements - {"using":"xpath","value":"//button[@data-kt=\"addButton\"]"}
RESULT: {"using":"xpath","value":"//button[@data-kt=\"addButton\"]"}
COMMAND: POST /session/b0b40222b291578c2d16a429095fa524/elements - {"using":"xpath","value":"//button[@data-kt=\"addButton\"]"}
RESULT: {"using":"xpath","value":"//button[@data-kt=\"addButton\"]"}
COMMAND: POST /session/b0b40222b291578c2d16a429095fa524/elements - {"using":"xpath","value":"//button[@data-kt=\"addButton\"]"}
RESULT: {"using":"xpath","value":"//button[@data-kt=\"addButton\"]"}
COMMAND: POST /session/b0b40222b291578c2d16a429095fa524/elements - {"using":"xpath","value":"//button[@data-kt=\"addButton\"]"}
RESULT: {"using":"xpath","value":"//button[@data-kt=\"addButton\"]"}
COMMAND: POST /session/b0b40222b291578c2d16a429095fa524/elements - {"using":"xpath","value":"//button[@data-kt=\"addButton\"]"}
RESULT: {"using":"xpath","value":"//button[@data-kt=\"addButton\"]"}
COMMAND: POST /session/b0b40222b291578c2d16a429095fa524/elements - {"using":"xpath","value":"//button[@data-kt=\"addButton\"]"}
RESULT: {"using":"xpath","value":"//button[@data-kt=\"addButton\"]"}
COMMAND: POST /session/b0b40222b291578c2d16a429095fa524/elements - {"using":"xpath","value":"//button[@data-kt=\"addButton\"]"}
RESULT: {"using":"xpath","value":"//button[@data-kt=\"addButton\"]"}
COMMAND: POST /session/b0b40222b291578c2d16a429095fa524/elements - {"using":"xpath","value":"//button[@data-kt=\"addButton\"]"}
RESULT: {"using":"xpath","value":"//button[@data-kt=\"addButton\"]"}
COMMAND: POST /session/b0b40222b291578c2d16a429095fa524/elements - {"using":"xpath","value":"//button[@data-kt=\"addButton\"]"}
RESULT: {"using":"xpath","value":"//button[@data-kt=\"addButton\"]"}
COMMAND: POST /session/b0b40222b291578c2d16a429095fa524/elements - {"using":"xpath","value":"//button[@data-kt=\"addButton\"]"}
RESULT: {"using":"xpath","value":"//button[@data-kt=\"addButton\"]"}
COMMAND: POST /session/b0b40222b291578c2d16a429095fa524/elements - {"using":"xpath","value":"//button[@data-kt=\"addButton\"]"}
RESULT: {"using":"xpath","value":"//button[@data-kt=\"addButton\"]"}
COMMAND: POST /session/b0b40222b291578c2d16a429095fa524/elements - {"using":"xpath","value":"//button[@data-kt=\"addButton\"]"}
RESULT: {"using":"xpath","value":"//button[@data-kt=\"addButton\"]"}
COMMAND: POST /session/b0b40222b291578c2d16a429095fa524/elements - {"using":"xpath","value":"//button[@data-kt=\"addButton\"]"}
RESULT: {"using":"xpath","value":"//button[@data-kt=\"addButton\"]"}
COMMAND: POST /session/b0b40222b291578c2d16a429095fa524/elements - {"using":"xpath","value":"//button[@data-kt=\"addButton\"]"}
RESULT: {"using":"xpath","value":"//button[@data-kt=\"addButton\"]"}
COMMAND: POST /session/b0b40222b291578c2d16a429095fa524/elements - {"using":"xpath","value":"//button[@data-kt=\"addButton\"]"}
RESULT: {"using":"xpath","value":"//button[@data-kt=\"addButton\"]"}
COMMAND: POST /session/b0b40222b291578c2d16a429095fa524/elements - {"using":"xpath","value":"//button[@data-kt=\"addButton\"]"}
RESULT: {"using":"xpath","value":"//button[@data-kt=\"addButton\"]"}
COMMAND: POST /session/b0b40222b291578c2d16a429095fa524/elements - {"using":"xpath","value":"//button[@data-kt=\"addButton\"]"}
RESULT: {"using":"xpath","value":"//button[@data-kt=\"addButton\"]"}
COMMAND: POST /session/b0b40222b291578c2d16a429095fa524/elements - {"using":"xpath","value":"//button[@data-kt=\"addButton\"]"}
RESULT: {"using":"xpath","value":"//button[@data-kt=\"addButton\"]"}
COMMAND: POST /session/b0b40222b291578c2d16a429095fa524/elements - {"using":"xpath","value":"//button[@data-kt=\"addButton\"]"}
RESULT: {"using":"xpath","value":"//button[@data-kt=\"addButton\"]"}
COMMAND: POST /session/b0b40222b291578c2d16a429095fa524/elements - {"using":"xpath","value":"//button[@data-kt=\"addButton\"]"}
RESULT: {"using":"xpath","value":"//button[@data-kt=\"addButton\"]"}
COMMAND: POST /session/b0b40222b291578c2d16a429095fa524/elements - {"using":"xpath","value":"//button[@data-kt=\"addButton\"]"}
RESULT: {"using":"xpath","value":"//button[@data-kt=\"addButton\"]"}
COMMAND: POST /session/b0b40222b291578c2d16a429095fa524/elements - {"using":"xpath","value":"//button[@data-kt=\"addButton\"]"}
RESULT: {"using":"xpath","value":"//button[@data-kt=\"addButton\"]"}
COMMAND: POST /session/b0b40222b291578c2d16a429095fa524/elements - {"using":"xpath","value":"//button[@data-kt=\"addButton\"]"}
RESULT: {"using":"xpath","value":"//button[@data-kt=\"addButton\"]"}
COMMAND: POST /session/b0b40222b291578c2d16a429095fa524/elements - {"using":"xpath","value":"//button[@data-kt=\"addButton\"]"}
RESULT: {"using":"xpath","value":"//button[@data-kt=\"addButton\"]"}
COMMAND: POST /session/b0b40222b291578c2d16a429095fa524/elements - {"using":"xpath","value":"//button[@data-kt=\"addButton\"]"}
RESULT: {"using":"xpath","value":"//button[@data-kt=\"addButton\"]"}
COMMAND: POST /session/b0b40222b291578c2d16a429095fa524/elements - {"using":"xpath","value":"//button[@data-kt=\"addButton\"]"}
RESULT: {"using":"xpath","value":"//button[@data-kt=\"addButton\"]"}
COMMAND: POST /session/b0b40222b291578c2d16a429095fa524/elements - {"using":"xpath","value":"//button[@data-kt=\"addButton\"]"}
RESULT: {"using":"xpath","value":"//button[@data-kt=\"addButton\"]"}
COMMAND: POST /session/b0b40222b291578c2d16a429095fa524/elements - {"using":"xpath","value":"//button[@data-kt=\"addButton\"]"}
RESULT: {"using":"xpath","value":"//button[@data-kt=\"addButton\"]"}
COMMAND: POST /session/b0b40222b291578c2d16a429095fa524/elements - {"using":"xpath","value":"//button[@data-kt=\"addButton\"]"}
RESULT: {"using":"xpath","value":"//button[@data-kt=\"addButton\"]"}
COMMAND: POST /session/b0b40222b291578c2d16a429095fa524/elements - {"using":"xpath","value":"//button[@data-kt=\"addButton\"]"}
RESULT: {"using":"xpath","value":"//button[@data-kt=\"addButton\"]"}
COMMAND: POST /session/b0b40222b291578c2d16a429095fa524/elements - {"using":"xpath","value":"//button[@data-kt=\"addButton\"]"}
RESULT: {"using":"xpath","value":"//button[@data-kt=\"addButton\"]"}
COMMAND: POST /session/b0b40222b291578c2d16a429095fa524/elements - {"using":"xpath","value":"//button[@data-kt=\"addButton\"]"}
RESULT: {"using":"xpath","value":"//button[@data-kt=\"addButton\"]"}
COMMAND: POST /session/b0b40222b291578c2d16a429095fa524/elements - {"using":"xpath","value":"//button[@data-kt=\"addButton\"]"}
RESULT: {"using":"xpath","value":"//button[@data-kt=\"addButton\"]"}
COMMAND: POST /session/b0b40222b291578c2d16a429095fa524/elements - {"using":"xpath","value":"//button[@data-kt=\"addButton\"]"}
RESULT: {"using":"xpath","value":"//button[@data-kt=\"addButton\"]"}
COMMAND: POST /session/b0b40222b291578c2d16a429095fa524/elements - {"using":"xpath","value":"//button[@data-kt=\"addButton\"]"}
RESULT: {"using":"xpath","value":"//button[@data-kt=\"addButton\"]"}
COMMAND: POST /session/b0b40222b291578c2d16a429095fa524/elements - {"using":"xpath","value":"//button[@data-kt=\"addButton\"]"}
RESULT: {"using":"xpath","value":"//button[@data-kt=\"addButton\"]"}
COMMAND: POST /session/b0b40222b291578c2d16a429095fa524/elements - {"using":"xpath","value":"//button[@data-kt=\"addButton\"]"}
RESULT: {"using":"xpath","value":"//button[@data-kt=\"addButton\"]"}
COMMAND: POST /session/b0b40222b291578c2d16a429095fa524/elements - {"using":"xpath","value":"//button[@data-kt=\"addButton\"]"}
RESULT: {"using":"xpath","value":"//button[@data-kt=\"addButton\"]"}
COMMAND: POST /session/b0b40222b291578c2d16a429095fa524/elements - {"using":"xpath","value":"//button[@data-kt=\"addButton\"]"}
RESULT: {"using":"xpath","value":"//button[@data-kt=\"addButton\"]"}
COMMAND: POST /session/b0b40222b291578c2d16a429095fa524/elements - {"using":"xpath","value":"//button[@data-kt=\"addButton\"]"}
RESULT: {"using":"xpath","value":"//button[@data-kt=\"addButton\"]"}
COMMAND: POST /session/b0b40222b291578c2d16a429095fa524/elements - {"using":"xpath","value":"//button[@data-kt=\"addButton\"]"}
RESULT: {"using":"xpath","value":"//button[@data-kt=\"addButton\"]"}
COMMAND: POST /session/b0b40222b291578c2d16a429095fa524/elements - {"using":"xpath","value":"//button[@data-kt=\"addButton\"]"}
RESULT: {"using":"xpath","value":"//button[@data-kt=\"addButton\"]"}
COMMAND: POST /session/b0b40222b291578c2d16a429095fa524/elements - {"using":"xpath","value":"//button[@data-kt=\"addButton\"]"}
RESULT: {"using":"xpath","value":"//button[@data-kt=\"addButton\"]"}
COMMAND: POST /session/b0b40222b291578c2d16a429095fa524/elements - {"using":"xpath","value":"//button[@data-kt=\"addButton\"]"}
RESULT: {"using":"xpath","value":"//button[@data-kt=\"addButton\"]"}
COMMAND: POST /session/b0b40222b291578c2d16a429095fa524/elements - {"using":"xpath","value":"//button[@data-kt=\"addButton\"]"}
RESULT: {"using":"xpath","value":"//button[@data-kt=\"addButton\"]"}
COMMAND: POST /session/b0b40222b291578c2d16a429095fa524/elements - {"using":"xpath","value":"//button[@data-kt=\"addButton\"]"}
RESULT: {"using":"xpath","value":"//button[@data-kt=\"addButton\"]"}
COMMAND: POST /session/b0b40222b291578c2d16a429095fa524/elements - {"using":"xpath","value":"//button[@data-kt=\"addButton\"]"}
RESULT: {"using":"xpath","value":"//button[@data-kt=\"addButton\"]"}
COMMAND: POST /session/b0b40222b291578c2d16a429095fa524/elements - {"using":"xpath","value":"//button[@data-kt=\"addButton\"]"}
RESULT: {"using":"xpath","value":"//button[@data-kt=\"addButton\"]"}
COMMAND: POST /session/b0b40222b291578c2d16a429095fa524/elements - {"using":"xpath","value":"//button[@data-kt=\"addButton\"]"}
RESULT: {"using":"xpath","value":"//button[@data-kt=\"addButton\"]"}
COMMAND: POST /session/b0b40222b291578c2d16a429095fa524/elements - {"using":"xpath","value":"//button[@data-kt=\"addButton\"]"}
RESULT: {"using":"xpath","value":"//button[@data-kt=\"addButton\"]"}
COMMAND: POST /session/b0b40222b291578c2d16a429095fa524/elements - {"using":"xpath","value":"//button[@data-kt=\"addButton\"]"}
RESULT: {"using":"xpath","value":"//button[@data-kt=\"addButton\"]"}
COMMAND: POST /session/b0b40222b291578c2d16a429095fa524/elements - {"using":"xpath","value":"//button[@data-kt=\"addButton\"]"}
RESULT: {"using":"xpath","value":"//button[@data-kt=\"addButton\"]"}
COMMAND: POST /session/b0b40222b291578c2d16a429095fa524/elements - {"using":"xpath","value":"//button[@data-kt=\"addButton\"]"}
RESULT: {"using":"xpath","value":"//button[@data-kt=\"addButton\"]"}
COMMAND: POST /session/b0b40222b291578c2d16a429095fa524/elements - {"using":"xpath","value":"//button[@data-kt=\"addButton\"]"}
RESULT: {"using":"xpath","value":"//button[@data-kt=\"addButton\"]"}
COMMAND: POST /session/b0b40222b291578c2d16a429095fa524/elements - {"using":"xpath","value":"//button[@data-kt=\"addButton\"]"}
RESULT: {"using":"xpath","value":"//button[@data-kt=\"addButton\"]"}
COMMAND: POST /session/b0b40222b291578c2d16a429095fa524/elements - {"using":"xpath","value":"//button[@data-kt=\"addButton\"]"}
RESULT: {"using":"xpath","value":"//button[@data-kt=\"addButton\"]"}
COMMAND: POST /session/b0b40222b291578c2d16a429095fa524/elements - {"using":"xpath","value":"//button[@data-kt=\"addButton\"]"}
RESULT: {"using":"xpath","value":"//button[@data-kt=\"addButton\"]"}
COMMAND: POST /session/b0b40222b291578c2d16a429095fa524/element - {"using":"xpath","value":"//button[@data-kt=\"addButton\"]"}
RESULT: {"using":"xpath","value":"//button[@data-kt=\"addButton\"]"}
COMMAND: POST /session/b0b40222b291578c2d16a429095fa524/execute/sync - {"script":"<script> [8489 bytes]","args":[{"element-6066-11e4-a52e-4f735466cecf":"f.42CC23FF00CDF3EF1FDC9B5D173637EA.d.EE74ED501CC83FD201C2F6D1F08FE48A.e.298","ELEMENT":"f.42CC23FF00CDF3EF1FDC9B5D173637EA.d.EE74ED501CC83FD201C2F6D1F08FE48A.e.298"}]}
RESULT: {"script":"<script> [8489 bytes]","args":[{"element-6066-11e4-a52e-4f735466cecf":"f.42CC23FF00CDF3EF1FDC9B5D173637EA.d.EE74ED501CC83FD201C2F6D1F08FE48A.e.298","ELEMENT":"f.42CC23FF00CDF3EF1FDC9B5D173637EA.d.EE74ED501CC83FD201C2F6D1F08FE48A.e.298"}]}
COMMAND: GET /session/b0b40222b291578c2d16a429095fa524/element/f.42CC23FF00CDF3EF1FDC9B5D173637EA.d.EE74ED501CC83FD201C2F6D1F08FE48A.e.298/enabled - {}
COMMAND: GET /session/b0b40222b291578c2d16a429095fa524/screenshot - {}
RESULT: {}
COMMAND: POST /session/b0b40222b291578c2d16a429095fa524/execute/sync - {"script":"<script> [8489 bytes]","args":[{"element-6066-11e4-a52e-4f735466cecf":"f.42CC23FF00CDF3EF1FDC9B5D173637EA.d.EE74ED501CC83FD201C2F6D1F08FE48A.e.298","ELEMENT":"f.42CC23FF00CDF3EF1FDC9B5D173637EA.d.EE74ED501CC83FD201C2F6D1F08FE48A.e.298"}]}
COMMAND: GET /session/b0b40222b291578c2d16a429095fa524/screenshot - {}
RESULT: {}
RESULT: {"script":"<script> [8489 bytes]","args":[{"element-6066-11e4-a52e-4f735466cecf":"f.42CC23FF00CDF3EF1FDC9B5D173637EA.d.EE74ED501CC83FD201C2F6D1F08FE48A.e.298","ELEMENT":"f.42CC23FF00CDF3EF1FDC9B5D173637EA.d.EE74ED501CC83FD201C2F6D1F08FE48A.e.298"}]}
COMMAND: POST /session/b0b40222b291578c2d16a429095fa524/execute/sync - {"script":"<script> [5351 bytes]","args":[{"element-6066-11e4-a52e-4f735466cecf":"f.42CC23FF00CDF3EF1FDC9B5D173637EA.d.EE74ED501CC83FD201C2F6D1F08FE48A.e.298","ELEMENT":"f.42CC23FF00CDF3EF1FDC9B5D173637EA.d.EE74ED501CC83FD201C2F6D1F08FE48A.e.298"}]}
COMMAND: GET /session/b0b40222b291578c2d16a429095fa524/screenshot - {}
RESULT: {}
RESULT: {"script":"<script> [5351 bytes]","args":[{"element-6066-11e4-a52e-4f735466cecf":"f.42CC23FF00CDF3EF1FDC9B5D173637EA.d.EE74ED501CC83FD201C2F6D1F08FE48A.e.298","ELEMENT":"f.42CC23FF00CDF3EF1FDC9B5D173637EA.d.EE74ED501CC83FD201C2F6D1F08FE48A.e.298"}]}
COMMAND: GET /session/b0b40222b291578c2d16a429095fa524/screenshot - {}
RESULT: {}
RESULT: {}
COMMAND: POST /session/b0b40222b291578c2d16a429095fa524/execute/async - {"script":"<script> [1562 bytes]","args":[{"selector":{"id":"application-addressmanagement-display-component---masterAdm--smartFilterBar-btnBasicSearch","interaction":{"idSuffix":"I"}},"wdio_ui5_key":"applicationaddressmanagement-display-component---masterAdm--smartFilterBar-btnBasicSearch"}]}
RESULT: {"script":"<script> [1562 bytes]","args":[{"selector":{"id":"application-addressmanagement-display-component---masterAdm--smartFilterBar-btnBasicSearch","interaction":{"idSuffix":"I"}},"wdio_ui5_key":"applicationaddressmanagement-display-component---masterAdm--smartFilterBar-btnBasicSearch"}]}
RESULT: undefined
COMMAND: POST /session/b0b40222b291578c2d16a429095fa524/execute/async - {"script":"<script> [776 bytes]","args":[{"enterText":"GTPnSiLYIH","selector":{"id":"application-addressmanagement-display-component---masterAdm--smartFilterBar-btnBasicSearch","interaction":{"idSuffix":"I"}},"clearTextFirst":true,"interactionType":"ENTER_TEXT"}]}
RESULT: {"script":"<script> [776 bytes]","args":[{"enterText":"GTPnSiLYIH","selector":{"id":"application-addressmanagement-display-component---masterAdm--smartFilterBar-btnBasicSearch","interaction":{"idSuffix":"I"}},"clearTextFirst":true,"interactionType":"ENTER_TEXT"}]}
COMMAND: POST /session/b0b40222b291578c2d16a429095fa524/actions - {"actions":[{"id":"action1","type":"key","parameters":{},"actions":[{"type":"keyDown","value":""},{"type":"pause","duration":10},{"type":"keyUp","value":""}]}]}
RESULT: {"actions":[{"id":"action1","type":"key","parameters":{},"actions":[{"type":"keyDown","value":""},{"type":"pause","duration":10},{"type":"keyUp","value":""}]}]}
COMMAND: GET /session/b0b40222b291578c2d16a429095fa524/screenshot - {}
RESULT: {}
COMMAND: POST /session/b0b40222b291578c2d16a429095fa524/elements - {"using":"xpath","value":"//table[contains(@id, \"customPersonsAddressesTable-listUl\")]/tbody/tr"}
RESULT: {"using":"xpath","value":"//table[contains(@id, \"customPersonsAddressesTable-listUl\")]/tbody/tr"}
COMMAND: POST /session/b0b40222b291578c2d16a429095fa524/element - {"using":"xpath","value":"//table[contains(@id, \"customPersonsAddressesTable-listUl\")]/tbody/tr[1]/td[5]/span/span"}
RESULT: {"using":"xpath","value":"//table[contains(@id, \"customPersonsAddressesTable-listUl\")]/tbody/tr[1]/td[5]/span/span"}
COMMAND: POST /session/b0b40222b291578c2d16a429095fa524/element - {"using":"xpath","value":"//table[contains(@id, \"customPersonsAddressesTable-listUl\")]/tbody/tr[1]/td[3]/span"}
RESULT: {"using":"xpath","value":"//table[contains(@id, \"customPersonsAddressesTable-listUl\")]/tbody/tr[1]/td[3]/span"}
COMMAND: POST /session/b0b40222b291578c2d16a429095fa524/elements - {"using":"xpath","value":"//table[contains(@id, \"customPersonsAddressesTable-listUl\")]/tbody/tr[1]/td[5]/span/span"}
RESULT: {"using":"xpath","value":"//table[contains(@id, \"customPersonsAddressesTable-listUl\")]/tbody/tr[1]/td[5]/span/span"}
COMMAND: POST /session/b0b40222b291578c2d16a429095fa524/element - {"using":"xpath","value":"//span[@id=\"application-addressmanagement-display-component---masterAdm--smartTable-header-inner\"]"}
RESULT: {"using":"xpath","value":"//span[@id=\"application-addressmanagement-display-component---masterAdm--smartTable-header-inner\"]"}
COMMAND: POST /session/b0b40222b291578c2d16a429095fa524/elements - {"using":"xpath","value":"//span[@id=\"application-addressmanagement-display-component---masterAdm--smartTable-header-inner\"]"}
RESULT: {"using":"xpath","value":"//span[@id=\"application-addressmanagement-display-component---masterAdm--smartTable-header-inner\"]"}
COMMAND: POST /session/b0b40222b291578c2d16a429095fa524/execute/sync - {"script":"<script> [56 bytes]","args":[{"element-6066-11e4-a52e-4f735466cecf":"f.42CC23FF00CDF3EF1FDC9B5D173637EA.d.EE74ED501CC83FD201C2F6D1F08FE48A.e.440","ELEMENT":"f.42CC23FF00CDF3EF1FDC9B5D173637EA.d.EE74ED501CC83FD201C2F6D1F08FE48A.e.440"}]}
RESULT: {"script":"<script> [56 bytes]","args":[{"element-6066-11e4-a52e-4f735466cecf":"f.42CC23FF00CDF3EF1FDC9B5D173637EA.d.EE74ED501CC83FD201C2F6D1F08FE48A.e.440","ELEMENT":"f.42CC23FF00CDF3EF1FDC9B5D173637EA.d.EE74ED501CC83FD201C2F6D1F08FE48A.e.440"}]}
COMMAND: POST /session/b0b40222b291578c2d16a429095fa524/element - {"using":"xpath","value":"//button[@data-kt=\"addButton\"]"}
COMMAND: GET /session/b0b40222b291578c2d16a429095fa524/screenshot - {}
RESULT: {"using":"xpath","value":"//button[@data-kt=\"addButton\"]"}
COMMAND: POST /session/b0b40222b291578c2d16a429095fa524/element/f.42CC23FF00CDF3EF1FDC9B5D173637EA.d.EE74ED501CC83FD201C2F6D1F08FE48A.e.298/click - {}
RESULT: {}
RESULT: {}
COMMAND: GET /session/b0b40222b291578c2d16a429095fa524/screenshot - {}
RESULT: {}
COMMAND: POST /session/b0b40222b291578c2d16a429095fa524/execute/async - {"script":"<script> [1562 bytes]","args":[{"selector":{"controlType":"sap.ui.core.Icon","viewName":"etm.portal.ui.addressmanagement.view.NewAddress","properties":{"src":{"regex":{"source":"slim\\-arrow\\-down"}}},"ancestor":{"id":"addressTitle","viewName":"etm.portal.ui.addressmanagement.view.NewAddress"}},"wdio_ui5_key":"etmportal.ui.addressmanagement.view.NewAddresssap.ui.core.Icon{\"src\":{\"regex\":{\"source\":\"slim\\\\-arrow\\\\-down\"}}}{\"id\":\"addressTitle\",\"viewName\":\"etm.portal.ui.addressmanagement.view.NewAddress\"}"}]}
RESULT: {"script":"<script> [1562 bytes]","args":[{"selector":{"controlType":"sap.ui.core.Icon","viewName":"etm.portal.ui.addressmanagement.view.NewAddress","properties":{"src":{"regex":{"source":"slim\\-arrow\\-down"}}},"ancestor":{"id":"addressTitle","viewName":"etm.portal.ui.addressmanagement.view.NewAddress"}},"wdio_ui5_key":"etmportal.ui.addressmanagement.view.NewAddresssap.ui.core.Icon{\"src\":{\"regex\":{\"source\":\"slim\\\\-arrow\\\\-down\"}}}{\"id\":\"addressTitle\",\"viewName\":\"etm.portal.ui.addressmanagement.view.NewAddress\"}"}]}
RESULT: undefined
COMMAND: POST /session/b0b40222b291578c2d16a429095fa524/element - {"using":"xpath","value":"//*[@id=\"__xmlview58--addressTitle-arrow\"]"}
RESULT: {"using":"xpath","value":"//*[@id=\"__xmlview58--addressTitle-arrow\"]"}
COMMAND: POST /session/b0b40222b291578c2d16a429095fa524/element/f.42CC23FF00CDF3EF1FDC9B5D173637EA.d.EE74ED501CC83FD201C2F6D1F08FE48A.e.471/click - {}
RESULT: {}
COMMAND: GET /session/b0b40222b291578c2d16a429095fa524/screenshot - {}
RESULT: {}
COMMAND: POST /session/b0b40222b291578c2d16a429095fa524/element - {"using":"xpath","value":"//li[.//span[text()=\"Dr.\"]]"}
RESULT: {"using":"xpath","value":"//li[.//span[text()=\"Dr.\"]]"}
COMMAND: POST /session/b0b40222b291578c2d16a429095fa524/element/f.42CC23FF00CDF3EF1FDC9B5D173637EA.d.EE74ED501CC83FD201C2F6D1F08FE48A.e.586/click - {}
RESULT: {}
COMMAND: POST /session/b0b40222b291578c2d16a429095fa524/execute/async - {"script":"<script> [1562 bytes]","args":[{"selector":{"controlType":"sap.ui.core.Icon","viewName":"etm.portal.ui.addressmanagement.view.NewAddress","properties":{"src":{"regex":{"source":"slim\\-arrow\\-down"}}},"ancestor":{"id":"addressDetailDetailsLanguage","viewName":"etm.portal.ui.addressmanagement.view.NewAddress"}},"wdio_ui5_key":"etmportal.ui.addressmanagement.view.NewAddresssap.ui.core.Icon{\"src\":{\"regex\":{\"source\":\"slim\\\\-arrow\\\\-down\"}}}{\"id\":\"addressDetailDetailsLanguage\",\"viewName\":\"etm.portal.ui.addressmanagement.view.NewAddress\"}"}]}
COMMAND: GET /session/b0b40222b291578c2d16a429095fa524/screenshot - {}
RESULT: {"script":"<script> [1562 bytes]","args":[{"selector":{"controlType":"sap.ui.core.Icon","viewName":"etm.portal.ui.addressmanagement.view.NewAddress","properties":{"src":{"regex":{"source":"slim\\-arrow\\-down"}}},"ancestor":{"id":"addressDetailDetailsLanguage","viewName":"etm.portal.ui.addressmanagement.view.NewAddress"}},"wdio_ui5_key":"etmportal.ui.addressmanagement.view.NewAddresssap.ui.core.Icon{\"src\":{\"regex\":{\"source\":\"slim\\\\-arrow\\\\-down\"}}}{\"id\":\"addressDetailDetailsLanguage\",\"viewName\":\"etm.portal.ui.addressmanagement.view.NewAddress\"}"}]}
RESULT: undefined
COMMAND: POST /session/b0b40222b291578c2d16a429095fa524/element - {"using":"xpath","value":"//*[@id=\"__xmlview58--addressDetailDetailsLanguage-arrow\"]"}
RESULT: {}
RESULT: {"using":"xpath","value":"//*[@id=\"__xmlview58--addressDetailDetailsLanguage-arrow\"]"}
COMMAND: POST /session/b0b40222b291578c2d16a429095fa524/element/f.42CC23FF00CDF3EF1FDC9B5D173637EA.d.EE74ED501CC83FD201C2F6D1F08FE48A.e.484/click - {}
RESULT: {}
COMMAND: GET /session/b0b40222b291578c2d16a429095fa524/screenshot - {}
RESULT: {}
COMMAND: POST /session/b0b40222b291578c2d16a429095fa524/element - {"using":"xpath","value":"//span[contains(text(), \"English\")]"}
RESULT: {"using":"xpath","value":"//span[contains(text(), \"English\")]"}
COMMAND: POST /session/b0b40222b291578c2d16a429095fa524/element/f.42CC23FF00CDF3EF1FDC9B5D173637EA.d.EE74ED501CC83FD201C2F6D1F08FE48A.e.587/click - {}
RESULT: {}
COMMAND: POST /session/b0b40222b291578c2d16a429095fa524/execute/async - {"script":"<script> [1562 bytes]","args":[{"selector":{"controlType":"sap.m.Input","viewName":"etm.portal.ui.addressmanagement.view.NewAddress","labelFor":{"text":"Name"},"interaction":{"idSuffix":"inner"}},"wdio_ui5_key":"etmportal.ui.addressmanagement.view.NewAddresssap.m.Input{\"text\":\"Name\"}"}]}
COMMAND: GET /session/b0b40222b291578c2d16a429095fa524/screenshot - {}
RESULT: {"script":"<script> [1562 bytes]","args":[{"selector":{"controlType":"sap.m.Input","viewName":"etm.portal.ui.addressmanagement.view.NewAddress","labelFor":{"text":"Name"},"interaction":{"idSuffix":"inner"}},"wdio_ui5_key":"etmportal.ui.addressmanagement.view.NewAddresssap.m.Input{\"text\":\"Name\"}"}]}
RESULT: undefined
COMMAND: POST /session/b0b40222b291578c2d16a429095fa524/execute/async - {"script":"<script> [776 bytes]","args":[{"enterText":"GTPnSiLYIH","selector":{"controlType":"sap.m.Input","viewName":"etm.portal.ui.addressmanagement.view.NewAddress","labelFor":{"text":"Name"},"interaction":{"idSuffix":"inner"}},"clearTextFirst":true,"interactionType":"ENTER_TEXT"}]}
RESULT: {}
RESULT: {"script":"<script> [776 bytes]","args":[{"enterText":"GTPnSiLYIH","selector":{"controlType":"sap.m.Input","viewName":"etm.portal.ui.addressmanagement.view.NewAddress","labelFor":{"text":"Name"},"interaction":{"idSuffix":"inner"}},"clearTextFirst":true,"interactionType":"ENTER_TEXT"}]}
COMMAND: POST /session/b0b40222b291578c2d16a429095fa524/element - {"using":"xpath","value":"//button[@title=\"Save\"]"}
RESULT: {"using":"xpath","value":"//button[@title=\"Save\"]"}
COMMAND: POST /session/b0b40222b291578c2d16a429095fa524/element/f.42CC23FF00CDF3EF1FDC9B5D173637EA.d.EE74ED501CC83FD201C2F6D1F08FE48A.e.569/click - {}
RESULT: {}
COMMAND: GET /session/b0b40222b291578c2d16a429095fa524/screenshot - {}
RESULT: {}
COMMAND: POST /session/b0b40222b291578c2d16a429095fa524/element - {"using":"xpath","value":"//header[contains(@id, \"application-addressmanagement-display-component---detailAdm--ObjectPageLayout-headerTitle\")]/div[1]/div[3]/div[2]/span"}
RESULT: {"using":"xpath","value":"//header[contains(@id, \"application-addressmanagement-display-component---detailAdm--ObjectPageLayout-headerTitle\")]/div[1]/div[3]/div[2]/span"}
COMMAND: POST /session/b0b40222b291578c2d16a429095fa524/elements - {"using":"xpath","value":"//header[contains(@id, \"application-addressmanagement-display-component---detailAdm--ObjectPageLayout-headerTitle\")]/div[1]/div[3]/div[2]/span"}
RESULT: {"using":"xpath","value":"//header[contains(@id, \"application-addressmanagement-display-component---detailAdm--ObjectPageLayout-headerTitle\")]/div[1]/div[3]/div[2]/span"}
COMMAND: POST /session/b0b40222b291578c2d16a429095fa524/execute/sync - {"script":"<script> [56 bytes]","args":[{"element-6066-11e4-a52e-4f735466cecf":"f.42CC23FF00CDF3EF1FDC9B5D173637EA.d.EE74ED501CC83FD201C2F6D1F08FE48A.e.613","ELEMENT":"f.42CC23FF00CDF3EF1FDC9B5D173637EA.d.EE74ED501CC83FD201C2F6D1F08FE48A.e.613"}]}
RESULT: {"script":"<script> [56 bytes]","args":[{"element-6066-11e4-a52e-4f735466cecf":"f.42CC23FF00CDF3EF1FDC9B5D173637EA.d.EE74ED501CC83FD201C2F6D1F08FE48A.e.613","ELEMENT":"f.42CC23FF00CDF3EF1FDC9B5D173637EA.d.EE74ED501CC83FD201C2F6D1F08FE48A.e.613"}]}
COMMAND: GET /session/b0b40222b291578c2d16a429095fa524/screenshot - {}
RESULT: {}
COMMAND: POST /session/b0b40222b291578c2d16a429095fa524/element - {"using":"css selector","value":"#shell-header-logo"}
RESULT: {"using":"css selector","value":"#shell-header-logo"}
COMMAND: POST /session/b0b40222b291578c2d16a429095fa524/element/f.42CC23FF00CDF3EF1FDC9B5D173637EA.d.EE74ED501CC83FD201C2F6D1F08FE48A.e.262/click - {}
RESULT: {}
COMMAND: GET /session/b0b40222b291578c2d16a429095fa524/screenshot - {}
RESULT: {}
]]></system-out>
    </testcase>
    <testcase classname="chrome.135_0_7049_42.windows.Address_Management_Tests_US151165_US151160" name="Step 2 Should deactivate the created address in earlier step US151165" time="41.492">
      <system-out><![CDATA[
RESULT: undefined
COMMAND: POST /session/b0b40222b291578c2d16a429095fa524/element - {"using":"xpath","value":"//*[@id=\"__tile33\"]"}
RESULT: {"using":"xpath","value":"//*[@id=\"__tile33\"]"}
COMMAND: POST /session/b0b40222b291578c2d16a429095fa524/element/f.42CC23FF00CDF3EF1FDC9B5D173637EA.d.EE74ED501CC83FD201C2F6D1F08FE48A.e.210/click - {}
RESULT: {}
COMMAND: POST /session/b0b40222b291578c2d16a429095fa524/element - {"using":"xpath","value":"//button[@data-kt=\"addButton\"]"}
COMMAND: GET /session/b0b40222b291578c2d16a429095fa524/screenshot - {}
RESULT: {"using":"xpath","value":"//button[@data-kt=\"addButton\"]"}
COMMAND: POST /session/b0b40222b291578c2d16a429095fa524/elements - {"using":"xpath","value":"//button[@data-kt=\"addButton\"]"}
RESULT: {}
RESULT: {"using":"xpath","value":"//button[@data-kt=\"addButton\"]"}
COMMAND: POST /session/b0b40222b291578c2d16a429095fa524/execute/sync - {"script":"<script> [8489 bytes]","args":[{"element-6066-11e4-a52e-4f735466cecf":"f.42CC23FF00CDF3EF1FDC9B5D173637EA.d.EE74ED501CC83FD201C2F6D1F08FE48A.e.649","ELEMENT":"f.42CC23FF00CDF3EF1FDC9B5D173637EA.d.EE74ED501CC83FD201C2F6D1F08FE48A.e.649"}]}
RESULT: {"script":"<script> [8489 bytes]","args":[{"element-6066-11e4-a52e-4f735466cecf":"f.42CC23FF00CDF3EF1FDC9B5D173637EA.d.EE74ED501CC83FD201C2F6D1F08FE48A.e.649","ELEMENT":"f.42CC23FF00CDF3EF1FDC9B5D173637EA.d.EE74ED501CC83FD201C2F6D1F08FE48A.e.649"}]}
COMMAND: GET /session/b0b40222b291578c2d16a429095fa524/element/f.42CC23FF00CDF3EF1FDC9B5D173637EA.d.EE74ED501CC83FD201C2F6D1F08FE48A.e.649/enabled - {}
COMMAND: GET /session/b0b40222b291578c2d16a429095fa524/screenshot - {}
RESULT: {}
COMMAND: POST /session/b0b40222b291578c2d16a429095fa524/execute/sync - {"script":"<script> [8489 bytes]","args":[{"element-6066-11e4-a52e-4f735466cecf":"f.42CC23FF00CDF3EF1FDC9B5D173637EA.d.EE74ED501CC83FD201C2F6D1F08FE48A.e.649","ELEMENT":"f.42CC23FF00CDF3EF1FDC9B5D173637EA.d.EE74ED501CC83FD201C2F6D1F08FE48A.e.649"}]}
COMMAND: GET /session/b0b40222b291578c2d16a429095fa524/screenshot - {}
RESULT: {}
RESULT: {"script":"<script> [8489 bytes]","args":[{"element-6066-11e4-a52e-4f735466cecf":"f.42CC23FF00CDF3EF1FDC9B5D173637EA.d.EE74ED501CC83FD201C2F6D1F08FE48A.e.649","ELEMENT":"f.42CC23FF00CDF3EF1FDC9B5D173637EA.d.EE74ED501CC83FD201C2F6D1F08FE48A.e.649"}]}
COMMAND: POST /session/b0b40222b291578c2d16a429095fa524/execute/sync - {"script":"<script> [5351 bytes]","args":[{"element-6066-11e4-a52e-4f735466cecf":"f.42CC23FF00CDF3EF1FDC9B5D173637EA.d.EE74ED501CC83FD201C2F6D1F08FE48A.e.649","ELEMENT":"f.42CC23FF00CDF3EF1FDC9B5D173637EA.d.EE74ED501CC83FD201C2F6D1F08FE48A.e.649"}]}
COMMAND: GET /session/b0b40222b291578c2d16a429095fa524/screenshot - {}
RESULT: {}
RESULT: {"script":"<script> [5351 bytes]","args":[{"element-6066-11e4-a52e-4f735466cecf":"f.42CC23FF00CDF3EF1FDC9B5D173637EA.d.EE74ED501CC83FD201C2F6D1F08FE48A.e.649","ELEMENT":"f.42CC23FF00CDF3EF1FDC9B5D173637EA.d.EE74ED501CC83FD201C2F6D1F08FE48A.e.649"}]}
COMMAND: GET /session/b0b40222b291578c2d16a429095fa524/screenshot - {}
RESULT: {}
RESULT: {}
RESULT: undefined
COMMAND: POST /session/b0b40222b291578c2d16a429095fa524/execute/async - {"script":"<script> [776 bytes]","args":[{"enterText":"GTPnSiLYIH","selector":{"id":"application-addressmanagement-display-component---masterAdm--smartFilterBar-btnBasicSearch","interaction":{"idSuffix":"I"}},"clearTextFirst":true,"interactionType":"ENTER_TEXT"}]}
RESULT: {"script":"<script> [776 bytes]","args":[{"enterText":"GTPnSiLYIH","selector":{"id":"application-addressmanagement-display-component---masterAdm--smartFilterBar-btnBasicSearch","interaction":{"idSuffix":"I"}},"clearTextFirst":true,"interactionType":"ENTER_TEXT"}]}
COMMAND: POST /session/b0b40222b291578c2d16a429095fa524/actions - {"actions":[{"id":"action2","type":"key","parameters":{},"actions":[{"type":"keyDown","value":""},{"type":"pause","duration":10},{"type":"keyUp","value":""}]}]}
RESULT: {"actions":[{"id":"action2","type":"key","parameters":{},"actions":[{"type":"keyDown","value":""},{"type":"pause","duration":10},{"type":"keyUp","value":""}]}]}
COMMAND: GET /session/b0b40222b291578c2d16a429095fa524/screenshot - {}
RESULT: {}
COMMAND: POST /session/b0b40222b291578c2d16a429095fa524/elements - {"using":"xpath","value":"//table[contains(@id, \"customPersonsAddressesTable-listUl\")]/tbody/tr"}
RESULT: {"using":"xpath","value":"//table[contains(@id, \"customPersonsAddressesTable-listUl\")]/tbody/tr"}
COMMAND: POST /session/b0b40222b291578c2d16a429095fa524/element - {"using":"xpath","value":"//table[contains(@id, \"customPersonsAddressesTable-listUl\")]/tbody/tr[1]/td[5]/span/span"}
RESULT: {"using":"xpath","value":"//table[contains(@id, \"customPersonsAddressesTable-listUl\")]/tbody/tr[1]/td[5]/span/span"}
COMMAND: POST /session/b0b40222b291578c2d16a429095fa524/element - {"using":"xpath","value":"//table[contains(@id, \"customPersonsAddressesTable-listUl\")]/tbody/tr[1]/td[3]/span"}
RESULT: {"using":"xpath","value":"//table[contains(@id, \"customPersonsAddressesTable-listUl\")]/tbody/tr[1]/td[3]/span"}
COMMAND: POST /session/b0b40222b291578c2d16a429095fa524/elements - {"using":"xpath","value":"//table[contains(@id, \"customPersonsAddressesTable-listUl\")]/tbody/tr[1]/td[5]/span/span"}
RESULT: {"using":"xpath","value":"//table[contains(@id, \"customPersonsAddressesTable-listUl\")]/tbody/tr[1]/td[5]/span/span"}
COMMAND: POST /session/b0b40222b291578c2d16a429095fa524/execute/sync - {"script":"<script> [56 bytes]","args":[{"element-6066-11e4-a52e-4f735466cecf":"f.42CC23FF00CDF3EF1FDC9B5D173637EA.d.EE74ED501CC83FD201C2F6D1F08FE48A.e.802","ELEMENT":"f.42CC23FF00CDF3EF1FDC9B5D173637EA.d.EE74ED501CC83FD201C2F6D1F08FE48A.e.802"}]}
RESULT: {"script":"<script> [56 bytes]","args":[{"element-6066-11e4-a52e-4f735466cecf":"f.42CC23FF00CDF3EF1FDC9B5D173637EA.d.EE74ED501CC83FD201C2F6D1F08FE48A.e.802","ELEMENT":"f.42CC23FF00CDF3EF1FDC9B5D173637EA.d.EE74ED501CC83FD201C2F6D1F08FE48A.e.802"}]}
COMMAND: POST /session/b0b40222b291578c2d16a429095fa524/execute/sync - {"script":"<script> [56 bytes]","args":[{"element-6066-11e4-a52e-4f735466cecf":"f.42CC23FF00CDF3EF1FDC9B5D173637EA.d.EE74ED501CC83FD201C2F6D1F08FE48A.e.803","ELEMENT":"f.42CC23FF00CDF3EF1FDC9B5D173637EA.d.EE74ED501CC83FD201C2F6D1F08FE48A.e.803"}]}
COMMAND: GET /session/b0b40222b291578c2d16a429095fa524/screenshot - {}
RESULT: {"script":"<script> [56 bytes]","args":[{"element-6066-11e4-a52e-4f735466cecf":"f.42CC23FF00CDF3EF1FDC9B5D173637EA.d.EE74ED501CC83FD201C2F6D1F08FE48A.e.803","ELEMENT":"f.42CC23FF00CDF3EF1FDC9B5D173637EA.d.EE74ED501CC83FD201C2F6D1F08FE48A.e.803"}]}
COMMAND: POST /session/b0b40222b291578c2d16a429095fa524/element - {"using":"xpath","value":"//table[contains(@id, \"customPersonsAddressesTable-listUl\")]/tbody/tr[1]/td[10]/div/span"}
COMMAND: GET /session/b0b40222b291578c2d16a429095fa524/screenshot - {}
RESULT: {}
RESULT: {"using":"xpath","value":"//table[contains(@id, \"customPersonsAddressesTable-listUl\")]/tbody/tr[1]/td[10]/div/span"}
COMMAND: POST /session/b0b40222b291578c2d16a429095fa524/execute/sync - {"script":"<script> [56 bytes]","args":[{"element-6066-11e4-a52e-4f735466cecf":"f.42CC23FF00CDF3EF1FDC9B5D173637EA.d.EE74ED501CC83FD201C2F6D1F08FE48A.e.804","ELEMENT":"f.42CC23FF00CDF3EF1FDC9B5D173637EA.d.EE74ED501CC83FD201C2F6D1F08FE48A.e.804"}]}
RESULT: {}
RESULT: {"script":"<script> [56 bytes]","args":[{"element-6066-11e4-a52e-4f735466cecf":"f.42CC23FF00CDF3EF1FDC9B5D173637EA.d.EE74ED501CC83FD201C2F6D1F08FE48A.e.804","ELEMENT":"f.42CC23FF00CDF3EF1FDC9B5D173637EA.d.EE74ED501CC83FD201C2F6D1F08FE48A.e.804"}]}
COMMAND: POST /session/b0b40222b291578c2d16a429095fa524/element - {"using":"xpath","value":"//table[contains(@id, \"customPersonsAddressesTable-listUl\")]/tbody/tr[1]/td[2]/div/div"}
COMMAND: GET /session/b0b40222b291578c2d16a429095fa524/screenshot - {}
RESULT: {"using":"xpath","value":"//table[contains(@id, \"customPersonsAddressesTable-listUl\")]/tbody/tr[1]/td[2]/div/div"}
COMMAND: POST /session/b0b40222b291578c2d16a429095fa524/element/f.42CC23FF00CDF3EF1FDC9B5D173637EA.d.EE74ED501CC83FD201C2F6D1F08FE48A.e.805/click - {}
RESULT: {}
RESULT: {}
COMMAND: GET /session/b0b40222b291578c2d16a429095fa524/screenshot - {}
RESULT: {}
COMMAND: POST /session/b0b40222b291578c2d16a429095fa524/element - {"using":"xpath","value":"//bdi[contains(text(), \"Deactivate\")]"}
RESULT: {"using":"xpath","value":"//bdi[contains(text(), \"Deactivate\")]"}
COMMAND: POST /session/b0b40222b291578c2d16a429095fa524/element/f.42CC23FF00CDF3EF1FDC9B5D173637EA.d.EE74ED501CC83FD201C2F6D1F08FE48A.e.806/click - {}
RESULT: {}
COMMAND: GET /session/b0b40222b291578c2d16a429095fa524/screenshot - {}
RESULT: {}
COMMAND: POST /session/b0b40222b291578c2d16a429095fa524/element - {"using":"xpath","value":"//bdi[contains(text(), \"Yes\")]"}
RESULT: {"using":"xpath","value":"//bdi[contains(text(), \"Yes\")]"}
COMMAND: POST /session/b0b40222b291578c2d16a429095fa524/element/f.42CC23FF00CDF3EF1FDC9B5D173637EA.d.EE74ED501CC83FD201C2F6D1F08FE48A.e.810/click - {}
RESULT: {}
COMMAND: GET /session/b0b40222b291578c2d16a429095fa524/screenshot - {}
RESULT: {}
COMMAND: POST /session/b0b40222b291578c2d16a429095fa524/element - {"using":"xpath","value":"//table[contains(@id, \"customPersonsAddressesTable-listUl\")]/tbody/tr[1]/td[10]/div/span"}
RESULT: {"using":"xpath","value":"//table[contains(@id, \"customPersonsAddressesTable-listUl\")]/tbody/tr[1]/td[10]/div/span"}
COMMAND: POST /session/b0b40222b291578c2d16a429095fa524/execute/sync - {"script":"<script> [56 bytes]","args":[{"element-6066-11e4-a52e-4f735466cecf":"f.42CC23FF00CDF3EF1FDC9B5D173637EA.d.EE74ED501CC83FD201C2F6D1F08FE48A.e.804","ELEMENT":"f.42CC23FF00CDF3EF1FDC9B5D173637EA.d.EE74ED501CC83FD201C2F6D1F08FE48A.e.804"}]}
RESULT: {"script":"<script> [56 bytes]","args":[{"element-6066-11e4-a52e-4f735466cecf":"f.42CC23FF00CDF3EF1FDC9B5D173637EA.d.EE74ED501CC83FD201C2F6D1F08FE48A.e.804","ELEMENT":"f.42CC23FF00CDF3EF1FDC9B5D173637EA.d.EE74ED501CC83FD201C2F6D1F08FE48A.e.804"}]}
COMMAND: GET /session/b0b40222b291578c2d16a429095fa524/screenshot - {}
RESULT: {}
COMMAND: POST /session/b0b40222b291578c2d16a429095fa524/element - {"using":"css selector","value":"#shell-header-logo"}
RESULT: {"using":"css selector","value":"#shell-header-logo"}
COMMAND: POST /session/b0b40222b291578c2d16a429095fa524/element/f.42CC23FF00CDF3EF1FDC9B5D173637EA.d.EE74ED501CC83FD201C2F6D1F08FE48A.e.619/click - {}
RESULT: {}
COMMAND: GET /session/b0b40222b291578c2d16a429095fa524/screenshot - {}
RESULT: {}
]]></system-out>
    </testcase>
    <testcase classname="chrome.135_0_7049_42.windows.Address_Management_Tests_US151165_US151160" name="Step 3 Should activate the created address back again US151160" time="50.599">
      <system-out><![CDATA[
RESULT: undefined
COMMAND: POST /session/b0b40222b291578c2d16a429095fa524/element - {"using":"xpath","value":"//*[@id=\"__tile33\"]"}
RESULT: {"using":"xpath","value":"//*[@id=\"__tile33\"]"}
COMMAND: POST /session/b0b40222b291578c2d16a429095fa524/element/f.42CC23FF00CDF3EF1FDC9B5D173637EA.d.EE74ED501CC83FD201C2F6D1F08FE48A.e.210/click - {}
RESULT: {}
COMMAND: POST /session/b0b40222b291578c2d16a429095fa524/element - {"using":"xpath","value":"//button[@data-kt=\"addButton\"]"}
COMMAND: GET /session/b0b40222b291578c2d16a429095fa524/screenshot - {}
RESULT: {"using":"xpath","value":"//button[@data-kt=\"addButton\"]"}
COMMAND: POST /session/b0b40222b291578c2d16a429095fa524/elements - {"using":"xpath","value":"//button[@data-kt=\"addButton\"]"}
RESULT: {}
RESULT: {"using":"xpath","value":"//button[@data-kt=\"addButton\"]"}
COMMAND: POST /session/b0b40222b291578c2d16a429095fa524/execute/sync - {"script":"<script> [8489 bytes]","args":[{"element-6066-11e4-a52e-4f735466cecf":"f.42CC23FF00CDF3EF1FDC9B5D173637EA.d.EE74ED501CC83FD201C2F6D1F08FE48A.e.846","ELEMENT":"f.42CC23FF00CDF3EF1FDC9B5D173637EA.d.EE74ED501CC83FD201C2F6D1F08FE48A.e.846"}]}
RESULT: {"script":"<script> [8489 bytes]","args":[{"element-6066-11e4-a52e-4f735466cecf":"f.42CC23FF00CDF3EF1FDC9B5D173637EA.d.EE74ED501CC83FD201C2F6D1F08FE48A.e.846","ELEMENT":"f.42CC23FF00CDF3EF1FDC9B5D173637EA.d.EE74ED501CC83FD201C2F6D1F08FE48A.e.846"}]}
COMMAND: GET /session/b0b40222b291578c2d16a429095fa524/element/f.42CC23FF00CDF3EF1FDC9B5D173637EA.d.EE74ED501CC83FD201C2F6D1F08FE48A.e.846/enabled - {}
COMMAND: GET /session/b0b40222b291578c2d16a429095fa524/screenshot - {}
RESULT: {}
COMMAND: POST /session/b0b40222b291578c2d16a429095fa524/execute/sync - {"script":"<script> [8489 bytes]","args":[{"element-6066-11e4-a52e-4f735466cecf":"f.42CC23FF00CDF3EF1FDC9B5D173637EA.d.EE74ED501CC83FD201C2F6D1F08FE48A.e.846","ELEMENT":"f.42CC23FF00CDF3EF1FDC9B5D173637EA.d.EE74ED501CC83FD201C2F6D1F08FE48A.e.846"}]}
COMMAND: GET /session/b0b40222b291578c2d16a429095fa524/screenshot - {}
RESULT: {}
RESULT: {"script":"<script> [8489 bytes]","args":[{"element-6066-11e4-a52e-4f735466cecf":"f.42CC23FF00CDF3EF1FDC9B5D173637EA.d.EE74ED501CC83FD201C2F6D1F08FE48A.e.846","ELEMENT":"f.42CC23FF00CDF3EF1FDC9B5D173637EA.d.EE74ED501CC83FD201C2F6D1F08FE48A.e.846"}]}
COMMAND: POST /session/b0b40222b291578c2d16a429095fa524/execute/sync - {"script":"<script> [5351 bytes]","args":[{"element-6066-11e4-a52e-4f735466cecf":"f.42CC23FF00CDF3EF1FDC9B5D173637EA.d.EE74ED501CC83FD201C2F6D1F08FE48A.e.846","ELEMENT":"f.42CC23FF00CDF3EF1FDC9B5D173637EA.d.EE74ED501CC83FD201C2F6D1F08FE48A.e.846"}]}
COMMAND: GET /session/b0b40222b291578c2d16a429095fa524/screenshot - {}
RESULT: {}
RESULT: {"script":"<script> [5351 bytes]","args":[{"element-6066-11e4-a52e-4f735466cecf":"f.42CC23FF00CDF3EF1FDC9B5D173637EA.d.EE74ED501CC83FD201C2F6D1F08FE48A.e.846","ELEMENT":"f.42CC23FF00CDF3EF1FDC9B5D173637EA.d.EE74ED501CC83FD201C2F6D1F08FE48A.e.846"}]}
COMMAND: GET /session/b0b40222b291578c2d16a429095fa524/screenshot - {}
RESULT: {}
RESULT: {}
RESULT: undefined
COMMAND: POST /session/b0b40222b291578c2d16a429095fa524/execute/async - {"script":"<script> [776 bytes]","args":[{"enterText":"GTPnSiLYIH","selector":{"id":"application-addressmanagement-display-component---masterAdm--smartFilterBar-btnBasicSearch","interaction":{"idSuffix":"I"}},"clearTextFirst":true,"interactionType":"ENTER_TEXT"}]}
RESULT: {"script":"<script> [776 bytes]","args":[{"enterText":"GTPnSiLYIH","selector":{"id":"application-addressmanagement-display-component---masterAdm--smartFilterBar-btnBasicSearch","interaction":{"idSuffix":"I"}},"clearTextFirst":true,"interactionType":"ENTER_TEXT"}]}
COMMAND: POST /session/b0b40222b291578c2d16a429095fa524/actions - {"actions":[{"id":"action3","type":"key","parameters":{},"actions":[{"type":"keyDown","value":""},{"type":"pause","duration":10},{"type":"keyUp","value":""}]}]}
RESULT: {"actions":[{"id":"action3","type":"key","parameters":{},"actions":[{"type":"keyDown","value":""},{"type":"pause","duration":10},{"type":"keyUp","value":""}]}]}
COMMAND: GET /session/b0b40222b291578c2d16a429095fa524/screenshot - {}
RESULT: {}
COMMAND: POST /session/b0b40222b291578c2d16a429095fa524/elements - {"using":"xpath","value":"//table[contains(@id, \"customPersonsAddressesTable-listUl\")]/tbody/tr"}
RESULT: {"using":"xpath","value":"//table[contains(@id, \"customPersonsAddressesTable-listUl\")]/tbody/tr"}
COMMAND: POST /session/b0b40222b291578c2d16a429095fa524/element - {"using":"xpath","value":"//table[contains(@id, \"customPersonsAddressesTable-listUl\")]/tbody/tr[1]/td[5]/span/span"}
RESULT: {"using":"xpath","value":"//table[contains(@id, \"customPersonsAddressesTable-listUl\")]/tbody/tr[1]/td[5]/span/span"}
COMMAND: POST /session/b0b40222b291578c2d16a429095fa524/element - {"using":"xpath","value":"//table[contains(@id, \"customPersonsAddressesTable-listUl\")]/tbody/tr[1]/td[3]/span"}
RESULT: {"using":"xpath","value":"//table[contains(@id, \"customPersonsAddressesTable-listUl\")]/tbody/tr[1]/td[3]/span"}
COMMAND: POST /session/b0b40222b291578c2d16a429095fa524/elements - {"using":"xpath","value":"//table[contains(@id, \"customPersonsAddressesTable-listUl\")]/tbody/tr[1]/td[5]/span/span"}
RESULT: {"using":"xpath","value":"//table[contains(@id, \"customPersonsAddressesTable-listUl\")]/tbody/tr[1]/td[5]/span/span"}
COMMAND: POST /session/b0b40222b291578c2d16a429095fa524/execute/sync - {"script":"<script> [56 bytes]","args":[{"element-6066-11e4-a52e-4f735466cecf":"f.42CC23FF00CDF3EF1FDC9B5D173637EA.d.EE74ED501CC83FD201C2F6D1F08FE48A.e.1003","ELEMENT":"f.42CC23FF00CDF3EF1FDC9B5D173637EA.d.EE74ED501CC83FD201C2F6D1F08FE48A.e.1003"}]}
RESULT: {"script":"<script> [56 bytes]","args":[{"element-6066-11e4-a52e-4f735466cecf":"f.42CC23FF00CDF3EF1FDC9B5D173637EA.d.EE74ED501CC83FD201C2F6D1F08FE48A.e.1003","ELEMENT":"f.42CC23FF00CDF3EF1FDC9B5D173637EA.d.EE74ED501CC83FD201C2F6D1F08FE48A.e.1003"}]}
COMMAND: POST /session/b0b40222b291578c2d16a429095fa524/execute/sync - {"script":"<script> [56 bytes]","args":[{"element-6066-11e4-a52e-4f735466cecf":"f.42CC23FF00CDF3EF1FDC9B5D173637EA.d.EE74ED501CC83FD201C2F6D1F08FE48A.e.1004","ELEMENT":"f.42CC23FF00CDF3EF1FDC9B5D173637EA.d.EE74ED501CC83FD201C2F6D1F08FE48A.e.1004"}]}
COMMAND: GET /session/b0b40222b291578c2d16a429095fa524/screenshot - {}
RESULT: {"script":"<script> [56 bytes]","args":[{"element-6066-11e4-a52e-4f735466cecf":"f.42CC23FF00CDF3EF1FDC9B5D173637EA.d.EE74ED501CC83FD201C2F6D1F08FE48A.e.1004","ELEMENT":"f.42CC23FF00CDF3EF1FDC9B5D173637EA.d.EE74ED501CC83FD201C2F6D1F08FE48A.e.1004"}]}
COMMAND: POST /session/b0b40222b291578c2d16a429095fa524/element - {"using":"xpath","value":"//table[contains(@id, \"customPersonsAddressesTable-listUl\")]/tbody/tr[1]/td[10]/div/span"}
COMMAND: GET /session/b0b40222b291578c2d16a429095fa524/screenshot - {}
RESULT: {}
RESULT: {"using":"xpath","value":"//table[contains(@id, \"customPersonsAddressesTable-listUl\")]/tbody/tr[1]/td[10]/div/span"}
COMMAND: POST /session/b0b40222b291578c2d16a429095fa524/execute/sync - {"script":"<script> [56 bytes]","args":[{"element-6066-11e4-a52e-4f735466cecf":"f.42CC23FF00CDF3EF1FDC9B5D173637EA.d.EE74ED501CC83FD201C2F6D1F08FE48A.e.1005","ELEMENT":"f.42CC23FF00CDF3EF1FDC9B5D173637EA.d.EE74ED501CC83FD201C2F6D1F08FE48A.e.1005"}]}
RESULT: {}
RESULT: {"script":"<script> [56 bytes]","args":[{"element-6066-11e4-a52e-4f735466cecf":"f.42CC23FF00CDF3EF1FDC9B5D173637EA.d.EE74ED501CC83FD201C2F6D1F08FE48A.e.1005","ELEMENT":"f.42CC23FF00CDF3EF1FDC9B5D173637EA.d.EE74ED501CC83FD201C2F6D1F08FE48A.e.1005"}]}
COMMAND: POST /session/b0b40222b291578c2d16a429095fa524/element - {"using":"xpath","value":"//table[contains(@id, \"customPersonsAddressesTable-listUl\")]/tbody/tr[1]/td[2]/div/div"}
COMMAND: GET /session/b0b40222b291578c2d16a429095fa524/screenshot - {}
RESULT: {"using":"xpath","value":"//table[contains(@id, \"customPersonsAddressesTable-listUl\")]/tbody/tr[1]/td[2]/div/div"}
COMMAND: POST /session/b0b40222b291578c2d16a429095fa524/element/f.42CC23FF00CDF3EF1FDC9B5D173637EA.d.EE74ED501CC83FD201C2F6D1F08FE48A.e.1006/click - {}
RESULT: {}
RESULT: {}
COMMAND: GET /session/b0b40222b291578c2d16a429095fa524/screenshot - {}
RESULT: {}
COMMAND: POST /session/b0b40222b291578c2d16a429095fa524/element - {"using":"xpath","value":"//bdi[contains(text(), \"Activate\")]"}
RESULT: {"using":"xpath","value":"//bdi[contains(text(), \"Activate\")]"}
COMMAND: POST /session/b0b40222b291578c2d16a429095fa524/element/f.42CC23FF00CDF3EF1FDC9B5D173637EA.d.EE74ED501CC83FD201C2F6D1F08FE48A.e.1007/click - {}
RESULT: {}
COMMAND: GET /session/b0b40222b291578c2d16a429095fa524/screenshot - {}
RESULT: {}
COMMAND: POST /session/b0b40222b291578c2d16a429095fa524/element - {"using":"xpath","value":"//bdi[contains(text(), \"Yes\")]"}
RESULT: {"using":"xpath","value":"//bdi[contains(text(), \"Yes\")]"}
COMMAND: POST /session/b0b40222b291578c2d16a429095fa524/element/f.42CC23FF00CDF3EF1FDC9B5D173637EA.d.EE74ED501CC83FD201C2F6D1F08FE48A.e.1009/click - {}
RESULT: {}
COMMAND: GET /session/b0b40222b291578c2d16a429095fa524/screenshot - {}
RESULT: {}
COMMAND: POST /session/b0b40222b291578c2d16a429095fa524/element - {"using":"xpath","value":"//table[contains(@id, \"customPersonsAddressesTable-listUl\")]/tbody/tr[1]/td[10]/div/span"}
RESULT: {"using":"xpath","value":"//table[contains(@id, \"customPersonsAddressesTable-listUl\")]/tbody/tr[1]/td[10]/div/span"}
COMMAND: POST /session/b0b40222b291578c2d16a429095fa524/execute/sync - {"script":"<script> [56 bytes]","args":[{"element-6066-11e4-a52e-4f735466cecf":"f.42CC23FF00CDF3EF1FDC9B5D173637EA.d.EE74ED501CC83FD201C2F6D1F08FE48A.e.1005","ELEMENT":"f.42CC23FF00CDF3EF1FDC9B5D173637EA.d.EE74ED501CC83FD201C2F6D1F08FE48A.e.1005"}]}
RESULT: {"script":"<script> [56 bytes]","args":[{"element-6066-11e4-a52e-4f735466cecf":"f.42CC23FF00CDF3EF1FDC9B5D173637EA.d.EE74ED501CC83FD201C2F6D1F08FE48A.e.1005","ELEMENT":"f.42CC23FF00CDF3EF1FDC9B5D173637EA.d.EE74ED501CC83FD201C2F6D1F08FE48A.e.1005"}]}
COMMAND: GET /session/b0b40222b291578c2d16a429095fa524/screenshot - {}
RESULT: {}
COMMAND: POST /session/b0b40222b291578c2d16a429095fa524/element - {"using":"css selector","value":"#shell-header-logo"}
RESULT: {"using":"css selector","value":"#shell-header-logo"}
COMMAND: POST /session/b0b40222b291578c2d16a429095fa524/element/f.42CC23FF00CDF3EF1FDC9B5D173637EA.d.EE74ED501CC83FD201C2F6D1F08FE48A.e.816/click - {}
RESULT: {}
COMMAND: GET /session/b0b40222b291578c2d16a429095fa524/screenshot - {}
RESULT: {}
COMMAND: DELETE /session/b0b40222b291578c2d16a429095fa524 - {}
RESULT: {}
]]></system-out>
    </testcase>
  </testsuite>
</testsuites>