<?xml version="1.0" encoding="UTF-8"?>
<testsuites tests="6" failures="0" errors="0" skipped="0">
  <testsuite timestamp="2025-05-20T16:32:54" time="1130.582" tests="6" failures="0" errors="0" skipped="0">
    <properties>
      <property name="specId" value="0" />
      <property name="suiteName" value="RU Inventory Mass State Change Multiple Items US151066" />
      <property name="capabilities" value="chrome.136_0_7103_93.windows" />
      <property name="file" value="file:///D:/a/1/s/test/specs/HTR/ru-inv-list-mass-state-change.spec.js" />
    </properties>
    <testcase classname="chrome.136_0_7103_93.windows.RU_Inventory_Mass_State_Change_Multiple_Items_US151066" name="Step 1 Should do a RU inventory mass state change on chosen yard 109 with the resources available one equipment multipart one tool pool" time="292.867">
      <system-out><![CDATA[
COMMAND: POST /session/2fd0d91dfda64e364b58a1834e9c6eef/execute/async - {"script":"<script> [1562 bytes]","args":[{"selector":{"controlType":"sap.m.GenericTile","properties":{"header":"RU Inventory List"}},"wdio_ui5_key":"sapm.GenericTile{\"header\":\"RU Inventory List\"}"}]}
RESULT: {"script":"<script> [1562 bytes]","args":[{"selector":{"controlType":"sap.m.GenericTile","properties":{"header":"RU Inventory List"}},"wdio_ui5_key":"sapm.GenericTile{\"header\":\"RU Inventory List\"}"}]}
RESULT: undefined
COMMAND: POST /session/2fd0d91dfda64e364b58a1834e9c6eef/element - {"using":"xpath","value":"//*[@id=\"__tile99\"]"}
RESULT: {"using":"xpath","value":"//*[@id=\"__tile99\"]"}
COMMAND: POST /session/2fd0d91dfda64e364b58a1834e9c6eef/element/f.E5F40E6F9784B6DA95361123DC858BB1.d.6FB86E6278155DFA25165CDD699B630A.e.262/click - {}
RESULT: {}
COMMAND: GET /session/2fd0d91dfda64e364b58a1834e9c6eef/screenshot - {}
RESULT: {}
COMMAND: POST /session/2fd0d91dfda64e364b58a1834e9c6eef/elements - {"using":"xpath","value":"//span[text()='Error']"}
RESULT: {"using":"xpath","value":"//span[text()='Error']"}
COMMAND: POST /session/2fd0d91dfda64e364b58a1834e9c6eef/element - {"using":"xpath","value":"//button[contains(@id, \"massStateBtn\")]"}
RESULT: {"using":"xpath","value":"//button[contains(@id, \"massStateBtn\")]"}
COMMAND: POST /session/2fd0d91dfda64e364b58a1834e9c6eef/elements - {"using":"xpath","value":"//button[contains(@id, \"massStateBtn\")]"}
RESULT: {"using":"xpath","value":"//button[contains(@id, \"massStateBtn\")]"}
COMMAND: POST /session/2fd0d91dfda64e364b58a1834e9c6eef/elements - {"using":"xpath","value":"//button[contains(@id, \"massStateBtn\")]"}
RESULT: {"using":"xpath","value":"//button[contains(@id, \"massStateBtn\")]"}
COMMAND: POST /session/2fd0d91dfda64e364b58a1834e9c6eef/elements - {"using":"xpath","value":"//button[contains(@id, \"massStateBtn\")]"}
RESULT: {"using":"xpath","value":"//button[contains(@id, \"massStateBtn\")]"}
COMMAND: POST /session/2fd0d91dfda64e364b58a1834e9c6eef/elements - {"using":"xpath","value":"//button[contains(@id, \"massStateBtn\")]"}
RESULT: {"using":"xpath","value":"//button[contains(@id, \"massStateBtn\")]"}
COMMAND: POST /session/2fd0d91dfda64e364b58a1834e9c6eef/elements - {"using":"xpath","value":"//button[contains(@id, \"massStateBtn\")]"}
RESULT: {"using":"xpath","value":"//button[contains(@id, \"massStateBtn\")]"}
COMMAND: POST /session/2fd0d91dfda64e364b58a1834e9c6eef/elements - {"using":"xpath","value":"//button[contains(@id, \"massStateBtn\")]"}
RESULT: {"using":"xpath","value":"//button[contains(@id, \"massStateBtn\")]"}
COMMAND: POST /session/2fd0d91dfda64e364b58a1834e9c6eef/elements - {"using":"xpath","value":"//button[contains(@id, \"massStateBtn\")]"}
RESULT: {"using":"xpath","value":"//button[contains(@id, \"massStateBtn\")]"}
COMMAND: POST /session/2fd0d91dfda64e364b58a1834e9c6eef/elements - {"using":"xpath","value":"//button[contains(@id, \"massStateBtn\")]"}
RESULT: {"using":"xpath","value":"//button[contains(@id, \"massStateBtn\")]"}
COMMAND: POST /session/2fd0d91dfda64e364b58a1834e9c6eef/elements - {"using":"xpath","value":"//button[contains(@id, \"massStateBtn\")]"}
RESULT: {"using":"xpath","value":"//button[contains(@id, \"massStateBtn\")]"}
COMMAND: POST /session/2fd0d91dfda64e364b58a1834e9c6eef/element - {"using":"xpath","value":"//button[contains(@id, \"massStateBtn\")]"}
RESULT: {"using":"xpath","value":"//button[contains(@id, \"massStateBtn\")]"}
COMMAND: POST /session/2fd0d91dfda64e364b58a1834e9c6eef/execute/sync - {"script":"<script> [8489 bytes]","args":[{"element-6066-11e4-a52e-4f735466cecf":"f.E5F40E6F9784B6DA95361123DC858BB1.d.6FB86E6278155DFA25165CDD699B630A.e.298","ELEMENT":"f.E5F40E6F9784B6DA95361123DC858BB1.d.6FB86E6278155DFA25165CDD699B630A.e.298"}]}
RESULT: {"script":"<script> [8489 bytes]","args":[{"element-6066-11e4-a52e-4f735466cecf":"f.E5F40E6F9784B6DA95361123DC858BB1.d.6FB86E6278155DFA25165CDD699B630A.e.298","ELEMENT":"f.E5F40E6F9784B6DA95361123DC858BB1.d.6FB86E6278155DFA25165CDD699B630A.e.298"}]}
COMMAND: GET /session/2fd0d91dfda64e364b58a1834e9c6eef/element/f.E5F40E6F9784B6DA95361123DC858BB1.d.6FB86E6278155DFA25165CDD699B630A.e.298/enabled - {}
COMMAND: GET /session/2fd0d91dfda64e364b58a1834e9c6eef/screenshot - {}
RESULT: {}
COMMAND: POST /session/2fd0d91dfda64e364b58a1834e9c6eef/execute/sync - {"script":"<script> [8489 bytes]","args":[{"element-6066-11e4-a52e-4f735466cecf":"f.E5F40E6F9784B6DA95361123DC858BB1.d.6FB86E6278155DFA25165CDD699B630A.e.298","ELEMENT":"f.E5F40E6F9784B6DA95361123DC858BB1.d.6FB86E6278155DFA25165CDD699B630A.e.298"}]}
COMMAND: GET /session/2fd0d91dfda64e364b58a1834e9c6eef/screenshot - {}
RESULT: {}
RESULT: {"script":"<script> [8489 bytes]","args":[{"element-6066-11e4-a52e-4f735466cecf":"f.E5F40E6F9784B6DA95361123DC858BB1.d.6FB86E6278155DFA25165CDD699B630A.e.298","ELEMENT":"f.E5F40E6F9784B6DA95361123DC858BB1.d.6FB86E6278155DFA25165CDD699B630A.e.298"}]}
COMMAND: POST /session/2fd0d91dfda64e364b58a1834e9c6eef/execute/sync - {"script":"<script> [5351 bytes]","args":[{"element-6066-11e4-a52e-4f735466cecf":"f.E5F40E6F9784B6DA95361123DC858BB1.d.6FB86E6278155DFA25165CDD699B630A.e.298","ELEMENT":"f.E5F40E6F9784B6DA95361123DC858BB1.d.6FB86E6278155DFA25165CDD699B630A.e.298"}]}
COMMAND: GET /session/2fd0d91dfda64e364b58a1834e9c6eef/screenshot - {}
RESULT: {}
RESULT: {"script":"<script> [5351 bytes]","args":[{"element-6066-11e4-a52e-4f735466cecf":"f.E5F40E6F9784B6DA95361123DC858BB1.d.6FB86E6278155DFA25165CDD699B630A.e.298","ELEMENT":"f.E5F40E6F9784B6DA95361123DC858BB1.d.6FB86E6278155DFA25165CDD699B630A.e.298"}]}
COMMAND: POST /session/2fd0d91dfda64e364b58a1834e9c6eef/element/f.E5F40E6F9784B6DA95361123DC858BB1.d.6FB86E6278155DFA25165CDD699B630A.e.298/click - {}
COMMAND: GET /session/2fd0d91dfda64e364b58a1834e9c6eef/screenshot - {}
RESULT: {}
RESULT: {}
COMMAND: GET /session/2fd0d91dfda64e364b58a1834e9c6eef/screenshot - {}
RESULT: {}
RESULT: {}
COMMAND: POST /session/2fd0d91dfda64e364b58a1834e9c6eef/execute/async - {"script":"<script> [1562 bytes]","args":[{"selector":{"id":"application-ruinventorylist-display-component---Master--ruLocationTypeComboBox-arrow"},"wdio_ui5_key":"applicationruinventorylist-display-component---Master--ruLocationTypeComboBox-arrow"}]}
RESULT: {"script":"<script> [1562 bytes]","args":[{"selector":{"id":"application-ruinventorylist-display-component---Master--ruLocationTypeComboBox-arrow"},"wdio_ui5_key":"applicationruinventorylist-display-component---Master--ruLocationTypeComboBox-arrow"}]}
RESULT: undefined
COMMAND: POST /session/2fd0d91dfda64e364b58a1834e9c6eef/element - {"using":"xpath","value":"//*[@id=\"application-ruinventorylist-display-component---Master--ruLocationTypeComboBox-arrow\"]"}
RESULT: {"using":"xpath","value":"//*[@id=\"application-ruinventorylist-display-component---Master--ruLocationTypeComboBox-arrow\"]"}
COMMAND: POST /session/2fd0d91dfda64e364b58a1834e9c6eef/element/f.E5F40E6F9784B6DA95361123DC858BB1.d.6FB86E6278155DFA25165CDD699B630A.e.655/click - {}
RESULT: {}
COMMAND: GET /session/2fd0d91dfda64e364b58a1834e9c6eef/screenshot - {}
RESULT: {}
COMMAND: POST /session/2fd0d91dfda64e364b58a1834e9c6eef/element - {"using":"xpath","value":"//li[.//span[text()='Yard']]"}
RESULT: {"using":"xpath","value":"//li[.//span[text()='Yard']]"}
COMMAND: POST /session/2fd0d91dfda64e364b58a1834e9c6eef/element/f.E5F40E6F9784B6DA95361123DC858BB1.d.6FB86E6278155DFA25165CDD699B630A.e.656/click - {}
RESULT: {}
COMMAND: GET /session/2fd0d91dfda64e364b58a1834e9c6eef/screenshot - {}
RESULT: {}
COMMAND: POST /session/2fd0d91dfda64e364b58a1834e9c6eef/execute/async - {"script":"<script> [1562 bytes]","args":[{"selector":{"id":"application-ruinventorylist-display-component---Master--smartFilterBar-filterItemControl_BASIC-YARD-vhi"},"wdio_ui5_key":"applicationruinventorylist-display-component---Master--smartFilterBar-filterItemControl_BASIC-YARD-vhi"}]}
RESULT: {"script":"<script> [1562 bytes]","args":[{"selector":{"id":"application-ruinventorylist-display-component---Master--smartFilterBar-filterItemControl_BASIC-YARD-vhi"},"wdio_ui5_key":"applicationruinventorylist-display-component---Master--smartFilterBar-filterItemControl_BASIC-YARD-vhi"}]}
RESULT: undefined
COMMAND: POST /session/2fd0d91dfda64e364b58a1834e9c6eef/element - {"using":"xpath","value":"//*[@id=\"application-ruinventorylist-display-component---Master--smartFilterBar-filterItemControl_BASIC-YARD-vhi\"]"}
RESULT: {"using":"xpath","value":"//*[@id=\"application-ruinventorylist-display-component---Master--smartFilterBar-filterItemControl_BASIC-YARD-vhi\"]"}
COMMAND: POST /session/2fd0d91dfda64e364b58a1834e9c6eef/element/f.E5F40E6F9784B6DA95361123DC858BB1.d.6FB86E6278155DFA25165CDD699B630A.e.691/click - {}
RESULT: {}
COMMAND: GET /session/2fd0d91dfda64e364b58a1834e9c6eef/screenshot - {}
RESULT: {}
COMMAND: POST /session/2fd0d91dfda64e364b58a1834e9c6eef/execute/async - {"script":"<script> [1562 bytes]","args":[{"selector":{"id":"application-ruinventorylist-display-component---Master--smartFilterBar-filterItemControl_BASIC-YARD-valueHelpDialog-smartFilterBar-btnBasicSearch","searchOpenDialogs":true,"interaction":{"idSuffix":"I"}},"wdio_ui5_key":"applicationruinventorylist-display-component---Master--smartFilterBar-filterItemControl_BASIC-YARD-valueHelpDialog-smartFilterBar-btnBasicSearch"}]}
RESULT: {"script":"<script> [1562 bytes]","args":[{"selector":{"id":"application-ruinventorylist-display-component---Master--smartFilterBar-filterItemControl_BASIC-YARD-valueHelpDialog-smartFilterBar-btnBasicSearch","searchOpenDialogs":true,"interaction":{"idSuffix":"I"}},"wdio_ui5_key":"applicationruinventorylist-display-component---Master--smartFilterBar-filterItemControl_BASIC-YARD-valueHelpDialog-smartFilterBar-btnBasicSearch"}]}
RESULT: undefined
COMMAND: POST /session/2fd0d91dfda64e364b58a1834e9c6eef/execute/async - {"script":"<script> [776 bytes]","args":[{"enterText":"109","selector":{"id":"application-ruinventorylist-display-component---Master--smartFilterBar-filterItemControl_BASIC-YARD-valueHelpDialog-smartFilterBar-btnBasicSearch","searchOpenDialogs":true,"interaction":{"idSuffix":"I"}},"clearTextFirst":true,"interactionType":"ENTER_TEXT"}]}
RESULT: {"script":"<script> [776 bytes]","args":[{"enterText":"109","selector":{"id":"application-ruinventorylist-display-component---Master--smartFilterBar-filterItemControl_BASIC-YARD-valueHelpDialog-smartFilterBar-btnBasicSearch","searchOpenDialogs":true,"interaction":{"idSuffix":"I"}},"clearTextFirst":true,"interactionType":"ENTER_TEXT"}]}
COMMAND: POST /session/2fd0d91dfda64e364b58a1834e9c6eef/actions - {"actions":[{"id":"action1","type":"key","parameters":{},"actions":[{"type":"keyDown","value":"î€‡"},{"type":"pause","duration":10},{"type":"keyUp","value":"î€‡"}]}]}
RESULT: {"actions":[{"id":"action1","type":"key","parameters":{},"actions":[{"type":"keyDown","value":"î€‡"},{"type":"pause","duration":10},{"type":"keyUp","value":"î€‡"}]}]}
COMMAND: GET /session/2fd0d91dfda64e364b58a1834e9c6eef/screenshot - {}
RESULT: {}
COMMAND: POST /session/2fd0d91dfda64e364b58a1834e9c6eef/elements - {"using":"xpath","value":"//table[contains(@id, \"filterItemControl_BASIC-YARD-valueHelpDialog-table-table\")]/tbody/tr"}
RESULT: {"using":"xpath","value":"//table[contains(@id, \"filterItemControl_BASIC-YARD-valueHelpDialog-table-table\")]/tbody/tr"}
COMMAND: POST /session/2fd0d91dfda64e364b58a1834e9c6eef/element - {"using":"xpath","value":"//table[contains(@id, \"filterItemControl_BASIC-YARD-valueHelpDialog-table-table\")]/tbody/tr[1]/td[1]/div/span"}
RESULT: {"using":"xpath","value":"//table[contains(@id, \"filterItemControl_BASIC-YARD-valueHelpDialog-table-table\")]/tbody/tr[1]/td[1]/div/span"}
COMMAND: POST /session/2fd0d91dfda64e364b58a1834e9c6eef/elements - {"using":"xpath","value":"//table[contains(@id, \"filterItemControl_BASIC-YARD-valueHelpDialog-table-table\")]/tbody/tr[1]/td[1]/div/span"}
RESULT: {"using":"xpath","value":"//table[contains(@id, \"filterItemControl_BASIC-YARD-valueHelpDialog-table-table\")]/tbody/tr[1]/td[1]/div/span"}
COMMAND: POST /session/2fd0d91dfda64e364b58a1834e9c6eef/execute/sync - {"script":"<script> [56 bytes]","args":[{"element-6066-11e4-a52e-4f735466cecf":"f.E5F40E6F9784B6DA95361123DC858BB1.d.6FB86E6278155DFA25165CDD699B630A.e.714","ELEMENT":"f.E5F40E6F9784B6DA95361123DC858BB1.d.6FB86E6278155DFA25165CDD699B630A.e.714"}]}
RESULT: {"script":"<script> [56 bytes]","args":[{"element-6066-11e4-a52e-4f735466cecf":"f.E5F40E6F9784B6DA95361123DC858BB1.d.6FB86E6278155DFA25165CDD699B630A.e.714","ELEMENT":"f.E5F40E6F9784B6DA95361123DC858BB1.d.6FB86E6278155DFA25165CDD699B630A.e.714"}]}
COMMAND: POST /session/2fd0d91dfda64e364b58a1834e9c6eef/element - {"using":"xpath","value":"//div[contains(@id, \"filterItemControl_BASIC-YARD-valueHelpDialog-table-rowsel0\")]"}
COMMAND: GET /session/2fd0d91dfda64e364b58a1834e9c6eef/screenshot - {}
RESULT: {"using":"xpath","value":"//div[contains(@id, \"filterItemControl_BASIC-YARD-valueHelpDialog-table-rowsel0\")]"}
COMMAND: POST /session/2fd0d91dfda64e364b58a1834e9c6eef/element/f.E5F40E6F9784B6DA95361123DC858BB1.d.6FB86E6278155DFA25165CDD699B630A.e.715/click - {}
RESULT: {}
RESULT: {}
COMMAND: GET /session/2fd0d91dfda64e364b58a1834e9c6eef/screenshot - {}
RESULT: {}
COMMAND: POST /session/2fd0d91dfda64e364b58a1834e9c6eef/element - {"using":"xpath","value":"//div[contains(@id, \"smartFilterBar-filterItemControl_BASIC-YARD-valueHelpDialog-smartFilterBar-btnBasicSearch-reset\")]"}
RESULT: {"using":"xpath","value":"//div[contains(@id, \"smartFilterBar-filterItemControl_BASIC-YARD-valueHelpDialog-smartFilterBar-btnBasicSearch-reset\")]"}
COMMAND: POST /session/2fd0d91dfda64e364b58a1834e9c6eef/element/f.E5F40E6F9784B6DA95361123DC858BB1.d.6FB86E6278155DFA25165CDD699B630A.e.717/click - {}
RESULT: {}
RESULT: undefined
COMMAND: POST /session/2fd0d91dfda64e364b58a1834e9c6eef/execute/async - {"script":"<script> [776 bytes]","args":[{"enterText":"OPA5_BST01_YARD1","selector":{"id":"application-ruinventorylist-display-component---Master--smartFilterBar-filterItemControl_BASIC-YARD-valueHelpDialog-smartFilterBar-btnBasicSearch","searchOpenDialogs":true,"interaction":{"idSuffix":"I"}},"clearTextFirst":true,"interactionType":"ENTER_TEXT"}]}
COMMAND: GET /session/2fd0d91dfda64e364b58a1834e9c6eef/screenshot - {}
RESULT: {"script":"<script> [776 bytes]","args":[{"enterText":"OPA5_BST01_YARD1","selector":{"id":"application-ruinventorylist-display-component---Master--smartFilterBar-filterItemControl_BASIC-YARD-valueHelpDialog-smartFilterBar-btnBasicSearch","searchOpenDialogs":true,"interaction":{"idSuffix":"I"}},"clearTextFirst":true,"interactionType":"ENTER_TEXT"}]}
COMMAND: POST /session/2fd0d91dfda64e364b58a1834e9c6eef/actions - {"actions":[{"id":"action2","type":"key","parameters":{},"actions":[{"type":"keyDown","value":"î€‡"},{"type":"pause","duration":10},{"type":"keyUp","value":"î€‡"}]}]}
RESULT: {}
RESULT: {"actions":[{"id":"action2","type":"key","parameters":{},"actions":[{"type":"keyDown","value":"î€‡"},{"type":"pause","duration":10},{"type":"keyUp","value":"î€‡"}]}]}
COMMAND: GET /session/2fd0d91dfda64e364b58a1834e9c6eef/screenshot - {}
RESULT: {}
COMMAND: POST /session/2fd0d91dfda64e364b58a1834e9c6eef/elements - {"using":"xpath","value":"//table[contains(@id, \"filterItemControl_BASIC-YARD-valueHelpDialog-table-table\")]/tbody/tr"}
RESULT: {"using":"xpath","value":"//table[contains(@id, \"filterItemControl_BASIC-YARD-valueHelpDialog-table-table\")]/tbody/tr"}
COMMAND: POST /session/2fd0d91dfda64e364b58a1834e9c6eef/element - {"using":"xpath","value":"//table[contains(@id, \"filterItemControl_BASIC-YARD-valueHelpDialog-table-table\")]/tbody/tr[1]/td[1]/div/span"}
RESULT: {"using":"xpath","value":"//table[contains(@id, \"filterItemControl_BASIC-YARD-valueHelpDialog-table-table\")]/tbody/tr[1]/td[1]/div/span"}
COMMAND: POST /session/2fd0d91dfda64e364b58a1834e9c6eef/elements - {"using":"xpath","value":"//table[contains(@id, \"filterItemControl_BASIC-YARD-valueHelpDialog-table-table\")]/tbody/tr[1]/td[1]/div/span"}
RESULT: {"using":"xpath","value":"//table[contains(@id, \"filterItemControl_BASIC-YARD-valueHelpDialog-table-table\")]/tbody/tr[1]/td[1]/div/span"}
COMMAND: POST /session/2fd0d91dfda64e364b58a1834e9c6eef/execute/sync - {"script":"<script> [56 bytes]","args":[{"element-6066-11e4-a52e-4f735466cecf":"f.E5F40E6F9784B6DA95361123DC858BB1.d.6FB86E6278155DFA25165CDD699B630A.e.714","ELEMENT":"f.E5F40E6F9784B6DA95361123DC858BB1.d.6FB86E6278155DFA25165CDD699B630A.e.714"}]}
RESULT: {"script":"<script> [56 bytes]","args":[{"element-6066-11e4-a52e-4f735466cecf":"f.E5F40E6F9784B6DA95361123DC858BB1.d.6FB86E6278155DFA25165CDD699B630A.e.714","ELEMENT":"f.E5F40E6F9784B6DA95361123DC858BB1.d.6FB86E6278155DFA25165CDD699B630A.e.714"}]}
COMMAND: POST /session/2fd0d91dfda64e364b58a1834e9c6eef/element - {"using":"xpath","value":"//div[contains(@id, \"filterItemControl_BASIC-YARD-valueHelpDialog-table-rowsel0\")]"}
COMMAND: GET /session/2fd0d91dfda64e364b58a1834e9c6eef/screenshot - {}
RESULT: {"using":"xpath","value":"//div[contains(@id, \"filterItemControl_BASIC-YARD-valueHelpDialog-table-rowsel0\")]"}
COMMAND: POST /session/2fd0d91dfda64e364b58a1834e9c6eef/element/f.E5F40E6F9784B6DA95361123DC858BB1.d.6FB86E6278155DFA25165CDD699B630A.e.715/click - {}
RESULT: {}
RESULT: {}
COMMAND: GET /session/2fd0d91dfda64e364b58a1834e9c6eef/screenshot - {}
RESULT: {}
COMMAND: POST /session/2fd0d91dfda64e364b58a1834e9c6eef/element - {"using":"xpath","value":"(//bdi[contains(text(), \"OK\")])[1]"}
RESULT: {"using":"xpath","value":"(//bdi[contains(text(), \"OK\")])[1]"}
COMMAND: POST /session/2fd0d91dfda64e364b58a1834e9c6eef/element/f.E5F40E6F9784B6DA95361123DC858BB1.d.6FB86E6278155DFA25165CDD699B630A.e.718/click - {}
RESULT: {}
COMMAND: GET /session/2fd0d91dfda64e364b58a1834e9c6eef/screenshot - {}
RESULT: {}
COMMAND: POST /session/2fd0d91dfda64e364b58a1834e9c6eef/element - {"using":"xpath","value":"//span[@id=\"application-ruinventorylist-display-component---Master--smartTableRuInventoryList-header-inner\"]"}
RESULT: {"using":"xpath","value":"//span[@id=\"application-ruinventorylist-display-component---Master--smartTableRuInventoryList-header-inner\"]"}
COMMAND: POST /session/2fd0d91dfda64e364b58a1834e9c6eef/elements - {"using":"xpath","value":"//span[@id=\"application-ruinventorylist-display-component---Master--smartTableRuInventoryList-header-inner\"]"}
RESULT: {"using":"xpath","value":"//span[@id=\"application-ruinventorylist-display-component---Master--smartTableRuInventoryList-header-inner\"]"}
COMMAND: POST /session/2fd0d91dfda64e364b58a1834e9c6eef/execute/sync - {"script":"<script> [56 bytes]","args":[{"element-6066-11e4-a52e-4f735466cecf":"f.E5F40E6F9784B6DA95361123DC858BB1.d.6FB86E6278155DFA25165CDD699B630A.e.870","ELEMENT":"f.E5F40E6F9784B6DA95361123DC858BB1.d.6FB86E6278155DFA25165CDD699B630A.e.870"}]}
RESULT: {"script":"<script> [56 bytes]","args":[{"element-6066-11e4-a52e-4f735466cecf":"f.E5F40E6F9784B6DA95361123DC858BB1.d.6FB86E6278155DFA25165CDD699B630A.e.870","ELEMENT":"f.E5F40E6F9784B6DA95361123DC858BB1.d.6FB86E6278155DFA25165CDD699B630A.e.870"}]}
COMMAND: POST /session/2fd0d91dfda64e364b58a1834e9c6eef/execute/async - {"script":"<script> [1562 bytes]","args":[{"selector":{"id":"application-ruinventorylist-display-component---Master--smartFilterBar-btnBasicSearch","interaction":{"idSuffix":"I"}},"wdio_ui5_key":"applicationruinventorylist-display-component---Master--smartFilterBar-btnBasicSearch"}]}
COMMAND: GET /session/2fd0d91dfda64e364b58a1834e9c6eef/screenshot - {}
RESULT: {"script":"<script> [1562 bytes]","args":[{"selector":{"id":"application-ruinventorylist-display-component---Master--smartFilterBar-btnBasicSearch","interaction":{"idSuffix":"I"}},"wdio_ui5_key":"applicationruinventorylist-display-component---Master--smartFilterBar-btnBasicSearch"}]}
RESULT: undefined
COMMAND: POST /session/2fd0d91dfda64e364b58a1834e9c6eef/execute/async - {"script":"<script> [776 bytes]","args":[{"enterText":"600002","selector":{"id":"application-ruinventorylist-display-component---Master--smartFilterBar-btnBasicSearch","interaction":{"idSuffix":"I"}},"clearTextFirst":true,"interactionType":"ENTER_TEXT"}]}
RESULT: {}
RESULT: {"script":"<script> [776 bytes]","args":[{"enterText":"600002","selector":{"id":"application-ruinventorylist-display-component---Master--smartFilterBar-btnBasicSearch","interaction":{"idSuffix":"I"}},"clearTextFirst":true,"interactionType":"ENTER_TEXT"}]}
COMMAND: POST /session/2fd0d91dfda64e364b58a1834e9c6eef/actions - {"actions":[{"id":"action3","type":"key","parameters":{},"actions":[{"type":"keyDown","value":"î€‡"},{"type":"pause","duration":10},{"type":"keyUp","value":"î€‡"}]}]}
RESULT: {"actions":[{"id":"action3","type":"key","parameters":{},"actions":[{"type":"keyDown","value":"î€‡"},{"type":"pause","duration":10},{"type":"keyUp","value":"î€‡"}]}]}
COMMAND: GET /session/2fd0d91dfda64e364b58a1834e9c6eef/screenshot - {}
RESULT: {}
COMMAND: POST /session/2fd0d91dfda64e364b58a1834e9c6eef/element - {"using":"xpath","value":"//span[@id=\"application-ruinventorylist-display-component---Master--smartTableRuInventoryList-header-inner\"]"}
RESULT: {"using":"xpath","value":"//span[@id=\"application-ruinventorylist-display-component---Master--smartTableRuInventoryList-header-inner\"]"}
COMMAND: POST /session/2fd0d91dfda64e364b58a1834e9c6eef/elements - {"using":"xpath","value":"//span[@id=\"application-ruinventorylist-display-component---Master--smartTableRuInventoryList-header-inner\"]"}
RESULT: {"using":"xpath","value":"//span[@id=\"application-ruinventorylist-display-component---Master--smartTableRuInventoryList-header-inner\"]"}
COMMAND: POST /session/2fd0d91dfda64e364b58a1834e9c6eef/execute/sync - {"script":"<script> [56 bytes]","args":[{"element-6066-11e4-a52e-4f735466cecf":"f.E5F40E6F9784B6DA95361123DC858BB1.d.6FB86E6278155DFA25165CDD699B630A.e.870","ELEMENT":"f.E5F40E6F9784B6DA95361123DC858BB1.d.6FB86E6278155DFA25165CDD699B630A.e.870"}]}
RESULT: {"script":"<script> [56 bytes]","args":[{"element-6066-11e4-a52e-4f735466cecf":"f.E5F40E6F9784B6DA95361123DC858BB1.d.6FB86E6278155DFA25165CDD699B630A.e.870","ELEMENT":"f.E5F40E6F9784B6DA95361123DC858BB1.d.6FB86E6278155DFA25165CDD699B630A.e.870"}]}
COMMAND: POST /session/2fd0d91dfda64e364b58a1834e9c6eef/element - {"using":"xpath","value":"//table[contains(@id, \"application-ruinventorylist-display-component---Master--tableRuInventoryList-listUl\")]/tbody/tr[1]/td[2]/div/div"}
COMMAND: GET /session/2fd0d91dfda64e364b58a1834e9c6eef/screenshot - {}
RESULT: {"using":"xpath","value":"//table[contains(@id, \"application-ruinventorylist-display-component---Master--tableRuInventoryList-listUl\")]/tbody/tr[1]/td[2]/div/div"}
COMMAND: POST /session/2fd0d91dfda64e364b58a1834e9c6eef/element/f.E5F40E6F9784B6DA95361123DC858BB1.d.6FB86E6278155DFA25165CDD699B630A.e.878/click - {}
RESULT: {}
RESULT: {}
COMMAND: GET /session/2fd0d91dfda64e364b58a1834e9c6eef/screenshot - {}
RESULT: {}
COMMAND: POST /session/2fd0d91dfda64e364b58a1834e9c6eef/element - {"using":"xpath","value":"//div[contains(@id, \"smartFilterBar-btnBasicSearch-reset\")]"}
RESULT: {"using":"xpath","value":"//div[contains(@id, \"smartFilterBar-btnBasicSearch-reset\")]"}
COMMAND: POST /session/2fd0d91dfda64e364b58a1834e9c6eef/element/f.E5F40E6F9784B6DA95361123DC858BB1.d.6FB86E6278155DFA25165CDD699B630A.e.888/click - {}
RESULT: {}
COMMAND: GET /session/2fd0d91dfda64e364b58a1834e9c6eef/screenshot - {}
RESULT: {}
RESULT: undefined
COMMAND: POST /session/2fd0d91dfda64e364b58a1834e9c6eef/execute/async - {"script":"<script> [776 bytes]","args":[{"enterText":"401002","selector":{"id":"application-ruinventorylist-display-component---Master--smartFilterBar-btnBasicSearch","interaction":{"idSuffix":"I"}},"clearTextFirst":true,"interactionType":"ENTER_TEXT"}]}
RESULT: {"script":"<script> [776 bytes]","args":[{"enterText":"401002","selector":{"id":"application-ruinventorylist-display-component---Master--smartFilterBar-btnBasicSearch","interaction":{"idSuffix":"I"}},"clearTextFirst":true,"interactionType":"ENTER_TEXT"}]}
COMMAND: POST /session/2fd0d91dfda64e364b58a1834e9c6eef/actions - {"actions":[{"id":"action4","type":"key","parameters":{},"actions":[{"type":"keyDown","value":"î€‡"},{"type":"pause","duration":10},{"type":"keyUp","value":"î€‡"}]}]}
RESULT: {"actions":[{"id":"action4","type":"key","parameters":{},"actions":[{"type":"keyDown","value":"î€‡"},{"type":"pause","duration":10},{"type":"keyUp","value":"î€‡"}]}]}
COMMAND: GET /session/2fd0d91dfda64e364b58a1834e9c6eef/screenshot - {}
RESULT: {}
COMMAND: POST /session/2fd0d91dfda64e364b58a1834e9c6eef/element - {"using":"xpath","value":"//span[@id=\"application-ruinventorylist-display-component---Master--smartTableRuInventoryList-header-inner\"]"}
RESULT: {"using":"xpath","value":"//span[@id=\"application-ruinventorylist-display-component---Master--smartTableRuInventoryList-header-inner\"]"}
COMMAND: POST /session/2fd0d91dfda64e364b58a1834e9c6eef/elements - {"using":"xpath","value":"//span[@id=\"application-ruinventorylist-display-component---Master--smartTableRuInventoryList-header-inner\"]"}
RESULT: {"using":"xpath","value":"//span[@id=\"application-ruinventorylist-display-component---Master--smartTableRuInventoryList-header-inner\"]"}
COMMAND: POST /session/2fd0d91dfda64e364b58a1834e9c6eef/execute/sync - {"script":"<script> [56 bytes]","args":[{"element-6066-11e4-a52e-4f735466cecf":"f.E5F40E6F9784B6DA95361123DC858BB1.d.6FB86E6278155DFA25165CDD699B630A.e.870","ELEMENT":"f.E5F40E6F9784B6DA95361123DC858BB1.d.6FB86E6278155DFA25165CDD699B630A.e.870"}]}
RESULT: {"script":"<script> [56 bytes]","args":[{"element-6066-11e4-a52e-4f735466cecf":"f.E5F40E6F9784B6DA95361123DC858BB1.d.6FB86E6278155DFA25165CDD699B630A.e.870","ELEMENT":"f.E5F40E6F9784B6DA95361123DC858BB1.d.6FB86E6278155DFA25165CDD699B630A.e.870"}]}
COMMAND: POST /session/2fd0d91dfda64e364b58a1834e9c6eef/element - {"using":"xpath","value":"//table[contains(@id, \"application-ruinventorylist-display-component---Master--tableRuInventoryList-listUl\")]/tbody/tr[1]/td[2]/div/div"}
COMMAND: GET /session/2fd0d91dfda64e364b58a1834e9c6eef/screenshot - {}
RESULT: {"using":"xpath","value":"//table[contains(@id, \"application-ruinventorylist-display-component---Master--tableRuInventoryList-listUl\")]/tbody/tr[1]/td[2]/div/div"}
COMMAND: POST /session/2fd0d91dfda64e364b58a1834e9c6eef/element/f.E5F40E6F9784B6DA95361123DC858BB1.d.6FB86E6278155DFA25165CDD699B630A.e.1039/click - {}
RESULT: {}
RESULT: {}
COMMAND: GET /session/2fd0d91dfda64e364b58a1834e9c6eef/screenshot - {}
RESULT: {}
COMMAND: POST /session/2fd0d91dfda64e364b58a1834e9c6eef/element - {"using":"xpath","value":"//div[contains(@id, \"smartFilterBar-btnBasicSearch-reset\")]"}
RESULT: {"using":"xpath","value":"//div[contains(@id, \"smartFilterBar-btnBasicSearch-reset\")]"}
COMMAND: POST /session/2fd0d91dfda64e364b58a1834e9c6eef/element/f.E5F40E6F9784B6DA95361123DC858BB1.d.6FB86E6278155DFA25165CDD699B630A.e.888/click - {}
RESULT: {}
COMMAND: GET /session/2fd0d91dfda64e364b58a1834e9c6eef/screenshot - {}
RESULT: {}
COMMAND: POST /session/2fd0d91dfda64e364b58a1834e9c6eef/element/f.E5F40E6F9784B6DA95361123DC858BB1.d.6FB86E6278155DFA25165CDD699B630A.e.298/click - {}
RESULT: {}
COMMAND: GET /session/2fd0d91dfda64e364b58a1834e9c6eef/screenshot - {}
RESULT: {}
COMMAND: POST /session/2fd0d91dfda64e364b58a1834e9c6eef/execute/async - {"script":"<script> [1562 bytes]","args":[{"selector":{"controlType":"sap.m.Title","viewName":"etm.portal.ui.ruinventorylist.view.Master","viewId":"application-ruinventorylist-display-component---Master","properties":{"text":"Mass State Change"},"searchOpenDialogs":true},"wdio_ui5_key":"etmportal.ui.ruinventorylist.view.Mastersap.m.Title{\"text\":\"Mass State Change\"}"}]}
RESULT: {"script":"<script> [1562 bytes]","args":[{"selector":{"controlType":"sap.m.Title","viewName":"etm.portal.ui.ruinventorylist.view.Master","viewId":"application-ruinventorylist-display-component---Master","properties":{"text":"Mass State Change"},"searchOpenDialogs":true},"wdio_ui5_key":"etmportal.ui.ruinventorylist.view.Mastersap.m.Title{\"text\":\"Mass State Change\"}"}]}
RESULT: undefined
COMMAND: POST /session/2fd0d91dfda64e364b58a1834e9c6eef/execute/async - {"script":"<script> [6424 bytes]","args":[{"element-6066-11e4-a52e-4f735466cecf":"f.E5F40E6F9784B6DA95361123DC858BB1.d.6FB86E6278155DFA25165CDD699B630A.e.1207"},"getText",[]]}
RESULT: {"script":"<script> [6424 bytes]","args":[{"element-6066-11e4-a52e-4f735466cecf":"f.E5F40E6F9784B6DA95361123DC858BB1.d.6FB86E6278155DFA25165CDD699B630A.e.1207"},"getText",[]]}
COMMAND: POST /session/2fd0d91dfda64e364b58a1834e9c6eef/element - {"using":"xpath","value":"(//bdi[contains(text(), \"OK\")])[1]"}
RESULT: {"using":"xpath","value":"(//bdi[contains(text(), \"OK\")])[1]"}
COMMAND: POST /session/2fd0d91dfda64e364b58a1834e9c6eef/element/f.E5F40E6F9784B6DA95361123DC858BB1.d.6FB86E6278155DFA25165CDD699B630A.e.1208/click - {}
RESULT: {}
COMMAND: GET /session/2fd0d91dfda64e364b58a1834e9c6eef/screenshot - {}
RESULT: {}
COMMAND: POST /session/2fd0d91dfda64e364b58a1834e9c6eef/element - {"using":"css selector","value":"div.sapMMessageBoxError"}
RESULT: {"using":"css selector","value":"div.sapMMessageBoxError"}
COMMAND: POST /session/2fd0d91dfda64e364b58a1834e9c6eef/elements - {"using":"css selector","value":"div.sapMMessageBoxError"}
RESULT: {"using":"css selector","value":"div.sapMMessageBoxError"}
COMMAND: POST /session/2fd0d91dfda64e364b58a1834e9c6eef/element - {"using":"xpath","value":"(//bdi[contains(text(), \"Close\")])[1]"}
RESULT: {"using":"xpath","value":"(//bdi[contains(text(), \"Close\")])[1]"}
COMMAND: POST /session/2fd0d91dfda64e364b58a1834e9c6eef/element/f.E5F40E6F9784B6DA95361123DC858BB1.d.6FB86E6278155DFA25165CDD699B630A.e.1213/click - {}
RESULT: {}
COMMAND: GET /session/2fd0d91dfda64e364b58a1834e9c6eef/screenshot - {}
RESULT: {}
COMMAND: POST /session/2fd0d91dfda64e364b58a1834e9c6eef/execute/async - {"script":"<script> [1562 bytes]","args":[{"selector":{"id":"application-ruinventorylist-display-component---Master--ruStateTypes-arrow","searchOpenDialogs":true},"wdio_ui5_key":"applicationruinventorylist-display-component---Master--ruStateTypes-arrow"}]}
RESULT: {"script":"<script> [1562 bytes]","args":[{"selector":{"id":"application-ruinventorylist-display-component---Master--ruStateTypes-arrow","searchOpenDialogs":true},"wdio_ui5_key":"applicationruinventorylist-display-component---Master--ruStateTypes-arrow"}]}
RESULT: undefined
COMMAND: POST /session/2fd0d91dfda64e364b58a1834e9c6eef/element - {"using":"xpath","value":"//*[@id=\"application-ruinventorylist-display-component---Master--ruStateTypes-arrow\"]"}
RESULT: {"using":"xpath","value":"//*[@id=\"application-ruinventorylist-display-component---Master--ruStateTypes-arrow\"]"}
COMMAND: POST /session/2fd0d91dfda64e364b58a1834e9c6eef/element/f.E5F40E6F9784B6DA95361123DC858BB1.d.6FB86E6278155DFA25165CDD699B630A.e.1214/click - {}
RESULT: {}
COMMAND: GET /session/2fd0d91dfda64e364b58a1834e9c6eef/screenshot - {}
RESULT: {}
COMMAND: POST /session/2fd0d91dfda64e364b58a1834e9c6eef/element - {"using":"xpath","value":"//li[.//span[text()=\"defect\"]]"}
RESULT: {"using":"xpath","value":"//li[.//span[text()=\"defect\"]]"}
COMMAND: POST /session/2fd0d91dfda64e364b58a1834e9c6eef/element/f.E5F40E6F9784B6DA95361123DC858BB1.d.6FB86E6278155DFA25165CDD699B630A.e.1215/click - {}
RESULT: {}
COMMAND: GET /session/2fd0d91dfda64e364b58a1834e9c6eef/screenshot - {}
RESULT: {}
COMMAND: POST /session/2fd0d91dfda64e364b58a1834e9c6eef/element - {"using":"xpath","value":"(//span[@data-kt=\"trashMassStateChangeIcon\"])[1]"}
RESULT: {"using":"xpath","value":"(//span[@data-kt=\"trashMassStateChangeIcon\"])[1]"}
COMMAND: POST /session/2fd0d91dfda64e364b58a1834e9c6eef/element/f.E5F40E6F9784B6DA95361123DC858BB1.d.6FB86E6278155DFA25165CDD699B630A.e.1216/click - {}
RESULT: {}
COMMAND: GET /session/2fd0d91dfda64e364b58a1834e9c6eef/screenshot - {}
RESULT: {}
COMMAND: POST /session/2fd0d91dfda64e364b58a1834e9c6eef/element - {"using":"xpath","value":"//table[contains(@id, \"massStateChangeTable-listUl\")]/tbody/tr[1]/td[11]/div/div/div/input"}
RESULT: {"using":"xpath","value":"//table[contains(@id, \"massStateChangeTable-listUl\")]/tbody/tr[1]/td[11]/div/div/div/input"}
COMMAND: GET /session/2fd0d91dfda64e364b58a1834e9c6eef/element/f.E5F40E6F9784B6DA95361123DC858BB1.d.6FB86E6278155DFA25165CDD699B630A.e.1201/property/value - {}
RESULT: {}
COMMAND: POST /session/2fd0d91dfda64e364b58a1834e9c6eef/element - {"using":"xpath","value":"(//span[@data-kt=\"trashMassStateChangeIcon\"])[2]"}
COMMAND: GET /session/2fd0d91dfda64e364b58a1834e9c6eef/screenshot - {}
RESULT: {"using":"xpath","value":"(//span[@data-kt=\"trashMassStateChangeIcon\"])[2]"}
COMMAND: POST /session/2fd0d91dfda64e364b58a1834e9c6eef/element/f.E5F40E6F9784B6DA95361123DC858BB1.d.6FB86E6278155DFA25165CDD699B630A.e.1218/click - {}
RESULT: {}
RESULT: {}
COMMAND: GET /session/2fd0d91dfda64e364b58a1834e9c6eef/screenshot - {}
RESULT: {}
COMMAND: POST /session/2fd0d91dfda64e364b58a1834e9c6eef/element - {"using":"xpath","value":"//table[contains(@id, \"massStateChangeTable-listUl\")]/tbody/tr[2]/td[11]/div/div/div/input"}
RESULT: {"using":"xpath","value":"//table[contains(@id, \"massStateChangeTable-listUl\")]/tbody/tr[2]/td[11]/div/div/div/input"}
COMMAND: GET /session/2fd0d91dfda64e364b58a1834e9c6eef/element/f.E5F40E6F9784B6DA95361123DC858BB1.d.6FB86E6278155DFA25165CDD699B630A.e.1205/property/value - {}
RESULT: {}
COMMAND: POST /session/2fd0d91dfda64e364b58a1834e9c6eef/element - {"using":"xpath","value":"//table[contains(@id, \"massStateChangeTable-listUl\")]/tbody/tr[1]/td[10]/div/span/span[1]"}
COMMAND: GET /session/2fd0d91dfda64e364b58a1834e9c6eef/screenshot - {}
RESULT: {"using":"xpath","value":"//table[contains(@id, \"massStateChangeTable-listUl\")]/tbody/tr[1]/td[10]/div/span/span[1]"}
COMMAND: POST /session/2fd0d91dfda64e364b58a1834e9c6eef/execute/sync - {"script":"<script> [56 bytes]","args":[{"element-6066-11e4-a52e-4f735466cecf":"f.E5F40E6F9784B6DA95361123DC858BB1.d.6FB86E6278155DFA25165CDD699B630A.e.1220","ELEMENT":"f.E5F40E6F9784B6DA95361123DC858BB1.d.6FB86E6278155DFA25165CDD699B630A.e.1220"}]}
RESULT: {}
RESULT: {"script":"<script> [56 bytes]","args":[{"element-6066-11e4-a52e-4f735466cecf":"f.E5F40E6F9784B6DA95361123DC858BB1.d.6FB86E6278155DFA25165CDD699B630A.e.1220","ELEMENT":"f.E5F40E6F9784B6DA95361123DC858BB1.d.6FB86E6278155DFA25165CDD699B630A.e.1220"}]}
COMMAND: POST /session/2fd0d91dfda64e364b58a1834e9c6eef/element - {"using":"xpath","value":"//table[contains(@id, \"massStateChangeTable-listUl\")]/tbody/tr[1]/td[11]/div/div/div/div[2]/span"}
COMMAND: GET /session/2fd0d91dfda64e364b58a1834e9c6eef/screenshot - {}
RESULT: {"using":"xpath","value":"//table[contains(@id, \"massStateChangeTable-listUl\")]/tbody/tr[1]/td[11]/div/div/div/div[2]/span"}
COMMAND: POST /session/2fd0d91dfda64e364b58a1834e9c6eef/element/f.E5F40E6F9784B6DA95361123DC858BB1.d.6FB86E6278155DFA25165CDD699B630A.e.1221/click - {}
RESULT: {}
RESULT: {}
COMMAND: GET /session/2fd0d91dfda64e364b58a1834e9c6eef/screenshot - {}
RESULT: {}
COMMAND: POST /session/2fd0d91dfda64e364b58a1834e9c6eef/element - {"using":"xpath","value":"//table[contains(@id, \"massStateChangeTable-listUl\")]/tbody/tr[1]/td[11]/div/div/div/div[2]/span"}
RESULT: {"using":"xpath","value":"//table[contains(@id, \"massStateChangeTable-listUl\")]/tbody/tr[1]/td[11]/div/div/div/div[2]/span"}
COMMAND: POST /session/2fd0d91dfda64e364b58a1834e9c6eef/element/f.E5F40E6F9784B6DA95361123DC858BB1.d.6FB86E6278155DFA25165CDD699B630A.e.1221/click - {}
RESULT: {}
COMMAND: GET /session/2fd0d91dfda64e364b58a1834e9c6eef/screenshot - {}
RESULT: {}
COMMAND: POST /session/2fd0d91dfda64e364b58a1834e9c6eef/element - {"using":"xpath","value":"//table[contains(@id, \"massStateChangeTable-listUl\")]/tbody/tr[1]/td[11]/div/div/div/div[2]/span"}
RESULT: {"using":"xpath","value":"//table[contains(@id, \"massStateChangeTable-listUl\")]/tbody/tr[1]/td[11]/div/div/div/div[2]/span"}
COMMAND: POST /session/2fd0d91dfda64e364b58a1834e9c6eef/element/f.E5F40E6F9784B6DA95361123DC858BB1.d.6FB86E6278155DFA25165CDD699B630A.e.1221/click - {}
RESULT: {}
COMMAND: GET /session/2fd0d91dfda64e364b58a1834e9c6eef/screenshot - {}
RESULT: {}
COMMAND: POST /session/2fd0d91dfda64e364b58a1834e9c6eef/element - {"using":"xpath","value":"//table[contains(@id, \"massStateChangeTable-listUl\")]/tbody/tr[1]/td[11]/div/div/div/div[2]/span"}
RESULT: {"using":"xpath","value":"//table[contains(@id, \"massStateChangeTable-listUl\")]/tbody/tr[1]/td[11]/div/div/div/div[2]/span"}
COMMAND: POST /session/2fd0d91dfda64e364b58a1834e9c6eef/element/f.E5F40E6F9784B6DA95361123DC858BB1.d.6FB86E6278155DFA25165CDD699B630A.e.1221/click - {}
RESULT: {}
COMMAND: GET /session/2fd0d91dfda64e364b58a1834e9c6eef/screenshot - {}
RESULT: {}
COMMAND: POST /session/2fd0d91dfda64e364b58a1834e9c6eef/element - {"using":"xpath","value":"//table[contains(@id, \"massStateChangeTable-listUl\")]/tbody/tr[1]/td[11]/div/div/div/div[2]/span"}
RESULT: {"using":"xpath","value":"//table[contains(@id, \"massStateChangeTable-listUl\")]/tbody/tr[1]/td[11]/div/div/div/div[2]/span"}
COMMAND: POST /session/2fd0d91dfda64e364b58a1834e9c6eef/element/f.E5F40E6F9784B6DA95361123DC858BB1.d.6FB86E6278155DFA25165CDD699B630A.e.1221/click - {}
RESULT: {}
COMMAND: GET /session/2fd0d91dfda64e364b58a1834e9c6eef/screenshot - {}
RESULT: {}
COMMAND: POST /session/2fd0d91dfda64e364b58a1834e9c6eef/element - {"using":"xpath","value":"//table[contains(@id, \"massStateChangeTable-listUl\")]/tbody/tr[1]/td[11]/div/div/div/div[2]/span"}
RESULT: {"using":"xpath","value":"//table[contains(@id, \"massStateChangeTable-listUl\")]/tbody/tr[1]/td[11]/div/div/div/div[2]/span"}
COMMAND: POST /session/2fd0d91dfda64e364b58a1834e9c6eef/element/f.E5F40E6F9784B6DA95361123DC858BB1.d.6FB86E6278155DFA25165CDD699B630A.e.1221/click - {}
RESULT: {}
COMMAND: GET /session/2fd0d91dfda64e364b58a1834e9c6eef/screenshot - {}
RESULT: {}
COMMAND: POST /session/2fd0d91dfda64e364b58a1834e9c6eef/element - {"using":"xpath","value":"//table[contains(@id, \"massStateChangeTable-listUl\")]/tbody/tr[1]/td[11]/div/div/div/div[2]/span"}
RESULT: {"using":"xpath","value":"//table[contains(@id, \"massStateChangeTable-listUl\")]/tbody/tr[1]/td[11]/div/div/div/div[2]/span"}
COMMAND: POST /session/2fd0d91dfda64e364b58a1834e9c6eef/element/f.E5F40E6F9784B6DA95361123DC858BB1.d.6FB86E6278155DFA25165CDD699B630A.e.1221/click - {}
RESULT: {}
COMMAND: GET /session/2fd0d91dfda64e364b58a1834e9c6eef/screenshot - {}
RESULT: {}
COMMAND: POST /session/2fd0d91dfda64e364b58a1834e9c6eef/element - {"using":"xpath","value":"//table[contains(@id, \"massStateChangeTable-listUl\")]/tbody/tr[1]/td[11]/div/div/div/div[2]/span"}
RESULT: {"using":"xpath","value":"//table[contains(@id, \"massStateChangeTable-listUl\")]/tbody/tr[1]/td[11]/div/div/div/div[2]/span"}
COMMAND: POST /session/2fd0d91dfda64e364b58a1834e9c6eef/element/f.E5F40E6F9784B6DA95361123DC858BB1.d.6FB86E6278155DFA25165CDD699B630A.e.1221/click - {}
RESULT: {}
COMMAND: GET /session/2fd0d91dfda64e364b58a1834e9c6eef/screenshot - {}
RESULT: {}
COMMAND: POST /session/2fd0d91dfda64e364b58a1834e9c6eef/element - {"using":"xpath","value":"//table[contains(@id, \"massStateChangeTable-listUl\")]/tbody/tr[1]/td[11]/div/div/div/div[2]/span"}
RESULT: {"using":"xpath","value":"//table[contains(@id, \"massStateChangeTable-listUl\")]/tbody/tr[1]/td[11]/div/div/div/div[2]/span"}
COMMAND: POST /session/2fd0d91dfda64e364b58a1834e9c6eef/element/f.E5F40E6F9784B6DA95361123DC858BB1.d.6FB86E6278155DFA25165CDD699B630A.e.1221/click - {}
RESULT: {}
COMMAND: GET /session/2fd0d91dfda64e364b58a1834e9c6eef/screenshot - {}
RESULT: {}
COMMAND: POST /session/2fd0d91dfda64e364b58a1834e9c6eef/element - {"using":"xpath","value":"//table[contains(@id, \"massStateChangeTable-listUl\")]/tbody/tr[1]/td[11]/div/div/div/div[2]/span"}
RESULT: {"using":"xpath","value":"//table[contains(@id, \"massStateChangeTable-listUl\")]/tbody/tr[1]/td[11]/div/div/div/div[2]/span"}
COMMAND: POST /session/2fd0d91dfda64e364b58a1834e9c6eef/element/f.E5F40E6F9784B6DA95361123DC858BB1.d.6FB86E6278155DFA25165CDD699B630A.e.1221/click - {}
RESULT: {}
COMMAND: GET /session/2fd0d91dfda64e364b58a1834e9c6eef/screenshot - {}
RESULT: {}
COMMAND: POST /session/2fd0d91dfda64e364b58a1834e9c6eef/element - {"using":"xpath","value":"//table[contains(@id, \"massStateChangeTable-listUl\")]/tbody/tr[1]/td[11]/div/div/div/div[2]/span"}
RESULT: {"using":"xpath","value":"//table[contains(@id, \"massStateChangeTable-listUl\")]/tbody/tr[1]/td[11]/div/div/div/div[2]/span"}
COMMAND: POST /session/2fd0d91dfda64e364b58a1834e9c6eef/element/f.E5F40E6F9784B6DA95361123DC858BB1.d.6FB86E6278155DFA25165CDD699B630A.e.1221/click - {}
RESULT: {}
COMMAND: GET /session/2fd0d91dfda64e364b58a1834e9c6eef/screenshot - {}
RESULT: {}
COMMAND: POST /session/2fd0d91dfda64e364b58a1834e9c6eef/element - {"using":"xpath","value":"//table[contains(@id, \"massStateChangeTable-listUl\")]/tbody/tr[1]/td[11]/div/div/div/div[2]/span"}
RESULT: {"using":"xpath","value":"//table[contains(@id, \"massStateChangeTable-listUl\")]/tbody/tr[1]/td[11]/div/div/div/div[2]/span"}
COMMAND: POST /session/2fd0d91dfda64e364b58a1834e9c6eef/element/f.E5F40E6F9784B6DA95361123DC858BB1.d.6FB86E6278155DFA25165CDD699B630A.e.1221/click - {}
RESULT: {}
COMMAND: GET /session/2fd0d91dfda64e364b58a1834e9c6eef/screenshot - {}
RESULT: {}
COMMAND: POST /session/2fd0d91dfda64e364b58a1834e9c6eef/element - {"using":"xpath","value":"//table[contains(@id, \"massStateChangeTable-listUl\")]/tbody/tr[1]/td[11]/div/div/div/div[2]/span"}
RESULT: {"using":"xpath","value":"//table[contains(@id, \"massStateChangeTable-listUl\")]/tbody/tr[1]/td[11]/div/div/div/div[2]/span"}
COMMAND: POST /session/2fd0d91dfda64e364b58a1834e9c6eef/element/f.E5F40E6F9784B6DA95361123DC858BB1.d.6FB86E6278155DFA25165CDD699B630A.e.1221/click - {}
RESULT: {}
COMMAND: GET /session/2fd0d91dfda64e364b58a1834e9c6eef/screenshot - {}
RESULT: {}
COMMAND: POST /session/2fd0d91dfda64e364b58a1834e9c6eef/element - {"using":"xpath","value":"//table[contains(@id, \"massStateChangeTable-listUl\")]/tbody/tr[1]/td[11]/div/div/div/div[2]/span"}
RESULT: {"using":"xpath","value":"//table[contains(@id, \"massStateChangeTable-listUl\")]/tbody/tr[1]/td[11]/div/div/div/div[2]/span"}
COMMAND: POST /session/2fd0d91dfda64e364b58a1834e9c6eef/element/f.E5F40E6F9784B6DA95361123DC858BB1.d.6FB86E6278155DFA25165CDD699B630A.e.1221/click - {}
RESULT: {}
COMMAND: GET /session/2fd0d91dfda64e364b58a1834e9c6eef/screenshot - {}
RESULT: {}
COMMAND: POST /session/2fd0d91dfda64e364b58a1834e9c6eef/element - {"using":"xpath","value":"//table[contains(@id, \"massStateChangeTable-listUl\")]/tbody/tr[1]/td[11]/div/div/div/div[2]/span"}
RESULT: {"using":"xpath","value":"//table[contains(@id, \"massStateChangeTable-listUl\")]/tbody/tr[1]/td[11]/div/div/div/div[2]/span"}
COMMAND: POST /session/2fd0d91dfda64e364b58a1834e9c6eef/element/f.E5F40E6F9784B6DA95361123DC858BB1.d.6FB86E6278155DFA25165CDD699B630A.e.1221/click - {}
RESULT: {}
COMMAND: GET /session/2fd0d91dfda64e364b58a1834e9c6eef/screenshot - {}
RESULT: {}
COMMAND: POST /session/2fd0d91dfda64e364b58a1834e9c6eef/element - {"using":"xpath","value":"//table[contains(@id, \"massStateChangeTable-listUl\")]/tbody/tr[1]/td[11]/div/div/div/div[2]/span"}
RESULT: {"using":"xpath","value":"//table[contains(@id, \"massStateChangeTable-listUl\")]/tbody/tr[1]/td[11]/div/div/div/div[2]/span"}
COMMAND: POST /session/2fd0d91dfda64e364b58a1834e9c6eef/element/f.E5F40E6F9784B6DA95361123DC858BB1.d.6FB86E6278155DFA25165CDD699B630A.e.1221/click - {}
RESULT: {}
COMMAND: GET /session/2fd0d91dfda64e364b58a1834e9c6eef/screenshot - {}
RESULT: {}
COMMAND: POST /session/2fd0d91dfda64e364b58a1834e9c6eef/element - {"using":"xpath","value":"//table[contains(@id, \"massStateChangeTable-listUl\")]/tbody/tr[1]/td[11]/div/div/div/div[2]/span"}
RESULT: {"using":"xpath","value":"//table[contains(@id, \"massStateChangeTable-listUl\")]/tbody/tr[1]/td[11]/div/div/div/div[2]/span"}
COMMAND: POST /session/2fd0d91dfda64e364b58a1834e9c6eef/element/f.E5F40E6F9784B6DA95361123DC858BB1.d.6FB86E6278155DFA25165CDD699B630A.e.1221/click - {}
RESULT: {}
COMMAND: GET /session/2fd0d91dfda64e364b58a1834e9c6eef/screenshot - {}
RESULT: {}
COMMAND: POST /session/2fd0d91dfda64e364b58a1834e9c6eef/element - {"using":"xpath","value":"//table[contains(@id, \"massStateChangeTable-listUl\")]/tbody/tr[1]/td[11]/div/div/div/div[2]/span"}
RESULT: {"using":"xpath","value":"//table[contains(@id, \"massStateChangeTable-listUl\")]/tbody/tr[1]/td[11]/div/div/div/div[2]/span"}
COMMAND: POST /session/2fd0d91dfda64e364b58a1834e9c6eef/element/f.E5F40E6F9784B6DA95361123DC858BB1.d.6FB86E6278155DFA25165CDD699B630A.e.1221/click - {}
RESULT: {}
COMMAND: GET /session/2fd0d91dfda64e364b58a1834e9c6eef/screenshot - {}
RESULT: {}
COMMAND: POST /session/2fd0d91dfda64e364b58a1834e9c6eef/element - {"using":"xpath","value":"//table[contains(@id, \"massStateChangeTable-listUl\")]/tbody/tr[1]/td[11]/div/div/div/div[2]/span"}
RESULT: {"using":"xpath","value":"//table[contains(@id, \"massStateChangeTable-listUl\")]/tbody/tr[1]/td[11]/div/div/div/div[2]/span"}
COMMAND: POST /session/2fd0d91dfda64e364b58a1834e9c6eef/element/f.E5F40E6F9784B6DA95361123DC858BB1.d.6FB86E6278155DFA25165CDD699B630A.e.1221/click - {}
RESULT: {}
COMMAND: GET /session/2fd0d91dfda64e364b58a1834e9c6eef/screenshot - {}
RESULT: {}
COMMAND: POST /session/2fd0d91dfda64e364b58a1834e9c6eef/element - {"using":"xpath","value":"//table[contains(@id, \"massStateChangeTable-listUl\")]/tbody/tr[1]/td[11]/div/div/div/div[2]/span"}
RESULT: {"using":"xpath","value":"//table[contains(@id, \"massStateChangeTable-listUl\")]/tbody/tr[1]/td[11]/div/div/div/div[2]/span"}
COMMAND: POST /session/2fd0d91dfda64e364b58a1834e9c6eef/element/f.E5F40E6F9784B6DA95361123DC858BB1.d.6FB86E6278155DFA25165CDD699B630A.e.1221/click - {}
RESULT: {}
COMMAND: GET /session/2fd0d91dfda64e364b58a1834e9c6eef/screenshot - {}
RESULT: {}
COMMAND: POST /session/2fd0d91dfda64e364b58a1834e9c6eef/element - {"using":"xpath","value":"//table[contains(@id, \"massStateChangeTable-listUl\")]/tbody/tr[1]/td[11]/div/div/div/div[2]/span"}
RESULT: {"using":"xpath","value":"//table[contains(@id, \"massStateChangeTable-listUl\")]/tbody/tr[1]/td[11]/div/div/div/div[2]/span"}
COMMAND: POST /session/2fd0d91dfda64e364b58a1834e9c6eef/element/f.E5F40E6F9784B6DA95361123DC858BB1.d.6FB86E6278155DFA25165CDD699B630A.e.1221/click - {}
RESULT: {}
COMMAND: GET /session/2fd0d91dfda64e364b58a1834e9c6eef/screenshot - {}
RESULT: {}
COMMAND: POST /session/2fd0d91dfda64e364b58a1834e9c6eef/element - {"using":"xpath","value":"//table[contains(@id, \"massStateChangeTable-listUl\")]/tbody/tr[1]/td[11]/div/div/div/div[2]/span"}
RESULT: {"using":"xpath","value":"//table[contains(@id, \"massStateChangeTable-listUl\")]/tbody/tr[1]/td[11]/div/div/div/div[2]/span"}
COMMAND: POST /session/2fd0d91dfda64e364b58a1834e9c6eef/element/f.E5F40E6F9784B6DA95361123DC858BB1.d.6FB86E6278155DFA25165CDD699B630A.e.1221/click - {}
RESULT: {}
COMMAND: GET /session/2fd0d91dfda64e364b58a1834e9c6eef/screenshot - {}
RESULT: {}
COMMAND: POST /session/2fd0d91dfda64e364b58a1834e9c6eef/element - {"using":"xpath","value":"//table[contains(@id, \"massStateChangeTable-listUl\")]/tbody/tr[1]/td[11]/div/div/div/div[2]/span"}
RESULT: {"using":"xpath","value":"//table[contains(@id, \"massStateChangeTable-listUl\")]/tbody/tr[1]/td[11]/div/div/div/div[2]/span"}
COMMAND: POST /session/2fd0d91dfda64e364b58a1834e9c6eef/element/f.E5F40E6F9784B6DA95361123DC858BB1.d.6FB86E6278155DFA25165CDD699B630A.e.1221/click - {}
RESULT: {}
COMMAND: GET /session/2fd0d91dfda64e364b58a1834e9c6eef/screenshot - {}
RESULT: {}
COMMAND: POST /session/2fd0d91dfda64e364b58a1834e9c6eef/element - {"using":"xpath","value":"//table[contains(@id, \"massStateChangeTable-listUl\")]/tbody/tr[1]/td[11]/div/div/div/div[2]/span"}
RESULT: {"using":"xpath","value":"//table[contains(@id, \"massStateChangeTable-listUl\")]/tbody/tr[1]/td[11]/div/div/div/div[2]/span"}
COMMAND: POST /session/2fd0d91dfda64e364b58a1834e9c6eef/element/f.E5F40E6F9784B6DA95361123DC858BB1.d.6FB86E6278155DFA25165CDD699B630A.e.1221/click - {}
RESULT: {}
COMMAND: GET /session/2fd0d91dfda64e364b58a1834e9c6eef/screenshot - {}
RESULT: {}
COMMAND: POST /session/2fd0d91dfda64e364b58a1834e9c6eef/element - {"using":"xpath","value":"//table[contains(@id, \"massStateChangeTable-listUl\")]/tbody/tr[1]/td[11]/div/div/div/div[2]/span"}
RESULT: {"using":"xpath","value":"//table[contains(@id, \"massStateChangeTable-listUl\")]/tbody/tr[1]/td[11]/div/div/div/div[2]/span"}
COMMAND: POST /session/2fd0d91dfda64e364b58a1834e9c6eef/element/f.E5F40E6F9784B6DA95361123DC858BB1.d.6FB86E6278155DFA25165CDD699B630A.e.1221/click - {}
RESULT: {}
COMMAND: GET /session/2fd0d91dfda64e364b58a1834e9c6eef/screenshot - {}
RESULT: {}
COMMAND: POST /session/2fd0d91dfda64e364b58a1834e9c6eef/element - {"using":"xpath","value":"//table[contains(@id, \"massStateChangeTable-listUl\")]/tbody/tr[1]/td[11]/div/div/div/div[2]/span"}
RESULT: {"using":"xpath","value":"//table[contains(@id, \"massStateChangeTable-listUl\")]/tbody/tr[1]/td[11]/div/div/div/div[2]/span"}
COMMAND: POST /session/2fd0d91dfda64e364b58a1834e9c6eef/element/f.E5F40E6F9784B6DA95361123DC858BB1.d.6FB86E6278155DFA25165CDD699B630A.e.1221/click - {}
RESULT: {}
COMMAND: GET /session/2fd0d91dfda64e364b58a1834e9c6eef/screenshot - {}
RESULT: {}
COMMAND: POST /session/2fd0d91dfda64e364b58a1834e9c6eef/element - {"using":"xpath","value":"//table[contains(@id, \"massStateChangeTable-listUl\")]/tbody/tr[1]/td[11]/div/div/div/div[2]/span"}
RESULT: {"using":"xpath","value":"//table[contains(@id, \"massStateChangeTable-listUl\")]/tbody/tr[1]/td[11]/div/div/div/div[2]/span"}
COMMAND: POST /session/2fd0d91dfda64e364b58a1834e9c6eef/element/f.E5F40E6F9784B6DA95361123DC858BB1.d.6FB86E6278155DFA25165CDD699B630A.e.1221/click - {}
RESULT: {}
COMMAND: GET /session/2fd0d91dfda64e364b58a1834e9c6eef/screenshot - {}
RESULT: {}
COMMAND: POST /session/2fd0d91dfda64e364b58a1834e9c6eef/element - {"using":"xpath","value":"//table[contains(@id, \"massStateChangeTable-listUl\")]/tbody/tr[1]/td[11]/div/div/div/div[2]/span"}
RESULT: {"using":"xpath","value":"//table[contains(@id, \"massStateChangeTable-listUl\")]/tbody/tr[1]/td[11]/div/div/div/div[2]/span"}
COMMAND: POST /session/2fd0d91dfda64e364b58a1834e9c6eef/element/f.E5F40E6F9784B6DA95361123DC858BB1.d.6FB86E6278155DFA25165CDD699B630A.e.1221/click - {}
RESULT: {}
COMMAND: GET /session/2fd0d91dfda64e364b58a1834e9c6eef/screenshot - {}
RESULT: {}
COMMAND: POST /session/2fd0d91dfda64e364b58a1834e9c6eef/element - {"using":"xpath","value":"//table[contains(@id, \"massStateChangeTable-listUl\")]/tbody/tr[1]/td[11]/div/div/div/div[2]/span"}
RESULT: {"using":"xpath","value":"//table[contains(@id, \"massStateChangeTable-listUl\")]/tbody/tr[1]/td[11]/div/div/div/div[2]/span"}
COMMAND: POST /session/2fd0d91dfda64e364b58a1834e9c6eef/element/f.E5F40E6F9784B6DA95361123DC858BB1.d.6FB86E6278155DFA25165CDD699B630A.e.1221/click - {}
RESULT: {}
COMMAND: GET /session/2fd0d91dfda64e364b58a1834e9c6eef/screenshot - {}
RESULT: {}
COMMAND: POST /session/2fd0d91dfda64e364b58a1834e9c6eef/element - {"using":"xpath","value":"//table[contains(@id, \"massStateChangeTable-listUl\")]/tbody/tr[1]/td[11]/div/div/div/div[2]/span"}
RESULT: {"using":"xpath","value":"//table[contains(@id, \"massStateChangeTable-listUl\")]/tbody/tr[1]/td[11]/div/div/div/div[2]/span"}
COMMAND: POST /session/2fd0d91dfda64e364b58a1834e9c6eef/element/f.E5F40E6F9784B6DA95361123DC858BB1.d.6FB86E6278155DFA25165CDD699B630A.e.1221/click - {}
RESULT: {}
COMMAND: GET /session/2fd0d91dfda64e364b58a1834e9c6eef/screenshot - {}
RESULT: {}
COMMAND: POST /session/2fd0d91dfda64e364b58a1834e9c6eef/element - {"using":"xpath","value":"//table[contains(@id, \"massStateChangeTable-listUl\")]/tbody/tr[1]/td[11]/div/div/div/div[2]/span"}
RESULT: {"using":"xpath","value":"//table[contains(@id, \"massStateChangeTable-listUl\")]/tbody/tr[1]/td[11]/div/div/div/div[2]/span"}
COMMAND: POST /session/2fd0d91dfda64e364b58a1834e9c6eef/element/f.E5F40E6F9784B6DA95361123DC858BB1.d.6FB86E6278155DFA25165CDD699B630A.e.1221/click - {}
RESULT: {}
COMMAND: GET /session/2fd0d91dfda64e364b58a1834e9c6eef/screenshot - {}
RESULT: {}
COMMAND: POST /session/2fd0d91dfda64e364b58a1834e9c6eef/element - {"using":"xpath","value":"//table[contains(@id, \"massStateChangeTable-listUl\")]/tbody/tr[1]/td[11]/div/div/div/div[2]/span"}
RESULT: {"using":"xpath","value":"//table[contains(@id, \"massStateChangeTable-listUl\")]/tbody/tr[1]/td[11]/div/div/div/div[2]/span"}
COMMAND: POST /session/2fd0d91dfda64e364b58a1834e9c6eef/element/f.E5F40E6F9784B6DA95361123DC858BB1.d.6FB86E6278155DFA25165CDD699B630A.e.1221/click - {}
RESULT: {}
COMMAND: GET /session/2fd0d91dfda64e364b58a1834e9c6eef/screenshot - {}
RESULT: {}
COMMAND: POST /session/2fd0d91dfda64e364b58a1834e9c6eef/element - {"using":"xpath","value":"//table[contains(@id, \"massStateChangeTable-listUl\")]/tbody/tr[1]/td[11]/div/div/div/div[2]/span"}
RESULT: {"using":"xpath","value":"//table[contains(@id, \"massStateChangeTable-listUl\")]/tbody/tr[1]/td[11]/div/div/div/div[2]/span"}
COMMAND: POST /session/2fd0d91dfda64e364b58a1834e9c6eef/element/f.E5F40E6F9784B6DA95361123DC858BB1.d.6FB86E6278155DFA25165CDD699B630A.e.1221/click - {}
RESULT: {}
COMMAND: GET /session/2fd0d91dfda64e364b58a1834e9c6eef/screenshot - {}
RESULT: {}
COMMAND: POST /session/2fd0d91dfda64e364b58a1834e9c6eef/element - {"using":"xpath","value":"//table[contains(@id, \"massStateChangeTable-listUl\")]/tbody/tr[1]/td[11]/div/div/div/div[2]/span"}
RESULT: {"using":"xpath","value":"//table[contains(@id, \"massStateChangeTable-listUl\")]/tbody/tr[1]/td[11]/div/div/div/div[2]/span"}
COMMAND: POST /session/2fd0d91dfda64e364b58a1834e9c6eef/element/f.E5F40E6F9784B6DA95361123DC858BB1.d.6FB86E6278155DFA25165CDD699B630A.e.1221/click - {}
RESULT: {}
COMMAND: GET /session/2fd0d91dfda64e364b58a1834e9c6eef/screenshot - {}
RESULT: {}
COMMAND: POST /session/2fd0d91dfda64e364b58a1834e9c6eef/element - {"using":"xpath","value":"//table[contains(@id, \"massStateChangeTable-listUl\")]/tbody/tr[1]/td[11]/div/div/div/div[2]/span"}
RESULT: {"using":"xpath","value":"//table[contains(@id, \"massStateChangeTable-listUl\")]/tbody/tr[1]/td[11]/div/div/div/div[2]/span"}
COMMAND: POST /session/2fd0d91dfda64e364b58a1834e9c6eef/element/f.E5F40E6F9784B6DA95361123DC858BB1.d.6FB86E6278155DFA25165CDD699B630A.e.1221/click - {}
RESULT: {}
COMMAND: GET /session/2fd0d91dfda64e364b58a1834e9c6eef/screenshot - {}
RESULT: {}
COMMAND: POST /session/2fd0d91dfda64e364b58a1834e9c6eef/element - {"using":"xpath","value":"//table[contains(@id, \"massStateChangeTable-listUl\")]/tbody/tr[1]/td[11]/div/div/div/div[2]/span"}
RESULT: {"using":"xpath","value":"//table[contains(@id, \"massStateChangeTable-listUl\")]/tbody/tr[1]/td[11]/div/div/div/div[2]/span"}
COMMAND: POST /session/2fd0d91dfda64e364b58a1834e9c6eef/element/f.E5F40E6F9784B6DA95361123DC858BB1.d.6FB86E6278155DFA25165CDD699B630A.e.1221/click - {}
RESULT: {}
COMMAND: GET /session/2fd0d91dfda64e364b58a1834e9c6eef/screenshot - {}
RESULT: {}
COMMAND: POST /session/2fd0d91dfda64e364b58a1834e9c6eef/element - {"using":"xpath","value":"//table[contains(@id, \"massStateChangeTable-listUl\")]/tbody/tr[1]/td[11]/div/div/div/div[2]/span"}
RESULT: {"using":"xpath","value":"//table[contains(@id, \"massStateChangeTable-listUl\")]/tbody/tr[1]/td[11]/div/div/div/div[2]/span"}
COMMAND: POST /session/2fd0d91dfda64e364b58a1834e9c6eef/element/f.E5F40E6F9784B6DA95361123DC858BB1.d.6FB86E6278155DFA25165CDD699B630A.e.1221/click - {}
RESULT: {}
COMMAND: GET /session/2fd0d91dfda64e364b58a1834e9c6eef/screenshot - {}
RESULT: {}
COMMAND: POST /session/2fd0d91dfda64e364b58a1834e9c6eef/element - {"using":"xpath","value":"//table[contains(@id, \"massStateChangeTable-listUl\")]/tbody/tr[1]/td[11]/div/div/div/div[2]/span"}
RESULT: {"using":"xpath","value":"//table[contains(@id, \"massStateChangeTable-listUl\")]/tbody/tr[1]/td[11]/div/div/div/div[2]/span"}
COMMAND: POST /session/2fd0d91dfda64e364b58a1834e9c6eef/element/f.E5F40E6F9784B6DA95361123DC858BB1.d.6FB86E6278155DFA25165CDD699B630A.e.1221/click - {}
RESULT: {}
COMMAND: GET /session/2fd0d91dfda64e364b58a1834e9c6eef/screenshot - {}
RESULT: {}
COMMAND: POST /session/2fd0d91dfda64e364b58a1834e9c6eef/element - {"using":"xpath","value":"//table[contains(@id, \"massStateChangeTable-listUl\")]/tbody/tr[1]/td[11]/div/div/div/div[2]/span"}
RESULT: {"using":"xpath","value":"//table[contains(@id, \"massStateChangeTable-listUl\")]/tbody/tr[1]/td[11]/div/div/div/div[2]/span"}
COMMAND: POST /session/2fd0d91dfda64e364b58a1834e9c6eef/element/f.E5F40E6F9784B6DA95361123DC858BB1.d.6FB86E6278155DFA25165CDD699B630A.e.1221/click - {}
RESULT: {}
COMMAND: GET /session/2fd0d91dfda64e364b58a1834e9c6eef/screenshot - {}
RESULT: {}
COMMAND: POST /session/2fd0d91dfda64e364b58a1834e9c6eef/element - {"using":"xpath","value":"//table[contains(@id, \"massStateChangeTable-listUl\")]/tbody/tr[1]/td[11]/div/div/div/div[2]/span"}
RESULT: {"using":"xpath","value":"//table[contains(@id, \"massStateChangeTable-listUl\")]/tbody/tr[1]/td[11]/div/div/div/div[2]/span"}
COMMAND: POST /session/2fd0d91dfda64e364b58a1834e9c6eef/element/f.E5F40E6F9784B6DA95361123DC858BB1.d.6FB86E6278155DFA25165CDD699B630A.e.1221/click - {}
RESULT: {}
COMMAND: GET /session/2fd0d91dfda64e364b58a1834e9c6eef/screenshot - {}
RESULT: {}
COMMAND: POST /session/2fd0d91dfda64e364b58a1834e9c6eef/element - {"using":"xpath","value":"//table[contains(@id, \"massStateChangeTable-listUl\")]/tbody/tr[1]/td[11]/div/div/div/div[2]/span"}
RESULT: {"using":"xpath","value":"//table[contains(@id, \"massStateChangeTable-listUl\")]/tbody/tr[1]/td[11]/div/div/div/div[2]/span"}
COMMAND: POST /session/2fd0d91dfda64e364b58a1834e9c6eef/element/f.E5F40E6F9784B6DA95361123DC858BB1.d.6FB86E6278155DFA25165CDD699B630A.e.1221/click - {}
RESULT: {}
COMMAND: GET /session/2fd0d91dfda64e364b58a1834e9c6eef/screenshot - {}
RESULT: {}
COMMAND: POST /session/2fd0d91dfda64e364b58a1834e9c6eef/element - {"using":"xpath","value":"//table[contains(@id, \"massStateChangeTable-listUl\")]/tbody/tr[1]/td[11]/div/div/div/div[2]/span"}
RESULT: {"using":"xpath","value":"//table[contains(@id, \"massStateChangeTable-listUl\")]/tbody/tr[1]/td[11]/div/div/div/div[2]/span"}
COMMAND: POST /session/2fd0d91dfda64e364b58a1834e9c6eef/element/f.E5F40E6F9784B6DA95361123DC858BB1.d.6FB86E6278155DFA25165CDD699B630A.e.1221/click - {}
RESULT: {}
COMMAND: GET /session/2fd0d91dfda64e364b58a1834e9c6eef/screenshot - {}
RESULT: {}
COMMAND: POST /session/2fd0d91dfda64e364b58a1834e9c6eef/element - {"using":"xpath","value":"//table[contains(@id, \"massStateChangeTable-listUl\")]/tbody/tr[1]/td[11]/div/div/div/div[2]/span"}
RESULT: {"using":"xpath","value":"//table[contains(@id, \"massStateChangeTable-listUl\")]/tbody/tr[1]/td[11]/div/div/div/div[2]/span"}
COMMAND: POST /session/2fd0d91dfda64e364b58a1834e9c6eef/element/f.E5F40E6F9784B6DA95361123DC858BB1.d.6FB86E6278155DFA25165CDD699B630A.e.1221/click - {}
RESULT: {}
COMMAND: GET /session/2fd0d91dfda64e364b58a1834e9c6eef/screenshot - {}
RESULT: {}
COMMAND: POST /session/2fd0d91dfda64e364b58a1834e9c6eef/element - {"using":"xpath","value":"//table[contains(@id, \"massStateChangeTable-listUl\")]/tbody/tr[1]/td[11]/div/div/div/div[2]/span"}
RESULT: {"using":"xpath","value":"//table[contains(@id, \"massStateChangeTable-listUl\")]/tbody/tr[1]/td[11]/div/div/div/div[2]/span"}
COMMAND: POST /session/2fd0d91dfda64e364b58a1834e9c6eef/element/f.E5F40E6F9784B6DA95361123DC858BB1.d.6FB86E6278155DFA25165CDD699B630A.e.1221/click - {}
RESULT: {}
COMMAND: GET /session/2fd0d91dfda64e364b58a1834e9c6eef/screenshot - {}
RESULT: {}
COMMAND: POST /session/2fd0d91dfda64e364b58a1834e9c6eef/element - {"using":"xpath","value":"//table[contains(@id, \"massStateChangeTable-listUl\")]/tbody/tr[1]/td[11]/div/div/div/div[2]/span"}
RESULT: {"using":"xpath","value":"//table[contains(@id, \"massStateChangeTable-listUl\")]/tbody/tr[1]/td[11]/div/div/div/div[2]/span"}
COMMAND: POST /session/2fd0d91dfda64e364b58a1834e9c6eef/element/f.E5F40E6F9784B6DA95361123DC858BB1.d.6FB86E6278155DFA25165CDD699B630A.e.1221/click - {}
RESULT: {}
COMMAND: GET /session/2fd0d91dfda64e364b58a1834e9c6eef/screenshot - {}
RESULT: {}
COMMAND: POST /session/2fd0d91dfda64e364b58a1834e9c6eef/element - {"using":"xpath","value":"//table[contains(@id, \"massStateChangeTable-listUl\")]/tbody/tr[1]/td[11]/div/div/div/div[2]/span"}
RESULT: {"using":"xpath","value":"//table[contains(@id, \"massStateChangeTable-listUl\")]/tbody/tr[1]/td[11]/div/div/div/div[2]/span"}
COMMAND: POST /session/2fd0d91dfda64e364b58a1834e9c6eef/element/f.E5F40E6F9784B6DA95361123DC858BB1.d.6FB86E6278155DFA25165CDD699B630A.e.1221/click - {}
RESULT: {}
COMMAND: GET /session/2fd0d91dfda64e364b58a1834e9c6eef/screenshot - {}
RESULT: {}
COMMAND: POST /session/2fd0d91dfda64e364b58a1834e9c6eef/element - {"using":"xpath","value":"//table[contains(@id, \"massStateChangeTable-listUl\")]/tbody/tr[1]/td[11]/div/div/div/div[2]/span"}
RESULT: {"using":"xpath","value":"//table[contains(@id, \"massStateChangeTable-listUl\")]/tbody/tr[1]/td[11]/div/div/div/div[2]/span"}
COMMAND: POST /session/2fd0d91dfda64e364b58a1834e9c6eef/element/f.E5F40E6F9784B6DA95361123DC858BB1.d.6FB86E6278155DFA25165CDD699B630A.e.1221/click - {}
RESULT: {}
COMMAND: GET /session/2fd0d91dfda64e364b58a1834e9c6eef/screenshot - {}
RESULT: {}
COMMAND: POST /session/2fd0d91dfda64e364b58a1834e9c6eef/element - {"using":"xpath","value":"//table[contains(@id, \"massStateChangeTable-listUl\")]/tbody/tr[1]/td[11]/div/div/div/div[2]/span"}
RESULT: {"using":"xpath","value":"//table[contains(@id, \"massStateChangeTable-listUl\")]/tbody/tr[1]/td[11]/div/div/div/div[2]/span"}
COMMAND: POST /session/2fd0d91dfda64e364b58a1834e9c6eef/element/f.E5F40E6F9784B6DA95361123DC858BB1.d.6FB86E6278155DFA25165CDD699B630A.e.1221/click - {}
RESULT: {}
COMMAND: GET /session/2fd0d91dfda64e364b58a1834e9c6eef/screenshot - {}
RESULT: {}
COMMAND: POST /session/2fd0d91dfda64e364b58a1834e9c6eef/element - {"using":"xpath","value":"//table[contains(@id, \"massStateChangeTable-listUl\")]/tbody/tr[1]/td[11]/div/div/div/div[2]/span"}
RESULT: {"using":"xpath","value":"//table[contains(@id, \"massStateChangeTable-listUl\")]/tbody/tr[1]/td[11]/div/div/div/div[2]/span"}
COMMAND: POST /session/2fd0d91dfda64e364b58a1834e9c6eef/element/f.E5F40E6F9784B6DA95361123DC858BB1.d.6FB86E6278155DFA25165CDD699B630A.e.1221/click - {}
RESULT: {}
COMMAND: GET /session/2fd0d91dfda64e364b58a1834e9c6eef/screenshot - {}
RESULT: {}
COMMAND: POST /session/2fd0d91dfda64e364b58a1834e9c6eef/element - {"using":"xpath","value":"//table[contains(@id, \"massStateChangeTable-listUl\")]/tbody/tr[1]/td[11]/div/div/div/div[2]/span"}
RESULT: {"using":"xpath","value":"//table[contains(@id, \"massStateChangeTable-listUl\")]/tbody/tr[1]/td[11]/div/div/div/div[2]/span"}
COMMAND: POST /session/2fd0d91dfda64e364b58a1834e9c6eef/element/f.E5F40E6F9784B6DA95361123DC858BB1.d.6FB86E6278155DFA25165CDD699B630A.e.1221/click - {}
RESULT: {}
COMMAND: GET /session/2fd0d91dfda64e364b58a1834e9c6eef/screenshot - {}
RESULT: {}
COMMAND: POST /session/2fd0d91dfda64e364b58a1834e9c6eef/element - {"using":"xpath","value":"//table[contains(@id, \"massStateChangeTable-listUl\")]/tbody/tr[2]/td[11]/div/div/div/div[2]/span"}
RESULT: {"using":"xpath","value":"//table[contains(@id, \"massStateChangeTable-listUl\")]/tbody/tr[2]/td[11]/div/div/div/div[2]/span"}
COMMAND: POST /session/2fd0d91dfda64e364b58a1834e9c6eef/element/f.E5F40E6F9784B6DA95361123DC858BB1.d.6FB86E6278155DFA25165CDD699B630A.e.1222/click - {}
RESULT: {}
COMMAND: GET /session/2fd0d91dfda64e364b58a1834e9c6eef/screenshot - {}
RESULT: {}
COMMAND: POST /session/2fd0d91dfda64e364b58a1834e9c6eef/element - {"using":"xpath","value":"//table[contains(@id, \"massStateChangeTable-listUl\")]/tbody/tr[1]/td[11]/div/div/div/input"}
RESULT: {"using":"xpath","value":"//table[contains(@id, \"massStateChangeTable-listUl\")]/tbody/tr[1]/td[11]/div/div/div/input"}
COMMAND: GET /session/2fd0d91dfda64e364b58a1834e9c6eef/element/f.E5F40E6F9784B6DA95361123DC858BB1.d.6FB86E6278155DFA25165CDD699B630A.e.1201/property/value - {}
RESULT: {}
COMMAND: POST /session/2fd0d91dfda64e364b58a1834e9c6eef/element - {"using":"xpath","value":"//table[contains(@id, \"massStateChangeTable-listUl\")]/tbody/tr[2]/td[11]/div/div/div/input"}
COMMAND: GET /session/2fd0d91dfda64e364b58a1834e9c6eef/screenshot - {}
RESULT: {"using":"xpath","value":"//table[contains(@id, \"massStateChangeTable-listUl\")]/tbody/tr[2]/td[11]/div/div/div/input"}
COMMAND: GET /session/2fd0d91dfda64e364b58a1834e9c6eef/element/f.E5F40E6F9784B6DA95361123DC858BB1.d.6FB86E6278155DFA25165CDD699B630A.e.1205/property/value - {}
RESULT: {}
RESULT: {}
COMMAND: POST /session/2fd0d91dfda64e364b58a1834e9c6eef/element - {"using":"xpath","value":"(//bdi[contains(text(), \"OK\")])[1]"}
COMMAND: GET /session/2fd0d91dfda64e364b58a1834e9c6eef/screenshot - {}
RESULT: {"using":"xpath","value":"(//bdi[contains(text(), \"OK\")])[1]"}
COMMAND: POST /session/2fd0d91dfda64e364b58a1834e9c6eef/element/f.E5F40E6F9784B6DA95361123DC858BB1.d.6FB86E6278155DFA25165CDD699B630A.e.1208/click - {}
RESULT: {}
RESULT: {}
COMMAND: GET /session/2fd0d91dfda64e364b58a1834e9c6eef/screenshot - {}
RESULT: {}
COMMAND: POST /session/2fd0d91dfda64e364b58a1834e9c6eef/element - {"using":"xpath","value":"(//bdi[contains(text(), \"OK\")])[2]"}
RESULT: {"using":"xpath","value":"(//bdi[contains(text(), \"OK\")])[2]"}
COMMAND: POST /session/2fd0d91dfda64e364b58a1834e9c6eef/element/f.E5F40E6F9784B6DA95361123DC858BB1.d.6FB86E6278155DFA25165CDD699B630A.e.1225/click - {}
RESULT: {}
COMMAND: GET /session/2fd0d91dfda64e364b58a1834e9c6eef/screenshot - {}
RESULT: {}
RESULT: undefined
COMMAND: POST /session/2fd0d91dfda64e364b58a1834e9c6eef/execute/async - {"script":"<script> [776 bytes]","args":[{"enterText":"600002","selector":{"id":"application-ruinventorylist-display-component---Master--smartFilterBar-btnBasicSearch","interaction":{"idSuffix":"I"}},"clearTextFirst":true,"interactionType":"ENTER_TEXT"}]}
RESULT: {"script":"<script> [776 bytes]","args":[{"enterText":"600002","selector":{"id":"application-ruinventorylist-display-component---Master--smartFilterBar-btnBasicSearch","interaction":{"idSuffix":"I"}},"clearTextFirst":true,"interactionType":"ENTER_TEXT"}]}
COMMAND: POST /session/2fd0d91dfda64e364b58a1834e9c6eef/actions - {"actions":[{"id":"action5","type":"key","parameters":{},"actions":[{"type":"keyDown","value":"î€‡"},{"type":"pause","duration":10},{"type":"keyUp","value":"î€‡"}]}]}
RESULT: {"actions":[{"id":"action5","type":"key","parameters":{},"actions":[{"type":"keyDown","value":"î€‡"},{"type":"pause","duration":10},{"type":"keyUp","value":"î€‡"}]}]}
COMMAND: GET /session/2fd0d91dfda64e364b58a1834e9c6eef/screenshot - {}
RESULT: {}
COMMAND: POST /session/2fd0d91dfda64e364b58a1834e9c6eef/element - {"using":"xpath","value":"//span[@id=\"application-ruinventorylist-display-component---Master--smartTableRuInventoryList-header-inner\"]"}
RESULT: {"using":"xpath","value":"//span[@id=\"application-ruinventorylist-display-component---Master--smartTableRuInventoryList-header-inner\"]"}
COMMAND: POST /session/2fd0d91dfda64e364b58a1834e9c6eef/elements - {"using":"xpath","value":"//span[@id=\"application-ruinventorylist-display-component---Master--smartTableRuInventoryList-header-inner\"]"}
RESULT: {"using":"xpath","value":"//span[@id=\"application-ruinventorylist-display-component---Master--smartTableRuInventoryList-header-inner\"]"}
COMMAND: POST /session/2fd0d91dfda64e364b58a1834e9c6eef/execute/sync - {"script":"<script> [56 bytes]","args":[{"element-6066-11e4-a52e-4f735466cecf":"f.E5F40E6F9784B6DA95361123DC858BB1.d.6FB86E6278155DFA25165CDD699B630A.e.870","ELEMENT":"f.E5F40E6F9784B6DA95361123DC858BB1.d.6FB86E6278155DFA25165CDD699B630A.e.870"}]}
RESULT: {"script":"<script> [56 bytes]","args":[{"element-6066-11e4-a52e-4f735466cecf":"f.E5F40E6F9784B6DA95361123DC858BB1.d.6FB86E6278155DFA25165CDD699B630A.e.870","ELEMENT":"f.E5F40E6F9784B6DA95361123DC858BB1.d.6FB86E6278155DFA25165CDD699B630A.e.870"}]}
COMMAND: POST /session/2fd0d91dfda64e364b58a1834e9c6eef/element - {"using":"xpath","value":"//table[contains(@id, \"application-ruinventorylist-display-component---Master--tableRuInventoryList-listUl\")]/tbody/tr[1]/td[6]/div/span"}
COMMAND: GET /session/2fd0d91dfda64e364b58a1834e9c6eef/screenshot - {}
RESULT: {"using":"xpath","value":"//table[contains(@id, \"application-ruinventorylist-display-component---Master--tableRuInventoryList-listUl\")]/tbody/tr[1]/td[6]/div/span"}
COMMAND: POST /session/2fd0d91dfda64e364b58a1834e9c6eef/execute/sync - {"script":"<script> [56 bytes]","args":[{"element-6066-11e4-a52e-4f735466cecf":"f.E5F40E6F9784B6DA95361123DC858BB1.d.6FB86E6278155DFA25165CDD699B630A.e.1245","ELEMENT":"f.E5F40E6F9784B6DA95361123DC858BB1.d.6FB86E6278155DFA25165CDD699B630A.e.1245"}]}
RESULT: {}
RESULT: {"script":"<script> [56 bytes]","args":[{"element-6066-11e4-a52e-4f735466cecf":"f.E5F40E6F9784B6DA95361123DC858BB1.d.6FB86E6278155DFA25165CDD699B630A.e.1245","ELEMENT":"f.E5F40E6F9784B6DA95361123DC858BB1.d.6FB86E6278155DFA25165CDD699B630A.e.1245"}]}
COMMAND: POST /session/2fd0d91dfda64e364b58a1834e9c6eef/element - {"using":"xpath","value":"//div[contains(@id, \"smartFilterBar-btnBasicSearch-reset\")]"}
COMMAND: GET /session/2fd0d91dfda64e364b58a1834e9c6eef/screenshot - {}
RESULT: {"using":"xpath","value":"//div[contains(@id, \"smartFilterBar-btnBasicSearch-reset\")]"}
COMMAND: POST /session/2fd0d91dfda64e364b58a1834e9c6eef/element/f.E5F40E6F9784B6DA95361123DC858BB1.d.6FB86E6278155DFA25165CDD699B630A.e.888/click - {}
RESULT: {}
RESULT: {}
COMMAND: GET /session/2fd0d91dfda64e364b58a1834e9c6eef/screenshot - {}
RESULT: {}
RESULT: undefined
COMMAND: POST /session/2fd0d91dfda64e364b58a1834e9c6eef/execute/async - {"script":"<script> [776 bytes]","args":[{"enterText":"401002","selector":{"id":"application-ruinventorylist-display-component---Master--smartFilterBar-btnBasicSearch","interaction":{"idSuffix":"I"}},"clearTextFirst":true,"interactionType":"ENTER_TEXT"}]}
RESULT: {"script":"<script> [776 bytes]","args":[{"enterText":"401002","selector":{"id":"application-ruinventorylist-display-component---Master--smartFilterBar-btnBasicSearch","interaction":{"idSuffix":"I"}},"clearTextFirst":true,"interactionType":"ENTER_TEXT"}]}
COMMAND: POST /session/2fd0d91dfda64e364b58a1834e9c6eef/actions - {"actions":[{"id":"action6","type":"key","parameters":{},"actions":[{"type":"keyDown","value":"î€‡"},{"type":"pause","duration":10},{"type":"keyUp","value":"î€‡"}]}]}
RESULT: {"actions":[{"id":"action6","type":"key","parameters":{},"actions":[{"type":"keyDown","value":"î€‡"},{"type":"pause","duration":10},{"type":"keyUp","value":"î€‡"}]}]}
COMMAND: GET /session/2fd0d91dfda64e364b58a1834e9c6eef/screenshot - {}
RESULT: {}
COMMAND: POST /session/2fd0d91dfda64e364b58a1834e9c6eef/element - {"using":"xpath","value":"//span[@id=\"application-ruinventorylist-display-component---Master--smartTableRuInventoryList-header-inner\"]"}
RESULT: {"using":"xpath","value":"//span[@id=\"application-ruinventorylist-display-component---Master--smartTableRuInventoryList-header-inner\"]"}
COMMAND: POST /session/2fd0d91dfda64e364b58a1834e9c6eef/elements - {"using":"xpath","value":"//span[@id=\"application-ruinventorylist-display-component---Master--smartTableRuInventoryList-header-inner\"]"}
RESULT: {"using":"xpath","value":"//span[@id=\"application-ruinventorylist-display-component---Master--smartTableRuInventoryList-header-inner\"]"}
COMMAND: POST /session/2fd0d91dfda64e364b58a1834e9c6eef/execute/sync - {"script":"<script> [56 bytes]","args":[{"element-6066-11e4-a52e-4f735466cecf":"f.E5F40E6F9784B6DA95361123DC858BB1.d.6FB86E6278155DFA25165CDD699B630A.e.870","ELEMENT":"f.E5F40E6F9784B6DA95361123DC858BB1.d.6FB86E6278155DFA25165CDD699B630A.e.870"}]}
RESULT: {"script":"<script> [56 bytes]","args":[{"element-6066-11e4-a52e-4f735466cecf":"f.E5F40E6F9784B6DA95361123DC858BB1.d.6FB86E6278155DFA25165CDD699B630A.e.870","ELEMENT":"f.E5F40E6F9784B6DA95361123DC858BB1.d.6FB86E6278155DFA25165CDD699B630A.e.870"}]}
COMMAND: POST /session/2fd0d91dfda64e364b58a1834e9c6eef/element - {"using":"xpath","value":"//table[contains(@id, \"application-ruinventorylist-display-component---Master--tableRuInventoryList-listUl\")]/tbody/tr[1]/td[6]/div/span"}
COMMAND: GET /session/2fd0d91dfda64e364b58a1834e9c6eef/screenshot - {}
RESULT: {"using":"xpath","value":"//table[contains(@id, \"application-ruinventorylist-display-component---Master--tableRuInventoryList-listUl\")]/tbody/tr[1]/td[6]/div/span"}
COMMAND: POST /session/2fd0d91dfda64e364b58a1834e9c6eef/execute/sync - {"script":"<script> [56 bytes]","args":[{"element-6066-11e4-a52e-4f735466cecf":"f.E5F40E6F9784B6DA95361123DC858BB1.d.6FB86E6278155DFA25165CDD699B630A.e.1334","ELEMENT":"f.E5F40E6F9784B6DA95361123DC858BB1.d.6FB86E6278155DFA25165CDD699B630A.e.1334"}]}
RESULT: {}
RESULT: {"script":"<script> [56 bytes]","args":[{"element-6066-11e4-a52e-4f735466cecf":"f.E5F40E6F9784B6DA95361123DC858BB1.d.6FB86E6278155DFA25165CDD699B630A.e.1334","ELEMENT":"f.E5F40E6F9784B6DA95361123DC858BB1.d.6FB86E6278155DFA25165CDD699B630A.e.1334"}]}
COMMAND: POST /session/2fd0d91dfda64e364b58a1834e9c6eef/element - {"using":"xpath","value":"//div[contains(@id, \"smartFilterBar-btnBasicSearch-reset\")]"}
COMMAND: GET /session/2fd0d91dfda64e364b58a1834e9c6eef/screenshot - {}
RESULT: {"using":"xpath","value":"//div[contains(@id, \"smartFilterBar-btnBasicSearch-reset\")]"}
COMMAND: POST /session/2fd0d91dfda64e364b58a1834e9c6eef/element/f.E5F40E6F9784B6DA95361123DC858BB1.d.6FB86E6278155DFA25165CDD699B630A.e.888/click - {}
RESULT: {}
RESULT: {}
COMMAND: GET /session/2fd0d91dfda64e364b58a1834e9c6eef/screenshot - {}
RESULT: {}
COMMAND: POST /session/2fd0d91dfda64e364b58a1834e9c6eef/element/f.E5F40E6F9784B6DA95361123DC858BB1.d.6FB86E6278155DFA25165CDD699B630A.e.298/click - {}
RESULT: {}
COMMAND: GET /session/2fd0d91dfda64e364b58a1834e9c6eef/screenshot - {}
RESULT: {}
RESULT: undefined
COMMAND: POST /session/2fd0d91dfda64e364b58a1834e9c6eef/execute/async - {"script":"<script> [776 bytes]","args":[{"enterText":"600002","selector":{"id":"application-ruinventorylist-display-component---Master--smartFilterBar-btnBasicSearch","interaction":{"idSuffix":"I"}},"clearTextFirst":true,"interactionType":"ENTER_TEXT"}]}
RESULT: {"script":"<script> [776 bytes]","args":[{"enterText":"600002","selector":{"id":"application-ruinventorylist-display-component---Master--smartFilterBar-btnBasicSearch","interaction":{"idSuffix":"I"}},"clearTextFirst":true,"interactionType":"ENTER_TEXT"}]}
COMMAND: POST /session/2fd0d91dfda64e364b58a1834e9c6eef/actions - {"actions":[{"id":"action7","type":"key","parameters":{},"actions":[{"type":"keyDown","value":"î€‡"},{"type":"pause","duration":10},{"type":"keyUp","value":"î€‡"}]}]}
RESULT: {"actions":[{"id":"action7","type":"key","parameters":{},"actions":[{"type":"keyDown","value":"î€‡"},{"type":"pause","duration":10},{"type":"keyUp","value":"î€‡"}]}]}
COMMAND: GET /session/2fd0d91dfda64e364b58a1834e9c6eef/screenshot - {}
RESULT: {}
COMMAND: POST /session/2fd0d91dfda64e364b58a1834e9c6eef/element - {"using":"xpath","value":"//span[@id=\"application-ruinventorylist-display-component---Master--smartTableRuInventoryList-header-inner\"]"}
RESULT: {"using":"xpath","value":"//span[@id=\"application-ruinventorylist-display-component---Master--smartTableRuInventoryList-header-inner\"]"}
COMMAND: POST /session/2fd0d91dfda64e364b58a1834e9c6eef/elements - {"using":"xpath","value":"//span[@id=\"application-ruinventorylist-display-component---Master--smartTableRuInventoryList-header-inner\"]"}
RESULT: {"using":"xpath","value":"//span[@id=\"application-ruinventorylist-display-component---Master--smartTableRuInventoryList-header-inner\"]"}
COMMAND: POST /session/2fd0d91dfda64e364b58a1834e9c6eef/execute/sync - {"script":"<script> [56 bytes]","args":[{"element-6066-11e4-a52e-4f735466cecf":"f.E5F40E6F9784B6DA95361123DC858BB1.d.6FB86E6278155DFA25165CDD699B630A.e.870","ELEMENT":"f.E5F40E6F9784B6DA95361123DC858BB1.d.6FB86E6278155DFA25165CDD699B630A.e.870"}]}
RESULT: {"script":"<script> [56 bytes]","args":[{"element-6066-11e4-a52e-4f735466cecf":"f.E5F40E6F9784B6DA95361123DC858BB1.d.6FB86E6278155DFA25165CDD699B630A.e.870","ELEMENT":"f.E5F40E6F9784B6DA95361123DC858BB1.d.6FB86E6278155DFA25165CDD699B630A.e.870"}]}
COMMAND: POST /session/2fd0d91dfda64e364b58a1834e9c6eef/element - {"using":"xpath","value":"//table[contains(@id, \"application-ruinventorylist-display-component---Master--tableRuInventoryList-listUl\")]/tbody/tr[1]/td[2]/div/div"}
COMMAND: GET /session/2fd0d91dfda64e364b58a1834e9c6eef/screenshot - {}
RESULT: {"using":"xpath","value":"//table[contains(@id, \"application-ruinventorylist-display-component---Master--tableRuInventoryList-listUl\")]/tbody/tr[1]/td[2]/div/div"}
COMMAND: POST /session/2fd0d91dfda64e364b58a1834e9c6eef/element/f.E5F40E6F9784B6DA95361123DC858BB1.d.6FB86E6278155DFA25165CDD699B630A.e.1597/click - {}
RESULT: {}
RESULT: {}
COMMAND: GET /session/2fd0d91dfda64e364b58a1834e9c6eef/screenshot - {}
RESULT: {}
COMMAND: POST /session/2fd0d91dfda64e364b58a1834e9c6eef/element - {"using":"xpath","value":"//div[contains(@id, \"smartFilterBar-btnBasicSearch-reset\")]"}
RESULT: {"using":"xpath","value":"//div[contains(@id, \"smartFilterBar-btnBasicSearch-reset\")]"}
COMMAND: POST /session/2fd0d91dfda64e364b58a1834e9c6eef/element/f.E5F40E6F9784B6DA95361123DC858BB1.d.6FB86E6278155DFA25165CDD699B630A.e.888/click - {}
RESULT: {}
COMMAND: GET /session/2fd0d91dfda64e364b58a1834e9c6eef/screenshot - {}
RESULT: {}
RESULT: undefined
COMMAND: POST /session/2fd0d91dfda64e364b58a1834e9c6eef/execute/async - {"script":"<script> [776 bytes]","args":[{"enterText":"401002","selector":{"id":"application-ruinventorylist-display-component---Master--smartFilterBar-btnBasicSearch","interaction":{"idSuffix":"I"}},"clearTextFirst":true,"interactionType":"ENTER_TEXT"}]}
RESULT: {"script":"<script> [776 bytes]","args":[{"enterText":"401002","selector":{"id":"application-ruinventorylist-display-component---Master--smartFilterBar-btnBasicSearch","interaction":{"idSuffix":"I"}},"clearTextFirst":true,"interactionType":"ENTER_TEXT"}]}
COMMAND: POST /session/2fd0d91dfda64e364b58a1834e9c6eef/actions - {"actions":[{"id":"action8","type":"key","parameters":{},"actions":[{"type":"keyDown","value":"î€‡"},{"type":"pause","duration":10},{"type":"keyUp","value":"î€‡"}]}]}
RESULT: {"actions":[{"id":"action8","type":"key","parameters":{},"actions":[{"type":"keyDown","value":"î€‡"},{"type":"pause","duration":10},{"type":"keyUp","value":"î€‡"}]}]}
COMMAND: GET /session/2fd0d91dfda64e364b58a1834e9c6eef/screenshot - {}
RESULT: {}
COMMAND: POST /session/2fd0d91dfda64e364b58a1834e9c6eef/element - {"using":"xpath","value":"//span[@id=\"application-ruinventorylist-display-component---Master--smartTableRuInventoryList-header-inner\"]"}
RESULT: {"using":"xpath","value":"//span[@id=\"application-ruinventorylist-display-component---Master--smartTableRuInventoryList-header-inner\"]"}
COMMAND: POST /session/2fd0d91dfda64e364b58a1834e9c6eef/elements - {"using":"xpath","value":"//span[@id=\"application-ruinventorylist-display-component---Master--smartTableRuInventoryList-header-inner\"]"}
RESULT: {"using":"xpath","value":"//span[@id=\"application-ruinventorylist-display-component---Master--smartTableRuInventoryList-header-inner\"]"}
COMMAND: POST /session/2fd0d91dfda64e364b58a1834e9c6eef/execute/sync - {"script":"<script> [56 bytes]","args":[{"element-6066-11e4-a52e-4f735466cecf":"f.E5F40E6F9784B6DA95361123DC858BB1.d.6FB86E6278155DFA25165CDD699B630A.e.870","ELEMENT":"f.E5F40E6F9784B6DA95361123DC858BB1.d.6FB86E6278155DFA25165CDD699B630A.e.870"}]}
RESULT: {"script":"<script> [56 bytes]","args":[{"element-6066-11e4-a52e-4f735466cecf":"f.E5F40E6F9784B6DA95361123DC858BB1.d.6FB86E6278155DFA25165CDD699B630A.e.870","ELEMENT":"f.E5F40E6F9784B6DA95361123DC858BB1.d.6FB86E6278155DFA25165CDD699B630A.e.870"}]}
COMMAND: POST /session/2fd0d91dfda64e364b58a1834e9c6eef/element - {"using":"xpath","value":"//table[contains(@id, \"application-ruinventorylist-display-component---Master--tableRuInventoryList-listUl\")]/tbody/tr[1]/td[2]/div/div"}
COMMAND: GET /session/2fd0d91dfda64e364b58a1834e9c6eef/screenshot - {}
RESULT: {"using":"xpath","value":"//table[contains(@id, \"application-ruinventorylist-display-component---Master--tableRuInventoryList-listUl\")]/tbody/tr[1]/td[2]/div/div"}
COMMAND: POST /session/2fd0d91dfda64e364b58a1834e9c6eef/element/f.E5F40E6F9784B6DA95361123DC858BB1.d.6FB86E6278155DFA25165CDD699B630A.e.1754/click - {}
RESULT: {}
RESULT: {}
COMMAND: GET /session/2fd0d91dfda64e364b58a1834e9c6eef/screenshot - {}
RESULT: {}
COMMAND: POST /session/2fd0d91dfda64e364b58a1834e9c6eef/element - {"using":"xpath","value":"//div[contains(@id, \"smartFilterBar-btnBasicSearch-reset\")]"}
RESULT: {"using":"xpath","value":"//div[contains(@id, \"smartFilterBar-btnBasicSearch-reset\")]"}
COMMAND: POST /session/2fd0d91dfda64e364b58a1834e9c6eef/element/f.E5F40E6F9784B6DA95361123DC858BB1.d.6FB86E6278155DFA25165CDD699B630A.e.888/click - {}
RESULT: {}
COMMAND: GET /session/2fd0d91dfda64e364b58a1834e9c6eef/screenshot - {}
RESULT: {}
COMMAND: POST /session/2fd0d91dfda64e364b58a1834e9c6eef/element/f.E5F40E6F9784B6DA95361123DC858BB1.d.6FB86E6278155DFA25165CDD699B630A.e.298/click - {}
RESULT: {}
COMMAND: GET /session/2fd0d91dfda64e364b58a1834e9c6eef/screenshot - {}
RESULT: {}
RESULT: undefined
COMMAND: POST /session/2fd0d91dfda64e364b58a1834e9c6eef/element - {"using":"xpath","value":"//*[@id=\"application-ruinventorylist-display-component---Master--ruStateTypes-arrow\"]"}
RESULT: {"using":"xpath","value":"//*[@id=\"application-ruinventorylist-display-component---Master--ruStateTypes-arrow\"]"}
COMMAND: POST /session/2fd0d91dfda64e364b58a1834e9c6eef/element/f.E5F40E6F9784B6DA95361123DC858BB1.d.6FB86E6278155DFA25165CDD699B630A.e.1922/click - {}
RESULT: {}
COMMAND: GET /session/2fd0d91dfda64e364b58a1834e9c6eef/screenshot - {}
RESULT: {}
COMMAND: POST /session/2fd0d91dfda64e364b58a1834e9c6eef/element - {"using":"xpath","value":"//li[.//span[text()=\"available\"]]"}
RESULT: {"using":"xpath","value":"//li[.//span[text()=\"available\"]]"}
COMMAND: POST /session/2fd0d91dfda64e364b58a1834e9c6eef/element/f.E5F40E6F9784B6DA95361123DC858BB1.d.6FB86E6278155DFA25165CDD699B630A.e.1923/click - {}
RESULT: {}
COMMAND: GET /session/2fd0d91dfda64e364b58a1834e9c6eef/screenshot - {}
RESULT: {}
COMMAND: POST /session/2fd0d91dfda64e364b58a1834e9c6eef/element - {"using":"xpath","value":"(//bdi[contains(text(), \"OK\")])[1]"}
RESULT: {"using":"xpath","value":"(//bdi[contains(text(), \"OK\")])[1]"}
COMMAND: POST /session/2fd0d91dfda64e364b58a1834e9c6eef/element/f.E5F40E6F9784B6DA95361123DC858BB1.d.6FB86E6278155DFA25165CDD699B630A.e.1924/click - {}
RESULT: {}
COMMAND: GET /session/2fd0d91dfda64e364b58a1834e9c6eef/screenshot - {}
RESULT: {}
COMMAND: POST /session/2fd0d91dfda64e364b58a1834e9c6eef/element - {"using":"xpath","value":"(//bdi[contains(text(), \"OK\")])[2]"}
RESULT: {"using":"xpath","value":"(//bdi[contains(text(), \"OK\")])[2]"}
COMMAND: POST /session/2fd0d91dfda64e364b58a1834e9c6eef/element/f.E5F40E6F9784B6DA95361123DC858BB1.d.6FB86E6278155DFA25165CDD699B630A.e.1928/click - {}
RESULT: {}
COMMAND: GET /session/2fd0d91dfda64e364b58a1834e9c6eef/screenshot - {}
RESULT: {}
RESULT: undefined
COMMAND: POST /session/2fd0d91dfda64e364b58a1834e9c6eef/execute/async - {"script":"<script> [776 bytes]","args":[{"enterText":"600002","selector":{"id":"application-ruinventorylist-display-component---Master--smartFilterBar-btnBasicSearch","interaction":{"idSuffix":"I"}},"clearTextFirst":true,"interactionType":"ENTER_TEXT"}]}
RESULT: {"script":"<script> [776 bytes]","args":[{"enterText":"600002","selector":{"id":"application-ruinventorylist-display-component---Master--smartFilterBar-btnBasicSearch","interaction":{"idSuffix":"I"}},"clearTextFirst":true,"interactionType":"ENTER_TEXT"}]}
COMMAND: POST /session/2fd0d91dfda64e364b58a1834e9c6eef/actions - {"actions":[{"id":"action9","type":"key","parameters":{},"actions":[{"type":"keyDown","value":"î€‡"},{"type":"pause","duration":10},{"type":"keyUp","value":"î€‡"}]}]}
RESULT: {"actions":[{"id":"action9","type":"key","parameters":{},"actions":[{"type":"keyDown","value":"î€‡"},{"type":"pause","duration":10},{"type":"keyUp","value":"î€‡"}]}]}
COMMAND: GET /session/2fd0d91dfda64e364b58a1834e9c6eef/screenshot - {}
RESULT: {}
COMMAND: POST /session/2fd0d91dfda64e364b58a1834e9c6eef/element - {"using":"xpath","value":"//span[@id=\"application-ruinventorylist-display-component---Master--smartTableRuInventoryList-header-inner\"]"}
RESULT: {"using":"xpath","value":"//span[@id=\"application-ruinventorylist-display-component---Master--smartTableRuInventoryList-header-inner\"]"}
COMMAND: POST /session/2fd0d91dfda64e364b58a1834e9c6eef/elements - {"using":"xpath","value":"//span[@id=\"application-ruinventorylist-display-component---Master--smartTableRuInventoryList-header-inner\"]"}
RESULT: {"using":"xpath","value":"//span[@id=\"application-ruinventorylist-display-component---Master--smartTableRuInventoryList-header-inner\"]"}
COMMAND: POST /session/2fd0d91dfda64e364b58a1834e9c6eef/execute/sync - {"script":"<script> [56 bytes]","args":[{"element-6066-11e4-a52e-4f735466cecf":"f.E5F40E6F9784B6DA95361123DC858BB1.d.6FB86E6278155DFA25165CDD699B630A.e.870","ELEMENT":"f.E5F40E6F9784B6DA95361123DC858BB1.d.6FB86E6278155DFA25165CDD699B630A.e.870"}]}
RESULT: {"script":"<script> [56 bytes]","args":[{"element-6066-11e4-a52e-4f735466cecf":"f.E5F40E6F9784B6DA95361123DC858BB1.d.6FB86E6278155DFA25165CDD699B630A.e.870","ELEMENT":"f.E5F40E6F9784B6DA95361123DC858BB1.d.6FB86E6278155DFA25165CDD699B630A.e.870"}]}
COMMAND: POST /session/2fd0d91dfda64e364b58a1834e9c6eef/element - {"using":"xpath","value":"//table[contains(@id, \"application-ruinventorylist-display-component---Master--tableRuInventoryList-listUl\")]/tbody/tr[1]/td[6]/div/span"}
COMMAND: GET /session/2fd0d91dfda64e364b58a1834e9c6eef/screenshot - {}
RESULT: {"using":"xpath","value":"//table[contains(@id, \"application-ruinventorylist-display-component---Master--tableRuInventoryList-listUl\")]/tbody/tr[1]/td[6]/div/span"}
COMMAND: POST /session/2fd0d91dfda64e364b58a1834e9c6eef/execute/sync - {"script":"<script> [56 bytes]","args":[{"element-6066-11e4-a52e-4f735466cecf":"f.E5F40E6F9784B6DA95361123DC858BB1.d.6FB86E6278155DFA25165CDD699B630A.e.1952","ELEMENT":"f.E5F40E6F9784B6DA95361123DC858BB1.d.6FB86E6278155DFA25165CDD699B630A.e.1952"}]}
RESULT: {}
RESULT: {"script":"<script> [56 bytes]","args":[{"element-6066-11e4-a52e-4f735466cecf":"f.E5F40E6F9784B6DA95361123DC858BB1.d.6FB86E6278155DFA25165CDD699B630A.e.1952","ELEMENT":"f.E5F40E6F9784B6DA95361123DC858BB1.d.6FB86E6278155DFA25165CDD699B630A.e.1952"}]}
COMMAND: POST /session/2fd0d91dfda64e364b58a1834e9c6eef/element - {"using":"xpath","value":"//div[contains(@id, \"smartFilterBar-btnBasicSearch-reset\")]"}
COMMAND: GET /session/2fd0d91dfda64e364b58a1834e9c6eef/screenshot - {}
RESULT: {"using":"xpath","value":"//div[contains(@id, \"smartFilterBar-btnBasicSearch-reset\")]"}
COMMAND: POST /session/2fd0d91dfda64e364b58a1834e9c6eef/element/f.E5F40E6F9784B6DA95361123DC858BB1.d.6FB86E6278155DFA25165CDD699B630A.e.888/click - {}
RESULT: {}
RESULT: {}
COMMAND: GET /session/2fd0d91dfda64e364b58a1834e9c6eef/screenshot - {}
RESULT: {}
RESULT: undefined
COMMAND: POST /session/2fd0d91dfda64e364b58a1834e9c6eef/execute/async - {"script":"<script> [776 bytes]","args":[{"enterText":"401002","selector":{"id":"application-ruinventorylist-display-component---Master--smartFilterBar-btnBasicSearch","interaction":{"idSuffix":"I"}},"clearTextFirst":true,"interactionType":"ENTER_TEXT"}]}
RESULT: {"script":"<script> [776 bytes]","args":[{"enterText":"401002","selector":{"id":"application-ruinventorylist-display-component---Master--smartFilterBar-btnBasicSearch","interaction":{"idSuffix":"I"}},"clearTextFirst":true,"interactionType":"ENTER_TEXT"}]}
COMMAND: POST /session/2fd0d91dfda64e364b58a1834e9c6eef/actions - {"actions":[{"id":"action10","type":"key","parameters":{},"actions":[{"type":"keyDown","value":"î€‡"},{"type":"pause","duration":10},{"type":"keyUp","value":"î€‡"}]}]}
RESULT: {"actions":[{"id":"action10","type":"key","parameters":{},"actions":[{"type":"keyDown","value":"î€‡"},{"type":"pause","duration":10},{"type":"keyUp","value":"î€‡"}]}]}
COMMAND: GET /session/2fd0d91dfda64e364b58a1834e9c6eef/screenshot - {}
RESULT: {}
COMMAND: POST /session/2fd0d91dfda64e364b58a1834e9c6eef/element - {"using":"xpath","value":"//span[@id=\"application-ruinventorylist-display-component---Master--smartTableRuInventoryList-header-inner\"]"}
RESULT: {"using":"xpath","value":"//span[@id=\"application-ruinventorylist-display-component---Master--smartTableRuInventoryList-header-inner\"]"}
COMMAND: POST /session/2fd0d91dfda64e364b58a1834e9c6eef/elements - {"using":"xpath","value":"//span[@id=\"application-ruinventorylist-display-component---Master--smartTableRuInventoryList-header-inner\"]"}
RESULT: {"using":"xpath","value":"//span[@id=\"application-ruinventorylist-display-component---Master--smartTableRuInventoryList-header-inner\"]"}
COMMAND: POST /session/2fd0d91dfda64e364b58a1834e9c6eef/execute/sync - {"script":"<script> [56 bytes]","args":[{"element-6066-11e4-a52e-4f735466cecf":"f.E5F40E6F9784B6DA95361123DC858BB1.d.6FB86E6278155DFA25165CDD699B630A.e.870","ELEMENT":"f.E5F40E6F9784B6DA95361123DC858BB1.d.6FB86E6278155DFA25165CDD699B630A.e.870"}]}
RESULT: {"script":"<script> [56 bytes]","args":[{"element-6066-11e4-a52e-4f735466cecf":"f.E5F40E6F9784B6DA95361123DC858BB1.d.6FB86E6278155DFA25165CDD699B630A.e.870","ELEMENT":"f.E5F40E6F9784B6DA95361123DC858BB1.d.6FB86E6278155DFA25165CDD699B630A.e.870"}]}
COMMAND: POST /session/2fd0d91dfda64e364b58a1834e9c6eef/element - {"using":"xpath","value":"//table[contains(@id, \"application-ruinventorylist-display-component---Master--tableRuInventoryList-listUl\")]/tbody/tr[1]/td[6]/div/span"}
COMMAND: GET /session/2fd0d91dfda64e364b58a1834e9c6eef/screenshot - {}
RESULT: {"using":"xpath","value":"//table[contains(@id, \"application-ruinventorylist-display-component---Master--tableRuInventoryList-listUl\")]/tbody/tr[1]/td[6]/div/span"}
COMMAND: POST /session/2fd0d91dfda64e364b58a1834e9c6eef/execute/sync - {"script":"<script> [56 bytes]","args":[{"element-6066-11e4-a52e-4f735466cecf":"f.E5F40E6F9784B6DA95361123DC858BB1.d.6FB86E6278155DFA25165CDD699B630A.e.2041","ELEMENT":"f.E5F40E6F9784B6DA95361123DC858BB1.d.6FB86E6278155DFA25165CDD699B630A.e.2041"}]}
RESULT: {}
RESULT: {"script":"<script> [56 bytes]","args":[{"element-6066-11e4-a52e-4f735466cecf":"f.E5F40E6F9784B6DA95361123DC858BB1.d.6FB86E6278155DFA25165CDD699B630A.e.2041","ELEMENT":"f.E5F40E6F9784B6DA95361123DC858BB1.d.6FB86E6278155DFA25165CDD699B630A.e.2041"}]}
COMMAND: POST /session/2fd0d91dfda64e364b58a1834e9c6eef/element - {"using":"xpath","value":"//div[contains(@id, \"smartFilterBar-btnBasicSearch-reset\")]"}
COMMAND: GET /session/2fd0d91dfda64e364b58a1834e9c6eef/screenshot - {}
RESULT: {"using":"xpath","value":"//div[contains(@id, \"smartFilterBar-btnBasicSearch-reset\")]"}
COMMAND: POST /session/2fd0d91dfda64e364b58a1834e9c6eef/element/f.E5F40E6F9784B6DA95361123DC858BB1.d.6FB86E6278155DFA25165CDD699B630A.e.888/click - {}
RESULT: {}
RESULT: {}
COMMAND: GET /session/2fd0d91dfda64e364b58a1834e9c6eef/screenshot - {}
RESULT: {}
COMMAND: POST /session/2fd0d91dfda64e364b58a1834e9c6eef/element - {"using":"css selector","value":"#shell-header-logo"}
RESULT: {"using":"css selector","value":"#shell-header-logo"}
COMMAND: POST /session/2fd0d91dfda64e364b58a1834e9c6eef/element/f.E5F40E6F9784B6DA95361123DC858BB1.d.6FB86E6278155DFA25165CDD699B630A.e.266/click - {}
RESULT: {}
COMMAND: GET /session/2fd0d91dfda64e364b58a1834e9c6eef/screenshot - {}
RESULT: {}
]]></system-out>
    </testcase>
    <testcase classname="chrome.136_0_7103_93.windows.RU_Inventory_Mass_State_Change_Multiple_Items_US151066" name="Prerequisite Step 2 Should create a new equipment" time="150.286">
      <system-out><![CDATA[
COMMAND: POST /session/2fd0d91dfda64e364b58a1834e9c6eef/execute/async - {"script":"<script> [1562 bytes]","args":[{"selector":{"controlType":"sap.m.GenericTile","properties":{"header":"Manage Resources"}},"wdio_ui5_key":"sapm.GenericTile{\"header\":\"Manage Resources\"}"}]}
RESULT: {"script":"<script> [1562 bytes]","args":[{"selector":{"controlType":"sap.m.GenericTile","properties":{"header":"Manage Resources"}},"wdio_ui5_key":"sapm.GenericTile{\"header\":\"Manage Resources\"}"}]}
RESULT: undefined
COMMAND: POST /session/2fd0d91dfda64e364b58a1834e9c6eef/element - {"using":"xpath","value":"//*[@id=\"__tile39\"]"}
RESULT: {"using":"xpath","value":"//*[@id=\"__tile39\"]"}
COMMAND: POST /session/2fd0d91dfda64e364b58a1834e9c6eef/element/f.E5F40E6F9784B6DA95361123DC858BB1.d.6FB86E6278155DFA25165CDD699B630A.e.152/click - {}
RESULT: {}
COMMAND: GET /session/2fd0d91dfda64e364b58a1834e9c6eef/screenshot - {}
RESULT: {}
COMMAND: POST /session/2fd0d91dfda64e364b58a1834e9c6eef/elements - {"using":"xpath","value":"//span[text()='Error']"}
RESULT: {"using":"xpath","value":"//span[text()='Error']"}
COMMAND: POST /session/2fd0d91dfda64e364b58a1834e9c6eef/element - {"using":"xpath","value":"//button[@data-kt=\"addNewRUOverflowToolbarButton\"]"}
RESULT: {"using":"xpath","value":"//button[@data-kt=\"addNewRUOverflowToolbarButton\"]"}
COMMAND: POST /session/2fd0d91dfda64e364b58a1834e9c6eef/elements - {"using":"xpath","value":"//button[@data-kt=\"addNewRUOverflowToolbarButton\"]"}
RESULT: {"using":"xpath","value":"//button[@data-kt=\"addNewRUOverflowToolbarButton\"]"}
COMMAND: POST /session/2fd0d91dfda64e364b58a1834e9c6eef/execute/sync - {"script":"<script> [8489 bytes]","args":[{"element-6066-11e4-a52e-4f735466cecf":"f.E5F40E6F9784B6DA95361123DC858BB1.d.6FB86E6278155DFA25165CDD699B630A.e.2147","ELEMENT":"f.E5F40E6F9784B6DA95361123DC858BB1.d.6FB86E6278155DFA25165CDD699B630A.e.2147"}]}
RESULT: {"script":"<script> [8489 bytes]","args":[{"element-6066-11e4-a52e-4f735466cecf":"f.E5F40E6F9784B6DA95361123DC858BB1.d.6FB86E6278155DFA25165CDD699B630A.e.2147","ELEMENT":"f.E5F40E6F9784B6DA95361123DC858BB1.d.6FB86E6278155DFA25165CDD699B630A.e.2147"}]}
COMMAND: GET /session/2fd0d91dfda64e364b58a1834e9c6eef/element/f.E5F40E6F9784B6DA95361123DC858BB1.d.6FB86E6278155DFA25165CDD699B630A.e.2147/enabled - {}
COMMAND: GET /session/2fd0d91dfda64e364b58a1834e9c6eef/screenshot - {}
RESULT: {}
COMMAND: POST /session/2fd0d91dfda64e364b58a1834e9c6eef/execute/sync - {"script":"<script> [8489 bytes]","args":[{"element-6066-11e4-a52e-4f735466cecf":"f.E5F40E6F9784B6DA95361123DC858BB1.d.6FB86E6278155DFA25165CDD699B630A.e.2147","ELEMENT":"f.E5F40E6F9784B6DA95361123DC858BB1.d.6FB86E6278155DFA25165CDD699B630A.e.2147"}]}
COMMAND: GET /session/2fd0d91dfda64e364b58a1834e9c6eef/screenshot - {}
RESULT: {}
RESULT: {"script":"<script> [8489 bytes]","args":[{"element-6066-11e4-a52e-4f735466cecf":"f.E5F40E6F9784B6DA95361123DC858BB1.d.6FB86E6278155DFA25165CDD699B630A.e.2147","ELEMENT":"f.E5F40E6F9784B6DA95361123DC858BB1.d.6FB86E6278155DFA25165CDD699B630A.e.2147"}]}
COMMAND: POST /session/2fd0d91dfda64e364b58a1834e9c6eef/execute/sync - {"script":"<script> [5351 bytes]","args":[{"element-6066-11e4-a52e-4f735466cecf":"f.E5F40E6F9784B6DA95361123DC858BB1.d.6FB86E6278155DFA25165CDD699B630A.e.2147","ELEMENT":"f.E5F40E6F9784B6DA95361123DC858BB1.d.6FB86E6278155DFA25165CDD699B630A.e.2147"}]}
COMMAND: GET /session/2fd0d91dfda64e364b58a1834e9c6eef/screenshot - {}
RESULT: {}
RESULT: {"script":"<script> [5351 bytes]","args":[{"element-6066-11e4-a52e-4f735466cecf":"f.E5F40E6F9784B6DA95361123DC858BB1.d.6FB86E6278155DFA25165CDD699B630A.e.2147","ELEMENT":"f.E5F40E6F9784B6DA95361123DC858BB1.d.6FB86E6278155DFA25165CDD699B630A.e.2147"}]}
COMMAND: POST /session/2fd0d91dfda64e364b58a1834e9c6eef/element/f.E5F40E6F9784B6DA95361123DC858BB1.d.6FB86E6278155DFA25165CDD699B630A.e.2147/click - {}
COMMAND: GET /session/2fd0d91dfda64e364b58a1834e9c6eef/screenshot - {}
RESULT: {}
RESULT: {}
COMMAND: GET /session/2fd0d91dfda64e364b58a1834e9c6eef/screenshot - {}
COMMAND: POST /session/2fd0d91dfda64e364b58a1834e9c6eef/execute/async - {"script":"<script> [1562 bytes]","args":[{"selector":{"id":"application-manageresources-display-component---newResourceUnit--TYPE-arrow"},"wdio_ui5_key":"applicationmanageresources-display-component---newResourceUnit--TYPE-arrow"}]}
RESULT: {}
RESULT: {}
RESULT: {"script":"<script> [1562 bytes]","args":[{"selector":{"id":"application-manageresources-display-component---newResourceUnit--TYPE-arrow"},"wdio_ui5_key":"applicationmanageresources-display-component---newResourceUnit--TYPE-arrow"}]}
RESULT: undefined
COMMAND: POST /session/2fd0d91dfda64e364b58a1834e9c6eef/element - {"using":"xpath","value":"//*[@id=\"application-manageresources-display-component---newResourceUnit--TYPE-arrow\"]"}
RESULT: {"using":"xpath","value":"//*[@id=\"application-manageresources-display-component---newResourceUnit--TYPE-arrow\"]"}
COMMAND: POST /session/2fd0d91dfda64e364b58a1834e9c6eef/element/f.E5F40E6F9784B6DA95361123DC858BB1.d.6FB86E6278155DFA25165CDD699B630A.e.2507/click - {}
RESULT: {}
COMMAND: POST /session/2fd0d91dfda64e364b58a1834e9c6eef/element - {"using":"xpath","value":"//input[@id=\"application-manageresources-display-component---newResourceUnit--TYPE-inner\"]"}
COMMAND: GET /session/2fd0d91dfda64e364b58a1834e9c6eef/screenshot - {}
RESULT: {"using":"xpath","value":"//input[@id=\"application-manageresources-display-component---newResourceUnit--TYPE-inner\"]"}
COMMAND: POST /session/2fd0d91dfda64e364b58a1834e9c6eef/element/f.E5F40E6F9784B6DA95361123DC858BB1.d.6FB86E6278155DFA25165CDD699B630A.e.2499/clear - {}
RESULT: {}
RESULT: {}
COMMAND: POST /session/2fd0d91dfda64e364b58a1834e9c6eef/element/f.E5F40E6F9784B6DA95361123DC858BB1.d.6FB86E6278155DFA25165CDD699B630A.e.2499/value - {"text":"Equipment"}
COMMAND: GET /session/2fd0d91dfda64e364b58a1834e9c6eef/screenshot - {}
RESULT: {"text":"Equipment"}
COMMAND: GET /session/2fd0d91dfda64e364b58a1834e9c6eef/screenshot - {}
RESULT: {}
RESULT: {}
COMMAND: POST /session/2fd0d91dfda64e364b58a1834e9c6eef/actions - {"actions":[{"id":"action11","type":"key","parameters":{},"actions":[{"type":"keyDown","value":"î€‡"},{"type":"pause","duration":10},{"type":"keyUp","value":"î€‡"}]}]}
RESULT: {"actions":[{"id":"action11","type":"key","parameters":{},"actions":[{"type":"keyDown","value":"î€‡"},{"type":"pause","duration":10},{"type":"keyUp","value":"î€‡"}]}]}
COMMAND: POST /session/2fd0d91dfda64e364b58a1834e9c6eef/execute/async - {"script":"<script> [1562 bytes]","args":[{"selector":{"id":"application-manageresources-display-component---newResourceUnit--resourceId","interaction":{"idSuffix":"inner"}},"wdio_ui5_key":"applicationmanageresources-display-component---newResourceUnit--resourceId"}]}
COMMAND: GET /session/2fd0d91dfda64e364b58a1834e9c6eef/screenshot - {}
RESULT: {"script":"<script> [1562 bytes]","args":[{"selector":{"id":"application-manageresources-display-component---newResourceUnit--resourceId","interaction":{"idSuffix":"inner"}},"wdio_ui5_key":"applicationmanageresources-display-component---newResourceUnit--resourceId"}]}
RESULT: undefined
COMMAND: POST /session/2fd0d91dfda64e364b58a1834e9c6eef/execute/async - {"script":"<script> [776 bytes]","args":[{"enterText":"fAQFhDiIj7","selector":{"id":"application-manageresources-display-component---newResourceUnit--resourceId","interaction":{"idSuffix":"inner"}},"clearTextFirst":true,"interactionType":"ENTER_TEXT"}]}
RESULT: {}
RESULT: {"script":"<script> [776 bytes]","args":[{"enterText":"fAQFhDiIj7","selector":{"id":"application-manageresources-display-component---newResourceUnit--resourceId","interaction":{"idSuffix":"inner"}},"clearTextFirst":true,"interactionType":"ENTER_TEXT"}]}
COMMAND: POST /session/2fd0d91dfda64e364b58a1834e9c6eef/execute/async - {"script":"<script> [1562 bytes]","args":[{"selector":{"id":"application-manageresources-display-component---newResourceUnit--SHORT_TEXT","interaction":{"idSuffix":"inner"}},"wdio_ui5_key":"applicationmanageresources-display-component---newResourceUnit--SHORT_TEXT"}]}
RESULT: {"script":"<script> [1562 bytes]","args":[{"selector":{"id":"application-manageresources-display-component---newResourceUnit--SHORT_TEXT","interaction":{"idSuffix":"inner"}},"wdio_ui5_key":"applicationmanageresources-display-component---newResourceUnit--SHORT_TEXT"}]}
RESULT: undefined
COMMAND: POST /session/2fd0d91dfda64e364b58a1834e9c6eef/execute/async - {"script":"<script> [776 bytes]","args":[{"enterText":"Intercompany Equipment WDIO","selector":{"id":"application-manageresources-display-component---newResourceUnit--SHORT_TEXT","interaction":{"idSuffix":"inner"}},"clearTextFirst":true,"interactionType":"ENTER_TEXT"}]}
RESULT: {"script":"<script> [776 bytes]","args":[{"enterText":"Intercompany Equipment WDIO","selector":{"id":"application-manageresources-display-component---newResourceUnit--SHORT_TEXT","interaction":{"idSuffix":"inner"}},"clearTextFirst":true,"interactionType":"ENTER_TEXT"}]}
COMMAND: POST /session/2fd0d91dfda64e364b58a1834e9c6eef/execute/async - {"script":"<script> [1562 bytes]","args":[{"selector":{"id":"application-manageresources-display-component---newResourceUnit--BASE_UNIT_OF_MEASURE","interaction":{"idSuffix":"inner"}},"wdio_ui5_key":"applicationmanageresources-display-component---newResourceUnit--BASE_UNIT_OF_MEASURE"}]}
RESULT: {"script":"<script> [1562 bytes]","args":[{"selector":{"id":"application-manageresources-display-component---newResourceUnit--BASE_UNIT_OF_MEASURE","interaction":{"idSuffix":"inner"}},"wdio_ui5_key":"applicationmanageresources-display-component---newResourceUnit--BASE_UNIT_OF_MEASURE"}]}
RESULT: undefined
COMMAND: POST /session/2fd0d91dfda64e364b58a1834e9c6eef/execute/async - {"script":"<script> [776 bytes]","args":[{"enterText":"Piece","selector":{"id":"application-manageresources-display-component---newResourceUnit--BASE_UNIT_OF_MEASURE","interaction":{"idSuffix":"inner"}},"clearTextFirst":true,"interactionType":"ENTER_TEXT"}]}
RESULT: {"script":"<script> [776 bytes]","args":[{"enterText":"Piece","selector":{"id":"application-manageresources-display-component---newResourceUnit--BASE_UNIT_OF_MEASURE","interaction":{"idSuffix":"inner"}},"clearTextFirst":true,"interactionType":"ENTER_TEXT"}]}
COMMAND: POST /session/2fd0d91dfda64e364b58a1834e9c6eef/execute/async - {"script":"<script> [1562 bytes]","args":[{"selector":{"id":"application-manageresources-display-component---newResourceUnit--WEIGHT_UNIT","interaction":{"idSuffix":"inner"}},"wdio_ui5_key":"applicationmanageresources-display-component---newResourceUnit--WEIGHT_UNIT"}]}
RESULT: {"script":"<script> [1562 bytes]","args":[{"selector":{"id":"application-manageresources-display-component---newResourceUnit--WEIGHT_UNIT","interaction":{"idSuffix":"inner"}},"wdio_ui5_key":"applicationmanageresources-display-component---newResourceUnit--WEIGHT_UNIT"}]}
RESULT: undefined
COMMAND: POST /session/2fd0d91dfda64e364b58a1834e9c6eef/execute/async - {"script":"<script> [776 bytes]","args":[{"enterText":"Gram","selector":{"id":"application-manageresources-display-component---newResourceUnit--WEIGHT_UNIT","interaction":{"idSuffix":"inner"}},"clearTextFirst":true,"interactionType":"ENTER_TEXT"}]}
RESULT: {"script":"<script> [776 bytes]","args":[{"enterText":"Gram","selector":{"id":"application-manageresources-display-component---newResourceUnit--WEIGHT_UNIT","interaction":{"idSuffix":"inner"}},"clearTextFirst":true,"interactionType":"ENTER_TEXT"}]}
COMMAND: POST /session/2fd0d91dfda64e364b58a1834e9c6eef/execute/async - {"script":"<script> [1562 bytes]","args":[{"selector":{"id":"application-manageresources-display-component---newResourceUnit--DIMENSION_UNIT","interaction":{"idSuffix":"inner"}},"wdio_ui5_key":"applicationmanageresources-display-component---newResourceUnit--DIMENSION_UNIT"}]}
RESULT: {"script":"<script> [1562 bytes]","args":[{"selector":{"id":"application-manageresources-display-component---newResourceUnit--DIMENSION_UNIT","interaction":{"idSuffix":"inner"}},"wdio_ui5_key":"applicationmanageresources-display-component---newResourceUnit--DIMENSION_UNIT"}]}
RESULT: undefined
COMMAND: POST /session/2fd0d91dfda64e364b58a1834e9c6eef/execute/async - {"script":"<script> [776 bytes]","args":[{"enterText":"Meter","selector":{"id":"application-manageresources-display-component---newResourceUnit--DIMENSION_UNIT","interaction":{"idSuffix":"inner"}},"clearTextFirst":true,"interactionType":"ENTER_TEXT"}]}
RESULT: {"script":"<script> [776 bytes]","args":[{"enterText":"Meter","selector":{"id":"application-manageresources-display-component---newResourceUnit--DIMENSION_UNIT","interaction":{"idSuffix":"inner"}},"clearTextFirst":true,"interactionType":"ENTER_TEXT"}]}
COMMAND: POST /session/2fd0d91dfda64e364b58a1834e9c6eef/execute/async - {"script":"<script> [1562 bytes]","args":[{"selector":{"id":"application-manageresources-display-component---newResourceUnit--newRRUPage-anchBar-application-manageresources-display-component---newResourceUnit--control-anchor","interaction":{"idSuffix":"BDI-content"}},"wdio_ui5_key":"applicationmanageresources-display-component---newResourceUnit--newRRUPage-anchBar-application-manageresources-display-component---newResourceUnit--control-anchor"}]}
RESULT: {"script":"<script> [1562 bytes]","args":[{"selector":{"id":"application-manageresources-display-component---newResourceUnit--newRRUPage-anchBar-application-manageresources-display-component---newResourceUnit--control-anchor","interaction":{"idSuffix":"BDI-content"}},"wdio_ui5_key":"applicationmanageresources-display-component---newResourceUnit--newRRUPage-anchBar-application-manageresources-display-component---newResourceUnit--control-anchor"}]}
RESULT: undefined
COMMAND: POST /session/2fd0d91dfda64e364b58a1834e9c6eef/element - {"using":"xpath","value":"//*[@id=\"application-manageresources-display-component---newResourceUnit--newRRUPage-anchBar-application-manageresources-display-component---newResourceUnit--control-anchor\"]"}
RESULT: {"using":"xpath","value":"//*[@id=\"application-manageresources-display-component---newResourceUnit--newRRUPage-anchBar-application-manageresources-display-component---newResourceUnit--control-anchor\"]"}
COMMAND: POST /session/2fd0d91dfda64e364b58a1834e9c6eef/element/f.E5F40E6F9784B6DA95361123DC858BB1.d.6FB86E6278155DFA25165CDD699B630A.e.2640/click - {}
RESULT: {}
COMMAND: POST /session/2fd0d91dfda64e364b58a1834e9c6eef/execute/async - {"script":"<script> [1562 bytes]","args":[{"selector":{"id":"application-manageresources-display-component---newResourceUnit--PLANNING_GROUP","interaction":{"idSuffix":"inner"}},"wdio_ui5_key":"applicationmanageresources-display-component---newResourceUnit--PLANNING_GROUP"}]}
COMMAND: GET /session/2fd0d91dfda64e364b58a1834e9c6eef/screenshot - {}
RESULT: {"script":"<script> [1562 bytes]","args":[{"selector":{"id":"application-manageresources-display-component---newResourceUnit--PLANNING_GROUP","interaction":{"idSuffix":"inner"}},"wdio_ui5_key":"applicationmanageresources-display-component---newResourceUnit--PLANNING_GROUP"}]}
RESULT: undefined
COMMAND: POST /session/2fd0d91dfda64e364b58a1834e9c6eef/execute/async - {"script":"<script> [776 bytes]","args":[{"enterText":"Heavy Equi","selector":{"id":"application-manageresources-display-component---newResourceUnit--PLANNING_GROUP","interaction":{"idSuffix":"inner"}},"clearTextFirst":true,"interactionType":"ENTER_TEXT"}]}
RESULT: {}
RESULT: {"script":"<script> [776 bytes]","args":[{"enterText":"Heavy Equi","selector":{"id":"application-manageresources-display-component---newResourceUnit--PLANNING_GROUP","interaction":{"idSuffix":"inner"}},"clearTextFirst":true,"interactionType":"ENTER_TEXT"}]}
COMMAND: POST /session/2fd0d91dfda64e364b58a1834e9c6eef/execute/async - {"script":"<script> [1562 bytes]","args":[{"selector":{"id":"application-manageresources-display-component---newResourceUnit--ITEM_TYPE-arrow"},"wdio_ui5_key":"applicationmanageresources-display-component---newResourceUnit--ITEM_TYPE-arrow"}]}
RESULT: {"script":"<script> [1562 bytes]","args":[{"selector":{"id":"application-manageresources-display-component---newResourceUnit--ITEM_TYPE-arrow"},"wdio_ui5_key":"applicationmanageresources-display-component---newResourceUnit--ITEM_TYPE-arrow"}]}
RESULT: undefined
COMMAND: POST /session/2fd0d91dfda64e364b58a1834e9c6eef/element - {"using":"xpath","value":"//*[@id=\"application-manageresources-display-component---newResourceUnit--ITEM_TYPE-arrow\"]"}
RESULT: {"using":"xpath","value":"//*[@id=\"application-manageresources-display-component---newResourceUnit--ITEM_TYPE-arrow\"]"}
COMMAND: POST /session/2fd0d91dfda64e364b58a1834e9c6eef/element/f.E5F40E6F9784B6DA95361123DC858BB1.d.6FB86E6278155DFA25165CDD699B630A.e.2647/click - {}
RESULT: {}
COMMAND: POST /session/2fd0d91dfda64e364b58a1834e9c6eef/element - {"using":"xpath","value":"(//span[contains(text(), \"Resource Unit\")])[2]"}
COMMAND: GET /session/2fd0d91dfda64e364b58a1834e9c6eef/screenshot - {}
RESULT: {"using":"xpath","value":"(//span[contains(text(), \"Resource Unit\")])[2]"}
COMMAND: POST /session/2fd0d91dfda64e364b58a1834e9c6eef/element/f.E5F40E6F9784B6DA95361123DC858BB1.d.6FB86E6278155DFA25165CDD699B630A.e.2648/click - {}
RESULT: {}
RESULT: {}
COMMAND: GET /session/2fd0d91dfda64e364b58a1834e9c6eef/screenshot - {}
RESULT: {}
COMMAND: POST /session/2fd0d91dfda64e364b58a1834e9c6eef/element - {"using":"css selector","value":"#application-manageresources-display-component---newResourceUnit--btnAddTimeSegment"}
RESULT: {"using":"css selector","value":"#application-manageresources-display-component---newResourceUnit--btnAddTimeSegment"}
COMMAND: GET /session/2fd0d91dfda64e364b58a1834e9c6eef/element/f.E5F40E6F9784B6DA95361123DC858BB1.d.6FB86E6278155DFA25165CDD699B630A.e.2649/rect - {}
RESULT: {}
COMMAND: GET /session/2fd0d91dfda64e364b58a1834e9c6eef/window/rect - {}
RESULT: {}
COMMAND: POST /session/2fd0d91dfda64e364b58a1834e9c6eef/execute/sync - {"script":"<script> [92 bytes]","args":[]}
RESULT: {"script":"<script> [92 bytes]","args":[]}
COMMAND: POST /session/2fd0d91dfda64e364b58a1834e9c6eef/actions - {"actions":[{"id":"action12","type":"wheel","parameters":{},"actions":[{"type":"scroll","x":-1888,"y":-32,"deltaX":0,"deltaY":0,"duration":0,"origin":{"element-6066-11e4-a52e-4f735466cecf":"f.E5F40E6F9784B6DA95361123DC858BB1.d.6FB86E6278155DFA25165CDD699B630A.e.2649"}}]}]}
COMMAND: GET /session/2fd0d91dfda64e364b58a1834e9c6eef/screenshot - {}
RESULT: {}
COMMAND: POST /session/2fd0d91dfda64e364b58a1834e9c6eef/execute/sync - {"script":"<script> [79 bytes]","args":[{"element-6066-11e4-a52e-4f735466cecf":"f.E5F40E6F9784B6DA95361123DC858BB1.d.6FB86E6278155DFA25165CDD699B630A.e.2649","ELEMENT":"f.E5F40E6F9784B6DA95361123DC858BB1.d.6FB86E6278155DFA25165CDD699B630A.e.2649"},{"block":"start","inline":"nearest"}]}
RESULT: {"script":"<script> [79 bytes]","args":[{"element-6066-11e4-a52e-4f735466cecf":"f.E5F40E6F9784B6DA95361123DC858BB1.d.6FB86E6278155DFA25165CDD699B630A.e.2649","ELEMENT":"f.E5F40E6F9784B6DA95361123DC858BB1.d.6FB86E6278155DFA25165CDD699B630A.e.2649"},{"block":"start","inline":"nearest"}]}
COMMAND: POST /session/2fd0d91dfda64e364b58a1834e9c6eef/execute/async - {"script":"<script> [1562 bytes]","args":[{"selector":{"id":"application-manageresources-display-component---newResourceUnit--btnAddTimeSegment","interaction":{"idSuffix":"inner"}},"wdio_ui5_key":"applicationmanageresources-display-component---newResourceUnit--btnAddTimeSegment"}]}
COMMAND: GET /session/2fd0d91dfda64e364b58a1834e9c6eef/screenshot - {}
RESULT: {"script":"<script> [1562 bytes]","args":[{"selector":{"id":"application-manageresources-display-component---newResourceUnit--btnAddTimeSegment","interaction":{"idSuffix":"inner"}},"wdio_ui5_key":"applicationmanageresources-display-component---newResourceUnit--btnAddTimeSegment"}]}
RESULT: undefined
COMMAND: POST /session/2fd0d91dfda64e364b58a1834e9c6eef/element - {"using":"xpath","value":"//*[@id=\"application-manageresources-display-component---newResourceUnit--btnAddTimeSegment\"]"}
RESULT: {}
RESULT: {"using":"xpath","value":"//*[@id=\"application-manageresources-display-component---newResourceUnit--btnAddTimeSegment\"]"}
COMMAND: POST /session/2fd0d91dfda64e364b58a1834e9c6eef/element/f.E5F40E6F9784B6DA95361123DC858BB1.d.6FB86E6278155DFA25165CDD699B630A.e.2649/click - {}
RESULT: {}
COMMAND: GET /session/2fd0d91dfda64e364b58a1834e9c6eef/screenshot - {}
RESULT: {}
COMMAND: POST /session/2fd0d91dfda64e364b58a1834e9c6eef/element - {"using":"xpath","value":"//input[@id=\"application-manageresources-display-component---newResourceUnit--idRuTSAdmin-application-manageresources-display-component---newResourceUnit--RUTimeSegment-0-inner\"]"}
RESULT: {"using":"xpath","value":"//input[@id=\"application-manageresources-display-component---newResourceUnit--idRuTSAdmin-application-manageresources-display-component---newResourceUnit--RUTimeSegment-0-inner\"]"}
COMMAND: POST /session/2fd0d91dfda64e364b58a1834e9c6eef/element/f.E5F40E6F9784B6DA95361123DC858BB1.d.6FB86E6278155DFA25165CDD699B630A.e.2655/clear - {}
RESULT: {}
COMMAND: POST /session/2fd0d91dfda64e364b58a1834e9c6eef/element/f.E5F40E6F9784B6DA95361123DC858BB1.d.6FB86E6278155DFA25165CDD699B630A.e.2655/value - {"text":"109"}
COMMAND: GET /session/2fd0d91dfda64e364b58a1834e9c6eef/screenshot - {}
RESULT: {"text":"109"}
COMMAND: GET /session/2fd0d91dfda64e364b58a1834e9c6eef/screenshot - {}
RESULT: {}
RESULT: {}
COMMAND: POST /session/2fd0d91dfda64e364b58a1834e9c6eef/element - {"using":"xpath","value":"//li[.//span[text()='109']]"}
RESULT: {"using":"xpath","value":"//li[.//span[text()='109']]"}
COMMAND: POST /session/2fd0d91dfda64e364b58a1834e9c6eef/element/f.E5F40E6F9784B6DA95361123DC858BB1.d.6FB86E6278155DFA25165CDD699B630A.e.2669/click - {}
RESULT: {}
COMMAND: GET /session/2fd0d91dfda64e364b58a1834e9c6eef/screenshot - {}
RESULT: {}
COMMAND: POST /session/2fd0d91dfda64e364b58a1834e9c6eef/element - {"using":"xpath","value":"(//span[contains(@id, \"-application-manageresources-display-component---newResourceUnit--RUTimeSegment-0-arrow\")])[6]"}
RESULT: {"using":"xpath","value":"(//span[contains(@id, \"-application-manageresources-display-component---newResourceUnit--RUTimeSegment-0-arrow\")])[6]"}
COMMAND: POST /session/2fd0d91dfda64e364b58a1834e9c6eef/element/f.E5F40E6F9784B6DA95361123DC858BB1.d.6FB86E6278155DFA25165CDD699B630A.e.2670/click - {}
RESULT: {}
COMMAND: GET /session/2fd0d91dfda64e364b58a1834e9c6eef/screenshot - {}
RESULT: {}
COMMAND: POST /session/2fd0d91dfda64e364b58a1834e9c6eef/element - {"using":"xpath","value":"//span[contains(text(), \"PM Order\")]"}
RESULT: {"using":"xpath","value":"//span[contains(text(), \"PM Order\")]"}
COMMAND: POST /session/2fd0d91dfda64e364b58a1834e9c6eef/element/f.E5F40E6F9784B6DA95361123DC858BB1.d.6FB86E6278155DFA25165CDD699B630A.e.2673/click - {}
RESULT: {}
COMMAND: GET /session/2fd0d91dfda64e364b58a1834e9c6eef/screenshot - {}
RESULT: {}
COMMAND: POST /session/2fd0d91dfda64e364b58a1834e9c6eef/element - {"using":"xpath","value":"(//span[contains(@id ,\"manageresources-display-component---newResourceUnit--RUTimeSegment-0-vhi\")])[1]"}
RESULT: {"using":"xpath","value":"(//span[contains(@id ,\"manageresources-display-component---newResourceUnit--RUTimeSegment-0-vhi\")])[1]"}
COMMAND: GET /session/2fd0d91dfda64e364b58a1834e9c6eef/element/f.E5F40E6F9784B6DA95361123DC858BB1.d.6FB86E6278155DFA25165CDD699B630A.e.2677/rect - {}
RESULT: {}
COMMAND: GET /session/2fd0d91dfda64e364b58a1834e9c6eef/window/rect - {}
RESULT: {}
COMMAND: POST /session/2fd0d91dfda64e364b58a1834e9c6eef/execute/sync - {"script":"<script> [92 bytes]","args":[]}
RESULT: {"script":"<script> [92 bytes]","args":[]}
COMMAND: POST /session/2fd0d91dfda64e364b58a1834e9c6eef/actions - {"actions":[{"id":"action13","type":"wheel","parameters":{},"actions":[{"type":"scroll","x":-869,"y":-24,"deltaX":0,"deltaY":0,"duration":0,"origin":{"element-6066-11e4-a52e-4f735466cecf":"f.E5F40E6F9784B6DA95361123DC858BB1.d.6FB86E6278155DFA25165CDD699B630A.e.2677"}}]}]}
COMMAND: GET /session/2fd0d91dfda64e364b58a1834e9c6eef/screenshot - {}
RESULT: {"actions":[{"id":"action13","type":"wheel","parameters":{},"actions":[{"type":"scroll","x":-869,"y":-24,"deltaX":0,"deltaY":0,"duration":0,"origin":{"element-6066-11e4-a52e-4f735466cecf":"f.E5F40E6F9784B6DA95361123DC858BB1.d.6FB86E6278155DFA25165CDD699B630A.e.2677"}}]}]}
COMMAND: DELETE /session/2fd0d91dfda64e364b58a1834e9c6eef/actions - {}
COMMAND: GET /session/2fd0d91dfda64e364b58a1834e9c6eef/screenshot - {}
RESULT: {}
RESULT: {}
COMMAND: GET /session/2fd0d91dfda64e364b58a1834e9c6eef/screenshot - {}
RESULT: {}
RESULT: {}
COMMAND: POST /session/2fd0d91dfda64e364b58a1834e9c6eef/element/f.E5F40E6F9784B6DA95361123DC858BB1.d.6FB86E6278155DFA25165CDD699B630A.e.2677/click - {}
RESULT: {}
COMMAND: GET /session/2fd0d91dfda64e364b58a1834e9c6eef/screenshot - {}
RESULT: {}
COMMAND: POST /session/2fd0d91dfda64e364b58a1834e9c6eef/execute/async - {"script":"<script> [1562 bytes]","args":[{"selector":{"controlType":"sap.m.SearchField","properties":{"placeholder":"Search"},"searchOpenDialogs":true,"interaction":{"idSuffix":"I"}},"wdio_ui5_key":"sapm.SearchField{\"placeholder\":\"Search\"}"}]}
RESULT: {"script":"<script> [1562 bytes]","args":[{"selector":{"controlType":"sap.m.SearchField","properties":{"placeholder":"Search"},"searchOpenDialogs":true,"interaction":{"idSuffix":"I"}},"wdio_ui5_key":"sapm.SearchField{\"placeholder\":\"Search\"}"}]}
RESULT: undefined
COMMAND: POST /session/2fd0d91dfda64e364b58a1834e9c6eef/execute/async - {"script":"<script> [776 bytes]","args":[{"enterText":"4000360","selector":{"controlType":"sap.m.SearchField","properties":{"placeholder":"Search"},"searchOpenDialogs":true,"interaction":{"idSuffix":"I"}},"clearTextFirst":true,"interactionType":"ENTER_TEXT"}]}
RESULT: {"script":"<script> [776 bytes]","args":[{"enterText":"4000360","selector":{"controlType":"sap.m.SearchField","properties":{"placeholder":"Search"},"searchOpenDialogs":true,"interaction":{"idSuffix":"I"}},"clearTextFirst":true,"interactionType":"ENTER_TEXT"}]}
COMMAND: POST /session/2fd0d91dfda64e364b58a1834e9c6eef/actions - {"actions":[{"id":"action14","type":"key","parameters":{},"actions":[{"type":"keyDown","value":"î€‡"},{"type":"pause","duration":10},{"type":"keyUp","value":"î€‡"}]}]}
RESULT: {"actions":[{"id":"action14","type":"key","parameters":{},"actions":[{"type":"keyDown","value":"î€‡"},{"type":"pause","duration":10},{"type":"keyUp","value":"î€‡"}]}]}
COMMAND: GET /session/2fd0d91dfda64e364b58a1834e9c6eef/screenshot - {}
RESULT: {}
COMMAND: POST /session/2fd0d91dfda64e364b58a1834e9c6eef/element - {"using":"xpath","value":"//td/div/span[contains(text(), \"BGL Vehicles\")]"}
RESULT: {"using":"xpath","value":"//td/div/span[contains(text(), \"BGL Vehicles\")]"}
COMMAND: POST /session/2fd0d91dfda64e364b58a1834e9c6eef/element/f.E5F40E6F9784B6DA95361123DC858BB1.d.6FB86E6278155DFA25165CDD699B630A.e.2697/click - {}
RESULT: {}
COMMAND: GET /session/2fd0d91dfda64e364b58a1834e9c6eef/screenshot - {}
RESULT: {}
COMMAND: POST /session/2fd0d91dfda64e364b58a1834e9c6eef/element - {"using":"xpath","value":"//bdi[contains(text(), \"OK\")]"}
RESULT: {"using":"xpath","value":"//bdi[contains(text(), \"OK\")]"}
COMMAND: POST /session/2fd0d91dfda64e364b58a1834e9c6eef/element/f.E5F40E6F9784B6DA95361123DC858BB1.d.6FB86E6278155DFA25165CDD699B630A.e.2698/click - {}
RESULT: {}
COMMAND: GET /session/2fd0d91dfda64e364b58a1834e9c6eef/screenshot - {}
RESULT: {}
COMMAND: POST /session/2fd0d91dfda64e364b58a1834e9c6eef/execute/async - {"script":"<script> [1562 bytes]","args":[{"selector":{"id":"application-manageresources-display-component---newResourceUnit--newRRUPage-anchBar-application-manageresources-display-component---newResourceUnit--resource-anchor","interaction":{"idSuffix":"BDI-content"}},"wdio_ui5_key":"applicationmanageresources-display-component---newResourceUnit--newRRUPage-anchBar-application-manageresources-display-component---newResourceUnit--resource-anchor"}]}
RESULT: {"script":"<script> [1562 bytes]","args":[{"selector":{"id":"application-manageresources-display-component---newResourceUnit--newRRUPage-anchBar-application-manageresources-display-component---newResourceUnit--resource-anchor","interaction":{"idSuffix":"BDI-content"}},"wdio_ui5_key":"applicationmanageresources-display-component---newResourceUnit--newRRUPage-anchBar-application-manageresources-display-component---newResourceUnit--resource-anchor"}]}
RESULT: undefined
COMMAND: POST /session/2fd0d91dfda64e364b58a1834e9c6eef/element - {"using":"xpath","value":"//*[@id=\"application-manageresources-display-component---newResourceUnit--newRRUPage-anchBar-application-manageresources-display-component---newResourceUnit--resource-anchor\"]"}
RESULT: {"using":"xpath","value":"//*[@id=\"application-manageresources-display-component---newResourceUnit--newRRUPage-anchBar-application-manageresources-display-component---newResourceUnit--resource-anchor\"]"}
COMMAND: POST /session/2fd0d91dfda64e364b58a1834e9c6eef/element/f.E5F40E6F9784B6DA95361123DC858BB1.d.6FB86E6278155DFA25165CDD699B630A.e.2702/click - {}
RESULT: {}
COMMAND: POST /session/2fd0d91dfda64e364b58a1834e9c6eef/execute/async - {"script":"<script> [1562 bytes]","args":[{"selector":{"id":"application-manageresources-display-component---newResourceUnit--PLANNED_DELIVERY_DATE","interaction":{"idSuffix":"inner"}},"wdio_ui5_key":"applicationmanageresources-display-component---newResourceUnit--PLANNED_DELIVERY_DATE"}]}
COMMAND: GET /session/2fd0d91dfda64e364b58a1834e9c6eef/screenshot - {}
RESULT: {"script":"<script> [1562 bytes]","args":[{"selector":{"id":"application-manageresources-display-component---newResourceUnit--PLANNED_DELIVERY_DATE","interaction":{"idSuffix":"inner"}},"wdio_ui5_key":"applicationmanageresources-display-component---newResourceUnit--PLANNED_DELIVERY_DATE"}]}
RESULT: undefined
COMMAND: POST /session/2fd0d91dfda64e364b58a1834e9c6eef/execute/async - {"script":"<script> [6424 bytes]","args":[{"element-6066-11e4-a52e-4f735466cecf":"f.E5F40E6F9784B6DA95361123DC858BB1.d.6FB86E6278155DFA25165CDD699B630A.e.2565"},"setValue",["5/20/25"]]}
RESULT: {}
RESULT: {"script":"<script> [6424 bytes]","args":[{"element-6066-11e4-a52e-4f735466cecf":"f.E5F40E6F9784B6DA95361123DC858BB1.d.6FB86E6278155DFA25165CDD699B630A.e.2565"},"setValue",["5/20/25"]]}
COMMAND: POST /session/2fd0d91dfda64e364b58a1834e9c6eef/element - {"using":"xpath","value":"//label[contains(@class, 'sapMLabelRequired') and .//bdi[contains(text(), 'Planned Retirement')]]"}
RESULT: {"using":"xpath","value":"//label[contains(@class, 'sapMLabelRequired') and .//bdi[contains(text(), 'Planned Retirement')]]"}
COMMAND: POST /session/2fd0d91dfda64e364b58a1834e9c6eef/elements - {"using":"xpath","value":"//label[contains(@class, 'sapMLabelRequired') and .//bdi[contains(text(), 'Planned Retirement')]]"}
RESULT: {"using":"xpath","value":"//label[contains(@class, 'sapMLabelRequired') and .//bdi[contains(text(), 'Planned Retirement')]]"}
COMMAND: POST /session/2fd0d91dfda64e364b58a1834e9c6eef/element - {"using":"xpath","value":"//button[@data-kt=\"resourceUnitSaveButton\"]"}
RESULT: {"using":"xpath","value":"//button[@data-kt=\"resourceUnitSaveButton\"]"}
COMMAND: POST /session/2fd0d91dfda64e364b58a1834e9c6eef/element/f.E5F40E6F9784B6DA95361123DC858BB1.d.6FB86E6278155DFA25165CDD699B630A.e.2525/click - {}
RESULT: {}
COMMAND: GET /session/2fd0d91dfda64e364b58a1834e9c6eef/screenshot - {}
RESULT: {}
COMMAND: POST /session/2fd0d91dfda64e364b58a1834e9c6eef/element - {"using":"xpath","value":"//bdi[contains(text(), \"Close\")]"}
RESULT: {"using":"xpath","value":"//bdi[contains(text(), \"Close\")]"}
COMMAND: POST /session/2fd0d91dfda64e364b58a1834e9c6eef/element/f.E5F40E6F9784B6DA95361123DC858BB1.d.6FB86E6278155DFA25165CDD699B630A.e.2712/click - {}
RESULT: {}
COMMAND: GET /session/2fd0d91dfda64e364b58a1834e9c6eef/screenshot - {}
RESULT: {}
COMMAND: POST /session/2fd0d91dfda64e364b58a1834e9c6eef/element - {"using":"xpath","value":"(//button[contains(@id ,\"actionsToolbar-overflowButton\")])[1]"}
RESULT: {"using":"xpath","value":"(//button[contains(@id ,\"actionsToolbar-overflowButton\")])[1]"}
COMMAND: POST /session/2fd0d91dfda64e364b58a1834e9c6eef/element/f.E5F40E6F9784B6DA95361123DC858BB1.d.6FB86E6278155DFA25165CDD699B630A.e.2765/click - {}
RESULT: {}
COMMAND: GET /session/2fd0d91dfda64e364b58a1834e9c6eef/screenshot - {}
RESULT: {}
COMMAND: POST /session/2fd0d91dfda64e364b58a1834e9c6eef/element - {"using":"xpath","value":"//button[@data-kt=\"priceInfoButton\"]"}
RESULT: {"using":"xpath","value":"//button[@data-kt=\"priceInfoButton\"]"}
COMMAND: POST /session/2fd0d91dfda64e364b58a1834e9c6eef/element/f.E5F40E6F9784B6DA95361123DC858BB1.d.6FB86E6278155DFA25165CDD699B630A.e.2767/click - {}
RESULT: {}
COMMAND: GET /session/2fd0d91dfda64e364b58a1834e9c6eef/screenshot - {}
RESULT: {}
COMMAND: POST /session/2fd0d91dfda64e364b58a1834e9c6eef/element - {"using":"css selector","value":"#shell-header-logo"}
RESULT: {"using":"css selector","value":"#shell-header-logo"}
COMMAND: POST /session/2fd0d91dfda64e364b58a1834e9c6eef/element/f.E5F40E6F9784B6DA95361123DC858BB1.d.6FB86E6278155DFA25165CDD699B630A.e.2120/click - {}
RESULT: {}
COMMAND: GET /session/2fd0d91dfda64e364b58a1834e9c6eef/screenshot - {}
RESULT: {}
]]></system-out>
    </testcase>
    <testcase classname="chrome.136_0_7103_93.windows.RU_Inventory_Mass_State_Change_Multiple_Items_US151066" name="Prerequisite Step 2 Should create a new material" time="118.263">
      <system-out><![CDATA[
RESULT: undefined
COMMAND: POST /session/2fd0d91dfda64e364b58a1834e9c6eef/element - {"using":"xpath","value":"//*[@id=\"__tile39\"]"}
RESULT: {"using":"xpath","value":"//*[@id=\"__tile39\"]"}
COMMAND: POST /session/2fd0d91dfda64e364b58a1834e9c6eef/element/f.E5F40E6F9784B6DA95361123DC858BB1.d.6FB86E6278155DFA25165CDD699B630A.e.152/click - {}
RESULT: {}
COMMAND: GET /session/2fd0d91dfda64e364b58a1834e9c6eef/screenshot - {}
COMMAND: POST /session/2fd0d91dfda64e364b58a1834e9c6eef/elements - {"using":"xpath","value":"//span[text()='Error']"}
RESULT: {}
RESULT: {"using":"xpath","value":"//span[text()='Error']"}
COMMAND: POST /session/2fd0d91dfda64e364b58a1834e9c6eef/element - {"using":"xpath","value":"//button[@data-kt=\"addNewRUOverflowToolbarButton\"]"}
RESULT: {"using":"xpath","value":"//button[@data-kt=\"addNewRUOverflowToolbarButton\"]"}
COMMAND: POST /session/2fd0d91dfda64e364b58a1834e9c6eef/elements - {"using":"xpath","value":"//button[@data-kt=\"addNewRUOverflowToolbarButton\"]"}
RESULT: {"using":"xpath","value":"//button[@data-kt=\"addNewRUOverflowToolbarButton\"]"}
COMMAND: POST /session/2fd0d91dfda64e364b58a1834e9c6eef/elements - {"using":"xpath","value":"//button[@data-kt=\"addNewRUOverflowToolbarButton\"]"}
RESULT: {"using":"xpath","value":"//button[@data-kt=\"addNewRUOverflowToolbarButton\"]"}
COMMAND: POST /session/2fd0d91dfda64e364b58a1834e9c6eef/element - {"using":"xpath","value":"//button[@data-kt=\"addNewRUOverflowToolbarButton\"]"}
RESULT: {"using":"xpath","value":"//button[@data-kt=\"addNewRUOverflowToolbarButton\"]"}
COMMAND: POST /session/2fd0d91dfda64e364b58a1834e9c6eef/execute/sync - {"script":"<script> [8489 bytes]","args":[{"element-6066-11e4-a52e-4f735466cecf":"f.E5F40E6F9784B6DA95361123DC858BB1.d.6FB86E6278155DFA25165CDD699B630A.e.2844","ELEMENT":"f.E5F40E6F9784B6DA95361123DC858BB1.d.6FB86E6278155DFA25165CDD699B630A.e.2844"}]}
RESULT: {"script":"<script> [8489 bytes]","args":[{"element-6066-11e4-a52e-4f735466cecf":"f.E5F40E6F9784B6DA95361123DC858BB1.d.6FB86E6278155DFA25165CDD699B630A.e.2844","ELEMENT":"f.E5F40E6F9784B6DA95361123DC858BB1.d.6FB86E6278155DFA25165CDD699B630A.e.2844"}]}
COMMAND: GET /session/2fd0d91dfda64e364b58a1834e9c6eef/element/f.E5F40E6F9784B6DA95361123DC858BB1.d.6FB86E6278155DFA25165CDD699B630A.e.2844/enabled - {}
COMMAND: GET /session/2fd0d91dfda64e364b58a1834e9c6eef/screenshot - {}
RESULT: {}
COMMAND: POST /session/2fd0d91dfda64e364b58a1834e9c6eef/execute/sync - {"script":"<script> [8489 bytes]","args":[{"element-6066-11e4-a52e-4f735466cecf":"f.E5F40E6F9784B6DA95361123DC858BB1.d.6FB86E6278155DFA25165CDD699B630A.e.2844","ELEMENT":"f.E5F40E6F9784B6DA95361123DC858BB1.d.6FB86E6278155DFA25165CDD699B630A.e.2844"}]}
COMMAND: GET /session/2fd0d91dfda64e364b58a1834e9c6eef/screenshot - {}
RESULT: {}
RESULT: {"script":"<script> [8489 bytes]","args":[{"element-6066-11e4-a52e-4f735466cecf":"f.E5F40E6F9784B6DA95361123DC858BB1.d.6FB86E6278155DFA25165CDD699B630A.e.2844","ELEMENT":"f.E5F40E6F9784B6DA95361123DC858BB1.d.6FB86E6278155DFA25165CDD699B630A.e.2844"}]}
COMMAND: POST /session/2fd0d91dfda64e364b58a1834e9c6eef/execute/sync - {"script":"<script> [5351 bytes]","args":[{"element-6066-11e4-a52e-4f735466cecf":"f.E5F40E6F9784B6DA95361123DC858BB1.d.6FB86E6278155DFA25165CDD699B630A.e.2844","ELEMENT":"f.E5F40E6F9784B6DA95361123DC858BB1.d.6FB86E6278155DFA25165CDD699B630A.e.2844"}]}
COMMAND: GET /session/2fd0d91dfda64e364b58a1834e9c6eef/screenshot - {}
RESULT: {}
RESULT: {"script":"<script> [5351 bytes]","args":[{"element-6066-11e4-a52e-4f735466cecf":"f.E5F40E6F9784B6DA95361123DC858BB1.d.6FB86E6278155DFA25165CDD699B630A.e.2844","ELEMENT":"f.E5F40E6F9784B6DA95361123DC858BB1.d.6FB86E6278155DFA25165CDD699B630A.e.2844"}]}
COMMAND: POST /session/2fd0d91dfda64e364b58a1834e9c6eef/element/f.E5F40E6F9784B6DA95361123DC858BB1.d.6FB86E6278155DFA25165CDD699B630A.e.2844/click - {}
COMMAND: GET /session/2fd0d91dfda64e364b58a1834e9c6eef/screenshot - {}
RESULT: {}
RESULT: {}
COMMAND: GET /session/2fd0d91dfda64e364b58a1834e9c6eef/screenshot - {}
RESULT: undefined
COMMAND: POST /session/2fd0d91dfda64e364b58a1834e9c6eef/element - {"using":"xpath","value":"//*[@id=\"application-manageresources-display-component---newResourceUnit--TYPE-arrow\"]"}
RESULT: {}
RESULT: {}
RESULT: {"using":"xpath","value":"//*[@id=\"application-manageresources-display-component---newResourceUnit--TYPE-arrow\"]"}
COMMAND: POST /session/2fd0d91dfda64e364b58a1834e9c6eef/element/f.E5F40E6F9784B6DA95361123DC858BB1.d.6FB86E6278155DFA25165CDD699B630A.e.3191/click - {}
RESULT: {}
COMMAND: POST /session/2fd0d91dfda64e364b58a1834e9c6eef/element - {"using":"xpath","value":"//input[@id=\"application-manageresources-display-component---newResourceUnit--TYPE-inner\"]"}
COMMAND: GET /session/2fd0d91dfda64e364b58a1834e9c6eef/screenshot - {}
RESULT: {"using":"xpath","value":"//input[@id=\"application-manageresources-display-component---newResourceUnit--TYPE-inner\"]"}
COMMAND: POST /session/2fd0d91dfda64e364b58a1834e9c6eef/element/f.E5F40E6F9784B6DA95361123DC858BB1.d.6FB86E6278155DFA25165CDD699B630A.e.3186/clear - {}
RESULT: {}
RESULT: {}
COMMAND: POST /session/2fd0d91dfda64e364b58a1834e9c6eef/element/f.E5F40E6F9784B6DA95361123DC858BB1.d.6FB86E6278155DFA25165CDD699B630A.e.3186/value - {"text":"Material"}
COMMAND: GET /session/2fd0d91dfda64e364b58a1834e9c6eef/screenshot - {}
RESULT: {"text":"Material"}
COMMAND: GET /session/2fd0d91dfda64e364b58a1834e9c6eef/screenshot - {}
RESULT: {}
RESULT: {}
COMMAND: POST /session/2fd0d91dfda64e364b58a1834e9c6eef/actions - {"actions":[{"id":"action15","type":"key","parameters":{},"actions":[{"type":"keyDown","value":"î€‡"},{"type":"pause","duration":10},{"type":"keyUp","value":"î€‡"}]}]}
RESULT: {"actions":[{"id":"action15","type":"key","parameters":{},"actions":[{"type":"keyDown","value":"î€‡"},{"type":"pause","duration":10},{"type":"keyUp","value":"î€‡"}]}]}
RESULT: undefined
COMMAND: POST /session/2fd0d91dfda64e364b58a1834e9c6eef/execute/async - {"script":"<script> [776 bytes]","args":[{"enterText":"Cement WDIO","selector":{"id":"application-manageresources-display-component---newResourceUnit--SHORT_TEXT","interaction":{"idSuffix":"inner"}},"clearTextFirst":true,"interactionType":"ENTER_TEXT"}]}
COMMAND: GET /session/2fd0d91dfda64e364b58a1834e9c6eef/screenshot - {}
RESULT: {"script":"<script> [776 bytes]","args":[{"enterText":"Cement WDIO","selector":{"id":"application-manageresources-display-component---newResourceUnit--SHORT_TEXT","interaction":{"idSuffix":"inner"}},"clearTextFirst":true,"interactionType":"ENTER_TEXT"}]}
RESULT: undefined
COMMAND: POST /session/2fd0d91dfda64e364b58a1834e9c6eef/execute/async - {"script":"<script> [776 bytes]","args":[{"enterText":"Piece","selector":{"id":"application-manageresources-display-component---newResourceUnit--BASE_UNIT_OF_MEASURE","interaction":{"idSuffix":"inner"}},"clearTextFirst":true,"interactionType":"ENTER_TEXT"}]}
RESULT: {}
RESULT: {"script":"<script> [776 bytes]","args":[{"enterText":"Piece","selector":{"id":"application-manageresources-display-component---newResourceUnit--BASE_UNIT_OF_MEASURE","interaction":{"idSuffix":"inner"}},"clearTextFirst":true,"interactionType":"ENTER_TEXT"}]}
RESULT: undefined
COMMAND: POST /session/2fd0d91dfda64e364b58a1834e9c6eef/execute/async - {"script":"<script> [776 bytes]","args":[{"enterText":"Gram","selector":{"id":"application-manageresources-display-component---newResourceUnit--WEIGHT_UNIT","interaction":{"idSuffix":"inner"}},"clearTextFirst":true,"interactionType":"ENTER_TEXT"}]}
RESULT: {"script":"<script> [776 bytes]","args":[{"enterText":"Gram","selector":{"id":"application-manageresources-display-component---newResourceUnit--WEIGHT_UNIT","interaction":{"idSuffix":"inner"}},"clearTextFirst":true,"interactionType":"ENTER_TEXT"}]}
RESULT: undefined
COMMAND: POST /session/2fd0d91dfda64e364b58a1834e9c6eef/execute/async - {"script":"<script> [776 bytes]","args":[{"enterText":"Meter","selector":{"id":"application-manageresources-display-component---newResourceUnit--DIMENSION_UNIT","interaction":{"idSuffix":"inner"}},"clearTextFirst":true,"interactionType":"ENTER_TEXT"}]}
RESULT: {"script":"<script> [776 bytes]","args":[{"enterText":"Meter","selector":{"id":"application-manageresources-display-component---newResourceUnit--DIMENSION_UNIT","interaction":{"idSuffix":"inner"}},"clearTextFirst":true,"interactionType":"ENTER_TEXT"}]}
RESULT: undefined
COMMAND: POST /session/2fd0d91dfda64e364b58a1834e9c6eef/element - {"using":"xpath","value":"//*[@id=\"application-manageresources-display-component---newResourceUnit--newRRUPage-anchBar-application-manageresources-display-component---newResourceUnit--control-anchor\"]"}
RESULT: {"using":"xpath","value":"//*[@id=\"application-manageresources-display-component---newResourceUnit--newRRUPage-anchBar-application-manageresources-display-component---newResourceUnit--control-anchor\"]"}
COMMAND: POST /session/2fd0d91dfda64e364b58a1834e9c6eef/element/f.E5F40E6F9784B6DA95361123DC858BB1.d.6FB86E6278155DFA25165CDD699B630A.e.3251/click - {}
RESULT: {}
RESULT: undefined
COMMAND: POST /session/2fd0d91dfda64e364b58a1834e9c6eef/execute/async - {"script":"<script> [776 bytes]","args":[{"enterText":"Material","selector":{"id":"application-manageresources-display-component---newResourceUnit--PLANNING_GROUP","interaction":{"idSuffix":"inner"}},"clearTextFirst":true,"interactionType":"ENTER_TEXT"}]}
COMMAND: GET /session/2fd0d91dfda64e364b58a1834e9c6eef/screenshot - {}
RESULT: {"script":"<script> [776 bytes]","args":[{"enterText":"Material","selector":{"id":"application-manageresources-display-component---newResourceUnit--PLANNING_GROUP","interaction":{"idSuffix":"inner"}},"clearTextFirst":true,"interactionType":"ENTER_TEXT"}]}
RESULT: {}
COMMAND: POST /session/2fd0d91dfda64e364b58a1834e9c6eef/execute/async - {"script":"<script> [1562 bytes]","args":[{"selector":{"id":"application-manageresources-display-component---newResourceUnit--PLANNING_INDICATOR","interaction":{"idSuffix":"inner"}},"wdio_ui5_key":"applicationmanageresources-display-component---newResourceUnit--PLANNING_INDICATOR"}]}
RESULT: {"script":"<script> [1562 bytes]","args":[{"selector":{"id":"application-manageresources-display-component---newResourceUnit--PLANNING_INDICATOR","interaction":{"idSuffix":"inner"}},"wdio_ui5_key":"applicationmanageresources-display-component---newResourceUnit--PLANNING_INDICATOR"}]}
RESULT: undefined
COMMAND: POST /session/2fd0d91dfda64e364b58a1834e9c6eef/execute/async - {"script":"<script> [776 bytes]","args":[{"enterText":"10 - infinite","selector":{"id":"application-manageresources-display-component---newResourceUnit--PLANNING_INDICATOR","interaction":{"idSuffix":"inner"}},"clearTextFirst":true,"interactionType":"ENTER_TEXT"}]}
RESULT: {"script":"<script> [776 bytes]","args":[{"enterText":"10 - infinite","selector":{"id":"application-manageresources-display-component---newResourceUnit--PLANNING_INDICATOR","interaction":{"idSuffix":"inner"}},"clearTextFirst":true,"interactionType":"ENTER_TEXT"}]}
COMMAND: POST /session/2fd0d91dfda64e364b58a1834e9c6eef/element - {"using":"css selector","value":"#application-manageresources-display-component---newResourceUnit--btnAddTimeSegment"}
RESULT: {"using":"css selector","value":"#application-manageresources-display-component---newResourceUnit--btnAddTimeSegment"}
COMMAND: GET /session/2fd0d91dfda64e364b58a1834e9c6eef/element/f.E5F40E6F9784B6DA95361123DC858BB1.d.6FB86E6278155DFA25165CDD699B630A.e.3260/rect - {}
RESULT: {}
COMMAND: GET /session/2fd0d91dfda64e364b58a1834e9c6eef/window/rect - {}
RESULT: {}
COMMAND: POST /session/2fd0d91dfda64e364b58a1834e9c6eef/execute/sync - {"script":"<script> [92 bytes]","args":[]}
RESULT: {"script":"<script> [92 bytes]","args":[]}
COMMAND: POST /session/2fd0d91dfda64e364b58a1834e9c6eef/actions - {"actions":[{"id":"action16","type":"wheel","parameters":{},"actions":[{"type":"scroll","x":-1888,"y":-32,"deltaX":0,"deltaY":0,"duration":0,"origin":{"element-6066-11e4-a52e-4f735466cecf":"f.E5F40E6F9784B6DA95361123DC858BB1.d.6FB86E6278155DFA25165CDD699B630A.e.3260"}}]}]}
COMMAND: GET /session/2fd0d91dfda64e364b58a1834e9c6eef/screenshot - {}
RESULT: {}
COMMAND: POST /session/2fd0d91dfda64e364b58a1834e9c6eef/execute/sync - {"script":"<script> [79 bytes]","args":[{"element-6066-11e4-a52e-4f735466cecf":"f.E5F40E6F9784B6DA95361123DC858BB1.d.6FB86E6278155DFA25165CDD699B630A.e.3260","ELEMENT":"f.E5F40E6F9784B6DA95361123DC858BB1.d.6FB86E6278155DFA25165CDD699B630A.e.3260"},{"block":"start","inline":"nearest"}]}
RESULT: {"script":"<script> [79 bytes]","args":[{"element-6066-11e4-a52e-4f735466cecf":"f.E5F40E6F9784B6DA95361123DC858BB1.d.6FB86E6278155DFA25165CDD699B630A.e.3260","ELEMENT":"f.E5F40E6F9784B6DA95361123DC858BB1.d.6FB86E6278155DFA25165CDD699B630A.e.3260"},{"block":"start","inline":"nearest"}]}
RESULT: undefined
COMMAND: POST /session/2fd0d91dfda64e364b58a1834e9c6eef/element - {"using":"xpath","value":"//*[@id=\"application-manageresources-display-component---newResourceUnit--btnAddTimeSegment\"]"}
COMMAND: GET /session/2fd0d91dfda64e364b58a1834e9c6eef/screenshot - {}
RESULT: {"using":"xpath","value":"//*[@id=\"application-manageresources-display-component---newResourceUnit--btnAddTimeSegment\"]"}
COMMAND: POST /session/2fd0d91dfda64e364b58a1834e9c6eef/element/f.E5F40E6F9784B6DA95361123DC858BB1.d.6FB86E6278155DFA25165CDD699B630A.e.3260/click - {}
RESULT: {}
RESULT: {}
COMMAND: GET /session/2fd0d91dfda64e364b58a1834e9c6eef/screenshot - {}
RESULT: {}
COMMAND: POST /session/2fd0d91dfda64e364b58a1834e9c6eef/element - {"using":"xpath","value":"//input[@id=\"application-manageresources-display-component---newResourceUnit--idRuTSAdmin-application-manageresources-display-component---newResourceUnit--RUTimeSegment-0-inner\"]"}
RESULT: {"using":"xpath","value":"//input[@id=\"application-manageresources-display-component---newResourceUnit--idRuTSAdmin-application-manageresources-display-component---newResourceUnit--RUTimeSegment-0-inner\"]"}
COMMAND: POST /session/2fd0d91dfda64e364b58a1834e9c6eef/element/f.E5F40E6F9784B6DA95361123DC858BB1.d.6FB86E6278155DFA25165CDD699B630A.e.3264/clear - {}
RESULT: {}
COMMAND: POST /session/2fd0d91dfda64e364b58a1834e9c6eef/element/f.E5F40E6F9784B6DA95361123DC858BB1.d.6FB86E6278155DFA25165CDD699B630A.e.3264/value - {"text":"109"}
COMMAND: GET /session/2fd0d91dfda64e364b58a1834e9c6eef/screenshot - {}
RESULT: {"text":"109"}
COMMAND: GET /session/2fd0d91dfda64e364b58a1834e9c6eef/screenshot - {}
RESULT: {}
RESULT: {}
COMMAND: POST /session/2fd0d91dfda64e364b58a1834e9c6eef/element - {"using":"xpath","value":"//li[.//span[text()='109']]"}
RESULT: {"using":"xpath","value":"//li[.//span[text()='109']]"}
COMMAND: POST /session/2fd0d91dfda64e364b58a1834e9c6eef/element/f.E5F40E6F9784B6DA95361123DC858BB1.d.6FB86E6278155DFA25165CDD699B630A.e.3275/click - {}
RESULT: {}
COMMAND: GET /session/2fd0d91dfda64e364b58a1834e9c6eef/screenshot - {}
RESULT: {}
COMMAND: POST /session/2fd0d91dfda64e364b58a1834e9c6eef/element - {"using":"xpath","value":"(//span[contains(@id, \"-application-manageresources-display-component---newResourceUnit--RUTimeSegment-0-arrow\")])[2]"}
RESULT: {"using":"xpath","value":"(//span[contains(@id, \"-application-manageresources-display-component---newResourceUnit--RUTimeSegment-0-arrow\")])[2]"}
COMMAND: POST /session/2fd0d91dfda64e364b58a1834e9c6eef/element/f.E5F40E6F9784B6DA95361123DC858BB1.d.6FB86E6278155DFA25165CDD699B630A.e.3276/click - {}
RESULT: {}
COMMAND: POST /session/2fd0d91dfda64e364b58a1834e9c6eef/element - {"using":"xpath","value":"//span[contains(text(), \"PM Order\")]"}
COMMAND: GET /session/2fd0d91dfda64e364b58a1834e9c6eef/screenshot - {}
RESULT: {"using":"xpath","value":"//span[contains(text(), \"PM Order\")]"}
COMMAND: POST /session/2fd0d91dfda64e364b58a1834e9c6eef/element/f.E5F40E6F9784B6DA95361123DC858BB1.d.6FB86E6278155DFA25165CDD699B630A.e.3277/click - {}
RESULT: {}
RESULT: {}
COMMAND: GET /session/2fd0d91dfda64e364b58a1834e9c6eef/screenshot - {}
RESULT: {}
COMMAND: POST /session/2fd0d91dfda64e364b58a1834e9c6eef/element - {"using":"xpath","value":"//td/div/div/div/span[contains(@id, \"newResourceUnit--RUTimeSegment-0-vhi\")][1]"}
RESULT: {"using":"xpath","value":"//td/div/div/div/span[contains(@id, \"newResourceUnit--RUTimeSegment-0-vhi\")][1]"}
COMMAND: GET /session/2fd0d91dfda64e364b58a1834e9c6eef/element/f.E5F40E6F9784B6DA95361123DC858BB1.d.6FB86E6278155DFA25165CDD699B630A.e.3281/rect - {}
RESULT: {}
COMMAND: GET /session/2fd0d91dfda64e364b58a1834e9c6eef/window/rect - {}
RESULT: {}
COMMAND: POST /session/2fd0d91dfda64e364b58a1834e9c6eef/execute/sync - {"script":"<script> [92 bytes]","args":[]}
RESULT: {"script":"<script> [92 bytes]","args":[]}
COMMAND: POST /session/2fd0d91dfda64e364b58a1834e9c6eef/actions - {"actions":[{"id":"action17","type":"wheel","parameters":{},"actions":[{"type":"scroll","x":-1888,"y":-24,"deltaX":0,"deltaY":0,"duration":0,"origin":{"element-6066-11e4-a52e-4f735466cecf":"f.E5F40E6F9784B6DA95361123DC858BB1.d.6FB86E6278155DFA25165CDD699B630A.e.3281"}}]}]}
COMMAND: GET /session/2fd0d91dfda64e364b58a1834e9c6eef/screenshot - {}
RESULT: {}
COMMAND: POST /session/2fd0d91dfda64e364b58a1834e9c6eef/execute/sync - {"script":"<script> [79 bytes]","args":[{"element-6066-11e4-a52e-4f735466cecf":"f.E5F40E6F9784B6DA95361123DC858BB1.d.6FB86E6278155DFA25165CDD699B630A.e.3281","ELEMENT":"f.E5F40E6F9784B6DA95361123DC858BB1.d.6FB86E6278155DFA25165CDD699B630A.e.3281"},{"block":"start","inline":"nearest"}]}
RESULT: {"script":"<script> [79 bytes]","args":[{"element-6066-11e4-a52e-4f735466cecf":"f.E5F40E6F9784B6DA95361123DC858BB1.d.6FB86E6278155DFA25165CDD699B630A.e.3281","ELEMENT":"f.E5F40E6F9784B6DA95361123DC858BB1.d.6FB86E6278155DFA25165CDD699B630A.e.3281"},{"block":"start","inline":"nearest"}]}
COMMAND: GET /session/2fd0d91dfda64e364b58a1834e9c6eef/screenshot - {}
RESULT: {}
COMMAND: POST /session/2fd0d91dfda64e364b58a1834e9c6eef/element/f.E5F40E6F9784B6DA95361123DC858BB1.d.6FB86E6278155DFA25165CDD699B630A.e.3281/click - {}
RESULT: {}
COMMAND: GET /session/2fd0d91dfda64e364b58a1834e9c6eef/screenshot - {}
RESULT: {}
RESULT: undefined
COMMAND: POST /session/2fd0d91dfda64e364b58a1834e9c6eef/execute/async - {"script":"<script> [776 bytes]","args":[{"enterText":"4000360","selector":{"controlType":"sap.m.SearchField","properties":{"placeholder":"Search"},"searchOpenDialogs":true,"interaction":{"idSuffix":"I"}},"clearTextFirst":true,"interactionType":"ENTER_TEXT"}]}
RESULT: {"script":"<script> [776 bytes]","args":[{"enterText":"4000360","selector":{"controlType":"sap.m.SearchField","properties":{"placeholder":"Search"},"searchOpenDialogs":true,"interaction":{"idSuffix":"I"}},"clearTextFirst":true,"interactionType":"ENTER_TEXT"}]}
COMMAND: POST /session/2fd0d91dfda64e364b58a1834e9c6eef/actions - {"actions":[{"id":"action18","type":"key","parameters":{},"actions":[{"type":"keyDown","value":"î€‡"},{"type":"pause","duration":10},{"type":"keyUp","value":"î€‡"}]}]}
RESULT: {"actions":[{"id":"action18","type":"key","parameters":{},"actions":[{"type":"keyDown","value":"î€‡"},{"type":"pause","duration":10},{"type":"keyUp","value":"î€‡"}]}]}
COMMAND: GET /session/2fd0d91dfda64e364b58a1834e9c6eef/screenshot - {}
RESULT: {}
COMMAND: POST /session/2fd0d91dfda64e364b58a1834e9c6eef/element - {"using":"xpath","value":"//td/div/span[contains(text(), \"BGL Vehicles\")]"}
RESULT: {"using":"xpath","value":"//td/div/span[contains(text(), \"BGL Vehicles\")]"}
COMMAND: POST /session/2fd0d91dfda64e364b58a1834e9c6eef/element/f.E5F40E6F9784B6DA95361123DC858BB1.d.6FB86E6278155DFA25165CDD699B630A.e.3300/click - {}
RESULT: {}
COMMAND: GET /session/2fd0d91dfda64e364b58a1834e9c6eef/screenshot - {}
RESULT: {}
COMMAND: POST /session/2fd0d91dfda64e364b58a1834e9c6eef/element - {"using":"xpath","value":"//bdi[contains(text(), \"OK\")]"}
RESULT: {"using":"xpath","value":"//bdi[contains(text(), \"OK\")]"}
COMMAND: POST /session/2fd0d91dfda64e364b58a1834e9c6eef/element/f.E5F40E6F9784B6DA95361123DC858BB1.d.6FB86E6278155DFA25165CDD699B630A.e.3301/click - {}
RESULT: {}
COMMAND: GET /session/2fd0d91dfda64e364b58a1834e9c6eef/screenshot - {}
RESULT: {}
COMMAND: POST /session/2fd0d91dfda64e364b58a1834e9c6eef/element - {"using":"xpath","value":"//label[contains(@class, 'sapMLabelRequired') and .//bdi[contains(text(), 'Planned Retirement')]]"}
RESULT: {"using":"xpath","value":"//label[contains(@class, 'sapMLabelRequired') and .//bdi[contains(text(), 'Planned Retirement')]]"}
COMMAND: POST /session/2fd0d91dfda64e364b58a1834e9c6eef/elements - {"using":"xpath","value":"//label[contains(@class, 'sapMLabelRequired') and .//bdi[contains(text(), 'Planned Retirement')]]"}
RESULT: {"using":"xpath","value":"//label[contains(@class, 'sapMLabelRequired') and .//bdi[contains(text(), 'Planned Retirement')]]"}
COMMAND: POST /session/2fd0d91dfda64e364b58a1834e9c6eef/element - {"using":"xpath","value":"//button[@data-kt=\"resourceUnitSaveButton\"]"}
RESULT: {"using":"xpath","value":"//button[@data-kt=\"resourceUnitSaveButton\"]"}
COMMAND: POST /session/2fd0d91dfda64e364b58a1834e9c6eef/element/f.E5F40E6F9784B6DA95361123DC858BB1.d.6FB86E6278155DFA25165CDD699B630A.e.3209/click - {}
RESULT: {}
COMMAND: GET /session/2fd0d91dfda64e364b58a1834e9c6eef/screenshot - {}
RESULT: {}
COMMAND: POST /session/2fd0d91dfda64e364b58a1834e9c6eef/element - {"using":"xpath","value":"//bdi[contains(text(), \"Close\")]"}
RESULT: {"using":"xpath","value":"//bdi[contains(text(), \"Close\")]"}
COMMAND: POST /session/2fd0d91dfda64e364b58a1834e9c6eef/element/f.E5F40E6F9784B6DA95361123DC858BB1.d.6FB86E6278155DFA25165CDD699B630A.e.3308/click - {}
RESULT: {}
COMMAND: GET /session/2fd0d91dfda64e364b58a1834e9c6eef/screenshot - {}
RESULT: {}
COMMAND: POST /session/2fd0d91dfda64e364b58a1834e9c6eef/element - {"using":"xpath","value":"//header[contains(@id, 'detailRruPage-headerTitle')]/div[1]/div[2]/div[2]/span[1]"}
RESULT: {"using":"xpath","value":"//header[contains(@id, 'detailRruPage-headerTitle')]/div[1]/div[2]/div[2]/span[1]"}
COMMAND: POST /session/2fd0d91dfda64e364b58a1834e9c6eef/elements - {"using":"xpath","value":"//header[contains(@id, 'detailRruPage-headerTitle')]/div[1]/div[2]/div[2]/span[1]"}
RESULT: {"using":"xpath","value":"//header[contains(@id, 'detailRruPage-headerTitle')]/div[1]/div[2]/div[2]/span[1]"}
COMMAND: POST /session/2fd0d91dfda64e364b58a1834e9c6eef/execute/sync - {"script":"<script> [56 bytes]","args":[{"element-6066-11e4-a52e-4f735466cecf":"f.E5F40E6F9784B6DA95361123DC858BB1.d.6FB86E6278155DFA25165CDD699B630A.e.3336","ELEMENT":"f.E5F40E6F9784B6DA95361123DC858BB1.d.6FB86E6278155DFA25165CDD699B630A.e.3336"}]}
RESULT: {"script":"<script> [56 bytes]","args":[{"element-6066-11e4-a52e-4f735466cecf":"f.E5F40E6F9784B6DA95361123DC858BB1.d.6FB86E6278155DFA25165CDD699B630A.e.3336","ELEMENT":"f.E5F40E6F9784B6DA95361123DC858BB1.d.6FB86E6278155DFA25165CDD699B630A.e.3336"}]}
COMMAND: POST /session/2fd0d91dfda64e364b58a1834e9c6eef/element - {"using":"css selector","value":"#shell-header-logo"}
COMMAND: GET /session/2fd0d91dfda64e364b58a1834e9c6eef/screenshot - {}
RESULT: {"using":"css selector","value":"#shell-header-logo"}
COMMAND: POST /session/2fd0d91dfda64e364b58a1834e9c6eef/element/f.E5F40E6F9784B6DA95361123DC858BB1.d.6FB86E6278155DFA25165CDD699B630A.e.2806/click - {}
RESULT: {}
RESULT: {}
COMMAND: GET /session/2fd0d91dfda64e364b58a1834e9c6eef/screenshot - {}
RESULT: {}
]]></system-out>
    </testcase>
    <testcase classname="chrome.136_0_7103_93.windows.RU_Inventory_Mass_State_Change_Multiple_Items_US151066" name="Prerequisite Step 2 Should do a stock increase handover for the equipment" time="100.929">
      <system-out><![CDATA[
COMMAND: POST /session/2fd0d91dfda64e364b58a1834e9c6eef/execute/async - {"script":"<script> [1562 bytes]","args":[{"selector":{"controlType":"sap.m.GenericTile","properties":{"header":"Manage Handovers"}},"wdio_ui5_key":"sapm.GenericTile{\"header\":\"Manage Handovers\"}"}]}
RESULT: {"script":"<script> [1562 bytes]","args":[{"selector":{"controlType":"sap.m.GenericTile","properties":{"header":"Manage Handovers"}},"wdio_ui5_key":"sapm.GenericTile{\"header\":\"Manage Handovers\"}"}]}
RESULT: undefined
COMMAND: POST /session/2fd0d91dfda64e364b58a1834e9c6eef/element - {"using":"xpath","value":"//*[@id=\"__tile132\"]"}
RESULT: {"using":"xpath","value":"//*[@id=\"__tile132\"]"}
COMMAND: POST /session/2fd0d91dfda64e364b58a1834e9c6eef/element/f.E5F40E6F9784B6DA95361123DC858BB1.d.6FB86E6278155DFA25165CDD699B630A.e.238/click - {}
RESULT: {}
COMMAND: GET /session/2fd0d91dfda64e364b58a1834e9c6eef/screenshot - {}
RESULT: {}
COMMAND: POST /session/2fd0d91dfda64e364b58a1834e9c6eef/elements - {"using":"xpath","value":"//span[text()='Error']"}
RESULT: {"using":"xpath","value":"//span[text()='Error']"}
COMMAND: POST /session/2fd0d91dfda64e364b58a1834e9c6eef/element - {"using":"xpath","value":"//button[@data-kt=\"masterHOAddButton\"]"}
RESULT: {"using":"xpath","value":"//button[@data-kt=\"masterHOAddButton\"]"}
COMMAND: POST /session/2fd0d91dfda64e364b58a1834e9c6eef/elements - {"using":"xpath","value":"//button[@data-kt=\"masterHOAddButton\"]"}
RESULT: {"using":"xpath","value":"//button[@data-kt=\"masterHOAddButton\"]"}
COMMAND: POST /session/2fd0d91dfda64e364b58a1834e9c6eef/execute/sync - {"script":"<script> [8489 bytes]","args":[{"element-6066-11e4-a52e-4f735466cecf":"f.E5F40E6F9784B6DA95361123DC858BB1.d.6FB86E6278155DFA25165CDD699B630A.e.3375","ELEMENT":"f.E5F40E6F9784B6DA95361123DC858BB1.d.6FB86E6278155DFA25165CDD699B630A.e.3375"}]}
RESULT: {"script":"<script> [8489 bytes]","args":[{"element-6066-11e4-a52e-4f735466cecf":"f.E5F40E6F9784B6DA95361123DC858BB1.d.6FB86E6278155DFA25165CDD699B630A.e.3375","ELEMENT":"f.E5F40E6F9784B6DA95361123DC858BB1.d.6FB86E6278155DFA25165CDD699B630A.e.3375"}]}
COMMAND: GET /session/2fd0d91dfda64e364b58a1834e9c6eef/element/f.E5F40E6F9784B6DA95361123DC858BB1.d.6FB86E6278155DFA25165CDD699B630A.e.3375/enabled - {}
COMMAND: GET /session/2fd0d91dfda64e364b58a1834e9c6eef/screenshot - {}
RESULT: {}
COMMAND: POST /session/2fd0d91dfda64e364b58a1834e9c6eef/execute/sync - {"script":"<script> [8489 bytes]","args":[{"element-6066-11e4-a52e-4f735466cecf":"f.E5F40E6F9784B6DA95361123DC858BB1.d.6FB86E6278155DFA25165CDD699B630A.e.3375","ELEMENT":"f.E5F40E6F9784B6DA95361123DC858BB1.d.6FB86E6278155DFA25165CDD699B630A.e.3375"}]}
COMMAND: GET /session/2fd0d91dfda64e364b58a1834e9c6eef/screenshot - {}
RESULT: {}
RESULT: {"script":"<script> [8489 bytes]","args":[{"element-6066-11e4-a52e-4f735466cecf":"f.E5F40E6F9784B6DA95361123DC858BB1.d.6FB86E6278155DFA25165CDD699B630A.e.3375","ELEMENT":"f.E5F40E6F9784B6DA95361123DC858BB1.d.6FB86E6278155DFA25165CDD699B630A.e.3375"}]}
COMMAND: POST /session/2fd0d91dfda64e364b58a1834e9c6eef/execute/sync - {"script":"<script> [5351 bytes]","args":[{"element-6066-11e4-a52e-4f735466cecf":"f.E5F40E6F9784B6DA95361123DC858BB1.d.6FB86E6278155DFA25165CDD699B630A.e.3375","ELEMENT":"f.E5F40E6F9784B6DA95361123DC858BB1.d.6FB86E6278155DFA25165CDD699B630A.e.3375"}]}
COMMAND: GET /session/2fd0d91dfda64e364b58a1834e9c6eef/screenshot - {}
RESULT: {}
RESULT: {"script":"<script> [5351 bytes]","args":[{"element-6066-11e4-a52e-4f735466cecf":"f.E5F40E6F9784B6DA95361123DC858BB1.d.6FB86E6278155DFA25165CDD699B630A.e.3375","ELEMENT":"f.E5F40E6F9784B6DA95361123DC858BB1.d.6FB86E6278155DFA25165CDD699B630A.e.3375"}]}
COMMAND: POST /session/2fd0d91dfda64e364b58a1834e9c6eef/element/f.E5F40E6F9784B6DA95361123DC858BB1.d.6FB86E6278155DFA25165CDD699B630A.e.3375/click - {}
COMMAND: GET /session/2fd0d91dfda64e364b58a1834e9c6eef/screenshot - {}
RESULT: {}
RESULT: {}
COMMAND: GET /session/2fd0d91dfda64e364b58a1834e9c6eef/screenshot - {}
RESULT: {}
RESULT: {}
COMMAND: POST /session/2fd0d91dfda64e364b58a1834e9c6eef/element - {"using":"xpath","value":"//span[contains(@id ,\"AddNewHO--typeSelect-arrow\")]"}
RESULT: {"using":"xpath","value":"//span[contains(@id ,\"AddNewHO--typeSelect-arrow\")]"}
COMMAND: POST /session/2fd0d91dfda64e364b58a1834e9c6eef/element/f.E5F40E6F9784B6DA95361123DC858BB1.d.6FB86E6278155DFA25165CDD699B630A.e.3737/click - {}
RESULT: {}
COMMAND: GET /session/2fd0d91dfda64e364b58a1834e9c6eef/screenshot - {}
RESULT: {}
COMMAND: POST /session/2fd0d91dfda64e364b58a1834e9c6eef/element - {"using":"xpath","value":"(//li[contains(text(), \"stock increase yard\")])[1]"}
RESULT: {"using":"xpath","value":"(//li[contains(text(), \"stock increase yard\")])[1]"}
COMMAND: POST /session/2fd0d91dfda64e364b58a1834e9c6eef/element/f.E5F40E6F9784B6DA95361123DC858BB1.d.6FB86E6278155DFA25165CDD699B630A.e.3738/click - {}
RESULT: {}
COMMAND: GET /session/2fd0d91dfda64e364b58a1834e9c6eef/screenshot - {}
RESULT: {}
COMMAND: POST /session/2fd0d91dfda64e364b58a1834e9c6eef/execute/async - {"script":"<script> [1562 bytes]","args":[{"selector":{"id":"application-managehandovers-display-component---AddNewHO--dueDate","interaction":{"idSuffix":"inner"}},"wdio_ui5_key":"applicationmanagehandovers-display-component---AddNewHO--dueDate"}]}
RESULT: {"script":"<script> [1562 bytes]","args":[{"selector":{"id":"application-managehandovers-display-component---AddNewHO--dueDate","interaction":{"idSuffix":"inner"}},"wdio_ui5_key":"applicationmanagehandovers-display-component---AddNewHO--dueDate"}]}
RESULT: undefined
COMMAND: POST /session/2fd0d91dfda64e364b58a1834e9c6eef/execute/async - {"script":"<script> [6424 bytes]","args":[{"element-6066-11e4-a52e-4f735466cecf":"f.E5F40E6F9784B6DA95361123DC858BB1.d.6FB86E6278155DFA25165CDD699B630A.e.3740"},"setValue",["5/20/25"]]}
RESULT: {"script":"<script> [6424 bytes]","args":[{"element-6066-11e4-a52e-4f735466cecf":"f.E5F40E6F9784B6DA95361123DC858BB1.d.6FB86E6278155DFA25165CDD699B630A.e.3740"},"setValue",["5/20/25"]]}
COMMAND: POST /session/2fd0d91dfda64e364b58a1834e9c6eef/element - {"using":"xpath","value":"//input[@id=\"generalSectionFrg--receiveYard-inner\"]"}
RESULT: {"using":"xpath","value":"//input[@id=\"generalSectionFrg--receiveYard-inner\"]"}
COMMAND: POST /session/2fd0d91dfda64e364b58a1834e9c6eef/element/f.E5F40E6F9784B6DA95361123DC858BB1.d.6FB86E6278155DFA25165CDD699B630A.e.3744/clear - {}
RESULT: {}
COMMAND: POST /session/2fd0d91dfda64e364b58a1834e9c6eef/element/f.E5F40E6F9784B6DA95361123DC858BB1.d.6FB86E6278155DFA25165CDD699B630A.e.3744/value - {"text":"109"}
COMMAND: GET /session/2fd0d91dfda64e364b58a1834e9c6eef/screenshot - {}
RESULT: {"text":"109"}
COMMAND: GET /session/2fd0d91dfda64e364b58a1834e9c6eef/screenshot - {}
RESULT: {}
RESULT: {}
COMMAND: POST /session/2fd0d91dfda64e364b58a1834e9c6eef/element - {"using":"xpath","value":"//li[.//span[text()='109']]"}
RESULT: {"using":"xpath","value":"//li[.//span[text()='109']]"}
COMMAND: POST /session/2fd0d91dfda64e364b58a1834e9c6eef/element/f.E5F40E6F9784B6DA95361123DC858BB1.d.6FB86E6278155DFA25165CDD699B630A.e.3762/click - {}
RESULT: {}
COMMAND: GET /session/2fd0d91dfda64e364b58a1834e9c6eef/screenshot - {}
RESULT: {}
COMMAND: POST /session/2fd0d91dfda64e364b58a1834e9c6eef/execute/async - {"script":"<script> [1562 bytes]","args":[{"selector":{"id":"application-managehandovers-display-component---AddNewHO--ObjectPageLayout-anchBar-application-managehandovers-display-component---AddNewHO--section4-anchor","interaction":{"idSuffix":"BDI-content"}},"wdio_ui5_key":"applicationmanagehandovers-display-component---AddNewHO--ObjectPageLayout-anchBar-application-managehandovers-display-component---AddNewHO--section4-anchor"}]}
RESULT: {"script":"<script> [1562 bytes]","args":[{"selector":{"id":"application-managehandovers-display-component---AddNewHO--ObjectPageLayout-anchBar-application-managehandovers-display-component---AddNewHO--section4-anchor","interaction":{"idSuffix":"BDI-content"}},"wdio_ui5_key":"applicationmanagehandovers-display-component---AddNewHO--ObjectPageLayout-anchBar-application-managehandovers-display-component---AddNewHO--section4-anchor"}]}
RESULT: undefined
COMMAND: POST /session/2fd0d91dfda64e364b58a1834e9c6eef/element - {"using":"xpath","value":"//*[@id=\"application-managehandovers-display-component---AddNewHO--ObjectPageLayout-anchBar-application-managehandovers-display-component---AddNewHO--section4-anchor\"]"}
RESULT: {"using":"xpath","value":"//*[@id=\"application-managehandovers-display-component---AddNewHO--ObjectPageLayout-anchBar-application-managehandovers-display-component---AddNewHO--section4-anchor\"]"}
COMMAND: POST /session/2fd0d91dfda64e364b58a1834e9c6eef/element/f.E5F40E6F9784B6DA95361123DC858BB1.d.6FB86E6278155DFA25165CDD699B630A.e.3764/click - {}
RESULT: {}
COMMAND: POST /session/2fd0d91dfda64e364b58a1834e9c6eef/element - {"using":"xpath","value":"//button[@aria-label=\"Add\"]"}
COMMAND: GET /session/2fd0d91dfda64e364b58a1834e9c6eef/screenshot - {}
RESULT: {"using":"xpath","value":"//button[@aria-label=\"Add\"]"}
COMMAND: POST /session/2fd0d91dfda64e364b58a1834e9c6eef/element/f.E5F40E6F9784B6DA95361123DC858BB1.d.6FB86E6278155DFA25165CDD699B630A.e.3768/click - {}
RESULT: {}
RESULT: {}
COMMAND: GET /session/2fd0d91dfda64e364b58a1834e9c6eef/screenshot - {}
RESULT: {}
COMMAND: POST /session/2fd0d91dfda64e364b58a1834e9c6eef/execute/async - {"script":"<script> [1562 bytes]","args":[{"selector":{"id":"application-managehandovers-display-component---AddNewHO--smartFilterBar-btnBasicSearch","searchOpenDialogs":true,"interaction":{"idSuffix":"I"}},"wdio_ui5_key":"applicationmanagehandovers-display-component---AddNewHO--smartFilterBar-btnBasicSearch"}]}
RESULT: {"script":"<script> [1562 bytes]","args":[{"selector":{"id":"application-managehandovers-display-component---AddNewHO--smartFilterBar-btnBasicSearch","searchOpenDialogs":true,"interaction":{"idSuffix":"I"}},"wdio_ui5_key":"applicationmanagehandovers-display-component---AddNewHO--smartFilterBar-btnBasicSearch"}]}
RESULT: undefined
COMMAND: POST /session/2fd0d91dfda64e364b58a1834e9c6eef/execute/async - {"script":"<script> [776 bytes]","args":[{"enterText":"fAQFhDiIj7","selector":{"id":"application-managehandovers-display-component---AddNewHO--smartFilterBar-btnBasicSearch","searchOpenDialogs":true,"interaction":{"idSuffix":"I"}},"clearTextFirst":true,"interactionType":"ENTER_TEXT"}]}
RESULT: {"script":"<script> [776 bytes]","args":[{"enterText":"fAQFhDiIj7","selector":{"id":"application-managehandovers-display-component---AddNewHO--smartFilterBar-btnBasicSearch","searchOpenDialogs":true,"interaction":{"idSuffix":"I"}},"clearTextFirst":true,"interactionType":"ENTER_TEXT"}]}
COMMAND: POST /session/2fd0d91dfda64e364b58a1834e9c6eef/actions - {"actions":[{"id":"action19","type":"key","parameters":{},"actions":[{"type":"keyDown","value":"î€‡"},{"type":"pause","duration":10},{"type":"keyUp","value":"î€‡"}]}]}
RESULT: {"actions":[{"id":"action19","type":"key","parameters":{},"actions":[{"type":"keyDown","value":"î€‡"},{"type":"pause","duration":10},{"type":"keyUp","value":"î€‡"}]}]}
COMMAND: GET /session/2fd0d91dfda64e364b58a1834e9c6eef/screenshot - {}
RESULT: {}
COMMAND: POST /session/2fd0d91dfda64e364b58a1834e9c6eef/execute/async - {"script":"<script> [1562 bytes]","args":[{"selector":{"id":"application-managehandovers-display-component---AddNewHO--popup-sa","searchOpenDialogs":true,"interaction":{"idSuffix":"CbBg"}},"wdio_ui5_key":"applicationmanagehandovers-display-component---AddNewHO--popup-sa"}]}
RESULT: {"script":"<script> [1562 bytes]","args":[{"selector":{"id":"application-managehandovers-display-component---AddNewHO--popup-sa","searchOpenDialogs":true,"interaction":{"idSuffix":"CbBg"}},"wdio_ui5_key":"applicationmanagehandovers-display-component---AddNewHO--popup-sa"}]}
RESULT: undefined
COMMAND: POST /session/2fd0d91dfda64e364b58a1834e9c6eef/element - {"using":"xpath","value":"//*[@id=\"application-managehandovers-display-component---AddNewHO--popup-sa\"]"}
RESULT: {"using":"xpath","value":"//*[@id=\"application-managehandovers-display-component---AddNewHO--popup-sa\"]"}
COMMAND: POST /session/2fd0d91dfda64e364b58a1834e9c6eef/element/f.E5F40E6F9784B6DA95361123DC858BB1.d.6FB86E6278155DFA25165CDD699B630A.e.3920/click - {}
RESULT: {}
COMMAND: GET /session/2fd0d91dfda64e364b58a1834e9c6eef/screenshot - {}
RESULT: {}
COMMAND: POST /session/2fd0d91dfda64e364b58a1834e9c6eef/element - {"using":"xpath","value":"//bdi[contains(text(), \"Select\")]"}
RESULT: {"using":"xpath","value":"//bdi[contains(text(), \"Select\")]"}
COMMAND: POST /session/2fd0d91dfda64e364b58a1834e9c6eef/element/f.E5F40E6F9784B6DA95361123DC858BB1.d.6FB86E6278155DFA25165CDD699B630A.e.3921/click - {}
RESULT: {}
COMMAND: GET /session/2fd0d91dfda64e364b58a1834e9c6eef/screenshot - {}
RESULT: {}
COMMAND: POST /session/2fd0d91dfda64e364b58a1834e9c6eef/element - {"using":"xpath","value":"//button[@data-kt=\"AddNewHOSaveButton\"]"}
RESULT: {"using":"xpath","value":"//button[@data-kt=\"AddNewHOSaveButton\"]"}
COMMAND: POST /session/2fd0d91dfda64e364b58a1834e9c6eef/element/f.E5F40E6F9784B6DA95361123DC858BB1.d.6FB86E6278155DFA25165CDD699B630A.e.3925/click - {}
RESULT: {}
COMMAND: GET /session/2fd0d91dfda64e364b58a1834e9c6eef/screenshot - {}
RESULT: {}
COMMAND: POST /session/2fd0d91dfda64e364b58a1834e9c6eef/execute/async - {"script":"<script> [1562 bytes]","args":[{"selector":{"id":"receiptDatePicker","viewName":"etm.portal.ui.managehandovers.view.DetailExecuteHO","interaction":{"idSuffix":"inner"}},"wdio_ui5_key":"receiptDatePickeretmportal.ui.managehandovers.view.DetailExecuteHO"}]}
RESULT: {"script":"<script> [1562 bytes]","args":[{"selector":{"id":"receiptDatePicker","viewName":"etm.portal.ui.managehandovers.view.DetailExecuteHO","interaction":{"idSuffix":"inner"}},"wdio_ui5_key":"receiptDatePickeretmportal.ui.managehandovers.view.DetailExecuteHO"}]}
RESULT: undefined
COMMAND: POST /session/2fd0d91dfda64e364b58a1834e9c6eef/execute/async - {"script":"<script> [6424 bytes]","args":[{"element-6066-11e4-a52e-4f735466cecf":"f.E5F40E6F9784B6DA95361123DC858BB1.d.6FB86E6278155DFA25165CDD699B630A.e.3962"},"setValue",["5/20/25"]]}
RESULT: {"script":"<script> [6424 bytes]","args":[{"element-6066-11e4-a52e-4f735466cecf":"f.E5F40E6F9784B6DA95361123DC858BB1.d.6FB86E6278155DFA25165CDD699B630A.e.3962"},"setValue",["5/20/25"]]}
COMMAND: POST /session/2fd0d91dfda64e364b58a1834e9c6eef/element - {"using":"xpath","value":"//button[@data-kt=\"PickingTableConfirmAllButton\"]"}
RESULT: {"using":"xpath","value":"//button[@data-kt=\"PickingTableConfirmAllButton\"]"}
COMMAND: POST /session/2fd0d91dfda64e364b58a1834e9c6eef/element/f.E5F40E6F9784B6DA95361123DC858BB1.d.6FB86E6278155DFA25165CDD699B630A.e.3977/click - {}
RESULT: {}
COMMAND: GET /session/2fd0d91dfda64e364b58a1834e9c6eef/screenshot - {}
RESULT: {}
COMMAND: POST /session/2fd0d91dfda64e364b58a1834e9c6eef/element - {"using":"xpath","value":"//bdi[contains(text(), \"OK\")]"}
RESULT: {"using":"xpath","value":"//bdi[contains(text(), \"OK\")]"}
COMMAND: POST /session/2fd0d91dfda64e364b58a1834e9c6eef/element/f.E5F40E6F9784B6DA95361123DC858BB1.d.6FB86E6278155DFA25165CDD699B630A.e.3979/click - {}
RESULT: {}
COMMAND: GET /session/2fd0d91dfda64e364b58a1834e9c6eef/screenshot - {}
RESULT: {}
COMMAND: POST /session/2fd0d91dfda64e364b58a1834e9c6eef/element - {"using":"xpath","value":"(//bdi[contains(text(), \"Receive\")])[2]"}
RESULT: {"using":"xpath","value":"(//bdi[contains(text(), \"Receive\")])[2]"}
COMMAND: POST /session/2fd0d91dfda64e364b58a1834e9c6eef/element/f.E5F40E6F9784B6DA95361123DC858BB1.d.6FB86E6278155DFA25165CDD699B630A.e.3981/click - {}
RESULT: {}
COMMAND: GET /session/2fd0d91dfda64e364b58a1834e9c6eef/screenshot - {}
RESULT: {}
COMMAND: POST /session/2fd0d91dfda64e364b58a1834e9c6eef/element - {"using":"css selector","value":"#shell-header-logo"}
RESULT: {"using":"css selector","value":"#shell-header-logo"}
COMMAND: POST /session/2fd0d91dfda64e364b58a1834e9c6eef/element/f.E5F40E6F9784B6DA95361123DC858BB1.d.6FB86E6278155DFA25165CDD699B630A.e.3340/click - {}
RESULT: {}
COMMAND: GET /session/2fd0d91dfda64e364b58a1834e9c6eef/screenshot - {}
RESULT: {}
]]></system-out>
    </testcase>
    <testcase classname="chrome.136_0_7103_93.windows.RU_Inventory_Mass_State_Change_Multiple_Items_US151066" name="Prerequisite Step 2 Should do a stock increase handover for the material" time="102.272">
      <system-out><![CDATA[
RESULT: undefined
COMMAND: POST /session/2fd0d91dfda64e364b58a1834e9c6eef/element - {"using":"xpath","value":"//*[@id=\"__tile132\"]"}
RESULT: {"using":"xpath","value":"//*[@id=\"__tile132\"]"}
COMMAND: POST /session/2fd0d91dfda64e364b58a1834e9c6eef/element/f.E5F40E6F9784B6DA95361123DC858BB1.d.6FB86E6278155DFA25165CDD699B630A.e.238/click - {}
RESULT: {}
COMMAND: GET /session/2fd0d91dfda64e364b58a1834e9c6eef/screenshot - {}
RESULT: {}
COMMAND: POST /session/2fd0d91dfda64e364b58a1834e9c6eef/elements - {"using":"xpath","value":"//span[text()='Error']"}
RESULT: {"using":"xpath","value":"//span[text()='Error']"}
COMMAND: POST /session/2fd0d91dfda64e364b58a1834e9c6eef/element - {"using":"xpath","value":"//button[@data-kt=\"masterHOAddButton\"]"}
RESULT: {"using":"xpath","value":"//button[@data-kt=\"masterHOAddButton\"]"}
COMMAND: POST /session/2fd0d91dfda64e364b58a1834e9c6eef/elements - {"using":"xpath","value":"//button[@data-kt=\"masterHOAddButton\"]"}
RESULT: {"using":"xpath","value":"//button[@data-kt=\"masterHOAddButton\"]"}
COMMAND: POST /session/2fd0d91dfda64e364b58a1834e9c6eef/execute/sync - {"script":"<script> [8489 bytes]","args":[{"element-6066-11e4-a52e-4f735466cecf":"f.E5F40E6F9784B6DA95361123DC858BB1.d.6FB86E6278155DFA25165CDD699B630A.e.4202","ELEMENT":"f.E5F40E6F9784B6DA95361123DC858BB1.d.6FB86E6278155DFA25165CDD699B630A.e.4202"}]}
RESULT: {"script":"<script> [8489 bytes]","args":[{"element-6066-11e4-a52e-4f735466cecf":"f.E5F40E6F9784B6DA95361123DC858BB1.d.6FB86E6278155DFA25165CDD699B630A.e.4202","ELEMENT":"f.E5F40E6F9784B6DA95361123DC858BB1.d.6FB86E6278155DFA25165CDD699B630A.e.4202"}]}
COMMAND: GET /session/2fd0d91dfda64e364b58a1834e9c6eef/element/f.E5F40E6F9784B6DA95361123DC858BB1.d.6FB86E6278155DFA25165CDD699B630A.e.4202/enabled - {}
COMMAND: GET /session/2fd0d91dfda64e364b58a1834e9c6eef/screenshot - {}
RESULT: {}
COMMAND: POST /session/2fd0d91dfda64e364b58a1834e9c6eef/execute/sync - {"script":"<script> [8489 bytes]","args":[{"element-6066-11e4-a52e-4f735466cecf":"f.E5F40E6F9784B6DA95361123DC858BB1.d.6FB86E6278155DFA25165CDD699B630A.e.4202","ELEMENT":"f.E5F40E6F9784B6DA95361123DC858BB1.d.6FB86E6278155DFA25165CDD699B630A.e.4202"}]}
COMMAND: GET /session/2fd0d91dfda64e364b58a1834e9c6eef/screenshot - {}
RESULT: {}
RESULT: {"script":"<script> [8489 bytes]","args":[{"element-6066-11e4-a52e-4f735466cecf":"f.E5F40E6F9784B6DA95361123DC858BB1.d.6FB86E6278155DFA25165CDD699B630A.e.4202","ELEMENT":"f.E5F40E6F9784B6DA95361123DC858BB1.d.6FB86E6278155DFA25165CDD699B630A.e.4202"}]}
COMMAND: POST /session/2fd0d91dfda64e364b58a1834e9c6eef/execute/sync - {"script":"<script> [5351 bytes]","args":[{"element-6066-11e4-a52e-4f735466cecf":"f.E5F40E6F9784B6DA95361123DC858BB1.d.6FB86E6278155DFA25165CDD699B630A.e.4202","ELEMENT":"f.E5F40E6F9784B6DA95361123DC858BB1.d.6FB86E6278155DFA25165CDD699B630A.e.4202"}]}
COMMAND: GET /session/2fd0d91dfda64e364b58a1834e9c6eef/screenshot - {}
RESULT: {}
RESULT: {"script":"<script> [5351 bytes]","args":[{"element-6066-11e4-a52e-4f735466cecf":"f.E5F40E6F9784B6DA95361123DC858BB1.d.6FB86E6278155DFA25165CDD699B630A.e.4202","ELEMENT":"f.E5F40E6F9784B6DA95361123DC858BB1.d.6FB86E6278155DFA25165CDD699B630A.e.4202"}]}
COMMAND: POST /session/2fd0d91dfda64e364b58a1834e9c6eef/element/f.E5F40E6F9784B6DA95361123DC858BB1.d.6FB86E6278155DFA25165CDD699B630A.e.4202/click - {}
COMMAND: GET /session/2fd0d91dfda64e364b58a1834e9c6eef/screenshot - {}
RESULT: {}
RESULT: {}
COMMAND: GET /session/2fd0d91dfda64e364b58a1834e9c6eef/screenshot - {}
RESULT: {}
RESULT: {}
COMMAND: POST /session/2fd0d91dfda64e364b58a1834e9c6eef/element - {"using":"xpath","value":"//span[contains(@id ,\"AddNewHO--typeSelect-arrow\")]"}
RESULT: {"using":"xpath","value":"//span[contains(@id ,\"AddNewHO--typeSelect-arrow\")]"}
COMMAND: POST /session/2fd0d91dfda64e364b58a1834e9c6eef/element/f.E5F40E6F9784B6DA95361123DC858BB1.d.6FB86E6278155DFA25165CDD699B630A.e.4619/click - {}
RESULT: {}
COMMAND: GET /session/2fd0d91dfda64e364b58a1834e9c6eef/screenshot - {}
RESULT: {}
COMMAND: POST /session/2fd0d91dfda64e364b58a1834e9c6eef/element - {"using":"xpath","value":"(//li[contains(text(), \"stock increase yard\")])[1]"}
RESULT: {"using":"xpath","value":"(//li[contains(text(), \"stock increase yard\")])[1]"}
COMMAND: POST /session/2fd0d91dfda64e364b58a1834e9c6eef/element/f.E5F40E6F9784B6DA95361123DC858BB1.d.6FB86E6278155DFA25165CDD699B630A.e.4620/click - {}
RESULT: {}
COMMAND: GET /session/2fd0d91dfda64e364b58a1834e9c6eef/screenshot - {}
RESULT: {}
RESULT: undefined
COMMAND: POST /session/2fd0d91dfda64e364b58a1834e9c6eef/execute/async - {"script":"<script> [6424 bytes]","args":[{"element-6066-11e4-a52e-4f735466cecf":"f.E5F40E6F9784B6DA95361123DC858BB1.d.6FB86E6278155DFA25165CDD699B630A.e.3740"},"setValue",["5/20/25"]]}
COMMAND: POST /session/2fd0d91dfda64e364b58a1834e9c6eef/execute/async - {"script":"<script> [1562 bytes]","args":[{"selector":{"id":"application-managehandovers-display-component---AddNewHO--dueDate","interaction":{"idSuffix":"inner"}},"wdio_ui5_key":"applicationmanagehandovers-display-component---AddNewHO--dueDate"}]}
RESULT: {"script":"<script> [1562 bytes]","args":[{"selector":{"id":"application-managehandovers-display-component---AddNewHO--dueDate","interaction":{"idSuffix":"inner"}},"wdio_ui5_key":"applicationmanagehandovers-display-component---AddNewHO--dueDate"}]}
COMMAND: POST /session/2fd0d91dfda64e364b58a1834e9c6eef/execute/async - {"script":"<script> [6424 bytes]","args":[{"element-6066-11e4-a52e-4f735466cecf":"f.E5F40E6F9784B6DA95361123DC858BB1.d.6FB86E6278155DFA25165CDD699B630A.e.4622"},"setValue",["5/20/25"]]}
RESULT: {"script":"<script> [6424 bytes]","args":[{"element-6066-11e4-a52e-4f735466cecf":"f.E5F40E6F9784B6DA95361123DC858BB1.d.6FB86E6278155DFA25165CDD699B630A.e.4622"},"setValue",["5/20/25"]]}
COMMAND: POST /session/2fd0d91dfda64e364b58a1834e9c6eef/element - {"using":"xpath","value":"//input[@id=\"generalSectionFrg--receiveYard-inner\"]"}
RESULT: {"using":"xpath","value":"//input[@id=\"generalSectionFrg--receiveYard-inner\"]"}
COMMAND: POST /session/2fd0d91dfda64e364b58a1834e9c6eef/element/f.E5F40E6F9784B6DA95361123DC858BB1.d.6FB86E6278155DFA25165CDD699B630A.e.4626/clear - {}
RESULT: {}
COMMAND: POST /session/2fd0d91dfda64e364b58a1834e9c6eef/element/f.E5F40E6F9784B6DA95361123DC858BB1.d.6FB86E6278155DFA25165CDD699B630A.e.4626/value - {"text":"109"}
COMMAND: GET /session/2fd0d91dfda64e364b58a1834e9c6eef/screenshot - {}
RESULT: {"text":"109"}
COMMAND: GET /session/2fd0d91dfda64e364b58a1834e9c6eef/screenshot - {}
RESULT: {}
RESULT: {}
COMMAND: POST /session/2fd0d91dfda64e364b58a1834e9c6eef/element - {"using":"xpath","value":"//li[.//span[text()='109']]"}
RESULT: {"using":"xpath","value":"//li[.//span[text()='109']]"}
COMMAND: POST /session/2fd0d91dfda64e364b58a1834e9c6eef/element/f.E5F40E6F9784B6DA95361123DC858BB1.d.6FB86E6278155DFA25165CDD699B630A.e.4644/click - {}
RESULT: {}
COMMAND: GET /session/2fd0d91dfda64e364b58a1834e9c6eef/screenshot - {}
RESULT: {}
RESULT: undefined
COMMAND: POST /session/2fd0d91dfda64e364b58a1834e9c6eef/element - {"using":"xpath","value":"//*[@id=\"application-managehandovers-display-component---AddNewHO--ObjectPageLayout-anchBar-application-managehandovers-display-component---AddNewHO--section4-anchor\"]"}
RESULT: {"using":"xpath","value":"//*[@id=\"application-managehandovers-display-component---AddNewHO--ObjectPageLayout-anchBar-application-managehandovers-display-component---AddNewHO--section4-anchor\"]"}
COMMAND: POST /session/2fd0d91dfda64e364b58a1834e9c6eef/element/f.E5F40E6F9784B6DA95361123DC858BB1.d.6FB86E6278155DFA25165CDD699B630A.e.4645/click - {}
RESULT: {}
COMMAND: POST /session/2fd0d91dfda64e364b58a1834e9c6eef/element - {"using":"xpath","value":"//button[@aria-label=\"Add\"]"}
COMMAND: GET /session/2fd0d91dfda64e364b58a1834e9c6eef/screenshot - {}
RESULT: {"using":"xpath","value":"//button[@aria-label=\"Add\"]"}
COMMAND: POST /session/2fd0d91dfda64e364b58a1834e9c6eef/element/f.E5F40E6F9784B6DA95361123DC858BB1.d.6FB86E6278155DFA25165CDD699B630A.e.4647/click - {}
RESULT: {}
RESULT: {}
COMMAND: GET /session/2fd0d91dfda64e364b58a1834e9c6eef/screenshot - {}
RESULT: {}
RESULT: undefined
COMMAND: POST /session/2fd0d91dfda64e364b58a1834e9c6eef/execute/async - {"script":"<script> [776 bytes]","args":[{"enterText":"200335","selector":{"id":"application-managehandovers-display-component---AddNewHO--smartFilterBar-btnBasicSearch","searchOpenDialogs":true,"interaction":{"idSuffix":"I"}},"clearTextFirst":true,"interactionType":"ENTER_TEXT"}]}
RESULT: {"script":"<script> [776 bytes]","args":[{"enterText":"200335","selector":{"id":"application-managehandovers-display-component---AddNewHO--smartFilterBar-btnBasicSearch","searchOpenDialogs":true,"interaction":{"idSuffix":"I"}},"clearTextFirst":true,"interactionType":"ENTER_TEXT"}]}
COMMAND: POST /session/2fd0d91dfda64e364b58a1834e9c6eef/actions - {"actions":[{"id":"action20","type":"key","parameters":{},"actions":[{"type":"keyDown","value":"î€‡"},{"type":"pause","duration":10},{"type":"keyUp","value":"î€‡"}]}]}
RESULT: {"actions":[{"id":"action20","type":"key","parameters":{},"actions":[{"type":"keyDown","value":"î€‡"},{"type":"pause","duration":10},{"type":"keyUp","value":"î€‡"}]}]}
COMMAND: GET /session/2fd0d91dfda64e364b58a1834e9c6eef/screenshot - {}
RESULT: {}
RESULT: undefined
COMMAND: POST /session/2fd0d91dfda64e364b58a1834e9c6eef/element - {"using":"xpath","value":"//*[@id=\"application-managehandovers-display-component---AddNewHO--popup-sa\"]"}
RESULT: {"using":"xpath","value":"//*[@id=\"application-managehandovers-display-component---AddNewHO--popup-sa\"]"}
COMMAND: POST /session/2fd0d91dfda64e364b58a1834e9c6eef/element/f.E5F40E6F9784B6DA95361123DC858BB1.d.6FB86E6278155DFA25165CDD699B630A.e.4797/click - {}
RESULT: {}
COMMAND: GET /session/2fd0d91dfda64e364b58a1834e9c6eef/screenshot - {}
RESULT: {}
COMMAND: POST /session/2fd0d91dfda64e364b58a1834e9c6eef/element - {"using":"xpath","value":"//bdi[contains(text(), \"Select\")]"}
RESULT: {"using":"xpath","value":"//bdi[contains(text(), \"Select\")]"}
COMMAND: POST /session/2fd0d91dfda64e364b58a1834e9c6eef/element/f.E5F40E6F9784B6DA95361123DC858BB1.d.6FB86E6278155DFA25165CDD699B630A.e.4798/click - {}
RESULT: {}
COMMAND: GET /session/2fd0d91dfda64e364b58a1834e9c6eef/screenshot - {}
RESULT: {}
COMMAND: POST /session/2fd0d91dfda64e364b58a1834e9c6eef/element - {"using":"xpath","value":"//button[@data-kt=\"AddNewHOSaveButton\"]"}
RESULT: {"using":"xpath","value":"//button[@data-kt=\"AddNewHOSaveButton\"]"}
COMMAND: POST /session/2fd0d91dfda64e364b58a1834e9c6eef/element/f.E5F40E6F9784B6DA95361123DC858BB1.d.6FB86E6278155DFA25165CDD699B630A.e.4802/click - {}
RESULT: {}
COMMAND: GET /session/2fd0d91dfda64e364b58a1834e9c6eef/screenshot - {}
RESULT: {}
RESULT: undefined
COMMAND: POST /session/2fd0d91dfda64e364b58a1834e9c6eef/execute/async - {"script":"<script> [6424 bytes]","args":[{"element-6066-11e4-a52e-4f735466cecf":"f.E5F40E6F9784B6DA95361123DC858BB1.d.6FB86E6278155DFA25165CDD699B630A.e.3962"},"setValue",["5/20/25"]]}
COMMAND: POST /session/2fd0d91dfda64e364b58a1834e9c6eef/execute/async - {"script":"<script> [1562 bytes]","args":[{"selector":{"id":"receiptDatePicker","viewName":"etm.portal.ui.managehandovers.view.DetailExecuteHO","interaction":{"idSuffix":"inner"}},"wdio_ui5_key":"receiptDatePickeretmportal.ui.managehandovers.view.DetailExecuteHO"}]}
RESULT: {"script":"<script> [1562 bytes]","args":[{"selector":{"id":"receiptDatePicker","viewName":"etm.portal.ui.managehandovers.view.DetailExecuteHO","interaction":{"idSuffix":"inner"}},"wdio_ui5_key":"receiptDatePickeretmportal.ui.managehandovers.view.DetailExecuteHO"}]}
COMMAND: POST /session/2fd0d91dfda64e364b58a1834e9c6eef/execute/async - {"script":"<script> [6424 bytes]","args":[{"element-6066-11e4-a52e-4f735466cecf":"f.E5F40E6F9784B6DA95361123DC858BB1.d.6FB86E6278155DFA25165CDD699B630A.e.4824"},"setValue",["5/20/25"]]}
RESULT: {"script":"<script> [6424 bytes]","args":[{"element-6066-11e4-a52e-4f735466cecf":"f.E5F40E6F9784B6DA95361123DC858BB1.d.6FB86E6278155DFA25165CDD699B630A.e.4824"},"setValue",["5/20/25"]]}
COMMAND: POST /session/2fd0d91dfda64e364b58a1834e9c6eef/element - {"using":"xpath","value":"//button[@data-kt=\"PickingTableConfirmAllButton\"]"}
RESULT: {"using":"xpath","value":"//button[@data-kt=\"PickingTableConfirmAllButton\"]"}
COMMAND: POST /session/2fd0d91dfda64e364b58a1834e9c6eef/element/f.E5F40E6F9784B6DA95361123DC858BB1.d.6FB86E6278155DFA25165CDD699B630A.e.4837/click - {}
RESULT: {}
COMMAND: GET /session/2fd0d91dfda64e364b58a1834e9c6eef/screenshot - {}
RESULT: {}
COMMAND: POST /session/2fd0d91dfda64e364b58a1834e9c6eef/element - {"using":"xpath","value":"//bdi[contains(text(), \"OK\")]"}
RESULT: {"using":"xpath","value":"//bdi[contains(text(), \"OK\")]"}
COMMAND: POST /session/2fd0d91dfda64e364b58a1834e9c6eef/element/f.E5F40E6F9784B6DA95361123DC858BB1.d.6FB86E6278155DFA25165CDD699B630A.e.4839/click - {}
RESULT: {}
COMMAND: GET /session/2fd0d91dfda64e364b58a1834e9c6eef/screenshot - {}
RESULT: {}
COMMAND: POST /session/2fd0d91dfda64e364b58a1834e9c6eef/element - {"using":"xpath","value":"(//bdi[contains(text(), \"Receive\")])[2]"}
RESULT: {"using":"xpath","value":"(//bdi[contains(text(), \"Receive\")])[2]"}
COMMAND: POST /session/2fd0d91dfda64e364b58a1834e9c6eef/element/f.E5F40E6F9784B6DA95361123DC858BB1.d.6FB86E6278155DFA25165CDD699B630A.e.4841/click - {}
RESULT: {}
COMMAND: GET /session/2fd0d91dfda64e364b58a1834e9c6eef/screenshot - {}
RESULT: {}
COMMAND: POST /session/2fd0d91dfda64e364b58a1834e9c6eef/element - {"using":"css selector","value":"#shell-header-logo"}
RESULT: {"using":"css selector","value":"#shell-header-logo"}
COMMAND: POST /session/2fd0d91dfda64e364b58a1834e9c6eef/element/f.E5F40E6F9784B6DA95361123DC858BB1.d.6FB86E6278155DFA25165CDD699B630A.e.4167/click - {}
RESULT: {}
COMMAND: GET /session/2fd0d91dfda64e364b58a1834e9c6eef/screenshot - {}
RESULT: {}
]]></system-out>
    </testcase>
    <testcase classname="chrome.136_0_7103_93.windows.RU_Inventory_Mass_State_Change_Multiple_Items_US151066" name="Step 2 Should do a RU inventory mass state change on chosen yard 109 with the resources created one equipment one material the existing ones too" time="302.887">
      <system-out><![CDATA[
RESULT: undefined
COMMAND: POST /session/2fd0d91dfda64e364b58a1834e9c6eef/element - {"using":"xpath","value":"//*[@id=\"__tile99\"]"}
RESULT: {"using":"xpath","value":"//*[@id=\"__tile99\"]"}
COMMAND: POST /session/2fd0d91dfda64e364b58a1834e9c6eef/element/f.E5F40E6F9784B6DA95361123DC858BB1.d.6FB86E6278155DFA25165CDD699B630A.e.262/click - {}
RESULT: {}
COMMAND: GET /session/2fd0d91dfda64e364b58a1834e9c6eef/screenshot - {}
RESULT: {}
COMMAND: POST /session/2fd0d91dfda64e364b58a1834e9c6eef/elements - {"using":"xpath","value":"//span[text()='Error']"}
RESULT: {"using":"xpath","value":"//span[text()='Error']"}
COMMAND: POST /session/2fd0d91dfda64e364b58a1834e9c6eef/element - {"using":"xpath","value":"//button[contains(@id, \"massStateBtn\")]"}
RESULT: {"using":"xpath","value":"//button[contains(@id, \"massStateBtn\")]"}
COMMAND: POST /session/2fd0d91dfda64e364b58a1834e9c6eef/elements - {"using":"xpath","value":"//button[contains(@id, \"massStateBtn\")]"}
RESULT: {"using":"xpath","value":"//button[contains(@id, \"massStateBtn\")]"}
COMMAND: POST /session/2fd0d91dfda64e364b58a1834e9c6eef/execute/sync - {"script":"<script> [8489 bytes]","args":[{"element-6066-11e4-a52e-4f735466cecf":"f.E5F40E6F9784B6DA95361123DC858BB1.d.6FB86E6278155DFA25165CDD699B630A.e.5048","ELEMENT":"f.E5F40E6F9784B6DA95361123DC858BB1.d.6FB86E6278155DFA25165CDD699B630A.e.5048"}]}
RESULT: {"script":"<script> [8489 bytes]","args":[{"element-6066-11e4-a52e-4f735466cecf":"f.E5F40E6F9784B6DA95361123DC858BB1.d.6FB86E6278155DFA25165CDD699B630A.e.5048","ELEMENT":"f.E5F40E6F9784B6DA95361123DC858BB1.d.6FB86E6278155DFA25165CDD699B630A.e.5048"}]}
COMMAND: GET /session/2fd0d91dfda64e364b58a1834e9c6eef/element/f.E5F40E6F9784B6DA95361123DC858BB1.d.6FB86E6278155DFA25165CDD699B630A.e.5048/enabled - {}
COMMAND: GET /session/2fd0d91dfda64e364b58a1834e9c6eef/screenshot - {}
RESULT: {}
COMMAND: POST /session/2fd0d91dfda64e364b58a1834e9c6eef/execute/sync - {"script":"<script> [8489 bytes]","args":[{"element-6066-11e4-a52e-4f735466cecf":"f.E5F40E6F9784B6DA95361123DC858BB1.d.6FB86E6278155DFA25165CDD699B630A.e.5048","ELEMENT":"f.E5F40E6F9784B6DA95361123DC858BB1.d.6FB86E6278155DFA25165CDD699B630A.e.5048"}]}
COMMAND: GET /session/2fd0d91dfda64e364b58a1834e9c6eef/screenshot - {}
RESULT: {}
RESULT: {"script":"<script> [8489 bytes]","args":[{"element-6066-11e4-a52e-4f735466cecf":"f.E5F40E6F9784B6DA95361123DC858BB1.d.6FB86E6278155DFA25165CDD699B630A.e.5048","ELEMENT":"f.E5F40E6F9784B6DA95361123DC858BB1.d.6FB86E6278155DFA25165CDD699B630A.e.5048"}]}
COMMAND: POST /session/2fd0d91dfda64e364b58a1834e9c6eef/execute/sync - {"script":"<script> [5351 bytes]","args":[{"element-6066-11e4-a52e-4f735466cecf":"f.E5F40E6F9784B6DA95361123DC858BB1.d.6FB86E6278155DFA25165CDD699B630A.e.5048","ELEMENT":"f.E5F40E6F9784B6DA95361123DC858BB1.d.6FB86E6278155DFA25165CDD699B630A.e.5048"}]}
COMMAND: GET /session/2fd0d91dfda64e364b58a1834e9c6eef/screenshot - {}
RESULT: {}
RESULT: {"script":"<script> [5351 bytes]","args":[{"element-6066-11e4-a52e-4f735466cecf":"f.E5F40E6F9784B6DA95361123DC858BB1.d.6FB86E6278155DFA25165CDD699B630A.e.5048","ELEMENT":"f.E5F40E6F9784B6DA95361123DC858BB1.d.6FB86E6278155DFA25165CDD699B630A.e.5048"}]}
COMMAND: POST /session/2fd0d91dfda64e364b58a1834e9c6eef/element/f.E5F40E6F9784B6DA95361123DC858BB1.d.6FB86E6278155DFA25165CDD699B630A.e.5048/click - {}
COMMAND: GET /session/2fd0d91dfda64e364b58a1834e9c6eef/screenshot - {}
RESULT: {}
RESULT: {}
COMMAND: GET /session/2fd0d91dfda64e364b58a1834e9c6eef/screenshot - {}
RESULT: {}
RESULT: {}
RESULT: undefined
COMMAND: POST /session/2fd0d91dfda64e364b58a1834e9c6eef/element - {"using":"xpath","value":"//*[@id=\"application-ruinventorylist-display-component---Master--ruLocationTypeComboBox-arrow\"]"}
RESULT: {"using":"xpath","value":"//*[@id=\"application-ruinventorylist-display-component---Master--ruLocationTypeComboBox-arrow\"]"}
COMMAND: POST /session/2fd0d91dfda64e364b58a1834e9c6eef/element/f.E5F40E6F9784B6DA95361123DC858BB1.d.6FB86E6278155DFA25165CDD699B630A.e.5402/click - {}
RESULT: {}
COMMAND: GET /session/2fd0d91dfda64e364b58a1834e9c6eef/screenshot - {}
RESULT: {}
COMMAND: POST /session/2fd0d91dfda64e364b58a1834e9c6eef/element - {"using":"xpath","value":"//li[.//span[text()='Yard']]"}
RESULT: {"using":"xpath","value":"//li[.//span[text()='Yard']]"}
COMMAND: POST /session/2fd0d91dfda64e364b58a1834e9c6eef/element/f.E5F40E6F9784B6DA95361123DC858BB1.d.6FB86E6278155DFA25165CDD699B630A.e.5403/click - {}
RESULT: {}
COMMAND: GET /session/2fd0d91dfda64e364b58a1834e9c6eef/screenshot - {}
RESULT: {}
RESULT: undefined
COMMAND: POST /session/2fd0d91dfda64e364b58a1834e9c6eef/element - {"using":"xpath","value":"//*[@id=\"application-ruinventorylist-display-component---Master--smartFilterBar-filterItemControl_BASIC-YARD-vhi\"]"}
RESULT: {"using":"xpath","value":"//*[@id=\"application-ruinventorylist-display-component---Master--smartFilterBar-filterItemControl_BASIC-YARD-vhi\"]"}
COMMAND: POST /session/2fd0d91dfda64e364b58a1834e9c6eef/element/f.E5F40E6F9784B6DA95361123DC858BB1.d.6FB86E6278155DFA25165CDD699B630A.e.5438/click - {}
RESULT: {}
COMMAND: GET /session/2fd0d91dfda64e364b58a1834e9c6eef/screenshot - {}
RESULT: {}
RESULT: undefined
COMMAND: POST /session/2fd0d91dfda64e364b58a1834e9c6eef/execute/async - {"script":"<script> [776 bytes]","args":[{"enterText":"109","selector":{"id":"application-ruinventorylist-display-component---Master--smartFilterBar-filterItemControl_BASIC-YARD-valueHelpDialog-smartFilterBar-btnBasicSearch","searchOpenDialogs":true,"interaction":{"idSuffix":"I"}},"clearTextFirst":true,"interactionType":"ENTER_TEXT"}]}
RESULT: {"script":"<script> [776 bytes]","args":[{"enterText":"109","selector":{"id":"application-ruinventorylist-display-component---Master--smartFilterBar-filterItemControl_BASIC-YARD-valueHelpDialog-smartFilterBar-btnBasicSearch","searchOpenDialogs":true,"interaction":{"idSuffix":"I"}},"clearTextFirst":true,"interactionType":"ENTER_TEXT"}]}
COMMAND: POST /session/2fd0d91dfda64e364b58a1834e9c6eef/actions - {"actions":[{"id":"action21","type":"key","parameters":{},"actions":[{"type":"keyDown","value":"î€‡"},{"type":"pause","duration":10},{"type":"keyUp","value":"î€‡"}]}]}
RESULT: {"actions":[{"id":"action21","type":"key","parameters":{},"actions":[{"type":"keyDown","value":"î€‡"},{"type":"pause","duration":10},{"type":"keyUp","value":"î€‡"}]}]}
COMMAND: GET /session/2fd0d91dfda64e364b58a1834e9c6eef/screenshot - {}
RESULT: {}
COMMAND: POST /session/2fd0d91dfda64e364b58a1834e9c6eef/elements - {"using":"xpath","value":"//table[contains(@id, \"filterItemControl_BASIC-YARD-valueHelpDialog-table-table\")]/tbody/tr"}
RESULT: {"using":"xpath","value":"//table[contains(@id, \"filterItemControl_BASIC-YARD-valueHelpDialog-table-table\")]/tbody/tr"}
COMMAND: POST /session/2fd0d91dfda64e364b58a1834e9c6eef/element - {"using":"xpath","value":"//table[contains(@id, \"filterItemControl_BASIC-YARD-valueHelpDialog-table-table\")]/tbody/tr[1]/td[1]/div/span"}
RESULT: {"using":"xpath","value":"//table[contains(@id, \"filterItemControl_BASIC-YARD-valueHelpDialog-table-table\")]/tbody/tr[1]/td[1]/div/span"}
COMMAND: POST /session/2fd0d91dfda64e364b58a1834e9c6eef/elements - {"using":"xpath","value":"//table[contains(@id, \"filterItemControl_BASIC-YARD-valueHelpDialog-table-table\")]/tbody/tr[1]/td[1]/div/span"}
RESULT: {"using":"xpath","value":"//table[contains(@id, \"filterItemControl_BASIC-YARD-valueHelpDialog-table-table\")]/tbody/tr[1]/td[1]/div/span"}
COMMAND: POST /session/2fd0d91dfda64e364b58a1834e9c6eef/execute/sync - {"script":"<script> [56 bytes]","args":[{"element-6066-11e4-a52e-4f735466cecf":"f.E5F40E6F9784B6DA95361123DC858BB1.d.6FB86E6278155DFA25165CDD699B630A.e.5458","ELEMENT":"f.E5F40E6F9784B6DA95361123DC858BB1.d.6FB86E6278155DFA25165CDD699B630A.e.5458"}]}
RESULT: {"script":"<script> [56 bytes]","args":[{"element-6066-11e4-a52e-4f735466cecf":"f.E5F40E6F9784B6DA95361123DC858BB1.d.6FB86E6278155DFA25165CDD699B630A.e.5458","ELEMENT":"f.E5F40E6F9784B6DA95361123DC858BB1.d.6FB86E6278155DFA25165CDD699B630A.e.5458"}]}
COMMAND: POST /session/2fd0d91dfda64e364b58a1834e9c6eef/element - {"using":"xpath","value":"//div[contains(@id, \"filterItemControl_BASIC-YARD-valueHelpDialog-table-rowsel0\")]"}
COMMAND: GET /session/2fd0d91dfda64e364b58a1834e9c6eef/screenshot - {}
RESULT: {"using":"xpath","value":"//div[contains(@id, \"filterItemControl_BASIC-YARD-valueHelpDialog-table-rowsel0\")]"}
COMMAND: POST /session/2fd0d91dfda64e364b58a1834e9c6eef/element/f.E5F40E6F9784B6DA95361123DC858BB1.d.6FB86E6278155DFA25165CDD699B630A.e.5459/click - {}
RESULT: {}
RESULT: {}
COMMAND: GET /session/2fd0d91dfda64e364b58a1834e9c6eef/screenshot - {}
RESULT: {}
COMMAND: POST /session/2fd0d91dfda64e364b58a1834e9c6eef/element - {"using":"xpath","value":"//div[contains(@id, \"smartFilterBar-filterItemControl_BASIC-YARD-valueHelpDialog-smartFilterBar-btnBasicSearch-reset\")]"}
RESULT: {"using":"xpath","value":"//div[contains(@id, \"smartFilterBar-filterItemControl_BASIC-YARD-valueHelpDialog-smartFilterBar-btnBasicSearch-reset\")]"}
COMMAND: POST /session/2fd0d91dfda64e364b58a1834e9c6eef/element/f.E5F40E6F9784B6DA95361123DC858BB1.d.6FB86E6278155DFA25165CDD699B630A.e.5461/click - {}
RESULT: {}
RESULT: undefined
COMMAND: POST /session/2fd0d91dfda64e364b58a1834e9c6eef/execute/async - {"script":"<script> [776 bytes]","args":[{"enterText":"OPA5_BST01_YARD1","selector":{"id":"application-ruinventorylist-display-component---Master--smartFilterBar-filterItemControl_BASIC-YARD-valueHelpDialog-smartFilterBar-btnBasicSearch","searchOpenDialogs":true,"interaction":{"idSuffix":"I"}},"clearTextFirst":true,"interactionType":"ENTER_TEXT"}]}
COMMAND: GET /session/2fd0d91dfda64e364b58a1834e9c6eef/screenshot - {}
RESULT: {"script":"<script> [776 bytes]","args":[{"enterText":"OPA5_BST01_YARD1","selector":{"id":"application-ruinventorylist-display-component---Master--smartFilterBar-filterItemControl_BASIC-YARD-valueHelpDialog-smartFilterBar-btnBasicSearch","searchOpenDialogs":true,"interaction":{"idSuffix":"I"}},"clearTextFirst":true,"interactionType":"ENTER_TEXT"}]}
COMMAND: POST /session/2fd0d91dfda64e364b58a1834e9c6eef/actions - {"actions":[{"id":"action22","type":"key","parameters":{},"actions":[{"type":"keyDown","value":"î€‡"},{"type":"pause","duration":10},{"type":"keyUp","value":"î€‡"}]}]}
RESULT: {}
RESULT: {"actions":[{"id":"action22","type":"key","parameters":{},"actions":[{"type":"keyDown","value":"î€‡"},{"type":"pause","duration":10},{"type":"keyUp","value":"î€‡"}]}]}
COMMAND: GET /session/2fd0d91dfda64e364b58a1834e9c6eef/screenshot - {}
RESULT: {}
COMMAND: POST /session/2fd0d91dfda64e364b58a1834e9c6eef/elements - {"using":"xpath","value":"//table[contains(@id, \"filterItemControl_BASIC-YARD-valueHelpDialog-table-table\")]/tbody/tr"}
RESULT: {"using":"xpath","value":"//table[contains(@id, \"filterItemControl_BASIC-YARD-valueHelpDialog-table-table\")]/tbody/tr"}
COMMAND: POST /session/2fd0d91dfda64e364b58a1834e9c6eef/element - {"using":"xpath","value":"//table[contains(@id, \"filterItemControl_BASIC-YARD-valueHelpDialog-table-table\")]/tbody/tr[1]/td[1]/div/span"}
RESULT: {"using":"xpath","value":"//table[contains(@id, \"filterItemControl_BASIC-YARD-valueHelpDialog-table-table\")]/tbody/tr[1]/td[1]/div/span"}
COMMAND: POST /session/2fd0d91dfda64e364b58a1834e9c6eef/elements - {"using":"xpath","value":"//table[contains(@id, \"filterItemControl_BASIC-YARD-valueHelpDialog-table-table\")]/tbody/tr[1]/td[1]/div/span"}
RESULT: {"using":"xpath","value":"//table[contains(@id, \"filterItemControl_BASIC-YARD-valueHelpDialog-table-table\")]/tbody/tr[1]/td[1]/div/span"}
COMMAND: POST /session/2fd0d91dfda64e364b58a1834e9c6eef/execute/sync - {"script":"<script> [56 bytes]","args":[{"element-6066-11e4-a52e-4f735466cecf":"f.E5F40E6F9784B6DA95361123DC858BB1.d.6FB86E6278155DFA25165CDD699B630A.e.5458","ELEMENT":"f.E5F40E6F9784B6DA95361123DC858BB1.d.6FB86E6278155DFA25165CDD699B630A.e.5458"}]}
RESULT: {"script":"<script> [56 bytes]","args":[{"element-6066-11e4-a52e-4f735466cecf":"f.E5F40E6F9784B6DA95361123DC858BB1.d.6FB86E6278155DFA25165CDD699B630A.e.5458","ELEMENT":"f.E5F40E6F9784B6DA95361123DC858BB1.d.6FB86E6278155DFA25165CDD699B630A.e.5458"}]}
COMMAND: POST /session/2fd0d91dfda64e364b58a1834e9c6eef/element - {"using":"xpath","value":"//div[contains(@id, \"filterItemControl_BASIC-YARD-valueHelpDialog-table-rowsel0\")]"}
COMMAND: GET /session/2fd0d91dfda64e364b58a1834e9c6eef/screenshot - {}
RESULT: {"using":"xpath","value":"//div[contains(@id, \"filterItemControl_BASIC-YARD-valueHelpDialog-table-rowsel0\")]"}
COMMAND: POST /session/2fd0d91dfda64e364b58a1834e9c6eef/element/f.E5F40E6F9784B6DA95361123DC858BB1.d.6FB86E6278155DFA25165CDD699B630A.e.5459/click - {}
RESULT: {}
RESULT: {}
COMMAND: GET /session/2fd0d91dfda64e364b58a1834e9c6eef/screenshot - {}
RESULT: {}
COMMAND: POST /session/2fd0d91dfda64e364b58a1834e9c6eef/element - {"using":"xpath","value":"(//bdi[contains(text(), \"OK\")])[1]"}
RESULT: {"using":"xpath","value":"(//bdi[contains(text(), \"OK\")])[1]"}
COMMAND: POST /session/2fd0d91dfda64e364b58a1834e9c6eef/element/f.E5F40E6F9784B6DA95361123DC858BB1.d.6FB86E6278155DFA25165CDD699B630A.e.5462/click - {}
RESULT: {}
COMMAND: GET /session/2fd0d91dfda64e364b58a1834e9c6eef/screenshot - {}
RESULT: {}
COMMAND: POST /session/2fd0d91dfda64e364b58a1834e9c6eef/element - {"using":"xpath","value":"//span[@id=\"application-ruinventorylist-display-component---Master--smartTableRuInventoryList-header-inner\"]"}
RESULT: {"using":"xpath","value":"//span[@id=\"application-ruinventorylist-display-component---Master--smartTableRuInventoryList-header-inner\"]"}
COMMAND: POST /session/2fd0d91dfda64e364b58a1834e9c6eef/elements - {"using":"xpath","value":"//span[@id=\"application-ruinventorylist-display-component---Master--smartTableRuInventoryList-header-inner\"]"}
RESULT: {"using":"xpath","value":"//span[@id=\"application-ruinventorylist-display-component---Master--smartTableRuInventoryList-header-inner\"]"}
COMMAND: POST /session/2fd0d91dfda64e364b58a1834e9c6eef/execute/sync - {"script":"<script> [56 bytes]","args":[{"element-6066-11e4-a52e-4f735466cecf":"f.E5F40E6F9784B6DA95361123DC858BB1.d.6FB86E6278155DFA25165CDD699B630A.e.5616","ELEMENT":"f.E5F40E6F9784B6DA95361123DC858BB1.d.6FB86E6278155DFA25165CDD699B630A.e.5616"}]}
RESULT: {"script":"<script> [56 bytes]","args":[{"element-6066-11e4-a52e-4f735466cecf":"f.E5F40E6F9784B6DA95361123DC858BB1.d.6FB86E6278155DFA25165CDD699B630A.e.5616","ELEMENT":"f.E5F40E6F9784B6DA95361123DC858BB1.d.6FB86E6278155DFA25165CDD699B630A.e.5616"}]}
RESULT: undefined
COMMAND: POST /session/2fd0d91dfda64e364b58a1834e9c6eef/execute/async - {"script":"<script> [776 bytes]","args":[{"enterText":"600002","selector":{"id":"application-ruinventorylist-display-component---Master--smartFilterBar-btnBasicSearch","interaction":{"idSuffix":"I"}},"clearTextFirst":true,"interactionType":"ENTER_TEXT"}]}
COMMAND: GET /session/2fd0d91dfda64e364b58a1834e9c6eef/screenshot - {}
RESULT: {"script":"<script> [776 bytes]","args":[{"enterText":"600002","selector":{"id":"application-ruinventorylist-display-component---Master--smartFilterBar-btnBasicSearch","interaction":{"idSuffix":"I"}},"clearTextFirst":true,"interactionType":"ENTER_TEXT"}]}
COMMAND: POST /session/2fd0d91dfda64e364b58a1834e9c6eef/actions - {"actions":[{"id":"action23","type":"key","parameters":{},"actions":[{"type":"keyDown","value":"î€‡"},{"type":"pause","duration":10},{"type":"keyUp","value":"î€‡"}]}]}
RESULT: {}
RESULT: {"actions":[{"id":"action23","type":"key","parameters":{},"actions":[{"type":"keyDown","value":"î€‡"},{"type":"pause","duration":10},{"type":"keyUp","value":"î€‡"}]}]}
COMMAND: GET /session/2fd0d91dfda64e364b58a1834e9c6eef/screenshot - {}
RESULT: {}
COMMAND: POST /session/2fd0d91dfda64e364b58a1834e9c6eef/element - {"using":"xpath","value":"//span[@id=\"application-ruinventorylist-display-component---Master--smartTableRuInventoryList-header-inner\"]"}
RESULT: {"using":"xpath","value":"//span[@id=\"application-ruinventorylist-display-component---Master--smartTableRuInventoryList-header-inner\"]"}
COMMAND: POST /session/2fd0d91dfda64e364b58a1834e9c6eef/elements - {"using":"xpath","value":"//span[@id=\"application-ruinventorylist-display-component---Master--smartTableRuInventoryList-header-inner\"]"}
RESULT: {"using":"xpath","value":"//span[@id=\"application-ruinventorylist-display-component---Master--smartTableRuInventoryList-header-inner\"]"}
COMMAND: POST /session/2fd0d91dfda64e364b58a1834e9c6eef/execute/sync - {"script":"<script> [56 bytes]","args":[{"element-6066-11e4-a52e-4f735466cecf":"f.E5F40E6F9784B6DA95361123DC858BB1.d.6FB86E6278155DFA25165CDD699B630A.e.5616","ELEMENT":"f.E5F40E6F9784B6DA95361123DC858BB1.d.6FB86E6278155DFA25165CDD699B630A.e.5616"}]}
RESULT: {"script":"<script> [56 bytes]","args":[{"element-6066-11e4-a52e-4f735466cecf":"f.E5F40E6F9784B6DA95361123DC858BB1.d.6FB86E6278155DFA25165CDD699B630A.e.5616","ELEMENT":"f.E5F40E6F9784B6DA95361123DC858BB1.d.6FB86E6278155DFA25165CDD699B630A.e.5616"}]}
COMMAND: POST /session/2fd0d91dfda64e364b58a1834e9c6eef/element - {"using":"xpath","value":"//table[contains(@id, \"application-ruinventorylist-display-component---Master--tableRuInventoryList-listUl\")]/tbody/tr[1]/td[2]/div/div"}
COMMAND: GET /session/2fd0d91dfda64e364b58a1834e9c6eef/screenshot - {}
RESULT: {"using":"xpath","value":"//table[contains(@id, \"application-ruinventorylist-display-component---Master--tableRuInventoryList-listUl\")]/tbody/tr[1]/td[2]/div/div"}
COMMAND: POST /session/2fd0d91dfda64e364b58a1834e9c6eef/element/f.E5F40E6F9784B6DA95361123DC858BB1.d.6FB86E6278155DFA25165CDD699B630A.e.5622/click - {}
RESULT: {}
RESULT: {}
COMMAND: GET /session/2fd0d91dfda64e364b58a1834e9c6eef/screenshot - {}
RESULT: {}
COMMAND: POST /session/2fd0d91dfda64e364b58a1834e9c6eef/element - {"using":"xpath","value":"//div[contains(@id, \"smartFilterBar-btnBasicSearch-reset\")]"}
RESULT: {"using":"xpath","value":"//div[contains(@id, \"smartFilterBar-btnBasicSearch-reset\")]"}
COMMAND: POST /session/2fd0d91dfda64e364b58a1834e9c6eef/element/f.E5F40E6F9784B6DA95361123DC858BB1.d.6FB86E6278155DFA25165CDD699B630A.e.5632/click - {}
RESULT: {}
COMMAND: GET /session/2fd0d91dfda64e364b58a1834e9c6eef/screenshot - {}
RESULT: {}
RESULT: undefined
COMMAND: POST /session/2fd0d91dfda64e364b58a1834e9c6eef/execute/async - {"script":"<script> [776 bytes]","args":[{"enterText":"401002","selector":{"id":"application-ruinventorylist-display-component---Master--smartFilterBar-btnBasicSearch","interaction":{"idSuffix":"I"}},"clearTextFirst":true,"interactionType":"ENTER_TEXT"}]}
RESULT: {"script":"<script> [776 bytes]","args":[{"enterText":"401002","selector":{"id":"application-ruinventorylist-display-component---Master--smartFilterBar-btnBasicSearch","interaction":{"idSuffix":"I"}},"clearTextFirst":true,"interactionType":"ENTER_TEXT"}]}
COMMAND: POST /session/2fd0d91dfda64e364b58a1834e9c6eef/actions - {"actions":[{"id":"action24","type":"key","parameters":{},"actions":[{"type":"keyDown","value":"î€‡"},{"type":"pause","duration":10},{"type":"keyUp","value":"î€‡"}]}]}
RESULT: {"actions":[{"id":"action24","type":"key","parameters":{},"actions":[{"type":"keyDown","value":"î€‡"},{"type":"pause","duration":10},{"type":"keyUp","value":"î€‡"}]}]}
COMMAND: GET /session/2fd0d91dfda64e364b58a1834e9c6eef/screenshot - {}
RESULT: {}
COMMAND: POST /session/2fd0d91dfda64e364b58a1834e9c6eef/element - {"using":"xpath","value":"//span[@id=\"application-ruinventorylist-display-component---Master--smartTableRuInventoryList-header-inner\"]"}
RESULT: {"using":"xpath","value":"//span[@id=\"application-ruinventorylist-display-component---Master--smartTableRuInventoryList-header-inner\"]"}
COMMAND: POST /session/2fd0d91dfda64e364b58a1834e9c6eef/elements - {"using":"xpath","value":"//span[@id=\"application-ruinventorylist-display-component---Master--smartTableRuInventoryList-header-inner\"]"}
RESULT: {"using":"xpath","value":"//span[@id=\"application-ruinventorylist-display-component---Master--smartTableRuInventoryList-header-inner\"]"}
COMMAND: POST /session/2fd0d91dfda64e364b58a1834e9c6eef/execute/sync - {"script":"<script> [56 bytes]","args":[{"element-6066-11e4-a52e-4f735466cecf":"f.E5F40E6F9784B6DA95361123DC858BB1.d.6FB86E6278155DFA25165CDD699B630A.e.5616","ELEMENT":"f.E5F40E6F9784B6DA95361123DC858BB1.d.6FB86E6278155DFA25165CDD699B630A.e.5616"}]}
RESULT: {"script":"<script> [56 bytes]","args":[{"element-6066-11e4-a52e-4f735466cecf":"f.E5F40E6F9784B6DA95361123DC858BB1.d.6FB86E6278155DFA25165CDD699B630A.e.5616","ELEMENT":"f.E5F40E6F9784B6DA95361123DC858BB1.d.6FB86E6278155DFA25165CDD699B630A.e.5616"}]}
COMMAND: POST /session/2fd0d91dfda64e364b58a1834e9c6eef/element - {"using":"xpath","value":"//table[contains(@id, \"application-ruinventorylist-display-component---Master--tableRuInventoryList-listUl\")]/tbody/tr[1]/td[2]/div/div"}
COMMAND: GET /session/2fd0d91dfda64e364b58a1834e9c6eef/screenshot - {}
RESULT: {"using":"xpath","value":"//table[contains(@id, \"application-ruinventorylist-display-component---Master--tableRuInventoryList-listUl\")]/tbody/tr[1]/td[2]/div/div"}
COMMAND: POST /session/2fd0d91dfda64e364b58a1834e9c6eef/element/f.E5F40E6F9784B6DA95361123DC858BB1.d.6FB86E6278155DFA25165CDD699B630A.e.5788/click - {}
RESULT: {}
RESULT: {}
COMMAND: GET /session/2fd0d91dfda64e364b58a1834e9c6eef/screenshot - {}
RESULT: {}
COMMAND: POST /session/2fd0d91dfda64e364b58a1834e9c6eef/element - {"using":"xpath","value":"//div[contains(@id, \"smartFilterBar-btnBasicSearch-reset\")]"}
RESULT: {"using":"xpath","value":"//div[contains(@id, \"smartFilterBar-btnBasicSearch-reset\")]"}
COMMAND: POST /session/2fd0d91dfda64e364b58a1834e9c6eef/element/f.E5F40E6F9784B6DA95361123DC858BB1.d.6FB86E6278155DFA25165CDD699B630A.e.5632/click - {}
RESULT: {}
COMMAND: GET /session/2fd0d91dfda64e364b58a1834e9c6eef/screenshot - {}
RESULT: undefined
COMMAND: POST /session/2fd0d91dfda64e364b58a1834e9c6eef/execute/async - {"script":"<script> [776 bytes]","args":[{"enterText":"fAQFhDiIj7","selector":{"id":"application-ruinventorylist-display-component---Master--smartFilterBar-btnBasicSearch","interaction":{"idSuffix":"I"}},"clearTextFirst":true,"interactionType":"ENTER_TEXT"}]}
RESULT: {}
RESULT: {"script":"<script> [776 bytes]","args":[{"enterText":"fAQFhDiIj7","selector":{"id":"application-ruinventorylist-display-component---Master--smartFilterBar-btnBasicSearch","interaction":{"idSuffix":"I"}},"clearTextFirst":true,"interactionType":"ENTER_TEXT"}]}
COMMAND: POST /session/2fd0d91dfda64e364b58a1834e9c6eef/actions - {"actions":[{"id":"action25","type":"key","parameters":{},"actions":[{"type":"keyDown","value":"î€‡"},{"type":"pause","duration":10},{"type":"keyUp","value":"î€‡"}]}]}
RESULT: {"actions":[{"id":"action25","type":"key","parameters":{},"actions":[{"type":"keyDown","value":"î€‡"},{"type":"pause","duration":10},{"type":"keyUp","value":"î€‡"}]}]}
COMMAND: GET /session/2fd0d91dfda64e364b58a1834e9c6eef/screenshot - {}
RESULT: {}
COMMAND: POST /session/2fd0d91dfda64e364b58a1834e9c6eef/element - {"using":"xpath","value":"//span[@id=\"application-ruinventorylist-display-component---Master--smartTableRuInventoryList-header-inner\"]"}
RESULT: {"using":"xpath","value":"//span[@id=\"application-ruinventorylist-display-component---Master--smartTableRuInventoryList-header-inner\"]"}
COMMAND: POST /session/2fd0d91dfda64e364b58a1834e9c6eef/elements - {"using":"xpath","value":"//span[@id=\"application-ruinventorylist-display-component---Master--smartTableRuInventoryList-header-inner\"]"}
RESULT: {"using":"xpath","value":"//span[@id=\"application-ruinventorylist-display-component---Master--smartTableRuInventoryList-header-inner\"]"}
COMMAND: POST /session/2fd0d91dfda64e364b58a1834e9c6eef/execute/sync - {"script":"<script> [56 bytes]","args":[{"element-6066-11e4-a52e-4f735466cecf":"f.E5F40E6F9784B6DA95361123DC858BB1.d.6FB86E6278155DFA25165CDD699B630A.e.5616","ELEMENT":"f.E5F40E6F9784B6DA95361123DC858BB1.d.6FB86E6278155DFA25165CDD699B630A.e.5616"}]}
RESULT: {"script":"<script> [56 bytes]","args":[{"element-6066-11e4-a52e-4f735466cecf":"f.E5F40E6F9784B6DA95361123DC858BB1.d.6FB86E6278155DFA25165CDD699B630A.e.5616","ELEMENT":"f.E5F40E6F9784B6DA95361123DC858BB1.d.6FB86E6278155DFA25165CDD699B630A.e.5616"}]}
COMMAND: POST /session/2fd0d91dfda64e364b58a1834e9c6eef/element - {"using":"xpath","value":"//table[contains(@id, \"application-ruinventorylist-display-component---Master--tableRuInventoryList-listUl\")]/tbody/tr[1]/td[2]/div/div"}
COMMAND: GET /session/2fd0d91dfda64e364b58a1834e9c6eef/screenshot - {}
RESULT: {}
RESULT: {"using":"xpath","value":"//table[contains(@id, \"application-ruinventorylist-display-component---Master--tableRuInventoryList-listUl\")]/tbody/tr[1]/td[2]/div/div"}
COMMAND: POST /session/2fd0d91dfda64e364b58a1834e9c6eef/element/f.E5F40E6F9784B6DA95361123DC858BB1.d.6FB86E6278155DFA25165CDD699B630A.e.5951/click - {}
RESULT: {}
COMMAND: GET /session/2fd0d91dfda64e364b58a1834e9c6eef/screenshot - {}
RESULT: {}
COMMAND: POST /session/2fd0d91dfda64e364b58a1834e9c6eef/element - {"using":"xpath","value":"//div[contains(@id, \"smartFilterBar-btnBasicSearch-reset\")]"}
RESULT: {"using":"xpath","value":"//div[contains(@id, \"smartFilterBar-btnBasicSearch-reset\")]"}
COMMAND: POST /session/2fd0d91dfda64e364b58a1834e9c6eef/element/f.E5F40E6F9784B6DA95361123DC858BB1.d.6FB86E6278155DFA25165CDD699B630A.e.5632/click - {}
RESULT: {}
COMMAND: GET /session/2fd0d91dfda64e364b58a1834e9c6eef/screenshot - {}
RESULT: undefined
COMMAND: POST /session/2fd0d91dfda64e364b58a1834e9c6eef/execute/async - {"script":"<script> [776 bytes]","args":[{"enterText":"200335","selector":{"id":"application-ruinventorylist-display-component---Master--smartFilterBar-btnBasicSearch","interaction":{"idSuffix":"I"}},"clearTextFirst":true,"interactionType":"ENTER_TEXT"}]}
RESULT: {}
RESULT: {"script":"<script> [776 bytes]","args":[{"enterText":"200335","selector":{"id":"application-ruinventorylist-display-component---Master--smartFilterBar-btnBasicSearch","interaction":{"idSuffix":"I"}},"clearTextFirst":true,"interactionType":"ENTER_TEXT"}]}
COMMAND: POST /session/2fd0d91dfda64e364b58a1834e9c6eef/actions - {"actions":[{"id":"action26","type":"key","parameters":{},"actions":[{"type":"keyDown","value":"î€‡"},{"type":"pause","duration":10},{"type":"keyUp","value":"î€‡"}]}]}
RESULT: {"actions":[{"id":"action26","type":"key","parameters":{},"actions":[{"type":"keyDown","value":"î€‡"},{"type":"pause","duration":10},{"type":"keyUp","value":"î€‡"}]}]}
COMMAND: GET /session/2fd0d91dfda64e364b58a1834e9c6eef/screenshot - {}
RESULT: {}
COMMAND: POST /session/2fd0d91dfda64e364b58a1834e9c6eef/element - {"using":"xpath","value":"//span[@id=\"application-ruinventorylist-display-component---Master--smartTableRuInventoryList-header-inner\"]"}
RESULT: {"using":"xpath","value":"//span[@id=\"application-ruinventorylist-display-component---Master--smartTableRuInventoryList-header-inner\"]"}
COMMAND: POST /session/2fd0d91dfda64e364b58a1834e9c6eef/elements - {"using":"xpath","value":"//span[@id=\"application-ruinventorylist-display-component---Master--smartTableRuInventoryList-header-inner\"]"}
RESULT: {"using":"xpath","value":"//span[@id=\"application-ruinventorylist-display-component---Master--smartTableRuInventoryList-header-inner\"]"}
COMMAND: POST /session/2fd0d91dfda64e364b58a1834e9c6eef/execute/sync - {"script":"<script> [56 bytes]","args":[{"element-6066-11e4-a52e-4f735466cecf":"f.E5F40E6F9784B6DA95361123DC858BB1.d.6FB86E6278155DFA25165CDD699B630A.e.5616","ELEMENT":"f.E5F40E6F9784B6DA95361123DC858BB1.d.6FB86E6278155DFA25165CDD699B630A.e.5616"}]}
RESULT: {"script":"<script> [56 bytes]","args":[{"element-6066-11e4-a52e-4f735466cecf":"f.E5F40E6F9784B6DA95361123DC858BB1.d.6FB86E6278155DFA25165CDD699B630A.e.5616","ELEMENT":"f.E5F40E6F9784B6DA95361123DC858BB1.d.6FB86E6278155DFA25165CDD699B630A.e.5616"}]}
COMMAND: POST /session/2fd0d91dfda64e364b58a1834e9c6eef/element - {"using":"xpath","value":"//table[contains(@id, \"application-ruinventorylist-display-component---Master--tableRuInventoryList-listUl\")]/tbody/tr[1]/td[2]/div/div"}
COMMAND: GET /session/2fd0d91dfda64e364b58a1834e9c6eef/screenshot - {}
RESULT: {"using":"xpath","value":"//table[contains(@id, \"application-ruinventorylist-display-component---Master--tableRuInventoryList-listUl\")]/tbody/tr[1]/td[2]/div/div"}
COMMAND: POST /session/2fd0d91dfda64e364b58a1834e9c6eef/element/f.E5F40E6F9784B6DA95361123DC858BB1.d.6FB86E6278155DFA25165CDD699B630A.e.6115/click - {}
RESULT: {}
RESULT: {}
COMMAND: GET /session/2fd0d91dfda64e364b58a1834e9c6eef/screenshot - {}
RESULT: {}
COMMAND: POST /session/2fd0d91dfda64e364b58a1834e9c6eef/element - {"using":"xpath","value":"//div[contains(@id, \"smartFilterBar-btnBasicSearch-reset\")]"}
RESULT: {"using":"xpath","value":"//div[contains(@id, \"smartFilterBar-btnBasicSearch-reset\")]"}
COMMAND: POST /session/2fd0d91dfda64e364b58a1834e9c6eef/element/f.E5F40E6F9784B6DA95361123DC858BB1.d.6FB86E6278155DFA25165CDD699B630A.e.5632/click - {}
RESULT: {}
COMMAND: GET /session/2fd0d91dfda64e364b58a1834e9c6eef/screenshot - {}
RESULT: {}
COMMAND: POST /session/2fd0d91dfda64e364b58a1834e9c6eef/element/f.E5F40E6F9784B6DA95361123DC858BB1.d.6FB86E6278155DFA25165CDD699B630A.e.5048/click - {}
RESULT: {}
COMMAND: GET /session/2fd0d91dfda64e364b58a1834e9c6eef/screenshot - {}
RESULT: {}
COMMAND: POST /session/2fd0d91dfda64e364b58a1834e9c6eef/execute/async - {"script":"<script> [1562 bytes]","args":[{"selector":{"id":"application-ruinventorylist-display-component---Master--effectiveDate","searchOpenDialogs":true,"interaction":{"idSuffix":"inner"}},"wdio_ui5_key":"applicationruinventorylist-display-component---Master--effectiveDate"}]}
RESULT: {"script":"<script> [1562 bytes]","args":[{"selector":{"id":"application-ruinventorylist-display-component---Master--effectiveDate","searchOpenDialogs":true,"interaction":{"idSuffix":"inner"}},"wdio_ui5_key":"applicationruinventorylist-display-component---Master--effectiveDate"}]}
RESULT: undefined
COMMAND: POST /session/2fd0d91dfda64e364b58a1834e9c6eef/execute/async - {"script":"<script> [776 bytes]","args":[{"enterText":"05/19/25","selector":{"id":"application-ruinventorylist-display-component---Master--effectiveDate","searchOpenDialogs":true,"interaction":{"idSuffix":"inner"}},"clearTextFirst":true,"interactionType":"ENTER_TEXT"}]}
RESULT: {"script":"<script> [776 bytes]","args":[{"enterText":"05/19/25","selector":{"id":"application-ruinventorylist-display-component---Master--effectiveDate","searchOpenDialogs":true,"interaction":{"idSuffix":"inner"}},"clearTextFirst":true,"interactionType":"ENTER_TEXT"}]}
COMMAND: POST /session/2fd0d91dfda64e364b58a1834e9c6eef/element - {"using":"xpath","value":"//span[contains(@data-kt,\"correctionMassStateChangeIcon\")]"}
RESULT: {"using":"xpath","value":"//span[contains(@data-kt,\"correctionMassStateChangeIcon\")]"}
COMMAND: POST /session/2fd0d91dfda64e364b58a1834e9c6eef/elements - {"using":"xpath","value":"//span[contains(@data-kt,\"correctionMassStateChangeIcon\")]"}
RESULT: {"using":"xpath","value":"//span[contains(@data-kt,\"correctionMassStateChangeIcon\")]"}
COMMAND: POST /session/2fd0d91dfda64e364b58a1834e9c6eef/elements - {"using":"xpath","value":"//span[contains(@data-kt,\"correctionMassStateChangeIcon\")]"}
RESULT: {"using":"xpath","value":"//span[contains(@data-kt,\"correctionMassStateChangeIcon\")]"}
RESULT: undefined
COMMAND: POST /session/2fd0d91dfda64e364b58a1834e9c6eef/element - {"using":"xpath","value":"//*[@id=\"application-ruinventorylist-display-component---Master--ruStateTypes-arrow\"]"}
RESULT: {"using":"xpath","value":"//*[@id=\"application-ruinventorylist-display-component---Master--ruStateTypes-arrow\"]"}
COMMAND: POST /session/2fd0d91dfda64e364b58a1834e9c6eef/element/f.E5F40E6F9784B6DA95361123DC858BB1.d.6FB86E6278155DFA25165CDD699B630A.e.6317/click - {}
RESULT: {}
COMMAND: GET /session/2fd0d91dfda64e364b58a1834e9c6eef/screenshot - {}
RESULT: {}
COMMAND: POST /session/2fd0d91dfda64e364b58a1834e9c6eef/element - {"using":"xpath","value":"//li[.//span[text()=\"defect\"]]"}
RESULT: {"using":"xpath","value":"//li[.//span[text()=\"defect\"]]"}
COMMAND: POST /session/2fd0d91dfda64e364b58a1834e9c6eef/element/f.E5F40E6F9784B6DA95361123DC858BB1.d.6FB86E6278155DFA25165CDD699B630A.e.6318/click - {}
RESULT: {}
COMMAND: GET /session/2fd0d91dfda64e364b58a1834e9c6eef/screenshot - {}
RESULT: {}
COMMAND: POST /session/2fd0d91dfda64e364b58a1834e9c6eef/element - {"using":"xpath","value":"(//bdi[contains(text(), \"OK\")])[1]"}
RESULT: {"using":"xpath","value":"(//bdi[contains(text(), \"OK\")])[1]"}
COMMAND: POST /session/2fd0d91dfda64e364b58a1834e9c6eef/element/f.E5F40E6F9784B6DA95361123DC858BB1.d.6FB86E6278155DFA25165CDD699B630A.e.6319/click - {}
RESULT: {}
COMMAND: GET /session/2fd0d91dfda64e364b58a1834e9c6eef/screenshot - {}
RESULT: {}
COMMAND: POST /session/2fd0d91dfda64e364b58a1834e9c6eef/element - {"using":"css selector","value":"div.sapMMessageBoxError"}
RESULT: {"using":"css selector","value":"div.sapMMessageBoxError"}
COMMAND: POST /session/2fd0d91dfda64e364b58a1834e9c6eef/elements - {"using":"css selector","value":"div.sapMMessageBoxError"}
RESULT: {"using":"css selector","value":"div.sapMMessageBoxError"}
COMMAND: POST /session/2fd0d91dfda64e364b58a1834e9c6eef/element - {"using":"xpath","value":"//div[contains(@class, \"sapMMessageBoxError\")]/section/div/div/span"}
RESULT: {"using":"xpath","value":"//div[contains(@class, \"sapMMessageBoxError\")]/section/div/div/span"}
COMMAND: POST /session/2fd0d91dfda64e364b58a1834e9c6eef/execute/sync - {"script":"<script> [56 bytes]","args":[{"element-6066-11e4-a52e-4f735466cecf":"f.E5F40E6F9784B6DA95361123DC858BB1.d.6FB86E6278155DFA25165CDD699B630A.e.6323","ELEMENT":"f.E5F40E6F9784B6DA95361123DC858BB1.d.6FB86E6278155DFA25165CDD699B630A.e.6323"}]}
RESULT: {"script":"<script> [56 bytes]","args":[{"element-6066-11e4-a52e-4f735466cecf":"f.E5F40E6F9784B6DA95361123DC858BB1.d.6FB86E6278155DFA25165CDD699B630A.e.6323","ELEMENT":"f.E5F40E6F9784B6DA95361123DC858BB1.d.6FB86E6278155DFA25165CDD699B630A.e.6323"}]}
COMMAND: POST /session/2fd0d91dfda64e364b58a1834e9c6eef/element - {"using":"xpath","value":"(//bdi[contains(text(), \"Close\")])[1]"}
COMMAND: GET /session/2fd0d91dfda64e364b58a1834e9c6eef/screenshot - {}
RESULT: {"using":"xpath","value":"(//bdi[contains(text(), \"Close\")])[1]"}
COMMAND: POST /session/2fd0d91dfda64e364b58a1834e9c6eef/element/f.E5F40E6F9784B6DA95361123DC858BB1.d.6FB86E6278155DFA25165CDD699B630A.e.6324/click - {}
RESULT: {}
RESULT: {}
COMMAND: GET /session/2fd0d91dfda64e364b58a1834e9c6eef/screenshot - {}
RESULT: {}
RESULT: undefined
COMMAND: POST /session/2fd0d91dfda64e364b58a1834e9c6eef/execute/async - {"script":"<script> [776 bytes]","args":[{"enterText":"05/20/25","selector":{"id":"application-ruinventorylist-display-component---Master--effectiveDate","searchOpenDialogs":true,"interaction":{"idSuffix":"inner"}},"clearTextFirst":true,"interactionType":"ENTER_TEXT"}]}
RESULT: {"script":"<script> [776 bytes]","args":[{"enterText":"05/20/25","selector":{"id":"application-ruinventorylist-display-component---Master--effectiveDate","searchOpenDialogs":true,"interaction":{"idSuffix":"inner"}},"clearTextFirst":true,"interactionType":"ENTER_TEXT"}]}
COMMAND: POST /session/2fd0d91dfda64e364b58a1834e9c6eef/element - {"using":"xpath","value":"(//bdi[contains(text(), \"OK\")])[1]"}
RESULT: {"using":"xpath","value":"(//bdi[contains(text(), \"OK\")])[1]"}
COMMAND: POST /session/2fd0d91dfda64e364b58a1834e9c6eef/element/f.E5F40E6F9784B6DA95361123DC858BB1.d.6FB86E6278155DFA25165CDD699B630A.e.6319/click - {}
RESULT: {}
COMMAND: GET /session/2fd0d91dfda64e364b58a1834e9c6eef/screenshot - {}
RESULT: {}
COMMAND: POST /session/2fd0d91dfda64e364b58a1834e9c6eef/element - {"using":"xpath","value":"(//bdi[contains(text(), \"OK\")])[2]"}
RESULT: {"using":"xpath","value":"(//bdi[contains(text(), \"OK\")])[2]"}
COMMAND: POST /session/2fd0d91dfda64e364b58a1834e9c6eef/element/f.E5F40E6F9784B6DA95361123DC858BB1.d.6FB86E6278155DFA25165CDD699B630A.e.6372/click - {}
RESULT: {}
COMMAND: GET /session/2fd0d91dfda64e364b58a1834e9c6eef/screenshot - {}
RESULT: {}
RESULT: undefined
COMMAND: POST /session/2fd0d91dfda64e364b58a1834e9c6eef/execute/async - {"script":"<script> [776 bytes]","args":[{"enterText":"600002","selector":{"id":"application-ruinventorylist-display-component---Master--smartFilterBar-btnBasicSearch","interaction":{"idSuffix":"I"}},"clearTextFirst":true,"interactionType":"ENTER_TEXT"}]}
RESULT: {"script":"<script> [776 bytes]","args":[{"enterText":"600002","selector":{"id":"application-ruinventorylist-display-component---Master--smartFilterBar-btnBasicSearch","interaction":{"idSuffix":"I"}},"clearTextFirst":true,"interactionType":"ENTER_TEXT"}]}
COMMAND: POST /session/2fd0d91dfda64e364b58a1834e9c6eef/actions - {"actions":[{"id":"action27","type":"key","parameters":{},"actions":[{"type":"keyDown","value":"î€‡"},{"type":"pause","duration":10},{"type":"keyUp","value":"î€‡"}]}]}
RESULT: {"actions":[{"id":"action27","type":"key","parameters":{},"actions":[{"type":"keyDown","value":"î€‡"},{"type":"pause","duration":10},{"type":"keyUp","value":"î€‡"}]}]}
COMMAND: GET /session/2fd0d91dfda64e364b58a1834e9c6eef/screenshot - {}
RESULT: {}
COMMAND: POST /session/2fd0d91dfda64e364b58a1834e9c6eef/element - {"using":"xpath","value":"//span[@id=\"application-ruinventorylist-display-component---Master--smartTableRuInventoryList-header-inner\"]"}
RESULT: {"using":"xpath","value":"//span[@id=\"application-ruinventorylist-display-component---Master--smartTableRuInventoryList-header-inner\"]"}
COMMAND: POST /session/2fd0d91dfda64e364b58a1834e9c6eef/elements - {"using":"xpath","value":"//span[@id=\"application-ruinventorylist-display-component---Master--smartTableRuInventoryList-header-inner\"]"}
RESULT: {"using":"xpath","value":"//span[@id=\"application-ruinventorylist-display-component---Master--smartTableRuInventoryList-header-inner\"]"}
COMMAND: POST /session/2fd0d91dfda64e364b58a1834e9c6eef/execute/sync - {"script":"<script> [56 bytes]","args":[{"element-6066-11e4-a52e-4f735466cecf":"f.E5F40E6F9784B6DA95361123DC858BB1.d.6FB86E6278155DFA25165CDD699B630A.e.5616","ELEMENT":"f.E5F40E6F9784B6DA95361123DC858BB1.d.6FB86E6278155DFA25165CDD699B630A.e.5616"}]}
RESULT: {"script":"<script> [56 bytes]","args":[{"element-6066-11e4-a52e-4f735466cecf":"f.E5F40E6F9784B6DA95361123DC858BB1.d.6FB86E6278155DFA25165CDD699B630A.e.5616","ELEMENT":"f.E5F40E6F9784B6DA95361123DC858BB1.d.6FB86E6278155DFA25165CDD699B630A.e.5616"}]}
COMMAND: POST /session/2fd0d91dfda64e364b58a1834e9c6eef/element - {"using":"xpath","value":"//table[contains(@id, \"application-ruinventorylist-display-component---Master--tableRuInventoryList-listUl\")]/tbody/tr[1]/td[6]/div/span"}
COMMAND: GET /session/2fd0d91dfda64e364b58a1834e9c6eef/screenshot - {}
RESULT: {"using":"xpath","value":"//table[contains(@id, \"application-ruinventorylist-display-component---Master--tableRuInventoryList-listUl\")]/tbody/tr[1]/td[6]/div/span"}
COMMAND: POST /session/2fd0d91dfda64e364b58a1834e9c6eef/execute/sync - {"script":"<script> [56 bytes]","args":[{"element-6066-11e4-a52e-4f735466cecf":"f.E5F40E6F9784B6DA95361123DC858BB1.d.6FB86E6278155DFA25165CDD699B630A.e.6392","ELEMENT":"f.E5F40E6F9784B6DA95361123DC858BB1.d.6FB86E6278155DFA25165CDD699B630A.e.6392"}]}
RESULT: {}
RESULT: {"script":"<script> [56 bytes]","args":[{"element-6066-11e4-a52e-4f735466cecf":"f.E5F40E6F9784B6DA95361123DC858BB1.d.6FB86E6278155DFA25165CDD699B630A.e.6392","ELEMENT":"f.E5F40E6F9784B6DA95361123DC858BB1.d.6FB86E6278155DFA25165CDD699B630A.e.6392"}]}
COMMAND: POST /session/2fd0d91dfda64e364b58a1834e9c6eef/element - {"using":"xpath","value":"//div[contains(@id, \"smartFilterBar-btnBasicSearch-reset\")]"}
COMMAND: GET /session/2fd0d91dfda64e364b58a1834e9c6eef/screenshot - {}
RESULT: {"using":"xpath","value":"//div[contains(@id, \"smartFilterBar-btnBasicSearch-reset\")]"}
COMMAND: POST /session/2fd0d91dfda64e364b58a1834e9c6eef/element/f.E5F40E6F9784B6DA95361123DC858BB1.d.6FB86E6278155DFA25165CDD699B630A.e.5632/click - {}
RESULT: {}
RESULT: {}
COMMAND: GET /session/2fd0d91dfda64e364b58a1834e9c6eef/screenshot - {}
RESULT: {}
RESULT: undefined
COMMAND: POST /session/2fd0d91dfda64e364b58a1834e9c6eef/execute/async - {"script":"<script> [776 bytes]","args":[{"enterText":"401002","selector":{"id":"application-ruinventorylist-display-component---Master--smartFilterBar-btnBasicSearch","interaction":{"idSuffix":"I"}},"clearTextFirst":true,"interactionType":"ENTER_TEXT"}]}
RESULT: {"script":"<script> [776 bytes]","args":[{"enterText":"401002","selector":{"id":"application-ruinventorylist-display-component---Master--smartFilterBar-btnBasicSearch","interaction":{"idSuffix":"I"}},"clearTextFirst":true,"interactionType":"ENTER_TEXT"}]}
COMMAND: POST /session/2fd0d91dfda64e364b58a1834e9c6eef/actions - {"actions":[{"id":"action28","type":"key","parameters":{},"actions":[{"type":"keyDown","value":"î€‡"},{"type":"pause","duration":10},{"type":"keyUp","value":"î€‡"}]}]}
RESULT: {"actions":[{"id":"action28","type":"key","parameters":{},"actions":[{"type":"keyDown","value":"î€‡"},{"type":"pause","duration":10},{"type":"keyUp","value":"î€‡"}]}]}
COMMAND: GET /session/2fd0d91dfda64e364b58a1834e9c6eef/screenshot - {}
RESULT: {}
COMMAND: POST /session/2fd0d91dfda64e364b58a1834e9c6eef/element - {"using":"xpath","value":"//span[@id=\"application-ruinventorylist-display-component---Master--smartTableRuInventoryList-header-inner\"]"}
RESULT: {"using":"xpath","value":"//span[@id=\"application-ruinventorylist-display-component---Master--smartTableRuInventoryList-header-inner\"]"}
COMMAND: POST /session/2fd0d91dfda64e364b58a1834e9c6eef/elements - {"using":"xpath","value":"//span[@id=\"application-ruinventorylist-display-component---Master--smartTableRuInventoryList-header-inner\"]"}
RESULT: {"using":"xpath","value":"//span[@id=\"application-ruinventorylist-display-component---Master--smartTableRuInventoryList-header-inner\"]"}
COMMAND: POST /session/2fd0d91dfda64e364b58a1834e9c6eef/execute/sync - {"script":"<script> [56 bytes]","args":[{"element-6066-11e4-a52e-4f735466cecf":"f.E5F40E6F9784B6DA95361123DC858BB1.d.6FB86E6278155DFA25165CDD699B630A.e.5616","ELEMENT":"f.E5F40E6F9784B6DA95361123DC858BB1.d.6FB86E6278155DFA25165CDD699B630A.e.5616"}]}
RESULT: {"script":"<script> [56 bytes]","args":[{"element-6066-11e4-a52e-4f735466cecf":"f.E5F40E6F9784B6DA95361123DC858BB1.d.6FB86E6278155DFA25165CDD699B630A.e.5616","ELEMENT":"f.E5F40E6F9784B6DA95361123DC858BB1.d.6FB86E6278155DFA25165CDD699B630A.e.5616"}]}
COMMAND: POST /session/2fd0d91dfda64e364b58a1834e9c6eef/element - {"using":"xpath","value":"//table[contains(@id, \"application-ruinventorylist-display-component---Master--tableRuInventoryList-listUl\")]/tbody/tr[1]/td[6]/div/span"}
COMMAND: GET /session/2fd0d91dfda64e364b58a1834e9c6eef/screenshot - {}
RESULT: {"using":"xpath","value":"//table[contains(@id, \"application-ruinventorylist-display-component---Master--tableRuInventoryList-listUl\")]/tbody/tr[1]/td[6]/div/span"}
COMMAND: POST /session/2fd0d91dfda64e364b58a1834e9c6eef/execute/sync - {"script":"<script> [56 bytes]","args":[{"element-6066-11e4-a52e-4f735466cecf":"f.E5F40E6F9784B6DA95361123DC858BB1.d.6FB86E6278155DFA25165CDD699B630A.e.6480","ELEMENT":"f.E5F40E6F9784B6DA95361123DC858BB1.d.6FB86E6278155DFA25165CDD699B630A.e.6480"}]}
RESULT: {}
RESULT: {"script":"<script> [56 bytes]","args":[{"element-6066-11e4-a52e-4f735466cecf":"f.E5F40E6F9784B6DA95361123DC858BB1.d.6FB86E6278155DFA25165CDD699B630A.e.6480","ELEMENT":"f.E5F40E6F9784B6DA95361123DC858BB1.d.6FB86E6278155DFA25165CDD699B630A.e.6480"}]}
COMMAND: POST /session/2fd0d91dfda64e364b58a1834e9c6eef/element - {"using":"xpath","value":"//div[contains(@id, \"smartFilterBar-btnBasicSearch-reset\")]"}
COMMAND: GET /session/2fd0d91dfda64e364b58a1834e9c6eef/screenshot - {}
RESULT: {"using":"xpath","value":"//div[contains(@id, \"smartFilterBar-btnBasicSearch-reset\")]"}
COMMAND: POST /session/2fd0d91dfda64e364b58a1834e9c6eef/element/f.E5F40E6F9784B6DA95361123DC858BB1.d.6FB86E6278155DFA25165CDD699B630A.e.5632/click - {}
RESULT: {}
RESULT: {}
COMMAND: GET /session/2fd0d91dfda64e364b58a1834e9c6eef/screenshot - {}
RESULT: {}
RESULT: undefined
COMMAND: POST /session/2fd0d91dfda64e364b58a1834e9c6eef/execute/async - {"script":"<script> [776 bytes]","args":[{"enterText":"fAQFhDiIj7","selector":{"id":"application-ruinventorylist-display-component---Master--smartFilterBar-btnBasicSearch","interaction":{"idSuffix":"I"}},"clearTextFirst":true,"interactionType":"ENTER_TEXT"}]}
RESULT: {"script":"<script> [776 bytes]","args":[{"enterText":"fAQFhDiIj7","selector":{"id":"application-ruinventorylist-display-component---Master--smartFilterBar-btnBasicSearch","interaction":{"idSuffix":"I"}},"clearTextFirst":true,"interactionType":"ENTER_TEXT"}]}
COMMAND: POST /session/2fd0d91dfda64e364b58a1834e9c6eef/actions - {"actions":[{"id":"action29","type":"key","parameters":{},"actions":[{"type":"keyDown","value":"î€‡"},{"type":"pause","duration":10},{"type":"keyUp","value":"î€‡"}]}]}
RESULT: {"actions":[{"id":"action29","type":"key","parameters":{},"actions":[{"type":"keyDown","value":"î€‡"},{"type":"pause","duration":10},{"type":"keyUp","value":"î€‡"}]}]}
COMMAND: GET /session/2fd0d91dfda64e364b58a1834e9c6eef/screenshot - {}
RESULT: {}
COMMAND: POST /session/2fd0d91dfda64e364b58a1834e9c6eef/element - {"using":"xpath","value":"//span[@id=\"application-ruinventorylist-display-component---Master--smartTableRuInventoryList-header-inner\"]"}
RESULT: {"using":"xpath","value":"//span[@id=\"application-ruinventorylist-display-component---Master--smartTableRuInventoryList-header-inner\"]"}
COMMAND: POST /session/2fd0d91dfda64e364b58a1834e9c6eef/elements - {"using":"xpath","value":"//span[@id=\"application-ruinventorylist-display-component---Master--smartTableRuInventoryList-header-inner\"]"}
RESULT: {"using":"xpath","value":"//span[@id=\"application-ruinventorylist-display-component---Master--smartTableRuInventoryList-header-inner\"]"}
COMMAND: POST /session/2fd0d91dfda64e364b58a1834e9c6eef/execute/sync - {"script":"<script> [56 bytes]","args":[{"element-6066-11e4-a52e-4f735466cecf":"f.E5F40E6F9784B6DA95361123DC858BB1.d.6FB86E6278155DFA25165CDD699B630A.e.5616","ELEMENT":"f.E5F40E6F9784B6DA95361123DC858BB1.d.6FB86E6278155DFA25165CDD699B630A.e.5616"}]}
RESULT: {"script":"<script> [56 bytes]","args":[{"element-6066-11e4-a52e-4f735466cecf":"f.E5F40E6F9784B6DA95361123DC858BB1.d.6FB86E6278155DFA25165CDD699B630A.e.5616","ELEMENT":"f.E5F40E6F9784B6DA95361123DC858BB1.d.6FB86E6278155DFA25165CDD699B630A.e.5616"}]}
COMMAND: POST /session/2fd0d91dfda64e364b58a1834e9c6eef/element - {"using":"xpath","value":"//table[contains(@id, \"application-ruinventorylist-display-component---Master--tableRuInventoryList-listUl\")]/tbody/tr[1]/td[6]/div/span"}
COMMAND: GET /session/2fd0d91dfda64e364b58a1834e9c6eef/screenshot - {}
RESULT: {"using":"xpath","value":"//table[contains(@id, \"application-ruinventorylist-display-component---Master--tableRuInventoryList-listUl\")]/tbody/tr[1]/td[6]/div/span"}
COMMAND: POST /session/2fd0d91dfda64e364b58a1834e9c6eef/execute/sync - {"script":"<script> [56 bytes]","args":[{"element-6066-11e4-a52e-4f735466cecf":"f.E5F40E6F9784B6DA95361123DC858BB1.d.6FB86E6278155DFA25165CDD699B630A.e.6571","ELEMENT":"f.E5F40E6F9784B6DA95361123DC858BB1.d.6FB86E6278155DFA25165CDD699B630A.e.6571"}]}
RESULT: {}
RESULT: {"script":"<script> [56 bytes]","args":[{"element-6066-11e4-a52e-4f735466cecf":"f.E5F40E6F9784B6DA95361123DC858BB1.d.6FB86E6278155DFA25165CDD699B630A.e.6571","ELEMENT":"f.E5F40E6F9784B6DA95361123DC858BB1.d.6FB86E6278155DFA25165CDD699B630A.e.6571"}]}
COMMAND: POST /session/2fd0d91dfda64e364b58a1834e9c6eef/element - {"using":"xpath","value":"//div[contains(@id, \"smartFilterBar-btnBasicSearch-reset\")]"}
COMMAND: GET /session/2fd0d91dfda64e364b58a1834e9c6eef/screenshot - {}
RESULT: {"using":"xpath","value":"//div[contains(@id, \"smartFilterBar-btnBasicSearch-reset\")]"}
COMMAND: POST /session/2fd0d91dfda64e364b58a1834e9c6eef/element/f.E5F40E6F9784B6DA95361123DC858BB1.d.6FB86E6278155DFA25165CDD699B630A.e.5632/click - {}
RESULT: {}
RESULT: {}
COMMAND: GET /session/2fd0d91dfda64e364b58a1834e9c6eef/screenshot - {}
RESULT: {}
RESULT: undefined
COMMAND: POST /session/2fd0d91dfda64e364b58a1834e9c6eef/execute/async - {"script":"<script> [776 bytes]","args":[{"enterText":"200335","selector":{"id":"application-ruinventorylist-display-component---Master--smartFilterBar-btnBasicSearch","interaction":{"idSuffix":"I"}},"clearTextFirst":true,"interactionType":"ENTER_TEXT"}]}
RESULT: {"script":"<script> [776 bytes]","args":[{"enterText":"200335","selector":{"id":"application-ruinventorylist-display-component---Master--smartFilterBar-btnBasicSearch","interaction":{"idSuffix":"I"}},"clearTextFirst":true,"interactionType":"ENTER_TEXT"}]}
COMMAND: POST /session/2fd0d91dfda64e364b58a1834e9c6eef/actions - {"actions":[{"id":"action30","type":"key","parameters":{},"actions":[{"type":"keyDown","value":"î€‡"},{"type":"pause","duration":10},{"type":"keyUp","value":"î€‡"}]}]}
RESULT: {"actions":[{"id":"action30","type":"key","parameters":{},"actions":[{"type":"keyDown","value":"î€‡"},{"type":"pause","duration":10},{"type":"keyUp","value":"î€‡"}]}]}
COMMAND: GET /session/2fd0d91dfda64e364b58a1834e9c6eef/screenshot - {}
RESULT: {}
COMMAND: POST /session/2fd0d91dfda64e364b58a1834e9c6eef/element - {"using":"xpath","value":"//span[@id=\"application-ruinventorylist-display-component---Master--smartTableRuInventoryList-header-inner\"]"}
RESULT: {"using":"xpath","value":"//span[@id=\"application-ruinventorylist-display-component---Master--smartTableRuInventoryList-header-inner\"]"}
COMMAND: POST /session/2fd0d91dfda64e364b58a1834e9c6eef/elements - {"using":"xpath","value":"//span[@id=\"application-ruinventorylist-display-component---Master--smartTableRuInventoryList-header-inner\"]"}
RESULT: {"using":"xpath","value":"//span[@id=\"application-ruinventorylist-display-component---Master--smartTableRuInventoryList-header-inner\"]"}
COMMAND: POST /session/2fd0d91dfda64e364b58a1834e9c6eef/execute/sync - {"script":"<script> [56 bytes]","args":[{"element-6066-11e4-a52e-4f735466cecf":"f.E5F40E6F9784B6DA95361123DC858BB1.d.6FB86E6278155DFA25165CDD699B630A.e.5616","ELEMENT":"f.E5F40E6F9784B6DA95361123DC858BB1.d.6FB86E6278155DFA25165CDD699B630A.e.5616"}]}
RESULT: {"script":"<script> [56 bytes]","args":[{"element-6066-11e4-a52e-4f735466cecf":"f.E5F40E6F9784B6DA95361123DC858BB1.d.6FB86E6278155DFA25165CDD699B630A.e.5616","ELEMENT":"f.E5F40E6F9784B6DA95361123DC858BB1.d.6FB86E6278155DFA25165CDD699B630A.e.5616"}]}
COMMAND: POST /session/2fd0d91dfda64e364b58a1834e9c6eef/element - {"using":"xpath","value":"//table[contains(@id, \"application-ruinventorylist-display-component---Master--tableRuInventoryList-listUl\")]/tbody/tr[1]/td[6]/div/span"}
COMMAND: GET /session/2fd0d91dfda64e364b58a1834e9c6eef/screenshot - {}
RESULT: {"using":"xpath","value":"//table[contains(@id, \"application-ruinventorylist-display-component---Master--tableRuInventoryList-listUl\")]/tbody/tr[1]/td[6]/div/span"}
COMMAND: POST /session/2fd0d91dfda64e364b58a1834e9c6eef/execute/sync - {"script":"<script> [56 bytes]","args":[{"element-6066-11e4-a52e-4f735466cecf":"f.E5F40E6F9784B6DA95361123DC858BB1.d.6FB86E6278155DFA25165CDD699B630A.e.6662","ELEMENT":"f.E5F40E6F9784B6DA95361123DC858BB1.d.6FB86E6278155DFA25165CDD699B630A.e.6662"}]}
RESULT: {}
RESULT: {"script":"<script> [56 bytes]","args":[{"element-6066-11e4-a52e-4f735466cecf":"f.E5F40E6F9784B6DA95361123DC858BB1.d.6FB86E6278155DFA25165CDD699B630A.e.6662","ELEMENT":"f.E5F40E6F9784B6DA95361123DC858BB1.d.6FB86E6278155DFA25165CDD699B630A.e.6662"}]}
COMMAND: POST /session/2fd0d91dfda64e364b58a1834e9c6eef/element - {"using":"xpath","value":"//div[contains(@id, \"smartFilterBar-btnBasicSearch-reset\")]"}
COMMAND: GET /session/2fd0d91dfda64e364b58a1834e9c6eef/screenshot - {}
RESULT: {"using":"xpath","value":"//div[contains(@id, \"smartFilterBar-btnBasicSearch-reset\")]"}
COMMAND: POST /session/2fd0d91dfda64e364b58a1834e9c6eef/element/f.E5F40E6F9784B6DA95361123DC858BB1.d.6FB86E6278155DFA25165CDD699B630A.e.5632/click - {}
RESULT: {}
RESULT: {}
COMMAND: GET /session/2fd0d91dfda64e364b58a1834e9c6eef/screenshot - {}
RESULT: {}
COMMAND: POST /session/2fd0d91dfda64e364b58a1834e9c6eef/element/f.E5F40E6F9784B6DA95361123DC858BB1.d.6FB86E6278155DFA25165CDD699B630A.e.5048/click - {}
RESULT: {}
COMMAND: GET /session/2fd0d91dfda64e364b58a1834e9c6eef/screenshot - {}
RESULT: {}
RESULT: undefined
COMMAND: POST /session/2fd0d91dfda64e364b58a1834e9c6eef/execute/async - {"script":"<script> [776 bytes]","args":[{"enterText":"600002","selector":{"id":"application-ruinventorylist-display-component---Master--smartFilterBar-btnBasicSearch","interaction":{"idSuffix":"I"}},"clearTextFirst":true,"interactionType":"ENTER_TEXT"}]}
RESULT: {"script":"<script> [776 bytes]","args":[{"enterText":"600002","selector":{"id":"application-ruinventorylist-display-component---Master--smartFilterBar-btnBasicSearch","interaction":{"idSuffix":"I"}},"clearTextFirst":true,"interactionType":"ENTER_TEXT"}]}
COMMAND: POST /session/2fd0d91dfda64e364b58a1834e9c6eef/actions - {"actions":[{"id":"action31","type":"key","parameters":{},"actions":[{"type":"keyDown","value":"î€‡"},{"type":"pause","duration":10},{"type":"keyUp","value":"î€‡"}]}]}
RESULT: {"actions":[{"id":"action31","type":"key","parameters":{},"actions":[{"type":"keyDown","value":"î€‡"},{"type":"pause","duration":10},{"type":"keyUp","value":"î€‡"}]}]}
COMMAND: GET /session/2fd0d91dfda64e364b58a1834e9c6eef/screenshot - {}
RESULT: {}
COMMAND: POST /session/2fd0d91dfda64e364b58a1834e9c6eef/element - {"using":"xpath","value":"//span[@id=\"application-ruinventorylist-display-component---Master--smartTableRuInventoryList-header-inner\"]"}
RESULT: {"using":"xpath","value":"//span[@id=\"application-ruinventorylist-display-component---Master--smartTableRuInventoryList-header-inner\"]"}
COMMAND: POST /session/2fd0d91dfda64e364b58a1834e9c6eef/elements - {"using":"xpath","value":"//span[@id=\"application-ruinventorylist-display-component---Master--smartTableRuInventoryList-header-inner\"]"}
RESULT: {"using":"xpath","value":"//span[@id=\"application-ruinventorylist-display-component---Master--smartTableRuInventoryList-header-inner\"]"}
COMMAND: POST /session/2fd0d91dfda64e364b58a1834e9c6eef/execute/sync - {"script":"<script> [56 bytes]","args":[{"element-6066-11e4-a52e-4f735466cecf":"f.E5F40E6F9784B6DA95361123DC858BB1.d.6FB86E6278155DFA25165CDD699B630A.e.5616","ELEMENT":"f.E5F40E6F9784B6DA95361123DC858BB1.d.6FB86E6278155DFA25165CDD699B630A.e.5616"}]}
RESULT: {"script":"<script> [56 bytes]","args":[{"element-6066-11e4-a52e-4f735466cecf":"f.E5F40E6F9784B6DA95361123DC858BB1.d.6FB86E6278155DFA25165CDD699B630A.e.5616","ELEMENT":"f.E5F40E6F9784B6DA95361123DC858BB1.d.6FB86E6278155DFA25165CDD699B630A.e.5616"}]}
COMMAND: POST /session/2fd0d91dfda64e364b58a1834e9c6eef/element - {"using":"xpath","value":"//table[contains(@id, \"application-ruinventorylist-display-component---Master--tableRuInventoryList-listUl\")]/tbody/tr[1]/td[2]/div/div"}
COMMAND: GET /session/2fd0d91dfda64e364b58a1834e9c6eef/screenshot - {}
RESULT: {"using":"xpath","value":"//table[contains(@id, \"application-ruinventorylist-display-component---Master--tableRuInventoryList-listUl\")]/tbody/tr[1]/td[2]/div/div"}
COMMAND: POST /session/2fd0d91dfda64e364b58a1834e9c6eef/element/f.E5F40E6F9784B6DA95361123DC858BB1.d.6FB86E6278155DFA25165CDD699B630A.e.6930/click - {}
RESULT: {}
RESULT: {}
COMMAND: GET /session/2fd0d91dfda64e364b58a1834e9c6eef/screenshot - {}
RESULT: {}
COMMAND: POST /session/2fd0d91dfda64e364b58a1834e9c6eef/element - {"using":"xpath","value":"//div[contains(@id, \"smartFilterBar-btnBasicSearch-reset\")]"}
RESULT: {"using":"xpath","value":"//div[contains(@id, \"smartFilterBar-btnBasicSearch-reset\")]"}
COMMAND: POST /session/2fd0d91dfda64e364b58a1834e9c6eef/element/f.E5F40E6F9784B6DA95361123DC858BB1.d.6FB86E6278155DFA25165CDD699B630A.e.5632/click - {}
RESULT: {}
COMMAND: GET /session/2fd0d91dfda64e364b58a1834e9c6eef/screenshot - {}
RESULT: {}
RESULT: undefined
COMMAND: POST /session/2fd0d91dfda64e364b58a1834e9c6eef/execute/async - {"script":"<script> [776 bytes]","args":[{"enterText":"401002","selector":{"id":"application-ruinventorylist-display-component---Master--smartFilterBar-btnBasicSearch","interaction":{"idSuffix":"I"}},"clearTextFirst":true,"interactionType":"ENTER_TEXT"}]}
RESULT: {"script":"<script> [776 bytes]","args":[{"enterText":"401002","selector":{"id":"application-ruinventorylist-display-component---Master--smartFilterBar-btnBasicSearch","interaction":{"idSuffix":"I"}},"clearTextFirst":true,"interactionType":"ENTER_TEXT"}]}
COMMAND: POST /session/2fd0d91dfda64e364b58a1834e9c6eef/actions - {"actions":[{"id":"action32","type":"key","parameters":{},"actions":[{"type":"keyDown","value":"î€‡"},{"type":"pause","duration":10},{"type":"keyUp","value":"î€‡"}]}]}
RESULT: {"actions":[{"id":"action32","type":"key","parameters":{},"actions":[{"type":"keyDown","value":"î€‡"},{"type":"pause","duration":10},{"type":"keyUp","value":"î€‡"}]}]}
COMMAND: GET /session/2fd0d91dfda64e364b58a1834e9c6eef/screenshot - {}
RESULT: {}
COMMAND: POST /session/2fd0d91dfda64e364b58a1834e9c6eef/element - {"using":"xpath","value":"//span[@id=\"application-ruinventorylist-display-component---Master--smartTableRuInventoryList-header-inner\"]"}
RESULT: {"using":"xpath","value":"//span[@id=\"application-ruinventorylist-display-component---Master--smartTableRuInventoryList-header-inner\"]"}
COMMAND: POST /session/2fd0d91dfda64e364b58a1834e9c6eef/elements - {"using":"xpath","value":"//span[@id=\"application-ruinventorylist-display-component---Master--smartTableRuInventoryList-header-inner\"]"}
RESULT: {"using":"xpath","value":"//span[@id=\"application-ruinventorylist-display-component---Master--smartTableRuInventoryList-header-inner\"]"}
COMMAND: POST /session/2fd0d91dfda64e364b58a1834e9c6eef/execute/sync - {"script":"<script> [56 bytes]","args":[{"element-6066-11e4-a52e-4f735466cecf":"f.E5F40E6F9784B6DA95361123DC858BB1.d.6FB86E6278155DFA25165CDD699B630A.e.5616","ELEMENT":"f.E5F40E6F9784B6DA95361123DC858BB1.d.6FB86E6278155DFA25165CDD699B630A.e.5616"}]}
RESULT: {"script":"<script> [56 bytes]","args":[{"element-6066-11e4-a52e-4f735466cecf":"f.E5F40E6F9784B6DA95361123DC858BB1.d.6FB86E6278155DFA25165CDD699B630A.e.5616","ELEMENT":"f.E5F40E6F9784B6DA95361123DC858BB1.d.6FB86E6278155DFA25165CDD699B630A.e.5616"}]}
COMMAND: POST /session/2fd0d91dfda64e364b58a1834e9c6eef/element - {"using":"xpath","value":"//table[contains(@id, \"application-ruinventorylist-display-component---Master--tableRuInventoryList-listUl\")]/tbody/tr[1]/td[2]/div/div"}
COMMAND: GET /session/2fd0d91dfda64e364b58a1834e9c6eef/screenshot - {}
RESULT: {"using":"xpath","value":"//table[contains(@id, \"application-ruinventorylist-display-component---Master--tableRuInventoryList-listUl\")]/tbody/tr[1]/td[2]/div/div"}
COMMAND: POST /session/2fd0d91dfda64e364b58a1834e9c6eef/element/f.E5F40E6F9784B6DA95361123DC858BB1.d.6FB86E6278155DFA25165CDD699B630A.e.7093/click - {}
RESULT: {}
RESULT: {}
COMMAND: GET /session/2fd0d91dfda64e364b58a1834e9c6eef/screenshot - {}
RESULT: {}
COMMAND: POST /session/2fd0d91dfda64e364b58a1834e9c6eef/element - {"using":"xpath","value":"//div[contains(@id, \"smartFilterBar-btnBasicSearch-reset\")]"}
RESULT: {"using":"xpath","value":"//div[contains(@id, \"smartFilterBar-btnBasicSearch-reset\")]"}
COMMAND: POST /session/2fd0d91dfda64e364b58a1834e9c6eef/element/f.E5F40E6F9784B6DA95361123DC858BB1.d.6FB86E6278155DFA25165CDD699B630A.e.5632/click - {}
RESULT: {}
COMMAND: GET /session/2fd0d91dfda64e364b58a1834e9c6eef/screenshot - {}
RESULT: {}
RESULT: undefined
COMMAND: POST /session/2fd0d91dfda64e364b58a1834e9c6eef/execute/async - {"script":"<script> [776 bytes]","args":[{"enterText":"fAQFhDiIj7","selector":{"id":"application-ruinventorylist-display-component---Master--smartFilterBar-btnBasicSearch","interaction":{"idSuffix":"I"}},"clearTextFirst":true,"interactionType":"ENTER_TEXT"}]}
RESULT: {"script":"<script> [776 bytes]","args":[{"enterText":"fAQFhDiIj7","selector":{"id":"application-ruinventorylist-display-component---Master--smartFilterBar-btnBasicSearch","interaction":{"idSuffix":"I"}},"clearTextFirst":true,"interactionType":"ENTER_TEXT"}]}
COMMAND: POST /session/2fd0d91dfda64e364b58a1834e9c6eef/actions - {"actions":[{"id":"action33","type":"key","parameters":{},"actions":[{"type":"keyDown","value":"î€‡"},{"type":"pause","duration":10},{"type":"keyUp","value":"î€‡"}]}]}
RESULT: {"actions":[{"id":"action33","type":"key","parameters":{},"actions":[{"type":"keyDown","value":"î€‡"},{"type":"pause","duration":10},{"type":"keyUp","value":"î€‡"}]}]}
COMMAND: GET /session/2fd0d91dfda64e364b58a1834e9c6eef/screenshot - {}
RESULT: {}
COMMAND: POST /session/2fd0d91dfda64e364b58a1834e9c6eef/element - {"using":"xpath","value":"//span[@id=\"application-ruinventorylist-display-component---Master--smartTableRuInventoryList-header-inner\"]"}
RESULT: {"using":"xpath","value":"//span[@id=\"application-ruinventorylist-display-component---Master--smartTableRuInventoryList-header-inner\"]"}
COMMAND: POST /session/2fd0d91dfda64e364b58a1834e9c6eef/elements - {"using":"xpath","value":"//span[@id=\"application-ruinventorylist-display-component---Master--smartTableRuInventoryList-header-inner\"]"}
RESULT: {"using":"xpath","value":"//span[@id=\"application-ruinventorylist-display-component---Master--smartTableRuInventoryList-header-inner\"]"}
COMMAND: POST /session/2fd0d91dfda64e364b58a1834e9c6eef/execute/sync - {"script":"<script> [56 bytes]","args":[{"element-6066-11e4-a52e-4f735466cecf":"f.E5F40E6F9784B6DA95361123DC858BB1.d.6FB86E6278155DFA25165CDD699B630A.e.5616","ELEMENT":"f.E5F40E6F9784B6DA95361123DC858BB1.d.6FB86E6278155DFA25165CDD699B630A.e.5616"}]}
RESULT: {"script":"<script> [56 bytes]","args":[{"element-6066-11e4-a52e-4f735466cecf":"f.E5F40E6F9784B6DA95361123DC858BB1.d.6FB86E6278155DFA25165CDD699B630A.e.5616","ELEMENT":"f.E5F40E6F9784B6DA95361123DC858BB1.d.6FB86E6278155DFA25165CDD699B630A.e.5616"}]}
COMMAND: POST /session/2fd0d91dfda64e364b58a1834e9c6eef/element - {"using":"xpath","value":"//table[contains(@id, \"application-ruinventorylist-display-component---Master--tableRuInventoryList-listUl\")]/tbody/tr[1]/td[2]/div/div"}
COMMAND: GET /session/2fd0d91dfda64e364b58a1834e9c6eef/screenshot - {}
RESULT: {"using":"xpath","value":"//table[contains(@id, \"application-ruinventorylist-display-component---Master--tableRuInventoryList-listUl\")]/tbody/tr[1]/td[2]/div/div"}
COMMAND: POST /session/2fd0d91dfda64e364b58a1834e9c6eef/element/f.E5F40E6F9784B6DA95361123DC858BB1.d.6FB86E6278155DFA25165CDD699B630A.e.7256/click - {}
RESULT: {}
RESULT: {}
COMMAND: GET /session/2fd0d91dfda64e364b58a1834e9c6eef/screenshot - {}
RESULT: {}
COMMAND: POST /session/2fd0d91dfda64e364b58a1834e9c6eef/element - {"using":"xpath","value":"//div[contains(@id, \"smartFilterBar-btnBasicSearch-reset\")]"}
RESULT: {"using":"xpath","value":"//div[contains(@id, \"smartFilterBar-btnBasicSearch-reset\")]"}
COMMAND: POST /session/2fd0d91dfda64e364b58a1834e9c6eef/element/f.E5F40E6F9784B6DA95361123DC858BB1.d.6FB86E6278155DFA25165CDD699B630A.e.5632/click - {}
RESULT: {}
COMMAND: GET /session/2fd0d91dfda64e364b58a1834e9c6eef/screenshot - {}
RESULT: {}
RESULT: undefined
COMMAND: POST /session/2fd0d91dfda64e364b58a1834e9c6eef/execute/async - {"script":"<script> [776 bytes]","args":[{"enterText":"200335","selector":{"id":"application-ruinventorylist-display-component---Master--smartFilterBar-btnBasicSearch","interaction":{"idSuffix":"I"}},"clearTextFirst":true,"interactionType":"ENTER_TEXT"}]}
RESULT: {"script":"<script> [776 bytes]","args":[{"enterText":"200335","selector":{"id":"application-ruinventorylist-display-component---Master--smartFilterBar-btnBasicSearch","interaction":{"idSuffix":"I"}},"clearTextFirst":true,"interactionType":"ENTER_TEXT"}]}
COMMAND: POST /session/2fd0d91dfda64e364b58a1834e9c6eef/actions - {"actions":[{"id":"action34","type":"key","parameters":{},"actions":[{"type":"keyDown","value":"î€‡"},{"type":"pause","duration":10},{"type":"keyUp","value":"î€‡"}]}]}
RESULT: {"actions":[{"id":"action34","type":"key","parameters":{},"actions":[{"type":"keyDown","value":"î€‡"},{"type":"pause","duration":10},{"type":"keyUp","value":"î€‡"}]}]}
COMMAND: GET /session/2fd0d91dfda64e364b58a1834e9c6eef/screenshot - {}
RESULT: {}
COMMAND: POST /session/2fd0d91dfda64e364b58a1834e9c6eef/element - {"using":"xpath","value":"//span[@id=\"application-ruinventorylist-display-component---Master--smartTableRuInventoryList-header-inner\"]"}
RESULT: {"using":"xpath","value":"//span[@id=\"application-ruinventorylist-display-component---Master--smartTableRuInventoryList-header-inner\"]"}
COMMAND: POST /session/2fd0d91dfda64e364b58a1834e9c6eef/elements - {"using":"xpath","value":"//span[@id=\"application-ruinventorylist-display-component---Master--smartTableRuInventoryList-header-inner\"]"}
RESULT: {"using":"xpath","value":"//span[@id=\"application-ruinventorylist-display-component---Master--smartTableRuInventoryList-header-inner\"]"}
COMMAND: POST /session/2fd0d91dfda64e364b58a1834e9c6eef/execute/sync - {"script":"<script> [56 bytes]","args":[{"element-6066-11e4-a52e-4f735466cecf":"f.E5F40E6F9784B6DA95361123DC858BB1.d.6FB86E6278155DFA25165CDD699B630A.e.5616","ELEMENT":"f.E5F40E6F9784B6DA95361123DC858BB1.d.6FB86E6278155DFA25165CDD699B630A.e.5616"}]}
RESULT: {"script":"<script> [56 bytes]","args":[{"element-6066-11e4-a52e-4f735466cecf":"f.E5F40E6F9784B6DA95361123DC858BB1.d.6FB86E6278155DFA25165CDD699B630A.e.5616","ELEMENT":"f.E5F40E6F9784B6DA95361123DC858BB1.d.6FB86E6278155DFA25165CDD699B630A.e.5616"}]}
COMMAND: POST /session/2fd0d91dfda64e364b58a1834e9c6eef/element - {"using":"xpath","value":"//table[contains(@id, \"application-ruinventorylist-display-component---Master--tableRuInventoryList-listUl\")]/tbody/tr[1]/td[2]/div/div"}
COMMAND: GET /session/2fd0d91dfda64e364b58a1834e9c6eef/screenshot - {}
RESULT: {"using":"xpath","value":"//table[contains(@id, \"application-ruinventorylist-display-component---Master--tableRuInventoryList-listUl\")]/tbody/tr[1]/td[2]/div/div"}
COMMAND: POST /session/2fd0d91dfda64e364b58a1834e9c6eef/element/f.E5F40E6F9784B6DA95361123DC858BB1.d.6FB86E6278155DFA25165CDD699B630A.e.7416/click - {}
RESULT: {}
RESULT: {}
COMMAND: GET /session/2fd0d91dfda64e364b58a1834e9c6eef/screenshot - {}
RESULT: {}
COMMAND: POST /session/2fd0d91dfda64e364b58a1834e9c6eef/element - {"using":"xpath","value":"//div[contains(@id, \"smartFilterBar-btnBasicSearch-reset\")]"}
RESULT: {"using":"xpath","value":"//div[contains(@id, \"smartFilterBar-btnBasicSearch-reset\")]"}
COMMAND: POST /session/2fd0d91dfda64e364b58a1834e9c6eef/element/f.E5F40E6F9784B6DA95361123DC858BB1.d.6FB86E6278155DFA25165CDD699B630A.e.5632/click - {}
RESULT: {}
COMMAND: GET /session/2fd0d91dfda64e364b58a1834e9c6eef/screenshot - {}
RESULT: {}
COMMAND: POST /session/2fd0d91dfda64e364b58a1834e9c6eef/element/f.E5F40E6F9784B6DA95361123DC858BB1.d.6FB86E6278155DFA25165CDD699B630A.e.5048/click - {}
RESULT: {}
COMMAND: GET /session/2fd0d91dfda64e364b58a1834e9c6eef/screenshot - {}
RESULT: {}
RESULT: undefined
COMMAND: POST /session/2fd0d91dfda64e364b58a1834e9c6eef/element - {"using":"xpath","value":"//*[@id=\"application-ruinventorylist-display-component---Master--ruStateTypes-arrow\"]"}
RESULT: {"using":"xpath","value":"//*[@id=\"application-ruinventorylist-display-component---Master--ruStateTypes-arrow\"]"}
COMMAND: POST /session/2fd0d91dfda64e364b58a1834e9c6eef/element/f.E5F40E6F9784B6DA95361123DC858BB1.d.6FB86E6278155DFA25165CDD699B630A.e.7601/click - {}
RESULT: {}
COMMAND: GET /session/2fd0d91dfda64e364b58a1834e9c6eef/screenshot - {}
RESULT: {}
COMMAND: POST /session/2fd0d91dfda64e364b58a1834e9c6eef/element - {"using":"xpath","value":"//li[.//span[text()=\"available\"]]"}
RESULT: {"using":"xpath","value":"//li[.//span[text()=\"available\"]]"}
COMMAND: POST /session/2fd0d91dfda64e364b58a1834e9c6eef/element/f.E5F40E6F9784B6DA95361123DC858BB1.d.6FB86E6278155DFA25165CDD699B630A.e.7602/click - {}
RESULT: {}
COMMAND: GET /session/2fd0d91dfda64e364b58a1834e9c6eef/screenshot - {}
RESULT: {}
COMMAND: POST /session/2fd0d91dfda64e364b58a1834e9c6eef/element - {"using":"xpath","value":"(//bdi[contains(text(), \"OK\")])[1]"}
RESULT: {"using":"xpath","value":"(//bdi[contains(text(), \"OK\")])[1]"}
COMMAND: POST /session/2fd0d91dfda64e364b58a1834e9c6eef/element/f.E5F40E6F9784B6DA95361123DC858BB1.d.6FB86E6278155DFA25165CDD699B630A.e.7603/click - {}
RESULT: {}
COMMAND: GET /session/2fd0d91dfda64e364b58a1834e9c6eef/screenshot - {}
RESULT: {}
COMMAND: POST /session/2fd0d91dfda64e364b58a1834e9c6eef/element - {"using":"xpath","value":"(//bdi[contains(text(), \"OK\")])[2]"}
RESULT: {"using":"xpath","value":"(//bdi[contains(text(), \"OK\")])[2]"}
COMMAND: POST /session/2fd0d91dfda64e364b58a1834e9c6eef/element/f.E5F40E6F9784B6DA95361123DC858BB1.d.6FB86E6278155DFA25165CDD699B630A.e.7607/click - {}
RESULT: {}
COMMAND: GET /session/2fd0d91dfda64e364b58a1834e9c6eef/screenshot - {}
RESULT: {}
RESULT: undefined
COMMAND: POST /session/2fd0d91dfda64e364b58a1834e9c6eef/execute/async - {"script":"<script> [776 bytes]","args":[{"enterText":"600002","selector":{"id":"application-ruinventorylist-display-component---Master--smartFilterBar-btnBasicSearch","interaction":{"idSuffix":"I"}},"clearTextFirst":true,"interactionType":"ENTER_TEXT"}]}
RESULT: {"script":"<script> [776 bytes]","args":[{"enterText":"600002","selector":{"id":"application-ruinventorylist-display-component---Master--smartFilterBar-btnBasicSearch","interaction":{"idSuffix":"I"}},"clearTextFirst":true,"interactionType":"ENTER_TEXT"}]}
COMMAND: POST /session/2fd0d91dfda64e364b58a1834e9c6eef/actions - {"actions":[{"id":"action35","type":"key","parameters":{},"actions":[{"type":"keyDown","value":"î€‡"},{"type":"pause","duration":10},{"type":"keyUp","value":"î€‡"}]}]}
RESULT: {"actions":[{"id":"action35","type":"key","parameters":{},"actions":[{"type":"keyDown","value":"î€‡"},{"type":"pause","duration":10},{"type":"keyUp","value":"î€‡"}]}]}
COMMAND: GET /session/2fd0d91dfda64e364b58a1834e9c6eef/screenshot - {}
RESULT: {}
COMMAND: POST /session/2fd0d91dfda64e364b58a1834e9c6eef/element - {"using":"xpath","value":"//span[@id=\"application-ruinventorylist-display-component---Master--smartTableRuInventoryList-header-inner\"]"}
RESULT: {"using":"xpath","value":"//span[@id=\"application-ruinventorylist-display-component---Master--smartTableRuInventoryList-header-inner\"]"}
COMMAND: POST /session/2fd0d91dfda64e364b58a1834e9c6eef/elements - {"using":"xpath","value":"//span[@id=\"application-ruinventorylist-display-component---Master--smartTableRuInventoryList-header-inner\"]"}
RESULT: {"using":"xpath","value":"//span[@id=\"application-ruinventorylist-display-component---Master--smartTableRuInventoryList-header-inner\"]"}
COMMAND: POST /session/2fd0d91dfda64e364b58a1834e9c6eef/execute/sync - {"script":"<script> [56 bytes]","args":[{"element-6066-11e4-a52e-4f735466cecf":"f.E5F40E6F9784B6DA95361123DC858BB1.d.6FB86E6278155DFA25165CDD699B630A.e.5616","ELEMENT":"f.E5F40E6F9784B6DA95361123DC858BB1.d.6FB86E6278155DFA25165CDD699B630A.e.5616"}]}
RESULT: {"script":"<script> [56 bytes]","args":[{"element-6066-11e4-a52e-4f735466cecf":"f.E5F40E6F9784B6DA95361123DC858BB1.d.6FB86E6278155DFA25165CDD699B630A.e.5616","ELEMENT":"f.E5F40E6F9784B6DA95361123DC858BB1.d.6FB86E6278155DFA25165CDD699B630A.e.5616"}]}
COMMAND: POST /session/2fd0d91dfda64e364b58a1834e9c6eef/element - {"using":"xpath","value":"//table[contains(@id, \"application-ruinventorylist-display-component---Master--tableRuInventoryList-listUl\")]/tbody/tr[1]/td[6]/div/span"}
COMMAND: GET /session/2fd0d91dfda64e364b58a1834e9c6eef/screenshot - {}
RESULT: {"using":"xpath","value":"//table[contains(@id, \"application-ruinventorylist-display-component---Master--tableRuInventoryList-listUl\")]/tbody/tr[1]/td[6]/div/span"}
COMMAND: POST /session/2fd0d91dfda64e364b58a1834e9c6eef/execute/sync - {"script":"<script> [56 bytes]","args":[{"element-6066-11e4-a52e-4f735466cecf":"f.E5F40E6F9784B6DA95361123DC858BB1.d.6FB86E6278155DFA25165CDD699B630A.e.7627","ELEMENT":"f.E5F40E6F9784B6DA95361123DC858BB1.d.6FB86E6278155DFA25165CDD699B630A.e.7627"}]}
RESULT: {}
RESULT: {"script":"<script> [56 bytes]","args":[{"element-6066-11e4-a52e-4f735466cecf":"f.E5F40E6F9784B6DA95361123DC858BB1.d.6FB86E6278155DFA25165CDD699B630A.e.7627","ELEMENT":"f.E5F40E6F9784B6DA95361123DC858BB1.d.6FB86E6278155DFA25165CDD699B630A.e.7627"}]}
COMMAND: POST /session/2fd0d91dfda64e364b58a1834e9c6eef/element - {"using":"xpath","value":"//div[contains(@id, \"smartFilterBar-btnBasicSearch-reset\")]"}
COMMAND: GET /session/2fd0d91dfda64e364b58a1834e9c6eef/screenshot - {}
RESULT: {"using":"xpath","value":"//div[contains(@id, \"smartFilterBar-btnBasicSearch-reset\")]"}
COMMAND: POST /session/2fd0d91dfda64e364b58a1834e9c6eef/element/f.E5F40E6F9784B6DA95361123DC858BB1.d.6FB86E6278155DFA25165CDD699B630A.e.5632/click - {}
RESULT: {}
RESULT: {}
COMMAND: GET /session/2fd0d91dfda64e364b58a1834e9c6eef/screenshot - {}
RESULT: {}
RESULT: undefined
COMMAND: POST /session/2fd0d91dfda64e364b58a1834e9c6eef/execute/async - {"script":"<script> [776 bytes]","args":[{"enterText":"401002","selector":{"id":"application-ruinventorylist-display-component---Master--smartFilterBar-btnBasicSearch","interaction":{"idSuffix":"I"}},"clearTextFirst":true,"interactionType":"ENTER_TEXT"}]}
RESULT: {"script":"<script> [776 bytes]","args":[{"enterText":"401002","selector":{"id":"application-ruinventorylist-display-component---Master--smartFilterBar-btnBasicSearch","interaction":{"idSuffix":"I"}},"clearTextFirst":true,"interactionType":"ENTER_TEXT"}]}
COMMAND: POST /session/2fd0d91dfda64e364b58a1834e9c6eef/actions - {"actions":[{"id":"action36","type":"key","parameters":{},"actions":[{"type":"keyDown","value":"î€‡"},{"type":"pause","duration":10},{"type":"keyUp","value":"î€‡"}]}]}
RESULT: {"actions":[{"id":"action36","type":"key","parameters":{},"actions":[{"type":"keyDown","value":"î€‡"},{"type":"pause","duration":10},{"type":"keyUp","value":"î€‡"}]}]}
COMMAND: GET /session/2fd0d91dfda64e364b58a1834e9c6eef/screenshot - {}
RESULT: {}
COMMAND: POST /session/2fd0d91dfda64e364b58a1834e9c6eef/element - {"using":"xpath","value":"//span[@id=\"application-ruinventorylist-display-component---Master--smartTableRuInventoryList-header-inner\"]"}
RESULT: {"using":"xpath","value":"//span[@id=\"application-ruinventorylist-display-component---Master--smartTableRuInventoryList-header-inner\"]"}
COMMAND: POST /session/2fd0d91dfda64e364b58a1834e9c6eef/elements - {"using":"xpath","value":"//span[@id=\"application-ruinventorylist-display-component---Master--smartTableRuInventoryList-header-inner\"]"}
RESULT: {"using":"xpath","value":"//span[@id=\"application-ruinventorylist-display-component---Master--smartTableRuInventoryList-header-inner\"]"}
COMMAND: POST /session/2fd0d91dfda64e364b58a1834e9c6eef/execute/sync - {"script":"<script> [56 bytes]","args":[{"element-6066-11e4-a52e-4f735466cecf":"f.E5F40E6F9784B6DA95361123DC858BB1.d.6FB86E6278155DFA25165CDD699B630A.e.5616","ELEMENT":"f.E5F40E6F9784B6DA95361123DC858BB1.d.6FB86E6278155DFA25165CDD699B630A.e.5616"}]}
RESULT: {"script":"<script> [56 bytes]","args":[{"element-6066-11e4-a52e-4f735466cecf":"f.E5F40E6F9784B6DA95361123DC858BB1.d.6FB86E6278155DFA25165CDD699B630A.e.5616","ELEMENT":"f.E5F40E6F9784B6DA95361123DC858BB1.d.6FB86E6278155DFA25165CDD699B630A.e.5616"}]}
COMMAND: POST /session/2fd0d91dfda64e364b58a1834e9c6eef/element - {"using":"xpath","value":"//table[contains(@id, \"application-ruinventorylist-display-component---Master--tableRuInventoryList-listUl\")]/tbody/tr[1]/td[6]/div/span"}
COMMAND: GET /session/2fd0d91dfda64e364b58a1834e9c6eef/screenshot - {}
RESULT: {"using":"xpath","value":"//table[contains(@id, \"application-ruinventorylist-display-component---Master--tableRuInventoryList-listUl\")]/tbody/tr[1]/td[6]/div/span"}
COMMAND: POST /session/2fd0d91dfda64e364b58a1834e9c6eef/execute/sync - {"script":"<script> [56 bytes]","args":[{"element-6066-11e4-a52e-4f735466cecf":"f.E5F40E6F9784B6DA95361123DC858BB1.d.6FB86E6278155DFA25165CDD699B630A.e.7717","ELEMENT":"f.E5F40E6F9784B6DA95361123DC858BB1.d.6FB86E6278155DFA25165CDD699B630A.e.7717"}]}
RESULT: {}
RESULT: {"script":"<script> [56 bytes]","args":[{"element-6066-11e4-a52e-4f735466cecf":"f.E5F40E6F9784B6DA95361123DC858BB1.d.6FB86E6278155DFA25165CDD699B630A.e.7717","ELEMENT":"f.E5F40E6F9784B6DA95361123DC858BB1.d.6FB86E6278155DFA25165CDD699B630A.e.7717"}]}
COMMAND: POST /session/2fd0d91dfda64e364b58a1834e9c6eef/element - {"using":"xpath","value":"//div[contains(@id, \"smartFilterBar-btnBasicSearch-reset\")]"}
COMMAND: GET /session/2fd0d91dfda64e364b58a1834e9c6eef/screenshot - {}
RESULT: {"using":"xpath","value":"//div[contains(@id, \"smartFilterBar-btnBasicSearch-reset\")]"}
COMMAND: POST /session/2fd0d91dfda64e364b58a1834e9c6eef/element/f.E5F40E6F9784B6DA95361123DC858BB1.d.6FB86E6278155DFA25165CDD699B630A.e.5632/click - {}
RESULT: {}
RESULT: {}
COMMAND: GET /session/2fd0d91dfda64e364b58a1834e9c6eef/screenshot - {}
RESULT: {}
RESULT: undefined
COMMAND: POST /session/2fd0d91dfda64e364b58a1834e9c6eef/execute/async - {"script":"<script> [776 bytes]","args":[{"enterText":"fAQFhDiIj7","selector":{"id":"application-ruinventorylist-display-component---Master--smartFilterBar-btnBasicSearch","interaction":{"idSuffix":"I"}},"clearTextFirst":true,"interactionType":"ENTER_TEXT"}]}
RESULT: {"script":"<script> [776 bytes]","args":[{"enterText":"fAQFhDiIj7","selector":{"id":"application-ruinventorylist-display-component---Master--smartFilterBar-btnBasicSearch","interaction":{"idSuffix":"I"}},"clearTextFirst":true,"interactionType":"ENTER_TEXT"}]}
COMMAND: POST /session/2fd0d91dfda64e364b58a1834e9c6eef/actions - {"actions":[{"id":"action37","type":"key","parameters":{},"actions":[{"type":"keyDown","value":"î€‡"},{"type":"pause","duration":10},{"type":"keyUp","value":"î€‡"}]}]}
RESULT: {"actions":[{"id":"action37","type":"key","parameters":{},"actions":[{"type":"keyDown","value":"î€‡"},{"type":"pause","duration":10},{"type":"keyUp","value":"î€‡"}]}]}
COMMAND: GET /session/2fd0d91dfda64e364b58a1834e9c6eef/screenshot - {}
RESULT: {}
COMMAND: POST /session/2fd0d91dfda64e364b58a1834e9c6eef/element - {"using":"xpath","value":"//span[@id=\"application-ruinventorylist-display-component---Master--smartTableRuInventoryList-header-inner\"]"}
RESULT: {"using":"xpath","value":"//span[@id=\"application-ruinventorylist-display-component---Master--smartTableRuInventoryList-header-inner\"]"}
COMMAND: POST /session/2fd0d91dfda64e364b58a1834e9c6eef/elements - {"using":"xpath","value":"//span[@id=\"application-ruinventorylist-display-component---Master--smartTableRuInventoryList-header-inner\"]"}
RESULT: {"using":"xpath","value":"//span[@id=\"application-ruinventorylist-display-component---Master--smartTableRuInventoryList-header-inner\"]"}
COMMAND: POST /session/2fd0d91dfda64e364b58a1834e9c6eef/execute/sync - {"script":"<script> [56 bytes]","args":[{"element-6066-11e4-a52e-4f735466cecf":"f.E5F40E6F9784B6DA95361123DC858BB1.d.6FB86E6278155DFA25165CDD699B630A.e.5616","ELEMENT":"f.E5F40E6F9784B6DA95361123DC858BB1.d.6FB86E6278155DFA25165CDD699B630A.e.5616"}]}
RESULT: {"script":"<script> [56 bytes]","args":[{"element-6066-11e4-a52e-4f735466cecf":"f.E5F40E6F9784B6DA95361123DC858BB1.d.6FB86E6278155DFA25165CDD699B630A.e.5616","ELEMENT":"f.E5F40E6F9784B6DA95361123DC858BB1.d.6FB86E6278155DFA25165CDD699B630A.e.5616"}]}
COMMAND: POST /session/2fd0d91dfda64e364b58a1834e9c6eef/element - {"using":"xpath","value":"//table[contains(@id, \"application-ruinventorylist-display-component---Master--tableRuInventoryList-listUl\")]/tbody/tr[1]/td[6]/div/span"}
COMMAND: GET /session/2fd0d91dfda64e364b58a1834e9c6eef/screenshot - {}
RESULT: {"using":"xpath","value":"//table[contains(@id, \"application-ruinventorylist-display-component---Master--tableRuInventoryList-listUl\")]/tbody/tr[1]/td[6]/div/span"}
COMMAND: POST /session/2fd0d91dfda64e364b58a1834e9c6eef/execute/sync - {"script":"<script> [56 bytes]","args":[{"element-6066-11e4-a52e-4f735466cecf":"f.E5F40E6F9784B6DA95361123DC858BB1.d.6FB86E6278155DFA25165CDD699B630A.e.7805","ELEMENT":"f.E5F40E6F9784B6DA95361123DC858BB1.d.6FB86E6278155DFA25165CDD699B630A.e.7805"}]}
RESULT: {}
RESULT: {"script":"<script> [56 bytes]","args":[{"element-6066-11e4-a52e-4f735466cecf":"f.E5F40E6F9784B6DA95361123DC858BB1.d.6FB86E6278155DFA25165CDD699B630A.e.7805","ELEMENT":"f.E5F40E6F9784B6DA95361123DC858BB1.d.6FB86E6278155DFA25165CDD699B630A.e.7805"}]}
COMMAND: POST /session/2fd0d91dfda64e364b58a1834e9c6eef/element - {"using":"xpath","value":"//div[contains(@id, \"smartFilterBar-btnBasicSearch-reset\")]"}
COMMAND: GET /session/2fd0d91dfda64e364b58a1834e9c6eef/screenshot - {}
RESULT: {"using":"xpath","value":"//div[contains(@id, \"smartFilterBar-btnBasicSearch-reset\")]"}
COMMAND: POST /session/2fd0d91dfda64e364b58a1834e9c6eef/element/f.E5F40E6F9784B6DA95361123DC858BB1.d.6FB86E6278155DFA25165CDD699B630A.e.5632/click - {}
RESULT: {}
RESULT: {}
COMMAND: GET /session/2fd0d91dfda64e364b58a1834e9c6eef/screenshot - {}
RESULT: {}
RESULT: undefined
COMMAND: POST /session/2fd0d91dfda64e364b58a1834e9c6eef/execute/async - {"script":"<script> [776 bytes]","args":[{"enterText":"200335","selector":{"id":"application-ruinventorylist-display-component---Master--smartFilterBar-btnBasicSearch","interaction":{"idSuffix":"I"}},"clearTextFirst":true,"interactionType":"ENTER_TEXT"}]}
RESULT: {"script":"<script> [776 bytes]","args":[{"enterText":"200335","selector":{"id":"application-ruinventorylist-display-component---Master--smartFilterBar-btnBasicSearch","interaction":{"idSuffix":"I"}},"clearTextFirst":true,"interactionType":"ENTER_TEXT"}]}
COMMAND: POST /session/2fd0d91dfda64e364b58a1834e9c6eef/actions - {"actions":[{"id":"action38","type":"key","parameters":{},"actions":[{"type":"keyDown","value":"î€‡"},{"type":"pause","duration":10},{"type":"keyUp","value":"î€‡"}]}]}
RESULT: {"actions":[{"id":"action38","type":"key","parameters":{},"actions":[{"type":"keyDown","value":"î€‡"},{"type":"pause","duration":10},{"type":"keyUp","value":"î€‡"}]}]}
COMMAND: GET /session/2fd0d91dfda64e364b58a1834e9c6eef/screenshot - {}
RESULT: {}
COMMAND: POST /session/2fd0d91dfda64e364b58a1834e9c6eef/element - {"using":"xpath","value":"//span[@id=\"application-ruinventorylist-display-component---Master--smartTableRuInventoryList-header-inner\"]"}
RESULT: {"using":"xpath","value":"//span[@id=\"application-ruinventorylist-display-component---Master--smartTableRuInventoryList-header-inner\"]"}
COMMAND: POST /session/2fd0d91dfda64e364b58a1834e9c6eef/elements - {"using":"xpath","value":"//span[@id=\"application-ruinventorylist-display-component---Master--smartTableRuInventoryList-header-inner\"]"}
RESULT: {"using":"xpath","value":"//span[@id=\"application-ruinventorylist-display-component---Master--smartTableRuInventoryList-header-inner\"]"}
COMMAND: POST /session/2fd0d91dfda64e364b58a1834e9c6eef/execute/sync - {"script":"<script> [56 bytes]","args":[{"element-6066-11e4-a52e-4f735466cecf":"f.E5F40E6F9784B6DA95361123DC858BB1.d.6FB86E6278155DFA25165CDD699B630A.e.5616","ELEMENT":"f.E5F40E6F9784B6DA95361123DC858BB1.d.6FB86E6278155DFA25165CDD699B630A.e.5616"}]}
RESULT: {"script":"<script> [56 bytes]","args":[{"element-6066-11e4-a52e-4f735466cecf":"f.E5F40E6F9784B6DA95361123DC858BB1.d.6FB86E6278155DFA25165CDD699B630A.e.5616","ELEMENT":"f.E5F40E6F9784B6DA95361123DC858BB1.d.6FB86E6278155DFA25165CDD699B630A.e.5616"}]}
COMMAND: POST /session/2fd0d91dfda64e364b58a1834e9c6eef/element - {"using":"xpath","value":"//table[contains(@id, \"application-ruinventorylist-display-component---Master--tableRuInventoryList-listUl\")]/tbody/tr[1]/td[6]/div/span"}
COMMAND: GET /session/2fd0d91dfda64e364b58a1834e9c6eef/screenshot - {}
RESULT: {"using":"xpath","value":"//table[contains(@id, \"application-ruinventorylist-display-component---Master--tableRuInventoryList-listUl\")]/tbody/tr[1]/td[6]/div/span"}
COMMAND: POST /session/2fd0d91dfda64e364b58a1834e9c6eef/execute/sync - {"script":"<script> [56 bytes]","args":[{"element-6066-11e4-a52e-4f735466cecf":"f.E5F40E6F9784B6DA95361123DC858BB1.d.6FB86E6278155DFA25165CDD699B630A.e.7893","ELEMENT":"f.E5F40E6F9784B6DA95361123DC858BB1.d.6FB86E6278155DFA25165CDD699B630A.e.7893"}]}
RESULT: {}
RESULT: {"script":"<script> [56 bytes]","args":[{"element-6066-11e4-a52e-4f735466cecf":"f.E5F40E6F9784B6DA95361123DC858BB1.d.6FB86E6278155DFA25165CDD699B630A.e.7893","ELEMENT":"f.E5F40E6F9784B6DA95361123DC858BB1.d.6FB86E6278155DFA25165CDD699B630A.e.7893"}]}
COMMAND: POST /session/2fd0d91dfda64e364b58a1834e9c6eef/element - {"using":"xpath","value":"//div[contains(@id, \"smartFilterBar-btnBasicSearch-reset\")]"}
COMMAND: GET /session/2fd0d91dfda64e364b58a1834e9c6eef/screenshot - {}
RESULT: {"using":"xpath","value":"//div[contains(@id, \"smartFilterBar-btnBasicSearch-reset\")]"}
COMMAND: POST /session/2fd0d91dfda64e364b58a1834e9c6eef/element/f.E5F40E6F9784B6DA95361123DC858BB1.d.6FB86E6278155DFA25165CDD699B630A.e.5632/click - {}
RESULT: {}
RESULT: {}
COMMAND: GET /session/2fd0d91dfda64e364b58a1834e9c6eef/screenshot - {}
RESULT: {}
COMMAND: POST /session/2fd0d91dfda64e364b58a1834e9c6eef/element - {"using":"css selector","value":"#shell-header-logo"}
RESULT: {"using":"css selector","value":"#shell-header-logo"}
COMMAND: POST /session/2fd0d91dfda64e364b58a1834e9c6eef/element/f.E5F40E6F9784B6DA95361123DC858BB1.d.6FB86E6278155DFA25165CDD699B630A.e.5012/click - {}
RESULT: {}
COMMAND: GET /session/2fd0d91dfda64e364b58a1834e9c6eef/screenshot - {}
RESULT: {}
COMMAND: DELETE /session/2fd0d91dfda64e364b58a1834e9c6eef - {}
RESULT: {}
]]></system-out>
    </testcase>
  </testsuite>
</testsuites>