<?xml version="1.0" encoding="UTF-8"?>
<testsuites tests="82" failures="39" errors="39" skipped="0">
  <testsuite timestamp="2025-05-14T06:09:15" time="735.338" tests="8" failures="1" errors="1" skipped="0">
    <properties>
      <property name="specId" value="0" />
      <property name="suiteName" value="Stock increase - with WHM US125587" />
      <property name="capabilities" value="chrome.136_0_7103_49.windows" />
      <property name="file" value="file:///D:/a/1/s/test/specs/HTR/stock-increase.spec.js" />
    </properties>
    <testcase classname="chrome.136_0_7103_49.windows.Stock_increase_-_with_WHM_US125587" name="Should create a new WHM yard" time="126.333">
      <system-out><![CDATA[
COMMAND: POST /session/fefae731ffe12f9640dd1679bcba6cb2/window/fullscreen - {}
RESULT: {}
COMMAND: POST /session/fefae731ffe12f9640dd1679bcba6cb2/execute/async - {"script":"<script> [1562 bytes]","args":[{"selector":{"controlType":"sap.m.GenericTile","properties":{"header":"Manage Yards"}},"wdio_ui5_key":"sapm.GenericTile{\"header\":\"Manage Yards\"}"}]}
RESULT: {"script":"<script> [1562 bytes]","args":[{"selector":{"controlType":"sap.m.GenericTile","properties":{"header":"Manage Yards"}},"wdio_ui5_key":"sapm.GenericTile{\"header\":\"Manage Yards\"}"}]}
RESULT: undefined
COMMAND: POST /session/fefae731ffe12f9640dd1679bcba6cb2/element - {"using":"xpath","value":"//*[@id=\"__tile41\"]"}
RESULT: {"using":"xpath","value":"//*[@id=\"__tile41\"]"}
COMMAND: POST /session/fefae731ffe12f9640dd1679bcba6cb2/element/f.260C0A6E86F32DC815D14290BCACE04C.d.7D78BBCF8A9A4B9AD2A2B641AE489302.e.132/click - {}
RESULT: {}
COMMAND: POST /session/fefae731ffe12f9640dd1679bcba6cb2/element - {"using":"xpath","value":"//button[@data-kt=\"addNewYardOverflowToolbarButton\"]"}
COMMAND: GET /session/fefae731ffe12f9640dd1679bcba6cb2/screenshot - {}
RESULT: {"using":"xpath","value":"//button[@data-kt=\"addNewYardOverflowToolbarButton\"]"}
COMMAND: POST /session/fefae731ffe12f9640dd1679bcba6cb2/elements - {"using":"xpath","value":"//button[@data-kt=\"addNewYardOverflowToolbarButton\"]"}
RESULT: {}
RESULT: {"using":"xpath","value":"//button[@data-kt=\"addNewYardOverflowToolbarButton\"]"}
COMMAND: POST /session/fefae731ffe12f9640dd1679bcba6cb2/elements - {"using":"xpath","value":"//button[@data-kt=\"addNewYardOverflowToolbarButton\"]"}
RESULT: {"using":"xpath","value":"//button[@data-kt=\"addNewYardOverflowToolbarButton\"]"}
COMMAND: POST /session/fefae731ffe12f9640dd1679bcba6cb2/elements - {"using":"xpath","value":"//button[@data-kt=\"addNewYardOverflowToolbarButton\"]"}
RESULT: {"using":"xpath","value":"//button[@data-kt=\"addNewYardOverflowToolbarButton\"]"}
COMMAND: POST /session/fefae731ffe12f9640dd1679bcba6cb2/elements - {"using":"xpath","value":"//button[@data-kt=\"addNewYardOverflowToolbarButton\"]"}
RESULT: {"using":"xpath","value":"//button[@data-kt=\"addNewYardOverflowToolbarButton\"]"}
COMMAND: POST /session/fefae731ffe12f9640dd1679bcba6cb2/elements - {"using":"xpath","value":"//button[@data-kt=\"addNewYardOverflowToolbarButton\"]"}
RESULT: {"using":"xpath","value":"//button[@data-kt=\"addNewYardOverflowToolbarButton\"]"}
COMMAND: POST /session/fefae731ffe12f9640dd1679bcba6cb2/elements - {"using":"xpath","value":"//button[@data-kt=\"addNewYardOverflowToolbarButton\"]"}
RESULT: {"using":"xpath","value":"//button[@data-kt=\"addNewYardOverflowToolbarButton\"]"}
COMMAND: POST /session/fefae731ffe12f9640dd1679bcba6cb2/elements - {"using":"xpath","value":"//button[@data-kt=\"addNewYardOverflowToolbarButton\"]"}
RESULT: {"using":"xpath","value":"//button[@data-kt=\"addNewYardOverflowToolbarButton\"]"}
COMMAND: POST /session/fefae731ffe12f9640dd1679bcba6cb2/elements - {"using":"xpath","value":"//button[@data-kt=\"addNewYardOverflowToolbarButton\"]"}
RESULT: {"using":"xpath","value":"//button[@data-kt=\"addNewYardOverflowToolbarButton\"]"}
COMMAND: POST /session/fefae731ffe12f9640dd1679bcba6cb2/elements - {"using":"xpath","value":"//button[@data-kt=\"addNewYardOverflowToolbarButton\"]"}
RESULT: {"using":"xpath","value":"//button[@data-kt=\"addNewYardOverflowToolbarButton\"]"}
COMMAND: POST /session/fefae731ffe12f9640dd1679bcba6cb2/elements - {"using":"xpath","value":"//button[@data-kt=\"addNewYardOverflowToolbarButton\"]"}
RESULT: {"using":"xpath","value":"//button[@data-kt=\"addNewYardOverflowToolbarButton\"]"}
COMMAND: POST /session/fefae731ffe12f9640dd1679bcba6cb2/elements - {"using":"xpath","value":"//button[@data-kt=\"addNewYardOverflowToolbarButton\"]"}
RESULT: {"using":"xpath","value":"//button[@data-kt=\"addNewYardOverflowToolbarButton\"]"}
COMMAND: POST /session/fefae731ffe12f9640dd1679bcba6cb2/elements - {"using":"xpath","value":"//button[@data-kt=\"addNewYardOverflowToolbarButton\"]"}
RESULT: {"using":"xpath","value":"//button[@data-kt=\"addNewYardOverflowToolbarButton\"]"}
COMMAND: POST /session/fefae731ffe12f9640dd1679bcba6cb2/elements - {"using":"xpath","value":"//button[@data-kt=\"addNewYardOverflowToolbarButton\"]"}
RESULT: {"using":"xpath","value":"//button[@data-kt=\"addNewYardOverflowToolbarButton\"]"}
COMMAND: POST /session/fefae731ffe12f9640dd1679bcba6cb2/elements - {"using":"xpath","value":"//button[@data-kt=\"addNewYardOverflowToolbarButton\"]"}
RESULT: {"using":"xpath","value":"//button[@data-kt=\"addNewYardOverflowToolbarButton\"]"}
COMMAND: POST /session/fefae731ffe12f9640dd1679bcba6cb2/elements - {"using":"xpath","value":"//button[@data-kt=\"addNewYardOverflowToolbarButton\"]"}
RESULT: {"using":"xpath","value":"//button[@data-kt=\"addNewYardOverflowToolbarButton\"]"}
COMMAND: POST /session/fefae731ffe12f9640dd1679bcba6cb2/elements - {"using":"xpath","value":"//button[@data-kt=\"addNewYardOverflowToolbarButton\"]"}
RESULT: {"using":"xpath","value":"//button[@data-kt=\"addNewYardOverflowToolbarButton\"]"}
COMMAND: POST /session/fefae731ffe12f9640dd1679bcba6cb2/elements - {"using":"xpath","value":"//button[@data-kt=\"addNewYardOverflowToolbarButton\"]"}
RESULT: {"using":"xpath","value":"//button[@data-kt=\"addNewYardOverflowToolbarButton\"]"}
COMMAND: POST /session/fefae731ffe12f9640dd1679bcba6cb2/elements - {"using":"xpath","value":"//button[@data-kt=\"addNewYardOverflowToolbarButton\"]"}
RESULT: {"using":"xpath","value":"//button[@data-kt=\"addNewYardOverflowToolbarButton\"]"}
COMMAND: POST /session/fefae731ffe12f9640dd1679bcba6cb2/elements - {"using":"xpath","value":"//button[@data-kt=\"addNewYardOverflowToolbarButton\"]"}
RESULT: {"using":"xpath","value":"//button[@data-kt=\"addNewYardOverflowToolbarButton\"]"}
COMMAND: POST /session/fefae731ffe12f9640dd1679bcba6cb2/elements - {"using":"xpath","value":"//button[@data-kt=\"addNewYardOverflowToolbarButton\"]"}
RESULT: {"using":"xpath","value":"//button[@data-kt=\"addNewYardOverflowToolbarButton\"]"}
COMMAND: POST /session/fefae731ffe12f9640dd1679bcba6cb2/elements - {"using":"xpath","value":"//button[@data-kt=\"addNewYardOverflowToolbarButton\"]"}
RESULT: {"using":"xpath","value":"//button[@data-kt=\"addNewYardOverflowToolbarButton\"]"}
COMMAND: POST /session/fefae731ffe12f9640dd1679bcba6cb2/elements - {"using":"xpath","value":"//button[@data-kt=\"addNewYardOverflowToolbarButton\"]"}
RESULT: {"using":"xpath","value":"//button[@data-kt=\"addNewYardOverflowToolbarButton\"]"}
COMMAND: POST /session/fefae731ffe12f9640dd1679bcba6cb2/elements - {"using":"xpath","value":"//button[@data-kt=\"addNewYardOverflowToolbarButton\"]"}
RESULT: {"using":"xpath","value":"//button[@data-kt=\"addNewYardOverflowToolbarButton\"]"}
COMMAND: POST /session/fefae731ffe12f9640dd1679bcba6cb2/elements - {"using":"xpath","value":"//button[@data-kt=\"addNewYardOverflowToolbarButton\"]"}
RESULT: {"using":"xpath","value":"//button[@data-kt=\"addNewYardOverflowToolbarButton\"]"}
COMMAND: POST /session/fefae731ffe12f9640dd1679bcba6cb2/elements - {"using":"xpath","value":"//button[@data-kt=\"addNewYardOverflowToolbarButton\"]"}
RESULT: {"using":"xpath","value":"//button[@data-kt=\"addNewYardOverflowToolbarButton\"]"}
COMMAND: POST /session/fefae731ffe12f9640dd1679bcba6cb2/elements - {"using":"xpath","value":"//button[@data-kt=\"addNewYardOverflowToolbarButton\"]"}
RESULT: {"using":"xpath","value":"//button[@data-kt=\"addNewYardOverflowToolbarButton\"]"}
COMMAND: POST /session/fefae731ffe12f9640dd1679bcba6cb2/elements - {"using":"xpath","value":"//button[@data-kt=\"addNewYardOverflowToolbarButton\"]"}
RESULT: {"using":"xpath","value":"//button[@data-kt=\"addNewYardOverflowToolbarButton\"]"}
COMMAND: POST /session/fefae731ffe12f9640dd1679bcba6cb2/elements - {"using":"xpath","value":"//button[@data-kt=\"addNewYardOverflowToolbarButton\"]"}
RESULT: {"using":"xpath","value":"//button[@data-kt=\"addNewYardOverflowToolbarButton\"]"}
COMMAND: POST /session/fefae731ffe12f9640dd1679bcba6cb2/elements - {"using":"xpath","value":"//button[@data-kt=\"addNewYardOverflowToolbarButton\"]"}
RESULT: {"using":"xpath","value":"//button[@data-kt=\"addNewYardOverflowToolbarButton\"]"}
COMMAND: POST /session/fefae731ffe12f9640dd1679bcba6cb2/elements - {"using":"xpath","value":"//button[@data-kt=\"addNewYardOverflowToolbarButton\"]"}
RESULT: {"using":"xpath","value":"//button[@data-kt=\"addNewYardOverflowToolbarButton\"]"}
COMMAND: POST /session/fefae731ffe12f9640dd1679bcba6cb2/elements - {"using":"xpath","value":"//button[@data-kt=\"addNewYardOverflowToolbarButton\"]"}
RESULT: {"using":"xpath","value":"//button[@data-kt=\"addNewYardOverflowToolbarButton\"]"}
COMMAND: POST /session/fefae731ffe12f9640dd1679bcba6cb2/elements - {"using":"xpath","value":"//button[@data-kt=\"addNewYardOverflowToolbarButton\"]"}
RESULT: {"using":"xpath","value":"//button[@data-kt=\"addNewYardOverflowToolbarButton\"]"}
COMMAND: POST /session/fefae731ffe12f9640dd1679bcba6cb2/elements - {"using":"xpath","value":"//button[@data-kt=\"addNewYardOverflowToolbarButton\"]"}
RESULT: {"using":"xpath","value":"//button[@data-kt=\"addNewYardOverflowToolbarButton\"]"}
COMMAND: POST /session/fefae731ffe12f9640dd1679bcba6cb2/elements - {"using":"xpath","value":"//button[@data-kt=\"addNewYardOverflowToolbarButton\"]"}
RESULT: {"using":"xpath","value":"//button[@data-kt=\"addNewYardOverflowToolbarButton\"]"}
COMMAND: POST /session/fefae731ffe12f9640dd1679bcba6cb2/elements - {"using":"xpath","value":"//button[@data-kt=\"addNewYardOverflowToolbarButton\"]"}
RESULT: {"using":"xpath","value":"//button[@data-kt=\"addNewYardOverflowToolbarButton\"]"}
COMMAND: POST /session/fefae731ffe12f9640dd1679bcba6cb2/elements - {"using":"xpath","value":"//button[@data-kt=\"addNewYardOverflowToolbarButton\"]"}
RESULT: {"using":"xpath","value":"//button[@data-kt=\"addNewYardOverflowToolbarButton\"]"}
COMMAND: POST /session/fefae731ffe12f9640dd1679bcba6cb2/elements - {"using":"xpath","value":"//button[@data-kt=\"addNewYardOverflowToolbarButton\"]"}
RESULT: {"using":"xpath","value":"//button[@data-kt=\"addNewYardOverflowToolbarButton\"]"}
COMMAND: POST /session/fefae731ffe12f9640dd1679bcba6cb2/elements - {"using":"xpath","value":"//button[@data-kt=\"addNewYardOverflowToolbarButton\"]"}
RESULT: {"using":"xpath","value":"//button[@data-kt=\"addNewYardOverflowToolbarButton\"]"}
COMMAND: POST /session/fefae731ffe12f9640dd1679bcba6cb2/elements - {"using":"xpath","value":"//button[@data-kt=\"addNewYardOverflowToolbarButton\"]"}
RESULT: {"using":"xpath","value":"//button[@data-kt=\"addNewYardOverflowToolbarButton\"]"}
COMMAND: POST /session/fefae731ffe12f9640dd1679bcba6cb2/element - {"using":"xpath","value":"//button[@data-kt=\"addNewYardOverflowToolbarButton\"]"}
RESULT: {"using":"xpath","value":"//button[@data-kt=\"addNewYardOverflowToolbarButton\"]"}
COMMAND: POST /session/fefae731ffe12f9640dd1679bcba6cb2/execute/sync - {"script":"<script> [8489 bytes]","args":[{"element-6066-11e4-a52e-4f735466cecf":"f.260C0A6E86F32DC815D14290BCACE04C.d.7D78BBCF8A9A4B9AD2A2B641AE489302.e.268","ELEMENT":"f.260C0A6E86F32DC815D14290BCACE04C.d.7D78BBCF8A9A4B9AD2A2B641AE489302.e.268"}]}
RESULT: {"script":"<script> [8489 bytes]","args":[{"element-6066-11e4-a52e-4f735466cecf":"f.260C0A6E86F32DC815D14290BCACE04C.d.7D78BBCF8A9A4B9AD2A2B641AE489302.e.268","ELEMENT":"f.260C0A6E86F32DC815D14290BCACE04C.d.7D78BBCF8A9A4B9AD2A2B641AE489302.e.268"}]}
COMMAND: GET /session/fefae731ffe12f9640dd1679bcba6cb2/element/f.260C0A6E86F32DC815D14290BCACE04C.d.7D78BBCF8A9A4B9AD2A2B641AE489302.e.268/enabled - {}
COMMAND: GET /session/fefae731ffe12f9640dd1679bcba6cb2/screenshot - {}
RESULT: {}
COMMAND: POST /session/fefae731ffe12f9640dd1679bcba6cb2/execute/sync - {"script":"<script> [8489 bytes]","args":[{"element-6066-11e4-a52e-4f735466cecf":"f.260C0A6E86F32DC815D14290BCACE04C.d.7D78BBCF8A9A4B9AD2A2B641AE489302.e.268","ELEMENT":"f.260C0A6E86F32DC815D14290BCACE04C.d.7D78BBCF8A9A4B9AD2A2B641AE489302.e.268"}]}
COMMAND: GET /session/fefae731ffe12f9640dd1679bcba6cb2/screenshot - {}
RESULT: {}
RESULT: {"script":"<script> [8489 bytes]","args":[{"element-6066-11e4-a52e-4f735466cecf":"f.260C0A6E86F32DC815D14290BCACE04C.d.7D78BBCF8A9A4B9AD2A2B641AE489302.e.268","ELEMENT":"f.260C0A6E86F32DC815D14290BCACE04C.d.7D78BBCF8A9A4B9AD2A2B641AE489302.e.268"}]}
COMMAND: POST /session/fefae731ffe12f9640dd1679bcba6cb2/execute/sync - {"script":"<script> [5351 bytes]","args":[{"element-6066-11e4-a52e-4f735466cecf":"f.260C0A6E86F32DC815D14290BCACE04C.d.7D78BBCF8A9A4B9AD2A2B641AE489302.e.268","ELEMENT":"f.260C0A6E86F32DC815D14290BCACE04C.d.7D78BBCF8A9A4B9AD2A2B641AE489302.e.268"}]}
COMMAND: GET /session/fefae731ffe12f9640dd1679bcba6cb2/screenshot - {}
RESULT: {}
RESULT: {"script":"<script> [5351 bytes]","args":[{"element-6066-11e4-a52e-4f735466cecf":"f.260C0A6E86F32DC815D14290BCACE04C.d.7D78BBCF8A9A4B9AD2A2B641AE489302.e.268","ELEMENT":"f.260C0A6E86F32DC815D14290BCACE04C.d.7D78BBCF8A9A4B9AD2A2B641AE489302.e.268"}]}
COMMAND: POST /session/fefae731ffe12f9640dd1679bcba6cb2/element/f.260C0A6E86F32DC815D14290BCACE04C.d.7D78BBCF8A9A4B9AD2A2B641AE489302.e.268/click - {}
COMMAND: GET /session/fefae731ffe12f9640dd1679bcba6cb2/screenshot - {}
RESULT: {}
RESULT: {}
COMMAND: GET /session/fefae731ffe12f9640dd1679bcba6cb2/screenshot - {}
COMMAND: POST /session/fefae731ffe12f9640dd1679bcba6cb2/element - {"using":"xpath","value":"//input[@id=\"application-manageyards-display-component---NewYard--yardId-inner\"]"}
RESULT: {}
RESULT: {}
RESULT: {"using":"xpath","value":"//input[@id=\"application-manageyards-display-component---NewYard--yardId-inner\"]"}
COMMAND: POST /session/fefae731ffe12f9640dd1679bcba6cb2/element - {"using":"xpath","value":"//input[@id=\"application-manageyards-display-component---NewYard--yardId-inner\"]"}
RESULT: {"using":"xpath","value":"//input[@id=\"application-manageyards-display-component---NewYard--yardId-inner\"]"}
COMMAND: POST /session/fefae731ffe12f9640dd1679bcba6cb2/execute/async - {"script":"<script> [1562 bytes]","args":[{"selector":{"id":"application-manageyards-display-component---NewYard--addressDetailDetailsName1","interaction":{"idSuffix":"inner"}},"wdio_ui5_key":"applicationmanageyards-display-component---NewYard--addressDetailDetailsName1"}]}
RESULT: {"script":"<script> [1562 bytes]","args":[{"selector":{"id":"application-manageyards-display-component---NewYard--addressDetailDetailsName1","interaction":{"idSuffix":"inner"}},"wdio_ui5_key":"applicationmanageyards-display-component---NewYard--addressDetailDetailsName1"}]}
RESULT: undefined
COMMAND: POST /session/fefae731ffe12f9640dd1679bcba6cb2/execute/async - {"script":"<script> [776 bytes]","args":[{"enterText":"Warehouse Managed WDIO","selector":{"id":"application-manageyards-display-component---NewYard--addressDetailDetailsName1","interaction":{"idSuffix":"inner"}},"clearTextFirst":true,"interactionType":"ENTER_TEXT"}]}
RESULT: {"script":"<script> [776 bytes]","args":[{"enterText":"Warehouse Managed WDIO","selector":{"id":"application-manageyards-display-component---NewYard--addressDetailDetailsName1","interaction":{"idSuffix":"inner"}},"clearTextFirst":true,"interactionType":"ENTER_TEXT"}]}
COMMAND: POST /session/fefae731ffe12f9640dd1679bcba6cb2/execute/async - {"script":"<script> [1562 bytes]","args":[{"selector":{"id":"application-manageyards-display-component---NewYard--addressDetailDetailsLanguage-arrow"},"wdio_ui5_key":"applicationmanageyards-display-component---NewYard--addressDetailDetailsLanguage-arrow"}]}
RESULT: {"script":"<script> [1562 bytes]","args":[{"selector":{"id":"application-manageyards-display-component---NewYard--addressDetailDetailsLanguage-arrow"},"wdio_ui5_key":"applicationmanageyards-display-component---NewYard--addressDetailDetailsLanguage-arrow"}]}
RESULT: undefined
COMMAND: POST /session/fefae731ffe12f9640dd1679bcba6cb2/element - {"using":"xpath","value":"//*[@id=\"application-manageyards-display-component---NewYard--addressDetailDetailsLanguage-arrow\"]"}
RESULT: {"using":"xpath","value":"//*[@id=\"application-manageyards-display-component---NewYard--addressDetailDetailsLanguage-arrow\"]"}
COMMAND: POST /session/fefae731ffe12f9640dd1679bcba6cb2/element/f.260C0A6E86F32DC815D14290BCACE04C.d.7D78BBCF8A9A4B9AD2A2B641AE489302.e.711/click - {}
RESULT: {}
COMMAND: POST /session/fefae731ffe12f9640dd1679bcba6cb2/element - {"using":"xpath","value":"//span[contains(text(), \"English\")]"}
COMMAND: GET /session/fefae731ffe12f9640dd1679bcba6cb2/screenshot - {}
RESULT: {"using":"xpath","value":"//span[contains(text(), \"English\")]"}
COMMAND: POST /session/fefae731ffe12f9640dd1679bcba6cb2/element/f.260C0A6E86F32DC815D14290BCACE04C.d.7D78BBCF8A9A4B9AD2A2B641AE489302.e.712/click - {}
RESULT: {}
RESULT: {}
COMMAND: POST /session/fefae731ffe12f9640dd1679bcba6cb2/execute/async - {"script":"<script> [1562 bytes]","args":[{"selector":{"id":"application-manageyards-display-component---NewYard--addressDetailDetailsCity1","interaction":{"idSuffix":"inner"}},"wdio_ui5_key":"applicationmanageyards-display-component---NewYard--addressDetailDetailsCity1"}]}
COMMAND: GET /session/fefae731ffe12f9640dd1679bcba6cb2/screenshot - {}
RESULT: {"script":"<script> [1562 bytes]","args":[{"selector":{"id":"application-manageyards-display-component---NewYard--addressDetailDetailsCity1","interaction":{"idSuffix":"inner"}},"wdio_ui5_key":"applicationmanageyards-display-component---NewYard--addressDetailDetailsCity1"}]}
RESULT: undefined
COMMAND: POST /session/fefae731ffe12f9640dd1679bcba6cb2/execute/async - {"script":"<script> [776 bytes]","args":[{"enterText":"Rosario","selector":{"id":"application-manageyards-display-component---NewYard--addressDetailDetailsCity1","interaction":{"idSuffix":"inner"}},"clearTextFirst":true,"interactionType":"ENTER_TEXT"}]}
RESULT: {}
RESULT: {"script":"<script> [776 bytes]","args":[{"enterText":"Rosario","selector":{"id":"application-manageyards-display-component---NewYard--addressDetailDetailsCity1","interaction":{"idSuffix":"inner"}},"clearTextFirst":true,"interactionType":"ENTER_TEXT"}]}
COMMAND: POST /session/fefae731ffe12f9640dd1679bcba6cb2/execute/async - {"script":"<script> [1562 bytes]","args":[{"selector":{"id":"application-manageyards-display-component---NewYard--addressDetailDetailsCountry-arrow"},"wdio_ui5_key":"applicationmanageyards-display-component---NewYard--addressDetailDetailsCountry-arrow"}]}
RESULT: {"script":"<script> [1562 bytes]","args":[{"selector":{"id":"application-manageyards-display-component---NewYard--addressDetailDetailsCountry-arrow"},"wdio_ui5_key":"applicationmanageyards-display-component---NewYard--addressDetailDetailsCountry-arrow"}]}
RESULT: undefined
COMMAND: POST /session/fefae731ffe12f9640dd1679bcba6cb2/element - {"using":"xpath","value":"//*[@id=\"application-manageyards-display-component---NewYard--addressDetailDetailsCountry-arrow\"]"}
RESULT: {"using":"xpath","value":"//*[@id=\"application-manageyards-display-component---NewYard--addressDetailDetailsCountry-arrow\"]"}
COMMAND: POST /session/fefae731ffe12f9640dd1679bcba6cb2/element/f.260C0A6E86F32DC815D14290BCACE04C.d.7D78BBCF8A9A4B9AD2A2B641AE489302.e.714/click - {}
RESULT: {}
COMMAND: POST /session/fefae731ffe12f9640dd1679bcba6cb2/element - {"using":"xpath","value":"//span[contains(text(), \"Argentina\")]"}
COMMAND: GET /session/fefae731ffe12f9640dd1679bcba6cb2/screenshot - {}
RESULT: {"using":"xpath","value":"//span[contains(text(), \"Argentina\")]"}
COMMAND: POST /session/fefae731ffe12f9640dd1679bcba6cb2/element/f.260C0A6E86F32DC815D14290BCACE04C.d.7D78BBCF8A9A4B9AD2A2B641AE489302.e.715/click - {}
RESULT: {}
RESULT: {}
COMMAND: POST /session/fefae731ffe12f9640dd1679bcba6cb2/execute/async - {"script":"<script> [1562 bytes]","args":[{"selector":{"id":"application-manageyards-display-component---NewYard--addressEditDetailsCostObjectCstType-arrow"},"wdio_ui5_key":"applicationmanageyards-display-component---NewYard--addressEditDetailsCostObjectCstType-arrow"}]}
COMMAND: GET /session/fefae731ffe12f9640dd1679bcba6cb2/screenshot - {}
RESULT: {"script":"<script> [1562 bytes]","args":[{"selector":{"id":"application-manageyards-display-component---NewYard--addressEditDetailsCostObjectCstType-arrow"},"wdio_ui5_key":"applicationmanageyards-display-component---NewYard--addressEditDetailsCostObjectCstType-arrow"}]}
RESULT: undefined
COMMAND: POST /session/fefae731ffe12f9640dd1679bcba6cb2/element - {"using":"xpath","value":"//*[@id=\"application-manageyards-display-component---NewYard--addressEditDetailsCostObjectCstType-arrow\"]"}
RESULT: {}
RESULT: {"using":"xpath","value":"//*[@id=\"application-manageyards-display-component---NewYard--addressEditDetailsCostObjectCstType-arrow\"]"}
COMMAND: POST /session/fefae731ffe12f9640dd1679bcba6cb2/element/f.260C0A6E86F32DC815D14290BCACE04C.d.7D78BBCF8A9A4B9AD2A2B641AE489302.e.717/click - {}
RESULT: {}
COMMAND: POST /session/fefae731ffe12f9640dd1679bcba6cb2/element - {"using":"xpath","value":"//span[contains(text(), \"Cost Center\")]"}
COMMAND: GET /session/fefae731ffe12f9640dd1679bcba6cb2/screenshot - {}
RESULT: {"using":"xpath","value":"//span[contains(text(), \"Cost Center\")]"}
COMMAND: POST /session/fefae731ffe12f9640dd1679bcba6cb2/element/f.260C0A6E86F32DC815D14290BCACE04C.d.7D78BBCF8A9A4B9AD2A2B641AE489302.e.718/click - {}
RESULT: {}
RESULT: {}
COMMAND: GET /session/fefae731ffe12f9640dd1679bcba6cb2/screenshot - {}
RESULT: {}
COMMAND: POST /session/fefae731ffe12f9640dd1679bcba6cb2/element - {"using":"xpath","value":"//span[@id=\"application-manageyards-display-component---NewYard--addressNewCostObjectCstID-vhi\"]"}
RESULT: {"using":"xpath","value":"//span[@id=\"application-manageyards-display-component---NewYard--addressNewCostObjectCstID-vhi\"]"}
COMMAND: POST /session/fefae731ffe12f9640dd1679bcba6cb2/execute/sync - {"script":"<script> [8489 bytes]","args":[{"element-6066-11e4-a52e-4f735466cecf":"f.260C0A6E86F32DC815D14290BCACE04C.d.7D78BBCF8A9A4B9AD2A2B641AE489302.e.722","ELEMENT":"f.260C0A6E86F32DC815D14290BCACE04C.d.7D78BBCF8A9A4B9AD2A2B641AE489302.e.722"}]}
RESULT: {"script":"<script> [8489 bytes]","args":[{"element-6066-11e4-a52e-4f735466cecf":"f.260C0A6E86F32DC815D14290BCACE04C.d.7D78BBCF8A9A4B9AD2A2B641AE489302.e.722","ELEMENT":"f.260C0A6E86F32DC815D14290BCACE04C.d.7D78BBCF8A9A4B9AD2A2B641AE489302.e.722"}]}
COMMAND: POST /session/fefae731ffe12f9640dd1679bcba6cb2/execute/async - {"script":"<script> [1562 bytes]","args":[{"selector":{"id":"application-manageyards-display-component---NewYard--addressNewCostObjectCstID-vhi"},"wdio_ui5_key":"applicationmanageyards-display-component---NewYard--addressNewCostObjectCstID-vhi"}]}
COMMAND: GET /session/fefae731ffe12f9640dd1679bcba6cb2/screenshot - {}
RESULT: {"script":"<script> [1562 bytes]","args":[{"selector":{"id":"application-manageyards-display-component---NewYard--addressNewCostObjectCstID-vhi"},"wdio_ui5_key":"applicationmanageyards-display-component---NewYard--addressNewCostObjectCstID-vhi"}]}
RESULT: undefined
COMMAND: POST /session/fefae731ffe12f9640dd1679bcba6cb2/element - {"using":"xpath","value":"//*[@id=\"application-manageyards-display-component---NewYard--addressNewCostObjectCstID-vhi\"]"}
RESULT: {}
RESULT: {"using":"xpath","value":"//*[@id=\"application-manageyards-display-component---NewYard--addressNewCostObjectCstID-vhi\"]"}
COMMAND: POST /session/fefae731ffe12f9640dd1679bcba6cb2/element/f.260C0A6E86F32DC815D14290BCACE04C.d.7D78BBCF8A9A4B9AD2A2B641AE489302.e.722/click - {}
RESULT: {}
COMMAND: GET /session/fefae731ffe12f9640dd1679bcba6cb2/screenshot - {}
RESULT: {}
COMMAND: POST /session/fefae731ffe12f9640dd1679bcba6cb2/execute/async - {"script":"<script> [1562 bytes]","args":[{"selector":{"controlType":"sap.m.SearchField","properties":{"placeholder":"Search"},"searchOpenDialogs":true,"interaction":{"idSuffix":"I"}},"wdio_ui5_key":"sapm.SearchField{\"placeholder\":\"Search\"}"}]}
RESULT: {"script":"<script> [1562 bytes]","args":[{"selector":{"controlType":"sap.m.SearchField","properties":{"placeholder":"Search"},"searchOpenDialogs":true,"interaction":{"idSuffix":"I"}},"wdio_ui5_key":"sapm.SearchField{\"placeholder\":\"Search\"}"}]}
RESULT: undefined
COMMAND: POST /session/fefae731ffe12f9640dd1679bcba6cb2/execute/async - {"script":"<script> [776 bytes]","args":[{"enterText":"10001013","selector":{"controlType":"sap.m.SearchField","properties":{"placeholder":"Search"},"searchOpenDialogs":true,"interaction":{"idSuffix":"I"}},"clearTextFirst":true,"interactionType":"ENTER_TEXT"}]}
RESULT: {"script":"<script> [776 bytes]","args":[{"enterText":"10001013","selector":{"controlType":"sap.m.SearchField","properties":{"placeholder":"Search"},"searchOpenDialogs":true,"interaction":{"idSuffix":"I"}},"clearTextFirst":true,"interactionType":"ENTER_TEXT"}]}
COMMAND: POST /session/fefae731ffe12f9640dd1679bcba6cb2/actions - {"actions":[{"id":"action1","type":"key","parameters":{},"actions":[{"type":"keyDown","value":"î€‡"},{"type":"pause","duration":10},{"type":"keyUp","value":"î€‡"}]}]}
RESULT: {"actions":[{"id":"action1","type":"key","parameters":{},"actions":[{"type":"keyDown","value":"î€‡"},{"type":"pause","duration":10},{"type":"keyUp","value":"î€‡"}]}]}
COMMAND: GET /session/fefae731ffe12f9640dd1679bcba6cb2/screenshot - {}
RESULT: {}
COMMAND: POST /session/fefae731ffe12f9640dd1679bcba6cb2/element - {"using":"xpath","value":"//span[contains(text(), \"General Management\")]"}
RESULT: {"using":"xpath","value":"//span[contains(text(), \"General Management\")]"}
COMMAND: POST /session/fefae731ffe12f9640dd1679bcba6cb2/element/f.260C0A6E86F32DC815D14290BCACE04C.d.7D78BBCF8A9A4B9AD2A2B641AE489302.e.764/click - {}
RESULT: {}
COMMAND: GET /session/fefae731ffe12f9640dd1679bcba6cb2/screenshot - {}
RESULT: {}
COMMAND: POST /session/fefae731ffe12f9640dd1679bcba6cb2/element - {"using":"xpath","value":"//bdi[contains(text(), \"OK\")]"}
RESULT: {"using":"xpath","value":"//bdi[contains(text(), \"OK\")]"}
COMMAND: POST /session/fefae731ffe12f9640dd1679bcba6cb2/element/f.260C0A6E86F32DC815D14290BCACE04C.d.7D78BBCF8A9A4B9AD2A2B641AE489302.e.765/click - {}
RESULT: {}
COMMAND: GET /session/fefae731ffe12f9640dd1679bcba6cb2/screenshot - {}
RESULT: {}
COMMAND: POST /session/fefae731ffe12f9640dd1679bcba6cb2/execute/async - {"script":"<script> [1562 bytes]","args":[{"selector":{"id":"application-manageyards-display-component---NewYard--addressEditDetailsCurrency-arrow"},"wdio_ui5_key":"applicationmanageyards-display-component---NewYard--addressEditDetailsCurrency-arrow"}]}
RESULT: {"script":"<script> [1562 bytes]","args":[{"selector":{"id":"application-manageyards-display-component---NewYard--addressEditDetailsCurrency-arrow"},"wdio_ui5_key":"applicationmanageyards-display-component---NewYard--addressEditDetailsCurrency-arrow"}]}
RESULT: undefined
COMMAND: POST /session/fefae731ffe12f9640dd1679bcba6cb2/element - {"using":"xpath","value":"//*[@id=\"application-manageyards-display-component---NewYard--addressEditDetailsCurrency-arrow\"]"}
RESULT: {"using":"xpath","value":"//*[@id=\"application-manageyards-display-component---NewYard--addressEditDetailsCurrency-arrow\"]"}
COMMAND: POST /session/fefae731ffe12f9640dd1679bcba6cb2/element/f.260C0A6E86F32DC815D14290BCACE04C.d.7D78BBCF8A9A4B9AD2A2B641AE489302.e.768/click - {}
RESULT: {}
COMMAND: POST /session/fefae731ffe12f9640dd1679bcba6cb2/element - {"using":"xpath","value":"//span[contains(text(), \"Euro\")]"}
COMMAND: GET /session/fefae731ffe12f9640dd1679bcba6cb2/screenshot - {}
RESULT: {"using":"xpath","value":"//span[contains(text(), \"Euro\")]"}
COMMAND: POST /session/fefae731ffe12f9640dd1679bcba6cb2/element/f.260C0A6E86F32DC815D14290BCACE04C.d.7D78BBCF8A9A4B9AD2A2B641AE489302.e.769/click - {}
RESULT: {}
RESULT: {}
COMMAND: POST /session/fefae731ffe12f9640dd1679bcba6cb2/execute/async - {"script":"<script> [1562 bytes]","args":[{"selector":{"controlType":"sap.m.Input","viewName":"etm.portal.ui.manageyards.view.New","viewId":"application-manageyards-display-component---NewYard","bindingPath":{"path":"","propertyPath":"/CONTROLLING_AREA","modelName":"NewYardModel"},"interaction":{"idSuffix":"inner"}},"wdio_ui5_key":"etmportal.ui.manageyards.view.Newsap.m.Input{\"path\":\"\",\"propertyPath\":\"/CONTROLLING_AREA\",\"modelName\":\"NewYardModel\"}"}]}
COMMAND: GET /session/fefae731ffe12f9640dd1679bcba6cb2/screenshot - {}
RESULT: {"script":"<script> [1562 bytes]","args":[{"selector":{"controlType":"sap.m.Input","viewName":"etm.portal.ui.manageyards.view.New","viewId":"application-manageyards-display-component---NewYard","bindingPath":{"path":"","propertyPath":"/CONTROLLING_AREA","modelName":"NewYardModel"},"interaction":{"idSuffix":"inner"}},"wdio_ui5_key":"etmportal.ui.manageyards.view.Newsap.m.Input{\"path\":\"\",\"propertyPath\":\"/CONTROLLING_AREA\",\"modelName\":\"NewYardModel\"}"}]}
RESULT: undefined
COMMAND: POST /session/fefae731ffe12f9640dd1679bcba6cb2/execute/async - {"script":"<script> [776 bytes]","args":[{"enterText":"Z001","selector":{"controlType":"sap.m.Input","viewName":"etm.portal.ui.manageyards.view.New","viewId":"application-manageyards-display-component---NewYard","bindingPath":{"path":"","propertyPath":"/CONTROLLING_AREA","modelName":"NewYardModel"},"interaction":{"idSuffix":"inner"}},"clearTextFirst":true,"interactionType":"ENTER_TEXT"}]}
RESULT: {}
RESULT: {"script":"<script> [776 bytes]","args":[{"enterText":"Z001","selector":{"controlType":"sap.m.Input","viewName":"etm.portal.ui.manageyards.view.New","viewId":"application-manageyards-display-component---NewYard","bindingPath":{"path":"","propertyPath":"/CONTROLLING_AREA","modelName":"NewYardModel"},"interaction":{"idSuffix":"inner"}},"clearTextFirst":true,"interactionType":"ENTER_TEXT"}]}
COMMAND: POST /session/fefae731ffe12f9640dd1679bcba6cb2/execute/async - {"script":"<script> [1562 bytes]","args":[{"selector":{"id":"application-manageyards-display-component---NewYard--companyCodeComboBox","interaction":{"idSuffix":"inner"}},"wdio_ui5_key":"applicationmanageyards-display-component---NewYard--companyCodeComboBox"}]}
RESULT: {"script":"<script> [1562 bytes]","args":[{"selector":{"id":"application-manageyards-display-component---NewYard--companyCodeComboBox","interaction":{"idSuffix":"inner"}},"wdio_ui5_key":"applicationmanageyards-display-component---NewYard--companyCodeComboBox"}]}
RESULT: undefined
COMMAND: POST /session/fefae731ffe12f9640dd1679bcba6cb2/execute/async - {"script":"<script> [776 bytes]","args":[{"enterText":"1000","selector":{"id":"application-manageyards-display-component---NewYard--companyCodeComboBox","interaction":{"idSuffix":"inner"}},"clearTextFirst":true,"interactionType":"ENTER_TEXT"}]}
RESULT: {"script":"<script> [776 bytes]","args":[{"enterText":"1000","selector":{"id":"application-manageyards-display-component---NewYard--companyCodeComboBox","interaction":{"idSuffix":"inner"}},"clearTextFirst":true,"interactionType":"ENTER_TEXT"}]}
COMMAND: POST /session/fefae731ffe12f9640dd1679bcba6cb2/execute/async - {"script":"<script> [1562 bytes]","args":[{"selector":{"controlType":"sap.m.Input","viewName":"etm.portal.ui.manageyards.view.New","viewId":"application-manageyards-display-component---NewYard","bindingPath":{"path":"","propertyPath":"/PLANT","modelName":"NewYardModel"},"interaction":{"idSuffix":"inner"}},"wdio_ui5_key":"etmportal.ui.manageyards.view.Newsap.m.Input{\"path\":\"\",\"propertyPath\":\"/PLANT\",\"modelName\":\"NewYardModel\"}"}]}
RESULT: {"script":"<script> [1562 bytes]","args":[{"selector":{"controlType":"sap.m.Input","viewName":"etm.portal.ui.manageyards.view.New","viewId":"application-manageyards-display-component---NewYard","bindingPath":{"path":"","propertyPath":"/PLANT","modelName":"NewYardModel"},"interaction":{"idSuffix":"inner"}},"wdio_ui5_key":"etmportal.ui.manageyards.view.Newsap.m.Input{\"path\":\"\",\"propertyPath\":\"/PLANT\",\"modelName\":\"NewYardModel\"}"}]}
RESULT: undefined
COMMAND: POST /session/fefae731ffe12f9640dd1679bcba6cb2/execute/async - {"script":"<script> [776 bytes]","args":[{"enterText":"1001","selector":{"controlType":"sap.m.Input","viewName":"etm.portal.ui.manageyards.view.New","viewId":"application-manageyards-display-component---NewYard","bindingPath":{"path":"","propertyPath":"/PLANT","modelName":"NewYardModel"},"interaction":{"idSuffix":"inner"}},"clearTextFirst":true,"interactionType":"ENTER_TEXT"}]}
RESULT: {"script":"<script> [776 bytes]","args":[{"enterText":"1001","selector":{"controlType":"sap.m.Input","viewName":"etm.portal.ui.manageyards.view.New","viewId":"application-manageyards-display-component---NewYard","bindingPath":{"path":"","propertyPath":"/PLANT","modelName":"NewYardModel"},"interaction":{"idSuffix":"inner"}},"clearTextFirst":true,"interactionType":"ENTER_TEXT"}]}
COMMAND: POST /session/fefae731ffe12f9640dd1679bcba6cb2/execute/async - {"script":"<script> [1562 bytes]","args":[{"selector":{"controlType":"sap.m.Input","viewName":"etm.portal.ui.manageyards.view.New","viewId":"application-manageyards-display-component---NewYard","bindingPath":{"path":"","propertyPath":"/SALES_AREA_VKORG","modelName":"NewYardModel"},"interaction":{"idSuffix":"inner"}},"wdio_ui5_key":"etmportal.ui.manageyards.view.Newsap.m.Input{\"path\":\"\",\"propertyPath\":\"/SALES_AREA_VKORG\",\"modelName\":\"NewYardModel\"}"}]}
RESULT: {"script":"<script> [1562 bytes]","args":[{"selector":{"controlType":"sap.m.Input","viewName":"etm.portal.ui.manageyards.view.New","viewId":"application-manageyards-display-component---NewYard","bindingPath":{"path":"","propertyPath":"/SALES_AREA_VKORG","modelName":"NewYardModel"},"interaction":{"idSuffix":"inner"}},"wdio_ui5_key":"etmportal.ui.manageyards.view.Newsap.m.Input{\"path\":\"\",\"propertyPath\":\"/SALES_AREA_VKORG\",\"modelName\":\"NewYardModel\"}"}]}
RESULT: undefined
COMMAND: POST /session/fefae731ffe12f9640dd1679bcba6cb2/execute/async - {"script":"<script> [776 bytes]","args":[{"enterText":"C002","selector":{"controlType":"sap.m.Input","viewName":"etm.portal.ui.manageyards.view.New","viewId":"application-manageyards-display-component---NewYard","bindingPath":{"path":"","propertyPath":"/SALES_AREA_VKORG","modelName":"NewYardModel"},"interaction":{"idSuffix":"inner"}},"clearTextFirst":true,"interactionType":"ENTER_TEXT"}]}
RESULT: {"script":"<script> [776 bytes]","args":[{"enterText":"C002","selector":{"controlType":"sap.m.Input","viewName":"etm.portal.ui.manageyards.view.New","viewId":"application-manageyards-display-component---NewYard","bindingPath":{"path":"","propertyPath":"/SALES_AREA_VKORG","modelName":"NewYardModel"},"interaction":{"idSuffix":"inner"}},"clearTextFirst":true,"interactionType":"ENTER_TEXT"}]}
COMMAND: POST /session/fefae731ffe12f9640dd1679bcba6cb2/execute/async - {"script":"<script> [1562 bytes]","args":[{"selector":{"controlType":"sap.m.Input","viewName":"etm.portal.ui.manageyards.view.New","viewId":"application-manageyards-display-component---NewYard","bindingPath":{"path":"","propertyPath":"/SALES_AREA_VTWEG","modelName":"NewYardModel"},"interaction":{"idSuffix":"inner"}},"wdio_ui5_key":"etmportal.ui.manageyards.view.Newsap.m.Input{\"path\":\"\",\"propertyPath\":\"/SALES_AREA_VTWEG\",\"modelName\":\"NewYardModel\"}"}]}
RESULT: {"script":"<script> [1562 bytes]","args":[{"selector":{"controlType":"sap.m.Input","viewName":"etm.portal.ui.manageyards.view.New","viewId":"application-manageyards-display-component---NewYard","bindingPath":{"path":"","propertyPath":"/SALES_AREA_VTWEG","modelName":"NewYardModel"},"interaction":{"idSuffix":"inner"}},"wdio_ui5_key":"etmportal.ui.manageyards.view.Newsap.m.Input{\"path\":\"\",\"propertyPath\":\"/SALES_AREA_VTWEG\",\"modelName\":\"NewYardModel\"}"}]}
RESULT: undefined
COMMAND: POST /session/fefae731ffe12f9640dd1679bcba6cb2/execute/async - {"script":"<script> [776 bytes]","args":[{"enterText":"C2","selector":{"controlType":"sap.m.Input","viewName":"etm.portal.ui.manageyards.view.New","viewId":"application-manageyards-display-component---NewYard","bindingPath":{"path":"","propertyPath":"/SALES_AREA_VTWEG","modelName":"NewYardModel"},"interaction":{"idSuffix":"inner"}},"clearTextFirst":true,"interactionType":"ENTER_TEXT"}]}
RESULT: {"script":"<script> [776 bytes]","args":[{"enterText":"C2","selector":{"controlType":"sap.m.Input","viewName":"etm.portal.ui.manageyards.view.New","viewId":"application-manageyards-display-component---NewYard","bindingPath":{"path":"","propertyPath":"/SALES_AREA_VTWEG","modelName":"NewYardModel"},"interaction":{"idSuffix":"inner"}},"clearTextFirst":true,"interactionType":"ENTER_TEXT"}]}
COMMAND: POST /session/fefae731ffe12f9640dd1679bcba6cb2/execute/async - {"script":"<script> [1562 bytes]","args":[{"selector":{"controlType":"sap.m.Input","viewName":"etm.portal.ui.manageyards.view.New","viewId":"application-manageyards-display-component---NewYard","bindingPath":{"path":"","propertyPath":"/SALES_AREA_SPART","modelName":"NewYardModel"},"interaction":{"idSuffix":"inner"}},"wdio_ui5_key":"etmportal.ui.manageyards.view.Newsap.m.Input{\"path\":\"\",\"propertyPath\":\"/SALES_AREA_SPART\",\"modelName\":\"NewYardModel\"}"}]}
RESULT: {"script":"<script> [1562 bytes]","args":[{"selector":{"controlType":"sap.m.Input","viewName":"etm.portal.ui.manageyards.view.New","viewId":"application-manageyards-display-component---NewYard","bindingPath":{"path":"","propertyPath":"/SALES_AREA_SPART","modelName":"NewYardModel"},"interaction":{"idSuffix":"inner"}},"wdio_ui5_key":"etmportal.ui.manageyards.view.Newsap.m.Input{\"path\":\"\",\"propertyPath\":\"/SALES_AREA_SPART\",\"modelName\":\"NewYardModel\"}"}]}
RESULT: undefined
COMMAND: POST /session/fefae731ffe12f9640dd1679bcba6cb2/execute/async - {"script":"<script> [776 bytes]","args":[{"enterText":"C2","selector":{"controlType":"sap.m.Input","viewName":"etm.portal.ui.manageyards.view.New","viewId":"application-manageyards-display-component---NewYard","bindingPath":{"path":"","propertyPath":"/SALES_AREA_SPART","modelName":"NewYardModel"},"interaction":{"idSuffix":"inner"}},"clearTextFirst":true,"interactionType":"ENTER_TEXT"}]}
RESULT: {"script":"<script> [776 bytes]","args":[{"enterText":"C2","selector":{"controlType":"sap.m.Input","viewName":"etm.portal.ui.manageyards.view.New","viewId":"application-manageyards-display-component---NewYard","bindingPath":{"path":"","propertyPath":"/SALES_AREA_SPART","modelName":"NewYardModel"},"interaction":{"idSuffix":"inner"}},"clearTextFirst":true,"interactionType":"ENTER_TEXT"}]}
COMMAND: POST /session/fefae731ffe12f9640dd1679bcba6cb2/execute/async - {"script":"<script> [1562 bytes]","args":[{"selector":{"controlType":"sap.m.Input","viewName":"etm.portal.ui.manageyards.view.New","viewId":"application-manageyards-display-component---NewYard","bindingPath":{"path":"","propertyPath":"/SHIP_POINT","modelName":"NewYardModel"},"interaction":{"idSuffix":"inner"}},"wdio_ui5_key":"etmportal.ui.manageyards.view.Newsap.m.Input{\"path\":\"\",\"propertyPath\":\"/SHIP_POINT\",\"modelName\":\"NewYardModel\"}"}]}
RESULT: {"script":"<script> [1562 bytes]","args":[{"selector":{"controlType":"sap.m.Input","viewName":"etm.portal.ui.manageyards.view.New","viewId":"application-manageyards-display-component---NewYard","bindingPath":{"path":"","propertyPath":"/SHIP_POINT","modelName":"NewYardModel"},"interaction":{"idSuffix":"inner"}},"wdio_ui5_key":"etmportal.ui.manageyards.view.Newsap.m.Input{\"path\":\"\",\"propertyPath\":\"/SHIP_POINT\",\"modelName\":\"NewYardModel\"}"}]}
RESULT: undefined
COMMAND: POST /session/fefae731ffe12f9640dd1679bcba6cb2/execute/async - {"script":"<script> [776 bytes]","args":[{"enterText":"1710","selector":{"controlType":"sap.m.Input","viewName":"etm.portal.ui.manageyards.view.New","viewId":"application-manageyards-display-component---NewYard","bindingPath":{"path":"","propertyPath":"/SHIP_POINT","modelName":"NewYardModel"},"interaction":{"idSuffix":"inner"}},"clearTextFirst":true,"interactionType":"ENTER_TEXT"}]}
RESULT: {"script":"<script> [776 bytes]","args":[{"enterText":"1710","selector":{"controlType":"sap.m.Input","viewName":"etm.portal.ui.manageyards.view.New","viewId":"application-manageyards-display-component---NewYard","bindingPath":{"path":"","propertyPath":"/SHIP_POINT","modelName":"NewYardModel"},"interaction":{"idSuffix":"inner"}},"clearTextFirst":true,"interactionType":"ENTER_TEXT"}]}
COMMAND: POST /session/fefae731ffe12f9640dd1679bcba6cb2/execute/async - {"script":"<script> [1562 bytes]","args":[{"selector":{"controlType":"sap.m.Input","viewName":"etm.portal.ui.manageyards.view.New","viewId":"application-manageyards-display-component---NewYard","bindingPath":{"path":"","propertyPath":"/DELIVERY_TYPE","modelName":"NewYardModel"},"interaction":{"idSuffix":"inner"}},"wdio_ui5_key":"etmportal.ui.manageyards.view.Newsap.m.Input{\"path\":\"\",\"propertyPath\":\"/DELIVERY_TYPE\",\"modelName\":\"NewYardModel\"}"}]}
RESULT: {"script":"<script> [1562 bytes]","args":[{"selector":{"controlType":"sap.m.Input","viewName":"etm.portal.ui.manageyards.view.New","viewId":"application-manageyards-display-component---NewYard","bindingPath":{"path":"","propertyPath":"/DELIVERY_TYPE","modelName":"NewYardModel"},"interaction":{"idSuffix":"inner"}},"wdio_ui5_key":"etmportal.ui.manageyards.view.Newsap.m.Input{\"path\":\"\",\"propertyPath\":\"/DELIVERY_TYPE\",\"modelName\":\"NewYardModel\"}"}]}
RESULT: undefined
COMMAND: POST /session/fefae731ffe12f9640dd1679bcba6cb2/execute/async - {"script":"<script> [776 bytes]","args":[{"enterText":"ZL01","selector":{"controlType":"sap.m.Input","viewName":"etm.portal.ui.manageyards.view.New","viewId":"application-manageyards-display-component---NewYard","bindingPath":{"path":"","propertyPath":"/DELIVERY_TYPE","modelName":"NewYardModel"},"interaction":{"idSuffix":"inner"}},"clearTextFirst":true,"interactionType":"ENTER_TEXT"}]}
RESULT: {"script":"<script> [776 bytes]","args":[{"enterText":"ZL01","selector":{"controlType":"sap.m.Input","viewName":"etm.portal.ui.manageyards.view.New","viewId":"application-manageyards-display-component---NewYard","bindingPath":{"path":"","propertyPath":"/DELIVERY_TYPE","modelName":"NewYardModel"},"interaction":{"idSuffix":"inner"}},"clearTextFirst":true,"interactionType":"ENTER_TEXT"}]}
COMMAND: POST /session/fefae731ffe12f9640dd1679bcba6cb2/execute/async - {"script":"<script> [1562 bytes]","args":[{"selector":{"controlType":"sap.m.Input","viewName":"etm.portal.ui.manageyards.view.New","viewId":"application-manageyards-display-component---NewYard","bindingPath":{"path":"","propertyPath":"/AUART","modelName":"NewYardModel"},"interaction":{"idSuffix":"inner"}},"wdio_ui5_key":"etmportal.ui.manageyards.view.Newsap.m.Input{\"path\":\"\",\"propertyPath\":\"/AUART\",\"modelName\":\"NewYardModel\"}"}]}
RESULT: {"script":"<script> [1562 bytes]","args":[{"selector":{"controlType":"sap.m.Input","viewName":"etm.portal.ui.manageyards.view.New","viewId":"application-manageyards-display-component---NewYard","bindingPath":{"path":"","propertyPath":"/AUART","modelName":"NewYardModel"},"interaction":{"idSuffix":"inner"}},"wdio_ui5_key":"etmportal.ui.manageyards.view.Newsap.m.Input{\"path\":\"\",\"propertyPath\":\"/AUART\",\"modelName\":\"NewYardModel\"}"}]}
RESULT: undefined
COMMAND: POST /session/fefae731ffe12f9640dd1679bcba6cb2/execute/async - {"script":"<script> [776 bytes]","args":[{"enterText":"TA","selector":{"controlType":"sap.m.Input","viewName":"etm.portal.ui.manageyards.view.New","viewId":"application-manageyards-display-component---NewYard","bindingPath":{"path":"","propertyPath":"/AUART","modelName":"NewYardModel"},"interaction":{"idSuffix":"inner"}},"clearTextFirst":true,"interactionType":"ENTER_TEXT"}]}
RESULT: {"script":"<script> [776 bytes]","args":[{"enterText":"TA","selector":{"controlType":"sap.m.Input","viewName":"etm.portal.ui.manageyards.view.New","viewId":"application-manageyards-display-component---NewYard","bindingPath":{"path":"","propertyPath":"/AUART","modelName":"NewYardModel"},"interaction":{"idSuffix":"inner"}},"clearTextFirst":true,"interactionType":"ENTER_TEXT"}]}
COMMAND: POST /session/fefae731ffe12f9640dd1679bcba6cb2/execute/async - {"script":"<script> [1562 bytes]","args":[{"selector":{"id":"application-manageyards-display-component---NewYard--whmCheckBox","interaction":{"idSuffix":"CbBg"}},"wdio_ui5_key":"applicationmanageyards-display-component---NewYard--whmCheckBox"}]}
RESULT: {"script":"<script> [1562 bytes]","args":[{"selector":{"id":"application-manageyards-display-component---NewYard--whmCheckBox","interaction":{"idSuffix":"CbBg"}},"wdio_ui5_key":"applicationmanageyards-display-component---NewYard--whmCheckBox"}]}
RESULT: undefined
COMMAND: POST /session/fefae731ffe12f9640dd1679bcba6cb2/element - {"using":"xpath","value":"//*[@id=\"application-manageyards-display-component---NewYard--whmCheckBox\"]"}
RESULT: {"using":"xpath","value":"//*[@id=\"application-manageyards-display-component---NewYard--whmCheckBox\"]"}
COMMAND: POST /session/fefae731ffe12f9640dd1679bcba6cb2/element/f.260C0A6E86F32DC815D14290BCACE04C.d.7D78BBCF8A9A4B9AD2A2B641AE489302.e.789/click - {}
RESULT: {}
COMMAND: GET /session/fefae731ffe12f9640dd1679bcba6cb2/screenshot - {}
RESULT: {}
COMMAND: POST /session/fefae731ffe12f9640dd1679bcba6cb2/element - {"using":"xpath","value":"//button[@data-kt=\"newYardSaveButton\"]"}
RESULT: {"using":"xpath","value":"//button[@data-kt=\"newYardSaveButton\"]"}
COMMAND: POST /session/fefae731ffe12f9640dd1679bcba6cb2/element/f.260C0A6E86F32DC815D14290BCACE04C.d.7D78BBCF8A9A4B9AD2A2B641AE489302.e.645/click - {}
RESULT: {}
COMMAND: GET /session/fefae731ffe12f9640dd1679bcba6cb2/screenshot - {}
RESULT: {}
COMMAND: POST /session/fefae731ffe12f9640dd1679bcba6cb2/element - {"using":"xpath","value":"//header[contains(@id, 'ObjectPageLayout-headerTitle')]/div[1]/div[2]/div[1]/span[1]"}
RESULT: {"using":"xpath","value":"//header[contains(@id, 'ObjectPageLayout-headerTitle')]/div[1]/div[2]/div[1]/span[1]"}
COMMAND: POST /session/fefae731ffe12f9640dd1679bcba6cb2/elements - {"using":"xpath","value":"//header[contains(@id, 'ObjectPageLayout-headerTitle')]/div[1]/div[2]/div[1]/span[1]"}
RESULT: {"using":"xpath","value":"//header[contains(@id, 'ObjectPageLayout-headerTitle')]/div[1]/div[2]/div[1]/span[1]"}
COMMAND: POST /session/fefae731ffe12f9640dd1679bcba6cb2/execute/sync - {"script":"<script> [56 bytes]","args":[{"element-6066-11e4-a52e-4f735466cecf":"f.260C0A6E86F32DC815D14290BCACE04C.d.7D78BBCF8A9A4B9AD2A2B641AE489302.e.993","ELEMENT":"f.260C0A6E86F32DC815D14290BCACE04C.d.7D78BBCF8A9A4B9AD2A2B641AE489302.e.993"}]}
RESULT: {"script":"<script> [56 bytes]","args":[{"element-6066-11e4-a52e-4f735466cecf":"f.260C0A6E86F32DC815D14290BCACE04C.d.7D78BBCF8A9A4B9AD2A2B641AE489302.e.993","ELEMENT":"f.260C0A6E86F32DC815D14290BCACE04C.d.7D78BBCF8A9A4B9AD2A2B641AE489302.e.993"}]}
COMMAND: GET /session/fefae731ffe12f9640dd1679bcba6cb2/screenshot - {}
RESULT: {}
COMMAND: POST /session/fefae731ffe12f9640dd1679bcba6cb2/element - {"using":"css selector","value":"#shell-header-logo"}
RESULT: {"using":"css selector","value":"#shell-header-logo"}
COMMAND: POST /session/fefae731ffe12f9640dd1679bcba6cb2/element/f.260C0A6E86F32DC815D14290BCACE04C.d.7D78BBCF8A9A4B9AD2A2B641AE489302.e.237/click - {}
RESULT: {}
COMMAND: GET /session/fefae731ffe12f9640dd1679bcba6cb2/screenshot - {}
RESULT: {}
COMMAND: POST /session/fefae731ffe12f9640dd1679bcba6cb2/execute/sync - {"script":"<script> [299 bytes]","args":[["getModel","getResource"]]}
RESULT: {"script":"<script> [299 bytes]","args":[["getModel","getResource"]]}
]]></system-out>
    </testcase>
    <testcase classname="chrome.136_0_7103_49.windows.Stock_increase_-_with_WHM_US125587" name="Should create a new external WHM partner" time="96.805">
      <system-out><![CDATA[
COMMAND: POST /session/fefae731ffe12f9640dd1679bcba6cb2/window/fullscreen - {}
COMMAND: GET /session/fefae731ffe12f9640dd1679bcba6cb2/screenshot - {}
RESULT: {}
COMMAND: POST /session/fefae731ffe12f9640dd1679bcba6cb2/execute/async - {"script":"<script> [1562 bytes]","args":[{"selector":{"controlType":"sap.m.GenericTile","properties":{"header":"Manage Partners"}},"wdio_ui5_key":"sapm.GenericTile{\"header\":\"Manage Partners\"}"}]}
RESULT: {}
RESULT: {"script":"<script> [1562 bytes]","args":[{"selector":{"controlType":"sap.m.GenericTile","properties":{"header":"Manage Partners"}},"wdio_ui5_key":"sapm.GenericTile{\"header\":\"Manage Partners\"}"}]}
RESULT: undefined
COMMAND: POST /session/fefae731ffe12f9640dd1679bcba6cb2/element - {"using":"xpath","value":"//*[@id=\"__tile38\"]"}
RESULT: {"using":"xpath","value":"//*[@id=\"__tile38\"]"}
COMMAND: POST /session/fefae731ffe12f9640dd1679bcba6cb2/element/f.260C0A6E86F32DC815D14290BCACE04C.d.7D78BBCF8A9A4B9AD2A2B641AE489302.e.123/click - {}
RESULT: {}
COMMAND: POST /session/fefae731ffe12f9640dd1679bcba6cb2/element - {"using":"xpath","value":"//button[@data-kt=\"addButton\"]"}
COMMAND: GET /session/fefae731ffe12f9640dd1679bcba6cb2/screenshot - {}
RESULT: {"using":"xpath","value":"//button[@data-kt=\"addButton\"]"}
COMMAND: POST /session/fefae731ffe12f9640dd1679bcba6cb2/elements - {"using":"xpath","value":"//button[@data-kt=\"addButton\"]"}
RESULT: {}
RESULT: {"using":"xpath","value":"//button[@data-kt=\"addButton\"]"}
COMMAND: POST /session/fefae731ffe12f9640dd1679bcba6cb2/elements - {"using":"xpath","value":"//button[@data-kt=\"addButton\"]"}
RESULT: {"using":"xpath","value":"//button[@data-kt=\"addButton\"]"}
COMMAND: POST /session/fefae731ffe12f9640dd1679bcba6cb2/elements - {"using":"xpath","value":"//button[@data-kt=\"addButton\"]"}
RESULT: {"using":"xpath","value":"//button[@data-kt=\"addButton\"]"}
COMMAND: POST /session/fefae731ffe12f9640dd1679bcba6cb2/elements - {"using":"xpath","value":"//button[@data-kt=\"addButton\"]"}
RESULT: {"using":"xpath","value":"//button[@data-kt=\"addButton\"]"}
COMMAND: POST /session/fefae731ffe12f9640dd1679bcba6cb2/elements - {"using":"xpath","value":"//button[@data-kt=\"addButton\"]"}
RESULT: {"using":"xpath","value":"//button[@data-kt=\"addButton\"]"}
COMMAND: POST /session/fefae731ffe12f9640dd1679bcba6cb2/elements - {"using":"xpath","value":"//button[@data-kt=\"addButton\"]"}
RESULT: {"using":"xpath","value":"//button[@data-kt=\"addButton\"]"}
COMMAND: POST /session/fefae731ffe12f9640dd1679bcba6cb2/element - {"using":"xpath","value":"//button[@data-kt=\"addButton\"]"}
RESULT: {"using":"xpath","value":"//button[@data-kt=\"addButton\"]"}
COMMAND: POST /session/fefae731ffe12f9640dd1679bcba6cb2/execute/sync - {"script":"<script> [8489 bytes]","args":[{"element-6066-11e4-a52e-4f735466cecf":"f.260C0A6E86F32DC815D14290BCACE04C.d.7D78BBCF8A9A4B9AD2A2B641AE489302.e.1042","ELEMENT":"f.260C0A6E86F32DC815D14290BCACE04C.d.7D78BBCF8A9A4B9AD2A2B641AE489302.e.1042"}]}
RESULT: {"script":"<script> [8489 bytes]","args":[{"element-6066-11e4-a52e-4f735466cecf":"f.260C0A6E86F32DC815D14290BCACE04C.d.7D78BBCF8A9A4B9AD2A2B641AE489302.e.1042","ELEMENT":"f.260C0A6E86F32DC815D14290BCACE04C.d.7D78BBCF8A9A4B9AD2A2B641AE489302.e.1042"}]}
COMMAND: GET /session/fefae731ffe12f9640dd1679bcba6cb2/element/f.260C0A6E86F32DC815D14290BCACE04C.d.7D78BBCF8A9A4B9AD2A2B641AE489302.e.1042/enabled - {}
COMMAND: GET /session/fefae731ffe12f9640dd1679bcba6cb2/screenshot - {}
RESULT: {}
COMMAND: POST /session/fefae731ffe12f9640dd1679bcba6cb2/execute/sync - {"script":"<script> [8489 bytes]","args":[{"element-6066-11e4-a52e-4f735466cecf":"f.260C0A6E86F32DC815D14290BCACE04C.d.7D78BBCF8A9A4B9AD2A2B641AE489302.e.1042","ELEMENT":"f.260C0A6E86F32DC815D14290BCACE04C.d.7D78BBCF8A9A4B9AD2A2B641AE489302.e.1042"}]}
COMMAND: GET /session/fefae731ffe12f9640dd1679bcba6cb2/screenshot - {}
RESULT: {}
RESULT: {"script":"<script> [8489 bytes]","args":[{"element-6066-11e4-a52e-4f735466cecf":"f.260C0A6E86F32DC815D14290BCACE04C.d.7D78BBCF8A9A4B9AD2A2B641AE489302.e.1042","ELEMENT":"f.260C0A6E86F32DC815D14290BCACE04C.d.7D78BBCF8A9A4B9AD2A2B641AE489302.e.1042"}]}
COMMAND: POST /session/fefae731ffe12f9640dd1679bcba6cb2/execute/sync - {"script":"<script> [5351 bytes]","args":[{"element-6066-11e4-a52e-4f735466cecf":"f.260C0A6E86F32DC815D14290BCACE04C.d.7D78BBCF8A9A4B9AD2A2B641AE489302.e.1042","ELEMENT":"f.260C0A6E86F32DC815D14290BCACE04C.d.7D78BBCF8A9A4B9AD2A2B641AE489302.e.1042"}]}
COMMAND: GET /session/fefae731ffe12f9640dd1679bcba6cb2/screenshot - {}
RESULT: {}
RESULT: {"script":"<script> [5351 bytes]","args":[{"element-6066-11e4-a52e-4f735466cecf":"f.260C0A6E86F32DC815D14290BCACE04C.d.7D78BBCF8A9A4B9AD2A2B641AE489302.e.1042","ELEMENT":"f.260C0A6E86F32DC815D14290BCACE04C.d.7D78BBCF8A9A4B9AD2A2B641AE489302.e.1042"}]}
COMMAND: POST /session/fefae731ffe12f9640dd1679bcba6cb2/element/f.260C0A6E86F32DC815D14290BCACE04C.d.7D78BBCF8A9A4B9AD2A2B641AE489302.e.1042/click - {}
COMMAND: GET /session/fefae731ffe12f9640dd1679bcba6cb2/screenshot - {}
RESULT: {}
RESULT: {}
COMMAND: GET /session/fefae731ffe12f9640dd1679bcba6cb2/screenshot - {}
COMMAND: POST /session/fefae731ffe12f9640dd1679bcba6cb2/execute/async - {"script":"<script> [1562 bytes]","args":[{"selector":{"id":"application-managepartners-display-component---NewPartner--addressDetailDetailsName1","interaction":{"idSuffix":"inner"}},"wdio_ui5_key":"applicationmanagepartners-display-component---NewPartner--addressDetailDetailsName1"}]}
RESULT: {}
RESULT: {}
RESULT: {"script":"<script> [1562 bytes]","args":[{"selector":{"id":"application-managepartners-display-component---NewPartner--addressDetailDetailsName1","interaction":{"idSuffix":"inner"}},"wdio_ui5_key":"applicationmanagepartners-display-component---NewPartner--addressDetailDetailsName1"}]}
RESULT: undefined
COMMAND: POST /session/fefae731ffe12f9640dd1679bcba6cb2/execute/async - {"script":"<script> [776 bytes]","args":[{"enterText":"External Partner WDIO","selector":{"id":"application-managepartners-display-component---NewPartner--addressDetailDetailsName1","interaction":{"idSuffix":"inner"}},"clearTextFirst":true,"interactionType":"ENTER_TEXT"}]}
RESULT: {"script":"<script> [776 bytes]","args":[{"enterText":"External Partner WDIO","selector":{"id":"application-managepartners-display-component---NewPartner--addressDetailDetailsName1","interaction":{"idSuffix":"inner"}},"clearTextFirst":true,"interactionType":"ENTER_TEXT"}]}
COMMAND: POST /session/fefae731ffe12f9640dd1679bcba6cb2/execute/async - {"script":"<script> [1562 bytes]","args":[{"selector":{"id":"application-managepartners-display-component---NewPartner--addressDetailDetailsLanguage-arrow"},"wdio_ui5_key":"applicationmanagepartners-display-component---NewPartner--addressDetailDetailsLanguage-arrow"}]}
RESULT: {"script":"<script> [1562 bytes]","args":[{"selector":{"id":"application-managepartners-display-component---NewPartner--addressDetailDetailsLanguage-arrow"},"wdio_ui5_key":"applicationmanagepartners-display-component---NewPartner--addressDetailDetailsLanguage-arrow"}]}
RESULT: undefined
COMMAND: POST /session/fefae731ffe12f9640dd1679bcba6cb2/element - {"using":"xpath","value":"//*[@id=\"application-managepartners-display-component---NewPartner--addressDetailDetailsLanguage-arrow\"]"}
RESULT: {"using":"xpath","value":"//*[@id=\"application-managepartners-display-component---NewPartner--addressDetailDetailsLanguage-arrow\"]"}
COMMAND: POST /session/fefae731ffe12f9640dd1679bcba6cb2/element/f.260C0A6E86F32DC815D14290BCACE04C.d.7D78BBCF8A9A4B9AD2A2B641AE489302.e.1475/click - {}
RESULT: {}
COMMAND: POST /session/fefae731ffe12f9640dd1679bcba6cb2/element - {"using":"xpath","value":"//span[contains(text(), \"English\")]"}
COMMAND: GET /session/fefae731ffe12f9640dd1679bcba6cb2/screenshot - {}
RESULT: {"using":"xpath","value":"//span[contains(text(), \"English\")]"}
COMMAND: POST /session/fefae731ffe12f9640dd1679bcba6cb2/element/f.260C0A6E86F32DC815D14290BCACE04C.d.7D78BBCF8A9A4B9AD2A2B641AE489302.e.1476/click - {}
RESULT: {}
RESULT: {}
COMMAND: GET /session/fefae731ffe12f9640dd1679bcba6cb2/screenshot - {}
RESULT: {}
COMMAND: POST /session/fefae731ffe12f9640dd1679bcba6cb2/execute/async - {"script":"<script> [1562 bytes]","args":[{"selector":{"id":"application-managepartners-display-component---NewPartner--addressDetailDetailsCity1","interaction":{"idSuffix":"inner"}},"wdio_ui5_key":"applicationmanagepartners-display-component---NewPartner--addressDetailDetailsCity1"}]}
RESULT: {"script":"<script> [1562 bytes]","args":[{"selector":{"id":"application-managepartners-display-component---NewPartner--addressDetailDetailsCity1","interaction":{"idSuffix":"inner"}},"wdio_ui5_key":"applicationmanagepartners-display-component---NewPartner--addressDetailDetailsCity1"}]}
RESULT: undefined
COMMAND: POST /session/fefae731ffe12f9640dd1679bcba6cb2/execute/async - {"script":"<script> [776 bytes]","args":[{"enterText":"Rosario","selector":{"id":"application-managepartners-display-component---NewPartner--addressDetailDetailsCity1","interaction":{"idSuffix":"inner"}},"clearTextFirst":true,"interactionType":"ENTER_TEXT"}]}
RESULT: {"script":"<script> [776 bytes]","args":[{"enterText":"Rosario","selector":{"id":"application-managepartners-display-component---NewPartner--addressDetailDetailsCity1","interaction":{"idSuffix":"inner"}},"clearTextFirst":true,"interactionType":"ENTER_TEXT"}]}
COMMAND: POST /session/fefae731ffe12f9640dd1679bcba6cb2/execute/async - {"script":"<script> [1562 bytes]","args":[{"selector":{"id":"application-managepartners-display-component---NewPartner--addressDetailDetailsCountry-arrow"},"wdio_ui5_key":"applicationmanagepartners-display-component---NewPartner--addressDetailDetailsCountry-arrow"}]}
RESULT: {"script":"<script> [1562 bytes]","args":[{"selector":{"id":"application-managepartners-display-component---NewPartner--addressDetailDetailsCountry-arrow"},"wdio_ui5_key":"applicationmanagepartners-display-component---NewPartner--addressDetailDetailsCountry-arrow"}]}
RESULT: undefined
COMMAND: POST /session/fefae731ffe12f9640dd1679bcba6cb2/element - {"using":"xpath","value":"//*[@id=\"application-managepartners-display-component---NewPartner--addressDetailDetailsCountry-arrow\"]"}
RESULT: {"using":"xpath","value":"//*[@id=\"application-managepartners-display-component---NewPartner--addressDetailDetailsCountry-arrow\"]"}
COMMAND: POST /session/fefae731ffe12f9640dd1679bcba6cb2/element/f.260C0A6E86F32DC815D14290BCACE04C.d.7D78BBCF8A9A4B9AD2A2B641AE489302.e.1294/click - {}
RESULT: {}
COMMAND: POST /session/fefae731ffe12f9640dd1679bcba6cb2/element - {"using":"xpath","value":"//span[contains(text(), \"Argentina\")]"}
COMMAND: GET /session/fefae731ffe12f9640dd1679bcba6cb2/screenshot - {}
RESULT: {"using":"xpath","value":"//span[contains(text(), \"Argentina\")]"}
COMMAND: POST /session/fefae731ffe12f9640dd1679bcba6cb2/element/f.260C0A6E86F32DC815D14290BCACE04C.d.7D78BBCF8A9A4B9AD2A2B641AE489302.e.1478/click - {}
RESULT: {}
RESULT: {}
COMMAND: GET /session/fefae731ffe12f9640dd1679bcba6cb2/screenshot - {}
RESULT: {}
COMMAND: POST /session/fefae731ffe12f9640dd1679bcba6cb2/element - {"using":"xpath","value":"//bdi[contains(text(), \"Commercial\")]"}
RESULT: {"using":"xpath","value":"//bdi[contains(text(), \"Commercial\")]"}
COMMAND: POST /session/fefae731ffe12f9640dd1679bcba6cb2/element/f.260C0A6E86F32DC815D14290BCACE04C.d.7D78BBCF8A9A4B9AD2A2B641AE489302.e.1479/click - {}
RESULT: {}
COMMAND: GET /session/fefae731ffe12f9640dd1679bcba6cb2/screenshot - {}
RESULT: {}
COMMAND: POST /session/fefae731ffe12f9640dd1679bcba6cb2/execute/async - {"script":"<script> [1562 bytes]","args":[{"selector":{"id":"application-managepartners-display-component---NewPartner--partnerDetailInternal-arrow"},"wdio_ui5_key":"applicationmanagepartners-display-component---NewPartner--partnerDetailInternal-arrow"}]}
RESULT: {"script":"<script> [1562 bytes]","args":[{"selector":{"id":"application-managepartners-display-component---NewPartner--partnerDetailInternal-arrow"},"wdio_ui5_key":"applicationmanagepartners-display-component---NewPartner--partnerDetailInternal-arrow"}]}
RESULT: undefined
COMMAND: POST /session/fefae731ffe12f9640dd1679bcba6cb2/element - {"using":"xpath","value":"//*[@id=\"application-managepartners-display-component---NewPartner--partnerDetailInternal-arrow\"]"}
RESULT: {"using":"xpath","value":"//*[@id=\"application-managepartners-display-component---NewPartner--partnerDetailInternal-arrow\"]"}
COMMAND: POST /session/fefae731ffe12f9640dd1679bcba6cb2/element/f.260C0A6E86F32DC815D14290BCACE04C.d.7D78BBCF8A9A4B9AD2A2B641AE489302.e.1485/click - {}
RESULT: {}
COMMAND: POST /session/fefae731ffe12f9640dd1679bcba6cb2/element - {"using":"xpath","value":"//span[contains(text(), \"External partner\")]"}
COMMAND: GET /session/fefae731ffe12f9640dd1679bcba6cb2/screenshot - {}
RESULT: {"using":"xpath","value":"//span[contains(text(), \"External partner\")]"}
COMMAND: POST /session/fefae731ffe12f9640dd1679bcba6cb2/element/f.260C0A6E86F32DC815D14290BCACE04C.d.7D78BBCF8A9A4B9AD2A2B641AE489302.e.1486/click - {}
RESULT: {}
RESULT: {}
COMMAND: POST /session/fefae731ffe12f9640dd1679bcba6cb2/execute/async - {"script":"<script> [1562 bytes]","args":[{"selector":{"id":"application-managepartners-display-component---NewPartner--partnerDetailsCurrency-arrow"},"wdio_ui5_key":"applicationmanagepartners-display-component---NewPartner--partnerDetailsCurrency-arrow"}]}
COMMAND: GET /session/fefae731ffe12f9640dd1679bcba6cb2/screenshot - {}
RESULT: {"script":"<script> [1562 bytes]","args":[{"selector":{"id":"application-managepartners-display-component---NewPartner--partnerDetailsCurrency-arrow"},"wdio_ui5_key":"applicationmanagepartners-display-component---NewPartner--partnerDetailsCurrency-arrow"}]}
RESULT: undefined
COMMAND: POST /session/fefae731ffe12f9640dd1679bcba6cb2/element - {"using":"xpath","value":"//*[@id=\"application-managepartners-display-component---NewPartner--partnerDetailsCurrency-arrow\"]"}
RESULT: {}
RESULT: {"using":"xpath","value":"//*[@id=\"application-managepartners-display-component---NewPartner--partnerDetailsCurrency-arrow\"]"}
COMMAND: POST /session/fefae731ffe12f9640dd1679bcba6cb2/element/f.260C0A6E86F32DC815D14290BCACE04C.d.7D78BBCF8A9A4B9AD2A2B641AE489302.e.1491/click - {}
RESULT: {}
COMMAND: POST /session/fefae731ffe12f9640dd1679bcba6cb2/element - {"using":"xpath","value":"//span[contains(text(), \"US Dollar\")]"}
COMMAND: GET /session/fefae731ffe12f9640dd1679bcba6cb2/screenshot - {}
RESULT: {"using":"xpath","value":"//span[contains(text(), \"US Dollar\")]"}
COMMAND: POST /session/fefae731ffe12f9640dd1679bcba6cb2/element/f.260C0A6E86F32DC815D14290BCACE04C.d.7D78BBCF8A9A4B9AD2A2B641AE489302.e.1492/click - {}
RESULT: {}
RESULT: {}
COMMAND: GET /session/fefae731ffe12f9640dd1679bcba6cb2/screenshot - {}
RESULT: {}
COMMAND: POST /session/fefae731ffe12f9640dd1679bcba6cb2/element - {"using":"xpath","value":"//input[@id=\"application-managepartners-display-component---NewPartner--companyCodeComboBox-inner\"]"}
RESULT: {"using":"xpath","value":"//input[@id=\"application-managepartners-display-component---NewPartner--companyCodeComboBox-inner\"]"}
COMMAND: POST /session/fefae731ffe12f9640dd1679bcba6cb2/element/f.260C0A6E86F32DC815D14290BCACE04C.d.7D78BBCF8A9A4B9AD2A2B641AE489302.e.1429/clear - {}
RESULT: {}
COMMAND: POST /session/fefae731ffe12f9640dd1679bcba6cb2/element/f.260C0A6E86F32DC815D14290BCACE04C.d.7D78BBCF8A9A4B9AD2A2B641AE489302.e.1429/value - {"text":"C002"}
RESULT: {"text":"C002"}
COMMAND: GET /session/fefae731ffe12f9640dd1679bcba6cb2/screenshot - {}
COMMAND: GET /session/fefae731ffe12f9640dd1679bcba6cb2/screenshot - {}
RESULT: {}
RESULT: {}
COMMAND: POST /session/fefae731ffe12f9640dd1679bcba6cb2/element - {"using":"xpath","value":"//li[.//span[text()= \"C002\"]]"}
RESULT: {"using":"xpath","value":"//li[.//span[text()= \"C002\"]]"}
COMMAND: POST /session/fefae731ffe12f9640dd1679bcba6cb2/element/f.260C0A6E86F32DC815D14290BCACE04C.d.7D78BBCF8A9A4B9AD2A2B641AE489302.e.1496/click - {}
RESULT: {}
COMMAND: GET /session/fefae731ffe12f9640dd1679bcba6cb2/screenshot - {}
RESULT: {}
COMMAND: POST /session/fefae731ffe12f9640dd1679bcba6cb2/execute/async - {"script":"<script> [1562 bytes]","args":[{"selector":{"id":"application-managepartners-display-component---NewPartner--btnAddTableRow-img"},"wdio_ui5_key":"applicationmanagepartners-display-component---NewPartner--btnAddTableRow-img"}]}
RESULT: {"script":"<script> [1562 bytes]","args":[{"selector":{"id":"application-managepartners-display-component---NewPartner--btnAddTableRow-img"},"wdio_ui5_key":"applicationmanagepartners-display-component---NewPartner--btnAddTableRow-img"}]}
RESULT: undefined
COMMAND: POST /session/fefae731ffe12f9640dd1679bcba6cb2/element - {"using":"xpath","value":"//*[@id=\"application-managepartners-display-component---NewPartner--btnAddTableRow-img\"]"}
RESULT: {"using":"xpath","value":"//*[@id=\"application-managepartners-display-component---NewPartner--btnAddTableRow-img\"]"}
COMMAND: POST /session/fefae731ffe12f9640dd1679bcba6cb2/element/f.260C0A6E86F32DC815D14290BCACE04C.d.7D78BBCF8A9A4B9AD2A2B641AE489302.e.1497/click - {}
RESULT: {}
COMMAND: GET /session/fefae731ffe12f9640dd1679bcba6cb2/screenshot - {}
RESULT: {}
COMMAND: POST /session/fefae731ffe12f9640dd1679bcba6cb2/element - {"using":"xpath","value":"//input[@id=\"application-managepartners-display-component---NewPartner--assignmentYard-application-managepartners-display-component---NewPartner--assignmentsTable-0-inner\"]"}
RESULT: {"using":"xpath","value":"//input[@id=\"application-managepartners-display-component---NewPartner--assignmentYard-application-managepartners-display-component---NewPartner--assignmentsTable-0-inner\"]"}
COMMAND: POST /session/fefae731ffe12f9640dd1679bcba6cb2/element/f.260C0A6E86F32DC815D14290BCACE04C.d.7D78BBCF8A9A4B9AD2A2B641AE489302.e.1500/clear - {}
RESULT: {}
COMMAND: POST /session/fefae731ffe12f9640dd1679bcba6cb2/element/f.260C0A6E86F32DC815D14290BCACE04C.d.7D78BBCF8A9A4B9AD2A2B641AE489302.e.1500/value - {"text":"299"}
COMMAND: GET /session/fefae731ffe12f9640dd1679bcba6cb2/screenshot - {}
RESULT: {"text":"299"}
COMMAND: GET /session/fefae731ffe12f9640dd1679bcba6cb2/screenshot - {}
RESULT: {}
RESULT: {}
COMMAND: POST /session/fefae731ffe12f9640dd1679bcba6cb2/element - {"using":"xpath","value":"//li[.//span[text()='299']]"}
RESULT: {"using":"xpath","value":"//li[.//span[text()='299']]"}
COMMAND: POST /session/fefae731ffe12f9640dd1679bcba6cb2/element/f.260C0A6E86F32DC815D14290BCACE04C.d.7D78BBCF8A9A4B9AD2A2B641AE489302.e.1508/click - {}
RESULT: {}
COMMAND: GET /session/fefae731ffe12f9640dd1679bcba6cb2/screenshot - {}
RESULT: {}
COMMAND: POST /session/fefae731ffe12f9640dd1679bcba6cb2/actions - {"actions":[{"id":"action2","type":"key","parameters":{},"actions":[{"type":"keyDown","value":"î€‡"},{"type":"pause","duration":10},{"type":"keyUp","value":"î€‡"}]}]}
RESULT: {"actions":[{"id":"action2","type":"key","parameters":{},"actions":[{"type":"keyDown","value":"î€‡"},{"type":"pause","duration":10},{"type":"keyUp","value":"î€‡"}]}]}
COMMAND: POST /session/fefae731ffe12f9640dd1679bcba6cb2/element - {"using":"xpath","value":"//td[contains(@id, \"assignmentsTable-0-cell2\")]/div/div"}
COMMAND: GET /session/fefae731ffe12f9640dd1679bcba6cb2/screenshot - {}
RESULT: {"using":"xpath","value":"//td[contains(@id, \"assignmentsTable-0-cell2\")]/div/div"}
COMMAND: POST /session/fefae731ffe12f9640dd1679bcba6cb2/element/f.260C0A6E86F32DC815D14290BCACE04C.d.7D78BBCF8A9A4B9AD2A2B641AE489302.e.1511/click - {}
RESULT: {}
RESULT: {}
COMMAND: GET /session/fefae731ffe12f9640dd1679bcba6cb2/screenshot - {}
RESULT: {}
COMMAND: POST /session/fefae731ffe12f9640dd1679bcba6cb2/element - {"using":"xpath","value":"//button[@data-kt=\"saveButton\"]"}
RESULT: {"using":"xpath","value":"//button[@data-kt=\"saveButton\"]"}
COMMAND: POST /session/fefae731ffe12f9640dd1679bcba6cb2/element/f.260C0A6E86F32DC815D14290BCACE04C.d.7D78BBCF8A9A4B9AD2A2B641AE489302.e.1434/click - {}
RESULT: {}
COMMAND: GET /session/fefae731ffe12f9640dd1679bcba6cb2/screenshot - {}
RESULT: {}
COMMAND: POST /session/fefae731ffe12f9640dd1679bcba6cb2/element - {"using":"xpath","value":"//header[contains(@id, 'ObjectPageLayout-headerTitle')]/div[1]/div[2]/div[2]/span[1]"}
RESULT: {"using":"xpath","value":"//header[contains(@id, 'ObjectPageLayout-headerTitle')]/div[1]/div[2]/div[2]/span[1]"}
COMMAND: POST /session/fefae731ffe12f9640dd1679bcba6cb2/elements - {"using":"xpath","value":"//header[contains(@id, 'ObjectPageLayout-headerTitle')]/div[1]/div[2]/div[2]/span[1]"}
RESULT: {"using":"xpath","value":"//header[contains(@id, 'ObjectPageLayout-headerTitle')]/div[1]/div[2]/div[2]/span[1]"}
COMMAND: POST /session/fefae731ffe12f9640dd1679bcba6cb2/execute/sync - {"script":"<script> [56 bytes]","args":[{"element-6066-11e4-a52e-4f735466cecf":"f.260C0A6E86F32DC815D14290BCACE04C.d.7D78BBCF8A9A4B9AD2A2B641AE489302.e.1676","ELEMENT":"f.260C0A6E86F32DC815D14290BCACE04C.d.7D78BBCF8A9A4B9AD2A2B641AE489302.e.1676"}]}
RESULT: {"script":"<script> [56 bytes]","args":[{"element-6066-11e4-a52e-4f735466cecf":"f.260C0A6E86F32DC815D14290BCACE04C.d.7D78BBCF8A9A4B9AD2A2B641AE489302.e.1676","ELEMENT":"f.260C0A6E86F32DC815D14290BCACE04C.d.7D78BBCF8A9A4B9AD2A2B641AE489302.e.1676"}]}
COMMAND: POST /session/fefae731ffe12f9640dd1679bcba6cb2/element - {"using":"css selector","value":"#shell-header-logo"}
COMMAND: GET /session/fefae731ffe12f9640dd1679bcba6cb2/screenshot - {}
RESULT: {"using":"css selector","value":"#shell-header-logo"}
COMMAND: POST /session/fefae731ffe12f9640dd1679bcba6cb2/element/f.260C0A6E86F32DC815D14290BCACE04C.d.7D78BBCF8A9A4B9AD2A2B641AE489302.e.997/click - {}
RESULT: {}
RESULT: {}
COMMAND: GET /session/fefae731ffe12f9640dd1679bcba6cb2/screenshot - {}
RESULT: {}
COMMAND: POST /session/fefae731ffe12f9640dd1679bcba6cb2/execute/sync - {"script":"<script> [299 bytes]","args":[["getModel","getResource"]]}
RESULT: {"script":"<script> [299 bytes]","args":[["getModel","getResource"]]}
]]></system-out>
    </testcase>
    <testcase classname="chrome.136_0_7103_49.windows.Stock_increase_-_with_WHM_US125587" name="Should create a new WHM site" time="104.333">
      <system-out><![CDATA[
COMMAND: GET /session/fefae731ffe12f9640dd1679bcba6cb2/screenshot - {}
COMMAND: POST /session/fefae731ffe12f9640dd1679bcba6cb2/execute/async - {"script":"<script> [1562 bytes]","args":[{"selector":{"controlType":"sap.m.TileContent","bindingPath":{"path":"","propertyPath":"/properties/info"},"ancestor":{"controlType":"sap.m.GenericTile","properties":{"header":"Manage Sites"}}},"wdio_ui5_key":"sapm.TileContent{\"path\":\"\",\"propertyPath\":\"/properties/info\"}{\"controlType\":\"sap.m.GenericTile\",\"properties\":{\"header\":\"Manage Sites\"}}"}]}
RESULT: {}
RESULT: {"script":"<script> [1562 bytes]","args":[{"selector":{"controlType":"sap.m.TileContent","bindingPath":{"path":"","propertyPath":"/properties/info"},"ancestor":{"controlType":"sap.m.GenericTile","properties":{"header":"Manage Sites"}}},"wdio_ui5_key":"sapm.TileContent{\"path\":\"\",\"propertyPath\":\"/properties/info\"}{\"controlType\":\"sap.m.GenericTile\",\"properties\":{\"header\":\"Manage Sites\"}}"}]}
RESULT: undefined
COMMAND: POST /session/fefae731ffe12f9640dd1679bcba6cb2/element - {"using":"xpath","value":"//*[@id=\"__xmlview7--numericTileContent\"]"}
RESULT: {"using":"xpath","value":"//*[@id=\"__xmlview7--numericTileContent\"]"}
COMMAND: POST /session/fefae731ffe12f9640dd1679bcba6cb2/element/f.260C0A6E86F32DC815D14290BCACE04C.d.7D78BBCF8A9A4B9AD2A2B641AE489302.e.1678/click - {}
RESULT: {}
COMMAND: POST /session/fefae731ffe12f9640dd1679bcba6cb2/element - {"using":"xpath","value":"//button[@data-kt=\"addOverflowToolbarButton\"]"}
COMMAND: GET /session/fefae731ffe12f9640dd1679bcba6cb2/screenshot - {}
RESULT: {"using":"xpath","value":"//button[@data-kt=\"addOverflowToolbarButton\"]"}
COMMAND: POST /session/fefae731ffe12f9640dd1679bcba6cb2/elements - {"using":"xpath","value":"//button[@data-kt=\"addOverflowToolbarButton\"]"}
RESULT: {}
RESULT: {"using":"xpath","value":"//button[@data-kt=\"addOverflowToolbarButton\"]"}
COMMAND: POST /session/fefae731ffe12f9640dd1679bcba6cb2/elements - {"using":"xpath","value":"//button[@data-kt=\"addOverflowToolbarButton\"]"}
RESULT: {"using":"xpath","value":"//button[@data-kt=\"addOverflowToolbarButton\"]"}
COMMAND: POST /session/fefae731ffe12f9640dd1679bcba6cb2/elements - {"using":"xpath","value":"//button[@data-kt=\"addOverflowToolbarButton\"]"}
RESULT: {"using":"xpath","value":"//button[@data-kt=\"addOverflowToolbarButton\"]"}
COMMAND: POST /session/fefae731ffe12f9640dd1679bcba6cb2/elements - {"using":"xpath","value":"//button[@data-kt=\"addOverflowToolbarButton\"]"}
RESULT: {"using":"xpath","value":"//button[@data-kt=\"addOverflowToolbarButton\"]"}
COMMAND: POST /session/fefae731ffe12f9640dd1679bcba6cb2/elements - {"using":"xpath","value":"//button[@data-kt=\"addOverflowToolbarButton\"]"}
RESULT: {"using":"xpath","value":"//button[@data-kt=\"addOverflowToolbarButton\"]"}
COMMAND: POST /session/fefae731ffe12f9640dd1679bcba6cb2/elements - {"using":"xpath","value":"//button[@data-kt=\"addOverflowToolbarButton\"]"}
RESULT: {"using":"xpath","value":"//button[@data-kt=\"addOverflowToolbarButton\"]"}
COMMAND: POST /session/fefae731ffe12f9640dd1679bcba6cb2/elements - {"using":"xpath","value":"//button[@data-kt=\"addOverflowToolbarButton\"]"}
RESULT: {"using":"xpath","value":"//button[@data-kt=\"addOverflowToolbarButton\"]"}
COMMAND: POST /session/fefae731ffe12f9640dd1679bcba6cb2/element - {"using":"xpath","value":"//button[@data-kt=\"addOverflowToolbarButton\"]"}
RESULT: {"using":"xpath","value":"//button[@data-kt=\"addOverflowToolbarButton\"]"}
COMMAND: POST /session/fefae731ffe12f9640dd1679bcba6cb2/execute/sync - {"script":"<script> [8489 bytes]","args":[{"element-6066-11e4-a52e-4f735466cecf":"f.260C0A6E86F32DC815D14290BCACE04C.d.7D78BBCF8A9A4B9AD2A2B641AE489302.e.1725","ELEMENT":"f.260C0A6E86F32DC815D14290BCACE04C.d.7D78BBCF8A9A4B9AD2A2B641AE489302.e.1725"}]}
RESULT: {"script":"<script> [8489 bytes]","args":[{"element-6066-11e4-a52e-4f735466cecf":"f.260C0A6E86F32DC815D14290BCACE04C.d.7D78BBCF8A9A4B9AD2A2B641AE489302.e.1725","ELEMENT":"f.260C0A6E86F32DC815D14290BCACE04C.d.7D78BBCF8A9A4B9AD2A2B641AE489302.e.1725"}]}
COMMAND: GET /session/fefae731ffe12f9640dd1679bcba6cb2/element/f.260C0A6E86F32DC815D14290BCACE04C.d.7D78BBCF8A9A4B9AD2A2B641AE489302.e.1725/enabled - {}
COMMAND: GET /session/fefae731ffe12f9640dd1679bcba6cb2/screenshot - {}
RESULT: {}
COMMAND: POST /session/fefae731ffe12f9640dd1679bcba6cb2/execute/sync - {"script":"<script> [8489 bytes]","args":[{"element-6066-11e4-a52e-4f735466cecf":"f.260C0A6E86F32DC815D14290BCACE04C.d.7D78BBCF8A9A4B9AD2A2B641AE489302.e.1725","ELEMENT":"f.260C0A6E86F32DC815D14290BCACE04C.d.7D78BBCF8A9A4B9AD2A2B641AE489302.e.1725"}]}
COMMAND: GET /session/fefae731ffe12f9640dd1679bcba6cb2/screenshot - {}
RESULT: {}
RESULT: {"script":"<script> [8489 bytes]","args":[{"element-6066-11e4-a52e-4f735466cecf":"f.260C0A6E86F32DC815D14290BCACE04C.d.7D78BBCF8A9A4B9AD2A2B641AE489302.e.1725","ELEMENT":"f.260C0A6E86F32DC815D14290BCACE04C.d.7D78BBCF8A9A4B9AD2A2B641AE489302.e.1725"}]}
COMMAND: POST /session/fefae731ffe12f9640dd1679bcba6cb2/execute/sync - {"script":"<script> [5351 bytes]","args":[{"element-6066-11e4-a52e-4f735466cecf":"f.260C0A6E86F32DC815D14290BCACE04C.d.7D78BBCF8A9A4B9AD2A2B641AE489302.e.1725","ELEMENT":"f.260C0A6E86F32DC815D14290BCACE04C.d.7D78BBCF8A9A4B9AD2A2B641AE489302.e.1725"}]}
COMMAND: GET /session/fefae731ffe12f9640dd1679bcba6cb2/screenshot - {}
RESULT: {}
RESULT: {"script":"<script> [5351 bytes]","args":[{"element-6066-11e4-a52e-4f735466cecf":"f.260C0A6E86F32DC815D14290BCACE04C.d.7D78BBCF8A9A4B9AD2A2B641AE489302.e.1725","ELEMENT":"f.260C0A6E86F32DC815D14290BCACE04C.d.7D78BBCF8A9A4B9AD2A2B641AE489302.e.1725"}]}
COMMAND: POST /session/fefae731ffe12f9640dd1679bcba6cb2/element/f.260C0A6E86F32DC815D14290BCACE04C.d.7D78BBCF8A9A4B9AD2A2B641AE489302.e.1725/click - {}
COMMAND: GET /session/fefae731ffe12f9640dd1679bcba6cb2/screenshot - {}
RESULT: {}
RESULT: {}
COMMAND: GET /session/fefae731ffe12f9640dd1679bcba6cb2/screenshot - {}
COMMAND: POST /session/fefae731ffe12f9640dd1679bcba6cb2/element - {"using":"xpath","value":"//input[@id=\"application-managesites-display-component---NewSite--siteId-inner\"]"}
RESULT: {}
RESULT: {}
RESULT: {"using":"xpath","value":"//input[@id=\"application-managesites-display-component---NewSite--siteId-inner\"]"}
COMMAND: POST /session/fefae731ffe12f9640dd1679bcba6cb2/element - {"using":"xpath","value":"//input[@id=\"application-managesites-display-component---NewSite--siteId-inner\"]"}
RESULT: {"using":"xpath","value":"//input[@id=\"application-managesites-display-component---NewSite--siteId-inner\"]"}
COMMAND: POST /session/fefae731ffe12f9640dd1679bcba6cb2/execute/async - {"script":"<script> [1562 bytes]","args":[{"selector":{"id":"application-managesites-display-component---NewSite--addressDetailDetailsName1","interaction":{"idSuffix":"inner"}},"wdio_ui5_key":"applicationmanagesites-display-component---NewSite--addressDetailDetailsName1"}]}
RESULT: {"script":"<script> [1562 bytes]","args":[{"selector":{"id":"application-managesites-display-component---NewSite--addressDetailDetailsName1","interaction":{"idSuffix":"inner"}},"wdio_ui5_key":"applicationmanagesites-display-component---NewSite--addressDetailDetailsName1"}]}
RESULT: undefined
COMMAND: POST /session/fefae731ffe12f9640dd1679bcba6cb2/execute/async - {"script":"<script> [776 bytes]","args":[{"enterText":"Warehouse Managed Site WDIO","selector":{"id":"application-managesites-display-component---NewSite--addressDetailDetailsName1","interaction":{"idSuffix":"inner"}},"clearTextFirst":true,"interactionType":"ENTER_TEXT"}]}
RESULT: {"script":"<script> [776 bytes]","args":[{"enterText":"Warehouse Managed Site WDIO","selector":{"id":"application-managesites-display-component---NewSite--addressDetailDetailsName1","interaction":{"idSuffix":"inner"}},"clearTextFirst":true,"interactionType":"ENTER_TEXT"}]}
COMMAND: POST /session/fefae731ffe12f9640dd1679bcba6cb2/execute/async - {"script":"<script> [1562 bytes]","args":[{"selector":{"id":"application-managesites-display-component---NewSite--addressDetailDetailsLanguage-arrow"},"wdio_ui5_key":"applicationmanagesites-display-component---NewSite--addressDetailDetailsLanguage-arrow"}]}
RESULT: {"script":"<script> [1562 bytes]","args":[{"selector":{"id":"application-managesites-display-component---NewSite--addressDetailDetailsLanguage-arrow"},"wdio_ui5_key":"applicationmanagesites-display-component---NewSite--addressDetailDetailsLanguage-arrow"}]}
RESULT: undefined
COMMAND: POST /session/fefae731ffe12f9640dd1679bcba6cb2/element - {"using":"xpath","value":"//*[@id=\"application-managesites-display-component---NewSite--addressDetailDetailsLanguage-arrow\"]"}
RESULT: {"using":"xpath","value":"//*[@id=\"application-managesites-display-component---NewSite--addressDetailDetailsLanguage-arrow\"]"}
COMMAND: POST /session/fefae731ffe12f9640dd1679bcba6cb2/element/f.260C0A6E86F32DC815D14290BCACE04C.d.7D78BBCF8A9A4B9AD2A2B641AE489302.e.2119/click - {}
RESULT: {}
COMMAND: POST /session/fefae731ffe12f9640dd1679bcba6cb2/element - {"using":"xpath","value":"//span[contains(text(), \"English\")]"}
COMMAND: GET /session/fefae731ffe12f9640dd1679bcba6cb2/screenshot - {}
RESULT: {"using":"xpath","value":"//span[contains(text(), \"English\")]"}
COMMAND: POST /session/fefae731ffe12f9640dd1679bcba6cb2/element/f.260C0A6E86F32DC815D14290BCACE04C.d.7D78BBCF8A9A4B9AD2A2B641AE489302.e.2120/click - {}
RESULT: {}
RESULT: {}
COMMAND: POST /session/fefae731ffe12f9640dd1679bcba6cb2/execute/async - {"script":"<script> [1562 bytes]","args":[{"selector":{"id":"application-managesites-display-component---NewSite--addressDetailDetailsCity1","interaction":{"idSuffix":"inner"}},"wdio_ui5_key":"applicationmanagesites-display-component---NewSite--addressDetailDetailsCity1"}]}
COMMAND: GET /session/fefae731ffe12f9640dd1679bcba6cb2/screenshot - {}
RESULT: {"script":"<script> [1562 bytes]","args":[{"selector":{"id":"application-managesites-display-component---NewSite--addressDetailDetailsCity1","interaction":{"idSuffix":"inner"}},"wdio_ui5_key":"applicationmanagesites-display-component---NewSite--addressDetailDetailsCity1"}]}
RESULT: undefined
COMMAND: POST /session/fefae731ffe12f9640dd1679bcba6cb2/execute/async - {"script":"<script> [776 bytes]","args":[{"enterText":"Rosario","selector":{"id":"application-managesites-display-component---NewSite--addressDetailDetailsCity1","interaction":{"idSuffix":"inner"}},"clearTextFirst":true,"interactionType":"ENTER_TEXT"}]}
RESULT: {}
RESULT: {"script":"<script> [776 bytes]","args":[{"enterText":"Rosario","selector":{"id":"application-managesites-display-component---NewSite--addressDetailDetailsCity1","interaction":{"idSuffix":"inner"}},"clearTextFirst":true,"interactionType":"ENTER_TEXT"}]}
COMMAND: POST /session/fefae731ffe12f9640dd1679bcba6cb2/execute/async - {"script":"<script> [1562 bytes]","args":[{"selector":{"id":"application-managesites-display-component---NewSite--addressDetailDetailsCountry-arrow"},"wdio_ui5_key":"applicationmanagesites-display-component---NewSite--addressDetailDetailsCountry-arrow"}]}
RESULT: {"script":"<script> [1562 bytes]","args":[{"selector":{"id":"application-managesites-display-component---NewSite--addressDetailDetailsCountry-arrow"},"wdio_ui5_key":"applicationmanagesites-display-component---NewSite--addressDetailDetailsCountry-arrow"}]}
RESULT: undefined
COMMAND: POST /session/fefae731ffe12f9640dd1679bcba6cb2/element - {"using":"xpath","value":"//*[@id=\"application-managesites-display-component---NewSite--addressDetailDetailsCountry-arrow\"]"}
RESULT: {"using":"xpath","value":"//*[@id=\"application-managesites-display-component---NewSite--addressDetailDetailsCountry-arrow\"]"}
COMMAND: POST /session/fefae731ffe12f9640dd1679bcba6cb2/element/f.260C0A6E86F32DC815D14290BCACE04C.d.7D78BBCF8A9A4B9AD2A2B641AE489302.e.2122/click - {}
RESULT: {}
COMMAND: POST /session/fefae731ffe12f9640dd1679bcba6cb2/element - {"using":"xpath","value":"//span[contains(text(), \"Argentina\")]"}
COMMAND: GET /session/fefae731ffe12f9640dd1679bcba6cb2/screenshot - {}
RESULT: {"using":"xpath","value":"//span[contains(text(), \"Argentina\")]"}
COMMAND: POST /session/fefae731ffe12f9640dd1679bcba6cb2/element/f.260C0A6E86F32DC815D14290BCACE04C.d.7D78BBCF8A9A4B9AD2A2B641AE489302.e.2123/click - {}
RESULT: {}
RESULT: {}
COMMAND: GET /session/fefae731ffe12f9640dd1679bcba6cb2/screenshot - {}
RESULT: {}
COMMAND: POST /session/fefae731ffe12f9640dd1679bcba6cb2/execute/async - {"script":"<script> [1562 bytes]","args":[{"selector":{"id":"application-managesites-display-component---NewSite--addressEditDetailsCostObjectCstType-arrow"},"wdio_ui5_key":"applicationmanagesites-display-component---NewSite--addressEditDetailsCostObjectCstType-arrow"}]}
RESULT: {"script":"<script> [1562 bytes]","args":[{"selector":{"id":"application-managesites-display-component---NewSite--addressEditDetailsCostObjectCstType-arrow"},"wdio_ui5_key":"applicationmanagesites-display-component---NewSite--addressEditDetailsCostObjectCstType-arrow"}]}
RESULT: undefined
COMMAND: POST /session/fefae731ffe12f9640dd1679bcba6cb2/element - {"using":"xpath","value":"//*[@id=\"application-managesites-display-component---NewSite--addressEditDetailsCostObjectCstType-arrow\"]"}
RESULT: {"using":"xpath","value":"//*[@id=\"application-managesites-display-component---NewSite--addressEditDetailsCostObjectCstType-arrow\"]"}
COMMAND: POST /session/fefae731ffe12f9640dd1679bcba6cb2/element/f.260C0A6E86F32DC815D14290BCACE04C.d.7D78BBCF8A9A4B9AD2A2B641AE489302.e.2125/click - {}
RESULT: {}
COMMAND: POST /session/fefae731ffe12f9640dd1679bcba6cb2/element - {"using":"xpath","value":"//span[contains(text(), \"Cost Center\")]"}
COMMAND: GET /session/fefae731ffe12f9640dd1679bcba6cb2/screenshot - {}
RESULT: {"using":"xpath","value":"//span[contains(text(), \"Cost Center\")]"}
COMMAND: POST /session/fefae731ffe12f9640dd1679bcba6cb2/element/f.260C0A6E86F32DC815D14290BCACE04C.d.7D78BBCF8A9A4B9AD2A2B641AE489302.e.2126/click - {}
RESULT: {}
RESULT: {}
COMMAND: GET /session/fefae731ffe12f9640dd1679bcba6cb2/screenshot - {}
RESULT: {}
COMMAND: POST /session/fefae731ffe12f9640dd1679bcba6cb2/element - {"using":"xpath","value":"//span[@id=\"application-managesites-display-component---NewSite--addressNewCostObjectCstID-vhi\"]"}
RESULT: {"using":"xpath","value":"//span[@id=\"application-managesites-display-component---NewSite--addressNewCostObjectCstID-vhi\"]"}
COMMAND: POST /session/fefae731ffe12f9640dd1679bcba6cb2/execute/sync - {"script":"<script> [8489 bytes]","args":[{"element-6066-11e4-a52e-4f735466cecf":"f.260C0A6E86F32DC815D14290BCACE04C.d.7D78BBCF8A9A4B9AD2A2B641AE489302.e.2131","ELEMENT":"f.260C0A6E86F32DC815D14290BCACE04C.d.7D78BBCF8A9A4B9AD2A2B641AE489302.e.2131"}]}
RESULT: {"script":"<script> [8489 bytes]","args":[{"element-6066-11e4-a52e-4f735466cecf":"f.260C0A6E86F32DC815D14290BCACE04C.d.7D78BBCF8A9A4B9AD2A2B641AE489302.e.2131","ELEMENT":"f.260C0A6E86F32DC815D14290BCACE04C.d.7D78BBCF8A9A4B9AD2A2B641AE489302.e.2131"}]}
COMMAND: POST /session/fefae731ffe12f9640dd1679bcba6cb2/execute/async - {"script":"<script> [1562 bytes]","args":[{"selector":{"id":"application-managesites-display-component---NewSite--addressNewCostObjectCstID-vhi"},"wdio_ui5_key":"applicationmanagesites-display-component---NewSite--addressNewCostObjectCstID-vhi"}]}
COMMAND: GET /session/fefae731ffe12f9640dd1679bcba6cb2/screenshot - {}
RESULT: {"script":"<script> [1562 bytes]","args":[{"selector":{"id":"application-managesites-display-component---NewSite--addressNewCostObjectCstID-vhi"},"wdio_ui5_key":"applicationmanagesites-display-component---NewSite--addressNewCostObjectCstID-vhi"}]}
RESULT: undefined
COMMAND: POST /session/fefae731ffe12f9640dd1679bcba6cb2/element - {"using":"xpath","value":"//*[@id=\"application-managesites-display-component---NewSite--addressNewCostObjectCstID-vhi\"]"}
RESULT: {}
RESULT: {"using":"xpath","value":"//*[@id=\"application-managesites-display-component---NewSite--addressNewCostObjectCstID-vhi\"]"}
COMMAND: POST /session/fefae731ffe12f9640dd1679bcba6cb2/element/f.260C0A6E86F32DC815D14290BCACE04C.d.7D78BBCF8A9A4B9AD2A2B641AE489302.e.2131/click - {}
RESULT: {}
COMMAND: GET /session/fefae731ffe12f9640dd1679bcba6cb2/screenshot - {}
RESULT: {}
RESULT: undefined
COMMAND: POST /session/fefae731ffe12f9640dd1679bcba6cb2/execute/async - {"script":"<script> [776 bytes]","args":[{"enterText":"10001013","selector":{"controlType":"sap.m.SearchField","properties":{"placeholder":"Search"},"searchOpenDialogs":true,"interaction":{"idSuffix":"I"}},"clearTextFirst":true,"interactionType":"ENTER_TEXT"}]}
RESULT: {"script":"<script> [776 bytes]","args":[{"enterText":"10001013","selector":{"controlType":"sap.m.SearchField","properties":{"placeholder":"Search"},"searchOpenDialogs":true,"interaction":{"idSuffix":"I"}},"clearTextFirst":true,"interactionType":"ENTER_TEXT"}]}
COMMAND: POST /session/fefae731ffe12f9640dd1679bcba6cb2/actions - {"actions":[{"id":"action3","type":"key","parameters":{},"actions":[{"type":"keyDown","value":"î€‡"},{"type":"pause","duration":10},{"type":"keyUp","value":"î€‡"}]}]}
RESULT: {"actions":[{"id":"action3","type":"key","parameters":{},"actions":[{"type":"keyDown","value":"î€‡"},{"type":"pause","duration":10},{"type":"keyUp","value":"î€‡"}]}]}
COMMAND: GET /session/fefae731ffe12f9640dd1679bcba6cb2/screenshot - {}
RESULT: {}
COMMAND: POST /session/fefae731ffe12f9640dd1679bcba6cb2/element - {"using":"xpath","value":"//span[contains(text(), \"General Management\")]"}
RESULT: {"using":"xpath","value":"//span[contains(text(), \"General Management\")]"}
COMMAND: POST /session/fefae731ffe12f9640dd1679bcba6cb2/element/f.260C0A6E86F32DC815D14290BCACE04C.d.7D78BBCF8A9A4B9AD2A2B641AE489302.e.2171/click - {}
RESULT: {}
COMMAND: GET /session/fefae731ffe12f9640dd1679bcba6cb2/screenshot - {}
RESULT: {}
COMMAND: POST /session/fefae731ffe12f9640dd1679bcba6cb2/element - {"using":"xpath","value":"//bdi[contains(text(), \"OK\")]"}
RESULT: {"using":"xpath","value":"//bdi[contains(text(), \"OK\")]"}
COMMAND: POST /session/fefae731ffe12f9640dd1679bcba6cb2/element/f.260C0A6E86F32DC815D14290BCACE04C.d.7D78BBCF8A9A4B9AD2A2B641AE489302.e.2172/click - {}
RESULT: {}
COMMAND: GET /session/fefae731ffe12f9640dd1679bcba6cb2/screenshot - {}
RESULT: {}
COMMAND: POST /session/fefae731ffe12f9640dd1679bcba6cb2/element - {"using":"xpath","value":"//input[@id=\"application-managesites-display-component---NewSite--addressDetailDetailsCalendar-inner\"]"}
RESULT: {"using":"xpath","value":"//input[@id=\"application-managesites-display-component---NewSite--addressDetailDetailsCalendar-inner\"]"}
COMMAND: POST /session/fefae731ffe12f9640dd1679bcba6cb2/element/f.260C0A6E86F32DC815D14290BCACE04C.d.7D78BBCF8A9A4B9AD2A2B641AE489302.e.1920/clear - {}
RESULT: {}
COMMAND: POST /session/fefae731ffe12f9640dd1679bcba6cb2/element/f.260C0A6E86F32DC815D14290BCACE04C.d.7D78BBCF8A9A4B9AD2A2B641AE489302.e.1920/value - {"text":"Unit"}
COMMAND: GET /session/fefae731ffe12f9640dd1679bcba6cb2/screenshot - {}
RESULT: {"text":"Unit"}
COMMAND: GET /session/fefae731ffe12f9640dd1679bcba6cb2/screenshot - {}
RESULT: {}
RESULT: {}
COMMAND: POST /session/fefae731ffe12f9640dd1679bcba6cb2/actions - {"actions":[{"id":"action4","type":"key","parameters":{},"actions":[{"type":"keyDown","value":"î€‡"},{"type":"pause","duration":10},{"type":"keyUp","value":"î€‡"}]}]}
RESULT: {"actions":[{"id":"action4","type":"key","parameters":{},"actions":[{"type":"keyDown","value":"î€‡"},{"type":"pause","duration":10},{"type":"keyUp","value":"î€‡"}]}]}
COMMAND: POST /session/fefae731ffe12f9640dd1679bcba6cb2/element - {"using":"xpath","value":"//input[@id=\"application-managesites-display-component---NewSite--addressDetailDetailsYard-inner\"]"}
COMMAND: GET /session/fefae731ffe12f9640dd1679bcba6cb2/screenshot - {}
RESULT: {"using":"xpath","value":"//input[@id=\"application-managesites-display-component---NewSite--addressDetailDetailsYard-inner\"]"}
COMMAND: POST /session/fefae731ffe12f9640dd1679bcba6cb2/element/f.260C0A6E86F32DC815D14290BCACE04C.d.7D78BBCF8A9A4B9AD2A2B641AE489302.e.1921/clear - {}
RESULT: {}
RESULT: {}
COMMAND: POST /session/fefae731ffe12f9640dd1679bcba6cb2/element/f.260C0A6E86F32DC815D14290BCACE04C.d.7D78BBCF8A9A4B9AD2A2B641AE489302.e.1921/value - {"text":"299"}
COMMAND: GET /session/fefae731ffe12f9640dd1679bcba6cb2/screenshot - {}
RESULT: {"text":"299"}
COMMAND: GET /session/fefae731ffe12f9640dd1679bcba6cb2/screenshot - {}
RESULT: {}
RESULT: {}
COMMAND: POST /session/fefae731ffe12f9640dd1679bcba6cb2/element - {"using":"xpath","value":"//li[.//span[text()='299']]"}
RESULT: {"using":"xpath","value":"//li[.//span[text()='299']]"}
COMMAND: POST /session/fefae731ffe12f9640dd1679bcba6cb2/element/f.260C0A6E86F32DC815D14290BCACE04C.d.7D78BBCF8A9A4B9AD2A2B641AE489302.e.2180/click - {}
RESULT: {}
COMMAND: GET /session/fefae731ffe12f9640dd1679bcba6cb2/screenshot - {}
RESULT: {}
COMMAND: POST /session/fefae731ffe12f9640dd1679bcba6cb2/element - {"using":"xpath","value":"//input[@id=\"application-managesites-display-component---NewSite--addressDetailDetailsPartner-inner\"]"}
RESULT: {"using":"xpath","value":"//input[@id=\"application-managesites-display-component---NewSite--addressDetailDetailsPartner-inner\"]"}
COMMAND: POST /session/fefae731ffe12f9640dd1679bcba6cb2/element - {"using":"xpath","value":"//input[@id=\"application-managesites-display-component---NewSite--addressDetailDetailsPartner-inner\"]"}
RESULT: {"using":"xpath","value":"//input[@id=\"application-managesites-display-component---NewSite--addressDetailDetailsPartner-inner\"]"}
COMMAND: POST /session/fefae731ffe12f9640dd1679bcba6cb2/execute/async - {"script":"<script> [1562 bytes]","args":[{"selector":{"id":"application-managesites-display-component---NewSite--siteWhmCheckBox-label","interaction":{"idSuffix":"bdi"}},"wdio_ui5_key":"applicationmanagesites-display-component---NewSite--siteWhmCheckBox-label"}]}
RESULT: {"script":"<script> [1562 bytes]","args":[{"selector":{"id":"application-managesites-display-component---NewSite--siteWhmCheckBox-label","interaction":{"idSuffix":"bdi"}},"wdio_ui5_key":"applicationmanagesites-display-component---NewSite--siteWhmCheckBox-label"}]}
RESULT: undefined
COMMAND: POST /session/fefae731ffe12f9640dd1679bcba6cb2/element - {"using":"xpath","value":"//*[@id=\"application-managesites-display-component---NewSite--siteWhmCheckBox-label\"]"}
RESULT: {"using":"xpath","value":"//*[@id=\"application-managesites-display-component---NewSite--siteWhmCheckBox-label\"]"}
COMMAND: POST /session/fefae731ffe12f9640dd1679bcba6cb2/element/f.260C0A6E86F32DC815D14290BCACE04C.d.7D78BBCF8A9A4B9AD2A2B641AE489302.e.2182/click - {}
RESULT: {}
COMMAND: GET /session/fefae731ffe12f9640dd1679bcba6cb2/screenshot - {}
RESULT: {}
COMMAND: POST /session/fefae731ffe12f9640dd1679bcba6cb2/element - {"using":"xpath","value":"//button[@data-kt=\"saveButton\"]"}
RESULT: {"using":"xpath","value":"//button[@data-kt=\"saveButton\"]"}
COMMAND: POST /session/fefae731ffe12f9640dd1679bcba6cb2/element/f.260C0A6E86F32DC815D14290BCACE04C.d.7D78BBCF8A9A4B9AD2A2B641AE489302.e.2065/click - {}
RESULT: {}
COMMAND: GET /session/fefae731ffe12f9640dd1679bcba6cb2/screenshot - {}
RESULT: {}
COMMAND: POST /session/fefae731ffe12f9640dd1679bcba6cb2/element - {"using":"xpath","value":"//header[contains(@id, 'ObjectPageLayout-headerTitle')]/div[1]/div[2]/div[2]/span[1]"}
RESULT: {"using":"xpath","value":"//header[contains(@id, 'ObjectPageLayout-headerTitle')]/div[1]/div[2]/div[2]/span[1]"}
COMMAND: POST /session/fefae731ffe12f9640dd1679bcba6cb2/elements - {"using":"xpath","value":"//header[contains(@id, 'ObjectPageLayout-headerTitle')]/div[1]/div[2]/div[2]/span[1]"}
RESULT: {"using":"xpath","value":"//header[contains(@id, 'ObjectPageLayout-headerTitle')]/div[1]/div[2]/div[2]/span[1]"}
COMMAND: POST /session/fefae731ffe12f9640dd1679bcba6cb2/execute/sync - {"script":"<script> [56 bytes]","args":[{"element-6066-11e4-a52e-4f735466cecf":"f.260C0A6E86F32DC815D14290BCACE04C.d.7D78BBCF8A9A4B9AD2A2B641AE489302.e.2395","ELEMENT":"f.260C0A6E86F32DC815D14290BCACE04C.d.7D78BBCF8A9A4B9AD2A2B641AE489302.e.2395"}]}
RESULT: {"script":"<script> [56 bytes]","args":[{"element-6066-11e4-a52e-4f735466cecf":"f.260C0A6E86F32DC815D14290BCACE04C.d.7D78BBCF8A9A4B9AD2A2B641AE489302.e.2395","ELEMENT":"f.260C0A6E86F32DC815D14290BCACE04C.d.7D78BBCF8A9A4B9AD2A2B641AE489302.e.2395"}]}
COMMAND: POST /session/fefae731ffe12f9640dd1679bcba6cb2/element - {"using":"css selector","value":"#shell-header-logo"}
COMMAND: GET /session/fefae731ffe12f9640dd1679bcba6cb2/screenshot - {}
RESULT: {"using":"css selector","value":"#shell-header-logo"}
COMMAND: POST /session/fefae731ffe12f9640dd1679bcba6cb2/element/f.260C0A6E86F32DC815D14290BCACE04C.d.7D78BBCF8A9A4B9AD2A2B641AE489302.e.1682/click - {}
RESULT: {}
RESULT: {}
COMMAND: GET /session/fefae731ffe12f9640dd1679bcba6cb2/screenshot - {}
RESULT: {}
COMMAND: POST /session/fefae731ffe12f9640dd1679bcba6cb2/execute/sync - {"script":"<script> [299 bytes]","args":[["getModel","getResource"]]}
RESULT: {"script":"<script> [299 bytes]","args":[["getModel","getResource"]]}
]]></system-out>
    </testcase>
    <testcase classname="chrome.136_0_7103_49.windows.Stock_increase_-_with_WHM_US125587" name="Should create a new material" time="122.208">
      <system-out><![CDATA[
COMMAND: POST /session/fefae731ffe12f9640dd1679bcba6cb2/execute/async - {"script":"<script> [1562 bytes]","args":[{"selector":{"controlType":"sap.m.GenericTile","properties":{"header":"Manage Resources"}},"wdio_ui5_key":"sapm.GenericTile{\"header\":\"Manage Resources\"}"}]}
COMMAND: GET /session/fefae731ffe12f9640dd1679bcba6cb2/screenshot - {}
RESULT: {"script":"<script> [1562 bytes]","args":[{"selector":{"controlType":"sap.m.GenericTile","properties":{"header":"Manage Resources"}},"wdio_ui5_key":"sapm.GenericTile{\"header\":\"Manage Resources\"}"}]}
RESULT: undefined
COMMAND: POST /session/fefae731ffe12f9640dd1679bcba6cb2/element - {"using":"xpath","value":"//*[@id=\"__tile39\"]"}
RESULT: {}
RESULT: {"using":"xpath","value":"//*[@id=\"__tile39\"]"}
COMMAND: POST /session/fefae731ffe12f9640dd1679bcba6cb2/element/f.260C0A6E86F32DC815D14290BCACE04C.d.7D78BBCF8A9A4B9AD2A2B641AE489302.e.126/click - {}
RESULT: {}
COMMAND: POST /session/fefae731ffe12f9640dd1679bcba6cb2/element - {"using":"xpath","value":"//button[@data-kt=\"addNewRUOverflowToolbarButton\"]"}
COMMAND: GET /session/fefae731ffe12f9640dd1679bcba6cb2/screenshot - {}
RESULT: {"using":"xpath","value":"//button[@data-kt=\"addNewRUOverflowToolbarButton\"]"}
COMMAND: POST /session/fefae731ffe12f9640dd1679bcba6cb2/elements - {"using":"xpath","value":"//button[@data-kt=\"addNewRUOverflowToolbarButton\"]"}
RESULT: {}
RESULT: {"using":"xpath","value":"//button[@data-kt=\"addNewRUOverflowToolbarButton\"]"}
COMMAND: POST /session/fefae731ffe12f9640dd1679bcba6cb2/elements - {"using":"xpath","value":"//button[@data-kt=\"addNewRUOverflowToolbarButton\"]"}
RESULT: {"using":"xpath","value":"//button[@data-kt=\"addNewRUOverflowToolbarButton\"]"}
COMMAND: POST /session/fefae731ffe12f9640dd1679bcba6cb2/elements - {"using":"xpath","value":"//button[@data-kt=\"addNewRUOverflowToolbarButton\"]"}
RESULT: {"using":"xpath","value":"//button[@data-kt=\"addNewRUOverflowToolbarButton\"]"}
COMMAND: POST /session/fefae731ffe12f9640dd1679bcba6cb2/elements - {"using":"xpath","value":"//button[@data-kt=\"addNewRUOverflowToolbarButton\"]"}
RESULT: {"using":"xpath","value":"//button[@data-kt=\"addNewRUOverflowToolbarButton\"]"}
COMMAND: POST /session/fefae731ffe12f9640dd1679bcba6cb2/elements - {"using":"xpath","value":"//button[@data-kt=\"addNewRUOverflowToolbarButton\"]"}
RESULT: {"using":"xpath","value":"//button[@data-kt=\"addNewRUOverflowToolbarButton\"]"}
COMMAND: POST /session/fefae731ffe12f9640dd1679bcba6cb2/elements - {"using":"xpath","value":"//button[@data-kt=\"addNewRUOverflowToolbarButton\"]"}
RESULT: {"using":"xpath","value":"//button[@data-kt=\"addNewRUOverflowToolbarButton\"]"}
COMMAND: POST /session/fefae731ffe12f9640dd1679bcba6cb2/elements - {"using":"xpath","value":"//button[@data-kt=\"addNewRUOverflowToolbarButton\"]"}
RESULT: {"using":"xpath","value":"//button[@data-kt=\"addNewRUOverflowToolbarButton\"]"}
COMMAND: POST /session/fefae731ffe12f9640dd1679bcba6cb2/elements - {"using":"xpath","value":"//button[@data-kt=\"addNewRUOverflowToolbarButton\"]"}
RESULT: {"using":"xpath","value":"//button[@data-kt=\"addNewRUOverflowToolbarButton\"]"}
COMMAND: POST /session/fefae731ffe12f9640dd1679bcba6cb2/elements - {"using":"xpath","value":"//button[@data-kt=\"addNewRUOverflowToolbarButton\"]"}
RESULT: {"using":"xpath","value":"//button[@data-kt=\"addNewRUOverflowToolbarButton\"]"}
COMMAND: POST /session/fefae731ffe12f9640dd1679bcba6cb2/elements - {"using":"xpath","value":"//button[@data-kt=\"addNewRUOverflowToolbarButton\"]"}
RESULT: {"using":"xpath","value":"//button[@data-kt=\"addNewRUOverflowToolbarButton\"]"}
COMMAND: POST /session/fefae731ffe12f9640dd1679bcba6cb2/elements - {"using":"xpath","value":"//button[@data-kt=\"addNewRUOverflowToolbarButton\"]"}
RESULT: {"using":"xpath","value":"//button[@data-kt=\"addNewRUOverflowToolbarButton\"]"}
COMMAND: POST /session/fefae731ffe12f9640dd1679bcba6cb2/elements - {"using":"xpath","value":"//button[@data-kt=\"addNewRUOverflowToolbarButton\"]"}
RESULT: {"using":"xpath","value":"//button[@data-kt=\"addNewRUOverflowToolbarButton\"]"}
COMMAND: POST /session/fefae731ffe12f9640dd1679bcba6cb2/elements - {"using":"xpath","value":"//button[@data-kt=\"addNewRUOverflowToolbarButton\"]"}
RESULT: {"using":"xpath","value":"//button[@data-kt=\"addNewRUOverflowToolbarButton\"]"}
COMMAND: POST /session/fefae731ffe12f9640dd1679bcba6cb2/elements - {"using":"xpath","value":"//button[@data-kt=\"addNewRUOverflowToolbarButton\"]"}
RESULT: {"using":"xpath","value":"//button[@data-kt=\"addNewRUOverflowToolbarButton\"]"}
COMMAND: POST /session/fefae731ffe12f9640dd1679bcba6cb2/elements - {"using":"xpath","value":"//button[@data-kt=\"addNewRUOverflowToolbarButton\"]"}
RESULT: {"using":"xpath","value":"//button[@data-kt=\"addNewRUOverflowToolbarButton\"]"}
COMMAND: POST /session/fefae731ffe12f9640dd1679bcba6cb2/elements - {"using":"xpath","value":"//button[@data-kt=\"addNewRUOverflowToolbarButton\"]"}
RESULT: {"using":"xpath","value":"//button[@data-kt=\"addNewRUOverflowToolbarButton\"]"}
COMMAND: POST /session/fefae731ffe12f9640dd1679bcba6cb2/elements - {"using":"xpath","value":"//button[@data-kt=\"addNewRUOverflowToolbarButton\"]"}
RESULT: {"using":"xpath","value":"//button[@data-kt=\"addNewRUOverflowToolbarButton\"]"}
COMMAND: POST /session/fefae731ffe12f9640dd1679bcba6cb2/elements - {"using":"xpath","value":"//button[@data-kt=\"addNewRUOverflowToolbarButton\"]"}
RESULT: {"using":"xpath","value":"//button[@data-kt=\"addNewRUOverflowToolbarButton\"]"}
COMMAND: POST /session/fefae731ffe12f9640dd1679bcba6cb2/elements - {"using":"xpath","value":"//button[@data-kt=\"addNewRUOverflowToolbarButton\"]"}
RESULT: {"using":"xpath","value":"//button[@data-kt=\"addNewRUOverflowToolbarButton\"]"}
COMMAND: POST /session/fefae731ffe12f9640dd1679bcba6cb2/elements - {"using":"xpath","value":"//button[@data-kt=\"addNewRUOverflowToolbarButton\"]"}
RESULT: {"using":"xpath","value":"//button[@data-kt=\"addNewRUOverflowToolbarButton\"]"}
COMMAND: POST /session/fefae731ffe12f9640dd1679bcba6cb2/elements - {"using":"xpath","value":"//button[@data-kt=\"addNewRUOverflowToolbarButton\"]"}
RESULT: {"using":"xpath","value":"//button[@data-kt=\"addNewRUOverflowToolbarButton\"]"}
COMMAND: POST /session/fefae731ffe12f9640dd1679bcba6cb2/elements - {"using":"xpath","value":"//button[@data-kt=\"addNewRUOverflowToolbarButton\"]"}
RESULT: {"using":"xpath","value":"//button[@data-kt=\"addNewRUOverflowToolbarButton\"]"}
COMMAND: POST /session/fefae731ffe12f9640dd1679bcba6cb2/elements - {"using":"xpath","value":"//button[@data-kt=\"addNewRUOverflowToolbarButton\"]"}
RESULT: {"using":"xpath","value":"//button[@data-kt=\"addNewRUOverflowToolbarButton\"]"}
COMMAND: POST /session/fefae731ffe12f9640dd1679bcba6cb2/elements - {"using":"xpath","value":"//button[@data-kt=\"addNewRUOverflowToolbarButton\"]"}
RESULT: {"using":"xpath","value":"//button[@data-kt=\"addNewRUOverflowToolbarButton\"]"}
COMMAND: POST /session/fefae731ffe12f9640dd1679bcba6cb2/elements - {"using":"xpath","value":"//button[@data-kt=\"addNewRUOverflowToolbarButton\"]"}
RESULT: {"using":"xpath","value":"//button[@data-kt=\"addNewRUOverflowToolbarButton\"]"}
COMMAND: POST /session/fefae731ffe12f9640dd1679bcba6cb2/elements - {"using":"xpath","value":"//button[@data-kt=\"addNewRUOverflowToolbarButton\"]"}
RESULT: {"using":"xpath","value":"//button[@data-kt=\"addNewRUOverflowToolbarButton\"]"}
COMMAND: POST /session/fefae731ffe12f9640dd1679bcba6cb2/elements - {"using":"xpath","value":"//button[@data-kt=\"addNewRUOverflowToolbarButton\"]"}
RESULT: {"using":"xpath","value":"//button[@data-kt=\"addNewRUOverflowToolbarButton\"]"}
COMMAND: POST /session/fefae731ffe12f9640dd1679bcba6cb2/element - {"using":"xpath","value":"//button[@data-kt=\"addNewRUOverflowToolbarButton\"]"}
RESULT: {"using":"xpath","value":"//button[@data-kt=\"addNewRUOverflowToolbarButton\"]"}
COMMAND: POST /session/fefae731ffe12f9640dd1679bcba6cb2/execute/sync - {"script":"<script> [8489 bytes]","args":[{"element-6066-11e4-a52e-4f735466cecf":"f.260C0A6E86F32DC815D14290BCACE04C.d.7D78BBCF8A9A4B9AD2A2B641AE489302.e.2438","ELEMENT":"f.260C0A6E86F32DC815D14290BCACE04C.d.7D78BBCF8A9A4B9AD2A2B641AE489302.e.2438"}]}
RESULT: {"script":"<script> [8489 bytes]","args":[{"element-6066-11e4-a52e-4f735466cecf":"f.260C0A6E86F32DC815D14290BCACE04C.d.7D78BBCF8A9A4B9AD2A2B641AE489302.e.2438","ELEMENT":"f.260C0A6E86F32DC815D14290BCACE04C.d.7D78BBCF8A9A4B9AD2A2B641AE489302.e.2438"}]}
COMMAND: GET /session/fefae731ffe12f9640dd1679bcba6cb2/element/f.260C0A6E86F32DC815D14290BCACE04C.d.7D78BBCF8A9A4B9AD2A2B641AE489302.e.2438/enabled - {}
COMMAND: GET /session/fefae731ffe12f9640dd1679bcba6cb2/screenshot - {}
RESULT: {}
COMMAND: POST /session/fefae731ffe12f9640dd1679bcba6cb2/execute/sync - {"script":"<script> [8489 bytes]","args":[{"element-6066-11e4-a52e-4f735466cecf":"f.260C0A6E86F32DC815D14290BCACE04C.d.7D78BBCF8A9A4B9AD2A2B641AE489302.e.2438","ELEMENT":"f.260C0A6E86F32DC815D14290BCACE04C.d.7D78BBCF8A9A4B9AD2A2B641AE489302.e.2438"}]}
COMMAND: GET /session/fefae731ffe12f9640dd1679bcba6cb2/screenshot - {}
RESULT: {}
RESULT: {"script":"<script> [8489 bytes]","args":[{"element-6066-11e4-a52e-4f735466cecf":"f.260C0A6E86F32DC815D14290BCACE04C.d.7D78BBCF8A9A4B9AD2A2B641AE489302.e.2438","ELEMENT":"f.260C0A6E86F32DC815D14290BCACE04C.d.7D78BBCF8A9A4B9AD2A2B641AE489302.e.2438"}]}
COMMAND: POST /session/fefae731ffe12f9640dd1679bcba6cb2/execute/sync - {"script":"<script> [5351 bytes]","args":[{"element-6066-11e4-a52e-4f735466cecf":"f.260C0A6E86F32DC815D14290BCACE04C.d.7D78BBCF8A9A4B9AD2A2B641AE489302.e.2438","ELEMENT":"f.260C0A6E86F32DC815D14290BCACE04C.d.7D78BBCF8A9A4B9AD2A2B641AE489302.e.2438"}]}
COMMAND: GET /session/fefae731ffe12f9640dd1679bcba6cb2/screenshot - {}
RESULT: {}
RESULT: {"script":"<script> [5351 bytes]","args":[{"element-6066-11e4-a52e-4f735466cecf":"f.260C0A6E86F32DC815D14290BCACE04C.d.7D78BBCF8A9A4B9AD2A2B641AE489302.e.2438","ELEMENT":"f.260C0A6E86F32DC815D14290BCACE04C.d.7D78BBCF8A9A4B9AD2A2B641AE489302.e.2438"}]}
COMMAND: POST /session/fefae731ffe12f9640dd1679bcba6cb2/element/f.260C0A6E86F32DC815D14290BCACE04C.d.7D78BBCF8A9A4B9AD2A2B641AE489302.e.2438/click - {}
COMMAND: GET /session/fefae731ffe12f9640dd1679bcba6cb2/screenshot - {}
RESULT: {}
RESULT: {}
COMMAND: GET /session/fefae731ffe12f9640dd1679bcba6cb2/screenshot - {}
COMMAND: POST /session/fefae731ffe12f9640dd1679bcba6cb2/execute/async - {"script":"<script> [1562 bytes]","args":[{"selector":{"id":"application-manageresources-display-component---newResourceUnit--TYPE-arrow"},"wdio_ui5_key":"applicationmanageresources-display-component---newResourceUnit--TYPE-arrow"}]}
RESULT: {}
RESULT: {}
RESULT: {"script":"<script> [1562 bytes]","args":[{"selector":{"id":"application-manageresources-display-component---newResourceUnit--TYPE-arrow"},"wdio_ui5_key":"applicationmanageresources-display-component---newResourceUnit--TYPE-arrow"}]}
RESULT: undefined
COMMAND: POST /session/fefae731ffe12f9640dd1679bcba6cb2/element - {"using":"xpath","value":"//*[@id=\"application-manageresources-display-component---newResourceUnit--TYPE-arrow\"]"}
RESULT: {"using":"xpath","value":"//*[@id=\"application-manageresources-display-component---newResourceUnit--TYPE-arrow\"]"}
COMMAND: POST /session/fefae731ffe12f9640dd1679bcba6cb2/element/f.260C0A6E86F32DC815D14290BCACE04C.d.7D78BBCF8A9A4B9AD2A2B641AE489302.e.2784/click - {}
RESULT: {}
COMMAND: POST /session/fefae731ffe12f9640dd1679bcba6cb2/element - {"using":"xpath","value":"//input[@id=\"application-manageresources-display-component---newResourceUnit--TYPE-inner\"]"}
COMMAND: GET /session/fefae731ffe12f9640dd1679bcba6cb2/screenshot - {}
RESULT: {"using":"xpath","value":"//input[@id=\"application-manageresources-display-component---newResourceUnit--TYPE-inner\"]"}
COMMAND: POST /session/fefae731ffe12f9640dd1679bcba6cb2/element/f.260C0A6E86F32DC815D14290BCACE04C.d.7D78BBCF8A9A4B9AD2A2B641AE489302.e.2780/clear - {}
RESULT: {}
RESULT: {}
COMMAND: POST /session/fefae731ffe12f9640dd1679bcba6cb2/element/f.260C0A6E86F32DC815D14290BCACE04C.d.7D78BBCF8A9A4B9AD2A2B641AE489302.e.2780/value - {"text":"Material"}
COMMAND: GET /session/fefae731ffe12f9640dd1679bcba6cb2/screenshot - {}
RESULT: {"text":"Material"}
COMMAND: GET /session/fefae731ffe12f9640dd1679bcba6cb2/screenshot - {}
RESULT: {}
RESULT: {}
COMMAND: POST /session/fefae731ffe12f9640dd1679bcba6cb2/actions - {"actions":[{"id":"action5","type":"key","parameters":{},"actions":[{"type":"keyDown","value":"î€‡"},{"type":"pause","duration":10},{"type":"keyUp","value":"î€‡"}]}]}
RESULT: {"actions":[{"id":"action5","type":"key","parameters":{},"actions":[{"type":"keyDown","value":"î€‡"},{"type":"pause","duration":10},{"type":"keyUp","value":"î€‡"}]}]}
COMMAND: POST /session/fefae731ffe12f9640dd1679bcba6cb2/execute/async - {"script":"<script> [1562 bytes]","args":[{"selector":{"id":"application-manageresources-display-component---newResourceUnit--SHORT_TEXT","interaction":{"idSuffix":"inner"}},"wdio_ui5_key":"applicationmanageresources-display-component---newResourceUnit--SHORT_TEXT"}]}
COMMAND: GET /session/fefae731ffe12f9640dd1679bcba6cb2/screenshot - {}
RESULT: {"script":"<script> [1562 bytes]","args":[{"selector":{"id":"application-manageresources-display-component---newResourceUnit--SHORT_TEXT","interaction":{"idSuffix":"inner"}},"wdio_ui5_key":"applicationmanageresources-display-component---newResourceUnit--SHORT_TEXT"}]}
RESULT: undefined
COMMAND: POST /session/fefae731ffe12f9640dd1679bcba6cb2/execute/async - {"script":"<script> [776 bytes]","args":[{"enterText":"Cement WDIO","selector":{"id":"application-manageresources-display-component---newResourceUnit--SHORT_TEXT","interaction":{"idSuffix":"inner"}},"clearTextFirst":true,"interactionType":"ENTER_TEXT"}]}
RESULT: {}
RESULT: {"script":"<script> [776 bytes]","args":[{"enterText":"Cement WDIO","selector":{"id":"application-manageresources-display-component---newResourceUnit--SHORT_TEXT","interaction":{"idSuffix":"inner"}},"clearTextFirst":true,"interactionType":"ENTER_TEXT"}]}
COMMAND: POST /session/fefae731ffe12f9640dd1679bcba6cb2/execute/async - {"script":"<script> [1562 bytes]","args":[{"selector":{"id":"application-manageresources-display-component---newResourceUnit--BASE_UNIT_OF_MEASURE","interaction":{"idSuffix":"inner"}},"wdio_ui5_key":"applicationmanageresources-display-component---newResourceUnit--BASE_UNIT_OF_MEASURE"}]}
RESULT: {"script":"<script> [1562 bytes]","args":[{"selector":{"id":"application-manageresources-display-component---newResourceUnit--BASE_UNIT_OF_MEASURE","interaction":{"idSuffix":"inner"}},"wdio_ui5_key":"applicationmanageresources-display-component---newResourceUnit--BASE_UNIT_OF_MEASURE"}]}
RESULT: undefined
COMMAND: POST /session/fefae731ffe12f9640dd1679bcba6cb2/execute/async - {"script":"<script> [776 bytes]","args":[{"enterText":"Piece","selector":{"id":"application-manageresources-display-component---newResourceUnit--BASE_UNIT_OF_MEASURE","interaction":{"idSuffix":"inner"}},"clearTextFirst":true,"interactionType":"ENTER_TEXT"}]}
RESULT: {"script":"<script> [776 bytes]","args":[{"enterText":"Piece","selector":{"id":"application-manageresources-display-component---newResourceUnit--BASE_UNIT_OF_MEASURE","interaction":{"idSuffix":"inner"}},"clearTextFirst":true,"interactionType":"ENTER_TEXT"}]}
COMMAND: POST /session/fefae731ffe12f9640dd1679bcba6cb2/execute/async - {"script":"<script> [1562 bytes]","args":[{"selector":{"id":"application-manageresources-display-component---newResourceUnit--WEIGHT_UNIT","interaction":{"idSuffix":"inner"}},"wdio_ui5_key":"applicationmanageresources-display-component---newResourceUnit--WEIGHT_UNIT"}]}
RESULT: {"script":"<script> [1562 bytes]","args":[{"selector":{"id":"application-manageresources-display-component---newResourceUnit--WEIGHT_UNIT","interaction":{"idSuffix":"inner"}},"wdio_ui5_key":"applicationmanageresources-display-component---newResourceUnit--WEIGHT_UNIT"}]}
RESULT: undefined
COMMAND: POST /session/fefae731ffe12f9640dd1679bcba6cb2/execute/async - {"script":"<script> [776 bytes]","args":[{"enterText":"Gram","selector":{"id":"application-manageresources-display-component---newResourceUnit--WEIGHT_UNIT","interaction":{"idSuffix":"inner"}},"clearTextFirst":true,"interactionType":"ENTER_TEXT"}]}
RESULT: {"script":"<script> [776 bytes]","args":[{"enterText":"Gram","selector":{"id":"application-manageresources-display-component---newResourceUnit--WEIGHT_UNIT","interaction":{"idSuffix":"inner"}},"clearTextFirst":true,"interactionType":"ENTER_TEXT"}]}
COMMAND: POST /session/fefae731ffe12f9640dd1679bcba6cb2/execute/async - {"script":"<script> [1562 bytes]","args":[{"selector":{"id":"application-manageresources-display-component---newResourceUnit--DIMENSION_UNIT","interaction":{"idSuffix":"inner"}},"wdio_ui5_key":"applicationmanageresources-display-component---newResourceUnit--DIMENSION_UNIT"}]}
RESULT: {"script":"<script> [1562 bytes]","args":[{"selector":{"id":"application-manageresources-display-component---newResourceUnit--DIMENSION_UNIT","interaction":{"idSuffix":"inner"}},"wdio_ui5_key":"applicationmanageresources-display-component---newResourceUnit--DIMENSION_UNIT"}]}
RESULT: undefined
COMMAND: POST /session/fefae731ffe12f9640dd1679bcba6cb2/execute/async - {"script":"<script> [776 bytes]","args":[{"enterText":"Meter","selector":{"id":"application-manageresources-display-component---newResourceUnit--DIMENSION_UNIT","interaction":{"idSuffix":"inner"}},"clearTextFirst":true,"interactionType":"ENTER_TEXT"}]}
RESULT: {"script":"<script> [776 bytes]","args":[{"enterText":"Meter","selector":{"id":"application-manageresources-display-component---newResourceUnit--DIMENSION_UNIT","interaction":{"idSuffix":"inner"}},"clearTextFirst":true,"interactionType":"ENTER_TEXT"}]}
COMMAND: POST /session/fefae731ffe12f9640dd1679bcba6cb2/execute/async - {"script":"<script> [1562 bytes]","args":[{"selector":{"id":"application-manageresources-display-component---newResourceUnit--newRRUPage-anchBar-application-manageresources-display-component---newResourceUnit--control-anchor","interaction":{"idSuffix":"BDI-content"}},"wdio_ui5_key":"applicationmanageresources-display-component---newResourceUnit--newRRUPage-anchBar-application-manageresources-display-component---newResourceUnit--control-anchor"}]}
RESULT: {"script":"<script> [1562 bytes]","args":[{"selector":{"id":"application-manageresources-display-component---newResourceUnit--newRRUPage-anchBar-application-manageresources-display-component---newResourceUnit--control-anchor","interaction":{"idSuffix":"BDI-content"}},"wdio_ui5_key":"applicationmanageresources-display-component---newResourceUnit--newRRUPage-anchBar-application-manageresources-display-component---newResourceUnit--control-anchor"}]}
RESULT: undefined
COMMAND: POST /session/fefae731ffe12f9640dd1679bcba6cb2/element - {"using":"xpath","value":"//*[@id=\"application-manageresources-display-component---newResourceUnit--newRRUPage-anchBar-application-manageresources-display-component---newResourceUnit--control-anchor\"]"}
RESULT: {"using":"xpath","value":"//*[@id=\"application-manageresources-display-component---newResourceUnit--newRRUPage-anchBar-application-manageresources-display-component---newResourceUnit--control-anchor\"]"}
COMMAND: POST /session/fefae731ffe12f9640dd1679bcba6cb2/element/f.260C0A6E86F32DC815D14290BCACE04C.d.7D78BBCF8A9A4B9AD2A2B641AE489302.e.2847/click - {}
RESULT: {}
COMMAND: POST /session/fefae731ffe12f9640dd1679bcba6cb2/execute/async - {"script":"<script> [1562 bytes]","args":[{"selector":{"id":"application-manageresources-display-component---newResourceUnit--PLANNING_GROUP","interaction":{"idSuffix":"inner"}},"wdio_ui5_key":"applicationmanageresources-display-component---newResourceUnit--PLANNING_GROUP"}]}
COMMAND: GET /session/fefae731ffe12f9640dd1679bcba6cb2/screenshot - {}
RESULT: {"script":"<script> [1562 bytes]","args":[{"selector":{"id":"application-manageresources-display-component---newResourceUnit--PLANNING_GROUP","interaction":{"idSuffix":"inner"}},"wdio_ui5_key":"applicationmanageresources-display-component---newResourceUnit--PLANNING_GROUP"}]}
RESULT: undefined
COMMAND: POST /session/fefae731ffe12f9640dd1679bcba6cb2/execute/async - {"script":"<script> [776 bytes]","args":[{"enterText":"Material","selector":{"id":"application-manageresources-display-component---newResourceUnit--PLANNING_GROUP","interaction":{"idSuffix":"inner"}},"clearTextFirst":true,"interactionType":"ENTER_TEXT"}]}
RESULT: {}
RESULT: {"script":"<script> [776 bytes]","args":[{"enterText":"Material","selector":{"id":"application-manageresources-display-component---newResourceUnit--PLANNING_GROUP","interaction":{"idSuffix":"inner"}},"clearTextFirst":true,"interactionType":"ENTER_TEXT"}]}
COMMAND: POST /session/fefae731ffe12f9640dd1679bcba6cb2/execute/async - {"script":"<script> [1562 bytes]","args":[{"selector":{"id":"application-manageresources-display-component---newResourceUnit--PLANNING_INDICATOR","interaction":{"idSuffix":"inner"}},"wdio_ui5_key":"applicationmanageresources-display-component---newResourceUnit--PLANNING_INDICATOR"}]}
RESULT: {"script":"<script> [1562 bytes]","args":[{"selector":{"id":"application-manageresources-display-component---newResourceUnit--PLANNING_INDICATOR","interaction":{"idSuffix":"inner"}},"wdio_ui5_key":"applicationmanageresources-display-component---newResourceUnit--PLANNING_INDICATOR"}]}
RESULT: undefined
COMMAND: POST /session/fefae731ffe12f9640dd1679bcba6cb2/execute/async - {"script":"<script> [776 bytes]","args":[{"enterText":"10 - infinite","selector":{"id":"application-manageresources-display-component---newResourceUnit--PLANNING_INDICATOR","interaction":{"idSuffix":"inner"}},"clearTextFirst":true,"interactionType":"ENTER_TEXT"}]}
RESULT: {"script":"<script> [776 bytes]","args":[{"enterText":"10 - infinite","selector":{"id":"application-manageresources-display-component---newResourceUnit--PLANNING_INDICATOR","interaction":{"idSuffix":"inner"}},"clearTextFirst":true,"interactionType":"ENTER_TEXT"}]}
COMMAND: POST /session/fefae731ffe12f9640dd1679bcba6cb2/element - {"using":"css selector","value":"#application-manageresources-display-component---newResourceUnit--btnAddTimeSegment"}
RESULT: {"using":"css selector","value":"#application-manageresources-display-component---newResourceUnit--btnAddTimeSegment"}
COMMAND: GET /session/fefae731ffe12f9640dd1679bcba6cb2/element/f.260C0A6E86F32DC815D14290BCACE04C.d.7D78BBCF8A9A4B9AD2A2B641AE489302.e.2857/rect - {}
RESULT: {}
COMMAND: GET /session/fefae731ffe12f9640dd1679bcba6cb2/window/rect - {}
RESULT: {}
COMMAND: POST /session/fefae731ffe12f9640dd1679bcba6cb2/execute/sync - {"script":"<script> [92 bytes]","args":[]}
RESULT: {"script":"<script> [92 bytes]","args":[]}
COMMAND: POST /session/fefae731ffe12f9640dd1679bcba6cb2/actions - {"actions":[{"id":"action6","type":"wheel","parameters":{},"actions":[{"type":"scroll","x":-1888,"y":-32,"deltaX":0,"deltaY":0,"duration":0,"origin":{"element-6066-11e4-a52e-4f735466cecf":"f.260C0A6E86F32DC815D14290BCACE04C.d.7D78BBCF8A9A4B9AD2A2B641AE489302.e.2857"}}]}]}
COMMAND: GET /session/fefae731ffe12f9640dd1679bcba6cb2/screenshot - {}
RESULT: {}
COMMAND: POST /session/fefae731ffe12f9640dd1679bcba6cb2/execute/sync - {"script":"<script> [79 bytes]","args":[{"element-6066-11e4-a52e-4f735466cecf":"f.260C0A6E86F32DC815D14290BCACE04C.d.7D78BBCF8A9A4B9AD2A2B641AE489302.e.2857","ELEMENT":"f.260C0A6E86F32DC815D14290BCACE04C.d.7D78BBCF8A9A4B9AD2A2B641AE489302.e.2857"},{"block":"start","inline":"nearest"}]}
RESULT: {"script":"<script> [79 bytes]","args":[{"element-6066-11e4-a52e-4f735466cecf":"f.260C0A6E86F32DC815D14290BCACE04C.d.7D78BBCF8A9A4B9AD2A2B641AE489302.e.2857","ELEMENT":"f.260C0A6E86F32DC815D14290BCACE04C.d.7D78BBCF8A9A4B9AD2A2B641AE489302.e.2857"},{"block":"start","inline":"nearest"}]}
COMMAND: POST /session/fefae731ffe12f9640dd1679bcba6cb2/execute/async - {"script":"<script> [1562 bytes]","args":[{"selector":{"id":"application-manageresources-display-component---newResourceUnit--btnAddTimeSegment","interaction":{"idSuffix":"inner"}},"wdio_ui5_key":"applicationmanageresources-display-component---newResourceUnit--btnAddTimeSegment"}]}
COMMAND: GET /session/fefae731ffe12f9640dd1679bcba6cb2/screenshot - {}
RESULT: {"script":"<script> [1562 bytes]","args":[{"selector":{"id":"application-manageresources-display-component---newResourceUnit--btnAddTimeSegment","interaction":{"idSuffix":"inner"}},"wdio_ui5_key":"applicationmanageresources-display-component---newResourceUnit--btnAddTimeSegment"}]}
RESULT: undefined
COMMAND: POST /session/fefae731ffe12f9640dd1679bcba6cb2/element - {"using":"xpath","value":"//*[@id=\"application-manageresources-display-component---newResourceUnit--btnAddTimeSegment\"]"}
RESULT: {}
RESULT: {"using":"xpath","value":"//*[@id=\"application-manageresources-display-component---newResourceUnit--btnAddTimeSegment\"]"}
COMMAND: POST /session/fefae731ffe12f9640dd1679bcba6cb2/element/f.260C0A6E86F32DC815D14290BCACE04C.d.7D78BBCF8A9A4B9AD2A2B641AE489302.e.2857/click - {}
RESULT: {}
COMMAND: GET /session/fefae731ffe12f9640dd1679bcba6cb2/screenshot - {}
RESULT: {}
COMMAND: POST /session/fefae731ffe12f9640dd1679bcba6cb2/element - {"using":"xpath","value":"//input[@id=\"application-manageresources-display-component---newResourceUnit--idRuTSAdmin-application-manageresources-display-component---newResourceUnit--RUTimeSegment-0-inner\"]"}
RESULT: {"using":"xpath","value":"//input[@id=\"application-manageresources-display-component---newResourceUnit--idRuTSAdmin-application-manageresources-display-component---newResourceUnit--RUTimeSegment-0-inner\"]"}
COMMAND: POST /session/fefae731ffe12f9640dd1679bcba6cb2/element/f.260C0A6E86F32DC815D14290BCACE04C.d.7D78BBCF8A9A4B9AD2A2B641AE489302.e.2862/clear - {}
RESULT: {}
COMMAND: POST /session/fefae731ffe12f9640dd1679bcba6cb2/element/f.260C0A6E86F32DC815D14290BCACE04C.d.7D78BBCF8A9A4B9AD2A2B641AE489302.e.2862/value - {"text":"299"}
COMMAND: GET /session/fefae731ffe12f9640dd1679bcba6cb2/screenshot - {}
RESULT: {}
RESULT: {"text":"299"}
COMMAND: GET /session/fefae731ffe12f9640dd1679bcba6cb2/screenshot - {}
RESULT: {}
COMMAND: POST /session/fefae731ffe12f9640dd1679bcba6cb2/element - {"using":"xpath","value":"//li[.//span[text()='299']]"}
RESULT: {"using":"xpath","value":"//li[.//span[text()='299']]"}
COMMAND: POST /session/fefae731ffe12f9640dd1679bcba6cb2/element/f.260C0A6E86F32DC815D14290BCACE04C.d.7D78BBCF8A9A4B9AD2A2B641AE489302.e.2871/click - {}
RESULT: {}
COMMAND: GET /session/fefae731ffe12f9640dd1679bcba6cb2/screenshot - {}
RESULT: {}
COMMAND: POST /session/fefae731ffe12f9640dd1679bcba6cb2/element - {"using":"xpath","value":"(//span[contains(@id, \"-application-manageresources-display-component---newResourceUnit--RUTimeSegment-0-arrow\")])[2]"}
RESULT: {"using":"xpath","value":"(//span[contains(@id, \"-application-manageresources-display-component---newResourceUnit--RUTimeSegment-0-arrow\")])[2]"}
COMMAND: POST /session/fefae731ffe12f9640dd1679bcba6cb2/element/f.260C0A6E86F32DC815D14290BCACE04C.d.7D78BBCF8A9A4B9AD2A2B641AE489302.e.2872/click - {}
RESULT: {}
COMMAND: POST /session/fefae731ffe12f9640dd1679bcba6cb2/element - {"using":"xpath","value":"//span[contains(text(), \"PM Order\")]"}
COMMAND: GET /session/fefae731ffe12f9640dd1679bcba6cb2/screenshot - {}
RESULT: {"using":"xpath","value":"//span[contains(text(), \"PM Order\")]"}
COMMAND: POST /session/fefae731ffe12f9640dd1679bcba6cb2/element/f.260C0A6E86F32DC815D14290BCACE04C.d.7D78BBCF8A9A4B9AD2A2B641AE489302.e.2873/click - {}
RESULT: {}
RESULT: {}
COMMAND: GET /session/fefae731ffe12f9640dd1679bcba6cb2/screenshot - {}
RESULT: {}
COMMAND: POST /session/fefae731ffe12f9640dd1679bcba6cb2/element - {"using":"xpath","value":"//td/div/div/div/span[contains(@id, \"newResourceUnit--RUTimeSegment-0-vhi\")][1]"}
RESULT: {"using":"xpath","value":"//td/div/div/div/span[contains(@id, \"newResourceUnit--RUTimeSegment-0-vhi\")][1]"}
COMMAND: GET /session/fefae731ffe12f9640dd1679bcba6cb2/element/f.260C0A6E86F32DC815D14290BCACE04C.d.7D78BBCF8A9A4B9AD2A2B641AE489302.e.2877/rect - {}
RESULT: {}
COMMAND: GET /session/fefae731ffe12f9640dd1679bcba6cb2/window/rect - {}
RESULT: {}
COMMAND: POST /session/fefae731ffe12f9640dd1679bcba6cb2/execute/sync - {"script":"<script> [92 bytes]","args":[]}
RESULT: {"script":"<script> [92 bytes]","args":[]}
COMMAND: POST /session/fefae731ffe12f9640dd1679bcba6cb2/actions - {"actions":[{"id":"action7","type":"wheel","parameters":{},"actions":[{"type":"scroll","x":-1888,"y":-24,"deltaX":0,"deltaY":0,"duration":0,"origin":{"element-6066-11e4-a52e-4f735466cecf":"f.260C0A6E86F32DC815D14290BCACE04C.d.7D78BBCF8A9A4B9AD2A2B641AE489302.e.2877"}}]}]}
COMMAND: GET /session/fefae731ffe12f9640dd1679bcba6cb2/screenshot - {}
RESULT: {}
COMMAND: POST /session/fefae731ffe12f9640dd1679bcba6cb2/execute/sync - {"script":"<script> [79 bytes]","args":[{"element-6066-11e4-a52e-4f735466cecf":"f.260C0A6E86F32DC815D14290BCACE04C.d.7D78BBCF8A9A4B9AD2A2B641AE489302.e.2877","ELEMENT":"f.260C0A6E86F32DC815D14290BCACE04C.d.7D78BBCF8A9A4B9AD2A2B641AE489302.e.2877"},{"block":"start","inline":"nearest"}]}
RESULT: {"script":"<script> [79 bytes]","args":[{"element-6066-11e4-a52e-4f735466cecf":"f.260C0A6E86F32DC815D14290BCACE04C.d.7D78BBCF8A9A4B9AD2A2B641AE489302.e.2877","ELEMENT":"f.260C0A6E86F32DC815D14290BCACE04C.d.7D78BBCF8A9A4B9AD2A2B641AE489302.e.2877"},{"block":"start","inline":"nearest"}]}
COMMAND: GET /session/fefae731ffe12f9640dd1679bcba6cb2/screenshot - {}
RESULT: {}
COMMAND: POST /session/fefae731ffe12f9640dd1679bcba6cb2/element/f.260C0A6E86F32DC815D14290BCACE04C.d.7D78BBCF8A9A4B9AD2A2B641AE489302.e.2877/click - {}
RESULT: {}
COMMAND: GET /session/fefae731ffe12f9640dd1679bcba6cb2/screenshot - {}
RESULT: {}
RESULT: undefined
COMMAND: POST /session/fefae731ffe12f9640dd1679bcba6cb2/execute/async - {"script":"<script> [776 bytes]","args":[{"enterText":"4000360","selector":{"controlType":"sap.m.SearchField","properties":{"placeholder":"Search"},"searchOpenDialogs":true,"interaction":{"idSuffix":"I"}},"clearTextFirst":true,"interactionType":"ENTER_TEXT"}]}
RESULT: {"script":"<script> [776 bytes]","args":[{"enterText":"4000360","selector":{"controlType":"sap.m.SearchField","properties":{"placeholder":"Search"},"searchOpenDialogs":true,"interaction":{"idSuffix":"I"}},"clearTextFirst":true,"interactionType":"ENTER_TEXT"}]}
COMMAND: POST /session/fefae731ffe12f9640dd1679bcba6cb2/actions - {"actions":[{"id":"action8","type":"key","parameters":{},"actions":[{"type":"keyDown","value":"î€‡"},{"type":"pause","duration":10},{"type":"keyUp","value":"î€‡"}]}]}
RESULT: {"actions":[{"id":"action8","type":"key","parameters":{},"actions":[{"type":"keyDown","value":"î€‡"},{"type":"pause","duration":10},{"type":"keyUp","value":"î€‡"}]}]}
COMMAND: GET /session/fefae731ffe12f9640dd1679bcba6cb2/screenshot - {}
RESULT: {}
COMMAND: POST /session/fefae731ffe12f9640dd1679bcba6cb2/element - {"using":"xpath","value":"//td/div/span[contains(text(), \"BGL Vehicles\")]"}
RESULT: {"using":"xpath","value":"//td/div/span[contains(text(), \"BGL Vehicles\")]"}
COMMAND: POST /session/fefae731ffe12f9640dd1679bcba6cb2/element/f.260C0A6E86F32DC815D14290BCACE04C.d.7D78BBCF8A9A4B9AD2A2B641AE489302.e.2896/click - {}
RESULT: {}
COMMAND: GET /session/fefae731ffe12f9640dd1679bcba6cb2/screenshot - {}
RESULT: {}
COMMAND: POST /session/fefae731ffe12f9640dd1679bcba6cb2/element - {"using":"xpath","value":"//bdi[contains(text(), \"OK\")]"}
RESULT: {"using":"xpath","value":"//bdi[contains(text(), \"OK\")]"}
COMMAND: POST /session/fefae731ffe12f9640dd1679bcba6cb2/element/f.260C0A6E86F32DC815D14290BCACE04C.d.7D78BBCF8A9A4B9AD2A2B641AE489302.e.2897/click - {}
RESULT: {}
COMMAND: GET /session/fefae731ffe12f9640dd1679bcba6cb2/screenshot - {}
RESULT: {}
COMMAND: POST /session/fefae731ffe12f9640dd1679bcba6cb2/element - {"using":"xpath","value":"//label[contains(@class, 'sapMLabelRequired') and .//bdi[contains(text(), 'Planned Retirement')]]"}
RESULT: {"using":"xpath","value":"//label[contains(@class, 'sapMLabelRequired') and .//bdi[contains(text(), 'Planned Retirement')]]"}
COMMAND: POST /session/fefae731ffe12f9640dd1679bcba6cb2/elements - {"using":"xpath","value":"//label[contains(@class, 'sapMLabelRequired') and .//bdi[contains(text(), 'Planned Retirement')]]"}
RESULT: {"using":"xpath","value":"//label[contains(@class, 'sapMLabelRequired') and .//bdi[contains(text(), 'Planned Retirement')]]"}
COMMAND: POST /session/fefae731ffe12f9640dd1679bcba6cb2/element - {"using":"xpath","value":"//button[@data-kt=\"resourceUnitSaveButton\"]"}
RESULT: {"using":"xpath","value":"//button[@data-kt=\"resourceUnitSaveButton\"]"}
COMMAND: POST /session/fefae731ffe12f9640dd1679bcba6cb2/element/f.260C0A6E86F32DC815D14290BCACE04C.d.7D78BBCF8A9A4B9AD2A2B641AE489302.e.2800/click - {}
RESULT: {}
COMMAND: GET /session/fefae731ffe12f9640dd1679bcba6cb2/screenshot - {}
RESULT: {}
COMMAND: POST /session/fefae731ffe12f9640dd1679bcba6cb2/element - {"using":"xpath","value":"//bdi[contains(text(), \"Close\")]"}
RESULT: {"using":"xpath","value":"//bdi[contains(text(), \"Close\")]"}
COMMAND: POST /session/fefae731ffe12f9640dd1679bcba6cb2/element/f.260C0A6E86F32DC815D14290BCACE04C.d.7D78BBCF8A9A4B9AD2A2B641AE489302.e.2904/click - {}
RESULT: {}
COMMAND: GET /session/fefae731ffe12f9640dd1679bcba6cb2/screenshot - {}
RESULT: {}
COMMAND: POST /session/fefae731ffe12f9640dd1679bcba6cb2/element - {"using":"xpath","value":"//header[contains(@id, 'detailRruPage-headerTitle')]/div[1]/div[2]/div[2]/span[1]"}
RESULT: {"using":"xpath","value":"//header[contains(@id, 'detailRruPage-headerTitle')]/div[1]/div[2]/div[2]/span[1]"}
COMMAND: POST /session/fefae731ffe12f9640dd1679bcba6cb2/elements - {"using":"xpath","value":"//header[contains(@id, 'detailRruPage-headerTitle')]/div[1]/div[2]/div[2]/span[1]"}
RESULT: {"using":"xpath","value":"//header[contains(@id, 'detailRruPage-headerTitle')]/div[1]/div[2]/div[2]/span[1]"}
COMMAND: POST /session/fefae731ffe12f9640dd1679bcba6cb2/execute/sync - {"script":"<script> [56 bytes]","args":[{"element-6066-11e4-a52e-4f735466cecf":"f.260C0A6E86F32DC815D14290BCACE04C.d.7D78BBCF8A9A4B9AD2A2B641AE489302.e.2932","ELEMENT":"f.260C0A6E86F32DC815D14290BCACE04C.d.7D78BBCF8A9A4B9AD2A2B641AE489302.e.2932"}]}
RESULT: {"script":"<script> [56 bytes]","args":[{"element-6066-11e4-a52e-4f735466cecf":"f.260C0A6E86F32DC815D14290BCACE04C.d.7D78BBCF8A9A4B9AD2A2B641AE489302.e.2932","ELEMENT":"f.260C0A6E86F32DC815D14290BCACE04C.d.7D78BBCF8A9A4B9AD2A2B641AE489302.e.2932"}]}
COMMAND: POST /session/fefae731ffe12f9640dd1679bcba6cb2/element - {"using":"css selector","value":"#shell-header-logo"}
COMMAND: GET /session/fefae731ffe12f9640dd1679bcba6cb2/screenshot - {}
RESULT: {"using":"css selector","value":"#shell-header-logo"}
COMMAND: POST /session/fefae731ffe12f9640dd1679bcba6cb2/element/f.260C0A6E86F32DC815D14290BCACE04C.d.7D78BBCF8A9A4B9AD2A2B641AE489302.e.2399/click - {}
RESULT: {}
RESULT: {}
COMMAND: GET /session/fefae731ffe12f9640dd1679bcba6cb2/screenshot - {}
RESULT: {}
]]></system-out>
    </testcase>
    <testcase classname="chrome.136_0_7103_49.windows.Stock_increase_-_with_WHM_US125587" name="Bin Status Report Should Create New Organization yard" time="79.263">
      <system-out><![CDATA[
COMMAND: POST /session/fefae731ffe12f9640dd1679bcba6cb2/execute/async - {"script":"<script> [1562 bytes]","args":[{"selector":{"controlType":"sap.m.GenericTile","properties":{"header":"Bin Status Report"}},"wdio_ui5_key":"sapm.GenericTile{\"header\":\"Bin Status Report\"}"}]}
RESULT: {"script":"<script> [1562 bytes]","args":[{"selector":{"controlType":"sap.m.GenericTile","properties":{"header":"Bin Status Report"}},"wdio_ui5_key":"sapm.GenericTile{\"header\":\"Bin Status Report\"}"}]}
RESULT: undefined
COMMAND: POST /session/fefae731ffe12f9640dd1679bcba6cb2/element - {"using":"xpath","value":"//*[@id=\"__tile104\"]"}
RESULT: {"using":"xpath","value":"//*[@id=\"__tile104\"]"}
COMMAND: POST /session/fefae731ffe12f9640dd1679bcba6cb2/element/f.260C0A6E86F32DC815D14290BCACE04C.d.7D78BBCF8A9A4B9AD2A2B641AE489302.e.2934/click - {}
RESULT: {}
COMMAND: POST /session/fefae731ffe12f9640dd1679bcba6cb2/element - {"using":"xpath","value":"//button[@id=\"application-binstatusreport-display-component---warehousing--createOrgBtn\"]"}
COMMAND: GET /session/fefae731ffe12f9640dd1679bcba6cb2/screenshot - {}
RESULT: {}
RESULT: {"using":"xpath","value":"//button[@id=\"application-binstatusreport-display-component---warehousing--createOrgBtn\"]"}
COMMAND: POST /session/fefae731ffe12f9640dd1679bcba6cb2/elements - {"using":"xpath","value":"//button[@id=\"application-binstatusreport-display-component---warehousing--createOrgBtn\"]"}
RESULT: {"using":"xpath","value":"//button[@id=\"application-binstatusreport-display-component---warehousing--createOrgBtn\"]"}
COMMAND: POST /session/fefae731ffe12f9640dd1679bcba6cb2/elements - {"using":"xpath","value":"//button[@id=\"application-binstatusreport-display-component---warehousing--createOrgBtn\"]"}
RESULT: {"using":"xpath","value":"//button[@id=\"application-binstatusreport-display-component---warehousing--createOrgBtn\"]"}
COMMAND: POST /session/fefae731ffe12f9640dd1679bcba6cb2/elements - {"using":"xpath","value":"//button[@id=\"application-binstatusreport-display-component---warehousing--createOrgBtn\"]"}
RESULT: {"using":"xpath","value":"//button[@id=\"application-binstatusreport-display-component---warehousing--createOrgBtn\"]"}
COMMAND: POST /session/fefae731ffe12f9640dd1679bcba6cb2/elements - {"using":"xpath","value":"//button[@id=\"application-binstatusreport-display-component---warehousing--createOrgBtn\"]"}
RESULT: {"using":"xpath","value":"//button[@id=\"application-binstatusreport-display-component---warehousing--createOrgBtn\"]"}
COMMAND: POST /session/fefae731ffe12f9640dd1679bcba6cb2/element - {"using":"xpath","value":"//button[@id=\"application-binstatusreport-display-component---warehousing--createOrgBtn\"]"}
RESULT: {"using":"xpath","value":"//button[@id=\"application-binstatusreport-display-component---warehousing--createOrgBtn\"]"}
COMMAND: POST /session/fefae731ffe12f9640dd1679bcba6cb2/execute/sync - {"script":"<script> [8489 bytes]","args":[{"element-6066-11e4-a52e-4f735466cecf":"f.260C0A6E86F32DC815D14290BCACE04C.d.7D78BBCF8A9A4B9AD2A2B641AE489302.e.2973","ELEMENT":"f.260C0A6E86F32DC815D14290BCACE04C.d.7D78BBCF8A9A4B9AD2A2B641AE489302.e.2973"}]}
RESULT: {"script":"<script> [8489 bytes]","args":[{"element-6066-11e4-a52e-4f735466cecf":"f.260C0A6E86F32DC815D14290BCACE04C.d.7D78BBCF8A9A4B9AD2A2B641AE489302.e.2973","ELEMENT":"f.260C0A6E86F32DC815D14290BCACE04C.d.7D78BBCF8A9A4B9AD2A2B641AE489302.e.2973"}]}
COMMAND: GET /session/fefae731ffe12f9640dd1679bcba6cb2/element/f.260C0A6E86F32DC815D14290BCACE04C.d.7D78BBCF8A9A4B9AD2A2B641AE489302.e.2973/enabled - {}
COMMAND: GET /session/fefae731ffe12f9640dd1679bcba6cb2/screenshot - {}
RESULT: {}
COMMAND: POST /session/fefae731ffe12f9640dd1679bcba6cb2/execute/sync - {"script":"<script> [8489 bytes]","args":[{"element-6066-11e4-a52e-4f735466cecf":"f.260C0A6E86F32DC815D14290BCACE04C.d.7D78BBCF8A9A4B9AD2A2B641AE489302.e.2973","ELEMENT":"f.260C0A6E86F32DC815D14290BCACE04C.d.7D78BBCF8A9A4B9AD2A2B641AE489302.e.2973"}]}
COMMAND: GET /session/fefae731ffe12f9640dd1679bcba6cb2/screenshot - {}
RESULT: {}
RESULT: {"script":"<script> [8489 bytes]","args":[{"element-6066-11e4-a52e-4f735466cecf":"f.260C0A6E86F32DC815D14290BCACE04C.d.7D78BBCF8A9A4B9AD2A2B641AE489302.e.2973","ELEMENT":"f.260C0A6E86F32DC815D14290BCACE04C.d.7D78BBCF8A9A4B9AD2A2B641AE489302.e.2973"}]}
COMMAND: POST /session/fefae731ffe12f9640dd1679bcba6cb2/execute/sync - {"script":"<script> [5351 bytes]","args":[{"element-6066-11e4-a52e-4f735466cecf":"f.260C0A6E86F32DC815D14290BCACE04C.d.7D78BBCF8A9A4B9AD2A2B641AE489302.e.2973","ELEMENT":"f.260C0A6E86F32DC815D14290BCACE04C.d.7D78BBCF8A9A4B9AD2A2B641AE489302.e.2973"}]}
COMMAND: GET /session/fefae731ffe12f9640dd1679bcba6cb2/screenshot - {}
RESULT: {}
RESULT: {"script":"<script> [5351 bytes]","args":[{"element-6066-11e4-a52e-4f735466cecf":"f.260C0A6E86F32DC815D14290BCACE04C.d.7D78BBCF8A9A4B9AD2A2B641AE489302.e.2973","ELEMENT":"f.260C0A6E86F32DC815D14290BCACE04C.d.7D78BBCF8A9A4B9AD2A2B641AE489302.e.2973"}]}
COMMAND: GET /session/fefae731ffe12f9640dd1679bcba6cb2/screenshot - {}
RESULT: {}
RESULT: {}
COMMAND: POST /session/fefae731ffe12f9640dd1679bcba6cb2/element/f.260C0A6E86F32DC815D14290BCACE04C.d.7D78BBCF8A9A4B9AD2A2B641AE489302.e.2973/click - {}
RESULT: {}
COMMAND: GET /session/fefae731ffe12f9640dd1679bcba6cb2/screenshot - {}
RESULT: {}
COMMAND: POST /session/fefae731ffe12f9640dd1679bcba6cb2/execute/async - {"script":"<script> [1562 bytes]","args":[{"selector":{"id":"createOrganizationPop--sectionInput","searchOpenDialogs":true,"interaction":{"idSuffix":"inner"}},"wdio_ui5_key":"createOrganizationPopsectionInput"}]}
RESULT: {"script":"<script> [1562 bytes]","args":[{"selector":{"id":"createOrganizationPop--sectionInput","searchOpenDialogs":true,"interaction":{"idSuffix":"inner"}},"wdio_ui5_key":"createOrganizationPopsectionInput"}]}
RESULT: undefined
COMMAND: POST /session/fefae731ffe12f9640dd1679bcba6cb2/execute/async - {"script":"<script> [776 bytes]","args":[{"enterText":"WDIO-299","selector":{"id":"createOrganizationPop--sectionInput","searchOpenDialogs":true,"interaction":{"idSuffix":"inner"}},"clearTextFirst":true,"interactionType":"ENTER_TEXT"}]}
RESULT: {"script":"<script> [776 bytes]","args":[{"enterText":"WDIO-299","selector":{"id":"createOrganizationPop--sectionInput","searchOpenDialogs":true,"interaction":{"idSuffix":"inner"}},"clearTextFirst":true,"interactionType":"ENTER_TEXT"}]}
COMMAND: POST /session/fefae731ffe12f9640dd1679bcba6cb2/execute/async - {"script":"<script> [1562 bytes]","args":[{"selector":{"id":"createOrganizationPop--descriptionInput","searchOpenDialogs":true,"interaction":{"idSuffix":"inner"}},"wdio_ui5_key":"createOrganizationPopdescriptionInput"}]}
RESULT: {"script":"<script> [1562 bytes]","args":[{"selector":{"id":"createOrganizationPop--descriptionInput","searchOpenDialogs":true,"interaction":{"idSuffix":"inner"}},"wdio_ui5_key":"createOrganizationPopdescriptionInput"}]}
RESULT: undefined
COMMAND: POST /session/fefae731ffe12f9640dd1679bcba6cb2/execute/async - {"script":"<script> [776 bytes]","args":[{"enterText":"Shipping-299","selector":{"id":"createOrganizationPop--descriptionInput","searchOpenDialogs":true,"interaction":{"idSuffix":"inner"}},"clearTextFirst":true,"interactionType":"ENTER_TEXT"}]}
RESULT: {"script":"<script> [776 bytes]","args":[{"enterText":"Shipping-299","selector":{"id":"createOrganizationPop--descriptionInput","searchOpenDialogs":true,"interaction":{"idSuffix":"inner"}},"clearTextFirst":true,"interactionType":"ENTER_TEXT"}]}
COMMAND: POST /session/fefae731ffe12f9640dd1679bcba6cb2/element - {"using":"css selector","value":"#createOrganizationPop--yardOrg-inner"}
RESULT: {"using":"css selector","value":"#createOrganizationPop--yardOrg-inner"}
COMMAND: POST /session/fefae731ffe12f9640dd1679bcba6cb2/element/f.260C0A6E86F32DC815D14290BCACE04C.d.7D78BBCF8A9A4B9AD2A2B641AE489302.e.3030/clear - {}
RESULT: {}
COMMAND: POST /session/fefae731ffe12f9640dd1679bcba6cb2/element/f.260C0A6E86F32DC815D14290BCACE04C.d.7D78BBCF8A9A4B9AD2A2B641AE489302.e.3030/value - {"text":"299"}
COMMAND: GET /session/fefae731ffe12f9640dd1679bcba6cb2/screenshot - {}
RESULT: {"text":"299"}
COMMAND: GET /session/fefae731ffe12f9640dd1679bcba6cb2/screenshot - {}
RESULT: {}
RESULT: {}
COMMAND: POST /session/fefae731ffe12f9640dd1679bcba6cb2/actions - {"actions":[{"id":"action9","type":"key","parameters":{},"actions":[{"type":"keyDown","value":"î€‡"},{"type":"pause","duration":10},{"type":"keyUp","value":"î€‡"}]}]}
RESULT: {"actions":[{"id":"action9","type":"key","parameters":{},"actions":[{"type":"keyDown","value":"î€‡"},{"type":"pause","duration":10},{"type":"keyUp","value":"î€‡"}]}]}
COMMAND: POST /session/fefae731ffe12f9640dd1679bcba6cb2/execute/async - {"script":"<script> [1562 bytes]","args":[{"selector":{"id":"createOrganizationPop--grZone","searchOpenDialogs":true,"interaction":{"idSuffix":"CbBg"}},"wdio_ui5_key":"createOrganizationPopgrZone"}]}
COMMAND: GET /session/fefae731ffe12f9640dd1679bcba6cb2/screenshot - {}
RESULT: {"script":"<script> [1562 bytes]","args":[{"selector":{"id":"createOrganizationPop--grZone","searchOpenDialogs":true,"interaction":{"idSuffix":"CbBg"}},"wdio_ui5_key":"createOrganizationPopgrZone"}]}
RESULT: undefined
COMMAND: POST /session/fefae731ffe12f9640dd1679bcba6cb2/element - {"using":"xpath","value":"//*[@id=\"createOrganizationPop--grZone\"]"}
RESULT: {}
RESULT: {"using":"xpath","value":"//*[@id=\"createOrganizationPop--grZone\"]"}
COMMAND: POST /session/fefae731ffe12f9640dd1679bcba6cb2/element/f.260C0A6E86F32DC815D14290BCACE04C.d.7D78BBCF8A9A4B9AD2A2B641AE489302.e.3051/click - {}
RESULT: {}
COMMAND: GET /session/fefae731ffe12f9640dd1679bcba6cb2/screenshot - {}
RESULT: {}
COMMAND: POST /session/fefae731ffe12f9640dd1679bcba6cb2/execute/async - {"script":"<script> [1562 bytes]","args":[{"selector":{"id":"createOrganizationPop--giZone","searchOpenDialogs":true,"interaction":{"idSuffix":"CbBg"}},"wdio_ui5_key":"createOrganizationPopgiZone"}]}
RESULT: {"script":"<script> [1562 bytes]","args":[{"selector":{"id":"createOrganizationPop--giZone","searchOpenDialogs":true,"interaction":{"idSuffix":"CbBg"}},"wdio_ui5_key":"createOrganizationPopgiZone"}]}
RESULT: undefined
COMMAND: POST /session/fefae731ffe12f9640dd1679bcba6cb2/element - {"using":"xpath","value":"//*[@id=\"createOrganizationPop--giZone\"]"}
RESULT: {"using":"xpath","value":"//*[@id=\"createOrganizationPop--giZone\"]"}
COMMAND: POST /session/fefae731ffe12f9640dd1679bcba6cb2/element/f.260C0A6E86F32DC815D14290BCACE04C.d.7D78BBCF8A9A4B9AD2A2B641AE489302.e.3053/click - {}
RESULT: {}
COMMAND: GET /session/fefae731ffe12f9640dd1679bcba6cb2/screenshot - {}
RESULT: {}
COMMAND: POST /session/fefae731ffe12f9640dd1679bcba6cb2/execute/async - {"script":"<script> [1562 bytes]","args":[{"selector":{"id":"createOrganizationPop--binNoInput","searchOpenDialogs":true,"interaction":{"idSuffix":"inner"}},"wdio_ui5_key":"createOrganizationPopbinNoInput"}]}
RESULT: {"script":"<script> [1562 bytes]","args":[{"selector":{"id":"createOrganizationPop--binNoInput","searchOpenDialogs":true,"interaction":{"idSuffix":"inner"}},"wdio_ui5_key":"createOrganizationPopbinNoInput"}]}
RESULT: undefined
COMMAND: POST /session/fefae731ffe12f9640dd1679bcba6cb2/execute/async - {"script":"<script> [776 bytes]","args":[{"enterText":"Bin-Wd","selector":{"id":"createOrganizationPop--binNoInput","searchOpenDialogs":true,"interaction":{"idSuffix":"inner"}},"clearTextFirst":true,"interactionType":"ENTER_TEXT"}]}
RESULT: {"script":"<script> [776 bytes]","args":[{"enterText":"Bin-Wd","selector":{"id":"createOrganizationPop--binNoInput","searchOpenDialogs":true,"interaction":{"idSuffix":"inner"}},"clearTextFirst":true,"interactionType":"ENTER_TEXT"}]}
COMMAND: POST /session/fefae731ffe12f9640dd1679bcba6cb2/execute/async - {"script":"<script> [1562 bytes]","args":[{"selector":{"id":"createOrganizationPop--descriptionId","searchOpenDialogs":true,"interaction":{"idSuffix":"inner"}},"wdio_ui5_key":"createOrganizationPopdescriptionId"}]}
RESULT: {"script":"<script> [1562 bytes]","args":[{"selector":{"id":"createOrganizationPop--descriptionId","searchOpenDialogs":true,"interaction":{"idSuffix":"inner"}},"wdio_ui5_key":"createOrganizationPopdescriptionId"}]}
RESULT: undefined
COMMAND: POST /session/fefae731ffe12f9640dd1679bcba6cb2/execute/async - {"script":"<script> [776 bytes]","args":[{"enterText":"Shipping-Wd","selector":{"id":"createOrganizationPop--descriptionId","searchOpenDialogs":true,"interaction":{"idSuffix":"inner"}},"clearTextFirst":true,"interactionType":"ENTER_TEXT"}]}
RESULT: {"script":"<script> [776 bytes]","args":[{"enterText":"Shipping-Wd","selector":{"id":"createOrganizationPop--descriptionId","searchOpenDialogs":true,"interaction":{"idSuffix":"inner"}},"clearTextFirst":true,"interactionType":"ENTER_TEXT"}]}
COMMAND: POST /session/fefae731ffe12f9640dd1679bcba6cb2/execute/async - {"script":"<script> [1562 bytes]","args":[{"selector":{"controlType":"sap.m.CheckBox","viewName":"etm.portal.ui.binstatusreport.view.MasterWareBins","viewId":"application-binstatusreport-display-component---warehousing","bindingPath":{"path":"","propertyPath":"/ZONE","modelName":"newBin"},"searchOpenDialogs":true,"interaction":{"idSuffix":"CbBg"}},"wdio_ui5_key":"etmportal.ui.binstatusreport.view.MasterWareBinssap.m.CheckBox{\"path\":\"\",\"propertyPath\":\"/ZONE\",\"modelName\":\"newBin\"}"}]}
RESULT: {"script":"<script> [1562 bytes]","args":[{"selector":{"controlType":"sap.m.CheckBox","viewName":"etm.portal.ui.binstatusreport.view.MasterWareBins","viewId":"application-binstatusreport-display-component---warehousing","bindingPath":{"path":"","propertyPath":"/ZONE","modelName":"newBin"},"searchOpenDialogs":true,"interaction":{"idSuffix":"CbBg"}},"wdio_ui5_key":"etmportal.ui.binstatusreport.view.MasterWareBinssap.m.CheckBox{\"path\":\"\",\"propertyPath\":\"/ZONE\",\"modelName\":\"newBin\"}"}]}
RESULT: undefined
COMMAND: POST /session/fefae731ffe12f9640dd1679bcba6cb2/element - {"using":"xpath","value":"//*[@id=\"__box56\"]"}
RESULT: {"using":"xpath","value":"//*[@id=\"__box56\"]"}
COMMAND: POST /session/fefae731ffe12f9640dd1679bcba6cb2/element/f.260C0A6E86F32DC815D14290BCACE04C.d.7D78BBCF8A9A4B9AD2A2B641AE489302.e.3057/click - {}
RESULT: {}
COMMAND: GET /session/fefae731ffe12f9640dd1679bcba6cb2/screenshot - {}
RESULT: {}
COMMAND: POST /session/fefae731ffe12f9640dd1679bcba6cb2/execute/async - {"script":"<script> [1562 bytes]","args":[{"selector":{"id":"createOrganizationPop--binTypesCB","searchOpenDialogs":true,"interaction":{"idSuffix":"inner"}},"wdio_ui5_key":"createOrganizationPopbinTypesCB"}]}
RESULT: {"script":"<script> [1562 bytes]","args":[{"selector":{"id":"createOrganizationPop--binTypesCB","searchOpenDialogs":true,"interaction":{"idSuffix":"inner"}},"wdio_ui5_key":"createOrganizationPopbinTypesCB"}]}
RESULT: undefined
COMMAND: POST /session/fefae731ffe12f9640dd1679bcba6cb2/execute/async - {"script":"<script> [776 bytes]","args":[{"enterText":"1 - General / No capacity check","selector":{"id":"createOrganizationPop--binTypesCB","searchOpenDialogs":true,"interaction":{"idSuffix":"inner"}},"clearTextFirst":true,"interactionType":"ENTER_TEXT"}]}
RESULT: {"script":"<script> [776 bytes]","args":[{"enterText":"1 - General / No capacity check","selector":{"id":"createOrganizationPop--binTypesCB","searchOpenDialogs":true,"interaction":{"idSuffix":"inner"}},"clearTextFirst":true,"interactionType":"ENTER_TEXT"}]}
COMMAND: POST /session/fefae731ffe12f9640dd1679bcba6cb2/actions - {"actions":[{"id":"action10","type":"key","parameters":{},"actions":[{"type":"keyDown","value":"î€‡"},{"type":"pause","duration":10},{"type":"keyUp","value":"î€‡"}]}]}
RESULT: {"actions":[{"id":"action10","type":"key","parameters":{},"actions":[{"type":"keyDown","value":"î€‡"},{"type":"pause","duration":10},{"type":"keyUp","value":"î€‡"}]}]}
COMMAND: GET /session/fefae731ffe12f9640dd1679bcba6cb2/screenshot - {}
RESULT: {}
COMMAND: POST /session/fefae731ffe12f9640dd1679bcba6cb2/execute/async - {"script":"<script> [1562 bytes]","args":[{"selector":{"id":"createOrganizationPop--finishBtn","searchOpenDialogs":true,"interaction":{"idSuffix":"BDI-content"}},"wdio_ui5_key":"createOrganizationPopfinishBtn"}]}
RESULT: {"script":"<script> [1562 bytes]","args":[{"selector":{"id":"createOrganizationPop--finishBtn","searchOpenDialogs":true,"interaction":{"idSuffix":"BDI-content"}},"wdio_ui5_key":"createOrganizationPopfinishBtn"}]}
RESULT: undefined
COMMAND: POST /session/fefae731ffe12f9640dd1679bcba6cb2/element - {"using":"xpath","value":"//*[@id=\"createOrganizationPop--finishBtn\"]"}
RESULT: {"using":"xpath","value":"//*[@id=\"createOrganizationPop--finishBtn\"]"}
COMMAND: POST /session/fefae731ffe12f9640dd1679bcba6cb2/element/f.260C0A6E86F32DC815D14290BCACE04C.d.7D78BBCF8A9A4B9AD2A2B641AE489302.e.3060/click - {}
RESULT: {}
COMMAND: GET /session/fefae731ffe12f9640dd1679bcba6cb2/screenshot - {}
RESULT: {}
COMMAND: POST /session/fefae731ffe12f9640dd1679bcba6cb2/element - {"using":"css selector","value":"#shell-header-logo"}
RESULT: {"using":"css selector","value":"#shell-header-logo"}
COMMAND: POST /session/fefae731ffe12f9640dd1679bcba6cb2/element/f.260C0A6E86F32DC815D14290BCACE04C.d.7D78BBCF8A9A4B9AD2A2B641AE489302.e.2941/click - {}
RESULT: {}
COMMAND: GET /session/fefae731ffe12f9640dd1679bcba6cb2/screenshot - {}
RESULT: {}
]]></system-out>
    </testcase>
    <testcase classname="chrome.136_0_7103_49.windows.Stock_increase_-_with_WHM_US125587" name="Bin Status Report Should Create New Organization for Site" time="64.386">
      <system-out><![CDATA[
RESULT: undefined
COMMAND: POST /session/fefae731ffe12f9640dd1679bcba6cb2/element - {"using":"xpath","value":"//*[@id=\"__tile104\"]"}
RESULT: {"using":"xpath","value":"//*[@id=\"__tile104\"]"}
COMMAND: POST /session/fefae731ffe12f9640dd1679bcba6cb2/element/f.260C0A6E86F32DC815D14290BCACE04C.d.7D78BBCF8A9A4B9AD2A2B641AE489302.e.2934/click - {}
RESULT: {}
COMMAND: POST /session/fefae731ffe12f9640dd1679bcba6cb2/element - {"using":"xpath","value":"//button[@id=\"application-binstatusreport-display-component---warehousing--createOrgBtn\"]"}
COMMAND: GET /session/fefae731ffe12f9640dd1679bcba6cb2/screenshot - {}
RESULT: {"using":"xpath","value":"//button[@id=\"application-binstatusreport-display-component---warehousing--createOrgBtn\"]"}
COMMAND: POST /session/fefae731ffe12f9640dd1679bcba6cb2/elements - {"using":"xpath","value":"//button[@id=\"application-binstatusreport-display-component---warehousing--createOrgBtn\"]"}
RESULT: {}
RESULT: {"using":"xpath","value":"//button[@id=\"application-binstatusreport-display-component---warehousing--createOrgBtn\"]"}
COMMAND: POST /session/fefae731ffe12f9640dd1679bcba6cb2/execute/sync - {"script":"<script> [8489 bytes]","args":[{"element-6066-11e4-a52e-4f735466cecf":"f.260C0A6E86F32DC815D14290BCACE04C.d.7D78BBCF8A9A4B9AD2A2B641AE489302.e.3122","ELEMENT":"f.260C0A6E86F32DC815D14290BCACE04C.d.7D78BBCF8A9A4B9AD2A2B641AE489302.e.3122"}]}
RESULT: {"script":"<script> [8489 bytes]","args":[{"element-6066-11e4-a52e-4f735466cecf":"f.260C0A6E86F32DC815D14290BCACE04C.d.7D78BBCF8A9A4B9AD2A2B641AE489302.e.3122","ELEMENT":"f.260C0A6E86F32DC815D14290BCACE04C.d.7D78BBCF8A9A4B9AD2A2B641AE489302.e.3122"}]}
COMMAND: GET /session/fefae731ffe12f9640dd1679bcba6cb2/element/f.260C0A6E86F32DC815D14290BCACE04C.d.7D78BBCF8A9A4B9AD2A2B641AE489302.e.3122/enabled - {}
COMMAND: GET /session/fefae731ffe12f9640dd1679bcba6cb2/screenshot - {}
RESULT: {}
COMMAND: POST /session/fefae731ffe12f9640dd1679bcba6cb2/execute/sync - {"script":"<script> [8489 bytes]","args":[{"element-6066-11e4-a52e-4f735466cecf":"f.260C0A6E86F32DC815D14290BCACE04C.d.7D78BBCF8A9A4B9AD2A2B641AE489302.e.3122","ELEMENT":"f.260C0A6E86F32DC815D14290BCACE04C.d.7D78BBCF8A9A4B9AD2A2B641AE489302.e.3122"}]}
COMMAND: GET /session/fefae731ffe12f9640dd1679bcba6cb2/screenshot - {}
RESULT: {}
RESULT: {"script":"<script> [8489 bytes]","args":[{"element-6066-11e4-a52e-4f735466cecf":"f.260C0A6E86F32DC815D14290BCACE04C.d.7D78BBCF8A9A4B9AD2A2B641AE489302.e.3122","ELEMENT":"f.260C0A6E86F32DC815D14290BCACE04C.d.7D78BBCF8A9A4B9AD2A2B641AE489302.e.3122"}]}
COMMAND: POST /session/fefae731ffe12f9640dd1679bcba6cb2/execute/sync - {"script":"<script> [5351 bytes]","args":[{"element-6066-11e4-a52e-4f735466cecf":"f.260C0A6E86F32DC815D14290BCACE04C.d.7D78BBCF8A9A4B9AD2A2B641AE489302.e.3122","ELEMENT":"f.260C0A6E86F32DC815D14290BCACE04C.d.7D78BBCF8A9A4B9AD2A2B641AE489302.e.3122"}]}
COMMAND: GET /session/fefae731ffe12f9640dd1679bcba6cb2/screenshot - {}
RESULT: {}
RESULT: {"script":"<script> [5351 bytes]","args":[{"element-6066-11e4-a52e-4f735466cecf":"f.260C0A6E86F32DC815D14290BCACE04C.d.7D78BBCF8A9A4B9AD2A2B641AE489302.e.3122","ELEMENT":"f.260C0A6E86F32DC815D14290BCACE04C.d.7D78BBCF8A9A4B9AD2A2B641AE489302.e.3122"}]}
COMMAND: GET /session/fefae731ffe12f9640dd1679bcba6cb2/screenshot - {}
RESULT: {}
RESULT: {}
COMMAND: POST /session/fefae731ffe12f9640dd1679bcba6cb2/element/f.260C0A6E86F32DC815D14290BCACE04C.d.7D78BBCF8A9A4B9AD2A2B641AE489302.e.3122/click - {}
RESULT: {}
COMMAND: GET /session/fefae731ffe12f9640dd1679bcba6cb2/screenshot - {}
RESULT: {}
RESULT: undefined
COMMAND: POST /session/fefae731ffe12f9640dd1679bcba6cb2/execute/async - {"script":"<script> [776 bytes]","args":[{"enterText":"2102","selector":{"id":"createOrganizationPop--sectionInput","searchOpenDialogs":true,"interaction":{"idSuffix":"inner"}},"clearTextFirst":true,"interactionType":"ENTER_TEXT"}]}
RESULT: {"script":"<script> [776 bytes]","args":[{"enterText":"2102","selector":{"id":"createOrganizationPop--sectionInput","searchOpenDialogs":true,"interaction":{"idSuffix":"inner"}},"clearTextFirst":true,"interactionType":"ENTER_TEXT"}]}
RESULT: undefined
COMMAND: POST /session/fefae731ffe12f9640dd1679bcba6cb2/execute/async - {"script":"<script> [776 bytes]","args":[{"enterText":"WDIO-2102","selector":{"id":"createOrganizationPop--descriptionInput","searchOpenDialogs":true,"interaction":{"idSuffix":"inner"}},"clearTextFirst":true,"interactionType":"ENTER_TEXT"}]}
RESULT: {"script":"<script> [776 bytes]","args":[{"enterText":"WDIO-2102","selector":{"id":"createOrganizationPop--descriptionInput","searchOpenDialogs":true,"interaction":{"idSuffix":"inner"}},"clearTextFirst":true,"interactionType":"ENTER_TEXT"}]}
COMMAND: POST /session/fefae731ffe12f9640dd1679bcba6cb2/element - {"using":"css selector","value":"#createOrganizationPop--siteOrg-inner"}
RESULT: {"using":"css selector","value":"#createOrganizationPop--siteOrg-inner"}
COMMAND: POST /session/fefae731ffe12f9640dd1679bcba6cb2/element/f.260C0A6E86F32DC815D14290BCACE04C.d.7D78BBCF8A9A4B9AD2A2B641AE489302.e.3137/clear - {}
RESULT: {}
COMMAND: POST /session/fefae731ffe12f9640dd1679bcba6cb2/element/f.260C0A6E86F32DC815D14290BCACE04C.d.7D78BBCF8A9A4B9AD2A2B641AE489302.e.3137/value - {"text":"2102"}
COMMAND: GET /session/fefae731ffe12f9640dd1679bcba6cb2/screenshot - {}
RESULT: {"text":"2102"}
COMMAND: GET /session/fefae731ffe12f9640dd1679bcba6cb2/screenshot - {}
RESULT: {}
RESULT: {}
COMMAND: POST /session/fefae731ffe12f9640dd1679bcba6cb2/actions - {"actions":[{"id":"action11","type":"key","parameters":{},"actions":[{"type":"keyDown","value":"î€‡"},{"type":"pause","duration":10},{"type":"keyUp","value":"î€‡"}]}]}
RESULT: {"actions":[{"id":"action11","type":"key","parameters":{},"actions":[{"type":"keyDown","value":"î€‡"},{"type":"pause","duration":10},{"type":"keyUp","value":"î€‡"}]}]}
RESULT: undefined
COMMAND: POST /session/fefae731ffe12f9640dd1679bcba6cb2/element - {"using":"xpath","value":"//*[@id=\"createOrganizationPop--giZone\"]"}
COMMAND: GET /session/fefae731ffe12f9640dd1679bcba6cb2/screenshot - {}
RESULT: {"using":"xpath","value":"//*[@id=\"createOrganizationPop--giZone\"]"}
COMMAND: POST /session/fefae731ffe12f9640dd1679bcba6cb2/element/f.260C0A6E86F32DC815D14290BCACE04C.d.7D78BBCF8A9A4B9AD2A2B641AE489302.e.3155/click - {}
RESULT: {}
RESULT: {}
COMMAND: GET /session/fefae731ffe12f9640dd1679bcba6cb2/screenshot - {}
RESULT: {}
RESULT: undefined
COMMAND: POST /session/fefae731ffe12f9640dd1679bcba6cb2/execute/async - {"script":"<script> [776 bytes]","args":[{"enterText":"WD-BIN","selector":{"id":"createOrganizationPop--binNoInput","searchOpenDialogs":true,"interaction":{"idSuffix":"inner"}},"clearTextFirst":true,"interactionType":"ENTER_TEXT"}]}
RESULT: {"script":"<script> [776 bytes]","args":[{"enterText":"WD-BIN","selector":{"id":"createOrganizationPop--binNoInput","searchOpenDialogs":true,"interaction":{"idSuffix":"inner"}},"clearTextFirst":true,"interactionType":"ENTER_TEXT"}]}
RESULT: undefined
COMMAND: POST /session/fefae731ffe12f9640dd1679bcba6cb2/execute/async - {"script":"<script> [776 bytes]","args":[{"enterText":"WD-BIN","selector":{"id":"createOrganizationPop--descriptionId","searchOpenDialogs":true,"interaction":{"idSuffix":"inner"}},"clearTextFirst":true,"interactionType":"ENTER_TEXT"}]}
RESULT: {"script":"<script> [776 bytes]","args":[{"enterText":"WD-BIN","selector":{"id":"createOrganizationPop--descriptionId","searchOpenDialogs":true,"interaction":{"idSuffix":"inner"}},"clearTextFirst":true,"interactionType":"ENTER_TEXT"}]}
COMMAND: POST /session/fefae731ffe12f9640dd1679bcba6cb2/execute/async - {"script":"<script> [1562 bytes]","args":[{"selector":{"controlType":"sap.m.CheckBox","viewName":"etm.portal.ui.binstatusreport.view.MasterWareBins","viewId":"application-binstatusreport-display-component---warehousing","bindingPath":{"propertyPath":"/ZONE","modelName":"newBin"},"searchOpenDialogs":true,"interaction":{"idSuffix":"CbBg"}},"wdio_ui5_key":"etmportal.ui.binstatusreport.view.MasterWareBinssap.m.CheckBox{\"propertyPath\":\"/ZONE\",\"modelName\":\"newBin\"}"}]}
RESULT: {"script":"<script> [1562 bytes]","args":[{"selector":{"controlType":"sap.m.CheckBox","viewName":"etm.portal.ui.binstatusreport.view.MasterWareBins","viewId":"application-binstatusreport-display-component---warehousing","bindingPath":{"propertyPath":"/ZONE","modelName":"newBin"},"searchOpenDialogs":true,"interaction":{"idSuffix":"CbBg"}},"wdio_ui5_key":"etmportal.ui.binstatusreport.view.MasterWareBinssap.m.CheckBox{\"propertyPath\":\"/ZONE\",\"modelName\":\"newBin\"}"}]}
RESULT: undefined
COMMAND: POST /session/fefae731ffe12f9640dd1679bcba6cb2/element - {"using":"xpath","value":"//*[@id=\"__box68\"]"}
RESULT: {"using":"xpath","value":"//*[@id=\"__box68\"]"}
COMMAND: POST /session/fefae731ffe12f9640dd1679bcba6cb2/element/f.260C0A6E86F32DC815D14290BCACE04C.d.7D78BBCF8A9A4B9AD2A2B641AE489302.e.3157/click - {}
RESULT: {}
COMMAND: GET /session/fefae731ffe12f9640dd1679bcba6cb2/screenshot - {}
RESULT: {}
RESULT: undefined
COMMAND: POST /session/fefae731ffe12f9640dd1679bcba6cb2/execute/async - {"script":"<script> [776 bytes]","args":[{"enterText":"1 - General / No capacity check","selector":{"id":"createOrganizationPop--binTypesCB","searchOpenDialogs":true,"interaction":{"idSuffix":"inner"}},"clearTextFirst":true,"interactionType":"ENTER_TEXT"}]}
RESULT: {"script":"<script> [776 bytes]","args":[{"enterText":"1 - General / No capacity check","selector":{"id":"createOrganizationPop--binTypesCB","searchOpenDialogs":true,"interaction":{"idSuffix":"inner"}},"clearTextFirst":true,"interactionType":"ENTER_TEXT"}]}
COMMAND: POST /session/fefae731ffe12f9640dd1679bcba6cb2/execute/async - {"script":"<script> [1562 bytes]","args":[{"selector":{"id":"createOrganizationPop--capacityId","searchOpenDialogs":true,"interaction":{"idSuffix":"inner"}},"wdio_ui5_key":"createOrganizationPopcapacityId"}]}
RESULT: {"script":"<script> [1562 bytes]","args":[{"selector":{"id":"createOrganizationPop--capacityId","searchOpenDialogs":true,"interaction":{"idSuffix":"inner"}},"wdio_ui5_key":"createOrganizationPopcapacityId"}]}
RESULT: undefined
COMMAND: POST /session/fefae731ffe12f9640dd1679bcba6cb2/actions - {"actions":[{"id":"action12","type":"key","parameters":{},"actions":[{"type":"keyDown","value":"î€‡"},{"type":"pause","duration":10},{"type":"keyUp","value":"î€‡"}]}]}
RESULT: {"actions":[{"id":"action12","type":"key","parameters":{},"actions":[{"type":"keyDown","value":"î€‡"},{"type":"pause","duration":10},{"type":"keyUp","value":"î€‡"}]}]}
COMMAND: GET /session/fefae731ffe12f9640dd1679bcba6cb2/screenshot - {}
RESULT: {}
RESULT: undefined
COMMAND: POST /session/fefae731ffe12f9640dd1679bcba6cb2/element - {"using":"xpath","value":"//*[@id=\"createOrganizationPop--finishBtn\"]"}
RESULT: {"using":"xpath","value":"//*[@id=\"createOrganizationPop--finishBtn\"]"}
COMMAND: POST /session/fefae731ffe12f9640dd1679bcba6cb2/element/f.260C0A6E86F32DC815D14290BCACE04C.d.7D78BBCF8A9A4B9AD2A2B641AE489302.e.3164/click - {}
RESULT: {}
COMMAND: GET /session/fefae731ffe12f9640dd1679bcba6cb2/screenshot - {}
RESULT: {}
COMMAND: POST /session/fefae731ffe12f9640dd1679bcba6cb2/element - {"using":"css selector","value":"#shell-header-logo"}
RESULT: {"using":"css selector","value":"#shell-header-logo"}
COMMAND: POST /session/fefae731ffe12f9640dd1679bcba6cb2/element/f.260C0A6E86F32DC815D14290BCACE04C.d.7D78BBCF8A9A4B9AD2A2B641AE489302.e.3069/click - {}
RESULT: {}
COMMAND: GET /session/fefae731ffe12f9640dd1679bcba6cb2/screenshot - {}
RESULT: {}
]]></system-out>
    </testcase>
    <testcase classname="chrome.136_0_7103_49.windows.Stock_increase_-_with_WHM_US125587" name="Create a Warehouse Movement for created yard" time="48.51">
      <system-out><![CDATA[
COMMAND: POST /session/fefae731ffe12f9640dd1679bcba6cb2/execute/async - {"script":"<script> [1562 bytes]","args":[{"selector":{"controlType":"sap.m.GenericTile","properties":{"header":"Manage Warehouse Movements"}},"wdio_ui5_key":"sapm.GenericTile{\"header\":\"Manage Warehouse Movements\"}"}]}
RESULT: {"script":"<script> [1562 bytes]","args":[{"selector":{"controlType":"sap.m.GenericTile","properties":{"header":"Manage Warehouse Movements"}},"wdio_ui5_key":"sapm.GenericTile{\"header\":\"Manage Warehouse Movements\"}"}]}
RESULT: undefined
COMMAND: POST /session/fefae731ffe12f9640dd1679bcba6cb2/element - {"using":"xpath","value":"//*[@id=\"__tile105\"]"}
RESULT: {"using":"xpath","value":"//*[@id=\"__tile105\"]"}
COMMAND: POST /session/fefae731ffe12f9640dd1679bcba6cb2/element/f.260C0A6E86F32DC815D14290BCACE04C.d.7D78BBCF8A9A4B9AD2A2B641AE489302.e.108/click - {}
RESULT: {}
COMMAND: POST /session/fefae731ffe12f9640dd1679bcba6cb2/element - {"using":"xpath","value":"//input[@id='application-warehousemovements-display-component---warehouseMovements--smartFilterBar-filterItemControl_BASIC-YARD-inner']"}
COMMAND: GET /session/fefae731ffe12f9640dd1679bcba6cb2/screenshot - {}
RESULT: {"using":"xpath","value":"//input[@id='application-warehousemovements-display-component---warehouseMovements--smartFilterBar-filterItemControl_BASIC-YARD-inner']"}
COMMAND: POST /session/fefae731ffe12f9640dd1679bcba6cb2/elements - {"using":"xpath","value":"//input[@id='application-warehousemovements-display-component---warehouseMovements--smartFilterBar-filterItemControl_BASIC-YARD-inner']"}
RESULT: {}
RESULT: {"using":"xpath","value":"//input[@id='application-warehousemovements-display-component---warehouseMovements--smartFilterBar-filterItemControl_BASIC-YARD-inner']"}
COMMAND: POST /session/fefae731ffe12f9640dd1679bcba6cb2/elements - {"using":"xpath","value":"//input[@id='application-warehousemovements-display-component---warehouseMovements--smartFilterBar-filterItemControl_BASIC-YARD-inner']"}
RESULT: {"using":"xpath","value":"//input[@id='application-warehousemovements-display-component---warehouseMovements--smartFilterBar-filterItemControl_BASIC-YARD-inner']"}
COMMAND: POST /session/fefae731ffe12f9640dd1679bcba6cb2/elements - {"using":"xpath","value":"//input[@id='application-warehousemovements-display-component---warehouseMovements--smartFilterBar-filterItemControl_BASIC-YARD-inner']"}
RESULT: {"using":"xpath","value":"//input[@id='application-warehousemovements-display-component---warehouseMovements--smartFilterBar-filterItemControl_BASIC-YARD-inner']"}
COMMAND: POST /session/fefae731ffe12f9640dd1679bcba6cb2/elements - {"using":"xpath","value":"//input[@id='application-warehousemovements-display-component---warehouseMovements--smartFilterBar-filterItemControl_BASIC-YARD-inner']"}
RESULT: {"using":"xpath","value":"//input[@id='application-warehousemovements-display-component---warehouseMovements--smartFilterBar-filterItemControl_BASIC-YARD-inner']"}
COMMAND: POST /session/fefae731ffe12f9640dd1679bcba6cb2/elements - {"using":"xpath","value":"//input[@id='application-warehousemovements-display-component---warehouseMovements--smartFilterBar-filterItemControl_BASIC-YARD-inner']"}
RESULT: {"using":"xpath","value":"//input[@id='application-warehousemovements-display-component---warehouseMovements--smartFilterBar-filterItemControl_BASIC-YARD-inner']"}
COMMAND: POST /session/fefae731ffe12f9640dd1679bcba6cb2/element - {"using":"xpath","value":"//input[@id='application-warehousemovements-display-component---warehouseMovements--smartFilterBar-filterItemControl_BASIC-YARD-inner']"}
RESULT: {"using":"xpath","value":"//input[@id='application-warehousemovements-display-component---warehouseMovements--smartFilterBar-filterItemControl_BASIC-YARD-inner']"}
COMMAND: POST /session/fefae731ffe12f9640dd1679bcba6cb2/execute/sync - {"script":"<script> [8489 bytes]","args":[{"element-6066-11e4-a52e-4f735466cecf":"f.260C0A6E86F32DC815D14290BCACE04C.d.7D78BBCF8A9A4B9AD2A2B641AE489302.e.3213","ELEMENT":"f.260C0A6E86F32DC815D14290BCACE04C.d.7D78BBCF8A9A4B9AD2A2B641AE489302.e.3213"}]}
RESULT: {"script":"<script> [8489 bytes]","args":[{"element-6066-11e4-a52e-4f735466cecf":"f.260C0A6E86F32DC815D14290BCACE04C.d.7D78BBCF8A9A4B9AD2A2B641AE489302.e.3213","ELEMENT":"f.260C0A6E86F32DC815D14290BCACE04C.d.7D78BBCF8A9A4B9AD2A2B641AE489302.e.3213"}]}
COMMAND: GET /session/fefae731ffe12f9640dd1679bcba6cb2/element/f.260C0A6E86F32DC815D14290BCACE04C.d.7D78BBCF8A9A4B9AD2A2B641AE489302.e.3213/enabled - {}
COMMAND: GET /session/fefae731ffe12f9640dd1679bcba6cb2/screenshot - {}
RESULT: {}
COMMAND: POST /session/fefae731ffe12f9640dd1679bcba6cb2/execute/sync - {"script":"<script> [8489 bytes]","args":[{"element-6066-11e4-a52e-4f735466cecf":"f.260C0A6E86F32DC815D14290BCACE04C.d.7D78BBCF8A9A4B9AD2A2B641AE489302.e.3213","ELEMENT":"f.260C0A6E86F32DC815D14290BCACE04C.d.7D78BBCF8A9A4B9AD2A2B641AE489302.e.3213"}]}
COMMAND: GET /session/fefae731ffe12f9640dd1679bcba6cb2/screenshot - {}
RESULT: {}
RESULT: {"script":"<script> [8489 bytes]","args":[{"element-6066-11e4-a52e-4f735466cecf":"f.260C0A6E86F32DC815D14290BCACE04C.d.7D78BBCF8A9A4B9AD2A2B641AE489302.e.3213","ELEMENT":"f.260C0A6E86F32DC815D14290BCACE04C.d.7D78BBCF8A9A4B9AD2A2B641AE489302.e.3213"}]}
COMMAND: POST /session/fefae731ffe12f9640dd1679bcba6cb2/execute/sync - {"script":"<script> [5351 bytes]","args":[{"element-6066-11e4-a52e-4f735466cecf":"f.260C0A6E86F32DC815D14290BCACE04C.d.7D78BBCF8A9A4B9AD2A2B641AE489302.e.3213","ELEMENT":"f.260C0A6E86F32DC815D14290BCACE04C.d.7D78BBCF8A9A4B9AD2A2B641AE489302.e.3213"}]}
COMMAND: GET /session/fefae731ffe12f9640dd1679bcba6cb2/screenshot - {}
RESULT: {}
RESULT: {"script":"<script> [5351 bytes]","args":[{"element-6066-11e4-a52e-4f735466cecf":"f.260C0A6E86F32DC815D14290BCACE04C.d.7D78BBCF8A9A4B9AD2A2B641AE489302.e.3213","ELEMENT":"f.260C0A6E86F32DC815D14290BCACE04C.d.7D78BBCF8A9A4B9AD2A2B641AE489302.e.3213"}]}
COMMAND: GET /session/fefae731ffe12f9640dd1679bcba6cb2/screenshot - {}
RESULT: {}
RESULT: {}
COMMAND: POST /session/fefae731ffe12f9640dd1679bcba6cb2/element/f.260C0A6E86F32DC815D14290BCACE04C.d.7D78BBCF8A9A4B9AD2A2B641AE489302.e.3213/clear - {}
RESULT: {}
COMMAND: POST /session/fefae731ffe12f9640dd1679bcba6cb2/element/f.260C0A6E86F32DC815D14290BCACE04C.d.7D78BBCF8A9A4B9AD2A2B641AE489302.e.3213/value - {"text":"299"}
COMMAND: GET /session/fefae731ffe12f9640dd1679bcba6cb2/screenshot - {}
RESULT: {"text":"299"}
COMMAND: POST /session/fefae731ffe12f9640dd1679bcba6cb2/actions - {"actions":[{"id":"action13","type":"key","parameters":{},"actions":[{"type":"keyDown","value":"î€‡"},{"type":"pause","duration":10},{"type":"keyUp","value":"î€‡"}]}]}
COMMAND: GET /session/fefae731ffe12f9640dd1679bcba6cb2/screenshot - {}
RESULT: {}
RESULT: {"actions":[{"id":"action13","type":"key","parameters":{},"actions":[{"type":"keyDown","value":"î€‡"},{"type":"pause","duration":10},{"type":"keyUp","value":"î€‡"}]}]}
COMMAND: GET /session/fefae731ffe12f9640dd1679bcba6cb2/screenshot - {}
RESULT: {}
RESULT: {}
COMMAND: POST /session/fefae731ffe12f9640dd1679bcba6cb2/element - {"using":"xpath","value":"//button[contains(@data-kt, \"MasterMovementAddOverflowToolbarButton\")]"}
RESULT: {"using":"xpath","value":"//button[contains(@data-kt, \"MasterMovementAddOverflowToolbarButton\")]"}
COMMAND: POST /session/fefae731ffe12f9640dd1679bcba6cb2/element/f.260C0A6E86F32DC815D14290BCACE04C.d.7D78BBCF8A9A4B9AD2A2B641AE489302.e.3238/click - {}
RESULT: {}
COMMAND: GET /session/fefae731ffe12f9640dd1679bcba6cb2/screenshot - {}
RESULT: {}
COMMAND: POST /session/fefae731ffe12f9640dd1679bcba6cb2/element - {"using":"xpath","value":"//*[@id=\"application-warehousemovements-display-component---addMovement--sectionsList-arrow\"]"}
RESULT: {"using":"xpath","value":"//*[@id=\"application-warehousemovements-display-component---addMovement--sectionsList-arrow\"]"}
COMMAND: POST /session/fefae731ffe12f9640dd1679bcba6cb2/element/f.260C0A6E86F32DC815D14290BCACE04C.d.7D78BBCF8A9A4B9AD2A2B641AE489302.e.3386/click - {}
RESULT: {}
COMMAND: POST /session/fefae731ffe12f9640dd1679bcba6cb2/actions - {"actions":[{"id":"action14","type":"key","parameters":{},"actions":[{"type":"keyDown","value":"î€•"},{"type":"pause","duration":10},{"type":"keyUp","value":"î€•"}]}]}
COMMAND: GET /session/fefae731ffe12f9640dd1679bcba6cb2/screenshot - {}
RESULT: {"actions":[{"id":"action14","type":"key","parameters":{},"actions":[{"type":"keyDown","value":"î€•"},{"type":"pause","duration":10},{"type":"keyUp","value":"î€•"}]}]}
COMMAND: GET /session/fefae731ffe12f9640dd1679bcba6cb2/screenshot - {}
RESULT: {}
RESULT: {}
COMMAND: POST /session/fefae731ffe12f9640dd1679bcba6cb2/actions - {"actions":[{"id":"action15","type":"key","parameters":{},"actions":[{"type":"keyDown","value":"î€‡"},{"type":"pause","duration":10},{"type":"keyUp","value":"î€‡"}]}]}
RESULT: {"actions":[{"id":"action15","type":"key","parameters":{},"actions":[{"type":"keyDown","value":"î€‡"},{"type":"pause","duration":10},{"type":"keyUp","value":"î€‡"}]}]}
COMMAND: GET /session/fefae731ffe12f9640dd1679bcba6cb2/screenshot - {}
RESULT: {}
COMMAND: POST /session/fefae731ffe12f9640dd1679bcba6cb2/element - {"using":"xpath","value":"//*[@id=\"application-warehousemovements-display-component---addMovement--saveMovementBtn-BDI-content\" and text()=\"Save\"]"}
RESULT: {"using":"xpath","value":"//*[@id=\"application-warehousemovements-display-component---addMovement--saveMovementBtn-BDI-content\" and text()=\"Save\"]"}
COMMAND: POST /session/fefae731ffe12f9640dd1679bcba6cb2/element/f.260C0A6E86F32DC815D14290BCACE04C.d.7D78BBCF8A9A4B9AD2A2B641AE489302.e.3387/click - {}
RESULT: {}
COMMAND: GET /session/fefae731ffe12f9640dd1679bcba6cb2/screenshot - {}
RESULT: {}
COMMAND: POST /session/fefae731ffe12f9640dd1679bcba6cb2/element - {"using":"css selector","value":"#shell-header-logo"}
RESULT: {"using":"css selector","value":"#shell-header-logo"}
COMMAND: POST /session/fefae731ffe12f9640dd1679bcba6cb2/element/f.260C0A6E86F32DC815D14290BCACE04C.d.7D78BBCF8A9A4B9AD2A2B641AE489302.e.3194/click - {}
RESULT: {}
COMMAND: GET /session/fefae731ffe12f9640dd1679bcba6cb2/screenshot - {}
RESULT: {}
]]></system-out>
    </testcase>
  </testsuite>
  <testsuite timestamp="2025-05-14T06:21:31" time="167.533" tests="6" failures="0" errors="0" skipped="0">
    <properties>
      <property name="specId" value="0" />
      <property name="suiteName" value="Provide to Site w/ warehouse management w/ clarification US115878" />
      <property name="capabilities" value="chrome.136_0_7103_49.windows" />
      <property name="file" value="file:///D:/a/1/s/test/specs/HTR/provide-to-site-w-warehouse-w-clarification.spec.js" />
    </properties>
    <testcase classname="chrome.136_0_7103_49.windows.Provide_to_Site_w/_warehouse_management_w/_clarification_US115878" name="Should create a new WHM yard" time="0.02">
      <system-out><![CDATA[
COMMAND: POST /session/fefae731ffe12f9640dd1679bcba6cb2/window/fullscreen - {}
RESULT: {}
]]></system-out>
    </testcase>
    <testcase classname="chrome.136_0_7103_49.windows.Provide_to_Site_w/_warehouse_management_w/_clarification_US115878" name="Should create a new external WHM partner" time="0.006" />
    <testcase classname="chrome.136_0_7103_49.windows.Provide_to_Site_w/_warehouse_management_w/_clarification_US115878" name="Should create a new WHM site" time="0.004" />
    <testcase classname="chrome.136_0_7103_49.windows.Provide_to_Site_w/_warehouse_management_w/_clarification_US115878" name="Should create a new material" time="142.454">
      <system-out><![CDATA[
COMMAND: POST /session/fefae731ffe12f9640dd1679bcba6cb2/execute/async - {"script":"<script> [1562 bytes]","args":[{"selector":{"controlType":"sap.m.GenericTile","properties":{"header":"Manage Resources"}},"wdio_ui5_key":"sapm.GenericTile{\"header\":\"Manage Resources\"}"}]}
RESULT: {"script":"<script> [1562 bytes]","args":[{"selector":{"controlType":"sap.m.GenericTile","properties":{"header":"Manage Resources"}},"wdio_ui5_key":"sapm.GenericTile{\"header\":\"Manage Resources\"}"}]}
RESULT: undefined
COMMAND: POST /session/fefae731ffe12f9640dd1679bcba6cb2/element - {"using":"xpath","value":"//*[@id=\"__tile50\"]"}
RESULT: {"using":"xpath","value":"//*[@id=\"__tile50\"]"}
COMMAND: POST /session/fefae731ffe12f9640dd1679bcba6cb2/element/f.260C0A6E86F32DC815D14290BCACE04C.d.48CA3A2F2FFE4A8DBA4EB6867DFD547F.e.4117/click - {}
RESULT: {}
COMMAND: POST /session/fefae731ffe12f9640dd1679bcba6cb2/element - {"using":"xpath","value":"//button[@data-kt=\"addNewRUOverflowToolbarButton\"]"}
COMMAND: GET /session/fefae731ffe12f9640dd1679bcba6cb2/screenshot - {}
RESULT: {"using":"xpath","value":"//button[@data-kt=\"addNewRUOverflowToolbarButton\"]"}
COMMAND: POST /session/fefae731ffe12f9640dd1679bcba6cb2/elements - {"using":"xpath","value":"//button[@data-kt=\"addNewRUOverflowToolbarButton\"]"}
RESULT: {}
RESULT: {"using":"xpath","value":"//button[@data-kt=\"addNewRUOverflowToolbarButton\"]"}
COMMAND: POST /session/fefae731ffe12f9640dd1679bcba6cb2/elements - {"using":"xpath","value":"//button[@data-kt=\"addNewRUOverflowToolbarButton\"]"}
RESULT: {"using":"xpath","value":"//button[@data-kt=\"addNewRUOverflowToolbarButton\"]"}
COMMAND: POST /session/fefae731ffe12f9640dd1679bcba6cb2/elements - {"using":"xpath","value":"//button[@data-kt=\"addNewRUOverflowToolbarButton\"]"}
RESULT: {"using":"xpath","value":"//button[@data-kt=\"addNewRUOverflowToolbarButton\"]"}
COMMAND: POST /session/fefae731ffe12f9640dd1679bcba6cb2/elements - {"using":"xpath","value":"//button[@data-kt=\"addNewRUOverflowToolbarButton\"]"}
RESULT: {"using":"xpath","value":"//button[@data-kt=\"addNewRUOverflowToolbarButton\"]"}
COMMAND: POST /session/fefae731ffe12f9640dd1679bcba6cb2/elements - {"using":"xpath","value":"//button[@data-kt=\"addNewRUOverflowToolbarButton\"]"}
RESULT: {"using":"xpath","value":"//button[@data-kt=\"addNewRUOverflowToolbarButton\"]"}
COMMAND: POST /session/fefae731ffe12f9640dd1679bcba6cb2/elements - {"using":"xpath","value":"//button[@data-kt=\"addNewRUOverflowToolbarButton\"]"}
RESULT: {"using":"xpath","value":"//button[@data-kt=\"addNewRUOverflowToolbarButton\"]"}
COMMAND: POST /session/fefae731ffe12f9640dd1679bcba6cb2/elements - {"using":"xpath","value":"//button[@data-kt=\"addNewRUOverflowToolbarButton\"]"}
RESULT: {"using":"xpath","value":"//button[@data-kt=\"addNewRUOverflowToolbarButton\"]"}
COMMAND: POST /session/fefae731ffe12f9640dd1679bcba6cb2/elements - {"using":"xpath","value":"//button[@data-kt=\"addNewRUOverflowToolbarButton\"]"}
RESULT: {"using":"xpath","value":"//button[@data-kt=\"addNewRUOverflowToolbarButton\"]"}
COMMAND: POST /session/fefae731ffe12f9640dd1679bcba6cb2/elements - {"using":"xpath","value":"//button[@data-kt=\"addNewRUOverflowToolbarButton\"]"}
RESULT: {"using":"xpath","value":"//button[@data-kt=\"addNewRUOverflowToolbarButton\"]"}
COMMAND: POST /session/fefae731ffe12f9640dd1679bcba6cb2/elements - {"using":"xpath","value":"//button[@data-kt=\"addNewRUOverflowToolbarButton\"]"}
RESULT: {"using":"xpath","value":"//button[@data-kt=\"addNewRUOverflowToolbarButton\"]"}
COMMAND: POST /session/fefae731ffe12f9640dd1679bcba6cb2/elements - {"using":"xpath","value":"//button[@data-kt=\"addNewRUOverflowToolbarButton\"]"}
RESULT: {"using":"xpath","value":"//button[@data-kt=\"addNewRUOverflowToolbarButton\"]"}
COMMAND: POST /session/fefae731ffe12f9640dd1679bcba6cb2/elements - {"using":"xpath","value":"//button[@data-kt=\"addNewRUOverflowToolbarButton\"]"}
RESULT: {"using":"xpath","value":"//button[@data-kt=\"addNewRUOverflowToolbarButton\"]"}
COMMAND: POST /session/fefae731ffe12f9640dd1679bcba6cb2/elements - {"using":"xpath","value":"//button[@data-kt=\"addNewRUOverflowToolbarButton\"]"}
RESULT: {"using":"xpath","value":"//button[@data-kt=\"addNewRUOverflowToolbarButton\"]"}
COMMAND: POST /session/fefae731ffe12f9640dd1679bcba6cb2/elements - {"using":"xpath","value":"//button[@data-kt=\"addNewRUOverflowToolbarButton\"]"}
RESULT: {"using":"xpath","value":"//button[@data-kt=\"addNewRUOverflowToolbarButton\"]"}
COMMAND: POST /session/fefae731ffe12f9640dd1679bcba6cb2/elements - {"using":"xpath","value":"//button[@data-kt=\"addNewRUOverflowToolbarButton\"]"}
RESULT: {"using":"xpath","value":"//button[@data-kt=\"addNewRUOverflowToolbarButton\"]"}
COMMAND: POST /session/fefae731ffe12f9640dd1679bcba6cb2/elements - {"using":"xpath","value":"//button[@data-kt=\"addNewRUOverflowToolbarButton\"]"}
RESULT: {"using":"xpath","value":"//button[@data-kt=\"addNewRUOverflowToolbarButton\"]"}
COMMAND: POST /session/fefae731ffe12f9640dd1679bcba6cb2/elements - {"using":"xpath","value":"//button[@data-kt=\"addNewRUOverflowToolbarButton\"]"}
RESULT: {"using":"xpath","value":"//button[@data-kt=\"addNewRUOverflowToolbarButton\"]"}
COMMAND: POST /session/fefae731ffe12f9640dd1679bcba6cb2/elements - {"using":"xpath","value":"//button[@data-kt=\"addNewRUOverflowToolbarButton\"]"}
RESULT: {"using":"xpath","value":"//button[@data-kt=\"addNewRUOverflowToolbarButton\"]"}
COMMAND: POST /session/fefae731ffe12f9640dd1679bcba6cb2/elements - {"using":"xpath","value":"//button[@data-kt=\"addNewRUOverflowToolbarButton\"]"}
RESULT: {"using":"xpath","value":"//button[@data-kt=\"addNewRUOverflowToolbarButton\"]"}
COMMAND: POST /session/fefae731ffe12f9640dd1679bcba6cb2/elements - {"using":"xpath","value":"//button[@data-kt=\"addNewRUOverflowToolbarButton\"]"}
RESULT: {"using":"xpath","value":"//button[@data-kt=\"addNewRUOverflowToolbarButton\"]"}
COMMAND: POST /session/fefae731ffe12f9640dd1679bcba6cb2/elements - {"using":"xpath","value":"//button[@data-kt=\"addNewRUOverflowToolbarButton\"]"}
RESULT: {"using":"xpath","value":"//button[@data-kt=\"addNewRUOverflowToolbarButton\"]"}
COMMAND: POST /session/fefae731ffe12f9640dd1679bcba6cb2/elements - {"using":"xpath","value":"//button[@data-kt=\"addNewRUOverflowToolbarButton\"]"}
RESULT: {"using":"xpath","value":"//button[@data-kt=\"addNewRUOverflowToolbarButton\"]"}
COMMAND: POST /session/fefae731ffe12f9640dd1679bcba6cb2/elements - {"using":"xpath","value":"//button[@data-kt=\"addNewRUOverflowToolbarButton\"]"}
RESULT: {"using":"xpath","value":"//button[@data-kt=\"addNewRUOverflowToolbarButton\"]"}
COMMAND: POST /session/fefae731ffe12f9640dd1679bcba6cb2/elements - {"using":"xpath","value":"//button[@data-kt=\"addNewRUOverflowToolbarButton\"]"}
RESULT: {"using":"xpath","value":"//button[@data-kt=\"addNewRUOverflowToolbarButton\"]"}
COMMAND: POST /session/fefae731ffe12f9640dd1679bcba6cb2/elements - {"using":"xpath","value":"//button[@data-kt=\"addNewRUOverflowToolbarButton\"]"}
RESULT: {"using":"xpath","value":"//button[@data-kt=\"addNewRUOverflowToolbarButton\"]"}
COMMAND: POST /session/fefae731ffe12f9640dd1679bcba6cb2/elements - {"using":"xpath","value":"//button[@data-kt=\"addNewRUOverflowToolbarButton\"]"}
RESULT: {"using":"xpath","value":"//button[@data-kt=\"addNewRUOverflowToolbarButton\"]"}
COMMAND: POST /session/fefae731ffe12f9640dd1679bcba6cb2/elements - {"using":"xpath","value":"//button[@data-kt=\"addNewRUOverflowToolbarButton\"]"}
RESULT: {"using":"xpath","value":"//button[@data-kt=\"addNewRUOverflowToolbarButton\"]"}
COMMAND: POST /session/fefae731ffe12f9640dd1679bcba6cb2/elements - {"using":"xpath","value":"//button[@data-kt=\"addNewRUOverflowToolbarButton\"]"}
RESULT: {"using":"xpath","value":"//button[@data-kt=\"addNewRUOverflowToolbarButton\"]"}
COMMAND: POST /session/fefae731ffe12f9640dd1679bcba6cb2/elements - {"using":"xpath","value":"//button[@data-kt=\"addNewRUOverflowToolbarButton\"]"}
RESULT: {"using":"xpath","value":"//button[@data-kt=\"addNewRUOverflowToolbarButton\"]"}
COMMAND: POST /session/fefae731ffe12f9640dd1679bcba6cb2/elements - {"using":"xpath","value":"//button[@data-kt=\"addNewRUOverflowToolbarButton\"]"}
RESULT: {"using":"xpath","value":"//button[@data-kt=\"addNewRUOverflowToolbarButton\"]"}
COMMAND: POST /session/fefae731ffe12f9640dd1679bcba6cb2/elements - {"using":"xpath","value":"//button[@data-kt=\"addNewRUOverflowToolbarButton\"]"}
RESULT: {"using":"xpath","value":"//button[@data-kt=\"addNewRUOverflowToolbarButton\"]"}
COMMAND: POST /session/fefae731ffe12f9640dd1679bcba6cb2/elements - {"using":"xpath","value":"//button[@data-kt=\"addNewRUOverflowToolbarButton\"]"}
RESULT: {"using":"xpath","value":"//button[@data-kt=\"addNewRUOverflowToolbarButton\"]"}
COMMAND: POST /session/fefae731ffe12f9640dd1679bcba6cb2/elements - {"using":"xpath","value":"//button[@data-kt=\"addNewRUOverflowToolbarButton\"]"}
RESULT: {"using":"xpath","value":"//button[@data-kt=\"addNewRUOverflowToolbarButton\"]"}
COMMAND: POST /session/fefae731ffe12f9640dd1679bcba6cb2/elements - {"using":"xpath","value":"//button[@data-kt=\"addNewRUOverflowToolbarButton\"]"}
RESULT: {"using":"xpath","value":"//button[@data-kt=\"addNewRUOverflowToolbarButton\"]"}
COMMAND: POST /session/fefae731ffe12f9640dd1679bcba6cb2/elements - {"using":"xpath","value":"//button[@data-kt=\"addNewRUOverflowToolbarButton\"]"}
RESULT: {"using":"xpath","value":"//button[@data-kt=\"addNewRUOverflowToolbarButton\"]"}
COMMAND: POST /session/fefae731ffe12f9640dd1679bcba6cb2/elements - {"using":"xpath","value":"//button[@data-kt=\"addNewRUOverflowToolbarButton\"]"}
RESULT: {"using":"xpath","value":"//button[@data-kt=\"addNewRUOverflowToolbarButton\"]"}
COMMAND: POST /session/fefae731ffe12f9640dd1679bcba6cb2/elements - {"using":"xpath","value":"//button[@data-kt=\"addNewRUOverflowToolbarButton\"]"}
RESULT: {"using":"xpath","value":"//button[@data-kt=\"addNewRUOverflowToolbarButton\"]"}
COMMAND: POST /session/fefae731ffe12f9640dd1679bcba6cb2/elements - {"using":"xpath","value":"//button[@data-kt=\"addNewRUOverflowToolbarButton\"]"}
RESULT: {"using":"xpath","value":"//button[@data-kt=\"addNewRUOverflowToolbarButton\"]"}
COMMAND: POST /session/fefae731ffe12f9640dd1679bcba6cb2/elements - {"using":"xpath","value":"//button[@data-kt=\"addNewRUOverflowToolbarButton\"]"}
RESULT: {"using":"xpath","value":"//button[@data-kt=\"addNewRUOverflowToolbarButton\"]"}
COMMAND: POST /session/fefae731ffe12f9640dd1679bcba6cb2/elements - {"using":"xpath","value":"//button[@data-kt=\"addNewRUOverflowToolbarButton\"]"}
RESULT: {"using":"xpath","value":"//button[@data-kt=\"addNewRUOverflowToolbarButton\"]"}
COMMAND: POST /session/fefae731ffe12f9640dd1679bcba6cb2/elements - {"using":"xpath","value":"//button[@data-kt=\"addNewRUOverflowToolbarButton\"]"}
RESULT: {"using":"xpath","value":"//button[@data-kt=\"addNewRUOverflowToolbarButton\"]"}
COMMAND: POST /session/fefae731ffe12f9640dd1679bcba6cb2/elements - {"using":"xpath","value":"//button[@data-kt=\"addNewRUOverflowToolbarButton\"]"}
RESULT: {"using":"xpath","value":"//button[@data-kt=\"addNewRUOverflowToolbarButton\"]"}
COMMAND: POST /session/fefae731ffe12f9640dd1679bcba6cb2/elements - {"using":"xpath","value":"//button[@data-kt=\"addNewRUOverflowToolbarButton\"]"}
RESULT: {"using":"xpath","value":"//button[@data-kt=\"addNewRUOverflowToolbarButton\"]"}
COMMAND: POST /session/fefae731ffe12f9640dd1679bcba6cb2/elements - {"using":"xpath","value":"//button[@data-kt=\"addNewRUOverflowToolbarButton\"]"}
RESULT: {"using":"xpath","value":"//button[@data-kt=\"addNewRUOverflowToolbarButton\"]"}
COMMAND: POST /session/fefae731ffe12f9640dd1679bcba6cb2/elements - {"using":"xpath","value":"//button[@data-kt=\"addNewRUOverflowToolbarButton\"]"}
RESULT: {"using":"xpath","value":"//button[@data-kt=\"addNewRUOverflowToolbarButton\"]"}
COMMAND: POST /session/fefae731ffe12f9640dd1679bcba6cb2/elements - {"using":"xpath","value":"//button[@data-kt=\"addNewRUOverflowToolbarButton\"]"}
RESULT: {"using":"xpath","value":"//button[@data-kt=\"addNewRUOverflowToolbarButton\"]"}
COMMAND: POST /session/fefae731ffe12f9640dd1679bcba6cb2/elements - {"using":"xpath","value":"//button[@data-kt=\"addNewRUOverflowToolbarButton\"]"}
RESULT: {"using":"xpath","value":"//button[@data-kt=\"addNewRUOverflowToolbarButton\"]"}
COMMAND: POST /session/fefae731ffe12f9640dd1679bcba6cb2/elements - {"using":"xpath","value":"//button[@data-kt=\"addNewRUOverflowToolbarButton\"]"}
RESULT: {"using":"xpath","value":"//button[@data-kt=\"addNewRUOverflowToolbarButton\"]"}
COMMAND: POST /session/fefae731ffe12f9640dd1679bcba6cb2/elements - {"using":"xpath","value":"//button[@data-kt=\"addNewRUOverflowToolbarButton\"]"}
RESULT: {"using":"xpath","value":"//button[@data-kt=\"addNewRUOverflowToolbarButton\"]"}
COMMAND: POST /session/fefae731ffe12f9640dd1679bcba6cb2/elements - {"using":"xpath","value":"//button[@data-kt=\"addNewRUOverflowToolbarButton\"]"}
RESULT: {"using":"xpath","value":"//button[@data-kt=\"addNewRUOverflowToolbarButton\"]"}
COMMAND: POST /session/fefae731ffe12f9640dd1679bcba6cb2/element - {"using":"xpath","value":"//button[@data-kt=\"addNewRUOverflowToolbarButton\"]"}
RESULT: {"using":"xpath","value":"//button[@data-kt=\"addNewRUOverflowToolbarButton\"]"}
COMMAND: POST /session/fefae731ffe12f9640dd1679bcba6cb2/execute/sync - {"script":"<script> [8489 bytes]","args":[{"element-6066-11e4-a52e-4f735466cecf":"f.260C0A6E86F32DC815D14290BCACE04C.d.48CA3A2F2FFE4A8DBA4EB6867DFD547F.e.4220","ELEMENT":"f.260C0A6E86F32DC815D14290BCACE04C.d.48CA3A2F2FFE4A8DBA4EB6867DFD547F.e.4220"}]}
RESULT: {"script":"<script> [8489 bytes]","args":[{"element-6066-11e4-a52e-4f735466cecf":"f.260C0A6E86F32DC815D14290BCACE04C.d.48CA3A2F2FFE4A8DBA4EB6867DFD547F.e.4220","ELEMENT":"f.260C0A6E86F32DC815D14290BCACE04C.d.48CA3A2F2FFE4A8DBA4EB6867DFD547F.e.4220"}]}
COMMAND: GET /session/fefae731ffe12f9640dd1679bcba6cb2/element/f.260C0A6E86F32DC815D14290BCACE04C.d.48CA3A2F2FFE4A8DBA4EB6867DFD547F.e.4220/enabled - {}
COMMAND: GET /session/fefae731ffe12f9640dd1679bcba6cb2/screenshot - {}
RESULT: {}
COMMAND: POST /session/fefae731ffe12f9640dd1679bcba6cb2/execute/sync - {"script":"<script> [8489 bytes]","args":[{"element-6066-11e4-a52e-4f735466cecf":"f.260C0A6E86F32DC815D14290BCACE04C.d.48CA3A2F2FFE4A8DBA4EB6867DFD547F.e.4220","ELEMENT":"f.260C0A6E86F32DC815D14290BCACE04C.d.48CA3A2F2FFE4A8DBA4EB6867DFD547F.e.4220"}]}
COMMAND: GET /session/fefae731ffe12f9640dd1679bcba6cb2/screenshot - {}
RESULT: {}
RESULT: {"script":"<script> [8489 bytes]","args":[{"element-6066-11e4-a52e-4f735466cecf":"f.260C0A6E86F32DC815D14290BCACE04C.d.48CA3A2F2FFE4A8DBA4EB6867DFD547F.e.4220","ELEMENT":"f.260C0A6E86F32DC815D14290BCACE04C.d.48CA3A2F2FFE4A8DBA4EB6867DFD547F.e.4220"}]}
COMMAND: POST /session/fefae731ffe12f9640dd1679bcba6cb2/execute/sync - {"script":"<script> [5351 bytes]","args":[{"element-6066-11e4-a52e-4f735466cecf":"f.260C0A6E86F32DC815D14290BCACE04C.d.48CA3A2F2FFE4A8DBA4EB6867DFD547F.e.4220","ELEMENT":"f.260C0A6E86F32DC815D14290BCACE04C.d.48CA3A2F2FFE4A8DBA4EB6867DFD547F.e.4220"}]}
COMMAND: GET /session/fefae731ffe12f9640dd1679bcba6cb2/screenshot - {}
RESULT: {}
RESULT: {"script":"<script> [5351 bytes]","args":[{"element-6066-11e4-a52e-4f735466cecf":"f.260C0A6E86F32DC815D14290BCACE04C.d.48CA3A2F2FFE4A8DBA4EB6867DFD547F.e.4220","ELEMENT":"f.260C0A6E86F32DC815D14290BCACE04C.d.48CA3A2F2FFE4A8DBA4EB6867DFD547F.e.4220"}]}
COMMAND: POST /session/fefae731ffe12f9640dd1679bcba6cb2/element/f.260C0A6E86F32DC815D14290BCACE04C.d.48CA3A2F2FFE4A8DBA4EB6867DFD547F.e.4220/click - {}
COMMAND: GET /session/fefae731ffe12f9640dd1679bcba6cb2/screenshot - {}
RESULT: {}
RESULT: {}
COMMAND: GET /session/fefae731ffe12f9640dd1679bcba6cb2/screenshot - {}
RESULT: {}
COMMAND: POST /session/fefae731ffe12f9640dd1679bcba6cb2/execute/async - {"script":"<script> [1562 bytes]","args":[{"selector":{"id":"application-manageresources-display-component---newResourceUnit--TYPE-arrow"},"wdio_ui5_key":"applicationmanageresources-display-component---newResourceUnit--TYPE-arrow"}]}
RESULT: {}
RESULT: {"script":"<script> [1562 bytes]","args":[{"selector":{"id":"application-manageresources-display-component---newResourceUnit--TYPE-arrow"},"wdio_ui5_key":"applicationmanageresources-display-component---newResourceUnit--TYPE-arrow"}]}
RESULT: undefined
COMMAND: POST /session/fefae731ffe12f9640dd1679bcba6cb2/element - {"using":"xpath","value":"//*[@id=\"application-manageresources-display-component---newResourceUnit--TYPE-arrow\"]"}
RESULT: {"using":"xpath","value":"//*[@id=\"application-manageresources-display-component---newResourceUnit--TYPE-arrow\"]"}
COMMAND: POST /session/fefae731ffe12f9640dd1679bcba6cb2/element/f.260C0A6E86F32DC815D14290BCACE04C.d.48CA3A2F2FFE4A8DBA4EB6867DFD547F.e.4579/click - {}
RESULT: {}
COMMAND: POST /session/fefae731ffe12f9640dd1679bcba6cb2/element - {"using":"xpath","value":"//input[@id=\"application-manageresources-display-component---newResourceUnit--TYPE-inner\"]"}
COMMAND: GET /session/fefae731ffe12f9640dd1679bcba6cb2/screenshot - {}
RESULT: {"using":"xpath","value":"//input[@id=\"application-manageresources-display-component---newResourceUnit--TYPE-inner\"]"}
COMMAND: POST /session/fefae731ffe12f9640dd1679bcba6cb2/element/f.260C0A6E86F32DC815D14290BCACE04C.d.48CA3A2F2FFE4A8DBA4EB6867DFD547F.e.4576/clear - {}
RESULT: {}
RESULT: {}
COMMAND: POST /session/fefae731ffe12f9640dd1679bcba6cb2/element/f.260C0A6E86F32DC815D14290BCACE04C.d.48CA3A2F2FFE4A8DBA4EB6867DFD547F.e.4576/value - {"text":"Material"}
COMMAND: GET /session/fefae731ffe12f9640dd1679bcba6cb2/screenshot - {}
RESULT: {"text":"Material"}
COMMAND: GET /session/fefae731ffe12f9640dd1679bcba6cb2/screenshot - {}
RESULT: {}
RESULT: {}
COMMAND: POST /session/fefae731ffe12f9640dd1679bcba6cb2/actions - {"actions":[{"id":"action17","type":"key","parameters":{},"actions":[{"type":"keyDown","value":"î€‡"},{"type":"pause","duration":10},{"type":"keyUp","value":"î€‡"}]}]}
RESULT: {"actions":[{"id":"action17","type":"key","parameters":{},"actions":[{"type":"keyDown","value":"î€‡"},{"type":"pause","duration":10},{"type":"keyUp","value":"î€‡"}]}]}
COMMAND: POST /session/fefae731ffe12f9640dd1679bcba6cb2/execute/async - {"script":"<script> [1562 bytes]","args":[{"selector":{"id":"application-manageresources-display-component---newResourceUnit--SHORT_TEXT","interaction":{"idSuffix":"inner"}},"wdio_ui5_key":"applicationmanageresources-display-component---newResourceUnit--SHORT_TEXT"}]}
COMMAND: GET /session/fefae731ffe12f9640dd1679bcba6cb2/screenshot - {}
RESULT: {"script":"<script> [1562 bytes]","args":[{"selector":{"id":"application-manageresources-display-component---newResourceUnit--SHORT_TEXT","interaction":{"idSuffix":"inner"}},"wdio_ui5_key":"applicationmanageresources-display-component---newResourceUnit--SHORT_TEXT"}]}
RESULT: undefined
COMMAND: POST /session/fefae731ffe12f9640dd1679bcba6cb2/execute/async - {"script":"<script> [776 bytes]","args":[{"enterText":"Cement WDIO","selector":{"id":"application-manageresources-display-component---newResourceUnit--SHORT_TEXT","interaction":{"idSuffix":"inner"}},"clearTextFirst":true,"interactionType":"ENTER_TEXT"}]}
RESULT: {}
RESULT: {"script":"<script> [776 bytes]","args":[{"enterText":"Cement WDIO","selector":{"id":"application-manageresources-display-component---newResourceUnit--SHORT_TEXT","interaction":{"idSuffix":"inner"}},"clearTextFirst":true,"interactionType":"ENTER_TEXT"}]}
COMMAND: POST /session/fefae731ffe12f9640dd1679bcba6cb2/execute/async - {"script":"<script> [1562 bytes]","args":[{"selector":{"id":"application-manageresources-display-component---newResourceUnit--BASE_UNIT_OF_MEASURE","interaction":{"idSuffix":"inner"}},"wdio_ui5_key":"applicationmanageresources-display-component---newResourceUnit--BASE_UNIT_OF_MEASURE"}]}
RESULT: {"script":"<script> [1562 bytes]","args":[{"selector":{"id":"application-manageresources-display-component---newResourceUnit--BASE_UNIT_OF_MEASURE","interaction":{"idSuffix":"inner"}},"wdio_ui5_key":"applicationmanageresources-display-component---newResourceUnit--BASE_UNIT_OF_MEASURE"}]}
RESULT: undefined
COMMAND: POST /session/fefae731ffe12f9640dd1679bcba6cb2/execute/async - {"script":"<script> [776 bytes]","args":[{"enterText":"Piece","selector":{"id":"application-manageresources-display-component---newResourceUnit--BASE_UNIT_OF_MEASURE","interaction":{"idSuffix":"inner"}},"clearTextFirst":true,"interactionType":"ENTER_TEXT"}]}
RESULT: {"script":"<script> [776 bytes]","args":[{"enterText":"Piece","selector":{"id":"application-manageresources-display-component---newResourceUnit--BASE_UNIT_OF_MEASURE","interaction":{"idSuffix":"inner"}},"clearTextFirst":true,"interactionType":"ENTER_TEXT"}]}
COMMAND: POST /session/fefae731ffe12f9640dd1679bcba6cb2/execute/async - {"script":"<script> [1562 bytes]","args":[{"selector":{"id":"application-manageresources-display-component---newResourceUnit--WEIGHT_UNIT","interaction":{"idSuffix":"inner"}},"wdio_ui5_key":"applicationmanageresources-display-component---newResourceUnit--WEIGHT_UNIT"}]}
RESULT: {"script":"<script> [1562 bytes]","args":[{"selector":{"id":"application-manageresources-display-component---newResourceUnit--WEIGHT_UNIT","interaction":{"idSuffix":"inner"}},"wdio_ui5_key":"applicationmanageresources-display-component---newResourceUnit--WEIGHT_UNIT"}]}
RESULT: undefined
COMMAND: POST /session/fefae731ffe12f9640dd1679bcba6cb2/execute/async - {"script":"<script> [776 bytes]","args":[{"enterText":"Gram","selector":{"id":"application-manageresources-display-component---newResourceUnit--WEIGHT_UNIT","interaction":{"idSuffix":"inner"}},"clearTextFirst":true,"interactionType":"ENTER_TEXT"}]}
RESULT: {"script":"<script> [776 bytes]","args":[{"enterText":"Gram","selector":{"id":"application-manageresources-display-component---newResourceUnit--WEIGHT_UNIT","interaction":{"idSuffix":"inner"}},"clearTextFirst":true,"interactionType":"ENTER_TEXT"}]}
COMMAND: POST /session/fefae731ffe12f9640dd1679bcba6cb2/execute/async - {"script":"<script> [1562 bytes]","args":[{"selector":{"id":"application-manageresources-display-component---newResourceUnit--DIMENSION_UNIT","interaction":{"idSuffix":"inner"}},"wdio_ui5_key":"applicationmanageresources-display-component---newResourceUnit--DIMENSION_UNIT"}]}
RESULT: {"script":"<script> [1562 bytes]","args":[{"selector":{"id":"application-manageresources-display-component---newResourceUnit--DIMENSION_UNIT","interaction":{"idSuffix":"inner"}},"wdio_ui5_key":"applicationmanageresources-display-component---newResourceUnit--DIMENSION_UNIT"}]}
RESULT: undefined
COMMAND: POST /session/fefae731ffe12f9640dd1679bcba6cb2/execute/async - {"script":"<script> [776 bytes]","args":[{"enterText":"Meter","selector":{"id":"application-manageresources-display-component---newResourceUnit--DIMENSION_UNIT","interaction":{"idSuffix":"inner"}},"clearTextFirst":true,"interactionType":"ENTER_TEXT"}]}
RESULT: {"script":"<script> [776 bytes]","args":[{"enterText":"Meter","selector":{"id":"application-manageresources-display-component---newResourceUnit--DIMENSION_UNIT","interaction":{"idSuffix":"inner"}},"clearTextFirst":true,"interactionType":"ENTER_TEXT"}]}
COMMAND: POST /session/fefae731ffe12f9640dd1679bcba6cb2/execute/async - {"script":"<script> [1562 bytes]","args":[{"selector":{"id":"application-manageresources-display-component---newResourceUnit--newRRUPage-anchBar-application-manageresources-display-component---newResourceUnit--control-anchor","interaction":{"idSuffix":"BDI-content"}},"wdio_ui5_key":"applicationmanageresources-display-component---newResourceUnit--newRRUPage-anchBar-application-manageresources-display-component---newResourceUnit--control-anchor"}]}
RESULT: {"script":"<script> [1562 bytes]","args":[{"selector":{"id":"application-manageresources-display-component---newResourceUnit--newRRUPage-anchBar-application-manageresources-display-component---newResourceUnit--control-anchor","interaction":{"idSuffix":"BDI-content"}},"wdio_ui5_key":"applicationmanageresources-display-component---newResourceUnit--newRRUPage-anchBar-application-manageresources-display-component---newResourceUnit--control-anchor"}]}
RESULT: undefined
COMMAND: POST /session/fefae731ffe12f9640dd1679bcba6cb2/element - {"using":"xpath","value":"//*[@id=\"application-manageresources-display-component---newResourceUnit--newRRUPage-anchBar-application-manageresources-display-component---newResourceUnit--control-anchor\"]"}
RESULT: {"using":"xpath","value":"//*[@id=\"application-manageresources-display-component---newResourceUnit--newRRUPage-anchBar-application-manageresources-display-component---newResourceUnit--control-anchor\"]"}
COMMAND: POST /session/fefae731ffe12f9640dd1679bcba6cb2/element/f.260C0A6E86F32DC815D14290BCACE04C.d.48CA3A2F2FFE4A8DBA4EB6867DFD547F.e.4645/click - {}
RESULT: {}
COMMAND: POST /session/fefae731ffe12f9640dd1679bcba6cb2/execute/async - {"script":"<script> [1562 bytes]","args":[{"selector":{"id":"application-manageresources-display-component---newResourceUnit--PLANNING_GROUP","interaction":{"idSuffix":"inner"}},"wdio_ui5_key":"applicationmanageresources-display-component---newResourceUnit--PLANNING_GROUP"}]}
COMMAND: GET /session/fefae731ffe12f9640dd1679bcba6cb2/screenshot - {}
RESULT: {"script":"<script> [1562 bytes]","args":[{"selector":{"id":"application-manageresources-display-component---newResourceUnit--PLANNING_GROUP","interaction":{"idSuffix":"inner"}},"wdio_ui5_key":"applicationmanageresources-display-component---newResourceUnit--PLANNING_GROUP"}]}
RESULT: undefined
COMMAND: POST /session/fefae731ffe12f9640dd1679bcba6cb2/execute/async - {"script":"<script> [776 bytes]","args":[{"enterText":"Material","selector":{"id":"application-manageresources-display-component---newResourceUnit--PLANNING_GROUP","interaction":{"idSuffix":"inner"}},"clearTextFirst":true,"interactionType":"ENTER_TEXT"}]}
RESULT: {}
RESULT: {"script":"<script> [776 bytes]","args":[{"enterText":"Material","selector":{"id":"application-manageresources-display-component---newResourceUnit--PLANNING_GROUP","interaction":{"idSuffix":"inner"}},"clearTextFirst":true,"interactionType":"ENTER_TEXT"}]}
COMMAND: POST /session/fefae731ffe12f9640dd1679bcba6cb2/execute/async - {"script":"<script> [1562 bytes]","args":[{"selector":{"id":"application-manageresources-display-component---newResourceUnit--PLANNING_INDICATOR","interaction":{"idSuffix":"inner"}},"wdio_ui5_key":"applicationmanageresources-display-component---newResourceUnit--PLANNING_INDICATOR"}]}
RESULT: {"script":"<script> [1562 bytes]","args":[{"selector":{"id":"application-manageresources-display-component---newResourceUnit--PLANNING_INDICATOR","interaction":{"idSuffix":"inner"}},"wdio_ui5_key":"applicationmanageresources-display-component---newResourceUnit--PLANNING_INDICATOR"}]}
RESULT: undefined
COMMAND: POST /session/fefae731ffe12f9640dd1679bcba6cb2/execute/async - {"script":"<script> [776 bytes]","args":[{"enterText":"10 - infinite","selector":{"id":"application-manageresources-display-component---newResourceUnit--PLANNING_INDICATOR","interaction":{"idSuffix":"inner"}},"clearTextFirst":true,"interactionType":"ENTER_TEXT"}]}
RESULT: {"script":"<script> [776 bytes]","args":[{"enterText":"10 - infinite","selector":{"id":"application-manageresources-display-component---newResourceUnit--PLANNING_INDICATOR","interaction":{"idSuffix":"inner"}},"clearTextFirst":true,"interactionType":"ENTER_TEXT"}]}
COMMAND: POST /session/fefae731ffe12f9640dd1679bcba6cb2/element - {"using":"css selector","value":"#application-manageresources-display-component---newResourceUnit--btnAddTimeSegment"}
RESULT: {"using":"css selector","value":"#application-manageresources-display-component---newResourceUnit--btnAddTimeSegment"}
COMMAND: GET /session/fefae731ffe12f9640dd1679bcba6cb2/element/f.260C0A6E86F32DC815D14290BCACE04C.d.48CA3A2F2FFE4A8DBA4EB6867DFD547F.e.4655/rect - {}
RESULT: {}
COMMAND: GET /session/fefae731ffe12f9640dd1679bcba6cb2/window/rect - {}
RESULT: {}
COMMAND: POST /session/fefae731ffe12f9640dd1679bcba6cb2/execute/sync - {"script":"<script> [92 bytes]","args":[]}
RESULT: {"script":"<script> [92 bytes]","args":[]}
COMMAND: POST /session/fefae731ffe12f9640dd1679bcba6cb2/actions - {"actions":[{"id":"action18","type":"wheel","parameters":{},"actions":[{"type":"scroll","x":-1888,"y":-32,"deltaX":0,"deltaY":0,"duration":0,"origin":{"element-6066-11e4-a52e-4f735466cecf":"f.260C0A6E86F32DC815D14290BCACE04C.d.48CA3A2F2FFE4A8DBA4EB6867DFD547F.e.4655"}}]}]}
COMMAND: GET /session/fefae731ffe12f9640dd1679bcba6cb2/screenshot - {}
RESULT: {}
COMMAND: POST /session/fefae731ffe12f9640dd1679bcba6cb2/execute/sync - {"script":"<script> [79 bytes]","args":[{"element-6066-11e4-a52e-4f735466cecf":"f.260C0A6E86F32DC815D14290BCACE04C.d.48CA3A2F2FFE4A8DBA4EB6867DFD547F.e.4655","ELEMENT":"f.260C0A6E86F32DC815D14290BCACE04C.d.48CA3A2F2FFE4A8DBA4EB6867DFD547F.e.4655"},{"block":"start","inline":"nearest"}]}
RESULT: {"script":"<script> [79 bytes]","args":[{"element-6066-11e4-a52e-4f735466cecf":"f.260C0A6E86F32DC815D14290BCACE04C.d.48CA3A2F2FFE4A8DBA4EB6867DFD547F.e.4655","ELEMENT":"f.260C0A6E86F32DC815D14290BCACE04C.d.48CA3A2F2FFE4A8DBA4EB6867DFD547F.e.4655"},{"block":"start","inline":"nearest"}]}
COMMAND: POST /session/fefae731ffe12f9640dd1679bcba6cb2/execute/async - {"script":"<script> [1562 bytes]","args":[{"selector":{"id":"application-manageresources-display-component---newResourceUnit--btnAddTimeSegment","interaction":{"idSuffix":"inner"}},"wdio_ui5_key":"applicationmanageresources-display-component---newResourceUnit--btnAddTimeSegment"}]}
COMMAND: GET /session/fefae731ffe12f9640dd1679bcba6cb2/screenshot - {}
RESULT: {"script":"<script> [1562 bytes]","args":[{"selector":{"id":"application-manageresources-display-component---newResourceUnit--btnAddTimeSegment","interaction":{"idSuffix":"inner"}},"wdio_ui5_key":"applicationmanageresources-display-component---newResourceUnit--btnAddTimeSegment"}]}
RESULT: undefined
COMMAND: POST /session/fefae731ffe12f9640dd1679bcba6cb2/element - {"using":"xpath","value":"//*[@id=\"application-manageresources-display-component---newResourceUnit--btnAddTimeSegment\"]"}
RESULT: {}
RESULT: {"using":"xpath","value":"//*[@id=\"application-manageresources-display-component---newResourceUnit--btnAddTimeSegment\"]"}
COMMAND: POST /session/fefae731ffe12f9640dd1679bcba6cb2/element/f.260C0A6E86F32DC815D14290BCACE04C.d.48CA3A2F2FFE4A8DBA4EB6867DFD547F.e.4655/click - {}
RESULT: {}
COMMAND: GET /session/fefae731ffe12f9640dd1679bcba6cb2/screenshot - {}
RESULT: {}
COMMAND: POST /session/fefae731ffe12f9640dd1679bcba6cb2/element - {"using":"xpath","value":"//input[@id=\"application-manageresources-display-component---newResourceUnit--idRuTSAdmin-application-manageresources-display-component---newResourceUnit--RUTimeSegment-0-inner\"]"}
RESULT: {"using":"xpath","value":"//input[@id=\"application-manageresources-display-component---newResourceUnit--idRuTSAdmin-application-manageresources-display-component---newResourceUnit--RUTimeSegment-0-inner\"]"}
COMMAND: POST /session/fefae731ffe12f9640dd1679bcba6cb2/element/f.260C0A6E86F32DC815D14290BCACE04C.d.48CA3A2F2FFE4A8DBA4EB6867DFD547F.e.4660/clear - {}
RESULT: {}
COMMAND: POST /session/fefae731ffe12f9640dd1679bcba6cb2/element/f.260C0A6E86F32DC815D14290BCACE04C.d.48CA3A2F2FFE4A8DBA4EB6867DFD547F.e.4660/value - {"text":"299"}
COMMAND: GET /session/fefae731ffe12f9640dd1679bcba6cb2/screenshot - {}
RESULT: {"text":"299"}
COMMAND: GET /session/fefae731ffe12f9640dd1679bcba6cb2/screenshot - {}
RESULT: {}
RESULT: {}
COMMAND: POST /session/fefae731ffe12f9640dd1679bcba6cb2/element - {"using":"xpath","value":"//li[.//span[text()='299']]"}
RESULT: {"using":"xpath","value":"//li[.//span[text()='299']]"}
COMMAND: POST /session/fefae731ffe12f9640dd1679bcba6cb2/element/f.260C0A6E86F32DC815D14290BCACE04C.d.48CA3A2F2FFE4A8DBA4EB6867DFD547F.e.4671/click - {}
RESULT: {}
COMMAND: GET /session/fefae731ffe12f9640dd1679bcba6cb2/screenshot - {}
RESULT: {}
COMMAND: POST /session/fefae731ffe12f9640dd1679bcba6cb2/element - {"using":"xpath","value":"(//span[contains(@id, \"-application-manageresources-display-component---newResourceUnit--RUTimeSegment-0-arrow\")])[2]"}
RESULT: {"using":"xpath","value":"(//span[contains(@id, \"-application-manageresources-display-component---newResourceUnit--RUTimeSegment-0-arrow\")])[2]"}
COMMAND: POST /session/fefae731ffe12f9640dd1679bcba6cb2/element/f.260C0A6E86F32DC815D14290BCACE04C.d.48CA3A2F2FFE4A8DBA4EB6867DFD547F.e.4672/click - {}
RESULT: {}
COMMAND: POST /session/fefae731ffe12f9640dd1679bcba6cb2/element - {"using":"xpath","value":"//span[contains(text(), \"PM Order\")]"}
COMMAND: GET /session/fefae731ffe12f9640dd1679bcba6cb2/screenshot - {}
RESULT: {"using":"xpath","value":"//span[contains(text(), \"PM Order\")]"}
COMMAND: POST /session/fefae731ffe12f9640dd1679bcba6cb2/element/f.260C0A6E86F32DC815D14290BCACE04C.d.48CA3A2F2FFE4A8DBA4EB6867DFD547F.e.4673/click - {}
RESULT: {}
RESULT: {}
COMMAND: GET /session/fefae731ffe12f9640dd1679bcba6cb2/screenshot - {}
RESULT: {}
COMMAND: POST /session/fefae731ffe12f9640dd1679bcba6cb2/element - {"using":"xpath","value":"//td/div/div/div/span[contains(@id, \"newResourceUnit--RUTimeSegment-0-vhi\")][1]"}
RESULT: {"using":"xpath","value":"//td/div/div/div/span[contains(@id, \"newResourceUnit--RUTimeSegment-0-vhi\")][1]"}
COMMAND: GET /session/fefae731ffe12f9640dd1679bcba6cb2/element/f.260C0A6E86F32DC815D14290BCACE04C.d.48CA3A2F2FFE4A8DBA4EB6867DFD547F.e.4677/rect - {}
RESULT: {}
COMMAND: GET /session/fefae731ffe12f9640dd1679bcba6cb2/window/rect - {}
RESULT: {}
COMMAND: POST /session/fefae731ffe12f9640dd1679bcba6cb2/execute/sync - {"script":"<script> [92 bytes]","args":[]}
RESULT: {"script":"<script> [92 bytes]","args":[]}
COMMAND: POST /session/fefae731ffe12f9640dd1679bcba6cb2/actions - {"actions":[{"id":"action19","type":"wheel","parameters":{},"actions":[{"type":"scroll","x":-1888,"y":-24,"deltaX":0,"deltaY":0,"duration":0,"origin":{"element-6066-11e4-a52e-4f735466cecf":"f.260C0A6E86F32DC815D14290BCACE04C.d.48CA3A2F2FFE4A8DBA4EB6867DFD547F.e.4677"}}]}]}
COMMAND: GET /session/fefae731ffe12f9640dd1679bcba6cb2/screenshot - {}
RESULT: {}
COMMAND: POST /session/fefae731ffe12f9640dd1679bcba6cb2/execute/sync - {"script":"<script> [79 bytes]","args":[{"element-6066-11e4-a52e-4f735466cecf":"f.260C0A6E86F32DC815D14290BCACE04C.d.48CA3A2F2FFE4A8DBA4EB6867DFD547F.e.4677","ELEMENT":"f.260C0A6E86F32DC815D14290BCACE04C.d.48CA3A2F2FFE4A8DBA4EB6867DFD547F.e.4677"},{"block":"start","inline":"nearest"}]}
RESULT: {"script":"<script> [79 bytes]","args":[{"element-6066-11e4-a52e-4f735466cecf":"f.260C0A6E86F32DC815D14290BCACE04C.d.48CA3A2F2FFE4A8DBA4EB6867DFD547F.e.4677","ELEMENT":"f.260C0A6E86F32DC815D14290BCACE04C.d.48CA3A2F2FFE4A8DBA4EB6867DFD547F.e.4677"},{"block":"start","inline":"nearest"}]}
COMMAND: GET /session/fefae731ffe12f9640dd1679bcba6cb2/screenshot - {}
RESULT: {}
COMMAND: POST /session/fefae731ffe12f9640dd1679bcba6cb2/element/f.260C0A6E86F32DC815D14290BCACE04C.d.48CA3A2F2FFE4A8DBA4EB6867DFD547F.e.4677/click - {}
RESULT: {}
COMMAND: GET /session/fefae731ffe12f9640dd1679bcba6cb2/screenshot - {}
RESULT: {}
COMMAND: POST /session/fefae731ffe12f9640dd1679bcba6cb2/execute/async - {"script":"<script> [1562 bytes]","args":[{"selector":{"controlType":"sap.m.SearchField","properties":{"placeholder":"Search"},"searchOpenDialogs":true,"interaction":{"idSuffix":"I"}},"wdio_ui5_key":"sapm.SearchField{\"placeholder\":\"Search\"}"}]}
RESULT: {"script":"<script> [1562 bytes]","args":[{"selector":{"controlType":"sap.m.SearchField","properties":{"placeholder":"Search"},"searchOpenDialogs":true,"interaction":{"idSuffix":"I"}},"wdio_ui5_key":"sapm.SearchField{\"placeholder\":\"Search\"}"}]}
RESULT: undefined
COMMAND: POST /session/fefae731ffe12f9640dd1679bcba6cb2/execute/async - {"script":"<script> [776 bytes]","args":[{"enterText":"4000360","selector":{"controlType":"sap.m.SearchField","properties":{"placeholder":"Search"},"searchOpenDialogs":true,"interaction":{"idSuffix":"I"}},"clearTextFirst":true,"interactionType":"ENTER_TEXT"}]}
RESULT: {"script":"<script> [776 bytes]","args":[{"enterText":"4000360","selector":{"controlType":"sap.m.SearchField","properties":{"placeholder":"Search"},"searchOpenDialogs":true,"interaction":{"idSuffix":"I"}},"clearTextFirst":true,"interactionType":"ENTER_TEXT"}]}
COMMAND: POST /session/fefae731ffe12f9640dd1679bcba6cb2/actions - {"actions":[{"id":"action20","type":"key","parameters":{},"actions":[{"type":"keyDown","value":"î€‡"},{"type":"pause","duration":10},{"type":"keyUp","value":"î€‡"}]}]}
RESULT: {"actions":[{"id":"action20","type":"key","parameters":{},"actions":[{"type":"keyDown","value":"î€‡"},{"type":"pause","duration":10},{"type":"keyUp","value":"î€‡"}]}]}
COMMAND: GET /session/fefae731ffe12f9640dd1679bcba6cb2/screenshot - {}
RESULT: {}
COMMAND: POST /session/fefae731ffe12f9640dd1679bcba6cb2/element - {"using":"xpath","value":"//td/div/span[contains(text(), \"BGL Vehicles\")]"}
RESULT: {"using":"xpath","value":"//td/div/span[contains(text(), \"BGL Vehicles\")]"}
COMMAND: POST /session/fefae731ffe12f9640dd1679bcba6cb2/element/f.260C0A6E86F32DC815D14290BCACE04C.d.48CA3A2F2FFE4A8DBA4EB6867DFD547F.e.4699/click - {}
RESULT: {}
COMMAND: GET /session/fefae731ffe12f9640dd1679bcba6cb2/screenshot - {}
RESULT: {}
COMMAND: POST /session/fefae731ffe12f9640dd1679bcba6cb2/element - {"using":"xpath","value":"//bdi[contains(text(), \"OK\")]"}
RESULT: {"using":"xpath","value":"//bdi[contains(text(), \"OK\")]"}
COMMAND: POST /session/fefae731ffe12f9640dd1679bcba6cb2/element/f.260C0A6E86F32DC815D14290BCACE04C.d.48CA3A2F2FFE4A8DBA4EB6867DFD547F.e.4700/click - {}
RESULT: {}
COMMAND: GET /session/fefae731ffe12f9640dd1679bcba6cb2/screenshot - {}
RESULT: {}
COMMAND: POST /session/fefae731ffe12f9640dd1679bcba6cb2/element - {"using":"xpath","value":"//label[contains(@class, 'sapMLabelRequired') and .//bdi[contains(text(), 'Planned Retirement')]]"}
RESULT: {"using":"xpath","value":"//label[contains(@class, 'sapMLabelRequired') and .//bdi[contains(text(), 'Planned Retirement')]]"}
COMMAND: POST /session/fefae731ffe12f9640dd1679bcba6cb2/elements - {"using":"xpath","value":"//label[contains(@class, 'sapMLabelRequired') and .//bdi[contains(text(), 'Planned Retirement')]]"}
RESULT: {"using":"xpath","value":"//label[contains(@class, 'sapMLabelRequired') and .//bdi[contains(text(), 'Planned Retirement')]]"}
COMMAND: POST /session/fefae731ffe12f9640dd1679bcba6cb2/element - {"using":"xpath","value":"//button[@data-kt=\"resourceUnitSaveButton\"]"}
RESULT: {"using":"xpath","value":"//button[@data-kt=\"resourceUnitSaveButton\"]"}
COMMAND: POST /session/fefae731ffe12f9640dd1679bcba6cb2/element/f.260C0A6E86F32DC815D14290BCACE04C.d.48CA3A2F2FFE4A8DBA4EB6867DFD547F.e.4597/click - {}
RESULT: {}
COMMAND: GET /session/fefae731ffe12f9640dd1679bcba6cb2/screenshot - {}
RESULT: {}
COMMAND: POST /session/fefae731ffe12f9640dd1679bcba6cb2/element - {"using":"xpath","value":"//bdi[contains(text(), \"Close\")]"}
RESULT: {"using":"xpath","value":"//bdi[contains(text(), \"Close\")]"}
COMMAND: POST /session/fefae731ffe12f9640dd1679bcba6cb2/element/f.260C0A6E86F32DC815D14290BCACE04C.d.48CA3A2F2FFE4A8DBA4EB6867DFD547F.e.4707/click - {}
RESULT: {}
COMMAND: GET /session/fefae731ffe12f9640dd1679bcba6cb2/screenshot - {}
RESULT: {}
COMMAND: POST /session/fefae731ffe12f9640dd1679bcba6cb2/element - {"using":"xpath","value":"//header[contains(@id, 'detailRruPage-headerTitle')]/div[1]/div[2]/div[2]/span[1]"}
RESULT: {"using":"xpath","value":"//header[contains(@id, 'detailRruPage-headerTitle')]/div[1]/div[2]/div[2]/span[1]"}
COMMAND: POST /session/fefae731ffe12f9640dd1679bcba6cb2/elements - {"using":"xpath","value":"//header[contains(@id, 'detailRruPage-headerTitle')]/div[1]/div[2]/div[2]/span[1]"}
RESULT: {"using":"xpath","value":"//header[contains(@id, 'detailRruPage-headerTitle')]/div[1]/div[2]/div[2]/span[1]"}
COMMAND: POST /session/fefae731ffe12f9640dd1679bcba6cb2/execute/sync - {"script":"<script> [56 bytes]","args":[{"element-6066-11e4-a52e-4f735466cecf":"f.260C0A6E86F32DC815D14290BCACE04C.d.48CA3A2F2FFE4A8DBA4EB6867DFD547F.e.4737","ELEMENT":"f.260C0A6E86F32DC815D14290BCACE04C.d.48CA3A2F2FFE4A8DBA4EB6867DFD547F.e.4737"}]}
RESULT: {"script":"<script> [56 bytes]","args":[{"element-6066-11e4-a52e-4f735466cecf":"f.260C0A6E86F32DC815D14290BCACE04C.d.48CA3A2F2FFE4A8DBA4EB6867DFD547F.e.4737","ELEMENT":"f.260C0A6E86F32DC815D14290BCACE04C.d.48CA3A2F2FFE4A8DBA4EB6867DFD547F.e.4737"}]}
COMMAND: POST /session/fefae731ffe12f9640dd1679bcba6cb2/element - {"using":"css selector","value":"#shell-header-logo"}
COMMAND: GET /session/fefae731ffe12f9640dd1679bcba6cb2/screenshot - {}
RESULT: {"using":"css selector","value":"#shell-header-logo"}
COMMAND: POST /session/fefae731ffe12f9640dd1679bcba6cb2/element/f.260C0A6E86F32DC815D14290BCACE04C.d.48CA3A2F2FFE4A8DBA4EB6867DFD547F.e.4102/click - {}
RESULT: {}
RESULT: {}
COMMAND: GET /session/fefae731ffe12f9640dd1679bcba6cb2/screenshot - {}
RESULT: {}
]]></system-out>
    </testcase>
    <testcase classname="chrome.136_0_7103_49.windows.Provide_to_Site_w/_warehouse_management_w/_clarification_US115878" name="Bin Status Report Should Create New Organization yard" time="0.006" />
    <testcase classname="chrome.136_0_7103_49.windows.Provide_to_Site_w/_warehouse_management_w/_clarification_US115878" name="Bin Status Report Should Create New Organization for Site" time="0.004" />
  </testsuite>
  <testsuite timestamp="2025-05-14T06:24:18" time="406.546" tests="6" failures="6" errors="6" skipped="0">
    <properties>
      <property name="specId" value="0" />
      <property name="suiteName" value="Provide to Site w/ warehouse management w clarification" />
      <property name="capabilities" value="chrome.136_0_7103_49.windows" />
      <property name="file" value="file:///D:/a/1/s/test/specs/HTR/provide-to-site-w-warehouse-w-clarification.spec.js" />
    </properties>
  </testsuite>
  <testsuite timestamp="2025-05-14T06:31:05" time="148.912" tests="6" failures="0" errors="0" skipped="0">
    <properties>
      <property name="specId" value="0" />
      <property name="suiteName" value="Provide to Site w/ warehouse management w/o clarification US113782 " />
      <property name="capabilities" value="chrome.136_0_7103_49.windows" />
      <property name="file" value="file:///D:/a/1/s/test/specs/HTR/provide-to-site-w-warehouse-wo-clarification.spec.js" />
    </properties>
    <testcase classname="chrome.136_0_7103_49.windows.Provide_to_Site_w/_warehouse_management_w/o_clarification_US113782_" name="Should create a new WHM yard" time="0.045">
      <system-out><![CDATA[
COMMAND: POST /session/fefae731ffe12f9640dd1679bcba6cb2/window/fullscreen - {}
RESULT: {}
]]></system-out>
    </testcase>
    <testcase classname="chrome.136_0_7103_49.windows.Provide_to_Site_w/_warehouse_management_w/o_clarification_US113782_" name="Should create a new external WHM partner" time="0.004" />
    <testcase classname="chrome.136_0_7103_49.windows.Provide_to_Site_w/_warehouse_management_w/o_clarification_US113782_" name="Should create a new WHM site" time="0.004" />
    <testcase classname="chrome.136_0_7103_49.windows.Provide_to_Site_w/_warehouse_management_w/o_clarification_US113782_" name="Should create a new material" time="127.911">
      <system-out><![CDATA[
COMMAND: POST /session/fefae731ffe12f9640dd1679bcba6cb2/execute/async - {"script":"<script> [1562 bytes]","args":[{"selector":{"controlType":"sap.m.GenericTile","properties":{"header":"Manage Resources"}},"wdio_ui5_key":"sapm.GenericTile{\"header\":\"Manage Resources\"}"}]}
RESULT: {"script":"<script> [1562 bytes]","args":[{"selector":{"controlType":"sap.m.GenericTile","properties":{"header":"Manage Resources"}},"wdio_ui5_key":"sapm.GenericTile{\"header\":\"Manage Resources\"}"}]}
RESULT: undefined
COMMAND: POST /session/fefae731ffe12f9640dd1679bcba6cb2/element - {"using":"xpath","value":"//*[@id=\"__tile31\"]"}
RESULT: {"using":"xpath","value":"//*[@id=\"__tile31\"]"}
COMMAND: POST /session/fefae731ffe12f9640dd1679bcba6cb2/element/f.260C0A6E86F32DC815D14290BCACE04C.d.F9AE205D6EA09CB2D007AB30A441360B.e.5366/click - {}
RESULT: {}
COMMAND: POST /session/fefae731ffe12f9640dd1679bcba6cb2/element - {"using":"xpath","value":"//button[@data-kt=\"addNewRUOverflowToolbarButton\"]"}
COMMAND: GET /session/fefae731ffe12f9640dd1679bcba6cb2/screenshot - {}
RESULT: {"using":"xpath","value":"//button[@data-kt=\"addNewRUOverflowToolbarButton\"]"}
COMMAND: POST /session/fefae731ffe12f9640dd1679bcba6cb2/elements - {"using":"xpath","value":"//button[@data-kt=\"addNewRUOverflowToolbarButton\"]"}
RESULT: {}
RESULT: {"using":"xpath","value":"//button[@data-kt=\"addNewRUOverflowToolbarButton\"]"}
COMMAND: POST /session/fefae731ffe12f9640dd1679bcba6cb2/elements - {"using":"xpath","value":"//button[@data-kt=\"addNewRUOverflowToolbarButton\"]"}
RESULT: {"using":"xpath","value":"//button[@data-kt=\"addNewRUOverflowToolbarButton\"]"}
COMMAND: POST /session/fefae731ffe12f9640dd1679bcba6cb2/element - {"using":"xpath","value":"//button[@data-kt=\"addNewRUOverflowToolbarButton\"]"}
RESULT: {"using":"xpath","value":"//button[@data-kt=\"addNewRUOverflowToolbarButton\"]"}
COMMAND: POST /session/fefae731ffe12f9640dd1679bcba6cb2/execute/sync - {"script":"<script> [8489 bytes]","args":[{"element-6066-11e4-a52e-4f735466cecf":"f.260C0A6E86F32DC815D14290BCACE04C.d.F9AE205D6EA09CB2D007AB30A441360B.e.5508","ELEMENT":"f.260C0A6E86F32DC815D14290BCACE04C.d.F9AE205D6EA09CB2D007AB30A441360B.e.5508"}]}
RESULT: {"script":"<script> [8489 bytes]","args":[{"element-6066-11e4-a52e-4f735466cecf":"f.260C0A6E86F32DC815D14290BCACE04C.d.F9AE205D6EA09CB2D007AB30A441360B.e.5508","ELEMENT":"f.260C0A6E86F32DC815D14290BCACE04C.d.F9AE205D6EA09CB2D007AB30A441360B.e.5508"}]}
COMMAND: GET /session/fefae731ffe12f9640dd1679bcba6cb2/element/f.260C0A6E86F32DC815D14290BCACE04C.d.F9AE205D6EA09CB2D007AB30A441360B.e.5508/enabled - {}
COMMAND: GET /session/fefae731ffe12f9640dd1679bcba6cb2/screenshot - {}
RESULT: {}
COMMAND: POST /session/fefae731ffe12f9640dd1679bcba6cb2/execute/sync - {"script":"<script> [8489 bytes]","args":[{"element-6066-11e4-a52e-4f735466cecf":"f.260C0A6E86F32DC815D14290BCACE04C.d.F9AE205D6EA09CB2D007AB30A441360B.e.5508","ELEMENT":"f.260C0A6E86F32DC815D14290BCACE04C.d.F9AE205D6EA09CB2D007AB30A441360B.e.5508"}]}
COMMAND: GET /session/fefae731ffe12f9640dd1679bcba6cb2/screenshot - {}
RESULT: {}
RESULT: {"script":"<script> [8489 bytes]","args":[{"element-6066-11e4-a52e-4f735466cecf":"f.260C0A6E86F32DC815D14290BCACE04C.d.F9AE205D6EA09CB2D007AB30A441360B.e.5508","ELEMENT":"f.260C0A6E86F32DC815D14290BCACE04C.d.F9AE205D6EA09CB2D007AB30A441360B.e.5508"}]}
COMMAND: POST /session/fefae731ffe12f9640dd1679bcba6cb2/execute/sync - {"script":"<script> [5351 bytes]","args":[{"element-6066-11e4-a52e-4f735466cecf":"f.260C0A6E86F32DC815D14290BCACE04C.d.F9AE205D6EA09CB2D007AB30A441360B.e.5508","ELEMENT":"f.260C0A6E86F32DC815D14290BCACE04C.d.F9AE205D6EA09CB2D007AB30A441360B.e.5508"}]}
COMMAND: GET /session/fefae731ffe12f9640dd1679bcba6cb2/screenshot - {}
RESULT: {}
RESULT: {"script":"<script> [5351 bytes]","args":[{"element-6066-11e4-a52e-4f735466cecf":"f.260C0A6E86F32DC815D14290BCACE04C.d.F9AE205D6EA09CB2D007AB30A441360B.e.5508","ELEMENT":"f.260C0A6E86F32DC815D14290BCACE04C.d.F9AE205D6EA09CB2D007AB30A441360B.e.5508"}]}
COMMAND: POST /session/fefae731ffe12f9640dd1679bcba6cb2/element/f.260C0A6E86F32DC815D14290BCACE04C.d.F9AE205D6EA09CB2D007AB30A441360B.e.5508/click - {}
RESULT: {}
COMMAND: GET /session/fefae731ffe12f9640dd1679bcba6cb2/screenshot - {}
RESULT: {}
COMMAND: GET /session/fefae731ffe12f9640dd1679bcba6cb2/screenshot - {}
RESULT: {}
COMMAND: POST /session/fefae731ffe12f9640dd1679bcba6cb2/execute/async - {"script":"<script> [1562 bytes]","args":[{"selector":{"id":"application-manageresources-display-component---newResourceUnit--TYPE-arrow"},"wdio_ui5_key":"applicationmanageresources-display-component---newResourceUnit--TYPE-arrow"}]}
RESULT: {}
RESULT: {"script":"<script> [1562 bytes]","args":[{"selector":{"id":"application-manageresources-display-component---newResourceUnit--TYPE-arrow"},"wdio_ui5_key":"applicationmanageresources-display-component---newResourceUnit--TYPE-arrow"}]}
RESULT: undefined
COMMAND: POST /session/fefae731ffe12f9640dd1679bcba6cb2/element - {"using":"xpath","value":"//*[@id=\"application-manageresources-display-component---newResourceUnit--TYPE-arrow\"]"}
RESULT: {"using":"xpath","value":"//*[@id=\"application-manageresources-display-component---newResourceUnit--TYPE-arrow\"]"}
COMMAND: POST /session/fefae731ffe12f9640dd1679bcba6cb2/element/f.260C0A6E86F32DC815D14290BCACE04C.d.F9AE205D6EA09CB2D007AB30A441360B.e.5851/click - {}
RESULT: {}
COMMAND: POST /session/fefae731ffe12f9640dd1679bcba6cb2/element - {"using":"xpath","value":"//input[@id=\"application-manageresources-display-component---newResourceUnit--TYPE-inner\"]"}
COMMAND: GET /session/fefae731ffe12f9640dd1679bcba6cb2/screenshot - {}
RESULT: {"using":"xpath","value":"//input[@id=\"application-manageresources-display-component---newResourceUnit--TYPE-inner\"]"}
COMMAND: POST /session/fefae731ffe12f9640dd1679bcba6cb2/element/f.260C0A6E86F32DC815D14290BCACE04C.d.F9AE205D6EA09CB2D007AB30A441360B.e.5847/clear - {}
RESULT: {}
RESULT: {}
COMMAND: POST /session/fefae731ffe12f9640dd1679bcba6cb2/element/f.260C0A6E86F32DC815D14290BCACE04C.d.F9AE205D6EA09CB2D007AB30A441360B.e.5847/value - {"text":"Material"}
COMMAND: GET /session/fefae731ffe12f9640dd1679bcba6cb2/screenshot - {}
RESULT: {"text":"Material"}
COMMAND: GET /session/fefae731ffe12f9640dd1679bcba6cb2/screenshot - {}
RESULT: {}
RESULT: {}
COMMAND: POST /session/fefae731ffe12f9640dd1679bcba6cb2/actions - {"actions":[{"id":"action23","type":"key","parameters":{},"actions":[{"type":"keyDown","value":"î€‡"},{"type":"pause","duration":10},{"type":"keyUp","value":"î€‡"}]}]}
RESULT: {"actions":[{"id":"action23","type":"key","parameters":{},"actions":[{"type":"keyDown","value":"î€‡"},{"type":"pause","duration":10},{"type":"keyUp","value":"î€‡"}]}]}
COMMAND: POST /session/fefae731ffe12f9640dd1679bcba6cb2/execute/async - {"script":"<script> [1562 bytes]","args":[{"selector":{"id":"application-manageresources-display-component---newResourceUnit--SHORT_TEXT","interaction":{"idSuffix":"inner"}},"wdio_ui5_key":"applicationmanageresources-display-component---newResourceUnit--SHORT_TEXT"}]}
COMMAND: GET /session/fefae731ffe12f9640dd1679bcba6cb2/screenshot - {}
RESULT: {"script":"<script> [1562 bytes]","args":[{"selector":{"id":"application-manageresources-display-component---newResourceUnit--SHORT_TEXT","interaction":{"idSuffix":"inner"}},"wdio_ui5_key":"applicationmanageresources-display-component---newResourceUnit--SHORT_TEXT"}]}
RESULT: undefined
COMMAND: POST /session/fefae731ffe12f9640dd1679bcba6cb2/execute/async - {"script":"<script> [776 bytes]","args":[{"enterText":"Cement WDIO","selector":{"id":"application-manageresources-display-component---newResourceUnit--SHORT_TEXT","interaction":{"idSuffix":"inner"}},"clearTextFirst":true,"interactionType":"ENTER_TEXT"}]}
RESULT: {}
RESULT: {"script":"<script> [776 bytes]","args":[{"enterText":"Cement WDIO","selector":{"id":"application-manageresources-display-component---newResourceUnit--SHORT_TEXT","interaction":{"idSuffix":"inner"}},"clearTextFirst":true,"interactionType":"ENTER_TEXT"}]}
COMMAND: POST /session/fefae731ffe12f9640dd1679bcba6cb2/execute/async - {"script":"<script> [1562 bytes]","args":[{"selector":{"id":"application-manageresources-display-component---newResourceUnit--BASE_UNIT_OF_MEASURE","interaction":{"idSuffix":"inner"}},"wdio_ui5_key":"applicationmanageresources-display-component---newResourceUnit--BASE_UNIT_OF_MEASURE"}]}
RESULT: {"script":"<script> [1562 bytes]","args":[{"selector":{"id":"application-manageresources-display-component---newResourceUnit--BASE_UNIT_OF_MEASURE","interaction":{"idSuffix":"inner"}},"wdio_ui5_key":"applicationmanageresources-display-component---newResourceUnit--BASE_UNIT_OF_MEASURE"}]}
RESULT: undefined
COMMAND: POST /session/fefae731ffe12f9640dd1679bcba6cb2/execute/async - {"script":"<script> [776 bytes]","args":[{"enterText":"Piece","selector":{"id":"application-manageresources-display-component---newResourceUnit--BASE_UNIT_OF_MEASURE","interaction":{"idSuffix":"inner"}},"clearTextFirst":true,"interactionType":"ENTER_TEXT"}]}
RESULT: {"script":"<script> [776 bytes]","args":[{"enterText":"Piece","selector":{"id":"application-manageresources-display-component---newResourceUnit--BASE_UNIT_OF_MEASURE","interaction":{"idSuffix":"inner"}},"clearTextFirst":true,"interactionType":"ENTER_TEXT"}]}
COMMAND: POST /session/fefae731ffe12f9640dd1679bcba6cb2/execute/async - {"script":"<script> [1562 bytes]","args":[{"selector":{"id":"application-manageresources-display-component---newResourceUnit--WEIGHT_UNIT","interaction":{"idSuffix":"inner"}},"wdio_ui5_key":"applicationmanageresources-display-component---newResourceUnit--WEIGHT_UNIT"}]}
RESULT: {"script":"<script> [1562 bytes]","args":[{"selector":{"id":"application-manageresources-display-component---newResourceUnit--WEIGHT_UNIT","interaction":{"idSuffix":"inner"}},"wdio_ui5_key":"applicationmanageresources-display-component---newResourceUnit--WEIGHT_UNIT"}]}
RESULT: undefined
COMMAND: POST /session/fefae731ffe12f9640dd1679bcba6cb2/execute/async - {"script":"<script> [776 bytes]","args":[{"enterText":"Gram","selector":{"id":"application-manageresources-display-component---newResourceUnit--WEIGHT_UNIT","interaction":{"idSuffix":"inner"}},"clearTextFirst":true,"interactionType":"ENTER_TEXT"}]}
RESULT: {"script":"<script> [776 bytes]","args":[{"enterText":"Gram","selector":{"id":"application-manageresources-display-component---newResourceUnit--WEIGHT_UNIT","interaction":{"idSuffix":"inner"}},"clearTextFirst":true,"interactionType":"ENTER_TEXT"}]}
COMMAND: POST /session/fefae731ffe12f9640dd1679bcba6cb2/execute/async - {"script":"<script> [1562 bytes]","args":[{"selector":{"id":"application-manageresources-display-component---newResourceUnit--DIMENSION_UNIT","interaction":{"idSuffix":"inner"}},"wdio_ui5_key":"applicationmanageresources-display-component---newResourceUnit--DIMENSION_UNIT"}]}
RESULT: {"script":"<script> [1562 bytes]","args":[{"selector":{"id":"application-manageresources-display-component---newResourceUnit--DIMENSION_UNIT","interaction":{"idSuffix":"inner"}},"wdio_ui5_key":"applicationmanageresources-display-component---newResourceUnit--DIMENSION_UNIT"}]}
RESULT: undefined
COMMAND: POST /session/fefae731ffe12f9640dd1679bcba6cb2/execute/async - {"script":"<script> [776 bytes]","args":[{"enterText":"Meter","selector":{"id":"application-manageresources-display-component---newResourceUnit--DIMENSION_UNIT","interaction":{"idSuffix":"inner"}},"clearTextFirst":true,"interactionType":"ENTER_TEXT"}]}
RESULT: {"script":"<script> [776 bytes]","args":[{"enterText":"Meter","selector":{"id":"application-manageresources-display-component---newResourceUnit--DIMENSION_UNIT","interaction":{"idSuffix":"inner"}},"clearTextFirst":true,"interactionType":"ENTER_TEXT"}]}
COMMAND: POST /session/fefae731ffe12f9640dd1679bcba6cb2/execute/async - {"script":"<script> [1562 bytes]","args":[{"selector":{"id":"application-manageresources-display-component---newResourceUnit--newRRUPage-anchBar-application-manageresources-display-component---newResourceUnit--control-anchor","interaction":{"idSuffix":"BDI-content"}},"wdio_ui5_key":"applicationmanageresources-display-component---newResourceUnit--newRRUPage-anchBar-application-manageresources-display-component---newResourceUnit--control-anchor"}]}
RESULT: {"script":"<script> [1562 bytes]","args":[{"selector":{"id":"application-manageresources-display-component---newResourceUnit--newRRUPage-anchBar-application-manageresources-display-component---newResourceUnit--control-anchor","interaction":{"idSuffix":"BDI-content"}},"wdio_ui5_key":"applicationmanageresources-display-component---newResourceUnit--newRRUPage-anchBar-application-manageresources-display-component---newResourceUnit--control-anchor"}]}
RESULT: undefined
COMMAND: POST /session/fefae731ffe12f9640dd1679bcba6cb2/element - {"using":"xpath","value":"//*[@id=\"application-manageresources-display-component---newResourceUnit--newRRUPage-anchBar-application-manageresources-display-component---newResourceUnit--control-anchor\"]"}
RESULT: {"using":"xpath","value":"//*[@id=\"application-manageresources-display-component---newResourceUnit--newRRUPage-anchBar-application-manageresources-display-component---newResourceUnit--control-anchor\"]"}
COMMAND: POST /session/fefae731ffe12f9640dd1679bcba6cb2/element/f.260C0A6E86F32DC815D14290BCACE04C.d.F9AE205D6EA09CB2D007AB30A441360B.e.5916/click - {}
RESULT: {}
COMMAND: POST /session/fefae731ffe12f9640dd1679bcba6cb2/execute/async - {"script":"<script> [1562 bytes]","args":[{"selector":{"id":"application-manageresources-display-component---newResourceUnit--PLANNING_GROUP","interaction":{"idSuffix":"inner"}},"wdio_ui5_key":"applicationmanageresources-display-component---newResourceUnit--PLANNING_GROUP"}]}
COMMAND: GET /session/fefae731ffe12f9640dd1679bcba6cb2/screenshot - {}
RESULT: {"script":"<script> [1562 bytes]","args":[{"selector":{"id":"application-manageresources-display-component---newResourceUnit--PLANNING_GROUP","interaction":{"idSuffix":"inner"}},"wdio_ui5_key":"applicationmanageresources-display-component---newResourceUnit--PLANNING_GROUP"}]}
RESULT: undefined
COMMAND: POST /session/fefae731ffe12f9640dd1679bcba6cb2/execute/async - {"script":"<script> [776 bytes]","args":[{"enterText":"Material","selector":{"id":"application-manageresources-display-component---newResourceUnit--PLANNING_GROUP","interaction":{"idSuffix":"inner"}},"clearTextFirst":true,"interactionType":"ENTER_TEXT"}]}
RESULT: {}
RESULT: {"script":"<script> [776 bytes]","args":[{"enterText":"Material","selector":{"id":"application-manageresources-display-component---newResourceUnit--PLANNING_GROUP","interaction":{"idSuffix":"inner"}},"clearTextFirst":true,"interactionType":"ENTER_TEXT"}]}
COMMAND: POST /session/fefae731ffe12f9640dd1679bcba6cb2/execute/async - {"script":"<script> [1562 bytes]","args":[{"selector":{"id":"application-manageresources-display-component---newResourceUnit--PLANNING_INDICATOR","interaction":{"idSuffix":"inner"}},"wdio_ui5_key":"applicationmanageresources-display-component---newResourceUnit--PLANNING_INDICATOR"}]}
RESULT: {"script":"<script> [1562 bytes]","args":[{"selector":{"id":"application-manageresources-display-component---newResourceUnit--PLANNING_INDICATOR","interaction":{"idSuffix":"inner"}},"wdio_ui5_key":"applicationmanageresources-display-component---newResourceUnit--PLANNING_INDICATOR"}]}
RESULT: undefined
COMMAND: POST /session/fefae731ffe12f9640dd1679bcba6cb2/execute/async - {"script":"<script> [776 bytes]","args":[{"enterText":"10 - infinite","selector":{"id":"application-manageresources-display-component---newResourceUnit--PLANNING_INDICATOR","interaction":{"idSuffix":"inner"}},"clearTextFirst":true,"interactionType":"ENTER_TEXT"}]}
RESULT: {"script":"<script> [776 bytes]","args":[{"enterText":"10 - infinite","selector":{"id":"application-manageresources-display-component---newResourceUnit--PLANNING_INDICATOR","interaction":{"idSuffix":"inner"}},"clearTextFirst":true,"interactionType":"ENTER_TEXT"}]}
COMMAND: POST /session/fefae731ffe12f9640dd1679bcba6cb2/element - {"using":"css selector","value":"#application-manageresources-display-component---newResourceUnit--btnAddTimeSegment"}
RESULT: {"using":"css selector","value":"#application-manageresources-display-component---newResourceUnit--btnAddTimeSegment"}
COMMAND: GET /session/fefae731ffe12f9640dd1679bcba6cb2/element/f.260C0A6E86F32DC815D14290BCACE04C.d.F9AE205D6EA09CB2D007AB30A441360B.e.5924/rect - {}
RESULT: {}
COMMAND: GET /session/fefae731ffe12f9640dd1679bcba6cb2/window/rect - {}
RESULT: {}
COMMAND: POST /session/fefae731ffe12f9640dd1679bcba6cb2/execute/sync - {"script":"<script> [92 bytes]","args":[]}
RESULT: {"script":"<script> [92 bytes]","args":[]}
COMMAND: POST /session/fefae731ffe12f9640dd1679bcba6cb2/actions - {"actions":[{"id":"action24","type":"wheel","parameters":{},"actions":[{"type":"scroll","x":-1888,"y":-32,"deltaX":0,"deltaY":0,"duration":0,"origin":{"element-6066-11e4-a52e-4f735466cecf":"f.260C0A6E86F32DC815D14290BCACE04C.d.F9AE205D6EA09CB2D007AB30A441360B.e.5924"}}]}]}
COMMAND: GET /session/fefae731ffe12f9640dd1679bcba6cb2/screenshot - {}
RESULT: {}
COMMAND: POST /session/fefae731ffe12f9640dd1679bcba6cb2/execute/sync - {"script":"<script> [79 bytes]","args":[{"element-6066-11e4-a52e-4f735466cecf":"f.260C0A6E86F32DC815D14290BCACE04C.d.F9AE205D6EA09CB2D007AB30A441360B.e.5924","ELEMENT":"f.260C0A6E86F32DC815D14290BCACE04C.d.F9AE205D6EA09CB2D007AB30A441360B.e.5924"},{"block":"start","inline":"nearest"}]}
RESULT: {"script":"<script> [79 bytes]","args":[{"element-6066-11e4-a52e-4f735466cecf":"f.260C0A6E86F32DC815D14290BCACE04C.d.F9AE205D6EA09CB2D007AB30A441360B.e.5924","ELEMENT":"f.260C0A6E86F32DC815D14290BCACE04C.d.F9AE205D6EA09CB2D007AB30A441360B.e.5924"},{"block":"start","inline":"nearest"}]}
COMMAND: POST /session/fefae731ffe12f9640dd1679bcba6cb2/execute/async - {"script":"<script> [1562 bytes]","args":[{"selector":{"id":"application-manageresources-display-component---newResourceUnit--btnAddTimeSegment","interaction":{"idSuffix":"inner"}},"wdio_ui5_key":"applicationmanageresources-display-component---newResourceUnit--btnAddTimeSegment"}]}
COMMAND: GET /session/fefae731ffe12f9640dd1679bcba6cb2/screenshot - {}
RESULT: {"script":"<script> [1562 bytes]","args":[{"selector":{"id":"application-manageresources-display-component---newResourceUnit--btnAddTimeSegment","interaction":{"idSuffix":"inner"}},"wdio_ui5_key":"applicationmanageresources-display-component---newResourceUnit--btnAddTimeSegment"}]}
RESULT: undefined
COMMAND: POST /session/fefae731ffe12f9640dd1679bcba6cb2/element - {"using":"xpath","value":"//*[@id=\"application-manageresources-display-component---newResourceUnit--btnAddTimeSegment\"]"}
RESULT: {}
RESULT: {"using":"xpath","value":"//*[@id=\"application-manageresources-display-component---newResourceUnit--btnAddTimeSegment\"]"}
COMMAND: POST /session/fefae731ffe12f9640dd1679bcba6cb2/element/f.260C0A6E86F32DC815D14290BCACE04C.d.F9AE205D6EA09CB2D007AB30A441360B.e.5924/click - {}
RESULT: {}
COMMAND: GET /session/fefae731ffe12f9640dd1679bcba6cb2/screenshot - {}
RESULT: {}
COMMAND: POST /session/fefae731ffe12f9640dd1679bcba6cb2/element - {"using":"xpath","value":"//input[@id=\"application-manageresources-display-component---newResourceUnit--idRuTSAdmin-application-manageresources-display-component---newResourceUnit--RUTimeSegment-0-inner\"]"}
RESULT: {"using":"xpath","value":"//input[@id=\"application-manageresources-display-component---newResourceUnit--idRuTSAdmin-application-manageresources-display-component---newResourceUnit--RUTimeSegment-0-inner\"]"}
COMMAND: POST /session/fefae731ffe12f9640dd1679bcba6cb2/element/f.260C0A6E86F32DC815D14290BCACE04C.d.F9AE205D6EA09CB2D007AB30A441360B.e.5929/clear - {}
RESULT: {}
COMMAND: POST /session/fefae731ffe12f9640dd1679bcba6cb2/element/f.260C0A6E86F32DC815D14290BCACE04C.d.F9AE205D6EA09CB2D007AB30A441360B.e.5929/value - {"text":"299"}
COMMAND: GET /session/fefae731ffe12f9640dd1679bcba6cb2/screenshot - {}
RESULT: {"text":"299"}
COMMAND: GET /session/fefae731ffe12f9640dd1679bcba6cb2/screenshot - {}
RESULT: {}
RESULT: {}
COMMAND: POST /session/fefae731ffe12f9640dd1679bcba6cb2/element - {"using":"xpath","value":"//li[.//span[text()='299']]"}
RESULT: {"using":"xpath","value":"//li[.//span[text()='299']]"}
COMMAND: POST /session/fefae731ffe12f9640dd1679bcba6cb2/element/f.260C0A6E86F32DC815D14290BCACE04C.d.F9AE205D6EA09CB2D007AB30A441360B.e.5938/click - {}
RESULT: {}
COMMAND: GET /session/fefae731ffe12f9640dd1679bcba6cb2/screenshot - {}
RESULT: {}
COMMAND: POST /session/fefae731ffe12f9640dd1679bcba6cb2/element - {"using":"xpath","value":"(//span[contains(@id, \"-application-manageresources-display-component---newResourceUnit--RUTimeSegment-0-arrow\")])[2]"}
RESULT: {"using":"xpath","value":"(//span[contains(@id, \"-application-manageresources-display-component---newResourceUnit--RUTimeSegment-0-arrow\")])[2]"}
COMMAND: POST /session/fefae731ffe12f9640dd1679bcba6cb2/element/f.260C0A6E86F32DC815D14290BCACE04C.d.F9AE205D6EA09CB2D007AB30A441360B.e.5939/click - {}
RESULT: {}
COMMAND: POST /session/fefae731ffe12f9640dd1679bcba6cb2/element - {"using":"xpath","value":"//span[contains(text(), \"PM Order\")]"}
COMMAND: GET /session/fefae731ffe12f9640dd1679bcba6cb2/screenshot - {}
RESULT: {"using":"xpath","value":"//span[contains(text(), \"PM Order\")]"}
COMMAND: POST /session/fefae731ffe12f9640dd1679bcba6cb2/element/f.260C0A6E86F32DC815D14290BCACE04C.d.F9AE205D6EA09CB2D007AB30A441360B.e.5940/click - {}
RESULT: {}
RESULT: {}
COMMAND: GET /session/fefae731ffe12f9640dd1679bcba6cb2/screenshot - {}
RESULT: {}
COMMAND: POST /session/fefae731ffe12f9640dd1679bcba6cb2/element - {"using":"xpath","value":"//td/div/div/div/span[contains(@id, \"newResourceUnit--RUTimeSegment-0-vhi\")][1]"}
RESULT: {"using":"xpath","value":"//td/div/div/div/span[contains(@id, \"newResourceUnit--RUTimeSegment-0-vhi\")][1]"}
COMMAND: GET /session/fefae731ffe12f9640dd1679bcba6cb2/element/f.260C0A6E86F32DC815D14290BCACE04C.d.F9AE205D6EA09CB2D007AB30A441360B.e.5944/rect - {}
RESULT: {}
COMMAND: GET /session/fefae731ffe12f9640dd1679bcba6cb2/window/rect - {}
RESULT: {}
COMMAND: POST /session/fefae731ffe12f9640dd1679bcba6cb2/execute/sync - {"script":"<script> [92 bytes]","args":[]}
RESULT: {"script":"<script> [92 bytes]","args":[]}
COMMAND: POST /session/fefae731ffe12f9640dd1679bcba6cb2/actions - {"actions":[{"id":"action25","type":"wheel","parameters":{},"actions":[{"type":"scroll","x":-1888,"y":-24,"deltaX":0,"deltaY":0,"duration":0,"origin":{"element-6066-11e4-a52e-4f735466cecf":"f.260C0A6E86F32DC815D14290BCACE04C.d.F9AE205D6EA09CB2D007AB30A441360B.e.5944"}}]}]}
COMMAND: GET /session/fefae731ffe12f9640dd1679bcba6cb2/screenshot - {}
RESULT: {}
COMMAND: POST /session/fefae731ffe12f9640dd1679bcba6cb2/execute/sync - {"script":"<script> [79 bytes]","args":[{"element-6066-11e4-a52e-4f735466cecf":"f.260C0A6E86F32DC815D14290BCACE04C.d.F9AE205D6EA09CB2D007AB30A441360B.e.5944","ELEMENT":"f.260C0A6E86F32DC815D14290BCACE04C.d.F9AE205D6EA09CB2D007AB30A441360B.e.5944"},{"block":"start","inline":"nearest"}]}
RESULT: {"script":"<script> [79 bytes]","args":[{"element-6066-11e4-a52e-4f735466cecf":"f.260C0A6E86F32DC815D14290BCACE04C.d.F9AE205D6EA09CB2D007AB30A441360B.e.5944","ELEMENT":"f.260C0A6E86F32DC815D14290BCACE04C.d.F9AE205D6EA09CB2D007AB30A441360B.e.5944"},{"block":"start","inline":"nearest"}]}
COMMAND: GET /session/fefae731ffe12f9640dd1679bcba6cb2/screenshot - {}
RESULT: {}
COMMAND: POST /session/fefae731ffe12f9640dd1679bcba6cb2/element/f.260C0A6E86F32DC815D14290BCACE04C.d.F9AE205D6EA09CB2D007AB30A441360B.e.5944/click - {}
RESULT: {}
COMMAND: GET /session/fefae731ffe12f9640dd1679bcba6cb2/screenshot - {}
RESULT: {}
COMMAND: POST /session/fefae731ffe12f9640dd1679bcba6cb2/execute/async - {"script":"<script> [1562 bytes]","args":[{"selector":{"controlType":"sap.m.SearchField","properties":{"placeholder":"Search"},"searchOpenDialogs":true,"interaction":{"idSuffix":"I"}},"wdio_ui5_key":"sapm.SearchField{\"placeholder\":\"Search\"}"}]}
RESULT: {"script":"<script> [1562 bytes]","args":[{"selector":{"controlType":"sap.m.SearchField","properties":{"placeholder":"Search"},"searchOpenDialogs":true,"interaction":{"idSuffix":"I"}},"wdio_ui5_key":"sapm.SearchField{\"placeholder\":\"Search\"}"}]}
RESULT: undefined
COMMAND: POST /session/fefae731ffe12f9640dd1679bcba6cb2/execute/async - {"script":"<script> [776 bytes]","args":[{"enterText":"4000360","selector":{"controlType":"sap.m.SearchField","properties":{"placeholder":"Search"},"searchOpenDialogs":true,"interaction":{"idSuffix":"I"}},"clearTextFirst":true,"interactionType":"ENTER_TEXT"}]}
RESULT: {"script":"<script> [776 bytes]","args":[{"enterText":"4000360","selector":{"controlType":"sap.m.SearchField","properties":{"placeholder":"Search"},"searchOpenDialogs":true,"interaction":{"idSuffix":"I"}},"clearTextFirst":true,"interactionType":"ENTER_TEXT"}]}
COMMAND: POST /session/fefae731ffe12f9640dd1679bcba6cb2/actions - {"actions":[{"id":"action26","type":"key","parameters":{},"actions":[{"type":"keyDown","value":"î€‡"},{"type":"pause","duration":10},{"type":"keyUp","value":"î€‡"}]}]}
RESULT: {"actions":[{"id":"action26","type":"key","parameters":{},"actions":[{"type":"keyDown","value":"î€‡"},{"type":"pause","duration":10},{"type":"keyUp","value":"î€‡"}]}]}
COMMAND: GET /session/fefae731ffe12f9640dd1679bcba6cb2/screenshot - {}
RESULT: {}
COMMAND: POST /session/fefae731ffe12f9640dd1679bcba6cb2/element - {"using":"xpath","value":"//td/div/span[contains(text(), \"BGL Vehicles\")]"}
RESULT: {"using":"xpath","value":"//td/div/span[contains(text(), \"BGL Vehicles\")]"}
COMMAND: POST /session/fefae731ffe12f9640dd1679bcba6cb2/element/f.260C0A6E86F32DC815D14290BCACE04C.d.F9AE205D6EA09CB2D007AB30A441360B.e.5966/click - {}
RESULT: {}
COMMAND: GET /session/fefae731ffe12f9640dd1679bcba6cb2/screenshot - {}
RESULT: {}
COMMAND: POST /session/fefae731ffe12f9640dd1679bcba6cb2/element - {"using":"xpath","value":"//bdi[contains(text(), \"OK\")]"}
RESULT: {"using":"xpath","value":"//bdi[contains(text(), \"OK\")]"}
COMMAND: POST /session/fefae731ffe12f9640dd1679bcba6cb2/element/f.260C0A6E86F32DC815D14290BCACE04C.d.F9AE205D6EA09CB2D007AB30A441360B.e.5967/click - {}
RESULT: {}
COMMAND: GET /session/fefae731ffe12f9640dd1679bcba6cb2/screenshot - {}
RESULT: {}
COMMAND: POST /session/fefae731ffe12f9640dd1679bcba6cb2/element - {"using":"xpath","value":"//label[contains(@class, 'sapMLabelRequired') and .//bdi[contains(text(), 'Planned Retirement')]]"}
RESULT: {"using":"xpath","value":"//label[contains(@class, 'sapMLabelRequired') and .//bdi[contains(text(), 'Planned Retirement')]]"}
COMMAND: POST /session/fefae731ffe12f9640dd1679bcba6cb2/elements - {"using":"xpath","value":"//label[contains(@class, 'sapMLabelRequired') and .//bdi[contains(text(), 'Planned Retirement')]]"}
RESULT: {"using":"xpath","value":"//label[contains(@class, 'sapMLabelRequired') and .//bdi[contains(text(), 'Planned Retirement')]]"}
COMMAND: POST /session/fefae731ffe12f9640dd1679bcba6cb2/element - {"using":"xpath","value":"//button[@data-kt=\"resourceUnitSaveButton\"]"}
RESULT: {"using":"xpath","value":"//button[@data-kt=\"resourceUnitSaveButton\"]"}
COMMAND: POST /session/fefae731ffe12f9640dd1679bcba6cb2/element/f.260C0A6E86F32DC815D14290BCACE04C.d.F9AE205D6EA09CB2D007AB30A441360B.e.5868/click - {}
RESULT: {}
COMMAND: GET /session/fefae731ffe12f9640dd1679bcba6cb2/screenshot - {}
RESULT: {}
COMMAND: POST /session/fefae731ffe12f9640dd1679bcba6cb2/element - {"using":"xpath","value":"//bdi[contains(text(), \"Close\")]"}
RESULT: {"using":"xpath","value":"//bdi[contains(text(), \"Close\")]"}
COMMAND: POST /session/fefae731ffe12f9640dd1679bcba6cb2/element/f.260C0A6E86F32DC815D14290BCACE04C.d.F9AE205D6EA09CB2D007AB30A441360B.e.5973/click - {}
RESULT: {}
COMMAND: GET /session/fefae731ffe12f9640dd1679bcba6cb2/screenshot - {}
RESULT: {}
COMMAND: POST /session/fefae731ffe12f9640dd1679bcba6cb2/element - {"using":"xpath","value":"//header[contains(@id, 'detailRruPage-headerTitle')]/div[1]/div[2]/div[2]/span[1]"}
RESULT: {"using":"xpath","value":"//header[contains(@id, 'detailRruPage-headerTitle')]/div[1]/div[2]/div[2]/span[1]"}
COMMAND: POST /session/fefae731ffe12f9640dd1679bcba6cb2/elements - {"using":"xpath","value":"//header[contains(@id, 'detailRruPage-headerTitle')]/div[1]/div[2]/div[2]/span[1]"}
RESULT: {"using":"xpath","value":"//header[contains(@id, 'detailRruPage-headerTitle')]/div[1]/div[2]/div[2]/span[1]"}
COMMAND: POST /session/fefae731ffe12f9640dd1679bcba6cb2/execute/sync - {"script":"<script> [56 bytes]","args":[{"element-6066-11e4-a52e-4f735466cecf":"f.260C0A6E86F32DC815D14290BCACE04C.d.F9AE205D6EA09CB2D007AB30A441360B.e.6001","ELEMENT":"f.260C0A6E86F32DC815D14290BCACE04C.d.F9AE205D6EA09CB2D007AB30A441360B.e.6001"}]}
RESULT: {"script":"<script> [56 bytes]","args":[{"element-6066-11e4-a52e-4f735466cecf":"f.260C0A6E86F32DC815D14290BCACE04C.d.F9AE205D6EA09CB2D007AB30A441360B.e.6001","ELEMENT":"f.260C0A6E86F32DC815D14290BCACE04C.d.F9AE205D6EA09CB2D007AB30A441360B.e.6001"}]}
COMMAND: POST /session/fefae731ffe12f9640dd1679bcba6cb2/element - {"using":"css selector","value":"#shell-header-logo"}
COMMAND: GET /session/fefae731ffe12f9640dd1679bcba6cb2/screenshot - {}
RESULT: {"using":"css selector","value":"#shell-header-logo"}
COMMAND: POST /session/fefae731ffe12f9640dd1679bcba6cb2/element/f.260C0A6E86F32DC815D14290BCACE04C.d.F9AE205D6EA09CB2D007AB30A441360B.e.5350/click - {}
RESULT: {}
RESULT: {}
COMMAND: GET /session/fefae731ffe12f9640dd1679bcba6cb2/screenshot - {}
RESULT: {}
]]></system-out>
    </testcase>
    <testcase classname="chrome.136_0_7103_49.windows.Provide_to_Site_w/_warehouse_management_w/o_clarification_US113782_" name="Bin Status Report Should Create New Organization yard" time="0.005" />
    <testcase classname="chrome.136_0_7103_49.windows.Provide_to_Site_w/_warehouse_management_w/o_clarification_US113782_" name="Bin Status Report Should Create New Organization for Site" time="0.004" />
  </testsuite>
  <testsuite timestamp="2025-05-14T06:33:34" time="269.125" tests="5" failures="5" errors="5" skipped="0">
    <properties>
      <property name="specId" value="0" />
      <property name="suiteName" value="Provide to Site w/ warehouse management wo clarification" />
      <property name="capabilities" value="chrome.136_0_7103_49.windows" />
      <property name="file" value="file:///D:/a/1/s/test/specs/HTR/provide-to-site-w-warehouse-wo-clarification.spec.js" />
    </properties>
  </testsuite>
  <testsuite timestamp="2025-05-14T06:38:03" time="537.379" tests="4" failures="0" errors="0" skipped="0">
    <properties>
      <property name="specId" value="0" />
      <property name="suiteName" value="Provide to Site w/o warehouse management w/ clarification US116605" />
      <property name="capabilities" value="chrome.136_0_7103_49.windows" />
      <property name="file" value="file:///D:/a/1/s/test/specs/HTR/provide-to-site-wo-warehouse-w-clarification.spec.js" />
    </properties>
    <testcase classname="chrome.136_0_7103_49.windows.Provide_to_Site_w/o_warehouse_management_w/_clarification_US116605" name="Should create a new yard" time="134.479">
      <system-out><![CDATA[
COMMAND: POST /session/fefae731ffe12f9640dd1679bcba6cb2/window/fullscreen - {}
RESULT: {}
COMMAND: POST /session/fefae731ffe12f9640dd1679bcba6cb2/execute/async - {"script":"<script> [1562 bytes]","args":[{"selector":{"controlType":"sap.m.GenericTile","properties":{"header":"Manage Yards"}},"wdio_ui5_key":"sapm.GenericTile{\"header\":\"Manage Yards\"}"}]}
RESULT: {"script":"<script> [1562 bytes]","args":[{"selector":{"controlType":"sap.m.GenericTile","properties":{"header":"Manage Yards"}},"wdio_ui5_key":"sapm.GenericTile{\"header\":\"Manage Yards\"}"}]}
RESULT: undefined
COMMAND: POST /session/fefae731ffe12f9640dd1679bcba6cb2/element - {"using":"xpath","value":"//*[@id=\"__tile33\"]"}
RESULT: {"using":"xpath","value":"//*[@id=\"__tile33\"]"}
COMMAND: POST /session/fefae731ffe12f9640dd1679bcba6cb2/element/f.260C0A6E86F32DC815D14290BCACE04C.d.D0D5DEC3D2AB81590311DC221F576A49.e.6592/click - {}
RESULT: {}
COMMAND: POST /session/fefae731ffe12f9640dd1679bcba6cb2/element - {"using":"xpath","value":"//button[@data-kt=\"addNewYardOverflowToolbarButton\"]"}
COMMAND: GET /session/fefae731ffe12f9640dd1679bcba6cb2/screenshot - {}
RESULT: {"using":"xpath","value":"//button[@data-kt=\"addNewYardOverflowToolbarButton\"]"}
COMMAND: POST /session/fefae731ffe12f9640dd1679bcba6cb2/elements - {"using":"xpath","value":"//button[@data-kt=\"addNewYardOverflowToolbarButton\"]"}
RESULT: {}
RESULT: {"using":"xpath","value":"//button[@data-kt=\"addNewYardOverflowToolbarButton\"]"}
COMMAND: POST /session/fefae731ffe12f9640dd1679bcba6cb2/elements - {"using":"xpath","value":"//button[@data-kt=\"addNewYardOverflowToolbarButton\"]"}
RESULT: {"using":"xpath","value":"//button[@data-kt=\"addNewYardOverflowToolbarButton\"]"}
COMMAND: POST /session/fefae731ffe12f9640dd1679bcba6cb2/elements - {"using":"xpath","value":"//button[@data-kt=\"addNewYardOverflowToolbarButton\"]"}
RESULT: {"using":"xpath","value":"//button[@data-kt=\"addNewYardOverflowToolbarButton\"]"}
COMMAND: POST /session/fefae731ffe12f9640dd1679bcba6cb2/elements - {"using":"xpath","value":"//button[@data-kt=\"addNewYardOverflowToolbarButton\"]"}
RESULT: {"using":"xpath","value":"//button[@data-kt=\"addNewYardOverflowToolbarButton\"]"}
COMMAND: POST /session/fefae731ffe12f9640dd1679bcba6cb2/elements - {"using":"xpath","value":"//button[@data-kt=\"addNewYardOverflowToolbarButton\"]"}
RESULT: {"using":"xpath","value":"//button[@data-kt=\"addNewYardOverflowToolbarButton\"]"}
COMMAND: POST /session/fefae731ffe12f9640dd1679bcba6cb2/elements - {"using":"xpath","value":"//button[@data-kt=\"addNewYardOverflowToolbarButton\"]"}
RESULT: {"using":"xpath","value":"//button[@data-kt=\"addNewYardOverflowToolbarButton\"]"}
COMMAND: POST /session/fefae731ffe12f9640dd1679bcba6cb2/elements - {"using":"xpath","value":"//button[@data-kt=\"addNewYardOverflowToolbarButton\"]"}
RESULT: {"using":"xpath","value":"//button[@data-kt=\"addNewYardOverflowToolbarButton\"]"}
COMMAND: POST /session/fefae731ffe12f9640dd1679bcba6cb2/elements - {"using":"xpath","value":"//button[@data-kt=\"addNewYardOverflowToolbarButton\"]"}
RESULT: {"using":"xpath","value":"//button[@data-kt=\"addNewYardOverflowToolbarButton\"]"}
COMMAND: POST /session/fefae731ffe12f9640dd1679bcba6cb2/elements - {"using":"xpath","value":"//button[@data-kt=\"addNewYardOverflowToolbarButton\"]"}
RESULT: {"using":"xpath","value":"//button[@data-kt=\"addNewYardOverflowToolbarButton\"]"}
COMMAND: POST /session/fefae731ffe12f9640dd1679bcba6cb2/elements - {"using":"xpath","value":"//button[@data-kt=\"addNewYardOverflowToolbarButton\"]"}
RESULT: {"using":"xpath","value":"//button[@data-kt=\"addNewYardOverflowToolbarButton\"]"}
COMMAND: POST /session/fefae731ffe12f9640dd1679bcba6cb2/elements - {"using":"xpath","value":"//button[@data-kt=\"addNewYardOverflowToolbarButton\"]"}
RESULT: {"using":"xpath","value":"//button[@data-kt=\"addNewYardOverflowToolbarButton\"]"}
COMMAND: POST /session/fefae731ffe12f9640dd1679bcba6cb2/elements - {"using":"xpath","value":"//button[@data-kt=\"addNewYardOverflowToolbarButton\"]"}
RESULT: {"using":"xpath","value":"//button[@data-kt=\"addNewYardOverflowToolbarButton\"]"}
COMMAND: POST /session/fefae731ffe12f9640dd1679bcba6cb2/elements - {"using":"xpath","value":"//button[@data-kt=\"addNewYardOverflowToolbarButton\"]"}
RESULT: {"using":"xpath","value":"//button[@data-kt=\"addNewYardOverflowToolbarButton\"]"}
COMMAND: POST /session/fefae731ffe12f9640dd1679bcba6cb2/elements - {"using":"xpath","value":"//button[@data-kt=\"addNewYardOverflowToolbarButton\"]"}
RESULT: {"using":"xpath","value":"//button[@data-kt=\"addNewYardOverflowToolbarButton\"]"}
COMMAND: POST /session/fefae731ffe12f9640dd1679bcba6cb2/elements - {"using":"xpath","value":"//button[@data-kt=\"addNewYardOverflowToolbarButton\"]"}
RESULT: {"using":"xpath","value":"//button[@data-kt=\"addNewYardOverflowToolbarButton\"]"}
COMMAND: POST /session/fefae731ffe12f9640dd1679bcba6cb2/elements - {"using":"xpath","value":"//button[@data-kt=\"addNewYardOverflowToolbarButton\"]"}
RESULT: {"using":"xpath","value":"//button[@data-kt=\"addNewYardOverflowToolbarButton\"]"}
COMMAND: POST /session/fefae731ffe12f9640dd1679bcba6cb2/elements - {"using":"xpath","value":"//button[@data-kt=\"addNewYardOverflowToolbarButton\"]"}
RESULT: {"using":"xpath","value":"//button[@data-kt=\"addNewYardOverflowToolbarButton\"]"}
COMMAND: POST /session/fefae731ffe12f9640dd1679bcba6cb2/elements - {"using":"xpath","value":"//button[@data-kt=\"addNewYardOverflowToolbarButton\"]"}
RESULT: {"using":"xpath","value":"//button[@data-kt=\"addNewYardOverflowToolbarButton\"]"}
COMMAND: POST /session/fefae731ffe12f9640dd1679bcba6cb2/elements - {"using":"xpath","value":"//button[@data-kt=\"addNewYardOverflowToolbarButton\"]"}
RESULT: {"using":"xpath","value":"//button[@data-kt=\"addNewYardOverflowToolbarButton\"]"}
COMMAND: POST /session/fefae731ffe12f9640dd1679bcba6cb2/elements - {"using":"xpath","value":"//button[@data-kt=\"addNewYardOverflowToolbarButton\"]"}
RESULT: {"using":"xpath","value":"//button[@data-kt=\"addNewYardOverflowToolbarButton\"]"}
COMMAND: POST /session/fefae731ffe12f9640dd1679bcba6cb2/elements - {"using":"xpath","value":"//button[@data-kt=\"addNewYardOverflowToolbarButton\"]"}
RESULT: {"using":"xpath","value":"//button[@data-kt=\"addNewYardOverflowToolbarButton\"]"}
COMMAND: POST /session/fefae731ffe12f9640dd1679bcba6cb2/elements - {"using":"xpath","value":"//button[@data-kt=\"addNewYardOverflowToolbarButton\"]"}
RESULT: {"using":"xpath","value":"//button[@data-kt=\"addNewYardOverflowToolbarButton\"]"}
COMMAND: POST /session/fefae731ffe12f9640dd1679bcba6cb2/elements - {"using":"xpath","value":"//button[@data-kt=\"addNewYardOverflowToolbarButton\"]"}
RESULT: {"using":"xpath","value":"//button[@data-kt=\"addNewYardOverflowToolbarButton\"]"}
COMMAND: POST /session/fefae731ffe12f9640dd1679bcba6cb2/elements - {"using":"xpath","value":"//button[@data-kt=\"addNewYardOverflowToolbarButton\"]"}
RESULT: {"using":"xpath","value":"//button[@data-kt=\"addNewYardOverflowToolbarButton\"]"}
COMMAND: POST /session/fefae731ffe12f9640dd1679bcba6cb2/elements - {"using":"xpath","value":"//button[@data-kt=\"addNewYardOverflowToolbarButton\"]"}
RESULT: {"using":"xpath","value":"//button[@data-kt=\"addNewYardOverflowToolbarButton\"]"}
COMMAND: POST /session/fefae731ffe12f9640dd1679bcba6cb2/elements - {"using":"xpath","value":"//button[@data-kt=\"addNewYardOverflowToolbarButton\"]"}
RESULT: {"using":"xpath","value":"//button[@data-kt=\"addNewYardOverflowToolbarButton\"]"}
COMMAND: POST /session/fefae731ffe12f9640dd1679bcba6cb2/elements - {"using":"xpath","value":"//button[@data-kt=\"addNewYardOverflowToolbarButton\"]"}
RESULT: {"using":"xpath","value":"//button[@data-kt=\"addNewYardOverflowToolbarButton\"]"}
COMMAND: POST /session/fefae731ffe12f9640dd1679bcba6cb2/elements - {"using":"xpath","value":"//button[@data-kt=\"addNewYardOverflowToolbarButton\"]"}
RESULT: {"using":"xpath","value":"//button[@data-kt=\"addNewYardOverflowToolbarButton\"]"}
COMMAND: POST /session/fefae731ffe12f9640dd1679bcba6cb2/element - {"using":"xpath","value":"//button[@data-kt=\"addNewYardOverflowToolbarButton\"]"}
RESULT: {"using":"xpath","value":"//button[@data-kt=\"addNewYardOverflowToolbarButton\"]"}
COMMAND: POST /session/fefae731ffe12f9640dd1679bcba6cb2/execute/sync - {"script":"<script> [8489 bytes]","args":[{"element-6066-11e4-a52e-4f735466cecf":"f.260C0A6E86F32DC815D14290BCACE04C.d.D0D5DEC3D2AB81590311DC221F576A49.e.6827","ELEMENT":"f.260C0A6E86F32DC815D14290BCACE04C.d.D0D5DEC3D2AB81590311DC221F576A49.e.6827"}]}
RESULT: {"script":"<script> [8489 bytes]","args":[{"element-6066-11e4-a52e-4f735466cecf":"f.260C0A6E86F32DC815D14290BCACE04C.d.D0D5DEC3D2AB81590311DC221F576A49.e.6827","ELEMENT":"f.260C0A6E86F32DC815D14290BCACE04C.d.D0D5DEC3D2AB81590311DC221F576A49.e.6827"}]}
COMMAND: GET /session/fefae731ffe12f9640dd1679bcba6cb2/element/f.260C0A6E86F32DC815D14290BCACE04C.d.D0D5DEC3D2AB81590311DC221F576A49.e.6827/enabled - {}
COMMAND: GET /session/fefae731ffe12f9640dd1679bcba6cb2/screenshot - {}
RESULT: {}
COMMAND: POST /session/fefae731ffe12f9640dd1679bcba6cb2/execute/sync - {"script":"<script> [8489 bytes]","args":[{"element-6066-11e4-a52e-4f735466cecf":"f.260C0A6E86F32DC815D14290BCACE04C.d.D0D5DEC3D2AB81590311DC221F576A49.e.6827","ELEMENT":"f.260C0A6E86F32DC815D14290BCACE04C.d.D0D5DEC3D2AB81590311DC221F576A49.e.6827"}]}
COMMAND: GET /session/fefae731ffe12f9640dd1679bcba6cb2/screenshot - {}
RESULT: {}
RESULT: {"script":"<script> [8489 bytes]","args":[{"element-6066-11e4-a52e-4f735466cecf":"f.260C0A6E86F32DC815D14290BCACE04C.d.D0D5DEC3D2AB81590311DC221F576A49.e.6827","ELEMENT":"f.260C0A6E86F32DC815D14290BCACE04C.d.D0D5DEC3D2AB81590311DC221F576A49.e.6827"}]}
COMMAND: POST /session/fefae731ffe12f9640dd1679bcba6cb2/execute/sync - {"script":"<script> [5351 bytes]","args":[{"element-6066-11e4-a52e-4f735466cecf":"f.260C0A6E86F32DC815D14290BCACE04C.d.D0D5DEC3D2AB81590311DC221F576A49.e.6827","ELEMENT":"f.260C0A6E86F32DC815D14290BCACE04C.d.D0D5DEC3D2AB81590311DC221F576A49.e.6827"}]}
COMMAND: GET /session/fefae731ffe12f9640dd1679bcba6cb2/screenshot - {}
RESULT: {}
RESULT: {"script":"<script> [5351 bytes]","args":[{"element-6066-11e4-a52e-4f735466cecf":"f.260C0A6E86F32DC815D14290BCACE04C.d.D0D5DEC3D2AB81590311DC221F576A49.e.6827","ELEMENT":"f.260C0A6E86F32DC815D14290BCACE04C.d.D0D5DEC3D2AB81590311DC221F576A49.e.6827"}]}
COMMAND: POST /session/fefae731ffe12f9640dd1679bcba6cb2/element/f.260C0A6E86F32DC815D14290BCACE04C.d.D0D5DEC3D2AB81590311DC221F576A49.e.6827/click - {}
COMMAND: GET /session/fefae731ffe12f9640dd1679bcba6cb2/screenshot - {}
RESULT: {}
RESULT: {}
COMMAND: GET /session/fefae731ffe12f9640dd1679bcba6cb2/screenshot - {}
RESULT: {}
COMMAND: POST /session/fefae731ffe12f9640dd1679bcba6cb2/element - {"using":"xpath","value":"//input[@id=\"application-manageyards-display-component---NewYard--yardId-inner\"]"}
RESULT: {}
RESULT: {"using":"xpath","value":"//input[@id=\"application-manageyards-display-component---NewYard--yardId-inner\"]"}
COMMAND: POST /session/fefae731ffe12f9640dd1679bcba6cb2/element - {"using":"xpath","value":"//input[@id=\"application-manageyards-display-component---NewYard--yardId-inner\"]"}
RESULT: {"using":"xpath","value":"//input[@id=\"application-manageyards-display-component---NewYard--yardId-inner\"]"}
COMMAND: POST /session/fefae731ffe12f9640dd1679bcba6cb2/execute/async - {"script":"<script> [1562 bytes]","args":[{"selector":{"id":"application-manageyards-display-component---NewYard--addressDetailDetailsName1","interaction":{"idSuffix":"inner"}},"wdio_ui5_key":"applicationmanageyards-display-component---NewYard--addressDetailDetailsName1"}]}
RESULT: {"script":"<script> [1562 bytes]","args":[{"selector":{"id":"application-manageyards-display-component---NewYard--addressDetailDetailsName1","interaction":{"idSuffix":"inner"}},"wdio_ui5_key":"applicationmanageyards-display-component---NewYard--addressDetailDetailsName1"}]}
RESULT: undefined
COMMAND: POST /session/fefae731ffe12f9640dd1679bcba6cb2/execute/async - {"script":"<script> [776 bytes]","args":[{"enterText":"Other Yard WDIO","selector":{"id":"application-manageyards-display-component---NewYard--addressDetailDetailsName1","interaction":{"idSuffix":"inner"}},"clearTextFirst":true,"interactionType":"ENTER_TEXT"}]}
RESULT: {"script":"<script> [776 bytes]","args":[{"enterText":"Other Yard WDIO","selector":{"id":"application-manageyards-display-component---NewYard--addressDetailDetailsName1","interaction":{"idSuffix":"inner"}},"clearTextFirst":true,"interactionType":"ENTER_TEXT"}]}
COMMAND: POST /session/fefae731ffe12f9640dd1679bcba6cb2/execute/async - {"script":"<script> [1562 bytes]","args":[{"selector":{"id":"application-manageyards-display-component---NewYard--addressDetailDetailsLanguage-arrow"},"wdio_ui5_key":"applicationmanageyards-display-component---NewYard--addressDetailDetailsLanguage-arrow"}]}
RESULT: {"script":"<script> [1562 bytes]","args":[{"selector":{"id":"application-manageyards-display-component---NewYard--addressDetailDetailsLanguage-arrow"},"wdio_ui5_key":"applicationmanageyards-display-component---NewYard--addressDetailDetailsLanguage-arrow"}]}
RESULT: undefined
COMMAND: POST /session/fefae731ffe12f9640dd1679bcba6cb2/element - {"using":"xpath","value":"//*[@id=\"application-manageyards-display-component---NewYard--addressDetailDetailsLanguage-arrow\"]"}
RESULT: {"using":"xpath","value":"//*[@id=\"application-manageyards-display-component---NewYard--addressDetailDetailsLanguage-arrow\"]"}
COMMAND: POST /session/fefae731ffe12f9640dd1679bcba6cb2/element/f.260C0A6E86F32DC815D14290BCACE04C.d.D0D5DEC3D2AB81590311DC221F576A49.e.7147/click - {}
RESULT: {}
COMMAND: POST /session/fefae731ffe12f9640dd1679bcba6cb2/element - {"using":"xpath","value":"//span[contains(text(), \"English\")]"}
COMMAND: GET /session/fefae731ffe12f9640dd1679bcba6cb2/screenshot - {}
RESULT: {"using":"xpath","value":"//span[contains(text(), \"English\")]"}
COMMAND: POST /session/fefae731ffe12f9640dd1679bcba6cb2/element/f.260C0A6E86F32DC815D14290BCACE04C.d.D0D5DEC3D2AB81590311DC221F576A49.e.7148/click - {}
RESULT: {}
RESULT: {}
COMMAND: POST /session/fefae731ffe12f9640dd1679bcba6cb2/execute/async - {"script":"<script> [1562 bytes]","args":[{"selector":{"id":"application-manageyards-display-component---NewYard--addressDetailDetailsCity1","interaction":{"idSuffix":"inner"}},"wdio_ui5_key":"applicationmanageyards-display-component---NewYard--addressDetailDetailsCity1"}]}
COMMAND: GET /session/fefae731ffe12f9640dd1679bcba6cb2/screenshot - {}
RESULT: {"script":"<script> [1562 bytes]","args":[{"selector":{"id":"application-manageyards-display-component---NewYard--addressDetailDetailsCity1","interaction":{"idSuffix":"inner"}},"wdio_ui5_key":"applicationmanageyards-display-component---NewYard--addressDetailDetailsCity1"}]}
RESULT: undefined
COMMAND: POST /session/fefae731ffe12f9640dd1679bcba6cb2/execute/async - {"script":"<script> [776 bytes]","args":[{"enterText":"Rosario","selector":{"id":"application-manageyards-display-component---NewYard--addressDetailDetailsCity1","interaction":{"idSuffix":"inner"}},"clearTextFirst":true,"interactionType":"ENTER_TEXT"}]}
RESULT: {}
RESULT: {"script":"<script> [776 bytes]","args":[{"enterText":"Rosario","selector":{"id":"application-manageyards-display-component---NewYard--addressDetailDetailsCity1","interaction":{"idSuffix":"inner"}},"clearTextFirst":true,"interactionType":"ENTER_TEXT"}]}
COMMAND: POST /session/fefae731ffe12f9640dd1679bcba6cb2/execute/async - {"script":"<script> [1562 bytes]","args":[{"selector":{"id":"application-manageyards-display-component---NewYard--addressDetailDetailsCountry-arrow"},"wdio_ui5_key":"applicationmanageyards-display-component---NewYard--addressDetailDetailsCountry-arrow"}]}
RESULT: {"script":"<script> [1562 bytes]","args":[{"selector":{"id":"application-manageyards-display-component---NewYard--addressDetailDetailsCountry-arrow"},"wdio_ui5_key":"applicationmanageyards-display-component---NewYard--addressDetailDetailsCountry-arrow"}]}
RESULT: undefined
COMMAND: POST /session/fefae731ffe12f9640dd1679bcba6cb2/element - {"using":"xpath","value":"//*[@id=\"application-manageyards-display-component---NewYard--addressDetailDetailsCountry-arrow\"]"}
RESULT: {"using":"xpath","value":"//*[@id=\"application-manageyards-display-component---NewYard--addressDetailDetailsCountry-arrow\"]"}
COMMAND: POST /session/fefae731ffe12f9640dd1679bcba6cb2/element/f.260C0A6E86F32DC815D14290BCACE04C.d.D0D5DEC3D2AB81590311DC221F576A49.e.7150/click - {}
RESULT: {}
COMMAND: POST /session/fefae731ffe12f9640dd1679bcba6cb2/element - {"using":"xpath","value":"//span[contains(text(), \"Argentina\")]"}
COMMAND: GET /session/fefae731ffe12f9640dd1679bcba6cb2/screenshot - {}
RESULT: {"using":"xpath","value":"//span[contains(text(), \"Argentina\")]"}
COMMAND: POST /session/fefae731ffe12f9640dd1679bcba6cb2/element/f.260C0A6E86F32DC815D14290BCACE04C.d.D0D5DEC3D2AB81590311DC221F576A49.e.7152/click - {}
RESULT: {}
RESULT: {}
COMMAND: POST /session/fefae731ffe12f9640dd1679bcba6cb2/execute/async - {"script":"<script> [1562 bytes]","args":[{"selector":{"id":"application-manageyards-display-component---NewYard--addressEditDetailsCostObjectCstType-arrow"},"wdio_ui5_key":"applicationmanageyards-display-component---NewYard--addressEditDetailsCostObjectCstType-arrow"}]}
COMMAND: GET /session/fefae731ffe12f9640dd1679bcba6cb2/screenshot - {}
RESULT: {"script":"<script> [1562 bytes]","args":[{"selector":{"id":"application-manageyards-display-component---NewYard--addressEditDetailsCostObjectCstType-arrow"},"wdio_ui5_key":"applicationmanageyards-display-component---NewYard--addressEditDetailsCostObjectCstType-arrow"}]}
RESULT: undefined
COMMAND: POST /session/fefae731ffe12f9640dd1679bcba6cb2/element - {"using":"xpath","value":"//*[@id=\"application-manageyards-display-component---NewYard--addressEditDetailsCostObjectCstType-arrow\"]"}
RESULT: {}
RESULT: {"using":"xpath","value":"//*[@id=\"application-manageyards-display-component---NewYard--addressEditDetailsCostObjectCstType-arrow\"]"}
COMMAND: POST /session/fefae731ffe12f9640dd1679bcba6cb2/element/f.260C0A6E86F32DC815D14290BCACE04C.d.D0D5DEC3D2AB81590311DC221F576A49.e.7153/click - {}
RESULT: {}
COMMAND: POST /session/fefae731ffe12f9640dd1679bcba6cb2/element - {"using":"xpath","value":"//span[contains(text(), \"Cost Center\")]"}
COMMAND: GET /session/fefae731ffe12f9640dd1679bcba6cb2/screenshot - {}
RESULT: {"using":"xpath","value":"//span[contains(text(), \"Cost Center\")]"}
COMMAND: POST /session/fefae731ffe12f9640dd1679bcba6cb2/element/f.260C0A6E86F32DC815D14290BCACE04C.d.D0D5DEC3D2AB81590311DC221F576A49.e.7154/click - {}
RESULT: {}
RESULT: {}
COMMAND: GET /session/fefae731ffe12f9640dd1679bcba6cb2/screenshot - {}
RESULT: {}
COMMAND: POST /session/fefae731ffe12f9640dd1679bcba6cb2/element - {"using":"xpath","value":"//span[@id=\"application-manageyards-display-component---NewYard--addressNewCostObjectCstID-vhi\"]"}
RESULT: {"using":"xpath","value":"//span[@id=\"application-manageyards-display-component---NewYard--addressNewCostObjectCstID-vhi\"]"}
COMMAND: POST /session/fefae731ffe12f9640dd1679bcba6cb2/execute/sync - {"script":"<script> [8489 bytes]","args":[{"element-6066-11e4-a52e-4f735466cecf":"f.260C0A6E86F32DC815D14290BCACE04C.d.D0D5DEC3D2AB81590311DC221F576A49.e.7158","ELEMENT":"f.260C0A6E86F32DC815D14290BCACE04C.d.D0D5DEC3D2AB81590311DC221F576A49.e.7158"}]}
RESULT: {"script":"<script> [8489 bytes]","args":[{"element-6066-11e4-a52e-4f735466cecf":"f.260C0A6E86F32DC815D14290BCACE04C.d.D0D5DEC3D2AB81590311DC221F576A49.e.7158","ELEMENT":"f.260C0A6E86F32DC815D14290BCACE04C.d.D0D5DEC3D2AB81590311DC221F576A49.e.7158"}]}
COMMAND: POST /session/fefae731ffe12f9640dd1679bcba6cb2/execute/async - {"script":"<script> [1562 bytes]","args":[{"selector":{"id":"application-manageyards-display-component---NewYard--addressNewCostObjectCstID-vhi"},"wdio_ui5_key":"applicationmanageyards-display-component---NewYard--addressNewCostObjectCstID-vhi"}]}
COMMAND: GET /session/fefae731ffe12f9640dd1679bcba6cb2/screenshot - {}
RESULT: {"script":"<script> [1562 bytes]","args":[{"selector":{"id":"application-manageyards-display-component---NewYard--addressNewCostObjectCstID-vhi"},"wdio_ui5_key":"applicationmanageyards-display-component---NewYard--addressNewCostObjectCstID-vhi"}]}
RESULT: undefined
COMMAND: POST /session/fefae731ffe12f9640dd1679bcba6cb2/element - {"using":"xpath","value":"//*[@id=\"application-manageyards-display-component---NewYard--addressNewCostObjectCstID-vhi\"]"}
RESULT: {}
RESULT: {"using":"xpath","value":"//*[@id=\"application-manageyards-display-component---NewYard--addressNewCostObjectCstID-vhi\"]"}
COMMAND: POST /session/fefae731ffe12f9640dd1679bcba6cb2/element/f.260C0A6E86F32DC815D14290BCACE04C.d.D0D5DEC3D2AB81590311DC221F576A49.e.7158/click - {}
RESULT: {}
COMMAND: GET /session/fefae731ffe12f9640dd1679bcba6cb2/screenshot - {}
RESULT: {}
COMMAND: POST /session/fefae731ffe12f9640dd1679bcba6cb2/execute/async - {"script":"<script> [1562 bytes]","args":[{"selector":{"controlType":"sap.m.SearchField","properties":{"placeholder":"Search"},"searchOpenDialogs":true,"interaction":{"idSuffix":"I"}},"wdio_ui5_key":"sapm.SearchField{\"placeholder\":\"Search\"}"}]}
RESULT: {"script":"<script> [1562 bytes]","args":[{"selector":{"controlType":"sap.m.SearchField","properties":{"placeholder":"Search"},"searchOpenDialogs":true,"interaction":{"idSuffix":"I"}},"wdio_ui5_key":"sapm.SearchField{\"placeholder\":\"Search\"}"}]}
RESULT: undefined
COMMAND: POST /session/fefae731ffe12f9640dd1679bcba6cb2/execute/async - {"script":"<script> [776 bytes]","args":[{"enterText":"10001013","selector":{"controlType":"sap.m.SearchField","properties":{"placeholder":"Search"},"searchOpenDialogs":true,"interaction":{"idSuffix":"I"}},"clearTextFirst":true,"interactionType":"ENTER_TEXT"}]}
RESULT: {"script":"<script> [776 bytes]","args":[{"enterText":"10001013","selector":{"controlType":"sap.m.SearchField","properties":{"placeholder":"Search"},"searchOpenDialogs":true,"interaction":{"idSuffix":"I"}},"clearTextFirst":true,"interactionType":"ENTER_TEXT"}]}
COMMAND: POST /session/fefae731ffe12f9640dd1679bcba6cb2/actions - {"actions":[{"id":"action28","type":"key","parameters":{},"actions":[{"type":"keyDown","value":"î€‡"},{"type":"pause","duration":10},{"type":"keyUp","value":"î€‡"}]}]}
RESULT: {"actions":[{"id":"action28","type":"key","parameters":{},"actions":[{"type":"keyDown","value":"î€‡"},{"type":"pause","duration":10},{"type":"keyUp","value":"î€‡"}]}]}
COMMAND: GET /session/fefae731ffe12f9640dd1679bcba6cb2/screenshot - {}
RESULT: {}
COMMAND: POST /session/fefae731ffe12f9640dd1679bcba6cb2/element - {"using":"xpath","value":"//span[contains(text(), \"General Management\")]"}
RESULT: {"using":"xpath","value":"//span[contains(text(), \"General Management\")]"}
COMMAND: POST /session/fefae731ffe12f9640dd1679bcba6cb2/element/f.260C0A6E86F32DC815D14290BCACE04C.d.D0D5DEC3D2AB81590311DC221F576A49.e.7199/click - {}
RESULT: {}
COMMAND: GET /session/fefae731ffe12f9640dd1679bcba6cb2/screenshot - {}
RESULT: {}
COMMAND: POST /session/fefae731ffe12f9640dd1679bcba6cb2/element - {"using":"xpath","value":"//bdi[contains(text(), \"OK\")]"}
RESULT: {"using":"xpath","value":"//bdi[contains(text(), \"OK\")]"}
COMMAND: POST /session/fefae731ffe12f9640dd1679bcba6cb2/element/f.260C0A6E86F32DC815D14290BCACE04C.d.D0D5DEC3D2AB81590311DC221F576A49.e.7200/click - {}
RESULT: {}
COMMAND: GET /session/fefae731ffe12f9640dd1679bcba6cb2/screenshot - {}
RESULT: {}
COMMAND: POST /session/fefae731ffe12f9640dd1679bcba6cb2/execute/async - {"script":"<script> [1562 bytes]","args":[{"selector":{"id":"application-manageyards-display-component---NewYard--addressEditDetailsCurrency-arrow"},"wdio_ui5_key":"applicationmanageyards-display-component---NewYard--addressEditDetailsCurrency-arrow"}]}
RESULT: {"script":"<script> [1562 bytes]","args":[{"selector":{"id":"application-manageyards-display-component---NewYard--addressEditDetailsCurrency-arrow"},"wdio_ui5_key":"applicationmanageyards-display-component---NewYard--addressEditDetailsCurrency-arrow"}]}
RESULT: undefined
COMMAND: POST /session/fefae731ffe12f9640dd1679bcba6cb2/element - {"using":"xpath","value":"//*[@id=\"application-manageyards-display-component---NewYard--addressEditDetailsCurrency-arrow\"]"}
RESULT: {"using":"xpath","value":"//*[@id=\"application-manageyards-display-component---NewYard--addressEditDetailsCurrency-arrow\"]"}
COMMAND: POST /session/fefae731ffe12f9640dd1679bcba6cb2/element/f.260C0A6E86F32DC815D14290BCACE04C.d.D0D5DEC3D2AB81590311DC221F576A49.e.7203/click - {}
RESULT: {}
COMMAND: POST /session/fefae731ffe12f9640dd1679bcba6cb2/element - {"using":"xpath","value":"//span[contains(text(), \"Euro\")]"}
COMMAND: GET /session/fefae731ffe12f9640dd1679bcba6cb2/screenshot - {}
RESULT: {"using":"xpath","value":"//span[contains(text(), \"Euro\")]"}
COMMAND: POST /session/fefae731ffe12f9640dd1679bcba6cb2/element/f.260C0A6E86F32DC815D14290BCACE04C.d.D0D5DEC3D2AB81590311DC221F576A49.e.7204/click - {}
RESULT: {}
RESULT: {}
COMMAND: POST /session/fefae731ffe12f9640dd1679bcba6cb2/execute/async - {"script":"<script> [1562 bytes]","args":[{"selector":{"controlType":"sap.m.Input","viewName":"etm.portal.ui.manageyards.view.New","viewId":"application-manageyards-display-component---NewYard","bindingPath":{"path":"","propertyPath":"/CONTROLLING_AREA","modelName":"NewYardModel"},"interaction":{"idSuffix":"inner"}},"wdio_ui5_key":"etmportal.ui.manageyards.view.Newsap.m.Input{\"path\":\"\",\"propertyPath\":\"/CONTROLLING_AREA\",\"modelName\":\"NewYardModel\"}"}]}
COMMAND: GET /session/fefae731ffe12f9640dd1679bcba6cb2/screenshot - {}
RESULT: {"script":"<script> [1562 bytes]","args":[{"selector":{"controlType":"sap.m.Input","viewName":"etm.portal.ui.manageyards.view.New","viewId":"application-manageyards-display-component---NewYard","bindingPath":{"path":"","propertyPath":"/CONTROLLING_AREA","modelName":"NewYardModel"},"interaction":{"idSuffix":"inner"}},"wdio_ui5_key":"etmportal.ui.manageyards.view.Newsap.m.Input{\"path\":\"\",\"propertyPath\":\"/CONTROLLING_AREA\",\"modelName\":\"NewYardModel\"}"}]}
RESULT: undefined
COMMAND: POST /session/fefae731ffe12f9640dd1679bcba6cb2/execute/async - {"script":"<script> [776 bytes]","args":[{"enterText":"Z001","selector":{"controlType":"sap.m.Input","viewName":"etm.portal.ui.manageyards.view.New","viewId":"application-manageyards-display-component---NewYard","bindingPath":{"path":"","propertyPath":"/CONTROLLING_AREA","modelName":"NewYardModel"},"interaction":{"idSuffix":"inner"}},"clearTextFirst":true,"interactionType":"ENTER_TEXT"}]}
RESULT: {}
RESULT: {"script":"<script> [776 bytes]","args":[{"enterText":"Z001","selector":{"controlType":"sap.m.Input","viewName":"etm.portal.ui.manageyards.view.New","viewId":"application-manageyards-display-component---NewYard","bindingPath":{"path":"","propertyPath":"/CONTROLLING_AREA","modelName":"NewYardModel"},"interaction":{"idSuffix":"inner"}},"clearTextFirst":true,"interactionType":"ENTER_TEXT"}]}
COMMAND: POST /session/fefae731ffe12f9640dd1679bcba6cb2/execute/async - {"script":"<script> [1562 bytes]","args":[{"selector":{"id":"application-manageyards-display-component---NewYard--companyCodeComboBox","interaction":{"idSuffix":"inner"}},"wdio_ui5_key":"applicationmanageyards-display-component---NewYard--companyCodeComboBox"}]}
RESULT: {"script":"<script> [1562 bytes]","args":[{"selector":{"id":"application-manageyards-display-component---NewYard--companyCodeComboBox","interaction":{"idSuffix":"inner"}},"wdio_ui5_key":"applicationmanageyards-display-component---NewYard--companyCodeComboBox"}]}
RESULT: undefined
COMMAND: POST /session/fefae731ffe12f9640dd1679bcba6cb2/execute/async - {"script":"<script> [776 bytes]","args":[{"enterText":"1000","selector":{"id":"application-manageyards-display-component---NewYard--companyCodeComboBox","interaction":{"idSuffix":"inner"}},"clearTextFirst":true,"interactionType":"ENTER_TEXT"}]}
RESULT: {"script":"<script> [776 bytes]","args":[{"enterText":"1000","selector":{"id":"application-manageyards-display-component---NewYard--companyCodeComboBox","interaction":{"idSuffix":"inner"}},"clearTextFirst":true,"interactionType":"ENTER_TEXT"}]}
COMMAND: POST /session/fefae731ffe12f9640dd1679bcba6cb2/execute/async - {"script":"<script> [1562 bytes]","args":[{"selector":{"controlType":"sap.m.Input","viewName":"etm.portal.ui.manageyards.view.New","viewId":"application-manageyards-display-component---NewYard","bindingPath":{"path":"","propertyPath":"/PLANT","modelName":"NewYardModel"},"interaction":{"idSuffix":"inner"}},"wdio_ui5_key":"etmportal.ui.manageyards.view.Newsap.m.Input{\"path\":\"\",\"propertyPath\":\"/PLANT\",\"modelName\":\"NewYardModel\"}"}]}
RESULT: {"script":"<script> [1562 bytes]","args":[{"selector":{"controlType":"sap.m.Input","viewName":"etm.portal.ui.manageyards.view.New","viewId":"application-manageyards-display-component---NewYard","bindingPath":{"path":"","propertyPath":"/PLANT","modelName":"NewYardModel"},"interaction":{"idSuffix":"inner"}},"wdio_ui5_key":"etmportal.ui.manageyards.view.Newsap.m.Input{\"path\":\"\",\"propertyPath\":\"/PLANT\",\"modelName\":\"NewYardModel\"}"}]}
RESULT: undefined
COMMAND: POST /session/fefae731ffe12f9640dd1679bcba6cb2/execute/async - {"script":"<script> [776 bytes]","args":[{"enterText":"1001","selector":{"controlType":"sap.m.Input","viewName":"etm.portal.ui.manageyards.view.New","viewId":"application-manageyards-display-component---NewYard","bindingPath":{"path":"","propertyPath":"/PLANT","modelName":"NewYardModel"},"interaction":{"idSuffix":"inner"}},"clearTextFirst":true,"interactionType":"ENTER_TEXT"}]}
RESULT: {"script":"<script> [776 bytes]","args":[{"enterText":"1001","selector":{"controlType":"sap.m.Input","viewName":"etm.portal.ui.manageyards.view.New","viewId":"application-manageyards-display-component---NewYard","bindingPath":{"path":"","propertyPath":"/PLANT","modelName":"NewYardModel"},"interaction":{"idSuffix":"inner"}},"clearTextFirst":true,"interactionType":"ENTER_TEXT"}]}
COMMAND: POST /session/fefae731ffe12f9640dd1679bcba6cb2/execute/async - {"script":"<script> [1562 bytes]","args":[{"selector":{"controlType":"sap.m.Input","viewName":"etm.portal.ui.manageyards.view.New","viewId":"application-manageyards-display-component---NewYard","bindingPath":{"path":"","propertyPath":"/SALES_AREA_VKORG","modelName":"NewYardModel"},"interaction":{"idSuffix":"inner"}},"wdio_ui5_key":"etmportal.ui.manageyards.view.Newsap.m.Input{\"path\":\"\",\"propertyPath\":\"/SALES_AREA_VKORG\",\"modelName\":\"NewYardModel\"}"}]}
RESULT: {"script":"<script> [1562 bytes]","args":[{"selector":{"controlType":"sap.m.Input","viewName":"etm.portal.ui.manageyards.view.New","viewId":"application-manageyards-display-component---NewYard","bindingPath":{"path":"","propertyPath":"/SALES_AREA_VKORG","modelName":"NewYardModel"},"interaction":{"idSuffix":"inner"}},"wdio_ui5_key":"etmportal.ui.manageyards.view.Newsap.m.Input{\"path\":\"\",\"propertyPath\":\"/SALES_AREA_VKORG\",\"modelName\":\"NewYardModel\"}"}]}
RESULT: undefined
COMMAND: POST /session/fefae731ffe12f9640dd1679bcba6cb2/execute/async - {"script":"<script> [776 bytes]","args":[{"enterText":"C002","selector":{"controlType":"sap.m.Input","viewName":"etm.portal.ui.manageyards.view.New","viewId":"application-manageyards-display-component---NewYard","bindingPath":{"path":"","propertyPath":"/SALES_AREA_VKORG","modelName":"NewYardModel"},"interaction":{"idSuffix":"inner"}},"clearTextFirst":true,"interactionType":"ENTER_TEXT"}]}
RESULT: {"script":"<script> [776 bytes]","args":[{"enterText":"C002","selector":{"controlType":"sap.m.Input","viewName":"etm.portal.ui.manageyards.view.New","viewId":"application-manageyards-display-component---NewYard","bindingPath":{"path":"","propertyPath":"/SALES_AREA_VKORG","modelName":"NewYardModel"},"interaction":{"idSuffix":"inner"}},"clearTextFirst":true,"interactionType":"ENTER_TEXT"}]}
COMMAND: POST /session/fefae731ffe12f9640dd1679bcba6cb2/execute/async - {"script":"<script> [1562 bytes]","args":[{"selector":{"controlType":"sap.m.Input","viewName":"etm.portal.ui.manageyards.view.New","viewId":"application-manageyards-display-component---NewYard","bindingPath":{"path":"","propertyPath":"/SALES_AREA_VTWEG","modelName":"NewYardModel"},"interaction":{"idSuffix":"inner"}},"wdio_ui5_key":"etmportal.ui.manageyards.view.Newsap.m.Input{\"path\":\"\",\"propertyPath\":\"/SALES_AREA_VTWEG\",\"modelName\":\"NewYardModel\"}"}]}
RESULT: {"script":"<script> [1562 bytes]","args":[{"selector":{"controlType":"sap.m.Input","viewName":"etm.portal.ui.manageyards.view.New","viewId":"application-manageyards-display-component---NewYard","bindingPath":{"path":"","propertyPath":"/SALES_AREA_VTWEG","modelName":"NewYardModel"},"interaction":{"idSuffix":"inner"}},"wdio_ui5_key":"etmportal.ui.manageyards.view.Newsap.m.Input{\"path\":\"\",\"propertyPath\":\"/SALES_AREA_VTWEG\",\"modelName\":\"NewYardModel\"}"}]}
RESULT: undefined
COMMAND: POST /session/fefae731ffe12f9640dd1679bcba6cb2/execute/async - {"script":"<script> [776 bytes]","args":[{"enterText":"C2","selector":{"controlType":"sap.m.Input","viewName":"etm.portal.ui.manageyards.view.New","viewId":"application-manageyards-display-component---NewYard","bindingPath":{"path":"","propertyPath":"/SALES_AREA_VTWEG","modelName":"NewYardModel"},"interaction":{"idSuffix":"inner"}},"clearTextFirst":true,"interactionType":"ENTER_TEXT"}]}
RESULT: {"script":"<script> [776 bytes]","args":[{"enterText":"C2","selector":{"controlType":"sap.m.Input","viewName":"etm.portal.ui.manageyards.view.New","viewId":"application-manageyards-display-component---NewYard","bindingPath":{"path":"","propertyPath":"/SALES_AREA_VTWEG","modelName":"NewYardModel"},"interaction":{"idSuffix":"inner"}},"clearTextFirst":true,"interactionType":"ENTER_TEXT"}]}
COMMAND: POST /session/fefae731ffe12f9640dd1679bcba6cb2/execute/async - {"script":"<script> [1562 bytes]","args":[{"selector":{"controlType":"sap.m.Input","viewName":"etm.portal.ui.manageyards.view.New","viewId":"application-manageyards-display-component---NewYard","bindingPath":{"path":"","propertyPath":"/SALES_AREA_SPART","modelName":"NewYardModel"},"interaction":{"idSuffix":"inner"}},"wdio_ui5_key":"etmportal.ui.manageyards.view.Newsap.m.Input{\"path\":\"\",\"propertyPath\":\"/SALES_AREA_SPART\",\"modelName\":\"NewYardModel\"}"}]}
RESULT: {"script":"<script> [1562 bytes]","args":[{"selector":{"controlType":"sap.m.Input","viewName":"etm.portal.ui.manageyards.view.New","viewId":"application-manageyards-display-component---NewYard","bindingPath":{"path":"","propertyPath":"/SALES_AREA_SPART","modelName":"NewYardModel"},"interaction":{"idSuffix":"inner"}},"wdio_ui5_key":"etmportal.ui.manageyards.view.Newsap.m.Input{\"path\":\"\",\"propertyPath\":\"/SALES_AREA_SPART\",\"modelName\":\"NewYardModel\"}"}]}
RESULT: undefined
COMMAND: POST /session/fefae731ffe12f9640dd1679bcba6cb2/execute/async - {"script":"<script> [776 bytes]","args":[{"enterText":"C2","selector":{"controlType":"sap.m.Input","viewName":"etm.portal.ui.manageyards.view.New","viewId":"application-manageyards-display-component---NewYard","bindingPath":{"path":"","propertyPath":"/SALES_AREA_SPART","modelName":"NewYardModel"},"interaction":{"idSuffix":"inner"}},"clearTextFirst":true,"interactionType":"ENTER_TEXT"}]}
RESULT: {"script":"<script> [776 bytes]","args":[{"enterText":"C2","selector":{"controlType":"sap.m.Input","viewName":"etm.portal.ui.manageyards.view.New","viewId":"application-manageyards-display-component---NewYard","bindingPath":{"path":"","propertyPath":"/SALES_AREA_SPART","modelName":"NewYardModel"},"interaction":{"idSuffix":"inner"}},"clearTextFirst":true,"interactionType":"ENTER_TEXT"}]}
COMMAND: POST /session/fefae731ffe12f9640dd1679bcba6cb2/execute/async - {"script":"<script> [1562 bytes]","args":[{"selector":{"controlType":"sap.m.Input","viewName":"etm.portal.ui.manageyards.view.New","viewId":"application-manageyards-display-component---NewYard","bindingPath":{"path":"","propertyPath":"/SHIP_POINT","modelName":"NewYardModel"},"interaction":{"idSuffix":"inner"}},"wdio_ui5_key":"etmportal.ui.manageyards.view.Newsap.m.Input{\"path\":\"\",\"propertyPath\":\"/SHIP_POINT\",\"modelName\":\"NewYardModel\"}"}]}
RESULT: {"script":"<script> [1562 bytes]","args":[{"selector":{"controlType":"sap.m.Input","viewName":"etm.portal.ui.manageyards.view.New","viewId":"application-manageyards-display-component---NewYard","bindingPath":{"path":"","propertyPath":"/SHIP_POINT","modelName":"NewYardModel"},"interaction":{"idSuffix":"inner"}},"wdio_ui5_key":"etmportal.ui.manageyards.view.Newsap.m.Input{\"path\":\"\",\"propertyPath\":\"/SHIP_POINT\",\"modelName\":\"NewYardModel\"}"}]}
RESULT: undefined
COMMAND: POST /session/fefae731ffe12f9640dd1679bcba6cb2/execute/async - {"script":"<script> [776 bytes]","args":[{"enterText":"1710","selector":{"controlType":"sap.m.Input","viewName":"etm.portal.ui.manageyards.view.New","viewId":"application-manageyards-display-component---NewYard","bindingPath":{"path":"","propertyPath":"/SHIP_POINT","modelName":"NewYardModel"},"interaction":{"idSuffix":"inner"}},"clearTextFirst":true,"interactionType":"ENTER_TEXT"}]}
RESULT: {"script":"<script> [776 bytes]","args":[{"enterText":"1710","selector":{"controlType":"sap.m.Input","viewName":"etm.portal.ui.manageyards.view.New","viewId":"application-manageyards-display-component---NewYard","bindingPath":{"path":"","propertyPath":"/SHIP_POINT","modelName":"NewYardModel"},"interaction":{"idSuffix":"inner"}},"clearTextFirst":true,"interactionType":"ENTER_TEXT"}]}
COMMAND: POST /session/fefae731ffe12f9640dd1679bcba6cb2/execute/async - {"script":"<script> [1562 bytes]","args":[{"selector":{"controlType":"sap.m.Input","viewName":"etm.portal.ui.manageyards.view.New","viewId":"application-manageyards-display-component---NewYard","bindingPath":{"path":"","propertyPath":"/DELIVERY_TYPE","modelName":"NewYardModel"},"interaction":{"idSuffix":"inner"}},"wdio_ui5_key":"etmportal.ui.manageyards.view.Newsap.m.Input{\"path\":\"\",\"propertyPath\":\"/DELIVERY_TYPE\",\"modelName\":\"NewYardModel\"}"}]}
RESULT: {"script":"<script> [1562 bytes]","args":[{"selector":{"controlType":"sap.m.Input","viewName":"etm.portal.ui.manageyards.view.New","viewId":"application-manageyards-display-component---NewYard","bindingPath":{"path":"","propertyPath":"/DELIVERY_TYPE","modelName":"NewYardModel"},"interaction":{"idSuffix":"inner"}},"wdio_ui5_key":"etmportal.ui.manageyards.view.Newsap.m.Input{\"path\":\"\",\"propertyPath\":\"/DELIVERY_TYPE\",\"modelName\":\"NewYardModel\"}"}]}
RESULT: undefined
COMMAND: POST /session/fefae731ffe12f9640dd1679bcba6cb2/execute/async - {"script":"<script> [776 bytes]","args":[{"enterText":"ZL01","selector":{"controlType":"sap.m.Input","viewName":"etm.portal.ui.manageyards.view.New","viewId":"application-manageyards-display-component---NewYard","bindingPath":{"path":"","propertyPath":"/DELIVERY_TYPE","modelName":"NewYardModel"},"interaction":{"idSuffix":"inner"}},"clearTextFirst":true,"interactionType":"ENTER_TEXT"}]}
RESULT: {"script":"<script> [776 bytes]","args":[{"enterText":"ZL01","selector":{"controlType":"sap.m.Input","viewName":"etm.portal.ui.manageyards.view.New","viewId":"application-manageyards-display-component---NewYard","bindingPath":{"path":"","propertyPath":"/DELIVERY_TYPE","modelName":"NewYardModel"},"interaction":{"idSuffix":"inner"}},"clearTextFirst":true,"interactionType":"ENTER_TEXT"}]}
COMMAND: POST /session/fefae731ffe12f9640dd1679bcba6cb2/execute/async - {"script":"<script> [1562 bytes]","args":[{"selector":{"controlType":"sap.m.Input","viewName":"etm.portal.ui.manageyards.view.New","viewId":"application-manageyards-display-component---NewYard","bindingPath":{"path":"","propertyPath":"/AUART","modelName":"NewYardModel"},"interaction":{"idSuffix":"inner"}},"wdio_ui5_key":"etmportal.ui.manageyards.view.Newsap.m.Input{\"path\":\"\",\"propertyPath\":\"/AUART\",\"modelName\":\"NewYardModel\"}"}]}
RESULT: {"script":"<script> [1562 bytes]","args":[{"selector":{"controlType":"sap.m.Input","viewName":"etm.portal.ui.manageyards.view.New","viewId":"application-manageyards-display-component---NewYard","bindingPath":{"path":"","propertyPath":"/AUART","modelName":"NewYardModel"},"interaction":{"idSuffix":"inner"}},"wdio_ui5_key":"etmportal.ui.manageyards.view.Newsap.m.Input{\"path\":\"\",\"propertyPath\":\"/AUART\",\"modelName\":\"NewYardModel\"}"}]}
RESULT: undefined
COMMAND: POST /session/fefae731ffe12f9640dd1679bcba6cb2/execute/async - {"script":"<script> [776 bytes]","args":[{"enterText":"TA","selector":{"controlType":"sap.m.Input","viewName":"etm.portal.ui.manageyards.view.New","viewId":"application-manageyards-display-component---NewYard","bindingPath":{"path":"","propertyPath":"/AUART","modelName":"NewYardModel"},"interaction":{"idSuffix":"inner"}},"clearTextFirst":true,"interactionType":"ENTER_TEXT"}]}
RESULT: {"script":"<script> [776 bytes]","args":[{"enterText":"TA","selector":{"controlType":"sap.m.Input","viewName":"etm.portal.ui.manageyards.view.New","viewId":"application-manageyards-display-component---NewYard","bindingPath":{"path":"","propertyPath":"/AUART","modelName":"NewYardModel"},"interaction":{"idSuffix":"inner"}},"clearTextFirst":true,"interactionType":"ENTER_TEXT"}]}
COMMAND: POST /session/fefae731ffe12f9640dd1679bcba6cb2/element - {"using":"xpath","value":"//button[@data-kt=\"newYardSaveButton\"]"}
RESULT: {"using":"xpath","value":"//button[@data-kt=\"newYardSaveButton\"]"}
COMMAND: POST /session/fefae731ffe12f9640dd1679bcba6cb2/element/f.260C0A6E86F32DC815D14290BCACE04C.d.D0D5DEC3D2AB81590311DC221F576A49.e.7107/click - {}
RESULT: {}
COMMAND: GET /session/fefae731ffe12f9640dd1679bcba6cb2/screenshot - {}
RESULT: {}
COMMAND: POST /session/fefae731ffe12f9640dd1679bcba6cb2/element - {"using":"xpath","value":"//header[contains(@id, 'ObjectPageLayout-headerTitle')]/div[1]/div[2]/div[1]/span[1]"}
RESULT: {"using":"xpath","value":"//header[contains(@id, 'ObjectPageLayout-headerTitle')]/div[1]/div[2]/div[1]/span[1]"}
COMMAND: POST /session/fefae731ffe12f9640dd1679bcba6cb2/elements - {"using":"xpath","value":"//header[contains(@id, 'ObjectPageLayout-headerTitle')]/div[1]/div[2]/div[1]/span[1]"}
RESULT: {"using":"xpath","value":"//header[contains(@id, 'ObjectPageLayout-headerTitle')]/div[1]/div[2]/div[1]/span[1]"}
COMMAND: POST /session/fefae731ffe12f9640dd1679bcba6cb2/execute/sync - {"script":"<script> [56 bytes]","args":[{"element-6066-11e4-a52e-4f735466cecf":"f.260C0A6E86F32DC815D14290BCACE04C.d.D0D5DEC3D2AB81590311DC221F576A49.e.7425","ELEMENT":"f.260C0A6E86F32DC815D14290BCACE04C.d.D0D5DEC3D2AB81590311DC221F576A49.e.7425"}]}
RESULT: {"script":"<script> [56 bytes]","args":[{"element-6066-11e4-a52e-4f735466cecf":"f.260C0A6E86F32DC815D14290BCACE04C.d.D0D5DEC3D2AB81590311DC221F576A49.e.7425","ELEMENT":"f.260C0A6E86F32DC815D14290BCACE04C.d.D0D5DEC3D2AB81590311DC221F576A49.e.7425"}]}
COMMAND: GET /session/fefae731ffe12f9640dd1679bcba6cb2/screenshot - {}
COMMAND: POST /session/fefae731ffe12f9640dd1679bcba6cb2/execute/sync - {"script":"<script> [56 bytes]","args":[{"element-6066-11e4-a52e-4f735466cecf":"f.260C0A6E86F32DC815D14290BCACE04C.d.D0D5DEC3D2AB81590311DC221F576A49.e.7425","ELEMENT":"f.260C0A6E86F32DC815D14290BCACE04C.d.D0D5DEC3D2AB81590311DC221F576A49.e.7425"}]}
RESULT: {}
RESULT: {"script":"<script> [56 bytes]","args":[{"element-6066-11e4-a52e-4f735466cecf":"f.260C0A6E86F32DC815D14290BCACE04C.d.D0D5DEC3D2AB81590311DC221F576A49.e.7425","ELEMENT":"f.260C0A6E86F32DC815D14290BCACE04C.d.D0D5DEC3D2AB81590311DC221F576A49.e.7425"}]}
COMMAND: POST /session/fefae731ffe12f9640dd1679bcba6cb2/execute/sync - {"script":"<script> [56 bytes]","args":[{"element-6066-11e4-a52e-4f735466cecf":"f.260C0A6E86F32DC815D14290BCACE04C.d.D0D5DEC3D2AB81590311DC221F576A49.e.7425","ELEMENT":"f.260C0A6E86F32DC815D14290BCACE04C.d.D0D5DEC3D2AB81590311DC221F576A49.e.7425"}]}
COMMAND: GET /session/fefae731ffe12f9640dd1679bcba6cb2/screenshot - {}
RESULT: {"script":"<script> [56 bytes]","args":[{"element-6066-11e4-a52e-4f735466cecf":"f.260C0A6E86F32DC815D14290BCACE04C.d.D0D5DEC3D2AB81590311DC221F576A49.e.7425","ELEMENT":"f.260C0A6E86F32DC815D14290BCACE04C.d.D0D5DEC3D2AB81590311DC221F576A49.e.7425"}]}
COMMAND: GET /session/fefae731ffe12f9640dd1679bcba6cb2/screenshot - {}
RESULT: {}
RESULT: {}
COMMAND: POST /session/fefae731ffe12f9640dd1679bcba6cb2/element - {"using":"css selector","value":"#shell-header-logo"}
RESULT: {"using":"css selector","value":"#shell-header-logo"}
COMMAND: POST /session/fefae731ffe12f9640dd1679bcba6cb2/element/f.260C0A6E86F32DC815D14290BCACE04C.d.D0D5DEC3D2AB81590311DC221F576A49.e.6558/click - {}
RESULT: {}
COMMAND: GET /session/fefae731ffe12f9640dd1679bcba6cb2/screenshot - {}
RESULT: {}
COMMAND: POST /session/fefae731ffe12f9640dd1679bcba6cb2/execute/sync - {"script":"<script> [299 bytes]","args":[["getModel","getResource"]]}
RESULT: {"script":"<script> [299 bytes]","args":[["getModel","getResource"]]}
]]></system-out>
    </testcase>
    <testcase classname="chrome.136_0_7103_49.windows.Provide_to_Site_w/o_warehouse_management_w/_clarification_US116605" name="Should create a new external partner" time="92.282">
      <system-out><![CDATA[
COMMAND: POST /session/fefae731ffe12f9640dd1679bcba6cb2/window/fullscreen - {}
COMMAND: GET /session/fefae731ffe12f9640dd1679bcba6cb2/screenshot - {}
RESULT: {}
COMMAND: POST /session/fefae731ffe12f9640dd1679bcba6cb2/execute/async - {"script":"<script> [1562 bytes]","args":[{"selector":{"controlType":"sap.m.GenericTile","properties":{"header":"Manage Partners"}},"wdio_ui5_key":"sapm.GenericTile{\"header\":\"Manage Partners\"}"}]}
RESULT: {}
RESULT: {"script":"<script> [1562 bytes]","args":[{"selector":{"controlType":"sap.m.GenericTile","properties":{"header":"Manage Partners"}},"wdio_ui5_key":"sapm.GenericTile{\"header\":\"Manage Partners\"}"}]}
RESULT: undefined
COMMAND: POST /session/fefae731ffe12f9640dd1679bcba6cb2/element - {"using":"xpath","value":"//*[@id=\"__tile30\"]"}
RESULT: {"using":"xpath","value":"//*[@id=\"__tile30\"]"}
COMMAND: POST /session/fefae731ffe12f9640dd1679bcba6cb2/element/f.260C0A6E86F32DC815D14290BCACE04C.d.D0D5DEC3D2AB81590311DC221F576A49.e.6583/click - {}
RESULT: {}
COMMAND: POST /session/fefae731ffe12f9640dd1679bcba6cb2/element - {"using":"xpath","value":"//button[@data-kt=\"addButton\"]"}
COMMAND: GET /session/fefae731ffe12f9640dd1679bcba6cb2/screenshot - {}
RESULT: {"using":"xpath","value":"//button[@data-kt=\"addButton\"]"}
COMMAND: POST /session/fefae731ffe12f9640dd1679bcba6cb2/elements - {"using":"xpath","value":"//button[@data-kt=\"addButton\"]"}
RESULT: {}
RESULT: {"using":"xpath","value":"//button[@data-kt=\"addButton\"]"}
COMMAND: POST /session/fefae731ffe12f9640dd1679bcba6cb2/element - {"using":"xpath","value":"//button[@data-kt=\"addButton\"]"}
RESULT: {"using":"xpath","value":"//button[@data-kt=\"addButton\"]"}
COMMAND: POST /session/fefae731ffe12f9640dd1679bcba6cb2/execute/sync - {"script":"<script> [8489 bytes]","args":[{"element-6066-11e4-a52e-4f735466cecf":"f.260C0A6E86F32DC815D14290BCACE04C.d.D0D5DEC3D2AB81590311DC221F576A49.e.7476","ELEMENT":"f.260C0A6E86F32DC815D14290BCACE04C.d.D0D5DEC3D2AB81590311DC221F576A49.e.7476"}]}
RESULT: {"script":"<script> [8489 bytes]","args":[{"element-6066-11e4-a52e-4f735466cecf":"f.260C0A6E86F32DC815D14290BCACE04C.d.D0D5DEC3D2AB81590311DC221F576A49.e.7476","ELEMENT":"f.260C0A6E86F32DC815D14290BCACE04C.d.D0D5DEC3D2AB81590311DC221F576A49.e.7476"}]}
COMMAND: GET /session/fefae731ffe12f9640dd1679bcba6cb2/element/f.260C0A6E86F32DC815D14290BCACE04C.d.D0D5DEC3D2AB81590311DC221F576A49.e.7476/enabled - {}
COMMAND: GET /session/fefae731ffe12f9640dd1679bcba6cb2/screenshot - {}
RESULT: {}
COMMAND: POST /session/fefae731ffe12f9640dd1679bcba6cb2/execute/sync - {"script":"<script> [8489 bytes]","args":[{"element-6066-11e4-a52e-4f735466cecf":"f.260C0A6E86F32DC815D14290BCACE04C.d.D0D5DEC3D2AB81590311DC221F576A49.e.7476","ELEMENT":"f.260C0A6E86F32DC815D14290BCACE04C.d.D0D5DEC3D2AB81590311DC221F576A49.e.7476"}]}
COMMAND: GET /session/fefae731ffe12f9640dd1679bcba6cb2/screenshot - {}
RESULT: {}
RESULT: {"script":"<script> [8489 bytes]","args":[{"element-6066-11e4-a52e-4f735466cecf":"f.260C0A6E86F32DC815D14290BCACE04C.d.D0D5DEC3D2AB81590311DC221F576A49.e.7476","ELEMENT":"f.260C0A6E86F32DC815D14290BCACE04C.d.D0D5DEC3D2AB81590311DC221F576A49.e.7476"}]}
COMMAND: POST /session/fefae731ffe12f9640dd1679bcba6cb2/execute/sync - {"script":"<script> [5351 bytes]","args":[{"element-6066-11e4-a52e-4f735466cecf":"f.260C0A6E86F32DC815D14290BCACE04C.d.D0D5DEC3D2AB81590311DC221F576A49.e.7476","ELEMENT":"f.260C0A6E86F32DC815D14290BCACE04C.d.D0D5DEC3D2AB81590311DC221F576A49.e.7476"}]}
COMMAND: GET /session/fefae731ffe12f9640dd1679bcba6cb2/screenshot - {}
RESULT: {}
RESULT: {"script":"<script> [5351 bytes]","args":[{"element-6066-11e4-a52e-4f735466cecf":"f.260C0A6E86F32DC815D14290BCACE04C.d.D0D5DEC3D2AB81590311DC221F576A49.e.7476","ELEMENT":"f.260C0A6E86F32DC815D14290BCACE04C.d.D0D5DEC3D2AB81590311DC221F576A49.e.7476"}]}
COMMAND: POST /session/fefae731ffe12f9640dd1679bcba6cb2/element/f.260C0A6E86F32DC815D14290BCACE04C.d.D0D5DEC3D2AB81590311DC221F576A49.e.7476/click - {}
COMMAND: GET /session/fefae731ffe12f9640dd1679bcba6cb2/screenshot - {}
RESULT: {}
RESULT: {}
COMMAND: GET /session/fefae731ffe12f9640dd1679bcba6cb2/screenshot - {}
RESULT: {}
COMMAND: POST /session/fefae731ffe12f9640dd1679bcba6cb2/execute/async - {"script":"<script> [1562 bytes]","args":[{"selector":{"id":"application-managepartners-display-component---NewPartner--addressDetailDetailsName1","interaction":{"idSuffix":"inner"}},"wdio_ui5_key":"applicationmanagepartners-display-component---NewPartner--addressDetailDetailsName1"}]}
RESULT: {}
RESULT: {"script":"<script> [1562 bytes]","args":[{"selector":{"id":"application-managepartners-display-component---NewPartner--addressDetailDetailsName1","interaction":{"idSuffix":"inner"}},"wdio_ui5_key":"applicationmanagepartners-display-component---NewPartner--addressDetailDetailsName1"}]}
RESULT: undefined
COMMAND: POST /session/fefae731ffe12f9640dd1679bcba6cb2/execute/async - {"script":"<script> [776 bytes]","args":[{"enterText":"External Partner WDIO","selector":{"id":"application-managepartners-display-component---NewPartner--addressDetailDetailsName1","interaction":{"idSuffix":"inner"}},"clearTextFirst":true,"interactionType":"ENTER_TEXT"}]}
RESULT: {"script":"<script> [776 bytes]","args":[{"enterText":"External Partner WDIO","selector":{"id":"application-managepartners-display-component---NewPartner--addressDetailDetailsName1","interaction":{"idSuffix":"inner"}},"clearTextFirst":true,"interactionType":"ENTER_TEXT"}]}
COMMAND: POST /session/fefae731ffe12f9640dd1679bcba6cb2/execute/async - {"script":"<script> [1562 bytes]","args":[{"selector":{"id":"application-managepartners-display-component---NewPartner--addressDetailDetailsLanguage-arrow"},"wdio_ui5_key":"applicationmanagepartners-display-component---NewPartner--addressDetailDetailsLanguage-arrow"}]}
RESULT: {"script":"<script> [1562 bytes]","args":[{"selector":{"id":"application-managepartners-display-component---NewPartner--addressDetailDetailsLanguage-arrow"},"wdio_ui5_key":"applicationmanagepartners-display-component---NewPartner--addressDetailDetailsLanguage-arrow"}]}
RESULT: undefined
COMMAND: POST /session/fefae731ffe12f9640dd1679bcba6cb2/element - {"using":"xpath","value":"//*[@id=\"application-managepartners-display-component---NewPartner--addressDetailDetailsLanguage-arrow\"]"}
RESULT: {"using":"xpath","value":"//*[@id=\"application-managepartners-display-component---NewPartner--addressDetailDetailsLanguage-arrow\"]"}
COMMAND: POST /session/fefae731ffe12f9640dd1679bcba6cb2/element/f.260C0A6E86F32DC815D14290BCACE04C.d.D0D5DEC3D2AB81590311DC221F576A49.e.7912/click - {}
RESULT: {}
COMMAND: POST /session/fefae731ffe12f9640dd1679bcba6cb2/element - {"using":"xpath","value":"//span[contains(text(), \"English\")]"}
COMMAND: GET /session/fefae731ffe12f9640dd1679bcba6cb2/screenshot - {}
RESULT: {"using":"xpath","value":"//span[contains(text(), \"English\")]"}
COMMAND: POST /session/fefae731ffe12f9640dd1679bcba6cb2/element/f.260C0A6E86F32DC815D14290BCACE04C.d.D0D5DEC3D2AB81590311DC221F576A49.e.7913/click - {}
RESULT: {}
RESULT: {}
COMMAND: GET /session/fefae731ffe12f9640dd1679bcba6cb2/screenshot - {}
RESULT: {}
COMMAND: POST /session/fefae731ffe12f9640dd1679bcba6cb2/execute/async - {"script":"<script> [1562 bytes]","args":[{"selector":{"id":"application-managepartners-display-component---NewPartner--addressDetailDetailsCity1","interaction":{"idSuffix":"inner"}},"wdio_ui5_key":"applicationmanagepartners-display-component---NewPartner--addressDetailDetailsCity1"}]}
RESULT: {"script":"<script> [1562 bytes]","args":[{"selector":{"id":"application-managepartners-display-component---NewPartner--addressDetailDetailsCity1","interaction":{"idSuffix":"inner"}},"wdio_ui5_key":"applicationmanagepartners-display-component---NewPartner--addressDetailDetailsCity1"}]}
RESULT: undefined
COMMAND: POST /session/fefae731ffe12f9640dd1679bcba6cb2/execute/async - {"script":"<script> [776 bytes]","args":[{"enterText":"Rosario","selector":{"id":"application-managepartners-display-component---NewPartner--addressDetailDetailsCity1","interaction":{"idSuffix":"inner"}},"clearTextFirst":true,"interactionType":"ENTER_TEXT"}]}
RESULT: {"script":"<script> [776 bytes]","args":[{"enterText":"Rosario","selector":{"id":"application-managepartners-display-component---NewPartner--addressDetailDetailsCity1","interaction":{"idSuffix":"inner"}},"clearTextFirst":true,"interactionType":"ENTER_TEXT"}]}
COMMAND: POST /session/fefae731ffe12f9640dd1679bcba6cb2/execute/async - {"script":"<script> [1562 bytes]","args":[{"selector":{"id":"application-managepartners-display-component---NewPartner--addressDetailDetailsCountry-arrow"},"wdio_ui5_key":"applicationmanagepartners-display-component---NewPartner--addressDetailDetailsCountry-arrow"}]}
RESULT: {"script":"<script> [1562 bytes]","args":[{"selector":{"id":"application-managepartners-display-component---NewPartner--addressDetailDetailsCountry-arrow"},"wdio_ui5_key":"applicationmanagepartners-display-component---NewPartner--addressDetailDetailsCountry-arrow"}]}
RESULT: undefined
COMMAND: POST /session/fefae731ffe12f9640dd1679bcba6cb2/element - {"using":"xpath","value":"//*[@id=\"application-managepartners-display-component---NewPartner--addressDetailDetailsCountry-arrow\"]"}
RESULT: {"using":"xpath","value":"//*[@id=\"application-managepartners-display-component---NewPartner--addressDetailDetailsCountry-arrow\"]"}
COMMAND: POST /session/fefae731ffe12f9640dd1679bcba6cb2/element/f.260C0A6E86F32DC815D14290BCACE04C.d.D0D5DEC3D2AB81590311DC221F576A49.e.7892/click - {}
RESULT: {}
COMMAND: POST /session/fefae731ffe12f9640dd1679bcba6cb2/element - {"using":"xpath","value":"//span[contains(text(), \"Argentina\")]"}
COMMAND: GET /session/fefae731ffe12f9640dd1679bcba6cb2/screenshot - {}
RESULT: {"using":"xpath","value":"//span[contains(text(), \"Argentina\")]"}
COMMAND: POST /session/fefae731ffe12f9640dd1679bcba6cb2/element/f.260C0A6E86F32DC815D14290BCACE04C.d.D0D5DEC3D2AB81590311DC221F576A49.e.7915/click - {}
RESULT: {}
RESULT: {}
COMMAND: GET /session/fefae731ffe12f9640dd1679bcba6cb2/screenshot - {}
RESULT: {}
COMMAND: POST /session/fefae731ffe12f9640dd1679bcba6cb2/element - {"using":"xpath","value":"//bdi[contains(text(), \"Commercial\")]"}
RESULT: {"using":"xpath","value":"//bdi[contains(text(), \"Commercial\")]"}
COMMAND: POST /session/fefae731ffe12f9640dd1679bcba6cb2/element/f.260C0A6E86F32DC815D14290BCACE04C.d.D0D5DEC3D2AB81590311DC221F576A49.e.7916/click - {}
RESULT: {}
COMMAND: GET /session/fefae731ffe12f9640dd1679bcba6cb2/screenshot - {}
RESULT: {}
COMMAND: POST /session/fefae731ffe12f9640dd1679bcba6cb2/execute/async - {"script":"<script> [1562 bytes]","args":[{"selector":{"id":"application-managepartners-display-component---NewPartner--partnerDetailInternal-arrow"},"wdio_ui5_key":"applicationmanagepartners-display-component---NewPartner--partnerDetailInternal-arrow"}]}
RESULT: {"script":"<script> [1562 bytes]","args":[{"selector":{"id":"application-managepartners-display-component---NewPartner--partnerDetailInternal-arrow"},"wdio_ui5_key":"applicationmanagepartners-display-component---NewPartner--partnerDetailInternal-arrow"}]}
RESULT: undefined
COMMAND: POST /session/fefae731ffe12f9640dd1679bcba6cb2/element - {"using":"xpath","value":"//*[@id=\"application-managepartners-display-component---NewPartner--partnerDetailInternal-arrow\"]"}
RESULT: {"using":"xpath","value":"//*[@id=\"application-managepartners-display-component---NewPartner--partnerDetailInternal-arrow\"]"}
COMMAND: POST /session/fefae731ffe12f9640dd1679bcba6cb2/element/f.260C0A6E86F32DC815D14290BCACE04C.d.D0D5DEC3D2AB81590311DC221F576A49.e.7922/click - {}
RESULT: {}
COMMAND: POST /session/fefae731ffe12f9640dd1679bcba6cb2/element - {"using":"xpath","value":"//span[contains(text(), \"External partner\")]"}
COMMAND: GET /session/fefae731ffe12f9640dd1679bcba6cb2/screenshot - {}
RESULT: {"using":"xpath","value":"//span[contains(text(), \"External partner\")]"}
COMMAND: POST /session/fefae731ffe12f9640dd1679bcba6cb2/element/f.260C0A6E86F32DC815D14290BCACE04C.d.D0D5DEC3D2AB81590311DC221F576A49.e.7923/click - {}
RESULT: {}
RESULT: {}
COMMAND: POST /session/fefae731ffe12f9640dd1679bcba6cb2/execute/async - {"script":"<script> [1562 bytes]","args":[{"selector":{"id":"application-managepartners-display-component---NewPartner--partnerDetailsCurrency-arrow"},"wdio_ui5_key":"applicationmanagepartners-display-component---NewPartner--partnerDetailsCurrency-arrow"}]}
COMMAND: GET /session/fefae731ffe12f9640dd1679bcba6cb2/screenshot - {}
RESULT: {"script":"<script> [1562 bytes]","args":[{"selector":{"id":"application-managepartners-display-component---NewPartner--partnerDetailsCurrency-arrow"},"wdio_ui5_key":"applicationmanagepartners-display-component---NewPartner--partnerDetailsCurrency-arrow"}]}
RESULT: undefined
COMMAND: POST /session/fefae731ffe12f9640dd1679bcba6cb2/element - {"using":"xpath","value":"//*[@id=\"application-managepartners-display-component---NewPartner--partnerDetailsCurrency-arrow\"]"}
RESULT: {}
RESULT: {"using":"xpath","value":"//*[@id=\"application-managepartners-display-component---NewPartner--partnerDetailsCurrency-arrow\"]"}
COMMAND: POST /session/fefae731ffe12f9640dd1679bcba6cb2/element/f.260C0A6E86F32DC815D14290BCACE04C.d.D0D5DEC3D2AB81590311DC221F576A49.e.7928/click - {}
RESULT: {}
COMMAND: POST /session/fefae731ffe12f9640dd1679bcba6cb2/element - {"using":"xpath","value":"//span[contains(text(), \"US Dollar\")]"}
COMMAND: GET /session/fefae731ffe12f9640dd1679bcba6cb2/screenshot - {}
RESULT: {"using":"xpath","value":"//span[contains(text(), \"US Dollar\")]"}
COMMAND: POST /session/fefae731ffe12f9640dd1679bcba6cb2/element/f.260C0A6E86F32DC815D14290BCACE04C.d.D0D5DEC3D2AB81590311DC221F576A49.e.7929/click - {}
RESULT: {}
RESULT: {}
COMMAND: GET /session/fefae731ffe12f9640dd1679bcba6cb2/screenshot - {}
RESULT: {}
COMMAND: POST /session/fefae731ffe12f9640dd1679bcba6cb2/element - {"using":"xpath","value":"//input[@id=\"application-managepartners-display-component---NewPartner--companyCodeComboBox-inner\"]"}
RESULT: {"using":"xpath","value":"//input[@id=\"application-managepartners-display-component---NewPartner--companyCodeComboBox-inner\"]"}
COMMAND: POST /session/fefae731ffe12f9640dd1679bcba6cb2/element/f.260C0A6E86F32DC815D14290BCACE04C.d.D0D5DEC3D2AB81590311DC221F576A49.e.7812/clear - {}
RESULT: {}
COMMAND: POST /session/fefae731ffe12f9640dd1679bcba6cb2/element/f.260C0A6E86F32DC815D14290BCACE04C.d.D0D5DEC3D2AB81590311DC221F576A49.e.7812/value - {"text":"C002"}
COMMAND: GET /session/fefae731ffe12f9640dd1679bcba6cb2/screenshot - {}
RESULT: {"text":"C002"}
COMMAND: GET /session/fefae731ffe12f9640dd1679bcba6cb2/screenshot - {}
RESULT: {}
RESULT: {}
COMMAND: POST /session/fefae731ffe12f9640dd1679bcba6cb2/element - {"using":"xpath","value":"//li[.//span[text()= \"C002\"]]"}
RESULT: {"using":"xpath","value":"//li[.//span[text()= \"C002\"]]"}
COMMAND: POST /session/fefae731ffe12f9640dd1679bcba6cb2/element/f.260C0A6E86F32DC815D14290BCACE04C.d.D0D5DEC3D2AB81590311DC221F576A49.e.7933/click - {}
RESULT: {}
COMMAND: GET /session/fefae731ffe12f9640dd1679bcba6cb2/screenshot - {}
RESULT: {}
COMMAND: POST /session/fefae731ffe12f9640dd1679bcba6cb2/execute/async - {"script":"<script> [1562 bytes]","args":[{"selector":{"id":"application-managepartners-display-component---NewPartner--btnAddTableRow-img"},"wdio_ui5_key":"applicationmanagepartners-display-component---NewPartner--btnAddTableRow-img"}]}
RESULT: {"script":"<script> [1562 bytes]","args":[{"selector":{"id":"application-managepartners-display-component---NewPartner--btnAddTableRow-img"},"wdio_ui5_key":"applicationmanagepartners-display-component---NewPartner--btnAddTableRow-img"}]}
RESULT: undefined
COMMAND: POST /session/fefae731ffe12f9640dd1679bcba6cb2/element - {"using":"xpath","value":"//*[@id=\"application-managepartners-display-component---NewPartner--btnAddTableRow-img\"]"}
RESULT: {"using":"xpath","value":"//*[@id=\"application-managepartners-display-component---NewPartner--btnAddTableRow-img\"]"}
COMMAND: POST /session/fefae731ffe12f9640dd1679bcba6cb2/element/f.260C0A6E86F32DC815D14290BCACE04C.d.D0D5DEC3D2AB81590311DC221F576A49.e.7934/click - {}
RESULT: {}
COMMAND: GET /session/fefae731ffe12f9640dd1679bcba6cb2/screenshot - {}
RESULT: {}
COMMAND: POST /session/fefae731ffe12f9640dd1679bcba6cb2/element - {"using":"xpath","value":"//input[@id=\"application-managepartners-display-component---NewPartner--assignmentYard-application-managepartners-display-component---NewPartner--assignmentsTable-0-inner\"]"}
RESULT: {"using":"xpath","value":"//input[@id=\"application-managepartners-display-component---NewPartner--assignmentYard-application-managepartners-display-component---NewPartner--assignmentsTable-0-inner\"]"}
COMMAND: POST /session/fefae731ffe12f9640dd1679bcba6cb2/element/f.260C0A6E86F32DC815D14290BCACE04C.d.D0D5DEC3D2AB81590311DC221F576A49.e.7937/clear - {}
RESULT: {}
COMMAND: POST /session/fefae731ffe12f9640dd1679bcba6cb2/element/f.260C0A6E86F32DC815D14290BCACE04C.d.D0D5DEC3D2AB81590311DC221F576A49.e.7937/value - {"text":"310"}
COMMAND: GET /session/fefae731ffe12f9640dd1679bcba6cb2/screenshot - {}
RESULT: {"text":"310"}
COMMAND: GET /session/fefae731ffe12f9640dd1679bcba6cb2/screenshot - {}
RESULT: {}
RESULT: {}
COMMAND: POST /session/fefae731ffe12f9640dd1679bcba6cb2/element - {"using":"xpath","value":"//li[.//span[text()='310']]"}
RESULT: {"using":"xpath","value":"//li[.//span[text()='310']]"}
COMMAND: POST /session/fefae731ffe12f9640dd1679bcba6cb2/element/f.260C0A6E86F32DC815D14290BCACE04C.d.D0D5DEC3D2AB81590311DC221F576A49.e.7945/click - {}
RESULT: {}
COMMAND: GET /session/fefae731ffe12f9640dd1679bcba6cb2/screenshot - {}
RESULT: {}
COMMAND: POST /session/fefae731ffe12f9640dd1679bcba6cb2/actions - {"actions":[{"id":"action29","type":"key","parameters":{},"actions":[{"type":"keyDown","value":"î€‡"},{"type":"pause","duration":10},{"type":"keyUp","value":"î€‡"}]}]}
RESULT: {"actions":[{"id":"action29","type":"key","parameters":{},"actions":[{"type":"keyDown","value":"î€‡"},{"type":"pause","duration":10},{"type":"keyUp","value":"î€‡"}]}]}
COMMAND: POST /session/fefae731ffe12f9640dd1679bcba6cb2/element - {"using":"xpath","value":"//td[contains(@id, \"assignmentsTable-0-cell2\")]/div/div"}
COMMAND: GET /session/fefae731ffe12f9640dd1679bcba6cb2/screenshot - {}
RESULT: {"using":"xpath","value":"//td[contains(@id, \"assignmentsTable-0-cell2\")]/div/div"}
COMMAND: POST /session/fefae731ffe12f9640dd1679bcba6cb2/element/f.260C0A6E86F32DC815D14290BCACE04C.d.D0D5DEC3D2AB81590311DC221F576A49.e.7948/click - {}
RESULT: {}
RESULT: {}
COMMAND: GET /session/fefae731ffe12f9640dd1679bcba6cb2/screenshot - {}
RESULT: {}
COMMAND: POST /session/fefae731ffe12f9640dd1679bcba6cb2/element - {"using":"xpath","value":"//button[@data-kt=\"saveButton\"]"}
RESULT: {"using":"xpath","value":"//button[@data-kt=\"saveButton\"]"}
COMMAND: POST /session/fefae731ffe12f9640dd1679bcba6cb2/element/f.260C0A6E86F32DC815D14290BCACE04C.d.D0D5DEC3D2AB81590311DC221F576A49.e.7831/click - {}
RESULT: {}
COMMAND: GET /session/fefae731ffe12f9640dd1679bcba6cb2/screenshot - {}
RESULT: {}
COMMAND: POST /session/fefae731ffe12f9640dd1679bcba6cb2/element - {"using":"xpath","value":"//header[contains(@id, 'ObjectPageLayout-headerTitle')]/div[1]/div[2]/div[2]/span[1]"}
RESULT: {"using":"xpath","value":"//header[contains(@id, 'ObjectPageLayout-headerTitle')]/div[1]/div[2]/div[2]/span[1]"}
COMMAND: POST /session/fefae731ffe12f9640dd1679bcba6cb2/elements - {"using":"xpath","value":"//header[contains(@id, 'ObjectPageLayout-headerTitle')]/div[1]/div[2]/div[2]/span[1]"}
RESULT: {"using":"xpath","value":"//header[contains(@id, 'ObjectPageLayout-headerTitle')]/div[1]/div[2]/div[2]/span[1]"}
COMMAND: POST /session/fefae731ffe12f9640dd1679bcba6cb2/execute/sync - {"script":"<script> [56 bytes]","args":[{"element-6066-11e4-a52e-4f735466cecf":"f.260C0A6E86F32DC815D14290BCACE04C.d.D0D5DEC3D2AB81590311DC221F576A49.e.8110","ELEMENT":"f.260C0A6E86F32DC815D14290BCACE04C.d.D0D5DEC3D2AB81590311DC221F576A49.e.8110"}]}
RESULT: {"script":"<script> [56 bytes]","args":[{"element-6066-11e4-a52e-4f735466cecf":"f.260C0A6E86F32DC815D14290BCACE04C.d.D0D5DEC3D2AB81590311DC221F576A49.e.8110","ELEMENT":"f.260C0A6E86F32DC815D14290BCACE04C.d.D0D5DEC3D2AB81590311DC221F576A49.e.8110"}]}
COMMAND: POST /session/fefae731ffe12f9640dd1679bcba6cb2/element - {"using":"css selector","value":"#shell-header-logo"}
COMMAND: GET /session/fefae731ffe12f9640dd1679bcba6cb2/screenshot - {}
RESULT: {"using":"css selector","value":"#shell-header-logo"}
COMMAND: POST /session/fefae731ffe12f9640dd1679bcba6cb2/element/f.260C0A6E86F32DC815D14290BCACE04C.d.D0D5DEC3D2AB81590311DC221F576A49.e.7432/click - {}
RESULT: {}
RESULT: {}
COMMAND: GET /session/fefae731ffe12f9640dd1679bcba6cb2/screenshot - {}
RESULT: {}
COMMAND: POST /session/fefae731ffe12f9640dd1679bcba6cb2/execute/sync - {"script":"<script> [299 bytes]","args":[["getModel","getResource"]]}
RESULT: {"script":"<script> [299 bytes]","args":[["getModel","getResource"]]}
COMMAND: GET /session/fefae731ffe12f9640dd1679bcba6cb2/screenshot - {}
]]></system-out>
    </testcase>
    <testcase classname="chrome.136_0_7103_49.windows.Provide_to_Site_w/o_warehouse_management_w/_clarification_US116605" name="Should create a new site" time="164.117">
      <system-out><![CDATA[
COMMAND: POST /session/fefae731ffe12f9640dd1679bcba6cb2/execute/async - {"script":"<script> [1562 bytes]","args":[{"selector":{"controlType":"sap.m.TileContent","bindingPath":{"path":"","propertyPath":"/properties/info"},"ancestor":{"controlType":"sap.m.GenericTile","properties":{"header":"Manage Sites"}}},"wdio_ui5_key":"sapm.TileContent{\"path\":\"\",\"propertyPath\":\"/properties/info\"}{\"controlType\":\"sap.m.GenericTile\",\"properties\":{\"header\":\"Manage Sites\"}}"}]}
RESULT: {}
RESULT: {"script":"<script> [1562 bytes]","args":[{"selector":{"controlType":"sap.m.TileContent","bindingPath":{"path":"","propertyPath":"/properties/info"},"ancestor":{"controlType":"sap.m.GenericTile","properties":{"header":"Manage Sites"}}},"wdio_ui5_key":"sapm.TileContent{\"path\":\"\",\"propertyPath\":\"/properties/info\"}{\"controlType\":\"sap.m.GenericTile\",\"properties\":{\"header\":\"Manage Sites\"}}"}]}
RESULT: undefined
COMMAND: POST /session/fefae731ffe12f9640dd1679bcba6cb2/element - {"using":"xpath","value":"//*[@id=\"__xmlview7--numericTileContent\"]"}
RESULT: {"using":"xpath","value":"//*[@id=\"__xmlview7--numericTileContent\"]"}
COMMAND: POST /session/fefae731ffe12f9640dd1679bcba6cb2/element/f.260C0A6E86F32DC815D14290BCACE04C.d.D0D5DEC3D2AB81590311DC221F576A49.e.8112/click - {}
RESULT: {}
COMMAND: POST /session/fefae731ffe12f9640dd1679bcba6cb2/element - {"using":"xpath","value":"//button[@data-kt=\"addOverflowToolbarButton\"]"}
COMMAND: GET /session/fefae731ffe12f9640dd1679bcba6cb2/screenshot - {}
RESULT: {"using":"xpath","value":"//button[@data-kt=\"addOverflowToolbarButton\"]"}
COMMAND: POST /session/fefae731ffe12f9640dd1679bcba6cb2/elements - {"using":"xpath","value":"//button[@data-kt=\"addOverflowToolbarButton\"]"}
RESULT: {}
RESULT: {"using":"xpath","value":"//button[@data-kt=\"addOverflowToolbarButton\"]"}
COMMAND: POST /session/fefae731ffe12f9640dd1679bcba6cb2/elements - {"using":"xpath","value":"//button[@data-kt=\"addOverflowToolbarButton\"]"}
RESULT: {"using":"xpath","value":"//button[@data-kt=\"addOverflowToolbarButton\"]"}
COMMAND: POST /session/fefae731ffe12f9640dd1679bcba6cb2/element - {"using":"xpath","value":"//button[@data-kt=\"addOverflowToolbarButton\"]"}
RESULT: {"using":"xpath","value":"//button[@data-kt=\"addOverflowToolbarButton\"]"}
COMMAND: POST /session/fefae731ffe12f9640dd1679bcba6cb2/execute/sync - {"script":"<script> [8489 bytes]","args":[{"element-6066-11e4-a52e-4f735466cecf":"f.260C0A6E86F32DC815D14290BCACE04C.d.D0D5DEC3D2AB81590311DC221F576A49.e.8158","ELEMENT":"f.260C0A6E86F32DC815D14290BCACE04C.d.D0D5DEC3D2AB81590311DC221F576A49.e.8158"}]}
RESULT: {"script":"<script> [8489 bytes]","args":[{"element-6066-11e4-a52e-4f735466cecf":"f.260C0A6E86F32DC815D14290BCACE04C.d.D0D5DEC3D2AB81590311DC221F576A49.e.8158","ELEMENT":"f.260C0A6E86F32DC815D14290BCACE04C.d.D0D5DEC3D2AB81590311DC221F576A49.e.8158"}]}
COMMAND: GET /session/fefae731ffe12f9640dd1679bcba6cb2/element/f.260C0A6E86F32DC815D14290BCACE04C.d.D0D5DEC3D2AB81590311DC221F576A49.e.8158/enabled - {}
COMMAND: GET /session/fefae731ffe12f9640dd1679bcba6cb2/screenshot - {}
RESULT: {}
COMMAND: POST /session/fefae731ffe12f9640dd1679bcba6cb2/execute/sync - {"script":"<script> [8489 bytes]","args":[{"element-6066-11e4-a52e-4f735466cecf":"f.260C0A6E86F32DC815D14290BCACE04C.d.D0D5DEC3D2AB81590311DC221F576A49.e.8158","ELEMENT":"f.260C0A6E86F32DC815D14290BCACE04C.d.D0D5DEC3D2AB81590311DC221F576A49.e.8158"}]}
COMMAND: GET /session/fefae731ffe12f9640dd1679bcba6cb2/screenshot - {}
RESULT: {}
RESULT: {"script":"<script> [8489 bytes]","args":[{"element-6066-11e4-a52e-4f735466cecf":"f.260C0A6E86F32DC815D14290BCACE04C.d.D0D5DEC3D2AB81590311DC221F576A49.e.8158","ELEMENT":"f.260C0A6E86F32DC815D14290BCACE04C.d.D0D5DEC3D2AB81590311DC221F576A49.e.8158"}]}
COMMAND: POST /session/fefae731ffe12f9640dd1679bcba6cb2/execute/sync - {"script":"<script> [5351 bytes]","args":[{"element-6066-11e4-a52e-4f735466cecf":"f.260C0A6E86F32DC815D14290BCACE04C.d.D0D5DEC3D2AB81590311DC221F576A49.e.8158","ELEMENT":"f.260C0A6E86F32DC815D14290BCACE04C.d.D0D5DEC3D2AB81590311DC221F576A49.e.8158"}]}
COMMAND: GET /session/fefae731ffe12f9640dd1679bcba6cb2/screenshot - {}
RESULT: {}
RESULT: {"script":"<script> [5351 bytes]","args":[{"element-6066-11e4-a52e-4f735466cecf":"f.260C0A6E86F32DC815D14290BCACE04C.d.D0D5DEC3D2AB81590311DC221F576A49.e.8158","ELEMENT":"f.260C0A6E86F32DC815D14290BCACE04C.d.D0D5DEC3D2AB81590311DC221F576A49.e.8158"}]}
COMMAND: POST /session/fefae731ffe12f9640dd1679bcba6cb2/element/f.260C0A6E86F32DC815D14290BCACE04C.d.D0D5DEC3D2AB81590311DC221F576A49.e.8158/click - {}
COMMAND: GET /session/fefae731ffe12f9640dd1679bcba6cb2/screenshot - {}
RESULT: {}
RESULT: {}
COMMAND: GET /session/fefae731ffe12f9640dd1679bcba6cb2/screenshot - {}
RESULT: {}
RESULT: {}
COMMAND: POST /session/fefae731ffe12f9640dd1679bcba6cb2/element - {"using":"xpath","value":"//input[@id=\"application-managesites-display-component---NewSite--siteId-inner\"]"}
RESULT: {"using":"xpath","value":"//input[@id=\"application-managesites-display-component---NewSite--siteId-inner\"]"}
COMMAND: POST /session/fefae731ffe12f9640dd1679bcba6cb2/element - {"using":"xpath","value":"//input[@id=\"application-managesites-display-component---NewSite--siteId-inner\"]"}
RESULT: {"using":"xpath","value":"//input[@id=\"application-managesites-display-component---NewSite--siteId-inner\"]"}
COMMAND: POST /session/fefae731ffe12f9640dd1679bcba6cb2/execute/async - {"script":"<script> [1562 bytes]","args":[{"selector":{"id":"application-managesites-display-component---NewSite--addressDetailDetailsName1","interaction":{"idSuffix":"inner"}},"wdio_ui5_key":"applicationmanagesites-display-component---NewSite--addressDetailDetailsName1"}]}
RESULT: {"script":"<script> [1562 bytes]","args":[{"selector":{"id":"application-managesites-display-component---NewSite--addressDetailDetailsName1","interaction":{"idSuffix":"inner"}},"wdio_ui5_key":"applicationmanagesites-display-component---NewSite--addressDetailDetailsName1"}]}
RESULT: undefined
COMMAND: POST /session/fefae731ffe12f9640dd1679bcba6cb2/execute/async - {"script":"<script> [776 bytes]","args":[{"enterText":"Other Type Site WDIO","selector":{"id":"application-managesites-display-component---NewSite--addressDetailDetailsName1","interaction":{"idSuffix":"inner"}},"clearTextFirst":true,"interactionType":"ENTER_TEXT"}]}
RESULT: {"script":"<script> [776 bytes]","args":[{"enterText":"Other Type Site WDIO","selector":{"id":"application-managesites-display-component---NewSite--addressDetailDetailsName1","interaction":{"idSuffix":"inner"}},"clearTextFirst":true,"interactionType":"ENTER_TEXT"}]}
COMMAND: POST /session/fefae731ffe12f9640dd1679bcba6cb2/execute/async - {"script":"<script> [1562 bytes]","args":[{"selector":{"id":"application-managesites-display-component---NewSite--addressDetailDetailsLanguage-arrow"},"wdio_ui5_key":"applicationmanagesites-display-component---NewSite--addressDetailDetailsLanguage-arrow"}]}
RESULT: {"script":"<script> [1562 bytes]","args":[{"selector":{"id":"application-managesites-display-component---NewSite--addressDetailDetailsLanguage-arrow"},"wdio_ui5_key":"applicationmanagesites-display-component---NewSite--addressDetailDetailsLanguage-arrow"}]}
RESULT: undefined
COMMAND: POST /session/fefae731ffe12f9640dd1679bcba6cb2/element - {"using":"xpath","value":"//*[@id=\"application-managesites-display-component---NewSite--addressDetailDetailsLanguage-arrow\"]"}
RESULT: {"using":"xpath","value":"//*[@id=\"application-managesites-display-component---NewSite--addressDetailDetailsLanguage-arrow\"]"}
COMMAND: POST /session/fefae731ffe12f9640dd1679bcba6cb2/element/f.260C0A6E86F32DC815D14290BCACE04C.d.D0D5DEC3D2AB81590311DC221F576A49.e.8548/click - {}
RESULT: {}
COMMAND: POST /session/fefae731ffe12f9640dd1679bcba6cb2/element - {"using":"xpath","value":"//span[contains(text(), \"English\")]"}
COMMAND: GET /session/fefae731ffe12f9640dd1679bcba6cb2/screenshot - {}
RESULT: {"using":"xpath","value":"//span[contains(text(), \"English\")]"}
COMMAND: POST /session/fefae731ffe12f9640dd1679bcba6cb2/element/f.260C0A6E86F32DC815D14290BCACE04C.d.D0D5DEC3D2AB81590311DC221F576A49.e.8549/click - {}
RESULT: {}
RESULT: {}
COMMAND: POST /session/fefae731ffe12f9640dd1679bcba6cb2/execute/async - {"script":"<script> [1562 bytes]","args":[{"selector":{"id":"application-managesites-display-component---NewSite--addressDetailDetailsCity1","interaction":{"idSuffix":"inner"}},"wdio_ui5_key":"applicationmanagesites-display-component---NewSite--addressDetailDetailsCity1"}]}
COMMAND: GET /session/fefae731ffe12f9640dd1679bcba6cb2/screenshot - {}
RESULT: {"script":"<script> [1562 bytes]","args":[{"selector":{"id":"application-managesites-display-component---NewSite--addressDetailDetailsCity1","interaction":{"idSuffix":"inner"}},"wdio_ui5_key":"applicationmanagesites-display-component---NewSite--addressDetailDetailsCity1"}]}
RESULT: undefined
COMMAND: POST /session/fefae731ffe12f9640dd1679bcba6cb2/execute/async - {"script":"<script> [776 bytes]","args":[{"enterText":"Rosario","selector":{"id":"application-managesites-display-component---NewSite--addressDetailDetailsCity1","interaction":{"idSuffix":"inner"}},"clearTextFirst":true,"interactionType":"ENTER_TEXT"}]}
RESULT: {}
RESULT: {"script":"<script> [776 bytes]","args":[{"enterText":"Rosario","selector":{"id":"application-managesites-display-component---NewSite--addressDetailDetailsCity1","interaction":{"idSuffix":"inner"}},"clearTextFirst":true,"interactionType":"ENTER_TEXT"}]}
COMMAND: POST /session/fefae731ffe12f9640dd1679bcba6cb2/execute/async - {"script":"<script> [1562 bytes]","args":[{"selector":{"id":"application-managesites-display-component---NewSite--addressDetailDetailsCountry-arrow"},"wdio_ui5_key":"applicationmanagesites-display-component---NewSite--addressDetailDetailsCountry-arrow"}]}
RESULT: {"script":"<script> [1562 bytes]","args":[{"selector":{"id":"application-managesites-display-component---NewSite--addressDetailDetailsCountry-arrow"},"wdio_ui5_key":"applicationmanagesites-display-component---NewSite--addressDetailDetailsCountry-arrow"}]}
RESULT: undefined
COMMAND: POST /session/fefae731ffe12f9640dd1679bcba6cb2/element - {"using":"xpath","value":"//*[@id=\"application-managesites-display-component---NewSite--addressDetailDetailsCountry-arrow\"]"}
RESULT: {"using":"xpath","value":"//*[@id=\"application-managesites-display-component---NewSite--addressDetailDetailsCountry-arrow\"]"}
COMMAND: POST /session/fefae731ffe12f9640dd1679bcba6cb2/element/f.260C0A6E86F32DC815D14290BCACE04C.d.D0D5DEC3D2AB81590311DC221F576A49.e.8551/click - {}
RESULT: {}
COMMAND: POST /session/fefae731ffe12f9640dd1679bcba6cb2/element - {"using":"xpath","value":"//span[contains(text(), \"Argentina\")]"}
COMMAND: GET /session/fefae731ffe12f9640dd1679bcba6cb2/screenshot - {}
RESULT: {"using":"xpath","value":"//span[contains(text(), \"Argentina\")]"}
COMMAND: POST /session/fefae731ffe12f9640dd1679bcba6cb2/element/f.260C0A6E86F32DC815D14290BCACE04C.d.D0D5DEC3D2AB81590311DC221F576A49.e.8552/click - {}
RESULT: {}
RESULT: {}
COMMAND: GET /session/fefae731ffe12f9640dd1679bcba6cb2/screenshot - {}
RESULT: {}
COMMAND: POST /session/fefae731ffe12f9640dd1679bcba6cb2/execute/async - {"script":"<script> [1562 bytes]","args":[{"selector":{"id":"application-managesites-display-component---NewSite--addressEditDetailsCostObjectCstType-arrow"},"wdio_ui5_key":"applicationmanagesites-display-component---NewSite--addressEditDetailsCostObjectCstType-arrow"}]}
RESULT: {"script":"<script> [1562 bytes]","args":[{"selector":{"id":"application-managesites-display-component---NewSite--addressEditDetailsCostObjectCstType-arrow"},"wdio_ui5_key":"applicationmanagesites-display-component---NewSite--addressEditDetailsCostObjectCstType-arrow"}]}
RESULT: undefined
COMMAND: POST /session/fefae731ffe12f9640dd1679bcba6cb2/element - {"using":"xpath","value":"//*[@id=\"application-managesites-display-component---NewSite--addressEditDetailsCostObjectCstType-arrow\"]"}
RESULT: {"using":"xpath","value":"//*[@id=\"application-managesites-display-component---NewSite--addressEditDetailsCostObjectCstType-arrow\"]"}
COMMAND: POST /session/fefae731ffe12f9640dd1679bcba6cb2/element/f.260C0A6E86F32DC815D14290BCACE04C.d.D0D5DEC3D2AB81590311DC221F576A49.e.8554/click - {}
RESULT: {}
COMMAND: POST /session/fefae731ffe12f9640dd1679bcba6cb2/element - {"using":"xpath","value":"//span[contains(text(), \"Cost Center\")]"}
COMMAND: GET /session/fefae731ffe12f9640dd1679bcba6cb2/screenshot - {}
RESULT: {"using":"xpath","value":"//span[contains(text(), \"Cost Center\")]"}
COMMAND: POST /session/fefae731ffe12f9640dd1679bcba6cb2/element/f.260C0A6E86F32DC815D14290BCACE04C.d.D0D5DEC3D2AB81590311DC221F576A49.e.8555/click - {}
RESULT: {}
RESULT: {}
COMMAND: GET /session/fefae731ffe12f9640dd1679bcba6cb2/screenshot - {}
RESULT: {}
COMMAND: POST /session/fefae731ffe12f9640dd1679bcba6cb2/element - {"using":"xpath","value":"//span[@id=\"application-managesites-display-component---NewSite--addressNewCostObjectCstID-vhi\"]"}
RESULT: {"using":"xpath","value":"//span[@id=\"application-managesites-display-component---NewSite--addressNewCostObjectCstID-vhi\"]"}
COMMAND: POST /session/fefae731ffe12f9640dd1679bcba6cb2/execute/sync - {"script":"<script> [8489 bytes]","args":[{"element-6066-11e4-a52e-4f735466cecf":"f.260C0A6E86F32DC815D14290BCACE04C.d.D0D5DEC3D2AB81590311DC221F576A49.e.8560","ELEMENT":"f.260C0A6E86F32DC815D14290BCACE04C.d.D0D5DEC3D2AB81590311DC221F576A49.e.8560"}]}
RESULT: {"script":"<script> [8489 bytes]","args":[{"element-6066-11e4-a52e-4f735466cecf":"f.260C0A6E86F32DC815D14290BCACE04C.d.D0D5DEC3D2AB81590311DC221F576A49.e.8560","ELEMENT":"f.260C0A6E86F32DC815D14290BCACE04C.d.D0D5DEC3D2AB81590311DC221F576A49.e.8560"}]}
COMMAND: POST /session/fefae731ffe12f9640dd1679bcba6cb2/execute/async - {"script":"<script> [1562 bytes]","args":[{"selector":{"id":"application-managesites-display-component---NewSite--addressNewCostObjectCstID-vhi"},"wdio_ui5_key":"applicationmanagesites-display-component---NewSite--addressNewCostObjectCstID-vhi"}]}
COMMAND: GET /session/fefae731ffe12f9640dd1679bcba6cb2/screenshot - {}
RESULT: {"script":"<script> [1562 bytes]","args":[{"selector":{"id":"application-managesites-display-component---NewSite--addressNewCostObjectCstID-vhi"},"wdio_ui5_key":"applicationmanagesites-display-component---NewSite--addressNewCostObjectCstID-vhi"}]}
RESULT: undefined
COMMAND: POST /session/fefae731ffe12f9640dd1679bcba6cb2/element - {"using":"xpath","value":"//*[@id=\"application-managesites-display-component---NewSite--addressNewCostObjectCstID-vhi\"]"}
RESULT: {}
RESULT: {"using":"xpath","value":"//*[@id=\"application-managesites-display-component---NewSite--addressNewCostObjectCstID-vhi\"]"}
COMMAND: POST /session/fefae731ffe12f9640dd1679bcba6cb2/element/f.260C0A6E86F32DC815D14290BCACE04C.d.D0D5DEC3D2AB81590311DC221F576A49.e.8560/click - {}
RESULT: {}
COMMAND: GET /session/fefae731ffe12f9640dd1679bcba6cb2/screenshot - {}
RESULT: {}
RESULT: undefined
COMMAND: POST /session/fefae731ffe12f9640dd1679bcba6cb2/execute/async - {"script":"<script> [776 bytes]","args":[{"enterText":"10001013","selector":{"controlType":"sap.m.SearchField","properties":{"placeholder":"Search"},"searchOpenDialogs":true,"interaction":{"idSuffix":"I"}},"clearTextFirst":true,"interactionType":"ENTER_TEXT"}]}
RESULT: {"script":"<script> [776 bytes]","args":[{"enterText":"10001013","selector":{"controlType":"sap.m.SearchField","properties":{"placeholder":"Search"},"searchOpenDialogs":true,"interaction":{"idSuffix":"I"}},"clearTextFirst":true,"interactionType":"ENTER_TEXT"}]}
COMMAND: POST /session/fefae731ffe12f9640dd1679bcba6cb2/actions - {"actions":[{"id":"action30","type":"key","parameters":{},"actions":[{"type":"keyDown","value":"î€‡"},{"type":"pause","duration":10},{"type":"keyUp","value":"î€‡"}]}]}
RESULT: {"actions":[{"id":"action30","type":"key","parameters":{},"actions":[{"type":"keyDown","value":"î€‡"},{"type":"pause","duration":10},{"type":"keyUp","value":"î€‡"}]}]}
COMMAND: GET /session/fefae731ffe12f9640dd1679bcba6cb2/screenshot - {}
RESULT: {}
COMMAND: POST /session/fefae731ffe12f9640dd1679bcba6cb2/element - {"using":"xpath","value":"//span[contains(text(), \"General Management\")]"}
RESULT: {"using":"xpath","value":"//span[contains(text(), \"General Management\")]"}
COMMAND: POST /session/fefae731ffe12f9640dd1679bcba6cb2/element/f.260C0A6E86F32DC815D14290BCACE04C.d.D0D5DEC3D2AB81590311DC221F576A49.e.8601/click - {}
RESULT: {}
COMMAND: GET /session/fefae731ffe12f9640dd1679bcba6cb2/screenshot - {}
RESULT: {}
COMMAND: POST /session/fefae731ffe12f9640dd1679bcba6cb2/element - {"using":"xpath","value":"//bdi[contains(text(), \"OK\")]"}
RESULT: {"using":"xpath","value":"//bdi[contains(text(), \"OK\")]"}
COMMAND: POST /session/fefae731ffe12f9640dd1679bcba6cb2/element/f.260C0A6E86F32DC815D14290BCACE04C.d.D0D5DEC3D2AB81590311DC221F576A49.e.8602/click - {}
RESULT: {}
COMMAND: GET /session/fefae731ffe12f9640dd1679bcba6cb2/screenshot - {}
RESULT: {}
COMMAND: POST /session/fefae731ffe12f9640dd1679bcba6cb2/element - {"using":"xpath","value":"//input[@id=\"application-managesites-display-component---NewSite--addressDetailDetailsCalendar-inner\"]"}
RESULT: {"using":"xpath","value":"//input[@id=\"application-managesites-display-component---NewSite--addressDetailDetailsCalendar-inner\"]"}
COMMAND: POST /session/fefae731ffe12f9640dd1679bcba6cb2/element/f.260C0A6E86F32DC815D14290BCACE04C.d.D0D5DEC3D2AB81590311DC221F576A49.e.8365/clear - {}
RESULT: {}
COMMAND: POST /session/fefae731ffe12f9640dd1679bcba6cb2/element/f.260C0A6E86F32DC815D14290BCACE04C.d.D0D5DEC3D2AB81590311DC221F576A49.e.8365/value - {"text":"Unit"}
COMMAND: GET /session/fefae731ffe12f9640dd1679bcba6cb2/screenshot - {}
RESULT: {"text":"Unit"}
COMMAND: GET /session/fefae731ffe12f9640dd1679bcba6cb2/screenshot - {}
RESULT: {}
RESULT: {}
COMMAND: POST /session/fefae731ffe12f9640dd1679bcba6cb2/actions - {"actions":[{"id":"action31","type":"key","parameters":{},"actions":[{"type":"keyDown","value":"î€‡"},{"type":"pause","duration":10},{"type":"keyUp","value":"î€‡"}]}]}
RESULT: {"actions":[{"id":"action31","type":"key","parameters":{},"actions":[{"type":"keyDown","value":"î€‡"},{"type":"pause","duration":10},{"type":"keyUp","value":"î€‡"}]}]}
COMMAND: POST /session/fefae731ffe12f9640dd1679bcba6cb2/element - {"using":"xpath","value":"//input[@id=\"application-managesites-display-component---NewSite--addressDetailDetailsYard-inner\"]"}
COMMAND: GET /session/fefae731ffe12f9640dd1679bcba6cb2/screenshot - {}
RESULT: {"using":"xpath","value":"//input[@id=\"application-managesites-display-component---NewSite--addressDetailDetailsYard-inner\"]"}
COMMAND: POST /session/fefae731ffe12f9640dd1679bcba6cb2/element/f.260C0A6E86F32DC815D14290BCACE04C.d.D0D5DEC3D2AB81590311DC221F576A49.e.8366/clear - {}
RESULT: {}
RESULT: {}
COMMAND: POST /session/fefae731ffe12f9640dd1679bcba6cb2/element/f.260C0A6E86F32DC815D14290BCACE04C.d.D0D5DEC3D2AB81590311DC221F576A49.e.8366/value - {"text":"310"}
COMMAND: GET /session/fefae731ffe12f9640dd1679bcba6cb2/screenshot - {}
RESULT: {"text":"310"}
COMMAND: GET /session/fefae731ffe12f9640dd1679bcba6cb2/screenshot - {}
RESULT: {}
RESULT: {}
COMMAND: POST /session/fefae731ffe12f9640dd1679bcba6cb2/element - {"using":"xpath","value":"//li[.//span[text()='310']]"}
RESULT: {"using":"xpath","value":"//li[.//span[text()='310']]"}
COMMAND: POST /session/fefae731ffe12f9640dd1679bcba6cb2/element/f.260C0A6E86F32DC815D14290BCACE04C.d.D0D5DEC3D2AB81590311DC221F576A49.e.8610/click - {}
RESULT: {}
COMMAND: GET /session/fefae731ffe12f9640dd1679bcba6cb2/screenshot - {}
RESULT: {}
COMMAND: POST /session/fefae731ffe12f9640dd1679bcba6cb2/element - {"using":"xpath","value":"//input[@id=\"application-managesites-display-component---NewSite--addressDetailDetailsPartner-inner\"]"}
RESULT: {"using":"xpath","value":"//input[@id=\"application-managesites-display-component---NewSite--addressDetailDetailsPartner-inner\"]"}
COMMAND: POST /session/fefae731ffe12f9640dd1679bcba6cb2/element - {"using":"xpath","value":"//input[@id=\"application-managesites-display-component---NewSite--addressDetailDetailsPartner-inner\"]"}
RESULT: {"using":"xpath","value":"//input[@id=\"application-managesites-display-component---NewSite--addressDetailDetailsPartner-inner\"]"}
COMMAND: POST /session/fefae731ffe12f9640dd1679bcba6cb2/element - {"using":"xpath","value":"//button[@data-kt=\"saveButton\"]"}
RESULT: {"using":"xpath","value":"//button[@data-kt=\"saveButton\"]"}
COMMAND: POST /session/fefae731ffe12f9640dd1679bcba6cb2/element/f.260C0A6E86F32DC815D14290BCACE04C.d.D0D5DEC3D2AB81590311DC221F576A49.e.8481/click - {}
RESULT: {}
COMMAND: GET /session/fefae731ffe12f9640dd1679bcba6cb2/screenshot - {}
RESULT: {}
COMMAND: POST /session/fefae731ffe12f9640dd1679bcba6cb2/element - {"using":"xpath","value":"//header[contains(@id, 'ObjectPageLayout-headerTitle')]/div[1]/div[2]/div[2]/span[1]"}
RESULT: {"using":"xpath","value":"//header[contains(@id, 'ObjectPageLayout-headerTitle')]/div[1]/div[2]/div[2]/span[1]"}
COMMAND: POST /session/fefae731ffe12f9640dd1679bcba6cb2/elements - {"using":"xpath","value":"//header[contains(@id, 'ObjectPageLayout-headerTitle')]/div[1]/div[2]/div[2]/span[1]"}
RESULT: {"using":"xpath","value":"//header[contains(@id, 'ObjectPageLayout-headerTitle')]/div[1]/div[2]/div[2]/span[1]"}
COMMAND: POST /session/fefae731ffe12f9640dd1679bcba6cb2/execute/sync - {"script":"<script> [56 bytes]","args":[{"element-6066-11e4-a52e-4f735466cecf":"f.260C0A6E86F32DC815D14290BCACE04C.d.D0D5DEC3D2AB81590311DC221F576A49.e.8815","ELEMENT":"f.260C0A6E86F32DC815D14290BCACE04C.d.D0D5DEC3D2AB81590311DC221F576A49.e.8815"}]}
RESULT: {"script":"<script> [56 bytes]","args":[{"element-6066-11e4-a52e-4f735466cecf":"f.260C0A6E86F32DC815D14290BCACE04C.d.D0D5DEC3D2AB81590311DC221F576A49.e.8815","ELEMENT":"f.260C0A6E86F32DC815D14290BCACE04C.d.D0D5DEC3D2AB81590311DC221F576A49.e.8815"}]}
COMMAND: POST /session/fefae731ffe12f9640dd1679bcba6cb2/element - {"using":"css selector","value":"#shell-header-logo"}
COMMAND: GET /session/fefae731ffe12f9640dd1679bcba6cb2/screenshot - {}
RESULT: {"using":"css selector","value":"#shell-header-logo"}
COMMAND: POST /session/fefae731ffe12f9640dd1679bcba6cb2/element/f.260C0A6E86F32DC815D14290BCACE04C.d.D0D5DEC3D2AB81590311DC221F576A49.e.8116/click - {}
RESULT: {}
RESULT: {}
COMMAND: GET /session/fefae731ffe12f9640dd1679bcba6cb2/screenshot - {}
RESULT: {}
COMMAND: POST /session/fefae731ffe12f9640dd1679bcba6cb2/execute/sync - {"script":"<script> [299 bytes]","args":[["getModel","getResource"]]}
RESULT: {"script":"<script> [299 bytes]","args":[["getModel","getResource"]]}
COMMAND: POST /session/fefae731ffe12f9640dd1679bcba6cb2/actions - {"actions":[{"id":"action32","type":"key","parameters":{},"actions":[{"type":"keyDown","value":"î€‡"},{"type":"pause","duration":10},{"type":"keyUp","value":"î€‡"}]}]}
COMMAND: GET /session/fefae731ffe12f9640dd1679bcba6cb2/screenshot - {}
RESULT: {"actions":[{"id":"action32","type":"key","parameters":{},"actions":[{"type":"keyDown","value":"î€‡"},{"type":"pause","duration":10},{"type":"keyUp","value":"î€‡"}]}]}
COMMAND: GET /session/fefae731ffe12f9640dd1679bcba6cb2/screenshot - {}
RESULT: {}
RESULT: {}
COMMAND: POST /session/fefae731ffe12f9640dd1679bcba6cb2/refresh - {}
RESULT: {}
COMMAND: GET /session/fefae731ffe12f9640dd1679bcba6cb2/screenshot - {}
RESULT: {}
COMMAND: POST /session/fefae731ffe12f9640dd1679bcba6cb2/refresh - {}
RESULT: {}
COMMAND: GET /session/fefae731ffe12f9640dd1679bcba6cb2/screenshot - {}
COMMAND: POST /session/fefae731ffe12f9640dd1679bcba6cb2/window/fullscreen - {}
RESULT: {}
RESULT: {}
COMMAND: POST /session/fefae731ffe12f9640dd1679bcba6cb2/execute/async - {"script":"<script> [189 bytes]","args":[]}
RESULT: {"script":"<script> [189 bytes]","args":[]}
COMMAND: POST /session/fefae731ffe12f9640dd1679bcba6cb2/execute/async - {"script":"<script> [123 bytes]","args":[]}
RESULT: {"script":"<script> [123 bytes]","args":[]}
COMMAND: POST /session/fefae731ffe12f9640dd1679bcba6cb2/timeouts - {"script":"<number>"}
RESULT: {"script":"<number>"}
COMMAND: GET /session/fefae731ffe12f9640dd1679bcba6cb2/timeouts - {}
RESULT: {}
RESULT: undefined
COMMAND: POST /session/fefae731ffe12f9640dd1679bcba6cb2/execute/async - {"script":"<script> [2676 bytes]","args":[]}
RESULT: {"script":"<script> [2676 bytes]","args":[]}
COMMAND: POST /session/fefae731ffe12f9640dd1679bcba6cb2/execute/async - {"script":"<script> [2342 bytes]","args":[{"protocol":"http","hostname":"0.0.0.0","path":"/","capabilities":{"browserName":"chrome","goog:chromeOptions":{"binary":"C:\\Program Files\\Google\\Chrome\\Application\\chrome.exe","args":["--start-maximized"]}},"logLevel":"warn","connectionRetryTimeout":120000,"connectionRetryCount":3,"logLevels":{},"enableDirectConnect":true,"strictSSL":true,"_":"65 more keys: [\"cacheDir\",\"port\",\"requestedCapabilities\",\"automationProtocol\",\"baseUrl\",\"waitforInterval\",\"waitforTimeout\",\"onReload\",\"beforeCommand\",\"afterCommand\",\"rootDir\",\"specs\",\"suites\",\"exclude\",\"groupLogsByTestSpec\",\"excludeDriverLogs\",\"bail\",\"framework\",\"reporters\",\"services\",\"maxInstances\",\"maxInstancesPerCapability\",\"injectGlobals\",\"filesToWatch\",\"execArgv\",\"runnerEnv\",\"runner\",\"shard\",\"specFileRetries\",\"specFileRetriesDelay\",\"specFileRetriesDeferred\",\"reporterSyncInterval\",\"reporterSyncTimeout\",\"cucumberFeaturesWithLineNumbers\",\"autoCompileOpts\",\"mochaOpts\",\"jasmineOpts\",\"cucumberOpts\",\"onPrepare\",\"onWorkerStart\",\"onWorkerEnd\",\"before\",\"beforeSession\",\"beforeSuite\",\"beforeHook\",\"beforeTest\",\"afterTest\",\"afterHook\",\"afterSuite\",\"afterSession\",\"after\",\"onComplete\",\"beforeAssertion\",\"afterAssertion\",\"beforeFeature\",\"beforeScenario\",\"beforeStep\",\"afterStep\",\"afterScenario\",\"afterFeature\",\"_\",\"suite\",\"$0\",\"ignoredWorkerServices\",\"wdi5\"]"}]}
RESULT: {"script":"<script> [2342 bytes]","args":[{"protocol":"http","hostname":"0.0.0.0","path":"/","capabilities":{"browserName":"chrome","goog:chromeOptions":{"binary":"C:\\Program Files\\Google\\Chrome\\Application\\chrome.exe","args":["--start-maximized"]}},"logLevel":"warn","connectionRetryTimeout":120000,"connectionRetryCount":3,"logLevels":{},"enableDirectConnect":true,"strictSSL":true,"_":"65 more keys: [\"cacheDir\",\"port\",\"requestedCapabilities\",\"automationProtocol\",\"baseUrl\",\"waitforInterval\",\"waitforTimeout\",\"onReload\",\"beforeCommand\",\"afterCommand\",\"rootDir\",\"specs\",\"suites\",\"exclude\",\"groupLogsByTestSpec\",\"excludeDriverLogs\",\"bail\",\"framework\",\"reporters\",\"services\",\"maxInstances\",\"maxInstancesPerCapability\",\"injectGlobals\",\"filesToWatch\",\"execArgv\",\"runnerEnv\",\"runner\",\"shard\",\"specFileRetries\",\"specFileRetriesDelay\",\"specFileRetriesDeferred\",\"reporterSyncInterval\",\"reporterSyncTimeout\",\"cucumberFeaturesWithLineNumbers\",\"autoCompileOpts\",\"mochaOpts\",\"jasmineOpts\",\"cucumberOpts\",\"onPrepare\",\"onWorkerStart\",\"onWorkerEnd\",\"before\",\"beforeSession\",\"beforeSuite\",\"beforeHook\",\"beforeTest\",\"afterTest\",\"afterHook\",\"afterSuite\",\"afterSession\",\"after\",\"onComplete\",\"beforeAssertion\",\"afterAssertion\",\"beforeFeature\",\"beforeScenario\",\"beforeStep\",\"afterStep\",\"afterScenario\",\"afterFeature\",\"_\",\"suite\",\"$0\",\"ignoredWorkerServices\",\"wdi5\"]"}]}
COMMAND: POST /session/fefae731ffe12f9640dd1679bcba6cb2/execute/async - {"script":"<script> [21126 bytes]","args":[35000]}
RESULT: {"script":"<script> [21126 bytes]","args":[35000]}
COMMAND: POST /session/fefae731ffe12f9640dd1679bcba6cb2/window/fullscreen - {}
RESULT: {}
]]></system-out>
    </testcase>
    <testcase classname="chrome.136_0_7103_49.windows.Provide_to_Site_w/o_warehouse_management_w/_clarification_US116605" name="Should create a new material" time="125.07">
      <system-out><![CDATA[
COMMAND: POST /session/fefae731ffe12f9640dd1679bcba6cb2/execute/async - {"script":"<script> [1562 bytes]","args":[{"selector":{"controlType":"sap.m.GenericTile","properties":{"header":"Manage Resources"}},"wdio_ui5_key":"sapm.GenericTile{\"header\":\"Manage Resources\"}"}]}
RESULT: {"script":"<script> [1562 bytes]","args":[{"selector":{"controlType":"sap.m.GenericTile","properties":{"header":"Manage Resources"}},"wdio_ui5_key":"sapm.GenericTile{\"header\":\"Manage Resources\"}"}]}
RESULT: undefined
COMMAND: POST /session/fefae731ffe12f9640dd1679bcba6cb2/element - {"using":"xpath","value":"//*[@id=\"__tile31\"]"}
RESULT: {"using":"xpath","value":"//*[@id=\"__tile31\"]"}
COMMAND: POST /session/fefae731ffe12f9640dd1679bcba6cb2/element/f.260C0A6E86F32DC815D14290BCACE04C.d.7638E3761CA5A30D18073BA73524ED41.e.8884/click - {}
RESULT: {}
COMMAND: POST /session/fefae731ffe12f9640dd1679bcba6cb2/element - {"using":"xpath","value":"//button[@data-kt=\"addNewRUOverflowToolbarButton\"]"}
COMMAND: GET /session/fefae731ffe12f9640dd1679bcba6cb2/screenshot - {}
RESULT: {"using":"xpath","value":"//button[@data-kt=\"addNewRUOverflowToolbarButton\"]"}
COMMAND: POST /session/fefae731ffe12f9640dd1679bcba6cb2/elements - {"using":"xpath","value":"//button[@data-kt=\"addNewRUOverflowToolbarButton\"]"}
RESULT: {}
RESULT: {"using":"xpath","value":"//button[@data-kt=\"addNewRUOverflowToolbarButton\"]"}
COMMAND: POST /session/fefae731ffe12f9640dd1679bcba6cb2/elements - {"using":"xpath","value":"//button[@data-kt=\"addNewRUOverflowToolbarButton\"]"}
RESULT: {"using":"xpath","value":"//button[@data-kt=\"addNewRUOverflowToolbarButton\"]"}
COMMAND: POST /session/fefae731ffe12f9640dd1679bcba6cb2/elements - {"using":"xpath","value":"//button[@data-kt=\"addNewRUOverflowToolbarButton\"]"}
RESULT: {"using":"xpath","value":"//button[@data-kt=\"addNewRUOverflowToolbarButton\"]"}
COMMAND: POST /session/fefae731ffe12f9640dd1679bcba6cb2/elements - {"using":"xpath","value":"//button[@data-kt=\"addNewRUOverflowToolbarButton\"]"}
RESULT: {"using":"xpath","value":"//button[@data-kt=\"addNewRUOverflowToolbarButton\"]"}
COMMAND: POST /session/fefae731ffe12f9640dd1679bcba6cb2/elements - {"using":"xpath","value":"//button[@data-kt=\"addNewRUOverflowToolbarButton\"]"}
RESULT: {"using":"xpath","value":"//button[@data-kt=\"addNewRUOverflowToolbarButton\"]"}
COMMAND: POST /session/fefae731ffe12f9640dd1679bcba6cb2/elements - {"using":"xpath","value":"//button[@data-kt=\"addNewRUOverflowToolbarButton\"]"}
RESULT: {"using":"xpath","value":"//button[@data-kt=\"addNewRUOverflowToolbarButton\"]"}
COMMAND: POST /session/fefae731ffe12f9640dd1679bcba6cb2/elements - {"using":"xpath","value":"//button[@data-kt=\"addNewRUOverflowToolbarButton\"]"}
RESULT: {"using":"xpath","value":"//button[@data-kt=\"addNewRUOverflowToolbarButton\"]"}
COMMAND: POST /session/fefae731ffe12f9640dd1679bcba6cb2/elements - {"using":"xpath","value":"//button[@data-kt=\"addNewRUOverflowToolbarButton\"]"}
RESULT: {"using":"xpath","value":"//button[@data-kt=\"addNewRUOverflowToolbarButton\"]"}
COMMAND: POST /session/fefae731ffe12f9640dd1679bcba6cb2/elements - {"using":"xpath","value":"//button[@data-kt=\"addNewRUOverflowToolbarButton\"]"}
RESULT: {"using":"xpath","value":"//button[@data-kt=\"addNewRUOverflowToolbarButton\"]"}
COMMAND: POST /session/fefae731ffe12f9640dd1679bcba6cb2/elements - {"using":"xpath","value":"//button[@data-kt=\"addNewRUOverflowToolbarButton\"]"}
RESULT: {"using":"xpath","value":"//button[@data-kt=\"addNewRUOverflowToolbarButton\"]"}
COMMAND: POST /session/fefae731ffe12f9640dd1679bcba6cb2/elements - {"using":"xpath","value":"//button[@data-kt=\"addNewRUOverflowToolbarButton\"]"}
RESULT: {"using":"xpath","value":"//button[@data-kt=\"addNewRUOverflowToolbarButton\"]"}
COMMAND: POST /session/fefae731ffe12f9640dd1679bcba6cb2/elements - {"using":"xpath","value":"//button[@data-kt=\"addNewRUOverflowToolbarButton\"]"}
RESULT: {"using":"xpath","value":"//button[@data-kt=\"addNewRUOverflowToolbarButton\"]"}
COMMAND: POST /session/fefae731ffe12f9640dd1679bcba6cb2/elements - {"using":"xpath","value":"//button[@data-kt=\"addNewRUOverflowToolbarButton\"]"}
RESULT: {"using":"xpath","value":"//button[@data-kt=\"addNewRUOverflowToolbarButton\"]"}
COMMAND: POST /session/fefae731ffe12f9640dd1679bcba6cb2/elements - {"using":"xpath","value":"//button[@data-kt=\"addNewRUOverflowToolbarButton\"]"}
RESULT: {"using":"xpath","value":"//button[@data-kt=\"addNewRUOverflowToolbarButton\"]"}
COMMAND: POST /session/fefae731ffe12f9640dd1679bcba6cb2/elements - {"using":"xpath","value":"//button[@data-kt=\"addNewRUOverflowToolbarButton\"]"}
RESULT: {"using":"xpath","value":"//button[@data-kt=\"addNewRUOverflowToolbarButton\"]"}
COMMAND: POST /session/fefae731ffe12f9640dd1679bcba6cb2/elements - {"using":"xpath","value":"//button[@data-kt=\"addNewRUOverflowToolbarButton\"]"}
RESULT: {"using":"xpath","value":"//button[@data-kt=\"addNewRUOverflowToolbarButton\"]"}
COMMAND: POST /session/fefae731ffe12f9640dd1679bcba6cb2/elements - {"using":"xpath","value":"//button[@data-kt=\"addNewRUOverflowToolbarButton\"]"}
RESULT: {"using":"xpath","value":"//button[@data-kt=\"addNewRUOverflowToolbarButton\"]"}
COMMAND: POST /session/fefae731ffe12f9640dd1679bcba6cb2/elements - {"using":"xpath","value":"//button[@data-kt=\"addNewRUOverflowToolbarButton\"]"}
RESULT: {"using":"xpath","value":"//button[@data-kt=\"addNewRUOverflowToolbarButton\"]"}
COMMAND: POST /session/fefae731ffe12f9640dd1679bcba6cb2/elements - {"using":"xpath","value":"//button[@data-kt=\"addNewRUOverflowToolbarButton\"]"}
RESULT: {"using":"xpath","value":"//button[@data-kt=\"addNewRUOverflowToolbarButton\"]"}
COMMAND: POST /session/fefae731ffe12f9640dd1679bcba6cb2/elements - {"using":"xpath","value":"//button[@data-kt=\"addNewRUOverflowToolbarButton\"]"}
RESULT: {"using":"xpath","value":"//button[@data-kt=\"addNewRUOverflowToolbarButton\"]"}
COMMAND: POST /session/fefae731ffe12f9640dd1679bcba6cb2/elements - {"using":"xpath","value":"//button[@data-kt=\"addNewRUOverflowToolbarButton\"]"}
RESULT: {"using":"xpath","value":"//button[@data-kt=\"addNewRUOverflowToolbarButton\"]"}
COMMAND: POST /session/fefae731ffe12f9640dd1679bcba6cb2/elements - {"using":"xpath","value":"//button[@data-kt=\"addNewRUOverflowToolbarButton\"]"}
RESULT: {"using":"xpath","value":"//button[@data-kt=\"addNewRUOverflowToolbarButton\"]"}
COMMAND: POST /session/fefae731ffe12f9640dd1679bcba6cb2/elements - {"using":"xpath","value":"//button[@data-kt=\"addNewRUOverflowToolbarButton\"]"}
RESULT: {"using":"xpath","value":"//button[@data-kt=\"addNewRUOverflowToolbarButton\"]"}
COMMAND: POST /session/fefae731ffe12f9640dd1679bcba6cb2/elements - {"using":"xpath","value":"//button[@data-kt=\"addNewRUOverflowToolbarButton\"]"}
RESULT: {"using":"xpath","value":"//button[@data-kt=\"addNewRUOverflowToolbarButton\"]"}
COMMAND: POST /session/fefae731ffe12f9640dd1679bcba6cb2/elements - {"using":"xpath","value":"//button[@data-kt=\"addNewRUOverflowToolbarButton\"]"}
RESULT: {"using":"xpath","value":"//button[@data-kt=\"addNewRUOverflowToolbarButton\"]"}
COMMAND: POST /session/fefae731ffe12f9640dd1679bcba6cb2/elements - {"using":"xpath","value":"//button[@data-kt=\"addNewRUOverflowToolbarButton\"]"}
RESULT: {"using":"xpath","value":"//button[@data-kt=\"addNewRUOverflowToolbarButton\"]"}
COMMAND: POST /session/fefae731ffe12f9640dd1679bcba6cb2/element - {"using":"xpath","value":"//button[@data-kt=\"addNewRUOverflowToolbarButton\"]"}
RESULT: {"using":"xpath","value":"//button[@data-kt=\"addNewRUOverflowToolbarButton\"]"}
COMMAND: POST /session/fefae731ffe12f9640dd1679bcba6cb2/execute/sync - {"script":"<script> [8489 bytes]","args":[{"element-6066-11e4-a52e-4f735466cecf":"f.260C0A6E86F32DC815D14290BCACE04C.d.7638E3761CA5A30D18073BA73524ED41.e.8985","ELEMENT":"f.260C0A6E86F32DC815D14290BCACE04C.d.7638E3761CA5A30D18073BA73524ED41.e.8985"}]}
RESULT: {"script":"<script> [8489 bytes]","args":[{"element-6066-11e4-a52e-4f735466cecf":"f.260C0A6E86F32DC815D14290BCACE04C.d.7638E3761CA5A30D18073BA73524ED41.e.8985","ELEMENT":"f.260C0A6E86F32DC815D14290BCACE04C.d.7638E3761CA5A30D18073BA73524ED41.e.8985"}]}
COMMAND: GET /session/fefae731ffe12f9640dd1679bcba6cb2/element/f.260C0A6E86F32DC815D14290BCACE04C.d.7638E3761CA5A30D18073BA73524ED41.e.8985/enabled - {}
COMMAND: GET /session/fefae731ffe12f9640dd1679bcba6cb2/screenshot - {}
RESULT: {}
COMMAND: POST /session/fefae731ffe12f9640dd1679bcba6cb2/execute/sync - {"script":"<script> [8489 bytes]","args":[{"element-6066-11e4-a52e-4f735466cecf":"f.260C0A6E86F32DC815D14290BCACE04C.d.7638E3761CA5A30D18073BA73524ED41.e.8985","ELEMENT":"f.260C0A6E86F32DC815D14290BCACE04C.d.7638E3761CA5A30D18073BA73524ED41.e.8985"}]}
COMMAND: GET /session/fefae731ffe12f9640dd1679bcba6cb2/screenshot - {}
RESULT: {}
RESULT: {"script":"<script> [8489 bytes]","args":[{"element-6066-11e4-a52e-4f735466cecf":"f.260C0A6E86F32DC815D14290BCACE04C.d.7638E3761CA5A30D18073BA73524ED41.e.8985","ELEMENT":"f.260C0A6E86F32DC815D14290BCACE04C.d.7638E3761CA5A30D18073BA73524ED41.e.8985"}]}
COMMAND: POST /session/fefae731ffe12f9640dd1679bcba6cb2/execute/sync - {"script":"<script> [5351 bytes]","args":[{"element-6066-11e4-a52e-4f735466cecf":"f.260C0A6E86F32DC815D14290BCACE04C.d.7638E3761CA5A30D18073BA73524ED41.e.8985","ELEMENT":"f.260C0A6E86F32DC815D14290BCACE04C.d.7638E3761CA5A30D18073BA73524ED41.e.8985"}]}
COMMAND: GET /session/fefae731ffe12f9640dd1679bcba6cb2/screenshot - {}
RESULT: {}
RESULT: {"script":"<script> [5351 bytes]","args":[{"element-6066-11e4-a52e-4f735466cecf":"f.260C0A6E86F32DC815D14290BCACE04C.d.7638E3761CA5A30D18073BA73524ED41.e.8985","ELEMENT":"f.260C0A6E86F32DC815D14290BCACE04C.d.7638E3761CA5A30D18073BA73524ED41.e.8985"}]}
COMMAND: POST /session/fefae731ffe12f9640dd1679bcba6cb2/element/f.260C0A6E86F32DC815D14290BCACE04C.d.7638E3761CA5A30D18073BA73524ED41.e.8985/click - {}
COMMAND: GET /session/fefae731ffe12f9640dd1679bcba6cb2/screenshot - {}
RESULT: {}
RESULT: {}
COMMAND: GET /session/fefae731ffe12f9640dd1679bcba6cb2/screenshot - {}
RESULT: {}
RESULT: {}
COMMAND: POST /session/fefae731ffe12f9640dd1679bcba6cb2/execute/async - {"script":"<script> [1562 bytes]","args":[{"selector":{"id":"application-manageresources-display-component---newResourceUnit--TYPE-arrow"},"wdio_ui5_key":"applicationmanageresources-display-component---newResourceUnit--TYPE-arrow"}]}
RESULT: {"script":"<script> [1562 bytes]","args":[{"selector":{"id":"application-manageresources-display-component---newResourceUnit--TYPE-arrow"},"wdio_ui5_key":"applicationmanageresources-display-component---newResourceUnit--TYPE-arrow"}]}
RESULT: undefined
COMMAND: POST /session/fefae731ffe12f9640dd1679bcba6cb2/element - {"using":"xpath","value":"//*[@id=\"application-manageresources-display-component---newResourceUnit--TYPE-arrow\"]"}
RESULT: {"using":"xpath","value":"//*[@id=\"application-manageresources-display-component---newResourceUnit--TYPE-arrow\"]"}
COMMAND: POST /session/fefae731ffe12f9640dd1679bcba6cb2/element/f.260C0A6E86F32DC815D14290BCACE04C.d.7638E3761CA5A30D18073BA73524ED41.e.9341/click - {}
RESULT: {}
COMMAND: POST /session/fefae731ffe12f9640dd1679bcba6cb2/element - {"using":"xpath","value":"//input[@id=\"application-manageresources-display-component---newResourceUnit--TYPE-inner\"]"}
COMMAND: GET /session/fefae731ffe12f9640dd1679bcba6cb2/screenshot - {}
RESULT: {"using":"xpath","value":"//input[@id=\"application-manageresources-display-component---newResourceUnit--TYPE-inner\"]"}
COMMAND: POST /session/fefae731ffe12f9640dd1679bcba6cb2/element/f.260C0A6E86F32DC815D14290BCACE04C.d.7638E3761CA5A30D18073BA73524ED41.e.9337/clear - {}
RESULT: {}
RESULT: {}
COMMAND: POST /session/fefae731ffe12f9640dd1679bcba6cb2/element/f.260C0A6E86F32DC815D14290BCACE04C.d.7638E3761CA5A30D18073BA73524ED41.e.9337/value - {"text":"Material"}
COMMAND: GET /session/fefae731ffe12f9640dd1679bcba6cb2/screenshot - {}
RESULT: {"text":"Material"}
COMMAND: GET /session/fefae731ffe12f9640dd1679bcba6cb2/screenshot - {}
RESULT: {}
RESULT: {}
COMMAND: POST /session/fefae731ffe12f9640dd1679bcba6cb2/actions - {"actions":[{"id":"action33","type":"key","parameters":{},"actions":[{"type":"keyDown","value":"î€‡"},{"type":"pause","duration":10},{"type":"keyUp","value":"î€‡"}]}]}
RESULT: {"actions":[{"id":"action33","type":"key","parameters":{},"actions":[{"type":"keyDown","value":"î€‡"},{"type":"pause","duration":10},{"type":"keyUp","value":"î€‡"}]}]}
COMMAND: POST /session/fefae731ffe12f9640dd1679bcba6cb2/execute/async - {"script":"<script> [1562 bytes]","args":[{"selector":{"id":"application-manageresources-display-component---newResourceUnit--SHORT_TEXT","interaction":{"idSuffix":"inner"}},"wdio_ui5_key":"applicationmanageresources-display-component---newResourceUnit--SHORT_TEXT"}]}
COMMAND: GET /session/fefae731ffe12f9640dd1679bcba6cb2/screenshot - {}
RESULT: {"script":"<script> [1562 bytes]","args":[{"selector":{"id":"application-manageresources-display-component---newResourceUnit--SHORT_TEXT","interaction":{"idSuffix":"inner"}},"wdio_ui5_key":"applicationmanageresources-display-component---newResourceUnit--SHORT_TEXT"}]}
RESULT: undefined
COMMAND: POST /session/fefae731ffe12f9640dd1679bcba6cb2/execute/async - {"script":"<script> [776 bytes]","args":[{"enterText":"Cement WDIO","selector":{"id":"application-manageresources-display-component---newResourceUnit--SHORT_TEXT","interaction":{"idSuffix":"inner"}},"clearTextFirst":true,"interactionType":"ENTER_TEXT"}]}
RESULT: {}
RESULT: {"script":"<script> [776 bytes]","args":[{"enterText":"Cement WDIO","selector":{"id":"application-manageresources-display-component---newResourceUnit--SHORT_TEXT","interaction":{"idSuffix":"inner"}},"clearTextFirst":true,"interactionType":"ENTER_TEXT"}]}
COMMAND: POST /session/fefae731ffe12f9640dd1679bcba6cb2/execute/async - {"script":"<script> [1562 bytes]","args":[{"selector":{"id":"application-manageresources-display-component---newResourceUnit--BASE_UNIT_OF_MEASURE","interaction":{"idSuffix":"inner"}},"wdio_ui5_key":"applicationmanageresources-display-component---newResourceUnit--BASE_UNIT_OF_MEASURE"}]}
RESULT: {"script":"<script> [1562 bytes]","args":[{"selector":{"id":"application-manageresources-display-component---newResourceUnit--BASE_UNIT_OF_MEASURE","interaction":{"idSuffix":"inner"}},"wdio_ui5_key":"applicationmanageresources-display-component---newResourceUnit--BASE_UNIT_OF_MEASURE"}]}
RESULT: undefined
COMMAND: POST /session/fefae731ffe12f9640dd1679bcba6cb2/execute/async - {"script":"<script> [776 bytes]","args":[{"enterText":"Piece","selector":{"id":"application-manageresources-display-component---newResourceUnit--BASE_UNIT_OF_MEASURE","interaction":{"idSuffix":"inner"}},"clearTextFirst":true,"interactionType":"ENTER_TEXT"}]}
RESULT: {"script":"<script> [776 bytes]","args":[{"enterText":"Piece","selector":{"id":"application-manageresources-display-component---newResourceUnit--BASE_UNIT_OF_MEASURE","interaction":{"idSuffix":"inner"}},"clearTextFirst":true,"interactionType":"ENTER_TEXT"}]}
COMMAND: POST /session/fefae731ffe12f9640dd1679bcba6cb2/execute/async - {"script":"<script> [1562 bytes]","args":[{"selector":{"id":"application-manageresources-display-component---newResourceUnit--WEIGHT_UNIT","interaction":{"idSuffix":"inner"}},"wdio_ui5_key":"applicationmanageresources-display-component---newResourceUnit--WEIGHT_UNIT"}]}
RESULT: {"script":"<script> [1562 bytes]","args":[{"selector":{"id":"application-manageresources-display-component---newResourceUnit--WEIGHT_UNIT","interaction":{"idSuffix":"inner"}},"wdio_ui5_key":"applicationmanageresources-display-component---newResourceUnit--WEIGHT_UNIT"}]}
RESULT: undefined
COMMAND: POST /session/fefae731ffe12f9640dd1679bcba6cb2/execute/async - {"script":"<script> [776 bytes]","args":[{"enterText":"Gram","selector":{"id":"application-manageresources-display-component---newResourceUnit--WEIGHT_UNIT","interaction":{"idSuffix":"inner"}},"clearTextFirst":true,"interactionType":"ENTER_TEXT"}]}
RESULT: {"script":"<script> [776 bytes]","args":[{"enterText":"Gram","selector":{"id":"application-manageresources-display-component---newResourceUnit--WEIGHT_UNIT","interaction":{"idSuffix":"inner"}},"clearTextFirst":true,"interactionType":"ENTER_TEXT"}]}
COMMAND: POST /session/fefae731ffe12f9640dd1679bcba6cb2/execute/async - {"script":"<script> [1562 bytes]","args":[{"selector":{"id":"application-manageresources-display-component---newResourceUnit--DIMENSION_UNIT","interaction":{"idSuffix":"inner"}},"wdio_ui5_key":"applicationmanageresources-display-component---newResourceUnit--DIMENSION_UNIT"}]}
RESULT: {"script":"<script> [1562 bytes]","args":[{"selector":{"id":"application-manageresources-display-component---newResourceUnit--DIMENSION_UNIT","interaction":{"idSuffix":"inner"}},"wdio_ui5_key":"applicationmanageresources-display-component---newResourceUnit--DIMENSION_UNIT"}]}
RESULT: undefined
COMMAND: POST /session/fefae731ffe12f9640dd1679bcba6cb2/execute/async - {"script":"<script> [776 bytes]","args":[{"enterText":"Meter","selector":{"id":"application-manageresources-display-component---newResourceUnit--DIMENSION_UNIT","interaction":{"idSuffix":"inner"}},"clearTextFirst":true,"interactionType":"ENTER_TEXT"}]}
RESULT: {"script":"<script> [776 bytes]","args":[{"enterText":"Meter","selector":{"id":"application-manageresources-display-component---newResourceUnit--DIMENSION_UNIT","interaction":{"idSuffix":"inner"}},"clearTextFirst":true,"interactionType":"ENTER_TEXT"}]}
COMMAND: POST /session/fefae731ffe12f9640dd1679bcba6cb2/execute/async - {"script":"<script> [1562 bytes]","args":[{"selector":{"id":"application-manageresources-display-component---newResourceUnit--newRRUPage-anchBar-application-manageresources-display-component---newResourceUnit--control-anchor","interaction":{"idSuffix":"BDI-content"}},"wdio_ui5_key":"applicationmanageresources-display-component---newResourceUnit--newRRUPage-anchBar-application-manageresources-display-component---newResourceUnit--control-anchor"}]}
RESULT: {"script":"<script> [1562 bytes]","args":[{"selector":{"id":"application-manageresources-display-component---newResourceUnit--newRRUPage-anchBar-application-manageresources-display-component---newResourceUnit--control-anchor","interaction":{"idSuffix":"BDI-content"}},"wdio_ui5_key":"applicationmanageresources-display-component---newResourceUnit--newRRUPage-anchBar-application-manageresources-display-component---newResourceUnit--control-anchor"}]}
RESULT: undefined
COMMAND: POST /session/fefae731ffe12f9640dd1679bcba6cb2/element - {"using":"xpath","value":"//*[@id=\"application-manageresources-display-component---newResourceUnit--newRRUPage-anchBar-application-manageresources-display-component---newResourceUnit--control-anchor\"]"}
RESULT: {"using":"xpath","value":"//*[@id=\"application-manageresources-display-component---newResourceUnit--newRRUPage-anchBar-application-manageresources-display-component---newResourceUnit--control-anchor\"]"}
COMMAND: POST /session/fefae731ffe12f9640dd1679bcba6cb2/element/f.260C0A6E86F32DC815D14290BCACE04C.d.7638E3761CA5A30D18073BA73524ED41.e.9408/click - {}
RESULT: {}
COMMAND: POST /session/fefae731ffe12f9640dd1679bcba6cb2/execute/async - {"script":"<script> [1562 bytes]","args":[{"selector":{"id":"application-manageresources-display-component---newResourceUnit--PLANNING_GROUP","interaction":{"idSuffix":"inner"}},"wdio_ui5_key":"applicationmanageresources-display-component---newResourceUnit--PLANNING_GROUP"}]}
COMMAND: GET /session/fefae731ffe12f9640dd1679bcba6cb2/screenshot - {}
RESULT: {"script":"<script> [1562 bytes]","args":[{"selector":{"id":"application-manageresources-display-component---newResourceUnit--PLANNING_GROUP","interaction":{"idSuffix":"inner"}},"wdio_ui5_key":"applicationmanageresources-display-component---newResourceUnit--PLANNING_GROUP"}]}
RESULT: undefined
COMMAND: POST /session/fefae731ffe12f9640dd1679bcba6cb2/execute/async - {"script":"<script> [776 bytes]","args":[{"enterText":"Material","selector":{"id":"application-manageresources-display-component---newResourceUnit--PLANNING_GROUP","interaction":{"idSuffix":"inner"}},"clearTextFirst":true,"interactionType":"ENTER_TEXT"}]}
RESULT: {}
RESULT: {"script":"<script> [776 bytes]","args":[{"enterText":"Material","selector":{"id":"application-manageresources-display-component---newResourceUnit--PLANNING_GROUP","interaction":{"idSuffix":"inner"}},"clearTextFirst":true,"interactionType":"ENTER_TEXT"}]}
COMMAND: POST /session/fefae731ffe12f9640dd1679bcba6cb2/execute/async - {"script":"<script> [1562 bytes]","args":[{"selector":{"id":"application-manageresources-display-component---newResourceUnit--PLANNING_INDICATOR","interaction":{"idSuffix":"inner"}},"wdio_ui5_key":"applicationmanageresources-display-component---newResourceUnit--PLANNING_INDICATOR"}]}
RESULT: {"script":"<script> [1562 bytes]","args":[{"selector":{"id":"application-manageresources-display-component---newResourceUnit--PLANNING_INDICATOR","interaction":{"idSuffix":"inner"}},"wdio_ui5_key":"applicationmanageresources-display-component---newResourceUnit--PLANNING_INDICATOR"}]}
RESULT: undefined
COMMAND: POST /session/fefae731ffe12f9640dd1679bcba6cb2/execute/async - {"script":"<script> [776 bytes]","args":[{"enterText":"10 - infinite","selector":{"id":"application-manageresources-display-component---newResourceUnit--PLANNING_INDICATOR","interaction":{"idSuffix":"inner"}},"clearTextFirst":true,"interactionType":"ENTER_TEXT"}]}
RESULT: {"script":"<script> [776 bytes]","args":[{"enterText":"10 - infinite","selector":{"id":"application-manageresources-display-component---newResourceUnit--PLANNING_INDICATOR","interaction":{"idSuffix":"inner"}},"clearTextFirst":true,"interactionType":"ENTER_TEXT"}]}
COMMAND: POST /session/fefae731ffe12f9640dd1679bcba6cb2/element - {"using":"css selector","value":"#application-manageresources-display-component---newResourceUnit--btnAddTimeSegment"}
RESULT: {"using":"css selector","value":"#application-manageresources-display-component---newResourceUnit--btnAddTimeSegment"}
COMMAND: GET /session/fefae731ffe12f9640dd1679bcba6cb2/element/f.260C0A6E86F32DC815D14290BCACE04C.d.7638E3761CA5A30D18073BA73524ED41.e.9418/rect - {}
RESULT: {}
COMMAND: GET /session/fefae731ffe12f9640dd1679bcba6cb2/window/rect - {}
RESULT: {}
COMMAND: POST /session/fefae731ffe12f9640dd1679bcba6cb2/execute/sync - {"script":"<script> [92 bytes]","args":[]}
RESULT: {"script":"<script> [92 bytes]","args":[]}
COMMAND: POST /session/fefae731ffe12f9640dd1679bcba6cb2/actions - {"actions":[{"id":"action34","type":"wheel","parameters":{},"actions":[{"type":"scroll","x":-1888,"y":-32,"deltaX":0,"deltaY":0,"duration":0,"origin":{"element-6066-11e4-a52e-4f735466cecf":"f.260C0A6E86F32DC815D14290BCACE04C.d.7638E3761CA5A30D18073BA73524ED41.e.9418"}}]}]}
COMMAND: GET /session/fefae731ffe12f9640dd1679bcba6cb2/screenshot - {}
RESULT: {}
COMMAND: POST /session/fefae731ffe12f9640dd1679bcba6cb2/execute/sync - {"script":"<script> [79 bytes]","args":[{"element-6066-11e4-a52e-4f735466cecf":"f.260C0A6E86F32DC815D14290BCACE04C.d.7638E3761CA5A30D18073BA73524ED41.e.9418","ELEMENT":"f.260C0A6E86F32DC815D14290BCACE04C.d.7638E3761CA5A30D18073BA73524ED41.e.9418"},{"block":"start","inline":"nearest"}]}
RESULT: {"script":"<script> [79 bytes]","args":[{"element-6066-11e4-a52e-4f735466cecf":"f.260C0A6E86F32DC815D14290BCACE04C.d.7638E3761CA5A30D18073BA73524ED41.e.9418","ELEMENT":"f.260C0A6E86F32DC815D14290BCACE04C.d.7638E3761CA5A30D18073BA73524ED41.e.9418"},{"block":"start","inline":"nearest"}]}
COMMAND: POST /session/fefae731ffe12f9640dd1679bcba6cb2/execute/async - {"script":"<script> [1562 bytes]","args":[{"selector":{"id":"application-manageresources-display-component---newResourceUnit--btnAddTimeSegment","interaction":{"idSuffix":"inner"}},"wdio_ui5_key":"applicationmanageresources-display-component---newResourceUnit--btnAddTimeSegment"}]}
COMMAND: GET /session/fefae731ffe12f9640dd1679bcba6cb2/screenshot - {}
RESULT: {"script":"<script> [1562 bytes]","args":[{"selector":{"id":"application-manageresources-display-component---newResourceUnit--btnAddTimeSegment","interaction":{"idSuffix":"inner"}},"wdio_ui5_key":"applicationmanageresources-display-component---newResourceUnit--btnAddTimeSegment"}]}
RESULT: undefined
COMMAND: POST /session/fefae731ffe12f9640dd1679bcba6cb2/element - {"using":"xpath","value":"//*[@id=\"application-manageresources-display-component---newResourceUnit--btnAddTimeSegment\"]"}
RESULT: {}
RESULT: {"using":"xpath","value":"//*[@id=\"application-manageresources-display-component---newResourceUnit--btnAddTimeSegment\"]"}
COMMAND: POST /session/fefae731ffe12f9640dd1679bcba6cb2/element/f.260C0A6E86F32DC815D14290BCACE04C.d.7638E3761CA5A30D18073BA73524ED41.e.9418/click - {}
RESULT: {}
COMMAND: GET /session/fefae731ffe12f9640dd1679bcba6cb2/screenshot - {}
RESULT: {}
COMMAND: POST /session/fefae731ffe12f9640dd1679bcba6cb2/element - {"using":"xpath","value":"//input[@id=\"application-manageresources-display-component---newResourceUnit--idRuTSAdmin-application-manageresources-display-component---newResourceUnit--RUTimeSegment-0-inner\"]"}
RESULT: {"using":"xpath","value":"//input[@id=\"application-manageresources-display-component---newResourceUnit--idRuTSAdmin-application-manageresources-display-component---newResourceUnit--RUTimeSegment-0-inner\"]"}
COMMAND: POST /session/fefae731ffe12f9640dd1679bcba6cb2/element/f.260C0A6E86F32DC815D14290BCACE04C.d.7638E3761CA5A30D18073BA73524ED41.e.9423/clear - {}
RESULT: {}
COMMAND: POST /session/fefae731ffe12f9640dd1679bcba6cb2/element/f.260C0A6E86F32DC815D14290BCACE04C.d.7638E3761CA5A30D18073BA73524ED41.e.9423/value - {"text":"310"}
COMMAND: GET /session/fefae731ffe12f9640dd1679bcba6cb2/screenshot - {}
RESULT: {"text":"310"}
COMMAND: GET /session/fefae731ffe12f9640dd1679bcba6cb2/screenshot - {}
RESULT: {}
RESULT: {}
COMMAND: POST /session/fefae731ffe12f9640dd1679bcba6cb2/element - {"using":"xpath","value":"//li[.//span[text()='310']]"}
RESULT: {"using":"xpath","value":"//li[.//span[text()='310']]"}
COMMAND: POST /session/fefae731ffe12f9640dd1679bcba6cb2/element/f.260C0A6E86F32DC815D14290BCACE04C.d.7638E3761CA5A30D18073BA73524ED41.e.9432/click - {}
RESULT: {}
COMMAND: GET /session/fefae731ffe12f9640dd1679bcba6cb2/screenshot - {}
RESULT: {}
COMMAND: POST /session/fefae731ffe12f9640dd1679bcba6cb2/element - {"using":"xpath","value":"(//span[contains(@id, \"-application-manageresources-display-component---newResourceUnit--RUTimeSegment-0-arrow\")])[2]"}
RESULT: {"using":"xpath","value":"(//span[contains(@id, \"-application-manageresources-display-component---newResourceUnit--RUTimeSegment-0-arrow\")])[2]"}
COMMAND: POST /session/fefae731ffe12f9640dd1679bcba6cb2/element/f.260C0A6E86F32DC815D14290BCACE04C.d.7638E3761CA5A30D18073BA73524ED41.e.9433/click - {}
RESULT: {}
COMMAND: POST /session/fefae731ffe12f9640dd1679bcba6cb2/element - {"using":"xpath","value":"//span[contains(text(), \"PM Order\")]"}
COMMAND: GET /session/fefae731ffe12f9640dd1679bcba6cb2/screenshot - {}
RESULT: {}
RESULT: {"using":"xpath","value":"//span[contains(text(), \"PM Order\")]"}
COMMAND: POST /session/fefae731ffe12f9640dd1679bcba6cb2/element/f.260C0A6E86F32DC815D14290BCACE04C.d.7638E3761CA5A30D18073BA73524ED41.e.9434/click - {}
RESULT: {}
COMMAND: GET /session/fefae731ffe12f9640dd1679bcba6cb2/screenshot - {}
COMMAND: POST /session/fefae731ffe12f9640dd1679bcba6cb2/element - {"using":"xpath","value":"//td/div/div/div/span[contains(@id, \"newResourceUnit--RUTimeSegment-0-vhi\")][1]"}
RESULT: {}
RESULT: {"using":"xpath","value":"//td/div/div/div/span[contains(@id, \"newResourceUnit--RUTimeSegment-0-vhi\")][1]"}
COMMAND: POST /session/fefae731ffe12f9640dd1679bcba6cb2/elements - {"using":"xpath","value":"//td/div/div/div/span[contains(@id, \"newResourceUnit--RUTimeSegment-0-vhi\")][1]"}
RESULT: {"using":"xpath","value":"//td/div/div/div/span[contains(@id, \"newResourceUnit--RUTimeSegment-0-vhi\")][1]"}
COMMAND: POST /session/fefae731ffe12f9640dd1679bcba6cb2/elements - {"using":"xpath","value":"//td/div/div/div/span[contains(@id, \"newResourceUnit--RUTimeSegment-0-vhi\")][1]"}
RESULT: {"using":"xpath","value":"//td/div/div/div/span[contains(@id, \"newResourceUnit--RUTimeSegment-0-vhi\")][1]"}
COMMAND: POST /session/fefae731ffe12f9640dd1679bcba6cb2/elements - {"using":"xpath","value":"//td/div/div/div/span[contains(@id, \"newResourceUnit--RUTimeSegment-0-vhi\")][1]"}
RESULT: {"using":"xpath","value":"//td/div/div/div/span[contains(@id, \"newResourceUnit--RUTimeSegment-0-vhi\")][1]"}
COMMAND: POST /session/fefae731ffe12f9640dd1679bcba6cb2/element - {"using":"xpath","value":"//td/div/div/div/span[contains(@id, \"newResourceUnit--RUTimeSegment-0-vhi\")][1]"}
RESULT: {"using":"xpath","value":"//td/div/div/div/span[contains(@id, \"newResourceUnit--RUTimeSegment-0-vhi\")][1]"}
COMMAND: GET /session/fefae731ffe12f9640dd1679bcba6cb2/element/f.260C0A6E86F32DC815D14290BCACE04C.d.7638E3761CA5A30D18073BA73524ED41.e.9438/rect - {}
RESULT: {}
COMMAND: GET /session/fefae731ffe12f9640dd1679bcba6cb2/window/rect - {}
RESULT: {}
COMMAND: POST /session/fefae731ffe12f9640dd1679bcba6cb2/execute/sync - {"script":"<script> [92 bytes]","args":[]}
RESULT: {"script":"<script> [92 bytes]","args":[]}
COMMAND: POST /session/fefae731ffe12f9640dd1679bcba6cb2/actions - {"actions":[{"id":"action35","type":"wheel","parameters":{},"actions":[{"type":"scroll","x":-1888,"y":-24,"deltaX":0,"deltaY":0,"duration":0,"origin":{"element-6066-11e4-a52e-4f735466cecf":"f.260C0A6E86F32DC815D14290BCACE04C.d.7638E3761CA5A30D18073BA73524ED41.e.9438"}}]}]}
COMMAND: GET /session/fefae731ffe12f9640dd1679bcba6cb2/screenshot - {}
RESULT: {}
COMMAND: POST /session/fefae731ffe12f9640dd1679bcba6cb2/execute/sync - {"script":"<script> [79 bytes]","args":[{"element-6066-11e4-a52e-4f735466cecf":"f.260C0A6E86F32DC815D14290BCACE04C.d.7638E3761CA5A30D18073BA73524ED41.e.9438","ELEMENT":"f.260C0A6E86F32DC815D14290BCACE04C.d.7638E3761CA5A30D18073BA73524ED41.e.9438"},{"block":"start","inline":"nearest"}]}
RESULT: {"script":"<script> [79 bytes]","args":[{"element-6066-11e4-a52e-4f735466cecf":"f.260C0A6E86F32DC815D14290BCACE04C.d.7638E3761CA5A30D18073BA73524ED41.e.9438","ELEMENT":"f.260C0A6E86F32DC815D14290BCACE04C.d.7638E3761CA5A30D18073BA73524ED41.e.9438"},{"block":"start","inline":"nearest"}]}
COMMAND: GET /session/fefae731ffe12f9640dd1679bcba6cb2/screenshot - {}
RESULT: {}
COMMAND: POST /session/fefae731ffe12f9640dd1679bcba6cb2/element/f.260C0A6E86F32DC815D14290BCACE04C.d.7638E3761CA5A30D18073BA73524ED41.e.9438/click - {}
RESULT: {}
COMMAND: GET /session/fefae731ffe12f9640dd1679bcba6cb2/screenshot - {}
RESULT: {}
COMMAND: POST /session/fefae731ffe12f9640dd1679bcba6cb2/execute/async - {"script":"<script> [1562 bytes]","args":[{"selector":{"controlType":"sap.m.SearchField","properties":{"placeholder":"Search"},"searchOpenDialogs":true,"interaction":{"idSuffix":"I"}},"wdio_ui5_key":"sapm.SearchField{\"placeholder\":\"Search\"}"}]}
RESULT: {"script":"<script> [1562 bytes]","args":[{"selector":{"controlType":"sap.m.SearchField","properties":{"placeholder":"Search"},"searchOpenDialogs":true,"interaction":{"idSuffix":"I"}},"wdio_ui5_key":"sapm.SearchField{\"placeholder\":\"Search\"}"}]}
RESULT: undefined
COMMAND: POST /session/fefae731ffe12f9640dd1679bcba6cb2/execute/async - {"script":"<script> [776 bytes]","args":[{"enterText":"4000360","selector":{"controlType":"sap.m.SearchField","properties":{"placeholder":"Search"},"searchOpenDialogs":true,"interaction":{"idSuffix":"I"}},"clearTextFirst":true,"interactionType":"ENTER_TEXT"}]}
RESULT: {"script":"<script> [776 bytes]","args":[{"enterText":"4000360","selector":{"controlType":"sap.m.SearchField","properties":{"placeholder":"Search"},"searchOpenDialogs":true,"interaction":{"idSuffix":"I"}},"clearTextFirst":true,"interactionType":"ENTER_TEXT"}]}
COMMAND: POST /session/fefae731ffe12f9640dd1679bcba6cb2/actions - {"actions":[{"id":"action36","type":"key","parameters":{},"actions":[{"type":"keyDown","value":"î€‡"},{"type":"pause","duration":10},{"type":"keyUp","value":"î€‡"}]}]}
RESULT: {"actions":[{"id":"action36","type":"key","parameters":{},"actions":[{"type":"keyDown","value":"î€‡"},{"type":"pause","duration":10},{"type":"keyUp","value":"î€‡"}]}]}
COMMAND: GET /session/fefae731ffe12f9640dd1679bcba6cb2/screenshot - {}
RESULT: {}
COMMAND: POST /session/fefae731ffe12f9640dd1679bcba6cb2/element - {"using":"xpath","value":"//td/div/span[contains(text(), \"BGL Vehicles\")]"}
RESULT: {"using":"xpath","value":"//td/div/span[contains(text(), \"BGL Vehicles\")]"}
COMMAND: POST /session/fefae731ffe12f9640dd1679bcba6cb2/element/f.260C0A6E86F32DC815D14290BCACE04C.d.7638E3761CA5A30D18073BA73524ED41.e.9458/click - {}
RESULT: {}
COMMAND: GET /session/fefae731ffe12f9640dd1679bcba6cb2/screenshot - {}
RESULT: {}
COMMAND: POST /session/fefae731ffe12f9640dd1679bcba6cb2/element - {"using":"xpath","value":"//bdi[contains(text(), \"OK\")]"}
RESULT: {"using":"xpath","value":"//bdi[contains(text(), \"OK\")]"}
COMMAND: POST /session/fefae731ffe12f9640dd1679bcba6cb2/element/f.260C0A6E86F32DC815D14290BCACE04C.d.7638E3761CA5A30D18073BA73524ED41.e.9459/click - {}
RESULT: {}
COMMAND: GET /session/fefae731ffe12f9640dd1679bcba6cb2/screenshot - {}
RESULT: {}
COMMAND: POST /session/fefae731ffe12f9640dd1679bcba6cb2/element - {"using":"xpath","value":"//label[contains(@class, 'sapMLabelRequired') and .//bdi[contains(text(), 'Planned Retirement')]]"}
RESULT: {"using":"xpath","value":"//label[contains(@class, 'sapMLabelRequired') and .//bdi[contains(text(), 'Planned Retirement')]]"}
COMMAND: POST /session/fefae731ffe12f9640dd1679bcba6cb2/elements - {"using":"xpath","value":"//label[contains(@class, 'sapMLabelRequired') and .//bdi[contains(text(), 'Planned Retirement')]]"}
RESULT: {"using":"xpath","value":"//label[contains(@class, 'sapMLabelRequired') and .//bdi[contains(text(), 'Planned Retirement')]]"}
COMMAND: POST /session/fefae731ffe12f9640dd1679bcba6cb2/element - {"using":"xpath","value":"//button[@data-kt=\"resourceUnitSaveButton\"]"}
RESULT: {"using":"xpath","value":"//button[@data-kt=\"resourceUnitSaveButton\"]"}
COMMAND: POST /session/fefae731ffe12f9640dd1679bcba6cb2/element/f.260C0A6E86F32DC815D14290BCACE04C.d.7638E3761CA5A30D18073BA73524ED41.e.9360/click - {}
RESULT: {}
COMMAND: GET /session/fefae731ffe12f9640dd1679bcba6cb2/screenshot - {}
RESULT: {}
COMMAND: POST /session/fefae731ffe12f9640dd1679bcba6cb2/element - {"using":"xpath","value":"//bdi[contains(text(), \"Close\")]"}
RESULT: {"using":"xpath","value":"//bdi[contains(text(), \"Close\")]"}
COMMAND: POST /session/fefae731ffe12f9640dd1679bcba6cb2/element/f.260C0A6E86F32DC815D14290BCACE04C.d.7638E3761CA5A30D18073BA73524ED41.e.9466/click - {}
RESULT: {}
COMMAND: GET /session/fefae731ffe12f9640dd1679bcba6cb2/screenshot - {}
RESULT: {}
COMMAND: POST /session/fefae731ffe12f9640dd1679bcba6cb2/element - {"using":"xpath","value":"//header[contains(@id, 'detailRruPage-headerTitle')]/div[1]/div[2]/div[2]/span[1]"}
RESULT: {"using":"xpath","value":"//header[contains(@id, 'detailRruPage-headerTitle')]/div[1]/div[2]/div[2]/span[1]"}
COMMAND: POST /session/fefae731ffe12f9640dd1679bcba6cb2/elements - {"using":"xpath","value":"//header[contains(@id, 'detailRruPage-headerTitle')]/div[1]/div[2]/div[2]/span[1]"}
RESULT: {"using":"xpath","value":"//header[contains(@id, 'detailRruPage-headerTitle')]/div[1]/div[2]/div[2]/span[1]"}
COMMAND: POST /session/fefae731ffe12f9640dd1679bcba6cb2/execute/sync - {"script":"<script> [56 bytes]","args":[{"element-6066-11e4-a52e-4f735466cecf":"f.260C0A6E86F32DC815D14290BCACE04C.d.7638E3761CA5A30D18073BA73524ED41.e.9494","ELEMENT":"f.260C0A6E86F32DC815D14290BCACE04C.d.7638E3761CA5A30D18073BA73524ED41.e.9494"}]}
RESULT: {"script":"<script> [56 bytes]","args":[{"element-6066-11e4-a52e-4f735466cecf":"f.260C0A6E86F32DC815D14290BCACE04C.d.7638E3761CA5A30D18073BA73524ED41.e.9494","ELEMENT":"f.260C0A6E86F32DC815D14290BCACE04C.d.7638E3761CA5A30D18073BA73524ED41.e.9494"}]}
COMMAND: POST /session/fefae731ffe12f9640dd1679bcba6cb2/element - {"using":"css selector","value":"#shell-header-logo"}
COMMAND: GET /session/fefae731ffe12f9640dd1679bcba6cb2/screenshot - {}
RESULT: {"using":"css selector","value":"#shell-header-logo"}
COMMAND: POST /session/fefae731ffe12f9640dd1679bcba6cb2/element/f.260C0A6E86F32DC815D14290BCACE04C.d.7638E3761CA5A30D18073BA73524ED41.e.8953/click - {}
RESULT: {}
RESULT: {}
COMMAND: GET /session/fefae731ffe12f9640dd1679bcba6cb2/screenshot - {}
RESULT: {}
]]></system-out>
    </testcase>
  </testsuite>
  <testsuite timestamp="2025-05-14T06:47:00" time="238.261" tests="6" failures="5" errors="5" skipped="0">
    <properties>
      <property name="specId" value="0" />
      <property name="suiteName" value="Provide to Site w/o warehouse management w clarification" />
      <property name="capabilities" value="chrome.136_0_7103_49.windows" />
      <property name="file" value="file:///D:/a/1/s/test/specs/HTR/provide-to-site-wo-warehouse-w-clarification.spec.js" />
    </properties>
    <testcase classname="chrome.136_0_7103_49.windows.Provide_to_Site_w/o_warehouse_management_w_clarification" name="Should test for Clarification" time="0.006">
      <system-out><![CDATA[
COMMAND: POST /session/fefae731ffe12f9640dd1679bcba6cb2/element - {"using":"css selector","value":"#j_username"}
COMMAND: POST /session/fefae731ffe12f9640dd1679bcba6cb2/url - {"url":"https://qa-testing-00-live-etm-ui.cfapps.eu10-004.hana.ondemand.com/"}
COMMAND: GET /session/fefae731ffe12f9640dd1679bcba6cb2/screenshot - {}
COMMAND: GET /session/fefae731ffe12f9640dd1679bcba6cb2/screenshot - {}
RESULT: {"url":"https://qa-testing-00-live-etm-ui.cfapps.eu10-004.hana.ondemand.com/"}
RESULT: undefined
COMMAND: GET /session/fefae731ffe12f9640dd1679bcba6cb2/screenshot - {}
RESULT: {"using":"css selector","value":"#j_username"}
COMMAND: POST /session/fefae731ffe12f9640dd1679bcba6cb2/element - {"using":"css selector","value":"#j_username"}
RESULT: {}
RESULT: {}
RESULT: {}
RESULT: {"using":"css selector","value":"#j_username"}
COMMAND: POST /session/fefae731ffe12f9640dd1679bcba6cb2/element - {"using":"css selector","value":"#shell-header-logo"}
RESULT: {"using":"css selector","value":"#shell-header-logo"}
COMMAND: POST /session/fefae731ffe12f9640dd1679bcba6cb2/execute/sync - {"script":"<script> [8489 bytes]","args":[{"element-6066-11e4-a52e-4f735466cecf":"f.260C0A6E86F32DC815D14290BCACE04C.d.041FDB1B21E0E02F4DCE8B83634B2EDD.e.10066","ELEMENT":"f.260C0A6E86F32DC815D14290BCACE04C.d.041FDB1B21E0E02F4DCE8B83634B2EDD.e.10066"}]}
RESULT: {"script":"<script> [8489 bytes]","args":[{"element-6066-11e4-a52e-4f735466cecf":"f.260C0A6E86F32DC815D14290BCACE04C.d.041FDB1B21E0E02F4DCE8B83634B2EDD.e.10066","ELEMENT":"f.260C0A6E86F32DC815D14290BCACE04C.d.041FDB1B21E0E02F4DCE8B83634B2EDD.e.10066"}]}
COMMAND: POST /session/fefae731ffe12f9640dd1679bcba6cb2/element - {"using":"css selector","value":"#shell-header-logo"}
COMMAND: GET /session/fefae731ffe12f9640dd1679bcba6cb2/screenshot - {}
RESULT: {"using":"css selector","value":"#shell-header-logo"}
COMMAND: POST /session/fefae731ffe12f9640dd1679bcba6cb2/execute/sync - {"script":"<script> [8489 bytes]","args":[{"element-6066-11e4-a52e-4f735466cecf":"f.260C0A6E86F32DC815D14290BCACE04C.d.041FDB1B21E0E02F4DCE8B83634B2EDD.e.10066","ELEMENT":"f.260C0A6E86F32DC815D14290BCACE04C.d.041FDB1B21E0E02F4DCE8B83634B2EDD.e.10066"}]}
RESULT: {}
RESULT: {"script":"<script> [8489 bytes]","args":[{"element-6066-11e4-a52e-4f735466cecf":"f.260C0A6E86F32DC815D14290BCACE04C.d.041FDB1B21E0E02F4DCE8B83634B2EDD.e.10066","ELEMENT":"f.260C0A6E86F32DC815D14290BCACE04C.d.041FDB1B21E0E02F4DCE8B83634B2EDD.e.10066"}]}
COMMAND: POST /session/fefae731ffe12f9640dd1679bcba6cb2/execute/sync - {"script":"<script> [5351 bytes]","args":[{"element-6066-11e4-a52e-4f735466cecf":"f.260C0A6E86F32DC815D14290BCACE04C.d.041FDB1B21E0E02F4DCE8B83634B2EDD.e.10066","ELEMENT":"f.260C0A6E86F32DC815D14290BCACE04C.d.041FDB1B21E0E02F4DCE8B83634B2EDD.e.10066"}]}
COMMAND: GET /session/fefae731ffe12f9640dd1679bcba6cb2/screenshot - {}
RESULT: {"script":"<script> [5351 bytes]","args":[{"element-6066-11e4-a52e-4f735466cecf":"f.260C0A6E86F32DC815D14290BCACE04C.d.041FDB1B21E0E02F4DCE8B83634B2EDD.e.10066","ELEMENT":"f.260C0A6E86F32DC815D14290BCACE04C.d.041FDB1B21E0E02F4DCE8B83634B2EDD.e.10066"}]}
COMMAND: POST /session/fefae731ffe12f9640dd1679bcba6cb2/element - {"using":"css selector","value":"#shell-header-logo"}
COMMAND: GET /session/fefae731ffe12f9640dd1679bcba6cb2/screenshot - {}
RESULT: {}
RESULT: {"using":"css selector","value":"#shell-header-logo"}
COMMAND: POST /session/fefae731ffe12f9640dd1679bcba6cb2/element/f.260C0A6E86F32DC815D14290BCACE04C.d.041FDB1B21E0E02F4DCE8B83634B2EDD.e.10066/click - {}
RESULT: {}
RESULT: {}
COMMAND: GET /session/fefae731ffe12f9640dd1679bcba6cb2/screenshot - {}
RESULT: {}
COMMAND: POST /session/fefae731ffe12f9640dd1679bcba6cb2/execute/async - {"script":"<script> [189 bytes]","args":[]}
RESULT: {"script":"<script> [189 bytes]","args":[]}
COMMAND: POST /session/fefae731ffe12f9640dd1679bcba6cb2/execute/async - {"script":"<script> [123 bytes]","args":[]}
RESULT: {"script":"<script> [123 bytes]","args":[]}
COMMAND: POST /session/fefae731ffe12f9640dd1679bcba6cb2/timeouts - {"script":"<number>"}
RESULT: {"script":"<number>"}
COMMAND: GET /session/fefae731ffe12f9640dd1679bcba6cb2/timeouts - {}
RESULT: {}
RESULT: undefined
COMMAND: POST /session/fefae731ffe12f9640dd1679bcba6cb2/execute/async - {"script":"<script> [2676 bytes]","args":[]}
RESULT: {"script":"<script> [2676 bytes]","args":[]}
COMMAND: POST /session/fefae731ffe12f9640dd1679bcba6cb2/execute/async - {"script":"<script> [2342 bytes]","args":[{"protocol":"http","hostname":"0.0.0.0","path":"/","capabilities":{"browserName":"chrome","goog:chromeOptions":{"binary":"C:\\Program Files\\Google\\Chrome\\Application\\chrome.exe","args":["--start-maximized"]}},"logLevel":"warn","connectionRetryTimeout":120000,"connectionRetryCount":3,"logLevels":{},"enableDirectConnect":true,"strictSSL":true,"_":"65 more keys: [\"cacheDir\",\"port\",\"requestedCapabilities\",\"automationProtocol\",\"baseUrl\",\"waitforInterval\",\"waitforTimeout\",\"onReload\",\"beforeCommand\",\"afterCommand\",\"rootDir\",\"specs\",\"suites\",\"exclude\",\"groupLogsByTestSpec\",\"excludeDriverLogs\",\"bail\",\"framework\",\"reporters\",\"services\",\"maxInstances\",\"maxInstancesPerCapability\",\"injectGlobals\",\"filesToWatch\",\"execArgv\",\"runnerEnv\",\"runner\",\"shard\",\"specFileRetries\",\"specFileRetriesDelay\",\"specFileRetriesDeferred\",\"reporterSyncInterval\",\"reporterSyncTimeout\",\"cucumberFeaturesWithLineNumbers\",\"autoCompileOpts\",\"mochaOpts\",\"jasmineOpts\",\"cucumberOpts\",\"onPrepare\",\"onWorkerStart\",\"onWorkerEnd\",\"before\",\"beforeSession\",\"beforeSuite\",\"beforeHook\",\"beforeTest\",\"afterTest\",\"afterHook\",\"afterSuite\",\"afterSession\",\"after\",\"onComplete\",\"beforeAssertion\",\"afterAssertion\",\"beforeFeature\",\"beforeScenario\",\"beforeStep\",\"afterStep\",\"afterScenario\",\"afterFeature\",\"_\",\"suite\",\"$0\",\"ignoredWorkerServices\",\"wdi5\"]"}]}
RESULT: {"script":"<script> [2342 bytes]","args":[{"protocol":"http","hostname":"0.0.0.0","path":"/","capabilities":{"browserName":"chrome","goog:chromeOptions":{"binary":"C:\\Program Files\\Google\\Chrome\\Application\\chrome.exe","args":["--start-maximized"]}},"logLevel":"warn","connectionRetryTimeout":120000,"connectionRetryCount":3,"logLevels":{},"enableDirectConnect":true,"strictSSL":true,"_":"65 more keys: [\"cacheDir\",\"port\",\"requestedCapabilities\",\"automationProtocol\",\"baseUrl\",\"waitforInterval\",\"waitforTimeout\",\"onReload\",\"beforeCommand\",\"afterCommand\",\"rootDir\",\"specs\",\"suites\",\"exclude\",\"groupLogsByTestSpec\",\"excludeDriverLogs\",\"bail\",\"framework\",\"reporters\",\"services\",\"maxInstances\",\"maxInstancesPerCapability\",\"injectGlobals\",\"filesToWatch\",\"execArgv\",\"runnerEnv\",\"runner\",\"shard\",\"specFileRetries\",\"specFileRetriesDelay\",\"specFileRetriesDeferred\",\"reporterSyncInterval\",\"reporterSyncTimeout\",\"cucumberFeaturesWithLineNumbers\",\"autoCompileOpts\",\"mochaOpts\",\"jasmineOpts\",\"cucumberOpts\",\"onPrepare\",\"onWorkerStart\",\"onWorkerEnd\",\"before\",\"beforeSession\",\"beforeSuite\",\"beforeHook\",\"beforeTest\",\"afterTest\",\"afterHook\",\"afterSuite\",\"afterSession\",\"after\",\"onComplete\",\"beforeAssertion\",\"afterAssertion\",\"beforeFeature\",\"beforeScenario\",\"beforeStep\",\"afterStep\",\"afterScenario\",\"afterFeature\",\"_\",\"suite\",\"$0\",\"ignoredWorkerServices\",\"wdi5\"]"}]}
COMMAND: POST /session/fefae731ffe12f9640dd1679bcba6cb2/execute/async - {"script":"<script> [21126 bytes]","args":[35000]}
RESULT: {"script":"<script> [21126 bytes]","args":[35000]}
COMMAND: POST /session/fefae731ffe12f9640dd1679bcba6cb2/window/maximize - {}
RESULT: {}
COMMAND: POST /session/fefae731ffe12f9640dd1679bcba6cb2/execute/async - {"script":"<script> [1562 bytes]","args":[{"selector":{"id":"shell-header","interaction":{"idSuffix":"icon"}},"wdio_ui5_key":"shellheader"}]}
COMMAND: GET /session/fefae731ffe12f9640dd1679bcba6cb2/screenshot - {}
RESULT: {"script":"<script> [1562 bytes]","args":[{"selector":{"id":"shell-header","interaction":{"idSuffix":"icon"}},"wdio_ui5_key":"shellheader"}]}
RESULT: undefined
COMMAND: POST /session/fefae731ffe12f9640dd1679bcba6cb2/window/fullscreen - {}
RESULT: {}
RESULT: {}
]]></system-out>
    </testcase>
  </testsuite>
  <testsuite timestamp="2025-05-14T06:50:58" time="149.32" tests="4" failures="0" errors="0" skipped="0">
    <properties>
      <property name="specId" value="0" />
      <property name="suiteName" value="Provide to Site w/o warehouse management w/o clarification US116612" />
      <property name="capabilities" value="chrome.136_0_7103_49.windows" />
      <property name="file" value="file:///D:/a/1/s/test/specs/HTR/provide-to-site-wo-warehouse-wo-clarification.spec.js" />
    </properties>
    <testcase classname="chrome.136_0_7103_49.windows.Provide_to_Site_w/o_warehouse_management_w/o_clarification_US116612" name="Should create a new yard" time="0.019">
      <system-out><![CDATA[
COMMAND: POST /session/fefae731ffe12f9640dd1679bcba6cb2/window/fullscreen - {}
RESULT: {}
]]></system-out>
    </testcase>
    <testcase classname="chrome.136_0_7103_49.windows.Provide_to_Site_w/o_warehouse_management_w/o_clarification_US116612" name="Should create a new external partner" time="0.003" />
    <testcase classname="chrome.136_0_7103_49.windows.Provide_to_Site_w/o_warehouse_management_w/o_clarification_US116612" name="Should create a new site" time="0.004" />
    <testcase classname="chrome.136_0_7103_49.windows.Provide_to_Site_w/o_warehouse_management_w/o_clarification_US116612" name="Should create a new material" time="130.176">
      <system-out><![CDATA[
COMMAND: POST /session/fefae731ffe12f9640dd1679bcba6cb2/execute/async - {"script":"<script> [1562 bytes]","args":[{"selector":{"controlType":"sap.m.GenericTile","properties":{"header":"Manage Resources"}},"wdio_ui5_key":"sapm.GenericTile{\"header\":\"Manage Resources\"}"}]}
RESULT: {"script":"<script> [1562 bytes]","args":[{"selector":{"controlType":"sap.m.GenericTile","properties":{"header":"Manage Resources"}},"wdio_ui5_key":"sapm.GenericTile{\"header\":\"Manage Resources\"}"}]}
RESULT: undefined
COMMAND: POST /session/fefae731ffe12f9640dd1679bcba6cb2/element - {"using":"xpath","value":"//*[@id=\"__tile31\"]"}
RESULT: {"using":"xpath","value":"//*[@id=\"__tile31\"]"}
COMMAND: POST /session/fefae731ffe12f9640dd1679bcba6cb2/element/f.260C0A6E86F32DC815D14290BCACE04C.d.041FDB1B21E0E02F4DCE8B83634B2EDD.e.10096/click - {}
RESULT: {}
COMMAND: POST /session/fefae731ffe12f9640dd1679bcba6cb2/element - {"using":"xpath","value":"//button[@data-kt=\"addNewRUOverflowToolbarButton\"]"}
COMMAND: GET /session/fefae731ffe12f9640dd1679bcba6cb2/screenshot - {}
RESULT: {"using":"xpath","value":"//button[@data-kt=\"addNewRUOverflowToolbarButton\"]"}
COMMAND: POST /session/fefae731ffe12f9640dd1679bcba6cb2/elements - {"using":"xpath","value":"//button[@data-kt=\"addNewRUOverflowToolbarButton\"]"}
RESULT: {}
RESULT: {"using":"xpath","value":"//button[@data-kt=\"addNewRUOverflowToolbarButton\"]"}
COMMAND: POST /session/fefae731ffe12f9640dd1679bcba6cb2/elements - {"using":"xpath","value":"//button[@data-kt=\"addNewRUOverflowToolbarButton\"]"}
RESULT: {"using":"xpath","value":"//button[@data-kt=\"addNewRUOverflowToolbarButton\"]"}
COMMAND: POST /session/fefae731ffe12f9640dd1679bcba6cb2/elements - {"using":"xpath","value":"//button[@data-kt=\"addNewRUOverflowToolbarButton\"]"}
RESULT: {"using":"xpath","value":"//button[@data-kt=\"addNewRUOverflowToolbarButton\"]"}
COMMAND: POST /session/fefae731ffe12f9640dd1679bcba6cb2/element - {"using":"xpath","value":"//button[@data-kt=\"addNewRUOverflowToolbarButton\"]"}
RESULT: {"using":"xpath","value":"//button[@data-kt=\"addNewRUOverflowToolbarButton\"]"}
COMMAND: POST /session/fefae731ffe12f9640dd1679bcba6cb2/execute/sync - {"script":"<script> [8489 bytes]","args":[{"element-6066-11e4-a52e-4f735466cecf":"f.260C0A6E86F32DC815D14290BCACE04C.d.041FDB1B21E0E02F4DCE8B83634B2EDD.e.10238","ELEMENT":"f.260C0A6E86F32DC815D14290BCACE04C.d.041FDB1B21E0E02F4DCE8B83634B2EDD.e.10238"}]}
RESULT: {"script":"<script> [8489 bytes]","args":[{"element-6066-11e4-a52e-4f735466cecf":"f.260C0A6E86F32DC815D14290BCACE04C.d.041FDB1B21E0E02F4DCE8B83634B2EDD.e.10238","ELEMENT":"f.260C0A6E86F32DC815D14290BCACE04C.d.041FDB1B21E0E02F4DCE8B83634B2EDD.e.10238"}]}
COMMAND: GET /session/fefae731ffe12f9640dd1679bcba6cb2/element/f.260C0A6E86F32DC815D14290BCACE04C.d.041FDB1B21E0E02F4DCE8B83634B2EDD.e.10238/enabled - {}
COMMAND: GET /session/fefae731ffe12f9640dd1679bcba6cb2/screenshot - {}
RESULT: {}
COMMAND: POST /session/fefae731ffe12f9640dd1679bcba6cb2/execute/sync - {"script":"<script> [8489 bytes]","args":[{"element-6066-11e4-a52e-4f735466cecf":"f.260C0A6E86F32DC815D14290BCACE04C.d.041FDB1B21E0E02F4DCE8B83634B2EDD.e.10238","ELEMENT":"f.260C0A6E86F32DC815D14290BCACE04C.d.041FDB1B21E0E02F4DCE8B83634B2EDD.e.10238"}]}
COMMAND: GET /session/fefae731ffe12f9640dd1679bcba6cb2/screenshot - {}
RESULT: {}
RESULT: {"script":"<script> [8489 bytes]","args":[{"element-6066-11e4-a52e-4f735466cecf":"f.260C0A6E86F32DC815D14290BCACE04C.d.041FDB1B21E0E02F4DCE8B83634B2EDD.e.10238","ELEMENT":"f.260C0A6E86F32DC815D14290BCACE04C.d.041FDB1B21E0E02F4DCE8B83634B2EDD.e.10238"}]}
COMMAND: POST /session/fefae731ffe12f9640dd1679bcba6cb2/execute/sync - {"script":"<script> [5351 bytes]","args":[{"element-6066-11e4-a52e-4f735466cecf":"f.260C0A6E86F32DC815D14290BCACE04C.d.041FDB1B21E0E02F4DCE8B83634B2EDD.e.10238","ELEMENT":"f.260C0A6E86F32DC815D14290BCACE04C.d.041FDB1B21E0E02F4DCE8B83634B2EDD.e.10238"}]}
COMMAND: GET /session/fefae731ffe12f9640dd1679bcba6cb2/screenshot - {}
RESULT: {}
RESULT: {"script":"<script> [5351 bytes]","args":[{"element-6066-11e4-a52e-4f735466cecf":"f.260C0A6E86F32DC815D14290BCACE04C.d.041FDB1B21E0E02F4DCE8B83634B2EDD.e.10238","ELEMENT":"f.260C0A6E86F32DC815D14290BCACE04C.d.041FDB1B21E0E02F4DCE8B83634B2EDD.e.10238"}]}
COMMAND: POST /session/fefae731ffe12f9640dd1679bcba6cb2/element/f.260C0A6E86F32DC815D14290BCACE04C.d.041FDB1B21E0E02F4DCE8B83634B2EDD.e.10238/click - {}
COMMAND: GET /session/fefae731ffe12f9640dd1679bcba6cb2/screenshot - {}
RESULT: {}
RESULT: {}
COMMAND: GET /session/fefae731ffe12f9640dd1679bcba6cb2/screenshot - {}
COMMAND: POST /session/fefae731ffe12f9640dd1679bcba6cb2/execute/async - {"script":"<script> [1562 bytes]","args":[{"selector":{"id":"application-manageresources-display-component---newResourceUnit--TYPE-arrow"},"wdio_ui5_key":"applicationmanageresources-display-component---newResourceUnit--TYPE-arrow"}]}
RESULT: {}
RESULT: {}
RESULT: {"script":"<script> [1562 bytes]","args":[{"selector":{"id":"application-manageresources-display-component---newResourceUnit--TYPE-arrow"},"wdio_ui5_key":"applicationmanageresources-display-component---newResourceUnit--TYPE-arrow"}]}
RESULT: undefined
COMMAND: POST /session/fefae731ffe12f9640dd1679bcba6cb2/element - {"using":"xpath","value":"//*[@id=\"application-manageresources-display-component---newResourceUnit--TYPE-arrow\"]"}
RESULT: {"using":"xpath","value":"//*[@id=\"application-manageresources-display-component---newResourceUnit--TYPE-arrow\"]"}
COMMAND: POST /session/fefae731ffe12f9640dd1679bcba6cb2/element/f.260C0A6E86F32DC815D14290BCACE04C.d.041FDB1B21E0E02F4DCE8B83634B2EDD.e.10582/click - {}
RESULT: {}
COMMAND: POST /session/fefae731ffe12f9640dd1679bcba6cb2/element - {"using":"xpath","value":"//input[@id=\"application-manageresources-display-component---newResourceUnit--TYPE-inner\"]"}
COMMAND: GET /session/fefae731ffe12f9640dd1679bcba6cb2/screenshot - {}
RESULT: {"using":"xpath","value":"//input[@id=\"application-manageresources-display-component---newResourceUnit--TYPE-inner\"]"}
COMMAND: POST /session/fefae731ffe12f9640dd1679bcba6cb2/element/f.260C0A6E86F32DC815D14290BCACE04C.d.041FDB1B21E0E02F4DCE8B83634B2EDD.e.10578/clear - {}
RESULT: {}
RESULT: {}
COMMAND: POST /session/fefae731ffe12f9640dd1679bcba6cb2/element/f.260C0A6E86F32DC815D14290BCACE04C.d.041FDB1B21E0E02F4DCE8B83634B2EDD.e.10578/value - {"text":"Material"}
COMMAND: GET /session/fefae731ffe12f9640dd1679bcba6cb2/screenshot - {}
RESULT: {"text":"Material"}
COMMAND: GET /session/fefae731ffe12f9640dd1679bcba6cb2/screenshot - {}
RESULT: {}
RESULT: {}
COMMAND: POST /session/fefae731ffe12f9640dd1679bcba6cb2/actions - {"actions":[{"id":"action38","type":"key","parameters":{},"actions":[{"type":"keyDown","value":"î€‡"},{"type":"pause","duration":10},{"type":"keyUp","value":"î€‡"}]}]}
RESULT: {"actions":[{"id":"action38","type":"key","parameters":{},"actions":[{"type":"keyDown","value":"î€‡"},{"type":"pause","duration":10},{"type":"keyUp","value":"î€‡"}]}]}
COMMAND: POST /session/fefae731ffe12f9640dd1679bcba6cb2/execute/async - {"script":"<script> [1562 bytes]","args":[{"selector":{"id":"application-manageresources-display-component---newResourceUnit--SHORT_TEXT","interaction":{"idSuffix":"inner"}},"wdio_ui5_key":"applicationmanageresources-display-component---newResourceUnit--SHORT_TEXT"}]}
COMMAND: GET /session/fefae731ffe12f9640dd1679bcba6cb2/screenshot - {}
RESULT: {"script":"<script> [1562 bytes]","args":[{"selector":{"id":"application-manageresources-display-component---newResourceUnit--SHORT_TEXT","interaction":{"idSuffix":"inner"}},"wdio_ui5_key":"applicationmanageresources-display-component---newResourceUnit--SHORT_TEXT"}]}
RESULT: undefined
COMMAND: POST /session/fefae731ffe12f9640dd1679bcba6cb2/execute/async - {"script":"<script> [776 bytes]","args":[{"enterText":"Cement WDIO","selector":{"id":"application-manageresources-display-component---newResourceUnit--SHORT_TEXT","interaction":{"idSuffix":"inner"}},"clearTextFirst":true,"interactionType":"ENTER_TEXT"}]}
RESULT: {}
RESULT: {"script":"<script> [776 bytes]","args":[{"enterText":"Cement WDIO","selector":{"id":"application-manageresources-display-component---newResourceUnit--SHORT_TEXT","interaction":{"idSuffix":"inner"}},"clearTextFirst":true,"interactionType":"ENTER_TEXT"}]}
COMMAND: POST /session/fefae731ffe12f9640dd1679bcba6cb2/execute/async - {"script":"<script> [1562 bytes]","args":[{"selector":{"id":"application-manageresources-display-component---newResourceUnit--BASE_UNIT_OF_MEASURE","interaction":{"idSuffix":"inner"}},"wdio_ui5_key":"applicationmanageresources-display-component---newResourceUnit--BASE_UNIT_OF_MEASURE"}]}
RESULT: {"script":"<script> [1562 bytes]","args":[{"selector":{"id":"application-manageresources-display-component---newResourceUnit--BASE_UNIT_OF_MEASURE","interaction":{"idSuffix":"inner"}},"wdio_ui5_key":"applicationmanageresources-display-component---newResourceUnit--BASE_UNIT_OF_MEASURE"}]}
RESULT: undefined
COMMAND: POST /session/fefae731ffe12f9640dd1679bcba6cb2/execute/async - {"script":"<script> [776 bytes]","args":[{"enterText":"Piece","selector":{"id":"application-manageresources-display-component---newResourceUnit--BASE_UNIT_OF_MEASURE","interaction":{"idSuffix":"inner"}},"clearTextFirst":true,"interactionType":"ENTER_TEXT"}]}
RESULT: {"script":"<script> [776 bytes]","args":[{"enterText":"Piece","selector":{"id":"application-manageresources-display-component---newResourceUnit--BASE_UNIT_OF_MEASURE","interaction":{"idSuffix":"inner"}},"clearTextFirst":true,"interactionType":"ENTER_TEXT"}]}
COMMAND: POST /session/fefae731ffe12f9640dd1679bcba6cb2/execute/async - {"script":"<script> [1562 bytes]","args":[{"selector":{"id":"application-manageresources-display-component---newResourceUnit--WEIGHT_UNIT","interaction":{"idSuffix":"inner"}},"wdio_ui5_key":"applicationmanageresources-display-component---newResourceUnit--WEIGHT_UNIT"}]}
RESULT: {"script":"<script> [1562 bytes]","args":[{"selector":{"id":"application-manageresources-display-component---newResourceUnit--WEIGHT_UNIT","interaction":{"idSuffix":"inner"}},"wdio_ui5_key":"applicationmanageresources-display-component---newResourceUnit--WEIGHT_UNIT"}]}
RESULT: undefined
COMMAND: POST /session/fefae731ffe12f9640dd1679bcba6cb2/execute/async - {"script":"<script> [776 bytes]","args":[{"enterText":"Gram","selector":{"id":"application-manageresources-display-component---newResourceUnit--WEIGHT_UNIT","interaction":{"idSuffix":"inner"}},"clearTextFirst":true,"interactionType":"ENTER_TEXT"}]}
RESULT: {"script":"<script> [776 bytes]","args":[{"enterText":"Gram","selector":{"id":"application-manageresources-display-component---newResourceUnit--WEIGHT_UNIT","interaction":{"idSuffix":"inner"}},"clearTextFirst":true,"interactionType":"ENTER_TEXT"}]}
COMMAND: POST /session/fefae731ffe12f9640dd1679bcba6cb2/execute/async - {"script":"<script> [1562 bytes]","args":[{"selector":{"id":"application-manageresources-display-component---newResourceUnit--DIMENSION_UNIT","interaction":{"idSuffix":"inner"}},"wdio_ui5_key":"applicationmanageresources-display-component---newResourceUnit--DIMENSION_UNIT"}]}
RESULT: {"script":"<script> [1562 bytes]","args":[{"selector":{"id":"application-manageresources-display-component---newResourceUnit--DIMENSION_UNIT","interaction":{"idSuffix":"inner"}},"wdio_ui5_key":"applicationmanageresources-display-component---newResourceUnit--DIMENSION_UNIT"}]}
RESULT: undefined
COMMAND: POST /session/fefae731ffe12f9640dd1679bcba6cb2/execute/async - {"script":"<script> [776 bytes]","args":[{"enterText":"Meter","selector":{"id":"application-manageresources-display-component---newResourceUnit--DIMENSION_UNIT","interaction":{"idSuffix":"inner"}},"clearTextFirst":true,"interactionType":"ENTER_TEXT"}]}
RESULT: {"script":"<script> [776 bytes]","args":[{"enterText":"Meter","selector":{"id":"application-manageresources-display-component---newResourceUnit--DIMENSION_UNIT","interaction":{"idSuffix":"inner"}},"clearTextFirst":true,"interactionType":"ENTER_TEXT"}]}
COMMAND: POST /session/fefae731ffe12f9640dd1679bcba6cb2/execute/async - {"script":"<script> [1562 bytes]","args":[{"selector":{"id":"application-manageresources-display-component---newResourceUnit--newRRUPage-anchBar-application-manageresources-display-component---newResourceUnit--control-anchor","interaction":{"idSuffix":"BDI-content"}},"wdio_ui5_key":"applicationmanageresources-display-component---newResourceUnit--newRRUPage-anchBar-application-manageresources-display-component---newResourceUnit--control-anchor"}]}
RESULT: {"script":"<script> [1562 bytes]","args":[{"selector":{"id":"application-manageresources-display-component---newResourceUnit--newRRUPage-anchBar-application-manageresources-display-component---newResourceUnit--control-anchor","interaction":{"idSuffix":"BDI-content"}},"wdio_ui5_key":"applicationmanageresources-display-component---newResourceUnit--newRRUPage-anchBar-application-manageresources-display-component---newResourceUnit--control-anchor"}]}
RESULT: undefined
COMMAND: POST /session/fefae731ffe12f9640dd1679bcba6cb2/element - {"using":"xpath","value":"//*[@id=\"application-manageresources-display-component---newResourceUnit--newRRUPage-anchBar-application-manageresources-display-component---newResourceUnit--control-anchor\"]"}
RESULT: {"using":"xpath","value":"//*[@id=\"application-manageresources-display-component---newResourceUnit--newRRUPage-anchBar-application-manageresources-display-component---newResourceUnit--control-anchor\"]"}
COMMAND: POST /session/fefae731ffe12f9640dd1679bcba6cb2/element/f.260C0A6E86F32DC815D14290BCACE04C.d.041FDB1B21E0E02F4DCE8B83634B2EDD.e.10648/click - {}
RESULT: {}
COMMAND: POST /session/fefae731ffe12f9640dd1679bcba6cb2/execute/async - {"script":"<script> [1562 bytes]","args":[{"selector":{"id":"application-manageresources-display-component---newResourceUnit--PLANNING_GROUP","interaction":{"idSuffix":"inner"}},"wdio_ui5_key":"applicationmanageresources-display-component---newResourceUnit--PLANNING_GROUP"}]}
COMMAND: GET /session/fefae731ffe12f9640dd1679bcba6cb2/screenshot - {}
RESULT: {"script":"<script> [1562 bytes]","args":[{"selector":{"id":"application-manageresources-display-component---newResourceUnit--PLANNING_GROUP","interaction":{"idSuffix":"inner"}},"wdio_ui5_key":"applicationmanageresources-display-component---newResourceUnit--PLANNING_GROUP"}]}
RESULT: undefined
COMMAND: POST /session/fefae731ffe12f9640dd1679bcba6cb2/execute/async - {"script":"<script> [776 bytes]","args":[{"enterText":"Material","selector":{"id":"application-manageresources-display-component---newResourceUnit--PLANNING_GROUP","interaction":{"idSuffix":"inner"}},"clearTextFirst":true,"interactionType":"ENTER_TEXT"}]}
RESULT: {}
RESULT: {"script":"<script> [776 bytes]","args":[{"enterText":"Material","selector":{"id":"application-manageresources-display-component---newResourceUnit--PLANNING_GROUP","interaction":{"idSuffix":"inner"}},"clearTextFirst":true,"interactionType":"ENTER_TEXT"}]}
COMMAND: POST /session/fefae731ffe12f9640dd1679bcba6cb2/execute/async - {"script":"<script> [1562 bytes]","args":[{"selector":{"id":"application-manageresources-display-component---newResourceUnit--PLANNING_INDICATOR","interaction":{"idSuffix":"inner"}},"wdio_ui5_key":"applicationmanageresources-display-component---newResourceUnit--PLANNING_INDICATOR"}]}
RESULT: {"script":"<script> [1562 bytes]","args":[{"selector":{"id":"application-manageresources-display-component---newResourceUnit--PLANNING_INDICATOR","interaction":{"idSuffix":"inner"}},"wdio_ui5_key":"applicationmanageresources-display-component---newResourceUnit--PLANNING_INDICATOR"}]}
RESULT: undefined
COMMAND: POST /session/fefae731ffe12f9640dd1679bcba6cb2/execute/async - {"script":"<script> [776 bytes]","args":[{"enterText":"10 - infinite","selector":{"id":"application-manageresources-display-component---newResourceUnit--PLANNING_INDICATOR","interaction":{"idSuffix":"inner"}},"clearTextFirst":true,"interactionType":"ENTER_TEXT"}]}
RESULT: {"script":"<script> [776 bytes]","args":[{"enterText":"10 - infinite","selector":{"id":"application-manageresources-display-component---newResourceUnit--PLANNING_INDICATOR","interaction":{"idSuffix":"inner"}},"clearTextFirst":true,"interactionType":"ENTER_TEXT"}]}
COMMAND: POST /session/fefae731ffe12f9640dd1679bcba6cb2/element - {"using":"css selector","value":"#application-manageresources-display-component---newResourceUnit--btnAddTimeSegment"}
RESULT: {"using":"css selector","value":"#application-manageresources-display-component---newResourceUnit--btnAddTimeSegment"}
COMMAND: GET /session/fefae731ffe12f9640dd1679bcba6cb2/element/f.260C0A6E86F32DC815D14290BCACE04C.d.041FDB1B21E0E02F4DCE8B83634B2EDD.e.10658/rect - {}
RESULT: {}
COMMAND: GET /session/fefae731ffe12f9640dd1679bcba6cb2/window/rect - {}
RESULT: {}
COMMAND: POST /session/fefae731ffe12f9640dd1679bcba6cb2/execute/sync - {"script":"<script> [92 bytes]","args":[]}
RESULT: {"script":"<script> [92 bytes]","args":[]}
COMMAND: POST /session/fefae731ffe12f9640dd1679bcba6cb2/actions - {"actions":[{"id":"action39","type":"wheel","parameters":{},"actions":[{"type":"scroll","x":-1888,"y":-32,"deltaX":0,"deltaY":0,"duration":0,"origin":{"element-6066-11e4-a52e-4f735466cecf":"f.260C0A6E86F32DC815D14290BCACE04C.d.041FDB1B21E0E02F4DCE8B83634B2EDD.e.10658"}}]}]}
COMMAND: GET /session/fefae731ffe12f9640dd1679bcba6cb2/screenshot - {}
RESULT: {}
COMMAND: POST /session/fefae731ffe12f9640dd1679bcba6cb2/execute/sync - {"script":"<script> [79 bytes]","args":[{"element-6066-11e4-a52e-4f735466cecf":"f.260C0A6E86F32DC815D14290BCACE04C.d.041FDB1B21E0E02F4DCE8B83634B2EDD.e.10658","ELEMENT":"f.260C0A6E86F32DC815D14290BCACE04C.d.041FDB1B21E0E02F4DCE8B83634B2EDD.e.10658"},{"block":"start","inline":"nearest"}]}
RESULT: {"script":"<script> [79 bytes]","args":[{"element-6066-11e4-a52e-4f735466cecf":"f.260C0A6E86F32DC815D14290BCACE04C.d.041FDB1B21E0E02F4DCE8B83634B2EDD.e.10658","ELEMENT":"f.260C0A6E86F32DC815D14290BCACE04C.d.041FDB1B21E0E02F4DCE8B83634B2EDD.e.10658"},{"block":"start","inline":"nearest"}]}
COMMAND: POST /session/fefae731ffe12f9640dd1679bcba6cb2/execute/async - {"script":"<script> [1562 bytes]","args":[{"selector":{"id":"application-manageresources-display-component---newResourceUnit--btnAddTimeSegment","interaction":{"idSuffix":"inner"}},"wdio_ui5_key":"applicationmanageresources-display-component---newResourceUnit--btnAddTimeSegment"}]}
COMMAND: GET /session/fefae731ffe12f9640dd1679bcba6cb2/screenshot - {}
RESULT: {"script":"<script> [1562 bytes]","args":[{"selector":{"id":"application-manageresources-display-component---newResourceUnit--btnAddTimeSegment","interaction":{"idSuffix":"inner"}},"wdio_ui5_key":"applicationmanageresources-display-component---newResourceUnit--btnAddTimeSegment"}]}
RESULT: undefined
COMMAND: POST /session/fefae731ffe12f9640dd1679bcba6cb2/element - {"using":"xpath","value":"//*[@id=\"application-manageresources-display-component---newResourceUnit--btnAddTimeSegment\"]"}
RESULT: {}
RESULT: {"using":"xpath","value":"//*[@id=\"application-manageresources-display-component---newResourceUnit--btnAddTimeSegment\"]"}
COMMAND: POST /session/fefae731ffe12f9640dd1679bcba6cb2/element/f.260C0A6E86F32DC815D14290BCACE04C.d.041FDB1B21E0E02F4DCE8B83634B2EDD.e.10658/click - {}
RESULT: {}
COMMAND: GET /session/fefae731ffe12f9640dd1679bcba6cb2/screenshot - {}
RESULT: {}
COMMAND: POST /session/fefae731ffe12f9640dd1679bcba6cb2/element - {"using":"xpath","value":"//input[@id=\"application-manageresources-display-component---newResourceUnit--idRuTSAdmin-application-manageresources-display-component---newResourceUnit--RUTimeSegment-0-inner\"]"}
RESULT: {"using":"xpath","value":"//input[@id=\"application-manageresources-display-component---newResourceUnit--idRuTSAdmin-application-manageresources-display-component---newResourceUnit--RUTimeSegment-0-inner\"]"}
COMMAND: POST /session/fefae731ffe12f9640dd1679bcba6cb2/element/f.260C0A6E86F32DC815D14290BCACE04C.d.041FDB1B21E0E02F4DCE8B83634B2EDD.e.10663/clear - {}
RESULT: {}
COMMAND: POST /session/fefae731ffe12f9640dd1679bcba6cb2/element/f.260C0A6E86F32DC815D14290BCACE04C.d.041FDB1B21E0E02F4DCE8B83634B2EDD.e.10663/value - {"text":"310"}
COMMAND: GET /session/fefae731ffe12f9640dd1679bcba6cb2/screenshot - {}
RESULT: {"text":"310"}
COMMAND: GET /session/fefae731ffe12f9640dd1679bcba6cb2/screenshot - {}
RESULT: {}
RESULT: {}
COMMAND: POST /session/fefae731ffe12f9640dd1679bcba6cb2/element - {"using":"xpath","value":"//li[.//span[text()='310']]"}
RESULT: {"using":"xpath","value":"//li[.//span[text()='310']]"}
COMMAND: POST /session/fefae731ffe12f9640dd1679bcba6cb2/element/f.260C0A6E86F32DC815D14290BCACE04C.d.041FDB1B21E0E02F4DCE8B83634B2EDD.e.10672/click - {}
RESULT: {}
COMMAND: GET /session/fefae731ffe12f9640dd1679bcba6cb2/screenshot - {}
RESULT: {}
COMMAND: POST /session/fefae731ffe12f9640dd1679bcba6cb2/element - {"using":"xpath","value":"(//span[contains(@id, \"-application-manageresources-display-component---newResourceUnit--RUTimeSegment-0-arrow\")])[2]"}
RESULT: {"using":"xpath","value":"(//span[contains(@id, \"-application-manageresources-display-component---newResourceUnit--RUTimeSegment-0-arrow\")])[2]"}
COMMAND: POST /session/fefae731ffe12f9640dd1679bcba6cb2/element/f.260C0A6E86F32DC815D14290BCACE04C.d.041FDB1B21E0E02F4DCE8B83634B2EDD.e.10673/click - {}
RESULT: {}
COMMAND: POST /session/fefae731ffe12f9640dd1679bcba6cb2/element - {"using":"xpath","value":"//span[contains(text(), \"PM Order\")]"}
COMMAND: GET /session/fefae731ffe12f9640dd1679bcba6cb2/screenshot - {}
RESULT: {"using":"xpath","value":"//span[contains(text(), \"PM Order\")]"}
COMMAND: POST /session/fefae731ffe12f9640dd1679bcba6cb2/element/f.260C0A6E86F32DC815D14290BCACE04C.d.041FDB1B21E0E02F4DCE8B83634B2EDD.e.10674/click - {}
RESULT: {}
RESULT: {}
COMMAND: GET /session/fefae731ffe12f9640dd1679bcba6cb2/screenshot - {}
RESULT: {}
COMMAND: POST /session/fefae731ffe12f9640dd1679bcba6cb2/element - {"using":"xpath","value":"//td/div/div/div/span[contains(@id, \"newResourceUnit--RUTimeSegment-0-vhi\")][1]"}
RESULT: {"using":"xpath","value":"//td/div/div/div/span[contains(@id, \"newResourceUnit--RUTimeSegment-0-vhi\")][1]"}
COMMAND: GET /session/fefae731ffe12f9640dd1679bcba6cb2/element/f.260C0A6E86F32DC815D14290BCACE04C.d.041FDB1B21E0E02F4DCE8B83634B2EDD.e.10678/rect - {}
RESULT: {}
COMMAND: GET /session/fefae731ffe12f9640dd1679bcba6cb2/window/rect - {}
RESULT: {}
COMMAND: POST /session/fefae731ffe12f9640dd1679bcba6cb2/execute/sync - {"script":"<script> [92 bytes]","args":[]}
RESULT: {"script":"<script> [92 bytes]","args":[]}
COMMAND: POST /session/fefae731ffe12f9640dd1679bcba6cb2/actions - {"actions":[{"id":"action40","type":"wheel","parameters":{},"actions":[{"type":"scroll","x":-1888,"y":-24,"deltaX":0,"deltaY":0,"duration":0,"origin":{"element-6066-11e4-a52e-4f735466cecf":"f.260C0A6E86F32DC815D14290BCACE04C.d.041FDB1B21E0E02F4DCE8B83634B2EDD.e.10678"}}]}]}
COMMAND: GET /session/fefae731ffe12f9640dd1679bcba6cb2/screenshot - {}
RESULT: {}
COMMAND: POST /session/fefae731ffe12f9640dd1679bcba6cb2/execute/sync - {"script":"<script> [79 bytes]","args":[{"element-6066-11e4-a52e-4f735466cecf":"f.260C0A6E86F32DC815D14290BCACE04C.d.041FDB1B21E0E02F4DCE8B83634B2EDD.e.10678","ELEMENT":"f.260C0A6E86F32DC815D14290BCACE04C.d.041FDB1B21E0E02F4DCE8B83634B2EDD.e.10678"},{"block":"start","inline":"nearest"}]}
RESULT: {"script":"<script> [79 bytes]","args":[{"element-6066-11e4-a52e-4f735466cecf":"f.260C0A6E86F32DC815D14290BCACE04C.d.041FDB1B21E0E02F4DCE8B83634B2EDD.e.10678","ELEMENT":"f.260C0A6E86F32DC815D14290BCACE04C.d.041FDB1B21E0E02F4DCE8B83634B2EDD.e.10678"},{"block":"start","inline":"nearest"}]}
COMMAND: GET /session/fefae731ffe12f9640dd1679bcba6cb2/screenshot - {}
RESULT: {}
COMMAND: POST /session/fefae731ffe12f9640dd1679bcba6cb2/element/f.260C0A6E86F32DC815D14290BCACE04C.d.041FDB1B21E0E02F4DCE8B83634B2EDD.e.10678/click - {}
RESULT: {}
COMMAND: GET /session/fefae731ffe12f9640dd1679bcba6cb2/screenshot - {}
RESULT: {}
COMMAND: POST /session/fefae731ffe12f9640dd1679bcba6cb2/execute/async - {"script":"<script> [1562 bytes]","args":[{"selector":{"controlType":"sap.m.SearchField","properties":{"placeholder":"Search"},"searchOpenDialogs":true,"interaction":{"idSuffix":"I"}},"wdio_ui5_key":"sapm.SearchField{\"placeholder\":\"Search\"}"}]}
RESULT: {"script":"<script> [1562 bytes]","args":[{"selector":{"controlType":"sap.m.SearchField","properties":{"placeholder":"Search"},"searchOpenDialogs":true,"interaction":{"idSuffix":"I"}},"wdio_ui5_key":"sapm.SearchField{\"placeholder\":\"Search\"}"}]}
RESULT: undefined
COMMAND: POST /session/fefae731ffe12f9640dd1679bcba6cb2/execute/async - {"script":"<script> [776 bytes]","args":[{"enterText":"4000360","selector":{"controlType":"sap.m.SearchField","properties":{"placeholder":"Search"},"searchOpenDialogs":true,"interaction":{"idSuffix":"I"}},"clearTextFirst":true,"interactionType":"ENTER_TEXT"}]}
RESULT: {"script":"<script> [776 bytes]","args":[{"enterText":"4000360","selector":{"controlType":"sap.m.SearchField","properties":{"placeholder":"Search"},"searchOpenDialogs":true,"interaction":{"idSuffix":"I"}},"clearTextFirst":true,"interactionType":"ENTER_TEXT"}]}
COMMAND: POST /session/fefae731ffe12f9640dd1679bcba6cb2/actions - {"actions":[{"id":"action41","type":"key","parameters":{},"actions":[{"type":"keyDown","value":"î€‡"},{"type":"pause","duration":10},{"type":"keyUp","value":"î€‡"}]}]}
RESULT: {"actions":[{"id":"action41","type":"key","parameters":{},"actions":[{"type":"keyDown","value":"î€‡"},{"type":"pause","duration":10},{"type":"keyUp","value":"î€‡"}]}]}
COMMAND: GET /session/fefae731ffe12f9640dd1679bcba6cb2/screenshot - {}
RESULT: {}
COMMAND: POST /session/fefae731ffe12f9640dd1679bcba6cb2/element - {"using":"xpath","value":"//td/div/span[contains(text(), \"BGL Vehicles\")]"}
RESULT: {"using":"xpath","value":"//td/div/span[contains(text(), \"BGL Vehicles\")]"}
COMMAND: POST /session/fefae731ffe12f9640dd1679bcba6cb2/element/f.260C0A6E86F32DC815D14290BCACE04C.d.041FDB1B21E0E02F4DCE8B83634B2EDD.e.10698/click - {}
RESULT: {}
COMMAND: GET /session/fefae731ffe12f9640dd1679bcba6cb2/screenshot - {}
RESULT: {}
COMMAND: POST /session/fefae731ffe12f9640dd1679bcba6cb2/element - {"using":"xpath","value":"//bdi[contains(text(), \"OK\")]"}
RESULT: {"using":"xpath","value":"//bdi[contains(text(), \"OK\")]"}
COMMAND: POST /session/fefae731ffe12f9640dd1679bcba6cb2/element/f.260C0A6E86F32DC815D14290BCACE04C.d.041FDB1B21E0E02F4DCE8B83634B2EDD.e.10699/click - {}
RESULT: {}
COMMAND: GET /session/fefae731ffe12f9640dd1679bcba6cb2/screenshot - {}
RESULT: {}
COMMAND: POST /session/fefae731ffe12f9640dd1679bcba6cb2/element - {"using":"xpath","value":"//label[contains(@class, 'sapMLabelRequired') and .//bdi[contains(text(), 'Planned Retirement')]]"}
RESULT: {"using":"xpath","value":"//label[contains(@class, 'sapMLabelRequired') and .//bdi[contains(text(), 'Planned Retirement')]]"}
COMMAND: POST /session/fefae731ffe12f9640dd1679bcba6cb2/elements - {"using":"xpath","value":"//label[contains(@class, 'sapMLabelRequired') and .//bdi[contains(text(), 'Planned Retirement')]]"}
RESULT: {"using":"xpath","value":"//label[contains(@class, 'sapMLabelRequired') and .//bdi[contains(text(), 'Planned Retirement')]]"}
COMMAND: POST /session/fefae731ffe12f9640dd1679bcba6cb2/element - {"using":"xpath","value":"//button[@data-kt=\"resourceUnitSaveButton\"]"}
RESULT: {"using":"xpath","value":"//button[@data-kt=\"resourceUnitSaveButton\"]"}
COMMAND: POST /session/fefae731ffe12f9640dd1679bcba6cb2/element/f.260C0A6E86F32DC815D14290BCACE04C.d.041FDB1B21E0E02F4DCE8B83634B2EDD.e.10600/click - {}
RESULT: {}
COMMAND: GET /session/fefae731ffe12f9640dd1679bcba6cb2/screenshot - {}
RESULT: {}
COMMAND: POST /session/fefae731ffe12f9640dd1679bcba6cb2/element - {"using":"xpath","value":"//bdi[contains(text(), \"Close\")]"}
RESULT: {"using":"xpath","value":"//bdi[contains(text(), \"Close\")]"}
COMMAND: POST /session/fefae731ffe12f9640dd1679bcba6cb2/element/f.260C0A6E86F32DC815D14290BCACE04C.d.041FDB1B21E0E02F4DCE8B83634B2EDD.e.10705/click - {}
RESULT: {}
COMMAND: GET /session/fefae731ffe12f9640dd1679bcba6cb2/screenshot - {}
RESULT: {}
COMMAND: POST /session/fefae731ffe12f9640dd1679bcba6cb2/element - {"using":"xpath","value":"//header[contains(@id, 'detailRruPage-headerTitle')]/div[1]/div[2]/div[2]/span[1]"}
RESULT: {"using":"xpath","value":"//header[contains(@id, 'detailRruPage-headerTitle')]/div[1]/div[2]/div[2]/span[1]"}
COMMAND: POST /session/fefae731ffe12f9640dd1679bcba6cb2/elements - {"using":"xpath","value":"//header[contains(@id, 'detailRruPage-headerTitle')]/div[1]/div[2]/div[2]/span[1]"}
RESULT: {"using":"xpath","value":"//header[contains(@id, 'detailRruPage-headerTitle')]/div[1]/div[2]/div[2]/span[1]"}
COMMAND: POST /session/fefae731ffe12f9640dd1679bcba6cb2/execute/sync - {"script":"<script> [56 bytes]","args":[{"element-6066-11e4-a52e-4f735466cecf":"f.260C0A6E86F32DC815D14290BCACE04C.d.041FDB1B21E0E02F4DCE8B83634B2EDD.e.10741","ELEMENT":"f.260C0A6E86F32DC815D14290BCACE04C.d.041FDB1B21E0E02F4DCE8B83634B2EDD.e.10741"}]}
RESULT: {"script":"<script> [56 bytes]","args":[{"element-6066-11e4-a52e-4f735466cecf":"f.260C0A6E86F32DC815D14290BCACE04C.d.041FDB1B21E0E02F4DCE8B83634B2EDD.e.10741","ELEMENT":"f.260C0A6E86F32DC815D14290BCACE04C.d.041FDB1B21E0E02F4DCE8B83634B2EDD.e.10741"}]}
COMMAND: POST /session/fefae731ffe12f9640dd1679bcba6cb2/element - {"using":"css selector","value":"#shell-header-logo"}
COMMAND: GET /session/fefae731ffe12f9640dd1679bcba6cb2/screenshot - {}
RESULT: {"using":"css selector","value":"#shell-header-logo"}
COMMAND: POST /session/fefae731ffe12f9640dd1679bcba6cb2/element/f.260C0A6E86F32DC815D14290BCACE04C.d.041FDB1B21E0E02F4DCE8B83634B2EDD.e.10066/click - {}
RESULT: {}
RESULT: {}
COMMAND: GET /session/fefae731ffe12f9640dd1679bcba6cb2/screenshot - {}
RESULT: {}
]]></system-out>
    </testcase>
  </testsuite>
  <testsuite timestamp="2025-05-14T06:53:28" time="236.852" tests="6" failures="5" errors="5" skipped="0">
    <properties>
      <property name="specId" value="0" />
      <property name="suiteName" value="Provide to Site w/o warehouse management w/o clarification" />
      <property name="capabilities" value="chrome.136_0_7103_49.windows" />
      <property name="file" value="file:///D:/a/1/s/test/specs/HTR/provide-to-site-wo-warehouse-wo-clarification.spec.js" />
    </properties>
    <testcase classname="chrome.136_0_7103_49.windows.Provide_to_Site_w/o_warehouse_management_w/o_clarification" name="Should test for Clarification" time="0.005">
      <system-out><![CDATA[
COMMAND: POST /session/fefae731ffe12f9640dd1679bcba6cb2/element - {"using":"css selector","value":"#j_username"}
COMMAND: POST /session/fefae731ffe12f9640dd1679bcba6cb2/url - {"url":"https://qa-testing-00-live-etm-ui.cfapps.eu10-004.hana.ondemand.com/"}
COMMAND: GET /session/fefae731ffe12f9640dd1679bcba6cb2/screenshot - {}
COMMAND: GET /session/fefae731ffe12f9640dd1679bcba6cb2/screenshot - {}
RESULT: {"url":"https://qa-testing-00-live-etm-ui.cfapps.eu10-004.hana.ondemand.com/"}
RESULT: undefined
COMMAND: GET /session/fefae731ffe12f9640dd1679bcba6cb2/screenshot - {}
RESULT: {"using":"css selector","value":"#j_username"}
COMMAND: POST /session/fefae731ffe12f9640dd1679bcba6cb2/element - {"using":"css selector","value":"#j_username"}
RESULT: {}
RESULT: {}
RESULT: {}
RESULT: {"using":"css selector","value":"#j_username"}
COMMAND: POST /session/fefae731ffe12f9640dd1679bcba6cb2/element - {"using":"css selector","value":"#shell-header-logo"}
RESULT: {"using":"css selector","value":"#shell-header-logo"}
COMMAND: POST /session/fefae731ffe12f9640dd1679bcba6cb2/execute/sync - {"script":"<script> [8489 bytes]","args":[{"element-6066-11e4-a52e-4f735466cecf":"f.260C0A6E86F32DC815D14290BCACE04C.d.9599AA46D90A60952C7013D60CB8E2B0.e.11341","ELEMENT":"f.260C0A6E86F32DC815D14290BCACE04C.d.9599AA46D90A60952C7013D60CB8E2B0.e.11341"}]}
RESULT: {"script":"<script> [8489 bytes]","args":[{"element-6066-11e4-a52e-4f735466cecf":"f.260C0A6E86F32DC815D14290BCACE04C.d.9599AA46D90A60952C7013D60CB8E2B0.e.11341","ELEMENT":"f.260C0A6E86F32DC815D14290BCACE04C.d.9599AA46D90A60952C7013D60CB8E2B0.e.11341"}]}
COMMAND: POST /session/fefae731ffe12f9640dd1679bcba6cb2/element - {"using":"css selector","value":"#shell-header-logo"}
COMMAND: GET /session/fefae731ffe12f9640dd1679bcba6cb2/screenshot - {}
RESULT: {"using":"css selector","value":"#shell-header-logo"}
COMMAND: POST /session/fefae731ffe12f9640dd1679bcba6cb2/execute/sync - {"script":"<script> [8489 bytes]","args":[{"element-6066-11e4-a52e-4f735466cecf":"f.260C0A6E86F32DC815D14290BCACE04C.d.9599AA46D90A60952C7013D60CB8E2B0.e.11341","ELEMENT":"f.260C0A6E86F32DC815D14290BCACE04C.d.9599AA46D90A60952C7013D60CB8E2B0.e.11341"}]}
RESULT: {}
RESULT: {"script":"<script> [8489 bytes]","args":[{"element-6066-11e4-a52e-4f735466cecf":"f.260C0A6E86F32DC815D14290BCACE04C.d.9599AA46D90A60952C7013D60CB8E2B0.e.11341","ELEMENT":"f.260C0A6E86F32DC815D14290BCACE04C.d.9599AA46D90A60952C7013D60CB8E2B0.e.11341"}]}
COMMAND: POST /session/fefae731ffe12f9640dd1679bcba6cb2/execute/sync - {"script":"<script> [5351 bytes]","args":[{"element-6066-11e4-a52e-4f735466cecf":"f.260C0A6E86F32DC815D14290BCACE04C.d.9599AA46D90A60952C7013D60CB8E2B0.e.11341","ELEMENT":"f.260C0A6E86F32DC815D14290BCACE04C.d.9599AA46D90A60952C7013D60CB8E2B0.e.11341"}]}
COMMAND: GET /session/fefae731ffe12f9640dd1679bcba6cb2/screenshot - {}
RESULT: {"script":"<script> [5351 bytes]","args":[{"element-6066-11e4-a52e-4f735466cecf":"f.260C0A6E86F32DC815D14290BCACE04C.d.9599AA46D90A60952C7013D60CB8E2B0.e.11341","ELEMENT":"f.260C0A6E86F32DC815D14290BCACE04C.d.9599AA46D90A60952C7013D60CB8E2B0.e.11341"}]}
COMMAND: POST /session/fefae731ffe12f9640dd1679bcba6cb2/element - {"using":"css selector","value":"#shell-header-logo"}
COMMAND: GET /session/fefae731ffe12f9640dd1679bcba6cb2/screenshot - {}
RESULT: {}
RESULT: {"using":"css selector","value":"#shell-header-logo"}
COMMAND: POST /session/fefae731ffe12f9640dd1679bcba6cb2/element/f.260C0A6E86F32DC815D14290BCACE04C.d.9599AA46D90A60952C7013D60CB8E2B0.e.11341/click - {}
RESULT: {}
RESULT: {}
COMMAND: GET /session/fefae731ffe12f9640dd1679bcba6cb2/screenshot - {}
RESULT: {}
COMMAND: POST /session/fefae731ffe12f9640dd1679bcba6cb2/execute/async - {"script":"<script> [189 bytes]","args":[]}
RESULT: {"script":"<script> [189 bytes]","args":[]}
COMMAND: POST /session/fefae731ffe12f9640dd1679bcba6cb2/execute/async - {"script":"<script> [123 bytes]","args":[]}
RESULT: {"script":"<script> [123 bytes]","args":[]}
COMMAND: POST /session/fefae731ffe12f9640dd1679bcba6cb2/timeouts - {"script":"<number>"}
RESULT: {"script":"<number>"}
COMMAND: GET /session/fefae731ffe12f9640dd1679bcba6cb2/timeouts - {}
RESULT: {}
RESULT: undefined
COMMAND: POST /session/fefae731ffe12f9640dd1679bcba6cb2/execute/async - {"script":"<script> [2676 bytes]","args":[]}
RESULT: {"script":"<script> [2676 bytes]","args":[]}
COMMAND: POST /session/fefae731ffe12f9640dd1679bcba6cb2/execute/async - {"script":"<script> [2342 bytes]","args":[{"protocol":"http","hostname":"0.0.0.0","path":"/","capabilities":{"browserName":"chrome","goog:chromeOptions":{"binary":"C:\\Program Files\\Google\\Chrome\\Application\\chrome.exe","args":["--start-maximized"]}},"logLevel":"warn","connectionRetryTimeout":120000,"connectionRetryCount":3,"logLevels":{},"enableDirectConnect":true,"strictSSL":true,"_":"65 more keys: [\"cacheDir\",\"port\",\"requestedCapabilities\",\"automationProtocol\",\"baseUrl\",\"waitforInterval\",\"waitforTimeout\",\"onReload\",\"beforeCommand\",\"afterCommand\",\"rootDir\",\"specs\",\"suites\",\"exclude\",\"groupLogsByTestSpec\",\"excludeDriverLogs\",\"bail\",\"framework\",\"reporters\",\"services\",\"maxInstances\",\"maxInstancesPerCapability\",\"injectGlobals\",\"filesToWatch\",\"execArgv\",\"runnerEnv\",\"runner\",\"shard\",\"specFileRetries\",\"specFileRetriesDelay\",\"specFileRetriesDeferred\",\"reporterSyncInterval\",\"reporterSyncTimeout\",\"cucumberFeaturesWithLineNumbers\",\"autoCompileOpts\",\"mochaOpts\",\"jasmineOpts\",\"cucumberOpts\",\"onPrepare\",\"onWorkerStart\",\"onWorkerEnd\",\"before\",\"beforeSession\",\"beforeSuite\",\"beforeHook\",\"beforeTest\",\"afterTest\",\"afterHook\",\"afterSuite\",\"afterSession\",\"after\",\"onComplete\",\"beforeAssertion\",\"afterAssertion\",\"beforeFeature\",\"beforeScenario\",\"beforeStep\",\"afterStep\",\"afterScenario\",\"afterFeature\",\"_\",\"suite\",\"$0\",\"ignoredWorkerServices\",\"wdi5\"]"}]}
RESULT: {"script":"<script> [2342 bytes]","args":[{"protocol":"http","hostname":"0.0.0.0","path":"/","capabilities":{"browserName":"chrome","goog:chromeOptions":{"binary":"C:\\Program Files\\Google\\Chrome\\Application\\chrome.exe","args":["--start-maximized"]}},"logLevel":"warn","connectionRetryTimeout":120000,"connectionRetryCount":3,"logLevels":{},"enableDirectConnect":true,"strictSSL":true,"_":"65 more keys: [\"cacheDir\",\"port\",\"requestedCapabilities\",\"automationProtocol\",\"baseUrl\",\"waitforInterval\",\"waitforTimeout\",\"onReload\",\"beforeCommand\",\"afterCommand\",\"rootDir\",\"specs\",\"suites\",\"exclude\",\"groupLogsByTestSpec\",\"excludeDriverLogs\",\"bail\",\"framework\",\"reporters\",\"services\",\"maxInstances\",\"maxInstancesPerCapability\",\"injectGlobals\",\"filesToWatch\",\"execArgv\",\"runnerEnv\",\"runner\",\"shard\",\"specFileRetries\",\"specFileRetriesDelay\",\"specFileRetriesDeferred\",\"reporterSyncInterval\",\"reporterSyncTimeout\",\"cucumberFeaturesWithLineNumbers\",\"autoCompileOpts\",\"mochaOpts\",\"jasmineOpts\",\"cucumberOpts\",\"onPrepare\",\"onWorkerStart\",\"onWorkerEnd\",\"before\",\"beforeSession\",\"beforeSuite\",\"beforeHook\",\"beforeTest\",\"afterTest\",\"afterHook\",\"afterSuite\",\"afterSession\",\"after\",\"onComplete\",\"beforeAssertion\",\"afterAssertion\",\"beforeFeature\",\"beforeScenario\",\"beforeStep\",\"afterStep\",\"afterScenario\",\"afterFeature\",\"_\",\"suite\",\"$0\",\"ignoredWorkerServices\",\"wdi5\"]"}]}
COMMAND: POST /session/fefae731ffe12f9640dd1679bcba6cb2/execute/async - {"script":"<script> [21126 bytes]","args":[35000]}
RESULT: {"script":"<script> [21126 bytes]","args":[35000]}
COMMAND: POST /session/fefae731ffe12f9640dd1679bcba6cb2/window/maximize - {}
RESULT: {}
COMMAND: POST /session/fefae731ffe12f9640dd1679bcba6cb2/execute/async - {"script":"<script> [1562 bytes]","args":[{"selector":{"id":"shell-header","interaction":{"idSuffix":"icon"}},"wdio_ui5_key":"shellheader"}]}
COMMAND: GET /session/fefae731ffe12f9640dd1679bcba6cb2/screenshot - {}
RESULT: {"script":"<script> [1562 bytes]","args":[{"selector":{"id":"shell-header","interaction":{"idSuffix":"icon"}},"wdio_ui5_key":"shellheader"}]}
RESULT: undefined
COMMAND: POST /session/fefae731ffe12f9640dd1679bcba6cb2/refresh - {}
RESULT: {}
RESULT: {}
COMMAND: GET /session/fefae731ffe12f9640dd1679bcba6cb2/screenshot - {}
RESULT: {}
COMMAND: POST /session/fefae731ffe12f9640dd1679bcba6cb2/refresh - {}
RESULT: {}
COMMAND: GET /session/fefae731ffe12f9640dd1679bcba6cb2/screenshot - {}
RESULT: {}
COMMAND: POST /session/fefae731ffe12f9640dd1679bcba6cb2/window/fullscreen - {}
RESULT: {}
COMMAND: POST /session/fefae731ffe12f9640dd1679bcba6cb2/execute/async - {"script":"<script> [189 bytes]","args":[]}
RESULT: {"script":"<script> [189 bytes]","args":[]}
COMMAND: POST /session/fefae731ffe12f9640dd1679bcba6cb2/execute/async - {"script":"<script> [123 bytes]","args":[]}
RESULT: {"script":"<script> [123 bytes]","args":[]}
COMMAND: POST /session/fefae731ffe12f9640dd1679bcba6cb2/timeouts - {"script":"<number>"}
RESULT: {"script":"<number>"}
COMMAND: GET /session/fefae731ffe12f9640dd1679bcba6cb2/timeouts - {}
RESULT: {}
RESULT: undefined
COMMAND: POST /session/fefae731ffe12f9640dd1679bcba6cb2/execute/async - {"script":"<script> [2676 bytes]","args":[]}
RESULT: {"script":"<script> [2676 bytes]","args":[]}
COMMAND: POST /session/fefae731ffe12f9640dd1679bcba6cb2/execute/async - {"script":"<script> [2342 bytes]","args":[{"protocol":"http","hostname":"0.0.0.0","path":"/","capabilities":{"browserName":"chrome","goog:chromeOptions":{"binary":"C:\\Program Files\\Google\\Chrome\\Application\\chrome.exe","args":["--start-maximized"]}},"logLevel":"warn","connectionRetryTimeout":120000,"connectionRetryCount":3,"logLevels":{},"enableDirectConnect":true,"strictSSL":true,"_":"65 more keys: [\"cacheDir\",\"port\",\"requestedCapabilities\",\"automationProtocol\",\"baseUrl\",\"waitforInterval\",\"waitforTimeout\",\"onReload\",\"beforeCommand\",\"afterCommand\",\"rootDir\",\"specs\",\"suites\",\"exclude\",\"groupLogsByTestSpec\",\"excludeDriverLogs\",\"bail\",\"framework\",\"reporters\",\"services\",\"maxInstances\",\"maxInstancesPerCapability\",\"injectGlobals\",\"filesToWatch\",\"execArgv\",\"runnerEnv\",\"runner\",\"shard\",\"specFileRetries\",\"specFileRetriesDelay\",\"specFileRetriesDeferred\",\"reporterSyncInterval\",\"reporterSyncTimeout\",\"cucumberFeaturesWithLineNumbers\",\"autoCompileOpts\",\"mochaOpts\",\"jasmineOpts\",\"cucumberOpts\",\"onPrepare\",\"onWorkerStart\",\"onWorkerEnd\",\"before\",\"beforeSession\",\"beforeSuite\",\"beforeHook\",\"beforeTest\",\"afterTest\",\"afterHook\",\"afterSuite\",\"afterSession\",\"after\",\"onComplete\",\"beforeAssertion\",\"afterAssertion\",\"beforeFeature\",\"beforeScenario\",\"beforeStep\",\"afterStep\",\"afterScenario\",\"afterFeature\",\"_\",\"suite\",\"$0\",\"ignoredWorkerServices\",\"wdi5\"]"}]}
RESULT: {"script":"<script> [2342 bytes]","args":[{"protocol":"http","hostname":"0.0.0.0","path":"/","capabilities":{"browserName":"chrome","goog:chromeOptions":{"binary":"C:\\Program Files\\Google\\Chrome\\Application\\chrome.exe","args":["--start-maximized"]}},"logLevel":"warn","connectionRetryTimeout":120000,"connectionRetryCount":3,"logLevels":{},"enableDirectConnect":true,"strictSSL":true,"_":"65 more keys: [\"cacheDir\",\"port\",\"requestedCapabilities\",\"automationProtocol\",\"baseUrl\",\"waitforInterval\",\"waitforTimeout\",\"onReload\",\"beforeCommand\",\"afterCommand\",\"rootDir\",\"specs\",\"suites\",\"exclude\",\"groupLogsByTestSpec\",\"excludeDriverLogs\",\"bail\",\"framework\",\"reporters\",\"services\",\"maxInstances\",\"maxInstancesPerCapability\",\"injectGlobals\",\"filesToWatch\",\"execArgv\",\"runnerEnv\",\"runner\",\"shard\",\"specFileRetries\",\"specFileRetriesDelay\",\"specFileRetriesDeferred\",\"reporterSyncInterval\",\"reporterSyncTimeout\",\"cucumberFeaturesWithLineNumbers\",\"autoCompileOpts\",\"mochaOpts\",\"jasmineOpts\",\"cucumberOpts\",\"onPrepare\",\"onWorkerStart\",\"onWorkerEnd\",\"before\",\"beforeSession\",\"beforeSuite\",\"beforeHook\",\"beforeTest\",\"afterTest\",\"afterHook\",\"afterSuite\",\"afterSession\",\"after\",\"onComplete\",\"beforeAssertion\",\"afterAssertion\",\"beforeFeature\",\"beforeScenario\",\"beforeStep\",\"afterStep\",\"afterScenario\",\"afterFeature\",\"_\",\"suite\",\"$0\",\"ignoredWorkerServices\",\"wdi5\"]"}]}
COMMAND: POST /session/fefae731ffe12f9640dd1679bcba6cb2/execute/async - {"script":"<script> [21126 bytes]","args":[35000]}
RESULT: {"script":"<script> [21126 bytes]","args":[35000]}
]]></system-out>
    </testcase>
  </testsuite>
  <testsuite timestamp="2025-05-14T06:57:25" time="414.151" tests="8" failures="5" errors="5" skipped="0">
    <properties>
      <property name="specId" value="0" />
      <property name="suiteName" value="Return from Site w/ warehouse management w/ clarification US125588" />
      <property name="capabilities" value="chrome.136_0_7103_49.windows" />
      <property name="file" value="file:///D:/a/1/s/test/specs/HTR/return-from-site-w-warehouse-management-w-clarification.spec.js" />
    </properties>
    <testcase classname="chrome.136_0_7103_49.windows.Return_from_Site_w/_warehouse_management_w/_clarification_US125588" name="Should create a new WHM yard" time="0.017">
      <system-out><![CDATA[
COMMAND: POST /session/fefae731ffe12f9640dd1679bcba6cb2/window/fullscreen - {}
RESULT: {}
]]></system-out>
    </testcase>
    <testcase classname="chrome.136_0_7103_49.windows.Return_from_Site_w/_warehouse_management_w/_clarification_US125588" name="Should create a new external WHM partner" time="0.004" />
    <testcase classname="chrome.136_0_7103_49.windows.Return_from_Site_w/_warehouse_management_w/_clarification_US125588" name="Should create a new WHM site" time="0.005" />
  </testsuite>
  <testsuite timestamp="2025-05-14T07:04:19" time="451.583" tests="7" failures="7" errors="7" skipped="0">
    <properties>
      <property name="specId" value="0" />
      <property name="suiteName" value="Provide to Site w/ warehouse management w clarification" />
      <property name="capabilities" value="chrome.136_0_7103_49.windows" />
      <property name="file" value="file:///D:/a/1/s/test/specs/HTR/return-from-site-w-warehouse-management-w-clarification.spec.js" />
    </properties>
  </testsuite>
  <testsuite timestamp="2025-05-14T07:11:50" time="292.623" tests="9" failures="2" errors="2" skipped="0">
    <properties>
      <property name="specId" value="0" />
      <property name="suiteName" value="Create masterdata for Yard Overview - trigger provide US130988" />
      <property name="capabilities" value="chrome.136_0_7103_49.windows" />
      <property name="file" value="file:///D:/a/1/s/test/specs/HTR/stock-decrease.spec.js" />
    </properties>
    <testcase classname="chrome.136_0_7103_49.windows.Create_masterdata_for_Yard_Overview_-_trigger_provide_US130988" name="Should create a new WHM yard" time="0.05">
      <system-out><![CDATA[
COMMAND: POST /session/fefae731ffe12f9640dd1679bcba6cb2/window/fullscreen - {}
RESULT: {}
]]></system-out>
    </testcase>
    <testcase classname="chrome.136_0_7103_49.windows.Create_masterdata_for_Yard_Overview_-_trigger_provide_US130988" name="Should create a new partner" time="0.005" />
    <testcase classname="chrome.136_0_7103_49.windows.Create_masterdata_for_Yard_Overview_-_trigger_provide_US130988" name="Should create a new site" time="0.003" />
    <testcase classname="chrome.136_0_7103_49.windows.Create_masterdata_for_Yard_Overview_-_trigger_provide_US130988" name="Should create a new material" time="128.486">
      <system-out><![CDATA[
COMMAND: POST /session/fefae731ffe12f9640dd1679bcba6cb2/execute/async - {"script":"<script> [1562 bytes]","args":[{"selector":{"controlType":"sap.m.GenericTile","properties":{"header":"Manage Resources"}},"wdio_ui5_key":"sapm.GenericTile{\"header\":\"Manage Resources\"}"}]}
RESULT: {"script":"<script> [1562 bytes]","args":[{"selector":{"controlType":"sap.m.GenericTile","properties":{"header":"Manage Resources"}},"wdio_ui5_key":"sapm.GenericTile{\"header\":\"Manage Resources\"}"}]}
RESULT: undefined
COMMAND: POST /session/fefae731ffe12f9640dd1679bcba6cb2/element - {"using":"xpath","value":"//*[@id=\"__tile31\"]"}
RESULT: {"using":"xpath","value":"//*[@id=\"__tile31\"]"}
COMMAND: POST /session/fefae731ffe12f9640dd1679bcba6cb2/element/f.260C0A6E86F32DC815D14290BCACE04C.d.5B3A1FC4FE23DB0EF7040795C6EDEB8F.e.12266/click - {}
RESULT: {}
COMMAND: POST /session/fefae731ffe12f9640dd1679bcba6cb2/element - {"using":"xpath","value":"//button[@data-kt=\"addNewRUOverflowToolbarButton\"]"}
COMMAND: GET /session/fefae731ffe12f9640dd1679bcba6cb2/screenshot - {}
RESULT: {}
RESULT: {"using":"xpath","value":"//button[@data-kt=\"addNewRUOverflowToolbarButton\"]"}
COMMAND: POST /session/fefae731ffe12f9640dd1679bcba6cb2/elements - {"using":"xpath","value":"//button[@data-kt=\"addNewRUOverflowToolbarButton\"]"}
RESULT: {"using":"xpath","value":"//button[@data-kt=\"addNewRUOverflowToolbarButton\"]"}
COMMAND: POST /session/fefae731ffe12f9640dd1679bcba6cb2/elements - {"using":"xpath","value":"//button[@data-kt=\"addNewRUOverflowToolbarButton\"]"}
RESULT: {"using":"xpath","value":"//button[@data-kt=\"addNewRUOverflowToolbarButton\"]"}
COMMAND: POST /session/fefae731ffe12f9640dd1679bcba6cb2/elements - {"using":"xpath","value":"//button[@data-kt=\"addNewRUOverflowToolbarButton\"]"}
RESULT: {"using":"xpath","value":"//button[@data-kt=\"addNewRUOverflowToolbarButton\"]"}
COMMAND: POST /session/fefae731ffe12f9640dd1679bcba6cb2/elements - {"using":"xpath","value":"//button[@data-kt=\"addNewRUOverflowToolbarButton\"]"}
RESULT: {"using":"xpath","value":"//button[@data-kt=\"addNewRUOverflowToolbarButton\"]"}
COMMAND: POST /session/fefae731ffe12f9640dd1679bcba6cb2/element - {"using":"xpath","value":"//button[@data-kt=\"addNewRUOverflowToolbarButton\"]"}
RESULT: {"using":"xpath","value":"//button[@data-kt=\"addNewRUOverflowToolbarButton\"]"}
COMMAND: POST /session/fefae731ffe12f9640dd1679bcba6cb2/execute/sync - {"script":"<script> [8489 bytes]","args":[{"element-6066-11e4-a52e-4f735466cecf":"f.260C0A6E86F32DC815D14290BCACE04C.d.5B3A1FC4FE23DB0EF7040795C6EDEB8F.e.12397","ELEMENT":"f.260C0A6E86F32DC815D14290BCACE04C.d.5B3A1FC4FE23DB0EF7040795C6EDEB8F.e.12397"}]}
RESULT: {"script":"<script> [8489 bytes]","args":[{"element-6066-11e4-a52e-4f735466cecf":"f.260C0A6E86F32DC815D14290BCACE04C.d.5B3A1FC4FE23DB0EF7040795C6EDEB8F.e.12397","ELEMENT":"f.260C0A6E86F32DC815D14290BCACE04C.d.5B3A1FC4FE23DB0EF7040795C6EDEB8F.e.12397"}]}
COMMAND: GET /session/fefae731ffe12f9640dd1679bcba6cb2/element/f.260C0A6E86F32DC815D14290BCACE04C.d.5B3A1FC4FE23DB0EF7040795C6EDEB8F.e.12397/enabled - {}
COMMAND: GET /session/fefae731ffe12f9640dd1679bcba6cb2/screenshot - {}
RESULT: {}
COMMAND: POST /session/fefae731ffe12f9640dd1679bcba6cb2/execute/sync - {"script":"<script> [8489 bytes]","args":[{"element-6066-11e4-a52e-4f735466cecf":"f.260C0A6E86F32DC815D14290BCACE04C.d.5B3A1FC4FE23DB0EF7040795C6EDEB8F.e.12397","ELEMENT":"f.260C0A6E86F32DC815D14290BCACE04C.d.5B3A1FC4FE23DB0EF7040795C6EDEB8F.e.12397"}]}
COMMAND: GET /session/fefae731ffe12f9640dd1679bcba6cb2/screenshot - {}
RESULT: {}
RESULT: {"script":"<script> [8489 bytes]","args":[{"element-6066-11e4-a52e-4f735466cecf":"f.260C0A6E86F32DC815D14290BCACE04C.d.5B3A1FC4FE23DB0EF7040795C6EDEB8F.e.12397","ELEMENT":"f.260C0A6E86F32DC815D14290BCACE04C.d.5B3A1FC4FE23DB0EF7040795C6EDEB8F.e.12397"}]}
COMMAND: POST /session/fefae731ffe12f9640dd1679bcba6cb2/execute/sync - {"script":"<script> [5351 bytes]","args":[{"element-6066-11e4-a52e-4f735466cecf":"f.260C0A6E86F32DC815D14290BCACE04C.d.5B3A1FC4FE23DB0EF7040795C6EDEB8F.e.12397","ELEMENT":"f.260C0A6E86F32DC815D14290BCACE04C.d.5B3A1FC4FE23DB0EF7040795C6EDEB8F.e.12397"}]}
COMMAND: GET /session/fefae731ffe12f9640dd1679bcba6cb2/screenshot - {}
RESULT: {}
RESULT: {"script":"<script> [5351 bytes]","args":[{"element-6066-11e4-a52e-4f735466cecf":"f.260C0A6E86F32DC815D14290BCACE04C.d.5B3A1FC4FE23DB0EF7040795C6EDEB8F.e.12397","ELEMENT":"f.260C0A6E86F32DC815D14290BCACE04C.d.5B3A1FC4FE23DB0EF7040795C6EDEB8F.e.12397"}]}
COMMAND: POST /session/fefae731ffe12f9640dd1679bcba6cb2/element/f.260C0A6E86F32DC815D14290BCACE04C.d.5B3A1FC4FE23DB0EF7040795C6EDEB8F.e.12397/click - {}
COMMAND: GET /session/fefae731ffe12f9640dd1679bcba6cb2/screenshot - {}
RESULT: {}
RESULT: {}
COMMAND: GET /session/fefae731ffe12f9640dd1679bcba6cb2/screenshot - {}
COMMAND: POST /session/fefae731ffe12f9640dd1679bcba6cb2/execute/async - {"script":"<script> [1562 bytes]","args":[{"selector":{"id":"application-manageresources-display-component---newResourceUnit--TYPE-arrow"},"wdio_ui5_key":"applicationmanageresources-display-component---newResourceUnit--TYPE-arrow"}]}
RESULT: {}
RESULT: {}
RESULT: {"script":"<script> [1562 bytes]","args":[{"selector":{"id":"application-manageresources-display-component---newResourceUnit--TYPE-arrow"},"wdio_ui5_key":"applicationmanageresources-display-component---newResourceUnit--TYPE-arrow"}]}
RESULT: undefined
COMMAND: POST /session/fefae731ffe12f9640dd1679bcba6cb2/element - {"using":"xpath","value":"//*[@id=\"application-manageresources-display-component---newResourceUnit--TYPE-arrow\"]"}
RESULT: {"using":"xpath","value":"//*[@id=\"application-manageresources-display-component---newResourceUnit--TYPE-arrow\"]"}
COMMAND: POST /session/fefae731ffe12f9640dd1679bcba6cb2/element/f.260C0A6E86F32DC815D14290BCACE04C.d.5B3A1FC4FE23DB0EF7040795C6EDEB8F.e.12754/click - {}
RESULT: {}
COMMAND: POST /session/fefae731ffe12f9640dd1679bcba6cb2/element - {"using":"xpath","value":"//input[@id=\"application-manageresources-display-component---newResourceUnit--TYPE-inner\"]"}
COMMAND: GET /session/fefae731ffe12f9640dd1679bcba6cb2/screenshot - {}
RESULT: {"using":"xpath","value":"//input[@id=\"application-manageresources-display-component---newResourceUnit--TYPE-inner\"]"}
COMMAND: POST /session/fefae731ffe12f9640dd1679bcba6cb2/element/f.260C0A6E86F32DC815D14290BCACE04C.d.5B3A1FC4FE23DB0EF7040795C6EDEB8F.e.12750/clear - {}
RESULT: {}
RESULT: {}
COMMAND: POST /session/fefae731ffe12f9640dd1679bcba6cb2/element/f.260C0A6E86F32DC815D14290BCACE04C.d.5B3A1FC4FE23DB0EF7040795C6EDEB8F.e.12750/value - {"text":"Material"}
COMMAND: GET /session/fefae731ffe12f9640dd1679bcba6cb2/screenshot - {}
RESULT: {"text":"Material"}
COMMAND: GET /session/fefae731ffe12f9640dd1679bcba6cb2/screenshot - {}
RESULT: {}
RESULT: {}
COMMAND: POST /session/fefae731ffe12f9640dd1679bcba6cb2/actions - {"actions":[{"id":"action45","type":"key","parameters":{},"actions":[{"type":"keyDown","value":"î€‡"},{"type":"pause","duration":10},{"type":"keyUp","value":"î€‡"}]}]}
RESULT: {"actions":[{"id":"action45","type":"key","parameters":{},"actions":[{"type":"keyDown","value":"î€‡"},{"type":"pause","duration":10},{"type":"keyUp","value":"î€‡"}]}]}
COMMAND: POST /session/fefae731ffe12f9640dd1679bcba6cb2/execute/async - {"script":"<script> [1562 bytes]","args":[{"selector":{"id":"application-manageresources-display-component---newResourceUnit--SHORT_TEXT","interaction":{"idSuffix":"inner"}},"wdio_ui5_key":"applicationmanageresources-display-component---newResourceUnit--SHORT_TEXT"}]}
COMMAND: GET /session/fefae731ffe12f9640dd1679bcba6cb2/screenshot - {}
RESULT: {"script":"<script> [1562 bytes]","args":[{"selector":{"id":"application-manageresources-display-component---newResourceUnit--SHORT_TEXT","interaction":{"idSuffix":"inner"}},"wdio_ui5_key":"applicationmanageresources-display-component---newResourceUnit--SHORT_TEXT"}]}
RESULT: undefined
COMMAND: POST /session/fefae731ffe12f9640dd1679bcba6cb2/execute/async - {"script":"<script> [776 bytes]","args":[{"enterText":"Cement WDIO","selector":{"id":"application-manageresources-display-component---newResourceUnit--SHORT_TEXT","interaction":{"idSuffix":"inner"}},"clearTextFirst":true,"interactionType":"ENTER_TEXT"}]}
RESULT: {}
RESULT: {"script":"<script> [776 bytes]","args":[{"enterText":"Cement WDIO","selector":{"id":"application-manageresources-display-component---newResourceUnit--SHORT_TEXT","interaction":{"idSuffix":"inner"}},"clearTextFirst":true,"interactionType":"ENTER_TEXT"}]}
COMMAND: POST /session/fefae731ffe12f9640dd1679bcba6cb2/execute/async - {"script":"<script> [1562 bytes]","args":[{"selector":{"id":"application-manageresources-display-component---newResourceUnit--BASE_UNIT_OF_MEASURE","interaction":{"idSuffix":"inner"}},"wdio_ui5_key":"applicationmanageresources-display-component---newResourceUnit--BASE_UNIT_OF_MEASURE"}]}
RESULT: {"script":"<script> [1562 bytes]","args":[{"selector":{"id":"application-manageresources-display-component---newResourceUnit--BASE_UNIT_OF_MEASURE","interaction":{"idSuffix":"inner"}},"wdio_ui5_key":"applicationmanageresources-display-component---newResourceUnit--BASE_UNIT_OF_MEASURE"}]}
RESULT: undefined
COMMAND: POST /session/fefae731ffe12f9640dd1679bcba6cb2/execute/async - {"script":"<script> [776 bytes]","args":[{"enterText":"Piece","selector":{"id":"application-manageresources-display-component---newResourceUnit--BASE_UNIT_OF_MEASURE","interaction":{"idSuffix":"inner"}},"clearTextFirst":true,"interactionType":"ENTER_TEXT"}]}
RESULT: {"script":"<script> [776 bytes]","args":[{"enterText":"Piece","selector":{"id":"application-manageresources-display-component---newResourceUnit--BASE_UNIT_OF_MEASURE","interaction":{"idSuffix":"inner"}},"clearTextFirst":true,"interactionType":"ENTER_TEXT"}]}
COMMAND: POST /session/fefae731ffe12f9640dd1679bcba6cb2/execute/async - {"script":"<script> [1562 bytes]","args":[{"selector":{"id":"application-manageresources-display-component---newResourceUnit--WEIGHT_UNIT","interaction":{"idSuffix":"inner"}},"wdio_ui5_key":"applicationmanageresources-display-component---newResourceUnit--WEIGHT_UNIT"}]}
RESULT: {"script":"<script> [1562 bytes]","args":[{"selector":{"id":"application-manageresources-display-component---newResourceUnit--WEIGHT_UNIT","interaction":{"idSuffix":"inner"}},"wdio_ui5_key":"applicationmanageresources-display-component---newResourceUnit--WEIGHT_UNIT"}]}
RESULT: undefined
COMMAND: POST /session/fefae731ffe12f9640dd1679bcba6cb2/execute/async - {"script":"<script> [776 bytes]","args":[{"enterText":"Gram","selector":{"id":"application-manageresources-display-component---newResourceUnit--WEIGHT_UNIT","interaction":{"idSuffix":"inner"}},"clearTextFirst":true,"interactionType":"ENTER_TEXT"}]}
RESULT: {"script":"<script> [776 bytes]","args":[{"enterText":"Gram","selector":{"id":"application-manageresources-display-component---newResourceUnit--WEIGHT_UNIT","interaction":{"idSuffix":"inner"}},"clearTextFirst":true,"interactionType":"ENTER_TEXT"}]}
COMMAND: POST /session/fefae731ffe12f9640dd1679bcba6cb2/execute/async - {"script":"<script> [1562 bytes]","args":[{"selector":{"id":"application-manageresources-display-component---newResourceUnit--DIMENSION_UNIT","interaction":{"idSuffix":"inner"}},"wdio_ui5_key":"applicationmanageresources-display-component---newResourceUnit--DIMENSION_UNIT"}]}
RESULT: {"script":"<script> [1562 bytes]","args":[{"selector":{"id":"application-manageresources-display-component---newResourceUnit--DIMENSION_UNIT","interaction":{"idSuffix":"inner"}},"wdio_ui5_key":"applicationmanageresources-display-component---newResourceUnit--DIMENSION_UNIT"}]}
RESULT: undefined
COMMAND: POST /session/fefae731ffe12f9640dd1679bcba6cb2/execute/async - {"script":"<script> [776 bytes]","args":[{"enterText":"Meter","selector":{"id":"application-manageresources-display-component---newResourceUnit--DIMENSION_UNIT","interaction":{"idSuffix":"inner"}},"clearTextFirst":true,"interactionType":"ENTER_TEXT"}]}
RESULT: {"script":"<script> [776 bytes]","args":[{"enterText":"Meter","selector":{"id":"application-manageresources-display-component---newResourceUnit--DIMENSION_UNIT","interaction":{"idSuffix":"inner"}},"clearTextFirst":true,"interactionType":"ENTER_TEXT"}]}
COMMAND: POST /session/fefae731ffe12f9640dd1679bcba6cb2/execute/async - {"script":"<script> [1562 bytes]","args":[{"selector":{"id":"application-manageresources-display-component---newResourceUnit--newRRUPage-anchBar-application-manageresources-display-component---newResourceUnit--control-anchor","interaction":{"idSuffix":"BDI-content"}},"wdio_ui5_key":"applicationmanageresources-display-component---newResourceUnit--newRRUPage-anchBar-application-manageresources-display-component---newResourceUnit--control-anchor"}]}
RESULT: {"script":"<script> [1562 bytes]","args":[{"selector":{"id":"application-manageresources-display-component---newResourceUnit--newRRUPage-anchBar-application-manageresources-display-component---newResourceUnit--control-anchor","interaction":{"idSuffix":"BDI-content"}},"wdio_ui5_key":"applicationmanageresources-display-component---newResourceUnit--newRRUPage-anchBar-application-manageresources-display-component---newResourceUnit--control-anchor"}]}
RESULT: undefined
COMMAND: POST /session/fefae731ffe12f9640dd1679bcba6cb2/element - {"using":"xpath","value":"//*[@id=\"application-manageresources-display-component---newResourceUnit--newRRUPage-anchBar-application-manageresources-display-component---newResourceUnit--control-anchor\"]"}
RESULT: {"using":"xpath","value":"//*[@id=\"application-manageresources-display-component---newResourceUnit--newRRUPage-anchBar-application-manageresources-display-component---newResourceUnit--control-anchor\"]"}
COMMAND: POST /session/fefae731ffe12f9640dd1679bcba6cb2/element/f.260C0A6E86F32DC815D14290BCACE04C.d.5B3A1FC4FE23DB0EF7040795C6EDEB8F.e.12820/click - {}
RESULT: {}
COMMAND: POST /session/fefae731ffe12f9640dd1679bcba6cb2/execute/async - {"script":"<script> [1562 bytes]","args":[{"selector":{"id":"application-manageresources-display-component---newResourceUnit--PLANNING_GROUP","interaction":{"idSuffix":"inner"}},"wdio_ui5_key":"applicationmanageresources-display-component---newResourceUnit--PLANNING_GROUP"}]}
COMMAND: GET /session/fefae731ffe12f9640dd1679bcba6cb2/screenshot - {}
RESULT: {"script":"<script> [1562 bytes]","args":[{"selector":{"id":"application-manageresources-display-component---newResourceUnit--PLANNING_GROUP","interaction":{"idSuffix":"inner"}},"wdio_ui5_key":"applicationmanageresources-display-component---newResourceUnit--PLANNING_GROUP"}]}
RESULT: undefined
COMMAND: POST /session/fefae731ffe12f9640dd1679bcba6cb2/execute/async - {"script":"<script> [776 bytes]","args":[{"enterText":"Material","selector":{"id":"application-manageresources-display-component---newResourceUnit--PLANNING_GROUP","interaction":{"idSuffix":"inner"}},"clearTextFirst":true,"interactionType":"ENTER_TEXT"}]}
RESULT: {}
RESULT: {"script":"<script> [776 bytes]","args":[{"enterText":"Material","selector":{"id":"application-manageresources-display-component---newResourceUnit--PLANNING_GROUP","interaction":{"idSuffix":"inner"}},"clearTextFirst":true,"interactionType":"ENTER_TEXT"}]}
COMMAND: POST /session/fefae731ffe12f9640dd1679bcba6cb2/execute/async - {"script":"<script> [1562 bytes]","args":[{"selector":{"id":"application-manageresources-display-component---newResourceUnit--PLANNING_INDICATOR","interaction":{"idSuffix":"inner"}},"wdio_ui5_key":"applicationmanageresources-display-component---newResourceUnit--PLANNING_INDICATOR"}]}
RESULT: {"script":"<script> [1562 bytes]","args":[{"selector":{"id":"application-manageresources-display-component---newResourceUnit--PLANNING_INDICATOR","interaction":{"idSuffix":"inner"}},"wdio_ui5_key":"applicationmanageresources-display-component---newResourceUnit--PLANNING_INDICATOR"}]}
RESULT: undefined
COMMAND: POST /session/fefae731ffe12f9640dd1679bcba6cb2/execute/async - {"script":"<script> [776 bytes]","args":[{"enterText":"10 - infinite","selector":{"id":"application-manageresources-display-component---newResourceUnit--PLANNING_INDICATOR","interaction":{"idSuffix":"inner"}},"clearTextFirst":true,"interactionType":"ENTER_TEXT"}]}
RESULT: {"script":"<script> [776 bytes]","args":[{"enterText":"10 - infinite","selector":{"id":"application-manageresources-display-component---newResourceUnit--PLANNING_INDICATOR","interaction":{"idSuffix":"inner"}},"clearTextFirst":true,"interactionType":"ENTER_TEXT"}]}
COMMAND: POST /session/fefae731ffe12f9640dd1679bcba6cb2/element - {"using":"css selector","value":"#application-manageresources-display-component---newResourceUnit--btnAddTimeSegment"}
RESULT: {"using":"css selector","value":"#application-manageresources-display-component---newResourceUnit--btnAddTimeSegment"}
COMMAND: GET /session/fefae731ffe12f9640dd1679bcba6cb2/element/f.260C0A6E86F32DC815D14290BCACE04C.d.5B3A1FC4FE23DB0EF7040795C6EDEB8F.e.12828/rect - {}
RESULT: {}
COMMAND: GET /session/fefae731ffe12f9640dd1679bcba6cb2/window/rect - {}
RESULT: {}
COMMAND: POST /session/fefae731ffe12f9640dd1679bcba6cb2/execute/sync - {"script":"<script> [92 bytes]","args":[]}
RESULT: {"script":"<script> [92 bytes]","args":[]}
COMMAND: POST /session/fefae731ffe12f9640dd1679bcba6cb2/actions - {"actions":[{"id":"action46","type":"wheel","parameters":{},"actions":[{"type":"scroll","x":-1888,"y":-32,"deltaX":0,"deltaY":0,"duration":0,"origin":{"element-6066-11e4-a52e-4f735466cecf":"f.260C0A6E86F32DC815D14290BCACE04C.d.5B3A1FC4FE23DB0EF7040795C6EDEB8F.e.12828"}}]}]}
COMMAND: GET /session/fefae731ffe12f9640dd1679bcba6cb2/screenshot - {}
RESULT: {}
COMMAND: POST /session/fefae731ffe12f9640dd1679bcba6cb2/execute/sync - {"script":"<script> [79 bytes]","args":[{"element-6066-11e4-a52e-4f735466cecf":"f.260C0A6E86F32DC815D14290BCACE04C.d.5B3A1FC4FE23DB0EF7040795C6EDEB8F.e.12828","ELEMENT":"f.260C0A6E86F32DC815D14290BCACE04C.d.5B3A1FC4FE23DB0EF7040795C6EDEB8F.e.12828"},{"block":"start","inline":"nearest"}]}
RESULT: {"script":"<script> [79 bytes]","args":[{"element-6066-11e4-a52e-4f735466cecf":"f.260C0A6E86F32DC815D14290BCACE04C.d.5B3A1FC4FE23DB0EF7040795C6EDEB8F.e.12828","ELEMENT":"f.260C0A6E86F32DC815D14290BCACE04C.d.5B3A1FC4FE23DB0EF7040795C6EDEB8F.e.12828"},{"block":"start","inline":"nearest"}]}
COMMAND: POST /session/fefae731ffe12f9640dd1679bcba6cb2/execute/async - {"script":"<script> [1562 bytes]","args":[{"selector":{"id":"application-manageresources-display-component---newResourceUnit--btnAddTimeSegment","interaction":{"idSuffix":"inner"}},"wdio_ui5_key":"applicationmanageresources-display-component---newResourceUnit--btnAddTimeSegment"}]}
COMMAND: GET /session/fefae731ffe12f9640dd1679bcba6cb2/screenshot - {}
RESULT: {"script":"<script> [1562 bytes]","args":[{"selector":{"id":"application-manageresources-display-component---newResourceUnit--btnAddTimeSegment","interaction":{"idSuffix":"inner"}},"wdio_ui5_key":"applicationmanageresources-display-component---newResourceUnit--btnAddTimeSegment"}]}
RESULT: undefined
COMMAND: POST /session/fefae731ffe12f9640dd1679bcba6cb2/element - {"using":"xpath","value":"//*[@id=\"application-manageresources-display-component---newResourceUnit--btnAddTimeSegment\"]"}
RESULT: {}
RESULT: {"using":"xpath","value":"//*[@id=\"application-manageresources-display-component---newResourceUnit--btnAddTimeSegment\"]"}
COMMAND: POST /session/fefae731ffe12f9640dd1679bcba6cb2/element/f.260C0A6E86F32DC815D14290BCACE04C.d.5B3A1FC4FE23DB0EF7040795C6EDEB8F.e.12828/click - {}
RESULT: {}
COMMAND: GET /session/fefae731ffe12f9640dd1679bcba6cb2/screenshot - {}
RESULT: {}
COMMAND: POST /session/fefae731ffe12f9640dd1679bcba6cb2/element - {"using":"xpath","value":"//input[@id=\"application-manageresources-display-component---newResourceUnit--idRuTSAdmin-application-manageresources-display-component---newResourceUnit--RUTimeSegment-0-inner\"]"}
RESULT: {"using":"xpath","value":"//input[@id=\"application-manageresources-display-component---newResourceUnit--idRuTSAdmin-application-manageresources-display-component---newResourceUnit--RUTimeSegment-0-inner\"]"}
COMMAND: POST /session/fefae731ffe12f9640dd1679bcba6cb2/element/f.260C0A6E86F32DC815D14290BCACE04C.d.5B3A1FC4FE23DB0EF7040795C6EDEB8F.e.12833/clear - {}
RESULT: {}
COMMAND: POST /session/fefae731ffe12f9640dd1679bcba6cb2/element/f.260C0A6E86F32DC815D14290BCACE04C.d.5B3A1FC4FE23DB0EF7040795C6EDEB8F.e.12833/value - {"text":"299"}
COMMAND: GET /session/fefae731ffe12f9640dd1679bcba6cb2/screenshot - {}
RESULT: {"text":"299"}
COMMAND: GET /session/fefae731ffe12f9640dd1679bcba6cb2/screenshot - {}
RESULT: {}
RESULT: {}
COMMAND: POST /session/fefae731ffe12f9640dd1679bcba6cb2/element - {"using":"xpath","value":"//li[.//span[text()='299']]"}
RESULT: {"using":"xpath","value":"//li[.//span[text()='299']]"}
COMMAND: POST /session/fefae731ffe12f9640dd1679bcba6cb2/element/f.260C0A6E86F32DC815D14290BCACE04C.d.5B3A1FC4FE23DB0EF7040795C6EDEB8F.e.12842/click - {}
RESULT: {}
COMMAND: GET /session/fefae731ffe12f9640dd1679bcba6cb2/screenshot - {}
RESULT: {}
COMMAND: POST /session/fefae731ffe12f9640dd1679bcba6cb2/element - {"using":"xpath","value":"(//span[contains(@id, \"-application-manageresources-display-component---newResourceUnit--RUTimeSegment-0-arrow\")])[2]"}
RESULT: {"using":"xpath","value":"(//span[contains(@id, \"-application-manageresources-display-component---newResourceUnit--RUTimeSegment-0-arrow\")])[2]"}
COMMAND: POST /session/fefae731ffe12f9640dd1679bcba6cb2/element/f.260C0A6E86F32DC815D14290BCACE04C.d.5B3A1FC4FE23DB0EF7040795C6EDEB8F.e.12843/click - {}
RESULT: {}
COMMAND: POST /session/fefae731ffe12f9640dd1679bcba6cb2/element - {"using":"xpath","value":"//span[contains(text(), \"PM Order\")]"}
COMMAND: GET /session/fefae731ffe12f9640dd1679bcba6cb2/screenshot - {}
RESULT: {"using":"xpath","value":"//span[contains(text(), \"PM Order\")]"}
COMMAND: POST /session/fefae731ffe12f9640dd1679bcba6cb2/element/f.260C0A6E86F32DC815D14290BCACE04C.d.5B3A1FC4FE23DB0EF7040795C6EDEB8F.e.12844/click - {}
RESULT: {}
RESULT: {}
COMMAND: GET /session/fefae731ffe12f9640dd1679bcba6cb2/screenshot - {}
RESULT: {}
COMMAND: POST /session/fefae731ffe12f9640dd1679bcba6cb2/element - {"using":"xpath","value":"//td/div/div/div/span[contains(@id, \"newResourceUnit--RUTimeSegment-0-vhi\")][1]"}
RESULT: {"using":"xpath","value":"//td/div/div/div/span[contains(@id, \"newResourceUnit--RUTimeSegment-0-vhi\")][1]"}
COMMAND: GET /session/fefae731ffe12f9640dd1679bcba6cb2/element/f.260C0A6E86F32DC815D14290BCACE04C.d.5B3A1FC4FE23DB0EF7040795C6EDEB8F.e.12848/rect - {}
RESULT: {}
COMMAND: GET /session/fefae731ffe12f9640dd1679bcba6cb2/window/rect - {}
RESULT: {}
COMMAND: POST /session/fefae731ffe12f9640dd1679bcba6cb2/execute/sync - {"script":"<script> [92 bytes]","args":[]}
RESULT: {"script":"<script> [92 bytes]","args":[]}
COMMAND: POST /session/fefae731ffe12f9640dd1679bcba6cb2/actions - {"actions":[{"id":"action47","type":"wheel","parameters":{},"actions":[{"type":"scroll","x":-1888,"y":-24,"deltaX":0,"deltaY":0,"duration":0,"origin":{"element-6066-11e4-a52e-4f735466cecf":"f.260C0A6E86F32DC815D14290BCACE04C.d.5B3A1FC4FE23DB0EF7040795C6EDEB8F.e.12848"}}]}]}
COMMAND: GET /session/fefae731ffe12f9640dd1679bcba6cb2/screenshot - {}
RESULT: {}
COMMAND: POST /session/fefae731ffe12f9640dd1679bcba6cb2/execute/sync - {"script":"<script> [79 bytes]","args":[{"element-6066-11e4-a52e-4f735466cecf":"f.260C0A6E86F32DC815D14290BCACE04C.d.5B3A1FC4FE23DB0EF7040795C6EDEB8F.e.12848","ELEMENT":"f.260C0A6E86F32DC815D14290BCACE04C.d.5B3A1FC4FE23DB0EF7040795C6EDEB8F.e.12848"},{"block":"start","inline":"nearest"}]}
RESULT: {"script":"<script> [79 bytes]","args":[{"element-6066-11e4-a52e-4f735466cecf":"f.260C0A6E86F32DC815D14290BCACE04C.d.5B3A1FC4FE23DB0EF7040795C6EDEB8F.e.12848","ELEMENT":"f.260C0A6E86F32DC815D14290BCACE04C.d.5B3A1FC4FE23DB0EF7040795C6EDEB8F.e.12848"},{"block":"start","inline":"nearest"}]}
COMMAND: GET /session/fefae731ffe12f9640dd1679bcba6cb2/screenshot - {}
RESULT: {}
COMMAND: POST /session/fefae731ffe12f9640dd1679bcba6cb2/element/f.260C0A6E86F32DC815D14290BCACE04C.d.5B3A1FC4FE23DB0EF7040795C6EDEB8F.e.12848/click - {}
RESULT: {}
COMMAND: GET /session/fefae731ffe12f9640dd1679bcba6cb2/screenshot - {}
RESULT: {}
COMMAND: POST /session/fefae731ffe12f9640dd1679bcba6cb2/execute/async - {"script":"<script> [1562 bytes]","args":[{"selector":{"controlType":"sap.m.SearchField","properties":{"placeholder":"Search"},"searchOpenDialogs":true,"interaction":{"idSuffix":"I"}},"wdio_ui5_key":"sapm.SearchField{\"placeholder\":\"Search\"}"}]}
RESULT: {"script":"<script> [1562 bytes]","args":[{"selector":{"controlType":"sap.m.SearchField","properties":{"placeholder":"Search"},"searchOpenDialogs":true,"interaction":{"idSuffix":"I"}},"wdio_ui5_key":"sapm.SearchField{\"placeholder\":\"Search\"}"}]}
RESULT: undefined
COMMAND: POST /session/fefae731ffe12f9640dd1679bcba6cb2/execute/async - {"script":"<script> [776 bytes]","args":[{"enterText":"4000360","selector":{"controlType":"sap.m.SearchField","properties":{"placeholder":"Search"},"searchOpenDialogs":true,"interaction":{"idSuffix":"I"}},"clearTextFirst":true,"interactionType":"ENTER_TEXT"}]}
RESULT: {"script":"<script> [776 bytes]","args":[{"enterText":"4000360","selector":{"controlType":"sap.m.SearchField","properties":{"placeholder":"Search"},"searchOpenDialogs":true,"interaction":{"idSuffix":"I"}},"clearTextFirst":true,"interactionType":"ENTER_TEXT"}]}
COMMAND: POST /session/fefae731ffe12f9640dd1679bcba6cb2/actions - {"actions":[{"id":"action48","type":"key","parameters":{},"actions":[{"type":"keyDown","value":"î€‡"},{"type":"pause","duration":10},{"type":"keyUp","value":"î€‡"}]}]}
RESULT: {"actions":[{"id":"action48","type":"key","parameters":{},"actions":[{"type":"keyDown","value":"î€‡"},{"type":"pause","duration":10},{"type":"keyUp","value":"î€‡"}]}]}
COMMAND: GET /session/fefae731ffe12f9640dd1679bcba6cb2/screenshot - {}
RESULT: {}
COMMAND: POST /session/fefae731ffe12f9640dd1679bcba6cb2/element - {"using":"xpath","value":"//td/div/span[contains(text(), \"BGL Vehicles\")]"}
RESULT: {"using":"xpath","value":"//td/div/span[contains(text(), \"BGL Vehicles\")]"}
COMMAND: POST /session/fefae731ffe12f9640dd1679bcba6cb2/element/f.260C0A6E86F32DC815D14290BCACE04C.d.5B3A1FC4FE23DB0EF7040795C6EDEB8F.e.12869/click - {}
RESULT: {}
COMMAND: GET /session/fefae731ffe12f9640dd1679bcba6cb2/screenshot - {}
RESULT: {}
COMMAND: POST /session/fefae731ffe12f9640dd1679bcba6cb2/element - {"using":"xpath","value":"//bdi[contains(text(), \"OK\")]"}
RESULT: {"using":"xpath","value":"//bdi[contains(text(), \"OK\")]"}
COMMAND: POST /session/fefae731ffe12f9640dd1679bcba6cb2/element/f.260C0A6E86F32DC815D14290BCACE04C.d.5B3A1FC4FE23DB0EF7040795C6EDEB8F.e.12870/click - {}
RESULT: {}
COMMAND: GET /session/fefae731ffe12f9640dd1679bcba6cb2/screenshot - {}
RESULT: {}
COMMAND: POST /session/fefae731ffe12f9640dd1679bcba6cb2/element - {"using":"xpath","value":"//label[contains(@class, 'sapMLabelRequired') and .//bdi[contains(text(), 'Planned Retirement')]]"}
RESULT: {"using":"xpath","value":"//label[contains(@class, 'sapMLabelRequired') and .//bdi[contains(text(), 'Planned Retirement')]]"}
COMMAND: POST /session/fefae731ffe12f9640dd1679bcba6cb2/elements - {"using":"xpath","value":"//label[contains(@class, 'sapMLabelRequired') and .//bdi[contains(text(), 'Planned Retirement')]]"}
RESULT: {"using":"xpath","value":"//label[contains(@class, 'sapMLabelRequired') and .//bdi[contains(text(), 'Planned Retirement')]]"}
COMMAND: POST /session/fefae731ffe12f9640dd1679bcba6cb2/element - {"using":"xpath","value":"//button[@data-kt=\"resourceUnitSaveButton\"]"}
RESULT: {"using":"xpath","value":"//button[@data-kt=\"resourceUnitSaveButton\"]"}
COMMAND: POST /session/fefae731ffe12f9640dd1679bcba6cb2/element/f.260C0A6E86F32DC815D14290BCACE04C.d.5B3A1FC4FE23DB0EF7040795C6EDEB8F.e.12772/click - {}
RESULT: {}
COMMAND: GET /session/fefae731ffe12f9640dd1679bcba6cb2/screenshot - {}
RESULT: {}
COMMAND: POST /session/fefae731ffe12f9640dd1679bcba6cb2/element - {"using":"xpath","value":"//bdi[contains(text(), \"Close\")]"}
RESULT: {"using":"xpath","value":"//bdi[contains(text(), \"Close\")]"}
COMMAND: POST /session/fefae731ffe12f9640dd1679bcba6cb2/element/f.260C0A6E86F32DC815D14290BCACE04C.d.5B3A1FC4FE23DB0EF7040795C6EDEB8F.e.12876/click - {}
RESULT: {}
COMMAND: GET /session/fefae731ffe12f9640dd1679bcba6cb2/screenshot - {}
RESULT: {}
COMMAND: POST /session/fefae731ffe12f9640dd1679bcba6cb2/element - {"using":"xpath","value":"//header[contains(@id, 'detailRruPage-headerTitle')]/div[1]/div[2]/div[2]/span[1]"}
RESULT: {"using":"xpath","value":"//header[contains(@id, 'detailRruPage-headerTitle')]/div[1]/div[2]/div[2]/span[1]"}
COMMAND: POST /session/fefae731ffe12f9640dd1679bcba6cb2/elements - {"using":"xpath","value":"//header[contains(@id, 'detailRruPage-headerTitle')]/div[1]/div[2]/div[2]/span[1]"}
RESULT: {"using":"xpath","value":"//header[contains(@id, 'detailRruPage-headerTitle')]/div[1]/div[2]/div[2]/span[1]"}
COMMAND: POST /session/fefae731ffe12f9640dd1679bcba6cb2/execute/sync - {"script":"<script> [56 bytes]","args":[{"element-6066-11e4-a52e-4f735466cecf":"f.260C0A6E86F32DC815D14290BCACE04C.d.5B3A1FC4FE23DB0EF7040795C6EDEB8F.e.12906","ELEMENT":"f.260C0A6E86F32DC815D14290BCACE04C.d.5B3A1FC4FE23DB0EF7040795C6EDEB8F.e.12906"}]}
RESULT: {"script":"<script> [56 bytes]","args":[{"element-6066-11e4-a52e-4f735466cecf":"f.260C0A6E86F32DC815D14290BCACE04C.d.5B3A1FC4FE23DB0EF7040795C6EDEB8F.e.12906","ELEMENT":"f.260C0A6E86F32DC815D14290BCACE04C.d.5B3A1FC4FE23DB0EF7040795C6EDEB8F.e.12906"}]}
COMMAND: POST /session/fefae731ffe12f9640dd1679bcba6cb2/element - {"using":"css selector","value":"#shell-header-logo"}
COMMAND: GET /session/fefae731ffe12f9640dd1679bcba6cb2/screenshot - {}
RESULT: {"using":"css selector","value":"#shell-header-logo"}
COMMAND: POST /session/fefae731ffe12f9640dd1679bcba6cb2/element/f.260C0A6E86F32DC815D14290BCACE04C.d.5B3A1FC4FE23DB0EF7040795C6EDEB8F.e.12248/click - {}
RESULT: {}
RESULT: {}
COMMAND: GET /session/fefae731ffe12f9640dd1679bcba6cb2/screenshot - {}
RESULT: {}
]]></system-out>
    </testcase>
    <testcase classname="chrome.136_0_7103_49.windows.Create_masterdata_for_Yard_Overview_-_trigger_provide_US130988" name="Bin Status Report Should Create New Organization yard" time="0.026" />
    <testcase classname="chrome.136_0_7103_49.windows.Create_masterdata_for_Yard_Overview_-_trigger_provide_US130988" name="Create a Warehouse Movement for created yard" time="45.378">
      <system-out><![CDATA[
COMMAND: POST /session/fefae731ffe12f9640dd1679bcba6cb2/execute/async - {"script":"<script> [1562 bytes]","args":[{"selector":{"controlType":"sap.m.GenericTile","properties":{"header":"Manage Warehouse Movements"}},"wdio_ui5_key":"sapm.GenericTile{\"header\":\"Manage Warehouse Movements\"}"}]}
RESULT: {"script":"<script> [1562 bytes]","args":[{"selector":{"controlType":"sap.m.GenericTile","properties":{"header":"Manage Warehouse Movements"}},"wdio_ui5_key":"sapm.GenericTile{\"header\":\"Manage Warehouse Movements\"}"}]}
RESULT: undefined
COMMAND: POST /session/fefae731ffe12f9640dd1679bcba6cb2/element - {"using":"xpath","value":"//*[@id=\"__tile105\"]"}
RESULT: {"using":"xpath","value":"//*[@id=\"__tile105\"]"}
COMMAND: POST /session/fefae731ffe12f9640dd1679bcba6cb2/element/f.260C0A6E86F32DC815D14290BCACE04C.d.5B3A1FC4FE23DB0EF7040795C6EDEB8F.e.12910/click - {}
RESULT: {}
COMMAND: POST /session/fefae731ffe12f9640dd1679bcba6cb2/element - {"using":"xpath","value":"//input[@id='application-warehousemovements-display-component---warehouseMovements--smartFilterBar-filterItemControl_BASIC-YARD-inner']"}
COMMAND: GET /session/fefae731ffe12f9640dd1679bcba6cb2/screenshot - {}
RESULT: {"using":"xpath","value":"//input[@id='application-warehousemovements-display-component---warehouseMovements--smartFilterBar-filterItemControl_BASIC-YARD-inner']"}
COMMAND: POST /session/fefae731ffe12f9640dd1679bcba6cb2/elements - {"using":"xpath","value":"//input[@id='application-warehousemovements-display-component---warehouseMovements--smartFilterBar-filterItemControl_BASIC-YARD-inner']"}
RESULT: {}
RESULT: {"using":"xpath","value":"//input[@id='application-warehousemovements-display-component---warehouseMovements--smartFilterBar-filterItemControl_BASIC-YARD-inner']"}
COMMAND: POST /session/fefae731ffe12f9640dd1679bcba6cb2/elements - {"using":"xpath","value":"//input[@id='application-warehousemovements-display-component---warehouseMovements--smartFilterBar-filterItemControl_BASIC-YARD-inner']"}
RESULT: {"using":"xpath","value":"//input[@id='application-warehousemovements-display-component---warehouseMovements--smartFilterBar-filterItemControl_BASIC-YARD-inner']"}
COMMAND: POST /session/fefae731ffe12f9640dd1679bcba6cb2/elements - {"using":"xpath","value":"//input[@id='application-warehousemovements-display-component---warehouseMovements--smartFilterBar-filterItemControl_BASIC-YARD-inner']"}
RESULT: {"using":"xpath","value":"//input[@id='application-warehousemovements-display-component---warehouseMovements--smartFilterBar-filterItemControl_BASIC-YARD-inner']"}
COMMAND: POST /session/fefae731ffe12f9640dd1679bcba6cb2/element - {"using":"xpath","value":"//input[@id='application-warehousemovements-display-component---warehouseMovements--smartFilterBar-filterItemControl_BASIC-YARD-inner']"}
RESULT: {"using":"xpath","value":"//input[@id='application-warehousemovements-display-component---warehouseMovements--smartFilterBar-filterItemControl_BASIC-YARD-inner']"}
COMMAND: POST /session/fefae731ffe12f9640dd1679bcba6cb2/execute/sync - {"script":"<script> [8489 bytes]","args":[{"element-6066-11e4-a52e-4f735466cecf":"f.260C0A6E86F32DC815D14290BCACE04C.d.5B3A1FC4FE23DB0EF7040795C6EDEB8F.e.12933","ELEMENT":"f.260C0A6E86F32DC815D14290BCACE04C.d.5B3A1FC4FE23DB0EF7040795C6EDEB8F.e.12933"}]}
RESULT: {"script":"<script> [8489 bytes]","args":[{"element-6066-11e4-a52e-4f735466cecf":"f.260C0A6E86F32DC815D14290BCACE04C.d.5B3A1FC4FE23DB0EF7040795C6EDEB8F.e.12933","ELEMENT":"f.260C0A6E86F32DC815D14290BCACE04C.d.5B3A1FC4FE23DB0EF7040795C6EDEB8F.e.12933"}]}
COMMAND: GET /session/fefae731ffe12f9640dd1679bcba6cb2/element/f.260C0A6E86F32DC815D14290BCACE04C.d.5B3A1FC4FE23DB0EF7040795C6EDEB8F.e.12933/enabled - {}
COMMAND: GET /session/fefae731ffe12f9640dd1679bcba6cb2/screenshot - {}
RESULT: {}
COMMAND: POST /session/fefae731ffe12f9640dd1679bcba6cb2/execute/sync - {"script":"<script> [8489 bytes]","args":[{"element-6066-11e4-a52e-4f735466cecf":"f.260C0A6E86F32DC815D14290BCACE04C.d.5B3A1FC4FE23DB0EF7040795C6EDEB8F.e.12933","ELEMENT":"f.260C0A6E86F32DC815D14290BCACE04C.d.5B3A1FC4FE23DB0EF7040795C6EDEB8F.e.12933"}]}
COMMAND: GET /session/fefae731ffe12f9640dd1679bcba6cb2/screenshot - {}
RESULT: {}
RESULT: {"script":"<script> [8489 bytes]","args":[{"element-6066-11e4-a52e-4f735466cecf":"f.260C0A6E86F32DC815D14290BCACE04C.d.5B3A1FC4FE23DB0EF7040795C6EDEB8F.e.12933","ELEMENT":"f.260C0A6E86F32DC815D14290BCACE04C.d.5B3A1FC4FE23DB0EF7040795C6EDEB8F.e.12933"}]}
COMMAND: POST /session/fefae731ffe12f9640dd1679bcba6cb2/execute/sync - {"script":"<script> [5351 bytes]","args":[{"element-6066-11e4-a52e-4f735466cecf":"f.260C0A6E86F32DC815D14290BCACE04C.d.5B3A1FC4FE23DB0EF7040795C6EDEB8F.e.12933","ELEMENT":"f.260C0A6E86F32DC815D14290BCACE04C.d.5B3A1FC4FE23DB0EF7040795C6EDEB8F.e.12933"}]}
COMMAND: GET /session/fefae731ffe12f9640dd1679bcba6cb2/screenshot - {}
RESULT: {}
RESULT: {"script":"<script> [5351 bytes]","args":[{"element-6066-11e4-a52e-4f735466cecf":"f.260C0A6E86F32DC815D14290BCACE04C.d.5B3A1FC4FE23DB0EF7040795C6EDEB8F.e.12933","ELEMENT":"f.260C0A6E86F32DC815D14290BCACE04C.d.5B3A1FC4FE23DB0EF7040795C6EDEB8F.e.12933"}]}
COMMAND: GET /session/fefae731ffe12f9640dd1679bcba6cb2/screenshot - {}
RESULT: {}
RESULT: {}
COMMAND: POST /session/fefae731ffe12f9640dd1679bcba6cb2/element/f.260C0A6E86F32DC815D14290BCACE04C.d.5B3A1FC4FE23DB0EF7040795C6EDEB8F.e.12933/clear - {}
RESULT: {}
COMMAND: POST /session/fefae731ffe12f9640dd1679bcba6cb2/element/f.260C0A6E86F32DC815D14290BCACE04C.d.5B3A1FC4FE23DB0EF7040795C6EDEB8F.e.12933/value - {"text":"299"}
COMMAND: GET /session/fefae731ffe12f9640dd1679bcba6cb2/screenshot - {}
RESULT: {"text":"299"}
COMMAND: POST /session/fefae731ffe12f9640dd1679bcba6cb2/actions - {"actions":[{"id":"action49","type":"key","parameters":{},"actions":[{"type":"keyDown","value":"î€‡"},{"type":"pause","duration":10},{"type":"keyUp","value":"î€‡"}]}]}
COMMAND: GET /session/fefae731ffe12f9640dd1679bcba6cb2/screenshot - {}
RESULT: {}
RESULT: {"actions":[{"id":"action49","type":"key","parameters":{},"actions":[{"type":"keyDown","value":"î€‡"},{"type":"pause","duration":10},{"type":"keyUp","value":"î€‡"}]}]}
COMMAND: GET /session/fefae731ffe12f9640dd1679bcba6cb2/screenshot - {}
RESULT: {}
RESULT: {}
COMMAND: POST /session/fefae731ffe12f9640dd1679bcba6cb2/element - {"using":"xpath","value":"//button[contains(@data-kt, \"MasterMovementAddOverflowToolbarButton\")]"}
RESULT: {"using":"xpath","value":"//button[contains(@data-kt, \"MasterMovementAddOverflowToolbarButton\")]"}
COMMAND: POST /session/fefae731ffe12f9640dd1679bcba6cb2/element/f.260C0A6E86F32DC815D14290BCACE04C.d.5B3A1FC4FE23DB0EF7040795C6EDEB8F.e.12956/click - {}
RESULT: {}
COMMAND: GET /session/fefae731ffe12f9640dd1679bcba6cb2/screenshot - {}
RESULT: {}
COMMAND: POST /session/fefae731ffe12f9640dd1679bcba6cb2/element - {"using":"xpath","value":"//*[@id=\"application-warehousemovements-display-component---addMovement--sectionsList-arrow\"]"}
RESULT: {"using":"xpath","value":"//*[@id=\"application-warehousemovements-display-component---addMovement--sectionsList-arrow\"]"}
COMMAND: POST /session/fefae731ffe12f9640dd1679bcba6cb2/element/f.260C0A6E86F32DC815D14290BCACE04C.d.5B3A1FC4FE23DB0EF7040795C6EDEB8F.e.13246/click - {}
RESULT: {}
COMMAND: POST /session/fefae731ffe12f9640dd1679bcba6cb2/actions - {"actions":[{"id":"action50","type":"key","parameters":{},"actions":[{"type":"keyDown","value":"î€•"},{"type":"pause","duration":10},{"type":"keyUp","value":"î€•"}]}]}
COMMAND: GET /session/fefae731ffe12f9640dd1679bcba6cb2/screenshot - {}
RESULT: {"actions":[{"id":"action50","type":"key","parameters":{},"actions":[{"type":"keyDown","value":"î€•"},{"type":"pause","duration":10},{"type":"keyUp","value":"î€•"}]}]}
COMMAND: GET /session/fefae731ffe12f9640dd1679bcba6cb2/screenshot - {}
RESULT: {}
RESULT: {}
COMMAND: POST /session/fefae731ffe12f9640dd1679bcba6cb2/actions - {"actions":[{"id":"action51","type":"key","parameters":{},"actions":[{"type":"keyDown","value":"î€‡"},{"type":"pause","duration":10},{"type":"keyUp","value":"î€‡"}]}]}
RESULT: {"actions":[{"id":"action51","type":"key","parameters":{},"actions":[{"type":"keyDown","value":"î€‡"},{"type":"pause","duration":10},{"type":"keyUp","value":"î€‡"}]}]}
COMMAND: GET /session/fefae731ffe12f9640dd1679bcba6cb2/screenshot - {}
RESULT: {}
COMMAND: POST /session/fefae731ffe12f9640dd1679bcba6cb2/element - {"using":"xpath","value":"//*[@id=\"application-warehousemovements-display-component---addMovement--saveMovementBtn-BDI-content\" and text()=\"Save\"]"}
RESULT: {"using":"xpath","value":"//*[@id=\"application-warehousemovements-display-component---addMovement--saveMovementBtn-BDI-content\" and text()=\"Save\"]"}
COMMAND: POST /session/fefae731ffe12f9640dd1679bcba6cb2/element/f.260C0A6E86F32DC815D14290BCACE04C.d.5B3A1FC4FE23DB0EF7040795C6EDEB8F.e.13247/click - {}
RESULT: {}
COMMAND: GET /session/fefae731ffe12f9640dd1679bcba6cb2/screenshot - {}
RESULT: {}
COMMAND: POST /session/fefae731ffe12f9640dd1679bcba6cb2/element - {"using":"css selector","value":"#shell-header-logo"}
RESULT: {"using":"css selector","value":"#shell-header-logo"}
COMMAND: POST /session/fefae731ffe12f9640dd1679bcba6cb2/element/f.260C0A6E86F32DC815D14290BCACE04C.d.5B3A1FC4FE23DB0EF7040795C6EDEB8F.e.12914/click - {}
RESULT: {}
COMMAND: GET /session/fefae731ffe12f9640dd1679bcba6cb2/screenshot - {}
RESULT: {}
]]></system-out>
    </testcase>
    <testcase classname="chrome.136_0_7103_49.windows.Create_masterdata_for_Yard_Overview_-_trigger_provide_US130988" name="Set status to defect" time="34.664">
      <system-out><![CDATA[
COMMAND: GET /session/fefae731ffe12f9640dd1679bcba6cb2/screenshot - {}
COMMAND: POST /session/fefae731ffe12f9640dd1679bcba6cb2/execute/async - {"script":"<script> [1562 bytes]","args":[{"selector":{"controlType":"sap.ushell.ui.launchpad.AnchorItem","bindingPath":{"path":"/groups/3","propertyPath":"index"},"interaction":{"idSuffix":"inner"}},"wdio_ui5_key":"sapushell.ui.launchpad.AnchorItem{\"path\":\"/groups/3\",\"propertyPath\":\"index\"}"}]}
RESULT: {}
RESULT: {"script":"<script> [1562 bytes]","args":[{"selector":{"controlType":"sap.ushell.ui.launchpad.AnchorItem","bindingPath":{"path":"/groups/3","propertyPath":"index"},"interaction":{"idSuffix":"inner"}},"wdio_ui5_key":"sapushell.ui.launchpad.AnchorItem{\"path\":\"/groups/3\",\"propertyPath\":\"index\"}"}]}
RESULT: undefined
COMMAND: POST /session/fefae731ffe12f9640dd1679bcba6cb2/execute/async - {"script":"<script> [1562 bytes]","args":[{"selector":{"controlType":"sap.m.GenericTile","properties":{"header":"Manage States & Performance"}},"wdio_ui5_key":"sapm.GenericTile{\"header\":\"Manage States & Performance\"}"}]}
RESULT: {"script":"<script> [1562 bytes]","args":[{"selector":{"controlType":"sap.m.GenericTile","properties":{"header":"Manage States & Performance"}},"wdio_ui5_key":"sapm.GenericTile{\"header\":\"Manage States & Performance\"}"}]}
RESULT: undefined
COMMAND: POST /session/fefae731ffe12f9640dd1679bcba6cb2/elements - {"using":"xpath","value":"//span[text()='Error']"}
RESULT: {"using":"xpath","value":"//span[text()='Error']"}
COMMAND: POST /session/fefae731ffe12f9640dd1679bcba6cb2/execute/async - {"script":"<script> [1562 bytes]","args":[{"selector":{"controlType":"sap.ui.core.Icon","viewName":"etm.portal.ui.managestatesandperformance.view.Master","viewId":"application-managestatesandperformance-display-component---stateAndPerform","properties":{"src":{"regex":{"source":"inventory"}}}},"wdio_ui5_key":"etmportal.ui.managestatesandperformance.view.Mastersap.ui.core.Icon{\"src\":{\"regex\":{\"source\":\"inventory\"}}}"}]}
RESULT: {"script":"<script> [1562 bytes]","args":[{"selector":{"controlType":"sap.ui.core.Icon","viewName":"etm.portal.ui.managestatesandperformance.view.Master","viewId":"application-managestatesandperformance-display-component---stateAndPerform","properties":{"src":{"regex":{"source":"inventory"}}}},"wdio_ui5_key":"etmportal.ui.managestatesandperformance.view.Mastersap.ui.core.Icon{\"src\":{\"regex\":{\"source\":\"inventory\"}}}"}]}
RESULT: undefined
COMMAND: POST /session/fefae731ffe12f9640dd1679bcba6cb2/execute/async - {"script":"<script> [1562 bytes]","args":[{"selector":{"id":"application-managestatesandperformance-display-component---stateAndPerform--smartFilterBarYard-btnBasicSearch","interaction":{"idSuffix":"I"}},"wdio_ui5_key":"applicationmanagestatesandperformance-display-component---stateAndPerform--smartFilterBarYard-btnBasicSearch"}]}
RESULT: {"script":"<script> [1562 bytes]","args":[{"selector":{"id":"application-managestatesandperformance-display-component---stateAndPerform--smartFilterBarYard-btnBasicSearch","interaction":{"idSuffix":"I"}},"wdio_ui5_key":"applicationmanagestatesandperformance-display-component---stateAndPerform--smartFilterBarYard-btnBasicSearch"}]}
RESULT: undefined
COMMAND: POST /session/fefae731ffe12f9640dd1679bcba6cb2/execute/async - {"script":"<script> [1562 bytes]","args":[{"selector":{"controlType":"sap.m.ColumnListItem","viewName":"etm.portal.ui.managestatesandperformance.view.Master","viewId":"application-managestatesandperformance-display-component---stateAndPerform","properties":{"type":"Navigation"},"interaction":{"idSuffix":"cell0"}},"wdio_ui5_key":"etmportal.ui.managestatesandperformance.view.Mastersap.m.ColumnListItem{\"type\":\"Navigation\"}"}]}
RESULT: {"script":"<script> [1562 bytes]","args":[{"selector":{"controlType":"sap.m.ColumnListItem","viewName":"etm.portal.ui.managestatesandperformance.view.Master","viewId":"application-managestatesandperformance-display-component---stateAndPerform","properties":{"type":"Navigation"},"interaction":{"idSuffix":"cell0"}},"wdio_ui5_key":"etmportal.ui.managestatesandperformance.view.Mastersap.m.ColumnListItem{\"type\":\"Navigation\"}"}]}
RESULT: undefined
COMMAND: POST /session/fefae731ffe12f9640dd1679bcba6cb2/execute/async - {"script":"<script> [1562 bytes]","args":[{"selector":{"controlType":"sap.m.Button","viewName":"etm.portal.ui.managestatesandperformance.view.Detail","viewId":"application-managestatesandperformance-display-component---detailStateAndPerform","i18NText":{"propertyName":"text","key":"createStateChange"},"interaction":{"idSuffix":"content"}},"wdio_ui5_key":"etmportal.ui.managestatesandperformance.view.Detailsap.m.Button{\"propertyName\":\"text\",\"key\":\"createStateChange\"}"}]}
RESULT: {"script":"<script> [1562 bytes]","args":[{"selector":{"controlType":"sap.m.Button","viewName":"etm.portal.ui.managestatesandperformance.view.Detail","viewId":"application-managestatesandperformance-display-component---detailStateAndPerform","i18NText":{"propertyName":"text","key":"createStateChange"},"interaction":{"idSuffix":"content"}},"wdio_ui5_key":"etmportal.ui.managestatesandperformance.view.Detailsap.m.Button{\"propertyName\":\"text\",\"key\":\"createStateChange\"}"}]}
RESULT: undefined
COMMAND: POST /session/fefae731ffe12f9640dd1679bcba6cb2/execute/async - {"script":"<script> [1562 bytes]","args":[{"selector":{"id":"addStateDialog--stateSelect","searchOpenDialogs":true,"interaction":{"idSuffix":"arrow"}},"wdio_ui5_key":"addStateDialogstateSelect"}]}
RESULT: {"script":"<script> [1562 bytes]","args":[{"selector":{"id":"addStateDialog--stateSelect","searchOpenDialogs":true,"interaction":{"idSuffix":"arrow"}},"wdio_ui5_key":"addStateDialogstateSelect"}]}
RESULT: undefined
COMMAND: POST /session/fefae731ffe12f9640dd1679bcba6cb2/execute/async - {"script":"<script> [1562 bytes]","args":[{"selector":{"controlType":"sap.ui.core.Item","viewName":"etm.portal.ui.managestatesandperformance.view.Detail","viewId":"application-managestatesandperformance-display-component---detailStateAndPerform","bindingPath":{"path":"/StateTypes(70)","propertyPath":"STATE","modelName":"catalogModel"},"searchOpenDialogs":true},"wdio_ui5_key":"etmportal.ui.managestatesandperformance.view.Detailsap.ui.core.Item{\"path\":\"/StateTypes(70)\",\"propertyPath\":\"STATE\",\"modelName\":\"catalogModel\"}"}]}
RESULT: {"script":"<script> [1562 bytes]","args":[{"selector":{"controlType":"sap.ui.core.Item","viewName":"etm.portal.ui.managestatesandperformance.view.Detail","viewId":"application-managestatesandperformance-display-component---detailStateAndPerform","bindingPath":{"path":"/StateTypes(70)","propertyPath":"STATE","modelName":"catalogModel"},"searchOpenDialogs":true},"wdio_ui5_key":"etmportal.ui.managestatesandperformance.view.Detailsap.ui.core.Item{\"path\":\"/StateTypes(70)\",\"propertyPath\":\"STATE\",\"modelName\":\"catalogModel\"}"}]}
RESULT: undefined
COMMAND: POST /session/fefae731ffe12f9640dd1679bcba6cb2/execute/async - {"script":"<script> [1562 bytes]","args":[{"selector":{"controlType":"sap.m.NumericInput","viewName":"etm.portal.ui.managestatesandperformance.view.Detail","viewId":"application-managestatesandperformance-display-component---detailStateAndPerform","properties":{"value":"0"},"searchOpenDialogs":true,"interaction":{"idSuffix":"inner"}},"wdio_ui5_key":"etmportal.ui.managestatesandperformance.view.Detailsap.m.NumericInput{\"value\":\"0\"}"}]}
RESULT: {"script":"<script> [1562 bytes]","args":[{"selector":{"controlType":"sap.m.NumericInput","viewName":"etm.portal.ui.managestatesandperformance.view.Detail","viewId":"application-managestatesandperformance-display-component---detailStateAndPerform","properties":{"value":"0"},"searchOpenDialogs":true,"interaction":{"idSuffix":"inner"}},"wdio_ui5_key":"etmportal.ui.managestatesandperformance.view.Detailsap.m.NumericInput{\"value\":\"0\"}"}]}
RESULT: undefined
COMMAND: POST /session/fefae731ffe12f9640dd1679bcba6cb2/execute/async - {"script":"<script> [1562 bytes]","args":[{"selector":{"controlType":"sap.m.Button","viewName":"etm.portal.ui.managestatesandperformance.view.Detail","viewId":"application-managestatesandperformance-display-component---detailStateAndPerform","i18NText":{"propertyName":"text","key":"save"},"searchOpenDialogs":true,"interaction":{"idSuffix":"BDI-content"}},"wdio_ui5_key":"etmportal.ui.managestatesandperformance.view.Detailsap.m.Button{\"propertyName\":\"text\",\"key\":\"save\"}"}]}
RESULT: {"script":"<script> [1562 bytes]","args":[{"selector":{"controlType":"sap.m.Button","viewName":"etm.portal.ui.managestatesandperformance.view.Detail","viewId":"application-managestatesandperformance-display-component---detailStateAndPerform","i18NText":{"propertyName":"text","key":"save"},"searchOpenDialogs":true,"interaction":{"idSuffix":"BDI-content"}},"wdio_ui5_key":"etmportal.ui.managestatesandperformance.view.Detailsap.m.Button{\"propertyName\":\"text\",\"key\":\"save\"}"}]}
RESULT: undefined
COMMAND: POST /session/fefae731ffe12f9640dd1679bcba6cb2/element - {"using":"css selector","value":"#shell-header-logo"}
RESULT: {"using":"css selector","value":"#shell-header-logo"}
COMMAND: POST /session/fefae731ffe12f9640dd1679bcba6cb2/element/f.260C0A6E86F32DC815D14290BCACE04C.d.5B3A1FC4FE23DB0EF7040795C6EDEB8F.e.13315/click - {}
RESULT: {}
COMMAND: GET /session/fefae731ffe12f9640dd1679bcba6cb2/screenshot - {}
RESULT: {}
]]></system-out>
    </testcase>
  </testsuite>
  <testsuite timestamp="2025-05-14T07:16:43" time="565.915" tests="7" failures="3" errors="3" skipped="0">
    <properties>
      <property name="specId" value="0" />
      <property name="suiteName" value="Transfer Yard to Yard US131076" />
      <property name="capabilities" value="chrome.136_0_7103_49.windows" />
      <property name="file" value="file:///D:/a/1/s/test/specs/HTR/transfer-yard-to-yard.spec.js" />
    </properties>
    <testcase classname="chrome.136_0_7103_49.windows.Transfer_Yard_to_Yard_US131076" name="Should create a new yard" time="0.117">
      <system-out><![CDATA[
COMMAND: POST /session/fefae731ffe12f9640dd1679bcba6cb2/window/fullscreen - {}
RESULT: {}
]]></system-out>
    </testcase>
    <testcase classname="chrome.136_0_7103_49.windows.Transfer_Yard_to_Yard_US131076" name="Should create a new 2nd yard" time="122.797">
      <system-out><![CDATA[
COMMAND: POST /session/fefae731ffe12f9640dd1679bcba6cb2/window/fullscreen - {}
RESULT: {}
COMMAND: POST /session/fefae731ffe12f9640dd1679bcba6cb2/execute/async - {"script":"<script> [1562 bytes]","args":[{"selector":{"controlType":"sap.m.GenericTile","properties":{"header":"Manage Yards"}},"wdio_ui5_key":"sapm.GenericTile{\"header\":\"Manage Yards\"}"}]}
RESULT: {"script":"<script> [1562 bytes]","args":[{"selector":{"controlType":"sap.m.GenericTile","properties":{"header":"Manage Yards"}},"wdio_ui5_key":"sapm.GenericTile{\"header\":\"Manage Yards\"}"}]}
RESULT: undefined
COMMAND: POST /session/fefae731ffe12f9640dd1679bcba6cb2/element - {"using":"xpath","value":"//*[@id=\"__tile33\"]"}
RESULT: {"using":"xpath","value":"//*[@id=\"__tile33\"]"}
COMMAND: POST /session/fefae731ffe12f9640dd1679bcba6cb2/element/f.260C0A6E86F32DC815D14290BCACE04C.d.857C4840EE3F5A771068CF976A2E936A.e.14251/click - {}
RESULT: {}
COMMAND: POST /session/fefae731ffe12f9640dd1679bcba6cb2/element - {"using":"xpath","value":"//button[@data-kt=\"addNewYardOverflowToolbarButton\"]"}
COMMAND: GET /session/fefae731ffe12f9640dd1679bcba6cb2/screenshot - {}
RESULT: {"using":"xpath","value":"//button[@data-kt=\"addNewYardOverflowToolbarButton\"]"}
COMMAND: POST /session/fefae731ffe12f9640dd1679bcba6cb2/elements - {"using":"xpath","value":"//button[@data-kt=\"addNewYardOverflowToolbarButton\"]"}
RESULT: {}
RESULT: {"using":"xpath","value":"//button[@data-kt=\"addNewYardOverflowToolbarButton\"]"}
COMMAND: POST /session/fefae731ffe12f9640dd1679bcba6cb2/elements - {"using":"xpath","value":"//button[@data-kt=\"addNewYardOverflowToolbarButton\"]"}
RESULT: {"using":"xpath","value":"//button[@data-kt=\"addNewYardOverflowToolbarButton\"]"}
COMMAND: POST /session/fefae731ffe12f9640dd1679bcba6cb2/elements - {"using":"xpath","value":"//button[@data-kt=\"addNewYardOverflowToolbarButton\"]"}
RESULT: {"using":"xpath","value":"//button[@data-kt=\"addNewYardOverflowToolbarButton\"]"}
COMMAND: POST /session/fefae731ffe12f9640dd1679bcba6cb2/elements - {"using":"xpath","value":"//button[@data-kt=\"addNewYardOverflowToolbarButton\"]"}
RESULT: {"using":"xpath","value":"//button[@data-kt=\"addNewYardOverflowToolbarButton\"]"}
COMMAND: POST /session/fefae731ffe12f9640dd1679bcba6cb2/element - {"using":"xpath","value":"//button[@data-kt=\"addNewYardOverflowToolbarButton\"]"}
RESULT: {"using":"xpath","value":"//button[@data-kt=\"addNewYardOverflowToolbarButton\"]"}
COMMAND: POST /session/fefae731ffe12f9640dd1679bcba6cb2/execute/sync - {"script":"<script> [8489 bytes]","args":[{"element-6066-11e4-a52e-4f735466cecf":"f.260C0A6E86F32DC815D14290BCACE04C.d.857C4840EE3F5A771068CF976A2E936A.e.14486","ELEMENT":"f.260C0A6E86F32DC815D14290BCACE04C.d.857C4840EE3F5A771068CF976A2E936A.e.14486"}]}
RESULT: {"script":"<script> [8489 bytes]","args":[{"element-6066-11e4-a52e-4f735466cecf":"f.260C0A6E86F32DC815D14290BCACE04C.d.857C4840EE3F5A771068CF976A2E936A.e.14486","ELEMENT":"f.260C0A6E86F32DC815D14290BCACE04C.d.857C4840EE3F5A771068CF976A2E936A.e.14486"}]}
COMMAND: GET /session/fefae731ffe12f9640dd1679bcba6cb2/element/f.260C0A6E86F32DC815D14290BCACE04C.d.857C4840EE3F5A771068CF976A2E936A.e.14486/enabled - {}
RESULT: {}
COMMAND: POST /session/fefae731ffe12f9640dd1679bcba6cb2/execute/sync - {"script":"<script> [8489 bytes]","args":[{"element-6066-11e4-a52e-4f735466cecf":"f.260C0A6E86F32DC815D14290BCACE04C.d.857C4840EE3F5A771068CF976A2E936A.e.14486","ELEMENT":"f.260C0A6E86F32DC815D14290BCACE04C.d.857C4840EE3F5A771068CF976A2E936A.e.14486"}]}
RESULT: {"script":"<script> [8489 bytes]","args":[{"element-6066-11e4-a52e-4f735466cecf":"f.260C0A6E86F32DC815D14290BCACE04C.d.857C4840EE3F5A771068CF976A2E936A.e.14486","ELEMENT":"f.260C0A6E86F32DC815D14290BCACE04C.d.857C4840EE3F5A771068CF976A2E936A.e.14486"}]}
COMMAND: POST /session/fefae731ffe12f9640dd1679bcba6cb2/execute/sync - {"script":"<script> [5351 bytes]","args":[{"element-6066-11e4-a52e-4f735466cecf":"f.260C0A6E86F32DC815D14290BCACE04C.d.857C4840EE3F5A771068CF976A2E936A.e.14486","ELEMENT":"f.260C0A6E86F32DC815D14290BCACE04C.d.857C4840EE3F5A771068CF976A2E936A.e.14486"}]}
RESULT: {"script":"<script> [5351 bytes]","args":[{"element-6066-11e4-a52e-4f735466cecf":"f.260C0A6E86F32DC815D14290BCACE04C.d.857C4840EE3F5A771068CF976A2E936A.e.14486","ELEMENT":"f.260C0A6E86F32DC815D14290BCACE04C.d.857C4840EE3F5A771068CF976A2E936A.e.14486"}]}
COMMAND: POST /session/fefae731ffe12f9640dd1679bcba6cb2/element/f.260C0A6E86F32DC815D14290BCACE04C.d.857C4840EE3F5A771068CF976A2E936A.e.14486/click - {}
COMMAND: GET /session/fefae731ffe12f9640dd1679bcba6cb2/screenshot - {}
COMMAND: GET /session/fefae731ffe12f9640dd1679bcba6cb2/screenshot - {}
COMMAND: GET /session/fefae731ffe12f9640dd1679bcba6cb2/screenshot - {}
COMMAND: GET /session/fefae731ffe12f9640dd1679bcba6cb2/screenshot - {}
RESULT: {}
COMMAND: GET /session/fefae731ffe12f9640dd1679bcba6cb2/screenshot - {}
RESULT: {}
COMMAND: POST /session/fefae731ffe12f9640dd1679bcba6cb2/element - {"using":"xpath","value":"//input[@id=\"application-manageyards-display-component---NewYard--yardId-inner\"]"}
RESULT: {}
RESULT: {}
RESULT: {}
RESULT: {}
RESULT: {"using":"xpath","value":"//input[@id=\"application-manageyards-display-component---NewYard--yardId-inner\"]"}
COMMAND: POST /session/fefae731ffe12f9640dd1679bcba6cb2/element - {"using":"xpath","value":"//input[@id=\"application-manageyards-display-component---NewYard--yardId-inner\"]"}
RESULT: {"using":"xpath","value":"//input[@id=\"application-manageyards-display-component---NewYard--yardId-inner\"]"}
COMMAND: POST /session/fefae731ffe12f9640dd1679bcba6cb2/execute/async - {"script":"<script> [1562 bytes]","args":[{"selector":{"id":"application-manageyards-display-component---NewYard--addressDetailDetailsName1","interaction":{"idSuffix":"inner"}},"wdio_ui5_key":"applicationmanageyards-display-component---NewYard--addressDetailDetailsName1"}]}
RESULT: {"script":"<script> [1562 bytes]","args":[{"selector":{"id":"application-manageyards-display-component---NewYard--addressDetailDetailsName1","interaction":{"idSuffix":"inner"}},"wdio_ui5_key":"applicationmanageyards-display-component---NewYard--addressDetailDetailsName1"}]}
RESULT: undefined
COMMAND: POST /session/fefae731ffe12f9640dd1679bcba6cb2/execute/async - {"script":"<script> [776 bytes]","args":[{"enterText":"Intracompany Yard wdIO","selector":{"id":"application-manageyards-display-component---NewYard--addressDetailDetailsName1","interaction":{"idSuffix":"inner"}},"clearTextFirst":true,"interactionType":"ENTER_TEXT"}]}
RESULT: {"script":"<script> [776 bytes]","args":[{"enterText":"Intracompany Yard wdIO","selector":{"id":"application-manageyards-display-component---NewYard--addressDetailDetailsName1","interaction":{"idSuffix":"inner"}},"clearTextFirst":true,"interactionType":"ENTER_TEXT"}]}
COMMAND: POST /session/fefae731ffe12f9640dd1679bcba6cb2/execute/async - {"script":"<script> [1562 bytes]","args":[{"selector":{"id":"application-manageyards-display-component---NewYard--addressDetailDetailsLanguage-arrow"},"wdio_ui5_key":"applicationmanageyards-display-component---NewYard--addressDetailDetailsLanguage-arrow"}]}
RESULT: {"script":"<script> [1562 bytes]","args":[{"selector":{"id":"application-manageyards-display-component---NewYard--addressDetailDetailsLanguage-arrow"},"wdio_ui5_key":"applicationmanageyards-display-component---NewYard--addressDetailDetailsLanguage-arrow"}]}
RESULT: undefined
COMMAND: POST /session/fefae731ffe12f9640dd1679bcba6cb2/element - {"using":"xpath","value":"//*[@id=\"application-manageyards-display-component---NewYard--addressDetailDetailsLanguage-arrow\"]"}
RESULT: {"using":"xpath","value":"//*[@id=\"application-manageyards-display-component---NewYard--addressDetailDetailsLanguage-arrow\"]"}
COMMAND: POST /session/fefae731ffe12f9640dd1679bcba6cb2/element/f.260C0A6E86F32DC815D14290BCACE04C.d.857C4840EE3F5A771068CF976A2E936A.e.14813/click - {}
RESULT: {}
COMMAND: POST /session/fefae731ffe12f9640dd1679bcba6cb2/element - {"using":"xpath","value":"//span[contains(text(), \"English\")]"}
COMMAND: GET /session/fefae731ffe12f9640dd1679bcba6cb2/screenshot - {}
RESULT: {"using":"xpath","value":"//span[contains(text(), \"English\")]"}
COMMAND: POST /session/fefae731ffe12f9640dd1679bcba6cb2/element/f.260C0A6E86F32DC815D14290BCACE04C.d.857C4840EE3F5A771068CF976A2E936A.e.14814/click - {}
RESULT: {}
RESULT: {}
COMMAND: POST /session/fefae731ffe12f9640dd1679bcba6cb2/execute/async - {"script":"<script> [1562 bytes]","args":[{"selector":{"id":"application-manageyards-display-component---NewYard--addressDetailDetailsCity1","interaction":{"idSuffix":"inner"}},"wdio_ui5_key":"applicationmanageyards-display-component---NewYard--addressDetailDetailsCity1"}]}
COMMAND: GET /session/fefae731ffe12f9640dd1679bcba6cb2/screenshot - {}
RESULT: {"script":"<script> [1562 bytes]","args":[{"selector":{"id":"application-manageyards-display-component---NewYard--addressDetailDetailsCity1","interaction":{"idSuffix":"inner"}},"wdio_ui5_key":"applicationmanageyards-display-component---NewYard--addressDetailDetailsCity1"}]}
RESULT: undefined
COMMAND: POST /session/fefae731ffe12f9640dd1679bcba6cb2/execute/async - {"script":"<script> [776 bytes]","args":[{"enterText":"Rosario","selector":{"id":"application-manageyards-display-component---NewYard--addressDetailDetailsCity1","interaction":{"idSuffix":"inner"}},"clearTextFirst":true,"interactionType":"ENTER_TEXT"}]}
RESULT: {}
RESULT: {"script":"<script> [776 bytes]","args":[{"enterText":"Rosario","selector":{"id":"application-manageyards-display-component---NewYard--addressDetailDetailsCity1","interaction":{"idSuffix":"inner"}},"clearTextFirst":true,"interactionType":"ENTER_TEXT"}]}
COMMAND: POST /session/fefae731ffe12f9640dd1679bcba6cb2/execute/async - {"script":"<script> [1562 bytes]","args":[{"selector":{"id":"application-manageyards-display-component---NewYard--addressDetailDetailsCountry-arrow"},"wdio_ui5_key":"applicationmanageyards-display-component---NewYard--addressDetailDetailsCountry-arrow"}]}
RESULT: {"script":"<script> [1562 bytes]","args":[{"selector":{"id":"application-manageyards-display-component---NewYard--addressDetailDetailsCountry-arrow"},"wdio_ui5_key":"applicationmanageyards-display-component---NewYard--addressDetailDetailsCountry-arrow"}]}
RESULT: undefined
COMMAND: POST /session/fefae731ffe12f9640dd1679bcba6cb2/element - {"using":"xpath","value":"//*[@id=\"application-manageyards-display-component---NewYard--addressDetailDetailsCountry-arrow\"]"}
RESULT: {"using":"xpath","value":"//*[@id=\"application-manageyards-display-component---NewYard--addressDetailDetailsCountry-arrow\"]"}
COMMAND: POST /session/fefae731ffe12f9640dd1679bcba6cb2/element/f.260C0A6E86F32DC815D14290BCACE04C.d.857C4840EE3F5A771068CF976A2E936A.e.14816/click - {}
RESULT: {}
COMMAND: POST /session/fefae731ffe12f9640dd1679bcba6cb2/element - {"using":"xpath","value":"//span[contains(text(), \"Argentina\")]"}
COMMAND: GET /session/fefae731ffe12f9640dd1679bcba6cb2/screenshot - {}
RESULT: {"using":"xpath","value":"//span[contains(text(), \"Argentina\")]"}
COMMAND: POST /session/fefae731ffe12f9640dd1679bcba6cb2/element/f.260C0A6E86F32DC815D14290BCACE04C.d.857C4840EE3F5A771068CF976A2E936A.e.14817/click - {}
RESULT: {}
RESULT: {}
COMMAND: POST /session/fefae731ffe12f9640dd1679bcba6cb2/execute/async - {"script":"<script> [1562 bytes]","args":[{"selector":{"id":"application-manageyards-display-component---NewYard--addressEditDetailsCostObjectCstType-arrow"},"wdio_ui5_key":"applicationmanageyards-display-component---NewYard--addressEditDetailsCostObjectCstType-arrow"}]}
COMMAND: GET /session/fefae731ffe12f9640dd1679bcba6cb2/screenshot - {}
RESULT: {"script":"<script> [1562 bytes]","args":[{"selector":{"id":"application-manageyards-display-component---NewYard--addressEditDetailsCostObjectCstType-arrow"},"wdio_ui5_key":"applicationmanageyards-display-component---NewYard--addressEditDetailsCostObjectCstType-arrow"}]}
RESULT: undefined
COMMAND: POST /session/fefae731ffe12f9640dd1679bcba6cb2/element - {"using":"xpath","value":"//*[@id=\"application-manageyards-display-component---NewYard--addressEditDetailsCostObjectCstType-arrow\"]"}
RESULT: {}
RESULT: {"using":"xpath","value":"//*[@id=\"application-manageyards-display-component---NewYard--addressEditDetailsCostObjectCstType-arrow\"]"}
COMMAND: POST /session/fefae731ffe12f9640dd1679bcba6cb2/element/f.260C0A6E86F32DC815D14290BCACE04C.d.857C4840EE3F5A771068CF976A2E936A.e.14819/click - {}
RESULT: {}
COMMAND: POST /session/fefae731ffe12f9640dd1679bcba6cb2/element - {"using":"xpath","value":"//span[contains(text(), \"Cost Center\")]"}
COMMAND: GET /session/fefae731ffe12f9640dd1679bcba6cb2/screenshot - {}
RESULT: {"using":"xpath","value":"//span[contains(text(), \"Cost Center\")]"}
COMMAND: POST /session/fefae731ffe12f9640dd1679bcba6cb2/element/f.260C0A6E86F32DC815D14290BCACE04C.d.857C4840EE3F5A771068CF976A2E936A.e.14820/click - {}
RESULT: {}
RESULT: {}
COMMAND: GET /session/fefae731ffe12f9640dd1679bcba6cb2/screenshot - {}
RESULT: {}
COMMAND: POST /session/fefae731ffe12f9640dd1679bcba6cb2/element - {"using":"xpath","value":"//span[@id=\"application-manageyards-display-component---NewYard--addressNewCostObjectCstID-vhi\"]"}
RESULT: {"using":"xpath","value":"//span[@id=\"application-manageyards-display-component---NewYard--addressNewCostObjectCstID-vhi\"]"}
COMMAND: POST /session/fefae731ffe12f9640dd1679bcba6cb2/execute/sync - {"script":"<script> [8489 bytes]","args":[{"element-6066-11e4-a52e-4f735466cecf":"f.260C0A6E86F32DC815D14290BCACE04C.d.857C4840EE3F5A771068CF976A2E936A.e.14824","ELEMENT":"f.260C0A6E86F32DC815D14290BCACE04C.d.857C4840EE3F5A771068CF976A2E936A.e.14824"}]}
RESULT: {"script":"<script> [8489 bytes]","args":[{"element-6066-11e4-a52e-4f735466cecf":"f.260C0A6E86F32DC815D14290BCACE04C.d.857C4840EE3F5A771068CF976A2E936A.e.14824","ELEMENT":"f.260C0A6E86F32DC815D14290BCACE04C.d.857C4840EE3F5A771068CF976A2E936A.e.14824"}]}
COMMAND: POST /session/fefae731ffe12f9640dd1679bcba6cb2/execute/async - {"script":"<script> [1562 bytes]","args":[{"selector":{"id":"application-manageyards-display-component---NewYard--addressNewCostObjectCstID-vhi"},"wdio_ui5_key":"applicationmanageyards-display-component---NewYard--addressNewCostObjectCstID-vhi"}]}
COMMAND: GET /session/fefae731ffe12f9640dd1679bcba6cb2/screenshot - {}
RESULT: {"script":"<script> [1562 bytes]","args":[{"selector":{"id":"application-manageyards-display-component---NewYard--addressNewCostObjectCstID-vhi"},"wdio_ui5_key":"applicationmanageyards-display-component---NewYard--addressNewCostObjectCstID-vhi"}]}
RESULT: undefined
COMMAND: POST /session/fefae731ffe12f9640dd1679bcba6cb2/element - {"using":"xpath","value":"//*[@id=\"application-manageyards-display-component---NewYard--addressNewCostObjectCstID-vhi\"]"}
RESULT: {}
RESULT: {"using":"xpath","value":"//*[@id=\"application-manageyards-display-component---NewYard--addressNewCostObjectCstID-vhi\"]"}
COMMAND: POST /session/fefae731ffe12f9640dd1679bcba6cb2/element/f.260C0A6E86F32DC815D14290BCACE04C.d.857C4840EE3F5A771068CF976A2E936A.e.14824/click - {}
RESULT: {}
COMMAND: GET /session/fefae731ffe12f9640dd1679bcba6cb2/screenshot - {}
RESULT: {}
COMMAND: POST /session/fefae731ffe12f9640dd1679bcba6cb2/execute/async - {"script":"<script> [1562 bytes]","args":[{"selector":{"controlType":"sap.m.SearchField","properties":{"placeholder":"Search"},"searchOpenDialogs":true,"interaction":{"idSuffix":"I"}},"wdio_ui5_key":"sapm.SearchField{\"placeholder\":\"Search\"}"}]}
RESULT: {"script":"<script> [1562 bytes]","args":[{"selector":{"controlType":"sap.m.SearchField","properties":{"placeholder":"Search"},"searchOpenDialogs":true,"interaction":{"idSuffix":"I"}},"wdio_ui5_key":"sapm.SearchField{\"placeholder\":\"Search\"}"}]}
RESULT: undefined
COMMAND: POST /session/fefae731ffe12f9640dd1679bcba6cb2/execute/async - {"script":"<script> [776 bytes]","args":[{"enterText":"10001013","selector":{"controlType":"sap.m.SearchField","properties":{"placeholder":"Search"},"searchOpenDialogs":true,"interaction":{"idSuffix":"I"}},"clearTextFirst":true,"interactionType":"ENTER_TEXT"}]}
RESULT: {"script":"<script> [776 bytes]","args":[{"enterText":"10001013","selector":{"controlType":"sap.m.SearchField","properties":{"placeholder":"Search"},"searchOpenDialogs":true,"interaction":{"idSuffix":"I"}},"clearTextFirst":true,"interactionType":"ENTER_TEXT"}]}
COMMAND: POST /session/fefae731ffe12f9640dd1679bcba6cb2/actions - {"actions":[{"id":"action52","type":"key","parameters":{},"actions":[{"type":"keyDown","value":"î€‡"},{"type":"pause","duration":10},{"type":"keyUp","value":"î€‡"}]}]}
RESULT: {"actions":[{"id":"action52","type":"key","parameters":{},"actions":[{"type":"keyDown","value":"î€‡"},{"type":"pause","duration":10},{"type":"keyUp","value":"î€‡"}]}]}
COMMAND: GET /session/fefae731ffe12f9640dd1679bcba6cb2/screenshot - {}
RESULT: {}
COMMAND: POST /session/fefae731ffe12f9640dd1679bcba6cb2/element - {"using":"xpath","value":"//span[contains(text(), \"General Management\")]"}
RESULT: {"using":"xpath","value":"//span[contains(text(), \"General Management\")]"}
COMMAND: POST /session/fefae731ffe12f9640dd1679bcba6cb2/element/f.260C0A6E86F32DC815D14290BCACE04C.d.857C4840EE3F5A771068CF976A2E936A.e.14865/click - {}
RESULT: {}
COMMAND: GET /session/fefae731ffe12f9640dd1679bcba6cb2/screenshot - {}
RESULT: {}
COMMAND: POST /session/fefae731ffe12f9640dd1679bcba6cb2/element - {"using":"xpath","value":"//bdi[contains(text(), \"OK\")]"}
RESULT: {"using":"xpath","value":"//bdi[contains(text(), \"OK\")]"}
COMMAND: POST /session/fefae731ffe12f9640dd1679bcba6cb2/element/f.260C0A6E86F32DC815D14290BCACE04C.d.857C4840EE3F5A771068CF976A2E936A.e.14866/click - {}
RESULT: {}
COMMAND: GET /session/fefae731ffe12f9640dd1679bcba6cb2/screenshot - {}
RESULT: {}
COMMAND: POST /session/fefae731ffe12f9640dd1679bcba6cb2/execute/async - {"script":"<script> [1562 bytes]","args":[{"selector":{"id":"application-manageyards-display-component---NewYard--addressEditDetailsCurrency-arrow"},"wdio_ui5_key":"applicationmanageyards-display-component---NewYard--addressEditDetailsCurrency-arrow"}]}
RESULT: {"script":"<script> [1562 bytes]","args":[{"selector":{"id":"application-manageyards-display-component---NewYard--addressEditDetailsCurrency-arrow"},"wdio_ui5_key":"applicationmanageyards-display-component---NewYard--addressEditDetailsCurrency-arrow"}]}
RESULT: undefined
COMMAND: POST /session/fefae731ffe12f9640dd1679bcba6cb2/element - {"using":"xpath","value":"//*[@id=\"application-manageyards-display-component---NewYard--addressEditDetailsCurrency-arrow\"]"}
RESULT: {"using":"xpath","value":"//*[@id=\"application-manageyards-display-component---NewYard--addressEditDetailsCurrency-arrow\"]"}
COMMAND: POST /session/fefae731ffe12f9640dd1679bcba6cb2/element/f.260C0A6E86F32DC815D14290BCACE04C.d.857C4840EE3F5A771068CF976A2E936A.e.14869/click - {}
RESULT: {}
COMMAND: POST /session/fefae731ffe12f9640dd1679bcba6cb2/element - {"using":"xpath","value":"//span[contains(text(), \"Euro\")]"}
COMMAND: GET /session/fefae731ffe12f9640dd1679bcba6cb2/screenshot - {}
RESULT: {"using":"xpath","value":"//span[contains(text(), \"Euro\")]"}
COMMAND: POST /session/fefae731ffe12f9640dd1679bcba6cb2/element/f.260C0A6E86F32DC815D14290BCACE04C.d.857C4840EE3F5A771068CF976A2E936A.e.14870/click - {}
RESULT: {}
RESULT: {}
COMMAND: POST /session/fefae731ffe12f9640dd1679bcba6cb2/execute/async - {"script":"<script> [1562 bytes]","args":[{"selector":{"controlType":"sap.m.Input","viewName":"etm.portal.ui.manageyards.view.New","viewId":"application-manageyards-display-component---NewYard","bindingPath":{"path":"","propertyPath":"/CONTROLLING_AREA","modelName":"NewYardModel"},"interaction":{"idSuffix":"inner"}},"wdio_ui5_key":"etmportal.ui.manageyards.view.Newsap.m.Input{\"path\":\"\",\"propertyPath\":\"/CONTROLLING_AREA\",\"modelName\":\"NewYardModel\"}"}]}
COMMAND: GET /session/fefae731ffe12f9640dd1679bcba6cb2/screenshot - {}
RESULT: {"script":"<script> [1562 bytes]","args":[{"selector":{"controlType":"sap.m.Input","viewName":"etm.portal.ui.manageyards.view.New","viewId":"application-manageyards-display-component---NewYard","bindingPath":{"path":"","propertyPath":"/CONTROLLING_AREA","modelName":"NewYardModel"},"interaction":{"idSuffix":"inner"}},"wdio_ui5_key":"etmportal.ui.manageyards.view.Newsap.m.Input{\"path\":\"\",\"propertyPath\":\"/CONTROLLING_AREA\",\"modelName\":\"NewYardModel\"}"}]}
RESULT: undefined
COMMAND: POST /session/fefae731ffe12f9640dd1679bcba6cb2/execute/async - {"script":"<script> [776 bytes]","args":[{"enterText":"Z001","selector":{"controlType":"sap.m.Input","viewName":"etm.portal.ui.manageyards.view.New","viewId":"application-manageyards-display-component---NewYard","bindingPath":{"path":"","propertyPath":"/CONTROLLING_AREA","modelName":"NewYardModel"},"interaction":{"idSuffix":"inner"}},"clearTextFirst":true,"interactionType":"ENTER_TEXT"}]}
RESULT: {}
RESULT: {"script":"<script> [776 bytes]","args":[{"enterText":"Z001","selector":{"controlType":"sap.m.Input","viewName":"etm.portal.ui.manageyards.view.New","viewId":"application-manageyards-display-component---NewYard","bindingPath":{"path":"","propertyPath":"/CONTROLLING_AREA","modelName":"NewYardModel"},"interaction":{"idSuffix":"inner"}},"clearTextFirst":true,"interactionType":"ENTER_TEXT"}]}
COMMAND: POST /session/fefae731ffe12f9640dd1679bcba6cb2/execute/async - {"script":"<script> [1562 bytes]","args":[{"selector":{"id":"application-manageyards-display-component---NewYard--companyCodeComboBox","interaction":{"idSuffix":"inner"}},"wdio_ui5_key":"applicationmanageyards-display-component---NewYard--companyCodeComboBox"}]}
RESULT: {"script":"<script> [1562 bytes]","args":[{"selector":{"id":"application-manageyards-display-component---NewYard--companyCodeComboBox","interaction":{"idSuffix":"inner"}},"wdio_ui5_key":"applicationmanageyards-display-component---NewYard--companyCodeComboBox"}]}
RESULT: undefined
COMMAND: POST /session/fefae731ffe12f9640dd1679bcba6cb2/execute/async - {"script":"<script> [776 bytes]","args":[{"enterText":"1000","selector":{"id":"application-manageyards-display-component---NewYard--companyCodeComboBox","interaction":{"idSuffix":"inner"}},"clearTextFirst":true,"interactionType":"ENTER_TEXT"}]}
RESULT: {"script":"<script> [776 bytes]","args":[{"enterText":"1000","selector":{"id":"application-manageyards-display-component---NewYard--companyCodeComboBox","interaction":{"idSuffix":"inner"}},"clearTextFirst":true,"interactionType":"ENTER_TEXT"}]}
COMMAND: POST /session/fefae731ffe12f9640dd1679bcba6cb2/execute/async - {"script":"<script> [1562 bytes]","args":[{"selector":{"controlType":"sap.m.Input","viewName":"etm.portal.ui.manageyards.view.New","viewId":"application-manageyards-display-component---NewYard","bindingPath":{"path":"","propertyPath":"/PLANT","modelName":"NewYardModel"},"interaction":{"idSuffix":"inner"}},"wdio_ui5_key":"etmportal.ui.manageyards.view.Newsap.m.Input{\"path\":\"\",\"propertyPath\":\"/PLANT\",\"modelName\":\"NewYardModel\"}"}]}
RESULT: {"script":"<script> [1562 bytes]","args":[{"selector":{"controlType":"sap.m.Input","viewName":"etm.portal.ui.manageyards.view.New","viewId":"application-manageyards-display-component---NewYard","bindingPath":{"path":"","propertyPath":"/PLANT","modelName":"NewYardModel"},"interaction":{"idSuffix":"inner"}},"wdio_ui5_key":"etmportal.ui.manageyards.view.Newsap.m.Input{\"path\":\"\",\"propertyPath\":\"/PLANT\",\"modelName\":\"NewYardModel\"}"}]}
RESULT: undefined
COMMAND: POST /session/fefae731ffe12f9640dd1679bcba6cb2/execute/async - {"script":"<script> [776 bytes]","args":[{"enterText":"1001","selector":{"controlType":"sap.m.Input","viewName":"etm.portal.ui.manageyards.view.New","viewId":"application-manageyards-display-component---NewYard","bindingPath":{"path":"","propertyPath":"/PLANT","modelName":"NewYardModel"},"interaction":{"idSuffix":"inner"}},"clearTextFirst":true,"interactionType":"ENTER_TEXT"}]}
RESULT: {"script":"<script> [776 bytes]","args":[{"enterText":"1001","selector":{"controlType":"sap.m.Input","viewName":"etm.portal.ui.manageyards.view.New","viewId":"application-manageyards-display-component---NewYard","bindingPath":{"path":"","propertyPath":"/PLANT","modelName":"NewYardModel"},"interaction":{"idSuffix":"inner"}},"clearTextFirst":true,"interactionType":"ENTER_TEXT"}]}
COMMAND: POST /session/fefae731ffe12f9640dd1679bcba6cb2/execute/async - {"script":"<script> [1562 bytes]","args":[{"selector":{"controlType":"sap.m.Input","viewName":"etm.portal.ui.manageyards.view.New","viewId":"application-manageyards-display-component---NewYard","bindingPath":{"path":"","propertyPath":"/SALES_AREA_VKORG","modelName":"NewYardModel"},"interaction":{"idSuffix":"inner"}},"wdio_ui5_key":"etmportal.ui.manageyards.view.Newsap.m.Input{\"path\":\"\",\"propertyPath\":\"/SALES_AREA_VKORG\",\"modelName\":\"NewYardModel\"}"}]}
RESULT: {"script":"<script> [1562 bytes]","args":[{"selector":{"controlType":"sap.m.Input","viewName":"etm.portal.ui.manageyards.view.New","viewId":"application-manageyards-display-component---NewYard","bindingPath":{"path":"","propertyPath":"/SALES_AREA_VKORG","modelName":"NewYardModel"},"interaction":{"idSuffix":"inner"}},"wdio_ui5_key":"etmportal.ui.manageyards.view.Newsap.m.Input{\"path\":\"\",\"propertyPath\":\"/SALES_AREA_VKORG\",\"modelName\":\"NewYardModel\"}"}]}
RESULT: undefined
COMMAND: POST /session/fefae731ffe12f9640dd1679bcba6cb2/execute/async - {"script":"<script> [776 bytes]","args":[{"enterText":"C002","selector":{"controlType":"sap.m.Input","viewName":"etm.portal.ui.manageyards.view.New","viewId":"application-manageyards-display-component---NewYard","bindingPath":{"path":"","propertyPath":"/SALES_AREA_VKORG","modelName":"NewYardModel"},"interaction":{"idSuffix":"inner"}},"clearTextFirst":true,"interactionType":"ENTER_TEXT"}]}
RESULT: {"script":"<script> [776 bytes]","args":[{"enterText":"C002","selector":{"controlType":"sap.m.Input","viewName":"etm.portal.ui.manageyards.view.New","viewId":"application-manageyards-display-component---NewYard","bindingPath":{"path":"","propertyPath":"/SALES_AREA_VKORG","modelName":"NewYardModel"},"interaction":{"idSuffix":"inner"}},"clearTextFirst":true,"interactionType":"ENTER_TEXT"}]}
COMMAND: POST /session/fefae731ffe12f9640dd1679bcba6cb2/execute/async - {"script":"<script> [1562 bytes]","args":[{"selector":{"controlType":"sap.m.Input","viewName":"etm.portal.ui.manageyards.view.New","viewId":"application-manageyards-display-component---NewYard","bindingPath":{"path":"","propertyPath":"/SALES_AREA_VTWEG","modelName":"NewYardModel"},"interaction":{"idSuffix":"inner"}},"wdio_ui5_key":"etmportal.ui.manageyards.view.Newsap.m.Input{\"path\":\"\",\"propertyPath\":\"/SALES_AREA_VTWEG\",\"modelName\":\"NewYardModel\"}"}]}
RESULT: {"script":"<script> [1562 bytes]","args":[{"selector":{"controlType":"sap.m.Input","viewName":"etm.portal.ui.manageyards.view.New","viewId":"application-manageyards-display-component---NewYard","bindingPath":{"path":"","propertyPath":"/SALES_AREA_VTWEG","modelName":"NewYardModel"},"interaction":{"idSuffix":"inner"}},"wdio_ui5_key":"etmportal.ui.manageyards.view.Newsap.m.Input{\"path\":\"\",\"propertyPath\":\"/SALES_AREA_VTWEG\",\"modelName\":\"NewYardModel\"}"}]}
RESULT: undefined
COMMAND: POST /session/fefae731ffe12f9640dd1679bcba6cb2/execute/async - {"script":"<script> [776 bytes]","args":[{"enterText":"C2","selector":{"controlType":"sap.m.Input","viewName":"etm.portal.ui.manageyards.view.New","viewId":"application-manageyards-display-component---NewYard","bindingPath":{"path":"","propertyPath":"/SALES_AREA_VTWEG","modelName":"NewYardModel"},"interaction":{"idSuffix":"inner"}},"clearTextFirst":true,"interactionType":"ENTER_TEXT"}]}
RESULT: {"script":"<script> [776 bytes]","args":[{"enterText":"C2","selector":{"controlType":"sap.m.Input","viewName":"etm.portal.ui.manageyards.view.New","viewId":"application-manageyards-display-component---NewYard","bindingPath":{"path":"","propertyPath":"/SALES_AREA_VTWEG","modelName":"NewYardModel"},"interaction":{"idSuffix":"inner"}},"clearTextFirst":true,"interactionType":"ENTER_TEXT"}]}
COMMAND: POST /session/fefae731ffe12f9640dd1679bcba6cb2/execute/async - {"script":"<script> [1562 bytes]","args":[{"selector":{"controlType":"sap.m.Input","viewName":"etm.portal.ui.manageyards.view.New","viewId":"application-manageyards-display-component---NewYard","bindingPath":{"path":"","propertyPath":"/SALES_AREA_SPART","modelName":"NewYardModel"},"interaction":{"idSuffix":"inner"}},"wdio_ui5_key":"etmportal.ui.manageyards.view.Newsap.m.Input{\"path\":\"\",\"propertyPath\":\"/SALES_AREA_SPART\",\"modelName\":\"NewYardModel\"}"}]}
RESULT: {"script":"<script> [1562 bytes]","args":[{"selector":{"controlType":"sap.m.Input","viewName":"etm.portal.ui.manageyards.view.New","viewId":"application-manageyards-display-component---NewYard","bindingPath":{"path":"","propertyPath":"/SALES_AREA_SPART","modelName":"NewYardModel"},"interaction":{"idSuffix":"inner"}},"wdio_ui5_key":"etmportal.ui.manageyards.view.Newsap.m.Input{\"path\":\"\",\"propertyPath\":\"/SALES_AREA_SPART\",\"modelName\":\"NewYardModel\"}"}]}
RESULT: undefined
COMMAND: POST /session/fefae731ffe12f9640dd1679bcba6cb2/execute/async - {"script":"<script> [776 bytes]","args":[{"enterText":"C2","selector":{"controlType":"sap.m.Input","viewName":"etm.portal.ui.manageyards.view.New","viewId":"application-manageyards-display-component---NewYard","bindingPath":{"path":"","propertyPath":"/SALES_AREA_SPART","modelName":"NewYardModel"},"interaction":{"idSuffix":"inner"}},"clearTextFirst":true,"interactionType":"ENTER_TEXT"}]}
RESULT: {"script":"<script> [776 bytes]","args":[{"enterText":"C2","selector":{"controlType":"sap.m.Input","viewName":"etm.portal.ui.manageyards.view.New","viewId":"application-manageyards-display-component---NewYard","bindingPath":{"path":"","propertyPath":"/SALES_AREA_SPART","modelName":"NewYardModel"},"interaction":{"idSuffix":"inner"}},"clearTextFirst":true,"interactionType":"ENTER_TEXT"}]}
COMMAND: POST /session/fefae731ffe12f9640dd1679bcba6cb2/execute/async - {"script":"<script> [1562 bytes]","args":[{"selector":{"controlType":"sap.m.Input","viewName":"etm.portal.ui.manageyards.view.New","viewId":"application-manageyards-display-component---NewYard","bindingPath":{"path":"","propertyPath":"/SHIP_POINT","modelName":"NewYardModel"},"interaction":{"idSuffix":"inner"}},"wdio_ui5_key":"etmportal.ui.manageyards.view.Newsap.m.Input{\"path\":\"\",\"propertyPath\":\"/SHIP_POINT\",\"modelName\":\"NewYardModel\"}"}]}
RESULT: {"script":"<script> [1562 bytes]","args":[{"selector":{"controlType":"sap.m.Input","viewName":"etm.portal.ui.manageyards.view.New","viewId":"application-manageyards-display-component---NewYard","bindingPath":{"path":"","propertyPath":"/SHIP_POINT","modelName":"NewYardModel"},"interaction":{"idSuffix":"inner"}},"wdio_ui5_key":"etmportal.ui.manageyards.view.Newsap.m.Input{\"path\":\"\",\"propertyPath\":\"/SHIP_POINT\",\"modelName\":\"NewYardModel\"}"}]}
RESULT: undefined
COMMAND: POST /session/fefae731ffe12f9640dd1679bcba6cb2/execute/async - {"script":"<script> [776 bytes]","args":[{"enterText":"1710","selector":{"controlType":"sap.m.Input","viewName":"etm.portal.ui.manageyards.view.New","viewId":"application-manageyards-display-component---NewYard","bindingPath":{"path":"","propertyPath":"/SHIP_POINT","modelName":"NewYardModel"},"interaction":{"idSuffix":"inner"}},"clearTextFirst":true,"interactionType":"ENTER_TEXT"}]}
RESULT: {"script":"<script> [776 bytes]","args":[{"enterText":"1710","selector":{"controlType":"sap.m.Input","viewName":"etm.portal.ui.manageyards.view.New","viewId":"application-manageyards-display-component---NewYard","bindingPath":{"path":"","propertyPath":"/SHIP_POINT","modelName":"NewYardModel"},"interaction":{"idSuffix":"inner"}},"clearTextFirst":true,"interactionType":"ENTER_TEXT"}]}
COMMAND: POST /session/fefae731ffe12f9640dd1679bcba6cb2/execute/async - {"script":"<script> [1562 bytes]","args":[{"selector":{"controlType":"sap.m.Input","viewName":"etm.portal.ui.manageyards.view.New","viewId":"application-manageyards-display-component---NewYard","bindingPath":{"path":"","propertyPath":"/DELIVERY_TYPE","modelName":"NewYardModel"},"interaction":{"idSuffix":"inner"}},"wdio_ui5_key":"etmportal.ui.manageyards.view.Newsap.m.Input{\"path\":\"\",\"propertyPath\":\"/DELIVERY_TYPE\",\"modelName\":\"NewYardModel\"}"}]}
RESULT: {"script":"<script> [1562 bytes]","args":[{"selector":{"controlType":"sap.m.Input","viewName":"etm.portal.ui.manageyards.view.New","viewId":"application-manageyards-display-component---NewYard","bindingPath":{"path":"","propertyPath":"/DELIVERY_TYPE","modelName":"NewYardModel"},"interaction":{"idSuffix":"inner"}},"wdio_ui5_key":"etmportal.ui.manageyards.view.Newsap.m.Input{\"path\":\"\",\"propertyPath\":\"/DELIVERY_TYPE\",\"modelName\":\"NewYardModel\"}"}]}
RESULT: undefined
COMMAND: POST /session/fefae731ffe12f9640dd1679bcba6cb2/execute/async - {"script":"<script> [776 bytes]","args":[{"enterText":"ZL01","selector":{"controlType":"sap.m.Input","viewName":"etm.portal.ui.manageyards.view.New","viewId":"application-manageyards-display-component---NewYard","bindingPath":{"path":"","propertyPath":"/DELIVERY_TYPE","modelName":"NewYardModel"},"interaction":{"idSuffix":"inner"}},"clearTextFirst":true,"interactionType":"ENTER_TEXT"}]}
RESULT: {"script":"<script> [776 bytes]","args":[{"enterText":"ZL01","selector":{"controlType":"sap.m.Input","viewName":"etm.portal.ui.manageyards.view.New","viewId":"application-manageyards-display-component---NewYard","bindingPath":{"path":"","propertyPath":"/DELIVERY_TYPE","modelName":"NewYardModel"},"interaction":{"idSuffix":"inner"}},"clearTextFirst":true,"interactionType":"ENTER_TEXT"}]}
COMMAND: POST /session/fefae731ffe12f9640dd1679bcba6cb2/execute/async - {"script":"<script> [1562 bytes]","args":[{"selector":{"controlType":"sap.m.Input","viewName":"etm.portal.ui.manageyards.view.New","viewId":"application-manageyards-display-component---NewYard","bindingPath":{"path":"","propertyPath":"/AUART","modelName":"NewYardModel"},"interaction":{"idSuffix":"inner"}},"wdio_ui5_key":"etmportal.ui.manageyards.view.Newsap.m.Input{\"path\":\"\",\"propertyPath\":\"/AUART\",\"modelName\":\"NewYardModel\"}"}]}
RESULT: {"script":"<script> [1562 bytes]","args":[{"selector":{"controlType":"sap.m.Input","viewName":"etm.portal.ui.manageyards.view.New","viewId":"application-manageyards-display-component---NewYard","bindingPath":{"path":"","propertyPath":"/AUART","modelName":"NewYardModel"},"interaction":{"idSuffix":"inner"}},"wdio_ui5_key":"etmportal.ui.manageyards.view.Newsap.m.Input{\"path\":\"\",\"propertyPath\":\"/AUART\",\"modelName\":\"NewYardModel\"}"}]}
RESULT: undefined
COMMAND: POST /session/fefae731ffe12f9640dd1679bcba6cb2/execute/async - {"script":"<script> [776 bytes]","args":[{"enterText":"TA","selector":{"controlType":"sap.m.Input","viewName":"etm.portal.ui.manageyards.view.New","viewId":"application-manageyards-display-component---NewYard","bindingPath":{"path":"","propertyPath":"/AUART","modelName":"NewYardModel"},"interaction":{"idSuffix":"inner"}},"clearTextFirst":true,"interactionType":"ENTER_TEXT"}]}
RESULT: {"script":"<script> [776 bytes]","args":[{"enterText":"TA","selector":{"controlType":"sap.m.Input","viewName":"etm.portal.ui.manageyards.view.New","viewId":"application-manageyards-display-component---NewYard","bindingPath":{"path":"","propertyPath":"/AUART","modelName":"NewYardModel"},"interaction":{"idSuffix":"inner"}},"clearTextFirst":true,"interactionType":"ENTER_TEXT"}]}
COMMAND: POST /session/fefae731ffe12f9640dd1679bcba6cb2/element - {"using":"xpath","value":"//button[@data-kt=\"newYardSaveButton\"]"}
RESULT: {"using":"xpath","value":"//button[@data-kt=\"newYardSaveButton\"]"}
COMMAND: POST /session/fefae731ffe12f9640dd1679bcba6cb2/element/f.260C0A6E86F32DC815D14290BCACE04C.d.857C4840EE3F5A771068CF976A2E936A.e.14777/click - {}
RESULT: {}
COMMAND: GET /session/fefae731ffe12f9640dd1679bcba6cb2/screenshot - {}
RESULT: {}
COMMAND: POST /session/fefae731ffe12f9640dd1679bcba6cb2/element - {"using":"xpath","value":"//header[contains(@id, 'ObjectPageLayout-headerTitle')]/div[1]/div[2]/div[1]/span[1]"}
RESULT: {"using":"xpath","value":"//header[contains(@id, 'ObjectPageLayout-headerTitle')]/div[1]/div[2]/div[1]/span[1]"}
COMMAND: POST /session/fefae731ffe12f9640dd1679bcba6cb2/elements - {"using":"xpath","value":"//header[contains(@id, 'ObjectPageLayout-headerTitle')]/div[1]/div[2]/div[1]/span[1]"}
RESULT: {"using":"xpath","value":"//header[contains(@id, 'ObjectPageLayout-headerTitle')]/div[1]/div[2]/div[1]/span[1]"}
COMMAND: POST /session/fefae731ffe12f9640dd1679bcba6cb2/execute/sync - {"script":"<script> [56 bytes]","args":[{"element-6066-11e4-a52e-4f735466cecf":"f.260C0A6E86F32DC815D14290BCACE04C.d.857C4840EE3F5A771068CF976A2E936A.e.15096","ELEMENT":"f.260C0A6E86F32DC815D14290BCACE04C.d.857C4840EE3F5A771068CF976A2E936A.e.15096"}]}
RESULT: {"script":"<script> [56 bytes]","args":[{"element-6066-11e4-a52e-4f735466cecf":"f.260C0A6E86F32DC815D14290BCACE04C.d.857C4840EE3F5A771068CF976A2E936A.e.15096","ELEMENT":"f.260C0A6E86F32DC815D14290BCACE04C.d.857C4840EE3F5A771068CF976A2E936A.e.15096"}]}
COMMAND: GET /session/fefae731ffe12f9640dd1679bcba6cb2/screenshot - {}
RESULT: {}
COMMAND: POST /session/fefae731ffe12f9640dd1679bcba6cb2/element - {"using":"css selector","value":"#shell-header-logo"}
RESULT: {"using":"css selector","value":"#shell-header-logo"}
COMMAND: POST /session/fefae731ffe12f9640dd1679bcba6cb2/element/f.260C0A6E86F32DC815D14290BCACE04C.d.857C4840EE3F5A771068CF976A2E936A.e.14226/click - {}
RESULT: {}
COMMAND: GET /session/fefae731ffe12f9640dd1679bcba6cb2/screenshot - {}
RESULT: {}
COMMAND: POST /session/fefae731ffe12f9640dd1679bcba6cb2/execute/sync - {"script":"<script> [299 bytes]","args":[["getModel","getResource"]]}
RESULT: {"script":"<script> [299 bytes]","args":[["getModel","getResource"]]}
]]></system-out>
    </testcase>
    <testcase classname="chrome.136_0_7103_49.windows.Transfer_Yard_to_Yard_US131076" name="Should create the equipment" time="142.945">
      <system-out><![CDATA[
COMMAND: POST /session/fefae731ffe12f9640dd1679bcba6cb2/execute/async - {"script":"<script> [1562 bytes]","args":[{"selector":{"controlType":"sap.m.GenericTile","properties":{"header":"Manage Resources"}},"wdio_ui5_key":"sapm.GenericTile{\"header\":\"Manage Resources\"}"}]}
COMMAND: GET /session/fefae731ffe12f9640dd1679bcba6cb2/screenshot - {}
RESULT: {"script":"<script> [1562 bytes]","args":[{"selector":{"controlType":"sap.m.GenericTile","properties":{"header":"Manage Resources"}},"wdio_ui5_key":"sapm.GenericTile{\"header\":\"Manage Resources\"}"}]}
RESULT: undefined
COMMAND: POST /session/fefae731ffe12f9640dd1679bcba6cb2/element - {"using":"xpath","value":"//*[@id=\"__tile31\"]"}
RESULT: {}
RESULT: {"using":"xpath","value":"//*[@id=\"__tile31\"]"}
COMMAND: POST /session/fefae731ffe12f9640dd1679bcba6cb2/element/f.260C0A6E86F32DC815D14290BCACE04C.d.857C4840EE3F5A771068CF976A2E936A.e.14245/click - {}
RESULT: {}
COMMAND: POST /session/fefae731ffe12f9640dd1679bcba6cb2/element - {"using":"xpath","value":"//button[@data-kt=\"addNewRUOverflowToolbarButton\"]"}
COMMAND: GET /session/fefae731ffe12f9640dd1679bcba6cb2/screenshot - {}
RESULT: {"using":"xpath","value":"//button[@data-kt=\"addNewRUOverflowToolbarButton\"]"}
COMMAND: POST /session/fefae731ffe12f9640dd1679bcba6cb2/elements - {"using":"xpath","value":"//button[@data-kt=\"addNewRUOverflowToolbarButton\"]"}
RESULT: {}
RESULT: {"using":"xpath","value":"//button[@data-kt=\"addNewRUOverflowToolbarButton\"]"}
COMMAND: POST /session/fefae731ffe12f9640dd1679bcba6cb2/elements - {"using":"xpath","value":"//button[@data-kt=\"addNewRUOverflowToolbarButton\"]"}
RESULT: {"using":"xpath","value":"//button[@data-kt=\"addNewRUOverflowToolbarButton\"]"}
COMMAND: POST /session/fefae731ffe12f9640dd1679bcba6cb2/elements - {"using":"xpath","value":"//button[@data-kt=\"addNewRUOverflowToolbarButton\"]"}
RESULT: {"using":"xpath","value":"//button[@data-kt=\"addNewRUOverflowToolbarButton\"]"}
COMMAND: POST /session/fefae731ffe12f9640dd1679bcba6cb2/elements - {"using":"xpath","value":"//button[@data-kt=\"addNewRUOverflowToolbarButton\"]"}
RESULT: {"using":"xpath","value":"//button[@data-kt=\"addNewRUOverflowToolbarButton\"]"}
COMMAND: POST /session/fefae731ffe12f9640dd1679bcba6cb2/elements - {"using":"xpath","value":"//button[@data-kt=\"addNewRUOverflowToolbarButton\"]"}
RESULT: {"using":"xpath","value":"//button[@data-kt=\"addNewRUOverflowToolbarButton\"]"}
COMMAND: POST /session/fefae731ffe12f9640dd1679bcba6cb2/elements - {"using":"xpath","value":"//button[@data-kt=\"addNewRUOverflowToolbarButton\"]"}
RESULT: {"using":"xpath","value":"//button[@data-kt=\"addNewRUOverflowToolbarButton\"]"}
COMMAND: POST /session/fefae731ffe12f9640dd1679bcba6cb2/elements - {"using":"xpath","value":"//button[@data-kt=\"addNewRUOverflowToolbarButton\"]"}
RESULT: {"using":"xpath","value":"//button[@data-kt=\"addNewRUOverflowToolbarButton\"]"}
COMMAND: POST /session/fefae731ffe12f9640dd1679bcba6cb2/elements - {"using":"xpath","value":"//button[@data-kt=\"addNewRUOverflowToolbarButton\"]"}
RESULT: {"using":"xpath","value":"//button[@data-kt=\"addNewRUOverflowToolbarButton\"]"}
COMMAND: POST /session/fefae731ffe12f9640dd1679bcba6cb2/elements - {"using":"xpath","value":"//button[@data-kt=\"addNewRUOverflowToolbarButton\"]"}
RESULT: {"using":"xpath","value":"//button[@data-kt=\"addNewRUOverflowToolbarButton\"]"}
COMMAND: POST /session/fefae731ffe12f9640dd1679bcba6cb2/elements - {"using":"xpath","value":"//button[@data-kt=\"addNewRUOverflowToolbarButton\"]"}
RESULT: {"using":"xpath","value":"//button[@data-kt=\"addNewRUOverflowToolbarButton\"]"}
COMMAND: POST /session/fefae731ffe12f9640dd1679bcba6cb2/elements - {"using":"xpath","value":"//button[@data-kt=\"addNewRUOverflowToolbarButton\"]"}
RESULT: {"using":"xpath","value":"//button[@data-kt=\"addNewRUOverflowToolbarButton\"]"}
COMMAND: POST /session/fefae731ffe12f9640dd1679bcba6cb2/elements - {"using":"xpath","value":"//button[@data-kt=\"addNewRUOverflowToolbarButton\"]"}
RESULT: {"using":"xpath","value":"//button[@data-kt=\"addNewRUOverflowToolbarButton\"]"}
COMMAND: POST /session/fefae731ffe12f9640dd1679bcba6cb2/elements - {"using":"xpath","value":"//button[@data-kt=\"addNewRUOverflowToolbarButton\"]"}
RESULT: {"using":"xpath","value":"//button[@data-kt=\"addNewRUOverflowToolbarButton\"]"}
COMMAND: POST /session/fefae731ffe12f9640dd1679bcba6cb2/elements - {"using":"xpath","value":"//button[@data-kt=\"addNewRUOverflowToolbarButton\"]"}
RESULT: {"using":"xpath","value":"//button[@data-kt=\"addNewRUOverflowToolbarButton\"]"}
COMMAND: POST /session/fefae731ffe12f9640dd1679bcba6cb2/elements - {"using":"xpath","value":"//button[@data-kt=\"addNewRUOverflowToolbarButton\"]"}
RESULT: {"using":"xpath","value":"//button[@data-kt=\"addNewRUOverflowToolbarButton\"]"}
COMMAND: POST /session/fefae731ffe12f9640dd1679bcba6cb2/elements - {"using":"xpath","value":"//button[@data-kt=\"addNewRUOverflowToolbarButton\"]"}
RESULT: {"using":"xpath","value":"//button[@data-kt=\"addNewRUOverflowToolbarButton\"]"}
COMMAND: POST /session/fefae731ffe12f9640dd1679bcba6cb2/element - {"using":"xpath","value":"//button[@data-kt=\"addNewRUOverflowToolbarButton\"]"}
RESULT: {"using":"xpath","value":"//button[@data-kt=\"addNewRUOverflowToolbarButton\"]"}
COMMAND: POST /session/fefae731ffe12f9640dd1679bcba6cb2/execute/sync - {"script":"<script> [8489 bytes]","args":[{"element-6066-11e4-a52e-4f735466cecf":"f.260C0A6E86F32DC815D14290BCACE04C.d.857C4840EE3F5A771068CF976A2E936A.e.15128","ELEMENT":"f.260C0A6E86F32DC815D14290BCACE04C.d.857C4840EE3F5A771068CF976A2E936A.e.15128"}]}
RESULT: {"script":"<script> [8489 bytes]","args":[{"element-6066-11e4-a52e-4f735466cecf":"f.260C0A6E86F32DC815D14290BCACE04C.d.857C4840EE3F5A771068CF976A2E936A.e.15128","ELEMENT":"f.260C0A6E86F32DC815D14290BCACE04C.d.857C4840EE3F5A771068CF976A2E936A.e.15128"}]}
COMMAND: GET /session/fefae731ffe12f9640dd1679bcba6cb2/element/f.260C0A6E86F32DC815D14290BCACE04C.d.857C4840EE3F5A771068CF976A2E936A.e.15128/enabled - {}
COMMAND: GET /session/fefae731ffe12f9640dd1679bcba6cb2/screenshot - {}
RESULT: {}
RESULT: {}
COMMAND: POST /session/fefae731ffe12f9640dd1679bcba6cb2/execute/sync - {"script":"<script> [8489 bytes]","args":[{"element-6066-11e4-a52e-4f735466cecf":"f.260C0A6E86F32DC815D14290BCACE04C.d.857C4840EE3F5A771068CF976A2E936A.e.15128","ELEMENT":"f.260C0A6E86F32DC815D14290BCACE04C.d.857C4840EE3F5A771068CF976A2E936A.e.15128"}]}
COMMAND: GET /session/fefae731ffe12f9640dd1679bcba6cb2/screenshot - {}
RESULT: {"script":"<script> [8489 bytes]","args":[{"element-6066-11e4-a52e-4f735466cecf":"f.260C0A6E86F32DC815D14290BCACE04C.d.857C4840EE3F5A771068CF976A2E936A.e.15128","ELEMENT":"f.260C0A6E86F32DC815D14290BCACE04C.d.857C4840EE3F5A771068CF976A2E936A.e.15128"}]}
COMMAND: POST /session/fefae731ffe12f9640dd1679bcba6cb2/execute/sync - {"script":"<script> [5351 bytes]","args":[{"element-6066-11e4-a52e-4f735466cecf":"f.260C0A6E86F32DC815D14290BCACE04C.d.857C4840EE3F5A771068CF976A2E936A.e.15128","ELEMENT":"f.260C0A6E86F32DC815D14290BCACE04C.d.857C4840EE3F5A771068CF976A2E936A.e.15128"}]}
COMMAND: GET /session/fefae731ffe12f9640dd1679bcba6cb2/screenshot - {}
RESULT: {}
RESULT: {"script":"<script> [5351 bytes]","args":[{"element-6066-11e4-a52e-4f735466cecf":"f.260C0A6E86F32DC815D14290BCACE04C.d.857C4840EE3F5A771068CF976A2E936A.e.15128","ELEMENT":"f.260C0A6E86F32DC815D14290BCACE04C.d.857C4840EE3F5A771068CF976A2E936A.e.15128"}]}
COMMAND: POST /session/fefae731ffe12f9640dd1679bcba6cb2/element/f.260C0A6E86F32DC815D14290BCACE04C.d.857C4840EE3F5A771068CF976A2E936A.e.15128/click - {}
COMMAND: GET /session/fefae731ffe12f9640dd1679bcba6cb2/screenshot - {}
RESULT: {}
RESULT: {}
COMMAND: GET /session/fefae731ffe12f9640dd1679bcba6cb2/screenshot - {}
COMMAND: POST /session/fefae731ffe12f9640dd1679bcba6cb2/execute/async - {"script":"<script> [1562 bytes]","args":[{"selector":{"id":"application-manageresources-display-component---newResourceUnit--TYPE-arrow"},"wdio_ui5_key":"applicationmanageresources-display-component---newResourceUnit--TYPE-arrow"}]}
RESULT: {}
RESULT: {}
RESULT: {"script":"<script> [1562 bytes]","args":[{"selector":{"id":"application-manageresources-display-component---newResourceUnit--TYPE-arrow"},"wdio_ui5_key":"applicationmanageresources-display-component---newResourceUnit--TYPE-arrow"}]}
RESULT: undefined
COMMAND: POST /session/fefae731ffe12f9640dd1679bcba6cb2/element - {"using":"xpath","value":"//*[@id=\"application-manageresources-display-component---newResourceUnit--TYPE-arrow\"]"}
RESULT: {"using":"xpath","value":"//*[@id=\"application-manageresources-display-component---newResourceUnit--TYPE-arrow\"]"}
COMMAND: POST /session/fefae731ffe12f9640dd1679bcba6cb2/element/f.260C0A6E86F32DC815D14290BCACE04C.d.857C4840EE3F5A771068CF976A2E936A.e.15299/click - {}
RESULT: {}
COMMAND: POST /session/fefae731ffe12f9640dd1679bcba6cb2/element - {"using":"xpath","value":"//input[@id=\"application-manageresources-display-component---newResourceUnit--TYPE-inner\"]"}
COMMAND: GET /session/fefae731ffe12f9640dd1679bcba6cb2/screenshot - {}
RESULT: {"using":"xpath","value":"//input[@id=\"application-manageresources-display-component---newResourceUnit--TYPE-inner\"]"}
COMMAND: POST /session/fefae731ffe12f9640dd1679bcba6cb2/element/f.260C0A6E86F32DC815D14290BCACE04C.d.857C4840EE3F5A771068CF976A2E936A.e.15180/clear - {}
RESULT: {}
RESULT: {}
COMMAND: POST /session/fefae731ffe12f9640dd1679bcba6cb2/element/f.260C0A6E86F32DC815D14290BCACE04C.d.857C4840EE3F5A771068CF976A2E936A.e.15180/value - {"text":"Equipment"}
COMMAND: GET /session/fefae731ffe12f9640dd1679bcba6cb2/screenshot - {}
RESULT: {"text":"Equipment"}
COMMAND: GET /session/fefae731ffe12f9640dd1679bcba6cb2/screenshot - {}
RESULT: {}
RESULT: {}
COMMAND: POST /session/fefae731ffe12f9640dd1679bcba6cb2/actions - {"actions":[{"id":"action53","type":"key","parameters":{},"actions":[{"type":"keyDown","value":"î€‡"},{"type":"pause","duration":10},{"type":"keyUp","value":"î€‡"}]}]}
RESULT: {"actions":[{"id":"action53","type":"key","parameters":{},"actions":[{"type":"keyDown","value":"î€‡"},{"type":"pause","duration":10},{"type":"keyUp","value":"î€‡"}]}]}
COMMAND: POST /session/fefae731ffe12f9640dd1679bcba6cb2/execute/async - {"script":"<script> [1562 bytes]","args":[{"selector":{"id":"application-manageresources-display-component---newResourceUnit--resourceId","interaction":{"idSuffix":"inner"}},"wdio_ui5_key":"applicationmanageresources-display-component---newResourceUnit--resourceId"}]}
COMMAND: GET /session/fefae731ffe12f9640dd1679bcba6cb2/screenshot - {}
RESULT: {"script":"<script> [1562 bytes]","args":[{"selector":{"id":"application-manageresources-display-component---newResourceUnit--resourceId","interaction":{"idSuffix":"inner"}},"wdio_ui5_key":"applicationmanageresources-display-component---newResourceUnit--resourceId"}]}
RESULT: undefined
COMMAND: POST /session/fefae731ffe12f9640dd1679bcba6cb2/execute/async - {"script":"<script> [776 bytes]","args":[{"enterText":"JFq2zvDSQG","selector":{"id":"application-manageresources-display-component---newResourceUnit--resourceId","interaction":{"idSuffix":"inner"}},"clearTextFirst":true,"interactionType":"ENTER_TEXT"}]}
RESULT: {}
RESULT: {"script":"<script> [776 bytes]","args":[{"enterText":"JFq2zvDSQG","selector":{"id":"application-manageresources-display-component---newResourceUnit--resourceId","interaction":{"idSuffix":"inner"}},"clearTextFirst":true,"interactionType":"ENTER_TEXT"}]}
COMMAND: POST /session/fefae731ffe12f9640dd1679bcba6cb2/execute/async - {"script":"<script> [1562 bytes]","args":[{"selector":{"id":"application-manageresources-display-component---newResourceUnit--SHORT_TEXT","interaction":{"idSuffix":"inner"}},"wdio_ui5_key":"applicationmanageresources-display-component---newResourceUnit--SHORT_TEXT"}]}
RESULT: {"script":"<script> [1562 bytes]","args":[{"selector":{"id":"application-manageresources-display-component---newResourceUnit--SHORT_TEXT","interaction":{"idSuffix":"inner"}},"wdio_ui5_key":"applicationmanageresources-display-component---newResourceUnit--SHORT_TEXT"}]}
RESULT: undefined
COMMAND: POST /session/fefae731ffe12f9640dd1679bcba6cb2/execute/async - {"script":"<script> [776 bytes]","args":[{"enterText":"Intercompany Equipment WDIO","selector":{"id":"application-manageresources-display-component---newResourceUnit--SHORT_TEXT","interaction":{"idSuffix":"inner"}},"clearTextFirst":true,"interactionType":"ENTER_TEXT"}]}
RESULT: {"script":"<script> [776 bytes]","args":[{"enterText":"Intercompany Equipment WDIO","selector":{"id":"application-manageresources-display-component---newResourceUnit--SHORT_TEXT","interaction":{"idSuffix":"inner"}},"clearTextFirst":true,"interactionType":"ENTER_TEXT"}]}
COMMAND: POST /session/fefae731ffe12f9640dd1679bcba6cb2/execute/async - {"script":"<script> [1562 bytes]","args":[{"selector":{"id":"application-manageresources-display-component---newResourceUnit--BASE_UNIT_OF_MEASURE","interaction":{"idSuffix":"inner"}},"wdio_ui5_key":"applicationmanageresources-display-component---newResourceUnit--BASE_UNIT_OF_MEASURE"}]}
RESULT: {"script":"<script> [1562 bytes]","args":[{"selector":{"id":"application-manageresources-display-component---newResourceUnit--BASE_UNIT_OF_MEASURE","interaction":{"idSuffix":"inner"}},"wdio_ui5_key":"applicationmanageresources-display-component---newResourceUnit--BASE_UNIT_OF_MEASURE"}]}
RESULT: undefined
COMMAND: POST /session/fefae731ffe12f9640dd1679bcba6cb2/execute/async - {"script":"<script> [776 bytes]","args":[{"enterText":"Piece","selector":{"id":"application-manageresources-display-component---newResourceUnit--BASE_UNIT_OF_MEASURE","interaction":{"idSuffix":"inner"}},"clearTextFirst":true,"interactionType":"ENTER_TEXT"}]}
RESULT: {"script":"<script> [776 bytes]","args":[{"enterText":"Piece","selector":{"id":"application-manageresources-display-component---newResourceUnit--BASE_UNIT_OF_MEASURE","interaction":{"idSuffix":"inner"}},"clearTextFirst":true,"interactionType":"ENTER_TEXT"}]}
COMMAND: POST /session/fefae731ffe12f9640dd1679bcba6cb2/execute/async - {"script":"<script> [1562 bytes]","args":[{"selector":{"id":"application-manageresources-display-component---newResourceUnit--WEIGHT_UNIT","interaction":{"idSuffix":"inner"}},"wdio_ui5_key":"applicationmanageresources-display-component---newResourceUnit--WEIGHT_UNIT"}]}
RESULT: {"script":"<script> [1562 bytes]","args":[{"selector":{"id":"application-manageresources-display-component---newResourceUnit--WEIGHT_UNIT","interaction":{"idSuffix":"inner"}},"wdio_ui5_key":"applicationmanageresources-display-component---newResourceUnit--WEIGHT_UNIT"}]}
RESULT: undefined
COMMAND: POST /session/fefae731ffe12f9640dd1679bcba6cb2/execute/async - {"script":"<script> [776 bytes]","args":[{"enterText":"Gram","selector":{"id":"application-manageresources-display-component---newResourceUnit--WEIGHT_UNIT","interaction":{"idSuffix":"inner"}},"clearTextFirst":true,"interactionType":"ENTER_TEXT"}]}
RESULT: {"script":"<script> [776 bytes]","args":[{"enterText":"Gram","selector":{"id":"application-manageresources-display-component---newResourceUnit--WEIGHT_UNIT","interaction":{"idSuffix":"inner"}},"clearTextFirst":true,"interactionType":"ENTER_TEXT"}]}
COMMAND: POST /session/fefae731ffe12f9640dd1679bcba6cb2/execute/async - {"script":"<script> [1562 bytes]","args":[{"selector":{"id":"application-manageresources-display-component---newResourceUnit--DIMENSION_UNIT","interaction":{"idSuffix":"inner"}},"wdio_ui5_key":"applicationmanageresources-display-component---newResourceUnit--DIMENSION_UNIT"}]}
RESULT: {"script":"<script> [1562 bytes]","args":[{"selector":{"id":"application-manageresources-display-component---newResourceUnit--DIMENSION_UNIT","interaction":{"idSuffix":"inner"}},"wdio_ui5_key":"applicationmanageresources-display-component---newResourceUnit--DIMENSION_UNIT"}]}
RESULT: undefined
COMMAND: POST /session/fefae731ffe12f9640dd1679bcba6cb2/execute/async - {"script":"<script> [776 bytes]","args":[{"enterText":"Meter","selector":{"id":"application-manageresources-display-component---newResourceUnit--DIMENSION_UNIT","interaction":{"idSuffix":"inner"}},"clearTextFirst":true,"interactionType":"ENTER_TEXT"}]}
RESULT: {"script":"<script> [776 bytes]","args":[{"enterText":"Meter","selector":{"id":"application-manageresources-display-component---newResourceUnit--DIMENSION_UNIT","interaction":{"idSuffix":"inner"}},"clearTextFirst":true,"interactionType":"ENTER_TEXT"}]}
COMMAND: POST /session/fefae731ffe12f9640dd1679bcba6cb2/execute/async - {"script":"<script> [1562 bytes]","args":[{"selector":{"id":"application-manageresources-display-component---newResourceUnit--newRRUPage-anchBar-application-manageresources-display-component---newResourceUnit--control-anchor","interaction":{"idSuffix":"BDI-content"}},"wdio_ui5_key":"applicationmanageresources-display-component---newResourceUnit--newRRUPage-anchBar-application-manageresources-display-component---newResourceUnit--control-anchor"}]}
RESULT: {"script":"<script> [1562 bytes]","args":[{"selector":{"id":"application-manageresources-display-component---newResourceUnit--newRRUPage-anchBar-application-manageresources-display-component---newResourceUnit--control-anchor","interaction":{"idSuffix":"BDI-content"}},"wdio_ui5_key":"applicationmanageresources-display-component---newResourceUnit--newRRUPage-anchBar-application-manageresources-display-component---newResourceUnit--control-anchor"}]}
RESULT: undefined
COMMAND: POST /session/fefae731ffe12f9640dd1679bcba6cb2/element - {"using":"xpath","value":"//*[@id=\"application-manageresources-display-component---newResourceUnit--newRRUPage-anchBar-application-manageresources-display-component---newResourceUnit--control-anchor\"]"}
RESULT: {"using":"xpath","value":"//*[@id=\"application-manageresources-display-component---newResourceUnit--newRRUPage-anchBar-application-manageresources-display-component---newResourceUnit--control-anchor\"]"}
COMMAND: POST /session/fefae731ffe12f9640dd1679bcba6cb2/element/f.260C0A6E86F32DC815D14290BCACE04C.d.857C4840EE3F5A771068CF976A2E936A.e.15429/click - {}
RESULT: {}
COMMAND: POST /session/fefae731ffe12f9640dd1679bcba6cb2/execute/async - {"script":"<script> [1562 bytes]","args":[{"selector":{"id":"application-manageresources-display-component---newResourceUnit--PLANNING_GROUP","interaction":{"idSuffix":"inner"}},"wdio_ui5_key":"applicationmanageresources-display-component---newResourceUnit--PLANNING_GROUP"}]}
COMMAND: GET /session/fefae731ffe12f9640dd1679bcba6cb2/screenshot - {}
RESULT: {"script":"<script> [1562 bytes]","args":[{"selector":{"id":"application-manageresources-display-component---newResourceUnit--PLANNING_GROUP","interaction":{"idSuffix":"inner"}},"wdio_ui5_key":"applicationmanageresources-display-component---newResourceUnit--PLANNING_GROUP"}]}
RESULT: undefined
COMMAND: POST /session/fefae731ffe12f9640dd1679bcba6cb2/execute/async - {"script":"<script> [776 bytes]","args":[{"enterText":"Heavy Equi","selector":{"id":"application-manageresources-display-component---newResourceUnit--PLANNING_GROUP","interaction":{"idSuffix":"inner"}},"clearTextFirst":true,"interactionType":"ENTER_TEXT"}]}
RESULT: {}
RESULT: {"script":"<script> [776 bytes]","args":[{"enterText":"Heavy Equi","selector":{"id":"application-manageresources-display-component---newResourceUnit--PLANNING_GROUP","interaction":{"idSuffix":"inner"}},"clearTextFirst":true,"interactionType":"ENTER_TEXT"}]}
COMMAND: POST /session/fefae731ffe12f9640dd1679bcba6cb2/execute/async - {"script":"<script> [1562 bytes]","args":[{"selector":{"id":"application-manageresources-display-component---newResourceUnit--ITEM_TYPE-arrow"},"wdio_ui5_key":"applicationmanageresources-display-component---newResourceUnit--ITEM_TYPE-arrow"}]}
RESULT: {"script":"<script> [1562 bytes]","args":[{"selector":{"id":"application-manageresources-display-component---newResourceUnit--ITEM_TYPE-arrow"},"wdio_ui5_key":"applicationmanageresources-display-component---newResourceUnit--ITEM_TYPE-arrow"}]}
RESULT: undefined
COMMAND: POST /session/fefae731ffe12f9640dd1679bcba6cb2/element - {"using":"xpath","value":"//*[@id=\"application-manageresources-display-component---newResourceUnit--ITEM_TYPE-arrow\"]"}
RESULT: {"using":"xpath","value":"//*[@id=\"application-manageresources-display-component---newResourceUnit--ITEM_TYPE-arrow\"]"}
COMMAND: POST /session/fefae731ffe12f9640dd1679bcba6cb2/element/f.260C0A6E86F32DC815D14290BCACE04C.d.857C4840EE3F5A771068CF976A2E936A.e.15436/click - {}
RESULT: {}
COMMAND: POST /session/fefae731ffe12f9640dd1679bcba6cb2/element - {"using":"xpath","value":"(//span[contains(text(), \"Resource Unit\")])[2]"}
COMMAND: GET /session/fefae731ffe12f9640dd1679bcba6cb2/screenshot - {}
RESULT: {"using":"xpath","value":"(//span[contains(text(), \"Resource Unit\")])[2]"}
COMMAND: POST /session/fefae731ffe12f9640dd1679bcba6cb2/element/f.260C0A6E86F32DC815D14290BCACE04C.d.857C4840EE3F5A771068CF976A2E936A.e.15437/click - {}
RESULT: {}
RESULT: {}
COMMAND: GET /session/fefae731ffe12f9640dd1679bcba6cb2/screenshot - {}
RESULT: {}
COMMAND: POST /session/fefae731ffe12f9640dd1679bcba6cb2/element - {"using":"css selector","value":"#application-manageresources-display-component---newResourceUnit--btnAddTimeSegment"}
RESULT: {"using":"css selector","value":"#application-manageresources-display-component---newResourceUnit--btnAddTimeSegment"}
COMMAND: GET /session/fefae731ffe12f9640dd1679bcba6cb2/element/f.260C0A6E86F32DC815D14290BCACE04C.d.857C4840EE3F5A771068CF976A2E936A.e.15438/rect - {}
RESULT: {}
COMMAND: GET /session/fefae731ffe12f9640dd1679bcba6cb2/window/rect - {}
RESULT: {}
COMMAND: POST /session/fefae731ffe12f9640dd1679bcba6cb2/execute/sync - {"script":"<script> [92 bytes]","args":[]}
RESULT: {"script":"<script> [92 bytes]","args":[]}
COMMAND: POST /session/fefae731ffe12f9640dd1679bcba6cb2/actions - {"actions":[{"id":"action54","type":"wheel","parameters":{},"actions":[{"type":"scroll","x":-1888,"y":-32,"deltaX":0,"deltaY":0,"duration":0,"origin":{"element-6066-11e4-a52e-4f735466cecf":"f.260C0A6E86F32DC815D14290BCACE04C.d.857C4840EE3F5A771068CF976A2E936A.e.15438"}}]}]}
COMMAND: GET /session/fefae731ffe12f9640dd1679bcba6cb2/screenshot - {}
RESULT: {}
COMMAND: POST /session/fefae731ffe12f9640dd1679bcba6cb2/execute/sync - {"script":"<script> [79 bytes]","args":[{"element-6066-11e4-a52e-4f735466cecf":"f.260C0A6E86F32DC815D14290BCACE04C.d.857C4840EE3F5A771068CF976A2E936A.e.15438","ELEMENT":"f.260C0A6E86F32DC815D14290BCACE04C.d.857C4840EE3F5A771068CF976A2E936A.e.15438"},{"block":"start","inline":"nearest"}]}
RESULT: {"script":"<script> [79 bytes]","args":[{"element-6066-11e4-a52e-4f735466cecf":"f.260C0A6E86F32DC815D14290BCACE04C.d.857C4840EE3F5A771068CF976A2E936A.e.15438","ELEMENT":"f.260C0A6E86F32DC815D14290BCACE04C.d.857C4840EE3F5A771068CF976A2E936A.e.15438"},{"block":"start","inline":"nearest"}]}
COMMAND: POST /session/fefae731ffe12f9640dd1679bcba6cb2/execute/async - {"script":"<script> [1562 bytes]","args":[{"selector":{"id":"application-manageresources-display-component---newResourceUnit--btnAddTimeSegment","interaction":{"idSuffix":"inner"}},"wdio_ui5_key":"applicationmanageresources-display-component---newResourceUnit--btnAddTimeSegment"}]}
COMMAND: GET /session/fefae731ffe12f9640dd1679bcba6cb2/screenshot - {}
RESULT: {"script":"<script> [1562 bytes]","args":[{"selector":{"id":"application-manageresources-display-component---newResourceUnit--btnAddTimeSegment","interaction":{"idSuffix":"inner"}},"wdio_ui5_key":"applicationmanageresources-display-component---newResourceUnit--btnAddTimeSegment"}]}
RESULT: undefined
COMMAND: POST /session/fefae731ffe12f9640dd1679bcba6cb2/element - {"using":"xpath","value":"//*[@id=\"application-manageresources-display-component---newResourceUnit--btnAddTimeSegment\"]"}
RESULT: {}
RESULT: {"using":"xpath","value":"//*[@id=\"application-manageresources-display-component---newResourceUnit--btnAddTimeSegment\"]"}
COMMAND: POST /session/fefae731ffe12f9640dd1679bcba6cb2/element/f.260C0A6E86F32DC815D14290BCACE04C.d.857C4840EE3F5A771068CF976A2E936A.e.15438/click - {}
RESULT: {}
COMMAND: GET /session/fefae731ffe12f9640dd1679bcba6cb2/screenshot - {}
RESULT: {}
COMMAND: POST /session/fefae731ffe12f9640dd1679bcba6cb2/element - {"using":"xpath","value":"//input[@id=\"application-manageresources-display-component---newResourceUnit--idRuTSAdmin-application-manageresources-display-component---newResourceUnit--RUTimeSegment-0-inner\"]"}
RESULT: {"using":"xpath","value":"//input[@id=\"application-manageresources-display-component---newResourceUnit--idRuTSAdmin-application-manageresources-display-component---newResourceUnit--RUTimeSegment-0-inner\"]"}
COMMAND: POST /session/fefae731ffe12f9640dd1679bcba6cb2/element/f.260C0A6E86F32DC815D14290BCACE04C.d.857C4840EE3F5A771068CF976A2E936A.e.15444/clear - {}
RESULT: {}
COMMAND: POST /session/fefae731ffe12f9640dd1679bcba6cb2/element/f.260C0A6E86F32DC815D14290BCACE04C.d.857C4840EE3F5A771068CF976A2E936A.e.15444/value - {"text":"310"}
COMMAND: GET /session/fefae731ffe12f9640dd1679bcba6cb2/screenshot - {}
RESULT: {"text":"310"}
COMMAND: GET /session/fefae731ffe12f9640dd1679bcba6cb2/screenshot - {}
RESULT: {}
RESULT: {}
COMMAND: POST /session/fefae731ffe12f9640dd1679bcba6cb2/element - {"using":"xpath","value":"//li[.//span[text()='310']]"}
RESULT: {"using":"xpath","value":"//li[.//span[text()='310']]"}
COMMAND: POST /session/fefae731ffe12f9640dd1679bcba6cb2/element/f.260C0A6E86F32DC815D14290BCACE04C.d.857C4840EE3F5A771068CF976A2E936A.e.15456/click - {}
RESULT: {}
COMMAND: GET /session/fefae731ffe12f9640dd1679bcba6cb2/screenshot - {}
RESULT: {}
COMMAND: POST /session/fefae731ffe12f9640dd1679bcba6cb2/element - {"using":"xpath","value":"(//span[contains(@id, \"-application-manageresources-display-component---newResourceUnit--RUTimeSegment-0-arrow\")])[6]"}
RESULT: {"using":"xpath","value":"(//span[contains(@id, \"-application-manageresources-display-component---newResourceUnit--RUTimeSegment-0-arrow\")])[6]"}
COMMAND: POST /session/fefae731ffe12f9640dd1679bcba6cb2/element/f.260C0A6E86F32DC815D14290BCACE04C.d.857C4840EE3F5A771068CF976A2E936A.e.15457/click - {}
RESULT: {}
COMMAND: GET /session/fefae731ffe12f9640dd1679bcba6cb2/screenshot - {}
RESULT: {}
COMMAND: POST /session/fefae731ffe12f9640dd1679bcba6cb2/element - {"using":"xpath","value":"//span[contains(text(), \"PM Order\")]"}
RESULT: {"using":"xpath","value":"//span[contains(text(), \"PM Order\")]"}
COMMAND: POST /session/fefae731ffe12f9640dd1679bcba6cb2/element/f.260C0A6E86F32DC815D14290BCACE04C.d.857C4840EE3F5A771068CF976A2E936A.e.15460/click - {}
RESULT: {}
COMMAND: GET /session/fefae731ffe12f9640dd1679bcba6cb2/screenshot - {}
RESULT: {}
COMMAND: POST /session/fefae731ffe12f9640dd1679bcba6cb2/element - {"using":"xpath","value":"(//span[contains(@id ,\"manageresources-display-component---newResourceUnit--RUTimeSegment-0-vhi\")])[1]"}
RESULT: {"using":"xpath","value":"(//span[contains(@id ,\"manageresources-display-component---newResourceUnit--RUTimeSegment-0-vhi\")])[1]"}
COMMAND: GET /session/fefae731ffe12f9640dd1679bcba6cb2/element/f.260C0A6E86F32DC815D14290BCACE04C.d.857C4840EE3F5A771068CF976A2E936A.e.15464/rect - {}
RESULT: {}
COMMAND: GET /session/fefae731ffe12f9640dd1679bcba6cb2/window/rect - {}
RESULT: {}
COMMAND: POST /session/fefae731ffe12f9640dd1679bcba6cb2/execute/sync - {"script":"<script> [92 bytes]","args":[]}
RESULT: {"script":"<script> [92 bytes]","args":[]}
COMMAND: POST /session/fefae731ffe12f9640dd1679bcba6cb2/actions - {"actions":[{"id":"action55","type":"wheel","parameters":{},"actions":[{"type":"scroll","x":-869,"y":-24,"deltaX":0,"deltaY":0,"duration":0,"origin":{"element-6066-11e4-a52e-4f735466cecf":"f.260C0A6E86F32DC815D14290BCACE04C.d.857C4840EE3F5A771068CF976A2E936A.e.15464"}}]}]}
COMMAND: GET /session/fefae731ffe12f9640dd1679bcba6cb2/screenshot - {}
RESULT: {"actions":[{"id":"action55","type":"wheel","parameters":{},"actions":[{"type":"scroll","x":-869,"y":-24,"deltaX":0,"deltaY":0,"duration":0,"origin":{"element-6066-11e4-a52e-4f735466cecf":"f.260C0A6E86F32DC815D14290BCACE04C.d.857C4840EE3F5A771068CF976A2E936A.e.15464"}}]}]}
COMMAND: DELETE /session/fefae731ffe12f9640dd1679bcba6cb2/actions - {}
COMMAND: GET /session/fefae731ffe12f9640dd1679bcba6cb2/screenshot - {}
RESULT: {}
RESULT: {}
COMMAND: GET /session/fefae731ffe12f9640dd1679bcba6cb2/screenshot - {}
RESULT: {}
RESULT: {}
COMMAND: POST /session/fefae731ffe12f9640dd1679bcba6cb2/element/f.260C0A6E86F32DC815D14290BCACE04C.d.857C4840EE3F5A771068CF976A2E936A.e.15464/click - {}
RESULT: {}
COMMAND: GET /session/fefae731ffe12f9640dd1679bcba6cb2/screenshot - {}
RESULT: {}
RESULT: undefined
COMMAND: POST /session/fefae731ffe12f9640dd1679bcba6cb2/execute/async - {"script":"<script> [776 bytes]","args":[{"enterText":"4000360","selector":{"controlType":"sap.m.SearchField","properties":{"placeholder":"Search"},"searchOpenDialogs":true,"interaction":{"idSuffix":"I"}},"clearTextFirst":true,"interactionType":"ENTER_TEXT"}]}
RESULT: {"script":"<script> [776 bytes]","args":[{"enterText":"4000360","selector":{"controlType":"sap.m.SearchField","properties":{"placeholder":"Search"},"searchOpenDialogs":true,"interaction":{"idSuffix":"I"}},"clearTextFirst":true,"interactionType":"ENTER_TEXT"}]}
COMMAND: POST /session/fefae731ffe12f9640dd1679bcba6cb2/actions - {"actions":[{"id":"action56","type":"key","parameters":{},"actions":[{"type":"keyDown","value":"î€‡"},{"type":"pause","duration":10},{"type":"keyUp","value":"î€‡"}]}]}
RESULT: {"actions":[{"id":"action56","type":"key","parameters":{},"actions":[{"type":"keyDown","value":"î€‡"},{"type":"pause","duration":10},{"type":"keyUp","value":"î€‡"}]}]}
COMMAND: GET /session/fefae731ffe12f9640dd1679bcba6cb2/screenshot - {}
RESULT: {}
COMMAND: POST /session/fefae731ffe12f9640dd1679bcba6cb2/element - {"using":"xpath","value":"//td/div/span[contains(text(), \"BGL Vehicles\")]"}
RESULT: {"using":"xpath","value":"//td/div/span[contains(text(), \"BGL Vehicles\")]"}
COMMAND: POST /session/fefae731ffe12f9640dd1679bcba6cb2/element/f.260C0A6E86F32DC815D14290BCACE04C.d.857C4840EE3F5A771068CF976A2E936A.e.15484/click - {}
RESULT: {}
COMMAND: GET /session/fefae731ffe12f9640dd1679bcba6cb2/screenshot - {}
RESULT: {}
COMMAND: POST /session/fefae731ffe12f9640dd1679bcba6cb2/element - {"using":"xpath","value":"//bdi[contains(text(), \"OK\")]"}
RESULT: {"using":"xpath","value":"//bdi[contains(text(), \"OK\")]"}
COMMAND: POST /session/fefae731ffe12f9640dd1679bcba6cb2/element/f.260C0A6E86F32DC815D14290BCACE04C.d.857C4840EE3F5A771068CF976A2E936A.e.15485/click - {}
RESULT: {}
COMMAND: GET /session/fefae731ffe12f9640dd1679bcba6cb2/screenshot - {}
RESULT: {}
COMMAND: POST /session/fefae731ffe12f9640dd1679bcba6cb2/execute/async - {"script":"<script> [1562 bytes]","args":[{"selector":{"id":"application-manageresources-display-component---newResourceUnit--newRRUPage-anchBar-application-manageresources-display-component---newResourceUnit--resource-anchor","interaction":{"idSuffix":"BDI-content"}},"wdio_ui5_key":"applicationmanageresources-display-component---newResourceUnit--newRRUPage-anchBar-application-manageresources-display-component---newResourceUnit--resource-anchor"}]}
RESULT: {"script":"<script> [1562 bytes]","args":[{"selector":{"id":"application-manageresources-display-component---newResourceUnit--newRRUPage-anchBar-application-manageresources-display-component---newResourceUnit--resource-anchor","interaction":{"idSuffix":"BDI-content"}},"wdio_ui5_key":"applicationmanageresources-display-component---newResourceUnit--newRRUPage-anchBar-application-manageresources-display-component---newResourceUnit--resource-anchor"}]}
RESULT: undefined
COMMAND: POST /session/fefae731ffe12f9640dd1679bcba6cb2/element - {"using":"xpath","value":"//*[@id=\"application-manageresources-display-component---newResourceUnit--newRRUPage-anchBar-application-manageresources-display-component---newResourceUnit--resource-anchor\"]"}
RESULT: {"using":"xpath","value":"//*[@id=\"application-manageresources-display-component---newResourceUnit--newRRUPage-anchBar-application-manageresources-display-component---newResourceUnit--resource-anchor\"]"}
COMMAND: POST /session/fefae731ffe12f9640dd1679bcba6cb2/element/f.260C0A6E86F32DC815D14290BCACE04C.d.857C4840EE3F5A771068CF976A2E936A.e.15489/click - {}
RESULT: {}
COMMAND: POST /session/fefae731ffe12f9640dd1679bcba6cb2/execute/async - {"script":"<script> [1562 bytes]","args":[{"selector":{"id":"application-manageresources-display-component---newResourceUnit--PLANNED_DELIVERY_DATE","interaction":{"idSuffix":"inner"}},"wdio_ui5_key":"applicationmanageresources-display-component---newResourceUnit--PLANNED_DELIVERY_DATE"}]}
COMMAND: GET /session/fefae731ffe12f9640dd1679bcba6cb2/screenshot - {}
RESULT: {}
RESULT: {"script":"<script> [1562 bytes]","args":[{"selector":{"id":"application-manageresources-display-component---newResourceUnit--PLANNED_DELIVERY_DATE","interaction":{"idSuffix":"inner"}},"wdio_ui5_key":"applicationmanageresources-display-component---newResourceUnit--PLANNED_DELIVERY_DATE"}]}
RESULT: undefined
COMMAND: POST /session/fefae731ffe12f9640dd1679bcba6cb2/execute/async - {"script":"<script> [6424 bytes]","args":[{"element-6066-11e4-a52e-4f735466cecf":"f.260C0A6E86F32DC815D14290BCACE04C.d.857C4840EE3F5A771068CF976A2E936A.e.15354"},"setValue",["5/14/25"]]}
RESULT: {"script":"<script> [6424 bytes]","args":[{"element-6066-11e4-a52e-4f735466cecf":"f.260C0A6E86F32DC815D14290BCACE04C.d.857C4840EE3F5A771068CF976A2E936A.e.15354"},"setValue",["5/14/25"]]}
COMMAND: POST /session/fefae731ffe12f9640dd1679bcba6cb2/element - {"using":"xpath","value":"//label[contains(@class, 'sapMLabelRequired') and .//bdi[contains(text(), 'Planned Retirement')]]"}
RESULT: {"using":"xpath","value":"//label[contains(@class, 'sapMLabelRequired') and .//bdi[contains(text(), 'Planned Retirement')]]"}
COMMAND: POST /session/fefae731ffe12f9640dd1679bcba6cb2/elements - {"using":"xpath","value":"//label[contains(@class, 'sapMLabelRequired') and .//bdi[contains(text(), 'Planned Retirement')]]"}
RESULT: {"using":"xpath","value":"//label[contains(@class, 'sapMLabelRequired') and .//bdi[contains(text(), 'Planned Retirement')]]"}
COMMAND: POST /session/fefae731ffe12f9640dd1679bcba6cb2/element - {"using":"xpath","value":"//button[@data-kt=\"resourceUnitSaveButton\"]"}
RESULT: {"using":"xpath","value":"//button[@data-kt=\"resourceUnitSaveButton\"]"}
COMMAND: POST /session/fefae731ffe12f9640dd1679bcba6cb2/element/f.260C0A6E86F32DC815D14290BCACE04C.d.857C4840EE3F5A771068CF976A2E936A.e.15315/click - {}
RESULT: {}
COMMAND: GET /session/fefae731ffe12f9640dd1679bcba6cb2/screenshot - {}
RESULT: {}
COMMAND: POST /session/fefae731ffe12f9640dd1679bcba6cb2/element - {"using":"xpath","value":"//bdi[contains(text(), \"Close\")]"}
RESULT: {"using":"xpath","value":"//bdi[contains(text(), \"Close\")]"}
COMMAND: POST /session/fefae731ffe12f9640dd1679bcba6cb2/element/f.260C0A6E86F32DC815D14290BCACE04C.d.857C4840EE3F5A771068CF976A2E936A.e.15497/click - {}
RESULT: {}
COMMAND: GET /session/fefae731ffe12f9640dd1679bcba6cb2/screenshot - {}
RESULT: {}
COMMAND: POST /session/fefae731ffe12f9640dd1679bcba6cb2/element - {"using":"xpath","value":"(//button[contains(@id ,\"actionsToolbar-overflowButton\")])[1]"}
RESULT: {"using":"xpath","value":"(//button[contains(@id ,\"actionsToolbar-overflowButton\")])[1]"}
COMMAND: POST /session/fefae731ffe12f9640dd1679bcba6cb2/element/f.260C0A6E86F32DC815D14290BCACE04C.d.857C4840EE3F5A771068CF976A2E936A.e.15530/click - {}
RESULT: {}
COMMAND: GET /session/fefae731ffe12f9640dd1679bcba6cb2/screenshot - {}
RESULT: {}
COMMAND: POST /session/fefae731ffe12f9640dd1679bcba6cb2/element - {"using":"xpath","value":"//button[@data-kt=\"priceInfoButton\"]"}
RESULT: {"using":"xpath","value":"//button[@data-kt=\"priceInfoButton\"]"}
COMMAND: POST /session/fefae731ffe12f9640dd1679bcba6cb2/element/f.260C0A6E86F32DC815D14290BCACE04C.d.857C4840EE3F5A771068CF976A2E936A.e.15532/click - {}
RESULT: {}
COMMAND: GET /session/fefae731ffe12f9640dd1679bcba6cb2/screenshot - {}
RESULT: {}
COMMAND: POST /session/fefae731ffe12f9640dd1679bcba6cb2/element - {"using":"css selector","value":"#shell-header-logo"}
RESULT: {"using":"css selector","value":"#shell-header-logo"}
COMMAND: POST /session/fefae731ffe12f9640dd1679bcba6cb2/element/f.260C0A6E86F32DC815D14290BCACE04C.d.857C4840EE3F5A771068CF976A2E936A.e.15100/click - {}
RESULT: {}
COMMAND: GET /session/fefae731ffe12f9640dd1679bcba6cb2/screenshot - {}
RESULT: {}
]]></system-out>
    </testcase>
    <testcase classname="chrome.136_0_7103_49.windows.Transfer_Yard_to_Yard_US131076" name="Prereq Should create a new equipment multipart" time="121.956">
      <system-out><![CDATA[
RESULT: undefined
COMMAND: POST /session/fefae731ffe12f9640dd1679bcba6cb2/element - {"using":"xpath","value":"//*[@id=\"__tile31\"]"}
RESULT: {"using":"xpath","value":"//*[@id=\"__tile31\"]"}
COMMAND: POST /session/fefae731ffe12f9640dd1679bcba6cb2/element/f.260C0A6E86F32DC815D14290BCACE04C.d.857C4840EE3F5A771068CF976A2E936A.e.14245/click - {}
RESULT: {}
COMMAND: POST /session/fefae731ffe12f9640dd1679bcba6cb2/element - {"using":"xpath","value":"//button[@data-kt=\"addNewRUOverflowToolbarButton\"]"}
COMMAND: GET /session/fefae731ffe12f9640dd1679bcba6cb2/screenshot - {}
RESULT: {"using":"xpath","value":"//button[@data-kt=\"addNewRUOverflowToolbarButton\"]"}
COMMAND: POST /session/fefae731ffe12f9640dd1679bcba6cb2/elements - {"using":"xpath","value":"//button[@data-kt=\"addNewRUOverflowToolbarButton\"]"}
RESULT: {}
RESULT: {"using":"xpath","value":"//button[@data-kt=\"addNewRUOverflowToolbarButton\"]"}
COMMAND: POST /session/fefae731ffe12f9640dd1679bcba6cb2/elements - {"using":"xpath","value":"//button[@data-kt=\"addNewRUOverflowToolbarButton\"]"}
RESULT: {"using":"xpath","value":"//button[@data-kt=\"addNewRUOverflowToolbarButton\"]"}
COMMAND: POST /session/fefae731ffe12f9640dd1679bcba6cb2/element - {"using":"xpath","value":"//button[@data-kt=\"addNewRUOverflowToolbarButton\"]"}
RESULT: {"using":"xpath","value":"//button[@data-kt=\"addNewRUOverflowToolbarButton\"]"}
COMMAND: POST /session/fefae731ffe12f9640dd1679bcba6cb2/execute/sync - {"script":"<script> [8489 bytes]","args":[{"element-6066-11e4-a52e-4f735466cecf":"f.260C0A6E86F32DC815D14290BCACE04C.d.857C4840EE3F5A771068CF976A2E936A.e.15595","ELEMENT":"f.260C0A6E86F32DC815D14290BCACE04C.d.857C4840EE3F5A771068CF976A2E936A.e.15595"}]}
RESULT: {"script":"<script> [8489 bytes]","args":[{"element-6066-11e4-a52e-4f735466cecf":"f.260C0A6E86F32DC815D14290BCACE04C.d.857C4840EE3F5A771068CF976A2E936A.e.15595","ELEMENT":"f.260C0A6E86F32DC815D14290BCACE04C.d.857C4840EE3F5A771068CF976A2E936A.e.15595"}]}
COMMAND: GET /session/fefae731ffe12f9640dd1679bcba6cb2/element/f.260C0A6E86F32DC815D14290BCACE04C.d.857C4840EE3F5A771068CF976A2E936A.e.15595/enabled - {}
COMMAND: GET /session/fefae731ffe12f9640dd1679bcba6cb2/screenshot - {}
RESULT: {}
COMMAND: POST /session/fefae731ffe12f9640dd1679bcba6cb2/execute/sync - {"script":"<script> [8489 bytes]","args":[{"element-6066-11e4-a52e-4f735466cecf":"f.260C0A6E86F32DC815D14290BCACE04C.d.857C4840EE3F5A771068CF976A2E936A.e.15595","ELEMENT":"f.260C0A6E86F32DC815D14290BCACE04C.d.857C4840EE3F5A771068CF976A2E936A.e.15595"}]}
COMMAND: GET /session/fefae731ffe12f9640dd1679bcba6cb2/screenshot - {}
RESULT: {}
RESULT: {"script":"<script> [8489 bytes]","args":[{"element-6066-11e4-a52e-4f735466cecf":"f.260C0A6E86F32DC815D14290BCACE04C.d.857C4840EE3F5A771068CF976A2E936A.e.15595","ELEMENT":"f.260C0A6E86F32DC815D14290BCACE04C.d.857C4840EE3F5A771068CF976A2E936A.e.15595"}]}
COMMAND: POST /session/fefae731ffe12f9640dd1679bcba6cb2/execute/sync - {"script":"<script> [5351 bytes]","args":[{"element-6066-11e4-a52e-4f735466cecf":"f.260C0A6E86F32DC815D14290BCACE04C.d.857C4840EE3F5A771068CF976A2E936A.e.15595","ELEMENT":"f.260C0A6E86F32DC815D14290BCACE04C.d.857C4840EE3F5A771068CF976A2E936A.e.15595"}]}
COMMAND: GET /session/fefae731ffe12f9640dd1679bcba6cb2/screenshot - {}
RESULT: {}
RESULT: {"script":"<script> [5351 bytes]","args":[{"element-6066-11e4-a52e-4f735466cecf":"f.260C0A6E86F32DC815D14290BCACE04C.d.857C4840EE3F5A771068CF976A2E936A.e.15595","ELEMENT":"f.260C0A6E86F32DC815D14290BCACE04C.d.857C4840EE3F5A771068CF976A2E936A.e.15595"}]}
COMMAND: POST /session/fefae731ffe12f9640dd1679bcba6cb2/element/f.260C0A6E86F32DC815D14290BCACE04C.d.857C4840EE3F5A771068CF976A2E936A.e.15595/click - {}
COMMAND: GET /session/fefae731ffe12f9640dd1679bcba6cb2/screenshot - {}
RESULT: {}
RESULT: {}
COMMAND: GET /session/fefae731ffe12f9640dd1679bcba6cb2/screenshot - {}
RESULT: {}
RESULT: undefined
COMMAND: POST /session/fefae731ffe12f9640dd1679bcba6cb2/element - {"using":"xpath","value":"//*[@id=\"application-manageresources-display-component---newResourceUnit--TYPE-arrow\"]"}
RESULT: {}
RESULT: {"using":"xpath","value":"//*[@id=\"application-manageresources-display-component---newResourceUnit--TYPE-arrow\"]"}
COMMAND: POST /session/fefae731ffe12f9640dd1679bcba6cb2/element/f.260C0A6E86F32DC815D14290BCACE04C.d.857C4840EE3F5A771068CF976A2E936A.e.15953/click - {}
RESULT: {}
COMMAND: POST /session/fefae731ffe12f9640dd1679bcba6cb2/element - {"using":"xpath","value":"//input[@id=\"application-manageresources-display-component---newResourceUnit--TYPE-inner\"]"}
COMMAND: GET /session/fefae731ffe12f9640dd1679bcba6cb2/screenshot - {}
RESULT: {"using":"xpath","value":"//input[@id=\"application-manageresources-display-component---newResourceUnit--TYPE-inner\"]"}
COMMAND: POST /session/fefae731ffe12f9640dd1679bcba6cb2/element/f.260C0A6E86F32DC815D14290BCACE04C.d.857C4840EE3F5A771068CF976A2E936A.e.15949/clear - {}
RESULT: {}
RESULT: {}
COMMAND: POST /session/fefae731ffe12f9640dd1679bcba6cb2/element/f.260C0A6E86F32DC815D14290BCACE04C.d.857C4840EE3F5A771068CF976A2E936A.e.15949/value - {"text":"Equi Multipart"}
COMMAND: GET /session/fefae731ffe12f9640dd1679bcba6cb2/screenshot - {}
RESULT: {"text":"Equi Multipart"}
COMMAND: GET /session/fefae731ffe12f9640dd1679bcba6cb2/screenshot - {}
RESULT: {}
RESULT: {}
COMMAND: POST /session/fefae731ffe12f9640dd1679bcba6cb2/actions - {"actions":[{"id":"action57","type":"key","parameters":{},"actions":[{"type":"keyDown","value":"î€‡"},{"type":"pause","duration":10},{"type":"keyUp","value":"î€‡"}]}]}
RESULT: {"actions":[{"id":"action57","type":"key","parameters":{},"actions":[{"type":"keyDown","value":"î€‡"},{"type":"pause","duration":10},{"type":"keyUp","value":"î€‡"}]}]}
RESULT: undefined
COMMAND: POST /session/fefae731ffe12f9640dd1679bcba6cb2/execute/async - {"script":"<script> [776 bytes]","args":[{"enterText":"Equipment Multipart WDIO","selector":{"id":"application-manageresources-display-component---newResourceUnit--SHORT_TEXT","interaction":{"idSuffix":"inner"}},"clearTextFirst":true,"interactionType":"ENTER_TEXT"}]}
COMMAND: GET /session/fefae731ffe12f9640dd1679bcba6cb2/screenshot - {}
RESULT: {"script":"<script> [776 bytes]","args":[{"enterText":"Equipment Multipart WDIO","selector":{"id":"application-manageresources-display-component---newResourceUnit--SHORT_TEXT","interaction":{"idSuffix":"inner"}},"clearTextFirst":true,"interactionType":"ENTER_TEXT"}]}
RESULT: undefined
COMMAND: POST /session/fefae731ffe12f9640dd1679bcba6cb2/execute/async - {"script":"<script> [776 bytes]","args":[{"enterText":"Piece","selector":{"id":"application-manageresources-display-component---newResourceUnit--BASE_UNIT_OF_MEASURE","interaction":{"idSuffix":"inner"}},"clearTextFirst":true,"interactionType":"ENTER_TEXT"}]}
RESULT: {}
RESULT: {"script":"<script> [776 bytes]","args":[{"enterText":"Piece","selector":{"id":"application-manageresources-display-component---newResourceUnit--BASE_UNIT_OF_MEASURE","interaction":{"idSuffix":"inner"}},"clearTextFirst":true,"interactionType":"ENTER_TEXT"}]}
RESULT: undefined
COMMAND: POST /session/fefae731ffe12f9640dd1679bcba6cb2/execute/async - {"script":"<script> [776 bytes]","args":[{"enterText":"Gram","selector":{"id":"application-manageresources-display-component---newResourceUnit--WEIGHT_UNIT","interaction":{"idSuffix":"inner"}},"clearTextFirst":true,"interactionType":"ENTER_TEXT"}]}
RESULT: {"script":"<script> [776 bytes]","args":[{"enterText":"Gram","selector":{"id":"application-manageresources-display-component---newResourceUnit--WEIGHT_UNIT","interaction":{"idSuffix":"inner"}},"clearTextFirst":true,"interactionType":"ENTER_TEXT"}]}
RESULT: undefined
COMMAND: POST /session/fefae731ffe12f9640dd1679bcba6cb2/execute/async - {"script":"<script> [776 bytes]","args":[{"enterText":"Meter","selector":{"id":"application-manageresources-display-component---newResourceUnit--DIMENSION_UNIT","interaction":{"idSuffix":"inner"}},"clearTextFirst":true,"interactionType":"ENTER_TEXT"}]}
RESULT: {"script":"<script> [776 bytes]","args":[{"enterText":"Meter","selector":{"id":"application-manageresources-display-component---newResourceUnit--DIMENSION_UNIT","interaction":{"idSuffix":"inner"}},"clearTextFirst":true,"interactionType":"ENTER_TEXT"}]}
RESULT: undefined
COMMAND: POST /session/fefae731ffe12f9640dd1679bcba6cb2/element - {"using":"xpath","value":"//*[@id=\"application-manageresources-display-component---newResourceUnit--newRRUPage-anchBar-application-manageresources-display-component---newResourceUnit--control-anchor\"]"}
RESULT: {"using":"xpath","value":"//*[@id=\"application-manageresources-display-component---newResourceUnit--newRRUPage-anchBar-application-manageresources-display-component---newResourceUnit--control-anchor\"]"}
COMMAND: POST /session/fefae731ffe12f9640dd1679bcba6cb2/element/f.260C0A6E86F32DC815D14290BCACE04C.d.857C4840EE3F5A771068CF976A2E936A.e.16016/click - {}
RESULT: {}
RESULT: undefined
COMMAND: POST /session/fefae731ffe12f9640dd1679bcba6cb2/execute/async - {"script":"<script> [776 bytes]","args":[{"enterText":"Heavy Equi","selector":{"id":"application-manageresources-display-component---newResourceUnit--PLANNING_GROUP","interaction":{"idSuffix":"inner"}},"clearTextFirst":true,"interactionType":"ENTER_TEXT"}]}
COMMAND: GET /session/fefae731ffe12f9640dd1679bcba6cb2/screenshot - {}
RESULT: {"script":"<script> [776 bytes]","args":[{"enterText":"Heavy Equi","selector":{"id":"application-manageresources-display-component---newResourceUnit--PLANNING_GROUP","interaction":{"idSuffix":"inner"}},"clearTextFirst":true,"interactionType":"ENTER_TEXT"}]}
RESULT: {}
COMMAND: POST /session/fefae731ffe12f9640dd1679bcba6cb2/execute/async - {"script":"<script> [1562 bytes]","args":[{"selector":{"id":"application-manageresources-display-component---newResourceUnit--PLANNING_INDICATOR","interaction":{"idSuffix":"inner"}},"wdio_ui5_key":"applicationmanageresources-display-component---newResourceUnit--PLANNING_INDICATOR"}]}
RESULT: {"script":"<script> [1562 bytes]","args":[{"selector":{"id":"application-manageresources-display-component---newResourceUnit--PLANNING_INDICATOR","interaction":{"idSuffix":"inner"}},"wdio_ui5_key":"applicationmanageresources-display-component---newResourceUnit--PLANNING_INDICATOR"}]}
RESULT: undefined
COMMAND: POST /session/fefae731ffe12f9640dd1679bcba6cb2/execute/async - {"script":"<script> [776 bytes]","args":[{"enterText":"10 - infinite","selector":{"id":"application-manageresources-display-component---newResourceUnit--PLANNING_INDICATOR","interaction":{"idSuffix":"inner"}},"clearTextFirst":true,"interactionType":"ENTER_TEXT"}]}
RESULT: {"script":"<script> [776 bytes]","args":[{"enterText":"10 - infinite","selector":{"id":"application-manageresources-display-component---newResourceUnit--PLANNING_INDICATOR","interaction":{"idSuffix":"inner"}},"clearTextFirst":true,"interactionType":"ENTER_TEXT"}]}
RESULT: undefined
COMMAND: POST /session/fefae731ffe12f9640dd1679bcba6cb2/element - {"using":"xpath","value":"//*[@id=\"application-manageresources-display-component---newResourceUnit--ITEM_TYPE-arrow\"]"}
RESULT: {"using":"xpath","value":"//*[@id=\"application-manageresources-display-component---newResourceUnit--ITEM_TYPE-arrow\"]"}
COMMAND: POST /session/fefae731ffe12f9640dd1679bcba6cb2/element/f.260C0A6E86F32DC815D14290BCACE04C.d.857C4840EE3F5A771068CF976A2E936A.e.16023/click - {}
RESULT: {}
COMMAND: GET /session/fefae731ffe12f9640dd1679bcba6cb2/screenshot - {}
RESULT: {}
COMMAND: POST /session/fefae731ffe12f9640dd1679bcba6cb2/execute/async - {"script":"<script> [1562 bytes]","args":[{"selector":{"controlType":"sap.m.StandardListItem","viewName":"reusables.view.manageresources.NewResourceUnit","viewId":"application-manageresources-display-component---newResourceUnit","properties":{"title":"Pool Equipment"},"searchOpenDialogs":true,"interaction":{"idSuffix":"content"}},"wdio_ui5_key":"reusablesview.manageresources.NewResourceUnitsap.m.StandardListItem{\"title\":\"Pool Equipment\"}"}]}
RESULT: {"script":"<script> [1562 bytes]","args":[{"selector":{"controlType":"sap.m.StandardListItem","viewName":"reusables.view.manageresources.NewResourceUnit","viewId":"application-manageresources-display-component---newResourceUnit","properties":{"title":"Pool Equipment"},"searchOpenDialogs":true,"interaction":{"idSuffix":"content"}},"wdio_ui5_key":"reusablesview.manageresources.NewResourceUnitsap.m.StandardListItem{\"title\":\"Pool Equipment\"}"}]}
RESULT: undefined
COMMAND: POST /session/fefae731ffe12f9640dd1679bcba6cb2/element - {"using":"xpath","value":"//*[@id=\"__item1064\"]"}
RESULT: {"using":"xpath","value":"//*[@id=\"__item1064\"]"}
COMMAND: POST /session/fefae731ffe12f9640dd1679bcba6cb2/element/f.260C0A6E86F32DC815D14290BCACE04C.d.857C4840EE3F5A771068CF976A2E936A.e.16025/click - {}
RESULT: {}
COMMAND: GET /session/fefae731ffe12f9640dd1679bcba6cb2/screenshot - {}
RESULT: {}
COMMAND: POST /session/fefae731ffe12f9640dd1679bcba6cb2/element - {"using":"css selector","value":"#application-manageresources-display-component---newResourceUnit--btnAddTimeSegment"}
RESULT: {"using":"css selector","value":"#application-manageresources-display-component---newResourceUnit--btnAddTimeSegment"}
COMMAND: GET /session/fefae731ffe12f9640dd1679bcba6cb2/element/f.260C0A6E86F32DC815D14290BCACE04C.d.857C4840EE3F5A771068CF976A2E936A.e.16026/rect - {}
RESULT: {}
COMMAND: GET /session/fefae731ffe12f9640dd1679bcba6cb2/window/rect - {}
RESULT: {}
COMMAND: POST /session/fefae731ffe12f9640dd1679bcba6cb2/execute/sync - {"script":"<script> [92 bytes]","args":[]}
RESULT: {"script":"<script> [92 bytes]","args":[]}
COMMAND: POST /session/fefae731ffe12f9640dd1679bcba6cb2/actions - {"actions":[{"id":"action58","type":"wheel","parameters":{},"actions":[{"type":"scroll","x":-1888,"y":-32,"deltaX":0,"deltaY":0,"duration":0,"origin":{"element-6066-11e4-a52e-4f735466cecf":"f.260C0A6E86F32DC815D14290BCACE04C.d.857C4840EE3F5A771068CF976A2E936A.e.16026"}}]}]}
COMMAND: GET /session/fefae731ffe12f9640dd1679bcba6cb2/screenshot - {}
RESULT: {}
COMMAND: POST /session/fefae731ffe12f9640dd1679bcba6cb2/execute/sync - {"script":"<script> [79 bytes]","args":[{"element-6066-11e4-a52e-4f735466cecf":"f.260C0A6E86F32DC815D14290BCACE04C.d.857C4840EE3F5A771068CF976A2E936A.e.16026","ELEMENT":"f.260C0A6E86F32DC815D14290BCACE04C.d.857C4840EE3F5A771068CF976A2E936A.e.16026"},{"block":"start","inline":"nearest"}]}
RESULT: {"script":"<script> [79 bytes]","args":[{"element-6066-11e4-a52e-4f735466cecf":"f.260C0A6E86F32DC815D14290BCACE04C.d.857C4840EE3F5A771068CF976A2E936A.e.16026","ELEMENT":"f.260C0A6E86F32DC815D14290BCACE04C.d.857C4840EE3F5A771068CF976A2E936A.e.16026"},{"block":"start","inline":"nearest"}]}
RESULT: undefined
COMMAND: POST /session/fefae731ffe12f9640dd1679bcba6cb2/element - {"using":"xpath","value":"//*[@id=\"application-manageresources-display-component---newResourceUnit--btnAddTimeSegment\"]"}
COMMAND: GET /session/fefae731ffe12f9640dd1679bcba6cb2/screenshot - {}
RESULT: {"using":"xpath","value":"//*[@id=\"application-manageresources-display-component---newResourceUnit--btnAddTimeSegment\"]"}
COMMAND: POST /session/fefae731ffe12f9640dd1679bcba6cb2/element/f.260C0A6E86F32DC815D14290BCACE04C.d.857C4840EE3F5A771068CF976A2E936A.e.16026/click - {}
RESULT: {}
RESULT: {}
COMMAND: GET /session/fefae731ffe12f9640dd1679bcba6cb2/screenshot - {}
RESULT: {}
COMMAND: POST /session/fefae731ffe12f9640dd1679bcba6cb2/element - {"using":"xpath","value":"//input[@id=\"application-manageresources-display-component---newResourceUnit--idRuTSAdmin-application-manageresources-display-component---newResourceUnit--RUTimeSegment-0-inner\"]"}
RESULT: {"using":"xpath","value":"//input[@id=\"application-manageresources-display-component---newResourceUnit--idRuTSAdmin-application-manageresources-display-component---newResourceUnit--RUTimeSegment-0-inner\"]"}
COMMAND: POST /session/fefae731ffe12f9640dd1679bcba6cb2/element/f.260C0A6E86F32DC815D14290BCACE04C.d.857C4840EE3F5A771068CF976A2E936A.e.16031/clear - {}
RESULT: {}
COMMAND: POST /session/fefae731ffe12f9640dd1679bcba6cb2/element/f.260C0A6E86F32DC815D14290BCACE04C.d.857C4840EE3F5A771068CF976A2E936A.e.16031/value - {"text":"310"}
COMMAND: GET /session/fefae731ffe12f9640dd1679bcba6cb2/screenshot - {}
RESULT: {"text":"310"}
COMMAND: GET /session/fefae731ffe12f9640dd1679bcba6cb2/screenshot - {}
RESULT: {}
RESULT: {}
COMMAND: POST /session/fefae731ffe12f9640dd1679bcba6cb2/element - {"using":"xpath","value":"//li[.//span[text()='310']]"}
RESULT: {"using":"xpath","value":"//li[.//span[text()='310']]"}
COMMAND: POST /session/fefae731ffe12f9640dd1679bcba6cb2/element/f.260C0A6E86F32DC815D14290BCACE04C.d.857C4840EE3F5A771068CF976A2E936A.e.16044/click - {}
RESULT: {}
COMMAND: GET /session/fefae731ffe12f9640dd1679bcba6cb2/screenshot - {}
RESULT: {}
COMMAND: POST /session/fefae731ffe12f9640dd1679bcba6cb2/element - {"using":"xpath","value":"(//span[contains(@id, \"-application-manageresources-display-component---newResourceUnit--RUTimeSegment-0-arrow\")])[5]"}
RESULT: {"using":"xpath","value":"(//span[contains(@id, \"-application-manageresources-display-component---newResourceUnit--RUTimeSegment-0-arrow\")])[5]"}
COMMAND: POST /session/fefae731ffe12f9640dd1679bcba6cb2/element/f.260C0A6E86F32DC815D14290BCACE04C.d.857C4840EE3F5A771068CF976A2E936A.e.16045/click - {}
RESULT: {}
COMMAND: GET /session/fefae731ffe12f9640dd1679bcba6cb2/screenshot - {}
RESULT: {}
COMMAND: POST /session/fefae731ffe12f9640dd1679bcba6cb2/element - {"using":"xpath","value":"//span[contains(text(), \"PM Order\")]"}
RESULT: {"using":"xpath","value":"//span[contains(text(), \"PM Order\")]"}
COMMAND: POST /session/fefae731ffe12f9640dd1679bcba6cb2/element/f.260C0A6E86F32DC815D14290BCACE04C.d.857C4840EE3F5A771068CF976A2E936A.e.16046/click - {}
RESULT: {}
COMMAND: GET /session/fefae731ffe12f9640dd1679bcba6cb2/screenshot - {}
RESULT: {}
COMMAND: POST /session/fefae731ffe12f9640dd1679bcba6cb2/element - {"using":"xpath","value":"(//span[contains(@id ,\"manageresources-display-component---newResourceUnit--RUTimeSegment-0-vhi\")])[1]"}
RESULT: {"using":"xpath","value":"(//span[contains(@id ,\"manageresources-display-component---newResourceUnit--RUTimeSegment-0-vhi\")])[1]"}
COMMAND: GET /session/fefae731ffe12f9640dd1679bcba6cb2/element/f.260C0A6E86F32DC815D14290BCACE04C.d.857C4840EE3F5A771068CF976A2E936A.e.16050/rect - {}
RESULT: {}
COMMAND: GET /session/fefae731ffe12f9640dd1679bcba6cb2/window/rect - {}
RESULT: {}
COMMAND: POST /session/fefae731ffe12f9640dd1679bcba6cb2/execute/sync - {"script":"<script> [92 bytes]","args":[]}
RESULT: {"script":"<script> [92 bytes]","args":[]}
COMMAND: POST /session/fefae731ffe12f9640dd1679bcba6cb2/actions - {"actions":[{"id":"action59","type":"wheel","parameters":{},"actions":[{"type":"scroll","x":-1888,"y":-24,"deltaX":0,"deltaY":0,"duration":0,"origin":{"element-6066-11e4-a52e-4f735466cecf":"f.260C0A6E86F32DC815D14290BCACE04C.d.857C4840EE3F5A771068CF976A2E936A.e.16050"}}]}]}
COMMAND: GET /session/fefae731ffe12f9640dd1679bcba6cb2/screenshot - {}
RESULT: {}
COMMAND: POST /session/fefae731ffe12f9640dd1679bcba6cb2/execute/sync - {"script":"<script> [79 bytes]","args":[{"element-6066-11e4-a52e-4f735466cecf":"f.260C0A6E86F32DC815D14290BCACE04C.d.857C4840EE3F5A771068CF976A2E936A.e.16050","ELEMENT":"f.260C0A6E86F32DC815D14290BCACE04C.d.857C4840EE3F5A771068CF976A2E936A.e.16050"},{"block":"start","inline":"nearest"}]}
RESULT: {"script":"<script> [79 bytes]","args":[{"element-6066-11e4-a52e-4f735466cecf":"f.260C0A6E86F32DC815D14290BCACE04C.d.857C4840EE3F5A771068CF976A2E936A.e.16050","ELEMENT":"f.260C0A6E86F32DC815D14290BCACE04C.d.857C4840EE3F5A771068CF976A2E936A.e.16050"},{"block":"start","inline":"nearest"}]}
COMMAND: GET /session/fefae731ffe12f9640dd1679bcba6cb2/screenshot - {}
RESULT: {}
COMMAND: POST /session/fefae731ffe12f9640dd1679bcba6cb2/element/f.260C0A6E86F32DC815D14290BCACE04C.d.857C4840EE3F5A771068CF976A2E936A.e.16050/click - {}
RESULT: {}
COMMAND: GET /session/fefae731ffe12f9640dd1679bcba6cb2/screenshot - {}
RESULT: {}
RESULT: undefined
COMMAND: POST /session/fefae731ffe12f9640dd1679bcba6cb2/execute/async - {"script":"<script> [776 bytes]","args":[{"enterText":"4000360","selector":{"controlType":"sap.m.SearchField","properties":{"placeholder":"Search"},"searchOpenDialogs":true,"interaction":{"idSuffix":"I"}},"clearTextFirst":true,"interactionType":"ENTER_TEXT"}]}
RESULT: {"script":"<script> [776 bytes]","args":[{"enterText":"4000360","selector":{"controlType":"sap.m.SearchField","properties":{"placeholder":"Search"},"searchOpenDialogs":true,"interaction":{"idSuffix":"I"}},"clearTextFirst":true,"interactionType":"ENTER_TEXT"}]}
COMMAND: POST /session/fefae731ffe12f9640dd1679bcba6cb2/actions - {"actions":[{"id":"action60","type":"key","parameters":{},"actions":[{"type":"keyDown","value":"î€‡"},{"type":"pause","duration":10},{"type":"keyUp","value":"î€‡"}]}]}
RESULT: {"actions":[{"id":"action60","type":"key","parameters":{},"actions":[{"type":"keyDown","value":"î€‡"},{"type":"pause","duration":10},{"type":"keyUp","value":"î€‡"}]}]}
COMMAND: GET /session/fefae731ffe12f9640dd1679bcba6cb2/screenshot - {}
RESULT: {}
COMMAND: POST /session/fefae731ffe12f9640dd1679bcba6cb2/element - {"using":"xpath","value":"//td/div/span[contains(text(), \"BGL Vehicles\")]"}
RESULT: {"using":"xpath","value":"//td/div/span[contains(text(), \"BGL Vehicles\")]"}
COMMAND: POST /session/fefae731ffe12f9640dd1679bcba6cb2/element/f.260C0A6E86F32DC815D14290BCACE04C.d.857C4840EE3F5A771068CF976A2E936A.e.16069/click - {}
RESULT: {}
COMMAND: GET /session/fefae731ffe12f9640dd1679bcba6cb2/screenshot - {}
RESULT: {}
COMMAND: POST /session/fefae731ffe12f9640dd1679bcba6cb2/element - {"using":"xpath","value":"//bdi[contains(text(), \"OK\")]"}
RESULT: {"using":"xpath","value":"//bdi[contains(text(), \"OK\")]"}
COMMAND: POST /session/fefae731ffe12f9640dd1679bcba6cb2/element/f.260C0A6E86F32DC815D14290BCACE04C.d.857C4840EE3F5A771068CF976A2E936A.e.16070/click - {}
RESULT: {}
COMMAND: GET /session/fefae731ffe12f9640dd1679bcba6cb2/screenshot - {}
RESULT: {}
COMMAND: POST /session/fefae731ffe12f9640dd1679bcba6cb2/element - {"using":"xpath","value":"//label[contains(@class, 'sapMLabelRequired') and .//bdi[contains(text(), 'Planned Retirement')]]"}
RESULT: {"using":"xpath","value":"//label[contains(@class, 'sapMLabelRequired') and .//bdi[contains(text(), 'Planned Retirement')]]"}
COMMAND: POST /session/fefae731ffe12f9640dd1679bcba6cb2/elements - {"using":"xpath","value":"//label[contains(@class, 'sapMLabelRequired') and .//bdi[contains(text(), 'Planned Retirement')]]"}
RESULT: {"using":"xpath","value":"//label[contains(@class, 'sapMLabelRequired') and .//bdi[contains(text(), 'Planned Retirement')]]"}
COMMAND: POST /session/fefae731ffe12f9640dd1679bcba6cb2/element - {"using":"xpath","value":"//button[@data-kt=\"resourceUnitSaveButton\"]"}
RESULT: {"using":"xpath","value":"//button[@data-kt=\"resourceUnitSaveButton\"]"}
COMMAND: POST /session/fefae731ffe12f9640dd1679bcba6cb2/element/f.260C0A6E86F32DC815D14290BCACE04C.d.857C4840EE3F5A771068CF976A2E936A.e.15970/click - {}
RESULT: {}
COMMAND: GET /session/fefae731ffe12f9640dd1679bcba6cb2/screenshot - {}
RESULT: {}
COMMAND: POST /session/fefae731ffe12f9640dd1679bcba6cb2/element - {"using":"xpath","value":"//bdi[contains(text(), \"Close\")]"}
RESULT: {"using":"xpath","value":"//bdi[contains(text(), \"Close\")]"}
COMMAND: POST /session/fefae731ffe12f9640dd1679bcba6cb2/element/f.260C0A6E86F32DC815D14290BCACE04C.d.857C4840EE3F5A771068CF976A2E936A.e.16076/click - {}
RESULT: {}
COMMAND: GET /session/fefae731ffe12f9640dd1679bcba6cb2/screenshot - {}
RESULT: {}
COMMAND: POST /session/fefae731ffe12f9640dd1679bcba6cb2/element - {"using":"xpath","value":"//header[contains(@id, 'detailRruPage-headerTitle')]/div[1]/div[2]/div[2]/span[1]"}
RESULT: {"using":"xpath","value":"//header[contains(@id, 'detailRruPage-headerTitle')]/div[1]/div[2]/div[2]/span[1]"}
COMMAND: POST /session/fefae731ffe12f9640dd1679bcba6cb2/elements - {"using":"xpath","value":"//header[contains(@id, 'detailRruPage-headerTitle')]/div[1]/div[2]/div[2]/span[1]"}
RESULT: {"using":"xpath","value":"//header[contains(@id, 'detailRruPage-headerTitle')]/div[1]/div[2]/div[2]/span[1]"}
COMMAND: POST /session/fefae731ffe12f9640dd1679bcba6cb2/execute/sync - {"script":"<script> [56 bytes]","args":[{"element-6066-11e4-a52e-4f735466cecf":"f.260C0A6E86F32DC815D14290BCACE04C.d.857C4840EE3F5A771068CF976A2E936A.e.16105","ELEMENT":"f.260C0A6E86F32DC815D14290BCACE04C.d.857C4840EE3F5A771068CF976A2E936A.e.16105"}]}
RESULT: {"script":"<script> [56 bytes]","args":[{"element-6066-11e4-a52e-4f735466cecf":"f.260C0A6E86F32DC815D14290BCACE04C.d.857C4840EE3F5A771068CF976A2E936A.e.16105","ELEMENT":"f.260C0A6E86F32DC815D14290BCACE04C.d.857C4840EE3F5A771068CF976A2E936A.e.16105"}]}
COMMAND: POST /session/fefae731ffe12f9640dd1679bcba6cb2/element - {"using":"css selector","value":"#shell-header-logo"}
COMMAND: GET /session/fefae731ffe12f9640dd1679bcba6cb2/screenshot - {}
RESULT: {"using":"css selector","value":"#shell-header-logo"}
COMMAND: POST /session/fefae731ffe12f9640dd1679bcba6cb2/element/f.260C0A6E86F32DC815D14290BCACE04C.d.857C4840EE3F5A771068CF976A2E936A.e.15571/click - {}
RESULT: {}
RESULT: {}
COMMAND: GET /session/fefae731ffe12f9640dd1679bcba6cb2/screenshot - {}
RESULT: {}
]]></system-out>
    </testcase>
  </testsuite>
</testsuites>