<?xml version="1.0" encoding="UTF-8"?>
<testsuites tests="9" failures="0" errors="0" skipped="0">
  <testsuite timestamp="2025-05-22T15:48:07" time="109.263" tests="1" failures="0" errors="0" skipped="0">
    <properties>
      <property name="specId" value="0"/>
      <property name="suiteName" value="Create a new catalogs section"/>
      <property name="capabilities" value="chrome.136_0_7103_93.windows"/>
      <property name="file" value="file:///D:/a/1/s/test/specs/R2C/create-new-webshop-catalog-section.spec.js"/>
    </properties>
    <testcase classname="chrome.136_0_7103_93.windows.Create_a_new_catalogs_section" name="Should navigate to manage catalogs and add a new section on webshop catalog" time="84.664">
      <system-out><![CDATA[
COMMAND: POST /session/ce0892542fc13e0f9da3069a0c56f077/execute/async - {"script":"<script> [1562 bytes]","args":[{"selector":{"controlType":"sap.m.GenericTile","properties":{"header":"Manage Catalogs"}},"wdio_ui5_key":"sapm.GenericTile{\"header\":\"Manage Catalogs\"}"}]}
RESULT: {"script":"<script> [1562 bytes]","args":[{"selector":{"controlType":"sap.m.GenericTile","properties":{"header":"Manage Catalogs"}},"wdio_ui5_key":"sapm.GenericTile{\"header\":\"Manage Catalogs\"}"}]}
RESULT: undefined
COMMAND: POST /session/ce0892542fc13e0f9da3069a0c56f077/element - {"using":"xpath","value":"//*[@id=\"__tile37\"]"}
RESULT: {"using":"xpath","value":"//*[@id=\"__tile37\"]"}
COMMAND: POST /session/ce0892542fc13e0f9da3069a0c56f077/element/f.812778354793FCCCD3B60D6A2602043C.d.571F94727D9D07BA28B543B2A5D70880.e.114/click - {}
RESULT: {}
COMMAND: GET /session/ce0892542fc13e0f9da3069a0c56f077/screenshot - {}
RESULT: {}
COMMAND: POST /session/ce0892542fc13e0f9da3069a0c56f077/elements - {"using":"xpath","value":"//span[text()='Error']"}
RESULT: {"using":"xpath","value":"//span[text()='Error']"}
COMMAND: POST /session/ce0892542fc13e0f9da3069a0c56f077/execute/async - {"script":"<script> [1562 bytes]","args":[{"selector":{"controlType":"sap.m.Text","viewName":"etm.portal.ui.managecatalogs.view.MasterCatalogs","viewId":"application-managecatalogs-display-component---masterCatalogs","bindingPath":{"path":"/Catalogs('0D7502D073D53A0F1700BE067B89AFF9')","propertyPath":"DESCRIPTION","modelName":"catalogModel"}},"wdio_ui5_key":"etmportal.ui.managecatalogs.view.MasterCatalogssap.m.Text{\"path\":\"/Catalogs('0D7502D073D53A0F1700BE067B89AFF9')\",\"propertyPath\":\"DESCRIPTION\",\"modelName\":\"catalogModel\"}"}]}
RESULT: {"script":"<script> [1562 bytes]","args":[{"selector":{"controlType":"sap.m.Text","viewName":"etm.portal.ui.managecatalogs.view.MasterCatalogs","viewId":"application-managecatalogs-display-component---masterCatalogs","bindingPath":{"path":"/Catalogs('0D7502D073D53A0F1700BE067B89AFF9')","propertyPath":"DESCRIPTION","modelName":"catalogModel"}},"wdio_ui5_key":"etmportal.ui.managecatalogs.view.MasterCatalogssap.m.Text{\"path\":\"/Catalogs('0D7502D073D53A0F1700BE067B89AFF9')\",\"propertyPath\":\"DESCRIPTION\",\"modelName\":\"catalogModel\"}"}]}
RESULT: undefined
COMMAND: POST /session/ce0892542fc13e0f9da3069a0c56f077/element - {"using":"xpath","value":"//*[@id=\"__text39-application-managecatalogs-display-component---masterCatalogs--CatalogsTable-11\"]"}
RESULT: {"using":"xpath","value":"//*[@id=\"__text39-application-managecatalogs-display-component---masterCatalogs--CatalogsTable-11\"]"}
COMMAND: POST /session/ce0892542fc13e0f9da3069a0c56f077/element/f.812778354793FCCCD3B60D6A2602043C.d.571F94727D9D07BA28B543B2A5D70880.e.142/click - {}
RESULT: {}
COMMAND: POST /session/ce0892542fc13e0f9da3069a0c56f077/execute/async - {"script":"<script> [1562 bytes]","args":[{"selector":{"controlType":"sap.ui.layout.HorizontalLayout","viewName":"etm.portal.ui.managecatalogs.view.MasterItems","viewId":"application-managecatalogs-display-component---masterCatalogItems","ancestor":{"id":"application-managecatalogs-display-component---masterCatalogItems--idCatalogItemsTree-rows-row0"}},"wdio_ui5_key":"etmportal.ui.managecatalogs.view.MasterItemssap.ui.layout.HorizontalLayout{\"id\":\"application-managecatalogs-display-component---masterCatalogItems--idCatalogItemsTree-rows-row0\"}"}]}
COMMAND: GET /session/ce0892542fc13e0f9da3069a0c56f077/screenshot - {}
RESULT: {"script":"<script> [1562 bytes]","args":[{"selector":{"controlType":"sap.ui.layout.HorizontalLayout","viewName":"etm.portal.ui.managecatalogs.view.MasterItems","viewId":"application-managecatalogs-display-component---masterCatalogItems","ancestor":{"id":"application-managecatalogs-display-component---masterCatalogItems--idCatalogItemsTree-rows-row0"}},"wdio_ui5_key":"etmportal.ui.managecatalogs.view.MasterItemssap.ui.layout.HorizontalLayout{\"id\":\"application-managecatalogs-display-component---masterCatalogItems--idCatalogItemsTree-rows-row0\"}"}]}
RESULT: undefined
COMMAND: POST /session/ce0892542fc13e0f9da3069a0c56f077/element - {"using":"xpath","value":"//*[@id=\"__layout3-__clone11\"]"}
RESULT: {}
RESULT: {"using":"xpath","value":"//*[@id=\"__layout3-__clone11\"]"}
COMMAND: POST /session/ce0892542fc13e0f9da3069a0c56f077/element/f.812778354793FCCCD3B60D6A2602043C.d.571F94727D9D07BA28B543B2A5D70880.e.178/click - {}
RESULT: {}
COMMAND: GET /session/ce0892542fc13e0f9da3069a0c56f077/screenshot - {}
RESULT: {}
COMMAND: POST /session/ce0892542fc13e0f9da3069a0c56f077/execute/async - {"script":"<script> [1562 bytes]","args":[{"selector":{"controlType":"sap.m.Button","viewName":"etm.portal.ui.managecatalogs.view.Detail","viewId":"application-managecatalogs-display-component---detailCatalog","i18NText":{"propertyName":"text","key":"edit"},"interaction":{"idSuffix":"BDI-content"}},"wdio_ui5_key":"etmportal.ui.managecatalogs.view.Detailsap.m.Button{\"propertyName\":\"text\",\"key\":\"edit\"}"}]}
RESULT: {"script":"<script> [1562 bytes]","args":[{"selector":{"controlType":"sap.m.Button","viewName":"etm.portal.ui.managecatalogs.view.Detail","viewId":"application-managecatalogs-display-component---detailCatalog","i18NText":{"propertyName":"text","key":"edit"},"interaction":{"idSuffix":"BDI-content"}},"wdio_ui5_key":"etmportal.ui.managecatalogs.view.Detailsap.m.Button{\"propertyName\":\"text\",\"key\":\"edit\"}"}]}
RESULT: undefined
COMMAND: POST /session/ce0892542fc13e0f9da3069a0c56f077/element - {"using":"xpath","value":"//*[@id=\"__button35\"]"}
RESULT: {"using":"xpath","value":"//*[@id=\"__button35\"]"}
COMMAND: POST /session/ce0892542fc13e0f9da3069a0c56f077/element/f.812778354793FCCCD3B60D6A2602043C.d.571F94727D9D07BA28B543B2A5D70880.e.290/click - {}
RESULT: {}
COMMAND: GET /session/ce0892542fc13e0f9da3069a0c56f077/screenshot - {}
RESULT: {}
COMMAND: POST /session/ce0892542fc13e0f9da3069a0c56f077/element - {"using":"xpath","value":"//bdi[contains(text(), \"Unlock\")]"}
RESULT: {"using":"xpath","value":"//bdi[contains(text(), \"Unlock\")]"}
COMMAND: POST /session/ce0892542fc13e0f9da3069a0c56f077/elements - {"using":"xpath","value":"//bdi[contains(text(), \"Unlock\")]"}
RESULT: {"using":"xpath","value":"//bdi[contains(text(), \"Unlock\")]"}
COMMAND: POST /session/ce0892542fc13e0f9da3069a0c56f077/execute/async - {"script":"<script> [1562 bytes]","args":[{"selector":{"controlType":"sap.ui.core.Icon","viewName":"etm.portal.ui.managecatalogs.view.Detail","viewId":"application-managecatalogs-display-component---detailCatalog","properties":{"src":{"regex":{"source":"add\\-folder"}}}},"wdio_ui5_key":"etmportal.ui.managecatalogs.view.Detailsap.ui.core.Icon{\"src\":{\"regex\":{\"source\":\"add\\\\-folder\"}}}"}]}
RESULT: {"script":"<script> [1562 bytes]","args":[{"selector":{"controlType":"sap.ui.core.Icon","viewName":"etm.portal.ui.managecatalogs.view.Detail","viewId":"application-managecatalogs-display-component---detailCatalog","properties":{"src":{"regex":{"source":"add\\-folder"}}}},"wdio_ui5_key":"etmportal.ui.managecatalogs.view.Detailsap.ui.core.Icon{\"src\":{\"regex\":{\"source\":\"add\\\\-folder\"}}}"}]}
RESULT: undefined
COMMAND: POST /session/ce0892542fc13e0f9da3069a0c56f077/element - {"using":"xpath","value":"//*[@id=\"__button43-img\"]"}
RESULT: {"using":"xpath","value":"//*[@id=\"__button43-img\"]"}
COMMAND: POST /session/ce0892542fc13e0f9da3069a0c56f077/element/f.812778354793FCCCD3B60D6A2602043C.d.571F94727D9D07BA28B543B2A5D70880.e.295/click - {}
RESULT: {}
COMMAND: GET /session/ce0892542fc13e0f9da3069a0c56f077/screenshot - {}
RESULT: {}
COMMAND: POST /session/ce0892542fc13e0f9da3069a0c56f077/execute/async - {"script":"<script> [1562 bytes]","args":[{"selector":{"id":"application-managecatalogs-display-component---detailCatalog--numberInput","searchOpenDialogs":true,"interaction":{"idSuffix":"inner"}},"wdio_ui5_key":"applicationmanagecatalogs-display-component---detailCatalog--numberInput"}]}
RESULT: {"script":"<script> [1562 bytes]","args":[{"selector":{"id":"application-managecatalogs-display-component---detailCatalog--numberInput","searchOpenDialogs":true,"interaction":{"idSuffix":"inner"}},"wdio_ui5_key":"applicationmanagecatalogs-display-component---detailCatalog--numberInput"}]}
RESULT: undefined
COMMAND: POST /session/ce0892542fc13e0f9da3069a0c56f077/execute/async - {"script":"<script> [776 bytes]","args":[{"enterText":"Sectionhxbjcj","selector":{"id":"application-managecatalogs-display-component---detailCatalog--numberInput","searchOpenDialogs":true,"interaction":{"idSuffix":"inner"}},"clearTextFirst":true,"interactionType":"ENTER_TEXT"}]}
RESULT: {"script":"<script> [776 bytes]","args":[{"enterText":"Sectionhxbjcj","selector":{"id":"application-managecatalogs-display-component---detailCatalog--numberInput","searchOpenDialogs":true,"interaction":{"idSuffix":"inner"}},"clearTextFirst":true,"interactionType":"ENTER_TEXT"}]}
COMMAND: POST /session/ce0892542fc13e0f9da3069a0c56f077/element - {"using":"css selector","value":"#application-managecatalogs-display-component---detailCatalog--nameInput-inner"}
RESULT: {"using":"css selector","value":"#application-managecatalogs-display-component---detailCatalog--nameInput-inner"}
COMMAND: POST /session/ce0892542fc13e0f9da3069a0c56f077/elements - {"using":"css selector","value":"#application-managecatalogs-display-component---detailCatalog--nameInput-inner"}
RESULT: {"using":"css selector","value":"#application-managecatalogs-display-component---detailCatalog--nameInput-inner"}
COMMAND: POST /session/ce0892542fc13e0f9da3069a0c56f077/element/f.812778354793FCCCD3B60D6A2602043C.d.571F94727D9D07BA28B543B2A5D70880.e.299/clear - {}
RESULT: {}
COMMAND: POST /session/ce0892542fc13e0f9da3069a0c56f077/element/f.812778354793FCCCD3B60D6A2602043C.d.571F94727D9D07BA28B543B2A5D70880.e.299/value - {"text":"Webdriver9mh74"}
COMMAND: GET /session/ce0892542fc13e0f9da3069a0c56f077/screenshot - {}
RESULT: {"text":"Webdriver9mh74"}
COMMAND: POST /session/ce0892542fc13e0f9da3069a0c56f077/execute/async - {"script":"<script> [1562 bytes]","args":[{"selector":{"controlType":"sap.m.Button","viewName":"etm.portal.ui.managecatalogs.view.Detail","viewId":"application-managecatalogs-display-component---detailCatalog","i18NText":{"propertyName":"text","key":"create"},"searchOpenDialogs":true,"interaction":{"idSuffix":"BDI-content"}},"wdio_ui5_key":"etmportal.ui.managecatalogs.view.Detailsap.m.Button{\"propertyName\":\"text\",\"key\":\"create\"}"}]}
COMMAND: GET /session/ce0892542fc13e0f9da3069a0c56f077/screenshot - {}
RESULT: {}
RESULT: {"script":"<script> [1562 bytes]","args":[{"selector":{"controlType":"sap.m.Button","viewName":"etm.portal.ui.managecatalogs.view.Detail","viewId":"application-managecatalogs-display-component---detailCatalog","i18NText":{"propertyName":"text","key":"create"},"searchOpenDialogs":true,"interaction":{"idSuffix":"BDI-content"}},"wdio_ui5_key":"etmportal.ui.managecatalogs.view.Detailsap.m.Button{\"propertyName\":\"text\",\"key\":\"create\"}"}]}
RESULT: undefined
COMMAND: POST /session/ce0892542fc13e0f9da3069a0c56f077/element - {"using":"xpath","value":"//*[@id=\"__button13\"]"}
RESULT: {}
RESULT: {"using":"xpath","value":"//*[@id=\"__button13\"]"}
COMMAND: POST /session/ce0892542fc13e0f9da3069a0c56f077/element/f.812778354793FCCCD3B60D6A2602043C.d.571F94727D9D07BA28B543B2A5D70880.e.305/click - {}
RESULT: {}
COMMAND: GET /session/ce0892542fc13e0f9da3069a0c56f077/screenshot - {}
RESULT: {}
COMMAND: POST /session/ce0892542fc13e0f9da3069a0c56f077/element - {"using":"xpath","value":"//button[@title=\"Save\"]"}
RESULT: {"using":"xpath","value":"//button[@title=\"Save\"]"}
COMMAND: POST /session/ce0892542fc13e0f9da3069a0c56f077/element/f.812778354793FCCCD3B60D6A2602043C.d.571F94727D9D07BA28B543B2A5D70880.e.306/click - {}
RESULT: {}
COMMAND: POST /session/ce0892542fc13e0f9da3069a0c56f077/execute/async - {"script":"<script> [1562 bytes]","args":[{"selector":{"controlType":"sap.ui.core.Icon","viewName":"etm.portal.ui.managecatalogs.view.Detail","viewId":"application-managecatalogs-display-component---detailCatalog","properties":{"src":{"regex":{"source":"decline"}}}},"wdio_ui5_key":"etmportal.ui.managecatalogs.view.Detailsap.ui.core.Icon{\"src\":{\"regex\":{\"source\":\"decline\"}}}"}]}
COMMAND: GET /session/ce0892542fc13e0f9da3069a0c56f077/screenshot - {}
RESULT: {"script":"<script> [1562 bytes]","args":[{"selector":{"controlType":"sap.ui.core.Icon","viewName":"etm.portal.ui.managecatalogs.view.Detail","viewId":"application-managecatalogs-display-component---detailCatalog","properties":{"src":{"regex":{"source":"decline"}}}},"wdio_ui5_key":"etmportal.ui.managecatalogs.view.Detailsap.ui.core.Icon{\"src\":{\"regex\":{\"source\":\"decline\"}}}"}]}
RESULT: undefined
COMMAND: POST /session/ce0892542fc13e0f9da3069a0c56f077/element - {"using":"xpath","value":"//*[@id=\"__button38-img\"]"}
RESULT: {}
RESULT: {"using":"xpath","value":"//*[@id=\"__button38-img\"]"}
COMMAND: POST /session/ce0892542fc13e0f9da3069a0c56f077/element/f.812778354793FCCCD3B60D6A2602043C.d.571F94727D9D07BA28B543B2A5D70880.e.311/click - {}
RESULT: {}
COMMAND: GET /session/ce0892542fc13e0f9da3069a0c56f077/screenshot - {}
RESULT: {}
COMMAND: POST /session/ce0892542fc13e0f9da3069a0c56f077/execute/async - {"script":"<script> [1562 bytes]","args":[{"selector":{"controlType":"sap.ui.core.Icon","viewName":"etm.portal.ui.managecatalogs.view.MasterItems","viewId":"application-managecatalogs-display-component---masterCatalogItems","properties":{"src":{"regex":{"source":"refresh"}}}},"wdio_ui5_key":"etmportal.ui.managecatalogs.view.MasterItemssap.ui.core.Icon{\"src\":{\"regex\":{\"source\":\"refresh\"}}}"}]}
RESULT: {"script":"<script> [1562 bytes]","args":[{"selector":{"controlType":"sap.ui.core.Icon","viewName":"etm.portal.ui.managecatalogs.view.MasterItems","viewId":"application-managecatalogs-display-component---masterCatalogItems","properties":{"src":{"regex":{"source":"refresh"}}}},"wdio_ui5_key":"etmportal.ui.managecatalogs.view.MasterItemssap.ui.core.Icon{\"src\":{\"regex\":{\"source\":\"refresh\"}}}"}]}
RESULT: undefined
COMMAND: POST /session/ce0892542fc13e0f9da3069a0c56f077/element - {"using":"xpath","value":"//*[@id=\"__button11-img\"]"}
RESULT: {"using":"xpath","value":"//*[@id=\"__button11-img\"]"}
COMMAND: POST /session/ce0892542fc13e0f9da3069a0c56f077/element/f.812778354793FCCCD3B60D6A2602043C.d.571F94727D9D07BA28B543B2A5D70880.e.347/click - {}
RESULT: {}
COMMAND: POST /session/ce0892542fc13e0f9da3069a0c56f077/execute/async - {"script":"<script> [1562 bytes]","args":[{"selector":{"id":"application-managecatalogs-display-component---masterCatalogItems--searchItemsField","interaction":{"idSuffix":"I"}},"wdio_ui5_key":"applicationmanagecatalogs-display-component---masterCatalogItems--searchItemsField"}]}
COMMAND: GET /session/ce0892542fc13e0f9da3069a0c56f077/screenshot - {}
RESULT: {"script":"<script> [1562 bytes]","args":[{"selector":{"id":"application-managecatalogs-display-component---masterCatalogItems--searchItemsField","interaction":{"idSuffix":"I"}},"wdio_ui5_key":"applicationmanagecatalogs-display-component---masterCatalogItems--searchItemsField"}]}
RESULT: undefined
COMMAND: POST /session/ce0892542fc13e0f9da3069a0c56f077/execute/async - {"script":"<script> [776 bytes]","args":[{"enterText":"Webdriver9mh74","selector":{"id":"application-managecatalogs-display-component---masterCatalogItems--searchItemsField","interaction":{"idSuffix":"I"}},"clearTextFirst":true,"interactionType":"ENTER_TEXT"}]}
RESULT: {}
RESULT: {"script":"<script> [776 bytes]","args":[{"enterText":"Webdriver9mh74","selector":{"id":"application-managecatalogs-display-component---masterCatalogItems--searchItemsField","interaction":{"idSuffix":"I"}},"clearTextFirst":true,"interactionType":"ENTER_TEXT"}]}
COMMAND: POST /session/ce0892542fc13e0f9da3069a0c56f077/actions - {"actions":[{"id":"action1","type":"key","parameters":{},"actions":[{"type":"keyDown","value":""},{"type":"pause","duration":10},{"type":"keyUp","value":""}]}]}
RESULT: {"actions":[{"id":"action1","type":"key","parameters":{},"actions":[{"type":"keyDown","value":""},{"type":"pause","duration":10},{"type":"keyUp","value":""}]}]}
COMMAND: POST /session/ce0892542fc13e0f9da3069a0c56f077/element - {"using":"xpath","value":"(//span[contains(text(), \"Webdriver9mh74\")])[1]"}
COMMAND: GET /session/ce0892542fc13e0f9da3069a0c56f077/screenshot - {}
RESULT: {"using":"xpath","value":"(//span[contains(text(), \"Webdriver9mh74\")])[1]"}
COMMAND: POST /session/ce0892542fc13e0f9da3069a0c56f077/element/f.812778354793FCCCD3B60D6A2602043C.d.571F94727D9D07BA28B543B2A5D70880.e.350/click - {}
RESULT: {}
RESULT: {}
COMMAND: GET /session/ce0892542fc13e0f9da3069a0c56f077/screenshot - {}
RESULT: {}
RESULT: undefined
COMMAND: POST /session/ce0892542fc13e0f9da3069a0c56f077/element - {"using":"xpath","value":"//*[@id=\"__button35\"]"}
RESULT: {"using":"xpath","value":"//*[@id=\"__button35\"]"}
COMMAND: POST /session/ce0892542fc13e0f9da3069a0c56f077/element/f.812778354793FCCCD3B60D6A2602043C.d.571F94727D9D07BA28B543B2A5D70880.e.420/click - {}
RESULT: {}
COMMAND: GET /session/ce0892542fc13e0f9da3069a0c56f077/screenshot - {}
RESULT: {}
RESULT: undefined
COMMAND: POST /session/ce0892542fc13e0f9da3069a0c56f077/element - {"using":"xpath","value":"//*[@id=\"__button43-img\"]"}
RESULT: {"using":"xpath","value":"//*[@id=\"__button43-img\"]"}
COMMAND: POST /session/ce0892542fc13e0f9da3069a0c56f077/element/f.812778354793FCCCD3B60D6A2602043C.d.571F94727D9D07BA28B543B2A5D70880.e.437/click - {}
RESULT: {}
COMMAND: GET /session/ce0892542fc13e0f9da3069a0c56f077/screenshot - {}
RESULT: {}
RESULT: undefined
COMMAND: POST /session/ce0892542fc13e0f9da3069a0c56f077/execute/async - {"script":"<script> [776 bytes]","args":[{"enterText":"SecondSection4wuu9h","selector":{"id":"application-managecatalogs-display-component---detailCatalog--numberInput","searchOpenDialogs":true,"interaction":{"idSuffix":"inner"}},"clearTextFirst":true,"interactionType":"ENTER_TEXT"}]}
RESULT: {"script":"<script> [776 bytes]","args":[{"enterText":"SecondSection4wuu9h","selector":{"id":"application-managecatalogs-display-component---detailCatalog--numberInput","searchOpenDialogs":true,"interaction":{"idSuffix":"inner"}},"clearTextFirst":true,"interactionType":"ENTER_TEXT"}]}
COMMAND: POST /session/ce0892542fc13e0f9da3069a0c56f077/element - {"using":"xpath","value":"//input[contains(@id ,\"application-managecatalogs-display-component---detailCatalog--nameInput-inner\")]"}
RESULT: {"using":"xpath","value":"//input[contains(@id ,\"application-managecatalogs-display-component---detailCatalog--nameInput-inner\")]"}
COMMAND: POST /session/ce0892542fc13e0f9da3069a0c56f077/elements - {"using":"xpath","value":"//input[contains(@id ,\"application-managecatalogs-display-component---detailCatalog--nameInput-inner\")]"}
RESULT: {"using":"xpath","value":"//input[contains(@id ,\"application-managecatalogs-display-component---detailCatalog--nameInput-inner\")]"}
COMMAND: POST /session/ce0892542fc13e0f9da3069a0c56f077/element/f.812778354793FCCCD3B60D6A2602043C.d.571F94727D9D07BA28B543B2A5D70880.e.440/clear - {}
RESULT: {}
COMMAND: POST /session/ce0892542fc13e0f9da3069a0c56f077/element/f.812778354793FCCCD3B60D6A2602043C.d.571F94727D9D07BA28B543B2A5D70880.e.440/value - {"text":"webdriversecondbnm0g"}
COMMAND: GET /session/ce0892542fc13e0f9da3069a0c56f077/screenshot - {}
RESULT: {"text":"webdriversecondbnm0g"}
COMMAND: POST /session/ce0892542fc13e0f9da3069a0c56f077/execute/async - {"script":"<script> [1562 bytes]","args":[{"selector":{"id":"application-managecatalogs-display-component---detailCatalog--nameInput","searchOpenDialogs":true,"interaction":{"idSuffix":"inner"}},"wdio_ui5_key":"applicationmanagecatalogs-display-component---detailCatalog--nameInput"}]}
COMMAND: GET /session/ce0892542fc13e0f9da3069a0c56f077/screenshot - {}
RESULT: {}
RESULT: {"script":"<script> [1562 bytes]","args":[{"selector":{"id":"application-managecatalogs-display-component---detailCatalog--nameInput","searchOpenDialogs":true,"interaction":{"idSuffix":"inner"}},"wdio_ui5_key":"applicationmanagecatalogs-display-component---detailCatalog--nameInput"}]}
RESULT: undefined
COMMAND: POST /session/ce0892542fc13e0f9da3069a0c56f077/execute/async - {"script":"<script> [776 bytes]","args":[{"enterText":"webdriversecondbnm0g","selector":{"id":"application-managecatalogs-display-component---detailCatalog--nameInput","searchOpenDialogs":true,"interaction":{"idSuffix":"inner"}},"clearTextFirst":true,"interactionType":"ENTER_TEXT"}]}
RESULT: {}
RESULT: {"script":"<script> [776 bytes]","args":[{"enterText":"webdriversecondbnm0g","selector":{"id":"application-managecatalogs-display-component---detailCatalog--nameInput","searchOpenDialogs":true,"interaction":{"idSuffix":"inner"}},"clearTextFirst":true,"interactionType":"ENTER_TEXT"}]}
RESULT: undefined
COMMAND: POST /session/ce0892542fc13e0f9da3069a0c56f077/element - {"using":"xpath","value":"//*[@id=\"__button13\"]"}
RESULT: {"using":"xpath","value":"//*[@id=\"__button13\"]"}
COMMAND: POST /session/ce0892542fc13e0f9da3069a0c56f077/element/f.812778354793FCCCD3B60D6A2602043C.d.571F94727D9D07BA28B543B2A5D70880.e.444/click - {}
RESULT: {}
COMMAND: GET /session/ce0892542fc13e0f9da3069a0c56f077/screenshot - {}
RESULT: {}
COMMAND: POST /session/ce0892542fc13e0f9da3069a0c56f077/element - {"using":"xpath","value":"//button[@title=\"Save\"]"}
RESULT: {"using":"xpath","value":"//button[@title=\"Save\"]"}
COMMAND: POST /session/ce0892542fc13e0f9da3069a0c56f077/element/f.812778354793FCCCD3B60D6A2602043C.d.571F94727D9D07BA28B543B2A5D70880.e.424/click - {}
RESULT: {}
COMMAND: GET /session/ce0892542fc13e0f9da3069a0c56f077/screenshot - {}
RESULT: {}
RESULT: undefined
COMMAND: POST /session/ce0892542fc13e0f9da3069a0c56f077/element - {"using":"xpath","value":"//*[@id=\"__button38-img\"]"}
RESULT: {"using":"xpath","value":"//*[@id=\"__button38-img\"]"}
COMMAND: POST /session/ce0892542fc13e0f9da3069a0c56f077/element/f.812778354793FCCCD3B60D6A2602043C.d.571F94727D9D07BA28B543B2A5D70880.e.448/click - {}
RESULT: {}
COMMAND: GET /session/ce0892542fc13e0f9da3069a0c56f077/screenshot - {}
RESULT: {}
RESULT: undefined
COMMAND: POST /session/ce0892542fc13e0f9da3069a0c56f077/element - {"using":"xpath","value":"//*[@id=\"__button11-img\"]"}
RESULT: {"using":"xpath","value":"//*[@id=\"__button11-img\"]"}
COMMAND: POST /session/ce0892542fc13e0f9da3069a0c56f077/element/f.812778354793FCCCD3B60D6A2602043C.d.571F94727D9D07BA28B543B2A5D70880.e.485/click - {}
RESULT: {}
COMMAND: GET /session/ce0892542fc13e0f9da3069a0c56f077/screenshot - {}
RESULT: {}
RESULT: undefined
COMMAND: POST /session/ce0892542fc13e0f9da3069a0c56f077/execute/async - {"script":"<script> [776 bytes]","args":[{"enterText":"SecondSection4wuu9h","selector":{"id":"application-managecatalogs-display-component---masterCatalogItems--searchItemsField","interaction":{"idSuffix":"I"}},"clearTextFirst":true,"interactionType":"ENTER_TEXT"}]}
RESULT: {"script":"<script> [776 bytes]","args":[{"enterText":"SecondSection4wuu9h","selector":{"id":"application-managecatalogs-display-component---masterCatalogItems--searchItemsField","interaction":{"idSuffix":"I"}},"clearTextFirst":true,"interactionType":"ENTER_TEXT"}]}
COMMAND: POST /session/ce0892542fc13e0f9da3069a0c56f077/actions - {"actions":[{"id":"action2","type":"key","parameters":{},"actions":[{"type":"keyDown","value":""},{"type":"pause","duration":10},{"type":"keyUp","value":""}]}]}
RESULT: {"actions":[{"id":"action2","type":"key","parameters":{},"actions":[{"type":"keyDown","value":""},{"type":"pause","duration":10},{"type":"keyUp","value":""}]}]}
COMMAND: POST /session/ce0892542fc13e0f9da3069a0c56f077/element - {"using":"xpath","value":"(//span[contains(text(), \"SecondSection4wuu9h\")])[1]"}
COMMAND: GET /session/ce0892542fc13e0f9da3069a0c56f077/screenshot - {}
RESULT: {"using":"xpath","value":"(//span[contains(text(), \"SecondSection4wuu9h\")])[1]"}
COMMAND: POST /session/ce0892542fc13e0f9da3069a0c56f077/element/f.812778354793FCCCD3B60D6A2602043C.d.571F94727D9D07BA28B543B2A5D70880.e.488/click - {}
RESULT: {}
RESULT: {}
COMMAND: POST /session/ce0892542fc13e0f9da3069a0c56f077/element - {"using":"xpath","value":"(//span[contains(text(), \"SecondSection4wuu9h\")])[1]"}
COMMAND: GET /session/ce0892542fc13e0f9da3069a0c56f077/screenshot - {}
RESULT: {"using":"xpath","value":"(//span[contains(text(), \"SecondSection4wuu9h\")])[1]"}
COMMAND: GET /session/ce0892542fc13e0f9da3069a0c56f077/element/f.812778354793FCCCD3B60D6A2602043C.d.571F94727D9D07BA28B543B2A5D70880.e.541/text - {}
RESULT: {}
RESULT: {}
COMMAND: POST /session/ce0892542fc13e0f9da3069a0c56f077/element - {"using":"css selector","value":"#shell-header-logo"}
RESULT: {"using":"css selector","value":"#shell-header-logo"}
COMMAND: POST /session/ce0892542fc13e0f9da3069a0c56f077/element/f.812778354793FCCCD3B60D6A2602043C.d.571F94727D9D07BA28B543B2A5D70880.e.117/click - {}
RESULT: {}
COMMAND: GET /session/ce0892542fc13e0f9da3069a0c56f077/screenshot - {}
RESULT: {}
COMMAND: POST /session/ce0892542fc13e0f9da3069a0c56f077/execute/async - {"script":"<script> [1562 bytes]","args":[{"selector":{"controlType":"sap.m.GenericTile","properties":{"header":"Manage Classifications"}},"wdio_ui5_key":"sapm.GenericTile{\"header\":\"Manage Classifications\"}"}]}
RESULT: {"script":"<script> [1562 bytes]","args":[{"selector":{"controlType":"sap.m.GenericTile","properties":{"header":"Manage Classifications"}},"wdio_ui5_key":"sapm.GenericTile{\"header\":\"Manage Classifications\"}"}]}
RESULT: undefined
COMMAND: POST /session/ce0892542fc13e0f9da3069a0c56f077/element - {"using":"xpath","value":"//*[@id=\"__tile115\"]"}
RESULT: {"using":"xpath","value":"//*[@id=\"__tile115\"]"}
COMMAND: POST /session/ce0892542fc13e0f9da3069a0c56f077/element/f.812778354793FCCCD3B60D6A2602043C.d.571F94727D9D07BA28B543B2A5D70880.e.547/click - {}
RESULT: {}
COMMAND: GET /session/ce0892542fc13e0f9da3069a0c56f077/screenshot - {}
RESULT: {}
COMMAND: POST /session/ce0892542fc13e0f9da3069a0c56f077/elements - {"using":"xpath","value":"//span[text()='Error']"}
RESULT: {"using":"xpath","value":"//span[text()='Error']"}
]]></system-out>
    </testcase>
  </testsuite>
  <testsuite timestamp="2025-05-22T15:49:57" time="276.141" tests="3" failures="0" errors="0" skipped="0">
    <properties>
      <property name="specId" value="0"/>
      <property name="suiteName" value="Manage catalogs - yard assignment classification US138930"/>
      <property name="capabilities" value="chrome.136_0_7103_93.windows"/>
      <property name="file" value="file:///D:/a/1/s/test/specs/R2C/manage-catalogs-yard-assignment-classification.spec.js"/>
    </properties>
    <testcase classname="chrome.136_0_7103_93.windows.Manage_catalogs_-_yard_assignment_classification_US138930" name="Should create a new classification of type yard assignment" time="36.541">
      <system-out><![CDATA[
COMMAND: POST /session/ce0892542fc13e0f9da3069a0c56f077/execute/async - {"script":"<script> [1562 bytes]","args":[{"selector":{"controlType":"sap.ui.core.Icon","viewName":"etm.portal.ui.manageclassifications.view.Master","viewId":"application-manageclassifications-display-component---classificationMaster","properties":{"src":{"regex":{"source":"add"}}}},"wdio_ui5_key":"etmportal.ui.manageclassifications.view.Mastersap.ui.core.Icon{\"src\":{\"regex\":{\"source\":\"add\"}}}"}]}
RESULT: {"script":"<script> [1562 bytes]","args":[{"selector":{"controlType":"sap.ui.core.Icon","viewName":"etm.portal.ui.manageclassifications.view.Master","viewId":"application-manageclassifications-display-component---classificationMaster","properties":{"src":{"regex":{"source":"add"}}}},"wdio_ui5_key":"etmportal.ui.manageclassifications.view.Mastersap.ui.core.Icon{\"src\":{\"regex\":{\"source\":\"add\"}}}"}]}
RESULT: undefined
COMMAND: POST /session/ce0892542fc13e0f9da3069a0c56f077/element - {"using":"xpath","value":"//*[@id=\"__button75-img\"]"}
RESULT: {"using":"xpath","value":"//*[@id=\"__button75-img\"]"}
COMMAND: POST /session/ce0892542fc13e0f9da3069a0c56f077/element/f.812778354793FCCCD3B60D6A2602043C.d.571F94727D9D07BA28B543B2A5D70880.e.587/click - {}
RESULT: {}
COMMAND: POST /session/ce0892542fc13e0f9da3069a0c56f077/execute/async - {"script":"<script> [1562 bytes]","args":[{"selector":{"id":"application-manageclassifications-display-component---classificationCreate--classHeaderName","interaction":{"idSuffix":"inner"}},"wdio_ui5_key":"applicationmanageclassifications-display-component---classificationCreate--classHeaderName"}]}
COMMAND: GET /session/ce0892542fc13e0f9da3069a0c56f077/screenshot - {}
RESULT: {"script":"<script> [1562 bytes]","args":[{"selector":{"id":"application-manageclassifications-display-component---classificationCreate--classHeaderName","interaction":{"idSuffix":"inner"}},"wdio_ui5_key":"applicationmanageclassifications-display-component---classificationCreate--classHeaderName"}]}
RESULT: undefined
COMMAND: POST /session/ce0892542fc13e0f9da3069a0c56f077/execute/async - {"script":"<script> [776 bytes]","args":[{"enterText":"WebdriverYardClass146ox","selector":{"id":"application-manageclassifications-display-component---classificationCreate--classHeaderName","interaction":{"idSuffix":"inner"}},"clearTextFirst":true,"interactionType":"ENTER_TEXT"}]}
RESULT: {}
RESULT: {"script":"<script> [776 bytes]","args":[{"enterText":"WebdriverYardClass146ox","selector":{"id":"application-manageclassifications-display-component---classificationCreate--classHeaderName","interaction":{"idSuffix":"inner"}},"clearTextFirst":true,"interactionType":"ENTER_TEXT"}]}
COMMAND: POST /session/ce0892542fc13e0f9da3069a0c56f077/execute/async - {"script":"<script> [1562 bytes]","args":[{"selector":{"controlType":"sap.ui.core.Icon","viewName":"etm.portal.ui.manageclassifications.view.Create","viewId":"application-manageclassifications-display-component---classificationCreate","properties":{"src":{"regex":{"source":"slim\\-arrow\\-down"}}}},"wdio_ui5_key":"etmportal.ui.manageclassifications.view.Createsap.ui.core.Icon{\"src\":{\"regex\":{\"source\":\"slim\\\\-arrow\\\\-down\"}}}"}]}
RESULT: {"script":"<script> [1562 bytes]","args":[{"selector":{"controlType":"sap.ui.core.Icon","viewName":"etm.portal.ui.manageclassifications.view.Create","viewId":"application-manageclassifications-display-component---classificationCreate","properties":{"src":{"regex":{"source":"slim\\-arrow\\-down"}}}},"wdio_ui5_key":"etmportal.ui.manageclassifications.view.Createsap.ui.core.Icon{\"src\":{\"regex\":{\"source\":\"slim\\\\-arrow\\\\-down\"}}}"}]}
RESULT: undefined
COMMAND: POST /session/ce0892542fc13e0f9da3069a0c56f077/element - {"using":"xpath","value":"//*[@id=\"__box48-arrow\"]"}
RESULT: {"using":"xpath","value":"//*[@id=\"__box48-arrow\"]"}
COMMAND: POST /session/ce0892542fc13e0f9da3069a0c56f077/element/f.812778354793FCCCD3B60D6A2602043C.d.571F94727D9D07BA28B543B2A5D70880.e.1072/click - {}
RESULT: {}
COMMAND: POST /session/ce0892542fc13e0f9da3069a0c56f077/execute/async - {"script":"<script> [1562 bytes]","args":[{"selector":{"controlType":"sap.m.StandardListItem","viewName":"etm.portal.ui.manageclassifications.view.Create","viewId":"application-manageclassifications-display-component---classificationCreate","properties":{"title":"Yard assignment"},"searchOpenDialogs":true,"interaction":{"idSuffix":"titleText"}},"wdio_ui5_key":"etmportal.ui.manageclassifications.view.Createsap.m.StandardListItem{\"title\":\"Yard assignment\"}"}]}
COMMAND: GET /session/ce0892542fc13e0f9da3069a0c56f077/screenshot - {}
RESULT: {"script":"<script> [1562 bytes]","args":[{"selector":{"controlType":"sap.m.StandardListItem","viewName":"etm.portal.ui.manageclassifications.view.Create","viewId":"application-manageclassifications-display-component---classificationCreate","properties":{"title":"Yard assignment"},"searchOpenDialogs":true,"interaction":{"idSuffix":"titleText"}},"wdio_ui5_key":"etmportal.ui.manageclassifications.view.Createsap.m.StandardListItem{\"title\":\"Yard assignment\"}"}]}
RESULT: undefined
COMMAND: POST /session/ce0892542fc13e0f9da3069a0c56f077/element - {"using":"xpath","value":"//*[@id=\"__item310\"]"}
RESULT: {}
RESULT: {"using":"xpath","value":"//*[@id=\"__item310\"]"}
COMMAND: POST /session/ce0892542fc13e0f9da3069a0c56f077/element/f.812778354793FCCCD3B60D6A2602043C.d.571F94727D9D07BA28B543B2A5D70880.e.1114/click - {}
RESULT: {}
COMMAND: POST /session/ce0892542fc13e0f9da3069a0c56f077/execute/async - {"script":"<script> [1562 bytes]","args":[{"selector":{"controlType":"sap.ui.core.Icon","viewName":"etm.portal.ui.manageclassifications.view.Create","viewId":"application-manageclassifications-display-component---classificationCreate","properties":{"src":{"regex":{"source":"add"}}}},"wdio_ui5_key":"etmportal.ui.manageclassifications.view.Createsap.ui.core.Icon{\"src\":{\"regex\":{\"source\":\"add\"}}}"}]}
COMMAND: GET /session/ce0892542fc13e0f9da3069a0c56f077/screenshot - {}
RESULT: {"script":"<script> [1562 bytes]","args":[{"selector":{"controlType":"sap.ui.core.Icon","viewName":"etm.portal.ui.manageclassifications.view.Create","viewId":"application-manageclassifications-display-component---classificationCreate","properties":{"src":{"regex":{"source":"add"}}}},"wdio_ui5_key":"etmportal.ui.manageclassifications.view.Createsap.ui.core.Icon{\"src\":{\"regex\":{\"source\":\"add\"}}}"}]}
RESULT: undefined
COMMAND: POST /session/ce0892542fc13e0f9da3069a0c56f077/element - {"using":"xpath","value":"//*[@id=\"__button80-img\"]"}
RESULT: {}
RESULT: {"using":"xpath","value":"//*[@id=\"__button80-img\"]"}
COMMAND: POST /session/ce0892542fc13e0f9da3069a0c56f077/element/f.812778354793FCCCD3B60D6A2602043C.d.571F94727D9D07BA28B543B2A5D70880.e.1075/click - {}
RESULT: {}
COMMAND: POST /session/ce0892542fc13e0f9da3069a0c56f077/execute/async - {"script":"<script> [1562 bytes]","args":[{"selector":{"controlType":"sap.m.Input","viewName":"etm.portal.ui.manageclassifications.view.Create","viewId":"application-manageclassifications-display-component---classificationCreate","bindingPath":{"path":"/0","propertyPath":"PROPERTY","modelName":"newConfigModel"},"interaction":{"idSuffix":"inner"}},"wdio_ui5_key":"etmportal.ui.manageclassifications.view.Createsap.m.Input{\"path\":\"/0\",\"propertyPath\":\"PROPERTY\",\"modelName\":\"newConfigModel\"}"}]}
COMMAND: GET /session/ce0892542fc13e0f9da3069a0c56f077/screenshot - {}
RESULT: {"script":"<script> [1562 bytes]","args":[{"selector":{"controlType":"sap.m.Input","viewName":"etm.portal.ui.manageclassifications.view.Create","viewId":"application-manageclassifications-display-component---classificationCreate","bindingPath":{"path":"/0","propertyPath":"PROPERTY","modelName":"newConfigModel"},"interaction":{"idSuffix":"inner"}},"wdio_ui5_key":"etmportal.ui.manageclassifications.view.Createsap.m.Input{\"path\":\"/0\",\"propertyPath\":\"PROPERTY\",\"modelName\":\"newConfigModel\"}"}]}
RESULT: undefined
COMMAND: POST /session/ce0892542fc13e0f9da3069a0c56f077/execute/async - {"script":"<script> [776 bytes]","args":[{"enterText":"101","selector":{"controlType":"sap.m.Input","viewName":"etm.portal.ui.manageclassifications.view.Create","viewId":"application-manageclassifications-display-component---classificationCreate","bindingPath":{"path":"/0","propertyPath":"PROPERTY","modelName":"newConfigModel"},"interaction":{"idSuffix":"inner"}},"clearTextFirst":true,"interactionType":"ENTER_TEXT"}]}
RESULT: {}
RESULT: {"script":"<script> [776 bytes]","args":[{"enterText":"101","selector":{"controlType":"sap.m.Input","viewName":"etm.portal.ui.manageclassifications.view.Create","viewId":"application-manageclassifications-display-component---classificationCreate","bindingPath":{"path":"/0","propertyPath":"PROPERTY","modelName":"newConfigModel"},"interaction":{"idSuffix":"inner"}},"clearTextFirst":true,"interactionType":"ENTER_TEXT"}]}
COMMAND: POST /session/ce0892542fc13e0f9da3069a0c56f077/execute/async - {"script":"<script> [1562 bytes]","args":[{"selector":{"controlType":"sap.m.Input","viewName":"etm.portal.ui.manageclassifications.view.Create","viewId":"application-manageclassifications-display-component---classificationCreate","bindingPath":{"path":"/0","propertyPath":"DESCRIPTION","modelName":"newConfigModel"},"interaction":{"idSuffix":"inner"}},"wdio_ui5_key":"etmportal.ui.manageclassifications.view.Createsap.m.Input{\"path\":\"/0\",\"propertyPath\":\"DESCRIPTION\",\"modelName\":\"newConfigModel\"}"}]}
RESULT: {"script":"<script> [1562 bytes]","args":[{"selector":{"controlType":"sap.m.Input","viewName":"etm.portal.ui.manageclassifications.view.Create","viewId":"application-manageclassifications-display-component---classificationCreate","bindingPath":{"path":"/0","propertyPath":"DESCRIPTION","modelName":"newConfigModel"},"interaction":{"idSuffix":"inner"}},"wdio_ui5_key":"etmportal.ui.manageclassifications.view.Createsap.m.Input{\"path\":\"/0\",\"propertyPath\":\"DESCRIPTION\",\"modelName\":\"newConfigModel\"}"}]}
RESULT: undefined
COMMAND: POST /session/ce0892542fc13e0f9da3069a0c56f077/execute/async - {"script":"<script> [776 bytes]","args":[{"enterText":"yard1","selector":{"controlType":"sap.m.Input","viewName":"etm.portal.ui.manageclassifications.view.Create","viewId":"application-manageclassifications-display-component---classificationCreate","bindingPath":{"path":"/0","propertyPath":"DESCRIPTION","modelName":"newConfigModel"},"interaction":{"idSuffix":"inner"}},"clearTextFirst":true,"interactionType":"ENTER_TEXT"}]}
RESULT: {"script":"<script> [776 bytes]","args":[{"enterText":"yard1","selector":{"controlType":"sap.m.Input","viewName":"etm.portal.ui.manageclassifications.view.Create","viewId":"application-manageclassifications-display-component---classificationCreate","bindingPath":{"path":"/0","propertyPath":"DESCRIPTION","modelName":"newConfigModel"},"interaction":{"idSuffix":"inner"}},"clearTextFirst":true,"interactionType":"ENTER_TEXT"}]}
COMMAND: POST /session/ce0892542fc13e0f9da3069a0c56f077/execute/async - {"script":"<script> [1562 bytes]","args":[{"selector":{"controlType":"sap.ui.core.Icon","viewName":"etm.portal.ui.manageclassifications.view.Create","viewId":"application-manageclassifications-display-component---classificationCreate","properties":{"src":{"regex":{"source":"slim\\-arrow\\-down"}}},"ancestor":{"controlType":"sap.m.ComboBox","viewName":"etm.portal.ui.manageclassifications.view.Create","viewId":"application-manageclassifications-display-component---classificationCreate","bindingPath":{"path":"/0","propertyPath":"VALUE_TYPE","modelName":"newConfigModel"}}},"wdio_ui5_key":"etmportal.ui.manageclassifications.view.Createsap.ui.core.Icon{\"src\":{\"regex\":{\"source\":\"slim\\\\-arrow\\\\-down\"}}}{\"controlType\":\"sap.m.ComboBox\",\"viewName\":\"etm.portal.ui.manageclassifications.view.Create\",\"viewId\":\"application-manageclassifications-display-component---classificationCreate\",\"bindingPath\":{\"path\":\"/0\",\"propertyPath\":\"VALUE_TYPE\",\"modelName\":\"newConfigModel\"}}"}]}
RESULT: {"script":"<script> [1562 bytes]","args":[{"selector":{"controlType":"sap.ui.core.Icon","viewName":"etm.portal.ui.manageclassifications.view.Create","viewId":"application-manageclassifications-display-component---classificationCreate","properties":{"src":{"regex":{"source":"slim\\-arrow\\-down"}}},"ancestor":{"controlType":"sap.m.ComboBox","viewName":"etm.portal.ui.manageclassifications.view.Create","viewId":"application-manageclassifications-display-component---classificationCreate","bindingPath":{"path":"/0","propertyPath":"VALUE_TYPE","modelName":"newConfigModel"}}},"wdio_ui5_key":"etmportal.ui.manageclassifications.view.Createsap.ui.core.Icon{\"src\":{\"regex\":{\"source\":\"slim\\\\-arrow\\\\-down\"}}}{\"controlType\":\"sap.m.ComboBox\",\"viewName\":\"etm.portal.ui.manageclassifications.view.Create\",\"viewId\":\"application-manageclassifications-display-component---classificationCreate\",\"bindingPath\":{\"path\":\"/0\",\"propertyPath\":\"VALUE_TYPE\",\"modelName\":\"newConfigModel\"}}"}]}
RESULT: undefined
COMMAND: POST /session/ce0892542fc13e0f9da3069a0c56f077/element - {"using":"xpath","value":"//*[@id=\"__box49-application-manageclassifications-display-component---classificationCreate--configurationList-0-arrow\"]"}
RESULT: {"using":"xpath","value":"//*[@id=\"__box49-application-manageclassifications-display-component---classificationCreate--configurationList-0-arrow\"]"}
COMMAND: POST /session/ce0892542fc13e0f9da3069a0c56f077/element/f.812778354793FCCCD3B60D6A2602043C.d.571F94727D9D07BA28B543B2A5D70880.e.1123/click - {}
RESULT: {}
COMMAND: POST /session/ce0892542fc13e0f9da3069a0c56f077/execute/async - {"script":"<script> [1562 bytes]","args":[{"selector":{"controlType":"sap.m.StandardListItem","viewName":"etm.portal.ui.manageclassifications.view.Create","viewId":"application-manageclassifications-display-component---classificationCreate","properties":{"title":"Boolean"},"searchOpenDialogs":true,"interaction":{"idSuffix":"content"}},"wdio_ui5_key":"etmportal.ui.manageclassifications.view.Createsap.m.StandardListItem{\"title\":\"Boolean\"}"}]}
COMMAND: GET /session/ce0892542fc13e0f9da3069a0c56f077/screenshot - {}
RESULT: {"script":"<script> [1562 bytes]","args":[{"selector":{"controlType":"sap.m.StandardListItem","viewName":"etm.portal.ui.manageclassifications.view.Create","viewId":"application-manageclassifications-display-component---classificationCreate","properties":{"title":"Boolean"},"searchOpenDialogs":true,"interaction":{"idSuffix":"content"}},"wdio_ui5_key":"etmportal.ui.manageclassifications.view.Createsap.m.StandardListItem{\"title\":\"Boolean\"}"}]}
RESULT: undefined
COMMAND: POST /session/ce0892542fc13e0f9da3069a0c56f077/element - {"using":"xpath","value":"//*[@id=\"__item313\"]"}
RESULT: {}
RESULT: {"using":"xpath","value":"//*[@id=\"__item313\"]"}
COMMAND: POST /session/ce0892542fc13e0f9da3069a0c56f077/element/f.812778354793FCCCD3B60D6A2602043C.d.571F94727D9D07BA28B543B2A5D70880.e.1125/click - {}
RESULT: {}
COMMAND: POST /session/ce0892542fc13e0f9da3069a0c56f077/element - {"using":"xpath","value":"//input[contains(@id ,\"application-manageclassifications-display-component---classificationCreate--classHeaderName-inner\")]"}
COMMAND: GET /session/ce0892542fc13e0f9da3069a0c56f077/screenshot - {}
RESULT: {"using":"xpath","value":"//input[contains(@id ,\"application-manageclassifications-display-component---classificationCreate--classHeaderName-inner\")]"}
COMMAND: GET /session/ce0892542fc13e0f9da3069a0c56f077/element/f.812778354793FCCCD3B60D6A2602043C.d.571F94727D9D07BA28B543B2A5D70880.e.986/property/value - {}
RESULT: {}
RESULT: {}
COMMAND: GET /session/ce0892542fc13e0f9da3069a0c56f077/screenshot - {}
RESULT: {}
COMMAND: POST /session/ce0892542fc13e0f9da3069a0c56f077/element - {"using":"xpath","value":"//button[@title=\"Save\"]"}
RESULT: {"using":"xpath","value":"//button[@title=\"Save\"]"}
COMMAND: POST /session/ce0892542fc13e0f9da3069a0c56f077/element/f.812778354793FCCCD3B60D6A2602043C.d.571F94727D9D07BA28B543B2A5D70880.e.1083/click - {}
RESULT: {}
COMMAND: GET /session/ce0892542fc13e0f9da3069a0c56f077/screenshot - {}
RESULT: {}
COMMAND: POST /session/ce0892542fc13e0f9da3069a0c56f077/execute/async - {"script":"<script> [1562 bytes]","args":[{"selector":{"id":"application-manageclassifications-display-component---classificationMaster--smartFilterBar-btnBasicSearch","interaction":{"idSuffix":"I"}},"wdio_ui5_key":"applicationmanageclassifications-display-component---classificationMaster--smartFilterBar-btnBasicSearch"}]}
RESULT: {"script":"<script> [1562 bytes]","args":[{"selector":{"id":"application-manageclassifications-display-component---classificationMaster--smartFilterBar-btnBasicSearch","interaction":{"idSuffix":"I"}},"wdio_ui5_key":"applicationmanageclassifications-display-component---classificationMaster--smartFilterBar-btnBasicSearch"}]}
RESULT: undefined
COMMAND: POST /session/ce0892542fc13e0f9da3069a0c56f077/execute/async - {"script":"<script> [776 bytes]","args":[{"enterText":"WebdriverYardClass146ox","selector":{"id":"application-manageclassifications-display-component---classificationMaster--smartFilterBar-btnBasicSearch","interaction":{"idSuffix":"I"}},"clearTextFirst":true,"interactionType":"ENTER_TEXT"}]}
RESULT: {"script":"<script> [776 bytes]","args":[{"enterText":"WebdriverYardClass146ox","selector":{"id":"application-manageclassifications-display-component---classificationMaster--smartFilterBar-btnBasicSearch","interaction":{"idSuffix":"I"}},"clearTextFirst":true,"interactionType":"ENTER_TEXT"}]}
COMMAND: POST /session/ce0892542fc13e0f9da3069a0c56f077/actions - {"actions":[{"id":"action3","type":"key","parameters":{},"actions":[{"type":"keyDown","value":""},{"type":"pause","duration":10},{"type":"keyUp","value":""}]}]}
RESULT: {"actions":[{"id":"action3","type":"key","parameters":{},"actions":[{"type":"keyDown","value":""},{"type":"pause","duration":10},{"type":"keyUp","value":""}]}]}
COMMAND: POST /session/ce0892542fc13e0f9da3069a0c56f077/execute/async - {"script":"<script> [1562 bytes]","args":[{"selector":{"id":"application-manageclassifications-display-component---classificationMaster--smartTable-header"},"wdio_ui5_key":"applicationmanageclassifications-display-component---classificationMaster--smartTable-header"}]}
COMMAND: GET /session/ce0892542fc13e0f9da3069a0c56f077/screenshot - {}
RESULT: {"script":"<script> [1562 bytes]","args":[{"selector":{"id":"application-manageclassifications-display-component---classificationMaster--smartTable-header"},"wdio_ui5_key":"applicationmanageclassifications-display-component---classificationMaster--smartTable-header"}]}
RESULT: undefined
COMMAND: POST /session/ce0892542fc13e0f9da3069a0c56f077/execute/async - {"script":"<script> [6424 bytes]","args":[{"element-6066-11e4-a52e-4f735466cecf":"f.812778354793FCCCD3B60D6A2602043C.d.571F94727D9D07BA28B543B2A5D70880.e.1328"},"getText",[]]}
RESULT: {}
RESULT: {"script":"<script> [6424 bytes]","args":[{"element-6066-11e4-a52e-4f735466cecf":"f.812778354793FCCCD3B60D6A2602043C.d.571F94727D9D07BA28B543B2A5D70880.e.1328"},"getText",[]]}
COMMAND: POST /session/ce0892542fc13e0f9da3069a0c56f077/element - {"using":"css selector","value":"#shell-header-logo"}
RESULT: {"using":"css selector","value":"#shell-header-logo"}
COMMAND: POST /session/ce0892542fc13e0f9da3069a0c56f077/element/f.812778354793FCCCD3B60D6A2602043C.d.571F94727D9D07BA28B543B2A5D70880.e.553/click - {}
RESULT: {}
COMMAND: GET /session/ce0892542fc13e0f9da3069a0c56f077/screenshot - {}
RESULT: {}
]]></system-out>
    </testcase>
    <testcase classname="chrome.136_0_7103_93.windows.Manage_catalogs_-_yard_assignment_classification_US138930" name="Should add the yard classification to a catalog item" time="135.229">
      <system-out><![CDATA[
RESULT: undefined
COMMAND: POST /session/ce0892542fc13e0f9da3069a0c56f077/element - {"using":"xpath","value":"//*[@id=\"__tile37\"]"}
RESULT: {"using":"xpath","value":"//*[@id=\"__tile37\"]"}
COMMAND: POST /session/ce0892542fc13e0f9da3069a0c56f077/element/f.812778354793FCCCD3B60D6A2602043C.d.571F94727D9D07BA28B543B2A5D70880.e.114/click - {}
RESULT: {}
COMMAND: GET /session/ce0892542fc13e0f9da3069a0c56f077/screenshot - {}
RESULT: {}
COMMAND: POST /session/ce0892542fc13e0f9da3069a0c56f077/elements - {"using":"xpath","value":"//span[text()='Error']"}
RESULT: {"using":"xpath","value":"//span[text()='Error']"}
COMMAND: POST /session/ce0892542fc13e0f9da3069a0c56f077/refresh - {}
RESULT: {}
COMMAND: GET /session/ce0892542fc13e0f9da3069a0c56f077/screenshot - {}
RESULT: {}
COMMAND: POST /session/ce0892542fc13e0f9da3069a0c56f077/execute/async - {"script":"<script> [189 bytes]","args":[]}
RESULT: {"script":"<script> [189 bytes]","args":[]}
COMMAND: POST /session/ce0892542fc13e0f9da3069a0c56f077/execute/async - {"script":"<script> [123 bytes]","args":[]}
RESULT: {"script":"<script> [123 bytes]","args":[]}
COMMAND: POST /session/ce0892542fc13e0f9da3069a0c56f077/timeouts - {"script":"<number>"}
RESULT: {"script":"<number>"}
COMMAND: GET /session/ce0892542fc13e0f9da3069a0c56f077/timeouts - {}
RESULT: {}
RESULT: undefined
COMMAND: POST /session/ce0892542fc13e0f9da3069a0c56f077/execute/async - {"script":"<script> [2676 bytes]","args":[]}
RESULT: {"script":"<script> [2676 bytes]","args":[]}
COMMAND: POST /session/ce0892542fc13e0f9da3069a0c56f077/execute/async - {"script":"<script> [2342 bytes]","args":[{"protocol":"http","hostname":"0.0.0.0","path":"/","capabilities":{"browserName":"chrome","goog:chromeOptions":{"binary":"C:\\Program Files\\Google\\Chrome\\Application\\chrome.exe","args":["--start-maximized"]}},"logLevel":"warn","connectionRetryTimeout":120000,"connectionRetryCount":3,"logLevels":{},"enableDirectConnect":true,"strictSSL":true,"_":"65 more keys: [\"cacheDir\",\"port\",\"requestedCapabilities\",\"automationProtocol\",\"baseUrl\",\"waitforInterval\",\"waitforTimeout\",\"onReload\",\"beforeCommand\",\"afterCommand\",\"rootDir\",\"specs\",\"suites\",\"exclude\",\"groupLogsByTestSpec\",\"excludeDriverLogs\",\"bail\",\"framework\",\"reporters\",\"services\",\"maxInstances\",\"maxInstancesPerCapability\",\"injectGlobals\",\"filesToWatch\",\"execArgv\",\"runnerEnv\",\"runner\",\"shard\",\"specFileRetries\",\"specFileRetriesDelay\",\"specFileRetriesDeferred\",\"reporterSyncInterval\",\"reporterSyncTimeout\",\"cucumberFeaturesWithLineNumbers\",\"autoCompileOpts\",\"mochaOpts\",\"jasmineOpts\",\"cucumberOpts\",\"onPrepare\",\"onWorkerStart\",\"onWorkerEnd\",\"before\",\"beforeSession\",\"beforeSuite\",\"beforeHook\",\"beforeTest\",\"afterTest\",\"afterHook\",\"afterSuite\",\"afterSession\",\"after\",\"onComplete\",\"beforeAssertion\",\"afterAssertion\",\"beforeFeature\",\"beforeScenario\",\"beforeStep\",\"afterStep\",\"afterScenario\",\"afterFeature\",\"_\",\"suite\",\"$0\",\"ignoredWorkerServices\",\"wdi5\"]"}]}
RESULT: {"script":"<script> [2342 bytes]","args":[{"protocol":"http","hostname":"0.0.0.0","path":"/","capabilities":{"browserName":"chrome","goog:chromeOptions":{"binary":"C:\\Program Files\\Google\\Chrome\\Application\\chrome.exe","args":["--start-maximized"]}},"logLevel":"warn","connectionRetryTimeout":120000,"connectionRetryCount":3,"logLevels":{},"enableDirectConnect":true,"strictSSL":true,"_":"65 more keys: [\"cacheDir\",\"port\",\"requestedCapabilities\",\"automationProtocol\",\"baseUrl\",\"waitforInterval\",\"waitforTimeout\",\"onReload\",\"beforeCommand\",\"afterCommand\",\"rootDir\",\"specs\",\"suites\",\"exclude\",\"groupLogsByTestSpec\",\"excludeDriverLogs\",\"bail\",\"framework\",\"reporters\",\"services\",\"maxInstances\",\"maxInstancesPerCapability\",\"injectGlobals\",\"filesToWatch\",\"execArgv\",\"runnerEnv\",\"runner\",\"shard\",\"specFileRetries\",\"specFileRetriesDelay\",\"specFileRetriesDeferred\",\"reporterSyncInterval\",\"reporterSyncTimeout\",\"cucumberFeaturesWithLineNumbers\",\"autoCompileOpts\",\"mochaOpts\",\"jasmineOpts\",\"cucumberOpts\",\"onPrepare\",\"onWorkerStart\",\"onWorkerEnd\",\"before\",\"beforeSession\",\"beforeSuite\",\"beforeHook\",\"beforeTest\",\"afterTest\",\"afterHook\",\"afterSuite\",\"afterSession\",\"after\",\"onComplete\",\"beforeAssertion\",\"afterAssertion\",\"beforeFeature\",\"beforeScenario\",\"beforeStep\",\"afterStep\",\"afterScenario\",\"afterFeature\",\"_\",\"suite\",\"$0\",\"ignoredWorkerServices\",\"wdi5\"]"}]}
COMMAND: POST /session/ce0892542fc13e0f9da3069a0c56f077/execute/async - {"script":"<script> [21126 bytes]","args":[35000]}
RESULT: {"script":"<script> [21126 bytes]","args":[35000]}
COMMAND: POST /session/ce0892542fc13e0f9da3069a0c56f077/element - {"using":"xpath","value":"//span[contains(text(), \"Webshop Catalog\")][contains(@id ,\"masterCatalogs\")]"}
RESULT: {"using":"xpath","value":"//span[contains(text(), \"Webshop Catalog\")][contains(@id ,\"masterCatalogs\")]"}
COMMAND: POST /session/ce0892542fc13e0f9da3069a0c56f077/element/f.812778354793FCCCD3B60D6A2602043C.d.69AC0EAF24201F5C23F73048AA7A47A3.e.1433/click - {}
RESULT: {}
COMMAND: GET /session/ce0892542fc13e0f9da3069a0c56f077/screenshot - {}
RESULT: {}
COMMAND: POST /session/ce0892542fc13e0f9da3069a0c56f077/element - {"using":"xpath","value":"//input[contains(@id ,\"application-managecatalogs-display-component---masterCatalogItems--searchItemsField-I\")]"}
RESULT: {"using":"xpath","value":"//input[contains(@id ,\"application-managecatalogs-display-component---masterCatalogItems--searchItemsField-I\")]"}
COMMAND: POST /session/ce0892542fc13e0f9da3069a0c56f077/element/f.812778354793FCCCD3B60D6A2602043C.d.69AC0EAF24201F5C23F73048AA7A47A3.e.1442/value - {"text":"SecondSection4wuu9h"}
RESULT: {"text":"SecondSection4wuu9h"}
COMMAND: POST /session/ce0892542fc13e0f9da3069a0c56f077/actions - {"actions":[{"id":"action4","type":"key","parameters":{},"actions":[{"type":"keyDown","value":""},{"type":"pause","duration":10},{"type":"keyUp","value":""}]}]}
COMMAND: GET /session/ce0892542fc13e0f9da3069a0c56f077/screenshot - {}
RESULT: {"actions":[{"id":"action4","type":"key","parameters":{},"actions":[{"type":"keyDown","value":""},{"type":"pause","duration":10},{"type":"keyUp","value":""}]}]}
COMMAND: GET /session/ce0892542fc13e0f9da3069a0c56f077/screenshot - {}
RESULT: {}
RESULT: {}
COMMAND: POST /session/ce0892542fc13e0f9da3069a0c56f077/element - {"using":"xpath","value":"(//span[contains(text(), \"SecondSection4wuu9h\")])[1]"}
RESULT: {"using":"xpath","value":"(//span[contains(text(), \"SecondSection4wuu9h\")])[1]"}
COMMAND: POST /session/ce0892542fc13e0f9da3069a0c56f077/element/f.812778354793FCCCD3B60D6A2602043C.d.69AC0EAF24201F5C23F73048AA7A47A3.e.1470/click - {}
RESULT: {}
COMMAND: POST /session/ce0892542fc13e0f9da3069a0c56f077/execute/async - {"script":"<script> [1562 bytes]","args":[{"selector":{"controlType":"sap.m.Button","viewName":"etm.portal.ui.managecatalogs.view.Detail","viewId":"application-managecatalogs-display-component---detailCatalog","i18NText":{"propertyName":"text","key":"edit"},"interaction":{"idSuffix":"BDI-content"}},"wdio_ui5_key":"etmportal.ui.managecatalogs.view.Detailsap.m.Button{\"propertyName\":\"text\",\"key\":\"edit\"}"}]}
COMMAND: GET /session/ce0892542fc13e0f9da3069a0c56f077/screenshot - {}
RESULT: {"script":"<script> [1562 bytes]","args":[{"selector":{"controlType":"sap.m.Button","viewName":"etm.portal.ui.managecatalogs.view.Detail","viewId":"application-managecatalogs-display-component---detailCatalog","i18NText":{"propertyName":"text","key":"edit"},"interaction":{"idSuffix":"BDI-content"}},"wdio_ui5_key":"etmportal.ui.managecatalogs.view.Detailsap.m.Button{\"propertyName\":\"text\",\"key\":\"edit\"}"}]}
RESULT: undefined
COMMAND: POST /session/ce0892542fc13e0f9da3069a0c56f077/element - {"using":"xpath","value":"//*[@id=\"__button33\"]"}
RESULT: {}
RESULT: {"using":"xpath","value":"//*[@id=\"__button33\"]"}
COMMAND: POST /session/ce0892542fc13e0f9da3069a0c56f077/element/f.812778354793FCCCD3B60D6A2602043C.d.69AC0EAF24201F5C23F73048AA7A47A3.e.1538/click - {}
RESULT: {}
COMMAND: POST /session/ce0892542fc13e0f9da3069a0c56f077/execute/async - {"script":"<script> [1562 bytes]","args":[{"selector":{"controlType":"sap.ui.core.Icon","viewName":"etm.portal.ui.managecatalogs.view.Detail","viewId":"application-managecatalogs-display-component---detailCatalog","properties":{"src":{"regex":{"source":"add\\-document"}}}},"wdio_ui5_key":"etmportal.ui.managecatalogs.view.Detailsap.ui.core.Icon{\"src\":{\"regex\":{\"source\":\"add\\\\-document\"}}}"}]}
COMMAND: GET /session/ce0892542fc13e0f9da3069a0c56f077/screenshot - {}
RESULT: {"script":"<script> [1562 bytes]","args":[{"selector":{"controlType":"sap.ui.core.Icon","viewName":"etm.portal.ui.managecatalogs.view.Detail","viewId":"application-managecatalogs-display-component---detailCatalog","properties":{"src":{"regex":{"source":"add\\-document"}}}},"wdio_ui5_key":"etmportal.ui.managecatalogs.view.Detailsap.ui.core.Icon{\"src\":{\"regex\":{\"source\":\"add\\\\-document\"}}}"}]}
RESULT: undefined
COMMAND: POST /session/ce0892542fc13e0f9da3069a0c56f077/element - {"using":"xpath","value":"//*[@id=\"__button42-img\"]"}
RESULT: {}
RESULT: {"using":"xpath","value":"//*[@id=\"__button42-img\"]"}
COMMAND: POST /session/ce0892542fc13e0f9da3069a0c56f077/element/f.812778354793FCCCD3B60D6A2602043C.d.69AC0EAF24201F5C23F73048AA7A47A3.e.1542/click - {}
RESULT: {}
COMMAND: POST /session/ce0892542fc13e0f9da3069a0c56f077/execute/async - {"script":"<script> [1562 bytes]","args":[{"selector":{"id":"application-managecatalogs-display-component---detailCatalog--newItemNumberInput","searchOpenDialogs":true,"interaction":{"idSuffix":"inner"}},"wdio_ui5_key":"applicationmanagecatalogs-display-component---detailCatalog--newItemNumberInput"}]}
COMMAND: GET /session/ce0892542fc13e0f9da3069a0c56f077/screenshot - {}
RESULT: {"script":"<script> [1562 bytes]","args":[{"selector":{"id":"application-managecatalogs-display-component---detailCatalog--newItemNumberInput","searchOpenDialogs":true,"interaction":{"idSuffix":"inner"}},"wdio_ui5_key":"applicationmanagecatalogs-display-component---detailCatalog--newItemNumberInput"}]}
RESULT: undefined
COMMAND: POST /session/ce0892542fc13e0f9da3069a0c56f077/execute/async - {"script":"<script> [776 bytes]","args":[{"enterText":"catalogItempui60i","selector":{"id":"application-managecatalogs-display-component---detailCatalog--newItemNumberInput","searchOpenDialogs":true,"interaction":{"idSuffix":"inner"}},"clearTextFirst":true,"interactionType":"ENTER_TEXT"}]}
RESULT: {}
RESULT: {"script":"<script> [776 bytes]","args":[{"enterText":"catalogItempui60i","selector":{"id":"application-managecatalogs-display-component---detailCatalog--newItemNumberInput","searchOpenDialogs":true,"interaction":{"idSuffix":"inner"}},"clearTextFirst":true,"interactionType":"ENTER_TEXT"}]}
COMMAND: POST /session/ce0892542fc13e0f9da3069a0c56f077/execute/async - {"script":"<script> [1562 bytes]","args":[{"selector":{"controlType":"sap.m.Input","viewName":"etm.portal.ui.managecatalogs.view.Detail","viewId":"application-managecatalogs-display-component---detailCatalog","bindingPath":{"path":"","propertyPath":"/DESCRIPTION"},"searchOpenDialogs":true,"interaction":{"idSuffix":"inner"}},"wdio_ui5_key":"etmportal.ui.managecatalogs.view.Detailsap.m.Input{\"path\":\"\",\"propertyPath\":\"/DESCRIPTION\"}"}]}
RESULT: {"script":"<script> [1562 bytes]","args":[{"selector":{"controlType":"sap.m.Input","viewName":"etm.portal.ui.managecatalogs.view.Detail","viewId":"application-managecatalogs-display-component---detailCatalog","bindingPath":{"path":"","propertyPath":"/DESCRIPTION"},"searchOpenDialogs":true,"interaction":{"idSuffix":"inner"}},"wdio_ui5_key":"etmportal.ui.managecatalogs.view.Detailsap.m.Input{\"path\":\"\",\"propertyPath\":\"/DESCRIPTION\"}"}]}
RESULT: undefined
COMMAND: POST /session/ce0892542fc13e0f9da3069a0c56f077/execute/async - {"script":"<script> [776 bytes]","args":[{"enterText":"catalogItemNameiz09a","selector":{"controlType":"sap.m.Input","viewName":"etm.portal.ui.managecatalogs.view.Detail","viewId":"application-managecatalogs-display-component---detailCatalog","bindingPath":{"path":"","propertyPath":"/DESCRIPTION"},"searchOpenDialogs":true,"interaction":{"idSuffix":"inner"}},"clearTextFirst":true,"interactionType":"ENTER_TEXT"}]}
RESULT: {"script":"<script> [776 bytes]","args":[{"enterText":"catalogItemNameiz09a","selector":{"controlType":"sap.m.Input","viewName":"etm.portal.ui.managecatalogs.view.Detail","viewId":"application-managecatalogs-display-component---detailCatalog","bindingPath":{"path":"","propertyPath":"/DESCRIPTION"},"searchOpenDialogs":true,"interaction":{"idSuffix":"inner"}},"clearTextFirst":true,"interactionType":"ENTER_TEXT"}]}
COMMAND: POST /session/ce0892542fc13e0f9da3069a0c56f077/execute/async - {"script":"<script> [1562 bytes]","args":[{"selector":{"controlType":"sap.m.Button","viewName":"etm.portal.ui.managecatalogs.view.Detail","viewId":"application-managecatalogs-display-component---detailCatalog","i18NText":{"propertyName":"text","key":"create"},"searchOpenDialogs":true,"interaction":{"idSuffix":"BDI-content"}},"wdio_ui5_key":"etmportal.ui.managecatalogs.view.Detailsap.m.Button{\"propertyName\":\"text\",\"key\":\"create\"}"}]}
RESULT: {"script":"<script> [1562 bytes]","args":[{"selector":{"controlType":"sap.m.Button","viewName":"etm.portal.ui.managecatalogs.view.Detail","viewId":"application-managecatalogs-display-component---detailCatalog","i18NText":{"propertyName":"text","key":"create"},"searchOpenDialogs":true,"interaction":{"idSuffix":"BDI-content"}},"wdio_ui5_key":"etmportal.ui.managecatalogs.view.Detailsap.m.Button{\"propertyName\":\"text\",\"key\":\"create\"}"}]}
RESULT: undefined
COMMAND: POST /session/ce0892542fc13e0f9da3069a0c56f077/element - {"using":"xpath","value":"//*[@id=\"__button17\"]"}
RESULT: {"using":"xpath","value":"//*[@id=\"__button17\"]"}
COMMAND: POST /session/ce0892542fc13e0f9da3069a0c56f077/element/f.812778354793FCCCD3B60D6A2602043C.d.69AC0EAF24201F5C23F73048AA7A47A3.e.1552/click - {}
RESULT: {}
COMMAND: GET /session/ce0892542fc13e0f9da3069a0c56f077/screenshot - {}
RESULT: {}
COMMAND: POST /session/ce0892542fc13e0f9da3069a0c56f077/element - {"using":"xpath","value":"//button[@title=\"Save\"]"}
RESULT: {"using":"xpath","value":"//button[@title=\"Save\"]"}
COMMAND: POST /session/ce0892542fc13e0f9da3069a0c56f077/element/f.812778354793FCCCD3B60D6A2602043C.d.69AC0EAF24201F5C23F73048AA7A47A3.e.1553/click - {}
RESULT: {}
COMMAND: GET /session/ce0892542fc13e0f9da3069a0c56f077/screenshot - {}
RESULT: {}
COMMAND: POST /session/ce0892542fc13e0f9da3069a0c56f077/execute/async - {"script":"<script> [1562 bytes]","args":[{"selector":{"controlType":"sap.ui.core.Icon","viewName":"etm.portal.ui.managecatalogs.view.Detail","viewId":"application-managecatalogs-display-component---detailCatalog","properties":{"src":{"regex":{"source":"decline"}}}},"wdio_ui5_key":"etmportal.ui.managecatalogs.view.Detailsap.ui.core.Icon{\"src\":{\"regex\":{\"source\":\"decline\"}}}"}]}
RESULT: {"script":"<script> [1562 bytes]","args":[{"selector":{"controlType":"sap.ui.core.Icon","viewName":"etm.portal.ui.managecatalogs.view.Detail","viewId":"application-managecatalogs-display-component---detailCatalog","properties":{"src":{"regex":{"source":"decline"}}}},"wdio_ui5_key":"etmportal.ui.managecatalogs.view.Detailsap.ui.core.Icon{\"src\":{\"regex\":{\"source\":\"decline\"}}}"}]}
RESULT: undefined
COMMAND: POST /session/ce0892542fc13e0f9da3069a0c56f077/element - {"using":"xpath","value":"//*[@id=\"__button36-img\"]"}
RESULT: {"using":"xpath","value":"//*[@id=\"__button36-img\"]"}
COMMAND: POST /session/ce0892542fc13e0f9da3069a0c56f077/element/f.812778354793FCCCD3B60D6A2602043C.d.69AC0EAF24201F5C23F73048AA7A47A3.e.1557/click - {}
RESULT: {}
COMMAND: GET /session/ce0892542fc13e0f9da3069a0c56f077/screenshot - {}
RESULT: {}
COMMAND: POST /session/ce0892542fc13e0f9da3069a0c56f077/execute/async - {"script":"<script> [1562 bytes]","args":[{"selector":{"controlType":"sap.ui.core.Icon","viewName":"etm.portal.ui.managecatalogs.view.MasterItems","viewId":"application-managecatalogs-display-component---masterCatalogItems","properties":{"src":{"regex":{"source":"refresh"}}}},"wdio_ui5_key":"etmportal.ui.managecatalogs.view.MasterItemssap.ui.core.Icon{\"src\":{\"regex\":{\"source\":\"refresh\"}}}"}]}
RESULT: {"script":"<script> [1562 bytes]","args":[{"selector":{"controlType":"sap.ui.core.Icon","viewName":"etm.portal.ui.managecatalogs.view.MasterItems","viewId":"application-managecatalogs-display-component---masterCatalogItems","properties":{"src":{"regex":{"source":"refresh"}}}},"wdio_ui5_key":"etmportal.ui.managecatalogs.view.MasterItemssap.ui.core.Icon{\"src\":{\"regex\":{\"source\":\"refresh\"}}}"}]}
RESULT: undefined
COMMAND: POST /session/ce0892542fc13e0f9da3069a0c56f077/element - {"using":"xpath","value":"//*[@id=\"__button9-img\"]"}
RESULT: {"using":"xpath","value":"//*[@id=\"__button9-img\"]"}
COMMAND: POST /session/ce0892542fc13e0f9da3069a0c56f077/element/f.812778354793FCCCD3B60D6A2602043C.d.69AC0EAF24201F5C23F73048AA7A47A3.e.1594/click - {}
RESULT: {}
COMMAND: GET /session/ce0892542fc13e0f9da3069a0c56f077/screenshot - {}
RESULT: {}
COMMAND: POST /session/ce0892542fc13e0f9da3069a0c56f077/execute/async - {"script":"<script> [1562 bytes]","args":[{"selector":{"id":"application-managecatalogs-display-component---masterCatalogItems--searchItemsField","interaction":{"idSuffix":"I"}},"wdio_ui5_key":"applicationmanagecatalogs-display-component---masterCatalogItems--searchItemsField"}]}
RESULT: {"script":"<script> [1562 bytes]","args":[{"selector":{"id":"application-managecatalogs-display-component---masterCatalogItems--searchItemsField","interaction":{"idSuffix":"I"}},"wdio_ui5_key":"applicationmanagecatalogs-display-component---masterCatalogItems--searchItemsField"}]}
RESULT: undefined
COMMAND: POST /session/ce0892542fc13e0f9da3069a0c56f077/execute/async - {"script":"<script> [776 bytes]","args":[{"enterText":"catalogItemNameiz09a","selector":{"id":"application-managecatalogs-display-component---masterCatalogItems--searchItemsField","interaction":{"idSuffix":"I"}},"clearTextFirst":true,"interactionType":"ENTER_TEXT"}]}
RESULT: {"script":"<script> [776 bytes]","args":[{"enterText":"catalogItemNameiz09a","selector":{"id":"application-managecatalogs-display-component---masterCatalogItems--searchItemsField","interaction":{"idSuffix":"I"}},"clearTextFirst":true,"interactionType":"ENTER_TEXT"}]}
COMMAND: POST /session/ce0892542fc13e0f9da3069a0c56f077/actions - {"actions":[{"id":"action5","type":"key","parameters":{},"actions":[{"type":"keyDown","value":""},{"type":"pause","duration":10},{"type":"keyUp","value":""}]}]}
RESULT: {"actions":[{"id":"action5","type":"key","parameters":{},"actions":[{"type":"keyDown","value":""},{"type":"pause","duration":10},{"type":"keyUp","value":""}]}]}
COMMAND: POST /session/ce0892542fc13e0f9da3069a0c56f077/element - {"using":"xpath","value":"(//span[contains(text(), \"catalogItemNameiz09a\")])[1]"}
COMMAND: GET /session/ce0892542fc13e0f9da3069a0c56f077/screenshot - {}
RESULT: {"using":"xpath","value":"(//span[contains(text(), \"catalogItemNameiz09a\")])[1]"}
COMMAND: POST /session/ce0892542fc13e0f9da3069a0c56f077/element/f.812778354793FCCCD3B60D6A2602043C.d.69AC0EAF24201F5C23F73048AA7A47A3.e.1601/click - {}
RESULT: {}
RESULT: {}
COMMAND: GET /session/ce0892542fc13e0f9da3069a0c56f077/screenshot - {}
RESULT: {}
COMMAND: POST /session/ce0892542fc13e0f9da3069a0c56f077/element - {"using":"xpath","value":"//span[contains(text(), \"catalogItempui60i\")]"}
RESULT: {"using":"xpath","value":"//span[contains(text(), \"catalogItempui60i\")]"}
COMMAND: GET /session/ce0892542fc13e0f9da3069a0c56f077/element/f.812778354793FCCCD3B60D6A2602043C.d.69AC0EAF24201F5C23F73048AA7A47A3.e.1654/text - {}
RESULT: {}
RESULT: undefined
COMMAND: POST /session/ce0892542fc13e0f9da3069a0c56f077/element - {"using":"xpath","value":"//*[@id=\"__button33\"]"}
RESULT: {"using":"xpath","value":"//*[@id=\"__button33\"]"}
COMMAND: POST /session/ce0892542fc13e0f9da3069a0c56f077/element/f.812778354793FCCCD3B60D6A2602043C.d.69AC0EAF24201F5C23F73048AA7A47A3.e.1656/click - {}
COMMAND: POST /session/ce0892542fc13e0f9da3069a0c56f077/element - {"using":"xpath","value":"//*[@id=\"__button33\"]"}
RESULT: {"using":"xpath","value":"//*[@id=\"__button33\"]"}
COMMAND: POST /session/ce0892542fc13e0f9da3069a0c56f077/element/f.812778354793FCCCD3B60D6A2602043C.d.69AC0EAF24201F5C23F73048AA7A47A3.e.1656/click - {}
COMMAND: POST /session/ce0892542fc13e0f9da3069a0c56f077/element - {"using":"xpath","value":"//*[@id=\"__button33\"]"}
RESULT: {"using":"xpath","value":"//*[@id=\"__button33\"]"}
COMMAND: POST /session/ce0892542fc13e0f9da3069a0c56f077/element/f.812778354793FCCCD3B60D6A2602043C.d.69AC0EAF24201F5C23F73048AA7A47A3.e.1667/click - {}
RESULT: {}
COMMAND: GET /session/ce0892542fc13e0f9da3069a0c56f077/screenshot - {}
RESULT: {}
COMMAND: POST /session/ce0892542fc13e0f9da3069a0c56f077/execute/async - {"script":"<script> [1562 bytes]","args":[{"selector":{"id":"application-managecatalogs-display-component---detailCatalog--BASE_UNIT_OF_MEASURE-arrow"},"wdio_ui5_key":"applicationmanagecatalogs-display-component---detailCatalog--BASE_UNIT_OF_MEASURE-arrow"}]}
RESULT: {"script":"<script> [1562 bytes]","args":[{"selector":{"id":"application-managecatalogs-display-component---detailCatalog--BASE_UNIT_OF_MEASURE-arrow"},"wdio_ui5_key":"applicationmanagecatalogs-display-component---detailCatalog--BASE_UNIT_OF_MEASURE-arrow"}]}
RESULT: undefined
COMMAND: POST /session/ce0892542fc13e0f9da3069a0c56f077/element - {"using":"xpath","value":"//*[@id=\"application-managecatalogs-display-component---detailCatalog--BASE_UNIT_OF_MEASURE-arrow\"]"}
RESULT: {"using":"xpath","value":"//*[@id=\"application-managecatalogs-display-component---detailCatalog--BASE_UNIT_OF_MEASURE-arrow\"]"}
COMMAND: POST /session/ce0892542fc13e0f9da3069a0c56f077/element/f.812778354793FCCCD3B60D6A2602043C.d.69AC0EAF24201F5C23F73048AA7A47A3.e.1693/click - {}
RESULT: {}
COMMAND: GET /session/ce0892542fc13e0f9da3069a0c56f077/screenshot - {}
RESULT: {}
COMMAND: POST /session/ce0892542fc13e0f9da3069a0c56f077/execute/async - {"script":"<script> [1562 bytes]","args":[{"selector":{"controlType":"sap.m.StandardListItem","viewName":"etm.portal.ui.managecatalogs.view.Detail","viewId":"application-managecatalogs-display-component---detailCatalog","properties":{"title":"Piece"},"searchOpenDialogs":true,"interaction":{"idSuffix":"titleText"}},"wdio_ui5_key":"etmportal.ui.managecatalogs.view.Detailsap.m.StandardListItem{\"title\":\"Piece\"}"}]}
RESULT: {"script":"<script> [1562 bytes]","args":[{"selector":{"controlType":"sap.m.StandardListItem","viewName":"etm.portal.ui.managecatalogs.view.Detail","viewId":"application-managecatalogs-display-component---detailCatalog","properties":{"title":"Piece"},"searchOpenDialogs":true,"interaction":{"idSuffix":"titleText"}},"wdio_ui5_key":"etmportal.ui.managecatalogs.view.Detailsap.m.StandardListItem{\"title\":\"Piece\"}"}]}
RESULT: undefined
COMMAND: POST /session/ce0892542fc13e0f9da3069a0c56f077/element - {"using":"xpath","value":"//*[@id=\"__item227\"]"}
RESULT: {"using":"xpath","value":"//*[@id=\"__item227\"]"}
COMMAND: POST /session/ce0892542fc13e0f9da3069a0c56f077/element/f.812778354793FCCCD3B60D6A2602043C.d.69AC0EAF24201F5C23F73048AA7A47A3.e.1697/click - {}
RESULT: {}
COMMAND: POST /session/ce0892542fc13e0f9da3069a0c56f077/execute/async - {"script":"<script> [1562 bytes]","args":[{"selector":{"controlType":"sap.ui.core.Icon","viewName":"etm.portal.ui.managecatalogs.view.Detail","viewId":"application-managecatalogs-display-component---detailCatalog","properties":{"src":{"regex":{"source":"add"}}},"ancestor":{"controlType":"sap.m.Button","viewName":"etm.portal.ui.managecatalogs.view.Detail","viewId":"application-managecatalogs-display-component---detailCatalog","i18NText":{"propertyName":"tooltip","key":"addClass"}}},"wdio_ui5_key":"etmportal.ui.managecatalogs.view.Detailsap.ui.core.Icon{\"src\":{\"regex\":{\"source\":\"add\"}}}{\"controlType\":\"sap.m.Button\",\"viewName\":\"etm.portal.ui.managecatalogs.view.Detail\",\"viewId\":\"application-managecatalogs-display-component---detailCatalog\",\"i18NText\":{\"propertyName\":\"tooltip\",\"key\":\"addClass\"}}"}]}
COMMAND: GET /session/ce0892542fc13e0f9da3069a0c56f077/screenshot - {}
RESULT: {"script":"<script> [1562 bytes]","args":[{"selector":{"controlType":"sap.ui.core.Icon","viewName":"etm.portal.ui.managecatalogs.view.Detail","viewId":"application-managecatalogs-display-component---detailCatalog","properties":{"src":{"regex":{"source":"add"}}},"ancestor":{"controlType":"sap.m.Button","viewName":"etm.portal.ui.managecatalogs.view.Detail","viewId":"application-managecatalogs-display-component---detailCatalog","i18NText":{"propertyName":"tooltip","key":"addClass"}}},"wdio_ui5_key":"etmportal.ui.managecatalogs.view.Detailsap.ui.core.Icon{\"src\":{\"regex\":{\"source\":\"add\"}}}{\"controlType\":\"sap.m.Button\",\"viewName\":\"etm.portal.ui.managecatalogs.view.Detail\",\"viewId\":\"application-managecatalogs-display-component---detailCatalog\",\"i18NText\":{\"propertyName\":\"tooltip\",\"key\":\"addClass\"}}"}]}
RESULT: undefined
COMMAND: POST /session/ce0892542fc13e0f9da3069a0c56f077/element - {"using":"xpath","value":"//*[@id=\"__button39-img\"]"}
RESULT: {}
RESULT: {"using":"xpath","value":"//*[@id=\"__button39-img\"]"}
COMMAND: POST /session/ce0892542fc13e0f9da3069a0c56f077/element/f.812778354793FCCCD3B60D6A2602043C.d.69AC0EAF24201F5C23F73048AA7A47A3.e.1698/click - {}
RESULT: {}
COMMAND: GET /session/ce0892542fc13e0f9da3069a0c56f077/screenshot - {}
RESULT: {}
COMMAND: POST /session/ce0892542fc13e0f9da3069a0c56f077/element - {"using":"xpath","value":"//input[contains(@id ,\"searchField-I\")]"}
RESULT: {"using":"xpath","value":"//input[contains(@id ,\"searchField-I\")]"}
COMMAND: POST /session/ce0892542fc13e0f9da3069a0c56f077/element/f.812778354793FCCCD3B60D6A2602043C.d.69AC0EAF24201F5C23F73048AA7A47A3.e.1702/value - {"text":"WebdriverYardClass146ox"}
RESULT: {"text":"WebdriverYardClass146ox"}
COMMAND: POST /session/ce0892542fc13e0f9da3069a0c56f077/actions - {"actions":[{"id":"action6","type":"key","parameters":{},"actions":[{"type":"keyDown","value":""},{"type":"pause","duration":10},{"type":"keyUp","value":""}]}]}
COMMAND: GET /session/ce0892542fc13e0f9da3069a0c56f077/screenshot - {}
RESULT: {"actions":[{"id":"action6","type":"key","parameters":{},"actions":[{"type":"keyDown","value":""},{"type":"pause","duration":10},{"type":"keyUp","value":""}]}]}
COMMAND: GET /session/ce0892542fc13e0f9da3069a0c56f077/screenshot - {}
RESULT: {}
RESULT: {}
COMMAND: POST /session/ce0892542fc13e0f9da3069a0c56f077/element - {"using":"xpath","value":"//span[contains(text(), \"WebdriverYardClass146ox\")]"}
RESULT: {"using":"xpath","value":"//span[contains(text(), \"WebdriverYardClass146ox\")]"}
COMMAND: POST /session/ce0892542fc13e0f9da3069a0c56f077/element/f.812778354793FCCCD3B60D6A2602043C.d.69AC0EAF24201F5C23F73048AA7A47A3.e.1738/click - {}
RESULT: {}
COMMAND: GET /session/ce0892542fc13e0f9da3069a0c56f077/screenshot - {}
RESULT: {}
COMMAND: POST /session/ce0892542fc13e0f9da3069a0c56f077/execute/async - {"script":"<script> [1562 bytes]","args":[{"selector":{"controlType":"sap.m.Button","viewName":"etm.portal.ui.managecatalogs.view.Detail","viewId":"application-managecatalogs-display-component---detailCatalog","properties":{"text":"Classification"},"interaction":{"idSuffix":"BDI-content"}},"wdio_ui5_key":"etmportal.ui.managecatalogs.view.Detailsap.m.Button{\"text\":\"Classification\"}"}]}
RESULT: {"script":"<script> [1562 bytes]","args":[{"selector":{"controlType":"sap.m.Button","viewName":"etm.portal.ui.managecatalogs.view.Detail","viewId":"application-managecatalogs-display-component---detailCatalog","properties":{"text":"Classification"},"interaction":{"idSuffix":"BDI-content"}},"wdio_ui5_key":"etmportal.ui.managecatalogs.view.Detailsap.m.Button{\"text\":\"Classification\"}"}]}
RESULT: undefined
COMMAND: POST /session/ce0892542fc13e0f9da3069a0c56f077/element - {"using":"xpath","value":"//*[@id=\"application-managecatalogs-display-component---detailCatalog--ObjectPageLayout-anchBar-__section3-anchor\"]"}
RESULT: {"using":"xpath","value":"//*[@id=\"application-managecatalogs-display-component---detailCatalog--ObjectPageLayout-anchBar-__section3-anchor\"]"}
COMMAND: POST /session/ce0892542fc13e0f9da3069a0c56f077/element/f.812778354793FCCCD3B60D6A2602043C.d.69AC0EAF24201F5C23F73048AA7A47A3.e.1744/click - {}
RESULT: {}
COMMAND: GET /session/ce0892542fc13e0f9da3069a0c56f077/screenshot - {}
RESULT: {}
COMMAND: POST /session/ce0892542fc13e0f9da3069a0c56f077/element - {"using":"xpath","value":"//span[contains(@id ,\"expandButton-img\")]"}
RESULT: {"using":"xpath","value":"//span[contains(@id ,\"expandButton-img\")]"}
COMMAND: POST /session/ce0892542fc13e0f9da3069a0c56f077/element/f.812778354793FCCCD3B60D6A2602043C.d.69AC0EAF24201F5C23F73048AA7A47A3.e.1749/click - {}
RESULT: {}
COMMAND: POST /session/ce0892542fc13e0f9da3069a0c56f077/execute/async - {"script":"<script> [1562 bytes]","args":[{"selector":{"controlType":"sap.m.CheckBox","viewName":"etm.portal.ui.managecatalogs.view.Detail","viewId":"application-managecatalogs-display-component---detailCatalog","bindingPath":{"path":"/data/0/PROPERTIES/0","propertyPath":"SELECTED","modelName":"classModel"},"interaction":{"idSuffix":"CbBg"}},"wdio_ui5_key":"etmportal.ui.managecatalogs.view.Detailsap.m.CheckBox{\"path\":\"/data/0/PROPERTIES/0\",\"propertyPath\":\"SELECTED\",\"modelName\":\"classModel\"}"}]}
COMMAND: GET /session/ce0892542fc13e0f9da3069a0c56f077/screenshot - {}
RESULT: {"script":"<script> [1562 bytes]","args":[{"selector":{"controlType":"sap.m.CheckBox","viewName":"etm.portal.ui.managecatalogs.view.Detail","viewId":"application-managecatalogs-display-component---detailCatalog","bindingPath":{"path":"/data/0/PROPERTIES/0","propertyPath":"SELECTED","modelName":"classModel"},"interaction":{"idSuffix":"CbBg"}},"wdio_ui5_key":"etmportal.ui.managecatalogs.view.Detailsap.m.CheckBox{\"path\":\"/data/0/PROPERTIES/0\",\"propertyPath\":\"SELECTED\",\"modelName\":\"classModel\"}"}]}
RESULT: undefined
COMMAND: POST /session/ce0892542fc13e0f9da3069a0c56f077/element - {"using":"xpath","value":"//*[@id=\"__box32\"]"}
RESULT: {}
RESULT: {"using":"xpath","value":"//*[@id=\"__box32\"]"}
COMMAND: POST /session/ce0892542fc13e0f9da3069a0c56f077/element/f.812778354793FCCCD3B60D6A2602043C.d.69AC0EAF24201F5C23F73048AA7A47A3.e.1764/click - {}
RESULT: {}
RESULT: undefined
COMMAND: POST /session/ce0892542fc13e0f9da3069a0c56f077/execute/async - {"script":"<script> [6424 bytes]","args":[{"element-6066-11e4-a52e-4f735466cecf":"f.812778354793FCCCD3B60D6A2602043C.d.69AC0EAF24201F5C23F73048AA7A47A3.e.1762"},"getSelected",[]]}
COMMAND: GET /session/ce0892542fc13e0f9da3069a0c56f077/screenshot - {}
RESULT: {"script":"<script> [6424 bytes]","args":[{"element-6066-11e4-a52e-4f735466cecf":"f.812778354793FCCCD3B60D6A2602043C.d.69AC0EAF24201F5C23F73048AA7A47A3.e.1762"},"getSelected",[]]}
COMMAND: POST /session/ce0892542fc13e0f9da3069a0c56f077/execute/async - {"script":"<script> [1562 bytes]","args":[{"selector":{"controlType":"sap.m.Button","viewName":"etm.portal.ui.managecatalogs.view.Detail","viewId":"application-managecatalogs-display-component---detailCatalog","i18NText":{"propertyName":"text","key":"save"},"interaction":{"idSuffix":"BDI-content"}},"wdio_ui5_key":"etmportal.ui.managecatalogs.view.Detailsap.m.Button{\"propertyName\":\"text\",\"key\":\"save\"}"}]}
RESULT: {}
RESULT: {"script":"<script> [1562 bytes]","args":[{"selector":{"controlType":"sap.m.Button","viewName":"etm.portal.ui.managecatalogs.view.Detail","viewId":"application-managecatalogs-display-component---detailCatalog","i18NText":{"propertyName":"text","key":"save"},"interaction":{"idSuffix":"BDI-content"}},"wdio_ui5_key":"etmportal.ui.managecatalogs.view.Detailsap.m.Button{\"propertyName\":\"text\",\"key\":\"save\"}"}]}
RESULT: undefined
COMMAND: POST /session/ce0892542fc13e0f9da3069a0c56f077/element - {"using":"xpath","value":"//*[@id=\"__button51\"]"}
RESULT: {"using":"xpath","value":"//*[@id=\"__button51\"]"}
COMMAND: POST /session/ce0892542fc13e0f9da3069a0c56f077/element/f.812778354793FCCCD3B60D6A2602043C.d.69AC0EAF24201F5C23F73048AA7A47A3.e.1669/click - {}
RESULT: {}
COMMAND: GET /session/ce0892542fc13e0f9da3069a0c56f077/screenshot - {}
RESULT: {}
COMMAND: POST /session/ce0892542fc13e0f9da3069a0c56f077/element - {"using":"css selector","value":"#shell-header-logo"}
RESULT: {"using":"css selector","value":"#shell-header-logo"}
COMMAND: POST /session/ce0892542fc13e0f9da3069a0c56f077/element/f.812778354793FCCCD3B60D6A2602043C.d.69AC0EAF24201F5C23F73048AA7A47A3.e.1409/click - {}
RESULT: {}
COMMAND: GET /session/ce0892542fc13e0f9da3069a0c56f077/screenshot - {}
RESULT: {}
]]></system-out>
    </testcase>
    <testcase classname="chrome.136_0_7103_93.windows.Manage_catalogs_-_yard_assignment_classification_US138930" name="Should verify if the catalog item is visible after selecting the yard" time="75.326">
      <system-out><![CDATA[
COMMAND: POST /session/ce0892542fc13e0f9da3069a0c56f077/execute/async - {"script":"<script> [1562 bytes]","args":[{"selector":{"controlType":"sap.m.Text","properties":{"text":"Webshop"},"interaction":{"idSuffix":"inner"}},"wdio_ui5_key":"sapm.Text{\"text\":\"Webshop\"}"}]}
RESULT: {"script":"<script> [1562 bytes]","args":[{"selector":{"controlType":"sap.m.Text","properties":{"text":"Webshop"},"interaction":{"idSuffix":"inner"}},"wdio_ui5_key":"sapm.Text{\"text\":\"Webshop\"}"}]}
RESULT: undefined
COMMAND: POST /session/ce0892542fc13e0f9da3069a0c56f077/element - {"using":"xpath","value":"//*[@id=\"__tile49-title\"]"}
RESULT: {"using":"xpath","value":"//*[@id=\"__tile49-title\"]"}
COMMAND: POST /session/ce0892542fc13e0f9da3069a0c56f077/element/f.812778354793FCCCD3B60D6A2602043C.d.69AC0EAF24201F5C23F73048AA7A47A3.e.1785/click - {}
RESULT: {}
COMMAND: GET /session/ce0892542fc13e0f9da3069a0c56f077/screenshot - {}
RESULT: {}
COMMAND: POST /session/ce0892542fc13e0f9da3069a0c56f077/element - {"using":"css selector","value":"#requestCreationDialog--createRequestPopUp-title-inner"}
RESULT: {"using":"css selector","value":"#requestCreationDialog--createRequestPopUp-title-inner"}
COMMAND: POST /session/ce0892542fc13e0f9da3069a0c56f077/execute/sync - {"script":"<script> [8489 bytes]","args":[{"element-6066-11e4-a52e-4f735466cecf":"f.812778354793FCCCD3B60D6A2602043C.d.69AC0EAF24201F5C23F73048AA7A47A3.e.1815","ELEMENT":"f.812778354793FCCCD3B60D6A2602043C.d.69AC0EAF24201F5C23F73048AA7A47A3.e.1815"}]}
RESULT: {"script":"<script> [8489 bytes]","args":[{"element-6066-11e4-a52e-4f735466cecf":"f.812778354793FCCCD3B60D6A2602043C.d.69AC0EAF24201F5C23F73048AA7A47A3.e.1815","ELEMENT":"f.812778354793FCCCD3B60D6A2602043C.d.69AC0EAF24201F5C23F73048AA7A47A3.e.1815"}]}
COMMAND: GET /session/ce0892542fc13e0f9da3069a0c56f077/element/f.812778354793FCCCD3B60D6A2602043C.d.69AC0EAF24201F5C23F73048AA7A47A3.e.1815/enabled - {}
COMMAND: GET /session/ce0892542fc13e0f9da3069a0c56f077/screenshot - {}
RESULT: {}
COMMAND: POST /session/ce0892542fc13e0f9da3069a0c56f077/elements - {"using":"css selector","value":"#requestCreationDialog--createRequestPopUp-title-inner"}
COMMAND: GET /session/ce0892542fc13e0f9da3069a0c56f077/screenshot - {}
RESULT: {}
RESULT: {"using":"css selector","value":"#requestCreationDialog--createRequestPopUp-title-inner"}
COMMAND: POST /session/ce0892542fc13e0f9da3069a0c56f077/execute/async - {"script":"<script> [1562 bytes]","args":[{"selector":{"id":"requestCreationDialog--requestName","searchOpenDialogs":true,"interaction":{"idSuffix":"inner"}},"wdio_ui5_key":"requestCreationDialogrequestName"}]}
RESULT: {}
RESULT: {"script":"<script> [1562 bytes]","args":[{"selector":{"id":"requestCreationDialog--requestName","searchOpenDialogs":true,"interaction":{"idSuffix":"inner"}},"wdio_ui5_key":"requestCreationDialogrequestName"}]}
RESULT: undefined
COMMAND: POST /session/ce0892542fc13e0f9da3069a0c56f077/execute/async - {"script":"<script> [776 bytes]","args":[{"enterText":"WebdriverTest","selector":{"id":"requestCreationDialog--requestName","searchOpenDialogs":true,"interaction":{"idSuffix":"inner"}},"clearTextFirst":true,"interactionType":"ENTER_TEXT"}]}
RESULT: {"script":"<script> [776 bytes]","args":[{"enterText":"WebdriverTest","selector":{"id":"requestCreationDialog--requestName","searchOpenDialogs":true,"interaction":{"idSuffix":"inner"}},"clearTextFirst":true,"interactionType":"ENTER_TEXT"}]}
COMMAND: POST /session/ce0892542fc13e0f9da3069a0c56f077/element - {"using":"xpath","value":"//input[contains(@id ,\"requestCreationDialog--yardId-inner\")]"}
RESULT: {"using":"xpath","value":"//input[contains(@id ,\"requestCreationDialog--yardId-inner\")]"}
COMMAND: POST /session/ce0892542fc13e0f9da3069a0c56f077/element/f.812778354793FCCCD3B60D6A2602043C.d.69AC0EAF24201F5C23F73048AA7A47A3.e.1803/clear - {}
RESULT: {}
COMMAND: POST /session/ce0892542fc13e0f9da3069a0c56f077/element/f.812778354793FCCCD3B60D6A2602043C.d.69AC0EAF24201F5C23F73048AA7A47A3.e.1803/value - {"text":"101"}
COMMAND: GET /session/ce0892542fc13e0f9da3069a0c56f077/screenshot - {}
RESULT: {"text":"101"}
COMMAND: GET /session/ce0892542fc13e0f9da3069a0c56f077/screenshot - {}
RESULT: {}
RESULT: {}
COMMAND: POST /session/ce0892542fc13e0f9da3069a0c56f077/execute/async - {"script":"<script> [1562 bytes]","args":[{"selector":{"id":"requestCreationDialog--okButton","searchOpenDialogs":true,"interaction":{"idSuffix":"BDI-content"}},"wdio_ui5_key":"requestCreationDialogokButton"}]}
RESULT: {"script":"<script> [1562 bytes]","args":[{"selector":{"id":"requestCreationDialog--okButton","searchOpenDialogs":true,"interaction":{"idSuffix":"BDI-content"}},"wdio_ui5_key":"requestCreationDialogokButton"}]}
RESULT: undefined
COMMAND: POST /session/ce0892542fc13e0f9da3069a0c56f077/element - {"using":"xpath","value":"//*[@id=\"requestCreationDialog--okButton\"]"}
RESULT: {"using":"xpath","value":"//*[@id=\"requestCreationDialog--okButton\"]"}
COMMAND: POST /session/ce0892542fc13e0f9da3069a0c56f077/element/f.812778354793FCCCD3B60D6A2602043C.d.69AC0EAF24201F5C23F73048AA7A47A3.e.1822/click - {}
RESULT: {}
COMMAND: GET /session/ce0892542fc13e0f9da3069a0c56f077/screenshot - {}
RESULT: {}
COMMAND: POST /session/ce0892542fc13e0f9da3069a0c56f077/element - {"using":"xpath","value":"//input[contains(@id ,\"searchFiledId-I\")]"}
RESULT: {"using":"xpath","value":"//input[contains(@id ,\"searchFiledId-I\")]"}
COMMAND: POST /session/ce0892542fc13e0f9da3069a0c56f077/element/f.812778354793FCCCD3B60D6A2602043C.d.69AC0EAF24201F5C23F73048AA7A47A3.e.1791/value - {"text":"catalogItempui60i"}
RESULT: {"text":"catalogItempui60i"}
COMMAND: POST /session/ce0892542fc13e0f9da3069a0c56f077/actions - {"actions":[{"id":"action7","type":"key","parameters":{},"actions":[{"type":"keyDown","value":""},{"type":"pause","duration":10},{"type":"keyUp","value":""}]}]}
COMMAND: GET /session/ce0892542fc13e0f9da3069a0c56f077/screenshot - {}
RESULT: {"actions":[{"id":"action7","type":"key","parameters":{},"actions":[{"type":"keyDown","value":""},{"type":"pause","duration":10},{"type":"keyUp","value":""}]}]}
COMMAND: GET /session/ce0892542fc13e0f9da3069a0c56f077/screenshot - {}
RESULT: {}
RESULT: {}
COMMAND: POST /session/ce0892542fc13e0f9da3069a0c56f077/element - {"using":"xpath","value":"//span[contains(@id ,\"subTitle\")][contains(text(), \"catalogItempui60i\")]"}
RESULT: {"using":"xpath","value":"//span[contains(@id ,\"subTitle\")][contains(text(), \"catalogItempui60i\")]"}
COMMAND: POST /session/ce0892542fc13e0f9da3069a0c56f077/element - {"using":"xpath","value":"//span[contains(@id ,\"subTitle\")][contains(text(), \"catalogItempui60i\")]"}
RESULT: {"using":"xpath","value":"//span[contains(@id ,\"subTitle\")][contains(text(), \"catalogItempui60i\")]"}
COMMAND: POST /session/ce0892542fc13e0f9da3069a0c56f077/execute/async - {"script":"<script> [1562 bytes]","args":[{"selector":{"controlType":"sap.tnt.NavigationListItem","viewName":"etm.portal.ui.webshop.view.Homepage","i18NText":{"propertyName":"text","key":"exit"},"interaction":{"idSuffix":"a"}},"wdio_ui5_key":"etmportal.ui.webshop.view.Homepagesap.tnt.NavigationListItem{\"propertyName\":\"text\",\"key\":\"exit\"}"}]}
RESULT: {"script":"<script> [1562 bytes]","args":[{"selector":{"controlType":"sap.tnt.NavigationListItem","viewName":"etm.portal.ui.webshop.view.Homepage","i18NText":{"propertyName":"text","key":"exit"},"interaction":{"idSuffix":"a"}},"wdio_ui5_key":"etmportal.ui.webshop.view.Homepagesap.tnt.NavigationListItem{\"propertyName\":\"text\",\"key\":\"exit\"}"}]}
RESULT: undefined
COMMAND: POST /session/ce0892542fc13e0f9da3069a0c56f077/element - {"using":"xpath","value":"//*[@id=\"__item285\"]"}
RESULT: {"using":"xpath","value":"//*[@id=\"__item285\"]"}
COMMAND: POST /session/ce0892542fc13e0f9da3069a0c56f077/element/f.812778354793FCCCD3B60D6A2602043C.d.69AC0EAF24201F5C23F73048AA7A47A3.e.1828/click - {}
RESULT: {}
]]></system-out>
    </testcase>
  </testsuite>
  <testsuite timestamp="2025-05-22T15:54:33" time="260.594" tests="1" failures="0" errors="0" skipped="0">
    <properties>
      <property name="specId" value="0"/>
      <property name="suiteName" value="Catalogs section"/>
      <property name="capabilities" value="chrome.136_0_7103_93.windows"/>
      <property name="file" value="file:///D:/a/1/s/test/specs/R2C/manage-catalogs-values-section.spec.js"/>
    </properties>
    <testcase classname="chrome.136_0_7103_93.windows.Catalogs_section" name="Should add values to a catalog item" time="260.59">
      <system-out><![CDATA[
COMMAND: POST /session/ce0892542fc13e0f9da3069a0c56f077/element - {"using":"xpath","value":"//span[contains(@id ,\"requestCreationDialog--createRequestPopUp-title-inner\")]"}
COMMAND: GET /session/ce0892542fc13e0f9da3069a0c56f077/screenshot - {}
RESULT: {"using":"xpath","value":"//span[contains(@id ,\"requestCreationDialog--createRequestPopUp-title-inner\")]"}
COMMAND: POST /session/ce0892542fc13e0f9da3069a0c56f077/elements - {"using":"xpath","value":"//span[contains(@id ,\"requestCreationDialog--createRequestPopUp-title-inner\")]"}
RESULT: {}
RESULT: {"using":"xpath","value":"//span[contains(@id ,\"requestCreationDialog--createRequestPopUp-title-inner\")]"}
COMMAND: POST /session/ce0892542fc13e0f9da3069a0c56f077/execute/async - {"script":"<script> [1562 bytes]","args":[{"selector":{"controlType":"sap.m.GenericTile","properties":{"header":"Manage Catalogs"}},"wdio_ui5_key":"sapm.GenericTile{\"header\":\"Manage Catalogs\"}"}]}
RESULT: {"script":"<script> [1562 bytes]","args":[{"selector":{"controlType":"sap.m.GenericTile","properties":{"header":"Manage Catalogs"}},"wdio_ui5_key":"sapm.GenericTile{\"header\":\"Manage Catalogs\"}"}]}
RESULT: undefined
COMMAND: POST /session/ce0892542fc13e0f9da3069a0c56f077/element - {"using":"xpath","value":"//*[@id=\"__tile37\"]"}
RESULT: {"using":"xpath","value":"//*[@id=\"__tile37\"]"}
COMMAND: POST /session/ce0892542fc13e0f9da3069a0c56f077/element/f.812778354793FCCCD3B60D6A2602043C.d.69AC0EAF24201F5C23F73048AA7A47A3.e.1833/click - {}
RESULT: {}
COMMAND: GET /session/ce0892542fc13e0f9da3069a0c56f077/screenshot - {}
RESULT: {}
COMMAND: POST /session/ce0892542fc13e0f9da3069a0c56f077/elements - {"using":"xpath","value":"//span[text()='Error']"}
RESULT: {"using":"xpath","value":"//span[text()='Error']"}
COMMAND: POST /session/ce0892542fc13e0f9da3069a0c56f077/refresh - {}
RESULT: {}
COMMAND: GET /session/ce0892542fc13e0f9da3069a0c56f077/screenshot - {}
RESULT: {}
COMMAND: POST /session/ce0892542fc13e0f9da3069a0c56f077/execute/async - {"script":"<script> [189 bytes]","args":[]}
RESULT: {"script":"<script> [189 bytes]","args":[]}
COMMAND: POST /session/ce0892542fc13e0f9da3069a0c56f077/execute/async - {"script":"<script> [123 bytes]","args":[]}
RESULT: {"script":"<script> [123 bytes]","args":[]}
COMMAND: POST /session/ce0892542fc13e0f9da3069a0c56f077/timeouts - {"script":"<number>"}
RESULT: {"script":"<number>"}
COMMAND: GET /session/ce0892542fc13e0f9da3069a0c56f077/timeouts - {}
RESULT: {}
RESULT: undefined
COMMAND: POST /session/ce0892542fc13e0f9da3069a0c56f077/execute/async - {"script":"<script> [2676 bytes]","args":[]}
RESULT: {"script":"<script> [2676 bytes]","args":[]}
COMMAND: POST /session/ce0892542fc13e0f9da3069a0c56f077/execute/async - {"script":"<script> [2342 bytes]","args":[{"protocol":"http","hostname":"0.0.0.0","path":"/","capabilities":{"browserName":"chrome","goog:chromeOptions":{"binary":"C:\\Program Files\\Google\\Chrome\\Application\\chrome.exe","args":["--start-maximized"]}},"logLevel":"warn","connectionRetryTimeout":120000,"connectionRetryCount":3,"logLevels":{},"enableDirectConnect":true,"strictSSL":true,"_":"65 more keys: [\"cacheDir\",\"port\",\"requestedCapabilities\",\"automationProtocol\",\"baseUrl\",\"waitforInterval\",\"waitforTimeout\",\"onReload\",\"beforeCommand\",\"afterCommand\",\"rootDir\",\"specs\",\"suites\",\"exclude\",\"groupLogsByTestSpec\",\"excludeDriverLogs\",\"bail\",\"framework\",\"reporters\",\"services\",\"maxInstances\",\"maxInstancesPerCapability\",\"injectGlobals\",\"filesToWatch\",\"execArgv\",\"runnerEnv\",\"runner\",\"shard\",\"specFileRetries\",\"specFileRetriesDelay\",\"specFileRetriesDeferred\",\"reporterSyncInterval\",\"reporterSyncTimeout\",\"cucumberFeaturesWithLineNumbers\",\"autoCompileOpts\",\"mochaOpts\",\"jasmineOpts\",\"cucumberOpts\",\"onPrepare\",\"onWorkerStart\",\"onWorkerEnd\",\"before\",\"beforeSession\",\"beforeSuite\",\"beforeHook\",\"beforeTest\",\"afterTest\",\"afterHook\",\"afterSuite\",\"afterSession\",\"after\",\"onComplete\",\"beforeAssertion\",\"afterAssertion\",\"beforeFeature\",\"beforeScenario\",\"beforeStep\",\"afterStep\",\"afterScenario\",\"afterFeature\",\"_\",\"suite\",\"$0\",\"ignoredWorkerServices\",\"wdi5\"]"}]}
RESULT: {"script":"<script> [2342 bytes]","args":[{"protocol":"http","hostname":"0.0.0.0","path":"/","capabilities":{"browserName":"chrome","goog:chromeOptions":{"binary":"C:\\Program Files\\Google\\Chrome\\Application\\chrome.exe","args":["--start-maximized"]}},"logLevel":"warn","connectionRetryTimeout":120000,"connectionRetryCount":3,"logLevels":{},"enableDirectConnect":true,"strictSSL":true,"_":"65 more keys: [\"cacheDir\",\"port\",\"requestedCapabilities\",\"automationProtocol\",\"baseUrl\",\"waitforInterval\",\"waitforTimeout\",\"onReload\",\"beforeCommand\",\"afterCommand\",\"rootDir\",\"specs\",\"suites\",\"exclude\",\"groupLogsByTestSpec\",\"excludeDriverLogs\",\"bail\",\"framework\",\"reporters\",\"services\",\"maxInstances\",\"maxInstancesPerCapability\",\"injectGlobals\",\"filesToWatch\",\"execArgv\",\"runnerEnv\",\"runner\",\"shard\",\"specFileRetries\",\"specFileRetriesDelay\",\"specFileRetriesDeferred\",\"reporterSyncInterval\",\"reporterSyncTimeout\",\"cucumberFeaturesWithLineNumbers\",\"autoCompileOpts\",\"mochaOpts\",\"jasmineOpts\",\"cucumberOpts\",\"onPrepare\",\"onWorkerStart\",\"onWorkerEnd\",\"before\",\"beforeSession\",\"beforeSuite\",\"beforeHook\",\"beforeTest\",\"afterTest\",\"afterHook\",\"afterSuite\",\"afterSession\",\"after\",\"onComplete\",\"beforeAssertion\",\"afterAssertion\",\"beforeFeature\",\"beforeScenario\",\"beforeStep\",\"afterStep\",\"afterScenario\",\"afterFeature\",\"_\",\"suite\",\"$0\",\"ignoredWorkerServices\",\"wdi5\"]"}]}
COMMAND: POST /session/ce0892542fc13e0f9da3069a0c56f077/execute/async - {"script":"<script> [21126 bytes]","args":[35000]}
RESULT: {"script":"<script> [21126 bytes]","args":[35000]}
COMMAND: POST /session/ce0892542fc13e0f9da3069a0c56f077/element - {"using":"xpath","value":"//span[contains(text(), \"Webshop Catalog\")][contains(@id ,\"masterCatalogs\")]"}
RESULT: {"using":"xpath","value":"//span[contains(text(), \"Webshop Catalog\")][contains(@id ,\"masterCatalogs\")]"}
COMMAND: POST /session/ce0892542fc13e0f9da3069a0c56f077/element/f.812778354793FCCCD3B60D6A2602043C.d.93C50FE4F07543D6B430A5277BD1BBA7.e.1935/click - {}
RESULT: {}
COMMAND: GET /session/ce0892542fc13e0f9da3069a0c56f077/screenshot - {}
RESULT: {}
COMMAND: POST /session/ce0892542fc13e0f9da3069a0c56f077/element - {"using":"xpath","value":"//input[contains(@id ,\"application-managecatalogs-display-component---masterCatalogItems--searchItemsField-I\")]"}
RESULT: {"using":"xpath","value":"//input[contains(@id ,\"application-managecatalogs-display-component---masterCatalogItems--searchItemsField-I\")]"}
COMMAND: POST /session/ce0892542fc13e0f9da3069a0c56f077/element/f.812778354793FCCCD3B60D6A2602043C.d.93C50FE4F07543D6B430A5277BD1BBA7.e.1944/value - {"text":"SecondSection4wuu9h"}
RESULT: {"text":"SecondSection4wuu9h"}
COMMAND: POST /session/ce0892542fc13e0f9da3069a0c56f077/actions - {"actions":[{"id":"action8","type":"key","parameters":{},"actions":[{"type":"keyDown","value":""},{"type":"pause","duration":10},{"type":"keyUp","value":""}]}]}
COMMAND: GET /session/ce0892542fc13e0f9da3069a0c56f077/screenshot - {}
RESULT: {"actions":[{"id":"action8","type":"key","parameters":{},"actions":[{"type":"keyDown","value":""},{"type":"pause","duration":10},{"type":"keyUp","value":""}]}]}
COMMAND: GET /session/ce0892542fc13e0f9da3069a0c56f077/screenshot - {}
RESULT: {}
RESULT: {}
COMMAND: POST /session/ce0892542fc13e0f9da3069a0c56f077/element - {"using":"xpath","value":"(//span[contains(text(), \"SecondSection4wuu9h\")])[1]"}
RESULT: {"using":"xpath","value":"(//span[contains(text(), \"SecondSection4wuu9h\")])[1]"}
COMMAND: POST /session/ce0892542fc13e0f9da3069a0c56f077/element/f.812778354793FCCCD3B60D6A2602043C.d.93C50FE4F07543D6B430A5277BD1BBA7.e.1972/click - {}
RESULT: {}
COMMAND: POST /session/ce0892542fc13e0f9da3069a0c56f077/execute/async - {"script":"<script> [1562 bytes]","args":[{"selector":{"controlType":"sap.m.Button","viewName":"etm.portal.ui.managecatalogs.view.Detail","viewId":"application-managecatalogs-display-component---detailCatalog","i18NText":{"propertyName":"text","key":"edit"},"interaction":{"idSuffix":"BDI-content"}},"wdio_ui5_key":"etmportal.ui.managecatalogs.view.Detailsap.m.Button{\"propertyName\":\"text\",\"key\":\"edit\"}"}]}
COMMAND: GET /session/ce0892542fc13e0f9da3069a0c56f077/screenshot - {}
RESULT: {"script":"<script> [1562 bytes]","args":[{"selector":{"controlType":"sap.m.Button","viewName":"etm.portal.ui.managecatalogs.view.Detail","viewId":"application-managecatalogs-display-component---detailCatalog","i18NText":{"propertyName":"text","key":"edit"},"interaction":{"idSuffix":"BDI-content"}},"wdio_ui5_key":"etmportal.ui.managecatalogs.view.Detailsap.m.Button{\"propertyName\":\"text\",\"key\":\"edit\"}"}]}
RESULT: undefined
COMMAND: POST /session/ce0892542fc13e0f9da3069a0c56f077/element - {"using":"xpath","value":"//*[@id=\"__button33\"]"}
RESULT: {}
RESULT: {"using":"xpath","value":"//*[@id=\"__button33\"]"}
COMMAND: POST /session/ce0892542fc13e0f9da3069a0c56f077/element/f.812778354793FCCCD3B60D6A2602043C.d.93C50FE4F07543D6B430A5277BD1BBA7.e.2039/click - {}
RESULT: {}
COMMAND: POST /session/ce0892542fc13e0f9da3069a0c56f077/execute/async - {"script":"<script> [1562 bytes]","args":[{"selector":{"controlType":"sap.ui.core.Icon","viewName":"etm.portal.ui.managecatalogs.view.Detail","viewId":"application-managecatalogs-display-component---detailCatalog","properties":{"src":{"regex":{"source":"add\\-document"}}}},"wdio_ui5_key":"etmportal.ui.managecatalogs.view.Detailsap.ui.core.Icon{\"src\":{\"regex\":{\"source\":\"add\\\\-document\"}}}"}]}
COMMAND: GET /session/ce0892542fc13e0f9da3069a0c56f077/screenshot - {}
RESULT: {"script":"<script> [1562 bytes]","args":[{"selector":{"controlType":"sap.ui.core.Icon","viewName":"etm.portal.ui.managecatalogs.view.Detail","viewId":"application-managecatalogs-display-component---detailCatalog","properties":{"src":{"regex":{"source":"add\\-document"}}}},"wdio_ui5_key":"etmportal.ui.managecatalogs.view.Detailsap.ui.core.Icon{\"src\":{\"regex\":{\"source\":\"add\\\\-document\"}}}"}]}
RESULT: undefined
COMMAND: POST /session/ce0892542fc13e0f9da3069a0c56f077/element - {"using":"xpath","value":"//*[@id=\"__button42-img\"]"}
RESULT: {}
RESULT: {"using":"xpath","value":"//*[@id=\"__button42-img\"]"}
COMMAND: POST /session/ce0892542fc13e0f9da3069a0c56f077/element/f.812778354793FCCCD3B60D6A2602043C.d.93C50FE4F07543D6B430A5277BD1BBA7.e.2043/click - {}
RESULT: {}
COMMAND: POST /session/ce0892542fc13e0f9da3069a0c56f077/execute/async - {"script":"<script> [1562 bytes]","args":[{"selector":{"id":"application-managecatalogs-display-component---detailCatalog--newItemNumberInput","searchOpenDialogs":true,"interaction":{"idSuffix":"inner"}},"wdio_ui5_key":"applicationmanagecatalogs-display-component---detailCatalog--newItemNumberInput"}]}
COMMAND: GET /session/ce0892542fc13e0f9da3069a0c56f077/screenshot - {}
RESULT: {"script":"<script> [1562 bytes]","args":[{"selector":{"id":"application-managecatalogs-display-component---detailCatalog--newItemNumberInput","searchOpenDialogs":true,"interaction":{"idSuffix":"inner"}},"wdio_ui5_key":"applicationmanagecatalogs-display-component---detailCatalog--newItemNumberInput"}]}
RESULT: undefined
COMMAND: POST /session/ce0892542fc13e0f9da3069a0c56f077/execute/async - {"script":"<script> [776 bytes]","args":[{"enterText":"catalogItemhs7ami","selector":{"id":"application-managecatalogs-display-component---detailCatalog--newItemNumberInput","searchOpenDialogs":true,"interaction":{"idSuffix":"inner"}},"clearTextFirst":true,"interactionType":"ENTER_TEXT"}]}
RESULT: {}
RESULT: {"script":"<script> [776 bytes]","args":[{"enterText":"catalogItemhs7ami","selector":{"id":"application-managecatalogs-display-component---detailCatalog--newItemNumberInput","searchOpenDialogs":true,"interaction":{"idSuffix":"inner"}},"clearTextFirst":true,"interactionType":"ENTER_TEXT"}]}
COMMAND: POST /session/ce0892542fc13e0f9da3069a0c56f077/execute/async - {"script":"<script> [1562 bytes]","args":[{"selector":{"controlType":"sap.m.Input","viewName":"etm.portal.ui.managecatalogs.view.Detail","viewId":"application-managecatalogs-display-component---detailCatalog","bindingPath":{"path":"","propertyPath":"/DESCRIPTION"},"searchOpenDialogs":true,"interaction":{"idSuffix":"inner"}},"wdio_ui5_key":"etmportal.ui.managecatalogs.view.Detailsap.m.Input{\"path\":\"\",\"propertyPath\":\"/DESCRIPTION\"}"}]}
RESULT: {"script":"<script> [1562 bytes]","args":[{"selector":{"controlType":"sap.m.Input","viewName":"etm.portal.ui.managecatalogs.view.Detail","viewId":"application-managecatalogs-display-component---detailCatalog","bindingPath":{"path":"","propertyPath":"/DESCRIPTION"},"searchOpenDialogs":true,"interaction":{"idSuffix":"inner"}},"wdio_ui5_key":"etmportal.ui.managecatalogs.view.Detailsap.m.Input{\"path\":\"\",\"propertyPath\":\"/DESCRIPTION\"}"}]}
RESULT: undefined
COMMAND: POST /session/ce0892542fc13e0f9da3069a0c56f077/execute/async - {"script":"<script> [776 bytes]","args":[{"enterText":"catalogItemNameh8pj2i","selector":{"controlType":"sap.m.Input","viewName":"etm.portal.ui.managecatalogs.view.Detail","viewId":"application-managecatalogs-display-component---detailCatalog","bindingPath":{"path":"","propertyPath":"/DESCRIPTION"},"searchOpenDialogs":true,"interaction":{"idSuffix":"inner"}},"clearTextFirst":true,"interactionType":"ENTER_TEXT"}]}
RESULT: {"script":"<script> [776 bytes]","args":[{"enterText":"catalogItemNameh8pj2i","selector":{"controlType":"sap.m.Input","viewName":"etm.portal.ui.managecatalogs.view.Detail","viewId":"application-managecatalogs-display-component---detailCatalog","bindingPath":{"path":"","propertyPath":"/DESCRIPTION"},"searchOpenDialogs":true,"interaction":{"idSuffix":"inner"}},"clearTextFirst":true,"interactionType":"ENTER_TEXT"}]}
COMMAND: POST /session/ce0892542fc13e0f9da3069a0c56f077/execute/async - {"script":"<script> [1562 bytes]","args":[{"selector":{"controlType":"sap.m.Button","viewName":"etm.portal.ui.managecatalogs.view.Detail","viewId":"application-managecatalogs-display-component---detailCatalog","i18NText":{"propertyName":"text","key":"create"},"searchOpenDialogs":true,"interaction":{"idSuffix":"BDI-content"}},"wdio_ui5_key":"etmportal.ui.managecatalogs.view.Detailsap.m.Button{\"propertyName\":\"text\",\"key\":\"create\"}"}]}
RESULT: {"script":"<script> [1562 bytes]","args":[{"selector":{"controlType":"sap.m.Button","viewName":"etm.portal.ui.managecatalogs.view.Detail","viewId":"application-managecatalogs-display-component---detailCatalog","i18NText":{"propertyName":"text","key":"create"},"searchOpenDialogs":true,"interaction":{"idSuffix":"BDI-content"}},"wdio_ui5_key":"etmportal.ui.managecatalogs.view.Detailsap.m.Button{\"propertyName\":\"text\",\"key\":\"create\"}"}]}
RESULT: undefined
COMMAND: POST /session/ce0892542fc13e0f9da3069a0c56f077/element - {"using":"xpath","value":"//*[@id=\"__button17\"]"}
RESULT: {"using":"xpath","value":"//*[@id=\"__button17\"]"}
COMMAND: POST /session/ce0892542fc13e0f9da3069a0c56f077/element/f.812778354793FCCCD3B60D6A2602043C.d.93C50FE4F07543D6B430A5277BD1BBA7.e.2054/click - {}
RESULT: {}
COMMAND: GET /session/ce0892542fc13e0f9da3069a0c56f077/screenshot - {}
RESULT: {}
COMMAND: POST /session/ce0892542fc13e0f9da3069a0c56f077/element - {"using":"xpath","value":"//button[@title=\"Save\"]"}
RESULT: {"using":"xpath","value":"//button[@title=\"Save\"]"}
COMMAND: POST /session/ce0892542fc13e0f9da3069a0c56f077/element/f.812778354793FCCCD3B60D6A2602043C.d.93C50FE4F07543D6B430A5277BD1BBA7.e.2055/click - {}
RESULT: {}
COMMAND: GET /session/ce0892542fc13e0f9da3069a0c56f077/screenshot - {}
RESULT: {}
COMMAND: POST /session/ce0892542fc13e0f9da3069a0c56f077/execute/async - {"script":"<script> [1562 bytes]","args":[{"selector":{"controlType":"sap.ui.core.Icon","viewName":"etm.portal.ui.managecatalogs.view.Detail","viewId":"application-managecatalogs-display-component---detailCatalog","properties":{"src":{"regex":{"source":"decline"}}}},"wdio_ui5_key":"etmportal.ui.managecatalogs.view.Detailsap.ui.core.Icon{\"src\":{\"regex\":{\"source\":\"decline\"}}}"}]}
RESULT: {"script":"<script> [1562 bytes]","args":[{"selector":{"controlType":"sap.ui.core.Icon","viewName":"etm.portal.ui.managecatalogs.view.Detail","viewId":"application-managecatalogs-display-component---detailCatalog","properties":{"src":{"regex":{"source":"decline"}}}},"wdio_ui5_key":"etmportal.ui.managecatalogs.view.Detailsap.ui.core.Icon{\"src\":{\"regex\":{\"source\":\"decline\"}}}"}]}
RESULT: undefined
COMMAND: POST /session/ce0892542fc13e0f9da3069a0c56f077/element - {"using":"xpath","value":"//*[@id=\"__button36-img\"]"}
RESULT: {"using":"xpath","value":"//*[@id=\"__button36-img\"]"}
COMMAND: POST /session/ce0892542fc13e0f9da3069a0c56f077/element/f.812778354793FCCCD3B60D6A2602043C.d.93C50FE4F07543D6B430A5277BD1BBA7.e.2060/click - {}
RESULT: {}
COMMAND: GET /session/ce0892542fc13e0f9da3069a0c56f077/screenshot - {}
RESULT: {}
COMMAND: POST /session/ce0892542fc13e0f9da3069a0c56f077/execute/async - {"script":"<script> [1562 bytes]","args":[{"selector":{"controlType":"sap.ui.core.Icon","viewName":"etm.portal.ui.managecatalogs.view.MasterItems","viewId":"application-managecatalogs-display-component---masterCatalogItems","properties":{"src":{"regex":{"source":"refresh"}}}},"wdio_ui5_key":"etmportal.ui.managecatalogs.view.MasterItemssap.ui.core.Icon{\"src\":{\"regex\":{\"source\":\"refresh\"}}}"}]}
RESULT: {"script":"<script> [1562 bytes]","args":[{"selector":{"controlType":"sap.ui.core.Icon","viewName":"etm.portal.ui.managecatalogs.view.MasterItems","viewId":"application-managecatalogs-display-component---masterCatalogItems","properties":{"src":{"regex":{"source":"refresh"}}}},"wdio_ui5_key":"etmportal.ui.managecatalogs.view.MasterItemssap.ui.core.Icon{\"src\":{\"regex\":{\"source\":\"refresh\"}}}"}]}
RESULT: undefined
COMMAND: POST /session/ce0892542fc13e0f9da3069a0c56f077/element - {"using":"xpath","value":"//*[@id=\"__button9-img\"]"}
RESULT: {"using":"xpath","value":"//*[@id=\"__button9-img\"]"}
COMMAND: POST /session/ce0892542fc13e0f9da3069a0c56f077/element/f.812778354793FCCCD3B60D6A2602043C.d.93C50FE4F07543D6B430A5277BD1BBA7.e.2094/click - {}
RESULT: {}
COMMAND: GET /session/ce0892542fc13e0f9da3069a0c56f077/screenshot - {}
RESULT: {}
COMMAND: POST /session/ce0892542fc13e0f9da3069a0c56f077/execute/async - {"script":"<script> [1562 bytes]","args":[{"selector":{"id":"application-managecatalogs-display-component---masterCatalogItems--searchItemsField","interaction":{"idSuffix":"I"}},"wdio_ui5_key":"applicationmanagecatalogs-display-component---masterCatalogItems--searchItemsField"}]}
RESULT: {"script":"<script> [1562 bytes]","args":[{"selector":{"id":"application-managecatalogs-display-component---masterCatalogItems--searchItemsField","interaction":{"idSuffix":"I"}},"wdio_ui5_key":"applicationmanagecatalogs-display-component---masterCatalogItems--searchItemsField"}]}
RESULT: undefined
COMMAND: POST /session/ce0892542fc13e0f9da3069a0c56f077/execute/async - {"script":"<script> [776 bytes]","args":[{"enterText":"catalogItemNameh8pj2i","selector":{"id":"application-managecatalogs-display-component---masterCatalogItems--searchItemsField","interaction":{"idSuffix":"I"}},"clearTextFirst":true,"interactionType":"ENTER_TEXT"}]}
RESULT: {"script":"<script> [776 bytes]","args":[{"enterText":"catalogItemNameh8pj2i","selector":{"id":"application-managecatalogs-display-component---masterCatalogItems--searchItemsField","interaction":{"idSuffix":"I"}},"clearTextFirst":true,"interactionType":"ENTER_TEXT"}]}
COMMAND: POST /session/ce0892542fc13e0f9da3069a0c56f077/actions - {"actions":[{"id":"action9","type":"key","parameters":{},"actions":[{"type":"keyDown","value":""},{"type":"pause","duration":10},{"type":"keyUp","value":""}]}]}
RESULT: {"actions":[{"id":"action9","type":"key","parameters":{},"actions":[{"type":"keyDown","value":""},{"type":"pause","duration":10},{"type":"keyUp","value":""}]}]}
COMMAND: POST /session/ce0892542fc13e0f9da3069a0c56f077/element - {"using":"xpath","value":"(//span[contains(text(), \"catalogItemNameh8pj2i\")])[1]"}
COMMAND: GET /session/ce0892542fc13e0f9da3069a0c56f077/screenshot - {}
RESULT: {"using":"xpath","value":"(//span[contains(text(), \"catalogItemNameh8pj2i\")])[1]"}
COMMAND: POST /session/ce0892542fc13e0f9da3069a0c56f077/element/f.812778354793FCCCD3B60D6A2602043C.d.93C50FE4F07543D6B430A5277BD1BBA7.e.2101/click - {}
RESULT: {}
RESULT: {}
COMMAND: GET /session/ce0892542fc13e0f9da3069a0c56f077/screenshot - {}
RESULT: {}
COMMAND: POST /session/ce0892542fc13e0f9da3069a0c56f077/element - {"using":"xpath","value":"//span[contains(text(), \"catalogItemhs7ami\")]"}
RESULT: {"using":"xpath","value":"//span[contains(text(), \"catalogItemhs7ami\")]"}
COMMAND: GET /session/ce0892542fc13e0f9da3069a0c56f077/element/f.812778354793FCCCD3B60D6A2602043C.d.93C50FE4F07543D6B430A5277BD1BBA7.e.2156/text - {}
RESULT: {}
RESULT: undefined
COMMAND: POST /session/ce0892542fc13e0f9da3069a0c56f077/element - {"using":"xpath","value":"//*[@id=\"__button33\"]"}
RESULT: {"using":"xpath","value":"//*[@id=\"__button33\"]"}
COMMAND: POST /session/ce0892542fc13e0f9da3069a0c56f077/element/f.812778354793FCCCD3B60D6A2602043C.d.93C50FE4F07543D6B430A5277BD1BBA7.e.2166/click - {}
RESULT: {}
COMMAND: GET /session/ce0892542fc13e0f9da3069a0c56f077/screenshot - {}
RESULT: {}
COMMAND: POST /session/ce0892542fc13e0f9da3069a0c56f077/execute/async - {"script":"<script> [1562 bytes]","args":[{"selector":{"id":"application-managecatalogs-display-component---detailCatalog--BASE_UNIT_OF_MEASURE-arrow"},"wdio_ui5_key":"applicationmanagecatalogs-display-component---detailCatalog--BASE_UNIT_OF_MEASURE-arrow"}]}
RESULT: {"script":"<script> [1562 bytes]","args":[{"selector":{"id":"application-managecatalogs-display-component---detailCatalog--BASE_UNIT_OF_MEASURE-arrow"},"wdio_ui5_key":"applicationmanagecatalogs-display-component---detailCatalog--BASE_UNIT_OF_MEASURE-arrow"}]}
RESULT: undefined
COMMAND: POST /session/ce0892542fc13e0f9da3069a0c56f077/element - {"using":"xpath","value":"//*[@id=\"application-managecatalogs-display-component---detailCatalog--BASE_UNIT_OF_MEASURE-arrow\"]"}
RESULT: {"using":"xpath","value":"//*[@id=\"application-managecatalogs-display-component---detailCatalog--BASE_UNIT_OF_MEASURE-arrow\"]"}
COMMAND: POST /session/ce0892542fc13e0f9da3069a0c56f077/element/f.812778354793FCCCD3B60D6A2602043C.d.93C50FE4F07543D6B430A5277BD1BBA7.e.2193/click - {}
RESULT: {}
COMMAND: GET /session/ce0892542fc13e0f9da3069a0c56f077/screenshot - {}
RESULT: {}
COMMAND: POST /session/ce0892542fc13e0f9da3069a0c56f077/execute/async - {"script":"<script> [1562 bytes]","args":[{"selector":{"controlType":"sap.m.StandardListItem","viewName":"etm.portal.ui.managecatalogs.view.Detail","viewId":"application-managecatalogs-display-component---detailCatalog","properties":{"title":"Piece"},"searchOpenDialogs":true,"interaction":{"idSuffix":"titleText"}},"wdio_ui5_key":"etmportal.ui.managecatalogs.view.Detailsap.m.StandardListItem{\"title\":\"Piece\"}"}]}
RESULT: {"script":"<script> [1562 bytes]","args":[{"selector":{"controlType":"sap.m.StandardListItem","viewName":"etm.portal.ui.managecatalogs.view.Detail","viewId":"application-managecatalogs-display-component---detailCatalog","properties":{"title":"Piece"},"searchOpenDialogs":true,"interaction":{"idSuffix":"titleText"}},"wdio_ui5_key":"etmportal.ui.managecatalogs.view.Detailsap.m.StandardListItem{\"title\":\"Piece\"}"}]}
RESULT: undefined
COMMAND: POST /session/ce0892542fc13e0f9da3069a0c56f077/element - {"using":"xpath","value":"//*[@id=\"__item227\"]"}
RESULT: {"using":"xpath","value":"//*[@id=\"__item227\"]"}
COMMAND: POST /session/ce0892542fc13e0f9da3069a0c56f077/element/f.812778354793FCCCD3B60D6A2602043C.d.93C50FE4F07543D6B430A5277BD1BBA7.e.2197/click - {}
RESULT: {}
COMMAND: POST /session/ce0892542fc13e0f9da3069a0c56f077/execute/async - {"script":"<script> [1562 bytes]","args":[{"selector":{"id":"application-managecatalogs-display-component---detailCatalog--ObjectPageLayout-anchBar-application-managecatalogs-display-component---detailCatalog--sectionValues-anchor","interaction":{"idSuffix":"BDI-content"}},"wdio_ui5_key":"applicationmanagecatalogs-display-component---detailCatalog--ObjectPageLayout-anchBar-application-managecatalogs-display-component---detailCatalog--sectionValues-anchor"}]}
COMMAND: GET /session/ce0892542fc13e0f9da3069a0c56f077/screenshot - {}
RESULT: {"script":"<script> [1562 bytes]","args":[{"selector":{"id":"application-managecatalogs-display-component---detailCatalog--ObjectPageLayout-anchBar-application-managecatalogs-display-component---detailCatalog--sectionValues-anchor","interaction":{"idSuffix":"BDI-content"}},"wdio_ui5_key":"applicationmanagecatalogs-display-component---detailCatalog--ObjectPageLayout-anchBar-application-managecatalogs-display-component---detailCatalog--sectionValues-anchor"}]}
RESULT: undefined
COMMAND: POST /session/ce0892542fc13e0f9da3069a0c56f077/element - {"using":"xpath","value":"//*[@id=\"application-managecatalogs-display-component---detailCatalog--ObjectPageLayout-anchBar-application-managecatalogs-display-component---detailCatalog--sectionValues-anchor\"]"}
RESULT: {}
RESULT: {"using":"xpath","value":"//*[@id=\"application-managecatalogs-display-component---detailCatalog--ObjectPageLayout-anchBar-application-managecatalogs-display-component---detailCatalog--sectionValues-anchor\"]"}
COMMAND: POST /session/ce0892542fc13e0f9da3069a0c56f077/element/f.812778354793FCCCD3B60D6A2602043C.d.93C50FE4F07543D6B430A5277BD1BBA7.e.2199/click - {}
RESULT: {}
COMMAND: GET /session/ce0892542fc13e0f9da3069a0c56f077/screenshot - {}
RESULT: {}
COMMAND: POST /session/ce0892542fc13e0f9da3069a0c56f077/execute/async - {"script":"<script> [1562 bytes]","args":[{"selector":{"controlType":"sap.ui.core.Icon","viewName":"etm.portal.ui.managecatalogs.view.Detail","viewId":"application-managecatalogs-display-component---detailCatalog","properties":{"src":{"regex":{"source":"add"}}},"ancestor":{"id":"application-managecatalogs-display-component---detailCatalog--ValuesTable"}},"wdio_ui5_key":"etmportal.ui.managecatalogs.view.Detailsap.ui.core.Icon{\"src\":{\"regex\":{\"source\":\"add\"}}}{\"id\":\"application-managecatalogs-display-component---detailCatalog--ValuesTable\"}"}]}
RESULT: {"script":"<script> [1562 bytes]","args":[{"selector":{"controlType":"sap.ui.core.Icon","viewName":"etm.portal.ui.managecatalogs.view.Detail","viewId":"application-managecatalogs-display-component---detailCatalog","properties":{"src":{"regex":{"source":"add"}}},"ancestor":{"id":"application-managecatalogs-display-component---detailCatalog--ValuesTable"}},"wdio_ui5_key":"etmportal.ui.managecatalogs.view.Detailsap.ui.core.Icon{\"src\":{\"regex\":{\"source\":\"add\"}}}{\"id\":\"application-managecatalogs-display-component---detailCatalog--ValuesTable\"}"}]}
RESULT: undefined
COMMAND: POST /session/ce0892542fc13e0f9da3069a0c56f077/element - {"using":"xpath","value":"//*[@id=\"__button45-img\"]"}
RESULT: {"using":"xpath","value":"//*[@id=\"__button45-img\"]"}
COMMAND: POST /session/ce0892542fc13e0f9da3069a0c56f077/element/f.812778354793FCCCD3B60D6A2602043C.d.93C50FE4F07543D6B430A5277BD1BBA7.e.2204/click - {}
RESULT: {}
RESULT: undefined
COMMAND: POST /session/ce0892542fc13e0f9da3069a0c56f077/element - {"using":"xpath","value":"//*[@id=\"__button45-img\"]"}
COMMAND: GET /session/ce0892542fc13e0f9da3069a0c56f077/screenshot - {}
RESULT: {"using":"xpath","value":"//*[@id=\"__button45-img\"]"}
COMMAND: POST /session/ce0892542fc13e0f9da3069a0c56f077/element/f.812778354793FCCCD3B60D6A2602043C.d.93C50FE4F07543D6B430A5277BD1BBA7.e.2204/click - {}
RESULT: {}
RESULT: {}
COMMAND: POST /session/ce0892542fc13e0f9da3069a0c56f077/element - {"using":"xpath","value":"(//input[contains(@id ,\"application-managecatalogs-display-component---detailCatalog--ValuesTable-0-inner\")])[1]"}
COMMAND: GET /session/ce0892542fc13e0f9da3069a0c56f077/screenshot - {}
RESULT: {"using":"xpath","value":"(//input[contains(@id ,\"application-managecatalogs-display-component---detailCatalog--ValuesTable-0-inner\")])[1]"}
COMMAND: POST /session/ce0892542fc13e0f9da3069a0c56f077/element/f.812778354793FCCCD3B60D6A2602043C.d.93C50FE4F07543D6B430A5277BD1BBA7.e.2207/clear - {}
RESULT: {}
RESULT: {}
COMMAND: POST /session/ce0892542fc13e0f9da3069a0c56f077/element/f.812778354793FCCCD3B60D6A2602043C.d.93C50FE4F07543D6B430A5277BD1BBA7.e.2207/value - {"text":"D&I catalog price"}
COMMAND: GET /session/ce0892542fc13e0f9da3069a0c56f077/screenshot - {}
RESULT: {"text":"D&I catalog price"}
COMMAND: GET /session/ce0892542fc13e0f9da3069a0c56f077/screenshot - {}
RESULT: {}
RESULT: {}
COMMAND: POST /session/ce0892542fc13e0f9da3069a0c56f077/actions - {"actions":[{"id":"action10","type":"key","parameters":{},"actions":[{"type":"keyDown","value":""},{"type":"pause","duration":10},{"type":"keyUp","value":""}]}]}
RESULT: {"actions":[{"id":"action10","type":"key","parameters":{},"actions":[{"type":"keyDown","value":""},{"type":"pause","duration":10},{"type":"keyUp","value":""}]}]}
COMMAND: POST /session/ce0892542fc13e0f9da3069a0c56f077/element - {"using":"xpath","value":"(//input[contains(@id ,\"application-managecatalogs-display-component---detailCatalog--ValuesTable-1-inner\")])[1]"}
COMMAND: GET /session/ce0892542fc13e0f9da3069a0c56f077/screenshot - {}
RESULT: {"using":"xpath","value":"(//input[contains(@id ,\"application-managecatalogs-display-component---detailCatalog--ValuesTable-1-inner\")])[1]"}
COMMAND: POST /session/ce0892542fc13e0f9da3069a0c56f077/element/f.812778354793FCCCD3B60D6A2602043C.d.93C50FE4F07543D6B430A5277BD1BBA7.e.2230/clear - {}
RESULT: {}
RESULT: {}
COMMAND: POST /session/ce0892542fc13e0f9da3069a0c56f077/element/f.812778354793FCCCD3B60D6A2602043C.d.93C50FE4F07543D6B430A5277BD1BBA7.e.2230/value - {"text":"D&I catalog price"}
COMMAND: GET /session/ce0892542fc13e0f9da3069a0c56f077/screenshot - {}
RESULT: {"text":"D&I catalog price"}
COMMAND: GET /session/ce0892542fc13e0f9da3069a0c56f077/screenshot - {}
RESULT: {}
RESULT: {}
COMMAND: POST /session/ce0892542fc13e0f9da3069a0c56f077/actions - {"actions":[{"id":"action11","type":"key","parameters":{},"actions":[{"type":"keyDown","value":""},{"type":"pause","duration":10},{"type":"keyUp","value":""}]}]}
RESULT: {"actions":[{"id":"action11","type":"key","parameters":{},"actions":[{"type":"keyDown","value":""},{"type":"pause","duration":10},{"type":"keyUp","value":""}]}]}
COMMAND: POST /session/ce0892542fc13e0f9da3069a0c56f077/execute/async - {"script":"<script> [1562 bytes]","args":[{"selector":{"controlType":"sap.m.Button","viewName":"etm.portal.ui.managecatalogs.view.Detail","viewId":"application-managecatalogs-display-component---detailCatalog","i18NText":{"propertyName":"text","key":"save"},"interaction":{"idSuffix":"BDI-content"}},"wdio_ui5_key":"etmportal.ui.managecatalogs.view.Detailsap.m.Button{\"propertyName\":\"text\",\"key\":\"save\"}"}]}
COMMAND: GET /session/ce0892542fc13e0f9da3069a0c56f077/screenshot - {}
RESULT: {"script":"<script> [1562 bytes]","args":[{"selector":{"controlType":"sap.m.Button","viewName":"etm.portal.ui.managecatalogs.view.Detail","viewId":"application-managecatalogs-display-component---detailCatalog","i18NText":{"propertyName":"text","key":"save"},"interaction":{"idSuffix":"BDI-content"}},"wdio_ui5_key":"etmportal.ui.managecatalogs.view.Detailsap.m.Button{\"propertyName\":\"text\",\"key\":\"save\"}"}]}
RESULT: undefined
COMMAND: POST /session/ce0892542fc13e0f9da3069a0c56f077/element - {"using":"xpath","value":"//*[@id=\"__button51\"]"}
RESULT: {}
RESULT: {"using":"xpath","value":"//*[@id=\"__button51\"]"}
COMMAND: POST /session/ce0892542fc13e0f9da3069a0c56f077/element/f.812778354793FCCCD3B60D6A2602043C.d.93C50FE4F07543D6B430A5277BD1BBA7.e.2169/click - {}
RESULT: {}
COMMAND: GET /session/ce0892542fc13e0f9da3069a0c56f077/screenshot - {}
RESULT: {}
COMMAND: POST /session/ce0892542fc13e0f9da3069a0c56f077/execute/async - {"script":"<script> [1562 bytes]","args":[{"selector":{"controlType":"sap.m.Text","properties":{"text":"Existing values with the same start date!"},"searchOpenDialogs":true},"wdio_ui5_key":"sapm.Text{\"text\":\"Existing values with the same start date!\"}"}]}
RESULT: {"script":"<script> [1562 bytes]","args":[{"selector":{"controlType":"sap.m.Text","properties":{"text":"Existing values with the same start date!"},"searchOpenDialogs":true},"wdio_ui5_key":"sapm.Text{\"text\":\"Existing values with the same start date!\"}"}]}
RESULT: undefined
COMMAND: POST /session/ce0892542fc13e0f9da3069a0c56f077/execute/async - {"script":"<script> [6424 bytes]","args":[{"element-6066-11e4-a52e-4f735466cecf":"f.812778354793FCCCD3B60D6A2602043C.d.93C50FE4F07543D6B430A5277BD1BBA7.e.2247"},"getText",[]]}
RESULT: {"script":"<script> [6424 bytes]","args":[{"element-6066-11e4-a52e-4f735466cecf":"f.812778354793FCCCD3B60D6A2602043C.d.93C50FE4F07543D6B430A5277BD1BBA7.e.2247"},"getText",[]]}
COMMAND: POST /session/ce0892542fc13e0f9da3069a0c56f077/execute/async - {"script":"<script> [1562 bytes]","args":[{"selector":{"controlType":"sap.m.Button","properties":{"text":"OK"},"searchOpenDialogs":true,"interaction":{"idSuffix":"BDI-content"}},"wdio_ui5_key":"sapm.Button{\"text\":\"OK\"}"}]}
RESULT: {"script":"<script> [1562 bytes]","args":[{"selector":{"controlType":"sap.m.Button","properties":{"text":"OK"},"searchOpenDialogs":true,"interaction":{"idSuffix":"BDI-content"}},"wdio_ui5_key":"sapm.Button{\"text\":\"OK\"}"}]}
RESULT: undefined
COMMAND: POST /session/ce0892542fc13e0f9da3069a0c56f077/element - {"using":"xpath","value":"//*[@id=\"__mbox-btn-0\"]"}
RESULT: {"using":"xpath","value":"//*[@id=\"__mbox-btn-0\"]"}
COMMAND: POST /session/ce0892542fc13e0f9da3069a0c56f077/element/f.812778354793FCCCD3B60D6A2602043C.d.93C50FE4F07543D6B430A5277BD1BBA7.e.2243/click - {}
RESULT: {}
COMMAND: POST /session/ce0892542fc13e0f9da3069a0c56f077/execute/async - {"script":"<script> [1562 bytes]","args":[{"selector":{"controlType":"sap.m.DatePicker","viewName":"etm.portal.ui.managecatalogs.view.Detail","viewId":"application-managecatalogs-display-component---detailCatalog","bindingPath":{"propertyPath":"VALID_TO","modelName":"catalogModel"},"interaction":{"idSuffix":"inner"}},"wdio_ui5_key":"etmportal.ui.managecatalogs.view.Detailsap.m.DatePicker{\"propertyPath\":\"VALID_TO\",\"modelName\":\"catalogModel\"}"}]}
COMMAND: GET /session/ce0892542fc13e0f9da3069a0c56f077/screenshot - {}
RESULT: {"script":"<script> [1562 bytes]","args":[{"selector":{"controlType":"sap.m.DatePicker","viewName":"etm.portal.ui.managecatalogs.view.Detail","viewId":"application-managecatalogs-display-component---detailCatalog","bindingPath":{"propertyPath":"VALID_TO","modelName":"catalogModel"},"interaction":{"idSuffix":"inner"}},"wdio_ui5_key":"etmportal.ui.managecatalogs.view.Detailsap.m.DatePicker{\"propertyPath\":\"VALID_TO\",\"modelName\":\"catalogModel\"}"}]}
RESULT: undefined
COMMAND: POST /session/ce0892542fc13e0f9da3069a0c56f077/execute/async - {"script":"<script> [776 bytes]","args":[{"enterText":"05/23/25","selector":{"controlType":"sap.m.DatePicker","viewName":"etm.portal.ui.managecatalogs.view.Detail","viewId":"application-managecatalogs-display-component---detailCatalog","bindingPath":{"propertyPath":"VALID_TO","modelName":"catalogModel"},"interaction":{"idSuffix":"inner"}},"clearTextFirst":true,"interactionType":"ENTER_TEXT"}]}
RESULT: {}
RESULT: {"script":"<script> [776 bytes]","args":[{"enterText":"05/23/25","selector":{"controlType":"sap.m.DatePicker","viewName":"etm.portal.ui.managecatalogs.view.Detail","viewId":"application-managecatalogs-display-component---detailCatalog","bindingPath":{"propertyPath":"VALID_TO","modelName":"catalogModel"},"interaction":{"idSuffix":"inner"}},"clearTextFirst":true,"interactionType":"ENTER_TEXT"}]}
COMMAND: POST /session/ce0892542fc13e0f9da3069a0c56f077/element - {"using":"xpath","value":"(//input[contains(@id ,\"-application-managecatalogs-display-component---detailCatalog--ValuesTable-0-inner\")])[7]"}
RESULT: {"using":"xpath","value":"(//input[contains(@id ,\"-application-managecatalogs-display-component---detailCatalog--ValuesTable-0-inner\")])[7]"}
COMMAND: POST /session/ce0892542fc13e0f9da3069a0c56f077/element/f.812778354793FCCCD3B60D6A2602043C.d.93C50FE4F07543D6B430A5277BD1BBA7.e.2213/clear - {}
RESULT: {}
COMMAND: POST /session/ce0892542fc13e0f9da3069a0c56f077/element/f.812778354793FCCCD3B60D6A2602043C.d.93C50FE4F07543D6B430A5277BD1BBA7.e.2213/value - {"text":"05/23/25"}
COMMAND: GET /session/ce0892542fc13e0f9da3069a0c56f077/screenshot - {}
RESULT: {"text":"05/23/25"}
COMMAND: POST /session/ce0892542fc13e0f9da3069a0c56f077/element - {"using":"xpath","value":"(//input[contains(@id ,\"application-managecatalogs-display-component---detailCatalog--ValuesTable-1-inner\")])[6]"}
COMMAND: GET /session/ce0892542fc13e0f9da3069a0c56f077/screenshot - {}
RESULT: {}
RESULT: {"using":"xpath","value":"(//input[contains(@id ,\"application-managecatalogs-display-component---detailCatalog--ValuesTable-1-inner\")])[6]"}
COMMAND: POST /session/ce0892542fc13e0f9da3069a0c56f077/element/f.812778354793FCCCD3B60D6A2602043C.d.93C50FE4F07543D6B430A5277BD1BBA7.e.2235/clear - {}
RESULT: {}
RESULT: {}
COMMAND: POST /session/ce0892542fc13e0f9da3069a0c56f077/element/f.812778354793FCCCD3B60D6A2602043C.d.93C50FE4F07543D6B430A5277BD1BBA7.e.2235/value - {"text":"05/24/25"}
COMMAND: GET /session/ce0892542fc13e0f9da3069a0c56f077/screenshot - {}
RESULT: {"text":"05/24/25"}
COMMAND: POST /session/ce0892542fc13e0f9da3069a0c56f077/element - {"using":"xpath","value":"//bdi[contains(text(), \"Save\")]"}
COMMAND: GET /session/ce0892542fc13e0f9da3069a0c56f077/screenshot - {}
RESULT: {}
RESULT: {"using":"xpath","value":"//bdi[contains(text(), \"Save\")]"}
COMMAND: POST /session/ce0892542fc13e0f9da3069a0c56f077/element/f.812778354793FCCCD3B60D6A2602043C.d.93C50FE4F07543D6B430A5277BD1BBA7.e.2242/click - {}
RESULT: {}
RESULT: {}
COMMAND: POST /session/ce0892542fc13e0f9da3069a0c56f077/execute/async - {"script":"<script> [1562 bytes]","args":[{"selector":{"controlType":"sap.m.Title","properties":{"text":"Warning"},"searchOpenDialogs":true},"wdio_ui5_key":"sapm.Title{\"text\":\"Warning\"}"}]}
COMMAND: GET /session/ce0892542fc13e0f9da3069a0c56f077/screenshot - {}
RESULT: {"script":"<script> [1562 bytes]","args":[{"selector":{"controlType":"sap.m.Title","properties":{"text":"Warning"},"searchOpenDialogs":true},"wdio_ui5_key":"sapm.Title{\"text\":\"Warning\"}"}]}
RESULT: undefined
COMMAND: POST /session/ce0892542fc13e0f9da3069a0c56f077/execute/async - {"script":"<script> [6424 bytes]","args":[{"element-6066-11e4-a52e-4f735466cecf":"f.812778354793FCCCD3B60D6A2602043C.d.93C50FE4F07543D6B430A5277BD1BBA7.e.2253"},"getText",[]]}
RESULT: {}
RESULT: {"script":"<script> [6424 bytes]","args":[{"element-6066-11e4-a52e-4f735466cecf":"f.812778354793FCCCD3B60D6A2602043C.d.93C50FE4F07543D6B430A5277BD1BBA7.e.2253"},"getText",[]]}
COMMAND: POST /session/ce0892542fc13e0f9da3069a0c56f077/execute/async - {"script":"<script> [1562 bytes]","args":[{"selector":{"controlType":"sap.m.Button","properties":{"text":"Yes"},"searchOpenDialogs":true,"interaction":{"idSuffix":"BDI-content"}},"wdio_ui5_key":"sapm.Button{\"text\":\"Yes\"}"}]}
RESULT: {"script":"<script> [1562 bytes]","args":[{"selector":{"controlType":"sap.m.Button","properties":{"text":"Yes"},"searchOpenDialogs":true,"interaction":{"idSuffix":"BDI-content"}},"wdio_ui5_key":"sapm.Button{\"text\":\"Yes\"}"}]}
RESULT: undefined
COMMAND: POST /session/ce0892542fc13e0f9da3069a0c56f077/element - {"using":"xpath","value":"//*[@id=\"__mbox-btn-1\"]"}
RESULT: {"using":"xpath","value":"//*[@id=\"__mbox-btn-1\"]"}
COMMAND: POST /session/ce0892542fc13e0f9da3069a0c56f077/element/f.812778354793FCCCD3B60D6A2602043C.d.93C50FE4F07543D6B430A5277BD1BBA7.e.2251/click - {}
RESULT: {}
COMMAND: GET /session/ce0892542fc13e0f9da3069a0c56f077/screenshot - {}
RESULT: {}
COMMAND: POST /session/ce0892542fc13e0f9da3069a0c56f077/refresh - {}
RESULT: {}
COMMAND: GET /session/ce0892542fc13e0f9da3069a0c56f077/screenshot - {}
RESULT: {}
COMMAND: POST /session/ce0892542fc13e0f9da3069a0c56f077/execute/async - {"script":"<script> [189 bytes]","args":[]}
RESULT: {"script":"<script> [189 bytes]","args":[]}
COMMAND: POST /session/ce0892542fc13e0f9da3069a0c56f077/execute/async - {"script":"<script> [123 bytes]","args":[]}
RESULT: {"script":"<script> [123 bytes]","args":[]}
COMMAND: POST /session/ce0892542fc13e0f9da3069a0c56f077/timeouts - {"script":"<number>"}
RESULT: {"script":"<number>"}
COMMAND: GET /session/ce0892542fc13e0f9da3069a0c56f077/timeouts - {}
RESULT: {}
RESULT: undefined
COMMAND: POST /session/ce0892542fc13e0f9da3069a0c56f077/execute/async - {"script":"<script> [2676 bytes]","args":[]}
RESULT: {"script":"<script> [2676 bytes]","args":[]}
COMMAND: POST /session/ce0892542fc13e0f9da3069a0c56f077/execute/async - {"script":"<script> [2342 bytes]","args":[{"protocol":"http","hostname":"0.0.0.0","path":"/","capabilities":{"browserName":"chrome","goog:chromeOptions":{"binary":"C:\\Program Files\\Google\\Chrome\\Application\\chrome.exe","args":["--start-maximized"]}},"logLevel":"warn","connectionRetryTimeout":120000,"connectionRetryCount":3,"logLevels":{},"enableDirectConnect":true,"strictSSL":true,"_":"65 more keys: [\"cacheDir\",\"port\",\"requestedCapabilities\",\"automationProtocol\",\"baseUrl\",\"waitforInterval\",\"waitforTimeout\",\"onReload\",\"beforeCommand\",\"afterCommand\",\"rootDir\",\"specs\",\"suites\",\"exclude\",\"groupLogsByTestSpec\",\"excludeDriverLogs\",\"bail\",\"framework\",\"reporters\",\"services\",\"maxInstances\",\"maxInstancesPerCapability\",\"injectGlobals\",\"filesToWatch\",\"execArgv\",\"runnerEnv\",\"runner\",\"shard\",\"specFileRetries\",\"specFileRetriesDelay\",\"specFileRetriesDeferred\",\"reporterSyncInterval\",\"reporterSyncTimeout\",\"cucumberFeaturesWithLineNumbers\",\"autoCompileOpts\",\"mochaOpts\",\"jasmineOpts\",\"cucumberOpts\",\"onPrepare\",\"onWorkerStart\",\"onWorkerEnd\",\"before\",\"beforeSession\",\"beforeSuite\",\"beforeHook\",\"beforeTest\",\"afterTest\",\"afterHook\",\"afterSuite\",\"afterSession\",\"after\",\"onComplete\",\"beforeAssertion\",\"afterAssertion\",\"beforeFeature\",\"beforeScenario\",\"beforeStep\",\"afterStep\",\"afterScenario\",\"afterFeature\",\"_\",\"suite\",\"$0\",\"ignoredWorkerServices\",\"wdi5\"]"}]}
RESULT: {"script":"<script> [2342 bytes]","args":[{"protocol":"http","hostname":"0.0.0.0","path":"/","capabilities":{"browserName":"chrome","goog:chromeOptions":{"binary":"C:\\Program Files\\Google\\Chrome\\Application\\chrome.exe","args":["--start-maximized"]}},"logLevel":"warn","connectionRetryTimeout":120000,"connectionRetryCount":3,"logLevels":{},"enableDirectConnect":true,"strictSSL":true,"_":"65 more keys: [\"cacheDir\",\"port\",\"requestedCapabilities\",\"automationProtocol\",\"baseUrl\",\"waitforInterval\",\"waitforTimeout\",\"onReload\",\"beforeCommand\",\"afterCommand\",\"rootDir\",\"specs\",\"suites\",\"exclude\",\"groupLogsByTestSpec\",\"excludeDriverLogs\",\"bail\",\"framework\",\"reporters\",\"services\",\"maxInstances\",\"maxInstancesPerCapability\",\"injectGlobals\",\"filesToWatch\",\"execArgv\",\"runnerEnv\",\"runner\",\"shard\",\"specFileRetries\",\"specFileRetriesDelay\",\"specFileRetriesDeferred\",\"reporterSyncInterval\",\"reporterSyncTimeout\",\"cucumberFeaturesWithLineNumbers\",\"autoCompileOpts\",\"mochaOpts\",\"jasmineOpts\",\"cucumberOpts\",\"onPrepare\",\"onWorkerStart\",\"onWorkerEnd\",\"before\",\"beforeSession\",\"beforeSuite\",\"beforeHook\",\"beforeTest\",\"afterTest\",\"afterHook\",\"afterSuite\",\"afterSession\",\"after\",\"onComplete\",\"beforeAssertion\",\"afterAssertion\",\"beforeFeature\",\"beforeScenario\",\"beforeStep\",\"afterStep\",\"afterScenario\",\"afterFeature\",\"_\",\"suite\",\"$0\",\"ignoredWorkerServices\",\"wdi5\"]"}]}
COMMAND: POST /session/ce0892542fc13e0f9da3069a0c56f077/execute/async - {"script":"<script> [21126 bytes]","args":[35000]}
RESULT: {"script":"<script> [21126 bytes]","args":[35000]}
COMMAND: POST /session/ce0892542fc13e0f9da3069a0c56f077/execute/async - {"script":"<script> [1562 bytes]","args":[{"selector":{"id":"application-managecatalogs-display-component---detailCatalog--ValuesSmartTable-header"},"wdio_ui5_key":"applicationmanagecatalogs-display-component---detailCatalog--ValuesSmartTable-header"}]}
RESULT: {"script":"<script> [1562 bytes]","args":[{"selector":{"id":"application-managecatalogs-display-component---detailCatalog--ValuesSmartTable-header"},"wdio_ui5_key":"applicationmanagecatalogs-display-component---detailCatalog--ValuesSmartTable-header"}]}
RESULT: undefined
COMMAND: POST /session/ce0892542fc13e0f9da3069a0c56f077/execute/async - {"script":"<script> [6424 bytes]","args":[{"element-6066-11e4-a52e-4f735466cecf":"f.812778354793FCCCD3B60D6A2602043C.d.FD8F82A930D23E5631168DE4F3A652BA.e.2335"},"getText",[]]}
RESULT: {"script":"<script> [6424 bytes]","args":[{"element-6066-11e4-a52e-4f735466cecf":"f.812778354793FCCCD3B60D6A2602043C.d.FD8F82A930D23E5631168DE4F3A652BA.e.2335"},"getText",[]]}
COMMAND: POST /session/ce0892542fc13e0f9da3069a0c56f077/execute/async - {"script":"<script> [1562 bytes]","args":[{"selector":{"controlType":"sap.m.Button","viewName":"etm.portal.ui.managecatalogs.view.Detail","viewId":"application-managecatalogs-display-component---detailCatalog","i18NText":{"propertyName":"text","key":"edit"},"interaction":{"idSuffix":"BDI-content"}},"wdio_ui5_key":"etmportal.ui.managecatalogs.view.Detailsap.m.Button{\"propertyName\":\"text\",\"key\":\"edit\"}"}]}
RESULT: {"script":"<script> [1562 bytes]","args":[{"selector":{"controlType":"sap.m.Button","viewName":"etm.portal.ui.managecatalogs.view.Detail","viewId":"application-managecatalogs-display-component---detailCatalog","i18NText":{"propertyName":"text","key":"edit"},"interaction":{"idSuffix":"BDI-content"}},"wdio_ui5_key":"etmportal.ui.managecatalogs.view.Detailsap.m.Button{\"propertyName\":\"text\",\"key\":\"edit\"}"}]}
RESULT: undefined
COMMAND: POST /session/ce0892542fc13e0f9da3069a0c56f077/element - {"using":"xpath","value":"//*[@id=\"__button25\"]"}
RESULT: {"using":"xpath","value":"//*[@id=\"__button25\"]"}
COMMAND: POST /session/ce0892542fc13e0f9da3069a0c56f077/element/f.812778354793FCCCD3B60D6A2602043C.d.FD8F82A930D23E5631168DE4F3A652BA.e.2337/click - {}
RESULT: {}
COMMAND: POST /session/ce0892542fc13e0f9da3069a0c56f077/execute/async - {"script":"<script> [1562 bytes]","args":[{"selector":{"id":"application-managecatalogs-display-component---detailCatalog--ObjectPageLayout-anchBar-application-managecatalogs-display-component---detailCatalog--sectionValues-anchor","interaction":{"idSuffix":"BDI-content"}},"wdio_ui5_key":"applicationmanagecatalogs-display-component---detailCatalog--ObjectPageLayout-anchBar-application-managecatalogs-display-component---detailCatalog--sectionValues-anchor"}]}
COMMAND: GET /session/ce0892542fc13e0f9da3069a0c56f077/screenshot - {}
RESULT: {"script":"<script> [1562 bytes]","args":[{"selector":{"id":"application-managecatalogs-display-component---detailCatalog--ObjectPageLayout-anchBar-application-managecatalogs-display-component---detailCatalog--sectionValues-anchor","interaction":{"idSuffix":"BDI-content"}},"wdio_ui5_key":"applicationmanagecatalogs-display-component---detailCatalog--ObjectPageLayout-anchBar-application-managecatalogs-display-component---detailCatalog--sectionValues-anchor"}]}
RESULT: undefined
COMMAND: POST /session/ce0892542fc13e0f9da3069a0c56f077/element - {"using":"xpath","value":"//*[@id=\"application-managecatalogs-display-component---detailCatalog--ObjectPageLayout-anchBar-application-managecatalogs-display-component---detailCatalog--sectionValues-anchor\"]"}
RESULT: {}
RESULT: {"using":"xpath","value":"//*[@id=\"application-managecatalogs-display-component---detailCatalog--ObjectPageLayout-anchBar-application-managecatalogs-display-component---detailCatalog--sectionValues-anchor\"]"}
COMMAND: POST /session/ce0892542fc13e0f9da3069a0c56f077/element/f.812778354793FCCCD3B60D6A2602043C.d.FD8F82A930D23E5631168DE4F3A652BA.e.2376/click - {}
RESULT: {}
COMMAND: GET /session/ce0892542fc13e0f9da3069a0c56f077/screenshot - {}
RESULT: {}
COMMAND: POST /session/ce0892542fc13e0f9da3069a0c56f077/execute/async - {"script":"<script> [1562 bytes]","args":[{"selector":{"id":"application-managecatalogs-display-component---detailCatalog--ValuesTable-sa","interaction":{"idSuffix":"CbBg"}},"wdio_ui5_key":"applicationmanagecatalogs-display-component---detailCatalog--ValuesTable-sa"}]}
RESULT: {"script":"<script> [1562 bytes]","args":[{"selector":{"id":"application-managecatalogs-display-component---detailCatalog--ValuesTable-sa","interaction":{"idSuffix":"CbBg"}},"wdio_ui5_key":"applicationmanagecatalogs-display-component---detailCatalog--ValuesTable-sa"}]}
RESULT: undefined
COMMAND: POST /session/ce0892542fc13e0f9da3069a0c56f077/element - {"using":"xpath","value":"//*[@id=\"application-managecatalogs-display-component---detailCatalog--ValuesTable-sa\"]"}
RESULT: {"using":"xpath","value":"//*[@id=\"application-managecatalogs-display-component---detailCatalog--ValuesTable-sa\"]"}
COMMAND: POST /session/ce0892542fc13e0f9da3069a0c56f077/element/f.812778354793FCCCD3B60D6A2602043C.d.FD8F82A930D23E5631168DE4F3A652BA.e.2382/click - {}
RESULT: {}
COMMAND: POST /session/ce0892542fc13e0f9da3069a0c56f077/execute/async - {"script":"<script> [1562 bytes]","args":[{"selector":{"controlType":"sap.ui.core.Icon","viewName":"etm.portal.ui.managecatalogs.view.Detail","viewId":"application-managecatalogs-display-component---detailCatalog","properties":{"src":{"regex":{"source":"delete"}}},"ancestor":{"id":"application-managecatalogs-display-component---detailCatalog--ValuesTable"}},"wdio_ui5_key":"etmportal.ui.managecatalogs.view.Detailsap.ui.core.Icon{\"src\":{\"regex\":{\"source\":\"delete\"}}}{\"id\":\"application-managecatalogs-display-component---detailCatalog--ValuesTable\"}"}]}
COMMAND: GET /session/ce0892542fc13e0f9da3069a0c56f077/screenshot - {}
RESULT: {"script":"<script> [1562 bytes]","args":[{"selector":{"controlType":"sap.ui.core.Icon","viewName":"etm.portal.ui.managecatalogs.view.Detail","viewId":"application-managecatalogs-display-component---detailCatalog","properties":{"src":{"regex":{"source":"delete"}}},"ancestor":{"id":"application-managecatalogs-display-component---detailCatalog--ValuesTable"}},"wdio_ui5_key":"etmportal.ui.managecatalogs.view.Detailsap.ui.core.Icon{\"src\":{\"regex\":{\"source\":\"delete\"}}}{\"id\":\"application-managecatalogs-display-component---detailCatalog--ValuesTable\"}"}]}
RESULT: undefined
COMMAND: POST /session/ce0892542fc13e0f9da3069a0c56f077/element - {"using":"xpath","value":"//*[@id=\"__button36-img\"]"}
RESULT: {}
RESULT: {"using":"xpath","value":"//*[@id=\"__button36-img\"]"}
COMMAND: POST /session/ce0892542fc13e0f9da3069a0c56f077/element/f.812778354793FCCCD3B60D6A2602043C.d.FD8F82A930D23E5631168DE4F3A652BA.e.2385/click - {}
RESULT: {}
COMMAND: POST /session/ce0892542fc13e0f9da3069a0c56f077/execute/async - {"script":"<script> [1562 bytes]","args":[{"selector":{"controlType":"sap.m.Button","properties":{"text":"Yes"},"searchOpenDialogs":true,"interaction":{"idSuffix":"BDI-content"}},"wdio_ui5_key":"sapm.Button{\"text\":\"Yes\"}"}]}
COMMAND: GET /session/ce0892542fc13e0f9da3069a0c56f077/screenshot - {}
RESULT: {"script":"<script> [1562 bytes]","args":[{"selector":{"controlType":"sap.m.Button","properties":{"text":"Yes"},"searchOpenDialogs":true,"interaction":{"idSuffix":"BDI-content"}},"wdio_ui5_key":"sapm.Button{\"text\":\"Yes\"}"}]}
RESULT: undefined
COMMAND: POST /session/ce0892542fc13e0f9da3069a0c56f077/element - {"using":"xpath","value":"//*[@id=\"__mbox-btn-0\"]"}
RESULT: {}
RESULT: {"using":"xpath","value":"//*[@id=\"__mbox-btn-0\"]"}
COMMAND: POST /session/ce0892542fc13e0f9da3069a0c56f077/element/f.812778354793FCCCD3B60D6A2602043C.d.FD8F82A930D23E5631168DE4F3A652BA.e.2387/click - {}
RESULT: {}
COMMAND: GET /session/ce0892542fc13e0f9da3069a0c56f077/screenshot - {}
RESULT: {}
COMMAND: POST /session/ce0892542fc13e0f9da3069a0c56f077/execute/async - {"script":"<script> [1562 bytes]","args":[{"selector":{"controlType":"sap.m.Button","viewName":"etm.portal.ui.managecatalogs.view.Detail","viewId":"application-managecatalogs-display-component---detailCatalog","i18NText":{"propertyName":"text","key":"save"},"interaction":{"idSuffix":"BDI-content"}},"wdio_ui5_key":"etmportal.ui.managecatalogs.view.Detailsap.m.Button{\"propertyName\":\"text\",\"key\":\"save\"}"}]}
RESULT: {"script":"<script> [1562 bytes]","args":[{"selector":{"controlType":"sap.m.Button","viewName":"etm.portal.ui.managecatalogs.view.Detail","viewId":"application-managecatalogs-display-component---detailCatalog","i18NText":{"propertyName":"text","key":"save"},"interaction":{"idSuffix":"BDI-content"}},"wdio_ui5_key":"etmportal.ui.managecatalogs.view.Detailsap.m.Button{\"propertyName\":\"text\",\"key\":\"save\"}"}]}
RESULT: undefined
COMMAND: POST /session/ce0892542fc13e0f9da3069a0c56f077/element - {"using":"xpath","value":"//*[@id=\"__button43\"]"}
RESULT: {"using":"xpath","value":"//*[@id=\"__button43\"]"}
COMMAND: POST /session/ce0892542fc13e0f9da3069a0c56f077/element/f.812778354793FCCCD3B60D6A2602043C.d.FD8F82A930D23E5631168DE4F3A652BA.e.2392/click - {}
RESULT: {}
COMMAND: GET /session/ce0892542fc13e0f9da3069a0c56f077/screenshot - {}
RESULT: {}
RESULT: undefined
COMMAND: POST /session/ce0892542fc13e0f9da3069a0c56f077/element - {"using":"xpath","value":"//*[@id=\"__button25\"]"}
RESULT: {"using":"xpath","value":"//*[@id=\"__button25\"]"}
COMMAND: POST /session/ce0892542fc13e0f9da3069a0c56f077/element/f.812778354793FCCCD3B60D6A2602043C.d.FD8F82A930D23E5631168DE4F3A652BA.e.2393/click - {}
RESULT: {}
COMMAND: GET /session/ce0892542fc13e0f9da3069a0c56f077/screenshot - {}
RESULT: {}
RESULT: undefined
COMMAND: POST /session/ce0892542fc13e0f9da3069a0c56f077/element - {"using":"xpath","value":"//*[@id=\"application-managecatalogs-display-component---detailCatalog--ObjectPageLayout-anchBar-application-managecatalogs-display-component---detailCatalog--sectionValues-anchor\"]"}
RESULT: {"using":"xpath","value":"//*[@id=\"application-managecatalogs-display-component---detailCatalog--ObjectPageLayout-anchBar-application-managecatalogs-display-component---detailCatalog--sectionValues-anchor\"]"}
COMMAND: POST /session/ce0892542fc13e0f9da3069a0c56f077/element/f.812778354793FCCCD3B60D6A2602043C.d.FD8F82A930D23E5631168DE4F3A652BA.e.2420/click - {}
RESULT: {}
COMMAND: GET /session/ce0892542fc13e0f9da3069a0c56f077/screenshot - {}
RESULT: {}
COMMAND: POST /session/ce0892542fc13e0f9da3069a0c56f077/execute/async - {"script":"<script> [1562 bytes]","args":[{"selector":{"controlType":"sap.ui.core.Icon","viewName":"etm.portal.ui.managecatalogs.view.Detail","viewId":"application-managecatalogs-display-component---detailCatalog","properties":{"src":{"regex":{"source":"add"}}},"ancestor":{"id":"application-managecatalogs-display-component---detailCatalog--ValuesTable"}},"wdio_ui5_key":"etmportal.ui.managecatalogs.view.Detailsap.ui.core.Icon{\"src\":{\"regex\":{\"source\":\"add\"}}}{\"id\":\"application-managecatalogs-display-component---detailCatalog--ValuesTable\"}"}]}
RESULT: {"script":"<script> [1562 bytes]","args":[{"selector":{"controlType":"sap.ui.core.Icon","viewName":"etm.portal.ui.managecatalogs.view.Detail","viewId":"application-managecatalogs-display-component---detailCatalog","properties":{"src":{"regex":{"source":"add"}}},"ancestor":{"id":"application-managecatalogs-display-component---detailCatalog--ValuesTable"}},"wdio_ui5_key":"etmportal.ui.managecatalogs.view.Detailsap.ui.core.Icon{\"src\":{\"regex\":{\"source\":\"add\"}}}{\"id\":\"application-managecatalogs-display-component---detailCatalog--ValuesTable\"}"}]}
RESULT: undefined
COMMAND: POST /session/ce0892542fc13e0f9da3069a0c56f077/element - {"using":"xpath","value":"//*[@id=\"__button37-img\"]"}
RESULT: {"using":"xpath","value":"//*[@id=\"__button37-img\"]"}
COMMAND: POST /session/ce0892542fc13e0f9da3069a0c56f077/element/f.812778354793FCCCD3B60D6A2602043C.d.FD8F82A930D23E5631168DE4F3A652BA.e.2421/click - {}
RESULT: {}
RESULT: undefined
COMMAND: POST /session/ce0892542fc13e0f9da3069a0c56f077/element - {"using":"xpath","value":"//*[@id=\"__button37-img\"]"}
COMMAND: GET /session/ce0892542fc13e0f9da3069a0c56f077/screenshot - {}
RESULT: {"using":"xpath","value":"//*[@id=\"__button37-img\"]"}
COMMAND: POST /session/ce0892542fc13e0f9da3069a0c56f077/element/f.812778354793FCCCD3B60D6A2602043C.d.FD8F82A930D23E5631168DE4F3A652BA.e.2421/click - {}
RESULT: {}
RESULT: {}
COMMAND: POST /session/ce0892542fc13e0f9da3069a0c56f077/element - {"using":"xpath","value":"(//input[contains(@id ,\"application-managecatalogs-display-component---detailCatalog--ValuesTable-0-inner\")])[1]"}
COMMAND: GET /session/ce0892542fc13e0f9da3069a0c56f077/screenshot - {}
RESULT: {"using":"xpath","value":"(//input[contains(@id ,\"application-managecatalogs-display-component---detailCatalog--ValuesTable-0-inner\")])[1]"}
COMMAND: POST /session/ce0892542fc13e0f9da3069a0c56f077/element/f.812778354793FCCCD3B60D6A2602043C.d.FD8F82A930D23E5631168DE4F3A652BA.e.2424/clear - {}
RESULT: {}
RESULT: {}
COMMAND: POST /session/ce0892542fc13e0f9da3069a0c56f077/element/f.812778354793FCCCD3B60D6A2602043C.d.FD8F82A930D23E5631168DE4F3A652BA.e.2424/value - {"text":"D&I catalog price"}
COMMAND: GET /session/ce0892542fc13e0f9da3069a0c56f077/screenshot - {}
RESULT: {"text":"D&I catalog price"}
COMMAND: GET /session/ce0892542fc13e0f9da3069a0c56f077/screenshot - {}
RESULT: {}
RESULT: {}
COMMAND: POST /session/ce0892542fc13e0f9da3069a0c56f077/actions - {"actions":[{"id":"action12","type":"key","parameters":{},"actions":[{"type":"keyDown","value":""},{"type":"pause","duration":10},{"type":"keyUp","value":""}]}]}
RESULT: {"actions":[{"id":"action12","type":"key","parameters":{},"actions":[{"type":"keyDown","value":""},{"type":"pause","duration":10},{"type":"keyUp","value":""}]}]}
COMMAND: POST /session/ce0892542fc13e0f9da3069a0c56f077/element - {"using":"xpath","value":"(//input[contains(@id ,\"application-managecatalogs-display-component---detailCatalog--ValuesTable-1-inner\")])[1]"}
COMMAND: GET /session/ce0892542fc13e0f9da3069a0c56f077/screenshot - {}
RESULT: {"using":"xpath","value":"(//input[contains(@id ,\"application-managecatalogs-display-component---detailCatalog--ValuesTable-1-inner\")])[1]"}
COMMAND: POST /session/ce0892542fc13e0f9da3069a0c56f077/element/f.812778354793FCCCD3B60D6A2602043C.d.FD8F82A930D23E5631168DE4F3A652BA.e.2438/clear - {}
RESULT: {}
RESULT: {}
COMMAND: POST /session/ce0892542fc13e0f9da3069a0c56f077/element/f.812778354793FCCCD3B60D6A2602043C.d.FD8F82A930D23E5631168DE4F3A652BA.e.2438/value - {"text":"D&I catalog price"}
COMMAND: GET /session/ce0892542fc13e0f9da3069a0c56f077/screenshot - {}
RESULT: {"text":"D&I catalog price"}
COMMAND: GET /session/ce0892542fc13e0f9da3069a0c56f077/screenshot - {}
RESULT: {}
RESULT: {}
COMMAND: POST /session/ce0892542fc13e0f9da3069a0c56f077/actions - {"actions":[{"id":"action13","type":"key","parameters":{},"actions":[{"type":"keyDown","value":""},{"type":"pause","duration":10},{"type":"keyUp","value":""}]}]}
RESULT: {"actions":[{"id":"action13","type":"key","parameters":{},"actions":[{"type":"keyDown","value":""},{"type":"pause","duration":10},{"type":"keyUp","value":""}]}]}
COMMAND: POST /session/ce0892542fc13e0f9da3069a0c56f077/element - {"using":"xpath","value":"(//input[contains(@id ,\"application-managecatalogs-display-component---detailCatalog--ValuesTable-0-inner\")])[8]"}
COMMAND: GET /session/ce0892542fc13e0f9da3069a0c56f077/screenshot - {}
RESULT: {"using":"xpath","value":"(//input[contains(@id ,\"application-managecatalogs-display-component---detailCatalog--ValuesTable-0-inner\")])[8]"}
COMMAND: POST /session/ce0892542fc13e0f9da3069a0c56f077/element/f.812778354793FCCCD3B60D6A2602043C.d.FD8F82A930D23E5631168DE4F3A652BA.e.2431/clear - {}
RESULT: {}
RESULT: {}
COMMAND: POST /session/ce0892542fc13e0f9da3069a0c56f077/element/f.812778354793FCCCD3B60D6A2602043C.d.FD8F82A930D23E5631168DE4F3A652BA.e.2431/value - {"text":"101"}
COMMAND: GET /session/ce0892542fc13e0f9da3069a0c56f077/screenshot - {}
RESULT: {"text":"101"}
COMMAND: GET /session/ce0892542fc13e0f9da3069a0c56f077/screenshot - {}
RESULT: {}
RESULT: {}
COMMAND: POST /session/ce0892542fc13e0f9da3069a0c56f077/actions - {"actions":[{"id":"action14","type":"key","parameters":{},"actions":[{"type":"keyDown","value":""},{"type":"pause","duration":10},{"type":"keyUp","value":""}]}]}
RESULT: {"actions":[{"id":"action14","type":"key","parameters":{},"actions":[{"type":"keyDown","value":""},{"type":"pause","duration":10},{"type":"keyUp","value":""}]}]}
COMMAND: POST /session/ce0892542fc13e0f9da3069a0c56f077/element - {"using":"xpath","value":"(//input[contains(@id ,\"application-managecatalogs-display-component---detailCatalog--ValuesTable-1-inner\")])[8]"}
COMMAND: GET /session/ce0892542fc13e0f9da3069a0c56f077/screenshot - {}
RESULT: {"using":"xpath","value":"(//input[contains(@id ,\"application-managecatalogs-display-component---detailCatalog--ValuesTable-1-inner\")])[8]"}
COMMAND: POST /session/ce0892542fc13e0f9da3069a0c56f077/element/f.812778354793FCCCD3B60D6A2602043C.d.FD8F82A930D23E5631168DE4F3A652BA.e.2445/clear - {}
RESULT: {}
RESULT: {}
COMMAND: POST /session/ce0892542fc13e0f9da3069a0c56f077/element/f.812778354793FCCCD3B60D6A2602043C.d.FD8F82A930D23E5631168DE4F3A652BA.e.2445/value - {"text":"101"}
COMMAND: GET /session/ce0892542fc13e0f9da3069a0c56f077/screenshot - {}
RESULT: {"text":"101"}
COMMAND: GET /session/ce0892542fc13e0f9da3069a0c56f077/screenshot - {}
RESULT: {}
RESULT: {}
COMMAND: POST /session/ce0892542fc13e0f9da3069a0c56f077/actions - {"actions":[{"id":"action15","type":"key","parameters":{},"actions":[{"type":"keyDown","value":""},{"type":"pause","duration":10},{"type":"keyUp","value":""}]}]}
RESULT: {"actions":[{"id":"action15","type":"key","parameters":{},"actions":[{"type":"keyDown","value":""},{"type":"pause","duration":10},{"type":"keyUp","value":""}]}]}
RESULT: undefined
COMMAND: POST /session/ce0892542fc13e0f9da3069a0c56f077/element - {"using":"xpath","value":"//*[@id=\"__button43\"]"}
COMMAND: GET /session/ce0892542fc13e0f9da3069a0c56f077/screenshot - {}
RESULT: {"using":"xpath","value":"//*[@id=\"__button43\"]"}
COMMAND: POST /session/ce0892542fc13e0f9da3069a0c56f077/element/f.812778354793FCCCD3B60D6A2602043C.d.FD8F82A930D23E5631168DE4F3A652BA.e.2414/click - {}
RESULT: {}
RESULT: {}
COMMAND: GET /session/ce0892542fc13e0f9da3069a0c56f077/screenshot - {}
RESULT: {}
COMMAND: POST /session/ce0892542fc13e0f9da3069a0c56f077/execute/async - {"script":"<script> [1562 bytes]","args":[{"selector":{"controlType":"sap.m.Text","properties":{"text":"Existing values with the same start date!"},"searchOpenDialogs":true},"wdio_ui5_key":"sapm.Text{\"text\":\"Existing values with the same start date!\"}"}]}
RESULT: {"script":"<script> [1562 bytes]","args":[{"selector":{"controlType":"sap.m.Text","properties":{"text":"Existing values with the same start date!"},"searchOpenDialogs":true},"wdio_ui5_key":"sapm.Text{\"text\":\"Existing values with the same start date!\"}"}]}
RESULT: undefined
COMMAND: POST /session/ce0892542fc13e0f9da3069a0c56f077/execute/async - {"script":"<script> [6424 bytes]","args":[{"element-6066-11e4-a52e-4f735466cecf":"f.812778354793FCCCD3B60D6A2602043C.d.FD8F82A930D23E5631168DE4F3A652BA.e.2474"},"getText",[]]}
RESULT: {"script":"<script> [6424 bytes]","args":[{"element-6066-11e4-a52e-4f735466cecf":"f.812778354793FCCCD3B60D6A2602043C.d.FD8F82A930D23E5631168DE4F3A652BA.e.2474"},"getText",[]]}
COMMAND: POST /session/ce0892542fc13e0f9da3069a0c56f077/execute/async - {"script":"<script> [1562 bytes]","args":[{"selector":{"controlType":"sap.m.Button","properties":{"text":"OK"},"searchOpenDialogs":true,"interaction":{"idSuffix":"BDI-content"}},"wdio_ui5_key":"sapm.Button{\"text\":\"OK\"}"}]}
RESULT: {"script":"<script> [1562 bytes]","args":[{"selector":{"controlType":"sap.m.Button","properties":{"text":"OK"},"searchOpenDialogs":true,"interaction":{"idSuffix":"BDI-content"}},"wdio_ui5_key":"sapm.Button{\"text\":\"OK\"}"}]}
RESULT: undefined
COMMAND: POST /session/ce0892542fc13e0f9da3069a0c56f077/element - {"using":"xpath","value":"//*[@id=\"__mbox-btn-2\"]"}
RESULT: {"using":"xpath","value":"//*[@id=\"__mbox-btn-2\"]"}
COMMAND: POST /session/ce0892542fc13e0f9da3069a0c56f077/element/f.812778354793FCCCD3B60D6A2602043C.d.FD8F82A930D23E5631168DE4F3A652BA.e.2470/click - {}
RESULT: {}
COMMAND: POST /session/ce0892542fc13e0f9da3069a0c56f077/element - {"using":"xpath","value":"(//input[contains(@id ,\"application-managecatalogs-display-component---detailCatalog--ValuesTable-0-inner\")])[8]"}
COMMAND: GET /session/ce0892542fc13e0f9da3069a0c56f077/screenshot - {}
RESULT: {"using":"xpath","value":"(//input[contains(@id ,\"application-managecatalogs-display-component---detailCatalog--ValuesTable-0-inner\")])[8]"}
COMMAND: POST /session/ce0892542fc13e0f9da3069a0c56f077/element/f.812778354793FCCCD3B60D6A2602043C.d.FD8F82A930D23E5631168DE4F3A652BA.e.2431/clear - {}
RESULT: {}
RESULT: {}
COMMAND: POST /session/ce0892542fc13e0f9da3069a0c56f077/element/f.812778354793FCCCD3B60D6A2602043C.d.FD8F82A930D23E5631168DE4F3A652BA.e.2431/value - {"text":"102"}
COMMAND: GET /session/ce0892542fc13e0f9da3069a0c56f077/screenshot - {}
RESULT: {"text":"102"}
COMMAND: GET /session/ce0892542fc13e0f9da3069a0c56f077/screenshot - {}
RESULT: {}
RESULT: {}
COMMAND: POST /session/ce0892542fc13e0f9da3069a0c56f077/actions - {"actions":[{"id":"action16","type":"key","parameters":{},"actions":[{"type":"keyDown","value":""},{"type":"pause","duration":10},{"type":"keyUp","value":""}]}]}
RESULT: {"actions":[{"id":"action16","type":"key","parameters":{},"actions":[{"type":"keyDown","value":""},{"type":"pause","duration":10},{"type":"keyUp","value":""}]}]}
COMMAND: GET /session/ce0892542fc13e0f9da3069a0c56f077/screenshot - {}
RESULT: {}
RESULT: undefined
COMMAND: POST /session/ce0892542fc13e0f9da3069a0c56f077/element - {"using":"xpath","value":"//*[@id=\"__button43\"]"}
RESULT: {"using":"xpath","value":"//*[@id=\"__button43\"]"}
COMMAND: POST /session/ce0892542fc13e0f9da3069a0c56f077/element/f.812778354793FCCCD3B60D6A2602043C.d.FD8F82A930D23E5631168DE4F3A652BA.e.2414/click - {}
RESULT: {}
COMMAND: GET /session/ce0892542fc13e0f9da3069a0c56f077/screenshot - {}
RESULT: {}
COMMAND: POST /session/ce0892542fc13e0f9da3069a0c56f077/refresh - {}
RESULT: {}
COMMAND: GET /session/ce0892542fc13e0f9da3069a0c56f077/screenshot - {}
RESULT: {}
COMMAND: POST /session/ce0892542fc13e0f9da3069a0c56f077/execute/async - {"script":"<script> [189 bytes]","args":[]}
RESULT: {"script":"<script> [189 bytes]","args":[]}
COMMAND: POST /session/ce0892542fc13e0f9da3069a0c56f077/execute/async - {"script":"<script> [123 bytes]","args":[]}
RESULT: {"script":"<script> [123 bytes]","args":[]}
COMMAND: POST /session/ce0892542fc13e0f9da3069a0c56f077/timeouts - {"script":"<number>"}
RESULT: {"script":"<number>"}
COMMAND: GET /session/ce0892542fc13e0f9da3069a0c56f077/timeouts - {}
RESULT: {}
RESULT: undefined
COMMAND: POST /session/ce0892542fc13e0f9da3069a0c56f077/execute/async - {"script":"<script> [2676 bytes]","args":[]}
RESULT: {"script":"<script> [2676 bytes]","args":[]}
COMMAND: POST /session/ce0892542fc13e0f9da3069a0c56f077/execute/async - {"script":"<script> [2342 bytes]","args":[{"protocol":"http","hostname":"0.0.0.0","path":"/","capabilities":{"browserName":"chrome","goog:chromeOptions":{"binary":"C:\\Program Files\\Google\\Chrome\\Application\\chrome.exe","args":["--start-maximized"]}},"logLevel":"warn","connectionRetryTimeout":120000,"connectionRetryCount":3,"logLevels":{},"enableDirectConnect":true,"strictSSL":true,"_":"65 more keys: [\"cacheDir\",\"port\",\"requestedCapabilities\",\"automationProtocol\",\"baseUrl\",\"waitforInterval\",\"waitforTimeout\",\"onReload\",\"beforeCommand\",\"afterCommand\",\"rootDir\",\"specs\",\"suites\",\"exclude\",\"groupLogsByTestSpec\",\"excludeDriverLogs\",\"bail\",\"framework\",\"reporters\",\"services\",\"maxInstances\",\"maxInstancesPerCapability\",\"injectGlobals\",\"filesToWatch\",\"execArgv\",\"runnerEnv\",\"runner\",\"shard\",\"specFileRetries\",\"specFileRetriesDelay\",\"specFileRetriesDeferred\",\"reporterSyncInterval\",\"reporterSyncTimeout\",\"cucumberFeaturesWithLineNumbers\",\"autoCompileOpts\",\"mochaOpts\",\"jasmineOpts\",\"cucumberOpts\",\"onPrepare\",\"onWorkerStart\",\"onWorkerEnd\",\"before\",\"beforeSession\",\"beforeSuite\",\"beforeHook\",\"beforeTest\",\"afterTest\",\"afterHook\",\"afterSuite\",\"afterSession\",\"after\",\"onComplete\",\"beforeAssertion\",\"afterAssertion\",\"beforeFeature\",\"beforeScenario\",\"beforeStep\",\"afterStep\",\"afterScenario\",\"afterFeature\",\"_\",\"suite\",\"$0\",\"ignoredWorkerServices\",\"wdi5\"]"}]}
RESULT: {"script":"<script> [2342 bytes]","args":[{"protocol":"http","hostname":"0.0.0.0","path":"/","capabilities":{"browserName":"chrome","goog:chromeOptions":{"binary":"C:\\Program Files\\Google\\Chrome\\Application\\chrome.exe","args":["--start-maximized"]}},"logLevel":"warn","connectionRetryTimeout":120000,"connectionRetryCount":3,"logLevels":{},"enableDirectConnect":true,"strictSSL":true,"_":"65 more keys: [\"cacheDir\",\"port\",\"requestedCapabilities\",\"automationProtocol\",\"baseUrl\",\"waitforInterval\",\"waitforTimeout\",\"onReload\",\"beforeCommand\",\"afterCommand\",\"rootDir\",\"specs\",\"suites\",\"exclude\",\"groupLogsByTestSpec\",\"excludeDriverLogs\",\"bail\",\"framework\",\"reporters\",\"services\",\"maxInstances\",\"maxInstancesPerCapability\",\"injectGlobals\",\"filesToWatch\",\"execArgv\",\"runnerEnv\",\"runner\",\"shard\",\"specFileRetries\",\"specFileRetriesDelay\",\"specFileRetriesDeferred\",\"reporterSyncInterval\",\"reporterSyncTimeout\",\"cucumberFeaturesWithLineNumbers\",\"autoCompileOpts\",\"mochaOpts\",\"jasmineOpts\",\"cucumberOpts\",\"onPrepare\",\"onWorkerStart\",\"onWorkerEnd\",\"before\",\"beforeSession\",\"beforeSuite\",\"beforeHook\",\"beforeTest\",\"afterTest\",\"afterHook\",\"afterSuite\",\"afterSession\",\"after\",\"onComplete\",\"beforeAssertion\",\"afterAssertion\",\"beforeFeature\",\"beforeScenario\",\"beforeStep\",\"afterStep\",\"afterScenario\",\"afterFeature\",\"_\",\"suite\",\"$0\",\"ignoredWorkerServices\",\"wdi5\"]"}]}
COMMAND: POST /session/ce0892542fc13e0f9da3069a0c56f077/execute/async - {"script":"<script> [21126 bytes]","args":[35000]}
RESULT: {"script":"<script> [21126 bytes]","args":[35000]}
COMMAND: POST /session/ce0892542fc13e0f9da3069a0c56f077/execute/async - {"script":"<script> [1562 bytes]","args":[{"selector":{"id":"application-managecatalogs-display-component---detailCatalog--ValuesSmartTable-header"},"wdio_ui5_key":"applicationmanagecatalogs-display-component---detailCatalog--ValuesSmartTable-header"}]}
RESULT: {"script":"<script> [1562 bytes]","args":[{"selector":{"id":"application-managecatalogs-display-component---detailCatalog--ValuesSmartTable-header"},"wdio_ui5_key":"applicationmanagecatalogs-display-component---detailCatalog--ValuesSmartTable-header"}]}
RESULT: undefined
COMMAND: POST /session/ce0892542fc13e0f9da3069a0c56f077/execute/async - {"script":"<script> [6424 bytes]","args":[{"element-6066-11e4-a52e-4f735466cecf":"f.812778354793FCCCD3B60D6A2602043C.d.08E4C1271B6F0FBE0CEA94729C996BAA.e.2574"},"getText",[]]}
RESULT: {"script":"<script> [6424 bytes]","args":[{"element-6066-11e4-a52e-4f735466cecf":"f.812778354793FCCCD3B60D6A2602043C.d.08E4C1271B6F0FBE0CEA94729C996BAA.e.2574"},"getText",[]]}
COMMAND: POST /session/ce0892542fc13e0f9da3069a0c56f077/element - {"using":"css selector","value":"#shell-header-logo"}
RESULT: {"using":"css selector","value":"#shell-header-logo"}
COMMAND: POST /session/ce0892542fc13e0f9da3069a0c56f077/element/f.812778354793FCCCD3B60D6A2602043C.d.08E4C1271B6F0FBE0CEA94729C996BAA.e.2511/click - {}
RESULT: {}
COMMAND: GET /session/ce0892542fc13e0f9da3069a0c56f077/screenshot - {}
RESULT: {}
]]></system-out>
    </testcase>
  </testsuite>
  <testsuite timestamp="2025-05-22T15:58:53" time="427.622" tests="4" failures="0" errors="0" skipped="0">
    <properties>
      <property name="specId" value="0"/>
      <property name="suiteName" value="Verify RU inventory split cost information US139363"/>
      <property name="capabilities" value="chrome.136_0_7103_93.windows"/>
      <property name="file" value="file:///D:/a/1/s/test/specs/R2C/verify-ru-inventory-split-cost-information.spec.js"/>
    </properties>
    <testcase classname="chrome.136_0_7103_93.windows.Verify_RU_inventory_split_cost_information_US139363" name="Should create a new contract" time="114.716">
      <system-out><![CDATA[
COMMAND: POST /session/ce0892542fc13e0f9da3069a0c56f077/execute/async - {"script":"<script> [1562 bytes]","args":[{"selector":{"controlType":"sap.m.GenericTile","properties":{"header":"Manage Contracts"}},"wdio_ui5_key":"sapm.GenericTile{\"header\":\"Manage Contracts\"}"}]}
RESULT: {"script":"<script> [1562 bytes]","args":[{"selector":{"controlType":"sap.m.GenericTile","properties":{"header":"Manage Contracts"}},"wdio_ui5_key":"sapm.GenericTile{\"header\":\"Manage Contracts\"}"}]}
RESULT: undefined
COMMAND: POST /session/ce0892542fc13e0f9da3069a0c56f077/element - {"using":"xpath","value":"//*[@id=\"__tile131\"]"}
RESULT: {"using":"xpath","value":"//*[@id=\"__tile131\"]"}
COMMAND: POST /session/ce0892542fc13e0f9da3069a0c56f077/element/f.812778354793FCCCD3B60D6A2602043C.d.08E4C1271B6F0FBE0CEA94729C996BAA.e.2587/click - {}
RESULT: {}
COMMAND: GET /session/ce0892542fc13e0f9da3069a0c56f077/screenshot - {}
RESULT: {}
COMMAND: POST /session/ce0892542fc13e0f9da3069a0c56f077/elements - {"using":"xpath","value":"//span[text()='Error']"}
RESULT: {"using":"xpath","value":"//span[text()='Error']"}
COMMAND: POST /session/ce0892542fc13e0f9da3069a0c56f077/element - {"using":"xpath","value":"//button[@data-kt=\"addButton\"]"}
RESULT: {"using":"xpath","value":"//button[@data-kt=\"addButton\"]"}
COMMAND: POST /session/ce0892542fc13e0f9da3069a0c56f077/element/f.812778354793FCCCD3B60D6A2602043C.d.08E4C1271B6F0FBE0CEA94729C996BAA.e.2628/click - {}
RESULT: {}
COMMAND: GET /session/ce0892542fc13e0f9da3069a0c56f077/screenshot - {}
COMMAND: POST /session/ce0892542fc13e0f9da3069a0c56f077/execute/async - {"script":"<script> [1562 bytes]","args":[{"selector":{"id":"application-managecontracts-display-component---AddNewContract--projectDescription","interaction":{"idSuffix":"inner"}},"wdio_ui5_key":"applicationmanagecontracts-display-component---AddNewContract--projectDescription"}]}
RESULT: {}
RESULT: {"script":"<script> [1562 bytes]","args":[{"selector":{"id":"application-managecontracts-display-component---AddNewContract--projectDescription","interaction":{"idSuffix":"inner"}},"wdio_ui5_key":"applicationmanagecontracts-display-component---AddNewContract--projectDescription"}]}
RESULT: undefined
COMMAND: POST /session/ce0892542fc13e0f9da3069a0c56f077/execute/async - {"script":"<script> [776 bytes]","args":[{"enterText":"WdIOR2cyxa5di","selector":{"id":"application-managecontracts-display-component---AddNewContract--projectDescription","interaction":{"idSuffix":"inner"}},"clearTextFirst":true,"interactionType":"ENTER_TEXT"}]}
RESULT: {"script":"<script> [776 bytes]","args":[{"enterText":"WdIOR2cyxa5di","selector":{"id":"application-managecontracts-display-component---AddNewContract--projectDescription","interaction":{"idSuffix":"inner"}},"clearTextFirst":true,"interactionType":"ENTER_TEXT"}]}
COMMAND: POST /session/ce0892542fc13e0f9da3069a0c56f077/element - {"using":"xpath","value":"//input[@id=\"application-managecontracts-display-component---AddNewContract--yardId-inner\"]"}
RESULT: {"using":"xpath","value":"//input[@id=\"application-managecontracts-display-component---AddNewContract--yardId-inner\"]"}
COMMAND: POST /session/ce0892542fc13e0f9da3069a0c56f077/element/f.812778354793FCCCD3B60D6A2602043C.d.08E4C1271B6F0FBE0CEA94729C996BAA.e.2940/clear - {}
RESULT: {}
COMMAND: POST /session/ce0892542fc13e0f9da3069a0c56f077/element/f.812778354793FCCCD3B60D6A2602043C.d.08E4C1271B6F0FBE0CEA94729C996BAA.e.2940/value - {"text":"webdriveryard"}
COMMAND: GET /session/ce0892542fc13e0f9da3069a0c56f077/screenshot - {}
RESULT: {"text":"webdriveryard"}
COMMAND: GET /session/ce0892542fc13e0f9da3069a0c56f077/screenshot - {}
RESULT: {}
RESULT: {}
COMMAND: POST /session/ce0892542fc13e0f9da3069a0c56f077/actions - {"actions":[{"id":"action17","type":"key","parameters":{},"actions":[{"type":"keyDown","value":""},{"type":"pause","duration":10},{"type":"keyUp","value":""}]}]}
RESULT: {"actions":[{"id":"action17","type":"key","parameters":{},"actions":[{"type":"keyDown","value":""},{"type":"pause","duration":10},{"type":"keyUp","value":""}]}]}
COMMAND: GET /session/ce0892542fc13e0f9da3069a0c56f077/screenshot - {}
RESULT: {}
COMMAND: POST /session/ce0892542fc13e0f9da3069a0c56f077/element - {"using":"xpath","value":"//input[@id=\"application-managecontracts-display-component---AddNewContract--customerSelect-inner\"]"}
RESULT: {"using":"xpath","value":"//input[@id=\"application-managecontracts-display-component---AddNewContract--customerSelect-inner\"]"}
COMMAND: POST /session/ce0892542fc13e0f9da3069a0c56f077/element/f.812778354793FCCCD3B60D6A2602043C.d.08E4C1271B6F0FBE0CEA94729C996BAA.e.2938/clear - {}
RESULT: {}
COMMAND: POST /session/ce0892542fc13e0f9da3069a0c56f077/element/f.812778354793FCCCD3B60D6A2602043C.d.08E4C1271B6F0FBE0CEA94729C996BAA.e.2938/value - {"text":"webdriverpartner"}
COMMAND: GET /session/ce0892542fc13e0f9da3069a0c56f077/screenshot - {}
RESULT: {"text":"webdriverpartner"}
COMMAND: GET /session/ce0892542fc13e0f9da3069a0c56f077/screenshot - {}
RESULT: {}
RESULT: {}
COMMAND: POST /session/ce0892542fc13e0f9da3069a0c56f077/actions - {"actions":[{"id":"action18","type":"key","parameters":{},"actions":[{"type":"keyDown","value":""},{"type":"pause","duration":10},{"type":"keyUp","value":""}]}]}
RESULT: {"actions":[{"id":"action18","type":"key","parameters":{},"actions":[{"type":"keyDown","value":""},{"type":"pause","duration":10},{"type":"keyUp","value":""}]}]}
COMMAND: GET /session/ce0892542fc13e0f9da3069a0c56f077/screenshot - {}
RESULT: {}
COMMAND: POST /session/ce0892542fc13e0f9da3069a0c56f077/element - {"using":"xpath","value":"//input[@id=\"application-managecontracts-display-component---AddNewContract--site-inner\"]"}
RESULT: {"using":"xpath","value":"//input[@id=\"application-managecontracts-display-component---AddNewContract--site-inner\"]"}
COMMAND: POST /session/ce0892542fc13e0f9da3069a0c56f077/element/f.812778354793FCCCD3B60D6A2602043C.d.08E4C1271B6F0FBE0CEA94729C996BAA.e.2939/clear - {}
RESULT: {}
COMMAND: POST /session/ce0892542fc13e0f9da3069a0c56f077/element/f.812778354793FCCCD3B60D6A2602043C.d.08E4C1271B6F0FBE0CEA94729C996BAA.e.2939/value - {"text":"Webdriversite"}
COMMAND: GET /session/ce0892542fc13e0f9da3069a0c56f077/screenshot - {}
RESULT: {"text":"Webdriversite"}
COMMAND: GET /session/ce0892542fc13e0f9da3069a0c56f077/screenshot - {}
RESULT: {}
RESULT: {}
COMMAND: POST /session/ce0892542fc13e0f9da3069a0c56f077/actions - {"actions":[{"id":"action19","type":"key","parameters":{},"actions":[{"type":"keyDown","value":""},{"type":"pause","duration":10},{"type":"keyUp","value":""}]}]}
RESULT: {"actions":[{"id":"action19","type":"key","parameters":{},"actions":[{"type":"keyDown","value":""},{"type":"pause","duration":10},{"type":"keyUp","value":""}]}]}
COMMAND: GET /session/ce0892542fc13e0f9da3069a0c56f077/screenshot - {}
COMMAND: POST /session/ce0892542fc13e0f9da3069a0c56f077/element - {"using":"xpath","value":"//button[@data-kt=\"saveButton\"]"}
RESULT: {}
RESULT: {"using":"xpath","value":"//button[@data-kt=\"saveButton\"]"}
COMMAND: POST /session/ce0892542fc13e0f9da3069a0c56f077/element/f.812778354793FCCCD3B60D6A2602043C.d.08E4C1271B6F0FBE0CEA94729C996BAA.e.2980/click - {}
RESULT: {}
COMMAND: GET /session/ce0892542fc13e0f9da3069a0c56f077/screenshot - {}
RESULT: {}
COMMAND: POST /session/ce0892542fc13e0f9da3069a0c56f077/execute/async - {"script":"<script> [1562 bytes]","args":[{"selector":{"id":"contractDetailTitleNoExpanded","viewName":"etm.portal.ui.managecontracts.view.Detail"},"wdio_ui5_key":"contractDetailTitleNoExpandedetmportal.ui.managecontracts.view.Detail"}]}
RESULT: {"script":"<script> [1562 bytes]","args":[{"selector":{"id":"contractDetailTitleNoExpanded","viewName":"etm.portal.ui.managecontracts.view.Detail"},"wdio_ui5_key":"contractDetailTitleNoExpandedetmportal.ui.managecontracts.view.Detail"}]}
RESULT: undefined
COMMAND: POST /session/ce0892542fc13e0f9da3069a0c56f077/execute/async - {"script":"<script> [6424 bytes]","args":[{"element-6066-11e4-a52e-4f735466cecf":"f.812778354793FCCCD3B60D6A2602043C.d.08E4C1271B6F0FBE0CEA94729C996BAA.e.2991"},"getText",[]]}
RESULT: {"script":"<script> [6424 bytes]","args":[{"element-6066-11e4-a52e-4f735466cecf":"f.812778354793FCCCD3B60D6A2602043C.d.08E4C1271B6F0FBE0CEA94729C996BAA.e.2991"},"getText",[]]}
COMMAND: POST /session/ce0892542fc13e0f9da3069a0c56f077/element - {"using":"css selector","value":"#shell-header-logo"}
RESULT: {"using":"css selector","value":"#shell-header-logo"}
COMMAND: POST /session/ce0892542fc13e0f9da3069a0c56f077/element/f.812778354793FCCCD3B60D6A2602043C.d.08E4C1271B6F0FBE0CEA94729C996BAA.e.2592/click - {}
RESULT: {}
COMMAND: GET /session/ce0892542fc13e0f9da3069a0c56f077/screenshot - {}
RESULT: {}
]]></system-out>
    </testcase>
    <testcase classname="chrome.136_0_7103_93.windows.Verify_RU_inventory_split_cost_information_US139363" name="Should create a new equipment" time="123.139">
      <system-out><![CDATA[
COMMAND: POST /session/ce0892542fc13e0f9da3069a0c56f077/execute/async - {"script":"<script> [1562 bytes]","args":[{"selector":{"controlType":"sap.m.GenericTile","properties":{"header":"Manage Resources"}},"wdio_ui5_key":"sapm.GenericTile{\"header\":\"Manage Resources\"}"}]}
RESULT: {"script":"<script> [1562 bytes]","args":[{"selector":{"controlType":"sap.m.GenericTile","properties":{"header":"Manage Resources"}},"wdio_ui5_key":"sapm.GenericTile{\"header\":\"Manage Resources\"}"}]}
RESULT: undefined
COMMAND: POST /session/ce0892542fc13e0f9da3069a0c56f077/element - {"using":"xpath","value":"//*[@id=\"__tile39\"]"}
RESULT: {"using":"xpath","value":"//*[@id=\"__tile39\"]"}
COMMAND: POST /session/ce0892542fc13e0f9da3069a0c56f077/element/f.812778354793FCCCD3B60D6A2602043C.d.08E4C1271B6F0FBE0CEA94729C996BAA.e.2994/click - {}
RESULT: {}
COMMAND: GET /session/ce0892542fc13e0f9da3069a0c56f077/screenshot - {}
RESULT: {}
COMMAND: POST /session/ce0892542fc13e0f9da3069a0c56f077/elements - {"using":"xpath","value":"//span[text()='Error']"}
RESULT: {"using":"xpath","value":"//span[text()='Error']"}
COMMAND: POST /session/ce0892542fc13e0f9da3069a0c56f077/element - {"using":"xpath","value":"//button[@data-kt=\"addNewRUOverflowToolbarButton\"]"}
RESULT: {"using":"xpath","value":"//button[@data-kt=\"addNewRUOverflowToolbarButton\"]"}
COMMAND: POST /session/ce0892542fc13e0f9da3069a0c56f077/execute/sync - {"script":"<script> [8489 bytes]","args":[{"element-6066-11e4-a52e-4f735466cecf":"f.812778354793FCCCD3B60D6A2602043C.d.08E4C1271B6F0FBE0CEA94729C996BAA.e.3036","ELEMENT":"f.812778354793FCCCD3B60D6A2602043C.d.08E4C1271B6F0FBE0CEA94729C996BAA.e.3036"}]}
RESULT: {"script":"<script> [8489 bytes]","args":[{"element-6066-11e4-a52e-4f735466cecf":"f.812778354793FCCCD3B60D6A2602043C.d.08E4C1271B6F0FBE0CEA94729C996BAA.e.3036","ELEMENT":"f.812778354793FCCCD3B60D6A2602043C.d.08E4C1271B6F0FBE0CEA94729C996BAA.e.3036"}]}
COMMAND: POST /session/ce0892542fc13e0f9da3069a0c56f077/element/f.812778354793FCCCD3B60D6A2602043C.d.08E4C1271B6F0FBE0CEA94729C996BAA.e.3036/click - {}
COMMAND: GET /session/ce0892542fc13e0f9da3069a0c56f077/screenshot - {}
RESULT: {}
COMMAND: GET /session/ce0892542fc13e0f9da3069a0c56f077/screenshot - {}
RESULT: {}
RESULT: {}
COMMAND: POST /session/ce0892542fc13e0f9da3069a0c56f077/execute/async - {"script":"<script> [1562 bytes]","args":[{"selector":{"id":"application-manageresources-display-component---newResourceUnit--TYPE-arrow"},"wdio_ui5_key":"applicationmanageresources-display-component---newResourceUnit--TYPE-arrow"}]}
RESULT: {"script":"<script> [1562 bytes]","args":[{"selector":{"id":"application-manageresources-display-component---newResourceUnit--TYPE-arrow"},"wdio_ui5_key":"applicationmanageresources-display-component---newResourceUnit--TYPE-arrow"}]}
RESULT: undefined
COMMAND: POST /session/ce0892542fc13e0f9da3069a0c56f077/element - {"using":"xpath","value":"//*[@id=\"application-manageresources-display-component---newResourceUnit--TYPE-arrow\"]"}
RESULT: {"using":"xpath","value":"//*[@id=\"application-manageresources-display-component---newResourceUnit--TYPE-arrow\"]"}
COMMAND: POST /session/ce0892542fc13e0f9da3069a0c56f077/element/f.812778354793FCCCD3B60D6A2602043C.d.08E4C1271B6F0FBE0CEA94729C996BAA.e.3359/click - {}
RESULT: {}
COMMAND: POST /session/ce0892542fc13e0f9da3069a0c56f077/execute/async - {"script":"<script> [1562 bytes]","args":[{"selector":{"controlType":"sap.m.StandardListItem","viewName":"reusables.view.manageresources.NewResourceUnit","viewId":"application-manageresources-display-component---newResourceUnit","properties":{"title":"Equipment"},"searchOpenDialogs":true,"interaction":{"idSuffix":"content"}},"wdio_ui5_key":"reusablesview.manageresources.NewResourceUnitsap.m.StandardListItem{\"title\":\"Equipment\"}"}]}
COMMAND: GET /session/ce0892542fc13e0f9da3069a0c56f077/screenshot - {}
RESULT: {"script":"<script> [1562 bytes]","args":[{"selector":{"controlType":"sap.m.StandardListItem","viewName":"reusables.view.manageresources.NewResourceUnit","viewId":"application-manageresources-display-component---newResourceUnit","properties":{"title":"Equipment"},"searchOpenDialogs":true,"interaction":{"idSuffix":"content"}},"wdio_ui5_key":"reusablesview.manageresources.NewResourceUnitsap.m.StandardListItem{\"title\":\"Equipment\"}"}]}
RESULT: undefined
COMMAND: POST /session/ce0892542fc13e0f9da3069a0c56f077/element - {"using":"xpath","value":"//*[@id=\"__item3017\"]"}
RESULT: {}
RESULT: {"using":"xpath","value":"//*[@id=\"__item3017\"]"}
COMMAND: POST /session/ce0892542fc13e0f9da3069a0c56f077/element/f.812778354793FCCCD3B60D6A2602043C.d.08E4C1271B6F0FBE0CEA94729C996BAA.e.3362/click - {}
RESULT: {}
COMMAND: POST /session/ce0892542fc13e0f9da3069a0c56f077/execute/async - {"script":"<script> [1562 bytes]","args":[{"selector":{"id":"application-manageresources-display-component---newResourceUnit--resourceId","interaction":{"idSuffix":"inner"}},"wdio_ui5_key":"applicationmanageresources-display-component---newResourceUnit--resourceId"}]}
COMMAND: GET /session/ce0892542fc13e0f9da3069a0c56f077/screenshot - {}
RESULT: {"script":"<script> [1562 bytes]","args":[{"selector":{"id":"application-manageresources-display-component---newResourceUnit--resourceId","interaction":{"idSuffix":"inner"}},"wdio_ui5_key":"applicationmanageresources-display-component---newResourceUnit--resourceId"}]}
RESULT: undefined
COMMAND: POST /session/ce0892542fc13e0f9da3069a0c56f077/execute/async - {"script":"<script> [776 bytes]","args":[{"enterText":"WdIOR2cEquip4xf8y","selector":{"id":"application-manageresources-display-component---newResourceUnit--resourceId","interaction":{"idSuffix":"inner"}},"clearTextFirst":true,"interactionType":"ENTER_TEXT"}]}
RESULT: {}
RESULT: {"script":"<script> [776 bytes]","args":[{"enterText":"WdIOR2cEquip4xf8y","selector":{"id":"application-manageresources-display-component---newResourceUnit--resourceId","interaction":{"idSuffix":"inner"}},"clearTextFirst":true,"interactionType":"ENTER_TEXT"}]}
COMMAND: POST /session/ce0892542fc13e0f9da3069a0c56f077/execute/async - {"script":"<script> [1562 bytes]","args":[{"selector":{"id":"application-manageresources-display-component---newResourceUnit--SHORT_TEXT","interaction":{"idSuffix":"inner"}},"wdio_ui5_key":"applicationmanageresources-display-component---newResourceUnit--SHORT_TEXT"}]}
RESULT: {"script":"<script> [1562 bytes]","args":[{"selector":{"id":"application-manageresources-display-component---newResourceUnit--SHORT_TEXT","interaction":{"idSuffix":"inner"}},"wdio_ui5_key":"applicationmanageresources-display-component---newResourceUnit--SHORT_TEXT"}]}
RESULT: undefined
COMMAND: POST /session/ce0892542fc13e0f9da3069a0c56f077/execute/async - {"script":"<script> [776 bytes]","args":[{"enterText":"WdIOR2cEquip4xf8y","selector":{"id":"application-manageresources-display-component---newResourceUnit--SHORT_TEXT","interaction":{"idSuffix":"inner"}},"clearTextFirst":true,"interactionType":"ENTER_TEXT"}]}
RESULT: {"script":"<script> [776 bytes]","args":[{"enterText":"WdIOR2cEquip4xf8y","selector":{"id":"application-manageresources-display-component---newResourceUnit--SHORT_TEXT","interaction":{"idSuffix":"inner"}},"clearTextFirst":true,"interactionType":"ENTER_TEXT"}]}
COMMAND: POST /session/ce0892542fc13e0f9da3069a0c56f077/execute/async - {"script":"<script> [1562 bytes]","args":[{"selector":{"id":"application-manageresources-display-component---newResourceUnit--BASE_UNIT_OF_MEASURE","interaction":{"idSuffix":"inner"}},"wdio_ui5_key":"applicationmanageresources-display-component---newResourceUnit--BASE_UNIT_OF_MEASURE"}]}
RESULT: {"script":"<script> [1562 bytes]","args":[{"selector":{"id":"application-manageresources-display-component---newResourceUnit--BASE_UNIT_OF_MEASURE","interaction":{"idSuffix":"inner"}},"wdio_ui5_key":"applicationmanageresources-display-component---newResourceUnit--BASE_UNIT_OF_MEASURE"}]}
RESULT: undefined
COMMAND: POST /session/ce0892542fc13e0f9da3069a0c56f077/execute/async - {"script":"<script> [776 bytes]","args":[{"enterText":"Piece","selector":{"id":"application-manageresources-display-component---newResourceUnit--BASE_UNIT_OF_MEASURE","interaction":{"idSuffix":"inner"}},"clearTextFirst":true,"interactionType":"ENTER_TEXT"}]}
RESULT: {"script":"<script> [776 bytes]","args":[{"enterText":"Piece","selector":{"id":"application-manageresources-display-component---newResourceUnit--BASE_UNIT_OF_MEASURE","interaction":{"idSuffix":"inner"}},"clearTextFirst":true,"interactionType":"ENTER_TEXT"}]}
COMMAND: POST /session/ce0892542fc13e0f9da3069a0c56f077/execute/async - {"script":"<script> [1562 bytes]","args":[{"selector":{"id":"application-manageresources-display-component---newResourceUnit--WEIGHT_UNIT","interaction":{"idSuffix":"inner"}},"wdio_ui5_key":"applicationmanageresources-display-component---newResourceUnit--WEIGHT_UNIT"}]}
RESULT: {"script":"<script> [1562 bytes]","args":[{"selector":{"id":"application-manageresources-display-component---newResourceUnit--WEIGHT_UNIT","interaction":{"idSuffix":"inner"}},"wdio_ui5_key":"applicationmanageresources-display-component---newResourceUnit--WEIGHT_UNIT"}]}
RESULT: undefined
COMMAND: POST /session/ce0892542fc13e0f9da3069a0c56f077/execute/async - {"script":"<script> [776 bytes]","args":[{"enterText":"Gram","selector":{"id":"application-manageresources-display-component---newResourceUnit--WEIGHT_UNIT","interaction":{"idSuffix":"inner"}},"clearTextFirst":true,"interactionType":"ENTER_TEXT"}]}
RESULT: {"script":"<script> [776 bytes]","args":[{"enterText":"Gram","selector":{"id":"application-manageresources-display-component---newResourceUnit--WEIGHT_UNIT","interaction":{"idSuffix":"inner"}},"clearTextFirst":true,"interactionType":"ENTER_TEXT"}]}
COMMAND: POST /session/ce0892542fc13e0f9da3069a0c56f077/execute/async - {"script":"<script> [1562 bytes]","args":[{"selector":{"id":"application-manageresources-display-component---newResourceUnit--newRRUPage-OPHeaderContent-collapseBtn-img"},"wdio_ui5_key":"applicationmanageresources-display-component---newResourceUnit--newRRUPage-OPHeaderContent-collapseBtn-img"}]}
RESULT: {"script":"<script> [1562 bytes]","args":[{"selector":{"id":"application-manageresources-display-component---newResourceUnit--newRRUPage-OPHeaderContent-collapseBtn-img"},"wdio_ui5_key":"applicationmanageresources-display-component---newResourceUnit--newRRUPage-OPHeaderContent-collapseBtn-img"}]}
RESULT: undefined
COMMAND: POST /session/ce0892542fc13e0f9da3069a0c56f077/element - {"using":"xpath","value":"//*[@id=\"application-manageresources-display-component---newResourceUnit--newRRUPage-OPHeaderContent-collapseBtn-img\"]"}
RESULT: {"using":"xpath","value":"//*[@id=\"application-manageresources-display-component---newResourceUnit--newRRUPage-OPHeaderContent-collapseBtn-img\"]"}
COMMAND: POST /session/ce0892542fc13e0f9da3069a0c56f077/element/f.812778354793FCCCD3B60D6A2602043C.d.08E4C1271B6F0FBE0CEA94729C996BAA.e.3370/click - {}
RESULT: {}
COMMAND: GET /session/ce0892542fc13e0f9da3069a0c56f077/screenshot - {}
RESULT: {}
COMMAND: POST /session/ce0892542fc13e0f9da3069a0c56f077/element - {"using":"xpath","value":"(//span[contains(@id ,\"application-manageresources-display-component---newResourceUnit--DIMENSION_UNIT-arrow\")])[1]"}
RESULT: {"using":"xpath","value":"(//span[contains(@id ,\"application-manageresources-display-component---newResourceUnit--DIMENSION_UNIT-arrow\")])[1]"}
COMMAND: POST /session/ce0892542fc13e0f9da3069a0c56f077/element/f.812778354793FCCCD3B60D6A2602043C.d.08E4C1271B6F0FBE0CEA94729C996BAA.e.3493/click - {}
RESULT: {}
COMMAND: GET /session/ce0892542fc13e0f9da3069a0c56f077/screenshot - {}
RESULT: {}
COMMAND: POST /session/ce0892542fc13e0f9da3069a0c56f077/execute/async - {"script":"<script> [1562 bytes]","args":[{"selector":{"controlType":"sap.m.StandardListItem","viewName":"reusables.view.manageresources.NewResourceUnit","viewId":"application-manageresources-display-component---newResourceUnit","properties":{"title":"Centimeter"},"searchOpenDialogs":true,"interaction":{"idSuffix":"titleText"}},"wdio_ui5_key":"reusablesview.manageresources.NewResourceUnitsap.m.StandardListItem{\"title\":\"Centimeter\"}"}]}
RESULT: {"script":"<script> [1562 bytes]","args":[{"selector":{"controlType":"sap.m.StandardListItem","viewName":"reusables.view.manageresources.NewResourceUnit","viewId":"application-manageresources-display-component---newResourceUnit","properties":{"title":"Centimeter"},"searchOpenDialogs":true,"interaction":{"idSuffix":"titleText"}},"wdio_ui5_key":"reusablesview.manageresources.NewResourceUnitsap.m.StandardListItem{\"title\":\"Centimeter\"}"}]}
RESULT: undefined
COMMAND: POST /session/ce0892542fc13e0f9da3069a0c56f077/element - {"using":"xpath","value":"//*[@id=\"__item3058\"]"}
RESULT: {"using":"xpath","value":"//*[@id=\"__item3058\"]"}
COMMAND: POST /session/ce0892542fc13e0f9da3069a0c56f077/element/f.812778354793FCCCD3B60D6A2602043C.d.08E4C1271B6F0FBE0CEA94729C996BAA.e.3495/click - {}
RESULT: {}
COMMAND: GET /session/ce0892542fc13e0f9da3069a0c56f077/screenshot - {}
RESULT: {}
COMMAND: POST /session/ce0892542fc13e0f9da3069a0c56f077/execute/async - {"script":"<script> [1562 bytes]","args":[{"selector":{"id":"application-manageresources-display-component---newResourceUnit--newRRUPage-anchBar-application-manageresources-display-component---newResourceUnit--control-anchor","interaction":{"idSuffix":"BDI-content"}},"wdio_ui5_key":"applicationmanageresources-display-component---newResourceUnit--newRRUPage-anchBar-application-manageresources-display-component---newResourceUnit--control-anchor"}]}
RESULT: {"script":"<script> [1562 bytes]","args":[{"selector":{"id":"application-manageresources-display-component---newResourceUnit--newRRUPage-anchBar-application-manageresources-display-component---newResourceUnit--control-anchor","interaction":{"idSuffix":"BDI-content"}},"wdio_ui5_key":"applicationmanageresources-display-component---newResourceUnit--newRRUPage-anchBar-application-manageresources-display-component---newResourceUnit--control-anchor"}]}
RESULT: undefined
COMMAND: POST /session/ce0892542fc13e0f9da3069a0c56f077/element - {"using":"xpath","value":"//*[@id=\"application-manageresources-display-component---newResourceUnit--newRRUPage-anchBar-application-manageresources-display-component---newResourceUnit--control-anchor\"]"}
RESULT: {"using":"xpath","value":"//*[@id=\"application-manageresources-display-component---newResourceUnit--newRRUPage-anchBar-application-manageresources-display-component---newResourceUnit--control-anchor\"]"}
COMMAND: POST /session/ce0892542fc13e0f9da3069a0c56f077/element/f.812778354793FCCCD3B60D6A2602043C.d.08E4C1271B6F0FBE0CEA94729C996BAA.e.3497/click - {}
RESULT: {}
COMMAND: POST /session/ce0892542fc13e0f9da3069a0c56f077/execute/async - {"script":"<script> [1562 bytes]","args":[{"selector":{"id":"application-manageresources-display-component---newResourceUnit--PLANNING_GROUP","interaction":{"idSuffix":"inner"}},"wdio_ui5_key":"applicationmanageresources-display-component---newResourceUnit--PLANNING_GROUP"}]}
COMMAND: GET /session/ce0892542fc13e0f9da3069a0c56f077/screenshot - {}
RESULT: {"script":"<script> [1562 bytes]","args":[{"selector":{"id":"application-manageresources-display-component---newResourceUnit--PLANNING_GROUP","interaction":{"idSuffix":"inner"}},"wdio_ui5_key":"applicationmanageresources-display-component---newResourceUnit--PLANNING_GROUP"}]}
RESULT: undefined
COMMAND: POST /session/ce0892542fc13e0f9da3069a0c56f077/execute/async - {"script":"<script> [776 bytes]","args":[{"enterText":"Heavy Equi","selector":{"id":"application-manageresources-display-component---newResourceUnit--PLANNING_GROUP","interaction":{"idSuffix":"inner"}},"clearTextFirst":true,"interactionType":"ENTER_TEXT"}]}
RESULT: {}
RESULT: {"script":"<script> [776 bytes]","args":[{"enterText":"Heavy Equi","selector":{"id":"application-manageresources-display-component---newResourceUnit--PLANNING_GROUP","interaction":{"idSuffix":"inner"}},"clearTextFirst":true,"interactionType":"ENTER_TEXT"}]}
COMMAND: POST /session/ce0892542fc13e0f9da3069a0c56f077/execute/async - {"script":"<script> [1562 bytes]","args":[{"selector":{"id":"application-manageresources-display-component---newResourceUnit--ITEM_TYPE-arrow"},"wdio_ui5_key":"applicationmanageresources-display-component---newResourceUnit--ITEM_TYPE-arrow"}]}
RESULT: {"script":"<script> [1562 bytes]","args":[{"selector":{"id":"application-manageresources-display-component---newResourceUnit--ITEM_TYPE-arrow"},"wdio_ui5_key":"applicationmanageresources-display-component---newResourceUnit--ITEM_TYPE-arrow"}]}
RESULT: undefined
COMMAND: POST /session/ce0892542fc13e0f9da3069a0c56f077/element - {"using":"xpath","value":"//*[@id=\"application-manageresources-display-component---newResourceUnit--ITEM_TYPE-arrow\"]"}
RESULT: {"using":"xpath","value":"//*[@id=\"application-manageresources-display-component---newResourceUnit--ITEM_TYPE-arrow\"]"}
COMMAND: POST /session/ce0892542fc13e0f9da3069a0c56f077/element/f.812778354793FCCCD3B60D6A2602043C.d.08E4C1271B6F0FBE0CEA94729C996BAA.e.3502/click - {}
RESULT: {}
COMMAND: POST /session/ce0892542fc13e0f9da3069a0c56f077/execute/async - {"script":"<script> [1562 bytes]","args":[{"selector":{"controlType":"sap.m.StandardListItem","viewName":"reusables.view.manageresources.NewResourceUnit","viewId":"application-manageresources-display-component---newResourceUnit","properties":{"title":"Resource Unit"},"searchOpenDialogs":true,"interaction":{"idSuffix":"titleText"}},"wdio_ui5_key":"reusablesview.manageresources.NewResourceUnitsap.m.StandardListItem{\"title\":\"Resource Unit\"}"}]}
COMMAND: GET /session/ce0892542fc13e0f9da3069a0c56f077/screenshot - {}
RESULT: {"script":"<script> [1562 bytes]","args":[{"selector":{"controlType":"sap.m.StandardListItem","viewName":"reusables.view.manageresources.NewResourceUnit","viewId":"application-manageresources-display-component---newResourceUnit","properties":{"title":"Resource Unit"},"searchOpenDialogs":true,"interaction":{"idSuffix":"titleText"}},"wdio_ui5_key":"reusablesview.manageresources.NewResourceUnitsap.m.StandardListItem{\"title\":\"Resource Unit\"}"}]}
RESULT: undefined
COMMAND: POST /session/ce0892542fc13e0f9da3069a0c56f077/element - {"using":"xpath","value":"//*[@id=\"__item3080\"]"}
RESULT: {}
RESULT: {"using":"xpath","value":"//*[@id=\"__item3080\"]"}
COMMAND: POST /session/ce0892542fc13e0f9da3069a0c56f077/element/f.812778354793FCCCD3B60D6A2602043C.d.08E4C1271B6F0FBE0CEA94729C996BAA.e.3504/click - {}
RESULT: {}
COMMAND: POST /session/ce0892542fc13e0f9da3069a0c56f077/element - {"using":"xpath","value":"//bdi[contains(text(), \"Time Segment\")]"}
COMMAND: GET /session/ce0892542fc13e0f9da3069a0c56f077/screenshot - {}
RESULT: {"using":"xpath","value":"//bdi[contains(text(), \"Time Segment\")]"}
COMMAND: GET /session/ce0892542fc13e0f9da3069a0c56f077/element/f.812778354793FCCCD3B60D6A2602043C.d.08E4C1271B6F0FBE0CEA94729C996BAA.e.3505/rect - {}
RESULT: {}
RESULT: {}
COMMAND: GET /session/ce0892542fc13e0f9da3069a0c56f077/window/rect - {}
RESULT: {}
COMMAND: POST /session/ce0892542fc13e0f9da3069a0c56f077/execute/sync - {"script":"<script> [92 bytes]","args":[]}
RESULT: {"script":"<script> [92 bytes]","args":[]}
COMMAND: POST /session/ce0892542fc13e0f9da3069a0c56f077/actions - {"actions":[{"id":"action20","type":"wheel","parameters":{},"actions":[{"type":"scroll","x":-1820,"y":-21,"deltaX":0,"deltaY":0,"duration":0,"origin":{"element-6066-11e4-a52e-4f735466cecf":"f.812778354793FCCCD3B60D6A2602043C.d.08E4C1271B6F0FBE0CEA94729C996BAA.e.3505"}}]}]}
COMMAND: GET /session/ce0892542fc13e0f9da3069a0c56f077/screenshot - {}
RESULT: {}
COMMAND: POST /session/ce0892542fc13e0f9da3069a0c56f077/execute/sync - {"script":"<script> [79 bytes]","args":[{"element-6066-11e4-a52e-4f735466cecf":"f.812778354793FCCCD3B60D6A2602043C.d.08E4C1271B6F0FBE0CEA94729C996BAA.e.3505","ELEMENT":"f.812778354793FCCCD3B60D6A2602043C.d.08E4C1271B6F0FBE0CEA94729C996BAA.e.3505"},{"block":"start","inline":"nearest"}]}
RESULT: {"script":"<script> [79 bytes]","args":[{"element-6066-11e4-a52e-4f735466cecf":"f.812778354793FCCCD3B60D6A2602043C.d.08E4C1271B6F0FBE0CEA94729C996BAA.e.3505","ELEMENT":"f.812778354793FCCCD3B60D6A2602043C.d.08E4C1271B6F0FBE0CEA94729C996BAA.e.3505"},{"block":"start","inline":"nearest"}]}
COMMAND: POST /session/ce0892542fc13e0f9da3069a0c56f077/execute/async - {"script":"<script> [1562 bytes]","args":[{"selector":{"id":"application-manageresources-display-component---newResourceUnit--btnAddTimeSegment-img"},"wdio_ui5_key":"applicationmanageresources-display-component---newResourceUnit--btnAddTimeSegment-img"}]}
COMMAND: GET /session/ce0892542fc13e0f9da3069a0c56f077/screenshot - {}
RESULT: {"script":"<script> [1562 bytes]","args":[{"selector":{"id":"application-manageresources-display-component---newResourceUnit--btnAddTimeSegment-img"},"wdio_ui5_key":"applicationmanageresources-display-component---newResourceUnit--btnAddTimeSegment-img"}]}
RESULT: undefined
COMMAND: POST /session/ce0892542fc13e0f9da3069a0c56f077/element - {"using":"xpath","value":"//*[@id=\"application-manageresources-display-component---newResourceUnit--btnAddTimeSegment-img\"]"}
RESULT: {}
RESULT: {"using":"xpath","value":"//*[@id=\"application-manageresources-display-component---newResourceUnit--btnAddTimeSegment-img\"]"}
COMMAND: POST /session/ce0892542fc13e0f9da3069a0c56f077/element/f.812778354793FCCCD3B60D6A2602043C.d.08E4C1271B6F0FBE0CEA94729C996BAA.e.3508/click - {}
RESULT: {}
COMMAND: GET /session/ce0892542fc13e0f9da3069a0c56f077/screenshot - {}
RESULT: {}
COMMAND: POST /session/ce0892542fc13e0f9da3069a0c56f077/element - {"using":"xpath","value":"//input[@id=\"application-manageresources-display-component---newResourceUnit--idRuTSAdmin-application-manageresources-display-component---newResourceUnit--RUTimeSegment-0-inner\"]"}
RESULT: {"using":"xpath","value":"//input[@id=\"application-manageresources-display-component---newResourceUnit--idRuTSAdmin-application-manageresources-display-component---newResourceUnit--RUTimeSegment-0-inner\"]"}
COMMAND: POST /session/ce0892542fc13e0f9da3069a0c56f077/element/f.812778354793FCCCD3B60D6A2602043C.d.08E4C1271B6F0FBE0CEA94729C996BAA.e.3512/clear - {}
RESULT: {}
COMMAND: POST /session/ce0892542fc13e0f9da3069a0c56f077/element/f.812778354793FCCCD3B60D6A2602043C.d.08E4C1271B6F0FBE0CEA94729C996BAA.e.3512/value - {"text":"webdriveryard"}
COMMAND: GET /session/ce0892542fc13e0f9da3069a0c56f077/screenshot - {}
RESULT: {"text":"webdriveryard"}
COMMAND: GET /session/ce0892542fc13e0f9da3069a0c56f077/screenshot - {}
RESULT: {}
RESULT: {}
COMMAND: POST /session/ce0892542fc13e0f9da3069a0c56f077/actions - {"actions":[{"id":"action21","type":"key","parameters":{},"actions":[{"type":"keyDown","value":""},{"type":"pause","duration":10},{"type":"keyUp","value":""}]}]}
RESULT: {"actions":[{"id":"action21","type":"key","parameters":{},"actions":[{"type":"keyDown","value":""},{"type":"pause","duration":10},{"type":"keyUp","value":""}]}]}
COMMAND: POST /session/ce0892542fc13e0f9da3069a0c56f077/execute/async - {"script":"<script> [1562 bytes]","args":[{"selector":{"controlType":"sap.ui.core.Icon","viewName":"reusables.view.manageresources.NewResourceUnit","viewId":"application-manageresources-display-component---newResourceUnit","properties":{"src":{"regex":{"source":"slim\\-arrow\\-down"}}},"ancestor":{"controlType":"sap.m.ComboBox","viewName":"reusables.view.manageresources.NewResourceUnit","viewId":"application-manageresources-display-component---newResourceUnit","bindingPath":{"path":"/RESOURCE_UNIT_TIME_SEQUENCES/0","propertyPath":"COST_OBJECT_ADMIN_CST_TYPE","modelName":"oNewRruModel"}}},"wdio_ui5_key":"reusablesview.manageresources.NewResourceUnitsap.ui.core.Icon{\"src\":{\"regex\":{\"source\":\"slim\\\\-arrow\\\\-down\"}}}{\"controlType\":\"sap.m.ComboBox\",\"viewName\":\"reusables.view.manageresources.NewResourceUnit\",\"viewId\":\"application-manageresources-display-component---newResourceUnit\",\"bindingPath\":{\"path\":\"/RESOURCE_UNIT_TIME_SEQUENCES/0\",\"propertyPath\":\"COST_OBJECT_ADMIN_CST_TYPE\",\"modelName\":\"oNewRruModel\"}}"}]}
COMMAND: GET /session/ce0892542fc13e0f9da3069a0c56f077/screenshot - {}
RESULT: {"script":"<script> [1562 bytes]","args":[{"selector":{"controlType":"sap.ui.core.Icon","viewName":"reusables.view.manageresources.NewResourceUnit","viewId":"application-manageresources-display-component---newResourceUnit","properties":{"src":{"regex":{"source":"slim\\-arrow\\-down"}}},"ancestor":{"controlType":"sap.m.ComboBox","viewName":"reusables.view.manageresources.NewResourceUnit","viewId":"application-manageresources-display-component---newResourceUnit","bindingPath":{"path":"/RESOURCE_UNIT_TIME_SEQUENCES/0","propertyPath":"COST_OBJECT_ADMIN_CST_TYPE","modelName":"oNewRruModel"}}},"wdio_ui5_key":"reusablesview.manageresources.NewResourceUnitsap.ui.core.Icon{\"src\":{\"regex\":{\"source\":\"slim\\\\-arrow\\\\-down\"}}}{\"controlType\":\"sap.m.ComboBox\",\"viewName\":\"reusables.view.manageresources.NewResourceUnit\",\"viewId\":\"application-manageresources-display-component---newResourceUnit\",\"bindingPath\":{\"path\":\"/RESOURCE_UNIT_TIME_SEQUENCES/0\",\"propertyPath\":\"COST_OBJECT_ADMIN_CST_TYPE\",\"modelName\":\"oNewRruModel\"}}"}]}
RESULT: undefined
COMMAND: POST /session/ce0892542fc13e0f9da3069a0c56f077/element - {"using":"xpath","value":"//*[@id=\"__box16-application-manageresources-display-component---newResourceUnit--RUTimeSegment-0-arrow\"]"}
RESULT: {}
RESULT: {"using":"xpath","value":"//*[@id=\"__box16-application-manageresources-display-component---newResourceUnit--RUTimeSegment-0-arrow\"]"}
COMMAND: POST /session/ce0892542fc13e0f9da3069a0c56f077/element/f.812778354793FCCCD3B60D6A2602043C.d.08E4C1271B6F0FBE0CEA94729C996BAA.e.3526/click - {}
RESULT: {}
COMMAND: POST /session/ce0892542fc13e0f9da3069a0c56f077/execute/async - {"script":"<script> [1562 bytes]","args":[{"selector":{"controlType":"sap.m.StandardListItem","viewName":"reusables.view.manageresources.NewResourceUnit","viewId":"application-manageresources-display-component---newResourceUnit","properties":{"title":"PM Order"},"searchOpenDialogs":true,"interaction":{"idSuffix":"titleText"}},"wdio_ui5_key":"reusablesview.manageresources.NewResourceUnitsap.m.StandardListItem{\"title\":\"PM Order\"}"}]}
COMMAND: GET /session/ce0892542fc13e0f9da3069a0c56f077/screenshot - {}
RESULT: {"script":"<script> [1562 bytes]","args":[{"selector":{"controlType":"sap.m.StandardListItem","viewName":"reusables.view.manageresources.NewResourceUnit","viewId":"application-manageresources-display-component---newResourceUnit","properties":{"title":"PM Order"},"searchOpenDialogs":true,"interaction":{"idSuffix":"titleText"}},"wdio_ui5_key":"reusablesview.manageresources.NewResourceUnitsap.m.StandardListItem{\"title\":\"PM Order\"}"}]}
RESULT: undefined
COMMAND: POST /session/ce0892542fc13e0f9da3069a0c56f077/element - {"using":"xpath","value":"//*[@id=\"__item3778\"]"}
RESULT: {}
RESULT: {"using":"xpath","value":"//*[@id=\"__item3778\"]"}
COMMAND: POST /session/ce0892542fc13e0f9da3069a0c56f077/element/f.812778354793FCCCD3B60D6A2602043C.d.08E4C1271B6F0FBE0CEA94729C996BAA.e.3530/click - {}
RESULT: {}
COMMAND: GET /session/ce0892542fc13e0f9da3069a0c56f077/screenshot - {}
RESULT: {}
COMMAND: POST /session/ce0892542fc13e0f9da3069a0c56f077/element - {"using":"xpath","value":"(//input[contains(@id ,\"-application-manageresources-display-component---newResourceUnit--RUTimeSegment-0-inner\")])[8]"}
RESULT: {"using":"xpath","value":"(//input[contains(@id ,\"-application-manageresources-display-component---newResourceUnit--RUTimeSegment-0-inner\")])[8]"}
COMMAND: POST /session/ce0892542fc13e0f9da3069a0c56f077/element/f.812778354793FCCCD3B60D6A2602043C.d.08E4C1271B6F0FBE0CEA94729C996BAA.e.3533/clear - {}
RESULT: {}
COMMAND: POST /session/ce0892542fc13e0f9da3069a0c56f077/element/f.812778354793FCCCD3B60D6A2602043C.d.08E4C1271B6F0FBE0CEA94729C996BAA.e.3533/value - {"text":"4000360"}
COMMAND: GET /session/ce0892542fc13e0f9da3069a0c56f077/screenshot - {}
RESULT: {"text":"4000360"}
COMMAND: GET /session/ce0892542fc13e0f9da3069a0c56f077/screenshot - {}
RESULT: {}
RESULT: {}
COMMAND: POST /session/ce0892542fc13e0f9da3069a0c56f077/actions - {"actions":[{"id":"action22","type":"key","parameters":{},"actions":[{"type":"keyDown","value":""},{"type":"pause","duration":10},{"type":"keyUp","value":""}]}]}
RESULT: {"actions":[{"id":"action22","type":"key","parameters":{},"actions":[{"type":"keyDown","value":""},{"type":"pause","duration":10},{"type":"keyUp","value":""}]}]}
COMMAND: GET /session/ce0892542fc13e0f9da3069a0c56f077/screenshot - {}
RESULT: {}
COMMAND: POST /session/ce0892542fc13e0f9da3069a0c56f077/element - {"using":"xpath","value":"//input[contains(@id ,\"application-manageresources-display-component---newResourceUnit--newTimeSegmentFromDatePicker-application-manageresources-display-component---newResourceUnit--RUTimeSegment-0-inner\")]"}
RESULT: {"using":"xpath","value":"//input[contains(@id ,\"application-manageresources-display-component---newResourceUnit--newTimeSegmentFromDatePicker-application-manageresources-display-component---newResourceUnit--RUTimeSegment-0-inner\")]"}
COMMAND: POST /session/ce0892542fc13e0f9da3069a0c56f077/element/f.812778354793FCCCD3B60D6A2602043C.d.08E4C1271B6F0FBE0CEA94729C996BAA.e.3519/clear - {}
RESULT: {}
COMMAND: POST /session/ce0892542fc13e0f9da3069a0c56f077/element/f.812778354793FCCCD3B60D6A2602043C.d.08E4C1271B6F0FBE0CEA94729C996BAA.e.3519/clear - {}
COMMAND: GET /session/ce0892542fc13e0f9da3069a0c56f077/screenshot - {}
RESULT: {}
COMMAND: POST /session/ce0892542fc13e0f9da3069a0c56f077/element/f.812778354793FCCCD3B60D6A2602043C.d.08E4C1271B6F0FBE0CEA94729C996BAA.e.3519/value - {"text":"06/22/24"}
COMMAND: GET /session/ce0892542fc13e0f9da3069a0c56f077/screenshot - {}
RESULT: {}
RESULT: {}
RESULT: {"text":"06/22/24"}
COMMAND: POST /session/ce0892542fc13e0f9da3069a0c56f077/execute/async - {"script":"<script> [1562 bytes]","args":[{"selector":{"id":"application-manageresources-display-component---newResourceUnit--newRRUPage-anchBar-application-manageresources-display-component---newResourceUnit--resource-anchor","interaction":{"idSuffix":"BDI-content"}},"wdio_ui5_key":"applicationmanageresources-display-component---newResourceUnit--newRRUPage-anchBar-application-manageresources-display-component---newResourceUnit--resource-anchor"}]}
COMMAND: GET /session/ce0892542fc13e0f9da3069a0c56f077/screenshot - {}
RESULT: {"script":"<script> [1562 bytes]","args":[{"selector":{"id":"application-manageresources-display-component---newResourceUnit--newRRUPage-anchBar-application-manageresources-display-component---newResourceUnit--resource-anchor","interaction":{"idSuffix":"BDI-content"}},"wdio_ui5_key":"applicationmanageresources-display-component---newResourceUnit--newRRUPage-anchBar-application-manageresources-display-component---newResourceUnit--resource-anchor"}]}
RESULT: undefined
COMMAND: POST /session/ce0892542fc13e0f9da3069a0c56f077/element - {"using":"xpath","value":"//*[@id=\"application-manageresources-display-component---newResourceUnit--newRRUPage-anchBar-application-manageresources-display-component---newResourceUnit--resource-anchor\"]"}
RESULT: {}
RESULT: {"using":"xpath","value":"//*[@id=\"application-manageresources-display-component---newResourceUnit--newRRUPage-anchBar-application-manageresources-display-component---newResourceUnit--resource-anchor\"]"}
COMMAND: POST /session/ce0892542fc13e0f9da3069a0c56f077/element/f.812778354793FCCCD3B60D6A2602043C.d.08E4C1271B6F0FBE0CEA94729C996BAA.e.3554/click - {}
RESULT: {}
COMMAND: POST /session/ce0892542fc13e0f9da3069a0c56f077/execute/async - {"script":"<script> [1562 bytes]","args":[{"selector":{"id":"application-manageresources-display-component---newResourceUnit--PLANNED_DELIVERY_DATE","interaction":{"idSuffix":"inner"}},"wdio_ui5_key":"applicationmanageresources-display-component---newResourceUnit--PLANNED_DELIVERY_DATE"}]}
COMMAND: GET /session/ce0892542fc13e0f9da3069a0c56f077/screenshot - {}
RESULT: {"script":"<script> [1562 bytes]","args":[{"selector":{"id":"application-manageresources-display-component---newResourceUnit--PLANNED_DELIVERY_DATE","interaction":{"idSuffix":"inner"}},"wdio_ui5_key":"applicationmanageresources-display-component---newResourceUnit--PLANNED_DELIVERY_DATE"}]}
RESULT: undefined
COMMAND: POST /session/ce0892542fc13e0f9da3069a0c56f077/execute/async - {"script":"<script> [6424 bytes]","args":[{"element-6066-11e4-a52e-4f735466cecf":"f.812778354793FCCCD3B60D6A2602043C.d.08E4C1271B6F0FBE0CEA94729C996BAA.e.3416"},"setValue",["06/22/24"]]}
RESULT: {}
RESULT: {"script":"<script> [6424 bytes]","args":[{"element-6066-11e4-a52e-4f735466cecf":"f.812778354793FCCCD3B60D6A2602043C.d.08E4C1271B6F0FBE0CEA94729C996BAA.e.3416"},"setValue",["06/22/24"]]}
COMMAND: POST /session/ce0892542fc13e0f9da3069a0c56f077/execute/async - {"script":"<script> [1562 bytes]","args":[{"selector":{"id":"application-manageresources-display-component---newResourceUnit--RETIRE_PLANNED_DATE","interaction":{"idSuffix":"inner"}},"wdio_ui5_key":"applicationmanageresources-display-component---newResourceUnit--RETIRE_PLANNED_DATE"}]}
RESULT: {"script":"<script> [1562 bytes]","args":[{"selector":{"id":"application-manageresources-display-component---newResourceUnit--RETIRE_PLANNED_DATE","interaction":{"idSuffix":"inner"}},"wdio_ui5_key":"applicationmanageresources-display-component---newResourceUnit--RETIRE_PLANNED_DATE"}]}
RESULT: undefined
COMMAND: POST /session/ce0892542fc13e0f9da3069a0c56f077/execute/async - {"script":"<script> [776 bytes]","args":[{"enterText":"3/14/29","selector":{"id":"application-manageresources-display-component---newResourceUnit--RETIRE_PLANNED_DATE","interaction":{"idSuffix":"inner"}},"clearTextFirst":true,"interactionType":"ENTER_TEXT"}]}
RESULT: {"script":"<script> [776 bytes]","args":[{"enterText":"3/14/29","selector":{"id":"application-manageresources-display-component---newResourceUnit--RETIRE_PLANNED_DATE","interaction":{"idSuffix":"inner"}},"clearTextFirst":true,"interactionType":"ENTER_TEXT"}]}
COMMAND: POST /session/ce0892542fc13e0f9da3069a0c56f077/execute/async - {"script":"<script> [1562 bytes]","args":[{"selector":{"controlType":"sap.m.Button","viewName":"reusables.view.manageresources.NewResourceUnit","viewId":"application-manageresources-display-component---newResourceUnit","i18NText":{"propertyName":"tooltip","key":"save"},"interaction":{"idSuffix":"BDI-content"}},"wdio_ui5_key":"reusablesview.manageresources.NewResourceUnitsap.m.Button{\"propertyName\":\"tooltip\",\"key\":\"save\"}"}]}
RESULT: {"script":"<script> [1562 bytes]","args":[{"selector":{"controlType":"sap.m.Button","viewName":"reusables.view.manageresources.NewResourceUnit","viewId":"application-manageresources-display-component---newResourceUnit","i18NText":{"propertyName":"tooltip","key":"save"},"interaction":{"idSuffix":"BDI-content"}},"wdio_ui5_key":"reusablesview.manageresources.NewResourceUnitsap.m.Button{\"propertyName\":\"tooltip\",\"key\":\"save\"}"}]}
RESULT: undefined
COMMAND: POST /session/ce0892542fc13e0f9da3069a0c56f077/element - {"using":"xpath","value":"//*[@id=\"application-manageresources-display-component---newResourceUnit--createRuButton\"]"}
RESULT: {"using":"xpath","value":"//*[@id=\"application-manageresources-display-component---newResourceUnit--createRuButton\"]"}
COMMAND: POST /session/ce0892542fc13e0f9da3069a0c56f077/element/f.812778354793FCCCD3B60D6A2602043C.d.08E4C1271B6F0FBE0CEA94729C996BAA.e.3376/click - {}
RESULT: {}
COMMAND: GET /session/ce0892542fc13e0f9da3069a0c56f077/screenshot - {}
RESULT: {}
COMMAND: POST /session/ce0892542fc13e0f9da3069a0c56f077/execute/async - {"script":"<script> [1562 bytes]","args":[{"selector":{"controlType":"sap.m.Button","properties":{"text":"Close"},"searchOpenDialogs":true,"interaction":{"idSuffix":"inner"}},"wdio_ui5_key":"sapm.Button{\"text\":\"Close\"}"}]}
RESULT: {"script":"<script> [1562 bytes]","args":[{"selector":{"controlType":"sap.m.Button","properties":{"text":"Close"},"searchOpenDialogs":true,"interaction":{"idSuffix":"inner"}},"wdio_ui5_key":"sapm.Button{\"text\":\"Close\"}"}]}
RESULT: undefined
COMMAND: POST /session/ce0892542fc13e0f9da3069a0c56f077/element - {"using":"xpath","value":"//*[@id=\"__mbox-btn-0\"]"}
RESULT: {"using":"xpath","value":"//*[@id=\"__mbox-btn-0\"]"}
COMMAND: POST /session/ce0892542fc13e0f9da3069a0c56f077/element/f.812778354793FCCCD3B60D6A2602043C.d.08E4C1271B6F0FBE0CEA94729C996BAA.e.3564/click - {}
RESULT: {}
COMMAND: GET /session/ce0892542fc13e0f9da3069a0c56f077/screenshot - {}
RESULT: {}
COMMAND: POST /session/ce0892542fc13e0f9da3069a0c56f077/execute/async - {"script":"<script> [1562 bytes]","args":[{"selector":{"controlType":"sap.m.Text","viewName":"etm.portal.ui.manageresources.view.Detail","viewId":"application-manageresources-display-component---detailRU","bindingPath":{"propertyPath":"ID","modelName":"catalogModel"}},"wdio_ui5_key":"etmportal.ui.manageresources.view.Detailsap.m.Text{\"propertyPath\":\"ID\",\"modelName\":\"catalogModel\"}"}]}
RESULT: {"script":"<script> [1562 bytes]","args":[{"selector":{"controlType":"sap.m.Text","viewName":"etm.portal.ui.manageresources.view.Detail","viewId":"application-manageresources-display-component---detailRU","bindingPath":{"propertyPath":"ID","modelName":"catalogModel"}},"wdio_ui5_key":"etmportal.ui.manageresources.view.Detailsap.m.Text{\"propertyPath\":\"ID\",\"modelName\":\"catalogModel\"}"}]}
RESULT: undefined
COMMAND: POST /session/ce0892542fc13e0f9da3069a0c56f077/execute/async - {"script":"<script> [6424 bytes]","args":[{"element-6066-11e4-a52e-4f735466cecf":"f.812778354793FCCCD3B60D6A2602043C.d.08E4C1271B6F0FBE0CEA94729C996BAA.e.3617"},"getText",[]]}
RESULT: {"script":"<script> [6424 bytes]","args":[{"element-6066-11e4-a52e-4f735466cecf":"f.812778354793FCCCD3B60D6A2602043C.d.08E4C1271B6F0FBE0CEA94729C996BAA.e.3617"},"getText",[]]}
COMMAND: POST /session/ce0892542fc13e0f9da3069a0c56f077/element - {"using":"css selector","value":"#shell-header-logo"}
RESULT: {"using":"css selector","value":"#shell-header-logo"}
COMMAND: POST /session/ce0892542fc13e0f9da3069a0c56f077/element/f.812778354793FCCCD3B60D6A2602043C.d.08E4C1271B6F0FBE0CEA94729C996BAA.e.2996/click - {}
RESULT: {}
COMMAND: GET /session/ce0892542fc13e0f9da3069a0c56f077/screenshot - {}
RESULT: {}
]]></system-out>
    </testcase>
    <testcase classname="chrome.136_0_7103_93.windows.Verify_RU_inventory_split_cost_information_US139363" name="Should do a stock increase for the equipment" time="86.361">
      <system-out><![CDATA[
COMMAND: POST /session/ce0892542fc13e0f9da3069a0c56f077/execute/async - {"script":"<script> [1562 bytes]","args":[{"selector":{"controlType":"sap.m.GenericTile","properties":{"header":"Manage Handovers"}},"wdio_ui5_key":"sapm.GenericTile{\"header\":\"Manage Handovers\"}"}]}
RESULT: {"script":"<script> [1562 bytes]","args":[{"selector":{"controlType":"sap.m.GenericTile","properties":{"header":"Manage Handovers"}},"wdio_ui5_key":"sapm.GenericTile{\"header\":\"Manage Handovers\"}"}]}
RESULT: undefined
COMMAND: POST /session/ce0892542fc13e0f9da3069a0c56f077/element - {"using":"xpath","value":"//*[@id=\"__tile133\"]"}
RESULT: {"using":"xpath","value":"//*[@id=\"__tile133\"]"}
COMMAND: POST /session/ce0892542fc13e0f9da3069a0c56f077/element/f.812778354793FCCCD3B60D6A2602043C.d.08E4C1271B6F0FBE0CEA94729C996BAA.e.3619/click - {}
RESULT: {}
COMMAND: GET /session/ce0892542fc13e0f9da3069a0c56f077/screenshot - {}
RESULT: {}
COMMAND: POST /session/ce0892542fc13e0f9da3069a0c56f077/elements - {"using":"xpath","value":"//span[text()='Error']"}
RESULT: {"using":"xpath","value":"//span[text()='Error']"}
COMMAND: POST /session/ce0892542fc13e0f9da3069a0c56f077/element - {"using":"xpath","value":"//button[@data-kt=\"masterHOAddButton\"]"}
RESULT: {"using":"xpath","value":"//button[@data-kt=\"masterHOAddButton\"]"}
COMMAND: POST /session/ce0892542fc13e0f9da3069a0c56f077/execute/sync - {"script":"<script> [8489 bytes]","args":[{"element-6066-11e4-a52e-4f735466cecf":"f.812778354793FCCCD3B60D6A2602043C.d.08E4C1271B6F0FBE0CEA94729C996BAA.e.3674","ELEMENT":"f.812778354793FCCCD3B60D6A2602043C.d.08E4C1271B6F0FBE0CEA94729C996BAA.e.3674"}]}
RESULT: {"script":"<script> [8489 bytes]","args":[{"element-6066-11e4-a52e-4f735466cecf":"f.812778354793FCCCD3B60D6A2602043C.d.08E4C1271B6F0FBE0CEA94729C996BAA.e.3674","ELEMENT":"f.812778354793FCCCD3B60D6A2602043C.d.08E4C1271B6F0FBE0CEA94729C996BAA.e.3674"}]}
COMMAND: POST /session/ce0892542fc13e0f9da3069a0c56f077/element/f.812778354793FCCCD3B60D6A2602043C.d.08E4C1271B6F0FBE0CEA94729C996BAA.e.3674/click - {}
COMMAND: GET /session/ce0892542fc13e0f9da3069a0c56f077/screenshot - {}
RESULT: {}
COMMAND: GET /session/ce0892542fc13e0f9da3069a0c56f077/screenshot - {}
COMMAND: POST /session/ce0892542fc13e0f9da3069a0c56f077/element - {"using":"xpath","value":"//span[contains(@id ,\"AddNewHO--typeSelect-arrow\")]"}
RESULT: {}
RESULT: {}
RESULT: {"using":"xpath","value":"//span[contains(@id ,\"AddNewHO--typeSelect-arrow\")]"}
COMMAND: POST /session/ce0892542fc13e0f9da3069a0c56f077/element/f.812778354793FCCCD3B60D6A2602043C.d.08E4C1271B6F0FBE0CEA94729C996BAA.e.4014/click - {}
RESULT: {}
COMMAND: GET /session/ce0892542fc13e0f9da3069a0c56f077/screenshot - {}
RESULT: {}
COMMAND: POST /session/ce0892542fc13e0f9da3069a0c56f077/element - {"using":"xpath","value":"(//li[contains(text(), \"stock increase yard\")])[1]"}
RESULT: {"using":"xpath","value":"(//li[contains(text(), \"stock increase yard\")])[1]"}
COMMAND: POST /session/ce0892542fc13e0f9da3069a0c56f077/element/f.812778354793FCCCD3B60D6A2602043C.d.08E4C1271B6F0FBE0CEA94729C996BAA.e.4015/click - {}
RESULT: {}
COMMAND: GET /session/ce0892542fc13e0f9da3069a0c56f077/screenshot - {}
RESULT: {}
COMMAND: POST /session/ce0892542fc13e0f9da3069a0c56f077/execute/async - {"script":"<script> [1562 bytes]","args":[{"selector":{"id":"application-managehandovers-display-component---AddNewHO--dueDate","interaction":{"idSuffix":"inner"}},"wdio_ui5_key":"applicationmanagehandovers-display-component---AddNewHO--dueDate"}]}
RESULT: {"script":"<script> [1562 bytes]","args":[{"selector":{"id":"application-managehandovers-display-component---AddNewHO--dueDate","interaction":{"idSuffix":"inner"}},"wdio_ui5_key":"applicationmanagehandovers-display-component---AddNewHO--dueDate"}]}
RESULT: undefined
COMMAND: POST /session/ce0892542fc13e0f9da3069a0c56f077/execute/async - {"script":"<script> [6424 bytes]","args":[{"element-6066-11e4-a52e-4f735466cecf":"f.812778354793FCCCD3B60D6A2602043C.d.08E4C1271B6F0FBE0CEA94729C996BAA.e.4017"},"setValue",["5/22/25"]]}
RESULT: {"script":"<script> [6424 bytes]","args":[{"element-6066-11e4-a52e-4f735466cecf":"f.812778354793FCCCD3B60D6A2602043C.d.08E4C1271B6F0FBE0CEA94729C996BAA.e.4017"},"setValue",["5/22/25"]]}
COMMAND: POST /session/ce0892542fc13e0f9da3069a0c56f077/element - {"using":"xpath","value":"//input[@id=\"generalSectionFrg--receiveYard-inner\"]"}
RESULT: {"using":"xpath","value":"//input[@id=\"generalSectionFrg--receiveYard-inner\"]"}
COMMAND: POST /session/ce0892542fc13e0f9da3069a0c56f077/element/f.812778354793FCCCD3B60D6A2602043C.d.08E4C1271B6F0FBE0CEA94729C996BAA.e.4021/clear - {}
RESULT: {}
COMMAND: POST /session/ce0892542fc13e0f9da3069a0c56f077/element/f.812778354793FCCCD3B60D6A2602043C.d.08E4C1271B6F0FBE0CEA94729C996BAA.e.4021/value - {"text":"webdriveryard"}
COMMAND: GET /session/ce0892542fc13e0f9da3069a0c56f077/screenshot - {}
RESULT: {"text":"webdriveryard"}
COMMAND: GET /session/ce0892542fc13e0f9da3069a0c56f077/screenshot - {}
RESULT: {}
RESULT: {}
COMMAND: POST /session/ce0892542fc13e0f9da3069a0c56f077/execute/async - {"script":"<script> [1562 bytes]","args":[{"selector":{"id":"application-managehandovers-display-component---AddNewHO--ObjectPageLayout-anchBar-application-managehandovers-display-component---AddNewHO--section4-anchor","interaction":{"idSuffix":"BDI-content"}},"wdio_ui5_key":"applicationmanagehandovers-display-component---AddNewHO--ObjectPageLayout-anchBar-application-managehandovers-display-component---AddNewHO--section4-anchor"}]}
RESULT: {"script":"<script> [1562 bytes]","args":[{"selector":{"id":"application-managehandovers-display-component---AddNewHO--ObjectPageLayout-anchBar-application-managehandovers-display-component---AddNewHO--section4-anchor","interaction":{"idSuffix":"BDI-content"}},"wdio_ui5_key":"applicationmanagehandovers-display-component---AddNewHO--ObjectPageLayout-anchBar-application-managehandovers-display-component---AddNewHO--section4-anchor"}]}
RESULT: undefined
COMMAND: POST /session/ce0892542fc13e0f9da3069a0c56f077/element - {"using":"xpath","value":"//*[@id=\"application-managehandovers-display-component---AddNewHO--ObjectPageLayout-anchBar-application-managehandovers-display-component---AddNewHO--section4-anchor\"]"}
RESULT: {"using":"xpath","value":"//*[@id=\"application-managehandovers-display-component---AddNewHO--ObjectPageLayout-anchBar-application-managehandovers-display-component---AddNewHO--section4-anchor\"]"}
COMMAND: POST /session/ce0892542fc13e0f9da3069a0c56f077/element/f.812778354793FCCCD3B60D6A2602043C.d.08E4C1271B6F0FBE0CEA94729C996BAA.e.4042/click - {}
RESULT: {}
COMMAND: GET /session/ce0892542fc13e0f9da3069a0c56f077/screenshot - {}
RESULT: {}
COMMAND: POST /session/ce0892542fc13e0f9da3069a0c56f077/element - {"using":"xpath","value":"//button[@aria-label=\"Add\"]"}
RESULT: {"using":"xpath","value":"//button[@aria-label=\"Add\"]"}
COMMAND: POST /session/ce0892542fc13e0f9da3069a0c56f077/element/f.812778354793FCCCD3B60D6A2602043C.d.08E4C1271B6F0FBE0CEA94729C996BAA.e.4045/click - {}
RESULT: {}
COMMAND: GET /session/ce0892542fc13e0f9da3069a0c56f077/screenshot - {}
RESULT: {}
COMMAND: POST /session/ce0892542fc13e0f9da3069a0c56f077/execute/async - {"script":"<script> [1562 bytes]","args":[{"selector":{"id":"application-managehandovers-display-component---AddNewHO--smartFilterBar-btnBasicSearch","searchOpenDialogs":true,"interaction":{"idSuffix":"I"}},"wdio_ui5_key":"applicationmanagehandovers-display-component---AddNewHO--smartFilterBar-btnBasicSearch"}]}
RESULT: {"script":"<script> [1562 bytes]","args":[{"selector":{"id":"application-managehandovers-display-component---AddNewHO--smartFilterBar-btnBasicSearch","searchOpenDialogs":true,"interaction":{"idSuffix":"I"}},"wdio_ui5_key":"applicationmanagehandovers-display-component---AddNewHO--smartFilterBar-btnBasicSearch"}]}
RESULT: undefined
COMMAND: POST /session/ce0892542fc13e0f9da3069a0c56f077/execute/async - {"script":"<script> [776 bytes]","args":[{"enterText":"WdIOR2cEquip4xf8y","selector":{"id":"application-managehandovers-display-component---AddNewHO--smartFilterBar-btnBasicSearch","searchOpenDialogs":true,"interaction":{"idSuffix":"I"}},"clearTextFirst":true,"interactionType":"ENTER_TEXT"}]}
RESULT: {"script":"<script> [776 bytes]","args":[{"enterText":"WdIOR2cEquip4xf8y","selector":{"id":"application-managehandovers-display-component---AddNewHO--smartFilterBar-btnBasicSearch","searchOpenDialogs":true,"interaction":{"idSuffix":"I"}},"clearTextFirst":true,"interactionType":"ENTER_TEXT"}]}
COMMAND: POST /session/ce0892542fc13e0f9da3069a0c56f077/actions - {"actions":[{"id":"action23","type":"key","parameters":{},"actions":[{"type":"keyDown","value":""},{"type":"pause","duration":10},{"type":"keyUp","value":""}]}]}
RESULT: {"actions":[{"id":"action23","type":"key","parameters":{},"actions":[{"type":"keyDown","value":""},{"type":"pause","duration":10},{"type":"keyUp","value":""}]}]}
COMMAND: POST /session/ce0892542fc13e0f9da3069a0c56f077/execute/async - {"script":"<script> [1562 bytes]","args":[{"selector":{"id":"application-managehandovers-display-component---AddNewHO--popup-sa","searchOpenDialogs":true,"interaction":{"idSuffix":"CbBg"}},"wdio_ui5_key":"applicationmanagehandovers-display-component---AddNewHO--popup-sa"}]}
COMMAND: GET /session/ce0892542fc13e0f9da3069a0c56f077/screenshot - {}
RESULT: {"script":"<script> [1562 bytes]","args":[{"selector":{"id":"application-managehandovers-display-component---AddNewHO--popup-sa","searchOpenDialogs":true,"interaction":{"idSuffix":"CbBg"}},"wdio_ui5_key":"applicationmanagehandovers-display-component---AddNewHO--popup-sa"}]}
RESULT: undefined
COMMAND: POST /session/ce0892542fc13e0f9da3069a0c56f077/element - {"using":"xpath","value":"//*[@id=\"application-managehandovers-display-component---AddNewHO--popup-sa\"]"}
RESULT: {}
RESULT: {"using":"xpath","value":"//*[@id=\"application-managehandovers-display-component---AddNewHO--popup-sa\"]"}
COMMAND: POST /session/ce0892542fc13e0f9da3069a0c56f077/element/f.812778354793FCCCD3B60D6A2602043C.d.08E4C1271B6F0FBE0CEA94729C996BAA.e.4194/click - {}
RESULT: {}
COMMAND: GET /session/ce0892542fc13e0f9da3069a0c56f077/screenshot - {}
RESULT: {}
COMMAND: POST /session/ce0892542fc13e0f9da3069a0c56f077/element - {"using":"xpath","value":"//bdi[contains(text(), \"Select\")]"}
RESULT: {"using":"xpath","value":"//bdi[contains(text(), \"Select\")]"}
COMMAND: POST /session/ce0892542fc13e0f9da3069a0c56f077/element/f.812778354793FCCCD3B60D6A2602043C.d.08E4C1271B6F0FBE0CEA94729C996BAA.e.4195/click - {}
RESULT: {}
COMMAND: GET /session/ce0892542fc13e0f9da3069a0c56f077/screenshot - {}
RESULT: {}
COMMAND: POST /session/ce0892542fc13e0f9da3069a0c56f077/element - {"using":"xpath","value":"//button[@data-kt=\"AddNewHOSaveButton\"]"}
RESULT: {"using":"xpath","value":"//button[@data-kt=\"AddNewHOSaveButton\"]"}
COMMAND: POST /session/ce0892542fc13e0f9da3069a0c56f077/element/f.812778354793FCCCD3B60D6A2602043C.d.08E4C1271B6F0FBE0CEA94729C996BAA.e.4199/click - {}
RESULT: {}
COMMAND: GET /session/ce0892542fc13e0f9da3069a0c56f077/screenshot - {}
RESULT: {}
COMMAND: POST /session/ce0892542fc13e0f9da3069a0c56f077/execute/async - {"script":"<script> [1562 bytes]","args":[{"selector":{"id":"receiptDatePicker","viewName":"etm.portal.ui.managehandovers.view.DetailExecuteHO","interaction":{"idSuffix":"inner"}},"wdio_ui5_key":"receiptDatePickeretmportal.ui.managehandovers.view.DetailExecuteHO"}]}
RESULT: {"script":"<script> [1562 bytes]","args":[{"selector":{"id":"receiptDatePicker","viewName":"etm.portal.ui.managehandovers.view.DetailExecuteHO","interaction":{"idSuffix":"inner"}},"wdio_ui5_key":"receiptDatePickeretmportal.ui.managehandovers.view.DetailExecuteHO"}]}
RESULT: undefined
COMMAND: POST /session/ce0892542fc13e0f9da3069a0c56f077/execute/async - {"script":"<script> [6424 bytes]","args":[{"element-6066-11e4-a52e-4f735466cecf":"f.812778354793FCCCD3B60D6A2602043C.d.08E4C1271B6F0FBE0CEA94729C996BAA.e.4219"},"setValue",["5/22/25"]]}
RESULT: {"script":"<script> [6424 bytes]","args":[{"element-6066-11e4-a52e-4f735466cecf":"f.812778354793FCCCD3B60D6A2602043C.d.08E4C1271B6F0FBE0CEA94729C996BAA.e.4219"},"setValue",["5/22/25"]]}
COMMAND: POST /session/ce0892542fc13e0f9da3069a0c56f077/element - {"using":"xpath","value":"//button[@data-kt=\"PickingTableConfirmAllButton\"]"}
RESULT: {"using":"xpath","value":"//button[@data-kt=\"PickingTableConfirmAllButton\"]"}
COMMAND: POST /session/ce0892542fc13e0f9da3069a0c56f077/element/f.812778354793FCCCD3B60D6A2602043C.d.08E4C1271B6F0FBE0CEA94729C996BAA.e.4235/click - {}
RESULT: {}
COMMAND: GET /session/ce0892542fc13e0f9da3069a0c56f077/screenshot - {}
RESULT: {}
COMMAND: POST /session/ce0892542fc13e0f9da3069a0c56f077/element - {"using":"xpath","value":"//bdi[contains(text(), \"OK\")]"}
RESULT: {"using":"xpath","value":"//bdi[contains(text(), \"OK\")]"}
COMMAND: POST /session/ce0892542fc13e0f9da3069a0c56f077/element/f.812778354793FCCCD3B60D6A2602043C.d.08E4C1271B6F0FBE0CEA94729C996BAA.e.4237/click - {}
RESULT: {}
COMMAND: GET /session/ce0892542fc13e0f9da3069a0c56f077/screenshot - {}
RESULT: {}
COMMAND: POST /session/ce0892542fc13e0f9da3069a0c56f077/element - {"using":"xpath","value":"(//bdi[contains(text(), \"Receive\")])[2]"}
RESULT: {"using":"xpath","value":"(//bdi[contains(text(), \"Receive\")])[2]"}
COMMAND: POST /session/ce0892542fc13e0f9da3069a0c56f077/element/f.812778354793FCCCD3B60D6A2602043C.d.08E4C1271B6F0FBE0CEA94729C996BAA.e.4239/click - {}
RESULT: {}
COMMAND: GET /session/ce0892542fc13e0f9da3069a0c56f077/screenshot - {}
RESULT: {}
COMMAND: POST /session/ce0892542fc13e0f9da3069a0c56f077/element - {"using":"css selector","value":"#shell-header-logo"}
RESULT: {"using":"css selector","value":"#shell-header-logo"}
COMMAND: POST /session/ce0892542fc13e0f9da3069a0c56f077/element/f.812778354793FCCCD3B60D6A2602043C.d.08E4C1271B6F0FBE0CEA94729C996BAA.e.3624/click - {}
RESULT: {}
]]></system-out>
    </testcase>
    <testcase classname="chrome.136_0_7103_93.windows.Verify_RU_inventory_split_cost_information_US139363" name="Should navigate to RU inventory and add the resource to the contract" time="99.073">
      <system-out><![CDATA[
COMMAND: POST /session/ce0892542fc13e0f9da3069a0c56f077/execute/async - {"script":"<script> [1562 bytes]","args":[{"selector":{"controlType":"sap.m.GenericTile","properties":{"header":"RU Inventory List"}},"wdio_ui5_key":"sapm.GenericTile{\"header\":\"RU Inventory List\"}"}]}
COMMAND: GET /session/ce0892542fc13e0f9da3069a0c56f077/screenshot - {}
RESULT: {"script":"<script> [1562 bytes]","args":[{"selector":{"controlType":"sap.m.GenericTile","properties":{"header":"RU Inventory List"}},"wdio_ui5_key":"sapm.GenericTile{\"header\":\"RU Inventory List\"}"}]}
RESULT: undefined
COMMAND: POST /session/ce0892542fc13e0f9da3069a0c56f077/element - {"using":"xpath","value":"//*[@id=\"__tile99\"]"}
RESULT: {}
RESULT: {"using":"xpath","value":"//*[@id=\"__tile99\"]"}
COMMAND: POST /session/ce0892542fc13e0f9da3069a0c56f077/element/f.812778354793FCCCD3B60D6A2602043C.d.08E4C1271B6F0FBE0CEA94729C996BAA.e.4461/click - {}
RESULT: {}
COMMAND: GET /session/ce0892542fc13e0f9da3069a0c56f077/screenshot - {}
RESULT: {}
COMMAND: POST /session/ce0892542fc13e0f9da3069a0c56f077/elements - {"using":"xpath","value":"//span[text()='Error']"}
RESULT: {"using":"xpath","value":"//span[text()='Error']"}
COMMAND: POST /session/ce0892542fc13e0f9da3069a0c56f077/execute/async - {"script":"<script> [1562 bytes]","args":[{"selector":{"id":"application-ruinventorylist-display-component---Master--smartFilterBar-btnBasicSearch","interaction":{"idSuffix":"I"}},"wdio_ui5_key":"applicationruinventorylist-display-component---Master--smartFilterBar-btnBasicSearch"}]}
RESULT: {"script":"<script> [1562 bytes]","args":[{"selector":{"id":"application-ruinventorylist-display-component---Master--smartFilterBar-btnBasicSearch","interaction":{"idSuffix":"I"}},"wdio_ui5_key":"applicationruinventorylist-display-component---Master--smartFilterBar-btnBasicSearch"}]}
RESULT: undefined
COMMAND: POST /session/ce0892542fc13e0f9da3069a0c56f077/execute/async - {"script":"<script> [776 bytes]","args":[{"enterText":"WdIOR2cEquip4xf8y","selector":{"id":"application-ruinventorylist-display-component---Master--smartFilterBar-btnBasicSearch","interaction":{"idSuffix":"I"}},"clearTextFirst":true,"interactionType":"ENTER_TEXT"}]}
RESULT: {"script":"<script> [776 bytes]","args":[{"enterText":"WdIOR2cEquip4xf8y","selector":{"id":"application-ruinventorylist-display-component---Master--smartFilterBar-btnBasicSearch","interaction":{"idSuffix":"I"}},"clearTextFirst":true,"interactionType":"ENTER_TEXT"}]}
COMMAND: POST /session/ce0892542fc13e0f9da3069a0c56f077/actions - {"actions":[{"id":"action24","type":"key","parameters":{},"actions":[{"type":"keyDown","value":""},{"type":"pause","duration":10},{"type":"keyUp","value":""}]}]}
RESULT: {"actions":[{"id":"action24","type":"key","parameters":{},"actions":[{"type":"keyDown","value":""},{"type":"pause","duration":10},{"type":"keyUp","value":""}]}]}
COMMAND: GET /session/ce0892542fc13e0f9da3069a0c56f077/screenshot - {}
RESULT: {}
COMMAND: POST /session/ce0892542fc13e0f9da3069a0c56f077/execute/async - {"script":"<script> [1562 bytes]","args":[{"selector":{"id":"application-ruinventorylist-display-component---Master--smartTableRuInventoryList-header"},"wdio_ui5_key":"applicationruinventorylist-display-component---Master--smartTableRuInventoryList-header"}]}
RESULT: {"script":"<script> [1562 bytes]","args":[{"selector":{"id":"application-ruinventorylist-display-component---Master--smartTableRuInventoryList-header"},"wdio_ui5_key":"applicationruinventorylist-display-component---Master--smartTableRuInventoryList-header"}]}
RESULT: undefined
COMMAND: POST /session/ce0892542fc13e0f9da3069a0c56f077/execute/async - {"script":"<script> [6424 bytes]","args":[{"element-6066-11e4-a52e-4f735466cecf":"f.812778354793FCCCD3B60D6A2602043C.d.08E4C1271B6F0FBE0CEA94729C996BAA.e.4678"},"getText",[]]}
RESULT: {"script":"<script> [6424 bytes]","args":[{"element-6066-11e4-a52e-4f735466cecf":"f.812778354793FCCCD3B60D6A2602043C.d.08E4C1271B6F0FBE0CEA94729C996BAA.e.4678"},"getText",[]]}
COMMAND: POST /session/ce0892542fc13e0f9da3069a0c56f077/execute/async - {"script":"<script> [1562 bytes]","args":[{"selector":{"id":"application-ruinventorylist-display-component---Master--createContractItemsBtn-img"},"wdio_ui5_key":"applicationruinventorylist-display-component---Master--createContractItemsBtn-img"}]}
RESULT: {"script":"<script> [1562 bytes]","args":[{"selector":{"id":"application-ruinventorylist-display-component---Master--createContractItemsBtn-img"},"wdio_ui5_key":"applicationruinventorylist-display-component---Master--createContractItemsBtn-img"}]}
RESULT: undefined
COMMAND: POST /session/ce0892542fc13e0f9da3069a0c56f077/element - {"using":"xpath","value":"//*[@id=\"application-ruinventorylist-display-component---Master--createContractItemsBtn-img\"]"}
RESULT: {"using":"xpath","value":"//*[@id=\"application-ruinventorylist-display-component---Master--createContractItemsBtn-img\"]"}
COMMAND: POST /session/ce0892542fc13e0f9da3069a0c56f077/element/f.812778354793FCCCD3B60D6A2602043C.d.08E4C1271B6F0FBE0CEA94729C996BAA.e.4506/click - {}
RESULT: {}
COMMAND: GET /session/ce0892542fc13e0f9da3069a0c56f077/screenshot - {}
RESULT: {}
COMMAND: POST /session/ce0892542fc13e0f9da3069a0c56f077/element - {"using":"xpath","value":"//div[contains(@id ,\"application-ruinventorylist-display-component---Master--tableRuInventoryList-sa-CbBg\")]"}
RESULT: {"using":"xpath","value":"//div[contains(@id ,\"application-ruinventorylist-display-component---Master--tableRuInventoryList-sa-CbBg\")]"}
COMMAND: POST /session/ce0892542fc13e0f9da3069a0c56f077/element/f.812778354793FCCCD3B60D6A2602043C.d.08E4C1271B6F0FBE0CEA94729C996BAA.e.4687/click - {}
RESULT: {}
RESULT: undefined
COMMAND: POST /session/ce0892542fc13e0f9da3069a0c56f077/element - {"using":"xpath","value":"//*[@id=\"application-ruinventorylist-display-component---Master--createContractItemsBtn-img\"]"}
COMMAND: GET /session/ce0892542fc13e0f9da3069a0c56f077/screenshot - {}
RESULT: {"using":"xpath","value":"//*[@id=\"application-ruinventorylist-display-component---Master--createContractItemsBtn-img\"]"}
COMMAND: POST /session/ce0892542fc13e0f9da3069a0c56f077/element/f.812778354793FCCCD3B60D6A2602043C.d.08E4C1271B6F0FBE0CEA94729C996BAA.e.4506/click - {}
RESULT: {}
RESULT: {}
COMMAND: GET /session/ce0892542fc13e0f9da3069a0c56f077/screenshot - {}
RESULT: {}
COMMAND: POST /session/ce0892542fc13e0f9da3069a0c56f077/element - {"using":"xpath","value":"//div[contains(@class ,\"sapMObjStatus sapMObjStatusError sapMObjStatusActive\")]"}
RESULT: {"using":"xpath","value":"//div[contains(@class ,\"sapMObjStatus sapMObjStatusError sapMObjStatusActive\")]"}
COMMAND: POST /session/ce0892542fc13e0f9da3069a0c56f077/elements - {"using":"xpath","value":"//div[contains(@class ,\"sapMObjStatus sapMObjStatusError sapMObjStatusActive\")]"}
RESULT: {"using":"xpath","value":"//div[contains(@class ,\"sapMObjStatus sapMObjStatusError sapMObjStatusActive\")]"}
COMMAND: POST /session/ce0892542fc13e0f9da3069a0c56f077/element - {"using":"xpath","value":"//input[contains(@id, \"application-ruinventorylist-display-component---Master--contractCb-inner\")]"}
RESULT: {"using":"xpath","value":"//input[contains(@id, \"application-ruinventorylist-display-component---Master--contractCb-inner\")]"}
COMMAND: POST /session/ce0892542fc13e0f9da3069a0c56f077/element/f.812778354793FCCCD3B60D6A2602043C.d.08E4C1271B6F0FBE0CEA94729C996BAA.e.4690/clear - {}
RESULT: {}
COMMAND: POST /session/ce0892542fc13e0f9da3069a0c56f077/element/f.812778354793FCCCD3B60D6A2602043C.d.08E4C1271B6F0FBE0CEA94729C996BAA.e.4690/value - {"text":"10503"}
COMMAND: GET /session/ce0892542fc13e0f9da3069a0c56f077/screenshot - {}
RESULT: {"text":"10503"}
COMMAND: GET /session/ce0892542fc13e0f9da3069a0c56f077/screenshot - {}
RESULT: {}
RESULT: {}
COMMAND: POST /session/ce0892542fc13e0f9da3069a0c56f077/actions - {"actions":[{"id":"action25","type":"key","parameters":{},"actions":[{"type":"keyDown","value":""},{"type":"pause","duration":10},{"type":"keyUp","value":""}]}]}
RESULT: {"actions":[{"id":"action25","type":"key","parameters":{},"actions":[{"type":"keyDown","value":""},{"type":"pause","duration":10},{"type":"keyUp","value":""}]}]}
COMMAND: GET /session/ce0892542fc13e0f9da3069a0c56f077/screenshot - {}
RESULT: {}
COMMAND: POST /session/ce0892542fc13e0f9da3069a0c56f077/actions - {"actions":[{"id":"action26","type":"key","parameters":{},"actions":[{"type":"keyDown","value":""},{"type":"pause","duration":10},{"type":"keyUp","value":""}]}]}
RESULT: {"actions":[{"id":"action26","type":"key","parameters":{},"actions":[{"type":"keyDown","value":""},{"type":"pause","duration":10},{"type":"keyUp","value":""}]}]}
COMMAND: GET /session/ce0892542fc13e0f9da3069a0c56f077/screenshot - {}
RESULT: {}
COMMAND: POST /session/ce0892542fc13e0f9da3069a0c56f077/element - {"using":"xpath","value":"//input[contains(@id, \"application-ruinventorylist-display-component---Master--endDate-inner\")]"}
RESULT: {"using":"xpath","value":"//input[contains(@id, \"application-ruinventorylist-display-component---Master--endDate-inner\")]"}
COMMAND: POST /session/ce0892542fc13e0f9da3069a0c56f077/element/f.812778354793FCCCD3B60D6A2602043C.d.08E4C1271B6F0FBE0CEA94729C996BAA.e.4693/clear - {}
RESULT: {}
COMMAND: POST /session/ce0892542fc13e0f9da3069a0c56f077/element/f.812778354793FCCCD3B60D6A2602043C.d.08E4C1271B6F0FBE0CEA94729C996BAA.e.4693/value - {"text":"05/23/25"}
COMMAND: GET /session/ce0892542fc13e0f9da3069a0c56f077/screenshot - {}
RESULT: {"text":"05/23/25"}
COMMAND: POST /session/ce0892542fc13e0f9da3069a0c56f077/element - {"using":"xpath","value":"(//div[contains(@data-kt ,\"characteristicsObjectStatus\")])[2]"}
COMMAND: GET /session/ce0892542fc13e0f9da3069a0c56f077/screenshot - {}
RESULT: {}
RESULT: {"using":"xpath","value":"(//div[contains(@data-kt ,\"characteristicsObjectStatus\")])[2]"}
COMMAND: POST /session/ce0892542fc13e0f9da3069a0c56f077/element/f.812778354793FCCCD3B60D6A2602043C.d.08E4C1271B6F0FBE0CEA94729C996BAA.e.4707/click - {}
RESULT: {}
RESULT: {}
COMMAND: GET /session/ce0892542fc13e0f9da3069a0c56f077/screenshot - {}
RESULT: {}
COMMAND: POST /session/ce0892542fc13e0f9da3069a0c56f077/element - {"using":"xpath","value":"//span[contains(@id ,\"application-ruinventorylist-display-component---Master--addSplitCharacteristicsRowButton-img\")]"}
RESULT: {"using":"xpath","value":"//span[contains(@id ,\"application-ruinventorylist-display-component---Master--addSplitCharacteristicsRowButton-img\")]"}
COMMAND: POST /session/ce0892542fc13e0f9da3069a0c56f077/element/f.812778354793FCCCD3B60D6A2602043C.d.08E4C1271B6F0FBE0CEA94729C996BAA.e.4711/click - {}
RESULT: {}
COMMAND: POST /session/ce0892542fc13e0f9da3069a0c56f077/element - {"using":"xpath","value":"(//input[contains(@id ,\"application-ruinventorylist-display-component---Master--splitCharacteristicsTable-0-inner\")])[1]"}
COMMAND: GET /session/ce0892542fc13e0f9da3069a0c56f077/screenshot - {}
RESULT: {"using":"xpath","value":"(//input[contains(@id ,\"application-ruinventorylist-display-component---Master--splitCharacteristicsTable-0-inner\")])[1]"}
COMMAND: POST /session/ce0892542fc13e0f9da3069a0c56f077/element/f.812778354793FCCCD3B60D6A2602043C.d.08E4C1271B6F0FBE0CEA94729C996BAA.e.4713/clear - {}
RESULT: {}
RESULT: {}
COMMAND: POST /session/ce0892542fc13e0f9da3069a0c56f077/element/f.812778354793FCCCD3B60D6A2602043C.d.08E4C1271B6F0FBE0CEA94729C996BAA.e.4713/value - {"text":"Cost Center"}
COMMAND: GET /session/ce0892542fc13e0f9da3069a0c56f077/screenshot - {}
RESULT: {"text":"Cost Center"}
COMMAND: GET /session/ce0892542fc13e0f9da3069a0c56f077/screenshot - {}
RESULT: {}
RESULT: {}
COMMAND: POST /session/ce0892542fc13e0f9da3069a0c56f077/actions - {"actions":[{"id":"action27","type":"key","parameters":{},"actions":[{"type":"keyDown","value":""},{"type":"pause","duration":10},{"type":"keyUp","value":""}]}]}
RESULT: {"actions":[{"id":"action27","type":"key","parameters":{},"actions":[{"type":"keyDown","value":""},{"type":"pause","duration":10},{"type":"keyUp","value":""}]}]}
COMMAND: POST /session/ce0892542fc13e0f9da3069a0c56f077/execute/async - {"script":"<script> [1562 bytes]","args":[{"selector":{"controlType":"sap.ui.core.Icon","viewName":"etm.portal.ui.ruinventorylist.view.Master","viewId":"application-ruinventorylist-display-component---Master","properties":{"src":{"regex":{"source":"value\\-help"}}},"searchOpenDialogs":true,"ancestor":{"controlType":"sap.m.ColumnListItem","viewName":"etm.portal.ui.ruinventorylist.view.Master","viewId":"application-ruinventorylist-display-component---Master","bindingPath":{"modelName":"additionalRequiredFields","path":"/currentCharacteristics/0"},"ancestor":{"id":"application-ruinventorylist-display-component---Master--splitCharacteristicsTable","searchOpenDialogs":true}}},"wdio_ui5_key":"etmportal.ui.ruinventorylist.view.Mastersap.ui.core.Icon{\"src\":{\"regex\":{\"source\":\"value\\\\-help\"}}}{\"controlType\":\"sap.m.ColumnListItem\",\"viewName\":\"etm.portal.ui.ruinventorylist.view.Master\",\"viewId\":\"application-ruinventorylist-display-component---Master\",\"bindingPath\":{\"modelName\":\"additionalRequiredFields\",\"path\":\"/currentCharacteristics/0\"},\"ancestor\":{\"id\":\"application-ruinventorylist-display-component---Master--splitCharacteristicsTable\",\"searchOpenDialogs\":true}}"}]}
COMMAND: GET /session/ce0892542fc13e0f9da3069a0c56f077/screenshot - {}
RESULT: {"script":"<script> [1562 bytes]","args":[{"selector":{"controlType":"sap.ui.core.Icon","viewName":"etm.portal.ui.ruinventorylist.view.Master","viewId":"application-ruinventorylist-display-component---Master","properties":{"src":{"regex":{"source":"value\\-help"}}},"searchOpenDialogs":true,"ancestor":{"controlType":"sap.m.ColumnListItem","viewName":"etm.portal.ui.ruinventorylist.view.Master","viewId":"application-ruinventorylist-display-component---Master","bindingPath":{"modelName":"additionalRequiredFields","path":"/currentCharacteristics/0"},"ancestor":{"id":"application-ruinventorylist-display-component---Master--splitCharacteristicsTable","searchOpenDialogs":true}}},"wdio_ui5_key":"etmportal.ui.ruinventorylist.view.Mastersap.ui.core.Icon{\"src\":{\"regex\":{\"source\":\"value\\\\-help\"}}}{\"controlType\":\"sap.m.ColumnListItem\",\"viewName\":\"etm.portal.ui.ruinventorylist.view.Master\",\"viewId\":\"application-ruinventorylist-display-component---Master\",\"bindingPath\":{\"modelName\":\"additionalRequiredFields\",\"path\":\"/currentCharacteristics/0\"},\"ancestor\":{\"id\":\"application-ruinventorylist-display-component---Master--splitCharacteristicsTable\",\"searchOpenDialogs\":true}}"}]}
RESULT: undefined
COMMAND: POST /session/ce0892542fc13e0f9da3069a0c56f077/element - {"using":"xpath","value":"//*[@id=\"__help4-application-ruinventorylist-display-component---Master--splitCharacteristicsTable-0-vhi\"]"}
RESULT: {}
RESULT: {"using":"xpath","value":"//*[@id=\"__help4-application-ruinventorylist-display-component---Master--splitCharacteristicsTable-0-vhi\"]"}
COMMAND: POST /session/ce0892542fc13e0f9da3069a0c56f077/element/f.812778354793FCCCD3B60D6A2602043C.d.08E4C1271B6F0FBE0CEA94729C996BAA.e.4721/click - {}
RESULT: {}
COMMAND: POST /session/ce0892542fc13e0f9da3069a0c56f077/element - {"using":"xpath","value":"(//input[contains(@aria-label ,\"Search\")])[1]"}
COMMAND: GET /session/ce0892542fc13e0f9da3069a0c56f077/screenshot - {}
RESULT: {"using":"xpath","value":"(//input[contains(@aria-label ,\"Search\")])[1]"}
COMMAND: POST /session/ce0892542fc13e0f9da3069a0c56f077/element/f.812778354793FCCCD3B60D6A2602043C.d.08E4C1271B6F0FBE0CEA94729C996BAA.e.4724/clear - {}
RESULT: {}
RESULT: {}
COMMAND: POST /session/ce0892542fc13e0f9da3069a0c56f077/element/f.812778354793FCCCD3B60D6A2602043C.d.08E4C1271B6F0FBE0CEA94729C996BAA.e.4724/value - {"text":"10001010"}
COMMAND: GET /session/ce0892542fc13e0f9da3069a0c56f077/screenshot - {}
RESULT: {"text":"10001010"}
COMMAND: POST /session/ce0892542fc13e0f9da3069a0c56f077/actions - {"actions":[{"id":"action28","type":"key","parameters":{},"actions":[{"type":"keyDown","value":""},{"type":"pause","duration":10},{"type":"keyUp","value":""}]}]}
COMMAND: GET /session/ce0892542fc13e0f9da3069a0c56f077/screenshot - {}
RESULT: {}
RESULT: {"actions":[{"id":"action28","type":"key","parameters":{},"actions":[{"type":"keyDown","value":""},{"type":"pause","duration":10},{"type":"keyUp","value":""}]}]}
COMMAND: GET /session/ce0892542fc13e0f9da3069a0c56f077/screenshot - {}
RESULT: {}
RESULT: {}
COMMAND: POST /session/ce0892542fc13e0f9da3069a0c56f077/element - {"using":"xpath","value":"(//span[contains(text(), \"Purchasing\")])[1]"}
RESULT: {"using":"xpath","value":"(//span[contains(text(), \"Purchasing\")])[1]"}
COMMAND: POST /session/ce0892542fc13e0f9da3069a0c56f077/element/f.812778354793FCCCD3B60D6A2602043C.d.08E4C1271B6F0FBE0CEA94729C996BAA.e.4761/click - {}
RESULT: {}
COMMAND: GET /session/ce0892542fc13e0f9da3069a0c56f077/screenshot - {}
RESULT: {}
COMMAND: POST /session/ce0892542fc13e0f9da3069a0c56f077/element - {"using":"xpath","value":"//span[contains(@id ,\"ok-content\")]"}
RESULT: {"using":"xpath","value":"//span[contains(@id ,\"ok-content\")]"}
COMMAND: POST /session/ce0892542fc13e0f9da3069a0c56f077/element/f.812778354793FCCCD3B60D6A2602043C.d.08E4C1271B6F0FBE0CEA94729C996BAA.e.4762/click - {}
RESULT: {}
COMMAND: GET /session/ce0892542fc13e0f9da3069a0c56f077/screenshot - {}
RESULT: {}
COMMAND: POST /session/ce0892542fc13e0f9da3069a0c56f077/element - {"using":"xpath","value":"//bdi[contains(text(), \"Save\")]"}
RESULT: {"using":"xpath","value":"//bdi[contains(text(), \"Save\")]"}
COMMAND: POST /session/ce0892542fc13e0f9da3069a0c56f077/element/f.812778354793FCCCD3B60D6A2602043C.d.08E4C1271B6F0FBE0CEA94729C996BAA.e.4765/click - {}
RESULT: {}
COMMAND: GET /session/ce0892542fc13e0f9da3069a0c56f077/screenshot - {}
RESULT: {}
COMMAND: POST /session/ce0892542fc13e0f9da3069a0c56f077/element - {"using":"xpath","value":"//bdi[contains(text(), \"OK\")]"}
RESULT: {"using":"xpath","value":"//bdi[contains(text(), \"OK\")]"}
COMMAND: POST /session/ce0892542fc13e0f9da3069a0c56f077/element/f.812778354793FCCCD3B60D6A2602043C.d.08E4C1271B6F0FBE0CEA94729C996BAA.e.4767/click - {}
RESULT: {}
COMMAND: GET /session/ce0892542fc13e0f9da3069a0c56f077/screenshot - {}
RESULT: {}
COMMAND: POST /session/ce0892542fc13e0f9da3069a0c56f077/actions - {"actions":[{"id":"action29","type":"key","parameters":{},"actions":[{"type":"keyDown","value":""},{"type":"pause","duration":10},{"type":"keyUp","value":""}]}]}
RESULT: {"actions":[{"id":"action29","type":"key","parameters":{},"actions":[{"type":"keyDown","value":""},{"type":"pause","duration":10},{"type":"keyUp","value":""}]}]}
COMMAND: GET /session/ce0892542fc13e0f9da3069a0c56f077/screenshot - {}
RESULT: {}
COMMAND: POST /session/ce0892542fc13e0f9da3069a0c56f077/execute/async - {"script":"<script> [1562 bytes]","args":[{"selector":{"controlType":"sap.m.Title","viewName":"etm.portal.ui.managecontracts.view.Detail","properties":{"text":"Contract Items (1)"}},"wdio_ui5_key":"etmportal.ui.managecontracts.view.Detailsap.m.Title{\"text\":\"Contract Items (1)\"}"}]}
RESULT: {"script":"<script> [1562 bytes]","args":[{"selector":{"controlType":"sap.m.Title","viewName":"etm.portal.ui.managecontracts.view.Detail","properties":{"text":"Contract Items (1)"}},"wdio_ui5_key":"etmportal.ui.managecontracts.view.Detailsap.m.Title{\"text\":\"Contract Items (1)\"}"}]}
RESULT: undefined
COMMAND: POST /session/ce0892542fc13e0f9da3069a0c56f077/execute/async - {"script":"<script> [6424 bytes]","args":[{"element-6066-11e4-a52e-4f735466cecf":"f.812778354793FCCCD3B60D6A2602043C.d.08E4C1271B6F0FBE0CEA94729C996BAA.e.5019"},"getText",[]]}
RESULT: {"script":"<script> [6424 bytes]","args":[{"element-6066-11e4-a52e-4f735466cecf":"f.812778354793FCCCD3B60D6A2602043C.d.08E4C1271B6F0FBE0CEA94729C996BAA.e.5019"},"getText",[]]}
COMMAND: POST /session/ce0892542fc13e0f9da3069a0c56f077/element - {"using":"xpath","value":"//div[contains(@data-kt ,\"characteristicsObjectStatus\")]"}
RESULT: {"using":"xpath","value":"//div[contains(@data-kt ,\"characteristicsObjectStatus\")]"}
COMMAND: POST /session/ce0892542fc13e0f9da3069a0c56f077/element/f.812778354793FCCCD3B60D6A2602043C.d.08E4C1271B6F0FBE0CEA94729C996BAA.e.5020/click - {}
RESULT: {}
COMMAND: GET /session/ce0892542fc13e0f9da3069a0c56f077/screenshot - {}
RESULT: {}
COMMAND: POST /session/ce0892542fc13e0f9da3069a0c56f077/element - {"using":"xpath","value":"(//input[contains(@class ,\"sapMInputBaseInner sapMComboBoxInner\")])[2]"}
RESULT: {"using":"xpath","value":"(//input[contains(@class ,\"sapMInputBaseInner sapMComboBoxInner\")])[2]"}
COMMAND: GET /session/ce0892542fc13e0f9da3069a0c56f077/element/f.812778354793FCCCD3B60D6A2602043C.d.08E4C1271B6F0FBE0CEA94729C996BAA.e.5023/property/value - {}
RESULT: {}
COMMAND: POST /session/ce0892542fc13e0f9da3069a0c56f077/element - {"using":"xpath","value":"//span[contains(text(), \"Input (10001010) 10001010 - Purchasing\")]"}
COMMAND: GET /session/ce0892542fc13e0f9da3069a0c56f077/screenshot - {}
RESULT: {"using":"xpath","value":"//span[contains(text(), \"Input (10001010) 10001010 - Purchasing\")]"}
COMMAND: POST /session/ce0892542fc13e0f9da3069a0c56f077/elements - {"using":"xpath","value":"//span[contains(text(), \"Input (10001010) 10001010 - Purchasing\")]"}
RESULT: {}
RESULT: {"using":"xpath","value":"//span[contains(text(), \"Input (10001010) 10001010 - Purchasing\")]"}
COMMAND: POST /session/ce0892542fc13e0f9da3069a0c56f077/elements - {"using":"xpath","value":"//span[contains(text(), \"Input (10001010) 10001010 - Purchasing\")]"}
RESULT: {"using":"xpath","value":"//span[contains(text(), \"Input (10001010) 10001010 - Purchasing\")]"}
COMMAND: POST /session/ce0892542fc13e0f9da3069a0c56f077/elements - {"using":"xpath","value":"//span[contains(text(), \"Input (10001010) 10001010 - Purchasing\")]"}
RESULT: {"using":"xpath","value":"//span[contains(text(), \"Input (10001010) 10001010 - Purchasing\")]"}
COMMAND: POST /session/ce0892542fc13e0f9da3069a0c56f077/elements - {"using":"xpath","value":"//span[contains(text(), \"Input (10001010) 10001010 - Purchasing\")]"}
RESULT: {"using":"xpath","value":"//span[contains(text(), \"Input (10001010) 10001010 - Purchasing\")]"}
COMMAND: POST /session/ce0892542fc13e0f9da3069a0c56f077/elements - {"using":"xpath","value":"//span[contains(text(), \"Input (10001010) 10001010 - Purchasing\")]"}
RESULT: {"using":"xpath","value":"//span[contains(text(), \"Input (10001010) 10001010 - Purchasing\")]"}
COMMAND: POST /session/ce0892542fc13e0f9da3069a0c56f077/elements - {"using":"xpath","value":"//span[contains(text(), \"Input (10001010) 10001010 - Purchasing\")]"}
RESULT: {"using":"xpath","value":"//span[contains(text(), \"Input (10001010) 10001010 - Purchasing\")]"}
COMMAND: POST /session/ce0892542fc13e0f9da3069a0c56f077/elements - {"using":"xpath","value":"//span[contains(text(), \"Input (10001010) 10001010 - Purchasing\")]"}
RESULT: {"using":"xpath","value":"//span[contains(text(), \"Input (10001010) 10001010 - Purchasing\")]"}
COMMAND: POST /session/ce0892542fc13e0f9da3069a0c56f077/elements - {"using":"xpath","value":"//span[contains(text(), \"Input (10001010) 10001010 - Purchasing\")]"}
RESULT: {"using":"xpath","value":"//span[contains(text(), \"Input (10001010) 10001010 - Purchasing\")]"}
COMMAND: POST /session/ce0892542fc13e0f9da3069a0c56f077/elements - {"using":"xpath","value":"//span[contains(text(), \"Input (10001010) 10001010 - Purchasing\")]"}
RESULT: {"using":"xpath","value":"//span[contains(text(), \"Input (10001010) 10001010 - Purchasing\")]"}
COMMAND: POST /session/ce0892542fc13e0f9da3069a0c56f077/elements - {"using":"xpath","value":"//span[contains(text(), \"Input (10001010) 10001010 - Purchasing\")]"}
RESULT: {"using":"xpath","value":"//span[contains(text(), \"Input (10001010) 10001010 - Purchasing\")]"}
COMMAND: POST /session/ce0892542fc13e0f9da3069a0c56f077/elements - {"using":"xpath","value":"//span[contains(text(), \"Input (10001010) 10001010 - Purchasing\")]"}
RESULT: {"using":"xpath","value":"//span[contains(text(), \"Input (10001010) 10001010 - Purchasing\")]"}
COMMAND: POST /session/ce0892542fc13e0f9da3069a0c56f077/elements - {"using":"xpath","value":"//span[contains(text(), \"Input (10001010) 10001010 - Purchasing\")]"}
RESULT: {"using":"xpath","value":"//span[contains(text(), \"Input (10001010) 10001010 - Purchasing\")]"}
COMMAND: POST /session/ce0892542fc13e0f9da3069a0c56f077/elements - {"using":"xpath","value":"//span[contains(text(), \"Input (10001010) 10001010 - Purchasing\")]"}
RESULT: {"using":"xpath","value":"//span[contains(text(), \"Input (10001010) 10001010 - Purchasing\")]"}
COMMAND: POST /session/ce0892542fc13e0f9da3069a0c56f077/elements - {"using":"xpath","value":"//span[contains(text(), \"Input (10001010) 10001010 - Purchasing\")]"}
RESULT: {"using":"xpath","value":"//span[contains(text(), \"Input (10001010) 10001010 - Purchasing\")]"}
COMMAND: POST /session/ce0892542fc13e0f9da3069a0c56f077/elements - {"using":"xpath","value":"//span[contains(text(), \"Input (10001010) 10001010 - Purchasing\")]"}
RESULT: {"using":"xpath","value":"//span[contains(text(), \"Input (10001010) 10001010 - Purchasing\")]"}
COMMAND: POST /session/ce0892542fc13e0f9da3069a0c56f077/elements - {"using":"xpath","value":"//span[contains(text(), \"Input (10001010) 10001010 - Purchasing\")]"}
RESULT: {"using":"xpath","value":"//span[contains(text(), \"Input (10001010) 10001010 - Purchasing\")]"}
COMMAND: POST /session/ce0892542fc13e0f9da3069a0c56f077/elements - {"using":"xpath","value":"//span[contains(text(), \"Input (10001010) 10001010 - Purchasing\")]"}
RESULT: {"using":"xpath","value":"//span[contains(text(), \"Input (10001010) 10001010 - Purchasing\")]"}
COMMAND: POST /session/ce0892542fc13e0f9da3069a0c56f077/elements - {"using":"xpath","value":"//span[contains(text(), \"Input (10001010) 10001010 - Purchasing\")]"}
RESULT: {"using":"xpath","value":"//span[contains(text(), \"Input (10001010) 10001010 - Purchasing\")]"}
COMMAND: POST /session/ce0892542fc13e0f9da3069a0c56f077/elements - {"using":"xpath","value":"//span[contains(text(), \"Input (10001010) 10001010 - Purchasing\")]"}
RESULT: {"using":"xpath","value":"//span[contains(text(), \"Input (10001010) 10001010 - Purchasing\")]"}
COMMAND: DELETE /session/ce0892542fc13e0f9da3069a0c56f077 - {}
RESULT: {}
]]></system-out>
    </testcase>
  </testsuite>
</testsuites>