<?xml version="1.0" encoding="UTF-8"?>
<testsuites tests="9" failures="0" errors="0" skipped="0">
  <testsuite timestamp="2025-05-17T15:37:41" time="933.529" tests="8" failures="0" errors="0" skipped="0">
    <properties>
      <property name="specId" value="0" />
      <property name="suiteName" value="Create masterdata for Yard Overview - trigger provide US130988" />
      <property name="capabilities" value="chrome.136_0_7103_93.windows" />
      <property name="file" value="file:///D:/a/1/s/test/specs/HTR/yard-overview-trigger.spec.js" />
    </properties>
    <testcase classname="chrome.136_0_7103_93.windows.Create_masterdata_for_Yard_Overview_-_trigger_provide_US130988" name="Should create a new yard" time="140.983">
      <system-out><![CDATA[
COMMAND: POST /session/f3202076f2355fcab0b0fd0793b9d6fb/window/fullscreen - {}
RESULT: {}
COMMAND: POST /session/f3202076f2355fcab0b0fd0793b9d6fb/execute/async - {"script":"<script> [1562 bytes]","args":[{"selector":{"controlType":"sap.m.GenericTile","properties":{"header":"Manage Yards"}},"wdio_ui5_key":"sapm.GenericTile{\"header\":\"Manage Yards\"}"}]}
RESULT: {"script":"<script> [1562 bytes]","args":[{"selector":{"controlType":"sap.m.GenericTile","properties":{"header":"Manage Yards"}},"wdio_ui5_key":"sapm.GenericTile{\"header\":\"Manage Yards\"}"}]}
RESULT: undefined
COMMAND: POST /session/f3202076f2355fcab0b0fd0793b9d6fb/element - {"using":"xpath","value":"//*[@id=\"__tile41\"]"}
RESULT: {"using":"xpath","value":"//*[@id=\"__tile41\"]"}
COMMAND: POST /session/f3202076f2355fcab0b0fd0793b9d6fb/element/f.BC27547D6C1B912B5E2C3A56E82E8398.d.9F93189B40554D47F1EFA5ACC4A9CA40.e.126/click - {}
RESULT: {}
COMMAND: GET /session/f3202076f2355fcab0b0fd0793b9d6fb/screenshot - {}
RESULT: {}
COMMAND: POST /session/f3202076f2355fcab0b0fd0793b9d6fb/elements - {"using":"xpath","value":"//span[text()='Error']"}
RESULT: {"using":"xpath","value":"//span[text()='Error']"}
COMMAND: POST /session/f3202076f2355fcab0b0fd0793b9d6fb/element - {"using":"xpath","value":"//button[@data-kt=\"addNewYardOverflowToolbarButton\"]"}
RESULT: {"using":"xpath","value":"//button[@data-kt=\"addNewYardOverflowToolbarButton\"]"}
COMMAND: POST /session/f3202076f2355fcab0b0fd0793b9d6fb/elements - {"using":"xpath","value":"//button[@data-kt=\"addNewYardOverflowToolbarButton\"]"}
RESULT: {"using":"xpath","value":"//button[@data-kt=\"addNewYardOverflowToolbarButton\"]"}
COMMAND: POST /session/f3202076f2355fcab0b0fd0793b9d6fb/elements - {"using":"xpath","value":"//button[@data-kt=\"addNewYardOverflowToolbarButton\"]"}
RESULT: {"using":"xpath","value":"//button[@data-kt=\"addNewYardOverflowToolbarButton\"]"}
COMMAND: POST /session/f3202076f2355fcab0b0fd0793b9d6fb/elements - {"using":"xpath","value":"//button[@data-kt=\"addNewYardOverflowToolbarButton\"]"}
RESULT: {"using":"xpath","value":"//button[@data-kt=\"addNewYardOverflowToolbarButton\"]"}
COMMAND: POST /session/f3202076f2355fcab0b0fd0793b9d6fb/elements - {"using":"xpath","value":"//button[@data-kt=\"addNewYardOverflowToolbarButton\"]"}
RESULT: {"using":"xpath","value":"//button[@data-kt=\"addNewYardOverflowToolbarButton\"]"}
COMMAND: POST /session/f3202076f2355fcab0b0fd0793b9d6fb/elements - {"using":"xpath","value":"//button[@data-kt=\"addNewYardOverflowToolbarButton\"]"}
RESULT: {"using":"xpath","value":"//button[@data-kt=\"addNewYardOverflowToolbarButton\"]"}
COMMAND: POST /session/f3202076f2355fcab0b0fd0793b9d6fb/elements - {"using":"xpath","value":"//button[@data-kt=\"addNewYardOverflowToolbarButton\"]"}
RESULT: {"using":"xpath","value":"//button[@data-kt=\"addNewYardOverflowToolbarButton\"]"}
COMMAND: POST /session/f3202076f2355fcab0b0fd0793b9d6fb/elements - {"using":"xpath","value":"//button[@data-kt=\"addNewYardOverflowToolbarButton\"]"}
RESULT: {"using":"xpath","value":"//button[@data-kt=\"addNewYardOverflowToolbarButton\"]"}
COMMAND: POST /session/f3202076f2355fcab0b0fd0793b9d6fb/elements - {"using":"xpath","value":"//button[@data-kt=\"addNewYardOverflowToolbarButton\"]"}
RESULT: {"using":"xpath","value":"//button[@data-kt=\"addNewYardOverflowToolbarButton\"]"}
COMMAND: POST /session/f3202076f2355fcab0b0fd0793b9d6fb/element - {"using":"xpath","value":"//button[@data-kt=\"addNewYardOverflowToolbarButton\"]"}
RESULT: {"using":"xpath","value":"//button[@data-kt=\"addNewYardOverflowToolbarButton\"]"}
COMMAND: POST /session/f3202076f2355fcab0b0fd0793b9d6fb/execute/sync - {"script":"<script> [8489 bytes]","args":[{"element-6066-11e4-a52e-4f735466cecf":"f.BC27547D6C1B912B5E2C3A56E82E8398.d.9F93189B40554D47F1EFA5ACC4A9CA40.e.260","ELEMENT":"f.BC27547D6C1B912B5E2C3A56E82E8398.d.9F93189B40554D47F1EFA5ACC4A9CA40.e.260"}]}
RESULT: {"script":"<script> [8489 bytes]","args":[{"element-6066-11e4-a52e-4f735466cecf":"f.BC27547D6C1B912B5E2C3A56E82E8398.d.9F93189B40554D47F1EFA5ACC4A9CA40.e.260","ELEMENT":"f.BC27547D6C1B912B5E2C3A56E82E8398.d.9F93189B40554D47F1EFA5ACC4A9CA40.e.260"}]}
COMMAND: GET /session/f3202076f2355fcab0b0fd0793b9d6fb/element/f.BC27547D6C1B912B5E2C3A56E82E8398.d.9F93189B40554D47F1EFA5ACC4A9CA40.e.260/enabled - {}
COMMAND: GET /session/f3202076f2355fcab0b0fd0793b9d6fb/screenshot - {}
RESULT: {}
COMMAND: POST /session/f3202076f2355fcab0b0fd0793b9d6fb/execute/sync - {"script":"<script> [8489 bytes]","args":[{"element-6066-11e4-a52e-4f735466cecf":"f.BC27547D6C1B912B5E2C3A56E82E8398.d.9F93189B40554D47F1EFA5ACC4A9CA40.e.260","ELEMENT":"f.BC27547D6C1B912B5E2C3A56E82E8398.d.9F93189B40554D47F1EFA5ACC4A9CA40.e.260"}]}
COMMAND: GET /session/f3202076f2355fcab0b0fd0793b9d6fb/screenshot - {}
RESULT: {}
RESULT: {"script":"<script> [8489 bytes]","args":[{"element-6066-11e4-a52e-4f735466cecf":"f.BC27547D6C1B912B5E2C3A56E82E8398.d.9F93189B40554D47F1EFA5ACC4A9CA40.e.260","ELEMENT":"f.BC27547D6C1B912B5E2C3A56E82E8398.d.9F93189B40554D47F1EFA5ACC4A9CA40.e.260"}]}
COMMAND: POST /session/f3202076f2355fcab0b0fd0793b9d6fb/execute/sync - {"script":"<script> [5351 bytes]","args":[{"element-6066-11e4-a52e-4f735466cecf":"f.BC27547D6C1B912B5E2C3A56E82E8398.d.9F93189B40554D47F1EFA5ACC4A9CA40.e.260","ELEMENT":"f.BC27547D6C1B912B5E2C3A56E82E8398.d.9F93189B40554D47F1EFA5ACC4A9CA40.e.260"}]}
COMMAND: GET /session/f3202076f2355fcab0b0fd0793b9d6fb/screenshot - {}
RESULT: {}
RESULT: {"script":"<script> [5351 bytes]","args":[{"element-6066-11e4-a52e-4f735466cecf":"f.BC27547D6C1B912B5E2C3A56E82E8398.d.9F93189B40554D47F1EFA5ACC4A9CA40.e.260","ELEMENT":"f.BC27547D6C1B912B5E2C3A56E82E8398.d.9F93189B40554D47F1EFA5ACC4A9CA40.e.260"}]}
COMMAND: POST /session/f3202076f2355fcab0b0fd0793b9d6fb/element/f.BC27547D6C1B912B5E2C3A56E82E8398.d.9F93189B40554D47F1EFA5ACC4A9CA40.e.260/click - {}
COMMAND: GET /session/f3202076f2355fcab0b0fd0793b9d6fb/screenshot - {}
RESULT: {}
RESULT: {}
COMMAND: GET /session/f3202076f2355fcab0b0fd0793b9d6fb/screenshot - {}
RESULT: {}
COMMAND: POST /session/f3202076f2355fcab0b0fd0793b9d6fb/element - {"using":"xpath","value":"//input[@id=\"application-manageyards-display-component---NewYard--yardId-inner\"]"}
RESULT: {}
RESULT: {"using":"xpath","value":"//input[@id=\"application-manageyards-display-component---NewYard--yardId-inner\"]"}
COMMAND: POST /session/f3202076f2355fcab0b0fd0793b9d6fb/element - {"using":"xpath","value":"//input[@id=\"application-manageyards-display-component---NewYard--yardId-inner\"]"}
RESULT: {"using":"xpath","value":"//input[@id=\"application-manageyards-display-component---NewYard--yardId-inner\"]"}
COMMAND: POST /session/f3202076f2355fcab0b0fd0793b9d6fb/execute/async - {"script":"<script> [1562 bytes]","args":[{"selector":{"id":"application-manageyards-display-component---NewYard--addressDetailDetailsName1","interaction":{"idSuffix":"inner"}},"wdio_ui5_key":"applicationmanageyards-display-component---NewYard--addressDetailDetailsName1"}]}
RESULT: {"script":"<script> [1562 bytes]","args":[{"selector":{"id":"application-manageyards-display-component---NewYard--addressDetailDetailsName1","interaction":{"idSuffix":"inner"}},"wdio_ui5_key":"applicationmanageyards-display-component---NewYard--addressDetailDetailsName1"}]}
RESULT: undefined
COMMAND: POST /session/f3202076f2355fcab0b0fd0793b9d6fb/execute/async - {"script":"<script> [776 bytes]","args":[{"enterText":"Other Yard WDIO","selector":{"id":"application-manageyards-display-component---NewYard--addressDetailDetailsName1","interaction":{"idSuffix":"inner"}},"clearTextFirst":true,"interactionType":"ENTER_TEXT"}]}
RESULT: {"script":"<script> [776 bytes]","args":[{"enterText":"Other Yard WDIO","selector":{"id":"application-manageyards-display-component---NewYard--addressDetailDetailsName1","interaction":{"idSuffix":"inner"}},"clearTextFirst":true,"interactionType":"ENTER_TEXT"}]}
COMMAND: POST /session/f3202076f2355fcab0b0fd0793b9d6fb/execute/async - {"script":"<script> [1562 bytes]","args":[{"selector":{"id":"application-manageyards-display-component---NewYard--addressDetailDetailsLanguage-arrow"},"wdio_ui5_key":"applicationmanageyards-display-component---NewYard--addressDetailDetailsLanguage-arrow"}]}
RESULT: {"script":"<script> [1562 bytes]","args":[{"selector":{"id":"application-manageyards-display-component---NewYard--addressDetailDetailsLanguage-arrow"},"wdio_ui5_key":"applicationmanageyards-display-component---NewYard--addressDetailDetailsLanguage-arrow"}]}
RESULT: undefined
COMMAND: POST /session/f3202076f2355fcab0b0fd0793b9d6fb/element - {"using":"xpath","value":"//*[@id=\"application-manageyards-display-component---NewYard--addressDetailDetailsLanguage-arrow\"]"}
RESULT: {"using":"xpath","value":"//*[@id=\"application-manageyards-display-component---NewYard--addressDetailDetailsLanguage-arrow\"]"}
COMMAND: POST /session/f3202076f2355fcab0b0fd0793b9d6fb/element/f.BC27547D6C1B912B5E2C3A56E82E8398.d.9F93189B40554D47F1EFA5ACC4A9CA40.e.696/click - {}
RESULT: {}
COMMAND: POST /session/f3202076f2355fcab0b0fd0793b9d6fb/element - {"using":"xpath","value":"//span[contains(text(), \"English\")]"}
COMMAND: GET /session/f3202076f2355fcab0b0fd0793b9d6fb/screenshot - {}
RESULT: {"using":"xpath","value":"//span[contains(text(), \"English\")]"}
COMMAND: POST /session/f3202076f2355fcab0b0fd0793b9d6fb/element/f.BC27547D6C1B912B5E2C3A56E82E8398.d.9F93189B40554D47F1EFA5ACC4A9CA40.e.697/click - {}
RESULT: {}
RESULT: {}
COMMAND: POST /session/f3202076f2355fcab0b0fd0793b9d6fb/execute/async - {"script":"<script> [1562 bytes]","args":[{"selector":{"id":"application-manageyards-display-component---NewYard--addressDetailDetailsCity1","interaction":{"idSuffix":"inner"}},"wdio_ui5_key":"applicationmanageyards-display-component---NewYard--addressDetailDetailsCity1"}]}
COMMAND: GET /session/f3202076f2355fcab0b0fd0793b9d6fb/screenshot - {}
RESULT: {"script":"<script> [1562 bytes]","args":[{"selector":{"id":"application-manageyards-display-component---NewYard--addressDetailDetailsCity1","interaction":{"idSuffix":"inner"}},"wdio_ui5_key":"applicationmanageyards-display-component---NewYard--addressDetailDetailsCity1"}]}
RESULT: undefined
COMMAND: POST /session/f3202076f2355fcab0b0fd0793b9d6fb/execute/async - {"script":"<script> [776 bytes]","args":[{"enterText":"Rosario","selector":{"id":"application-manageyards-display-component---NewYard--addressDetailDetailsCity1","interaction":{"idSuffix":"inner"}},"clearTextFirst":true,"interactionType":"ENTER_TEXT"}]}
RESULT: {}
RESULT: {"script":"<script> [776 bytes]","args":[{"enterText":"Rosario","selector":{"id":"application-manageyards-display-component---NewYard--addressDetailDetailsCity1","interaction":{"idSuffix":"inner"}},"clearTextFirst":true,"interactionType":"ENTER_TEXT"}]}
COMMAND: POST /session/f3202076f2355fcab0b0fd0793b9d6fb/execute/async - {"script":"<script> [1562 bytes]","args":[{"selector":{"id":"application-manageyards-display-component---NewYard--addressDetailDetailsCountry-arrow"},"wdio_ui5_key":"applicationmanageyards-display-component---NewYard--addressDetailDetailsCountry-arrow"}]}
RESULT: {"script":"<script> [1562 bytes]","args":[{"selector":{"id":"application-manageyards-display-component---NewYard--addressDetailDetailsCountry-arrow"},"wdio_ui5_key":"applicationmanageyards-display-component---NewYard--addressDetailDetailsCountry-arrow"}]}
RESULT: undefined
COMMAND: POST /session/f3202076f2355fcab0b0fd0793b9d6fb/element - {"using":"xpath","value":"//*[@id=\"application-manageyards-display-component---NewYard--addressDetailDetailsCountry-arrow\"]"}
RESULT: {"using":"xpath","value":"//*[@id=\"application-manageyards-display-component---NewYard--addressDetailDetailsCountry-arrow\"]"}
COMMAND: POST /session/f3202076f2355fcab0b0fd0793b9d6fb/element/f.BC27547D6C1B912B5E2C3A56E82E8398.d.9F93189B40554D47F1EFA5ACC4A9CA40.e.699/click - {}
RESULT: {}
COMMAND: POST /session/f3202076f2355fcab0b0fd0793b9d6fb/element - {"using":"xpath","value":"//span[contains(text(), \"Argentina\")]"}
COMMAND: GET /session/f3202076f2355fcab0b0fd0793b9d6fb/screenshot - {}
RESULT: {"using":"xpath","value":"//span[contains(text(), \"Argentina\")]"}
COMMAND: POST /session/f3202076f2355fcab0b0fd0793b9d6fb/element/f.BC27547D6C1B912B5E2C3A56E82E8398.d.9F93189B40554D47F1EFA5ACC4A9CA40.e.700/click - {}
RESULT: {}
RESULT: {}
COMMAND: POST /session/f3202076f2355fcab0b0fd0793b9d6fb/execute/async - {"script":"<script> [1562 bytes]","args":[{"selector":{"id":"application-manageyards-display-component---NewYard--addressEditDetailsCostObjectCstType-arrow"},"wdio_ui5_key":"applicationmanageyards-display-component---NewYard--addressEditDetailsCostObjectCstType-arrow"}]}
COMMAND: GET /session/f3202076f2355fcab0b0fd0793b9d6fb/screenshot - {}
RESULT: {"script":"<script> [1562 bytes]","args":[{"selector":{"id":"application-manageyards-display-component---NewYard--addressEditDetailsCostObjectCstType-arrow"},"wdio_ui5_key":"applicationmanageyards-display-component---NewYard--addressEditDetailsCostObjectCstType-arrow"}]}
RESULT: undefined
COMMAND: POST /session/f3202076f2355fcab0b0fd0793b9d6fb/element - {"using":"xpath","value":"//*[@id=\"application-manageyards-display-component---NewYard--addressEditDetailsCostObjectCstType-arrow\"]"}
RESULT: {}
RESULT: {"using":"xpath","value":"//*[@id=\"application-manageyards-display-component---NewYard--addressEditDetailsCostObjectCstType-arrow\"]"}
COMMAND: POST /session/f3202076f2355fcab0b0fd0793b9d6fb/element/f.BC27547D6C1B912B5E2C3A56E82E8398.d.9F93189B40554D47F1EFA5ACC4A9CA40.e.702/click - {}
RESULT: {}
COMMAND: POST /session/f3202076f2355fcab0b0fd0793b9d6fb/element - {"using":"xpath","value":"//span[contains(text(), \"Cost Center\")]"}
COMMAND: GET /session/f3202076f2355fcab0b0fd0793b9d6fb/screenshot - {}
RESULT: {"using":"xpath","value":"//span[contains(text(), \"Cost Center\")]"}
COMMAND: POST /session/f3202076f2355fcab0b0fd0793b9d6fb/element/f.BC27547D6C1B912B5E2C3A56E82E8398.d.9F93189B40554D47F1EFA5ACC4A9CA40.e.703/click - {}
RESULT: {}
RESULT: {}
COMMAND: GET /session/f3202076f2355fcab0b0fd0793b9d6fb/screenshot - {}
RESULT: {}
COMMAND: POST /session/f3202076f2355fcab0b0fd0793b9d6fb/element - {"using":"xpath","value":"//span[@id=\"application-manageyards-display-component---NewYard--addressNewCostObjectCstID-vhi\"]"}
RESULT: {"using":"xpath","value":"//span[@id=\"application-manageyards-display-component---NewYard--addressNewCostObjectCstID-vhi\"]"}
COMMAND: POST /session/f3202076f2355fcab0b0fd0793b9d6fb/execute/sync - {"script":"<script> [8489 bytes]","args":[{"element-6066-11e4-a52e-4f735466cecf":"f.BC27547D6C1B912B5E2C3A56E82E8398.d.9F93189B40554D47F1EFA5ACC4A9CA40.e.707","ELEMENT":"f.BC27547D6C1B912B5E2C3A56E82E8398.d.9F93189B40554D47F1EFA5ACC4A9CA40.e.707"}]}
RESULT: {"script":"<script> [8489 bytes]","args":[{"element-6066-11e4-a52e-4f735466cecf":"f.BC27547D6C1B912B5E2C3A56E82E8398.d.9F93189B40554D47F1EFA5ACC4A9CA40.e.707","ELEMENT":"f.BC27547D6C1B912B5E2C3A56E82E8398.d.9F93189B40554D47F1EFA5ACC4A9CA40.e.707"}]}
COMMAND: POST /session/f3202076f2355fcab0b0fd0793b9d6fb/execute/async - {"script":"<script> [1562 bytes]","args":[{"selector":{"id":"application-manageyards-display-component---NewYard--addressNewCostObjectCstID-vhi"},"wdio_ui5_key":"applicationmanageyards-display-component---NewYard--addressNewCostObjectCstID-vhi"}]}
COMMAND: GET /session/f3202076f2355fcab0b0fd0793b9d6fb/screenshot - {}
RESULT: {"script":"<script> [1562 bytes]","args":[{"selector":{"id":"application-manageyards-display-component---NewYard--addressNewCostObjectCstID-vhi"},"wdio_ui5_key":"applicationmanageyards-display-component---NewYard--addressNewCostObjectCstID-vhi"}]}
RESULT: undefined
COMMAND: POST /session/f3202076f2355fcab0b0fd0793b9d6fb/element - {"using":"xpath","value":"//*[@id=\"application-manageyards-display-component---NewYard--addressNewCostObjectCstID-vhi\"]"}
RESULT: {}
RESULT: {"using":"xpath","value":"//*[@id=\"application-manageyards-display-component---NewYard--addressNewCostObjectCstID-vhi\"]"}
COMMAND: POST /session/f3202076f2355fcab0b0fd0793b9d6fb/element/f.BC27547D6C1B912B5E2C3A56E82E8398.d.9F93189B40554D47F1EFA5ACC4A9CA40.e.707/click - {}
RESULT: {}
COMMAND: GET /session/f3202076f2355fcab0b0fd0793b9d6fb/screenshot - {}
RESULT: {}
COMMAND: POST /session/f3202076f2355fcab0b0fd0793b9d6fb/execute/async - {"script":"<script> [1562 bytes]","args":[{"selector":{"controlType":"sap.m.SearchField","properties":{"placeholder":"Search"},"searchOpenDialogs":true,"interaction":{"idSuffix":"I"}},"wdio_ui5_key":"sapm.SearchField{\"placeholder\":\"Search\"}"}]}
RESULT: {"script":"<script> [1562 bytes]","args":[{"selector":{"controlType":"sap.m.SearchField","properties":{"placeholder":"Search"},"searchOpenDialogs":true,"interaction":{"idSuffix":"I"}},"wdio_ui5_key":"sapm.SearchField{\"placeholder\":\"Search\"}"}]}
RESULT: undefined
COMMAND: POST /session/f3202076f2355fcab0b0fd0793b9d6fb/execute/async - {"script":"<script> [776 bytes]","args":[{"enterText":"bauh_b","selector":{"controlType":"sap.m.SearchField","properties":{"placeholder":"Search"},"searchOpenDialogs":true,"interaction":{"idSuffix":"I"}},"clearTextFirst":true,"interactionType":"ENTER_TEXT"}]}
RESULT: {"script":"<script> [776 bytes]","args":[{"enterText":"bauh_b","selector":{"controlType":"sap.m.SearchField","properties":{"placeholder":"Search"},"searchOpenDialogs":true,"interaction":{"idSuffix":"I"}},"clearTextFirst":true,"interactionType":"ENTER_TEXT"}]}
COMMAND: POST /session/f3202076f2355fcab0b0fd0793b9d6fb/actions - {"actions":[{"id":"action1","type":"key","parameters":{},"actions":[{"type":"keyDown","value":"î€‡"},{"type":"pause","duration":10},{"type":"keyUp","value":"î€‡"}]}]}
RESULT: {"actions":[{"id":"action1","type":"key","parameters":{},"actions":[{"type":"keyDown","value":"î€‡"},{"type":"pause","duration":10},{"type":"keyUp","value":"î€‡"}]}]}
COMMAND: GET /session/f3202076f2355fcab0b0fd0793b9d6fb/screenshot - {}
RESULT: {}
COMMAND: POST /session/f3202076f2355fcab0b0fd0793b9d6fb/element - {"using":"xpath","value":"//span[contains(text(), \"Demo Yard\")]"}
RESULT: {"using":"xpath","value":"//span[contains(text(), \"Demo Yard\")]"}
COMMAND: POST /session/f3202076f2355fcab0b0fd0793b9d6fb/element/f.BC27547D6C1B912B5E2C3A56E82E8398.d.9F93189B40554D47F1EFA5ACC4A9CA40.e.748/click - {}
RESULT: {}
COMMAND: GET /session/f3202076f2355fcab0b0fd0793b9d6fb/screenshot - {}
RESULT: {}
COMMAND: POST /session/f3202076f2355fcab0b0fd0793b9d6fb/element - {"using":"xpath","value":"//bdi[contains(text(), \"OK\")]"}
RESULT: {"using":"xpath","value":"//bdi[contains(text(), \"OK\")]"}
COMMAND: POST /session/f3202076f2355fcab0b0fd0793b9d6fb/element/f.BC27547D6C1B912B5E2C3A56E82E8398.d.9F93189B40554D47F1EFA5ACC4A9CA40.e.749/click - {}
RESULT: {}
COMMAND: GET /session/f3202076f2355fcab0b0fd0793b9d6fb/screenshot - {}
RESULT: {}
COMMAND: POST /session/f3202076f2355fcab0b0fd0793b9d6fb/execute/async - {"script":"<script> [1562 bytes]","args":[{"selector":{"id":"application-manageyards-display-component---NewYard--addressEditDetailsCurrency-arrow"},"wdio_ui5_key":"applicationmanageyards-display-component---NewYard--addressEditDetailsCurrency-arrow"}]}
RESULT: {"script":"<script> [1562 bytes]","args":[{"selector":{"id":"application-manageyards-display-component---NewYard--addressEditDetailsCurrency-arrow"},"wdio_ui5_key":"applicationmanageyards-display-component---NewYard--addressEditDetailsCurrency-arrow"}]}
RESULT: undefined
COMMAND: POST /session/f3202076f2355fcab0b0fd0793b9d6fb/element - {"using":"xpath","value":"//*[@id=\"application-manageyards-display-component---NewYard--addressEditDetailsCurrency-arrow\"]"}
RESULT: {"using":"xpath","value":"//*[@id=\"application-manageyards-display-component---NewYard--addressEditDetailsCurrency-arrow\"]"}
COMMAND: POST /session/f3202076f2355fcab0b0fd0793b9d6fb/element/f.BC27547D6C1B912B5E2C3A56E82E8398.d.9F93189B40554D47F1EFA5ACC4A9CA40.e.752/click - {}
RESULT: {}
COMMAND: POST /session/f3202076f2355fcab0b0fd0793b9d6fb/element - {"using":"xpath","value":"//span[contains(text(), \"Euro\")]"}
COMMAND: GET /session/f3202076f2355fcab0b0fd0793b9d6fb/screenshot - {}
RESULT: {"using":"xpath","value":"//span[contains(text(), \"Euro\")]"}
COMMAND: POST /session/f3202076f2355fcab0b0fd0793b9d6fb/element/f.BC27547D6C1B912B5E2C3A56E82E8398.d.9F93189B40554D47F1EFA5ACC4A9CA40.e.753/click - {}
RESULT: {}
RESULT: {}
COMMAND: POST /session/f3202076f2355fcab0b0fd0793b9d6fb/execute/async - {"script":"<script> [1562 bytes]","args":[{"selector":{"controlType":"sap.m.Input","viewName":"etm.portal.ui.manageyards.view.New","viewId":"application-manageyards-display-component---NewYard","bindingPath":{"path":"","propertyPath":"/CONTROLLING_AREA","modelName":"NewYardModel"},"interaction":{"idSuffix":"inner"}},"wdio_ui5_key":"etmportal.ui.manageyards.view.Newsap.m.Input{\"path\":\"\",\"propertyPath\":\"/CONTROLLING_AREA\",\"modelName\":\"NewYardModel\"}"}]}
COMMAND: GET /session/f3202076f2355fcab0b0fd0793b9d6fb/screenshot - {}
RESULT: {"script":"<script> [1562 bytes]","args":[{"selector":{"controlType":"sap.m.Input","viewName":"etm.portal.ui.manageyards.view.New","viewId":"application-manageyards-display-component---NewYard","bindingPath":{"path":"","propertyPath":"/CONTROLLING_AREA","modelName":"NewYardModel"},"interaction":{"idSuffix":"inner"}},"wdio_ui5_key":"etmportal.ui.manageyards.view.Newsap.m.Input{\"path\":\"\",\"propertyPath\":\"/CONTROLLING_AREA\",\"modelName\":\"NewYardModel\"}"}]}
RESULT: undefined
COMMAND: POST /session/f3202076f2355fcab0b0fd0793b9d6fb/execute/async - {"script":"<script> [776 bytes]","args":[{"enterText":"Z001","selector":{"controlType":"sap.m.Input","viewName":"etm.portal.ui.manageyards.view.New","viewId":"application-manageyards-display-component---NewYard","bindingPath":{"path":"","propertyPath":"/CONTROLLING_AREA","modelName":"NewYardModel"},"interaction":{"idSuffix":"inner"}},"clearTextFirst":true,"interactionType":"ENTER_TEXT"}]}
RESULT: {}
RESULT: {"script":"<script> [776 bytes]","args":[{"enterText":"Z001","selector":{"controlType":"sap.m.Input","viewName":"etm.portal.ui.manageyards.view.New","viewId":"application-manageyards-display-component---NewYard","bindingPath":{"path":"","propertyPath":"/CONTROLLING_AREA","modelName":"NewYardModel"},"interaction":{"idSuffix":"inner"}},"clearTextFirst":true,"interactionType":"ENTER_TEXT"}]}
COMMAND: POST /session/f3202076f2355fcab0b0fd0793b9d6fb/execute/async - {"script":"<script> [1562 bytes]","args":[{"selector":{"id":"application-manageyards-display-component---NewYard--companyCodeComboBox","interaction":{"idSuffix":"inner"}},"wdio_ui5_key":"applicationmanageyards-display-component---NewYard--companyCodeComboBox"}]}
RESULT: {"script":"<script> [1562 bytes]","args":[{"selector":{"id":"application-manageyards-display-component---NewYard--companyCodeComboBox","interaction":{"idSuffix":"inner"}},"wdio_ui5_key":"applicationmanageyards-display-component---NewYard--companyCodeComboBox"}]}
RESULT: undefined
COMMAND: POST /session/f3202076f2355fcab0b0fd0793b9d6fb/execute/async - {"script":"<script> [776 bytes]","args":[{"enterText":"1000","selector":{"id":"application-manageyards-display-component---NewYard--companyCodeComboBox","interaction":{"idSuffix":"inner"}},"clearTextFirst":true,"interactionType":"ENTER_TEXT"}]}
RESULT: {"script":"<script> [776 bytes]","args":[{"enterText":"1000","selector":{"id":"application-manageyards-display-component---NewYard--companyCodeComboBox","interaction":{"idSuffix":"inner"}},"clearTextFirst":true,"interactionType":"ENTER_TEXT"}]}
COMMAND: POST /session/f3202076f2355fcab0b0fd0793b9d6fb/execute/async - {"script":"<script> [1562 bytes]","args":[{"selector":{"controlType":"sap.m.Input","viewName":"etm.portal.ui.manageyards.view.New","viewId":"application-manageyards-display-component---NewYard","bindingPath":{"path":"","propertyPath":"/PLANT","modelName":"NewYardModel"},"interaction":{"idSuffix":"inner"}},"wdio_ui5_key":"etmportal.ui.manageyards.view.Newsap.m.Input{\"path\":\"\",\"propertyPath\":\"/PLANT\",\"modelName\":\"NewYardModel\"}"}]}
RESULT: {"script":"<script> [1562 bytes]","args":[{"selector":{"controlType":"sap.m.Input","viewName":"etm.portal.ui.manageyards.view.New","viewId":"application-manageyards-display-component---NewYard","bindingPath":{"path":"","propertyPath":"/PLANT","modelName":"NewYardModel"},"interaction":{"idSuffix":"inner"}},"wdio_ui5_key":"etmportal.ui.manageyards.view.Newsap.m.Input{\"path\":\"\",\"propertyPath\":\"/PLANT\",\"modelName\":\"NewYardModel\"}"}]}
RESULT: undefined
COMMAND: POST /session/f3202076f2355fcab0b0fd0793b9d6fb/execute/async - {"script":"<script> [776 bytes]","args":[{"enterText":"1001","selector":{"controlType":"sap.m.Input","viewName":"etm.portal.ui.manageyards.view.New","viewId":"application-manageyards-display-component---NewYard","bindingPath":{"path":"","propertyPath":"/PLANT","modelName":"NewYardModel"},"interaction":{"idSuffix":"inner"}},"clearTextFirst":true,"interactionType":"ENTER_TEXT"}]}
RESULT: {"script":"<script> [776 bytes]","args":[{"enterText":"1001","selector":{"controlType":"sap.m.Input","viewName":"etm.portal.ui.manageyards.view.New","viewId":"application-manageyards-display-component---NewYard","bindingPath":{"path":"","propertyPath":"/PLANT","modelName":"NewYardModel"},"interaction":{"idSuffix":"inner"}},"clearTextFirst":true,"interactionType":"ENTER_TEXT"}]}
COMMAND: POST /session/f3202076f2355fcab0b0fd0793b9d6fb/execute/async - {"script":"<script> [1562 bytes]","args":[{"selector":{"controlType":"sap.m.Input","viewName":"etm.portal.ui.manageyards.view.New","viewId":"application-manageyards-display-component---NewYard","bindingPath":{"path":"","propertyPath":"/SALES_AREA_VKORG","modelName":"NewYardModel"},"interaction":{"idSuffix":"inner"}},"wdio_ui5_key":"etmportal.ui.manageyards.view.Newsap.m.Input{\"path\":\"\",\"propertyPath\":\"/SALES_AREA_VKORG\",\"modelName\":\"NewYardModel\"}"}]}
RESULT: {"script":"<script> [1562 bytes]","args":[{"selector":{"controlType":"sap.m.Input","viewName":"etm.portal.ui.manageyards.view.New","viewId":"application-manageyards-display-component---NewYard","bindingPath":{"path":"","propertyPath":"/SALES_AREA_VKORG","modelName":"NewYardModel"},"interaction":{"idSuffix":"inner"}},"wdio_ui5_key":"etmportal.ui.manageyards.view.Newsap.m.Input{\"path\":\"\",\"propertyPath\":\"/SALES_AREA_VKORG\",\"modelName\":\"NewYardModel\"}"}]}
RESULT: undefined
COMMAND: POST /session/f3202076f2355fcab0b0fd0793b9d6fb/execute/async - {"script":"<script> [776 bytes]","args":[{"enterText":"C002","selector":{"controlType":"sap.m.Input","viewName":"etm.portal.ui.manageyards.view.New","viewId":"application-manageyards-display-component---NewYard","bindingPath":{"path":"","propertyPath":"/SALES_AREA_VKORG","modelName":"NewYardModel"},"interaction":{"idSuffix":"inner"}},"clearTextFirst":true,"interactionType":"ENTER_TEXT"}]}
RESULT: {"script":"<script> [776 bytes]","args":[{"enterText":"C002","selector":{"controlType":"sap.m.Input","viewName":"etm.portal.ui.manageyards.view.New","viewId":"application-manageyards-display-component---NewYard","bindingPath":{"path":"","propertyPath":"/SALES_AREA_VKORG","modelName":"NewYardModel"},"interaction":{"idSuffix":"inner"}},"clearTextFirst":true,"interactionType":"ENTER_TEXT"}]}
COMMAND: POST /session/f3202076f2355fcab0b0fd0793b9d6fb/execute/async - {"script":"<script> [1562 bytes]","args":[{"selector":{"controlType":"sap.m.Input","viewName":"etm.portal.ui.manageyards.view.New","viewId":"application-manageyards-display-component---NewYard","bindingPath":{"path":"","propertyPath":"/SALES_AREA_VTWEG","modelName":"NewYardModel"},"interaction":{"idSuffix":"inner"}},"wdio_ui5_key":"etmportal.ui.manageyards.view.Newsap.m.Input{\"path\":\"\",\"propertyPath\":\"/SALES_AREA_VTWEG\",\"modelName\":\"NewYardModel\"}"}]}
RESULT: {"script":"<script> [1562 bytes]","args":[{"selector":{"controlType":"sap.m.Input","viewName":"etm.portal.ui.manageyards.view.New","viewId":"application-manageyards-display-component---NewYard","bindingPath":{"path":"","propertyPath":"/SALES_AREA_VTWEG","modelName":"NewYardModel"},"interaction":{"idSuffix":"inner"}},"wdio_ui5_key":"etmportal.ui.manageyards.view.Newsap.m.Input{\"path\":\"\",\"propertyPath\":\"/SALES_AREA_VTWEG\",\"modelName\":\"NewYardModel\"}"}]}
RESULT: undefined
COMMAND: POST /session/f3202076f2355fcab0b0fd0793b9d6fb/execute/async - {"script":"<script> [776 bytes]","args":[{"enterText":"C2","selector":{"controlType":"sap.m.Input","viewName":"etm.portal.ui.manageyards.view.New","viewId":"application-manageyards-display-component---NewYard","bindingPath":{"path":"","propertyPath":"/SALES_AREA_VTWEG","modelName":"NewYardModel"},"interaction":{"idSuffix":"inner"}},"clearTextFirst":true,"interactionType":"ENTER_TEXT"}]}
RESULT: {"script":"<script> [776 bytes]","args":[{"enterText":"C2","selector":{"controlType":"sap.m.Input","viewName":"etm.portal.ui.manageyards.view.New","viewId":"application-manageyards-display-component---NewYard","bindingPath":{"path":"","propertyPath":"/SALES_AREA_VTWEG","modelName":"NewYardModel"},"interaction":{"idSuffix":"inner"}},"clearTextFirst":true,"interactionType":"ENTER_TEXT"}]}
COMMAND: POST /session/f3202076f2355fcab0b0fd0793b9d6fb/execute/async - {"script":"<script> [1562 bytes]","args":[{"selector":{"controlType":"sap.m.Input","viewName":"etm.portal.ui.manageyards.view.New","viewId":"application-manageyards-display-component---NewYard","bindingPath":{"path":"","propertyPath":"/SALES_AREA_SPART","modelName":"NewYardModel"},"interaction":{"idSuffix":"inner"}},"wdio_ui5_key":"etmportal.ui.manageyards.view.Newsap.m.Input{\"path\":\"\",\"propertyPath\":\"/SALES_AREA_SPART\",\"modelName\":\"NewYardModel\"}"}]}
RESULT: {"script":"<script> [1562 bytes]","args":[{"selector":{"controlType":"sap.m.Input","viewName":"etm.portal.ui.manageyards.view.New","viewId":"application-manageyards-display-component---NewYard","bindingPath":{"path":"","propertyPath":"/SALES_AREA_SPART","modelName":"NewYardModel"},"interaction":{"idSuffix":"inner"}},"wdio_ui5_key":"etmportal.ui.manageyards.view.Newsap.m.Input{\"path\":\"\",\"propertyPath\":\"/SALES_AREA_SPART\",\"modelName\":\"NewYardModel\"}"}]}
RESULT: undefined
COMMAND: POST /session/f3202076f2355fcab0b0fd0793b9d6fb/execute/async - {"script":"<script> [776 bytes]","args":[{"enterText":"C2","selector":{"controlType":"sap.m.Input","viewName":"etm.portal.ui.manageyards.view.New","viewId":"application-manageyards-display-component---NewYard","bindingPath":{"path":"","propertyPath":"/SALES_AREA_SPART","modelName":"NewYardModel"},"interaction":{"idSuffix":"inner"}},"clearTextFirst":true,"interactionType":"ENTER_TEXT"}]}
RESULT: {"script":"<script> [776 bytes]","args":[{"enterText":"C2","selector":{"controlType":"sap.m.Input","viewName":"etm.portal.ui.manageyards.view.New","viewId":"application-manageyards-display-component---NewYard","bindingPath":{"path":"","propertyPath":"/SALES_AREA_SPART","modelName":"NewYardModel"},"interaction":{"idSuffix":"inner"}},"clearTextFirst":true,"interactionType":"ENTER_TEXT"}]}
COMMAND: POST /session/f3202076f2355fcab0b0fd0793b9d6fb/execute/async - {"script":"<script> [1562 bytes]","args":[{"selector":{"controlType":"sap.m.Input","viewName":"etm.portal.ui.manageyards.view.New","viewId":"application-manageyards-display-component---NewYard","bindingPath":{"path":"","propertyPath":"/SHIP_POINT","modelName":"NewYardModel"},"interaction":{"idSuffix":"inner"}},"wdio_ui5_key":"etmportal.ui.manageyards.view.Newsap.m.Input{\"path\":\"\",\"propertyPath\":\"/SHIP_POINT\",\"modelName\":\"NewYardModel\"}"}]}
RESULT: {"script":"<script> [1562 bytes]","args":[{"selector":{"controlType":"sap.m.Input","viewName":"etm.portal.ui.manageyards.view.New","viewId":"application-manageyards-display-component---NewYard","bindingPath":{"path":"","propertyPath":"/SHIP_POINT","modelName":"NewYardModel"},"interaction":{"idSuffix":"inner"}},"wdio_ui5_key":"etmportal.ui.manageyards.view.Newsap.m.Input{\"path\":\"\",\"propertyPath\":\"/SHIP_POINT\",\"modelName\":\"NewYardModel\"}"}]}
RESULT: undefined
COMMAND: POST /session/f3202076f2355fcab0b0fd0793b9d6fb/execute/async - {"script":"<script> [776 bytes]","args":[{"enterText":"1710","selector":{"controlType":"sap.m.Input","viewName":"etm.portal.ui.manageyards.view.New","viewId":"application-manageyards-display-component---NewYard","bindingPath":{"path":"","propertyPath":"/SHIP_POINT","modelName":"NewYardModel"},"interaction":{"idSuffix":"inner"}},"clearTextFirst":true,"interactionType":"ENTER_TEXT"}]}
RESULT: {"script":"<script> [776 bytes]","args":[{"enterText":"1710","selector":{"controlType":"sap.m.Input","viewName":"etm.portal.ui.manageyards.view.New","viewId":"application-manageyards-display-component---NewYard","bindingPath":{"path":"","propertyPath":"/SHIP_POINT","modelName":"NewYardModel"},"interaction":{"idSuffix":"inner"}},"clearTextFirst":true,"interactionType":"ENTER_TEXT"}]}
COMMAND: POST /session/f3202076f2355fcab0b0fd0793b9d6fb/execute/async - {"script":"<script> [1562 bytes]","args":[{"selector":{"controlType":"sap.m.Input","viewName":"etm.portal.ui.manageyards.view.New","viewId":"application-manageyards-display-component---NewYard","bindingPath":{"path":"","propertyPath":"/DELIVERY_TYPE","modelName":"NewYardModel"},"interaction":{"idSuffix":"inner"}},"wdio_ui5_key":"etmportal.ui.manageyards.view.Newsap.m.Input{\"path\":\"\",\"propertyPath\":\"/DELIVERY_TYPE\",\"modelName\":\"NewYardModel\"}"}]}
RESULT: {"script":"<script> [1562 bytes]","args":[{"selector":{"controlType":"sap.m.Input","viewName":"etm.portal.ui.manageyards.view.New","viewId":"application-manageyards-display-component---NewYard","bindingPath":{"path":"","propertyPath":"/DELIVERY_TYPE","modelName":"NewYardModel"},"interaction":{"idSuffix":"inner"}},"wdio_ui5_key":"etmportal.ui.manageyards.view.Newsap.m.Input{\"path\":\"\",\"propertyPath\":\"/DELIVERY_TYPE\",\"modelName\":\"NewYardModel\"}"}]}
RESULT: undefined
COMMAND: POST /session/f3202076f2355fcab0b0fd0793b9d6fb/execute/async - {"script":"<script> [776 bytes]","args":[{"enterText":"ZL01","selector":{"controlType":"sap.m.Input","viewName":"etm.portal.ui.manageyards.view.New","viewId":"application-manageyards-display-component---NewYard","bindingPath":{"path":"","propertyPath":"/DELIVERY_TYPE","modelName":"NewYardModel"},"interaction":{"idSuffix":"inner"}},"clearTextFirst":true,"interactionType":"ENTER_TEXT"}]}
RESULT: {"script":"<script> [776 bytes]","args":[{"enterText":"ZL01","selector":{"controlType":"sap.m.Input","viewName":"etm.portal.ui.manageyards.view.New","viewId":"application-manageyards-display-component---NewYard","bindingPath":{"path":"","propertyPath":"/DELIVERY_TYPE","modelName":"NewYardModel"},"interaction":{"idSuffix":"inner"}},"clearTextFirst":true,"interactionType":"ENTER_TEXT"}]}
COMMAND: POST /session/f3202076f2355fcab0b0fd0793b9d6fb/execute/async - {"script":"<script> [1562 bytes]","args":[{"selector":{"controlType":"sap.m.Input","viewName":"etm.portal.ui.manageyards.view.New","viewId":"application-manageyards-display-component---NewYard","bindingPath":{"path":"","propertyPath":"/AUART","modelName":"NewYardModel"},"interaction":{"idSuffix":"inner"}},"wdio_ui5_key":"etmportal.ui.manageyards.view.Newsap.m.Input{\"path\":\"\",\"propertyPath\":\"/AUART\",\"modelName\":\"NewYardModel\"}"}]}
RESULT: {"script":"<script> [1562 bytes]","args":[{"selector":{"controlType":"sap.m.Input","viewName":"etm.portal.ui.manageyards.view.New","viewId":"application-manageyards-display-component---NewYard","bindingPath":{"path":"","propertyPath":"/AUART","modelName":"NewYardModel"},"interaction":{"idSuffix":"inner"}},"wdio_ui5_key":"etmportal.ui.manageyards.view.Newsap.m.Input{\"path\":\"\",\"propertyPath\":\"/AUART\",\"modelName\":\"NewYardModel\"}"}]}
RESULT: undefined
COMMAND: POST /session/f3202076f2355fcab0b0fd0793b9d6fb/execute/async - {"script":"<script> [776 bytes]","args":[{"enterText":"TA","selector":{"controlType":"sap.m.Input","viewName":"etm.portal.ui.manageyards.view.New","viewId":"application-manageyards-display-component---NewYard","bindingPath":{"path":"","propertyPath":"/AUART","modelName":"NewYardModel"},"interaction":{"idSuffix":"inner"}},"clearTextFirst":true,"interactionType":"ENTER_TEXT"}]}
RESULT: {"script":"<script> [776 bytes]","args":[{"enterText":"TA","selector":{"controlType":"sap.m.Input","viewName":"etm.portal.ui.manageyards.view.New","viewId":"application-manageyards-display-component---NewYard","bindingPath":{"path":"","propertyPath":"/AUART","modelName":"NewYardModel"},"interaction":{"idSuffix":"inner"}},"clearTextFirst":true,"interactionType":"ENTER_TEXT"}]}
COMMAND: POST /session/f3202076f2355fcab0b0fd0793b9d6fb/element - {"using":"xpath","value":"//button[@data-kt=\"newYardSaveButton\"]"}
RESULT: {"using":"xpath","value":"//button[@data-kt=\"newYardSaveButton\"]"}
COMMAND: POST /session/f3202076f2355fcab0b0fd0793b9d6fb/element/f.BC27547D6C1B912B5E2C3A56E82E8398.d.9F93189B40554D47F1EFA5ACC4A9CA40.e.660/click - {}
RESULT: {}
COMMAND: GET /session/f3202076f2355fcab0b0fd0793b9d6fb/screenshot - {}
RESULT: {}
COMMAND: POST /session/f3202076f2355fcab0b0fd0793b9d6fb/element - {"using":"xpath","value":"//header[contains(@id, 'ObjectPageLayout-headerTitle')]/div[1]/div[2]/div[1]/span[1]"}
RESULT: {"using":"xpath","value":"//header[contains(@id, 'ObjectPageLayout-headerTitle')]/div[1]/div[2]/div[1]/span[1]"}
COMMAND: POST /session/f3202076f2355fcab0b0fd0793b9d6fb/elements - {"using":"xpath","value":"//header[contains(@id, 'ObjectPageLayout-headerTitle')]/div[1]/div[2]/div[1]/span[1]"}
RESULT: {"using":"xpath","value":"//header[contains(@id, 'ObjectPageLayout-headerTitle')]/div[1]/div[2]/div[1]/span[1]"}
COMMAND: POST /session/f3202076f2355fcab0b0fd0793b9d6fb/execute/sync - {"script":"<script> [56 bytes]","args":[{"element-6066-11e4-a52e-4f735466cecf":"f.BC27547D6C1B912B5E2C3A56E82E8398.d.9F93189B40554D47F1EFA5ACC4A9CA40.e.983","ELEMENT":"f.BC27547D6C1B912B5E2C3A56E82E8398.d.9F93189B40554D47F1EFA5ACC4A9CA40.e.983"}]}
RESULT: {"script":"<script> [56 bytes]","args":[{"element-6066-11e4-a52e-4f735466cecf":"f.BC27547D6C1B912B5E2C3A56E82E8398.d.9F93189B40554D47F1EFA5ACC4A9CA40.e.983","ELEMENT":"f.BC27547D6C1B912B5E2C3A56E82E8398.d.9F93189B40554D47F1EFA5ACC4A9CA40.e.983"}]}
COMMAND: GET /session/f3202076f2355fcab0b0fd0793b9d6fb/screenshot - {}
RESULT: {}
COMMAND: POST /session/f3202076f2355fcab0b0fd0793b9d6fb/element - {"using":"css selector","value":"#shell-header-logo"}
RESULT: {"using":"css selector","value":"#shell-header-logo"}
COMMAND: POST /session/f3202076f2355fcab0b0fd0793b9d6fb/element/f.BC27547D6C1B912B5E2C3A56E82E8398.d.9F93189B40554D47F1EFA5ACC4A9CA40.e.230/click - {}
RESULT: {}
COMMAND: GET /session/f3202076f2355fcab0b0fd0793b9d6fb/screenshot - {}
RESULT: {}
COMMAND: POST /session/f3202076f2355fcab0b0fd0793b9d6fb/execute/sync - {"script":"<script> [299 bytes]","args":[["getModel","getResource"]]}
RESULT: {"script":"<script> [299 bytes]","args":[["getModel","getResource"]]}
COMMAND: GET /session/f3202076f2355fcab0b0fd0793b9d6fb/screenshot - {}
]]></system-out>
    </testcase>
    <testcase classname="chrome.136_0_7103_93.windows.Create_masterdata_for_Yard_Overview_-_trigger_provide_US130988" name="Should create a new external partner" time="102.664">
      <system-out><![CDATA[
COMMAND: POST /session/f3202076f2355fcab0b0fd0793b9d6fb/window/fullscreen - {}
RESULT: {}
RESULT: {}
COMMAND: POST /session/f3202076f2355fcab0b0fd0793b9d6fb/execute/async - {"script":"<script> [1562 bytes]","args":[{"selector":{"controlType":"sap.m.GenericTile","properties":{"header":"Manage Partners"}},"wdio_ui5_key":"sapm.GenericTile{\"header\":\"Manage Partners\"}"}]}
RESULT: {"script":"<script> [1562 bytes]","args":[{"selector":{"controlType":"sap.m.GenericTile","properties":{"header":"Manage Partners"}},"wdio_ui5_key":"sapm.GenericTile{\"header\":\"Manage Partners\"}"}]}
RESULT: undefined
COMMAND: POST /session/f3202076f2355fcab0b0fd0793b9d6fb/element - {"using":"xpath","value":"//*[@id=\"__tile38\"]"}
RESULT: {"using":"xpath","value":"//*[@id=\"__tile38\"]"}
COMMAND: POST /session/f3202076f2355fcab0b0fd0793b9d6fb/element/f.BC27547D6C1B912B5E2C3A56E82E8398.d.9F93189B40554D47F1EFA5ACC4A9CA40.e.117/click - {}
RESULT: {}
COMMAND: GET /session/f3202076f2355fcab0b0fd0793b9d6fb/screenshot - {}
RESULT: {}
COMMAND: POST /session/f3202076f2355fcab0b0fd0793b9d6fb/elements - {"using":"xpath","value":"//span[text()='Error']"}
RESULT: {"using":"xpath","value":"//span[text()='Error']"}
COMMAND: POST /session/f3202076f2355fcab0b0fd0793b9d6fb/element - {"using":"xpath","value":"//button[@data-kt=\"addButton\"]"}
RESULT: {"using":"xpath","value":"//button[@data-kt=\"addButton\"]"}
COMMAND: POST /session/f3202076f2355fcab0b0fd0793b9d6fb/elements - {"using":"xpath","value":"//button[@data-kt=\"addButton\"]"}
RESULT: {"using":"xpath","value":"//button[@data-kt=\"addButton\"]"}
COMMAND: POST /session/f3202076f2355fcab0b0fd0793b9d6fb/elements - {"using":"xpath","value":"//button[@data-kt=\"addButton\"]"}
RESULT: {"using":"xpath","value":"//button[@data-kt=\"addButton\"]"}
COMMAND: POST /session/f3202076f2355fcab0b0fd0793b9d6fb/elements - {"using":"xpath","value":"//button[@data-kt=\"addButton\"]"}
RESULT: {"using":"xpath","value":"//button[@data-kt=\"addButton\"]"}
COMMAND: POST /session/f3202076f2355fcab0b0fd0793b9d6fb/elements - {"using":"xpath","value":"//button[@data-kt=\"addButton\"]"}
RESULT: {"using":"xpath","value":"//button[@data-kt=\"addButton\"]"}
COMMAND: POST /session/f3202076f2355fcab0b0fd0793b9d6fb/element - {"using":"xpath","value":"//button[@data-kt=\"addButton\"]"}
RESULT: {"using":"xpath","value":"//button[@data-kt=\"addButton\"]"}
COMMAND: POST /session/f3202076f2355fcab0b0fd0793b9d6fb/execute/sync - {"script":"<script> [8489 bytes]","args":[{"element-6066-11e4-a52e-4f735466cecf":"f.BC27547D6C1B912B5E2C3A56E82E8398.d.9F93189B40554D47F1EFA5ACC4A9CA40.e.1034","ELEMENT":"f.BC27547D6C1B912B5E2C3A56E82E8398.d.9F93189B40554D47F1EFA5ACC4A9CA40.e.1034"}]}
RESULT: {"script":"<script> [8489 bytes]","args":[{"element-6066-11e4-a52e-4f735466cecf":"f.BC27547D6C1B912B5E2C3A56E82E8398.d.9F93189B40554D47F1EFA5ACC4A9CA40.e.1034","ELEMENT":"f.BC27547D6C1B912B5E2C3A56E82E8398.d.9F93189B40554D47F1EFA5ACC4A9CA40.e.1034"}]}
COMMAND: GET /session/f3202076f2355fcab0b0fd0793b9d6fb/element/f.BC27547D6C1B912B5E2C3A56E82E8398.d.9F93189B40554D47F1EFA5ACC4A9CA40.e.1034/enabled - {}
COMMAND: GET /session/f3202076f2355fcab0b0fd0793b9d6fb/screenshot - {}
RESULT: {}
COMMAND: POST /session/f3202076f2355fcab0b0fd0793b9d6fb/execute/sync - {"script":"<script> [8489 bytes]","args":[{"element-6066-11e4-a52e-4f735466cecf":"f.BC27547D6C1B912B5E2C3A56E82E8398.d.9F93189B40554D47F1EFA5ACC4A9CA40.e.1034","ELEMENT":"f.BC27547D6C1B912B5E2C3A56E82E8398.d.9F93189B40554D47F1EFA5ACC4A9CA40.e.1034"}]}
COMMAND: GET /session/f3202076f2355fcab0b0fd0793b9d6fb/screenshot - {}
RESULT: {}
RESULT: {"script":"<script> [8489 bytes]","args":[{"element-6066-11e4-a52e-4f735466cecf":"f.BC27547D6C1B912B5E2C3A56E82E8398.d.9F93189B40554D47F1EFA5ACC4A9CA40.e.1034","ELEMENT":"f.BC27547D6C1B912B5E2C3A56E82E8398.d.9F93189B40554D47F1EFA5ACC4A9CA40.e.1034"}]}
COMMAND: POST /session/f3202076f2355fcab0b0fd0793b9d6fb/execute/sync - {"script":"<script> [5351 bytes]","args":[{"element-6066-11e4-a52e-4f735466cecf":"f.BC27547D6C1B912B5E2C3A56E82E8398.d.9F93189B40554D47F1EFA5ACC4A9CA40.e.1034","ELEMENT":"f.BC27547D6C1B912B5E2C3A56E82E8398.d.9F93189B40554D47F1EFA5ACC4A9CA40.e.1034"}]}
COMMAND: GET /session/f3202076f2355fcab0b0fd0793b9d6fb/screenshot - {}
RESULT: {}
RESULT: {"script":"<script> [5351 bytes]","args":[{"element-6066-11e4-a52e-4f735466cecf":"f.BC27547D6C1B912B5E2C3A56E82E8398.d.9F93189B40554D47F1EFA5ACC4A9CA40.e.1034","ELEMENT":"f.BC27547D6C1B912B5E2C3A56E82E8398.d.9F93189B40554D47F1EFA5ACC4A9CA40.e.1034"}]}
COMMAND: POST /session/f3202076f2355fcab0b0fd0793b9d6fb/element/f.BC27547D6C1B912B5E2C3A56E82E8398.d.9F93189B40554D47F1EFA5ACC4A9CA40.e.1034/click - {}
COMMAND: GET /session/f3202076f2355fcab0b0fd0793b9d6fb/screenshot - {}
RESULT: {}
RESULT: {}
COMMAND: GET /session/f3202076f2355fcab0b0fd0793b9d6fb/screenshot - {}
COMMAND: POST /session/f3202076f2355fcab0b0fd0793b9d6fb/execute/async - {"script":"<script> [1562 bytes]","args":[{"selector":{"id":"application-managepartners-display-component---NewPartner--addressDetailDetailsName1","interaction":{"idSuffix":"inner"}},"wdio_ui5_key":"applicationmanagepartners-display-component---NewPartner--addressDetailDetailsName1"}]}
RESULT: {}
RESULT: {}
RESULT: {"script":"<script> [1562 bytes]","args":[{"selector":{"id":"application-managepartners-display-component---NewPartner--addressDetailDetailsName1","interaction":{"idSuffix":"inner"}},"wdio_ui5_key":"applicationmanagepartners-display-component---NewPartner--addressDetailDetailsName1"}]}
RESULT: undefined
COMMAND: POST /session/f3202076f2355fcab0b0fd0793b9d6fb/execute/async - {"script":"<script> [776 bytes]","args":[{"enterText":"External Partner WDIO","selector":{"id":"application-managepartners-display-component---NewPartner--addressDetailDetailsName1","interaction":{"idSuffix":"inner"}},"clearTextFirst":true,"interactionType":"ENTER_TEXT"}]}
RESULT: {"script":"<script> [776 bytes]","args":[{"enterText":"External Partner WDIO","selector":{"id":"application-managepartners-display-component---NewPartner--addressDetailDetailsName1","interaction":{"idSuffix":"inner"}},"clearTextFirst":true,"interactionType":"ENTER_TEXT"}]}
COMMAND: POST /session/f3202076f2355fcab0b0fd0793b9d6fb/execute/async - {"script":"<script> [1562 bytes]","args":[{"selector":{"id":"application-managepartners-display-component---NewPartner--addressDetailDetailsLanguage-arrow"},"wdio_ui5_key":"applicationmanagepartners-display-component---NewPartner--addressDetailDetailsLanguage-arrow"}]}
RESULT: {"script":"<script> [1562 bytes]","args":[{"selector":{"id":"application-managepartners-display-component---NewPartner--addressDetailDetailsLanguage-arrow"},"wdio_ui5_key":"applicationmanagepartners-display-component---NewPartner--addressDetailDetailsLanguage-arrow"}]}
RESULT: undefined
COMMAND: POST /session/f3202076f2355fcab0b0fd0793b9d6fb/element - {"using":"xpath","value":"//*[@id=\"application-managepartners-display-component---NewPartner--addressDetailDetailsLanguage-arrow\"]"}
RESULT: {"using":"xpath","value":"//*[@id=\"application-managepartners-display-component---NewPartner--addressDetailDetailsLanguage-arrow\"]"}
COMMAND: POST /session/f3202076f2355fcab0b0fd0793b9d6fb/element/f.BC27547D6C1B912B5E2C3A56E82E8398.d.9F93189B40554D47F1EFA5ACC4A9CA40.e.1476/click - {}
RESULT: {}
COMMAND: POST /session/f3202076f2355fcab0b0fd0793b9d6fb/element - {"using":"xpath","value":"//span[contains(text(), \"English\")]"}
COMMAND: GET /session/f3202076f2355fcab0b0fd0793b9d6fb/screenshot - {}
RESULT: {"using":"xpath","value":"//span[contains(text(), \"English\")]"}
COMMAND: POST /session/f3202076f2355fcab0b0fd0793b9d6fb/element/f.BC27547D6C1B912B5E2C3A56E82E8398.d.9F93189B40554D47F1EFA5ACC4A9CA40.e.1477/click - {}
RESULT: {}
RESULT: {}
COMMAND: GET /session/f3202076f2355fcab0b0fd0793b9d6fb/screenshot - {}
RESULT: {}
COMMAND: POST /session/f3202076f2355fcab0b0fd0793b9d6fb/execute/async - {"script":"<script> [1562 bytes]","args":[{"selector":{"id":"application-managepartners-display-component---NewPartner--addressDetailDetailsCity1","interaction":{"idSuffix":"inner"}},"wdio_ui5_key":"applicationmanagepartners-display-component---NewPartner--addressDetailDetailsCity1"}]}
RESULT: {"script":"<script> [1562 bytes]","args":[{"selector":{"id":"application-managepartners-display-component---NewPartner--addressDetailDetailsCity1","interaction":{"idSuffix":"inner"}},"wdio_ui5_key":"applicationmanagepartners-display-component---NewPartner--addressDetailDetailsCity1"}]}
RESULT: undefined
COMMAND: POST /session/f3202076f2355fcab0b0fd0793b9d6fb/execute/async - {"script":"<script> [776 bytes]","args":[{"enterText":"Rosario","selector":{"id":"application-managepartners-display-component---NewPartner--addressDetailDetailsCity1","interaction":{"idSuffix":"inner"}},"clearTextFirst":true,"interactionType":"ENTER_TEXT"}]}
RESULT: {"script":"<script> [776 bytes]","args":[{"enterText":"Rosario","selector":{"id":"application-managepartners-display-component---NewPartner--addressDetailDetailsCity1","interaction":{"idSuffix":"inner"}},"clearTextFirst":true,"interactionType":"ENTER_TEXT"}]}
COMMAND: POST /session/f3202076f2355fcab0b0fd0793b9d6fb/execute/async - {"script":"<script> [1562 bytes]","args":[{"selector":{"id":"application-managepartners-display-component---NewPartner--addressDetailDetailsCountry-arrow"},"wdio_ui5_key":"applicationmanagepartners-display-component---NewPartner--addressDetailDetailsCountry-arrow"}]}
RESULT: {"script":"<script> [1562 bytes]","args":[{"selector":{"id":"application-managepartners-display-component---NewPartner--addressDetailDetailsCountry-arrow"},"wdio_ui5_key":"applicationmanagepartners-display-component---NewPartner--addressDetailDetailsCountry-arrow"}]}
RESULT: undefined
COMMAND: POST /session/f3202076f2355fcab0b0fd0793b9d6fb/element - {"using":"xpath","value":"//*[@id=\"application-managepartners-display-component---NewPartner--addressDetailDetailsCountry-arrow\"]"}
RESULT: {"using":"xpath","value":"//*[@id=\"application-managepartners-display-component---NewPartner--addressDetailDetailsCountry-arrow\"]"}
COMMAND: POST /session/f3202076f2355fcab0b0fd0793b9d6fb/element/f.BC27547D6C1B912B5E2C3A56E82E8398.d.9F93189B40554D47F1EFA5ACC4A9CA40.e.1444/click - {}
RESULT: {}
COMMAND: POST /session/f3202076f2355fcab0b0fd0793b9d6fb/element - {"using":"xpath","value":"//span[contains(text(), \"Argentina\")]"}
COMMAND: GET /session/f3202076f2355fcab0b0fd0793b9d6fb/screenshot - {}
RESULT: {"using":"xpath","value":"//span[contains(text(), \"Argentina\")]"}
COMMAND: POST /session/f3202076f2355fcab0b0fd0793b9d6fb/element/f.BC27547D6C1B912B5E2C3A56E82E8398.d.9F93189B40554D47F1EFA5ACC4A9CA40.e.1479/click - {}
RESULT: {}
RESULT: {}
COMMAND: GET /session/f3202076f2355fcab0b0fd0793b9d6fb/screenshot - {}
RESULT: {}
COMMAND: POST /session/f3202076f2355fcab0b0fd0793b9d6fb/element - {"using":"xpath","value":"//bdi[contains(text(), \"Commercial\")]"}
RESULT: {"using":"xpath","value":"//bdi[contains(text(), \"Commercial\")]"}
COMMAND: POST /session/f3202076f2355fcab0b0fd0793b9d6fb/element/f.BC27547D6C1B912B5E2C3A56E82E8398.d.9F93189B40554D47F1EFA5ACC4A9CA40.e.1480/click - {}
RESULT: {}
COMMAND: GET /session/f3202076f2355fcab0b0fd0793b9d6fb/screenshot - {}
RESULT: {}
COMMAND: POST /session/f3202076f2355fcab0b0fd0793b9d6fb/execute/async - {"script":"<script> [1562 bytes]","args":[{"selector":{"id":"application-managepartners-display-component---NewPartner--partnerDetailInternal-arrow"},"wdio_ui5_key":"applicationmanagepartners-display-component---NewPartner--partnerDetailInternal-arrow"}]}
RESULT: {"script":"<script> [1562 bytes]","args":[{"selector":{"id":"application-managepartners-display-component---NewPartner--partnerDetailInternal-arrow"},"wdio_ui5_key":"applicationmanagepartners-display-component---NewPartner--partnerDetailInternal-arrow"}]}
RESULT: undefined
COMMAND: POST /session/f3202076f2355fcab0b0fd0793b9d6fb/element - {"using":"xpath","value":"//*[@id=\"application-managepartners-display-component---NewPartner--partnerDetailInternal-arrow\"]"}
RESULT: {"using":"xpath","value":"//*[@id=\"application-managepartners-display-component---NewPartner--partnerDetailInternal-arrow\"]"}
COMMAND: POST /session/f3202076f2355fcab0b0fd0793b9d6fb/element/f.BC27547D6C1B912B5E2C3A56E82E8398.d.9F93189B40554D47F1EFA5ACC4A9CA40.e.1486/click - {}
RESULT: {}
COMMAND: POST /session/f3202076f2355fcab0b0fd0793b9d6fb/element - {"using":"xpath","value":"//span[contains(text(), \"External partner\")]"}
COMMAND: GET /session/f3202076f2355fcab0b0fd0793b9d6fb/screenshot - {}
RESULT: {"using":"xpath","value":"//span[contains(text(), \"External partner\")]"}
COMMAND: POST /session/f3202076f2355fcab0b0fd0793b9d6fb/element/f.BC27547D6C1B912B5E2C3A56E82E8398.d.9F93189B40554D47F1EFA5ACC4A9CA40.e.1489/click - {}
RESULT: {}
RESULT: {}
COMMAND: POST /session/f3202076f2355fcab0b0fd0793b9d6fb/execute/async - {"script":"<script> [1562 bytes]","args":[{"selector":{"id":"application-managepartners-display-component---NewPartner--partnerDetailsCurrency-arrow"},"wdio_ui5_key":"applicationmanagepartners-display-component---NewPartner--partnerDetailsCurrency-arrow"}]}
COMMAND: GET /session/f3202076f2355fcab0b0fd0793b9d6fb/screenshot - {}
RESULT: {"script":"<script> [1562 bytes]","args":[{"selector":{"id":"application-managepartners-display-component---NewPartner--partnerDetailsCurrency-arrow"},"wdio_ui5_key":"applicationmanagepartners-display-component---NewPartner--partnerDetailsCurrency-arrow"}]}
RESULT: undefined
COMMAND: POST /session/f3202076f2355fcab0b0fd0793b9d6fb/element - {"using":"xpath","value":"//*[@id=\"application-managepartners-display-component---NewPartner--partnerDetailsCurrency-arrow\"]"}
RESULT: {}
RESULT: {"using":"xpath","value":"//*[@id=\"application-managepartners-display-component---NewPartner--partnerDetailsCurrency-arrow\"]"}
COMMAND: POST /session/f3202076f2355fcab0b0fd0793b9d6fb/element/f.BC27547D6C1B912B5E2C3A56E82E8398.d.9F93189B40554D47F1EFA5ACC4A9CA40.e.1494/click - {}
RESULT: {}
COMMAND: POST /session/f3202076f2355fcab0b0fd0793b9d6fb/element - {"using":"xpath","value":"//span[contains(text(), \"US Dollar\")]"}
COMMAND: GET /session/f3202076f2355fcab0b0fd0793b9d6fb/screenshot - {}
RESULT: {"using":"xpath","value":"//span[contains(text(), \"US Dollar\")]"}
COMMAND: POST /session/f3202076f2355fcab0b0fd0793b9d6fb/element/f.BC27547D6C1B912B5E2C3A56E82E8398.d.9F93189B40554D47F1EFA5ACC4A9CA40.e.1495/click - {}
RESULT: {}
RESULT: {}
COMMAND: GET /session/f3202076f2355fcab0b0fd0793b9d6fb/screenshot - {}
RESULT: {}
COMMAND: POST /session/f3202076f2355fcab0b0fd0793b9d6fb/element - {"using":"xpath","value":"//input[@id=\"application-managepartners-display-component---NewPartner--companyCodeComboBox-inner\"]"}
RESULT: {"using":"xpath","value":"//input[@id=\"application-managepartners-display-component---NewPartner--companyCodeComboBox-inner\"]"}
COMMAND: POST /session/f3202076f2355fcab0b0fd0793b9d6fb/element/f.BC27547D6C1B912B5E2C3A56E82E8398.d.9F93189B40554D47F1EFA5ACC4A9CA40.e.1349/clear - {}
RESULT: {}
COMMAND: POST /session/f3202076f2355fcab0b0fd0793b9d6fb/element/f.BC27547D6C1B912B5E2C3A56E82E8398.d.9F93189B40554D47F1EFA5ACC4A9CA40.e.1349/value - {"text":"C002"}
COMMAND: GET /session/f3202076f2355fcab0b0fd0793b9d6fb/screenshot - {}
RESULT: {"text":"C002"}
COMMAND: GET /session/f3202076f2355fcab0b0fd0793b9d6fb/screenshot - {}
RESULT: {}
RESULT: {}
COMMAND: POST /session/f3202076f2355fcab0b0fd0793b9d6fb/element - {"using":"xpath","value":"//li[.//span[text()= \"C002\"]]"}
RESULT: {"using":"xpath","value":"//li[.//span[text()= \"C002\"]]"}
COMMAND: POST /session/f3202076f2355fcab0b0fd0793b9d6fb/element/f.BC27547D6C1B912B5E2C3A56E82E8398.d.9F93189B40554D47F1EFA5ACC4A9CA40.e.1499/click - {}
RESULT: {}
COMMAND: GET /session/f3202076f2355fcab0b0fd0793b9d6fb/screenshot - {}
RESULT: {}
COMMAND: POST /session/f3202076f2355fcab0b0fd0793b9d6fb/execute/async - {"script":"<script> [1562 bytes]","args":[{"selector":{"id":"application-managepartners-display-component---NewPartner--btnAddTableRow-img"},"wdio_ui5_key":"applicationmanagepartners-display-component---NewPartner--btnAddTableRow-img"}]}
RESULT: {"script":"<script> [1562 bytes]","args":[{"selector":{"id":"application-managepartners-display-component---NewPartner--btnAddTableRow-img"},"wdio_ui5_key":"applicationmanagepartners-display-component---NewPartner--btnAddTableRow-img"}]}
RESULT: undefined
COMMAND: POST /session/f3202076f2355fcab0b0fd0793b9d6fb/element - {"using":"xpath","value":"//*[@id=\"application-managepartners-display-component---NewPartner--btnAddTableRow-img\"]"}
RESULT: {"using":"xpath","value":"//*[@id=\"application-managepartners-display-component---NewPartner--btnAddTableRow-img\"]"}
COMMAND: POST /session/f3202076f2355fcab0b0fd0793b9d6fb/element/f.BC27547D6C1B912B5E2C3A56E82E8398.d.9F93189B40554D47F1EFA5ACC4A9CA40.e.1500/click - {}
RESULT: {}
COMMAND: GET /session/f3202076f2355fcab0b0fd0793b9d6fb/screenshot - {}
RESULT: {}
COMMAND: POST /session/f3202076f2355fcab0b0fd0793b9d6fb/element - {"using":"xpath","value":"//input[@id=\"application-managepartners-display-component---NewPartner--assignmentYard-application-managepartners-display-component---NewPartner--assignmentsTable-0-inner\"]"}
RESULT: {"using":"xpath","value":"//input[@id=\"application-managepartners-display-component---NewPartner--assignmentYard-application-managepartners-display-component---NewPartner--assignmentsTable-0-inner\"]"}
COMMAND: POST /session/f3202076f2355fcab0b0fd0793b9d6fb/element/f.BC27547D6C1B912B5E2C3A56E82E8398.d.9F93189B40554D47F1EFA5ACC4A9CA40.e.1503/clear - {}
RESULT: {}
COMMAND: POST /session/f3202076f2355fcab0b0fd0793b9d6fb/element/f.BC27547D6C1B912B5E2C3A56E82E8398.d.9F93189B40554D47F1EFA5ACC4A9CA40.e.1503/value - {"text":"493"}
COMMAND: GET /session/f3202076f2355fcab0b0fd0793b9d6fb/screenshot - {}
RESULT: {"text":"493"}
COMMAND: GET /session/f3202076f2355fcab0b0fd0793b9d6fb/screenshot - {}
RESULT: {}
RESULT: {}
COMMAND: POST /session/f3202076f2355fcab0b0fd0793b9d6fb/element - {"using":"xpath","value":"//li[.//span[text()='493']]"}
RESULT: {"using":"xpath","value":"//li[.//span[text()='493']]"}
COMMAND: POST /session/f3202076f2355fcab0b0fd0793b9d6fb/element/f.BC27547D6C1B912B5E2C3A56E82E8398.d.9F93189B40554D47F1EFA5ACC4A9CA40.e.1511/click - {}
RESULT: {}
COMMAND: GET /session/f3202076f2355fcab0b0fd0793b9d6fb/screenshot - {}
RESULT: {}
COMMAND: POST /session/f3202076f2355fcab0b0fd0793b9d6fb/actions - {"actions":[{"id":"action2","type":"key","parameters":{},"actions":[{"type":"keyDown","value":"î€‡"},{"type":"pause","duration":10},{"type":"keyUp","value":"î€‡"}]}]}
RESULT: {"actions":[{"id":"action2","type":"key","parameters":{},"actions":[{"type":"keyDown","value":"î€‡"},{"type":"pause","duration":10},{"type":"keyUp","value":"î€‡"}]}]}
COMMAND: POST /session/f3202076f2355fcab0b0fd0793b9d6fb/element - {"using":"xpath","value":"//td[contains(@id, \"assignmentsTable-0-cell2\")]/div/div"}
COMMAND: GET /session/f3202076f2355fcab0b0fd0793b9d6fb/screenshot - {}
RESULT: {"using":"xpath","value":"//td[contains(@id, \"assignmentsTable-0-cell2\")]/div/div"}
COMMAND: POST /session/f3202076f2355fcab0b0fd0793b9d6fb/element/f.BC27547D6C1B912B5E2C3A56E82E8398.d.9F93189B40554D47F1EFA5ACC4A9CA40.e.1514/click - {}
RESULT: {}
RESULT: {}
COMMAND: GET /session/f3202076f2355fcab0b0fd0793b9d6fb/screenshot - {}
RESULT: {}
COMMAND: POST /session/f3202076f2355fcab0b0fd0793b9d6fb/element - {"using":"xpath","value":"//button[@data-kt=\"saveButton\"]"}
RESULT: {"using":"xpath","value":"//button[@data-kt=\"saveButton\"]"}
COMMAND: POST /session/f3202076f2355fcab0b0fd0793b9d6fb/element/f.BC27547D6C1B912B5E2C3A56E82E8398.d.9F93189B40554D47F1EFA5ACC4A9CA40.e.1359/click - {}
RESULT: {}
COMMAND: GET /session/f3202076f2355fcab0b0fd0793b9d6fb/screenshot - {}
RESULT: {}
COMMAND: POST /session/f3202076f2355fcab0b0fd0793b9d6fb/element - {"using":"xpath","value":"//header[contains(@id, 'ObjectPageLayout-headerTitle')]/div[1]/div[2]/div[2]/span[1]"}
RESULT: {"using":"xpath","value":"//header[contains(@id, 'ObjectPageLayout-headerTitle')]/div[1]/div[2]/div[2]/span[1]"}
COMMAND: POST /session/f3202076f2355fcab0b0fd0793b9d6fb/elements - {"using":"xpath","value":"//header[contains(@id, 'ObjectPageLayout-headerTitle')]/div[1]/div[2]/div[2]/span[1]"}
RESULT: {"using":"xpath","value":"//header[contains(@id, 'ObjectPageLayout-headerTitle')]/div[1]/div[2]/div[2]/span[1]"}
COMMAND: POST /session/f3202076f2355fcab0b0fd0793b9d6fb/execute/sync - {"script":"<script> [56 bytes]","args":[{"element-6066-11e4-a52e-4f735466cecf":"f.BC27547D6C1B912B5E2C3A56E82E8398.d.9F93189B40554D47F1EFA5ACC4A9CA40.e.1677","ELEMENT":"f.BC27547D6C1B912B5E2C3A56E82E8398.d.9F93189B40554D47F1EFA5ACC4A9CA40.e.1677"}]}
RESULT: {"script":"<script> [56 bytes]","args":[{"element-6066-11e4-a52e-4f735466cecf":"f.BC27547D6C1B912B5E2C3A56E82E8398.d.9F93189B40554D47F1EFA5ACC4A9CA40.e.1677","ELEMENT":"f.BC27547D6C1B912B5E2C3A56E82E8398.d.9F93189B40554D47F1EFA5ACC4A9CA40.e.1677"}]}
COMMAND: POST /session/f3202076f2355fcab0b0fd0793b9d6fb/element - {"using":"css selector","value":"#shell-header-logo"}
COMMAND: GET /session/f3202076f2355fcab0b0fd0793b9d6fb/screenshot - {}
RESULT: {"using":"css selector","value":"#shell-header-logo"}
COMMAND: POST /session/f3202076f2355fcab0b0fd0793b9d6fb/element/f.BC27547D6C1B912B5E2C3A56E82E8398.d.9F93189B40554D47F1EFA5ACC4A9CA40.e.989/click - {}
RESULT: {}
RESULT: {}
COMMAND: GET /session/f3202076f2355fcab0b0fd0793b9d6fb/screenshot - {}
RESULT: {}
COMMAND: POST /session/f3202076f2355fcab0b0fd0793b9d6fb/execute/sync - {"script":"<script> [299 bytes]","args":[["getModel","getResource"]]}
RESULT: {"script":"<script> [299 bytes]","args":[["getModel","getResource"]]}
]]></system-out>
    </testcase>
    <testcase classname="chrome.136_0_7103_93.windows.Create_masterdata_for_Yard_Overview_-_trigger_provide_US130988" name="Should create a new site" time="107.63">
      <system-out><![CDATA[
COMMAND: POST /session/f3202076f2355fcab0b0fd0793b9d6fb/execute/async - {"script":"<script> [1562 bytes]","args":[{"selector":{"controlType":"sap.m.GenericTile","properties":{"header":"Manage Sites"}},"wdio_ui5_key":"sapm.GenericTile{\"header\":\"Manage Sites\"}"}]}
COMMAND: GET /session/f3202076f2355fcab0b0fd0793b9d6fb/screenshot - {}
RESULT: {"script":"<script> [1562 bytes]","args":[{"selector":{"controlType":"sap.m.GenericTile","properties":{"header":"Manage Sites"}},"wdio_ui5_key":"sapm.GenericTile{\"header\":\"Manage Sites\"}"}]}
RESULT: undefined
COMMAND: POST /session/f3202076f2355fcab0b0fd0793b9d6fb/element - {"using":"xpath","value":"//*[@id=\"__tile40\"]"}
RESULT: {}
RESULT: {"using":"xpath","value":"//*[@id=\"__tile40\"]"}
COMMAND: POST /session/f3202076f2355fcab0b0fd0793b9d6fb/element/f.BC27547D6C1B912B5E2C3A56E82E8398.d.9F93189B40554D47F1EFA5ACC4A9CA40.e.123/click - {}
RESULT: {}
COMMAND: GET /session/f3202076f2355fcab0b0fd0793b9d6fb/screenshot - {}
RESULT: {}
COMMAND: POST /session/f3202076f2355fcab0b0fd0793b9d6fb/elements - {"using":"xpath","value":"//span[text()='Error']"}
RESULT: {"using":"xpath","value":"//span[text()='Error']"}
COMMAND: POST /session/f3202076f2355fcab0b0fd0793b9d6fb/element - {"using":"xpath","value":"//button[@data-kt=\"addOverflowToolbarButton\"]"}
RESULT: {"using":"xpath","value":"//button[@data-kt=\"addOverflowToolbarButton\"]"}
COMMAND: POST /session/f3202076f2355fcab0b0fd0793b9d6fb/elements - {"using":"xpath","value":"//button[@data-kt=\"addOverflowToolbarButton\"]"}
RESULT: {"using":"xpath","value":"//button[@data-kt=\"addOverflowToolbarButton\"]"}
COMMAND: POST /session/f3202076f2355fcab0b0fd0793b9d6fb/execute/sync - {"script":"<script> [8489 bytes]","args":[{"element-6066-11e4-a52e-4f735466cecf":"f.BC27547D6C1B912B5E2C3A56E82E8398.d.9F93189B40554D47F1EFA5ACC4A9CA40.e.1724","ELEMENT":"f.BC27547D6C1B912B5E2C3A56E82E8398.d.9F93189B40554D47F1EFA5ACC4A9CA40.e.1724"}]}
RESULT: {"script":"<script> [8489 bytes]","args":[{"element-6066-11e4-a52e-4f735466cecf":"f.BC27547D6C1B912B5E2C3A56E82E8398.d.9F93189B40554D47F1EFA5ACC4A9CA40.e.1724","ELEMENT":"f.BC27547D6C1B912B5E2C3A56E82E8398.d.9F93189B40554D47F1EFA5ACC4A9CA40.e.1724"}]}
COMMAND: GET /session/f3202076f2355fcab0b0fd0793b9d6fb/element/f.BC27547D6C1B912B5E2C3A56E82E8398.d.9F93189B40554D47F1EFA5ACC4A9CA40.e.1724/enabled - {}
COMMAND: GET /session/f3202076f2355fcab0b0fd0793b9d6fb/screenshot - {}
RESULT: {}
COMMAND: POST /session/f3202076f2355fcab0b0fd0793b9d6fb/execute/sync - {"script":"<script> [8489 bytes]","args":[{"element-6066-11e4-a52e-4f735466cecf":"f.BC27547D6C1B912B5E2C3A56E82E8398.d.9F93189B40554D47F1EFA5ACC4A9CA40.e.1724","ELEMENT":"f.BC27547D6C1B912B5E2C3A56E82E8398.d.9F93189B40554D47F1EFA5ACC4A9CA40.e.1724"}]}
COMMAND: GET /session/f3202076f2355fcab0b0fd0793b9d6fb/screenshot - {}
RESULT: {}
RESULT: {"script":"<script> [8489 bytes]","args":[{"element-6066-11e4-a52e-4f735466cecf":"f.BC27547D6C1B912B5E2C3A56E82E8398.d.9F93189B40554D47F1EFA5ACC4A9CA40.e.1724","ELEMENT":"f.BC27547D6C1B912B5E2C3A56E82E8398.d.9F93189B40554D47F1EFA5ACC4A9CA40.e.1724"}]}
COMMAND: POST /session/f3202076f2355fcab0b0fd0793b9d6fb/execute/sync - {"script":"<script> [5351 bytes]","args":[{"element-6066-11e4-a52e-4f735466cecf":"f.BC27547D6C1B912B5E2C3A56E82E8398.d.9F93189B40554D47F1EFA5ACC4A9CA40.e.1724","ELEMENT":"f.BC27547D6C1B912B5E2C3A56E82E8398.d.9F93189B40554D47F1EFA5ACC4A9CA40.e.1724"}]}
COMMAND: GET /session/f3202076f2355fcab0b0fd0793b9d6fb/screenshot - {}
RESULT: {}
RESULT: {"script":"<script> [5351 bytes]","args":[{"element-6066-11e4-a52e-4f735466cecf":"f.BC27547D6C1B912B5E2C3A56E82E8398.d.9F93189B40554D47F1EFA5ACC4A9CA40.e.1724","ELEMENT":"f.BC27547D6C1B912B5E2C3A56E82E8398.d.9F93189B40554D47F1EFA5ACC4A9CA40.e.1724"}]}
COMMAND: POST /session/f3202076f2355fcab0b0fd0793b9d6fb/element/f.BC27547D6C1B912B5E2C3A56E82E8398.d.9F93189B40554D47F1EFA5ACC4A9CA40.e.1724/click - {}
COMMAND: GET /session/f3202076f2355fcab0b0fd0793b9d6fb/screenshot - {}
RESULT: {}
RESULT: {}
COMMAND: GET /session/f3202076f2355fcab0b0fd0793b9d6fb/screenshot - {}
RESULT: {}
RESULT: {}
COMMAND: POST /session/f3202076f2355fcab0b0fd0793b9d6fb/element - {"using":"xpath","value":"//input[@id=\"application-managesites-display-component---NewSite--siteId-inner\"]"}
RESULT: {"using":"xpath","value":"//input[@id=\"application-managesites-display-component---NewSite--siteId-inner\"]"}
COMMAND: POST /session/f3202076f2355fcab0b0fd0793b9d6fb/element - {"using":"xpath","value":"//input[@id=\"application-managesites-display-component---NewSite--siteId-inner\"]"}
RESULT: {"using":"xpath","value":"//input[@id=\"application-managesites-display-component---NewSite--siteId-inner\"]"}
COMMAND: POST /session/f3202076f2355fcab0b0fd0793b9d6fb/execute/async - {"script":"<script> [1562 bytes]","args":[{"selector":{"id":"application-managesites-display-component---NewSite--addressDetailDetailsName1","interaction":{"idSuffix":"inner"}},"wdio_ui5_key":"applicationmanagesites-display-component---NewSite--addressDetailDetailsName1"}]}
RESULT: {"script":"<script> [1562 bytes]","args":[{"selector":{"id":"application-managesites-display-component---NewSite--addressDetailDetailsName1","interaction":{"idSuffix":"inner"}},"wdio_ui5_key":"applicationmanagesites-display-component---NewSite--addressDetailDetailsName1"}]}
RESULT: undefined
COMMAND: POST /session/f3202076f2355fcab0b0fd0793b9d6fb/execute/async - {"script":"<script> [776 bytes]","args":[{"enterText":"Other Type Site WDIO","selector":{"id":"application-managesites-display-component---NewSite--addressDetailDetailsName1","interaction":{"idSuffix":"inner"}},"clearTextFirst":true,"interactionType":"ENTER_TEXT"}]}
RESULT: {"script":"<script> [776 bytes]","args":[{"enterText":"Other Type Site WDIO","selector":{"id":"application-managesites-display-component---NewSite--addressDetailDetailsName1","interaction":{"idSuffix":"inner"}},"clearTextFirst":true,"interactionType":"ENTER_TEXT"}]}
COMMAND: POST /session/f3202076f2355fcab0b0fd0793b9d6fb/execute/async - {"script":"<script> [1562 bytes]","args":[{"selector":{"id":"application-managesites-display-component---NewSite--addressDetailDetailsLanguage-arrow"},"wdio_ui5_key":"applicationmanagesites-display-component---NewSite--addressDetailDetailsLanguage-arrow"}]}
RESULT: {"script":"<script> [1562 bytes]","args":[{"selector":{"id":"application-managesites-display-component---NewSite--addressDetailDetailsLanguage-arrow"},"wdio_ui5_key":"applicationmanagesites-display-component---NewSite--addressDetailDetailsLanguage-arrow"}]}
RESULT: undefined
COMMAND: POST /session/f3202076f2355fcab0b0fd0793b9d6fb/element - {"using":"xpath","value":"//*[@id=\"application-managesites-display-component---NewSite--addressDetailDetailsLanguage-arrow\"]"}
RESULT: {"using":"xpath","value":"//*[@id=\"application-managesites-display-component---NewSite--addressDetailDetailsLanguage-arrow\"]"}
COMMAND: POST /session/f3202076f2355fcab0b0fd0793b9d6fb/element/f.BC27547D6C1B912B5E2C3A56E82E8398.d.9F93189B40554D47F1EFA5ACC4A9CA40.e.2367/click - {}
RESULT: {}
COMMAND: POST /session/f3202076f2355fcab0b0fd0793b9d6fb/element - {"using":"xpath","value":"//span[contains(text(), \"English\")]"}
COMMAND: GET /session/f3202076f2355fcab0b0fd0793b9d6fb/screenshot - {}
RESULT: {"using":"xpath","value":"//span[contains(text(), \"English\")]"}
COMMAND: POST /session/f3202076f2355fcab0b0fd0793b9d6fb/element/f.BC27547D6C1B912B5E2C3A56E82E8398.d.9F93189B40554D47F1EFA5ACC4A9CA40.e.2368/click - {}
RESULT: {}
RESULT: {}
COMMAND: POST /session/f3202076f2355fcab0b0fd0793b9d6fb/execute/async - {"script":"<script> [1562 bytes]","args":[{"selector":{"id":"application-managesites-display-component---NewSite--addressDetailDetailsCity1","interaction":{"idSuffix":"inner"}},"wdio_ui5_key":"applicationmanagesites-display-component---NewSite--addressDetailDetailsCity1"}]}
COMMAND: GET /session/f3202076f2355fcab0b0fd0793b9d6fb/screenshot - {}
RESULT: {"script":"<script> [1562 bytes]","args":[{"selector":{"id":"application-managesites-display-component---NewSite--addressDetailDetailsCity1","interaction":{"idSuffix":"inner"}},"wdio_ui5_key":"applicationmanagesites-display-component---NewSite--addressDetailDetailsCity1"}]}
RESULT: undefined
COMMAND: POST /session/f3202076f2355fcab0b0fd0793b9d6fb/execute/async - {"script":"<script> [776 bytes]","args":[{"enterText":"Rosario","selector":{"id":"application-managesites-display-component---NewSite--addressDetailDetailsCity1","interaction":{"idSuffix":"inner"}},"clearTextFirst":true,"interactionType":"ENTER_TEXT"}]}
RESULT: {}
RESULT: {"script":"<script> [776 bytes]","args":[{"enterText":"Rosario","selector":{"id":"application-managesites-display-component---NewSite--addressDetailDetailsCity1","interaction":{"idSuffix":"inner"}},"clearTextFirst":true,"interactionType":"ENTER_TEXT"}]}
COMMAND: POST /session/f3202076f2355fcab0b0fd0793b9d6fb/execute/async - {"script":"<script> [1562 bytes]","args":[{"selector":{"id":"application-managesites-display-component---NewSite--addressDetailDetailsCountry-arrow"},"wdio_ui5_key":"applicationmanagesites-display-component---NewSite--addressDetailDetailsCountry-arrow"}]}
RESULT: {"script":"<script> [1562 bytes]","args":[{"selector":{"id":"application-managesites-display-component---NewSite--addressDetailDetailsCountry-arrow"},"wdio_ui5_key":"applicationmanagesites-display-component---NewSite--addressDetailDetailsCountry-arrow"}]}
RESULT: undefined
COMMAND: POST /session/f3202076f2355fcab0b0fd0793b9d6fb/element - {"using":"xpath","value":"//*[@id=\"application-managesites-display-component---NewSite--addressDetailDetailsCountry-arrow\"]"}
RESULT: {"using":"xpath","value":"//*[@id=\"application-managesites-display-component---NewSite--addressDetailDetailsCountry-arrow\"]"}
COMMAND: POST /session/f3202076f2355fcab0b0fd0793b9d6fb/element/f.BC27547D6C1B912B5E2C3A56E82E8398.d.9F93189B40554D47F1EFA5ACC4A9CA40.e.2370/click - {}
RESULT: {}
COMMAND: POST /session/f3202076f2355fcab0b0fd0793b9d6fb/element - {"using":"xpath","value":"//span[contains(text(), \"Argentina\")]"}
COMMAND: GET /session/f3202076f2355fcab0b0fd0793b9d6fb/screenshot - {}
RESULT: {"using":"xpath","value":"//span[contains(text(), \"Argentina\")]"}
COMMAND: POST /session/f3202076f2355fcab0b0fd0793b9d6fb/element/f.BC27547D6C1B912B5E2C3A56E82E8398.d.9F93189B40554D47F1EFA5ACC4A9CA40.e.2371/click - {}
RESULT: {}
RESULT: {}
COMMAND: GET /session/f3202076f2355fcab0b0fd0793b9d6fb/screenshot - {}
RESULT: {}
COMMAND: POST /session/f3202076f2355fcab0b0fd0793b9d6fb/execute/async - {"script":"<script> [1562 bytes]","args":[{"selector":{"id":"application-managesites-display-component---NewSite--addressEditDetailsCostObjectCstType-arrow"},"wdio_ui5_key":"applicationmanagesites-display-component---NewSite--addressEditDetailsCostObjectCstType-arrow"}]}
RESULT: {"script":"<script> [1562 bytes]","args":[{"selector":{"id":"application-managesites-display-component---NewSite--addressEditDetailsCostObjectCstType-arrow"},"wdio_ui5_key":"applicationmanagesites-display-component---NewSite--addressEditDetailsCostObjectCstType-arrow"}]}
RESULT: undefined
COMMAND: POST /session/f3202076f2355fcab0b0fd0793b9d6fb/element - {"using":"xpath","value":"//*[@id=\"application-managesites-display-component---NewSite--addressEditDetailsCostObjectCstType-arrow\"]"}
RESULT: {"using":"xpath","value":"//*[@id=\"application-managesites-display-component---NewSite--addressEditDetailsCostObjectCstType-arrow\"]"}
COMMAND: POST /session/f3202076f2355fcab0b0fd0793b9d6fb/element/f.BC27547D6C1B912B5E2C3A56E82E8398.d.9F93189B40554D47F1EFA5ACC4A9CA40.e.2373/click - {}
RESULT: {}
COMMAND: POST /session/f3202076f2355fcab0b0fd0793b9d6fb/element - {"using":"xpath","value":"//span[contains(text(), \"Cost Center\")]"}
COMMAND: GET /session/f3202076f2355fcab0b0fd0793b9d6fb/screenshot - {}
RESULT: {"using":"xpath","value":"//span[contains(text(), \"Cost Center\")]"}
COMMAND: POST /session/f3202076f2355fcab0b0fd0793b9d6fb/element/f.BC27547D6C1B912B5E2C3A56E82E8398.d.9F93189B40554D47F1EFA5ACC4A9CA40.e.2374/click - {}
RESULT: {}
RESULT: {}
COMMAND: GET /session/f3202076f2355fcab0b0fd0793b9d6fb/screenshot - {}
RESULT: {}
COMMAND: POST /session/f3202076f2355fcab0b0fd0793b9d6fb/element - {"using":"xpath","value":"//span[@id=\"application-managesites-display-component---NewSite--addressNewCostObjectCstID-vhi\"]"}
RESULT: {"using":"xpath","value":"//span[@id=\"application-managesites-display-component---NewSite--addressNewCostObjectCstID-vhi\"]"}
COMMAND: POST /session/f3202076f2355fcab0b0fd0793b9d6fb/execute/sync - {"script":"<script> [8489 bytes]","args":[{"element-6066-11e4-a52e-4f735466cecf":"f.BC27547D6C1B912B5E2C3A56E82E8398.d.9F93189B40554D47F1EFA5ACC4A9CA40.e.2379","ELEMENT":"f.BC27547D6C1B912B5E2C3A56E82E8398.d.9F93189B40554D47F1EFA5ACC4A9CA40.e.2379"}]}
RESULT: {"script":"<script> [8489 bytes]","args":[{"element-6066-11e4-a52e-4f735466cecf":"f.BC27547D6C1B912B5E2C3A56E82E8398.d.9F93189B40554D47F1EFA5ACC4A9CA40.e.2379","ELEMENT":"f.BC27547D6C1B912B5E2C3A56E82E8398.d.9F93189B40554D47F1EFA5ACC4A9CA40.e.2379"}]}
COMMAND: POST /session/f3202076f2355fcab0b0fd0793b9d6fb/execute/async - {"script":"<script> [1562 bytes]","args":[{"selector":{"id":"application-managesites-display-component---NewSite--addressNewCostObjectCstID-vhi"},"wdio_ui5_key":"applicationmanagesites-display-component---NewSite--addressNewCostObjectCstID-vhi"}]}
COMMAND: GET /session/f3202076f2355fcab0b0fd0793b9d6fb/screenshot - {}
RESULT: {"script":"<script> [1562 bytes]","args":[{"selector":{"id":"application-managesites-display-component---NewSite--addressNewCostObjectCstID-vhi"},"wdio_ui5_key":"applicationmanagesites-display-component---NewSite--addressNewCostObjectCstID-vhi"}]}
RESULT: undefined
COMMAND: POST /session/f3202076f2355fcab0b0fd0793b9d6fb/element - {"using":"xpath","value":"//*[@id=\"application-managesites-display-component---NewSite--addressNewCostObjectCstID-vhi\"]"}
RESULT: {}
RESULT: {"using":"xpath","value":"//*[@id=\"application-managesites-display-component---NewSite--addressNewCostObjectCstID-vhi\"]"}
COMMAND: POST /session/f3202076f2355fcab0b0fd0793b9d6fb/element/f.BC27547D6C1B912B5E2C3A56E82E8398.d.9F93189B40554D47F1EFA5ACC4A9CA40.e.2379/click - {}
RESULT: {}
COMMAND: GET /session/f3202076f2355fcab0b0fd0793b9d6fb/screenshot - {}
RESULT: {}
RESULT: undefined
COMMAND: POST /session/f3202076f2355fcab0b0fd0793b9d6fb/execute/async - {"script":"<script> [776 bytes]","args":[{"enterText":"10001013","selector":{"controlType":"sap.m.SearchField","properties":{"placeholder":"Search"},"searchOpenDialogs":true,"interaction":{"idSuffix":"I"}},"clearTextFirst":true,"interactionType":"ENTER_TEXT"}]}
RESULT: {"script":"<script> [776 bytes]","args":[{"enterText":"10001013","selector":{"controlType":"sap.m.SearchField","properties":{"placeholder":"Search"},"searchOpenDialogs":true,"interaction":{"idSuffix":"I"}},"clearTextFirst":true,"interactionType":"ENTER_TEXT"}]}
COMMAND: POST /session/f3202076f2355fcab0b0fd0793b9d6fb/actions - {"actions":[{"id":"action3","type":"key","parameters":{},"actions":[{"type":"keyDown","value":"î€‡"},{"type":"pause","duration":10},{"type":"keyUp","value":"î€‡"}]}]}
RESULT: {"actions":[{"id":"action3","type":"key","parameters":{},"actions":[{"type":"keyDown","value":"î€‡"},{"type":"pause","duration":10},{"type":"keyUp","value":"î€‡"}]}]}
COMMAND: GET /session/f3202076f2355fcab0b0fd0793b9d6fb/screenshot - {}
RESULT: {}
COMMAND: POST /session/f3202076f2355fcab0b0fd0793b9d6fb/element - {"using":"xpath","value":"//span[contains(text(), \"General Management\")]"}
RESULT: {"using":"xpath","value":"//span[contains(text(), \"General Management\")]"}
COMMAND: POST /session/f3202076f2355fcab0b0fd0793b9d6fb/element/f.BC27547D6C1B912B5E2C3A56E82E8398.d.9F93189B40554D47F1EFA5ACC4A9CA40.e.2418/click - {}
RESULT: {}
COMMAND: GET /session/f3202076f2355fcab0b0fd0793b9d6fb/screenshot - {}
RESULT: {}
COMMAND: POST /session/f3202076f2355fcab0b0fd0793b9d6fb/element - {"using":"xpath","value":"//bdi[contains(text(), \"OK\")]"}
RESULT: {"using":"xpath","value":"//bdi[contains(text(), \"OK\")]"}
COMMAND: POST /session/f3202076f2355fcab0b0fd0793b9d6fb/element/f.BC27547D6C1B912B5E2C3A56E82E8398.d.9F93189B40554D47F1EFA5ACC4A9CA40.e.2419/click - {}
RESULT: {}
COMMAND: GET /session/f3202076f2355fcab0b0fd0793b9d6fb/screenshot - {}
RESULT: {}
COMMAND: POST /session/f3202076f2355fcab0b0fd0793b9d6fb/element - {"using":"xpath","value":"//input[@id=\"application-managesites-display-component---NewSite--addressDetailDetailsCalendar-inner\"]"}
RESULT: {"using":"xpath","value":"//input[@id=\"application-managesites-display-component---NewSite--addressDetailDetailsCalendar-inner\"]"}
COMMAND: POST /session/f3202076f2355fcab0b0fd0793b9d6fb/element/f.BC27547D6C1B912B5E2C3A56E82E8398.d.9F93189B40554D47F1EFA5ACC4A9CA40.e.2164/clear - {}
RESULT: {}
COMMAND: POST /session/f3202076f2355fcab0b0fd0793b9d6fb/element/f.BC27547D6C1B912B5E2C3A56E82E8398.d.9F93189B40554D47F1EFA5ACC4A9CA40.e.2164/value - {"text":"Unit"}
COMMAND: GET /session/f3202076f2355fcab0b0fd0793b9d6fb/screenshot - {}
RESULT: {"text":"Unit"}
COMMAND: GET /session/f3202076f2355fcab0b0fd0793b9d6fb/screenshot - {}
RESULT: {}
RESULT: {}
COMMAND: POST /session/f3202076f2355fcab0b0fd0793b9d6fb/actions - {"actions":[{"id":"action4","type":"key","parameters":{},"actions":[{"type":"keyDown","value":"î€‡"},{"type":"pause","duration":10},{"type":"keyUp","value":"î€‡"}]}]}
RESULT: {"actions":[{"id":"action4","type":"key","parameters":{},"actions":[{"type":"keyDown","value":"î€‡"},{"type":"pause","duration":10},{"type":"keyUp","value":"î€‡"}]}]}
COMMAND: POST /session/f3202076f2355fcab0b0fd0793b9d6fb/element - {"using":"xpath","value":"//input[@id=\"application-managesites-display-component---NewSite--addressDetailDetailsYard-inner\"]"}
COMMAND: GET /session/f3202076f2355fcab0b0fd0793b9d6fb/screenshot - {}
RESULT: {"using":"xpath","value":"//input[@id=\"application-managesites-display-component---NewSite--addressDetailDetailsYard-inner\"]"}
COMMAND: POST /session/f3202076f2355fcab0b0fd0793b9d6fb/element/f.BC27547D6C1B912B5E2C3A56E82E8398.d.9F93189B40554D47F1EFA5ACC4A9CA40.e.2165/clear - {}
RESULT: {}
RESULT: {}
COMMAND: POST /session/f3202076f2355fcab0b0fd0793b9d6fb/element/f.BC27547D6C1B912B5E2C3A56E82E8398.d.9F93189B40554D47F1EFA5ACC4A9CA40.e.2165/value - {"text":"493"}
COMMAND: GET /session/f3202076f2355fcab0b0fd0793b9d6fb/screenshot - {}
RESULT: {"text":"493"}
COMMAND: GET /session/f3202076f2355fcab0b0fd0793b9d6fb/screenshot - {}
RESULT: {}
RESULT: {}
COMMAND: POST /session/f3202076f2355fcab0b0fd0793b9d6fb/element - {"using":"xpath","value":"//li[.//span[text()='493']]"}
RESULT: {"using":"xpath","value":"//li[.//span[text()='493']]"}
COMMAND: POST /session/f3202076f2355fcab0b0fd0793b9d6fb/element/f.BC27547D6C1B912B5E2C3A56E82E8398.d.9F93189B40554D47F1EFA5ACC4A9CA40.e.2427/click - {}
RESULT: {}
COMMAND: GET /session/f3202076f2355fcab0b0fd0793b9d6fb/screenshot - {}
RESULT: {}
COMMAND: POST /session/f3202076f2355fcab0b0fd0793b9d6fb/element - {"using":"xpath","value":"//input[@id=\"application-managesites-display-component---NewSite--addressDetailDetailsPartner-inner\"]"}
RESULT: {"using":"xpath","value":"//input[@id=\"application-managesites-display-component---NewSite--addressDetailDetailsPartner-inner\"]"}
COMMAND: POST /session/f3202076f2355fcab0b0fd0793b9d6fb/element - {"using":"xpath","value":"//input[@id=\"application-managesites-display-component---NewSite--addressDetailDetailsPartner-inner\"]"}
RESULT: {"using":"xpath","value":"//input[@id=\"application-managesites-display-component---NewSite--addressDetailDetailsPartner-inner\"]"}
COMMAND: POST /session/f3202076f2355fcab0b0fd0793b9d6fb/element - {"using":"xpath","value":"//button[@data-kt=\"saveButton\"]"}
RESULT: {"using":"xpath","value":"//button[@data-kt=\"saveButton\"]"}
COMMAND: POST /session/f3202076f2355fcab0b0fd0793b9d6fb/element/f.BC27547D6C1B912B5E2C3A56E82E8398.d.9F93189B40554D47F1EFA5ACC4A9CA40.e.2315/click - {}
RESULT: {}
COMMAND: GET /session/f3202076f2355fcab0b0fd0793b9d6fb/screenshot - {}
COMMAND: POST /session/f3202076f2355fcab0b0fd0793b9d6fb/element - {"using":"xpath","value":"//header[contains(@id, 'ObjectPageLayout-headerTitle')]/div[1]/div[2]/div[2]/span[1]"}
RESULT: {}
RESULT: {"using":"xpath","value":"//header[contains(@id, 'ObjectPageLayout-headerTitle')]/div[1]/div[2]/div[2]/span[1]"}
COMMAND: POST /session/f3202076f2355fcab0b0fd0793b9d6fb/elements - {"using":"xpath","value":"//header[contains(@id, 'ObjectPageLayout-headerTitle')]/div[1]/div[2]/div[2]/span[1]"}
RESULT: {"using":"xpath","value":"//header[contains(@id, 'ObjectPageLayout-headerTitle')]/div[1]/div[2]/div[2]/span[1]"}
COMMAND: POST /session/f3202076f2355fcab0b0fd0793b9d6fb/execute/sync - {"script":"<script> [56 bytes]","args":[{"element-6066-11e4-a52e-4f735466cecf":"f.BC27547D6C1B912B5E2C3A56E82E8398.d.9F93189B40554D47F1EFA5ACC4A9CA40.e.2630","ELEMENT":"f.BC27547D6C1B912B5E2C3A56E82E8398.d.9F93189B40554D47F1EFA5ACC4A9CA40.e.2630"}]}
RESULT: {"script":"<script> [56 bytes]","args":[{"element-6066-11e4-a52e-4f735466cecf":"f.BC27547D6C1B912B5E2C3A56E82E8398.d.9F93189B40554D47F1EFA5ACC4A9CA40.e.2630","ELEMENT":"f.BC27547D6C1B912B5E2C3A56E82E8398.d.9F93189B40554D47F1EFA5ACC4A9CA40.e.2630"}]}
COMMAND: POST /session/f3202076f2355fcab0b0fd0793b9d6fb/element - {"using":"css selector","value":"#shell-header-logo"}
COMMAND: GET /session/f3202076f2355fcab0b0fd0793b9d6fb/screenshot - {}
RESULT: {}
RESULT: {"using":"css selector","value":"#shell-header-logo"}
COMMAND: POST /session/f3202076f2355fcab0b0fd0793b9d6fb/element/f.BC27547D6C1B912B5E2C3A56E82E8398.d.9F93189B40554D47F1EFA5ACC4A9CA40.e.1682/click - {}
RESULT: {}
COMMAND: GET /session/f3202076f2355fcab0b0fd0793b9d6fb/screenshot - {}
RESULT: {}
COMMAND: POST /session/f3202076f2355fcab0b0fd0793b9d6fb/execute/sync - {"script":"<script> [299 bytes]","args":[["getModel","getResource"]]}
RESULT: {"script":"<script> [299 bytes]","args":[["getModel","getResource"]]}
COMMAND: GET /session/f3202076f2355fcab0b0fd0793b9d6fb/screenshot - {}
]]></system-out>
    </testcase>
    <testcase classname="chrome.136_0_7103_93.windows.Create_masterdata_for_Yard_Overview_-_trigger_provide_US130988" name="Should create a new material" time="134.898">
      <system-out><![CDATA[
COMMAND: POST /session/f3202076f2355fcab0b0fd0793b9d6fb/execute/async - {"script":"<script> [1562 bytes]","args":[{"selector":{"controlType":"sap.m.GenericTile","properties":{"header":"Manage Resources"}},"wdio_ui5_key":"sapm.GenericTile{\"header\":\"Manage Resources\"}"}]}
RESULT: {}
RESULT: {"script":"<script> [1562 bytes]","args":[{"selector":{"controlType":"sap.m.GenericTile","properties":{"header":"Manage Resources"}},"wdio_ui5_key":"sapm.GenericTile{\"header\":\"Manage Resources\"}"}]}
RESULT: undefined
COMMAND: POST /session/f3202076f2355fcab0b0fd0793b9d6fb/element - {"using":"xpath","value":"//*[@id=\"__tile39\"]"}
RESULT: {"using":"xpath","value":"//*[@id=\"__tile39\"]"}
COMMAND: POST /session/f3202076f2355fcab0b0fd0793b9d6fb/element/f.BC27547D6C1B912B5E2C3A56E82E8398.d.9F93189B40554D47F1EFA5ACC4A9CA40.e.120/click - {}
RESULT: {}
COMMAND: GET /session/f3202076f2355fcab0b0fd0793b9d6fb/screenshot - {}
RESULT: {}
COMMAND: POST /session/f3202076f2355fcab0b0fd0793b9d6fb/elements - {"using":"xpath","value":"//span[text()='Error']"}
RESULT: {"using":"xpath","value":"//span[text()='Error']"}
COMMAND: POST /session/f3202076f2355fcab0b0fd0793b9d6fb/element - {"using":"xpath","value":"//button[@data-kt=\"addNewRUOverflowToolbarButton\"]"}
RESULT: {"using":"xpath","value":"//button[@data-kt=\"addNewRUOverflowToolbarButton\"]"}
COMMAND: POST /session/f3202076f2355fcab0b0fd0793b9d6fb/elements - {"using":"xpath","value":"//button[@data-kt=\"addNewRUOverflowToolbarButton\"]"}
RESULT: {"using":"xpath","value":"//button[@data-kt=\"addNewRUOverflowToolbarButton\"]"}
COMMAND: POST /session/f3202076f2355fcab0b0fd0793b9d6fb/elements - {"using":"xpath","value":"//button[@data-kt=\"addNewRUOverflowToolbarButton\"]"}
RESULT: {"using":"xpath","value":"//button[@data-kt=\"addNewRUOverflowToolbarButton\"]"}
COMMAND: POST /session/f3202076f2355fcab0b0fd0793b9d6fb/elements - {"using":"xpath","value":"//button[@data-kt=\"addNewRUOverflowToolbarButton\"]"}
RESULT: {"using":"xpath","value":"//button[@data-kt=\"addNewRUOverflowToolbarButton\"]"}
COMMAND: POST /session/f3202076f2355fcab0b0fd0793b9d6fb/elements - {"using":"xpath","value":"//button[@data-kt=\"addNewRUOverflowToolbarButton\"]"}
RESULT: {"using":"xpath","value":"//button[@data-kt=\"addNewRUOverflowToolbarButton\"]"}
COMMAND: POST /session/f3202076f2355fcab0b0fd0793b9d6fb/elements - {"using":"xpath","value":"//button[@data-kt=\"addNewRUOverflowToolbarButton\"]"}
RESULT: {"using":"xpath","value":"//button[@data-kt=\"addNewRUOverflowToolbarButton\"]"}
COMMAND: POST /session/f3202076f2355fcab0b0fd0793b9d6fb/elements - {"using":"xpath","value":"//button[@data-kt=\"addNewRUOverflowToolbarButton\"]"}
RESULT: {"using":"xpath","value":"//button[@data-kt=\"addNewRUOverflowToolbarButton\"]"}
COMMAND: POST /session/f3202076f2355fcab0b0fd0793b9d6fb/element - {"using":"xpath","value":"//button[@data-kt=\"addNewRUOverflowToolbarButton\"]"}
RESULT: {"using":"xpath","value":"//button[@data-kt=\"addNewRUOverflowToolbarButton\"]"}
COMMAND: POST /session/f3202076f2355fcab0b0fd0793b9d6fb/execute/sync - {"script":"<script> [8489 bytes]","args":[{"element-6066-11e4-a52e-4f735466cecf":"f.BC27547D6C1B912B5E2C3A56E82E8398.d.9F93189B40554D47F1EFA5ACC4A9CA40.e.2662","ELEMENT":"f.BC27547D6C1B912B5E2C3A56E82E8398.d.9F93189B40554D47F1EFA5ACC4A9CA40.e.2662"}]}
RESULT: {"script":"<script> [8489 bytes]","args":[{"element-6066-11e4-a52e-4f735466cecf":"f.BC27547D6C1B912B5E2C3A56E82E8398.d.9F93189B40554D47F1EFA5ACC4A9CA40.e.2662","ELEMENT":"f.BC27547D6C1B912B5E2C3A56E82E8398.d.9F93189B40554D47F1EFA5ACC4A9CA40.e.2662"}]}
COMMAND: GET /session/f3202076f2355fcab0b0fd0793b9d6fb/element/f.BC27547D6C1B912B5E2C3A56E82E8398.d.9F93189B40554D47F1EFA5ACC4A9CA40.e.2662/enabled - {}
COMMAND: GET /session/f3202076f2355fcab0b0fd0793b9d6fb/screenshot - {}
RESULT: {}
COMMAND: POST /session/f3202076f2355fcab0b0fd0793b9d6fb/execute/sync - {"script":"<script> [8489 bytes]","args":[{"element-6066-11e4-a52e-4f735466cecf":"f.BC27547D6C1B912B5E2C3A56E82E8398.d.9F93189B40554D47F1EFA5ACC4A9CA40.e.2662","ELEMENT":"f.BC27547D6C1B912B5E2C3A56E82E8398.d.9F93189B40554D47F1EFA5ACC4A9CA40.e.2662"}]}
COMMAND: GET /session/f3202076f2355fcab0b0fd0793b9d6fb/screenshot - {}
RESULT: {}
RESULT: {"script":"<script> [8489 bytes]","args":[{"element-6066-11e4-a52e-4f735466cecf":"f.BC27547D6C1B912B5E2C3A56E82E8398.d.9F93189B40554D47F1EFA5ACC4A9CA40.e.2662","ELEMENT":"f.BC27547D6C1B912B5E2C3A56E82E8398.d.9F93189B40554D47F1EFA5ACC4A9CA40.e.2662"}]}
COMMAND: POST /session/f3202076f2355fcab0b0fd0793b9d6fb/execute/sync - {"script":"<script> [5351 bytes]","args":[{"element-6066-11e4-a52e-4f735466cecf":"f.BC27547D6C1B912B5E2C3A56E82E8398.d.9F93189B40554D47F1EFA5ACC4A9CA40.e.2662","ELEMENT":"f.BC27547D6C1B912B5E2C3A56E82E8398.d.9F93189B40554D47F1EFA5ACC4A9CA40.e.2662"}]}
COMMAND: GET /session/f3202076f2355fcab0b0fd0793b9d6fb/screenshot - {}
RESULT: {}
RESULT: {"script":"<script> [5351 bytes]","args":[{"element-6066-11e4-a52e-4f735466cecf":"f.BC27547D6C1B912B5E2C3A56E82E8398.d.9F93189B40554D47F1EFA5ACC4A9CA40.e.2662","ELEMENT":"f.BC27547D6C1B912B5E2C3A56E82E8398.d.9F93189B40554D47F1EFA5ACC4A9CA40.e.2662"}]}
COMMAND: POST /session/f3202076f2355fcab0b0fd0793b9d6fb/element/f.BC27547D6C1B912B5E2C3A56E82E8398.d.9F93189B40554D47F1EFA5ACC4A9CA40.e.2662/click - {}
COMMAND: GET /session/f3202076f2355fcab0b0fd0793b9d6fb/screenshot - {}
RESULT: {}
RESULT: {}
COMMAND: GET /session/f3202076f2355fcab0b0fd0793b9d6fb/screenshot - {}
RESULT: {}
COMMAND: POST /session/f3202076f2355fcab0b0fd0793b9d6fb/execute/async - {"script":"<script> [1562 bytes]","args":[{"selector":{"id":"application-manageresources-display-component---newResourceUnit--TYPE-arrow"},"wdio_ui5_key":"applicationmanageresources-display-component---newResourceUnit--TYPE-arrow"}]}
RESULT: {}
RESULT: {"script":"<script> [1562 bytes]","args":[{"selector":{"id":"application-manageresources-display-component---newResourceUnit--TYPE-arrow"},"wdio_ui5_key":"applicationmanageresources-display-component---newResourceUnit--TYPE-arrow"}]}
RESULT: undefined
COMMAND: POST /session/f3202076f2355fcab0b0fd0793b9d6fb/element - {"using":"xpath","value":"//*[@id=\"application-manageresources-display-component---newResourceUnit--TYPE-arrow\"]"}
RESULT: {"using":"xpath","value":"//*[@id=\"application-manageresources-display-component---newResourceUnit--TYPE-arrow\"]"}
COMMAND: POST /session/f3202076f2355fcab0b0fd0793b9d6fb/element/f.BC27547D6C1B912B5E2C3A56E82E8398.d.9F93189B40554D47F1EFA5ACC4A9CA40.e.3019/click - {}
RESULT: {}
COMMAND: POST /session/f3202076f2355fcab0b0fd0793b9d6fb/element - {"using":"xpath","value":"//input[@id=\"application-manageresources-display-component---newResourceUnit--TYPE-inner\"]"}
COMMAND: GET /session/f3202076f2355fcab0b0fd0793b9d6fb/screenshot - {}
RESULT: {"using":"xpath","value":"//input[@id=\"application-manageresources-display-component---newResourceUnit--TYPE-inner\"]"}
COMMAND: POST /session/f3202076f2355fcab0b0fd0793b9d6fb/element/f.BC27547D6C1B912B5E2C3A56E82E8398.d.9F93189B40554D47F1EFA5ACC4A9CA40.e.3015/clear - {}
RESULT: {}
RESULT: {}
COMMAND: POST /session/f3202076f2355fcab0b0fd0793b9d6fb/element/f.BC27547D6C1B912B5E2C3A56E82E8398.d.9F93189B40554D47F1EFA5ACC4A9CA40.e.3015/value - {"text":"Material"}
COMMAND: GET /session/f3202076f2355fcab0b0fd0793b9d6fb/screenshot - {}
RESULT: {"text":"Material"}
COMMAND: GET /session/f3202076f2355fcab0b0fd0793b9d6fb/screenshot - {}
RESULT: {}
RESULT: {}
COMMAND: POST /session/f3202076f2355fcab0b0fd0793b9d6fb/actions - {"actions":[{"id":"action5","type":"key","parameters":{},"actions":[{"type":"keyDown","value":"î€‡"},{"type":"pause","duration":10},{"type":"keyUp","value":"î€‡"}]}]}
RESULT: {"actions":[{"id":"action5","type":"key","parameters":{},"actions":[{"type":"keyDown","value":"î€‡"},{"type":"pause","duration":10},{"type":"keyUp","value":"î€‡"}]}]}
COMMAND: POST /session/f3202076f2355fcab0b0fd0793b9d6fb/execute/async - {"script":"<script> [1562 bytes]","args":[{"selector":{"id":"application-manageresources-display-component---newResourceUnit--SHORT_TEXT","interaction":{"idSuffix":"inner"}},"wdio_ui5_key":"applicationmanageresources-display-component---newResourceUnit--SHORT_TEXT"}]}
COMMAND: GET /session/f3202076f2355fcab0b0fd0793b9d6fb/screenshot - {}
RESULT: {"script":"<script> [1562 bytes]","args":[{"selector":{"id":"application-manageresources-display-component---newResourceUnit--SHORT_TEXT","interaction":{"idSuffix":"inner"}},"wdio_ui5_key":"applicationmanageresources-display-component---newResourceUnit--SHORT_TEXT"}]}
RESULT: undefined
COMMAND: POST /session/f3202076f2355fcab0b0fd0793b9d6fb/execute/async - {"script":"<script> [776 bytes]","args":[{"enterText":"Cement WDIO","selector":{"id":"application-manageresources-display-component---newResourceUnit--SHORT_TEXT","interaction":{"idSuffix":"inner"}},"clearTextFirst":true,"interactionType":"ENTER_TEXT"}]}
RESULT: {}
RESULT: {"script":"<script> [776 bytes]","args":[{"enterText":"Cement WDIO","selector":{"id":"application-manageresources-display-component---newResourceUnit--SHORT_TEXT","interaction":{"idSuffix":"inner"}},"clearTextFirst":true,"interactionType":"ENTER_TEXT"}]}
COMMAND: POST /session/f3202076f2355fcab0b0fd0793b9d6fb/execute/async - {"script":"<script> [1562 bytes]","args":[{"selector":{"id":"application-manageresources-display-component---newResourceUnit--BASE_UNIT_OF_MEASURE","interaction":{"idSuffix":"inner"}},"wdio_ui5_key":"applicationmanageresources-display-component---newResourceUnit--BASE_UNIT_OF_MEASURE"}]}
RESULT: {"script":"<script> [1562 bytes]","args":[{"selector":{"id":"application-manageresources-display-component---newResourceUnit--BASE_UNIT_OF_MEASURE","interaction":{"idSuffix":"inner"}},"wdio_ui5_key":"applicationmanageresources-display-component---newResourceUnit--BASE_UNIT_OF_MEASURE"}]}
RESULT: undefined
COMMAND: POST /session/f3202076f2355fcab0b0fd0793b9d6fb/execute/async - {"script":"<script> [776 bytes]","args":[{"enterText":"Piece","selector":{"id":"application-manageresources-display-component---newResourceUnit--BASE_UNIT_OF_MEASURE","interaction":{"idSuffix":"inner"}},"clearTextFirst":true,"interactionType":"ENTER_TEXT"}]}
RESULT: {"script":"<script> [776 bytes]","args":[{"enterText":"Piece","selector":{"id":"application-manageresources-display-component---newResourceUnit--BASE_UNIT_OF_MEASURE","interaction":{"idSuffix":"inner"}},"clearTextFirst":true,"interactionType":"ENTER_TEXT"}]}
COMMAND: POST /session/f3202076f2355fcab0b0fd0793b9d6fb/execute/async - {"script":"<script> [1562 bytes]","args":[{"selector":{"id":"application-manageresources-display-component---newResourceUnit--WEIGHT_UNIT","interaction":{"idSuffix":"inner"}},"wdio_ui5_key":"applicationmanageresources-display-component---newResourceUnit--WEIGHT_UNIT"}]}
RESULT: {"script":"<script> [1562 bytes]","args":[{"selector":{"id":"application-manageresources-display-component---newResourceUnit--WEIGHT_UNIT","interaction":{"idSuffix":"inner"}},"wdio_ui5_key":"applicationmanageresources-display-component---newResourceUnit--WEIGHT_UNIT"}]}
RESULT: undefined
COMMAND: POST /session/f3202076f2355fcab0b0fd0793b9d6fb/execute/async - {"script":"<script> [776 bytes]","args":[{"enterText":"Gram","selector":{"id":"application-manageresources-display-component---newResourceUnit--WEIGHT_UNIT","interaction":{"idSuffix":"inner"}},"clearTextFirst":true,"interactionType":"ENTER_TEXT"}]}
RESULT: {"script":"<script> [776 bytes]","args":[{"enterText":"Gram","selector":{"id":"application-manageresources-display-component---newResourceUnit--WEIGHT_UNIT","interaction":{"idSuffix":"inner"}},"clearTextFirst":true,"interactionType":"ENTER_TEXT"}]}
COMMAND: POST /session/f3202076f2355fcab0b0fd0793b9d6fb/execute/async - {"script":"<script> [1562 bytes]","args":[{"selector":{"id":"application-manageresources-display-component---newResourceUnit--DIMENSION_UNIT","interaction":{"idSuffix":"inner"}},"wdio_ui5_key":"applicationmanageresources-display-component---newResourceUnit--DIMENSION_UNIT"}]}
RESULT: {"script":"<script> [1562 bytes]","args":[{"selector":{"id":"application-manageresources-display-component---newResourceUnit--DIMENSION_UNIT","interaction":{"idSuffix":"inner"}},"wdio_ui5_key":"applicationmanageresources-display-component---newResourceUnit--DIMENSION_UNIT"}]}
RESULT: undefined
COMMAND: POST /session/f3202076f2355fcab0b0fd0793b9d6fb/execute/async - {"script":"<script> [776 bytes]","args":[{"enterText":"Meter","selector":{"id":"application-manageresources-display-component---newResourceUnit--DIMENSION_UNIT","interaction":{"idSuffix":"inner"}},"clearTextFirst":true,"interactionType":"ENTER_TEXT"}]}
RESULT: {"script":"<script> [776 bytes]","args":[{"enterText":"Meter","selector":{"id":"application-manageresources-display-component---newResourceUnit--DIMENSION_UNIT","interaction":{"idSuffix":"inner"}},"clearTextFirst":true,"interactionType":"ENTER_TEXT"}]}
COMMAND: POST /session/f3202076f2355fcab0b0fd0793b9d6fb/execute/async - {"script":"<script> [1562 bytes]","args":[{"selector":{"id":"application-manageresources-display-component---newResourceUnit--newRRUPage-anchBar-application-manageresources-display-component---newResourceUnit--control-anchor","interaction":{"idSuffix":"BDI-content"}},"wdio_ui5_key":"applicationmanageresources-display-component---newResourceUnit--newRRUPage-anchBar-application-manageresources-display-component---newResourceUnit--control-anchor"}]}
RESULT: {"script":"<script> [1562 bytes]","args":[{"selector":{"id":"application-manageresources-display-component---newResourceUnit--newRRUPage-anchBar-application-manageresources-display-component---newResourceUnit--control-anchor","interaction":{"idSuffix":"BDI-content"}},"wdio_ui5_key":"applicationmanageresources-display-component---newResourceUnit--newRRUPage-anchBar-application-manageresources-display-component---newResourceUnit--control-anchor"}]}
RESULT: undefined
COMMAND: POST /session/f3202076f2355fcab0b0fd0793b9d6fb/element - {"using":"xpath","value":"//*[@id=\"application-manageresources-display-component---newResourceUnit--newRRUPage-anchBar-application-manageresources-display-component---newResourceUnit--control-anchor\"]"}
RESULT: {"using":"xpath","value":"//*[@id=\"application-manageresources-display-component---newResourceUnit--newRRUPage-anchBar-application-manageresources-display-component---newResourceUnit--control-anchor\"]"}
COMMAND: POST /session/f3202076f2355fcab0b0fd0793b9d6fb/element/f.BC27547D6C1B912B5E2C3A56E82E8398.d.9F93189B40554D47F1EFA5ACC4A9CA40.e.3084/click - {}
RESULT: {}
COMMAND: POST /session/f3202076f2355fcab0b0fd0793b9d6fb/execute/async - {"script":"<script> [1562 bytes]","args":[{"selector":{"id":"application-manageresources-display-component---newResourceUnit--PLANNING_GROUP","interaction":{"idSuffix":"inner"}},"wdio_ui5_key":"applicationmanageresources-display-component---newResourceUnit--PLANNING_GROUP"}]}
COMMAND: GET /session/f3202076f2355fcab0b0fd0793b9d6fb/screenshot - {}
RESULT: {"script":"<script> [1562 bytes]","args":[{"selector":{"id":"application-manageresources-display-component---newResourceUnit--PLANNING_GROUP","interaction":{"idSuffix":"inner"}},"wdio_ui5_key":"applicationmanageresources-display-component---newResourceUnit--PLANNING_GROUP"}]}
RESULT: undefined
COMMAND: POST /session/f3202076f2355fcab0b0fd0793b9d6fb/execute/async - {"script":"<script> [776 bytes]","args":[{"enterText":"Material","selector":{"id":"application-manageresources-display-component---newResourceUnit--PLANNING_GROUP","interaction":{"idSuffix":"inner"}},"clearTextFirst":true,"interactionType":"ENTER_TEXT"}]}
RESULT: {}
RESULT: {"script":"<script> [776 bytes]","args":[{"enterText":"Material","selector":{"id":"application-manageresources-display-component---newResourceUnit--PLANNING_GROUP","interaction":{"idSuffix":"inner"}},"clearTextFirst":true,"interactionType":"ENTER_TEXT"}]}
COMMAND: POST /session/f3202076f2355fcab0b0fd0793b9d6fb/execute/async - {"script":"<script> [1562 bytes]","args":[{"selector":{"id":"application-manageresources-display-component---newResourceUnit--PLANNING_INDICATOR","interaction":{"idSuffix":"inner"}},"wdio_ui5_key":"applicationmanageresources-display-component---newResourceUnit--PLANNING_INDICATOR"}]}
RESULT: {"script":"<script> [1562 bytes]","args":[{"selector":{"id":"application-manageresources-display-component---newResourceUnit--PLANNING_INDICATOR","interaction":{"idSuffix":"inner"}},"wdio_ui5_key":"applicationmanageresources-display-component---newResourceUnit--PLANNING_INDICATOR"}]}
RESULT: undefined
COMMAND: POST /session/f3202076f2355fcab0b0fd0793b9d6fb/execute/async - {"script":"<script> [776 bytes]","args":[{"enterText":"10 - infinite","selector":{"id":"application-manageresources-display-component---newResourceUnit--PLANNING_INDICATOR","interaction":{"idSuffix":"inner"}},"clearTextFirst":true,"interactionType":"ENTER_TEXT"}]}
RESULT: {"script":"<script> [776 bytes]","args":[{"enterText":"10 - infinite","selector":{"id":"application-manageresources-display-component---newResourceUnit--PLANNING_INDICATOR","interaction":{"idSuffix":"inner"}},"clearTextFirst":true,"interactionType":"ENTER_TEXT"}]}
COMMAND: POST /session/f3202076f2355fcab0b0fd0793b9d6fb/element - {"using":"css selector","value":"#application-manageresources-display-component---newResourceUnit--btnAddTimeSegment"}
RESULT: {"using":"css selector","value":"#application-manageresources-display-component---newResourceUnit--btnAddTimeSegment"}
COMMAND: GET /session/f3202076f2355fcab0b0fd0793b9d6fb/element/f.BC27547D6C1B912B5E2C3A56E82E8398.d.9F93189B40554D47F1EFA5ACC4A9CA40.e.3092/rect - {}
RESULT: {}
COMMAND: GET /session/f3202076f2355fcab0b0fd0793b9d6fb/window/rect - {}
RESULT: {}
COMMAND: POST /session/f3202076f2355fcab0b0fd0793b9d6fb/execute/sync - {"script":"<script> [92 bytes]","args":[]}
RESULT: {"script":"<script> [92 bytes]","args":[]}
COMMAND: POST /session/f3202076f2355fcab0b0fd0793b9d6fb/actions - {"actions":[{"id":"action6","type":"wheel","parameters":{},"actions":[{"type":"scroll","x":-1888,"y":-32,"deltaX":0,"deltaY":0,"duration":0,"origin":{"element-6066-11e4-a52e-4f735466cecf":"f.BC27547D6C1B912B5E2C3A56E82E8398.d.9F93189B40554D47F1EFA5ACC4A9CA40.e.3092"}}]}]}
COMMAND: GET /session/f3202076f2355fcab0b0fd0793b9d6fb/screenshot - {}
RESULT: {}
COMMAND: POST /session/f3202076f2355fcab0b0fd0793b9d6fb/execute/sync - {"script":"<script> [79 bytes]","args":[{"element-6066-11e4-a52e-4f735466cecf":"f.BC27547D6C1B912B5E2C3A56E82E8398.d.9F93189B40554D47F1EFA5ACC4A9CA40.e.3092","ELEMENT":"f.BC27547D6C1B912B5E2C3A56E82E8398.d.9F93189B40554D47F1EFA5ACC4A9CA40.e.3092"},{"block":"start","inline":"nearest"}]}
RESULT: {"script":"<script> [79 bytes]","args":[{"element-6066-11e4-a52e-4f735466cecf":"f.BC27547D6C1B912B5E2C3A56E82E8398.d.9F93189B40554D47F1EFA5ACC4A9CA40.e.3092","ELEMENT":"f.BC27547D6C1B912B5E2C3A56E82E8398.d.9F93189B40554D47F1EFA5ACC4A9CA40.e.3092"},{"block":"start","inline":"nearest"}]}
COMMAND: POST /session/f3202076f2355fcab0b0fd0793b9d6fb/execute/async - {"script":"<script> [1562 bytes]","args":[{"selector":{"id":"application-manageresources-display-component---newResourceUnit--btnAddTimeSegment","interaction":{"idSuffix":"inner"}},"wdio_ui5_key":"applicationmanageresources-display-component---newResourceUnit--btnAddTimeSegment"}]}
COMMAND: GET /session/f3202076f2355fcab0b0fd0793b9d6fb/screenshot - {}
RESULT: {"script":"<script> [1562 bytes]","args":[{"selector":{"id":"application-manageresources-display-component---newResourceUnit--btnAddTimeSegment","interaction":{"idSuffix":"inner"}},"wdio_ui5_key":"applicationmanageresources-display-component---newResourceUnit--btnAddTimeSegment"}]}
RESULT: undefined
COMMAND: POST /session/f3202076f2355fcab0b0fd0793b9d6fb/element - {"using":"xpath","value":"//*[@id=\"application-manageresources-display-component---newResourceUnit--btnAddTimeSegment\"]"}
RESULT: {}
RESULT: {"using":"xpath","value":"//*[@id=\"application-manageresources-display-component---newResourceUnit--btnAddTimeSegment\"]"}
COMMAND: POST /session/f3202076f2355fcab0b0fd0793b9d6fb/element/f.BC27547D6C1B912B5E2C3A56E82E8398.d.9F93189B40554D47F1EFA5ACC4A9CA40.e.3092/click - {}
RESULT: {}
COMMAND: GET /session/f3202076f2355fcab0b0fd0793b9d6fb/screenshot - {}
RESULT: {}
COMMAND: POST /session/f3202076f2355fcab0b0fd0793b9d6fb/element - {"using":"xpath","value":"//input[@id=\"application-manageresources-display-component---newResourceUnit--idRuTSAdmin-application-manageresources-display-component---newResourceUnit--RUTimeSegment-0-inner\"]"}
RESULT: {"using":"xpath","value":"//input[@id=\"application-manageresources-display-component---newResourceUnit--idRuTSAdmin-application-manageresources-display-component---newResourceUnit--RUTimeSegment-0-inner\"]"}
COMMAND: POST /session/f3202076f2355fcab0b0fd0793b9d6fb/element/f.BC27547D6C1B912B5E2C3A56E82E8398.d.9F93189B40554D47F1EFA5ACC4A9CA40.e.3097/clear - {}
RESULT: {}
COMMAND: POST /session/f3202076f2355fcab0b0fd0793b9d6fb/element/f.BC27547D6C1B912B5E2C3A56E82E8398.d.9F93189B40554D47F1EFA5ACC4A9CA40.e.3097/value - {"text":"493"}
COMMAND: GET /session/f3202076f2355fcab0b0fd0793b9d6fb/screenshot - {}
RESULT: {"text":"493"}
COMMAND: GET /session/f3202076f2355fcab0b0fd0793b9d6fb/screenshot - {}
RESULT: {}
RESULT: {}
COMMAND: POST /session/f3202076f2355fcab0b0fd0793b9d6fb/element - {"using":"xpath","value":"//li[.//span[text()='493']]"}
RESULT: {"using":"xpath","value":"//li[.//span[text()='493']]"}
COMMAND: POST /session/f3202076f2355fcab0b0fd0793b9d6fb/element/f.BC27547D6C1B912B5E2C3A56E82E8398.d.9F93189B40554D47F1EFA5ACC4A9CA40.e.3108/click - {}
RESULT: {}
COMMAND: GET /session/f3202076f2355fcab0b0fd0793b9d6fb/screenshot - {}
RESULT: {}
COMMAND: POST /session/f3202076f2355fcab0b0fd0793b9d6fb/element - {"using":"xpath","value":"(//span[contains(@id, \"-application-manageresources-display-component---newResourceUnit--RUTimeSegment-0-arrow\")])[2]"}
RESULT: {"using":"xpath","value":"(//span[contains(@id, \"-application-manageresources-display-component---newResourceUnit--RUTimeSegment-0-arrow\")])[2]"}
COMMAND: POST /session/f3202076f2355fcab0b0fd0793b9d6fb/element/f.BC27547D6C1B912B5E2C3A56E82E8398.d.9F93189B40554D47F1EFA5ACC4A9CA40.e.3109/click - {}
RESULT: {}
COMMAND: POST /session/f3202076f2355fcab0b0fd0793b9d6fb/element - {"using":"xpath","value":"//span[contains(text(), \"PM Order\")]"}
COMMAND: GET /session/f3202076f2355fcab0b0fd0793b9d6fb/screenshot - {}
RESULT: {"using":"xpath","value":"//span[contains(text(), \"PM Order\")]"}
COMMAND: POST /session/f3202076f2355fcab0b0fd0793b9d6fb/element/f.BC27547D6C1B912B5E2C3A56E82E8398.d.9F93189B40554D47F1EFA5ACC4A9CA40.e.3110/click - {}
RESULT: {}
RESULT: {}
COMMAND: GET /session/f3202076f2355fcab0b0fd0793b9d6fb/screenshot - {}
RESULT: {}
COMMAND: POST /session/f3202076f2355fcab0b0fd0793b9d6fb/element - {"using":"xpath","value":"//td/div/div/div/span[contains(@id, \"newResourceUnit--RUTimeSegment-0-vhi\")][1]"}
RESULT: {"using":"xpath","value":"//td/div/div/div/span[contains(@id, \"newResourceUnit--RUTimeSegment-0-vhi\")][1]"}
COMMAND: GET /session/f3202076f2355fcab0b0fd0793b9d6fb/element/f.BC27547D6C1B912B5E2C3A56E82E8398.d.9F93189B40554D47F1EFA5ACC4A9CA40.e.3114/rect - {}
RESULT: {}
COMMAND: GET /session/f3202076f2355fcab0b0fd0793b9d6fb/window/rect - {}
RESULT: {}
COMMAND: POST /session/f3202076f2355fcab0b0fd0793b9d6fb/execute/sync - {"script":"<script> [92 bytes]","args":[]}
RESULT: {"script":"<script> [92 bytes]","args":[]}
COMMAND: POST /session/f3202076f2355fcab0b0fd0793b9d6fb/actions - {"actions":[{"id":"action7","type":"wheel","parameters":{},"actions":[{"type":"scroll","x":-1888,"y":-24,"deltaX":0,"deltaY":0,"duration":0,"origin":{"element-6066-11e4-a52e-4f735466cecf":"f.BC27547D6C1B912B5E2C3A56E82E8398.d.9F93189B40554D47F1EFA5ACC4A9CA40.e.3114"}}]}]}
COMMAND: GET /session/f3202076f2355fcab0b0fd0793b9d6fb/screenshot - {}
RESULT: {}
COMMAND: POST /session/f3202076f2355fcab0b0fd0793b9d6fb/execute/sync - {"script":"<script> [79 bytes]","args":[{"element-6066-11e4-a52e-4f735466cecf":"f.BC27547D6C1B912B5E2C3A56E82E8398.d.9F93189B40554D47F1EFA5ACC4A9CA40.e.3114","ELEMENT":"f.BC27547D6C1B912B5E2C3A56E82E8398.d.9F93189B40554D47F1EFA5ACC4A9CA40.e.3114"},{"block":"start","inline":"nearest"}]}
RESULT: {"script":"<script> [79 bytes]","args":[{"element-6066-11e4-a52e-4f735466cecf":"f.BC27547D6C1B912B5E2C3A56E82E8398.d.9F93189B40554D47F1EFA5ACC4A9CA40.e.3114","ELEMENT":"f.BC27547D6C1B912B5E2C3A56E82E8398.d.9F93189B40554D47F1EFA5ACC4A9CA40.e.3114"},{"block":"start","inline":"nearest"}]}
COMMAND: GET /session/f3202076f2355fcab0b0fd0793b9d6fb/screenshot - {}
RESULT: {}
COMMAND: POST /session/f3202076f2355fcab0b0fd0793b9d6fb/element/f.BC27547D6C1B912B5E2C3A56E82E8398.d.9F93189B40554D47F1EFA5ACC4A9CA40.e.3114/click - {}
RESULT: {}
COMMAND: GET /session/f3202076f2355fcab0b0fd0793b9d6fb/screenshot - {}
RESULT: {}
RESULT: undefined
COMMAND: POST /session/f3202076f2355fcab0b0fd0793b9d6fb/execute/async - {"script":"<script> [776 bytes]","args":[{"enterText":"4000360","selector":{"controlType":"sap.m.SearchField","properties":{"placeholder":"Search"},"searchOpenDialogs":true,"interaction":{"idSuffix":"I"}},"clearTextFirst":true,"interactionType":"ENTER_TEXT"}]}
RESULT: {"script":"<script> [776 bytes]","args":[{"enterText":"4000360","selector":{"controlType":"sap.m.SearchField","properties":{"placeholder":"Search"},"searchOpenDialogs":true,"interaction":{"idSuffix":"I"}},"clearTextFirst":true,"interactionType":"ENTER_TEXT"}]}
COMMAND: POST /session/f3202076f2355fcab0b0fd0793b9d6fb/actions - {"actions":[{"id":"action8","type":"key","parameters":{},"actions":[{"type":"keyDown","value":"î€‡"},{"type":"pause","duration":10},{"type":"keyUp","value":"î€‡"}]}]}
RESULT: {"actions":[{"id":"action8","type":"key","parameters":{},"actions":[{"type":"keyDown","value":"î€‡"},{"type":"pause","duration":10},{"type":"keyUp","value":"î€‡"}]}]}
COMMAND: GET /session/f3202076f2355fcab0b0fd0793b9d6fb/screenshot - {}
RESULT: {}
COMMAND: POST /session/f3202076f2355fcab0b0fd0793b9d6fb/element - {"using":"xpath","value":"//td/div/span[contains(text(), \"BGL Vehicles\")]"}
RESULT: {"using":"xpath","value":"//td/div/span[contains(text(), \"BGL Vehicles\")]"}
COMMAND: POST /session/f3202076f2355fcab0b0fd0793b9d6fb/element/f.BC27547D6C1B912B5E2C3A56E82E8398.d.9F93189B40554D47F1EFA5ACC4A9CA40.e.3133/click - {}
RESULT: {}
COMMAND: GET /session/f3202076f2355fcab0b0fd0793b9d6fb/screenshot - {}
RESULT: {}
COMMAND: POST /session/f3202076f2355fcab0b0fd0793b9d6fb/element - {"using":"xpath","value":"//bdi[contains(text(), \"OK\")]"}
RESULT: {"using":"xpath","value":"//bdi[contains(text(), \"OK\")]"}
COMMAND: POST /session/f3202076f2355fcab0b0fd0793b9d6fb/element/f.BC27547D6C1B912B5E2C3A56E82E8398.d.9F93189B40554D47F1EFA5ACC4A9CA40.e.3134/click - {}
RESULT: {}
COMMAND: GET /session/f3202076f2355fcab0b0fd0793b9d6fb/screenshot - {}
RESULT: {}
COMMAND: POST /session/f3202076f2355fcab0b0fd0793b9d6fb/element - {"using":"xpath","value":"//label[contains(@class, 'sapMLabelRequired') and .//bdi[contains(text(), 'Planned Retirement')]]"}
RESULT: {"using":"xpath","value":"//label[contains(@class, 'sapMLabelRequired') and .//bdi[contains(text(), 'Planned Retirement')]]"}
COMMAND: POST /session/f3202076f2355fcab0b0fd0793b9d6fb/elements - {"using":"xpath","value":"//label[contains(@class, 'sapMLabelRequired') and .//bdi[contains(text(), 'Planned Retirement')]]"}
RESULT: {"using":"xpath","value":"//label[contains(@class, 'sapMLabelRequired') and .//bdi[contains(text(), 'Planned Retirement')]]"}
COMMAND: POST /session/f3202076f2355fcab0b0fd0793b9d6fb/element - {"using":"xpath","value":"//button[@data-kt=\"resourceUnitSaveButton\"]"}
RESULT: {"using":"xpath","value":"//button[@data-kt=\"resourceUnitSaveButton\"]"}
COMMAND: POST /session/f3202076f2355fcab0b0fd0793b9d6fb/element/f.BC27547D6C1B912B5E2C3A56E82E8398.d.9F93189B40554D47F1EFA5ACC4A9CA40.e.3037/click - {}
RESULT: {}
COMMAND: GET /session/f3202076f2355fcab0b0fd0793b9d6fb/screenshot - {}
RESULT: {}
COMMAND: POST /session/f3202076f2355fcab0b0fd0793b9d6fb/element - {"using":"xpath","value":"//bdi[contains(text(), \"Close\")]"}
RESULT: {"using":"xpath","value":"//bdi[contains(text(), \"Close\")]"}
COMMAND: POST /session/f3202076f2355fcab0b0fd0793b9d6fb/element/f.BC27547D6C1B912B5E2C3A56E82E8398.d.9F93189B40554D47F1EFA5ACC4A9CA40.e.3140/click - {}
RESULT: {}
COMMAND: GET /session/f3202076f2355fcab0b0fd0793b9d6fb/screenshot - {}
RESULT: {}
COMMAND: POST /session/f3202076f2355fcab0b0fd0793b9d6fb/element - {"using":"xpath","value":"//header[contains(@id, 'detailRruPage-headerTitle')]/div[1]/div[2]/div[2]/span[1]"}
RESULT: {"using":"xpath","value":"//header[contains(@id, 'detailRruPage-headerTitle')]/div[1]/div[2]/div[2]/span[1]"}
COMMAND: POST /session/f3202076f2355fcab0b0fd0793b9d6fb/elements - {"using":"xpath","value":"//header[contains(@id, 'detailRruPage-headerTitle')]/div[1]/div[2]/div[2]/span[1]"}
RESULT: {"using":"xpath","value":"//header[contains(@id, 'detailRruPage-headerTitle')]/div[1]/div[2]/div[2]/span[1]"}
COMMAND: POST /session/f3202076f2355fcab0b0fd0793b9d6fb/execute/sync - {"script":"<script> [56 bytes]","args":[{"element-6066-11e4-a52e-4f735466cecf":"f.BC27547D6C1B912B5E2C3A56E82E8398.d.9F93189B40554D47F1EFA5ACC4A9CA40.e.3172","ELEMENT":"f.BC27547D6C1B912B5E2C3A56E82E8398.d.9F93189B40554D47F1EFA5ACC4A9CA40.e.3172"}]}
RESULT: {"script":"<script> [56 bytes]","args":[{"element-6066-11e4-a52e-4f735466cecf":"f.BC27547D6C1B912B5E2C3A56E82E8398.d.9F93189B40554D47F1EFA5ACC4A9CA40.e.3172","ELEMENT":"f.BC27547D6C1B912B5E2C3A56E82E8398.d.9F93189B40554D47F1EFA5ACC4A9CA40.e.3172"}]}
COMMAND: POST /session/f3202076f2355fcab0b0fd0793b9d6fb/element - {"using":"css selector","value":"#shell-header-logo"}
COMMAND: GET /session/f3202076f2355fcab0b0fd0793b9d6fb/screenshot - {}
RESULT: {"using":"css selector","value":"#shell-header-logo"}
COMMAND: POST /session/f3202076f2355fcab0b0fd0793b9d6fb/element/f.BC27547D6C1B912B5E2C3A56E82E8398.d.9F93189B40554D47F1EFA5ACC4A9CA40.e.2634/click - {}
RESULT: {}
RESULT: {}
COMMAND: GET /session/f3202076f2355fcab0b0fd0793b9d6fb/screenshot - {}
RESULT: {}
]]></system-out>
    </testcase>
    <testcase classname="chrome.136_0_7103_93.windows.Create_masterdata_for_Yard_Overview_-_trigger_provide_US130988" name="Should do a stock increase handover" time="107.988">
      <system-out><![CDATA[
COMMAND: POST /session/f3202076f2355fcab0b0fd0793b9d6fb/execute/async - {"script":"<script> [1562 bytes]","args":[{"selector":{"controlType":"sap.m.GenericTile","properties":{"header":"Manage Handovers"}},"wdio_ui5_key":"sapm.GenericTile{\"header\":\"Manage Handovers\"}"}]}
RESULT: {"script":"<script> [1562 bytes]","args":[{"selector":{"controlType":"sap.m.GenericTile","properties":{"header":"Manage Handovers"}},"wdio_ui5_key":"sapm.GenericTile{\"header\":\"Manage Handovers\"}"}]}
RESULT: undefined
COMMAND: POST /session/f3202076f2355fcab0b0fd0793b9d6fb/element - {"using":"xpath","value":"//*[@id=\"__tile132\"]"}
RESULT: {"using":"xpath","value":"//*[@id=\"__tile132\"]"}
COMMAND: POST /session/f3202076f2355fcab0b0fd0793b9d6fb/element/f.BC27547D6C1B912B5E2C3A56E82E8398.d.9F93189B40554D47F1EFA5ACC4A9CA40.e.205/click - {}
RESULT: {}
COMMAND: GET /session/f3202076f2355fcab0b0fd0793b9d6fb/screenshot - {}
RESULT: {}
COMMAND: POST /session/f3202076f2355fcab0b0fd0793b9d6fb/elements - {"using":"xpath","value":"//span[text()='Error']"}
RESULT: {"using":"xpath","value":"//span[text()='Error']"}
COMMAND: POST /session/f3202076f2355fcab0b0fd0793b9d6fb/element - {"using":"xpath","value":"//button[@data-kt=\"masterHOAddButton\"]"}
RESULT: {"using":"xpath","value":"//button[@data-kt=\"masterHOAddButton\"]"}
COMMAND: POST /session/f3202076f2355fcab0b0fd0793b9d6fb/elements - {"using":"xpath","value":"//button[@data-kt=\"masterHOAddButton\"]"}
RESULT: {"using":"xpath","value":"//button[@data-kt=\"masterHOAddButton\"]"}
COMMAND: POST /session/f3202076f2355fcab0b0fd0793b9d6fb/elements - {"using":"xpath","value":"//button[@data-kt=\"masterHOAddButton\"]"}
RESULT: {"using":"xpath","value":"//button[@data-kt=\"masterHOAddButton\"]"}
COMMAND: POST /session/f3202076f2355fcab0b0fd0793b9d6fb/elements - {"using":"xpath","value":"//button[@data-kt=\"masterHOAddButton\"]"}
RESULT: {"using":"xpath","value":"//button[@data-kt=\"masterHOAddButton\"]"}
COMMAND: POST /session/f3202076f2355fcab0b0fd0793b9d6fb/elements - {"using":"xpath","value":"//button[@data-kt=\"masterHOAddButton\"]"}
RESULT: {"using":"xpath","value":"//button[@data-kt=\"masterHOAddButton\"]"}
COMMAND: POST /session/f3202076f2355fcab0b0fd0793b9d6fb/elements - {"using":"xpath","value":"//button[@data-kt=\"masterHOAddButton\"]"}
RESULT: {"using":"xpath","value":"//button[@data-kt=\"masterHOAddButton\"]"}
COMMAND: POST /session/f3202076f2355fcab0b0fd0793b9d6fb/elements - {"using":"xpath","value":"//button[@data-kt=\"masterHOAddButton\"]"}
RESULT: {"using":"xpath","value":"//button[@data-kt=\"masterHOAddButton\"]"}
COMMAND: POST /session/f3202076f2355fcab0b0fd0793b9d6fb/elements - {"using":"xpath","value":"//button[@data-kt=\"masterHOAddButton\"]"}
RESULT: {"using":"xpath","value":"//button[@data-kt=\"masterHOAddButton\"]"}
COMMAND: POST /session/f3202076f2355fcab0b0fd0793b9d6fb/elements - {"using":"xpath","value":"//button[@data-kt=\"masterHOAddButton\"]"}
RESULT: {"using":"xpath","value":"//button[@data-kt=\"masterHOAddButton\"]"}
COMMAND: POST /session/f3202076f2355fcab0b0fd0793b9d6fb/elements - {"using":"xpath","value":"//button[@data-kt=\"masterHOAddButton\"]"}
RESULT: {"using":"xpath","value":"//button[@data-kt=\"masterHOAddButton\"]"}
COMMAND: POST /session/f3202076f2355fcab0b0fd0793b9d6fb/elements - {"using":"xpath","value":"//button[@data-kt=\"masterHOAddButton\"]"}
RESULT: {"using":"xpath","value":"//button[@data-kt=\"masterHOAddButton\"]"}
COMMAND: POST /session/f3202076f2355fcab0b0fd0793b9d6fb/elements - {"using":"xpath","value":"//button[@data-kt=\"masterHOAddButton\"]"}
RESULT: {"using":"xpath","value":"//button[@data-kt=\"masterHOAddButton\"]"}
COMMAND: POST /session/f3202076f2355fcab0b0fd0793b9d6fb/element - {"using":"xpath","value":"//button[@data-kt=\"masterHOAddButton\"]"}
RESULT: {"using":"xpath","value":"//button[@data-kt=\"masterHOAddButton\"]"}
COMMAND: POST /session/f3202076f2355fcab0b0fd0793b9d6fb/execute/sync - {"script":"<script> [8489 bytes]","args":[{"element-6066-11e4-a52e-4f735466cecf":"f.BC27547D6C1B912B5E2C3A56E82E8398.d.9F93189B40554D47F1EFA5ACC4A9CA40.e.3206","ELEMENT":"f.BC27547D6C1B912B5E2C3A56E82E8398.d.9F93189B40554D47F1EFA5ACC4A9CA40.e.3206"}]}
RESULT: {"script":"<script> [8489 bytes]","args":[{"element-6066-11e4-a52e-4f735466cecf":"f.BC27547D6C1B912B5E2C3A56E82E8398.d.9F93189B40554D47F1EFA5ACC4A9CA40.e.3206","ELEMENT":"f.BC27547D6C1B912B5E2C3A56E82E8398.d.9F93189B40554D47F1EFA5ACC4A9CA40.e.3206"}]}
COMMAND: GET /session/f3202076f2355fcab0b0fd0793b9d6fb/element/f.BC27547D6C1B912B5E2C3A56E82E8398.d.9F93189B40554D47F1EFA5ACC4A9CA40.e.3206/enabled - {}
COMMAND: GET /session/f3202076f2355fcab0b0fd0793b9d6fb/screenshot - {}
RESULT: {}
COMMAND: POST /session/f3202076f2355fcab0b0fd0793b9d6fb/execute/sync - {"script":"<script> [8489 bytes]","args":[{"element-6066-11e4-a52e-4f735466cecf":"f.BC27547D6C1B912B5E2C3A56E82E8398.d.9F93189B40554D47F1EFA5ACC4A9CA40.e.3206","ELEMENT":"f.BC27547D6C1B912B5E2C3A56E82E8398.d.9F93189B40554D47F1EFA5ACC4A9CA40.e.3206"}]}
COMMAND: GET /session/f3202076f2355fcab0b0fd0793b9d6fb/screenshot - {}
RESULT: {}
RESULT: {"script":"<script> [8489 bytes]","args":[{"element-6066-11e4-a52e-4f735466cecf":"f.BC27547D6C1B912B5E2C3A56E82E8398.d.9F93189B40554D47F1EFA5ACC4A9CA40.e.3206","ELEMENT":"f.BC27547D6C1B912B5E2C3A56E82E8398.d.9F93189B40554D47F1EFA5ACC4A9CA40.e.3206"}]}
COMMAND: POST /session/f3202076f2355fcab0b0fd0793b9d6fb/execute/sync - {"script":"<script> [5351 bytes]","args":[{"element-6066-11e4-a52e-4f735466cecf":"f.BC27547D6C1B912B5E2C3A56E82E8398.d.9F93189B40554D47F1EFA5ACC4A9CA40.e.3206","ELEMENT":"f.BC27547D6C1B912B5E2C3A56E82E8398.d.9F93189B40554D47F1EFA5ACC4A9CA40.e.3206"}]}
COMMAND: GET /session/f3202076f2355fcab0b0fd0793b9d6fb/screenshot - {}
RESULT: {}
RESULT: {"script":"<script> [5351 bytes]","args":[{"element-6066-11e4-a52e-4f735466cecf":"f.BC27547D6C1B912B5E2C3A56E82E8398.d.9F93189B40554D47F1EFA5ACC4A9CA40.e.3206","ELEMENT":"f.BC27547D6C1B912B5E2C3A56E82E8398.d.9F93189B40554D47F1EFA5ACC4A9CA40.e.3206"}]}
COMMAND: POST /session/f3202076f2355fcab0b0fd0793b9d6fb/element/f.BC27547D6C1B912B5E2C3A56E82E8398.d.9F93189B40554D47F1EFA5ACC4A9CA40.e.3206/click - {}
COMMAND: GET /session/f3202076f2355fcab0b0fd0793b9d6fb/screenshot - {}
RESULT: {}
RESULT: {}
RESULT: {}
COMMAND: GET /session/f3202076f2355fcab0b0fd0793b9d6fb/screenshot - {}
RESULT: {}
COMMAND: POST /session/f3202076f2355fcab0b0fd0793b9d6fb/element - {"using":"xpath","value":"//span[contains(@id ,\"AddNewHO--typeSelect-arrow\")]"}
RESULT: {"using":"xpath","value":"//span[contains(@id ,\"AddNewHO--typeSelect-arrow\")]"}
COMMAND: POST /session/f3202076f2355fcab0b0fd0793b9d6fb/element/f.BC27547D6C1B912B5E2C3A56E82E8398.d.9F93189B40554D47F1EFA5ACC4A9CA40.e.3567/click - {}
RESULT: {}
COMMAND: GET /session/f3202076f2355fcab0b0fd0793b9d6fb/screenshot - {}
COMMAND: POST /session/f3202076f2355fcab0b0fd0793b9d6fb/element - {"using":"xpath","value":"(//li[contains(text(), \"stock increase yard\")])[1]"}
RESULT: {}
RESULT: {"using":"xpath","value":"(//li[contains(text(), \"stock increase yard\")])[1]"}
COMMAND: POST /session/f3202076f2355fcab0b0fd0793b9d6fb/element/f.BC27547D6C1B912B5E2C3A56E82E8398.d.9F93189B40554D47F1EFA5ACC4A9CA40.e.3568/click - {}
RESULT: {}
COMMAND: GET /session/f3202076f2355fcab0b0fd0793b9d6fb/screenshot - {}
RESULT: {}
COMMAND: POST /session/f3202076f2355fcab0b0fd0793b9d6fb/execute/async - {"script":"<script> [1562 bytes]","args":[{"selector":{"id":"application-managehandovers-display-component---AddNewHO--dueDate","interaction":{"idSuffix":"inner"}},"wdio_ui5_key":"applicationmanagehandovers-display-component---AddNewHO--dueDate"}]}
RESULT: {"script":"<script> [1562 bytes]","args":[{"selector":{"id":"application-managehandovers-display-component---AddNewHO--dueDate","interaction":{"idSuffix":"inner"}},"wdio_ui5_key":"applicationmanagehandovers-display-component---AddNewHO--dueDate"}]}
RESULT: undefined
COMMAND: POST /session/f3202076f2355fcab0b0fd0793b9d6fb/execute/async - {"script":"<script> [6424 bytes]","args":[{"element-6066-11e4-a52e-4f735466cecf":"f.BC27547D6C1B912B5E2C3A56E82E8398.d.9F93189B40554D47F1EFA5ACC4A9CA40.e.3572"},"setValue",["5/17/25"]]}
RESULT: {"script":"<script> [6424 bytes]","args":[{"element-6066-11e4-a52e-4f735466cecf":"f.BC27547D6C1B912B5E2C3A56E82E8398.d.9F93189B40554D47F1EFA5ACC4A9CA40.e.3572"},"setValue",["5/17/25"]]}
COMMAND: POST /session/f3202076f2355fcab0b0fd0793b9d6fb/element - {"using":"xpath","value":"//input[@id=\"generalSectionFrg--receiveYard-inner\"]"}
RESULT: {"using":"xpath","value":"//input[@id=\"generalSectionFrg--receiveYard-inner\"]"}
COMMAND: POST /session/f3202076f2355fcab0b0fd0793b9d6fb/element/f.BC27547D6C1B912B5E2C3A56E82E8398.d.9F93189B40554D47F1EFA5ACC4A9CA40.e.3576/clear - {}
RESULT: {}
COMMAND: POST /session/f3202076f2355fcab0b0fd0793b9d6fb/element/f.BC27547D6C1B912B5E2C3A56E82E8398.d.9F93189B40554D47F1EFA5ACC4A9CA40.e.3576/value - {"text":"493"}
COMMAND: GET /session/f3202076f2355fcab0b0fd0793b9d6fb/screenshot - {}
RESULT: {"text":"493"}
COMMAND: GET /session/f3202076f2355fcab0b0fd0793b9d6fb/screenshot - {}
RESULT: {}
RESULT: {}
COMMAND: POST /session/f3202076f2355fcab0b0fd0793b9d6fb/element - {"using":"xpath","value":"//li[.//span[text()='493']]"}
RESULT: {"using":"xpath","value":"//li[.//span[text()='493']]"}
COMMAND: POST /session/f3202076f2355fcab0b0fd0793b9d6fb/element/f.BC27547D6C1B912B5E2C3A56E82E8398.d.9F93189B40554D47F1EFA5ACC4A9CA40.e.3590/click - {}
RESULT: {}
COMMAND: GET /session/f3202076f2355fcab0b0fd0793b9d6fb/screenshot - {}
RESULT: {}
COMMAND: POST /session/f3202076f2355fcab0b0fd0793b9d6fb/execute/async - {"script":"<script> [1562 bytes]","args":[{"selector":{"id":"application-managehandovers-display-component---AddNewHO--ObjectPageLayout-anchBar-application-managehandovers-display-component---AddNewHO--section4-anchor","interaction":{"idSuffix":"BDI-content"}},"wdio_ui5_key":"applicationmanagehandovers-display-component---AddNewHO--ObjectPageLayout-anchBar-application-managehandovers-display-component---AddNewHO--section4-anchor"}]}
RESULT: {"script":"<script> [1562 bytes]","args":[{"selector":{"id":"application-managehandovers-display-component---AddNewHO--ObjectPageLayout-anchBar-application-managehandovers-display-component---AddNewHO--section4-anchor","interaction":{"idSuffix":"BDI-content"}},"wdio_ui5_key":"applicationmanagehandovers-display-component---AddNewHO--ObjectPageLayout-anchBar-application-managehandovers-display-component---AddNewHO--section4-anchor"}]}
RESULT: undefined
COMMAND: POST /session/f3202076f2355fcab0b0fd0793b9d6fb/element - {"using":"xpath","value":"//*[@id=\"application-managehandovers-display-component---AddNewHO--ObjectPageLayout-anchBar-application-managehandovers-display-component---AddNewHO--section4-anchor\"]"}
RESULT: {"using":"xpath","value":"//*[@id=\"application-managehandovers-display-component---AddNewHO--ObjectPageLayout-anchBar-application-managehandovers-display-component---AddNewHO--section4-anchor\"]"}
COMMAND: POST /session/f3202076f2355fcab0b0fd0793b9d6fb/element/f.BC27547D6C1B912B5E2C3A56E82E8398.d.9F93189B40554D47F1EFA5ACC4A9CA40.e.3592/click - {}
RESULT: {}
COMMAND: POST /session/f3202076f2355fcab0b0fd0793b9d6fb/element - {"using":"xpath","value":"//button[@aria-label=\"Add\"]"}
COMMAND: GET /session/f3202076f2355fcab0b0fd0793b9d6fb/screenshot - {}
RESULT: {"using":"xpath","value":"//button[@aria-label=\"Add\"]"}
COMMAND: POST /session/f3202076f2355fcab0b0fd0793b9d6fb/element/f.BC27547D6C1B912B5E2C3A56E82E8398.d.9F93189B40554D47F1EFA5ACC4A9CA40.e.3594/click - {}
RESULT: {}
RESULT: {}
COMMAND: GET /session/f3202076f2355fcab0b0fd0793b9d6fb/screenshot - {}
RESULT: {}
COMMAND: POST /session/f3202076f2355fcab0b0fd0793b9d6fb/execute/async - {"script":"<script> [1562 bytes]","args":[{"selector":{"id":"application-managehandovers-display-component---AddNewHO--smartFilterBar-btnBasicSearch","searchOpenDialogs":true,"interaction":{"idSuffix":"I"}},"wdio_ui5_key":"applicationmanagehandovers-display-component---AddNewHO--smartFilterBar-btnBasicSearch"}]}
RESULT: {"script":"<script> [1562 bytes]","args":[{"selector":{"id":"application-managehandovers-display-component---AddNewHO--smartFilterBar-btnBasicSearch","searchOpenDialogs":true,"interaction":{"idSuffix":"I"}},"wdio_ui5_key":"applicationmanagehandovers-display-component---AddNewHO--smartFilterBar-btnBasicSearch"}]}
RESULT: undefined
COMMAND: POST /session/f3202076f2355fcab0b0fd0793b9d6fb/execute/async - {"script":"<script> [776 bytes]","args":[{"enterText":"200247","selector":{"id":"application-managehandovers-display-component---AddNewHO--smartFilterBar-btnBasicSearch","searchOpenDialogs":true,"interaction":{"idSuffix":"I"}},"clearTextFirst":true,"interactionType":"ENTER_TEXT"}]}
RESULT: {"script":"<script> [776 bytes]","args":[{"enterText":"200247","selector":{"id":"application-managehandovers-display-component---AddNewHO--smartFilterBar-btnBasicSearch","searchOpenDialogs":true,"interaction":{"idSuffix":"I"}},"clearTextFirst":true,"interactionType":"ENTER_TEXT"}]}
COMMAND: POST /session/f3202076f2355fcab0b0fd0793b9d6fb/actions - {"actions":[{"id":"action9","type":"key","parameters":{},"actions":[{"type":"keyDown","value":"î€‡"},{"type":"pause","duration":10},{"type":"keyUp","value":"î€‡"}]}]}
RESULT: {"actions":[{"id":"action9","type":"key","parameters":{},"actions":[{"type":"keyDown","value":"î€‡"},{"type":"pause","duration":10},{"type":"keyUp","value":"î€‡"}]}]}
COMMAND: GET /session/f3202076f2355fcab0b0fd0793b9d6fb/screenshot - {}
RESULT: {}
COMMAND: POST /session/f3202076f2355fcab0b0fd0793b9d6fb/execute/async - {"script":"<script> [1562 bytes]","args":[{"selector":{"id":"application-managehandovers-display-component---AddNewHO--popup-sa","searchOpenDialogs":true,"interaction":{"idSuffix":"CbBg"}},"wdio_ui5_key":"applicationmanagehandovers-display-component---AddNewHO--popup-sa"}]}
RESULT: {"script":"<script> [1562 bytes]","args":[{"selector":{"id":"application-managehandovers-display-component---AddNewHO--popup-sa","searchOpenDialogs":true,"interaction":{"idSuffix":"CbBg"}},"wdio_ui5_key":"applicationmanagehandovers-display-component---AddNewHO--popup-sa"}]}
RESULT: undefined
COMMAND: POST /session/f3202076f2355fcab0b0fd0793b9d6fb/element - {"using":"xpath","value":"//*[@id=\"application-managehandovers-display-component---AddNewHO--popup-sa\"]"}
RESULT: {"using":"xpath","value":"//*[@id=\"application-managehandovers-display-component---AddNewHO--popup-sa\"]"}
COMMAND: POST /session/f3202076f2355fcab0b0fd0793b9d6fb/element/f.BC27547D6C1B912B5E2C3A56E82E8398.d.9F93189B40554D47F1EFA5ACC4A9CA40.e.3747/click - {}
RESULT: {}
COMMAND: GET /session/f3202076f2355fcab0b0fd0793b9d6fb/screenshot - {}
RESULT: {}
COMMAND: POST /session/f3202076f2355fcab0b0fd0793b9d6fb/element - {"using":"xpath","value":"//bdi[contains(text(), \"Select\")]"}
RESULT: {"using":"xpath","value":"//bdi[contains(text(), \"Select\")]"}
COMMAND: POST /session/f3202076f2355fcab0b0fd0793b9d6fb/element/f.BC27547D6C1B912B5E2C3A56E82E8398.d.9F93189B40554D47F1EFA5ACC4A9CA40.e.3748/click - {}
RESULT: {}
COMMAND: GET /session/f3202076f2355fcab0b0fd0793b9d6fb/screenshot - {}
RESULT: {}
COMMAND: POST /session/f3202076f2355fcab0b0fd0793b9d6fb/element - {"using":"xpath","value":"//button[@data-kt=\"AddNewHOSaveButton\"]"}
RESULT: {"using":"xpath","value":"//button[@data-kt=\"AddNewHOSaveButton\"]"}
COMMAND: POST /session/f3202076f2355fcab0b0fd0793b9d6fb/element/f.BC27547D6C1B912B5E2C3A56E82E8398.d.9F93189B40554D47F1EFA5ACC4A9CA40.e.3752/click - {}
RESULT: {}
COMMAND: GET /session/f3202076f2355fcab0b0fd0793b9d6fb/screenshot - {}
RESULT: {}
COMMAND: POST /session/f3202076f2355fcab0b0fd0793b9d6fb/execute/async - {"script":"<script> [1562 bytes]","args":[{"selector":{"id":"receiptDatePicker","viewName":"etm.portal.ui.managehandovers.view.DetailExecuteHO","interaction":{"idSuffix":"inner"}},"wdio_ui5_key":"receiptDatePickeretmportal.ui.managehandovers.view.DetailExecuteHO"}]}
RESULT: {"script":"<script> [1562 bytes]","args":[{"selector":{"id":"receiptDatePicker","viewName":"etm.portal.ui.managehandovers.view.DetailExecuteHO","interaction":{"idSuffix":"inner"}},"wdio_ui5_key":"receiptDatePickeretmportal.ui.managehandovers.view.DetailExecuteHO"}]}
RESULT: undefined
COMMAND: POST /session/f3202076f2355fcab0b0fd0793b9d6fb/execute/async - {"script":"<script> [6424 bytes]","args":[{"element-6066-11e4-a52e-4f735466cecf":"f.BC27547D6C1B912B5E2C3A56E82E8398.d.9F93189B40554D47F1EFA5ACC4A9CA40.e.3767"},"setValue",["5/17/25"]]}
RESULT: {"script":"<script> [6424 bytes]","args":[{"element-6066-11e4-a52e-4f735466cecf":"f.BC27547D6C1B912B5E2C3A56E82E8398.d.9F93189B40554D47F1EFA5ACC4A9CA40.e.3767"},"setValue",["5/17/25"]]}
COMMAND: POST /session/f3202076f2355fcab0b0fd0793b9d6fb/element - {"using":"xpath","value":"//button[@data-kt=\"PickingTableConfirmAllButton\"]"}
RESULT: {"using":"xpath","value":"//button[@data-kt=\"PickingTableConfirmAllButton\"]"}
COMMAND: POST /session/f3202076f2355fcab0b0fd0793b9d6fb/element/f.BC27547D6C1B912B5E2C3A56E82E8398.d.9F93189B40554D47F1EFA5ACC4A9CA40.e.3782/click - {}
RESULT: {}
COMMAND: GET /session/f3202076f2355fcab0b0fd0793b9d6fb/screenshot - {}
RESULT: {}
COMMAND: POST /session/f3202076f2355fcab0b0fd0793b9d6fb/element - {"using":"xpath","value":"//bdi[contains(text(), \"OK\")]"}
RESULT: {"using":"xpath","value":"//bdi[contains(text(), \"OK\")]"}
COMMAND: POST /session/f3202076f2355fcab0b0fd0793b9d6fb/element/f.BC27547D6C1B912B5E2C3A56E82E8398.d.9F93189B40554D47F1EFA5ACC4A9CA40.e.3784/click - {}
RESULT: {}
COMMAND: GET /session/f3202076f2355fcab0b0fd0793b9d6fb/screenshot - {}
RESULT: {}
COMMAND: POST /session/f3202076f2355fcab0b0fd0793b9d6fb/element - {"using":"xpath","value":"(//bdi[contains(text(), \"Receive\")])[2]"}
RESULT: {"using":"xpath","value":"(//bdi[contains(text(), \"Receive\")])[2]"}
COMMAND: POST /session/f3202076f2355fcab0b0fd0793b9d6fb/element/f.BC27547D6C1B912B5E2C3A56E82E8398.d.9F93189B40554D47F1EFA5ACC4A9CA40.e.3786/click - {}
RESULT: {}
COMMAND: GET /session/f3202076f2355fcab0b0fd0793b9d6fb/screenshot - {}
RESULT: {}
COMMAND: POST /session/f3202076f2355fcab0b0fd0793b9d6fb/element - {"using":"css selector","value":"#shell-header-logo"}
RESULT: {"using":"css selector","value":"#shell-header-logo"}
COMMAND: POST /session/f3202076f2355fcab0b0fd0793b9d6fb/element/f.BC27547D6C1B912B5E2C3A56E82E8398.d.9F93189B40554D47F1EFA5ACC4A9CA40.e.3178/click - {}
RESULT: {}
COMMAND: GET /session/f3202076f2355fcab0b0fd0793b9d6fb/screenshot - {}
RESULT: {}
]]></system-out>
    </testcase>
    <testcase classname="chrome.136_0_7103_93.windows.Create_masterdata_for_Yard_Overview_-_trigger_provide_US130988" name="Should create a new contract" time="64.939">
      <system-out><![CDATA[
COMMAND: POST /session/f3202076f2355fcab0b0fd0793b9d6fb/execute/async - {"script":"<script> [1562 bytes]","args":[{"selector":{"controlType":"sap.m.GenericTile","properties":{"header":"Manage Contracts"}},"wdio_ui5_key":"sapm.GenericTile{\"header\":\"Manage Contracts\"}"}]}
RESULT: {"script":"<script> [1562 bytes]","args":[{"selector":{"controlType":"sap.m.GenericTile","properties":{"header":"Manage Contracts"}},"wdio_ui5_key":"sapm.GenericTile{\"header\":\"Manage Contracts\"}"}]}
RESULT: undefined
COMMAND: POST /session/f3202076f2355fcab0b0fd0793b9d6fb/element - {"using":"xpath","value":"//*[@id=\"__tile131\"]"}
RESULT: {"using":"xpath","value":"//*[@id=\"__tile131\"]"}
COMMAND: POST /session/f3202076f2355fcab0b0fd0793b9d6fb/element/f.BC27547D6C1B912B5E2C3A56E82E8398.d.9F93189B40554D47F1EFA5ACC4A9CA40.e.136/click - {}
RESULT: {}
COMMAND: GET /session/f3202076f2355fcab0b0fd0793b9d6fb/screenshot - {}
RESULT: {}
COMMAND: POST /session/f3202076f2355fcab0b0fd0793b9d6fb/elements - {"using":"xpath","value":"//span[text()='Error']"}
RESULT: {"using":"xpath","value":"//span[text()='Error']"}
COMMAND: POST /session/f3202076f2355fcab0b0fd0793b9d6fb/element - {"using":"xpath","value":"//button[@data-kt=\"addButton\"]"}
RESULT: {"using":"xpath","value":"//button[@data-kt=\"addButton\"]"}
COMMAND: POST /session/f3202076f2355fcab0b0fd0793b9d6fb/elements - {"using":"xpath","value":"//button[@data-kt=\"addButton\"]"}
RESULT: {"using":"xpath","value":"//button[@data-kt=\"addButton\"]"}
COMMAND: POST /session/f3202076f2355fcab0b0fd0793b9d6fb/execute/sync - {"script":"<script> [8489 bytes]","args":[{"element-6066-11e4-a52e-4f735466cecf":"f.BC27547D6C1B912B5E2C3A56E82E8398.d.9F93189B40554D47F1EFA5ACC4A9CA40.e.4004","ELEMENT":"f.BC27547D6C1B912B5E2C3A56E82E8398.d.9F93189B40554D47F1EFA5ACC4A9CA40.e.4004"}]}
RESULT: {"script":"<script> [8489 bytes]","args":[{"element-6066-11e4-a52e-4f735466cecf":"f.BC27547D6C1B912B5E2C3A56E82E8398.d.9F93189B40554D47F1EFA5ACC4A9CA40.e.4004","ELEMENT":"f.BC27547D6C1B912B5E2C3A56E82E8398.d.9F93189B40554D47F1EFA5ACC4A9CA40.e.4004"}]}
COMMAND: GET /session/f3202076f2355fcab0b0fd0793b9d6fb/element/f.BC27547D6C1B912B5E2C3A56E82E8398.d.9F93189B40554D47F1EFA5ACC4A9CA40.e.4004/enabled - {}
COMMAND: GET /session/f3202076f2355fcab0b0fd0793b9d6fb/screenshot - {}
RESULT: {}
COMMAND: POST /session/f3202076f2355fcab0b0fd0793b9d6fb/execute/sync - {"script":"<script> [8489 bytes]","args":[{"element-6066-11e4-a52e-4f735466cecf":"f.BC27547D6C1B912B5E2C3A56E82E8398.d.9F93189B40554D47F1EFA5ACC4A9CA40.e.4004","ELEMENT":"f.BC27547D6C1B912B5E2C3A56E82E8398.d.9F93189B40554D47F1EFA5ACC4A9CA40.e.4004"}]}
COMMAND: GET /session/f3202076f2355fcab0b0fd0793b9d6fb/screenshot - {}
RESULT: {}
RESULT: {"script":"<script> [8489 bytes]","args":[{"element-6066-11e4-a52e-4f735466cecf":"f.BC27547D6C1B912B5E2C3A56E82E8398.d.9F93189B40554D47F1EFA5ACC4A9CA40.e.4004","ELEMENT":"f.BC27547D6C1B912B5E2C3A56E82E8398.d.9F93189B40554D47F1EFA5ACC4A9CA40.e.4004"}]}
COMMAND: POST /session/f3202076f2355fcab0b0fd0793b9d6fb/execute/sync - {"script":"<script> [5351 bytes]","args":[{"element-6066-11e4-a52e-4f735466cecf":"f.BC27547D6C1B912B5E2C3A56E82E8398.d.9F93189B40554D47F1EFA5ACC4A9CA40.e.4004","ELEMENT":"f.BC27547D6C1B912B5E2C3A56E82E8398.d.9F93189B40554D47F1EFA5ACC4A9CA40.e.4004"}]}
COMMAND: GET /session/f3202076f2355fcab0b0fd0793b9d6fb/screenshot - {}
RESULT: {}
RESULT: {"script":"<script> [5351 bytes]","args":[{"element-6066-11e4-a52e-4f735466cecf":"f.BC27547D6C1B912B5E2C3A56E82E8398.d.9F93189B40554D47F1EFA5ACC4A9CA40.e.4004","ELEMENT":"f.BC27547D6C1B912B5E2C3A56E82E8398.d.9F93189B40554D47F1EFA5ACC4A9CA40.e.4004"}]}
COMMAND: GET /session/f3202076f2355fcab0b0fd0793b9d6fb/screenshot - {}
RESULT: {}
RESULT: {}
COMMAND: POST /session/f3202076f2355fcab0b0fd0793b9d6fb/element/f.BC27547D6C1B912B5E2C3A56E82E8398.d.9F93189B40554D47F1EFA5ACC4A9CA40.e.4004/click - {}
RESULT: {}
COMMAND: GET /session/f3202076f2355fcab0b0fd0793b9d6fb/screenshot - {}
COMMAND: POST /session/f3202076f2355fcab0b0fd0793b9d6fb/execute/async - {"script":"<script> [1562 bytes]","args":[{"selector":{"id":"application-managecontracts-display-component---AddNewContract--projectDescription","interaction":{"idSuffix":"inner"}},"wdio_ui5_key":"applicationmanagecontracts-display-component---AddNewContract--projectDescription"}]}
RESULT: {}
RESULT: {"script":"<script> [1562 bytes]","args":[{"selector":{"id":"application-managecontracts-display-component---AddNewContract--projectDescription","interaction":{"idSuffix":"inner"}},"wdio_ui5_key":"applicationmanagecontracts-display-component---AddNewContract--projectDescription"}]}
RESULT: undefined
COMMAND: POST /session/f3202076f2355fcab0b0fd0793b9d6fb/execute/async - {"script":"<script> [776 bytes]","args":[{"enterText":"Contract WDIO","selector":{"id":"application-managecontracts-display-component---AddNewContract--projectDescription","interaction":{"idSuffix":"inner"}},"clearTextFirst":true,"interactionType":"ENTER_TEXT"}]}
RESULT: {"script":"<script> [776 bytes]","args":[{"enterText":"Contract WDIO","selector":{"id":"application-managecontracts-display-component---AddNewContract--projectDescription","interaction":{"idSuffix":"inner"}},"clearTextFirst":true,"interactionType":"ENTER_TEXT"}]}
COMMAND: POST /session/f3202076f2355fcab0b0fd0793b9d6fb/element - {"using":"xpath","value":"//input[@id=\"application-managecontracts-display-component---AddNewContract--site-inner\"]"}
RESULT: {"using":"xpath","value":"//input[@id=\"application-managecontracts-display-component---AddNewContract--site-inner\"]"}
COMMAND: POST /session/f3202076f2355fcab0b0fd0793b9d6fb/element/f.BC27547D6C1B912B5E2C3A56E82E8398.d.9F93189B40554D47F1EFA5ACC4A9CA40.e.4362/clear - {}
RESULT: {}
COMMAND: POST /session/f3202076f2355fcab0b0fd0793b9d6fb/element/f.BC27547D6C1B912B5E2C3A56E82E8398.d.9F93189B40554D47F1EFA5ACC4A9CA40.e.4362/value - {"text":"2235"}
COMMAND: GET /session/f3202076f2355fcab0b0fd0793b9d6fb/screenshot - {}
RESULT: {"text":"2235"}
COMMAND: GET /session/f3202076f2355fcab0b0fd0793b9d6fb/screenshot - {}
RESULT: {}
RESULT: {}
COMMAND: POST /session/f3202076f2355fcab0b0fd0793b9d6fb/element - {"using":"xpath","value":"//li[.//span[text()='2235']]"}
RESULT: {"using":"xpath","value":"//li[.//span[text()='2235']]"}
COMMAND: POST /session/f3202076f2355fcab0b0fd0793b9d6fb/element/f.BC27547D6C1B912B5E2C3A56E82E8398.d.9F93189B40554D47F1EFA5ACC4A9CA40.e.4389/click - {}
RESULT: {}
COMMAND: GET /session/f3202076f2355fcab0b0fd0793b9d6fb/screenshot - {}
RESULT: {}
COMMAND: POST /session/f3202076f2355fcab0b0fd0793b9d6fb/element - {"using":"xpath","value":"//input[@id=\"application-managecontracts-display-component---AddNewContract--yardId-inner\"]"}
RESULT: {"using":"xpath","value":"//input[@id=\"application-managecontracts-display-component---AddNewContract--yardId-inner\"]"}
COMMAND: GET /session/f3202076f2355fcab0b0fd0793b9d6fb/element/f.BC27547D6C1B912B5E2C3A56E82E8398.d.9F93189B40554D47F1EFA5ACC4A9CA40.e.4363/property/value - {}
RESULT: {}
COMMAND: POST /session/f3202076f2355fcab0b0fd0793b9d6fb/element - {"using":"xpath","value":"//input[@id=\"application-managecontracts-display-component---AddNewContract--customerSelect-inner\"]"}
COMMAND: GET /session/f3202076f2355fcab0b0fd0793b9d6fb/screenshot - {}
RESULT: {"using":"xpath","value":"//input[@id=\"application-managecontracts-display-component---AddNewContract--customerSelect-inner\"]"}
COMMAND: POST /session/f3202076f2355fcab0b0fd0793b9d6fb/element/f.BC27547D6C1B912B5E2C3A56E82E8398.d.9F93189B40554D47F1EFA5ACC4A9CA40.e.4361/clear - {}
RESULT: {}
RESULT: {}
COMMAND: POST /session/f3202076f2355fcab0b0fd0793b9d6fb/element/f.BC27547D6C1B912B5E2C3A56E82E8398.d.9F93189B40554D47F1EFA5ACC4A9CA40.e.4361/value - {"text":"1279"}
COMMAND: GET /session/f3202076f2355fcab0b0fd0793b9d6fb/screenshot - {}
RESULT: {"text":"1279"}
COMMAND: GET /session/f3202076f2355fcab0b0fd0793b9d6fb/screenshot - {}
RESULT: {}
RESULT: {}
COMMAND: POST /session/f3202076f2355fcab0b0fd0793b9d6fb/element - {"using":"xpath","value":"//li[.//span[text()='1279']]"}
RESULT: {"using":"xpath","value":"//li[.//span[text()='1279']]"}
COMMAND: POST /session/f3202076f2355fcab0b0fd0793b9d6fb/element/f.BC27547D6C1B912B5E2C3A56E82E8398.d.9F93189B40554D47F1EFA5ACC4A9CA40.e.4392/click - {}
RESULT: {}
COMMAND: GET /session/f3202076f2355fcab0b0fd0793b9d6fb/screenshot - {}
RESULT: {}
COMMAND: POST /session/f3202076f2355fcab0b0fd0793b9d6fb/element - {"using":"xpath","value":"//button[@data-kt=\"saveButton\"]"}
RESULT: {"using":"xpath","value":"//button[@data-kt=\"saveButton\"]"}
COMMAND: POST /session/f3202076f2355fcab0b0fd0793b9d6fb/element/f.BC27547D6C1B912B5E2C3A56E82E8398.d.9F93189B40554D47F1EFA5ACC4A9CA40.e.4393/click - {}
RESULT: {}
COMMAND: GET /session/f3202076f2355fcab0b0fd0793b9d6fb/screenshot - {}
RESULT: {}
COMMAND: POST /session/f3202076f2355fcab0b0fd0793b9d6fb/element - {"using":"xpath","value":"//span[contains(@id ,\"contractDetailTitleNoExpanded\")]"}
RESULT: {"using":"xpath","value":"//span[contains(@id ,\"contractDetailTitleNoExpanded\")]"}
COMMAND: POST /session/f3202076f2355fcab0b0fd0793b9d6fb/elements - {"using":"xpath","value":"//span[contains(@id ,\"contractDetailTitleNoExpanded\")]"}
RESULT: {"using":"xpath","value":"//span[contains(@id ,\"contractDetailTitleNoExpanded\")]"}
COMMAND: POST /session/f3202076f2355fcab0b0fd0793b9d6fb/execute/sync - {"script":"<script> [56 bytes]","args":[{"element-6066-11e4-a52e-4f735466cecf":"f.BC27547D6C1B912B5E2C3A56E82E8398.d.9F93189B40554D47F1EFA5ACC4A9CA40.e.4465","ELEMENT":"f.BC27547D6C1B912B5E2C3A56E82E8398.d.9F93189B40554D47F1EFA5ACC4A9CA40.e.4465"}]}
RESULT: {"script":"<script> [56 bytes]","args":[{"element-6066-11e4-a52e-4f735466cecf":"f.BC27547D6C1B912B5E2C3A56E82E8398.d.9F93189B40554D47F1EFA5ACC4A9CA40.e.4465","ELEMENT":"f.BC27547D6C1B912B5E2C3A56E82E8398.d.9F93189B40554D47F1EFA5ACC4A9CA40.e.4465"}]}
COMMAND: GET /session/f3202076f2355fcab0b0fd0793b9d6fb/screenshot - {}
RESULT: {}
]]></system-out>
    </testcase>
    <testcase classname="chrome.136_0_7103_93.windows.Create_masterdata_for_Yard_Overview_-_trigger_provide_US130988" name="Should add created equipment to contract" time="66.759">
      <system-out><![CDATA[
COMMAND: POST /session/f3202076f2355fcab0b0fd0793b9d6fb/element - {"using":"xpath","value":"//button[@data-kt=\"contractDetailEditBtnButton\"]"}
RESULT: {"using":"xpath","value":"//button[@data-kt=\"contractDetailEditBtnButton\"]"}
COMMAND: POST /session/f3202076f2355fcab0b0fd0793b9d6fb/element/f.BC27547D6C1B912B5E2C3A56E82E8398.d.9F93189B40554D47F1EFA5ACC4A9CA40.e.4466/click - {}
RESULT: {}
COMMAND: GET /session/f3202076f2355fcab0b0fd0793b9d6fb/screenshot - {}
RESULT: {}
COMMAND: POST /session/f3202076f2355fcab0b0fd0793b9d6fb/element - {"using":"xpath","value":"(//span[contains(text(), \"Additional Addresses\")])[2]"}
RESULT: {"using":"xpath","value":"(//span[contains(text(), \"Additional Addresses\")])[2]"}
COMMAND: POST /session/f3202076f2355fcab0b0fd0793b9d6fb/element/f.BC27547D6C1B912B5E2C3A56E82E8398.d.9F93189B40554D47F1EFA5ACC4A9CA40.e.4521/click - {}
RESULT: {}
COMMAND: GET /session/f3202076f2355fcab0b0fd0793b9d6fb/screenshot - {}
RESULT: {}
COMMAND: POST /session/f3202076f2355fcab0b0fd0793b9d6fb/element - {"using":"xpath","value":"//button[@data-kt=\"btnAddTableRowOverflowToolbarButton\"]"}
RESULT: {"using":"xpath","value":"//button[@data-kt=\"btnAddTableRowOverflowToolbarButton\"]"}
COMMAND: POST /session/f3202076f2355fcab0b0fd0793b9d6fb/element/f.BC27547D6C1B912B5E2C3A56E82E8398.d.9F93189B40554D47F1EFA5ACC4A9CA40.e.4525/click - {}
RESULT: {}
COMMAND: GET /session/f3202076f2355fcab0b0fd0793b9d6fb/screenshot - {}
RESULT: {}
COMMAND: POST /session/f3202076f2355fcab0b0fd0793b9d6fb/element - {"using":"xpath","value":"//div[(text() = 'Standard Entry' or . = 'Standard Entry')]"}
RESULT: {"using":"xpath","value":"//div[(text() = 'Standard Entry' or . = 'Standard Entry')]"}
COMMAND: POST /session/f3202076f2355fcab0b0fd0793b9d6fb/element/f.BC27547D6C1B912B5E2C3A56E82E8398.d.9F93189B40554D47F1EFA5ACC4A9CA40.e.4527/click - {}
RESULT: {}
COMMAND: GET /session/f3202076f2355fcab0b0fd0793b9d6fb/screenshot - {}
RESULT: {}
COMMAND: POST /session/f3202076f2355fcab0b0fd0793b9d6fb/element - {"using":"xpath","value":"//td[6]/div/div/div/span"}
RESULT: {"using":"xpath","value":"//td[6]/div/div/div/span"}
COMMAND: POST /session/f3202076f2355fcab0b0fd0793b9d6fb/element/f.BC27547D6C1B912B5E2C3A56E82E8398.d.9F93189B40554D47F1EFA5ACC4A9CA40.e.4539/click - {}
RESULT: {}
COMMAND: GET /session/f3202076f2355fcab0b0fd0793b9d6fb/screenshot - {}
RESULT: {}
COMMAND: POST /session/f3202076f2355fcab0b0fd0793b9d6fb/element - {"using":"xpath","value":"(//span[contains(text(), \"Material\")])"}
RESULT: {"using":"xpath","value":"(//span[contains(text(), \"Material\")])"}
COMMAND: POST /session/f3202076f2355fcab0b0fd0793b9d6fb/element/f.BC27547D6C1B912B5E2C3A56E82E8398.d.9F93189B40554D47F1EFA5ACC4A9CA40.e.4541/click - {}
RESULT: {}
COMMAND: GET /session/f3202076f2355fcab0b0fd0793b9d6fb/screenshot - {}
RESULT: {}
COMMAND: POST /session/f3202076f2355fcab0b0fd0793b9d6fb/element - {"using":"xpath","value":"//td[7]/div/div/input"}
RESULT: {"using":"xpath","value":"//td[7]/div/div/input"}
COMMAND: POST /session/f3202076f2355fcab0b0fd0793b9d6fb/element/f.BC27547D6C1B912B5E2C3A56E82E8398.d.9F93189B40554D47F1EFA5ACC4A9CA40.e.4544/clear - {}
RESULT: {}
COMMAND: POST /session/f3202076f2355fcab0b0fd0793b9d6fb/element/f.BC27547D6C1B912B5E2C3A56E82E8398.d.9F93189B40554D47F1EFA5ACC4A9CA40.e.4544/value - {"text":"200247"}
COMMAND: GET /session/f3202076f2355fcab0b0fd0793b9d6fb/screenshot - {}
RESULT: {"text":"200247"}
COMMAND: GET /session/f3202076f2355fcab0b0fd0793b9d6fb/screenshot - {}
RESULT: {}
RESULT: {}
COMMAND: POST /session/f3202076f2355fcab0b0fd0793b9d6fb/actions - {"actions":[{"id":"action10","type":"key","parameters":{},"actions":[{"type":"keyDown","value":"î€‡"},{"type":"pause","duration":10},{"type":"keyUp","value":"î€‡"}]}]}
RESULT: {"actions":[{"id":"action10","type":"key","parameters":{},"actions":[{"type":"keyDown","value":"î€‡"},{"type":"pause","duration":10},{"type":"keyUp","value":"î€‡"}]}]}
COMMAND: GET /session/f3202076f2355fcab0b0fd0793b9d6fb/screenshot - {}
RESULT: {}
COMMAND: POST /session/f3202076f2355fcab0b0fd0793b9d6fb/execute/sync - {"script":"<script> [276 bytes]","args":["No pricing information was found"]}
RESULT: {"script":"<script> [276 bytes]","args":["No pricing information was found"]}
COMMAND: POST /session/f3202076f2355fcab0b0fd0793b9d6fb/element - {"using":"xpath","value":"//bdi[contains(text(), \"OK\")]"}
COMMAND: GET /session/f3202076f2355fcab0b0fd0793b9d6fb/screenshot - {}
RESULT: {"using":"xpath","value":"//bdi[contains(text(), \"OK\")]"}
COMMAND: POST /session/f3202076f2355fcab0b0fd0793b9d6fb/element/f.BC27547D6C1B912B5E2C3A56E82E8398.d.9F93189B40554D47F1EFA5ACC4A9CA40.e.4570/click - {}
RESULT: {}
RESULT: {}
COMMAND: GET /session/f3202076f2355fcab0b0fd0793b9d6fb/screenshot - {}
RESULT: {}
COMMAND: POST /session/f3202076f2355fcab0b0fd0793b9d6fb/element - {"using":"xpath","value":"(//button[@data-kt=\"saveButton\"])[2]"}
RESULT: {"using":"xpath","value":"(//button[@data-kt=\"saveButton\"])[2]"}
COMMAND: POST /session/f3202076f2355fcab0b0fd0793b9d6fb/element/f.BC27547D6C1B912B5E2C3A56E82E8398.d.9F93189B40554D47F1EFA5ACC4A9CA40.e.4571/click - {}
RESULT: {}
COMMAND: GET /session/f3202076f2355fcab0b0fd0793b9d6fb/screenshot - {}
RESULT: {}
COMMAND: POST /session/f3202076f2355fcab0b0fd0793b9d6fb/execute/sync - {"script":"<script> [276 bytes]","args":["Some contract items are having rental validity exceeding header rental validity"]}
RESULT: {"script":"<script> [276 bytes]","args":["Some contract items are having rental validity exceeding header rental validity"]}
COMMAND: GET /session/f3202076f2355fcab0b0fd0793b9d6fb/screenshot - {}
RESULT: {}
COMMAND: POST /session/f3202076f2355fcab0b0fd0793b9d6fb/element - {"using":"xpath","value":"//span[contains(@id ,\"contractItemsSmartTable-header-inner\")]"}
RESULT: {"using":"xpath","value":"//span[contains(@id ,\"contractItemsSmartTable-header-inner\")]"}
COMMAND: POST /session/f3202076f2355fcab0b0fd0793b9d6fb/elements - {"using":"xpath","value":"//span[contains(@id ,\"contractItemsSmartTable-header-inner\")]"}
RESULT: {"using":"xpath","value":"//span[contains(@id ,\"contractItemsSmartTable-header-inner\")]"}
COMMAND: POST /session/f3202076f2355fcab0b0fd0793b9d6fb/execute/sync - {"script":"<script> [56 bytes]","args":[{"element-6066-11e4-a52e-4f735466cecf":"f.BC27547D6C1B912B5E2C3A56E82E8398.d.9F93189B40554D47F1EFA5ACC4A9CA40.e.4575","ELEMENT":"f.BC27547D6C1B912B5E2C3A56E82E8398.d.9F93189B40554D47F1EFA5ACC4A9CA40.e.4575"}]}
RESULT: {"script":"<script> [56 bytes]","args":[{"element-6066-11e4-a52e-4f735466cecf":"f.BC27547D6C1B912B5E2C3A56E82E8398.d.9F93189B40554D47F1EFA5ACC4A9CA40.e.4575","ELEMENT":"f.BC27547D6C1B912B5E2C3A56E82E8398.d.9F93189B40554D47F1EFA5ACC4A9CA40.e.4575"}]}
COMMAND: POST /session/f3202076f2355fcab0b0fd0793b9d6fb/element - {"using":"css selector","value":"#shell-header-logo"}
COMMAND: GET /session/f3202076f2355fcab0b0fd0793b9d6fb/screenshot - {}
RESULT: {"using":"css selector","value":"#shell-header-logo"}
COMMAND: POST /session/f3202076f2355fcab0b0fd0793b9d6fb/element/f.BC27547D6C1B912B5E2C3A56E82E8398.d.9F93189B40554D47F1EFA5ACC4A9CA40.e.3955/click - {}
RESULT: {}
RESULT: {}
COMMAND: GET /session/f3202076f2355fcab0b0fd0793b9d6fb/screenshot - {}
RESULT: {}
]]></system-out>
    </testcase>
    <testcase classname="chrome.136_0_7103_93.windows.Create_masterdata_for_Yard_Overview_-_trigger_provide_US130988" name="Navigate to Yard overview and provide the RU" time="180.303">
      <system-out><![CDATA[
COMMAND: POST /session/f3202076f2355fcab0b0fd0793b9d6fb/execute/async - {"script":"<script> [1562 bytes]","args":[{"selector":{"controlType":"sap.m.GenericTile","properties":{"header":"Yard Overview"}},"wdio_ui5_key":"sapm.GenericTile{\"header\":\"Yard Overview\"}"}]}
RESULT: {"script":"<script> [1562 bytes]","args":[{"selector":{"controlType":"sap.m.GenericTile","properties":{"header":"Yard Overview"}},"wdio_ui5_key":"sapm.GenericTile{\"header\":\"Yard Overview\"}"}]}
RESULT: undefined
COMMAND: POST /session/f3202076f2355fcab0b0fd0793b9d6fb/element - {"using":"xpath","value":"//*[@id=\"__tile102\"]"}
RESULT: {"using":"xpath","value":"//*[@id=\"__tile102\"]"}
COMMAND: POST /session/f3202076f2355fcab0b0fd0793b9d6fb/element/f.BC27547D6C1B912B5E2C3A56E82E8398.d.9F93189B40554D47F1EFA5ACC4A9CA40.e.4577/click - {}
RESULT: {}
COMMAND: GET /session/f3202076f2355fcab0b0fd0793b9d6fb/screenshot - {}
RESULT: {}
COMMAND: POST /session/f3202076f2355fcab0b0fd0793b9d6fb/elements - {"using":"xpath","value":"//span[text()='Error']"}
RESULT: {"using":"xpath","value":"//span[text()='Error']"}
COMMAND: POST /session/f3202076f2355fcab0b0fd0793b9d6fb/element - {"using":"xpath","value":"//input[contains(@id,\"smartFilterBar-btnBasicSearch-I\")]"}
RESULT: {"using":"xpath","value":"//input[contains(@id,\"smartFilterBar-btnBasicSearch-I\")]"}
COMMAND: POST /session/f3202076f2355fcab0b0fd0793b9d6fb/elements - {"using":"xpath","value":"//input[contains(@id,\"smartFilterBar-btnBasicSearch-I\")]"}
RESULT: {"using":"xpath","value":"//input[contains(@id,\"smartFilterBar-btnBasicSearch-I\")]"}
COMMAND: POST /session/f3202076f2355fcab0b0fd0793b9d6fb/execute/sync - {"script":"<script> [8489 bytes]","args":[{"element-6066-11e4-a52e-4f735466cecf":"f.BC27547D6C1B912B5E2C3A56E82E8398.d.9F93189B40554D47F1EFA5ACC4A9CA40.e.4584","ELEMENT":"f.BC27547D6C1B912B5E2C3A56E82E8398.d.9F93189B40554D47F1EFA5ACC4A9CA40.e.4584"}]}
RESULT: {"script":"<script> [8489 bytes]","args":[{"element-6066-11e4-a52e-4f735466cecf":"f.BC27547D6C1B912B5E2C3A56E82E8398.d.9F93189B40554D47F1EFA5ACC4A9CA40.e.4584","ELEMENT":"f.BC27547D6C1B912B5E2C3A56E82E8398.d.9F93189B40554D47F1EFA5ACC4A9CA40.e.4584"}]}
COMMAND: GET /session/f3202076f2355fcab0b0fd0793b9d6fb/element/f.BC27547D6C1B912B5E2C3A56E82E8398.d.9F93189B40554D47F1EFA5ACC4A9CA40.e.4584/enabled - {}
COMMAND: GET /session/f3202076f2355fcab0b0fd0793b9d6fb/screenshot - {}
RESULT: {}
COMMAND: POST /session/f3202076f2355fcab0b0fd0793b9d6fb/execute/sync - {"script":"<script> [8489 bytes]","args":[{"element-6066-11e4-a52e-4f735466cecf":"f.BC27547D6C1B912B5E2C3A56E82E8398.d.9F93189B40554D47F1EFA5ACC4A9CA40.e.4584","ELEMENT":"f.BC27547D6C1B912B5E2C3A56E82E8398.d.9F93189B40554D47F1EFA5ACC4A9CA40.e.4584"}]}
COMMAND: GET /session/f3202076f2355fcab0b0fd0793b9d6fb/screenshot - {}
RESULT: {}
RESULT: {"script":"<script> [8489 bytes]","args":[{"element-6066-11e4-a52e-4f735466cecf":"f.BC27547D6C1B912B5E2C3A56E82E8398.d.9F93189B40554D47F1EFA5ACC4A9CA40.e.4584","ELEMENT":"f.BC27547D6C1B912B5E2C3A56E82E8398.d.9F93189B40554D47F1EFA5ACC4A9CA40.e.4584"}]}
COMMAND: POST /session/f3202076f2355fcab0b0fd0793b9d6fb/execute/sync - {"script":"<script> [5351 bytes]","args":[{"element-6066-11e4-a52e-4f735466cecf":"f.BC27547D6C1B912B5E2C3A56E82E8398.d.9F93189B40554D47F1EFA5ACC4A9CA40.e.4584","ELEMENT":"f.BC27547D6C1B912B5E2C3A56E82E8398.d.9F93189B40554D47F1EFA5ACC4A9CA40.e.4584"}]}
COMMAND: GET /session/f3202076f2355fcab0b0fd0793b9d6fb/screenshot - {}
RESULT: {}
RESULT: {}
RESULT: {"script":"<script> [5351 bytes]","args":[{"element-6066-11e4-a52e-4f735466cecf":"f.BC27547D6C1B912B5E2C3A56E82E8398.d.9F93189B40554D47F1EFA5ACC4A9CA40.e.4584","ELEMENT":"f.BC27547D6C1B912B5E2C3A56E82E8398.d.9F93189B40554D47F1EFA5ACC4A9CA40.e.4584"}]}
COMMAND: GET /session/f3202076f2355fcab0b0fd0793b9d6fb/screenshot - {}
RESULT: {}
COMMAND: POST /session/f3202076f2355fcab0b0fd0793b9d6fb/element/f.BC27547D6C1B912B5E2C3A56E82E8398.d.9F93189B40554D47F1EFA5ACC4A9CA40.e.4584/clear - {}
RESULT: {}
COMMAND: POST /session/f3202076f2355fcab0b0fd0793b9d6fb/element/f.BC27547D6C1B912B5E2C3A56E82E8398.d.9F93189B40554D47F1EFA5ACC4A9CA40.e.4584/value - {"text":"493"}
COMMAND: GET /session/f3202076f2355fcab0b0fd0793b9d6fb/screenshot - {}
RESULT: {"text":"493"}
COMMAND: GET /session/f3202076f2355fcab0b0fd0793b9d6fb/screenshot - {}
RESULT: {}
RESULT: {}
COMMAND: POST /session/f3202076f2355fcab0b0fd0793b9d6fb/actions - {"actions":[{"id":"action11","type":"key","parameters":{},"actions":[{"type":"keyDown","value":"î€‡"},{"type":"pause","duration":10},{"type":"keyUp","value":"î€‡"}]}]}
RESULT: {"actions":[{"id":"action11","type":"key","parameters":{},"actions":[{"type":"keyDown","value":"î€‡"},{"type":"pause","duration":10},{"type":"keyUp","value":"î€‡"}]}]}
COMMAND: GET /session/f3202076f2355fcab0b0fd0793b9d6fb/screenshot - {}
RESULT: {}
COMMAND: POST /session/f3202076f2355fcab0b0fd0793b9d6fb/element - {"using":"xpath","value":"//span[contains(@id, \"smartTable-header-inner\")]"}
RESULT: {"using":"xpath","value":"//span[contains(@id, \"smartTable-header-inner\")]"}
COMMAND: POST /session/f3202076f2355fcab0b0fd0793b9d6fb/elements - {"using":"xpath","value":"//span[contains(@id, \"smartTable-header-inner\")]"}
RESULT: {"using":"xpath","value":"//span[contains(@id, \"smartTable-header-inner\")]"}
COMMAND: POST /session/f3202076f2355fcab0b0fd0793b9d6fb/execute/sync - {"script":"<script> [56 bytes]","args":[{"element-6066-11e4-a52e-4f735466cecf":"f.BC27547D6C1B912B5E2C3A56E82E8398.d.9F93189B40554D47F1EFA5ACC4A9CA40.e.4652","ELEMENT":"f.BC27547D6C1B912B5E2C3A56E82E8398.d.9F93189B40554D47F1EFA5ACC4A9CA40.e.4652"}]}
RESULT: {"script":"<script> [56 bytes]","args":[{"element-6066-11e4-a52e-4f735466cecf":"f.BC27547D6C1B912B5E2C3A56E82E8398.d.9F93189B40554D47F1EFA5ACC4A9CA40.e.4652","ELEMENT":"f.BC27547D6C1B912B5E2C3A56E82E8398.d.9F93189B40554D47F1EFA5ACC4A9CA40.e.4652"}]}
COMMAND: POST /session/f3202076f2355fcab0b0fd0793b9d6fb/element - {"using":"xpath","value":"(//span[contains(@id, \"imgNav\")])[1]"}
COMMAND: GET /session/f3202076f2355fcab0b0fd0793b9d6fb/screenshot - {}
RESULT: {"using":"xpath","value":"(//span[contains(@id, \"imgNav\")])[1]"}
COMMAND: POST /session/f3202076f2355fcab0b0fd0793b9d6fb/element/f.BC27547D6C1B912B5E2C3A56E82E8398.d.9F93189B40554D47F1EFA5ACC4A9CA40.e.4651/click - {}
RESULT: {}
RESULT: {}
COMMAND: GET /session/f3202076f2355fcab0b0fd0793b9d6fb/screenshot - {}
RESULT: {}
COMMAND: POST /session/f3202076f2355fcab0b0fd0793b9d6fb/execute/async - {"script":"<script> [1562 bytes]","args":[{"selector":{"id":"application-yardoverview-display-component---detailYardInventory--openProvides-triggerAction-provideBtn","interaction":{"idSuffix":"BDI-content"}},"wdio_ui5_key":"applicationyardoverview-display-component---detailYardInventory--openProvides-triggerAction-provideBtn"}]}
RESULT: {"script":"<script> [1562 bytes]","args":[{"selector":{"id":"application-yardoverview-display-component---detailYardInventory--openProvides-triggerAction-provideBtn","interaction":{"idSuffix":"BDI-content"}},"wdio_ui5_key":"applicationyardoverview-display-component---detailYardInventory--openProvides-triggerAction-provideBtn"}]}
RESULT: undefined
COMMAND: POST /session/f3202076f2355fcab0b0fd0793b9d6fb/element - {"using":"xpath","value":"//*[@id=\"application-yardoverview-display-component---detailYardInventory--openProvides-triggerAction-provideBtn\"]"}
RESULT: {"using":"xpath","value":"//*[@id=\"application-yardoverview-display-component---detailYardInventory--openProvides-triggerAction-provideBtn\"]"}
COMMAND: POST /session/f3202076f2355fcab0b0fd0793b9d6fb/element/f.BC27547D6C1B912B5E2C3A56E82E8398.d.9F93189B40554D47F1EFA5ACC4A9CA40.e.4687/click - {}
RESULT: {}
COMMAND: GET /session/f3202076f2355fcab0b0fd0793b9d6fb/screenshot - {}
RESULT: {}
COMMAND: POST /session/f3202076f2355fcab0b0fd0793b9d6fb/execute/async - {"script":"<script> [1562 bytes]","args":[{"selector":{"controlType":"sap.m.CheckBox","viewName":"etm.portal.ui.yardoverview.view.Detail","viewId":"application-yardoverview-display-component---detailYardInventory","properties":{"editable":true},"ancestor":{"controlType":"sap.m.ColumnListItem","viewName":"etm.portal.ui.yardoverview.view.Detail","viewId":"application-yardoverview-display-component---detailYardInventory","bindingPath":{"path":"/SmartOpenRUYardInventory(CONTRACT='10325',ITEM=10m,SUB_ITEM=0m)"},"ancestor":{"id":"application-yardoverview-display-component---detailYardInventory--customProvidesTable"}},"interaction":{"idSuffix":"CbBg"}},"wdio_ui5_key":"etmportal.ui.yardoverview.view.Detailsap.m.CheckBox{\"editable\":true}{\"controlType\":\"sap.m.ColumnListItem\",\"viewName\":\"etm.portal.ui.yardoverview.view.Detail\",\"viewId\":\"application-yardoverview-display-component---detailYardInventory\",\"bindingPath\":{\"path\":\"/SmartOpenRUYardInventory(CONTRACT='10325',ITEM=10m,SUB_ITEM=0m)\"},\"ancestor\":{\"id\":\"application-yardoverview-display-component---detailYardInventory--customProvidesTable\"}}"}]}
RESULT: {"script":"<script> [1562 bytes]","args":[{"selector":{"controlType":"sap.m.CheckBox","viewName":"etm.portal.ui.yardoverview.view.Detail","viewId":"application-yardoverview-display-component---detailYardInventory","properties":{"editable":true},"ancestor":{"controlType":"sap.m.ColumnListItem","viewName":"etm.portal.ui.yardoverview.view.Detail","viewId":"application-yardoverview-display-component---detailYardInventory","bindingPath":{"path":"/SmartOpenRUYardInventory(CONTRACT='10325',ITEM=10m,SUB_ITEM=0m)"},"ancestor":{"id":"application-yardoverview-display-component---detailYardInventory--customProvidesTable"}},"interaction":{"idSuffix":"CbBg"}},"wdio_ui5_key":"etmportal.ui.yardoverview.view.Detailsap.m.CheckBox{\"editable\":true}{\"controlType\":\"sap.m.ColumnListItem\",\"viewName\":\"etm.portal.ui.yardoverview.view.Detail\",\"viewId\":\"application-yardoverview-display-component---detailYardInventory\",\"bindingPath\":{\"path\":\"/SmartOpenRUYardInventory(CONTRACT='10325',ITEM=10m,SUB_ITEM=0m)\"},\"ancestor\":{\"id\":\"application-yardoverview-display-component---detailYardInventory--customProvidesTable\"}}"}]}
RESULT: undefined
COMMAND: POST /session/f3202076f2355fcab0b0fd0793b9d6fb/element - {"using":"xpath","value":"//*[@id=\"__item3157-__clone8861-selectMulti\"]"}
RESULT: {"using":"xpath","value":"//*[@id=\"__item3157-__clone8861-selectMulti\"]"}
COMMAND: POST /session/f3202076f2355fcab0b0fd0793b9d6fb/element/f.BC27547D6C1B912B5E2C3A56E82E8398.d.9F93189B40554D47F1EFA5ACC4A9CA40.e.4768/click - {}
RESULT: {}
COMMAND: GET /session/f3202076f2355fcab0b0fd0793b9d6fb/screenshot - {}
RESULT: {}
RESULT: undefined
COMMAND: POST /session/f3202076f2355fcab0b0fd0793b9d6fb/element - {"using":"xpath","value":"//*[@id=\"application-yardoverview-display-component---detailYardInventory--openProvides-triggerAction-provideBtn\"]"}
RESULT: {"using":"xpath","value":"//*[@id=\"application-yardoverview-display-component---detailYardInventory--openProvides-triggerAction-provideBtn\"]"}
COMMAND: POST /session/f3202076f2355fcab0b0fd0793b9d6fb/element/f.BC27547D6C1B912B5E2C3A56E82E8398.d.9F93189B40554D47F1EFA5ACC4A9CA40.e.4687/click - {}
RESULT: {}
COMMAND: GET /session/f3202076f2355fcab0b0fd0793b9d6fb/screenshot - {}
RESULT: {}
COMMAND: POST /session/f3202076f2355fcab0b0fd0793b9d6fb/actions - {"actions":[{"id":"action12","type":"key","parameters":{},"actions":[{"type":"keyDown","value":"î€‡"},{"type":"pause","duration":10},{"type":"keyUp","value":"î€‡"}]}]}
RESULT: {"actions":[{"id":"action12","type":"key","parameters":{},"actions":[{"type":"keyDown","value":"î€‡"},{"type":"pause","duration":10},{"type":"keyUp","value":"î€‡"}]}]}
COMMAND: GET /session/f3202076f2355fcab0b0fd0793b9d6fb/screenshot - {}
RESULT: {}
COMMAND: POST /session/f3202076f2355fcab0b0fd0793b9d6fb/execute/async - {"script":"<script> [1562 bytes]","args":[{"selector":{"id":"application-yardoverview-display-component---detailYardInventory--smartTableProvides-btnPersonalisation-img"},"wdio_ui5_key":"applicationyardoverview-display-component---detailYardInventory--smartTableProvides-btnPersonalisation-img"}]}
RESULT: {"script":"<script> [1562 bytes]","args":[{"selector":{"id":"application-yardoverview-display-component---detailYardInventory--smartTableProvides-btnPersonalisation-img"},"wdio_ui5_key":"applicationyardoverview-display-component---detailYardInventory--smartTableProvides-btnPersonalisation-img"}]}
RESULT: undefined
COMMAND: POST /session/f3202076f2355fcab0b0fd0793b9d6fb/element - {"using":"xpath","value":"//*[@id=\"application-yardoverview-display-component---detailYardInventory--smartTableProvides-btnPersonalisation-img\"]"}
RESULT: {"using":"xpath","value":"//*[@id=\"application-yardoverview-display-component---detailYardInventory--smartTableProvides-btnPersonalisation-img\"]"}
COMMAND: POST /session/f3202076f2355fcab0b0fd0793b9d6fb/element/f.BC27547D6C1B912B5E2C3A56E82E8398.d.9F93189B40554D47F1EFA5ACC4A9CA40.e.4699/click - {}
RESULT: {}
COMMAND: POST /session/f3202076f2355fcab0b0fd0793b9d6fb/element - {"using":"xpath","value":"//input[contains(@id ,\"searchField-I\")]"}
COMMAND: GET /session/f3202076f2355fcab0b0fd0793b9d6fb/screenshot - {}
RESULT: {"using":"xpath","value":"//input[contains(@id ,\"searchField-I\")]"}
COMMAND: POST /session/f3202076f2355fcab0b0fd0793b9d6fb/element/f.BC27547D6C1B912B5E2C3A56E82E8398.d.9F93189B40554D47F1EFA5ACC4A9CA40.e.4786/clear - {}
RESULT: {}
RESULT: {}
COMMAND: POST /session/f3202076f2355fcab0b0fd0793b9d6fb/element/f.BC27547D6C1B912B5E2C3A56E82E8398.d.9F93189B40554D47F1EFA5ACC4A9CA40.e.4786/value - {"text":"Handover Provided"}
COMMAND: GET /session/f3202076f2355fcab0b0fd0793b9d6fb/screenshot - {}
RESULT: {"text":"Handover Provided"}
COMMAND: GET /session/f3202076f2355fcab0b0fd0793b9d6fb/screenshot - {}
RESULT: {}
RESULT: {}
COMMAND: POST /session/f3202076f2355fcab0b0fd0793b9d6fb/element - {"using":"xpath","value":"//div[contains(@id ,\"innerSelectionPanelTable-sa-CbBg\")]"}
RESULT: {"using":"xpath","value":"//div[contains(@id ,\"innerSelectionPanelTable-sa-CbBg\")]"}
COMMAND: POST /session/f3202076f2355fcab0b0fd0793b9d6fb/element/f.BC27547D6C1B912B5E2C3A56E82E8398.d.9F93189B40554D47F1EFA5ACC4A9CA40.e.4815/click - {}
RESULT: {}
COMMAND: GET /session/f3202076f2355fcab0b0fd0793b9d6fb/screenshot - {}
RESULT: {}
COMMAND: POST /session/f3202076f2355fcab0b0fd0793b9d6fb/element - {"using":"xpath","value":"//bdi[contains(@id ,\"confirmBtn-BDI-content\")]"}
RESULT: {"using":"xpath","value":"//bdi[contains(@id ,\"confirmBtn-BDI-content\")]"}
COMMAND: POST /session/f3202076f2355fcab0b0fd0793b9d6fb/element/f.BC27547D6C1B912B5E2C3A56E82E8398.d.9F93189B40554D47F1EFA5ACC4A9CA40.e.4816/click - {}
RESULT: {}
COMMAND: GET /session/f3202076f2355fcab0b0fd0793b9d6fb/screenshot - {}
RESULT: {}
COMMAND: POST /session/f3202076f2355fcab0b0fd0793b9d6fb/element - {"using":"xpath","value":"//a[contains(@data-kt ,\"OpenProvidesHandOverItemLink\")]"}
RESULT: {"using":"xpath","value":"//a[contains(@data-kt ,\"OpenProvidesHandOverItemLink\")]"}
COMMAND: POST /session/f3202076f2355fcab0b0fd0793b9d6fb/element/f.BC27547D6C1B912B5E2C3A56E82E8398.d.9F93189B40554D47F1EFA5ACC4A9CA40.e.4822/click - {}
RESULT: {}
COMMAND: GET /session/f3202076f2355fcab0b0fd0793b9d6fb/screenshot - {}
RESULT: {}
COMMAND: POST /session/f3202076f2355fcab0b0fd0793b9d6fb/actions - {"actions":[{"id":"action13","type":"key","parameters":{},"actions":[{"type":"keyDown","value":"î€‡"},{"type":"pause","duration":10},{"type":"keyUp","value":"î€‡"}]}]}
RESULT: {"actions":[{"id":"action13","type":"key","parameters":{},"actions":[{"type":"keyDown","value":"î€‡"},{"type":"pause","duration":10},{"type":"keyUp","value":"î€‡"}]}]}
COMMAND: GET /session/f3202076f2355fcab0b0fd0793b9d6fb/screenshot - {}
RESULT: {}
COMMAND: POST /session/f3202076f2355fcab0b0fd0793b9d6fb/execute/async - {"script":"<script> [1562 bytes]","args":[{"selector":{"id":"issueDatePicker","viewName":"etm.portal.ui.managehandovers.view.DetailExecuteHO","interaction":{"idSuffix":"inner"}},"wdio_ui5_key":"issueDatePickeretmportal.ui.managehandovers.view.DetailExecuteHO"}]}
RESULT: {"script":"<script> [1562 bytes]","args":[{"selector":{"id":"issueDatePicker","viewName":"etm.portal.ui.managehandovers.view.DetailExecuteHO","interaction":{"idSuffix":"inner"}},"wdio_ui5_key":"issueDatePickeretmportal.ui.managehandovers.view.DetailExecuteHO"}]}
RESULT: undefined
COMMAND: POST /session/f3202076f2355fcab0b0fd0793b9d6fb/execute/async - {"script":"<script> [776 bytes]","args":[{"enterText":"5/17/25","selector":{"id":"issueDatePicker","viewName":"etm.portal.ui.managehandovers.view.DetailExecuteHO","interaction":{"idSuffix":"inner"}},"clearTextFirst":true,"interactionType":"ENTER_TEXT"}]}
RESULT: {"script":"<script> [776 bytes]","args":[{"enterText":"5/17/25","selector":{"id":"issueDatePicker","viewName":"etm.portal.ui.managehandovers.view.DetailExecuteHO","interaction":{"idSuffix":"inner"}},"clearTextFirst":true,"interactionType":"ENTER_TEXT"}]}
COMMAND: POST /session/f3202076f2355fcab0b0fd0793b9d6fb/element - {"using":"xpath","value":"//bdi[contains(text(), \"OK\")]"}
RESULT: {"using":"xpath","value":"//bdi[contains(text(), \"OK\")]"}
COMMAND: POST /session/f3202076f2355fcab0b0fd0793b9d6fb/element/f.BC27547D6C1B912B5E2C3A56E82E8398.d.9F93189B40554D47F1EFA5ACC4A9CA40.e.5117/click - {}
RESULT: {}
COMMAND: GET /session/f3202076f2355fcab0b0fd0793b9d6fb/screenshot - {}
RESULT: {}
COMMAND: POST /session/f3202076f2355fcab0b0fd0793b9d6fb/element - {"using":"xpath","value":"//button[@data-kt=\"PickingTableConfirmAllButton\"]"}
RESULT: {"using":"xpath","value":"//button[@data-kt=\"PickingTableConfirmAllButton\"]"}
COMMAND: POST /session/f3202076f2355fcab0b0fd0793b9d6fb/element/f.BC27547D6C1B912B5E2C3A56E82E8398.d.9F93189B40554D47F1EFA5ACC4A9CA40.e.5124/click - {}
RESULT: {}
COMMAND: GET /session/f3202076f2355fcab0b0fd0793b9d6fb/screenshot - {}
RESULT: {}
COMMAND: POST /session/f3202076f2355fcab0b0fd0793b9d6fb/element - {"using":"xpath","value":"//bdi[contains(text(), \"OK\")]"}
RESULT: {"using":"xpath","value":"//bdi[contains(text(), \"OK\")]"}
COMMAND: POST /session/f3202076f2355fcab0b0fd0793b9d6fb/element/f.BC27547D6C1B912B5E2C3A56E82E8398.d.9F93189B40554D47F1EFA5ACC4A9CA40.e.5127/click - {}
RESULT: {}
COMMAND: GET /session/f3202076f2355fcab0b0fd0793b9d6fb/screenshot - {}
RESULT: {}
COMMAND: POST /session/f3202076f2355fcab0b0fd0793b9d6fb/element - {"using":"xpath","value":"//bdi[contains(text(), \"Issue\")]"}
RESULT: {"using":"xpath","value":"//bdi[contains(text(), \"Issue\")]"}
COMMAND: POST /session/f3202076f2355fcab0b0fd0793b9d6fb/element/f.BC27547D6C1B912B5E2C3A56E82E8398.d.9F93189B40554D47F1EFA5ACC4A9CA40.e.5129/click - {}
RESULT: {}
COMMAND: GET /session/f3202076f2355fcab0b0fd0793b9d6fb/screenshot - {}
RESULT: {}
COMMAND: POST /session/f3202076f2355fcab0b0fd0793b9d6fb/element - {"using":"css selector","value":"#shell-header-logo"}
RESULT: {"using":"css selector","value":"#shell-header-logo"}
COMMAND: POST /session/f3202076f2355fcab0b0fd0793b9d6fb/element/f.BC27547D6C1B912B5E2C3A56E82E8398.d.9F93189B40554D47F1EFA5ACC4A9CA40.e.4579/click - {}
RESULT: {}
COMMAND: GET /session/f3202076f2355fcab0b0fd0793b9d6fb/screenshot - {}
RESULT: {}
RESULT: undefined
COMMAND: POST /session/f3202076f2355fcab0b0fd0793b9d6fb/element - {"using":"xpath","value":"//*[@id=\"__tile131\"]"}
RESULT: {"using":"xpath","value":"//*[@id=\"__tile131\"]"}
COMMAND: POST /session/f3202076f2355fcab0b0fd0793b9d6fb/element/f.BC27547D6C1B912B5E2C3A56E82E8398.d.9F93189B40554D47F1EFA5ACC4A9CA40.e.136/click - {}
RESULT: {}
COMMAND: GET /session/f3202076f2355fcab0b0fd0793b9d6fb/screenshot - {}
RESULT: {}
COMMAND: POST /session/f3202076f2355fcab0b0fd0793b9d6fb/elements - {"using":"xpath","value":"//span[text()='Error']"}
RESULT: {"using":"xpath","value":"//span[text()='Error']"}
COMMAND: POST /session/f3202076f2355fcab0b0fd0793b9d6fb/element - {"using":"xpath","value":"//button[@data-kt=\"addButton\"]"}
RESULT: {"using":"xpath","value":"//button[@data-kt=\"addButton\"]"}
COMMAND: POST /session/f3202076f2355fcab0b0fd0793b9d6fb/elements - {"using":"xpath","value":"//button[@data-kt=\"addButton\"]"}
RESULT: {"using":"xpath","value":"//button[@data-kt=\"addButton\"]"}
COMMAND: POST /session/f3202076f2355fcab0b0fd0793b9d6fb/execute/sync - {"script":"<script> [8489 bytes]","args":[{"element-6066-11e4-a52e-4f735466cecf":"f.BC27547D6C1B912B5E2C3A56E82E8398.d.9F93189B40554D47F1EFA5ACC4A9CA40.e.5232","ELEMENT":"f.BC27547D6C1B912B5E2C3A56E82E8398.d.9F93189B40554D47F1EFA5ACC4A9CA40.e.5232"}]}
RESULT: {"script":"<script> [8489 bytes]","args":[{"element-6066-11e4-a52e-4f735466cecf":"f.BC27547D6C1B912B5E2C3A56E82E8398.d.9F93189B40554D47F1EFA5ACC4A9CA40.e.5232","ELEMENT":"f.BC27547D6C1B912B5E2C3A56E82E8398.d.9F93189B40554D47F1EFA5ACC4A9CA40.e.5232"}]}
COMMAND: GET /session/f3202076f2355fcab0b0fd0793b9d6fb/element/f.BC27547D6C1B912B5E2C3A56E82E8398.d.9F93189B40554D47F1EFA5ACC4A9CA40.e.5232/enabled - {}
COMMAND: GET /session/f3202076f2355fcab0b0fd0793b9d6fb/screenshot - {}
RESULT: {}
COMMAND: POST /session/f3202076f2355fcab0b0fd0793b9d6fb/execute/sync - {"script":"<script> [8489 bytes]","args":[{"element-6066-11e4-a52e-4f735466cecf":"f.BC27547D6C1B912B5E2C3A56E82E8398.d.9F93189B40554D47F1EFA5ACC4A9CA40.e.5232","ELEMENT":"f.BC27547D6C1B912B5E2C3A56E82E8398.d.9F93189B40554D47F1EFA5ACC4A9CA40.e.5232"}]}
COMMAND: GET /session/f3202076f2355fcab0b0fd0793b9d6fb/screenshot - {}
RESULT: {}
RESULT: {"script":"<script> [8489 bytes]","args":[{"element-6066-11e4-a52e-4f735466cecf":"f.BC27547D6C1B912B5E2C3A56E82E8398.d.9F93189B40554D47F1EFA5ACC4A9CA40.e.5232","ELEMENT":"f.BC27547D6C1B912B5E2C3A56E82E8398.d.9F93189B40554D47F1EFA5ACC4A9CA40.e.5232"}]}
COMMAND: POST /session/f3202076f2355fcab0b0fd0793b9d6fb/execute/sync - {"script":"<script> [5351 bytes]","args":[{"element-6066-11e4-a52e-4f735466cecf":"f.BC27547D6C1B912B5E2C3A56E82E8398.d.9F93189B40554D47F1EFA5ACC4A9CA40.e.5232","ELEMENT":"f.BC27547D6C1B912B5E2C3A56E82E8398.d.9F93189B40554D47F1EFA5ACC4A9CA40.e.5232"}]}
RESULT: {}
RESULT: {"script":"<script> [5351 bytes]","args":[{"element-6066-11e4-a52e-4f735466cecf":"f.BC27547D6C1B912B5E2C3A56E82E8398.d.9F93189B40554D47F1EFA5ACC4A9CA40.e.5232","ELEMENT":"f.BC27547D6C1B912B5E2C3A56E82E8398.d.9F93189B40554D47F1EFA5ACC4A9CA40.e.5232"}]}
COMMAND: GET /session/f3202076f2355fcab0b0fd0793b9d6fb/screenshot - {}
COMMAND: GET /session/f3202076f2355fcab0b0fd0793b9d6fb/screenshot - {}
RESULT: {}
RESULT: {}
COMMAND: POST /session/f3202076f2355fcab0b0fd0793b9d6fb/execute/async - {"script":"<script> [1562 bytes]","args":[{"selector":{"controlType":"sap.m.SearchField","viewName":"etm.portal.ui.managecontracts.view.Master","bindingPath":{"path":"","propertyPath":"/_BASIC_SEARCH_FIELD","modelName":"fi1t3rM0d31"},"interaction":{"idSuffix":"I"}},"wdio_ui5_key":"etmportal.ui.managecontracts.view.Mastersap.m.SearchField{\"path\":\"\",\"propertyPath\":\"/_BASIC_SEARCH_FIELD\",\"modelName\":\"fi1t3rM0d31\"}"}]}
RESULT: {"script":"<script> [1562 bytes]","args":[{"selector":{"controlType":"sap.m.SearchField","viewName":"etm.portal.ui.managecontracts.view.Master","bindingPath":{"path":"","propertyPath":"/_BASIC_SEARCH_FIELD","modelName":"fi1t3rM0d31"},"interaction":{"idSuffix":"I"}},"wdio_ui5_key":"etmportal.ui.managecontracts.view.Mastersap.m.SearchField{\"path\":\"\",\"propertyPath\":\"/_BASIC_SEARCH_FIELD\",\"modelName\":\"fi1t3rM0d31\"}"}]}
RESULT: undefined
COMMAND: POST /session/f3202076f2355fcab0b0fd0793b9d6fb/execute/async - {"script":"<script> [776 bytes]","args":[{"enterText":"10325","selector":{"controlType":"sap.m.SearchField","viewName":"etm.portal.ui.managecontracts.view.Master","bindingPath":{"path":"","propertyPath":"/_BASIC_SEARCH_FIELD","modelName":"fi1t3rM0d31"},"interaction":{"idSuffix":"I"}},"clearTextFirst":true,"interactionType":"ENTER_TEXT"}]}
RESULT: {"script":"<script> [776 bytes]","args":[{"enterText":"10325","selector":{"controlType":"sap.m.SearchField","viewName":"etm.portal.ui.managecontracts.view.Master","bindingPath":{"path":"","propertyPath":"/_BASIC_SEARCH_FIELD","modelName":"fi1t3rM0d31"},"interaction":{"idSuffix":"I"}},"clearTextFirst":true,"interactionType":"ENTER_TEXT"}]}
COMMAND: POST /session/f3202076f2355fcab0b0fd0793b9d6fb/actions - {"actions":[{"id":"action14","type":"key","parameters":{},"actions":[{"type":"keyDown","value":"î€‡"},{"type":"pause","duration":10},{"type":"keyUp","value":"î€‡"}]}]}
RESULT: {"actions":[{"id":"action14","type":"key","parameters":{},"actions":[{"type":"keyDown","value":"î€‡"},{"type":"pause","duration":10},{"type":"keyUp","value":"î€‡"}]}]}
COMMAND: GET /session/f3202076f2355fcab0b0fd0793b9d6fb/screenshot - {}
RESULT: {}
COMMAND: POST /session/f3202076f2355fcab0b0fd0793b9d6fb/element - {"using":"xpath","value":"//span[contains(@id, \"masterListContractsSmartTable-header-inner\")]"}
RESULT: {"using":"xpath","value":"//span[contains(@id, \"masterListContractsSmartTable-header-inner\")]"}
COMMAND: POST /session/f3202076f2355fcab0b0fd0793b9d6fb/elements - {"using":"xpath","value":"//span[contains(@id, \"masterListContractsSmartTable-header-inner\")]"}
RESULT: {"using":"xpath","value":"//span[contains(@id, \"masterListContractsSmartTable-header-inner\")]"}
COMMAND: POST /session/f3202076f2355fcab0b0fd0793b9d6fb/execute/sync - {"script":"<script> [56 bytes]","args":[{"element-6066-11e4-a52e-4f735466cecf":"f.BC27547D6C1B912B5E2C3A56E82E8398.d.9F93189B40554D47F1EFA5ACC4A9CA40.e.5290","ELEMENT":"f.BC27547D6C1B912B5E2C3A56E82E8398.d.9F93189B40554D47F1EFA5ACC4A9CA40.e.5290"}]}
RESULT: {"script":"<script> [56 bytes]","args":[{"element-6066-11e4-a52e-4f735466cecf":"f.BC27547D6C1B912B5E2C3A56E82E8398.d.9F93189B40554D47F1EFA5ACC4A9CA40.e.5290","ELEMENT":"f.BC27547D6C1B912B5E2C3A56E82E8398.d.9F93189B40554D47F1EFA5ACC4A9CA40.e.5290"}]}
COMMAND: POST /session/f3202076f2355fcab0b0fd0793b9d6fb/element - {"using":"xpath","value":"(//span[contains(@id, \"imgNav\")])[1]"}
COMMAND: GET /session/f3202076f2355fcab0b0fd0793b9d6fb/screenshot - {}
RESULT: {"using":"xpath","value":"(//span[contains(@id, \"imgNav\")])[1]"}
COMMAND: POST /session/f3202076f2355fcab0b0fd0793b9d6fb/element/f.BC27547D6C1B912B5E2C3A56E82E8398.d.9F93189B40554D47F1EFA5ACC4A9CA40.e.5288/click - {}
RESULT: {}
RESULT: {}
COMMAND: GET /session/f3202076f2355fcab0b0fd0793b9d6fb/screenshot - {}
RESULT: {}
COMMAND: POST /session/f3202076f2355fcab0b0fd0793b9d6fb/element - {"using":"xpath","value":"//table[contains(@id, \"ProductsTable-listUl\")]/tbody/tr[1]/td[6]/div/span"}
RESULT: {"using":"xpath","value":"//table[contains(@id, \"ProductsTable-listUl\")]/tbody/tr[1]/td[6]/div/span"}
COMMAND: POST /session/f3202076f2355fcab0b0fd0793b9d6fb/elements - {"using":"xpath","value":"//table[contains(@id, \"ProductsTable-listUl\")]/tbody/tr[1]/td[6]/div/span"}
RESULT: {"using":"xpath","value":"//table[contains(@id, \"ProductsTable-listUl\")]/tbody/tr[1]/td[6]/div/span"}
COMMAND: POST /session/f3202076f2355fcab0b0fd0793b9d6fb/execute/sync - {"script":"<script> [56 bytes]","args":[{"element-6066-11e4-a52e-4f735466cecf":"f.BC27547D6C1B912B5E2C3A56E82E8398.d.9F93189B40554D47F1EFA5ACC4A9CA40.e.5402","ELEMENT":"f.BC27547D6C1B912B5E2C3A56E82E8398.d.9F93189B40554D47F1EFA5ACC4A9CA40.e.5402"}]}
RESULT: {"script":"<script> [56 bytes]","args":[{"element-6066-11e4-a52e-4f735466cecf":"f.BC27547D6C1B912B5E2C3A56E82E8398.d.9F93189B40554D47F1EFA5ACC4A9CA40.e.5402","ELEMENT":"f.BC27547D6C1B912B5E2C3A56E82E8398.d.9F93189B40554D47F1EFA5ACC4A9CA40.e.5402"}]}
COMMAND: POST /session/f3202076f2355fcab0b0fd0793b9d6fb/element - {"using":"css selector","value":"#shell-header-logo"}
COMMAND: GET /session/f3202076f2355fcab0b0fd0793b9d6fb/screenshot - {}
RESULT: {"using":"css selector","value":"#shell-header-logo"}
COMMAND: POST /session/f3202076f2355fcab0b0fd0793b9d6fb/element/f.BC27547D6C1B912B5E2C3A56E82E8398.d.9F93189B40554D47F1EFA5ACC4A9CA40.e.5193/click - {}
RESULT: {}
RESULT: {}
COMMAND: GET /session/f3202076f2355fcab0b0fd0793b9d6fb/screenshot - {}
RESULT: {}
COMMAND: POST /session/f3202076f2355fcab0b0fd0793b9d6fb/element - {"using":"css selector","value":"#j_username"}
COMMAND: POST /session/f3202076f2355fcab0b0fd0793b9d6fb/url - {"url":"https://qa-testing-00-live-etm-ui.cfapps.eu10-004.hana.ondemand.com/"}
RESULT: {"using":"css selector","value":"#j_username"}
COMMAND: POST /session/f3202076f2355fcab0b0fd0793b9d6fb/element - {"using":"css selector","value":"#j_username"}
RESULT: {"url":"https://qa-testing-00-live-etm-ui.cfapps.eu10-004.hana.ondemand.com/"}
RESULT: undefined
COMMAND: GET /session/f3202076f2355fcab0b0fd0793b9d6fb/screenshot - {}
RESULT: {"using":"css selector","value":"#j_username"}
COMMAND: POST /session/f3202076f2355fcab0b0fd0793b9d6fb/element - {"using":"css selector","value":"#shell-header-logo"}
RESULT: {}
RESULT: {"using":"css selector","value":"#shell-header-logo"}
COMMAND: POST /session/f3202076f2355fcab0b0fd0793b9d6fb/execute/sync - {"script":"<script> [8489 bytes]","args":[{"element-6066-11e4-a52e-4f735466cecf":"f.BC27547D6C1B912B5E2C3A56E82E8398.d.C8D289DE4624F825F3736BA977B262AB.e.5480","ELEMENT":"f.BC27547D6C1B912B5E2C3A56E82E8398.d.C8D289DE4624F825F3736BA977B262AB.e.5480"}]}
RESULT: {"script":"<script> [8489 bytes]","args":[{"element-6066-11e4-a52e-4f735466cecf":"f.BC27547D6C1B912B5E2C3A56E82E8398.d.C8D289DE4624F825F3736BA977B262AB.e.5480","ELEMENT":"f.BC27547D6C1B912B5E2C3A56E82E8398.d.C8D289DE4624F825F3736BA977B262AB.e.5480"}]}
COMMAND: POST /session/f3202076f2355fcab0b0fd0793b9d6fb/element - {"using":"css selector","value":"#shell-header-logo"}
COMMAND: GET /session/f3202076f2355fcab0b0fd0793b9d6fb/screenshot - {}
RESULT: {"using":"css selector","value":"#shell-header-logo"}
COMMAND: POST /session/f3202076f2355fcab0b0fd0793b9d6fb/execute/sync - {"script":"<script> [8489 bytes]","args":[{"element-6066-11e4-a52e-4f735466cecf":"f.BC27547D6C1B912B5E2C3A56E82E8398.d.C8D289DE4624F825F3736BA977B262AB.e.5480","ELEMENT":"f.BC27547D6C1B912B5E2C3A56E82E8398.d.C8D289DE4624F825F3736BA977B262AB.e.5480"}]}
RESULT: {}
RESULT: {"script":"<script> [8489 bytes]","args":[{"element-6066-11e4-a52e-4f735466cecf":"f.BC27547D6C1B912B5E2C3A56E82E8398.d.C8D289DE4624F825F3736BA977B262AB.e.5480","ELEMENT":"f.BC27547D6C1B912B5E2C3A56E82E8398.d.C8D289DE4624F825F3736BA977B262AB.e.5480"}]}
COMMAND: POST /session/f3202076f2355fcab0b0fd0793b9d6fb/execute/sync - {"script":"<script> [5351 bytes]","args":[{"element-6066-11e4-a52e-4f735466cecf":"f.BC27547D6C1B912B5E2C3A56E82E8398.d.C8D289DE4624F825F3736BA977B262AB.e.5480","ELEMENT":"f.BC27547D6C1B912B5E2C3A56E82E8398.d.C8D289DE4624F825F3736BA977B262AB.e.5480"}]}
COMMAND: GET /session/f3202076f2355fcab0b0fd0793b9d6fb/screenshot - {}
RESULT: {"script":"<script> [5351 bytes]","args":[{"element-6066-11e4-a52e-4f735466cecf":"f.BC27547D6C1B912B5E2C3A56E82E8398.d.C8D289DE4624F825F3736BA977B262AB.e.5480","ELEMENT":"f.BC27547D6C1B912B5E2C3A56E82E8398.d.C8D289DE4624F825F3736BA977B262AB.e.5480"}]}
COMMAND: POST /session/f3202076f2355fcab0b0fd0793b9d6fb/element - {"using":"css selector","value":"#shell-header-logo"}
COMMAND: GET /session/f3202076f2355fcab0b0fd0793b9d6fb/screenshot - {}
RESULT: {}
RESULT: {"using":"css selector","value":"#shell-header-logo"}
COMMAND: POST /session/f3202076f2355fcab0b0fd0793b9d6fb/element/f.BC27547D6C1B912B5E2C3A56E82E8398.d.C8D289DE4624F825F3736BA977B262AB.e.5480/click - {}
RESULT: {}
RESULT: {}
COMMAND: GET /session/f3202076f2355fcab0b0fd0793b9d6fb/screenshot - {}
RESULT: {}
COMMAND: POST /session/f3202076f2355fcab0b0fd0793b9d6fb/execute/async - {"script":"<script> [189 bytes]","args":[]}
RESULT: {"script":"<script> [189 bytes]","args":[]}
COMMAND: POST /session/f3202076f2355fcab0b0fd0793b9d6fb/execute/async - {"script":"<script> [123 bytes]","args":[]}
RESULT: {"script":"<script> [123 bytes]","args":[]}
COMMAND: POST /session/f3202076f2355fcab0b0fd0793b9d6fb/timeouts - {"script":"<number>"}
RESULT: {"script":"<number>"}
COMMAND: GET /session/f3202076f2355fcab0b0fd0793b9d6fb/timeouts - {}
RESULT: {}
RESULT: undefined
COMMAND: POST /session/f3202076f2355fcab0b0fd0793b9d6fb/execute/async - {"script":"<script> [2676 bytes]","args":[]}
RESULT: {"script":"<script> [2676 bytes]","args":[]}
COMMAND: POST /session/f3202076f2355fcab0b0fd0793b9d6fb/execute/async - {"script":"<script> [2342 bytes]","args":[{"protocol":"http","hostname":"0.0.0.0","path":"/","capabilities":{"browserName":"chrome","goog:chromeOptions":{"binary":"C:\\Program Files\\Google\\Chrome\\Application\\chrome.exe","args":["--start-maximized"]}},"logLevel":"warn","connectionRetryTimeout":120000,"connectionRetryCount":3,"logLevels":{},"enableDirectConnect":true,"strictSSL":true,"_":"65 more keys: [\"cacheDir\",\"port\",\"requestedCapabilities\",\"automationProtocol\",\"baseUrl\",\"waitforInterval\",\"waitforTimeout\",\"onReload\",\"beforeCommand\",\"afterCommand\",\"rootDir\",\"specs\",\"suites\",\"exclude\",\"groupLogsByTestSpec\",\"excludeDriverLogs\",\"bail\",\"framework\",\"reporters\",\"services\",\"maxInstances\",\"maxInstancesPerCapability\",\"injectGlobals\",\"filesToWatch\",\"execArgv\",\"runnerEnv\",\"runner\",\"shard\",\"specFileRetries\",\"specFileRetriesDelay\",\"specFileRetriesDeferred\",\"reporterSyncInterval\",\"reporterSyncTimeout\",\"cucumberFeaturesWithLineNumbers\",\"autoCompileOpts\",\"mochaOpts\",\"jasmineOpts\",\"cucumberOpts\",\"onPrepare\",\"onWorkerStart\",\"onWorkerEnd\",\"before\",\"beforeSession\",\"beforeSuite\",\"beforeHook\",\"beforeTest\",\"afterTest\",\"afterHook\",\"afterSuite\",\"afterSession\",\"after\",\"onComplete\",\"beforeAssertion\",\"afterAssertion\",\"beforeFeature\",\"beforeScenario\",\"beforeStep\",\"afterStep\",\"afterScenario\",\"afterFeature\",\"_\",\"suite\",\"$0\",\"ignoredWorkerServices\",\"wdi5\"]"}]}
RESULT: {"script":"<script> [2342 bytes]","args":[{"protocol":"http","hostname":"0.0.0.0","path":"/","capabilities":{"browserName":"chrome","goog:chromeOptions":{"binary":"C:\\Program Files\\Google\\Chrome\\Application\\chrome.exe","args":["--start-maximized"]}},"logLevel":"warn","connectionRetryTimeout":120000,"connectionRetryCount":3,"logLevels":{},"enableDirectConnect":true,"strictSSL":true,"_":"65 more keys: [\"cacheDir\",\"port\",\"requestedCapabilities\",\"automationProtocol\",\"baseUrl\",\"waitforInterval\",\"waitforTimeout\",\"onReload\",\"beforeCommand\",\"afterCommand\",\"rootDir\",\"specs\",\"suites\",\"exclude\",\"groupLogsByTestSpec\",\"excludeDriverLogs\",\"bail\",\"framework\",\"reporters\",\"services\",\"maxInstances\",\"maxInstancesPerCapability\",\"injectGlobals\",\"filesToWatch\",\"execArgv\",\"runnerEnv\",\"runner\",\"shard\",\"specFileRetries\",\"specFileRetriesDelay\",\"specFileRetriesDeferred\",\"reporterSyncInterval\",\"reporterSyncTimeout\",\"cucumberFeaturesWithLineNumbers\",\"autoCompileOpts\",\"mochaOpts\",\"jasmineOpts\",\"cucumberOpts\",\"onPrepare\",\"onWorkerStart\",\"onWorkerEnd\",\"before\",\"beforeSession\",\"beforeSuite\",\"beforeHook\",\"beforeTest\",\"afterTest\",\"afterHook\",\"afterSuite\",\"afterSession\",\"after\",\"onComplete\",\"beforeAssertion\",\"afterAssertion\",\"beforeFeature\",\"beforeScenario\",\"beforeStep\",\"afterStep\",\"afterScenario\",\"afterFeature\",\"_\",\"suite\",\"$0\",\"ignoredWorkerServices\",\"wdi5\"]"}]}
COMMAND: POST /session/f3202076f2355fcab0b0fd0793b9d6fb/execute/async - {"script":"<script> [21126 bytes]","args":[35000]}
RESULT: {"script":"<script> [21126 bytes]","args":[35000]}
COMMAND: POST /session/f3202076f2355fcab0b0fd0793b9d6fb/window/maximize - {}
RESULT: {}
COMMAND: POST /session/f3202076f2355fcab0b0fd0793b9d6fb/execute/async - {"script":"<script> [1562 bytes]","args":[{"selector":{"id":"shell-header","interaction":{"idSuffix":"icon"}},"wdio_ui5_key":"shellheader"}]}
COMMAND: GET /session/f3202076f2355fcab0b0fd0793b9d6fb/screenshot - {}
RESULT: {"script":"<script> [1562 bytes]","args":[{"selector":{"id":"shell-header","interaction":{"idSuffix":"icon"}},"wdio_ui5_key":"shellheader"}]}
RESULT: undefined
COMMAND: POST /session/f3202076f2355fcab0b0fd0793b9d6fb/window/fullscreen - {}
RESULT: {}
RESULT: {}
]]></system-out>
    </testcase>
  </testsuite>
  <testsuite timestamp="2025-05-17T15:53:14" time="248.734" tests="1" failures="0" errors="0" skipped="0">
    <properties>
      <property name="specId" value="0" />
      <property name="suiteName" value="Create masterdata for Yard Overview - trigger provide US130988" />
      <property name="capabilities" value="chrome.136_0_7103_93.windows" />
      <property name="file" value="file:///D:/a/1/s/test/specs/HTR/site-overview-return.spec.js" />
    </properties>
    <testcase classname="chrome.136_0_7103_93.windows.Create_masterdata_for_Yard_Overview_-_trigger_provide_US130988" name="Should navigate to site overview and trigger return" time="228.338">
      <system-out><![CDATA[
COMMAND: POST /session/f3202076f2355fcab0b0fd0793b9d6fb/execute/async - {"script":"<script> [1562 bytes]","args":[{"selector":{"controlType":"sap.m.GenericTile","properties":{"header":"Site Overview"}},"wdio_ui5_key":"sapm.GenericTile{\"header\":\"Site Overview\"}"}]}
RESULT: {"script":"<script> [1562 bytes]","args":[{"selector":{"controlType":"sap.m.GenericTile","properties":{"header":"Site Overview"}},"wdio_ui5_key":"sapm.GenericTile{\"header\":\"Site Overview\"}"}]}
RESULT: undefined
COMMAND: POST /session/f3202076f2355fcab0b0fd0793b9d6fb/element - {"using":"xpath","value":"//*[@id=\"__tile71\"]"}
RESULT: {"using":"xpath","value":"//*[@id=\"__tile71\"]"}
COMMAND: POST /session/f3202076f2355fcab0b0fd0793b9d6fb/element/f.BC27547D6C1B912B5E2C3A56E82E8398.d.C8D289DE4624F825F3736BA977B262AB.e.5575/click - {}
RESULT: {}
COMMAND: GET /session/f3202076f2355fcab0b0fd0793b9d6fb/screenshot - {}
RESULT: {}
COMMAND: POST /session/f3202076f2355fcab0b0fd0793b9d6fb/elements - {"using":"xpath","value":"//span[text()='Error']"}
RESULT: {"using":"xpath","value":"//span[text()='Error']"}
COMMAND: POST /session/f3202076f2355fcab0b0fd0793b9d6fb/element - {"using":"xpath","value":"//input[contains(@id,\"smartFilterBar-btnBasicSearch-I\")]"}
RESULT: {"using":"xpath","value":"//input[contains(@id,\"smartFilterBar-btnBasicSearch-I\")]"}
COMMAND: POST /session/f3202076f2355fcab0b0fd0793b9d6fb/elements - {"using":"xpath","value":"//input[contains(@id,\"smartFilterBar-btnBasicSearch-I\")]"}
RESULT: {"using":"xpath","value":"//input[contains(@id,\"smartFilterBar-btnBasicSearch-I\")]"}
COMMAND: POST /session/f3202076f2355fcab0b0fd0793b9d6fb/elements - {"using":"xpath","value":"//input[contains(@id,\"smartFilterBar-btnBasicSearch-I\")]"}
RESULT: {"using":"xpath","value":"//input[contains(@id,\"smartFilterBar-btnBasicSearch-I\")]"}
COMMAND: POST /session/f3202076f2355fcab0b0fd0793b9d6fb/elements - {"using":"xpath","value":"//input[contains(@id,\"smartFilterBar-btnBasicSearch-I\")]"}
RESULT: {"using":"xpath","value":"//input[contains(@id,\"smartFilterBar-btnBasicSearch-I\")]"}
COMMAND: POST /session/f3202076f2355fcab0b0fd0793b9d6fb/elements - {"using":"xpath","value":"//input[contains(@id,\"smartFilterBar-btnBasicSearch-I\")]"}
RESULT: {"using":"xpath","value":"//input[contains(@id,\"smartFilterBar-btnBasicSearch-I\")]"}
COMMAND: POST /session/f3202076f2355fcab0b0fd0793b9d6fb/elements - {"using":"xpath","value":"//input[contains(@id,\"smartFilterBar-btnBasicSearch-I\")]"}
RESULT: {"using":"xpath","value":"//input[contains(@id,\"smartFilterBar-btnBasicSearch-I\")]"}
COMMAND: POST /session/f3202076f2355fcab0b0fd0793b9d6fb/elements - {"using":"xpath","value":"//input[contains(@id,\"smartFilterBar-btnBasicSearch-I\")]"}
RESULT: {"using":"xpath","value":"//input[contains(@id,\"smartFilterBar-btnBasicSearch-I\")]"}
COMMAND: POST /session/f3202076f2355fcab0b0fd0793b9d6fb/elements - {"using":"xpath","value":"//input[contains(@id,\"smartFilterBar-btnBasicSearch-I\")]"}
RESULT: {"using":"xpath","value":"//input[contains(@id,\"smartFilterBar-btnBasicSearch-I\")]"}
COMMAND: POST /session/f3202076f2355fcab0b0fd0793b9d6fb/elements - {"using":"xpath","value":"//input[contains(@id,\"smartFilterBar-btnBasicSearch-I\")]"}
RESULT: {"using":"xpath","value":"//input[contains(@id,\"smartFilterBar-btnBasicSearch-I\")]"}
COMMAND: POST /session/f3202076f2355fcab0b0fd0793b9d6fb/elements - {"using":"xpath","value":"//input[contains(@id,\"smartFilterBar-btnBasicSearch-I\")]"}
RESULT: {"using":"xpath","value":"//input[contains(@id,\"smartFilterBar-btnBasicSearch-I\")]"}
COMMAND: POST /session/f3202076f2355fcab0b0fd0793b9d6fb/elements - {"using":"xpath","value":"//input[contains(@id,\"smartFilterBar-btnBasicSearch-I\")]"}
RESULT: {"using":"xpath","value":"//input[contains(@id,\"smartFilterBar-btnBasicSearch-I\")]"}
COMMAND: POST /session/f3202076f2355fcab0b0fd0793b9d6fb/elements - {"using":"xpath","value":"//input[contains(@id,\"smartFilterBar-btnBasicSearch-I\")]"}
RESULT: {"using":"xpath","value":"//input[contains(@id,\"smartFilterBar-btnBasicSearch-I\")]"}
COMMAND: POST /session/f3202076f2355fcab0b0fd0793b9d6fb/elements - {"using":"xpath","value":"//input[contains(@id,\"smartFilterBar-btnBasicSearch-I\")]"}
RESULT: {"using":"xpath","value":"//input[contains(@id,\"smartFilterBar-btnBasicSearch-I\")]"}
COMMAND: POST /session/f3202076f2355fcab0b0fd0793b9d6fb/elements - {"using":"xpath","value":"//input[contains(@id,\"smartFilterBar-btnBasicSearch-I\")]"}
RESULT: {"using":"xpath","value":"//input[contains(@id,\"smartFilterBar-btnBasicSearch-I\")]"}
COMMAND: POST /session/f3202076f2355fcab0b0fd0793b9d6fb/elements - {"using":"xpath","value":"//input[contains(@id,\"smartFilterBar-btnBasicSearch-I\")]"}
RESULT: {"using":"xpath","value":"//input[contains(@id,\"smartFilterBar-btnBasicSearch-I\")]"}
COMMAND: POST /session/f3202076f2355fcab0b0fd0793b9d6fb/elements - {"using":"xpath","value":"//input[contains(@id,\"smartFilterBar-btnBasicSearch-I\")]"}
RESULT: {"using":"xpath","value":"//input[contains(@id,\"smartFilterBar-btnBasicSearch-I\")]"}
COMMAND: POST /session/f3202076f2355fcab0b0fd0793b9d6fb/elements - {"using":"xpath","value":"//input[contains(@id,\"smartFilterBar-btnBasicSearch-I\")]"}
RESULT: {"using":"xpath","value":"//input[contains(@id,\"smartFilterBar-btnBasicSearch-I\")]"}
COMMAND: POST /session/f3202076f2355fcab0b0fd0793b9d6fb/elements - {"using":"xpath","value":"//input[contains(@id,\"smartFilterBar-btnBasicSearch-I\")]"}
RESULT: {"using":"xpath","value":"//input[contains(@id,\"smartFilterBar-btnBasicSearch-I\")]"}
COMMAND: POST /session/f3202076f2355fcab0b0fd0793b9d6fb/elements - {"using":"xpath","value":"//input[contains(@id,\"smartFilterBar-btnBasicSearch-I\")]"}
RESULT: {"using":"xpath","value":"//input[contains(@id,\"smartFilterBar-btnBasicSearch-I\")]"}
COMMAND: POST /session/f3202076f2355fcab0b0fd0793b9d6fb/elements - {"using":"xpath","value":"//input[contains(@id,\"smartFilterBar-btnBasicSearch-I\")]"}
RESULT: {"using":"xpath","value":"//input[contains(@id,\"smartFilterBar-btnBasicSearch-I\")]"}
COMMAND: POST /session/f3202076f2355fcab0b0fd0793b9d6fb/elements - {"using":"xpath","value":"//input[contains(@id,\"smartFilterBar-btnBasicSearch-I\")]"}
RESULT: {"using":"xpath","value":"//input[contains(@id,\"smartFilterBar-btnBasicSearch-I\")]"}
COMMAND: POST /session/f3202076f2355fcab0b0fd0793b9d6fb/elements - {"using":"xpath","value":"//input[contains(@id,\"smartFilterBar-btnBasicSearch-I\")]"}
RESULT: {"using":"xpath","value":"//input[contains(@id,\"smartFilterBar-btnBasicSearch-I\")]"}
COMMAND: POST /session/f3202076f2355fcab0b0fd0793b9d6fb/elements - {"using":"xpath","value":"//input[contains(@id,\"smartFilterBar-btnBasicSearch-I\")]"}
RESULT: {"using":"xpath","value":"//input[contains(@id,\"smartFilterBar-btnBasicSearch-I\")]"}
COMMAND: POST /session/f3202076f2355fcab0b0fd0793b9d6fb/elements - {"using":"xpath","value":"//input[contains(@id,\"smartFilterBar-btnBasicSearch-I\")]"}
RESULT: {"using":"xpath","value":"//input[contains(@id,\"smartFilterBar-btnBasicSearch-I\")]"}
COMMAND: POST /session/f3202076f2355fcab0b0fd0793b9d6fb/elements - {"using":"xpath","value":"//input[contains(@id,\"smartFilterBar-btnBasicSearch-I\")]"}
RESULT: {"using":"xpath","value":"//input[contains(@id,\"smartFilterBar-btnBasicSearch-I\")]"}
COMMAND: POST /session/f3202076f2355fcab0b0fd0793b9d6fb/elements - {"using":"xpath","value":"//input[contains(@id,\"smartFilterBar-btnBasicSearch-I\")]"}
RESULT: {"using":"xpath","value":"//input[contains(@id,\"smartFilterBar-btnBasicSearch-I\")]"}
COMMAND: POST /session/f3202076f2355fcab0b0fd0793b9d6fb/elements - {"using":"xpath","value":"//input[contains(@id,\"smartFilterBar-btnBasicSearch-I\")]"}
RESULT: {"using":"xpath","value":"//input[contains(@id,\"smartFilterBar-btnBasicSearch-I\")]"}
COMMAND: POST /session/f3202076f2355fcab0b0fd0793b9d6fb/element - {"using":"xpath","value":"//input[contains(@id,\"smartFilterBar-btnBasicSearch-I\")]"}
RESULT: {"using":"xpath","value":"//input[contains(@id,\"smartFilterBar-btnBasicSearch-I\")]"}
COMMAND: POST /session/f3202076f2355fcab0b0fd0793b9d6fb/execute/sync - {"script":"<script> [8489 bytes]","args":[{"element-6066-11e4-a52e-4f735466cecf":"f.BC27547D6C1B912B5E2C3A56E82E8398.d.C8D289DE4624F825F3736BA977B262AB.e.5596","ELEMENT":"f.BC27547D6C1B912B5E2C3A56E82E8398.d.C8D289DE4624F825F3736BA977B262AB.e.5596"}]}
RESULT: {"script":"<script> [8489 bytes]","args":[{"element-6066-11e4-a52e-4f735466cecf":"f.BC27547D6C1B912B5E2C3A56E82E8398.d.C8D289DE4624F825F3736BA977B262AB.e.5596","ELEMENT":"f.BC27547D6C1B912B5E2C3A56E82E8398.d.C8D289DE4624F825F3736BA977B262AB.e.5596"}]}
COMMAND: GET /session/f3202076f2355fcab0b0fd0793b9d6fb/element/f.BC27547D6C1B912B5E2C3A56E82E8398.d.C8D289DE4624F825F3736BA977B262AB.e.5596/enabled - {}
COMMAND: GET /session/f3202076f2355fcab0b0fd0793b9d6fb/screenshot - {}
RESULT: {}
COMMAND: POST /session/f3202076f2355fcab0b0fd0793b9d6fb/execute/sync - {"script":"<script> [8489 bytes]","args":[{"element-6066-11e4-a52e-4f735466cecf":"f.BC27547D6C1B912B5E2C3A56E82E8398.d.C8D289DE4624F825F3736BA977B262AB.e.5596","ELEMENT":"f.BC27547D6C1B912B5E2C3A56E82E8398.d.C8D289DE4624F825F3736BA977B262AB.e.5596"}]}
COMMAND: GET /session/f3202076f2355fcab0b0fd0793b9d6fb/screenshot - {}
RESULT: {}
RESULT: {"script":"<script> [8489 bytes]","args":[{"element-6066-11e4-a52e-4f735466cecf":"f.BC27547D6C1B912B5E2C3A56E82E8398.d.C8D289DE4624F825F3736BA977B262AB.e.5596","ELEMENT":"f.BC27547D6C1B912B5E2C3A56E82E8398.d.C8D289DE4624F825F3736BA977B262AB.e.5596"}]}
COMMAND: POST /session/f3202076f2355fcab0b0fd0793b9d6fb/execute/sync - {"script":"<script> [5351 bytes]","args":[{"element-6066-11e4-a52e-4f735466cecf":"f.BC27547D6C1B912B5E2C3A56E82E8398.d.C8D289DE4624F825F3736BA977B262AB.e.5596","ELEMENT":"f.BC27547D6C1B912B5E2C3A56E82E8398.d.C8D289DE4624F825F3736BA977B262AB.e.5596"}]}
COMMAND: GET /session/f3202076f2355fcab0b0fd0793b9d6fb/screenshot - {}
RESULT: {}
RESULT: {"script":"<script> [5351 bytes]","args":[{"element-6066-11e4-a52e-4f735466cecf":"f.BC27547D6C1B912B5E2C3A56E82E8398.d.C8D289DE4624F825F3736BA977B262AB.e.5596","ELEMENT":"f.BC27547D6C1B912B5E2C3A56E82E8398.d.C8D289DE4624F825F3736BA977B262AB.e.5596"}]}
COMMAND: GET /session/f3202076f2355fcab0b0fd0793b9d6fb/screenshot - {}
RESULT: {}
RESULT: {}
COMMAND: POST /session/f3202076f2355fcab0b0fd0793b9d6fb/element/f.BC27547D6C1B912B5E2C3A56E82E8398.d.C8D289DE4624F825F3736BA977B262AB.e.5596/clear - {}
RESULT: {}
COMMAND: POST /session/f3202076f2355fcab0b0fd0793b9d6fb/element/f.BC27547D6C1B912B5E2C3A56E82E8398.d.C8D289DE4624F825F3736BA977B262AB.e.5596/value - {"text":"2235"}
COMMAND: GET /session/f3202076f2355fcab0b0fd0793b9d6fb/screenshot - {}
RESULT: {"text":"2235"}
COMMAND: GET /session/f3202076f2355fcab0b0fd0793b9d6fb/screenshot - {}
RESULT: {}
RESULT: {}
COMMAND: POST /session/f3202076f2355fcab0b0fd0793b9d6fb/actions - {"actions":[{"id":"action15","type":"key","parameters":{},"actions":[{"type":"keyDown","value":"î€‡"},{"type":"pause","duration":10},{"type":"keyUp","value":"î€‡"}]}]}
RESULT: {"actions":[{"id":"action15","type":"key","parameters":{},"actions":[{"type":"keyDown","value":"î€‡"},{"type":"pause","duration":10},{"type":"keyUp","value":"î€‡"}]}]}
COMMAND: GET /session/f3202076f2355fcab0b0fd0793b9d6fb/screenshot - {}
COMMAND: POST /session/f3202076f2355fcab0b0fd0793b9d6fb/element - {"using":"xpath","value":"//span[contains(@id, \"smartTable-header-inner\")]"}
RESULT: {}
RESULT: {"using":"xpath","value":"//span[contains(@id, \"smartTable-header-inner\")]"}
COMMAND: POST /session/f3202076f2355fcab0b0fd0793b9d6fb/elements - {"using":"xpath","value":"//span[contains(@id, \"smartTable-header-inner\")]"}
RESULT: {"using":"xpath","value":"//span[contains(@id, \"smartTable-header-inner\")]"}
COMMAND: POST /session/f3202076f2355fcab0b0fd0793b9d6fb/execute/sync - {"script":"<script> [56 bytes]","args":[{"element-6066-11e4-a52e-4f735466cecf":"f.BC27547D6C1B912B5E2C3A56E82E8398.d.C8D289DE4624F825F3736BA977B262AB.e.5703","ELEMENT":"f.BC27547D6C1B912B5E2C3A56E82E8398.d.C8D289DE4624F825F3736BA977B262AB.e.5703"}]}
RESULT: {"script":"<script> [56 bytes]","args":[{"element-6066-11e4-a52e-4f735466cecf":"f.BC27547D6C1B912B5E2C3A56E82E8398.d.C8D289DE4624F825F3736BA977B262AB.e.5703","ELEMENT":"f.BC27547D6C1B912B5E2C3A56E82E8398.d.C8D289DE4624F825F3736BA977B262AB.e.5703"}]}
COMMAND: POST /session/f3202076f2355fcab0b0fd0793b9d6fb/element - {"using":"xpath","value":"(//span[contains(@id, \"imgNav\")])[1]"}
COMMAND: GET /session/f3202076f2355fcab0b0fd0793b9d6fb/screenshot - {}
RESULT: {"using":"xpath","value":"(//span[contains(@id, \"imgNav\")])[1]"}
COMMAND: POST /session/f3202076f2355fcab0b0fd0793b9d6fb/element/f.BC27547D6C1B912B5E2C3A56E82E8398.d.C8D289DE4624F825F3736BA977B262AB.e.5702/click - {}
RESULT: {}
RESULT: {}
COMMAND: GET /session/f3202076f2355fcab0b0fd0793b9d6fb/screenshot - {}
RESULT: {}
COMMAND: POST /session/f3202076f2355fcab0b0fd0793b9d6fb/execute/async - {"script":"<script> [1562 bytes]","args":[{"selector":{"id":"application-siteinventory-display-component---detailSiteInventory--onSite-triggerAction-returnBtn","interaction":{"idSuffix":"BDI-content"}},"wdio_ui5_key":"applicationsiteinventory-display-component---detailSiteInventory--onSite-triggerAction-returnBtn"}]}
RESULT: {"script":"<script> [1562 bytes]","args":[{"selector":{"id":"application-siteinventory-display-component---detailSiteInventory--onSite-triggerAction-returnBtn","interaction":{"idSuffix":"BDI-content"}},"wdio_ui5_key":"applicationsiteinventory-display-component---detailSiteInventory--onSite-triggerAction-returnBtn"}]}
RESULT: undefined
COMMAND: POST /session/f3202076f2355fcab0b0fd0793b9d6fb/element - {"using":"xpath","value":"//*[@id=\"application-siteinventory-display-component---detailSiteInventory--onSite-triggerAction-returnBtn\"]"}
RESULT: {"using":"xpath","value":"//*[@id=\"application-siteinventory-display-component---detailSiteInventory--onSite-triggerAction-returnBtn\"]"}
COMMAND: POST /session/f3202076f2355fcab0b0fd0793b9d6fb/element/f.BC27547D6C1B912B5E2C3A56E82E8398.d.C8D289DE4624F825F3736BA977B262AB.e.5735/click - {}
RESULT: {}
COMMAND: GET /session/f3202076f2355fcab0b0fd0793b9d6fb/screenshot - {}
RESULT: {}
COMMAND: POST /session/f3202076f2355fcab0b0fd0793b9d6fb/execute/async - {"script":"<script> [1562 bytes]","args":[{"selector":{"id":"application-siteinventory-display-component---detailSiteInventory--smartSiteHoItemsTable-sa","interaction":{"idSuffix":"CbBg"}},"wdio_ui5_key":"applicationsiteinventory-display-component---detailSiteInventory--smartSiteHoItemsTable-sa"}]}
RESULT: {"script":"<script> [1562 bytes]","args":[{"selector":{"id":"application-siteinventory-display-component---detailSiteInventory--smartSiteHoItemsTable-sa","interaction":{"idSuffix":"CbBg"}},"wdio_ui5_key":"applicationsiteinventory-display-component---detailSiteInventory--smartSiteHoItemsTable-sa"}]}
RESULT: undefined
COMMAND: POST /session/f3202076f2355fcab0b0fd0793b9d6fb/element - {"using":"xpath","value":"//*[@id=\"application-siteinventory-display-component---detailSiteInventory--smartSiteHoItemsTable-sa\"]"}
RESULT: {"using":"xpath","value":"//*[@id=\"application-siteinventory-display-component---detailSiteInventory--smartSiteHoItemsTable-sa\"]"}
COMMAND: POST /session/f3202076f2355fcab0b0fd0793b9d6fb/element/f.BC27547D6C1B912B5E2C3A56E82E8398.d.C8D289DE4624F825F3736BA977B262AB.e.5821/click - {}
RESULT: {}
COMMAND: GET /session/f3202076f2355fcab0b0fd0793b9d6fb/screenshot - {}
RESULT: {}
RESULT: undefined
COMMAND: POST /session/f3202076f2355fcab0b0fd0793b9d6fb/element - {"using":"xpath","value":"//*[@id=\"application-siteinventory-display-component---detailSiteInventory--onSite-triggerAction-returnBtn\"]"}
RESULT: {"using":"xpath","value":"//*[@id=\"application-siteinventory-display-component---detailSiteInventory--onSite-triggerAction-returnBtn\"]"}
COMMAND: POST /session/f3202076f2355fcab0b0fd0793b9d6fb/element/f.BC27547D6C1B912B5E2C3A56E82E8398.d.C8D289DE4624F825F3736BA977B262AB.e.5735/click - {}
RESULT: {}
COMMAND: GET /session/f3202076f2355fcab0b0fd0793b9d6fb/screenshot - {}
RESULT: {}
COMMAND: POST /session/f3202076f2355fcab0b0fd0793b9d6fb/actions - {"actions":[{"id":"action16","type":"key","parameters":{},"actions":[{"type":"keyDown","value":"î€‡"},{"type":"pause","duration":10},{"type":"keyUp","value":"î€‡"}]}]}
RESULT: {"actions":[{"id":"action16","type":"key","parameters":{},"actions":[{"type":"keyDown","value":"î€‡"},{"type":"pause","duration":10},{"type":"keyUp","value":"î€‡"}]}]}
COMMAND: GET /session/f3202076f2355fcab0b0fd0793b9d6fb/screenshot - {}
RESULT: {}
COMMAND: POST /session/f3202076f2355fcab0b0fd0793b9d6fb/execute/async - {"script":"<script> [1562 bytes]","args":[{"selector":{"id":"application-siteinventory-display-component---detailSiteInventory--hoItemsSmartTable-btnPersonalisation-img"},"wdio_ui5_key":"applicationsiteinventory-display-component---detailSiteInventory--hoItemsSmartTable-btnPersonalisation-img"}]}
RESULT: {"script":"<script> [1562 bytes]","args":[{"selector":{"id":"application-siteinventory-display-component---detailSiteInventory--hoItemsSmartTable-btnPersonalisation-img"},"wdio_ui5_key":"applicationsiteinventory-display-component---detailSiteInventory--hoItemsSmartTable-btnPersonalisation-img"}]}
RESULT: undefined
COMMAND: POST /session/f3202076f2355fcab0b0fd0793b9d6fb/element - {"using":"xpath","value":"//*[@id=\"application-siteinventory-display-component---detailSiteInventory--hoItemsSmartTable-btnPersonalisation-img\"]"}
RESULT: {"using":"xpath","value":"//*[@id=\"application-siteinventory-display-component---detailSiteInventory--hoItemsSmartTable-btnPersonalisation-img\"]"}
COMMAND: POST /session/f3202076f2355fcab0b0fd0793b9d6fb/element/f.BC27547D6C1B912B5E2C3A56E82E8398.d.C8D289DE4624F825F3736BA977B262AB.e.5744/click - {}
RESULT: {}
COMMAND: GET /session/f3202076f2355fcab0b0fd0793b9d6fb/screenshot - {}
RESULT: {}
COMMAND: POST /session/f3202076f2355fcab0b0fd0793b9d6fb/element - {"using":"xpath","value":"//input[contains(@id ,\"searchField-I\")]"}
RESULT: {"using":"xpath","value":"//input[contains(@id ,\"searchField-I\")]"}
COMMAND: POST /session/f3202076f2355fcab0b0fd0793b9d6fb/element/f.BC27547D6C1B912B5E2C3A56E82E8398.d.C8D289DE4624F825F3736BA977B262AB.e.5829/clear - {}
RESULT: {}
COMMAND: POST /session/f3202076f2355fcab0b0fd0793b9d6fb/element/f.BC27547D6C1B912B5E2C3A56E82E8398.d.C8D289DE4624F825F3736BA977B262AB.e.5829/value - {"text":"Handover Returned"}
COMMAND: GET /session/f3202076f2355fcab0b0fd0793b9d6fb/screenshot - {}
RESULT: {"text":"Handover Returned"}
COMMAND: GET /session/f3202076f2355fcab0b0fd0793b9d6fb/screenshot - {}
RESULT: {}
RESULT: {}
COMMAND: POST /session/f3202076f2355fcab0b0fd0793b9d6fb/element - {"using":"xpath","value":"//div[contains(@id ,\"innerSelectionPanelTable-sa-CbBg\")]"}
RESULT: {"using":"xpath","value":"//div[contains(@id ,\"innerSelectionPanelTable-sa-CbBg\")]"}
COMMAND: POST /session/f3202076f2355fcab0b0fd0793b9d6fb/element/f.BC27547D6C1B912B5E2C3A56E82E8398.d.C8D289DE4624F825F3736BA977B262AB.e.5854/click - {}
RESULT: {}
COMMAND: POST /session/f3202076f2355fcab0b0fd0793b9d6fb/execute/async - {"script":"<script> [1562 bytes]","args":[{"selector":{"controlType":"sap.m.Button","viewName":"etm.portal.ui.siteinventory.view.Detail","viewId":"application-siteinventory-display-component---detailSiteInventory","properties":{"text":"OK"},"searchOpenDialogs":true,"interaction":{"idSuffix":"BDI-content"}},"wdio_ui5_key":"etmportal.ui.siteinventory.view.Detailsap.m.Button{\"text\":\"OK\"}"}]}
COMMAND: GET /session/f3202076f2355fcab0b0fd0793b9d6fb/screenshot - {}
RESULT: {"script":"<script> [1562 bytes]","args":[{"selector":{"controlType":"sap.m.Button","viewName":"etm.portal.ui.siteinventory.view.Detail","viewId":"application-siteinventory-display-component---detailSiteInventory","properties":{"text":"OK"},"searchOpenDialogs":true,"interaction":{"idSuffix":"BDI-content"}},"wdio_ui5_key":"etmportal.ui.siteinventory.view.Detailsap.m.Button{\"text\":\"OK\"}"}]}
RESULT: undefined
COMMAND: POST /session/f3202076f2355fcab0b0fd0793b9d6fb/element - {"using":"xpath","value":"//*[@id=\"__popup37-confirmBtn\"]"}
RESULT: {}
RESULT: {"using":"xpath","value":"//*[@id=\"__popup37-confirmBtn\"]"}
COMMAND: POST /session/f3202076f2355fcab0b0fd0793b9d6fb/element/f.BC27547D6C1B912B5E2C3A56E82E8398.d.C8D289DE4624F825F3736BA977B262AB.e.5856/click - {}
RESULT: {}
COMMAND: GET /session/f3202076f2355fcab0b0fd0793b9d6fb/screenshot - {}
RESULT: {}
COMMAND: POST /session/f3202076f2355fcab0b0fd0793b9d6fb/element - {"using":"css selector","value":"#shell-header-logo"}
RESULT: {"using":"css selector","value":"#shell-header-logo"}
COMMAND: POST /session/f3202076f2355fcab0b0fd0793b9d6fb/element/f.BC27547D6C1B912B5E2C3A56E82E8398.d.C8D289DE4624F825F3736BA977B262AB.e.5480/click - {}
RESULT: {}
COMMAND: GET /session/f3202076f2355fcab0b0fd0793b9d6fb/screenshot - {}
RESULT: {}
COMMAND: POST /session/f3202076f2355fcab0b0fd0793b9d6fb/execute/async - {"script":"<script> [1562 bytes]","args":[{"selector":{"controlType":"sap.m.GenericTile","properties":{"header":"Manage Handovers"}},"wdio_ui5_key":"sapm.GenericTile{\"header\":\"Manage Handovers\"}"}]}
RESULT: {"script":"<script> [1562 bytes]","args":[{"selector":{"controlType":"sap.m.GenericTile","properties":{"header":"Manage Handovers"}},"wdio_ui5_key":"sapm.GenericTile{\"header\":\"Manage Handovers\"}"}]}
RESULT: undefined
COMMAND: POST /session/f3202076f2355fcab0b0fd0793b9d6fb/element - {"using":"xpath","value":"//*[@id=\"__tile133\"]"}
RESULT: {"using":"xpath","value":"//*[@id=\"__tile133\"]"}
COMMAND: POST /session/f3202076f2355fcab0b0fd0793b9d6fb/element/f.BC27547D6C1B912B5E2C3A56E82E8398.d.C8D289DE4624F825F3736BA977B262AB.e.5519/click - {}
RESULT: {}
COMMAND: GET /session/f3202076f2355fcab0b0fd0793b9d6fb/screenshot - {}
RESULT: {}
COMMAND: POST /session/f3202076f2355fcab0b0fd0793b9d6fb/elements - {"using":"xpath","value":"//span[text()='Error']"}
RESULT: {"using":"xpath","value":"//span[text()='Error']"}
COMMAND: POST /session/f3202076f2355fcab0b0fd0793b9d6fb/element - {"using":"xpath","value":"//button[@data-kt=\"masterHOAddButton\"]"}
RESULT: {"using":"xpath","value":"//button[@data-kt=\"masterHOAddButton\"]"}
COMMAND: POST /session/f3202076f2355fcab0b0fd0793b9d6fb/elements - {"using":"xpath","value":"//button[@data-kt=\"masterHOAddButton\"]"}
RESULT: {"using":"xpath","value":"//button[@data-kt=\"masterHOAddButton\"]"}
COMMAND: POST /session/f3202076f2355fcab0b0fd0793b9d6fb/execute/sync - {"script":"<script> [8489 bytes]","args":[{"element-6066-11e4-a52e-4f735466cecf":"f.BC27547D6C1B912B5E2C3A56E82E8398.d.C8D289DE4624F825F3736BA977B262AB.e.5903","ELEMENT":"f.BC27547D6C1B912B5E2C3A56E82E8398.d.C8D289DE4624F825F3736BA977B262AB.e.5903"}]}
RESULT: {"script":"<script> [8489 bytes]","args":[{"element-6066-11e4-a52e-4f735466cecf":"f.BC27547D6C1B912B5E2C3A56E82E8398.d.C8D289DE4624F825F3736BA977B262AB.e.5903","ELEMENT":"f.BC27547D6C1B912B5E2C3A56E82E8398.d.C8D289DE4624F825F3736BA977B262AB.e.5903"}]}
COMMAND: GET /session/f3202076f2355fcab0b0fd0793b9d6fb/element/f.BC27547D6C1B912B5E2C3A56E82E8398.d.C8D289DE4624F825F3736BA977B262AB.e.5903/enabled - {}
COMMAND: GET /session/f3202076f2355fcab0b0fd0793b9d6fb/screenshot - {}
RESULT: {}
COMMAND: POST /session/f3202076f2355fcab0b0fd0793b9d6fb/execute/sync - {"script":"<script> [8489 bytes]","args":[{"element-6066-11e4-a52e-4f735466cecf":"f.BC27547D6C1B912B5E2C3A56E82E8398.d.C8D289DE4624F825F3736BA977B262AB.e.5903","ELEMENT":"f.BC27547D6C1B912B5E2C3A56E82E8398.d.C8D289DE4624F825F3736BA977B262AB.e.5903"}]}
COMMAND: GET /session/f3202076f2355fcab0b0fd0793b9d6fb/screenshot - {}
RESULT: {}
RESULT: {"script":"<script> [8489 bytes]","args":[{"element-6066-11e4-a52e-4f735466cecf":"f.BC27547D6C1B912B5E2C3A56E82E8398.d.C8D289DE4624F825F3736BA977B262AB.e.5903","ELEMENT":"f.BC27547D6C1B912B5E2C3A56E82E8398.d.C8D289DE4624F825F3736BA977B262AB.e.5903"}]}
COMMAND: POST /session/f3202076f2355fcab0b0fd0793b9d6fb/execute/sync - {"script":"<script> [5351 bytes]","args":[{"element-6066-11e4-a52e-4f735466cecf":"f.BC27547D6C1B912B5E2C3A56E82E8398.d.C8D289DE4624F825F3736BA977B262AB.e.5903","ELEMENT":"f.BC27547D6C1B912B5E2C3A56E82E8398.d.C8D289DE4624F825F3736BA977B262AB.e.5903"}]}
COMMAND: GET /session/f3202076f2355fcab0b0fd0793b9d6fb/screenshot - {}
RESULT: {}
RESULT: {"script":"<script> [5351 bytes]","args":[{"element-6066-11e4-a52e-4f735466cecf":"f.BC27547D6C1B912B5E2C3A56E82E8398.d.C8D289DE4624F825F3736BA977B262AB.e.5903","ELEMENT":"f.BC27547D6C1B912B5E2C3A56E82E8398.d.C8D289DE4624F825F3736BA977B262AB.e.5903"}]}
RESULT: {}
COMMAND: GET /session/f3202076f2355fcab0b0fd0793b9d6fb/screenshot - {}
RESULT: {}
COMMAND: POST /session/f3202076f2355fcab0b0fd0793b9d6fb/element - {"using":"xpath","value":"//span[contains(@id ,\"filterItemControl_BASIC-SEND_CONTRACT-vhi\")]"}
RESULT: {"using":"xpath","value":"//span[contains(@id ,\"filterItemControl_BASIC-SEND_CONTRACT-vhi\")]"}
COMMAND: POST /session/f3202076f2355fcab0b0fd0793b9d6fb/element/f.BC27547D6C1B912B5E2C3A56E82E8398.d.C8D289DE4624F825F3736BA977B262AB.e.5936/click - {}
RESULT: {}
COMMAND: GET /session/f3202076f2355fcab0b0fd0793b9d6fb/screenshot - {}
RESULT: {}
COMMAND: POST /session/f3202076f2355fcab0b0fd0793b9d6fb/execute/async - {"script":"<script> [1562 bytes]","args":[{"selector":{"controlType":"sap.m.SearchField","viewName":"etm.portal.ui.managehandovers.view.MasterHO","bindingPath":{"path":"","propertyPath":"/_BASIC_SEARCH_FIELD","modelName":"fi1t3rM0d31"},"searchOpenDialogs":true,"interaction":{"idSuffix":"I"}},"wdio_ui5_key":"etmportal.ui.managehandovers.view.MasterHOsap.m.SearchField{\"path\":\"\",\"propertyPath\":\"/_BASIC_SEARCH_FIELD\",\"modelName\":\"fi1t3rM0d31\"}"}]}
RESULT: {"script":"<script> [1562 bytes]","args":[{"selector":{"controlType":"sap.m.SearchField","viewName":"etm.portal.ui.managehandovers.view.MasterHO","bindingPath":{"path":"","propertyPath":"/_BASIC_SEARCH_FIELD","modelName":"fi1t3rM0d31"},"searchOpenDialogs":true,"interaction":{"idSuffix":"I"}},"wdio_ui5_key":"etmportal.ui.managehandovers.view.MasterHOsap.m.SearchField{\"path\":\"\",\"propertyPath\":\"/_BASIC_SEARCH_FIELD\",\"modelName\":\"fi1t3rM0d31\"}"}]}
RESULT: undefined
COMMAND: POST /session/f3202076f2355fcab0b0fd0793b9d6fb/execute/async - {"script":"<script> [776 bytes]","args":[{"enterText":"10325","selector":{"controlType":"sap.m.SearchField","viewName":"etm.portal.ui.managehandovers.view.MasterHO","bindingPath":{"path":"","propertyPath":"/_BASIC_SEARCH_FIELD","modelName":"fi1t3rM0d31"},"searchOpenDialogs":true,"interaction":{"idSuffix":"I"}},"clearTextFirst":true,"interactionType":"ENTER_TEXT"}]}
RESULT: {"script":"<script> [776 bytes]","args":[{"enterText":"10325","selector":{"controlType":"sap.m.SearchField","viewName":"etm.portal.ui.managehandovers.view.MasterHO","bindingPath":{"path":"","propertyPath":"/_BASIC_SEARCH_FIELD","modelName":"fi1t3rM0d31"},"searchOpenDialogs":true,"interaction":{"idSuffix":"I"}},"clearTextFirst":true,"interactionType":"ENTER_TEXT"}]}
COMMAND: POST /session/f3202076f2355fcab0b0fd0793b9d6fb/actions - {"actions":[{"id":"action17","type":"key","parameters":{},"actions":[{"type":"keyDown","value":"î€‡"},{"type":"pause","duration":10},{"type":"keyUp","value":"î€‡"}]}]}
RESULT: {"actions":[{"id":"action17","type":"key","parameters":{},"actions":[{"type":"keyDown","value":"î€‡"},{"type":"pause","duration":10},{"type":"keyUp","value":"î€‡"}]}]}
COMMAND: GET /session/f3202076f2355fcab0b0fd0793b9d6fb/screenshot - {}
RESULT: {}
COMMAND: POST /session/f3202076f2355fcab0b0fd0793b9d6fb/element - {"using":"xpath","value":"//div[contains(@id, 'filterItemControl_BASIC-SEND_CONTRACT-valueHelpDialog-table-rowsel0')]"}
RESULT: {"using":"xpath","value":"//div[contains(@id, 'filterItemControl_BASIC-SEND_CONTRACT-valueHelpDialog-table-rowsel0')]"}
COMMAND: POST /session/f3202076f2355fcab0b0fd0793b9d6fb/element/f.BC27547D6C1B912B5E2C3A56E82E8398.d.C8D289DE4624F825F3736BA977B262AB.e.5947/click - {}
RESULT: {}
COMMAND: GET /session/f3202076f2355fcab0b0fd0793b9d6fb/screenshot - {}
RESULT: {}
COMMAND: POST /session/f3202076f2355fcab0b0fd0793b9d6fb/element - {"using":"xpath","value":"//bdi[contains(text(), \"OK\")]"}
RESULT: {"using":"xpath","value":"//bdi[contains(text(), \"OK\")]"}
COMMAND: POST /session/f3202076f2355fcab0b0fd0793b9d6fb/element/f.BC27547D6C1B912B5E2C3A56E82E8398.d.C8D289DE4624F825F3736BA977B262AB.e.5949/click - {}
RESULT: {}
COMMAND: GET /session/f3202076f2355fcab0b0fd0793b9d6fb/screenshot - {}
RESULT: {}
COMMAND: POST /session/f3202076f2355fcab0b0fd0793b9d6fb/element - {"using":"xpath","value":"//span[contains(@id, \"smartTable-header-inner\")]"}
RESULT: {"using":"xpath","value":"//span[contains(@id, \"smartTable-header-inner\")]"}
COMMAND: POST /session/f3202076f2355fcab0b0fd0793b9d6fb/elements - {"using":"xpath","value":"//span[contains(@id, \"smartTable-header-inner\")]"}
RESULT: {"using":"xpath","value":"//span[contains(@id, \"smartTable-header-inner\")]"}
COMMAND: POST /session/f3202076f2355fcab0b0fd0793b9d6fb/execute/sync - {"script":"<script> [56 bytes]","args":[{"element-6066-11e4-a52e-4f735466cecf":"f.BC27547D6C1B912B5E2C3A56E82E8398.d.C8D289DE4624F825F3736BA977B262AB.e.5989","ELEMENT":"f.BC27547D6C1B912B5E2C3A56E82E8398.d.C8D289DE4624F825F3736BA977B262AB.e.5989"}]}
RESULT: {"script":"<script> [56 bytes]","args":[{"element-6066-11e4-a52e-4f735466cecf":"f.BC27547D6C1B912B5E2C3A56E82E8398.d.C8D289DE4624F825F3736BA977B262AB.e.5989","ELEMENT":"f.BC27547D6C1B912B5E2C3A56E82E8398.d.C8D289DE4624F825F3736BA977B262AB.e.5989"}]}
COMMAND: POST /session/f3202076f2355fcab0b0fd0793b9d6fb/element - {"using":"xpath","value":"//table[contains(@id, \"customHandovers\")]//tbody/tr[1]/td[2]/span"}
COMMAND: GET /session/f3202076f2355fcab0b0fd0793b9d6fb/screenshot - {}
RESULT: {"using":"xpath","value":"//table[contains(@id, \"customHandovers\")]//tbody/tr[1]/td[2]/span"}
COMMAND: POST /session/f3202076f2355fcab0b0fd0793b9d6fb/execute/sync - {"script":"<script> [56 bytes]","args":[{"element-6066-11e4-a52e-4f735466cecf":"f.BC27547D6C1B912B5E2C3A56E82E8398.d.C8D289DE4624F825F3736BA977B262AB.e.5990","ELEMENT":"f.BC27547D6C1B912B5E2C3A56E82E8398.d.C8D289DE4624F825F3736BA977B262AB.e.5990"}]}
RESULT: {}
RESULT: {"script":"<script> [56 bytes]","args":[{"element-6066-11e4-a52e-4f735466cecf":"f.BC27547D6C1B912B5E2C3A56E82E8398.d.C8D289DE4624F825F3736BA977B262AB.e.5990","ELEMENT":"f.BC27547D6C1B912B5E2C3A56E82E8398.d.C8D289DE4624F825F3736BA977B262AB.e.5990"}]}
COMMAND: POST /session/f3202076f2355fcab0b0fd0793b9d6fb/element - {"using":"xpath","value":"(//span[contains(@id, \"imgNav\")])[1]"}
COMMAND: GET /session/f3202076f2355fcab0b0fd0793b9d6fb/screenshot - {}
RESULT: {"using":"xpath","value":"(//span[contains(@id, \"imgNav\")])[1]"}
COMMAND: POST /session/f3202076f2355fcab0b0fd0793b9d6fb/element/f.BC27547D6C1B912B5E2C3A56E82E8398.d.C8D289DE4624F825F3736BA977B262AB.e.5988/click - {}
RESULT: {}
RESULT: {}
COMMAND: GET /session/f3202076f2355fcab0b0fd0793b9d6fb/screenshot - {}
COMMAND: POST /session/f3202076f2355fcab0b0fd0793b9d6fb/execute/async - {"script":"<script> [1562 bytes]","args":[{"selector":{"id":"issueDatePicker","viewName":"etm.portal.ui.managehandovers.view.DetailExecuteHO","interaction":{"idSuffix":"inner"}},"wdio_ui5_key":"issueDatePickeretmportal.ui.managehandovers.view.DetailExecuteHO"}]}
RESULT: {}
RESULT: {"script":"<script> [1562 bytes]","args":[{"selector":{"id":"issueDatePicker","viewName":"etm.portal.ui.managehandovers.view.DetailExecuteHO","interaction":{"idSuffix":"inner"}},"wdio_ui5_key":"issueDatePickeretmportal.ui.managehandovers.view.DetailExecuteHO"}]}
RESULT: undefined
COMMAND: POST /session/f3202076f2355fcab0b0fd0793b9d6fb/execute/async - {"script":"<script> [776 bytes]","args":[{"enterText":"5/17/25","selector":{"id":"issueDatePicker","viewName":"etm.portal.ui.managehandovers.view.DetailExecuteHO","interaction":{"idSuffix":"inner"}},"clearTextFirst":true,"interactionType":"ENTER_TEXT"}]}
RESULT: {"script":"<script> [776 bytes]","args":[{"enterText":"5/17/25","selector":{"id":"issueDatePicker","viewName":"etm.portal.ui.managehandovers.view.DetailExecuteHO","interaction":{"idSuffix":"inner"}},"clearTextFirst":true,"interactionType":"ENTER_TEXT"}]}
COMMAND: POST /session/f3202076f2355fcab0b0fd0793b9d6fb/element - {"using":"xpath","value":"//bdi[contains(text(), \"OK\")]"}
RESULT: {"using":"xpath","value":"//bdi[contains(text(), \"OK\")]"}
COMMAND: POST /session/f3202076f2355fcab0b0fd0793b9d6fb/element/f.BC27547D6C1B912B5E2C3A56E82E8398.d.C8D289DE4624F825F3736BA977B262AB.e.6088/click - {}
RESULT: {}
COMMAND: GET /session/f3202076f2355fcab0b0fd0793b9d6fb/screenshot - {}
RESULT: {}
COMMAND: POST /session/f3202076f2355fcab0b0fd0793b9d6fb/element - {"using":"xpath","value":"//button[@data-kt=\"PickingTableConfirmAllButton\"]"}
RESULT: {"using":"xpath","value":"//button[@data-kt=\"PickingTableConfirmAllButton\"]"}
COMMAND: POST /session/f3202076f2355fcab0b0fd0793b9d6fb/element/f.BC27547D6C1B912B5E2C3A56E82E8398.d.C8D289DE4624F825F3736BA977B262AB.e.6095/click - {}
RESULT: {}
COMMAND: GET /session/f3202076f2355fcab0b0fd0793b9d6fb/screenshot - {}
RESULT: {}
COMMAND: POST /session/f3202076f2355fcab0b0fd0793b9d6fb/element - {"using":"xpath","value":"//bdi[contains(text(), \"OK\")]"}
RESULT: {"using":"xpath","value":"//bdi[contains(text(), \"OK\")]"}
COMMAND: POST /session/f3202076f2355fcab0b0fd0793b9d6fb/element/f.BC27547D6C1B912B5E2C3A56E82E8398.d.C8D289DE4624F825F3736BA977B262AB.e.6098/click - {}
RESULT: {}
COMMAND: GET /session/f3202076f2355fcab0b0fd0793b9d6fb/screenshot - {}
RESULT: {}
COMMAND: POST /session/f3202076f2355fcab0b0fd0793b9d6fb/element - {"using":"xpath","value":"//button[@data-kt=\"execHoIssueButton\"]"}
RESULT: {"using":"xpath","value":"//button[@data-kt=\"execHoIssueButton\"]"}
COMMAND: POST /session/f3202076f2355fcab0b0fd0793b9d6fb/element/f.BC27547D6C1B912B5E2C3A56E82E8398.d.C8D289DE4624F825F3736BA977B262AB.e.6102/click - {}
RESULT: {}
COMMAND: GET /session/f3202076f2355fcab0b0fd0793b9d6fb/screenshot - {}
RESULT: {}
COMMAND: POST /session/f3202076f2355fcab0b0fd0793b9d6fb/element - {"using":"css selector","value":"#shell-header-logo"}
RESULT: {"using":"css selector","value":"#shell-header-logo"}
COMMAND: POST /session/f3202076f2355fcab0b0fd0793b9d6fb/element/f.BC27547D6C1B912B5E2C3A56E82E8398.d.C8D289DE4624F825F3736BA977B262AB.e.5875/click - {}
RESULT: {}
COMMAND: GET /session/f3202076f2355fcab0b0fd0793b9d6fb/screenshot - {}
RESULT: {}
RESULT: undefined
COMMAND: POST /session/f3202076f2355fcab0b0fd0793b9d6fb/element - {"using":"xpath","value":"//*[@id=\"__tile133\"]"}
RESULT: {"using":"xpath","value":"//*[@id=\"__tile133\"]"}
COMMAND: POST /session/f3202076f2355fcab0b0fd0793b9d6fb/element/f.BC27547D6C1B912B5E2C3A56E82E8398.d.C8D289DE4624F825F3736BA977B262AB.e.5519/click - {}
RESULT: {}
COMMAND: GET /session/f3202076f2355fcab0b0fd0793b9d6fb/screenshot - {}
RESULT: {}
COMMAND: POST /session/f3202076f2355fcab0b0fd0793b9d6fb/elements - {"using":"xpath","value":"//span[text()='Error']"}
RESULT: {"using":"xpath","value":"//span[text()='Error']"}
COMMAND: POST /session/f3202076f2355fcab0b0fd0793b9d6fb/element - {"using":"xpath","value":"//button[@data-kt=\"masterHOAddButton\"]"}
RESULT: {"using":"xpath","value":"//button[@data-kt=\"masterHOAddButton\"]"}
COMMAND: POST /session/f3202076f2355fcab0b0fd0793b9d6fb/elements - {"using":"xpath","value":"//button[@data-kt=\"masterHOAddButton\"]"}
RESULT: {"using":"xpath","value":"//button[@data-kt=\"masterHOAddButton\"]"}
COMMAND: POST /session/f3202076f2355fcab0b0fd0793b9d6fb/execute/sync - {"script":"<script> [8489 bytes]","args":[{"element-6066-11e4-a52e-4f735466cecf":"f.BC27547D6C1B912B5E2C3A56E82E8398.d.C8D289DE4624F825F3736BA977B262AB.e.6180","ELEMENT":"f.BC27547D6C1B912B5E2C3A56E82E8398.d.C8D289DE4624F825F3736BA977B262AB.e.6180"}]}
RESULT: {"script":"<script> [8489 bytes]","args":[{"element-6066-11e4-a52e-4f735466cecf":"f.BC27547D6C1B912B5E2C3A56E82E8398.d.C8D289DE4624F825F3736BA977B262AB.e.6180","ELEMENT":"f.BC27547D6C1B912B5E2C3A56E82E8398.d.C8D289DE4624F825F3736BA977B262AB.e.6180"}]}
COMMAND: GET /session/f3202076f2355fcab0b0fd0793b9d6fb/element/f.BC27547D6C1B912B5E2C3A56E82E8398.d.C8D289DE4624F825F3736BA977B262AB.e.6180/enabled - {}
COMMAND: GET /session/f3202076f2355fcab0b0fd0793b9d6fb/screenshot - {}
RESULT: {}
COMMAND: POST /session/f3202076f2355fcab0b0fd0793b9d6fb/execute/sync - {"script":"<script> [8489 bytes]","args":[{"element-6066-11e4-a52e-4f735466cecf":"f.BC27547D6C1B912B5E2C3A56E82E8398.d.C8D289DE4624F825F3736BA977B262AB.e.6180","ELEMENT":"f.BC27547D6C1B912B5E2C3A56E82E8398.d.C8D289DE4624F825F3736BA977B262AB.e.6180"}]}
COMMAND: GET /session/f3202076f2355fcab0b0fd0793b9d6fb/screenshot - {}
RESULT: {}
RESULT: {"script":"<script> [8489 bytes]","args":[{"element-6066-11e4-a52e-4f735466cecf":"f.BC27547D6C1B912B5E2C3A56E82E8398.d.C8D289DE4624F825F3736BA977B262AB.e.6180","ELEMENT":"f.BC27547D6C1B912B5E2C3A56E82E8398.d.C8D289DE4624F825F3736BA977B262AB.e.6180"}]}
COMMAND: POST /session/f3202076f2355fcab0b0fd0793b9d6fb/execute/sync - {"script":"<script> [5351 bytes]","args":[{"element-6066-11e4-a52e-4f735466cecf":"f.BC27547D6C1B912B5E2C3A56E82E8398.d.C8D289DE4624F825F3736BA977B262AB.e.6180","ELEMENT":"f.BC27547D6C1B912B5E2C3A56E82E8398.d.C8D289DE4624F825F3736BA977B262AB.e.6180"}]}
COMMAND: GET /session/f3202076f2355fcab0b0fd0793b9d6fb/screenshot - {}
RESULT: {}
RESULT: {"script":"<script> [5351 bytes]","args":[{"element-6066-11e4-a52e-4f735466cecf":"f.BC27547D6C1B912B5E2C3A56E82E8398.d.C8D289DE4624F825F3736BA977B262AB.e.6180","ELEMENT":"f.BC27547D6C1B912B5E2C3A56E82E8398.d.C8D289DE4624F825F3736BA977B262AB.e.6180"}]}
COMMAND: GET /session/f3202076f2355fcab0b0fd0793b9d6fb/screenshot - {}
RESULT: {}
RESULT: {}
COMMAND: POST /session/f3202076f2355fcab0b0fd0793b9d6fb/element - {"using":"xpath","value":"//input[contains(@id ,\"smartFilterBar-btnBasicSearch-I\")]"}
RESULT: {"using":"xpath","value":"//input[contains(@id ,\"smartFilterBar-btnBasicSearch-I\")]"}
COMMAND: POST /session/f3202076f2355fcab0b0fd0793b9d6fb/element/f.BC27547D6C1B912B5E2C3A56E82E8398.d.C8D289DE4624F825F3736BA977B262AB.e.6159/clear - {}
RESULT: {}
COMMAND: POST /session/f3202076f2355fcab0b0fd0793b9d6fb/element/f.BC27547D6C1B912B5E2C3A56E82E8398.d.C8D289DE4624F825F3736BA977B262AB.e.6159/value - {"text":"30615"}
COMMAND: GET /session/f3202076f2355fcab0b0fd0793b9d6fb/screenshot - {}
RESULT: {"text":"30615"}
COMMAND: GET /session/f3202076f2355fcab0b0fd0793b9d6fb/screenshot - {}
RESULT: {}
RESULT: {}
COMMAND: POST /session/f3202076f2355fcab0b0fd0793b9d6fb/actions - {"actions":[{"id":"action18","type":"key","parameters":{},"actions":[{"type":"keyDown","value":"î€‡"},{"type":"pause","duration":10},{"type":"keyUp","value":"î€‡"}]}]}
RESULT: {"actions":[{"id":"action18","type":"key","parameters":{},"actions":[{"type":"keyDown","value":"î€‡"},{"type":"pause","duration":10},{"type":"keyUp","value":"î€‡"}]}]}
COMMAND: GET /session/f3202076f2355fcab0b0fd0793b9d6fb/screenshot - {}
RESULT: {}
COMMAND: POST /session/f3202076f2355fcab0b0fd0793b9d6fb/element - {"using":"xpath","value":"//span[contains(@id, \"smartTable-header-inner\")]"}
RESULT: {"using":"xpath","value":"//span[contains(@id, \"smartTable-header-inner\")]"}
COMMAND: POST /session/f3202076f2355fcab0b0fd0793b9d6fb/elements - {"using":"xpath","value":"//span[contains(@id, \"smartTable-header-inner\")]"}
RESULT: {"using":"xpath","value":"//span[contains(@id, \"smartTable-header-inner\")]"}
COMMAND: POST /session/f3202076f2355fcab0b0fd0793b9d6fb/execute/sync - {"script":"<script> [56 bytes]","args":[{"element-6066-11e4-a52e-4f735466cecf":"f.BC27547D6C1B912B5E2C3A56E82E8398.d.C8D289DE4624F825F3736BA977B262AB.e.6410","ELEMENT":"f.BC27547D6C1B912B5E2C3A56E82E8398.d.C8D289DE4624F825F3736BA977B262AB.e.6410"}]}
RESULT: {"script":"<script> [56 bytes]","args":[{"element-6066-11e4-a52e-4f735466cecf":"f.BC27547D6C1B912B5E2C3A56E82E8398.d.C8D289DE4624F825F3736BA977B262AB.e.6410","ELEMENT":"f.BC27547D6C1B912B5E2C3A56E82E8398.d.C8D289DE4624F825F3736BA977B262AB.e.6410"}]}
COMMAND: POST /session/f3202076f2355fcab0b0fd0793b9d6fb/element - {"using":"xpath","value":"(//span[contains(@id, \"imgNav\")])[1]"}
COMMAND: GET /session/f3202076f2355fcab0b0fd0793b9d6fb/screenshot - {}
RESULT: {"using":"xpath","value":"(//span[contains(@id, \"imgNav\")])[1]"}
COMMAND: POST /session/f3202076f2355fcab0b0fd0793b9d6fb/element/f.BC27547D6C1B912B5E2C3A56E82E8398.d.C8D289DE4624F825F3736BA977B262AB.e.6408/click - {}
RESULT: {}
RESULT: {}
COMMAND: GET /session/f3202076f2355fcab0b0fd0793b9d6fb/screenshot - {}
RESULT: {}
COMMAND: POST /session/f3202076f2355fcab0b0fd0793b9d6fb/element - {"using":"xpath","value":"//section[contains(@id, \"detailManageHO--headerContentForm--FC-NoHead\")]/div/div[4]/div[2]/div/span"}
RESULT: {"using":"xpath","value":"//section[contains(@id, \"detailManageHO--headerContentForm--FC-NoHead\")]/div/div[4]/div[2]/div/span"}
COMMAND: POST /session/f3202076f2355fcab0b0fd0793b9d6fb/elements - {"using":"xpath","value":"//section[contains(@id, \"detailManageHO--headerContentForm--FC-NoHead\")]/div/div[4]/div[2]/div/span"}
RESULT: {"using":"xpath","value":"//section[contains(@id, \"detailManageHO--headerContentForm--FC-NoHead\")]/div/div[4]/div[2]/div/span"}
COMMAND: POST /session/f3202076f2355fcab0b0fd0793b9d6fb/execute/sync - {"script":"<script> [56 bytes]","args":[{"element-6066-11e4-a52e-4f735466cecf":"f.BC27547D6C1B912B5E2C3A56E82E8398.d.C8D289DE4624F825F3736BA977B262AB.e.6491","ELEMENT":"f.BC27547D6C1B912B5E2C3A56E82E8398.d.C8D289DE4624F825F3736BA977B262AB.e.6491"}]}
RESULT: {"script":"<script> [56 bytes]","args":[{"element-6066-11e4-a52e-4f735466cecf":"f.BC27547D6C1B912B5E2C3A56E82E8398.d.C8D289DE4624F825F3736BA977B262AB.e.6491","ELEMENT":"f.BC27547D6C1B912B5E2C3A56E82E8398.d.C8D289DE4624F825F3736BA977B262AB.e.6491"}]}
COMMAND: POST /session/f3202076f2355fcab0b0fd0793b9d6fb/element - {"using":"xpath","value":"//a[contains(@data-kt ,\"GeneralSectionSendContractLink\")]"}
COMMAND: GET /session/f3202076f2355fcab0b0fd0793b9d6fb/screenshot - {}
RESULT: {"using":"xpath","value":"//a[contains(@data-kt ,\"GeneralSectionSendContractLink\")]"}
COMMAND: POST /session/f3202076f2355fcab0b0fd0793b9d6fb/element/f.BC27547D6C1B912B5E2C3A56E82E8398.d.C8D289DE4624F825F3736BA977B262AB.e.6492/click - {}
RESULT: {}
RESULT: {}
COMMAND: GET /session/f3202076f2355fcab0b0fd0793b9d6fb/screenshot - {}
RESULT: {}
COMMAND: POST /session/f3202076f2355fcab0b0fd0793b9d6fb/element - {"using":"xpath","value":"//a[contains(@data-kt ,\"ContextMenuId2Link\")]"}
RESULT: {"using":"xpath","value":"//a[contains(@data-kt ,\"ContextMenuId2Link\")]"}
COMMAND: POST /session/f3202076f2355fcab0b0fd0793b9d6fb/element/f.BC27547D6C1B912B5E2C3A56E82E8398.d.C8D289DE4624F825F3736BA977B262AB.e.6496/click - {}
RESULT: {}
COMMAND: GET /session/f3202076f2355fcab0b0fd0793b9d6fb/screenshot - {}
RESULT: {}
COMMAND: POST /session/f3202076f2355fcab0b0fd0793b9d6fb/execute/async - {"script":"<script> [1562 bytes]","args":[{"selector":{"id":"headerBillingItemsTabFilter","viewName":"etm.portal.ui.managecontracts.view.Detail","interaction":{"idSuffix":"text"}},"wdio_ui5_key":"headerBillingItemsTabFilteretmportal.ui.managecontracts.view.Detail"}]}
RESULT: {"script":"<script> [1562 bytes]","args":[{"selector":{"id":"headerBillingItemsTabFilter","viewName":"etm.portal.ui.managecontracts.view.Detail","interaction":{"idSuffix":"text"}},"wdio_ui5_key":"headerBillingItemsTabFilteretmportal.ui.managecontracts.view.Detail"}]}
RESULT: undefined
COMMAND: POST /session/f3202076f2355fcab0b0fd0793b9d6fb/element - {"using":"xpath","value":"//*[@id=\"__xmlview62--headerBillingItemsTabFilter\"]"}
RESULT: {"using":"xpath","value":"//*[@id=\"__xmlview62--headerBillingItemsTabFilter\"]"}
COMMAND: POST /session/f3202076f2355fcab0b0fd0793b9d6fb/element/f.BC27547D6C1B912B5E2C3A56E82E8398.d.C8D289DE4624F825F3736BA977B262AB.e.6694/click - {}
RESULT: {}
COMMAND: GET /session/f3202076f2355fcab0b0fd0793b9d6fb/screenshot - {}
RESULT: {}
COMMAND: POST /session/f3202076f2355fcab0b0fd0793b9d6fb/element - {"using":"xpath","value":"//table[contains(@id, \"ProductsTable-listUl\")]/tbody/tr[1]/td[6]/div/span"}
RESULT: {"using":"xpath","value":"//table[contains(@id, \"ProductsTable-listUl\")]/tbody/tr[1]/td[6]/div/span"}
COMMAND: POST /session/f3202076f2355fcab0b0fd0793b9d6fb/elements - {"using":"xpath","value":"//table[contains(@id, \"ProductsTable-listUl\")]/tbody/tr[1]/td[6]/div/span"}
RESULT: {"using":"xpath","value":"//table[contains(@id, \"ProductsTable-listUl\")]/tbody/tr[1]/td[6]/div/span"}
COMMAND: POST /session/f3202076f2355fcab0b0fd0793b9d6fb/execute/sync - {"script":"<script> [56 bytes]","args":[{"element-6066-11e4-a52e-4f735466cecf":"f.BC27547D6C1B912B5E2C3A56E82E8398.d.C8D289DE4624F825F3736BA977B262AB.e.6698","ELEMENT":"f.BC27547D6C1B912B5E2C3A56E82E8398.d.C8D289DE4624F825F3736BA977B262AB.e.6698"}]}
RESULT: {"script":"<script> [56 bytes]","args":[{"element-6066-11e4-a52e-4f735466cecf":"f.BC27547D6C1B912B5E2C3A56E82E8398.d.C8D289DE4624F825F3736BA977B262AB.e.6698","ELEMENT":"f.BC27547D6C1B912B5E2C3A56E82E8398.d.C8D289DE4624F825F3736BA977B262AB.e.6698"}]}
COMMAND: POST /session/f3202076f2355fcab0b0fd0793b9d6fb/element - {"using":"css selector","value":"#shell-header-logo"}
COMMAND: GET /session/f3202076f2355fcab0b0fd0793b9d6fb/screenshot - {}
RESULT: {"using":"css selector","value":"#shell-header-logo"}
COMMAND: POST /session/f3202076f2355fcab0b0fd0793b9d6fb/element/f.BC27547D6C1B912B5E2C3A56E82E8398.d.C8D289DE4624F825F3736BA977B262AB.e.6157/click - {}
RESULT: {}
RESULT: {}
COMMAND: GET /session/f3202076f2355fcab0b0fd0793b9d6fb/screenshot - {}
RESULT: {}
COMMAND: DELETE /session/f3202076f2355fcab0b0fd0793b9d6fb - {}
RESULT: {}
]]></system-out>
    </testcase>
  </testsuite>
</testsuites>