<?xml version="1.0" encoding="UTF-8"?>
<testsuites tests="49" failures="0" errors="0" skipped="0">
  <testsuite timestamp="2025-05-05T15:12:54" time="1732.65" tests="49" failures="0" errors="0" skipped="0">
    <properties>
      <property name="specId" value="0" />
      <property name="suiteName" value="Sanity Tests US104253" />
      <property name="capabilities" value="chrome.135_0_7049_96.windows" />
      <property name="file" value="file:///D:/a/1/s/test/specs/General/sanity.spec.js" />
    </properties>
    <testcase classname="chrome.135_0_7049_96.windows.Sanity_Tests_US104253" name="Should open Manage Partners page" time="34.819">
      <system-out><![CDATA[
COMMAND: POST /session/5a63dd2c1baca8a23524d8fc78a9e8d1/execute/async - {"script":"<script> [1562 bytes]","args":[{"selector":{"controlType":"sap.m.GenericTile","properties":{"header":"Manage Partners"}},"wdio_ui5_key":"sapm.GenericTile{\"header\":\"Manage Partners\"}"}]}
RESULT: {"script":"<script> [1562 bytes]","args":[{"selector":{"controlType":"sap.m.GenericTile","properties":{"header":"Manage Partners"}},"wdio_ui5_key":"sapm.GenericTile{\"header\":\"Manage Partners\"}"}]}
RESULT: undefined
COMMAND: POST /session/5a63dd2c1baca8a23524d8fc78a9e8d1/element - {"using":"xpath","value":"//*[@id=\"__tile38\"]"}
RESULT: {"using":"xpath","value":"//*[@id=\"__tile38\"]"}
COMMAND: POST /session/5a63dd2c1baca8a23524d8fc78a9e8d1/element/f.57195F63E3672ACCB9EF2C6FC914E601.d.0C43C64DDEB06621AC62DE5BB73408A3.e.118/click - {}
RESULT: {}
COMMAND: GET /session/5a63dd2c1baca8a23524d8fc78a9e8d1/screenshot - {}
RESULT: {}
RESULT: undefined
COMMAND: POST /session/5a63dd2c1baca8a23524d8fc78a9e8d1/element - {"using":"xpath","value":"//*[@id=\"__tile38\"]"}
RESULT: {"using":"xpath","value":"//*[@id=\"__tile38\"]"}
COMMAND: POST /session/5a63dd2c1baca8a23524d8fc78a9e8d1/element/f.57195F63E3672ACCB9EF2C6FC914E601.d.0C43C64DDEB06621AC62DE5BB73408A3.e.118/click - {}
RESULT: undefined
COMMAND: POST /session/5a63dd2c1baca8a23524d8fc78a9e8d1/element - {"using":"xpath","value":"//*[@id=\"__tile38\"]"}
RESULT: {"using":"xpath","value":"//*[@id=\"__tile38\"]"}
COMMAND: POST /session/5a63dd2c1baca8a23524d8fc78a9e8d1/element/f.57195F63E3672ACCB9EF2C6FC914E601.d.0C43C64DDEB06621AC62DE5BB73408A3.e.118/click - {}
COMMAND: POST /session/5a63dd2c1baca8a23524d8fc78a9e8d1/execute/async - {"script":"<script> [1562 bytes]","args":[{"selector":{"id":"shellAppTitle"},"wdio_ui5_key":"shellAppTitle"}]}
RESULT: {"script":"<script> [1562 bytes]","args":[{"selector":{"id":"shellAppTitle"},"wdio_ui5_key":"shellAppTitle"}]}
RESULT: undefined
COMMAND: POST /session/5a63dd2c1baca8a23524d8fc78a9e8d1/execute/async - {"script":"<script> [6424 bytes]","args":[{"element-6066-11e4-a52e-4f735466cecf":"f.57195F63E3672ACCB9EF2C6FC914E601.d.0C43C64DDEB06621AC62DE5BB73408A3.e.289"},"getTitle",[]]}
RESULT: {"script":"<script> [6424 bytes]","args":[{"element-6066-11e4-a52e-4f735466cecf":"f.57195F63E3672ACCB9EF2C6FC914E601.d.0C43C64DDEB06621AC62DE5BB73408A3.e.289"},"getTitle",[]]}
COMMAND: POST /session/5a63dd2c1baca8a23524d8fc78a9e8d1/execute/async - {"script":"<script> [1562 bytes]","args":[{"selector":{"id":"backBtn"},"wdio_ui5_key":"backBtn"}]}
RESULT: {"script":"<script> [1562 bytes]","args":[{"selector":{"id":"backBtn"},"wdio_ui5_key":"backBtn"}]}
RESULT: undefined
COMMAND: POST /session/5a63dd2c1baca8a23524d8fc78a9e8d1/element - {"using":"xpath","value":"//*[@id=\"backBtn\"]"}
RESULT: {"using":"xpath","value":"//*[@id=\"backBtn\"]"}
COMMAND: POST /session/5a63dd2c1baca8a23524d8fc78a9e8d1/element/f.57195F63E3672ACCB9EF2C6FC914E601.d.0C43C64DDEB06621AC62DE5BB73408A3.e.290/click - {}
RESULT: {}
COMMAND: GET /session/5a63dd2c1baca8a23524d8fc78a9e8d1/screenshot - {}
RESULT: {}
]]></system-out>
    </testcase>
    <testcase classname="chrome.135_0_7049_96.windows.Sanity_Tests_US104253" name="Should open Manage Sites page" time="36.102">
      <system-out><![CDATA[
COMMAND: POST /session/5a63dd2c1baca8a23524d8fc78a9e8d1/execute/async - {"script":"<script> [1562 bytes]","args":[{"selector":{"controlType":"sap.m.GenericTile","properties":{"header":"Manage Sites"}},"wdio_ui5_key":"sapm.GenericTile{\"header\":\"Manage Sites\"}"}]}
RESULT: {"script":"<script> [1562 bytes]","args":[{"selector":{"controlType":"sap.m.GenericTile","properties":{"header":"Manage Sites"}},"wdio_ui5_key":"sapm.GenericTile{\"header\":\"Manage Sites\"}"}]}
RESULT: undefined
COMMAND: POST /session/5a63dd2c1baca8a23524d8fc78a9e8d1/element - {"using":"xpath","value":"//*[@id=\"__tile40\"]"}
RESULT: {"using":"xpath","value":"//*[@id=\"__tile40\"]"}
COMMAND: POST /session/5a63dd2c1baca8a23524d8fc78a9e8d1/element/f.57195F63E3672ACCB9EF2C6FC914E601.d.0C43C64DDEB06621AC62DE5BB73408A3.e.292/click - {}
RESULT: {}
COMMAND: GET /session/5a63dd2c1baca8a23524d8fc78a9e8d1/screenshot - {}
RESULT: {}
RESULT: undefined
COMMAND: POST /session/5a63dd2c1baca8a23524d8fc78a9e8d1/element - {"using":"xpath","value":"//*[@id=\"__tile40\"]"}
RESULT: {"using":"xpath","value":"//*[@id=\"__tile40\"]"}
COMMAND: POST /session/5a63dd2c1baca8a23524d8fc78a9e8d1/element/f.57195F63E3672ACCB9EF2C6FC914E601.d.0C43C64DDEB06621AC62DE5BB73408A3.e.292/click - {}
RESULT: undefined
COMMAND: POST /session/5a63dd2c1baca8a23524d8fc78a9e8d1/element - {"using":"xpath","value":"//*[@id=\"__tile40\"]"}
RESULT: {"using":"xpath","value":"//*[@id=\"__tile40\"]"}
COMMAND: POST /session/5a63dd2c1baca8a23524d8fc78a9e8d1/element/f.57195F63E3672ACCB9EF2C6FC914E601.d.0C43C64DDEB06621AC62DE5BB73408A3.e.292/click - {}
RESULT: undefined
COMMAND: POST /session/5a63dd2c1baca8a23524d8fc78a9e8d1/execute/async - {"script":"<script> [6424 bytes]","args":[{"element-6066-11e4-a52e-4f735466cecf":"f.57195F63E3672ACCB9EF2C6FC914E601.d.0C43C64DDEB06621AC62DE5BB73408A3.e.289"},"getTitle",[]]}
COMMAND: POST /session/5a63dd2c1baca8a23524d8fc78a9e8d1/execute/async - {"script":"<script> [1562 bytes]","args":[{"selector":{"id":"shellAppTitle"},"wdio_ui5_key":"shellAppTitle"}]}
RESULT: {"script":"<script> [1562 bytes]","args":[{"selector":{"id":"shellAppTitle"},"wdio_ui5_key":"shellAppTitle"}]}
COMMAND: POST /session/5a63dd2c1baca8a23524d8fc78a9e8d1/execute/async - {"script":"<script> [6424 bytes]","args":[{"element-6066-11e4-a52e-4f735466cecf":"f.57195F63E3672ACCB9EF2C6FC914E601.d.0C43C64DDEB06621AC62DE5BB73408A3.e.482"},"getTitle",[]]}
RESULT: {"script":"<script> [6424 bytes]","args":[{"element-6066-11e4-a52e-4f735466cecf":"f.57195F63E3672ACCB9EF2C6FC914E601.d.0C43C64DDEB06621AC62DE5BB73408A3.e.482"},"getTitle",[]]}
RESULT: undefined
COMMAND: POST /session/5a63dd2c1baca8a23524d8fc78a9e8d1/element/f.57195F63E3672ACCB9EF2C6FC914E601.d.0C43C64DDEB06621AC62DE5BB73408A3.e.290/click - {}
RESULT: {}
COMMAND: GET /session/5a63dd2c1baca8a23524d8fc78a9e8d1/screenshot - {}
RESULT: {}
]]></system-out>
    </testcase>
    <testcase classname="chrome.135_0_7049_96.windows.Sanity_Tests_US104253" name="Should open Manage Resources page" time="30.855">
      <system-out><![CDATA[
COMMAND: POST /session/5a63dd2c1baca8a23524d8fc78a9e8d1/execute/async - {"script":"<script> [1562 bytes]","args":[{"selector":{"controlType":"sap.m.GenericTile","properties":{"header":"Manage Resources"}},"wdio_ui5_key":"sapm.GenericTile{\"header\":\"Manage Resources\"}"}]}
RESULT: {"script":"<script> [1562 bytes]","args":[{"selector":{"controlType":"sap.m.GenericTile","properties":{"header":"Manage Resources"}},"wdio_ui5_key":"sapm.GenericTile{\"header\":\"Manage Resources\"}"}]}
RESULT: undefined
COMMAND: POST /session/5a63dd2c1baca8a23524d8fc78a9e8d1/element - {"using":"xpath","value":"//*[@id=\"__tile39\"]"}
RESULT: {"using":"xpath","value":"//*[@id=\"__tile39\"]"}
COMMAND: POST /session/5a63dd2c1baca8a23524d8fc78a9e8d1/element/f.57195F63E3672ACCB9EF2C6FC914E601.d.0C43C64DDEB06621AC62DE5BB73408A3.e.484/click - {}
RESULT: {}
COMMAND: GET /session/5a63dd2c1baca8a23524d8fc78a9e8d1/screenshot - {}
RESULT: {}
RESULT: undefined
COMMAND: POST /session/5a63dd2c1baca8a23524d8fc78a9e8d1/element - {"using":"xpath","value":"//*[@id=\"__tile39\"]"}
RESULT: {"using":"xpath","value":"//*[@id=\"__tile39\"]"}
COMMAND: POST /session/5a63dd2c1baca8a23524d8fc78a9e8d1/element/f.57195F63E3672ACCB9EF2C6FC914E601.d.0C43C64DDEB06621AC62DE5BB73408A3.e.484/click - {}
RESULT: undefined
COMMAND: POST /session/5a63dd2c1baca8a23524d8fc78a9e8d1/element - {"using":"xpath","value":"//*[@id=\"__tile39\"]"}
RESULT: {"using":"xpath","value":"//*[@id=\"__tile39\"]"}
COMMAND: POST /session/5a63dd2c1baca8a23524d8fc78a9e8d1/element/f.57195F63E3672ACCB9EF2C6FC914E601.d.0C43C64DDEB06621AC62DE5BB73408A3.e.484/click - {}
RESULT: undefined
COMMAND: POST /session/5a63dd2c1baca8a23524d8fc78a9e8d1/execute/async - {"script":"<script> [6424 bytes]","args":[{"element-6066-11e4-a52e-4f735466cecf":"f.57195F63E3672ACCB9EF2C6FC914E601.d.0C43C64DDEB06621AC62DE5BB73408A3.e.289"},"getTitle",[]]}
COMMAND: POST /session/5a63dd2c1baca8a23524d8fc78a9e8d1/execute/async - {"script":"<script> [1562 bytes]","args":[{"selector":{"id":"shellAppTitle"},"wdio_ui5_key":"shellAppTitle"}]}
RESULT: {"script":"<script> [1562 bytes]","args":[{"selector":{"id":"shellAppTitle"},"wdio_ui5_key":"shellAppTitle"}]}
COMMAND: POST /session/5a63dd2c1baca8a23524d8fc78a9e8d1/execute/async - {"script":"<script> [6424 bytes]","args":[{"element-6066-11e4-a52e-4f735466cecf":"f.57195F63E3672ACCB9EF2C6FC914E601.d.0C43C64DDEB06621AC62DE5BB73408A3.e.655"},"getTitle",[]]}
RESULT: {"script":"<script> [6424 bytes]","args":[{"element-6066-11e4-a52e-4f735466cecf":"f.57195F63E3672ACCB9EF2C6FC914E601.d.0C43C64DDEB06621AC62DE5BB73408A3.e.655"},"getTitle",[]]}
RESULT: undefined
COMMAND: POST /session/5a63dd2c1baca8a23524d8fc78a9e8d1/element/f.57195F63E3672ACCB9EF2C6FC914E601.d.0C43C64DDEB06621AC62DE5BB73408A3.e.290/click - {}
COMMAND: POST /session/5a63dd2c1baca8a23524d8fc78a9e8d1/element - {"using":"xpath","value":"//*[@id=\"backBtn\"]"}
RESULT: {"using":"xpath","value":"//*[@id=\"backBtn\"]"}
COMMAND: POST /session/5a63dd2c1baca8a23524d8fc78a9e8d1/element/f.57195F63E3672ACCB9EF2C6FC914E601.d.0C43C64DDEB06621AC62DE5BB73408A3.e.290/click - {}
COMMAND: POST /session/5a63dd2c1baca8a23524d8fc78a9e8d1/element - {"using":"xpath","value":"//*[@id=\"backBtn\"]"}
RESULT: {"using":"xpath","value":"//*[@id=\"backBtn\"]"}
COMMAND: POST /session/5a63dd2c1baca8a23524d8fc78a9e8d1/element/f.57195F63E3672ACCB9EF2C6FC914E601.d.0C43C64DDEB06621AC62DE5BB73408A3.e.656/click - {}
RESULT: {}
COMMAND: GET /session/5a63dd2c1baca8a23524d8fc78a9e8d1/screenshot - {}
RESULT: {}
]]></system-out>
    </testcase>
    <testcase classname="chrome.135_0_7049_96.windows.Sanity_Tests_US104253" name="Should open Manage Catalogs page" time="33.098">
      <system-out><![CDATA[
COMMAND: POST /session/5a63dd2c1baca8a23524d8fc78a9e8d1/execute/async - {"script":"<script> [1562 bytes]","args":[{"selector":{"controlType":"sap.m.GenericTile","properties":{"header":"Manage Catalogs"}},"wdio_ui5_key":"sapm.GenericTile{\"header\":\"Manage Catalogs\"}"}]}
RESULT: {"script":"<script> [1562 bytes]","args":[{"selector":{"controlType":"sap.m.GenericTile","properties":{"header":"Manage Catalogs"}},"wdio_ui5_key":"sapm.GenericTile{\"header\":\"Manage Catalogs\"}"}]}
RESULT: undefined
COMMAND: POST /session/5a63dd2c1baca8a23524d8fc78a9e8d1/element - {"using":"xpath","value":"//*[@id=\"__tile37\"]"}
RESULT: {"using":"xpath","value":"//*[@id=\"__tile37\"]"}
COMMAND: POST /session/5a63dd2c1baca8a23524d8fc78a9e8d1/element/f.57195F63E3672ACCB9EF2C6FC914E601.d.0C43C64DDEB06621AC62DE5BB73408A3.e.658/click - {}
RESULT: {}
COMMAND: GET /session/5a63dd2c1baca8a23524d8fc78a9e8d1/screenshot - {}
RESULT: {}
RESULT: undefined
COMMAND: POST /session/5a63dd2c1baca8a23524d8fc78a9e8d1/element - {"using":"xpath","value":"//*[@id=\"__tile37\"]"}
RESULT: {"using":"xpath","value":"//*[@id=\"__tile37\"]"}
COMMAND: POST /session/5a63dd2c1baca8a23524d8fc78a9e8d1/element/f.57195F63E3672ACCB9EF2C6FC914E601.d.0C43C64DDEB06621AC62DE5BB73408A3.e.658/click - {}
RESULT: undefined
COMMAND: POST /session/5a63dd2c1baca8a23524d8fc78a9e8d1/element - {"using":"xpath","value":"//*[@id=\"__tile37\"]"}
RESULT: {"using":"xpath","value":"//*[@id=\"__tile37\"]"}
COMMAND: POST /session/5a63dd2c1baca8a23524d8fc78a9e8d1/element/f.57195F63E3672ACCB9EF2C6FC914E601.d.0C43C64DDEB06621AC62DE5BB73408A3.e.658/click - {}
RESULT: undefined
COMMAND: POST /session/5a63dd2c1baca8a23524d8fc78a9e8d1/execute/async - {"script":"<script> [6424 bytes]","args":[{"element-6066-11e4-a52e-4f735466cecf":"f.57195F63E3672ACCB9EF2C6FC914E601.d.0C43C64DDEB06621AC62DE5BB73408A3.e.289"},"getTitle",[]]}
COMMAND: POST /session/5a63dd2c1baca8a23524d8fc78a9e8d1/execute/async - {"script":"<script> [1562 bytes]","args":[{"selector":{"id":"shellAppTitle"},"wdio_ui5_key":"shellAppTitle"}]}
RESULT: {"script":"<script> [1562 bytes]","args":[{"selector":{"id":"shellAppTitle"},"wdio_ui5_key":"shellAppTitle"}]}
COMMAND: POST /session/5a63dd2c1baca8a23524d8fc78a9e8d1/execute/async - {"script":"<script> [6424 bytes]","args":[{"element-6066-11e4-a52e-4f735466cecf":"f.57195F63E3672ACCB9EF2C6FC914E601.d.0C43C64DDEB06621AC62DE5BB73408A3.e.728"},"getTitle",[]]}
RESULT: {"script":"<script> [6424 bytes]","args":[{"element-6066-11e4-a52e-4f735466cecf":"f.57195F63E3672ACCB9EF2C6FC914E601.d.0C43C64DDEB06621AC62DE5BB73408A3.e.728"},"getTitle",[]]}
RESULT: undefined
COMMAND: POST /session/5a63dd2c1baca8a23524d8fc78a9e8d1/element/f.57195F63E3672ACCB9EF2C6FC914E601.d.0C43C64DDEB06621AC62DE5BB73408A3.e.656/click - {}
RESULT: {}
COMMAND: GET /session/5a63dd2c1baca8a23524d8fc78a9e8d1/screenshot - {}
RESULT: {}
]]></system-out>
    </testcase>
    <testcase classname="chrome.135_0_7049_96.windows.Sanity_Tests_US104253" name="Should open Manage Calendars page" time="40.969">
      <system-out><![CDATA[
COMMAND: POST /session/5a63dd2c1baca8a23524d8fc78a9e8d1/execute/async - {"script":"<script> [1562 bytes]","args":[{"selector":{"controlType":"sap.m.GenericTile","properties":{"header":"Manage Calendars"}},"wdio_ui5_key":"sapm.GenericTile{\"header\":\"Manage Calendars\"}"}]}
RESULT: {"script":"<script> [1562 bytes]","args":[{"selector":{"controlType":"sap.m.GenericTile","properties":{"header":"Manage Calendars"}},"wdio_ui5_key":"sapm.GenericTile{\"header\":\"Manage Calendars\"}"}]}
RESULT: undefined
COMMAND: POST /session/5a63dd2c1baca8a23524d8fc78a9e8d1/element - {"using":"xpath","value":"//*[@id=\"__tile36\"]"}
RESULT: {"using":"xpath","value":"//*[@id=\"__tile36\"]"}
COMMAND: POST /session/5a63dd2c1baca8a23524d8fc78a9e8d1/element/f.57195F63E3672ACCB9EF2C6FC914E601.d.0C43C64DDEB06621AC62DE5BB73408A3.e.730/click - {}
RESULT: {}
COMMAND: GET /session/5a63dd2c1baca8a23524d8fc78a9e8d1/screenshot - {}
RESULT: {}
RESULT: undefined
COMMAND: POST /session/5a63dd2c1baca8a23524d8fc78a9e8d1/element - {"using":"xpath","value":"//*[@id=\"__tile36\"]"}
RESULT: {"using":"xpath","value":"//*[@id=\"__tile36\"]"}
COMMAND: POST /session/5a63dd2c1baca8a23524d8fc78a9e8d1/element/f.57195F63E3672ACCB9EF2C6FC914E601.d.0C43C64DDEB06621AC62DE5BB73408A3.e.730/click - {}
RESULT: undefined
COMMAND: POST /session/5a63dd2c1baca8a23524d8fc78a9e8d1/element - {"using":"xpath","value":"//*[@id=\"__tile36\"]"}
RESULT: {"using":"xpath","value":"//*[@id=\"__tile36\"]"}
COMMAND: POST /session/5a63dd2c1baca8a23524d8fc78a9e8d1/element/f.57195F63E3672ACCB9EF2C6FC914E601.d.0C43C64DDEB06621AC62DE5BB73408A3.e.730/click - {}
RESULT: undefined
COMMAND: POST /session/5a63dd2c1baca8a23524d8fc78a9e8d1/execute/async - {"script":"<script> [6424 bytes]","args":[{"element-6066-11e4-a52e-4f735466cecf":"f.57195F63E3672ACCB9EF2C6FC914E601.d.0C43C64DDEB06621AC62DE5BB73408A3.e.289"},"getTitle",[]]}
COMMAND: POST /session/5a63dd2c1baca8a23524d8fc78a9e8d1/execute/async - {"script":"<script> [1562 bytes]","args":[{"selector":{"id":"shellAppTitle"},"wdio_ui5_key":"shellAppTitle"}]}
RESULT: {"script":"<script> [1562 bytes]","args":[{"selector":{"id":"shellAppTitle"},"wdio_ui5_key":"shellAppTitle"}]}
COMMAND: POST /session/5a63dd2c1baca8a23524d8fc78a9e8d1/execute/async - {"script":"<script> [6424 bytes]","args":[{"element-6066-11e4-a52e-4f735466cecf":"f.57195F63E3672ACCB9EF2C6FC914E601.d.0C43C64DDEB06621AC62DE5BB73408A3.e.874"},"getTitle",[]]}
RESULT: {"script":"<script> [6424 bytes]","args":[{"element-6066-11e4-a52e-4f735466cecf":"f.57195F63E3672ACCB9EF2C6FC914E601.d.0C43C64DDEB06621AC62DE5BB73408A3.e.874"},"getTitle",[]]}
RESULT: undefined
COMMAND: POST /session/5a63dd2c1baca8a23524d8fc78a9e8d1/element/f.57195F63E3672ACCB9EF2C6FC914E601.d.0C43C64DDEB06621AC62DE5BB73408A3.e.656/click - {}
COMMAND: POST /session/5a63dd2c1baca8a23524d8fc78a9e8d1/element - {"using":"xpath","value":"//*[@id=\"backBtn\"]"}
RESULT: {"using":"xpath","value":"//*[@id=\"backBtn\"]"}
COMMAND: POST /session/5a63dd2c1baca8a23524d8fc78a9e8d1/element/f.57195F63E3672ACCB9EF2C6FC914E601.d.0C43C64DDEB06621AC62DE5BB73408A3.e.656/click - {}
COMMAND: POST /session/5a63dd2c1baca8a23524d8fc78a9e8d1/element - {"using":"xpath","value":"//*[@id=\"backBtn\"]"}
RESULT: {"using":"xpath","value":"//*[@id=\"backBtn\"]"}
COMMAND: POST /session/5a63dd2c1baca8a23524d8fc78a9e8d1/element/f.57195F63E3672ACCB9EF2C6FC914E601.d.0C43C64DDEB06621AC62DE5BB73408A3.e.875/click - {}
RESULT: {}
COMMAND: GET /session/5a63dd2c1baca8a23524d8fc78a9e8d1/screenshot - {}
RESULT: {}
]]></system-out>
    </testcase>
    <testcase classname="chrome.135_0_7049_96.windows.Sanity_Tests_US104253" name="Should open Address Management page" time="33.405">
      <system-out><![CDATA[
COMMAND: POST /session/5a63dd2c1baca8a23524d8fc78a9e8d1/execute/async - {"script":"<script> [1562 bytes]","args":[{"selector":{"controlType":"sap.m.GenericTile","properties":{"header":"Address Management"}},"wdio_ui5_key":"sapm.GenericTile{\"header\":\"Address Management\"}"}]}
RESULT: {"script":"<script> [1562 bytes]","args":[{"selector":{"controlType":"sap.m.GenericTile","properties":{"header":"Address Management"}},"wdio_ui5_key":"sapm.GenericTile{\"header\":\"Address Management\"}"}]}
RESULT: undefined
COMMAND: POST /session/5a63dd2c1baca8a23524d8fc78a9e8d1/element - {"using":"xpath","value":"//*[@id=\"__tile33\"]"}
RESULT: {"using":"xpath","value":"//*[@id=\"__tile33\"]"}
COMMAND: POST /session/5a63dd2c1baca8a23524d8fc78a9e8d1/element/f.57195F63E3672ACCB9EF2C6FC914E601.d.0C43C64DDEB06621AC62DE5BB73408A3.e.877/click - {}
RESULT: {}
COMMAND: GET /session/5a63dd2c1baca8a23524d8fc78a9e8d1/screenshot - {}
RESULT: {}
RESULT: undefined
COMMAND: POST /session/5a63dd2c1baca8a23524d8fc78a9e8d1/element - {"using":"xpath","value":"//*[@id=\"__tile33\"]"}
RESULT: {"using":"xpath","value":"//*[@id=\"__tile33\"]"}
COMMAND: POST /session/5a63dd2c1baca8a23524d8fc78a9e8d1/element/f.57195F63E3672ACCB9EF2C6FC914E601.d.0C43C64DDEB06621AC62DE5BB73408A3.e.877/click - {}
RESULT: undefined
COMMAND: POST /session/5a63dd2c1baca8a23524d8fc78a9e8d1/element - {"using":"xpath","value":"//*[@id=\"__tile33\"]"}
RESULT: {"using":"xpath","value":"//*[@id=\"__tile33\"]"}
COMMAND: POST /session/5a63dd2c1baca8a23524d8fc78a9e8d1/element/f.57195F63E3672ACCB9EF2C6FC914E601.d.0C43C64DDEB06621AC62DE5BB73408A3.e.877/click - {}
RESULT: undefined
COMMAND: POST /session/5a63dd2c1baca8a23524d8fc78a9e8d1/execute/async - {"script":"<script> [6424 bytes]","args":[{"element-6066-11e4-a52e-4f735466cecf":"f.57195F63E3672ACCB9EF2C6FC914E601.d.0C43C64DDEB06621AC62DE5BB73408A3.e.289"},"getTitle",[]]}
COMMAND: POST /session/5a63dd2c1baca8a23524d8fc78a9e8d1/execute/async - {"script":"<script> [1562 bytes]","args":[{"selector":{"id":"shellAppTitle"},"wdio_ui5_key":"shellAppTitle"}]}
RESULT: {"script":"<script> [1562 bytes]","args":[{"selector":{"id":"shellAppTitle"},"wdio_ui5_key":"shellAppTitle"}]}
COMMAND: POST /session/5a63dd2c1baca8a23524d8fc78a9e8d1/execute/async - {"script":"<script> [6424 bytes]","args":[{"element-6066-11e4-a52e-4f735466cecf":"f.57195F63E3672ACCB9EF2C6FC914E601.d.0C43C64DDEB06621AC62DE5BB73408A3.e.1072"},"getTitle",[]]}
RESULT: {"script":"<script> [6424 bytes]","args":[{"element-6066-11e4-a52e-4f735466cecf":"f.57195F63E3672ACCB9EF2C6FC914E601.d.0C43C64DDEB06621AC62DE5BB73408A3.e.1072"},"getTitle",[]]}
RESULT: undefined
COMMAND: POST /session/5a63dd2c1baca8a23524d8fc78a9e8d1/element/f.57195F63E3672ACCB9EF2C6FC914E601.d.0C43C64DDEB06621AC62DE5BB73408A3.e.875/click - {}
RESULT: {}
COMMAND: GET /session/5a63dd2c1baca8a23524d8fc78a9e8d1/screenshot - {}
RESULT: {}
]]></system-out>
    </testcase>
    <testcase classname="chrome.135_0_7049_96.windows.Sanity_Tests_US104253" name="Should open Bill Of Resources page" time="35.184">
      <system-out><![CDATA[
COMMAND: POST /session/5a63dd2c1baca8a23524d8fc78a9e8d1/execute/async - {"script":"<script> [1562 bytes]","args":[{"selector":{"controlType":"sap.m.GenericTile","properties":{"header":"Bill Of Resources"}},"wdio_ui5_key":"sapm.GenericTile{\"header\":\"Bill Of Resources\"}"}]}
RESULT: {"script":"<script> [1562 bytes]","args":[{"selector":{"controlType":"sap.m.GenericTile","properties":{"header":"Bill Of Resources"}},"wdio_ui5_key":"sapm.GenericTile{\"header\":\"Bill Of Resources\"}"}]}
RESULT: undefined
COMMAND: POST /session/5a63dd2c1baca8a23524d8fc78a9e8d1/element - {"using":"xpath","value":"//*[@id=\"__tile34\"]"}
RESULT: {"using":"xpath","value":"//*[@id=\"__tile34\"]"}
COMMAND: POST /session/5a63dd2c1baca8a23524d8fc78a9e8d1/element/f.57195F63E3672ACCB9EF2C6FC914E601.d.0C43C64DDEB06621AC62DE5BB73408A3.e.1074/click - {}
RESULT: {}
COMMAND: GET /session/5a63dd2c1baca8a23524d8fc78a9e8d1/screenshot - {}
RESULT: {}
RESULT: undefined
COMMAND: POST /session/5a63dd2c1baca8a23524d8fc78a9e8d1/element - {"using":"xpath","value":"//*[@id=\"__tile34\"]"}
RESULT: {"using":"xpath","value":"//*[@id=\"__tile34\"]"}
COMMAND: POST /session/5a63dd2c1baca8a23524d8fc78a9e8d1/element/f.57195F63E3672ACCB9EF2C6FC914E601.d.0C43C64DDEB06621AC62DE5BB73408A3.e.1074/click - {}
RESULT: undefined
COMMAND: POST /session/5a63dd2c1baca8a23524d8fc78a9e8d1/element - {"using":"xpath","value":"//*[@id=\"__tile34\"]"}
RESULT: {"using":"xpath","value":"//*[@id=\"__tile34\"]"}
COMMAND: POST /session/5a63dd2c1baca8a23524d8fc78a9e8d1/element/f.57195F63E3672ACCB9EF2C6FC914E601.d.0C43C64DDEB06621AC62DE5BB73408A3.e.1074/click - {}
RESULT: undefined
COMMAND: POST /session/5a63dd2c1baca8a23524d8fc78a9e8d1/execute/async - {"script":"<script> [6424 bytes]","args":[{"element-6066-11e4-a52e-4f735466cecf":"f.57195F63E3672ACCB9EF2C6FC914E601.d.0C43C64DDEB06621AC62DE5BB73408A3.e.289"},"getTitle",[]]}
COMMAND: POST /session/5a63dd2c1baca8a23524d8fc78a9e8d1/execute/async - {"script":"<script> [1562 bytes]","args":[{"selector":{"id":"shellAppTitle"},"wdio_ui5_key":"shellAppTitle"}]}
RESULT: {"script":"<script> [1562 bytes]","args":[{"selector":{"id":"shellAppTitle"},"wdio_ui5_key":"shellAppTitle"}]}
COMMAND: POST /session/5a63dd2c1baca8a23524d8fc78a9e8d1/execute/async - {"script":"<script> [6424 bytes]","args":[{"element-6066-11e4-a52e-4f735466cecf":"f.57195F63E3672ACCB9EF2C6FC914E601.d.0C43C64DDEB06621AC62DE5BB73408A3.e.1173"},"getTitle",[]]}
RESULT: {"script":"<script> [6424 bytes]","args":[{"element-6066-11e4-a52e-4f735466cecf":"f.57195F63E3672ACCB9EF2C6FC914E601.d.0C43C64DDEB06621AC62DE5BB73408A3.e.1173"},"getTitle",[]]}
RESULT: undefined
COMMAND: POST /session/5a63dd2c1baca8a23524d8fc78a9e8d1/element/f.57195F63E3672ACCB9EF2C6FC914E601.d.0C43C64DDEB06621AC62DE5BB73408A3.e.875/click - {}
COMMAND: POST /session/5a63dd2c1baca8a23524d8fc78a9e8d1/element - {"using":"xpath","value":"//*[@id=\"backBtn\"]"}
RESULT: {"using":"xpath","value":"//*[@id=\"backBtn\"]"}
COMMAND: POST /session/5a63dd2c1baca8a23524d8fc78a9e8d1/element/f.57195F63E3672ACCB9EF2C6FC914E601.d.0C43C64DDEB06621AC62DE5BB73408A3.e.875/click - {}
COMMAND: POST /session/5a63dd2c1baca8a23524d8fc78a9e8d1/element - {"using":"xpath","value":"//*[@id=\"backBtn\"]"}
RESULT: {"using":"xpath","value":"//*[@id=\"backBtn\"]"}
COMMAND: POST /session/5a63dd2c1baca8a23524d8fc78a9e8d1/element/f.57195F63E3672ACCB9EF2C6FC914E601.d.0C43C64DDEB06621AC62DE5BB73408A3.e.1174/click - {}
RESULT: {}
COMMAND: GET /session/5a63dd2c1baca8a23524d8fc78a9e8d1/screenshot - {}
RESULT: {}
]]></system-out>
    </testcase>
    <testcase classname="chrome.135_0_7049_96.windows.Sanity_Tests_US104253" name="Should open Manage Yards page" time="33.917">
      <system-out><![CDATA[
COMMAND: POST /session/5a63dd2c1baca8a23524d8fc78a9e8d1/execute/async - {"script":"<script> [1562 bytes]","args":[{"selector":{"controlType":"sap.m.GenericTile","properties":{"header":"Manage Yards"}},"wdio_ui5_key":"sapm.GenericTile{\"header\":\"Manage Yards\"}"}]}
RESULT: {"script":"<script> [1562 bytes]","args":[{"selector":{"controlType":"sap.m.GenericTile","properties":{"header":"Manage Yards"}},"wdio_ui5_key":"sapm.GenericTile{\"header\":\"Manage Yards\"}"}]}
RESULT: undefined
COMMAND: POST /session/5a63dd2c1baca8a23524d8fc78a9e8d1/element - {"using":"xpath","value":"//*[@id=\"__tile41\"]"}
RESULT: {"using":"xpath","value":"//*[@id=\"__tile41\"]"}
COMMAND: POST /session/5a63dd2c1baca8a23524d8fc78a9e8d1/element/f.57195F63E3672ACCB9EF2C6FC914E601.d.0C43C64DDEB06621AC62DE5BB73408A3.e.1176/click - {}
RESULT: {}
COMMAND: GET /session/5a63dd2c1baca8a23524d8fc78a9e8d1/screenshot - {}
RESULT: {}
RESULT: undefined
COMMAND: POST /session/5a63dd2c1baca8a23524d8fc78a9e8d1/element - {"using":"xpath","value":"//*[@id=\"__tile41\"]"}
RESULT: {"using":"xpath","value":"//*[@id=\"__tile41\"]"}
COMMAND: POST /session/5a63dd2c1baca8a23524d8fc78a9e8d1/element/f.57195F63E3672ACCB9EF2C6FC914E601.d.0C43C64DDEB06621AC62DE5BB73408A3.e.1176/click - {}
RESULT: undefined
COMMAND: POST /session/5a63dd2c1baca8a23524d8fc78a9e8d1/element - {"using":"xpath","value":"//*[@id=\"__tile41\"]"}
RESULT: {"using":"xpath","value":"//*[@id=\"__tile41\"]"}
COMMAND: POST /session/5a63dd2c1baca8a23524d8fc78a9e8d1/element/f.57195F63E3672ACCB9EF2C6FC914E601.d.0C43C64DDEB06621AC62DE5BB73408A3.e.1176/click - {}
RESULT: undefined
COMMAND: POST /session/5a63dd2c1baca8a23524d8fc78a9e8d1/execute/async - {"script":"<script> [6424 bytes]","args":[{"element-6066-11e4-a52e-4f735466cecf":"f.57195F63E3672ACCB9EF2C6FC914E601.d.0C43C64DDEB06621AC62DE5BB73408A3.e.289"},"getTitle",[]]}
COMMAND: POST /session/5a63dd2c1baca8a23524d8fc78a9e8d1/execute/async - {"script":"<script> [1562 bytes]","args":[{"selector":{"id":"shellAppTitle"},"wdio_ui5_key":"shellAppTitle"}]}
RESULT: {"script":"<script> [1562 bytes]","args":[{"selector":{"id":"shellAppTitle"},"wdio_ui5_key":"shellAppTitle"}]}
COMMAND: POST /session/5a63dd2c1baca8a23524d8fc78a9e8d1/execute/async - {"script":"<script> [6424 bytes]","args":[{"element-6066-11e4-a52e-4f735466cecf":"f.57195F63E3672ACCB9EF2C6FC914E601.d.0C43C64DDEB06621AC62DE5BB73408A3.e.1357"},"getTitle",[]]}
RESULT: {"script":"<script> [6424 bytes]","args":[{"element-6066-11e4-a52e-4f735466cecf":"f.57195F63E3672ACCB9EF2C6FC914E601.d.0C43C64DDEB06621AC62DE5BB73408A3.e.1357"},"getTitle",[]]}
RESULT: undefined
COMMAND: POST /session/5a63dd2c1baca8a23524d8fc78a9e8d1/element/f.57195F63E3672ACCB9EF2C6FC914E601.d.0C43C64DDEB06621AC62DE5BB73408A3.e.1174/click - {}
RESULT: {}
COMMAND: GET /session/5a63dd2c1baca8a23524d8fc78a9e8d1/screenshot - {}
RESULT: {}
]]></system-out>
    </testcase>
    <testcase classname="chrome.135_0_7049_96.windows.Sanity_Tests_US104253" name="Should open Manage Requests page" time="34.504">
      <system-out><![CDATA[
COMMAND: POST /session/5a63dd2c1baca8a23524d8fc78a9e8d1/execute/async - {"script":"<script> [1562 bytes]","args":[{"selector":{"controlType":"sap.m.GenericTile","properties":{"header":"Manage Requests"}},"wdio_ui5_key":"sapm.GenericTile{\"header\":\"Manage Requests\"}"}]}
RESULT: {"script":"<script> [1562 bytes]","args":[{"selector":{"controlType":"sap.m.GenericTile","properties":{"header":"Manage Requests"}},"wdio_ui5_key":"sapm.GenericTile{\"header\":\"Manage Requests\"}"}]}
RESULT: undefined
COMMAND: POST /session/5a63dd2c1baca8a23524d8fc78a9e8d1/element - {"using":"xpath","value":"//*[@id=\"__tile47\"]"}
RESULT: {"using":"xpath","value":"//*[@id=\"__tile47\"]"}
COMMAND: POST /session/5a63dd2c1baca8a23524d8fc78a9e8d1/element/f.57195F63E3672ACCB9EF2C6FC914E601.d.0C43C64DDEB06621AC62DE5BB73408A3.e.1359/click - {}
RESULT: {}
COMMAND: GET /session/5a63dd2c1baca8a23524d8fc78a9e8d1/screenshot - {}
RESULT: {}
RESULT: undefined
COMMAND: POST /session/5a63dd2c1baca8a23524d8fc78a9e8d1/element - {"using":"xpath","value":"//*[@id=\"__tile47\"]"}
RESULT: {"using":"xpath","value":"//*[@id=\"__tile47\"]"}
COMMAND: POST /session/5a63dd2c1baca8a23524d8fc78a9e8d1/element/f.57195F63E3672ACCB9EF2C6FC914E601.d.0C43C64DDEB06621AC62DE5BB73408A3.e.1359/click - {}
RESULT: undefined
COMMAND: POST /session/5a63dd2c1baca8a23524d8fc78a9e8d1/element - {"using":"xpath","value":"//*[@id=\"__tile47\"]"}
RESULT: {"using":"xpath","value":"//*[@id=\"__tile47\"]"}
COMMAND: POST /session/5a63dd2c1baca8a23524d8fc78a9e8d1/element/f.57195F63E3672ACCB9EF2C6FC914E601.d.0C43C64DDEB06621AC62DE5BB73408A3.e.1359/click - {}
RESULT: undefined
COMMAND: POST /session/5a63dd2c1baca8a23524d8fc78a9e8d1/execute/async - {"script":"<script> [6424 bytes]","args":[{"element-6066-11e4-a52e-4f735466cecf":"f.57195F63E3672ACCB9EF2C6FC914E601.d.0C43C64DDEB06621AC62DE5BB73408A3.e.289"},"getTitle",[]]}
COMMAND: POST /session/5a63dd2c1baca8a23524d8fc78a9e8d1/execute/async - {"script":"<script> [1562 bytes]","args":[{"selector":{"id":"shellAppTitle"},"wdio_ui5_key":"shellAppTitle"}]}
RESULT: {"script":"<script> [1562 bytes]","args":[{"selector":{"id":"shellAppTitle"},"wdio_ui5_key":"shellAppTitle"}]}
COMMAND: POST /session/5a63dd2c1baca8a23524d8fc78a9e8d1/execute/async - {"script":"<script> [6424 bytes]","args":[{"element-6066-11e4-a52e-4f735466cecf":"f.57195F63E3672ACCB9EF2C6FC914E601.d.0C43C64DDEB06621AC62DE5BB73408A3.e.1455"},"getTitle",[]]}
RESULT: {"script":"<script> [6424 bytes]","args":[{"element-6066-11e4-a52e-4f735466cecf":"f.57195F63E3672ACCB9EF2C6FC914E601.d.0C43C64DDEB06621AC62DE5BB73408A3.e.1455"},"getTitle",[]]}
RESULT: undefined
COMMAND: POST /session/5a63dd2c1baca8a23524d8fc78a9e8d1/element/f.57195F63E3672ACCB9EF2C6FC914E601.d.0C43C64DDEB06621AC62DE5BB73408A3.e.1174/click - {}
COMMAND: POST /session/5a63dd2c1baca8a23524d8fc78a9e8d1/element - {"using":"xpath","value":"//*[@id=\"backBtn\"]"}
RESULT: {"using":"xpath","value":"//*[@id=\"backBtn\"]"}
COMMAND: POST /session/5a63dd2c1baca8a23524d8fc78a9e8d1/element/f.57195F63E3672ACCB9EF2C6FC914E601.d.0C43C64DDEB06621AC62DE5BB73408A3.e.1174/click - {}
COMMAND: POST /session/5a63dd2c1baca8a23524d8fc78a9e8d1/element - {"using":"xpath","value":"//*[@id=\"backBtn\"]"}
RESULT: {"using":"xpath","value":"//*[@id=\"backBtn\"]"}
COMMAND: POST /session/5a63dd2c1baca8a23524d8fc78a9e8d1/element/f.57195F63E3672ACCB9EF2C6FC914E601.d.0C43C64DDEB06621AC62DE5BB73408A3.e.1456/click - {}
RESULT: {}
COMMAND: GET /session/5a63dd2c1baca8a23524d8fc78a9e8d1/screenshot - {}
RESULT: {}
]]></system-out>
    </testcase>
    <testcase classname="chrome.135_0_7049_96.windows.Sanity_Tests_US104253" name="Should open Manage Purchasing page" time="33.675">
      <system-out><![CDATA[
COMMAND: POST /session/5a63dd2c1baca8a23524d8fc78a9e8d1/execute/async - {"script":"<script> [1562 bytes]","args":[{"selector":{"controlType":"sap.m.GenericTile","properties":{"header":"Manage Purchasing"}},"wdio_ui5_key":"sapm.GenericTile{\"header\":\"Manage Purchasing\"}"}]}
RESULT: {"script":"<script> [1562 bytes]","args":[{"selector":{"controlType":"sap.m.GenericTile","properties":{"header":"Manage Purchasing"}},"wdio_ui5_key":"sapm.GenericTile{\"header\":\"Manage Purchasing\"}"}]}
RESULT: undefined
COMMAND: POST /session/5a63dd2c1baca8a23524d8fc78a9e8d1/element - {"using":"xpath","value":"//*[@id=\"__tile46\"]"}
RESULT: {"using":"xpath","value":"//*[@id=\"__tile46\"]"}
COMMAND: POST /session/5a63dd2c1baca8a23524d8fc78a9e8d1/element/f.57195F63E3672ACCB9EF2C6FC914E601.d.0C43C64DDEB06621AC62DE5BB73408A3.e.1459/click - {}
RESULT: {}
COMMAND: GET /session/5a63dd2c1baca8a23524d8fc78a9e8d1/screenshot - {}
RESULT: {}
RESULT: undefined
COMMAND: POST /session/5a63dd2c1baca8a23524d8fc78a9e8d1/element - {"using":"xpath","value":"//*[@id=\"__tile46\"]"}
RESULT: {"using":"xpath","value":"//*[@id=\"__tile46\"]"}
COMMAND: POST /session/5a63dd2c1baca8a23524d8fc78a9e8d1/element/f.57195F63E3672ACCB9EF2C6FC914E601.d.0C43C64DDEB06621AC62DE5BB73408A3.e.1459/click - {}
RESULT: undefined
COMMAND: POST /session/5a63dd2c1baca8a23524d8fc78a9e8d1/element - {"using":"xpath","value":"//*[@id=\"__tile46\"]"}
RESULT: {"using":"xpath","value":"//*[@id=\"__tile46\"]"}
COMMAND: POST /session/5a63dd2c1baca8a23524d8fc78a9e8d1/element/f.57195F63E3672ACCB9EF2C6FC914E601.d.0C43C64DDEB06621AC62DE5BB73408A3.e.1459/click - {}
RESULT: undefined
COMMAND: POST /session/5a63dd2c1baca8a23524d8fc78a9e8d1/execute/async - {"script":"<script> [6424 bytes]","args":[{"element-6066-11e4-a52e-4f735466cecf":"f.57195F63E3672ACCB9EF2C6FC914E601.d.0C43C64DDEB06621AC62DE5BB73408A3.e.289"},"getTitle",[]]}
COMMAND: POST /session/5a63dd2c1baca8a23524d8fc78a9e8d1/execute/async - {"script":"<script> [1562 bytes]","args":[{"selector":{"id":"shellAppTitle"},"wdio_ui5_key":"shellAppTitle"}]}
RESULT: {"script":"<script> [1562 bytes]","args":[{"selector":{"id":"shellAppTitle"},"wdio_ui5_key":"shellAppTitle"}]}
COMMAND: POST /session/5a63dd2c1baca8a23524d8fc78a9e8d1/execute/async - {"script":"<script> [6424 bytes]","args":[{"element-6066-11e4-a52e-4f735466cecf":"f.57195F63E3672ACCB9EF2C6FC914E601.d.0C43C64DDEB06621AC62DE5BB73408A3.e.1534"},"getTitle",[]]}
RESULT: {"script":"<script> [6424 bytes]","args":[{"element-6066-11e4-a52e-4f735466cecf":"f.57195F63E3672ACCB9EF2C6FC914E601.d.0C43C64DDEB06621AC62DE5BB73408A3.e.1534"},"getTitle",[]]}
RESULT: undefined
COMMAND: POST /session/5a63dd2c1baca8a23524d8fc78a9e8d1/element/f.57195F63E3672ACCB9EF2C6FC914E601.d.0C43C64DDEB06621AC62DE5BB73408A3.e.1456/click - {}
RESULT: {}
COMMAND: GET /session/5a63dd2c1baca8a23524d8fc78a9e8d1/screenshot - {}
RESULT: {}
]]></system-out>
    </testcase>
    <testcase classname="chrome.135_0_7049_96.windows.Sanity_Tests_US104253" name="Should open Planning Board page" time="34.132">
      <system-out><![CDATA[
COMMAND: POST /session/5a63dd2c1baca8a23524d8fc78a9e8d1/execute/async - {"script":"<script> [1562 bytes]","args":[{"selector":{"controlType":"sap.m.GenericTile","properties":{"header":"Planning Board"}},"wdio_ui5_key":"sapm.GenericTile{\"header\":\"Planning Board\"}"}]}
RESULT: {"script":"<script> [1562 bytes]","args":[{"selector":{"controlType":"sap.m.GenericTile","properties":{"header":"Planning Board"}},"wdio_ui5_key":"sapm.GenericTile{\"header\":\"Planning Board\"}"}]}
RESULT: undefined
COMMAND: POST /session/5a63dd2c1baca8a23524d8fc78a9e8d1/element - {"using":"xpath","value":"//*[@id=\"__tile133\"]"}
RESULT: {"using":"xpath","value":"//*[@id=\"__tile133\"]"}
COMMAND: POST /session/5a63dd2c1baca8a23524d8fc78a9e8d1/element/f.57195F63E3672ACCB9EF2C6FC914E601.d.0C43C64DDEB06621AC62DE5BB73408A3.e.1536/click - {}
RESULT: {}
COMMAND: GET /session/5a63dd2c1baca8a23524d8fc78a9e8d1/screenshot - {}
RESULT: {}
RESULT: undefined
COMMAND: POST /session/5a63dd2c1baca8a23524d8fc78a9e8d1/element - {"using":"xpath","value":"//*[@id=\"__tile133\"]"}
RESULT: {"using":"xpath","value":"//*[@id=\"__tile133\"]"}
COMMAND: POST /session/5a63dd2c1baca8a23524d8fc78a9e8d1/element/f.57195F63E3672ACCB9EF2C6FC914E601.d.0C43C64DDEB06621AC62DE5BB73408A3.e.1536/click - {}
RESULT: undefined
COMMAND: POST /session/5a63dd2c1baca8a23524d8fc78a9e8d1/element - {"using":"xpath","value":"//*[@id=\"__tile133\"]"}
RESULT: {"using":"xpath","value":"//*[@id=\"__tile133\"]"}
COMMAND: POST /session/5a63dd2c1baca8a23524d8fc78a9e8d1/element/f.57195F63E3672ACCB9EF2C6FC914E601.d.0C43C64DDEB06621AC62DE5BB73408A3.e.1536/click - {}
RESULT: undefined
COMMAND: POST /session/5a63dd2c1baca8a23524d8fc78a9e8d1/execute/async - {"script":"<script> [6424 bytes]","args":[{"element-6066-11e4-a52e-4f735466cecf":"f.57195F63E3672ACCB9EF2C6FC914E601.d.0C43C64DDEB06621AC62DE5BB73408A3.e.289"},"getTitle",[]]}
COMMAND: POST /session/5a63dd2c1baca8a23524d8fc78a9e8d1/execute/async - {"script":"<script> [1562 bytes]","args":[{"selector":{"id":"shellAppTitle"},"wdio_ui5_key":"shellAppTitle"}]}
RESULT: {"script":"<script> [1562 bytes]","args":[{"selector":{"id":"shellAppTitle"},"wdio_ui5_key":"shellAppTitle"}]}
COMMAND: POST /session/5a63dd2c1baca8a23524d8fc78a9e8d1/execute/async - {"script":"<script> [6424 bytes]","args":[{"element-6066-11e4-a52e-4f735466cecf":"f.57195F63E3672ACCB9EF2C6FC914E601.d.0C43C64DDEB06621AC62DE5BB73408A3.e.1587"},"getTitle",[]]}
RESULT: {"script":"<script> [6424 bytes]","args":[{"element-6066-11e4-a52e-4f735466cecf":"f.57195F63E3672ACCB9EF2C6FC914E601.d.0C43C64DDEB06621AC62DE5BB73408A3.e.1587"},"getTitle",[]]}
RESULT: undefined
COMMAND: POST /session/5a63dd2c1baca8a23524d8fc78a9e8d1/element/f.57195F63E3672ACCB9EF2C6FC914E601.d.0C43C64DDEB06621AC62DE5BB73408A3.e.1456/click - {}
COMMAND: POST /session/5a63dd2c1baca8a23524d8fc78a9e8d1/element/f.57195F63E3672ACCB9EF2C6FC914E601.d.0C43C64DDEB06621AC62DE5BB73408A3.e.1456/click - {}
COMMAND: POST /session/5a63dd2c1baca8a23524d8fc78a9e8d1/element - {"using":"xpath","value":"//*[@id=\"backBtn\"]"}
COMMAND: POST /session/5a63dd2c1baca8a23524d8fc78a9e8d1/element - {"using":"xpath","value":"//*[@id=\"backBtn\"]"}
RESULT: {"using":"xpath","value":"//*[@id=\"backBtn\"]"}
COMMAND: POST /session/5a63dd2c1baca8a23524d8fc78a9e8d1/element/f.57195F63E3672ACCB9EF2C6FC914E601.d.0C43C64DDEB06621AC62DE5BB73408A3.e.1456/click - {}
RESULT: {"using":"xpath","value":"//*[@id=\"backBtn\"]"}
COMMAND: POST /session/5a63dd2c1baca8a23524d8fc78a9e8d1/element/f.57195F63E3672ACCB9EF2C6FC914E601.d.0C43C64DDEB06621AC62DE5BB73408A3.e.1456/click - {}
COMMAND: POST /session/5a63dd2c1baca8a23524d8fc78a9e8d1/element - {"using":"xpath","value":"//*[@id=\"backBtn\"]"}
COMMAND: POST /session/5a63dd2c1baca8a23524d8fc78a9e8d1/element - {"using":"xpath","value":"//*[@id=\"backBtn\"]"}
RESULT: {"using":"xpath","value":"//*[@id=\"backBtn\"]"}
COMMAND: POST /session/5a63dd2c1baca8a23524d8fc78a9e8d1/element/f.57195F63E3672ACCB9EF2C6FC914E601.d.0C43C64DDEB06621AC62DE5BB73408A3.e.1588/click - {}
RESULT: {"using":"xpath","value":"//*[@id=\"backBtn\"]"}
COMMAND: POST /session/5a63dd2c1baca8a23524d8fc78a9e8d1/element/f.57195F63E3672ACCB9EF2C6FC914E601.d.0C43C64DDEB06621AC62DE5BB73408A3.e.1588/click - {}
RESULT: {}
COMMAND: GET /session/5a63dd2c1baca8a23524d8fc78a9e8d1/screenshot - {}
RESULT: {}
COMMAND: GET /session/5a63dd2c1baca8a23524d8fc78a9e8d1/screenshot - {}
RESULT: {}
RESULT: {}
]]></system-out>
    </testcase>
    <testcase classname="chrome.135_0_7049_96.windows.Sanity_Tests_US104253" name="Should open Manage Contracts page" time="36.949">
      <system-out><![CDATA[
COMMAND: POST /session/5a63dd2c1baca8a23524d8fc78a9e8d1/execute/async - {"script":"<script> [1562 bytes]","args":[{"selector":{"controlType":"sap.m.GenericTile","properties":{"header":"Manage Contracts"}},"wdio_ui5_key":"sapm.GenericTile{\"header\":\"Manage Contracts\"}"}]}
RESULT: {"script":"<script> [1562 bytes]","args":[{"selector":{"controlType":"sap.m.GenericTile","properties":{"header":"Manage Contracts"}},"wdio_ui5_key":"sapm.GenericTile{\"header\":\"Manage Contracts\"}"}]}
RESULT: undefined
COMMAND: POST /session/5a63dd2c1baca8a23524d8fc78a9e8d1/element - {"using":"xpath","value":"//*[@id=\"__tile130\"]"}
RESULT: {"using":"xpath","value":"//*[@id=\"__tile130\"]"}
COMMAND: POST /session/5a63dd2c1baca8a23524d8fc78a9e8d1/element/f.57195F63E3672ACCB9EF2C6FC914E601.d.0C43C64DDEB06621AC62DE5BB73408A3.e.1590/click - {}
RESULT: {}
COMMAND: GET /session/5a63dd2c1baca8a23524d8fc78a9e8d1/screenshot - {}
RESULT: {}
RESULT: undefined
COMMAND: POST /session/5a63dd2c1baca8a23524d8fc78a9e8d1/element - {"using":"xpath","value":"//*[@id=\"__tile130\"]"}
RESULT: {"using":"xpath","value":"//*[@id=\"__tile130\"]"}
COMMAND: POST /session/5a63dd2c1baca8a23524d8fc78a9e8d1/element/f.57195F63E3672ACCB9EF2C6FC914E601.d.0C43C64DDEB06621AC62DE5BB73408A3.e.1590/click - {}
RESULT: undefined
COMMAND: POST /session/5a63dd2c1baca8a23524d8fc78a9e8d1/element - {"using":"xpath","value":"//*[@id=\"__tile130\"]"}
RESULT: {"using":"xpath","value":"//*[@id=\"__tile130\"]"}
COMMAND: POST /session/5a63dd2c1baca8a23524d8fc78a9e8d1/element/f.57195F63E3672ACCB9EF2C6FC914E601.d.0C43C64DDEB06621AC62DE5BB73408A3.e.1590/click - {}
RESULT: undefined
COMMAND: POST /session/5a63dd2c1baca8a23524d8fc78a9e8d1/execute/async - {"script":"<script> [6424 bytes]","args":[{"element-6066-11e4-a52e-4f735466cecf":"f.57195F63E3672ACCB9EF2C6FC914E601.d.0C43C64DDEB06621AC62DE5BB73408A3.e.289"},"getTitle",[]]}
COMMAND: POST /session/5a63dd2c1baca8a23524d8fc78a9e8d1/execute/async - {"script":"<script> [1562 bytes]","args":[{"selector":{"id":"shellAppTitle"},"wdio_ui5_key":"shellAppTitle"}]}
RESULT: {"script":"<script> [1562 bytes]","args":[{"selector":{"id":"shellAppTitle"},"wdio_ui5_key":"shellAppTitle"}]}
COMMAND: POST /session/5a63dd2c1baca8a23524d8fc78a9e8d1/execute/async - {"script":"<script> [6424 bytes]","args":[{"element-6066-11e4-a52e-4f735466cecf":"f.57195F63E3672ACCB9EF2C6FC914E601.d.0C43C64DDEB06621AC62DE5BB73408A3.e.1652"},"getTitle",[]]}
RESULT: {"script":"<script> [6424 bytes]","args":[{"element-6066-11e4-a52e-4f735466cecf":"f.57195F63E3672ACCB9EF2C6FC914E601.d.0C43C64DDEB06621AC62DE5BB73408A3.e.1652"},"getTitle",[]]}
RESULT: undefined
COMMAND: POST /session/5a63dd2c1baca8a23524d8fc78a9e8d1/element/f.57195F63E3672ACCB9EF2C6FC914E601.d.0C43C64DDEB06621AC62DE5BB73408A3.e.1588/click - {}
RESULT: {}
COMMAND: GET /session/5a63dd2c1baca8a23524d8fc78a9e8d1/screenshot - {}
RESULT: {}
]]></system-out>
    </testcase>
    <testcase classname="chrome.135_0_7049_96.windows.Sanity_Tests_US104253" name="Should open Manage Quotations page" time="34.405">
      <system-out><![CDATA[
COMMAND: POST /session/5a63dd2c1baca8a23524d8fc78a9e8d1/execute/async - {"script":"<script> [1562 bytes]","args":[{"selector":{"controlType":"sap.m.GenericTile","properties":{"header":"Manage Quotations"}},"wdio_ui5_key":"sapm.GenericTile{\"header\":\"Manage Quotations\"}"}]}
RESULT: {"script":"<script> [1562 bytes]","args":[{"selector":{"controlType":"sap.m.GenericTile","properties":{"header":"Manage Quotations"}},"wdio_ui5_key":"sapm.GenericTile{\"header\":\"Manage Quotations\"}"}]}
RESULT: undefined
COMMAND: POST /session/5a63dd2c1baca8a23524d8fc78a9e8d1/element - {"using":"xpath","value":"//*[@id=\"__tile132\"]"}
RESULT: {"using":"xpath","value":"//*[@id=\"__tile132\"]"}
COMMAND: POST /session/5a63dd2c1baca8a23524d8fc78a9e8d1/element/f.57195F63E3672ACCB9EF2C6FC914E601.d.0C43C64DDEB06621AC62DE5BB73408A3.e.1654/click - {}
RESULT: {}
COMMAND: GET /session/5a63dd2c1baca8a23524d8fc78a9e8d1/screenshot - {}
RESULT: undefined
COMMAND: POST /session/5a63dd2c1baca8a23524d8fc78a9e8d1/element - {"using":"xpath","value":"//*[@id=\"__tile132\"]"}
RESULT: {}
RESULT: {"using":"xpath","value":"//*[@id=\"__tile132\"]"}
COMMAND: POST /session/5a63dd2c1baca8a23524d8fc78a9e8d1/element/f.57195F63E3672ACCB9EF2C6FC914E601.d.0C43C64DDEB06621AC62DE5BB73408A3.e.1654/click - {}
RESULT: undefined
COMMAND: POST /session/5a63dd2c1baca8a23524d8fc78a9e8d1/element - {"using":"xpath","value":"//*[@id=\"__tile132\"]"}
RESULT: {"using":"xpath","value":"//*[@id=\"__tile132\"]"}
COMMAND: POST /session/5a63dd2c1baca8a23524d8fc78a9e8d1/element/f.57195F63E3672ACCB9EF2C6FC914E601.d.0C43C64DDEB06621AC62DE5BB73408A3.e.1654/click - {}
RESULT: undefined
COMMAND: POST /session/5a63dd2c1baca8a23524d8fc78a9e8d1/execute/async - {"script":"<script> [6424 bytes]","args":[{"element-6066-11e4-a52e-4f735466cecf":"f.57195F63E3672ACCB9EF2C6FC914E601.d.0C43C64DDEB06621AC62DE5BB73408A3.e.289"},"getTitle",[]]}
COMMAND: POST /session/5a63dd2c1baca8a23524d8fc78a9e8d1/execute/async - {"script":"<script> [1562 bytes]","args":[{"selector":{"id":"shellAppTitle"},"wdio_ui5_key":"shellAppTitle"}]}
RESULT: {"script":"<script> [1562 bytes]","args":[{"selector":{"id":"shellAppTitle"},"wdio_ui5_key":"shellAppTitle"}]}
COMMAND: POST /session/5a63dd2c1baca8a23524d8fc78a9e8d1/execute/async - {"script":"<script> [6424 bytes]","args":[{"element-6066-11e4-a52e-4f735466cecf":"f.57195F63E3672ACCB9EF2C6FC914E601.d.0C43C64DDEB06621AC62DE5BB73408A3.e.1762"},"getTitle",[]]}
RESULT: {"script":"<script> [6424 bytes]","args":[{"element-6066-11e4-a52e-4f735466cecf":"f.57195F63E3672ACCB9EF2C6FC914E601.d.0C43C64DDEB06621AC62DE5BB73408A3.e.1762"},"getTitle",[]]}
RESULT: undefined
COMMAND: POST /session/5a63dd2c1baca8a23524d8fc78a9e8d1/element/f.57195F63E3672ACCB9EF2C6FC914E601.d.0C43C64DDEB06621AC62DE5BB73408A3.e.1588/click - {}
COMMAND: POST /session/5a63dd2c1baca8a23524d8fc78a9e8d1/element - {"using":"xpath","value":"//*[@id=\"backBtn\"]"}
RESULT: {"using":"xpath","value":"//*[@id=\"backBtn\"]"}
COMMAND: POST /session/5a63dd2c1baca8a23524d8fc78a9e8d1/element/f.57195F63E3672ACCB9EF2C6FC914E601.d.0C43C64DDEB06621AC62DE5BB73408A3.e.1588/click - {}
COMMAND: POST /session/5a63dd2c1baca8a23524d8fc78a9e8d1/element - {"using":"xpath","value":"//*[@id=\"backBtn\"]"}
RESULT: {"using":"xpath","value":"//*[@id=\"backBtn\"]"}
COMMAND: POST /session/5a63dd2c1baca8a23524d8fc78a9e8d1/element/f.57195F63E3672ACCB9EF2C6FC914E601.d.0C43C64DDEB06621AC62DE5BB73408A3.e.1763/click - {}
RESULT: {}
COMMAND: GET /session/5a63dd2c1baca8a23524d8fc78a9e8d1/screenshot - {}
RESULT: {}
]]></system-out>
    </testcase>
    <testcase classname="chrome.135_0_7049_96.windows.Sanity_Tests_US104253" name="Should open Manage Handovers page" time="33.445">
      <system-out><![CDATA[
COMMAND: POST /session/5a63dd2c1baca8a23524d8fc78a9e8d1/execute/async - {"script":"<script> [1562 bytes]","args":[{"selector":{"controlType":"sap.m.GenericTile","properties":{"header":"Manage Handovers"}},"wdio_ui5_key":"sapm.GenericTile{\"header\":\"Manage Handovers\"}"}]}
RESULT: {"script":"<script> [1562 bytes]","args":[{"selector":{"controlType":"sap.m.GenericTile","properties":{"header":"Manage Handovers"}},"wdio_ui5_key":"sapm.GenericTile{\"header\":\"Manage Handovers\"}"}]}
RESULT: undefined
COMMAND: POST /session/5a63dd2c1baca8a23524d8fc78a9e8d1/element - {"using":"xpath","value":"//*[@id=\"__tile131\"]"}
RESULT: {"using":"xpath","value":"//*[@id=\"__tile131\"]"}
COMMAND: POST /session/5a63dd2c1baca8a23524d8fc78a9e8d1/element/f.57195F63E3672ACCB9EF2C6FC914E601.d.0C43C64DDEB06621AC62DE5BB73408A3.e.1765/click - {}
RESULT: {}
COMMAND: GET /session/5a63dd2c1baca8a23524d8fc78a9e8d1/screenshot - {}
RESULT: {}
RESULT: undefined
COMMAND: POST /session/5a63dd2c1baca8a23524d8fc78a9e8d1/element - {"using":"xpath","value":"//*[@id=\"__tile131\"]"}
RESULT: {"using":"xpath","value":"//*[@id=\"__tile131\"]"}
COMMAND: POST /session/5a63dd2c1baca8a23524d8fc78a9e8d1/element/f.57195F63E3672ACCB9EF2C6FC914E601.d.0C43C64DDEB06621AC62DE5BB73408A3.e.1765/click - {}
RESULT: undefined
COMMAND: POST /session/5a63dd2c1baca8a23524d8fc78a9e8d1/element - {"using":"xpath","value":"//*[@id=\"__tile131\"]"}
RESULT: {"using":"xpath","value":"//*[@id=\"__tile131\"]"}
COMMAND: POST /session/5a63dd2c1baca8a23524d8fc78a9e8d1/element/f.57195F63E3672ACCB9EF2C6FC914E601.d.0C43C64DDEB06621AC62DE5BB73408A3.e.1765/click - {}
RESULT: undefined
COMMAND: POST /session/5a63dd2c1baca8a23524d8fc78a9e8d1/execute/async - {"script":"<script> [6424 bytes]","args":[{"element-6066-11e4-a52e-4f735466cecf":"f.57195F63E3672ACCB9EF2C6FC914E601.d.0C43C64DDEB06621AC62DE5BB73408A3.e.289"},"getTitle",[]]}
COMMAND: POST /session/5a63dd2c1baca8a23524d8fc78a9e8d1/execute/async - {"script":"<script> [1562 bytes]","args":[{"selector":{"id":"shellAppTitle"},"wdio_ui5_key":"shellAppTitle"}]}
RESULT: {"script":"<script> [1562 bytes]","args":[{"selector":{"id":"shellAppTitle"},"wdio_ui5_key":"shellAppTitle"}]}
COMMAND: POST /session/5a63dd2c1baca8a23524d8fc78a9e8d1/execute/async - {"script":"<script> [6424 bytes]","args":[{"element-6066-11e4-a52e-4f735466cecf":"f.57195F63E3672ACCB9EF2C6FC914E601.d.0C43C64DDEB06621AC62DE5BB73408A3.e.1993"},"getTitle",[]]}
RESULT: {"script":"<script> [6424 bytes]","args":[{"element-6066-11e4-a52e-4f735466cecf":"f.57195F63E3672ACCB9EF2C6FC914E601.d.0C43C64DDEB06621AC62DE5BB73408A3.e.1993"},"getTitle",[]]}
RESULT: undefined
COMMAND: POST /session/5a63dd2c1baca8a23524d8fc78a9e8d1/element/f.57195F63E3672ACCB9EF2C6FC914E601.d.0C43C64DDEB06621AC62DE5BB73408A3.e.1763/click - {}
RESULT: {}
COMMAND: GET /session/5a63dd2c1baca8a23524d8fc78a9e8d1/screenshot - {}
RESULT: {}
]]></system-out>
    </testcase>
    <testcase classname="chrome.135_0_7049_96.windows.Sanity_Tests_US104253" name="Should open Delivery Monitor page" time="34.563">
      <system-out><![CDATA[
COMMAND: POST /session/5a63dd2c1baca8a23524d8fc78a9e8d1/execute/async - {"script":"<script> [1562 bytes]","args":[{"selector":{"controlType":"sap.m.GenericTile","properties":{"header":"Delivery Monitor"}},"wdio_ui5_key":"sapm.GenericTile{\"header\":\"Delivery Monitor\"}"}]}
RESULT: {"script":"<script> [1562 bytes]","args":[{"selector":{"controlType":"sap.m.GenericTile","properties":{"header":"Delivery Monitor"}},"wdio_ui5_key":"sapm.GenericTile{\"header\":\"Delivery Monitor\"}"}]}
RESULT: undefined
COMMAND: POST /session/5a63dd2c1baca8a23524d8fc78a9e8d1/element - {"using":"xpath","value":"//*[@id=\"__tile43\"]"}
RESULT: {"using":"xpath","value":"//*[@id=\"__tile43\"]"}
COMMAND: POST /session/5a63dd2c1baca8a23524d8fc78a9e8d1/element/f.57195F63E3672ACCB9EF2C6FC914E601.d.0C43C64DDEB06621AC62DE5BB73408A3.e.1995/click - {}
RESULT: {}
COMMAND: GET /session/5a63dd2c1baca8a23524d8fc78a9e8d1/screenshot - {}
RESULT: {}
RESULT: undefined
COMMAND: POST /session/5a63dd2c1baca8a23524d8fc78a9e8d1/element - {"using":"xpath","value":"//*[@id=\"__tile43\"]"}
RESULT: {"using":"xpath","value":"//*[@id=\"__tile43\"]"}
COMMAND: POST /session/5a63dd2c1baca8a23524d8fc78a9e8d1/element/f.57195F63E3672ACCB9EF2C6FC914E601.d.0C43C64DDEB06621AC62DE5BB73408A3.e.1995/click - {}
RESULT: undefined
COMMAND: POST /session/5a63dd2c1baca8a23524d8fc78a9e8d1/element - {"using":"xpath","value":"//*[@id=\"__tile43\"]"}
RESULT: {"using":"xpath","value":"//*[@id=\"__tile43\"]"}
COMMAND: POST /session/5a63dd2c1baca8a23524d8fc78a9e8d1/element/f.57195F63E3672ACCB9EF2C6FC914E601.d.0C43C64DDEB06621AC62DE5BB73408A3.e.1995/click - {}
RESULT: undefined
COMMAND: POST /session/5a63dd2c1baca8a23524d8fc78a9e8d1/execute/async - {"script":"<script> [6424 bytes]","args":[{"element-6066-11e4-a52e-4f735466cecf":"f.57195F63E3672ACCB9EF2C6FC914E601.d.0C43C64DDEB06621AC62DE5BB73408A3.e.289"},"getTitle",[]]}
COMMAND: POST /session/5a63dd2c1baca8a23524d8fc78a9e8d1/execute/async - {"script":"<script> [1562 bytes]","args":[{"selector":{"id":"shellAppTitle"},"wdio_ui5_key":"shellAppTitle"}]}
RESULT: {"script":"<script> [1562 bytes]","args":[{"selector":{"id":"shellAppTitle"},"wdio_ui5_key":"shellAppTitle"}]}
COMMAND: POST /session/5a63dd2c1baca8a23524d8fc78a9e8d1/execute/async - {"script":"<script> [6424 bytes]","args":[{"element-6066-11e4-a52e-4f735466cecf":"f.57195F63E3672ACCB9EF2C6FC914E601.d.0C43C64DDEB06621AC62DE5BB73408A3.e.2113"},"getTitle",[]]}
RESULT: {"script":"<script> [6424 bytes]","args":[{"element-6066-11e4-a52e-4f735466cecf":"f.57195F63E3672ACCB9EF2C6FC914E601.d.0C43C64DDEB06621AC62DE5BB73408A3.e.2113"},"getTitle",[]]}
RESULT: undefined
COMMAND: POST /session/5a63dd2c1baca8a23524d8fc78a9e8d1/element/f.57195F63E3672ACCB9EF2C6FC914E601.d.0C43C64DDEB06621AC62DE5BB73408A3.e.1763/click - {}
COMMAND: POST /session/5a63dd2c1baca8a23524d8fc78a9e8d1/element - {"using":"xpath","value":"//*[@id=\"backBtn\"]"}
RESULT: {"using":"xpath","value":"//*[@id=\"backBtn\"]"}
COMMAND: POST /session/5a63dd2c1baca8a23524d8fc78a9e8d1/element/f.57195F63E3672ACCB9EF2C6FC914E601.d.0C43C64DDEB06621AC62DE5BB73408A3.e.1763/click - {}
COMMAND: POST /session/5a63dd2c1baca8a23524d8fc78a9e8d1/element - {"using":"xpath","value":"//*[@id=\"backBtn\"]"}
RESULT: {"using":"xpath","value":"//*[@id=\"backBtn\"]"}
COMMAND: POST /session/5a63dd2c1baca8a23524d8fc78a9e8d1/element/f.57195F63E3672ACCB9EF2C6FC914E601.d.0C43C64DDEB06621AC62DE5BB73408A3.e.2114/click - {}
RESULT: {}
COMMAND: GET /session/5a63dd2c1baca8a23524d8fc78a9e8d1/screenshot - {}
RESULT: {}
]]></system-out>
    </testcase>
    <testcase classname="chrome.135_0_7049_96.windows.Sanity_Tests_US104253" name="Should open Manage Calendar Exceptions page" time="34.786">
      <system-out><![CDATA[
COMMAND: POST /session/5a63dd2c1baca8a23524d8fc78a9e8d1/execute/async - {"script":"<script> [1562 bytes]","args":[{"selector":{"controlType":"sap.m.GenericTile","properties":{"header":"Manage Calendar Exceptions"}},"wdio_ui5_key":"sapm.GenericTile{\"header\":\"Manage Calendar Exceptions\"}"}]}
RESULT: {"script":"<script> [1562 bytes]","args":[{"selector":{"controlType":"sap.m.GenericTile","properties":{"header":"Manage Calendar Exceptions"}},"wdio_ui5_key":"sapm.GenericTile{\"header\":\"Manage Calendar Exceptions\"}"}]}
RESULT: undefined
COMMAND: POST /session/5a63dd2c1baca8a23524d8fc78a9e8d1/element - {"using":"xpath","value":"//*[@id=\"__tile52\"]"}
RESULT: {"using":"xpath","value":"//*[@id=\"__tile52\"]"}
COMMAND: POST /session/5a63dd2c1baca8a23524d8fc78a9e8d1/element/f.57195F63E3672ACCB9EF2C6FC914E601.d.0C43C64DDEB06621AC62DE5BB73408A3.e.2116/click - {}
RESULT: {}
COMMAND: GET /session/5a63dd2c1baca8a23524d8fc78a9e8d1/screenshot - {}
RESULT: {}
RESULT: undefined
COMMAND: POST /session/5a63dd2c1baca8a23524d8fc78a9e8d1/element - {"using":"xpath","value":"//*[@id=\"__tile52\"]"}
RESULT: {"using":"xpath","value":"//*[@id=\"__tile52\"]"}
COMMAND: POST /session/5a63dd2c1baca8a23524d8fc78a9e8d1/element/f.57195F63E3672ACCB9EF2C6FC914E601.d.0C43C64DDEB06621AC62DE5BB73408A3.e.2116/click - {}
RESULT: undefined
COMMAND: POST /session/5a63dd2c1baca8a23524d8fc78a9e8d1/element - {"using":"xpath","value":"//*[@id=\"__tile52\"]"}
RESULT: {"using":"xpath","value":"//*[@id=\"__tile52\"]"}
COMMAND: POST /session/5a63dd2c1baca8a23524d8fc78a9e8d1/element/f.57195F63E3672ACCB9EF2C6FC914E601.d.0C43C64DDEB06621AC62DE5BB73408A3.e.2116/click - {}
RESULT: undefined
COMMAND: POST /session/5a63dd2c1baca8a23524d8fc78a9e8d1/execute/async - {"script":"<script> [6424 bytes]","args":[{"element-6066-11e4-a52e-4f735466cecf":"f.57195F63E3672ACCB9EF2C6FC914E601.d.0C43C64DDEB06621AC62DE5BB73408A3.e.289"},"getTitle",[]]}
COMMAND: POST /session/5a63dd2c1baca8a23524d8fc78a9e8d1/execute/async - {"script":"<script> [1562 bytes]","args":[{"selector":{"id":"shellAppTitle"},"wdio_ui5_key":"shellAppTitle"}]}
RESULT: {"script":"<script> [1562 bytes]","args":[{"selector":{"id":"shellAppTitle"},"wdio_ui5_key":"shellAppTitle"}]}
COMMAND: POST /session/5a63dd2c1baca8a23524d8fc78a9e8d1/execute/async - {"script":"<script> [6424 bytes]","args":[{"element-6066-11e4-a52e-4f735466cecf":"f.57195F63E3672ACCB9EF2C6FC914E601.d.0C43C64DDEB06621AC62DE5BB73408A3.e.2179"},"getTitle",[]]}
RESULT: {"script":"<script> [6424 bytes]","args":[{"element-6066-11e4-a52e-4f735466cecf":"f.57195F63E3672ACCB9EF2C6FC914E601.d.0C43C64DDEB06621AC62DE5BB73408A3.e.2179"},"getTitle",[]]}
RESULT: undefined
COMMAND: POST /session/5a63dd2c1baca8a23524d8fc78a9e8d1/element/f.57195F63E3672ACCB9EF2C6FC914E601.d.0C43C64DDEB06621AC62DE5BB73408A3.e.2114/click - {}
RESULT: {}
COMMAND: GET /session/5a63dd2c1baca8a23524d8fc78a9e8d1/screenshot - {}
RESULT: {}
]]></system-out>
    </testcase>
    <testcase classname="chrome.135_0_7049_96.windows.Sanity_Tests_US104253" name="Should open Manage States Performance page" time="35.619">
      <system-out><![CDATA[
COMMAND: POST /session/5a63dd2c1baca8a23524d8fc78a9e8d1/execute/async - {"script":"<script> [1562 bytes]","args":[{"selector":{"controlType":"sap.m.GenericTile","properties":{"header":"Manage States & Performance"}},"wdio_ui5_key":"sapm.GenericTile{\"header\":\"Manage States & Performance\"}"}]}
RESULT: {"script":"<script> [1562 bytes]","args":[{"selector":{"controlType":"sap.m.GenericTile","properties":{"header":"Manage States & Performance"}},"wdio_ui5_key":"sapm.GenericTile{\"header\":\"Manage States & Performance\"}"}]}
RESULT: undefined
COMMAND: POST /session/5a63dd2c1baca8a23524d8fc78a9e8d1/element - {"using":"xpath","value":"//*[@id=\"__tile56\"]"}
RESULT: {"using":"xpath","value":"//*[@id=\"__tile56\"]"}
COMMAND: POST /session/5a63dd2c1baca8a23524d8fc78a9e8d1/element/f.57195F63E3672ACCB9EF2C6FC914E601.d.0C43C64DDEB06621AC62DE5BB73408A3.e.2183/click - {}
RESULT: {}
COMMAND: GET /session/5a63dd2c1baca8a23524d8fc78a9e8d1/screenshot - {}
RESULT: {}
RESULT: undefined
COMMAND: POST /session/5a63dd2c1baca8a23524d8fc78a9e8d1/element - {"using":"xpath","value":"//*[@id=\"__tile56\"]"}
RESULT: {"using":"xpath","value":"//*[@id=\"__tile56\"]"}
COMMAND: POST /session/5a63dd2c1baca8a23524d8fc78a9e8d1/element/f.57195F63E3672ACCB9EF2C6FC914E601.d.0C43C64DDEB06621AC62DE5BB73408A3.e.2183/click - {}
RESULT: undefined
COMMAND: POST /session/5a63dd2c1baca8a23524d8fc78a9e8d1/element - {"using":"xpath","value":"//*[@id=\"__tile56\"]"}
RESULT: {"using":"xpath","value":"//*[@id=\"__tile56\"]"}
COMMAND: POST /session/5a63dd2c1baca8a23524d8fc78a9e8d1/element/f.57195F63E3672ACCB9EF2C6FC914E601.d.0C43C64DDEB06621AC62DE5BB73408A3.e.2183/click - {}
RESULT: undefined
COMMAND: POST /session/5a63dd2c1baca8a23524d8fc78a9e8d1/execute/async - {"script":"<script> [6424 bytes]","args":[{"element-6066-11e4-a52e-4f735466cecf":"f.57195F63E3672ACCB9EF2C6FC914E601.d.0C43C64DDEB06621AC62DE5BB73408A3.e.289"},"getTitle",[]]}
COMMAND: POST /session/5a63dd2c1baca8a23524d8fc78a9e8d1/execute/async - {"script":"<script> [1562 bytes]","args":[{"selector":{"id":"shellAppTitle"},"wdio_ui5_key":"shellAppTitle"}]}
RESULT: {"script":"<script> [1562 bytes]","args":[{"selector":{"id":"shellAppTitle"},"wdio_ui5_key":"shellAppTitle"}]}
COMMAND: POST /session/5a63dd2c1baca8a23524d8fc78a9e8d1/execute/async - {"script":"<script> [6424 bytes]","args":[{"element-6066-11e4-a52e-4f735466cecf":"f.57195F63E3672ACCB9EF2C6FC914E601.d.0C43C64DDEB06621AC62DE5BB73408A3.e.2276"},"getTitle",[]]}
RESULT: {"script":"<script> [6424 bytes]","args":[{"element-6066-11e4-a52e-4f735466cecf":"f.57195F63E3672ACCB9EF2C6FC914E601.d.0C43C64DDEB06621AC62DE5BB73408A3.e.2276"},"getTitle",[]]}
RESULT: undefined
COMMAND: POST /session/5a63dd2c1baca8a23524d8fc78a9e8d1/element/f.57195F63E3672ACCB9EF2C6FC914E601.d.0C43C64DDEB06621AC62DE5BB73408A3.e.2114/click - {}
COMMAND: POST /session/5a63dd2c1baca8a23524d8fc78a9e8d1/element - {"using":"xpath","value":"//*[@id=\"backBtn\"]"}
RESULT: {"using":"xpath","value":"//*[@id=\"backBtn\"]"}
COMMAND: POST /session/5a63dd2c1baca8a23524d8fc78a9e8d1/element/f.57195F63E3672ACCB9EF2C6FC914E601.d.0C43C64DDEB06621AC62DE5BB73408A3.e.2114/click - {}
COMMAND: POST /session/5a63dd2c1baca8a23524d8fc78a9e8d1/element - {"using":"xpath","value":"//*[@id=\"backBtn\"]"}
RESULT: {"using":"xpath","value":"//*[@id=\"backBtn\"]"}
COMMAND: POST /session/5a63dd2c1baca8a23524d8fc78a9e8d1/element/f.57195F63E3672ACCB9EF2C6FC914E601.d.0C43C64DDEB06621AC62DE5BB73408A3.e.2277/click - {}
RESULT: {}
COMMAND: GET /session/5a63dd2c1baca8a23524d8fc78a9e8d1/screenshot - {}
RESULT: {}
]]></system-out>
    </testcase>
    <testcase classname="chrome.135_0_7049_96.windows.Sanity_Tests_US104253" name="Should open Manage Billings page" time="39.139">
      <system-out><![CDATA[
COMMAND: POST /session/5a63dd2c1baca8a23524d8fc78a9e8d1/execute/async - {"script":"<script> [1562 bytes]","args":[{"selector":{"controlType":"sap.m.GenericTile","properties":{"header":"Manage Billings"}},"wdio_ui5_key":"sapm.GenericTile{\"header\":\"Manage Billings\"}"}]}
RESULT: {"script":"<script> [1562 bytes]","args":[{"selector":{"controlType":"sap.m.GenericTile","properties":{"header":"Manage Billings"}},"wdio_ui5_key":"sapm.GenericTile{\"header\":\"Manage Billings\"}"}]}
RESULT: undefined
COMMAND: POST /session/5a63dd2c1baca8a23524d8fc78a9e8d1/element - {"using":"xpath","value":"//*[@id=\"__tile51\"]"}
RESULT: {"using":"xpath","value":"//*[@id=\"__tile51\"]"}
COMMAND: POST /session/5a63dd2c1baca8a23524d8fc78a9e8d1/element/f.57195F63E3672ACCB9EF2C6FC914E601.d.0C43C64DDEB06621AC62DE5BB73408A3.e.2279/click - {}
RESULT: {}
COMMAND: GET /session/5a63dd2c1baca8a23524d8fc78a9e8d1/screenshot - {}
RESULT: {}
RESULT: undefined
COMMAND: POST /session/5a63dd2c1baca8a23524d8fc78a9e8d1/element - {"using":"xpath","value":"//*[@id=\"__tile51\"]"}
RESULT: {"using":"xpath","value":"//*[@id=\"__tile51\"]"}
COMMAND: POST /session/5a63dd2c1baca8a23524d8fc78a9e8d1/element/f.57195F63E3672ACCB9EF2C6FC914E601.d.0C43C64DDEB06621AC62DE5BB73408A3.e.2279/click - {}
RESULT: undefined
COMMAND: POST /session/5a63dd2c1baca8a23524d8fc78a9e8d1/element - {"using":"xpath","value":"//*[@id=\"__tile51\"]"}
RESULT: {"using":"xpath","value":"//*[@id=\"__tile51\"]"}
COMMAND: POST /session/5a63dd2c1baca8a23524d8fc78a9e8d1/element/f.57195F63E3672ACCB9EF2C6FC914E601.d.0C43C64DDEB06621AC62DE5BB73408A3.e.2279/click - {}
RESULT: undefined
COMMAND: POST /session/5a63dd2c1baca8a23524d8fc78a9e8d1/execute/async - {"script":"<script> [6424 bytes]","args":[{"element-6066-11e4-a52e-4f735466cecf":"f.57195F63E3672ACCB9EF2C6FC914E601.d.0C43C64DDEB06621AC62DE5BB73408A3.e.289"},"getTitle",[]]}
COMMAND: POST /session/5a63dd2c1baca8a23524d8fc78a9e8d1/execute/async - {"script":"<script> [1562 bytes]","args":[{"selector":{"id":"shellAppTitle"},"wdio_ui5_key":"shellAppTitle"}]}
RESULT: {"script":"<script> [1562 bytes]","args":[{"selector":{"id":"shellAppTitle"},"wdio_ui5_key":"shellAppTitle"}]}
COMMAND: POST /session/5a63dd2c1baca8a23524d8fc78a9e8d1/execute/async - {"script":"<script> [6424 bytes]","args":[{"element-6066-11e4-a52e-4f735466cecf":"f.57195F63E3672ACCB9EF2C6FC914E601.d.0C43C64DDEB06621AC62DE5BB73408A3.e.2520"},"getTitle",[]]}
RESULT: {"script":"<script> [6424 bytes]","args":[{"element-6066-11e4-a52e-4f735466cecf":"f.57195F63E3672ACCB9EF2C6FC914E601.d.0C43C64DDEB06621AC62DE5BB73408A3.e.2520"},"getTitle",[]]}
RESULT: undefined
COMMAND: POST /session/5a63dd2c1baca8a23524d8fc78a9e8d1/element/f.57195F63E3672ACCB9EF2C6FC914E601.d.0C43C64DDEB06621AC62DE5BB73408A3.e.2277/click - {}
COMMAND: POST /session/5a63dd2c1baca8a23524d8fc78a9e8d1/element/f.57195F63E3672ACCB9EF2C6FC914E601.d.0C43C64DDEB06621AC62DE5BB73408A3.e.2277/click - {}
RESULT: {}
COMMAND: GET /session/5a63dd2c1baca8a23524d8fc78a9e8d1/screenshot - {}
COMMAND: POST /session/5a63dd2c1baca8a23524d8fc78a9e8d1/element - {"using":"xpath","value":"//*[@id=\"backBtn\"]"}
RESULT: {}
RESULT: {"using":"xpath","value":"//*[@id=\"backBtn\"]"}
COMMAND: POST /session/5a63dd2c1baca8a23524d8fc78a9e8d1/elements - {"using":"xpath","value":"//*[@id=\"backBtn\"]"}
RESULT: {"using":"xpath","value":"//*[@id=\"backBtn\"]"}
COMMAND: POST /session/5a63dd2c1baca8a23524d8fc78a9e8d1/elements - {"using":"xpath","value":"//*[@id=\"backBtn\"]"}
RESULT: {"using":"xpath","value":"//*[@id=\"backBtn\"]"}
COMMAND: POST /session/5a63dd2c1baca8a23524d8fc78a9e8d1/elements - {"using":"xpath","value":"//*[@id=\"backBtn\"]"}
RESULT: {"using":"xpath","value":"//*[@id=\"backBtn\"]"}
COMMAND: POST /session/5a63dd2c1baca8a23524d8fc78a9e8d1/elements - {"using":"xpath","value":"//*[@id=\"backBtn\"]"}
RESULT: {"using":"xpath","value":"//*[@id=\"backBtn\"]"}
COMMAND: POST /session/5a63dd2c1baca8a23524d8fc78a9e8d1/elements - {"using":"xpath","value":"//*[@id=\"backBtn\"]"}
RESULT: {"using":"xpath","value":"//*[@id=\"backBtn\"]"}
COMMAND: POST /session/5a63dd2c1baca8a23524d8fc78a9e8d1/elements - {"using":"xpath","value":"//*[@id=\"backBtn\"]"}
RESULT: {"using":"xpath","value":"//*[@id=\"backBtn\"]"}
COMMAND: POST /session/5a63dd2c1baca8a23524d8fc78a9e8d1/elements - {"using":"xpath","value":"//*[@id=\"backBtn\"]"}
RESULT: {"using":"xpath","value":"//*[@id=\"backBtn\"]"}
COMMAND: POST /session/5a63dd2c1baca8a23524d8fc78a9e8d1/elements - {"using":"xpath","value":"//*[@id=\"backBtn\"]"}
RESULT: {"using":"xpath","value":"//*[@id=\"backBtn\"]"}
COMMAND: POST /session/5a63dd2c1baca8a23524d8fc78a9e8d1/elements - {"using":"xpath","value":"//*[@id=\"backBtn\"]"}
RESULT: {"using":"xpath","value":"//*[@id=\"backBtn\"]"}
COMMAND: POST /session/5a63dd2c1baca8a23524d8fc78a9e8d1/elements - {"using":"xpath","value":"//*[@id=\"backBtn\"]"}
RESULT: {"using":"xpath","value":"//*[@id=\"backBtn\"]"}
COMMAND: POST /session/5a63dd2c1baca8a23524d8fc78a9e8d1/elements - {"using":"xpath","value":"//*[@id=\"backBtn\"]"}
RESULT: {"using":"xpath","value":"//*[@id=\"backBtn\"]"}
COMMAND: POST /session/5a63dd2c1baca8a23524d8fc78a9e8d1/elements - {"using":"xpath","value":"//*[@id=\"backBtn\"]"}
RESULT: {"using":"xpath","value":"//*[@id=\"backBtn\"]"}
COMMAND: POST /session/5a63dd2c1baca8a23524d8fc78a9e8d1/elements - {"using":"xpath","value":"//*[@id=\"backBtn\"]"}
RESULT: {"using":"xpath","value":"//*[@id=\"backBtn\"]"}
COMMAND: POST /session/5a63dd2c1baca8a23524d8fc78a9e8d1/elements - {"using":"xpath","value":"//*[@id=\"backBtn\"]"}
RESULT: {"using":"xpath","value":"//*[@id=\"backBtn\"]"}
COMMAND: POST /session/5a63dd2c1baca8a23524d8fc78a9e8d1/elements - {"using":"xpath","value":"//*[@id=\"backBtn\"]"}
RESULT: {"using":"xpath","value":"//*[@id=\"backBtn\"]"}
COMMAND: POST /session/5a63dd2c1baca8a23524d8fc78a9e8d1/elements - {"using":"xpath","value":"//*[@id=\"backBtn\"]"}
RESULT: {"using":"xpath","value":"//*[@id=\"backBtn\"]"}
COMMAND: POST /session/5a63dd2c1baca8a23524d8fc78a9e8d1/elements - {"using":"xpath","value":"//*[@id=\"backBtn\"]"}
RESULT: {"using":"xpath","value":"//*[@id=\"backBtn\"]"}
COMMAND: POST /session/5a63dd2c1baca8a23524d8fc78a9e8d1/elements - {"using":"xpath","value":"//*[@id=\"backBtn\"]"}
]]></system-out>
    </testcase>
    <testcase classname="chrome.135_0_7049_96.windows.Sanity_Tests_US104253" name="Should open Manage Conditions Prices page" time="43.914">
      <system-out><![CDATA[
COMMAND: POST /session/5a63dd2c1baca8a23524d8fc78a9e8d1/execute/async - {"script":"<script> [1562 bytes]","args":[{"selector":{"controlType":"sap.m.GenericTile","properties":{"header":"Manage Conditions & Prices"}},"wdio_ui5_key":"sapm.GenericTile{\"header\":\"Manage Conditions & Prices\"}"}]}
RESULT: {"using":"xpath","value":"//*[@id=\"backBtn\"]"}
COMMAND: POST /session/5a63dd2c1baca8a23524d8fc78a9e8d1/elements - {"using":"xpath","value":"//*[@id=\"backBtn\"]"}
RESULT: {"script":"<script> [1562 bytes]","args":[{"selector":{"controlType":"sap.m.GenericTile","properties":{"header":"Manage Conditions & Prices"}},"wdio_ui5_key":"sapm.GenericTile{\"header\":\"Manage Conditions & Prices\"}"}]}
RESULT: undefined
COMMAND: POST /session/5a63dd2c1baca8a23524d8fc78a9e8d1/element - {"using":"xpath","value":"//*[@id=\"__tile53\"]"}
RESULT: {"using":"xpath","value":"//*[@id=\"backBtn\"]"}
RESULT: {"using":"xpath","value":"//*[@id=\"__tile53\"]"}
COMMAND: POST /session/5a63dd2c1baca8a23524d8fc78a9e8d1/element/f.57195F63E3672ACCB9EF2C6FC914E601.d.0C43C64DDEB06621AC62DE5BB73408A3.e.2522/click - {}
COMMAND: POST /session/5a63dd2c1baca8a23524d8fc78a9e8d1/elements - {"using":"xpath","value":"//*[@id=\"backBtn\"]"}
RESULT: {}
COMMAND: GET /session/5a63dd2c1baca8a23524d8fc78a9e8d1/screenshot - {}
RESULT: {"using":"xpath","value":"//*[@id=\"backBtn\"]"}
COMMAND: POST /session/5a63dd2c1baca8a23524d8fc78a9e8d1/elements - {"using":"xpath","value":"//*[@id=\"backBtn\"]"}
RESULT: {}
RESULT: {"using":"xpath","value":"//*[@id=\"backBtn\"]"}
COMMAND: POST /session/5a63dd2c1baca8a23524d8fc78a9e8d1/elements - {"using":"xpath","value":"//*[@id=\"backBtn\"]"}
RESULT: {"using":"xpath","value":"//*[@id=\"backBtn\"]"}
COMMAND: POST /session/5a63dd2c1baca8a23524d8fc78a9e8d1/elements - {"using":"xpath","value":"//*[@id=\"backBtn\"]"}
RESULT: {"using":"xpath","value":"//*[@id=\"backBtn\"]"}
COMMAND: POST /session/5a63dd2c1baca8a23524d8fc78a9e8d1/elements - {"using":"xpath","value":"//*[@id=\"backBtn\"]"}
RESULT: undefined
COMMAND: POST /session/5a63dd2c1baca8a23524d8fc78a9e8d1/element - {"using":"xpath","value":"//*[@id=\"__tile53\"]"}
RESULT: {"using":"xpath","value":"//*[@id=\"backBtn\"]"}
COMMAND: POST /session/5a63dd2c1baca8a23524d8fc78a9e8d1/element - {"using":"xpath","value":"//*[@id=\"backBtn\"]"}
RESULT: {"using":"xpath","value":"//*[@id=\"__tile53\"]"}
COMMAND: POST /session/5a63dd2c1baca8a23524d8fc78a9e8d1/element/f.57195F63E3672ACCB9EF2C6FC914E601.d.0C43C64DDEB06621AC62DE5BB73408A3.e.2522/click - {}
RESULT: {"using":"xpath","value":"//*[@id=\"backBtn\"]"}
COMMAND: POST /session/5a63dd2c1baca8a23524d8fc78a9e8d1/element/f.57195F63E3672ACCB9EF2C6FC914E601.d.0C43C64DDEB06621AC62DE5BB73408A3.e.2277/click - {}
COMMAND: POST /session/5a63dd2c1baca8a23524d8fc78a9e8d1/element - {"using":"xpath","value":"//*[@id=\"backBtn\"]"}
RESULT: {"using":"xpath","value":"//*[@id=\"backBtn\"]"}
COMMAND: POST /session/5a63dd2c1baca8a23524d8fc78a9e8d1/element/f.57195F63E3672ACCB9EF2C6FC914E601.d.0C43C64DDEB06621AC62DE5BB73408A3.e.2525/click - {}
RESULT: {}
COMMAND: GET /session/5a63dd2c1baca8a23524d8fc78a9e8d1/screenshot - {}
RESULT: {}
RESULT: undefined
COMMAND: POST /session/5a63dd2c1baca8a23524d8fc78a9e8d1/element - {"using":"xpath","value":"//*[@id=\"__tile53\"]"}
COMMAND: GET /session/5a63dd2c1baca8a23524d8fc78a9e8d1/screenshot - {}
RESULT: {}
RESULT: {"using":"xpath","value":"//*[@id=\"__tile53\"]"}
COMMAND: POST /session/5a63dd2c1baca8a23524d8fc78a9e8d1/element/f.57195F63E3672ACCB9EF2C6FC914E601.d.0C43C64DDEB06621AC62DE5BB73408A3.e.2522/click - {}
RESULT: {}
RESULT: undefined
COMMAND: POST /session/5a63dd2c1baca8a23524d8fc78a9e8d1/execute/async - {"script":"<script> [6424 bytes]","args":[{"element-6066-11e4-a52e-4f735466cecf":"f.57195F63E3672ACCB9EF2C6FC914E601.d.0C43C64DDEB06621AC62DE5BB73408A3.e.289"},"getTitle",[]]}
COMMAND: POST /session/5a63dd2c1baca8a23524d8fc78a9e8d1/execute/async - {"script":"<script> [1562 bytes]","args":[{"selector":{"id":"shellAppTitle"},"wdio_ui5_key":"shellAppTitle"}]}
RESULT: {"script":"<script> [1562 bytes]","args":[{"selector":{"id":"shellAppTitle"},"wdio_ui5_key":"shellAppTitle"}]}
COMMAND: POST /session/5a63dd2c1baca8a23524d8fc78a9e8d1/execute/async - {"script":"<script> [6424 bytes]","args":[{"element-6066-11e4-a52e-4f735466cecf":"f.57195F63E3672ACCB9EF2C6FC914E601.d.0C43C64DDEB06621AC62DE5BB73408A3.e.2736"},"getTitle",[]]}
RESULT: {"script":"<script> [6424 bytes]","args":[{"element-6066-11e4-a52e-4f735466cecf":"f.57195F63E3672ACCB9EF2C6FC914E601.d.0C43C64DDEB06621AC62DE5BB73408A3.e.2736"},"getTitle",[]]}
RESULT: undefined
COMMAND: POST /session/5a63dd2c1baca8a23524d8fc78a9e8d1/element/f.57195F63E3672ACCB9EF2C6FC914E601.d.0C43C64DDEB06621AC62DE5BB73408A3.e.2525/click - {}
RESULT: {}
COMMAND: GET /session/5a63dd2c1baca8a23524d8fc78a9e8d1/screenshot - {}
RESULT: {}
]]></system-out>
    </testcase>
    <testcase classname="chrome.135_0_7049_96.windows.Sanity_Tests_US104253" name="Should open Billing Transfer page" time="35.495">
      <system-out><![CDATA[
COMMAND: POST /session/5a63dd2c1baca8a23524d8fc78a9e8d1/execute/async - {"script":"<script> [1562 bytes]","args":[{"selector":{"controlType":"sap.m.GenericTile","properties":{"header":"Billing Transfer"}},"wdio_ui5_key":"sapm.GenericTile{\"header\":\"Billing Transfer\"}"}]}
RESULT: {"script":"<script> [1562 bytes]","args":[{"selector":{"controlType":"sap.m.GenericTile","properties":{"header":"Billing Transfer"}},"wdio_ui5_key":"sapm.GenericTile{\"header\":\"Billing Transfer\"}"}]}
RESULT: undefined
COMMAND: POST /session/5a63dd2c1baca8a23524d8fc78a9e8d1/element - {"using":"xpath","value":"//*[@id=\"__tile50\"]"}
RESULT: {"using":"xpath","value":"//*[@id=\"__tile50\"]"}
COMMAND: POST /session/5a63dd2c1baca8a23524d8fc78a9e8d1/element/f.57195F63E3672ACCB9EF2C6FC914E601.d.0C43C64DDEB06621AC62DE5BB73408A3.e.2738/click - {}
RESULT: {}
COMMAND: GET /session/5a63dd2c1baca8a23524d8fc78a9e8d1/screenshot - {}
RESULT: {}
RESULT: undefined
COMMAND: POST /session/5a63dd2c1baca8a23524d8fc78a9e8d1/element - {"using":"xpath","value":"//*[@id=\"__tile50\"]"}
RESULT: {"using":"xpath","value":"//*[@id=\"__tile50\"]"}
COMMAND: POST /session/5a63dd2c1baca8a23524d8fc78a9e8d1/element/f.57195F63E3672ACCB9EF2C6FC914E601.d.0C43C64DDEB06621AC62DE5BB73408A3.e.2738/click - {}
RESULT: undefined
COMMAND: POST /session/5a63dd2c1baca8a23524d8fc78a9e8d1/element - {"using":"xpath","value":"//*[@id=\"__tile50\"]"}
RESULT: {"using":"xpath","value":"//*[@id=\"__tile50\"]"}
COMMAND: POST /session/5a63dd2c1baca8a23524d8fc78a9e8d1/element/f.57195F63E3672ACCB9EF2C6FC914E601.d.0C43C64DDEB06621AC62DE5BB73408A3.e.2738/click - {}
RESULT: undefined
COMMAND: POST /session/5a63dd2c1baca8a23524d8fc78a9e8d1/execute/async - {"script":"<script> [6424 bytes]","args":[{"element-6066-11e4-a52e-4f735466cecf":"f.57195F63E3672ACCB9EF2C6FC914E601.d.0C43C64DDEB06621AC62DE5BB73408A3.e.289"},"getTitle",[]]}
COMMAND: POST /session/5a63dd2c1baca8a23524d8fc78a9e8d1/execute/async - {"script":"<script> [1562 bytes]","args":[{"selector":{"id":"shellAppTitle"},"wdio_ui5_key":"shellAppTitle"}]}
RESULT: {"script":"<script> [1562 bytes]","args":[{"selector":{"id":"shellAppTitle"},"wdio_ui5_key":"shellAppTitle"}]}
COMMAND: POST /session/5a63dd2c1baca8a23524d8fc78a9e8d1/execute/async - {"script":"<script> [6424 bytes]","args":[{"element-6066-11e4-a52e-4f735466cecf":"f.57195F63E3672ACCB9EF2C6FC914E601.d.0C43C64DDEB06621AC62DE5BB73408A3.e.2895"},"getTitle",[]]}
RESULT: {"script":"<script> [6424 bytes]","args":[{"element-6066-11e4-a52e-4f735466cecf":"f.57195F63E3672ACCB9EF2C6FC914E601.d.0C43C64DDEB06621AC62DE5BB73408A3.e.2895"},"getTitle",[]]}
RESULT: undefined
COMMAND: POST /session/5a63dd2c1baca8a23524d8fc78a9e8d1/element/f.57195F63E3672ACCB9EF2C6FC914E601.d.0C43C64DDEB06621AC62DE5BB73408A3.e.2525/click - {}
COMMAND: POST /session/5a63dd2c1baca8a23524d8fc78a9e8d1/element - {"using":"xpath","value":"//*[@id=\"backBtn\"]"}
RESULT: {"using":"xpath","value":"//*[@id=\"backBtn\"]"}
COMMAND: POST /session/5a63dd2c1baca8a23524d8fc78a9e8d1/element/f.57195F63E3672ACCB9EF2C6FC914E601.d.0C43C64DDEB06621AC62DE5BB73408A3.e.2525/click - {}
COMMAND: POST /session/5a63dd2c1baca8a23524d8fc78a9e8d1/element - {"using":"xpath","value":"//*[@id=\"backBtn\"]"}
RESULT: {"using":"xpath","value":"//*[@id=\"backBtn\"]"}
COMMAND: POST /session/5a63dd2c1baca8a23524d8fc78a9e8d1/element/f.57195F63E3672ACCB9EF2C6FC914E601.d.0C43C64DDEB06621AC62DE5BB73408A3.e.2896/click - {}
RESULT: {}
COMMAND: GET /session/5a63dd2c1baca8a23524d8fc78a9e8d1/screenshot - {}
RESULT: {}
]]></system-out>
    </testcase>
    <testcase classname="chrome.135_0_7049_96.windows.Sanity_Tests_US104253" name="Should open Manage Pricing Rules page" time="33.17">
      <system-out><![CDATA[
COMMAND: POST /session/5a63dd2c1baca8a23524d8fc78a9e8d1/execute/async - {"script":"<script> [1562 bytes]","args":[{"selector":{"controlType":"sap.m.GenericTile","properties":{"header":"Manage Pricing Rules"}},"wdio_ui5_key":"sapm.GenericTile{\"header\":\"Manage Pricing Rules\"}"}]}
RESULT: {"script":"<script> [1562 bytes]","args":[{"selector":{"controlType":"sap.m.GenericTile","properties":{"header":"Manage Pricing Rules"}},"wdio_ui5_key":"sapm.GenericTile{\"header\":\"Manage Pricing Rules\"}"}]}
RESULT: undefined
COMMAND: POST /session/5a63dd2c1baca8a23524d8fc78a9e8d1/element - {"using":"xpath","value":"//*[@id=\"__tile55\"]"}
RESULT: {"using":"xpath","value":"//*[@id=\"__tile55\"]"}
COMMAND: POST /session/5a63dd2c1baca8a23524d8fc78a9e8d1/element/f.57195F63E3672ACCB9EF2C6FC914E601.d.0C43C64DDEB06621AC62DE5BB73408A3.e.2898/click - {}
RESULT: {}
COMMAND: GET /session/5a63dd2c1baca8a23524d8fc78a9e8d1/screenshot - {}
RESULT: {}
RESULT: undefined
COMMAND: POST /session/5a63dd2c1baca8a23524d8fc78a9e8d1/element - {"using":"xpath","value":"//*[@id=\"__tile55\"]"}
RESULT: {"using":"xpath","value":"//*[@id=\"__tile55\"]"}
COMMAND: POST /session/5a63dd2c1baca8a23524d8fc78a9e8d1/element/f.57195F63E3672ACCB9EF2C6FC914E601.d.0C43C64DDEB06621AC62DE5BB73408A3.e.2898/click - {}
RESULT: undefined
COMMAND: POST /session/5a63dd2c1baca8a23524d8fc78a9e8d1/element - {"using":"xpath","value":"//*[@id=\"__tile55\"]"}
RESULT: {"using":"xpath","value":"//*[@id=\"__tile55\"]"}
COMMAND: POST /session/5a63dd2c1baca8a23524d8fc78a9e8d1/element/f.57195F63E3672ACCB9EF2C6FC914E601.d.0C43C64DDEB06621AC62DE5BB73408A3.e.2898/click - {}
RESULT: undefined
COMMAND: POST /session/5a63dd2c1baca8a23524d8fc78a9e8d1/execute/async - {"script":"<script> [6424 bytes]","args":[{"element-6066-11e4-a52e-4f735466cecf":"f.57195F63E3672ACCB9EF2C6FC914E601.d.0C43C64DDEB06621AC62DE5BB73408A3.e.289"},"getTitle",[]]}
COMMAND: POST /session/5a63dd2c1baca8a23524d8fc78a9e8d1/execute/async - {"script":"<script> [1562 bytes]","args":[{"selector":{"id":"shellAppTitle"},"wdio_ui5_key":"shellAppTitle"}]}
RESULT: {"script":"<script> [1562 bytes]","args":[{"selector":{"id":"shellAppTitle"},"wdio_ui5_key":"shellAppTitle"}]}
COMMAND: POST /session/5a63dd2c1baca8a23524d8fc78a9e8d1/execute/async - {"script":"<script> [6424 bytes]","args":[{"element-6066-11e4-a52e-4f735466cecf":"f.57195F63E3672ACCB9EF2C6FC914E601.d.0C43C64DDEB06621AC62DE5BB73408A3.e.2945"},"getTitle",[]]}
RESULT: {"script":"<script> [6424 bytes]","args":[{"element-6066-11e4-a52e-4f735466cecf":"f.57195F63E3672ACCB9EF2C6FC914E601.d.0C43C64DDEB06621AC62DE5BB73408A3.e.2945"},"getTitle",[]]}
RESULT: undefined
COMMAND: POST /session/5a63dd2c1baca8a23524d8fc78a9e8d1/element/f.57195F63E3672ACCB9EF2C6FC914E601.d.0C43C64DDEB06621AC62DE5BB73408A3.e.2896/click - {}
RESULT: {}
COMMAND: GET /session/5a63dd2c1baca8a23524d8fc78a9e8d1/screenshot - {}
RESULT: {}
]]></system-out>
    </testcase>
    <testcase classname="chrome.135_0_7049_96.windows.Sanity_Tests_US104253" name="Should open Manage Price Determination Matrices page" time="33.184">
      <system-out><![CDATA[
COMMAND: POST /session/5a63dd2c1baca8a23524d8fc78a9e8d1/execute/async - {"script":"<script> [1562 bytes]","args":[{"selector":{"controlType":"sap.m.GenericTile","properties":{"header":"Manage Price Determination Matrices"}},"wdio_ui5_key":"sapm.GenericTile{\"header\":\"Manage Price Determination Matrices\"}"}]}
RESULT: {"script":"<script> [1562 bytes]","args":[{"selector":{"controlType":"sap.m.GenericTile","properties":{"header":"Manage Price Determination Matrices"}},"wdio_ui5_key":"sapm.GenericTile{\"header\":\"Manage Price Determination Matrices\"}"}]}
RESULT: undefined
COMMAND: POST /session/5a63dd2c1baca8a23524d8fc78a9e8d1/element - {"using":"xpath","value":"//*[@id=\"__tile54\"]"}
RESULT: {"using":"xpath","value":"//*[@id=\"__tile54\"]"}
COMMAND: POST /session/5a63dd2c1baca8a23524d8fc78a9e8d1/element/f.57195F63E3672ACCB9EF2C6FC914E601.d.0C43C64DDEB06621AC62DE5BB73408A3.e.2947/click - {}
RESULT: {}
COMMAND: GET /session/5a63dd2c1baca8a23524d8fc78a9e8d1/screenshot - {}
RESULT: {}
RESULT: undefined
COMMAND: POST /session/5a63dd2c1baca8a23524d8fc78a9e8d1/element - {"using":"xpath","value":"//*[@id=\"__tile54\"]"}
RESULT: {"using":"xpath","value":"//*[@id=\"__tile54\"]"}
COMMAND: POST /session/5a63dd2c1baca8a23524d8fc78a9e8d1/element/f.57195F63E3672ACCB9EF2C6FC914E601.d.0C43C64DDEB06621AC62DE5BB73408A3.e.2947/click - {}
RESULT: undefined
COMMAND: POST /session/5a63dd2c1baca8a23524d8fc78a9e8d1/element - {"using":"xpath","value":"//*[@id=\"__tile54\"]"}
RESULT: {"using":"xpath","value":"//*[@id=\"__tile54\"]"}
COMMAND: POST /session/5a63dd2c1baca8a23524d8fc78a9e8d1/element/f.57195F63E3672ACCB9EF2C6FC914E601.d.0C43C64DDEB06621AC62DE5BB73408A3.e.2947/click - {}
RESULT: undefined
COMMAND: POST /session/5a63dd2c1baca8a23524d8fc78a9e8d1/execute/async - {"script":"<script> [6424 bytes]","args":[{"element-6066-11e4-a52e-4f735466cecf":"f.57195F63E3672ACCB9EF2C6FC914E601.d.0C43C64DDEB06621AC62DE5BB73408A3.e.289"},"getTitle",[]]}
COMMAND: POST /session/5a63dd2c1baca8a23524d8fc78a9e8d1/execute/async - {"script":"<script> [1562 bytes]","args":[{"selector":{"id":"shellAppTitle"},"wdio_ui5_key":"shellAppTitle"}]}
RESULT: {"script":"<script> [1562 bytes]","args":[{"selector":{"id":"shellAppTitle"},"wdio_ui5_key":"shellAppTitle"}]}
COMMAND: POST /session/5a63dd2c1baca8a23524d8fc78a9e8d1/execute/async - {"script":"<script> [6424 bytes]","args":[{"element-6066-11e4-a52e-4f735466cecf":"f.57195F63E3672ACCB9EF2C6FC914E601.d.0C43C64DDEB06621AC62DE5BB73408A3.e.3034"},"getTitle",[]]}
RESULT: {"script":"<script> [6424 bytes]","args":[{"element-6066-11e4-a52e-4f735466cecf":"f.57195F63E3672ACCB9EF2C6FC914E601.d.0C43C64DDEB06621AC62DE5BB73408A3.e.3034"},"getTitle",[]]}
RESULT: undefined
COMMAND: POST /session/5a63dd2c1baca8a23524d8fc78a9e8d1/element/f.57195F63E3672ACCB9EF2C6FC914E601.d.0C43C64DDEB06621AC62DE5BB73408A3.e.2896/click - {}
COMMAND: POST /session/5a63dd2c1baca8a23524d8fc78a9e8d1/element - {"using":"xpath","value":"//*[@id=\"backBtn\"]"}
RESULT: {"using":"xpath","value":"//*[@id=\"backBtn\"]"}
COMMAND: POST /session/5a63dd2c1baca8a23524d8fc78a9e8d1/element/f.57195F63E3672ACCB9EF2C6FC914E601.d.0C43C64DDEB06621AC62DE5BB73408A3.e.2896/click - {}
COMMAND: POST /session/5a63dd2c1baca8a23524d8fc78a9e8d1/element - {"using":"xpath","value":"//*[@id=\"backBtn\"]"}
RESULT: {"using":"xpath","value":"//*[@id=\"backBtn\"]"}
COMMAND: POST /session/5a63dd2c1baca8a23524d8fc78a9e8d1/element/f.57195F63E3672ACCB9EF2C6FC914E601.d.0C43C64DDEB06621AC62DE5BB73408A3.e.3035/click - {}
RESULT: {}
COMMAND: GET /session/5a63dd2c1baca8a23524d8fc78a9e8d1/screenshot - {}
RESULT: {}
]]></system-out>
    </testcase>
    <testcase classname="chrome.135_0_7049_96.windows.Sanity_Tests_US104253" name="Should open Yard Overview page" time="35.727">
      <system-out><![CDATA[
COMMAND: POST /session/5a63dd2c1baca8a23524d8fc78a9e8d1/execute/async - {"script":"<script> [1562 bytes]","args":[{"selector":{"controlType":"sap.m.GenericTile","properties":{"header":"Yard Overview"}},"wdio_ui5_key":"sapm.GenericTile{\"header\":\"Yard Overview\"}"}]}
RESULT: {"script":"<script> [1562 bytes]","args":[{"selector":{"controlType":"sap.m.GenericTile","properties":{"header":"Yard Overview"}},"wdio_ui5_key":"sapm.GenericTile{\"header\":\"Yard Overview\"}"}]}
RESULT: undefined
COMMAND: POST /session/5a63dd2c1baca8a23524d8fc78a9e8d1/element - {"using":"xpath","value":"//*[@id=\"__tile102\"]"}
RESULT: {"using":"xpath","value":"//*[@id=\"__tile102\"]"}
COMMAND: POST /session/5a63dd2c1baca8a23524d8fc78a9e8d1/element/f.57195F63E3672ACCB9EF2C6FC914E601.d.0C43C64DDEB06621AC62DE5BB73408A3.e.3037/click - {}
RESULT: {}
COMMAND: GET /session/5a63dd2c1baca8a23524d8fc78a9e8d1/screenshot - {}
RESULT: {}
RESULT: undefined
COMMAND: POST /session/5a63dd2c1baca8a23524d8fc78a9e8d1/element - {"using":"xpath","value":"//*[@id=\"__tile102\"]"}
RESULT: {"using":"xpath","value":"//*[@id=\"__tile102\"]"}
COMMAND: POST /session/5a63dd2c1baca8a23524d8fc78a9e8d1/element/f.57195F63E3672ACCB9EF2C6FC914E601.d.0C43C64DDEB06621AC62DE5BB73408A3.e.3037/click - {}
RESULT: undefined
COMMAND: POST /session/5a63dd2c1baca8a23524d8fc78a9e8d1/element - {"using":"xpath","value":"//*[@id=\"__tile102\"]"}
RESULT: {"using":"xpath","value":"//*[@id=\"__tile102\"]"}
COMMAND: POST /session/5a63dd2c1baca8a23524d8fc78a9e8d1/element/f.57195F63E3672ACCB9EF2C6FC914E601.d.0C43C64DDEB06621AC62DE5BB73408A3.e.3037/click - {}
RESULT: undefined
COMMAND: POST /session/5a63dd2c1baca8a23524d8fc78a9e8d1/execute/async - {"script":"<script> [6424 bytes]","args":[{"element-6066-11e4-a52e-4f735466cecf":"f.57195F63E3672ACCB9EF2C6FC914E601.d.0C43C64DDEB06621AC62DE5BB73408A3.e.289"},"getTitle",[]]}
COMMAND: POST /session/5a63dd2c1baca8a23524d8fc78a9e8d1/execute/async - {"script":"<script> [1562 bytes]","args":[{"selector":{"id":"shellAppTitle"},"wdio_ui5_key":"shellAppTitle"}]}
RESULT: {"script":"<script> [1562 bytes]","args":[{"selector":{"id":"shellAppTitle"},"wdio_ui5_key":"shellAppTitle"}]}
COMMAND: POST /session/5a63dd2c1baca8a23524d8fc78a9e8d1/execute/async - {"script":"<script> [6424 bytes]","args":[{"element-6066-11e4-a52e-4f735466cecf":"f.57195F63E3672ACCB9EF2C6FC914E601.d.0C43C64DDEB06621AC62DE5BB73408A3.e.3098"},"getTitle",[]]}
RESULT: {"script":"<script> [6424 bytes]","args":[{"element-6066-11e4-a52e-4f735466cecf":"f.57195F63E3672ACCB9EF2C6FC914E601.d.0C43C64DDEB06621AC62DE5BB73408A3.e.3098"},"getTitle",[]]}
RESULT: undefined
COMMAND: POST /session/5a63dd2c1baca8a23524d8fc78a9e8d1/element/f.57195F63E3672ACCB9EF2C6FC914E601.d.0C43C64DDEB06621AC62DE5BB73408A3.e.3035/click - {}
RESULT: {}
COMMAND: GET /session/5a63dd2c1baca8a23524d8fc78a9e8d1/screenshot - {}
RESULT: {}
]]></system-out>
    </testcase>
    <testcase classname="chrome.135_0_7049_96.windows.Sanity_Tests_US104253" name="Should open Site Overview page" time="35.544">
      <system-out><![CDATA[
COMMAND: POST /session/5a63dd2c1baca8a23524d8fc78a9e8d1/execute/async - {"script":"<script> [1562 bytes]","args":[{"selector":{"controlType":"sap.m.GenericTile","properties":{"header":"Site Overview"}},"wdio_ui5_key":"sapm.GenericTile{\"header\":\"Site Overview\"}"}]}
RESULT: {"script":"<script> [1562 bytes]","args":[{"selector":{"controlType":"sap.m.GenericTile","properties":{"header":"Site Overview"}},"wdio_ui5_key":"sapm.GenericTile{\"header\":\"Site Overview\"}"}]}
RESULT: undefined
COMMAND: POST /session/5a63dd2c1baca8a23524d8fc78a9e8d1/element - {"using":"xpath","value":"//*[@id=\"__tile100\"]"}
RESULT: {"using":"xpath","value":"//*[@id=\"__tile100\"]"}
COMMAND: POST /session/5a63dd2c1baca8a23524d8fc78a9e8d1/element/f.57195F63E3672ACCB9EF2C6FC914E601.d.0C43C64DDEB06621AC62DE5BB73408A3.e.3101/click - {}
RESULT: {}
COMMAND: GET /session/5a63dd2c1baca8a23524d8fc78a9e8d1/screenshot - {}
RESULT: {}
RESULT: undefined
COMMAND: POST /session/5a63dd2c1baca8a23524d8fc78a9e8d1/element - {"using":"xpath","value":"//*[@id=\"__tile100\"]"}
RESULT: {"using":"xpath","value":"//*[@id=\"__tile100\"]"}
COMMAND: POST /session/5a63dd2c1baca8a23524d8fc78a9e8d1/element/f.57195F63E3672ACCB9EF2C6FC914E601.d.0C43C64DDEB06621AC62DE5BB73408A3.e.3101/click - {}
RESULT: undefined
COMMAND: POST /session/5a63dd2c1baca8a23524d8fc78a9e8d1/element - {"using":"xpath","value":"//*[@id=\"__tile100\"]"}
RESULT: {"using":"xpath","value":"//*[@id=\"__tile100\"]"}
COMMAND: POST /session/5a63dd2c1baca8a23524d8fc78a9e8d1/element/f.57195F63E3672ACCB9EF2C6FC914E601.d.0C43C64DDEB06621AC62DE5BB73408A3.e.3101/click - {}
RESULT: undefined
COMMAND: POST /session/5a63dd2c1baca8a23524d8fc78a9e8d1/execute/async - {"script":"<script> [6424 bytes]","args":[{"element-6066-11e4-a52e-4f735466cecf":"f.57195F63E3672ACCB9EF2C6FC914E601.d.0C43C64DDEB06621AC62DE5BB73408A3.e.289"},"getTitle",[]]}
COMMAND: POST /session/5a63dd2c1baca8a23524d8fc78a9e8d1/execute/async - {"script":"<script> [1562 bytes]","args":[{"selector":{"id":"shellAppTitle"},"wdio_ui5_key":"shellAppTitle"}]}
RESULT: {"script":"<script> [1562 bytes]","args":[{"selector":{"id":"shellAppTitle"},"wdio_ui5_key":"shellAppTitle"}]}
COMMAND: POST /session/5a63dd2c1baca8a23524d8fc78a9e8d1/execute/async - {"script":"<script> [6424 bytes]","args":[{"element-6066-11e4-a52e-4f735466cecf":"f.57195F63E3672ACCB9EF2C6FC914E601.d.0C43C64DDEB06621AC62DE5BB73408A3.e.3217"},"getTitle",[]]}
RESULT: {"script":"<script> [6424 bytes]","args":[{"element-6066-11e4-a52e-4f735466cecf":"f.57195F63E3672ACCB9EF2C6FC914E601.d.0C43C64DDEB06621AC62DE5BB73408A3.e.3217"},"getTitle",[]]}
RESULT: undefined
COMMAND: POST /session/5a63dd2c1baca8a23524d8fc78a9e8d1/element/f.57195F63E3672ACCB9EF2C6FC914E601.d.0C43C64DDEB06621AC62DE5BB73408A3.e.3035/click - {}
COMMAND: POST /session/5a63dd2c1baca8a23524d8fc78a9e8d1/element - {"using":"xpath","value":"//*[@id=\"backBtn\"]"}
RESULT: {"using":"xpath","value":"//*[@id=\"backBtn\"]"}
COMMAND: POST /session/5a63dd2c1baca8a23524d8fc78a9e8d1/element/f.57195F63E3672ACCB9EF2C6FC914E601.d.0C43C64DDEB06621AC62DE5BB73408A3.e.3035/click - {}
COMMAND: POST /session/5a63dd2c1baca8a23524d8fc78a9e8d1/element - {"using":"xpath","value":"//*[@id=\"backBtn\"]"}
RESULT: {"using":"xpath","value":"//*[@id=\"backBtn\"]"}
COMMAND: POST /session/5a63dd2c1baca8a23524d8fc78a9e8d1/element/f.57195F63E3672ACCB9EF2C6FC914E601.d.0C43C64DDEB06621AC62DE5BB73408A3.e.3218/click - {}
RESULT: {}
COMMAND: GET /session/5a63dd2c1baca8a23524d8fc78a9e8d1/screenshot - {}
RESULT: {}
]]></system-out>
    </testcase>
    <testcase classname="chrome.135_0_7049_96.windows.Sanity_Tests_US104253" name="Should open Trace Track Resources page" time="36.577">
      <system-out><![CDATA[
COMMAND: POST /session/5a63dd2c1baca8a23524d8fc78a9e8d1/execute/async - {"script":"<script> [1562 bytes]","args":[{"selector":{"controlType":"sap.m.GenericTile","properties":{"header":"Trace & Track Resources"}},"wdio_ui5_key":"sapm.GenericTile{\"header\":\"Trace & Track Resources\"}"}]}
RESULT: {"script":"<script> [1562 bytes]","args":[{"selector":{"controlType":"sap.m.GenericTile","properties":{"header":"Trace & Track Resources"}},"wdio_ui5_key":"sapm.GenericTile{\"header\":\"Trace & Track Resources\"}"}]}
RESULT: undefined
COMMAND: POST /session/5a63dd2c1baca8a23524d8fc78a9e8d1/element - {"using":"xpath","value":"//*[@id=\"__tile101\"]"}
RESULT: {"using":"xpath","value":"//*[@id=\"__tile101\"]"}
COMMAND: POST /session/5a63dd2c1baca8a23524d8fc78a9e8d1/element/f.57195F63E3672ACCB9EF2C6FC914E601.d.0C43C64DDEB06621AC62DE5BB73408A3.e.3221/click - {}
RESULT: {}
COMMAND: GET /session/5a63dd2c1baca8a23524d8fc78a9e8d1/screenshot - {}
RESULT: {}
RESULT: undefined
COMMAND: POST /session/5a63dd2c1baca8a23524d8fc78a9e8d1/element - {"using":"xpath","value":"//*[@id=\"__tile101\"]"}
RESULT: {"using":"xpath","value":"//*[@id=\"__tile101\"]"}
COMMAND: POST /session/5a63dd2c1baca8a23524d8fc78a9e8d1/element/f.57195F63E3672ACCB9EF2C6FC914E601.d.0C43C64DDEB06621AC62DE5BB73408A3.e.3221/click - {}
RESULT: undefined
COMMAND: POST /session/5a63dd2c1baca8a23524d8fc78a9e8d1/element - {"using":"xpath","value":"//*[@id=\"__tile101\"]"}
RESULT: {"using":"xpath","value":"//*[@id=\"__tile101\"]"}
COMMAND: POST /session/5a63dd2c1baca8a23524d8fc78a9e8d1/element/f.57195F63E3672ACCB9EF2C6FC914E601.d.0C43C64DDEB06621AC62DE5BB73408A3.e.3221/click - {}
RESULT: undefined
COMMAND: POST /session/5a63dd2c1baca8a23524d8fc78a9e8d1/execute/async - {"script":"<script> [6424 bytes]","args":[{"element-6066-11e4-a52e-4f735466cecf":"f.57195F63E3672ACCB9EF2C6FC914E601.d.0C43C64DDEB06621AC62DE5BB73408A3.e.289"},"getTitle",[]]}
COMMAND: POST /session/5a63dd2c1baca8a23524d8fc78a9e8d1/execute/async - {"script":"<script> [1562 bytes]","args":[{"selector":{"id":"shellAppTitle"},"wdio_ui5_key":"shellAppTitle"}]}
RESULT: {"script":"<script> [1562 bytes]","args":[{"selector":{"id":"shellAppTitle"},"wdio_ui5_key":"shellAppTitle"}]}
COMMAND: POST /session/5a63dd2c1baca8a23524d8fc78a9e8d1/execute/async - {"script":"<script> [6424 bytes]","args":[{"element-6066-11e4-a52e-4f735466cecf":"f.57195F63E3672ACCB9EF2C6FC914E601.d.0C43C64DDEB06621AC62DE5BB73408A3.e.3261"},"getTitle",[]]}
RESULT: {"script":"<script> [6424 bytes]","args":[{"element-6066-11e4-a52e-4f735466cecf":"f.57195F63E3672ACCB9EF2C6FC914E601.d.0C43C64DDEB06621AC62DE5BB73408A3.e.3261"},"getTitle",[]]}
RESULT: undefined
COMMAND: POST /session/5a63dd2c1baca8a23524d8fc78a9e8d1/element/f.57195F63E3672ACCB9EF2C6FC914E601.d.0C43C64DDEB06621AC62DE5BB73408A3.e.3218/click - {}
RESULT: {}
COMMAND: GET /session/5a63dd2c1baca8a23524d8fc78a9e8d1/screenshot - {}
RESULT: {}
]]></system-out>
    </testcase>
    <testcase classname="chrome.135_0_7049_96.windows.Sanity_Tests_US104253" name="Should open RU Inventory List page" time="35.05">
      <system-out><![CDATA[
COMMAND: POST /session/5a63dd2c1baca8a23524d8fc78a9e8d1/execute/async - {"script":"<script> [1562 bytes]","args":[{"selector":{"controlType":"sap.m.GenericTile","properties":{"header":"RU Inventory List"}},"wdio_ui5_key":"sapm.GenericTile{\"header\":\"RU Inventory List\"}"}]}
RESULT: {"script":"<script> [1562 bytes]","args":[{"selector":{"controlType":"sap.m.GenericTile","properties":{"header":"RU Inventory List"}},"wdio_ui5_key":"sapm.GenericTile{\"header\":\"RU Inventory List\"}"}]}
RESULT: undefined
COMMAND: POST /session/5a63dd2c1baca8a23524d8fc78a9e8d1/element - {"using":"xpath","value":"//*[@id=\"__tile99\"]"}
RESULT: {"using":"xpath","value":"//*[@id=\"__tile99\"]"}
COMMAND: POST /session/5a63dd2c1baca8a23524d8fc78a9e8d1/element/f.57195F63E3672ACCB9EF2C6FC914E601.d.0C43C64DDEB06621AC62DE5BB73408A3.e.3263/click - {}
RESULT: {}
COMMAND: GET /session/5a63dd2c1baca8a23524d8fc78a9e8d1/screenshot - {}
RESULT: {}
RESULT: undefined
COMMAND: POST /session/5a63dd2c1baca8a23524d8fc78a9e8d1/element - {"using":"xpath","value":"//*[@id=\"__tile99\"]"}
RESULT: {"using":"xpath","value":"//*[@id=\"__tile99\"]"}
COMMAND: POST /session/5a63dd2c1baca8a23524d8fc78a9e8d1/element/f.57195F63E3672ACCB9EF2C6FC914E601.d.0C43C64DDEB06621AC62DE5BB73408A3.e.3263/click - {}
RESULT: undefined
COMMAND: POST /session/5a63dd2c1baca8a23524d8fc78a9e8d1/element - {"using":"xpath","value":"//*[@id=\"__tile99\"]"}
RESULT: {"using":"xpath","value":"//*[@id=\"__tile99\"]"}
COMMAND: POST /session/5a63dd2c1baca8a23524d8fc78a9e8d1/element/f.57195F63E3672ACCB9EF2C6FC914E601.d.0C43C64DDEB06621AC62DE5BB73408A3.e.3263/click - {}
RESULT: undefined
COMMAND: POST /session/5a63dd2c1baca8a23524d8fc78a9e8d1/execute/async - {"script":"<script> [6424 bytes]","args":[{"element-6066-11e4-a52e-4f735466cecf":"f.57195F63E3672ACCB9EF2C6FC914E601.d.0C43C64DDEB06621AC62DE5BB73408A3.e.289"},"getTitle",[]]}
COMMAND: POST /session/5a63dd2c1baca8a23524d8fc78a9e8d1/execute/async - {"script":"<script> [1562 bytes]","args":[{"selector":{"id":"shellAppTitle"},"wdio_ui5_key":"shellAppTitle"}]}
RESULT: {"script":"<script> [1562 bytes]","args":[{"selector":{"id":"shellAppTitle"},"wdio_ui5_key":"shellAppTitle"}]}
COMMAND: POST /session/5a63dd2c1baca8a23524d8fc78a9e8d1/execute/async - {"script":"<script> [6424 bytes]","args":[{"element-6066-11e4-a52e-4f735466cecf":"f.57195F63E3672ACCB9EF2C6FC914E601.d.0C43C64DDEB06621AC62DE5BB73408A3.e.3452"},"getTitle",[]]}
RESULT: {"script":"<script> [6424 bytes]","args":[{"element-6066-11e4-a52e-4f735466cecf":"f.57195F63E3672ACCB9EF2C6FC914E601.d.0C43C64DDEB06621AC62DE5BB73408A3.e.3452"},"getTitle",[]]}
RESULT: undefined
COMMAND: POST /session/5a63dd2c1baca8a23524d8fc78a9e8d1/element/f.57195F63E3672ACCB9EF2C6FC914E601.d.0C43C64DDEB06621AC62DE5BB73408A3.e.3218/click - {}
COMMAND: POST /session/5a63dd2c1baca8a23524d8fc78a9e8d1/element - {"using":"xpath","value":"//*[@id=\"backBtn\"]"}
RESULT: {"using":"xpath","value":"//*[@id=\"backBtn\"]"}
COMMAND: POST /session/5a63dd2c1baca8a23524d8fc78a9e8d1/element/f.57195F63E3672ACCB9EF2C6FC914E601.d.0C43C64DDEB06621AC62DE5BB73408A3.e.3218/click - {}
COMMAND: POST /session/5a63dd2c1baca8a23524d8fc78a9e8d1/element - {"using":"xpath","value":"//*[@id=\"backBtn\"]"}
RESULT: {"using":"xpath","value":"//*[@id=\"backBtn\"]"}
COMMAND: POST /session/5a63dd2c1baca8a23524d8fc78a9e8d1/element/f.57195F63E3672ACCB9EF2C6FC914E601.d.0C43C64DDEB06621AC62DE5BB73408A3.e.3453/click - {}
RESULT: {}
COMMAND: GET /session/5a63dd2c1baca8a23524d8fc78a9e8d1/screenshot - {}
RESULT: {}
]]></system-out>
    </testcase>
    <testcase classname="chrome.135_0_7049_96.windows.Sanity_Tests_US104253" name="Should open Contracts Dashboard page" time="38.948">
      <system-out><![CDATA[
COMMAND: POST /session/5a63dd2c1baca8a23524d8fc78a9e8d1/execute/async - {"script":"<script> [1562 bytes]","args":[{"selector":{"controlType":"sap.m.GenericTile","properties":{"header":"Contracts Dashboard"}},"wdio_ui5_key":"sapm.GenericTile{\"header\":\"Contracts Dashboard\"}"}]}
RESULT: {"script":"<script> [1562 bytes]","args":[{"selector":{"controlType":"sap.m.GenericTile","properties":{"header":"Contracts Dashboard"}},"wdio_ui5_key":"sapm.GenericTile{\"header\":\"Contracts Dashboard\"}"}]}
RESULT: undefined
COMMAND: POST /session/5a63dd2c1baca8a23524d8fc78a9e8d1/element - {"using":"xpath","value":"//*[@id=\"__tile97\"]"}
RESULT: {"using":"xpath","value":"//*[@id=\"__tile97\"]"}
COMMAND: POST /session/5a63dd2c1baca8a23524d8fc78a9e8d1/element/f.57195F63E3672ACCB9EF2C6FC914E601.d.0C43C64DDEB06621AC62DE5BB73408A3.e.105/click - {}
RESULT: {}
COMMAND: GET /session/5a63dd2c1baca8a23524d8fc78a9e8d1/screenshot - {}
RESULT: {}
RESULT: undefined
COMMAND: POST /session/5a63dd2c1baca8a23524d8fc78a9e8d1/element - {"using":"xpath","value":"//*[@id=\"__tile97\"]"}
RESULT: {"using":"xpath","value":"//*[@id=\"__tile97\"]"}
COMMAND: POST /session/5a63dd2c1baca8a23524d8fc78a9e8d1/element/f.57195F63E3672ACCB9EF2C6FC914E601.d.0C43C64DDEB06621AC62DE5BB73408A3.e.105/click - {}
RESULT: undefined
COMMAND: POST /session/5a63dd2c1baca8a23524d8fc78a9e8d1/element - {"using":"xpath","value":"//*[@id=\"__tile97\"]"}
RESULT: {"using":"xpath","value":"//*[@id=\"__tile97\"]"}
COMMAND: POST /session/5a63dd2c1baca8a23524d8fc78a9e8d1/element/f.57195F63E3672ACCB9EF2C6FC914E601.d.0C43C64DDEB06621AC62DE5BB73408A3.e.105/click - {}
RESULT: undefined
COMMAND: POST /session/5a63dd2c1baca8a23524d8fc78a9e8d1/execute/async - {"script":"<script> [6424 bytes]","args":[{"element-6066-11e4-a52e-4f735466cecf":"f.57195F63E3672ACCB9EF2C6FC914E601.d.0C43C64DDEB06621AC62DE5BB73408A3.e.289"},"getTitle",[]]}
COMMAND: POST /session/5a63dd2c1baca8a23524d8fc78a9e8d1/execute/async - {"script":"<script> [1562 bytes]","args":[{"selector":{"id":"shellAppTitle"},"wdio_ui5_key":"shellAppTitle"}]}
RESULT: {"script":"<script> [1562 bytes]","args":[{"selector":{"id":"shellAppTitle"},"wdio_ui5_key":"shellAppTitle"}]}
COMMAND: POST /session/5a63dd2c1baca8a23524d8fc78a9e8d1/execute/async - {"script":"<script> [6424 bytes]","args":[{"element-6066-11e4-a52e-4f735466cecf":"f.57195F63E3672ACCB9EF2C6FC914E601.d.0C43C64DDEB06621AC62DE5BB73408A3.e.3470"},"getTitle",[]]}
RESULT: {"script":"<script> [6424 bytes]","args":[{"element-6066-11e4-a52e-4f735466cecf":"f.57195F63E3672ACCB9EF2C6FC914E601.d.0C43C64DDEB06621AC62DE5BB73408A3.e.3470"},"getTitle",[]]}
RESULT: undefined
COMMAND: POST /session/5a63dd2c1baca8a23524d8fc78a9e8d1/element/f.57195F63E3672ACCB9EF2C6FC914E601.d.0C43C64DDEB06621AC62DE5BB73408A3.e.3453/click - {}
RESULT: {}
COMMAND: GET /session/5a63dd2c1baca8a23524d8fc78a9e8d1/screenshot - {}
RESULT: {}
]]></system-out>
    </testcase>
    <testcase classname="chrome.135_0_7049_96.windows.Sanity_Tests_US104253" name="Should open Bin Status Report page" time="35.566">
      <system-out><![CDATA[
COMMAND: POST /session/5a63dd2c1baca8a23524d8fc78a9e8d1/execute/async - {"script":"<script> [1562 bytes]","args":[{"selector":{"controlType":"sap.m.GenericTile","properties":{"header":"Bin Status Report"}},"wdio_ui5_key":"sapm.GenericTile{\"header\":\"Bin Status Report\"}"}]}
RESULT: {"script":"<script> [1562 bytes]","args":[{"selector":{"controlType":"sap.m.GenericTile","properties":{"header":"Bin Status Report"}},"wdio_ui5_key":"sapm.GenericTile{\"header\":\"Bin Status Report\"}"}]}
RESULT: undefined
COMMAND: POST /session/5a63dd2c1baca8a23524d8fc78a9e8d1/element - {"using":"xpath","value":"//*[@id=\"__tile104\"]"}
RESULT: {"using":"xpath","value":"//*[@id=\"__tile104\"]"}
COMMAND: POST /session/5a63dd2c1baca8a23524d8fc78a9e8d1/element/f.57195F63E3672ACCB9EF2C6FC914E601.d.0C43C64DDEB06621AC62DE5BB73408A3.e.3472/click - {}
RESULT: {}
COMMAND: GET /session/5a63dd2c1baca8a23524d8fc78a9e8d1/screenshot - {}
RESULT: {}
RESULT: undefined
COMMAND: POST /session/5a63dd2c1baca8a23524d8fc78a9e8d1/element - {"using":"xpath","value":"//*[@id=\"__tile104\"]"}
RESULT: {"using":"xpath","value":"//*[@id=\"__tile104\"]"}
COMMAND: POST /session/5a63dd2c1baca8a23524d8fc78a9e8d1/element/f.57195F63E3672ACCB9EF2C6FC914E601.d.0C43C64DDEB06621AC62DE5BB73408A3.e.3472/click - {}
RESULT: undefined
COMMAND: POST /session/5a63dd2c1baca8a23524d8fc78a9e8d1/element - {"using":"xpath","value":"//*[@id=\"__tile104\"]"}
RESULT: {"using":"xpath","value":"//*[@id=\"__tile104\"]"}
COMMAND: POST /session/5a63dd2c1baca8a23524d8fc78a9e8d1/element/f.57195F63E3672ACCB9EF2C6FC914E601.d.0C43C64DDEB06621AC62DE5BB73408A3.e.3472/click - {}
RESULT: undefined
COMMAND: POST /session/5a63dd2c1baca8a23524d8fc78a9e8d1/execute/async - {"script":"<script> [6424 bytes]","args":[{"element-6066-11e4-a52e-4f735466cecf":"f.57195F63E3672ACCB9EF2C6FC914E601.d.0C43C64DDEB06621AC62DE5BB73408A3.e.289"},"getTitle",[]]}
COMMAND: POST /session/5a63dd2c1baca8a23524d8fc78a9e8d1/execute/async - {"script":"<script> [1562 bytes]","args":[{"selector":{"id":"shellAppTitle"},"wdio_ui5_key":"shellAppTitle"}]}
RESULT: {"script":"<script> [1562 bytes]","args":[{"selector":{"id":"shellAppTitle"},"wdio_ui5_key":"shellAppTitle"}]}
COMMAND: POST /session/5a63dd2c1baca8a23524d8fc78a9e8d1/execute/async - {"script":"<script> [6424 bytes]","args":[{"element-6066-11e4-a52e-4f735466cecf":"f.57195F63E3672ACCB9EF2C6FC914E601.d.0C43C64DDEB06621AC62DE5BB73408A3.e.3568"},"getTitle",[]]}
RESULT: {"script":"<script> [6424 bytes]","args":[{"element-6066-11e4-a52e-4f735466cecf":"f.57195F63E3672ACCB9EF2C6FC914E601.d.0C43C64DDEB06621AC62DE5BB73408A3.e.3568"},"getTitle",[]]}
RESULT: undefined
COMMAND: POST /session/5a63dd2c1baca8a23524d8fc78a9e8d1/element/f.57195F63E3672ACCB9EF2C6FC914E601.d.0C43C64DDEB06621AC62DE5BB73408A3.e.3453/click - {}
COMMAND: POST /session/5a63dd2c1baca8a23524d8fc78a9e8d1/element - {"using":"xpath","value":"//*[@id=\"backBtn\"]"}
RESULT: {"using":"xpath","value":"//*[@id=\"backBtn\"]"}
COMMAND: POST /session/5a63dd2c1baca8a23524d8fc78a9e8d1/element/f.57195F63E3672ACCB9EF2C6FC914E601.d.0C43C64DDEB06621AC62DE5BB73408A3.e.3453/click - {}
COMMAND: POST /session/5a63dd2c1baca8a23524d8fc78a9e8d1/element - {"using":"xpath","value":"//*[@id=\"backBtn\"]"}
RESULT: {"using":"xpath","value":"//*[@id=\"backBtn\"]"}
COMMAND: POST /session/5a63dd2c1baca8a23524d8fc78a9e8d1/element/f.57195F63E3672ACCB9EF2C6FC914E601.d.0C43C64DDEB06621AC62DE5BB73408A3.e.3569/click - {}
RESULT: {}
COMMAND: GET /session/5a63dd2c1baca8a23524d8fc78a9e8d1/screenshot - {}
RESULT: {}
]]></system-out>
    </testcase>
    <testcase classname="chrome.135_0_7049_96.windows.Sanity_Tests_US104253" name="Should open Manage Warehouse Movements page" time="35.056">
      <system-out><![CDATA[
COMMAND: POST /session/5a63dd2c1baca8a23524d8fc78a9e8d1/execute/async - {"script":"<script> [1562 bytes]","args":[{"selector":{"controlType":"sap.m.GenericTile","properties":{"header":"Manage Warehouse Movements"}},"wdio_ui5_key":"sapm.GenericTile{\"header\":\"Manage Warehouse Movements\"}"}]}
RESULT: {"script":"<script> [1562 bytes]","args":[{"selector":{"controlType":"sap.m.GenericTile","properties":{"header":"Manage Warehouse Movements"}},"wdio_ui5_key":"sapm.GenericTile{\"header\":\"Manage Warehouse Movements\"}"}]}
RESULT: undefined
COMMAND: POST /session/5a63dd2c1baca8a23524d8fc78a9e8d1/element - {"using":"xpath","value":"//*[@id=\"__tile105\"]"}
RESULT: {"using":"xpath","value":"//*[@id=\"__tile105\"]"}
COMMAND: POST /session/5a63dd2c1baca8a23524d8fc78a9e8d1/element/f.57195F63E3672ACCB9EF2C6FC914E601.d.0C43C64DDEB06621AC62DE5BB73408A3.e.3573/click - {}
RESULT: {}
COMMAND: GET /session/5a63dd2c1baca8a23524d8fc78a9e8d1/screenshot - {}
RESULT: {}
RESULT: undefined
COMMAND: POST /session/5a63dd2c1baca8a23524d8fc78a9e8d1/element - {"using":"xpath","value":"//*[@id=\"__tile105\"]"}
RESULT: {"using":"xpath","value":"//*[@id=\"__tile105\"]"}
COMMAND: POST /session/5a63dd2c1baca8a23524d8fc78a9e8d1/element/f.57195F63E3672ACCB9EF2C6FC914E601.d.0C43C64DDEB06621AC62DE5BB73408A3.e.3573/click - {}
RESULT: undefined
COMMAND: POST /session/5a63dd2c1baca8a23524d8fc78a9e8d1/element - {"using":"xpath","value":"//*[@id=\"__tile105\"]"}
RESULT: {"using":"xpath","value":"//*[@id=\"__tile105\"]"}
COMMAND: POST /session/5a63dd2c1baca8a23524d8fc78a9e8d1/element/f.57195F63E3672ACCB9EF2C6FC914E601.d.0C43C64DDEB06621AC62DE5BB73408A3.e.3573/click - {}
RESULT: undefined
COMMAND: POST /session/5a63dd2c1baca8a23524d8fc78a9e8d1/execute/async - {"script":"<script> [6424 bytes]","args":[{"element-6066-11e4-a52e-4f735466cecf":"f.57195F63E3672ACCB9EF2C6FC914E601.d.0C43C64DDEB06621AC62DE5BB73408A3.e.289"},"getTitle",[]]}
COMMAND: POST /session/5a63dd2c1baca8a23524d8fc78a9e8d1/execute/async - {"script":"<script> [1562 bytes]","args":[{"selector":{"id":"shellAppTitle"},"wdio_ui5_key":"shellAppTitle"}]}
RESULT: {"script":"<script> [1562 bytes]","args":[{"selector":{"id":"shellAppTitle"},"wdio_ui5_key":"shellAppTitle"}]}
COMMAND: POST /session/5a63dd2c1baca8a23524d8fc78a9e8d1/execute/async - {"script":"<script> [6424 bytes]","args":[{"element-6066-11e4-a52e-4f735466cecf":"f.57195F63E3672ACCB9EF2C6FC914E601.d.0C43C64DDEB06621AC62DE5BB73408A3.e.3659"},"getTitle",[]]}
RESULT: {"script":"<script> [6424 bytes]","args":[{"element-6066-11e4-a52e-4f735466cecf":"f.57195F63E3672ACCB9EF2C6FC914E601.d.0C43C64DDEB06621AC62DE5BB73408A3.e.3659"},"getTitle",[]]}
RESULT: undefined
COMMAND: POST /session/5a63dd2c1baca8a23524d8fc78a9e8d1/element/f.57195F63E3672ACCB9EF2C6FC914E601.d.0C43C64DDEB06621AC62DE5BB73408A3.e.3569/click - {}
RESULT: {}
COMMAND: GET /session/5a63dd2c1baca8a23524d8fc78a9e8d1/screenshot - {}
RESULT: {}
]]></system-out>
    </testcase>
    <testcase classname="chrome.135_0_7049_96.windows.Sanity_Tests_US104253" name="Should open Bin Inventory List page" time="35.518">
      <system-out><![CDATA[
COMMAND: POST /session/5a63dd2c1baca8a23524d8fc78a9e8d1/execute/async - {"script":"<script> [1562 bytes]","args":[{"selector":{"controlType":"sap.m.GenericTile","properties":{"header":"Bin Inventory List"}},"wdio_ui5_key":"sapm.GenericTile{\"header\":\"Bin Inventory List\"}"}]}
RESULT: {"script":"<script> [1562 bytes]","args":[{"selector":{"controlType":"sap.m.GenericTile","properties":{"header":"Bin Inventory List"}},"wdio_ui5_key":"sapm.GenericTile{\"header\":\"Bin Inventory List\"}"}]}
RESULT: undefined
COMMAND: POST /session/5a63dd2c1baca8a23524d8fc78a9e8d1/element - {"using":"xpath","value":"//*[@id=\"__tile103\"]"}
RESULT: {"using":"xpath","value":"//*[@id=\"__tile103\"]"}
COMMAND: POST /session/5a63dd2c1baca8a23524d8fc78a9e8d1/element/f.57195F63E3672ACCB9EF2C6FC914E601.d.0C43C64DDEB06621AC62DE5BB73408A3.e.106/click - {}
RESULT: {}
COMMAND: GET /session/5a63dd2c1baca8a23524d8fc78a9e8d1/screenshot - {}
RESULT: {}
RESULT: undefined
COMMAND: POST /session/5a63dd2c1baca8a23524d8fc78a9e8d1/element - {"using":"xpath","value":"//*[@id=\"__tile103\"]"}
RESULT: {"using":"xpath","value":"//*[@id=\"__tile103\"]"}
COMMAND: POST /session/5a63dd2c1baca8a23524d8fc78a9e8d1/element/f.57195F63E3672ACCB9EF2C6FC914E601.d.0C43C64DDEB06621AC62DE5BB73408A3.e.106/click - {}
RESULT: undefined
COMMAND: POST /session/5a63dd2c1baca8a23524d8fc78a9e8d1/element - {"using":"xpath","value":"//*[@id=\"__tile103\"]"}
RESULT: {"using":"xpath","value":"//*[@id=\"__tile103\"]"}
COMMAND: POST /session/5a63dd2c1baca8a23524d8fc78a9e8d1/element/f.57195F63E3672ACCB9EF2C6FC914E601.d.0C43C64DDEB06621AC62DE5BB73408A3.e.106/click - {}
RESULT: undefined
COMMAND: POST /session/5a63dd2c1baca8a23524d8fc78a9e8d1/execute/async - {"script":"<script> [6424 bytes]","args":[{"element-6066-11e4-a52e-4f735466cecf":"f.57195F63E3672ACCB9EF2C6FC914E601.d.0C43C64DDEB06621AC62DE5BB73408A3.e.289"},"getTitle",[]]}
COMMAND: POST /session/5a63dd2c1baca8a23524d8fc78a9e8d1/execute/async - {"script":"<script> [1562 bytes]","args":[{"selector":{"id":"shellAppTitle"},"wdio_ui5_key":"shellAppTitle"}]}
RESULT: {"script":"<script> [1562 bytes]","args":[{"selector":{"id":"shellAppTitle"},"wdio_ui5_key":"shellAppTitle"}]}
COMMAND: POST /session/5a63dd2c1baca8a23524d8fc78a9e8d1/execute/async - {"script":"<script> [6424 bytes]","args":[{"element-6066-11e4-a52e-4f735466cecf":"f.57195F63E3672ACCB9EF2C6FC914E601.d.0C43C64DDEB06621AC62DE5BB73408A3.e.3746"},"getTitle",[]]}
RESULT: {"script":"<script> [6424 bytes]","args":[{"element-6066-11e4-a52e-4f735466cecf":"f.57195F63E3672ACCB9EF2C6FC914E601.d.0C43C64DDEB06621AC62DE5BB73408A3.e.3746"},"getTitle",[]]}
RESULT: undefined
COMMAND: POST /session/5a63dd2c1baca8a23524d8fc78a9e8d1/element/f.57195F63E3672ACCB9EF2C6FC914E601.d.0C43C64DDEB06621AC62DE5BB73408A3.e.3569/click - {}
COMMAND: POST /session/5a63dd2c1baca8a23524d8fc78a9e8d1/element - {"using":"xpath","value":"//*[@id=\"backBtn\"]"}
RESULT: {"using":"xpath","value":"//*[@id=\"backBtn\"]"}
COMMAND: POST /session/5a63dd2c1baca8a23524d8fc78a9e8d1/element/f.57195F63E3672ACCB9EF2C6FC914E601.d.0C43C64DDEB06621AC62DE5BB73408A3.e.3569/click - {}
COMMAND: POST /session/5a63dd2c1baca8a23524d8fc78a9e8d1/element - {"using":"xpath","value":"//*[@id=\"backBtn\"]"}
RESULT: {"using":"xpath","value":"//*[@id=\"backBtn\"]"}
COMMAND: POST /session/5a63dd2c1baca8a23524d8fc78a9e8d1/element/f.57195F63E3672ACCB9EF2C6FC914E601.d.0C43C64DDEB06621AC62DE5BB73408A3.e.3747/click - {}
RESULT: {}
COMMAND: GET /session/5a63dd2c1baca8a23524d8fc78a9e8d1/screenshot - {}
RESULT: {}
]]></system-out>
    </testcase>
    <testcase classname="chrome.135_0_7049_96.windows.Sanity_Tests_US104253" name="Should open ISC Templates page" time="34.653">
      <system-out><![CDATA[
COMMAND: POST /session/5a63dd2c1baca8a23524d8fc78a9e8d1/execute/async - {"script":"<script> [1562 bytes]","args":[{"selector":{"controlType":"sap.m.GenericTile","properties":{"header":"ISC Templates"}},"wdio_ui5_key":"sapm.GenericTile{\"header\":\"ISC Templates\"}"}]}
RESULT: {"script":"<script> [1562 bytes]","args":[{"selector":{"controlType":"sap.m.GenericTile","properties":{"header":"ISC Templates"}},"wdio_ui5_key":"sapm.GenericTile{\"header\":\"ISC Templates\"}"}]}
RESULT: undefined
COMMAND: POST /session/5a63dd2c1baca8a23524d8fc78a9e8d1/element - {"using":"xpath","value":"//*[@id=\"__tile111\"]"}
RESULT: {"using":"xpath","value":"//*[@id=\"__tile111\"]"}
COMMAND: POST /session/5a63dd2c1baca8a23524d8fc78a9e8d1/element/f.57195F63E3672ACCB9EF2C6FC914E601.d.0C43C64DDEB06621AC62DE5BB73408A3.e.3749/click - {}
RESULT: {}
COMMAND: GET /session/5a63dd2c1baca8a23524d8fc78a9e8d1/screenshot - {}
RESULT: {}
RESULT: undefined
COMMAND: POST /session/5a63dd2c1baca8a23524d8fc78a9e8d1/element - {"using":"xpath","value":"//*[@id=\"__tile111\"]"}
RESULT: {"using":"xpath","value":"//*[@id=\"__tile111\"]"}
COMMAND: POST /session/5a63dd2c1baca8a23524d8fc78a9e8d1/element/f.57195F63E3672ACCB9EF2C6FC914E601.d.0C43C64DDEB06621AC62DE5BB73408A3.e.3749/click - {}
RESULT: undefined
COMMAND: POST /session/5a63dd2c1baca8a23524d8fc78a9e8d1/element - {"using":"xpath","value":"//*[@id=\"__tile111\"]"}
RESULT: {"using":"xpath","value":"//*[@id=\"__tile111\"]"}
COMMAND: POST /session/5a63dd2c1baca8a23524d8fc78a9e8d1/element/f.57195F63E3672ACCB9EF2C6FC914E601.d.0C43C64DDEB06621AC62DE5BB73408A3.e.3749/click - {}
RESULT: undefined
COMMAND: POST /session/5a63dd2c1baca8a23524d8fc78a9e8d1/execute/async - {"script":"<script> [6424 bytes]","args":[{"element-6066-11e4-a52e-4f735466cecf":"f.57195F63E3672ACCB9EF2C6FC914E601.d.0C43C64DDEB06621AC62DE5BB73408A3.e.289"},"getTitle",[]]}
COMMAND: POST /session/5a63dd2c1baca8a23524d8fc78a9e8d1/execute/async - {"script":"<script> [1562 bytes]","args":[{"selector":{"id":"shellAppTitle"},"wdio_ui5_key":"shellAppTitle"}]}
RESULT: {"script":"<script> [1562 bytes]","args":[{"selector":{"id":"shellAppTitle"},"wdio_ui5_key":"shellAppTitle"}]}
COMMAND: POST /session/5a63dd2c1baca8a23524d8fc78a9e8d1/execute/async - {"script":"<script> [6424 bytes]","args":[{"element-6066-11e4-a52e-4f735466cecf":"f.57195F63E3672ACCB9EF2C6FC914E601.d.0C43C64DDEB06621AC62DE5BB73408A3.e.3822"},"getTitle",[]]}
RESULT: {"script":"<script> [6424 bytes]","args":[{"element-6066-11e4-a52e-4f735466cecf":"f.57195F63E3672ACCB9EF2C6FC914E601.d.0C43C64DDEB06621AC62DE5BB73408A3.e.3822"},"getTitle",[]]}
RESULT: undefined
COMMAND: POST /session/5a63dd2c1baca8a23524d8fc78a9e8d1/element/f.57195F63E3672ACCB9EF2C6FC914E601.d.0C43C64DDEB06621AC62DE5BB73408A3.e.3747/click - {}
RESULT: {}
COMMAND: GET /session/5a63dd2c1baca8a23524d8fc78a9e8d1/screenshot - {}
RESULT: {}
]]></system-out>
    </testcase>
    <testcase classname="chrome.135_0_7049_96.windows.Sanity_Tests_US104253" name="Should open ISC Schedules page" time="39.369">
      <system-out><![CDATA[
COMMAND: POST /session/5a63dd2c1baca8a23524d8fc78a9e8d1/execute/async - {"script":"<script> [1562 bytes]","args":[{"selector":{"controlType":"sap.m.GenericTile","properties":{"header":"ISC Schedules"}},"wdio_ui5_key":"sapm.GenericTile{\"header\":\"ISC Schedules\"}"}]}
RESULT: {"script":"<script> [1562 bytes]","args":[{"selector":{"controlType":"sap.m.GenericTile","properties":{"header":"ISC Schedules"}},"wdio_ui5_key":"sapm.GenericTile{\"header\":\"ISC Schedules\"}"}]}
RESULT: undefined
COMMAND: POST /session/5a63dd2c1baca8a23524d8fc78a9e8d1/element - {"using":"xpath","value":"//*[@id=\"__tile109\"]"}
RESULT: {"using":"xpath","value":"//*[@id=\"__tile109\"]"}
COMMAND: POST /session/5a63dd2c1baca8a23524d8fc78a9e8d1/element/f.57195F63E3672ACCB9EF2C6FC914E601.d.0C43C64DDEB06621AC62DE5BB73408A3.e.3825/click - {}
RESULT: {}
COMMAND: GET /session/5a63dd2c1baca8a23524d8fc78a9e8d1/screenshot - {}
RESULT: {}
RESULT: undefined
COMMAND: POST /session/5a63dd2c1baca8a23524d8fc78a9e8d1/element - {"using":"xpath","value":"//*[@id=\"__tile109\"]"}
RESULT: {"using":"xpath","value":"//*[@id=\"__tile109\"]"}
COMMAND: POST /session/5a63dd2c1baca8a23524d8fc78a9e8d1/element/f.57195F63E3672ACCB9EF2C6FC914E601.d.0C43C64DDEB06621AC62DE5BB73408A3.e.3825/click - {}
RESULT: undefined
COMMAND: POST /session/5a63dd2c1baca8a23524d8fc78a9e8d1/element - {"using":"xpath","value":"//*[@id=\"__tile109\"]"}
RESULT: {"using":"xpath","value":"//*[@id=\"__tile109\"]"}
COMMAND: POST /session/5a63dd2c1baca8a23524d8fc78a9e8d1/element/f.57195F63E3672ACCB9EF2C6FC914E601.d.0C43C64DDEB06621AC62DE5BB73408A3.e.3825/click - {}
RESULT: undefined
COMMAND: POST /session/5a63dd2c1baca8a23524d8fc78a9e8d1/execute/async - {"script":"<script> [6424 bytes]","args":[{"element-6066-11e4-a52e-4f735466cecf":"f.57195F63E3672ACCB9EF2C6FC914E601.d.0C43C64DDEB06621AC62DE5BB73408A3.e.289"},"getTitle",[]]}
COMMAND: POST /session/5a63dd2c1baca8a23524d8fc78a9e8d1/execute/async - {"script":"<script> [1562 bytes]","args":[{"selector":{"id":"shellAppTitle"},"wdio_ui5_key":"shellAppTitle"}]}
RESULT: {"script":"<script> [1562 bytes]","args":[{"selector":{"id":"shellAppTitle"},"wdio_ui5_key":"shellAppTitle"}]}
COMMAND: POST /session/5a63dd2c1baca8a23524d8fc78a9e8d1/execute/async - {"script":"<script> [6424 bytes]","args":[{"element-6066-11e4-a52e-4f735466cecf":"f.57195F63E3672ACCB9EF2C6FC914E601.d.0C43C64DDEB06621AC62DE5BB73408A3.e.3903"},"getTitle",[]]}
RESULT: {"script":"<script> [6424 bytes]","args":[{"element-6066-11e4-a52e-4f735466cecf":"f.57195F63E3672ACCB9EF2C6FC914E601.d.0C43C64DDEB06621AC62DE5BB73408A3.e.3903"},"getTitle",[]]}
RESULT: undefined
COMMAND: POST /session/5a63dd2c1baca8a23524d8fc78a9e8d1/element/f.57195F63E3672ACCB9EF2C6FC914E601.d.0C43C64DDEB06621AC62DE5BB73408A3.e.3747/click - {}
COMMAND: POST /session/5a63dd2c1baca8a23524d8fc78a9e8d1/element - {"using":"xpath","value":"//*[@id=\"backBtn\"]"}
RESULT: {"using":"xpath","value":"//*[@id=\"backBtn\"]"}
COMMAND: POST /session/5a63dd2c1baca8a23524d8fc78a9e8d1/element/f.57195F63E3672ACCB9EF2C6FC914E601.d.0C43C64DDEB06621AC62DE5BB73408A3.e.3747/click - {}
COMMAND: POST /session/5a63dd2c1baca8a23524d8fc78a9e8d1/element - {"using":"xpath","value":"//*[@id=\"backBtn\"]"}
RESULT: {"using":"xpath","value":"//*[@id=\"backBtn\"]"}
COMMAND: POST /session/5a63dd2c1baca8a23524d8fc78a9e8d1/element/f.57195F63E3672ACCB9EF2C6FC914E601.d.0C43C64DDEB06621AC62DE5BB73408A3.e.3904/click - {}
RESULT: {}
COMMAND: GET /session/5a63dd2c1baca8a23524d8fc78a9e8d1/screenshot - {}
RESULT: {}
]]></system-out>
    </testcase>
    <testcase classname="chrome.135_0_7049_96.windows.Sanity_Tests_US104253" name="Should open ISC Dashboard page" time="33.703">
      <system-out><![CDATA[
COMMAND: POST /session/5a63dd2c1baca8a23524d8fc78a9e8d1/execute/async - {"script":"<script> [1562 bytes]","args":[{"selector":{"controlType":"sap.m.GenericTile","properties":{"header":"ISC Dashboard"}},"wdio_ui5_key":"sapm.GenericTile{\"header\":\"ISC Dashboard\"}"}]}
RESULT: {"script":"<script> [1562 bytes]","args":[{"selector":{"controlType":"sap.m.GenericTile","properties":{"header":"ISC Dashboard"}},"wdio_ui5_key":"sapm.GenericTile{\"header\":\"ISC Dashboard\"}"}]}
RESULT: undefined
COMMAND: POST /session/5a63dd2c1baca8a23524d8fc78a9e8d1/element - {"using":"xpath","value":"//*[@id=\"__tile106\"]"}
RESULT: {"using":"xpath","value":"//*[@id=\"__tile106\"]"}
COMMAND: POST /session/5a63dd2c1baca8a23524d8fc78a9e8d1/element/f.57195F63E3672ACCB9EF2C6FC914E601.d.0C43C64DDEB06621AC62DE5BB73408A3.e.3906/click - {}
RESULT: {}
COMMAND: GET /session/5a63dd2c1baca8a23524d8fc78a9e8d1/screenshot - {}
RESULT: {}
RESULT: undefined
COMMAND: POST /session/5a63dd2c1baca8a23524d8fc78a9e8d1/element - {"using":"xpath","value":"//*[@id=\"__tile106\"]"}
RESULT: {"using":"xpath","value":"//*[@id=\"__tile106\"]"}
COMMAND: POST /session/5a63dd2c1baca8a23524d8fc78a9e8d1/element/f.57195F63E3672ACCB9EF2C6FC914E601.d.0C43C64DDEB06621AC62DE5BB73408A3.e.3906/click - {}
RESULT: undefined
COMMAND: POST /session/5a63dd2c1baca8a23524d8fc78a9e8d1/element - {"using":"xpath","value":"//*[@id=\"__tile106\"]"}
RESULT: {"using":"xpath","value":"//*[@id=\"__tile106\"]"}
COMMAND: POST /session/5a63dd2c1baca8a23524d8fc78a9e8d1/element/f.57195F63E3672ACCB9EF2C6FC914E601.d.0C43C64DDEB06621AC62DE5BB73408A3.e.3906/click - {}
RESULT: undefined
COMMAND: POST /session/5a63dd2c1baca8a23524d8fc78a9e8d1/execute/async - {"script":"<script> [6424 bytes]","args":[{"element-6066-11e4-a52e-4f735466cecf":"f.57195F63E3672ACCB9EF2C6FC914E601.d.0C43C64DDEB06621AC62DE5BB73408A3.e.289"},"getTitle",[]]}
COMMAND: POST /session/5a63dd2c1baca8a23524d8fc78a9e8d1/execute/async - {"script":"<script> [1562 bytes]","args":[{"selector":{"id":"shellAppTitle"},"wdio_ui5_key":"shellAppTitle"}]}
RESULT: {"script":"<script> [1562 bytes]","args":[{"selector":{"id":"shellAppTitle"},"wdio_ui5_key":"shellAppTitle"}]}
COMMAND: POST /session/5a63dd2c1baca8a23524d8fc78a9e8d1/execute/async - {"script":"<script> [6424 bytes]","args":[{"element-6066-11e4-a52e-4f735466cecf":"f.57195F63E3672ACCB9EF2C6FC914E601.d.0C43C64DDEB06621AC62DE5BB73408A3.e.4028"},"getTitle",[]]}
RESULT: {"script":"<script> [6424 bytes]","args":[{"element-6066-11e4-a52e-4f735466cecf":"f.57195F63E3672ACCB9EF2C6FC914E601.d.0C43C64DDEB06621AC62DE5BB73408A3.e.4028"},"getTitle",[]]}
RESULT: undefined
COMMAND: POST /session/5a63dd2c1baca8a23524d8fc78a9e8d1/element/f.57195F63E3672ACCB9EF2C6FC914E601.d.0C43C64DDEB06621AC62DE5BB73408A3.e.3904/click - {}
RESULT: {}
COMMAND: GET /session/5a63dd2c1baca8a23524d8fc78a9e8d1/screenshot - {}
RESULT: {}
]]></system-out>
    </testcase>
    <testcase classname="chrome.135_0_7049_96.windows.Sanity_Tests_US104253" name="Should open ISC Orders page" time="34.413">
      <system-out><![CDATA[
COMMAND: POST /session/5a63dd2c1baca8a23524d8fc78a9e8d1/execute/async - {"script":"<script> [1562 bytes]","args":[{"selector":{"controlType":"sap.m.GenericTile","properties":{"header":"ISC Orders"}},"wdio_ui5_key":"sapm.GenericTile{\"header\":\"ISC Orders\"}"}]}
RESULT: {"script":"<script> [1562 bytes]","args":[{"selector":{"controlType":"sap.m.GenericTile","properties":{"header":"ISC Orders"}},"wdio_ui5_key":"sapm.GenericTile{\"header\":\"ISC Orders\"}"}]}
RESULT: undefined
COMMAND: POST /session/5a63dd2c1baca8a23524d8fc78a9e8d1/element - {"using":"xpath","value":"//*[@id=\"__tile108\"]"}
RESULT: {"using":"xpath","value":"//*[@id=\"__tile108\"]"}
COMMAND: POST /session/5a63dd2c1baca8a23524d8fc78a9e8d1/element/f.57195F63E3672ACCB9EF2C6FC914E601.d.0C43C64DDEB06621AC62DE5BB73408A3.e.4030/click - {}
RESULT: {}
COMMAND: GET /session/5a63dd2c1baca8a23524d8fc78a9e8d1/screenshot - {}
RESULT: {}
RESULT: undefined
COMMAND: POST /session/5a63dd2c1baca8a23524d8fc78a9e8d1/element - {"using":"xpath","value":"//*[@id=\"__tile108\"]"}
RESULT: {"using":"xpath","value":"//*[@id=\"__tile108\"]"}
COMMAND: POST /session/5a63dd2c1baca8a23524d8fc78a9e8d1/element/f.57195F63E3672ACCB9EF2C6FC914E601.d.0C43C64DDEB06621AC62DE5BB73408A3.e.4030/click - {}
RESULT: undefined
COMMAND: POST /session/5a63dd2c1baca8a23524d8fc78a9e8d1/element - {"using":"xpath","value":"//*[@id=\"__tile108\"]"}
RESULT: {"using":"xpath","value":"//*[@id=\"__tile108\"]"}
COMMAND: POST /session/5a63dd2c1baca8a23524d8fc78a9e8d1/element/f.57195F63E3672ACCB9EF2C6FC914E601.d.0C43C64DDEB06621AC62DE5BB73408A3.e.4030/click - {}
RESULT: undefined
COMMAND: POST /session/5a63dd2c1baca8a23524d8fc78a9e8d1/execute/async - {"script":"<script> [6424 bytes]","args":[{"element-6066-11e4-a52e-4f735466cecf":"f.57195F63E3672ACCB9EF2C6FC914E601.d.0C43C64DDEB06621AC62DE5BB73408A3.e.289"},"getTitle",[]]}
COMMAND: POST /session/5a63dd2c1baca8a23524d8fc78a9e8d1/execute/async - {"script":"<script> [1562 bytes]","args":[{"selector":{"id":"shellAppTitle"},"wdio_ui5_key":"shellAppTitle"}]}
RESULT: {"script":"<script> [1562 bytes]","args":[{"selector":{"id":"shellAppTitle"},"wdio_ui5_key":"shellAppTitle"}]}
COMMAND: POST /session/5a63dd2c1baca8a23524d8fc78a9e8d1/execute/async - {"script":"<script> [6424 bytes]","args":[{"element-6066-11e4-a52e-4f735466cecf":"f.57195F63E3672ACCB9EF2C6FC914E601.d.0C43C64DDEB06621AC62DE5BB73408A3.e.4136"},"getTitle",[]]}
RESULT: {"script":"<script> [6424 bytes]","args":[{"element-6066-11e4-a52e-4f735466cecf":"f.57195F63E3672ACCB9EF2C6FC914E601.d.0C43C64DDEB06621AC62DE5BB73408A3.e.4136"},"getTitle",[]]}
RESULT: undefined
COMMAND: POST /session/5a63dd2c1baca8a23524d8fc78a9e8d1/element/f.57195F63E3672ACCB9EF2C6FC914E601.d.0C43C64DDEB06621AC62DE5BB73408A3.e.3904/click - {}
COMMAND: POST /session/5a63dd2c1baca8a23524d8fc78a9e8d1/element - {"using":"xpath","value":"//*[@id=\"backBtn\"]"}
RESULT: {"using":"xpath","value":"//*[@id=\"backBtn\"]"}
COMMAND: POST /session/5a63dd2c1baca8a23524d8fc78a9e8d1/element/f.57195F63E3672ACCB9EF2C6FC914E601.d.0C43C64DDEB06621AC62DE5BB73408A3.e.3904/click - {}
COMMAND: POST /session/5a63dd2c1baca8a23524d8fc78a9e8d1/element - {"using":"xpath","value":"//*[@id=\"backBtn\"]"}
RESULT: {"using":"xpath","value":"//*[@id=\"backBtn\"]"}
COMMAND: POST /session/5a63dd2c1baca8a23524d8fc78a9e8d1/element/f.57195F63E3672ACCB9EF2C6FC914E601.d.0C43C64DDEB06621AC62DE5BB73408A3.e.4137/click - {}
RESULT: {}
COMMAND: GET /session/5a63dd2c1baca8a23524d8fc78a9e8d1/screenshot - {}
RESULT: {}
]]></system-out>
    </testcase>
    <testcase classname="chrome.135_0_7049_96.windows.Sanity_Tests_US104253" name="Should open ISC Tasks page" time="33.842">
      <system-out><![CDATA[
COMMAND: POST /session/5a63dd2c1baca8a23524d8fc78a9e8d1/execute/async - {"script":"<script> [1562 bytes]","args":[{"selector":{"controlType":"sap.m.GenericTile","properties":{"header":"ISC Tasks"}},"wdio_ui5_key":"sapm.GenericTile{\"header\":\"ISC Tasks\"}"}]}
RESULT: {"script":"<script> [1562 bytes]","args":[{"selector":{"controlType":"sap.m.GenericTile","properties":{"header":"ISC Tasks"}},"wdio_ui5_key":"sapm.GenericTile{\"header\":\"ISC Tasks\"}"}]}
RESULT: undefined
COMMAND: POST /session/5a63dd2c1baca8a23524d8fc78a9e8d1/element - {"using":"xpath","value":"//*[@id=\"__tile110\"]"}
RESULT: {"using":"xpath","value":"//*[@id=\"__tile110\"]"}
COMMAND: POST /session/5a63dd2c1baca8a23524d8fc78a9e8d1/element/f.57195F63E3672ACCB9EF2C6FC914E601.d.0C43C64DDEB06621AC62DE5BB73408A3.e.4139/click - {}
RESULT: {}
COMMAND: GET /session/5a63dd2c1baca8a23524d8fc78a9e8d1/screenshot - {}
RESULT: {}
RESULT: undefined
COMMAND: POST /session/5a63dd2c1baca8a23524d8fc78a9e8d1/element - {"using":"xpath","value":"//*[@id=\"__tile110\"]"}
RESULT: {"using":"xpath","value":"//*[@id=\"__tile110\"]"}
COMMAND: POST /session/5a63dd2c1baca8a23524d8fc78a9e8d1/element/f.57195F63E3672ACCB9EF2C6FC914E601.d.0C43C64DDEB06621AC62DE5BB73408A3.e.4139/click - {}
RESULT: undefined
COMMAND: POST /session/5a63dd2c1baca8a23524d8fc78a9e8d1/element - {"using":"xpath","value":"//*[@id=\"__tile110\"]"}
RESULT: {"using":"xpath","value":"//*[@id=\"__tile110\"]"}
COMMAND: POST /session/5a63dd2c1baca8a23524d8fc78a9e8d1/element/f.57195F63E3672ACCB9EF2C6FC914E601.d.0C43C64DDEB06621AC62DE5BB73408A3.e.4139/click - {}
RESULT: undefined
COMMAND: POST /session/5a63dd2c1baca8a23524d8fc78a9e8d1/execute/async - {"script":"<script> [6424 bytes]","args":[{"element-6066-11e4-a52e-4f735466cecf":"f.57195F63E3672ACCB9EF2C6FC914E601.d.0C43C64DDEB06621AC62DE5BB73408A3.e.289"},"getTitle",[]]}
COMMAND: POST /session/5a63dd2c1baca8a23524d8fc78a9e8d1/execute/async - {"script":"<script> [1562 bytes]","args":[{"selector":{"id":"shellAppTitle"},"wdio_ui5_key":"shellAppTitle"}]}
RESULT: {"script":"<script> [1562 bytes]","args":[{"selector":{"id":"shellAppTitle"},"wdio_ui5_key":"shellAppTitle"}]}
COMMAND: POST /session/5a63dd2c1baca8a23524d8fc78a9e8d1/execute/async - {"script":"<script> [6424 bytes]","args":[{"element-6066-11e4-a52e-4f735466cecf":"f.57195F63E3672ACCB9EF2C6FC914E601.d.0C43C64DDEB06621AC62DE5BB73408A3.e.4223"},"getTitle",[]]}
RESULT: {"script":"<script> [6424 bytes]","args":[{"element-6066-11e4-a52e-4f735466cecf":"f.57195F63E3672ACCB9EF2C6FC914E601.d.0C43C64DDEB06621AC62DE5BB73408A3.e.4223"},"getTitle",[]]}
RESULT: undefined
COMMAND: POST /session/5a63dd2c1baca8a23524d8fc78a9e8d1/element/f.57195F63E3672ACCB9EF2C6FC914E601.d.0C43C64DDEB06621AC62DE5BB73408A3.e.4137/click - {}
RESULT: {}
COMMAND: GET /session/5a63dd2c1baca8a23524d8fc78a9e8d1/screenshot - {}
RESULT: {}
]]></system-out>
    </testcase>
    <testcase classname="chrome.135_0_7049_96.windows.Sanity_Tests_US104253" name="Should open Manage Resource Logbook page" time="37.62">
      <system-out><![CDATA[
COMMAND: POST /session/5a63dd2c1baca8a23524d8fc78a9e8d1/execute/async - {"script":"<script> [1562 bytes]","args":[{"selector":{"controlType":"sap.m.GenericTile","properties":{"header":"Manage Resource Logbook"}},"wdio_ui5_key":"sapm.GenericTile{\"header\":\"Manage Resource Logbook\"}"}]}
RESULT: {"script":"<script> [1562 bytes]","args":[{"selector":{"controlType":"sap.m.GenericTile","properties":{"header":"Manage Resource Logbook"}},"wdio_ui5_key":"sapm.GenericTile{\"header\":\"Manage Resource Logbook\"}"}]}
RESULT: undefined
COMMAND: POST /session/5a63dd2c1baca8a23524d8fc78a9e8d1/element - {"using":"xpath","value":"//*[@id=\"__tile113\"]"}
RESULT: {"using":"xpath","value":"//*[@id=\"__tile113\"]"}
COMMAND: POST /session/5a63dd2c1baca8a23524d8fc78a9e8d1/element/f.57195F63E3672ACCB9EF2C6FC914E601.d.0C43C64DDEB06621AC62DE5BB73408A3.e.4225/click - {}
RESULT: {}
COMMAND: GET /session/5a63dd2c1baca8a23524d8fc78a9e8d1/screenshot - {}
RESULT: {}
RESULT: undefined
COMMAND: POST /session/5a63dd2c1baca8a23524d8fc78a9e8d1/element - {"using":"xpath","value":"//*[@id=\"__tile113\"]"}
RESULT: {"using":"xpath","value":"//*[@id=\"__tile113\"]"}
COMMAND: POST /session/5a63dd2c1baca8a23524d8fc78a9e8d1/element/f.57195F63E3672ACCB9EF2C6FC914E601.d.0C43C64DDEB06621AC62DE5BB73408A3.e.4225/click - {}
RESULT: undefined
COMMAND: POST /session/5a63dd2c1baca8a23524d8fc78a9e8d1/element - {"using":"xpath","value":"//*[@id=\"__tile113\"]"}
RESULT: {"using":"xpath","value":"//*[@id=\"__tile113\"]"}
COMMAND: POST /session/5a63dd2c1baca8a23524d8fc78a9e8d1/element/f.57195F63E3672ACCB9EF2C6FC914E601.d.0C43C64DDEB06621AC62DE5BB73408A3.e.4225/click - {}
RESULT: undefined
COMMAND: POST /session/5a63dd2c1baca8a23524d8fc78a9e8d1/execute/async - {"script":"<script> [6424 bytes]","args":[{"element-6066-11e4-a52e-4f735466cecf":"f.57195F63E3672ACCB9EF2C6FC914E601.d.0C43C64DDEB06621AC62DE5BB73408A3.e.289"},"getTitle",[]]}
COMMAND: POST /session/5a63dd2c1baca8a23524d8fc78a9e8d1/execute/async - {"script":"<script> [1562 bytes]","args":[{"selector":{"id":"shellAppTitle"},"wdio_ui5_key":"shellAppTitle"}]}
RESULT: {"script":"<script> [1562 bytes]","args":[{"selector":{"id":"shellAppTitle"},"wdio_ui5_key":"shellAppTitle"}]}
COMMAND: POST /session/5a63dd2c1baca8a23524d8fc78a9e8d1/execute/async - {"script":"<script> [6424 bytes]","args":[{"element-6066-11e4-a52e-4f735466cecf":"f.57195F63E3672ACCB9EF2C6FC914E601.d.0C43C64DDEB06621AC62DE5BB73408A3.e.4331"},"getTitle",[]]}
RESULT: {"script":"<script> [6424 bytes]","args":[{"element-6066-11e4-a52e-4f735466cecf":"f.57195F63E3672ACCB9EF2C6FC914E601.d.0C43C64DDEB06621AC62DE5BB73408A3.e.4331"},"getTitle",[]]}
RESULT: undefined
COMMAND: POST /session/5a63dd2c1baca8a23524d8fc78a9e8d1/element/f.57195F63E3672ACCB9EF2C6FC914E601.d.0C43C64DDEB06621AC62DE5BB73408A3.e.4137/click - {}
COMMAND: POST /session/5a63dd2c1baca8a23524d8fc78a9e8d1/element - {"using":"xpath","value":"//*[@id=\"backBtn\"]"}
RESULT: {"using":"xpath","value":"//*[@id=\"backBtn\"]"}
COMMAND: POST /session/5a63dd2c1baca8a23524d8fc78a9e8d1/element/f.57195F63E3672ACCB9EF2C6FC914E601.d.0C43C64DDEB06621AC62DE5BB73408A3.e.4137/click - {}
COMMAND: POST /session/5a63dd2c1baca8a23524d8fc78a9e8d1/element - {"using":"xpath","value":"//*[@id=\"backBtn\"]"}
RESULT: {"using":"xpath","value":"//*[@id=\"backBtn\"]"}
COMMAND: POST /session/5a63dd2c1baca8a23524d8fc78a9e8d1/element/f.57195F63E3672ACCB9EF2C6FC914E601.d.0C43C64DDEB06621AC62DE5BB73408A3.e.4332/click - {}
RESULT: {}
COMMAND: GET /session/5a63dd2c1baca8a23524d8fc78a9e8d1/screenshot - {}
RESULT: {}
]]></system-out>
    </testcase>
    <testcase classname="chrome.135_0_7049_96.windows.Sanity_Tests_US104253" name="Should open Manage Logbook page" time="34.628">
      <system-out><![CDATA[
COMMAND: POST /session/5a63dd2c1baca8a23524d8fc78a9e8d1/execute/async - {"script":"<script> [1562 bytes]","args":[{"selector":{"controlType":"sap.m.GenericTile","properties":{"header":"Manage Logbook"}},"wdio_ui5_key":"sapm.GenericTile{\"header\":\"Manage Logbook\"}"}]}
RESULT: {"script":"<script> [1562 bytes]","args":[{"selector":{"controlType":"sap.m.GenericTile","properties":{"header":"Manage Logbook"}},"wdio_ui5_key":"sapm.GenericTile{\"header\":\"Manage Logbook\"}"}]}
RESULT: undefined
COMMAND: POST /session/5a63dd2c1baca8a23524d8fc78a9e8d1/element - {"using":"xpath","value":"//*[@id=\"__tile112\"]"}
RESULT: {"using":"xpath","value":"//*[@id=\"__tile112\"]"}
COMMAND: POST /session/5a63dd2c1baca8a23524d8fc78a9e8d1/element/f.57195F63E3672ACCB9EF2C6FC914E601.d.0C43C64DDEB06621AC62DE5BB73408A3.e.4334/click - {}
RESULT: {}
COMMAND: GET /session/5a63dd2c1baca8a23524d8fc78a9e8d1/screenshot - {}
RESULT: {}
RESULT: undefined
COMMAND: POST /session/5a63dd2c1baca8a23524d8fc78a9e8d1/element - {"using":"xpath","value":"//*[@id=\"__tile112\"]"}
RESULT: {"using":"xpath","value":"//*[@id=\"__tile112\"]"}
COMMAND: POST /session/5a63dd2c1baca8a23524d8fc78a9e8d1/element/f.57195F63E3672ACCB9EF2C6FC914E601.d.0C43C64DDEB06621AC62DE5BB73408A3.e.4334/click - {}
RESULT: undefined
COMMAND: POST /session/5a63dd2c1baca8a23524d8fc78a9e8d1/element - {"using":"xpath","value":"//*[@id=\"__tile112\"]"}
RESULT: {"using":"xpath","value":"//*[@id=\"__tile112\"]"}
COMMAND: POST /session/5a63dd2c1baca8a23524d8fc78a9e8d1/element/f.57195F63E3672ACCB9EF2C6FC914E601.d.0C43C64DDEB06621AC62DE5BB73408A3.e.4334/click - {}
RESULT: undefined
COMMAND: POST /session/5a63dd2c1baca8a23524d8fc78a9e8d1/execute/async - {"script":"<script> [6424 bytes]","args":[{"element-6066-11e4-a52e-4f735466cecf":"f.57195F63E3672ACCB9EF2C6FC914E601.d.0C43C64DDEB06621AC62DE5BB73408A3.e.289"},"getTitle",[]]}
COMMAND: POST /session/5a63dd2c1baca8a23524d8fc78a9e8d1/execute/async - {"script":"<script> [1562 bytes]","args":[{"selector":{"id":"shellAppTitle"},"wdio_ui5_key":"shellAppTitle"}]}
RESULT: {"script":"<script> [1562 bytes]","args":[{"selector":{"id":"shellAppTitle"},"wdio_ui5_key":"shellAppTitle"}]}
COMMAND: POST /session/5a63dd2c1baca8a23524d8fc78a9e8d1/execute/async - {"script":"<script> [6424 bytes]","args":[{"element-6066-11e4-a52e-4f735466cecf":"f.57195F63E3672ACCB9EF2C6FC914E601.d.0C43C64DDEB06621AC62DE5BB73408A3.e.4408"},"getTitle",[]]}
RESULT: {"script":"<script> [6424 bytes]","args":[{"element-6066-11e4-a52e-4f735466cecf":"f.57195F63E3672ACCB9EF2C6FC914E601.d.0C43C64DDEB06621AC62DE5BB73408A3.e.4408"},"getTitle",[]]}
RESULT: undefined
COMMAND: POST /session/5a63dd2c1baca8a23524d8fc78a9e8d1/element/f.57195F63E3672ACCB9EF2C6FC914E601.d.0C43C64DDEB06621AC62DE5BB73408A3.e.4332/click - {}
RESULT: {}
COMMAND: GET /session/5a63dd2c1baca8a23524d8fc78a9e8d1/screenshot - {}
RESULT: {}
]]></system-out>
    </testcase>
    <testcase classname="chrome.135_0_7049_96.windows.Sanity_Tests_US104253" name="Should open ISC Orders Calendar page" time="35.868">
      <system-out><![CDATA[
COMMAND: POST /session/5a63dd2c1baca8a23524d8fc78a9e8d1/execute/async - {"script":"<script> [1562 bytes]","args":[{"selector":{"controlType":"sap.m.GenericTile","properties":{"header":"ISC Orders Calendar"}},"wdio_ui5_key":"sapm.GenericTile{\"header\":\"ISC Orders Calendar\"}"}]}
RESULT: {"script":"<script> [1562 bytes]","args":[{"selector":{"controlType":"sap.m.GenericTile","properties":{"header":"ISC Orders Calendar"}},"wdio_ui5_key":"sapm.GenericTile{\"header\":\"ISC Orders Calendar\"}"}]}
RESULT: undefined
COMMAND: POST /session/5a63dd2c1baca8a23524d8fc78a9e8d1/element - {"using":"xpath","value":"//*[@id=\"__tile107\"]"}
RESULT: {"using":"xpath","value":"//*[@id=\"__tile107\"]"}
COMMAND: POST /session/5a63dd2c1baca8a23524d8fc78a9e8d1/element/f.57195F63E3672ACCB9EF2C6FC914E601.d.0C43C64DDEB06621AC62DE5BB73408A3.e.4410/click - {}
RESULT: {}
COMMAND: GET /session/5a63dd2c1baca8a23524d8fc78a9e8d1/screenshot - {}
RESULT: {}
RESULT: undefined
COMMAND: POST /session/5a63dd2c1baca8a23524d8fc78a9e8d1/element - {"using":"xpath","value":"//*[@id=\"__tile107\"]"}
RESULT: {"using":"xpath","value":"//*[@id=\"__tile107\"]"}
COMMAND: POST /session/5a63dd2c1baca8a23524d8fc78a9e8d1/element/f.57195F63E3672ACCB9EF2C6FC914E601.d.0C43C64DDEB06621AC62DE5BB73408A3.e.4410/click - {}
RESULT: undefined
COMMAND: POST /session/5a63dd2c1baca8a23524d8fc78a9e8d1/element - {"using":"xpath","value":"//*[@id=\"__tile107\"]"}
RESULT: {"using":"xpath","value":"//*[@id=\"__tile107\"]"}
COMMAND: POST /session/5a63dd2c1baca8a23524d8fc78a9e8d1/element/f.57195F63E3672ACCB9EF2C6FC914E601.d.0C43C64DDEB06621AC62DE5BB73408A3.e.4410/click - {}
RESULT: undefined
COMMAND: POST /session/5a63dd2c1baca8a23524d8fc78a9e8d1/execute/async - {"script":"<script> [6424 bytes]","args":[{"element-6066-11e4-a52e-4f735466cecf":"f.57195F63E3672ACCB9EF2C6FC914E601.d.0C43C64DDEB06621AC62DE5BB73408A3.e.289"},"getTitle",[]]}
COMMAND: POST /session/5a63dd2c1baca8a23524d8fc78a9e8d1/execute/async - {"script":"<script> [1562 bytes]","args":[{"selector":{"id":"shellAppTitle"},"wdio_ui5_key":"shellAppTitle"}]}
RESULT: {"script":"<script> [1562 bytes]","args":[{"selector":{"id":"shellAppTitle"},"wdio_ui5_key":"shellAppTitle"}]}
COMMAND: POST /session/5a63dd2c1baca8a23524d8fc78a9e8d1/execute/async - {"script":"<script> [6424 bytes]","args":[{"element-6066-11e4-a52e-4f735466cecf":"f.57195F63E3672ACCB9EF2C6FC914E601.d.0C43C64DDEB06621AC62DE5BB73408A3.e.4618"},"getTitle",[]]}
RESULT: {"script":"<script> [6424 bytes]","args":[{"element-6066-11e4-a52e-4f735466cecf":"f.57195F63E3672ACCB9EF2C6FC914E601.d.0C43C64DDEB06621AC62DE5BB73408A3.e.4618"},"getTitle",[]]}
RESULT: undefined
COMMAND: POST /session/5a63dd2c1baca8a23524d8fc78a9e8d1/element/f.57195F63E3672ACCB9EF2C6FC914E601.d.0C43C64DDEB06621AC62DE5BB73408A3.e.4332/click - {}
COMMAND: POST /session/5a63dd2c1baca8a23524d8fc78a9e8d1/element - {"using":"xpath","value":"//*[@id=\"backBtn\"]"}
RESULT: {"using":"xpath","value":"//*[@id=\"backBtn\"]"}
COMMAND: POST /session/5a63dd2c1baca8a23524d8fc78a9e8d1/element/f.57195F63E3672ACCB9EF2C6FC914E601.d.0C43C64DDEB06621AC62DE5BB73408A3.e.4332/click - {}
COMMAND: POST /session/5a63dd2c1baca8a23524d8fc78a9e8d1/element - {"using":"xpath","value":"//*[@id=\"backBtn\"]"}
RESULT: {"using":"xpath","value":"//*[@id=\"backBtn\"]"}
COMMAND: POST /session/5a63dd2c1baca8a23524d8fc78a9e8d1/element/f.57195F63E3672ACCB9EF2C6FC914E601.d.0C43C64DDEB06621AC62DE5BB73408A3.e.4619/click - {}
RESULT: {}
COMMAND: GET /session/5a63dd2c1baca8a23524d8fc78a9e8d1/screenshot - {}
RESULT: {}
]]></system-out>
    </testcase>
    <testcase classname="chrome.135_0_7049_96.windows.Sanity_Tests_US104253" name="Should open Configure System page" time="34.349">
      <system-out><![CDATA[
COMMAND: POST /session/5a63dd2c1baca8a23524d8fc78a9e8d1/execute/async - {"script":"<script> [1562 bytes]","args":[{"selector":{"controlType":"sap.m.GenericTile","properties":{"header":"Configure System"}},"wdio_ui5_key":"sapm.GenericTile{\"header\":\"Configure System\"}"}]}
RESULT: {"script":"<script> [1562 bytes]","args":[{"selector":{"controlType":"sap.m.GenericTile","properties":{"header":"Configure System"}},"wdio_ui5_key":"sapm.GenericTile{\"header\":\"Configure System\"}"}]}
RESULT: undefined
COMMAND: POST /session/5a63dd2c1baca8a23524d8fc78a9e8d1/element - {"using":"xpath","value":"//*[@id=\"__tile114\"]"}
RESULT: {"using":"xpath","value":"//*[@id=\"__tile114\"]"}
COMMAND: POST /session/5a63dd2c1baca8a23524d8fc78a9e8d1/element/f.57195F63E3672ACCB9EF2C6FC914E601.d.0C43C64DDEB06621AC62DE5BB73408A3.e.4621/click - {}
RESULT: {}
COMMAND: GET /session/5a63dd2c1baca8a23524d8fc78a9e8d1/screenshot - {}
RESULT: {}
RESULT: undefined
COMMAND: POST /session/5a63dd2c1baca8a23524d8fc78a9e8d1/element - {"using":"xpath","value":"//*[@id=\"__tile114\"]"}
RESULT: {"using":"xpath","value":"//*[@id=\"__tile114\"]"}
COMMAND: POST /session/5a63dd2c1baca8a23524d8fc78a9e8d1/element/f.57195F63E3672ACCB9EF2C6FC914E601.d.0C43C64DDEB06621AC62DE5BB73408A3.e.4621/click - {}
RESULT: undefined
COMMAND: POST /session/5a63dd2c1baca8a23524d8fc78a9e8d1/element - {"using":"xpath","value":"//*[@id=\"__tile114\"]"}
RESULT: {"using":"xpath","value":"//*[@id=\"__tile114\"]"}
COMMAND: POST /session/5a63dd2c1baca8a23524d8fc78a9e8d1/element/f.57195F63E3672ACCB9EF2C6FC914E601.d.0C43C64DDEB06621AC62DE5BB73408A3.e.4621/click - {}
RESULT: undefined
COMMAND: POST /session/5a63dd2c1baca8a23524d8fc78a9e8d1/execute/async - {"script":"<script> [6424 bytes]","args":[{"element-6066-11e4-a52e-4f735466cecf":"f.57195F63E3672ACCB9EF2C6FC914E601.d.0C43C64DDEB06621AC62DE5BB73408A3.e.289"},"getTitle",[]]}
COMMAND: POST /session/5a63dd2c1baca8a23524d8fc78a9e8d1/execute/async - {"script":"<script> [1562 bytes]","args":[{"selector":{"id":"shellAppTitle"},"wdio_ui5_key":"shellAppTitle"}]}
RESULT: {"script":"<script> [1562 bytes]","args":[{"selector":{"id":"shellAppTitle"},"wdio_ui5_key":"shellAppTitle"}]}
COMMAND: POST /session/5a63dd2c1baca8a23524d8fc78a9e8d1/execute/async - {"script":"<script> [6424 bytes]","args":[{"element-6066-11e4-a52e-4f735466cecf":"f.57195F63E3672ACCB9EF2C6FC914E601.d.0C43C64DDEB06621AC62DE5BB73408A3.e.4660"},"getTitle",[]]}
RESULT: {"script":"<script> [6424 bytes]","args":[{"element-6066-11e4-a52e-4f735466cecf":"f.57195F63E3672ACCB9EF2C6FC914E601.d.0C43C64DDEB06621AC62DE5BB73408A3.e.4660"},"getTitle",[]]}
RESULT: undefined
COMMAND: POST /session/5a63dd2c1baca8a23524d8fc78a9e8d1/element/f.57195F63E3672ACCB9EF2C6FC914E601.d.0C43C64DDEB06621AC62DE5BB73408A3.e.4619/click - {}
RESULT: {}
COMMAND: GET /session/5a63dd2c1baca8a23524d8fc78a9e8d1/screenshot - {}
RESULT: {}
]]></system-out>
    </testcase>
    <testcase classname="chrome.135_0_7049_96.windows.Sanity_Tests_US104253" name="Should open Manage Classifications page" time="34.186">
      <system-out><![CDATA[
COMMAND: POST /session/5a63dd2c1baca8a23524d8fc78a9e8d1/execute/async - {"script":"<script> [1562 bytes]","args":[{"selector":{"controlType":"sap.m.GenericTile","properties":{"header":"Manage Classifications"}},"wdio_ui5_key":"sapm.GenericTile{\"header\":\"Manage Classifications\"}"}]}
RESULT: {"script":"<script> [1562 bytes]","args":[{"selector":{"controlType":"sap.m.GenericTile","properties":{"header":"Manage Classifications"}},"wdio_ui5_key":"sapm.GenericTile{\"header\":\"Manage Classifications\"}"}]}
RESULT: undefined
COMMAND: POST /session/5a63dd2c1baca8a23524d8fc78a9e8d1/element - {"using":"xpath","value":"//*[@id=\"__tile115\"]"}
RESULT: {"using":"xpath","value":"//*[@id=\"__tile115\"]"}
COMMAND: POST /session/5a63dd2c1baca8a23524d8fc78a9e8d1/element/f.57195F63E3672ACCB9EF2C6FC914E601.d.0C43C64DDEB06621AC62DE5BB73408A3.e.4664/click - {}
RESULT: {}
COMMAND: GET /session/5a63dd2c1baca8a23524d8fc78a9e8d1/screenshot - {}
RESULT: {}
RESULT: undefined
COMMAND: POST /session/5a63dd2c1baca8a23524d8fc78a9e8d1/element - {"using":"xpath","value":"//*[@id=\"__tile115\"]"}
RESULT: {"using":"xpath","value":"//*[@id=\"__tile115\"]"}
COMMAND: POST /session/5a63dd2c1baca8a23524d8fc78a9e8d1/element/f.57195F63E3672ACCB9EF2C6FC914E601.d.0C43C64DDEB06621AC62DE5BB73408A3.e.4664/click - {}
RESULT: undefined
COMMAND: POST /session/5a63dd2c1baca8a23524d8fc78a9e8d1/element - {"using":"xpath","value":"//*[@id=\"__tile115\"]"}
RESULT: {"using":"xpath","value":"//*[@id=\"__tile115\"]"}
COMMAND: POST /session/5a63dd2c1baca8a23524d8fc78a9e8d1/element/f.57195F63E3672ACCB9EF2C6FC914E601.d.0C43C64DDEB06621AC62DE5BB73408A3.e.4664/click - {}
RESULT: undefined
COMMAND: POST /session/5a63dd2c1baca8a23524d8fc78a9e8d1/execute/async - {"script":"<script> [6424 bytes]","args":[{"element-6066-11e4-a52e-4f735466cecf":"f.57195F63E3672ACCB9EF2C6FC914E601.d.0C43C64DDEB06621AC62DE5BB73408A3.e.289"},"getTitle",[]]}
COMMAND: POST /session/5a63dd2c1baca8a23524d8fc78a9e8d1/execute/async - {"script":"<script> [1562 bytes]","args":[{"selector":{"id":"shellAppTitle"},"wdio_ui5_key":"shellAppTitle"}]}
RESULT: {"script":"<script> [1562 bytes]","args":[{"selector":{"id":"shellAppTitle"},"wdio_ui5_key":"shellAppTitle"}]}
COMMAND: POST /session/5a63dd2c1baca8a23524d8fc78a9e8d1/execute/async - {"script":"<script> [6424 bytes]","args":[{"element-6066-11e4-a52e-4f735466cecf":"f.57195F63E3672ACCB9EF2C6FC914E601.d.0C43C64DDEB06621AC62DE5BB73408A3.e.4903"},"getTitle",[]]}
RESULT: {"script":"<script> [6424 bytes]","args":[{"element-6066-11e4-a52e-4f735466cecf":"f.57195F63E3672ACCB9EF2C6FC914E601.d.0C43C64DDEB06621AC62DE5BB73408A3.e.4903"},"getTitle",[]]}
RESULT: undefined
COMMAND: POST /session/5a63dd2c1baca8a23524d8fc78a9e8d1/element/f.57195F63E3672ACCB9EF2C6FC914E601.d.0C43C64DDEB06621AC62DE5BB73408A3.e.4619/click - {}
COMMAND: POST /session/5a63dd2c1baca8a23524d8fc78a9e8d1/element - {"using":"xpath","value":"//*[@id=\"backBtn\"]"}
RESULT: {"using":"xpath","value":"//*[@id=\"backBtn\"]"}
COMMAND: POST /session/5a63dd2c1baca8a23524d8fc78a9e8d1/element/f.57195F63E3672ACCB9EF2C6FC914E601.d.0C43C64DDEB06621AC62DE5BB73408A3.e.4619/click - {}
COMMAND: POST /session/5a63dd2c1baca8a23524d8fc78a9e8d1/element - {"using":"xpath","value":"//*[@id=\"backBtn\"]"}
RESULT: {"using":"xpath","value":"//*[@id=\"backBtn\"]"}
COMMAND: POST /session/5a63dd2c1baca8a23524d8fc78a9e8d1/element/f.57195F63E3672ACCB9EF2C6FC914E601.d.0C43C64DDEB06621AC62DE5BB73408A3.e.4904/click - {}
RESULT: {}
COMMAND: GET /session/5a63dd2c1baca8a23524d8fc78a9e8d1/screenshot - {}
RESULT: {}
]]></system-out>
    </testcase>
    <testcase classname="chrome.135_0_7049_96.windows.Sanity_Tests_US104253" name="Should open Data Explorer page" time="35.77">
      <system-out><![CDATA[
COMMAND: POST /session/5a63dd2c1baca8a23524d8fc78a9e8d1/execute/async - {"script":"<script> [1562 bytes]","args":[{"selector":{"controlType":"sap.m.GenericTile","properties":{"header":"Data Explorer"}},"wdio_ui5_key":"sapm.GenericTile{\"header\":\"Data Explorer\"}"}]}
RESULT: {"script":"<script> [1562 bytes]","args":[{"selector":{"controlType":"sap.m.GenericTile","properties":{"header":"Data Explorer"}},"wdio_ui5_key":"sapm.GenericTile{\"header\":\"Data Explorer\"}"}]}
RESULT: undefined
COMMAND: POST /session/5a63dd2c1baca8a23524d8fc78a9e8d1/element - {"using":"xpath","value":"//*[@id=\"__tile117\"]"}
RESULT: {"using":"xpath","value":"//*[@id=\"__tile117\"]"}
COMMAND: POST /session/5a63dd2c1baca8a23524d8fc78a9e8d1/element/f.57195F63E3672ACCB9EF2C6FC914E601.d.0C43C64DDEB06621AC62DE5BB73408A3.e.4906/click - {}
RESULT: {}
COMMAND: GET /session/5a63dd2c1baca8a23524d8fc78a9e8d1/screenshot - {}
RESULT: {}
RESULT: undefined
COMMAND: POST /session/5a63dd2c1baca8a23524d8fc78a9e8d1/element - {"using":"xpath","value":"//*[@id=\"__tile117\"]"}
RESULT: {"using":"xpath","value":"//*[@id=\"__tile117\"]"}
COMMAND: POST /session/5a63dd2c1baca8a23524d8fc78a9e8d1/element/f.57195F63E3672ACCB9EF2C6FC914E601.d.0C43C64DDEB06621AC62DE5BB73408A3.e.4906/click - {}
RESULT: undefined
COMMAND: POST /session/5a63dd2c1baca8a23524d8fc78a9e8d1/element - {"using":"xpath","value":"//*[@id=\"__tile117\"]"}
RESULT: {"using":"xpath","value":"//*[@id=\"__tile117\"]"}
COMMAND: POST /session/5a63dd2c1baca8a23524d8fc78a9e8d1/element/f.57195F63E3672ACCB9EF2C6FC914E601.d.0C43C64DDEB06621AC62DE5BB73408A3.e.4906/click - {}
RESULT: undefined
COMMAND: POST /session/5a63dd2c1baca8a23524d8fc78a9e8d1/execute/async - {"script":"<script> [6424 bytes]","args":[{"element-6066-11e4-a52e-4f735466cecf":"f.57195F63E3672ACCB9EF2C6FC914E601.d.0C43C64DDEB06621AC62DE5BB73408A3.e.289"},"getTitle",[]]}
COMMAND: POST /session/5a63dd2c1baca8a23524d8fc78a9e8d1/execute/async - {"script":"<script> [1562 bytes]","args":[{"selector":{"id":"shellAppTitle"},"wdio_ui5_key":"shellAppTitle"}]}
RESULT: {"script":"<script> [1562 bytes]","args":[{"selector":{"id":"shellAppTitle"},"wdio_ui5_key":"shellAppTitle"}]}
COMMAND: POST /session/5a63dd2c1baca8a23524d8fc78a9e8d1/execute/async - {"script":"<script> [6424 bytes]","args":[{"element-6066-11e4-a52e-4f735466cecf":"f.57195F63E3672ACCB9EF2C6FC914E601.d.0C43C64DDEB06621AC62DE5BB73408A3.e.5027"},"getTitle",[]]}
RESULT: {"script":"<script> [6424 bytes]","args":[{"element-6066-11e4-a52e-4f735466cecf":"f.57195F63E3672ACCB9EF2C6FC914E601.d.0C43C64DDEB06621AC62DE5BB73408A3.e.5027"},"getTitle",[]]}
RESULT: undefined
COMMAND: POST /session/5a63dd2c1baca8a23524d8fc78a9e8d1/element/f.57195F63E3672ACCB9EF2C6FC914E601.d.0C43C64DDEB06621AC62DE5BB73408A3.e.4904/click - {}
RESULT: {}
COMMAND: GET /session/5a63dd2c1baca8a23524d8fc78a9e8d1/screenshot - {}
RESULT: {}
]]></system-out>
    </testcase>
    <testcase classname="chrome.135_0_7049_96.windows.Sanity_Tests_US104253" name="Should open Performance Monitor page" time="33.888">
      <system-out><![CDATA[
COMMAND: POST /session/5a63dd2c1baca8a23524d8fc78a9e8d1/execute/async - {"script":"<script> [1562 bytes]","args":[{"selector":{"controlType":"sap.m.GenericTile","properties":{"header":"Performance Monitor"}},"wdio_ui5_key":"sapm.GenericTile{\"header\":\"Performance Monitor\"}"}]}
RESULT: {"script":"<script> [1562 bytes]","args":[{"selector":{"controlType":"sap.m.GenericTile","properties":{"header":"Performance Monitor"}},"wdio_ui5_key":"sapm.GenericTile{\"header\":\"Performance Monitor\"}"}]}
RESULT: undefined
COMMAND: POST /session/5a63dd2c1baca8a23524d8fc78a9e8d1/element - {"using":"xpath","value":"//*[@id=\"__tile116\"]"}
RESULT: {"using":"xpath","value":"//*[@id=\"__tile116\"]"}
COMMAND: POST /session/5a63dd2c1baca8a23524d8fc78a9e8d1/element/f.57195F63E3672ACCB9EF2C6FC914E601.d.0C43C64DDEB06621AC62DE5BB73408A3.e.5029/click - {}
RESULT: {}
COMMAND: GET /session/5a63dd2c1baca8a23524d8fc78a9e8d1/screenshot - {}
RESULT: {}
RESULT: undefined
COMMAND: POST /session/5a63dd2c1baca8a23524d8fc78a9e8d1/element - {"using":"xpath","value":"//*[@id=\"__tile116\"]"}
RESULT: {"using":"xpath","value":"//*[@id=\"__tile116\"]"}
COMMAND: POST /session/5a63dd2c1baca8a23524d8fc78a9e8d1/element/f.57195F63E3672ACCB9EF2C6FC914E601.d.0C43C64DDEB06621AC62DE5BB73408A3.e.5029/click - {}
RESULT: undefined
COMMAND: POST /session/5a63dd2c1baca8a23524d8fc78a9e8d1/element - {"using":"xpath","value":"//*[@id=\"__tile116\"]"}
RESULT: {"using":"xpath","value":"//*[@id=\"__tile116\"]"}
COMMAND: POST /session/5a63dd2c1baca8a23524d8fc78a9e8d1/element/f.57195F63E3672ACCB9EF2C6FC914E601.d.0C43C64DDEB06621AC62DE5BB73408A3.e.5029/click - {}
RESULT: undefined
COMMAND: POST /session/5a63dd2c1baca8a23524d8fc78a9e8d1/execute/async - {"script":"<script> [6424 bytes]","args":[{"element-6066-11e4-a52e-4f735466cecf":"f.57195F63E3672ACCB9EF2C6FC914E601.d.0C43C64DDEB06621AC62DE5BB73408A3.e.289"},"getTitle",[]]}
COMMAND: POST /session/5a63dd2c1baca8a23524d8fc78a9e8d1/execute/async - {"script":"<script> [1562 bytes]","args":[{"selector":{"id":"shellAppTitle"},"wdio_ui5_key":"shellAppTitle"}]}
RESULT: {"script":"<script> [1562 bytes]","args":[{"selector":{"id":"shellAppTitle"},"wdio_ui5_key":"shellAppTitle"}]}
COMMAND: POST /session/5a63dd2c1baca8a23524d8fc78a9e8d1/execute/async - {"script":"<script> [6424 bytes]","args":[{"element-6066-11e4-a52e-4f735466cecf":"f.57195F63E3672ACCB9EF2C6FC914E601.d.0C43C64DDEB06621AC62DE5BB73408A3.e.5069"},"getTitle",[]]}
RESULT: {"script":"<script> [6424 bytes]","args":[{"element-6066-11e4-a52e-4f735466cecf":"f.57195F63E3672ACCB9EF2C6FC914E601.d.0C43C64DDEB06621AC62DE5BB73408A3.e.5069"},"getTitle",[]]}
RESULT: undefined
COMMAND: POST /session/5a63dd2c1baca8a23524d8fc78a9e8d1/element/f.57195F63E3672ACCB9EF2C6FC914E601.d.0C43C64DDEB06621AC62DE5BB73408A3.e.4904/click - {}
COMMAND: POST /session/5a63dd2c1baca8a23524d8fc78a9e8d1/element - {"using":"xpath","value":"//*[@id=\"backBtn\"]"}
RESULT: {"using":"xpath","value":"//*[@id=\"backBtn\"]"}
COMMAND: POST /session/5a63dd2c1baca8a23524d8fc78a9e8d1/element/f.57195F63E3672ACCB9EF2C6FC914E601.d.0C43C64DDEB06621AC62DE5BB73408A3.e.4904/click - {}
COMMAND: POST /session/5a63dd2c1baca8a23524d8fc78a9e8d1/element - {"using":"xpath","value":"//*[@id=\"backBtn\"]"}
RESULT: {"using":"xpath","value":"//*[@id=\"backBtn\"]"}
COMMAND: POST /session/5a63dd2c1baca8a23524d8fc78a9e8d1/element/f.57195F63E3672ACCB9EF2C6FC914E601.d.0C43C64DDEB06621AC62DE5BB73408A3.e.5070/click - {}
RESULT: {}
COMMAND: GET /session/5a63dd2c1baca8a23524d8fc78a9e8d1/screenshot - {}
RESULT: {}
]]></system-out>
    </testcase>
    <testcase classname="chrome.135_0_7049_96.windows.Sanity_Tests_US104253" name="Should open Organizational Model page" time="33.895">
      <system-out><![CDATA[
COMMAND: POST /session/5a63dd2c1baca8a23524d8fc78a9e8d1/execute/async - {"script":"<script> [1562 bytes]","args":[{"selector":{"controlType":"sap.m.GenericTile","properties":{"header":"Organizational Model"}},"wdio_ui5_key":"sapm.GenericTile{\"header\":\"Organizational Model\"}"}]}
RESULT: {"script":"<script> [1562 bytes]","args":[{"selector":{"controlType":"sap.m.GenericTile","properties":{"header":"Organizational Model"}},"wdio_ui5_key":"sapm.GenericTile{\"header\":\"Organizational Model\"}"}]}
RESULT: undefined
COMMAND: POST /session/5a63dd2c1baca8a23524d8fc78a9e8d1/element - {"using":"xpath","value":"//*[@id=\"__tile120\"]"}
RESULT: {"using":"xpath","value":"//*[@id=\"__tile120\"]"}
COMMAND: POST /session/5a63dd2c1baca8a23524d8fc78a9e8d1/element/f.57195F63E3672ACCB9EF2C6FC914E601.d.0C43C64DDEB06621AC62DE5BB73408A3.e.5072/click - {}
RESULT: {}
COMMAND: GET /session/5a63dd2c1baca8a23524d8fc78a9e8d1/screenshot - {}
RESULT: {}
RESULT: undefined
COMMAND: POST /session/5a63dd2c1baca8a23524d8fc78a9e8d1/element - {"using":"xpath","value":"//*[@id=\"__tile120\"]"}
RESULT: {"using":"xpath","value":"//*[@id=\"__tile120\"]"}
COMMAND: POST /session/5a63dd2c1baca8a23524d8fc78a9e8d1/element/f.57195F63E3672ACCB9EF2C6FC914E601.d.0C43C64DDEB06621AC62DE5BB73408A3.e.5072/click - {}
RESULT: undefined
COMMAND: POST /session/5a63dd2c1baca8a23524d8fc78a9e8d1/element - {"using":"xpath","value":"//*[@id=\"__tile120\"]"}
RESULT: {"using":"xpath","value":"//*[@id=\"__tile120\"]"}
COMMAND: POST /session/5a63dd2c1baca8a23524d8fc78a9e8d1/element/f.57195F63E3672ACCB9EF2C6FC914E601.d.0C43C64DDEB06621AC62DE5BB73408A3.e.5072/click - {}
RESULT: undefined
COMMAND: POST /session/5a63dd2c1baca8a23524d8fc78a9e8d1/execute/async - {"script":"<script> [6424 bytes]","args":[{"element-6066-11e4-a52e-4f735466cecf":"f.57195F63E3672ACCB9EF2C6FC914E601.d.0C43C64DDEB06621AC62DE5BB73408A3.e.289"},"getTitle",[]]}
COMMAND: POST /session/5a63dd2c1baca8a23524d8fc78a9e8d1/execute/async - {"script":"<script> [1562 bytes]","args":[{"selector":{"id":"shellAppTitle"},"wdio_ui5_key":"shellAppTitle"}]}
RESULT: {"script":"<script> [1562 bytes]","args":[{"selector":{"id":"shellAppTitle"},"wdio_ui5_key":"shellAppTitle"}]}
COMMAND: POST /session/5a63dd2c1baca8a23524d8fc78a9e8d1/execute/async - {"script":"<script> [6424 bytes]","args":[{"element-6066-11e4-a52e-4f735466cecf":"f.57195F63E3672ACCB9EF2C6FC914E601.d.0C43C64DDEB06621AC62DE5BB73408A3.e.5089"},"getTitle",[]]}
RESULT: {"script":"<script> [6424 bytes]","args":[{"element-6066-11e4-a52e-4f735466cecf":"f.57195F63E3672ACCB9EF2C6FC914E601.d.0C43C64DDEB06621AC62DE5BB73408A3.e.5089"},"getTitle",[]]}
RESULT: undefined
COMMAND: POST /session/5a63dd2c1baca8a23524d8fc78a9e8d1/element/f.57195F63E3672ACCB9EF2C6FC914E601.d.0C43C64DDEB06621AC62DE5BB73408A3.e.5070/click - {}
RESULT: {}
COMMAND: GET /session/5a63dd2c1baca8a23524d8fc78a9e8d1/screenshot - {}
RESULT: {}
]]></system-out>
    </testcase>
    <testcase classname="chrome.135_0_7049_96.windows.Sanity_Tests_US104253" name="Should open Manage Roles page" time="32.737">
      <system-out><![CDATA[
COMMAND: POST /session/5a63dd2c1baca8a23524d8fc78a9e8d1/execute/async - {"script":"<script> [1562 bytes]","args":[{"selector":{"controlType":"sap.m.GenericTile","properties":{"header":"Manage Roles"}},"wdio_ui5_key":"sapm.GenericTile{\"header\":\"Manage Roles\"}"}]}
RESULT: {"script":"<script> [1562 bytes]","args":[{"selector":{"controlType":"sap.m.GenericTile","properties":{"header":"Manage Roles"}},"wdio_ui5_key":"sapm.GenericTile{\"header\":\"Manage Roles\"}"}]}
RESULT: undefined
COMMAND: POST /session/5a63dd2c1baca8a23524d8fc78a9e8d1/element - {"using":"xpath","value":"//*[@id=\"__tile119\"]"}
RESULT: {"using":"xpath","value":"//*[@id=\"__tile119\"]"}
COMMAND: POST /session/5a63dd2c1baca8a23524d8fc78a9e8d1/element/f.57195F63E3672ACCB9EF2C6FC914E601.d.0C43C64DDEB06621AC62DE5BB73408A3.e.5091/click - {}
RESULT: {}
COMMAND: GET /session/5a63dd2c1baca8a23524d8fc78a9e8d1/screenshot - {}
RESULT: {}
RESULT: undefined
COMMAND: POST /session/5a63dd2c1baca8a23524d8fc78a9e8d1/element - {"using":"xpath","value":"//*[@id=\"__tile119\"]"}
RESULT: {"using":"xpath","value":"//*[@id=\"__tile119\"]"}
COMMAND: POST /session/5a63dd2c1baca8a23524d8fc78a9e8d1/element/f.57195F63E3672ACCB9EF2C6FC914E601.d.0C43C64DDEB06621AC62DE5BB73408A3.e.5091/click - {}
RESULT: undefined
COMMAND: POST /session/5a63dd2c1baca8a23524d8fc78a9e8d1/element - {"using":"xpath","value":"//*[@id=\"__tile119\"]"}
RESULT: {"using":"xpath","value":"//*[@id=\"__tile119\"]"}
COMMAND: POST /session/5a63dd2c1baca8a23524d8fc78a9e8d1/element/f.57195F63E3672ACCB9EF2C6FC914E601.d.0C43C64DDEB06621AC62DE5BB73408A3.e.5091/click - {}
RESULT: undefined
COMMAND: POST /session/5a63dd2c1baca8a23524d8fc78a9e8d1/execute/async - {"script":"<script> [6424 bytes]","args":[{"element-6066-11e4-a52e-4f735466cecf":"f.57195F63E3672ACCB9EF2C6FC914E601.d.0C43C64DDEB06621AC62DE5BB73408A3.e.289"},"getTitle",[]]}
COMMAND: POST /session/5a63dd2c1baca8a23524d8fc78a9e8d1/execute/async - {"script":"<script> [1562 bytes]","args":[{"selector":{"id":"shellAppTitle"},"wdio_ui5_key":"shellAppTitle"}]}
RESULT: {"script":"<script> [1562 bytes]","args":[{"selector":{"id":"shellAppTitle"},"wdio_ui5_key":"shellAppTitle"}]}
COMMAND: POST /session/5a63dd2c1baca8a23524d8fc78a9e8d1/execute/async - {"script":"<script> [6424 bytes]","args":[{"element-6066-11e4-a52e-4f735466cecf":"f.57195F63E3672ACCB9EF2C6FC914E601.d.0C43C64DDEB06621AC62DE5BB73408A3.e.5137"},"getTitle",[]]}
RESULT: {"script":"<script> [6424 bytes]","args":[{"element-6066-11e4-a52e-4f735466cecf":"f.57195F63E3672ACCB9EF2C6FC914E601.d.0C43C64DDEB06621AC62DE5BB73408A3.e.5137"},"getTitle",[]]}
RESULT: undefined
COMMAND: POST /session/5a63dd2c1baca8a23524d8fc78a9e8d1/element/f.57195F63E3672ACCB9EF2C6FC914E601.d.0C43C64DDEB06621AC62DE5BB73408A3.e.5070/click - {}
COMMAND: POST /session/5a63dd2c1baca8a23524d8fc78a9e8d1/element - {"using":"xpath","value":"//*[@id=\"backBtn\"]"}
RESULT: {"using":"xpath","value":"//*[@id=\"backBtn\"]"}
COMMAND: POST /session/5a63dd2c1baca8a23524d8fc78a9e8d1/element/f.57195F63E3672ACCB9EF2C6FC914E601.d.0C43C64DDEB06621AC62DE5BB73408A3.e.5070/click - {}
COMMAND: POST /session/5a63dd2c1baca8a23524d8fc78a9e8d1/element - {"using":"xpath","value":"//*[@id=\"backBtn\"]"}
RESULT: {"using":"xpath","value":"//*[@id=\"backBtn\"]"}
COMMAND: POST /session/5a63dd2c1baca8a23524d8fc78a9e8d1/element/f.57195F63E3672ACCB9EF2C6FC914E601.d.0C43C64DDEB06621AC62DE5BB73408A3.e.5138/click - {}
RESULT: {}
COMMAND: GET /session/5a63dd2c1baca8a23524d8fc78a9e8d1/screenshot - {}
RESULT: {}
]]></system-out>
    </testcase>
    <testcase classname="chrome.135_0_7049_96.windows.Sanity_Tests_US104253" name="Should open Authorization Tables page" time="32.812">
      <system-out><![CDATA[
COMMAND: POST /session/5a63dd2c1baca8a23524d8fc78a9e8d1/execute/async - {"script":"<script> [1562 bytes]","args":[{"selector":{"controlType":"sap.m.GenericTile","properties":{"header":"Authorization Tables"}},"wdio_ui5_key":"sapm.GenericTile{\"header\":\"Authorization Tables\"}"}]}
RESULT: {"script":"<script> [1562 bytes]","args":[{"selector":{"controlType":"sap.m.GenericTile","properties":{"header":"Authorization Tables"}},"wdio_ui5_key":"sapm.GenericTile{\"header\":\"Authorization Tables\"}"}]}
RESULT: undefined
COMMAND: POST /session/5a63dd2c1baca8a23524d8fc78a9e8d1/element - {"using":"xpath","value":"//*[@id=\"__tile118\"]"}
RESULT: {"using":"xpath","value":"//*[@id=\"__tile118\"]"}
COMMAND: POST /session/5a63dd2c1baca8a23524d8fc78a9e8d1/element/f.57195F63E3672ACCB9EF2C6FC914E601.d.0C43C64DDEB06621AC62DE5BB73408A3.e.5140/click - {}
RESULT: {}
COMMAND: GET /session/5a63dd2c1baca8a23524d8fc78a9e8d1/screenshot - {}
RESULT: {}
RESULT: undefined
COMMAND: POST /session/5a63dd2c1baca8a23524d8fc78a9e8d1/element - {"using":"xpath","value":"//*[@id=\"__tile118\"]"}
RESULT: {"using":"xpath","value":"//*[@id=\"__tile118\"]"}
COMMAND: POST /session/5a63dd2c1baca8a23524d8fc78a9e8d1/element/f.57195F63E3672ACCB9EF2C6FC914E601.d.0C43C64DDEB06621AC62DE5BB73408A3.e.5140/click - {}
RESULT: undefined
COMMAND: POST /session/5a63dd2c1baca8a23524d8fc78a9e8d1/element - {"using":"xpath","value":"//*[@id=\"__tile118\"]"}
RESULT: {"using":"xpath","value":"//*[@id=\"__tile118\"]"}
COMMAND: POST /session/5a63dd2c1baca8a23524d8fc78a9e8d1/element/f.57195F63E3672ACCB9EF2C6FC914E601.d.0C43C64DDEB06621AC62DE5BB73408A3.e.5140/click - {}
RESULT: undefined
COMMAND: POST /session/5a63dd2c1baca8a23524d8fc78a9e8d1/execute/async - {"script":"<script> [6424 bytes]","args":[{"element-6066-11e4-a52e-4f735466cecf":"f.57195F63E3672ACCB9EF2C6FC914E601.d.0C43C64DDEB06621AC62DE5BB73408A3.e.289"},"getTitle",[]]}
COMMAND: POST /session/5a63dd2c1baca8a23524d8fc78a9e8d1/execute/async - {"script":"<script> [1562 bytes]","args":[{"selector":{"id":"shellAppTitle"},"wdio_ui5_key":"shellAppTitle"}]}
RESULT: {"script":"<script> [1562 bytes]","args":[{"selector":{"id":"shellAppTitle"},"wdio_ui5_key":"shellAppTitle"}]}
COMMAND: POST /session/5a63dd2c1baca8a23524d8fc78a9e8d1/execute/async - {"script":"<script> [6424 bytes]","args":[{"element-6066-11e4-a52e-4f735466cecf":"f.57195F63E3672ACCB9EF2C6FC914E601.d.0C43C64DDEB06621AC62DE5BB73408A3.e.5226"},"getTitle",[]]}
RESULT: {"script":"<script> [6424 bytes]","args":[{"element-6066-11e4-a52e-4f735466cecf":"f.57195F63E3672ACCB9EF2C6FC914E601.d.0C43C64DDEB06621AC62DE5BB73408A3.e.5226"},"getTitle",[]]}
RESULT: undefined
COMMAND: POST /session/5a63dd2c1baca8a23524d8fc78a9e8d1/element/f.57195F63E3672ACCB9EF2C6FC914E601.d.0C43C64DDEB06621AC62DE5BB73408A3.e.5138/click - {}
RESULT: {}
COMMAND: GET /session/5a63dd2c1baca8a23524d8fc78a9e8d1/screenshot - {}
RESULT: {}
]]></system-out>
    </testcase>
    <testcase classname="chrome.135_0_7049_96.windows.Sanity_Tests_US104253" name="Should open User Maintenance page" time="32.598">
      <system-out><![CDATA[
COMMAND: POST /session/5a63dd2c1baca8a23524d8fc78a9e8d1/execute/async - {"script":"<script> [1562 bytes]","args":[{"selector":{"controlType":"sap.m.GenericTile","properties":{"header":"User Maintenance"}},"wdio_ui5_key":"sapm.GenericTile{\"header\":\"User Maintenance\"}"}]}
RESULT: {"script":"<script> [1562 bytes]","args":[{"selector":{"controlType":"sap.m.GenericTile","properties":{"header":"User Maintenance"}},"wdio_ui5_key":"sapm.GenericTile{\"header\":\"User Maintenance\"}"}]}
RESULT: undefined
COMMAND: POST /session/5a63dd2c1baca8a23524d8fc78a9e8d1/element - {"using":"xpath","value":"//*[@id=\"__tile121\"]"}
RESULT: {"using":"xpath","value":"//*[@id=\"__tile121\"]"}
COMMAND: POST /session/5a63dd2c1baca8a23524d8fc78a9e8d1/element/f.57195F63E3672ACCB9EF2C6FC914E601.d.0C43C64DDEB06621AC62DE5BB73408A3.e.5228/click - {}
RESULT: {}
COMMAND: GET /session/5a63dd2c1baca8a23524d8fc78a9e8d1/screenshot - {}
RESULT: {}
RESULT: undefined
COMMAND: POST /session/5a63dd2c1baca8a23524d8fc78a9e8d1/element - {"using":"xpath","value":"//*[@id=\"__tile121\"]"}
RESULT: {"using":"xpath","value":"//*[@id=\"__tile121\"]"}
COMMAND: POST /session/5a63dd2c1baca8a23524d8fc78a9e8d1/element/f.57195F63E3672ACCB9EF2C6FC914E601.d.0C43C64DDEB06621AC62DE5BB73408A3.e.5228/click - {}
RESULT: undefined
COMMAND: POST /session/5a63dd2c1baca8a23524d8fc78a9e8d1/element - {"using":"xpath","value":"//*[@id=\"__tile121\"]"}
RESULT: {"using":"xpath","value":"//*[@id=\"__tile121\"]"}
COMMAND: POST /session/5a63dd2c1baca8a23524d8fc78a9e8d1/element/f.57195F63E3672ACCB9EF2C6FC914E601.d.0C43C64DDEB06621AC62DE5BB73408A3.e.5228/click - {}
RESULT: undefined
COMMAND: POST /session/5a63dd2c1baca8a23524d8fc78a9e8d1/execute/async - {"script":"<script> [6424 bytes]","args":[{"element-6066-11e4-a52e-4f735466cecf":"f.57195F63E3672ACCB9EF2C6FC914E601.d.0C43C64DDEB06621AC62DE5BB73408A3.e.289"},"getTitle",[]]}
COMMAND: POST /session/5a63dd2c1baca8a23524d8fc78a9e8d1/execute/async - {"script":"<script> [1562 bytes]","args":[{"selector":{"id":"shellAppTitle"},"wdio_ui5_key":"shellAppTitle"}]}
RESULT: {"script":"<script> [1562 bytes]","args":[{"selector":{"id":"shellAppTitle"},"wdio_ui5_key":"shellAppTitle"}]}
COMMAND: POST /session/5a63dd2c1baca8a23524d8fc78a9e8d1/execute/async - {"script":"<script> [6424 bytes]","args":[{"element-6066-11e4-a52e-4f735466cecf":"f.57195F63E3672ACCB9EF2C6FC914E601.d.0C43C64DDEB06621AC62DE5BB73408A3.e.5322"},"getTitle",[]]}
RESULT: {"script":"<script> [6424 bytes]","args":[{"element-6066-11e4-a52e-4f735466cecf":"f.57195F63E3672ACCB9EF2C6FC914E601.d.0C43C64DDEB06621AC62DE5BB73408A3.e.5322"},"getTitle",[]]}
RESULT: undefined
COMMAND: POST /session/5a63dd2c1baca8a23524d8fc78a9e8d1/element/f.57195F63E3672ACCB9EF2C6FC914E601.d.0C43C64DDEB06621AC62DE5BB73408A3.e.5138/click - {}
COMMAND: POST /session/5a63dd2c1baca8a23524d8fc78a9e8d1/element - {"using":"xpath","value":"//*[@id=\"backBtn\"]"}
RESULT: {"using":"xpath","value":"//*[@id=\"backBtn\"]"}
COMMAND: POST /session/5a63dd2c1baca8a23524d8fc78a9e8d1/element/f.57195F63E3672ACCB9EF2C6FC914E601.d.0C43C64DDEB06621AC62DE5BB73408A3.e.5138/click - {}
COMMAND: POST /session/5a63dd2c1baca8a23524d8fc78a9e8d1/element - {"using":"xpath","value":"//*[@id=\"backBtn\"]"}
RESULT: {"using":"xpath","value":"//*[@id=\"backBtn\"]"}
COMMAND: POST /session/5a63dd2c1baca8a23524d8fc78a9e8d1/element/f.57195F63E3672ACCB9EF2C6FC914E601.d.0C43C64DDEB06621AC62DE5BB73408A3.e.5323/click - {}
RESULT: {}
COMMAND: GET /session/5a63dd2c1baca8a23524d8fc78a9e8d1/screenshot - {}
RESULT: {}
]]></system-out>
    </testcase>
    <testcase classname="chrome.135_0_7049_96.windows.Sanity_Tests_US104253" name="Should open Schedule Jobs page" time="26.795">
      <system-out><![CDATA[
COMMAND: POST /session/5a63dd2c1baca8a23524d8fc78a9e8d1/execute/async - {"script":"<script> [1562 bytes]","args":[{"selector":{"controlType":"sap.m.GenericTile","properties":{"header":"Schedule Jobs"}},"wdio_ui5_key":"sapm.GenericTile{\"header\":\"Schedule Jobs\"}"}]}
RESULT: {"script":"<script> [1562 bytes]","args":[{"selector":{"controlType":"sap.m.GenericTile","properties":{"header":"Schedule Jobs"}},"wdio_ui5_key":"sapm.GenericTile{\"header\":\"Schedule Jobs\"}"}]}
RESULT: undefined
COMMAND: POST /session/5a63dd2c1baca8a23524d8fc78a9e8d1/element - {"using":"xpath","value":"//*[@id=\"__tile127\"]"}
RESULT: {"using":"xpath","value":"//*[@id=\"__tile127\"]"}
COMMAND: POST /session/5a63dd2c1baca8a23524d8fc78a9e8d1/element/f.57195F63E3672ACCB9EF2C6FC914E601.d.0C43C64DDEB06621AC62DE5BB73408A3.e.5325/click - {}
RESULT: {}
COMMAND: GET /session/5a63dd2c1baca8a23524d8fc78a9e8d1/screenshot - {}
RESULT: {}
RESULT: undefined
COMMAND: POST /session/5a63dd2c1baca8a23524d8fc78a9e8d1/element - {"using":"xpath","value":"//*[@id=\"__tile127\"]"}
RESULT: {"using":"xpath","value":"//*[@id=\"__tile127\"]"}
COMMAND: POST /session/5a63dd2c1baca8a23524d8fc78a9e8d1/element/f.57195F63E3672ACCB9EF2C6FC914E601.d.0C43C64DDEB06621AC62DE5BB73408A3.e.5325/click - {}
RESULT: undefined
COMMAND: POST /session/5a63dd2c1baca8a23524d8fc78a9e8d1/element - {"using":"xpath","value":"//*[@id=\"__tile127\"]"}
RESULT: {"using":"xpath","value":"//*[@id=\"__tile127\"]"}
COMMAND: POST /session/5a63dd2c1baca8a23524d8fc78a9e8d1/element/f.57195F63E3672ACCB9EF2C6FC914E601.d.0C43C64DDEB06621AC62DE5BB73408A3.e.5325/click - {}
RESULT: undefined
COMMAND: POST /session/5a63dd2c1baca8a23524d8fc78a9e8d1/execute/async - {"script":"<script> [6424 bytes]","args":[{"element-6066-11e4-a52e-4f735466cecf":"f.57195F63E3672ACCB9EF2C6FC914E601.d.0C43C64DDEB06621AC62DE5BB73408A3.e.289"},"getTitle",[]]}
COMMAND: POST /session/5a63dd2c1baca8a23524d8fc78a9e8d1/execute/async - {"script":"<script> [1562 bytes]","args":[{"selector":{"id":"shellAppTitle"},"wdio_ui5_key":"shellAppTitle"}]}
RESULT: {"script":"<script> [1562 bytes]","args":[{"selector":{"id":"shellAppTitle"},"wdio_ui5_key":"shellAppTitle"}]}
COMMAND: POST /session/5a63dd2c1baca8a23524d8fc78a9e8d1/execute/async - {"script":"<script> [6424 bytes]","args":[{"element-6066-11e4-a52e-4f735466cecf":"f.57195F63E3672ACCB9EF2C6FC914E601.d.0C43C64DDEB06621AC62DE5BB73408A3.e.5369"},"getTitle",[]]}
RESULT: {"script":"<script> [6424 bytes]","args":[{"element-6066-11e4-a52e-4f735466cecf":"f.57195F63E3672ACCB9EF2C6FC914E601.d.0C43C64DDEB06621AC62DE5BB73408A3.e.5369"},"getTitle",[]]}
RESULT: undefined
COMMAND: POST /session/5a63dd2c1baca8a23524d8fc78a9e8d1/element/f.57195F63E3672ACCB9EF2C6FC914E601.d.0C43C64DDEB06621AC62DE5BB73408A3.e.5323/click - {}
COMMAND: POST /session/5a63dd2c1baca8a23524d8fc78a9e8d1/element/f.57195F63E3672ACCB9EF2C6FC914E601.d.0C43C64DDEB06621AC62DE5BB73408A3.e.5323/click - {}
RESULT: {}
COMMAND: GET /session/5a63dd2c1baca8a23524d8fc78a9e8d1/screenshot - {}
COMMAND: POST /session/5a63dd2c1baca8a23524d8fc78a9e8d1/element - {"using":"xpath","value":"//*[@id=\"backBtn\"]"}
RESULT: {}
RESULT: {"using":"xpath","value":"//*[@id=\"backBtn\"]"}
COMMAND: POST /session/5a63dd2c1baca8a23524d8fc78a9e8d1/elements - {"using":"xpath","value":"//*[@id=\"backBtn\"]"}
RESULT: {"using":"xpath","value":"//*[@id=\"backBtn\"]"}
COMMAND: POST /session/5a63dd2c1baca8a23524d8fc78a9e8d1/elements - {"using":"xpath","value":"//*[@id=\"backBtn\"]"}
RESULT: {"using":"xpath","value":"//*[@id=\"backBtn\"]"}
COMMAND: POST /session/5a63dd2c1baca8a23524d8fc78a9e8d1/elements - {"using":"xpath","value":"//*[@id=\"backBtn\"]"}
RESULT: {"using":"xpath","value":"//*[@id=\"backBtn\"]"}
COMMAND: POST /session/5a63dd2c1baca8a23524d8fc78a9e8d1/elements - {"using":"xpath","value":"//*[@id=\"backBtn\"]"}
RESULT: {"using":"xpath","value":"//*[@id=\"backBtn\"]"}
COMMAND: POST /session/5a63dd2c1baca8a23524d8fc78a9e8d1/elements - {"using":"xpath","value":"//*[@id=\"backBtn\"]"}
RESULT: {"using":"xpath","value":"//*[@id=\"backBtn\"]"}
COMMAND: POST /session/5a63dd2c1baca8a23524d8fc78a9e8d1/elements - {"using":"xpath","value":"//*[@id=\"backBtn\"]"}
RESULT: {"using":"xpath","value":"//*[@id=\"backBtn\"]"}
COMMAND: POST /session/5a63dd2c1baca8a23524d8fc78a9e8d1/elements - {"using":"xpath","value":"//*[@id=\"backBtn\"]"}
RESULT: {"using":"xpath","value":"//*[@id=\"backBtn\"]"}
COMMAND: POST /session/5a63dd2c1baca8a23524d8fc78a9e8d1/elements - {"using":"xpath","value":"//*[@id=\"backBtn\"]"}
RESULT: {"using":"xpath","value":"//*[@id=\"backBtn\"]"}
COMMAND: POST /session/5a63dd2c1baca8a23524d8fc78a9e8d1/elements - {"using":"xpath","value":"//*[@id=\"backBtn\"]"}
RESULT: {"using":"xpath","value":"//*[@id=\"backBtn\"]"}
COMMAND: POST /session/5a63dd2c1baca8a23524d8fc78a9e8d1/elements - {"using":"xpath","value":"//*[@id=\"backBtn\"]"}
RESULT: {"using":"xpath","value":"//*[@id=\"backBtn\"]"}
COMMAND: POST /session/5a63dd2c1baca8a23524d8fc78a9e8d1/elements - {"using":"xpath","value":"//*[@id=\"backBtn\"]"}
RESULT: {"using":"xpath","value":"//*[@id=\"backBtn\"]"}
COMMAND: POST /session/5a63dd2c1baca8a23524d8fc78a9e8d1/elements - {"using":"xpath","value":"//*[@id=\"backBtn\"]"}
RESULT: {"using":"xpath","value":"//*[@id=\"backBtn\"]"}
COMMAND: POST /session/5a63dd2c1baca8a23524d8fc78a9e8d1/elements - {"using":"xpath","value":"//*[@id=\"backBtn\"]"}
RESULT: {"using":"xpath","value":"//*[@id=\"backBtn\"]"}
COMMAND: POST /session/5a63dd2c1baca8a23524d8fc78a9e8d1/elements - {"using":"xpath","value":"//*[@id=\"backBtn\"]"}
RESULT: {"using":"xpath","value":"//*[@id=\"backBtn\"]"}
COMMAND: POST /session/5a63dd2c1baca8a23524d8fc78a9e8d1/elements - {"using":"xpath","value":"//*[@id=\"backBtn\"]"}
RESULT: {"using":"xpath","value":"//*[@id=\"backBtn\"]"}
COMMAND: POST /session/5a63dd2c1baca8a23524d8fc78a9e8d1/elements - {"using":"xpath","value":"//*[@id=\"backBtn\"]"}
RESULT: {"using":"xpath","value":"//*[@id=\"backBtn\"]"}
COMMAND: POST /session/5a63dd2c1baca8a23524d8fc78a9e8d1/elements - {"using":"xpath","value":"//*[@id=\"backBtn\"]"}
RESULT: {"using":"xpath","value":"//*[@id=\"backBtn\"]"}
COMMAND: POST /session/5a63dd2c1baca8a23524d8fc78a9e8d1/elements - {"using":"xpath","value":"//*[@id=\"backBtn\"]"}
RESULT: {"using":"xpath","value":"//*[@id=\"backBtn\"]"}
COMMAND: POST /session/5a63dd2c1baca8a23524d8fc78a9e8d1/elements - {"using":"xpath","value":"//*[@id=\"backBtn\"]"}
RESULT: {"using":"xpath","value":"//*[@id=\"backBtn\"]"}
]]></system-out>
    </testcase>
    <testcase classname="chrome.135_0_7049_96.windows.Sanity_Tests_US104253" name="Should open Jobs Setup page" time="25.967">
      <system-out><![CDATA[
COMMAND: POST /session/5a63dd2c1baca8a23524d8fc78a9e8d1/execute/async - {"script":"<script> [1562 bytes]","args":[{"selector":{"controlType":"sap.m.GenericTile","properties":{"header":"Jobs Setup"}},"wdio_ui5_key":"sapm.GenericTile{\"header\":\"Jobs Setup\"}"}]}
COMMAND: POST /session/5a63dd2c1baca8a23524d8fc78a9e8d1/elements - {"using":"xpath","value":"//*[@id=\"backBtn\"]"}
RESULT: {"script":"<script> [1562 bytes]","args":[{"selector":{"controlType":"sap.m.GenericTile","properties":{"header":"Jobs Setup"}},"wdio_ui5_key":"sapm.GenericTile{\"header\":\"Jobs Setup\"}"}]}
RESULT: undefined
COMMAND: POST /session/5a63dd2c1baca8a23524d8fc78a9e8d1/element - {"using":"xpath","value":"//*[@id=\"__tile128\"]"}
RESULT: {"using":"xpath","value":"//*[@id=\"backBtn\"]"}
RESULT: {"using":"xpath","value":"//*[@id=\"__tile128\"]"}
COMMAND: POST /session/5a63dd2c1baca8a23524d8fc78a9e8d1/element/f.57195F63E3672ACCB9EF2C6FC914E601.d.0C43C64DDEB06621AC62DE5BB73408A3.e.107/click - {}
COMMAND: POST /session/5a63dd2c1baca8a23524d8fc78a9e8d1/elements - {"using":"xpath","value":"//*[@id=\"backBtn\"]"}
RESULT: {}
COMMAND: GET /session/5a63dd2c1baca8a23524d8fc78a9e8d1/screenshot - {}
RESULT: {"using":"xpath","value":"//*[@id=\"backBtn\"]"}
COMMAND: POST /session/5a63dd2c1baca8a23524d8fc78a9e8d1/elements - {"using":"xpath","value":"//*[@id=\"backBtn\"]"}
RESULT: {}
RESULT: {"using":"xpath","value":"//*[@id=\"backBtn\"]"}
COMMAND: POST /session/5a63dd2c1baca8a23524d8fc78a9e8d1/element - {"using":"xpath","value":"//*[@id=\"backBtn\"]"}
RESULT: {"using":"xpath","value":"//*[@id=\"backBtn\"]"}
COMMAND: POST /session/5a63dd2c1baca8a23524d8fc78a9e8d1/element/f.57195F63E3672ACCB9EF2C6FC914E601.d.0C43C64DDEB06621AC62DE5BB73408A3.e.5323/click - {}
COMMAND: POST /session/5a63dd2c1baca8a23524d8fc78a9e8d1/element - {"using":"xpath","value":"//*[@id=\"backBtn\"]"}
RESULT: {"using":"xpath","value":"//*[@id=\"backBtn\"]"}
COMMAND: POST /session/5a63dd2c1baca8a23524d8fc78a9e8d1/element/f.57195F63E3672ACCB9EF2C6FC914E601.d.0C43C64DDEB06621AC62DE5BB73408A3.e.5434/click - {}
RESULT: {}
COMMAND: GET /session/5a63dd2c1baca8a23524d8fc78a9e8d1/screenshot - {}
RESULT: {}
RESULT: undefined
COMMAND: POST /session/5a63dd2c1baca8a23524d8fc78a9e8d1/element - {"using":"xpath","value":"//*[@id=\"__tile128\"]"}
RESULT: {"using":"xpath","value":"//*[@id=\"__tile128\"]"}
COMMAND: POST /session/5a63dd2c1baca8a23524d8fc78a9e8d1/element/f.57195F63E3672ACCB9EF2C6FC914E601.d.0C43C64DDEB06621AC62DE5BB73408A3.e.107/click - {}
RESULT: undefined
COMMAND: POST /session/5a63dd2c1baca8a23524d8fc78a9e8d1/element - {"using":"xpath","value":"//*[@id=\"__tile128\"]"}
RESULT: {"using":"xpath","value":"//*[@id=\"__tile128\"]"}
COMMAND: POST /session/5a63dd2c1baca8a23524d8fc78a9e8d1/element/f.57195F63E3672ACCB9EF2C6FC914E601.d.0C43C64DDEB06621AC62DE5BB73408A3.e.107/click - {}
RESULT: undefined
COMMAND: POST /session/5a63dd2c1baca8a23524d8fc78a9e8d1/execute/async - {"script":"<script> [6424 bytes]","args":[{"element-6066-11e4-a52e-4f735466cecf":"f.57195F63E3672ACCB9EF2C6FC914E601.d.0C43C64DDEB06621AC62DE5BB73408A3.e.289"},"getTitle",[]]}
COMMAND: POST /session/5a63dd2c1baca8a23524d8fc78a9e8d1/execute/async - {"script":"<script> [1562 bytes]","args":[{"selector":{"id":"shellAppTitle"},"wdio_ui5_key":"shellAppTitle"}]}
RESULT: {"script":"<script> [1562 bytes]","args":[{"selector":{"id":"shellAppTitle"},"wdio_ui5_key":"shellAppTitle"}]}
COMMAND: POST /session/5a63dd2c1baca8a23524d8fc78a9e8d1/execute/async - {"script":"<script> [6424 bytes]","args":[{"element-6066-11e4-a52e-4f735466cecf":"f.57195F63E3672ACCB9EF2C6FC914E601.d.0C43C64DDEB06621AC62DE5BB73408A3.e.5556"},"getTitle",[]]}
RESULT: {"script":"<script> [6424 bytes]","args":[{"element-6066-11e4-a52e-4f735466cecf":"f.57195F63E3672ACCB9EF2C6FC914E601.d.0C43C64DDEB06621AC62DE5BB73408A3.e.5556"},"getTitle",[]]}
RESULT: undefined
COMMAND: POST /session/5a63dd2c1baca8a23524d8fc78a9e8d1/element/f.57195F63E3672ACCB9EF2C6FC914E601.d.0C43C64DDEB06621AC62DE5BB73408A3.e.5434/click - {}
COMMAND: POST /session/5a63dd2c1baca8a23524d8fc78a9e8d1/element/f.57195F63E3672ACCB9EF2C6FC914E601.d.0C43C64DDEB06621AC62DE5BB73408A3.e.5434/click - {}
RESULT: {}
COMMAND: GET /session/5a63dd2c1baca8a23524d8fc78a9e8d1/screenshot - {}
RESULT: {}
COMMAND: GET /session/5a63dd2c1baca8a23524d8fc78a9e8d1/screenshot - {}
RESULT: {}
RESULT: {}
]]></system-out>
    </testcase>
    <testcase classname="chrome.135_0_7049_96.windows.Sanity_Tests_US104253" name="Should open Target Systems Configuration page" time="26.02">
      <system-out><![CDATA[
COMMAND: POST /session/5a63dd2c1baca8a23524d8fc78a9e8d1/execute/async - {"script":"<script> [1562 bytes]","args":[{"selector":{"controlType":"sap.m.GenericTile","properties":{"header":"Target Systems Configuration"}},"wdio_ui5_key":"sapm.GenericTile{\"header\":\"Target Systems Configuration\"}"}]}
RESULT: {"script":"<script> [1562 bytes]","args":[{"selector":{"controlType":"sap.m.GenericTile","properties":{"header":"Target Systems Configuration"}},"wdio_ui5_key":"sapm.GenericTile{\"header\":\"Target Systems Configuration\"}"}]}
RESULT: undefined
COMMAND: POST /session/5a63dd2c1baca8a23524d8fc78a9e8d1/element - {"using":"xpath","value":"//*[@id=\"__tile129\"]"}
RESULT: {"using":"xpath","value":"//*[@id=\"__tile129\"]"}
COMMAND: POST /session/5a63dd2c1baca8a23524d8fc78a9e8d1/element/f.57195F63E3672ACCB9EF2C6FC914E601.d.0C43C64DDEB06621AC62DE5BB73408A3.e.5558/click - {}
RESULT: {}
COMMAND: GET /session/5a63dd2c1baca8a23524d8fc78a9e8d1/screenshot - {}
RESULT: {}
RESULT: undefined
COMMAND: POST /session/5a63dd2c1baca8a23524d8fc78a9e8d1/element - {"using":"xpath","value":"//*[@id=\"__tile129\"]"}
RESULT: {"using":"xpath","value":"//*[@id=\"__tile129\"]"}
COMMAND: POST /session/5a63dd2c1baca8a23524d8fc78a9e8d1/element/f.57195F63E3672ACCB9EF2C6FC914E601.d.0C43C64DDEB06621AC62DE5BB73408A3.e.5558/click - {}
RESULT: undefined
COMMAND: POST /session/5a63dd2c1baca8a23524d8fc78a9e8d1/element - {"using":"xpath","value":"//*[@id=\"__tile129\"]"}
RESULT: {"using":"xpath","value":"//*[@id=\"__tile129\"]"}
COMMAND: POST /session/5a63dd2c1baca8a23524d8fc78a9e8d1/element/f.57195F63E3672ACCB9EF2C6FC914E601.d.0C43C64DDEB06621AC62DE5BB73408A3.e.5558/click - {}
RESULT: undefined
COMMAND: POST /session/5a63dd2c1baca8a23524d8fc78a9e8d1/execute/async - {"script":"<script> [6424 bytes]","args":[{"element-6066-11e4-a52e-4f735466cecf":"f.57195F63E3672ACCB9EF2C6FC914E601.d.0C43C64DDEB06621AC62DE5BB73408A3.e.289"},"getTitle",[]]}
COMMAND: POST /session/5a63dd2c1baca8a23524d8fc78a9e8d1/execute/async - {"script":"<script> [1562 bytes]","args":[{"selector":{"id":"shellAppTitle"},"wdio_ui5_key":"shellAppTitle"}]}
RESULT: {"script":"<script> [1562 bytes]","args":[{"selector":{"id":"shellAppTitle"},"wdio_ui5_key":"shellAppTitle"}]}
COMMAND: POST /session/5a63dd2c1baca8a23524d8fc78a9e8d1/execute/async - {"script":"<script> [6424 bytes]","args":[{"element-6066-11e4-a52e-4f735466cecf":"f.57195F63E3672ACCB9EF2C6FC914E601.d.0C43C64DDEB06621AC62DE5BB73408A3.e.5612"},"getTitle",[]]}
RESULT: {"script":"<script> [6424 bytes]","args":[{"element-6066-11e4-a52e-4f735466cecf":"f.57195F63E3672ACCB9EF2C6FC914E601.d.0C43C64DDEB06621AC62DE5BB73408A3.e.5612"},"getTitle",[]]}
RESULT: undefined
COMMAND: POST /session/5a63dd2c1baca8a23524d8fc78a9e8d1/element/f.57195F63E3672ACCB9EF2C6FC914E601.d.0C43C64DDEB06621AC62DE5BB73408A3.e.5434/click - {}
COMMAND: POST /session/5a63dd2c1baca8a23524d8fc78a9e8d1/element/f.57195F63E3672ACCB9EF2C6FC914E601.d.0C43C64DDEB06621AC62DE5BB73408A3.e.5434/click - {}
RESULT: {}
COMMAND: GET /session/5a63dd2c1baca8a23524d8fc78a9e8d1/screenshot - {}
COMMAND: POST /session/5a63dd2c1baca8a23524d8fc78a9e8d1/element - {"using":"xpath","value":"//*[@id=\"backBtn\"]"}
RESULT: {}
RESULT: {"using":"xpath","value":"//*[@id=\"backBtn\"]"}
COMMAND: POST /session/5a63dd2c1baca8a23524d8fc78a9e8d1/elements - {"using":"xpath","value":"//*[@id=\"backBtn\"]"}
RESULT: {"using":"xpath","value":"//*[@id=\"backBtn\"]"}
COMMAND: POST /session/5a63dd2c1baca8a23524d8fc78a9e8d1/elements - {"using":"xpath","value":"//*[@id=\"backBtn\"]"}
RESULT: {"using":"xpath","value":"//*[@id=\"backBtn\"]"}
COMMAND: POST /session/5a63dd2c1baca8a23524d8fc78a9e8d1/elements - {"using":"xpath","value":"//*[@id=\"backBtn\"]"}
RESULT: {"using":"xpath","value":"//*[@id=\"backBtn\"]"}
COMMAND: POST /session/5a63dd2c1baca8a23524d8fc78a9e8d1/elements - {"using":"xpath","value":"//*[@id=\"backBtn\"]"}
RESULT: {"using":"xpath","value":"//*[@id=\"backBtn\"]"}
COMMAND: POST /session/5a63dd2c1baca8a23524d8fc78a9e8d1/elements - {"using":"xpath","value":"//*[@id=\"backBtn\"]"}
RESULT: {"using":"xpath","value":"//*[@id=\"backBtn\"]"}
COMMAND: POST /session/5a63dd2c1baca8a23524d8fc78a9e8d1/elements - {"using":"xpath","value":"//*[@id=\"backBtn\"]"}
RESULT: {"using":"xpath","value":"//*[@id=\"backBtn\"]"}
COMMAND: POST /session/5a63dd2c1baca8a23524d8fc78a9e8d1/elements - {"using":"xpath","value":"//*[@id=\"backBtn\"]"}
RESULT: {"using":"xpath","value":"//*[@id=\"backBtn\"]"}
COMMAND: POST /session/5a63dd2c1baca8a23524d8fc78a9e8d1/elements - {"using":"xpath","value":"//*[@id=\"backBtn\"]"}
RESULT: {"using":"xpath","value":"//*[@id=\"backBtn\"]"}
COMMAND: POST /session/5a63dd2c1baca8a23524d8fc78a9e8d1/elements - {"using":"xpath","value":"//*[@id=\"backBtn\"]"}
RESULT: {"using":"xpath","value":"//*[@id=\"backBtn\"]"}
COMMAND: POST /session/5a63dd2c1baca8a23524d8fc78a9e8d1/elements - {"using":"xpath","value":"//*[@id=\"backBtn\"]"}
RESULT: {"using":"xpath","value":"//*[@id=\"backBtn\"]"}
COMMAND: POST /session/5a63dd2c1baca8a23524d8fc78a9e8d1/elements - {"using":"xpath","value":"//*[@id=\"backBtn\"]"}
RESULT: {"using":"xpath","value":"//*[@id=\"backBtn\"]"}
COMMAND: POST /session/5a63dd2c1baca8a23524d8fc78a9e8d1/elements - {"using":"xpath","value":"//*[@id=\"backBtn\"]"}
RESULT: {"using":"xpath","value":"//*[@id=\"backBtn\"]"}
COMMAND: POST /session/5a63dd2c1baca8a23524d8fc78a9e8d1/elements - {"using":"xpath","value":"//*[@id=\"backBtn\"]"}
RESULT: {"using":"xpath","value":"//*[@id=\"backBtn\"]"}
COMMAND: POST /session/5a63dd2c1baca8a23524d8fc78a9e8d1/elements - {"using":"xpath","value":"//*[@id=\"backBtn\"]"}
RESULT: {"using":"xpath","value":"//*[@id=\"backBtn\"]"}
COMMAND: POST /session/5a63dd2c1baca8a23524d8fc78a9e8d1/elements - {"using":"xpath","value":"//*[@id=\"backBtn\"]"}
RESULT: {"using":"xpath","value":"//*[@id=\"backBtn\"]"}
COMMAND: POST /session/5a63dd2c1baca8a23524d8fc78a9e8d1/elements - {"using":"xpath","value":"//*[@id=\"backBtn\"]"}
RESULT: {"using":"xpath","value":"//*[@id=\"backBtn\"]"}
COMMAND: POST /session/5a63dd2c1baca8a23524d8fc78a9e8d1/elements - {"using":"xpath","value":"//*[@id=\"backBtn\"]"}
RESULT: {"using":"xpath","value":"//*[@id=\"backBtn\"]"}
COMMAND: POST /session/5a63dd2c1baca8a23524d8fc78a9e8d1/elements - {"using":"xpath","value":"//*[@id=\"backBtn\"]"}
RESULT: {"using":"xpath","value":"//*[@id=\"backBtn\"]"}
COMMAND: POST /session/5a63dd2c1baca8a23524d8fc78a9e8d1/elements - {"using":"xpath","value":"//*[@id=\"backBtn\"]"}
RESULT: {"using":"xpath","value":"//*[@id=\"backBtn\"]"}
COMMAND: POST /session/5a63dd2c1baca8a23524d8fc78a9e8d1/elements - {"using":"xpath","value":"//*[@id=\"backBtn\"]"}
RESULT: {"using":"xpath","value":"//*[@id=\"backBtn\"]"}
COMMAND: POST /session/5a63dd2c1baca8a23524d8fc78a9e8d1/elements - {"using":"xpath","value":"//*[@id=\"backBtn\"]"}
RESULT: {"using":"xpath","value":"//*[@id=\"backBtn\"]"}
COMMAND: POST /session/5a63dd2c1baca8a23524d8fc78a9e8d1/elements - {"using":"xpath","value":"//*[@id=\"backBtn\"]"}
RESULT: {"using":"xpath","value":"//*[@id=\"backBtn\"]"}
COMMAND: POST /session/5a63dd2c1baca8a23524d8fc78a9e8d1/elements - {"using":"xpath","value":"//*[@id=\"backBtn\"]"}
RESULT: {"using":"xpath","value":"//*[@id=\"backBtn\"]"}
COMMAND: POST /session/5a63dd2c1baca8a23524d8fc78a9e8d1/elements - {"using":"xpath","value":"//*[@id=\"backBtn\"]"}
RESULT: {"using":"xpath","value":"//*[@id=\"backBtn\"]"}
COMMAND: POST /session/5a63dd2c1baca8a23524d8fc78a9e8d1/elements - {"using":"xpath","value":"//*[@id=\"backBtn\"]"}
RESULT: {"using":"xpath","value":"//*[@id=\"backBtn\"]"}
COMMAND: POST /session/5a63dd2c1baca8a23524d8fc78a9e8d1/elements - {"using":"xpath","value":"//*[@id=\"backBtn\"]"}
RESULT: {"using":"xpath","value":"//*[@id=\"backBtn\"]"}
COMMAND: POST /session/5a63dd2c1baca8a23524d8fc78a9e8d1/elements - {"using":"xpath","value":"//*[@id=\"backBtn\"]"}
RESULT: {"using":"xpath","value":"//*[@id=\"backBtn\"]"}
COMMAND: POST /session/5a63dd2c1baca8a23524d8fc78a9e8d1/elements - {"using":"xpath","value":"//*[@id=\"backBtn\"]"}
RESULT: {"using":"xpath","value":"//*[@id=\"backBtn\"]"}
COMMAND: POST /session/5a63dd2c1baca8a23524d8fc78a9e8d1/elements - {"using":"xpath","value":"//*[@id=\"backBtn\"]"}
RESULT: {"using":"xpath","value":"//*[@id=\"backBtn\"]"}
COMMAND: POST /session/5a63dd2c1baca8a23524d8fc78a9e8d1/elements - {"using":"xpath","value":"//*[@id=\"backBtn\"]"}
RESULT: {"using":"xpath","value":"//*[@id=\"backBtn\"]"}
COMMAND: POST /session/5a63dd2c1baca8a23524d8fc78a9e8d1/elements - {"using":"xpath","value":"//*[@id=\"backBtn\"]"}
RESULT: {"using":"xpath","value":"//*[@id=\"backBtn\"]"}
COMMAND: POST /session/5a63dd2c1baca8a23524d8fc78a9e8d1/elements - {"using":"xpath","value":"//*[@id=\"backBtn\"]"}
RESULT: {"using":"xpath","value":"//*[@id=\"backBtn\"]"}
COMMAND: POST /session/5a63dd2c1baca8a23524d8fc78a9e8d1/elements - {"using":"xpath","value":"//*[@id=\"backBtn\"]"}
RESULT: {"using":"xpath","value":"//*[@id=\"backBtn\"]"}
COMMAND: POST /session/5a63dd2c1baca8a23524d8fc78a9e8d1/elements - {"using":"xpath","value":"//*[@id=\"backBtn\"]"}
RESULT: {"using":"xpath","value":"//*[@id=\"backBtn\"]"}
COMMAND: POST /session/5a63dd2c1baca8a23524d8fc78a9e8d1/elements - {"using":"xpath","value":"//*[@id=\"backBtn\"]"}
RESULT: {"using":"xpath","value":"//*[@id=\"backBtn\"]"}
COMMAND: POST /session/5a63dd2c1baca8a23524d8fc78a9e8d1/elements - {"using":"xpath","value":"//*[@id=\"backBtn\"]"}
RESULT: {"using":"xpath","value":"//*[@id=\"backBtn\"]"}
COMMAND: POST /session/5a63dd2c1baca8a23524d8fc78a9e8d1/elements - {"using":"xpath","value":"//*[@id=\"backBtn\"]"}
RESULT: {"using":"xpath","value":"//*[@id=\"backBtn\"]"}
COMMAND: POST /session/5a63dd2c1baca8a23524d8fc78a9e8d1/elements - {"using":"xpath","value":"//*[@id=\"backBtn\"]"}
RESULT: {"using":"xpath","value":"//*[@id=\"backBtn\"]"}
COMMAND: POST /session/5a63dd2c1baca8a23524d8fc78a9e8d1/elements - {"using":"xpath","value":"//*[@id=\"backBtn\"]"}
RESULT: {"using":"xpath","value":"//*[@id=\"backBtn\"]"}
COMMAND: DELETE /session/5a63dd2c1baca8a23524d8fc78a9e8d1 - {}
RESULT: {}
]]></system-out>
    </testcase>
  </testsuite>
</testsuites>