<?xml version="1.0" encoding="UTF-8"?>
<testsuites tests="49" failures="0" errors="0" skipped="0">
  <testsuite timestamp="2025-05-01T17:17:43" time="1775.377" tests="49" failures="0" errors="0" skipped="0">
    <properties>
      <property name="specId" value="0" />
      <property name="suiteName" value="Sanity Tests US104253" />
      <property name="capabilities" value="chrome.135_0_7049_96.windows" />
      <property name="file" value="file:///D:/a/1/s/test/specs/General/sanity.spec.js" />
    </properties>
    <testcase classname="chrome.135_0_7049_96.windows.Sanity_Tests_US104253" name="Should open Manage Partners page" time="30.521">
      <system-out><![CDATA[
COMMAND: POST /session/d8f81470b3cfc07ba78e7ddec22b5762/execute/async - {"script":"<script> [1562 bytes]","args":[{"selector":{"controlType":"sap.m.GenericTile","properties":{"header":"Manage Partners"}},"wdio_ui5_key":"sapm.GenericTile{\"header\":\"Manage Partners\"}"}]}
RESULT: {"script":"<script> [1562 bytes]","args":[{"selector":{"controlType":"sap.m.GenericTile","properties":{"header":"Manage Partners"}},"wdio_ui5_key":"sapm.GenericTile{\"header\":\"Manage Partners\"}"}]}
RESULT: undefined
COMMAND: POST /session/d8f81470b3cfc07ba78e7ddec22b5762/element - {"using":"xpath","value":"//*[@id=\"__tile38\"]"}
RESULT: {"using":"xpath","value":"//*[@id=\"__tile38\"]"}
COMMAND: POST /session/d8f81470b3cfc07ba78e7ddec22b5762/element/f.A8E2447B9DB017212790DA409DB5259F.d.99347E4669FE1975D6BFA99044A7E5B9.e.115/click - {}
RESULT: {}
COMMAND: GET /session/d8f81470b3cfc07ba78e7ddec22b5762/screenshot - {}
RESULT: {}
RESULT: undefined
COMMAND: POST /session/d8f81470b3cfc07ba78e7ddec22b5762/element - {"using":"xpath","value":"//*[@id=\"__tile38\"]"}
RESULT: {"using":"xpath","value":"//*[@id=\"__tile38\"]"}
COMMAND: POST /session/d8f81470b3cfc07ba78e7ddec22b5762/element/f.A8E2447B9DB017212790DA409DB5259F.d.99347E4669FE1975D6BFA99044A7E5B9.e.115/click - {}
RESULT: undefined
COMMAND: POST /session/d8f81470b3cfc07ba78e7ddec22b5762/element - {"using":"xpath","value":"//*[@id=\"__tile38\"]"}
RESULT: {"using":"xpath","value":"//*[@id=\"__tile38\"]"}
COMMAND: POST /session/d8f81470b3cfc07ba78e7ddec22b5762/element/f.A8E2447B9DB017212790DA409DB5259F.d.99347E4669FE1975D6BFA99044A7E5B9.e.115/click - {}
COMMAND: POST /session/d8f81470b3cfc07ba78e7ddec22b5762/execute/async - {"script":"<script> [1562 bytes]","args":[{"selector":{"id":"shellAppTitle"},"wdio_ui5_key":"shellAppTitle"}]}
RESULT: {"script":"<script> [1562 bytes]","args":[{"selector":{"id":"shellAppTitle"},"wdio_ui5_key":"shellAppTitle"}]}
RESULT: undefined
COMMAND: POST /session/d8f81470b3cfc07ba78e7ddec22b5762/execute/async - {"script":"<script> [6424 bytes]","args":[{"element-6066-11e4-a52e-4f735466cecf":"f.A8E2447B9DB017212790DA409DB5259F.d.99347E4669FE1975D6BFA99044A7E5B9.e.290"},"getTitle",[]]}
RESULT: {"script":"<script> [6424 bytes]","args":[{"element-6066-11e4-a52e-4f735466cecf":"f.A8E2447B9DB017212790DA409DB5259F.d.99347E4669FE1975D6BFA99044A7E5B9.e.290"},"getTitle",[]]}
COMMAND: POST /session/d8f81470b3cfc07ba78e7ddec22b5762/execute/async - {"script":"<script> [1562 bytes]","args":[{"selector":{"id":"backBtn"},"wdio_ui5_key":"backBtn"}]}
RESULT: {"script":"<script> [1562 bytes]","args":[{"selector":{"id":"backBtn"},"wdio_ui5_key":"backBtn"}]}
RESULT: undefined
COMMAND: POST /session/d8f81470b3cfc07ba78e7ddec22b5762/element - {"using":"xpath","value":"//*[@id=\"backBtn\"]"}
RESULT: {"using":"xpath","value":"//*[@id=\"backBtn\"]"}
COMMAND: POST /session/d8f81470b3cfc07ba78e7ddec22b5762/element/f.A8E2447B9DB017212790DA409DB5259F.d.99347E4669FE1975D6BFA99044A7E5B9.e.291/click - {}
RESULT: {}
COMMAND: GET /session/d8f81470b3cfc07ba78e7ddec22b5762/screenshot - {}
RESULT: {}
]]></system-out>
    </testcase>
    <testcase classname="chrome.135_0_7049_96.windows.Sanity_Tests_US104253" name="Should open Manage Sites page" time="32.144">
      <system-out><![CDATA[
COMMAND: POST /session/d8f81470b3cfc07ba78e7ddec22b5762/execute/async - {"script":"<script> [1562 bytes]","args":[{"selector":{"controlType":"sap.m.GenericTile","properties":{"header":"Manage Sites"}},"wdio_ui5_key":"sapm.GenericTile{\"header\":\"Manage Sites\"}"}]}
RESULT: {"script":"<script> [1562 bytes]","args":[{"selector":{"controlType":"sap.m.GenericTile","properties":{"header":"Manage Sites"}},"wdio_ui5_key":"sapm.GenericTile{\"header\":\"Manage Sites\"}"}]}
RESULT: undefined
COMMAND: POST /session/d8f81470b3cfc07ba78e7ddec22b5762/element - {"using":"xpath","value":"//*[@id=\"__tile40\"]"}
RESULT: {"using":"xpath","value":"//*[@id=\"__tile40\"]"}
COMMAND: POST /session/d8f81470b3cfc07ba78e7ddec22b5762/element/f.A8E2447B9DB017212790DA409DB5259F.d.99347E4669FE1975D6BFA99044A7E5B9.e.293/click - {}
RESULT: {}
COMMAND: GET /session/d8f81470b3cfc07ba78e7ddec22b5762/screenshot - {}
RESULT: {}
RESULT: undefined
COMMAND: POST /session/d8f81470b3cfc07ba78e7ddec22b5762/element - {"using":"xpath","value":"//*[@id=\"__tile40\"]"}
RESULT: {"using":"xpath","value":"//*[@id=\"__tile40\"]"}
COMMAND: POST /session/d8f81470b3cfc07ba78e7ddec22b5762/element/f.A8E2447B9DB017212790DA409DB5259F.d.99347E4669FE1975D6BFA99044A7E5B9.e.293/click - {}
RESULT: undefined
COMMAND: POST /session/d8f81470b3cfc07ba78e7ddec22b5762/element - {"using":"xpath","value":"//*[@id=\"__tile40\"]"}
RESULT: {"using":"xpath","value":"//*[@id=\"__tile40\"]"}
COMMAND: POST /session/d8f81470b3cfc07ba78e7ddec22b5762/element/f.A8E2447B9DB017212790DA409DB5259F.d.99347E4669FE1975D6BFA99044A7E5B9.e.293/click - {}
RESULT: undefined
COMMAND: POST /session/d8f81470b3cfc07ba78e7ddec22b5762/execute/async - {"script":"<script> [6424 bytes]","args":[{"element-6066-11e4-a52e-4f735466cecf":"f.A8E2447B9DB017212790DA409DB5259F.d.99347E4669FE1975D6BFA99044A7E5B9.e.290"},"getTitle",[]]}
COMMAND: POST /session/d8f81470b3cfc07ba78e7ddec22b5762/execute/async - {"script":"<script> [1562 bytes]","args":[{"selector":{"id":"shellAppTitle"},"wdio_ui5_key":"shellAppTitle"}]}
RESULT: {"script":"<script> [1562 bytes]","args":[{"selector":{"id":"shellAppTitle"},"wdio_ui5_key":"shellAppTitle"}]}
COMMAND: POST /session/d8f81470b3cfc07ba78e7ddec22b5762/execute/async - {"script":"<script> [6424 bytes]","args":[{"element-6066-11e4-a52e-4f735466cecf":"f.A8E2447B9DB017212790DA409DB5259F.d.99347E4669FE1975D6BFA99044A7E5B9.e.666"},"getTitle",[]]}
RESULT: {"script":"<script> [6424 bytes]","args":[{"element-6066-11e4-a52e-4f735466cecf":"f.A8E2447B9DB017212790DA409DB5259F.d.99347E4669FE1975D6BFA99044A7E5B9.e.666"},"getTitle",[]]}
RESULT: undefined
COMMAND: POST /session/d8f81470b3cfc07ba78e7ddec22b5762/element/f.A8E2447B9DB017212790DA409DB5259F.d.99347E4669FE1975D6BFA99044A7E5B9.e.291/click - {}
RESULT: {}
COMMAND: GET /session/d8f81470b3cfc07ba78e7ddec22b5762/screenshot - {}
RESULT: {}
]]></system-out>
    </testcase>
    <testcase classname="chrome.135_0_7049_96.windows.Sanity_Tests_US104253" name="Should open Manage Resources page" time="32.216">
      <system-out><![CDATA[
COMMAND: POST /session/d8f81470b3cfc07ba78e7ddec22b5762/execute/async - {"script":"<script> [1562 bytes]","args":[{"selector":{"controlType":"sap.m.GenericTile","properties":{"header":"Manage Resources"}},"wdio_ui5_key":"sapm.GenericTile{\"header\":\"Manage Resources\"}"}]}
RESULT: {"script":"<script> [1562 bytes]","args":[{"selector":{"controlType":"sap.m.GenericTile","properties":{"header":"Manage Resources"}},"wdio_ui5_key":"sapm.GenericTile{\"header\":\"Manage Resources\"}"}]}
RESULT: undefined
COMMAND: POST /session/d8f81470b3cfc07ba78e7ddec22b5762/element - {"using":"xpath","value":"//*[@id=\"__tile39\"]"}
RESULT: {"using":"xpath","value":"//*[@id=\"__tile39\"]"}
COMMAND: POST /session/d8f81470b3cfc07ba78e7ddec22b5762/element/f.A8E2447B9DB017212790DA409DB5259F.d.99347E4669FE1975D6BFA99044A7E5B9.e.668/click - {}
RESULT: {}
COMMAND: GET /session/d8f81470b3cfc07ba78e7ddec22b5762/screenshot - {}
RESULT: {}
RESULT: undefined
COMMAND: POST /session/d8f81470b3cfc07ba78e7ddec22b5762/element - {"using":"xpath","value":"//*[@id=\"__tile39\"]"}
RESULT: {"using":"xpath","value":"//*[@id=\"__tile39\"]"}
COMMAND: POST /session/d8f81470b3cfc07ba78e7ddec22b5762/element/f.A8E2447B9DB017212790DA409DB5259F.d.99347E4669FE1975D6BFA99044A7E5B9.e.668/click - {}
RESULT: undefined
COMMAND: POST /session/d8f81470b3cfc07ba78e7ddec22b5762/element - {"using":"xpath","value":"//*[@id=\"__tile39\"]"}
RESULT: {"using":"xpath","value":"//*[@id=\"__tile39\"]"}
COMMAND: POST /session/d8f81470b3cfc07ba78e7ddec22b5762/element/f.A8E2447B9DB017212790DA409DB5259F.d.99347E4669FE1975D6BFA99044A7E5B9.e.668/click - {}
RESULT: undefined
COMMAND: POST /session/d8f81470b3cfc07ba78e7ddec22b5762/execute/async - {"script":"<script> [6424 bytes]","args":[{"element-6066-11e4-a52e-4f735466cecf":"f.A8E2447B9DB017212790DA409DB5259F.d.99347E4669FE1975D6BFA99044A7E5B9.e.290"},"getTitle",[]]}
COMMAND: POST /session/d8f81470b3cfc07ba78e7ddec22b5762/execute/async - {"script":"<script> [1562 bytes]","args":[{"selector":{"id":"shellAppTitle"},"wdio_ui5_key":"shellAppTitle"}]}
RESULT: {"script":"<script> [1562 bytes]","args":[{"selector":{"id":"shellAppTitle"},"wdio_ui5_key":"shellAppTitle"}]}
COMMAND: POST /session/d8f81470b3cfc07ba78e7ddec22b5762/execute/async - {"script":"<script> [6424 bytes]","args":[{"element-6066-11e4-a52e-4f735466cecf":"f.A8E2447B9DB017212790DA409DB5259F.d.99347E4669FE1975D6BFA99044A7E5B9.e.839"},"getTitle",[]]}
RESULT: {"script":"<script> [6424 bytes]","args":[{"element-6066-11e4-a52e-4f735466cecf":"f.A8E2447B9DB017212790DA409DB5259F.d.99347E4669FE1975D6BFA99044A7E5B9.e.839"},"getTitle",[]]}
RESULT: undefined
COMMAND: POST /session/d8f81470b3cfc07ba78e7ddec22b5762/element/f.A8E2447B9DB017212790DA409DB5259F.d.99347E4669FE1975D6BFA99044A7E5B9.e.291/click - {}
COMMAND: POST /session/d8f81470b3cfc07ba78e7ddec22b5762/element - {"using":"xpath","value":"//*[@id=\"backBtn\"]"}
RESULT: {"using":"xpath","value":"//*[@id=\"backBtn\"]"}
COMMAND: POST /session/d8f81470b3cfc07ba78e7ddec22b5762/element/f.A8E2447B9DB017212790DA409DB5259F.d.99347E4669FE1975D6BFA99044A7E5B9.e.291/click - {}
COMMAND: POST /session/d8f81470b3cfc07ba78e7ddec22b5762/element - {"using":"xpath","value":"//*[@id=\"backBtn\"]"}
RESULT: {"using":"xpath","value":"//*[@id=\"backBtn\"]"}
COMMAND: POST /session/d8f81470b3cfc07ba78e7ddec22b5762/element/f.A8E2447B9DB017212790DA409DB5259F.d.99347E4669FE1975D6BFA99044A7E5B9.e.840/click - {}
RESULT: {}
COMMAND: GET /session/d8f81470b3cfc07ba78e7ddec22b5762/screenshot - {}
RESULT: {}
]]></system-out>
    </testcase>
    <testcase classname="chrome.135_0_7049_96.windows.Sanity_Tests_US104253" name="Should open Manage Catalogs page" time="32.888">
      <system-out><![CDATA[
COMMAND: POST /session/d8f81470b3cfc07ba78e7ddec22b5762/execute/async - {"script":"<script> [1562 bytes]","args":[{"selector":{"controlType":"sap.m.GenericTile","properties":{"header":"Manage Catalogs"}},"wdio_ui5_key":"sapm.GenericTile{\"header\":\"Manage Catalogs\"}"}]}
RESULT: {"script":"<script> [1562 bytes]","args":[{"selector":{"controlType":"sap.m.GenericTile","properties":{"header":"Manage Catalogs"}},"wdio_ui5_key":"sapm.GenericTile{\"header\":\"Manage Catalogs\"}"}]}
RESULT: undefined
COMMAND: POST /session/d8f81470b3cfc07ba78e7ddec22b5762/element - {"using":"xpath","value":"//*[@id=\"__tile37\"]"}
RESULT: {"using":"xpath","value":"//*[@id=\"__tile37\"]"}
COMMAND: POST /session/d8f81470b3cfc07ba78e7ddec22b5762/element/f.A8E2447B9DB017212790DA409DB5259F.d.99347E4669FE1975D6BFA99044A7E5B9.e.842/click - {}
RESULT: {}
COMMAND: GET /session/d8f81470b3cfc07ba78e7ddec22b5762/screenshot - {}
RESULT: {}
RESULT: undefined
COMMAND: POST /session/d8f81470b3cfc07ba78e7ddec22b5762/element - {"using":"xpath","value":"//*[@id=\"__tile37\"]"}
RESULT: {"using":"xpath","value":"//*[@id=\"__tile37\"]"}
COMMAND: POST /session/d8f81470b3cfc07ba78e7ddec22b5762/element/f.A8E2447B9DB017212790DA409DB5259F.d.99347E4669FE1975D6BFA99044A7E5B9.e.842/click - {}
RESULT: undefined
COMMAND: POST /session/d8f81470b3cfc07ba78e7ddec22b5762/element - {"using":"xpath","value":"//*[@id=\"__tile37\"]"}
RESULT: {"using":"xpath","value":"//*[@id=\"__tile37\"]"}
COMMAND: POST /session/d8f81470b3cfc07ba78e7ddec22b5762/element/f.A8E2447B9DB017212790DA409DB5259F.d.99347E4669FE1975D6BFA99044A7E5B9.e.842/click - {}
RESULT: undefined
COMMAND: POST /session/d8f81470b3cfc07ba78e7ddec22b5762/execute/async - {"script":"<script> [6424 bytes]","args":[{"element-6066-11e4-a52e-4f735466cecf":"f.A8E2447B9DB017212790DA409DB5259F.d.99347E4669FE1975D6BFA99044A7E5B9.e.290"},"getTitle",[]]}
COMMAND: POST /session/d8f81470b3cfc07ba78e7ddec22b5762/execute/async - {"script":"<script> [1562 bytes]","args":[{"selector":{"id":"shellAppTitle"},"wdio_ui5_key":"shellAppTitle"}]}
RESULT: {"script":"<script> [1562 bytes]","args":[{"selector":{"id":"shellAppTitle"},"wdio_ui5_key":"shellAppTitle"}]}
COMMAND: POST /session/d8f81470b3cfc07ba78e7ddec22b5762/execute/async - {"script":"<script> [6424 bytes]","args":[{"element-6066-11e4-a52e-4f735466cecf":"f.A8E2447B9DB017212790DA409DB5259F.d.99347E4669FE1975D6BFA99044A7E5B9.e.913"},"getTitle",[]]}
RESULT: {"script":"<script> [6424 bytes]","args":[{"element-6066-11e4-a52e-4f735466cecf":"f.A8E2447B9DB017212790DA409DB5259F.d.99347E4669FE1975D6BFA99044A7E5B9.e.913"},"getTitle",[]]}
RESULT: undefined
COMMAND: POST /session/d8f81470b3cfc07ba78e7ddec22b5762/element/f.A8E2447B9DB017212790DA409DB5259F.d.99347E4669FE1975D6BFA99044A7E5B9.e.840/click - {}
RESULT: {}
COMMAND: GET /session/d8f81470b3cfc07ba78e7ddec22b5762/screenshot - {}
RESULT: {}
]]></system-out>
    </testcase>
    <testcase classname="chrome.135_0_7049_96.windows.Sanity_Tests_US104253" name="Should open Manage Calendars page" time="33.314">
      <system-out><![CDATA[
COMMAND: POST /session/d8f81470b3cfc07ba78e7ddec22b5762/execute/async - {"script":"<script> [1562 bytes]","args":[{"selector":{"controlType":"sap.m.GenericTile","properties":{"header":"Manage Calendars"}},"wdio_ui5_key":"sapm.GenericTile{\"header\":\"Manage Calendars\"}"}]}
RESULT: {"script":"<script> [1562 bytes]","args":[{"selector":{"controlType":"sap.m.GenericTile","properties":{"header":"Manage Calendars"}},"wdio_ui5_key":"sapm.GenericTile{\"header\":\"Manage Calendars\"}"}]}
RESULT: undefined
COMMAND: POST /session/d8f81470b3cfc07ba78e7ddec22b5762/element - {"using":"xpath","value":"//*[@id=\"__tile36\"]"}
RESULT: {"using":"xpath","value":"//*[@id=\"__tile36\"]"}
COMMAND: POST /session/d8f81470b3cfc07ba78e7ddec22b5762/element/f.A8E2447B9DB017212790DA409DB5259F.d.99347E4669FE1975D6BFA99044A7E5B9.e.915/click - {}
RESULT: {}
COMMAND: GET /session/d8f81470b3cfc07ba78e7ddec22b5762/screenshot - {}
RESULT: {}
RESULT: undefined
COMMAND: POST /session/d8f81470b3cfc07ba78e7ddec22b5762/element - {"using":"xpath","value":"//*[@id=\"__tile36\"]"}
RESULT: {"using":"xpath","value":"//*[@id=\"__tile36\"]"}
COMMAND: POST /session/d8f81470b3cfc07ba78e7ddec22b5762/element/f.A8E2447B9DB017212790DA409DB5259F.d.99347E4669FE1975D6BFA99044A7E5B9.e.915/click - {}
RESULT: undefined
COMMAND: POST /session/d8f81470b3cfc07ba78e7ddec22b5762/element - {"using":"xpath","value":"//*[@id=\"__tile36\"]"}
RESULT: {"using":"xpath","value":"//*[@id=\"__tile36\"]"}
COMMAND: POST /session/d8f81470b3cfc07ba78e7ddec22b5762/element/f.A8E2447B9DB017212790DA409DB5259F.d.99347E4669FE1975D6BFA99044A7E5B9.e.915/click - {}
RESULT: undefined
COMMAND: POST /session/d8f81470b3cfc07ba78e7ddec22b5762/execute/async - {"script":"<script> [6424 bytes]","args":[{"element-6066-11e4-a52e-4f735466cecf":"f.A8E2447B9DB017212790DA409DB5259F.d.99347E4669FE1975D6BFA99044A7E5B9.e.290"},"getTitle",[]]}
COMMAND: POST /session/d8f81470b3cfc07ba78e7ddec22b5762/execute/async - {"script":"<script> [1562 bytes]","args":[{"selector":{"id":"shellAppTitle"},"wdio_ui5_key":"shellAppTitle"}]}
RESULT: {"script":"<script> [1562 bytes]","args":[{"selector":{"id":"shellAppTitle"},"wdio_ui5_key":"shellAppTitle"}]}
COMMAND: POST /session/d8f81470b3cfc07ba78e7ddec22b5762/execute/async - {"script":"<script> [6424 bytes]","args":[{"element-6066-11e4-a52e-4f735466cecf":"f.A8E2447B9DB017212790DA409DB5259F.d.99347E4669FE1975D6BFA99044A7E5B9.e.993"},"getTitle",[]]}
RESULT: {"script":"<script> [6424 bytes]","args":[{"element-6066-11e4-a52e-4f735466cecf":"f.A8E2447B9DB017212790DA409DB5259F.d.99347E4669FE1975D6BFA99044A7E5B9.e.993"},"getTitle",[]]}
RESULT: undefined
COMMAND: POST /session/d8f81470b3cfc07ba78e7ddec22b5762/element/f.A8E2447B9DB017212790DA409DB5259F.d.99347E4669FE1975D6BFA99044A7E5B9.e.840/click - {}
COMMAND: POST /session/d8f81470b3cfc07ba78e7ddec22b5762/element - {"using":"xpath","value":"//*[@id=\"backBtn\"]"}
RESULT: {"using":"xpath","value":"//*[@id=\"backBtn\"]"}
COMMAND: POST /session/d8f81470b3cfc07ba78e7ddec22b5762/element/f.A8E2447B9DB017212790DA409DB5259F.d.99347E4669FE1975D6BFA99044A7E5B9.e.840/click - {}
COMMAND: POST /session/d8f81470b3cfc07ba78e7ddec22b5762/element - {"using":"xpath","value":"//*[@id=\"backBtn\"]"}
RESULT: {"using":"xpath","value":"//*[@id=\"backBtn\"]"}
COMMAND: POST /session/d8f81470b3cfc07ba78e7ddec22b5762/element/f.A8E2447B9DB017212790DA409DB5259F.d.99347E4669FE1975D6BFA99044A7E5B9.e.994/click - {}
RESULT: {}
COMMAND: GET /session/d8f81470b3cfc07ba78e7ddec22b5762/screenshot - {}
RESULT: {}
]]></system-out>
    </testcase>
    <testcase classname="chrome.135_0_7049_96.windows.Sanity_Tests_US104253" name="Should open Address Management page" time="35.395">
      <system-out><![CDATA[
COMMAND: POST /session/d8f81470b3cfc07ba78e7ddec22b5762/execute/async - {"script":"<script> [1562 bytes]","args":[{"selector":{"controlType":"sap.m.GenericTile","properties":{"header":"Address Management"}},"wdio_ui5_key":"sapm.GenericTile{\"header\":\"Address Management\"}"}]}
RESULT: {"script":"<script> [1562 bytes]","args":[{"selector":{"controlType":"sap.m.GenericTile","properties":{"header":"Address Management"}},"wdio_ui5_key":"sapm.GenericTile{\"header\":\"Address Management\"}"}]}
RESULT: undefined
COMMAND: POST /session/d8f81470b3cfc07ba78e7ddec22b5762/element - {"using":"xpath","value":"//*[@id=\"__tile33\"]"}
RESULT: {"using":"xpath","value":"//*[@id=\"__tile33\"]"}
COMMAND: POST /session/d8f81470b3cfc07ba78e7ddec22b5762/element/f.A8E2447B9DB017212790DA409DB5259F.d.99347E4669FE1975D6BFA99044A7E5B9.e.996/click - {}
RESULT: {}
COMMAND: GET /session/d8f81470b3cfc07ba78e7ddec22b5762/screenshot - {}
RESULT: {}
RESULT: undefined
COMMAND: POST /session/d8f81470b3cfc07ba78e7ddec22b5762/element - {"using":"xpath","value":"//*[@id=\"__tile33\"]"}
RESULT: {"using":"xpath","value":"//*[@id=\"__tile33\"]"}
COMMAND: POST /session/d8f81470b3cfc07ba78e7ddec22b5762/element/f.A8E2447B9DB017212790DA409DB5259F.d.99347E4669FE1975D6BFA99044A7E5B9.e.996/click - {}
RESULT: undefined
COMMAND: POST /session/d8f81470b3cfc07ba78e7ddec22b5762/element - {"using":"xpath","value":"//*[@id=\"__tile33\"]"}
RESULT: {"using":"xpath","value":"//*[@id=\"__tile33\"]"}
COMMAND: POST /session/d8f81470b3cfc07ba78e7ddec22b5762/element/f.A8E2447B9DB017212790DA409DB5259F.d.99347E4669FE1975D6BFA99044A7E5B9.e.996/click - {}
RESULT: undefined
COMMAND: POST /session/d8f81470b3cfc07ba78e7ddec22b5762/execute/async - {"script":"<script> [6424 bytes]","args":[{"element-6066-11e4-a52e-4f735466cecf":"f.A8E2447B9DB017212790DA409DB5259F.d.99347E4669FE1975D6BFA99044A7E5B9.e.290"},"getTitle",[]]}
COMMAND: POST /session/d8f81470b3cfc07ba78e7ddec22b5762/execute/async - {"script":"<script> [1562 bytes]","args":[{"selector":{"id":"shellAppTitle"},"wdio_ui5_key":"shellAppTitle"}]}
RESULT: {"script":"<script> [1562 bytes]","args":[{"selector":{"id":"shellAppTitle"},"wdio_ui5_key":"shellAppTitle"}]}
COMMAND: POST /session/d8f81470b3cfc07ba78e7ddec22b5762/execute/async - {"script":"<script> [6424 bytes]","args":[{"element-6066-11e4-a52e-4f735466cecf":"f.A8E2447B9DB017212790DA409DB5259F.d.99347E4669FE1975D6BFA99044A7E5B9.e.1189"},"getTitle",[]]}
RESULT: {"script":"<script> [6424 bytes]","args":[{"element-6066-11e4-a52e-4f735466cecf":"f.A8E2447B9DB017212790DA409DB5259F.d.99347E4669FE1975D6BFA99044A7E5B9.e.1189"},"getTitle",[]]}
RESULT: undefined
COMMAND: POST /session/d8f81470b3cfc07ba78e7ddec22b5762/element/f.A8E2447B9DB017212790DA409DB5259F.d.99347E4669FE1975D6BFA99044A7E5B9.e.994/click - {}
RESULT: {}
COMMAND: GET /session/d8f81470b3cfc07ba78e7ddec22b5762/screenshot - {}
RESULT: {}
]]></system-out>
    </testcase>
    <testcase classname="chrome.135_0_7049_96.windows.Sanity_Tests_US104253" name="Should open Bill Of Resources page" time="42.755">
      <system-out><![CDATA[
COMMAND: POST /session/d8f81470b3cfc07ba78e7ddec22b5762/execute/async - {"script":"<script> [1562 bytes]","args":[{"selector":{"controlType":"sap.m.GenericTile","properties":{"header":"Bill Of Resources"}},"wdio_ui5_key":"sapm.GenericTile{\"header\":\"Bill Of Resources\"}"}]}
RESULT: {"script":"<script> [1562 bytes]","args":[{"selector":{"controlType":"sap.m.GenericTile","properties":{"header":"Bill Of Resources"}},"wdio_ui5_key":"sapm.GenericTile{\"header\":\"Bill Of Resources\"}"}]}
RESULT: undefined
COMMAND: POST /session/d8f81470b3cfc07ba78e7ddec22b5762/element - {"using":"xpath","value":"//*[@id=\"__tile34\"]"}
RESULT: {"using":"xpath","value":"//*[@id=\"__tile34\"]"}
COMMAND: POST /session/d8f81470b3cfc07ba78e7ddec22b5762/element/f.A8E2447B9DB017212790DA409DB5259F.d.99347E4669FE1975D6BFA99044A7E5B9.e.1191/click - {}
RESULT: {}
COMMAND: GET /session/d8f81470b3cfc07ba78e7ddec22b5762/screenshot - {}
RESULT: {}
RESULT: undefined
COMMAND: POST /session/d8f81470b3cfc07ba78e7ddec22b5762/element - {"using":"xpath","value":"//*[@id=\"__tile34\"]"}
RESULT: {"using":"xpath","value":"//*[@id=\"__tile34\"]"}
COMMAND: POST /session/d8f81470b3cfc07ba78e7ddec22b5762/element/f.A8E2447B9DB017212790DA409DB5259F.d.99347E4669FE1975D6BFA99044A7E5B9.e.1191/click - {}
RESULT: undefined
COMMAND: POST /session/d8f81470b3cfc07ba78e7ddec22b5762/element - {"using":"xpath","value":"//*[@id=\"__tile34\"]"}
RESULT: {"using":"xpath","value":"//*[@id=\"__tile34\"]"}
COMMAND: POST /session/d8f81470b3cfc07ba78e7ddec22b5762/element/f.A8E2447B9DB017212790DA409DB5259F.d.99347E4669FE1975D6BFA99044A7E5B9.e.1191/click - {}
RESULT: undefined
COMMAND: POST /session/d8f81470b3cfc07ba78e7ddec22b5762/execute/async - {"script":"<script> [6424 bytes]","args":[{"element-6066-11e4-a52e-4f735466cecf":"f.A8E2447B9DB017212790DA409DB5259F.d.99347E4669FE1975D6BFA99044A7E5B9.e.290"},"getTitle",[]]}
COMMAND: POST /session/d8f81470b3cfc07ba78e7ddec22b5762/execute/async - {"script":"<script> [1562 bytes]","args":[{"selector":{"id":"shellAppTitle"},"wdio_ui5_key":"shellAppTitle"}]}
RESULT: {"script":"<script> [1562 bytes]","args":[{"selector":{"id":"shellAppTitle"},"wdio_ui5_key":"shellAppTitle"}]}
COMMAND: POST /session/d8f81470b3cfc07ba78e7ddec22b5762/execute/async - {"script":"<script> [6424 bytes]","args":[{"element-6066-11e4-a52e-4f735466cecf":"f.A8E2447B9DB017212790DA409DB5259F.d.99347E4669FE1975D6BFA99044A7E5B9.e.1289"},"getTitle",[]]}
RESULT: {"script":"<script> [6424 bytes]","args":[{"element-6066-11e4-a52e-4f735466cecf":"f.A8E2447B9DB017212790DA409DB5259F.d.99347E4669FE1975D6BFA99044A7E5B9.e.1289"},"getTitle",[]]}
RESULT: undefined
COMMAND: POST /session/d8f81470b3cfc07ba78e7ddec22b5762/element/f.A8E2447B9DB017212790DA409DB5259F.d.99347E4669FE1975D6BFA99044A7E5B9.e.994/click - {}
COMMAND: POST /session/d8f81470b3cfc07ba78e7ddec22b5762/element - {"using":"xpath","value":"//*[@id=\"backBtn\"]"}
RESULT: {"using":"xpath","value":"//*[@id=\"backBtn\"]"}
COMMAND: POST /session/d8f81470b3cfc07ba78e7ddec22b5762/element/f.A8E2447B9DB017212790DA409DB5259F.d.99347E4669FE1975D6BFA99044A7E5B9.e.994/click - {}
COMMAND: POST /session/d8f81470b3cfc07ba78e7ddec22b5762/element - {"using":"xpath","value":"//*[@id=\"backBtn\"]"}
RESULT: {"using":"xpath","value":"//*[@id=\"backBtn\"]"}
COMMAND: POST /session/d8f81470b3cfc07ba78e7ddec22b5762/element/f.A8E2447B9DB017212790DA409DB5259F.d.99347E4669FE1975D6BFA99044A7E5B9.e.1290/click - {}
RESULT: {}
COMMAND: GET /session/d8f81470b3cfc07ba78e7ddec22b5762/screenshot - {}
RESULT: {}
]]></system-out>
    </testcase>
    <testcase classname="chrome.135_0_7049_96.windows.Sanity_Tests_US104253" name="Should open Manage Yards page" time="34.828">
      <system-out><![CDATA[
COMMAND: POST /session/d8f81470b3cfc07ba78e7ddec22b5762/execute/async - {"script":"<script> [1562 bytes]","args":[{"selector":{"controlType":"sap.m.GenericTile","properties":{"header":"Manage Yards"}},"wdio_ui5_key":"sapm.GenericTile{\"header\":\"Manage Yards\"}"}]}
RESULT: {"script":"<script> [1562 bytes]","args":[{"selector":{"controlType":"sap.m.GenericTile","properties":{"header":"Manage Yards"}},"wdio_ui5_key":"sapm.GenericTile{\"header\":\"Manage Yards\"}"}]}
RESULT: undefined
COMMAND: POST /session/d8f81470b3cfc07ba78e7ddec22b5762/element - {"using":"xpath","value":"//*[@id=\"__tile41\"]"}
RESULT: {"using":"xpath","value":"//*[@id=\"__tile41\"]"}
COMMAND: POST /session/d8f81470b3cfc07ba78e7ddec22b5762/element/f.A8E2447B9DB017212790DA409DB5259F.d.99347E4669FE1975D6BFA99044A7E5B9.e.1292/click - {}
RESULT: {}
COMMAND: GET /session/d8f81470b3cfc07ba78e7ddec22b5762/screenshot - {}
RESULT: {}
RESULT: undefined
COMMAND: POST /session/d8f81470b3cfc07ba78e7ddec22b5762/element - {"using":"xpath","value":"//*[@id=\"__tile41\"]"}
RESULT: {"using":"xpath","value":"//*[@id=\"__tile41\"]"}
COMMAND: POST /session/d8f81470b3cfc07ba78e7ddec22b5762/element/f.A8E2447B9DB017212790DA409DB5259F.d.99347E4669FE1975D6BFA99044A7E5B9.e.1292/click - {}
RESULT: undefined
COMMAND: POST /session/d8f81470b3cfc07ba78e7ddec22b5762/element - {"using":"xpath","value":"//*[@id=\"__tile41\"]"}
RESULT: {"using":"xpath","value":"//*[@id=\"__tile41\"]"}
COMMAND: POST /session/d8f81470b3cfc07ba78e7ddec22b5762/element/f.A8E2447B9DB017212790DA409DB5259F.d.99347E4669FE1975D6BFA99044A7E5B9.e.1292/click - {}
RESULT: undefined
COMMAND: POST /session/d8f81470b3cfc07ba78e7ddec22b5762/execute/async - {"script":"<script> [6424 bytes]","args":[{"element-6066-11e4-a52e-4f735466cecf":"f.A8E2447B9DB017212790DA409DB5259F.d.99347E4669FE1975D6BFA99044A7E5B9.e.290"},"getTitle",[]]}
COMMAND: POST /session/d8f81470b3cfc07ba78e7ddec22b5762/execute/async - {"script":"<script> [1562 bytes]","args":[{"selector":{"id":"shellAppTitle"},"wdio_ui5_key":"shellAppTitle"}]}
RESULT: {"script":"<script> [1562 bytes]","args":[{"selector":{"id":"shellAppTitle"},"wdio_ui5_key":"shellAppTitle"}]}
COMMAND: POST /session/d8f81470b3cfc07ba78e7ddec22b5762/execute/async - {"script":"<script> [6424 bytes]","args":[{"element-6066-11e4-a52e-4f735466cecf":"f.A8E2447B9DB017212790DA409DB5259F.d.99347E4669FE1975D6BFA99044A7E5B9.e.1463"},"getTitle",[]]}
RESULT: {"script":"<script> [6424 bytes]","args":[{"element-6066-11e4-a52e-4f735466cecf":"f.A8E2447B9DB017212790DA409DB5259F.d.99347E4669FE1975D6BFA99044A7E5B9.e.1463"},"getTitle",[]]}
RESULT: undefined
COMMAND: POST /session/d8f81470b3cfc07ba78e7ddec22b5762/element/f.A8E2447B9DB017212790DA409DB5259F.d.99347E4669FE1975D6BFA99044A7E5B9.e.1290/click - {}
RESULT: {}
COMMAND: GET /session/d8f81470b3cfc07ba78e7ddec22b5762/screenshot - {}
RESULT: {}
]]></system-out>
    </testcase>
    <testcase classname="chrome.135_0_7049_96.windows.Sanity_Tests_US104253" name="Should open Manage Requests page" time="42">
      <system-out><![CDATA[
COMMAND: POST /session/d8f81470b3cfc07ba78e7ddec22b5762/execute/async - {"script":"<script> [1562 bytes]","args":[{"selector":{"controlType":"sap.m.GenericTile","properties":{"header":"Manage Requests"}},"wdio_ui5_key":"sapm.GenericTile{\"header\":\"Manage Requests\"}"}]}
RESULT: {"script":"<script> [1562 bytes]","args":[{"selector":{"controlType":"sap.m.GenericTile","properties":{"header":"Manage Requests"}},"wdio_ui5_key":"sapm.GenericTile{\"header\":\"Manage Requests\"}"}]}
RESULT: undefined
COMMAND: POST /session/d8f81470b3cfc07ba78e7ddec22b5762/element - {"using":"xpath","value":"//*[@id=\"__tile47\"]"}
RESULT: {"using":"xpath","value":"//*[@id=\"__tile47\"]"}
COMMAND: POST /session/d8f81470b3cfc07ba78e7ddec22b5762/element/f.A8E2447B9DB017212790DA409DB5259F.d.99347E4669FE1975D6BFA99044A7E5B9.e.1465/click - {}
RESULT: {}
COMMAND: GET /session/d8f81470b3cfc07ba78e7ddec22b5762/screenshot - {}
RESULT: {}
RESULT: undefined
COMMAND: POST /session/d8f81470b3cfc07ba78e7ddec22b5762/element - {"using":"xpath","value":"//*[@id=\"__tile47\"]"}
RESULT: {"using":"xpath","value":"//*[@id=\"__tile47\"]"}
COMMAND: POST /session/d8f81470b3cfc07ba78e7ddec22b5762/element/f.A8E2447B9DB017212790DA409DB5259F.d.99347E4669FE1975D6BFA99044A7E5B9.e.1465/click - {}
RESULT: undefined
COMMAND: POST /session/d8f81470b3cfc07ba78e7ddec22b5762/element - {"using":"xpath","value":"//*[@id=\"__tile47\"]"}
RESULT: {"using":"xpath","value":"//*[@id=\"__tile47\"]"}
COMMAND: POST /session/d8f81470b3cfc07ba78e7ddec22b5762/element/f.A8E2447B9DB017212790DA409DB5259F.d.99347E4669FE1975D6BFA99044A7E5B9.e.1465/click - {}
RESULT: undefined
COMMAND: POST /session/d8f81470b3cfc07ba78e7ddec22b5762/execute/async - {"script":"<script> [6424 bytes]","args":[{"element-6066-11e4-a52e-4f735466cecf":"f.A8E2447B9DB017212790DA409DB5259F.d.99347E4669FE1975D6BFA99044A7E5B9.e.290"},"getTitle",[]]}
COMMAND: POST /session/d8f81470b3cfc07ba78e7ddec22b5762/execute/async - {"script":"<script> [1562 bytes]","args":[{"selector":{"id":"shellAppTitle"},"wdio_ui5_key":"shellAppTitle"}]}
RESULT: {"script":"<script> [1562 bytes]","args":[{"selector":{"id":"shellAppTitle"},"wdio_ui5_key":"shellAppTitle"}]}
COMMAND: POST /session/d8f81470b3cfc07ba78e7ddec22b5762/execute/async - {"script":"<script> [6424 bytes]","args":[{"element-6066-11e4-a52e-4f735466cecf":"f.A8E2447B9DB017212790DA409DB5259F.d.99347E4669FE1975D6BFA99044A7E5B9.e.1563"},"getTitle",[]]}
RESULT: {"script":"<script> [6424 bytes]","args":[{"element-6066-11e4-a52e-4f735466cecf":"f.A8E2447B9DB017212790DA409DB5259F.d.99347E4669FE1975D6BFA99044A7E5B9.e.1563"},"getTitle",[]]}
RESULT: undefined
COMMAND: POST /session/d8f81470b3cfc07ba78e7ddec22b5762/element/f.A8E2447B9DB017212790DA409DB5259F.d.99347E4669FE1975D6BFA99044A7E5B9.e.1290/click - {}
COMMAND: POST /session/d8f81470b3cfc07ba78e7ddec22b5762/element - {"using":"xpath","value":"//*[@id=\"backBtn\"]"}
RESULT: {"using":"xpath","value":"//*[@id=\"backBtn\"]"}
COMMAND: POST /session/d8f81470b3cfc07ba78e7ddec22b5762/element/f.A8E2447B9DB017212790DA409DB5259F.d.99347E4669FE1975D6BFA99044A7E5B9.e.1290/click - {}
COMMAND: POST /session/d8f81470b3cfc07ba78e7ddec22b5762/element - {"using":"xpath","value":"//*[@id=\"backBtn\"]"}
RESULT: {"using":"xpath","value":"//*[@id=\"backBtn\"]"}
COMMAND: POST /session/d8f81470b3cfc07ba78e7ddec22b5762/element/f.A8E2447B9DB017212790DA409DB5259F.d.99347E4669FE1975D6BFA99044A7E5B9.e.1564/click - {}
RESULT: {}
COMMAND: GET /session/d8f81470b3cfc07ba78e7ddec22b5762/screenshot - {}
RESULT: {}
]]></system-out>
    </testcase>
    <testcase classname="chrome.135_0_7049_96.windows.Sanity_Tests_US104253" name="Should open Manage Purchasing page" time="32.888">
      <system-out><![CDATA[
COMMAND: POST /session/d8f81470b3cfc07ba78e7ddec22b5762/execute/async - {"script":"<script> [1562 bytes]","args":[{"selector":{"controlType":"sap.m.GenericTile","properties":{"header":"Manage Purchasing"}},"wdio_ui5_key":"sapm.GenericTile{\"header\":\"Manage Purchasing\"}"}]}
RESULT: {"script":"<script> [1562 bytes]","args":[{"selector":{"controlType":"sap.m.GenericTile","properties":{"header":"Manage Purchasing"}},"wdio_ui5_key":"sapm.GenericTile{\"header\":\"Manage Purchasing\"}"}]}
RESULT: undefined
COMMAND: POST /session/d8f81470b3cfc07ba78e7ddec22b5762/element - {"using":"xpath","value":"//*[@id=\"__tile46\"]"}
RESULT: {"using":"xpath","value":"//*[@id=\"__tile46\"]"}
COMMAND: POST /session/d8f81470b3cfc07ba78e7ddec22b5762/element/f.A8E2447B9DB017212790DA409DB5259F.d.99347E4669FE1975D6BFA99044A7E5B9.e.1567/click - {}
RESULT: {}
COMMAND: GET /session/d8f81470b3cfc07ba78e7ddec22b5762/screenshot - {}
RESULT: {}
RESULT: undefined
COMMAND: POST /session/d8f81470b3cfc07ba78e7ddec22b5762/element - {"using":"xpath","value":"//*[@id=\"__tile46\"]"}
RESULT: {"using":"xpath","value":"//*[@id=\"__tile46\"]"}
COMMAND: POST /session/d8f81470b3cfc07ba78e7ddec22b5762/element/f.A8E2447B9DB017212790DA409DB5259F.d.99347E4669FE1975D6BFA99044A7E5B9.e.1567/click - {}
RESULT: undefined
COMMAND: POST /session/d8f81470b3cfc07ba78e7ddec22b5762/element - {"using":"xpath","value":"//*[@id=\"__tile46\"]"}
RESULT: {"using":"xpath","value":"//*[@id=\"__tile46\"]"}
COMMAND: POST /session/d8f81470b3cfc07ba78e7ddec22b5762/element/f.A8E2447B9DB017212790DA409DB5259F.d.99347E4669FE1975D6BFA99044A7E5B9.e.1567/click - {}
RESULT: undefined
COMMAND: POST /session/d8f81470b3cfc07ba78e7ddec22b5762/execute/async - {"script":"<script> [6424 bytes]","args":[{"element-6066-11e4-a52e-4f735466cecf":"f.A8E2447B9DB017212790DA409DB5259F.d.99347E4669FE1975D6BFA99044A7E5B9.e.290"},"getTitle",[]]}
COMMAND: POST /session/d8f81470b3cfc07ba78e7ddec22b5762/execute/async - {"script":"<script> [1562 bytes]","args":[{"selector":{"id":"shellAppTitle"},"wdio_ui5_key":"shellAppTitle"}]}
RESULT: {"script":"<script> [1562 bytes]","args":[{"selector":{"id":"shellAppTitle"},"wdio_ui5_key":"shellAppTitle"}]}
COMMAND: POST /session/d8f81470b3cfc07ba78e7ddec22b5762/execute/async - {"script":"<script> [6424 bytes]","args":[{"element-6066-11e4-a52e-4f735466cecf":"f.A8E2447B9DB017212790DA409DB5259F.d.99347E4669FE1975D6BFA99044A7E5B9.e.1637"},"getTitle",[]]}
RESULT: {"script":"<script> [6424 bytes]","args":[{"element-6066-11e4-a52e-4f735466cecf":"f.A8E2447B9DB017212790DA409DB5259F.d.99347E4669FE1975D6BFA99044A7E5B9.e.1637"},"getTitle",[]]}
RESULT: undefined
COMMAND: POST /session/d8f81470b3cfc07ba78e7ddec22b5762/element/f.A8E2447B9DB017212790DA409DB5259F.d.99347E4669FE1975D6BFA99044A7E5B9.e.1564/click - {}
RESULT: {}
COMMAND: GET /session/d8f81470b3cfc07ba78e7ddec22b5762/screenshot - {}
RESULT: {}
]]></system-out>
    </testcase>
    <testcase classname="chrome.135_0_7049_96.windows.Sanity_Tests_US104253" name="Should open Planning Board page" time="33.041">
      <system-out><![CDATA[
COMMAND: POST /session/d8f81470b3cfc07ba78e7ddec22b5762/execute/async - {"script":"<script> [1562 bytes]","args":[{"selector":{"controlType":"sap.m.GenericTile","properties":{"header":"Planning Board"}},"wdio_ui5_key":"sapm.GenericTile{\"header\":\"Planning Board\"}"}]}
RESULT: {"script":"<script> [1562 bytes]","args":[{"selector":{"controlType":"sap.m.GenericTile","properties":{"header":"Planning Board"}},"wdio_ui5_key":"sapm.GenericTile{\"header\":\"Planning Board\"}"}]}
RESULT: undefined
COMMAND: POST /session/d8f81470b3cfc07ba78e7ddec22b5762/element - {"using":"xpath","value":"//*[@id=\"__tile132\"]"}
RESULT: {"using":"xpath","value":"//*[@id=\"__tile132\"]"}
COMMAND: POST /session/d8f81470b3cfc07ba78e7ddec22b5762/element/f.A8E2447B9DB017212790DA409DB5259F.d.99347E4669FE1975D6BFA99044A7E5B9.e.1639/click - {}
RESULT: {}
COMMAND: GET /session/d8f81470b3cfc07ba78e7ddec22b5762/screenshot - {}
RESULT: {}
RESULT: undefined
COMMAND: POST /session/d8f81470b3cfc07ba78e7ddec22b5762/element - {"using":"xpath","value":"//*[@id=\"__tile132\"]"}
RESULT: {"using":"xpath","value":"//*[@id=\"__tile132\"]"}
COMMAND: POST /session/d8f81470b3cfc07ba78e7ddec22b5762/element/f.A8E2447B9DB017212790DA409DB5259F.d.99347E4669FE1975D6BFA99044A7E5B9.e.1639/click - {}
RESULT: undefined
COMMAND: POST /session/d8f81470b3cfc07ba78e7ddec22b5762/element - {"using":"xpath","value":"//*[@id=\"__tile132\"]"}
RESULT: {"using":"xpath","value":"//*[@id=\"__tile132\"]"}
COMMAND: POST /session/d8f81470b3cfc07ba78e7ddec22b5762/element/f.A8E2447B9DB017212790DA409DB5259F.d.99347E4669FE1975D6BFA99044A7E5B9.e.1639/click - {}
RESULT: undefined
COMMAND: POST /session/d8f81470b3cfc07ba78e7ddec22b5762/execute/async - {"script":"<script> [6424 bytes]","args":[{"element-6066-11e4-a52e-4f735466cecf":"f.A8E2447B9DB017212790DA409DB5259F.d.99347E4669FE1975D6BFA99044A7E5B9.e.290"},"getTitle",[]]}
COMMAND: POST /session/d8f81470b3cfc07ba78e7ddec22b5762/execute/async - {"script":"<script> [1562 bytes]","args":[{"selector":{"id":"shellAppTitle"},"wdio_ui5_key":"shellAppTitle"}]}
RESULT: {"script":"<script> [1562 bytes]","args":[{"selector":{"id":"shellAppTitle"},"wdio_ui5_key":"shellAppTitle"}]}
COMMAND: POST /session/d8f81470b3cfc07ba78e7ddec22b5762/execute/async - {"script":"<script> [6424 bytes]","args":[{"element-6066-11e4-a52e-4f735466cecf":"f.A8E2447B9DB017212790DA409DB5259F.d.99347E4669FE1975D6BFA99044A7E5B9.e.1689"},"getTitle",[]]}
RESULT: {"script":"<script> [6424 bytes]","args":[{"element-6066-11e4-a52e-4f735466cecf":"f.A8E2447B9DB017212790DA409DB5259F.d.99347E4669FE1975D6BFA99044A7E5B9.e.1689"},"getTitle",[]]}
RESULT: undefined
COMMAND: POST /session/d8f81470b3cfc07ba78e7ddec22b5762/element/f.A8E2447B9DB017212790DA409DB5259F.d.99347E4669FE1975D6BFA99044A7E5B9.e.1564/click - {}
COMMAND: POST /session/d8f81470b3cfc07ba78e7ddec22b5762/element/f.A8E2447B9DB017212790DA409DB5259F.d.99347E4669FE1975D6BFA99044A7E5B9.e.1564/click - {}
COMMAND: POST /session/d8f81470b3cfc07ba78e7ddec22b5762/element - {"using":"xpath","value":"//*[@id=\"backBtn\"]"}
COMMAND: POST /session/d8f81470b3cfc07ba78e7ddec22b5762/element - {"using":"xpath","value":"//*[@id=\"backBtn\"]"}
RESULT: {"using":"xpath","value":"//*[@id=\"backBtn\"]"}
COMMAND: POST /session/d8f81470b3cfc07ba78e7ddec22b5762/element/f.A8E2447B9DB017212790DA409DB5259F.d.99347E4669FE1975D6BFA99044A7E5B9.e.1564/click - {}
RESULT: {"using":"xpath","value":"//*[@id=\"backBtn\"]"}
COMMAND: POST /session/d8f81470b3cfc07ba78e7ddec22b5762/element/f.A8E2447B9DB017212790DA409DB5259F.d.99347E4669FE1975D6BFA99044A7E5B9.e.1564/click - {}
COMMAND: POST /session/d8f81470b3cfc07ba78e7ddec22b5762/element - {"using":"xpath","value":"//*[@id=\"backBtn\"]"}
COMMAND: POST /session/d8f81470b3cfc07ba78e7ddec22b5762/element - {"using":"xpath","value":"//*[@id=\"backBtn\"]"}
RESULT: {"using":"xpath","value":"//*[@id=\"backBtn\"]"}
COMMAND: POST /session/d8f81470b3cfc07ba78e7ddec22b5762/element/f.A8E2447B9DB017212790DA409DB5259F.d.99347E4669FE1975D6BFA99044A7E5B9.e.1690/click - {}
RESULT: {"using":"xpath","value":"//*[@id=\"backBtn\"]"}
COMMAND: POST /session/d8f81470b3cfc07ba78e7ddec22b5762/element/f.A8E2447B9DB017212790DA409DB5259F.d.99347E4669FE1975D6BFA99044A7E5B9.e.1690/click - {}
RESULT: {}
COMMAND: GET /session/d8f81470b3cfc07ba78e7ddec22b5762/screenshot - {}
RESULT: {}
COMMAND: GET /session/d8f81470b3cfc07ba78e7ddec22b5762/screenshot - {}
RESULT: {}
RESULT: {}
]]></system-out>
    </testcase>
    <testcase classname="chrome.135_0_7049_96.windows.Sanity_Tests_US104253" name="Should open Manage Contracts page" time="40.328">
      <system-out><![CDATA[
COMMAND: POST /session/d8f81470b3cfc07ba78e7ddec22b5762/execute/async - {"script":"<script> [1562 bytes]","args":[{"selector":{"controlType":"sap.m.GenericTile","properties":{"header":"Manage Contracts"}},"wdio_ui5_key":"sapm.GenericTile{\"header\":\"Manage Contracts\"}"}]}
RESULT: {"script":"<script> [1562 bytes]","args":[{"selector":{"controlType":"sap.m.GenericTile","properties":{"header":"Manage Contracts"}},"wdio_ui5_key":"sapm.GenericTile{\"header\":\"Manage Contracts\"}"}]}
RESULT: undefined
COMMAND: POST /session/d8f81470b3cfc07ba78e7ddec22b5762/element - {"using":"xpath","value":"//*[@id=\"__tile131\"]"}
RESULT: {"using":"xpath","value":"//*[@id=\"__tile131\"]"}
COMMAND: POST /session/d8f81470b3cfc07ba78e7ddec22b5762/element/f.A8E2447B9DB017212790DA409DB5259F.d.99347E4669FE1975D6BFA99044A7E5B9.e.1692/click - {}
RESULT: {}
COMMAND: GET /session/d8f81470b3cfc07ba78e7ddec22b5762/screenshot - {}
RESULT: {}
RESULT: undefined
COMMAND: POST /session/d8f81470b3cfc07ba78e7ddec22b5762/element - {"using":"xpath","value":"//*[@id=\"__tile131\"]"}
RESULT: {"using":"xpath","value":"//*[@id=\"__tile131\"]"}
COMMAND: POST /session/d8f81470b3cfc07ba78e7ddec22b5762/element/f.A8E2447B9DB017212790DA409DB5259F.d.99347E4669FE1975D6BFA99044A7E5B9.e.1692/click - {}
RESULT: undefined
COMMAND: POST /session/d8f81470b3cfc07ba78e7ddec22b5762/element - {"using":"xpath","value":"//*[@id=\"__tile131\"]"}
RESULT: {"using":"xpath","value":"//*[@id=\"__tile131\"]"}
COMMAND: POST /session/d8f81470b3cfc07ba78e7ddec22b5762/element/f.A8E2447B9DB017212790DA409DB5259F.d.99347E4669FE1975D6BFA99044A7E5B9.e.1692/click - {}
RESULT: undefined
COMMAND: POST /session/d8f81470b3cfc07ba78e7ddec22b5762/execute/async - {"script":"<script> [6424 bytes]","args":[{"element-6066-11e4-a52e-4f735466cecf":"f.A8E2447B9DB017212790DA409DB5259F.d.99347E4669FE1975D6BFA99044A7E5B9.e.290"},"getTitle",[]]}
COMMAND: POST /session/d8f81470b3cfc07ba78e7ddec22b5762/execute/async - {"script":"<script> [1562 bytes]","args":[{"selector":{"id":"shellAppTitle"},"wdio_ui5_key":"shellAppTitle"}]}
RESULT: {"script":"<script> [1562 bytes]","args":[{"selector":{"id":"shellAppTitle"},"wdio_ui5_key":"shellAppTitle"}]}
COMMAND: POST /session/d8f81470b3cfc07ba78e7ddec22b5762/execute/async - {"script":"<script> [6424 bytes]","args":[{"element-6066-11e4-a52e-4f735466cecf":"f.A8E2447B9DB017212790DA409DB5259F.d.99347E4669FE1975D6BFA99044A7E5B9.e.1757"},"getTitle",[]]}
RESULT: {"script":"<script> [6424 bytes]","args":[{"element-6066-11e4-a52e-4f735466cecf":"f.A8E2447B9DB017212790DA409DB5259F.d.99347E4669FE1975D6BFA99044A7E5B9.e.1757"},"getTitle",[]]}
RESULT: undefined
COMMAND: POST /session/d8f81470b3cfc07ba78e7ddec22b5762/element/f.A8E2447B9DB017212790DA409DB5259F.d.99347E4669FE1975D6BFA99044A7E5B9.e.1690/click - {}
RESULT: {}
COMMAND: GET /session/d8f81470b3cfc07ba78e7ddec22b5762/screenshot - {}
RESULT: {}
]]></system-out>
    </testcase>
    <testcase classname="chrome.135_0_7049_96.windows.Sanity_Tests_US104253" name="Should open Manage Quotations page" time="31.463">
      <system-out><![CDATA[
COMMAND: POST /session/d8f81470b3cfc07ba78e7ddec22b5762/execute/async - {"script":"<script> [1562 bytes]","args":[{"selector":{"controlType":"sap.m.GenericTile","properties":{"header":"Manage Quotations"}},"wdio_ui5_key":"sapm.GenericTile{\"header\":\"Manage Quotations\"}"}]}
RESULT: {"script":"<script> [1562 bytes]","args":[{"selector":{"controlType":"sap.m.GenericTile","properties":{"header":"Manage Quotations"}},"wdio_ui5_key":"sapm.GenericTile{\"header\":\"Manage Quotations\"}"}]}
RESULT: undefined
COMMAND: POST /session/d8f81470b3cfc07ba78e7ddec22b5762/element - {"using":"xpath","value":"//*[@id=\"__tile133\"]"}
RESULT: {"using":"xpath","value":"//*[@id=\"__tile133\"]"}
COMMAND: POST /session/d8f81470b3cfc07ba78e7ddec22b5762/element/f.A8E2447B9DB017212790DA409DB5259F.d.99347E4669FE1975D6BFA99044A7E5B9.e.1759/click - {}
RESULT: {}
COMMAND: GET /session/d8f81470b3cfc07ba78e7ddec22b5762/screenshot - {}
RESULT: undefined
COMMAND: POST /session/d8f81470b3cfc07ba78e7ddec22b5762/element - {"using":"xpath","value":"//*[@id=\"__tile133\"]"}
RESULT: {}
RESULT: {"using":"xpath","value":"//*[@id=\"__tile133\"]"}
COMMAND: POST /session/d8f81470b3cfc07ba78e7ddec22b5762/element/f.A8E2447B9DB017212790DA409DB5259F.d.99347E4669FE1975D6BFA99044A7E5B9.e.1759/click - {}
RESULT: undefined
COMMAND: POST /session/d8f81470b3cfc07ba78e7ddec22b5762/element - {"using":"xpath","value":"//*[@id=\"__tile133\"]"}
RESULT: {"using":"xpath","value":"//*[@id=\"__tile133\"]"}
COMMAND: POST /session/d8f81470b3cfc07ba78e7ddec22b5762/element/f.A8E2447B9DB017212790DA409DB5259F.d.99347E4669FE1975D6BFA99044A7E5B9.e.1759/click - {}
RESULT: undefined
COMMAND: POST /session/d8f81470b3cfc07ba78e7ddec22b5762/execute/async - {"script":"<script> [6424 bytes]","args":[{"element-6066-11e4-a52e-4f735466cecf":"f.A8E2447B9DB017212790DA409DB5259F.d.99347E4669FE1975D6BFA99044A7E5B9.e.290"},"getTitle",[]]}
COMMAND: POST /session/d8f81470b3cfc07ba78e7ddec22b5762/execute/async - {"script":"<script> [1562 bytes]","args":[{"selector":{"id":"shellAppTitle"},"wdio_ui5_key":"shellAppTitle"}]}
RESULT: {"script":"<script> [1562 bytes]","args":[{"selector":{"id":"shellAppTitle"},"wdio_ui5_key":"shellAppTitle"}]}
COMMAND: POST /session/d8f81470b3cfc07ba78e7ddec22b5762/execute/async - {"script":"<script> [6424 bytes]","args":[{"element-6066-11e4-a52e-4f735466cecf":"f.A8E2447B9DB017212790DA409DB5259F.d.99347E4669FE1975D6BFA99044A7E5B9.e.1869"},"getTitle",[]]}
RESULT: {"script":"<script> [6424 bytes]","args":[{"element-6066-11e4-a52e-4f735466cecf":"f.A8E2447B9DB017212790DA409DB5259F.d.99347E4669FE1975D6BFA99044A7E5B9.e.1869"},"getTitle",[]]}
RESULT: undefined
COMMAND: POST /session/d8f81470b3cfc07ba78e7ddec22b5762/element/f.A8E2447B9DB017212790DA409DB5259F.d.99347E4669FE1975D6BFA99044A7E5B9.e.1690/click - {}
COMMAND: POST /session/d8f81470b3cfc07ba78e7ddec22b5762/element - {"using":"xpath","value":"//*[@id=\"backBtn\"]"}
RESULT: {"using":"xpath","value":"//*[@id=\"backBtn\"]"}
COMMAND: POST /session/d8f81470b3cfc07ba78e7ddec22b5762/element/f.A8E2447B9DB017212790DA409DB5259F.d.99347E4669FE1975D6BFA99044A7E5B9.e.1690/click - {}
COMMAND: POST /session/d8f81470b3cfc07ba78e7ddec22b5762/element - {"using":"xpath","value":"//*[@id=\"backBtn\"]"}
RESULT: {"using":"xpath","value":"//*[@id=\"backBtn\"]"}
COMMAND: POST /session/d8f81470b3cfc07ba78e7ddec22b5762/element/f.A8E2447B9DB017212790DA409DB5259F.d.99347E4669FE1975D6BFA99044A7E5B9.e.1870/click - {}
RESULT: {}
COMMAND: GET /session/d8f81470b3cfc07ba78e7ddec22b5762/screenshot - {}
RESULT: {}
]]></system-out>
    </testcase>
    <testcase classname="chrome.135_0_7049_96.windows.Sanity_Tests_US104253" name="Should open Manage Handovers page" time="34.445">
      <system-out><![CDATA[
COMMAND: POST /session/d8f81470b3cfc07ba78e7ddec22b5762/execute/async - {"script":"<script> [1562 bytes]","args":[{"selector":{"controlType":"sap.m.GenericTile","properties":{"header":"Manage Handovers"}},"wdio_ui5_key":"sapm.GenericTile{\"header\":\"Manage Handovers\"}"}]}
RESULT: {"script":"<script> [1562 bytes]","args":[{"selector":{"controlType":"sap.m.GenericTile","properties":{"header":"Manage Handovers"}},"wdio_ui5_key":"sapm.GenericTile{\"header\":\"Manage Handovers\"}"}]}
RESULT: undefined
COMMAND: POST /session/d8f81470b3cfc07ba78e7ddec22b5762/element - {"using":"xpath","value":"//*[@id=\"__tile130\"]"}
RESULT: {"using":"xpath","value":"//*[@id=\"__tile130\"]"}
COMMAND: POST /session/d8f81470b3cfc07ba78e7ddec22b5762/element/f.A8E2447B9DB017212790DA409DB5259F.d.99347E4669FE1975D6BFA99044A7E5B9.e.1872/click - {}
RESULT: {}
COMMAND: GET /session/d8f81470b3cfc07ba78e7ddec22b5762/screenshot - {}
RESULT: {}
RESULT: undefined
COMMAND: POST /session/d8f81470b3cfc07ba78e7ddec22b5762/element - {"using":"xpath","value":"//*[@id=\"__tile130\"]"}
RESULT: {"using":"xpath","value":"//*[@id=\"__tile130\"]"}
COMMAND: POST /session/d8f81470b3cfc07ba78e7ddec22b5762/element/f.A8E2447B9DB017212790DA409DB5259F.d.99347E4669FE1975D6BFA99044A7E5B9.e.1872/click - {}
RESULT: undefined
COMMAND: POST /session/d8f81470b3cfc07ba78e7ddec22b5762/element - {"using":"xpath","value":"//*[@id=\"__tile130\"]"}
RESULT: {"using":"xpath","value":"//*[@id=\"__tile130\"]"}
COMMAND: POST /session/d8f81470b3cfc07ba78e7ddec22b5762/element/f.A8E2447B9DB017212790DA409DB5259F.d.99347E4669FE1975D6BFA99044A7E5B9.e.1872/click - {}
RESULT: undefined
COMMAND: POST /session/d8f81470b3cfc07ba78e7ddec22b5762/execute/async - {"script":"<script> [6424 bytes]","args":[{"element-6066-11e4-a52e-4f735466cecf":"f.A8E2447B9DB017212790DA409DB5259F.d.99347E4669FE1975D6BFA99044A7E5B9.e.290"},"getTitle",[]]}
COMMAND: POST /session/d8f81470b3cfc07ba78e7ddec22b5762/execute/async - {"script":"<script> [1562 bytes]","args":[{"selector":{"id":"shellAppTitle"},"wdio_ui5_key":"shellAppTitle"}]}
RESULT: {"script":"<script> [1562 bytes]","args":[{"selector":{"id":"shellAppTitle"},"wdio_ui5_key":"shellAppTitle"}]}
COMMAND: POST /session/d8f81470b3cfc07ba78e7ddec22b5762/execute/async - {"script":"<script> [6424 bytes]","args":[{"element-6066-11e4-a52e-4f735466cecf":"f.A8E2447B9DB017212790DA409DB5259F.d.99347E4669FE1975D6BFA99044A7E5B9.e.1977"},"getTitle",[]]}
RESULT: {"script":"<script> [6424 bytes]","args":[{"element-6066-11e4-a52e-4f735466cecf":"f.A8E2447B9DB017212790DA409DB5259F.d.99347E4669FE1975D6BFA99044A7E5B9.e.1977"},"getTitle",[]]}
RESULT: undefined
COMMAND: POST /session/d8f81470b3cfc07ba78e7ddec22b5762/element/f.A8E2447B9DB017212790DA409DB5259F.d.99347E4669FE1975D6BFA99044A7E5B9.e.1870/click - {}
RESULT: {}
COMMAND: GET /session/d8f81470b3cfc07ba78e7ddec22b5762/screenshot - {}
RESULT: {}
]]></system-out>
    </testcase>
    <testcase classname="chrome.135_0_7049_96.windows.Sanity_Tests_US104253" name="Should open Delivery Monitor page" time="36.579">
      <system-out><![CDATA[
COMMAND: POST /session/d8f81470b3cfc07ba78e7ddec22b5762/execute/async - {"script":"<script> [1562 bytes]","args":[{"selector":{"controlType":"sap.m.GenericTile","properties":{"header":"Delivery Monitor"}},"wdio_ui5_key":"sapm.GenericTile{\"header\":\"Delivery Monitor\"}"}]}
RESULT: {"script":"<script> [1562 bytes]","args":[{"selector":{"controlType":"sap.m.GenericTile","properties":{"header":"Delivery Monitor"}},"wdio_ui5_key":"sapm.GenericTile{\"header\":\"Delivery Monitor\"}"}]}
RESULT: undefined
COMMAND: POST /session/d8f81470b3cfc07ba78e7ddec22b5762/element - {"using":"xpath","value":"//*[@id=\"__tile43\"]"}
RESULT: {"using":"xpath","value":"//*[@id=\"__tile43\"]"}
COMMAND: POST /session/d8f81470b3cfc07ba78e7ddec22b5762/element/f.A8E2447B9DB017212790DA409DB5259F.d.99347E4669FE1975D6BFA99044A7E5B9.e.1979/click - {}
RESULT: {}
COMMAND: GET /session/d8f81470b3cfc07ba78e7ddec22b5762/screenshot - {}
RESULT: {}
RESULT: undefined
COMMAND: POST /session/d8f81470b3cfc07ba78e7ddec22b5762/element - {"using":"xpath","value":"//*[@id=\"__tile43\"]"}
RESULT: {"using":"xpath","value":"//*[@id=\"__tile43\"]"}
COMMAND: POST /session/d8f81470b3cfc07ba78e7ddec22b5762/element/f.A8E2447B9DB017212790DA409DB5259F.d.99347E4669FE1975D6BFA99044A7E5B9.e.1979/click - {}
RESULT: undefined
COMMAND: POST /session/d8f81470b3cfc07ba78e7ddec22b5762/element - {"using":"xpath","value":"//*[@id=\"__tile43\"]"}
RESULT: {"using":"xpath","value":"//*[@id=\"__tile43\"]"}
COMMAND: POST /session/d8f81470b3cfc07ba78e7ddec22b5762/element/f.A8E2447B9DB017212790DA409DB5259F.d.99347E4669FE1975D6BFA99044A7E5B9.e.1979/click - {}
RESULT: undefined
COMMAND: POST /session/d8f81470b3cfc07ba78e7ddec22b5762/execute/async - {"script":"<script> [6424 bytes]","args":[{"element-6066-11e4-a52e-4f735466cecf":"f.A8E2447B9DB017212790DA409DB5259F.d.99347E4669FE1975D6BFA99044A7E5B9.e.290"},"getTitle",[]]}
COMMAND: POST /session/d8f81470b3cfc07ba78e7ddec22b5762/execute/async - {"script":"<script> [1562 bytes]","args":[{"selector":{"id":"shellAppTitle"},"wdio_ui5_key":"shellAppTitle"}]}
RESULT: {"script":"<script> [1562 bytes]","args":[{"selector":{"id":"shellAppTitle"},"wdio_ui5_key":"shellAppTitle"}]}
COMMAND: POST /session/d8f81470b3cfc07ba78e7ddec22b5762/execute/async - {"script":"<script> [6424 bytes]","args":[{"element-6066-11e4-a52e-4f735466cecf":"f.A8E2447B9DB017212790DA409DB5259F.d.99347E4669FE1975D6BFA99044A7E5B9.e.2086"},"getTitle",[]]}
RESULT: {"script":"<script> [6424 bytes]","args":[{"element-6066-11e4-a52e-4f735466cecf":"f.A8E2447B9DB017212790DA409DB5259F.d.99347E4669FE1975D6BFA99044A7E5B9.e.2086"},"getTitle",[]]}
RESULT: undefined
COMMAND: POST /session/d8f81470b3cfc07ba78e7ddec22b5762/element/f.A8E2447B9DB017212790DA409DB5259F.d.99347E4669FE1975D6BFA99044A7E5B9.e.1870/click - {}
COMMAND: POST /session/d8f81470b3cfc07ba78e7ddec22b5762/element - {"using":"xpath","value":"//*[@id=\"backBtn\"]"}
RESULT: {"using":"xpath","value":"//*[@id=\"backBtn\"]"}
COMMAND: POST /session/d8f81470b3cfc07ba78e7ddec22b5762/element/f.A8E2447B9DB017212790DA409DB5259F.d.99347E4669FE1975D6BFA99044A7E5B9.e.1870/click - {}
COMMAND: POST /session/d8f81470b3cfc07ba78e7ddec22b5762/element - {"using":"xpath","value":"//*[@id=\"backBtn\"]"}
RESULT: {"using":"xpath","value":"//*[@id=\"backBtn\"]"}
COMMAND: POST /session/d8f81470b3cfc07ba78e7ddec22b5762/element/f.A8E2447B9DB017212790DA409DB5259F.d.99347E4669FE1975D6BFA99044A7E5B9.e.2087/click - {}
RESULT: {}
COMMAND: GET /session/d8f81470b3cfc07ba78e7ddec22b5762/screenshot - {}
RESULT: {}
]]></system-out>
    </testcase>
    <testcase classname="chrome.135_0_7049_96.windows.Sanity_Tests_US104253" name="Should open Manage Calendar Exceptions page" time="30.303">
      <system-out><![CDATA[
COMMAND: POST /session/d8f81470b3cfc07ba78e7ddec22b5762/execute/async - {"script":"<script> [1562 bytes]","args":[{"selector":{"controlType":"sap.m.GenericTile","properties":{"header":"Manage Calendar Exceptions"}},"wdio_ui5_key":"sapm.GenericTile{\"header\":\"Manage Calendar Exceptions\"}"}]}
RESULT: {"script":"<script> [1562 bytes]","args":[{"selector":{"controlType":"sap.m.GenericTile","properties":{"header":"Manage Calendar Exceptions"}},"wdio_ui5_key":"sapm.GenericTile{\"header\":\"Manage Calendar Exceptions\"}"}]}
RESULT: undefined
COMMAND: POST /session/d8f81470b3cfc07ba78e7ddec22b5762/element - {"using":"xpath","value":"//*[@id=\"__tile52\"]"}
RESULT: {"using":"xpath","value":"//*[@id=\"__tile52\"]"}
COMMAND: POST /session/d8f81470b3cfc07ba78e7ddec22b5762/element/f.A8E2447B9DB017212790DA409DB5259F.d.99347E4669FE1975D6BFA99044A7E5B9.e.2089/click - {}
RESULT: {}
COMMAND: GET /session/d8f81470b3cfc07ba78e7ddec22b5762/screenshot - {}
RESULT: {}
RESULT: undefined
COMMAND: POST /session/d8f81470b3cfc07ba78e7ddec22b5762/element - {"using":"xpath","value":"//*[@id=\"__tile52\"]"}
RESULT: {"using":"xpath","value":"//*[@id=\"__tile52\"]"}
COMMAND: POST /session/d8f81470b3cfc07ba78e7ddec22b5762/element/f.A8E2447B9DB017212790DA409DB5259F.d.99347E4669FE1975D6BFA99044A7E5B9.e.2089/click - {}
RESULT: undefined
COMMAND: POST /session/d8f81470b3cfc07ba78e7ddec22b5762/element - {"using":"xpath","value":"//*[@id=\"__tile52\"]"}
RESULT: {"using":"xpath","value":"//*[@id=\"__tile52\"]"}
COMMAND: POST /session/d8f81470b3cfc07ba78e7ddec22b5762/element/f.A8E2447B9DB017212790DA409DB5259F.d.99347E4669FE1975D6BFA99044A7E5B9.e.2089/click - {}
RESULT: undefined
COMMAND: POST /session/d8f81470b3cfc07ba78e7ddec22b5762/execute/async - {"script":"<script> [6424 bytes]","args":[{"element-6066-11e4-a52e-4f735466cecf":"f.A8E2447B9DB017212790DA409DB5259F.d.99347E4669FE1975D6BFA99044A7E5B9.e.290"},"getTitle",[]]}
COMMAND: POST /session/d8f81470b3cfc07ba78e7ddec22b5762/execute/async - {"script":"<script> [1562 bytes]","args":[{"selector":{"id":"shellAppTitle"},"wdio_ui5_key":"shellAppTitle"}]}
RESULT: {"script":"<script> [1562 bytes]","args":[{"selector":{"id":"shellAppTitle"},"wdio_ui5_key":"shellAppTitle"}]}
COMMAND: POST /session/d8f81470b3cfc07ba78e7ddec22b5762/execute/async - {"script":"<script> [6424 bytes]","args":[{"element-6066-11e4-a52e-4f735466cecf":"f.A8E2447B9DB017212790DA409DB5259F.d.99347E4669FE1975D6BFA99044A7E5B9.e.2143"},"getTitle",[]]}
RESULT: {"script":"<script> [6424 bytes]","args":[{"element-6066-11e4-a52e-4f735466cecf":"f.A8E2447B9DB017212790DA409DB5259F.d.99347E4669FE1975D6BFA99044A7E5B9.e.2143"},"getTitle",[]]}
RESULT: undefined
COMMAND: POST /session/d8f81470b3cfc07ba78e7ddec22b5762/element/f.A8E2447B9DB017212790DA409DB5259F.d.99347E4669FE1975D6BFA99044A7E5B9.e.2087/click - {}
RESULT: {}
COMMAND: GET /session/d8f81470b3cfc07ba78e7ddec22b5762/screenshot - {}
RESULT: {}
]]></system-out>
    </testcase>
    <testcase classname="chrome.135_0_7049_96.windows.Sanity_Tests_US104253" name="Should open Manage States Performance page" time="36.288">
      <system-out><![CDATA[
COMMAND: POST /session/d8f81470b3cfc07ba78e7ddec22b5762/execute/async - {"script":"<script> [1562 bytes]","args":[{"selector":{"controlType":"sap.m.GenericTile","properties":{"header":"Manage States & Performance"}},"wdio_ui5_key":"sapm.GenericTile{\"header\":\"Manage States & Performance\"}"}]}
RESULT: {"script":"<script> [1562 bytes]","args":[{"selector":{"controlType":"sap.m.GenericTile","properties":{"header":"Manage States & Performance"}},"wdio_ui5_key":"sapm.GenericTile{\"header\":\"Manage States & Performance\"}"}]}
RESULT: undefined
COMMAND: POST /session/d8f81470b3cfc07ba78e7ddec22b5762/element - {"using":"xpath","value":"//*[@id=\"__tile56\"]"}
RESULT: {"using":"xpath","value":"//*[@id=\"__tile56\"]"}
COMMAND: POST /session/d8f81470b3cfc07ba78e7ddec22b5762/element/f.A8E2447B9DB017212790DA409DB5259F.d.99347E4669FE1975D6BFA99044A7E5B9.e.2147/click - {}
RESULT: {}
COMMAND: GET /session/d8f81470b3cfc07ba78e7ddec22b5762/screenshot - {}
RESULT: {}
RESULT: undefined
COMMAND: POST /session/d8f81470b3cfc07ba78e7ddec22b5762/element - {"using":"xpath","value":"//*[@id=\"__tile56\"]"}
RESULT: {"using":"xpath","value":"//*[@id=\"__tile56\"]"}
COMMAND: POST /session/d8f81470b3cfc07ba78e7ddec22b5762/element/f.A8E2447B9DB017212790DA409DB5259F.d.99347E4669FE1975D6BFA99044A7E5B9.e.2147/click - {}
RESULT: undefined
COMMAND: POST /session/d8f81470b3cfc07ba78e7ddec22b5762/element - {"using":"xpath","value":"//*[@id=\"__tile56\"]"}
RESULT: {"using":"xpath","value":"//*[@id=\"__tile56\"]"}
COMMAND: POST /session/d8f81470b3cfc07ba78e7ddec22b5762/element/f.A8E2447B9DB017212790DA409DB5259F.d.99347E4669FE1975D6BFA99044A7E5B9.e.2147/click - {}
RESULT: undefined
COMMAND: POST /session/d8f81470b3cfc07ba78e7ddec22b5762/execute/async - {"script":"<script> [6424 bytes]","args":[{"element-6066-11e4-a52e-4f735466cecf":"f.A8E2447B9DB017212790DA409DB5259F.d.99347E4669FE1975D6BFA99044A7E5B9.e.290"},"getTitle",[]]}
COMMAND: POST /session/d8f81470b3cfc07ba78e7ddec22b5762/execute/async - {"script":"<script> [1562 bytes]","args":[{"selector":{"id":"shellAppTitle"},"wdio_ui5_key":"shellAppTitle"}]}
RESULT: {"script":"<script> [1562 bytes]","args":[{"selector":{"id":"shellAppTitle"},"wdio_ui5_key":"shellAppTitle"}]}
COMMAND: POST /session/d8f81470b3cfc07ba78e7ddec22b5762/execute/async - {"script":"<script> [6424 bytes]","args":[{"element-6066-11e4-a52e-4f735466cecf":"f.A8E2447B9DB017212790DA409DB5259F.d.99347E4669FE1975D6BFA99044A7E5B9.e.2240"},"getTitle",[]]}
RESULT: {"script":"<script> [6424 bytes]","args":[{"element-6066-11e4-a52e-4f735466cecf":"f.A8E2447B9DB017212790DA409DB5259F.d.99347E4669FE1975D6BFA99044A7E5B9.e.2240"},"getTitle",[]]}
RESULT: undefined
COMMAND: POST /session/d8f81470b3cfc07ba78e7ddec22b5762/element/f.A8E2447B9DB017212790DA409DB5259F.d.99347E4669FE1975D6BFA99044A7E5B9.e.2087/click - {}
COMMAND: POST /session/d8f81470b3cfc07ba78e7ddec22b5762/element - {"using":"xpath","value":"//*[@id=\"backBtn\"]"}
RESULT: {"using":"xpath","value":"//*[@id=\"backBtn\"]"}
COMMAND: POST /session/d8f81470b3cfc07ba78e7ddec22b5762/element/f.A8E2447B9DB017212790DA409DB5259F.d.99347E4669FE1975D6BFA99044A7E5B9.e.2087/click - {}
COMMAND: POST /session/d8f81470b3cfc07ba78e7ddec22b5762/element - {"using":"xpath","value":"//*[@id=\"backBtn\"]"}
RESULT: {"using":"xpath","value":"//*[@id=\"backBtn\"]"}
COMMAND: POST /session/d8f81470b3cfc07ba78e7ddec22b5762/element/f.A8E2447B9DB017212790DA409DB5259F.d.99347E4669FE1975D6BFA99044A7E5B9.e.2241/click - {}
RESULT: {}
COMMAND: GET /session/d8f81470b3cfc07ba78e7ddec22b5762/screenshot - {}
RESULT: {}
]]></system-out>
    </testcase>
    <testcase classname="chrome.135_0_7049_96.windows.Sanity_Tests_US104253" name="Should open Manage Billings page" time="39.053">
      <system-out><![CDATA[
COMMAND: POST /session/d8f81470b3cfc07ba78e7ddec22b5762/execute/async - {"script":"<script> [1562 bytes]","args":[{"selector":{"controlType":"sap.m.GenericTile","properties":{"header":"Manage Billings"}},"wdio_ui5_key":"sapm.GenericTile{\"header\":\"Manage Billings\"}"}]}
RESULT: {"script":"<script> [1562 bytes]","args":[{"selector":{"controlType":"sap.m.GenericTile","properties":{"header":"Manage Billings"}},"wdio_ui5_key":"sapm.GenericTile{\"header\":\"Manage Billings\"}"}]}
RESULT: undefined
COMMAND: POST /session/d8f81470b3cfc07ba78e7ddec22b5762/element - {"using":"xpath","value":"//*[@id=\"__tile51\"]"}
RESULT: {"using":"xpath","value":"//*[@id=\"__tile51\"]"}
COMMAND: POST /session/d8f81470b3cfc07ba78e7ddec22b5762/element/f.A8E2447B9DB017212790DA409DB5259F.d.99347E4669FE1975D6BFA99044A7E5B9.e.2243/click - {}
RESULT: {}
COMMAND: GET /session/d8f81470b3cfc07ba78e7ddec22b5762/screenshot - {}
RESULT: {}
RESULT: undefined
COMMAND: POST /session/d8f81470b3cfc07ba78e7ddec22b5762/element - {"using":"xpath","value":"//*[@id=\"__tile51\"]"}
RESULT: {"using":"xpath","value":"//*[@id=\"__tile51\"]"}
COMMAND: POST /session/d8f81470b3cfc07ba78e7ddec22b5762/element/f.A8E2447B9DB017212790DA409DB5259F.d.99347E4669FE1975D6BFA99044A7E5B9.e.2243/click - {}
RESULT: undefined
COMMAND: POST /session/d8f81470b3cfc07ba78e7ddec22b5762/element - {"using":"xpath","value":"//*[@id=\"__tile51\"]"}
RESULT: {"using":"xpath","value":"//*[@id=\"__tile51\"]"}
COMMAND: POST /session/d8f81470b3cfc07ba78e7ddec22b5762/element/f.A8E2447B9DB017212790DA409DB5259F.d.99347E4669FE1975D6BFA99044A7E5B9.e.2243/click - {}
RESULT: undefined
COMMAND: POST /session/d8f81470b3cfc07ba78e7ddec22b5762/execute/async - {"script":"<script> [6424 bytes]","args":[{"element-6066-11e4-a52e-4f735466cecf":"f.A8E2447B9DB017212790DA409DB5259F.d.99347E4669FE1975D6BFA99044A7E5B9.e.290"},"getTitle",[]]}
COMMAND: POST /session/d8f81470b3cfc07ba78e7ddec22b5762/execute/async - {"script":"<script> [1562 bytes]","args":[{"selector":{"id":"shellAppTitle"},"wdio_ui5_key":"shellAppTitle"}]}
RESULT: {"script":"<script> [1562 bytes]","args":[{"selector":{"id":"shellAppTitle"},"wdio_ui5_key":"shellAppTitle"}]}
COMMAND: POST /session/d8f81470b3cfc07ba78e7ddec22b5762/execute/async - {"script":"<script> [6424 bytes]","args":[{"element-6066-11e4-a52e-4f735466cecf":"f.A8E2447B9DB017212790DA409DB5259F.d.99347E4669FE1975D6BFA99044A7E5B9.e.2488"},"getTitle",[]]}
RESULT: {"script":"<script> [6424 bytes]","args":[{"element-6066-11e4-a52e-4f735466cecf":"f.A8E2447B9DB017212790DA409DB5259F.d.99347E4669FE1975D6BFA99044A7E5B9.e.2488"},"getTitle",[]]}
RESULT: undefined
COMMAND: POST /session/d8f81470b3cfc07ba78e7ddec22b5762/element/f.A8E2447B9DB017212790DA409DB5259F.d.99347E4669FE1975D6BFA99044A7E5B9.e.2241/click - {}
COMMAND: POST /session/d8f81470b3cfc07ba78e7ddec22b5762/element/f.A8E2447B9DB017212790DA409DB5259F.d.99347E4669FE1975D6BFA99044A7E5B9.e.2241/click - {}
RESULT: {}
COMMAND: GET /session/d8f81470b3cfc07ba78e7ddec22b5762/screenshot - {}
COMMAND: POST /session/d8f81470b3cfc07ba78e7ddec22b5762/element - {"using":"xpath","value":"//*[@id=\"backBtn\"]"}
RESULT: {}
RESULT: {"using":"xpath","value":"//*[@id=\"backBtn\"]"}
COMMAND: POST /session/d8f81470b3cfc07ba78e7ddec22b5762/elements - {"using":"xpath","value":"//*[@id=\"backBtn\"]"}
RESULT: {"using":"xpath","value":"//*[@id=\"backBtn\"]"}
COMMAND: POST /session/d8f81470b3cfc07ba78e7ddec22b5762/elements - {"using":"xpath","value":"//*[@id=\"backBtn\"]"}
RESULT: {"using":"xpath","value":"//*[@id=\"backBtn\"]"}
COMMAND: POST /session/d8f81470b3cfc07ba78e7ddec22b5762/elements - {"using":"xpath","value":"//*[@id=\"backBtn\"]"}
RESULT: {"using":"xpath","value":"//*[@id=\"backBtn\"]"}
COMMAND: POST /session/d8f81470b3cfc07ba78e7ddec22b5762/elements - {"using":"xpath","value":"//*[@id=\"backBtn\"]"}
RESULT: {"using":"xpath","value":"//*[@id=\"backBtn\"]"}
COMMAND: POST /session/d8f81470b3cfc07ba78e7ddec22b5762/elements - {"using":"xpath","value":"//*[@id=\"backBtn\"]"}
RESULT: {"using":"xpath","value":"//*[@id=\"backBtn\"]"}
COMMAND: POST /session/d8f81470b3cfc07ba78e7ddec22b5762/elements - {"using":"xpath","value":"//*[@id=\"backBtn\"]"}
RESULT: {"using":"xpath","value":"//*[@id=\"backBtn\"]"}
COMMAND: POST /session/d8f81470b3cfc07ba78e7ddec22b5762/elements - {"using":"xpath","value":"//*[@id=\"backBtn\"]"}
RESULT: {"using":"xpath","value":"//*[@id=\"backBtn\"]"}
COMMAND: POST /session/d8f81470b3cfc07ba78e7ddec22b5762/elements - {"using":"xpath","value":"//*[@id=\"backBtn\"]"}
RESULT: {"using":"xpath","value":"//*[@id=\"backBtn\"]"}
COMMAND: POST /session/d8f81470b3cfc07ba78e7ddec22b5762/elements - {"using":"xpath","value":"//*[@id=\"backBtn\"]"}
RESULT: {"using":"xpath","value":"//*[@id=\"backBtn\"]"}
COMMAND: POST /session/d8f81470b3cfc07ba78e7ddec22b5762/elements - {"using":"xpath","value":"//*[@id=\"backBtn\"]"}
RESULT: {"using":"xpath","value":"//*[@id=\"backBtn\"]"}
COMMAND: POST /session/d8f81470b3cfc07ba78e7ddec22b5762/elements - {"using":"xpath","value":"//*[@id=\"backBtn\"]"}
RESULT: {"using":"xpath","value":"//*[@id=\"backBtn\"]"}
COMMAND: POST /session/d8f81470b3cfc07ba78e7ddec22b5762/elements - {"using":"xpath","value":"//*[@id=\"backBtn\"]"}
RESULT: {"using":"xpath","value":"//*[@id=\"backBtn\"]"}
COMMAND: POST /session/d8f81470b3cfc07ba78e7ddec22b5762/elements - {"using":"xpath","value":"//*[@id=\"backBtn\"]"}
RESULT: {"using":"xpath","value":"//*[@id=\"backBtn\"]"}
COMMAND: POST /session/d8f81470b3cfc07ba78e7ddec22b5762/elements - {"using":"xpath","value":"//*[@id=\"backBtn\"]"}
RESULT: {"using":"xpath","value":"//*[@id=\"backBtn\"]"}
COMMAND: POST /session/d8f81470b3cfc07ba78e7ddec22b5762/elements - {"using":"xpath","value":"//*[@id=\"backBtn\"]"}
RESULT: {"using":"xpath","value":"//*[@id=\"backBtn\"]"}
COMMAND: POST /session/d8f81470b3cfc07ba78e7ddec22b5762/elements - {"using":"xpath","value":"//*[@id=\"backBtn\"]"}
RESULT: {"using":"xpath","value":"//*[@id=\"backBtn\"]"}
]]></system-out>
    </testcase>
    <testcase classname="chrome.135_0_7049_96.windows.Sanity_Tests_US104253" name="Should open Manage Conditions Prices page" time="57.458">
      <system-out><![CDATA[
COMMAND: POST /session/d8f81470b3cfc07ba78e7ddec22b5762/execute/async - {"script":"<script> [1562 bytes]","args":[{"selector":{"controlType":"sap.m.GenericTile","properties":{"header":"Manage Conditions & Prices"}},"wdio_ui5_key":"sapm.GenericTile{\"header\":\"Manage Conditions & Prices\"}"}]}
COMMAND: POST /session/d8f81470b3cfc07ba78e7ddec22b5762/elements - {"using":"xpath","value":"//*[@id=\"backBtn\"]"}
RESULT: {"script":"<script> [1562 bytes]","args":[{"selector":{"controlType":"sap.m.GenericTile","properties":{"header":"Manage Conditions & Prices"}},"wdio_ui5_key":"sapm.GenericTile{\"header\":\"Manage Conditions & Prices\"}"}]}
RESULT: undefined
COMMAND: POST /session/d8f81470b3cfc07ba78e7ddec22b5762/element - {"using":"xpath","value":"//*[@id=\"__tile53\"]"}
RESULT: {"using":"xpath","value":"//*[@id=\"backBtn\"]"}
RESULT: {"using":"xpath","value":"//*[@id=\"__tile53\"]"}
COMMAND: POST /session/d8f81470b3cfc07ba78e7ddec22b5762/element/f.A8E2447B9DB017212790DA409DB5259F.d.99347E4669FE1975D6BFA99044A7E5B9.e.2490/click - {}
COMMAND: POST /session/d8f81470b3cfc07ba78e7ddec22b5762/elements - {"using":"xpath","value":"//*[@id=\"backBtn\"]"}
RESULT: {}
COMMAND: GET /session/d8f81470b3cfc07ba78e7ddec22b5762/screenshot - {}
RESULT: {"using":"xpath","value":"//*[@id=\"backBtn\"]"}
RESULT: {}
COMMAND: POST /session/d8f81470b3cfc07ba78e7ddec22b5762/elements - {"using":"xpath","value":"//*[@id=\"backBtn\"]"}
RESULT: {"using":"xpath","value":"//*[@id=\"backBtn\"]"}
COMMAND: POST /session/d8f81470b3cfc07ba78e7ddec22b5762/elements - {"using":"xpath","value":"//*[@id=\"backBtn\"]"}
RESULT: {"using":"xpath","value":"//*[@id=\"backBtn\"]"}
COMMAND: POST /session/d8f81470b3cfc07ba78e7ddec22b5762/elements - {"using":"xpath","value":"//*[@id=\"backBtn\"]"}
RESULT: undefined
COMMAND: POST /session/d8f81470b3cfc07ba78e7ddec22b5762/element - {"using":"xpath","value":"//*[@id=\"__tile53\"]"}
RESULT: {"using":"xpath","value":"//*[@id=\"backBtn\"]"}
COMMAND: POST /session/d8f81470b3cfc07ba78e7ddec22b5762/element - {"using":"xpath","value":"//*[@id=\"backBtn\"]"}
RESULT: {"using":"xpath","value":"//*[@id=\"__tile53\"]"}
COMMAND: POST /session/d8f81470b3cfc07ba78e7ddec22b5762/element/f.A8E2447B9DB017212790DA409DB5259F.d.99347E4669FE1975D6BFA99044A7E5B9.e.2490/click - {}
RESULT: {"using":"xpath","value":"//*[@id=\"backBtn\"]"}
COMMAND: POST /session/d8f81470b3cfc07ba78e7ddec22b5762/element/f.A8E2447B9DB017212790DA409DB5259F.d.99347E4669FE1975D6BFA99044A7E5B9.e.2241/click - {}
COMMAND: POST /session/d8f81470b3cfc07ba78e7ddec22b5762/element - {"using":"xpath","value":"//*[@id=\"backBtn\"]"}
RESULT: {"using":"xpath","value":"//*[@id=\"backBtn\"]"}
COMMAND: POST /session/d8f81470b3cfc07ba78e7ddec22b5762/element/f.A8E2447B9DB017212790DA409DB5259F.d.99347E4669FE1975D6BFA99044A7E5B9.e.2521/click - {}
RESULT: {}
COMMAND: GET /session/d8f81470b3cfc07ba78e7ddec22b5762/screenshot - {}
RESULT: {}
RESULT: undefined
COMMAND: POST /session/d8f81470b3cfc07ba78e7ddec22b5762/element - {"using":"xpath","value":"//*[@id=\"__tile53\"]"}
COMMAND: GET /session/d8f81470b3cfc07ba78e7ddec22b5762/screenshot - {}
RESULT: {}
RESULT: {"using":"xpath","value":"//*[@id=\"__tile53\"]"}
COMMAND: POST /session/d8f81470b3cfc07ba78e7ddec22b5762/element/f.A8E2447B9DB017212790DA409DB5259F.d.99347E4669FE1975D6BFA99044A7E5B9.e.2490/click - {}
RESULT: {}
RESULT: undefined
COMMAND: POST /session/d8f81470b3cfc07ba78e7ddec22b5762/execute/async - {"script":"<script> [6424 bytes]","args":[{"element-6066-11e4-a52e-4f735466cecf":"f.A8E2447B9DB017212790DA409DB5259F.d.99347E4669FE1975D6BFA99044A7E5B9.e.290"},"getTitle",[]]}
COMMAND: POST /session/d8f81470b3cfc07ba78e7ddec22b5762/execute/async - {"script":"<script> [1562 bytes]","args":[{"selector":{"id":"shellAppTitle"},"wdio_ui5_key":"shellAppTitle"}]}
RESULT: {"script":"<script> [1562 bytes]","args":[{"selector":{"id":"shellAppTitle"},"wdio_ui5_key":"shellAppTitle"}]}
COMMAND: POST /session/d8f81470b3cfc07ba78e7ddec22b5762/execute/async - {"script":"<script> [6424 bytes]","args":[{"element-6066-11e4-a52e-4f735466cecf":"f.A8E2447B9DB017212790DA409DB5259F.d.99347E4669FE1975D6BFA99044A7E5B9.e.2826"},"getTitle",[]]}
RESULT: {"script":"<script> [6424 bytes]","args":[{"element-6066-11e4-a52e-4f735466cecf":"f.A8E2447B9DB017212790DA409DB5259F.d.99347E4669FE1975D6BFA99044A7E5B9.e.2826"},"getTitle",[]]}
RESULT: undefined
COMMAND: POST /session/d8f81470b3cfc07ba78e7ddec22b5762/element/f.A8E2447B9DB017212790DA409DB5259F.d.99347E4669FE1975D6BFA99044A7E5B9.e.2521/click - {}
RESULT: {}
COMMAND: GET /session/d8f81470b3cfc07ba78e7ddec22b5762/screenshot - {}
RESULT: {}
]]></system-out>
    </testcase>
    <testcase classname="chrome.135_0_7049_96.windows.Sanity_Tests_US104253" name="Should open Billing Transfer page" time="35.793">
      <system-out><![CDATA[
COMMAND: POST /session/d8f81470b3cfc07ba78e7ddec22b5762/execute/async - {"script":"<script> [1562 bytes]","args":[{"selector":{"controlType":"sap.m.GenericTile","properties":{"header":"Billing Transfer"}},"wdio_ui5_key":"sapm.GenericTile{\"header\":\"Billing Transfer\"}"}]}
RESULT: {"script":"<script> [1562 bytes]","args":[{"selector":{"controlType":"sap.m.GenericTile","properties":{"header":"Billing Transfer"}},"wdio_ui5_key":"sapm.GenericTile{\"header\":\"Billing Transfer\"}"}]}
RESULT: undefined
COMMAND: POST /session/d8f81470b3cfc07ba78e7ddec22b5762/element - {"using":"xpath","value":"//*[@id=\"__tile50\"]"}
RESULT: {"using":"xpath","value":"//*[@id=\"__tile50\"]"}
COMMAND: POST /session/d8f81470b3cfc07ba78e7ddec22b5762/element/f.A8E2447B9DB017212790DA409DB5259F.d.99347E4669FE1975D6BFA99044A7E5B9.e.2828/click - {}
RESULT: {}
COMMAND: GET /session/d8f81470b3cfc07ba78e7ddec22b5762/screenshot - {}
RESULT: {}
RESULT: undefined
COMMAND: POST /session/d8f81470b3cfc07ba78e7ddec22b5762/element - {"using":"xpath","value":"//*[@id=\"__tile50\"]"}
RESULT: {"using":"xpath","value":"//*[@id=\"__tile50\"]"}
COMMAND: POST /session/d8f81470b3cfc07ba78e7ddec22b5762/element/f.A8E2447B9DB017212790DA409DB5259F.d.99347E4669FE1975D6BFA99044A7E5B9.e.2828/click - {}
RESULT: undefined
COMMAND: POST /session/d8f81470b3cfc07ba78e7ddec22b5762/element - {"using":"xpath","value":"//*[@id=\"__tile50\"]"}
RESULT: {"using":"xpath","value":"//*[@id=\"__tile50\"]"}
COMMAND: POST /session/d8f81470b3cfc07ba78e7ddec22b5762/element/f.A8E2447B9DB017212790DA409DB5259F.d.99347E4669FE1975D6BFA99044A7E5B9.e.2828/click - {}
RESULT: undefined
COMMAND: POST /session/d8f81470b3cfc07ba78e7ddec22b5762/execute/async - {"script":"<script> [6424 bytes]","args":[{"element-6066-11e4-a52e-4f735466cecf":"f.A8E2447B9DB017212790DA409DB5259F.d.99347E4669FE1975D6BFA99044A7E5B9.e.290"},"getTitle",[]]}
COMMAND: POST /session/d8f81470b3cfc07ba78e7ddec22b5762/execute/async - {"script":"<script> [1562 bytes]","args":[{"selector":{"id":"shellAppTitle"},"wdio_ui5_key":"shellAppTitle"}]}
RESULT: {"script":"<script> [1562 bytes]","args":[{"selector":{"id":"shellAppTitle"},"wdio_ui5_key":"shellAppTitle"}]}
COMMAND: POST /session/d8f81470b3cfc07ba78e7ddec22b5762/execute/async - {"script":"<script> [6424 bytes]","args":[{"element-6066-11e4-a52e-4f735466cecf":"f.A8E2447B9DB017212790DA409DB5259F.d.99347E4669FE1975D6BFA99044A7E5B9.e.3030"},"getTitle",[]]}
RESULT: {"script":"<script> [6424 bytes]","args":[{"element-6066-11e4-a52e-4f735466cecf":"f.A8E2447B9DB017212790DA409DB5259F.d.99347E4669FE1975D6BFA99044A7E5B9.e.3030"},"getTitle",[]]}
RESULT: undefined
COMMAND: POST /session/d8f81470b3cfc07ba78e7ddec22b5762/element/f.A8E2447B9DB017212790DA409DB5259F.d.99347E4669FE1975D6BFA99044A7E5B9.e.2521/click - {}
COMMAND: POST /session/d8f81470b3cfc07ba78e7ddec22b5762/element - {"using":"xpath","value":"//*[@id=\"backBtn\"]"}
RESULT: {"using":"xpath","value":"//*[@id=\"backBtn\"]"}
COMMAND: POST /session/d8f81470b3cfc07ba78e7ddec22b5762/element/f.A8E2447B9DB017212790DA409DB5259F.d.99347E4669FE1975D6BFA99044A7E5B9.e.2521/click - {}
COMMAND: POST /session/d8f81470b3cfc07ba78e7ddec22b5762/element - {"using":"xpath","value":"//*[@id=\"backBtn\"]"}
RESULT: {"using":"xpath","value":"//*[@id=\"backBtn\"]"}
COMMAND: POST /session/d8f81470b3cfc07ba78e7ddec22b5762/element/f.A8E2447B9DB017212790DA409DB5259F.d.99347E4669FE1975D6BFA99044A7E5B9.e.3031/click - {}
RESULT: {}
COMMAND: GET /session/d8f81470b3cfc07ba78e7ddec22b5762/screenshot - {}
RESULT: {}
]]></system-out>
    </testcase>
    <testcase classname="chrome.135_0_7049_96.windows.Sanity_Tests_US104253" name="Should open Manage Pricing Rules page" time="35.981">
      <system-out><![CDATA[
COMMAND: POST /session/d8f81470b3cfc07ba78e7ddec22b5762/execute/async - {"script":"<script> [1562 bytes]","args":[{"selector":{"controlType":"sap.m.GenericTile","properties":{"header":"Manage Pricing Rules"}},"wdio_ui5_key":"sapm.GenericTile{\"header\":\"Manage Pricing Rules\"}"}]}
RESULT: {"script":"<script> [1562 bytes]","args":[{"selector":{"controlType":"sap.m.GenericTile","properties":{"header":"Manage Pricing Rules"}},"wdio_ui5_key":"sapm.GenericTile{\"header\":\"Manage Pricing Rules\"}"}]}
RESULT: undefined
COMMAND: POST /session/d8f81470b3cfc07ba78e7ddec22b5762/element - {"using":"xpath","value":"//*[@id=\"__tile55\"]"}
RESULT: {"using":"xpath","value":"//*[@id=\"__tile55\"]"}
COMMAND: POST /session/d8f81470b3cfc07ba78e7ddec22b5762/element/f.A8E2447B9DB017212790DA409DB5259F.d.99347E4669FE1975D6BFA99044A7E5B9.e.3033/click - {}
RESULT: {}
COMMAND: GET /session/d8f81470b3cfc07ba78e7ddec22b5762/screenshot - {}
RESULT: {}
RESULT: undefined
COMMAND: POST /session/d8f81470b3cfc07ba78e7ddec22b5762/element - {"using":"xpath","value":"//*[@id=\"__tile55\"]"}
RESULT: {"using":"xpath","value":"//*[@id=\"__tile55\"]"}
COMMAND: POST /session/d8f81470b3cfc07ba78e7ddec22b5762/element/f.A8E2447B9DB017212790DA409DB5259F.d.99347E4669FE1975D6BFA99044A7E5B9.e.3033/click - {}
RESULT: undefined
COMMAND: POST /session/d8f81470b3cfc07ba78e7ddec22b5762/element - {"using":"xpath","value":"//*[@id=\"__tile55\"]"}
RESULT: {"using":"xpath","value":"//*[@id=\"__tile55\"]"}
COMMAND: POST /session/d8f81470b3cfc07ba78e7ddec22b5762/element/f.A8E2447B9DB017212790DA409DB5259F.d.99347E4669FE1975D6BFA99044A7E5B9.e.3033/click - {}
RESULT: undefined
COMMAND: POST /session/d8f81470b3cfc07ba78e7ddec22b5762/execute/async - {"script":"<script> [6424 bytes]","args":[{"element-6066-11e4-a52e-4f735466cecf":"f.A8E2447B9DB017212790DA409DB5259F.d.99347E4669FE1975D6BFA99044A7E5B9.e.290"},"getTitle",[]]}
COMMAND: POST /session/d8f81470b3cfc07ba78e7ddec22b5762/execute/async - {"script":"<script> [1562 bytes]","args":[{"selector":{"id":"shellAppTitle"},"wdio_ui5_key":"shellAppTitle"}]}
RESULT: {"script":"<script> [1562 bytes]","args":[{"selector":{"id":"shellAppTitle"},"wdio_ui5_key":"shellAppTitle"}]}
COMMAND: POST /session/d8f81470b3cfc07ba78e7ddec22b5762/execute/async - {"script":"<script> [6424 bytes]","args":[{"element-6066-11e4-a52e-4f735466cecf":"f.A8E2447B9DB017212790DA409DB5259F.d.99347E4669FE1975D6BFA99044A7E5B9.e.3081"},"getTitle",[]]}
RESULT: {"script":"<script> [6424 bytes]","args":[{"element-6066-11e4-a52e-4f735466cecf":"f.A8E2447B9DB017212790DA409DB5259F.d.99347E4669FE1975D6BFA99044A7E5B9.e.3081"},"getTitle",[]]}
RESULT: undefined
COMMAND: POST /session/d8f81470b3cfc07ba78e7ddec22b5762/element/f.A8E2447B9DB017212790DA409DB5259F.d.99347E4669FE1975D6BFA99044A7E5B9.e.3031/click - {}
RESULT: {}
COMMAND: GET /session/d8f81470b3cfc07ba78e7ddec22b5762/screenshot - {}
RESULT: {}
]]></system-out>
    </testcase>
    <testcase classname="chrome.135_0_7049_96.windows.Sanity_Tests_US104253" name="Should open Manage Price Determination Matrices page" time="34.975">
      <system-out><![CDATA[
COMMAND: POST /session/d8f81470b3cfc07ba78e7ddec22b5762/execute/async - {"script":"<script> [1562 bytes]","args":[{"selector":{"controlType":"sap.m.GenericTile","properties":{"header":"Manage Price Determination Matrices"}},"wdio_ui5_key":"sapm.GenericTile{\"header\":\"Manage Price Determination Matrices\"}"}]}
RESULT: {"script":"<script> [1562 bytes]","args":[{"selector":{"controlType":"sap.m.GenericTile","properties":{"header":"Manage Price Determination Matrices"}},"wdio_ui5_key":"sapm.GenericTile{\"header\":\"Manage Price Determination Matrices\"}"}]}
RESULT: undefined
COMMAND: POST /session/d8f81470b3cfc07ba78e7ddec22b5762/element - {"using":"xpath","value":"//*[@id=\"__tile54\"]"}
RESULT: {"using":"xpath","value":"//*[@id=\"__tile54\"]"}
COMMAND: POST /session/d8f81470b3cfc07ba78e7ddec22b5762/element/f.A8E2447B9DB017212790DA409DB5259F.d.99347E4669FE1975D6BFA99044A7E5B9.e.3083/click - {}
RESULT: {}
COMMAND: GET /session/d8f81470b3cfc07ba78e7ddec22b5762/screenshot - {}
RESULT: {}
RESULT: undefined
COMMAND: POST /session/d8f81470b3cfc07ba78e7ddec22b5762/element - {"using":"xpath","value":"//*[@id=\"__tile54\"]"}
RESULT: {"using":"xpath","value":"//*[@id=\"__tile54\"]"}
COMMAND: POST /session/d8f81470b3cfc07ba78e7ddec22b5762/element/f.A8E2447B9DB017212790DA409DB5259F.d.99347E4669FE1975D6BFA99044A7E5B9.e.3083/click - {}
RESULT: undefined
COMMAND: POST /session/d8f81470b3cfc07ba78e7ddec22b5762/element - {"using":"xpath","value":"//*[@id=\"__tile54\"]"}
RESULT: {"using":"xpath","value":"//*[@id=\"__tile54\"]"}
COMMAND: POST /session/d8f81470b3cfc07ba78e7ddec22b5762/element/f.A8E2447B9DB017212790DA409DB5259F.d.99347E4669FE1975D6BFA99044A7E5B9.e.3083/click - {}
RESULT: undefined
COMMAND: POST /session/d8f81470b3cfc07ba78e7ddec22b5762/execute/async - {"script":"<script> [6424 bytes]","args":[{"element-6066-11e4-a52e-4f735466cecf":"f.A8E2447B9DB017212790DA409DB5259F.d.99347E4669FE1975D6BFA99044A7E5B9.e.290"},"getTitle",[]]}
COMMAND: POST /session/d8f81470b3cfc07ba78e7ddec22b5762/execute/async - {"script":"<script> [1562 bytes]","args":[{"selector":{"id":"shellAppTitle"},"wdio_ui5_key":"shellAppTitle"}]}
RESULT: {"script":"<script> [1562 bytes]","args":[{"selector":{"id":"shellAppTitle"},"wdio_ui5_key":"shellAppTitle"}]}
COMMAND: POST /session/d8f81470b3cfc07ba78e7ddec22b5762/execute/async - {"script":"<script> [6424 bytes]","args":[{"element-6066-11e4-a52e-4f735466cecf":"f.A8E2447B9DB017212790DA409DB5259F.d.99347E4669FE1975D6BFA99044A7E5B9.e.3184"},"getTitle",[]]}
RESULT: {"script":"<script> [6424 bytes]","args":[{"element-6066-11e4-a52e-4f735466cecf":"f.A8E2447B9DB017212790DA409DB5259F.d.99347E4669FE1975D6BFA99044A7E5B9.e.3184"},"getTitle",[]]}
RESULT: undefined
COMMAND: POST /session/d8f81470b3cfc07ba78e7ddec22b5762/element/f.A8E2447B9DB017212790DA409DB5259F.d.99347E4669FE1975D6BFA99044A7E5B9.e.3031/click - {}
COMMAND: POST /session/d8f81470b3cfc07ba78e7ddec22b5762/element - {"using":"xpath","value":"//*[@id=\"backBtn\"]"}
RESULT: {"using":"xpath","value":"//*[@id=\"backBtn\"]"}
COMMAND: POST /session/d8f81470b3cfc07ba78e7ddec22b5762/element/f.A8E2447B9DB017212790DA409DB5259F.d.99347E4669FE1975D6BFA99044A7E5B9.e.3031/click - {}
COMMAND: POST /session/d8f81470b3cfc07ba78e7ddec22b5762/element - {"using":"xpath","value":"//*[@id=\"backBtn\"]"}
RESULT: {"using":"xpath","value":"//*[@id=\"backBtn\"]"}
COMMAND: POST /session/d8f81470b3cfc07ba78e7ddec22b5762/element/f.A8E2447B9DB017212790DA409DB5259F.d.99347E4669FE1975D6BFA99044A7E5B9.e.3185/click - {}
RESULT: {}
COMMAND: GET /session/d8f81470b3cfc07ba78e7ddec22b5762/screenshot - {}
RESULT: {}
]]></system-out>
    </testcase>
    <testcase classname="chrome.135_0_7049_96.windows.Sanity_Tests_US104253" name="Should open Yard Overview page" time="34.532">
      <system-out><![CDATA[
COMMAND: POST /session/d8f81470b3cfc07ba78e7ddec22b5762/execute/async - {"script":"<script> [1562 bytes]","args":[{"selector":{"controlType":"sap.m.GenericTile","properties":{"header":"Yard Overview"}},"wdio_ui5_key":"sapm.GenericTile{\"header\":\"Yard Overview\"}"}]}
RESULT: {"script":"<script> [1562 bytes]","args":[{"selector":{"controlType":"sap.m.GenericTile","properties":{"header":"Yard Overview"}},"wdio_ui5_key":"sapm.GenericTile{\"header\":\"Yard Overview\"}"}]}
RESULT: undefined
COMMAND: POST /session/d8f81470b3cfc07ba78e7ddec22b5762/element - {"using":"xpath","value":"//*[@id=\"__tile102\"]"}
RESULT: {"using":"xpath","value":"//*[@id=\"__tile102\"]"}
COMMAND: POST /session/d8f81470b3cfc07ba78e7ddec22b5762/element/f.A8E2447B9DB017212790DA409DB5259F.d.99347E4669FE1975D6BFA99044A7E5B9.e.3187/click - {}
RESULT: {}
COMMAND: GET /session/d8f81470b3cfc07ba78e7ddec22b5762/screenshot - {}
RESULT: {}
RESULT: undefined
COMMAND: POST /session/d8f81470b3cfc07ba78e7ddec22b5762/element - {"using":"xpath","value":"//*[@id=\"__tile102\"]"}
RESULT: {"using":"xpath","value":"//*[@id=\"__tile102\"]"}
COMMAND: POST /session/d8f81470b3cfc07ba78e7ddec22b5762/element/f.A8E2447B9DB017212790DA409DB5259F.d.99347E4669FE1975D6BFA99044A7E5B9.e.3187/click - {}
RESULT: undefined
COMMAND: POST /session/d8f81470b3cfc07ba78e7ddec22b5762/element - {"using":"xpath","value":"//*[@id=\"__tile102\"]"}
RESULT: {"using":"xpath","value":"//*[@id=\"__tile102\"]"}
COMMAND: POST /session/d8f81470b3cfc07ba78e7ddec22b5762/element/f.A8E2447B9DB017212790DA409DB5259F.d.99347E4669FE1975D6BFA99044A7E5B9.e.3187/click - {}
RESULT: undefined
COMMAND: POST /session/d8f81470b3cfc07ba78e7ddec22b5762/execute/async - {"script":"<script> [6424 bytes]","args":[{"element-6066-11e4-a52e-4f735466cecf":"f.A8E2447B9DB017212790DA409DB5259F.d.99347E4669FE1975D6BFA99044A7E5B9.e.290"},"getTitle",[]]}
COMMAND: POST /session/d8f81470b3cfc07ba78e7ddec22b5762/execute/async - {"script":"<script> [1562 bytes]","args":[{"selector":{"id":"shellAppTitle"},"wdio_ui5_key":"shellAppTitle"}]}
RESULT: {"script":"<script> [1562 bytes]","args":[{"selector":{"id":"shellAppTitle"},"wdio_ui5_key":"shellAppTitle"}]}
COMMAND: POST /session/d8f81470b3cfc07ba78e7ddec22b5762/execute/async - {"script":"<script> [6424 bytes]","args":[{"element-6066-11e4-a52e-4f735466cecf":"f.A8E2447B9DB017212790DA409DB5259F.d.99347E4669FE1975D6BFA99044A7E5B9.e.3245"},"getTitle",[]]}
RESULT: {"script":"<script> [6424 bytes]","args":[{"element-6066-11e4-a52e-4f735466cecf":"f.A8E2447B9DB017212790DA409DB5259F.d.99347E4669FE1975D6BFA99044A7E5B9.e.3245"},"getTitle",[]]}
RESULT: undefined
COMMAND: POST /session/d8f81470b3cfc07ba78e7ddec22b5762/element/f.A8E2447B9DB017212790DA409DB5259F.d.99347E4669FE1975D6BFA99044A7E5B9.e.3185/click - {}
RESULT: {}
COMMAND: GET /session/d8f81470b3cfc07ba78e7ddec22b5762/screenshot - {}
RESULT: {}
]]></system-out>
    </testcase>
    <testcase classname="chrome.135_0_7049_96.windows.Sanity_Tests_US104253" name="Should open Site Overview page" time="34.943">
      <system-out><![CDATA[
COMMAND: POST /session/d8f81470b3cfc07ba78e7ddec22b5762/execute/async - {"script":"<script> [1562 bytes]","args":[{"selector":{"controlType":"sap.m.GenericTile","properties":{"header":"Site Overview"}},"wdio_ui5_key":"sapm.GenericTile{\"header\":\"Site Overview\"}"}]}
RESULT: {"script":"<script> [1562 bytes]","args":[{"selector":{"controlType":"sap.m.GenericTile","properties":{"header":"Site Overview"}},"wdio_ui5_key":"sapm.GenericTile{\"header\":\"Site Overview\"}"}]}
RESULT: undefined
COMMAND: POST /session/d8f81470b3cfc07ba78e7ddec22b5762/element - {"using":"xpath","value":"//*[@id=\"__tile100\"]"}
RESULT: {"using":"xpath","value":"//*[@id=\"__tile100\"]"}
COMMAND: POST /session/d8f81470b3cfc07ba78e7ddec22b5762/element/f.A8E2447B9DB017212790DA409DB5259F.d.99347E4669FE1975D6BFA99044A7E5B9.e.3248/click - {}
RESULT: {}
COMMAND: GET /session/d8f81470b3cfc07ba78e7ddec22b5762/screenshot - {}
RESULT: {}
RESULT: undefined
COMMAND: POST /session/d8f81470b3cfc07ba78e7ddec22b5762/element - {"using":"xpath","value":"//*[@id=\"__tile100\"]"}
RESULT: {"using":"xpath","value":"//*[@id=\"__tile100\"]"}
COMMAND: POST /session/d8f81470b3cfc07ba78e7ddec22b5762/element/f.A8E2447B9DB017212790DA409DB5259F.d.99347E4669FE1975D6BFA99044A7E5B9.e.3248/click - {}
RESULT: undefined
COMMAND: POST /session/d8f81470b3cfc07ba78e7ddec22b5762/element - {"using":"xpath","value":"//*[@id=\"__tile100\"]"}
RESULT: {"using":"xpath","value":"//*[@id=\"__tile100\"]"}
COMMAND: POST /session/d8f81470b3cfc07ba78e7ddec22b5762/element/f.A8E2447B9DB017212790DA409DB5259F.d.99347E4669FE1975D6BFA99044A7E5B9.e.3248/click - {}
RESULT: undefined
COMMAND: POST /session/d8f81470b3cfc07ba78e7ddec22b5762/execute/async - {"script":"<script> [6424 bytes]","args":[{"element-6066-11e4-a52e-4f735466cecf":"f.A8E2447B9DB017212790DA409DB5259F.d.99347E4669FE1975D6BFA99044A7E5B9.e.290"},"getTitle",[]]}
COMMAND: POST /session/d8f81470b3cfc07ba78e7ddec22b5762/execute/async - {"script":"<script> [1562 bytes]","args":[{"selector":{"id":"shellAppTitle"},"wdio_ui5_key":"shellAppTitle"}]}
RESULT: {"script":"<script> [1562 bytes]","args":[{"selector":{"id":"shellAppTitle"},"wdio_ui5_key":"shellAppTitle"}]}
COMMAND: POST /session/d8f81470b3cfc07ba78e7ddec22b5762/execute/async - {"script":"<script> [6424 bytes]","args":[{"element-6066-11e4-a52e-4f735466cecf":"f.A8E2447B9DB017212790DA409DB5259F.d.99347E4669FE1975D6BFA99044A7E5B9.e.3361"},"getTitle",[]]}
RESULT: {"script":"<script> [6424 bytes]","args":[{"element-6066-11e4-a52e-4f735466cecf":"f.A8E2447B9DB017212790DA409DB5259F.d.99347E4669FE1975D6BFA99044A7E5B9.e.3361"},"getTitle",[]]}
RESULT: undefined
COMMAND: POST /session/d8f81470b3cfc07ba78e7ddec22b5762/element/f.A8E2447B9DB017212790DA409DB5259F.d.99347E4669FE1975D6BFA99044A7E5B9.e.3185/click - {}
COMMAND: POST /session/d8f81470b3cfc07ba78e7ddec22b5762/element - {"using":"xpath","value":"//*[@id=\"backBtn\"]"}
RESULT: {"using":"xpath","value":"//*[@id=\"backBtn\"]"}
COMMAND: POST /session/d8f81470b3cfc07ba78e7ddec22b5762/element/f.A8E2447B9DB017212790DA409DB5259F.d.99347E4669FE1975D6BFA99044A7E5B9.e.3185/click - {}
COMMAND: POST /session/d8f81470b3cfc07ba78e7ddec22b5762/element - {"using":"xpath","value":"//*[@id=\"backBtn\"]"}
RESULT: {"using":"xpath","value":"//*[@id=\"backBtn\"]"}
COMMAND: POST /session/d8f81470b3cfc07ba78e7ddec22b5762/element/f.A8E2447B9DB017212790DA409DB5259F.d.99347E4669FE1975D6BFA99044A7E5B9.e.3362/click - {}
RESULT: {}
COMMAND: GET /session/d8f81470b3cfc07ba78e7ddec22b5762/screenshot - {}
RESULT: {}
]]></system-out>
    </testcase>
    <testcase classname="chrome.135_0_7049_96.windows.Sanity_Tests_US104253" name="Should open Trace Track Resources page" time="36.238">
      <system-out><![CDATA[
COMMAND: POST /session/d8f81470b3cfc07ba78e7ddec22b5762/execute/async - {"script":"<script> [1562 bytes]","args":[{"selector":{"controlType":"sap.m.GenericTile","properties":{"header":"Trace & Track Resources"}},"wdio_ui5_key":"sapm.GenericTile{\"header\":\"Trace & Track Resources\"}"}]}
RESULT: {"script":"<script> [1562 bytes]","args":[{"selector":{"controlType":"sap.m.GenericTile","properties":{"header":"Trace & Track Resources"}},"wdio_ui5_key":"sapm.GenericTile{\"header\":\"Trace & Track Resources\"}"}]}
RESULT: undefined
COMMAND: POST /session/d8f81470b3cfc07ba78e7ddec22b5762/element - {"using":"xpath","value":"//*[@id=\"__tile101\"]"}
RESULT: {"using":"xpath","value":"//*[@id=\"__tile101\"]"}
COMMAND: POST /session/d8f81470b3cfc07ba78e7ddec22b5762/element/f.A8E2447B9DB017212790DA409DB5259F.d.99347E4669FE1975D6BFA99044A7E5B9.e.3365/click - {}
RESULT: {}
COMMAND: GET /session/d8f81470b3cfc07ba78e7ddec22b5762/screenshot - {}
RESULT: {}
RESULT: undefined
COMMAND: POST /session/d8f81470b3cfc07ba78e7ddec22b5762/element - {"using":"xpath","value":"//*[@id=\"__tile101\"]"}
RESULT: {"using":"xpath","value":"//*[@id=\"__tile101\"]"}
COMMAND: POST /session/d8f81470b3cfc07ba78e7ddec22b5762/element/f.A8E2447B9DB017212790DA409DB5259F.d.99347E4669FE1975D6BFA99044A7E5B9.e.3365/click - {}
RESULT: undefined
COMMAND: POST /session/d8f81470b3cfc07ba78e7ddec22b5762/element - {"using":"xpath","value":"//*[@id=\"__tile101\"]"}
RESULT: {"using":"xpath","value":"//*[@id=\"__tile101\"]"}
COMMAND: POST /session/d8f81470b3cfc07ba78e7ddec22b5762/element/f.A8E2447B9DB017212790DA409DB5259F.d.99347E4669FE1975D6BFA99044A7E5B9.e.3365/click - {}
RESULT: undefined
COMMAND: POST /session/d8f81470b3cfc07ba78e7ddec22b5762/execute/async - {"script":"<script> [6424 bytes]","args":[{"element-6066-11e4-a52e-4f735466cecf":"f.A8E2447B9DB017212790DA409DB5259F.d.99347E4669FE1975D6BFA99044A7E5B9.e.290"},"getTitle",[]]}
COMMAND: POST /session/d8f81470b3cfc07ba78e7ddec22b5762/execute/async - {"script":"<script> [1562 bytes]","args":[{"selector":{"id":"shellAppTitle"},"wdio_ui5_key":"shellAppTitle"}]}
RESULT: {"script":"<script> [1562 bytes]","args":[{"selector":{"id":"shellAppTitle"},"wdio_ui5_key":"shellAppTitle"}]}
COMMAND: POST /session/d8f81470b3cfc07ba78e7ddec22b5762/execute/async - {"script":"<script> [6424 bytes]","args":[{"element-6066-11e4-a52e-4f735466cecf":"f.A8E2447B9DB017212790DA409DB5259F.d.99347E4669FE1975D6BFA99044A7E5B9.e.3398"},"getTitle",[]]}
RESULT: {"script":"<script> [6424 bytes]","args":[{"element-6066-11e4-a52e-4f735466cecf":"f.A8E2447B9DB017212790DA409DB5259F.d.99347E4669FE1975D6BFA99044A7E5B9.e.3398"},"getTitle",[]]}
RESULT: undefined
COMMAND: POST /session/d8f81470b3cfc07ba78e7ddec22b5762/element/f.A8E2447B9DB017212790DA409DB5259F.d.99347E4669FE1975D6BFA99044A7E5B9.e.3362/click - {}
RESULT: {}
COMMAND: GET /session/d8f81470b3cfc07ba78e7ddec22b5762/screenshot - {}
RESULT: {}
]]></system-out>
    </testcase>
    <testcase classname="chrome.135_0_7049_96.windows.Sanity_Tests_US104253" name="Should open RU Inventory List page" time="38.397">
      <system-out><![CDATA[
COMMAND: POST /session/d8f81470b3cfc07ba78e7ddec22b5762/execute/async - {"script":"<script> [1562 bytes]","args":[{"selector":{"controlType":"sap.m.GenericTile","properties":{"header":"RU Inventory List"}},"wdio_ui5_key":"sapm.GenericTile{\"header\":\"RU Inventory List\"}"}]}
RESULT: {"script":"<script> [1562 bytes]","args":[{"selector":{"controlType":"sap.m.GenericTile","properties":{"header":"RU Inventory List"}},"wdio_ui5_key":"sapm.GenericTile{\"header\":\"RU Inventory List\"}"}]}
RESULT: undefined
COMMAND: POST /session/d8f81470b3cfc07ba78e7ddec22b5762/element - {"using":"xpath","value":"//*[@id=\"__tile99\"]"}
RESULT: {"using":"xpath","value":"//*[@id=\"__tile99\"]"}
COMMAND: POST /session/d8f81470b3cfc07ba78e7ddec22b5762/element/f.A8E2447B9DB017212790DA409DB5259F.d.99347E4669FE1975D6BFA99044A7E5B9.e.3400/click - {}
RESULT: {}
COMMAND: GET /session/d8f81470b3cfc07ba78e7ddec22b5762/screenshot - {}
RESULT: {}
RESULT: undefined
COMMAND: POST /session/d8f81470b3cfc07ba78e7ddec22b5762/element - {"using":"xpath","value":"//*[@id=\"__tile99\"]"}
RESULT: {"using":"xpath","value":"//*[@id=\"__tile99\"]"}
COMMAND: POST /session/d8f81470b3cfc07ba78e7ddec22b5762/element/f.A8E2447B9DB017212790DA409DB5259F.d.99347E4669FE1975D6BFA99044A7E5B9.e.3400/click - {}
RESULT: undefined
COMMAND: POST /session/d8f81470b3cfc07ba78e7ddec22b5762/element - {"using":"xpath","value":"//*[@id=\"__tile99\"]"}
RESULT: {"using":"xpath","value":"//*[@id=\"__tile99\"]"}
COMMAND: POST /session/d8f81470b3cfc07ba78e7ddec22b5762/element/f.A8E2447B9DB017212790DA409DB5259F.d.99347E4669FE1975D6BFA99044A7E5B9.e.3400/click - {}
RESULT: undefined
COMMAND: POST /session/d8f81470b3cfc07ba78e7ddec22b5762/execute/async - {"script":"<script> [6424 bytes]","args":[{"element-6066-11e4-a52e-4f735466cecf":"f.A8E2447B9DB017212790DA409DB5259F.d.99347E4669FE1975D6BFA99044A7E5B9.e.290"},"getTitle",[]]}
COMMAND: POST /session/d8f81470b3cfc07ba78e7ddec22b5762/execute/async - {"script":"<script> [1562 bytes]","args":[{"selector":{"id":"shellAppTitle"},"wdio_ui5_key":"shellAppTitle"}]}
RESULT: {"script":"<script> [1562 bytes]","args":[{"selector":{"id":"shellAppTitle"},"wdio_ui5_key":"shellAppTitle"}]}
COMMAND: POST /session/d8f81470b3cfc07ba78e7ddec22b5762/execute/async - {"script":"<script> [6424 bytes]","args":[{"element-6066-11e4-a52e-4f735466cecf":"f.A8E2447B9DB017212790DA409DB5259F.d.99347E4669FE1975D6BFA99044A7E5B9.e.3599"},"getTitle",[]]}
RESULT: {"script":"<script> [6424 bytes]","args":[{"element-6066-11e4-a52e-4f735466cecf":"f.A8E2447B9DB017212790DA409DB5259F.d.99347E4669FE1975D6BFA99044A7E5B9.e.3599"},"getTitle",[]]}
RESULT: undefined
COMMAND: POST /session/d8f81470b3cfc07ba78e7ddec22b5762/element/f.A8E2447B9DB017212790DA409DB5259F.d.99347E4669FE1975D6BFA99044A7E5B9.e.3362/click - {}
COMMAND: POST /session/d8f81470b3cfc07ba78e7ddec22b5762/element - {"using":"xpath","value":"//*[@id=\"backBtn\"]"}
RESULT: {"using":"xpath","value":"//*[@id=\"backBtn\"]"}
COMMAND: POST /session/d8f81470b3cfc07ba78e7ddec22b5762/element/f.A8E2447B9DB017212790DA409DB5259F.d.99347E4669FE1975D6BFA99044A7E5B9.e.3362/click - {}
COMMAND: POST /session/d8f81470b3cfc07ba78e7ddec22b5762/element - {"using":"xpath","value":"//*[@id=\"backBtn\"]"}
RESULT: {"using":"xpath","value":"//*[@id=\"backBtn\"]"}
COMMAND: POST /session/d8f81470b3cfc07ba78e7ddec22b5762/element/f.A8E2447B9DB017212790DA409DB5259F.d.99347E4669FE1975D6BFA99044A7E5B9.e.3600/click - {}
RESULT: {}
COMMAND: GET /session/d8f81470b3cfc07ba78e7ddec22b5762/screenshot - {}
RESULT: {}
]]></system-out>
    </testcase>
    <testcase classname="chrome.135_0_7049_96.windows.Sanity_Tests_US104253" name="Should open Contracts Dashboard page" time="43.664">
      <system-out><![CDATA[
COMMAND: POST /session/d8f81470b3cfc07ba78e7ddec22b5762/execute/async - {"script":"<script> [1562 bytes]","args":[{"selector":{"controlType":"sap.m.GenericTile","properties":{"header":"Contracts Dashboard"}},"wdio_ui5_key":"sapm.GenericTile{\"header\":\"Contracts Dashboard\"}"}]}
RESULT: {"script":"<script> [1562 bytes]","args":[{"selector":{"controlType":"sap.m.GenericTile","properties":{"header":"Contracts Dashboard"}},"wdio_ui5_key":"sapm.GenericTile{\"header\":\"Contracts Dashboard\"}"}]}
RESULT: undefined
COMMAND: POST /session/d8f81470b3cfc07ba78e7ddec22b5762/element - {"using":"xpath","value":"//*[@id=\"__tile97\"]"}
RESULT: {"using":"xpath","value":"//*[@id=\"__tile97\"]"}
COMMAND: POST /session/d8f81470b3cfc07ba78e7ddec22b5762/element/f.A8E2447B9DB017212790DA409DB5259F.d.99347E4669FE1975D6BFA99044A7E5B9.e.3602/click - {}
RESULT: {}
COMMAND: GET /session/d8f81470b3cfc07ba78e7ddec22b5762/screenshot - {}
RESULT: {}
RESULT: undefined
COMMAND: POST /session/d8f81470b3cfc07ba78e7ddec22b5762/element - {"using":"xpath","value":"//*[@id=\"__tile97\"]"}
RESULT: {"using":"xpath","value":"//*[@id=\"__tile97\"]"}
COMMAND: POST /session/d8f81470b3cfc07ba78e7ddec22b5762/element/f.A8E2447B9DB017212790DA409DB5259F.d.99347E4669FE1975D6BFA99044A7E5B9.e.3602/click - {}
RESULT: undefined
COMMAND: POST /session/d8f81470b3cfc07ba78e7ddec22b5762/element - {"using":"xpath","value":"//*[@id=\"__tile97\"]"}
RESULT: {"using":"xpath","value":"//*[@id=\"__tile97\"]"}
COMMAND: POST /session/d8f81470b3cfc07ba78e7ddec22b5762/element/f.A8E2447B9DB017212790DA409DB5259F.d.99347E4669FE1975D6BFA99044A7E5B9.e.3602/click - {}
RESULT: undefined
COMMAND: POST /session/d8f81470b3cfc07ba78e7ddec22b5762/execute/async - {"script":"<script> [6424 bytes]","args":[{"element-6066-11e4-a52e-4f735466cecf":"f.A8E2447B9DB017212790DA409DB5259F.d.99347E4669FE1975D6BFA99044A7E5B9.e.290"},"getTitle",[]]}
COMMAND: POST /session/d8f81470b3cfc07ba78e7ddec22b5762/execute/async - {"script":"<script> [1562 bytes]","args":[{"selector":{"id":"shellAppTitle"},"wdio_ui5_key":"shellAppTitle"}]}
RESULT: {"script":"<script> [1562 bytes]","args":[{"selector":{"id":"shellAppTitle"},"wdio_ui5_key":"shellAppTitle"}]}
COMMAND: POST /session/d8f81470b3cfc07ba78e7ddec22b5762/execute/async - {"script":"<script> [6424 bytes]","args":[{"element-6066-11e4-a52e-4f735466cecf":"f.A8E2447B9DB017212790DA409DB5259F.d.99347E4669FE1975D6BFA99044A7E5B9.e.3619"},"getTitle",[]]}
RESULT: {"script":"<script> [6424 bytes]","args":[{"element-6066-11e4-a52e-4f735466cecf":"f.A8E2447B9DB017212790DA409DB5259F.d.99347E4669FE1975D6BFA99044A7E5B9.e.3619"},"getTitle",[]]}
RESULT: undefined
COMMAND: POST /session/d8f81470b3cfc07ba78e7ddec22b5762/element/f.A8E2447B9DB017212790DA409DB5259F.d.99347E4669FE1975D6BFA99044A7E5B9.e.3600/click - {}
RESULT: {}
COMMAND: GET /session/d8f81470b3cfc07ba78e7ddec22b5762/screenshot - {}
RESULT: {}
]]></system-out>
    </testcase>
    <testcase classname="chrome.135_0_7049_96.windows.Sanity_Tests_US104253" name="Should open Bin Status Report page" time="38.456">
      <system-out><![CDATA[
COMMAND: POST /session/d8f81470b3cfc07ba78e7ddec22b5762/execute/async - {"script":"<script> [1562 bytes]","args":[{"selector":{"controlType":"sap.m.GenericTile","properties":{"header":"Bin Status Report"}},"wdio_ui5_key":"sapm.GenericTile{\"header\":\"Bin Status Report\"}"}]}
RESULT: {"script":"<script> [1562 bytes]","args":[{"selector":{"controlType":"sap.m.GenericTile","properties":{"header":"Bin Status Report"}},"wdio_ui5_key":"sapm.GenericTile{\"header\":\"Bin Status Report\"}"}]}
RESULT: undefined
COMMAND: POST /session/d8f81470b3cfc07ba78e7ddec22b5762/element - {"using":"xpath","value":"//*[@id=\"__tile104\"]"}
RESULT: {"using":"xpath","value":"//*[@id=\"__tile104\"]"}
COMMAND: POST /session/d8f81470b3cfc07ba78e7ddec22b5762/element/f.A8E2447B9DB017212790DA409DB5259F.d.99347E4669FE1975D6BFA99044A7E5B9.e.3621/click - {}
RESULT: {}
COMMAND: GET /session/d8f81470b3cfc07ba78e7ddec22b5762/screenshot - {}
RESULT: {}
RESULT: undefined
COMMAND: POST /session/d8f81470b3cfc07ba78e7ddec22b5762/element - {"using":"xpath","value":"//*[@id=\"__tile104\"]"}
RESULT: {"using":"xpath","value":"//*[@id=\"__tile104\"]"}
COMMAND: POST /session/d8f81470b3cfc07ba78e7ddec22b5762/element/f.A8E2447B9DB017212790DA409DB5259F.d.99347E4669FE1975D6BFA99044A7E5B9.e.3621/click - {}
RESULT: undefined
COMMAND: POST /session/d8f81470b3cfc07ba78e7ddec22b5762/element - {"using":"xpath","value":"//*[@id=\"__tile104\"]"}
RESULT: {"using":"xpath","value":"//*[@id=\"__tile104\"]"}
COMMAND: POST /session/d8f81470b3cfc07ba78e7ddec22b5762/element/f.A8E2447B9DB017212790DA409DB5259F.d.99347E4669FE1975D6BFA99044A7E5B9.e.3621/click - {}
RESULT: undefined
COMMAND: POST /session/d8f81470b3cfc07ba78e7ddec22b5762/execute/async - {"script":"<script> [6424 bytes]","args":[{"element-6066-11e4-a52e-4f735466cecf":"f.A8E2447B9DB017212790DA409DB5259F.d.99347E4669FE1975D6BFA99044A7E5B9.e.290"},"getTitle",[]]}
COMMAND: POST /session/d8f81470b3cfc07ba78e7ddec22b5762/execute/async - {"script":"<script> [1562 bytes]","args":[{"selector":{"id":"shellAppTitle"},"wdio_ui5_key":"shellAppTitle"}]}
RESULT: {"script":"<script> [1562 bytes]","args":[{"selector":{"id":"shellAppTitle"},"wdio_ui5_key":"shellAppTitle"}]}
COMMAND: POST /session/d8f81470b3cfc07ba78e7ddec22b5762/execute/async - {"script":"<script> [6424 bytes]","args":[{"element-6066-11e4-a52e-4f735466cecf":"f.A8E2447B9DB017212790DA409DB5259F.d.99347E4669FE1975D6BFA99044A7E5B9.e.3703"},"getTitle",[]]}
RESULT: {"script":"<script> [6424 bytes]","args":[{"element-6066-11e4-a52e-4f735466cecf":"f.A8E2447B9DB017212790DA409DB5259F.d.99347E4669FE1975D6BFA99044A7E5B9.e.3703"},"getTitle",[]]}
RESULT: undefined
COMMAND: POST /session/d8f81470b3cfc07ba78e7ddec22b5762/element/f.A8E2447B9DB017212790DA409DB5259F.d.99347E4669FE1975D6BFA99044A7E5B9.e.3600/click - {}
COMMAND: POST /session/d8f81470b3cfc07ba78e7ddec22b5762/element - {"using":"xpath","value":"//*[@id=\"backBtn\"]"}
RESULT: {"using":"xpath","value":"//*[@id=\"backBtn\"]"}
COMMAND: POST /session/d8f81470b3cfc07ba78e7ddec22b5762/element/f.A8E2447B9DB017212790DA409DB5259F.d.99347E4669FE1975D6BFA99044A7E5B9.e.3600/click - {}
COMMAND: POST /session/d8f81470b3cfc07ba78e7ddec22b5762/element - {"using":"xpath","value":"//*[@id=\"backBtn\"]"}
RESULT: {"using":"xpath","value":"//*[@id=\"backBtn\"]"}
COMMAND: POST /session/d8f81470b3cfc07ba78e7ddec22b5762/element/f.A8E2447B9DB017212790DA409DB5259F.d.99347E4669FE1975D6BFA99044A7E5B9.e.3704/click - {}
RESULT: {}
COMMAND: GET /session/d8f81470b3cfc07ba78e7ddec22b5762/screenshot - {}
RESULT: {}
]]></system-out>
    </testcase>
    <testcase classname="chrome.135_0_7049_96.windows.Sanity_Tests_US104253" name="Should open Manage Warehouse Movements page" time="33.12">
      <system-out><![CDATA[
COMMAND: POST /session/d8f81470b3cfc07ba78e7ddec22b5762/execute/async - {"script":"<script> [1562 bytes]","args":[{"selector":{"controlType":"sap.m.GenericTile","properties":{"header":"Manage Warehouse Movements"}},"wdio_ui5_key":"sapm.GenericTile{\"header\":\"Manage Warehouse Movements\"}"}]}
RESULT: {"script":"<script> [1562 bytes]","args":[{"selector":{"controlType":"sap.m.GenericTile","properties":{"header":"Manage Warehouse Movements"}},"wdio_ui5_key":"sapm.GenericTile{\"header\":\"Manage Warehouse Movements\"}"}]}
RESULT: undefined
COMMAND: POST /session/d8f81470b3cfc07ba78e7ddec22b5762/element - {"using":"xpath","value":"//*[@id=\"__tile105\"]"}
RESULT: {"using":"xpath","value":"//*[@id=\"__tile105\"]"}
COMMAND: POST /session/d8f81470b3cfc07ba78e7ddec22b5762/element/f.A8E2447B9DB017212790DA409DB5259F.d.99347E4669FE1975D6BFA99044A7E5B9.e.3708/click - {}
RESULT: {}
COMMAND: GET /session/d8f81470b3cfc07ba78e7ddec22b5762/screenshot - {}
RESULT: {}
RESULT: undefined
COMMAND: POST /session/d8f81470b3cfc07ba78e7ddec22b5762/element - {"using":"xpath","value":"//*[@id=\"__tile105\"]"}
RESULT: {"using":"xpath","value":"//*[@id=\"__tile105\"]"}
COMMAND: POST /session/d8f81470b3cfc07ba78e7ddec22b5762/element/f.A8E2447B9DB017212790DA409DB5259F.d.99347E4669FE1975D6BFA99044A7E5B9.e.3708/click - {}
RESULT: undefined
COMMAND: POST /session/d8f81470b3cfc07ba78e7ddec22b5762/element - {"using":"xpath","value":"//*[@id=\"__tile105\"]"}
RESULT: {"using":"xpath","value":"//*[@id=\"__tile105\"]"}
COMMAND: POST /session/d8f81470b3cfc07ba78e7ddec22b5762/element/f.A8E2447B9DB017212790DA409DB5259F.d.99347E4669FE1975D6BFA99044A7E5B9.e.3708/click - {}
RESULT: undefined
COMMAND: POST /session/d8f81470b3cfc07ba78e7ddec22b5762/execute/async - {"script":"<script> [6424 bytes]","args":[{"element-6066-11e4-a52e-4f735466cecf":"f.A8E2447B9DB017212790DA409DB5259F.d.99347E4669FE1975D6BFA99044A7E5B9.e.290"},"getTitle",[]]}
COMMAND: POST /session/d8f81470b3cfc07ba78e7ddec22b5762/execute/async - {"script":"<script> [1562 bytes]","args":[{"selector":{"id":"shellAppTitle"},"wdio_ui5_key":"shellAppTitle"}]}
RESULT: {"script":"<script> [1562 bytes]","args":[{"selector":{"id":"shellAppTitle"},"wdio_ui5_key":"shellAppTitle"}]}
COMMAND: POST /session/d8f81470b3cfc07ba78e7ddec22b5762/execute/async - {"script":"<script> [6424 bytes]","args":[{"element-6066-11e4-a52e-4f735466cecf":"f.A8E2447B9DB017212790DA409DB5259F.d.99347E4669FE1975D6BFA99044A7E5B9.e.3801"},"getTitle",[]]}
RESULT: {"script":"<script> [6424 bytes]","args":[{"element-6066-11e4-a52e-4f735466cecf":"f.A8E2447B9DB017212790DA409DB5259F.d.99347E4669FE1975D6BFA99044A7E5B9.e.3801"},"getTitle",[]]}
RESULT: undefined
COMMAND: POST /session/d8f81470b3cfc07ba78e7ddec22b5762/element/f.A8E2447B9DB017212790DA409DB5259F.d.99347E4669FE1975D6BFA99044A7E5B9.e.3704/click - {}
RESULT: {}
COMMAND: GET /session/d8f81470b3cfc07ba78e7ddec22b5762/screenshot - {}
RESULT: {}
]]></system-out>
    </testcase>
    <testcase classname="chrome.135_0_7049_96.windows.Sanity_Tests_US104253" name="Should open Bin Inventory List page" time="37.161">
      <system-out><![CDATA[
COMMAND: POST /session/d8f81470b3cfc07ba78e7ddec22b5762/execute/async - {"script":"<script> [1562 bytes]","args":[{"selector":{"controlType":"sap.m.GenericTile","properties":{"header":"Bin Inventory List"}},"wdio_ui5_key":"sapm.GenericTile{\"header\":\"Bin Inventory List\"}"}]}
RESULT: {"script":"<script> [1562 bytes]","args":[{"selector":{"controlType":"sap.m.GenericTile","properties":{"header":"Bin Inventory List"}},"wdio_ui5_key":"sapm.GenericTile{\"header\":\"Bin Inventory List\"}"}]}
RESULT: undefined
COMMAND: POST /session/d8f81470b3cfc07ba78e7ddec22b5762/element - {"using":"xpath","value":"//*[@id=\"__tile103\"]"}
RESULT: {"using":"xpath","value":"//*[@id=\"__tile103\"]"}
COMMAND: POST /session/d8f81470b3cfc07ba78e7ddec22b5762/element/f.A8E2447B9DB017212790DA409DB5259F.d.99347E4669FE1975D6BFA99044A7E5B9.e.3803/click - {}
RESULT: {}
COMMAND: GET /session/d8f81470b3cfc07ba78e7ddec22b5762/screenshot - {}
RESULT: {}
RESULT: undefined
COMMAND: POST /session/d8f81470b3cfc07ba78e7ddec22b5762/element - {"using":"xpath","value":"//*[@id=\"__tile103\"]"}
RESULT: {"using":"xpath","value":"//*[@id=\"__tile103\"]"}
COMMAND: POST /session/d8f81470b3cfc07ba78e7ddec22b5762/element/f.A8E2447B9DB017212790DA409DB5259F.d.99347E4669FE1975D6BFA99044A7E5B9.e.3803/click - {}
RESULT: undefined
COMMAND: POST /session/d8f81470b3cfc07ba78e7ddec22b5762/element - {"using":"xpath","value":"//*[@id=\"__tile103\"]"}
RESULT: {"using":"xpath","value":"//*[@id=\"__tile103\"]"}
COMMAND: POST /session/d8f81470b3cfc07ba78e7ddec22b5762/element/f.A8E2447B9DB017212790DA409DB5259F.d.99347E4669FE1975D6BFA99044A7E5B9.e.3803/click - {}
RESULT: undefined
COMMAND: POST /session/d8f81470b3cfc07ba78e7ddec22b5762/execute/async - {"script":"<script> [6424 bytes]","args":[{"element-6066-11e4-a52e-4f735466cecf":"f.A8E2447B9DB017212790DA409DB5259F.d.99347E4669FE1975D6BFA99044A7E5B9.e.290"},"getTitle",[]]}
COMMAND: POST /session/d8f81470b3cfc07ba78e7ddec22b5762/execute/async - {"script":"<script> [1562 bytes]","args":[{"selector":{"id":"shellAppTitle"},"wdio_ui5_key":"shellAppTitle"}]}
RESULT: {"script":"<script> [1562 bytes]","args":[{"selector":{"id":"shellAppTitle"},"wdio_ui5_key":"shellAppTitle"}]}
COMMAND: POST /session/d8f81470b3cfc07ba78e7ddec22b5762/execute/async - {"script":"<script> [6424 bytes]","args":[{"element-6066-11e4-a52e-4f735466cecf":"f.A8E2447B9DB017212790DA409DB5259F.d.99347E4669FE1975D6BFA99044A7E5B9.e.3883"},"getTitle",[]]}
RESULT: {"script":"<script> [6424 bytes]","args":[{"element-6066-11e4-a52e-4f735466cecf":"f.A8E2447B9DB017212790DA409DB5259F.d.99347E4669FE1975D6BFA99044A7E5B9.e.3883"},"getTitle",[]]}
RESULT: undefined
COMMAND: POST /session/d8f81470b3cfc07ba78e7ddec22b5762/element/f.A8E2447B9DB017212790DA409DB5259F.d.99347E4669FE1975D6BFA99044A7E5B9.e.3704/click - {}
COMMAND: POST /session/d8f81470b3cfc07ba78e7ddec22b5762/element - {"using":"xpath","value":"//*[@id=\"backBtn\"]"}
RESULT: {"using":"xpath","value":"//*[@id=\"backBtn\"]"}
COMMAND: POST /session/d8f81470b3cfc07ba78e7ddec22b5762/element/f.A8E2447B9DB017212790DA409DB5259F.d.99347E4669FE1975D6BFA99044A7E5B9.e.3704/click - {}
COMMAND: POST /session/d8f81470b3cfc07ba78e7ddec22b5762/element - {"using":"xpath","value":"//*[@id=\"backBtn\"]"}
RESULT: {"using":"xpath","value":"//*[@id=\"backBtn\"]"}
COMMAND: POST /session/d8f81470b3cfc07ba78e7ddec22b5762/element/f.A8E2447B9DB017212790DA409DB5259F.d.99347E4669FE1975D6BFA99044A7E5B9.e.3884/click - {}
RESULT: {}
COMMAND: GET /session/d8f81470b3cfc07ba78e7ddec22b5762/screenshot - {}
RESULT: {}
]]></system-out>
    </testcase>
    <testcase classname="chrome.135_0_7049_96.windows.Sanity_Tests_US104253" name="Should open ISC Templates page" time="35.125">
      <system-out><![CDATA[
COMMAND: POST /session/d8f81470b3cfc07ba78e7ddec22b5762/execute/async - {"script":"<script> [1562 bytes]","args":[{"selector":{"controlType":"sap.m.GenericTile","properties":{"header":"ISC Templates"}},"wdio_ui5_key":"sapm.GenericTile{\"header\":\"ISC Templates\"}"}]}
RESULT: {"script":"<script> [1562 bytes]","args":[{"selector":{"controlType":"sap.m.GenericTile","properties":{"header":"ISC Templates"}},"wdio_ui5_key":"sapm.GenericTile{\"header\":\"ISC Templates\"}"}]}
RESULT: undefined
COMMAND: POST /session/d8f81470b3cfc07ba78e7ddec22b5762/element - {"using":"xpath","value":"//*[@id=\"__tile111\"]"}
RESULT: {"using":"xpath","value":"//*[@id=\"__tile111\"]"}
COMMAND: POST /session/d8f81470b3cfc07ba78e7ddec22b5762/element/f.A8E2447B9DB017212790DA409DB5259F.d.99347E4669FE1975D6BFA99044A7E5B9.e.3886/click - {}
RESULT: {}
COMMAND: GET /session/d8f81470b3cfc07ba78e7ddec22b5762/screenshot - {}
RESULT: {}
RESULT: undefined
COMMAND: POST /session/d8f81470b3cfc07ba78e7ddec22b5762/element - {"using":"xpath","value":"//*[@id=\"__tile111\"]"}
RESULT: {"using":"xpath","value":"//*[@id=\"__tile111\"]"}
COMMAND: POST /session/d8f81470b3cfc07ba78e7ddec22b5762/element/f.A8E2447B9DB017212790DA409DB5259F.d.99347E4669FE1975D6BFA99044A7E5B9.e.3886/click - {}
RESULT: undefined
COMMAND: POST /session/d8f81470b3cfc07ba78e7ddec22b5762/element - {"using":"xpath","value":"//*[@id=\"__tile111\"]"}
RESULT: {"using":"xpath","value":"//*[@id=\"__tile111\"]"}
COMMAND: POST /session/d8f81470b3cfc07ba78e7ddec22b5762/element/f.A8E2447B9DB017212790DA409DB5259F.d.99347E4669FE1975D6BFA99044A7E5B9.e.3886/click - {}
RESULT: undefined
COMMAND: POST /session/d8f81470b3cfc07ba78e7ddec22b5762/execute/async - {"script":"<script> [6424 bytes]","args":[{"element-6066-11e4-a52e-4f735466cecf":"f.A8E2447B9DB017212790DA409DB5259F.d.99347E4669FE1975D6BFA99044A7E5B9.e.290"},"getTitle",[]]}
COMMAND: POST /session/d8f81470b3cfc07ba78e7ddec22b5762/execute/async - {"script":"<script> [1562 bytes]","args":[{"selector":{"id":"shellAppTitle"},"wdio_ui5_key":"shellAppTitle"}]}
RESULT: {"script":"<script> [1562 bytes]","args":[{"selector":{"id":"shellAppTitle"},"wdio_ui5_key":"shellAppTitle"}]}
COMMAND: POST /session/d8f81470b3cfc07ba78e7ddec22b5762/execute/async - {"script":"<script> [6424 bytes]","args":[{"element-6066-11e4-a52e-4f735466cecf":"f.A8E2447B9DB017212790DA409DB5259F.d.99347E4669FE1975D6BFA99044A7E5B9.e.3954"},"getTitle",[]]}
RESULT: {"script":"<script> [6424 bytes]","args":[{"element-6066-11e4-a52e-4f735466cecf":"f.A8E2447B9DB017212790DA409DB5259F.d.99347E4669FE1975D6BFA99044A7E5B9.e.3954"},"getTitle",[]]}
RESULT: undefined
COMMAND: POST /session/d8f81470b3cfc07ba78e7ddec22b5762/element/f.A8E2447B9DB017212790DA409DB5259F.d.99347E4669FE1975D6BFA99044A7E5B9.e.3884/click - {}
RESULT: {}
COMMAND: GET /session/d8f81470b3cfc07ba78e7ddec22b5762/screenshot - {}
RESULT: {}
]]></system-out>
    </testcase>
    <testcase classname="chrome.135_0_7049_96.windows.Sanity_Tests_US104253" name="Should open ISC Schedules page" time="36.413">
      <system-out><![CDATA[
COMMAND: POST /session/d8f81470b3cfc07ba78e7ddec22b5762/execute/async - {"script":"<script> [1562 bytes]","args":[{"selector":{"controlType":"sap.m.GenericTile","properties":{"header":"ISC Schedules"}},"wdio_ui5_key":"sapm.GenericTile{\"header\":\"ISC Schedules\"}"}]}
RESULT: {"script":"<script> [1562 bytes]","args":[{"selector":{"controlType":"sap.m.GenericTile","properties":{"header":"ISC Schedules"}},"wdio_ui5_key":"sapm.GenericTile{\"header\":\"ISC Schedules\"}"}]}
RESULT: undefined
COMMAND: POST /session/d8f81470b3cfc07ba78e7ddec22b5762/element - {"using":"xpath","value":"//*[@id=\"__tile109\"]"}
RESULT: {"using":"xpath","value":"//*[@id=\"__tile109\"]"}
COMMAND: POST /session/d8f81470b3cfc07ba78e7ddec22b5762/element/f.A8E2447B9DB017212790DA409DB5259F.d.99347E4669FE1975D6BFA99044A7E5B9.e.3957/click - {}
RESULT: {}
COMMAND: GET /session/d8f81470b3cfc07ba78e7ddec22b5762/screenshot - {}
RESULT: {}
RESULT: undefined
COMMAND: POST /session/d8f81470b3cfc07ba78e7ddec22b5762/element - {"using":"xpath","value":"//*[@id=\"__tile109\"]"}
RESULT: {"using":"xpath","value":"//*[@id=\"__tile109\"]"}
COMMAND: POST /session/d8f81470b3cfc07ba78e7ddec22b5762/element/f.A8E2447B9DB017212790DA409DB5259F.d.99347E4669FE1975D6BFA99044A7E5B9.e.3957/click - {}
RESULT: undefined
COMMAND: POST /session/d8f81470b3cfc07ba78e7ddec22b5762/element - {"using":"xpath","value":"//*[@id=\"__tile109\"]"}
RESULT: {"using":"xpath","value":"//*[@id=\"__tile109\"]"}
COMMAND: POST /session/d8f81470b3cfc07ba78e7ddec22b5762/element/f.A8E2447B9DB017212790DA409DB5259F.d.99347E4669FE1975D6BFA99044A7E5B9.e.3957/click - {}
RESULT: undefined
COMMAND: POST /session/d8f81470b3cfc07ba78e7ddec22b5762/execute/async - {"script":"<script> [6424 bytes]","args":[{"element-6066-11e4-a52e-4f735466cecf":"f.A8E2447B9DB017212790DA409DB5259F.d.99347E4669FE1975D6BFA99044A7E5B9.e.290"},"getTitle",[]]}
COMMAND: POST /session/d8f81470b3cfc07ba78e7ddec22b5762/execute/async - {"script":"<script> [1562 bytes]","args":[{"selector":{"id":"shellAppTitle"},"wdio_ui5_key":"shellAppTitle"}]}
RESULT: {"script":"<script> [1562 bytes]","args":[{"selector":{"id":"shellAppTitle"},"wdio_ui5_key":"shellAppTitle"}]}
COMMAND: POST /session/d8f81470b3cfc07ba78e7ddec22b5762/execute/async - {"script":"<script> [6424 bytes]","args":[{"element-6066-11e4-a52e-4f735466cecf":"f.A8E2447B9DB017212790DA409DB5259F.d.99347E4669FE1975D6BFA99044A7E5B9.e.4036"},"getTitle",[]]}
RESULT: {"script":"<script> [6424 bytes]","args":[{"element-6066-11e4-a52e-4f735466cecf":"f.A8E2447B9DB017212790DA409DB5259F.d.99347E4669FE1975D6BFA99044A7E5B9.e.4036"},"getTitle",[]]}
RESULT: undefined
COMMAND: POST /session/d8f81470b3cfc07ba78e7ddec22b5762/element/f.A8E2447B9DB017212790DA409DB5259F.d.99347E4669FE1975D6BFA99044A7E5B9.e.3884/click - {}
COMMAND: POST /session/d8f81470b3cfc07ba78e7ddec22b5762/element - {"using":"xpath","value":"//*[@id=\"backBtn\"]"}
RESULT: {"using":"xpath","value":"//*[@id=\"backBtn\"]"}
COMMAND: POST /session/d8f81470b3cfc07ba78e7ddec22b5762/element/f.A8E2447B9DB017212790DA409DB5259F.d.99347E4669FE1975D6BFA99044A7E5B9.e.3884/click - {}
COMMAND: POST /session/d8f81470b3cfc07ba78e7ddec22b5762/element - {"using":"xpath","value":"//*[@id=\"backBtn\"]"}
RESULT: {"using":"xpath","value":"//*[@id=\"backBtn\"]"}
COMMAND: POST /session/d8f81470b3cfc07ba78e7ddec22b5762/element/f.A8E2447B9DB017212790DA409DB5259F.d.99347E4669FE1975D6BFA99044A7E5B9.e.4037/click - {}
RESULT: {}
COMMAND: GET /session/d8f81470b3cfc07ba78e7ddec22b5762/screenshot - {}
RESULT: {}
]]></system-out>
    </testcase>
    <testcase classname="chrome.135_0_7049_96.windows.Sanity_Tests_US104253" name="Should open ISC Dashboard page" time="33.01">
      <system-out><![CDATA[
COMMAND: POST /session/d8f81470b3cfc07ba78e7ddec22b5762/execute/async - {"script":"<script> [1562 bytes]","args":[{"selector":{"controlType":"sap.m.GenericTile","properties":{"header":"ISC Dashboard"}},"wdio_ui5_key":"sapm.GenericTile{\"header\":\"ISC Dashboard\"}"}]}
RESULT: {"script":"<script> [1562 bytes]","args":[{"selector":{"controlType":"sap.m.GenericTile","properties":{"header":"ISC Dashboard"}},"wdio_ui5_key":"sapm.GenericTile{\"header\":\"ISC Dashboard\"}"}]}
RESULT: undefined
COMMAND: POST /session/d8f81470b3cfc07ba78e7ddec22b5762/element - {"using":"xpath","value":"//*[@id=\"__tile106\"]"}
RESULT: {"using":"xpath","value":"//*[@id=\"__tile106\"]"}
COMMAND: POST /session/d8f81470b3cfc07ba78e7ddec22b5762/element/f.A8E2447B9DB017212790DA409DB5259F.d.99347E4669FE1975D6BFA99044A7E5B9.e.4039/click - {}
RESULT: {}
COMMAND: GET /session/d8f81470b3cfc07ba78e7ddec22b5762/screenshot - {}
RESULT: {}
RESULT: undefined
COMMAND: POST /session/d8f81470b3cfc07ba78e7ddec22b5762/element - {"using":"xpath","value":"//*[@id=\"__tile106\"]"}
RESULT: {"using":"xpath","value":"//*[@id=\"__tile106\"]"}
COMMAND: POST /session/d8f81470b3cfc07ba78e7ddec22b5762/element/f.A8E2447B9DB017212790DA409DB5259F.d.99347E4669FE1975D6BFA99044A7E5B9.e.4039/click - {}
RESULT: undefined
COMMAND: POST /session/d8f81470b3cfc07ba78e7ddec22b5762/element - {"using":"xpath","value":"//*[@id=\"__tile106\"]"}
RESULT: {"using":"xpath","value":"//*[@id=\"__tile106\"]"}
COMMAND: POST /session/d8f81470b3cfc07ba78e7ddec22b5762/element/f.A8E2447B9DB017212790DA409DB5259F.d.99347E4669FE1975D6BFA99044A7E5B9.e.4039/click - {}
RESULT: undefined
COMMAND: POST /session/d8f81470b3cfc07ba78e7ddec22b5762/execute/async - {"script":"<script> [6424 bytes]","args":[{"element-6066-11e4-a52e-4f735466cecf":"f.A8E2447B9DB017212790DA409DB5259F.d.99347E4669FE1975D6BFA99044A7E5B9.e.290"},"getTitle",[]]}
COMMAND: POST /session/d8f81470b3cfc07ba78e7ddec22b5762/execute/async - {"script":"<script> [1562 bytes]","args":[{"selector":{"id":"shellAppTitle"},"wdio_ui5_key":"shellAppTitle"}]}
RESULT: {"script":"<script> [1562 bytes]","args":[{"selector":{"id":"shellAppTitle"},"wdio_ui5_key":"shellAppTitle"}]}
COMMAND: POST /session/d8f81470b3cfc07ba78e7ddec22b5762/execute/async - {"script":"<script> [6424 bytes]","args":[{"element-6066-11e4-a52e-4f735466cecf":"f.A8E2447B9DB017212790DA409DB5259F.d.99347E4669FE1975D6BFA99044A7E5B9.e.4167"},"getTitle",[]]}
RESULT: {"script":"<script> [6424 bytes]","args":[{"element-6066-11e4-a52e-4f735466cecf":"f.A8E2447B9DB017212790DA409DB5259F.d.99347E4669FE1975D6BFA99044A7E5B9.e.4167"},"getTitle",[]]}
RESULT: undefined
COMMAND: POST /session/d8f81470b3cfc07ba78e7ddec22b5762/element/f.A8E2447B9DB017212790DA409DB5259F.d.99347E4669FE1975D6BFA99044A7E5B9.e.4037/click - {}
RESULT: {}
COMMAND: GET /session/d8f81470b3cfc07ba78e7ddec22b5762/screenshot - {}
RESULT: {}
]]></system-out>
    </testcase>
    <testcase classname="chrome.135_0_7049_96.windows.Sanity_Tests_US104253" name="Should open ISC Orders page" time="34.39">
      <system-out><![CDATA[
COMMAND: POST /session/d8f81470b3cfc07ba78e7ddec22b5762/execute/async - {"script":"<script> [1562 bytes]","args":[{"selector":{"controlType":"sap.m.GenericTile","properties":{"header":"ISC Orders"}},"wdio_ui5_key":"sapm.GenericTile{\"header\":\"ISC Orders\"}"}]}
RESULT: {"script":"<script> [1562 bytes]","args":[{"selector":{"controlType":"sap.m.GenericTile","properties":{"header":"ISC Orders"}},"wdio_ui5_key":"sapm.GenericTile{\"header\":\"ISC Orders\"}"}]}
RESULT: undefined
COMMAND: POST /session/d8f81470b3cfc07ba78e7ddec22b5762/element - {"using":"xpath","value":"//*[@id=\"__tile108\"]"}
RESULT: {"using":"xpath","value":"//*[@id=\"__tile108\"]"}
COMMAND: POST /session/d8f81470b3cfc07ba78e7ddec22b5762/element/f.A8E2447B9DB017212790DA409DB5259F.d.99347E4669FE1975D6BFA99044A7E5B9.e.4169/click - {}
RESULT: {}
COMMAND: GET /session/d8f81470b3cfc07ba78e7ddec22b5762/screenshot - {}
RESULT: {}
RESULT: undefined
COMMAND: POST /session/d8f81470b3cfc07ba78e7ddec22b5762/element - {"using":"xpath","value":"//*[@id=\"__tile108\"]"}
RESULT: {"using":"xpath","value":"//*[@id=\"__tile108\"]"}
COMMAND: POST /session/d8f81470b3cfc07ba78e7ddec22b5762/element/f.A8E2447B9DB017212790DA409DB5259F.d.99347E4669FE1975D6BFA99044A7E5B9.e.4169/click - {}
RESULT: undefined
COMMAND: POST /session/d8f81470b3cfc07ba78e7ddec22b5762/element - {"using":"xpath","value":"//*[@id=\"__tile108\"]"}
RESULT: {"using":"xpath","value":"//*[@id=\"__tile108\"]"}
COMMAND: POST /session/d8f81470b3cfc07ba78e7ddec22b5762/element/f.A8E2447B9DB017212790DA409DB5259F.d.99347E4669FE1975D6BFA99044A7E5B9.e.4169/click - {}
RESULT: undefined
COMMAND: POST /session/d8f81470b3cfc07ba78e7ddec22b5762/execute/async - {"script":"<script> [6424 bytes]","args":[{"element-6066-11e4-a52e-4f735466cecf":"f.A8E2447B9DB017212790DA409DB5259F.d.99347E4669FE1975D6BFA99044A7E5B9.e.290"},"getTitle",[]]}
COMMAND: POST /session/d8f81470b3cfc07ba78e7ddec22b5762/execute/async - {"script":"<script> [1562 bytes]","args":[{"selector":{"id":"shellAppTitle"},"wdio_ui5_key":"shellAppTitle"}]}
RESULT: {"script":"<script> [1562 bytes]","args":[{"selector":{"id":"shellAppTitle"},"wdio_ui5_key":"shellAppTitle"}]}
COMMAND: POST /session/d8f81470b3cfc07ba78e7ddec22b5762/execute/async - {"script":"<script> [6424 bytes]","args":[{"element-6066-11e4-a52e-4f735466cecf":"f.A8E2447B9DB017212790DA409DB5259F.d.99347E4669FE1975D6BFA99044A7E5B9.e.4286"},"getTitle",[]]}
RESULT: {"script":"<script> [6424 bytes]","args":[{"element-6066-11e4-a52e-4f735466cecf":"f.A8E2447B9DB017212790DA409DB5259F.d.99347E4669FE1975D6BFA99044A7E5B9.e.4286"},"getTitle",[]]}
RESULT: undefined
COMMAND: POST /session/d8f81470b3cfc07ba78e7ddec22b5762/element/f.A8E2447B9DB017212790DA409DB5259F.d.99347E4669FE1975D6BFA99044A7E5B9.e.4037/click - {}
COMMAND: POST /session/d8f81470b3cfc07ba78e7ddec22b5762/element - {"using":"xpath","value":"//*[@id=\"backBtn\"]"}
RESULT: {"using":"xpath","value":"//*[@id=\"backBtn\"]"}
COMMAND: POST /session/d8f81470b3cfc07ba78e7ddec22b5762/element/f.A8E2447B9DB017212790DA409DB5259F.d.99347E4669FE1975D6BFA99044A7E5B9.e.4037/click - {}
COMMAND: POST /session/d8f81470b3cfc07ba78e7ddec22b5762/element - {"using":"xpath","value":"//*[@id=\"backBtn\"]"}
RESULT: {"using":"xpath","value":"//*[@id=\"backBtn\"]"}
COMMAND: POST /session/d8f81470b3cfc07ba78e7ddec22b5762/element/f.A8E2447B9DB017212790DA409DB5259F.d.99347E4669FE1975D6BFA99044A7E5B9.e.4287/click - {}
RESULT: {}
COMMAND: GET /session/d8f81470b3cfc07ba78e7ddec22b5762/screenshot - {}
RESULT: {}
]]></system-out>
    </testcase>
    <testcase classname="chrome.135_0_7049_96.windows.Sanity_Tests_US104253" name="Should open ISC Tasks page" time="37.735">
      <system-out><![CDATA[
COMMAND: POST /session/d8f81470b3cfc07ba78e7ddec22b5762/execute/async - {"script":"<script> [1562 bytes]","args":[{"selector":{"controlType":"sap.m.GenericTile","properties":{"header":"ISC Tasks"}},"wdio_ui5_key":"sapm.GenericTile{\"header\":\"ISC Tasks\"}"}]}
RESULT: {"script":"<script> [1562 bytes]","args":[{"selector":{"controlType":"sap.m.GenericTile","properties":{"header":"ISC Tasks"}},"wdio_ui5_key":"sapm.GenericTile{\"header\":\"ISC Tasks\"}"}]}
RESULT: undefined
COMMAND: POST /session/d8f81470b3cfc07ba78e7ddec22b5762/element - {"using":"xpath","value":"//*[@id=\"__tile110\"]"}
RESULT: {"using":"xpath","value":"//*[@id=\"__tile110\"]"}
COMMAND: POST /session/d8f81470b3cfc07ba78e7ddec22b5762/element/f.A8E2447B9DB017212790DA409DB5259F.d.99347E4669FE1975D6BFA99044A7E5B9.e.4289/click - {}
RESULT: {}
COMMAND: GET /session/d8f81470b3cfc07ba78e7ddec22b5762/screenshot - {}
RESULT: {}
RESULT: undefined
COMMAND: POST /session/d8f81470b3cfc07ba78e7ddec22b5762/element - {"using":"xpath","value":"//*[@id=\"__tile110\"]"}
RESULT: {"using":"xpath","value":"//*[@id=\"__tile110\"]"}
COMMAND: POST /session/d8f81470b3cfc07ba78e7ddec22b5762/element/f.A8E2447B9DB017212790DA409DB5259F.d.99347E4669FE1975D6BFA99044A7E5B9.e.4289/click - {}
RESULT: undefined
COMMAND: POST /session/d8f81470b3cfc07ba78e7ddec22b5762/element - {"using":"xpath","value":"//*[@id=\"__tile110\"]"}
RESULT: {"using":"xpath","value":"//*[@id=\"__tile110\"]"}
COMMAND: POST /session/d8f81470b3cfc07ba78e7ddec22b5762/element/f.A8E2447B9DB017212790DA409DB5259F.d.99347E4669FE1975D6BFA99044A7E5B9.e.4289/click - {}
RESULT: undefined
COMMAND: POST /session/d8f81470b3cfc07ba78e7ddec22b5762/execute/async - {"script":"<script> [6424 bytes]","args":[{"element-6066-11e4-a52e-4f735466cecf":"f.A8E2447B9DB017212790DA409DB5259F.d.99347E4669FE1975D6BFA99044A7E5B9.e.290"},"getTitle",[]]}
COMMAND: POST /session/d8f81470b3cfc07ba78e7ddec22b5762/execute/async - {"script":"<script> [1562 bytes]","args":[{"selector":{"id":"shellAppTitle"},"wdio_ui5_key":"shellAppTitle"}]}
RESULT: {"script":"<script> [1562 bytes]","args":[{"selector":{"id":"shellAppTitle"},"wdio_ui5_key":"shellAppTitle"}]}
COMMAND: POST /session/d8f81470b3cfc07ba78e7ddec22b5762/execute/async - {"script":"<script> [6424 bytes]","args":[{"element-6066-11e4-a52e-4f735466cecf":"f.A8E2447B9DB017212790DA409DB5259F.d.99347E4669FE1975D6BFA99044A7E5B9.e.4384"},"getTitle",[]]}
RESULT: {"script":"<script> [6424 bytes]","args":[{"element-6066-11e4-a52e-4f735466cecf":"f.A8E2447B9DB017212790DA409DB5259F.d.99347E4669FE1975D6BFA99044A7E5B9.e.4384"},"getTitle",[]]}
RESULT: undefined
COMMAND: POST /session/d8f81470b3cfc07ba78e7ddec22b5762/element/f.A8E2447B9DB017212790DA409DB5259F.d.99347E4669FE1975D6BFA99044A7E5B9.e.4287/click - {}
RESULT: {}
COMMAND: GET /session/d8f81470b3cfc07ba78e7ddec22b5762/screenshot - {}
RESULT: {}
]]></system-out>
    </testcase>
    <testcase classname="chrome.135_0_7049_96.windows.Sanity_Tests_US104253" name="Should open Manage Resource Logbook page" time="36.886">
      <system-out><![CDATA[
COMMAND: POST /session/d8f81470b3cfc07ba78e7ddec22b5762/execute/async - {"script":"<script> [1562 bytes]","args":[{"selector":{"controlType":"sap.m.GenericTile","properties":{"header":"Manage Resource Logbook"}},"wdio_ui5_key":"sapm.GenericTile{\"header\":\"Manage Resource Logbook\"}"}]}
RESULT: {"script":"<script> [1562 bytes]","args":[{"selector":{"controlType":"sap.m.GenericTile","properties":{"header":"Manage Resource Logbook"}},"wdio_ui5_key":"sapm.GenericTile{\"header\":\"Manage Resource Logbook\"}"}]}
RESULT: undefined
COMMAND: POST /session/d8f81470b3cfc07ba78e7ddec22b5762/element - {"using":"xpath","value":"//*[@id=\"__tile113\"]"}
RESULT: {"using":"xpath","value":"//*[@id=\"__tile113\"]"}
COMMAND: POST /session/d8f81470b3cfc07ba78e7ddec22b5762/element/f.A8E2447B9DB017212790DA409DB5259F.d.99347E4669FE1975D6BFA99044A7E5B9.e.4386/click - {}
RESULT: {}
COMMAND: GET /session/d8f81470b3cfc07ba78e7ddec22b5762/screenshot - {}
RESULT: {}
RESULT: undefined
COMMAND: POST /session/d8f81470b3cfc07ba78e7ddec22b5762/element - {"using":"xpath","value":"//*[@id=\"__tile113\"]"}
RESULT: {"using":"xpath","value":"//*[@id=\"__tile113\"]"}
COMMAND: POST /session/d8f81470b3cfc07ba78e7ddec22b5762/element/f.A8E2447B9DB017212790DA409DB5259F.d.99347E4669FE1975D6BFA99044A7E5B9.e.4386/click - {}
RESULT: undefined
COMMAND: POST /session/d8f81470b3cfc07ba78e7ddec22b5762/element - {"using":"xpath","value":"//*[@id=\"__tile113\"]"}
RESULT: {"using":"xpath","value":"//*[@id=\"__tile113\"]"}
COMMAND: POST /session/d8f81470b3cfc07ba78e7ddec22b5762/element/f.A8E2447B9DB017212790DA409DB5259F.d.99347E4669FE1975D6BFA99044A7E5B9.e.4386/click - {}
RESULT: undefined
COMMAND: POST /session/d8f81470b3cfc07ba78e7ddec22b5762/execute/async - {"script":"<script> [6424 bytes]","args":[{"element-6066-11e4-a52e-4f735466cecf":"f.A8E2447B9DB017212790DA409DB5259F.d.99347E4669FE1975D6BFA99044A7E5B9.e.290"},"getTitle",[]]}
COMMAND: POST /session/d8f81470b3cfc07ba78e7ddec22b5762/execute/async - {"script":"<script> [1562 bytes]","args":[{"selector":{"id":"shellAppTitle"},"wdio_ui5_key":"shellAppTitle"}]}
RESULT: {"script":"<script> [1562 bytes]","args":[{"selector":{"id":"shellAppTitle"},"wdio_ui5_key":"shellAppTitle"}]}
COMMAND: POST /session/d8f81470b3cfc07ba78e7ddec22b5762/execute/async - {"script":"<script> [6424 bytes]","args":[{"element-6066-11e4-a52e-4f735466cecf":"f.A8E2447B9DB017212790DA409DB5259F.d.99347E4669FE1975D6BFA99044A7E5B9.e.4493"},"getTitle",[]]}
RESULT: {"script":"<script> [6424 bytes]","args":[{"element-6066-11e4-a52e-4f735466cecf":"f.A8E2447B9DB017212790DA409DB5259F.d.99347E4669FE1975D6BFA99044A7E5B9.e.4493"},"getTitle",[]]}
RESULT: undefined
COMMAND: POST /session/d8f81470b3cfc07ba78e7ddec22b5762/element/f.A8E2447B9DB017212790DA409DB5259F.d.99347E4669FE1975D6BFA99044A7E5B9.e.4287/click - {}
COMMAND: POST /session/d8f81470b3cfc07ba78e7ddec22b5762/element - {"using":"xpath","value":"//*[@id=\"backBtn\"]"}
RESULT: {"using":"xpath","value":"//*[@id=\"backBtn\"]"}
COMMAND: POST /session/d8f81470b3cfc07ba78e7ddec22b5762/element/f.A8E2447B9DB017212790DA409DB5259F.d.99347E4669FE1975D6BFA99044A7E5B9.e.4287/click - {}
COMMAND: POST /session/d8f81470b3cfc07ba78e7ddec22b5762/element - {"using":"xpath","value":"//*[@id=\"backBtn\"]"}
RESULT: {"using":"xpath","value":"//*[@id=\"backBtn\"]"}
COMMAND: POST /session/d8f81470b3cfc07ba78e7ddec22b5762/element/f.A8E2447B9DB017212790DA409DB5259F.d.99347E4669FE1975D6BFA99044A7E5B9.e.4494/click - {}
RESULT: {}
COMMAND: GET /session/d8f81470b3cfc07ba78e7ddec22b5762/screenshot - {}
RESULT: {}
]]></system-out>
    </testcase>
    <testcase classname="chrome.135_0_7049_96.windows.Sanity_Tests_US104253" name="Should open Manage Logbook page" time="37.421">
      <system-out><![CDATA[
COMMAND: POST /session/d8f81470b3cfc07ba78e7ddec22b5762/execute/async - {"script":"<script> [1562 bytes]","args":[{"selector":{"controlType":"sap.m.GenericTile","properties":{"header":"Manage Logbook"}},"wdio_ui5_key":"sapm.GenericTile{\"header\":\"Manage Logbook\"}"}]}
RESULT: {"script":"<script> [1562 bytes]","args":[{"selector":{"controlType":"sap.m.GenericTile","properties":{"header":"Manage Logbook"}},"wdio_ui5_key":"sapm.GenericTile{\"header\":\"Manage Logbook\"}"}]}
RESULT: undefined
COMMAND: POST /session/d8f81470b3cfc07ba78e7ddec22b5762/element - {"using":"xpath","value":"//*[@id=\"__tile112\"]"}
RESULT: {"using":"xpath","value":"//*[@id=\"__tile112\"]"}
COMMAND: POST /session/d8f81470b3cfc07ba78e7ddec22b5762/element/f.A8E2447B9DB017212790DA409DB5259F.d.99347E4669FE1975D6BFA99044A7E5B9.e.4496/click - {}
RESULT: {}
COMMAND: GET /session/d8f81470b3cfc07ba78e7ddec22b5762/screenshot - {}
RESULT: {}
RESULT: undefined
COMMAND: POST /session/d8f81470b3cfc07ba78e7ddec22b5762/element - {"using":"xpath","value":"//*[@id=\"__tile112\"]"}
RESULT: {"using":"xpath","value":"//*[@id=\"__tile112\"]"}
COMMAND: POST /session/d8f81470b3cfc07ba78e7ddec22b5762/element/f.A8E2447B9DB017212790DA409DB5259F.d.99347E4669FE1975D6BFA99044A7E5B9.e.4496/click - {}
RESULT: undefined
COMMAND: POST /session/d8f81470b3cfc07ba78e7ddec22b5762/element - {"using":"xpath","value":"//*[@id=\"__tile112\"]"}
RESULT: {"using":"xpath","value":"//*[@id=\"__tile112\"]"}
COMMAND: POST /session/d8f81470b3cfc07ba78e7ddec22b5762/element/f.A8E2447B9DB017212790DA409DB5259F.d.99347E4669FE1975D6BFA99044A7E5B9.e.4496/click - {}
RESULT: undefined
COMMAND: POST /session/d8f81470b3cfc07ba78e7ddec22b5762/execute/async - {"script":"<script> [6424 bytes]","args":[{"element-6066-11e4-a52e-4f735466cecf":"f.A8E2447B9DB017212790DA409DB5259F.d.99347E4669FE1975D6BFA99044A7E5B9.e.290"},"getTitle",[]]}
COMMAND: POST /session/d8f81470b3cfc07ba78e7ddec22b5762/execute/async - {"script":"<script> [1562 bytes]","args":[{"selector":{"id":"shellAppTitle"},"wdio_ui5_key":"shellAppTitle"}]}
RESULT: {"script":"<script> [1562 bytes]","args":[{"selector":{"id":"shellAppTitle"},"wdio_ui5_key":"shellAppTitle"}]}
COMMAND: POST /session/d8f81470b3cfc07ba78e7ddec22b5762/execute/async - {"script":"<script> [6424 bytes]","args":[{"element-6066-11e4-a52e-4f735466cecf":"f.A8E2447B9DB017212790DA409DB5259F.d.99347E4669FE1975D6BFA99044A7E5B9.e.4582"},"getTitle",[]]}
RESULT: {"script":"<script> [6424 bytes]","args":[{"element-6066-11e4-a52e-4f735466cecf":"f.A8E2447B9DB017212790DA409DB5259F.d.99347E4669FE1975D6BFA99044A7E5B9.e.4582"},"getTitle",[]]}
RESULT: undefined
COMMAND: POST /session/d8f81470b3cfc07ba78e7ddec22b5762/element/f.A8E2447B9DB017212790DA409DB5259F.d.99347E4669FE1975D6BFA99044A7E5B9.e.4494/click - {}
RESULT: {}
COMMAND: GET /session/d8f81470b3cfc07ba78e7ddec22b5762/screenshot - {}
RESULT: {}
]]></system-out>
    </testcase>
    <testcase classname="chrome.135_0_7049_96.windows.Sanity_Tests_US104253" name="Should open ISC Orders Calendar page" time="38.59">
      <system-out><![CDATA[
COMMAND: POST /session/d8f81470b3cfc07ba78e7ddec22b5762/execute/async - {"script":"<script> [1562 bytes]","args":[{"selector":{"controlType":"sap.m.GenericTile","properties":{"header":"ISC Orders Calendar"}},"wdio_ui5_key":"sapm.GenericTile{\"header\":\"ISC Orders Calendar\"}"}]}
RESULT: {"script":"<script> [1562 bytes]","args":[{"selector":{"controlType":"sap.m.GenericTile","properties":{"header":"ISC Orders Calendar"}},"wdio_ui5_key":"sapm.GenericTile{\"header\":\"ISC Orders Calendar\"}"}]}
RESULT: undefined
COMMAND: POST /session/d8f81470b3cfc07ba78e7ddec22b5762/element - {"using":"xpath","value":"//*[@id=\"__tile107\"]"}
RESULT: {"using":"xpath","value":"//*[@id=\"__tile107\"]"}
COMMAND: POST /session/d8f81470b3cfc07ba78e7ddec22b5762/element/f.A8E2447B9DB017212790DA409DB5259F.d.99347E4669FE1975D6BFA99044A7E5B9.e.4584/click - {}
RESULT: {}
COMMAND: GET /session/d8f81470b3cfc07ba78e7ddec22b5762/screenshot - {}
RESULT: {}
RESULT: undefined
COMMAND: POST /session/d8f81470b3cfc07ba78e7ddec22b5762/element - {"using":"xpath","value":"//*[@id=\"__tile107\"]"}
RESULT: {"using":"xpath","value":"//*[@id=\"__tile107\"]"}
COMMAND: POST /session/d8f81470b3cfc07ba78e7ddec22b5762/element/f.A8E2447B9DB017212790DA409DB5259F.d.99347E4669FE1975D6BFA99044A7E5B9.e.4584/click - {}
RESULT: undefined
COMMAND: POST /session/d8f81470b3cfc07ba78e7ddec22b5762/element - {"using":"xpath","value":"//*[@id=\"__tile107\"]"}
RESULT: {"using":"xpath","value":"//*[@id=\"__tile107\"]"}
COMMAND: POST /session/d8f81470b3cfc07ba78e7ddec22b5762/element/f.A8E2447B9DB017212790DA409DB5259F.d.99347E4669FE1975D6BFA99044A7E5B9.e.4584/click - {}
RESULT: undefined
COMMAND: POST /session/d8f81470b3cfc07ba78e7ddec22b5762/execute/async - {"script":"<script> [6424 bytes]","args":[{"element-6066-11e4-a52e-4f735466cecf":"f.A8E2447B9DB017212790DA409DB5259F.d.99347E4669FE1975D6BFA99044A7E5B9.e.290"},"getTitle",[]]}
COMMAND: POST /session/d8f81470b3cfc07ba78e7ddec22b5762/execute/async - {"script":"<script> [1562 bytes]","args":[{"selector":{"id":"shellAppTitle"},"wdio_ui5_key":"shellAppTitle"}]}
RESULT: {"script":"<script> [1562 bytes]","args":[{"selector":{"id":"shellAppTitle"},"wdio_ui5_key":"shellAppTitle"}]}
COMMAND: POST /session/d8f81470b3cfc07ba78e7ddec22b5762/execute/async - {"script":"<script> [6424 bytes]","args":[{"element-6066-11e4-a52e-4f735466cecf":"f.A8E2447B9DB017212790DA409DB5259F.d.99347E4669FE1975D6BFA99044A7E5B9.e.4760"},"getTitle",[]]}
RESULT: {"script":"<script> [6424 bytes]","args":[{"element-6066-11e4-a52e-4f735466cecf":"f.A8E2447B9DB017212790DA409DB5259F.d.99347E4669FE1975D6BFA99044A7E5B9.e.4760"},"getTitle",[]]}
RESULT: undefined
COMMAND: POST /session/d8f81470b3cfc07ba78e7ddec22b5762/element/f.A8E2447B9DB017212790DA409DB5259F.d.99347E4669FE1975D6BFA99044A7E5B9.e.4494/click - {}
COMMAND: POST /session/d8f81470b3cfc07ba78e7ddec22b5762/element - {"using":"xpath","value":"//*[@id=\"backBtn\"]"}
RESULT: {"using":"xpath","value":"//*[@id=\"backBtn\"]"}
COMMAND: POST /session/d8f81470b3cfc07ba78e7ddec22b5762/element/f.A8E2447B9DB017212790DA409DB5259F.d.99347E4669FE1975D6BFA99044A7E5B9.e.4494/click - {}
COMMAND: POST /session/d8f81470b3cfc07ba78e7ddec22b5762/element - {"using":"xpath","value":"//*[@id=\"backBtn\"]"}
RESULT: {"using":"xpath","value":"//*[@id=\"backBtn\"]"}
COMMAND: POST /session/d8f81470b3cfc07ba78e7ddec22b5762/element/f.A8E2447B9DB017212790DA409DB5259F.d.99347E4669FE1975D6BFA99044A7E5B9.e.4761/click - {}
RESULT: {}
COMMAND: GET /session/d8f81470b3cfc07ba78e7ddec22b5762/screenshot - {}
RESULT: {}
]]></system-out>
    </testcase>
    <testcase classname="chrome.135_0_7049_96.windows.Sanity_Tests_US104253" name="Should open Configure System page" time="36.123">
      <system-out><![CDATA[
COMMAND: POST /session/d8f81470b3cfc07ba78e7ddec22b5762/execute/async - {"script":"<script> [1562 bytes]","args":[{"selector":{"controlType":"sap.m.GenericTile","properties":{"header":"Configure System"}},"wdio_ui5_key":"sapm.GenericTile{\"header\":\"Configure System\"}"}]}
RESULT: {"script":"<script> [1562 bytes]","args":[{"selector":{"controlType":"sap.m.GenericTile","properties":{"header":"Configure System"}},"wdio_ui5_key":"sapm.GenericTile{\"header\":\"Configure System\"}"}]}
RESULT: undefined
COMMAND: POST /session/d8f81470b3cfc07ba78e7ddec22b5762/element - {"using":"xpath","value":"//*[@id=\"__tile114\"]"}
RESULT: {"using":"xpath","value":"//*[@id=\"__tile114\"]"}
COMMAND: POST /session/d8f81470b3cfc07ba78e7ddec22b5762/element/f.A8E2447B9DB017212790DA409DB5259F.d.99347E4669FE1975D6BFA99044A7E5B9.e.4763/click - {}
RESULT: {}
COMMAND: GET /session/d8f81470b3cfc07ba78e7ddec22b5762/screenshot - {}
RESULT: {}
RESULT: undefined
COMMAND: POST /session/d8f81470b3cfc07ba78e7ddec22b5762/element - {"using":"xpath","value":"//*[@id=\"__tile114\"]"}
RESULT: {"using":"xpath","value":"//*[@id=\"__tile114\"]"}
COMMAND: POST /session/d8f81470b3cfc07ba78e7ddec22b5762/element/f.A8E2447B9DB017212790DA409DB5259F.d.99347E4669FE1975D6BFA99044A7E5B9.e.4763/click - {}
RESULT: undefined
COMMAND: POST /session/d8f81470b3cfc07ba78e7ddec22b5762/element - {"using":"xpath","value":"//*[@id=\"__tile114\"]"}
RESULT: {"using":"xpath","value":"//*[@id=\"__tile114\"]"}
COMMAND: POST /session/d8f81470b3cfc07ba78e7ddec22b5762/element/f.A8E2447B9DB017212790DA409DB5259F.d.99347E4669FE1975D6BFA99044A7E5B9.e.4763/click - {}
RESULT: undefined
COMMAND: POST /session/d8f81470b3cfc07ba78e7ddec22b5762/execute/async - {"script":"<script> [6424 bytes]","args":[{"element-6066-11e4-a52e-4f735466cecf":"f.A8E2447B9DB017212790DA409DB5259F.d.99347E4669FE1975D6BFA99044A7E5B9.e.290"},"getTitle",[]]}
COMMAND: POST /session/d8f81470b3cfc07ba78e7ddec22b5762/execute/async - {"script":"<script> [1562 bytes]","args":[{"selector":{"id":"shellAppTitle"},"wdio_ui5_key":"shellAppTitle"}]}
RESULT: {"script":"<script> [1562 bytes]","args":[{"selector":{"id":"shellAppTitle"},"wdio_ui5_key":"shellAppTitle"}]}
COMMAND: POST /session/d8f81470b3cfc07ba78e7ddec22b5762/execute/async - {"script":"<script> [6424 bytes]","args":[{"element-6066-11e4-a52e-4f735466cecf":"f.A8E2447B9DB017212790DA409DB5259F.d.99347E4669FE1975D6BFA99044A7E5B9.e.4802"},"getTitle",[]]}
RESULT: {"script":"<script> [6424 bytes]","args":[{"element-6066-11e4-a52e-4f735466cecf":"f.A8E2447B9DB017212790DA409DB5259F.d.99347E4669FE1975D6BFA99044A7E5B9.e.4802"},"getTitle",[]]}
RESULT: undefined
COMMAND: POST /session/d8f81470b3cfc07ba78e7ddec22b5762/element/f.A8E2447B9DB017212790DA409DB5259F.d.99347E4669FE1975D6BFA99044A7E5B9.e.4761/click - {}
RESULT: {}
COMMAND: GET /session/d8f81470b3cfc07ba78e7ddec22b5762/screenshot - {}
RESULT: {}
]]></system-out>
    </testcase>
    <testcase classname="chrome.135_0_7049_96.windows.Sanity_Tests_US104253" name="Should open Manage Classifications page" time="36.611">
      <system-out><![CDATA[
COMMAND: POST /session/d8f81470b3cfc07ba78e7ddec22b5762/execute/async - {"script":"<script> [1562 bytes]","args":[{"selector":{"controlType":"sap.m.GenericTile","properties":{"header":"Manage Classifications"}},"wdio_ui5_key":"sapm.GenericTile{\"header\":\"Manage Classifications\"}"}]}
RESULT: {"script":"<script> [1562 bytes]","args":[{"selector":{"controlType":"sap.m.GenericTile","properties":{"header":"Manage Classifications"}},"wdio_ui5_key":"sapm.GenericTile{\"header\":\"Manage Classifications\"}"}]}
RESULT: undefined
COMMAND: POST /session/d8f81470b3cfc07ba78e7ddec22b5762/element - {"using":"xpath","value":"//*[@id=\"__tile115\"]"}
RESULT: {"using":"xpath","value":"//*[@id=\"__tile115\"]"}
COMMAND: POST /session/d8f81470b3cfc07ba78e7ddec22b5762/element/f.A8E2447B9DB017212790DA409DB5259F.d.99347E4669FE1975D6BFA99044A7E5B9.e.4806/click - {}
RESULT: {}
COMMAND: GET /session/d8f81470b3cfc07ba78e7ddec22b5762/screenshot - {}
RESULT: {}
RESULT: undefined
COMMAND: POST /session/d8f81470b3cfc07ba78e7ddec22b5762/element - {"using":"xpath","value":"//*[@id=\"__tile115\"]"}
RESULT: {"using":"xpath","value":"//*[@id=\"__tile115\"]"}
COMMAND: POST /session/d8f81470b3cfc07ba78e7ddec22b5762/element/f.A8E2447B9DB017212790DA409DB5259F.d.99347E4669FE1975D6BFA99044A7E5B9.e.4806/click - {}
RESULT: undefined
COMMAND: POST /session/d8f81470b3cfc07ba78e7ddec22b5762/element - {"using":"xpath","value":"//*[@id=\"__tile115\"]"}
RESULT: {"using":"xpath","value":"//*[@id=\"__tile115\"]"}
COMMAND: POST /session/d8f81470b3cfc07ba78e7ddec22b5762/element/f.A8E2447B9DB017212790DA409DB5259F.d.99347E4669FE1975D6BFA99044A7E5B9.e.4806/click - {}
RESULT: undefined
COMMAND: POST /session/d8f81470b3cfc07ba78e7ddec22b5762/execute/async - {"script":"<script> [6424 bytes]","args":[{"element-6066-11e4-a52e-4f735466cecf":"f.A8E2447B9DB017212790DA409DB5259F.d.99347E4669FE1975D6BFA99044A7E5B9.e.290"},"getTitle",[]]}
COMMAND: POST /session/d8f81470b3cfc07ba78e7ddec22b5762/execute/async - {"script":"<script> [1562 bytes]","args":[{"selector":{"id":"shellAppTitle"},"wdio_ui5_key":"shellAppTitle"}]}
RESULT: {"script":"<script> [1562 bytes]","args":[{"selector":{"id":"shellAppTitle"},"wdio_ui5_key":"shellAppTitle"}]}
COMMAND: POST /session/d8f81470b3cfc07ba78e7ddec22b5762/execute/async - {"script":"<script> [6424 bytes]","args":[{"element-6066-11e4-a52e-4f735466cecf":"f.A8E2447B9DB017212790DA409DB5259F.d.99347E4669FE1975D6BFA99044A7E5B9.e.5072"},"getTitle",[]]}
RESULT: {"script":"<script> [6424 bytes]","args":[{"element-6066-11e4-a52e-4f735466cecf":"f.A8E2447B9DB017212790DA409DB5259F.d.99347E4669FE1975D6BFA99044A7E5B9.e.5072"},"getTitle",[]]}
RESULT: undefined
COMMAND: POST /session/d8f81470b3cfc07ba78e7ddec22b5762/element/f.A8E2447B9DB017212790DA409DB5259F.d.99347E4669FE1975D6BFA99044A7E5B9.e.4761/click - {}
COMMAND: POST /session/d8f81470b3cfc07ba78e7ddec22b5762/element - {"using":"xpath","value":"//*[@id=\"backBtn\"]"}
RESULT: {"using":"xpath","value":"//*[@id=\"backBtn\"]"}
COMMAND: POST /session/d8f81470b3cfc07ba78e7ddec22b5762/element/f.A8E2447B9DB017212790DA409DB5259F.d.99347E4669FE1975D6BFA99044A7E5B9.e.4761/click - {}
COMMAND: POST /session/d8f81470b3cfc07ba78e7ddec22b5762/element - {"using":"xpath","value":"//*[@id=\"backBtn\"]"}
RESULT: {"using":"xpath","value":"//*[@id=\"backBtn\"]"}
COMMAND: POST /session/d8f81470b3cfc07ba78e7ddec22b5762/element/f.A8E2447B9DB017212790DA409DB5259F.d.99347E4669FE1975D6BFA99044A7E5B9.e.5073/click - {}
RESULT: {}
COMMAND: GET /session/d8f81470b3cfc07ba78e7ddec22b5762/screenshot - {}
RESULT: {}
]]></system-out>
    </testcase>
    <testcase classname="chrome.135_0_7049_96.windows.Sanity_Tests_US104253" name="Should open Data Explorer page" time="42.197">
      <system-out><![CDATA[
COMMAND: POST /session/d8f81470b3cfc07ba78e7ddec22b5762/execute/async - {"script":"<script> [1562 bytes]","args":[{"selector":{"controlType":"sap.m.GenericTile","properties":{"header":"Data Explorer"}},"wdio_ui5_key":"sapm.GenericTile{\"header\":\"Data Explorer\"}"}]}
RESULT: {"script":"<script> [1562 bytes]","args":[{"selector":{"controlType":"sap.m.GenericTile","properties":{"header":"Data Explorer"}},"wdio_ui5_key":"sapm.GenericTile{\"header\":\"Data Explorer\"}"}]}
RESULT: undefined
COMMAND: POST /session/d8f81470b3cfc07ba78e7ddec22b5762/element - {"using":"xpath","value":"//*[@id=\"__tile117\"]"}
RESULT: {"using":"xpath","value":"//*[@id=\"__tile117\"]"}
COMMAND: POST /session/d8f81470b3cfc07ba78e7ddec22b5762/element/f.A8E2447B9DB017212790DA409DB5259F.d.99347E4669FE1975D6BFA99044A7E5B9.e.5075/click - {}
RESULT: {}
COMMAND: GET /session/d8f81470b3cfc07ba78e7ddec22b5762/screenshot - {}
RESULT: {}
RESULT: undefined
COMMAND: POST /session/d8f81470b3cfc07ba78e7ddec22b5762/element - {"using":"xpath","value":"//*[@id=\"__tile117\"]"}
RESULT: {"using":"xpath","value":"//*[@id=\"__tile117\"]"}
COMMAND: POST /session/d8f81470b3cfc07ba78e7ddec22b5762/element/f.A8E2447B9DB017212790DA409DB5259F.d.99347E4669FE1975D6BFA99044A7E5B9.e.5075/click - {}
RESULT: undefined
COMMAND: POST /session/d8f81470b3cfc07ba78e7ddec22b5762/element - {"using":"xpath","value":"//*[@id=\"__tile117\"]"}
RESULT: {"using":"xpath","value":"//*[@id=\"__tile117\"]"}
COMMAND: POST /session/d8f81470b3cfc07ba78e7ddec22b5762/element/f.A8E2447B9DB017212790DA409DB5259F.d.99347E4669FE1975D6BFA99044A7E5B9.e.5075/click - {}
RESULT: undefined
COMMAND: POST /session/d8f81470b3cfc07ba78e7ddec22b5762/execute/async - {"script":"<script> [6424 bytes]","args":[{"element-6066-11e4-a52e-4f735466cecf":"f.A8E2447B9DB017212790DA409DB5259F.d.99347E4669FE1975D6BFA99044A7E5B9.e.290"},"getTitle",[]]}
COMMAND: POST /session/d8f81470b3cfc07ba78e7ddec22b5762/execute/async - {"script":"<script> [1562 bytes]","args":[{"selector":{"id":"shellAppTitle"},"wdio_ui5_key":"shellAppTitle"}]}
RESULT: {"script":"<script> [1562 bytes]","args":[{"selector":{"id":"shellAppTitle"},"wdio_ui5_key":"shellAppTitle"}]}
COMMAND: POST /session/d8f81470b3cfc07ba78e7ddec22b5762/execute/async - {"script":"<script> [6424 bytes]","args":[{"element-6066-11e4-a52e-4f735466cecf":"f.A8E2447B9DB017212790DA409DB5259F.d.99347E4669FE1975D6BFA99044A7E5B9.e.5400"},"getTitle",[]]}
RESULT: {"script":"<script> [6424 bytes]","args":[{"element-6066-11e4-a52e-4f735466cecf":"f.A8E2447B9DB017212790DA409DB5259F.d.99347E4669FE1975D6BFA99044A7E5B9.e.5400"},"getTitle",[]]}
RESULT: undefined
COMMAND: POST /session/d8f81470b3cfc07ba78e7ddec22b5762/element/f.A8E2447B9DB017212790DA409DB5259F.d.99347E4669FE1975D6BFA99044A7E5B9.e.5073/click - {}
RESULT: {}
COMMAND: GET /session/d8f81470b3cfc07ba78e7ddec22b5762/screenshot - {}
RESULT: {}
]]></system-out>
    </testcase>
    <testcase classname="chrome.135_0_7049_96.windows.Sanity_Tests_US104253" name="Should open Performance Monitor page" time="35.431">
      <system-out><![CDATA[
COMMAND: POST /session/d8f81470b3cfc07ba78e7ddec22b5762/execute/async - {"script":"<script> [1562 bytes]","args":[{"selector":{"controlType":"sap.m.GenericTile","properties":{"header":"Performance Monitor"}},"wdio_ui5_key":"sapm.GenericTile{\"header\":\"Performance Monitor\"}"}]}
RESULT: {"script":"<script> [1562 bytes]","args":[{"selector":{"controlType":"sap.m.GenericTile","properties":{"header":"Performance Monitor"}},"wdio_ui5_key":"sapm.GenericTile{\"header\":\"Performance Monitor\"}"}]}
RESULT: undefined
COMMAND: POST /session/d8f81470b3cfc07ba78e7ddec22b5762/element - {"using":"xpath","value":"//*[@id=\"__tile116\"]"}
RESULT: {"using":"xpath","value":"//*[@id=\"__tile116\"]"}
COMMAND: POST /session/d8f81470b3cfc07ba78e7ddec22b5762/element/f.A8E2447B9DB017212790DA409DB5259F.d.99347E4669FE1975D6BFA99044A7E5B9.e.5402/click - {}
RESULT: {}
COMMAND: GET /session/d8f81470b3cfc07ba78e7ddec22b5762/screenshot - {}
RESULT: {}
RESULT: undefined
COMMAND: POST /session/d8f81470b3cfc07ba78e7ddec22b5762/element - {"using":"xpath","value":"//*[@id=\"__tile116\"]"}
RESULT: {"using":"xpath","value":"//*[@id=\"__tile116\"]"}
COMMAND: POST /session/d8f81470b3cfc07ba78e7ddec22b5762/element/f.A8E2447B9DB017212790DA409DB5259F.d.99347E4669FE1975D6BFA99044A7E5B9.e.5402/click - {}
RESULT: undefined
COMMAND: POST /session/d8f81470b3cfc07ba78e7ddec22b5762/element - {"using":"xpath","value":"//*[@id=\"__tile116\"]"}
RESULT: {"using":"xpath","value":"//*[@id=\"__tile116\"]"}
COMMAND: POST /session/d8f81470b3cfc07ba78e7ddec22b5762/element/f.A8E2447B9DB017212790DA409DB5259F.d.99347E4669FE1975D6BFA99044A7E5B9.e.5402/click - {}
RESULT: undefined
COMMAND: POST /session/d8f81470b3cfc07ba78e7ddec22b5762/execute/async - {"script":"<script> [6424 bytes]","args":[{"element-6066-11e4-a52e-4f735466cecf":"f.A8E2447B9DB017212790DA409DB5259F.d.99347E4669FE1975D6BFA99044A7E5B9.e.290"},"getTitle",[]]}
COMMAND: POST /session/d8f81470b3cfc07ba78e7ddec22b5762/execute/async - {"script":"<script> [1562 bytes]","args":[{"selector":{"id":"shellAppTitle"},"wdio_ui5_key":"shellAppTitle"}]}
RESULT: {"script":"<script> [1562 bytes]","args":[{"selector":{"id":"shellAppTitle"},"wdio_ui5_key":"shellAppTitle"}]}
COMMAND: POST /session/d8f81470b3cfc07ba78e7ddec22b5762/execute/async - {"script":"<script> [6424 bytes]","args":[{"element-6066-11e4-a52e-4f735466cecf":"f.A8E2447B9DB017212790DA409DB5259F.d.99347E4669FE1975D6BFA99044A7E5B9.e.5443"},"getTitle",[]]}
RESULT: {"script":"<script> [6424 bytes]","args":[{"element-6066-11e4-a52e-4f735466cecf":"f.A8E2447B9DB017212790DA409DB5259F.d.99347E4669FE1975D6BFA99044A7E5B9.e.5443"},"getTitle",[]]}
RESULT: undefined
COMMAND: POST /session/d8f81470b3cfc07ba78e7ddec22b5762/element/f.A8E2447B9DB017212790DA409DB5259F.d.99347E4669FE1975D6BFA99044A7E5B9.e.5073/click - {}
COMMAND: POST /session/d8f81470b3cfc07ba78e7ddec22b5762/element - {"using":"xpath","value":"//*[@id=\"backBtn\"]"}
RESULT: {"using":"xpath","value":"//*[@id=\"backBtn\"]"}
COMMAND: POST /session/d8f81470b3cfc07ba78e7ddec22b5762/element/f.A8E2447B9DB017212790DA409DB5259F.d.99347E4669FE1975D6BFA99044A7E5B9.e.5073/click - {}
COMMAND: POST /session/d8f81470b3cfc07ba78e7ddec22b5762/element - {"using":"xpath","value":"//*[@id=\"backBtn\"]"}
RESULT: {"using":"xpath","value":"//*[@id=\"backBtn\"]"}
COMMAND: POST /session/d8f81470b3cfc07ba78e7ddec22b5762/element/f.A8E2447B9DB017212790DA409DB5259F.d.99347E4669FE1975D6BFA99044A7E5B9.e.5444/click - {}
RESULT: {}
COMMAND: GET /session/d8f81470b3cfc07ba78e7ddec22b5762/screenshot - {}
RESULT: {}
]]></system-out>
    </testcase>
    <testcase classname="chrome.135_0_7049_96.windows.Sanity_Tests_US104253" name="Should open Organizational Model page" time="35.574">
      <system-out><![CDATA[
COMMAND: POST /session/d8f81470b3cfc07ba78e7ddec22b5762/execute/async - {"script":"<script> [1562 bytes]","args":[{"selector":{"controlType":"sap.m.GenericTile","properties":{"header":"Organizational Model"}},"wdio_ui5_key":"sapm.GenericTile{\"header\":\"Organizational Model\"}"}]}
RESULT: {"script":"<script> [1562 bytes]","args":[{"selector":{"controlType":"sap.m.GenericTile","properties":{"header":"Organizational Model"}},"wdio_ui5_key":"sapm.GenericTile{\"header\":\"Organizational Model\"}"}]}
RESULT: undefined
COMMAND: POST /session/d8f81470b3cfc07ba78e7ddec22b5762/element - {"using":"xpath","value":"//*[@id=\"__tile120\"]"}
RESULT: {"using":"xpath","value":"//*[@id=\"__tile120\"]"}
COMMAND: POST /session/d8f81470b3cfc07ba78e7ddec22b5762/element/f.A8E2447B9DB017212790DA409DB5259F.d.99347E4669FE1975D6BFA99044A7E5B9.e.5447/click - {}
RESULT: {}
COMMAND: GET /session/d8f81470b3cfc07ba78e7ddec22b5762/screenshot - {}
RESULT: {}
RESULT: undefined
COMMAND: POST /session/d8f81470b3cfc07ba78e7ddec22b5762/element - {"using":"xpath","value":"//*[@id=\"__tile120\"]"}
RESULT: {"using":"xpath","value":"//*[@id=\"__tile120\"]"}
COMMAND: POST /session/d8f81470b3cfc07ba78e7ddec22b5762/element/f.A8E2447B9DB017212790DA409DB5259F.d.99347E4669FE1975D6BFA99044A7E5B9.e.5447/click - {}
RESULT: undefined
COMMAND: POST /session/d8f81470b3cfc07ba78e7ddec22b5762/element - {"using":"xpath","value":"//*[@id=\"__tile120\"]"}
RESULT: {"using":"xpath","value":"//*[@id=\"__tile120\"]"}
COMMAND: POST /session/d8f81470b3cfc07ba78e7ddec22b5762/element/f.A8E2447B9DB017212790DA409DB5259F.d.99347E4669FE1975D6BFA99044A7E5B9.e.5447/click - {}
RESULT: undefined
COMMAND: POST /session/d8f81470b3cfc07ba78e7ddec22b5762/execute/async - {"script":"<script> [6424 bytes]","args":[{"element-6066-11e4-a52e-4f735466cecf":"f.A8E2447B9DB017212790DA409DB5259F.d.99347E4669FE1975D6BFA99044A7E5B9.e.290"},"getTitle",[]]}
COMMAND: POST /session/d8f81470b3cfc07ba78e7ddec22b5762/execute/async - {"script":"<script> [1562 bytes]","args":[{"selector":{"id":"shellAppTitle"},"wdio_ui5_key":"shellAppTitle"}]}
RESULT: {"script":"<script> [1562 bytes]","args":[{"selector":{"id":"shellAppTitle"},"wdio_ui5_key":"shellAppTitle"}]}
COMMAND: POST /session/d8f81470b3cfc07ba78e7ddec22b5762/execute/async - {"script":"<script> [6424 bytes]","args":[{"element-6066-11e4-a52e-4f735466cecf":"f.A8E2447B9DB017212790DA409DB5259F.d.99347E4669FE1975D6BFA99044A7E5B9.e.5464"},"getTitle",[]]}
RESULT: {"script":"<script> [6424 bytes]","args":[{"element-6066-11e4-a52e-4f735466cecf":"f.A8E2447B9DB017212790DA409DB5259F.d.99347E4669FE1975D6BFA99044A7E5B9.e.5464"},"getTitle",[]]}
RESULT: undefined
COMMAND: POST /session/d8f81470b3cfc07ba78e7ddec22b5762/element/f.A8E2447B9DB017212790DA409DB5259F.d.99347E4669FE1975D6BFA99044A7E5B9.e.5444/click - {}
RESULT: {}
COMMAND: GET /session/d8f81470b3cfc07ba78e7ddec22b5762/screenshot - {}
RESULT: {}
]]></system-out>
    </testcase>
    <testcase classname="chrome.135_0_7049_96.windows.Sanity_Tests_US104253" name="Should open Manage Roles page" time="34.39">
      <system-out><![CDATA[
COMMAND: POST /session/d8f81470b3cfc07ba78e7ddec22b5762/execute/async - {"script":"<script> [1562 bytes]","args":[{"selector":{"controlType":"sap.m.GenericTile","properties":{"header":"Manage Roles"}},"wdio_ui5_key":"sapm.GenericTile{\"header\":\"Manage Roles\"}"}]}
RESULT: {"script":"<script> [1562 bytes]","args":[{"selector":{"controlType":"sap.m.GenericTile","properties":{"header":"Manage Roles"}},"wdio_ui5_key":"sapm.GenericTile{\"header\":\"Manage Roles\"}"}]}
RESULT: undefined
COMMAND: POST /session/d8f81470b3cfc07ba78e7ddec22b5762/element - {"using":"xpath","value":"//*[@id=\"__tile119\"]"}
RESULT: {"using":"xpath","value":"//*[@id=\"__tile119\"]"}
COMMAND: POST /session/d8f81470b3cfc07ba78e7ddec22b5762/element/f.A8E2447B9DB017212790DA409DB5259F.d.99347E4669FE1975D6BFA99044A7E5B9.e.5468/click - {}
RESULT: {}
COMMAND: GET /session/d8f81470b3cfc07ba78e7ddec22b5762/screenshot - {}
RESULT: {}
RESULT: undefined
COMMAND: POST /session/d8f81470b3cfc07ba78e7ddec22b5762/element - {"using":"xpath","value":"//*[@id=\"__tile119\"]"}
RESULT: {"using":"xpath","value":"//*[@id=\"__tile119\"]"}
COMMAND: POST /session/d8f81470b3cfc07ba78e7ddec22b5762/element/f.A8E2447B9DB017212790DA409DB5259F.d.99347E4669FE1975D6BFA99044A7E5B9.e.5468/click - {}
RESULT: undefined
COMMAND: POST /session/d8f81470b3cfc07ba78e7ddec22b5762/element - {"using":"xpath","value":"//*[@id=\"__tile119\"]"}
RESULT: {"using":"xpath","value":"//*[@id=\"__tile119\"]"}
COMMAND: POST /session/d8f81470b3cfc07ba78e7ddec22b5762/element/f.A8E2447B9DB017212790DA409DB5259F.d.99347E4669FE1975D6BFA99044A7E5B9.e.5468/click - {}
RESULT: undefined
COMMAND: POST /session/d8f81470b3cfc07ba78e7ddec22b5762/execute/async - {"script":"<script> [6424 bytes]","args":[{"element-6066-11e4-a52e-4f735466cecf":"f.A8E2447B9DB017212790DA409DB5259F.d.99347E4669FE1975D6BFA99044A7E5B9.e.290"},"getTitle",[]]}
COMMAND: POST /session/d8f81470b3cfc07ba78e7ddec22b5762/execute/async - {"script":"<script> [1562 bytes]","args":[{"selector":{"id":"shellAppTitle"},"wdio_ui5_key":"shellAppTitle"}]}
RESULT: {"script":"<script> [1562 bytes]","args":[{"selector":{"id":"shellAppTitle"},"wdio_ui5_key":"shellAppTitle"}]}
COMMAND: POST /session/d8f81470b3cfc07ba78e7ddec22b5762/execute/async - {"script":"<script> [6424 bytes]","args":[{"element-6066-11e4-a52e-4f735466cecf":"f.A8E2447B9DB017212790DA409DB5259F.d.99347E4669FE1975D6BFA99044A7E5B9.e.5512"},"getTitle",[]]}
RESULT: {"script":"<script> [6424 bytes]","args":[{"element-6066-11e4-a52e-4f735466cecf":"f.A8E2447B9DB017212790DA409DB5259F.d.99347E4669FE1975D6BFA99044A7E5B9.e.5512"},"getTitle",[]]}
RESULT: undefined
COMMAND: POST /session/d8f81470b3cfc07ba78e7ddec22b5762/element/f.A8E2447B9DB017212790DA409DB5259F.d.99347E4669FE1975D6BFA99044A7E5B9.e.5444/click - {}
COMMAND: POST /session/d8f81470b3cfc07ba78e7ddec22b5762/element - {"using":"xpath","value":"//*[@id=\"backBtn\"]"}
RESULT: {"using":"xpath","value":"//*[@id=\"backBtn\"]"}
COMMAND: POST /session/d8f81470b3cfc07ba78e7ddec22b5762/element/f.A8E2447B9DB017212790DA409DB5259F.d.99347E4669FE1975D6BFA99044A7E5B9.e.5444/click - {}
COMMAND: POST /session/d8f81470b3cfc07ba78e7ddec22b5762/element - {"using":"xpath","value":"//*[@id=\"backBtn\"]"}
RESULT: {"using":"xpath","value":"//*[@id=\"backBtn\"]"}
COMMAND: POST /session/d8f81470b3cfc07ba78e7ddec22b5762/element/f.A8E2447B9DB017212790DA409DB5259F.d.99347E4669FE1975D6BFA99044A7E5B9.e.5513/click - {}
RESULT: {}
COMMAND: GET /session/d8f81470b3cfc07ba78e7ddec22b5762/screenshot - {}
RESULT: {}
]]></system-out>
    </testcase>
    <testcase classname="chrome.135_0_7049_96.windows.Sanity_Tests_US104253" name="Should open Authorization Tables page" time="32.501">
      <system-out><![CDATA[
COMMAND: POST /session/d8f81470b3cfc07ba78e7ddec22b5762/execute/async - {"script":"<script> [1562 bytes]","args":[{"selector":{"controlType":"sap.m.GenericTile","properties":{"header":"Authorization Tables"}},"wdio_ui5_key":"sapm.GenericTile{\"header\":\"Authorization Tables\"}"}]}
RESULT: {"script":"<script> [1562 bytes]","args":[{"selector":{"controlType":"sap.m.GenericTile","properties":{"header":"Authorization Tables"}},"wdio_ui5_key":"sapm.GenericTile{\"header\":\"Authorization Tables\"}"}]}
RESULT: undefined
COMMAND: POST /session/d8f81470b3cfc07ba78e7ddec22b5762/element - {"using":"xpath","value":"//*[@id=\"__tile118\"]"}
RESULT: {"using":"xpath","value":"//*[@id=\"__tile118\"]"}
COMMAND: POST /session/d8f81470b3cfc07ba78e7ddec22b5762/element/f.A8E2447B9DB017212790DA409DB5259F.d.99347E4669FE1975D6BFA99044A7E5B9.e.5515/click - {}
RESULT: {}
COMMAND: GET /session/d8f81470b3cfc07ba78e7ddec22b5762/screenshot - {}
RESULT: {}
RESULT: undefined
COMMAND: POST /session/d8f81470b3cfc07ba78e7ddec22b5762/element - {"using":"xpath","value":"//*[@id=\"__tile118\"]"}
RESULT: {"using":"xpath","value":"//*[@id=\"__tile118\"]"}
COMMAND: POST /session/d8f81470b3cfc07ba78e7ddec22b5762/element/f.A8E2447B9DB017212790DA409DB5259F.d.99347E4669FE1975D6BFA99044A7E5B9.e.5515/click - {}
RESULT: undefined
COMMAND: POST /session/d8f81470b3cfc07ba78e7ddec22b5762/element - {"using":"xpath","value":"//*[@id=\"__tile118\"]"}
RESULT: {"using":"xpath","value":"//*[@id=\"__tile118\"]"}
COMMAND: POST /session/d8f81470b3cfc07ba78e7ddec22b5762/element/f.A8E2447B9DB017212790DA409DB5259F.d.99347E4669FE1975D6BFA99044A7E5B9.e.5515/click - {}
RESULT: undefined
COMMAND: POST /session/d8f81470b3cfc07ba78e7ddec22b5762/execute/async - {"script":"<script> [6424 bytes]","args":[{"element-6066-11e4-a52e-4f735466cecf":"f.A8E2447B9DB017212790DA409DB5259F.d.99347E4669FE1975D6BFA99044A7E5B9.e.290"},"getTitle",[]]}
COMMAND: POST /session/d8f81470b3cfc07ba78e7ddec22b5762/execute/async - {"script":"<script> [1562 bytes]","args":[{"selector":{"id":"shellAppTitle"},"wdio_ui5_key":"shellAppTitle"}]}
RESULT: {"script":"<script> [1562 bytes]","args":[{"selector":{"id":"shellAppTitle"},"wdio_ui5_key":"shellAppTitle"}]}
COMMAND: POST /session/d8f81470b3cfc07ba78e7ddec22b5762/execute/async - {"script":"<script> [6424 bytes]","args":[{"element-6066-11e4-a52e-4f735466cecf":"f.A8E2447B9DB017212790DA409DB5259F.d.99347E4669FE1975D6BFA99044A7E5B9.e.5601"},"getTitle",[]]}
RESULT: {"script":"<script> [6424 bytes]","args":[{"element-6066-11e4-a52e-4f735466cecf":"f.A8E2447B9DB017212790DA409DB5259F.d.99347E4669FE1975D6BFA99044A7E5B9.e.5601"},"getTitle",[]]}
RESULT: undefined
COMMAND: POST /session/d8f81470b3cfc07ba78e7ddec22b5762/element/f.A8E2447B9DB017212790DA409DB5259F.d.99347E4669FE1975D6BFA99044A7E5B9.e.5513/click - {}
RESULT: {}
COMMAND: GET /session/d8f81470b3cfc07ba78e7ddec22b5762/screenshot - {}
RESULT: {}
]]></system-out>
    </testcase>
    <testcase classname="chrome.135_0_7049_96.windows.Sanity_Tests_US104253" name="Should open User Maintenance page" time="32.72">
      <system-out><![CDATA[
COMMAND: POST /session/d8f81470b3cfc07ba78e7ddec22b5762/execute/async - {"script":"<script> [1562 bytes]","args":[{"selector":{"controlType":"sap.m.GenericTile","properties":{"header":"User Maintenance"}},"wdio_ui5_key":"sapm.GenericTile{\"header\":\"User Maintenance\"}"}]}
RESULT: {"script":"<script> [1562 bytes]","args":[{"selector":{"controlType":"sap.m.GenericTile","properties":{"header":"User Maintenance"}},"wdio_ui5_key":"sapm.GenericTile{\"header\":\"User Maintenance\"}"}]}
RESULT: undefined
COMMAND: POST /session/d8f81470b3cfc07ba78e7ddec22b5762/element - {"using":"xpath","value":"//*[@id=\"__tile121\"]"}
RESULT: {"using":"xpath","value":"//*[@id=\"__tile121\"]"}
COMMAND: POST /session/d8f81470b3cfc07ba78e7ddec22b5762/element/f.A8E2447B9DB017212790DA409DB5259F.d.99347E4669FE1975D6BFA99044A7E5B9.e.5603/click - {}
RESULT: {}
COMMAND: GET /session/d8f81470b3cfc07ba78e7ddec22b5762/screenshot - {}
RESULT: {}
RESULT: undefined
COMMAND: POST /session/d8f81470b3cfc07ba78e7ddec22b5762/element - {"using":"xpath","value":"//*[@id=\"__tile121\"]"}
RESULT: {"using":"xpath","value":"//*[@id=\"__tile121\"]"}
COMMAND: POST /session/d8f81470b3cfc07ba78e7ddec22b5762/element/f.A8E2447B9DB017212790DA409DB5259F.d.99347E4669FE1975D6BFA99044A7E5B9.e.5603/click - {}
RESULT: undefined
COMMAND: POST /session/d8f81470b3cfc07ba78e7ddec22b5762/element - {"using":"xpath","value":"//*[@id=\"__tile121\"]"}
RESULT: {"using":"xpath","value":"//*[@id=\"__tile121\"]"}
COMMAND: POST /session/d8f81470b3cfc07ba78e7ddec22b5762/element/f.A8E2447B9DB017212790DA409DB5259F.d.99347E4669FE1975D6BFA99044A7E5B9.e.5603/click - {}
RESULT: undefined
COMMAND: POST /session/d8f81470b3cfc07ba78e7ddec22b5762/execute/async - {"script":"<script> [6424 bytes]","args":[{"element-6066-11e4-a52e-4f735466cecf":"f.A8E2447B9DB017212790DA409DB5259F.d.99347E4669FE1975D6BFA99044A7E5B9.e.290"},"getTitle",[]]}
COMMAND: POST /session/d8f81470b3cfc07ba78e7ddec22b5762/execute/async - {"script":"<script> [1562 bytes]","args":[{"selector":{"id":"shellAppTitle"},"wdio_ui5_key":"shellAppTitle"}]}
RESULT: {"script":"<script> [1562 bytes]","args":[{"selector":{"id":"shellAppTitle"},"wdio_ui5_key":"shellAppTitle"}]}
COMMAND: POST /session/d8f81470b3cfc07ba78e7ddec22b5762/execute/async - {"script":"<script> [6424 bytes]","args":[{"element-6066-11e4-a52e-4f735466cecf":"f.A8E2447B9DB017212790DA409DB5259F.d.99347E4669FE1975D6BFA99044A7E5B9.e.5697"},"getTitle",[]]}
RESULT: {"script":"<script> [6424 bytes]","args":[{"element-6066-11e4-a52e-4f735466cecf":"f.A8E2447B9DB017212790DA409DB5259F.d.99347E4669FE1975D6BFA99044A7E5B9.e.5697"},"getTitle",[]]}
RESULT: undefined
COMMAND: POST /session/d8f81470b3cfc07ba78e7ddec22b5762/element/f.A8E2447B9DB017212790DA409DB5259F.d.99347E4669FE1975D6BFA99044A7E5B9.e.5513/click - {}
COMMAND: POST /session/d8f81470b3cfc07ba78e7ddec22b5762/element - {"using":"xpath","value":"//*[@id=\"backBtn\"]"}
RESULT: {"using":"xpath","value":"//*[@id=\"backBtn\"]"}
COMMAND: POST /session/d8f81470b3cfc07ba78e7ddec22b5762/element/f.A8E2447B9DB017212790DA409DB5259F.d.99347E4669FE1975D6BFA99044A7E5B9.e.5513/click - {}
COMMAND: POST /session/d8f81470b3cfc07ba78e7ddec22b5762/element - {"using":"xpath","value":"//*[@id=\"backBtn\"]"}
RESULT: {"using":"xpath","value":"//*[@id=\"backBtn\"]"}
COMMAND: POST /session/d8f81470b3cfc07ba78e7ddec22b5762/element/f.A8E2447B9DB017212790DA409DB5259F.d.99347E4669FE1975D6BFA99044A7E5B9.e.5698/click - {}
RESULT: {}
COMMAND: GET /session/d8f81470b3cfc07ba78e7ddec22b5762/screenshot - {}
RESULT: {}
]]></system-out>
    </testcase>
    <testcase classname="chrome.135_0_7049_96.windows.Sanity_Tests_US104253" name="Should open Schedule Jobs page" time="25.977">
      <system-out><![CDATA[
COMMAND: POST /session/d8f81470b3cfc07ba78e7ddec22b5762/execute/async - {"script":"<script> [1562 bytes]","args":[{"selector":{"controlType":"sap.m.GenericTile","properties":{"header":"Schedule Jobs"}},"wdio_ui5_key":"sapm.GenericTile{\"header\":\"Schedule Jobs\"}"}]}
RESULT: {"script":"<script> [1562 bytes]","args":[{"selector":{"controlType":"sap.m.GenericTile","properties":{"header":"Schedule Jobs"}},"wdio_ui5_key":"sapm.GenericTile{\"header\":\"Schedule Jobs\"}"}]}
RESULT: undefined
COMMAND: POST /session/d8f81470b3cfc07ba78e7ddec22b5762/element - {"using":"xpath","value":"//*[@id=\"__tile127\"]"}
RESULT: {"using":"xpath","value":"//*[@id=\"__tile127\"]"}
COMMAND: POST /session/d8f81470b3cfc07ba78e7ddec22b5762/element/f.A8E2447B9DB017212790DA409DB5259F.d.99347E4669FE1975D6BFA99044A7E5B9.e.5702/click - {}
RESULT: {}
COMMAND: GET /session/d8f81470b3cfc07ba78e7ddec22b5762/screenshot - {}
RESULT: {}
RESULT: undefined
COMMAND: POST /session/d8f81470b3cfc07ba78e7ddec22b5762/element - {"using":"xpath","value":"//*[@id=\"__tile127\"]"}
RESULT: {"using":"xpath","value":"//*[@id=\"__tile127\"]"}
COMMAND: POST /session/d8f81470b3cfc07ba78e7ddec22b5762/element/f.A8E2447B9DB017212790DA409DB5259F.d.99347E4669FE1975D6BFA99044A7E5B9.e.5702/click - {}
RESULT: undefined
COMMAND: POST /session/d8f81470b3cfc07ba78e7ddec22b5762/element - {"using":"xpath","value":"//*[@id=\"__tile127\"]"}
RESULT: {"using":"xpath","value":"//*[@id=\"__tile127\"]"}
COMMAND: POST /session/d8f81470b3cfc07ba78e7ddec22b5762/element/f.A8E2447B9DB017212790DA409DB5259F.d.99347E4669FE1975D6BFA99044A7E5B9.e.5702/click - {}
RESULT: undefined
COMMAND: POST /session/d8f81470b3cfc07ba78e7ddec22b5762/execute/async - {"script":"<script> [6424 bytes]","args":[{"element-6066-11e4-a52e-4f735466cecf":"f.A8E2447B9DB017212790DA409DB5259F.d.99347E4669FE1975D6BFA99044A7E5B9.e.290"},"getTitle",[]]}
COMMAND: POST /session/d8f81470b3cfc07ba78e7ddec22b5762/execute/async - {"script":"<script> [1562 bytes]","args":[{"selector":{"id":"shellAppTitle"},"wdio_ui5_key":"shellAppTitle"}]}
RESULT: {"script":"<script> [1562 bytes]","args":[{"selector":{"id":"shellAppTitle"},"wdio_ui5_key":"shellAppTitle"}]}
COMMAND: POST /session/d8f81470b3cfc07ba78e7ddec22b5762/execute/async - {"script":"<script> [6424 bytes]","args":[{"element-6066-11e4-a52e-4f735466cecf":"f.A8E2447B9DB017212790DA409DB5259F.d.99347E4669FE1975D6BFA99044A7E5B9.e.5747"},"getTitle",[]]}
RESULT: {"script":"<script> [6424 bytes]","args":[{"element-6066-11e4-a52e-4f735466cecf":"f.A8E2447B9DB017212790DA409DB5259F.d.99347E4669FE1975D6BFA99044A7E5B9.e.5747"},"getTitle",[]]}
RESULT: undefined
COMMAND: POST /session/d8f81470b3cfc07ba78e7ddec22b5762/element/f.A8E2447B9DB017212790DA409DB5259F.d.99347E4669FE1975D6BFA99044A7E5B9.e.5698/click - {}
COMMAND: POST /session/d8f81470b3cfc07ba78e7ddec22b5762/element/f.A8E2447B9DB017212790DA409DB5259F.d.99347E4669FE1975D6BFA99044A7E5B9.e.5698/click - {}
RESULT: {}
COMMAND: GET /session/d8f81470b3cfc07ba78e7ddec22b5762/screenshot - {}
COMMAND: POST /session/d8f81470b3cfc07ba78e7ddec22b5762/element - {"using":"xpath","value":"//*[@id=\"backBtn\"]"}
RESULT: {}
RESULT: {"using":"xpath","value":"//*[@id=\"backBtn\"]"}
COMMAND: POST /session/d8f81470b3cfc07ba78e7ddec22b5762/elements - {"using":"xpath","value":"//*[@id=\"backBtn\"]"}
RESULT: {"using":"xpath","value":"//*[@id=\"backBtn\"]"}
COMMAND: POST /session/d8f81470b3cfc07ba78e7ddec22b5762/elements - {"using":"xpath","value":"//*[@id=\"backBtn\"]"}
RESULT: {"using":"xpath","value":"//*[@id=\"backBtn\"]"}
COMMAND: POST /session/d8f81470b3cfc07ba78e7ddec22b5762/elements - {"using":"xpath","value":"//*[@id=\"backBtn\"]"}
RESULT: {"using":"xpath","value":"//*[@id=\"backBtn\"]"}
COMMAND: POST /session/d8f81470b3cfc07ba78e7ddec22b5762/elements - {"using":"xpath","value":"//*[@id=\"backBtn\"]"}
RESULT: {"using":"xpath","value":"//*[@id=\"backBtn\"]"}
COMMAND: POST /session/d8f81470b3cfc07ba78e7ddec22b5762/elements - {"using":"xpath","value":"//*[@id=\"backBtn\"]"}
RESULT: {"using":"xpath","value":"//*[@id=\"backBtn\"]"}
COMMAND: POST /session/d8f81470b3cfc07ba78e7ddec22b5762/elements - {"using":"xpath","value":"//*[@id=\"backBtn\"]"}
RESULT: {"using":"xpath","value":"//*[@id=\"backBtn\"]"}
COMMAND: POST /session/d8f81470b3cfc07ba78e7ddec22b5762/elements - {"using":"xpath","value":"//*[@id=\"backBtn\"]"}
RESULT: {"using":"xpath","value":"//*[@id=\"backBtn\"]"}
COMMAND: POST /session/d8f81470b3cfc07ba78e7ddec22b5762/elements - {"using":"xpath","value":"//*[@id=\"backBtn\"]"}
RESULT: {"using":"xpath","value":"//*[@id=\"backBtn\"]"}
COMMAND: POST /session/d8f81470b3cfc07ba78e7ddec22b5762/elements - {"using":"xpath","value":"//*[@id=\"backBtn\"]"}
RESULT: {"using":"xpath","value":"//*[@id=\"backBtn\"]"}
COMMAND: POST /session/d8f81470b3cfc07ba78e7ddec22b5762/elements - {"using":"xpath","value":"//*[@id=\"backBtn\"]"}
RESULT: {"using":"xpath","value":"//*[@id=\"backBtn\"]"}
COMMAND: POST /session/d8f81470b3cfc07ba78e7ddec22b5762/elements - {"using":"xpath","value":"//*[@id=\"backBtn\"]"}
RESULT: {"using":"xpath","value":"//*[@id=\"backBtn\"]"}
COMMAND: POST /session/d8f81470b3cfc07ba78e7ddec22b5762/elements - {"using":"xpath","value":"//*[@id=\"backBtn\"]"}
RESULT: {"using":"xpath","value":"//*[@id=\"backBtn\"]"}
COMMAND: POST /session/d8f81470b3cfc07ba78e7ddec22b5762/elements - {"using":"xpath","value":"//*[@id=\"backBtn\"]"}
RESULT: {"using":"xpath","value":"//*[@id=\"backBtn\"]"}
COMMAND: POST /session/d8f81470b3cfc07ba78e7ddec22b5762/elements - {"using":"xpath","value":"//*[@id=\"backBtn\"]"}
RESULT: {"using":"xpath","value":"//*[@id=\"backBtn\"]"}
COMMAND: POST /session/d8f81470b3cfc07ba78e7ddec22b5762/elements - {"using":"xpath","value":"//*[@id=\"backBtn\"]"}
RESULT: {"using":"xpath","value":"//*[@id=\"backBtn\"]"}
COMMAND: POST /session/d8f81470b3cfc07ba78e7ddec22b5762/elements - {"using":"xpath","value":"//*[@id=\"backBtn\"]"}
RESULT: {"using":"xpath","value":"//*[@id=\"backBtn\"]"}
COMMAND: POST /session/d8f81470b3cfc07ba78e7ddec22b5762/elements - {"using":"xpath","value":"//*[@id=\"backBtn\"]"}
RESULT: {"using":"xpath","value":"//*[@id=\"backBtn\"]"}
COMMAND: POST /session/d8f81470b3cfc07ba78e7ddec22b5762/elements - {"using":"xpath","value":"//*[@id=\"backBtn\"]"}
RESULT: {"using":"xpath","value":"//*[@id=\"backBtn\"]"}
COMMAND: POST /session/d8f81470b3cfc07ba78e7ddec22b5762/elements - {"using":"xpath","value":"//*[@id=\"backBtn\"]"}
RESULT: {"using":"xpath","value":"//*[@id=\"backBtn\"]"}
]]></system-out>
    </testcase>
    <testcase classname="chrome.135_0_7049_96.windows.Sanity_Tests_US104253" name="Should open Jobs Setup page" time="27.198">
      <system-out><![CDATA[
COMMAND: POST /session/d8f81470b3cfc07ba78e7ddec22b5762/execute/async - {"script":"<script> [1562 bytes]","args":[{"selector":{"controlType":"sap.m.GenericTile","properties":{"header":"Jobs Setup"}},"wdio_ui5_key":"sapm.GenericTile{\"header\":\"Jobs Setup\"}"}]}
COMMAND: POST /session/d8f81470b3cfc07ba78e7ddec22b5762/elements - {"using":"xpath","value":"//*[@id=\"backBtn\"]"}
RESULT: {"script":"<script> [1562 bytes]","args":[{"selector":{"controlType":"sap.m.GenericTile","properties":{"header":"Jobs Setup"}},"wdio_ui5_key":"sapm.GenericTile{\"header\":\"Jobs Setup\"}"}]}
RESULT: undefined
COMMAND: POST /session/d8f81470b3cfc07ba78e7ddec22b5762/element - {"using":"xpath","value":"//*[@id=\"__tile128\"]"}
RESULT: {"using":"xpath","value":"//*[@id=\"backBtn\"]"}
COMMAND: POST /session/d8f81470b3cfc07ba78e7ddec22b5762/elements - {"using":"xpath","value":"//*[@id=\"backBtn\"]"}
RESULT: {"using":"xpath","value":"//*[@id=\"__tile128\"]"}
COMMAND: POST /session/d8f81470b3cfc07ba78e7ddec22b5762/element/f.A8E2447B9DB017212790DA409DB5259F.d.99347E4669FE1975D6BFA99044A7E5B9.e.5749/click - {}
RESULT: {"using":"xpath","value":"//*[@id=\"backBtn\"]"}
COMMAND: POST /session/d8f81470b3cfc07ba78e7ddec22b5762/elements - {"using":"xpath","value":"//*[@id=\"backBtn\"]"}
RESULT: {}
COMMAND: GET /session/d8f81470b3cfc07ba78e7ddec22b5762/screenshot - {}
RESULT: {"using":"xpath","value":"//*[@id=\"backBtn\"]"}
COMMAND: POST /session/d8f81470b3cfc07ba78e7ddec22b5762/elements - {"using":"xpath","value":"//*[@id=\"backBtn\"]"}
RESULT: {}
RESULT: {"using":"xpath","value":"//*[@id=\"backBtn\"]"}
COMMAND: POST /session/d8f81470b3cfc07ba78e7ddec22b5762/elements - {"using":"xpath","value":"//*[@id=\"backBtn\"]"}
RESULT: {"using":"xpath","value":"//*[@id=\"backBtn\"]"}
COMMAND: POST /session/d8f81470b3cfc07ba78e7ddec22b5762/elements - {"using":"xpath","value":"//*[@id=\"backBtn\"]"}
RESULT: {"using":"xpath","value":"//*[@id=\"backBtn\"]"}
COMMAND: POST /session/d8f81470b3cfc07ba78e7ddec22b5762/element - {"using":"xpath","value":"//*[@id=\"backBtn\"]"}
RESULT: {"using":"xpath","value":"//*[@id=\"backBtn\"]"}
COMMAND: POST /session/d8f81470b3cfc07ba78e7ddec22b5762/element/f.A8E2447B9DB017212790DA409DB5259F.d.99347E4669FE1975D6BFA99044A7E5B9.e.5698/click - {}
COMMAND: POST /session/d8f81470b3cfc07ba78e7ddec22b5762/element - {"using":"xpath","value":"//*[@id=\"backBtn\"]"}
RESULT: {"using":"xpath","value":"//*[@id=\"backBtn\"]"}
COMMAND: POST /session/d8f81470b3cfc07ba78e7ddec22b5762/element/f.A8E2447B9DB017212790DA409DB5259F.d.99347E4669FE1975D6BFA99044A7E5B9.e.5809/click - {}
RESULT: {}
COMMAND: GET /session/d8f81470b3cfc07ba78e7ddec22b5762/screenshot - {}
RESULT: {}
RESULT: undefined
COMMAND: POST /session/d8f81470b3cfc07ba78e7ddec22b5762/element - {"using":"xpath","value":"//*[@id=\"__tile128\"]"}
RESULT: {"using":"xpath","value":"//*[@id=\"__tile128\"]"}
COMMAND: POST /session/d8f81470b3cfc07ba78e7ddec22b5762/element/f.A8E2447B9DB017212790DA409DB5259F.d.99347E4669FE1975D6BFA99044A7E5B9.e.5749/click - {}
RESULT: undefined
COMMAND: POST /session/d8f81470b3cfc07ba78e7ddec22b5762/element - {"using":"xpath","value":"//*[@id=\"__tile128\"]"}
RESULT: {"using":"xpath","value":"//*[@id=\"__tile128\"]"}
COMMAND: POST /session/d8f81470b3cfc07ba78e7ddec22b5762/element/f.A8E2447B9DB017212790DA409DB5259F.d.99347E4669FE1975D6BFA99044A7E5B9.e.5749/click - {}
RESULT: undefined
COMMAND: POST /session/d8f81470b3cfc07ba78e7ddec22b5762/execute/async - {"script":"<script> [6424 bytes]","args":[{"element-6066-11e4-a52e-4f735466cecf":"f.A8E2447B9DB017212790DA409DB5259F.d.99347E4669FE1975D6BFA99044A7E5B9.e.290"},"getTitle",[]]}
COMMAND: POST /session/d8f81470b3cfc07ba78e7ddec22b5762/execute/async - {"script":"<script> [1562 bytes]","args":[{"selector":{"id":"shellAppTitle"},"wdio_ui5_key":"shellAppTitle"}]}
RESULT: {"script":"<script> [1562 bytes]","args":[{"selector":{"id":"shellAppTitle"},"wdio_ui5_key":"shellAppTitle"}]}
COMMAND: POST /session/d8f81470b3cfc07ba78e7ddec22b5762/execute/async - {"script":"<script> [6424 bytes]","args":[{"element-6066-11e4-a52e-4f735466cecf":"f.A8E2447B9DB017212790DA409DB5259F.d.99347E4669FE1975D6BFA99044A7E5B9.e.5837"},"getTitle",[]]}
RESULT: {"script":"<script> [6424 bytes]","args":[{"element-6066-11e4-a52e-4f735466cecf":"f.A8E2447B9DB017212790DA409DB5259F.d.99347E4669FE1975D6BFA99044A7E5B9.e.5837"},"getTitle",[]]}
RESULT: undefined
COMMAND: POST /session/d8f81470b3cfc07ba78e7ddec22b5762/element/f.A8E2447B9DB017212790DA409DB5259F.d.99347E4669FE1975D6BFA99044A7E5B9.e.5809/click - {}
COMMAND: POST /session/d8f81470b3cfc07ba78e7ddec22b5762/element/f.A8E2447B9DB017212790DA409DB5259F.d.99347E4669FE1975D6BFA99044A7E5B9.e.5809/click - {}
RESULT: {}
COMMAND: GET /session/d8f81470b3cfc07ba78e7ddec22b5762/screenshot - {}
RESULT: {}
COMMAND: GET /session/d8f81470b3cfc07ba78e7ddec22b5762/screenshot - {}
RESULT: {}
RESULT: {}
]]></system-out>
    </testcase>
    <testcase classname="chrome.135_0_7049_96.windows.Sanity_Tests_US104253" name="Should open Target Systems Configuration page" time="26.969">
      <system-out><![CDATA[
COMMAND: POST /session/d8f81470b3cfc07ba78e7ddec22b5762/execute/async - {"script":"<script> [1562 bytes]","args":[{"selector":{"controlType":"sap.m.GenericTile","properties":{"header":"Target Systems Configuration"}},"wdio_ui5_key":"sapm.GenericTile{\"header\":\"Target Systems Configuration\"}"}]}
RESULT: {"script":"<script> [1562 bytes]","args":[{"selector":{"controlType":"sap.m.GenericTile","properties":{"header":"Target Systems Configuration"}},"wdio_ui5_key":"sapm.GenericTile{\"header\":\"Target Systems Configuration\"}"}]}
RESULT: undefined
COMMAND: POST /session/d8f81470b3cfc07ba78e7ddec22b5762/element - {"using":"xpath","value":"//*[@id=\"__tile129\"]"}
RESULT: {"using":"xpath","value":"//*[@id=\"__tile129\"]"}
COMMAND: POST /session/d8f81470b3cfc07ba78e7ddec22b5762/element/f.A8E2447B9DB017212790DA409DB5259F.d.99347E4669FE1975D6BFA99044A7E5B9.e.105/click - {}
RESULT: {}
COMMAND: GET /session/d8f81470b3cfc07ba78e7ddec22b5762/screenshot - {}
RESULT: {}
RESULT: undefined
COMMAND: POST /session/d8f81470b3cfc07ba78e7ddec22b5762/element - {"using":"xpath","value":"//*[@id=\"__tile129\"]"}
RESULT: {"using":"xpath","value":"//*[@id=\"__tile129\"]"}
COMMAND: POST /session/d8f81470b3cfc07ba78e7ddec22b5762/element/f.A8E2447B9DB017212790DA409DB5259F.d.99347E4669FE1975D6BFA99044A7E5B9.e.105/click - {}
RESULT: undefined
COMMAND: POST /session/d8f81470b3cfc07ba78e7ddec22b5762/element - {"using":"xpath","value":"//*[@id=\"__tile129\"]"}
RESULT: {"using":"xpath","value":"//*[@id=\"__tile129\"]"}
COMMAND: POST /session/d8f81470b3cfc07ba78e7ddec22b5762/element/f.A8E2447B9DB017212790DA409DB5259F.d.99347E4669FE1975D6BFA99044A7E5B9.e.105/click - {}
RESULT: undefined
COMMAND: POST /session/d8f81470b3cfc07ba78e7ddec22b5762/execute/async - {"script":"<script> [6424 bytes]","args":[{"element-6066-11e4-a52e-4f735466cecf":"f.A8E2447B9DB017212790DA409DB5259F.d.99347E4669FE1975D6BFA99044A7E5B9.e.290"},"getTitle",[]]}
COMMAND: POST /session/d8f81470b3cfc07ba78e7ddec22b5762/execute/async - {"script":"<script> [1562 bytes]","args":[{"selector":{"id":"shellAppTitle"},"wdio_ui5_key":"shellAppTitle"}]}
RESULT: {"script":"<script> [1562 bytes]","args":[{"selector":{"id":"shellAppTitle"},"wdio_ui5_key":"shellAppTitle"}]}
COMMAND: POST /session/d8f81470b3cfc07ba78e7ddec22b5762/execute/async - {"script":"<script> [6424 bytes]","args":[{"element-6066-11e4-a52e-4f735466cecf":"f.A8E2447B9DB017212790DA409DB5259F.d.99347E4669FE1975D6BFA99044A7E5B9.e.5891"},"getTitle",[]]}
RESULT: {"script":"<script> [6424 bytes]","args":[{"element-6066-11e4-a52e-4f735466cecf":"f.A8E2447B9DB017212790DA409DB5259F.d.99347E4669FE1975D6BFA99044A7E5B9.e.5891"},"getTitle",[]]}
RESULT: undefined
COMMAND: POST /session/d8f81470b3cfc07ba78e7ddec22b5762/element/f.A8E2447B9DB017212790DA409DB5259F.d.99347E4669FE1975D6BFA99044A7E5B9.e.5809/click - {}
COMMAND: POST /session/d8f81470b3cfc07ba78e7ddec22b5762/element/f.A8E2447B9DB017212790DA409DB5259F.d.99347E4669FE1975D6BFA99044A7E5B9.e.5809/click - {}
RESULT: {}
COMMAND: GET /session/d8f81470b3cfc07ba78e7ddec22b5762/screenshot - {}
COMMAND: POST /session/d8f81470b3cfc07ba78e7ddec22b5762/element - {"using":"xpath","value":"//*[@id=\"backBtn\"]"}
RESULT: {}
RESULT: {"using":"xpath","value":"//*[@id=\"backBtn\"]"}
COMMAND: POST /session/d8f81470b3cfc07ba78e7ddec22b5762/elements - {"using":"xpath","value":"//*[@id=\"backBtn\"]"}
RESULT: {"using":"xpath","value":"//*[@id=\"backBtn\"]"}
COMMAND: POST /session/d8f81470b3cfc07ba78e7ddec22b5762/elements - {"using":"xpath","value":"//*[@id=\"backBtn\"]"}
RESULT: {"using":"xpath","value":"//*[@id=\"backBtn\"]"}
COMMAND: POST /session/d8f81470b3cfc07ba78e7ddec22b5762/elements - {"using":"xpath","value":"//*[@id=\"backBtn\"]"}
RESULT: {"using":"xpath","value":"//*[@id=\"backBtn\"]"}
COMMAND: POST /session/d8f81470b3cfc07ba78e7ddec22b5762/elements - {"using":"xpath","value":"//*[@id=\"backBtn\"]"}
RESULT: {"using":"xpath","value":"//*[@id=\"backBtn\"]"}
COMMAND: POST /session/d8f81470b3cfc07ba78e7ddec22b5762/elements - {"using":"xpath","value":"//*[@id=\"backBtn\"]"}
RESULT: {"using":"xpath","value":"//*[@id=\"backBtn\"]"}
COMMAND: POST /session/d8f81470b3cfc07ba78e7ddec22b5762/elements - {"using":"xpath","value":"//*[@id=\"backBtn\"]"}
RESULT: {"using":"xpath","value":"//*[@id=\"backBtn\"]"}
COMMAND: POST /session/d8f81470b3cfc07ba78e7ddec22b5762/elements - {"using":"xpath","value":"//*[@id=\"backBtn\"]"}
RESULT: {"using":"xpath","value":"//*[@id=\"backBtn\"]"}
COMMAND: POST /session/d8f81470b3cfc07ba78e7ddec22b5762/elements - {"using":"xpath","value":"//*[@id=\"backBtn\"]"}
RESULT: {"using":"xpath","value":"//*[@id=\"backBtn\"]"}
COMMAND: POST /session/d8f81470b3cfc07ba78e7ddec22b5762/elements - {"using":"xpath","value":"//*[@id=\"backBtn\"]"}
RESULT: {"using":"xpath","value":"//*[@id=\"backBtn\"]"}
COMMAND: POST /session/d8f81470b3cfc07ba78e7ddec22b5762/elements - {"using":"xpath","value":"//*[@id=\"backBtn\"]"}
RESULT: {"using":"xpath","value":"//*[@id=\"backBtn\"]"}
COMMAND: POST /session/d8f81470b3cfc07ba78e7ddec22b5762/elements - {"using":"xpath","value":"//*[@id=\"backBtn\"]"}
RESULT: {"using":"xpath","value":"//*[@id=\"backBtn\"]"}
COMMAND: POST /session/d8f81470b3cfc07ba78e7ddec22b5762/elements - {"using":"xpath","value":"//*[@id=\"backBtn\"]"}
RESULT: {"using":"xpath","value":"//*[@id=\"backBtn\"]"}
COMMAND: POST /session/d8f81470b3cfc07ba78e7ddec22b5762/elements - {"using":"xpath","value":"//*[@id=\"backBtn\"]"}
RESULT: {"using":"xpath","value":"//*[@id=\"backBtn\"]"}
COMMAND: POST /session/d8f81470b3cfc07ba78e7ddec22b5762/elements - {"using":"xpath","value":"//*[@id=\"backBtn\"]"}
RESULT: {"using":"xpath","value":"//*[@id=\"backBtn\"]"}
COMMAND: POST /session/d8f81470b3cfc07ba78e7ddec22b5762/elements - {"using":"xpath","value":"//*[@id=\"backBtn\"]"}
RESULT: {"using":"xpath","value":"//*[@id=\"backBtn\"]"}
COMMAND: POST /session/d8f81470b3cfc07ba78e7ddec22b5762/elements - {"using":"xpath","value":"//*[@id=\"backBtn\"]"}
RESULT: {"using":"xpath","value":"//*[@id=\"backBtn\"]"}
COMMAND: POST /session/d8f81470b3cfc07ba78e7ddec22b5762/elements - {"using":"xpath","value":"//*[@id=\"backBtn\"]"}
RESULT: {"using":"xpath","value":"//*[@id=\"backBtn\"]"}
COMMAND: POST /session/d8f81470b3cfc07ba78e7ddec22b5762/elements - {"using":"xpath","value":"//*[@id=\"backBtn\"]"}
RESULT: {"using":"xpath","value":"//*[@id=\"backBtn\"]"}
COMMAND: POST /session/d8f81470b3cfc07ba78e7ddec22b5762/elements - {"using":"xpath","value":"//*[@id=\"backBtn\"]"}
RESULT: {"using":"xpath","value":"//*[@id=\"backBtn\"]"}
COMMAND: POST /session/d8f81470b3cfc07ba78e7ddec22b5762/elements - {"using":"xpath","value":"//*[@id=\"backBtn\"]"}
RESULT: {"using":"xpath","value":"//*[@id=\"backBtn\"]"}
COMMAND: POST /session/d8f81470b3cfc07ba78e7ddec22b5762/elements - {"using":"xpath","value":"//*[@id=\"backBtn\"]"}
RESULT: {"using":"xpath","value":"//*[@id=\"backBtn\"]"}
COMMAND: POST /session/d8f81470b3cfc07ba78e7ddec22b5762/elements - {"using":"xpath","value":"//*[@id=\"backBtn\"]"}
RESULT: {"using":"xpath","value":"//*[@id=\"backBtn\"]"}
COMMAND: POST /session/d8f81470b3cfc07ba78e7ddec22b5762/elements - {"using":"xpath","value":"//*[@id=\"backBtn\"]"}
RESULT: {"using":"xpath","value":"//*[@id=\"backBtn\"]"}
COMMAND: POST /session/d8f81470b3cfc07ba78e7ddec22b5762/elements - {"using":"xpath","value":"//*[@id=\"backBtn\"]"}
RESULT: {"using":"xpath","value":"//*[@id=\"backBtn\"]"}
COMMAND: POST /session/d8f81470b3cfc07ba78e7ddec22b5762/elements - {"using":"xpath","value":"//*[@id=\"backBtn\"]"}
RESULT: {"using":"xpath","value":"//*[@id=\"backBtn\"]"}
COMMAND: POST /session/d8f81470b3cfc07ba78e7ddec22b5762/elements - {"using":"xpath","value":"//*[@id=\"backBtn\"]"}
RESULT: {"using":"xpath","value":"//*[@id=\"backBtn\"]"}
COMMAND: POST /session/d8f81470b3cfc07ba78e7ddec22b5762/elements - {"using":"xpath","value":"//*[@id=\"backBtn\"]"}
RESULT: {"using":"xpath","value":"//*[@id=\"backBtn\"]"}
COMMAND: POST /session/d8f81470b3cfc07ba78e7ddec22b5762/elements - {"using":"xpath","value":"//*[@id=\"backBtn\"]"}
RESULT: {"using":"xpath","value":"//*[@id=\"backBtn\"]"}
COMMAND: POST /session/d8f81470b3cfc07ba78e7ddec22b5762/elements - {"using":"xpath","value":"//*[@id=\"backBtn\"]"}
RESULT: {"using":"xpath","value":"//*[@id=\"backBtn\"]"}
COMMAND: POST /session/d8f81470b3cfc07ba78e7ddec22b5762/elements - {"using":"xpath","value":"//*[@id=\"backBtn\"]"}
RESULT: {"using":"xpath","value":"//*[@id=\"backBtn\"]"}
COMMAND: POST /session/d8f81470b3cfc07ba78e7ddec22b5762/elements - {"using":"xpath","value":"//*[@id=\"backBtn\"]"}
RESULT: {"using":"xpath","value":"//*[@id=\"backBtn\"]"}
COMMAND: POST /session/d8f81470b3cfc07ba78e7ddec22b5762/elements - {"using":"xpath","value":"//*[@id=\"backBtn\"]"}
RESULT: {"using":"xpath","value":"//*[@id=\"backBtn\"]"}
COMMAND: POST /session/d8f81470b3cfc07ba78e7ddec22b5762/elements - {"using":"xpath","value":"//*[@id=\"backBtn\"]"}
RESULT: {"using":"xpath","value":"//*[@id=\"backBtn\"]"}
COMMAND: POST /session/d8f81470b3cfc07ba78e7ddec22b5762/elements - {"using":"xpath","value":"//*[@id=\"backBtn\"]"}
RESULT: {"using":"xpath","value":"//*[@id=\"backBtn\"]"}
COMMAND: POST /session/d8f81470b3cfc07ba78e7ddec22b5762/elements - {"using":"xpath","value":"//*[@id=\"backBtn\"]"}
RESULT: {"using":"xpath","value":"//*[@id=\"backBtn\"]"}
COMMAND: POST /session/d8f81470b3cfc07ba78e7ddec22b5762/elements - {"using":"xpath","value":"//*[@id=\"backBtn\"]"}
RESULT: {"using":"xpath","value":"//*[@id=\"backBtn\"]"}
COMMAND: POST /session/d8f81470b3cfc07ba78e7ddec22b5762/elements - {"using":"xpath","value":"//*[@id=\"backBtn\"]"}
RESULT: {"using":"xpath","value":"//*[@id=\"backBtn\"]"}
COMMAND: POST /session/d8f81470b3cfc07ba78e7ddec22b5762/elements - {"using":"xpath","value":"//*[@id=\"backBtn\"]"}
RESULT: {"using":"xpath","value":"//*[@id=\"backBtn\"]"}
COMMAND: POST /session/d8f81470b3cfc07ba78e7ddec22b5762/elements - {"using":"xpath","value":"//*[@id=\"backBtn\"]"}
RESULT: {"using":"xpath","value":"//*[@id=\"backBtn\"]"}
COMMAND: DELETE /session/d8f81470b3cfc07ba78e7ddec22b5762 - {}
RESULT: {}
]]></system-out>
    </testcase>
  </testsuite>
</testsuites>