<?xml version="1.0" encoding="UTF-8"?>
<testsuites tests="58" failures="47" errors="47" skipped="0">
  <testsuite timestamp="2025-04-26T17:07:57" time="909.634" tests="11" failures="8" errors="8" skipped="0">
    <properties>
      <property name="specId" value="0" />
      <property name="suiteName" value="Billing confirm US117289" />
      <property name="capabilities" value="chrome.135_0_7049_96.windows" />
      <property name="file" value="file:///D:/a/1/s/test/specs/BTS/billing-confirm.spec.js" />
    </properties>
    <testcase classname="chrome.135_0_7049_96.windows.Billing_confirm_US117289" name="Should create a new yard" time="108.818">
      <system-out><![CDATA[
COMMAND: POST /session/77504fd77c071b9b72819f2d6312026a/window/fullscreen - {}
RESULT: {}
COMMAND: POST /session/77504fd77c071b9b72819f2d6312026a/execute/async - {"script":"<script> [1562 bytes]","args":[{"selector":{"controlType":"sap.m.GenericTile","properties":{"header":"Manage Yards"}},"wdio_ui5_key":"sapm.GenericTile{\"header\":\"Manage Yards\"}"}]}
RESULT: {"script":"<script> [1562 bytes]","args":[{"selector":{"controlType":"sap.m.GenericTile","properties":{"header":"Manage Yards"}},"wdio_ui5_key":"sapm.GenericTile{\"header\":\"Manage Yards\"}"}]}
RESULT: undefined
COMMAND: POST /session/77504fd77c071b9b72819f2d6312026a/element - {"using":"xpath","value":"//*[@id=\"__tile41\"]"}
RESULT: {"using":"xpath","value":"//*[@id=\"__tile41\"]"}
COMMAND: POST /session/77504fd77c071b9b72819f2d6312026a/element/f.1CA1BECA456A7E9CCD755CA14AB44D44.d.517792A2909A14161847636B7E258EC2.e.164/click - {}
RESULT: {}
COMMAND: POST /session/77504fd77c071b9b72819f2d6312026a/element - {"using":"xpath","value":"//button[@data-kt=\"addNewYardOverflowToolbarButton\"]"}
COMMAND: GET /session/77504fd77c071b9b72819f2d6312026a/screenshot - {}
RESULT: {"using":"xpath","value":"//button[@data-kt=\"addNewYardOverflowToolbarButton\"]"}
COMMAND: POST /session/77504fd77c071b9b72819f2d6312026a/elements - {"using":"xpath","value":"//button[@data-kt=\"addNewYardOverflowToolbarButton\"]"}
RESULT: {}
RESULT: {"using":"xpath","value":"//button[@data-kt=\"addNewYardOverflowToolbarButton\"]"}
COMMAND: POST /session/77504fd77c071b9b72819f2d6312026a/elements - {"using":"xpath","value":"//button[@data-kt=\"addNewYardOverflowToolbarButton\"]"}
RESULT: {"using":"xpath","value":"//button[@data-kt=\"addNewYardOverflowToolbarButton\"]"}
COMMAND: POST /session/77504fd77c071b9b72819f2d6312026a/elements - {"using":"xpath","value":"//button[@data-kt=\"addNewYardOverflowToolbarButton\"]"}
RESULT: {"using":"xpath","value":"//button[@data-kt=\"addNewYardOverflowToolbarButton\"]"}
COMMAND: POST /session/77504fd77c071b9b72819f2d6312026a/elements - {"using":"xpath","value":"//button[@data-kt=\"addNewYardOverflowToolbarButton\"]"}
RESULT: {"using":"xpath","value":"//button[@data-kt=\"addNewYardOverflowToolbarButton\"]"}
COMMAND: POST /session/77504fd77c071b9b72819f2d6312026a/elements - {"using":"xpath","value":"//button[@data-kt=\"addNewYardOverflowToolbarButton\"]"}
RESULT: {"using":"xpath","value":"//button[@data-kt=\"addNewYardOverflowToolbarButton\"]"}
COMMAND: POST /session/77504fd77c071b9b72819f2d6312026a/elements - {"using":"xpath","value":"//button[@data-kt=\"addNewYardOverflowToolbarButton\"]"}
RESULT: {"using":"xpath","value":"//button[@data-kt=\"addNewYardOverflowToolbarButton\"]"}
COMMAND: POST /session/77504fd77c071b9b72819f2d6312026a/elements - {"using":"xpath","value":"//button[@data-kt=\"addNewYardOverflowToolbarButton\"]"}
RESULT: {"using":"xpath","value":"//button[@data-kt=\"addNewYardOverflowToolbarButton\"]"}
COMMAND: POST /session/77504fd77c071b9b72819f2d6312026a/elements - {"using":"xpath","value":"//button[@data-kt=\"addNewYardOverflowToolbarButton\"]"}
RESULT: {"using":"xpath","value":"//button[@data-kt=\"addNewYardOverflowToolbarButton\"]"}
COMMAND: POST /session/77504fd77c071b9b72819f2d6312026a/elements - {"using":"xpath","value":"//button[@data-kt=\"addNewYardOverflowToolbarButton\"]"}
RESULT: {"using":"xpath","value":"//button[@data-kt=\"addNewYardOverflowToolbarButton\"]"}
COMMAND: POST /session/77504fd77c071b9b72819f2d6312026a/elements - {"using":"xpath","value":"//button[@data-kt=\"addNewYardOverflowToolbarButton\"]"}
RESULT: {"using":"xpath","value":"//button[@data-kt=\"addNewYardOverflowToolbarButton\"]"}
COMMAND: POST /session/77504fd77c071b9b72819f2d6312026a/elements - {"using":"xpath","value":"//button[@data-kt=\"addNewYardOverflowToolbarButton\"]"}
RESULT: {"using":"xpath","value":"//button[@data-kt=\"addNewYardOverflowToolbarButton\"]"}
COMMAND: POST /session/77504fd77c071b9b72819f2d6312026a/elements - {"using":"xpath","value":"//button[@data-kt=\"addNewYardOverflowToolbarButton\"]"}
RESULT: {"using":"xpath","value":"//button[@data-kt=\"addNewYardOverflowToolbarButton\"]"}
COMMAND: POST /session/77504fd77c071b9b72819f2d6312026a/elements - {"using":"xpath","value":"//button[@data-kt=\"addNewYardOverflowToolbarButton\"]"}
RESULT: {"using":"xpath","value":"//button[@data-kt=\"addNewYardOverflowToolbarButton\"]"}
COMMAND: POST /session/77504fd77c071b9b72819f2d6312026a/elements - {"using":"xpath","value":"//button[@data-kt=\"addNewYardOverflowToolbarButton\"]"}
RESULT: {"using":"xpath","value":"//button[@data-kt=\"addNewYardOverflowToolbarButton\"]"}
COMMAND: POST /session/77504fd77c071b9b72819f2d6312026a/elements - {"using":"xpath","value":"//button[@data-kt=\"addNewYardOverflowToolbarButton\"]"}
RESULT: {"using":"xpath","value":"//button[@data-kt=\"addNewYardOverflowToolbarButton\"]"}
COMMAND: POST /session/77504fd77c071b9b72819f2d6312026a/elements - {"using":"xpath","value":"//button[@data-kt=\"addNewYardOverflowToolbarButton\"]"}
RESULT: {"using":"xpath","value":"//button[@data-kt=\"addNewYardOverflowToolbarButton\"]"}
COMMAND: POST /session/77504fd77c071b9b72819f2d6312026a/elements - {"using":"xpath","value":"//button[@data-kt=\"addNewYardOverflowToolbarButton\"]"}
RESULT: {"using":"xpath","value":"//button[@data-kt=\"addNewYardOverflowToolbarButton\"]"}
COMMAND: POST /session/77504fd77c071b9b72819f2d6312026a/elements - {"using":"xpath","value":"//button[@data-kt=\"addNewYardOverflowToolbarButton\"]"}
RESULT: {"using":"xpath","value":"//button[@data-kt=\"addNewYardOverflowToolbarButton\"]"}
COMMAND: POST /session/77504fd77c071b9b72819f2d6312026a/elements - {"using":"xpath","value":"//button[@data-kt=\"addNewYardOverflowToolbarButton\"]"}
RESULT: {"using":"xpath","value":"//button[@data-kt=\"addNewYardOverflowToolbarButton\"]"}
COMMAND: POST /session/77504fd77c071b9b72819f2d6312026a/elements - {"using":"xpath","value":"//button[@data-kt=\"addNewYardOverflowToolbarButton\"]"}
RESULT: {"using":"xpath","value":"//button[@data-kt=\"addNewYardOverflowToolbarButton\"]"}
COMMAND: POST /session/77504fd77c071b9b72819f2d6312026a/elements - {"using":"xpath","value":"//button[@data-kt=\"addNewYardOverflowToolbarButton\"]"}
RESULT: {"using":"xpath","value":"//button[@data-kt=\"addNewYardOverflowToolbarButton\"]"}
COMMAND: POST /session/77504fd77c071b9b72819f2d6312026a/elements - {"using":"xpath","value":"//button[@data-kt=\"addNewYardOverflowToolbarButton\"]"}
RESULT: {"using":"xpath","value":"//button[@data-kt=\"addNewYardOverflowToolbarButton\"]"}
COMMAND: POST /session/77504fd77c071b9b72819f2d6312026a/elements - {"using":"xpath","value":"//button[@data-kt=\"addNewYardOverflowToolbarButton\"]"}
RESULT: {"using":"xpath","value":"//button[@data-kt=\"addNewYardOverflowToolbarButton\"]"}
COMMAND: POST /session/77504fd77c071b9b72819f2d6312026a/elements - {"using":"xpath","value":"//button[@data-kt=\"addNewYardOverflowToolbarButton\"]"}
RESULT: {"using":"xpath","value":"//button[@data-kt=\"addNewYardOverflowToolbarButton\"]"}
COMMAND: POST /session/77504fd77c071b9b72819f2d6312026a/elements - {"using":"xpath","value":"//button[@data-kt=\"addNewYardOverflowToolbarButton\"]"}
RESULT: {"using":"xpath","value":"//button[@data-kt=\"addNewYardOverflowToolbarButton\"]"}
COMMAND: POST /session/77504fd77c071b9b72819f2d6312026a/element - {"using":"xpath","value":"//button[@data-kt=\"addNewYardOverflowToolbarButton\"]"}
RESULT: {"using":"xpath","value":"//button[@data-kt=\"addNewYardOverflowToolbarButton\"]"}
COMMAND: POST /session/77504fd77c071b9b72819f2d6312026a/execute/sync - {"script":"<script> [8489 bytes]","args":[{"element-6066-11e4-a52e-4f735466cecf":"f.1CA1BECA456A7E9CCD755CA14AB44D44.d.517792A2909A14161847636B7E258EC2.e.299","ELEMENT":"f.1CA1BECA456A7E9CCD755CA14AB44D44.d.517792A2909A14161847636B7E258EC2.e.299"}]}
RESULT: {"script":"<script> [8489 bytes]","args":[{"element-6066-11e4-a52e-4f735466cecf":"f.1CA1BECA456A7E9CCD755CA14AB44D44.d.517792A2909A14161847636B7E258EC2.e.299","ELEMENT":"f.1CA1BECA456A7E9CCD755CA14AB44D44.d.517792A2909A14161847636B7E258EC2.e.299"}]}
COMMAND: GET /session/77504fd77c071b9b72819f2d6312026a/element/f.1CA1BECA456A7E9CCD755CA14AB44D44.d.517792A2909A14161847636B7E258EC2.e.299/enabled - {}
COMMAND: GET /session/77504fd77c071b9b72819f2d6312026a/screenshot - {}
RESULT: {}
COMMAND: POST /session/77504fd77c071b9b72819f2d6312026a/execute/sync - {"script":"<script> [8489 bytes]","args":[{"element-6066-11e4-a52e-4f735466cecf":"f.1CA1BECA456A7E9CCD755CA14AB44D44.d.517792A2909A14161847636B7E258EC2.e.299","ELEMENT":"f.1CA1BECA456A7E9CCD755CA14AB44D44.d.517792A2909A14161847636B7E258EC2.e.299"}]}
COMMAND: GET /session/77504fd77c071b9b72819f2d6312026a/screenshot - {}
RESULT: {}
RESULT: {"script":"<script> [8489 bytes]","args":[{"element-6066-11e4-a52e-4f735466cecf":"f.1CA1BECA456A7E9CCD755CA14AB44D44.d.517792A2909A14161847636B7E258EC2.e.299","ELEMENT":"f.1CA1BECA456A7E9CCD755CA14AB44D44.d.517792A2909A14161847636B7E258EC2.e.299"}]}
COMMAND: POST /session/77504fd77c071b9b72819f2d6312026a/execute/sync - {"script":"<script> [5351 bytes]","args":[{"element-6066-11e4-a52e-4f735466cecf":"f.1CA1BECA456A7E9CCD755CA14AB44D44.d.517792A2909A14161847636B7E258EC2.e.299","ELEMENT":"f.1CA1BECA456A7E9CCD755CA14AB44D44.d.517792A2909A14161847636B7E258EC2.e.299"}]}
COMMAND: GET /session/77504fd77c071b9b72819f2d6312026a/screenshot - {}
RESULT: {}
RESULT: {"script":"<script> [5351 bytes]","args":[{"element-6066-11e4-a52e-4f735466cecf":"f.1CA1BECA456A7E9CCD755CA14AB44D44.d.517792A2909A14161847636B7E258EC2.e.299","ELEMENT":"f.1CA1BECA456A7E9CCD755CA14AB44D44.d.517792A2909A14161847636B7E258EC2.e.299"}]}
COMMAND: POST /session/77504fd77c071b9b72819f2d6312026a/element/f.1CA1BECA456A7E9CCD755CA14AB44D44.d.517792A2909A14161847636B7E258EC2.e.299/click - {}
COMMAND: GET /session/77504fd77c071b9b72819f2d6312026a/screenshot - {}
RESULT: {}
RESULT: {}
COMMAND: GET /session/77504fd77c071b9b72819f2d6312026a/screenshot - {}
COMMAND: POST /session/77504fd77c071b9b72819f2d6312026a/element - {"using":"xpath","value":"//input[@id=\"application-manageyards-display-component---NewYard--yardId-inner\"]"}
RESULT: {}
RESULT: {}
RESULT: {"using":"xpath","value":"//input[@id=\"application-manageyards-display-component---NewYard--yardId-inner\"]"}
COMMAND: POST /session/77504fd77c071b9b72819f2d6312026a/element - {"using":"xpath","value":"//input[@id=\"application-manageyards-display-component---NewYard--yardId-inner\"]"}
RESULT: {"using":"xpath","value":"//input[@id=\"application-manageyards-display-component---NewYard--yardId-inner\"]"}
COMMAND: POST /session/77504fd77c071b9b72819f2d6312026a/execute/async - {"script":"<script> [1562 bytes]","args":[{"selector":{"id":"application-manageyards-display-component---NewYard--addressDetailDetailsName1","interaction":{"idSuffix":"inner"}},"wdio_ui5_key":"applicationmanageyards-display-component---NewYard--addressDetailDetailsName1"}]}
RESULT: {"script":"<script> [1562 bytes]","args":[{"selector":{"id":"application-manageyards-display-component---NewYard--addressDetailDetailsName1","interaction":{"idSuffix":"inner"}},"wdio_ui5_key":"applicationmanageyards-display-component---NewYard--addressDetailDetailsName1"}]}
RESULT: undefined
COMMAND: POST /session/77504fd77c071b9b72819f2d6312026a/execute/async - {"script":"<script> [776 bytes]","args":[{"enterText":"Intracompany Yard wdIO","selector":{"id":"application-manageyards-display-component---NewYard--addressDetailDetailsName1","interaction":{"idSuffix":"inner"}},"clearTextFirst":true,"interactionType":"ENTER_TEXT"}]}
RESULT: {"script":"<script> [776 bytes]","args":[{"enterText":"Intracompany Yard wdIO","selector":{"id":"application-manageyards-display-component---NewYard--addressDetailDetailsName1","interaction":{"idSuffix":"inner"}},"clearTextFirst":true,"interactionType":"ENTER_TEXT"}]}
COMMAND: POST /session/77504fd77c071b9b72819f2d6312026a/execute/async - {"script":"<script> [1562 bytes]","args":[{"selector":{"id":"application-manageyards-display-component---NewYard--addressDetailDetailsLanguage-arrow"},"wdio_ui5_key":"applicationmanageyards-display-component---NewYard--addressDetailDetailsLanguage-arrow"}]}
RESULT: {"script":"<script> [1562 bytes]","args":[{"selector":{"id":"application-manageyards-display-component---NewYard--addressDetailDetailsLanguage-arrow"},"wdio_ui5_key":"applicationmanageyards-display-component---NewYard--addressDetailDetailsLanguage-arrow"}]}
RESULT: undefined
COMMAND: POST /session/77504fd77c071b9b72819f2d6312026a/element - {"using":"xpath","value":"//*[@id=\"application-manageyards-display-component---NewYard--addressDetailDetailsLanguage-arrow\"]"}
RESULT: {"using":"xpath","value":"//*[@id=\"application-manageyards-display-component---NewYard--addressDetailDetailsLanguage-arrow\"]"}
COMMAND: POST /session/77504fd77c071b9b72819f2d6312026a/element/f.1CA1BECA456A7E9CCD755CA14AB44D44.d.517792A2909A14161847636B7E258EC2.e.729/click - {}
RESULT: {}
COMMAND: POST /session/77504fd77c071b9b72819f2d6312026a/element - {"using":"xpath","value":"//span[contains(text(), \"English\")]"}
COMMAND: GET /session/77504fd77c071b9b72819f2d6312026a/screenshot - {}
RESULT: {"using":"xpath","value":"//span[contains(text(), \"English\")]"}
COMMAND: POST /session/77504fd77c071b9b72819f2d6312026a/element/f.1CA1BECA456A7E9CCD755CA14AB44D44.d.517792A2909A14161847636B7E258EC2.e.730/click - {}
RESULT: {}
RESULT: {}
COMMAND: POST /session/77504fd77c071b9b72819f2d6312026a/execute/async - {"script":"<script> [1562 bytes]","args":[{"selector":{"id":"application-manageyards-display-component---NewYard--addressDetailDetailsCity1","interaction":{"idSuffix":"inner"}},"wdio_ui5_key":"applicationmanageyards-display-component---NewYard--addressDetailDetailsCity1"}]}
COMMAND: GET /session/77504fd77c071b9b72819f2d6312026a/screenshot - {}
RESULT: {"script":"<script> [1562 bytes]","args":[{"selector":{"id":"application-manageyards-display-component---NewYard--addressDetailDetailsCity1","interaction":{"idSuffix":"inner"}},"wdio_ui5_key":"applicationmanageyards-display-component---NewYard--addressDetailDetailsCity1"}]}
RESULT: undefined
COMMAND: POST /session/77504fd77c071b9b72819f2d6312026a/execute/async - {"script":"<script> [776 bytes]","args":[{"enterText":"Rosario","selector":{"id":"application-manageyards-display-component---NewYard--addressDetailDetailsCity1","interaction":{"idSuffix":"inner"}},"clearTextFirst":true,"interactionType":"ENTER_TEXT"}]}
RESULT: {}
RESULT: {"script":"<script> [776 bytes]","args":[{"enterText":"Rosario","selector":{"id":"application-manageyards-display-component---NewYard--addressDetailDetailsCity1","interaction":{"idSuffix":"inner"}},"clearTextFirst":true,"interactionType":"ENTER_TEXT"}]}
COMMAND: POST /session/77504fd77c071b9b72819f2d6312026a/execute/async - {"script":"<script> [1562 bytes]","args":[{"selector":{"id":"application-manageyards-display-component---NewYard--addressDetailDetailsCountry-arrow"},"wdio_ui5_key":"applicationmanageyards-display-component---NewYard--addressDetailDetailsCountry-arrow"}]}
RESULT: {"script":"<script> [1562 bytes]","args":[{"selector":{"id":"application-manageyards-display-component---NewYard--addressDetailDetailsCountry-arrow"},"wdio_ui5_key":"applicationmanageyards-display-component---NewYard--addressDetailDetailsCountry-arrow"}]}
RESULT: undefined
COMMAND: POST /session/77504fd77c071b9b72819f2d6312026a/element - {"using":"xpath","value":"//*[@id=\"application-manageyards-display-component---NewYard--addressDetailDetailsCountry-arrow\"]"}
RESULT: {"using":"xpath","value":"//*[@id=\"application-manageyards-display-component---NewYard--addressDetailDetailsCountry-arrow\"]"}
COMMAND: POST /session/77504fd77c071b9b72819f2d6312026a/element/f.1CA1BECA456A7E9CCD755CA14AB44D44.d.517792A2909A14161847636B7E258EC2.e.732/click - {}
RESULT: {}
COMMAND: POST /session/77504fd77c071b9b72819f2d6312026a/element - {"using":"xpath","value":"//span[contains(text(), \"Argentina\")]"}
COMMAND: GET /session/77504fd77c071b9b72819f2d6312026a/screenshot - {}
RESULT: {"using":"xpath","value":"//span[contains(text(), \"Argentina\")]"}
COMMAND: POST /session/77504fd77c071b9b72819f2d6312026a/element/f.1CA1BECA456A7E9CCD755CA14AB44D44.d.517792A2909A14161847636B7E258EC2.e.733/click - {}
RESULT: {}
RESULT: {}
COMMAND: POST /session/77504fd77c071b9b72819f2d6312026a/execute/async - {"script":"<script> [1562 bytes]","args":[{"selector":{"id":"application-manageyards-display-component---NewYard--addressEditDetailsCostObjectCstType-arrow"},"wdio_ui5_key":"applicationmanageyards-display-component---NewYard--addressEditDetailsCostObjectCstType-arrow"}]}
COMMAND: GET /session/77504fd77c071b9b72819f2d6312026a/screenshot - {}
RESULT: {"script":"<script> [1562 bytes]","args":[{"selector":{"id":"application-manageyards-display-component---NewYard--addressEditDetailsCostObjectCstType-arrow"},"wdio_ui5_key":"applicationmanageyards-display-component---NewYard--addressEditDetailsCostObjectCstType-arrow"}]}
RESULT: undefined
COMMAND: POST /session/77504fd77c071b9b72819f2d6312026a/element - {"using":"xpath","value":"//*[@id=\"application-manageyards-display-component---NewYard--addressEditDetailsCostObjectCstType-arrow\"]"}
RESULT: {}
RESULT: {"using":"xpath","value":"//*[@id=\"application-manageyards-display-component---NewYard--addressEditDetailsCostObjectCstType-arrow\"]"}
COMMAND: POST /session/77504fd77c071b9b72819f2d6312026a/element/f.1CA1BECA456A7E9CCD755CA14AB44D44.d.517792A2909A14161847636B7E258EC2.e.735/click - {}
RESULT: {}
COMMAND: POST /session/77504fd77c071b9b72819f2d6312026a/element - {"using":"xpath","value":"//span[contains(text(), \"Cost Center\")]"}
COMMAND: GET /session/77504fd77c071b9b72819f2d6312026a/screenshot - {}
RESULT: {"using":"xpath","value":"//span[contains(text(), \"Cost Center\")]"}
COMMAND: POST /session/77504fd77c071b9b72819f2d6312026a/element/f.1CA1BECA456A7E9CCD755CA14AB44D44.d.517792A2909A14161847636B7E258EC2.e.736/click - {}
RESULT: {}
RESULT: {}
COMMAND: GET /session/77504fd77c071b9b72819f2d6312026a/screenshot - {}
RESULT: {}
COMMAND: POST /session/77504fd77c071b9b72819f2d6312026a/element - {"using":"xpath","value":"//span[@id=\"application-manageyards-display-component---NewYard--addressNewCostObjectCstID-vhi\"]"}
RESULT: {"using":"xpath","value":"//span[@id=\"application-manageyards-display-component---NewYard--addressNewCostObjectCstID-vhi\"]"}
COMMAND: POST /session/77504fd77c071b9b72819f2d6312026a/execute/sync - {"script":"<script> [8489 bytes]","args":[{"element-6066-11e4-a52e-4f735466cecf":"f.1CA1BECA456A7E9CCD755CA14AB44D44.d.517792A2909A14161847636B7E258EC2.e.740","ELEMENT":"f.1CA1BECA456A7E9CCD755CA14AB44D44.d.517792A2909A14161847636B7E258EC2.e.740"}]}
RESULT: {"script":"<script> [8489 bytes]","args":[{"element-6066-11e4-a52e-4f735466cecf":"f.1CA1BECA456A7E9CCD755CA14AB44D44.d.517792A2909A14161847636B7E258EC2.e.740","ELEMENT":"f.1CA1BECA456A7E9CCD755CA14AB44D44.d.517792A2909A14161847636B7E258EC2.e.740"}]}
COMMAND: POST /session/77504fd77c071b9b72819f2d6312026a/execute/async - {"script":"<script> [1562 bytes]","args":[{"selector":{"id":"application-manageyards-display-component---NewYard--addressNewCostObjectCstID-vhi"},"wdio_ui5_key":"applicationmanageyards-display-component---NewYard--addressNewCostObjectCstID-vhi"}]}
COMMAND: GET /session/77504fd77c071b9b72819f2d6312026a/screenshot - {}
RESULT: {"script":"<script> [1562 bytes]","args":[{"selector":{"id":"application-manageyards-display-component---NewYard--addressNewCostObjectCstID-vhi"},"wdio_ui5_key":"applicationmanageyards-display-component---NewYard--addressNewCostObjectCstID-vhi"}]}
RESULT: undefined
COMMAND: POST /session/77504fd77c071b9b72819f2d6312026a/element - {"using":"xpath","value":"//*[@id=\"application-manageyards-display-component---NewYard--addressNewCostObjectCstID-vhi\"]"}
RESULT: {}
RESULT: {"using":"xpath","value":"//*[@id=\"application-manageyards-display-component---NewYard--addressNewCostObjectCstID-vhi\"]"}
COMMAND: POST /session/77504fd77c071b9b72819f2d6312026a/element/f.1CA1BECA456A7E9CCD755CA14AB44D44.d.517792A2909A14161847636B7E258EC2.e.740/click - {}
RESULT: {}
COMMAND: GET /session/77504fd77c071b9b72819f2d6312026a/screenshot - {}
RESULT: {}
COMMAND: POST /session/77504fd77c071b9b72819f2d6312026a/execute/async - {"script":"<script> [1562 bytes]","args":[{"selector":{"controlType":"sap.m.SearchField","properties":{"placeholder":"Search"},"searchOpenDialogs":true,"interaction":{"idSuffix":"I"}},"wdio_ui5_key":"sapm.SearchField{\"placeholder\":\"Search\"}"}]}
RESULT: {"script":"<script> [1562 bytes]","args":[{"selector":{"controlType":"sap.m.SearchField","properties":{"placeholder":"Search"},"searchOpenDialogs":true,"interaction":{"idSuffix":"I"}},"wdio_ui5_key":"sapm.SearchField{\"placeholder\":\"Search\"}"}]}
RESULT: undefined
COMMAND: POST /session/77504fd77c071b9b72819f2d6312026a/execute/async - {"script":"<script> [776 bytes]","args":[{"enterText":"10001013","selector":{"controlType":"sap.m.SearchField","properties":{"placeholder":"Search"},"searchOpenDialogs":true,"interaction":{"idSuffix":"I"}},"clearTextFirst":true,"interactionType":"ENTER_TEXT"}]}
RESULT: {"script":"<script> [776 bytes]","args":[{"enterText":"10001013","selector":{"controlType":"sap.m.SearchField","properties":{"placeholder":"Search"},"searchOpenDialogs":true,"interaction":{"idSuffix":"I"}},"clearTextFirst":true,"interactionType":"ENTER_TEXT"}]}
COMMAND: POST /session/77504fd77c071b9b72819f2d6312026a/actions - {"actions":[{"id":"action1","type":"key","parameters":{},"actions":[{"type":"keyDown","value":"î€‡"},{"type":"pause","duration":10},{"type":"keyUp","value":"î€‡"}]}]}
RESULT: {"actions":[{"id":"action1","type":"key","parameters":{},"actions":[{"type":"keyDown","value":"î€‡"},{"type":"pause","duration":10},{"type":"keyUp","value":"î€‡"}]}]}
COMMAND: GET /session/77504fd77c071b9b72819f2d6312026a/screenshot - {}
RESULT: {}
COMMAND: POST /session/77504fd77c071b9b72819f2d6312026a/element - {"using":"xpath","value":"//span[contains(text(), \"General Management\")]"}
RESULT: {"using":"xpath","value":"//span[contains(text(), \"General Management\")]"}
COMMAND: POST /session/77504fd77c071b9b72819f2d6312026a/element/f.1CA1BECA456A7E9CCD755CA14AB44D44.d.517792A2909A14161847636B7E258EC2.e.782/click - {}
RESULT: {}
COMMAND: GET /session/77504fd77c071b9b72819f2d6312026a/screenshot - {}
RESULT: {}
COMMAND: POST /session/77504fd77c071b9b72819f2d6312026a/element - {"using":"xpath","value":"//bdi[contains(text(), \"OK\")]"}
RESULT: {"using":"xpath","value":"//bdi[contains(text(), \"OK\")]"}
COMMAND: POST /session/77504fd77c071b9b72819f2d6312026a/element/f.1CA1BECA456A7E9CCD755CA14AB44D44.d.517792A2909A14161847636B7E258EC2.e.783/click - {}
RESULT: {}
COMMAND: GET /session/77504fd77c071b9b72819f2d6312026a/screenshot - {}
RESULT: {}
COMMAND: POST /session/77504fd77c071b9b72819f2d6312026a/execute/async - {"script":"<script> [1562 bytes]","args":[{"selector":{"id":"application-manageyards-display-component---NewYard--addressEditDetailsCurrency-arrow"},"wdio_ui5_key":"applicationmanageyards-display-component---NewYard--addressEditDetailsCurrency-arrow"}]}
RESULT: {"script":"<script> [1562 bytes]","args":[{"selector":{"id":"application-manageyards-display-component---NewYard--addressEditDetailsCurrency-arrow"},"wdio_ui5_key":"applicationmanageyards-display-component---NewYard--addressEditDetailsCurrency-arrow"}]}
RESULT: undefined
COMMAND: POST /session/77504fd77c071b9b72819f2d6312026a/element - {"using":"xpath","value":"//*[@id=\"application-manageyards-display-component---NewYard--addressEditDetailsCurrency-arrow\"]"}
RESULT: {"using":"xpath","value":"//*[@id=\"application-manageyards-display-component---NewYard--addressEditDetailsCurrency-arrow\"]"}
COMMAND: POST /session/77504fd77c071b9b72819f2d6312026a/element/f.1CA1BECA456A7E9CCD755CA14AB44D44.d.517792A2909A14161847636B7E258EC2.e.786/click - {}
RESULT: {}
COMMAND: POST /session/77504fd77c071b9b72819f2d6312026a/element - {"using":"xpath","value":"//span[contains(text(), \"Euro\")]"}
COMMAND: GET /session/77504fd77c071b9b72819f2d6312026a/screenshot - {}
RESULT: {"using":"xpath","value":"//span[contains(text(), \"Euro\")]"}
COMMAND: POST /session/77504fd77c071b9b72819f2d6312026a/element/f.1CA1BECA456A7E9CCD755CA14AB44D44.d.517792A2909A14161847636B7E258EC2.e.787/click - {}
RESULT: {}
RESULT: {}
COMMAND: POST /session/77504fd77c071b9b72819f2d6312026a/execute/async - {"script":"<script> [1562 bytes]","args":[{"selector":{"controlType":"sap.m.Input","viewName":"etm.portal.ui.manageyards.view.New","viewId":"application-manageyards-display-component---NewYard","bindingPath":{"path":"","propertyPath":"/CONTROLLING_AREA","modelName":"NewYardModel"},"interaction":{"idSuffix":"inner"}},"wdio_ui5_key":"etmportal.ui.manageyards.view.Newsap.m.Input{\"path\":\"\",\"propertyPath\":\"/CONTROLLING_AREA\",\"modelName\":\"NewYardModel\"}"}]}
COMMAND: GET /session/77504fd77c071b9b72819f2d6312026a/screenshot - {}
RESULT: {"script":"<script> [1562 bytes]","args":[{"selector":{"controlType":"sap.m.Input","viewName":"etm.portal.ui.manageyards.view.New","viewId":"application-manageyards-display-component---NewYard","bindingPath":{"path":"","propertyPath":"/CONTROLLING_AREA","modelName":"NewYardModel"},"interaction":{"idSuffix":"inner"}},"wdio_ui5_key":"etmportal.ui.manageyards.view.Newsap.m.Input{\"path\":\"\",\"propertyPath\":\"/CONTROLLING_AREA\",\"modelName\":\"NewYardModel\"}"}]}
RESULT: undefined
COMMAND: POST /session/77504fd77c071b9b72819f2d6312026a/execute/async - {"script":"<script> [776 bytes]","args":[{"enterText":"Z001","selector":{"controlType":"sap.m.Input","viewName":"etm.portal.ui.manageyards.view.New","viewId":"application-manageyards-display-component---NewYard","bindingPath":{"path":"","propertyPath":"/CONTROLLING_AREA","modelName":"NewYardModel"},"interaction":{"idSuffix":"inner"}},"clearTextFirst":true,"interactionType":"ENTER_TEXT"}]}
RESULT: {}
RESULT: {"script":"<script> [776 bytes]","args":[{"enterText":"Z001","selector":{"controlType":"sap.m.Input","viewName":"etm.portal.ui.manageyards.view.New","viewId":"application-manageyards-display-component---NewYard","bindingPath":{"path":"","propertyPath":"/CONTROLLING_AREA","modelName":"NewYardModel"},"interaction":{"idSuffix":"inner"}},"clearTextFirst":true,"interactionType":"ENTER_TEXT"}]}
COMMAND: POST /session/77504fd77c071b9b72819f2d6312026a/execute/async - {"script":"<script> [1562 bytes]","args":[{"selector":{"id":"application-manageyards-display-component---NewYard--companyCodeComboBox","interaction":{"idSuffix":"inner"}},"wdio_ui5_key":"applicationmanageyards-display-component---NewYard--companyCodeComboBox"}]}
RESULT: {"script":"<script> [1562 bytes]","args":[{"selector":{"id":"application-manageyards-display-component---NewYard--companyCodeComboBox","interaction":{"idSuffix":"inner"}},"wdio_ui5_key":"applicationmanageyards-display-component---NewYard--companyCodeComboBox"}]}
RESULT: undefined
COMMAND: POST /session/77504fd77c071b9b72819f2d6312026a/execute/async - {"script":"<script> [776 bytes]","args":[{"enterText":"1000","selector":{"id":"application-manageyards-display-component---NewYard--companyCodeComboBox","interaction":{"idSuffix":"inner"}},"clearTextFirst":true,"interactionType":"ENTER_TEXT"}]}
RESULT: {"script":"<script> [776 bytes]","args":[{"enterText":"1000","selector":{"id":"application-manageyards-display-component---NewYard--companyCodeComboBox","interaction":{"idSuffix":"inner"}},"clearTextFirst":true,"interactionType":"ENTER_TEXT"}]}
COMMAND: POST /session/77504fd77c071b9b72819f2d6312026a/execute/async - {"script":"<script> [1562 bytes]","args":[{"selector":{"controlType":"sap.m.Input","viewName":"etm.portal.ui.manageyards.view.New","viewId":"application-manageyards-display-component---NewYard","bindingPath":{"path":"","propertyPath":"/PLANT","modelName":"NewYardModel"},"interaction":{"idSuffix":"inner"}},"wdio_ui5_key":"etmportal.ui.manageyards.view.Newsap.m.Input{\"path\":\"\",\"propertyPath\":\"/PLANT\",\"modelName\":\"NewYardModel\"}"}]}
RESULT: {"script":"<script> [1562 bytes]","args":[{"selector":{"controlType":"sap.m.Input","viewName":"etm.portal.ui.manageyards.view.New","viewId":"application-manageyards-display-component---NewYard","bindingPath":{"path":"","propertyPath":"/PLANT","modelName":"NewYardModel"},"interaction":{"idSuffix":"inner"}},"wdio_ui5_key":"etmportal.ui.manageyards.view.Newsap.m.Input{\"path\":\"\",\"propertyPath\":\"/PLANT\",\"modelName\":\"NewYardModel\"}"}]}
RESULT: undefined
COMMAND: POST /session/77504fd77c071b9b72819f2d6312026a/execute/async - {"script":"<script> [776 bytes]","args":[{"enterText":"1001","selector":{"controlType":"sap.m.Input","viewName":"etm.portal.ui.manageyards.view.New","viewId":"application-manageyards-display-component---NewYard","bindingPath":{"path":"","propertyPath":"/PLANT","modelName":"NewYardModel"},"interaction":{"idSuffix":"inner"}},"clearTextFirst":true,"interactionType":"ENTER_TEXT"}]}
RESULT: {"script":"<script> [776 bytes]","args":[{"enterText":"1001","selector":{"controlType":"sap.m.Input","viewName":"etm.portal.ui.manageyards.view.New","viewId":"application-manageyards-display-component---NewYard","bindingPath":{"path":"","propertyPath":"/PLANT","modelName":"NewYardModel"},"interaction":{"idSuffix":"inner"}},"clearTextFirst":true,"interactionType":"ENTER_TEXT"}]}
COMMAND: POST /session/77504fd77c071b9b72819f2d6312026a/execute/async - {"script":"<script> [1562 bytes]","args":[{"selector":{"controlType":"sap.m.Input","viewName":"etm.portal.ui.manageyards.view.New","viewId":"application-manageyards-display-component---NewYard","bindingPath":{"path":"","propertyPath":"/SALES_AREA_VKORG","modelName":"NewYardModel"},"interaction":{"idSuffix":"inner"}},"wdio_ui5_key":"etmportal.ui.manageyards.view.Newsap.m.Input{\"path\":\"\",\"propertyPath\":\"/SALES_AREA_VKORG\",\"modelName\":\"NewYardModel\"}"}]}
RESULT: {"script":"<script> [1562 bytes]","args":[{"selector":{"controlType":"sap.m.Input","viewName":"etm.portal.ui.manageyards.view.New","viewId":"application-manageyards-display-component---NewYard","bindingPath":{"path":"","propertyPath":"/SALES_AREA_VKORG","modelName":"NewYardModel"},"interaction":{"idSuffix":"inner"}},"wdio_ui5_key":"etmportal.ui.manageyards.view.Newsap.m.Input{\"path\":\"\",\"propertyPath\":\"/SALES_AREA_VKORG\",\"modelName\":\"NewYardModel\"}"}]}
RESULT: undefined
COMMAND: POST /session/77504fd77c071b9b72819f2d6312026a/execute/async - {"script":"<script> [776 bytes]","args":[{"enterText":"C002","selector":{"controlType":"sap.m.Input","viewName":"etm.portal.ui.manageyards.view.New","viewId":"application-manageyards-display-component---NewYard","bindingPath":{"path":"","propertyPath":"/SALES_AREA_VKORG","modelName":"NewYardModel"},"interaction":{"idSuffix":"inner"}},"clearTextFirst":true,"interactionType":"ENTER_TEXT"}]}
RESULT: {"script":"<script> [776 bytes]","args":[{"enterText":"C002","selector":{"controlType":"sap.m.Input","viewName":"etm.portal.ui.manageyards.view.New","viewId":"application-manageyards-display-component---NewYard","bindingPath":{"path":"","propertyPath":"/SALES_AREA_VKORG","modelName":"NewYardModel"},"interaction":{"idSuffix":"inner"}},"clearTextFirst":true,"interactionType":"ENTER_TEXT"}]}
COMMAND: POST /session/77504fd77c071b9b72819f2d6312026a/execute/async - {"script":"<script> [1562 bytes]","args":[{"selector":{"controlType":"sap.m.Input","viewName":"etm.portal.ui.manageyards.view.New","viewId":"application-manageyards-display-component---NewYard","bindingPath":{"path":"","propertyPath":"/SALES_AREA_VTWEG","modelName":"NewYardModel"},"interaction":{"idSuffix":"inner"}},"wdio_ui5_key":"etmportal.ui.manageyards.view.Newsap.m.Input{\"path\":\"\",\"propertyPath\":\"/SALES_AREA_VTWEG\",\"modelName\":\"NewYardModel\"}"}]}
RESULT: {"script":"<script> [1562 bytes]","args":[{"selector":{"controlType":"sap.m.Input","viewName":"etm.portal.ui.manageyards.view.New","viewId":"application-manageyards-display-component---NewYard","bindingPath":{"path":"","propertyPath":"/SALES_AREA_VTWEG","modelName":"NewYardModel"},"interaction":{"idSuffix":"inner"}},"wdio_ui5_key":"etmportal.ui.manageyards.view.Newsap.m.Input{\"path\":\"\",\"propertyPath\":\"/SALES_AREA_VTWEG\",\"modelName\":\"NewYardModel\"}"}]}
RESULT: undefined
COMMAND: POST /session/77504fd77c071b9b72819f2d6312026a/execute/async - {"script":"<script> [776 bytes]","args":[{"enterText":"C2","selector":{"controlType":"sap.m.Input","viewName":"etm.portal.ui.manageyards.view.New","viewId":"application-manageyards-display-component---NewYard","bindingPath":{"path":"","propertyPath":"/SALES_AREA_VTWEG","modelName":"NewYardModel"},"interaction":{"idSuffix":"inner"}},"clearTextFirst":true,"interactionType":"ENTER_TEXT"}]}
RESULT: {"script":"<script> [776 bytes]","args":[{"enterText":"C2","selector":{"controlType":"sap.m.Input","viewName":"etm.portal.ui.manageyards.view.New","viewId":"application-manageyards-display-component---NewYard","bindingPath":{"path":"","propertyPath":"/SALES_AREA_VTWEG","modelName":"NewYardModel"},"interaction":{"idSuffix":"inner"}},"clearTextFirst":true,"interactionType":"ENTER_TEXT"}]}
COMMAND: POST /session/77504fd77c071b9b72819f2d6312026a/execute/async - {"script":"<script> [1562 bytes]","args":[{"selector":{"controlType":"sap.m.Input","viewName":"etm.portal.ui.manageyards.view.New","viewId":"application-manageyards-display-component---NewYard","bindingPath":{"path":"","propertyPath":"/SALES_AREA_SPART","modelName":"NewYardModel"},"interaction":{"idSuffix":"inner"}},"wdio_ui5_key":"etmportal.ui.manageyards.view.Newsap.m.Input{\"path\":\"\",\"propertyPath\":\"/SALES_AREA_SPART\",\"modelName\":\"NewYardModel\"}"}]}
RESULT: {"script":"<script> [1562 bytes]","args":[{"selector":{"controlType":"sap.m.Input","viewName":"etm.portal.ui.manageyards.view.New","viewId":"application-manageyards-display-component---NewYard","bindingPath":{"path":"","propertyPath":"/SALES_AREA_SPART","modelName":"NewYardModel"},"interaction":{"idSuffix":"inner"}},"wdio_ui5_key":"etmportal.ui.manageyards.view.Newsap.m.Input{\"path\":\"\",\"propertyPath\":\"/SALES_AREA_SPART\",\"modelName\":\"NewYardModel\"}"}]}
RESULT: undefined
COMMAND: POST /session/77504fd77c071b9b72819f2d6312026a/execute/async - {"script":"<script> [776 bytes]","args":[{"enterText":"C2","selector":{"controlType":"sap.m.Input","viewName":"etm.portal.ui.manageyards.view.New","viewId":"application-manageyards-display-component---NewYard","bindingPath":{"path":"","propertyPath":"/SALES_AREA_SPART","modelName":"NewYardModel"},"interaction":{"idSuffix":"inner"}},"clearTextFirst":true,"interactionType":"ENTER_TEXT"}]}
RESULT: {"script":"<script> [776 bytes]","args":[{"enterText":"C2","selector":{"controlType":"sap.m.Input","viewName":"etm.portal.ui.manageyards.view.New","viewId":"application-manageyards-display-component---NewYard","bindingPath":{"path":"","propertyPath":"/SALES_AREA_SPART","modelName":"NewYardModel"},"interaction":{"idSuffix":"inner"}},"clearTextFirst":true,"interactionType":"ENTER_TEXT"}]}
COMMAND: POST /session/77504fd77c071b9b72819f2d6312026a/execute/async - {"script":"<script> [1562 bytes]","args":[{"selector":{"controlType":"sap.m.Input","viewName":"etm.portal.ui.manageyards.view.New","viewId":"application-manageyards-display-component---NewYard","bindingPath":{"path":"","propertyPath":"/SHIP_POINT","modelName":"NewYardModel"},"interaction":{"idSuffix":"inner"}},"wdio_ui5_key":"etmportal.ui.manageyards.view.Newsap.m.Input{\"path\":\"\",\"propertyPath\":\"/SHIP_POINT\",\"modelName\":\"NewYardModel\"}"}]}
RESULT: {"script":"<script> [1562 bytes]","args":[{"selector":{"controlType":"sap.m.Input","viewName":"etm.portal.ui.manageyards.view.New","viewId":"application-manageyards-display-component---NewYard","bindingPath":{"path":"","propertyPath":"/SHIP_POINT","modelName":"NewYardModel"},"interaction":{"idSuffix":"inner"}},"wdio_ui5_key":"etmportal.ui.manageyards.view.Newsap.m.Input{\"path\":\"\",\"propertyPath\":\"/SHIP_POINT\",\"modelName\":\"NewYardModel\"}"}]}
RESULT: undefined
COMMAND: POST /session/77504fd77c071b9b72819f2d6312026a/execute/async - {"script":"<script> [776 bytes]","args":[{"enterText":"1710","selector":{"controlType":"sap.m.Input","viewName":"etm.portal.ui.manageyards.view.New","viewId":"application-manageyards-display-component---NewYard","bindingPath":{"path":"","propertyPath":"/SHIP_POINT","modelName":"NewYardModel"},"interaction":{"idSuffix":"inner"}},"clearTextFirst":true,"interactionType":"ENTER_TEXT"}]}
RESULT: {"script":"<script> [776 bytes]","args":[{"enterText":"1710","selector":{"controlType":"sap.m.Input","viewName":"etm.portal.ui.manageyards.view.New","viewId":"application-manageyards-display-component---NewYard","bindingPath":{"path":"","propertyPath":"/SHIP_POINT","modelName":"NewYardModel"},"interaction":{"idSuffix":"inner"}},"clearTextFirst":true,"interactionType":"ENTER_TEXT"}]}
COMMAND: POST /session/77504fd77c071b9b72819f2d6312026a/execute/async - {"script":"<script> [1562 bytes]","args":[{"selector":{"controlType":"sap.m.Input","viewName":"etm.portal.ui.manageyards.view.New","viewId":"application-manageyards-display-component---NewYard","bindingPath":{"path":"","propertyPath":"/DELIVERY_TYPE","modelName":"NewYardModel"},"interaction":{"idSuffix":"inner"}},"wdio_ui5_key":"etmportal.ui.manageyards.view.Newsap.m.Input{\"path\":\"\",\"propertyPath\":\"/DELIVERY_TYPE\",\"modelName\":\"NewYardModel\"}"}]}
RESULT: {"script":"<script> [1562 bytes]","args":[{"selector":{"controlType":"sap.m.Input","viewName":"etm.portal.ui.manageyards.view.New","viewId":"application-manageyards-display-component---NewYard","bindingPath":{"path":"","propertyPath":"/DELIVERY_TYPE","modelName":"NewYardModel"},"interaction":{"idSuffix":"inner"}},"wdio_ui5_key":"etmportal.ui.manageyards.view.Newsap.m.Input{\"path\":\"\",\"propertyPath\":\"/DELIVERY_TYPE\",\"modelName\":\"NewYardModel\"}"}]}
RESULT: undefined
COMMAND: POST /session/77504fd77c071b9b72819f2d6312026a/execute/async - {"script":"<script> [776 bytes]","args":[{"enterText":"ZL01","selector":{"controlType":"sap.m.Input","viewName":"etm.portal.ui.manageyards.view.New","viewId":"application-manageyards-display-component---NewYard","bindingPath":{"path":"","propertyPath":"/DELIVERY_TYPE","modelName":"NewYardModel"},"interaction":{"idSuffix":"inner"}},"clearTextFirst":true,"interactionType":"ENTER_TEXT"}]}
RESULT: {"script":"<script> [776 bytes]","args":[{"enterText":"ZL01","selector":{"controlType":"sap.m.Input","viewName":"etm.portal.ui.manageyards.view.New","viewId":"application-manageyards-display-component---NewYard","bindingPath":{"path":"","propertyPath":"/DELIVERY_TYPE","modelName":"NewYardModel"},"interaction":{"idSuffix":"inner"}},"clearTextFirst":true,"interactionType":"ENTER_TEXT"}]}
COMMAND: POST /session/77504fd77c071b9b72819f2d6312026a/execute/async - {"script":"<script> [1562 bytes]","args":[{"selector":{"controlType":"sap.m.Input","viewName":"etm.portal.ui.manageyards.view.New","viewId":"application-manageyards-display-component---NewYard","bindingPath":{"path":"","propertyPath":"/AUART","modelName":"NewYardModel"},"interaction":{"idSuffix":"inner"}},"wdio_ui5_key":"etmportal.ui.manageyards.view.Newsap.m.Input{\"path\":\"\",\"propertyPath\":\"/AUART\",\"modelName\":\"NewYardModel\"}"}]}
RESULT: {"script":"<script> [1562 bytes]","args":[{"selector":{"controlType":"sap.m.Input","viewName":"etm.portal.ui.manageyards.view.New","viewId":"application-manageyards-display-component---NewYard","bindingPath":{"path":"","propertyPath":"/AUART","modelName":"NewYardModel"},"interaction":{"idSuffix":"inner"}},"wdio_ui5_key":"etmportal.ui.manageyards.view.Newsap.m.Input{\"path\":\"\",\"propertyPath\":\"/AUART\",\"modelName\":\"NewYardModel\"}"}]}
RESULT: undefined
COMMAND: POST /session/77504fd77c071b9b72819f2d6312026a/execute/async - {"script":"<script> [776 bytes]","args":[{"enterText":"TA","selector":{"controlType":"sap.m.Input","viewName":"etm.portal.ui.manageyards.view.New","viewId":"application-manageyards-display-component---NewYard","bindingPath":{"path":"","propertyPath":"/AUART","modelName":"NewYardModel"},"interaction":{"idSuffix":"inner"}},"clearTextFirst":true,"interactionType":"ENTER_TEXT"}]}
RESULT: {"script":"<script> [776 bytes]","args":[{"enterText":"TA","selector":{"controlType":"sap.m.Input","viewName":"etm.portal.ui.manageyards.view.New","viewId":"application-manageyards-display-component---NewYard","bindingPath":{"path":"","propertyPath":"/AUART","modelName":"NewYardModel"},"interaction":{"idSuffix":"inner"}},"clearTextFirst":true,"interactionType":"ENTER_TEXT"}]}
COMMAND: POST /session/77504fd77c071b9b72819f2d6312026a/element - {"using":"xpath","value":"//button[@data-kt=\"newYardSaveButton\"]"}
RESULT: {"using":"xpath","value":"//button[@data-kt=\"newYardSaveButton\"]"}
COMMAND: POST /session/77504fd77c071b9b72819f2d6312026a/element/f.1CA1BECA456A7E9CCD755CA14AB44D44.d.517792A2909A14161847636B7E258EC2.e.714/click - {}
RESULT: {}
COMMAND: GET /session/77504fd77c071b9b72819f2d6312026a/screenshot - {}
RESULT: {}
COMMAND: POST /session/77504fd77c071b9b72819f2d6312026a/element - {"using":"xpath","value":"//header[contains(@id, 'ObjectPageLayout-headerTitle')]/div[1]/div[2]/div[1]/span[1]"}
RESULT: {"using":"xpath","value":"//header[contains(@id, 'ObjectPageLayout-headerTitle')]/div[1]/div[2]/div[1]/span[1]"}
COMMAND: POST /session/77504fd77c071b9b72819f2d6312026a/elements - {"using":"xpath","value":"//header[contains(@id, 'ObjectPageLayout-headerTitle')]/div[1]/div[2]/div[1]/span[1]"}
RESULT: {"using":"xpath","value":"//header[contains(@id, 'ObjectPageLayout-headerTitle')]/div[1]/div[2]/div[1]/span[1]"}
COMMAND: POST /session/77504fd77c071b9b72819f2d6312026a/execute/sync - {"script":"<script> [56 bytes]","args":[{"element-6066-11e4-a52e-4f735466cecf":"f.1CA1BECA456A7E9CCD755CA14AB44D44.d.517792A2909A14161847636B7E258EC2.e.1010","ELEMENT":"f.1CA1BECA456A7E9CCD755CA14AB44D44.d.517792A2909A14161847636B7E258EC2.e.1010"}]}
RESULT: {"script":"<script> [56 bytes]","args":[{"element-6066-11e4-a52e-4f735466cecf":"f.1CA1BECA456A7E9CCD755CA14AB44D44.d.517792A2909A14161847636B7E258EC2.e.1010","ELEMENT":"f.1CA1BECA456A7E9CCD755CA14AB44D44.d.517792A2909A14161847636B7E258EC2.e.1010"}]}
COMMAND: GET /session/77504fd77c071b9b72819f2d6312026a/screenshot - {}
RESULT: {}
COMMAND: POST /session/77504fd77c071b9b72819f2d6312026a/element - {"using":"css selector","value":"#shell-header-logo"}
RESULT: {"using":"css selector","value":"#shell-header-logo"}
COMMAND: POST /session/77504fd77c071b9b72819f2d6312026a/element/f.1CA1BECA456A7E9CCD755CA14AB44D44.d.517792A2909A14161847636B7E258EC2.e.267/click - {}
RESULT: {}
COMMAND: GET /session/77504fd77c071b9b72819f2d6312026a/screenshot - {}
RESULT: {}
COMMAND: POST /session/77504fd77c071b9b72819f2d6312026a/execute/sync - {"script":"<script> [299 bytes]","args":[["getModel","getResource"]]}
RESULT: {"script":"<script> [299 bytes]","args":[["getModel","getResource"]]}
]]></system-out>
    </testcase>
    <testcase classname="chrome.135_0_7049_96.windows.Billing_confirm_US117289" name="Should create a new partner" time="123.66">
      <system-out><![CDATA[
COMMAND: GET /session/77504fd77c071b9b72819f2d6312026a/screenshot - {}
COMMAND: POST /session/77504fd77c071b9b72819f2d6312026a/window/fullscreen - {}
RESULT: {}
RESULT: {}
COMMAND: POST /session/77504fd77c071b9b72819f2d6312026a/execute/async - {"script":"<script> [1562 bytes]","args":[{"selector":{"controlType":"sap.m.GenericTile","properties":{"header":"Manage Partners"}},"wdio_ui5_key":"sapm.GenericTile{\"header\":\"Manage Partners\"}"}]}
RESULT: {"script":"<script> [1562 bytes]","args":[{"selector":{"controlType":"sap.m.GenericTile","properties":{"header":"Manage Partners"}},"wdio_ui5_key":"sapm.GenericTile{\"header\":\"Manage Partners\"}"}]}
RESULT: undefined
COMMAND: POST /session/77504fd77c071b9b72819f2d6312026a/element - {"using":"xpath","value":"//*[@id=\"__tile38\"]"}
RESULT: {"using":"xpath","value":"//*[@id=\"__tile38\"]"}
COMMAND: POST /session/77504fd77c071b9b72819f2d6312026a/element/f.1CA1BECA456A7E9CCD755CA14AB44D44.d.517792A2909A14161847636B7E258EC2.e.155/click - {}
RESULT: {}
COMMAND: POST /session/77504fd77c071b9b72819f2d6312026a/element - {"using":"xpath","value":"//button[@data-kt=\"addButton\"]"}
COMMAND: GET /session/77504fd77c071b9b72819f2d6312026a/screenshot - {}
RESULT: {"using":"xpath","value":"//button[@data-kt=\"addButton\"]"}
COMMAND: POST /session/77504fd77c071b9b72819f2d6312026a/elements - {"using":"xpath","value":"//button[@data-kt=\"addButton\"]"}
RESULT: {}
RESULT: {"using":"xpath","value":"//button[@data-kt=\"addButton\"]"}
COMMAND: POST /session/77504fd77c071b9b72819f2d6312026a/elements - {"using":"xpath","value":"//button[@data-kt=\"addButton\"]"}
RESULT: {"using":"xpath","value":"//button[@data-kt=\"addButton\"]"}
COMMAND: POST /session/77504fd77c071b9b72819f2d6312026a/elements - {"using":"xpath","value":"//button[@data-kt=\"addButton\"]"}
RESULT: {"using":"xpath","value":"//button[@data-kt=\"addButton\"]"}
COMMAND: POST /session/77504fd77c071b9b72819f2d6312026a/elements - {"using":"xpath","value":"//button[@data-kt=\"addButton\"]"}
RESULT: {"using":"xpath","value":"//button[@data-kt=\"addButton\"]"}
COMMAND: POST /session/77504fd77c071b9b72819f2d6312026a/elements - {"using":"xpath","value":"//button[@data-kt=\"addButton\"]"}
RESULT: {"using":"xpath","value":"//button[@data-kt=\"addButton\"]"}
COMMAND: POST /session/77504fd77c071b9b72819f2d6312026a/elements - {"using":"xpath","value":"//button[@data-kt=\"addButton\"]"}
RESULT: {"using":"xpath","value":"//button[@data-kt=\"addButton\"]"}
COMMAND: POST /session/77504fd77c071b9b72819f2d6312026a/elements - {"using":"xpath","value":"//button[@data-kt=\"addButton\"]"}
RESULT: {"using":"xpath","value":"//button[@data-kt=\"addButton\"]"}
COMMAND: POST /session/77504fd77c071b9b72819f2d6312026a/elements - {"using":"xpath","value":"//button[@data-kt=\"addButton\"]"}
RESULT: {"using":"xpath","value":"//button[@data-kt=\"addButton\"]"}
COMMAND: POST /session/77504fd77c071b9b72819f2d6312026a/elements - {"using":"xpath","value":"//button[@data-kt=\"addButton\"]"}
RESULT: {"using":"xpath","value":"//button[@data-kt=\"addButton\"]"}
COMMAND: POST /session/77504fd77c071b9b72819f2d6312026a/elements - {"using":"xpath","value":"//button[@data-kt=\"addButton\"]"}
RESULT: {"using":"xpath","value":"//button[@data-kt=\"addButton\"]"}
COMMAND: POST /session/77504fd77c071b9b72819f2d6312026a/elements - {"using":"xpath","value":"//button[@data-kt=\"addButton\"]"}
RESULT: {"using":"xpath","value":"//button[@data-kt=\"addButton\"]"}
COMMAND: POST /session/77504fd77c071b9b72819f2d6312026a/elements - {"using":"xpath","value":"//button[@data-kt=\"addButton\"]"}
RESULT: {"using":"xpath","value":"//button[@data-kt=\"addButton\"]"}
COMMAND: POST /session/77504fd77c071b9b72819f2d6312026a/elements - {"using":"xpath","value":"//button[@data-kt=\"addButton\"]"}
RESULT: {"using":"xpath","value":"//button[@data-kt=\"addButton\"]"}
COMMAND: POST /session/77504fd77c071b9b72819f2d6312026a/elements - {"using":"xpath","value":"//button[@data-kt=\"addButton\"]"}
RESULT: {"using":"xpath","value":"//button[@data-kt=\"addButton\"]"}
COMMAND: POST /session/77504fd77c071b9b72819f2d6312026a/elements - {"using":"xpath","value":"//button[@data-kt=\"addButton\"]"}
RESULT: {"using":"xpath","value":"//button[@data-kt=\"addButton\"]"}
COMMAND: POST /session/77504fd77c071b9b72819f2d6312026a/elements - {"using":"xpath","value":"//button[@data-kt=\"addButton\"]"}
RESULT: {"using":"xpath","value":"//button[@data-kt=\"addButton\"]"}
COMMAND: POST /session/77504fd77c071b9b72819f2d6312026a/elements - {"using":"xpath","value":"//button[@data-kt=\"addButton\"]"}
RESULT: {"using":"xpath","value":"//button[@data-kt=\"addButton\"]"}
COMMAND: POST /session/77504fd77c071b9b72819f2d6312026a/elements - {"using":"xpath","value":"//button[@data-kt=\"addButton\"]"}
RESULT: {"using":"xpath","value":"//button[@data-kt=\"addButton\"]"}
COMMAND: POST /session/77504fd77c071b9b72819f2d6312026a/elements - {"using":"xpath","value":"//button[@data-kt=\"addButton\"]"}
RESULT: {"using":"xpath","value":"//button[@data-kt=\"addButton\"]"}
COMMAND: POST /session/77504fd77c071b9b72819f2d6312026a/elements - {"using":"xpath","value":"//button[@data-kt=\"addButton\"]"}
RESULT: {"using":"xpath","value":"//button[@data-kt=\"addButton\"]"}
COMMAND: POST /session/77504fd77c071b9b72819f2d6312026a/elements - {"using":"xpath","value":"//button[@data-kt=\"addButton\"]"}
RESULT: {"using":"xpath","value":"//button[@data-kt=\"addButton\"]"}
COMMAND: POST /session/77504fd77c071b9b72819f2d6312026a/elements - {"using":"xpath","value":"//button[@data-kt=\"addButton\"]"}
RESULT: {"using":"xpath","value":"//button[@data-kt=\"addButton\"]"}
COMMAND: POST /session/77504fd77c071b9b72819f2d6312026a/elements - {"using":"xpath","value":"//button[@data-kt=\"addButton\"]"}
RESULT: {"using":"xpath","value":"//button[@data-kt=\"addButton\"]"}
COMMAND: POST /session/77504fd77c071b9b72819f2d6312026a/element - {"using":"xpath","value":"//button[@data-kt=\"addButton\"]"}
RESULT: {"using":"xpath","value":"//button[@data-kt=\"addButton\"]"}
COMMAND: POST /session/77504fd77c071b9b72819f2d6312026a/execute/sync - {"script":"<script> [8489 bytes]","args":[{"element-6066-11e4-a52e-4f735466cecf":"f.1CA1BECA456A7E9CCD755CA14AB44D44.d.517792A2909A14161847636B7E258EC2.e.1059","ELEMENT":"f.1CA1BECA456A7E9CCD755CA14AB44D44.d.517792A2909A14161847636B7E258EC2.e.1059"}]}
RESULT: {"script":"<script> [8489 bytes]","args":[{"element-6066-11e4-a52e-4f735466cecf":"f.1CA1BECA456A7E9CCD755CA14AB44D44.d.517792A2909A14161847636B7E258EC2.e.1059","ELEMENT":"f.1CA1BECA456A7E9CCD755CA14AB44D44.d.517792A2909A14161847636B7E258EC2.e.1059"}]}
COMMAND: GET /session/77504fd77c071b9b72819f2d6312026a/element/f.1CA1BECA456A7E9CCD755CA14AB44D44.d.517792A2909A14161847636B7E258EC2.e.1059/enabled - {}
COMMAND: GET /session/77504fd77c071b9b72819f2d6312026a/screenshot - {}
RESULT: {}
COMMAND: POST /session/77504fd77c071b9b72819f2d6312026a/execute/sync - {"script":"<script> [8489 bytes]","args":[{"element-6066-11e4-a52e-4f735466cecf":"f.1CA1BECA456A7E9CCD755CA14AB44D44.d.517792A2909A14161847636B7E258EC2.e.1059","ELEMENT":"f.1CA1BECA456A7E9CCD755CA14AB44D44.d.517792A2909A14161847636B7E258EC2.e.1059"}]}
COMMAND: GET /session/77504fd77c071b9b72819f2d6312026a/screenshot - {}
RESULT: {}
RESULT: {"script":"<script> [8489 bytes]","args":[{"element-6066-11e4-a52e-4f735466cecf":"f.1CA1BECA456A7E9CCD755CA14AB44D44.d.517792A2909A14161847636B7E258EC2.e.1059","ELEMENT":"f.1CA1BECA456A7E9CCD755CA14AB44D44.d.517792A2909A14161847636B7E258EC2.e.1059"}]}
COMMAND: POST /session/77504fd77c071b9b72819f2d6312026a/execute/sync - {"script":"<script> [5351 bytes]","args":[{"element-6066-11e4-a52e-4f735466cecf":"f.1CA1BECA456A7E9CCD755CA14AB44D44.d.517792A2909A14161847636B7E258EC2.e.1059","ELEMENT":"f.1CA1BECA456A7E9CCD755CA14AB44D44.d.517792A2909A14161847636B7E258EC2.e.1059"}]}
COMMAND: GET /session/77504fd77c071b9b72819f2d6312026a/screenshot - {}
RESULT: {}
RESULT: {"script":"<script> [5351 bytes]","args":[{"element-6066-11e4-a52e-4f735466cecf":"f.1CA1BECA456A7E9CCD755CA14AB44D44.d.517792A2909A14161847636B7E258EC2.e.1059","ELEMENT":"f.1CA1BECA456A7E9CCD755CA14AB44D44.d.517792A2909A14161847636B7E258EC2.e.1059"}]}
COMMAND: POST /session/77504fd77c071b9b72819f2d6312026a/element/f.1CA1BECA456A7E9CCD755CA14AB44D44.d.517792A2909A14161847636B7E258EC2.e.1059/click - {}
COMMAND: GET /session/77504fd77c071b9b72819f2d6312026a/screenshot - {}
RESULT: {}
RESULT: {}
COMMAND: GET /session/77504fd77c071b9b72819f2d6312026a/screenshot - {}
COMMAND: POST /session/77504fd77c071b9b72819f2d6312026a/execute/async - {"script":"<script> [1562 bytes]","args":[{"selector":{"id":"application-managepartners-display-component---NewPartner--addressDetailDetailsName1","interaction":{"idSuffix":"inner"}},"wdio_ui5_key":"applicationmanagepartners-display-component---NewPartner--addressDetailDetailsName1"}]}
RESULT: {}
RESULT: {}
RESULT: {"script":"<script> [1562 bytes]","args":[{"selector":{"id":"application-managepartners-display-component---NewPartner--addressDetailDetailsName1","interaction":{"idSuffix":"inner"}},"wdio_ui5_key":"applicationmanagepartners-display-component---NewPartner--addressDetailDetailsName1"}]}
RESULT: undefined
COMMAND: POST /session/77504fd77c071b9b72819f2d6312026a/execute/async - {"script":"<script> [776 bytes]","args":[{"enterText":"Intracompany Partner WDIO","selector":{"id":"application-managepartners-display-component---NewPartner--addressDetailDetailsName1","interaction":{"idSuffix":"inner"}},"clearTextFirst":true,"interactionType":"ENTER_TEXT"}]}
RESULT: {"script":"<script> [776 bytes]","args":[{"enterText":"Intracompany Partner WDIO","selector":{"id":"application-managepartners-display-component---NewPartner--addressDetailDetailsName1","interaction":{"idSuffix":"inner"}},"clearTextFirst":true,"interactionType":"ENTER_TEXT"}]}
COMMAND: POST /session/77504fd77c071b9b72819f2d6312026a/execute/async - {"script":"<script> [1562 bytes]","args":[{"selector":{"id":"application-managepartners-display-component---NewPartner--addressDetailDetailsLanguage-arrow"},"wdio_ui5_key":"applicationmanagepartners-display-component---NewPartner--addressDetailDetailsLanguage-arrow"}]}
RESULT: {"script":"<script> [1562 bytes]","args":[{"selector":{"id":"application-managepartners-display-component---NewPartner--addressDetailDetailsLanguage-arrow"},"wdio_ui5_key":"applicationmanagepartners-display-component---NewPartner--addressDetailDetailsLanguage-arrow"}]}
RESULT: undefined
COMMAND: POST /session/77504fd77c071b9b72819f2d6312026a/element - {"using":"xpath","value":"//*[@id=\"application-managepartners-display-component---NewPartner--addressDetailDetailsLanguage-arrow\"]"}
RESULT: {"using":"xpath","value":"//*[@id=\"application-managepartners-display-component---NewPartner--addressDetailDetailsLanguage-arrow\"]"}
COMMAND: POST /session/77504fd77c071b9b72819f2d6312026a/element/f.1CA1BECA456A7E9CCD755CA14AB44D44.d.517792A2909A14161847636B7E258EC2.e.1492/click - {}
RESULT: {}
COMMAND: POST /session/77504fd77c071b9b72819f2d6312026a/element - {"using":"xpath","value":"//span[contains(text(), \"English\")]"}
COMMAND: GET /session/77504fd77c071b9b72819f2d6312026a/screenshot - {}
RESULT: {"using":"xpath","value":"//span[contains(text(), \"English\")]"}
COMMAND: POST /session/77504fd77c071b9b72819f2d6312026a/element/f.1CA1BECA456A7E9CCD755CA14AB44D44.d.517792A2909A14161847636B7E258EC2.e.1493/click - {}
RESULT: {}
RESULT: {}
COMMAND: GET /session/77504fd77c071b9b72819f2d6312026a/screenshot - {}
RESULT: {}
COMMAND: POST /session/77504fd77c071b9b72819f2d6312026a/execute/async - {"script":"<script> [1562 bytes]","args":[{"selector":{"id":"application-managepartners-display-component---NewPartner--addressDetailDetailsCity1","interaction":{"idSuffix":"inner"}},"wdio_ui5_key":"applicationmanagepartners-display-component---NewPartner--addressDetailDetailsCity1"}]}
RESULT: {"script":"<script> [1562 bytes]","args":[{"selector":{"id":"application-managepartners-display-component---NewPartner--addressDetailDetailsCity1","interaction":{"idSuffix":"inner"}},"wdio_ui5_key":"applicationmanagepartners-display-component---NewPartner--addressDetailDetailsCity1"}]}
RESULT: undefined
COMMAND: POST /session/77504fd77c071b9b72819f2d6312026a/execute/async - {"script":"<script> [776 bytes]","args":[{"enterText":"Rosario","selector":{"id":"application-managepartners-display-component---NewPartner--addressDetailDetailsCity1","interaction":{"idSuffix":"inner"}},"clearTextFirst":true,"interactionType":"ENTER_TEXT"}]}
RESULT: {"script":"<script> [776 bytes]","args":[{"enterText":"Rosario","selector":{"id":"application-managepartners-display-component---NewPartner--addressDetailDetailsCity1","interaction":{"idSuffix":"inner"}},"clearTextFirst":true,"interactionType":"ENTER_TEXT"}]}
COMMAND: POST /session/77504fd77c071b9b72819f2d6312026a/execute/async - {"script":"<script> [1562 bytes]","args":[{"selector":{"id":"application-managepartners-display-component---NewPartner--addressDetailDetailsCountry-arrow"},"wdio_ui5_key":"applicationmanagepartners-display-component---NewPartner--addressDetailDetailsCountry-arrow"}]}
RESULT: {"script":"<script> [1562 bytes]","args":[{"selector":{"id":"application-managepartners-display-component---NewPartner--addressDetailDetailsCountry-arrow"},"wdio_ui5_key":"applicationmanagepartners-display-component---NewPartner--addressDetailDetailsCountry-arrow"}]}
RESULT: undefined
COMMAND: POST /session/77504fd77c071b9b72819f2d6312026a/element - {"using":"xpath","value":"//*[@id=\"application-managepartners-display-component---NewPartner--addressDetailDetailsCountry-arrow\"]"}
RESULT: {"using":"xpath","value":"//*[@id=\"application-managepartners-display-component---NewPartner--addressDetailDetailsCountry-arrow\"]"}
COMMAND: POST /session/77504fd77c071b9b72819f2d6312026a/element/f.1CA1BECA456A7E9CCD755CA14AB44D44.d.517792A2909A14161847636B7E258EC2.e.1468/click - {}
RESULT: {}
COMMAND: POST /session/77504fd77c071b9b72819f2d6312026a/element - {"using":"xpath","value":"//span[contains(text(), \"Argentina\")]"}
COMMAND: GET /session/77504fd77c071b9b72819f2d6312026a/screenshot - {}
RESULT: {"using":"xpath","value":"//span[contains(text(), \"Argentina\")]"}
COMMAND: POST /session/77504fd77c071b9b72819f2d6312026a/element/f.1CA1BECA456A7E9CCD755CA14AB44D44.d.517792A2909A14161847636B7E258EC2.e.1495/click - {}
RESULT: {}
RESULT: {}
COMMAND: GET /session/77504fd77c071b9b72819f2d6312026a/screenshot - {}
RESULT: {}
COMMAND: POST /session/77504fd77c071b9b72819f2d6312026a/element - {"using":"xpath","value":"//bdi[contains(text(), \"Commercial\")]"}
RESULT: {"using":"xpath","value":"//bdi[contains(text(), \"Commercial\")]"}
COMMAND: POST /session/77504fd77c071b9b72819f2d6312026a/element/f.1CA1BECA456A7E9CCD755CA14AB44D44.d.517792A2909A14161847636B7E258EC2.e.1496/click - {}
RESULT: {}
COMMAND: GET /session/77504fd77c071b9b72819f2d6312026a/screenshot - {}
RESULT: {}
COMMAND: POST /session/77504fd77c071b9b72819f2d6312026a/execute/async - {"script":"<script> [1562 bytes]","args":[{"selector":{"id":"application-managepartners-display-component---NewPartner--partnerDetailInternal-arrow"},"wdio_ui5_key":"applicationmanagepartners-display-component---NewPartner--partnerDetailInternal-arrow"}]}
RESULT: {"script":"<script> [1562 bytes]","args":[{"selector":{"id":"application-managepartners-display-component---NewPartner--partnerDetailInternal-arrow"},"wdio_ui5_key":"applicationmanagepartners-display-component---NewPartner--partnerDetailInternal-arrow"}]}
RESULT: undefined
COMMAND: POST /session/77504fd77c071b9b72819f2d6312026a/element - {"using":"xpath","value":"//*[@id=\"application-managepartners-display-component---NewPartner--partnerDetailInternal-arrow\"]"}
RESULT: {"using":"xpath","value":"//*[@id=\"application-managepartners-display-component---NewPartner--partnerDetailInternal-arrow\"]"}
COMMAND: POST /session/77504fd77c071b9b72819f2d6312026a/element/f.1CA1BECA456A7E9CCD755CA14AB44D44.d.517792A2909A14161847636B7E258EC2.e.1502/click - {}
RESULT: {}
COMMAND: POST /session/77504fd77c071b9b72819f2d6312026a/element - {"using":"xpath","value":"//span[contains(text(), \"Affiliated company\")]"}
COMMAND: GET /session/77504fd77c071b9b72819f2d6312026a/screenshot - {}
RESULT: {"using":"xpath","value":"//span[contains(text(), \"Affiliated company\")]"}
COMMAND: POST /session/77504fd77c071b9b72819f2d6312026a/element/f.1CA1BECA456A7E9CCD755CA14AB44D44.d.517792A2909A14161847636B7E258EC2.e.1503/click - {}
RESULT: {}
RESULT: {}
COMMAND: POST /session/77504fd77c071b9b72819f2d6312026a/execute/async - {"script":"<script> [1562 bytes]","args":[{"selector":{"id":"application-managepartners-display-component---NewPartner--partnerDetailsCurrency-arrow"},"wdio_ui5_key":"applicationmanagepartners-display-component---NewPartner--partnerDetailsCurrency-arrow"}]}
COMMAND: GET /session/77504fd77c071b9b72819f2d6312026a/screenshot - {}
RESULT: {"script":"<script> [1562 bytes]","args":[{"selector":{"id":"application-managepartners-display-component---NewPartner--partnerDetailsCurrency-arrow"},"wdio_ui5_key":"applicationmanagepartners-display-component---NewPartner--partnerDetailsCurrency-arrow"}]}
RESULT: undefined
COMMAND: POST /session/77504fd77c071b9b72819f2d6312026a/element - {"using":"xpath","value":"//*[@id=\"application-managepartners-display-component---NewPartner--partnerDetailsCurrency-arrow\"]"}
RESULT: {}
RESULT: {"using":"xpath","value":"//*[@id=\"application-managepartners-display-component---NewPartner--partnerDetailsCurrency-arrow\"]"}
COMMAND: POST /session/77504fd77c071b9b72819f2d6312026a/element/f.1CA1BECA456A7E9CCD755CA14AB44D44.d.517792A2909A14161847636B7E258EC2.e.1510/click - {}
RESULT: {}
COMMAND: POST /session/77504fd77c071b9b72819f2d6312026a/element - {"using":"xpath","value":"//span[contains(text(), \"Euro\")]"}
COMMAND: GET /session/77504fd77c071b9b72819f2d6312026a/screenshot - {}
RESULT: {"using":"xpath","value":"//span[contains(text(), \"Euro\")]"}
COMMAND: POST /session/77504fd77c071b9b72819f2d6312026a/element/f.1CA1BECA456A7E9CCD755CA14AB44D44.d.517792A2909A14161847636B7E258EC2.e.1511/click - {}
RESULT: {}
RESULT: {}
COMMAND: POST /session/77504fd77c071b9b72819f2d6312026a/execute/async - {"script":"<script> [1562 bytes]","args":[{"selector":{"id":"application-managepartners-display-component---NewPartner--addressEditDetailsCostObjectCstType-arrow"},"wdio_ui5_key":"applicationmanagepartners-display-component---NewPartner--addressEditDetailsCostObjectCstType-arrow"}]}
COMMAND: GET /session/77504fd77c071b9b72819f2d6312026a/screenshot - {}
RESULT: {"script":"<script> [1562 bytes]","args":[{"selector":{"id":"application-managepartners-display-component---NewPartner--addressEditDetailsCostObjectCstType-arrow"},"wdio_ui5_key":"applicationmanagepartners-display-component---NewPartner--addressEditDetailsCostObjectCstType-arrow"}]}
RESULT: undefined
COMMAND: POST /session/77504fd77c071b9b72819f2d6312026a/element - {"using":"xpath","value":"//*[@id=\"application-managepartners-display-component---NewPartner--addressEditDetailsCostObjectCstType-arrow\"]"}
RESULT: {}
RESULT: {"using":"xpath","value":"//*[@id=\"application-managepartners-display-component---NewPartner--addressEditDetailsCostObjectCstType-arrow\"]"}
COMMAND: POST /session/77504fd77c071b9b72819f2d6312026a/element/f.1CA1BECA456A7E9CCD755CA14AB44D44.d.517792A2909A14161847636B7E258EC2.e.1512/click - {}
RESULT: {}
COMMAND: POST /session/77504fd77c071b9b72819f2d6312026a/element - {"using":"xpath","value":"//span[contains(text(), \"Cost Center\")]"}
COMMAND: GET /session/77504fd77c071b9b72819f2d6312026a/screenshot - {}
RESULT: {"using":"xpath","value":"//span[contains(text(), \"Cost Center\")]"}
COMMAND: POST /session/77504fd77c071b9b72819f2d6312026a/element/f.1CA1BECA456A7E9CCD755CA14AB44D44.d.517792A2909A14161847636B7E258EC2.e.1513/click - {}
RESULT: {}
RESULT: {}
COMMAND: GET /session/77504fd77c071b9b72819f2d6312026a/screenshot - {}
RESULT: {}
COMMAND: POST /session/77504fd77c071b9b72819f2d6312026a/element - {"using":"xpath","value":"//span[@id=\"application-managepartners-display-component---NewPartner--addressNewCostObjectCstID-vhi\"]"}
RESULT: {"using":"xpath","value":"//span[@id=\"application-managepartners-display-component---NewPartner--addressNewCostObjectCstID-vhi\"]"}
COMMAND: POST /session/77504fd77c071b9b72819f2d6312026a/execute/sync - {"script":"<script> [8489 bytes]","args":[{"element-6066-11e4-a52e-4f735466cecf":"f.1CA1BECA456A7E9CCD755CA14AB44D44.d.517792A2909A14161847636B7E258EC2.e.1517","ELEMENT":"f.1CA1BECA456A7E9CCD755CA14AB44D44.d.517792A2909A14161847636B7E258EC2.e.1517"}]}
RESULT: {"script":"<script> [8489 bytes]","args":[{"element-6066-11e4-a52e-4f735466cecf":"f.1CA1BECA456A7E9CCD755CA14AB44D44.d.517792A2909A14161847636B7E258EC2.e.1517","ELEMENT":"f.1CA1BECA456A7E9CCD755CA14AB44D44.d.517792A2909A14161847636B7E258EC2.e.1517"}]}
COMMAND: POST /session/77504fd77c071b9b72819f2d6312026a/execute/async - {"script":"<script> [1562 bytes]","args":[{"selector":{"id":"application-managepartners-display-component---NewPartner--addressNewCostObjectCstID-vhi"},"wdio_ui5_key":"applicationmanagepartners-display-component---NewPartner--addressNewCostObjectCstID-vhi"}]}
COMMAND: GET /session/77504fd77c071b9b72819f2d6312026a/screenshot - {}
RESULT: {"script":"<script> [1562 bytes]","args":[{"selector":{"id":"application-managepartners-display-component---NewPartner--addressNewCostObjectCstID-vhi"},"wdio_ui5_key":"applicationmanagepartners-display-component---NewPartner--addressNewCostObjectCstID-vhi"}]}
RESULT: undefined
COMMAND: POST /session/77504fd77c071b9b72819f2d6312026a/element - {"using":"xpath","value":"//*[@id=\"application-managepartners-display-component---NewPartner--addressNewCostObjectCstID-vhi\"]"}
RESULT: {}
RESULT: {"using":"xpath","value":"//*[@id=\"application-managepartners-display-component---NewPartner--addressNewCostObjectCstID-vhi\"]"}
COMMAND: POST /session/77504fd77c071b9b72819f2d6312026a/element/f.1CA1BECA456A7E9CCD755CA14AB44D44.d.517792A2909A14161847636B7E258EC2.e.1517/click - {}
RESULT: {}
COMMAND: GET /session/77504fd77c071b9b72819f2d6312026a/screenshot - {}
RESULT: {}
RESULT: undefined
COMMAND: POST /session/77504fd77c071b9b72819f2d6312026a/execute/async - {"script":"<script> [776 bytes]","args":[{"enterText":"10001013","selector":{"controlType":"sap.m.SearchField","properties":{"placeholder":"Search"},"searchOpenDialogs":true,"interaction":{"idSuffix":"I"}},"clearTextFirst":true,"interactionType":"ENTER_TEXT"}]}
RESULT: {"script":"<script> [776 bytes]","args":[{"enterText":"10001013","selector":{"controlType":"sap.m.SearchField","properties":{"placeholder":"Search"},"searchOpenDialogs":true,"interaction":{"idSuffix":"I"}},"clearTextFirst":true,"interactionType":"ENTER_TEXT"}]}
COMMAND: POST /session/77504fd77c071b9b72819f2d6312026a/actions - {"actions":[{"id":"action2","type":"key","parameters":{},"actions":[{"type":"keyDown","value":"î€‡"},{"type":"pause","duration":10},{"type":"keyUp","value":"î€‡"}]}]}
RESULT: {"actions":[{"id":"action2","type":"key","parameters":{},"actions":[{"type":"keyDown","value":"î€‡"},{"type":"pause","duration":10},{"type":"keyUp","value":"î€‡"}]}]}
COMMAND: GET /session/77504fd77c071b9b72819f2d6312026a/screenshot - {}
RESULT: {}
COMMAND: POST /session/77504fd77c071b9b72819f2d6312026a/element - {"using":"xpath","value":"//span[contains(text(), \"General Management\")]"}
RESULT: {"using":"xpath","value":"//span[contains(text(), \"General Management\")]"}
COMMAND: POST /session/77504fd77c071b9b72819f2d6312026a/element/f.1CA1BECA456A7E9CCD755CA14AB44D44.d.517792A2909A14161847636B7E258EC2.e.1555/click - {}
RESULT: {}
COMMAND: GET /session/77504fd77c071b9b72819f2d6312026a/screenshot - {}
RESULT: {}
COMMAND: POST /session/77504fd77c071b9b72819f2d6312026a/element - {"using":"xpath","value":"//bdi[contains(text(), \"OK\")]"}
RESULT: {"using":"xpath","value":"//bdi[contains(text(), \"OK\")]"}
COMMAND: POST /session/77504fd77c071b9b72819f2d6312026a/element/f.1CA1BECA456A7E9CCD755CA14AB44D44.d.517792A2909A14161847636B7E258EC2.e.1556/click - {}
RESULT: {}
COMMAND: GET /session/77504fd77c071b9b72819f2d6312026a/screenshot - {}
RESULT: {}
COMMAND: POST /session/77504fd77c071b9b72819f2d6312026a/element - {"using":"xpath","value":"//input[@id=\"application-managepartners-display-component---NewPartner--companyCodeComboBox-inner\"]"}
RESULT: {"using":"xpath","value":"//input[@id=\"application-managepartners-display-component---NewPartner--companyCodeComboBox-inner\"]"}
COMMAND: POST /session/77504fd77c071b9b72819f2d6312026a/element/f.1CA1BECA456A7E9CCD755CA14AB44D44.d.517792A2909A14161847636B7E258EC2.e.1406/clear - {}
RESULT: {}
COMMAND: POST /session/77504fd77c071b9b72819f2d6312026a/element/f.1CA1BECA456A7E9CCD755CA14AB44D44.d.517792A2909A14161847636B7E258EC2.e.1406/value - {"text":"1000"}
COMMAND: GET /session/77504fd77c071b9b72819f2d6312026a/screenshot - {}
RESULT: {"text":"1000"}
COMMAND: GET /session/77504fd77c071b9b72819f2d6312026a/screenshot - {}
RESULT: {}
RESULT: {}
COMMAND: POST /session/77504fd77c071b9b72819f2d6312026a/element - {"using":"xpath","value":"//span[contains(text(), \"1000\")]"}
RESULT: {"using":"xpath","value":"//span[contains(text(), \"1000\")]"}
COMMAND: POST /session/77504fd77c071b9b72819f2d6312026a/element/f.1CA1BECA456A7E9CCD755CA14AB44D44.d.517792A2909A14161847636B7E258EC2.e.1562/click - {}
RESULT: {}
COMMAND: GET /session/77504fd77c071b9b72819f2d6312026a/screenshot - {}
RESULT: {}
COMMAND: POST /session/77504fd77c071b9b72819f2d6312026a/execute/async - {"script":"<script> [1562 bytes]","args":[{"selector":{"id":"application-managepartners-display-component---NewPartner--btnAddTableRow-img"},"wdio_ui5_key":"applicationmanagepartners-display-component---NewPartner--btnAddTableRow-img"}]}
RESULT: {"script":"<script> [1562 bytes]","args":[{"selector":{"id":"application-managepartners-display-component---NewPartner--btnAddTableRow-img"},"wdio_ui5_key":"applicationmanagepartners-display-component---NewPartner--btnAddTableRow-img"}]}
RESULT: undefined
COMMAND: POST /session/77504fd77c071b9b72819f2d6312026a/element - {"using":"xpath","value":"//*[@id=\"application-managepartners-display-component---NewPartner--btnAddTableRow-img\"]"}
RESULT: {"using":"xpath","value":"//*[@id=\"application-managepartners-display-component---NewPartner--btnAddTableRow-img\"]"}
COMMAND: POST /session/77504fd77c071b9b72819f2d6312026a/element/f.1CA1BECA456A7E9CCD755CA14AB44D44.d.517792A2909A14161847636B7E258EC2.e.1563/click - {}
RESULT: {}
COMMAND: GET /session/77504fd77c071b9b72819f2d6312026a/screenshot - {}
RESULT: {}
COMMAND: POST /session/77504fd77c071b9b72819f2d6312026a/element - {"using":"xpath","value":"//input[@id=\"application-managepartners-display-component---NewPartner--assignmentYard-application-managepartners-display-component---NewPartner--assignmentsTable-0-inner\"]"}
RESULT: {"using":"xpath","value":"//input[@id=\"application-managepartners-display-component---NewPartner--assignmentYard-application-managepartners-display-component---NewPartner--assignmentsTable-0-inner\"]"}
COMMAND: POST /session/77504fd77c071b9b72819f2d6312026a/element/f.1CA1BECA456A7E9CCD755CA14AB44D44.d.517792A2909A14161847636B7E258EC2.e.1566/clear - {}
RESULT: {}
COMMAND: POST /session/77504fd77c071b9b72819f2d6312026a/element/f.1CA1BECA456A7E9CCD755CA14AB44D44.d.517792A2909A14161847636B7E258EC2.e.1566/value - {"text":"263"}
COMMAND: GET /session/77504fd77c071b9b72819f2d6312026a/screenshot - {}
RESULT: {"text":"263"}
COMMAND: GET /session/77504fd77c071b9b72819f2d6312026a/screenshot - {}
RESULT: {}
RESULT: {}
COMMAND: POST /session/77504fd77c071b9b72819f2d6312026a/element - {"using":"xpath","value":"//li[.//span[text()='263']]"}
RESULT: {"using":"xpath","value":"//li[.//span[text()='263']]"}
COMMAND: POST /session/77504fd77c071b9b72819f2d6312026a/element/f.1CA1BECA456A7E9CCD755CA14AB44D44.d.517792A2909A14161847636B7E258EC2.e.1575/click - {}
RESULT: {}
COMMAND: GET /session/77504fd77c071b9b72819f2d6312026a/screenshot - {}
RESULT: {}
COMMAND: POST /session/77504fd77c071b9b72819f2d6312026a/actions - {"actions":[{"id":"action3","type":"key","parameters":{},"actions":[{"type":"keyDown","value":"î€‡"},{"type":"pause","duration":10},{"type":"keyUp","value":"î€‡"}]}]}
RESULT: {"actions":[{"id":"action3","type":"key","parameters":{},"actions":[{"type":"keyDown","value":"î€‡"},{"type":"pause","duration":10},{"type":"keyUp","value":"î€‡"}]}]}
COMMAND: POST /session/77504fd77c071b9b72819f2d6312026a/execute/async - {"script":"<script> [1562 bytes]","args":[{"selector":{"id":"application-managepartners-display-component---NewPartner--externalCustomerComboBox-application-managepartners-display-component---NewPartner--assignmentsTable-0-vhi"},"wdio_ui5_key":"applicationmanagepartners-display-component---NewPartner--externalCustomerComboBox-application-managepartners-display-component---NewPartner--assignmentsTable-0-vhi"}]}
COMMAND: GET /session/77504fd77c071b9b72819f2d6312026a/screenshot - {}
RESULT: {"script":"<script> [1562 bytes]","args":[{"selector":{"id":"application-managepartners-display-component---NewPartner--externalCustomerComboBox-application-managepartners-display-component---NewPartner--assignmentsTable-0-vhi"},"wdio_ui5_key":"applicationmanagepartners-display-component---NewPartner--externalCustomerComboBox-application-managepartners-display-component---NewPartner--assignmentsTable-0-vhi"}]}
RESULT: undefined
COMMAND: POST /session/77504fd77c071b9b72819f2d6312026a/element - {"using":"xpath","value":"//*[@id=\"application-managepartners-display-component---NewPartner--externalCustomerComboBox-application-managepartners-display-component---NewPartner--assignmentsTable-0-vhi\"]"}
RESULT: {}
RESULT: {"using":"xpath","value":"//*[@id=\"application-managepartners-display-component---NewPartner--externalCustomerComboBox-application-managepartners-display-component---NewPartner--assignmentsTable-0-vhi\"]"}
COMMAND: POST /session/77504fd77c071b9b72819f2d6312026a/element/f.1CA1BECA456A7E9CCD755CA14AB44D44.d.517792A2909A14161847636B7E258EC2.e.1579/click - {}
RESULT: {}
RESULT: undefined
COMMAND: POST /session/77504fd77c071b9b72819f2d6312026a/execute/async - {"script":"<script> [776 bytes]","args":[{"enterText":"300003","selector":{"controlType":"sap.m.SearchField","properties":{"placeholder":"Search"},"searchOpenDialogs":true,"interaction":{"idSuffix":"I"}},"clearTextFirst":true,"interactionType":"ENTER_TEXT"}]}
COMMAND: GET /session/77504fd77c071b9b72819f2d6312026a/screenshot - {}
RESULT: {"script":"<script> [776 bytes]","args":[{"enterText":"300003","selector":{"controlType":"sap.m.SearchField","properties":{"placeholder":"Search"},"searchOpenDialogs":true,"interaction":{"idSuffix":"I"}},"clearTextFirst":true,"interactionType":"ENTER_TEXT"}]}
COMMAND: POST /session/77504fd77c071b9b72819f2d6312026a/actions - {"actions":[{"id":"action4","type":"key","parameters":{},"actions":[{"type":"keyDown","value":"î€‡"},{"type":"pause","duration":10},{"type":"keyUp","value":"î€‡"}]}]}
RESULT: {}
RESULT: {"actions":[{"id":"action4","type":"key","parameters":{},"actions":[{"type":"keyDown","value":"î€‡"},{"type":"pause","duration":10},{"type":"keyUp","value":"î€‡"}]}]}
COMMAND: GET /session/77504fd77c071b9b72819f2d6312026a/screenshot - {}
RESULT: {}
COMMAND: POST /session/77504fd77c071b9b72819f2d6312026a/element - {"using":"xpath","value":"//span[contains(text(), \"300003\")]"}
RESULT: {"using":"xpath","value":"//span[contains(text(), \"300003\")]"}
COMMAND: POST /session/77504fd77c071b9b72819f2d6312026a/element/f.1CA1BECA456A7E9CCD755CA14AB44D44.d.517792A2909A14161847636B7E258EC2.e.1597/click - {}
RESULT: {}
COMMAND: GET /session/77504fd77c071b9b72819f2d6312026a/screenshot - {}
RESULT: {}
COMMAND: POST /session/77504fd77c071b9b72819f2d6312026a/element - {"using":"xpath","value":"//bdi[contains(text(), \"OK\")]"}
RESULT: {"using":"xpath","value":"//bdi[contains(text(), \"OK\")]"}
COMMAND: POST /session/77504fd77c071b9b72819f2d6312026a/element/f.1CA1BECA456A7E9CCD755CA14AB44D44.d.517792A2909A14161847636B7E258EC2.e.1599/click - {}
RESULT: {}
COMMAND: GET /session/77504fd77c071b9b72819f2d6312026a/screenshot - {}
RESULT: {}
COMMAND: POST /session/77504fd77c071b9b72819f2d6312026a/execute/async - {"script":"<script> [1562 bytes]","args":[{"selector":{"id":"application-managepartners-display-component---NewPartner--intercompVendorComboBox-application-managepartners-display-component---NewPartner--assignmentsTable-0-vhi"},"wdio_ui5_key":"applicationmanagepartners-display-component---NewPartner--intercompVendorComboBox-application-managepartners-display-component---NewPartner--assignmentsTable-0-vhi"}]}
RESULT: {"script":"<script> [1562 bytes]","args":[{"selector":{"id":"application-managepartners-display-component---NewPartner--intercompVendorComboBox-application-managepartners-display-component---NewPartner--assignmentsTable-0-vhi"},"wdio_ui5_key":"applicationmanagepartners-display-component---NewPartner--intercompVendorComboBox-application-managepartners-display-component---NewPartner--assignmentsTable-0-vhi"}]}
RESULT: undefined
COMMAND: POST /session/77504fd77c071b9b72819f2d6312026a/element - {"using":"xpath","value":"//*[@id=\"application-managepartners-display-component---NewPartner--intercompVendorComboBox-application-managepartners-display-component---NewPartner--assignmentsTable-0-vhi\"]"}
RESULT: {"using":"xpath","value":"//*[@id=\"application-managepartners-display-component---NewPartner--intercompVendorComboBox-application-managepartners-display-component---NewPartner--assignmentsTable-0-vhi\"]"}
COMMAND: POST /session/77504fd77c071b9b72819f2d6312026a/element/f.1CA1BECA456A7E9CCD755CA14AB44D44.d.517792A2909A14161847636B7E258EC2.e.1602/click - {}
RESULT: {}
RESULT: undefined
COMMAND: POST /session/77504fd77c071b9b72819f2d6312026a/execute/async - {"script":"<script> [776 bytes]","args":[{"enterText":"100005","selector":{"controlType":"sap.m.SearchField","properties":{"placeholder":"Search"},"searchOpenDialogs":true,"interaction":{"idSuffix":"I"}},"clearTextFirst":true,"interactionType":"ENTER_TEXT"}]}
COMMAND: GET /session/77504fd77c071b9b72819f2d6312026a/screenshot - {}
RESULT: {"script":"<script> [776 bytes]","args":[{"enterText":"100005","selector":{"controlType":"sap.m.SearchField","properties":{"placeholder":"Search"},"searchOpenDialogs":true,"interaction":{"idSuffix":"I"}},"clearTextFirst":true,"interactionType":"ENTER_TEXT"}]}
COMMAND: POST /session/77504fd77c071b9b72819f2d6312026a/actions - {"actions":[{"id":"action5","type":"key","parameters":{},"actions":[{"type":"keyDown","value":"î€‡"},{"type":"pause","duration":10},{"type":"keyUp","value":"î€‡"}]}]}
RESULT: {}
RESULT: {"actions":[{"id":"action5","type":"key","parameters":{},"actions":[{"type":"keyDown","value":"î€‡"},{"type":"pause","duration":10},{"type":"keyUp","value":"î€‡"}]}]}
COMMAND: GET /session/77504fd77c071b9b72819f2d6312026a/screenshot - {}
RESULT: {}
COMMAND: POST /session/77504fd77c071b9b72819f2d6312026a/element - {"using":"xpath","value":"//span[contains(text(), \"Penguins - Field/12345 Berlin\")]"}
RESULT: {"using":"xpath","value":"//span[contains(text(), \"Penguins - Field/12345 Berlin\")]"}
COMMAND: POST /session/77504fd77c071b9b72819f2d6312026a/element/f.1CA1BECA456A7E9CCD755CA14AB44D44.d.517792A2909A14161847636B7E258EC2.e.1620/click - {}
RESULT: {}
COMMAND: GET /session/77504fd77c071b9b72819f2d6312026a/screenshot - {}
RESULT: {}
COMMAND: POST /session/77504fd77c071b9b72819f2d6312026a/element - {"using":"xpath","value":"//bdi[contains(text(), \"OK\")]"}
RESULT: {"using":"xpath","value":"//bdi[contains(text(), \"OK\")]"}
COMMAND: POST /session/77504fd77c071b9b72819f2d6312026a/element/f.1CA1BECA456A7E9CCD755CA14AB44D44.d.517792A2909A14161847636B7E258EC2.e.1621/click - {}
RESULT: {}
COMMAND: GET /session/77504fd77c071b9b72819f2d6312026a/screenshot - {}
RESULT: {}
COMMAND: POST /session/77504fd77c071b9b72819f2d6312026a/element - {"using":"xpath","value":"//button[@data-kt=\"saveButton\"]"}
RESULT: {"using":"xpath","value":"//button[@data-kt=\"saveButton\"]"}
COMMAND: POST /session/77504fd77c071b9b72819f2d6312026a/element/f.1CA1BECA456A7E9CCD755CA14AB44D44.d.517792A2909A14161847636B7E258EC2.e.1470/click - {}
RESULT: {}
COMMAND: GET /session/77504fd77c071b9b72819f2d6312026a/screenshot - {}
RESULT: {}
COMMAND: POST /session/77504fd77c071b9b72819f2d6312026a/element - {"using":"xpath","value":"//header[contains(@id, 'ObjectPageLayout-headerTitle')]/div[1]/div[2]/div[2]/span[1]"}
RESULT: {"using":"xpath","value":"//header[contains(@id, 'ObjectPageLayout-headerTitle')]/div[1]/div[2]/div[2]/span[1]"}
COMMAND: POST /session/77504fd77c071b9b72819f2d6312026a/elements - {"using":"xpath","value":"//header[contains(@id, 'ObjectPageLayout-headerTitle')]/div[1]/div[2]/div[2]/span[1]"}
RESULT: {"using":"xpath","value":"//header[contains(@id, 'ObjectPageLayout-headerTitle')]/div[1]/div[2]/div[2]/span[1]"}
COMMAND: POST /session/77504fd77c071b9b72819f2d6312026a/execute/sync - {"script":"<script> [56 bytes]","args":[{"element-6066-11e4-a52e-4f735466cecf":"f.1CA1BECA456A7E9CCD755CA14AB44D44.d.517792A2909A14161847636B7E258EC2.e.1786","ELEMENT":"f.1CA1BECA456A7E9CCD755CA14AB44D44.d.517792A2909A14161847636B7E258EC2.e.1786"}]}
RESULT: {"script":"<script> [56 bytes]","args":[{"element-6066-11e4-a52e-4f735466cecf":"f.1CA1BECA456A7E9CCD755CA14AB44D44.d.517792A2909A14161847636B7E258EC2.e.1786","ELEMENT":"f.1CA1BECA456A7E9CCD755CA14AB44D44.d.517792A2909A14161847636B7E258EC2.e.1786"}]}
COMMAND: POST /session/77504fd77c071b9b72819f2d6312026a/element - {"using":"css selector","value":"#shell-header-logo"}
COMMAND: GET /session/77504fd77c071b9b72819f2d6312026a/screenshot - {}
RESULT: {"using":"css selector","value":"#shell-header-logo"}
COMMAND: POST /session/77504fd77c071b9b72819f2d6312026a/element/f.1CA1BECA456A7E9CCD755CA14AB44D44.d.517792A2909A14161847636B7E258EC2.e.1015/click - {}
RESULT: {}
RESULT: {}
COMMAND: GET /session/77504fd77c071b9b72819f2d6312026a/screenshot - {}
RESULT: {}
COMMAND: POST /session/77504fd77c071b9b72819f2d6312026a/execute/sync - {"script":"<script> [299 bytes]","args":[["getModel","getResource"]]}
RESULT: {"script":"<script> [299 bytes]","args":[["getModel","getResource"]]}
]]></system-out>
    </testcase>
    <testcase classname="chrome.135_0_7049_96.windows.Billing_confirm_US117289" name="Should create a new site" time="85.909">
      <system-out><![CDATA[
COMMAND: GET /session/77504fd77c071b9b72819f2d6312026a/screenshot - {}
COMMAND: POST /session/77504fd77c071b9b72819f2d6312026a/execute/async - {"script":"<script> [1562 bytes]","args":[{"selector":{"controlType":"sap.m.TileContent","bindingPath":{"path":"","propertyPath":"/properties/info"},"ancestor":{"controlType":"sap.m.GenericTile","properties":{"header":"Manage Sites"}}},"wdio_ui5_key":"sapm.TileContent{\"path\":\"\",\"propertyPath\":\"/properties/info\"}{\"controlType\":\"sap.m.GenericTile\",\"properties\":{\"header\":\"Manage Sites\"}}"}]}
RESULT: {}
RESULT: {"script":"<script> [1562 bytes]","args":[{"selector":{"controlType":"sap.m.TileContent","bindingPath":{"path":"","propertyPath":"/properties/info"},"ancestor":{"controlType":"sap.m.GenericTile","properties":{"header":"Manage Sites"}}},"wdio_ui5_key":"sapm.TileContent{\"path\":\"\",\"propertyPath\":\"/properties/info\"}{\"controlType\":\"sap.m.GenericTile\",\"properties\":{\"header\":\"Manage Sites\"}}"}]}
RESULT: undefined
COMMAND: POST /session/77504fd77c071b9b72819f2d6312026a/element - {"using":"xpath","value":"//*[@id=\"__xmlview7--numericTileContent\"]"}
RESULT: {"using":"xpath","value":"//*[@id=\"__xmlview7--numericTileContent\"]"}
COMMAND: POST /session/77504fd77c071b9b72819f2d6312026a/element/f.1CA1BECA456A7E9CCD755CA14AB44D44.d.517792A2909A14161847636B7E258EC2.e.1788/click - {}
RESULT: {}
COMMAND: POST /session/77504fd77c071b9b72819f2d6312026a/element - {"using":"xpath","value":"//button[@data-kt=\"addOverflowToolbarButton\"]"}
COMMAND: GET /session/77504fd77c071b9b72819f2d6312026a/screenshot - {}
RESULT: {"using":"xpath","value":"//button[@data-kt=\"addOverflowToolbarButton\"]"}
COMMAND: POST /session/77504fd77c071b9b72819f2d6312026a/elements - {"using":"xpath","value":"//button[@data-kt=\"addOverflowToolbarButton\"]"}
RESULT: {}
RESULT: {"using":"xpath","value":"//button[@data-kt=\"addOverflowToolbarButton\"]"}
COMMAND: POST /session/77504fd77c071b9b72819f2d6312026a/elements - {"using":"xpath","value":"//button[@data-kt=\"addOverflowToolbarButton\"]"}
RESULT: {"using":"xpath","value":"//button[@data-kt=\"addOverflowToolbarButton\"]"}
COMMAND: POST /session/77504fd77c071b9b72819f2d6312026a/elements - {"using":"xpath","value":"//button[@data-kt=\"addOverflowToolbarButton\"]"}
RESULT: {"using":"xpath","value":"//button[@data-kt=\"addOverflowToolbarButton\"]"}
COMMAND: POST /session/77504fd77c071b9b72819f2d6312026a/element - {"using":"xpath","value":"//button[@data-kt=\"addOverflowToolbarButton\"]"}
RESULT: {"using":"xpath","value":"//button[@data-kt=\"addOverflowToolbarButton\"]"}
COMMAND: POST /session/77504fd77c071b9b72819f2d6312026a/execute/sync - {"script":"<script> [8489 bytes]","args":[{"element-6066-11e4-a52e-4f735466cecf":"f.1CA1BECA456A7E9CCD755CA14AB44D44.d.517792A2909A14161847636B7E258EC2.e.1834","ELEMENT":"f.1CA1BECA456A7E9CCD755CA14AB44D44.d.517792A2909A14161847636B7E258EC2.e.1834"}]}
RESULT: {"script":"<script> [8489 bytes]","args":[{"element-6066-11e4-a52e-4f735466cecf":"f.1CA1BECA456A7E9CCD755CA14AB44D44.d.517792A2909A14161847636B7E258EC2.e.1834","ELEMENT":"f.1CA1BECA456A7E9CCD755CA14AB44D44.d.517792A2909A14161847636B7E258EC2.e.1834"}]}
COMMAND: GET /session/77504fd77c071b9b72819f2d6312026a/element/f.1CA1BECA456A7E9CCD755CA14AB44D44.d.517792A2909A14161847636B7E258EC2.e.1834/enabled - {}
COMMAND: GET /session/77504fd77c071b9b72819f2d6312026a/screenshot - {}
RESULT: {}
COMMAND: POST /session/77504fd77c071b9b72819f2d6312026a/execute/sync - {"script":"<script> [8489 bytes]","args":[{"element-6066-11e4-a52e-4f735466cecf":"f.1CA1BECA456A7E9CCD755CA14AB44D44.d.517792A2909A14161847636B7E258EC2.e.1834","ELEMENT":"f.1CA1BECA456A7E9CCD755CA14AB44D44.d.517792A2909A14161847636B7E258EC2.e.1834"}]}
COMMAND: GET /session/77504fd77c071b9b72819f2d6312026a/screenshot - {}
RESULT: {}
RESULT: {"script":"<script> [8489 bytes]","args":[{"element-6066-11e4-a52e-4f735466cecf":"f.1CA1BECA456A7E9CCD755CA14AB44D44.d.517792A2909A14161847636B7E258EC2.e.1834","ELEMENT":"f.1CA1BECA456A7E9CCD755CA14AB44D44.d.517792A2909A14161847636B7E258EC2.e.1834"}]}
COMMAND: POST /session/77504fd77c071b9b72819f2d6312026a/execute/sync - {"script":"<script> [5351 bytes]","args":[{"element-6066-11e4-a52e-4f735466cecf":"f.1CA1BECA456A7E9CCD755CA14AB44D44.d.517792A2909A14161847636B7E258EC2.e.1834","ELEMENT":"f.1CA1BECA456A7E9CCD755CA14AB44D44.d.517792A2909A14161847636B7E258EC2.e.1834"}]}
COMMAND: GET /session/77504fd77c071b9b72819f2d6312026a/screenshot - {}
RESULT: {}
RESULT: {"script":"<script> [5351 bytes]","args":[{"element-6066-11e4-a52e-4f735466cecf":"f.1CA1BECA456A7E9CCD755CA14AB44D44.d.517792A2909A14161847636B7E258EC2.e.1834","ELEMENT":"f.1CA1BECA456A7E9CCD755CA14AB44D44.d.517792A2909A14161847636B7E258EC2.e.1834"}]}
COMMAND: POST /session/77504fd77c071b9b72819f2d6312026a/element/f.1CA1BECA456A7E9CCD755CA14AB44D44.d.517792A2909A14161847636B7E258EC2.e.1834/click - {}
COMMAND: GET /session/77504fd77c071b9b72819f2d6312026a/screenshot - {}
RESULT: {}
RESULT: {}
COMMAND: GET /session/77504fd77c071b9b72819f2d6312026a/screenshot - {}
COMMAND: POST /session/77504fd77c071b9b72819f2d6312026a/execute/async - {"script":"<script> [1562 bytes]","args":[{"selector":{"id":"application-managesites-display-component---NewSite--addressDetailDetailsName1","interaction":{"idSuffix":"inner"}},"wdio_ui5_key":"applicationmanagesites-display-component---NewSite--addressDetailDetailsName1"}]}
RESULT: {}
RESULT: {}
RESULT: {"script":"<script> [1562 bytes]","args":[{"selector":{"id":"application-managesites-display-component---NewSite--addressDetailDetailsName1","interaction":{"idSuffix":"inner"}},"wdio_ui5_key":"applicationmanagesites-display-component---NewSite--addressDetailDetailsName1"}]}
RESULT: undefined
COMMAND: POST /session/77504fd77c071b9b72819f2d6312026a/execute/async - {"script":"<script> [776 bytes]","args":[{"enterText":"Intracompany Site wdIO","selector":{"id":"application-managesites-display-component---NewSite--addressDetailDetailsName1","interaction":{"idSuffix":"inner"}},"clearTextFirst":true,"interactionType":"ENTER_TEXT"}]}
RESULT: {"script":"<script> [776 bytes]","args":[{"enterText":"Intracompany Site wdIO","selector":{"id":"application-managesites-display-component---NewSite--addressDetailDetailsName1","interaction":{"idSuffix":"inner"}},"clearTextFirst":true,"interactionType":"ENTER_TEXT"}]}
COMMAND: POST /session/77504fd77c071b9b72819f2d6312026a/execute/async - {"script":"<script> [1562 bytes]","args":[{"selector":{"id":"application-managesites-display-component---NewSite--addressDetailDetailsLanguage-arrow"},"wdio_ui5_key":"applicationmanagesites-display-component---NewSite--addressDetailDetailsLanguage-arrow"}]}
RESULT: {"script":"<script> [1562 bytes]","args":[{"selector":{"id":"application-managesites-display-component---NewSite--addressDetailDetailsLanguage-arrow"},"wdio_ui5_key":"applicationmanagesites-display-component---NewSite--addressDetailDetailsLanguage-arrow"}]}
RESULT: undefined
COMMAND: POST /session/77504fd77c071b9b72819f2d6312026a/element - {"using":"xpath","value":"//*[@id=\"application-managesites-display-component---NewSite--addressDetailDetailsLanguage-arrow\"]"}
RESULT: {"using":"xpath","value":"//*[@id=\"application-managesites-display-component---NewSite--addressDetailDetailsLanguage-arrow\"]"}
COMMAND: POST /session/77504fd77c071b9b72819f2d6312026a/element/f.1CA1BECA456A7E9CCD755CA14AB44D44.d.517792A2909A14161847636B7E258EC2.e.2476/click - {}
RESULT: {}
COMMAND: POST /session/77504fd77c071b9b72819f2d6312026a/element - {"using":"xpath","value":"//span[contains(text(), \"English\")]"}
COMMAND: GET /session/77504fd77c071b9b72819f2d6312026a/screenshot - {}
RESULT: {"using":"xpath","value":"//span[contains(text(), \"English\")]"}
COMMAND: POST /session/77504fd77c071b9b72819f2d6312026a/element/f.1CA1BECA456A7E9CCD755CA14AB44D44.d.517792A2909A14161847636B7E258EC2.e.2477/click - {}
RESULT: {}
RESULT: {}
COMMAND: POST /session/77504fd77c071b9b72819f2d6312026a/execute/async - {"script":"<script> [1562 bytes]","args":[{"selector":{"id":"application-managesites-display-component---NewSite--addressDetailDetailsCity1","interaction":{"idSuffix":"inner"}},"wdio_ui5_key":"applicationmanagesites-display-component---NewSite--addressDetailDetailsCity1"}]}
COMMAND: GET /session/77504fd77c071b9b72819f2d6312026a/screenshot - {}
RESULT: {"script":"<script> [1562 bytes]","args":[{"selector":{"id":"application-managesites-display-component---NewSite--addressDetailDetailsCity1","interaction":{"idSuffix":"inner"}},"wdio_ui5_key":"applicationmanagesites-display-component---NewSite--addressDetailDetailsCity1"}]}
RESULT: undefined
COMMAND: POST /session/77504fd77c071b9b72819f2d6312026a/execute/async - {"script":"<script> [776 bytes]","args":[{"enterText":"Rosario","selector":{"id":"application-managesites-display-component---NewSite--addressDetailDetailsCity1","interaction":{"idSuffix":"inner"}},"clearTextFirst":true,"interactionType":"ENTER_TEXT"}]}
RESULT: {}
RESULT: {"script":"<script> [776 bytes]","args":[{"enterText":"Rosario","selector":{"id":"application-managesites-display-component---NewSite--addressDetailDetailsCity1","interaction":{"idSuffix":"inner"}},"clearTextFirst":true,"interactionType":"ENTER_TEXT"}]}
COMMAND: POST /session/77504fd77c071b9b72819f2d6312026a/execute/async - {"script":"<script> [1562 bytes]","args":[{"selector":{"id":"application-managesites-display-component---NewSite--addressDetailDetailsCountry-arrow"},"wdio_ui5_key":"applicationmanagesites-display-component---NewSite--addressDetailDetailsCountry-arrow"}]}
RESULT: {"script":"<script> [1562 bytes]","args":[{"selector":{"id":"application-managesites-display-component---NewSite--addressDetailDetailsCountry-arrow"},"wdio_ui5_key":"applicationmanagesites-display-component---NewSite--addressDetailDetailsCountry-arrow"}]}
RESULT: undefined
COMMAND: POST /session/77504fd77c071b9b72819f2d6312026a/element - {"using":"xpath","value":"//*[@id=\"application-managesites-display-component---NewSite--addressDetailDetailsCountry-arrow\"]"}
RESULT: {"using":"xpath","value":"//*[@id=\"application-managesites-display-component---NewSite--addressDetailDetailsCountry-arrow\"]"}
COMMAND: POST /session/77504fd77c071b9b72819f2d6312026a/element/f.1CA1BECA456A7E9CCD755CA14AB44D44.d.517792A2909A14161847636B7E258EC2.e.2479/click - {}
RESULT: {}
COMMAND: POST /session/77504fd77c071b9b72819f2d6312026a/element - {"using":"xpath","value":"//span[contains(text(), \"Argentina\")]"}
COMMAND: GET /session/77504fd77c071b9b72819f2d6312026a/screenshot - {}
RESULT: {"using":"xpath","value":"//span[contains(text(), \"Argentina\")]"}
COMMAND: POST /session/77504fd77c071b9b72819f2d6312026a/element/f.1CA1BECA456A7E9CCD755CA14AB44D44.d.517792A2909A14161847636B7E258EC2.e.2480/click - {}
RESULT: {}
RESULT: {}
COMMAND: GET /session/77504fd77c071b9b72819f2d6312026a/screenshot - {}
RESULT: {}
COMMAND: POST /session/77504fd77c071b9b72819f2d6312026a/execute/async - {"script":"<script> [1562 bytes]","args":[{"selector":{"id":"application-managesites-display-component---NewSite--addressEditDetailsCostObjectCstType-arrow"},"wdio_ui5_key":"applicationmanagesites-display-component---NewSite--addressEditDetailsCostObjectCstType-arrow"}]}
RESULT: {"script":"<script> [1562 bytes]","args":[{"selector":{"id":"application-managesites-display-component---NewSite--addressEditDetailsCostObjectCstType-arrow"},"wdio_ui5_key":"applicationmanagesites-display-component---NewSite--addressEditDetailsCostObjectCstType-arrow"}]}
RESULT: undefined
COMMAND: POST /session/77504fd77c071b9b72819f2d6312026a/element - {"using":"xpath","value":"//*[@id=\"application-managesites-display-component---NewSite--addressEditDetailsCostObjectCstType-arrow\"]"}
RESULT: {"using":"xpath","value":"//*[@id=\"application-managesites-display-component---NewSite--addressEditDetailsCostObjectCstType-arrow\"]"}
COMMAND: POST /session/77504fd77c071b9b72819f2d6312026a/element/f.1CA1BECA456A7E9CCD755CA14AB44D44.d.517792A2909A14161847636B7E258EC2.e.2482/click - {}
RESULT: {}
COMMAND: POST /session/77504fd77c071b9b72819f2d6312026a/element - {"using":"xpath","value":"//span[contains(text(), \"Cost Center\")]"}
COMMAND: GET /session/77504fd77c071b9b72819f2d6312026a/screenshot - {}
RESULT: {"using":"xpath","value":"//span[contains(text(), \"Cost Center\")]"}
COMMAND: POST /session/77504fd77c071b9b72819f2d6312026a/element/f.1CA1BECA456A7E9CCD755CA14AB44D44.d.517792A2909A14161847636B7E258EC2.e.2483/click - {}
RESULT: {}
RESULT: {}
COMMAND: GET /session/77504fd77c071b9b72819f2d6312026a/screenshot - {}
RESULT: {}
COMMAND: POST /session/77504fd77c071b9b72819f2d6312026a/element - {"using":"xpath","value":"//span[@id=\"application-managesites-display-component---NewSite--addressNewCostObjectCstID-vhi\"]"}
RESULT: {"using":"xpath","value":"//span[@id=\"application-managesites-display-component---NewSite--addressNewCostObjectCstID-vhi\"]"}
COMMAND: POST /session/77504fd77c071b9b72819f2d6312026a/execute/sync - {"script":"<script> [8489 bytes]","args":[{"element-6066-11e4-a52e-4f735466cecf":"f.1CA1BECA456A7E9CCD755CA14AB44D44.d.517792A2909A14161847636B7E258EC2.e.2488","ELEMENT":"f.1CA1BECA456A7E9CCD755CA14AB44D44.d.517792A2909A14161847636B7E258EC2.e.2488"}]}
RESULT: {"script":"<script> [8489 bytes]","args":[{"element-6066-11e4-a52e-4f735466cecf":"f.1CA1BECA456A7E9CCD755CA14AB44D44.d.517792A2909A14161847636B7E258EC2.e.2488","ELEMENT":"f.1CA1BECA456A7E9CCD755CA14AB44D44.d.517792A2909A14161847636B7E258EC2.e.2488"}]}
COMMAND: POST /session/77504fd77c071b9b72819f2d6312026a/execute/async - {"script":"<script> [1562 bytes]","args":[{"selector":{"id":"application-managesites-display-component---NewSite--addressNewCostObjectCstID-vhi"},"wdio_ui5_key":"applicationmanagesites-display-component---NewSite--addressNewCostObjectCstID-vhi"}]}
COMMAND: GET /session/77504fd77c071b9b72819f2d6312026a/screenshot - {}
RESULT: {"script":"<script> [1562 bytes]","args":[{"selector":{"id":"application-managesites-display-component---NewSite--addressNewCostObjectCstID-vhi"},"wdio_ui5_key":"applicationmanagesites-display-component---NewSite--addressNewCostObjectCstID-vhi"}]}
RESULT: undefined
COMMAND: POST /session/77504fd77c071b9b72819f2d6312026a/element - {"using":"xpath","value":"//*[@id=\"application-managesites-display-component---NewSite--addressNewCostObjectCstID-vhi\"]"}
RESULT: {}
RESULT: {"using":"xpath","value":"//*[@id=\"application-managesites-display-component---NewSite--addressNewCostObjectCstID-vhi\"]"}
COMMAND: POST /session/77504fd77c071b9b72819f2d6312026a/element/f.1CA1BECA456A7E9CCD755CA14AB44D44.d.517792A2909A14161847636B7E258EC2.e.2488/click - {}
RESULT: {}
COMMAND: GET /session/77504fd77c071b9b72819f2d6312026a/screenshot - {}
RESULT: {}
RESULT: undefined
COMMAND: POST /session/77504fd77c071b9b72819f2d6312026a/execute/async - {"script":"<script> [776 bytes]","args":[{"enterText":"10001013","selector":{"controlType":"sap.m.SearchField","properties":{"placeholder":"Search"},"searchOpenDialogs":true,"interaction":{"idSuffix":"I"}},"clearTextFirst":true,"interactionType":"ENTER_TEXT"}]}
RESULT: {"script":"<script> [776 bytes]","args":[{"enterText":"10001013","selector":{"controlType":"sap.m.SearchField","properties":{"placeholder":"Search"},"searchOpenDialogs":true,"interaction":{"idSuffix":"I"}},"clearTextFirst":true,"interactionType":"ENTER_TEXT"}]}
COMMAND: POST /session/77504fd77c071b9b72819f2d6312026a/actions - {"actions":[{"id":"action6","type":"key","parameters":{},"actions":[{"type":"keyDown","value":"î€‡"},{"type":"pause","duration":10},{"type":"keyUp","value":"î€‡"}]}]}
RESULT: {"actions":[{"id":"action6","type":"key","parameters":{},"actions":[{"type":"keyDown","value":"î€‡"},{"type":"pause","duration":10},{"type":"keyUp","value":"î€‡"}]}]}
COMMAND: GET /session/77504fd77c071b9b72819f2d6312026a/screenshot - {}
RESULT: {}
COMMAND: POST /session/77504fd77c071b9b72819f2d6312026a/element - {"using":"xpath","value":"//span[contains(text(), \"General Management\")]"}
RESULT: {"using":"xpath","value":"//span[contains(text(), \"General Management\")]"}
COMMAND: POST /session/77504fd77c071b9b72819f2d6312026a/element/f.1CA1BECA456A7E9CCD755CA14AB44D44.d.517792A2909A14161847636B7E258EC2.e.2527/click - {}
RESULT: {}
COMMAND: GET /session/77504fd77c071b9b72819f2d6312026a/screenshot - {}
RESULT: {}
COMMAND: POST /session/77504fd77c071b9b72819f2d6312026a/element - {"using":"xpath","value":"//bdi[contains(text(), \"OK\")]"}
RESULT: {"using":"xpath","value":"//bdi[contains(text(), \"OK\")]"}
COMMAND: POST /session/77504fd77c071b9b72819f2d6312026a/element/f.1CA1BECA456A7E9CCD755CA14AB44D44.d.517792A2909A14161847636B7E258EC2.e.2528/click - {}
RESULT: {}
COMMAND: GET /session/77504fd77c071b9b72819f2d6312026a/screenshot - {}
RESULT: {}
COMMAND: POST /session/77504fd77c071b9b72819f2d6312026a/element - {"using":"xpath","value":"//input[@id=\"application-managesites-display-component---NewSite--addressDetailDetailsCalendar-inner\"]"}
RESULT: {"using":"xpath","value":"//input[@id=\"application-managesites-display-component---NewSite--addressDetailDetailsCalendar-inner\"]"}
COMMAND: POST /session/77504fd77c071b9b72819f2d6312026a/element/f.1CA1BECA456A7E9CCD755CA14AB44D44.d.517792A2909A14161847636B7E258EC2.e.2268/clear - {}
RESULT: {}
COMMAND: POST /session/77504fd77c071b9b72819f2d6312026a/element/f.1CA1BECA456A7E9CCD755CA14AB44D44.d.517792A2909A14161847636B7E258EC2.e.2268/value - {"text":"Unit"}
COMMAND: GET /session/77504fd77c071b9b72819f2d6312026a/screenshot - {}
RESULT: {}
RESULT: {"text":"Unit"}
COMMAND: GET /session/77504fd77c071b9b72819f2d6312026a/screenshot - {}
RESULT: {}
COMMAND: POST /session/77504fd77c071b9b72819f2d6312026a/actions - {"actions":[{"id":"action7","type":"key","parameters":{},"actions":[{"type":"keyDown","value":"î€‡"},{"type":"pause","duration":10},{"type":"keyUp","value":"î€‡"}]}]}
RESULT: {"actions":[{"id":"action7","type":"key","parameters":{},"actions":[{"type":"keyDown","value":"î€‡"},{"type":"pause","duration":10},{"type":"keyUp","value":"î€‡"}]}]}
COMMAND: POST /session/77504fd77c071b9b72819f2d6312026a/element - {"using":"xpath","value":"//input[@id=\"application-managesites-display-component---NewSite--addressDetailDetailsYard-inner\"]"}
COMMAND: GET /session/77504fd77c071b9b72819f2d6312026a/screenshot - {}
RESULT: {"using":"xpath","value":"//input[@id=\"application-managesites-display-component---NewSite--addressDetailDetailsYard-inner\"]"}
COMMAND: POST /session/77504fd77c071b9b72819f2d6312026a/element/f.1CA1BECA456A7E9CCD755CA14AB44D44.d.517792A2909A14161847636B7E258EC2.e.2269/clear - {}
RESULT: {}
RESULT: {}
COMMAND: POST /session/77504fd77c071b9b72819f2d6312026a/element/f.1CA1BECA456A7E9CCD755CA14AB44D44.d.517792A2909A14161847636B7E258EC2.e.2269/value - {"text":"263"}
COMMAND: GET /session/77504fd77c071b9b72819f2d6312026a/screenshot - {}
RESULT: {"text":"263"}
COMMAND: GET /session/77504fd77c071b9b72819f2d6312026a/screenshot - {}
RESULT: {}
RESULT: {}
COMMAND: POST /session/77504fd77c071b9b72819f2d6312026a/element - {"using":"xpath","value":"//li[.//span[text()='263']]"}
RESULT: {"using":"xpath","value":"//li[.//span[text()='263']]"}
COMMAND: POST /session/77504fd77c071b9b72819f2d6312026a/element/f.1CA1BECA456A7E9CCD755CA14AB44D44.d.517792A2909A14161847636B7E258EC2.e.2536/click - {}
RESULT: {}
COMMAND: GET /session/77504fd77c071b9b72819f2d6312026a/screenshot - {}
RESULT: {}
COMMAND: POST /session/77504fd77c071b9b72819f2d6312026a/element - {"using":"xpath","value":"//input[@id=\"application-managesites-display-component---NewSite--addressDetailDetailsPartner-inner\"]"}
RESULT: {"using":"xpath","value":"//input[@id=\"application-managesites-display-component---NewSite--addressDetailDetailsPartner-inner\"]"}
COMMAND: POST /session/77504fd77c071b9b72819f2d6312026a/element - {"using":"xpath","value":"//input[@id=\"application-managesites-display-component---NewSite--addressDetailDetailsPartner-inner\"]"}
RESULT: {"using":"xpath","value":"//input[@id=\"application-managesites-display-component---NewSite--addressDetailDetailsPartner-inner\"]"}
COMMAND: POST /session/77504fd77c071b9b72819f2d6312026a/element - {"using":"xpath","value":"//button[@data-kt=\"saveButton\"]"}
RESULT: {"using":"xpath","value":"//button[@data-kt=\"saveButton\"]"}
COMMAND: POST /session/77504fd77c071b9b72819f2d6312026a/element/f.1CA1BECA456A7E9CCD755CA14AB44D44.d.517792A2909A14161847636B7E258EC2.e.2461/click - {}
RESULT: {}
COMMAND: GET /session/77504fd77c071b9b72819f2d6312026a/screenshot - {}
RESULT: {}
COMMAND: POST /session/77504fd77c071b9b72819f2d6312026a/element - {"using":"xpath","value":"//header[contains(@id, 'ObjectPageLayout-headerTitle')]/div[1]/div[2]/div[2]/span[1]"}
RESULT: {"using":"xpath","value":"//header[contains(@id, 'ObjectPageLayout-headerTitle')]/div[1]/div[2]/div[2]/span[1]"}
COMMAND: POST /session/77504fd77c071b9b72819f2d6312026a/elements - {"using":"xpath","value":"//header[contains(@id, 'ObjectPageLayout-headerTitle')]/div[1]/div[2]/div[2]/span[1]"}
RESULT: {"using":"xpath","value":"//header[contains(@id, 'ObjectPageLayout-headerTitle')]/div[1]/div[2]/div[2]/span[1]"}
COMMAND: POST /session/77504fd77c071b9b72819f2d6312026a/execute/sync - {"script":"<script> [56 bytes]","args":[{"element-6066-11e4-a52e-4f735466cecf":"f.1CA1BECA456A7E9CCD755CA14AB44D44.d.517792A2909A14161847636B7E258EC2.e.2737","ELEMENT":"f.1CA1BECA456A7E9CCD755CA14AB44D44.d.517792A2909A14161847636B7E258EC2.e.2737"}]}
RESULT: {"script":"<script> [56 bytes]","args":[{"element-6066-11e4-a52e-4f735466cecf":"f.1CA1BECA456A7E9CCD755CA14AB44D44.d.517792A2909A14161847636B7E258EC2.e.2737","ELEMENT":"f.1CA1BECA456A7E9CCD755CA14AB44D44.d.517792A2909A14161847636B7E258EC2.e.2737"}]}
COMMAND: POST /session/77504fd77c071b9b72819f2d6312026a/element - {"using":"css selector","value":"#shell-header-logo"}
COMMAND: GET /session/77504fd77c071b9b72819f2d6312026a/screenshot - {}
RESULT: {"using":"css selector","value":"#shell-header-logo"}
COMMAND: POST /session/77504fd77c071b9b72819f2d6312026a/element/f.1CA1BECA456A7E9CCD755CA14AB44D44.d.517792A2909A14161847636B7E258EC2.e.1792/click - {}
RESULT: {}
RESULT: {}
COMMAND: GET /session/77504fd77c071b9b72819f2d6312026a/screenshot - {}
RESULT: {}
COMMAND: POST /session/77504fd77c071b9b72819f2d6312026a/execute/sync - {"script":"<script> [299 bytes]","args":[["getModel","getResource"]]}
RESULT: {"script":"<script> [299 bytes]","args":[["getModel","getResource"]]}
COMMAND: GET /session/77504fd77c071b9b72819f2d6312026a/screenshot - {}
]]></system-out>
    </testcase>
  </testsuite>
  <testsuite timestamp="2025-04-26T17:23:07" time="858.602" tests="14" failures="12" errors="12" skipped="0">
    <properties>
      <property name="specId" value="0" />
      <property name="suiteName" value="Create master data for mixed billing &amp; do billing calculation US151661" />
      <property name="capabilities" value="chrome.135_0_7049_96.windows" />
      <property name="file" value="file:///D:/a/1/s/test/specs/BTS/billing-calculation-mixed.spec.js" />
    </properties>
    <testcase classname="chrome.135_0_7049_96.windows.Create_master_data_for_mixed_billing_&amp;_do_billing_calculation_US151661" name="Should create a new yard" time="108.869">
      <system-out><![CDATA[
COMMAND: POST /session/77504fd77c071b9b72819f2d6312026a/window/fullscreen - {}
RESULT: {}
COMMAND: POST /session/77504fd77c071b9b72819f2d6312026a/execute/async - {"script":"<script> [1562 bytes]","args":[{"selector":{"controlType":"sap.m.GenericTile","properties":{"header":"Manage Yards"}},"wdio_ui5_key":"sapm.GenericTile{\"header\":\"Manage Yards\"}"}]}
RESULT: {"script":"<script> [1562 bytes]","args":[{"selector":{"controlType":"sap.m.GenericTile","properties":{"header":"Manage Yards"}},"wdio_ui5_key":"sapm.GenericTile{\"header\":\"Manage Yards\"}"}]}
RESULT: undefined
COMMAND: POST /session/77504fd77c071b9b72819f2d6312026a/element - {"using":"xpath","value":"//*[@id=\"__tile41\"]"}
RESULT: {"using":"xpath","value":"//*[@id=\"__tile41\"]"}
COMMAND: POST /session/77504fd77c071b9b72819f2d6312026a/element/f.1CA1BECA456A7E9CCD755CA14AB44D44.d.88D3F0168941F858177754B9F3436355.e.3511/click - {}
RESULT: {}
COMMAND: POST /session/77504fd77c071b9b72819f2d6312026a/element - {"using":"xpath","value":"//button[@data-kt=\"addNewYardOverflowToolbarButton\"]"}
COMMAND: GET /session/77504fd77c071b9b72819f2d6312026a/screenshot - {}
RESULT: {"using":"xpath","value":"//button[@data-kt=\"addNewYardOverflowToolbarButton\"]"}
COMMAND: POST /session/77504fd77c071b9b72819f2d6312026a/elements - {"using":"xpath","value":"//button[@data-kt=\"addNewYardOverflowToolbarButton\"]"}
RESULT: {}
RESULT: {"using":"xpath","value":"//button[@data-kt=\"addNewYardOverflowToolbarButton\"]"}
COMMAND: POST /session/77504fd77c071b9b72819f2d6312026a/elements - {"using":"xpath","value":"//button[@data-kt=\"addNewYardOverflowToolbarButton\"]"}
RESULT: {"using":"xpath","value":"//button[@data-kt=\"addNewYardOverflowToolbarButton\"]"}
COMMAND: POST /session/77504fd77c071b9b72819f2d6312026a/elements - {"using":"xpath","value":"//button[@data-kt=\"addNewYardOverflowToolbarButton\"]"}
RESULT: {"using":"xpath","value":"//button[@data-kt=\"addNewYardOverflowToolbarButton\"]"}
COMMAND: POST /session/77504fd77c071b9b72819f2d6312026a/elements - {"using":"xpath","value":"//button[@data-kt=\"addNewYardOverflowToolbarButton\"]"}
RESULT: {"using":"xpath","value":"//button[@data-kt=\"addNewYardOverflowToolbarButton\"]"}
COMMAND: POST /session/77504fd77c071b9b72819f2d6312026a/elements - {"using":"xpath","value":"//button[@data-kt=\"addNewYardOverflowToolbarButton\"]"}
RESULT: {"using":"xpath","value":"//button[@data-kt=\"addNewYardOverflowToolbarButton\"]"}
COMMAND: POST /session/77504fd77c071b9b72819f2d6312026a/elements - {"using":"xpath","value":"//button[@data-kt=\"addNewYardOverflowToolbarButton\"]"}
RESULT: {"using":"xpath","value":"//button[@data-kt=\"addNewYardOverflowToolbarButton\"]"}
COMMAND: POST /session/77504fd77c071b9b72819f2d6312026a/elements - {"using":"xpath","value":"//button[@data-kt=\"addNewYardOverflowToolbarButton\"]"}
RESULT: {"using":"xpath","value":"//button[@data-kt=\"addNewYardOverflowToolbarButton\"]"}
COMMAND: POST /session/77504fd77c071b9b72819f2d6312026a/elements - {"using":"xpath","value":"//button[@data-kt=\"addNewYardOverflowToolbarButton\"]"}
RESULT: {"using":"xpath","value":"//button[@data-kt=\"addNewYardOverflowToolbarButton\"]"}
COMMAND: POST /session/77504fd77c071b9b72819f2d6312026a/elements - {"using":"xpath","value":"//button[@data-kt=\"addNewYardOverflowToolbarButton\"]"}
RESULT: {"using":"xpath","value":"//button[@data-kt=\"addNewYardOverflowToolbarButton\"]"}
COMMAND: POST /session/77504fd77c071b9b72819f2d6312026a/elements - {"using":"xpath","value":"//button[@data-kt=\"addNewYardOverflowToolbarButton\"]"}
RESULT: {"using":"xpath","value":"//button[@data-kt=\"addNewYardOverflowToolbarButton\"]"}
COMMAND: POST /session/77504fd77c071b9b72819f2d6312026a/elements - {"using":"xpath","value":"//button[@data-kt=\"addNewYardOverflowToolbarButton\"]"}
RESULT: {"using":"xpath","value":"//button[@data-kt=\"addNewYardOverflowToolbarButton\"]"}
COMMAND: POST /session/77504fd77c071b9b72819f2d6312026a/elements - {"using":"xpath","value":"//button[@data-kt=\"addNewYardOverflowToolbarButton\"]"}
RESULT: {"using":"xpath","value":"//button[@data-kt=\"addNewYardOverflowToolbarButton\"]"}
COMMAND: POST /session/77504fd77c071b9b72819f2d6312026a/elements - {"using":"xpath","value":"//button[@data-kt=\"addNewYardOverflowToolbarButton\"]"}
RESULT: {"using":"xpath","value":"//button[@data-kt=\"addNewYardOverflowToolbarButton\"]"}
COMMAND: POST /session/77504fd77c071b9b72819f2d6312026a/elements - {"using":"xpath","value":"//button[@data-kt=\"addNewYardOverflowToolbarButton\"]"}
RESULT: {"using":"xpath","value":"//button[@data-kt=\"addNewYardOverflowToolbarButton\"]"}
COMMAND: POST /session/77504fd77c071b9b72819f2d6312026a/elements - {"using":"xpath","value":"//button[@data-kt=\"addNewYardOverflowToolbarButton\"]"}
RESULT: {"using":"xpath","value":"//button[@data-kt=\"addNewYardOverflowToolbarButton\"]"}
COMMAND: POST /session/77504fd77c071b9b72819f2d6312026a/elements - {"using":"xpath","value":"//button[@data-kt=\"addNewYardOverflowToolbarButton\"]"}
RESULT: {"using":"xpath","value":"//button[@data-kt=\"addNewYardOverflowToolbarButton\"]"}
COMMAND: POST /session/77504fd77c071b9b72819f2d6312026a/elements - {"using":"xpath","value":"//button[@data-kt=\"addNewYardOverflowToolbarButton\"]"}
RESULT: {"using":"xpath","value":"//button[@data-kt=\"addNewYardOverflowToolbarButton\"]"}
COMMAND: POST /session/77504fd77c071b9b72819f2d6312026a/elements - {"using":"xpath","value":"//button[@data-kt=\"addNewYardOverflowToolbarButton\"]"}
RESULT: {"using":"xpath","value":"//button[@data-kt=\"addNewYardOverflowToolbarButton\"]"}
COMMAND: POST /session/77504fd77c071b9b72819f2d6312026a/elements - {"using":"xpath","value":"//button[@data-kt=\"addNewYardOverflowToolbarButton\"]"}
RESULT: {"using":"xpath","value":"//button[@data-kt=\"addNewYardOverflowToolbarButton\"]"}
COMMAND: POST /session/77504fd77c071b9b72819f2d6312026a/elements - {"using":"xpath","value":"//button[@data-kt=\"addNewYardOverflowToolbarButton\"]"}
RESULT: {"using":"xpath","value":"//button[@data-kt=\"addNewYardOverflowToolbarButton\"]"}
COMMAND: POST /session/77504fd77c071b9b72819f2d6312026a/elements - {"using":"xpath","value":"//button[@data-kt=\"addNewYardOverflowToolbarButton\"]"}
RESULT: {"using":"xpath","value":"//button[@data-kt=\"addNewYardOverflowToolbarButton\"]"}
COMMAND: POST /session/77504fd77c071b9b72819f2d6312026a/elements - {"using":"xpath","value":"//button[@data-kt=\"addNewYardOverflowToolbarButton\"]"}
RESULT: {"using":"xpath","value":"//button[@data-kt=\"addNewYardOverflowToolbarButton\"]"}
COMMAND: POST /session/77504fd77c071b9b72819f2d6312026a/elements - {"using":"xpath","value":"//button[@data-kt=\"addNewYardOverflowToolbarButton\"]"}
RESULT: {"using":"xpath","value":"//button[@data-kt=\"addNewYardOverflowToolbarButton\"]"}
COMMAND: POST /session/77504fd77c071b9b72819f2d6312026a/elements - {"using":"xpath","value":"//button[@data-kt=\"addNewYardOverflowToolbarButton\"]"}
RESULT: {"using":"xpath","value":"//button[@data-kt=\"addNewYardOverflowToolbarButton\"]"}
COMMAND: POST /session/77504fd77c071b9b72819f2d6312026a/elements - {"using":"xpath","value":"//button[@data-kt=\"addNewYardOverflowToolbarButton\"]"}
RESULT: {"using":"xpath","value":"//button[@data-kt=\"addNewYardOverflowToolbarButton\"]"}
COMMAND: POST /session/77504fd77c071b9b72819f2d6312026a/elements - {"using":"xpath","value":"//button[@data-kt=\"addNewYardOverflowToolbarButton\"]"}
RESULT: {"using":"xpath","value":"//button[@data-kt=\"addNewYardOverflowToolbarButton\"]"}
COMMAND: POST /session/77504fd77c071b9b72819f2d6312026a/elements - {"using":"xpath","value":"//button[@data-kt=\"addNewYardOverflowToolbarButton\"]"}
RESULT: {"using":"xpath","value":"//button[@data-kt=\"addNewYardOverflowToolbarButton\"]"}
COMMAND: POST /session/77504fd77c071b9b72819f2d6312026a/elements - {"using":"xpath","value":"//button[@data-kt=\"addNewYardOverflowToolbarButton\"]"}
RESULT: {"using":"xpath","value":"//button[@data-kt=\"addNewYardOverflowToolbarButton\"]"}
COMMAND: POST /session/77504fd77c071b9b72819f2d6312026a/elements - {"using":"xpath","value":"//button[@data-kt=\"addNewYardOverflowToolbarButton\"]"}
RESULT: {"using":"xpath","value":"//button[@data-kt=\"addNewYardOverflowToolbarButton\"]"}
COMMAND: POST /session/77504fd77c071b9b72819f2d6312026a/elements - {"using":"xpath","value":"//button[@data-kt=\"addNewYardOverflowToolbarButton\"]"}
RESULT: {"using":"xpath","value":"//button[@data-kt=\"addNewYardOverflowToolbarButton\"]"}
COMMAND: POST /session/77504fd77c071b9b72819f2d6312026a/elements - {"using":"xpath","value":"//button[@data-kt=\"addNewYardOverflowToolbarButton\"]"}
RESULT: {"using":"xpath","value":"//button[@data-kt=\"addNewYardOverflowToolbarButton\"]"}
COMMAND: POST /session/77504fd77c071b9b72819f2d6312026a/elements - {"using":"xpath","value":"//button[@data-kt=\"addNewYardOverflowToolbarButton\"]"}
RESULT: {"using":"xpath","value":"//button[@data-kt=\"addNewYardOverflowToolbarButton\"]"}
COMMAND: POST /session/77504fd77c071b9b72819f2d6312026a/elements - {"using":"xpath","value":"//button[@data-kt=\"addNewYardOverflowToolbarButton\"]"}
RESULT: {"using":"xpath","value":"//button[@data-kt=\"addNewYardOverflowToolbarButton\"]"}
COMMAND: POST /session/77504fd77c071b9b72819f2d6312026a/element - {"using":"xpath","value":"//button[@data-kt=\"addNewYardOverflowToolbarButton\"]"}
RESULT: {"using":"xpath","value":"//button[@data-kt=\"addNewYardOverflowToolbarButton\"]"}
COMMAND: POST /session/77504fd77c071b9b72819f2d6312026a/execute/sync - {"script":"<script> [8489 bytes]","args":[{"element-6066-11e4-a52e-4f735466cecf":"f.1CA1BECA456A7E9CCD755CA14AB44D44.d.88D3F0168941F858177754B9F3436355.e.3648","ELEMENT":"f.1CA1BECA456A7E9CCD755CA14AB44D44.d.88D3F0168941F858177754B9F3436355.e.3648"}]}
RESULT: {"script":"<script> [8489 bytes]","args":[{"element-6066-11e4-a52e-4f735466cecf":"f.1CA1BECA456A7E9CCD755CA14AB44D44.d.88D3F0168941F858177754B9F3436355.e.3648","ELEMENT":"f.1CA1BECA456A7E9CCD755CA14AB44D44.d.88D3F0168941F858177754B9F3436355.e.3648"}]}
COMMAND: GET /session/77504fd77c071b9b72819f2d6312026a/element/f.1CA1BECA456A7E9CCD755CA14AB44D44.d.88D3F0168941F858177754B9F3436355.e.3648/enabled - {}
COMMAND: GET /session/77504fd77c071b9b72819f2d6312026a/screenshot - {}
RESULT: {}
COMMAND: POST /session/77504fd77c071b9b72819f2d6312026a/execute/sync - {"script":"<script> [8489 bytes]","args":[{"element-6066-11e4-a52e-4f735466cecf":"f.1CA1BECA456A7E9CCD755CA14AB44D44.d.88D3F0168941F858177754B9F3436355.e.3648","ELEMENT":"f.1CA1BECA456A7E9CCD755CA14AB44D44.d.88D3F0168941F858177754B9F3436355.e.3648"}]}
COMMAND: GET /session/77504fd77c071b9b72819f2d6312026a/screenshot - {}
RESULT: {}
RESULT: {"script":"<script> [8489 bytes]","args":[{"element-6066-11e4-a52e-4f735466cecf":"f.1CA1BECA456A7E9CCD755CA14AB44D44.d.88D3F0168941F858177754B9F3436355.e.3648","ELEMENT":"f.1CA1BECA456A7E9CCD755CA14AB44D44.d.88D3F0168941F858177754B9F3436355.e.3648"}]}
COMMAND: POST /session/77504fd77c071b9b72819f2d6312026a/execute/sync - {"script":"<script> [5351 bytes]","args":[{"element-6066-11e4-a52e-4f735466cecf":"f.1CA1BECA456A7E9CCD755CA14AB44D44.d.88D3F0168941F858177754B9F3436355.e.3648","ELEMENT":"f.1CA1BECA456A7E9CCD755CA14AB44D44.d.88D3F0168941F858177754B9F3436355.e.3648"}]}
COMMAND: GET /session/77504fd77c071b9b72819f2d6312026a/screenshot - {}
RESULT: {}
RESULT: {"script":"<script> [5351 bytes]","args":[{"element-6066-11e4-a52e-4f735466cecf":"f.1CA1BECA456A7E9CCD755CA14AB44D44.d.88D3F0168941F858177754B9F3436355.e.3648","ELEMENT":"f.1CA1BECA456A7E9CCD755CA14AB44D44.d.88D3F0168941F858177754B9F3436355.e.3648"}]}
COMMAND: POST /session/77504fd77c071b9b72819f2d6312026a/element/f.1CA1BECA456A7E9CCD755CA14AB44D44.d.88D3F0168941F858177754B9F3436355.e.3648/click - {}
COMMAND: GET /session/77504fd77c071b9b72819f2d6312026a/screenshot - {}
RESULT: {}
RESULT: {}
COMMAND: GET /session/77504fd77c071b9b72819f2d6312026a/screenshot - {}
RESULT: {}
COMMAND: POST /session/77504fd77c071b9b72819f2d6312026a/element - {"using":"xpath","value":"//input[@id=\"application-manageyards-display-component---NewYard--yardId-inner\"]"}
RESULT: {}
RESULT: {"using":"xpath","value":"//input[@id=\"application-manageyards-display-component---NewYard--yardId-inner\"]"}
COMMAND: POST /session/77504fd77c071b9b72819f2d6312026a/element - {"using":"xpath","value":"//input[@id=\"application-manageyards-display-component---NewYard--yardId-inner\"]"}
RESULT: {"using":"xpath","value":"//input[@id=\"application-manageyards-display-component---NewYard--yardId-inner\"]"}
COMMAND: POST /session/77504fd77c071b9b72819f2d6312026a/execute/async - {"script":"<script> [1562 bytes]","args":[{"selector":{"id":"application-manageyards-display-component---NewYard--addressDetailDetailsName1","interaction":{"idSuffix":"inner"}},"wdio_ui5_key":"applicationmanageyards-display-component---NewYard--addressDetailDetailsName1"}]}
RESULT: {"script":"<script> [1562 bytes]","args":[{"selector":{"id":"application-manageyards-display-component---NewYard--addressDetailDetailsName1","interaction":{"idSuffix":"inner"}},"wdio_ui5_key":"applicationmanageyards-display-component---NewYard--addressDetailDetailsName1"}]}
RESULT: undefined
COMMAND: POST /session/77504fd77c071b9b72819f2d6312026a/execute/async - {"script":"<script> [776 bytes]","args":[{"enterText":"Intercompany Yard wdIO","selector":{"id":"application-manageyards-display-component---NewYard--addressDetailDetailsName1","interaction":{"idSuffix":"inner"}},"clearTextFirst":true,"interactionType":"ENTER_TEXT"}]}
RESULT: {"script":"<script> [776 bytes]","args":[{"enterText":"Intercompany Yard wdIO","selector":{"id":"application-manageyards-display-component---NewYard--addressDetailDetailsName1","interaction":{"idSuffix":"inner"}},"clearTextFirst":true,"interactionType":"ENTER_TEXT"}]}
COMMAND: POST /session/77504fd77c071b9b72819f2d6312026a/execute/async - {"script":"<script> [1562 bytes]","args":[{"selector":{"id":"application-manageyards-display-component---NewYard--addressDetailDetailsLanguage-arrow"},"wdio_ui5_key":"applicationmanageyards-display-component---NewYard--addressDetailDetailsLanguage-arrow"}]}
RESULT: {"script":"<script> [1562 bytes]","args":[{"selector":{"id":"application-manageyards-display-component---NewYard--addressDetailDetailsLanguage-arrow"},"wdio_ui5_key":"applicationmanageyards-display-component---NewYard--addressDetailDetailsLanguage-arrow"}]}
RESULT: undefined
COMMAND: POST /session/77504fd77c071b9b72819f2d6312026a/element - {"using":"xpath","value":"//*[@id=\"application-manageyards-display-component---NewYard--addressDetailDetailsLanguage-arrow\"]"}
RESULT: {"using":"xpath","value":"//*[@id=\"application-manageyards-display-component---NewYard--addressDetailDetailsLanguage-arrow\"]"}
COMMAND: POST /session/77504fd77c071b9b72819f2d6312026a/element/f.1CA1BECA456A7E9CCD755CA14AB44D44.d.88D3F0168941F858177754B9F3436355.e.4061/click - {}
RESULT: {}
COMMAND: POST /session/77504fd77c071b9b72819f2d6312026a/element - {"using":"xpath","value":"//span[contains(text(), \"English\")]"}
COMMAND: GET /session/77504fd77c071b9b72819f2d6312026a/screenshot - {}
RESULT: {"using":"xpath","value":"//span[contains(text(), \"English\")]"}
COMMAND: POST /session/77504fd77c071b9b72819f2d6312026a/element/f.1CA1BECA456A7E9CCD755CA14AB44D44.d.88D3F0168941F858177754B9F3436355.e.4062/click - {}
RESULT: {}
RESULT: {}
COMMAND: POST /session/77504fd77c071b9b72819f2d6312026a/execute/async - {"script":"<script> [1562 bytes]","args":[{"selector":{"id":"application-manageyards-display-component---NewYard--addressDetailDetailsCity1","interaction":{"idSuffix":"inner"}},"wdio_ui5_key":"applicationmanageyards-display-component---NewYard--addressDetailDetailsCity1"}]}
COMMAND: GET /session/77504fd77c071b9b72819f2d6312026a/screenshot - {}
RESULT: {"script":"<script> [1562 bytes]","args":[{"selector":{"id":"application-manageyards-display-component---NewYard--addressDetailDetailsCity1","interaction":{"idSuffix":"inner"}},"wdio_ui5_key":"applicationmanageyards-display-component---NewYard--addressDetailDetailsCity1"}]}
RESULT: undefined
COMMAND: POST /session/77504fd77c071b9b72819f2d6312026a/execute/async - {"script":"<script> [776 bytes]","args":[{"enterText":"Rosario","selector":{"id":"application-manageyards-display-component---NewYard--addressDetailDetailsCity1","interaction":{"idSuffix":"inner"}},"clearTextFirst":true,"interactionType":"ENTER_TEXT"}]}
RESULT: {}
RESULT: {"script":"<script> [776 bytes]","args":[{"enterText":"Rosario","selector":{"id":"application-manageyards-display-component---NewYard--addressDetailDetailsCity1","interaction":{"idSuffix":"inner"}},"clearTextFirst":true,"interactionType":"ENTER_TEXT"}]}
COMMAND: POST /session/77504fd77c071b9b72819f2d6312026a/execute/async - {"script":"<script> [1562 bytes]","args":[{"selector":{"id":"application-manageyards-display-component---NewYard--addressDetailDetailsCountry-arrow"},"wdio_ui5_key":"applicationmanageyards-display-component---NewYard--addressDetailDetailsCountry-arrow"}]}
RESULT: {"script":"<script> [1562 bytes]","args":[{"selector":{"id":"application-manageyards-display-component---NewYard--addressDetailDetailsCountry-arrow"},"wdio_ui5_key":"applicationmanageyards-display-component---NewYard--addressDetailDetailsCountry-arrow"}]}
RESULT: undefined
COMMAND: POST /session/77504fd77c071b9b72819f2d6312026a/element - {"using":"xpath","value":"//*[@id=\"application-manageyards-display-component---NewYard--addressDetailDetailsCountry-arrow\"]"}
RESULT: {"using":"xpath","value":"//*[@id=\"application-manageyards-display-component---NewYard--addressDetailDetailsCountry-arrow\"]"}
COMMAND: POST /session/77504fd77c071b9b72819f2d6312026a/element/f.1CA1BECA456A7E9CCD755CA14AB44D44.d.88D3F0168941F858177754B9F3436355.e.4064/click - {}
RESULT: {}
COMMAND: POST /session/77504fd77c071b9b72819f2d6312026a/element - {"using":"xpath","value":"//span[contains(text(), \"Argentina\")]"}
COMMAND: GET /session/77504fd77c071b9b72819f2d6312026a/screenshot - {}
RESULT: {"using":"xpath","value":"//span[contains(text(), \"Argentina\")]"}
COMMAND: POST /session/77504fd77c071b9b72819f2d6312026a/element/f.1CA1BECA456A7E9CCD755CA14AB44D44.d.88D3F0168941F858177754B9F3436355.e.4065/click - {}
RESULT: {}
RESULT: {}
COMMAND: POST /session/77504fd77c071b9b72819f2d6312026a/execute/async - {"script":"<script> [1562 bytes]","args":[{"selector":{"id":"application-manageyards-display-component---NewYard--addressEditDetailsCostObjectCstType-arrow"},"wdio_ui5_key":"applicationmanageyards-display-component---NewYard--addressEditDetailsCostObjectCstType-arrow"}]}
COMMAND: GET /session/77504fd77c071b9b72819f2d6312026a/screenshot - {}
RESULT: {"script":"<script> [1562 bytes]","args":[{"selector":{"id":"application-manageyards-display-component---NewYard--addressEditDetailsCostObjectCstType-arrow"},"wdio_ui5_key":"applicationmanageyards-display-component---NewYard--addressEditDetailsCostObjectCstType-arrow"}]}
RESULT: undefined
COMMAND: POST /session/77504fd77c071b9b72819f2d6312026a/element - {"using":"xpath","value":"//*[@id=\"application-manageyards-display-component---NewYard--addressEditDetailsCostObjectCstType-arrow\"]"}
RESULT: {}
RESULT: {"using":"xpath","value":"//*[@id=\"application-manageyards-display-component---NewYard--addressEditDetailsCostObjectCstType-arrow\"]"}
COMMAND: POST /session/77504fd77c071b9b72819f2d6312026a/element/f.1CA1BECA456A7E9CCD755CA14AB44D44.d.88D3F0168941F858177754B9F3436355.e.4067/click - {}
RESULT: {}
COMMAND: POST /session/77504fd77c071b9b72819f2d6312026a/element - {"using":"xpath","value":"//span[contains(text(), \"Cost Center\")]"}
COMMAND: GET /session/77504fd77c071b9b72819f2d6312026a/screenshot - {}
RESULT: {"using":"xpath","value":"//span[contains(text(), \"Cost Center\")]"}
COMMAND: POST /session/77504fd77c071b9b72819f2d6312026a/element/f.1CA1BECA456A7E9CCD755CA14AB44D44.d.88D3F0168941F858177754B9F3436355.e.4068/click - {}
RESULT: {}
RESULT: {}
COMMAND: GET /session/77504fd77c071b9b72819f2d6312026a/screenshot - {}
RESULT: {}
COMMAND: POST /session/77504fd77c071b9b72819f2d6312026a/element - {"using":"xpath","value":"//span[@id=\"application-manageyards-display-component---NewYard--addressNewCostObjectCstID-vhi\"]"}
RESULT: {"using":"xpath","value":"//span[@id=\"application-manageyards-display-component---NewYard--addressNewCostObjectCstID-vhi\"]"}
COMMAND: POST /session/77504fd77c071b9b72819f2d6312026a/execute/sync - {"script":"<script> [8489 bytes]","args":[{"element-6066-11e4-a52e-4f735466cecf":"f.1CA1BECA456A7E9CCD755CA14AB44D44.d.88D3F0168941F858177754B9F3436355.e.4072","ELEMENT":"f.1CA1BECA456A7E9CCD755CA14AB44D44.d.88D3F0168941F858177754B9F3436355.e.4072"}]}
RESULT: {"script":"<script> [8489 bytes]","args":[{"element-6066-11e4-a52e-4f735466cecf":"f.1CA1BECA456A7E9CCD755CA14AB44D44.d.88D3F0168941F858177754B9F3436355.e.4072","ELEMENT":"f.1CA1BECA456A7E9CCD755CA14AB44D44.d.88D3F0168941F858177754B9F3436355.e.4072"}]}
COMMAND: POST /session/77504fd77c071b9b72819f2d6312026a/execute/async - {"script":"<script> [1562 bytes]","args":[{"selector":{"id":"application-manageyards-display-component---NewYard--addressNewCostObjectCstID-vhi"},"wdio_ui5_key":"applicationmanageyards-display-component---NewYard--addressNewCostObjectCstID-vhi"}]}
COMMAND: GET /session/77504fd77c071b9b72819f2d6312026a/screenshot - {}
RESULT: {"script":"<script> [1562 bytes]","args":[{"selector":{"id":"application-manageyards-display-component---NewYard--addressNewCostObjectCstID-vhi"},"wdio_ui5_key":"applicationmanageyards-display-component---NewYard--addressNewCostObjectCstID-vhi"}]}
RESULT: undefined
COMMAND: POST /session/77504fd77c071b9b72819f2d6312026a/element - {"using":"xpath","value":"//*[@id=\"application-manageyards-display-component---NewYard--addressNewCostObjectCstID-vhi\"]"}
RESULT: {}
RESULT: {"using":"xpath","value":"//*[@id=\"application-manageyards-display-component---NewYard--addressNewCostObjectCstID-vhi\"]"}
COMMAND: POST /session/77504fd77c071b9b72819f2d6312026a/element/f.1CA1BECA456A7E9CCD755CA14AB44D44.d.88D3F0168941F858177754B9F3436355.e.4072/click - {}
RESULT: {}
COMMAND: GET /session/77504fd77c071b9b72819f2d6312026a/screenshot - {}
RESULT: {}
COMMAND: POST /session/77504fd77c071b9b72819f2d6312026a/execute/async - {"script":"<script> [1562 bytes]","args":[{"selector":{"controlType":"sap.m.SearchField","properties":{"placeholder":"Search"},"searchOpenDialogs":true,"interaction":{"idSuffix":"I"}},"wdio_ui5_key":"sapm.SearchField{\"placeholder\":\"Search\"}"}]}
RESULT: {"script":"<script> [1562 bytes]","args":[{"selector":{"controlType":"sap.m.SearchField","properties":{"placeholder":"Search"},"searchOpenDialogs":true,"interaction":{"idSuffix":"I"}},"wdio_ui5_key":"sapm.SearchField{\"placeholder\":\"Search\"}"}]}
RESULT: undefined
COMMAND: POST /session/77504fd77c071b9b72819f2d6312026a/execute/async - {"script":"<script> [776 bytes]","args":[{"enterText":"10001013","selector":{"controlType":"sap.m.SearchField","properties":{"placeholder":"Search"},"searchOpenDialogs":true,"interaction":{"idSuffix":"I"}},"clearTextFirst":true,"interactionType":"ENTER_TEXT"}]}
RESULT: {"script":"<script> [776 bytes]","args":[{"enterText":"10001013","selector":{"controlType":"sap.m.SearchField","properties":{"placeholder":"Search"},"searchOpenDialogs":true,"interaction":{"idSuffix":"I"}},"clearTextFirst":true,"interactionType":"ENTER_TEXT"}]}
COMMAND: POST /session/77504fd77c071b9b72819f2d6312026a/actions - {"actions":[{"id":"action11","type":"key","parameters":{},"actions":[{"type":"keyDown","value":"î€‡"},{"type":"pause","duration":10},{"type":"keyUp","value":"î€‡"}]}]}
RESULT: {"actions":[{"id":"action11","type":"key","parameters":{},"actions":[{"type":"keyDown","value":"î€‡"},{"type":"pause","duration":10},{"type":"keyUp","value":"î€‡"}]}]}
COMMAND: GET /session/77504fd77c071b9b72819f2d6312026a/screenshot - {}
RESULT: {}
COMMAND: POST /session/77504fd77c071b9b72819f2d6312026a/element - {"using":"xpath","value":"//span[contains(text(), \"General Management\")]"}
RESULT: {"using":"xpath","value":"//span[contains(text(), \"General Management\")]"}
COMMAND: POST /session/77504fd77c071b9b72819f2d6312026a/element/f.1CA1BECA456A7E9CCD755CA14AB44D44.d.88D3F0168941F858177754B9F3436355.e.4113/click - {}
RESULT: {}
COMMAND: GET /session/77504fd77c071b9b72819f2d6312026a/screenshot - {}
RESULT: {}
COMMAND: POST /session/77504fd77c071b9b72819f2d6312026a/element - {"using":"xpath","value":"//bdi[contains(text(), \"OK\")]"}
RESULT: {"using":"xpath","value":"//bdi[contains(text(), \"OK\")]"}
COMMAND: POST /session/77504fd77c071b9b72819f2d6312026a/element/f.1CA1BECA456A7E9CCD755CA14AB44D44.d.88D3F0168941F858177754B9F3436355.e.4114/click - {}
RESULT: {}
COMMAND: GET /session/77504fd77c071b9b72819f2d6312026a/screenshot - {}
RESULT: {}
COMMAND: POST /session/77504fd77c071b9b72819f2d6312026a/execute/async - {"script":"<script> [1562 bytes]","args":[{"selector":{"id":"application-manageyards-display-component---NewYard--addressEditDetailsCurrency-arrow"},"wdio_ui5_key":"applicationmanageyards-display-component---NewYard--addressEditDetailsCurrency-arrow"}]}
RESULT: {"script":"<script> [1562 bytes]","args":[{"selector":{"id":"application-manageyards-display-component---NewYard--addressEditDetailsCurrency-arrow"},"wdio_ui5_key":"applicationmanageyards-display-component---NewYard--addressEditDetailsCurrency-arrow"}]}
RESULT: undefined
COMMAND: POST /session/77504fd77c071b9b72819f2d6312026a/element - {"using":"xpath","value":"//*[@id=\"application-manageyards-display-component---NewYard--addressEditDetailsCurrency-arrow\"]"}
RESULT: {"using":"xpath","value":"//*[@id=\"application-manageyards-display-component---NewYard--addressEditDetailsCurrency-arrow\"]"}
COMMAND: POST /session/77504fd77c071b9b72819f2d6312026a/element/f.1CA1BECA456A7E9CCD755CA14AB44D44.d.88D3F0168941F858177754B9F3436355.e.4117/click - {}
RESULT: {}
COMMAND: POST /session/77504fd77c071b9b72819f2d6312026a/element - {"using":"xpath","value":"//span[contains(text(), \"Euro\")]"}
COMMAND: GET /session/77504fd77c071b9b72819f2d6312026a/screenshot - {}
RESULT: {"using":"xpath","value":"//span[contains(text(), \"Euro\")]"}
COMMAND: POST /session/77504fd77c071b9b72819f2d6312026a/element/f.1CA1BECA456A7E9CCD755CA14AB44D44.d.88D3F0168941F858177754B9F3436355.e.4118/click - {}
RESULT: {}
RESULT: {}
COMMAND: POST /session/77504fd77c071b9b72819f2d6312026a/execute/async - {"script":"<script> [1562 bytes]","args":[{"selector":{"controlType":"sap.m.Input","viewName":"etm.portal.ui.manageyards.view.New","viewId":"application-manageyards-display-component---NewYard","bindingPath":{"path":"","propertyPath":"/CONTROLLING_AREA","modelName":"NewYardModel"},"interaction":{"idSuffix":"inner"}},"wdio_ui5_key":"etmportal.ui.manageyards.view.Newsap.m.Input{\"path\":\"\",\"propertyPath\":\"/CONTROLLING_AREA\",\"modelName\":\"NewYardModel\"}"}]}
COMMAND: GET /session/77504fd77c071b9b72819f2d6312026a/screenshot - {}
RESULT: {"script":"<script> [1562 bytes]","args":[{"selector":{"controlType":"sap.m.Input","viewName":"etm.portal.ui.manageyards.view.New","viewId":"application-manageyards-display-component---NewYard","bindingPath":{"path":"","propertyPath":"/CONTROLLING_AREA","modelName":"NewYardModel"},"interaction":{"idSuffix":"inner"}},"wdio_ui5_key":"etmportal.ui.manageyards.view.Newsap.m.Input{\"path\":\"\",\"propertyPath\":\"/CONTROLLING_AREA\",\"modelName\":\"NewYardModel\"}"}]}
RESULT: undefined
COMMAND: POST /session/77504fd77c071b9b72819f2d6312026a/execute/async - {"script":"<script> [776 bytes]","args":[{"enterText":"Z001","selector":{"controlType":"sap.m.Input","viewName":"etm.portal.ui.manageyards.view.New","viewId":"application-manageyards-display-component---NewYard","bindingPath":{"path":"","propertyPath":"/CONTROLLING_AREA","modelName":"NewYardModel"},"interaction":{"idSuffix":"inner"}},"clearTextFirst":true,"interactionType":"ENTER_TEXT"}]}
RESULT: {}
RESULT: {"script":"<script> [776 bytes]","args":[{"enterText":"Z001","selector":{"controlType":"sap.m.Input","viewName":"etm.portal.ui.manageyards.view.New","viewId":"application-manageyards-display-component---NewYard","bindingPath":{"path":"","propertyPath":"/CONTROLLING_AREA","modelName":"NewYardModel"},"interaction":{"idSuffix":"inner"}},"clearTextFirst":true,"interactionType":"ENTER_TEXT"}]}
COMMAND: POST /session/77504fd77c071b9b72819f2d6312026a/execute/async - {"script":"<script> [1562 bytes]","args":[{"selector":{"id":"application-manageyards-display-component---NewYard--companyCodeComboBox","interaction":{"idSuffix":"inner"}},"wdio_ui5_key":"applicationmanageyards-display-component---NewYard--companyCodeComboBox"}]}
RESULT: {"script":"<script> [1562 bytes]","args":[{"selector":{"id":"application-manageyards-display-component---NewYard--companyCodeComboBox","interaction":{"idSuffix":"inner"}},"wdio_ui5_key":"applicationmanageyards-display-component---NewYard--companyCodeComboBox"}]}
RESULT: undefined
COMMAND: POST /session/77504fd77c071b9b72819f2d6312026a/execute/async - {"script":"<script> [776 bytes]","args":[{"enterText":"1000","selector":{"id":"application-manageyards-display-component---NewYard--companyCodeComboBox","interaction":{"idSuffix":"inner"}},"clearTextFirst":true,"interactionType":"ENTER_TEXT"}]}
RESULT: {"script":"<script> [776 bytes]","args":[{"enterText":"1000","selector":{"id":"application-manageyards-display-component---NewYard--companyCodeComboBox","interaction":{"idSuffix":"inner"}},"clearTextFirst":true,"interactionType":"ENTER_TEXT"}]}
COMMAND: POST /session/77504fd77c071b9b72819f2d6312026a/execute/async - {"script":"<script> [1562 bytes]","args":[{"selector":{"controlType":"sap.m.Input","viewName":"etm.portal.ui.manageyards.view.New","viewId":"application-manageyards-display-component---NewYard","bindingPath":{"path":"","propertyPath":"/PLANT","modelName":"NewYardModel"},"interaction":{"idSuffix":"inner"}},"wdio_ui5_key":"etmportal.ui.manageyards.view.Newsap.m.Input{\"path\":\"\",\"propertyPath\":\"/PLANT\",\"modelName\":\"NewYardModel\"}"}]}
RESULT: {"script":"<script> [1562 bytes]","args":[{"selector":{"controlType":"sap.m.Input","viewName":"etm.portal.ui.manageyards.view.New","viewId":"application-manageyards-display-component---NewYard","bindingPath":{"path":"","propertyPath":"/PLANT","modelName":"NewYardModel"},"interaction":{"idSuffix":"inner"}},"wdio_ui5_key":"etmportal.ui.manageyards.view.Newsap.m.Input{\"path\":\"\",\"propertyPath\":\"/PLANT\",\"modelName\":\"NewYardModel\"}"}]}
RESULT: undefined
COMMAND: POST /session/77504fd77c071b9b72819f2d6312026a/execute/async - {"script":"<script> [776 bytes]","args":[{"enterText":"1001","selector":{"controlType":"sap.m.Input","viewName":"etm.portal.ui.manageyards.view.New","viewId":"application-manageyards-display-component---NewYard","bindingPath":{"path":"","propertyPath":"/PLANT","modelName":"NewYardModel"},"interaction":{"idSuffix":"inner"}},"clearTextFirst":true,"interactionType":"ENTER_TEXT"}]}
RESULT: {"script":"<script> [776 bytes]","args":[{"enterText":"1001","selector":{"controlType":"sap.m.Input","viewName":"etm.portal.ui.manageyards.view.New","viewId":"application-manageyards-display-component---NewYard","bindingPath":{"path":"","propertyPath":"/PLANT","modelName":"NewYardModel"},"interaction":{"idSuffix":"inner"}},"clearTextFirst":true,"interactionType":"ENTER_TEXT"}]}
COMMAND: POST /session/77504fd77c071b9b72819f2d6312026a/execute/async - {"script":"<script> [1562 bytes]","args":[{"selector":{"controlType":"sap.m.Input","viewName":"etm.portal.ui.manageyards.view.New","viewId":"application-manageyards-display-component---NewYard","bindingPath":{"path":"","propertyPath":"/SALES_AREA_VKORG","modelName":"NewYardModel"},"interaction":{"idSuffix":"inner"}},"wdio_ui5_key":"etmportal.ui.manageyards.view.Newsap.m.Input{\"path\":\"\",\"propertyPath\":\"/SALES_AREA_VKORG\",\"modelName\":\"NewYardModel\"}"}]}
RESULT: {"script":"<script> [1562 bytes]","args":[{"selector":{"controlType":"sap.m.Input","viewName":"etm.portal.ui.manageyards.view.New","viewId":"application-manageyards-display-component---NewYard","bindingPath":{"path":"","propertyPath":"/SALES_AREA_VKORG","modelName":"NewYardModel"},"interaction":{"idSuffix":"inner"}},"wdio_ui5_key":"etmportal.ui.manageyards.view.Newsap.m.Input{\"path\":\"\",\"propertyPath\":\"/SALES_AREA_VKORG\",\"modelName\":\"NewYardModel\"}"}]}
RESULT: undefined
COMMAND: POST /session/77504fd77c071b9b72819f2d6312026a/execute/async - {"script":"<script> [776 bytes]","args":[{"enterText":"C002","selector":{"controlType":"sap.m.Input","viewName":"etm.portal.ui.manageyards.view.New","viewId":"application-manageyards-display-component---NewYard","bindingPath":{"path":"","propertyPath":"/SALES_AREA_VKORG","modelName":"NewYardModel"},"interaction":{"idSuffix":"inner"}},"clearTextFirst":true,"interactionType":"ENTER_TEXT"}]}
RESULT: {"script":"<script> [776 bytes]","args":[{"enterText":"C002","selector":{"controlType":"sap.m.Input","viewName":"etm.portal.ui.manageyards.view.New","viewId":"application-manageyards-display-component---NewYard","bindingPath":{"path":"","propertyPath":"/SALES_AREA_VKORG","modelName":"NewYardModel"},"interaction":{"idSuffix":"inner"}},"clearTextFirst":true,"interactionType":"ENTER_TEXT"}]}
COMMAND: POST /session/77504fd77c071b9b72819f2d6312026a/execute/async - {"script":"<script> [1562 bytes]","args":[{"selector":{"controlType":"sap.m.Input","viewName":"etm.portal.ui.manageyards.view.New","viewId":"application-manageyards-display-component---NewYard","bindingPath":{"path":"","propertyPath":"/SALES_AREA_VTWEG","modelName":"NewYardModel"},"interaction":{"idSuffix":"inner"}},"wdio_ui5_key":"etmportal.ui.manageyards.view.Newsap.m.Input{\"path\":\"\",\"propertyPath\":\"/SALES_AREA_VTWEG\",\"modelName\":\"NewYardModel\"}"}]}
RESULT: {"script":"<script> [1562 bytes]","args":[{"selector":{"controlType":"sap.m.Input","viewName":"etm.portal.ui.manageyards.view.New","viewId":"application-manageyards-display-component---NewYard","bindingPath":{"path":"","propertyPath":"/SALES_AREA_VTWEG","modelName":"NewYardModel"},"interaction":{"idSuffix":"inner"}},"wdio_ui5_key":"etmportal.ui.manageyards.view.Newsap.m.Input{\"path\":\"\",\"propertyPath\":\"/SALES_AREA_VTWEG\",\"modelName\":\"NewYardModel\"}"}]}
RESULT: undefined
COMMAND: POST /session/77504fd77c071b9b72819f2d6312026a/execute/async - {"script":"<script> [776 bytes]","args":[{"enterText":"C2","selector":{"controlType":"sap.m.Input","viewName":"etm.portal.ui.manageyards.view.New","viewId":"application-manageyards-display-component---NewYard","bindingPath":{"path":"","propertyPath":"/SALES_AREA_VTWEG","modelName":"NewYardModel"},"interaction":{"idSuffix":"inner"}},"clearTextFirst":true,"interactionType":"ENTER_TEXT"}]}
RESULT: {"script":"<script> [776 bytes]","args":[{"enterText":"C2","selector":{"controlType":"sap.m.Input","viewName":"etm.portal.ui.manageyards.view.New","viewId":"application-manageyards-display-component---NewYard","bindingPath":{"path":"","propertyPath":"/SALES_AREA_VTWEG","modelName":"NewYardModel"},"interaction":{"idSuffix":"inner"}},"clearTextFirst":true,"interactionType":"ENTER_TEXT"}]}
COMMAND: POST /session/77504fd77c071b9b72819f2d6312026a/execute/async - {"script":"<script> [1562 bytes]","args":[{"selector":{"controlType":"sap.m.Input","viewName":"etm.portal.ui.manageyards.view.New","viewId":"application-manageyards-display-component---NewYard","bindingPath":{"path":"","propertyPath":"/SALES_AREA_SPART","modelName":"NewYardModel"},"interaction":{"idSuffix":"inner"}},"wdio_ui5_key":"etmportal.ui.manageyards.view.Newsap.m.Input{\"path\":\"\",\"propertyPath\":\"/SALES_AREA_SPART\",\"modelName\":\"NewYardModel\"}"}]}
RESULT: {"script":"<script> [1562 bytes]","args":[{"selector":{"controlType":"sap.m.Input","viewName":"etm.portal.ui.manageyards.view.New","viewId":"application-manageyards-display-component---NewYard","bindingPath":{"path":"","propertyPath":"/SALES_AREA_SPART","modelName":"NewYardModel"},"interaction":{"idSuffix":"inner"}},"wdio_ui5_key":"etmportal.ui.manageyards.view.Newsap.m.Input{\"path\":\"\",\"propertyPath\":\"/SALES_AREA_SPART\",\"modelName\":\"NewYardModel\"}"}]}
RESULT: undefined
COMMAND: POST /session/77504fd77c071b9b72819f2d6312026a/execute/async - {"script":"<script> [776 bytes]","args":[{"enterText":"C2","selector":{"controlType":"sap.m.Input","viewName":"etm.portal.ui.manageyards.view.New","viewId":"application-manageyards-display-component---NewYard","bindingPath":{"path":"","propertyPath":"/SALES_AREA_SPART","modelName":"NewYardModel"},"interaction":{"idSuffix":"inner"}},"clearTextFirst":true,"interactionType":"ENTER_TEXT"}]}
RESULT: {"script":"<script> [776 bytes]","args":[{"enterText":"C2","selector":{"controlType":"sap.m.Input","viewName":"etm.portal.ui.manageyards.view.New","viewId":"application-manageyards-display-component---NewYard","bindingPath":{"path":"","propertyPath":"/SALES_AREA_SPART","modelName":"NewYardModel"},"interaction":{"idSuffix":"inner"}},"clearTextFirst":true,"interactionType":"ENTER_TEXT"}]}
COMMAND: POST /session/77504fd77c071b9b72819f2d6312026a/execute/async - {"script":"<script> [1562 bytes]","args":[{"selector":{"controlType":"sap.m.Input","viewName":"etm.portal.ui.manageyards.view.New","viewId":"application-manageyards-display-component---NewYard","bindingPath":{"path":"","propertyPath":"/SHIP_POINT","modelName":"NewYardModel"},"interaction":{"idSuffix":"inner"}},"wdio_ui5_key":"etmportal.ui.manageyards.view.Newsap.m.Input{\"path\":\"\",\"propertyPath\":\"/SHIP_POINT\",\"modelName\":\"NewYardModel\"}"}]}
RESULT: {"script":"<script> [1562 bytes]","args":[{"selector":{"controlType":"sap.m.Input","viewName":"etm.portal.ui.manageyards.view.New","viewId":"application-manageyards-display-component---NewYard","bindingPath":{"path":"","propertyPath":"/SHIP_POINT","modelName":"NewYardModel"},"interaction":{"idSuffix":"inner"}},"wdio_ui5_key":"etmportal.ui.manageyards.view.Newsap.m.Input{\"path\":\"\",\"propertyPath\":\"/SHIP_POINT\",\"modelName\":\"NewYardModel\"}"}]}
RESULT: undefined
COMMAND: POST /session/77504fd77c071b9b72819f2d6312026a/execute/async - {"script":"<script> [776 bytes]","args":[{"enterText":"1710","selector":{"controlType":"sap.m.Input","viewName":"etm.portal.ui.manageyards.view.New","viewId":"application-manageyards-display-component---NewYard","bindingPath":{"path":"","propertyPath":"/SHIP_POINT","modelName":"NewYardModel"},"interaction":{"idSuffix":"inner"}},"clearTextFirst":true,"interactionType":"ENTER_TEXT"}]}
RESULT: {"script":"<script> [776 bytes]","args":[{"enterText":"1710","selector":{"controlType":"sap.m.Input","viewName":"etm.portal.ui.manageyards.view.New","viewId":"application-manageyards-display-component---NewYard","bindingPath":{"path":"","propertyPath":"/SHIP_POINT","modelName":"NewYardModel"},"interaction":{"idSuffix":"inner"}},"clearTextFirst":true,"interactionType":"ENTER_TEXT"}]}
COMMAND: POST /session/77504fd77c071b9b72819f2d6312026a/execute/async - {"script":"<script> [1562 bytes]","args":[{"selector":{"controlType":"sap.m.Input","viewName":"etm.portal.ui.manageyards.view.New","viewId":"application-manageyards-display-component---NewYard","bindingPath":{"path":"","propertyPath":"/DELIVERY_TYPE","modelName":"NewYardModel"},"interaction":{"idSuffix":"inner"}},"wdio_ui5_key":"etmportal.ui.manageyards.view.Newsap.m.Input{\"path\":\"\",\"propertyPath\":\"/DELIVERY_TYPE\",\"modelName\":\"NewYardModel\"}"}]}
RESULT: {"script":"<script> [1562 bytes]","args":[{"selector":{"controlType":"sap.m.Input","viewName":"etm.portal.ui.manageyards.view.New","viewId":"application-manageyards-display-component---NewYard","bindingPath":{"path":"","propertyPath":"/DELIVERY_TYPE","modelName":"NewYardModel"},"interaction":{"idSuffix":"inner"}},"wdio_ui5_key":"etmportal.ui.manageyards.view.Newsap.m.Input{\"path\":\"\",\"propertyPath\":\"/DELIVERY_TYPE\",\"modelName\":\"NewYardModel\"}"}]}
RESULT: undefined
COMMAND: POST /session/77504fd77c071b9b72819f2d6312026a/execute/async - {"script":"<script> [776 bytes]","args":[{"enterText":"ZL01","selector":{"controlType":"sap.m.Input","viewName":"etm.portal.ui.manageyards.view.New","viewId":"application-manageyards-display-component---NewYard","bindingPath":{"path":"","propertyPath":"/DELIVERY_TYPE","modelName":"NewYardModel"},"interaction":{"idSuffix":"inner"}},"clearTextFirst":true,"interactionType":"ENTER_TEXT"}]}
RESULT: {"script":"<script> [776 bytes]","args":[{"enterText":"ZL01","selector":{"controlType":"sap.m.Input","viewName":"etm.portal.ui.manageyards.view.New","viewId":"application-manageyards-display-component---NewYard","bindingPath":{"path":"","propertyPath":"/DELIVERY_TYPE","modelName":"NewYardModel"},"interaction":{"idSuffix":"inner"}},"clearTextFirst":true,"interactionType":"ENTER_TEXT"}]}
COMMAND: POST /session/77504fd77c071b9b72819f2d6312026a/execute/async - {"script":"<script> [1562 bytes]","args":[{"selector":{"controlType":"sap.m.Input","viewName":"etm.portal.ui.manageyards.view.New","viewId":"application-manageyards-display-component---NewYard","bindingPath":{"path":"","propertyPath":"/AUART","modelName":"NewYardModel"},"interaction":{"idSuffix":"inner"}},"wdio_ui5_key":"etmportal.ui.manageyards.view.Newsap.m.Input{\"path\":\"\",\"propertyPath\":\"/AUART\",\"modelName\":\"NewYardModel\"}"}]}
RESULT: {"script":"<script> [1562 bytes]","args":[{"selector":{"controlType":"sap.m.Input","viewName":"etm.portal.ui.manageyards.view.New","viewId":"application-manageyards-display-component---NewYard","bindingPath":{"path":"","propertyPath":"/AUART","modelName":"NewYardModel"},"interaction":{"idSuffix":"inner"}},"wdio_ui5_key":"etmportal.ui.manageyards.view.Newsap.m.Input{\"path\":\"\",\"propertyPath\":\"/AUART\",\"modelName\":\"NewYardModel\"}"}]}
RESULT: undefined
COMMAND: POST /session/77504fd77c071b9b72819f2d6312026a/execute/async - {"script":"<script> [776 bytes]","args":[{"enterText":"TA","selector":{"controlType":"sap.m.Input","viewName":"etm.portal.ui.manageyards.view.New","viewId":"application-manageyards-display-component---NewYard","bindingPath":{"path":"","propertyPath":"/AUART","modelName":"NewYardModel"},"interaction":{"idSuffix":"inner"}},"clearTextFirst":true,"interactionType":"ENTER_TEXT"}]}
RESULT: {"script":"<script> [776 bytes]","args":[{"enterText":"TA","selector":{"controlType":"sap.m.Input","viewName":"etm.portal.ui.manageyards.view.New","viewId":"application-manageyards-display-component---NewYard","bindingPath":{"path":"","propertyPath":"/AUART","modelName":"NewYardModel"},"interaction":{"idSuffix":"inner"}},"clearTextFirst":true,"interactionType":"ENTER_TEXT"}]}
COMMAND: POST /session/77504fd77c071b9b72819f2d6312026a/element - {"using":"xpath","value":"//button[@data-kt=\"newYardSaveButton\"]"}
RESULT: {"using":"xpath","value":"//button[@data-kt=\"newYardSaveButton\"]"}
COMMAND: POST /session/77504fd77c071b9b72819f2d6312026a/element/f.1CA1BECA456A7E9CCD755CA14AB44D44.d.88D3F0168941F858177754B9F3436355.e.4044/click - {}
RESULT: {}
COMMAND: GET /session/77504fd77c071b9b72819f2d6312026a/screenshot - {}
RESULT: {}
COMMAND: POST /session/77504fd77c071b9b72819f2d6312026a/element - {"using":"xpath","value":"//header[contains(@id, 'ObjectPageLayout-headerTitle')]/div[1]/div[2]/div[1]/span[1]"}
RESULT: {"using":"xpath","value":"//header[contains(@id, 'ObjectPageLayout-headerTitle')]/div[1]/div[2]/div[1]/span[1]"}
COMMAND: POST /session/77504fd77c071b9b72819f2d6312026a/elements - {"using":"xpath","value":"//header[contains(@id, 'ObjectPageLayout-headerTitle')]/div[1]/div[2]/div[1]/span[1]"}
RESULT: {"using":"xpath","value":"//header[contains(@id, 'ObjectPageLayout-headerTitle')]/div[1]/div[2]/div[1]/span[1]"}
COMMAND: POST /session/77504fd77c071b9b72819f2d6312026a/execute/sync - {"script":"<script> [56 bytes]","args":[{"element-6066-11e4-a52e-4f735466cecf":"f.1CA1BECA456A7E9CCD755CA14AB44D44.d.88D3F0168941F858177754B9F3436355.e.4343","ELEMENT":"f.1CA1BECA456A7E9CCD755CA14AB44D44.d.88D3F0168941F858177754B9F3436355.e.4343"}]}
RESULT: {"script":"<script> [56 bytes]","args":[{"element-6066-11e4-a52e-4f735466cecf":"f.1CA1BECA456A7E9CCD755CA14AB44D44.d.88D3F0168941F858177754B9F3436355.e.4343","ELEMENT":"f.1CA1BECA456A7E9CCD755CA14AB44D44.d.88D3F0168941F858177754B9F3436355.e.4343"}]}
COMMAND: GET /session/77504fd77c071b9b72819f2d6312026a/screenshot - {}
RESULT: {}
COMMAND: POST /session/77504fd77c071b9b72819f2d6312026a/element - {"using":"css selector","value":"#shell-header-logo"}
RESULT: {"using":"css selector","value":"#shell-header-logo"}
COMMAND: POST /session/77504fd77c071b9b72819f2d6312026a/element/f.1CA1BECA456A7E9CCD755CA14AB44D44.d.88D3F0168941F858177754B9F3436355.e.3604/click - {}
RESULT: {}
COMMAND: GET /session/77504fd77c071b9b72819f2d6312026a/screenshot - {}
RESULT: {}
COMMAND: POST /session/77504fd77c071b9b72819f2d6312026a/execute/sync - {"script":"<script> [299 bytes]","args":[["getModel","getResource"]]}
RESULT: {"script":"<script> [299 bytes]","args":[["getModel","getResource"]]}
COMMAND: GET /session/77504fd77c071b9b72819f2d6312026a/screenshot - {}
]]></system-out>
    </testcase>
    <testcase classname="chrome.135_0_7049_96.windows.Create_master_data_for_mixed_billing_&amp;_do_billing_calculation_US151661" name="Should create a new partner" time="122.544">
      <system-out><![CDATA[
COMMAND: POST /session/77504fd77c071b9b72819f2d6312026a/window/fullscreen - {}
RESULT: {}
RESULT: {}
COMMAND: POST /session/77504fd77c071b9b72819f2d6312026a/execute/async - {"script":"<script> [1562 bytes]","args":[{"selector":{"controlType":"sap.m.GenericTile","properties":{"header":"Manage Partners"}},"wdio_ui5_key":"sapm.GenericTile{\"header\":\"Manage Partners\"}"}]}
RESULT: {"script":"<script> [1562 bytes]","args":[{"selector":{"controlType":"sap.m.GenericTile","properties":{"header":"Manage Partners"}},"wdio_ui5_key":"sapm.GenericTile{\"header\":\"Manage Partners\"}"}]}
RESULT: undefined
COMMAND: POST /session/77504fd77c071b9b72819f2d6312026a/element - {"using":"xpath","value":"//*[@id=\"__tile38\"]"}
RESULT: {"using":"xpath","value":"//*[@id=\"__tile38\"]"}
COMMAND: POST /session/77504fd77c071b9b72819f2d6312026a/element/f.1CA1BECA456A7E9CCD755CA14AB44D44.d.88D3F0168941F858177754B9F3436355.e.3502/click - {}
RESULT: {}
COMMAND: POST /session/77504fd77c071b9b72819f2d6312026a/element - {"using":"xpath","value":"//button[@data-kt=\"addButton\"]"}
COMMAND: GET /session/77504fd77c071b9b72819f2d6312026a/screenshot - {}
RESULT: {"using":"xpath","value":"//button[@data-kt=\"addButton\"]"}
COMMAND: POST /session/77504fd77c071b9b72819f2d6312026a/elements - {"using":"xpath","value":"//button[@data-kt=\"addButton\"]"}
RESULT: {}
RESULT: {"using":"xpath","value":"//button[@data-kt=\"addButton\"]"}
COMMAND: POST /session/77504fd77c071b9b72819f2d6312026a/elements - {"using":"xpath","value":"//button[@data-kt=\"addButton\"]"}
RESULT: {"using":"xpath","value":"//button[@data-kt=\"addButton\"]"}
COMMAND: POST /session/77504fd77c071b9b72819f2d6312026a/elements - {"using":"xpath","value":"//button[@data-kt=\"addButton\"]"}
RESULT: {"using":"xpath","value":"//button[@data-kt=\"addButton\"]"}
COMMAND: POST /session/77504fd77c071b9b72819f2d6312026a/elements - {"using":"xpath","value":"//button[@data-kt=\"addButton\"]"}
RESULT: {"using":"xpath","value":"//button[@data-kt=\"addButton\"]"}
COMMAND: POST /session/77504fd77c071b9b72819f2d6312026a/elements - {"using":"xpath","value":"//button[@data-kt=\"addButton\"]"}
RESULT: {"using":"xpath","value":"//button[@data-kt=\"addButton\"]"}
COMMAND: POST /session/77504fd77c071b9b72819f2d6312026a/elements - {"using":"xpath","value":"//button[@data-kt=\"addButton\"]"}
RESULT: {"using":"xpath","value":"//button[@data-kt=\"addButton\"]"}
COMMAND: POST /session/77504fd77c071b9b72819f2d6312026a/elements - {"using":"xpath","value":"//button[@data-kt=\"addButton\"]"}
RESULT: {"using":"xpath","value":"//button[@data-kt=\"addButton\"]"}
COMMAND: POST /session/77504fd77c071b9b72819f2d6312026a/elements - {"using":"xpath","value":"//button[@data-kt=\"addButton\"]"}
RESULT: {"using":"xpath","value":"//button[@data-kt=\"addButton\"]"}
COMMAND: POST /session/77504fd77c071b9b72819f2d6312026a/elements - {"using":"xpath","value":"//button[@data-kt=\"addButton\"]"}
RESULT: {"using":"xpath","value":"//button[@data-kt=\"addButton\"]"}
COMMAND: POST /session/77504fd77c071b9b72819f2d6312026a/elements - {"using":"xpath","value":"//button[@data-kt=\"addButton\"]"}
RESULT: {"using":"xpath","value":"//button[@data-kt=\"addButton\"]"}
COMMAND: POST /session/77504fd77c071b9b72819f2d6312026a/elements - {"using":"xpath","value":"//button[@data-kt=\"addButton\"]"}
RESULT: {"using":"xpath","value":"//button[@data-kt=\"addButton\"]"}
COMMAND: POST /session/77504fd77c071b9b72819f2d6312026a/element - {"using":"xpath","value":"//button[@data-kt=\"addButton\"]"}
RESULT: {"using":"xpath","value":"//button[@data-kt=\"addButton\"]"}
COMMAND: POST /session/77504fd77c071b9b72819f2d6312026a/execute/sync - {"script":"<script> [8489 bytes]","args":[{"element-6066-11e4-a52e-4f735466cecf":"f.1CA1BECA456A7E9CCD755CA14AB44D44.d.88D3F0168941F858177754B9F3436355.e.4394","ELEMENT":"f.1CA1BECA456A7E9CCD755CA14AB44D44.d.88D3F0168941F858177754B9F3436355.e.4394"}]}
RESULT: {"script":"<script> [8489 bytes]","args":[{"element-6066-11e4-a52e-4f735466cecf":"f.1CA1BECA456A7E9CCD755CA14AB44D44.d.88D3F0168941F858177754B9F3436355.e.4394","ELEMENT":"f.1CA1BECA456A7E9CCD755CA14AB44D44.d.88D3F0168941F858177754B9F3436355.e.4394"}]}
COMMAND: GET /session/77504fd77c071b9b72819f2d6312026a/element/f.1CA1BECA456A7E9CCD755CA14AB44D44.d.88D3F0168941F858177754B9F3436355.e.4394/enabled - {}
COMMAND: GET /session/77504fd77c071b9b72819f2d6312026a/screenshot - {}
RESULT: {}
COMMAND: POST /session/77504fd77c071b9b72819f2d6312026a/execute/sync - {"script":"<script> [8489 bytes]","args":[{"element-6066-11e4-a52e-4f735466cecf":"f.1CA1BECA456A7E9CCD755CA14AB44D44.d.88D3F0168941F858177754B9F3436355.e.4394","ELEMENT":"f.1CA1BECA456A7E9CCD755CA14AB44D44.d.88D3F0168941F858177754B9F3436355.e.4394"}]}
COMMAND: GET /session/77504fd77c071b9b72819f2d6312026a/screenshot - {}
RESULT: {}
RESULT: {"script":"<script> [8489 bytes]","args":[{"element-6066-11e4-a52e-4f735466cecf":"f.1CA1BECA456A7E9CCD755CA14AB44D44.d.88D3F0168941F858177754B9F3436355.e.4394","ELEMENT":"f.1CA1BECA456A7E9CCD755CA14AB44D44.d.88D3F0168941F858177754B9F3436355.e.4394"}]}
COMMAND: POST /session/77504fd77c071b9b72819f2d6312026a/execute/sync - {"script":"<script> [5351 bytes]","args":[{"element-6066-11e4-a52e-4f735466cecf":"f.1CA1BECA456A7E9CCD755CA14AB44D44.d.88D3F0168941F858177754B9F3436355.e.4394","ELEMENT":"f.1CA1BECA456A7E9CCD755CA14AB44D44.d.88D3F0168941F858177754B9F3436355.e.4394"}]}
COMMAND: GET /session/77504fd77c071b9b72819f2d6312026a/screenshot - {}
RESULT: {}
RESULT: {"script":"<script> [5351 bytes]","args":[{"element-6066-11e4-a52e-4f735466cecf":"f.1CA1BECA456A7E9CCD755CA14AB44D44.d.88D3F0168941F858177754B9F3436355.e.4394","ELEMENT":"f.1CA1BECA456A7E9CCD755CA14AB44D44.d.88D3F0168941F858177754B9F3436355.e.4394"}]}
COMMAND: POST /session/77504fd77c071b9b72819f2d6312026a/element/f.1CA1BECA456A7E9CCD755CA14AB44D44.d.88D3F0168941F858177754B9F3436355.e.4394/click - {}
COMMAND: GET /session/77504fd77c071b9b72819f2d6312026a/screenshot - {}
RESULT: {}
RESULT: {}
COMMAND: GET /session/77504fd77c071b9b72819f2d6312026a/screenshot - {}
COMMAND: POST /session/77504fd77c071b9b72819f2d6312026a/execute/async - {"script":"<script> [1562 bytes]","args":[{"selector":{"id":"application-managepartners-display-component---NewPartner--addressDetailDetailsName1","interaction":{"idSuffix":"inner"}},"wdio_ui5_key":"applicationmanagepartners-display-component---NewPartner--addressDetailDetailsName1"}]}
RESULT: {}
RESULT: {}
RESULT: {"script":"<script> [1562 bytes]","args":[{"selector":{"id":"application-managepartners-display-component---NewPartner--addressDetailDetailsName1","interaction":{"idSuffix":"inner"}},"wdio_ui5_key":"applicationmanagepartners-display-component---NewPartner--addressDetailDetailsName1"}]}
RESULT: undefined
COMMAND: POST /session/77504fd77c071b9b72819f2d6312026a/execute/async - {"script":"<script> [776 bytes]","args":[{"enterText":"Intercompany Partner WDIO","selector":{"id":"application-managepartners-display-component---NewPartner--addressDetailDetailsName1","interaction":{"idSuffix":"inner"}},"clearTextFirst":true,"interactionType":"ENTER_TEXT"}]}
RESULT: {"script":"<script> [776 bytes]","args":[{"enterText":"Intercompany Partner WDIO","selector":{"id":"application-managepartners-display-component---NewPartner--addressDetailDetailsName1","interaction":{"idSuffix":"inner"}},"clearTextFirst":true,"interactionType":"ENTER_TEXT"}]}
COMMAND: POST /session/77504fd77c071b9b72819f2d6312026a/execute/async - {"script":"<script> [1562 bytes]","args":[{"selector":{"id":"application-managepartners-display-component---NewPartner--addressDetailDetailsLanguage-arrow"},"wdio_ui5_key":"applicationmanagepartners-display-component---NewPartner--addressDetailDetailsLanguage-arrow"}]}
RESULT: {"script":"<script> [1562 bytes]","args":[{"selector":{"id":"application-managepartners-display-component---NewPartner--addressDetailDetailsLanguage-arrow"},"wdio_ui5_key":"applicationmanagepartners-display-component---NewPartner--addressDetailDetailsLanguage-arrow"}]}
RESULT: undefined
COMMAND: POST /session/77504fd77c071b9b72819f2d6312026a/element - {"using":"xpath","value":"//*[@id=\"application-managepartners-display-component---NewPartner--addressDetailDetailsLanguage-arrow\"]"}
RESULT: {"using":"xpath","value":"//*[@id=\"application-managepartners-display-component---NewPartner--addressDetailDetailsLanguage-arrow\"]"}
COMMAND: POST /session/77504fd77c071b9b72819f2d6312026a/element/f.1CA1BECA456A7E9CCD755CA14AB44D44.d.88D3F0168941F858177754B9F3436355.e.4822/click - {}
RESULT: {}
COMMAND: POST /session/77504fd77c071b9b72819f2d6312026a/element - {"using":"xpath","value":"//span[contains(text(), \"English\")]"}
COMMAND: GET /session/77504fd77c071b9b72819f2d6312026a/screenshot - {}
RESULT: {"using":"xpath","value":"//span[contains(text(), \"English\")]"}
COMMAND: POST /session/77504fd77c071b9b72819f2d6312026a/element/f.1CA1BECA456A7E9CCD755CA14AB44D44.d.88D3F0168941F858177754B9F3436355.e.4823/click - {}
RESULT: {}
RESULT: {}
COMMAND: GET /session/77504fd77c071b9b72819f2d6312026a/screenshot - {}
RESULT: {}
COMMAND: POST /session/77504fd77c071b9b72819f2d6312026a/execute/async - {"script":"<script> [1562 bytes]","args":[{"selector":{"id":"application-managepartners-display-component---NewPartner--addressDetailDetailsCity1","interaction":{"idSuffix":"inner"}},"wdio_ui5_key":"applicationmanagepartners-display-component---NewPartner--addressDetailDetailsCity1"}]}
RESULT: {"script":"<script> [1562 bytes]","args":[{"selector":{"id":"application-managepartners-display-component---NewPartner--addressDetailDetailsCity1","interaction":{"idSuffix":"inner"}},"wdio_ui5_key":"applicationmanagepartners-display-component---NewPartner--addressDetailDetailsCity1"}]}
RESULT: undefined
COMMAND: POST /session/77504fd77c071b9b72819f2d6312026a/execute/async - {"script":"<script> [776 bytes]","args":[{"enterText":"Rosario","selector":{"id":"application-managepartners-display-component---NewPartner--addressDetailDetailsCity1","interaction":{"idSuffix":"inner"}},"clearTextFirst":true,"interactionType":"ENTER_TEXT"}]}
RESULT: {"script":"<script> [776 bytes]","args":[{"enterText":"Rosario","selector":{"id":"application-managepartners-display-component---NewPartner--addressDetailDetailsCity1","interaction":{"idSuffix":"inner"}},"clearTextFirst":true,"interactionType":"ENTER_TEXT"}]}
COMMAND: POST /session/77504fd77c071b9b72819f2d6312026a/execute/async - {"script":"<script> [1562 bytes]","args":[{"selector":{"id":"application-managepartners-display-component---NewPartner--addressDetailDetailsCountry-arrow"},"wdio_ui5_key":"applicationmanagepartners-display-component---NewPartner--addressDetailDetailsCountry-arrow"}]}
RESULT: {"script":"<script> [1562 bytes]","args":[{"selector":{"id":"application-managepartners-display-component---NewPartner--addressDetailDetailsCountry-arrow"},"wdio_ui5_key":"applicationmanagepartners-display-component---NewPartner--addressDetailDetailsCountry-arrow"}]}
RESULT: undefined
COMMAND: POST /session/77504fd77c071b9b72819f2d6312026a/element - {"using":"xpath","value":"//*[@id=\"application-managepartners-display-component---NewPartner--addressDetailDetailsCountry-arrow\"]"}
RESULT: {"using":"xpath","value":"//*[@id=\"application-managepartners-display-component---NewPartner--addressDetailDetailsCountry-arrow\"]"}
COMMAND: POST /session/77504fd77c071b9b72819f2d6312026a/element/f.1CA1BECA456A7E9CCD755CA14AB44D44.d.88D3F0168941F858177754B9F3436355.e.4801/click - {}
RESULT: {}
COMMAND: POST /session/77504fd77c071b9b72819f2d6312026a/element - {"using":"xpath","value":"//span[contains(text(), \"Argentina\")]"}
COMMAND: GET /session/77504fd77c071b9b72819f2d6312026a/screenshot - {}
RESULT: {"using":"xpath","value":"//span[contains(text(), \"Argentina\")]"}
COMMAND: POST /session/77504fd77c071b9b72819f2d6312026a/element/f.1CA1BECA456A7E9CCD755CA14AB44D44.d.88D3F0168941F858177754B9F3436355.e.4825/click - {}
RESULT: {}
RESULT: {}
COMMAND: GET /session/77504fd77c071b9b72819f2d6312026a/screenshot - {}
RESULT: {}
COMMAND: POST /session/77504fd77c071b9b72819f2d6312026a/element - {"using":"xpath","value":"//bdi[contains(text(), \"Commercial\")]"}
RESULT: {"using":"xpath","value":"//bdi[contains(text(), \"Commercial\")]"}
COMMAND: POST /session/77504fd77c071b9b72819f2d6312026a/element/f.1CA1BECA456A7E9CCD755CA14AB44D44.d.88D3F0168941F858177754B9F3436355.e.4826/click - {}
RESULT: {}
COMMAND: GET /session/77504fd77c071b9b72819f2d6312026a/screenshot - {}
RESULT: {}
COMMAND: POST /session/77504fd77c071b9b72819f2d6312026a/execute/async - {"script":"<script> [1562 bytes]","args":[{"selector":{"id":"application-managepartners-display-component---NewPartner--partnerDetailInternal-arrow"},"wdio_ui5_key":"applicationmanagepartners-display-component---NewPartner--partnerDetailInternal-arrow"}]}
RESULT: {"script":"<script> [1562 bytes]","args":[{"selector":{"id":"application-managepartners-display-component---NewPartner--partnerDetailInternal-arrow"},"wdio_ui5_key":"applicationmanagepartners-display-component---NewPartner--partnerDetailInternal-arrow"}]}
RESULT: undefined
COMMAND: POST /session/77504fd77c071b9b72819f2d6312026a/element - {"using":"xpath","value":"//*[@id=\"application-managepartners-display-component---NewPartner--partnerDetailInternal-arrow\"]"}
RESULT: {"using":"xpath","value":"//*[@id=\"application-managepartners-display-component---NewPartner--partnerDetailInternal-arrow\"]"}
COMMAND: POST /session/77504fd77c071b9b72819f2d6312026a/element/f.1CA1BECA456A7E9CCD755CA14AB44D44.d.88D3F0168941F858177754B9F3436355.e.4834/click - {}
RESULT: {}
COMMAND: POST /session/77504fd77c071b9b72819f2d6312026a/element - {"using":"xpath","value":"//span[contains(text(), \"Affiliated company\")]"}
COMMAND: GET /session/77504fd77c071b9b72819f2d6312026a/screenshot - {}
RESULT: {"using":"xpath","value":"//span[contains(text(), \"Affiliated company\")]"}
COMMAND: POST /session/77504fd77c071b9b72819f2d6312026a/element/f.1CA1BECA456A7E9CCD755CA14AB44D44.d.88D3F0168941F858177754B9F3436355.e.4835/click - {}
RESULT: {}
RESULT: {}
COMMAND: POST /session/77504fd77c071b9b72819f2d6312026a/execute/async - {"script":"<script> [1562 bytes]","args":[{"selector":{"id":"application-managepartners-display-component---NewPartner--partnerDetailsCurrency-arrow"},"wdio_ui5_key":"applicationmanagepartners-display-component---NewPartner--partnerDetailsCurrency-arrow"}]}
COMMAND: GET /session/77504fd77c071b9b72819f2d6312026a/screenshot - {}
RESULT: {"script":"<script> [1562 bytes]","args":[{"selector":{"id":"application-managepartners-display-component---NewPartner--partnerDetailsCurrency-arrow"},"wdio_ui5_key":"applicationmanagepartners-display-component---NewPartner--partnerDetailsCurrency-arrow"}]}
RESULT: undefined
COMMAND: POST /session/77504fd77c071b9b72819f2d6312026a/element - {"using":"xpath","value":"//*[@id=\"application-managepartners-display-component---NewPartner--partnerDetailsCurrency-arrow\"]"}
RESULT: {}
RESULT: {"using":"xpath","value":"//*[@id=\"application-managepartners-display-component---NewPartner--partnerDetailsCurrency-arrow\"]"}
COMMAND: POST /session/77504fd77c071b9b72819f2d6312026a/element/f.1CA1BECA456A7E9CCD755CA14AB44D44.d.88D3F0168941F858177754B9F3436355.e.4842/click - {}
RESULT: {}
COMMAND: POST /session/77504fd77c071b9b72819f2d6312026a/element - {"using":"xpath","value":"//span[contains(text(), \"Euro\")]"}
COMMAND: GET /session/77504fd77c071b9b72819f2d6312026a/screenshot - {}
RESULT: {"using":"xpath","value":"//span[contains(text(), \"Euro\")]"}
COMMAND: POST /session/77504fd77c071b9b72819f2d6312026a/element/f.1CA1BECA456A7E9CCD755CA14AB44D44.d.88D3F0168941F858177754B9F3436355.e.4843/click - {}
RESULT: {}
RESULT: {}
COMMAND: POST /session/77504fd77c071b9b72819f2d6312026a/execute/async - {"script":"<script> [1562 bytes]","args":[{"selector":{"id":"application-managepartners-display-component---NewPartner--addressEditDetailsCostObjectCstType-arrow"},"wdio_ui5_key":"applicationmanagepartners-display-component---NewPartner--addressEditDetailsCostObjectCstType-arrow"}]}
COMMAND: GET /session/77504fd77c071b9b72819f2d6312026a/screenshot - {}
RESULT: {"script":"<script> [1562 bytes]","args":[{"selector":{"id":"application-managepartners-display-component---NewPartner--addressEditDetailsCostObjectCstType-arrow"},"wdio_ui5_key":"applicationmanagepartners-display-component---NewPartner--addressEditDetailsCostObjectCstType-arrow"}]}
RESULT: undefined
COMMAND: POST /session/77504fd77c071b9b72819f2d6312026a/element - {"using":"xpath","value":"//*[@id=\"application-managepartners-display-component---NewPartner--addressEditDetailsCostObjectCstType-arrow\"]"}
RESULT: {}
RESULT: {"using":"xpath","value":"//*[@id=\"application-managepartners-display-component---NewPartner--addressEditDetailsCostObjectCstType-arrow\"]"}
COMMAND: POST /session/77504fd77c071b9b72819f2d6312026a/element/f.1CA1BECA456A7E9CCD755CA14AB44D44.d.88D3F0168941F858177754B9F3436355.e.4844/click - {}
RESULT: {}
COMMAND: POST /session/77504fd77c071b9b72819f2d6312026a/element - {"using":"xpath","value":"//span[contains(text(), \"Cost Center\")]"}
COMMAND: GET /session/77504fd77c071b9b72819f2d6312026a/screenshot - {}
RESULT: {"using":"xpath","value":"//span[contains(text(), \"Cost Center\")]"}
COMMAND: POST /session/77504fd77c071b9b72819f2d6312026a/element/f.1CA1BECA456A7E9CCD755CA14AB44D44.d.88D3F0168941F858177754B9F3436355.e.4845/click - {}
RESULT: {}
RESULT: {}
COMMAND: GET /session/77504fd77c071b9b72819f2d6312026a/screenshot - {}
RESULT: {}
COMMAND: POST /session/77504fd77c071b9b72819f2d6312026a/element - {"using":"xpath","value":"//span[@id=\"application-managepartners-display-component---NewPartner--addressNewCostObjectCstID-vhi\"]"}
RESULT: {"using":"xpath","value":"//span[@id=\"application-managepartners-display-component---NewPartner--addressNewCostObjectCstID-vhi\"]"}
COMMAND: POST /session/77504fd77c071b9b72819f2d6312026a/execute/sync - {"script":"<script> [8489 bytes]","args":[{"element-6066-11e4-a52e-4f735466cecf":"f.1CA1BECA456A7E9CCD755CA14AB44D44.d.88D3F0168941F858177754B9F3436355.e.4849","ELEMENT":"f.1CA1BECA456A7E9CCD755CA14AB44D44.d.88D3F0168941F858177754B9F3436355.e.4849"}]}
RESULT: {"script":"<script> [8489 bytes]","args":[{"element-6066-11e4-a52e-4f735466cecf":"f.1CA1BECA456A7E9CCD755CA14AB44D44.d.88D3F0168941F858177754B9F3436355.e.4849","ELEMENT":"f.1CA1BECA456A7E9CCD755CA14AB44D44.d.88D3F0168941F858177754B9F3436355.e.4849"}]}
COMMAND: POST /session/77504fd77c071b9b72819f2d6312026a/execute/async - {"script":"<script> [1562 bytes]","args":[{"selector":{"id":"application-managepartners-display-component---NewPartner--addressNewCostObjectCstID-vhi"},"wdio_ui5_key":"applicationmanagepartners-display-component---NewPartner--addressNewCostObjectCstID-vhi"}]}
COMMAND: GET /session/77504fd77c071b9b72819f2d6312026a/screenshot - {}
RESULT: {"script":"<script> [1562 bytes]","args":[{"selector":{"id":"application-managepartners-display-component---NewPartner--addressNewCostObjectCstID-vhi"},"wdio_ui5_key":"applicationmanagepartners-display-component---NewPartner--addressNewCostObjectCstID-vhi"}]}
RESULT: undefined
COMMAND: POST /session/77504fd77c071b9b72819f2d6312026a/element - {"using":"xpath","value":"//*[@id=\"application-managepartners-display-component---NewPartner--addressNewCostObjectCstID-vhi\"]"}
RESULT: {}
RESULT: {"using":"xpath","value":"//*[@id=\"application-managepartners-display-component---NewPartner--addressNewCostObjectCstID-vhi\"]"}
COMMAND: POST /session/77504fd77c071b9b72819f2d6312026a/element/f.1CA1BECA456A7E9CCD755CA14AB44D44.d.88D3F0168941F858177754B9F3436355.e.4849/click - {}
RESULT: {}
COMMAND: GET /session/77504fd77c071b9b72819f2d6312026a/screenshot - {}
RESULT: {}
RESULT: undefined
COMMAND: POST /session/77504fd77c071b9b72819f2d6312026a/execute/async - {"script":"<script> [776 bytes]","args":[{"enterText":"10001013","selector":{"controlType":"sap.m.SearchField","properties":{"placeholder":"Search"},"searchOpenDialogs":true,"interaction":{"idSuffix":"I"}},"clearTextFirst":true,"interactionType":"ENTER_TEXT"}]}
RESULT: {"script":"<script> [776 bytes]","args":[{"enterText":"10001013","selector":{"controlType":"sap.m.SearchField","properties":{"placeholder":"Search"},"searchOpenDialogs":true,"interaction":{"idSuffix":"I"}},"clearTextFirst":true,"interactionType":"ENTER_TEXT"}]}
COMMAND: POST /session/77504fd77c071b9b72819f2d6312026a/actions - {"actions":[{"id":"action12","type":"key","parameters":{},"actions":[{"type":"keyDown","value":"î€‡"},{"type":"pause","duration":10},{"type":"keyUp","value":"î€‡"}]}]}
RESULT: {"actions":[{"id":"action12","type":"key","parameters":{},"actions":[{"type":"keyDown","value":"î€‡"},{"type":"pause","duration":10},{"type":"keyUp","value":"î€‡"}]}]}
COMMAND: GET /session/77504fd77c071b9b72819f2d6312026a/screenshot - {}
RESULT: {}
COMMAND: POST /session/77504fd77c071b9b72819f2d6312026a/element - {"using":"xpath","value":"//span[contains(text(), \"General Management\")]"}
RESULT: {"using":"xpath","value":"//span[contains(text(), \"General Management\")]"}
COMMAND: POST /session/77504fd77c071b9b72819f2d6312026a/element/f.1CA1BECA456A7E9CCD755CA14AB44D44.d.88D3F0168941F858177754B9F3436355.e.4888/click - {}
RESULT: {}
COMMAND: GET /session/77504fd77c071b9b72819f2d6312026a/screenshot - {}
RESULT: {}
COMMAND: POST /session/77504fd77c071b9b72819f2d6312026a/element - {"using":"xpath","value":"//bdi[contains(text(), \"OK\")]"}
RESULT: {"using":"xpath","value":"//bdi[contains(text(), \"OK\")]"}
COMMAND: POST /session/77504fd77c071b9b72819f2d6312026a/element/f.1CA1BECA456A7E9CCD755CA14AB44D44.d.88D3F0168941F858177754B9F3436355.e.4889/click - {}
RESULT: {}
COMMAND: GET /session/77504fd77c071b9b72819f2d6312026a/screenshot - {}
RESULT: {}
COMMAND: POST /session/77504fd77c071b9b72819f2d6312026a/element - {"using":"xpath","value":"//input[@id=\"application-managepartners-display-component---NewPartner--companyCodeComboBox-inner\"]"}
RESULT: {"using":"xpath","value":"//input[@id=\"application-managepartners-display-component---NewPartner--companyCodeComboBox-inner\"]"}
COMMAND: POST /session/77504fd77c071b9b72819f2d6312026a/element/f.1CA1BECA456A7E9CCD755CA14AB44D44.d.88D3F0168941F858177754B9F3436355.e.4696/clear - {}
RESULT: {}
COMMAND: POST /session/77504fd77c071b9b72819f2d6312026a/element/f.1CA1BECA456A7E9CCD755CA14AB44D44.d.88D3F0168941F858177754B9F3436355.e.4696/value - {"text":"C002"}
COMMAND: GET /session/77504fd77c071b9b72819f2d6312026a/screenshot - {}
RESULT: {"text":"C002"}
COMMAND: GET /session/77504fd77c071b9b72819f2d6312026a/screenshot - {}
RESULT: {}
RESULT: {}
COMMAND: POST /session/77504fd77c071b9b72819f2d6312026a/element - {"using":"xpath","value":"//span[contains(text(), \"C002\")]"}
RESULT: {"using":"xpath","value":"//span[contains(text(), \"C002\")]"}
COMMAND: POST /session/77504fd77c071b9b72819f2d6312026a/element/f.1CA1BECA456A7E9CCD755CA14AB44D44.d.88D3F0168941F858177754B9F3436355.e.4895/click - {}
RESULT: {}
COMMAND: GET /session/77504fd77c071b9b72819f2d6312026a/screenshot - {}
RESULT: {}
COMMAND: POST /session/77504fd77c071b9b72819f2d6312026a/execute/async - {"script":"<script> [1562 bytes]","args":[{"selector":{"id":"application-managepartners-display-component---NewPartner--btnAddTableRow-img"},"wdio_ui5_key":"applicationmanagepartners-display-component---NewPartner--btnAddTableRow-img"}]}
RESULT: {"script":"<script> [1562 bytes]","args":[{"selector":{"id":"application-managepartners-display-component---NewPartner--btnAddTableRow-img"},"wdio_ui5_key":"applicationmanagepartners-display-component---NewPartner--btnAddTableRow-img"}]}
RESULT: undefined
COMMAND: POST /session/77504fd77c071b9b72819f2d6312026a/element - {"using":"xpath","value":"//*[@id=\"application-managepartners-display-component---NewPartner--btnAddTableRow-img\"]"}
RESULT: {"using":"xpath","value":"//*[@id=\"application-managepartners-display-component---NewPartner--btnAddTableRow-img\"]"}
COMMAND: POST /session/77504fd77c071b9b72819f2d6312026a/element/f.1CA1BECA456A7E9CCD755CA14AB44D44.d.88D3F0168941F858177754B9F3436355.e.4896/click - {}
RESULT: {}
COMMAND: GET /session/77504fd77c071b9b72819f2d6312026a/screenshot - {}
RESULT: {}
COMMAND: POST /session/77504fd77c071b9b72819f2d6312026a/element - {"using":"xpath","value":"//input[@id=\"application-managepartners-display-component---NewPartner--assignmentYard-application-managepartners-display-component---NewPartner--assignmentsTable-0-inner\"]"}
RESULT: {"using":"xpath","value":"//input[@id=\"application-managepartners-display-component---NewPartner--assignmentYard-application-managepartners-display-component---NewPartner--assignmentsTable-0-inner\"]"}
COMMAND: POST /session/77504fd77c071b9b72819f2d6312026a/element/f.1CA1BECA456A7E9CCD755CA14AB44D44.d.88D3F0168941F858177754B9F3436355.e.4899/clear - {}
RESULT: {}
COMMAND: POST /session/77504fd77c071b9b72819f2d6312026a/element/f.1CA1BECA456A7E9CCD755CA14AB44D44.d.88D3F0168941F858177754B9F3436355.e.4899/value - {"text":"265"}
COMMAND: GET /session/77504fd77c071b9b72819f2d6312026a/screenshot - {}
RESULT: {"text":"265"}
COMMAND: GET /session/77504fd77c071b9b72819f2d6312026a/screenshot - {}
RESULT: {}
RESULT: {}
COMMAND: POST /session/77504fd77c071b9b72819f2d6312026a/element - {"using":"xpath","value":"//li[.//span[text()='265']]"}
RESULT: {"using":"xpath","value":"//li[.//span[text()='265']]"}
COMMAND: POST /session/77504fd77c071b9b72819f2d6312026a/element/f.1CA1BECA456A7E9CCD755CA14AB44D44.d.88D3F0168941F858177754B9F3436355.e.4908/click - {}
RESULT: {}
COMMAND: GET /session/77504fd77c071b9b72819f2d6312026a/screenshot - {}
RESULT: {}
COMMAND: POST /session/77504fd77c071b9b72819f2d6312026a/actions - {"actions":[{"id":"action13","type":"key","parameters":{},"actions":[{"type":"keyDown","value":"î€‡"},{"type":"pause","duration":10},{"type":"keyUp","value":"î€‡"}]}]}
RESULT: {"actions":[{"id":"action13","type":"key","parameters":{},"actions":[{"type":"keyDown","value":"î€‡"},{"type":"pause","duration":10},{"type":"keyUp","value":"î€‡"}]}]}
COMMAND: POST /session/77504fd77c071b9b72819f2d6312026a/execute/async - {"script":"<script> [1562 bytes]","args":[{"selector":{"id":"application-managepartners-display-component---NewPartner--externalCustomerComboBox-application-managepartners-display-component---NewPartner--assignmentsTable-0-vhi"},"wdio_ui5_key":"applicationmanagepartners-display-component---NewPartner--externalCustomerComboBox-application-managepartners-display-component---NewPartner--assignmentsTable-0-vhi"}]}
COMMAND: GET /session/77504fd77c071b9b72819f2d6312026a/screenshot - {}
RESULT: {"script":"<script> [1562 bytes]","args":[{"selector":{"id":"application-managepartners-display-component---NewPartner--externalCustomerComboBox-application-managepartners-display-component---NewPartner--assignmentsTable-0-vhi"},"wdio_ui5_key":"applicationmanagepartners-display-component---NewPartner--externalCustomerComboBox-application-managepartners-display-component---NewPartner--assignmentsTable-0-vhi"}]}
RESULT: undefined
COMMAND: POST /session/77504fd77c071b9b72819f2d6312026a/element - {"using":"xpath","value":"//*[@id=\"application-managepartners-display-component---NewPartner--externalCustomerComboBox-application-managepartners-display-component---NewPartner--assignmentsTable-0-vhi\"]"}
RESULT: {}
RESULT: {"using":"xpath","value":"//*[@id=\"application-managepartners-display-component---NewPartner--externalCustomerComboBox-application-managepartners-display-component---NewPartner--assignmentsTable-0-vhi\"]"}
COMMAND: POST /session/77504fd77c071b9b72819f2d6312026a/element/f.1CA1BECA456A7E9CCD755CA14AB44D44.d.88D3F0168941F858177754B9F3436355.e.4912/click - {}
RESULT: {}
RESULT: undefined
COMMAND: POST /session/77504fd77c071b9b72819f2d6312026a/execute/async - {"script":"<script> [776 bytes]","args":[{"enterText":"300003","selector":{"controlType":"sap.m.SearchField","properties":{"placeholder":"Search"},"searchOpenDialogs":true,"interaction":{"idSuffix":"I"}},"clearTextFirst":true,"interactionType":"ENTER_TEXT"}]}
COMMAND: GET /session/77504fd77c071b9b72819f2d6312026a/screenshot - {}
RESULT: {"script":"<script> [776 bytes]","args":[{"enterText":"300003","selector":{"controlType":"sap.m.SearchField","properties":{"placeholder":"Search"},"searchOpenDialogs":true,"interaction":{"idSuffix":"I"}},"clearTextFirst":true,"interactionType":"ENTER_TEXT"}]}
COMMAND: POST /session/77504fd77c071b9b72819f2d6312026a/actions - {"actions":[{"id":"action14","type":"key","parameters":{},"actions":[{"type":"keyDown","value":"î€‡"},{"type":"pause","duration":10},{"type":"keyUp","value":"î€‡"}]}]}
RESULT: {}
RESULT: {"actions":[{"id":"action14","type":"key","parameters":{},"actions":[{"type":"keyDown","value":"î€‡"},{"type":"pause","duration":10},{"type":"keyUp","value":"î€‡"}]}]}
COMMAND: GET /session/77504fd77c071b9b72819f2d6312026a/screenshot - {}
RESULT: {}
COMMAND: POST /session/77504fd77c071b9b72819f2d6312026a/element - {"using":"xpath","value":"//span[contains(text(), \"300003\")]"}
RESULT: {"using":"xpath","value":"//span[contains(text(), \"300003\")]"}
COMMAND: POST /session/77504fd77c071b9b72819f2d6312026a/element/f.1CA1BECA456A7E9CCD755CA14AB44D44.d.88D3F0168941F858177754B9F3436355.e.4931/click - {}
RESULT: {}
COMMAND: GET /session/77504fd77c071b9b72819f2d6312026a/screenshot - {}
RESULT: {}
COMMAND: POST /session/77504fd77c071b9b72819f2d6312026a/element - {"using":"xpath","value":"//bdi[contains(text(), \"OK\")]"}
RESULT: {"using":"xpath","value":"//bdi[contains(text(), \"OK\")]"}
COMMAND: POST /session/77504fd77c071b9b72819f2d6312026a/element/f.1CA1BECA456A7E9CCD755CA14AB44D44.d.88D3F0168941F858177754B9F3436355.e.4933/click - {}
RESULT: {}
COMMAND: GET /session/77504fd77c071b9b72819f2d6312026a/screenshot - {}
RESULT: {}
COMMAND: POST /session/77504fd77c071b9b72819f2d6312026a/execute/async - {"script":"<script> [1562 bytes]","args":[{"selector":{"id":"application-managepartners-display-component---NewPartner--intercompVendorComboBox-application-managepartners-display-component---NewPartner--assignmentsTable-0-vhi"},"wdio_ui5_key":"applicationmanagepartners-display-component---NewPartner--intercompVendorComboBox-application-managepartners-display-component---NewPartner--assignmentsTable-0-vhi"}]}
RESULT: {"script":"<script> [1562 bytes]","args":[{"selector":{"id":"application-managepartners-display-component---NewPartner--intercompVendorComboBox-application-managepartners-display-component---NewPartner--assignmentsTable-0-vhi"},"wdio_ui5_key":"applicationmanagepartners-display-component---NewPartner--intercompVendorComboBox-application-managepartners-display-component---NewPartner--assignmentsTable-0-vhi"}]}
RESULT: undefined
COMMAND: POST /session/77504fd77c071b9b72819f2d6312026a/element - {"using":"xpath","value":"//*[@id=\"application-managepartners-display-component---NewPartner--intercompVendorComboBox-application-managepartners-display-component---NewPartner--assignmentsTable-0-vhi\"]"}
RESULT: {"using":"xpath","value":"//*[@id=\"application-managepartners-display-component---NewPartner--intercompVendorComboBox-application-managepartners-display-component---NewPartner--assignmentsTable-0-vhi\"]"}
COMMAND: POST /session/77504fd77c071b9b72819f2d6312026a/element/f.1CA1BECA456A7E9CCD755CA14AB44D44.d.88D3F0168941F858177754B9F3436355.e.4936/click - {}
RESULT: {}
RESULT: undefined
COMMAND: POST /session/77504fd77c071b9b72819f2d6312026a/execute/async - {"script":"<script> [776 bytes]","args":[{"enterText":"100005","selector":{"controlType":"sap.m.SearchField","properties":{"placeholder":"Search"},"searchOpenDialogs":true,"interaction":{"idSuffix":"I"}},"clearTextFirst":true,"interactionType":"ENTER_TEXT"}]}
COMMAND: GET /session/77504fd77c071b9b72819f2d6312026a/screenshot - {}
RESULT: {"script":"<script> [776 bytes]","args":[{"enterText":"100005","selector":{"controlType":"sap.m.SearchField","properties":{"placeholder":"Search"},"searchOpenDialogs":true,"interaction":{"idSuffix":"I"}},"clearTextFirst":true,"interactionType":"ENTER_TEXT"}]}
COMMAND: POST /session/77504fd77c071b9b72819f2d6312026a/actions - {"actions":[{"id":"action15","type":"key","parameters":{},"actions":[{"type":"keyDown","value":"î€‡"},{"type":"pause","duration":10},{"type":"keyUp","value":"î€‡"}]}]}
RESULT: {}
RESULT: {"actions":[{"id":"action15","type":"key","parameters":{},"actions":[{"type":"keyDown","value":"î€‡"},{"type":"pause","duration":10},{"type":"keyUp","value":"î€‡"}]}]}
COMMAND: GET /session/77504fd77c071b9b72819f2d6312026a/screenshot - {}
RESULT: {}
COMMAND: POST /session/77504fd77c071b9b72819f2d6312026a/element - {"using":"xpath","value":"//span[contains(text(), \"Penguins - Field/12345 Berlin\")]"}
RESULT: {"using":"xpath","value":"//span[contains(text(), \"Penguins - Field/12345 Berlin\")]"}
COMMAND: POST /session/77504fd77c071b9b72819f2d6312026a/element/f.1CA1BECA456A7E9CCD755CA14AB44D44.d.88D3F0168941F858177754B9F3436355.e.4952/click - {}
RESULT: {}
COMMAND: GET /session/77504fd77c071b9b72819f2d6312026a/screenshot - {}
RESULT: {}
COMMAND: POST /session/77504fd77c071b9b72819f2d6312026a/element - {"using":"xpath","value":"//bdi[contains(text(), \"OK\")]"}
RESULT: {"using":"xpath","value":"//bdi[contains(text(), \"OK\")]"}
COMMAND: POST /session/77504fd77c071b9b72819f2d6312026a/element/f.1CA1BECA456A7E9CCD755CA14AB44D44.d.88D3F0168941F858177754B9F3436355.e.4953/click - {}
RESULT: {}
COMMAND: GET /session/77504fd77c071b9b72819f2d6312026a/screenshot - {}
RESULT: {}
COMMAND: POST /session/77504fd77c071b9b72819f2d6312026a/element - {"using":"xpath","value":"//button[@data-kt=\"saveButton\"]"}
RESULT: {"using":"xpath","value":"//button[@data-kt=\"saveButton\"]"}
COMMAND: POST /session/77504fd77c071b9b72819f2d6312026a/element/f.1CA1BECA456A7E9CCD755CA14AB44D44.d.88D3F0168941F858177754B9F3436355.e.4797/click - {}
RESULT: {}
COMMAND: GET /session/77504fd77c071b9b72819f2d6312026a/screenshot - {}
RESULT: {}
COMMAND: POST /session/77504fd77c071b9b72819f2d6312026a/element - {"using":"xpath","value":"//header[contains(@id, 'ObjectPageLayout-headerTitle')]/div[1]/div[2]/div[2]/span[1]"}
RESULT: {"using":"xpath","value":"//header[contains(@id, 'ObjectPageLayout-headerTitle')]/div[1]/div[2]/div[2]/span[1]"}
COMMAND: POST /session/77504fd77c071b9b72819f2d6312026a/elements - {"using":"xpath","value":"//header[contains(@id, 'ObjectPageLayout-headerTitle')]/div[1]/div[2]/div[2]/span[1]"}
RESULT: {"using":"xpath","value":"//header[contains(@id, 'ObjectPageLayout-headerTitle')]/div[1]/div[2]/div[2]/span[1]"}
COMMAND: POST /session/77504fd77c071b9b72819f2d6312026a/execute/sync - {"script":"<script> [56 bytes]","args":[{"element-6066-11e4-a52e-4f735466cecf":"f.1CA1BECA456A7E9CCD755CA14AB44D44.d.88D3F0168941F858177754B9F3436355.e.5124","ELEMENT":"f.1CA1BECA456A7E9CCD755CA14AB44D44.d.88D3F0168941F858177754B9F3436355.e.5124"}]}
RESULT: {"script":"<script> [56 bytes]","args":[{"element-6066-11e4-a52e-4f735466cecf":"f.1CA1BECA456A7E9CCD755CA14AB44D44.d.88D3F0168941F858177754B9F3436355.e.5124","ELEMENT":"f.1CA1BECA456A7E9CCD755CA14AB44D44.d.88D3F0168941F858177754B9F3436355.e.5124"}]}
COMMAND: POST /session/77504fd77c071b9b72819f2d6312026a/element - {"using":"css selector","value":"#shell-header-logo"}
COMMAND: GET /session/77504fd77c071b9b72819f2d6312026a/screenshot - {}
RESULT: {"using":"css selector","value":"#shell-header-logo"}
COMMAND: POST /session/77504fd77c071b9b72819f2d6312026a/element/f.1CA1BECA456A7E9CCD755CA14AB44D44.d.88D3F0168941F858177754B9F3436355.e.4348/click - {}
RESULT: {}
RESULT: {}
COMMAND: GET /session/77504fd77c071b9b72819f2d6312026a/screenshot - {}
RESULT: {}
COMMAND: POST /session/77504fd77c071b9b72819f2d6312026a/execute/sync - {"script":"<script> [299 bytes]","args":[["getModel","getResource"]]}
RESULT: {"script":"<script> [299 bytes]","args":[["getModel","getResource"]]}
COMMAND: GET /session/77504fd77c071b9b72819f2d6312026a/screenshot - {}
]]></system-out>
    </testcase>
  </testsuite>
  <testsuite timestamp="2025-04-26T17:37:25" time="709.025" tests="13" failures="10" errors="10" skipped="0">
    <properties>
      <property name="specId" value="0" />
      <property name="suiteName" value="Performance based billing (work days) US139742" />
      <property name="capabilities" value="chrome.135_0_7049_96.windows" />
      <property name="file" value="file:///D:/a/1/s/test/specs/BTS/billing-performance-workdays.spec.js" />
    </properties>
    <testcase classname="chrome.135_0_7049_96.windows.Performance_based_billing_(work_days)_US139742" name="Should create a new yard" time="0.022">
      <system-out><![CDATA[
COMMAND: POST /session/77504fd77c071b9b72819f2d6312026a/window/fullscreen - {}
RESULT: {}
]]></system-out>
    </testcase>
    <testcase classname="chrome.135_0_7049_96.windows.Performance_based_billing_(work_days)_US139742" name="Should create a new partner" time="0.004" />
    <testcase classname="chrome.135_0_7049_96.windows.Performance_based_billing_(work_days)_US139742" name="Should create a new site" time="86.373">
      <system-out><![CDATA[
COMMAND: POST /session/77504fd77c071b9b72819f2d6312026a/execute/async - {"script":"<script> [1562 bytes]","args":[{"selector":{"controlType":"sap.m.TileContent","bindingPath":{"path":"","propertyPath":"/properties/info"},"ancestor":{"controlType":"sap.m.GenericTile","properties":{"header":"Manage Sites"}}},"wdio_ui5_key":"sapm.TileContent{\"path\":\"\",\"propertyPath\":\"/properties/info\"}{\"controlType\":\"sap.m.GenericTile\",\"properties\":{\"header\":\"Manage Sites\"}}"}]}
RESULT: {"script":"<script> [1562 bytes]","args":[{"selector":{"controlType":"sap.m.TileContent","bindingPath":{"path":"","propertyPath":"/properties/info"},"ancestor":{"controlType":"sap.m.GenericTile","properties":{"header":"Manage Sites"}}},"wdio_ui5_key":"sapm.TileContent{\"path\":\"\",\"propertyPath\":\"/properties/info\"}{\"controlType\":\"sap.m.GenericTile\",\"properties\":{\"header\":\"Manage Sites\"}}"}]}
RESULT: undefined
COMMAND: POST /session/77504fd77c071b9b72819f2d6312026a/element - {"using":"xpath","value":"//*[@id=\"__xmlview7--numericTileContent\"]"}
RESULT: {"using":"xpath","value":"//*[@id=\"__xmlview7--numericTileContent\"]"}
COMMAND: POST /session/77504fd77c071b9b72819f2d6312026a/element/f.1CA1BECA456A7E9CCD755CA14AB44D44.d.5DA3B5A139BDF0B8E91CE812FD4DF35D.e.5849/click - {}
RESULT: {}
COMMAND: POST /session/77504fd77c071b9b72819f2d6312026a/element - {"using":"xpath","value":"//button[@data-kt=\"addOverflowToolbarButton\"]"}
COMMAND: GET /session/77504fd77c071b9b72819f2d6312026a/screenshot - {}
RESULT: {"using":"xpath","value":"//button[@data-kt=\"addOverflowToolbarButton\"]"}
COMMAND: POST /session/77504fd77c071b9b72819f2d6312026a/elements - {"using":"xpath","value":"//button[@data-kt=\"addOverflowToolbarButton\"]"}
RESULT: {}
RESULT: {"using":"xpath","value":"//button[@data-kt=\"addOverflowToolbarButton\"]"}
COMMAND: POST /session/77504fd77c071b9b72819f2d6312026a/elements - {"using":"xpath","value":"//button[@data-kt=\"addOverflowToolbarButton\"]"}
RESULT: {"using":"xpath","value":"//button[@data-kt=\"addOverflowToolbarButton\"]"}
COMMAND: POST /session/77504fd77c071b9b72819f2d6312026a/elements - {"using":"xpath","value":"//button[@data-kt=\"addOverflowToolbarButton\"]"}
RESULT: {"using":"xpath","value":"//button[@data-kt=\"addOverflowToolbarButton\"]"}
COMMAND: POST /session/77504fd77c071b9b72819f2d6312026a/elements - {"using":"xpath","value":"//button[@data-kt=\"addOverflowToolbarButton\"]"}
RESULT: {"using":"xpath","value":"//button[@data-kt=\"addOverflowToolbarButton\"]"}
COMMAND: POST /session/77504fd77c071b9b72819f2d6312026a/elements - {"using":"xpath","value":"//button[@data-kt=\"addOverflowToolbarButton\"]"}
RESULT: {"using":"xpath","value":"//button[@data-kt=\"addOverflowToolbarButton\"]"}
COMMAND: POST /session/77504fd77c071b9b72819f2d6312026a/elements - {"using":"xpath","value":"//button[@data-kt=\"addOverflowToolbarButton\"]"}
RESULT: {"using":"xpath","value":"//button[@data-kt=\"addOverflowToolbarButton\"]"}
COMMAND: POST /session/77504fd77c071b9b72819f2d6312026a/elements - {"using":"xpath","value":"//button[@data-kt=\"addOverflowToolbarButton\"]"}
RESULT: {"using":"xpath","value":"//button[@data-kt=\"addOverflowToolbarButton\"]"}
COMMAND: POST /session/77504fd77c071b9b72819f2d6312026a/elements - {"using":"xpath","value":"//button[@data-kt=\"addOverflowToolbarButton\"]"}
RESULT: {"using":"xpath","value":"//button[@data-kt=\"addOverflowToolbarButton\"]"}
COMMAND: POST /session/77504fd77c071b9b72819f2d6312026a/elements - {"using":"xpath","value":"//button[@data-kt=\"addOverflowToolbarButton\"]"}
RESULT: {"using":"xpath","value":"//button[@data-kt=\"addOverflowToolbarButton\"]"}
COMMAND: POST /session/77504fd77c071b9b72819f2d6312026a/elements - {"using":"xpath","value":"//button[@data-kt=\"addOverflowToolbarButton\"]"}
RESULT: {"using":"xpath","value":"//button[@data-kt=\"addOverflowToolbarButton\"]"}
COMMAND: POST /session/77504fd77c071b9b72819f2d6312026a/elements - {"using":"xpath","value":"//button[@data-kt=\"addOverflowToolbarButton\"]"}
RESULT: {"using":"xpath","value":"//button[@data-kt=\"addOverflowToolbarButton\"]"}
COMMAND: POST /session/77504fd77c071b9b72819f2d6312026a/elements - {"using":"xpath","value":"//button[@data-kt=\"addOverflowToolbarButton\"]"}
RESULT: {"using":"xpath","value":"//button[@data-kt=\"addOverflowToolbarButton\"]"}
COMMAND: POST /session/77504fd77c071b9b72819f2d6312026a/elements - {"using":"xpath","value":"//button[@data-kt=\"addOverflowToolbarButton\"]"}
RESULT: {"using":"xpath","value":"//button[@data-kt=\"addOverflowToolbarButton\"]"}
COMMAND: POST /session/77504fd77c071b9b72819f2d6312026a/elements - {"using":"xpath","value":"//button[@data-kt=\"addOverflowToolbarButton\"]"}
RESULT: {"using":"xpath","value":"//button[@data-kt=\"addOverflowToolbarButton\"]"}
COMMAND: POST /session/77504fd77c071b9b72819f2d6312026a/elements - {"using":"xpath","value":"//button[@data-kt=\"addOverflowToolbarButton\"]"}
RESULT: {"using":"xpath","value":"//button[@data-kt=\"addOverflowToolbarButton\"]"}
COMMAND: POST /session/77504fd77c071b9b72819f2d6312026a/elements - {"using":"xpath","value":"//button[@data-kt=\"addOverflowToolbarButton\"]"}
RESULT: {"using":"xpath","value":"//button[@data-kt=\"addOverflowToolbarButton\"]"}
COMMAND: POST /session/77504fd77c071b9b72819f2d6312026a/elements - {"using":"xpath","value":"//button[@data-kt=\"addOverflowToolbarButton\"]"}
RESULT: {"using":"xpath","value":"//button[@data-kt=\"addOverflowToolbarButton\"]"}
COMMAND: POST /session/77504fd77c071b9b72819f2d6312026a/elements - {"using":"xpath","value":"//button[@data-kt=\"addOverflowToolbarButton\"]"}
RESULT: {"using":"xpath","value":"//button[@data-kt=\"addOverflowToolbarButton\"]"}
COMMAND: POST /session/77504fd77c071b9b72819f2d6312026a/elements - {"using":"xpath","value":"//button[@data-kt=\"addOverflowToolbarButton\"]"}
RESULT: {"using":"xpath","value":"//button[@data-kt=\"addOverflowToolbarButton\"]"}
COMMAND: POST /session/77504fd77c071b9b72819f2d6312026a/elements - {"using":"xpath","value":"//button[@data-kt=\"addOverflowToolbarButton\"]"}
RESULT: {"using":"xpath","value":"//button[@data-kt=\"addOverflowToolbarButton\"]"}
COMMAND: POST /session/77504fd77c071b9b72819f2d6312026a/elements - {"using":"xpath","value":"//button[@data-kt=\"addOverflowToolbarButton\"]"}
RESULT: {"using":"xpath","value":"//button[@data-kt=\"addOverflowToolbarButton\"]"}
COMMAND: POST /session/77504fd77c071b9b72819f2d6312026a/elements - {"using":"xpath","value":"//button[@data-kt=\"addOverflowToolbarButton\"]"}
RESULT: {"using":"xpath","value":"//button[@data-kt=\"addOverflowToolbarButton\"]"}
COMMAND: POST /session/77504fd77c071b9b72819f2d6312026a/elements - {"using":"xpath","value":"//button[@data-kt=\"addOverflowToolbarButton\"]"}
RESULT: {"using":"xpath","value":"//button[@data-kt=\"addOverflowToolbarButton\"]"}
COMMAND: POST /session/77504fd77c071b9b72819f2d6312026a/elements - {"using":"xpath","value":"//button[@data-kt=\"addOverflowToolbarButton\"]"}
RESULT: {"using":"xpath","value":"//button[@data-kt=\"addOverflowToolbarButton\"]"}
COMMAND: POST /session/77504fd77c071b9b72819f2d6312026a/elements - {"using":"xpath","value":"//button[@data-kt=\"addOverflowToolbarButton\"]"}
RESULT: {"using":"xpath","value":"//button[@data-kt=\"addOverflowToolbarButton\"]"}
COMMAND: POST /session/77504fd77c071b9b72819f2d6312026a/elements - {"using":"xpath","value":"//button[@data-kt=\"addOverflowToolbarButton\"]"}
RESULT: {"using":"xpath","value":"//button[@data-kt=\"addOverflowToolbarButton\"]"}
COMMAND: POST /session/77504fd77c071b9b72819f2d6312026a/elements - {"using":"xpath","value":"//button[@data-kt=\"addOverflowToolbarButton\"]"}
RESULT: {"using":"xpath","value":"//button[@data-kt=\"addOverflowToolbarButton\"]"}
COMMAND: POST /session/77504fd77c071b9b72819f2d6312026a/elements - {"using":"xpath","value":"//button[@data-kt=\"addOverflowToolbarButton\"]"}
RESULT: {"using":"xpath","value":"//button[@data-kt=\"addOverflowToolbarButton\"]"}
COMMAND: POST /session/77504fd77c071b9b72819f2d6312026a/elements - {"using":"xpath","value":"//button[@data-kt=\"addOverflowToolbarButton\"]"}
RESULT: {"using":"xpath","value":"//button[@data-kt=\"addOverflowToolbarButton\"]"}
COMMAND: POST /session/77504fd77c071b9b72819f2d6312026a/elements - {"using":"xpath","value":"//button[@data-kt=\"addOverflowToolbarButton\"]"}
RESULT: {"using":"xpath","value":"//button[@data-kt=\"addOverflowToolbarButton\"]"}
COMMAND: POST /session/77504fd77c071b9b72819f2d6312026a/elements - {"using":"xpath","value":"//button[@data-kt=\"addOverflowToolbarButton\"]"}
RESULT: {"using":"xpath","value":"//button[@data-kt=\"addOverflowToolbarButton\"]"}
COMMAND: POST /session/77504fd77c071b9b72819f2d6312026a/elements - {"using":"xpath","value":"//button[@data-kt=\"addOverflowToolbarButton\"]"}
RESULT: {"using":"xpath","value":"//button[@data-kt=\"addOverflowToolbarButton\"]"}
COMMAND: POST /session/77504fd77c071b9b72819f2d6312026a/elements - {"using":"xpath","value":"//button[@data-kt=\"addOverflowToolbarButton\"]"}
RESULT: {"using":"xpath","value":"//button[@data-kt=\"addOverflowToolbarButton\"]"}
COMMAND: POST /session/77504fd77c071b9b72819f2d6312026a/element - {"using":"xpath","value":"//button[@data-kt=\"addOverflowToolbarButton\"]"}
RESULT: {"using":"xpath","value":"//button[@data-kt=\"addOverflowToolbarButton\"]"}
COMMAND: POST /session/77504fd77c071b9b72819f2d6312026a/execute/sync - {"script":"<script> [8489 bytes]","args":[{"element-6066-11e4-a52e-4f735466cecf":"f.1CA1BECA456A7E9CCD755CA14AB44D44.d.5DA3B5A139BDF0B8E91CE812FD4DF35D.e.5883","ELEMENT":"f.1CA1BECA456A7E9CCD755CA14AB44D44.d.5DA3B5A139BDF0B8E91CE812FD4DF35D.e.5883"}]}
RESULT: {"script":"<script> [8489 bytes]","args":[{"element-6066-11e4-a52e-4f735466cecf":"f.1CA1BECA456A7E9CCD755CA14AB44D44.d.5DA3B5A139BDF0B8E91CE812FD4DF35D.e.5883","ELEMENT":"f.1CA1BECA456A7E9CCD755CA14AB44D44.d.5DA3B5A139BDF0B8E91CE812FD4DF35D.e.5883"}]}
COMMAND: GET /session/77504fd77c071b9b72819f2d6312026a/element/f.1CA1BECA456A7E9CCD755CA14AB44D44.d.5DA3B5A139BDF0B8E91CE812FD4DF35D.e.5883/enabled - {}
COMMAND: GET /session/77504fd77c071b9b72819f2d6312026a/screenshot - {}
RESULT: {}
COMMAND: POST /session/77504fd77c071b9b72819f2d6312026a/execute/sync - {"script":"<script> [8489 bytes]","args":[{"element-6066-11e4-a52e-4f735466cecf":"f.1CA1BECA456A7E9CCD755CA14AB44D44.d.5DA3B5A139BDF0B8E91CE812FD4DF35D.e.5883","ELEMENT":"f.1CA1BECA456A7E9CCD755CA14AB44D44.d.5DA3B5A139BDF0B8E91CE812FD4DF35D.e.5883"}]}
COMMAND: GET /session/77504fd77c071b9b72819f2d6312026a/screenshot - {}
RESULT: {}
RESULT: {"script":"<script> [8489 bytes]","args":[{"element-6066-11e4-a52e-4f735466cecf":"f.1CA1BECA456A7E9CCD755CA14AB44D44.d.5DA3B5A139BDF0B8E91CE812FD4DF35D.e.5883","ELEMENT":"f.1CA1BECA456A7E9CCD755CA14AB44D44.d.5DA3B5A139BDF0B8E91CE812FD4DF35D.e.5883"}]}
COMMAND: POST /session/77504fd77c071b9b72819f2d6312026a/execute/sync - {"script":"<script> [5351 bytes]","args":[{"element-6066-11e4-a52e-4f735466cecf":"f.1CA1BECA456A7E9CCD755CA14AB44D44.d.5DA3B5A139BDF0B8E91CE812FD4DF35D.e.5883","ELEMENT":"f.1CA1BECA456A7E9CCD755CA14AB44D44.d.5DA3B5A139BDF0B8E91CE812FD4DF35D.e.5883"}]}
COMMAND: GET /session/77504fd77c071b9b72819f2d6312026a/screenshot - {}
RESULT: {}
RESULT: {"script":"<script> [5351 bytes]","args":[{"element-6066-11e4-a52e-4f735466cecf":"f.1CA1BECA456A7E9CCD755CA14AB44D44.d.5DA3B5A139BDF0B8E91CE812FD4DF35D.e.5883","ELEMENT":"f.1CA1BECA456A7E9CCD755CA14AB44D44.d.5DA3B5A139BDF0B8E91CE812FD4DF35D.e.5883"}]}
COMMAND: POST /session/77504fd77c071b9b72819f2d6312026a/element/f.1CA1BECA456A7E9CCD755CA14AB44D44.d.5DA3B5A139BDF0B8E91CE812FD4DF35D.e.5883/click - {}
COMMAND: GET /session/77504fd77c071b9b72819f2d6312026a/screenshot - {}
RESULT: {}
RESULT: {}
COMMAND: GET /session/77504fd77c071b9b72819f2d6312026a/screenshot - {}
RESULT: {}
RESULT: {}
COMMAND: POST /session/77504fd77c071b9b72819f2d6312026a/execute/async - {"script":"<script> [1562 bytes]","args":[{"selector":{"id":"application-managesites-display-component---NewSite--addressDetailDetailsName1","interaction":{"idSuffix":"inner"}},"wdio_ui5_key":"applicationmanagesites-display-component---NewSite--addressDetailDetailsName1"}]}
RESULT: {"script":"<script> [1562 bytes]","args":[{"selector":{"id":"application-managesites-display-component---NewSite--addressDetailDetailsName1","interaction":{"idSuffix":"inner"}},"wdio_ui5_key":"applicationmanagesites-display-component---NewSite--addressDetailDetailsName1"}]}
RESULT: undefined
COMMAND: POST /session/77504fd77c071b9b72819f2d6312026a/execute/async - {"script":"<script> [776 bytes]","args":[{"enterText":"Intercompany Site wdIO","selector":{"id":"application-managesites-display-component---NewSite--addressDetailDetailsName1","interaction":{"idSuffix":"inner"}},"clearTextFirst":true,"interactionType":"ENTER_TEXT"}]}
RESULT: {"script":"<script> [776 bytes]","args":[{"enterText":"Intercompany Site wdIO","selector":{"id":"application-managesites-display-component---NewSite--addressDetailDetailsName1","interaction":{"idSuffix":"inner"}},"clearTextFirst":true,"interactionType":"ENTER_TEXT"}]}
COMMAND: POST /session/77504fd77c071b9b72819f2d6312026a/execute/async - {"script":"<script> [1562 bytes]","args":[{"selector":{"id":"application-managesites-display-component---NewSite--addressDetailDetailsLanguage-arrow"},"wdio_ui5_key":"applicationmanagesites-display-component---NewSite--addressDetailDetailsLanguage-arrow"}]}
RESULT: {"script":"<script> [1562 bytes]","args":[{"selector":{"id":"application-managesites-display-component---NewSite--addressDetailDetailsLanguage-arrow"},"wdio_ui5_key":"applicationmanagesites-display-component---NewSite--addressDetailDetailsLanguage-arrow"}]}
RESULT: undefined
COMMAND: POST /session/77504fd77c071b9b72819f2d6312026a/element - {"using":"xpath","value":"//*[@id=\"application-managesites-display-component---NewSite--addressDetailDetailsLanguage-arrow\"]"}
RESULT: {"using":"xpath","value":"//*[@id=\"application-managesites-display-component---NewSite--addressDetailDetailsLanguage-arrow\"]"}
COMMAND: POST /session/77504fd77c071b9b72819f2d6312026a/element/f.1CA1BECA456A7E9CCD755CA14AB44D44.d.5DA3B5A139BDF0B8E91CE812FD4DF35D.e.6280/click - {}
RESULT: {}
COMMAND: POST /session/77504fd77c071b9b72819f2d6312026a/element - {"using":"xpath","value":"//span[contains(text(), \"English\")]"}
COMMAND: GET /session/77504fd77c071b9b72819f2d6312026a/screenshot - {}
RESULT: {"using":"xpath","value":"//span[contains(text(), \"English\")]"}
COMMAND: POST /session/77504fd77c071b9b72819f2d6312026a/element/f.1CA1BECA456A7E9CCD755CA14AB44D44.d.5DA3B5A139BDF0B8E91CE812FD4DF35D.e.6281/click - {}
RESULT: {}
RESULT: {}
COMMAND: POST /session/77504fd77c071b9b72819f2d6312026a/execute/async - {"script":"<script> [1562 bytes]","args":[{"selector":{"id":"application-managesites-display-component---NewSite--addressDetailDetailsCity1","interaction":{"idSuffix":"inner"}},"wdio_ui5_key":"applicationmanagesites-display-component---NewSite--addressDetailDetailsCity1"}]}
COMMAND: GET /session/77504fd77c071b9b72819f2d6312026a/screenshot - {}
RESULT: {"script":"<script> [1562 bytes]","args":[{"selector":{"id":"application-managesites-display-component---NewSite--addressDetailDetailsCity1","interaction":{"idSuffix":"inner"}},"wdio_ui5_key":"applicationmanagesites-display-component---NewSite--addressDetailDetailsCity1"}]}
RESULT: undefined
COMMAND: POST /session/77504fd77c071b9b72819f2d6312026a/execute/async - {"script":"<script> [776 bytes]","args":[{"enterText":"Rosario","selector":{"id":"application-managesites-display-component---NewSite--addressDetailDetailsCity1","interaction":{"idSuffix":"inner"}},"clearTextFirst":true,"interactionType":"ENTER_TEXT"}]}
RESULT: {}
RESULT: {"script":"<script> [776 bytes]","args":[{"enterText":"Rosario","selector":{"id":"application-managesites-display-component---NewSite--addressDetailDetailsCity1","interaction":{"idSuffix":"inner"}},"clearTextFirst":true,"interactionType":"ENTER_TEXT"}]}
COMMAND: POST /session/77504fd77c071b9b72819f2d6312026a/execute/async - {"script":"<script> [1562 bytes]","args":[{"selector":{"id":"application-managesites-display-component---NewSite--addressDetailDetailsCountry-arrow"},"wdio_ui5_key":"applicationmanagesites-display-component---NewSite--addressDetailDetailsCountry-arrow"}]}
RESULT: {"script":"<script> [1562 bytes]","args":[{"selector":{"id":"application-managesites-display-component---NewSite--addressDetailDetailsCountry-arrow"},"wdio_ui5_key":"applicationmanagesites-display-component---NewSite--addressDetailDetailsCountry-arrow"}]}
RESULT: undefined
COMMAND: POST /session/77504fd77c071b9b72819f2d6312026a/element - {"using":"xpath","value":"//*[@id=\"application-managesites-display-component---NewSite--addressDetailDetailsCountry-arrow\"]"}
RESULT: {"using":"xpath","value":"//*[@id=\"application-managesites-display-component---NewSite--addressDetailDetailsCountry-arrow\"]"}
COMMAND: POST /session/77504fd77c071b9b72819f2d6312026a/element/f.1CA1BECA456A7E9CCD755CA14AB44D44.d.5DA3B5A139BDF0B8E91CE812FD4DF35D.e.6283/click - {}
RESULT: {}
COMMAND: POST /session/77504fd77c071b9b72819f2d6312026a/element - {"using":"xpath","value":"//span[contains(text(), \"Argentina\")]"}
COMMAND: GET /session/77504fd77c071b9b72819f2d6312026a/screenshot - {}
RESULT: {"using":"xpath","value":"//span[contains(text(), \"Argentina\")]"}
COMMAND: POST /session/77504fd77c071b9b72819f2d6312026a/element/f.1CA1BECA456A7E9CCD755CA14AB44D44.d.5DA3B5A139BDF0B8E91CE812FD4DF35D.e.6285/click - {}
RESULT: {}
RESULT: {}
COMMAND: GET /session/77504fd77c071b9b72819f2d6312026a/screenshot - {}
RESULT: {}
COMMAND: POST /session/77504fd77c071b9b72819f2d6312026a/execute/async - {"script":"<script> [1562 bytes]","args":[{"selector":{"id":"application-managesites-display-component---NewSite--addressEditDetailsCostObjectCstType-arrow"},"wdio_ui5_key":"applicationmanagesites-display-component---NewSite--addressEditDetailsCostObjectCstType-arrow"}]}
RESULT: {"script":"<script> [1562 bytes]","args":[{"selector":{"id":"application-managesites-display-component---NewSite--addressEditDetailsCostObjectCstType-arrow"},"wdio_ui5_key":"applicationmanagesites-display-component---NewSite--addressEditDetailsCostObjectCstType-arrow"}]}
RESULT: undefined
COMMAND: POST /session/77504fd77c071b9b72819f2d6312026a/element - {"using":"xpath","value":"//*[@id=\"application-managesites-display-component---NewSite--addressEditDetailsCostObjectCstType-arrow\"]"}
RESULT: {"using":"xpath","value":"//*[@id=\"application-managesites-display-component---NewSite--addressEditDetailsCostObjectCstType-arrow\"]"}
COMMAND: POST /session/77504fd77c071b9b72819f2d6312026a/element/f.1CA1BECA456A7E9CCD755CA14AB44D44.d.5DA3B5A139BDF0B8E91CE812FD4DF35D.e.6286/click - {}
RESULT: {}
COMMAND: POST /session/77504fd77c071b9b72819f2d6312026a/element - {"using":"xpath","value":"//span[contains(text(), \"Cost Center\")]"}
COMMAND: GET /session/77504fd77c071b9b72819f2d6312026a/screenshot - {}
RESULT: {"using":"xpath","value":"//span[contains(text(), \"Cost Center\")]"}
COMMAND: POST /session/77504fd77c071b9b72819f2d6312026a/element/f.1CA1BECA456A7E9CCD755CA14AB44D44.d.5DA3B5A139BDF0B8E91CE812FD4DF35D.e.6287/click - {}
RESULT: {}
RESULT: {}
COMMAND: GET /session/77504fd77c071b9b72819f2d6312026a/screenshot - {}
RESULT: {}
COMMAND: POST /session/77504fd77c071b9b72819f2d6312026a/element - {"using":"xpath","value":"//span[@id=\"application-managesites-display-component---NewSite--addressNewCostObjectCstID-vhi\"]"}
RESULT: {"using":"xpath","value":"//span[@id=\"application-managesites-display-component---NewSite--addressNewCostObjectCstID-vhi\"]"}
COMMAND: POST /session/77504fd77c071b9b72819f2d6312026a/execute/sync - {"script":"<script> [8489 bytes]","args":[{"element-6066-11e4-a52e-4f735466cecf":"f.1CA1BECA456A7E9CCD755CA14AB44D44.d.5DA3B5A139BDF0B8E91CE812FD4DF35D.e.6291","ELEMENT":"f.1CA1BECA456A7E9CCD755CA14AB44D44.d.5DA3B5A139BDF0B8E91CE812FD4DF35D.e.6291"}]}
RESULT: {"script":"<script> [8489 bytes]","args":[{"element-6066-11e4-a52e-4f735466cecf":"f.1CA1BECA456A7E9CCD755CA14AB44D44.d.5DA3B5A139BDF0B8E91CE812FD4DF35D.e.6291","ELEMENT":"f.1CA1BECA456A7E9CCD755CA14AB44D44.d.5DA3B5A139BDF0B8E91CE812FD4DF35D.e.6291"}]}
COMMAND: POST /session/77504fd77c071b9b72819f2d6312026a/execute/async - {"script":"<script> [1562 bytes]","args":[{"selector":{"id":"application-managesites-display-component---NewSite--addressNewCostObjectCstID-vhi"},"wdio_ui5_key":"applicationmanagesites-display-component---NewSite--addressNewCostObjectCstID-vhi"}]}
COMMAND: GET /session/77504fd77c071b9b72819f2d6312026a/screenshot - {}
RESULT: {"script":"<script> [1562 bytes]","args":[{"selector":{"id":"application-managesites-display-component---NewSite--addressNewCostObjectCstID-vhi"},"wdio_ui5_key":"applicationmanagesites-display-component---NewSite--addressNewCostObjectCstID-vhi"}]}
RESULT: undefined
COMMAND: POST /session/77504fd77c071b9b72819f2d6312026a/element - {"using":"xpath","value":"//*[@id=\"application-managesites-display-component---NewSite--addressNewCostObjectCstID-vhi\"]"}
RESULT: {}
RESULT: {"using":"xpath","value":"//*[@id=\"application-managesites-display-component---NewSite--addressNewCostObjectCstID-vhi\"]"}
COMMAND: POST /session/77504fd77c071b9b72819f2d6312026a/element/f.1CA1BECA456A7E9CCD755CA14AB44D44.d.5DA3B5A139BDF0B8E91CE812FD4DF35D.e.6291/click - {}
RESULT: {}
COMMAND: GET /session/77504fd77c071b9b72819f2d6312026a/screenshot - {}
RESULT: {}
COMMAND: POST /session/77504fd77c071b9b72819f2d6312026a/execute/async - {"script":"<script> [1562 bytes]","args":[{"selector":{"controlType":"sap.m.SearchField","properties":{"placeholder":"Search"},"searchOpenDialogs":true,"interaction":{"idSuffix":"I"}},"wdio_ui5_key":"sapm.SearchField{\"placeholder\":\"Search\"}"}]}
RESULT: {"script":"<script> [1562 bytes]","args":[{"selector":{"controlType":"sap.m.SearchField","properties":{"placeholder":"Search"},"searchOpenDialogs":true,"interaction":{"idSuffix":"I"}},"wdio_ui5_key":"sapm.SearchField{\"placeholder\":\"Search\"}"}]}
RESULT: undefined
COMMAND: POST /session/77504fd77c071b9b72819f2d6312026a/execute/async - {"script":"<script> [776 bytes]","args":[{"enterText":"10001013","selector":{"controlType":"sap.m.SearchField","properties":{"placeholder":"Search"},"searchOpenDialogs":true,"interaction":{"idSuffix":"I"}},"clearTextFirst":true,"interactionType":"ENTER_TEXT"}]}
RESULT: {"script":"<script> [776 bytes]","args":[{"enterText":"10001013","selector":{"controlType":"sap.m.SearchField","properties":{"placeholder":"Search"},"searchOpenDialogs":true,"interaction":{"idSuffix":"I"}},"clearTextFirst":true,"interactionType":"ENTER_TEXT"}]}
COMMAND: POST /session/77504fd77c071b9b72819f2d6312026a/actions - {"actions":[{"id":"action18","type":"key","parameters":{},"actions":[{"type":"keyDown","value":"î€‡"},{"type":"pause","duration":10},{"type":"keyUp","value":"î€‡"}]}]}
RESULT: {"actions":[{"id":"action18","type":"key","parameters":{},"actions":[{"type":"keyDown","value":"î€‡"},{"type":"pause","duration":10},{"type":"keyUp","value":"î€‡"}]}]}
COMMAND: GET /session/77504fd77c071b9b72819f2d6312026a/screenshot - {}
RESULT: {}
COMMAND: POST /session/77504fd77c071b9b72819f2d6312026a/element - {"using":"xpath","value":"//span[contains(text(), \"General Management\")]"}
RESULT: {"using":"xpath","value":"//span[contains(text(), \"General Management\")]"}
COMMAND: POST /session/77504fd77c071b9b72819f2d6312026a/element/f.1CA1BECA456A7E9CCD755CA14AB44D44.d.5DA3B5A139BDF0B8E91CE812FD4DF35D.e.6331/click - {}
RESULT: {}
COMMAND: GET /session/77504fd77c071b9b72819f2d6312026a/screenshot - {}
RESULT: {}
COMMAND: POST /session/77504fd77c071b9b72819f2d6312026a/element - {"using":"xpath","value":"//bdi[contains(text(), \"OK\")]"}
RESULT: {"using":"xpath","value":"//bdi[contains(text(), \"OK\")]"}
COMMAND: POST /session/77504fd77c071b9b72819f2d6312026a/element/f.1CA1BECA456A7E9CCD755CA14AB44D44.d.5DA3B5A139BDF0B8E91CE812FD4DF35D.e.6332/click - {}
RESULT: {}
COMMAND: GET /session/77504fd77c071b9b72819f2d6312026a/screenshot - {}
RESULT: {}
COMMAND: POST /session/77504fd77c071b9b72819f2d6312026a/element - {"using":"xpath","value":"//input[@id=\"application-managesites-display-component---NewSite--addressDetailDetailsCalendar-inner\"]"}
RESULT: {"using":"xpath","value":"//input[@id=\"application-managesites-display-component---NewSite--addressDetailDetailsCalendar-inner\"]"}
COMMAND: POST /session/77504fd77c071b9b72819f2d6312026a/element/f.1CA1BECA456A7E9CCD755CA14AB44D44.d.5DA3B5A139BDF0B8E91CE812FD4DF35D.e.6080/clear - {}
RESULT: {}
COMMAND: POST /session/77504fd77c071b9b72819f2d6312026a/element/f.1CA1BECA456A7E9CCD755CA14AB44D44.d.5DA3B5A139BDF0B8E91CE812FD4DF35D.e.6080/value - {"text":"Unit"}
COMMAND: GET /session/77504fd77c071b9b72819f2d6312026a/screenshot - {}
RESULT: {"text":"Unit"}
COMMAND: GET /session/77504fd77c071b9b72819f2d6312026a/screenshot - {}
RESULT: {}
RESULT: {}
COMMAND: POST /session/77504fd77c071b9b72819f2d6312026a/actions - {"actions":[{"id":"action19","type":"key","parameters":{},"actions":[{"type":"keyDown","value":"î€‡"},{"type":"pause","duration":10},{"type":"keyUp","value":"î€‡"}]}]}
RESULT: {"actions":[{"id":"action19","type":"key","parameters":{},"actions":[{"type":"keyDown","value":"î€‡"},{"type":"pause","duration":10},{"type":"keyUp","value":"î€‡"}]}]}
COMMAND: POST /session/77504fd77c071b9b72819f2d6312026a/element - {"using":"xpath","value":"//input[@id=\"application-managesites-display-component---NewSite--addressDetailDetailsYard-inner\"]"}
COMMAND: GET /session/77504fd77c071b9b72819f2d6312026a/screenshot - {}
RESULT: {"using":"xpath","value":"//input[@id=\"application-managesites-display-component---NewSite--addressDetailDetailsYard-inner\"]"}
COMMAND: POST /session/77504fd77c071b9b72819f2d6312026a/element/f.1CA1BECA456A7E9CCD755CA14AB44D44.d.5DA3B5A139BDF0B8E91CE812FD4DF35D.e.6081/clear - {}
RESULT: {}
RESULT: {}
COMMAND: POST /session/77504fd77c071b9b72819f2d6312026a/element/f.1CA1BECA456A7E9CCD755CA14AB44D44.d.5DA3B5A139BDF0B8E91CE812FD4DF35D.e.6081/value - {"text":"265"}
COMMAND: GET /session/77504fd77c071b9b72819f2d6312026a/screenshot - {}
RESULT: {"text":"265"}
COMMAND: GET /session/77504fd77c071b9b72819f2d6312026a/screenshot - {}
RESULT: {}
RESULT: {}
COMMAND: POST /session/77504fd77c071b9b72819f2d6312026a/element - {"using":"xpath","value":"//li[.//span[text()='265']]"}
RESULT: {"using":"xpath","value":"//li[.//span[text()='265']]"}
COMMAND: POST /session/77504fd77c071b9b72819f2d6312026a/element/f.1CA1BECA456A7E9CCD755CA14AB44D44.d.5DA3B5A139BDF0B8E91CE812FD4DF35D.e.6340/click - {}
RESULT: {}
COMMAND: GET /session/77504fd77c071b9b72819f2d6312026a/screenshot - {}
RESULT: {}
COMMAND: POST /session/77504fd77c071b9b72819f2d6312026a/element - {"using":"xpath","value":"//input[@id=\"application-managesites-display-component---NewSite--addressDetailDetailsPartner-inner\"]"}
RESULT: {"using":"xpath","value":"//input[@id=\"application-managesites-display-component---NewSite--addressDetailDetailsPartner-inner\"]"}
COMMAND: POST /session/77504fd77c071b9b72819f2d6312026a/element - {"using":"xpath","value":"//input[@id=\"application-managesites-display-component---NewSite--addressDetailDetailsPartner-inner\"]"}
RESULT: {"using":"xpath","value":"//input[@id=\"application-managesites-display-component---NewSite--addressDetailDetailsPartner-inner\"]"}
COMMAND: POST /session/77504fd77c071b9b72819f2d6312026a/element - {"using":"xpath","value":"//button[@data-kt=\"saveButton\"]"}
RESULT: {"using":"xpath","value":"//button[@data-kt=\"saveButton\"]"}
COMMAND: POST /session/77504fd77c071b9b72819f2d6312026a/element/f.1CA1BECA456A7E9CCD755CA14AB44D44.d.5DA3B5A139BDF0B8E91CE812FD4DF35D.e.6265/click - {}
RESULT: {}
COMMAND: GET /session/77504fd77c071b9b72819f2d6312026a/screenshot - {}
RESULT: {}
COMMAND: POST /session/77504fd77c071b9b72819f2d6312026a/element - {"using":"xpath","value":"//header[contains(@id, 'ObjectPageLayout-headerTitle')]/div[1]/div[2]/div[2]/span[1]"}
RESULT: {"using":"xpath","value":"//header[contains(@id, 'ObjectPageLayout-headerTitle')]/div[1]/div[2]/div[2]/span[1]"}
COMMAND: POST /session/77504fd77c071b9b72819f2d6312026a/elements - {"using":"xpath","value":"//header[contains(@id, 'ObjectPageLayout-headerTitle')]/div[1]/div[2]/div[2]/span[1]"}
RESULT: {"using":"xpath","value":"//header[contains(@id, 'ObjectPageLayout-headerTitle')]/div[1]/div[2]/div[2]/span[1]"}
COMMAND: POST /session/77504fd77c071b9b72819f2d6312026a/execute/sync - {"script":"<script> [56 bytes]","args":[{"element-6066-11e4-a52e-4f735466cecf":"f.1CA1BECA456A7E9CCD755CA14AB44D44.d.5DA3B5A139BDF0B8E91CE812FD4DF35D.e.6542","ELEMENT":"f.1CA1BECA456A7E9CCD755CA14AB44D44.d.5DA3B5A139BDF0B8E91CE812FD4DF35D.e.6542"}]}
RESULT: {"script":"<script> [56 bytes]","args":[{"element-6066-11e4-a52e-4f735466cecf":"f.1CA1BECA456A7E9CCD755CA14AB44D44.d.5DA3B5A139BDF0B8E91CE812FD4DF35D.e.6542","ELEMENT":"f.1CA1BECA456A7E9CCD755CA14AB44D44.d.5DA3B5A139BDF0B8E91CE812FD4DF35D.e.6542"}]}
COMMAND: POST /session/77504fd77c071b9b72819f2d6312026a/element - {"using":"css selector","value":"#shell-header-logo"}
COMMAND: GET /session/77504fd77c071b9b72819f2d6312026a/screenshot - {}
RESULT: {"using":"css selector","value":"#shell-header-logo"}
COMMAND: POST /session/77504fd77c071b9b72819f2d6312026a/element/f.1CA1BECA456A7E9CCD755CA14AB44D44.d.5DA3B5A139BDF0B8E91CE812FD4DF35D.e.5850/click - {}
RESULT: {}
RESULT: {}
COMMAND: GET /session/77504fd77c071b9b72819f2d6312026a/screenshot - {}
RESULT: {}
COMMAND: POST /session/77504fd77c071b9b72819f2d6312026a/execute/sync - {"script":"<script> [299 bytes]","args":[["getModel","getResource"]]}
RESULT: {"script":"<script> [299 bytes]","args":[["getModel","getResource"]]}
]]></system-out>
    </testcase>
  </testsuite>
  <testsuite timestamp="2025-04-26T17:49:15" time="1078.894" tests="20" failures="17" errors="17" skipped="0">
    <properties>
      <property name="specId" value="0" />
      <property name="suiteName" value="Billing Calculation - Time based (considering transport times) US139738" />
      <property name="capabilities" value="chrome.135_0_7049_96.windows" />
      <property name="file" value="file:///D:/a/1/s/test/specs/BTS/billing-calculation-transp-times.spec.js" />
    </properties>
    <testcase classname="chrome.135_0_7049_96.windows.Billing_Calculation_-_Time_based_(considering_transport_times)_US139738" name="Should create a new yard" time="0.023">
      <system-out><![CDATA[
COMMAND: POST /session/77504fd77c071b9b72819f2d6312026a/window/fullscreen - {}
RESULT: {}
]]></system-out>
    </testcase>
    <testcase classname="chrome.135_0_7049_96.windows.Billing_Calculation_-_Time_based_(considering_transport_times)_US139738" name="Should create a new partner" time="0.004" />
    <testcase classname="chrome.135_0_7049_96.windows.Billing_Calculation_-_Time_based_(considering_transport_times)_US139738" name="Should create a new site" time="0.004" />
  </testsuite>
</testsuites>