<?xml version="1.0" encoding="UTF-8"?>
<testsuites tests="6" failures="0" errors="0" skipped="0">
  <testsuite timestamp="2025-06-14T16:26:25" time="519.742" tests="5" failures="0" errors="0" skipped="0">
    <properties>
      <property name="specId" value="0"/>
      <property name="suiteName" value="Bill of Resources tests for bundle creation &amp; replenishment US131067 US131070"/>
      <property name="capabilities" value="chrome.137_0_7151_69.windows"/>
      <property name="file" value="file:///D:/a/1/s/test/specs/HTR/create-bundle-replenishment.spec.js"/>
    </properties>
    <testcase classname="chrome.137_0_7151_69.windows.Bill_of_Resources_tests_for_bundle_creation_&amp;_replenishment_US131067_US131070" name="Prereq Should create a new yard used for all following tests in the module" time="130.038">
      <system-out><![CDATA[
COMMAND: POST /session/db5d3a08cddd323e15dea0759fa6d3db/window/fullscreen - {}
RESULT: {}
COMMAND: POST /session/db5d3a08cddd323e15dea0759fa6d3db/execute/async - {"script":"<script> [1562 bytes]","args":[{"selector":{"controlType":"sap.m.GenericTile","properties":{"header":"Manage Yards"}},"wdio_ui5_key":"sapm.GenericTile{\"header\":\"Manage Yards\"}"}]}
RESULT: {"script":"<script> [1562 bytes]","args":[{"selector":{"controlType":"sap.m.GenericTile","properties":{"header":"Manage Yards"}},"wdio_ui5_key":"sapm.GenericTile{\"header\":\"Manage Yards\"}"}]}
RESULT: undefined
COMMAND: POST /session/db5d3a08cddd323e15dea0759fa6d3db/element - {"using":"xpath","value":"//*[@id=\"__tile42\"]"}
RESULT: {"using":"xpath","value":"//*[@id=\"__tile42\"]"}
COMMAND: POST /session/db5d3a08cddd323e15dea0759fa6d3db/element/f.6971BE3684EA5570732D082DA9E0D745.d.557B6666A01AC397F4AE9ABA6CB4D4DD.e.140/click - {}
RESULT: {}
COMMAND: GET /session/db5d3a08cddd323e15dea0759fa6d3db/screenshot - {}
RESULT: {}
COMMAND: POST /session/db5d3a08cddd323e15dea0759fa6d3db/elements - {"using":"xpath","value":"//span[text()='Error']"}
RESULT: {"using":"xpath","value":"//span[text()='Error']"}
COMMAND: POST /session/db5d3a08cddd323e15dea0759fa6d3db/element - {"using":"xpath","value":"//button[@data-kt=\"addNewYardOverflowToolbarButton\"]"}
RESULT: {"using":"xpath","value":"//button[@data-kt=\"addNewYardOverflowToolbarButton\"]"}
COMMAND: POST /session/db5d3a08cddd323e15dea0759fa6d3db/elements - {"using":"xpath","value":"//button[@data-kt=\"addNewYardOverflowToolbarButton\"]"}
RESULT: {"using":"xpath","value":"//button[@data-kt=\"addNewYardOverflowToolbarButton\"]"}
COMMAND: POST /session/db5d3a08cddd323e15dea0759fa6d3db/elements - {"using":"xpath","value":"//button[@data-kt=\"addNewYardOverflowToolbarButton\"]"}
RESULT: {"using":"xpath","value":"//button[@data-kt=\"addNewYardOverflowToolbarButton\"]"}
COMMAND: POST /session/db5d3a08cddd323e15dea0759fa6d3db/elements - {"using":"xpath","value":"//button[@data-kt=\"addNewYardOverflowToolbarButton\"]"}
RESULT: {"using":"xpath","value":"//button[@data-kt=\"addNewYardOverflowToolbarButton\"]"}
COMMAND: POST /session/db5d3a08cddd323e15dea0759fa6d3db/elements - {"using":"xpath","value":"//button[@data-kt=\"addNewYardOverflowToolbarButton\"]"}
RESULT: {"using":"xpath","value":"//button[@data-kt=\"addNewYardOverflowToolbarButton\"]"}
COMMAND: POST /session/db5d3a08cddd323e15dea0759fa6d3db/elements - {"using":"xpath","value":"//button[@data-kt=\"addNewYardOverflowToolbarButton\"]"}
RESULT: {"using":"xpath","value":"//button[@data-kt=\"addNewYardOverflowToolbarButton\"]"}
COMMAND: POST /session/db5d3a08cddd323e15dea0759fa6d3db/elements - {"using":"xpath","value":"//button[@data-kt=\"addNewYardOverflowToolbarButton\"]"}
RESULT: {"using":"xpath","value":"//button[@data-kt=\"addNewYardOverflowToolbarButton\"]"}
COMMAND: POST /session/db5d3a08cddd323e15dea0759fa6d3db/elements - {"using":"xpath","value":"//button[@data-kt=\"addNewYardOverflowToolbarButton\"]"}
RESULT: {"using":"xpath","value":"//button[@data-kt=\"addNewYardOverflowToolbarButton\"]"}
COMMAND: POST /session/db5d3a08cddd323e15dea0759fa6d3db/elements - {"using":"xpath","value":"//button[@data-kt=\"addNewYardOverflowToolbarButton\"]"}
RESULT: {"using":"xpath","value":"//button[@data-kt=\"addNewYardOverflowToolbarButton\"]"}
COMMAND: POST /session/db5d3a08cddd323e15dea0759fa6d3db/elements - {"using":"xpath","value":"//button[@data-kt=\"addNewYardOverflowToolbarButton\"]"}
RESULT: {"using":"xpath","value":"//button[@data-kt=\"addNewYardOverflowToolbarButton\"]"}
COMMAND: POST /session/db5d3a08cddd323e15dea0759fa6d3db/elements - {"using":"xpath","value":"//button[@data-kt=\"addNewYardOverflowToolbarButton\"]"}
RESULT: {"using":"xpath","value":"//button[@data-kt=\"addNewYardOverflowToolbarButton\"]"}
COMMAND: POST /session/db5d3a08cddd323e15dea0759fa6d3db/elements - {"using":"xpath","value":"//button[@data-kt=\"addNewYardOverflowToolbarButton\"]"}
RESULT: {"using":"xpath","value":"//button[@data-kt=\"addNewYardOverflowToolbarButton\"]"}
COMMAND: POST /session/db5d3a08cddd323e15dea0759fa6d3db/elements - {"using":"xpath","value":"//button[@data-kt=\"addNewYardOverflowToolbarButton\"]"}
RESULT: {"using":"xpath","value":"//button[@data-kt=\"addNewYardOverflowToolbarButton\"]"}
COMMAND: POST /session/db5d3a08cddd323e15dea0759fa6d3db/elements - {"using":"xpath","value":"//button[@data-kt=\"addNewYardOverflowToolbarButton\"]"}
RESULT: {"using":"xpath","value":"//button[@data-kt=\"addNewYardOverflowToolbarButton\"]"}
COMMAND: POST /session/db5d3a08cddd323e15dea0759fa6d3db/element - {"using":"xpath","value":"//button[@data-kt=\"addNewYardOverflowToolbarButton\"]"}
RESULT: {"using":"xpath","value":"//button[@data-kt=\"addNewYardOverflowToolbarButton\"]"}
COMMAND: POST /session/db5d3a08cddd323e15dea0759fa6d3db/execute/sync - {"script":"<script> [8489 bytes]","args":[{"element-6066-11e4-a52e-4f735466cecf":"f.6971BE3684EA5570732D082DA9E0D745.d.557B6666A01AC397F4AE9ABA6CB4D4DD.e.277","ELEMENT":"f.6971BE3684EA5570732D082DA9E0D745.d.557B6666A01AC397F4AE9ABA6CB4D4DD.e.277"}]}
RESULT: {"script":"<script> [8489 bytes]","args":[{"element-6066-11e4-a52e-4f735466cecf":"f.6971BE3684EA5570732D082DA9E0D745.d.557B6666A01AC397F4AE9ABA6CB4D4DD.e.277","ELEMENT":"f.6971BE3684EA5570732D082DA9E0D745.d.557B6666A01AC397F4AE9ABA6CB4D4DD.e.277"}]}
COMMAND: GET /session/db5d3a08cddd323e15dea0759fa6d3db/element/f.6971BE3684EA5570732D082DA9E0D745.d.557B6666A01AC397F4AE9ABA6CB4D4DD.e.277/enabled - {}
COMMAND: GET /session/db5d3a08cddd323e15dea0759fa6d3db/screenshot - {}
RESULT: {}
COMMAND: POST /session/db5d3a08cddd323e15dea0759fa6d3db/execute/sync - {"script":"<script> [8489 bytes]","args":[{"element-6066-11e4-a52e-4f735466cecf":"f.6971BE3684EA5570732D082DA9E0D745.d.557B6666A01AC397F4AE9ABA6CB4D4DD.e.277","ELEMENT":"f.6971BE3684EA5570732D082DA9E0D745.d.557B6666A01AC397F4AE9ABA6CB4D4DD.e.277"}]}
COMMAND: GET /session/db5d3a08cddd323e15dea0759fa6d3db/screenshot - {}
RESULT: {}
RESULT: {"script":"<script> [8489 bytes]","args":[{"element-6066-11e4-a52e-4f735466cecf":"f.6971BE3684EA5570732D082DA9E0D745.d.557B6666A01AC397F4AE9ABA6CB4D4DD.e.277","ELEMENT":"f.6971BE3684EA5570732D082DA9E0D745.d.557B6666A01AC397F4AE9ABA6CB4D4DD.e.277"}]}
COMMAND: POST /session/db5d3a08cddd323e15dea0759fa6d3db/execute/sync - {"script":"<script> [5351 bytes]","args":[{"element-6066-11e4-a52e-4f735466cecf":"f.6971BE3684EA5570732D082DA9E0D745.d.557B6666A01AC397F4AE9ABA6CB4D4DD.e.277","ELEMENT":"f.6971BE3684EA5570732D082DA9E0D745.d.557B6666A01AC397F4AE9ABA6CB4D4DD.e.277"}]}
COMMAND: GET /session/db5d3a08cddd323e15dea0759fa6d3db/screenshot - {}
RESULT: {}
RESULT: {"script":"<script> [5351 bytes]","args":[{"element-6066-11e4-a52e-4f735466cecf":"f.6971BE3684EA5570732D082DA9E0D745.d.557B6666A01AC397F4AE9ABA6CB4D4DD.e.277","ELEMENT":"f.6971BE3684EA5570732D082DA9E0D745.d.557B6666A01AC397F4AE9ABA6CB4D4DD.e.277"}]}
COMMAND: POST /session/db5d3a08cddd323e15dea0759fa6d3db/element/f.6971BE3684EA5570732D082DA9E0D745.d.557B6666A01AC397F4AE9ABA6CB4D4DD.e.277/click - {}
COMMAND: GET /session/db5d3a08cddd323e15dea0759fa6d3db/screenshot - {}
RESULT: {}
RESULT: {}
COMMAND: GET /session/db5d3a08cddd323e15dea0759fa6d3db/screenshot - {}
RESULT: {}
RESULT: {}
COMMAND: POST /session/db5d3a08cddd323e15dea0759fa6d3db/element - {"using":"xpath","value":"//input[@id=\"application-manageyards-display-component---NewYard--yardId-inner\"]"}
RESULT: {"using":"xpath","value":"//input[@id=\"application-manageyards-display-component---NewYard--yardId-inner\"]"}
COMMAND: POST /session/db5d3a08cddd323e15dea0759fa6d3db/element - {"using":"xpath","value":"//input[@id=\"application-manageyards-display-component---NewYard--yardId-inner\"]"}
RESULT: {"using":"xpath","value":"//input[@id=\"application-manageyards-display-component---NewYard--yardId-inner\"]"}
COMMAND: POST /session/db5d3a08cddd323e15dea0759fa6d3db/execute/async - {"script":"<script> [1562 bytes]","args":[{"selector":{"id":"application-manageyards-display-component---NewYard--addressDetailDetailsName1","interaction":{"idSuffix":"inner"}},"wdio_ui5_key":"applicationmanageyards-display-component---NewYard--addressDetailDetailsName1"}]}
RESULT: {"script":"<script> [1562 bytes]","args":[{"selector":{"id":"application-manageyards-display-component---NewYard--addressDetailDetailsName1","interaction":{"idSuffix":"inner"}},"wdio_ui5_key":"applicationmanageyards-display-component---NewYard--addressDetailDetailsName1"}]}
RESULT: undefined
COMMAND: POST /session/db5d3a08cddd323e15dea0759fa6d3db/execute/async - {"script":"<script> [776 bytes]","args":[{"enterText":"Other Yard WDIO","selector":{"id":"application-manageyards-display-component---NewYard--addressDetailDetailsName1","interaction":{"idSuffix":"inner"}},"clearTextFirst":true,"interactionType":"ENTER_TEXT"}]}
RESULT: {"script":"<script> [776 bytes]","args":[{"enterText":"Other Yard WDIO","selector":{"id":"application-manageyards-display-component---NewYard--addressDetailDetailsName1","interaction":{"idSuffix":"inner"}},"clearTextFirst":true,"interactionType":"ENTER_TEXT"}]}
COMMAND: POST /session/db5d3a08cddd323e15dea0759fa6d3db/execute/async - {"script":"<script> [1562 bytes]","args":[{"selector":{"id":"application-manageyards-display-component---NewYard--addressDetailDetailsLanguage-arrow"},"wdio_ui5_key":"applicationmanageyards-display-component---NewYard--addressDetailDetailsLanguage-arrow"}]}
RESULT: {"script":"<script> [1562 bytes]","args":[{"selector":{"id":"application-manageyards-display-component---NewYard--addressDetailDetailsLanguage-arrow"},"wdio_ui5_key":"applicationmanageyards-display-component---NewYard--addressDetailDetailsLanguage-arrow"}]}
RESULT: undefined
COMMAND: POST /session/db5d3a08cddd323e15dea0759fa6d3db/element - {"using":"xpath","value":"//*[@id=\"application-manageyards-display-component---NewYard--addressDetailDetailsLanguage-arrow\"]"}
RESULT: {"using":"xpath","value":"//*[@id=\"application-manageyards-display-component---NewYard--addressDetailDetailsLanguage-arrow\"]"}
COMMAND: POST /session/db5d3a08cddd323e15dea0759fa6d3db/element/f.6971BE3684EA5570732D082DA9E0D745.d.557B6666A01AC397F4AE9ABA6CB4D4DD.e.716/click - {}
RESULT: {}
COMMAND: POST /session/db5d3a08cddd323e15dea0759fa6d3db/element - {"using":"xpath","value":"//span[contains(text(), \"English\")]"}
COMMAND: GET /session/db5d3a08cddd323e15dea0759fa6d3db/screenshot - {}
RESULT: {"using":"xpath","value":"//span[contains(text(), \"English\")]"}
COMMAND: POST /session/db5d3a08cddd323e15dea0759fa6d3db/element/f.6971BE3684EA5570732D082DA9E0D745.d.557B6666A01AC397F4AE9ABA6CB4D4DD.e.717/click - {}
RESULT: {}
RESULT: {}
COMMAND: POST /session/db5d3a08cddd323e15dea0759fa6d3db/execute/async - {"script":"<script> [1562 bytes]","args":[{"selector":{"id":"application-manageyards-display-component---NewYard--addressDetailDetailsCity1","interaction":{"idSuffix":"inner"}},"wdio_ui5_key":"applicationmanageyards-display-component---NewYard--addressDetailDetailsCity1"}]}
COMMAND: GET /session/db5d3a08cddd323e15dea0759fa6d3db/screenshot - {}
RESULT: {"script":"<script> [1562 bytes]","args":[{"selector":{"id":"application-manageyards-display-component---NewYard--addressDetailDetailsCity1","interaction":{"idSuffix":"inner"}},"wdio_ui5_key":"applicationmanageyards-display-component---NewYard--addressDetailDetailsCity1"}]}
RESULT: undefined
COMMAND: POST /session/db5d3a08cddd323e15dea0759fa6d3db/execute/async - {"script":"<script> [776 bytes]","args":[{"enterText":"Rosario","selector":{"id":"application-manageyards-display-component---NewYard--addressDetailDetailsCity1","interaction":{"idSuffix":"inner"}},"clearTextFirst":true,"interactionType":"ENTER_TEXT"}]}
RESULT: {}
RESULT: {"script":"<script> [776 bytes]","args":[{"enterText":"Rosario","selector":{"id":"application-manageyards-display-component---NewYard--addressDetailDetailsCity1","interaction":{"idSuffix":"inner"}},"clearTextFirst":true,"interactionType":"ENTER_TEXT"}]}
COMMAND: POST /session/db5d3a08cddd323e15dea0759fa6d3db/execute/async - {"script":"<script> [1562 bytes]","args":[{"selector":{"id":"application-manageyards-display-component---NewYard--addressDetailDetailsCountry-arrow"},"wdio_ui5_key":"applicationmanageyards-display-component---NewYard--addressDetailDetailsCountry-arrow"}]}
RESULT: {"script":"<script> [1562 bytes]","args":[{"selector":{"id":"application-manageyards-display-component---NewYard--addressDetailDetailsCountry-arrow"},"wdio_ui5_key":"applicationmanageyards-display-component---NewYard--addressDetailDetailsCountry-arrow"}]}
RESULT: undefined
COMMAND: POST /session/db5d3a08cddd323e15dea0759fa6d3db/element - {"using":"xpath","value":"//*[@id=\"application-manageyards-display-component---NewYard--addressDetailDetailsCountry-arrow\"]"}
RESULT: {"using":"xpath","value":"//*[@id=\"application-manageyards-display-component---NewYard--addressDetailDetailsCountry-arrow\"]"}
COMMAND: POST /session/db5d3a08cddd323e15dea0759fa6d3db/element/f.6971BE3684EA5570732D082DA9E0D745.d.557B6666A01AC397F4AE9ABA6CB4D4DD.e.719/click - {}
RESULT: {}
COMMAND: POST /session/db5d3a08cddd323e15dea0759fa6d3db/element - {"using":"xpath","value":"//span[contains(text(), \"Argentina\")]"}
COMMAND: GET /session/db5d3a08cddd323e15dea0759fa6d3db/screenshot - {}
RESULT: {"using":"xpath","value":"//span[contains(text(), \"Argentina\")]"}
COMMAND: POST /session/db5d3a08cddd323e15dea0759fa6d3db/element/f.6971BE3684EA5570732D082DA9E0D745.d.557B6666A01AC397F4AE9ABA6CB4D4DD.e.720/click - {}
RESULT: {}
RESULT: {}
COMMAND: POST /session/db5d3a08cddd323e15dea0759fa6d3db/execute/async - {"script":"<script> [1562 bytes]","args":[{"selector":{"id":"application-manageyards-display-component---NewYard--addressEditDetailsCostObjectCstType-arrow"},"wdio_ui5_key":"applicationmanageyards-display-component---NewYard--addressEditDetailsCostObjectCstType-arrow"}]}
COMMAND: GET /session/db5d3a08cddd323e15dea0759fa6d3db/screenshot - {}
RESULT: {"script":"<script> [1562 bytes]","args":[{"selector":{"id":"application-manageyards-display-component---NewYard--addressEditDetailsCostObjectCstType-arrow"},"wdio_ui5_key":"applicationmanageyards-display-component---NewYard--addressEditDetailsCostObjectCstType-arrow"}]}
RESULT: undefined
COMMAND: POST /session/db5d3a08cddd323e15dea0759fa6d3db/element - {"using":"xpath","value":"//*[@id=\"application-manageyards-display-component---NewYard--addressEditDetailsCostObjectCstType-arrow\"]"}
RESULT: {}
RESULT: {"using":"xpath","value":"//*[@id=\"application-manageyards-display-component---NewYard--addressEditDetailsCostObjectCstType-arrow\"]"}
COMMAND: POST /session/db5d3a08cddd323e15dea0759fa6d3db/element/f.6971BE3684EA5570732D082DA9E0D745.d.557B6666A01AC397F4AE9ABA6CB4D4DD.e.722/click - {}
RESULT: {}
COMMAND: POST /session/db5d3a08cddd323e15dea0759fa6d3db/element - {"using":"xpath","value":"//span[contains(text(), \"Cost Center\")]"}
COMMAND: GET /session/db5d3a08cddd323e15dea0759fa6d3db/screenshot - {}
RESULT: {"using":"xpath","value":"//span[contains(text(), \"Cost Center\")]"}
COMMAND: POST /session/db5d3a08cddd323e15dea0759fa6d3db/element/f.6971BE3684EA5570732D082DA9E0D745.d.557B6666A01AC397F4AE9ABA6CB4D4DD.e.723/click - {}
RESULT: {}
RESULT: {}
COMMAND: GET /session/db5d3a08cddd323e15dea0759fa6d3db/screenshot - {}
RESULT: {}
COMMAND: POST /session/db5d3a08cddd323e15dea0759fa6d3db/element - {"using":"xpath","value":"//span[@id=\"application-manageyards-display-component---NewYard--addressNewCostObjectCstID-vhi\"]"}
RESULT: {"using":"xpath","value":"//span[@id=\"application-manageyards-display-component---NewYard--addressNewCostObjectCstID-vhi\"]"}
COMMAND: POST /session/db5d3a08cddd323e15dea0759fa6d3db/execute/sync - {"script":"<script> [8489 bytes]","args":[{"element-6066-11e4-a52e-4f735466cecf":"f.6971BE3684EA5570732D082DA9E0D745.d.557B6666A01AC397F4AE9ABA6CB4D4DD.e.727","ELEMENT":"f.6971BE3684EA5570732D082DA9E0D745.d.557B6666A01AC397F4AE9ABA6CB4D4DD.e.727"}]}
RESULT: {"script":"<script> [8489 bytes]","args":[{"element-6066-11e4-a52e-4f735466cecf":"f.6971BE3684EA5570732D082DA9E0D745.d.557B6666A01AC397F4AE9ABA6CB4D4DD.e.727","ELEMENT":"f.6971BE3684EA5570732D082DA9E0D745.d.557B6666A01AC397F4AE9ABA6CB4D4DD.e.727"}]}
COMMAND: POST /session/db5d3a08cddd323e15dea0759fa6d3db/execute/async - {"script":"<script> [1562 bytes]","args":[{"selector":{"id":"application-manageyards-display-component---NewYard--addressNewCostObjectCstID-vhi"},"wdio_ui5_key":"applicationmanageyards-display-component---NewYard--addressNewCostObjectCstID-vhi"}]}
COMMAND: GET /session/db5d3a08cddd323e15dea0759fa6d3db/screenshot - {}
RESULT: {"script":"<script> [1562 bytes]","args":[{"selector":{"id":"application-manageyards-display-component---NewYard--addressNewCostObjectCstID-vhi"},"wdio_ui5_key":"applicationmanageyards-display-component---NewYard--addressNewCostObjectCstID-vhi"}]}
RESULT: undefined
COMMAND: POST /session/db5d3a08cddd323e15dea0759fa6d3db/element - {"using":"xpath","value":"//*[@id=\"application-manageyards-display-component---NewYard--addressNewCostObjectCstID-vhi\"]"}
RESULT: {}
RESULT: {"using":"xpath","value":"//*[@id=\"application-manageyards-display-component---NewYard--addressNewCostObjectCstID-vhi\"]"}
COMMAND: POST /session/db5d3a08cddd323e15dea0759fa6d3db/element/f.6971BE3684EA5570732D082DA9E0D745.d.557B6666A01AC397F4AE9ABA6CB4D4DD.e.727/click - {}
RESULT: {}
COMMAND: GET /session/db5d3a08cddd323e15dea0759fa6d3db/screenshot - {}
RESULT: {}
COMMAND: POST /session/db5d3a08cddd323e15dea0759fa6d3db/execute/async - {"script":"<script> [1562 bytes]","args":[{"selector":{"controlType":"sap.m.SearchField","properties":{"placeholder":"Search"},"searchOpenDialogs":true,"interaction":{"idSuffix":"I"}},"wdio_ui5_key":"sapm.SearchField{\"placeholder\":\"Search\"}"}]}
RESULT: {"script":"<script> [1562 bytes]","args":[{"selector":{"controlType":"sap.m.SearchField","properties":{"placeholder":"Search"},"searchOpenDialogs":true,"interaction":{"idSuffix":"I"}},"wdio_ui5_key":"sapm.SearchField{\"placeholder\":\"Search\"}"}]}
RESULT: undefined
COMMAND: POST /session/db5d3a08cddd323e15dea0759fa6d3db/execute/async - {"script":"<script> [776 bytes]","args":[{"enterText":"bauh_b","selector":{"controlType":"sap.m.SearchField","properties":{"placeholder":"Search"},"searchOpenDialogs":true,"interaction":{"idSuffix":"I"}},"clearTextFirst":true,"interactionType":"ENTER_TEXT"}]}
RESULT: {"script":"<script> [776 bytes]","args":[{"enterText":"bauh_b","selector":{"controlType":"sap.m.SearchField","properties":{"placeholder":"Search"},"searchOpenDialogs":true,"interaction":{"idSuffix":"I"}},"clearTextFirst":true,"interactionType":"ENTER_TEXT"}]}
COMMAND: POST /session/db5d3a08cddd323e15dea0759fa6d3db/actions - {"actions":[{"id":"action1","type":"key","parameters":{},"actions":[{"type":"keyDown","value":""},{"type":"pause","duration":10},{"type":"keyUp","value":""}]}]}
RESULT: {"actions":[{"id":"action1","type":"key","parameters":{},"actions":[{"type":"keyDown","value":""},{"type":"pause","duration":10},{"type":"keyUp","value":""}]}]}
COMMAND: GET /session/db5d3a08cddd323e15dea0759fa6d3db/screenshot - {}
RESULT: {}
COMMAND: POST /session/db5d3a08cddd323e15dea0759fa6d3db/element - {"using":"xpath","value":"//span[contains(text(), \"Demo Yard\")]"}
RESULT: {"using":"xpath","value":"//span[contains(text(), \"Demo Yard\")]"}
COMMAND: POST /session/db5d3a08cddd323e15dea0759fa6d3db/element/f.6971BE3684EA5570732D082DA9E0D745.d.557B6666A01AC397F4AE9ABA6CB4D4DD.e.734/click - {}
RESULT: {}
COMMAND: GET /session/db5d3a08cddd323e15dea0759fa6d3db/screenshot - {}
RESULT: {}
COMMAND: POST /session/db5d3a08cddd323e15dea0759fa6d3db/element - {"using":"xpath","value":"//bdi[contains(text(), \"OK\")]"}
RESULT: {"using":"xpath","value":"//bdi[contains(text(), \"OK\")]"}
COMMAND: POST /session/db5d3a08cddd323e15dea0759fa6d3db/element/f.6971BE3684EA5570732D082DA9E0D745.d.557B6666A01AC397F4AE9ABA6CB4D4DD.e.736/click - {}
RESULT: {}
COMMAND: GET /session/db5d3a08cddd323e15dea0759fa6d3db/screenshot - {}
RESULT: {}
COMMAND: POST /session/db5d3a08cddd323e15dea0759fa6d3db/execute/async - {"script":"<script> [1562 bytes]","args":[{"selector":{"id":"application-manageyards-display-component---NewYard--addressEditDetailsCurrency-arrow"},"wdio_ui5_key":"applicationmanageyards-display-component---NewYard--addressEditDetailsCurrency-arrow"}]}
RESULT: {"script":"<script> [1562 bytes]","args":[{"selector":{"id":"application-manageyards-display-component---NewYard--addressEditDetailsCurrency-arrow"},"wdio_ui5_key":"applicationmanageyards-display-component---NewYard--addressEditDetailsCurrency-arrow"}]}
RESULT: undefined
COMMAND: POST /session/db5d3a08cddd323e15dea0759fa6d3db/element - {"using":"xpath","value":"//*[@id=\"application-manageyards-display-component---NewYard--addressEditDetailsCurrency-arrow\"]"}
RESULT: {"using":"xpath","value":"//*[@id=\"application-manageyards-display-component---NewYard--addressEditDetailsCurrency-arrow\"]"}
COMMAND: POST /session/db5d3a08cddd323e15dea0759fa6d3db/element/f.6971BE3684EA5570732D082DA9E0D745.d.557B6666A01AC397F4AE9ABA6CB4D4DD.e.739/click - {}
RESULT: {}
COMMAND: POST /session/db5d3a08cddd323e15dea0759fa6d3db/element - {"using":"xpath","value":"//span[contains(text(), \"Euro\")]"}
COMMAND: GET /session/db5d3a08cddd323e15dea0759fa6d3db/screenshot - {}
RESULT: {"using":"xpath","value":"//span[contains(text(), \"Euro\")]"}
COMMAND: POST /session/db5d3a08cddd323e15dea0759fa6d3db/element/f.6971BE3684EA5570732D082DA9E0D745.d.557B6666A01AC397F4AE9ABA6CB4D4DD.e.740/click - {}
RESULT: {}
RESULT: {}
COMMAND: POST /session/db5d3a08cddd323e15dea0759fa6d3db/execute/async - {"script":"<script> [1562 bytes]","args":[{"selector":{"controlType":"sap.m.Input","viewName":"etm.portal.ui.manageyards.view.New","viewId":"application-manageyards-display-component---NewYard","bindingPath":{"path":"","propertyPath":"/CONTROLLING_AREA","modelName":"NewYardModel"},"interaction":{"idSuffix":"inner"}},"wdio_ui5_key":"etmportal.ui.manageyards.view.Newsap.m.Input{\"path\":\"\",\"propertyPath\":\"/CONTROLLING_AREA\",\"modelName\":\"NewYardModel\"}"}]}
COMMAND: GET /session/db5d3a08cddd323e15dea0759fa6d3db/screenshot - {}
RESULT: {"script":"<script> [1562 bytes]","args":[{"selector":{"controlType":"sap.m.Input","viewName":"etm.portal.ui.manageyards.view.New","viewId":"application-manageyards-display-component---NewYard","bindingPath":{"path":"","propertyPath":"/CONTROLLING_AREA","modelName":"NewYardModel"},"interaction":{"idSuffix":"inner"}},"wdio_ui5_key":"etmportal.ui.manageyards.view.Newsap.m.Input{\"path\":\"\",\"propertyPath\":\"/CONTROLLING_AREA\",\"modelName\":\"NewYardModel\"}"}]}
RESULT: undefined
COMMAND: POST /session/db5d3a08cddd323e15dea0759fa6d3db/execute/async - {"script":"<script> [776 bytes]","args":[{"enterText":"Z001","selector":{"controlType":"sap.m.Input","viewName":"etm.portal.ui.manageyards.view.New","viewId":"application-manageyards-display-component---NewYard","bindingPath":{"path":"","propertyPath":"/CONTROLLING_AREA","modelName":"NewYardModel"},"interaction":{"idSuffix":"inner"}},"clearTextFirst":true,"interactionType":"ENTER_TEXT"}]}
RESULT: {}
RESULT: {"script":"<script> [776 bytes]","args":[{"enterText":"Z001","selector":{"controlType":"sap.m.Input","viewName":"etm.portal.ui.manageyards.view.New","viewId":"application-manageyards-display-component---NewYard","bindingPath":{"path":"","propertyPath":"/CONTROLLING_AREA","modelName":"NewYardModel"},"interaction":{"idSuffix":"inner"}},"clearTextFirst":true,"interactionType":"ENTER_TEXT"}]}
COMMAND: POST /session/db5d3a08cddd323e15dea0759fa6d3db/execute/async - {"script":"<script> [1562 bytes]","args":[{"selector":{"id":"application-manageyards-display-component---NewYard--companyCodeComboBox","interaction":{"idSuffix":"inner"}},"wdio_ui5_key":"applicationmanageyards-display-component---NewYard--companyCodeComboBox"}]}
RESULT: {"script":"<script> [1562 bytes]","args":[{"selector":{"id":"application-manageyards-display-component---NewYard--companyCodeComboBox","interaction":{"idSuffix":"inner"}},"wdio_ui5_key":"applicationmanageyards-display-component---NewYard--companyCodeComboBox"}]}
RESULT: undefined
COMMAND: POST /session/db5d3a08cddd323e15dea0759fa6d3db/execute/async - {"script":"<script> [776 bytes]","args":[{"enterText":"1000","selector":{"id":"application-manageyards-display-component---NewYard--companyCodeComboBox","interaction":{"idSuffix":"inner"}},"clearTextFirst":true,"interactionType":"ENTER_TEXT"}]}
RESULT: {"script":"<script> [776 bytes]","args":[{"enterText":"1000","selector":{"id":"application-manageyards-display-component---NewYard--companyCodeComboBox","interaction":{"idSuffix":"inner"}},"clearTextFirst":true,"interactionType":"ENTER_TEXT"}]}
COMMAND: POST /session/db5d3a08cddd323e15dea0759fa6d3db/execute/async - {"script":"<script> [1562 bytes]","args":[{"selector":{"controlType":"sap.m.Input","viewName":"etm.portal.ui.manageyards.view.New","viewId":"application-manageyards-display-component---NewYard","bindingPath":{"path":"","propertyPath":"/PLANT","modelName":"NewYardModel"},"interaction":{"idSuffix":"inner"}},"wdio_ui5_key":"etmportal.ui.manageyards.view.Newsap.m.Input{\"path\":\"\",\"propertyPath\":\"/PLANT\",\"modelName\":\"NewYardModel\"}"}]}
RESULT: {"script":"<script> [1562 bytes]","args":[{"selector":{"controlType":"sap.m.Input","viewName":"etm.portal.ui.manageyards.view.New","viewId":"application-manageyards-display-component---NewYard","bindingPath":{"path":"","propertyPath":"/PLANT","modelName":"NewYardModel"},"interaction":{"idSuffix":"inner"}},"wdio_ui5_key":"etmportal.ui.manageyards.view.Newsap.m.Input{\"path\":\"\",\"propertyPath\":\"/PLANT\",\"modelName\":\"NewYardModel\"}"}]}
RESULT: undefined
COMMAND: POST /session/db5d3a08cddd323e15dea0759fa6d3db/execute/async - {"script":"<script> [776 bytes]","args":[{"enterText":"1001","selector":{"controlType":"sap.m.Input","viewName":"etm.portal.ui.manageyards.view.New","viewId":"application-manageyards-display-component---NewYard","bindingPath":{"path":"","propertyPath":"/PLANT","modelName":"NewYardModel"},"interaction":{"idSuffix":"inner"}},"clearTextFirst":true,"interactionType":"ENTER_TEXT"}]}
RESULT: {"script":"<script> [776 bytes]","args":[{"enterText":"1001","selector":{"controlType":"sap.m.Input","viewName":"etm.portal.ui.manageyards.view.New","viewId":"application-manageyards-display-component---NewYard","bindingPath":{"path":"","propertyPath":"/PLANT","modelName":"NewYardModel"},"interaction":{"idSuffix":"inner"}},"clearTextFirst":true,"interactionType":"ENTER_TEXT"}]}
COMMAND: POST /session/db5d3a08cddd323e15dea0759fa6d3db/execute/async - {"script":"<script> [1562 bytes]","args":[{"selector":{"controlType":"sap.m.Input","viewName":"etm.portal.ui.manageyards.view.New","viewId":"application-manageyards-display-component---NewYard","bindingPath":{"path":"","propertyPath":"/SALES_AREA_VKORG","modelName":"NewYardModel"},"interaction":{"idSuffix":"inner"}},"wdio_ui5_key":"etmportal.ui.manageyards.view.Newsap.m.Input{\"path\":\"\",\"propertyPath\":\"/SALES_AREA_VKORG\",\"modelName\":\"NewYardModel\"}"}]}
RESULT: {"script":"<script> [1562 bytes]","args":[{"selector":{"controlType":"sap.m.Input","viewName":"etm.portal.ui.manageyards.view.New","viewId":"application-manageyards-display-component---NewYard","bindingPath":{"path":"","propertyPath":"/SALES_AREA_VKORG","modelName":"NewYardModel"},"interaction":{"idSuffix":"inner"}},"wdio_ui5_key":"etmportal.ui.manageyards.view.Newsap.m.Input{\"path\":\"\",\"propertyPath\":\"/SALES_AREA_VKORG\",\"modelName\":\"NewYardModel\"}"}]}
RESULT: undefined
COMMAND: POST /session/db5d3a08cddd323e15dea0759fa6d3db/execute/async - {"script":"<script> [776 bytes]","args":[{"enterText":"C002","selector":{"controlType":"sap.m.Input","viewName":"etm.portal.ui.manageyards.view.New","viewId":"application-manageyards-display-component---NewYard","bindingPath":{"path":"","propertyPath":"/SALES_AREA_VKORG","modelName":"NewYardModel"},"interaction":{"idSuffix":"inner"}},"clearTextFirst":true,"interactionType":"ENTER_TEXT"}]}
RESULT: {"script":"<script> [776 bytes]","args":[{"enterText":"C002","selector":{"controlType":"sap.m.Input","viewName":"etm.portal.ui.manageyards.view.New","viewId":"application-manageyards-display-component---NewYard","bindingPath":{"path":"","propertyPath":"/SALES_AREA_VKORG","modelName":"NewYardModel"},"interaction":{"idSuffix":"inner"}},"clearTextFirst":true,"interactionType":"ENTER_TEXT"}]}
COMMAND: POST /session/db5d3a08cddd323e15dea0759fa6d3db/execute/async - {"script":"<script> [1562 bytes]","args":[{"selector":{"controlType":"sap.m.Input","viewName":"etm.portal.ui.manageyards.view.New","viewId":"application-manageyards-display-component---NewYard","bindingPath":{"path":"","propertyPath":"/SALES_AREA_VTWEG","modelName":"NewYardModel"},"interaction":{"idSuffix":"inner"}},"wdio_ui5_key":"etmportal.ui.manageyards.view.Newsap.m.Input{\"path\":\"\",\"propertyPath\":\"/SALES_AREA_VTWEG\",\"modelName\":\"NewYardModel\"}"}]}
RESULT: {"script":"<script> [1562 bytes]","args":[{"selector":{"controlType":"sap.m.Input","viewName":"etm.portal.ui.manageyards.view.New","viewId":"application-manageyards-display-component---NewYard","bindingPath":{"path":"","propertyPath":"/SALES_AREA_VTWEG","modelName":"NewYardModel"},"interaction":{"idSuffix":"inner"}},"wdio_ui5_key":"etmportal.ui.manageyards.view.Newsap.m.Input{\"path\":\"\",\"propertyPath\":\"/SALES_AREA_VTWEG\",\"modelName\":\"NewYardModel\"}"}]}
RESULT: undefined
COMMAND: POST /session/db5d3a08cddd323e15dea0759fa6d3db/execute/async - {"script":"<script> [776 bytes]","args":[{"enterText":"C2","selector":{"controlType":"sap.m.Input","viewName":"etm.portal.ui.manageyards.view.New","viewId":"application-manageyards-display-component---NewYard","bindingPath":{"path":"","propertyPath":"/SALES_AREA_VTWEG","modelName":"NewYardModel"},"interaction":{"idSuffix":"inner"}},"clearTextFirst":true,"interactionType":"ENTER_TEXT"}]}
RESULT: {"script":"<script> [776 bytes]","args":[{"enterText":"C2","selector":{"controlType":"sap.m.Input","viewName":"etm.portal.ui.manageyards.view.New","viewId":"application-manageyards-display-component---NewYard","bindingPath":{"path":"","propertyPath":"/SALES_AREA_VTWEG","modelName":"NewYardModel"},"interaction":{"idSuffix":"inner"}},"clearTextFirst":true,"interactionType":"ENTER_TEXT"}]}
COMMAND: POST /session/db5d3a08cddd323e15dea0759fa6d3db/execute/async - {"script":"<script> [1562 bytes]","args":[{"selector":{"controlType":"sap.m.Input","viewName":"etm.portal.ui.manageyards.view.New","viewId":"application-manageyards-display-component---NewYard","bindingPath":{"path":"","propertyPath":"/SALES_AREA_SPART","modelName":"NewYardModel"},"interaction":{"idSuffix":"inner"}},"wdio_ui5_key":"etmportal.ui.manageyards.view.Newsap.m.Input{\"path\":\"\",\"propertyPath\":\"/SALES_AREA_SPART\",\"modelName\":\"NewYardModel\"}"}]}
RESULT: {"script":"<script> [1562 bytes]","args":[{"selector":{"controlType":"sap.m.Input","viewName":"etm.portal.ui.manageyards.view.New","viewId":"application-manageyards-display-component---NewYard","bindingPath":{"path":"","propertyPath":"/SALES_AREA_SPART","modelName":"NewYardModel"},"interaction":{"idSuffix":"inner"}},"wdio_ui5_key":"etmportal.ui.manageyards.view.Newsap.m.Input{\"path\":\"\",\"propertyPath\":\"/SALES_AREA_SPART\",\"modelName\":\"NewYardModel\"}"}]}
RESULT: undefined
COMMAND: POST /session/db5d3a08cddd323e15dea0759fa6d3db/execute/async - {"script":"<script> [776 bytes]","args":[{"enterText":"C2","selector":{"controlType":"sap.m.Input","viewName":"etm.portal.ui.manageyards.view.New","viewId":"application-manageyards-display-component---NewYard","bindingPath":{"path":"","propertyPath":"/SALES_AREA_SPART","modelName":"NewYardModel"},"interaction":{"idSuffix":"inner"}},"clearTextFirst":true,"interactionType":"ENTER_TEXT"}]}
RESULT: {"script":"<script> [776 bytes]","args":[{"enterText":"C2","selector":{"controlType":"sap.m.Input","viewName":"etm.portal.ui.manageyards.view.New","viewId":"application-manageyards-display-component---NewYard","bindingPath":{"path":"","propertyPath":"/SALES_AREA_SPART","modelName":"NewYardModel"},"interaction":{"idSuffix":"inner"}},"clearTextFirst":true,"interactionType":"ENTER_TEXT"}]}
COMMAND: POST /session/db5d3a08cddd323e15dea0759fa6d3db/execute/async - {"script":"<script> [1562 bytes]","args":[{"selector":{"controlType":"sap.m.Input","viewName":"etm.portal.ui.manageyards.view.New","viewId":"application-manageyards-display-component---NewYard","bindingPath":{"path":"","propertyPath":"/SHIP_POINT","modelName":"NewYardModel"},"interaction":{"idSuffix":"inner"}},"wdio_ui5_key":"etmportal.ui.manageyards.view.Newsap.m.Input{\"path\":\"\",\"propertyPath\":\"/SHIP_POINT\",\"modelName\":\"NewYardModel\"}"}]}
RESULT: {"script":"<script> [1562 bytes]","args":[{"selector":{"controlType":"sap.m.Input","viewName":"etm.portal.ui.manageyards.view.New","viewId":"application-manageyards-display-component---NewYard","bindingPath":{"path":"","propertyPath":"/SHIP_POINT","modelName":"NewYardModel"},"interaction":{"idSuffix":"inner"}},"wdio_ui5_key":"etmportal.ui.manageyards.view.Newsap.m.Input{\"path\":\"\",\"propertyPath\":\"/SHIP_POINT\",\"modelName\":\"NewYardModel\"}"}]}
RESULT: undefined
COMMAND: POST /session/db5d3a08cddd323e15dea0759fa6d3db/execute/async - {"script":"<script> [776 bytes]","args":[{"enterText":"1710","selector":{"controlType":"sap.m.Input","viewName":"etm.portal.ui.manageyards.view.New","viewId":"application-manageyards-display-component---NewYard","bindingPath":{"path":"","propertyPath":"/SHIP_POINT","modelName":"NewYardModel"},"interaction":{"idSuffix":"inner"}},"clearTextFirst":true,"interactionType":"ENTER_TEXT"}]}
RESULT: {"script":"<script> [776 bytes]","args":[{"enterText":"1710","selector":{"controlType":"sap.m.Input","viewName":"etm.portal.ui.manageyards.view.New","viewId":"application-manageyards-display-component---NewYard","bindingPath":{"path":"","propertyPath":"/SHIP_POINT","modelName":"NewYardModel"},"interaction":{"idSuffix":"inner"}},"clearTextFirst":true,"interactionType":"ENTER_TEXT"}]}
COMMAND: POST /session/db5d3a08cddd323e15dea0759fa6d3db/execute/async - {"script":"<script> [1562 bytes]","args":[{"selector":{"controlType":"sap.m.Input","viewName":"etm.portal.ui.manageyards.view.New","viewId":"application-manageyards-display-component---NewYard","bindingPath":{"path":"","propertyPath":"/DELIVERY_TYPE","modelName":"NewYardModel"},"interaction":{"idSuffix":"inner"}},"wdio_ui5_key":"etmportal.ui.manageyards.view.Newsap.m.Input{\"path\":\"\",\"propertyPath\":\"/DELIVERY_TYPE\",\"modelName\":\"NewYardModel\"}"}]}
RESULT: {"script":"<script> [1562 bytes]","args":[{"selector":{"controlType":"sap.m.Input","viewName":"etm.portal.ui.manageyards.view.New","viewId":"application-manageyards-display-component---NewYard","bindingPath":{"path":"","propertyPath":"/DELIVERY_TYPE","modelName":"NewYardModel"},"interaction":{"idSuffix":"inner"}},"wdio_ui5_key":"etmportal.ui.manageyards.view.Newsap.m.Input{\"path\":\"\",\"propertyPath\":\"/DELIVERY_TYPE\",\"modelName\":\"NewYardModel\"}"}]}
RESULT: undefined
COMMAND: POST /session/db5d3a08cddd323e15dea0759fa6d3db/execute/async - {"script":"<script> [776 bytes]","args":[{"enterText":"ZL01","selector":{"controlType":"sap.m.Input","viewName":"etm.portal.ui.manageyards.view.New","viewId":"application-manageyards-display-component---NewYard","bindingPath":{"path":"","propertyPath":"/DELIVERY_TYPE","modelName":"NewYardModel"},"interaction":{"idSuffix":"inner"}},"clearTextFirst":true,"interactionType":"ENTER_TEXT"}]}
RESULT: {"script":"<script> [776 bytes]","args":[{"enterText":"ZL01","selector":{"controlType":"sap.m.Input","viewName":"etm.portal.ui.manageyards.view.New","viewId":"application-manageyards-display-component---NewYard","bindingPath":{"path":"","propertyPath":"/DELIVERY_TYPE","modelName":"NewYardModel"},"interaction":{"idSuffix":"inner"}},"clearTextFirst":true,"interactionType":"ENTER_TEXT"}]}
COMMAND: POST /session/db5d3a08cddd323e15dea0759fa6d3db/execute/async - {"script":"<script> [1562 bytes]","args":[{"selector":{"controlType":"sap.m.Input","viewName":"etm.portal.ui.manageyards.view.New","viewId":"application-manageyards-display-component---NewYard","bindingPath":{"path":"","propertyPath":"/AUART","modelName":"NewYardModel"},"interaction":{"idSuffix":"inner"}},"wdio_ui5_key":"etmportal.ui.manageyards.view.Newsap.m.Input{\"path\":\"\",\"propertyPath\":\"/AUART\",\"modelName\":\"NewYardModel\"}"}]}
RESULT: {"script":"<script> [1562 bytes]","args":[{"selector":{"controlType":"sap.m.Input","viewName":"etm.portal.ui.manageyards.view.New","viewId":"application-manageyards-display-component---NewYard","bindingPath":{"path":"","propertyPath":"/AUART","modelName":"NewYardModel"},"interaction":{"idSuffix":"inner"}},"wdio_ui5_key":"etmportal.ui.manageyards.view.Newsap.m.Input{\"path\":\"\",\"propertyPath\":\"/AUART\",\"modelName\":\"NewYardModel\"}"}]}
RESULT: undefined
COMMAND: POST /session/db5d3a08cddd323e15dea0759fa6d3db/execute/async - {"script":"<script> [776 bytes]","args":[{"enterText":"TA","selector":{"controlType":"sap.m.Input","viewName":"etm.portal.ui.manageyards.view.New","viewId":"application-manageyards-display-component---NewYard","bindingPath":{"path":"","propertyPath":"/AUART","modelName":"NewYardModel"},"interaction":{"idSuffix":"inner"}},"clearTextFirst":true,"interactionType":"ENTER_TEXT"}]}
RESULT: {"script":"<script> [776 bytes]","args":[{"enterText":"TA","selector":{"controlType":"sap.m.Input","viewName":"etm.portal.ui.manageyards.view.New","viewId":"application-manageyards-display-component---NewYard","bindingPath":{"path":"","propertyPath":"/AUART","modelName":"NewYardModel"},"interaction":{"idSuffix":"inner"}},"clearTextFirst":true,"interactionType":"ENTER_TEXT"}]}
COMMAND: POST /session/db5d3a08cddd323e15dea0759fa6d3db/element - {"using":"xpath","value":"//button[@data-kt=\"newYardSaveButton\"]"}
RESULT: {"using":"xpath","value":"//button[@data-kt=\"newYardSaveButton\"]"}
COMMAND: POST /session/db5d3a08cddd323e15dea0759fa6d3db/element/f.6971BE3684EA5570732D082DA9E0D745.d.557B6666A01AC397F4AE9ABA6CB4D4DD.e.699/click - {}
RESULT: {}
COMMAND: GET /session/db5d3a08cddd323e15dea0759fa6d3db/screenshot - {}
RESULT: {}
COMMAND: POST /session/db5d3a08cddd323e15dea0759fa6d3db/element - {"using":"xpath","value":"//header[contains(@id, 'ObjectPageLayout-headerTitle')]/div[1]/div[2]/div[1]/span[1]"}
RESULT: {"using":"xpath","value":"//header[contains(@id, 'ObjectPageLayout-headerTitle')]/div[1]/div[2]/div[1]/span[1]"}
COMMAND: POST /session/db5d3a08cddd323e15dea0759fa6d3db/elements - {"using":"xpath","value":"//header[contains(@id, 'ObjectPageLayout-headerTitle')]/div[1]/div[2]/div[1]/span[1]"}
RESULT: {"using":"xpath","value":"//header[contains(@id, 'ObjectPageLayout-headerTitle')]/div[1]/div[2]/div[1]/span[1]"}
COMMAND: POST /session/db5d3a08cddd323e15dea0759fa6d3db/execute/sync - {"script":"<script> [56 bytes]","args":[{"element-6066-11e4-a52e-4f735466cecf":"f.6971BE3684EA5570732D082DA9E0D745.d.557B6666A01AC397F4AE9ABA6CB4D4DD.e.966","ELEMENT":"f.6971BE3684EA5570732D082DA9E0D745.d.557B6666A01AC397F4AE9ABA6CB4D4DD.e.966"}]}
RESULT: {"script":"<script> [56 bytes]","args":[{"element-6066-11e4-a52e-4f735466cecf":"f.6971BE3684EA5570732D082DA9E0D745.d.557B6666A01AC397F4AE9ABA6CB4D4DD.e.966","ELEMENT":"f.6971BE3684EA5570732D082DA9E0D745.d.557B6666A01AC397F4AE9ABA6CB4D4DD.e.966"}]}
COMMAND: GET /session/db5d3a08cddd323e15dea0759fa6d3db/screenshot - {}
RESULT: {}
COMMAND: POST /session/db5d3a08cddd323e15dea0759fa6d3db/element - {"using":"css selector","value":"#shell-header-logo"}
RESULT: {"using":"css selector","value":"#shell-header-logo"}
COMMAND: POST /session/db5d3a08cddd323e15dea0759fa6d3db/element/f.6971BE3684EA5570732D082DA9E0D745.d.557B6666A01AC397F4AE9ABA6CB4D4DD.e.106/click - {}
RESULT: {}
COMMAND: GET /session/db5d3a08cddd323e15dea0759fa6d3db/screenshot - {}
RESULT: {}
COMMAND: POST /session/db5d3a08cddd323e15dea0759fa6d3db/execute/sync - {"script":"<script> [299 bytes]","args":[["getModel","getResource"]]}
RESULT: {"script":"<script> [299 bytes]","args":[["getModel","getResource"]]}
COMMAND: GET /session/db5d3a08cddd323e15dea0759fa6d3db/screenshot - {}
]]></system-out>
    </testcase>
    <testcase classname="chrome.137_0_7151_69.windows.Bill_of_Resources_tests_for_bundle_creation_&amp;_replenishment_US131067_US131070" name="Should create two equipments one being a copy of the other" time="150.597">
      <system-out><![CDATA[
COMMAND: POST /session/db5d3a08cddd323e15dea0759fa6d3db/execute/async - {"script":"<script> [1562 bytes]","args":[{"selector":{"controlType":"sap.m.GenericTile","properties":{"header":"Manage Resources"}},"wdio_ui5_key":"sapm.GenericTile{\"header\":\"Manage Resources\"}"}]}
RESULT: {}
RESULT: {"script":"<script> [1562 bytes]","args":[{"selector":{"controlType":"sap.m.GenericTile","properties":{"header":"Manage Resources"}},"wdio_ui5_key":"sapm.GenericTile{\"header\":\"Manage Resources\"}"}]}
RESULT: undefined
COMMAND: POST /session/db5d3a08cddd323e15dea0759fa6d3db/element - {"using":"xpath","value":"//*[@id=\"__tile40\"]"}
RESULT: {"using":"xpath","value":"//*[@id=\"__tile40\"]"}
COMMAND: POST /session/db5d3a08cddd323e15dea0759fa6d3db/element/f.6971BE3684EA5570732D082DA9E0D745.d.557B6666A01AC397F4AE9ABA6CB4D4DD.e.134/click - {}
RESULT: {}
COMMAND: GET /session/db5d3a08cddd323e15dea0759fa6d3db/screenshot - {}
RESULT: {}
COMMAND: POST /session/db5d3a08cddd323e15dea0759fa6d3db/elements - {"using":"xpath","value":"//span[text()='Error']"}
RESULT: {"using":"xpath","value":"//span[text()='Error']"}
COMMAND: POST /session/db5d3a08cddd323e15dea0759fa6d3db/element - {"using":"xpath","value":"//button[@data-kt=\"addNewRUOverflowToolbarButton\"]"}
RESULT: {"using":"xpath","value":"//button[@data-kt=\"addNewRUOverflowToolbarButton\"]"}
COMMAND: POST /session/db5d3a08cddd323e15dea0759fa6d3db/elements - {"using":"xpath","value":"//button[@data-kt=\"addNewRUOverflowToolbarButton\"]"}
RESULT: {"using":"xpath","value":"//button[@data-kt=\"addNewRUOverflowToolbarButton\"]"}
COMMAND: POST /session/db5d3a08cddd323e15dea0759fa6d3db/execute/sync - {"script":"<script> [8489 bytes]","args":[{"element-6066-11e4-a52e-4f735466cecf":"f.6971BE3684EA5570732D082DA9E0D745.d.557B6666A01AC397F4AE9ABA6CB4D4DD.e.1012","ELEMENT":"f.6971BE3684EA5570732D082DA9E0D745.d.557B6666A01AC397F4AE9ABA6CB4D4DD.e.1012"}]}
RESULT: {"script":"<script> [8489 bytes]","args":[{"element-6066-11e4-a52e-4f735466cecf":"f.6971BE3684EA5570732D082DA9E0D745.d.557B6666A01AC397F4AE9ABA6CB4D4DD.e.1012","ELEMENT":"f.6971BE3684EA5570732D082DA9E0D745.d.557B6666A01AC397F4AE9ABA6CB4D4DD.e.1012"}]}
COMMAND: GET /session/db5d3a08cddd323e15dea0759fa6d3db/element/f.6971BE3684EA5570732D082DA9E0D745.d.557B6666A01AC397F4AE9ABA6CB4D4DD.e.1012/enabled - {}
COMMAND: GET /session/db5d3a08cddd323e15dea0759fa6d3db/screenshot - {}
RESULT: {}
COMMAND: POST /session/db5d3a08cddd323e15dea0759fa6d3db/execute/sync - {"script":"<script> [8489 bytes]","args":[{"element-6066-11e4-a52e-4f735466cecf":"f.6971BE3684EA5570732D082DA9E0D745.d.557B6666A01AC397F4AE9ABA6CB4D4DD.e.1012","ELEMENT":"f.6971BE3684EA5570732D082DA9E0D745.d.557B6666A01AC397F4AE9ABA6CB4D4DD.e.1012"}]}
COMMAND: GET /session/db5d3a08cddd323e15dea0759fa6d3db/screenshot - {}
RESULT: {}
RESULT: {"script":"<script> [8489 bytes]","args":[{"element-6066-11e4-a52e-4f735466cecf":"f.6971BE3684EA5570732D082DA9E0D745.d.557B6666A01AC397F4AE9ABA6CB4D4DD.e.1012","ELEMENT":"f.6971BE3684EA5570732D082DA9E0D745.d.557B6666A01AC397F4AE9ABA6CB4D4DD.e.1012"}]}
COMMAND: POST /session/db5d3a08cddd323e15dea0759fa6d3db/execute/sync - {"script":"<script> [5351 bytes]","args":[{"element-6066-11e4-a52e-4f735466cecf":"f.6971BE3684EA5570732D082DA9E0D745.d.557B6666A01AC397F4AE9ABA6CB4D4DD.e.1012","ELEMENT":"f.6971BE3684EA5570732D082DA9E0D745.d.557B6666A01AC397F4AE9ABA6CB4D4DD.e.1012"}]}
COMMAND: GET /session/db5d3a08cddd323e15dea0759fa6d3db/screenshot - {}
RESULT: {}
RESULT: {"script":"<script> [5351 bytes]","args":[{"element-6066-11e4-a52e-4f735466cecf":"f.6971BE3684EA5570732D082DA9E0D745.d.557B6666A01AC397F4AE9ABA6CB4D4DD.e.1012","ELEMENT":"f.6971BE3684EA5570732D082DA9E0D745.d.557B6666A01AC397F4AE9ABA6CB4D4DD.e.1012"}]}
COMMAND: POST /session/db5d3a08cddd323e15dea0759fa6d3db/element/f.6971BE3684EA5570732D082DA9E0D745.d.557B6666A01AC397F4AE9ABA6CB4D4DD.e.1012/click - {}
COMMAND: GET /session/db5d3a08cddd323e15dea0759fa6d3db/screenshot - {}
RESULT: {}
RESULT: {}
COMMAND: GET /session/db5d3a08cddd323e15dea0759fa6d3db/screenshot - {}
COMMAND: POST /session/db5d3a08cddd323e15dea0759fa6d3db/execute/async - {"script":"<script> [1562 bytes]","args":[{"selector":{"id":"application-manageresources-display-component---newResourceUnit--TYPE-arrow"},"wdio_ui5_key":"applicationmanageresources-display-component---newResourceUnit--TYPE-arrow"}]}
RESULT: {}
RESULT: {}
RESULT: {"script":"<script> [1562 bytes]","args":[{"selector":{"id":"application-manageresources-display-component---newResourceUnit--TYPE-arrow"},"wdio_ui5_key":"applicationmanageresources-display-component---newResourceUnit--TYPE-arrow"}]}
RESULT: undefined
COMMAND: POST /session/db5d3a08cddd323e15dea0759fa6d3db/element - {"using":"xpath","value":"//*[@id=\"application-manageresources-display-component---newResourceUnit--TYPE-arrow\"]"}
RESULT: {"using":"xpath","value":"//*[@id=\"application-manageresources-display-component---newResourceUnit--TYPE-arrow\"]"}
COMMAND: POST /session/db5d3a08cddd323e15dea0759fa6d3db/element/f.6971BE3684EA5570732D082DA9E0D745.d.557B6666A01AC397F4AE9ABA6CB4D4DD.e.1363/click - {}
RESULT: {}
COMMAND: POST /session/db5d3a08cddd323e15dea0759fa6d3db/execute/async - {"script":"<script> [1562 bytes]","args":[{"selector":{"controlType":"sap.m.StandardListItem","viewName":"reusables.view.manageresources.NewResourceUnit","viewId":"application-manageresources-display-component---newResourceUnit","properties":{"title":"Equipment"},"searchOpenDialogs":true,"interaction":{"idSuffix":"content"}},"wdio_ui5_key":"reusablesview.manageresources.NewResourceUnitsap.m.StandardListItem{\"title\":\"Equipment\"}"}]}
COMMAND: GET /session/db5d3a08cddd323e15dea0759fa6d3db/screenshot - {}
RESULT: {"script":"<script> [1562 bytes]","args":[{"selector":{"controlType":"sap.m.StandardListItem","viewName":"reusables.view.manageresources.NewResourceUnit","viewId":"application-manageresources-display-component---newResourceUnit","properties":{"title":"Equipment"},"searchOpenDialogs":true,"interaction":{"idSuffix":"content"}},"wdio_ui5_key":"reusablesview.manageresources.NewResourceUnitsap.m.StandardListItem{\"title\":\"Equipment\"}"}]}
RESULT: undefined
COMMAND: POST /session/db5d3a08cddd323e15dea0759fa6d3db/element - {"using":"xpath","value":"//*[@id=\"__item507\"]"}
RESULT: {}
RESULT: {"using":"xpath","value":"//*[@id=\"__item507\"]"}
COMMAND: POST /session/db5d3a08cddd323e15dea0759fa6d3db/element/f.6971BE3684EA5570732D082DA9E0D745.d.557B6666A01AC397F4AE9ABA6CB4D4DD.e.1366/click - {}
RESULT: {}
COMMAND: POST /session/db5d3a08cddd323e15dea0759fa6d3db/execute/async - {"script":"<script> [1562 bytes]","args":[{"selector":{"id":"application-manageresources-display-component---newResourceUnit--resourceId","interaction":{"idSuffix":"inner"}},"wdio_ui5_key":"applicationmanageresources-display-component---newResourceUnit--resourceId"}]}
COMMAND: GET /session/db5d3a08cddd323e15dea0759fa6d3db/screenshot - {}
RESULT: {"script":"<script> [1562 bytes]","args":[{"selector":{"id":"application-manageresources-display-component---newResourceUnit--resourceId","interaction":{"idSuffix":"inner"}},"wdio_ui5_key":"applicationmanageresources-display-component---newResourceUnit--resourceId"}]}
RESULT: undefined
COMMAND: POST /session/db5d3a08cddd323e15dea0759fa6d3db/execute/async - {"script":"<script> [776 bytes]","args":[{"enterText":"HBTTo7C2u_1","selector":{"id":"application-manageresources-display-component---newResourceUnit--resourceId","interaction":{"idSuffix":"inner"}},"clearTextFirst":true,"interactionType":"ENTER_TEXT"}]}
RESULT: {}
RESULT: {"script":"<script> [776 bytes]","args":[{"enterText":"HBTTo7C2u_1","selector":{"id":"application-manageresources-display-component---newResourceUnit--resourceId","interaction":{"idSuffix":"inner"}},"clearTextFirst":true,"interactionType":"ENTER_TEXT"}]}
COMMAND: POST /session/db5d3a08cddd323e15dea0759fa6d3db/execute/async - {"script":"<script> [1562 bytes]","args":[{"selector":{"id":"application-manageresources-display-component---newResourceUnit--SHORT_TEXT","interaction":{"idSuffix":"inner"}},"wdio_ui5_key":"applicationmanageresources-display-component---newResourceUnit--SHORT_TEXT"}]}
RESULT: {"script":"<script> [1562 bytes]","args":[{"selector":{"id":"application-manageresources-display-component---newResourceUnit--SHORT_TEXT","interaction":{"idSuffix":"inner"}},"wdio_ui5_key":"applicationmanageresources-display-component---newResourceUnit--SHORT_TEXT"}]}
RESULT: undefined
COMMAND: POST /session/db5d3a08cddd323e15dea0759fa6d3db/execute/async - {"script":"<script> [776 bytes]","args":[{"enterText":"HBTTo7C2u_1","selector":{"id":"application-manageresources-display-component---newResourceUnit--SHORT_TEXT","interaction":{"idSuffix":"inner"}},"clearTextFirst":true,"interactionType":"ENTER_TEXT"}]}
RESULT: {"script":"<script> [776 bytes]","args":[{"enterText":"HBTTo7C2u_1","selector":{"id":"application-manageresources-display-component---newResourceUnit--SHORT_TEXT","interaction":{"idSuffix":"inner"}},"clearTextFirst":true,"interactionType":"ENTER_TEXT"}]}
COMMAND: POST /session/db5d3a08cddd323e15dea0759fa6d3db/execute/async - {"script":"<script> [1562 bytes]","args":[{"selector":{"id":"application-manageresources-display-component---newResourceUnit--BASE_UNIT_OF_MEASURE","interaction":{"idSuffix":"inner"}},"wdio_ui5_key":"applicationmanageresources-display-component---newResourceUnit--BASE_UNIT_OF_MEASURE"}]}
RESULT: {"script":"<script> [1562 bytes]","args":[{"selector":{"id":"application-manageresources-display-component---newResourceUnit--BASE_UNIT_OF_MEASURE","interaction":{"idSuffix":"inner"}},"wdio_ui5_key":"applicationmanageresources-display-component---newResourceUnit--BASE_UNIT_OF_MEASURE"}]}
RESULT: undefined
COMMAND: POST /session/db5d3a08cddd323e15dea0759fa6d3db/execute/async - {"script":"<script> [776 bytes]","args":[{"enterText":"Piece","selector":{"id":"application-manageresources-display-component---newResourceUnit--BASE_UNIT_OF_MEASURE","interaction":{"idSuffix":"inner"}},"clearTextFirst":true,"interactionType":"ENTER_TEXT"}]}
RESULT: {"script":"<script> [776 bytes]","args":[{"enterText":"Piece","selector":{"id":"application-manageresources-display-component---newResourceUnit--BASE_UNIT_OF_MEASURE","interaction":{"idSuffix":"inner"}},"clearTextFirst":true,"interactionType":"ENTER_TEXT"}]}
COMMAND: POST /session/db5d3a08cddd323e15dea0759fa6d3db/execute/async - {"script":"<script> [1562 bytes]","args":[{"selector":{"id":"application-manageresources-display-component---newResourceUnit--WEIGHT_UNIT","interaction":{"idSuffix":"inner"}},"wdio_ui5_key":"applicationmanageresources-display-component---newResourceUnit--WEIGHT_UNIT"}]}
RESULT: {"script":"<script> [1562 bytes]","args":[{"selector":{"id":"application-manageresources-display-component---newResourceUnit--WEIGHT_UNIT","interaction":{"idSuffix":"inner"}},"wdio_ui5_key":"applicationmanageresources-display-component---newResourceUnit--WEIGHT_UNIT"}]}
RESULT: undefined
COMMAND: POST /session/db5d3a08cddd323e15dea0759fa6d3db/execute/async - {"script":"<script> [776 bytes]","args":[{"enterText":"Gram","selector":{"id":"application-manageresources-display-component---newResourceUnit--WEIGHT_UNIT","interaction":{"idSuffix":"inner"}},"clearTextFirst":true,"interactionType":"ENTER_TEXT"}]}
RESULT: {"script":"<script> [776 bytes]","args":[{"enterText":"Gram","selector":{"id":"application-manageresources-display-component---newResourceUnit--WEIGHT_UNIT","interaction":{"idSuffix":"inner"}},"clearTextFirst":true,"interactionType":"ENTER_TEXT"}]}
COMMAND: POST /session/db5d3a08cddd323e15dea0759fa6d3db/execute/async - {"script":"<script> [1562 bytes]","args":[{"selector":{"id":"application-manageresources-display-component---newResourceUnit--DIMENSION_UNIT","interaction":{"idSuffix":"inner"}},"wdio_ui5_key":"applicationmanageresources-display-component---newResourceUnit--DIMENSION_UNIT"}]}
RESULT: {"script":"<script> [1562 bytes]","args":[{"selector":{"id":"application-manageresources-display-component---newResourceUnit--DIMENSION_UNIT","interaction":{"idSuffix":"inner"}},"wdio_ui5_key":"applicationmanageresources-display-component---newResourceUnit--DIMENSION_UNIT"}]}
RESULT: undefined
COMMAND: POST /session/db5d3a08cddd323e15dea0759fa6d3db/execute/async - {"script":"<script> [776 bytes]","args":[{"enterText":"Meter","selector":{"id":"application-manageresources-display-component---newResourceUnit--DIMENSION_UNIT","interaction":{"idSuffix":"inner"}},"clearTextFirst":true,"interactionType":"ENTER_TEXT"}]}
RESULT: {"script":"<script> [776 bytes]","args":[{"enterText":"Meter","selector":{"id":"application-manageresources-display-component---newResourceUnit--DIMENSION_UNIT","interaction":{"idSuffix":"inner"}},"clearTextFirst":true,"interactionType":"ENTER_TEXT"}]}
COMMAND: POST /session/db5d3a08cddd323e15dea0759fa6d3db/execute/async - {"script":"<script> [1562 bytes]","args":[{"selector":{"id":"application-manageresources-display-component---newResourceUnit--newRRUPage-anchBar-application-manageresources-display-component---newResourceUnit--control-anchor","interaction":{"idSuffix":"BDI-content"}},"wdio_ui5_key":"applicationmanageresources-display-component---newResourceUnit--newRRUPage-anchBar-application-manageresources-display-component---newResourceUnit--control-anchor"}]}
RESULT: {"script":"<script> [1562 bytes]","args":[{"selector":{"id":"application-manageresources-display-component---newResourceUnit--newRRUPage-anchBar-application-manageresources-display-component---newResourceUnit--control-anchor","interaction":{"idSuffix":"BDI-content"}},"wdio_ui5_key":"applicationmanageresources-display-component---newResourceUnit--newRRUPage-anchBar-application-manageresources-display-component---newResourceUnit--control-anchor"}]}
RESULT: undefined
COMMAND: POST /session/db5d3a08cddd323e15dea0759fa6d3db/element - {"using":"xpath","value":"//*[@id=\"application-manageresources-display-component---newResourceUnit--newRRUPage-anchBar-application-manageresources-display-component---newResourceUnit--control-anchor\"]"}
RESULT: {"using":"xpath","value":"//*[@id=\"application-manageresources-display-component---newResourceUnit--newRRUPage-anchBar-application-manageresources-display-component---newResourceUnit--control-anchor\"]"}
COMMAND: POST /session/db5d3a08cddd323e15dea0759fa6d3db/element/f.6971BE3684EA5570732D082DA9E0D745.d.557B6666A01AC397F4AE9ABA6CB4D4DD.e.1519/click - {}
RESULT: {}
COMMAND: POST /session/db5d3a08cddd323e15dea0759fa6d3db/execute/async - {"script":"<script> [1562 bytes]","args":[{"selector":{"id":"application-manageresources-display-component---newResourceUnit--PLANNING_GROUP","interaction":{"idSuffix":"inner"}},"wdio_ui5_key":"applicationmanageresources-display-component---newResourceUnit--PLANNING_GROUP"}]}
COMMAND: GET /session/db5d3a08cddd323e15dea0759fa6d3db/screenshot - {}
RESULT: {"script":"<script> [1562 bytes]","args":[{"selector":{"id":"application-manageresources-display-component---newResourceUnit--PLANNING_GROUP","interaction":{"idSuffix":"inner"}},"wdio_ui5_key":"applicationmanageresources-display-component---newResourceUnit--PLANNING_GROUP"}]}
RESULT: undefined
COMMAND: POST /session/db5d3a08cddd323e15dea0759fa6d3db/execute/async - {"script":"<script> [776 bytes]","args":[{"enterText":"Heavy Equi","selector":{"id":"application-manageresources-display-component---newResourceUnit--PLANNING_GROUP","interaction":{"idSuffix":"inner"}},"clearTextFirst":true,"interactionType":"ENTER_TEXT"}]}
RESULT: {}
RESULT: {"script":"<script> [776 bytes]","args":[{"enterText":"Heavy Equi","selector":{"id":"application-manageresources-display-component---newResourceUnit--PLANNING_GROUP","interaction":{"idSuffix":"inner"}},"clearTextFirst":true,"interactionType":"ENTER_TEXT"}]}
COMMAND: POST /session/db5d3a08cddd323e15dea0759fa6d3db/execute/async - {"script":"<script> [1562 bytes]","args":[{"selector":{"id":"application-manageresources-display-component---newResourceUnit--ITEM_TYPE-arrow"},"wdio_ui5_key":"applicationmanageresources-display-component---newResourceUnit--ITEM_TYPE-arrow"}]}
RESULT: {"script":"<script> [1562 bytes]","args":[{"selector":{"id":"application-manageresources-display-component---newResourceUnit--ITEM_TYPE-arrow"},"wdio_ui5_key":"applicationmanageresources-display-component---newResourceUnit--ITEM_TYPE-arrow"}]}
RESULT: undefined
COMMAND: POST /session/db5d3a08cddd323e15dea0759fa6d3db/element - {"using":"xpath","value":"//*[@id=\"application-manageresources-display-component---newResourceUnit--ITEM_TYPE-arrow\"]"}
RESULT: {"using":"xpath","value":"//*[@id=\"application-manageresources-display-component---newResourceUnit--ITEM_TYPE-arrow\"]"}
COMMAND: POST /session/db5d3a08cddd323e15dea0759fa6d3db/element/f.6971BE3684EA5570732D082DA9E0D745.d.557B6666A01AC397F4AE9ABA6CB4D4DD.e.1528/click - {}
RESULT: {}
COMMAND: POST /session/db5d3a08cddd323e15dea0759fa6d3db/execute/async - {"script":"<script> [1562 bytes]","args":[{"selector":{"controlType":"sap.m.StandardListItem","viewName":"reusables.view.manageresources.NewResourceUnit","viewId":"application-manageresources-display-component---newResourceUnit","properties":{"title":"Resource Unit"},"searchOpenDialogs":true,"interaction":{"idSuffix":"titleText"}},"wdio_ui5_key":"reusablesview.manageresources.NewResourceUnitsap.m.StandardListItem{\"title\":\"Resource Unit\"}"}]}
COMMAND: GET /session/db5d3a08cddd323e15dea0759fa6d3db/screenshot - {}
RESULT: {"script":"<script> [1562 bytes]","args":[{"selector":{"controlType":"sap.m.StandardListItem","viewName":"reusables.view.manageresources.NewResourceUnit","viewId":"application-manageresources-display-component---newResourceUnit","properties":{"title":"Resource Unit"},"searchOpenDialogs":true,"interaction":{"idSuffix":"titleText"}},"wdio_ui5_key":"reusablesview.manageresources.NewResourceUnitsap.m.StandardListItem{\"title\":\"Resource Unit\"}"}]}
RESULT: undefined
COMMAND: POST /session/db5d3a08cddd323e15dea0759fa6d3db/element - {"using":"xpath","value":"//*[@id=\"__item591\"]"}
RESULT: {}
RESULT: {"using":"xpath","value":"//*[@id=\"__item591\"]"}
COMMAND: POST /session/db5d3a08cddd323e15dea0759fa6d3db/element/f.6971BE3684EA5570732D082DA9E0D745.d.557B6666A01AC397F4AE9ABA6CB4D4DD.e.1530/click - {}
RESULT: {}
COMMAND: POST /session/db5d3a08cddd323e15dea0759fa6d3db/execute/async - {"script":"<script> [1562 bytes]","args":[{"selector":{"id":"application-manageresources-display-component---newResourceUnit--btnAddTimeSegment-img"},"wdio_ui5_key":"applicationmanageresources-display-component---newResourceUnit--btnAddTimeSegment-img"}]}
COMMAND: GET /session/db5d3a08cddd323e15dea0759fa6d3db/screenshot - {}
RESULT: {"script":"<script> [1562 bytes]","args":[{"selector":{"id":"application-manageresources-display-component---newResourceUnit--btnAddTimeSegment-img"},"wdio_ui5_key":"applicationmanageresources-display-component---newResourceUnit--btnAddTimeSegment-img"}]}
RESULT: undefined
COMMAND: POST /session/db5d3a08cddd323e15dea0759fa6d3db/element - {"using":"xpath","value":"//*[@id=\"application-manageresources-display-component---newResourceUnit--btnAddTimeSegment-img\"]"}
RESULT: {}
RESULT: {"using":"xpath","value":"//*[@id=\"application-manageresources-display-component---newResourceUnit--btnAddTimeSegment-img\"]"}
COMMAND: POST /session/db5d3a08cddd323e15dea0759fa6d3db/element/f.6971BE3684EA5570732D082DA9E0D745.d.557B6666A01AC397F4AE9ABA6CB4D4DD.e.1538/click - {}
RESULT: {}
COMMAND: GET /session/db5d3a08cddd323e15dea0759fa6d3db/screenshot - {}
RESULT: {}
COMMAND: POST /session/db5d3a08cddd323e15dea0759fa6d3db/element - {"using":"xpath","value":"//input[@id=\"application-manageresources-display-component---newResourceUnit--idRuTSAdmin-application-manageresources-display-component---newResourceUnit--RUTimeSegment-0-inner\"]"}
RESULT: {"using":"xpath","value":"//input[@id=\"application-manageresources-display-component---newResourceUnit--idRuTSAdmin-application-manageresources-display-component---newResourceUnit--RUTimeSegment-0-inner\"]"}
COMMAND: POST /session/db5d3a08cddd323e15dea0759fa6d3db/element/f.6971BE3684EA5570732D082DA9E0D745.d.557B6666A01AC397F4AE9ABA6CB4D4DD.e.1542/clear - {}
RESULT: {}
COMMAND: POST /session/db5d3a08cddd323e15dea0759fa6d3db/element/f.6971BE3684EA5570732D082DA9E0D745.d.557B6666A01AC397F4AE9ABA6CB4D4DD.e.1542/value - {"text":"264"}
COMMAND: GET /session/db5d3a08cddd323e15dea0759fa6d3db/screenshot - {}
RESULT: {"text":"264"}
COMMAND: GET /session/db5d3a08cddd323e15dea0759fa6d3db/screenshot - {}
RESULT: {}
RESULT: {}
COMMAND: POST /session/db5d3a08cddd323e15dea0759fa6d3db/element - {"using":"xpath","value":"//li[.//span[text()='264']]"}
RESULT: {"using":"xpath","value":"//li[.//span[text()='264']]"}
COMMAND: POST /session/db5d3a08cddd323e15dea0759fa6d3db/element/f.6971BE3684EA5570732D082DA9E0D745.d.557B6666A01AC397F4AE9ABA6CB4D4DD.e.1555/click - {}
RESULT: {}
COMMAND: GET /session/db5d3a08cddd323e15dea0759fa6d3db/screenshot - {}
RESULT: {}
COMMAND: POST /session/db5d3a08cddd323e15dea0759fa6d3db/execute/async - {"script":"<script> [1562 bytes]","args":[{"selector":{"controlType":"sap.ui.core.Icon","viewName":"reusables.view.manageresources.NewResourceUnit","viewId":"application-manageresources-display-component---newResourceUnit","properties":{"src":{"regex":{"source":"slim\\-arrow\\-down"}}},"ancestor":{"controlType":"sap.m.ComboBox","viewName":"reusables.view.manageresources.NewResourceUnit","viewId":"application-manageresources-display-component---newResourceUnit","bindingPath":{"path":"/RESOURCE_UNIT_TIME_SEQUENCES/0","propertyPath":"COST_OBJECT_ADMIN_CST_TYPE","modelName":"oNewRruModel"}}},"wdio_ui5_key":"reusablesview.manageresources.NewResourceUnitsap.ui.core.Icon{\"src\":{\"regex\":{\"source\":\"slim\\\\-arrow\\\\-down\"}}}{\"controlType\":\"sap.m.ComboBox\",\"viewName\":\"reusables.view.manageresources.NewResourceUnit\",\"viewId\":\"application-manageresources-display-component---newResourceUnit\",\"bindingPath\":{\"path\":\"/RESOURCE_UNIT_TIME_SEQUENCES/0\",\"propertyPath\":\"COST_OBJECT_ADMIN_CST_TYPE\",\"modelName\":\"oNewRruModel\"}}"}]}
RESULT: {"script":"<script> [1562 bytes]","args":[{"selector":{"controlType":"sap.ui.core.Icon","viewName":"reusables.view.manageresources.NewResourceUnit","viewId":"application-manageresources-display-component---newResourceUnit","properties":{"src":{"regex":{"source":"slim\\-arrow\\-down"}}},"ancestor":{"controlType":"sap.m.ComboBox","viewName":"reusables.view.manageresources.NewResourceUnit","viewId":"application-manageresources-display-component---newResourceUnit","bindingPath":{"path":"/RESOURCE_UNIT_TIME_SEQUENCES/0","propertyPath":"COST_OBJECT_ADMIN_CST_TYPE","modelName":"oNewRruModel"}}},"wdio_ui5_key":"reusablesview.manageresources.NewResourceUnitsap.ui.core.Icon{\"src\":{\"regex\":{\"source\":\"slim\\\\-arrow\\\\-down\"}}}{\"controlType\":\"sap.m.ComboBox\",\"viewName\":\"reusables.view.manageresources.NewResourceUnit\",\"viewId\":\"application-manageresources-display-component---newResourceUnit\",\"bindingPath\":{\"path\":\"/RESOURCE_UNIT_TIME_SEQUENCES/0\",\"propertyPath\":\"COST_OBJECT_ADMIN_CST_TYPE\",\"modelName\":\"oNewRruModel\"}}"}]}
RESULT: undefined
COMMAND: POST /session/db5d3a08cddd323e15dea0759fa6d3db/element - {"using":"xpath","value":"//*[@id=\"__box20-application-manageresources-display-component---newResourceUnit--RUTimeSegment-0-arrow\"]"}
RESULT: {"using":"xpath","value":"//*[@id=\"__box20-application-manageresources-display-component---newResourceUnit--RUTimeSegment-0-arrow\"]"}
COMMAND: POST /session/db5d3a08cddd323e15dea0759fa6d3db/element/f.6971BE3684EA5570732D082DA9E0D745.d.557B6666A01AC397F4AE9ABA6CB4D4DD.e.1556/click - {}
RESULT: {}
COMMAND: POST /session/db5d3a08cddd323e15dea0759fa6d3db/execute/async - {"script":"<script> [1562 bytes]","args":[{"selector":{"controlType":"sap.m.StandardListItem","viewName":"reusables.view.manageresources.NewResourceUnit","viewId":"application-manageresources-display-component---newResourceUnit","properties":{"title":"PM Order"},"searchOpenDialogs":true,"interaction":{"idSuffix":"titleText"}},"wdio_ui5_key":"reusablesview.manageresources.NewResourceUnitsap.m.StandardListItem{\"title\":\"PM Order\"}"}]}
COMMAND: GET /session/db5d3a08cddd323e15dea0759fa6d3db/screenshot - {}
RESULT: {"script":"<script> [1562 bytes]","args":[{"selector":{"controlType":"sap.m.StandardListItem","viewName":"reusables.view.manageresources.NewResourceUnit","viewId":"application-manageresources-display-component---newResourceUnit","properties":{"title":"PM Order"},"searchOpenDialogs":true,"interaction":{"idSuffix":"titleText"}},"wdio_ui5_key":"reusablesview.manageresources.NewResourceUnitsap.m.StandardListItem{\"title\":\"PM Order\"}"}]}
RESULT: undefined
COMMAND: POST /session/db5d3a08cddd323e15dea0759fa6d3db/element - {"using":"xpath","value":"//*[@id=\"__item765\"]"}
RESULT: {}
RESULT: {"using":"xpath","value":"//*[@id=\"__item765\"]"}
COMMAND: POST /session/db5d3a08cddd323e15dea0759fa6d3db/element/f.6971BE3684EA5570732D082DA9E0D745.d.557B6666A01AC397F4AE9ABA6CB4D4DD.e.1560/click - {}
RESULT: {}
COMMAND: GET /session/db5d3a08cddd323e15dea0759fa6d3db/screenshot - {}
RESULT: {}
COMMAND: POST /session/db5d3a08cddd323e15dea0759fa6d3db/element - {"using":"xpath","value":"(//input[contains(@id ,\"-application-manageresources-display-component---newResourceUnit--RUTimeSegment-0-inner\")])[8]"}
RESULT: {"using":"xpath","value":"(//input[contains(@id ,\"-application-manageresources-display-component---newResourceUnit--RUTimeSegment-0-inner\")])[8]"}
COMMAND: POST /session/db5d3a08cddd323e15dea0759fa6d3db/element/f.6971BE3684EA5570732D082DA9E0D745.d.557B6666A01AC397F4AE9ABA6CB4D4DD.e.1563/clear - {}
RESULT: {}
COMMAND: POST /session/db5d3a08cddd323e15dea0759fa6d3db/element/f.6971BE3684EA5570732D082DA9E0D745.d.557B6666A01AC397F4AE9ABA6CB4D4DD.e.1563/value - {"text":"4000360"}
COMMAND: GET /session/db5d3a08cddd323e15dea0759fa6d3db/screenshot - {}
RESULT: {"text":"4000360"}
COMMAND: GET /session/db5d3a08cddd323e15dea0759fa6d3db/screenshot - {}
RESULT: {}
RESULT: {}
COMMAND: POST /session/db5d3a08cddd323e15dea0759fa6d3db/actions - {"actions":[{"id":"action2","type":"key","parameters":{},"actions":[{"type":"keyDown","value":""},{"type":"pause","duration":10},{"type":"keyUp","value":""}]}]}
RESULT: {"actions":[{"id":"action2","type":"key","parameters":{},"actions":[{"type":"keyDown","value":""},{"type":"pause","duration":10},{"type":"keyUp","value":""}]}]}
COMMAND: GET /session/db5d3a08cddd323e15dea0759fa6d3db/screenshot - {}
RESULT: {}
COMMAND: POST /session/db5d3a08cddd323e15dea0759fa6d3db/execute/async - {"script":"<script> [1562 bytes]","args":[{"selector":{"id":"application-manageresources-display-component---newResourceUnit--newRRUPage-anchBar-application-manageresources-display-component---newResourceUnit--resource-anchor","interaction":{"idSuffix":"BDI-content"}},"wdio_ui5_key":"applicationmanageresources-display-component---newResourceUnit--newRRUPage-anchBar-application-manageresources-display-component---newResourceUnit--resource-anchor"}]}
RESULT: {"script":"<script> [1562 bytes]","args":[{"selector":{"id":"application-manageresources-display-component---newResourceUnit--newRRUPage-anchBar-application-manageresources-display-component---newResourceUnit--resource-anchor","interaction":{"idSuffix":"BDI-content"}},"wdio_ui5_key":"applicationmanageresources-display-component---newResourceUnit--newRRUPage-anchBar-application-manageresources-display-component---newResourceUnit--resource-anchor"}]}
RESULT: undefined
COMMAND: POST /session/db5d3a08cddd323e15dea0759fa6d3db/element - {"using":"xpath","value":"//*[@id=\"application-manageresources-display-component---newResourceUnit--newRRUPage-anchBar-application-manageresources-display-component---newResourceUnit--resource-anchor\"]"}
RESULT: {"using":"xpath","value":"//*[@id=\"application-manageresources-display-component---newResourceUnit--newRRUPage-anchBar-application-manageresources-display-component---newResourceUnit--resource-anchor\"]"}
COMMAND: POST /session/db5d3a08cddd323e15dea0759fa6d3db/element/f.6971BE3684EA5570732D082DA9E0D745.d.557B6666A01AC397F4AE9ABA6CB4D4DD.e.1595/click - {}
RESULT: {}
COMMAND: POST /session/db5d3a08cddd323e15dea0759fa6d3db/execute/async - {"script":"<script> [1562 bytes]","args":[{"selector":{"id":"application-manageresources-display-component---newResourceUnit--PLANNED_DELIVERY_DATE","interaction":{"idSuffix":"inner"}},"wdio_ui5_key":"applicationmanageresources-display-component---newResourceUnit--PLANNED_DELIVERY_DATE"}]}
COMMAND: GET /session/db5d3a08cddd323e15dea0759fa6d3db/screenshot - {}
RESULT: {"script":"<script> [1562 bytes]","args":[{"selector":{"id":"application-manageresources-display-component---newResourceUnit--PLANNED_DELIVERY_DATE","interaction":{"idSuffix":"inner"}},"wdio_ui5_key":"applicationmanageresources-display-component---newResourceUnit--PLANNED_DELIVERY_DATE"}]}
RESULT: undefined
COMMAND: POST /session/db5d3a08cddd323e15dea0759fa6d3db/execute/async - {"script":"<script> [6424 bytes]","args":[{"element-6066-11e4-a52e-4f735466cecf":"f.6971BE3684EA5570732D082DA9E0D745.d.557B6666A01AC397F4AE9ABA6CB4D4DD.e.1419"},"setValue",["6/14/25"]]}
RESULT: {}
RESULT: {"script":"<script> [6424 bytes]","args":[{"element-6066-11e4-a52e-4f735466cecf":"f.6971BE3684EA5570732D082DA9E0D745.d.557B6666A01AC397F4AE9ABA6CB4D4DD.e.1419"},"setValue",["6/14/25"]]}
COMMAND: POST /session/db5d3a08cddd323e15dea0759fa6d3db/execute/async - {"script":"<script> [1562 bytes]","args":[{"selector":{"controlType":"sap.m.Button","viewName":"reusables.view.manageresources.NewResourceUnit","viewId":"application-manageresources-display-component---newResourceUnit","i18NText":{"propertyName":"tooltip","key":"save"},"interaction":{"idSuffix":"BDI-content"}},"wdio_ui5_key":"reusablesview.manageresources.NewResourceUnitsap.m.Button{\"propertyName\":\"tooltip\",\"key\":\"save\"}"}]}
RESULT: {"script":"<script> [1562 bytes]","args":[{"selector":{"controlType":"sap.m.Button","viewName":"reusables.view.manageresources.NewResourceUnit","viewId":"application-manageresources-display-component---newResourceUnit","i18NText":{"propertyName":"tooltip","key":"save"},"interaction":{"idSuffix":"BDI-content"}},"wdio_ui5_key":"reusablesview.manageresources.NewResourceUnitsap.m.Button{\"propertyName\":\"tooltip\",\"key\":\"save\"}"}]}
RESULT: undefined
COMMAND: POST /session/db5d3a08cddd323e15dea0759fa6d3db/element - {"using":"xpath","value":"//*[@id=\"application-manageresources-display-component---newResourceUnit--createRuButton\"]"}
RESULT: {"using":"xpath","value":"//*[@id=\"application-manageresources-display-component---newResourceUnit--createRuButton\"]"}
COMMAND: POST /session/db5d3a08cddd323e15dea0759fa6d3db/element/f.6971BE3684EA5570732D082DA9E0D745.d.557B6666A01AC397F4AE9ABA6CB4D4DD.e.1379/click - {}
RESULT: {}
COMMAND: GET /session/db5d3a08cddd323e15dea0759fa6d3db/screenshot - {}
RESULT: {}
COMMAND: POST /session/db5d3a08cddd323e15dea0759fa6d3db/execute/async - {"script":"<script> [1562 bytes]","args":[{"selector":{"controlType":"sap.m.Button","properties":{"text":"Close"},"searchOpenDialogs":true,"interaction":{"idSuffix":"inner"}},"wdio_ui5_key":"sapm.Button{\"text\":\"Close\"}"}]}
RESULT: {"script":"<script> [1562 bytes]","args":[{"selector":{"controlType":"sap.m.Button","properties":{"text":"Close"},"searchOpenDialogs":true,"interaction":{"idSuffix":"inner"}},"wdio_ui5_key":"sapm.Button{\"text\":\"Close\"}"}]}
RESULT: undefined
COMMAND: POST /session/db5d3a08cddd323e15dea0759fa6d3db/element - {"using":"xpath","value":"//*[@id=\"__mbox-btn-0\"]"}
RESULT: {"using":"xpath","value":"//*[@id=\"__mbox-btn-0\"]"}
COMMAND: POST /session/db5d3a08cddd323e15dea0759fa6d3db/element/f.6971BE3684EA5570732D082DA9E0D745.d.557B6666A01AC397F4AE9ABA6CB4D4DD.e.1603/click - {}
RESULT: {}
COMMAND: GET /session/db5d3a08cddd323e15dea0759fa6d3db/screenshot - {}
COMMAND: POST /session/db5d3a08cddd323e15dea0759fa6d3db/element - {"using":"xpath","value":"(//button[contains(@id ,\"actionsToolbar-overflowButton\")])[1]"}
RESULT: {}
RESULT: {"using":"xpath","value":"(//button[contains(@id ,\"actionsToolbar-overflowButton\")])[1]"}
COMMAND: POST /session/db5d3a08cddd323e15dea0759fa6d3db/element/f.6971BE3684EA5570732D082DA9E0D745.d.557B6666A01AC397F4AE9ABA6CB4D4DD.e.1638/click - {}
RESULT: {}
COMMAND: GET /session/db5d3a08cddd323e15dea0759fa6d3db/screenshot - {}
RESULT: {}
COMMAND: POST /session/db5d3a08cddd323e15dea0759fa6d3db/execute/async - {"script":"<script> [1562 bytes]","args":[{"selector":{"controlType":"sap.m.Button","viewName":"etm.portal.ui.manageresources.view.Detail","viewId":"application-manageresources-display-component---detailRU","i18NText":{"propertyName":"text","key":"copy"},"searchOpenDialogs":true,"interaction":{"idSuffix":"BDI-content"}},"wdio_ui5_key":"etmportal.ui.manageresources.view.Detailsap.m.Button{\"propertyName\":\"text\",\"key\":\"copy\"}"}]}
RESULT: {"script":"<script> [1562 bytes]","args":[{"selector":{"controlType":"sap.m.Button","viewName":"etm.portal.ui.manageresources.view.Detail","viewId":"application-manageresources-display-component---detailRU","i18NText":{"propertyName":"text","key":"copy"},"searchOpenDialogs":true,"interaction":{"idSuffix":"BDI-content"}},"wdio_ui5_key":"etmportal.ui.manageresources.view.Detailsap.m.Button{\"propertyName\":\"text\",\"key\":\"copy\"}"}]}
RESULT: undefined
COMMAND: POST /session/db5d3a08cddd323e15dea0759fa6d3db/element - {"using":"xpath","value":"//*[@id=\"__button105\"]"}
RESULT: {"using":"xpath","value":"//*[@id=\"__button105\"]"}
COMMAND: POST /session/db5d3a08cddd323e15dea0759fa6d3db/element/f.6971BE3684EA5570732D082DA9E0D745.d.557B6666A01AC397F4AE9ABA6CB4D4DD.e.1641/click - {}
RESULT: {}
COMMAND: POST /session/db5d3a08cddd323e15dea0759fa6d3db/execute/async - {"script":"<script> [1562 bytes]","args":[{"selector":{"controlType":"sap.m.Button","viewName":"etm.portal.ui.manageresources.view.Detail","viewId":"application-manageresources-display-component---detailRU","i18NText":{"propertyName":"text","key":"selectAll"},"searchOpenDialogs":true,"interaction":{"idSuffix":"BDI-content"}},"wdio_ui5_key":"etmportal.ui.manageresources.view.Detailsap.m.Button{\"propertyName\":\"text\",\"key\":\"selectAll\"}"}]}
COMMAND: GET /session/db5d3a08cddd323e15dea0759fa6d3db/screenshot - {}
RESULT: {"script":"<script> [1562 bytes]","args":[{"selector":{"controlType":"sap.m.Button","viewName":"etm.portal.ui.manageresources.view.Detail","viewId":"application-manageresources-display-component---detailRU","i18NText":{"propertyName":"text","key":"selectAll"},"searchOpenDialogs":true,"interaction":{"idSuffix":"BDI-content"}},"wdio_ui5_key":"etmportal.ui.manageresources.view.Detailsap.m.Button{\"propertyName\":\"text\",\"key\":\"selectAll\"}"}]}
RESULT: undefined
COMMAND: POST /session/db5d3a08cddd323e15dea0759fa6d3db/element - {"using":"xpath","value":"//*[@id=\"__button156\"]"}
RESULT: {}
RESULT: {"using":"xpath","value":"//*[@id=\"__button156\"]"}
COMMAND: POST /session/db5d3a08cddd323e15dea0759fa6d3db/element/f.6971BE3684EA5570732D082DA9E0D745.d.557B6666A01AC397F4AE9ABA6CB4D4DD.e.1642/click - {}
RESULT: {}
COMMAND: POST /session/db5d3a08cddd323e15dea0759fa6d3db/execute/async - {"script":"<script> [1562 bytes]","args":[{"selector":{"controlType":"sap.m.Button","viewName":"etm.portal.ui.manageresources.view.Detail","viewId":"application-manageresources-display-component---detailRU","i18NText":{"propertyName":"text","key":"confirm"},"searchOpenDialogs":true,"interaction":{"idSuffix":"BDI-content"}},"wdio_ui5_key":"etmportal.ui.manageresources.view.Detailsap.m.Button{\"propertyName\":\"text\",\"key\":\"confirm\"}"}]}
COMMAND: GET /session/db5d3a08cddd323e15dea0759fa6d3db/screenshot - {}
RESULT: {"script":"<script> [1562 bytes]","args":[{"selector":{"controlType":"sap.m.Button","viewName":"etm.portal.ui.manageresources.view.Detail","viewId":"application-manageresources-display-component---detailRU","i18NText":{"propertyName":"text","key":"confirm"},"searchOpenDialogs":true,"interaction":{"idSuffix":"BDI-content"}},"wdio_ui5_key":"etmportal.ui.manageresources.view.Detailsap.m.Button{\"propertyName\":\"text\",\"key\":\"confirm\"}"}]}
RESULT: undefined
COMMAND: POST /session/db5d3a08cddd323e15dea0759fa6d3db/element - {"using":"xpath","value":"//*[@id=\"__button157\"]"}
RESULT: {}
RESULT: {"using":"xpath","value":"//*[@id=\"__button157\"]"}
COMMAND: POST /session/db5d3a08cddd323e15dea0759fa6d3db/element/f.6971BE3684EA5570732D082DA9E0D745.d.557B6666A01AC397F4AE9ABA6CB4D4DD.e.1667/click - {}
RESULT: {}
COMMAND: GET /session/db5d3a08cddd323e15dea0759fa6d3db/screenshot - {}
COMMAND: POST /session/db5d3a08cddd323e15dea0759fa6d3db/execute/async - {"script":"<script> [1562 bytes]","args":[{"selector":{"id":"application-manageresources-display-component---newResourceUnit--newRRUPage-anchBar-application-manageresources-display-component---newResourceUnit--general-anchor","interaction":{"idSuffix":"BDI-content"}},"wdio_ui5_key":"applicationmanageresources-display-component---newResourceUnit--newRRUPage-anchBar-application-manageresources-display-component---newResourceUnit--general-anchor"}]}
RESULT: {}
RESULT: {"script":"<script> [1562 bytes]","args":[{"selector":{"id":"application-manageresources-display-component---newResourceUnit--newRRUPage-anchBar-application-manageresources-display-component---newResourceUnit--general-anchor","interaction":{"idSuffix":"BDI-content"}},"wdio_ui5_key":"applicationmanageresources-display-component---newResourceUnit--newRRUPage-anchBar-application-manageresources-display-component---newResourceUnit--general-anchor"}]}
RESULT: undefined
COMMAND: POST /session/db5d3a08cddd323e15dea0759fa6d3db/element - {"using":"xpath","value":"//*[@id=\"application-manageresources-display-component---newResourceUnit--newRRUPage-anchBar-application-manageresources-display-component---newResourceUnit--general-anchor\"]"}
RESULT: {"using":"xpath","value":"//*[@id=\"application-manageresources-display-component---newResourceUnit--newRRUPage-anchBar-application-manageresources-display-component---newResourceUnit--general-anchor\"]"}
COMMAND: POST /session/db5d3a08cddd323e15dea0759fa6d3db/element/f.6971BE3684EA5570732D082DA9E0D745.d.557B6666A01AC397F4AE9ABA6CB4D4DD.e.1672/click - {}
RESULT: {}
COMMAND: GET /session/db5d3a08cddd323e15dea0759fa6d3db/screenshot - {}
RESULT: {}
COMMAND: POST /session/db5d3a08cddd323e15dea0759fa6d3db/actions - {"actions":[{"type":"key","id":"keyboard","actions":[{"type":"keyDown","value":""}]}]}
RESULT: {"actions":[{"type":"key","id":"keyboard","actions":[{"type":"keyDown","value":""}]}]}
COMMAND: GET /session/db5d3a08cddd323e15dea0759fa6d3db/screenshot - {}
RESULT: {}
RESULT: undefined
COMMAND: POST /session/db5d3a08cddd323e15dea0759fa6d3db/execute/async - {"script":"<script> [776 bytes]","args":[{"enterText":"HBTTo7C2u_2","selector":{"id":"application-manageresources-display-component---newResourceUnit--resourceId","interaction":{"idSuffix":"inner"}},"clearTextFirst":true,"interactionType":"ENTER_TEXT"}]}
RESULT: {"script":"<script> [776 bytes]","args":[{"enterText":"HBTTo7C2u_2","selector":{"id":"application-manageresources-display-component---newResourceUnit--resourceId","interaction":{"idSuffix":"inner"}},"clearTextFirst":true,"interactionType":"ENTER_TEXT"}]}
RESULT: undefined
RESULT: undefined
COMMAND: POST /session/db5d3a08cddd323e15dea0759fa6d3db/execute/async - {"script":"<script> [776 bytes]","args":[{"enterText":"HBTTo7C2u_2","selector":{"id":"application-manageresources-display-component---newResourceUnit--SHORT_TEXT","interaction":{"idSuffix":"inner"}},"clearTextFirst":true,"interactionType":"ENTER_TEXT"}]}
RESULT: {"script":"<script> [776 bytes]","args":[{"enterText":"HBTTo7C2u_2","selector":{"id":"application-manageresources-display-component---newResourceUnit--SHORT_TEXT","interaction":{"idSuffix":"inner"}},"clearTextFirst":true,"interactionType":"ENTER_TEXT"}]}
RESULT: undefined
COMMAND: POST /session/db5d3a08cddd323e15dea0759fa6d3db/element - {"using":"xpath","value":"//*[@id=\"application-manageresources-display-component---newResourceUnit--createRuButton\"]"}
RESULT: {"using":"xpath","value":"//*[@id=\"application-manageresources-display-component---newResourceUnit--createRuButton\"]"}
COMMAND: POST /session/db5d3a08cddd323e15dea0759fa6d3db/element/f.6971BE3684EA5570732D082DA9E0D745.d.557B6666A01AC397F4AE9ABA6CB4D4DD.e.1379/click - {}
RESULT: {}
COMMAND: GET /session/db5d3a08cddd323e15dea0759fa6d3db/screenshot - {}
RESULT: {}
COMMAND: POST /session/db5d3a08cddd323e15dea0759fa6d3db/element - {"using":"xpath","value":"//bdi[contains(text(), \"Close\")]"}
RESULT: {"using":"xpath","value":"//bdi[contains(text(), \"Close\")]"}
COMMAND: POST /session/db5d3a08cddd323e15dea0759fa6d3db/element/f.6971BE3684EA5570732D082DA9E0D745.d.557B6666A01AC397F4AE9ABA6CB4D4DD.e.1687/click - {}
RESULT: {}
COMMAND: GET /session/db5d3a08cddd323e15dea0759fa6d3db/screenshot - {}
RESULT: {}
COMMAND: POST /session/db5d3a08cddd323e15dea0759fa6d3db/element - {"using":"css selector","value":"#shell-header-logo"}
RESULT: {"using":"css selector","value":"#shell-header-logo"}
COMMAND: POST /session/db5d3a08cddd323e15dea0759fa6d3db/element/f.6971BE3684EA5570732D082DA9E0D745.d.557B6666A01AC397F4AE9ABA6CB4D4DD.e.970/click - {}
RESULT: {}
COMMAND: GET /session/db5d3a08cddd323e15dea0759fa6d3db/screenshot - {}
RESULT: {}
]]></system-out>
    </testcase>
    <testcase classname="chrome.137_0_7151_69.windows.Bill_of_Resources_tests_for_bundle_creation_&amp;_replenishment_US131067_US131070" name="Should do a stock increase for the equipments" time="77.172">
      <system-out><![CDATA[
COMMAND: POST /session/db5d3a08cddd323e15dea0759fa6d3db/execute/async - {"script":"<script> [1562 bytes]","args":[{"selector":{"controlType":"sap.m.GenericTile","properties":{"header":"Manage Handovers"}},"wdio_ui5_key":"sapm.GenericTile{\"header\":\"Manage Handovers\"}"}]}
RESULT: {"script":"<script> [1562 bytes]","args":[{"selector":{"controlType":"sap.m.GenericTile","properties":{"header":"Manage Handovers"}},"wdio_ui5_key":"sapm.GenericTile{\"header\":\"Manage Handovers\"}"}]}
RESULT: undefined
COMMAND: POST /session/db5d3a08cddd323e15dea0759fa6d3db/element - {"using":"xpath","value":"//*[@id=\"__tile133\"]"}
RESULT: {"using":"xpath","value":"//*[@id=\"__tile133\"]"}
COMMAND: POST /session/db5d3a08cddd323e15dea0759fa6d3db/element/f.6971BE3684EA5570732D082DA9E0D745.d.557B6666A01AC397F4AE9ABA6CB4D4DD.e.222/click - {}
RESULT: {}
COMMAND: GET /session/db5d3a08cddd323e15dea0759fa6d3db/screenshot - {}
RESULT: {}
COMMAND: POST /session/db5d3a08cddd323e15dea0759fa6d3db/elements - {"using":"xpath","value":"//span[text()='Error']"}
RESULT: {"using":"xpath","value":"//span[text()='Error']"}
COMMAND: POST /session/db5d3a08cddd323e15dea0759fa6d3db/element - {"using":"xpath","value":"//button[@data-kt=\"masterHOAddButton\"]"}
RESULT: {"using":"xpath","value":"//button[@data-kt=\"masterHOAddButton\"]"}
COMMAND: POST /session/db5d3a08cddd323e15dea0759fa6d3db/elements - {"using":"xpath","value":"//button[@data-kt=\"masterHOAddButton\"]"}
RESULT: {"using":"xpath","value":"//button[@data-kt=\"masterHOAddButton\"]"}
COMMAND: POST /session/db5d3a08cddd323e15dea0759fa6d3db/execute/sync - {"script":"<script> [8489 bytes]","args":[{"element-6066-11e4-a52e-4f735466cecf":"f.6971BE3684EA5570732D082DA9E0D745.d.557B6666A01AC397F4AE9ABA6CB4D4DD.e.1734","ELEMENT":"f.6971BE3684EA5570732D082DA9E0D745.d.557B6666A01AC397F4AE9ABA6CB4D4DD.e.1734"}]}
RESULT: {"script":"<script> [8489 bytes]","args":[{"element-6066-11e4-a52e-4f735466cecf":"f.6971BE3684EA5570732D082DA9E0D745.d.557B6666A01AC397F4AE9ABA6CB4D4DD.e.1734","ELEMENT":"f.6971BE3684EA5570732D082DA9E0D745.d.557B6666A01AC397F4AE9ABA6CB4D4DD.e.1734"}]}
COMMAND: GET /session/db5d3a08cddd323e15dea0759fa6d3db/element/f.6971BE3684EA5570732D082DA9E0D745.d.557B6666A01AC397F4AE9ABA6CB4D4DD.e.1734/enabled - {}
COMMAND: GET /session/db5d3a08cddd323e15dea0759fa6d3db/screenshot - {}
RESULT: {}
COMMAND: POST /session/db5d3a08cddd323e15dea0759fa6d3db/execute/sync - {"script":"<script> [8489 bytes]","args":[{"element-6066-11e4-a52e-4f735466cecf":"f.6971BE3684EA5570732D082DA9E0D745.d.557B6666A01AC397F4AE9ABA6CB4D4DD.e.1734","ELEMENT":"f.6971BE3684EA5570732D082DA9E0D745.d.557B6666A01AC397F4AE9ABA6CB4D4DD.e.1734"}]}
COMMAND: GET /session/db5d3a08cddd323e15dea0759fa6d3db/screenshot - {}
RESULT: {}
RESULT: {"script":"<script> [8489 bytes]","args":[{"element-6066-11e4-a52e-4f735466cecf":"f.6971BE3684EA5570732D082DA9E0D745.d.557B6666A01AC397F4AE9ABA6CB4D4DD.e.1734","ELEMENT":"f.6971BE3684EA5570732D082DA9E0D745.d.557B6666A01AC397F4AE9ABA6CB4D4DD.e.1734"}]}
COMMAND: POST /session/db5d3a08cddd323e15dea0759fa6d3db/execute/sync - {"script":"<script> [5351 bytes]","args":[{"element-6066-11e4-a52e-4f735466cecf":"f.6971BE3684EA5570732D082DA9E0D745.d.557B6666A01AC397F4AE9ABA6CB4D4DD.e.1734","ELEMENT":"f.6971BE3684EA5570732D082DA9E0D745.d.557B6666A01AC397F4AE9ABA6CB4D4DD.e.1734"}]}
COMMAND: GET /session/db5d3a08cddd323e15dea0759fa6d3db/screenshot - {}
RESULT: {}
RESULT: {"script":"<script> [5351 bytes]","args":[{"element-6066-11e4-a52e-4f735466cecf":"f.6971BE3684EA5570732D082DA9E0D745.d.557B6666A01AC397F4AE9ABA6CB4D4DD.e.1734","ELEMENT":"f.6971BE3684EA5570732D082DA9E0D745.d.557B6666A01AC397F4AE9ABA6CB4D4DD.e.1734"}]}
COMMAND: POST /session/db5d3a08cddd323e15dea0759fa6d3db/element/f.6971BE3684EA5570732D082DA9E0D745.d.557B6666A01AC397F4AE9ABA6CB4D4DD.e.1734/click - {}
COMMAND: GET /session/db5d3a08cddd323e15dea0759fa6d3db/screenshot - {}
RESULT: {}
RESULT: {}
COMMAND: GET /session/db5d3a08cddd323e15dea0759fa6d3db/screenshot - {}
RESULT: {}
RESULT: {}
COMMAND: POST /session/db5d3a08cddd323e15dea0759fa6d3db/element - {"using":"xpath","value":"//span[contains(@id ,\"AddNewHO--typeSelect-arrow\")]"}
RESULT: {"using":"xpath","value":"//span[contains(@id ,\"AddNewHO--typeSelect-arrow\")]"}
COMMAND: POST /session/db5d3a08cddd323e15dea0759fa6d3db/element/f.6971BE3684EA5570732D082DA9E0D745.d.557B6666A01AC397F4AE9ABA6CB4D4DD.e.2069/click - {}
RESULT: {}
COMMAND: GET /session/db5d3a08cddd323e15dea0759fa6d3db/screenshot - {}
RESULT: {}
COMMAND: POST /session/db5d3a08cddd323e15dea0759fa6d3db/element - {"using":"xpath","value":"(//li[contains(text(), \"stock increase yard\")])[1]"}
RESULT: {"using":"xpath","value":"(//li[contains(text(), \"stock increase yard\")])[1]"}
COMMAND: POST /session/db5d3a08cddd323e15dea0759fa6d3db/element/f.6971BE3684EA5570732D082DA9E0D745.d.557B6666A01AC397F4AE9ABA6CB4D4DD.e.2070/click - {}
RESULT: {}
COMMAND: GET /session/db5d3a08cddd323e15dea0759fa6d3db/screenshot - {}
RESULT: {}
COMMAND: POST /session/db5d3a08cddd323e15dea0759fa6d3db/execute/async - {"script":"<script> [1562 bytes]","args":[{"selector":{"id":"application-managehandovers-display-component---AddNewHO--dueDate","interaction":{"idSuffix":"inner"}},"wdio_ui5_key":"applicationmanagehandovers-display-component---AddNewHO--dueDate"}]}
RESULT: {"script":"<script> [1562 bytes]","args":[{"selector":{"id":"application-managehandovers-display-component---AddNewHO--dueDate","interaction":{"idSuffix":"inner"}},"wdio_ui5_key":"applicationmanagehandovers-display-component---AddNewHO--dueDate"}]}
RESULT: undefined
COMMAND: POST /session/db5d3a08cddd323e15dea0759fa6d3db/execute/async - {"script":"<script> [6424 bytes]","args":[{"element-6066-11e4-a52e-4f735466cecf":"f.6971BE3684EA5570732D082DA9E0D745.d.557B6666A01AC397F4AE9ABA6CB4D4DD.e.2072"},"setValue",["06/14/25"]]}
RESULT: {"script":"<script> [6424 bytes]","args":[{"element-6066-11e4-a52e-4f735466cecf":"f.6971BE3684EA5570732D082DA9E0D745.d.557B6666A01AC397F4AE9ABA6CB4D4DD.e.2072"},"setValue",["06/14/25"]]}
COMMAND: POST /session/db5d3a08cddd323e15dea0759fa6d3db/element - {"using":"xpath","value":"//input[@id=\"generalSectionFrg--receiveYard-inner\"]"}
RESULT: {"using":"xpath","value":"//input[@id=\"generalSectionFrg--receiveYard-inner\"]"}
COMMAND: POST /session/db5d3a08cddd323e15dea0759fa6d3db/element/f.6971BE3684EA5570732D082DA9E0D745.d.557B6666A01AC397F4AE9ABA6CB4D4DD.e.2078/clear - {}
RESULT: {}
COMMAND: POST /session/db5d3a08cddd323e15dea0759fa6d3db/element/f.6971BE3684EA5570732D082DA9E0D745.d.557B6666A01AC397F4AE9ABA6CB4D4DD.e.2078/value - {"text":"264"}
COMMAND: GET /session/db5d3a08cddd323e15dea0759fa6d3db/screenshot - {}
RESULT: {"text":"264"}
COMMAND: GET /session/db5d3a08cddd323e15dea0759fa6d3db/screenshot - {}
RESULT: {}
RESULT: {}
COMMAND: POST /session/db5d3a08cddd323e15dea0759fa6d3db/element - {"using":"xpath","value":"//li[.//span[text()='264']]"}
RESULT: {"using":"xpath","value":"//li[.//span[text()='264']]"}
COMMAND: POST /session/db5d3a08cddd323e15dea0759fa6d3db/element/f.6971BE3684EA5570732D082DA9E0D745.d.557B6666A01AC397F4AE9ABA6CB4D4DD.e.2095/click - {}
RESULT: {}
COMMAND: GET /session/db5d3a08cddd323e15dea0759fa6d3db/screenshot - {}
RESULT: {}
COMMAND: POST /session/db5d3a08cddd323e15dea0759fa6d3db/execute/async - {"script":"<script> [1562 bytes]","args":[{"selector":{"id":"application-managehandovers-display-component---AddNewHO--ObjectPageLayout-anchBar-application-managehandovers-display-component---AddNewHO--section4-anchor","interaction":{"idSuffix":"BDI-content"}},"wdio_ui5_key":"applicationmanagehandovers-display-component---AddNewHO--ObjectPageLayout-anchBar-application-managehandovers-display-component---AddNewHO--section4-anchor"}]}
RESULT: {"script":"<script> [1562 bytes]","args":[{"selector":{"id":"application-managehandovers-display-component---AddNewHO--ObjectPageLayout-anchBar-application-managehandovers-display-component---AddNewHO--section4-anchor","interaction":{"idSuffix":"BDI-content"}},"wdio_ui5_key":"applicationmanagehandovers-display-component---AddNewHO--ObjectPageLayout-anchBar-application-managehandovers-display-component---AddNewHO--section4-anchor"}]}
RESULT: undefined
COMMAND: POST /session/db5d3a08cddd323e15dea0759fa6d3db/element - {"using":"xpath","value":"//*[@id=\"application-managehandovers-display-component---AddNewHO--ObjectPageLayout-anchBar-application-managehandovers-display-component---AddNewHO--section4-anchor\"]"}
RESULT: {"using":"xpath","value":"//*[@id=\"application-managehandovers-display-component---AddNewHO--ObjectPageLayout-anchBar-application-managehandovers-display-component---AddNewHO--section4-anchor\"]"}
COMMAND: POST /session/db5d3a08cddd323e15dea0759fa6d3db/element/f.6971BE3684EA5570732D082DA9E0D745.d.557B6666A01AC397F4AE9ABA6CB4D4DD.e.2097/click - {}
RESULT: {}
COMMAND: POST /session/db5d3a08cddd323e15dea0759fa6d3db/execute/async - {"script":"<script> [1562 bytes]","args":[{"selector":{"controlType":"sap.ui.core.Icon","viewName":"etm.portal.ui.managehandovers.view.AddNewHO","viewId":"application-managehandovers-display-component---AddNewHO","properties":{"src":{"regex":{"source":"add"}}}},"wdio_ui5_key":"etmportal.ui.managehandovers.view.AddNewHOsap.ui.core.Icon{\"src\":{\"regex\":{\"source\":\"add\"}}}"}]}
COMMAND: GET /session/db5d3a08cddd323e15dea0759fa6d3db/screenshot - {}
RESULT: {"script":"<script> [1562 bytes]","args":[{"selector":{"controlType":"sap.ui.core.Icon","viewName":"etm.portal.ui.managehandovers.view.AddNewHO","viewId":"application-managehandovers-display-component---AddNewHO","properties":{"src":{"regex":{"source":"add"}}}},"wdio_ui5_key":"etmportal.ui.managehandovers.view.AddNewHOsap.ui.core.Icon{\"src\":{\"regex\":{\"source\":\"add\"}}}"}]}
RESULT: undefined
COMMAND: POST /session/db5d3a08cddd323e15dea0759fa6d3db/element - {"using":"xpath","value":"//*[@id=\"__button186-img\"]"}
RESULT: {}
RESULT: {"using":"xpath","value":"//*[@id=\"__button186-img\"]"}
COMMAND: POST /session/db5d3a08cddd323e15dea0759fa6d3db/element/f.6971BE3684EA5570732D082DA9E0D745.d.557B6666A01AC397F4AE9ABA6CB4D4DD.e.2101/click - {}
RESULT: {}
COMMAND: POST /session/db5d3a08cddd323e15dea0759fa6d3db/execute/async - {"script":"<script> [1562 bytes]","args":[{"selector":{"id":"application-managehandovers-display-component---AddNewHO--smartFilterBar-btnBasicSearch","searchOpenDialogs":true,"interaction":{"idSuffix":"I"}},"wdio_ui5_key":"applicationmanagehandovers-display-component---AddNewHO--smartFilterBar-btnBasicSearch"}]}
COMMAND: GET /session/db5d3a08cddd323e15dea0759fa6d3db/screenshot - {}
RESULT: {"script":"<script> [1562 bytes]","args":[{"selector":{"id":"application-managehandovers-display-component---AddNewHO--smartFilterBar-btnBasicSearch","searchOpenDialogs":true,"interaction":{"idSuffix":"I"}},"wdio_ui5_key":"applicationmanagehandovers-display-component---AddNewHO--smartFilterBar-btnBasicSearch"}]}
RESULT: undefined
COMMAND: POST /session/db5d3a08cddd323e15dea0759fa6d3db/execute/async - {"script":"<script> [776 bytes]","args":[{"enterText":"HBTTo7C2u_","selector":{"id":"application-managehandovers-display-component---AddNewHO--smartFilterBar-btnBasicSearch","searchOpenDialogs":true,"interaction":{"idSuffix":"I"}},"clearTextFirst":true,"interactionType":"ENTER_TEXT"}]}
RESULT: {}
RESULT: {"script":"<script> [776 bytes]","args":[{"enterText":"HBTTo7C2u_","selector":{"id":"application-managehandovers-display-component---AddNewHO--smartFilterBar-btnBasicSearch","searchOpenDialogs":true,"interaction":{"idSuffix":"I"}},"clearTextFirst":true,"interactionType":"ENTER_TEXT"}]}
COMMAND: POST /session/db5d3a08cddd323e15dea0759fa6d3db/actions - {"actions":[{"id":"action3","type":"key","parameters":{},"actions":[{"type":"keyDown","value":""},{"type":"pause","duration":10},{"type":"keyUp","value":""}]}]}
RESULT: {"actions":[{"id":"action3","type":"key","parameters":{},"actions":[{"type":"keyDown","value":""},{"type":"pause","duration":10},{"type":"keyUp","value":""}]}]}
COMMAND: POST /session/db5d3a08cddd323e15dea0759fa6d3db/execute/async - {"script":"<script> [1562 bytes]","args":[{"selector":{"id":"application-managehandovers-display-component---AddNewHO--popup-sa","searchOpenDialogs":true,"interaction":{"idSuffix":"CbBg"}},"wdio_ui5_key":"applicationmanagehandovers-display-component---AddNewHO--popup-sa"}]}
COMMAND: GET /session/db5d3a08cddd323e15dea0759fa6d3db/screenshot - {}
RESULT: {"script":"<script> [1562 bytes]","args":[{"selector":{"id":"application-managehandovers-display-component---AddNewHO--popup-sa","searchOpenDialogs":true,"interaction":{"idSuffix":"CbBg"}},"wdio_ui5_key":"applicationmanagehandovers-display-component---AddNewHO--popup-sa"}]}
RESULT: undefined
COMMAND: POST /session/db5d3a08cddd323e15dea0759fa6d3db/element - {"using":"xpath","value":"//*[@id=\"application-managehandovers-display-component---AddNewHO--popup-sa\"]"}
RESULT: {}
RESULT: {"using":"xpath","value":"//*[@id=\"application-managehandovers-display-component---AddNewHO--popup-sa\"]"}
COMMAND: POST /session/db5d3a08cddd323e15dea0759fa6d3db/element/f.6971BE3684EA5570732D082DA9E0D745.d.557B6666A01AC397F4AE9ABA6CB4D4DD.e.2255/click - {}
RESULT: {}
COMMAND: POST /session/db5d3a08cddd323e15dea0759fa6d3db/execute/async - {"script":"<script> [1562 bytes]","args":[{"selector":{"controlType":"sap.m.Button","viewName":"etm.portal.ui.managehandovers.view.AddNewHO","viewId":"application-managehandovers-display-component---AddNewHO","i18NText":{"propertyName":"text","key":"select"},"searchOpenDialogs":true,"interaction":{"idSuffix":"BDI-content"}},"wdio_ui5_key":"etmportal.ui.managehandovers.view.AddNewHOsap.m.Button{\"propertyName\":\"text\",\"key\":\"select\"}"}]}
COMMAND: GET /session/db5d3a08cddd323e15dea0759fa6d3db/screenshot - {}
RESULT: {"script":"<script> [1562 bytes]","args":[{"selector":{"controlType":"sap.m.Button","viewName":"etm.portal.ui.managehandovers.view.AddNewHO","viewId":"application-managehandovers-display-component---AddNewHO","i18NText":{"propertyName":"text","key":"select"},"searchOpenDialogs":true,"interaction":{"idSuffix":"BDI-content"}},"wdio_ui5_key":"etmportal.ui.managehandovers.view.AddNewHOsap.m.Button{\"propertyName\":\"text\",\"key\":\"select\"}"}]}
RESULT: undefined
COMMAND: POST /session/db5d3a08cddd323e15dea0759fa6d3db/element - {"using":"xpath","value":"//*[@id=\"__button189\"]"}
RESULT: {}
RESULT: {"using":"xpath","value":"//*[@id=\"__button189\"]"}
COMMAND: POST /session/db5d3a08cddd323e15dea0759fa6d3db/element/f.6971BE3684EA5570732D082DA9E0D745.d.557B6666A01AC397F4AE9ABA6CB4D4DD.e.2257/click - {}
RESULT: {}
COMMAND: POST /session/db5d3a08cddd323e15dea0759fa6d3db/execute/async - {"script":"<script> [1562 bytes]","args":[{"selector":{"id":"application-managehandovers-display-component---AddNewHO--confirmCreationButton","interaction":{"idSuffix":"BDI-content"}},"wdio_ui5_key":"applicationmanagehandovers-display-component---AddNewHO--confirmCreationButton"}]}
COMMAND: GET /session/db5d3a08cddd323e15dea0759fa6d3db/screenshot - {}
RESULT: {"script":"<script> [1562 bytes]","args":[{"selector":{"id":"application-managehandovers-display-component---AddNewHO--confirmCreationButton","interaction":{"idSuffix":"BDI-content"}},"wdio_ui5_key":"applicationmanagehandovers-display-component---AddNewHO--confirmCreationButton"}]}
RESULT: undefined
COMMAND: POST /session/db5d3a08cddd323e15dea0759fa6d3db/element - {"using":"xpath","value":"//*[@id=\"application-managehandovers-display-component---AddNewHO--confirmCreationButton\"]"}
RESULT: {}
RESULT: {"using":"xpath","value":"//*[@id=\"application-managehandovers-display-component---AddNewHO--confirmCreationButton\"]"}
COMMAND: POST /session/db5d3a08cddd323e15dea0759fa6d3db/element/f.6971BE3684EA5570732D082DA9E0D745.d.557B6666A01AC397F4AE9ABA6CB4D4DD.e.2273/click - {}
RESULT: {}
COMMAND: GET /session/db5d3a08cddd323e15dea0759fa6d3db/screenshot - {}
COMMAND: POST /session/db5d3a08cddd323e15dea0759fa6d3db/execute/async - {"script":"<script> [1562 bytes]","args":[{"selector":{"id":"receiptDatePicker","viewName":"etm.portal.ui.managehandovers.view.DetailExecuteHO","interaction":{"idSuffix":"inner"}},"wdio_ui5_key":"receiptDatePickeretmportal.ui.managehandovers.view.DetailExecuteHO"}]}
RESULT: {}
RESULT: {"script":"<script> [1562 bytes]","args":[{"selector":{"id":"receiptDatePicker","viewName":"etm.portal.ui.managehandovers.view.DetailExecuteHO","interaction":{"idSuffix":"inner"}},"wdio_ui5_key":"receiptDatePickeretmportal.ui.managehandovers.view.DetailExecuteHO"}]}
RESULT: undefined
COMMAND: POST /session/db5d3a08cddd323e15dea0759fa6d3db/execute/async - {"script":"<script> [6424 bytes]","args":[{"element-6066-11e4-a52e-4f735466cecf":"f.6971BE3684EA5570732D082DA9E0D745.d.557B6666A01AC397F4AE9ABA6CB4D4DD.e.2304"},"setValue",["06/14/25"]]}
RESULT: {"script":"<script> [6424 bytes]","args":[{"element-6066-11e4-a52e-4f735466cecf":"f.6971BE3684EA5570732D082DA9E0D745.d.557B6666A01AC397F4AE9ABA6CB4D4DD.e.2304"},"setValue",["06/14/25"]]}
COMMAND: POST /session/db5d3a08cddd323e15dea0759fa6d3db/element - {"using":"xpath","value":"//button[@data-kt=\"ReceivingTableConfirmAllButton\"]"}
RESULT: {"using":"xpath","value":"//button[@data-kt=\"ReceivingTableConfirmAllButton\"]"}
COMMAND: POST /session/db5d3a08cddd323e15dea0759fa6d3db/element/f.6971BE3684EA5570732D082DA9E0D745.d.557B6666A01AC397F4AE9ABA6CB4D4DD.e.2324/click - {}
RESULT: {}
COMMAND: GET /session/db5d3a08cddd323e15dea0759fa6d3db/screenshot - {}
RESULT: {}
COMMAND: POST /session/db5d3a08cddd323e15dea0759fa6d3db/element - {"using":"xpath","value":"//bdi[contains(text(), \"OK\")]"}
RESULT: {"using":"xpath","value":"//bdi[contains(text(), \"OK\")]"}
COMMAND: POST /session/db5d3a08cddd323e15dea0759fa6d3db/element/f.6971BE3684EA5570732D082DA9E0D745.d.557B6666A01AC397F4AE9ABA6CB4D4DD.e.2326/click - {}
RESULT: {}
COMMAND: GET /session/db5d3a08cddd323e15dea0759fa6d3db/screenshot - {}
RESULT: {}
COMMAND: POST /session/db5d3a08cddd323e15dea0759fa6d3db/execute/async - {"script":"<script> [1562 bytes]","args":[{"selector":{"id":"confirmationButton","viewName":"etm.portal.ui.managehandovers.view.DetailExecuteHO","interaction":{"idSuffix":"BDI-content"}},"wdio_ui5_key":"confirmationButtonetmportal.ui.managehandovers.view.DetailExecuteHO"}]}
RESULT: {"script":"<script> [1562 bytes]","args":[{"selector":{"id":"confirmationButton","viewName":"etm.portal.ui.managehandovers.view.DetailExecuteHO","interaction":{"idSuffix":"BDI-content"}},"wdio_ui5_key":"confirmationButtonetmportal.ui.managehandovers.view.DetailExecuteHO"}]}
RESULT: undefined
COMMAND: POST /session/db5d3a08cddd323e15dea0759fa6d3db/element - {"using":"xpath","value":"(//bdi[contains(text(), \"Receive\")])[2]"}
RESULT: {"using":"xpath","value":"(//bdi[contains(text(), \"Receive\")])[2]"}
COMMAND: POST /session/db5d3a08cddd323e15dea0759fa6d3db/element/f.6971BE3684EA5570732D082DA9E0D745.d.557B6666A01AC397F4AE9ABA6CB4D4DD.e.2328/click - {}
RESULT: {}
COMMAND: GET /session/db5d3a08cddd323e15dea0759fa6d3db/screenshot - {}
RESULT: {}
COMMAND: POST /session/db5d3a08cddd323e15dea0759fa6d3db/element - {"using":"css selector","value":"#shell-header-logo"}
RESULT: {"using":"css selector","value":"#shell-header-logo"}
COMMAND: POST /session/db5d3a08cddd323e15dea0759fa6d3db/element/f.6971BE3684EA5570732D082DA9E0D745.d.557B6666A01AC397F4AE9ABA6CB4D4DD.e.1697/click - {}
RESULT: {}
COMMAND: GET /session/db5d3a08cddd323e15dea0759fa6d3db/screenshot - {}
RESULT: {}
]]></system-out>
    </testcase>
    <testcase classname="chrome.137_0_7151_69.windows.Bill_of_Resources_tests_for_bundle_creation_&amp;_replenishment_US131067_US131070" name="Should create a new bundle with the 2 RUs using onto first one US131067" time="65.579">
      <system-out><![CDATA[
COMMAND: POST /session/db5d3a08cddd323e15dea0759fa6d3db/execute/async - {"script":"<script> [1562 bytes]","args":[{"selector":{"controlType":"sap.m.GenericTile","properties":{"header":"Bill Of Resources"}},"wdio_ui5_key":"sapm.GenericTile{\"header\":\"Bill Of Resources\"}"}]}
RESULT: {"script":"<script> [1562 bytes]","args":[{"selector":{"controlType":"sap.m.GenericTile","properties":{"header":"Bill Of Resources"}},"wdio_ui5_key":"sapm.GenericTile{\"header\":\"Bill Of Resources\"}"}]}
RESULT: undefined
COMMAND: POST /session/db5d3a08cddd323e15dea0759fa6d3db/element - {"using":"xpath","value":"//*[@id=\"__tile35\"]"}
RESULT: {"using":"xpath","value":"//*[@id=\"__tile35\"]"}
COMMAND: POST /session/db5d3a08cddd323e15dea0759fa6d3db/element/f.6971BE3684EA5570732D082DA9E0D745.d.557B6666A01AC397F4AE9ABA6CB4D4DD.e.202/click - {}
RESULT: {}
COMMAND: GET /session/db5d3a08cddd323e15dea0759fa6d3db/screenshot - {}
RESULT: {}
COMMAND: POST /session/db5d3a08cddd323e15dea0759fa6d3db/elements - {"using":"xpath","value":"//span[text()='Error']"}
RESULT: {"using":"xpath","value":"//span[text()='Error']"}
COMMAND: POST /session/db5d3a08cddd323e15dea0759fa6d3db/element - {"using":"xpath","value":"//button[@data-kt=\"addBorMasterButton\"]"}
RESULT: {"using":"xpath","value":"//button[@data-kt=\"addBorMasterButton\"]"}
COMMAND: POST /session/db5d3a08cddd323e15dea0759fa6d3db/elements - {"using":"xpath","value":"//button[@data-kt=\"addBorMasterButton\"]"}
RESULT: {"using":"xpath","value":"//button[@data-kt=\"addBorMasterButton\"]"}
COMMAND: POST /session/db5d3a08cddd323e15dea0759fa6d3db/execute/sync - {"script":"<script> [8489 bytes]","args":[{"element-6066-11e4-a52e-4f735466cecf":"f.6971BE3684EA5570732D082DA9E0D745.d.557B6666A01AC397F4AE9ABA6CB4D4DD.e.2539","ELEMENT":"f.6971BE3684EA5570732D082DA9E0D745.d.557B6666A01AC397F4AE9ABA6CB4D4DD.e.2539"}]}
RESULT: {"script":"<script> [8489 bytes]","args":[{"element-6066-11e4-a52e-4f735466cecf":"f.6971BE3684EA5570732D082DA9E0D745.d.557B6666A01AC397F4AE9ABA6CB4D4DD.e.2539","ELEMENT":"f.6971BE3684EA5570732D082DA9E0D745.d.557B6666A01AC397F4AE9ABA6CB4D4DD.e.2539"}]}
COMMAND: GET /session/db5d3a08cddd323e15dea0759fa6d3db/element/f.6971BE3684EA5570732D082DA9E0D745.d.557B6666A01AC397F4AE9ABA6CB4D4DD.e.2539/enabled - {}
COMMAND: GET /session/db5d3a08cddd323e15dea0759fa6d3db/screenshot - {}
RESULT: {}
COMMAND: POST /session/db5d3a08cddd323e15dea0759fa6d3db/execute/sync - {"script":"<script> [8489 bytes]","args":[{"element-6066-11e4-a52e-4f735466cecf":"f.6971BE3684EA5570732D082DA9E0D745.d.557B6666A01AC397F4AE9ABA6CB4D4DD.e.2539","ELEMENT":"f.6971BE3684EA5570732D082DA9E0D745.d.557B6666A01AC397F4AE9ABA6CB4D4DD.e.2539"}]}
COMMAND: GET /session/db5d3a08cddd323e15dea0759fa6d3db/screenshot - {}
RESULT: {}
RESULT: {"script":"<script> [8489 bytes]","args":[{"element-6066-11e4-a52e-4f735466cecf":"f.6971BE3684EA5570732D082DA9E0D745.d.557B6666A01AC397F4AE9ABA6CB4D4DD.e.2539","ELEMENT":"f.6971BE3684EA5570732D082DA9E0D745.d.557B6666A01AC397F4AE9ABA6CB4D4DD.e.2539"}]}
COMMAND: POST /session/db5d3a08cddd323e15dea0759fa6d3db/execute/sync - {"script":"<script> [5351 bytes]","args":[{"element-6066-11e4-a52e-4f735466cecf":"f.6971BE3684EA5570732D082DA9E0D745.d.557B6666A01AC397F4AE9ABA6CB4D4DD.e.2539","ELEMENT":"f.6971BE3684EA5570732D082DA9E0D745.d.557B6666A01AC397F4AE9ABA6CB4D4DD.e.2539"}]}
COMMAND: GET /session/db5d3a08cddd323e15dea0759fa6d3db/screenshot - {}
RESULT: {}
RESULT: {"script":"<script> [5351 bytes]","args":[{"element-6066-11e4-a52e-4f735466cecf":"f.6971BE3684EA5570732D082DA9E0D745.d.557B6666A01AC397F4AE9ABA6CB4D4DD.e.2539","ELEMENT":"f.6971BE3684EA5570732D082DA9E0D745.d.557B6666A01AC397F4AE9ABA6CB4D4DD.e.2539"}]}
COMMAND: POST /session/db5d3a08cddd323e15dea0759fa6d3db/element/f.6971BE3684EA5570732D082DA9E0D745.d.557B6666A01AC397F4AE9ABA6CB4D4DD.e.2539/click - {}
COMMAND: GET /session/db5d3a08cddd323e15dea0759fa6d3db/screenshot - {}
RESULT: {}
RESULT: {}
COMMAND: GET /session/db5d3a08cddd323e15dea0759fa6d3db/screenshot - {}
RESULT: {}
RESULT: {}
COMMAND: POST /session/db5d3a08cddd323e15dea0759fa6d3db/execute/async - {"script":"<script> [1562 bytes]","args":[{"selector":{"id":"application-billofresources-display-component---newBoR--typeSelect","interaction":{"idSuffix":"arrow"}},"wdio_ui5_key":"applicationbillofresources-display-component---newBoR--typeSelect"}]}
RESULT: {"script":"<script> [1562 bytes]","args":[{"selector":{"id":"application-billofresources-display-component---newBoR--typeSelect","interaction":{"idSuffix":"arrow"}},"wdio_ui5_key":"applicationbillofresources-display-component---newBoR--typeSelect"}]}
RESULT: undefined
COMMAND: POST /session/db5d3a08cddd323e15dea0759fa6d3db/element - {"using":"xpath","value":"//*[@id=\"application-billofresources-display-component---newBoR--typeSelect\"]"}
RESULT: {"using":"xpath","value":"//*[@id=\"application-billofresources-display-component---newBoR--typeSelect\"]"}
COMMAND: POST /session/db5d3a08cddd323e15dea0759fa6d3db/element/f.6971BE3684EA5570732D082DA9E0D745.d.557B6666A01AC397F4AE9ABA6CB4D4DD.e.2601/click - {}
RESULT: {}
COMMAND: POST /session/db5d3a08cddd323e15dea0759fa6d3db/execute/async - {"script":"<script> [1562 bytes]","args":[{"selector":{"controlType":"sap.ui.core.Item","viewName":"etm.portal.ui.billofresources.view.NewBoR","viewId":"application-billofresources-display-component---newBoR","bindingPath":{"path":"/BoRHeaderTypes('50')","propertyPath":"TYPE","modelName":"catalogModel"},"searchOpenDialogs":true},"wdio_ui5_key":"etmportal.ui.billofresources.view.NewBoRsap.ui.core.Item{\"path\":\"/BoRHeaderTypes('50')\",\"propertyPath\":\"TYPE\",\"modelName\":\"catalogModel\"}"}]}
COMMAND: GET /session/db5d3a08cddd323e15dea0759fa6d3db/screenshot - {}
RESULT: {"script":"<script> [1562 bytes]","args":[{"selector":{"controlType":"sap.ui.core.Item","viewName":"etm.portal.ui.billofresources.view.NewBoR","viewId":"application-billofresources-display-component---newBoR","bindingPath":{"path":"/BoRHeaderTypes('50')","propertyPath":"TYPE","modelName":"catalogModel"},"searchOpenDialogs":true},"wdio_ui5_key":"etmportal.ui.billofresources.view.NewBoRsap.ui.core.Item{\"path\":\"/BoRHeaderTypes('50')\",\"propertyPath\":\"TYPE\",\"modelName\":\"catalogModel\"}"}]}
RESULT: undefined
COMMAND: POST /session/db5d3a08cddd323e15dea0759fa6d3db/element - {"using":"xpath","value":"//*[@id=\"__item1300-application-billofresources-display-component---newBoR--typeSelect-4\"]"}
RESULT: {}
RESULT: {"using":"xpath","value":"//*[@id=\"__item1300-application-billofresources-display-component---newBoR--typeSelect-4\"]"}
COMMAND: POST /session/db5d3a08cddd323e15dea0759fa6d3db/element/f.6971BE3684EA5570732D082DA9E0D745.d.557B6666A01AC397F4AE9ABA6CB4D4DD.e.2804/click - {}
RESULT: {}
COMMAND: POST /session/db5d3a08cddd323e15dea0759fa6d3db/execute/async - {"script":"<script> [1562 bytes]","args":[{"selector":{"id":"application-billofresources-display-component---newBoR--headerRUInput-vhi"},"wdio_ui5_key":"applicationbillofresources-display-component---newBoR--headerRUInput-vhi"}]}
COMMAND: GET /session/db5d3a08cddd323e15dea0759fa6d3db/screenshot - {}
RESULT: {"script":"<script> [1562 bytes]","args":[{"selector":{"id":"application-billofresources-display-component---newBoR--headerRUInput-vhi"},"wdio_ui5_key":"applicationbillofresources-display-component---newBoR--headerRUInput-vhi"}]}
RESULT: undefined
COMMAND: POST /session/db5d3a08cddd323e15dea0759fa6d3db/element - {"using":"xpath","value":"//*[@id=\"application-billofresources-display-component---newBoR--headerRUInput-vhi\"]"}
RESULT: {}
RESULT: {"using":"xpath","value":"//*[@id=\"application-billofresources-display-component---newBoR--headerRUInput-vhi\"]"}
COMMAND: POST /session/db5d3a08cddd323e15dea0759fa6d3db/element/f.6971BE3684EA5570732D082DA9E0D745.d.557B6666A01AC397F4AE9ABA6CB4D4DD.e.2863/click - {}
RESULT: {}
COMMAND: POST /session/db5d3a08cddd323e15dea0759fa6d3db/execute/async - {"script":"<script> [1562 bytes]","args":[{"selector":{"id":"application-billofresources-display-component---newBoR--ruDialogSearchField","searchOpenDialogs":true,"interaction":{"idSuffix":"I"}},"wdio_ui5_key":"applicationbillofresources-display-component---newBoR--ruDialogSearchField"}]}
COMMAND: GET /session/db5d3a08cddd323e15dea0759fa6d3db/screenshot - {}
RESULT: {"script":"<script> [1562 bytes]","args":[{"selector":{"id":"application-billofresources-display-component---newBoR--ruDialogSearchField","searchOpenDialogs":true,"interaction":{"idSuffix":"I"}},"wdio_ui5_key":"applicationbillofresources-display-component---newBoR--ruDialogSearchField"}]}
RESULT: undefined
COMMAND: POST /session/db5d3a08cddd323e15dea0759fa6d3db/execute/async - {"script":"<script> [6424 bytes]","args":[{"element-6066-11e4-a52e-4f735466cecf":"f.6971BE3684EA5570732D082DA9E0D745.d.557B6666A01AC397F4AE9ABA6CB4D4DD.e.2866"},"setValue",["HBTTo7C2u_1"]]}
RESULT: {}
RESULT: {"script":"<script> [6424 bytes]","args":[{"element-6066-11e4-a52e-4f735466cecf":"f.6971BE3684EA5570732D082DA9E0D745.d.557B6666A01AC397F4AE9ABA6CB4D4DD.e.2866"},"setValue",["HBTTo7C2u_1"]]}
COMMAND: POST /session/db5d3a08cddd323e15dea0759fa6d3db/element - {"using":"xpath","value":"//div[@id=\"application-billofresources-display-component---newBoR--ruDialogSearchField-search\"]"}
RESULT: {"using":"xpath","value":"//div[@id=\"application-billofresources-display-component---newBoR--ruDialogSearchField-search\"]"}
COMMAND: POST /session/db5d3a08cddd323e15dea0759fa6d3db/element/f.6971BE3684EA5570732D082DA9E0D745.d.557B6666A01AC397F4AE9ABA6CB4D4DD.e.2883/click - {}
RESULT: {}
COMMAND: GET /session/db5d3a08cddd323e15dea0759fa6d3db/screenshot - {}
RESULT: {}
COMMAND: POST /session/db5d3a08cddd323e15dea0759fa6d3db/execute/async - {"script":"<script> [1562 bytes]","args":[{"selector":{"controlType":"sap.m.Text","viewName":"etm.portal.ui.billofresources.view.NewBoR","viewId":"application-billofresources-display-component---newBoR","bindingPath":{"propertyPath":"YARD_ADMIN_ID","modelName":"catalogModel"},"searchOpenDialogs":true},"wdio_ui5_key":"etmportal.ui.billofresources.view.NewBoRsap.m.Text{\"propertyPath\":\"YARD_ADMIN_ID\",\"modelName\":\"catalogModel\"}"}]}
RESULT: {"script":"<script> [1562 bytes]","args":[{"selector":{"controlType":"sap.m.Text","viewName":"etm.portal.ui.billofresources.view.NewBoR","viewId":"application-billofresources-display-component---newBoR","bindingPath":{"propertyPath":"YARD_ADMIN_ID","modelName":"catalogModel"},"searchOpenDialogs":true},"wdio_ui5_key":"etmportal.ui.billofresources.view.NewBoRsap.m.Text{\"propertyPath\":\"YARD_ADMIN_ID\",\"modelName\":\"catalogModel\"}"}]}
RESULT: undefined
COMMAND: POST /session/db5d3a08cddd323e15dea0759fa6d3db/element - {"using":"xpath","value":"//*[@id=\"__text2096\"]"}
RESULT: {"using":"xpath","value":"//*[@id=\"__text2096\"]"}
COMMAND: POST /session/db5d3a08cddd323e15dea0759fa6d3db/element/f.6971BE3684EA5570732D082DA9E0D745.d.557B6666A01AC397F4AE9ABA6CB4D4DD.e.2888/click - {}
RESULT: {}
COMMAND: POST /session/db5d3a08cddd323e15dea0759fa6d3db/execute/async - {"script":"<script> [1562 bytes]","args":[{"selector":{"controlType":"sap.m.Button","viewName":"etm.portal.ui.billofresources.view.NewBoR","viewId":"application-billofresources-display-component---newBoR","i18NText":{"propertyName":"text","key":"ok"},"searchOpenDialogs":true,"interaction":{"idSuffix":"BDI-content"}},"wdio_ui5_key":"etmportal.ui.billofresources.view.NewBoRsap.m.Button{\"propertyName\":\"text\",\"key\":\"ok\"}"}]}
COMMAND: GET /session/db5d3a08cddd323e15dea0759fa6d3db/screenshot - {}
RESULT: {"script":"<script> [1562 bytes]","args":[{"selector":{"controlType":"sap.m.Button","viewName":"etm.portal.ui.billofresources.view.NewBoR","viewId":"application-billofresources-display-component---newBoR","i18NText":{"propertyName":"text","key":"ok"},"searchOpenDialogs":true,"interaction":{"idSuffix":"BDI-content"}},"wdio_ui5_key":"etmportal.ui.billofresources.view.NewBoRsap.m.Button{\"propertyName\":\"text\",\"key\":\"ok\"}"}]}
RESULT: undefined
COMMAND: POST /session/db5d3a08cddd323e15dea0759fa6d3db/element - {"using":"xpath","value":"//*[@id=\"__button260\"]"}
RESULT: {}
RESULT: {"using":"xpath","value":"//*[@id=\"__button260\"]"}
COMMAND: POST /session/db5d3a08cddd323e15dea0759fa6d3db/element/f.6971BE3684EA5570732D082DA9E0D745.d.557B6666A01AC397F4AE9ABA6CB4D4DD.e.2891/click - {}
RESULT: {}
COMMAND: GET /session/db5d3a08cddd323e15dea0759fa6d3db/screenshot - {}
RESULT: {}
COMMAND: POST /session/db5d3a08cddd323e15dea0759fa6d3db/execute/async - {"script":"<script> [1562 bytes]","args":[{"selector":{"id":"application-billofresources-display-component---newBoR--borDescInput","interaction":{"idSuffix":"inner"}},"wdio_ui5_key":"applicationbillofresources-display-component---newBoR--borDescInput"}]}
RESULT: {"script":"<script> [1562 bytes]","args":[{"selector":{"id":"application-billofresources-display-component---newBoR--borDescInput","interaction":{"idSuffix":"inner"}},"wdio_ui5_key":"applicationbillofresources-display-component---newBoR--borDescInput"}]}
RESULT: undefined
COMMAND: POST /session/db5d3a08cddd323e15dea0759fa6d3db/execute/async - {"script":"<script> [776 bytes]","args":[{"enterText":"HBTTo7C2u_1","selector":{"id":"application-billofresources-display-component---newBoR--borDescInput","interaction":{"idSuffix":"inner"}},"clearTextFirst":true,"interactionType":"ENTER_TEXT"}]}
RESULT: {"script":"<script> [776 bytes]","args":[{"enterText":"HBTTo7C2u_1","selector":{"id":"application-billofresources-display-component---newBoR--borDescInput","interaction":{"idSuffix":"inner"}},"clearTextFirst":true,"interactionType":"ENTER_TEXT"}]}
COMMAND: POST /session/db5d3a08cddd323e15dea0759fa6d3db/execute/async - {"script":"<script> [1562 bytes]","args":[{"selector":{"controlType":"sap.ui.core.Icon","viewName":"etm.portal.ui.billofresources.view.NewBoR","viewId":"application-billofresources-display-component---newBoR","properties":{"src":{"regex":{"source":"add"}}},"ancestor":{"controlType":"sap.m.Button","viewName":"etm.portal.ui.billofresources.view.NewBoR","viewId":"application-billofresources-display-component---newBoR","bindingPath":{"path":"","propertyPath":"/isSelectionGroup","modelName":"tableConfig"}}},"wdio_ui5_key":"etmportal.ui.billofresources.view.NewBoRsap.ui.core.Icon{\"src\":{\"regex\":{\"source\":\"add\"}}}{\"controlType\":\"sap.m.Button\",\"viewName\":\"etm.portal.ui.billofresources.view.NewBoR\",\"viewId\":\"application-billofresources-display-component---newBoR\",\"bindingPath\":{\"path\":\"\",\"propertyPath\":\"/isSelectionGroup\",\"modelName\":\"tableConfig\"}}"}]}
RESULT: {"script":"<script> [1562 bytes]","args":[{"selector":{"controlType":"sap.ui.core.Icon","viewName":"etm.portal.ui.billofresources.view.NewBoR","viewId":"application-billofresources-display-component---newBoR","properties":{"src":{"regex":{"source":"add"}}},"ancestor":{"controlType":"sap.m.Button","viewName":"etm.portal.ui.billofresources.view.NewBoR","viewId":"application-billofresources-display-component---newBoR","bindingPath":{"path":"","propertyPath":"/isSelectionGroup","modelName":"tableConfig"}}},"wdio_ui5_key":"etmportal.ui.billofresources.view.NewBoRsap.ui.core.Icon{\"src\":{\"regex\":{\"source\":\"add\"}}}{\"controlType\":\"sap.m.Button\",\"viewName\":\"etm.portal.ui.billofresources.view.NewBoR\",\"viewId\":\"application-billofresources-display-component---newBoR\",\"bindingPath\":{\"path\":\"\",\"propertyPath\":\"/isSelectionGroup\",\"modelName\":\"tableConfig\"}}"}]}
RESULT: undefined
COMMAND: POST /session/db5d3a08cddd323e15dea0759fa6d3db/element - {"using":"xpath","value":"//*[@id=\"__button244-img\"]"}
RESULT: {"using":"xpath","value":"//*[@id=\"__button244-img\"]"}
COMMAND: POST /session/db5d3a08cddd323e15dea0759fa6d3db/element/f.6971BE3684EA5570732D082DA9E0D745.d.557B6666A01AC397F4AE9ABA6CB4D4DD.e.2903/click - {}
RESULT: {}
COMMAND: POST /session/db5d3a08cddd323e15dea0759fa6d3db/execute/async - {"script":"<script> [1562 bytes]","args":[{"selector":{"controlType":"sap.m.Input","viewName":"etm.portal.ui.billofresources.view.NewBoR","viewId":"application-billofresources-display-component---newBoR","bindingPath":{"path":"/ITEMS/0","propertyPath":"ITEM","modelName":"BoRModel"},"interaction":{"idSuffix":"inner"}},"wdio_ui5_key":"etmportal.ui.billofresources.view.NewBoRsap.m.Input{\"path\":\"/ITEMS/0\",\"propertyPath\":\"ITEM\",\"modelName\":\"BoRModel\"}"}]}
COMMAND: GET /session/db5d3a08cddd323e15dea0759fa6d3db/screenshot - {}
RESULT: {"script":"<script> [1562 bytes]","args":[{"selector":{"controlType":"sap.m.Input","viewName":"etm.portal.ui.billofresources.view.NewBoR","viewId":"application-billofresources-display-component---newBoR","bindingPath":{"path":"/ITEMS/0","propertyPath":"ITEM","modelName":"BoRModel"},"interaction":{"idSuffix":"inner"}},"wdio_ui5_key":"etmportal.ui.billofresources.view.NewBoRsap.m.Input{\"path\":\"/ITEMS/0\",\"propertyPath\":\"ITEM\",\"modelName\":\"BoRModel\"}"}]}
RESULT: undefined
COMMAND: POST /session/db5d3a08cddd323e15dea0759fa6d3db/execute/async - {"script":"<script> [776 bytes]","args":[{"enterText":"10","selector":{"controlType":"sap.m.Input","viewName":"etm.portal.ui.billofresources.view.NewBoR","viewId":"application-billofresources-display-component---newBoR","bindingPath":{"path":"/ITEMS/0","propertyPath":"ITEM","modelName":"BoRModel"},"interaction":{"idSuffix":"inner"}},"clearTextFirst":true,"interactionType":"ENTER_TEXT"}]}
RESULT: {}
RESULT: {"script":"<script> [776 bytes]","args":[{"enterText":"10","selector":{"controlType":"sap.m.Input","viewName":"etm.portal.ui.billofresources.view.NewBoR","viewId":"application-billofresources-display-component---newBoR","bindingPath":{"path":"/ITEMS/0","propertyPath":"ITEM","modelName":"BoRModel"},"interaction":{"idSuffix":"inner"}},"clearTextFirst":true,"interactionType":"ENTER_TEXT"}]}
COMMAND: POST /session/db5d3a08cddd323e15dea0759fa6d3db/element - {"using":"xpath","value":"//input[@aria-labelledby=\"application-billofresources-display-component---newBoR--itemRUComboBoxCol\"][1]"}
RESULT: {"using":"xpath","value":"//input[@aria-labelledby=\"application-billofresources-display-component---newBoR--itemRUComboBoxCol\"][1]"}
COMMAND: POST /session/db5d3a08cddd323e15dea0759fa6d3db/element/f.6971BE3684EA5570732D082DA9E0D745.d.557B6666A01AC397F4AE9ABA6CB4D4DD.e.2892/clear - {}
RESULT: {}
COMMAND: POST /session/db5d3a08cddd323e15dea0759fa6d3db/element/f.6971BE3684EA5570732D082DA9E0D745.d.557B6666A01AC397F4AE9ABA6CB4D4DD.e.2892/value - {"text":"HBTTo7C2u_2"}
COMMAND: GET /session/db5d3a08cddd323e15dea0759fa6d3db/screenshot - {}
RESULT: {"text":"HBTTo7C2u_2"}
COMMAND: GET /session/db5d3a08cddd323e15dea0759fa6d3db/screenshot - {}
RESULT: {}
RESULT: {}
COMMAND: POST /session/db5d3a08cddd323e15dea0759fa6d3db/actions - {"actions":[{"id":"action4","type":"key","parameters":{},"actions":[{"type":"keyDown","value":""},{"type":"pause","duration":10},{"type":"keyUp","value":""}]}]}
RESULT: {"actions":[{"id":"action4","type":"key","parameters":{},"actions":[{"type":"keyDown","value":""},{"type":"pause","duration":10},{"type":"keyUp","value":""}]}]}
COMMAND: POST /session/db5d3a08cddd323e15dea0759fa6d3db/execute/async - {"script":"<script> [1562 bytes]","args":[{"selector":{"controlType":"sap.m.Button","viewName":"etm.portal.ui.billofresources.view.NewBoR","viewId":"application-billofresources-display-component---newBoR","i18NText":{"propertyName":"text","key":"save"},"interaction":{"idSuffix":"BDI-content"}},"wdio_ui5_key":"etmportal.ui.billofresources.view.NewBoRsap.m.Button{\"propertyName\":\"text\",\"key\":\"save\"}"}]}
COMMAND: GET /session/db5d3a08cddd323e15dea0759fa6d3db/screenshot - {}
RESULT: {"script":"<script> [1562 bytes]","args":[{"selector":{"controlType":"sap.m.Button","viewName":"etm.portal.ui.billofresources.view.NewBoR","viewId":"application-billofresources-display-component---newBoR","i18NText":{"propertyName":"text","key":"save"},"interaction":{"idSuffix":"BDI-content"}},"wdio_ui5_key":"etmportal.ui.billofresources.view.NewBoRsap.m.Button{\"propertyName\":\"text\",\"key\":\"save\"}"}]}
RESULT: undefined
COMMAND: POST /session/db5d3a08cddd323e15dea0759fa6d3db/element - {"using":"xpath","value":"//*[@id=\"__button250\"]"}
RESULT: {}
RESULT: {"using":"xpath","value":"//*[@id=\"__button250\"]"}
COMMAND: POST /session/db5d3a08cddd323e15dea0759fa6d3db/element/f.6971BE3684EA5570732D082DA9E0D745.d.557B6666A01AC397F4AE9ABA6CB4D4DD.e.2781/click - {}
RESULT: {}
COMMAND: GET /session/db5d3a08cddd323e15dea0759fa6d3db/screenshot - {}
RESULT: {}
COMMAND: POST /session/db5d3a08cddd323e15dea0759fa6d3db/execute/async - {"script":"<script> [1562 bytes]","args":[{"selector":{"controlType":"sap.m.Text","viewName":"etm.portal.ui.billofresources.view.DetailBoR","viewId":"application-billofresources-display-component---detailBoR","bindingPath":{"propertyPath":"LINK_TO_RESOURCE_UNITS/LINK_TO_RU_STATE/STATE_DESCR","modelName":"catalogModel"}},"wdio_ui5_key":"etmportal.ui.billofresources.view.DetailBoRsap.m.Text{\"propertyPath\":\"LINK_TO_RESOURCE_UNITS/LINK_TO_RU_STATE/STATE_DESCR\",\"modelName\":\"catalogModel\"}"}]}
RESULT: {"script":"<script> [1562 bytes]","args":[{"selector":{"controlType":"sap.m.Text","viewName":"etm.portal.ui.billofresources.view.DetailBoR","viewId":"application-billofresources-display-component---detailBoR","bindingPath":{"propertyPath":"LINK_TO_RESOURCE_UNITS/LINK_TO_RU_STATE/STATE_DESCR","modelName":"catalogModel"}},"wdio_ui5_key":"etmportal.ui.billofresources.view.DetailBoRsap.m.Text{\"propertyPath\":\"LINK_TO_RESOURCE_UNITS/LINK_TO_RU_STATE/STATE_DESCR\",\"modelName\":\"catalogModel\"}"}]}
RESULT: undefined
COMMAND: POST /session/db5d3a08cddd323e15dea0759fa6d3db/execute/async - {"script":"<script> [6424 bytes]","args":[{"element-6066-11e4-a52e-4f735466cecf":"f.6971BE3684EA5570732D082DA9E0D745.d.557B6666A01AC397F4AE9ABA6CB4D4DD.e.3166"},"getText",[]]}
RESULT: {"script":"<script> [6424 bytes]","args":[{"element-6066-11e4-a52e-4f735466cecf":"f.6971BE3684EA5570732D082DA9E0D745.d.557B6666A01AC397F4AE9ABA6CB4D4DD.e.3166"},"getText",[]]}
]]></system-out>
    </testcase>
    <testcase classname="chrome.137_0_7151_69.windows.Bill_of_Resources_tests_for_bundle_creation_&amp;_replenishment_US131067_US131070" name="Should create replenishment handover from BOR US131070" time="75.25">
      <system-out><![CDATA[
COMMAND: POST /session/db5d3a08cddd323e15dea0759fa6d3db/execute/async - {"script":"<script> [1562 bytes]","args":[{"selector":{"controlType":"sap.m.Button","viewName":"etm.portal.ui.billofresources.view.DetailBoR","viewId":"application-billofresources-display-component---detailBoR","i18NText":{"propertyName":"text","key":"replenish"},"interaction":{"idSuffix":"BDI-content"}},"wdio_ui5_key":"etmportal.ui.billofresources.view.DetailBoRsap.m.Button{\"propertyName\":\"text\",\"key\":\"replenish\"}"}]}
RESULT: {"script":"<script> [1562 bytes]","args":[{"selector":{"controlType":"sap.m.Button","viewName":"etm.portal.ui.billofresources.view.DetailBoR","viewId":"application-billofresources-display-component---detailBoR","i18NText":{"propertyName":"text","key":"replenish"},"interaction":{"idSuffix":"BDI-content"}},"wdio_ui5_key":"etmportal.ui.billofresources.view.DetailBoRsap.m.Button{\"propertyName\":\"text\",\"key\":\"replenish\"}"}]}
RESULT: undefined
COMMAND: POST /session/db5d3a08cddd323e15dea0759fa6d3db/element - {"using":"xpath","value":"//*[@id=\"__button264\"]"}
RESULT: {"using":"xpath","value":"//*[@id=\"__button264\"]"}
COMMAND: POST /session/db5d3a08cddd323e15dea0759fa6d3db/element/f.6971BE3684EA5570732D082DA9E0D745.d.557B6666A01AC397F4AE9ABA6CB4D4DD.e.3168/click - {}
RESULT: {}
COMMAND: GET /session/db5d3a08cddd323e15dea0759fa6d3db/screenshot - {}
RESULT: {}
COMMAND: POST /session/db5d3a08cddd323e15dea0759fa6d3db/execute/async - {"script":"<script> [1562 bytes]","args":[{"selector":{"controlType":"sap.m.Button","viewName":"etm.portal.ui.billofresources.view.DetailBoR","viewId":"application-billofresources-display-component---detailBoR","i18NText":{"propertyName":"text","key":"execute"},"interaction":{"idSuffix":"BDI-content"}},"wdio_ui5_key":"etmportal.ui.billofresources.view.DetailBoRsap.m.Button{\"propertyName\":\"text\",\"key\":\"execute\"}"}]}
RESULT: {"script":"<script> [1562 bytes]","args":[{"selector":{"controlType":"sap.m.Button","viewName":"etm.portal.ui.billofresources.view.DetailBoR","viewId":"application-billofresources-display-component---detailBoR","i18NText":{"propertyName":"text","key":"execute"},"interaction":{"idSuffix":"BDI-content"}},"wdio_ui5_key":"etmportal.ui.billofresources.view.DetailBoRsap.m.Button{\"propertyName\":\"text\",\"key\":\"execute\"}"}]}
RESULT: undefined
COMMAND: POST /session/db5d3a08cddd323e15dea0759fa6d3db/element - {"using":"xpath","value":"//*[@id=\"__button280\"]"}
RESULT: {"using":"xpath","value":"//*[@id=\"__button280\"]"}
COMMAND: POST /session/db5d3a08cddd323e15dea0759fa6d3db/element/f.6971BE3684EA5570732D082DA9E0D745.d.557B6666A01AC397F4AE9ABA6CB4D4DD.e.3187/click - {}
RESULT: {}
COMMAND: GET /session/db5d3a08cddd323e15dea0759fa6d3db/screenshot - {}
RESULT: {}
COMMAND: POST /session/db5d3a08cddd323e15dea0759fa6d3db/execute/async - {"script":"<script> [1562 bytes]","args":[{"selector":{"controlType":"sap.m.Text","viewName":"etm.portal.ui.managehandovers.view.DetailExecuteHO","bindingPath":{"path":"","propertyPath":"NO","modelName":"catalogModel"}},"wdio_ui5_key":"etmportal.ui.managehandovers.view.DetailExecuteHOsap.m.Text{\"path\":\"\",\"propertyPath\":\"NO\",\"modelName\":\"catalogModel\"}"}]}
RESULT: {"script":"<script> [1562 bytes]","args":[{"selector":{"controlType":"sap.m.Text","viewName":"etm.portal.ui.managehandovers.view.DetailExecuteHO","bindingPath":{"path":"","propertyPath":"NO","modelName":"catalogModel"}},"wdio_ui5_key":"etmportal.ui.managehandovers.view.DetailExecuteHOsap.m.Text{\"path\":\"\",\"propertyPath\":\"NO\",\"modelName\":\"catalogModel\"}"}]}
RESULT: undefined
COMMAND: POST /session/db5d3a08cddd323e15dea0759fa6d3db/execute/async - {"script":"<script> [6424 bytes]","args":[{"element-6066-11e4-a52e-4f735466cecf":"f.6971BE3684EA5570732D082DA9E0D745.d.557B6666A01AC397F4AE9ABA6CB4D4DD.e.3508"},"getText",[]]}
RESULT: {"script":"<script> [6424 bytes]","args":[{"element-6066-11e4-a52e-4f735466cecf":"f.6971BE3684EA5570732D082DA9E0D745.d.557B6666A01AC397F4AE9ABA6CB4D4DD.e.3508"},"getText",[]]}
COMMAND: POST /session/db5d3a08cddd323e15dea0759fa6d3db/element - {"using":"xpath","value":"//button[@data-kt=\"PickingTableConfirmAllButton\"]"}
RESULT: {"using":"xpath","value":"//button[@data-kt=\"PickingTableConfirmAllButton\"]"}
COMMAND: POST /session/db5d3a08cddd323e15dea0759fa6d3db/element/f.6971BE3684EA5570732D082DA9E0D745.d.557B6666A01AC397F4AE9ABA6CB4D4DD.e.3509/click - {}
RESULT: {}
COMMAND: GET /session/db5d3a08cddd323e15dea0759fa6d3db/screenshot - {}
RESULT: {}
COMMAND: POST /session/db5d3a08cddd323e15dea0759fa6d3db/element - {"using":"xpath","value":"//bdi[contains(text(), \"OK\")]"}
RESULT: {"using":"xpath","value":"//bdi[contains(text(), \"OK\")]"}
COMMAND: POST /session/db5d3a08cddd323e15dea0759fa6d3db/element/f.6971BE3684EA5570732D082DA9E0D745.d.557B6666A01AC397F4AE9ABA6CB4D4DD.e.3512/click - {}
RESULT: {}
COMMAND: GET /session/db5d3a08cddd323e15dea0759fa6d3db/screenshot - {}
RESULT: {}
COMMAND: POST /session/db5d3a08cddd323e15dea0759fa6d3db/element - {"using":"xpath","value":"(//bdi[contains(text(), \"Pick\")])[1]"}
RESULT: {"using":"xpath","value":"(//bdi[contains(text(), \"Pick\")])[1]"}
COMMAND: POST /session/db5d3a08cddd323e15dea0759fa6d3db/element/f.6971BE3684EA5570732D082DA9E0D745.d.557B6666A01AC397F4AE9ABA6CB4D4DD.e.3514/click - {}
RESULT: {}
COMMAND: GET /session/db5d3a08cddd323e15dea0759fa6d3db/screenshot - {}
RESULT: {}
COMMAND: POST /session/db5d3a08cddd323e15dea0759fa6d3db/execute/async - {"script":"<script> [1562 bytes]","args":[{"selector":{"controlType":"sap.m.SearchField","viewName":"etm.portal.ui.managehandovers.view.MasterHO","bindingPath":{"propertyPath":"/_BASIC_SEARCH_FIELD","modelName":"fi1t3rM0d31"},"interaction":{"idSuffix":"I"}},"wdio_ui5_key":"etmportal.ui.managehandovers.view.MasterHOsap.m.SearchField{\"propertyPath\":\"/_BASIC_SEARCH_FIELD\",\"modelName\":\"fi1t3rM0d31\"}"}]}
RESULT: {"script":"<script> [1562 bytes]","args":[{"selector":{"controlType":"sap.m.SearchField","viewName":"etm.portal.ui.managehandovers.view.MasterHO","bindingPath":{"propertyPath":"/_BASIC_SEARCH_FIELD","modelName":"fi1t3rM0d31"},"interaction":{"idSuffix":"I"}},"wdio_ui5_key":"etmportal.ui.managehandovers.view.MasterHOsap.m.SearchField{\"propertyPath\":\"/_BASIC_SEARCH_FIELD\",\"modelName\":\"fi1t3rM0d31\"}"}]}
RESULT: undefined
COMMAND: POST /session/db5d3a08cddd323e15dea0759fa6d3db/execute/async - {"script":"<script> [776 bytes]","args":[{"enterText":"30417","selector":{"controlType":"sap.m.SearchField","viewName":"etm.portal.ui.managehandovers.view.MasterHO","bindingPath":{"propertyPath":"/_BASIC_SEARCH_FIELD","modelName":"fi1t3rM0d31"},"interaction":{"idSuffix":"I"}},"clearTextFirst":true,"interactionType":"ENTER_TEXT"}]}
RESULT: {"script":"<script> [776 bytes]","args":[{"enterText":"30417","selector":{"controlType":"sap.m.SearchField","viewName":"etm.portal.ui.managehandovers.view.MasterHO","bindingPath":{"propertyPath":"/_BASIC_SEARCH_FIELD","modelName":"fi1t3rM0d31"},"interaction":{"idSuffix":"I"}},"clearTextFirst":true,"interactionType":"ENTER_TEXT"}]}
COMMAND: POST /session/db5d3a08cddd323e15dea0759fa6d3db/actions - {"actions":[{"id":"action5","type":"key","parameters":{},"actions":[{"type":"keyDown","value":""},{"type":"pause","duration":10},{"type":"keyUp","value":""}]}]}
RESULT: {"actions":[{"id":"action5","type":"key","parameters":{},"actions":[{"type":"keyDown","value":""},{"type":"pause","duration":10},{"type":"keyUp","value":""}]}]}
COMMAND: GET /session/db5d3a08cddd323e15dea0759fa6d3db/screenshot - {}
RESULT: {}
COMMAND: POST /session/db5d3a08cddd323e15dea0759fa6d3db/execute/async - {"script":"<script> [1562 bytes]","args":[{"selector":{"controlType":"sap.ui.core.Icon","viewName":"etm.portal.ui.managehandovers.view.MasterHO","properties":{"src":{"regex":{"source":"slim\\-arrow\\-right"}}}},"wdio_ui5_key":"etmportal.ui.managehandovers.view.MasterHOsap.ui.core.Icon{\"src\":{\"regex\":{\"source\":\"slim\\\\-arrow\\\\-right\"}}}"}]}
RESULT: {"script":"<script> [1562 bytes]","args":[{"selector":{"controlType":"sap.ui.core.Icon","viewName":"etm.portal.ui.managehandovers.view.MasterHO","properties":{"src":{"regex":{"source":"slim\\-arrow\\-right"}}}},"wdio_ui5_key":"etmportal.ui.managehandovers.view.MasterHOsap.ui.core.Icon{\"src\":{\"regex\":{\"source\":\"slim\\\\-arrow\\\\-right\"}}}"}]}
RESULT: undefined
COMMAND: POST /session/db5d3a08cddd323e15dea0759fa6d3db/element - {"using":"xpath","value":"//*[@id=\"__item1565-__clone4028-imgNav\"]"}
RESULT: {"using":"xpath","value":"//*[@id=\"__item1565-__clone4028-imgNav\"]"}
COMMAND: POST /session/db5d3a08cddd323e15dea0759fa6d3db/element/f.6971BE3684EA5570732D082DA9E0D745.d.557B6666A01AC397F4AE9ABA6CB4D4DD.e.3596/click - {}
RESULT: {}
COMMAND: POST /session/db5d3a08cddd323e15dea0759fa6d3db/execute/async - {"script":"<script> [1562 bytes]","args":[{"selector":{"controlType":"sap.m.ObjectStatus","viewName":"etm.portal.ui.managehandovers.view.DetailExecuteHO","bindingPath":{"path":"","propertyPath":"LINK_TO_STATUS/DESCRIPTION","modelName":"catalogModel"}},"wdio_ui5_key":"etmportal.ui.managehandovers.view.DetailExecuteHOsap.m.ObjectStatus{\"path\":\"\",\"propertyPath\":\"LINK_TO_STATUS/DESCRIPTION\",\"modelName\":\"catalogModel\"}"}]}
COMMAND: GET /session/db5d3a08cddd323e15dea0759fa6d3db/screenshot - {}
RESULT: {"script":"<script> [1562 bytes]","args":[{"selector":{"controlType":"sap.m.ObjectStatus","viewName":"etm.portal.ui.managehandovers.view.DetailExecuteHO","bindingPath":{"path":"","propertyPath":"LINK_TO_STATUS/DESCRIPTION","modelName":"catalogModel"}},"wdio_ui5_key":"etmportal.ui.managehandovers.view.DetailExecuteHOsap.m.ObjectStatus{\"path\":\"\",\"propertyPath\":\"LINK_TO_STATUS/DESCRIPTION\",\"modelName\":\"catalogModel\"}"}]}
RESULT: undefined
COMMAND: POST /session/db5d3a08cddd323e15dea0759fa6d3db/execute/async - {"script":"<script> [6424 bytes]","args":[{"element-6066-11e4-a52e-4f735466cecf":"f.6971BE3684EA5570732D082DA9E0D745.d.557B6666A01AC397F4AE9ABA6CB4D4DD.e.3632"},"getText",[]]}
RESULT: {}
RESULT: {"script":"<script> [6424 bytes]","args":[{"element-6066-11e4-a52e-4f735466cecf":"f.6971BE3684EA5570732D082DA9E0D745.d.557B6666A01AC397F4AE9ABA6CB4D4DD.e.3632"},"getText",[]]}
COMMAND: POST /session/db5d3a08cddd323e15dea0759fa6d3db/element - {"using":"xpath","value":"//button[@data-kt=\"IssuingTableConfirmAllButton\"]"}
RESULT: {"using":"xpath","value":"//button[@data-kt=\"IssuingTableConfirmAllButton\"]"}
COMMAND: POST /session/db5d3a08cddd323e15dea0759fa6d3db/element/f.6971BE3684EA5570732D082DA9E0D745.d.557B6666A01AC397F4AE9ABA6CB4D4DD.e.3620/click - {}
RESULT: {}
COMMAND: GET /session/db5d3a08cddd323e15dea0759fa6d3db/screenshot - {}
RESULT: {}
COMMAND: POST /session/db5d3a08cddd323e15dea0759fa6d3db/element - {"using":"xpath","value":"//bdi[contains(text(), \"OK\")]"}
RESULT: {"using":"xpath","value":"//bdi[contains(text(), \"OK\")]"}
COMMAND: POST /session/db5d3a08cddd323e15dea0759fa6d3db/element/f.6971BE3684EA5570732D082DA9E0D745.d.557B6666A01AC397F4AE9ABA6CB4D4DD.e.3637/click - {}
RESULT: {}
COMMAND: GET /session/db5d3a08cddd323e15dea0759fa6d3db/screenshot - {}
RESULT: {}
COMMAND: POST /session/db5d3a08cddd323e15dea0759fa6d3db/element - {"using":"xpath","value":"(//bdi[contains(text(), \"Issue\")])[1]"}
RESULT: {"using":"xpath","value":"(//bdi[contains(text(), \"Issue\")])[1]"}
COMMAND: POST /session/db5d3a08cddd323e15dea0759fa6d3db/element/f.6971BE3684EA5570732D082DA9E0D745.d.557B6666A01AC397F4AE9ABA6CB4D4DD.e.3638/click - {}
RESULT: {}
COMMAND: GET /session/db5d3a08cddd323e15dea0759fa6d3db/screenshot - {}
RESULT: {}
COMMAND: POST /session/db5d3a08cddd323e15dea0759fa6d3db/element - {"using":"xpath","value":"//span[contains(@id, \"smartTable-header-inner\")]"}
RESULT: {"using":"xpath","value":"//span[contains(@id, \"smartTable-header-inner\")]"}
COMMAND: POST /session/db5d3a08cddd323e15dea0759fa6d3db/elements - {"using":"xpath","value":"//span[contains(@id, \"smartTable-header-inner\")]"}
RESULT: {"using":"xpath","value":"//span[contains(@id, \"smartTable-header-inner\")]"}
COMMAND: POST /session/db5d3a08cddd323e15dea0759fa6d3db/execute/sync - {"script":"<script> [56 bytes]","args":[{"element-6066-11e4-a52e-4f735466cecf":"f.6971BE3684EA5570732D082DA9E0D745.d.557B6666A01AC397F4AE9ABA6CB4D4DD.e.3675","ELEMENT":"f.6971BE3684EA5570732D082DA9E0D745.d.557B6666A01AC397F4AE9ABA6CB4D4DD.e.3675"}]}
RESULT: {"script":"<script> [56 bytes]","args":[{"element-6066-11e4-a52e-4f735466cecf":"f.6971BE3684EA5570732D082DA9E0D745.d.557B6666A01AC397F4AE9ABA6CB4D4DD.e.3675","ELEMENT":"f.6971BE3684EA5570732D082DA9E0D745.d.557B6666A01AC397F4AE9ABA6CB4D4DD.e.3675"}]}
COMMAND: POST /session/db5d3a08cddd323e15dea0759fa6d3db/elements - {"using":"xpath","value":"//thead[contains(@class, \"sapMTableTH\")]/tr/th"}
COMMAND: GET /session/db5d3a08cddd323e15dea0759fa6d3db/screenshot - {}
RESULT: {"using":"xpath","value":"//thead[contains(@class, \"sapMTableTH\")]/tr/th"}
COMMAND: GET /session/db5d3a08cddd323e15dea0759fa6d3db/element/f.6971BE3684EA5570732D082DA9E0D745.d.557B6666A01AC397F4AE9ABA6CB4D4DD.e.3676/text - {}
RESULT: {}
RESULT: {}
COMMAND: GET /session/db5d3a08cddd323e15dea0759fa6d3db/element/f.6971BE3684EA5570732D082DA9E0D745.d.557B6666A01AC397F4AE9ABA6CB4D4DD.e.3677/text - {}
RESULT: {}
COMMAND: GET /session/db5d3a08cddd323e15dea0759fa6d3db/element/f.6971BE3684EA5570732D082DA9E0D745.d.557B6666A01AC397F4AE9ABA6CB4D4DD.e.3301/text - {}
RESULT: {}
COMMAND: GET /session/db5d3a08cddd323e15dea0759fa6d3db/element/f.6971BE3684EA5570732D082DA9E0D745.d.557B6666A01AC397F4AE9ABA6CB4D4DD.e.3303/text - {}
RESULT: {}
COMMAND: GET /session/db5d3a08cddd323e15dea0759fa6d3db/element/f.6971BE3684EA5570732D082DA9E0D745.d.557B6666A01AC397F4AE9ABA6CB4D4DD.e.3643/text - {}
RESULT: {}
COMMAND: GET /session/db5d3a08cddd323e15dea0759fa6d3db/element/f.6971BE3684EA5570732D082DA9E0D745.d.557B6666A01AC397F4AE9ABA6CB4D4DD.e.3644/text - {}
RESULT: {}
COMMAND: GET /session/db5d3a08cddd323e15dea0759fa6d3db/element/f.6971BE3684EA5570732D082DA9E0D745.d.557B6666A01AC397F4AE9ABA6CB4D4DD.e.3645/text - {}
RESULT: {}
COMMAND: GET /session/db5d3a08cddd323e15dea0759fa6d3db/element/f.6971BE3684EA5570732D082DA9E0D745.d.557B6666A01AC397F4AE9ABA6CB4D4DD.e.3646/text - {}
RESULT: {}
COMMAND: GET /session/db5d3a08cddd323e15dea0759fa6d3db/element/f.6971BE3684EA5570732D082DA9E0D745.d.557B6666A01AC397F4AE9ABA6CB4D4DD.e.3647/text - {}
RESULT: {}
COMMAND: GET /session/db5d3a08cddd323e15dea0759fa6d3db/element/f.6971BE3684EA5570732D082DA9E0D745.d.557B6666A01AC397F4AE9ABA6CB4D4DD.e.3648/text - {}
RESULT: {}
COMMAND: GET /session/db5d3a08cddd323e15dea0759fa6d3db/element/f.6971BE3684EA5570732D082DA9E0D745.d.557B6666A01AC397F4AE9ABA6CB4D4DD.e.3649/text - {}
RESULT: {}
COMMAND: GET /session/db5d3a08cddd323e15dea0759fa6d3db/element/f.6971BE3684EA5570732D082DA9E0D745.d.557B6666A01AC397F4AE9ABA6CB4D4DD.e.3650/text - {}
RESULT: {}
COMMAND: GET /session/db5d3a08cddd323e15dea0759fa6d3db/element/f.6971BE3684EA5570732D082DA9E0D745.d.557B6666A01AC397F4AE9ABA6CB4D4DD.e.3651/text - {}
RESULT: {}
COMMAND: GET /session/db5d3a08cddd323e15dea0759fa6d3db/element/f.6971BE3684EA5570732D082DA9E0D745.d.557B6666A01AC397F4AE9ABA6CB4D4DD.e.3304/text - {}
RESULT: {}
COMMAND: POST /session/db5d3a08cddd323e15dea0759fa6d3db/element - {"using":"xpath","value":"//tbody[contains(@id, \"customHandoversTable-tblBody\")]/tr[1]/td[14]/div/span"}
RESULT: {"using":"xpath","value":"//tbody[contains(@id, \"customHandoversTable-tblBody\")]/tr[1]/td[14]/div/span"}
COMMAND: POST /session/db5d3a08cddd323e15dea0759fa6d3db/execute/sync - {"script":"<script> [56 bytes]","args":[{"element-6066-11e4-a52e-4f735466cecf":"f.6971BE3684EA5570732D082DA9E0D745.d.557B6666A01AC397F4AE9ABA6CB4D4DD.e.3716","ELEMENT":"f.6971BE3684EA5570732D082DA9E0D745.d.557B6666A01AC397F4AE9ABA6CB4D4DD.e.3716"}]}
RESULT: {"script":"<script> [56 bytes]","args":[{"element-6066-11e4-a52e-4f735466cecf":"f.6971BE3684EA5570732D082DA9E0D745.d.557B6666A01AC397F4AE9ABA6CB4D4DD.e.3716","ELEMENT":"f.6971BE3684EA5570732D082DA9E0D745.d.557B6666A01AC397F4AE9ABA6CB4D4DD.e.3716"}]}
COMMAND: POST /session/db5d3a08cddd323e15dea0759fa6d3db/element - {"using":"css selector","value":"#shell-header-logo"}
COMMAND: GET /session/db5d3a08cddd323e15dea0759fa6d3db/screenshot - {}
RESULT: {"using":"css selector","value":"#shell-header-logo"}
COMMAND: POST /session/db5d3a08cddd323e15dea0759fa6d3db/element/f.6971BE3684EA5570732D082DA9E0D745.d.557B6666A01AC397F4AE9ABA6CB4D4DD.e.2504/click - {}
RESULT: {}
RESULT: {}
COMMAND: GET /session/db5d3a08cddd323e15dea0759fa6d3db/screenshot - {}
RESULT: {}
COMMAND: POST /session/db5d3a08cddd323e15dea0759fa6d3db/element - {"using":"css selector","value":"#j_username"}
COMMAND: POST /session/db5d3a08cddd323e15dea0759fa6d3db/url - {"url":"https://qa-testing-00-live-etm-ui.cfapps.eu10-004.hana.ondemand.com/"}
RESULT: {"using":"css selector","value":"#j_username"}
COMMAND: POST /session/db5d3a08cddd323e15dea0759fa6d3db/element - {"using":"css selector","value":"#j_username"}
RESULT: {"url":"https://qa-testing-00-live-etm-ui.cfapps.eu10-004.hana.ondemand.com/"}
RESULT: undefined
COMMAND: GET /session/db5d3a08cddd323e15dea0759fa6d3db/screenshot - {}
RESULT: {"using":"css selector","value":"#j_username"}
COMMAND: POST /session/db5d3a08cddd323e15dea0759fa6d3db/element - {"using":"css selector","value":"#shell-header-logo"}
RESULT: {}
RESULT: {"using":"css selector","value":"#shell-header-logo"}
COMMAND: POST /session/db5d3a08cddd323e15dea0759fa6d3db/execute/sync - {"script":"<script> [8489 bytes]","args":[{"element-6066-11e4-a52e-4f735466cecf":"f.6971BE3684EA5570732D082DA9E0D745.d.F014D810DCE177FE9B6A378BF7C8E820.e.3731","ELEMENT":"f.6971BE3684EA5570732D082DA9E0D745.d.F014D810DCE177FE9B6A378BF7C8E820.e.3731"}]}
RESULT: {"script":"<script> [8489 bytes]","args":[{"element-6066-11e4-a52e-4f735466cecf":"f.6971BE3684EA5570732D082DA9E0D745.d.F014D810DCE177FE9B6A378BF7C8E820.e.3731","ELEMENT":"f.6971BE3684EA5570732D082DA9E0D745.d.F014D810DCE177FE9B6A378BF7C8E820.e.3731"}]}
COMMAND: POST /session/db5d3a08cddd323e15dea0759fa6d3db/element - {"using":"css selector","value":"#shell-header-logo"}
COMMAND: GET /session/db5d3a08cddd323e15dea0759fa6d3db/screenshot - {}
RESULT: {"using":"css selector","value":"#shell-header-logo"}
COMMAND: POST /session/db5d3a08cddd323e15dea0759fa6d3db/execute/sync - {"script":"<script> [8489 bytes]","args":[{"element-6066-11e4-a52e-4f735466cecf":"f.6971BE3684EA5570732D082DA9E0D745.d.F014D810DCE177FE9B6A378BF7C8E820.e.3731","ELEMENT":"f.6971BE3684EA5570732D082DA9E0D745.d.F014D810DCE177FE9B6A378BF7C8E820.e.3731"}]}
RESULT: {}
RESULT: {"script":"<script> [8489 bytes]","args":[{"element-6066-11e4-a52e-4f735466cecf":"f.6971BE3684EA5570732D082DA9E0D745.d.F014D810DCE177FE9B6A378BF7C8E820.e.3731","ELEMENT":"f.6971BE3684EA5570732D082DA9E0D745.d.F014D810DCE177FE9B6A378BF7C8E820.e.3731"}]}
COMMAND: POST /session/db5d3a08cddd323e15dea0759fa6d3db/execute/sync - {"script":"<script> [5351 bytes]","args":[{"element-6066-11e4-a52e-4f735466cecf":"f.6971BE3684EA5570732D082DA9E0D745.d.F014D810DCE177FE9B6A378BF7C8E820.e.3731","ELEMENT":"f.6971BE3684EA5570732D082DA9E0D745.d.F014D810DCE177FE9B6A378BF7C8E820.e.3731"}]}
COMMAND: GET /session/db5d3a08cddd323e15dea0759fa6d3db/screenshot - {}
RESULT: {"script":"<script> [5351 bytes]","args":[{"element-6066-11e4-a52e-4f735466cecf":"f.6971BE3684EA5570732D082DA9E0D745.d.F014D810DCE177FE9B6A378BF7C8E820.e.3731","ELEMENT":"f.6971BE3684EA5570732D082DA9E0D745.d.F014D810DCE177FE9B6A378BF7C8E820.e.3731"}]}
COMMAND: POST /session/db5d3a08cddd323e15dea0759fa6d3db/element - {"using":"css selector","value":"#shell-header-logo"}
COMMAND: GET /session/db5d3a08cddd323e15dea0759fa6d3db/screenshot - {}
RESULT: {}
RESULT: {"using":"css selector","value":"#shell-header-logo"}
COMMAND: POST /session/db5d3a08cddd323e15dea0759fa6d3db/element/f.6971BE3684EA5570732D082DA9E0D745.d.F014D810DCE177FE9B6A378BF7C8E820.e.3731/click - {}
RESULT: {}
RESULT: {}
COMMAND: GET /session/db5d3a08cddd323e15dea0759fa6d3db/screenshot - {}
RESULT: {}
COMMAND: POST /session/db5d3a08cddd323e15dea0759fa6d3db/execute/async - {"script":"<script> [189 bytes]","args":[]}
RESULT: {"script":"<script> [189 bytes]","args":[]}
COMMAND: POST /session/db5d3a08cddd323e15dea0759fa6d3db/execute/async - {"script":"<script> [123 bytes]","args":[]}
RESULT: {"script":"<script> [123 bytes]","args":[]}
COMMAND: POST /session/db5d3a08cddd323e15dea0759fa6d3db/timeouts - {"script":"<number>"}
RESULT: {"script":"<number>"}
COMMAND: GET /session/db5d3a08cddd323e15dea0759fa6d3db/timeouts - {}
RESULT: {}
RESULT: undefined
COMMAND: POST /session/db5d3a08cddd323e15dea0759fa6d3db/execute/async - {"script":"<script> [2676 bytes]","args":[]}
RESULT: {"script":"<script> [2676 bytes]","args":[]}
COMMAND: POST /session/db5d3a08cddd323e15dea0759fa6d3db/execute/async - {"script":"<script> [2342 bytes]","args":[{"protocol":"http","hostname":"0.0.0.0","path":"/","capabilities":{"browserName":"chrome","goog:chromeOptions":{"binary":"C:\\Program Files\\Google\\Chrome\\Application\\chrome.exe","args":["--start-maximized"]}},"logLevel":"warn","connectionRetryTimeout":120000,"connectionRetryCount":3,"logLevels":{},"enableDirectConnect":true,"strictSSL":true,"_":"65 more keys: [\"cacheDir\",\"port\",\"requestedCapabilities\",\"automationProtocol\",\"baseUrl\",\"waitforInterval\",\"waitforTimeout\",\"onReload\",\"beforeCommand\",\"afterCommand\",\"rootDir\",\"specs\",\"suites\",\"exclude\",\"groupLogsByTestSpec\",\"excludeDriverLogs\",\"bail\",\"framework\",\"reporters\",\"services\",\"maxInstances\",\"maxInstancesPerCapability\",\"injectGlobals\",\"filesToWatch\",\"execArgv\",\"runnerEnv\",\"runner\",\"shard\",\"specFileRetries\",\"specFileRetriesDelay\",\"specFileRetriesDeferred\",\"reporterSyncInterval\",\"reporterSyncTimeout\",\"cucumberFeaturesWithLineNumbers\",\"autoCompileOpts\",\"mochaOpts\",\"jasmineOpts\",\"cucumberOpts\",\"onPrepare\",\"onWorkerStart\",\"onWorkerEnd\",\"before\",\"beforeSession\",\"beforeSuite\",\"beforeHook\",\"beforeTest\",\"afterTest\",\"afterHook\",\"afterSuite\",\"afterSession\",\"after\",\"onComplete\",\"beforeAssertion\",\"afterAssertion\",\"beforeFeature\",\"beforeScenario\",\"beforeStep\",\"afterStep\",\"afterScenario\",\"afterFeature\",\"_\",\"suite\",\"$0\",\"ignoredWorkerServices\",\"wdi5\"]"}]}
RESULT: {"script":"<script> [2342 bytes]","args":[{"protocol":"http","hostname":"0.0.0.0","path":"/","capabilities":{"browserName":"chrome","goog:chromeOptions":{"binary":"C:\\Program Files\\Google\\Chrome\\Application\\chrome.exe","args":["--start-maximized"]}},"logLevel":"warn","connectionRetryTimeout":120000,"connectionRetryCount":3,"logLevels":{},"enableDirectConnect":true,"strictSSL":true,"_":"65 more keys: [\"cacheDir\",\"port\",\"requestedCapabilities\",\"automationProtocol\",\"baseUrl\",\"waitforInterval\",\"waitforTimeout\",\"onReload\",\"beforeCommand\",\"afterCommand\",\"rootDir\",\"specs\",\"suites\",\"exclude\",\"groupLogsByTestSpec\",\"excludeDriverLogs\",\"bail\",\"framework\",\"reporters\",\"services\",\"maxInstances\",\"maxInstancesPerCapability\",\"injectGlobals\",\"filesToWatch\",\"execArgv\",\"runnerEnv\",\"runner\",\"shard\",\"specFileRetries\",\"specFileRetriesDelay\",\"specFileRetriesDeferred\",\"reporterSyncInterval\",\"reporterSyncTimeout\",\"cucumberFeaturesWithLineNumbers\",\"autoCompileOpts\",\"mochaOpts\",\"jasmineOpts\",\"cucumberOpts\",\"onPrepare\",\"onWorkerStart\",\"onWorkerEnd\",\"before\",\"beforeSession\",\"beforeSuite\",\"beforeHook\",\"beforeTest\",\"afterTest\",\"afterHook\",\"afterSuite\",\"afterSession\",\"after\",\"onComplete\",\"beforeAssertion\",\"afterAssertion\",\"beforeFeature\",\"beforeScenario\",\"beforeStep\",\"afterStep\",\"afterScenario\",\"afterFeature\",\"_\",\"suite\",\"$0\",\"ignoredWorkerServices\",\"wdi5\"]"}]}
COMMAND: POST /session/db5d3a08cddd323e15dea0759fa6d3db/execute/async - {"script":"<script> [21126 bytes]","args":[35000]}
RESULT: {"script":"<script> [21126 bytes]","args":[35000]}
COMMAND: POST /session/db5d3a08cddd323e15dea0759fa6d3db/window/maximize - {}
RESULT: {}
COMMAND: POST /session/db5d3a08cddd323e15dea0759fa6d3db/execute/async - {"script":"<script> [1562 bytes]","args":[{"selector":{"id":"shell-header","interaction":{"idSuffix":"icon"}},"wdio_ui5_key":"shellheader"}]}
COMMAND: GET /session/db5d3a08cddd323e15dea0759fa6d3db/screenshot - {}
RESULT: {"script":"<script> [1562 bytes]","args":[{"selector":{"id":"shell-header","interaction":{"idSuffix":"icon"}},"wdio_ui5_key":"shellheader"}]}
RESULT: undefined
COMMAND: POST /session/db5d3a08cddd323e15dea0759fa6d3db/window/fullscreen - {}
RESULT: {}
RESULT: {}
]]></system-out>
    </testcase>
  </testsuite>
  <testsuite timestamp="2025-06-14T16:35:05" time="177.252" tests="1" failures="0" errors="0" skipped="0">
    <properties>
      <property name="specId" value="0"/>
      <property name="suiteName" value="Bill of Resources Completeness check of created bundle US131059"/>
      <property name="capabilities" value="chrome.137_0_7151_69.windows"/>
      <property name="file" value="file:///D:/a/1/s/test/specs/HTR/bor-completeness-check.spec.js"/>
    </properties>
    <testcase classname="chrome.137_0_7151_69.windows.Bill_of_Resources_Completeness_check_of_created_bundle_US131059" name="Should check the completeness of bundle created US131059" time="157.513">
      <system-out><![CDATA[
COMMAND: POST /session/db5d3a08cddd323e15dea0759fa6d3db/execute/async - {"script":"<script> [1562 bytes]","args":[{"selector":{"controlType":"sap.m.GenericTile","properties":{"header":"Bill Of Resources"}},"wdio_ui5_key":"sapm.GenericTile{\"header\":\"Bill Of Resources\"}"}]}
RESULT: {"script":"<script> [1562 bytes]","args":[{"selector":{"controlType":"sap.m.GenericTile","properties":{"header":"Bill Of Resources"}},"wdio_ui5_key":"sapm.GenericTile{\"header\":\"Bill Of Resources\"}"}]}
RESULT: undefined
COMMAND: POST /session/db5d3a08cddd323e15dea0759fa6d3db/element - {"using":"xpath","value":"//*[@id=\"__tile27\"]"}
RESULT: {"using":"xpath","value":"//*[@id=\"__tile27\"]"}
COMMAND: POST /session/db5d3a08cddd323e15dea0759fa6d3db/element/f.6971BE3684EA5570732D082DA9E0D745.d.F014D810DCE177FE9B6A378BF7C8E820.e.3837/click - {}
RESULT: {}
COMMAND: GET /session/db5d3a08cddd323e15dea0759fa6d3db/screenshot - {}
COMMAND: POST /session/db5d3a08cddd323e15dea0759fa6d3db/elements - {"using":"xpath","value":"//span[text()='Error']"}
RESULT: {}
RESULT: {"using":"xpath","value":"//span[text()='Error']"}
COMMAND: POST /session/db5d3a08cddd323e15dea0759fa6d3db/execute/async - {"script":"<script> [1562 bytes]","args":[{"selector":{"id":"application-billofresources-display-component---BillOfResources--smartFilterBar-filterItemControl_BASIC-BOR_TYPE-vhi"},"wdio_ui5_key":"applicationbillofresources-display-component---BillOfResources--smartFilterBar-filterItemControl_BASIC-BOR_TYPE-vhi"}]}
RESULT: {"script":"<script> [1562 bytes]","args":[{"selector":{"id":"application-billofresources-display-component---BillOfResources--smartFilterBar-filterItemControl_BASIC-BOR_TYPE-vhi"},"wdio_ui5_key":"applicationbillofresources-display-component---BillOfResources--smartFilterBar-filterItemControl_BASIC-BOR_TYPE-vhi"}]}
RESULT: undefined
COMMAND: POST /session/db5d3a08cddd323e15dea0759fa6d3db/element - {"using":"xpath","value":"//*[@id=\"application-billofresources-display-component---BillOfResources--smartFilterBar-filterItemControl_BASIC-BOR_TYPE-vhi\"]"}
RESULT: {"using":"xpath","value":"//*[@id=\"application-billofresources-display-component---BillOfResources--smartFilterBar-filterItemControl_BASIC-BOR_TYPE-vhi\"]"}
COMMAND: POST /session/db5d3a08cddd323e15dea0759fa6d3db/element/f.6971BE3684EA5570732D082DA9E0D745.d.F014D810DCE177FE9B6A378BF7C8E820.e.3893/click - {}
RESULT: {}
COMMAND: GET /session/db5d3a08cddd323e15dea0759fa6d3db/screenshot - {}
RESULT: {}
COMMAND: POST /session/db5d3a08cddd323e15dea0759fa6d3db/element - {"using":"xpath","value":"//div[@id=\"application-billofresources-display-component---BillOfResources--smartFilterBar-filterItemControl_BASIC-BOR_TYPE-valueHelpDialog-table-rowsel4\"]"}
RESULT: {"using":"xpath","value":"//div[@id=\"application-billofresources-display-component---BillOfResources--smartFilterBar-filterItemControl_BASIC-BOR_TYPE-valueHelpDialog-table-rowsel4\"]"}
COMMAND: POST /session/db5d3a08cddd323e15dea0759fa6d3db/element/f.6971BE3684EA5570732D082DA9E0D745.d.F014D810DCE177FE9B6A378BF7C8E820.e.3902/click - {}
RESULT: {}
COMMAND: GET /session/db5d3a08cddd323e15dea0759fa6d3db/screenshot - {}
RESULT: {}
COMMAND: POST /session/db5d3a08cddd323e15dea0759fa6d3db/execute/async - {"script":"<script> [1562 bytes]","args":[{"selector":{"id":"application-billofresources-display-component---BillOfResources--smartFilterBar-filterItemControl_BASIC-BOR_TYPE-valueHelpDialog-ok","searchOpenDialogs":true,"interaction":{"idSuffix":"BDI-content"}},"wdio_ui5_key":"applicationbillofresources-display-component---BillOfResources--smartFilterBar-filterItemControl_BASIC-BOR_TYPE-valueHelpDialog-ok"}]}
RESULT: {"script":"<script> [1562 bytes]","args":[{"selector":{"id":"application-billofresources-display-component---BillOfResources--smartFilterBar-filterItemControl_BASIC-BOR_TYPE-valueHelpDialog-ok","searchOpenDialogs":true,"interaction":{"idSuffix":"BDI-content"}},"wdio_ui5_key":"applicationbillofresources-display-component---BillOfResources--smartFilterBar-filterItemControl_BASIC-BOR_TYPE-valueHelpDialog-ok"}]}
RESULT: undefined
COMMAND: POST /session/db5d3a08cddd323e15dea0759fa6d3db/element - {"using":"xpath","value":"//*[@id=\"application-billofresources-display-component---BillOfResources--smartFilterBar-filterItemControl_BASIC-BOR_TYPE-valueHelpDialog-ok\"]"}
RESULT: {"using":"xpath","value":"//*[@id=\"application-billofresources-display-component---BillOfResources--smartFilterBar-filterItemControl_BASIC-BOR_TYPE-valueHelpDialog-ok\"]"}
COMMAND: POST /session/db5d3a08cddd323e15dea0759fa6d3db/element/f.6971BE3684EA5570732D082DA9E0D745.d.F014D810DCE177FE9B6A378BF7C8E820.e.3905/click - {}
RESULT: {}
COMMAND: GET /session/db5d3a08cddd323e15dea0759fa6d3db/screenshot - {}
RESULT: {}
COMMAND: POST /session/db5d3a08cddd323e15dea0759fa6d3db/execute/async - {"script":"<script> [1562 bytes]","args":[{"selector":{"id":"application-billofresources-display-component---BillOfResources--smartFilterBar-filterItemControl_BASIC-RESOURCE_UNIT-vhi"},"wdio_ui5_key":"applicationbillofresources-display-component---BillOfResources--smartFilterBar-filterItemControl_BASIC-RESOURCE_UNIT-vhi"}]}
RESULT: {"script":"<script> [1562 bytes]","args":[{"selector":{"id":"application-billofresources-display-component---BillOfResources--smartFilterBar-filterItemControl_BASIC-RESOURCE_UNIT-vhi"},"wdio_ui5_key":"applicationbillofresources-display-component---BillOfResources--smartFilterBar-filterItemControl_BASIC-RESOURCE_UNIT-vhi"}]}
RESULT: undefined
COMMAND: POST /session/db5d3a08cddd323e15dea0759fa6d3db/element - {"using":"xpath","value":"//*[@id=\"application-billofresources-display-component---BillOfResources--smartFilterBar-filterItemControl_BASIC-RESOURCE_UNIT-vhi\"]"}
RESULT: {"using":"xpath","value":"//*[@id=\"application-billofresources-display-component---BillOfResources--smartFilterBar-filterItemControl_BASIC-RESOURCE_UNIT-vhi\"]"}
COMMAND: POST /session/db5d3a08cddd323e15dea0759fa6d3db/element/f.6971BE3684EA5570732D082DA9E0D745.d.F014D810DCE177FE9B6A378BF7C8E820.e.3910/click - {}
RESULT: {}
COMMAND: GET /session/db5d3a08cddd323e15dea0759fa6d3db/screenshot - {}
RESULT: {}
COMMAND: POST /session/db5d3a08cddd323e15dea0759fa6d3db/execute/async - {"script":"<script> [1562 bytes]","args":[{"selector":{"id":"application-billofresources-display-component---BillOfResources--smartFilterBar-filterItemControl_BASIC-RESOURCE_UNIT-valueHelpDialog-smartFilterBar-btnBasicSearch","searchOpenDialogs":true,"interaction":{"idSuffix":"I"}},"wdio_ui5_key":"applicationbillofresources-display-component---BillOfResources--smartFilterBar-filterItemControl_BASIC-RESOURCE_UNIT-valueHelpDialog-smartFilterBar-btnBasicSearch"}]}
RESULT: {"script":"<script> [1562 bytes]","args":[{"selector":{"id":"application-billofresources-display-component---BillOfResources--smartFilterBar-filterItemControl_BASIC-RESOURCE_UNIT-valueHelpDialog-smartFilterBar-btnBasicSearch","searchOpenDialogs":true,"interaction":{"idSuffix":"I"}},"wdio_ui5_key":"applicationbillofresources-display-component---BillOfResources--smartFilterBar-filterItemControl_BASIC-RESOURCE_UNIT-valueHelpDialog-smartFilterBar-btnBasicSearch"}]}
RESULT: undefined
COMMAND: POST /session/db5d3a08cddd323e15dea0759fa6d3db/execute/async - {"script":"<script> [776 bytes]","args":[{"enterText":"HBTTo7C2u_1","selector":{"id":"application-billofresources-display-component---BillOfResources--smartFilterBar-filterItemControl_BASIC-RESOURCE_UNIT-valueHelpDialog-smartFilterBar-btnBasicSearch","searchOpenDialogs":true,"interaction":{"idSuffix":"I"}},"clearTextFirst":true,"interactionType":"ENTER_TEXT"}]}
RESULT: {"script":"<script> [776 bytes]","args":[{"enterText":"HBTTo7C2u_1","selector":{"id":"application-billofresources-display-component---BillOfResources--smartFilterBar-filterItemControl_BASIC-RESOURCE_UNIT-valueHelpDialog-smartFilterBar-btnBasicSearch","searchOpenDialogs":true,"interaction":{"idSuffix":"I"}},"clearTextFirst":true,"interactionType":"ENTER_TEXT"}]}
COMMAND: POST /session/db5d3a08cddd323e15dea0759fa6d3db/actions - {"actions":[{"id":"action6","type":"key","parameters":{},"actions":[{"type":"keyDown","value":""},{"type":"pause","duration":10},{"type":"keyUp","value":""}]}]}
RESULT: {"actions":[{"id":"action6","type":"key","parameters":{},"actions":[{"type":"keyDown","value":""},{"type":"pause","duration":10},{"type":"keyUp","value":""}]}]}
COMMAND: GET /session/db5d3a08cddd323e15dea0759fa6d3db/screenshot - {}
RESULT: {}
COMMAND: POST /session/db5d3a08cddd323e15dea0759fa6d3db/element - {"using":"xpath","value":"//div[@id=\"application-billofresources-display-component---BillOfResources--smartFilterBar-filterItemControl_BASIC-RESOURCE_UNIT-valueHelpDialog-table-rowsel0\"]"}
RESULT: {"using":"xpath","value":"//div[@id=\"application-billofresources-display-component---BillOfResources--smartFilterBar-filterItemControl_BASIC-RESOURCE_UNIT-valueHelpDialog-table-rowsel0\"]"}
COMMAND: POST /session/db5d3a08cddd323e15dea0759fa6d3db/element/f.6971BE3684EA5570732D082DA9E0D745.d.F014D810DCE177FE9B6A378BF7C8E820.e.3919/click - {}
RESULT: {}
COMMAND: GET /session/db5d3a08cddd323e15dea0759fa6d3db/screenshot - {}
RESULT: {}
COMMAND: POST /session/db5d3a08cddd323e15dea0759fa6d3db/element - {"using":"xpath","value":"//bdi[contains(text(), \"OK\")]"}
RESULT: {"using":"xpath","value":"//bdi[contains(text(), \"OK\")]"}
COMMAND: POST /session/db5d3a08cddd323e15dea0759fa6d3db/element/f.6971BE3684EA5570732D082DA9E0D745.d.F014D810DCE177FE9B6A378BF7C8E820.e.3921/click - {}
RESULT: {}
COMMAND: GET /session/db5d3a08cddd323e15dea0759fa6d3db/screenshot - {}
RESULT: {}
COMMAND: POST /session/db5d3a08cddd323e15dea0759fa6d3db/execute/async - {"script":"<script> [1562 bytes]","args":[{"selector":{"controlType":"sap.m.ColumnListItem","viewName":"etm.portal.ui.billofresources.view.MasterBoR","viewId":"application-billofresources-display-component---BillOfResources","properties":{"type":"Navigation"},"interaction":{"idSuffix":"cell2"}},"wdio_ui5_key":"etmportal.ui.billofresources.view.MasterBoRsap.m.ColumnListItem{\"type\":\"Navigation\"}"}]}
RESULT: {"script":"<script> [1562 bytes]","args":[{"selector":{"controlType":"sap.m.ColumnListItem","viewName":"etm.portal.ui.billofresources.view.MasterBoR","viewId":"application-billofresources-display-component---BillOfResources","properties":{"type":"Navigation"},"interaction":{"idSuffix":"cell2"}},"wdio_ui5_key":"etmportal.ui.billofresources.view.MasterBoRsap.m.ColumnListItem{\"type\":\"Navigation\"}"}]}
RESULT: undefined
COMMAND: POST /session/db5d3a08cddd323e15dea0759fa6d3db/element - {"using":"xpath","value":"//*[@id=\"__item18-__clone9\"]"}
RESULT: {"using":"xpath","value":"//*[@id=\"__item18-__clone9\"]"}
COMMAND: POST /session/db5d3a08cddd323e15dea0759fa6d3db/element/f.6971BE3684EA5570732D082DA9E0D745.d.F014D810DCE177FE9B6A378BF7C8E820.e.3927/click - {}
RESULT: {}
COMMAND: GET /session/db5d3a08cddd323e15dea0759fa6d3db/screenshot - {}
RESULT: {}
COMMAND: POST /session/db5d3a08cddd323e15dea0759fa6d3db/execute/async - {"script":"<script> [1562 bytes]","args":[{"selector":{"controlType":"sap.m.Button","viewName":"etm.portal.ui.billofresources.view.DetailBoR","viewId":"application-billofresources-display-component---detailBoR","i18NText":{"propertyName":"text","key":"inspectContent"},"interaction":{"idSuffix":"content"}},"wdio_ui5_key":"etmportal.ui.billofresources.view.DetailBoRsap.m.Button{\"propertyName\":\"text\",\"key\":\"inspectContent\"}"}]}
RESULT: {"script":"<script> [1562 bytes]","args":[{"selector":{"controlType":"sap.m.Button","viewName":"etm.portal.ui.billofresources.view.DetailBoR","viewId":"application-billofresources-display-component---detailBoR","i18NText":{"propertyName":"text","key":"inspectContent"},"interaction":{"idSuffix":"content"}},"wdio_ui5_key":"etmportal.ui.billofresources.view.DetailBoRsap.m.Button{\"propertyName\":\"text\",\"key\":\"inspectContent\"}"}]}
RESULT: undefined
COMMAND: POST /session/db5d3a08cddd323e15dea0759fa6d3db/element - {"using":"xpath","value":"//*[@id=\"__button10\"]"}
RESULT: {"using":"xpath","value":"//*[@id=\"__button10\"]"}
COMMAND: POST /session/db5d3a08cddd323e15dea0759fa6d3db/element/f.6971BE3684EA5570732D082DA9E0D745.d.F014D810DCE177FE9B6A378BF7C8E820.e.4186/click - {}
RESULT: {}
COMMAND: GET /session/db5d3a08cddd323e15dea0759fa6d3db/screenshot - {}
RESULT: {}
COMMAND: POST /session/db5d3a08cddd323e15dea0759fa6d3db/execute/async - {"script":"<script> [1562 bytes]","args":[{"selector":{"controlType":"sap.m.Button","properties":{"text":"OK"},"searchOpenDialogs":true,"interaction":{"idSuffix":"BDI-content"}},"wdio_ui5_key":"sapm.Button{\"text\":\"OK\"}"}]}
RESULT: {"script":"<script> [1562 bytes]","args":[{"selector":{"controlType":"sap.m.Button","properties":{"text":"OK"},"searchOpenDialogs":true,"interaction":{"idSuffix":"BDI-content"}},"wdio_ui5_key":"sapm.Button{\"text\":\"OK\"}"}]}
RESULT: undefined
COMMAND: POST /session/db5d3a08cddd323e15dea0759fa6d3db/element - {"using":"xpath","value":"//*[@id=\"__mbox-btn-0\"]"}
RESULT: {"using":"xpath","value":"//*[@id=\"__mbox-btn-0\"]"}
COMMAND: POST /session/db5d3a08cddd323e15dea0759fa6d3db/element/f.6971BE3684EA5570732D082DA9E0D745.d.F014D810DCE177FE9B6A378BF7C8E820.e.4187/click - {}
RESULT: {}
COMMAND: GET /session/db5d3a08cddd323e15dea0759fa6d3db/screenshot - {}
RESULT: {}
COMMAND: POST /session/db5d3a08cddd323e15dea0759fa6d3db/execute/async - {"script":"<script> [1562 bytes]","args":[{"selector":{"id":"application-iscorders-display-component---createOrder--orderTitle","interaction":{"idSuffix":"inner"}},"wdio_ui5_key":"applicationiscorders-display-component---createOrder--orderTitle"}]}
RESULT: {"script":"<script> [1562 bytes]","args":[{"selector":{"id":"application-iscorders-display-component---createOrder--orderTitle","interaction":{"idSuffix":"inner"}},"wdio_ui5_key":"applicationiscorders-display-component---createOrder--orderTitle"}]}
RESULT: undefined
COMMAND: POST /session/db5d3a08cddd323e15dea0759fa6d3db/execute/async - {"script":"<script> [776 bytes]","args":[{"enterText":"Webdriver Order","selector":{"id":"application-iscorders-display-component---createOrder--orderTitle","interaction":{"idSuffix":"inner"}},"clearTextFirst":true,"interactionType":"ENTER_TEXT"}]}
RESULT: {"script":"<script> [776 bytes]","args":[{"enterText":"Webdriver Order","selector":{"id":"application-iscorders-display-component---createOrder--orderTitle","interaction":{"idSuffix":"inner"}},"clearTextFirst":true,"interactionType":"ENTER_TEXT"}]}
COMMAND: POST /session/db5d3a08cddd323e15dea0759fa6d3db/execute/async - {"script":"<script> [1562 bytes]","args":[{"selector":{"id":"application-iscorders-display-component---createOrder--orderDesc","interaction":{"idSuffix":"inner"}},"wdio_ui5_key":"applicationiscorders-display-component---createOrder--orderDesc"}]}
RESULT: {"script":"<script> [1562 bytes]","args":[{"selector":{"id":"application-iscorders-display-component---createOrder--orderDesc","interaction":{"idSuffix":"inner"}},"wdio_ui5_key":"applicationiscorders-display-component---createOrder--orderDesc"}]}
RESULT: undefined
COMMAND: POST /session/db5d3a08cddd323e15dea0759fa6d3db/execute/async - {"script":"<script> [776 bytes]","args":[{"enterText":"Order Description","selector":{"id":"application-iscorders-display-component---createOrder--orderDesc","interaction":{"idSuffix":"inner"}},"clearTextFirst":true,"interactionType":"ENTER_TEXT"}]}
RESULT: {"script":"<script> [776 bytes]","args":[{"enterText":"Order Description","selector":{"id":"application-iscorders-display-component---createOrder--orderDesc","interaction":{"idSuffix":"inner"}},"clearTextFirst":true,"interactionType":"ENTER_TEXT"}]}
COMMAND: POST /session/db5d3a08cddd323e15dea0759fa6d3db/execute/async - {"script":"<script> [1562 bytes]","args":[{"selector":{"controlType":"sap.m.Button","viewName":"etm.portal.ui.iscorders.view.New","viewId":"application-iscorders-display-component---createOrder","properties":{"text":"Cost information"},"interaction":{"idSuffix":"BDI-content"}},"wdio_ui5_key":"etmportal.ui.iscorders.view.Newsap.m.Button{\"text\":\"Cost information\"}"}]}
RESULT: {"script":"<script> [1562 bytes]","args":[{"selector":{"controlType":"sap.m.Button","viewName":"etm.portal.ui.iscorders.view.New","viewId":"application-iscorders-display-component---createOrder","properties":{"text":"Cost information"},"interaction":{"idSuffix":"BDI-content"}},"wdio_ui5_key":"etmportal.ui.iscorders.view.Newsap.m.Button{\"text\":\"Cost information\"}"}]}
RESULT: undefined
COMMAND: POST /session/db5d3a08cddd323e15dea0759fa6d3db/element - {"using":"xpath","value":"//*[@id=\"application-iscorders-display-component---createOrder--newOrderObjectPageLayout-anchBar-application-iscorders-display-component---createOrder--costInformation-anchor\"]"}
RESULT: {"using":"xpath","value":"//*[@id=\"application-iscorders-display-component---createOrder--newOrderObjectPageLayout-anchBar-application-iscorders-display-component---createOrder--costInformation-anchor\"]"}
COMMAND: POST /session/db5d3a08cddd323e15dea0759fa6d3db/element/f.6971BE3684EA5570732D082DA9E0D745.d.F014D810DCE177FE9B6A378BF7C8E820.e.4596/click - {}
RESULT: {}
COMMAND: GET /session/db5d3a08cddd323e15dea0759fa6d3db/screenshot - {}
RESULT: {}
COMMAND: POST /session/db5d3a08cddd323e15dea0759fa6d3db/execute/async - {"script":"<script> [1562 bytes]","args":[{"selector":{"id":"application-iscorders-display-component---createOrder--durationDimension-arrow"},"wdio_ui5_key":"applicationiscorders-display-component---createOrder--durationDimension-arrow"}]}
RESULT: {"script":"<script> [1562 bytes]","args":[{"selector":{"id":"application-iscorders-display-component---createOrder--durationDimension-arrow"},"wdio_ui5_key":"applicationiscorders-display-component---createOrder--durationDimension-arrow"}]}
RESULT: undefined
COMMAND: POST /session/db5d3a08cddd323e15dea0759fa6d3db/element - {"using":"xpath","value":"//*[@id=\"application-iscorders-display-component---createOrder--durationDimension-arrow\"]"}
RESULT: {"using":"xpath","value":"//*[@id=\"application-iscorders-display-component---createOrder--durationDimension-arrow\"]"}
COMMAND: POST /session/db5d3a08cddd323e15dea0759fa6d3db/element/f.6971BE3684EA5570732D082DA9E0D745.d.F014D810DCE177FE9B6A378BF7C8E820.e.4600/click - {}
RESULT: {}
COMMAND: GET /session/db5d3a08cddd323e15dea0759fa6d3db/screenshot - {}
RESULT: {}
COMMAND: POST /session/db5d3a08cddd323e15dea0759fa6d3db/execute/async - {"script":"<script> [1562 bytes]","args":[{"selector":{"controlType":"sap.m.StandardListItem","viewName":"etm.portal.ui.iscorders.view.New","viewId":"application-iscorders-display-component---createOrder","properties":{"title":"Days"},"searchOpenDialogs":true,"interaction":{"idSuffix":"titleText"}},"wdio_ui5_key":"etmportal.ui.iscorders.view.Newsap.m.StandardListItem{\"title\":\"Days\"}"}]}
RESULT: {"script":"<script> [1562 bytes]","args":[{"selector":{"controlType":"sap.m.StandardListItem","viewName":"etm.portal.ui.iscorders.view.New","viewId":"application-iscorders-display-component---createOrder","properties":{"title":"Days"},"searchOpenDialogs":true,"interaction":{"idSuffix":"titleText"}},"wdio_ui5_key":"etmportal.ui.iscorders.view.Newsap.m.StandardListItem{\"title\":\"Days\"}"}]}
RESULT: undefined
COMMAND: POST /session/db5d3a08cddd323e15dea0759fa6d3db/element - {"using":"xpath","value":"//*[@id=\"__item137\"]"}
RESULT: {"using":"xpath","value":"//*[@id=\"__item137\"]"}
COMMAND: POST /session/db5d3a08cddd323e15dea0759fa6d3db/element/f.6971BE3684EA5570732D082DA9E0D745.d.F014D810DCE177FE9B6A378BF7C8E820.e.4604/click - {}
RESULT: {}
COMMAND: GET /session/db5d3a08cddd323e15dea0759fa6d3db/screenshot - {}
RESULT: {}
COMMAND: POST /session/db5d3a08cddd323e15dea0759fa6d3db/execute/async - {"script":"<script> [1562 bytes]","args":[{"selector":{"id":"application-iscorders-display-component---createOrder--addPersonButton","interaction":{"idSuffix":"inner"}},"wdio_ui5_key":"applicationiscorders-display-component---createOrder--addPersonButton"}]}
RESULT: {"script":"<script> [1562 bytes]","args":[{"selector":{"id":"application-iscorders-display-component---createOrder--addPersonButton","interaction":{"idSuffix":"inner"}},"wdio_ui5_key":"applicationiscorders-display-component---createOrder--addPersonButton"}]}
RESULT: undefined
COMMAND: POST /session/db5d3a08cddd323e15dea0759fa6d3db/element - {"using":"xpath","value":"//*[@id=\"application-iscorders-display-component---createOrder--addPersonButton\"]"}
RESULT: {"using":"xpath","value":"//*[@id=\"application-iscorders-display-component---createOrder--addPersonButton\"]"}
COMMAND: POST /session/db5d3a08cddd323e15dea0759fa6d3db/element/f.6971BE3684EA5570732D082DA9E0D745.d.F014D810DCE177FE9B6A378BF7C8E820.e.4606/click - {}
RESULT: {}
COMMAND: GET /session/db5d3a08cddd323e15dea0759fa6d3db/screenshot - {}
RESULT: {}
COMMAND: POST /session/db5d3a08cddd323e15dea0759fa6d3db/execute/async - {"script":"<script> [1562 bytes]","args":[{"selector":{"controlType":"sap.m.SearchField","viewName":"etm.portal.ui.iscorders.view.New","viewId":"application-iscorders-display-component---createOrder","properties":{"value":"Test unit update"},"searchOpenDialogs":true,"interaction":{"idSuffix":"I"}},"wdio_ui5_key":"etmportal.ui.iscorders.view.Newsap.m.SearchField{\"value\":\"Test unit update\"}"}]}
RESULT: {"script":"<script> [1562 bytes]","args":[{"selector":{"controlType":"sap.m.SearchField","viewName":"etm.portal.ui.iscorders.view.New","viewId":"application-iscorders-display-component---createOrder","properties":{"value":"Test unit update"},"searchOpenDialogs":true,"interaction":{"idSuffix":"I"}},"wdio_ui5_key":"etmportal.ui.iscorders.view.Newsap.m.SearchField{\"value\":\"Test unit update\"}"}]}
RESULT: undefined
COMMAND: POST /session/db5d3a08cddd323e15dea0759fa6d3db/actions - {"actions":[{"id":"action7","type":"key","parameters":{},"actions":[{"type":"keyDown","value":""},{"type":"pause","duration":10},{"type":"keyUp","value":""}]}]}
RESULT: {"actions":[{"id":"action7","type":"key","parameters":{},"actions":[{"type":"keyDown","value":""},{"type":"pause","duration":10},{"type":"keyUp","value":""}]}]}
COMMAND: POST /session/db5d3a08cddd323e15dea0759fa6d3db/execute/async - {"script":"<script> [1562 bytes]","args":[{"selector":{"controlType":"sap.m.ObjectAttribute","viewName":"etm.portal.ui.iscorders.view.New","viewId":"application-iscorders-display-component---createOrder","i18NText":{"propertyName":"title","key":"email"},"searchOpenDialogs":true},"wdio_ui5_key":"etmportal.ui.iscorders.view.Newsap.m.ObjectAttribute{\"propertyName\":\"title\",\"key\":\"email\"}"}]}
COMMAND: GET /session/db5d3a08cddd323e15dea0759fa6d3db/screenshot - {}
RESULT: {"script":"<script> [1562 bytes]","args":[{"selector":{"controlType":"sap.m.ObjectAttribute","viewName":"etm.portal.ui.iscorders.view.New","viewId":"application-iscorders-display-component---createOrder","i18NText":{"propertyName":"title","key":"email"},"searchOpenDialogs":true},"wdio_ui5_key":"etmportal.ui.iscorders.view.Newsap.m.ObjectAttribute{\"propertyName\":\"title\",\"key\":\"email\"}"}]}
RESULT: undefined
RESULT: {}
COMMAND: POST /session/db5d3a08cddd323e15dea0759fa6d3db/execute/async - {"script":"<script> [1562 bytes]","args":[{"selector":{"id":"application-iscorders-display-component---createOrder--createTaskButton","interaction":{"idSuffix":"BDI-content"}},"wdio_ui5_key":"applicationiscorders-display-component---createOrder--createTaskButton"}]}
RESULT: {"script":"<script> [1562 bytes]","args":[{"selector":{"id":"application-iscorders-display-component---createOrder--createTaskButton","interaction":{"idSuffix":"BDI-content"}},"wdio_ui5_key":"applicationiscorders-display-component---createOrder--createTaskButton"}]}
RESULT: undefined
COMMAND: POST /session/db5d3a08cddd323e15dea0759fa6d3db/element - {"using":"xpath","value":"//*[@id=\"application-iscorders-display-component---createOrder--createTaskButton\"]"}
RESULT: {"using":"xpath","value":"//*[@id=\"application-iscorders-display-component---createOrder--createTaskButton\"]"}
COMMAND: POST /session/db5d3a08cddd323e15dea0759fa6d3db/element/f.6971BE3684EA5570732D082DA9E0D745.d.F014D810DCE177FE9B6A378BF7C8E820.e.4616/click - {}
RESULT: {}
COMMAND: GET /session/db5d3a08cddd323e15dea0759fa6d3db/screenshot - {}
RESULT: {}
COMMAND: POST /session/db5d3a08cddd323e15dea0759fa6d3db/execute/async - {"script":"<script> [1562 bytes]","args":[{"selector":{"controlType":"sap.m.Button","viewName":"etm.portal.ui.iscorders.view.New","viewId":"application-iscorders-display-component---createOrder","properties":{"text":"Tasks"},"interaction":{"idSuffix":"BDI-content"}},"wdio_ui5_key":"etmportal.ui.iscorders.view.Newsap.m.Button{\"text\":\"Tasks\"}"}]}
RESULT: {"script":"<script> [1562 bytes]","args":[{"selector":{"controlType":"sap.m.Button","viewName":"etm.portal.ui.iscorders.view.New","viewId":"application-iscorders-display-component---createOrder","properties":{"text":"Tasks"},"interaction":{"idSuffix":"BDI-content"}},"wdio_ui5_key":"etmportal.ui.iscorders.view.Newsap.m.Button{\"text\":\"Tasks\"}"}]}
RESULT: undefined
COMMAND: POST /session/db5d3a08cddd323e15dea0759fa6d3db/element - {"using":"xpath","value":"//*[@id=\"application-iscorders-display-component---createOrder--newOrderObjectPageLayout-anchBar-__section13-anchor\"]"}
RESULT: {"using":"xpath","value":"//*[@id=\"application-iscorders-display-component---createOrder--newOrderObjectPageLayout-anchBar-__section13-anchor\"]"}
COMMAND: POST /session/db5d3a08cddd323e15dea0759fa6d3db/element/f.6971BE3684EA5570732D082DA9E0D745.d.F014D810DCE177FE9B6A378BF7C8E820.e.4618/click - {}
RESULT: {}
COMMAND: GET /session/db5d3a08cddd323e15dea0759fa6d3db/screenshot - {}
RESULT: {}
COMMAND: POST /session/db5d3a08cddd323e15dea0759fa6d3db/execute/async - {"script":"<script> [1562 bytes]","args":[{"selector":{"controlType":"sap.m.Input","viewName":"etm.portal.ui.iscorders.view.New","viewId":"application-iscorders-display-component---createOrder","bindingPath":{"path":"/0","propertyPath":"NAME","modelName":"tasksModel"},"interaction":{"idSuffix":"inner"}},"wdio_ui5_key":"etmportal.ui.iscorders.view.Newsap.m.Input{\"path\":\"/0\",\"propertyPath\":\"NAME\",\"modelName\":\"tasksModel\"}"}]}
RESULT: {"script":"<script> [1562 bytes]","args":[{"selector":{"controlType":"sap.m.Input","viewName":"etm.portal.ui.iscorders.view.New","viewId":"application-iscorders-display-component---createOrder","bindingPath":{"path":"/0","propertyPath":"NAME","modelName":"tasksModel"},"interaction":{"idSuffix":"inner"}},"wdio_ui5_key":"etmportal.ui.iscorders.view.Newsap.m.Input{\"path\":\"/0\",\"propertyPath\":\"NAME\",\"modelName\":\"tasksModel\"}"}]}
RESULT: undefined
COMMAND: POST /session/db5d3a08cddd323e15dea0759fa6d3db/execute/async - {"script":"<script> [776 bytes]","args":[{"enterText":"WebdriverTask","selector":{"controlType":"sap.m.Input","viewName":"etm.portal.ui.iscorders.view.New","viewId":"application-iscorders-display-component---createOrder","bindingPath":{"path":"/0","propertyPath":"NAME","modelName":"tasksModel"},"interaction":{"idSuffix":"inner"}},"clearTextFirst":true,"interactionType":"ENTER_TEXT"}]}
RESULT: {"script":"<script> [776 bytes]","args":[{"enterText":"WebdriverTask","selector":{"controlType":"sap.m.Input","viewName":"etm.portal.ui.iscorders.view.New","viewId":"application-iscorders-display-component---createOrder","bindingPath":{"path":"/0","propertyPath":"NAME","modelName":"tasksModel"},"interaction":{"idSuffix":"inner"}},"clearTextFirst":true,"interactionType":"ENTER_TEXT"}]}
COMMAND: POST /session/db5d3a08cddd323e15dea0759fa6d3db/execute/async - {"script":"<script> [1562 bytes]","args":[{"selector":{"controlType":"netm.SmartInput","viewName":"etm.portal.ui.iscorders.view.New","viewId":"application-iscorders-display-component---createOrder","bindingPath":{"path":"/","propertyPath":"edit","modelName":"pageModel"},"interaction":{"idSuffix":"inner"}},"wdio_ui5_key":"etmportal.ui.iscorders.view.Newnetm.SmartInput{\"path\":\"/\",\"propertyPath\":\"edit\",\"modelName\":\"pageModel\"}"}]}
RESULT: {"script":"<script> [1562 bytes]","args":[{"selector":{"controlType":"netm.SmartInput","viewName":"etm.portal.ui.iscorders.view.New","viewId":"application-iscorders-display-component---createOrder","bindingPath":{"path":"/","propertyPath":"edit","modelName":"pageModel"},"interaction":{"idSuffix":"inner"}},"wdio_ui5_key":"etmportal.ui.iscorders.view.Newnetm.SmartInput{\"path\":\"/\",\"propertyPath\":\"edit\",\"modelName\":\"pageModel\"}"}]}
RESULT: undefined
COMMAND: POST /session/db5d3a08cddd323e15dea0759fa6d3db/execute/async - {"script":"<script> [776 bytes]","args":[{"enterText":"Test unit Update","selector":{"controlType":"netm.SmartInput","viewName":"etm.portal.ui.iscorders.view.New","viewId":"application-iscorders-display-component---createOrder","bindingPath":{"path":"/","propertyPath":"edit","modelName":"pageModel"},"interaction":{"idSuffix":"inner"}},"clearTextFirst":true,"interactionType":"ENTER_TEXT"}]}
RESULT: {"script":"<script> [776 bytes]","args":[{"enterText":"Test unit Update","selector":{"controlType":"netm.SmartInput","viewName":"etm.portal.ui.iscorders.view.New","viewId":"application-iscorders-display-component---createOrder","bindingPath":{"path":"/","propertyPath":"edit","modelName":"pageModel"},"interaction":{"idSuffix":"inner"}},"clearTextFirst":true,"interactionType":"ENTER_TEXT"}]}
COMMAND: POST /session/db5d3a08cddd323e15dea0759fa6d3db/execute/async - {"script":"<script> [1562 bytes]","args":[{"selector":{"controlType":"sap.m.Input","viewName":"etm.portal.ui.iscorders.view.New","viewId":"application-iscorders-display-component---createOrder","bindingPath":{"path":"/0","propertyPath":"DESCRIPTION","modelName":"tasksModel"},"interaction":{"idSuffix":"inner"}},"wdio_ui5_key":"etmportal.ui.iscorders.view.Newsap.m.Input{\"path\":\"/0\",\"propertyPath\":\"DESCRIPTION\",\"modelName\":\"tasksModel\"}"}]}
RESULT: {"script":"<script> [1562 bytes]","args":[{"selector":{"controlType":"sap.m.Input","viewName":"etm.portal.ui.iscorders.view.New","viewId":"application-iscorders-display-component---createOrder","bindingPath":{"path":"/0","propertyPath":"DESCRIPTION","modelName":"tasksModel"},"interaction":{"idSuffix":"inner"}},"wdio_ui5_key":"etmportal.ui.iscorders.view.Newsap.m.Input{\"path\":\"/0\",\"propertyPath\":\"DESCRIPTION\",\"modelName\":\"tasksModel\"}"}]}
RESULT: undefined
COMMAND: POST /session/db5d3a08cddd323e15dea0759fa6d3db/execute/async - {"script":"<script> [776 bytes]","args":[{"enterText":"Webdriver Task","selector":{"controlType":"sap.m.Input","viewName":"etm.portal.ui.iscorders.view.New","viewId":"application-iscorders-display-component---createOrder","bindingPath":{"path":"/0","propertyPath":"DESCRIPTION","modelName":"tasksModel"},"interaction":{"idSuffix":"inner"}},"clearTextFirst":true,"interactionType":"ENTER_TEXT"}]}
RESULT: {"script":"<script> [776 bytes]","args":[{"enterText":"Webdriver Task","selector":{"controlType":"sap.m.Input","viewName":"etm.portal.ui.iscorders.view.New","viewId":"application-iscorders-display-component---createOrder","bindingPath":{"path":"/0","propertyPath":"DESCRIPTION","modelName":"tasksModel"},"interaction":{"idSuffix":"inner"}},"clearTextFirst":true,"interactionType":"ENTER_TEXT"}]}
COMMAND: POST /session/db5d3a08cddd323e15dea0759fa6d3db/execute/async - {"script":"<script> [1562 bytes]","args":[{"selector":{"controlType":"sap.m.Input","viewName":"etm.portal.ui.iscorders.view.New","viewId":"application-iscorders-display-component---createOrder","bindingPath":{"path":"/0","propertyPath":"DURATION_FORMATTED","modelName":"tasksModel"},"interaction":{"idSuffix":"inner"}},"wdio_ui5_key":"etmportal.ui.iscorders.view.Newsap.m.Input{\"path\":\"/0\",\"propertyPath\":\"DURATION_FORMATTED\",\"modelName\":\"tasksModel\"}"}]}
RESULT: {"script":"<script> [1562 bytes]","args":[{"selector":{"controlType":"sap.m.Input","viewName":"etm.portal.ui.iscorders.view.New","viewId":"application-iscorders-display-component---createOrder","bindingPath":{"path":"/0","propertyPath":"DURATION_FORMATTED","modelName":"tasksModel"},"interaction":{"idSuffix":"inner"}},"wdio_ui5_key":"etmportal.ui.iscorders.view.Newsap.m.Input{\"path\":\"/0\",\"propertyPath\":\"DURATION_FORMATTED\",\"modelName\":\"tasksModel\"}"}]}
RESULT: undefined
COMMAND: POST /session/db5d3a08cddd323e15dea0759fa6d3db/execute/async - {"script":"<script> [776 bytes]","args":[{"enterText":"10","selector":{"controlType":"sap.m.Input","viewName":"etm.portal.ui.iscorders.view.New","viewId":"application-iscorders-display-component---createOrder","bindingPath":{"path":"/0","propertyPath":"DURATION_FORMATTED","modelName":"tasksModel"},"interaction":{"idSuffix":"inner"}},"clearTextFirst":true,"interactionType":"ENTER_TEXT"}]}
RESULT: {"script":"<script> [776 bytes]","args":[{"enterText":"10","selector":{"controlType":"sap.m.Input","viewName":"etm.portal.ui.iscorders.view.New","viewId":"application-iscorders-display-component---createOrder","bindingPath":{"path":"/0","propertyPath":"DURATION_FORMATTED","modelName":"tasksModel"},"interaction":{"idSuffix":"inner"}},"clearTextFirst":true,"interactionType":"ENTER_TEXT"}]}
COMMAND: POST /session/db5d3a08cddd323e15dea0759fa6d3db/execute/async - {"script":"<script> [1562 bytes]","args":[{"selector":{"controlType":"sap.m.ComboBox","viewName":"etm.portal.ui.iscorders.view.New","viewId":"application-iscorders-display-component---createOrder","bindingPath":{"path":"/0","propertyPath":"DURATION_UNIT_OF_MEASURE","modelName":"tasksModel"},"interaction":{"idSuffix":"inner"}},"wdio_ui5_key":"etmportal.ui.iscorders.view.Newsap.m.ComboBox{\"path\":\"/0\",\"propertyPath\":\"DURATION_UNIT_OF_MEASURE\",\"modelName\":\"tasksModel\"}"}]}
RESULT: {"script":"<script> [1562 bytes]","args":[{"selector":{"controlType":"sap.m.ComboBox","viewName":"etm.portal.ui.iscorders.view.New","viewId":"application-iscorders-display-component---createOrder","bindingPath":{"path":"/0","propertyPath":"DURATION_UNIT_OF_MEASURE","modelName":"tasksModel"},"interaction":{"idSuffix":"inner"}},"wdio_ui5_key":"etmportal.ui.iscorders.view.Newsap.m.ComboBox{\"path\":\"/0\",\"propertyPath\":\"DURATION_UNIT_OF_MEASURE\",\"modelName\":\"tasksModel\"}"}]}
RESULT: undefined
COMMAND: POST /session/db5d3a08cddd323e15dea0759fa6d3db/execute/async - {"script":"<script> [776 bytes]","args":[{"enterText":"Days","selector":{"controlType":"sap.m.ComboBox","viewName":"etm.portal.ui.iscorders.view.New","viewId":"application-iscorders-display-component---createOrder","bindingPath":{"path":"/0","propertyPath":"DURATION_UNIT_OF_MEASURE","modelName":"tasksModel"},"interaction":{"idSuffix":"inner"}},"clearTextFirst":true,"interactionType":"ENTER_TEXT"}]}
RESULT: {"script":"<script> [776 bytes]","args":[{"enterText":"Days","selector":{"controlType":"sap.m.ComboBox","viewName":"etm.portal.ui.iscorders.view.New","viewId":"application-iscorders-display-component---createOrder","bindingPath":{"path":"/0","propertyPath":"DURATION_UNIT_OF_MEASURE","modelName":"tasksModel"},"interaction":{"idSuffix":"inner"}},"clearTextFirst":true,"interactionType":"ENTER_TEXT"}]}
COMMAND: POST /session/db5d3a08cddd323e15dea0759fa6d3db/execute/async - {"script":"<script> [1562 bytes]","args":[{"selector":{"id":"application-iscorders-display-component---createOrder--saveOrderButton","interaction":{"idSuffix":"inner"}},"wdio_ui5_key":"applicationiscorders-display-component---createOrder--saveOrderButton"}]}
RESULT: {"script":"<script> [1562 bytes]","args":[{"selector":{"id":"application-iscorders-display-component---createOrder--saveOrderButton","interaction":{"idSuffix":"inner"}},"wdio_ui5_key":"applicationiscorders-display-component---createOrder--saveOrderButton"}]}
RESULT: undefined
COMMAND: POST /session/db5d3a08cddd323e15dea0759fa6d3db/element - {"using":"xpath","value":"//*[@id=\"application-iscorders-display-component---createOrder--saveOrderButton\"]"}
RESULT: {"using":"xpath","value":"//*[@id=\"application-iscorders-display-component---createOrder--saveOrderButton\"]"}
COMMAND: POST /session/db5d3a08cddd323e15dea0759fa6d3db/element/f.6971BE3684EA5570732D082DA9E0D745.d.F014D810DCE177FE9B6A378BF7C8E820.e.4460/click - {}
RESULT: {}
COMMAND: GET /session/db5d3a08cddd323e15dea0759fa6d3db/screenshot - {}
RESULT: {}
COMMAND: POST /session/db5d3a08cddd323e15dea0759fa6d3db/element - {"using":"xpath","value":"(//header//span[contains(text(), \"Order \")])[3]"}
RESULT: {"using":"xpath","value":"(//header//span[contains(text(), \"Order \")])[3]"}
COMMAND: POST /session/db5d3a08cddd323e15dea0759fa6d3db/elements - {"using":"xpath","value":"(//header//span[contains(text(), \"Order \")])[3]"}
RESULT: {"using":"xpath","value":"(//header//span[contains(text(), \"Order \")])[3]"}
COMMAND: POST /session/db5d3a08cddd323e15dea0759fa6d3db/execute/sync - {"script":"<script> [56 bytes]","args":[{"element-6066-11e4-a52e-4f735466cecf":"f.6971BE3684EA5570732D082DA9E0D745.d.F014D810DCE177FE9B6A378BF7C8E820.e.4675","ELEMENT":"f.6971BE3684EA5570732D082DA9E0D745.d.F014D810DCE177FE9B6A378BF7C8E820.e.4675"}]}
RESULT: {"script":"<script> [56 bytes]","args":[{"element-6066-11e4-a52e-4f735466cecf":"f.6971BE3684EA5570732D082DA9E0D745.d.F014D810DCE177FE9B6A378BF7C8E820.e.4675","ELEMENT":"f.6971BE3684EA5570732D082DA9E0D745.d.F014D810DCE177FE9B6A378BF7C8E820.e.4675"}]}
COMMAND: POST /session/db5d3a08cddd323e15dea0759fa6d3db/element - {"using":"css selector","value":"#shell-header-logo"}
COMMAND: GET /session/db5d3a08cddd323e15dea0759fa6d3db/screenshot - {}
RESULT: {"using":"css selector","value":"#shell-header-logo"}
COMMAND: POST /session/db5d3a08cddd323e15dea0759fa6d3db/element/f.6971BE3684EA5570732D082DA9E0D745.d.F014D810DCE177FE9B6A378BF7C8E820.e.3731/click - {}
RESULT: {}
RESULT: {}
COMMAND: GET /session/db5d3a08cddd323e15dea0759fa6d3db/screenshot - {}
RESULT: {}
COMMAND: DELETE /session/db5d3a08cddd323e15dea0759fa6d3db - {}
RESULT: {}
]]></system-out>
    </testcase>
  </testsuite>
</testsuites>