<?xml version="1.0" encoding="UTF-8"?>
<testsuites tests="6" failures="3" errors="3" skipped="0">
  <testsuite timestamp="2025-06-01T16:30:13" time="855.543" tests="6" failures="3" errors="3" skipped="0">
    <properties>
      <property name="specId" value="0"/>
      <property name="suiteName" value="RU Inventory Mass State Change Multiple Items US151066"/>
      <property name="capabilities" value="chrome.136_0_7103_93.windows"/>
      <property name="file" value="file:///D:/a/1/s/test/specs/HTR/ru-inv-list-mass-state-change.spec.js"/>
    </properties>
    <testcase classname="chrome.136_0_7103_93.windows.RU_Inventory_Mass_State_Change_Multiple_Items_US151066" name="Step 1 Should do a RU inventory mass state change on chosen yard 109 with the resources available one equipment multipart one tool pool" time="281.75">
      <system-out><![CDATA[
COMMAND: POST /session/eba1f4137d59e17012d733eb998fae51/execute/async - {"script":"<script> [1562 bytes]","args":[{"selector":{"controlType":"sap.m.GenericTile","properties":{"header":"RU Inventory List"}},"wdio_ui5_key":"sapm.GenericTile{\"header\":\"RU Inventory List\"}"}]}
RESULT: {"script":"<script> [1562 bytes]","args":[{"selector":{"controlType":"sap.m.GenericTile","properties":{"header":"RU Inventory List"}},"wdio_ui5_key":"sapm.GenericTile{\"header\":\"RU Inventory List\"}"}]}
RESULT: undefined
COMMAND: POST /session/eba1f4137d59e17012d733eb998fae51/element - {"using":"xpath","value":"//*[@id=\"__tile99\"]"}
RESULT: {"using":"xpath","value":"//*[@id=\"__tile99\"]"}
COMMAND: POST /session/eba1f4137d59e17012d733eb998fae51/element/f.7AE0A9E4E389AFF4A1B7A60F0CE9C65F.d.9500C787CCD83BC5DAF6A7773221E60A.e.265/click - {}
RESULT: {}
COMMAND: GET /session/eba1f4137d59e17012d733eb998fae51/screenshot - {}
RESULT: {}
COMMAND: POST /session/eba1f4137d59e17012d733eb998fae51/elements - {"using":"xpath","value":"//span[text()='Error']"}
RESULT: {"using":"xpath","value":"//span[text()='Error']"}
COMMAND: POST /session/eba1f4137d59e17012d733eb998fae51/element - {"using":"xpath","value":"//button[contains(@id, \"massStateBtn\")]"}
RESULT: {"using":"xpath","value":"//button[contains(@id, \"massStateBtn\")]"}
COMMAND: POST /session/eba1f4137d59e17012d733eb998fae51/elements - {"using":"xpath","value":"//button[contains(@id, \"massStateBtn\")]"}
RESULT: {"using":"xpath","value":"//button[contains(@id, \"massStateBtn\")]"}
COMMAND: POST /session/eba1f4137d59e17012d733eb998fae51/elements - {"using":"xpath","value":"//button[contains(@id, \"massStateBtn\")]"}
RESULT: {"using":"xpath","value":"//button[contains(@id, \"massStateBtn\")]"}
COMMAND: POST /session/eba1f4137d59e17012d733eb998fae51/elements - {"using":"xpath","value":"//button[contains(@id, \"massStateBtn\")]"}
RESULT: {"using":"xpath","value":"//button[contains(@id, \"massStateBtn\")]"}
COMMAND: POST /session/eba1f4137d59e17012d733eb998fae51/elements - {"using":"xpath","value":"//button[contains(@id, \"massStateBtn\")]"}
RESULT: {"using":"xpath","value":"//button[contains(@id, \"massStateBtn\")]"}
COMMAND: POST /session/eba1f4137d59e17012d733eb998fae51/elements - {"using":"xpath","value":"//button[contains(@id, \"massStateBtn\")]"}
RESULT: {"using":"xpath","value":"//button[contains(@id, \"massStateBtn\")]"}
COMMAND: POST /session/eba1f4137d59e17012d733eb998fae51/element - {"using":"xpath","value":"//button[contains(@id, \"massStateBtn\")]"}
RESULT: {"using":"xpath","value":"//button[contains(@id, \"massStateBtn\")]"}
COMMAND: POST /session/eba1f4137d59e17012d733eb998fae51/execute/sync - {"script":"<script> [8489 bytes]","args":[{"element-6066-11e4-a52e-4f735466cecf":"f.7AE0A9E4E389AFF4A1B7A60F0CE9C65F.d.9500C787CCD83BC5DAF6A7773221E60A.e.299","ELEMENT":"f.7AE0A9E4E389AFF4A1B7A60F0CE9C65F.d.9500C787CCD83BC5DAF6A7773221E60A.e.299"}]}
RESULT: {"script":"<script> [8489 bytes]","args":[{"element-6066-11e4-a52e-4f735466cecf":"f.7AE0A9E4E389AFF4A1B7A60F0CE9C65F.d.9500C787CCD83BC5DAF6A7773221E60A.e.299","ELEMENT":"f.7AE0A9E4E389AFF4A1B7A60F0CE9C65F.d.9500C787CCD83BC5DAF6A7773221E60A.e.299"}]}
COMMAND: GET /session/eba1f4137d59e17012d733eb998fae51/element/f.7AE0A9E4E389AFF4A1B7A60F0CE9C65F.d.9500C787CCD83BC5DAF6A7773221E60A.e.299/enabled - {}
COMMAND: GET /session/eba1f4137d59e17012d733eb998fae51/screenshot - {}
RESULT: {}
COMMAND: POST /session/eba1f4137d59e17012d733eb998fae51/execute/sync - {"script":"<script> [8489 bytes]","args":[{"element-6066-11e4-a52e-4f735466cecf":"f.7AE0A9E4E389AFF4A1B7A60F0CE9C65F.d.9500C787CCD83BC5DAF6A7773221E60A.e.299","ELEMENT":"f.7AE0A9E4E389AFF4A1B7A60F0CE9C65F.d.9500C787CCD83BC5DAF6A7773221E60A.e.299"}]}
COMMAND: GET /session/eba1f4137d59e17012d733eb998fae51/screenshot - {}
RESULT: {}
RESULT: {"script":"<script> [8489 bytes]","args":[{"element-6066-11e4-a52e-4f735466cecf":"f.7AE0A9E4E389AFF4A1B7A60F0CE9C65F.d.9500C787CCD83BC5DAF6A7773221E60A.e.299","ELEMENT":"f.7AE0A9E4E389AFF4A1B7A60F0CE9C65F.d.9500C787CCD83BC5DAF6A7773221E60A.e.299"}]}
COMMAND: POST /session/eba1f4137d59e17012d733eb998fae51/execute/sync - {"script":"<script> [5351 bytes]","args":[{"element-6066-11e4-a52e-4f735466cecf":"f.7AE0A9E4E389AFF4A1B7A60F0CE9C65F.d.9500C787CCD83BC5DAF6A7773221E60A.e.299","ELEMENT":"f.7AE0A9E4E389AFF4A1B7A60F0CE9C65F.d.9500C787CCD83BC5DAF6A7773221E60A.e.299"}]}
COMMAND: GET /session/eba1f4137d59e17012d733eb998fae51/screenshot - {}
RESULT: {}
RESULT: {"script":"<script> [5351 bytes]","args":[{"element-6066-11e4-a52e-4f735466cecf":"f.7AE0A9E4E389AFF4A1B7A60F0CE9C65F.d.9500C787CCD83BC5DAF6A7773221E60A.e.299","ELEMENT":"f.7AE0A9E4E389AFF4A1B7A60F0CE9C65F.d.9500C787CCD83BC5DAF6A7773221E60A.e.299"}]}
COMMAND: POST /session/eba1f4137d59e17012d733eb998fae51/element/f.7AE0A9E4E389AFF4A1B7A60F0CE9C65F.d.9500C787CCD83BC5DAF6A7773221E60A.e.299/click - {}
COMMAND: GET /session/eba1f4137d59e17012d733eb998fae51/screenshot - {}
RESULT: {}
RESULT: {}
COMMAND: GET /session/eba1f4137d59e17012d733eb998fae51/screenshot - {}
RESULT: {}
RESULT: {}
COMMAND: POST /session/eba1f4137d59e17012d733eb998fae51/execute/async - {"script":"<script> [1562 bytes]","args":[{"selector":{"id":"application-ruinventorylist-display-component---Master--ruLocationTypeComboBox-arrow"},"wdio_ui5_key":"applicationruinventorylist-display-component---Master--ruLocationTypeComboBox-arrow"}]}
RESULT: {"script":"<script> [1562 bytes]","args":[{"selector":{"id":"application-ruinventorylist-display-component---Master--ruLocationTypeComboBox-arrow"},"wdio_ui5_key":"applicationruinventorylist-display-component---Master--ruLocationTypeComboBox-arrow"}]}
RESULT: undefined
COMMAND: POST /session/eba1f4137d59e17012d733eb998fae51/element - {"using":"xpath","value":"//*[@id=\"application-ruinventorylist-display-component---Master--ruLocationTypeComboBox-arrow\"]"}
RESULT: {"using":"xpath","value":"//*[@id=\"application-ruinventorylist-display-component---Master--ruLocationTypeComboBox-arrow\"]"}
COMMAND: POST /session/eba1f4137d59e17012d733eb998fae51/element/f.7AE0A9E4E389AFF4A1B7A60F0CE9C65F.d.9500C787CCD83BC5DAF6A7773221E60A.e.536/click - {}
RESULT: {}
COMMAND: GET /session/eba1f4137d59e17012d733eb998fae51/screenshot - {}
RESULT: {}
COMMAND: POST /session/eba1f4137d59e17012d733eb998fae51/element - {"using":"xpath","value":"//li[.//span[text()='Yard']]"}
RESULT: {"using":"xpath","value":"//li[.//span[text()='Yard']]"}
COMMAND: POST /session/eba1f4137d59e17012d733eb998fae51/element/f.7AE0A9E4E389AFF4A1B7A60F0CE9C65F.d.9500C787CCD83BC5DAF6A7773221E60A.e.537/click - {}
RESULT: {}
COMMAND: GET /session/eba1f4137d59e17012d733eb998fae51/screenshot - {}
RESULT: {}
COMMAND: POST /session/eba1f4137d59e17012d733eb998fae51/execute/async - {"script":"<script> [1562 bytes]","args":[{"selector":{"id":"application-ruinventorylist-display-component---Master--smartFilterBar-filterItemControl_BASIC-YARD-vhi"},"wdio_ui5_key":"applicationruinventorylist-display-component---Master--smartFilterBar-filterItemControl_BASIC-YARD-vhi"}]}
RESULT: {"script":"<script> [1562 bytes]","args":[{"selector":{"id":"application-ruinventorylist-display-component---Master--smartFilterBar-filterItemControl_BASIC-YARD-vhi"},"wdio_ui5_key":"applicationruinventorylist-display-component---Master--smartFilterBar-filterItemControl_BASIC-YARD-vhi"}]}
RESULT: undefined
COMMAND: POST /session/eba1f4137d59e17012d733eb998fae51/element - {"using":"xpath","value":"//*[@id=\"application-ruinventorylist-display-component---Master--smartFilterBar-filterItemControl_BASIC-YARD-vhi\"]"}
RESULT: {"using":"xpath","value":"//*[@id=\"application-ruinventorylist-display-component---Master--smartFilterBar-filterItemControl_BASIC-YARD-vhi\"]"}
COMMAND: POST /session/eba1f4137d59e17012d733eb998fae51/element/f.7AE0A9E4E389AFF4A1B7A60F0CE9C65F.d.9500C787CCD83BC5DAF6A7773221E60A.e.595/click - {}
RESULT: {}
COMMAND: GET /session/eba1f4137d59e17012d733eb998fae51/screenshot - {}
RESULT: {}
COMMAND: POST /session/eba1f4137d59e17012d733eb998fae51/execute/async - {"script":"<script> [1562 bytes]","args":[{"selector":{"id":"application-ruinventorylist-display-component---Master--smartFilterBar-filterItemControl_BASIC-YARD-valueHelpDialog-smartFilterBar-btnBasicSearch","searchOpenDialogs":true,"interaction":{"idSuffix":"I"}},"wdio_ui5_key":"applicationruinventorylist-display-component---Master--smartFilterBar-filterItemControl_BASIC-YARD-valueHelpDialog-smartFilterBar-btnBasicSearch"}]}
RESULT: {"script":"<script> [1562 bytes]","args":[{"selector":{"id":"application-ruinventorylist-display-component---Master--smartFilterBar-filterItemControl_BASIC-YARD-valueHelpDialog-smartFilterBar-btnBasicSearch","searchOpenDialogs":true,"interaction":{"idSuffix":"I"}},"wdio_ui5_key":"applicationruinventorylist-display-component---Master--smartFilterBar-filterItemControl_BASIC-YARD-valueHelpDialog-smartFilterBar-btnBasicSearch"}]}
RESULT: undefined
COMMAND: POST /session/eba1f4137d59e17012d733eb998fae51/execute/async - {"script":"<script> [776 bytes]","args":[{"enterText":"109","selector":{"id":"application-ruinventorylist-display-component---Master--smartFilterBar-filterItemControl_BASIC-YARD-valueHelpDialog-smartFilterBar-btnBasicSearch","searchOpenDialogs":true,"interaction":{"idSuffix":"I"}},"clearTextFirst":true,"interactionType":"ENTER_TEXT"}]}
RESULT: {"script":"<script> [776 bytes]","args":[{"enterText":"109","selector":{"id":"application-ruinventorylist-display-component---Master--smartFilterBar-filterItemControl_BASIC-YARD-valueHelpDialog-smartFilterBar-btnBasicSearch","searchOpenDialogs":true,"interaction":{"idSuffix":"I"}},"clearTextFirst":true,"interactionType":"ENTER_TEXT"}]}
COMMAND: POST /session/eba1f4137d59e17012d733eb998fae51/actions - {"actions":[{"id":"action1","type":"key","parameters":{},"actions":[{"type":"keyDown","value":""},{"type":"pause","duration":10},{"type":"keyUp","value":""}]}]}
RESULT: {"actions":[{"id":"action1","type":"key","parameters":{},"actions":[{"type":"keyDown","value":""},{"type":"pause","duration":10},{"type":"keyUp","value":""}]}]}
COMMAND: GET /session/eba1f4137d59e17012d733eb998fae51/screenshot - {}
RESULT: {}
COMMAND: POST /session/eba1f4137d59e17012d733eb998fae51/elements - {"using":"xpath","value":"//table[contains(@id, \"filterItemControl_BASIC-YARD-valueHelpDialog-table-table\")]/tbody/tr"}
RESULT: {"using":"xpath","value":"//table[contains(@id, \"filterItemControl_BASIC-YARD-valueHelpDialog-table-table\")]/tbody/tr"}
COMMAND: POST /session/eba1f4137d59e17012d733eb998fae51/element - {"using":"xpath","value":"//table[contains(@id, \"filterItemControl_BASIC-YARD-valueHelpDialog-table-table\")]/tbody/tr[1]/td[1]/div/span"}
RESULT: {"using":"xpath","value":"//table[contains(@id, \"filterItemControl_BASIC-YARD-valueHelpDialog-table-table\")]/tbody/tr[1]/td[1]/div/span"}
COMMAND: POST /session/eba1f4137d59e17012d733eb998fae51/elements - {"using":"xpath","value":"//table[contains(@id, \"filterItemControl_BASIC-YARD-valueHelpDialog-table-table\")]/tbody/tr[1]/td[1]/div/span"}
RESULT: {"using":"xpath","value":"//table[contains(@id, \"filterItemControl_BASIC-YARD-valueHelpDialog-table-table\")]/tbody/tr[1]/td[1]/div/span"}
COMMAND: POST /session/eba1f4137d59e17012d733eb998fae51/execute/sync - {"script":"<script> [56 bytes]","args":[{"element-6066-11e4-a52e-4f735466cecf":"f.7AE0A9E4E389AFF4A1B7A60F0CE9C65F.d.9500C787CCD83BC5DAF6A7773221E60A.e.618","ELEMENT":"f.7AE0A9E4E389AFF4A1B7A60F0CE9C65F.d.9500C787CCD83BC5DAF6A7773221E60A.e.618"}]}
RESULT: {"script":"<script> [56 bytes]","args":[{"element-6066-11e4-a52e-4f735466cecf":"f.7AE0A9E4E389AFF4A1B7A60F0CE9C65F.d.9500C787CCD83BC5DAF6A7773221E60A.e.618","ELEMENT":"f.7AE0A9E4E389AFF4A1B7A60F0CE9C65F.d.9500C787CCD83BC5DAF6A7773221E60A.e.618"}]}
COMMAND: POST /session/eba1f4137d59e17012d733eb998fae51/element - {"using":"xpath","value":"//div[contains(@id, \"filterItemControl_BASIC-YARD-valueHelpDialog-table-rowsel0\")]"}
COMMAND: GET /session/eba1f4137d59e17012d733eb998fae51/screenshot - {}
RESULT: {"using":"xpath","value":"//div[contains(@id, \"filterItemControl_BASIC-YARD-valueHelpDialog-table-rowsel0\")]"}
COMMAND: POST /session/eba1f4137d59e17012d733eb998fae51/element/f.7AE0A9E4E389AFF4A1B7A60F0CE9C65F.d.9500C787CCD83BC5DAF6A7773221E60A.e.619/click - {}
RESULT: {}
RESULT: {}
COMMAND: GET /session/eba1f4137d59e17012d733eb998fae51/screenshot - {}
RESULT: {}
COMMAND: POST /session/eba1f4137d59e17012d733eb998fae51/element - {"using":"xpath","value":"//div[contains(@id, \"smartFilterBar-filterItemControl_BASIC-YARD-valueHelpDialog-smartFilterBar-btnBasicSearch-reset\")]"}
RESULT: {"using":"xpath","value":"//div[contains(@id, \"smartFilterBar-filterItemControl_BASIC-YARD-valueHelpDialog-smartFilterBar-btnBasicSearch-reset\")]"}
COMMAND: POST /session/eba1f4137d59e17012d733eb998fae51/element/f.7AE0A9E4E389AFF4A1B7A60F0CE9C65F.d.9500C787CCD83BC5DAF6A7773221E60A.e.621/click - {}
RESULT: {}
RESULT: undefined
COMMAND: POST /session/eba1f4137d59e17012d733eb998fae51/execute/async - {"script":"<script> [776 bytes]","args":[{"enterText":"OPA5_BST01_YARD1","selector":{"id":"application-ruinventorylist-display-component---Master--smartFilterBar-filterItemControl_BASIC-YARD-valueHelpDialog-smartFilterBar-btnBasicSearch","searchOpenDialogs":true,"interaction":{"idSuffix":"I"}},"clearTextFirst":true,"interactionType":"ENTER_TEXT"}]}
COMMAND: GET /session/eba1f4137d59e17012d733eb998fae51/screenshot - {}
RESULT: {"script":"<script> [776 bytes]","args":[{"enterText":"OPA5_BST01_YARD1","selector":{"id":"application-ruinventorylist-display-component---Master--smartFilterBar-filterItemControl_BASIC-YARD-valueHelpDialog-smartFilterBar-btnBasicSearch","searchOpenDialogs":true,"interaction":{"idSuffix":"I"}},"clearTextFirst":true,"interactionType":"ENTER_TEXT"}]}
COMMAND: POST /session/eba1f4137d59e17012d733eb998fae51/actions - {"actions":[{"id":"action2","type":"key","parameters":{},"actions":[{"type":"keyDown","value":""},{"type":"pause","duration":10},{"type":"keyUp","value":""}]}]}
RESULT: {}
RESULT: {"actions":[{"id":"action2","type":"key","parameters":{},"actions":[{"type":"keyDown","value":""},{"type":"pause","duration":10},{"type":"keyUp","value":""}]}]}
COMMAND: GET /session/eba1f4137d59e17012d733eb998fae51/screenshot - {}
RESULT: {}
COMMAND: POST /session/eba1f4137d59e17012d733eb998fae51/elements - {"using":"xpath","value":"//table[contains(@id, \"filterItemControl_BASIC-YARD-valueHelpDialog-table-table\")]/tbody/tr"}
RESULT: {"using":"xpath","value":"//table[contains(@id, \"filterItemControl_BASIC-YARD-valueHelpDialog-table-table\")]/tbody/tr"}
COMMAND: POST /session/eba1f4137d59e17012d733eb998fae51/element - {"using":"xpath","value":"//table[contains(@id, \"filterItemControl_BASIC-YARD-valueHelpDialog-table-table\")]/tbody/tr[1]/td[1]/div/span"}
RESULT: {"using":"xpath","value":"//table[contains(@id, \"filterItemControl_BASIC-YARD-valueHelpDialog-table-table\")]/tbody/tr[1]/td[1]/div/span"}
COMMAND: POST /session/eba1f4137d59e17012d733eb998fae51/elements - {"using":"xpath","value":"//table[contains(@id, \"filterItemControl_BASIC-YARD-valueHelpDialog-table-table\")]/tbody/tr[1]/td[1]/div/span"}
RESULT: {"using":"xpath","value":"//table[contains(@id, \"filterItemControl_BASIC-YARD-valueHelpDialog-table-table\")]/tbody/tr[1]/td[1]/div/span"}
COMMAND: POST /session/eba1f4137d59e17012d733eb998fae51/execute/sync - {"script":"<script> [56 bytes]","args":[{"element-6066-11e4-a52e-4f735466cecf":"f.7AE0A9E4E389AFF4A1B7A60F0CE9C65F.d.9500C787CCD83BC5DAF6A7773221E60A.e.618","ELEMENT":"f.7AE0A9E4E389AFF4A1B7A60F0CE9C65F.d.9500C787CCD83BC5DAF6A7773221E60A.e.618"}]}
RESULT: {"script":"<script> [56 bytes]","args":[{"element-6066-11e4-a52e-4f735466cecf":"f.7AE0A9E4E389AFF4A1B7A60F0CE9C65F.d.9500C787CCD83BC5DAF6A7773221E60A.e.618","ELEMENT":"f.7AE0A9E4E389AFF4A1B7A60F0CE9C65F.d.9500C787CCD83BC5DAF6A7773221E60A.e.618"}]}
COMMAND: POST /session/eba1f4137d59e17012d733eb998fae51/element - {"using":"xpath","value":"//div[contains(@id, \"filterItemControl_BASIC-YARD-valueHelpDialog-table-rowsel0\")]"}
COMMAND: GET /session/eba1f4137d59e17012d733eb998fae51/screenshot - {}
RESULT: {"using":"xpath","value":"//div[contains(@id, \"filterItemControl_BASIC-YARD-valueHelpDialog-table-rowsel0\")]"}
COMMAND: POST /session/eba1f4137d59e17012d733eb998fae51/element/f.7AE0A9E4E389AFF4A1B7A60F0CE9C65F.d.9500C787CCD83BC5DAF6A7773221E60A.e.619/click - {}
RESULT: {}
RESULT: {}
COMMAND: GET /session/eba1f4137d59e17012d733eb998fae51/screenshot - {}
RESULT: {}
COMMAND: POST /session/eba1f4137d59e17012d733eb998fae51/element - {"using":"xpath","value":"(//bdi[contains(text(), \"OK\")])[1]"}
RESULT: {"using":"xpath","value":"(//bdi[contains(text(), \"OK\")])[1]"}
COMMAND: POST /session/eba1f4137d59e17012d733eb998fae51/element/f.7AE0A9E4E389AFF4A1B7A60F0CE9C65F.d.9500C787CCD83BC5DAF6A7773221E60A.e.622/click - {}
RESULT: {}
COMMAND: GET /session/eba1f4137d59e17012d733eb998fae51/screenshot - {}
RESULT: {}
COMMAND: POST /session/eba1f4137d59e17012d733eb998fae51/element - {"using":"xpath","value":"//span[@id=\"application-ruinventorylist-display-component---Master--smartTableRuInventoryList-header-inner\"]"}
RESULT: {"using":"xpath","value":"//span[@id=\"application-ruinventorylist-display-component---Master--smartTableRuInventoryList-header-inner\"]"}
COMMAND: POST /session/eba1f4137d59e17012d733eb998fae51/elements - {"using":"xpath","value":"//span[@id=\"application-ruinventorylist-display-component---Master--smartTableRuInventoryList-header-inner\"]"}
RESULT: {"using":"xpath","value":"//span[@id=\"application-ruinventorylist-display-component---Master--smartTableRuInventoryList-header-inner\"]"}
COMMAND: POST /session/eba1f4137d59e17012d733eb998fae51/execute/sync - {"script":"<script> [56 bytes]","args":[{"element-6066-11e4-a52e-4f735466cecf":"f.7AE0A9E4E389AFF4A1B7A60F0CE9C65F.d.9500C787CCD83BC5DAF6A7773221E60A.e.789","ELEMENT":"f.7AE0A9E4E389AFF4A1B7A60F0CE9C65F.d.9500C787CCD83BC5DAF6A7773221E60A.e.789"}]}
RESULT: {"script":"<script> [56 bytes]","args":[{"element-6066-11e4-a52e-4f735466cecf":"f.7AE0A9E4E389AFF4A1B7A60F0CE9C65F.d.9500C787CCD83BC5DAF6A7773221E60A.e.789","ELEMENT":"f.7AE0A9E4E389AFF4A1B7A60F0CE9C65F.d.9500C787CCD83BC5DAF6A7773221E60A.e.789"}]}
COMMAND: POST /session/eba1f4137d59e17012d733eb998fae51/execute/async - {"script":"<script> [1562 bytes]","args":[{"selector":{"id":"application-ruinventorylist-display-component---Master--smartFilterBar-btnBasicSearch","interaction":{"idSuffix":"I"}},"wdio_ui5_key":"applicationruinventorylist-display-component---Master--smartFilterBar-btnBasicSearch"}]}
COMMAND: GET /session/eba1f4137d59e17012d733eb998fae51/screenshot - {}
RESULT: {"script":"<script> [1562 bytes]","args":[{"selector":{"id":"application-ruinventorylist-display-component---Master--smartFilterBar-btnBasicSearch","interaction":{"idSuffix":"I"}},"wdio_ui5_key":"applicationruinventorylist-display-component---Master--smartFilterBar-btnBasicSearch"}]}
RESULT: undefined
COMMAND: POST /session/eba1f4137d59e17012d733eb998fae51/execute/async - {"script":"<script> [776 bytes]","args":[{"enterText":"600002","selector":{"id":"application-ruinventorylist-display-component---Master--smartFilterBar-btnBasicSearch","interaction":{"idSuffix":"I"}},"clearTextFirst":true,"interactionType":"ENTER_TEXT"}]}
RESULT: {}
RESULT: {"script":"<script> [776 bytes]","args":[{"enterText":"600002","selector":{"id":"application-ruinventorylist-display-component---Master--smartFilterBar-btnBasicSearch","interaction":{"idSuffix":"I"}},"clearTextFirst":true,"interactionType":"ENTER_TEXT"}]}
COMMAND: POST /session/eba1f4137d59e17012d733eb998fae51/actions - {"actions":[{"id":"action3","type":"key","parameters":{},"actions":[{"type":"keyDown","value":""},{"type":"pause","duration":10},{"type":"keyUp","value":""}]}]}
RESULT: {"actions":[{"id":"action3","type":"key","parameters":{},"actions":[{"type":"keyDown","value":""},{"type":"pause","duration":10},{"type":"keyUp","value":""}]}]}
COMMAND: GET /session/eba1f4137d59e17012d733eb998fae51/screenshot - {}
RESULT: {}
COMMAND: POST /session/eba1f4137d59e17012d733eb998fae51/element - {"using":"xpath","value":"//span[@id=\"application-ruinventorylist-display-component---Master--smartTableRuInventoryList-header-inner\"]"}
RESULT: {"using":"xpath","value":"//span[@id=\"application-ruinventorylist-display-component---Master--smartTableRuInventoryList-header-inner\"]"}
COMMAND: POST /session/eba1f4137d59e17012d733eb998fae51/elements - {"using":"xpath","value":"//span[@id=\"application-ruinventorylist-display-component---Master--smartTableRuInventoryList-header-inner\"]"}
RESULT: {"using":"xpath","value":"//span[@id=\"application-ruinventorylist-display-component---Master--smartTableRuInventoryList-header-inner\"]"}
COMMAND: POST /session/eba1f4137d59e17012d733eb998fae51/execute/sync - {"script":"<script> [56 bytes]","args":[{"element-6066-11e4-a52e-4f735466cecf":"f.7AE0A9E4E389AFF4A1B7A60F0CE9C65F.d.9500C787CCD83BC5DAF6A7773221E60A.e.789","ELEMENT":"f.7AE0A9E4E389AFF4A1B7A60F0CE9C65F.d.9500C787CCD83BC5DAF6A7773221E60A.e.789"}]}
RESULT: {"script":"<script> [56 bytes]","args":[{"element-6066-11e4-a52e-4f735466cecf":"f.7AE0A9E4E389AFF4A1B7A60F0CE9C65F.d.9500C787CCD83BC5DAF6A7773221E60A.e.789","ELEMENT":"f.7AE0A9E4E389AFF4A1B7A60F0CE9C65F.d.9500C787CCD83BC5DAF6A7773221E60A.e.789"}]}
COMMAND: POST /session/eba1f4137d59e17012d733eb998fae51/element - {"using":"xpath","value":"//table[contains(@id, \"application-ruinventorylist-display-component---Master--tableRuInventoryList-listUl\")]/tbody/tr[1]/td[2]/div/div"}
COMMAND: GET /session/eba1f4137d59e17012d733eb998fae51/screenshot - {}
RESULT: {"using":"xpath","value":"//table[contains(@id, \"application-ruinventorylist-display-component---Master--tableRuInventoryList-listUl\")]/tbody/tr[1]/td[2]/div/div"}
COMMAND: POST /session/eba1f4137d59e17012d733eb998fae51/element/f.7AE0A9E4E389AFF4A1B7A60F0CE9C65F.d.9500C787CCD83BC5DAF6A7773221E60A.e.794/click - {}
RESULT: {}
RESULT: {}
COMMAND: GET /session/eba1f4137d59e17012d733eb998fae51/screenshot - {}
RESULT: {}
COMMAND: POST /session/eba1f4137d59e17012d733eb998fae51/element - {"using":"xpath","value":"//div[contains(@id, \"smartFilterBar-btnBasicSearch-reset\")]"}
RESULT: {"using":"xpath","value":"//div[contains(@id, \"smartFilterBar-btnBasicSearch-reset\")]"}
COMMAND: POST /session/eba1f4137d59e17012d733eb998fae51/element/f.7AE0A9E4E389AFF4A1B7A60F0CE9C65F.d.9500C787CCD83BC5DAF6A7773221E60A.e.804/click - {}
RESULT: {}
COMMAND: GET /session/eba1f4137d59e17012d733eb998fae51/screenshot - {}
RESULT: {}
RESULT: undefined
COMMAND: POST /session/eba1f4137d59e17012d733eb998fae51/execute/async - {"script":"<script> [776 bytes]","args":[{"enterText":"401002","selector":{"id":"application-ruinventorylist-display-component---Master--smartFilterBar-btnBasicSearch","interaction":{"idSuffix":"I"}},"clearTextFirst":true,"interactionType":"ENTER_TEXT"}]}
RESULT: {"script":"<script> [776 bytes]","args":[{"enterText":"401002","selector":{"id":"application-ruinventorylist-display-component---Master--smartFilterBar-btnBasicSearch","interaction":{"idSuffix":"I"}},"clearTextFirst":true,"interactionType":"ENTER_TEXT"}]}
COMMAND: POST /session/eba1f4137d59e17012d733eb998fae51/actions - {"actions":[{"id":"action4","type":"key","parameters":{},"actions":[{"type":"keyDown","value":""},{"type":"pause","duration":10},{"type":"keyUp","value":""}]}]}
RESULT: {"actions":[{"id":"action4","type":"key","parameters":{},"actions":[{"type":"keyDown","value":""},{"type":"pause","duration":10},{"type":"keyUp","value":""}]}]}
COMMAND: GET /session/eba1f4137d59e17012d733eb998fae51/screenshot - {}
RESULT: {}
COMMAND: POST /session/eba1f4137d59e17012d733eb998fae51/element - {"using":"xpath","value":"//span[@id=\"application-ruinventorylist-display-component---Master--smartTableRuInventoryList-header-inner\"]"}
RESULT: {"using":"xpath","value":"//span[@id=\"application-ruinventorylist-display-component---Master--smartTableRuInventoryList-header-inner\"]"}
COMMAND: POST /session/eba1f4137d59e17012d733eb998fae51/elements - {"using":"xpath","value":"//span[@id=\"application-ruinventorylist-display-component---Master--smartTableRuInventoryList-header-inner\"]"}
RESULT: {"using":"xpath","value":"//span[@id=\"application-ruinventorylist-display-component---Master--smartTableRuInventoryList-header-inner\"]"}
COMMAND: POST /session/eba1f4137d59e17012d733eb998fae51/execute/sync - {"script":"<script> [56 bytes]","args":[{"element-6066-11e4-a52e-4f735466cecf":"f.7AE0A9E4E389AFF4A1B7A60F0CE9C65F.d.9500C787CCD83BC5DAF6A7773221E60A.e.789","ELEMENT":"f.7AE0A9E4E389AFF4A1B7A60F0CE9C65F.d.9500C787CCD83BC5DAF6A7773221E60A.e.789"}]}
RESULT: {"script":"<script> [56 bytes]","args":[{"element-6066-11e4-a52e-4f735466cecf":"f.7AE0A9E4E389AFF4A1B7A60F0CE9C65F.d.9500C787CCD83BC5DAF6A7773221E60A.e.789","ELEMENT":"f.7AE0A9E4E389AFF4A1B7A60F0CE9C65F.d.9500C787CCD83BC5DAF6A7773221E60A.e.789"}]}
COMMAND: POST /session/eba1f4137d59e17012d733eb998fae51/element - {"using":"xpath","value":"//table[contains(@id, \"application-ruinventorylist-display-component---Master--tableRuInventoryList-listUl\")]/tbody/tr[1]/td[2]/div/div"}
COMMAND: GET /session/eba1f4137d59e17012d733eb998fae51/screenshot - {}
RESULT: {"using":"xpath","value":"//table[contains(@id, \"application-ruinventorylist-display-component---Master--tableRuInventoryList-listUl\")]/tbody/tr[1]/td[2]/div/div"}
COMMAND: POST /session/eba1f4137d59e17012d733eb998fae51/element/f.7AE0A9E4E389AFF4A1B7A60F0CE9C65F.d.9500C787CCD83BC5DAF6A7773221E60A.e.959/click - {}
RESULT: {}
RESULT: {}
COMMAND: GET /session/eba1f4137d59e17012d733eb998fae51/screenshot - {}
RESULT: {}
COMMAND: POST /session/eba1f4137d59e17012d733eb998fae51/element - {"using":"xpath","value":"//div[contains(@id, \"smartFilterBar-btnBasicSearch-reset\")]"}
RESULT: {"using":"xpath","value":"//div[contains(@id, \"smartFilterBar-btnBasicSearch-reset\")]"}
COMMAND: POST /session/eba1f4137d59e17012d733eb998fae51/element/f.7AE0A9E4E389AFF4A1B7A60F0CE9C65F.d.9500C787CCD83BC5DAF6A7773221E60A.e.804/click - {}
RESULT: {}
COMMAND: GET /session/eba1f4137d59e17012d733eb998fae51/screenshot - {}
RESULT: {}
COMMAND: POST /session/eba1f4137d59e17012d733eb998fae51/element/f.7AE0A9E4E389AFF4A1B7A60F0CE9C65F.d.9500C787CCD83BC5DAF6A7773221E60A.e.299/click - {}
RESULT: {}
COMMAND: GET /session/eba1f4137d59e17012d733eb998fae51/screenshot - {}
RESULT: {}
COMMAND: POST /session/eba1f4137d59e17012d733eb998fae51/execute/async - {"script":"<script> [1562 bytes]","args":[{"selector":{"controlType":"sap.m.Title","viewName":"etm.portal.ui.ruinventorylist.view.Master","viewId":"application-ruinventorylist-display-component---Master","properties":{"text":"Mass State Change"},"searchOpenDialogs":true},"wdio_ui5_key":"etmportal.ui.ruinventorylist.view.Mastersap.m.Title{\"text\":\"Mass State Change\"}"}]}
RESULT: {"script":"<script> [1562 bytes]","args":[{"selector":{"controlType":"sap.m.Title","viewName":"etm.portal.ui.ruinventorylist.view.Master","viewId":"application-ruinventorylist-display-component---Master","properties":{"text":"Mass State Change"},"searchOpenDialogs":true},"wdio_ui5_key":"etmportal.ui.ruinventorylist.view.Mastersap.m.Title{\"text\":\"Mass State Change\"}"}]}
RESULT: undefined
COMMAND: POST /session/eba1f4137d59e17012d733eb998fae51/execute/async - {"script":"<script> [6424 bytes]","args":[{"element-6066-11e4-a52e-4f735466cecf":"f.7AE0A9E4E389AFF4A1B7A60F0CE9C65F.d.9500C787CCD83BC5DAF6A7773221E60A.e.1134"},"getText",[]]}
RESULT: {"script":"<script> [6424 bytes]","args":[{"element-6066-11e4-a52e-4f735466cecf":"f.7AE0A9E4E389AFF4A1B7A60F0CE9C65F.d.9500C787CCD83BC5DAF6A7773221E60A.e.1134"},"getText",[]]}
COMMAND: POST /session/eba1f4137d59e17012d733eb998fae51/element - {"using":"xpath","value":"(//bdi[contains(text(), \"OK\")])[1]"}
RESULT: {"using":"xpath","value":"(//bdi[contains(text(), \"OK\")])[1]"}
COMMAND: POST /session/eba1f4137d59e17012d733eb998fae51/element/f.7AE0A9E4E389AFF4A1B7A60F0CE9C65F.d.9500C787CCD83BC5DAF6A7773221E60A.e.1135/click - {}
RESULT: {}
COMMAND: GET /session/eba1f4137d59e17012d733eb998fae51/screenshot - {}
RESULT: {}
COMMAND: POST /session/eba1f4137d59e17012d733eb998fae51/element - {"using":"css selector","value":"div.sapMMessageBoxError"}
RESULT: {"using":"css selector","value":"div.sapMMessageBoxError"}
COMMAND: POST /session/eba1f4137d59e17012d733eb998fae51/elements - {"using":"css selector","value":"div.sapMMessageBoxError"}
RESULT: {"using":"css selector","value":"div.sapMMessageBoxError"}
COMMAND: POST /session/eba1f4137d59e17012d733eb998fae51/element - {"using":"xpath","value":"(//bdi[contains(text(), \"Close\")])[1]"}
RESULT: {"using":"xpath","value":"(//bdi[contains(text(), \"Close\")])[1]"}
COMMAND: POST /session/eba1f4137d59e17012d733eb998fae51/element/f.7AE0A9E4E389AFF4A1B7A60F0CE9C65F.d.9500C787CCD83BC5DAF6A7773221E60A.e.1140/click - {}
RESULT: {}
COMMAND: GET /session/eba1f4137d59e17012d733eb998fae51/screenshot - {}
RESULT: {}
COMMAND: POST /session/eba1f4137d59e17012d733eb998fae51/execute/async - {"script":"<script> [1562 bytes]","args":[{"selector":{"id":"application-ruinventorylist-display-component---Master--ruStateTypes-arrow","searchOpenDialogs":true},"wdio_ui5_key":"applicationruinventorylist-display-component---Master--ruStateTypes-arrow"}]}
RESULT: {"script":"<script> [1562 bytes]","args":[{"selector":{"id":"application-ruinventorylist-display-component---Master--ruStateTypes-arrow","searchOpenDialogs":true},"wdio_ui5_key":"applicationruinventorylist-display-component---Master--ruStateTypes-arrow"}]}
RESULT: undefined
COMMAND: POST /session/eba1f4137d59e17012d733eb998fae51/element - {"using":"xpath","value":"//*[@id=\"application-ruinventorylist-display-component---Master--ruStateTypes-arrow\"]"}
RESULT: {"using":"xpath","value":"//*[@id=\"application-ruinventorylist-display-component---Master--ruStateTypes-arrow\"]"}
COMMAND: POST /session/eba1f4137d59e17012d733eb998fae51/element/f.7AE0A9E4E389AFF4A1B7A60F0CE9C65F.d.9500C787CCD83BC5DAF6A7773221E60A.e.1141/click - {}
RESULT: {}
COMMAND: GET /session/eba1f4137d59e17012d733eb998fae51/screenshot - {}
RESULT: {}
COMMAND: POST /session/eba1f4137d59e17012d733eb998fae51/element - {"using":"xpath","value":"//li[.//span[text()=\"defect\"]]"}
RESULT: {"using":"xpath","value":"//li[.//span[text()=\"defect\"]]"}
COMMAND: POST /session/eba1f4137d59e17012d733eb998fae51/element/f.7AE0A9E4E389AFF4A1B7A60F0CE9C65F.d.9500C787CCD83BC5DAF6A7773221E60A.e.1142/click - {}
RESULT: {}
COMMAND: GET /session/eba1f4137d59e17012d733eb998fae51/screenshot - {}
RESULT: {}
COMMAND: POST /session/eba1f4137d59e17012d733eb998fae51/element - {"using":"xpath","value":"(//span[@data-kt=\"trashMassStateChangeIcon\"])[1]"}
RESULT: {"using":"xpath","value":"(//span[@data-kt=\"trashMassStateChangeIcon\"])[1]"}
COMMAND: POST /session/eba1f4137d59e17012d733eb998fae51/element/f.7AE0A9E4E389AFF4A1B7A60F0CE9C65F.d.9500C787CCD83BC5DAF6A7773221E60A.e.1143/click - {}
RESULT: {}
COMMAND: GET /session/eba1f4137d59e17012d733eb998fae51/screenshot - {}
RESULT: {}
COMMAND: POST /session/eba1f4137d59e17012d733eb998fae51/element - {"using":"xpath","value":"//table[contains(@id, \"massStateChangeTable-listUl\")]/tbody/tr[1]/td[11]/div/div/div/input"}
RESULT: {"using":"xpath","value":"//table[contains(@id, \"massStateChangeTable-listUl\")]/tbody/tr[1]/td[11]/div/div/div/input"}
COMMAND: GET /session/eba1f4137d59e17012d733eb998fae51/element/f.7AE0A9E4E389AFF4A1B7A60F0CE9C65F.d.9500C787CCD83BC5DAF6A7773221E60A.e.1128/property/value - {}
RESULT: {}
COMMAND: POST /session/eba1f4137d59e17012d733eb998fae51/element - {"using":"xpath","value":"(//span[@data-kt=\"trashMassStateChangeIcon\"])[2]"}
COMMAND: GET /session/eba1f4137d59e17012d733eb998fae51/screenshot - {}
RESULT: {"using":"xpath","value":"(//span[@data-kt=\"trashMassStateChangeIcon\"])[2]"}
COMMAND: POST /session/eba1f4137d59e17012d733eb998fae51/element/f.7AE0A9E4E389AFF4A1B7A60F0CE9C65F.d.9500C787CCD83BC5DAF6A7773221E60A.e.1145/click - {}
RESULT: {}
RESULT: {}
COMMAND: GET /session/eba1f4137d59e17012d733eb998fae51/screenshot - {}
RESULT: {}
COMMAND: POST /session/eba1f4137d59e17012d733eb998fae51/element - {"using":"xpath","value":"//table[contains(@id, \"massStateChangeTable-listUl\")]/tbody/tr[2]/td[11]/div/div/div/input"}
RESULT: {"using":"xpath","value":"//table[contains(@id, \"massStateChangeTable-listUl\")]/tbody/tr[2]/td[11]/div/div/div/input"}
COMMAND: GET /session/eba1f4137d59e17012d733eb998fae51/element/f.7AE0A9E4E389AFF4A1B7A60F0CE9C65F.d.9500C787CCD83BC5DAF6A7773221E60A.e.1132/property/value - {}
RESULT: {}
COMMAND: POST /session/eba1f4137d59e17012d733eb998fae51/element - {"using":"xpath","value":"//table[contains(@id, \"massStateChangeTable-listUl\")]/tbody/tr[1]/td[10]/div/span/span[1]"}
COMMAND: GET /session/eba1f4137d59e17012d733eb998fae51/screenshot - {}
RESULT: {"using":"xpath","value":"//table[contains(@id, \"massStateChangeTable-listUl\")]/tbody/tr[1]/td[10]/div/span/span[1]"}
COMMAND: POST /session/eba1f4137d59e17012d733eb998fae51/execute/sync - {"script":"<script> [56 bytes]","args":[{"element-6066-11e4-a52e-4f735466cecf":"f.7AE0A9E4E389AFF4A1B7A60F0CE9C65F.d.9500C787CCD83BC5DAF6A7773221E60A.e.1147","ELEMENT":"f.7AE0A9E4E389AFF4A1B7A60F0CE9C65F.d.9500C787CCD83BC5DAF6A7773221E60A.e.1147"}]}
RESULT: {}
RESULT: {"script":"<script> [56 bytes]","args":[{"element-6066-11e4-a52e-4f735466cecf":"f.7AE0A9E4E389AFF4A1B7A60F0CE9C65F.d.9500C787CCD83BC5DAF6A7773221E60A.e.1147","ELEMENT":"f.7AE0A9E4E389AFF4A1B7A60F0CE9C65F.d.9500C787CCD83BC5DAF6A7773221E60A.e.1147"}]}
COMMAND: POST /session/eba1f4137d59e17012d733eb998fae51/element - {"using":"xpath","value":"//table[contains(@id, \"massStateChangeTable-listUl\")]/tbody/tr[1]/td[11]/div/div/div/div[2]/span"}
COMMAND: GET /session/eba1f4137d59e17012d733eb998fae51/screenshot - {}
RESULT: {"using":"xpath","value":"//table[contains(@id, \"massStateChangeTable-listUl\")]/tbody/tr[1]/td[11]/div/div/div/div[2]/span"}
COMMAND: POST /session/eba1f4137d59e17012d733eb998fae51/element/f.7AE0A9E4E389AFF4A1B7A60F0CE9C65F.d.9500C787CCD83BC5DAF6A7773221E60A.e.1148/click - {}
RESULT: {}
RESULT: {}
COMMAND: GET /session/eba1f4137d59e17012d733eb998fae51/screenshot - {}
RESULT: {}
COMMAND: POST /session/eba1f4137d59e17012d733eb998fae51/element - {"using":"xpath","value":"//table[contains(@id, \"massStateChangeTable-listUl\")]/tbody/tr[1]/td[11]/div/div/div/div[2]/span"}
RESULT: {"using":"xpath","value":"//table[contains(@id, \"massStateChangeTable-listUl\")]/tbody/tr[1]/td[11]/div/div/div/div[2]/span"}
COMMAND: POST /session/eba1f4137d59e17012d733eb998fae51/element/f.7AE0A9E4E389AFF4A1B7A60F0CE9C65F.d.9500C787CCD83BC5DAF6A7773221E60A.e.1148/click - {}
RESULT: {}
COMMAND: GET /session/eba1f4137d59e17012d733eb998fae51/screenshot - {}
RESULT: {}
COMMAND: POST /session/eba1f4137d59e17012d733eb998fae51/element - {"using":"xpath","value":"//table[contains(@id, \"massStateChangeTable-listUl\")]/tbody/tr[1]/td[11]/div/div/div/div[2]/span"}
RESULT: {"using":"xpath","value":"//table[contains(@id, \"massStateChangeTable-listUl\")]/tbody/tr[1]/td[11]/div/div/div/div[2]/span"}
COMMAND: POST /session/eba1f4137d59e17012d733eb998fae51/element/f.7AE0A9E4E389AFF4A1B7A60F0CE9C65F.d.9500C787CCD83BC5DAF6A7773221E60A.e.1148/click - {}
RESULT: {}
COMMAND: GET /session/eba1f4137d59e17012d733eb998fae51/screenshot - {}
RESULT: {}
COMMAND: POST /session/eba1f4137d59e17012d733eb998fae51/element - {"using":"xpath","value":"//table[contains(@id, \"massStateChangeTable-listUl\")]/tbody/tr[1]/td[11]/div/div/div/div[2]/span"}
RESULT: {"using":"xpath","value":"//table[contains(@id, \"massStateChangeTable-listUl\")]/tbody/tr[1]/td[11]/div/div/div/div[2]/span"}
COMMAND: POST /session/eba1f4137d59e17012d733eb998fae51/element/f.7AE0A9E4E389AFF4A1B7A60F0CE9C65F.d.9500C787CCD83BC5DAF6A7773221E60A.e.1148/click - {}
RESULT: {}
COMMAND: GET /session/eba1f4137d59e17012d733eb998fae51/screenshot - {}
RESULT: {}
COMMAND: POST /session/eba1f4137d59e17012d733eb998fae51/element - {"using":"xpath","value":"//table[contains(@id, \"massStateChangeTable-listUl\")]/tbody/tr[1]/td[11]/div/div/div/div[2]/span"}
RESULT: {"using":"xpath","value":"//table[contains(@id, \"massStateChangeTable-listUl\")]/tbody/tr[1]/td[11]/div/div/div/div[2]/span"}
COMMAND: POST /session/eba1f4137d59e17012d733eb998fae51/element/f.7AE0A9E4E389AFF4A1B7A60F0CE9C65F.d.9500C787CCD83BC5DAF6A7773221E60A.e.1148/click - {}
RESULT: {}
COMMAND: GET /session/eba1f4137d59e17012d733eb998fae51/screenshot - {}
RESULT: {}
COMMAND: POST /session/eba1f4137d59e17012d733eb998fae51/element - {"using":"xpath","value":"//table[contains(@id, \"massStateChangeTable-listUl\")]/tbody/tr[1]/td[11]/div/div/div/div[2]/span"}
RESULT: {"using":"xpath","value":"//table[contains(@id, \"massStateChangeTable-listUl\")]/tbody/tr[1]/td[11]/div/div/div/div[2]/span"}
COMMAND: POST /session/eba1f4137d59e17012d733eb998fae51/element/f.7AE0A9E4E389AFF4A1B7A60F0CE9C65F.d.9500C787CCD83BC5DAF6A7773221E60A.e.1148/click - {}
RESULT: {}
COMMAND: GET /session/eba1f4137d59e17012d733eb998fae51/screenshot - {}
RESULT: {}
COMMAND: POST /session/eba1f4137d59e17012d733eb998fae51/element - {"using":"xpath","value":"//table[contains(@id, \"massStateChangeTable-listUl\")]/tbody/tr[1]/td[11]/div/div/div/div[2]/span"}
RESULT: {"using":"xpath","value":"//table[contains(@id, \"massStateChangeTable-listUl\")]/tbody/tr[1]/td[11]/div/div/div/div[2]/span"}
COMMAND: POST /session/eba1f4137d59e17012d733eb998fae51/element/f.7AE0A9E4E389AFF4A1B7A60F0CE9C65F.d.9500C787CCD83BC5DAF6A7773221E60A.e.1148/click - {}
RESULT: {}
COMMAND: GET /session/eba1f4137d59e17012d733eb998fae51/screenshot - {}
RESULT: {}
COMMAND: POST /session/eba1f4137d59e17012d733eb998fae51/element - {"using":"xpath","value":"//table[contains(@id, \"massStateChangeTable-listUl\")]/tbody/tr[1]/td[11]/div/div/div/div[2]/span"}
RESULT: {"using":"xpath","value":"//table[contains(@id, \"massStateChangeTable-listUl\")]/tbody/tr[1]/td[11]/div/div/div/div[2]/span"}
COMMAND: POST /session/eba1f4137d59e17012d733eb998fae51/element/f.7AE0A9E4E389AFF4A1B7A60F0CE9C65F.d.9500C787CCD83BC5DAF6A7773221E60A.e.1148/click - {}
RESULT: {}
COMMAND: GET /session/eba1f4137d59e17012d733eb998fae51/screenshot - {}
RESULT: {}
COMMAND: POST /session/eba1f4137d59e17012d733eb998fae51/element - {"using":"xpath","value":"//table[contains(@id, \"massStateChangeTable-listUl\")]/tbody/tr[1]/td[11]/div/div/div/div[2]/span"}
RESULT: {"using":"xpath","value":"//table[contains(@id, \"massStateChangeTable-listUl\")]/tbody/tr[1]/td[11]/div/div/div/div[2]/span"}
COMMAND: POST /session/eba1f4137d59e17012d733eb998fae51/element/f.7AE0A9E4E389AFF4A1B7A60F0CE9C65F.d.9500C787CCD83BC5DAF6A7773221E60A.e.1148/click - {}
RESULT: {}
COMMAND: GET /session/eba1f4137d59e17012d733eb998fae51/screenshot - {}
RESULT: {}
COMMAND: POST /session/eba1f4137d59e17012d733eb998fae51/element - {"using":"xpath","value":"//table[contains(@id, \"massStateChangeTable-listUl\")]/tbody/tr[1]/td[11]/div/div/div/div[2]/span"}
RESULT: {"using":"xpath","value":"//table[contains(@id, \"massStateChangeTable-listUl\")]/tbody/tr[1]/td[11]/div/div/div/div[2]/span"}
COMMAND: POST /session/eba1f4137d59e17012d733eb998fae51/element/f.7AE0A9E4E389AFF4A1B7A60F0CE9C65F.d.9500C787CCD83BC5DAF6A7773221E60A.e.1148/click - {}
RESULT: {}
COMMAND: GET /session/eba1f4137d59e17012d733eb998fae51/screenshot - {}
RESULT: {}
COMMAND: POST /session/eba1f4137d59e17012d733eb998fae51/element - {"using":"xpath","value":"//table[contains(@id, \"massStateChangeTable-listUl\")]/tbody/tr[1]/td[11]/div/div/div/div[2]/span"}
RESULT: {"using":"xpath","value":"//table[contains(@id, \"massStateChangeTable-listUl\")]/tbody/tr[1]/td[11]/div/div/div/div[2]/span"}
COMMAND: POST /session/eba1f4137d59e17012d733eb998fae51/element/f.7AE0A9E4E389AFF4A1B7A60F0CE9C65F.d.9500C787CCD83BC5DAF6A7773221E60A.e.1148/click - {}
RESULT: {}
COMMAND: GET /session/eba1f4137d59e17012d733eb998fae51/screenshot - {}
RESULT: {}
COMMAND: POST /session/eba1f4137d59e17012d733eb998fae51/element - {"using":"xpath","value":"//table[contains(@id, \"massStateChangeTable-listUl\")]/tbody/tr[1]/td[11]/div/div/div/div[2]/span"}
RESULT: {"using":"xpath","value":"//table[contains(@id, \"massStateChangeTable-listUl\")]/tbody/tr[1]/td[11]/div/div/div/div[2]/span"}
COMMAND: POST /session/eba1f4137d59e17012d733eb998fae51/element/f.7AE0A9E4E389AFF4A1B7A60F0CE9C65F.d.9500C787CCD83BC5DAF6A7773221E60A.e.1148/click - {}
RESULT: {}
COMMAND: GET /session/eba1f4137d59e17012d733eb998fae51/screenshot - {}
RESULT: {}
COMMAND: POST /session/eba1f4137d59e17012d733eb998fae51/element - {"using":"xpath","value":"//table[contains(@id, \"massStateChangeTable-listUl\")]/tbody/tr[1]/td[11]/div/div/div/div[2]/span"}
RESULT: {"using":"xpath","value":"//table[contains(@id, \"massStateChangeTable-listUl\")]/tbody/tr[1]/td[11]/div/div/div/div[2]/span"}
COMMAND: POST /session/eba1f4137d59e17012d733eb998fae51/element/f.7AE0A9E4E389AFF4A1B7A60F0CE9C65F.d.9500C787CCD83BC5DAF6A7773221E60A.e.1148/click - {}
RESULT: {}
COMMAND: GET /session/eba1f4137d59e17012d733eb998fae51/screenshot - {}
RESULT: {}
COMMAND: POST /session/eba1f4137d59e17012d733eb998fae51/element - {"using":"xpath","value":"//table[contains(@id, \"massStateChangeTable-listUl\")]/tbody/tr[1]/td[11]/div/div/div/div[2]/span"}
RESULT: {"using":"xpath","value":"//table[contains(@id, \"massStateChangeTable-listUl\")]/tbody/tr[1]/td[11]/div/div/div/div[2]/span"}
COMMAND: POST /session/eba1f4137d59e17012d733eb998fae51/element/f.7AE0A9E4E389AFF4A1B7A60F0CE9C65F.d.9500C787CCD83BC5DAF6A7773221E60A.e.1148/click - {}
RESULT: {}
COMMAND: GET /session/eba1f4137d59e17012d733eb998fae51/screenshot - {}
RESULT: {}
COMMAND: POST /session/eba1f4137d59e17012d733eb998fae51/element - {"using":"xpath","value":"//table[contains(@id, \"massStateChangeTable-listUl\")]/tbody/tr[1]/td[11]/div/div/div/div[2]/span"}
RESULT: {"using":"xpath","value":"//table[contains(@id, \"massStateChangeTable-listUl\")]/tbody/tr[1]/td[11]/div/div/div/div[2]/span"}
COMMAND: POST /session/eba1f4137d59e17012d733eb998fae51/element/f.7AE0A9E4E389AFF4A1B7A60F0CE9C65F.d.9500C787CCD83BC5DAF6A7773221E60A.e.1148/click - {}
RESULT: {}
COMMAND: GET /session/eba1f4137d59e17012d733eb998fae51/screenshot - {}
RESULT: {}
COMMAND: POST /session/eba1f4137d59e17012d733eb998fae51/element - {"using":"xpath","value":"//table[contains(@id, \"massStateChangeTable-listUl\")]/tbody/tr[1]/td[11]/div/div/div/div[2]/span"}
RESULT: {"using":"xpath","value":"//table[contains(@id, \"massStateChangeTable-listUl\")]/tbody/tr[1]/td[11]/div/div/div/div[2]/span"}
COMMAND: POST /session/eba1f4137d59e17012d733eb998fae51/element/f.7AE0A9E4E389AFF4A1B7A60F0CE9C65F.d.9500C787CCD83BC5DAF6A7773221E60A.e.1148/click - {}
RESULT: {}
COMMAND: GET /session/eba1f4137d59e17012d733eb998fae51/screenshot - {}
RESULT: {}
COMMAND: POST /session/eba1f4137d59e17012d733eb998fae51/element - {"using":"xpath","value":"//table[contains(@id, \"massStateChangeTable-listUl\")]/tbody/tr[1]/td[11]/div/div/div/div[2]/span"}
RESULT: {"using":"xpath","value":"//table[contains(@id, \"massStateChangeTable-listUl\")]/tbody/tr[1]/td[11]/div/div/div/div[2]/span"}
COMMAND: POST /session/eba1f4137d59e17012d733eb998fae51/element/f.7AE0A9E4E389AFF4A1B7A60F0CE9C65F.d.9500C787CCD83BC5DAF6A7773221E60A.e.1148/click - {}
RESULT: {}
COMMAND: GET /session/eba1f4137d59e17012d733eb998fae51/screenshot - {}
RESULT: {}
COMMAND: POST /session/eba1f4137d59e17012d733eb998fae51/element - {"using":"xpath","value":"//table[contains(@id, \"massStateChangeTable-listUl\")]/tbody/tr[1]/td[11]/div/div/div/div[2]/span"}
RESULT: {"using":"xpath","value":"//table[contains(@id, \"massStateChangeTable-listUl\")]/tbody/tr[1]/td[11]/div/div/div/div[2]/span"}
COMMAND: POST /session/eba1f4137d59e17012d733eb998fae51/element/f.7AE0A9E4E389AFF4A1B7A60F0CE9C65F.d.9500C787CCD83BC5DAF6A7773221E60A.e.1148/click - {}
RESULT: {}
COMMAND: GET /session/eba1f4137d59e17012d733eb998fae51/screenshot - {}
RESULT: {}
COMMAND: POST /session/eba1f4137d59e17012d733eb998fae51/element - {"using":"xpath","value":"//table[contains(@id, \"massStateChangeTable-listUl\")]/tbody/tr[1]/td[11]/div/div/div/div[2]/span"}
RESULT: {"using":"xpath","value":"//table[contains(@id, \"massStateChangeTable-listUl\")]/tbody/tr[1]/td[11]/div/div/div/div[2]/span"}
COMMAND: POST /session/eba1f4137d59e17012d733eb998fae51/element/f.7AE0A9E4E389AFF4A1B7A60F0CE9C65F.d.9500C787CCD83BC5DAF6A7773221E60A.e.1148/click - {}
RESULT: {}
COMMAND: GET /session/eba1f4137d59e17012d733eb998fae51/screenshot - {}
RESULT: {}
COMMAND: POST /session/eba1f4137d59e17012d733eb998fae51/element - {"using":"xpath","value":"//table[contains(@id, \"massStateChangeTable-listUl\")]/tbody/tr[1]/td[11]/div/div/div/div[2]/span"}
RESULT: {"using":"xpath","value":"//table[contains(@id, \"massStateChangeTable-listUl\")]/tbody/tr[1]/td[11]/div/div/div/div[2]/span"}
COMMAND: POST /session/eba1f4137d59e17012d733eb998fae51/element/f.7AE0A9E4E389AFF4A1B7A60F0CE9C65F.d.9500C787CCD83BC5DAF6A7773221E60A.e.1148/click - {}
RESULT: {}
COMMAND: GET /session/eba1f4137d59e17012d733eb998fae51/screenshot - {}
RESULT: {}
COMMAND: POST /session/eba1f4137d59e17012d733eb998fae51/element - {"using":"xpath","value":"//table[contains(@id, \"massStateChangeTable-listUl\")]/tbody/tr[1]/td[11]/div/div/div/div[2]/span"}
RESULT: {"using":"xpath","value":"//table[contains(@id, \"massStateChangeTable-listUl\")]/tbody/tr[1]/td[11]/div/div/div/div[2]/span"}
COMMAND: POST /session/eba1f4137d59e17012d733eb998fae51/element/f.7AE0A9E4E389AFF4A1B7A60F0CE9C65F.d.9500C787CCD83BC5DAF6A7773221E60A.e.1148/click - {}
RESULT: {}
COMMAND: GET /session/eba1f4137d59e17012d733eb998fae51/screenshot - {}
RESULT: {}
COMMAND: POST /session/eba1f4137d59e17012d733eb998fae51/element - {"using":"xpath","value":"//table[contains(@id, \"massStateChangeTable-listUl\")]/tbody/tr[1]/td[11]/div/div/div/div[2]/span"}
RESULT: {"using":"xpath","value":"//table[contains(@id, \"massStateChangeTable-listUl\")]/tbody/tr[1]/td[11]/div/div/div/div[2]/span"}
COMMAND: POST /session/eba1f4137d59e17012d733eb998fae51/element/f.7AE0A9E4E389AFF4A1B7A60F0CE9C65F.d.9500C787CCD83BC5DAF6A7773221E60A.e.1148/click - {}
RESULT: {}
COMMAND: GET /session/eba1f4137d59e17012d733eb998fae51/screenshot - {}
RESULT: {}
COMMAND: POST /session/eba1f4137d59e17012d733eb998fae51/element - {"using":"xpath","value":"//table[contains(@id, \"massStateChangeTable-listUl\")]/tbody/tr[1]/td[11]/div/div/div/div[2]/span"}
RESULT: {"using":"xpath","value":"//table[contains(@id, \"massStateChangeTable-listUl\")]/tbody/tr[1]/td[11]/div/div/div/div[2]/span"}
COMMAND: POST /session/eba1f4137d59e17012d733eb998fae51/element/f.7AE0A9E4E389AFF4A1B7A60F0CE9C65F.d.9500C787CCD83BC5DAF6A7773221E60A.e.1148/click - {}
RESULT: {}
COMMAND: GET /session/eba1f4137d59e17012d733eb998fae51/screenshot - {}
RESULT: {}
COMMAND: POST /session/eba1f4137d59e17012d733eb998fae51/element - {"using":"xpath","value":"//table[contains(@id, \"massStateChangeTable-listUl\")]/tbody/tr[1]/td[11]/div/div/div/div[2]/span"}
RESULT: {"using":"xpath","value":"//table[contains(@id, \"massStateChangeTable-listUl\")]/tbody/tr[1]/td[11]/div/div/div/div[2]/span"}
COMMAND: POST /session/eba1f4137d59e17012d733eb998fae51/element/f.7AE0A9E4E389AFF4A1B7A60F0CE9C65F.d.9500C787CCD83BC5DAF6A7773221E60A.e.1148/click - {}
RESULT: {}
COMMAND: GET /session/eba1f4137d59e17012d733eb998fae51/screenshot - {}
RESULT: {}
COMMAND: POST /session/eba1f4137d59e17012d733eb998fae51/element - {"using":"xpath","value":"//table[contains(@id, \"massStateChangeTable-listUl\")]/tbody/tr[1]/td[11]/div/div/div/div[2]/span"}
RESULT: {"using":"xpath","value":"//table[contains(@id, \"massStateChangeTable-listUl\")]/tbody/tr[1]/td[11]/div/div/div/div[2]/span"}
COMMAND: POST /session/eba1f4137d59e17012d733eb998fae51/element/f.7AE0A9E4E389AFF4A1B7A60F0CE9C65F.d.9500C787CCD83BC5DAF6A7773221E60A.e.1148/click - {}
RESULT: {}
COMMAND: GET /session/eba1f4137d59e17012d733eb998fae51/screenshot - {}
RESULT: {}
COMMAND: POST /session/eba1f4137d59e17012d733eb998fae51/element - {"using":"xpath","value":"//table[contains(@id, \"massStateChangeTable-listUl\")]/tbody/tr[1]/td[11]/div/div/div/div[2]/span"}
RESULT: {"using":"xpath","value":"//table[contains(@id, \"massStateChangeTable-listUl\")]/tbody/tr[1]/td[11]/div/div/div/div[2]/span"}
COMMAND: POST /session/eba1f4137d59e17012d733eb998fae51/element/f.7AE0A9E4E389AFF4A1B7A60F0CE9C65F.d.9500C787CCD83BC5DAF6A7773221E60A.e.1148/click - {}
RESULT: {}
COMMAND: GET /session/eba1f4137d59e17012d733eb998fae51/screenshot - {}
RESULT: {}
COMMAND: POST /session/eba1f4137d59e17012d733eb998fae51/element - {"using":"xpath","value":"//table[contains(@id, \"massStateChangeTable-listUl\")]/tbody/tr[1]/td[11]/div/div/div/div[2]/span"}
RESULT: {"using":"xpath","value":"//table[contains(@id, \"massStateChangeTable-listUl\")]/tbody/tr[1]/td[11]/div/div/div/div[2]/span"}
COMMAND: POST /session/eba1f4137d59e17012d733eb998fae51/element/f.7AE0A9E4E389AFF4A1B7A60F0CE9C65F.d.9500C787CCD83BC5DAF6A7773221E60A.e.1148/click - {}
RESULT: {}
COMMAND: GET /session/eba1f4137d59e17012d733eb998fae51/screenshot - {}
RESULT: {}
COMMAND: POST /session/eba1f4137d59e17012d733eb998fae51/element - {"using":"xpath","value":"//table[contains(@id, \"massStateChangeTable-listUl\")]/tbody/tr[1]/td[11]/div/div/div/div[2]/span"}
RESULT: {"using":"xpath","value":"//table[contains(@id, \"massStateChangeTable-listUl\")]/tbody/tr[1]/td[11]/div/div/div/div[2]/span"}
COMMAND: POST /session/eba1f4137d59e17012d733eb998fae51/element/f.7AE0A9E4E389AFF4A1B7A60F0CE9C65F.d.9500C787CCD83BC5DAF6A7773221E60A.e.1148/click - {}
RESULT: {}
COMMAND: GET /session/eba1f4137d59e17012d733eb998fae51/screenshot - {}
RESULT: {}
COMMAND: POST /session/eba1f4137d59e17012d733eb998fae51/element - {"using":"xpath","value":"//table[contains(@id, \"massStateChangeTable-listUl\")]/tbody/tr[1]/td[11]/div/div/div/div[2]/span"}
RESULT: {"using":"xpath","value":"//table[contains(@id, \"massStateChangeTable-listUl\")]/tbody/tr[1]/td[11]/div/div/div/div[2]/span"}
COMMAND: POST /session/eba1f4137d59e17012d733eb998fae51/element/f.7AE0A9E4E389AFF4A1B7A60F0CE9C65F.d.9500C787CCD83BC5DAF6A7773221E60A.e.1148/click - {}
RESULT: {}
COMMAND: GET /session/eba1f4137d59e17012d733eb998fae51/screenshot - {}
RESULT: {}
COMMAND: POST /session/eba1f4137d59e17012d733eb998fae51/element - {"using":"xpath","value":"//table[contains(@id, \"massStateChangeTable-listUl\")]/tbody/tr[1]/td[11]/div/div/div/div[2]/span"}
RESULT: {"using":"xpath","value":"//table[contains(@id, \"massStateChangeTable-listUl\")]/tbody/tr[1]/td[11]/div/div/div/div[2]/span"}
COMMAND: POST /session/eba1f4137d59e17012d733eb998fae51/element/f.7AE0A9E4E389AFF4A1B7A60F0CE9C65F.d.9500C787CCD83BC5DAF6A7773221E60A.e.1148/click - {}
RESULT: {}
COMMAND: GET /session/eba1f4137d59e17012d733eb998fae51/screenshot - {}
RESULT: {}
COMMAND: POST /session/eba1f4137d59e17012d733eb998fae51/element - {"using":"xpath","value":"//table[contains(@id, \"massStateChangeTable-listUl\")]/tbody/tr[1]/td[11]/div/div/div/div[2]/span"}
RESULT: {"using":"xpath","value":"//table[contains(@id, \"massStateChangeTable-listUl\")]/tbody/tr[1]/td[11]/div/div/div/div[2]/span"}
COMMAND: POST /session/eba1f4137d59e17012d733eb998fae51/element/f.7AE0A9E4E389AFF4A1B7A60F0CE9C65F.d.9500C787CCD83BC5DAF6A7773221E60A.e.1148/click - {}
RESULT: {}
COMMAND: GET /session/eba1f4137d59e17012d733eb998fae51/screenshot - {}
RESULT: {}
COMMAND: POST /session/eba1f4137d59e17012d733eb998fae51/element - {"using":"xpath","value":"//table[contains(@id, \"massStateChangeTable-listUl\")]/tbody/tr[1]/td[11]/div/div/div/div[2]/span"}
RESULT: {"using":"xpath","value":"//table[contains(@id, \"massStateChangeTable-listUl\")]/tbody/tr[1]/td[11]/div/div/div/div[2]/span"}
COMMAND: POST /session/eba1f4137d59e17012d733eb998fae51/element/f.7AE0A9E4E389AFF4A1B7A60F0CE9C65F.d.9500C787CCD83BC5DAF6A7773221E60A.e.1148/click - {}
RESULT: {}
COMMAND: GET /session/eba1f4137d59e17012d733eb998fae51/screenshot - {}
RESULT: {}
COMMAND: POST /session/eba1f4137d59e17012d733eb998fae51/element - {"using":"xpath","value":"//table[contains(@id, \"massStateChangeTable-listUl\")]/tbody/tr[1]/td[11]/div/div/div/div[2]/span"}
RESULT: {"using":"xpath","value":"//table[contains(@id, \"massStateChangeTable-listUl\")]/tbody/tr[1]/td[11]/div/div/div/div[2]/span"}
COMMAND: POST /session/eba1f4137d59e17012d733eb998fae51/element/f.7AE0A9E4E389AFF4A1B7A60F0CE9C65F.d.9500C787CCD83BC5DAF6A7773221E60A.e.1148/click - {}
RESULT: {}
COMMAND: GET /session/eba1f4137d59e17012d733eb998fae51/screenshot - {}
RESULT: {}
COMMAND: POST /session/eba1f4137d59e17012d733eb998fae51/element - {"using":"xpath","value":"//table[contains(@id, \"massStateChangeTable-listUl\")]/tbody/tr[1]/td[11]/div/div/div/div[2]/span"}
RESULT: {"using":"xpath","value":"//table[contains(@id, \"massStateChangeTable-listUl\")]/tbody/tr[1]/td[11]/div/div/div/div[2]/span"}
COMMAND: POST /session/eba1f4137d59e17012d733eb998fae51/element/f.7AE0A9E4E389AFF4A1B7A60F0CE9C65F.d.9500C787CCD83BC5DAF6A7773221E60A.e.1148/click - {}
RESULT: {}
COMMAND: GET /session/eba1f4137d59e17012d733eb998fae51/screenshot - {}
RESULT: {}
COMMAND: POST /session/eba1f4137d59e17012d733eb998fae51/element - {"using":"xpath","value":"//table[contains(@id, \"massStateChangeTable-listUl\")]/tbody/tr[1]/td[11]/div/div/div/div[2]/span"}
RESULT: {"using":"xpath","value":"//table[contains(@id, \"massStateChangeTable-listUl\")]/tbody/tr[1]/td[11]/div/div/div/div[2]/span"}
COMMAND: POST /session/eba1f4137d59e17012d733eb998fae51/element/f.7AE0A9E4E389AFF4A1B7A60F0CE9C65F.d.9500C787CCD83BC5DAF6A7773221E60A.e.1148/click - {}
RESULT: {}
COMMAND: GET /session/eba1f4137d59e17012d733eb998fae51/screenshot - {}
RESULT: {}
COMMAND: POST /session/eba1f4137d59e17012d733eb998fae51/element - {"using":"xpath","value":"//table[contains(@id, \"massStateChangeTable-listUl\")]/tbody/tr[1]/td[11]/div/div/div/div[2]/span"}
RESULT: {"using":"xpath","value":"//table[contains(@id, \"massStateChangeTable-listUl\")]/tbody/tr[1]/td[11]/div/div/div/div[2]/span"}
COMMAND: POST /session/eba1f4137d59e17012d733eb998fae51/element/f.7AE0A9E4E389AFF4A1B7A60F0CE9C65F.d.9500C787CCD83BC5DAF6A7773221E60A.e.1148/click - {}
RESULT: {}
COMMAND: GET /session/eba1f4137d59e17012d733eb998fae51/screenshot - {}
RESULT: {}
COMMAND: POST /session/eba1f4137d59e17012d733eb998fae51/element - {"using":"xpath","value":"//table[contains(@id, \"massStateChangeTable-listUl\")]/tbody/tr[1]/td[11]/div/div/div/div[2]/span"}
RESULT: {"using":"xpath","value":"//table[contains(@id, \"massStateChangeTable-listUl\")]/tbody/tr[1]/td[11]/div/div/div/div[2]/span"}
COMMAND: POST /session/eba1f4137d59e17012d733eb998fae51/element/f.7AE0A9E4E389AFF4A1B7A60F0CE9C65F.d.9500C787CCD83BC5DAF6A7773221E60A.e.1148/click - {}
RESULT: {}
COMMAND: GET /session/eba1f4137d59e17012d733eb998fae51/screenshot - {}
RESULT: {}
COMMAND: POST /session/eba1f4137d59e17012d733eb998fae51/element - {"using":"xpath","value":"//table[contains(@id, \"massStateChangeTable-listUl\")]/tbody/tr[1]/td[11]/div/div/div/div[2]/span"}
RESULT: {"using":"xpath","value":"//table[contains(@id, \"massStateChangeTable-listUl\")]/tbody/tr[1]/td[11]/div/div/div/div[2]/span"}
COMMAND: POST /session/eba1f4137d59e17012d733eb998fae51/element/f.7AE0A9E4E389AFF4A1B7A60F0CE9C65F.d.9500C787CCD83BC5DAF6A7773221E60A.e.1148/click - {}
RESULT: {}
COMMAND: GET /session/eba1f4137d59e17012d733eb998fae51/screenshot - {}
RESULT: {}
COMMAND: POST /session/eba1f4137d59e17012d733eb998fae51/element - {"using":"xpath","value":"//table[contains(@id, \"massStateChangeTable-listUl\")]/tbody/tr[1]/td[11]/div/div/div/div[2]/span"}
RESULT: {"using":"xpath","value":"//table[contains(@id, \"massStateChangeTable-listUl\")]/tbody/tr[1]/td[11]/div/div/div/div[2]/span"}
COMMAND: POST /session/eba1f4137d59e17012d733eb998fae51/element/f.7AE0A9E4E389AFF4A1B7A60F0CE9C65F.d.9500C787CCD83BC5DAF6A7773221E60A.e.1148/click - {}
RESULT: {}
COMMAND: GET /session/eba1f4137d59e17012d733eb998fae51/screenshot - {}
RESULT: {}
COMMAND: POST /session/eba1f4137d59e17012d733eb998fae51/element - {"using":"xpath","value":"//table[contains(@id, \"massStateChangeTable-listUl\")]/tbody/tr[1]/td[11]/div/div/div/div[2]/span"}
RESULT: {"using":"xpath","value":"//table[contains(@id, \"massStateChangeTable-listUl\")]/tbody/tr[1]/td[11]/div/div/div/div[2]/span"}
COMMAND: POST /session/eba1f4137d59e17012d733eb998fae51/element/f.7AE0A9E4E389AFF4A1B7A60F0CE9C65F.d.9500C787CCD83BC5DAF6A7773221E60A.e.1148/click - {}
RESULT: {}
COMMAND: GET /session/eba1f4137d59e17012d733eb998fae51/screenshot - {}
RESULT: {}
COMMAND: POST /session/eba1f4137d59e17012d733eb998fae51/element - {"using":"xpath","value":"//table[contains(@id, \"massStateChangeTable-listUl\")]/tbody/tr[1]/td[11]/div/div/div/div[2]/span"}
RESULT: {"using":"xpath","value":"//table[contains(@id, \"massStateChangeTable-listUl\")]/tbody/tr[1]/td[11]/div/div/div/div[2]/span"}
COMMAND: POST /session/eba1f4137d59e17012d733eb998fae51/element/f.7AE0A9E4E389AFF4A1B7A60F0CE9C65F.d.9500C787CCD83BC5DAF6A7773221E60A.e.1148/click - {}
RESULT: {}
COMMAND: GET /session/eba1f4137d59e17012d733eb998fae51/screenshot - {}
RESULT: {}
COMMAND: POST /session/eba1f4137d59e17012d733eb998fae51/element - {"using":"xpath","value":"//table[contains(@id, \"massStateChangeTable-listUl\")]/tbody/tr[1]/td[11]/div/div/div/div[2]/span"}
RESULT: {"using":"xpath","value":"//table[contains(@id, \"massStateChangeTable-listUl\")]/tbody/tr[1]/td[11]/div/div/div/div[2]/span"}
COMMAND: POST /session/eba1f4137d59e17012d733eb998fae51/element/f.7AE0A9E4E389AFF4A1B7A60F0CE9C65F.d.9500C787CCD83BC5DAF6A7773221E60A.e.1148/click - {}
RESULT: {}
COMMAND: GET /session/eba1f4137d59e17012d733eb998fae51/screenshot - {}
RESULT: {}
COMMAND: POST /session/eba1f4137d59e17012d733eb998fae51/element - {"using":"xpath","value":"//table[contains(@id, \"massStateChangeTable-listUl\")]/tbody/tr[1]/td[11]/div/div/div/div[2]/span"}
RESULT: {"using":"xpath","value":"//table[contains(@id, \"massStateChangeTable-listUl\")]/tbody/tr[1]/td[11]/div/div/div/div[2]/span"}
COMMAND: POST /session/eba1f4137d59e17012d733eb998fae51/element/f.7AE0A9E4E389AFF4A1B7A60F0CE9C65F.d.9500C787CCD83BC5DAF6A7773221E60A.e.1148/click - {}
RESULT: {}
COMMAND: GET /session/eba1f4137d59e17012d733eb998fae51/screenshot - {}
RESULT: {}
COMMAND: POST /session/eba1f4137d59e17012d733eb998fae51/element - {"using":"xpath","value":"//table[contains(@id, \"massStateChangeTable-listUl\")]/tbody/tr[1]/td[11]/div/div/div/div[2]/span"}
RESULT: {"using":"xpath","value":"//table[contains(@id, \"massStateChangeTable-listUl\")]/tbody/tr[1]/td[11]/div/div/div/div[2]/span"}
COMMAND: POST /session/eba1f4137d59e17012d733eb998fae51/element/f.7AE0A9E4E389AFF4A1B7A60F0CE9C65F.d.9500C787CCD83BC5DAF6A7773221E60A.e.1148/click - {}
RESULT: {}
COMMAND: GET /session/eba1f4137d59e17012d733eb998fae51/screenshot - {}
RESULT: {}
COMMAND: POST /session/eba1f4137d59e17012d733eb998fae51/element - {"using":"xpath","value":"//table[contains(@id, \"massStateChangeTable-listUl\")]/tbody/tr[1]/td[11]/div/div/div/div[2]/span"}
RESULT: {"using":"xpath","value":"//table[contains(@id, \"massStateChangeTable-listUl\")]/tbody/tr[1]/td[11]/div/div/div/div[2]/span"}
COMMAND: POST /session/eba1f4137d59e17012d733eb998fae51/element/f.7AE0A9E4E389AFF4A1B7A60F0CE9C65F.d.9500C787CCD83BC5DAF6A7773221E60A.e.1148/click - {}
RESULT: {}
COMMAND: GET /session/eba1f4137d59e17012d733eb998fae51/screenshot - {}
RESULT: {}
COMMAND: POST /session/eba1f4137d59e17012d733eb998fae51/element - {"using":"xpath","value":"//table[contains(@id, \"massStateChangeTable-listUl\")]/tbody/tr[1]/td[11]/div/div/div/div[2]/span"}
RESULT: {"using":"xpath","value":"//table[contains(@id, \"massStateChangeTable-listUl\")]/tbody/tr[1]/td[11]/div/div/div/div[2]/span"}
COMMAND: POST /session/eba1f4137d59e17012d733eb998fae51/element/f.7AE0A9E4E389AFF4A1B7A60F0CE9C65F.d.9500C787CCD83BC5DAF6A7773221E60A.e.1148/click - {}
RESULT: {}
COMMAND: GET /session/eba1f4137d59e17012d733eb998fae51/screenshot - {}
RESULT: {}
COMMAND: POST /session/eba1f4137d59e17012d733eb998fae51/element - {"using":"xpath","value":"//table[contains(@id, \"massStateChangeTable-listUl\")]/tbody/tr[1]/td[11]/div/div/div/div[2]/span"}
RESULT: {"using":"xpath","value":"//table[contains(@id, \"massStateChangeTable-listUl\")]/tbody/tr[1]/td[11]/div/div/div/div[2]/span"}
COMMAND: POST /session/eba1f4137d59e17012d733eb998fae51/element/f.7AE0A9E4E389AFF4A1B7A60F0CE9C65F.d.9500C787CCD83BC5DAF6A7773221E60A.e.1148/click - {}
RESULT: {}
COMMAND: GET /session/eba1f4137d59e17012d733eb998fae51/screenshot - {}
RESULT: {}
COMMAND: POST /session/eba1f4137d59e17012d733eb998fae51/element - {"using":"xpath","value":"//table[contains(@id, \"massStateChangeTable-listUl\")]/tbody/tr[1]/td[11]/div/div/div/div[2]/span"}
RESULT: {"using":"xpath","value":"//table[contains(@id, \"massStateChangeTable-listUl\")]/tbody/tr[1]/td[11]/div/div/div/div[2]/span"}
COMMAND: POST /session/eba1f4137d59e17012d733eb998fae51/element/f.7AE0A9E4E389AFF4A1B7A60F0CE9C65F.d.9500C787CCD83BC5DAF6A7773221E60A.e.1148/click - {}
RESULT: {}
COMMAND: GET /session/eba1f4137d59e17012d733eb998fae51/screenshot - {}
RESULT: {}
COMMAND: POST /session/eba1f4137d59e17012d733eb998fae51/element - {"using":"xpath","value":"//table[contains(@id, \"massStateChangeTable-listUl\")]/tbody/tr[1]/td[11]/div/div/div/div[2]/span"}
RESULT: {"using":"xpath","value":"//table[contains(@id, \"massStateChangeTable-listUl\")]/tbody/tr[1]/td[11]/div/div/div/div[2]/span"}
COMMAND: POST /session/eba1f4137d59e17012d733eb998fae51/element/f.7AE0A9E4E389AFF4A1B7A60F0CE9C65F.d.9500C787CCD83BC5DAF6A7773221E60A.e.1148/click - {}
RESULT: {}
COMMAND: GET /session/eba1f4137d59e17012d733eb998fae51/screenshot - {}
RESULT: {}
COMMAND: POST /session/eba1f4137d59e17012d733eb998fae51/element - {"using":"xpath","value":"//table[contains(@id, \"massStateChangeTable-listUl\")]/tbody/tr[1]/td[11]/div/div/div/div[2]/span"}
RESULT: {"using":"xpath","value":"//table[contains(@id, \"massStateChangeTable-listUl\")]/tbody/tr[1]/td[11]/div/div/div/div[2]/span"}
COMMAND: POST /session/eba1f4137d59e17012d733eb998fae51/element/f.7AE0A9E4E389AFF4A1B7A60F0CE9C65F.d.9500C787CCD83BC5DAF6A7773221E60A.e.1148/click - {}
RESULT: {}
COMMAND: GET /session/eba1f4137d59e17012d733eb998fae51/screenshot - {}
RESULT: {}
COMMAND: POST /session/eba1f4137d59e17012d733eb998fae51/element - {"using":"xpath","value":"//table[contains(@id, \"massStateChangeTable-listUl\")]/tbody/tr[2]/td[11]/div/div/div/div[2]/span"}
RESULT: {"using":"xpath","value":"//table[contains(@id, \"massStateChangeTable-listUl\")]/tbody/tr[2]/td[11]/div/div/div/div[2]/span"}
COMMAND: POST /session/eba1f4137d59e17012d733eb998fae51/element/f.7AE0A9E4E389AFF4A1B7A60F0CE9C65F.d.9500C787CCD83BC5DAF6A7773221E60A.e.1149/click - {}
RESULT: {}
COMMAND: GET /session/eba1f4137d59e17012d733eb998fae51/screenshot - {}
RESULT: {}
COMMAND: POST /session/eba1f4137d59e17012d733eb998fae51/element - {"using":"xpath","value":"//table[contains(@id, \"massStateChangeTable-listUl\")]/tbody/tr[1]/td[11]/div/div/div/input"}
RESULT: {"using":"xpath","value":"//table[contains(@id, \"massStateChangeTable-listUl\")]/tbody/tr[1]/td[11]/div/div/div/input"}
COMMAND: GET /session/eba1f4137d59e17012d733eb998fae51/element/f.7AE0A9E4E389AFF4A1B7A60F0CE9C65F.d.9500C787CCD83BC5DAF6A7773221E60A.e.1128/property/value - {}
RESULT: {}
COMMAND: POST /session/eba1f4137d59e17012d733eb998fae51/element - {"using":"xpath","value":"//table[contains(@id, \"massStateChangeTable-listUl\")]/tbody/tr[2]/td[11]/div/div/div/input"}
COMMAND: GET /session/eba1f4137d59e17012d733eb998fae51/screenshot - {}
RESULT: {"using":"xpath","value":"//table[contains(@id, \"massStateChangeTable-listUl\")]/tbody/tr[2]/td[11]/div/div/div/input"}
COMMAND: GET /session/eba1f4137d59e17012d733eb998fae51/element/f.7AE0A9E4E389AFF4A1B7A60F0CE9C65F.d.9500C787CCD83BC5DAF6A7773221E60A.e.1132/property/value - {}
RESULT: {}
RESULT: {}
COMMAND: POST /session/eba1f4137d59e17012d733eb998fae51/element - {"using":"xpath","value":"(//bdi[contains(text(), \"OK\")])[1]"}
COMMAND: GET /session/eba1f4137d59e17012d733eb998fae51/screenshot - {}
RESULT: {"using":"xpath","value":"(//bdi[contains(text(), \"OK\")])[1]"}
COMMAND: POST /session/eba1f4137d59e17012d733eb998fae51/element/f.7AE0A9E4E389AFF4A1B7A60F0CE9C65F.d.9500C787CCD83BC5DAF6A7773221E60A.e.1135/click - {}
RESULT: {}
RESULT: {}
COMMAND: GET /session/eba1f4137d59e17012d733eb998fae51/screenshot - {}
RESULT: {}
COMMAND: POST /session/eba1f4137d59e17012d733eb998fae51/element - {"using":"xpath","value":"(//bdi[contains(text(), \"OK\")])[2]"}
RESULT: {"using":"xpath","value":"(//bdi[contains(text(), \"OK\")])[2]"}
COMMAND: POST /session/eba1f4137d59e17012d733eb998fae51/element/f.7AE0A9E4E389AFF4A1B7A60F0CE9C65F.d.9500C787CCD83BC5DAF6A7773221E60A.e.1151/click - {}
RESULT: {}
COMMAND: GET /session/eba1f4137d59e17012d733eb998fae51/screenshot - {}
RESULT: {}
RESULT: undefined
COMMAND: POST /session/eba1f4137d59e17012d733eb998fae51/execute/async - {"script":"<script> [776 bytes]","args":[{"enterText":"600002","selector":{"id":"application-ruinventorylist-display-component---Master--smartFilterBar-btnBasicSearch","interaction":{"idSuffix":"I"}},"clearTextFirst":true,"interactionType":"ENTER_TEXT"}]}
RESULT: {"script":"<script> [776 bytes]","args":[{"enterText":"600002","selector":{"id":"application-ruinventorylist-display-component---Master--smartFilterBar-btnBasicSearch","interaction":{"idSuffix":"I"}},"clearTextFirst":true,"interactionType":"ENTER_TEXT"}]}
COMMAND: POST /session/eba1f4137d59e17012d733eb998fae51/actions - {"actions":[{"id":"action5","type":"key","parameters":{},"actions":[{"type":"keyDown","value":""},{"type":"pause","duration":10},{"type":"keyUp","value":""}]}]}
RESULT: {"actions":[{"id":"action5","type":"key","parameters":{},"actions":[{"type":"keyDown","value":""},{"type":"pause","duration":10},{"type":"keyUp","value":""}]}]}
COMMAND: GET /session/eba1f4137d59e17012d733eb998fae51/screenshot - {}
RESULT: {}
COMMAND: POST /session/eba1f4137d59e17012d733eb998fae51/element - {"using":"xpath","value":"//span[@id=\"application-ruinventorylist-display-component---Master--smartTableRuInventoryList-header-inner\"]"}
RESULT: {"using":"xpath","value":"//span[@id=\"application-ruinventorylist-display-component---Master--smartTableRuInventoryList-header-inner\"]"}
COMMAND: POST /session/eba1f4137d59e17012d733eb998fae51/elements - {"using":"xpath","value":"//span[@id=\"application-ruinventorylist-display-component---Master--smartTableRuInventoryList-header-inner\"]"}
RESULT: {"using":"xpath","value":"//span[@id=\"application-ruinventorylist-display-component---Master--smartTableRuInventoryList-header-inner\"]"}
COMMAND: POST /session/eba1f4137d59e17012d733eb998fae51/execute/sync - {"script":"<script> [56 bytes]","args":[{"element-6066-11e4-a52e-4f735466cecf":"f.7AE0A9E4E389AFF4A1B7A60F0CE9C65F.d.9500C787CCD83BC5DAF6A7773221E60A.e.789","ELEMENT":"f.7AE0A9E4E389AFF4A1B7A60F0CE9C65F.d.9500C787CCD83BC5DAF6A7773221E60A.e.789"}]}
RESULT: {"script":"<script> [56 bytes]","args":[{"element-6066-11e4-a52e-4f735466cecf":"f.7AE0A9E4E389AFF4A1B7A60F0CE9C65F.d.9500C787CCD83BC5DAF6A7773221E60A.e.789","ELEMENT":"f.7AE0A9E4E389AFF4A1B7A60F0CE9C65F.d.9500C787CCD83BC5DAF6A7773221E60A.e.789"}]}
COMMAND: POST /session/eba1f4137d59e17012d733eb998fae51/element - {"using":"xpath","value":"//table[contains(@id, \"application-ruinventorylist-display-component---Master--tableRuInventoryList-listUl\")]/tbody/tr[1]/td[6]/div/span"}
COMMAND: GET /session/eba1f4137d59e17012d733eb998fae51/screenshot - {}
RESULT: {"using":"xpath","value":"//table[contains(@id, \"application-ruinventorylist-display-component---Master--tableRuInventoryList-listUl\")]/tbody/tr[1]/td[6]/div/span"}
COMMAND: POST /session/eba1f4137d59e17012d733eb998fae51/execute/sync - {"script":"<script> [56 bytes]","args":[{"element-6066-11e4-a52e-4f735466cecf":"f.7AE0A9E4E389AFF4A1B7A60F0CE9C65F.d.9500C787CCD83BC5DAF6A7773221E60A.e.1172","ELEMENT":"f.7AE0A9E4E389AFF4A1B7A60F0CE9C65F.d.9500C787CCD83BC5DAF6A7773221E60A.e.1172"}]}
RESULT: {}
RESULT: {"script":"<script> [56 bytes]","args":[{"element-6066-11e4-a52e-4f735466cecf":"f.7AE0A9E4E389AFF4A1B7A60F0CE9C65F.d.9500C787CCD83BC5DAF6A7773221E60A.e.1172","ELEMENT":"f.7AE0A9E4E389AFF4A1B7A60F0CE9C65F.d.9500C787CCD83BC5DAF6A7773221E60A.e.1172"}]}
COMMAND: POST /session/eba1f4137d59e17012d733eb998fae51/element - {"using":"xpath","value":"//div[contains(@id, \"smartFilterBar-btnBasicSearch-reset\")]"}
COMMAND: GET /session/eba1f4137d59e17012d733eb998fae51/screenshot - {}
RESULT: {"using":"xpath","value":"//div[contains(@id, \"smartFilterBar-btnBasicSearch-reset\")]"}
COMMAND: POST /session/eba1f4137d59e17012d733eb998fae51/element/f.7AE0A9E4E389AFF4A1B7A60F0CE9C65F.d.9500C787CCD83BC5DAF6A7773221E60A.e.804/click - {}
RESULT: {}
RESULT: {}
COMMAND: GET /session/eba1f4137d59e17012d733eb998fae51/screenshot - {}
RESULT: {}
RESULT: undefined
COMMAND: POST /session/eba1f4137d59e17012d733eb998fae51/execute/async - {"script":"<script> [776 bytes]","args":[{"enterText":"401002","selector":{"id":"application-ruinventorylist-display-component---Master--smartFilterBar-btnBasicSearch","interaction":{"idSuffix":"I"}},"clearTextFirst":true,"interactionType":"ENTER_TEXT"}]}
RESULT: {"script":"<script> [776 bytes]","args":[{"enterText":"401002","selector":{"id":"application-ruinventorylist-display-component---Master--smartFilterBar-btnBasicSearch","interaction":{"idSuffix":"I"}},"clearTextFirst":true,"interactionType":"ENTER_TEXT"}]}
COMMAND: POST /session/eba1f4137d59e17012d733eb998fae51/actions - {"actions":[{"id":"action6","type":"key","parameters":{},"actions":[{"type":"keyDown","value":""},{"type":"pause","duration":10},{"type":"keyUp","value":""}]}]}
RESULT: {"actions":[{"id":"action6","type":"key","parameters":{},"actions":[{"type":"keyDown","value":""},{"type":"pause","duration":10},{"type":"keyUp","value":""}]}]}
COMMAND: GET /session/eba1f4137d59e17012d733eb998fae51/screenshot - {}
RESULT: {}
COMMAND: POST /session/eba1f4137d59e17012d733eb998fae51/element - {"using":"xpath","value":"//span[@id=\"application-ruinventorylist-display-component---Master--smartTableRuInventoryList-header-inner\"]"}
RESULT: {"using":"xpath","value":"//span[@id=\"application-ruinventorylist-display-component---Master--smartTableRuInventoryList-header-inner\"]"}
COMMAND: POST /session/eba1f4137d59e17012d733eb998fae51/elements - {"using":"xpath","value":"//span[@id=\"application-ruinventorylist-display-component---Master--smartTableRuInventoryList-header-inner\"]"}
RESULT: {"using":"xpath","value":"//span[@id=\"application-ruinventorylist-display-component---Master--smartTableRuInventoryList-header-inner\"]"}
COMMAND: POST /session/eba1f4137d59e17012d733eb998fae51/execute/sync - {"script":"<script> [56 bytes]","args":[{"element-6066-11e4-a52e-4f735466cecf":"f.7AE0A9E4E389AFF4A1B7A60F0CE9C65F.d.9500C787CCD83BC5DAF6A7773221E60A.e.789","ELEMENT":"f.7AE0A9E4E389AFF4A1B7A60F0CE9C65F.d.9500C787CCD83BC5DAF6A7773221E60A.e.789"}]}
RESULT: {"script":"<script> [56 bytes]","args":[{"element-6066-11e4-a52e-4f735466cecf":"f.7AE0A9E4E389AFF4A1B7A60F0CE9C65F.d.9500C787CCD83BC5DAF6A7773221E60A.e.789","ELEMENT":"f.7AE0A9E4E389AFF4A1B7A60F0CE9C65F.d.9500C787CCD83BC5DAF6A7773221E60A.e.789"}]}
COMMAND: POST /session/eba1f4137d59e17012d733eb998fae51/element - {"using":"xpath","value":"//table[contains(@id, \"application-ruinventorylist-display-component---Master--tableRuInventoryList-listUl\")]/tbody/tr[1]/td[6]/div/span"}
COMMAND: GET /session/eba1f4137d59e17012d733eb998fae51/screenshot - {}
RESULT: {"using":"xpath","value":"//table[contains(@id, \"application-ruinventorylist-display-component---Master--tableRuInventoryList-listUl\")]/tbody/tr[1]/td[6]/div/span"}
COMMAND: POST /session/eba1f4137d59e17012d733eb998fae51/execute/sync - {"script":"<script> [56 bytes]","args":[{"element-6066-11e4-a52e-4f735466cecf":"f.7AE0A9E4E389AFF4A1B7A60F0CE9C65F.d.9500C787CCD83BC5DAF6A7773221E60A.e.1263","ELEMENT":"f.7AE0A9E4E389AFF4A1B7A60F0CE9C65F.d.9500C787CCD83BC5DAF6A7773221E60A.e.1263"}]}
RESULT: {}
RESULT: {"script":"<script> [56 bytes]","args":[{"element-6066-11e4-a52e-4f735466cecf":"f.7AE0A9E4E389AFF4A1B7A60F0CE9C65F.d.9500C787CCD83BC5DAF6A7773221E60A.e.1263","ELEMENT":"f.7AE0A9E4E389AFF4A1B7A60F0CE9C65F.d.9500C787CCD83BC5DAF6A7773221E60A.e.1263"}]}
COMMAND: POST /session/eba1f4137d59e17012d733eb998fae51/element - {"using":"xpath","value":"//div[contains(@id, \"smartFilterBar-btnBasicSearch-reset\")]"}
COMMAND: GET /session/eba1f4137d59e17012d733eb998fae51/screenshot - {}
RESULT: {"using":"xpath","value":"//div[contains(@id, \"smartFilterBar-btnBasicSearch-reset\")]"}
COMMAND: POST /session/eba1f4137d59e17012d733eb998fae51/element/f.7AE0A9E4E389AFF4A1B7A60F0CE9C65F.d.9500C787CCD83BC5DAF6A7773221E60A.e.804/click - {}
RESULT: {}
RESULT: {}
COMMAND: GET /session/eba1f4137d59e17012d733eb998fae51/screenshot - {}
RESULT: {}
COMMAND: POST /session/eba1f4137d59e17012d733eb998fae51/element/f.7AE0A9E4E389AFF4A1B7A60F0CE9C65F.d.9500C787CCD83BC5DAF6A7773221E60A.e.299/click - {}
RESULT: {}
COMMAND: GET /session/eba1f4137d59e17012d733eb998fae51/screenshot - {}
RESULT: {}
RESULT: undefined
COMMAND: POST /session/eba1f4137d59e17012d733eb998fae51/execute/async - {"script":"<script> [776 bytes]","args":[{"enterText":"600002","selector":{"id":"application-ruinventorylist-display-component---Master--smartFilterBar-btnBasicSearch","interaction":{"idSuffix":"I"}},"clearTextFirst":true,"interactionType":"ENTER_TEXT"}]}
RESULT: {"script":"<script> [776 bytes]","args":[{"enterText":"600002","selector":{"id":"application-ruinventorylist-display-component---Master--smartFilterBar-btnBasicSearch","interaction":{"idSuffix":"I"}},"clearTextFirst":true,"interactionType":"ENTER_TEXT"}]}
COMMAND: POST /session/eba1f4137d59e17012d733eb998fae51/actions - {"actions":[{"id":"action7","type":"key","parameters":{},"actions":[{"type":"keyDown","value":""},{"type":"pause","duration":10},{"type":"keyUp","value":""}]}]}
RESULT: {"actions":[{"id":"action7","type":"key","parameters":{},"actions":[{"type":"keyDown","value":""},{"type":"pause","duration":10},{"type":"keyUp","value":""}]}]}
COMMAND: GET /session/eba1f4137d59e17012d733eb998fae51/screenshot - {}
RESULT: {}
COMMAND: POST /session/eba1f4137d59e17012d733eb998fae51/element - {"using":"xpath","value":"//span[@id=\"application-ruinventorylist-display-component---Master--smartTableRuInventoryList-header-inner\"]"}
RESULT: {"using":"xpath","value":"//span[@id=\"application-ruinventorylist-display-component---Master--smartTableRuInventoryList-header-inner\"]"}
COMMAND: POST /session/eba1f4137d59e17012d733eb998fae51/elements - {"using":"xpath","value":"//span[@id=\"application-ruinventorylist-display-component---Master--smartTableRuInventoryList-header-inner\"]"}
RESULT: {"using":"xpath","value":"//span[@id=\"application-ruinventorylist-display-component---Master--smartTableRuInventoryList-header-inner\"]"}
COMMAND: POST /session/eba1f4137d59e17012d733eb998fae51/execute/sync - {"script":"<script> [56 bytes]","args":[{"element-6066-11e4-a52e-4f735466cecf":"f.7AE0A9E4E389AFF4A1B7A60F0CE9C65F.d.9500C787CCD83BC5DAF6A7773221E60A.e.789","ELEMENT":"f.7AE0A9E4E389AFF4A1B7A60F0CE9C65F.d.9500C787CCD83BC5DAF6A7773221E60A.e.789"}]}
RESULT: {"script":"<script> [56 bytes]","args":[{"element-6066-11e4-a52e-4f735466cecf":"f.7AE0A9E4E389AFF4A1B7A60F0CE9C65F.d.9500C787CCD83BC5DAF6A7773221E60A.e.789","ELEMENT":"f.7AE0A9E4E389AFF4A1B7A60F0CE9C65F.d.9500C787CCD83BC5DAF6A7773221E60A.e.789"}]}
COMMAND: POST /session/eba1f4137d59e17012d733eb998fae51/element - {"using":"xpath","value":"//table[contains(@id, \"application-ruinventorylist-display-component---Master--tableRuInventoryList-listUl\")]/tbody/tr[1]/td[2]/div/div"}
COMMAND: GET /session/eba1f4137d59e17012d733eb998fae51/screenshot - {}
RESULT: {"using":"xpath","value":"//table[contains(@id, \"application-ruinventorylist-display-component---Master--tableRuInventoryList-listUl\")]/tbody/tr[1]/td[2]/div/div"}
COMMAND: POST /session/eba1f4137d59e17012d733eb998fae51/element/f.7AE0A9E4E389AFF4A1B7A60F0CE9C65F.d.9500C787CCD83BC5DAF6A7773221E60A.e.1534/click - {}
RESULT: {}
RESULT: {}
COMMAND: GET /session/eba1f4137d59e17012d733eb998fae51/screenshot - {}
RESULT: {}
COMMAND: POST /session/eba1f4137d59e17012d733eb998fae51/element - {"using":"xpath","value":"//div[contains(@id, \"smartFilterBar-btnBasicSearch-reset\")]"}
RESULT: {"using":"xpath","value":"//div[contains(@id, \"smartFilterBar-btnBasicSearch-reset\")]"}
COMMAND: POST /session/eba1f4137d59e17012d733eb998fae51/element/f.7AE0A9E4E389AFF4A1B7A60F0CE9C65F.d.9500C787CCD83BC5DAF6A7773221E60A.e.804/click - {}
RESULT: {}
COMMAND: GET /session/eba1f4137d59e17012d733eb998fae51/screenshot - {}
RESULT: {}
RESULT: undefined
COMMAND: POST /session/eba1f4137d59e17012d733eb998fae51/execute/async - {"script":"<script> [776 bytes]","args":[{"enterText":"401002","selector":{"id":"application-ruinventorylist-display-component---Master--smartFilterBar-btnBasicSearch","interaction":{"idSuffix":"I"}},"clearTextFirst":true,"interactionType":"ENTER_TEXT"}]}
RESULT: {"script":"<script> [776 bytes]","args":[{"enterText":"401002","selector":{"id":"application-ruinventorylist-display-component---Master--smartFilterBar-btnBasicSearch","interaction":{"idSuffix":"I"}},"clearTextFirst":true,"interactionType":"ENTER_TEXT"}]}
COMMAND: POST /session/eba1f4137d59e17012d733eb998fae51/actions - {"actions":[{"id":"action8","type":"key","parameters":{},"actions":[{"type":"keyDown","value":""},{"type":"pause","duration":10},{"type":"keyUp","value":""}]}]}
RESULT: {"actions":[{"id":"action8","type":"key","parameters":{},"actions":[{"type":"keyDown","value":""},{"type":"pause","duration":10},{"type":"keyUp","value":""}]}]}
COMMAND: GET /session/eba1f4137d59e17012d733eb998fae51/screenshot - {}
RESULT: {}
COMMAND: POST /session/eba1f4137d59e17012d733eb998fae51/element - {"using":"xpath","value":"//span[@id=\"application-ruinventorylist-display-component---Master--smartTableRuInventoryList-header-inner\"]"}
RESULT: {"using":"xpath","value":"//span[@id=\"application-ruinventorylist-display-component---Master--smartTableRuInventoryList-header-inner\"]"}
COMMAND: POST /session/eba1f4137d59e17012d733eb998fae51/elements - {"using":"xpath","value":"//span[@id=\"application-ruinventorylist-display-component---Master--smartTableRuInventoryList-header-inner\"]"}
RESULT: {"using":"xpath","value":"//span[@id=\"application-ruinventorylist-display-component---Master--smartTableRuInventoryList-header-inner\"]"}
COMMAND: POST /session/eba1f4137d59e17012d733eb998fae51/execute/sync - {"script":"<script> [56 bytes]","args":[{"element-6066-11e4-a52e-4f735466cecf":"f.7AE0A9E4E389AFF4A1B7A60F0CE9C65F.d.9500C787CCD83BC5DAF6A7773221E60A.e.789","ELEMENT":"f.7AE0A9E4E389AFF4A1B7A60F0CE9C65F.d.9500C787CCD83BC5DAF6A7773221E60A.e.789"}]}
RESULT: {"script":"<script> [56 bytes]","args":[{"element-6066-11e4-a52e-4f735466cecf":"f.7AE0A9E4E389AFF4A1B7A60F0CE9C65F.d.9500C787CCD83BC5DAF6A7773221E60A.e.789","ELEMENT":"f.7AE0A9E4E389AFF4A1B7A60F0CE9C65F.d.9500C787CCD83BC5DAF6A7773221E60A.e.789"}]}
COMMAND: POST /session/eba1f4137d59e17012d733eb998fae51/element - {"using":"xpath","value":"//table[contains(@id, \"application-ruinventorylist-display-component---Master--tableRuInventoryList-listUl\")]/tbody/tr[1]/td[2]/div/div"}
COMMAND: GET /session/eba1f4137d59e17012d733eb998fae51/screenshot - {}
RESULT: {"using":"xpath","value":"//table[contains(@id, \"application-ruinventorylist-display-component---Master--tableRuInventoryList-listUl\")]/tbody/tr[1]/td[2]/div/div"}
COMMAND: POST /session/eba1f4137d59e17012d733eb998fae51/element/f.7AE0A9E4E389AFF4A1B7A60F0CE9C65F.d.9500C787CCD83BC5DAF6A7773221E60A.e.1699/click - {}
RESULT: {}
RESULT: {}
COMMAND: GET /session/eba1f4137d59e17012d733eb998fae51/screenshot - {}
RESULT: {}
COMMAND: POST /session/eba1f4137d59e17012d733eb998fae51/element - {"using":"xpath","value":"//div[contains(@id, \"smartFilterBar-btnBasicSearch-reset\")]"}
RESULT: {"using":"xpath","value":"//div[contains(@id, \"smartFilterBar-btnBasicSearch-reset\")]"}
COMMAND: POST /session/eba1f4137d59e17012d733eb998fae51/element/f.7AE0A9E4E389AFF4A1B7A60F0CE9C65F.d.9500C787CCD83BC5DAF6A7773221E60A.e.804/click - {}
RESULT: {}
COMMAND: GET /session/eba1f4137d59e17012d733eb998fae51/screenshot - {}
RESULT: {}
COMMAND: POST /session/eba1f4137d59e17012d733eb998fae51/element/f.7AE0A9E4E389AFF4A1B7A60F0CE9C65F.d.9500C787CCD83BC5DAF6A7773221E60A.e.299/click - {}
RESULT: {}
COMMAND: GET /session/eba1f4137d59e17012d733eb998fae51/screenshot - {}
RESULT: {}
RESULT: undefined
COMMAND: POST /session/eba1f4137d59e17012d733eb998fae51/element - {"using":"xpath","value":"//*[@id=\"application-ruinventorylist-display-component---Master--ruStateTypes-arrow\"]"}
RESULT: {"using":"xpath","value":"//*[@id=\"application-ruinventorylist-display-component---Master--ruStateTypes-arrow\"]"}
COMMAND: POST /session/eba1f4137d59e17012d733eb998fae51/element/f.7AE0A9E4E389AFF4A1B7A60F0CE9C65F.d.9500C787CCD83BC5DAF6A7773221E60A.e.1876/click - {}
RESULT: {}
COMMAND: GET /session/eba1f4137d59e17012d733eb998fae51/screenshot - {}
RESULT: {}
COMMAND: POST /session/eba1f4137d59e17012d733eb998fae51/element - {"using":"xpath","value":"//li[.//span[text()=\"available\"]]"}
RESULT: {"using":"xpath","value":"//li[.//span[text()=\"available\"]]"}
COMMAND: POST /session/eba1f4137d59e17012d733eb998fae51/element/f.7AE0A9E4E389AFF4A1B7A60F0CE9C65F.d.9500C787CCD83BC5DAF6A7773221E60A.e.1877/click - {}
RESULT: {}
COMMAND: GET /session/eba1f4137d59e17012d733eb998fae51/screenshot - {}
RESULT: {}
COMMAND: POST /session/eba1f4137d59e17012d733eb998fae51/element - {"using":"xpath","value":"(//bdi[contains(text(), \"OK\")])[1]"}
RESULT: {"using":"xpath","value":"(//bdi[contains(text(), \"OK\")])[1]"}
COMMAND: POST /session/eba1f4137d59e17012d733eb998fae51/element/f.7AE0A9E4E389AFF4A1B7A60F0CE9C65F.d.9500C787CCD83BC5DAF6A7773221E60A.e.1878/click - {}
RESULT: {}
COMMAND: GET /session/eba1f4137d59e17012d733eb998fae51/screenshot - {}
RESULT: {}
COMMAND: POST /session/eba1f4137d59e17012d733eb998fae51/element - {"using":"xpath","value":"(//bdi[contains(text(), \"OK\")])[2]"}
RESULT: {"using":"xpath","value":"(//bdi[contains(text(), \"OK\")])[2]"}
COMMAND: POST /session/eba1f4137d59e17012d733eb998fae51/element/f.7AE0A9E4E389AFF4A1B7A60F0CE9C65F.d.9500C787CCD83BC5DAF6A7773221E60A.e.1882/click - {}
RESULT: {}
COMMAND: GET /session/eba1f4137d59e17012d733eb998fae51/screenshot - {}
RESULT: {}
RESULT: undefined
COMMAND: POST /session/eba1f4137d59e17012d733eb998fae51/execute/async - {"script":"<script> [776 bytes]","args":[{"enterText":"600002","selector":{"id":"application-ruinventorylist-display-component---Master--smartFilterBar-btnBasicSearch","interaction":{"idSuffix":"I"}},"clearTextFirst":true,"interactionType":"ENTER_TEXT"}]}
RESULT: {"script":"<script> [776 bytes]","args":[{"enterText":"600002","selector":{"id":"application-ruinventorylist-display-component---Master--smartFilterBar-btnBasicSearch","interaction":{"idSuffix":"I"}},"clearTextFirst":true,"interactionType":"ENTER_TEXT"}]}
COMMAND: POST /session/eba1f4137d59e17012d733eb998fae51/actions - {"actions":[{"id":"action9","type":"key","parameters":{},"actions":[{"type":"keyDown","value":""},{"type":"pause","duration":10},{"type":"keyUp","value":""}]}]}
RESULT: {"actions":[{"id":"action9","type":"key","parameters":{},"actions":[{"type":"keyDown","value":""},{"type":"pause","duration":10},{"type":"keyUp","value":""}]}]}
COMMAND: GET /session/eba1f4137d59e17012d733eb998fae51/screenshot - {}
RESULT: {}
COMMAND: POST /session/eba1f4137d59e17012d733eb998fae51/element - {"using":"xpath","value":"//span[@id=\"application-ruinventorylist-display-component---Master--smartTableRuInventoryList-header-inner\"]"}
RESULT: {"using":"xpath","value":"//span[@id=\"application-ruinventorylist-display-component---Master--smartTableRuInventoryList-header-inner\"]"}
COMMAND: POST /session/eba1f4137d59e17012d733eb998fae51/elements - {"using":"xpath","value":"//span[@id=\"application-ruinventorylist-display-component---Master--smartTableRuInventoryList-header-inner\"]"}
RESULT: {"using":"xpath","value":"//span[@id=\"application-ruinventorylist-display-component---Master--smartTableRuInventoryList-header-inner\"]"}
COMMAND: POST /session/eba1f4137d59e17012d733eb998fae51/execute/sync - {"script":"<script> [56 bytes]","args":[{"element-6066-11e4-a52e-4f735466cecf":"f.7AE0A9E4E389AFF4A1B7A60F0CE9C65F.d.9500C787CCD83BC5DAF6A7773221E60A.e.789","ELEMENT":"f.7AE0A9E4E389AFF4A1B7A60F0CE9C65F.d.9500C787CCD83BC5DAF6A7773221E60A.e.789"}]}
RESULT: {"script":"<script> [56 bytes]","args":[{"element-6066-11e4-a52e-4f735466cecf":"f.7AE0A9E4E389AFF4A1B7A60F0CE9C65F.d.9500C787CCD83BC5DAF6A7773221E60A.e.789","ELEMENT":"f.7AE0A9E4E389AFF4A1B7A60F0CE9C65F.d.9500C787CCD83BC5DAF6A7773221E60A.e.789"}]}
COMMAND: POST /session/eba1f4137d59e17012d733eb998fae51/element - {"using":"xpath","value":"//table[contains(@id, \"application-ruinventorylist-display-component---Master--tableRuInventoryList-listUl\")]/tbody/tr[1]/td[6]/div/span"}
COMMAND: GET /session/eba1f4137d59e17012d733eb998fae51/screenshot - {}
RESULT: {"using":"xpath","value":"//table[contains(@id, \"application-ruinventorylist-display-component---Master--tableRuInventoryList-listUl\")]/tbody/tr[1]/td[6]/div/span"}
COMMAND: POST /session/eba1f4137d59e17012d733eb998fae51/execute/sync - {"script":"<script> [56 bytes]","args":[{"element-6066-11e4-a52e-4f735466cecf":"f.7AE0A9E4E389AFF4A1B7A60F0CE9C65F.d.9500C787CCD83BC5DAF6A7773221E60A.e.1906","ELEMENT":"f.7AE0A9E4E389AFF4A1B7A60F0CE9C65F.d.9500C787CCD83BC5DAF6A7773221E60A.e.1906"}]}
RESULT: {}
RESULT: {"script":"<script> [56 bytes]","args":[{"element-6066-11e4-a52e-4f735466cecf":"f.7AE0A9E4E389AFF4A1B7A60F0CE9C65F.d.9500C787CCD83BC5DAF6A7773221E60A.e.1906","ELEMENT":"f.7AE0A9E4E389AFF4A1B7A60F0CE9C65F.d.9500C787CCD83BC5DAF6A7773221E60A.e.1906"}]}
COMMAND: POST /session/eba1f4137d59e17012d733eb998fae51/element - {"using":"xpath","value":"//div[contains(@id, \"smartFilterBar-btnBasicSearch-reset\")]"}
COMMAND: GET /session/eba1f4137d59e17012d733eb998fae51/screenshot - {}
RESULT: {"using":"xpath","value":"//div[contains(@id, \"smartFilterBar-btnBasicSearch-reset\")]"}
COMMAND: POST /session/eba1f4137d59e17012d733eb998fae51/element/f.7AE0A9E4E389AFF4A1B7A60F0CE9C65F.d.9500C787CCD83BC5DAF6A7773221E60A.e.804/click - {}
RESULT: {}
RESULT: {}
COMMAND: GET /session/eba1f4137d59e17012d733eb998fae51/screenshot - {}
RESULT: {}
RESULT: undefined
COMMAND: POST /session/eba1f4137d59e17012d733eb998fae51/execute/async - {"script":"<script> [776 bytes]","args":[{"enterText":"401002","selector":{"id":"application-ruinventorylist-display-component---Master--smartFilterBar-btnBasicSearch","interaction":{"idSuffix":"I"}},"clearTextFirst":true,"interactionType":"ENTER_TEXT"}]}
RESULT: {"script":"<script> [776 bytes]","args":[{"enterText":"401002","selector":{"id":"application-ruinventorylist-display-component---Master--smartFilterBar-btnBasicSearch","interaction":{"idSuffix":"I"}},"clearTextFirst":true,"interactionType":"ENTER_TEXT"}]}
COMMAND: POST /session/eba1f4137d59e17012d733eb998fae51/actions - {"actions":[{"id":"action10","type":"key","parameters":{},"actions":[{"type":"keyDown","value":""},{"type":"pause","duration":10},{"type":"keyUp","value":""}]}]}
RESULT: {"actions":[{"id":"action10","type":"key","parameters":{},"actions":[{"type":"keyDown","value":""},{"type":"pause","duration":10},{"type":"keyUp","value":""}]}]}
COMMAND: GET /session/eba1f4137d59e17012d733eb998fae51/screenshot - {}
RESULT: {}
COMMAND: POST /session/eba1f4137d59e17012d733eb998fae51/element - {"using":"xpath","value":"//span[@id=\"application-ruinventorylist-display-component---Master--smartTableRuInventoryList-header-inner\"]"}
RESULT: {"using":"xpath","value":"//span[@id=\"application-ruinventorylist-display-component---Master--smartTableRuInventoryList-header-inner\"]"}
COMMAND: POST /session/eba1f4137d59e17012d733eb998fae51/elements - {"using":"xpath","value":"//span[@id=\"application-ruinventorylist-display-component---Master--smartTableRuInventoryList-header-inner\"]"}
RESULT: {"using":"xpath","value":"//span[@id=\"application-ruinventorylist-display-component---Master--smartTableRuInventoryList-header-inner\"]"}
COMMAND: POST /session/eba1f4137d59e17012d733eb998fae51/execute/sync - {"script":"<script> [56 bytes]","args":[{"element-6066-11e4-a52e-4f735466cecf":"f.7AE0A9E4E389AFF4A1B7A60F0CE9C65F.d.9500C787CCD83BC5DAF6A7773221E60A.e.789","ELEMENT":"f.7AE0A9E4E389AFF4A1B7A60F0CE9C65F.d.9500C787CCD83BC5DAF6A7773221E60A.e.789"}]}
RESULT: {"script":"<script> [56 bytes]","args":[{"element-6066-11e4-a52e-4f735466cecf":"f.7AE0A9E4E389AFF4A1B7A60F0CE9C65F.d.9500C787CCD83BC5DAF6A7773221E60A.e.789","ELEMENT":"f.7AE0A9E4E389AFF4A1B7A60F0CE9C65F.d.9500C787CCD83BC5DAF6A7773221E60A.e.789"}]}
COMMAND: POST /session/eba1f4137d59e17012d733eb998fae51/element - {"using":"xpath","value":"//table[contains(@id, \"application-ruinventorylist-display-component---Master--tableRuInventoryList-listUl\")]/tbody/tr[1]/td[6]/div/span"}
COMMAND: GET /session/eba1f4137d59e17012d733eb998fae51/screenshot - {}
RESULT: {"using":"xpath","value":"//table[contains(@id, \"application-ruinventorylist-display-component---Master--tableRuInventoryList-listUl\")]/tbody/tr[1]/td[6]/div/span"}
COMMAND: POST /session/eba1f4137d59e17012d733eb998fae51/execute/sync - {"script":"<script> [56 bytes]","args":[{"element-6066-11e4-a52e-4f735466cecf":"f.7AE0A9E4E389AFF4A1B7A60F0CE9C65F.d.9500C787CCD83BC5DAF6A7773221E60A.e.1998","ELEMENT":"f.7AE0A9E4E389AFF4A1B7A60F0CE9C65F.d.9500C787CCD83BC5DAF6A7773221E60A.e.1998"}]}
RESULT: {}
RESULT: {"script":"<script> [56 bytes]","args":[{"element-6066-11e4-a52e-4f735466cecf":"f.7AE0A9E4E389AFF4A1B7A60F0CE9C65F.d.9500C787CCD83BC5DAF6A7773221E60A.e.1998","ELEMENT":"f.7AE0A9E4E389AFF4A1B7A60F0CE9C65F.d.9500C787CCD83BC5DAF6A7773221E60A.e.1998"}]}
COMMAND: POST /session/eba1f4137d59e17012d733eb998fae51/element - {"using":"xpath","value":"//div[contains(@id, \"smartFilterBar-btnBasicSearch-reset\")]"}
COMMAND: GET /session/eba1f4137d59e17012d733eb998fae51/screenshot - {}
RESULT: {"using":"xpath","value":"//div[contains(@id, \"smartFilterBar-btnBasicSearch-reset\")]"}
COMMAND: POST /session/eba1f4137d59e17012d733eb998fae51/element/f.7AE0A9E4E389AFF4A1B7A60F0CE9C65F.d.9500C787CCD83BC5DAF6A7773221E60A.e.804/click - {}
RESULT: {}
RESULT: {}
COMMAND: GET /session/eba1f4137d59e17012d733eb998fae51/screenshot - {}
RESULT: {}
COMMAND: POST /session/eba1f4137d59e17012d733eb998fae51/element - {"using":"css selector","value":"#shell-header-logo"}
RESULT: {"using":"css selector","value":"#shell-header-logo"}
COMMAND: POST /session/eba1f4137d59e17012d733eb998fae51/element/f.7AE0A9E4E389AFF4A1B7A60F0CE9C65F.d.9500C787CCD83BC5DAF6A7773221E60A.e.268/click - {}
RESULT: {}
COMMAND: GET /session/eba1f4137d59e17012d733eb998fae51/screenshot - {}
RESULT: {}
]]></system-out>
    </testcase>
    <testcase classname="chrome.136_0_7103_93.windows.RU_Inventory_Mass_State_Change_Multiple_Items_US151066" name="Prerequisite Step 2 Should create a new equipment" time="148.887">
      <system-out><![CDATA[
COMMAND: POST /session/eba1f4137d59e17012d733eb998fae51/execute/async - {"script":"<script> [1562 bytes]","args":[{"selector":{"controlType":"sap.m.GenericTile","properties":{"header":"Manage Resources"}},"wdio_ui5_key":"sapm.GenericTile{\"header\":\"Manage Resources\"}"}]}
RESULT: {"script":"<script> [1562 bytes]","args":[{"selector":{"controlType":"sap.m.GenericTile","properties":{"header":"Manage Resources"}},"wdio_ui5_key":"sapm.GenericTile{\"header\":\"Manage Resources\"}"}]}
RESULT: undefined
COMMAND: POST /session/eba1f4137d59e17012d733eb998fae51/element - {"using":"xpath","value":"//*[@id=\"__tile39\"]"}
RESULT: {"using":"xpath","value":"//*[@id=\"__tile39\"]"}
COMMAND: POST /session/eba1f4137d59e17012d733eb998fae51/element/f.7AE0A9E4E389AFF4A1B7A60F0CE9C65F.d.9500C787CCD83BC5DAF6A7773221E60A.e.157/click - {}
RESULT: {}
COMMAND: GET /session/eba1f4137d59e17012d733eb998fae51/screenshot - {}
RESULT: {}
COMMAND: POST /session/eba1f4137d59e17012d733eb998fae51/elements - {"using":"xpath","value":"//span[text()='Error']"}
RESULT: {"using":"xpath","value":"//span[text()='Error']"}
COMMAND: POST /session/eba1f4137d59e17012d733eb998fae51/element - {"using":"xpath","value":"//button[@data-kt=\"addNewRUOverflowToolbarButton\"]"}
RESULT: {"using":"xpath","value":"//button[@data-kt=\"addNewRUOverflowToolbarButton\"]"}
COMMAND: POST /session/eba1f4137d59e17012d733eb998fae51/elements - {"using":"xpath","value":"//button[@data-kt=\"addNewRUOverflowToolbarButton\"]"}
RESULT: {"using":"xpath","value":"//button[@data-kt=\"addNewRUOverflowToolbarButton\"]"}
COMMAND: POST /session/eba1f4137d59e17012d733eb998fae51/execute/sync - {"script":"<script> [8489 bytes]","args":[{"element-6066-11e4-a52e-4f735466cecf":"f.7AE0A9E4E389AFF4A1B7A60F0CE9C65F.d.9500C787CCD83BC5DAF6A7773221E60A.e.2110","ELEMENT":"f.7AE0A9E4E389AFF4A1B7A60F0CE9C65F.d.9500C787CCD83BC5DAF6A7773221E60A.e.2110"}]}
RESULT: {"script":"<script> [8489 bytes]","args":[{"element-6066-11e4-a52e-4f735466cecf":"f.7AE0A9E4E389AFF4A1B7A60F0CE9C65F.d.9500C787CCD83BC5DAF6A7773221E60A.e.2110","ELEMENT":"f.7AE0A9E4E389AFF4A1B7A60F0CE9C65F.d.9500C787CCD83BC5DAF6A7773221E60A.e.2110"}]}
COMMAND: GET /session/eba1f4137d59e17012d733eb998fae51/element/f.7AE0A9E4E389AFF4A1B7A60F0CE9C65F.d.9500C787CCD83BC5DAF6A7773221E60A.e.2110/enabled - {}
COMMAND: GET /session/eba1f4137d59e17012d733eb998fae51/screenshot - {}
RESULT: {}
COMMAND: POST /session/eba1f4137d59e17012d733eb998fae51/execute/sync - {"script":"<script> [8489 bytes]","args":[{"element-6066-11e4-a52e-4f735466cecf":"f.7AE0A9E4E389AFF4A1B7A60F0CE9C65F.d.9500C787CCD83BC5DAF6A7773221E60A.e.2110","ELEMENT":"f.7AE0A9E4E389AFF4A1B7A60F0CE9C65F.d.9500C787CCD83BC5DAF6A7773221E60A.e.2110"}]}
COMMAND: GET /session/eba1f4137d59e17012d733eb998fae51/screenshot - {}
RESULT: {}
RESULT: {"script":"<script> [8489 bytes]","args":[{"element-6066-11e4-a52e-4f735466cecf":"f.7AE0A9E4E389AFF4A1B7A60F0CE9C65F.d.9500C787CCD83BC5DAF6A7773221E60A.e.2110","ELEMENT":"f.7AE0A9E4E389AFF4A1B7A60F0CE9C65F.d.9500C787CCD83BC5DAF6A7773221E60A.e.2110"}]}
COMMAND: POST /session/eba1f4137d59e17012d733eb998fae51/execute/sync - {"script":"<script> [5351 bytes]","args":[{"element-6066-11e4-a52e-4f735466cecf":"f.7AE0A9E4E389AFF4A1B7A60F0CE9C65F.d.9500C787CCD83BC5DAF6A7773221E60A.e.2110","ELEMENT":"f.7AE0A9E4E389AFF4A1B7A60F0CE9C65F.d.9500C787CCD83BC5DAF6A7773221E60A.e.2110"}]}
COMMAND: GET /session/eba1f4137d59e17012d733eb998fae51/screenshot - {}
RESULT: {}
RESULT: {"script":"<script> [5351 bytes]","args":[{"element-6066-11e4-a52e-4f735466cecf":"f.7AE0A9E4E389AFF4A1B7A60F0CE9C65F.d.9500C787CCD83BC5DAF6A7773221E60A.e.2110","ELEMENT":"f.7AE0A9E4E389AFF4A1B7A60F0CE9C65F.d.9500C787CCD83BC5DAF6A7773221E60A.e.2110"}]}
COMMAND: POST /session/eba1f4137d59e17012d733eb998fae51/element/f.7AE0A9E4E389AFF4A1B7A60F0CE9C65F.d.9500C787CCD83BC5DAF6A7773221E60A.e.2110/click - {}
COMMAND: GET /session/eba1f4137d59e17012d733eb998fae51/screenshot - {}
RESULT: {}
RESULT: {}
COMMAND: GET /session/eba1f4137d59e17012d733eb998fae51/screenshot - {}
COMMAND: POST /session/eba1f4137d59e17012d733eb998fae51/execute/async - {"script":"<script> [1562 bytes]","args":[{"selector":{"id":"application-manageresources-display-component---newResourceUnit--TYPE-arrow"},"wdio_ui5_key":"applicationmanageresources-display-component---newResourceUnit--TYPE-arrow"}]}
RESULT: {}
RESULT: {}
RESULT: {"script":"<script> [1562 bytes]","args":[{"selector":{"id":"application-manageresources-display-component---newResourceUnit--TYPE-arrow"},"wdio_ui5_key":"applicationmanageresources-display-component---newResourceUnit--TYPE-arrow"}]}
RESULT: undefined
COMMAND: POST /session/eba1f4137d59e17012d733eb998fae51/element - {"using":"xpath","value":"//*[@id=\"application-manageresources-display-component---newResourceUnit--TYPE-arrow\"]"}
RESULT: {"using":"xpath","value":"//*[@id=\"application-manageresources-display-component---newResourceUnit--TYPE-arrow\"]"}
COMMAND: POST /session/eba1f4137d59e17012d733eb998fae51/element/f.7AE0A9E4E389AFF4A1B7A60F0CE9C65F.d.9500C787CCD83BC5DAF6A7773221E60A.e.2277/click - {}
RESULT: {}
COMMAND: POST /session/eba1f4137d59e17012d733eb998fae51/element - {"using":"xpath","value":"//input[@id=\"application-manageresources-display-component---newResourceUnit--TYPE-inner\"]"}
COMMAND: GET /session/eba1f4137d59e17012d733eb998fae51/screenshot - {}
RESULT: {"using":"xpath","value":"//input[@id=\"application-manageresources-display-component---newResourceUnit--TYPE-inner\"]"}
COMMAND: POST /session/eba1f4137d59e17012d733eb998fae51/element/f.7AE0A9E4E389AFF4A1B7A60F0CE9C65F.d.9500C787CCD83BC5DAF6A7773221E60A.e.2164/clear - {}
RESULT: {}
RESULT: {}
COMMAND: POST /session/eba1f4137d59e17012d733eb998fae51/element/f.7AE0A9E4E389AFF4A1B7A60F0CE9C65F.d.9500C787CCD83BC5DAF6A7773221E60A.e.2164/value - {"text":"Equipment"}
COMMAND: GET /session/eba1f4137d59e17012d733eb998fae51/screenshot - {}
RESULT: {"text":"Equipment"}
COMMAND: GET /session/eba1f4137d59e17012d733eb998fae51/screenshot - {}
RESULT: {}
RESULT: {}
COMMAND: POST /session/eba1f4137d59e17012d733eb998fae51/actions - {"actions":[{"id":"action11","type":"key","parameters":{},"actions":[{"type":"keyDown","value":""},{"type":"pause","duration":10},{"type":"keyUp","value":""}]}]}
RESULT: {"actions":[{"id":"action11","type":"key","parameters":{},"actions":[{"type":"keyDown","value":""},{"type":"pause","duration":10},{"type":"keyUp","value":""}]}]}
COMMAND: POST /session/eba1f4137d59e17012d733eb998fae51/execute/async - {"script":"<script> [1562 bytes]","args":[{"selector":{"id":"application-manageresources-display-component---newResourceUnit--resourceId","interaction":{"idSuffix":"inner"}},"wdio_ui5_key":"applicationmanageresources-display-component---newResourceUnit--resourceId"}]}
COMMAND: GET /session/eba1f4137d59e17012d733eb998fae51/screenshot - {}
RESULT: {"script":"<script> [1562 bytes]","args":[{"selector":{"id":"application-manageresources-display-component---newResourceUnit--resourceId","interaction":{"idSuffix":"inner"}},"wdio_ui5_key":"applicationmanageresources-display-component---newResourceUnit--resourceId"}]}
RESULT: undefined
COMMAND: POST /session/eba1f4137d59e17012d733eb998fae51/execute/async - {"script":"<script> [776 bytes]","args":[{"enterText":"rR0uUKDdw9","selector":{"id":"application-manageresources-display-component---newResourceUnit--resourceId","interaction":{"idSuffix":"inner"}},"clearTextFirst":true,"interactionType":"ENTER_TEXT"}]}
RESULT: {}
RESULT: {"script":"<script> [776 bytes]","args":[{"enterText":"rR0uUKDdw9","selector":{"id":"application-manageresources-display-component---newResourceUnit--resourceId","interaction":{"idSuffix":"inner"}},"clearTextFirst":true,"interactionType":"ENTER_TEXT"}]}
COMMAND: POST /session/eba1f4137d59e17012d733eb998fae51/execute/async - {"script":"<script> [1562 bytes]","args":[{"selector":{"id":"application-manageresources-display-component---newResourceUnit--SHORT_TEXT","interaction":{"idSuffix":"inner"}},"wdio_ui5_key":"applicationmanageresources-display-component---newResourceUnit--SHORT_TEXT"}]}
RESULT: {"script":"<script> [1562 bytes]","args":[{"selector":{"id":"application-manageresources-display-component---newResourceUnit--SHORT_TEXT","interaction":{"idSuffix":"inner"}},"wdio_ui5_key":"applicationmanageresources-display-component---newResourceUnit--SHORT_TEXT"}]}
RESULT: undefined
COMMAND: POST /session/eba1f4137d59e17012d733eb998fae51/execute/async - {"script":"<script> [776 bytes]","args":[{"enterText":"Intercompany Equipment WDIO","selector":{"id":"application-manageresources-display-component---newResourceUnit--SHORT_TEXT","interaction":{"idSuffix":"inner"}},"clearTextFirst":true,"interactionType":"ENTER_TEXT"}]}
RESULT: {"script":"<script> [776 bytes]","args":[{"enterText":"Intercompany Equipment WDIO","selector":{"id":"application-manageresources-display-component---newResourceUnit--SHORT_TEXT","interaction":{"idSuffix":"inner"}},"clearTextFirst":true,"interactionType":"ENTER_TEXT"}]}
COMMAND: POST /session/eba1f4137d59e17012d733eb998fae51/execute/async - {"script":"<script> [1562 bytes]","args":[{"selector":{"id":"application-manageresources-display-component---newResourceUnit--BASE_UNIT_OF_MEASURE","interaction":{"idSuffix":"inner"}},"wdio_ui5_key":"applicationmanageresources-display-component---newResourceUnit--BASE_UNIT_OF_MEASURE"}]}
RESULT: {"script":"<script> [1562 bytes]","args":[{"selector":{"id":"application-manageresources-display-component---newResourceUnit--BASE_UNIT_OF_MEASURE","interaction":{"idSuffix":"inner"}},"wdio_ui5_key":"applicationmanageresources-display-component---newResourceUnit--BASE_UNIT_OF_MEASURE"}]}
RESULT: undefined
COMMAND: POST /session/eba1f4137d59e17012d733eb998fae51/execute/async - {"script":"<script> [776 bytes]","args":[{"enterText":"Piece","selector":{"id":"application-manageresources-display-component---newResourceUnit--BASE_UNIT_OF_MEASURE","interaction":{"idSuffix":"inner"}},"clearTextFirst":true,"interactionType":"ENTER_TEXT"}]}
RESULT: {"script":"<script> [776 bytes]","args":[{"enterText":"Piece","selector":{"id":"application-manageresources-display-component---newResourceUnit--BASE_UNIT_OF_MEASURE","interaction":{"idSuffix":"inner"}},"clearTextFirst":true,"interactionType":"ENTER_TEXT"}]}
COMMAND: POST /session/eba1f4137d59e17012d733eb998fae51/execute/async - {"script":"<script> [1562 bytes]","args":[{"selector":{"id":"application-manageresources-display-component---newResourceUnit--WEIGHT_UNIT","interaction":{"idSuffix":"inner"}},"wdio_ui5_key":"applicationmanageresources-display-component---newResourceUnit--WEIGHT_UNIT"}]}
RESULT: {"script":"<script> [1562 bytes]","args":[{"selector":{"id":"application-manageresources-display-component---newResourceUnit--WEIGHT_UNIT","interaction":{"idSuffix":"inner"}},"wdio_ui5_key":"applicationmanageresources-display-component---newResourceUnit--WEIGHT_UNIT"}]}
RESULT: undefined
COMMAND: POST /session/eba1f4137d59e17012d733eb998fae51/execute/async - {"script":"<script> [776 bytes]","args":[{"enterText":"Gram","selector":{"id":"application-manageresources-display-component---newResourceUnit--WEIGHT_UNIT","interaction":{"idSuffix":"inner"}},"clearTextFirst":true,"interactionType":"ENTER_TEXT"}]}
RESULT: {"script":"<script> [776 bytes]","args":[{"enterText":"Gram","selector":{"id":"application-manageresources-display-component---newResourceUnit--WEIGHT_UNIT","interaction":{"idSuffix":"inner"}},"clearTextFirst":true,"interactionType":"ENTER_TEXT"}]}
COMMAND: POST /session/eba1f4137d59e17012d733eb998fae51/execute/async - {"script":"<script> [1562 bytes]","args":[{"selector":{"id":"application-manageresources-display-component---newResourceUnit--DIMENSION_UNIT","interaction":{"idSuffix":"inner"}},"wdio_ui5_key":"applicationmanageresources-display-component---newResourceUnit--DIMENSION_UNIT"}]}
RESULT: {"script":"<script> [1562 bytes]","args":[{"selector":{"id":"application-manageresources-display-component---newResourceUnit--DIMENSION_UNIT","interaction":{"idSuffix":"inner"}},"wdio_ui5_key":"applicationmanageresources-display-component---newResourceUnit--DIMENSION_UNIT"}]}
RESULT: undefined
COMMAND: POST /session/eba1f4137d59e17012d733eb998fae51/execute/async - {"script":"<script> [776 bytes]","args":[{"enterText":"Meter","selector":{"id":"application-manageresources-display-component---newResourceUnit--DIMENSION_UNIT","interaction":{"idSuffix":"inner"}},"clearTextFirst":true,"interactionType":"ENTER_TEXT"}]}
RESULT: {"script":"<script> [776 bytes]","args":[{"enterText":"Meter","selector":{"id":"application-manageresources-display-component---newResourceUnit--DIMENSION_UNIT","interaction":{"idSuffix":"inner"}},"clearTextFirst":true,"interactionType":"ENTER_TEXT"}]}
COMMAND: POST /session/eba1f4137d59e17012d733eb998fae51/execute/async - {"script":"<script> [1562 bytes]","args":[{"selector":{"id":"application-manageresources-display-component---newResourceUnit--newRRUPage-anchBar-application-manageresources-display-component---newResourceUnit--control-anchor","interaction":{"idSuffix":"BDI-content"}},"wdio_ui5_key":"applicationmanageresources-display-component---newResourceUnit--newRRUPage-anchBar-application-manageresources-display-component---newResourceUnit--control-anchor"}]}
RESULT: {"script":"<script> [1562 bytes]","args":[{"selector":{"id":"application-manageresources-display-component---newResourceUnit--newRRUPage-anchBar-application-manageresources-display-component---newResourceUnit--control-anchor","interaction":{"idSuffix":"BDI-content"}},"wdio_ui5_key":"applicationmanageresources-display-component---newResourceUnit--newRRUPage-anchBar-application-manageresources-display-component---newResourceUnit--control-anchor"}]}
RESULT: undefined
COMMAND: POST /session/eba1f4137d59e17012d733eb998fae51/element - {"using":"xpath","value":"//*[@id=\"application-manageresources-display-component---newResourceUnit--newRRUPage-anchBar-application-manageresources-display-component---newResourceUnit--control-anchor\"]"}
RESULT: {"using":"xpath","value":"//*[@id=\"application-manageresources-display-component---newResourceUnit--newRRUPage-anchBar-application-manageresources-display-component---newResourceUnit--control-anchor\"]"}
COMMAND: POST /session/eba1f4137d59e17012d733eb998fae51/element/f.7AE0A9E4E389AFF4A1B7A60F0CE9C65F.d.9500C787CCD83BC5DAF6A7773221E60A.e.2438/click - {}
RESULT: {}
COMMAND: POST /session/eba1f4137d59e17012d733eb998fae51/execute/async - {"script":"<script> [1562 bytes]","args":[{"selector":{"id":"application-manageresources-display-component---newResourceUnit--PLANNING_GROUP","interaction":{"idSuffix":"inner"}},"wdio_ui5_key":"applicationmanageresources-display-component---newResourceUnit--PLANNING_GROUP"}]}
COMMAND: GET /session/eba1f4137d59e17012d733eb998fae51/screenshot - {}
RESULT: {"script":"<script> [1562 bytes]","args":[{"selector":{"id":"application-manageresources-display-component---newResourceUnit--PLANNING_GROUP","interaction":{"idSuffix":"inner"}},"wdio_ui5_key":"applicationmanageresources-display-component---newResourceUnit--PLANNING_GROUP"}]}
RESULT: undefined
COMMAND: POST /session/eba1f4137d59e17012d733eb998fae51/execute/async - {"script":"<script> [776 bytes]","args":[{"enterText":"Heavy Equi","selector":{"id":"application-manageresources-display-component---newResourceUnit--PLANNING_GROUP","interaction":{"idSuffix":"inner"}},"clearTextFirst":true,"interactionType":"ENTER_TEXT"}]}
RESULT: {}
RESULT: {"script":"<script> [776 bytes]","args":[{"enterText":"Heavy Equi","selector":{"id":"application-manageresources-display-component---newResourceUnit--PLANNING_GROUP","interaction":{"idSuffix":"inner"}},"clearTextFirst":true,"interactionType":"ENTER_TEXT"}]}
COMMAND: POST /session/eba1f4137d59e17012d733eb998fae51/execute/async - {"script":"<script> [1562 bytes]","args":[{"selector":{"id":"application-manageresources-display-component---newResourceUnit--ITEM_TYPE-arrow"},"wdio_ui5_key":"applicationmanageresources-display-component---newResourceUnit--ITEM_TYPE-arrow"}]}
RESULT: {"script":"<script> [1562 bytes]","args":[{"selector":{"id":"application-manageresources-display-component---newResourceUnit--ITEM_TYPE-arrow"},"wdio_ui5_key":"applicationmanageresources-display-component---newResourceUnit--ITEM_TYPE-arrow"}]}
RESULT: undefined
COMMAND: POST /session/eba1f4137d59e17012d733eb998fae51/element - {"using":"xpath","value":"//*[@id=\"application-manageresources-display-component---newResourceUnit--ITEM_TYPE-arrow\"]"}
RESULT: {"using":"xpath","value":"//*[@id=\"application-manageresources-display-component---newResourceUnit--ITEM_TYPE-arrow\"]"}
COMMAND: POST /session/eba1f4137d59e17012d733eb998fae51/element/f.7AE0A9E4E389AFF4A1B7A60F0CE9C65F.d.9500C787CCD83BC5DAF6A7773221E60A.e.2447/click - {}
RESULT: {}
COMMAND: POST /session/eba1f4137d59e17012d733eb998fae51/element - {"using":"xpath","value":"//ul[contains(@id,\"ITEM_TYPE-popup-list-listUl\")]//li[.//span[contains(text(),\"Resource Unit\")]]"}
COMMAND: GET /session/eba1f4137d59e17012d733eb998fae51/screenshot - {}
RESULT: {"using":"xpath","value":"//ul[contains(@id,\"ITEM_TYPE-popup-list-listUl\")]//li[.//span[contains(text(),\"Resource Unit\")]]"}
COMMAND: POST /session/eba1f4137d59e17012d733eb998fae51/element/f.7AE0A9E4E389AFF4A1B7A60F0CE9C65F.d.9500C787CCD83BC5DAF6A7773221E60A.e.2448/click - {}
RESULT: {}
RESULT: {}
COMMAND: GET /session/eba1f4137d59e17012d733eb998fae51/screenshot - {}
RESULT: {}
COMMAND: POST /session/eba1f4137d59e17012d733eb998fae51/element - {"using":"css selector","value":"#application-manageresources-display-component---newResourceUnit--btnAddTimeSegment"}
RESULT: {"using":"css selector","value":"#application-manageresources-display-component---newResourceUnit--btnAddTimeSegment"}
COMMAND: GET /session/eba1f4137d59e17012d733eb998fae51/element/f.7AE0A9E4E389AFF4A1B7A60F0CE9C65F.d.9500C787CCD83BC5DAF6A7773221E60A.e.2455/rect - {}
RESULT: {}
COMMAND: GET /session/eba1f4137d59e17012d733eb998fae51/window/rect - {}
RESULT: {}
COMMAND: POST /session/eba1f4137d59e17012d733eb998fae51/execute/sync - {"script":"<script> [92 bytes]","args":[]}
RESULT: {"script":"<script> [92 bytes]","args":[]}
COMMAND: POST /session/eba1f4137d59e17012d733eb998fae51/actions - {"actions":[{"id":"action12","type":"wheel","parameters":{},"actions":[{"type":"scroll","x":-1888,"y":-32,"deltaX":0,"deltaY":0,"duration":0,"origin":{"element-6066-11e4-a52e-4f735466cecf":"f.7AE0A9E4E389AFF4A1B7A60F0CE9C65F.d.9500C787CCD83BC5DAF6A7773221E60A.e.2455"}}]}]}
COMMAND: GET /session/eba1f4137d59e17012d733eb998fae51/screenshot - {}
RESULT: {}
COMMAND: POST /session/eba1f4137d59e17012d733eb998fae51/execute/sync - {"script":"<script> [79 bytes]","args":[{"element-6066-11e4-a52e-4f735466cecf":"f.7AE0A9E4E389AFF4A1B7A60F0CE9C65F.d.9500C787CCD83BC5DAF6A7773221E60A.e.2455","ELEMENT":"f.7AE0A9E4E389AFF4A1B7A60F0CE9C65F.d.9500C787CCD83BC5DAF6A7773221E60A.e.2455"},{"block":"start","inline":"nearest"}]}
RESULT: {"script":"<script> [79 bytes]","args":[{"element-6066-11e4-a52e-4f735466cecf":"f.7AE0A9E4E389AFF4A1B7A60F0CE9C65F.d.9500C787CCD83BC5DAF6A7773221E60A.e.2455","ELEMENT":"f.7AE0A9E4E389AFF4A1B7A60F0CE9C65F.d.9500C787CCD83BC5DAF6A7773221E60A.e.2455"},{"block":"start","inline":"nearest"}]}
COMMAND: POST /session/eba1f4137d59e17012d733eb998fae51/execute/async - {"script":"<script> [1562 bytes]","args":[{"selector":{"id":"application-manageresources-display-component---newResourceUnit--btnAddTimeSegment","interaction":{"idSuffix":"inner"}},"wdio_ui5_key":"applicationmanageresources-display-component---newResourceUnit--btnAddTimeSegment"}]}
COMMAND: GET /session/eba1f4137d59e17012d733eb998fae51/screenshot - {}
RESULT: {"script":"<script> [1562 bytes]","args":[{"selector":{"id":"application-manageresources-display-component---newResourceUnit--btnAddTimeSegment","interaction":{"idSuffix":"inner"}},"wdio_ui5_key":"applicationmanageresources-display-component---newResourceUnit--btnAddTimeSegment"}]}
RESULT: undefined
COMMAND: POST /session/eba1f4137d59e17012d733eb998fae51/element - {"using":"xpath","value":"//*[@id=\"application-manageresources-display-component---newResourceUnit--btnAddTimeSegment\"]"}
RESULT: {}
RESULT: {"using":"xpath","value":"//*[@id=\"application-manageresources-display-component---newResourceUnit--btnAddTimeSegment\"]"}
COMMAND: POST /session/eba1f4137d59e17012d733eb998fae51/element/f.7AE0A9E4E389AFF4A1B7A60F0CE9C65F.d.9500C787CCD83BC5DAF6A7773221E60A.e.2455/click - {}
RESULT: {}
COMMAND: GET /session/eba1f4137d59e17012d733eb998fae51/screenshot - {}
RESULT: {}
COMMAND: POST /session/eba1f4137d59e17012d733eb998fae51/element - {"using":"xpath","value":"//input[@id=\"application-manageresources-display-component---newResourceUnit--idRuTSAdmin-application-manageresources-display-component---newResourceUnit--RUTimeSegment-0-inner\"]"}
RESULT: {"using":"xpath","value":"//input[@id=\"application-manageresources-display-component---newResourceUnit--idRuTSAdmin-application-manageresources-display-component---newResourceUnit--RUTimeSegment-0-inner\"]"}
COMMAND: POST /session/eba1f4137d59e17012d733eb998fae51/element/f.7AE0A9E4E389AFF4A1B7A60F0CE9C65F.d.9500C787CCD83BC5DAF6A7773221E60A.e.2461/clear - {}
RESULT: {}
COMMAND: POST /session/eba1f4137d59e17012d733eb998fae51/element/f.7AE0A9E4E389AFF4A1B7A60F0CE9C65F.d.9500C787CCD83BC5DAF6A7773221E60A.e.2461/value - {"text":"109"}
COMMAND: GET /session/eba1f4137d59e17012d733eb998fae51/screenshot - {}
RESULT: {"text":"109"}
COMMAND: GET /session/eba1f4137d59e17012d733eb998fae51/screenshot - {}
RESULT: {}
RESULT: {}
COMMAND: POST /session/eba1f4137d59e17012d733eb998fae51/element - {"using":"xpath","value":"//li[.//span[text()='109']]"}
RESULT: {"using":"xpath","value":"//li[.//span[text()='109']]"}
COMMAND: POST /session/eba1f4137d59e17012d733eb998fae51/element/f.7AE0A9E4E389AFF4A1B7A60F0CE9C65F.d.9500C787CCD83BC5DAF6A7773221E60A.e.2473/click - {}
RESULT: {}
COMMAND: GET /session/eba1f4137d59e17012d733eb998fae51/screenshot - {}
RESULT: {}
COMMAND: POST /session/eba1f4137d59e17012d733eb998fae51/element - {"using":"xpath","value":"(//span[contains(@id, \"-application-manageresources-display-component---newResourceUnit--RUTimeSegment-0-arrow\")])[6]"}
RESULT: {"using":"xpath","value":"(//span[contains(@id, \"-application-manageresources-display-component---newResourceUnit--RUTimeSegment-0-arrow\")])[6]"}
COMMAND: POST /session/eba1f4137d59e17012d733eb998fae51/element/f.7AE0A9E4E389AFF4A1B7A60F0CE9C65F.d.9500C787CCD83BC5DAF6A7773221E60A.e.2474/click - {}
RESULT: {}
COMMAND: GET /session/eba1f4137d59e17012d733eb998fae51/screenshot - {}
RESULT: {}
COMMAND: POST /session/eba1f4137d59e17012d733eb998fae51/element - {"using":"xpath","value":"//span[contains(text(), \"PM Order\")]"}
RESULT: {"using":"xpath","value":"//span[contains(text(), \"PM Order\")]"}
COMMAND: POST /session/eba1f4137d59e17012d733eb998fae51/element/f.7AE0A9E4E389AFF4A1B7A60F0CE9C65F.d.9500C787CCD83BC5DAF6A7773221E60A.e.2477/click - {}
RESULT: {}
COMMAND: GET /session/eba1f4137d59e17012d733eb998fae51/screenshot - {}
RESULT: {}
COMMAND: POST /session/eba1f4137d59e17012d733eb998fae51/element - {"using":"xpath","value":"(//span[contains(@id ,\"manageresources-display-component---newResourceUnit--RUTimeSegment-0-vhi\")])[1]"}
RESULT: {"using":"xpath","value":"(//span[contains(@id ,\"manageresources-display-component---newResourceUnit--RUTimeSegment-0-vhi\")])[1]"}
COMMAND: GET /session/eba1f4137d59e17012d733eb998fae51/element/f.7AE0A9E4E389AFF4A1B7A60F0CE9C65F.d.9500C787CCD83BC5DAF6A7773221E60A.e.2481/rect - {}
RESULT: {}
COMMAND: GET /session/eba1f4137d59e17012d733eb998fae51/window/rect - {}
RESULT: {}
COMMAND: POST /session/eba1f4137d59e17012d733eb998fae51/execute/sync - {"script":"<script> [92 bytes]","args":[]}
RESULT: {"script":"<script> [92 bytes]","args":[]}
COMMAND: POST /session/eba1f4137d59e17012d733eb998fae51/actions - {"actions":[{"id":"action13","type":"wheel","parameters":{},"actions":[{"type":"scroll","x":-869,"y":-24,"deltaX":0,"deltaY":0,"duration":0,"origin":{"element-6066-11e4-a52e-4f735466cecf":"f.7AE0A9E4E389AFF4A1B7A60F0CE9C65F.d.9500C787CCD83BC5DAF6A7773221E60A.e.2481"}}]}]}
COMMAND: GET /session/eba1f4137d59e17012d733eb998fae51/screenshot - {}
RESULT: {"actions":[{"id":"action13","type":"wheel","parameters":{},"actions":[{"type":"scroll","x":-869,"y":-24,"deltaX":0,"deltaY":0,"duration":0,"origin":{"element-6066-11e4-a52e-4f735466cecf":"f.7AE0A9E4E389AFF4A1B7A60F0CE9C65F.d.9500C787CCD83BC5DAF6A7773221E60A.e.2481"}}]}]}
COMMAND: DELETE /session/eba1f4137d59e17012d733eb998fae51/actions - {}
COMMAND: GET /session/eba1f4137d59e17012d733eb998fae51/screenshot - {}
RESULT: {}
RESULT: {}
COMMAND: GET /session/eba1f4137d59e17012d733eb998fae51/screenshot - {}
RESULT: {}
RESULT: {}
COMMAND: POST /session/eba1f4137d59e17012d733eb998fae51/element/f.7AE0A9E4E389AFF4A1B7A60F0CE9C65F.d.9500C787CCD83BC5DAF6A7773221E60A.e.2481/click - {}
RESULT: {}
COMMAND: GET /session/eba1f4137d59e17012d733eb998fae51/screenshot - {}
RESULT: {}
COMMAND: POST /session/eba1f4137d59e17012d733eb998fae51/execute/async - {"script":"<script> [1562 bytes]","args":[{"selector":{"controlType":"sap.m.SearchField","properties":{"placeholder":"Search"},"searchOpenDialogs":true,"interaction":{"idSuffix":"I"}},"wdio_ui5_key":"sapm.SearchField{\"placeholder\":\"Search\"}"}]}
RESULT: {"script":"<script> [1562 bytes]","args":[{"selector":{"controlType":"sap.m.SearchField","properties":{"placeholder":"Search"},"searchOpenDialogs":true,"interaction":{"idSuffix":"I"}},"wdio_ui5_key":"sapm.SearchField{\"placeholder\":\"Search\"}"}]}
RESULT: undefined
COMMAND: POST /session/eba1f4137d59e17012d733eb998fae51/execute/async - {"script":"<script> [776 bytes]","args":[{"enterText":"4000360","selector":{"controlType":"sap.m.SearchField","properties":{"placeholder":"Search"},"searchOpenDialogs":true,"interaction":{"idSuffix":"I"}},"clearTextFirst":true,"interactionType":"ENTER_TEXT"}]}
RESULT: {"script":"<script> [776 bytes]","args":[{"enterText":"4000360","selector":{"controlType":"sap.m.SearchField","properties":{"placeholder":"Search"},"searchOpenDialogs":true,"interaction":{"idSuffix":"I"}},"clearTextFirst":true,"interactionType":"ENTER_TEXT"}]}
COMMAND: POST /session/eba1f4137d59e17012d733eb998fae51/actions - {"actions":[{"id":"action14","type":"key","parameters":{},"actions":[{"type":"keyDown","value":""},{"type":"pause","duration":10},{"type":"keyUp","value":""}]}]}
RESULT: {"actions":[{"id":"action14","type":"key","parameters":{},"actions":[{"type":"keyDown","value":""},{"type":"pause","duration":10},{"type":"keyUp","value":""}]}]}
COMMAND: GET /session/eba1f4137d59e17012d733eb998fae51/screenshot - {}
RESULT: {}
COMMAND: POST /session/eba1f4137d59e17012d733eb998fae51/element - {"using":"xpath","value":"//td/div/span[contains(text(), \"BGL Vehicles\")]"}
RESULT: {"using":"xpath","value":"//td/div/span[contains(text(), \"BGL Vehicles\")]"}
COMMAND: POST /session/eba1f4137d59e17012d733eb998fae51/element/f.7AE0A9E4E389AFF4A1B7A60F0CE9C65F.d.9500C787CCD83BC5DAF6A7773221E60A.e.2503/click - {}
RESULT: {}
COMMAND: GET /session/eba1f4137d59e17012d733eb998fae51/screenshot - {}
RESULT: {}
COMMAND: POST /session/eba1f4137d59e17012d733eb998fae51/element - {"using":"xpath","value":"//bdi[contains(text(), \"OK\")]"}
RESULT: {"using":"xpath","value":"//bdi[contains(text(), \"OK\")]"}
COMMAND: POST /session/eba1f4137d59e17012d733eb998fae51/element/f.7AE0A9E4E389AFF4A1B7A60F0CE9C65F.d.9500C787CCD83BC5DAF6A7773221E60A.e.2504/click - {}
RESULT: {}
COMMAND: GET /session/eba1f4137d59e17012d733eb998fae51/screenshot - {}
RESULT: {}
COMMAND: POST /session/eba1f4137d59e17012d733eb998fae51/execute/async - {"script":"<script> [1562 bytes]","args":[{"selector":{"id":"application-manageresources-display-component---newResourceUnit--newRRUPage-anchBar-application-manageresources-display-component---newResourceUnit--resource-anchor","interaction":{"idSuffix":"BDI-content"}},"wdio_ui5_key":"applicationmanageresources-display-component---newResourceUnit--newRRUPage-anchBar-application-manageresources-display-component---newResourceUnit--resource-anchor"}]}
RESULT: {"script":"<script> [1562 bytes]","args":[{"selector":{"id":"application-manageresources-display-component---newResourceUnit--newRRUPage-anchBar-application-manageresources-display-component---newResourceUnit--resource-anchor","interaction":{"idSuffix":"BDI-content"}},"wdio_ui5_key":"applicationmanageresources-display-component---newResourceUnit--newRRUPage-anchBar-application-manageresources-display-component---newResourceUnit--resource-anchor"}]}
RESULT: undefined
COMMAND: POST /session/eba1f4137d59e17012d733eb998fae51/element - {"using":"xpath","value":"//*[@id=\"application-manageresources-display-component---newResourceUnit--newRRUPage-anchBar-application-manageresources-display-component---newResourceUnit--resource-anchor\"]"}
RESULT: {"using":"xpath","value":"//*[@id=\"application-manageresources-display-component---newResourceUnit--newRRUPage-anchBar-application-manageresources-display-component---newResourceUnit--resource-anchor\"]"}
COMMAND: POST /session/eba1f4137d59e17012d733eb998fae51/element/f.7AE0A9E4E389AFF4A1B7A60F0CE9C65F.d.9500C787CCD83BC5DAF6A7773221E60A.e.2508/click - {}
RESULT: {}
COMMAND: POST /session/eba1f4137d59e17012d733eb998fae51/execute/async - {"script":"<script> [1562 bytes]","args":[{"selector":{"id":"application-manageresources-display-component---newResourceUnit--PLANNED_DELIVERY_DATE","interaction":{"idSuffix":"inner"}},"wdio_ui5_key":"applicationmanageresources-display-component---newResourceUnit--PLANNED_DELIVERY_DATE"}]}
COMMAND: GET /session/eba1f4137d59e17012d733eb998fae51/screenshot - {}
RESULT: {"script":"<script> [1562 bytes]","args":[{"selector":{"id":"application-manageresources-display-component---newResourceUnit--PLANNED_DELIVERY_DATE","interaction":{"idSuffix":"inner"}},"wdio_ui5_key":"applicationmanageresources-display-component---newResourceUnit--PLANNED_DELIVERY_DATE"}]}
RESULT: undefined
COMMAND: POST /session/eba1f4137d59e17012d733eb998fae51/execute/async - {"script":"<script> [6424 bytes]","args":[{"element-6066-11e4-a52e-4f735466cecf":"f.7AE0A9E4E389AFF4A1B7A60F0CE9C65F.d.9500C787CCD83BC5DAF6A7773221E60A.e.2336"},"setValue",["6/1/25"]]}
RESULT: {}
RESULT: {"script":"<script> [6424 bytes]","args":[{"element-6066-11e4-a52e-4f735466cecf":"f.7AE0A9E4E389AFF4A1B7A60F0CE9C65F.d.9500C787CCD83BC5DAF6A7773221E60A.e.2336"},"setValue",["6/1/25"]]}
COMMAND: POST /session/eba1f4137d59e17012d733eb998fae51/element - {"using":"xpath","value":"//label[contains(@class, 'sapMLabelRequired') and .//bdi[contains(text(), 'Planned Retirement')]]"}
RESULT: {"using":"xpath","value":"//label[contains(@class, 'sapMLabelRequired') and .//bdi[contains(text(), 'Planned Retirement')]]"}
COMMAND: POST /session/eba1f4137d59e17012d733eb998fae51/elements - {"using":"xpath","value":"//label[contains(@class, 'sapMLabelRequired') and .//bdi[contains(text(), 'Planned Retirement')]]"}
RESULT: {"using":"xpath","value":"//label[contains(@class, 'sapMLabelRequired') and .//bdi[contains(text(), 'Planned Retirement')]]"}
COMMAND: POST /session/eba1f4137d59e17012d733eb998fae51/element - {"using":"xpath","value":"//button[@data-kt=\"resourceUnitSaveButton\"]"}
RESULT: {"using":"xpath","value":"//button[@data-kt=\"resourceUnitSaveButton\"]"}
COMMAND: POST /session/eba1f4137d59e17012d733eb998fae51/element/f.7AE0A9E4E389AFF4A1B7A60F0CE9C65F.d.9500C787CCD83BC5DAF6A7773221E60A.e.2295/click - {}
RESULT: {}
COMMAND: GET /session/eba1f4137d59e17012d733eb998fae51/screenshot - {}
RESULT: {}
COMMAND: POST /session/eba1f4137d59e17012d733eb998fae51/element - {"using":"xpath","value":"//bdi[contains(text(), \"Close\")]"}
RESULT: {"using":"xpath","value":"//bdi[contains(text(), \"Close\")]"}
COMMAND: POST /session/eba1f4137d59e17012d733eb998fae51/element/f.7AE0A9E4E389AFF4A1B7A60F0CE9C65F.d.9500C787CCD83BC5DAF6A7773221E60A.e.2516/click - {}
RESULT: {}
COMMAND: GET /session/eba1f4137d59e17012d733eb998fae51/screenshot - {}
RESULT: {}
COMMAND: POST /session/eba1f4137d59e17012d733eb998fae51/element - {"using":"xpath","value":"(//button[contains(@id ,\"actionsToolbar-overflowButton\")])[1]"}
RESULT: {"using":"xpath","value":"(//button[contains(@id ,\"actionsToolbar-overflowButton\")])[1]"}
COMMAND: POST /session/eba1f4137d59e17012d733eb998fae51/element/f.7AE0A9E4E389AFF4A1B7A60F0CE9C65F.d.9500C787CCD83BC5DAF6A7773221E60A.e.2572/click - {}
RESULT: {}
COMMAND: GET /session/eba1f4137d59e17012d733eb998fae51/screenshot - {}
RESULT: {}
COMMAND: POST /session/eba1f4137d59e17012d733eb998fae51/element - {"using":"xpath","value":"//button[@data-kt=\"priceInfoButton\"]"}
RESULT: {"using":"xpath","value":"//button[@data-kt=\"priceInfoButton\"]"}
COMMAND: POST /session/eba1f4137d59e17012d733eb998fae51/element/f.7AE0A9E4E389AFF4A1B7A60F0CE9C65F.d.9500C787CCD83BC5DAF6A7773221E60A.e.2574/click - {}
RESULT: {}
COMMAND: GET /session/eba1f4137d59e17012d733eb998fae51/screenshot - {}
RESULT: {}
COMMAND: POST /session/eba1f4137d59e17012d733eb998fae51/element - {"using":"css selector","value":"#shell-header-logo"}
RESULT: {"using":"css selector","value":"#shell-header-logo"}
COMMAND: POST /session/eba1f4137d59e17012d733eb998fae51/element/f.7AE0A9E4E389AFF4A1B7A60F0CE9C65F.d.9500C787CCD83BC5DAF6A7773221E60A.e.2082/click - {}
RESULT: {}
COMMAND: GET /session/eba1f4137d59e17012d733eb998fae51/screenshot - {}
RESULT: {}
]]></system-out>
    </testcase>
    <testcase classname="chrome.136_0_7103_93.windows.RU_Inventory_Mass_State_Change_Multiple_Items_US151066" name="Prerequisite Step 2 Should create a new material" time="122.133">
      <system-out><![CDATA[
RESULT: undefined
COMMAND: POST /session/eba1f4137d59e17012d733eb998fae51/element - {"using":"xpath","value":"//*[@id=\"__tile39\"]"}
RESULT: {"using":"xpath","value":"//*[@id=\"__tile39\"]"}
COMMAND: POST /session/eba1f4137d59e17012d733eb998fae51/element/f.7AE0A9E4E389AFF4A1B7A60F0CE9C65F.d.9500C787CCD83BC5DAF6A7773221E60A.e.157/click - {}
RESULT: {}
COMMAND: GET /session/eba1f4137d59e17012d733eb998fae51/screenshot - {}
RESULT: {}
COMMAND: POST /session/eba1f4137d59e17012d733eb998fae51/elements - {"using":"xpath","value":"//span[text()='Error']"}
RESULT: {"using":"xpath","value":"//span[text()='Error']"}
COMMAND: POST /session/eba1f4137d59e17012d733eb998fae51/element - {"using":"xpath","value":"//button[@data-kt=\"addNewRUOverflowToolbarButton\"]"}
RESULT: {"using":"xpath","value":"//button[@data-kt=\"addNewRUOverflowToolbarButton\"]"}
COMMAND: POST /session/eba1f4137d59e17012d733eb998fae51/elements - {"using":"xpath","value":"//button[@data-kt=\"addNewRUOverflowToolbarButton\"]"}
RESULT: {"using":"xpath","value":"//button[@data-kt=\"addNewRUOverflowToolbarButton\"]"}
COMMAND: POST /session/eba1f4137d59e17012d733eb998fae51/execute/sync - {"script":"<script> [8489 bytes]","args":[{"element-6066-11e4-a52e-4f735466cecf":"f.7AE0A9E4E389AFF4A1B7A60F0CE9C65F.d.9500C787CCD83BC5DAF6A7773221E60A.e.2618","ELEMENT":"f.7AE0A9E4E389AFF4A1B7A60F0CE9C65F.d.9500C787CCD83BC5DAF6A7773221E60A.e.2618"}]}
RESULT: {"script":"<script> [8489 bytes]","args":[{"element-6066-11e4-a52e-4f735466cecf":"f.7AE0A9E4E389AFF4A1B7A60F0CE9C65F.d.9500C787CCD83BC5DAF6A7773221E60A.e.2618","ELEMENT":"f.7AE0A9E4E389AFF4A1B7A60F0CE9C65F.d.9500C787CCD83BC5DAF6A7773221E60A.e.2618"}]}
COMMAND: GET /session/eba1f4137d59e17012d733eb998fae51/element/f.7AE0A9E4E389AFF4A1B7A60F0CE9C65F.d.9500C787CCD83BC5DAF6A7773221E60A.e.2618/enabled - {}
COMMAND: GET /session/eba1f4137d59e17012d733eb998fae51/screenshot - {}
RESULT: {}
COMMAND: POST /session/eba1f4137d59e17012d733eb998fae51/execute/sync - {"script":"<script> [8489 bytes]","args":[{"element-6066-11e4-a52e-4f735466cecf":"f.7AE0A9E4E389AFF4A1B7A60F0CE9C65F.d.9500C787CCD83BC5DAF6A7773221E60A.e.2618","ELEMENT":"f.7AE0A9E4E389AFF4A1B7A60F0CE9C65F.d.9500C787CCD83BC5DAF6A7773221E60A.e.2618"}]}
COMMAND: GET /session/eba1f4137d59e17012d733eb998fae51/screenshot - {}
RESULT: {}
RESULT: {"script":"<script> [8489 bytes]","args":[{"element-6066-11e4-a52e-4f735466cecf":"f.7AE0A9E4E389AFF4A1B7A60F0CE9C65F.d.9500C787CCD83BC5DAF6A7773221E60A.e.2618","ELEMENT":"f.7AE0A9E4E389AFF4A1B7A60F0CE9C65F.d.9500C787CCD83BC5DAF6A7773221E60A.e.2618"}]}
COMMAND: POST /session/eba1f4137d59e17012d733eb998fae51/execute/sync - {"script":"<script> [5351 bytes]","args":[{"element-6066-11e4-a52e-4f735466cecf":"f.7AE0A9E4E389AFF4A1B7A60F0CE9C65F.d.9500C787CCD83BC5DAF6A7773221E60A.e.2618","ELEMENT":"f.7AE0A9E4E389AFF4A1B7A60F0CE9C65F.d.9500C787CCD83BC5DAF6A7773221E60A.e.2618"}]}
COMMAND: GET /session/eba1f4137d59e17012d733eb998fae51/screenshot - {}
RESULT: {}
RESULT: {"script":"<script> [5351 bytes]","args":[{"element-6066-11e4-a52e-4f735466cecf":"f.7AE0A9E4E389AFF4A1B7A60F0CE9C65F.d.9500C787CCD83BC5DAF6A7773221E60A.e.2618","ELEMENT":"f.7AE0A9E4E389AFF4A1B7A60F0CE9C65F.d.9500C787CCD83BC5DAF6A7773221E60A.e.2618"}]}
COMMAND: POST /session/eba1f4137d59e17012d733eb998fae51/element/f.7AE0A9E4E389AFF4A1B7A60F0CE9C65F.d.9500C787CCD83BC5DAF6A7773221E60A.e.2618/click - {}
COMMAND: GET /session/eba1f4137d59e17012d733eb998fae51/screenshot - {}
RESULT: {}
RESULT: {}
COMMAND: GET /session/eba1f4137d59e17012d733eb998fae51/screenshot - {}
RESULT: undefined
COMMAND: POST /session/eba1f4137d59e17012d733eb998fae51/element - {"using":"xpath","value":"//*[@id=\"application-manageresources-display-component---newResourceUnit--TYPE-arrow\"]"}
RESULT: {}
RESULT: {}
RESULT: {"using":"xpath","value":"//*[@id=\"application-manageresources-display-component---newResourceUnit--TYPE-arrow\"]"}
COMMAND: POST /session/eba1f4137d59e17012d733eb998fae51/element/f.7AE0A9E4E389AFF4A1B7A60F0CE9C65F.d.9500C787CCD83BC5DAF6A7773221E60A.e.2973/click - {}
RESULT: {}
COMMAND: POST /session/eba1f4137d59e17012d733eb998fae51/element - {"using":"xpath","value":"//input[@id=\"application-manageresources-display-component---newResourceUnit--TYPE-inner\"]"}
COMMAND: GET /session/eba1f4137d59e17012d733eb998fae51/screenshot - {}
RESULT: {"using":"xpath","value":"//input[@id=\"application-manageresources-display-component---newResourceUnit--TYPE-inner\"]"}
COMMAND: POST /session/eba1f4137d59e17012d733eb998fae51/element/f.7AE0A9E4E389AFF4A1B7A60F0CE9C65F.d.9500C787CCD83BC5DAF6A7773221E60A.e.2961/clear - {}
RESULT: {}
RESULT: {}
COMMAND: POST /session/eba1f4137d59e17012d733eb998fae51/element/f.7AE0A9E4E389AFF4A1B7A60F0CE9C65F.d.9500C787CCD83BC5DAF6A7773221E60A.e.2961/value - {"text":"Material"}
COMMAND: GET /session/eba1f4137d59e17012d733eb998fae51/screenshot - {}
RESULT: {"text":"Material"}
COMMAND: GET /session/eba1f4137d59e17012d733eb998fae51/screenshot - {}
RESULT: {}
RESULT: {}
COMMAND: POST /session/eba1f4137d59e17012d733eb998fae51/actions - {"actions":[{"id":"action15","type":"key","parameters":{},"actions":[{"type":"keyDown","value":""},{"type":"pause","duration":10},{"type":"keyUp","value":""}]}]}
RESULT: {"actions":[{"id":"action15","type":"key","parameters":{},"actions":[{"type":"keyDown","value":""},{"type":"pause","duration":10},{"type":"keyUp","value":""}]}]}
RESULT: undefined
COMMAND: POST /session/eba1f4137d59e17012d733eb998fae51/execute/async - {"script":"<script> [776 bytes]","args":[{"enterText":"Cement WDIO","selector":{"id":"application-manageresources-display-component---newResourceUnit--SHORT_TEXT","interaction":{"idSuffix":"inner"}},"clearTextFirst":true,"interactionType":"ENTER_TEXT"}]}
COMMAND: GET /session/eba1f4137d59e17012d733eb998fae51/screenshot - {}
RESULT: {"script":"<script> [776 bytes]","args":[{"enterText":"Cement WDIO","selector":{"id":"application-manageresources-display-component---newResourceUnit--SHORT_TEXT","interaction":{"idSuffix":"inner"}},"clearTextFirst":true,"interactionType":"ENTER_TEXT"}]}
RESULT: undefined
COMMAND: POST /session/eba1f4137d59e17012d733eb998fae51/execute/async - {"script":"<script> [776 bytes]","args":[{"enterText":"Piece","selector":{"id":"application-manageresources-display-component---newResourceUnit--BASE_UNIT_OF_MEASURE","interaction":{"idSuffix":"inner"}},"clearTextFirst":true,"interactionType":"ENTER_TEXT"}]}
RESULT: {}
RESULT: {"script":"<script> [776 bytes]","args":[{"enterText":"Piece","selector":{"id":"application-manageresources-display-component---newResourceUnit--BASE_UNIT_OF_MEASURE","interaction":{"idSuffix":"inner"}},"clearTextFirst":true,"interactionType":"ENTER_TEXT"}]}
RESULT: undefined
COMMAND: POST /session/eba1f4137d59e17012d733eb998fae51/execute/async - {"script":"<script> [776 bytes]","args":[{"enterText":"Gram","selector":{"id":"application-manageresources-display-component---newResourceUnit--WEIGHT_UNIT","interaction":{"idSuffix":"inner"}},"clearTextFirst":true,"interactionType":"ENTER_TEXT"}]}
RESULT: {"script":"<script> [776 bytes]","args":[{"enterText":"Gram","selector":{"id":"application-manageresources-display-component---newResourceUnit--WEIGHT_UNIT","interaction":{"idSuffix":"inner"}},"clearTextFirst":true,"interactionType":"ENTER_TEXT"}]}
RESULT: undefined
COMMAND: POST /session/eba1f4137d59e17012d733eb998fae51/execute/async - {"script":"<script> [776 bytes]","args":[{"enterText":"Meter","selector":{"id":"application-manageresources-display-component---newResourceUnit--DIMENSION_UNIT","interaction":{"idSuffix":"inner"}},"clearTextFirst":true,"interactionType":"ENTER_TEXT"}]}
RESULT: {"script":"<script> [776 bytes]","args":[{"enterText":"Meter","selector":{"id":"application-manageresources-display-component---newResourceUnit--DIMENSION_UNIT","interaction":{"idSuffix":"inner"}},"clearTextFirst":true,"interactionType":"ENTER_TEXT"}]}
RESULT: undefined
COMMAND: POST /session/eba1f4137d59e17012d733eb998fae51/element - {"using":"xpath","value":"//*[@id=\"application-manageresources-display-component---newResourceUnit--newRRUPage-anchBar-application-manageresources-display-component---newResourceUnit--control-anchor\"]"}
RESULT: {"using":"xpath","value":"//*[@id=\"application-manageresources-display-component---newResourceUnit--newRRUPage-anchBar-application-manageresources-display-component---newResourceUnit--control-anchor\"]"}
COMMAND: POST /session/eba1f4137d59e17012d733eb998fae51/element/f.7AE0A9E4E389AFF4A1B7A60F0CE9C65F.d.9500C787CCD83BC5DAF6A7773221E60A.e.3099/click - {}
RESULT: {}
RESULT: undefined
COMMAND: POST /session/eba1f4137d59e17012d733eb998fae51/execute/async - {"script":"<script> [776 bytes]","args":[{"enterText":"Material","selector":{"id":"application-manageresources-display-component---newResourceUnit--PLANNING_GROUP","interaction":{"idSuffix":"inner"}},"clearTextFirst":true,"interactionType":"ENTER_TEXT"}]}
COMMAND: GET /session/eba1f4137d59e17012d733eb998fae51/screenshot - {}
RESULT: {"script":"<script> [776 bytes]","args":[{"enterText":"Material","selector":{"id":"application-manageresources-display-component---newResourceUnit--PLANNING_GROUP","interaction":{"idSuffix":"inner"}},"clearTextFirst":true,"interactionType":"ENTER_TEXT"}]}
RESULT: {}
COMMAND: POST /session/eba1f4137d59e17012d733eb998fae51/execute/async - {"script":"<script> [1562 bytes]","args":[{"selector":{"id":"application-manageresources-display-component---newResourceUnit--PLANNING_INDICATOR","interaction":{"idSuffix":"inner"}},"wdio_ui5_key":"applicationmanageresources-display-component---newResourceUnit--PLANNING_INDICATOR"}]}
RESULT: {"script":"<script> [1562 bytes]","args":[{"selector":{"id":"application-manageresources-display-component---newResourceUnit--PLANNING_INDICATOR","interaction":{"idSuffix":"inner"}},"wdio_ui5_key":"applicationmanageresources-display-component---newResourceUnit--PLANNING_INDICATOR"}]}
RESULT: undefined
COMMAND: POST /session/eba1f4137d59e17012d733eb998fae51/execute/async - {"script":"<script> [776 bytes]","args":[{"enterText":"10 - infinite","selector":{"id":"application-manageresources-display-component---newResourceUnit--PLANNING_INDICATOR","interaction":{"idSuffix":"inner"}},"clearTextFirst":true,"interactionType":"ENTER_TEXT"}]}
RESULT: {"script":"<script> [776 bytes]","args":[{"enterText":"10 - infinite","selector":{"id":"application-manageresources-display-component---newResourceUnit--PLANNING_INDICATOR","interaction":{"idSuffix":"inner"}},"clearTextFirst":true,"interactionType":"ENTER_TEXT"}]}
COMMAND: POST /session/eba1f4137d59e17012d733eb998fae51/element - {"using":"css selector","value":"#application-manageresources-display-component---newResourceUnit--btnAddTimeSegment"}
RESULT: {"using":"css selector","value":"#application-manageresources-display-component---newResourceUnit--btnAddTimeSegment"}
COMMAND: GET /session/eba1f4137d59e17012d733eb998fae51/element/f.7AE0A9E4E389AFF4A1B7A60F0CE9C65F.d.9500C787CCD83BC5DAF6A7773221E60A.e.3106/rect - {}
RESULT: {}
COMMAND: GET /session/eba1f4137d59e17012d733eb998fae51/window/rect - {}
RESULT: {}
COMMAND: POST /session/eba1f4137d59e17012d733eb998fae51/execute/sync - {"script":"<script> [92 bytes]","args":[]}
RESULT: {"script":"<script> [92 bytes]","args":[]}
COMMAND: POST /session/eba1f4137d59e17012d733eb998fae51/actions - {"actions":[{"id":"action16","type":"wheel","parameters":{},"actions":[{"type":"scroll","x":-1888,"y":-32,"deltaX":0,"deltaY":0,"duration":0,"origin":{"element-6066-11e4-a52e-4f735466cecf":"f.7AE0A9E4E389AFF4A1B7A60F0CE9C65F.d.9500C787CCD83BC5DAF6A7773221E60A.e.3106"}}]}]}
COMMAND: GET /session/eba1f4137d59e17012d733eb998fae51/screenshot - {}
RESULT: {}
COMMAND: POST /session/eba1f4137d59e17012d733eb998fae51/execute/sync - {"script":"<script> [79 bytes]","args":[{"element-6066-11e4-a52e-4f735466cecf":"f.7AE0A9E4E389AFF4A1B7A60F0CE9C65F.d.9500C787CCD83BC5DAF6A7773221E60A.e.3106","ELEMENT":"f.7AE0A9E4E389AFF4A1B7A60F0CE9C65F.d.9500C787CCD83BC5DAF6A7773221E60A.e.3106"},{"block":"start","inline":"nearest"}]}
RESULT: {"script":"<script> [79 bytes]","args":[{"element-6066-11e4-a52e-4f735466cecf":"f.7AE0A9E4E389AFF4A1B7A60F0CE9C65F.d.9500C787CCD83BC5DAF6A7773221E60A.e.3106","ELEMENT":"f.7AE0A9E4E389AFF4A1B7A60F0CE9C65F.d.9500C787CCD83BC5DAF6A7773221E60A.e.3106"},{"block":"start","inline":"nearest"}]}
RESULT: undefined
COMMAND: POST /session/eba1f4137d59e17012d733eb998fae51/element - {"using":"xpath","value":"//*[@id=\"application-manageresources-display-component---newResourceUnit--btnAddTimeSegment\"]"}
COMMAND: GET /session/eba1f4137d59e17012d733eb998fae51/screenshot - {}
RESULT: {"using":"xpath","value":"//*[@id=\"application-manageresources-display-component---newResourceUnit--btnAddTimeSegment\"]"}
COMMAND: POST /session/eba1f4137d59e17012d733eb998fae51/element/f.7AE0A9E4E389AFF4A1B7A60F0CE9C65F.d.9500C787CCD83BC5DAF6A7773221E60A.e.3106/click - {}
RESULT: {}
RESULT: {}
COMMAND: GET /session/eba1f4137d59e17012d733eb998fae51/screenshot - {}
RESULT: {}
COMMAND: POST /session/eba1f4137d59e17012d733eb998fae51/element - {"using":"xpath","value":"//input[@id=\"application-manageresources-display-component---newResourceUnit--idRuTSAdmin-application-manageresources-display-component---newResourceUnit--RUTimeSegment-0-inner\"]"}
RESULT: {"using":"xpath","value":"//input[@id=\"application-manageresources-display-component---newResourceUnit--idRuTSAdmin-application-manageresources-display-component---newResourceUnit--RUTimeSegment-0-inner\"]"}
COMMAND: POST /session/eba1f4137d59e17012d733eb998fae51/element/f.7AE0A9E4E389AFF4A1B7A60F0CE9C65F.d.9500C787CCD83BC5DAF6A7773221E60A.e.3110/clear - {}
RESULT: {}
COMMAND: POST /session/eba1f4137d59e17012d733eb998fae51/element/f.7AE0A9E4E389AFF4A1B7A60F0CE9C65F.d.9500C787CCD83BC5DAF6A7773221E60A.e.3110/value - {"text":"109"}
COMMAND: GET /session/eba1f4137d59e17012d733eb998fae51/screenshot - {}
RESULT: {"text":"109"}
COMMAND: GET /session/eba1f4137d59e17012d733eb998fae51/screenshot - {}
RESULT: {}
RESULT: {}
COMMAND: POST /session/eba1f4137d59e17012d733eb998fae51/element - {"using":"xpath","value":"//li[.//span[text()='109']]"}
RESULT: {"using":"xpath","value":"//li[.//span[text()='109']]"}
COMMAND: POST /session/eba1f4137d59e17012d733eb998fae51/element/f.7AE0A9E4E389AFF4A1B7A60F0CE9C65F.d.9500C787CCD83BC5DAF6A7773221E60A.e.3119/click - {}
RESULT: {}
COMMAND: GET /session/eba1f4137d59e17012d733eb998fae51/screenshot - {}
RESULT: {}
COMMAND: POST /session/eba1f4137d59e17012d733eb998fae51/element - {"using":"xpath","value":"(//span[contains(@id, \"-application-manageresources-display-component---newResourceUnit--RUTimeSegment-0-arrow\")])[2]"}
RESULT: {"using":"xpath","value":"(//span[contains(@id, \"-application-manageresources-display-component---newResourceUnit--RUTimeSegment-0-arrow\")])[2]"}
COMMAND: POST /session/eba1f4137d59e17012d733eb998fae51/element/f.7AE0A9E4E389AFF4A1B7A60F0CE9C65F.d.9500C787CCD83BC5DAF6A7773221E60A.e.3120/click - {}
RESULT: {}
COMMAND: POST /session/eba1f4137d59e17012d733eb998fae51/element - {"using":"xpath","value":"//span[contains(text(), \"PM Order\")]"}
COMMAND: GET /session/eba1f4137d59e17012d733eb998fae51/screenshot - {}
RESULT: {"using":"xpath","value":"//span[contains(text(), \"PM Order\")]"}
COMMAND: POST /session/eba1f4137d59e17012d733eb998fae51/element/f.7AE0A9E4E389AFF4A1B7A60F0CE9C65F.d.9500C787CCD83BC5DAF6A7773221E60A.e.3121/click - {}
RESULT: {}
RESULT: {}
COMMAND: GET /session/eba1f4137d59e17012d733eb998fae51/screenshot - {}
RESULT: {}
COMMAND: POST /session/eba1f4137d59e17012d733eb998fae51/element - {"using":"xpath","value":"//td/div/div/div/span[contains(@id, \"newResourceUnit--RUTimeSegment-0-vhi\")][1]"}
RESULT: {"using":"xpath","value":"//td/div/div/div/span[contains(@id, \"newResourceUnit--RUTimeSegment-0-vhi\")][1]"}
COMMAND: GET /session/eba1f4137d59e17012d733eb998fae51/element/f.7AE0A9E4E389AFF4A1B7A60F0CE9C65F.d.9500C787CCD83BC5DAF6A7773221E60A.e.3125/rect - {}
RESULT: {}
COMMAND: GET /session/eba1f4137d59e17012d733eb998fae51/window/rect - {}
RESULT: {}
COMMAND: POST /session/eba1f4137d59e17012d733eb998fae51/execute/sync - {"script":"<script> [92 bytes]","args":[]}
RESULT: {"script":"<script> [92 bytes]","args":[]}
COMMAND: POST /session/eba1f4137d59e17012d733eb998fae51/actions - {"actions":[{"id":"action17","type":"wheel","parameters":{},"actions":[{"type":"scroll","x":-1888,"y":-24,"deltaX":0,"deltaY":0,"duration":0,"origin":{"element-6066-11e4-a52e-4f735466cecf":"f.7AE0A9E4E389AFF4A1B7A60F0CE9C65F.d.9500C787CCD83BC5DAF6A7773221E60A.e.3125"}}]}]}
COMMAND: GET /session/eba1f4137d59e17012d733eb998fae51/screenshot - {}
RESULT: {}
COMMAND: POST /session/eba1f4137d59e17012d733eb998fae51/execute/sync - {"script":"<script> [79 bytes]","args":[{"element-6066-11e4-a52e-4f735466cecf":"f.7AE0A9E4E389AFF4A1B7A60F0CE9C65F.d.9500C787CCD83BC5DAF6A7773221E60A.e.3125","ELEMENT":"f.7AE0A9E4E389AFF4A1B7A60F0CE9C65F.d.9500C787CCD83BC5DAF6A7773221E60A.e.3125"},{"block":"start","inline":"nearest"}]}
RESULT: {"script":"<script> [79 bytes]","args":[{"element-6066-11e4-a52e-4f735466cecf":"f.7AE0A9E4E389AFF4A1B7A60F0CE9C65F.d.9500C787CCD83BC5DAF6A7773221E60A.e.3125","ELEMENT":"f.7AE0A9E4E389AFF4A1B7A60F0CE9C65F.d.9500C787CCD83BC5DAF6A7773221E60A.e.3125"},{"block":"start","inline":"nearest"}]}
COMMAND: GET /session/eba1f4137d59e17012d733eb998fae51/screenshot - {}
RESULT: {}
COMMAND: POST /session/eba1f4137d59e17012d733eb998fae51/element/f.7AE0A9E4E389AFF4A1B7A60F0CE9C65F.d.9500C787CCD83BC5DAF6A7773221E60A.e.3125/click - {}
RESULT: {}
COMMAND: GET /session/eba1f4137d59e17012d733eb998fae51/screenshot - {}
RESULT: {}
RESULT: undefined
COMMAND: POST /session/eba1f4137d59e17012d733eb998fae51/execute/async - {"script":"<script> [776 bytes]","args":[{"enterText":"4000360","selector":{"controlType":"sap.m.SearchField","properties":{"placeholder":"Search"},"searchOpenDialogs":true,"interaction":{"idSuffix":"I"}},"clearTextFirst":true,"interactionType":"ENTER_TEXT"}]}
RESULT: {"script":"<script> [776 bytes]","args":[{"enterText":"4000360","selector":{"controlType":"sap.m.SearchField","properties":{"placeholder":"Search"},"searchOpenDialogs":true,"interaction":{"idSuffix":"I"}},"clearTextFirst":true,"interactionType":"ENTER_TEXT"}]}
COMMAND: POST /session/eba1f4137d59e17012d733eb998fae51/actions - {"actions":[{"id":"action18","type":"key","parameters":{},"actions":[{"type":"keyDown","value":""},{"type":"pause","duration":10},{"type":"keyUp","value":""}]}]}
RESULT: {"actions":[{"id":"action18","type":"key","parameters":{},"actions":[{"type":"keyDown","value":""},{"type":"pause","duration":10},{"type":"keyUp","value":""}]}]}
COMMAND: GET /session/eba1f4137d59e17012d733eb998fae51/screenshot - {}
RESULT: {}
COMMAND: POST /session/eba1f4137d59e17012d733eb998fae51/element - {"using":"xpath","value":"//td/div/span[contains(text(), \"BGL Vehicles\")]"}
RESULT: {"using":"xpath","value":"//td/div/span[contains(text(), \"BGL Vehicles\")]"}
COMMAND: POST /session/eba1f4137d59e17012d733eb998fae51/element/f.7AE0A9E4E389AFF4A1B7A60F0CE9C65F.d.9500C787CCD83BC5DAF6A7773221E60A.e.3145/click - {}
RESULT: {}
COMMAND: GET /session/eba1f4137d59e17012d733eb998fae51/screenshot - {}
RESULT: {}
COMMAND: POST /session/eba1f4137d59e17012d733eb998fae51/element - {"using":"xpath","value":"//bdi[contains(text(), \"OK\")]"}
RESULT: {"using":"xpath","value":"//bdi[contains(text(), \"OK\")]"}
COMMAND: POST /session/eba1f4137d59e17012d733eb998fae51/element/f.7AE0A9E4E389AFF4A1B7A60F0CE9C65F.d.9500C787CCD83BC5DAF6A7773221E60A.e.3146/click - {}
RESULT: {}
COMMAND: GET /session/eba1f4137d59e17012d733eb998fae51/screenshot - {}
RESULT: {}
COMMAND: POST /session/eba1f4137d59e17012d733eb998fae51/element - {"using":"xpath","value":"//label[contains(@class, 'sapMLabelRequired') and .//bdi[contains(text(), 'Planned Retirement')]]"}
RESULT: {"using":"xpath","value":"//label[contains(@class, 'sapMLabelRequired') and .//bdi[contains(text(), 'Planned Retirement')]]"}
COMMAND: POST /session/eba1f4137d59e17012d733eb998fae51/elements - {"using":"xpath","value":"//label[contains(@class, 'sapMLabelRequired') and .//bdi[contains(text(), 'Planned Retirement')]]"}
RESULT: {"using":"xpath","value":"//label[contains(@class, 'sapMLabelRequired') and .//bdi[contains(text(), 'Planned Retirement')]]"}
COMMAND: POST /session/eba1f4137d59e17012d733eb998fae51/element - {"using":"xpath","value":"//button[@data-kt=\"resourceUnitSaveButton\"]"}
RESULT: {"using":"xpath","value":"//button[@data-kt=\"resourceUnitSaveButton\"]"}
COMMAND: POST /session/eba1f4137d59e17012d733eb998fae51/element/f.7AE0A9E4E389AFF4A1B7A60F0CE9C65F.d.9500C787CCD83BC5DAF6A7773221E60A.e.2991/click - {}
RESULT: {}
COMMAND: GET /session/eba1f4137d59e17012d733eb998fae51/screenshot - {}
RESULT: {}
COMMAND: POST /session/eba1f4137d59e17012d733eb998fae51/element - {"using":"xpath","value":"//bdi[contains(text(), \"Close\")]"}
RESULT: {"using":"xpath","value":"//bdi[contains(text(), \"Close\")]"}
COMMAND: POST /session/eba1f4137d59e17012d733eb998fae51/element/f.7AE0A9E4E389AFF4A1B7A60F0CE9C65F.d.9500C787CCD83BC5DAF6A7773221E60A.e.3152/click - {}
RESULT: {}
COMMAND: GET /session/eba1f4137d59e17012d733eb998fae51/screenshot - {}
RESULT: {}
COMMAND: POST /session/eba1f4137d59e17012d733eb998fae51/element - {"using":"xpath","value":"//header[contains(@id, 'detailRruPage-headerTitle')]/div[1]/div[2]/div[2]/span[1]"}
RESULT: {"using":"xpath","value":"//header[contains(@id, 'detailRruPage-headerTitle')]/div[1]/div[2]/div[2]/span[1]"}
COMMAND: POST /session/eba1f4137d59e17012d733eb998fae51/elements - {"using":"xpath","value":"//header[contains(@id, 'detailRruPage-headerTitle')]/div[1]/div[2]/div[2]/span[1]"}
RESULT: {"using":"xpath","value":"//header[contains(@id, 'detailRruPage-headerTitle')]/div[1]/div[2]/div[2]/span[1]"}
COMMAND: POST /session/eba1f4137d59e17012d733eb998fae51/execute/sync - {"script":"<script> [56 bytes]","args":[{"element-6066-11e4-a52e-4f735466cecf":"f.7AE0A9E4E389AFF4A1B7A60F0CE9C65F.d.9500C787CCD83BC5DAF6A7773221E60A.e.3181","ELEMENT":"f.7AE0A9E4E389AFF4A1B7A60F0CE9C65F.d.9500C787CCD83BC5DAF6A7773221E60A.e.3181"}]}
RESULT: {"script":"<script> [56 bytes]","args":[{"element-6066-11e4-a52e-4f735466cecf":"f.7AE0A9E4E389AFF4A1B7A60F0CE9C65F.d.9500C787CCD83BC5DAF6A7773221E60A.e.3181","ELEMENT":"f.7AE0A9E4E389AFF4A1B7A60F0CE9C65F.d.9500C787CCD83BC5DAF6A7773221E60A.e.3181"}]}
COMMAND: POST /session/eba1f4137d59e17012d733eb998fae51/element - {"using":"css selector","value":"#shell-header-logo"}
COMMAND: GET /session/eba1f4137d59e17012d733eb998fae51/screenshot - {}
RESULT: {"using":"css selector","value":"#shell-header-logo"}
COMMAND: POST /session/eba1f4137d59e17012d733eb998fae51/element/f.7AE0A9E4E389AFF4A1B7A60F0CE9C65F.d.9500C787CCD83BC5DAF6A7773221E60A.e.2579/click - {}
RESULT: {}
RESULT: {}
COMMAND: GET /session/eba1f4137d59e17012d733eb998fae51/screenshot - {}
RESULT: {}
]]></system-out>
    </testcase>
    <testcase classname="chrome.136_0_7103_93.windows.RU_Inventory_Mass_State_Change_Multiple_Items_US151066" name="Prerequisite Step 2 Should do a stock increase handover for the equipment" time="93.903">
      <failure/>
      <error message="Can't call click on element with selector &quot;//li[.//span[contains(text(),'109 -')]]&quot; because element wasn't found"/>
      <system-out><![CDATA[
COMMAND: POST /session/eba1f4137d59e17012d733eb998fae51/execute/async - {"script":"<script> [1562 bytes]","args":[{"selector":{"controlType":"sap.m.GenericTile","properties":{"header":"Manage Handovers"}},"wdio_ui5_key":"sapm.GenericTile{\"header\":\"Manage Handovers\"}"}]}
RESULT: {"script":"<script> [1562 bytes]","args":[{"selector":{"controlType":"sap.m.GenericTile","properties":{"header":"Manage Handovers"}},"wdio_ui5_key":"sapm.GenericTile{\"header\":\"Manage Handovers\"}"}]}
RESULT: undefined
COMMAND: POST /session/eba1f4137d59e17012d733eb998fae51/element - {"using":"xpath","value":"//*[@id=\"__tile133\"]"}
RESULT: {"using":"xpath","value":"//*[@id=\"__tile133\"]"}
COMMAND: POST /session/eba1f4137d59e17012d733eb998fae51/element/f.7AE0A9E4E389AFF4A1B7A60F0CE9C65F.d.9500C787CCD83BC5DAF6A7773221E60A.e.241/click - {}
RESULT: {}
COMMAND: GET /session/eba1f4137d59e17012d733eb998fae51/screenshot - {}
RESULT: {}
COMMAND: POST /session/eba1f4137d59e17012d733eb998fae51/elements - {"using":"xpath","value":"//span[text()='Error']"}
RESULT: {"using":"xpath","value":"//span[text()='Error']"}
COMMAND: POST /session/eba1f4137d59e17012d733eb998fae51/element - {"using":"xpath","value":"//button[@data-kt=\"masterHOAddButton\"]"}
RESULT: {"using":"xpath","value":"//button[@data-kt=\"masterHOAddButton\"]"}
COMMAND: POST /session/eba1f4137d59e17012d733eb998fae51/elements - {"using":"xpath","value":"//button[@data-kt=\"masterHOAddButton\"]"}
RESULT: {"using":"xpath","value":"//button[@data-kt=\"masterHOAddButton\"]"}
COMMAND: POST /session/eba1f4137d59e17012d733eb998fae51/execute/sync - {"script":"<script> [8489 bytes]","args":[{"element-6066-11e4-a52e-4f735466cecf":"f.7AE0A9E4E389AFF4A1B7A60F0CE9C65F.d.9500C787CCD83BC5DAF6A7773221E60A.e.3209","ELEMENT":"f.7AE0A9E4E389AFF4A1B7A60F0CE9C65F.d.9500C787CCD83BC5DAF6A7773221E60A.e.3209"}]}
RESULT: {"script":"<script> [8489 bytes]","args":[{"element-6066-11e4-a52e-4f735466cecf":"f.7AE0A9E4E389AFF4A1B7A60F0CE9C65F.d.9500C787CCD83BC5DAF6A7773221E60A.e.3209","ELEMENT":"f.7AE0A9E4E389AFF4A1B7A60F0CE9C65F.d.9500C787CCD83BC5DAF6A7773221E60A.e.3209"}]}
COMMAND: GET /session/eba1f4137d59e17012d733eb998fae51/element/f.7AE0A9E4E389AFF4A1B7A60F0CE9C65F.d.9500C787CCD83BC5DAF6A7773221E60A.e.3209/enabled - {}
COMMAND: GET /session/eba1f4137d59e17012d733eb998fae51/screenshot - {}
RESULT: {}
RESULT: {}
COMMAND: POST /session/eba1f4137d59e17012d733eb998fae51/execute/sync - {"script":"<script> [8489 bytes]","args":[{"element-6066-11e4-a52e-4f735466cecf":"f.7AE0A9E4E389AFF4A1B7A60F0CE9C65F.d.9500C787CCD83BC5DAF6A7773221E60A.e.3209","ELEMENT":"f.7AE0A9E4E389AFF4A1B7A60F0CE9C65F.d.9500C787CCD83BC5DAF6A7773221E60A.e.3209"}]}
COMMAND: GET /session/eba1f4137d59e17012d733eb998fae51/screenshot - {}
RESULT: {"script":"<script> [8489 bytes]","args":[{"element-6066-11e4-a52e-4f735466cecf":"f.7AE0A9E4E389AFF4A1B7A60F0CE9C65F.d.9500C787CCD83BC5DAF6A7773221E60A.e.3209","ELEMENT":"f.7AE0A9E4E389AFF4A1B7A60F0CE9C65F.d.9500C787CCD83BC5DAF6A7773221E60A.e.3209"}]}
COMMAND: POST /session/eba1f4137d59e17012d733eb998fae51/execute/sync - {"script":"<script> [5351 bytes]","args":[{"element-6066-11e4-a52e-4f735466cecf":"f.7AE0A9E4E389AFF4A1B7A60F0CE9C65F.d.9500C787CCD83BC5DAF6A7773221E60A.e.3209","ELEMENT":"f.7AE0A9E4E389AFF4A1B7A60F0CE9C65F.d.9500C787CCD83BC5DAF6A7773221E60A.e.3209"}]}
COMMAND: GET /session/eba1f4137d59e17012d733eb998fae51/screenshot - {}
RESULT: {}
RESULT: {"script":"<script> [5351 bytes]","args":[{"element-6066-11e4-a52e-4f735466cecf":"f.7AE0A9E4E389AFF4A1B7A60F0CE9C65F.d.9500C787CCD83BC5DAF6A7773221E60A.e.3209","ELEMENT":"f.7AE0A9E4E389AFF4A1B7A60F0CE9C65F.d.9500C787CCD83BC5DAF6A7773221E60A.e.3209"}]}
COMMAND: POST /session/eba1f4137d59e17012d733eb998fae51/element/f.7AE0A9E4E389AFF4A1B7A60F0CE9C65F.d.9500C787CCD83BC5DAF6A7773221E60A.e.3209/click - {}
COMMAND: GET /session/eba1f4137d59e17012d733eb998fae51/screenshot - {}
RESULT: {}
RESULT: {}
COMMAND: GET /session/eba1f4137d59e17012d733eb998fae51/screenshot - {}
RESULT: {}
COMMAND: POST /session/eba1f4137d59e17012d733eb998fae51/element - {"using":"xpath","value":"//span[contains(@id ,\"AddNewHO--typeSelect-arrow\")]"}
RESULT: {}
RESULT: {"using":"xpath","value":"//span[contains(@id ,\"AddNewHO--typeSelect-arrow\")]"}
COMMAND: POST /session/eba1f4137d59e17012d733eb998fae51/element/f.7AE0A9E4E389AFF4A1B7A60F0CE9C65F.d.9500C787CCD83BC5DAF6A7773221E60A.e.3576/click - {}
RESULT: {}
COMMAND: GET /session/eba1f4137d59e17012d733eb998fae51/screenshot - {}
RESULT: {}
COMMAND: POST /session/eba1f4137d59e17012d733eb998fae51/element - {"using":"xpath","value":"(//li[contains(text(), \"stock increase yard\")])[1]"}
RESULT: {"using":"xpath","value":"(//li[contains(text(), \"stock increase yard\")])[1]"}
COMMAND: POST /session/eba1f4137d59e17012d733eb998fae51/element/f.7AE0A9E4E389AFF4A1B7A60F0CE9C65F.d.9500C787CCD83BC5DAF6A7773221E60A.e.3577/click - {}
RESULT: {}
COMMAND: GET /session/eba1f4137d59e17012d733eb998fae51/screenshot - {}
RESULT: {}
COMMAND: POST /session/eba1f4137d59e17012d733eb998fae51/execute/async - {"script":"<script> [1562 bytes]","args":[{"selector":{"id":"application-managehandovers-display-component---AddNewHO--dueDate","interaction":{"idSuffix":"inner"}},"wdio_ui5_key":"applicationmanagehandovers-display-component---AddNewHO--dueDate"}]}
RESULT: {"script":"<script> [1562 bytes]","args":[{"selector":{"id":"application-managehandovers-display-component---AddNewHO--dueDate","interaction":{"idSuffix":"inner"}},"wdio_ui5_key":"applicationmanagehandovers-display-component---AddNewHO--dueDate"}]}
RESULT: undefined
COMMAND: POST /session/eba1f4137d59e17012d733eb998fae51/execute/async - {"script":"<script> [6424 bytes]","args":[{"element-6066-11e4-a52e-4f735466cecf":"f.7AE0A9E4E389AFF4A1B7A60F0CE9C65F.d.9500C787CCD83BC5DAF6A7773221E60A.e.3579"},"setValue",["6/1/25"]]}
RESULT: {"script":"<script> [6424 bytes]","args":[{"element-6066-11e4-a52e-4f735466cecf":"f.7AE0A9E4E389AFF4A1B7A60F0CE9C65F.d.9500C787CCD83BC5DAF6A7773221E60A.e.3579"},"setValue",["6/1/25"]]}
COMMAND: POST /session/eba1f4137d59e17012d733eb998fae51/element - {"using":"xpath","value":"//input[@id=\"generalSectionFrg--receiveYard-inner\"]"}
RESULT: {"using":"xpath","value":"//input[@id=\"generalSectionFrg--receiveYard-inner\"]"}
COMMAND: POST /session/eba1f4137d59e17012d733eb998fae51/element/f.7AE0A9E4E389AFF4A1B7A60F0CE9C65F.d.9500C787CCD83BC5DAF6A7773221E60A.e.3585/clear - {}
RESULT: {}
COMMAND: POST /session/eba1f4137d59e17012d733eb998fae51/element/f.7AE0A9E4E389AFF4A1B7A60F0CE9C65F.d.9500C787CCD83BC5DAF6A7773221E60A.e.3585/value - {"text":"109"}
COMMAND: GET /session/eba1f4137d59e17012d733eb998fae51/screenshot - {}
RESULT: {}
RESULT: {"text":"109"}
COMMAND: GET /session/eba1f4137d59e17012d733eb998fae51/screenshot - {}
RESULT: {}
COMMAND: POST /session/eba1f4137d59e17012d733eb998fae51/element - {"using":"xpath","value":"//li[.//span[contains(text(),'109 -')]]"}
RESULT: {"using":"xpath","value":"//li[.//span[contains(text(),'109 -')]]"}
COMMAND: POST /session/eba1f4137d59e17012d733eb998fae51/elements - {"using":"xpath","value":"//li[.//span[contains(text(),'109 -')]]"}
RESULT: {"using":"xpath","value":"//li[.//span[contains(text(),'109 -')]]"}
COMMAND: POST /session/eba1f4137d59e17012d733eb998fae51/elements - {"using":"xpath","value":"//li[.//span[contains(text(),'109 -')]]"}
RESULT: {"using":"xpath","value":"//li[.//span[contains(text(),'109 -')]]"}
COMMAND: POST /session/eba1f4137d59e17012d733eb998fae51/elements - {"using":"xpath","value":"//li[.//span[contains(text(),'109 -')]]"}
RESULT: {"using":"xpath","value":"//li[.//span[contains(text(),'109 -')]]"}
COMMAND: POST /session/eba1f4137d59e17012d733eb998fae51/elements - {"using":"xpath","value":"//li[.//span[contains(text(),'109 -')]]"}
RESULT: {"using":"xpath","value":"//li[.//span[contains(text(),'109 -')]]"}
COMMAND: POST /session/eba1f4137d59e17012d733eb998fae51/elements - {"using":"xpath","value":"//li[.//span[contains(text(),'109 -')]]"}
RESULT: {"using":"xpath","value":"//li[.//span[contains(text(),'109 -')]]"}
COMMAND: POST /session/eba1f4137d59e17012d733eb998fae51/elements - {"using":"xpath","value":"//li[.//span[contains(text(),'109 -')]]"}
RESULT: {"using":"xpath","value":"//li[.//span[contains(text(),'109 -')]]"}
COMMAND: POST /session/eba1f4137d59e17012d733eb998fae51/elements - {"using":"xpath","value":"//li[.//span[contains(text(),'109 -')]]"}
RESULT: {"using":"xpath","value":"//li[.//span[contains(text(),'109 -')]]"}
COMMAND: POST /session/eba1f4137d59e17012d733eb998fae51/elements - {"using":"xpath","value":"//li[.//span[contains(text(),'109 -')]]"}
RESULT: {"using":"xpath","value":"//li[.//span[contains(text(),'109 -')]]"}
COMMAND: POST /session/eba1f4137d59e17012d733eb998fae51/elements - {"using":"xpath","value":"//li[.//span[contains(text(),'109 -')]]"}
RESULT: {"using":"xpath","value":"//li[.//span[contains(text(),'109 -')]]"}
COMMAND: POST /session/eba1f4137d59e17012d733eb998fae51/elements - {"using":"xpath","value":"//li[.//span[contains(text(),'109 -')]]"}
RESULT: {"using":"xpath","value":"//li[.//span[contains(text(),'109 -')]]"}
COMMAND: POST /session/eba1f4137d59e17012d733eb998fae51/elements - {"using":"xpath","value":"//li[.//span[contains(text(),'109 -')]]"}
RESULT: {"using":"xpath","value":"//li[.//span[contains(text(),'109 -')]]"}
COMMAND: POST /session/eba1f4137d59e17012d733eb998fae51/elements - {"using":"xpath","value":"//li[.//span[contains(text(),'109 -')]]"}
RESULT: {"using":"xpath","value":"//li[.//span[contains(text(),'109 -')]]"}
COMMAND: POST /session/eba1f4137d59e17012d733eb998fae51/elements - {"using":"xpath","value":"//li[.//span[contains(text(),'109 -')]]"}
RESULT: {"using":"xpath","value":"//li[.//span[contains(text(),'109 -')]]"}
COMMAND: POST /session/eba1f4137d59e17012d733eb998fae51/elements - {"using":"xpath","value":"//li[.//span[contains(text(),'109 -')]]"}
RESULT: {"using":"xpath","value":"//li[.//span[contains(text(),'109 -')]]"}
COMMAND: POST /session/eba1f4137d59e17012d733eb998fae51/elements - {"using":"xpath","value":"//li[.//span[contains(text(),'109 -')]]"}
RESULT: {"using":"xpath","value":"//li[.//span[contains(text(),'109 -')]]"}
COMMAND: POST /session/eba1f4137d59e17012d733eb998fae51/elements - {"using":"xpath","value":"//li[.//span[contains(text(),'109 -')]]"}
RESULT: {"using":"xpath","value":"//li[.//span[contains(text(),'109 -')]]"}
COMMAND: POST /session/eba1f4137d59e17012d733eb998fae51/elements - {"using":"xpath","value":"//li[.//span[contains(text(),'109 -')]]"}
RESULT: {"using":"xpath","value":"//li[.//span[contains(text(),'109 -')]]"}
COMMAND: POST /session/eba1f4137d59e17012d733eb998fae51/elements - {"using":"xpath","value":"//li[.//span[contains(text(),'109 -')]]"}
RESULT: {"using":"xpath","value":"//li[.//span[contains(text(),'109 -')]]"}
COMMAND: POST /session/eba1f4137d59e17012d733eb998fae51/elements - {"using":"xpath","value":"//li[.//span[contains(text(),'109 -')]]"}
RESULT: {"using":"xpath","value":"//li[.//span[contains(text(),'109 -')]]"}
COMMAND: POST /session/eba1f4137d59e17012d733eb998fae51/elements - {"using":"xpath","value":"//li[.//span[contains(text(),'109 -')]]"}
RESULT: {"using":"xpath","value":"//li[.//span[contains(text(),'109 -')]]"}
COMMAND: POST /session/eba1f4137d59e17012d733eb998fae51/elements - {"using":"xpath","value":"//li[.//span[contains(text(),'109 -')]]"}
RESULT: {"using":"xpath","value":"//li[.//span[contains(text(),'109 -')]]"}
COMMAND: POST /session/eba1f4137d59e17012d733eb998fae51/elements - {"using":"xpath","value":"//li[.//span[contains(text(),'109 -')]]"}
RESULT: {"using":"xpath","value":"//li[.//span[contains(text(),'109 -')]]"}
COMMAND: POST /session/eba1f4137d59e17012d733eb998fae51/elements - {"using":"xpath","value":"//li[.//span[contains(text(),'109 -')]]"}
RESULT: {"using":"xpath","value":"//li[.//span[contains(text(),'109 -')]]"}
COMMAND: POST /session/eba1f4137d59e17012d733eb998fae51/elements - {"using":"xpath","value":"//li[.//span[contains(text(),'109 -')]]"}
RESULT: {"using":"xpath","value":"//li[.//span[contains(text(),'109 -')]]"}
COMMAND: POST /session/eba1f4137d59e17012d733eb998fae51/elements - {"using":"xpath","value":"//li[.//span[contains(text(),'109 -')]]"}
RESULT: {"using":"xpath","value":"//li[.//span[contains(text(),'109 -')]]"}
COMMAND: POST /session/eba1f4137d59e17012d733eb998fae51/elements - {"using":"xpath","value":"//li[.//span[contains(text(),'109 -')]]"}
RESULT: {"using":"xpath","value":"//li[.//span[contains(text(),'109 -')]]"}
COMMAND: POST /session/eba1f4137d59e17012d733eb998fae51/elements - {"using":"xpath","value":"//li[.//span[contains(text(),'109 -')]]"}
RESULT: {"using":"xpath","value":"//li[.//span[contains(text(),'109 -')]]"}
COMMAND: POST /session/eba1f4137d59e17012d733eb998fae51/elements - {"using":"xpath","value":"//li[.//span[contains(text(),'109 -')]]"}
RESULT: {"using":"xpath","value":"//li[.//span[contains(text(),'109 -')]]"}
COMMAND: POST /session/eba1f4137d59e17012d733eb998fae51/elements - {"using":"xpath","value":"//li[.//span[contains(text(),'109 -')]]"}
RESULT: {"using":"xpath","value":"//li[.//span[contains(text(),'109 -')]]"}
COMMAND: POST /session/eba1f4137d59e17012d733eb998fae51/elements - {"using":"xpath","value":"//li[.//span[contains(text(),'109 -')]]"}
RESULT: {"using":"xpath","value":"//li[.//span[contains(text(),'109 -')]]"}
COMMAND: POST /session/eba1f4137d59e17012d733eb998fae51/elements - {"using":"xpath","value":"//li[.//span[contains(text(),'109 -')]]"}
RESULT: {"using":"xpath","value":"//li[.//span[contains(text(),'109 -')]]"}
COMMAND: POST /session/eba1f4137d59e17012d733eb998fae51/elements - {"using":"xpath","value":"//li[.//span[contains(text(),'109 -')]]"}
RESULT: {"using":"xpath","value":"//li[.//span[contains(text(),'109 -')]]"}
COMMAND: POST /session/eba1f4137d59e17012d733eb998fae51/elements - {"using":"xpath","value":"//li[.//span[contains(text(),'109 -')]]"}
RESULT: {"using":"xpath","value":"//li[.//span[contains(text(),'109 -')]]"}
COMMAND: POST /session/eba1f4137d59e17012d733eb998fae51/elements - {"using":"xpath","value":"//li[.//span[contains(text(),'109 -')]]"}
RESULT: {"using":"xpath","value":"//li[.//span[contains(text(),'109 -')]]"}
COMMAND: POST /session/eba1f4137d59e17012d733eb998fae51/elements - {"using":"xpath","value":"//li[.//span[contains(text(),'109 -')]]"}
RESULT: {"using":"xpath","value":"//li[.//span[contains(text(),'109 -')]]"}
COMMAND: POST /session/eba1f4137d59e17012d733eb998fae51/elements - {"using":"xpath","value":"//li[.//span[contains(text(),'109 -')]]"}
RESULT: {"using":"xpath","value":"//li[.//span[contains(text(),'109 -')]]"}
COMMAND: POST /session/eba1f4137d59e17012d733eb998fae51/elements - {"using":"xpath","value":"//li[.//span[contains(text(),'109 -')]]"}
RESULT: {"using":"xpath","value":"//li[.//span[contains(text(),'109 -')]]"}
COMMAND: POST /session/eba1f4137d59e17012d733eb998fae51/elements - {"using":"xpath","value":"//li[.//span[contains(text(),'109 -')]]"}
RESULT: {"using":"xpath","value":"//li[.//span[contains(text(),'109 -')]]"}
COMMAND: POST /session/eba1f4137d59e17012d733eb998fae51/elements - {"using":"xpath","value":"//li[.//span[contains(text(),'109 -')]]"}
RESULT: {"using":"xpath","value":"//li[.//span[contains(text(),'109 -')]]"}
COMMAND: POST /session/eba1f4137d59e17012d733eb998fae51/elements - {"using":"xpath","value":"//li[.//span[contains(text(),'109 -')]]"}
RESULT: {"using":"xpath","value":"//li[.//span[contains(text(),'109 -')]]"}
COMMAND: POST /session/eba1f4137d59e17012d733eb998fae51/elements - {"using":"xpath","value":"//li[.//span[contains(text(),'109 -')]]"}
RESULT: {"using":"xpath","value":"//li[.//span[contains(text(),'109 -')]]"}
COMMAND: POST /session/eba1f4137d59e17012d733eb998fae51/elements - {"using":"xpath","value":"//li[.//span[contains(text(),'109 -')]]"}
RESULT: {"using":"xpath","value":"//li[.//span[contains(text(),'109 -')]]"}
COMMAND: POST /session/eba1f4137d59e17012d733eb998fae51/elements - {"using":"xpath","value":"//li[.//span[contains(text(),'109 -')]]"}
RESULT: {"using":"xpath","value":"//li[.//span[contains(text(),'109 -')]]"}
COMMAND: POST /session/eba1f4137d59e17012d733eb998fae51/elements - {"using":"xpath","value":"//li[.//span[contains(text(),'109 -')]]"}
RESULT: {"using":"xpath","value":"//li[.//span[contains(text(),'109 -')]]"}
COMMAND: POST /session/eba1f4137d59e17012d733eb998fae51/elements - {"using":"xpath","value":"//li[.//span[contains(text(),'109 -')]]"}
RESULT: {"using":"xpath","value":"//li[.//span[contains(text(),'109 -')]]"}
COMMAND: POST /session/eba1f4137d59e17012d733eb998fae51/elements - {"using":"xpath","value":"//li[.//span[contains(text(),'109 -')]]"}
RESULT: {"using":"xpath","value":"//li[.//span[contains(text(),'109 -')]]"}
COMMAND: POST /session/eba1f4137d59e17012d733eb998fae51/elements - {"using":"xpath","value":"//li[.//span[contains(text(),'109 -')]]"}
RESULT: {"using":"xpath","value":"//li[.//span[contains(text(),'109 -')]]"}
COMMAND: POST /session/eba1f4137d59e17012d733eb998fae51/elements - {"using":"xpath","value":"//li[.//span[contains(text(),'109 -')]]"}
RESULT: {"using":"xpath","value":"//li[.//span[contains(text(),'109 -')]]"}
COMMAND: POST /session/eba1f4137d59e17012d733eb998fae51/elements - {"using":"xpath","value":"//li[.//span[contains(text(),'109 -')]]"}
RESULT: {"using":"xpath","value":"//li[.//span[contains(text(),'109 -')]]"}
COMMAND: POST /session/eba1f4137d59e17012d733eb998fae51/elements - {"using":"xpath","value":"//li[.//span[contains(text(),'109 -')]]"}
RESULT: {"using":"xpath","value":"//li[.//span[contains(text(),'109 -')]]"}
COMMAND: POST /session/eba1f4137d59e17012d733eb998fae51/elements - {"using":"xpath","value":"//li[.//span[contains(text(),'109 -')]]"}
RESULT: {"using":"xpath","value":"//li[.//span[contains(text(),'109 -')]]"}
COMMAND: POST /session/eba1f4137d59e17012d733eb998fae51/elements - {"using":"xpath","value":"//li[.//span[contains(text(),'109 -')]]"}
RESULT: {"using":"xpath","value":"//li[.//span[contains(text(),'109 -')]]"}
COMMAND: POST /session/eba1f4137d59e17012d733eb998fae51/elements - {"using":"xpath","value":"//li[.//span[contains(text(),'109 -')]]"}
RESULT: {"using":"xpath","value":"//li[.//span[contains(text(),'109 -')]]"}
COMMAND: POST /session/eba1f4137d59e17012d733eb998fae51/elements - {"using":"xpath","value":"//li[.//span[contains(text(),'109 -')]]"}
RESULT: {"using":"xpath","value":"//li[.//span[contains(text(),'109 -')]]"}
COMMAND: POST /session/eba1f4137d59e17012d733eb998fae51/elements - {"using":"xpath","value":"//li[.//span[contains(text(),'109 -')]]"}
RESULT: {"using":"xpath","value":"//li[.//span[contains(text(),'109 -')]]"}
COMMAND: POST /session/eba1f4137d59e17012d733eb998fae51/elements - {"using":"xpath","value":"//li[.//span[contains(text(),'109 -')]]"}
RESULT: {"using":"xpath","value":"//li[.//span[contains(text(),'109 -')]]"}
COMMAND: POST /session/eba1f4137d59e17012d733eb998fae51/elements - {"using":"xpath","value":"//li[.//span[contains(text(),'109 -')]]"}
RESULT: {"using":"xpath","value":"//li[.//span[contains(text(),'109 -')]]"}
COMMAND: POST /session/eba1f4137d59e17012d733eb998fae51/elements - {"using":"xpath","value":"//li[.//span[contains(text(),'109 -')]]"}
RESULT: {"using":"xpath","value":"//li[.//span[contains(text(),'109 -')]]"}
COMMAND: POST /session/eba1f4137d59e17012d733eb998fae51/elements - {"using":"xpath","value":"//li[.//span[contains(text(),'109 -')]]"}
RESULT: {"using":"xpath","value":"//li[.//span[contains(text(),'109 -')]]"}
COMMAND: POST /session/eba1f4137d59e17012d733eb998fae51/elements - {"using":"xpath","value":"//li[.//span[contains(text(),'109 -')]]"}
RESULT: {"using":"xpath","value":"//li[.//span[contains(text(),'109 -')]]"}
COMMAND: POST /session/eba1f4137d59e17012d733eb998fae51/elements - {"using":"xpath","value":"//li[.//span[contains(text(),'109 -')]]"}
RESULT: {"using":"xpath","value":"//li[.//span[contains(text(),'109 -')]]"}
COMMAND: POST /session/eba1f4137d59e17012d733eb998fae51/elements - {"using":"xpath","value":"//li[.//span[contains(text(),'109 -')]]"}
RESULT: {"using":"xpath","value":"//li[.//span[contains(text(),'109 -')]]"}
COMMAND: POST /session/eba1f4137d59e17012d733eb998fae51/elements - {"using":"xpath","value":"//li[.//span[contains(text(),'109 -')]]"}
RESULT: {"using":"xpath","value":"//li[.//span[contains(text(),'109 -')]]"}
COMMAND: POST /session/eba1f4137d59e17012d733eb998fae51/elements - {"using":"xpath","value":"//li[.//span[contains(text(),'109 -')]]"}
RESULT: {"using":"xpath","value":"//li[.//span[contains(text(),'109 -')]]"}
COMMAND: POST /session/eba1f4137d59e17012d733eb998fae51/elements - {"using":"xpath","value":"//li[.//span[contains(text(),'109 -')]]"}
RESULT: {"using":"xpath","value":"//li[.//span[contains(text(),'109 -')]]"}
COMMAND: POST /session/eba1f4137d59e17012d733eb998fae51/elements - {"using":"xpath","value":"//li[.//span[contains(text(),'109 -')]]"}
RESULT: {"using":"xpath","value":"//li[.//span[contains(text(),'109 -')]]"}
COMMAND: POST /session/eba1f4137d59e17012d733eb998fae51/elements - {"using":"xpath","value":"//li[.//span[contains(text(),'109 -')]]"}
RESULT: {"using":"xpath","value":"//li[.//span[contains(text(),'109 -')]]"}
COMMAND: POST /session/eba1f4137d59e17012d733eb998fae51/elements - {"using":"xpath","value":"//li[.//span[contains(text(),'109 -')]]"}
RESULT: {"using":"xpath","value":"//li[.//span[contains(text(),'109 -')]]"}
COMMAND: POST /session/eba1f4137d59e17012d733eb998fae51/elements - {"using":"xpath","value":"//li[.//span[contains(text(),'109 -')]]"}
RESULT: {"using":"xpath","value":"//li[.//span[contains(text(),'109 -')]]"}
COMMAND: POST /session/eba1f4137d59e17012d733eb998fae51/elements - {"using":"xpath","value":"//li[.//span[contains(text(),'109 -')]]"}
RESULT: {"using":"xpath","value":"//li[.//span[contains(text(),'109 -')]]"}
COMMAND: POST /session/eba1f4137d59e17012d733eb998fae51/elements - {"using":"xpath","value":"//li[.//span[contains(text(),'109 -')]]"}
RESULT: {"using":"xpath","value":"//li[.//span[contains(text(),'109 -')]]"}
COMMAND: POST /session/eba1f4137d59e17012d733eb998fae51/elements - {"using":"xpath","value":"//li[.//span[contains(text(),'109 -')]]"}
RESULT: {"using":"xpath","value":"//li[.//span[contains(text(),'109 -')]]"}
COMMAND: POST /session/eba1f4137d59e17012d733eb998fae51/elements - {"using":"xpath","value":"//li[.//span[contains(text(),'109 -')]]"}
RESULT: {"using":"xpath","value":"//li[.//span[contains(text(),'109 -')]]"}
COMMAND: POST /session/eba1f4137d59e17012d733eb998fae51/elements - {"using":"xpath","value":"//li[.//span[contains(text(),'109 -')]]"}
RESULT: {"using":"xpath","value":"//li[.//span[contains(text(),'109 -')]]"}
COMMAND: POST /session/eba1f4137d59e17012d733eb998fae51/elements - {"using":"xpath","value":"//li[.//span[contains(text(),'109 -')]]"}
RESULT: {"using":"xpath","value":"//li[.//span[contains(text(),'109 -')]]"}
COMMAND: POST /session/eba1f4137d59e17012d733eb998fae51/elements - {"using":"xpath","value":"//li[.//span[contains(text(),'109 -')]]"}
RESULT: {"using":"xpath","value":"//li[.//span[contains(text(),'109 -')]]"}
COMMAND: POST /session/eba1f4137d59e17012d733eb998fae51/elements - {"using":"xpath","value":"//li[.//span[contains(text(),'109 -')]]"}
RESULT: {"using":"xpath","value":"//li[.//span[contains(text(),'109 -')]]"}
COMMAND: POST /session/eba1f4137d59e17012d733eb998fae51/elements - {"using":"xpath","value":"//li[.//span[contains(text(),'109 -')]]"}
RESULT: {"using":"xpath","value":"//li[.//span[contains(text(),'109 -')]]"}
COMMAND: POST /session/eba1f4137d59e17012d733eb998fae51/elements - {"using":"xpath","value":"//li[.//span[contains(text(),'109 -')]]"}
RESULT: {"using":"xpath","value":"//li[.//span[contains(text(),'109 -')]]"}
COMMAND: POST /session/eba1f4137d59e17012d733eb998fae51/elements - {"using":"xpath","value":"//li[.//span[contains(text(),'109 -')]]"}
RESULT: {"using":"xpath","value":"//li[.//span[contains(text(),'109 -')]]"}
COMMAND: POST /session/eba1f4137d59e17012d733eb998fae51/elements - {"using":"xpath","value":"//li[.//span[contains(text(),'109 -')]]"}
RESULT: {"using":"xpath","value":"//li[.//span[contains(text(),'109 -')]]"}
COMMAND: POST /session/eba1f4137d59e17012d733eb998fae51/elements - {"using":"xpath","value":"//li[.//span[contains(text(),'109 -')]]"}
RESULT: {"using":"xpath","value":"//li[.//span[contains(text(),'109 -')]]"}
COMMAND: POST /session/eba1f4137d59e17012d733eb998fae51/elements - {"using":"xpath","value":"//li[.//span[contains(text(),'109 -')]]"}
RESULT: {"using":"xpath","value":"//li[.//span[contains(text(),'109 -')]]"}
COMMAND: POST /session/eba1f4137d59e17012d733eb998fae51/elements - {"using":"xpath","value":"//li[.//span[contains(text(),'109 -')]]"}
RESULT: {"using":"xpath","value":"//li[.//span[contains(text(),'109 -')]]"}
COMMAND: POST /session/eba1f4137d59e17012d733eb998fae51/elements - {"using":"xpath","value":"//li[.//span[contains(text(),'109 -')]]"}
RESULT: {"using":"xpath","value":"//li[.//span[contains(text(),'109 -')]]"}
COMMAND: POST /session/eba1f4137d59e17012d733eb998fae51/elements - {"using":"xpath","value":"//li[.//span[contains(text(),'109 -')]]"}
RESULT: {"using":"xpath","value":"//li[.//span[contains(text(),'109 -')]]"}
COMMAND: POST /session/eba1f4137d59e17012d733eb998fae51/elements - {"using":"xpath","value":"//li[.//span[contains(text(),'109 -')]]"}
RESULT: {"using":"xpath","value":"//li[.//span[contains(text(),'109 -')]]"}
COMMAND: POST /session/eba1f4137d59e17012d733eb998fae51/elements - {"using":"xpath","value":"//li[.//span[contains(text(),'109 -')]]"}
RESULT: {"using":"xpath","value":"//li[.//span[contains(text(),'109 -')]]"}
COMMAND: POST /session/eba1f4137d59e17012d733eb998fae51/elements - {"using":"xpath","value":"//li[.//span[contains(text(),'109 -')]]"}
RESULT: {"using":"xpath","value":"//li[.//span[contains(text(),'109 -')]]"}
COMMAND: POST /session/eba1f4137d59e17012d733eb998fae51/elements - {"using":"xpath","value":"//li[.//span[contains(text(),'109 -')]]"}
RESULT: {"using":"xpath","value":"//li[.//span[contains(text(),'109 -')]]"}
COMMAND: POST /session/eba1f4137d59e17012d733eb998fae51/elements - {"using":"xpath","value":"//li[.//span[contains(text(),'109 -')]]"}
RESULT: {"using":"xpath","value":"//li[.//span[contains(text(),'109 -')]]"}
COMMAND: POST /session/eba1f4137d59e17012d733eb998fae51/elements - {"using":"xpath","value":"//li[.//span[contains(text(),'109 -')]]"}
RESULT: {"using":"xpath","value":"//li[.//span[contains(text(),'109 -')]]"}
COMMAND: POST /session/eba1f4137d59e17012d733eb998fae51/elements - {"using":"xpath","value":"//li[.//span[contains(text(),'109 -')]]"}
RESULT: {"using":"xpath","value":"//li[.//span[contains(text(),'109 -')]]"}
COMMAND: POST /session/eba1f4137d59e17012d733eb998fae51/elements - {"using":"xpath","value":"//li[.//span[contains(text(),'109 -')]]"}
RESULT: {"using":"xpath","value":"//li[.//span[contains(text(),'109 -')]]"}
COMMAND: POST /session/eba1f4137d59e17012d733eb998fae51/elements - {"using":"xpath","value":"//li[.//span[contains(text(),'109 -')]]"}
RESULT: {"using":"xpath","value":"//li[.//span[contains(text(),'109 -')]]"}
COMMAND: POST /session/eba1f4137d59e17012d733eb998fae51/elements - {"using":"xpath","value":"//li[.//span[contains(text(),'109 -')]]"}
RESULT: {"using":"xpath","value":"//li[.//span[contains(text(),'109 -')]]"}
COMMAND: POST /session/eba1f4137d59e17012d733eb998fae51/elements - {"using":"xpath","value":"//li[.//span[contains(text(),'109 -')]]"}
RESULT: {"using":"xpath","value":"//li[.//span[contains(text(),'109 -')]]"}
COMMAND: POST /session/eba1f4137d59e17012d733eb998fae51/elements - {"using":"xpath","value":"//li[.//span[contains(text(),'109 -')]]"}
RESULT: {"using":"xpath","value":"//li[.//span[contains(text(),'109 -')]]"}
COMMAND: POST /session/eba1f4137d59e17012d733eb998fae51/elements - {"using":"xpath","value":"//li[.//span[contains(text(),'109 -')]]"}
RESULT: {"using":"xpath","value":"//li[.//span[contains(text(),'109 -')]]"}
COMMAND: POST /session/eba1f4137d59e17012d733eb998fae51/elements - {"using":"xpath","value":"//li[.//span[contains(text(),'109 -')]]"}
RESULT: {"using":"xpath","value":"//li[.//span[contains(text(),'109 -')]]"}
COMMAND: POST /session/eba1f4137d59e17012d733eb998fae51/elements - {"using":"xpath","value":"//li[.//span[contains(text(),'109 -')]]"}
RESULT: {"using":"xpath","value":"//li[.//span[contains(text(),'109 -')]]"}
COMMAND: POST /session/eba1f4137d59e17012d733eb998fae51/elements - {"using":"xpath","value":"//li[.//span[contains(text(),'109 -')]]"}
RESULT: {"using":"xpath","value":"//li[.//span[contains(text(),'109 -')]]"}
COMMAND: POST /session/eba1f4137d59e17012d733eb998fae51/elements - {"using":"xpath","value":"//li[.//span[contains(text(),'109 -')]]"}
RESULT: {"using":"xpath","value":"//li[.//span[contains(text(),'109 -')]]"}
COMMAND: POST /session/eba1f4137d59e17012d733eb998fae51/elements - {"using":"xpath","value":"//li[.//span[contains(text(),'109 -')]]"}
RESULT: {"using":"xpath","value":"//li[.//span[contains(text(),'109 -')]]"}
COMMAND: POST /session/eba1f4137d59e17012d733eb998fae51/elements - {"using":"xpath","value":"//li[.//span[contains(text(),'109 -')]]"}
RESULT: {"using":"xpath","value":"//li[.//span[contains(text(),'109 -')]]"}
COMMAND: POST /session/eba1f4137d59e17012d733eb998fae51/elements - {"using":"xpath","value":"//li[.//span[contains(text(),'109 -')]]"}
RESULT: {"using":"xpath","value":"//li[.//span[contains(text(),'109 -')]]"}
COMMAND: POST /session/eba1f4137d59e17012d733eb998fae51/elements - {"using":"xpath","value":"//li[.//span[contains(text(),'109 -')]]"}
RESULT: {"using":"xpath","value":"//li[.//span[contains(text(),'109 -')]]"}
COMMAND: POST /session/eba1f4137d59e17012d733eb998fae51/elements - {"using":"xpath","value":"//li[.//span[contains(text(),'109 -')]]"}
RESULT: {"using":"xpath","value":"//li[.//span[contains(text(),'109 -')]]"}
COMMAND: POST /session/eba1f4137d59e17012d733eb998fae51/elements - {"using":"xpath","value":"//li[.//span[contains(text(),'109 -')]]"}
RESULT: {"using":"xpath","value":"//li[.//span[contains(text(),'109 -')]]"}
COMMAND: POST /session/eba1f4137d59e17012d733eb998fae51/elements - {"using":"xpath","value":"//li[.//span[contains(text(),'109 -')]]"}
RESULT: {"using":"xpath","value":"//li[.//span[contains(text(),'109 -')]]"}
COMMAND: POST /session/eba1f4137d59e17012d733eb998fae51/elements - {"using":"xpath","value":"//li[.//span[contains(text(),'109 -')]]"}
RESULT: {"using":"xpath","value":"//li[.//span[contains(text(),'109 -')]]"}
COMMAND: POST /session/eba1f4137d59e17012d733eb998fae51/elements - {"using":"xpath","value":"//li[.//span[contains(text(),'109 -')]]"}
RESULT: {"using":"xpath","value":"//li[.//span[contains(text(),'109 -')]]"}
COMMAND: POST /session/eba1f4137d59e17012d733eb998fae51/elements - {"using":"xpath","value":"//li[.//span[contains(text(),'109 -')]]"}
RESULT: {"using":"xpath","value":"//li[.//span[contains(text(),'109 -')]]"}
COMMAND: POST /session/eba1f4137d59e17012d733eb998fae51/elements - {"using":"xpath","value":"//li[.//span[contains(text(),'109 -')]]"}
RESULT: {"using":"xpath","value":"//li[.//span[contains(text(),'109 -')]]"}
COMMAND: POST /session/eba1f4137d59e17012d733eb998fae51/elements - {"using":"xpath","value":"//li[.//span[contains(text(),'109 -')]]"}
RESULT: {"using":"xpath","value":"//li[.//span[contains(text(),'109 -')]]"}
COMMAND: POST /session/eba1f4137d59e17012d733eb998fae51/elements - {"using":"xpath","value":"//li[.//span[contains(text(),'109 -')]]"}
RESULT: {"using":"xpath","value":"//li[.//span[contains(text(),'109 -')]]"}
COMMAND: POST /session/eba1f4137d59e17012d733eb998fae51/elements - {"using":"xpath","value":"//li[.//span[contains(text(),'109 -')]]"}
RESULT: {"using":"xpath","value":"//li[.//span[contains(text(),'109 -')]]"}
COMMAND: POST /session/eba1f4137d59e17012d733eb998fae51/elements - {"using":"xpath","value":"//li[.//span[contains(text(),'109 -')]]"}
RESULT: {"using":"xpath","value":"//li[.//span[contains(text(),'109 -')]]"}
COMMAND: POST /session/eba1f4137d59e17012d733eb998fae51/elements - {"using":"xpath","value":"//li[.//span[contains(text(),'109 -')]]"}
RESULT: {"using":"xpath","value":"//li[.//span[contains(text(),'109 -')]]"}
COMMAND: POST /session/eba1f4137d59e17012d733eb998fae51/elements - {"using":"xpath","value":"//li[.//span[contains(text(),'109 -')]]"}
RESULT: {"using":"xpath","value":"//li[.//span[contains(text(),'109 -')]]"}
COMMAND: GET /session/eba1f4137d59e17012d733eb998fae51/screenshot - {}
RESULT: {}
]]></system-out>
      <system-err><![CDATA[
Error: Can't call click on element with selector "//li[.//span[contains(text(),'109 -')]]" because element wasn't found
    at async UtilsPrerequisites.stockIncrease (D:\a\1\s\test\specs\BTS\prerequisites-and-utils-functions.js:1638:9)
    at async Context.<anonymous> (D:\a\1\s\test\specs\HTR\ru-inv-list-mass-state-change.spec.js:294:9)
]]></system-err>
    </testcase>
    <testcase classname="chrome.136_0_7103_93.windows.RU_Inventory_Mass_State_Change_Multiple_Items_US151066" name="Prerequisite Step 2 Should do a stock increase handover for the material" time="89.774">
      <failure/>
      <error message="Can't call click on element with selector &quot;//li[.//span[contains(text(),'109 -')]]&quot; because element wasn't found"/>
      <system-out><![CDATA[
RESULT: undefined
COMMAND: POST /session/eba1f4137d59e17012d733eb998fae51/element - {"using":"xpath","value":"//*[@id=\"__tile133\"]"}
COMMAND: GET /session/eba1f4137d59e17012d733eb998fae51/screenshot - {}
RESULT: {"using":"xpath","value":"//*[@id=\"__tile133\"]"}
COMMAND: POST /session/eba1f4137d59e17012d733eb998fae51/element/f.7AE0A9E4E389AFF4A1B7A60F0CE9C65F.d.9500C787CCD83BC5DAF6A7773221E60A.e.241/click - {}
RESULT: {}
COMMAND: POST /session/eba1f4137d59e17012d733eb998fae51/elements - {"using":"xpath","value":"//span[text()='Error']"}
RESULT: {"using":"xpath","value":"//span[text()='Error']"}
COMMAND: POST /session/eba1f4137d59e17012d733eb998fae51/element - {"using":"xpath","value":"//button[@data-kt=\"masterHOAddButton\"]"}
RESULT: {"using":"xpath","value":"//button[@data-kt=\"masterHOAddButton\"]"}
COMMAND: POST /session/eba1f4137d59e17012d733eb998fae51/elements - {"using":"xpath","value":"//button[@data-kt=\"masterHOAddButton\"]"}
RESULT: {"using":"xpath","value":"//button[@data-kt=\"masterHOAddButton\"]"}
COMMAND: POST /session/eba1f4137d59e17012d733eb998fae51/execute/sync - {"script":"<script> [8489 bytes]","args":[{"element-6066-11e4-a52e-4f735466cecf":"f.7AE0A9E4E389AFF4A1B7A60F0CE9C65F.d.9500C787CCD83BC5DAF6A7773221E60A.e.3209","ELEMENT":"f.7AE0A9E4E389AFF4A1B7A60F0CE9C65F.d.9500C787CCD83BC5DAF6A7773221E60A.e.3209"}]}
RESULT: {"script":"<script> [8489 bytes]","args":[{"element-6066-11e4-a52e-4f735466cecf":"f.7AE0A9E4E389AFF4A1B7A60F0CE9C65F.d.9500C787CCD83BC5DAF6A7773221E60A.e.3209","ELEMENT":"f.7AE0A9E4E389AFF4A1B7A60F0CE9C65F.d.9500C787CCD83BC5DAF6A7773221E60A.e.3209"}]}
COMMAND: GET /session/eba1f4137d59e17012d733eb998fae51/element/f.7AE0A9E4E389AFF4A1B7A60F0CE9C65F.d.9500C787CCD83BC5DAF6A7773221E60A.e.3209/enabled - {}
COMMAND: GET /session/eba1f4137d59e17012d733eb998fae51/screenshot - {}
RESULT: {}
COMMAND: POST /session/eba1f4137d59e17012d733eb998fae51/execute/sync - {"script":"<script> [8489 bytes]","args":[{"element-6066-11e4-a52e-4f735466cecf":"f.7AE0A9E4E389AFF4A1B7A60F0CE9C65F.d.9500C787CCD83BC5DAF6A7773221E60A.e.3209","ELEMENT":"f.7AE0A9E4E389AFF4A1B7A60F0CE9C65F.d.9500C787CCD83BC5DAF6A7773221E60A.e.3209"}]}
COMMAND: GET /session/eba1f4137d59e17012d733eb998fae51/screenshot - {}
RESULT: {}
RESULT: {"script":"<script> [8489 bytes]","args":[{"element-6066-11e4-a52e-4f735466cecf":"f.7AE0A9E4E389AFF4A1B7A60F0CE9C65F.d.9500C787CCD83BC5DAF6A7773221E60A.e.3209","ELEMENT":"f.7AE0A9E4E389AFF4A1B7A60F0CE9C65F.d.9500C787CCD83BC5DAF6A7773221E60A.e.3209"}]}
COMMAND: POST /session/eba1f4137d59e17012d733eb998fae51/execute/sync - {"script":"<script> [5351 bytes]","args":[{"element-6066-11e4-a52e-4f735466cecf":"f.7AE0A9E4E389AFF4A1B7A60F0CE9C65F.d.9500C787CCD83BC5DAF6A7773221E60A.e.3209","ELEMENT":"f.7AE0A9E4E389AFF4A1B7A60F0CE9C65F.d.9500C787CCD83BC5DAF6A7773221E60A.e.3209"}]}
COMMAND: GET /session/eba1f4137d59e17012d733eb998fae51/screenshot - {}
RESULT: {}
RESULT: {"script":"<script> [5351 bytes]","args":[{"element-6066-11e4-a52e-4f735466cecf":"f.7AE0A9E4E389AFF4A1B7A60F0CE9C65F.d.9500C787CCD83BC5DAF6A7773221E60A.e.3209","ELEMENT":"f.7AE0A9E4E389AFF4A1B7A60F0CE9C65F.d.9500C787CCD83BC5DAF6A7773221E60A.e.3209"}]}
COMMAND: POST /session/eba1f4137d59e17012d733eb998fae51/element/f.7AE0A9E4E389AFF4A1B7A60F0CE9C65F.d.9500C787CCD83BC5DAF6A7773221E60A.e.3209/click - {}
COMMAND: GET /session/eba1f4137d59e17012d733eb998fae51/screenshot - {}
RESULT: {}
RESULT: {}
COMMAND: GET /session/eba1f4137d59e17012d733eb998fae51/screenshot - {}
RESULT: {}
RESULT: {}
COMMAND: POST /session/eba1f4137d59e17012d733eb998fae51/element - {"using":"xpath","value":"//span[contains(@id ,\"AddNewHO--typeSelect-arrow\")]"}
RESULT: {"using":"xpath","value":"//span[contains(@id ,\"AddNewHO--typeSelect-arrow\")]"}
COMMAND: POST /session/eba1f4137d59e17012d733eb998fae51/element/f.7AE0A9E4E389AFF4A1B7A60F0CE9C65F.d.9500C787CCD83BC5DAF6A7773221E60A.e.3605/click - {}
RESULT: {}
COMMAND: GET /session/eba1f4137d59e17012d733eb998fae51/screenshot - {}
RESULT: {}
COMMAND: POST /session/eba1f4137d59e17012d733eb998fae51/element - {"using":"xpath","value":"(//li[contains(text(), \"stock increase yard\")])[1]"}
RESULT: {"using":"xpath","value":"(//li[contains(text(), \"stock increase yard\")])[1]"}
COMMAND: POST /session/eba1f4137d59e17012d733eb998fae51/element/f.7AE0A9E4E389AFF4A1B7A60F0CE9C65F.d.9500C787CCD83BC5DAF6A7773221E60A.e.3577/click - {}
RESULT: {}
COMMAND: GET /session/eba1f4137d59e17012d733eb998fae51/screenshot - {}
RESULT: {}
RESULT: undefined
COMMAND: POST /session/eba1f4137d59e17012d733eb998fae51/execute/async - {"script":"<script> [6424 bytes]","args":[{"element-6066-11e4-a52e-4f735466cecf":"f.7AE0A9E4E389AFF4A1B7A60F0CE9C65F.d.9500C787CCD83BC5DAF6A7773221E60A.e.3579"},"setValue",["6/1/25"]]}
RESULT: {"script":"<script> [6424 bytes]","args":[{"element-6066-11e4-a52e-4f735466cecf":"f.7AE0A9E4E389AFF4A1B7A60F0CE9C65F.d.9500C787CCD83BC5DAF6A7773221E60A.e.3579"},"setValue",["6/1/25"]]}
COMMAND: POST /session/eba1f4137d59e17012d733eb998fae51/element - {"using":"xpath","value":"//input[@id=\"generalSectionFrg--receiveYard-inner\"]"}
RESULT: {"using":"xpath","value":"//input[@id=\"generalSectionFrg--receiveYard-inner\"]"}
COMMAND: POST /session/eba1f4137d59e17012d733eb998fae51/element/f.7AE0A9E4E389AFF4A1B7A60F0CE9C65F.d.9500C787CCD83BC5DAF6A7773221E60A.e.3585/clear - {}
RESULT: {}
COMMAND: POST /session/eba1f4137d59e17012d733eb998fae51/element/f.7AE0A9E4E389AFF4A1B7A60F0CE9C65F.d.9500C787CCD83BC5DAF6A7773221E60A.e.3585/value - {"text":"109"}
COMMAND: GET /session/eba1f4137d59e17012d733eb998fae51/screenshot - {}
RESULT: {"text":"109"}
COMMAND: GET /session/eba1f4137d59e17012d733eb998fae51/screenshot - {}
RESULT: {}
RESULT: {}
COMMAND: POST /session/eba1f4137d59e17012d733eb998fae51/element - {"using":"xpath","value":"//li[.//span[contains(text(),'109 -')]]"}
RESULT: {"using":"xpath","value":"//li[.//span[contains(text(),'109 -')]]"}
COMMAND: POST /session/eba1f4137d59e17012d733eb998fae51/elements - {"using":"xpath","value":"//li[.//span[contains(text(),'109 -')]]"}
RESULT: {"using":"xpath","value":"//li[.//span[contains(text(),'109 -')]]"}
COMMAND: POST /session/eba1f4137d59e17012d733eb998fae51/elements - {"using":"xpath","value":"//li[.//span[contains(text(),'109 -')]]"}
RESULT: {"using":"xpath","value":"//li[.//span[contains(text(),'109 -')]]"}
COMMAND: POST /session/eba1f4137d59e17012d733eb998fae51/elements - {"using":"xpath","value":"//li[.//span[contains(text(),'109 -')]]"}
RESULT: {"using":"xpath","value":"//li[.//span[contains(text(),'109 -')]]"}
COMMAND: POST /session/eba1f4137d59e17012d733eb998fae51/elements - {"using":"xpath","value":"//li[.//span[contains(text(),'109 -')]]"}
RESULT: {"using":"xpath","value":"//li[.//span[contains(text(),'109 -')]]"}
COMMAND: POST /session/eba1f4137d59e17012d733eb998fae51/elements - {"using":"xpath","value":"//li[.//span[contains(text(),'109 -')]]"}
RESULT: {"using":"xpath","value":"//li[.//span[contains(text(),'109 -')]]"}
COMMAND: POST /session/eba1f4137d59e17012d733eb998fae51/elements - {"using":"xpath","value":"//li[.//span[contains(text(),'109 -')]]"}
RESULT: {"using":"xpath","value":"//li[.//span[contains(text(),'109 -')]]"}
COMMAND: POST /session/eba1f4137d59e17012d733eb998fae51/elements - {"using":"xpath","value":"//li[.//span[contains(text(),'109 -')]]"}
RESULT: {"using":"xpath","value":"//li[.//span[contains(text(),'109 -')]]"}
COMMAND: POST /session/eba1f4137d59e17012d733eb998fae51/elements - {"using":"xpath","value":"//li[.//span[contains(text(),'109 -')]]"}
RESULT: {"using":"xpath","value":"//li[.//span[contains(text(),'109 -')]]"}
COMMAND: POST /session/eba1f4137d59e17012d733eb998fae51/elements - {"using":"xpath","value":"//li[.//span[contains(text(),'109 -')]]"}
RESULT: {"using":"xpath","value":"//li[.//span[contains(text(),'109 -')]]"}
COMMAND: POST /session/eba1f4137d59e17012d733eb998fae51/elements - {"using":"xpath","value":"//li[.//span[contains(text(),'109 -')]]"}
RESULT: {"using":"xpath","value":"//li[.//span[contains(text(),'109 -')]]"}
COMMAND: POST /session/eba1f4137d59e17012d733eb998fae51/elements - {"using":"xpath","value":"//li[.//span[contains(text(),'109 -')]]"}
RESULT: {"using":"xpath","value":"//li[.//span[contains(text(),'109 -')]]"}
COMMAND: POST /session/eba1f4137d59e17012d733eb998fae51/elements - {"using":"xpath","value":"//li[.//span[contains(text(),'109 -')]]"}
RESULT: {"using":"xpath","value":"//li[.//span[contains(text(),'109 -')]]"}
COMMAND: POST /session/eba1f4137d59e17012d733eb998fae51/elements - {"using":"xpath","value":"//li[.//span[contains(text(),'109 -')]]"}
RESULT: {"using":"xpath","value":"//li[.//span[contains(text(),'109 -')]]"}
COMMAND: POST /session/eba1f4137d59e17012d733eb998fae51/elements - {"using":"xpath","value":"//li[.//span[contains(text(),'109 -')]]"}
RESULT: {"using":"xpath","value":"//li[.//span[contains(text(),'109 -')]]"}
COMMAND: POST /session/eba1f4137d59e17012d733eb998fae51/elements - {"using":"xpath","value":"//li[.//span[contains(text(),'109 -')]]"}
RESULT: {"using":"xpath","value":"//li[.//span[contains(text(),'109 -')]]"}
COMMAND: POST /session/eba1f4137d59e17012d733eb998fae51/elements - {"using":"xpath","value":"//li[.//span[contains(text(),'109 -')]]"}
RESULT: {"using":"xpath","value":"//li[.//span[contains(text(),'109 -')]]"}
COMMAND: POST /session/eba1f4137d59e17012d733eb998fae51/elements - {"using":"xpath","value":"//li[.//span[contains(text(),'109 -')]]"}
RESULT: {"using":"xpath","value":"//li[.//span[contains(text(),'109 -')]]"}
COMMAND: POST /session/eba1f4137d59e17012d733eb998fae51/elements - {"using":"xpath","value":"//li[.//span[contains(text(),'109 -')]]"}
RESULT: {"using":"xpath","value":"//li[.//span[contains(text(),'109 -')]]"}
COMMAND: POST /session/eba1f4137d59e17012d733eb998fae51/elements - {"using":"xpath","value":"//li[.//span[contains(text(),'109 -')]]"}
RESULT: {"using":"xpath","value":"//li[.//span[contains(text(),'109 -')]]"}
COMMAND: POST /session/eba1f4137d59e17012d733eb998fae51/elements - {"using":"xpath","value":"//li[.//span[contains(text(),'109 -')]]"}
RESULT: {"using":"xpath","value":"//li[.//span[contains(text(),'109 -')]]"}
COMMAND: POST /session/eba1f4137d59e17012d733eb998fae51/elements - {"using":"xpath","value":"//li[.//span[contains(text(),'109 -')]]"}
RESULT: {"using":"xpath","value":"//li[.//span[contains(text(),'109 -')]]"}
COMMAND: POST /session/eba1f4137d59e17012d733eb998fae51/elements - {"using":"xpath","value":"//li[.//span[contains(text(),'109 -')]]"}
RESULT: {"using":"xpath","value":"//li[.//span[contains(text(),'109 -')]]"}
COMMAND: POST /session/eba1f4137d59e17012d733eb998fae51/elements - {"using":"xpath","value":"//li[.//span[contains(text(),'109 -')]]"}
RESULT: {"using":"xpath","value":"//li[.//span[contains(text(),'109 -')]]"}
COMMAND: POST /session/eba1f4137d59e17012d733eb998fae51/elements - {"using":"xpath","value":"//li[.//span[contains(text(),'109 -')]]"}
RESULT: {"using":"xpath","value":"//li[.//span[contains(text(),'109 -')]]"}
COMMAND: POST /session/eba1f4137d59e17012d733eb998fae51/elements - {"using":"xpath","value":"//li[.//span[contains(text(),'109 -')]]"}
RESULT: {"using":"xpath","value":"//li[.//span[contains(text(),'109 -')]]"}
COMMAND: POST /session/eba1f4137d59e17012d733eb998fae51/elements - {"using":"xpath","value":"//li[.//span[contains(text(),'109 -')]]"}
RESULT: {"using":"xpath","value":"//li[.//span[contains(text(),'109 -')]]"}
COMMAND: POST /session/eba1f4137d59e17012d733eb998fae51/elements - {"using":"xpath","value":"//li[.//span[contains(text(),'109 -')]]"}
RESULT: {"using":"xpath","value":"//li[.//span[contains(text(),'109 -')]]"}
COMMAND: POST /session/eba1f4137d59e17012d733eb998fae51/elements - {"using":"xpath","value":"//li[.//span[contains(text(),'109 -')]]"}
RESULT: {"using":"xpath","value":"//li[.//span[contains(text(),'109 -')]]"}
COMMAND: POST /session/eba1f4137d59e17012d733eb998fae51/elements - {"using":"xpath","value":"//li[.//span[contains(text(),'109 -')]]"}
RESULT: {"using":"xpath","value":"//li[.//span[contains(text(),'109 -')]]"}
COMMAND: POST /session/eba1f4137d59e17012d733eb998fae51/elements - {"using":"xpath","value":"//li[.//span[contains(text(),'109 -')]]"}
RESULT: {"using":"xpath","value":"//li[.//span[contains(text(),'109 -')]]"}
COMMAND: POST /session/eba1f4137d59e17012d733eb998fae51/elements - {"using":"xpath","value":"//li[.//span[contains(text(),'109 -')]]"}
RESULT: {"using":"xpath","value":"//li[.//span[contains(text(),'109 -')]]"}
COMMAND: POST /session/eba1f4137d59e17012d733eb998fae51/elements - {"using":"xpath","value":"//li[.//span[contains(text(),'109 -')]]"}
RESULT: {"using":"xpath","value":"//li[.//span[contains(text(),'109 -')]]"}
COMMAND: POST /session/eba1f4137d59e17012d733eb998fae51/elements - {"using":"xpath","value":"//li[.//span[contains(text(),'109 -')]]"}
RESULT: {"using":"xpath","value":"//li[.//span[contains(text(),'109 -')]]"}
COMMAND: POST /session/eba1f4137d59e17012d733eb998fae51/elements - {"using":"xpath","value":"//li[.//span[contains(text(),'109 -')]]"}
RESULT: {"using":"xpath","value":"//li[.//span[contains(text(),'109 -')]]"}
COMMAND: POST /session/eba1f4137d59e17012d733eb998fae51/elements - {"using":"xpath","value":"//li[.//span[contains(text(),'109 -')]]"}
RESULT: {"using":"xpath","value":"//li[.//span[contains(text(),'109 -')]]"}
COMMAND: POST /session/eba1f4137d59e17012d733eb998fae51/elements - {"using":"xpath","value":"//li[.//span[contains(text(),'109 -')]]"}
RESULT: {"using":"xpath","value":"//li[.//span[contains(text(),'109 -')]]"}
COMMAND: POST /session/eba1f4137d59e17012d733eb998fae51/elements - {"using":"xpath","value":"//li[.//span[contains(text(),'109 -')]]"}
RESULT: {"using":"xpath","value":"//li[.//span[contains(text(),'109 -')]]"}
COMMAND: POST /session/eba1f4137d59e17012d733eb998fae51/elements - {"using":"xpath","value":"//li[.//span[contains(text(),'109 -')]]"}
RESULT: {"using":"xpath","value":"//li[.//span[contains(text(),'109 -')]]"}
COMMAND: POST /session/eba1f4137d59e17012d733eb998fae51/elements - {"using":"xpath","value":"//li[.//span[contains(text(),'109 -')]]"}
RESULT: {"using":"xpath","value":"//li[.//span[contains(text(),'109 -')]]"}
COMMAND: POST /session/eba1f4137d59e17012d733eb998fae51/elements - {"using":"xpath","value":"//li[.//span[contains(text(),'109 -')]]"}
RESULT: {"using":"xpath","value":"//li[.//span[contains(text(),'109 -')]]"}
COMMAND: POST /session/eba1f4137d59e17012d733eb998fae51/elements - {"using":"xpath","value":"//li[.//span[contains(text(),'109 -')]]"}
RESULT: {"using":"xpath","value":"//li[.//span[contains(text(),'109 -')]]"}
COMMAND: POST /session/eba1f4137d59e17012d733eb998fae51/elements - {"using":"xpath","value":"//li[.//span[contains(text(),'109 -')]]"}
RESULT: {"using":"xpath","value":"//li[.//span[contains(text(),'109 -')]]"}
COMMAND: POST /session/eba1f4137d59e17012d733eb998fae51/elements - {"using":"xpath","value":"//li[.//span[contains(text(),'109 -')]]"}
RESULT: {"using":"xpath","value":"//li[.//span[contains(text(),'109 -')]]"}
COMMAND: POST /session/eba1f4137d59e17012d733eb998fae51/elements - {"using":"xpath","value":"//li[.//span[contains(text(),'109 -')]]"}
RESULT: {"using":"xpath","value":"//li[.//span[contains(text(),'109 -')]]"}
COMMAND: POST /session/eba1f4137d59e17012d733eb998fae51/elements - {"using":"xpath","value":"//li[.//span[contains(text(),'109 -')]]"}
RESULT: {"using":"xpath","value":"//li[.//span[contains(text(),'109 -')]]"}
COMMAND: POST /session/eba1f4137d59e17012d733eb998fae51/elements - {"using":"xpath","value":"//li[.//span[contains(text(),'109 -')]]"}
RESULT: {"using":"xpath","value":"//li[.//span[contains(text(),'109 -')]]"}
COMMAND: POST /session/eba1f4137d59e17012d733eb998fae51/elements - {"using":"xpath","value":"//li[.//span[contains(text(),'109 -')]]"}
RESULT: {"using":"xpath","value":"//li[.//span[contains(text(),'109 -')]]"}
COMMAND: POST /session/eba1f4137d59e17012d733eb998fae51/elements - {"using":"xpath","value":"//li[.//span[contains(text(),'109 -')]]"}
RESULT: {"using":"xpath","value":"//li[.//span[contains(text(),'109 -')]]"}
COMMAND: POST /session/eba1f4137d59e17012d733eb998fae51/elements - {"using":"xpath","value":"//li[.//span[contains(text(),'109 -')]]"}
RESULT: {"using":"xpath","value":"//li[.//span[contains(text(),'109 -')]]"}
COMMAND: POST /session/eba1f4137d59e17012d733eb998fae51/elements - {"using":"xpath","value":"//li[.//span[contains(text(),'109 -')]]"}
RESULT: {"using":"xpath","value":"//li[.//span[contains(text(),'109 -')]]"}
COMMAND: POST /session/eba1f4137d59e17012d733eb998fae51/elements - {"using":"xpath","value":"//li[.//span[contains(text(),'109 -')]]"}
RESULT: {"using":"xpath","value":"//li[.//span[contains(text(),'109 -')]]"}
COMMAND: POST /session/eba1f4137d59e17012d733eb998fae51/elements - {"using":"xpath","value":"//li[.//span[contains(text(),'109 -')]]"}
RESULT: {"using":"xpath","value":"//li[.//span[contains(text(),'109 -')]]"}
COMMAND: POST /session/eba1f4137d59e17012d733eb998fae51/elements - {"using":"xpath","value":"//li[.//span[contains(text(),'109 -')]]"}
RESULT: {"using":"xpath","value":"//li[.//span[contains(text(),'109 -')]]"}
COMMAND: POST /session/eba1f4137d59e17012d733eb998fae51/elements - {"using":"xpath","value":"//li[.//span[contains(text(),'109 -')]]"}
RESULT: {"using":"xpath","value":"//li[.//span[contains(text(),'109 -')]]"}
COMMAND: POST /session/eba1f4137d59e17012d733eb998fae51/elements - {"using":"xpath","value":"//li[.//span[contains(text(),'109 -')]]"}
RESULT: {"using":"xpath","value":"//li[.//span[contains(text(),'109 -')]]"}
COMMAND: POST /session/eba1f4137d59e17012d733eb998fae51/elements - {"using":"xpath","value":"//li[.//span[contains(text(),'109 -')]]"}
RESULT: {"using":"xpath","value":"//li[.//span[contains(text(),'109 -')]]"}
COMMAND: POST /session/eba1f4137d59e17012d733eb998fae51/elements - {"using":"xpath","value":"//li[.//span[contains(text(),'109 -')]]"}
RESULT: {"using":"xpath","value":"//li[.//span[contains(text(),'109 -')]]"}
COMMAND: POST /session/eba1f4137d59e17012d733eb998fae51/elements - {"using":"xpath","value":"//li[.//span[contains(text(),'109 -')]]"}
RESULT: {"using":"xpath","value":"//li[.//span[contains(text(),'109 -')]]"}
COMMAND: POST /session/eba1f4137d59e17012d733eb998fae51/elements - {"using":"xpath","value":"//li[.//span[contains(text(),'109 -')]]"}
RESULT: {"using":"xpath","value":"//li[.//span[contains(text(),'109 -')]]"}
COMMAND: POST /session/eba1f4137d59e17012d733eb998fae51/elements - {"using":"xpath","value":"//li[.//span[contains(text(),'109 -')]]"}
RESULT: {"using":"xpath","value":"//li[.//span[contains(text(),'109 -')]]"}
COMMAND: POST /session/eba1f4137d59e17012d733eb998fae51/elements - {"using":"xpath","value":"//li[.//span[contains(text(),'109 -')]]"}
RESULT: {"using":"xpath","value":"//li[.//span[contains(text(),'109 -')]]"}
COMMAND: POST /session/eba1f4137d59e17012d733eb998fae51/elements - {"using":"xpath","value":"//li[.//span[contains(text(),'109 -')]]"}
RESULT: {"using":"xpath","value":"//li[.//span[contains(text(),'109 -')]]"}
COMMAND: POST /session/eba1f4137d59e17012d733eb998fae51/elements - {"using":"xpath","value":"//li[.//span[contains(text(),'109 -')]]"}
RESULT: {"using":"xpath","value":"//li[.//span[contains(text(),'109 -')]]"}
COMMAND: POST /session/eba1f4137d59e17012d733eb998fae51/elements - {"using":"xpath","value":"//li[.//span[contains(text(),'109 -')]]"}
RESULT: {"using":"xpath","value":"//li[.//span[contains(text(),'109 -')]]"}
COMMAND: POST /session/eba1f4137d59e17012d733eb998fae51/elements - {"using":"xpath","value":"//li[.//span[contains(text(),'109 -')]]"}
RESULT: {"using":"xpath","value":"//li[.//span[contains(text(),'109 -')]]"}
COMMAND: POST /session/eba1f4137d59e17012d733eb998fae51/elements - {"using":"xpath","value":"//li[.//span[contains(text(),'109 -')]]"}
RESULT: {"using":"xpath","value":"//li[.//span[contains(text(),'109 -')]]"}
COMMAND: POST /session/eba1f4137d59e17012d733eb998fae51/elements - {"using":"xpath","value":"//li[.//span[contains(text(),'109 -')]]"}
RESULT: {"using":"xpath","value":"//li[.//span[contains(text(),'109 -')]]"}
COMMAND: POST /session/eba1f4137d59e17012d733eb998fae51/elements - {"using":"xpath","value":"//li[.//span[contains(text(),'109 -')]]"}
RESULT: {"using":"xpath","value":"//li[.//span[contains(text(),'109 -')]]"}
COMMAND: POST /session/eba1f4137d59e17012d733eb998fae51/elements - {"using":"xpath","value":"//li[.//span[contains(text(),'109 -')]]"}
RESULT: {"using":"xpath","value":"//li[.//span[contains(text(),'109 -')]]"}
COMMAND: POST /session/eba1f4137d59e17012d733eb998fae51/elements - {"using":"xpath","value":"//li[.//span[contains(text(),'109 -')]]"}
RESULT: {"using":"xpath","value":"//li[.//span[contains(text(),'109 -')]]"}
COMMAND: POST /session/eba1f4137d59e17012d733eb998fae51/elements - {"using":"xpath","value":"//li[.//span[contains(text(),'109 -')]]"}
RESULT: {"using":"xpath","value":"//li[.//span[contains(text(),'109 -')]]"}
COMMAND: POST /session/eba1f4137d59e17012d733eb998fae51/elements - {"using":"xpath","value":"//li[.//span[contains(text(),'109 -')]]"}
RESULT: {"using":"xpath","value":"//li[.//span[contains(text(),'109 -')]]"}
COMMAND: POST /session/eba1f4137d59e17012d733eb998fae51/elements - {"using":"xpath","value":"//li[.//span[contains(text(),'109 -')]]"}
RESULT: {"using":"xpath","value":"//li[.//span[contains(text(),'109 -')]]"}
COMMAND: POST /session/eba1f4137d59e17012d733eb998fae51/elements - {"using":"xpath","value":"//li[.//span[contains(text(),'109 -')]]"}
RESULT: {"using":"xpath","value":"//li[.//span[contains(text(),'109 -')]]"}
COMMAND: POST /session/eba1f4137d59e17012d733eb998fae51/elements - {"using":"xpath","value":"//li[.//span[contains(text(),'109 -')]]"}
RESULT: {"using":"xpath","value":"//li[.//span[contains(text(),'109 -')]]"}
COMMAND: POST /session/eba1f4137d59e17012d733eb998fae51/elements - {"using":"xpath","value":"//li[.//span[contains(text(),'109 -')]]"}
RESULT: {"using":"xpath","value":"//li[.//span[contains(text(),'109 -')]]"}
COMMAND: POST /session/eba1f4137d59e17012d733eb998fae51/elements - {"using":"xpath","value":"//li[.//span[contains(text(),'109 -')]]"}
RESULT: {"using":"xpath","value":"//li[.//span[contains(text(),'109 -')]]"}
COMMAND: POST /session/eba1f4137d59e17012d733eb998fae51/elements - {"using":"xpath","value":"//li[.//span[contains(text(),'109 -')]]"}
RESULT: {"using":"xpath","value":"//li[.//span[contains(text(),'109 -')]]"}
COMMAND: POST /session/eba1f4137d59e17012d733eb998fae51/elements - {"using":"xpath","value":"//li[.//span[contains(text(),'109 -')]]"}
RESULT: {"using":"xpath","value":"//li[.//span[contains(text(),'109 -')]]"}
COMMAND: POST /session/eba1f4137d59e17012d733eb998fae51/elements - {"using":"xpath","value":"//li[.//span[contains(text(),'109 -')]]"}
RESULT: {"using":"xpath","value":"//li[.//span[contains(text(),'109 -')]]"}
COMMAND: POST /session/eba1f4137d59e17012d733eb998fae51/elements - {"using":"xpath","value":"//li[.//span[contains(text(),'109 -')]]"}
RESULT: {"using":"xpath","value":"//li[.//span[contains(text(),'109 -')]]"}
COMMAND: POST /session/eba1f4137d59e17012d733eb998fae51/elements - {"using":"xpath","value":"//li[.//span[contains(text(),'109 -')]]"}
RESULT: {"using":"xpath","value":"//li[.//span[contains(text(),'109 -')]]"}
COMMAND: POST /session/eba1f4137d59e17012d733eb998fae51/elements - {"using":"xpath","value":"//li[.//span[contains(text(),'109 -')]]"}
RESULT: {"using":"xpath","value":"//li[.//span[contains(text(),'109 -')]]"}
COMMAND: POST /session/eba1f4137d59e17012d733eb998fae51/elements - {"using":"xpath","value":"//li[.//span[contains(text(),'109 -')]]"}
RESULT: {"using":"xpath","value":"//li[.//span[contains(text(),'109 -')]]"}
COMMAND: POST /session/eba1f4137d59e17012d733eb998fae51/elements - {"using":"xpath","value":"//li[.//span[contains(text(),'109 -')]]"}
RESULT: {"using":"xpath","value":"//li[.//span[contains(text(),'109 -')]]"}
COMMAND: POST /session/eba1f4137d59e17012d733eb998fae51/elements - {"using":"xpath","value":"//li[.//span[contains(text(),'109 -')]]"}
RESULT: {"using":"xpath","value":"//li[.//span[contains(text(),'109 -')]]"}
COMMAND: POST /session/eba1f4137d59e17012d733eb998fae51/elements - {"using":"xpath","value":"//li[.//span[contains(text(),'109 -')]]"}
RESULT: {"using":"xpath","value":"//li[.//span[contains(text(),'109 -')]]"}
COMMAND: POST /session/eba1f4137d59e17012d733eb998fae51/elements - {"using":"xpath","value":"//li[.//span[contains(text(),'109 -')]]"}
RESULT: {"using":"xpath","value":"//li[.//span[contains(text(),'109 -')]]"}
COMMAND: POST /session/eba1f4137d59e17012d733eb998fae51/elements - {"using":"xpath","value":"//li[.//span[contains(text(),'109 -')]]"}
RESULT: {"using":"xpath","value":"//li[.//span[contains(text(),'109 -')]]"}
COMMAND: POST /session/eba1f4137d59e17012d733eb998fae51/elements - {"using":"xpath","value":"//li[.//span[contains(text(),'109 -')]]"}
RESULT: {"using":"xpath","value":"//li[.//span[contains(text(),'109 -')]]"}
COMMAND: POST /session/eba1f4137d59e17012d733eb998fae51/elements - {"using":"xpath","value":"//li[.//span[contains(text(),'109 -')]]"}
RESULT: {"using":"xpath","value":"//li[.//span[contains(text(),'109 -')]]"}
COMMAND: POST /session/eba1f4137d59e17012d733eb998fae51/elements - {"using":"xpath","value":"//li[.//span[contains(text(),'109 -')]]"}
RESULT: {"using":"xpath","value":"//li[.//span[contains(text(),'109 -')]]"}
COMMAND: POST /session/eba1f4137d59e17012d733eb998fae51/elements - {"using":"xpath","value":"//li[.//span[contains(text(),'109 -')]]"}
RESULT: {"using":"xpath","value":"//li[.//span[contains(text(),'109 -')]]"}
COMMAND: POST /session/eba1f4137d59e17012d733eb998fae51/elements - {"using":"xpath","value":"//li[.//span[contains(text(),'109 -')]]"}
RESULT: {"using":"xpath","value":"//li[.//span[contains(text(),'109 -')]]"}
COMMAND: POST /session/eba1f4137d59e17012d733eb998fae51/elements - {"using":"xpath","value":"//li[.//span[contains(text(),'109 -')]]"}
RESULT: {"using":"xpath","value":"//li[.//span[contains(text(),'109 -')]]"}
COMMAND: POST /session/eba1f4137d59e17012d733eb998fae51/elements - {"using":"xpath","value":"//li[.//span[contains(text(),'109 -')]]"}
RESULT: {"using":"xpath","value":"//li[.//span[contains(text(),'109 -')]]"}
COMMAND: POST /session/eba1f4137d59e17012d733eb998fae51/elements - {"using":"xpath","value":"//li[.//span[contains(text(),'109 -')]]"}
RESULT: {"using":"xpath","value":"//li[.//span[contains(text(),'109 -')]]"}
COMMAND: POST /session/eba1f4137d59e17012d733eb998fae51/elements - {"using":"xpath","value":"//li[.//span[contains(text(),'109 -')]]"}
RESULT: {"using":"xpath","value":"//li[.//span[contains(text(),'109 -')]]"}
COMMAND: POST /session/eba1f4137d59e17012d733eb998fae51/elements - {"using":"xpath","value":"//li[.//span[contains(text(),'109 -')]]"}
RESULT: {"using":"xpath","value":"//li[.//span[contains(text(),'109 -')]]"}
COMMAND: POST /session/eba1f4137d59e17012d733eb998fae51/elements - {"using":"xpath","value":"//li[.//span[contains(text(),'109 -')]]"}
RESULT: {"using":"xpath","value":"//li[.//span[contains(text(),'109 -')]]"}
COMMAND: POST /session/eba1f4137d59e17012d733eb998fae51/elements - {"using":"xpath","value":"//li[.//span[contains(text(),'109 -')]]"}
RESULT: {"using":"xpath","value":"//li[.//span[contains(text(),'109 -')]]"}
COMMAND: POST /session/eba1f4137d59e17012d733eb998fae51/elements - {"using":"xpath","value":"//li[.//span[contains(text(),'109 -')]]"}
RESULT: {"using":"xpath","value":"//li[.//span[contains(text(),'109 -')]]"}
COMMAND: POST /session/eba1f4137d59e17012d733eb998fae51/elements - {"using":"xpath","value":"//li[.//span[contains(text(),'109 -')]]"}
RESULT: {"using":"xpath","value":"//li[.//span[contains(text(),'109 -')]]"}
COMMAND: POST /session/eba1f4137d59e17012d733eb998fae51/elements - {"using":"xpath","value":"//li[.//span[contains(text(),'109 -')]]"}
RESULT: {"using":"xpath","value":"//li[.//span[contains(text(),'109 -')]]"}
COMMAND: POST /session/eba1f4137d59e17012d733eb998fae51/elements - {"using":"xpath","value":"//li[.//span[contains(text(),'109 -')]]"}
RESULT: {"using":"xpath","value":"//li[.//span[contains(text(),'109 -')]]"}
COMMAND: POST /session/eba1f4137d59e17012d733eb998fae51/elements - {"using":"xpath","value":"//li[.//span[contains(text(),'109 -')]]"}
RESULT: {"using":"xpath","value":"//li[.//span[contains(text(),'109 -')]]"}
COMMAND: POST /session/eba1f4137d59e17012d733eb998fae51/elements - {"using":"xpath","value":"//li[.//span[contains(text(),'109 -')]]"}
RESULT: {"using":"xpath","value":"//li[.//span[contains(text(),'109 -')]]"}
COMMAND: POST /session/eba1f4137d59e17012d733eb998fae51/elements - {"using":"xpath","value":"//li[.//span[contains(text(),'109 -')]]"}
RESULT: {"using":"xpath","value":"//li[.//span[contains(text(),'109 -')]]"}
COMMAND: POST /session/eba1f4137d59e17012d733eb998fae51/elements - {"using":"xpath","value":"//li[.//span[contains(text(),'109 -')]]"}
RESULT: {"using":"xpath","value":"//li[.//span[contains(text(),'109 -')]]"}
COMMAND: POST /session/eba1f4137d59e17012d733eb998fae51/elements - {"using":"xpath","value":"//li[.//span[contains(text(),'109 -')]]"}
RESULT: {"using":"xpath","value":"//li[.//span[contains(text(),'109 -')]]"}
COMMAND: POST /session/eba1f4137d59e17012d733eb998fae51/elements - {"using":"xpath","value":"//li[.//span[contains(text(),'109 -')]]"}
RESULT: {"using":"xpath","value":"//li[.//span[contains(text(),'109 -')]]"}
COMMAND: POST /session/eba1f4137d59e17012d733eb998fae51/elements - {"using":"xpath","value":"//li[.//span[contains(text(),'109 -')]]"}
RESULT: {"using":"xpath","value":"//li[.//span[contains(text(),'109 -')]]"}
COMMAND: POST /session/eba1f4137d59e17012d733eb998fae51/elements - {"using":"xpath","value":"//li[.//span[contains(text(),'109 -')]]"}
RESULT: {"using":"xpath","value":"//li[.//span[contains(text(),'109 -')]]"}
COMMAND: POST /session/eba1f4137d59e17012d733eb998fae51/elements - {"using":"xpath","value":"//li[.//span[contains(text(),'109 -')]]"}
RESULT: {"using":"xpath","value":"//li[.//span[contains(text(),'109 -')]]"}
COMMAND: POST /session/eba1f4137d59e17012d733eb998fae51/elements - {"using":"xpath","value":"//li[.//span[contains(text(),'109 -')]]"}
RESULT: {"using":"xpath","value":"//li[.//span[contains(text(),'109 -')]]"}
COMMAND: POST /session/eba1f4137d59e17012d733eb998fae51/elements - {"using":"xpath","value":"//li[.//span[contains(text(),'109 -')]]"}
RESULT: {"using":"xpath","value":"//li[.//span[contains(text(),'109 -')]]"}
COMMAND: POST /session/eba1f4137d59e17012d733eb998fae51/elements - {"using":"xpath","value":"//li[.//span[contains(text(),'109 -')]]"}
RESULT: {"using":"xpath","value":"//li[.//span[contains(text(),'109 -')]]"}
COMMAND: POST /session/eba1f4137d59e17012d733eb998fae51/elements - {"using":"xpath","value":"//li[.//span[contains(text(),'109 -')]]"}
RESULT: {"using":"xpath","value":"//li[.//span[contains(text(),'109 -')]]"}
COMMAND: POST /session/eba1f4137d59e17012d733eb998fae51/elements - {"using":"xpath","value":"//li[.//span[contains(text(),'109 -')]]"}
RESULT: {"using":"xpath","value":"//li[.//span[contains(text(),'109 -')]]"}
COMMAND: POST /session/eba1f4137d59e17012d733eb998fae51/elements - {"using":"xpath","value":"//li[.//span[contains(text(),'109 -')]]"}
RESULT: {"using":"xpath","value":"//li[.//span[contains(text(),'109 -')]]"}
COMMAND: GET /session/eba1f4137d59e17012d733eb998fae51/screenshot - {}
RESULT: {}
]]></system-out>
      <system-err><![CDATA[
Error: Can't call click on element with selector "//li[.//span[contains(text(),'109 -')]]" because element wasn't found
    at async UtilsPrerequisites.stockIncrease (D:\a\1\s\test\specs\BTS\prerequisites-and-utils-functions.js:1638:9)
    at async Context.<anonymous> (D:\a\1\s\test\specs\HTR\ru-inv-list-mass-state-change.spec.js:299:9)
]]></system-err>
    </testcase>
    <testcase classname="chrome.136_0_7103_93.windows.RU_Inventory_Mass_State_Change_Multiple_Items_US151066" name="Step 2 Should do a RU inventory mass state change on chosen yard 109 with the resources created one equipment one material the existing ones too" time="56.822">
      <failure/>
      <error message="element (&quot;//button[contains(@id, &quot;massStateBtn&quot;)]&quot;) still not existing after 45000ms"/>
      <system-out><![CDATA[
COMMAND: GET /session/eba1f4137d59e17012d733eb998fae51/screenshot - {}
RESULT: undefined
COMMAND: POST /session/eba1f4137d59e17012d733eb998fae51/element - {"using":"xpath","value":"//*[@id=\"__tile99\"]"}
RESULT: {}
RESULT: {"using":"xpath","value":"//*[@id=\"__tile99\"]"}
COMMAND: POST /session/eba1f4137d59e17012d733eb998fae51/element/f.7AE0A9E4E389AFF4A1B7A60F0CE9C65F.d.9500C787CCD83BC5DAF6A7773221E60A.e.265/click - {}
COMMAND: POST /session/eba1f4137d59e17012d733eb998fae51/elements - {"using":"xpath","value":"//span[text()='Error']"}
RESULT: {"using":"xpath","value":"//span[text()='Error']"}
COMMAND: POST /session/eba1f4137d59e17012d733eb998fae51/element - {"using":"xpath","value":"//button[contains(@id, \"massStateBtn\")]"}
RESULT: {"using":"xpath","value":"//button[contains(@id, \"massStateBtn\")]"}
COMMAND: POST /session/eba1f4137d59e17012d733eb998fae51/elements - {"using":"xpath","value":"//button[contains(@id, \"massStateBtn\")]"}
RESULT: {"using":"xpath","value":"//button[contains(@id, \"massStateBtn\")]"}
COMMAND: POST /session/eba1f4137d59e17012d733eb998fae51/elements - {"using":"xpath","value":"//button[contains(@id, \"massStateBtn\")]"}
RESULT: {"using":"xpath","value":"//button[contains(@id, \"massStateBtn\")]"}
COMMAND: POST /session/eba1f4137d59e17012d733eb998fae51/elements - {"using":"xpath","value":"//button[contains(@id, \"massStateBtn\")]"}
RESULT: {"using":"xpath","value":"//button[contains(@id, \"massStateBtn\")]"}
COMMAND: POST /session/eba1f4137d59e17012d733eb998fae51/elements - {"using":"xpath","value":"//button[contains(@id, \"massStateBtn\")]"}
RESULT: {"using":"xpath","value":"//button[contains(@id, \"massStateBtn\")]"}
COMMAND: POST /session/eba1f4137d59e17012d733eb998fae51/elements - {"using":"xpath","value":"//button[contains(@id, \"massStateBtn\")]"}
RESULT: {"using":"xpath","value":"//button[contains(@id, \"massStateBtn\")]"}
COMMAND: POST /session/eba1f4137d59e17012d733eb998fae51/elements - {"using":"xpath","value":"//button[contains(@id, \"massStateBtn\")]"}
RESULT: {"using":"xpath","value":"//button[contains(@id, \"massStateBtn\")]"}
COMMAND: POST /session/eba1f4137d59e17012d733eb998fae51/elements - {"using":"xpath","value":"//button[contains(@id, \"massStateBtn\")]"}
RESULT: {"using":"xpath","value":"//button[contains(@id, \"massStateBtn\")]"}
COMMAND: POST /session/eba1f4137d59e17012d733eb998fae51/elements - {"using":"xpath","value":"//button[contains(@id, \"massStateBtn\")]"}
RESULT: {"using":"xpath","value":"//button[contains(@id, \"massStateBtn\")]"}
COMMAND: POST /session/eba1f4137d59e17012d733eb998fae51/elements - {"using":"xpath","value":"//button[contains(@id, \"massStateBtn\")]"}
RESULT: {"using":"xpath","value":"//button[contains(@id, \"massStateBtn\")]"}
COMMAND: POST /session/eba1f4137d59e17012d733eb998fae51/elements - {"using":"xpath","value":"//button[contains(@id, \"massStateBtn\")]"}
RESULT: {"using":"xpath","value":"//button[contains(@id, \"massStateBtn\")]"}
COMMAND: POST /session/eba1f4137d59e17012d733eb998fae51/elements - {"using":"xpath","value":"//button[contains(@id, \"massStateBtn\")]"}
RESULT: {"using":"xpath","value":"//button[contains(@id, \"massStateBtn\")]"}
COMMAND: POST /session/eba1f4137d59e17012d733eb998fae51/elements - {"using":"xpath","value":"//button[contains(@id, \"massStateBtn\")]"}
RESULT: {"using":"xpath","value":"//button[contains(@id, \"massStateBtn\")]"}
COMMAND: POST /session/eba1f4137d59e17012d733eb998fae51/elements - {"using":"xpath","value":"//button[contains(@id, \"massStateBtn\")]"}
RESULT: {"using":"xpath","value":"//button[contains(@id, \"massStateBtn\")]"}
COMMAND: POST /session/eba1f4137d59e17012d733eb998fae51/elements - {"using":"xpath","value":"//button[contains(@id, \"massStateBtn\")]"}
RESULT: {"using":"xpath","value":"//button[contains(@id, \"massStateBtn\")]"}
COMMAND: POST /session/eba1f4137d59e17012d733eb998fae51/elements - {"using":"xpath","value":"//button[contains(@id, \"massStateBtn\")]"}
RESULT: {"using":"xpath","value":"//button[contains(@id, \"massStateBtn\")]"}
COMMAND: POST /session/eba1f4137d59e17012d733eb998fae51/elements - {"using":"xpath","value":"//button[contains(@id, \"massStateBtn\")]"}
RESULT: {"using":"xpath","value":"//button[contains(@id, \"massStateBtn\")]"}
COMMAND: POST /session/eba1f4137d59e17012d733eb998fae51/elements - {"using":"xpath","value":"//button[contains(@id, \"massStateBtn\")]"}
RESULT: {"using":"xpath","value":"//button[contains(@id, \"massStateBtn\")]"}
COMMAND: POST /session/eba1f4137d59e17012d733eb998fae51/elements - {"using":"xpath","value":"//button[contains(@id, \"massStateBtn\")]"}
RESULT: {"using":"xpath","value":"//button[contains(@id, \"massStateBtn\")]"}
COMMAND: POST /session/eba1f4137d59e17012d733eb998fae51/elements - {"using":"xpath","value":"//button[contains(@id, \"massStateBtn\")]"}
RESULT: {"using":"xpath","value":"//button[contains(@id, \"massStateBtn\")]"}
COMMAND: POST /session/eba1f4137d59e17012d733eb998fae51/elements - {"using":"xpath","value":"//button[contains(@id, \"massStateBtn\")]"}
RESULT: {"using":"xpath","value":"//button[contains(@id, \"massStateBtn\")]"}
COMMAND: POST /session/eba1f4137d59e17012d733eb998fae51/elements - {"using":"xpath","value":"//button[contains(@id, \"massStateBtn\")]"}
RESULT: {"using":"xpath","value":"//button[contains(@id, \"massStateBtn\")]"}
COMMAND: POST /session/eba1f4137d59e17012d733eb998fae51/elements - {"using":"xpath","value":"//button[contains(@id, \"massStateBtn\")]"}
RESULT: {"using":"xpath","value":"//button[contains(@id, \"massStateBtn\")]"}
COMMAND: POST /session/eba1f4137d59e17012d733eb998fae51/elements - {"using":"xpath","value":"//button[contains(@id, \"massStateBtn\")]"}
RESULT: {"using":"xpath","value":"//button[contains(@id, \"massStateBtn\")]"}
COMMAND: POST /session/eba1f4137d59e17012d733eb998fae51/elements - {"using":"xpath","value":"//button[contains(@id, \"massStateBtn\")]"}
RESULT: {"using":"xpath","value":"//button[contains(@id, \"massStateBtn\")]"}
COMMAND: POST /session/eba1f4137d59e17012d733eb998fae51/elements - {"using":"xpath","value":"//button[contains(@id, \"massStateBtn\")]"}
RESULT: {"using":"xpath","value":"//button[contains(@id, \"massStateBtn\")]"}
COMMAND: POST /session/eba1f4137d59e17012d733eb998fae51/elements - {"using":"xpath","value":"//button[contains(@id, \"massStateBtn\")]"}
RESULT: {"using":"xpath","value":"//button[contains(@id, \"massStateBtn\")]"}
COMMAND: POST /session/eba1f4137d59e17012d733eb998fae51/elements - {"using":"xpath","value":"//button[contains(@id, \"massStateBtn\")]"}
RESULT: {"using":"xpath","value":"//button[contains(@id, \"massStateBtn\")]"}
COMMAND: POST /session/eba1f4137d59e17012d733eb998fae51/elements - {"using":"xpath","value":"//button[contains(@id, \"massStateBtn\")]"}
RESULT: {"using":"xpath","value":"//button[contains(@id, \"massStateBtn\")]"}
COMMAND: POST /session/eba1f4137d59e17012d733eb998fae51/elements - {"using":"xpath","value":"//button[contains(@id, \"massStateBtn\")]"}
RESULT: {"using":"xpath","value":"//button[contains(@id, \"massStateBtn\")]"}
COMMAND: POST /session/eba1f4137d59e17012d733eb998fae51/elements - {"using":"xpath","value":"//button[contains(@id, \"massStateBtn\")]"}
RESULT: {"using":"xpath","value":"//button[contains(@id, \"massStateBtn\")]"}
COMMAND: POST /session/eba1f4137d59e17012d733eb998fae51/elements - {"using":"xpath","value":"//button[contains(@id, \"massStateBtn\")]"}
RESULT: {"using":"xpath","value":"//button[contains(@id, \"massStateBtn\")]"}
COMMAND: POST /session/eba1f4137d59e17012d733eb998fae51/elements - {"using":"xpath","value":"//button[contains(@id, \"massStateBtn\")]"}
RESULT: {"using":"xpath","value":"//button[contains(@id, \"massStateBtn\")]"}
COMMAND: POST /session/eba1f4137d59e17012d733eb998fae51/elements - {"using":"xpath","value":"//button[contains(@id, \"massStateBtn\")]"}
RESULT: {"using":"xpath","value":"//button[contains(@id, \"massStateBtn\")]"}
COMMAND: POST /session/eba1f4137d59e17012d733eb998fae51/elements - {"using":"xpath","value":"//button[contains(@id, \"massStateBtn\")]"}
RESULT: {"using":"xpath","value":"//button[contains(@id, \"massStateBtn\")]"}
COMMAND: POST /session/eba1f4137d59e17012d733eb998fae51/elements - {"using":"xpath","value":"//button[contains(@id, \"massStateBtn\")]"}
RESULT: {"using":"xpath","value":"//button[contains(@id, \"massStateBtn\")]"}
COMMAND: POST /session/eba1f4137d59e17012d733eb998fae51/elements - {"using":"xpath","value":"//button[contains(@id, \"massStateBtn\")]"}
RESULT: {"using":"xpath","value":"//button[contains(@id, \"massStateBtn\")]"}
COMMAND: POST /session/eba1f4137d59e17012d733eb998fae51/elements - {"using":"xpath","value":"//button[contains(@id, \"massStateBtn\")]"}
RESULT: {"using":"xpath","value":"//button[contains(@id, \"massStateBtn\")]"}
COMMAND: POST /session/eba1f4137d59e17012d733eb998fae51/elements - {"using":"xpath","value":"//button[contains(@id, \"massStateBtn\")]"}
RESULT: {"using":"xpath","value":"//button[contains(@id, \"massStateBtn\")]"}
COMMAND: POST /session/eba1f4137d59e17012d733eb998fae51/elements - {"using":"xpath","value":"//button[contains(@id, \"massStateBtn\")]"}
RESULT: {"using":"xpath","value":"//button[contains(@id, \"massStateBtn\")]"}
COMMAND: POST /session/eba1f4137d59e17012d733eb998fae51/elements - {"using":"xpath","value":"//button[contains(@id, \"massStateBtn\")]"}
RESULT: {"using":"xpath","value":"//button[contains(@id, \"massStateBtn\")]"}
COMMAND: POST /session/eba1f4137d59e17012d733eb998fae51/elements - {"using":"xpath","value":"//button[contains(@id, \"massStateBtn\")]"}
RESULT: {"using":"xpath","value":"//button[contains(@id, \"massStateBtn\")]"}
COMMAND: POST /session/eba1f4137d59e17012d733eb998fae51/elements - {"using":"xpath","value":"//button[contains(@id, \"massStateBtn\")]"}
RESULT: {"using":"xpath","value":"//button[contains(@id, \"massStateBtn\")]"}
COMMAND: POST /session/eba1f4137d59e17012d733eb998fae51/elements - {"using":"xpath","value":"//button[contains(@id, \"massStateBtn\")]"}
RESULT: {"using":"xpath","value":"//button[contains(@id, \"massStateBtn\")]"}
COMMAND: POST /session/eba1f4137d59e17012d733eb998fae51/elements - {"using":"xpath","value":"//button[contains(@id, \"massStateBtn\")]"}
RESULT: {"using":"xpath","value":"//button[contains(@id, \"massStateBtn\")]"}
COMMAND: POST /session/eba1f4137d59e17012d733eb998fae51/elements - {"using":"xpath","value":"//button[contains(@id, \"massStateBtn\")]"}
RESULT: {"using":"xpath","value":"//button[contains(@id, \"massStateBtn\")]"}
COMMAND: POST /session/eba1f4137d59e17012d733eb998fae51/elements - {"using":"xpath","value":"//button[contains(@id, \"massStateBtn\")]"}
RESULT: {"using":"xpath","value":"//button[contains(@id, \"massStateBtn\")]"}
COMMAND: POST /session/eba1f4137d59e17012d733eb998fae51/elements - {"using":"xpath","value":"//button[contains(@id, \"massStateBtn\")]"}
RESULT: {"using":"xpath","value":"//button[contains(@id, \"massStateBtn\")]"}
COMMAND: POST /session/eba1f4137d59e17012d733eb998fae51/elements - {"using":"xpath","value":"//button[contains(@id, \"massStateBtn\")]"}
RESULT: {"using":"xpath","value":"//button[contains(@id, \"massStateBtn\")]"}
COMMAND: POST /session/eba1f4137d59e17012d733eb998fae51/elements - {"using":"xpath","value":"//button[contains(@id, \"massStateBtn\")]"}
RESULT: {"using":"xpath","value":"//button[contains(@id, \"massStateBtn\")]"}
COMMAND: POST /session/eba1f4137d59e17012d733eb998fae51/elements - {"using":"xpath","value":"//button[contains(@id, \"massStateBtn\")]"}
RESULT: {"using":"xpath","value":"//button[contains(@id, \"massStateBtn\")]"}
COMMAND: POST /session/eba1f4137d59e17012d733eb998fae51/elements - {"using":"xpath","value":"//button[contains(@id, \"massStateBtn\")]"}
RESULT: {"using":"xpath","value":"//button[contains(@id, \"massStateBtn\")]"}
COMMAND: POST /session/eba1f4137d59e17012d733eb998fae51/elements - {"using":"xpath","value":"//button[contains(@id, \"massStateBtn\")]"}
RESULT: {"using":"xpath","value":"//button[contains(@id, \"massStateBtn\")]"}
COMMAND: POST /session/eba1f4137d59e17012d733eb998fae51/elements - {"using":"xpath","value":"//button[contains(@id, \"massStateBtn\")]"}
RESULT: {"using":"xpath","value":"//button[contains(@id, \"massStateBtn\")]"}
COMMAND: POST /session/eba1f4137d59e17012d733eb998fae51/elements - {"using":"xpath","value":"//button[contains(@id, \"massStateBtn\")]"}
RESULT: {"using":"xpath","value":"//button[contains(@id, \"massStateBtn\")]"}
COMMAND: POST /session/eba1f4137d59e17012d733eb998fae51/elements - {"using":"xpath","value":"//button[contains(@id, \"massStateBtn\")]"}
RESULT: {"using":"xpath","value":"//button[contains(@id, \"massStateBtn\")]"}
COMMAND: POST /session/eba1f4137d59e17012d733eb998fae51/elements - {"using":"xpath","value":"//button[contains(@id, \"massStateBtn\")]"}
RESULT: {"using":"xpath","value":"//button[contains(@id, \"massStateBtn\")]"}
COMMAND: POST /session/eba1f4137d59e17012d733eb998fae51/elements - {"using":"xpath","value":"//button[contains(@id, \"massStateBtn\")]"}
RESULT: {"using":"xpath","value":"//button[contains(@id, \"massStateBtn\")]"}
COMMAND: POST /session/eba1f4137d59e17012d733eb998fae51/elements - {"using":"xpath","value":"//button[contains(@id, \"massStateBtn\")]"}
RESULT: {"using":"xpath","value":"//button[contains(@id, \"massStateBtn\")]"}
COMMAND: POST /session/eba1f4137d59e17012d733eb998fae51/elements - {"using":"xpath","value":"//button[contains(@id, \"massStateBtn\")]"}
RESULT: {"using":"xpath","value":"//button[contains(@id, \"massStateBtn\")]"}
COMMAND: POST /session/eba1f4137d59e17012d733eb998fae51/elements - {"using":"xpath","value":"//button[contains(@id, \"massStateBtn\")]"}
RESULT: {"using":"xpath","value":"//button[contains(@id, \"massStateBtn\")]"}
COMMAND: POST /session/eba1f4137d59e17012d733eb998fae51/elements - {"using":"xpath","value":"//button[contains(@id, \"massStateBtn\")]"}
RESULT: {"using":"xpath","value":"//button[contains(@id, \"massStateBtn\")]"}
COMMAND: POST /session/eba1f4137d59e17012d733eb998fae51/elements - {"using":"xpath","value":"//button[contains(@id, \"massStateBtn\")]"}
RESULT: {"using":"xpath","value":"//button[contains(@id, \"massStateBtn\")]"}
COMMAND: POST /session/eba1f4137d59e17012d733eb998fae51/elements - {"using":"xpath","value":"//button[contains(@id, \"massStateBtn\")]"}
RESULT: {"using":"xpath","value":"//button[contains(@id, \"massStateBtn\")]"}
COMMAND: POST /session/eba1f4137d59e17012d733eb998fae51/elements - {"using":"xpath","value":"//button[contains(@id, \"massStateBtn\")]"}
RESULT: {"using":"xpath","value":"//button[contains(@id, \"massStateBtn\")]"}
COMMAND: POST /session/eba1f4137d59e17012d733eb998fae51/elements - {"using":"xpath","value":"//button[contains(@id, \"massStateBtn\")]"}
RESULT: {"using":"xpath","value":"//button[contains(@id, \"massStateBtn\")]"}
COMMAND: POST /session/eba1f4137d59e17012d733eb998fae51/elements - {"using":"xpath","value":"//button[contains(@id, \"massStateBtn\")]"}
RESULT: {"using":"xpath","value":"//button[contains(@id, \"massStateBtn\")]"}
COMMAND: POST /session/eba1f4137d59e17012d733eb998fae51/elements - {"using":"xpath","value":"//button[contains(@id, \"massStateBtn\")]"}
RESULT: {"using":"xpath","value":"//button[contains(@id, \"massStateBtn\")]"}
COMMAND: POST /session/eba1f4137d59e17012d733eb998fae51/elements - {"using":"xpath","value":"//button[contains(@id, \"massStateBtn\")]"}
RESULT: {"using":"xpath","value":"//button[contains(@id, \"massStateBtn\")]"}
COMMAND: POST /session/eba1f4137d59e17012d733eb998fae51/elements - {"using":"xpath","value":"//button[contains(@id, \"massStateBtn\")]"}
RESULT: {"using":"xpath","value":"//button[contains(@id, \"massStateBtn\")]"}
COMMAND: POST /session/eba1f4137d59e17012d733eb998fae51/elements - {"using":"xpath","value":"//button[contains(@id, \"massStateBtn\")]"}
RESULT: {"using":"xpath","value":"//button[contains(@id, \"massStateBtn\")]"}
COMMAND: POST /session/eba1f4137d59e17012d733eb998fae51/elements - {"using":"xpath","value":"//button[contains(@id, \"massStateBtn\")]"}
RESULT: {"using":"xpath","value":"//button[contains(@id, \"massStateBtn\")]"}
COMMAND: POST /session/eba1f4137d59e17012d733eb998fae51/elements - {"using":"xpath","value":"//button[contains(@id, \"massStateBtn\")]"}
RESULT: {"using":"xpath","value":"//button[contains(@id, \"massStateBtn\")]"}
COMMAND: POST /session/eba1f4137d59e17012d733eb998fae51/elements - {"using":"xpath","value":"//button[contains(@id, \"massStateBtn\")]"}
RESULT: {"using":"xpath","value":"//button[contains(@id, \"massStateBtn\")]"}
COMMAND: POST /session/eba1f4137d59e17012d733eb998fae51/elements - {"using":"xpath","value":"//button[contains(@id, \"massStateBtn\")]"}
RESULT: {"using":"xpath","value":"//button[contains(@id, \"massStateBtn\")]"}
COMMAND: POST /session/eba1f4137d59e17012d733eb998fae51/elements - {"using":"xpath","value":"//button[contains(@id, \"massStateBtn\")]"}
RESULT: {"using":"xpath","value":"//button[contains(@id, \"massStateBtn\")]"}
COMMAND: POST /session/eba1f4137d59e17012d733eb998fae51/elements - {"using":"xpath","value":"//button[contains(@id, \"massStateBtn\")]"}
RESULT: {"using":"xpath","value":"//button[contains(@id, \"massStateBtn\")]"}
COMMAND: POST /session/eba1f4137d59e17012d733eb998fae51/elements - {"using":"xpath","value":"//button[contains(@id, \"massStateBtn\")]"}
RESULT: {"using":"xpath","value":"//button[contains(@id, \"massStateBtn\")]"}
COMMAND: POST /session/eba1f4137d59e17012d733eb998fae51/elements - {"using":"xpath","value":"//button[contains(@id, \"massStateBtn\")]"}
RESULT: {"using":"xpath","value":"//button[contains(@id, \"massStateBtn\")]"}
COMMAND: POST /session/eba1f4137d59e17012d733eb998fae51/elements - {"using":"xpath","value":"//button[contains(@id, \"massStateBtn\")]"}
RESULT: {"using":"xpath","value":"//button[contains(@id, \"massStateBtn\")]"}
COMMAND: POST /session/eba1f4137d59e17012d733eb998fae51/elements - {"using":"xpath","value":"//button[contains(@id, \"massStateBtn\")]"}
RESULT: {"using":"xpath","value":"//button[contains(@id, \"massStateBtn\")]"}
COMMAND: POST /session/eba1f4137d59e17012d733eb998fae51/elements - {"using":"xpath","value":"//button[contains(@id, \"massStateBtn\")]"}
RESULT: {"using":"xpath","value":"//button[contains(@id, \"massStateBtn\")]"}
COMMAND: POST /session/eba1f4137d59e17012d733eb998fae51/elements - {"using":"xpath","value":"//button[contains(@id, \"massStateBtn\")]"}
RESULT: {"using":"xpath","value":"//button[contains(@id, \"massStateBtn\")]"}
COMMAND: POST /session/eba1f4137d59e17012d733eb998fae51/elements - {"using":"xpath","value":"//button[contains(@id, \"massStateBtn\")]"}
RESULT: {"using":"xpath","value":"//button[contains(@id, \"massStateBtn\")]"}
COMMAND: POST /session/eba1f4137d59e17012d733eb998fae51/elements - {"using":"xpath","value":"//button[contains(@id, \"massStateBtn\")]"}
RESULT: {"using":"xpath","value":"//button[contains(@id, \"massStateBtn\")]"}
COMMAND: POST /session/eba1f4137d59e17012d733eb998fae51/elements - {"using":"xpath","value":"//button[contains(@id, \"massStateBtn\")]"}
RESULT: {"using":"xpath","value":"//button[contains(@id, \"massStateBtn\")]"}
COMMAND: POST /session/eba1f4137d59e17012d733eb998fae51/elements - {"using":"xpath","value":"//button[contains(@id, \"massStateBtn\")]"}
RESULT: {"using":"xpath","value":"//button[contains(@id, \"massStateBtn\")]"}
COMMAND: POST /session/eba1f4137d59e17012d733eb998fae51/elements - {"using":"xpath","value":"//button[contains(@id, \"massStateBtn\")]"}
RESULT: {"using":"xpath","value":"//button[contains(@id, \"massStateBtn\")]"}
COMMAND: POST /session/eba1f4137d59e17012d733eb998fae51/elements - {"using":"xpath","value":"//button[contains(@id, \"massStateBtn\")]"}
RESULT: {"using":"xpath","value":"//button[contains(@id, \"massStateBtn\")]"}
COMMAND: POST /session/eba1f4137d59e17012d733eb998fae51/elements - {"using":"xpath","value":"//button[contains(@id, \"massStateBtn\")]"}
RESULT: {"using":"xpath","value":"//button[contains(@id, \"massStateBtn\")]"}
COMMAND: POST /session/eba1f4137d59e17012d733eb998fae51/elements - {"using":"xpath","value":"//button[contains(@id, \"massStateBtn\")]"}
RESULT: {"using":"xpath","value":"//button[contains(@id, \"massStateBtn\")]"}
COMMAND: POST /session/eba1f4137d59e17012d733eb998fae51/elements - {"using":"xpath","value":"//button[contains(@id, \"massStateBtn\")]"}
COMMAND: GET /session/eba1f4137d59e17012d733eb998fae51/screenshot - {}
RESULT: {"using":"xpath","value":"//button[contains(@id, \"massStateBtn\")]"}
RESULT: {}
COMMAND: GET /session/eba1f4137d59e17012d733eb998fae51/screenshot - {}
COMMAND: GET /session/eba1f4137d59e17012d733eb998fae51/screenshot - {}
RESULT: {}
RESULT: {}
COMMAND: DELETE /session/eba1f4137d59e17012d733eb998fae51 - {}
RESULT: {}
]]></system-out>
      <system-err><![CDATA[
Error: element ("//button[contains(@id, "massStateBtn")]") still not existing after 45000ms
    at async Context.<anonymous> (D:\a\1\s\test\specs\HTR\ru-inv-list-mass-state-change.spec.js:345:9)
]]></system-err>
    </testcase>
  </testsuite>
</testsuites>