<?xml version="1.0" encoding="UTF-8"?>
<testsuites tests="9" failures="0" errors="0" skipped="0">
  <testsuite timestamp="2025-05-29T15:31:55" time="797.023" tests="8" failures="0" errors="0" skipped="0">
    <properties>
      <property name="specId" value="0"/>
      <property name="suiteName" value="Create masterdata for Yard Overview - trigger provide US130988"/>
      <property name="capabilities" value="chrome.136_0_7103_93.windows"/>
      <property name="file" value="file:///D:/a/1/s/test/specs/HTR/yard-overview-trigger.spec.js"/>
    </properties>
    <testcase classname="chrome.136_0_7103_93.windows.Create_masterdata_for_Yard_Overview_-_trigger_provide_US130988" name="Should create a new yard" time="117.578">
      <system-out><![CDATA[
COMMAND: POST /session/e7d3dbf776b8e457be14300e2a759e7d/window/fullscreen - {}
RESULT: {}
COMMAND: POST /session/e7d3dbf776b8e457be14300e2a759e7d/execute/async - {"script":"<script> [1562 bytes]","args":[{"selector":{"controlType":"sap.m.GenericTile","properties":{"header":"Manage Yards"}},"wdio_ui5_key":"sapm.GenericTile{\"header\":\"Manage Yards\"}"}]}
RESULT: {"script":"<script> [1562 bytes]","args":[{"selector":{"controlType":"sap.m.GenericTile","properties":{"header":"Manage Yards"}},"wdio_ui5_key":"sapm.GenericTile{\"header\":\"Manage Yards\"}"}]}
RESULT: undefined
COMMAND: POST /session/e7d3dbf776b8e457be14300e2a759e7d/element - {"using":"xpath","value":"//*[@id=\"__tile41\"]"}
RESULT: {"using":"xpath","value":"//*[@id=\"__tile41\"]"}
COMMAND: POST /session/e7d3dbf776b8e457be14300e2a759e7d/element/f.A3F04CE5D85C258E01EAA3234DD55B89.d.FD7563DB6F02BC274137D71B0348344F.e.128/click - {}
RESULT: {}
COMMAND: GET /session/e7d3dbf776b8e457be14300e2a759e7d/screenshot - {}
RESULT: {}
COMMAND: POST /session/e7d3dbf776b8e457be14300e2a759e7d/elements - {"using":"xpath","value":"//span[text()='Error']"}
RESULT: {"using":"xpath","value":"//span[text()='Error']"}
COMMAND: POST /session/e7d3dbf776b8e457be14300e2a759e7d/element - {"using":"xpath","value":"//button[@data-kt=\"addNewYardOverflowToolbarButton\"]"}
RESULT: {"using":"xpath","value":"//button[@data-kt=\"addNewYardOverflowToolbarButton\"]"}
COMMAND: POST /session/e7d3dbf776b8e457be14300e2a759e7d/elements - {"using":"xpath","value":"//button[@data-kt=\"addNewYardOverflowToolbarButton\"]"}
RESULT: {"using":"xpath","value":"//button[@data-kt=\"addNewYardOverflowToolbarButton\"]"}
COMMAND: POST /session/e7d3dbf776b8e457be14300e2a759e7d/execute/sync - {"script":"<script> [8489 bytes]","args":[{"element-6066-11e4-a52e-4f735466cecf":"f.A3F04CE5D85C258E01EAA3234DD55B89.d.FD7563DB6F02BC274137D71B0348344F.e.263","ELEMENT":"f.A3F04CE5D85C258E01EAA3234DD55B89.d.FD7563DB6F02BC274137D71B0348344F.e.263"}]}
RESULT: {"script":"<script> [8489 bytes]","args":[{"element-6066-11e4-a52e-4f735466cecf":"f.A3F04CE5D85C258E01EAA3234DD55B89.d.FD7563DB6F02BC274137D71B0348344F.e.263","ELEMENT":"f.A3F04CE5D85C258E01EAA3234DD55B89.d.FD7563DB6F02BC274137D71B0348344F.e.263"}]}
COMMAND: GET /session/e7d3dbf776b8e457be14300e2a759e7d/element/f.A3F04CE5D85C258E01EAA3234DD55B89.d.FD7563DB6F02BC274137D71B0348344F.e.263/enabled - {}
COMMAND: GET /session/e7d3dbf776b8e457be14300e2a759e7d/screenshot - {}
RESULT: {}
COMMAND: POST /session/e7d3dbf776b8e457be14300e2a759e7d/execute/sync - {"script":"<script> [8489 bytes]","args":[{"element-6066-11e4-a52e-4f735466cecf":"f.A3F04CE5D85C258E01EAA3234DD55B89.d.FD7563DB6F02BC274137D71B0348344F.e.263","ELEMENT":"f.A3F04CE5D85C258E01EAA3234DD55B89.d.FD7563DB6F02BC274137D71B0348344F.e.263"}]}
COMMAND: GET /session/e7d3dbf776b8e457be14300e2a759e7d/screenshot - {}
RESULT: {}
RESULT: {"script":"<script> [8489 bytes]","args":[{"element-6066-11e4-a52e-4f735466cecf":"f.A3F04CE5D85C258E01EAA3234DD55B89.d.FD7563DB6F02BC274137D71B0348344F.e.263","ELEMENT":"f.A3F04CE5D85C258E01EAA3234DD55B89.d.FD7563DB6F02BC274137D71B0348344F.e.263"}]}
COMMAND: POST /session/e7d3dbf776b8e457be14300e2a759e7d/execute/sync - {"script":"<script> [5351 bytes]","args":[{"element-6066-11e4-a52e-4f735466cecf":"f.A3F04CE5D85C258E01EAA3234DD55B89.d.FD7563DB6F02BC274137D71B0348344F.e.263","ELEMENT":"f.A3F04CE5D85C258E01EAA3234DD55B89.d.FD7563DB6F02BC274137D71B0348344F.e.263"}]}
COMMAND: GET /session/e7d3dbf776b8e457be14300e2a759e7d/screenshot - {}
RESULT: {}
RESULT: {"script":"<script> [5351 bytes]","args":[{"element-6066-11e4-a52e-4f735466cecf":"f.A3F04CE5D85C258E01EAA3234DD55B89.d.FD7563DB6F02BC274137D71B0348344F.e.263","ELEMENT":"f.A3F04CE5D85C258E01EAA3234DD55B89.d.FD7563DB6F02BC274137D71B0348344F.e.263"}]}
COMMAND: POST /session/e7d3dbf776b8e457be14300e2a759e7d/element/f.A3F04CE5D85C258E01EAA3234DD55B89.d.FD7563DB6F02BC274137D71B0348344F.e.263/click - {}
COMMAND: GET /session/e7d3dbf776b8e457be14300e2a759e7d/screenshot - {}
RESULT: {}
RESULT: {}
COMMAND: GET /session/e7d3dbf776b8e457be14300e2a759e7d/screenshot - {}
RESULT: {}
RESULT: {}
COMMAND: POST /session/e7d3dbf776b8e457be14300e2a759e7d/element - {"using":"xpath","value":"//input[@id=\"application-manageyards-display-component---NewYard--yardId-inner\"]"}
RESULT: {"using":"xpath","value":"//input[@id=\"application-manageyards-display-component---NewYard--yardId-inner\"]"}
COMMAND: POST /session/e7d3dbf776b8e457be14300e2a759e7d/element - {"using":"xpath","value":"//input[@id=\"application-manageyards-display-component---NewYard--yardId-inner\"]"}
RESULT: {"using":"xpath","value":"//input[@id=\"application-manageyards-display-component---NewYard--yardId-inner\"]"}
COMMAND: POST /session/e7d3dbf776b8e457be14300e2a759e7d/execute/async - {"script":"<script> [1562 bytes]","args":[{"selector":{"id":"application-manageyards-display-component---NewYard--addressDetailDetailsName1","interaction":{"idSuffix":"inner"}},"wdio_ui5_key":"applicationmanageyards-display-component---NewYard--addressDetailDetailsName1"}]}
RESULT: {"script":"<script> [1562 bytes]","args":[{"selector":{"id":"application-manageyards-display-component---NewYard--addressDetailDetailsName1","interaction":{"idSuffix":"inner"}},"wdio_ui5_key":"applicationmanageyards-display-component---NewYard--addressDetailDetailsName1"}]}
RESULT: undefined
COMMAND: POST /session/e7d3dbf776b8e457be14300e2a759e7d/execute/async - {"script":"<script> [776 bytes]","args":[{"enterText":"Other Yard WDIO","selector":{"id":"application-manageyards-display-component---NewYard--addressDetailDetailsName1","interaction":{"idSuffix":"inner"}},"clearTextFirst":true,"interactionType":"ENTER_TEXT"}]}
RESULT: {"script":"<script> [776 bytes]","args":[{"enterText":"Other Yard WDIO","selector":{"id":"application-manageyards-display-component---NewYard--addressDetailDetailsName1","interaction":{"idSuffix":"inner"}},"clearTextFirst":true,"interactionType":"ENTER_TEXT"}]}
COMMAND: POST /session/e7d3dbf776b8e457be14300e2a759e7d/execute/async - {"script":"<script> [1562 bytes]","args":[{"selector":{"id":"application-manageyards-display-component---NewYard--addressDetailDetailsLanguage-arrow"},"wdio_ui5_key":"applicationmanageyards-display-component---NewYard--addressDetailDetailsLanguage-arrow"}]}
RESULT: {"script":"<script> [1562 bytes]","args":[{"selector":{"id":"application-manageyards-display-component---NewYard--addressDetailDetailsLanguage-arrow"},"wdio_ui5_key":"applicationmanageyards-display-component---NewYard--addressDetailDetailsLanguage-arrow"}]}
RESULT: undefined
COMMAND: POST /session/e7d3dbf776b8e457be14300e2a759e7d/element - {"using":"xpath","value":"//*[@id=\"application-manageyards-display-component---NewYard--addressDetailDetailsLanguage-arrow\"]"}
RESULT: {"using":"xpath","value":"//*[@id=\"application-manageyards-display-component---NewYard--addressDetailDetailsLanguage-arrow\"]"}
COMMAND: POST /session/e7d3dbf776b8e457be14300e2a759e7d/element/f.A3F04CE5D85C258E01EAA3234DD55B89.d.FD7563DB6F02BC274137D71B0348344F.e.693/click - {}
RESULT: {}
COMMAND: POST /session/e7d3dbf776b8e457be14300e2a759e7d/element - {"using":"xpath","value":"//span[contains(text(), \"English\")]"}
COMMAND: GET /session/e7d3dbf776b8e457be14300e2a759e7d/screenshot - {}
RESULT: {"using":"xpath","value":"//span[contains(text(), \"English\")]"}
COMMAND: POST /session/e7d3dbf776b8e457be14300e2a759e7d/element/f.A3F04CE5D85C258E01EAA3234DD55B89.d.FD7563DB6F02BC274137D71B0348344F.e.694/click - {}
RESULT: {}
RESULT: {}
COMMAND: POST /session/e7d3dbf776b8e457be14300e2a759e7d/execute/async - {"script":"<script> [1562 bytes]","args":[{"selector":{"id":"application-manageyards-display-component---NewYard--addressDetailDetailsCity1","interaction":{"idSuffix":"inner"}},"wdio_ui5_key":"applicationmanageyards-display-component---NewYard--addressDetailDetailsCity1"}]}
COMMAND: GET /session/e7d3dbf776b8e457be14300e2a759e7d/screenshot - {}
RESULT: {"script":"<script> [1562 bytes]","args":[{"selector":{"id":"application-manageyards-display-component---NewYard--addressDetailDetailsCity1","interaction":{"idSuffix":"inner"}},"wdio_ui5_key":"applicationmanageyards-display-component---NewYard--addressDetailDetailsCity1"}]}
RESULT: undefined
COMMAND: POST /session/e7d3dbf776b8e457be14300e2a759e7d/execute/async - {"script":"<script> [776 bytes]","args":[{"enterText":"Rosario","selector":{"id":"application-manageyards-display-component---NewYard--addressDetailDetailsCity1","interaction":{"idSuffix":"inner"}},"clearTextFirst":true,"interactionType":"ENTER_TEXT"}]}
RESULT: {}
RESULT: {"script":"<script> [776 bytes]","args":[{"enterText":"Rosario","selector":{"id":"application-manageyards-display-component---NewYard--addressDetailDetailsCity1","interaction":{"idSuffix":"inner"}},"clearTextFirst":true,"interactionType":"ENTER_TEXT"}]}
COMMAND: POST /session/e7d3dbf776b8e457be14300e2a759e7d/execute/async - {"script":"<script> [1562 bytes]","args":[{"selector":{"id":"application-manageyards-display-component---NewYard--addressDetailDetailsCountry-arrow"},"wdio_ui5_key":"applicationmanageyards-display-component---NewYard--addressDetailDetailsCountry-arrow"}]}
RESULT: {"script":"<script> [1562 bytes]","args":[{"selector":{"id":"application-manageyards-display-component---NewYard--addressDetailDetailsCountry-arrow"},"wdio_ui5_key":"applicationmanageyards-display-component---NewYard--addressDetailDetailsCountry-arrow"}]}
RESULT: undefined
COMMAND: POST /session/e7d3dbf776b8e457be14300e2a759e7d/element - {"using":"xpath","value":"//*[@id=\"application-manageyards-display-component---NewYard--addressDetailDetailsCountry-arrow\"]"}
RESULT: {"using":"xpath","value":"//*[@id=\"application-manageyards-display-component---NewYard--addressDetailDetailsCountry-arrow\"]"}
COMMAND: POST /session/e7d3dbf776b8e457be14300e2a759e7d/element/f.A3F04CE5D85C258E01EAA3234DD55B89.d.FD7563DB6F02BC274137D71B0348344F.e.696/click - {}
RESULT: {}
COMMAND: POST /session/e7d3dbf776b8e457be14300e2a759e7d/element - {"using":"xpath","value":"//span[contains(text(), \"Argentina\")]"}
COMMAND: GET /session/e7d3dbf776b8e457be14300e2a759e7d/screenshot - {}
RESULT: {"using":"xpath","value":"//span[contains(text(), \"Argentina\")]"}
COMMAND: POST /session/e7d3dbf776b8e457be14300e2a759e7d/element/f.A3F04CE5D85C258E01EAA3234DD55B89.d.FD7563DB6F02BC274137D71B0348344F.e.698/click - {}
RESULT: {}
RESULT: {}
COMMAND: POST /session/e7d3dbf776b8e457be14300e2a759e7d/execute/async - {"script":"<script> [1562 bytes]","args":[{"selector":{"id":"application-manageyards-display-component---NewYard--addressEditDetailsCostObjectCstType-arrow"},"wdio_ui5_key":"applicationmanageyards-display-component---NewYard--addressEditDetailsCostObjectCstType-arrow"}]}
COMMAND: GET /session/e7d3dbf776b8e457be14300e2a759e7d/screenshot - {}
RESULT: {"script":"<script> [1562 bytes]","args":[{"selector":{"id":"application-manageyards-display-component---NewYard--addressEditDetailsCostObjectCstType-arrow"},"wdio_ui5_key":"applicationmanageyards-display-component---NewYard--addressEditDetailsCostObjectCstType-arrow"}]}
RESULT: undefined
COMMAND: POST /session/e7d3dbf776b8e457be14300e2a759e7d/element - {"using":"xpath","value":"//*[@id=\"application-manageyards-display-component---NewYard--addressEditDetailsCostObjectCstType-arrow\"]"}
RESULT: {}
RESULT: {"using":"xpath","value":"//*[@id=\"application-manageyards-display-component---NewYard--addressEditDetailsCostObjectCstType-arrow\"]"}
COMMAND: POST /session/e7d3dbf776b8e457be14300e2a759e7d/element/f.A3F04CE5D85C258E01EAA3234DD55B89.d.FD7563DB6F02BC274137D71B0348344F.e.699/click - {}
RESULT: {}
COMMAND: POST /session/e7d3dbf776b8e457be14300e2a759e7d/element - {"using":"xpath","value":"//span[contains(text(), \"Cost Center\")]"}
COMMAND: GET /session/e7d3dbf776b8e457be14300e2a759e7d/screenshot - {}
RESULT: {"using":"xpath","value":"//span[contains(text(), \"Cost Center\")]"}
COMMAND: POST /session/e7d3dbf776b8e457be14300e2a759e7d/element/f.A3F04CE5D85C258E01EAA3234DD55B89.d.FD7563DB6F02BC274137D71B0348344F.e.700/click - {}
RESULT: {}
RESULT: {}
COMMAND: GET /session/e7d3dbf776b8e457be14300e2a759e7d/screenshot - {}
RESULT: {}
COMMAND: POST /session/e7d3dbf776b8e457be14300e2a759e7d/element - {"using":"xpath","value":"//span[@id=\"application-manageyards-display-component---NewYard--addressNewCostObjectCstID-vhi\"]"}
RESULT: {"using":"xpath","value":"//span[@id=\"application-manageyards-display-component---NewYard--addressNewCostObjectCstID-vhi\"]"}
COMMAND: POST /session/e7d3dbf776b8e457be14300e2a759e7d/execute/sync - {"script":"<script> [8489 bytes]","args":[{"element-6066-11e4-a52e-4f735466cecf":"f.A3F04CE5D85C258E01EAA3234DD55B89.d.FD7563DB6F02BC274137D71B0348344F.e.704","ELEMENT":"f.A3F04CE5D85C258E01EAA3234DD55B89.d.FD7563DB6F02BC274137D71B0348344F.e.704"}]}
RESULT: {"script":"<script> [8489 bytes]","args":[{"element-6066-11e4-a52e-4f735466cecf":"f.A3F04CE5D85C258E01EAA3234DD55B89.d.FD7563DB6F02BC274137D71B0348344F.e.704","ELEMENT":"f.A3F04CE5D85C258E01EAA3234DD55B89.d.FD7563DB6F02BC274137D71B0348344F.e.704"}]}
COMMAND: POST /session/e7d3dbf776b8e457be14300e2a759e7d/execute/async - {"script":"<script> [1562 bytes]","args":[{"selector":{"id":"application-manageyards-display-component---NewYard--addressNewCostObjectCstID-vhi"},"wdio_ui5_key":"applicationmanageyards-display-component---NewYard--addressNewCostObjectCstID-vhi"}]}
COMMAND: GET /session/e7d3dbf776b8e457be14300e2a759e7d/screenshot - {}
RESULT: {"script":"<script> [1562 bytes]","args":[{"selector":{"id":"application-manageyards-display-component---NewYard--addressNewCostObjectCstID-vhi"},"wdio_ui5_key":"applicationmanageyards-display-component---NewYard--addressNewCostObjectCstID-vhi"}]}
RESULT: undefined
COMMAND: POST /session/e7d3dbf776b8e457be14300e2a759e7d/element - {"using":"xpath","value":"//*[@id=\"application-manageyards-display-component---NewYard--addressNewCostObjectCstID-vhi\"]"}
RESULT: {}
RESULT: {"using":"xpath","value":"//*[@id=\"application-manageyards-display-component---NewYard--addressNewCostObjectCstID-vhi\"]"}
COMMAND: POST /session/e7d3dbf776b8e457be14300e2a759e7d/element/f.A3F04CE5D85C258E01EAA3234DD55B89.d.FD7563DB6F02BC274137D71B0348344F.e.704/click - {}
RESULT: {}
COMMAND: GET /session/e7d3dbf776b8e457be14300e2a759e7d/screenshot - {}
RESULT: {}
COMMAND: POST /session/e7d3dbf776b8e457be14300e2a759e7d/execute/async - {"script":"<script> [1562 bytes]","args":[{"selector":{"controlType":"sap.m.SearchField","properties":{"placeholder":"Search"},"searchOpenDialogs":true,"interaction":{"idSuffix":"I"}},"wdio_ui5_key":"sapm.SearchField{\"placeholder\":\"Search\"}"}]}
RESULT: {"script":"<script> [1562 bytes]","args":[{"selector":{"controlType":"sap.m.SearchField","properties":{"placeholder":"Search"},"searchOpenDialogs":true,"interaction":{"idSuffix":"I"}},"wdio_ui5_key":"sapm.SearchField{\"placeholder\":\"Search\"}"}]}
RESULT: undefined
COMMAND: POST /session/e7d3dbf776b8e457be14300e2a759e7d/execute/async - {"script":"<script> [776 bytes]","args":[{"enterText":"bauh_b","selector":{"controlType":"sap.m.SearchField","properties":{"placeholder":"Search"},"searchOpenDialogs":true,"interaction":{"idSuffix":"I"}},"clearTextFirst":true,"interactionType":"ENTER_TEXT"}]}
RESULT: {"script":"<script> [776 bytes]","args":[{"enterText":"bauh_b","selector":{"controlType":"sap.m.SearchField","properties":{"placeholder":"Search"},"searchOpenDialogs":true,"interaction":{"idSuffix":"I"}},"clearTextFirst":true,"interactionType":"ENTER_TEXT"}]}
COMMAND: POST /session/e7d3dbf776b8e457be14300e2a759e7d/actions - {"actions":[{"id":"action1","type":"key","parameters":{},"actions":[{"type":"keyDown","value":""},{"type":"pause","duration":10},{"type":"keyUp","value":""}]}]}
RESULT: {"actions":[{"id":"action1","type":"key","parameters":{},"actions":[{"type":"keyDown","value":""},{"type":"pause","duration":10},{"type":"keyUp","value":""}]}]}
COMMAND: GET /session/e7d3dbf776b8e457be14300e2a759e7d/screenshot - {}
RESULT: {}
COMMAND: POST /session/e7d3dbf776b8e457be14300e2a759e7d/element - {"using":"xpath","value":"//span[contains(text(), \"Demo Yard\")]"}
RESULT: {"using":"xpath","value":"//span[contains(text(), \"Demo Yard\")]"}
COMMAND: POST /session/e7d3dbf776b8e457be14300e2a759e7d/element/f.A3F04CE5D85C258E01EAA3234DD55B89.d.FD7563DB6F02BC274137D71B0348344F.e.745/click - {}
RESULT: {}
COMMAND: GET /session/e7d3dbf776b8e457be14300e2a759e7d/screenshot - {}
RESULT: {}
COMMAND: POST /session/e7d3dbf776b8e457be14300e2a759e7d/element - {"using":"xpath","value":"//bdi[contains(text(), \"OK\")]"}
RESULT: {"using":"xpath","value":"//bdi[contains(text(), \"OK\")]"}
COMMAND: POST /session/e7d3dbf776b8e457be14300e2a759e7d/element/f.A3F04CE5D85C258E01EAA3234DD55B89.d.FD7563DB6F02BC274137D71B0348344F.e.746/click - {}
RESULT: {}
COMMAND: GET /session/e7d3dbf776b8e457be14300e2a759e7d/screenshot - {}
RESULT: {}
COMMAND: POST /session/e7d3dbf776b8e457be14300e2a759e7d/execute/async - {"script":"<script> [1562 bytes]","args":[{"selector":{"id":"application-manageyards-display-component---NewYard--addressEditDetailsCurrency-arrow"},"wdio_ui5_key":"applicationmanageyards-display-component---NewYard--addressEditDetailsCurrency-arrow"}]}
RESULT: {"script":"<script> [1562 bytes]","args":[{"selector":{"id":"application-manageyards-display-component---NewYard--addressEditDetailsCurrency-arrow"},"wdio_ui5_key":"applicationmanageyards-display-component---NewYard--addressEditDetailsCurrency-arrow"}]}
RESULT: undefined
COMMAND: POST /session/e7d3dbf776b8e457be14300e2a759e7d/element - {"using":"xpath","value":"//*[@id=\"application-manageyards-display-component---NewYard--addressEditDetailsCurrency-arrow\"]"}
RESULT: {"using":"xpath","value":"//*[@id=\"application-manageyards-display-component---NewYard--addressEditDetailsCurrency-arrow\"]"}
COMMAND: POST /session/e7d3dbf776b8e457be14300e2a759e7d/element/f.A3F04CE5D85C258E01EAA3234DD55B89.d.FD7563DB6F02BC274137D71B0348344F.e.749/click - {}
RESULT: {}
COMMAND: POST /session/e7d3dbf776b8e457be14300e2a759e7d/element - {"using":"xpath","value":"//span[contains(text(), \"Euro\")]"}
COMMAND: GET /session/e7d3dbf776b8e457be14300e2a759e7d/screenshot - {}
RESULT: {"using":"xpath","value":"//span[contains(text(), \"Euro\")]"}
COMMAND: POST /session/e7d3dbf776b8e457be14300e2a759e7d/element/f.A3F04CE5D85C258E01EAA3234DD55B89.d.FD7563DB6F02BC274137D71B0348344F.e.750/click - {}
RESULT: {}
RESULT: {}
COMMAND: POST /session/e7d3dbf776b8e457be14300e2a759e7d/execute/async - {"script":"<script> [1562 bytes]","args":[{"selector":{"controlType":"sap.m.Input","viewName":"etm.portal.ui.manageyards.view.New","viewId":"application-manageyards-display-component---NewYard","bindingPath":{"path":"","propertyPath":"/CONTROLLING_AREA","modelName":"NewYardModel"},"interaction":{"idSuffix":"inner"}},"wdio_ui5_key":"etmportal.ui.manageyards.view.Newsap.m.Input{\"path\":\"\",\"propertyPath\":\"/CONTROLLING_AREA\",\"modelName\":\"NewYardModel\"}"}]}
COMMAND: GET /session/e7d3dbf776b8e457be14300e2a759e7d/screenshot - {}
RESULT: {"script":"<script> [1562 bytes]","args":[{"selector":{"controlType":"sap.m.Input","viewName":"etm.portal.ui.manageyards.view.New","viewId":"application-manageyards-display-component---NewYard","bindingPath":{"path":"","propertyPath":"/CONTROLLING_AREA","modelName":"NewYardModel"},"interaction":{"idSuffix":"inner"}},"wdio_ui5_key":"etmportal.ui.manageyards.view.Newsap.m.Input{\"path\":\"\",\"propertyPath\":\"/CONTROLLING_AREA\",\"modelName\":\"NewYardModel\"}"}]}
RESULT: undefined
COMMAND: POST /session/e7d3dbf776b8e457be14300e2a759e7d/execute/async - {"script":"<script> [776 bytes]","args":[{"enterText":"Z001","selector":{"controlType":"sap.m.Input","viewName":"etm.portal.ui.manageyards.view.New","viewId":"application-manageyards-display-component---NewYard","bindingPath":{"path":"","propertyPath":"/CONTROLLING_AREA","modelName":"NewYardModel"},"interaction":{"idSuffix":"inner"}},"clearTextFirst":true,"interactionType":"ENTER_TEXT"}]}
RESULT: {}
RESULT: {"script":"<script> [776 bytes]","args":[{"enterText":"Z001","selector":{"controlType":"sap.m.Input","viewName":"etm.portal.ui.manageyards.view.New","viewId":"application-manageyards-display-component---NewYard","bindingPath":{"path":"","propertyPath":"/CONTROLLING_AREA","modelName":"NewYardModel"},"interaction":{"idSuffix":"inner"}},"clearTextFirst":true,"interactionType":"ENTER_TEXT"}]}
COMMAND: POST /session/e7d3dbf776b8e457be14300e2a759e7d/execute/async - {"script":"<script> [1562 bytes]","args":[{"selector":{"id":"application-manageyards-display-component---NewYard--companyCodeComboBox","interaction":{"idSuffix":"inner"}},"wdio_ui5_key":"applicationmanageyards-display-component---NewYard--companyCodeComboBox"}]}
RESULT: {"script":"<script> [1562 bytes]","args":[{"selector":{"id":"application-manageyards-display-component---NewYard--companyCodeComboBox","interaction":{"idSuffix":"inner"}},"wdio_ui5_key":"applicationmanageyards-display-component---NewYard--companyCodeComboBox"}]}
RESULT: undefined
COMMAND: POST /session/e7d3dbf776b8e457be14300e2a759e7d/execute/async - {"script":"<script> [776 bytes]","args":[{"enterText":"1000","selector":{"id":"application-manageyards-display-component---NewYard--companyCodeComboBox","interaction":{"idSuffix":"inner"}},"clearTextFirst":true,"interactionType":"ENTER_TEXT"}]}
RESULT: {"script":"<script> [776 bytes]","args":[{"enterText":"1000","selector":{"id":"application-manageyards-display-component---NewYard--companyCodeComboBox","interaction":{"idSuffix":"inner"}},"clearTextFirst":true,"interactionType":"ENTER_TEXT"}]}
COMMAND: POST /session/e7d3dbf776b8e457be14300e2a759e7d/execute/async - {"script":"<script> [1562 bytes]","args":[{"selector":{"controlType":"sap.m.Input","viewName":"etm.portal.ui.manageyards.view.New","viewId":"application-manageyards-display-component---NewYard","bindingPath":{"path":"","propertyPath":"/PLANT","modelName":"NewYardModel"},"interaction":{"idSuffix":"inner"}},"wdio_ui5_key":"etmportal.ui.manageyards.view.Newsap.m.Input{\"path\":\"\",\"propertyPath\":\"/PLANT\",\"modelName\":\"NewYardModel\"}"}]}
RESULT: {"script":"<script> [1562 bytes]","args":[{"selector":{"controlType":"sap.m.Input","viewName":"etm.portal.ui.manageyards.view.New","viewId":"application-manageyards-display-component---NewYard","bindingPath":{"path":"","propertyPath":"/PLANT","modelName":"NewYardModel"},"interaction":{"idSuffix":"inner"}},"wdio_ui5_key":"etmportal.ui.manageyards.view.Newsap.m.Input{\"path\":\"\",\"propertyPath\":\"/PLANT\",\"modelName\":\"NewYardModel\"}"}]}
RESULT: undefined
COMMAND: POST /session/e7d3dbf776b8e457be14300e2a759e7d/execute/async - {"script":"<script> [776 bytes]","args":[{"enterText":"1001","selector":{"controlType":"sap.m.Input","viewName":"etm.portal.ui.manageyards.view.New","viewId":"application-manageyards-display-component---NewYard","bindingPath":{"path":"","propertyPath":"/PLANT","modelName":"NewYardModel"},"interaction":{"idSuffix":"inner"}},"clearTextFirst":true,"interactionType":"ENTER_TEXT"}]}
RESULT: {"script":"<script> [776 bytes]","args":[{"enterText":"1001","selector":{"controlType":"sap.m.Input","viewName":"etm.portal.ui.manageyards.view.New","viewId":"application-manageyards-display-component---NewYard","bindingPath":{"path":"","propertyPath":"/PLANT","modelName":"NewYardModel"},"interaction":{"idSuffix":"inner"}},"clearTextFirst":true,"interactionType":"ENTER_TEXT"}]}
COMMAND: POST /session/e7d3dbf776b8e457be14300e2a759e7d/execute/async - {"script":"<script> [1562 bytes]","args":[{"selector":{"controlType":"sap.m.Input","viewName":"etm.portal.ui.manageyards.view.New","viewId":"application-manageyards-display-component---NewYard","bindingPath":{"path":"","propertyPath":"/SALES_AREA_VKORG","modelName":"NewYardModel"},"interaction":{"idSuffix":"inner"}},"wdio_ui5_key":"etmportal.ui.manageyards.view.Newsap.m.Input{\"path\":\"\",\"propertyPath\":\"/SALES_AREA_VKORG\",\"modelName\":\"NewYardModel\"}"}]}
RESULT: {"script":"<script> [1562 bytes]","args":[{"selector":{"controlType":"sap.m.Input","viewName":"etm.portal.ui.manageyards.view.New","viewId":"application-manageyards-display-component---NewYard","bindingPath":{"path":"","propertyPath":"/SALES_AREA_VKORG","modelName":"NewYardModel"},"interaction":{"idSuffix":"inner"}},"wdio_ui5_key":"etmportal.ui.manageyards.view.Newsap.m.Input{\"path\":\"\",\"propertyPath\":\"/SALES_AREA_VKORG\",\"modelName\":\"NewYardModel\"}"}]}
RESULT: undefined
COMMAND: POST /session/e7d3dbf776b8e457be14300e2a759e7d/execute/async - {"script":"<script> [776 bytes]","args":[{"enterText":"C002","selector":{"controlType":"sap.m.Input","viewName":"etm.portal.ui.manageyards.view.New","viewId":"application-manageyards-display-component---NewYard","bindingPath":{"path":"","propertyPath":"/SALES_AREA_VKORG","modelName":"NewYardModel"},"interaction":{"idSuffix":"inner"}},"clearTextFirst":true,"interactionType":"ENTER_TEXT"}]}
RESULT: {"script":"<script> [776 bytes]","args":[{"enterText":"C002","selector":{"controlType":"sap.m.Input","viewName":"etm.portal.ui.manageyards.view.New","viewId":"application-manageyards-display-component---NewYard","bindingPath":{"path":"","propertyPath":"/SALES_AREA_VKORG","modelName":"NewYardModel"},"interaction":{"idSuffix":"inner"}},"clearTextFirst":true,"interactionType":"ENTER_TEXT"}]}
COMMAND: POST /session/e7d3dbf776b8e457be14300e2a759e7d/execute/async - {"script":"<script> [1562 bytes]","args":[{"selector":{"controlType":"sap.m.Input","viewName":"etm.portal.ui.manageyards.view.New","viewId":"application-manageyards-display-component---NewYard","bindingPath":{"path":"","propertyPath":"/SALES_AREA_VTWEG","modelName":"NewYardModel"},"interaction":{"idSuffix":"inner"}},"wdio_ui5_key":"etmportal.ui.manageyards.view.Newsap.m.Input{\"path\":\"\",\"propertyPath\":\"/SALES_AREA_VTWEG\",\"modelName\":\"NewYardModel\"}"}]}
RESULT: {"script":"<script> [1562 bytes]","args":[{"selector":{"controlType":"sap.m.Input","viewName":"etm.portal.ui.manageyards.view.New","viewId":"application-manageyards-display-component---NewYard","bindingPath":{"path":"","propertyPath":"/SALES_AREA_VTWEG","modelName":"NewYardModel"},"interaction":{"idSuffix":"inner"}},"wdio_ui5_key":"etmportal.ui.manageyards.view.Newsap.m.Input{\"path\":\"\",\"propertyPath\":\"/SALES_AREA_VTWEG\",\"modelName\":\"NewYardModel\"}"}]}
RESULT: undefined
COMMAND: POST /session/e7d3dbf776b8e457be14300e2a759e7d/execute/async - {"script":"<script> [776 bytes]","args":[{"enterText":"C2","selector":{"controlType":"sap.m.Input","viewName":"etm.portal.ui.manageyards.view.New","viewId":"application-manageyards-display-component---NewYard","bindingPath":{"path":"","propertyPath":"/SALES_AREA_VTWEG","modelName":"NewYardModel"},"interaction":{"idSuffix":"inner"}},"clearTextFirst":true,"interactionType":"ENTER_TEXT"}]}
RESULT: {"script":"<script> [776 bytes]","args":[{"enterText":"C2","selector":{"controlType":"sap.m.Input","viewName":"etm.portal.ui.manageyards.view.New","viewId":"application-manageyards-display-component---NewYard","bindingPath":{"path":"","propertyPath":"/SALES_AREA_VTWEG","modelName":"NewYardModel"},"interaction":{"idSuffix":"inner"}},"clearTextFirst":true,"interactionType":"ENTER_TEXT"}]}
COMMAND: POST /session/e7d3dbf776b8e457be14300e2a759e7d/execute/async - {"script":"<script> [1562 bytes]","args":[{"selector":{"controlType":"sap.m.Input","viewName":"etm.portal.ui.manageyards.view.New","viewId":"application-manageyards-display-component---NewYard","bindingPath":{"path":"","propertyPath":"/SALES_AREA_SPART","modelName":"NewYardModel"},"interaction":{"idSuffix":"inner"}},"wdio_ui5_key":"etmportal.ui.manageyards.view.Newsap.m.Input{\"path\":\"\",\"propertyPath\":\"/SALES_AREA_SPART\",\"modelName\":\"NewYardModel\"}"}]}
RESULT: {"script":"<script> [1562 bytes]","args":[{"selector":{"controlType":"sap.m.Input","viewName":"etm.portal.ui.manageyards.view.New","viewId":"application-manageyards-display-component---NewYard","bindingPath":{"path":"","propertyPath":"/SALES_AREA_SPART","modelName":"NewYardModel"},"interaction":{"idSuffix":"inner"}},"wdio_ui5_key":"etmportal.ui.manageyards.view.Newsap.m.Input{\"path\":\"\",\"propertyPath\":\"/SALES_AREA_SPART\",\"modelName\":\"NewYardModel\"}"}]}
RESULT: undefined
COMMAND: POST /session/e7d3dbf776b8e457be14300e2a759e7d/execute/async - {"script":"<script> [776 bytes]","args":[{"enterText":"C2","selector":{"controlType":"sap.m.Input","viewName":"etm.portal.ui.manageyards.view.New","viewId":"application-manageyards-display-component---NewYard","bindingPath":{"path":"","propertyPath":"/SALES_AREA_SPART","modelName":"NewYardModel"},"interaction":{"idSuffix":"inner"}},"clearTextFirst":true,"interactionType":"ENTER_TEXT"}]}
RESULT: {"script":"<script> [776 bytes]","args":[{"enterText":"C2","selector":{"controlType":"sap.m.Input","viewName":"etm.portal.ui.manageyards.view.New","viewId":"application-manageyards-display-component---NewYard","bindingPath":{"path":"","propertyPath":"/SALES_AREA_SPART","modelName":"NewYardModel"},"interaction":{"idSuffix":"inner"}},"clearTextFirst":true,"interactionType":"ENTER_TEXT"}]}
COMMAND: POST /session/e7d3dbf776b8e457be14300e2a759e7d/execute/async - {"script":"<script> [1562 bytes]","args":[{"selector":{"controlType":"sap.m.Input","viewName":"etm.portal.ui.manageyards.view.New","viewId":"application-manageyards-display-component---NewYard","bindingPath":{"path":"","propertyPath":"/SHIP_POINT","modelName":"NewYardModel"},"interaction":{"idSuffix":"inner"}},"wdio_ui5_key":"etmportal.ui.manageyards.view.Newsap.m.Input{\"path\":\"\",\"propertyPath\":\"/SHIP_POINT\",\"modelName\":\"NewYardModel\"}"}]}
RESULT: {"script":"<script> [1562 bytes]","args":[{"selector":{"controlType":"sap.m.Input","viewName":"etm.portal.ui.manageyards.view.New","viewId":"application-manageyards-display-component---NewYard","bindingPath":{"path":"","propertyPath":"/SHIP_POINT","modelName":"NewYardModel"},"interaction":{"idSuffix":"inner"}},"wdio_ui5_key":"etmportal.ui.manageyards.view.Newsap.m.Input{\"path\":\"\",\"propertyPath\":\"/SHIP_POINT\",\"modelName\":\"NewYardModel\"}"}]}
RESULT: undefined
COMMAND: POST /session/e7d3dbf776b8e457be14300e2a759e7d/execute/async - {"script":"<script> [776 bytes]","args":[{"enterText":"1710","selector":{"controlType":"sap.m.Input","viewName":"etm.portal.ui.manageyards.view.New","viewId":"application-manageyards-display-component---NewYard","bindingPath":{"path":"","propertyPath":"/SHIP_POINT","modelName":"NewYardModel"},"interaction":{"idSuffix":"inner"}},"clearTextFirst":true,"interactionType":"ENTER_TEXT"}]}
RESULT: {"script":"<script> [776 bytes]","args":[{"enterText":"1710","selector":{"controlType":"sap.m.Input","viewName":"etm.portal.ui.manageyards.view.New","viewId":"application-manageyards-display-component---NewYard","bindingPath":{"path":"","propertyPath":"/SHIP_POINT","modelName":"NewYardModel"},"interaction":{"idSuffix":"inner"}},"clearTextFirst":true,"interactionType":"ENTER_TEXT"}]}
COMMAND: POST /session/e7d3dbf776b8e457be14300e2a759e7d/execute/async - {"script":"<script> [1562 bytes]","args":[{"selector":{"controlType":"sap.m.Input","viewName":"etm.portal.ui.manageyards.view.New","viewId":"application-manageyards-display-component---NewYard","bindingPath":{"path":"","propertyPath":"/DELIVERY_TYPE","modelName":"NewYardModel"},"interaction":{"idSuffix":"inner"}},"wdio_ui5_key":"etmportal.ui.manageyards.view.Newsap.m.Input{\"path\":\"\",\"propertyPath\":\"/DELIVERY_TYPE\",\"modelName\":\"NewYardModel\"}"}]}
RESULT: {"script":"<script> [1562 bytes]","args":[{"selector":{"controlType":"sap.m.Input","viewName":"etm.portal.ui.manageyards.view.New","viewId":"application-manageyards-display-component---NewYard","bindingPath":{"path":"","propertyPath":"/DELIVERY_TYPE","modelName":"NewYardModel"},"interaction":{"idSuffix":"inner"}},"wdio_ui5_key":"etmportal.ui.manageyards.view.Newsap.m.Input{\"path\":\"\",\"propertyPath\":\"/DELIVERY_TYPE\",\"modelName\":\"NewYardModel\"}"}]}
RESULT: undefined
COMMAND: POST /session/e7d3dbf776b8e457be14300e2a759e7d/execute/async - {"script":"<script> [776 bytes]","args":[{"enterText":"ZL01","selector":{"controlType":"sap.m.Input","viewName":"etm.portal.ui.manageyards.view.New","viewId":"application-manageyards-display-component---NewYard","bindingPath":{"path":"","propertyPath":"/DELIVERY_TYPE","modelName":"NewYardModel"},"interaction":{"idSuffix":"inner"}},"clearTextFirst":true,"interactionType":"ENTER_TEXT"}]}
RESULT: {"script":"<script> [776 bytes]","args":[{"enterText":"ZL01","selector":{"controlType":"sap.m.Input","viewName":"etm.portal.ui.manageyards.view.New","viewId":"application-manageyards-display-component---NewYard","bindingPath":{"path":"","propertyPath":"/DELIVERY_TYPE","modelName":"NewYardModel"},"interaction":{"idSuffix":"inner"}},"clearTextFirst":true,"interactionType":"ENTER_TEXT"}]}
COMMAND: POST /session/e7d3dbf776b8e457be14300e2a759e7d/execute/async - {"script":"<script> [1562 bytes]","args":[{"selector":{"controlType":"sap.m.Input","viewName":"etm.portal.ui.manageyards.view.New","viewId":"application-manageyards-display-component---NewYard","bindingPath":{"path":"","propertyPath":"/AUART","modelName":"NewYardModel"},"interaction":{"idSuffix":"inner"}},"wdio_ui5_key":"etmportal.ui.manageyards.view.Newsap.m.Input{\"path\":\"\",\"propertyPath\":\"/AUART\",\"modelName\":\"NewYardModel\"}"}]}
RESULT: {"script":"<script> [1562 bytes]","args":[{"selector":{"controlType":"sap.m.Input","viewName":"etm.portal.ui.manageyards.view.New","viewId":"application-manageyards-display-component---NewYard","bindingPath":{"path":"","propertyPath":"/AUART","modelName":"NewYardModel"},"interaction":{"idSuffix":"inner"}},"wdio_ui5_key":"etmportal.ui.manageyards.view.Newsap.m.Input{\"path\":\"\",\"propertyPath\":\"/AUART\",\"modelName\":\"NewYardModel\"}"}]}
RESULT: undefined
COMMAND: POST /session/e7d3dbf776b8e457be14300e2a759e7d/execute/async - {"script":"<script> [776 bytes]","args":[{"enterText":"TA","selector":{"controlType":"sap.m.Input","viewName":"etm.portal.ui.manageyards.view.New","viewId":"application-manageyards-display-component---NewYard","bindingPath":{"path":"","propertyPath":"/AUART","modelName":"NewYardModel"},"interaction":{"idSuffix":"inner"}},"clearTextFirst":true,"interactionType":"ENTER_TEXT"}]}
RESULT: {"script":"<script> [776 bytes]","args":[{"enterText":"TA","selector":{"controlType":"sap.m.Input","viewName":"etm.portal.ui.manageyards.view.New","viewId":"application-manageyards-display-component---NewYard","bindingPath":{"path":"","propertyPath":"/AUART","modelName":"NewYardModel"},"interaction":{"idSuffix":"inner"}},"clearTextFirst":true,"interactionType":"ENTER_TEXT"}]}
COMMAND: POST /session/e7d3dbf776b8e457be14300e2a759e7d/element - {"using":"xpath","value":"//button[@data-kt=\"newYardSaveButton\"]"}
RESULT: {"using":"xpath","value":"//button[@data-kt=\"newYardSaveButton\"]"}
COMMAND: POST /session/e7d3dbf776b8e457be14300e2a759e7d/element/f.A3F04CE5D85C258E01EAA3234DD55B89.d.FD7563DB6F02BC274137D71B0348344F.e.678/click - {}
RESULT: {}
COMMAND: GET /session/e7d3dbf776b8e457be14300e2a759e7d/screenshot - {}
RESULT: {}
COMMAND: POST /session/e7d3dbf776b8e457be14300e2a759e7d/element - {"using":"xpath","value":"//header[contains(@id, 'ObjectPageLayout-headerTitle')]/div[1]/div[2]/div[1]/span[1]"}
RESULT: {"using":"xpath","value":"//header[contains(@id, 'ObjectPageLayout-headerTitle')]/div[1]/div[2]/div[1]/span[1]"}
COMMAND: POST /session/e7d3dbf776b8e457be14300e2a759e7d/elements - {"using":"xpath","value":"//header[contains(@id, 'ObjectPageLayout-headerTitle')]/div[1]/div[2]/div[1]/span[1]"}
RESULT: {"using":"xpath","value":"//header[contains(@id, 'ObjectPageLayout-headerTitle')]/div[1]/div[2]/div[1]/span[1]"}
COMMAND: POST /session/e7d3dbf776b8e457be14300e2a759e7d/execute/sync - {"script":"<script> [56 bytes]","args":[{"element-6066-11e4-a52e-4f735466cecf":"f.A3F04CE5D85C258E01EAA3234DD55B89.d.FD7563DB6F02BC274137D71B0348344F.e.966","ELEMENT":"f.A3F04CE5D85C258E01EAA3234DD55B89.d.FD7563DB6F02BC274137D71B0348344F.e.966"}]}
RESULT: {"script":"<script> [56 bytes]","args":[{"element-6066-11e4-a52e-4f735466cecf":"f.A3F04CE5D85C258E01EAA3234DD55B89.d.FD7563DB6F02BC274137D71B0348344F.e.966","ELEMENT":"f.A3F04CE5D85C258E01EAA3234DD55B89.d.FD7563DB6F02BC274137D71B0348344F.e.966"}]}
COMMAND: GET /session/e7d3dbf776b8e457be14300e2a759e7d/screenshot - {}
RESULT: {}
COMMAND: POST /session/e7d3dbf776b8e457be14300e2a759e7d/element - {"using":"css selector","value":"#shell-header-logo"}
RESULT: {"using":"css selector","value":"#shell-header-logo"}
COMMAND: POST /session/e7d3dbf776b8e457be14300e2a759e7d/element/f.A3F04CE5D85C258E01EAA3234DD55B89.d.FD7563DB6F02BC274137D71B0348344F.e.232/click - {}
RESULT: {}
COMMAND: GET /session/e7d3dbf776b8e457be14300e2a759e7d/screenshot - {}
RESULT: {}
COMMAND: POST /session/e7d3dbf776b8e457be14300e2a759e7d/execute/sync - {"script":"<script> [299 bytes]","args":[["getModel","getResource"]]}
RESULT: {"script":"<script> [299 bytes]","args":[["getModel","getResource"]]}
]]></system-out>
    </testcase>
    <testcase classname="chrome.136_0_7103_93.windows.Create_masterdata_for_Yard_Overview_-_trigger_provide_US130988" name="Should create a new external partner" time="99.989">
      <system-out><![CDATA[
COMMAND: POST /session/e7d3dbf776b8e457be14300e2a759e7d/window/fullscreen - {}
COMMAND: GET /session/e7d3dbf776b8e457be14300e2a759e7d/screenshot - {}
RESULT: {}
COMMAND: POST /session/e7d3dbf776b8e457be14300e2a759e7d/execute/async - {"script":"<script> [1562 bytes]","args":[{"selector":{"controlType":"sap.m.GenericTile","properties":{"header":"Manage Partners"}},"wdio_ui5_key":"sapm.GenericTile{\"header\":\"Manage Partners\"}"}]}
RESULT: {}
RESULT: {"script":"<script> [1562 bytes]","args":[{"selector":{"controlType":"sap.m.GenericTile","properties":{"header":"Manage Partners"}},"wdio_ui5_key":"sapm.GenericTile{\"header\":\"Manage Partners\"}"}]}
RESULT: undefined
COMMAND: POST /session/e7d3dbf776b8e457be14300e2a759e7d/element - {"using":"xpath","value":"//*[@id=\"__tile38\"]"}
RESULT: {"using":"xpath","value":"//*[@id=\"__tile38\"]"}
COMMAND: POST /session/e7d3dbf776b8e457be14300e2a759e7d/element/f.A3F04CE5D85C258E01EAA3234DD55B89.d.FD7563DB6F02BC274137D71B0348344F.e.119/click - {}
RESULT: {}
COMMAND: GET /session/e7d3dbf776b8e457be14300e2a759e7d/screenshot - {}
RESULT: {}
COMMAND: POST /session/e7d3dbf776b8e457be14300e2a759e7d/elements - {"using":"xpath","value":"//span[text()='Error']"}
RESULT: {"using":"xpath","value":"//span[text()='Error']"}
COMMAND: POST /session/e7d3dbf776b8e457be14300e2a759e7d/element - {"using":"xpath","value":"//button[@data-kt=\"addButton\"]"}
RESULT: {"using":"xpath","value":"//button[@data-kt=\"addButton\"]"}
COMMAND: POST /session/e7d3dbf776b8e457be14300e2a759e7d/elements - {"using":"xpath","value":"//button[@data-kt=\"addButton\"]"}
RESULT: {"using":"xpath","value":"//button[@data-kt=\"addButton\"]"}
COMMAND: POST /session/e7d3dbf776b8e457be14300e2a759e7d/execute/sync - {"script":"<script> [8489 bytes]","args":[{"element-6066-11e4-a52e-4f735466cecf":"f.A3F04CE5D85C258E01EAA3234DD55B89.d.FD7563DB6F02BC274137D71B0348344F.e.1014","ELEMENT":"f.A3F04CE5D85C258E01EAA3234DD55B89.d.FD7563DB6F02BC274137D71B0348344F.e.1014"}]}
RESULT: {"script":"<script> [8489 bytes]","args":[{"element-6066-11e4-a52e-4f735466cecf":"f.A3F04CE5D85C258E01EAA3234DD55B89.d.FD7563DB6F02BC274137D71B0348344F.e.1014","ELEMENT":"f.A3F04CE5D85C258E01EAA3234DD55B89.d.FD7563DB6F02BC274137D71B0348344F.e.1014"}]}
COMMAND: GET /session/e7d3dbf776b8e457be14300e2a759e7d/element/f.A3F04CE5D85C258E01EAA3234DD55B89.d.FD7563DB6F02BC274137D71B0348344F.e.1014/enabled - {}
COMMAND: GET /session/e7d3dbf776b8e457be14300e2a759e7d/screenshot - {}
RESULT: {}
COMMAND: POST /session/e7d3dbf776b8e457be14300e2a759e7d/execute/sync - {"script":"<script> [8489 bytes]","args":[{"element-6066-11e4-a52e-4f735466cecf":"f.A3F04CE5D85C258E01EAA3234DD55B89.d.FD7563DB6F02BC274137D71B0348344F.e.1014","ELEMENT":"f.A3F04CE5D85C258E01EAA3234DD55B89.d.FD7563DB6F02BC274137D71B0348344F.e.1014"}]}
COMMAND: GET /session/e7d3dbf776b8e457be14300e2a759e7d/screenshot - {}
RESULT: {}
RESULT: {"script":"<script> [8489 bytes]","args":[{"element-6066-11e4-a52e-4f735466cecf":"f.A3F04CE5D85C258E01EAA3234DD55B89.d.FD7563DB6F02BC274137D71B0348344F.e.1014","ELEMENT":"f.A3F04CE5D85C258E01EAA3234DD55B89.d.FD7563DB6F02BC274137D71B0348344F.e.1014"}]}
COMMAND: POST /session/e7d3dbf776b8e457be14300e2a759e7d/execute/sync - {"script":"<script> [5351 bytes]","args":[{"element-6066-11e4-a52e-4f735466cecf":"f.A3F04CE5D85C258E01EAA3234DD55B89.d.FD7563DB6F02BC274137D71B0348344F.e.1014","ELEMENT":"f.A3F04CE5D85C258E01EAA3234DD55B89.d.FD7563DB6F02BC274137D71B0348344F.e.1014"}]}
COMMAND: GET /session/e7d3dbf776b8e457be14300e2a759e7d/screenshot - {}
RESULT: {}
RESULT: {"script":"<script> [5351 bytes]","args":[{"element-6066-11e4-a52e-4f735466cecf":"f.A3F04CE5D85C258E01EAA3234DD55B89.d.FD7563DB6F02BC274137D71B0348344F.e.1014","ELEMENT":"f.A3F04CE5D85C258E01EAA3234DD55B89.d.FD7563DB6F02BC274137D71B0348344F.e.1014"}]}
COMMAND: POST /session/e7d3dbf776b8e457be14300e2a759e7d/element/f.A3F04CE5D85C258E01EAA3234DD55B89.d.FD7563DB6F02BC274137D71B0348344F.e.1014/click - {}
COMMAND: GET /session/e7d3dbf776b8e457be14300e2a759e7d/screenshot - {}
RESULT: {}
RESULT: {}
COMMAND: GET /session/e7d3dbf776b8e457be14300e2a759e7d/screenshot - {}
COMMAND: POST /session/e7d3dbf776b8e457be14300e2a759e7d/execute/async - {"script":"<script> [1562 bytes]","args":[{"selector":{"id":"application-managepartners-display-component---NewPartner--addressDetailDetailsName1","interaction":{"idSuffix":"inner"}},"wdio_ui5_key":"applicationmanagepartners-display-component---NewPartner--addressDetailDetailsName1"}]}
RESULT: {}
RESULT: {}
RESULT: {"script":"<script> [1562 bytes]","args":[{"selector":{"id":"application-managepartners-display-component---NewPartner--addressDetailDetailsName1","interaction":{"idSuffix":"inner"}},"wdio_ui5_key":"applicationmanagepartners-display-component---NewPartner--addressDetailDetailsName1"}]}
RESULT: undefined
COMMAND: POST /session/e7d3dbf776b8e457be14300e2a759e7d/execute/async - {"script":"<script> [776 bytes]","args":[{"enterText":"External Partner WDIO","selector":{"id":"application-managepartners-display-component---NewPartner--addressDetailDetailsName1","interaction":{"idSuffix":"inner"}},"clearTextFirst":true,"interactionType":"ENTER_TEXT"}]}
RESULT: {"script":"<script> [776 bytes]","args":[{"enterText":"External Partner WDIO","selector":{"id":"application-managepartners-display-component---NewPartner--addressDetailDetailsName1","interaction":{"idSuffix":"inner"}},"clearTextFirst":true,"interactionType":"ENTER_TEXT"}]}
COMMAND: POST /session/e7d3dbf776b8e457be14300e2a759e7d/execute/async - {"script":"<script> [1562 bytes]","args":[{"selector":{"id":"application-managepartners-display-component---NewPartner--addressDetailDetailsLanguage-arrow"},"wdio_ui5_key":"applicationmanagepartners-display-component---NewPartner--addressDetailDetailsLanguage-arrow"}]}
RESULT: {"script":"<script> [1562 bytes]","args":[{"selector":{"id":"application-managepartners-display-component---NewPartner--addressDetailDetailsLanguage-arrow"},"wdio_ui5_key":"applicationmanagepartners-display-component---NewPartner--addressDetailDetailsLanguage-arrow"}]}
RESULT: undefined
COMMAND: POST /session/e7d3dbf776b8e457be14300e2a759e7d/element - {"using":"xpath","value":"//*[@id=\"application-managepartners-display-component---NewPartner--addressDetailDetailsLanguage-arrow\"]"}
RESULT: {"using":"xpath","value":"//*[@id=\"application-managepartners-display-component---NewPartner--addressDetailDetailsLanguage-arrow\"]"}
COMMAND: POST /session/e7d3dbf776b8e457be14300e2a759e7d/element/f.A3F04CE5D85C258E01EAA3234DD55B89.d.FD7563DB6F02BC274137D71B0348344F.e.1452/click - {}
RESULT: {}
COMMAND: POST /session/e7d3dbf776b8e457be14300e2a759e7d/element - {"using":"xpath","value":"//span[contains(text(), \"English\")]"}
COMMAND: GET /session/e7d3dbf776b8e457be14300e2a759e7d/screenshot - {}
RESULT: {"using":"xpath","value":"//span[contains(text(), \"English\")]"}
COMMAND: POST /session/e7d3dbf776b8e457be14300e2a759e7d/element/f.A3F04CE5D85C258E01EAA3234DD55B89.d.FD7563DB6F02BC274137D71B0348344F.e.1453/click - {}
RESULT: {}
RESULT: {}
COMMAND: GET /session/e7d3dbf776b8e457be14300e2a759e7d/screenshot - {}
RESULT: {}
COMMAND: POST /session/e7d3dbf776b8e457be14300e2a759e7d/execute/async - {"script":"<script> [1562 bytes]","args":[{"selector":{"id":"application-managepartners-display-component---NewPartner--addressDetailDetailsCity1","interaction":{"idSuffix":"inner"}},"wdio_ui5_key":"applicationmanagepartners-display-component---NewPartner--addressDetailDetailsCity1"}]}
RESULT: {"script":"<script> [1562 bytes]","args":[{"selector":{"id":"application-managepartners-display-component---NewPartner--addressDetailDetailsCity1","interaction":{"idSuffix":"inner"}},"wdio_ui5_key":"applicationmanagepartners-display-component---NewPartner--addressDetailDetailsCity1"}]}
RESULT: undefined
COMMAND: POST /session/e7d3dbf776b8e457be14300e2a759e7d/execute/async - {"script":"<script> [776 bytes]","args":[{"enterText":"Rosario","selector":{"id":"application-managepartners-display-component---NewPartner--addressDetailDetailsCity1","interaction":{"idSuffix":"inner"}},"clearTextFirst":true,"interactionType":"ENTER_TEXT"}]}
RESULT: {"script":"<script> [776 bytes]","args":[{"enterText":"Rosario","selector":{"id":"application-managepartners-display-component---NewPartner--addressDetailDetailsCity1","interaction":{"idSuffix":"inner"}},"clearTextFirst":true,"interactionType":"ENTER_TEXT"}]}
COMMAND: POST /session/e7d3dbf776b8e457be14300e2a759e7d/execute/async - {"script":"<script> [1562 bytes]","args":[{"selector":{"id":"application-managepartners-display-component---NewPartner--addressDetailDetailsCountry-arrow"},"wdio_ui5_key":"applicationmanagepartners-display-component---NewPartner--addressDetailDetailsCountry-arrow"}]}
RESULT: {"script":"<script> [1562 bytes]","args":[{"selector":{"id":"application-managepartners-display-component---NewPartner--addressDetailDetailsCountry-arrow"},"wdio_ui5_key":"applicationmanagepartners-display-component---NewPartner--addressDetailDetailsCountry-arrow"}]}
RESULT: undefined
COMMAND: POST /session/e7d3dbf776b8e457be14300e2a759e7d/element - {"using":"xpath","value":"//*[@id=\"application-managepartners-display-component---NewPartner--addressDetailDetailsCountry-arrow\"]"}
RESULT: {"using":"xpath","value":"//*[@id=\"application-managepartners-display-component---NewPartner--addressDetailDetailsCountry-arrow\"]"}
COMMAND: POST /session/e7d3dbf776b8e457be14300e2a759e7d/element/f.A3F04CE5D85C258E01EAA3234DD55B89.d.FD7563DB6F02BC274137D71B0348344F.e.1439/click - {}
RESULT: {}
COMMAND: POST /session/e7d3dbf776b8e457be14300e2a759e7d/element - {"using":"xpath","value":"//span[contains(text(), \"Argentina\")]"}
COMMAND: GET /session/e7d3dbf776b8e457be14300e2a759e7d/screenshot - {}
RESULT: {"using":"xpath","value":"//span[contains(text(), \"Argentina\")]"}
COMMAND: POST /session/e7d3dbf776b8e457be14300e2a759e7d/element/f.A3F04CE5D85C258E01EAA3234DD55B89.d.FD7563DB6F02BC274137D71B0348344F.e.1455/click - {}
RESULT: {}
RESULT: {}
COMMAND: GET /session/e7d3dbf776b8e457be14300e2a759e7d/screenshot - {}
RESULT: {}
COMMAND: POST /session/e7d3dbf776b8e457be14300e2a759e7d/element - {"using":"xpath","value":"//bdi[contains(text(), \"Commercial\")]"}
RESULT: {"using":"xpath","value":"//bdi[contains(text(), \"Commercial\")]"}
COMMAND: POST /session/e7d3dbf776b8e457be14300e2a759e7d/element/f.A3F04CE5D85C258E01EAA3234DD55B89.d.FD7563DB6F02BC274137D71B0348344F.e.1456/click - {}
RESULT: {}
COMMAND: GET /session/e7d3dbf776b8e457be14300e2a759e7d/screenshot - {}
RESULT: {}
COMMAND: POST /session/e7d3dbf776b8e457be14300e2a759e7d/execute/async - {"script":"<script> [1562 bytes]","args":[{"selector":{"id":"application-managepartners-display-component---NewPartner--partnerDetailInternal-arrow"},"wdio_ui5_key":"applicationmanagepartners-display-component---NewPartner--partnerDetailInternal-arrow"}]}
RESULT: {"script":"<script> [1562 bytes]","args":[{"selector":{"id":"application-managepartners-display-component---NewPartner--partnerDetailInternal-arrow"},"wdio_ui5_key":"applicationmanagepartners-display-component---NewPartner--partnerDetailInternal-arrow"}]}
RESULT: undefined
COMMAND: POST /session/e7d3dbf776b8e457be14300e2a759e7d/element - {"using":"xpath","value":"//*[@id=\"application-managepartners-display-component---NewPartner--partnerDetailInternal-arrow\"]"}
RESULT: {"using":"xpath","value":"//*[@id=\"application-managepartners-display-component---NewPartner--partnerDetailInternal-arrow\"]"}
COMMAND: POST /session/e7d3dbf776b8e457be14300e2a759e7d/element/f.A3F04CE5D85C258E01EAA3234DD55B89.d.FD7563DB6F02BC274137D71B0348344F.e.1462/click - {}
RESULT: {}
COMMAND: POST /session/e7d3dbf776b8e457be14300e2a759e7d/element - {"using":"xpath","value":"//span[contains(text(), \"External partner\")]"}
COMMAND: GET /session/e7d3dbf776b8e457be14300e2a759e7d/screenshot - {}
RESULT: {"using":"xpath","value":"//span[contains(text(), \"External partner\")]"}
COMMAND: POST /session/e7d3dbf776b8e457be14300e2a759e7d/element/f.A3F04CE5D85C258E01EAA3234DD55B89.d.FD7563DB6F02BC274137D71B0348344F.e.1465/click - {}
RESULT: {}
RESULT: {}
COMMAND: POST /session/e7d3dbf776b8e457be14300e2a759e7d/execute/async - {"script":"<script> [1562 bytes]","args":[{"selector":{"id":"application-managepartners-display-component---NewPartner--partnerDetailsCurrency-arrow"},"wdio_ui5_key":"applicationmanagepartners-display-component---NewPartner--partnerDetailsCurrency-arrow"}]}
COMMAND: GET /session/e7d3dbf776b8e457be14300e2a759e7d/screenshot - {}
RESULT: {"script":"<script> [1562 bytes]","args":[{"selector":{"id":"application-managepartners-display-component---NewPartner--partnerDetailsCurrency-arrow"},"wdio_ui5_key":"applicationmanagepartners-display-component---NewPartner--partnerDetailsCurrency-arrow"}]}
RESULT: undefined
COMMAND: POST /session/e7d3dbf776b8e457be14300e2a759e7d/element - {"using":"xpath","value":"//*[@id=\"application-managepartners-display-component---NewPartner--partnerDetailsCurrency-arrow\"]"}
RESULT: {}
RESULT: {"using":"xpath","value":"//*[@id=\"application-managepartners-display-component---NewPartner--partnerDetailsCurrency-arrow\"]"}
COMMAND: POST /session/e7d3dbf776b8e457be14300e2a759e7d/element/f.A3F04CE5D85C258E01EAA3234DD55B89.d.FD7563DB6F02BC274137D71B0348344F.e.1470/click - {}
RESULT: {}
COMMAND: POST /session/e7d3dbf776b8e457be14300e2a759e7d/element - {"using":"xpath","value":"//span[contains(text(), \"US Dollar\")]"}
COMMAND: GET /session/e7d3dbf776b8e457be14300e2a759e7d/screenshot - {}
RESULT: {"using":"xpath","value":"//span[contains(text(), \"US Dollar\")]"}
COMMAND: POST /session/e7d3dbf776b8e457be14300e2a759e7d/element/f.A3F04CE5D85C258E01EAA3234DD55B89.d.FD7563DB6F02BC274137D71B0348344F.e.1471/click - {}
RESULT: {}
RESULT: {}
COMMAND: GET /session/e7d3dbf776b8e457be14300e2a759e7d/screenshot - {}
RESULT: {}
COMMAND: POST /session/e7d3dbf776b8e457be14300e2a759e7d/element - {"using":"xpath","value":"//input[@id=\"application-managepartners-display-component---NewPartner--companyCodeComboBox-inner\"]"}
RESULT: {"using":"xpath","value":"//input[@id=\"application-managepartners-display-component---NewPartner--companyCodeComboBox-inner\"]"}
COMMAND: POST /session/e7d3dbf776b8e457be14300e2a759e7d/element/f.A3F04CE5D85C258E01EAA3234DD55B89.d.FD7563DB6F02BC274137D71B0348344F.e.1318/clear - {}
RESULT: {}
COMMAND: POST /session/e7d3dbf776b8e457be14300e2a759e7d/element/f.A3F04CE5D85C258E01EAA3234DD55B89.d.FD7563DB6F02BC274137D71B0348344F.e.1318/value - {"text":"C002"}
COMMAND: GET /session/e7d3dbf776b8e457be14300e2a759e7d/screenshot - {}
RESULT: {"text":"C002"}
COMMAND: GET /session/e7d3dbf776b8e457be14300e2a759e7d/screenshot - {}
RESULT: {}
RESULT: {}
COMMAND: POST /session/e7d3dbf776b8e457be14300e2a759e7d/element - {"using":"xpath","value":"//li[.//span[text()= \"C002\"]]"}
RESULT: {"using":"xpath","value":"//li[.//span[text()= \"C002\"]]"}
COMMAND: POST /session/e7d3dbf776b8e457be14300e2a759e7d/element/f.A3F04CE5D85C258E01EAA3234DD55B89.d.FD7563DB6F02BC274137D71B0348344F.e.1475/click - {}
RESULT: {}
COMMAND: GET /session/e7d3dbf776b8e457be14300e2a759e7d/screenshot - {}
RESULT: {}
COMMAND: POST /session/e7d3dbf776b8e457be14300e2a759e7d/execute/async - {"script":"<script> [1562 bytes]","args":[{"selector":{"controlType":"sap.ui.core.Icon","viewName":"etm.portal.ui.managepartners.view.NewPartner","viewId":"application-managepartners-display-component---NewPartner","properties":{"src":{"regex":{"source":"slim\\-arrow\\-down"}}},"ancestor":{"controlType":"sap.m.ComboBox","viewName":"etm.portal.ui.managepartners.view.NewPartner","viewId":"application-managepartners-display-component---NewPartner","bindingPath":{"path":"","propertyPath":"/CATALOG","modelName":"oNewPartnerModel"}}},"wdio_ui5_key":"etmportal.ui.managepartners.view.NewPartnersap.ui.core.Icon{\"src\":{\"regex\":{\"source\":\"slim\\\\-arrow\\\\-down\"}}}{\"controlType\":\"sap.m.ComboBox\",\"viewName\":\"etm.portal.ui.managepartners.view.NewPartner\",\"viewId\":\"application-managepartners-display-component---NewPartner\",\"bindingPath\":{\"path\":\"\",\"propertyPath\":\"/CATALOG\",\"modelName\":\"oNewPartnerModel\"}}"}]}
RESULT: {"script":"<script> [1562 bytes]","args":[{"selector":{"controlType":"sap.ui.core.Icon","viewName":"etm.portal.ui.managepartners.view.NewPartner","viewId":"application-managepartners-display-component---NewPartner","properties":{"src":{"regex":{"source":"slim\\-arrow\\-down"}}},"ancestor":{"controlType":"sap.m.ComboBox","viewName":"etm.portal.ui.managepartners.view.NewPartner","viewId":"application-managepartners-display-component---NewPartner","bindingPath":{"path":"","propertyPath":"/CATALOG","modelName":"oNewPartnerModel"}}},"wdio_ui5_key":"etmportal.ui.managepartners.view.NewPartnersap.ui.core.Icon{\"src\":{\"regex\":{\"source\":\"slim\\\\-arrow\\\\-down\"}}}{\"controlType\":\"sap.m.ComboBox\",\"viewName\":\"etm.portal.ui.managepartners.view.NewPartner\",\"viewId\":\"application-managepartners-display-component---NewPartner\",\"bindingPath\":{\"path\":\"\",\"propertyPath\":\"/CATALOG\",\"modelName\":\"oNewPartnerModel\"}}"}]}
RESULT: undefined
COMMAND: POST /session/e7d3dbf776b8e457be14300e2a759e7d/element - {"using":"xpath","value":"//*[@id=\"__box22-arrow\"]"}
RESULT: {"using":"xpath","value":"//*[@id=\"__box22-arrow\"]"}
COMMAND: POST /session/e7d3dbf776b8e457be14300e2a759e7d/element/f.A3F04CE5D85C258E01EAA3234DD55B89.d.FD7563DB6F02BC274137D71B0348344F.e.1440/click - {}
RESULT: {}
COMMAND: GET /session/e7d3dbf776b8e457be14300e2a759e7d/screenshot - {}
RESULT: {}
COMMAND: POST /session/e7d3dbf776b8e457be14300e2a759e7d/element - {"using":"xpath","value":"//li[.//span[text()= \"Webshop Catalog\"]]"}
RESULT: {"using":"xpath","value":"//li[.//span[text()= \"Webshop Catalog\"]]"}
COMMAND: POST /session/e7d3dbf776b8e457be14300e2a759e7d/element/f.A3F04CE5D85C258E01EAA3234DD55B89.d.FD7563DB6F02BC274137D71B0348344F.e.1477/click - {}
RESULT: {}
COMMAND: GET /session/e7d3dbf776b8e457be14300e2a759e7d/screenshot - {}
RESULT: {}
COMMAND: POST /session/e7d3dbf776b8e457be14300e2a759e7d/execute/async - {"script":"<script> [1562 bytes]","args":[{"selector":{"id":"application-managepartners-display-component---NewPartner--btnAddTableRow-img"},"wdio_ui5_key":"applicationmanagepartners-display-component---NewPartner--btnAddTableRow-img"}]}
RESULT: {"script":"<script> [1562 bytes]","args":[{"selector":{"id":"application-managepartners-display-component---NewPartner--btnAddTableRow-img"},"wdio_ui5_key":"applicationmanagepartners-display-component---NewPartner--btnAddTableRow-img"}]}
RESULT: undefined
COMMAND: POST /session/e7d3dbf776b8e457be14300e2a759e7d/element - {"using":"xpath","value":"//*[@id=\"application-managepartners-display-component---NewPartner--btnAddTableRow-img\"]"}
RESULT: {"using":"xpath","value":"//*[@id=\"application-managepartners-display-component---NewPartner--btnAddTableRow-img\"]"}
COMMAND: POST /session/e7d3dbf776b8e457be14300e2a759e7d/element/f.A3F04CE5D85C258E01EAA3234DD55B89.d.FD7563DB6F02BC274137D71B0348344F.e.1478/click - {}
RESULT: {}
COMMAND: GET /session/e7d3dbf776b8e457be14300e2a759e7d/screenshot - {}
RESULT: {}
COMMAND: POST /session/e7d3dbf776b8e457be14300e2a759e7d/element - {"using":"xpath","value":"//input[@id=\"application-managepartners-display-component---NewPartner--assignmentYard-application-managepartners-display-component---NewPartner--assignmentsTable-0-inner\"]"}
RESULT: {"using":"xpath","value":"//input[@id=\"application-managepartners-display-component---NewPartner--assignmentYard-application-managepartners-display-component---NewPartner--assignmentsTable-0-inner\"]"}
COMMAND: POST /session/e7d3dbf776b8e457be14300e2a759e7d/element/f.A3F04CE5D85C258E01EAA3234DD55B89.d.FD7563DB6F02BC274137D71B0348344F.e.1481/clear - {}
RESULT: {}
COMMAND: POST /session/e7d3dbf776b8e457be14300e2a759e7d/element/f.A3F04CE5D85C258E01EAA3234DD55B89.d.FD7563DB6F02BC274137D71B0348344F.e.1481/value - {"text":"459"}
COMMAND: GET /session/e7d3dbf776b8e457be14300e2a759e7d/screenshot - {}
RESULT: {"text":"459"}
COMMAND: GET /session/e7d3dbf776b8e457be14300e2a759e7d/screenshot - {}
RESULT: {}
RESULT: {}
COMMAND: POST /session/e7d3dbf776b8e457be14300e2a759e7d/element - {"using":"xpath","value":"//li[.//span[text()='459']]"}
RESULT: {"using":"xpath","value":"//li[.//span[text()='459']]"}
COMMAND: POST /session/e7d3dbf776b8e457be14300e2a759e7d/element/f.A3F04CE5D85C258E01EAA3234DD55B89.d.FD7563DB6F02BC274137D71B0348344F.e.1490/click - {}
RESULT: {}
COMMAND: GET /session/e7d3dbf776b8e457be14300e2a759e7d/screenshot - {}
RESULT: {}
COMMAND: POST /session/e7d3dbf776b8e457be14300e2a759e7d/actions - {"actions":[{"id":"action2","type":"key","parameters":{},"actions":[{"type":"keyDown","value":""},{"type":"pause","duration":10},{"type":"keyUp","value":""}]}]}
RESULT: {"actions":[{"id":"action2","type":"key","parameters":{},"actions":[{"type":"keyDown","value":""},{"type":"pause","duration":10},{"type":"keyUp","value":""}]}]}
COMMAND: POST /session/e7d3dbf776b8e457be14300e2a759e7d/element - {"using":"xpath","value":"//td[contains(@id, \"assignmentsTable-0-cell2\")]/div/div"}
COMMAND: GET /session/e7d3dbf776b8e457be14300e2a759e7d/screenshot - {}
RESULT: {"using":"xpath","value":"//td[contains(@id, \"assignmentsTable-0-cell2\")]/div/div"}
COMMAND: POST /session/e7d3dbf776b8e457be14300e2a759e7d/element/f.A3F04CE5D85C258E01EAA3234DD55B89.d.FD7563DB6F02BC274137D71B0348344F.e.1493/click - {}
RESULT: {}
RESULT: {}
COMMAND: GET /session/e7d3dbf776b8e457be14300e2a759e7d/screenshot - {}
RESULT: {}
COMMAND: POST /session/e7d3dbf776b8e457be14300e2a759e7d/element - {"using":"xpath","value":"//button[@data-kt=\"saveButton\"]"}
RESULT: {"using":"xpath","value":"//button[@data-kt=\"saveButton\"]"}
COMMAND: POST /session/e7d3dbf776b8e457be14300e2a759e7d/element/f.A3F04CE5D85C258E01EAA3234DD55B89.d.FD7563DB6F02BC274137D71B0348344F.e.1386/click - {}
RESULT: {}
COMMAND: GET /session/e7d3dbf776b8e457be14300e2a759e7d/screenshot - {}
RESULT: {}
COMMAND: POST /session/e7d3dbf776b8e457be14300e2a759e7d/element - {"using":"xpath","value":"//header[contains(@id, 'ObjectPageLayout-headerTitle')]/div[1]/div[2]/div[2]/span[1]"}
RESULT: {"using":"xpath","value":"//header[contains(@id, 'ObjectPageLayout-headerTitle')]/div[1]/div[2]/div[2]/span[1]"}
COMMAND: POST /session/e7d3dbf776b8e457be14300e2a759e7d/elements - {"using":"xpath","value":"//header[contains(@id, 'ObjectPageLayout-headerTitle')]/div[1]/div[2]/div[2]/span[1]"}
RESULT: {"using":"xpath","value":"//header[contains(@id, 'ObjectPageLayout-headerTitle')]/div[1]/div[2]/div[2]/span[1]"}
COMMAND: POST /session/e7d3dbf776b8e457be14300e2a759e7d/execute/sync - {"script":"<script> [56 bytes]","args":[{"element-6066-11e4-a52e-4f735466cecf":"f.A3F04CE5D85C258E01EAA3234DD55B89.d.FD7563DB6F02BC274137D71B0348344F.e.1652","ELEMENT":"f.A3F04CE5D85C258E01EAA3234DD55B89.d.FD7563DB6F02BC274137D71B0348344F.e.1652"}]}
RESULT: {"script":"<script> [56 bytes]","args":[{"element-6066-11e4-a52e-4f735466cecf":"f.A3F04CE5D85C258E01EAA3234DD55B89.d.FD7563DB6F02BC274137D71B0348344F.e.1652","ELEMENT":"f.A3F04CE5D85C258E01EAA3234DD55B89.d.FD7563DB6F02BC274137D71B0348344F.e.1652"}]}
COMMAND: POST /session/e7d3dbf776b8e457be14300e2a759e7d/element - {"using":"css selector","value":"#shell-header-logo"}
COMMAND: GET /session/e7d3dbf776b8e457be14300e2a759e7d/screenshot - {}
RESULT: {"using":"css selector","value":"#shell-header-logo"}
COMMAND: POST /session/e7d3dbf776b8e457be14300e2a759e7d/element/f.A3F04CE5D85C258E01EAA3234DD55B89.d.FD7563DB6F02BC274137D71B0348344F.e.970/click - {}
RESULT: {}
RESULT: {}
COMMAND: GET /session/e7d3dbf776b8e457be14300e2a759e7d/screenshot - {}
RESULT: {}
COMMAND: POST /session/e7d3dbf776b8e457be14300e2a759e7d/execute/sync - {"script":"<script> [299 bytes]","args":[["getModel","getResource"]]}
RESULT: {"script":"<script> [299 bytes]","args":[["getModel","getResource"]]}
]]></system-out>
    </testcase>
    <testcase classname="chrome.136_0_7103_93.windows.Create_masterdata_for_Yard_Overview_-_trigger_provide_US130988" name="Should create a new site" time="92.113">
      <system-out><![CDATA[
COMMAND: GET /session/e7d3dbf776b8e457be14300e2a759e7d/screenshot - {}
COMMAND: POST /session/e7d3dbf776b8e457be14300e2a759e7d/execute/async - {"script":"<script> [1562 bytes]","args":[{"selector":{"controlType":"sap.m.GenericTile","properties":{"header":"Manage Sites"}},"wdio_ui5_key":"sapm.GenericTile{\"header\":\"Manage Sites\"}"}]}
RESULT: {"script":"<script> [1562 bytes]","args":[{"selector":{"controlType":"sap.m.GenericTile","properties":{"header":"Manage Sites"}},"wdio_ui5_key":"sapm.GenericTile{\"header\":\"Manage Sites\"}"}]}
RESULT: undefined
COMMAND: POST /session/e7d3dbf776b8e457be14300e2a759e7d/element - {"using":"xpath","value":"//*[@id=\"__tile40\"]"}
RESULT: {}
RESULT: {"using":"xpath","value":"//*[@id=\"__tile40\"]"}
COMMAND: POST /session/e7d3dbf776b8e457be14300e2a759e7d/element/f.A3F04CE5D85C258E01EAA3234DD55B89.d.FD7563DB6F02BC274137D71B0348344F.e.125/click - {}
RESULT: {}
COMMAND: GET /session/e7d3dbf776b8e457be14300e2a759e7d/screenshot - {}
RESULT: {}
COMMAND: POST /session/e7d3dbf776b8e457be14300e2a759e7d/elements - {"using":"xpath","value":"//span[text()='Error']"}
RESULT: {"using":"xpath","value":"//span[text()='Error']"}
COMMAND: POST /session/e7d3dbf776b8e457be14300e2a759e7d/element - {"using":"xpath","value":"//button[@data-kt=\"addOverflowToolbarButton\"]"}
RESULT: {"using":"xpath","value":"//button[@data-kt=\"addOverflowToolbarButton\"]"}
COMMAND: POST /session/e7d3dbf776b8e457be14300e2a759e7d/elements - {"using":"xpath","value":"//button[@data-kt=\"addOverflowToolbarButton\"]"}
RESULT: {"using":"xpath","value":"//button[@data-kt=\"addOverflowToolbarButton\"]"}
COMMAND: POST /session/e7d3dbf776b8e457be14300e2a759e7d/execute/sync - {"script":"<script> [8489 bytes]","args":[{"element-6066-11e4-a52e-4f735466cecf":"f.A3F04CE5D85C258E01EAA3234DD55B89.d.FD7563DB6F02BC274137D71B0348344F.e.1700","ELEMENT":"f.A3F04CE5D85C258E01EAA3234DD55B89.d.FD7563DB6F02BC274137D71B0348344F.e.1700"}]}
RESULT: {"script":"<script> [8489 bytes]","args":[{"element-6066-11e4-a52e-4f735466cecf":"f.A3F04CE5D85C258E01EAA3234DD55B89.d.FD7563DB6F02BC274137D71B0348344F.e.1700","ELEMENT":"f.A3F04CE5D85C258E01EAA3234DD55B89.d.FD7563DB6F02BC274137D71B0348344F.e.1700"}]}
COMMAND: GET /session/e7d3dbf776b8e457be14300e2a759e7d/element/f.A3F04CE5D85C258E01EAA3234DD55B89.d.FD7563DB6F02BC274137D71B0348344F.e.1700/enabled - {}
COMMAND: GET /session/e7d3dbf776b8e457be14300e2a759e7d/screenshot - {}
RESULT: {}
COMMAND: POST /session/e7d3dbf776b8e457be14300e2a759e7d/execute/sync - {"script":"<script> [8489 bytes]","args":[{"element-6066-11e4-a52e-4f735466cecf":"f.A3F04CE5D85C258E01EAA3234DD55B89.d.FD7563DB6F02BC274137D71B0348344F.e.1700","ELEMENT":"f.A3F04CE5D85C258E01EAA3234DD55B89.d.FD7563DB6F02BC274137D71B0348344F.e.1700"}]}
COMMAND: GET /session/e7d3dbf776b8e457be14300e2a759e7d/screenshot - {}
RESULT: {}
RESULT: {"script":"<script> [8489 bytes]","args":[{"element-6066-11e4-a52e-4f735466cecf":"f.A3F04CE5D85C258E01EAA3234DD55B89.d.FD7563DB6F02BC274137D71B0348344F.e.1700","ELEMENT":"f.A3F04CE5D85C258E01EAA3234DD55B89.d.FD7563DB6F02BC274137D71B0348344F.e.1700"}]}
COMMAND: POST /session/e7d3dbf776b8e457be14300e2a759e7d/execute/sync - {"script":"<script> [5351 bytes]","args":[{"element-6066-11e4-a52e-4f735466cecf":"f.A3F04CE5D85C258E01EAA3234DD55B89.d.FD7563DB6F02BC274137D71B0348344F.e.1700","ELEMENT":"f.A3F04CE5D85C258E01EAA3234DD55B89.d.FD7563DB6F02BC274137D71B0348344F.e.1700"}]}
COMMAND: GET /session/e7d3dbf776b8e457be14300e2a759e7d/screenshot - {}
RESULT: {}
RESULT: {"script":"<script> [5351 bytes]","args":[{"element-6066-11e4-a52e-4f735466cecf":"f.A3F04CE5D85C258E01EAA3234DD55B89.d.FD7563DB6F02BC274137D71B0348344F.e.1700","ELEMENT":"f.A3F04CE5D85C258E01EAA3234DD55B89.d.FD7563DB6F02BC274137D71B0348344F.e.1700"}]}
COMMAND: POST /session/e7d3dbf776b8e457be14300e2a759e7d/element/f.A3F04CE5D85C258E01EAA3234DD55B89.d.FD7563DB6F02BC274137D71B0348344F.e.1700/click - {}
COMMAND: GET /session/e7d3dbf776b8e457be14300e2a759e7d/screenshot - {}
RESULT: {}
RESULT: {}
COMMAND: GET /session/e7d3dbf776b8e457be14300e2a759e7d/screenshot - {}
RESULT: {}
RESULT: {}
COMMAND: POST /session/e7d3dbf776b8e457be14300e2a759e7d/element - {"using":"xpath","value":"//input[@id=\"application-managesites-display-component---NewSite--siteId-inner\"]"}
RESULT: {"using":"xpath","value":"//input[@id=\"application-managesites-display-component---NewSite--siteId-inner\"]"}
COMMAND: POST /session/e7d3dbf776b8e457be14300e2a759e7d/element - {"using":"xpath","value":"//input[@id=\"application-managesites-display-component---NewSite--siteId-inner\"]"}
RESULT: {"using":"xpath","value":"//input[@id=\"application-managesites-display-component---NewSite--siteId-inner\"]"}
COMMAND: POST /session/e7d3dbf776b8e457be14300e2a759e7d/execute/async - {"script":"<script> [1562 bytes]","args":[{"selector":{"id":"application-managesites-display-component---NewSite--addressDetailDetailsName1","interaction":{"idSuffix":"inner"}},"wdio_ui5_key":"applicationmanagesites-display-component---NewSite--addressDetailDetailsName1"}]}
RESULT: {"script":"<script> [1562 bytes]","args":[{"selector":{"id":"application-managesites-display-component---NewSite--addressDetailDetailsName1","interaction":{"idSuffix":"inner"}},"wdio_ui5_key":"applicationmanagesites-display-component---NewSite--addressDetailDetailsName1"}]}
RESULT: undefined
COMMAND: POST /session/e7d3dbf776b8e457be14300e2a759e7d/execute/async - {"script":"<script> [776 bytes]","args":[{"enterText":"Other Type Site WDIO","selector":{"id":"application-managesites-display-component---NewSite--addressDetailDetailsName1","interaction":{"idSuffix":"inner"}},"clearTextFirst":true,"interactionType":"ENTER_TEXT"}]}
RESULT: {"script":"<script> [776 bytes]","args":[{"enterText":"Other Type Site WDIO","selector":{"id":"application-managesites-display-component---NewSite--addressDetailDetailsName1","interaction":{"idSuffix":"inner"}},"clearTextFirst":true,"interactionType":"ENTER_TEXT"}]}
COMMAND: POST /session/e7d3dbf776b8e457be14300e2a759e7d/execute/async - {"script":"<script> [1562 bytes]","args":[{"selector":{"id":"application-managesites-display-component---NewSite--addressDetailDetailsLanguage-arrow"},"wdio_ui5_key":"applicationmanagesites-display-component---NewSite--addressDetailDetailsLanguage-arrow"}]}
RESULT: {"script":"<script> [1562 bytes]","args":[{"selector":{"id":"application-managesites-display-component---NewSite--addressDetailDetailsLanguage-arrow"},"wdio_ui5_key":"applicationmanagesites-display-component---NewSite--addressDetailDetailsLanguage-arrow"}]}
RESULT: undefined
COMMAND: POST /session/e7d3dbf776b8e457be14300e2a759e7d/element - {"using":"xpath","value":"//*[@id=\"application-managesites-display-component---NewSite--addressDetailDetailsLanguage-arrow\"]"}
RESULT: {"using":"xpath","value":"//*[@id=\"application-managesites-display-component---NewSite--addressDetailDetailsLanguage-arrow\"]"}
COMMAND: POST /session/e7d3dbf776b8e457be14300e2a759e7d/element/f.A3F04CE5D85C258E01EAA3234DD55B89.d.FD7563DB6F02BC274137D71B0348344F.e.2107/click - {}
RESULT: {}
COMMAND: POST /session/e7d3dbf776b8e457be14300e2a759e7d/element - {"using":"xpath","value":"//span[contains(text(), \"English\")]"}
COMMAND: GET /session/e7d3dbf776b8e457be14300e2a759e7d/screenshot - {}
RESULT: {"using":"xpath","value":"//span[contains(text(), \"English\")]"}
COMMAND: POST /session/e7d3dbf776b8e457be14300e2a759e7d/element/f.A3F04CE5D85C258E01EAA3234DD55B89.d.FD7563DB6F02BC274137D71B0348344F.e.2108/click - {}
RESULT: {}
RESULT: {}
COMMAND: POST /session/e7d3dbf776b8e457be14300e2a759e7d/execute/async - {"script":"<script> [1562 bytes]","args":[{"selector":{"id":"application-managesites-display-component---NewSite--addressDetailDetailsCity1","interaction":{"idSuffix":"inner"}},"wdio_ui5_key":"applicationmanagesites-display-component---NewSite--addressDetailDetailsCity1"}]}
COMMAND: GET /session/e7d3dbf776b8e457be14300e2a759e7d/screenshot - {}
RESULT: {"script":"<script> [1562 bytes]","args":[{"selector":{"id":"application-managesites-display-component---NewSite--addressDetailDetailsCity1","interaction":{"idSuffix":"inner"}},"wdio_ui5_key":"applicationmanagesites-display-component---NewSite--addressDetailDetailsCity1"}]}
RESULT: undefined
COMMAND: POST /session/e7d3dbf776b8e457be14300e2a759e7d/execute/async - {"script":"<script> [776 bytes]","args":[{"enterText":"Rosario","selector":{"id":"application-managesites-display-component---NewSite--addressDetailDetailsCity1","interaction":{"idSuffix":"inner"}},"clearTextFirst":true,"interactionType":"ENTER_TEXT"}]}
RESULT: {}
RESULT: {"script":"<script> [776 bytes]","args":[{"enterText":"Rosario","selector":{"id":"application-managesites-display-component---NewSite--addressDetailDetailsCity1","interaction":{"idSuffix":"inner"}},"clearTextFirst":true,"interactionType":"ENTER_TEXT"}]}
COMMAND: POST /session/e7d3dbf776b8e457be14300e2a759e7d/execute/async - {"script":"<script> [1562 bytes]","args":[{"selector":{"id":"application-managesites-display-component---NewSite--addressDetailDetailsCountry-arrow"},"wdio_ui5_key":"applicationmanagesites-display-component---NewSite--addressDetailDetailsCountry-arrow"}]}
RESULT: {"script":"<script> [1562 bytes]","args":[{"selector":{"id":"application-managesites-display-component---NewSite--addressDetailDetailsCountry-arrow"},"wdio_ui5_key":"applicationmanagesites-display-component---NewSite--addressDetailDetailsCountry-arrow"}]}
RESULT: undefined
COMMAND: POST /session/e7d3dbf776b8e457be14300e2a759e7d/element - {"using":"xpath","value":"//*[@id=\"application-managesites-display-component---NewSite--addressDetailDetailsCountry-arrow\"]"}
RESULT: {"using":"xpath","value":"//*[@id=\"application-managesites-display-component---NewSite--addressDetailDetailsCountry-arrow\"]"}
COMMAND: POST /session/e7d3dbf776b8e457be14300e2a759e7d/element/f.A3F04CE5D85C258E01EAA3234DD55B89.d.FD7563DB6F02BC274137D71B0348344F.e.2110/click - {}
RESULT: {}
COMMAND: POST /session/e7d3dbf776b8e457be14300e2a759e7d/element - {"using":"xpath","value":"//span[contains(text(), \"Argentina\")]"}
COMMAND: GET /session/e7d3dbf776b8e457be14300e2a759e7d/screenshot - {}
RESULT: {"using":"xpath","value":"//span[contains(text(), \"Argentina\")]"}
COMMAND: POST /session/e7d3dbf776b8e457be14300e2a759e7d/element/f.A3F04CE5D85C258E01EAA3234DD55B89.d.FD7563DB6F02BC274137D71B0348344F.e.2111/click - {}
RESULT: {}
RESULT: {}
COMMAND: GET /session/e7d3dbf776b8e457be14300e2a759e7d/screenshot - {}
RESULT: {}
COMMAND: POST /session/e7d3dbf776b8e457be14300e2a759e7d/execute/async - {"script":"<script> [1562 bytes]","args":[{"selector":{"id":"application-managesites-display-component---NewSite--addressEditDetailsCostObjectCstType-arrow"},"wdio_ui5_key":"applicationmanagesites-display-component---NewSite--addressEditDetailsCostObjectCstType-arrow"}]}
RESULT: {"script":"<script> [1562 bytes]","args":[{"selector":{"id":"application-managesites-display-component---NewSite--addressEditDetailsCostObjectCstType-arrow"},"wdio_ui5_key":"applicationmanagesites-display-component---NewSite--addressEditDetailsCostObjectCstType-arrow"}]}
RESULT: undefined
COMMAND: POST /session/e7d3dbf776b8e457be14300e2a759e7d/element - {"using":"xpath","value":"//*[@id=\"application-managesites-display-component---NewSite--addressEditDetailsCostObjectCstType-arrow\"]"}
RESULT: {"using":"xpath","value":"//*[@id=\"application-managesites-display-component---NewSite--addressEditDetailsCostObjectCstType-arrow\"]"}
COMMAND: POST /session/e7d3dbf776b8e457be14300e2a759e7d/element/f.A3F04CE5D85C258E01EAA3234DD55B89.d.FD7563DB6F02BC274137D71B0348344F.e.2113/click - {}
RESULT: {}
COMMAND: POST /session/e7d3dbf776b8e457be14300e2a759e7d/element - {"using":"xpath","value":"//span[contains(text(), \"Cost Center\")]"}
COMMAND: GET /session/e7d3dbf776b8e457be14300e2a759e7d/screenshot - {}
RESULT: {"using":"xpath","value":"//span[contains(text(), \"Cost Center\")]"}
COMMAND: POST /session/e7d3dbf776b8e457be14300e2a759e7d/element/f.A3F04CE5D85C258E01EAA3234DD55B89.d.FD7563DB6F02BC274137D71B0348344F.e.2114/click - {}
RESULT: {}
RESULT: {}
COMMAND: GET /session/e7d3dbf776b8e457be14300e2a759e7d/screenshot - {}
RESULT: {}
COMMAND: POST /session/e7d3dbf776b8e457be14300e2a759e7d/element - {"using":"xpath","value":"//span[@id=\"application-managesites-display-component---NewSite--addressNewCostObjectCstID-vhi\"]"}
RESULT: {"using":"xpath","value":"//span[@id=\"application-managesites-display-component---NewSite--addressNewCostObjectCstID-vhi\"]"}
COMMAND: POST /session/e7d3dbf776b8e457be14300e2a759e7d/execute/sync - {"script":"<script> [8489 bytes]","args":[{"element-6066-11e4-a52e-4f735466cecf":"f.A3F04CE5D85C258E01EAA3234DD55B89.d.FD7563DB6F02BC274137D71B0348344F.e.2119","ELEMENT":"f.A3F04CE5D85C258E01EAA3234DD55B89.d.FD7563DB6F02BC274137D71B0348344F.e.2119"}]}
RESULT: {"script":"<script> [8489 bytes]","args":[{"element-6066-11e4-a52e-4f735466cecf":"f.A3F04CE5D85C258E01EAA3234DD55B89.d.FD7563DB6F02BC274137D71B0348344F.e.2119","ELEMENT":"f.A3F04CE5D85C258E01EAA3234DD55B89.d.FD7563DB6F02BC274137D71B0348344F.e.2119"}]}
COMMAND: POST /session/e7d3dbf776b8e457be14300e2a759e7d/execute/async - {"script":"<script> [1562 bytes]","args":[{"selector":{"id":"application-managesites-display-component---NewSite--addressNewCostObjectCstID-vhi"},"wdio_ui5_key":"applicationmanagesites-display-component---NewSite--addressNewCostObjectCstID-vhi"}]}
COMMAND: GET /session/e7d3dbf776b8e457be14300e2a759e7d/screenshot - {}
RESULT: {"script":"<script> [1562 bytes]","args":[{"selector":{"id":"application-managesites-display-component---NewSite--addressNewCostObjectCstID-vhi"},"wdio_ui5_key":"applicationmanagesites-display-component---NewSite--addressNewCostObjectCstID-vhi"}]}
RESULT: undefined
COMMAND: POST /session/e7d3dbf776b8e457be14300e2a759e7d/element - {"using":"xpath","value":"//*[@id=\"application-managesites-display-component---NewSite--addressNewCostObjectCstID-vhi\"]"}
RESULT: {}
RESULT: {"using":"xpath","value":"//*[@id=\"application-managesites-display-component---NewSite--addressNewCostObjectCstID-vhi\"]"}
COMMAND: POST /session/e7d3dbf776b8e457be14300e2a759e7d/element/f.A3F04CE5D85C258E01EAA3234DD55B89.d.FD7563DB6F02BC274137D71B0348344F.e.2119/click - {}
RESULT: {}
COMMAND: GET /session/e7d3dbf776b8e457be14300e2a759e7d/screenshot - {}
RESULT: {}
RESULT: undefined
COMMAND: POST /session/e7d3dbf776b8e457be14300e2a759e7d/execute/async - {"script":"<script> [776 bytes]","args":[{"enterText":"10001013","selector":{"controlType":"sap.m.SearchField","properties":{"placeholder":"Search"},"searchOpenDialogs":true,"interaction":{"idSuffix":"I"}},"clearTextFirst":true,"interactionType":"ENTER_TEXT"}]}
RESULT: {"script":"<script> [776 bytes]","args":[{"enterText":"10001013","selector":{"controlType":"sap.m.SearchField","properties":{"placeholder":"Search"},"searchOpenDialogs":true,"interaction":{"idSuffix":"I"}},"clearTextFirst":true,"interactionType":"ENTER_TEXT"}]}
COMMAND: POST /session/e7d3dbf776b8e457be14300e2a759e7d/actions - {"actions":[{"id":"action3","type":"key","parameters":{},"actions":[{"type":"keyDown","value":""},{"type":"pause","duration":10},{"type":"keyUp","value":""}]}]}
RESULT: {"actions":[{"id":"action3","type":"key","parameters":{},"actions":[{"type":"keyDown","value":""},{"type":"pause","duration":10},{"type":"keyUp","value":""}]}]}
COMMAND: GET /session/e7d3dbf776b8e457be14300e2a759e7d/screenshot - {}
RESULT: {}
COMMAND: POST /session/e7d3dbf776b8e457be14300e2a759e7d/element - {"using":"xpath","value":"//span[contains(text(), \"General Management\")]"}
RESULT: {"using":"xpath","value":"//span[contains(text(), \"General Management\")]"}
COMMAND: POST /session/e7d3dbf776b8e457be14300e2a759e7d/element/f.A3F04CE5D85C258E01EAA3234DD55B89.d.FD7563DB6F02BC274137D71B0348344F.e.2158/click - {}
RESULT: {}
COMMAND: GET /session/e7d3dbf776b8e457be14300e2a759e7d/screenshot - {}
RESULT: {}
COMMAND: POST /session/e7d3dbf776b8e457be14300e2a759e7d/element - {"using":"xpath","value":"//bdi[contains(text(), \"OK\")]"}
RESULT: {"using":"xpath","value":"//bdi[contains(text(), \"OK\")]"}
COMMAND: POST /session/e7d3dbf776b8e457be14300e2a759e7d/element/f.A3F04CE5D85C258E01EAA3234DD55B89.d.FD7563DB6F02BC274137D71B0348344F.e.2159/click - {}
RESULT: {}
COMMAND: GET /session/e7d3dbf776b8e457be14300e2a759e7d/screenshot - {}
RESULT: {}
COMMAND: POST /session/e7d3dbf776b8e457be14300e2a759e7d/element - {"using":"xpath","value":"//input[@id=\"application-managesites-display-component---NewSite--addressDetailDetailsCalendar-inner\"]"}
RESULT: {"using":"xpath","value":"//input[@id=\"application-managesites-display-component---NewSite--addressDetailDetailsCalendar-inner\"]"}
COMMAND: POST /session/e7d3dbf776b8e457be14300e2a759e7d/element/f.A3F04CE5D85C258E01EAA3234DD55B89.d.FD7563DB6F02BC274137D71B0348344F.e.1899/clear - {}
RESULT: {}
COMMAND: POST /session/e7d3dbf776b8e457be14300e2a759e7d/element/f.A3F04CE5D85C258E01EAA3234DD55B89.d.FD7563DB6F02BC274137D71B0348344F.e.1899/value - {"text":"Unit"}
COMMAND: GET /session/e7d3dbf776b8e457be14300e2a759e7d/screenshot - {}
RESULT: {"text":"Unit"}
COMMAND: GET /session/e7d3dbf776b8e457be14300e2a759e7d/screenshot - {}
RESULT: {}
RESULT: {}
COMMAND: POST /session/e7d3dbf776b8e457be14300e2a759e7d/actions - {"actions":[{"id":"action4","type":"key","parameters":{},"actions":[{"type":"keyDown","value":""},{"type":"pause","duration":10},{"type":"keyUp","value":""}]}]}
RESULT: {"actions":[{"id":"action4","type":"key","parameters":{},"actions":[{"type":"keyDown","value":""},{"type":"pause","duration":10},{"type":"keyUp","value":""}]}]}
COMMAND: POST /session/e7d3dbf776b8e457be14300e2a759e7d/element - {"using":"xpath","value":"//input[@id=\"application-managesites-display-component---NewSite--addressDetailDetailsYard-inner\"]"}
COMMAND: GET /session/e7d3dbf776b8e457be14300e2a759e7d/screenshot - {}
RESULT: {"using":"xpath","value":"//input[@id=\"application-managesites-display-component---NewSite--addressDetailDetailsYard-inner\"]"}
COMMAND: POST /session/e7d3dbf776b8e457be14300e2a759e7d/element/f.A3F04CE5D85C258E01EAA3234DD55B89.d.FD7563DB6F02BC274137D71B0348344F.e.1900/clear - {}
RESULT: {}
RESULT: {}
COMMAND: POST /session/e7d3dbf776b8e457be14300e2a759e7d/element/f.A3F04CE5D85C258E01EAA3234DD55B89.d.FD7563DB6F02BC274137D71B0348344F.e.1900/value - {"text":"459"}
COMMAND: GET /session/e7d3dbf776b8e457be14300e2a759e7d/screenshot - {}
RESULT: {"text":"459"}
COMMAND: GET /session/e7d3dbf776b8e457be14300e2a759e7d/screenshot - {}
RESULT: {}
RESULT: {}
COMMAND: POST /session/e7d3dbf776b8e457be14300e2a759e7d/element - {"using":"xpath","value":"//li[.//span[text()='459']]"}
RESULT: {"using":"xpath","value":"//li[.//span[text()='459']]"}
COMMAND: POST /session/e7d3dbf776b8e457be14300e2a759e7d/element/f.A3F04CE5D85C258E01EAA3234DD55B89.d.FD7563DB6F02BC274137D71B0348344F.e.2167/click - {}
RESULT: {}
COMMAND: GET /session/e7d3dbf776b8e457be14300e2a759e7d/screenshot - {}
RESULT: {}
COMMAND: POST /session/e7d3dbf776b8e457be14300e2a759e7d/element - {"using":"xpath","value":"//input[@id=\"application-managesites-display-component---NewSite--addressDetailDetailsPartner-inner\"]"}
RESULT: {"using":"xpath","value":"//input[@id=\"application-managesites-display-component---NewSite--addressDetailDetailsPartner-inner\"]"}
COMMAND: POST /session/e7d3dbf776b8e457be14300e2a759e7d/element - {"using":"xpath","value":"//input[@id=\"application-managesites-display-component---NewSite--addressDetailDetailsPartner-inner\"]"}
RESULT: {"using":"xpath","value":"//input[@id=\"application-managesites-display-component---NewSite--addressDetailDetailsPartner-inner\"]"}
COMMAND: POST /session/e7d3dbf776b8e457be14300e2a759e7d/element - {"using":"xpath","value":"//button[@data-kt=\"saveButton\"]"}
RESULT: {"using":"xpath","value":"//button[@data-kt=\"saveButton\"]"}
COMMAND: POST /session/e7d3dbf776b8e457be14300e2a759e7d/element/f.A3F04CE5D85C258E01EAA3234DD55B89.d.FD7563DB6F02BC274137D71B0348344F.e.2060/click - {}
RESULT: {}
COMMAND: GET /session/e7d3dbf776b8e457be14300e2a759e7d/screenshot - {}
RESULT: {}
COMMAND: POST /session/e7d3dbf776b8e457be14300e2a759e7d/element - {"using":"xpath","value":"//header[contains(@id, 'ObjectPageLayout-headerTitle')]/div[1]/div[2]/div[2]/span[1]"}
RESULT: {"using":"xpath","value":"//header[contains(@id, 'ObjectPageLayout-headerTitle')]/div[1]/div[2]/div[2]/span[1]"}
COMMAND: POST /session/e7d3dbf776b8e457be14300e2a759e7d/elements - {"using":"xpath","value":"//header[contains(@id, 'ObjectPageLayout-headerTitle')]/div[1]/div[2]/div[2]/span[1]"}
RESULT: {"using":"xpath","value":"//header[contains(@id, 'ObjectPageLayout-headerTitle')]/div[1]/div[2]/div[2]/span[1]"}
COMMAND: POST /session/e7d3dbf776b8e457be14300e2a759e7d/execute/sync - {"script":"<script> [56 bytes]","args":[{"element-6066-11e4-a52e-4f735466cecf":"f.A3F04CE5D85C258E01EAA3234DD55B89.d.FD7563DB6F02BC274137D71B0348344F.e.2370","ELEMENT":"f.A3F04CE5D85C258E01EAA3234DD55B89.d.FD7563DB6F02BC274137D71B0348344F.e.2370"}]}
RESULT: {"script":"<script> [56 bytes]","args":[{"element-6066-11e4-a52e-4f735466cecf":"f.A3F04CE5D85C258E01EAA3234DD55B89.d.FD7563DB6F02BC274137D71B0348344F.e.2370","ELEMENT":"f.A3F04CE5D85C258E01EAA3234DD55B89.d.FD7563DB6F02BC274137D71B0348344F.e.2370"}]}
COMMAND: POST /session/e7d3dbf776b8e457be14300e2a759e7d/element - {"using":"css selector","value":"#shell-header-logo"}
COMMAND: GET /session/e7d3dbf776b8e457be14300e2a759e7d/screenshot - {}
RESULT: {"using":"css selector","value":"#shell-header-logo"}
COMMAND: POST /session/e7d3dbf776b8e457be14300e2a759e7d/element/f.A3F04CE5D85C258E01EAA3234DD55B89.d.FD7563DB6F02BC274137D71B0348344F.e.1656/click - {}
RESULT: {}
RESULT: {}
COMMAND: GET /session/e7d3dbf776b8e457be14300e2a759e7d/screenshot - {}
RESULT: {}
COMMAND: POST /session/e7d3dbf776b8e457be14300e2a759e7d/execute/sync - {"script":"<script> [299 bytes]","args":[["getModel","getResource"]]}
RESULT: {"script":"<script> [299 bytes]","args":[["getModel","getResource"]]}
]]></system-out>
    </testcase>
    <testcase classname="chrome.136_0_7103_93.windows.Create_masterdata_for_Yard_Overview_-_trigger_provide_US130988" name="Should create a new material" time="113.483">
      <system-out><![CDATA[
COMMAND: GET /session/e7d3dbf776b8e457be14300e2a759e7d/screenshot - {}
COMMAND: POST /session/e7d3dbf776b8e457be14300e2a759e7d/execute/async - {"script":"<script> [1562 bytes]","args":[{"selector":{"controlType":"sap.m.GenericTile","properties":{"header":"Manage Resources"}},"wdio_ui5_key":"sapm.GenericTile{\"header\":\"Manage Resources\"}"}]}
RESULT: {}
RESULT: {"script":"<script> [1562 bytes]","args":[{"selector":{"controlType":"sap.m.GenericTile","properties":{"header":"Manage Resources"}},"wdio_ui5_key":"sapm.GenericTile{\"header\":\"Manage Resources\"}"}]}
RESULT: undefined
COMMAND: POST /session/e7d3dbf776b8e457be14300e2a759e7d/element - {"using":"xpath","value":"//*[@id=\"__tile39\"]"}
RESULT: {"using":"xpath","value":"//*[@id=\"__tile39\"]"}
COMMAND: POST /session/e7d3dbf776b8e457be14300e2a759e7d/element/f.A3F04CE5D85C258E01EAA3234DD55B89.d.FD7563DB6F02BC274137D71B0348344F.e.122/click - {}
RESULT: {}
COMMAND: GET /session/e7d3dbf776b8e457be14300e2a759e7d/screenshot - {}
RESULT: {}
COMMAND: POST /session/e7d3dbf776b8e457be14300e2a759e7d/elements - {"using":"xpath","value":"//span[text()='Error']"}
RESULT: {"using":"xpath","value":"//span[text()='Error']"}
COMMAND: POST /session/e7d3dbf776b8e457be14300e2a759e7d/element - {"using":"xpath","value":"//button[@data-kt=\"addNewRUOverflowToolbarButton\"]"}
RESULT: {"using":"xpath","value":"//button[@data-kt=\"addNewRUOverflowToolbarButton\"]"}
COMMAND: POST /session/e7d3dbf776b8e457be14300e2a759e7d/elements - {"using":"xpath","value":"//button[@data-kt=\"addNewRUOverflowToolbarButton\"]"}
RESULT: {"using":"xpath","value":"//button[@data-kt=\"addNewRUOverflowToolbarButton\"]"}
COMMAND: POST /session/e7d3dbf776b8e457be14300e2a759e7d/execute/sync - {"script":"<script> [8489 bytes]","args":[{"element-6066-11e4-a52e-4f735466cecf":"f.A3F04CE5D85C258E01EAA3234DD55B89.d.FD7563DB6F02BC274137D71B0348344F.e.2403","ELEMENT":"f.A3F04CE5D85C258E01EAA3234DD55B89.d.FD7563DB6F02BC274137D71B0348344F.e.2403"}]}
RESULT: {"script":"<script> [8489 bytes]","args":[{"element-6066-11e4-a52e-4f735466cecf":"f.A3F04CE5D85C258E01EAA3234DD55B89.d.FD7563DB6F02BC274137D71B0348344F.e.2403","ELEMENT":"f.A3F04CE5D85C258E01EAA3234DD55B89.d.FD7563DB6F02BC274137D71B0348344F.e.2403"}]}
COMMAND: GET /session/e7d3dbf776b8e457be14300e2a759e7d/element/f.A3F04CE5D85C258E01EAA3234DD55B89.d.FD7563DB6F02BC274137D71B0348344F.e.2403/enabled - {}
COMMAND: GET /session/e7d3dbf776b8e457be14300e2a759e7d/screenshot - {}
RESULT: {}
COMMAND: POST /session/e7d3dbf776b8e457be14300e2a759e7d/execute/sync - {"script":"<script> [8489 bytes]","args":[{"element-6066-11e4-a52e-4f735466cecf":"f.A3F04CE5D85C258E01EAA3234DD55B89.d.FD7563DB6F02BC274137D71B0348344F.e.2403","ELEMENT":"f.A3F04CE5D85C258E01EAA3234DD55B89.d.FD7563DB6F02BC274137D71B0348344F.e.2403"}]}
COMMAND: GET /session/e7d3dbf776b8e457be14300e2a759e7d/screenshot - {}
RESULT: {}
RESULT: {"script":"<script> [8489 bytes]","args":[{"element-6066-11e4-a52e-4f735466cecf":"f.A3F04CE5D85C258E01EAA3234DD55B89.d.FD7563DB6F02BC274137D71B0348344F.e.2403","ELEMENT":"f.A3F04CE5D85C258E01EAA3234DD55B89.d.FD7563DB6F02BC274137D71B0348344F.e.2403"}]}
COMMAND: POST /session/e7d3dbf776b8e457be14300e2a759e7d/execute/sync - {"script":"<script> [5351 bytes]","args":[{"element-6066-11e4-a52e-4f735466cecf":"f.A3F04CE5D85C258E01EAA3234DD55B89.d.FD7563DB6F02BC274137D71B0348344F.e.2403","ELEMENT":"f.A3F04CE5D85C258E01EAA3234DD55B89.d.FD7563DB6F02BC274137D71B0348344F.e.2403"}]}
COMMAND: GET /session/e7d3dbf776b8e457be14300e2a759e7d/screenshot - {}
RESULT: {}
RESULT: {"script":"<script> [5351 bytes]","args":[{"element-6066-11e4-a52e-4f735466cecf":"f.A3F04CE5D85C258E01EAA3234DD55B89.d.FD7563DB6F02BC274137D71B0348344F.e.2403","ELEMENT":"f.A3F04CE5D85C258E01EAA3234DD55B89.d.FD7563DB6F02BC274137D71B0348344F.e.2403"}]}
COMMAND: POST /session/e7d3dbf776b8e457be14300e2a759e7d/element/f.A3F04CE5D85C258E01EAA3234DD55B89.d.FD7563DB6F02BC274137D71B0348344F.e.2403/click - {}
COMMAND: GET /session/e7d3dbf776b8e457be14300e2a759e7d/screenshot - {}
RESULT: {}
RESULT: {}
COMMAND: GET /session/e7d3dbf776b8e457be14300e2a759e7d/screenshot - {}
RESULT: {}
COMMAND: POST /session/e7d3dbf776b8e457be14300e2a759e7d/execute/async - {"script":"<script> [1562 bytes]","args":[{"selector":{"id":"application-manageresources-display-component---newResourceUnit--TYPE-arrow"},"wdio_ui5_key":"applicationmanageresources-display-component---newResourceUnit--TYPE-arrow"}]}
RESULT: {}
RESULT: {"script":"<script> [1562 bytes]","args":[{"selector":{"id":"application-manageresources-display-component---newResourceUnit--TYPE-arrow"},"wdio_ui5_key":"applicationmanageresources-display-component---newResourceUnit--TYPE-arrow"}]}
RESULT: undefined
COMMAND: POST /session/e7d3dbf776b8e457be14300e2a759e7d/element - {"using":"xpath","value":"//*[@id=\"application-manageresources-display-component---newResourceUnit--TYPE-arrow\"]"}
RESULT: {"using":"xpath","value":"//*[@id=\"application-manageresources-display-component---newResourceUnit--TYPE-arrow\"]"}
COMMAND: POST /session/e7d3dbf776b8e457be14300e2a759e7d/element/f.A3F04CE5D85C258E01EAA3234DD55B89.d.FD7563DB6F02BC274137D71B0348344F.e.2570/click - {}
RESULT: {}
COMMAND: POST /session/e7d3dbf776b8e457be14300e2a759e7d/element - {"using":"xpath","value":"//input[@id=\"application-manageresources-display-component---newResourceUnit--TYPE-inner\"]"}
COMMAND: GET /session/e7d3dbf776b8e457be14300e2a759e7d/screenshot - {}
RESULT: {"using":"xpath","value":"//input[@id=\"application-manageresources-display-component---newResourceUnit--TYPE-inner\"]"}
COMMAND: POST /session/e7d3dbf776b8e457be14300e2a759e7d/element/f.A3F04CE5D85C258E01EAA3234DD55B89.d.FD7563DB6F02BC274137D71B0348344F.e.2456/clear - {}
RESULT: {}
RESULT: {}
COMMAND: POST /session/e7d3dbf776b8e457be14300e2a759e7d/element/f.A3F04CE5D85C258E01EAA3234DD55B89.d.FD7563DB6F02BC274137D71B0348344F.e.2456/value - {"text":"Material"}
COMMAND: GET /session/e7d3dbf776b8e457be14300e2a759e7d/screenshot - {}
RESULT: {"text":"Material"}
COMMAND: GET /session/e7d3dbf776b8e457be14300e2a759e7d/screenshot - {}
RESULT: {}
RESULT: {}
COMMAND: POST /session/e7d3dbf776b8e457be14300e2a759e7d/actions - {"actions":[{"id":"action5","type":"key","parameters":{},"actions":[{"type":"keyDown","value":""},{"type":"pause","duration":10},{"type":"keyUp","value":""}]}]}
RESULT: {"actions":[{"id":"action5","type":"key","parameters":{},"actions":[{"type":"keyDown","value":""},{"type":"pause","duration":10},{"type":"keyUp","value":""}]}]}
COMMAND: POST /session/e7d3dbf776b8e457be14300e2a759e7d/execute/async - {"script":"<script> [1562 bytes]","args":[{"selector":{"id":"application-manageresources-display-component---newResourceUnit--SHORT_TEXT","interaction":{"idSuffix":"inner"}},"wdio_ui5_key":"applicationmanageresources-display-component---newResourceUnit--SHORT_TEXT"}]}
COMMAND: GET /session/e7d3dbf776b8e457be14300e2a759e7d/screenshot - {}
RESULT: {"script":"<script> [1562 bytes]","args":[{"selector":{"id":"application-manageresources-display-component---newResourceUnit--SHORT_TEXT","interaction":{"idSuffix":"inner"}},"wdio_ui5_key":"applicationmanageresources-display-component---newResourceUnit--SHORT_TEXT"}]}
RESULT: undefined
COMMAND: POST /session/e7d3dbf776b8e457be14300e2a759e7d/execute/async - {"script":"<script> [776 bytes]","args":[{"enterText":"Cement WDIO","selector":{"id":"application-manageresources-display-component---newResourceUnit--SHORT_TEXT","interaction":{"idSuffix":"inner"}},"clearTextFirst":true,"interactionType":"ENTER_TEXT"}]}
RESULT: {}
RESULT: {"script":"<script> [776 bytes]","args":[{"enterText":"Cement WDIO","selector":{"id":"application-manageresources-display-component---newResourceUnit--SHORT_TEXT","interaction":{"idSuffix":"inner"}},"clearTextFirst":true,"interactionType":"ENTER_TEXT"}]}
COMMAND: POST /session/e7d3dbf776b8e457be14300e2a759e7d/execute/async - {"script":"<script> [1562 bytes]","args":[{"selector":{"id":"application-manageresources-display-component---newResourceUnit--BASE_UNIT_OF_MEASURE","interaction":{"idSuffix":"inner"}},"wdio_ui5_key":"applicationmanageresources-display-component---newResourceUnit--BASE_UNIT_OF_MEASURE"}]}
RESULT: {"script":"<script> [1562 bytes]","args":[{"selector":{"id":"application-manageresources-display-component---newResourceUnit--BASE_UNIT_OF_MEASURE","interaction":{"idSuffix":"inner"}},"wdio_ui5_key":"applicationmanageresources-display-component---newResourceUnit--BASE_UNIT_OF_MEASURE"}]}
RESULT: undefined
COMMAND: POST /session/e7d3dbf776b8e457be14300e2a759e7d/execute/async - {"script":"<script> [776 bytes]","args":[{"enterText":"Piece","selector":{"id":"application-manageresources-display-component---newResourceUnit--BASE_UNIT_OF_MEASURE","interaction":{"idSuffix":"inner"}},"clearTextFirst":true,"interactionType":"ENTER_TEXT"}]}
RESULT: {"script":"<script> [776 bytes]","args":[{"enterText":"Piece","selector":{"id":"application-manageresources-display-component---newResourceUnit--BASE_UNIT_OF_MEASURE","interaction":{"idSuffix":"inner"}},"clearTextFirst":true,"interactionType":"ENTER_TEXT"}]}
COMMAND: POST /session/e7d3dbf776b8e457be14300e2a759e7d/execute/async - {"script":"<script> [1562 bytes]","args":[{"selector":{"id":"application-manageresources-display-component---newResourceUnit--WEIGHT_UNIT","interaction":{"idSuffix":"inner"}},"wdio_ui5_key":"applicationmanageresources-display-component---newResourceUnit--WEIGHT_UNIT"}]}
RESULT: {"script":"<script> [1562 bytes]","args":[{"selector":{"id":"application-manageresources-display-component---newResourceUnit--WEIGHT_UNIT","interaction":{"idSuffix":"inner"}},"wdio_ui5_key":"applicationmanageresources-display-component---newResourceUnit--WEIGHT_UNIT"}]}
RESULT: undefined
COMMAND: POST /session/e7d3dbf776b8e457be14300e2a759e7d/execute/async - {"script":"<script> [776 bytes]","args":[{"enterText":"Gram","selector":{"id":"application-manageresources-display-component---newResourceUnit--WEIGHT_UNIT","interaction":{"idSuffix":"inner"}},"clearTextFirst":true,"interactionType":"ENTER_TEXT"}]}
RESULT: {"script":"<script> [776 bytes]","args":[{"enterText":"Gram","selector":{"id":"application-manageresources-display-component---newResourceUnit--WEIGHT_UNIT","interaction":{"idSuffix":"inner"}},"clearTextFirst":true,"interactionType":"ENTER_TEXT"}]}
COMMAND: POST /session/e7d3dbf776b8e457be14300e2a759e7d/execute/async - {"script":"<script> [1562 bytes]","args":[{"selector":{"id":"application-manageresources-display-component---newResourceUnit--DIMENSION_UNIT","interaction":{"idSuffix":"inner"}},"wdio_ui5_key":"applicationmanageresources-display-component---newResourceUnit--DIMENSION_UNIT"}]}
RESULT: {"script":"<script> [1562 bytes]","args":[{"selector":{"id":"application-manageresources-display-component---newResourceUnit--DIMENSION_UNIT","interaction":{"idSuffix":"inner"}},"wdio_ui5_key":"applicationmanageresources-display-component---newResourceUnit--DIMENSION_UNIT"}]}
RESULT: undefined
COMMAND: POST /session/e7d3dbf776b8e457be14300e2a759e7d/execute/async - {"script":"<script> [776 bytes]","args":[{"enterText":"Meter","selector":{"id":"application-manageresources-display-component---newResourceUnit--DIMENSION_UNIT","interaction":{"idSuffix":"inner"}},"clearTextFirst":true,"interactionType":"ENTER_TEXT"}]}
RESULT: {"script":"<script> [776 bytes]","args":[{"enterText":"Meter","selector":{"id":"application-manageresources-display-component---newResourceUnit--DIMENSION_UNIT","interaction":{"idSuffix":"inner"}},"clearTextFirst":true,"interactionType":"ENTER_TEXT"}]}
COMMAND: POST /session/e7d3dbf776b8e457be14300e2a759e7d/execute/async - {"script":"<script> [1562 bytes]","args":[{"selector":{"id":"application-manageresources-display-component---newResourceUnit--newRRUPage-anchBar-application-manageresources-display-component---newResourceUnit--control-anchor","interaction":{"idSuffix":"BDI-content"}},"wdio_ui5_key":"applicationmanageresources-display-component---newResourceUnit--newRRUPage-anchBar-application-manageresources-display-component---newResourceUnit--control-anchor"}]}
RESULT: {"script":"<script> [1562 bytes]","args":[{"selector":{"id":"application-manageresources-display-component---newResourceUnit--newRRUPage-anchBar-application-manageresources-display-component---newResourceUnit--control-anchor","interaction":{"idSuffix":"BDI-content"}},"wdio_ui5_key":"applicationmanageresources-display-component---newResourceUnit--newRRUPage-anchBar-application-manageresources-display-component---newResourceUnit--control-anchor"}]}
RESULT: undefined
COMMAND: POST /session/e7d3dbf776b8e457be14300e2a759e7d/element - {"using":"xpath","value":"//*[@id=\"application-manageresources-display-component---newResourceUnit--newRRUPage-anchBar-application-manageresources-display-component---newResourceUnit--control-anchor\"]"}
RESULT: {"using":"xpath","value":"//*[@id=\"application-manageresources-display-component---newResourceUnit--newRRUPage-anchBar-application-manageresources-display-component---newResourceUnit--control-anchor\"]"}
COMMAND: POST /session/e7d3dbf776b8e457be14300e2a759e7d/element/f.A3F04CE5D85C258E01EAA3234DD55B89.d.FD7563DB6F02BC274137D71B0348344F.e.2699/click - {}
RESULT: {}
COMMAND: POST /session/e7d3dbf776b8e457be14300e2a759e7d/execute/async - {"script":"<script> [1562 bytes]","args":[{"selector":{"id":"application-manageresources-display-component---newResourceUnit--PLANNING_GROUP","interaction":{"idSuffix":"inner"}},"wdio_ui5_key":"applicationmanageresources-display-component---newResourceUnit--PLANNING_GROUP"}]}
COMMAND: GET /session/e7d3dbf776b8e457be14300e2a759e7d/screenshot - {}
RESULT: {"script":"<script> [1562 bytes]","args":[{"selector":{"id":"application-manageresources-display-component---newResourceUnit--PLANNING_GROUP","interaction":{"idSuffix":"inner"}},"wdio_ui5_key":"applicationmanageresources-display-component---newResourceUnit--PLANNING_GROUP"}]}
RESULT: undefined
COMMAND: POST /session/e7d3dbf776b8e457be14300e2a759e7d/execute/async - {"script":"<script> [776 bytes]","args":[{"enterText":"Material","selector":{"id":"application-manageresources-display-component---newResourceUnit--PLANNING_GROUP","interaction":{"idSuffix":"inner"}},"clearTextFirst":true,"interactionType":"ENTER_TEXT"}]}
RESULT: {}
RESULT: {"script":"<script> [776 bytes]","args":[{"enterText":"Material","selector":{"id":"application-manageresources-display-component---newResourceUnit--PLANNING_GROUP","interaction":{"idSuffix":"inner"}},"clearTextFirst":true,"interactionType":"ENTER_TEXT"}]}
COMMAND: POST /session/e7d3dbf776b8e457be14300e2a759e7d/execute/async - {"script":"<script> [1562 bytes]","args":[{"selector":{"id":"application-manageresources-display-component---newResourceUnit--PLANNING_INDICATOR","interaction":{"idSuffix":"inner"}},"wdio_ui5_key":"applicationmanageresources-display-component---newResourceUnit--PLANNING_INDICATOR"}]}
RESULT: {"script":"<script> [1562 bytes]","args":[{"selector":{"id":"application-manageresources-display-component---newResourceUnit--PLANNING_INDICATOR","interaction":{"idSuffix":"inner"}},"wdio_ui5_key":"applicationmanageresources-display-component---newResourceUnit--PLANNING_INDICATOR"}]}
RESULT: undefined
COMMAND: POST /session/e7d3dbf776b8e457be14300e2a759e7d/execute/async - {"script":"<script> [776 bytes]","args":[{"enterText":"10 - infinite","selector":{"id":"application-manageresources-display-component---newResourceUnit--PLANNING_INDICATOR","interaction":{"idSuffix":"inner"}},"clearTextFirst":true,"interactionType":"ENTER_TEXT"}]}
RESULT: {"script":"<script> [776 bytes]","args":[{"enterText":"10 - infinite","selector":{"id":"application-manageresources-display-component---newResourceUnit--PLANNING_INDICATOR","interaction":{"idSuffix":"inner"}},"clearTextFirst":true,"interactionType":"ENTER_TEXT"}]}
COMMAND: POST /session/e7d3dbf776b8e457be14300e2a759e7d/element - {"using":"css selector","value":"#application-manageresources-display-component---newResourceUnit--btnAddTimeSegment"}
RESULT: {"using":"css selector","value":"#application-manageresources-display-component---newResourceUnit--btnAddTimeSegment"}
COMMAND: GET /session/e7d3dbf776b8e457be14300e2a759e7d/element/f.A3F04CE5D85C258E01EAA3234DD55B89.d.FD7563DB6F02BC274137D71B0348344F.e.2707/rect - {}
RESULT: {}
COMMAND: GET /session/e7d3dbf776b8e457be14300e2a759e7d/window/rect - {}
RESULT: {}
COMMAND: POST /session/e7d3dbf776b8e457be14300e2a759e7d/execute/sync - {"script":"<script> [92 bytes]","args":[]}
RESULT: {"script":"<script> [92 bytes]","args":[]}
COMMAND: POST /session/e7d3dbf776b8e457be14300e2a759e7d/actions - {"actions":[{"id":"action6","type":"wheel","parameters":{},"actions":[{"type":"scroll","x":-1888,"y":-32,"deltaX":0,"deltaY":0,"duration":0,"origin":{"element-6066-11e4-a52e-4f735466cecf":"f.A3F04CE5D85C258E01EAA3234DD55B89.d.FD7563DB6F02BC274137D71B0348344F.e.2707"}}]}]}
COMMAND: GET /session/e7d3dbf776b8e457be14300e2a759e7d/screenshot - {}
RESULT: {}
COMMAND: POST /session/e7d3dbf776b8e457be14300e2a759e7d/execute/sync - {"script":"<script> [79 bytes]","args":[{"element-6066-11e4-a52e-4f735466cecf":"f.A3F04CE5D85C258E01EAA3234DD55B89.d.FD7563DB6F02BC274137D71B0348344F.e.2707","ELEMENT":"f.A3F04CE5D85C258E01EAA3234DD55B89.d.FD7563DB6F02BC274137D71B0348344F.e.2707"},{"block":"start","inline":"nearest"}]}
RESULT: {"script":"<script> [79 bytes]","args":[{"element-6066-11e4-a52e-4f735466cecf":"f.A3F04CE5D85C258E01EAA3234DD55B89.d.FD7563DB6F02BC274137D71B0348344F.e.2707","ELEMENT":"f.A3F04CE5D85C258E01EAA3234DD55B89.d.FD7563DB6F02BC274137D71B0348344F.e.2707"},{"block":"start","inline":"nearest"}]}
COMMAND: POST /session/e7d3dbf776b8e457be14300e2a759e7d/execute/async - {"script":"<script> [1562 bytes]","args":[{"selector":{"id":"application-manageresources-display-component---newResourceUnit--btnAddTimeSegment","interaction":{"idSuffix":"inner"}},"wdio_ui5_key":"applicationmanageresources-display-component---newResourceUnit--btnAddTimeSegment"}]}
COMMAND: GET /session/e7d3dbf776b8e457be14300e2a759e7d/screenshot - {}
RESULT: {"script":"<script> [1562 bytes]","args":[{"selector":{"id":"application-manageresources-display-component---newResourceUnit--btnAddTimeSegment","interaction":{"idSuffix":"inner"}},"wdio_ui5_key":"applicationmanageresources-display-component---newResourceUnit--btnAddTimeSegment"}]}
RESULT: undefined
COMMAND: POST /session/e7d3dbf776b8e457be14300e2a759e7d/element - {"using":"xpath","value":"//*[@id=\"application-manageresources-display-component---newResourceUnit--btnAddTimeSegment\"]"}
RESULT: {}
RESULT: {"using":"xpath","value":"//*[@id=\"application-manageresources-display-component---newResourceUnit--btnAddTimeSegment\"]"}
COMMAND: POST /session/e7d3dbf776b8e457be14300e2a759e7d/element/f.A3F04CE5D85C258E01EAA3234DD55B89.d.FD7563DB6F02BC274137D71B0348344F.e.2707/click - {}
RESULT: {}
COMMAND: GET /session/e7d3dbf776b8e457be14300e2a759e7d/screenshot - {}
RESULT: {}
COMMAND: POST /session/e7d3dbf776b8e457be14300e2a759e7d/element - {"using":"xpath","value":"//input[@id=\"application-manageresources-display-component---newResourceUnit--idRuTSAdmin-application-manageresources-display-component---newResourceUnit--RUTimeSegment-0-inner\"]"}
RESULT: {"using":"xpath","value":"//input[@id=\"application-manageresources-display-component---newResourceUnit--idRuTSAdmin-application-manageresources-display-component---newResourceUnit--RUTimeSegment-0-inner\"]"}
COMMAND: POST /session/e7d3dbf776b8e457be14300e2a759e7d/element/f.A3F04CE5D85C258E01EAA3234DD55B89.d.FD7563DB6F02BC274137D71B0348344F.e.2712/clear - {}
RESULT: {}
COMMAND: POST /session/e7d3dbf776b8e457be14300e2a759e7d/element/f.A3F04CE5D85C258E01EAA3234DD55B89.d.FD7563DB6F02BC274137D71B0348344F.e.2712/value - {"text":"459"}
COMMAND: GET /session/e7d3dbf776b8e457be14300e2a759e7d/screenshot - {}
RESULT: {"text":"459"}
COMMAND: GET /session/e7d3dbf776b8e457be14300e2a759e7d/screenshot - {}
RESULT: {}
RESULT: {}
COMMAND: POST /session/e7d3dbf776b8e457be14300e2a759e7d/element - {"using":"xpath","value":"//li[.//span[text()='459']]"}
RESULT: {"using":"xpath","value":"//li[.//span[text()='459']]"}
COMMAND: POST /session/e7d3dbf776b8e457be14300e2a759e7d/element/f.A3F04CE5D85C258E01EAA3234DD55B89.d.FD7563DB6F02BC274137D71B0348344F.e.2721/click - {}
RESULT: {}
COMMAND: GET /session/e7d3dbf776b8e457be14300e2a759e7d/screenshot - {}
RESULT: {}
COMMAND: POST /session/e7d3dbf776b8e457be14300e2a759e7d/element - {"using":"xpath","value":"(//span[contains(@id, \"-application-manageresources-display-component---newResourceUnit--RUTimeSegment-0-arrow\")])[2]"}
RESULT: {"using":"xpath","value":"(//span[contains(@id, \"-application-manageresources-display-component---newResourceUnit--RUTimeSegment-0-arrow\")])[2]"}
COMMAND: POST /session/e7d3dbf776b8e457be14300e2a759e7d/element/f.A3F04CE5D85C258E01EAA3234DD55B89.d.FD7563DB6F02BC274137D71B0348344F.e.2722/click - {}
RESULT: {}
COMMAND: POST /session/e7d3dbf776b8e457be14300e2a759e7d/element - {"using":"xpath","value":"//span[contains(text(), \"PM Order\")]"}
COMMAND: GET /session/e7d3dbf776b8e457be14300e2a759e7d/screenshot - {}
RESULT: {"using":"xpath","value":"//span[contains(text(), \"PM Order\")]"}
COMMAND: POST /session/e7d3dbf776b8e457be14300e2a759e7d/element/f.A3F04CE5D85C258E01EAA3234DD55B89.d.FD7563DB6F02BC274137D71B0348344F.e.2723/click - {}
RESULT: {}
RESULT: {}
COMMAND: GET /session/e7d3dbf776b8e457be14300e2a759e7d/screenshot - {}
RESULT: {}
COMMAND: POST /session/e7d3dbf776b8e457be14300e2a759e7d/element - {"using":"xpath","value":"//td/div/div/div/span[contains(@id, \"newResourceUnit--RUTimeSegment-0-vhi\")][1]"}
RESULT: {"using":"xpath","value":"//td/div/div/div/span[contains(@id, \"newResourceUnit--RUTimeSegment-0-vhi\")][1]"}
COMMAND: GET /session/e7d3dbf776b8e457be14300e2a759e7d/element/f.A3F04CE5D85C258E01EAA3234DD55B89.d.FD7563DB6F02BC274137D71B0348344F.e.2727/rect - {}
RESULT: {}
COMMAND: GET /session/e7d3dbf776b8e457be14300e2a759e7d/window/rect - {}
RESULT: {}
COMMAND: POST /session/e7d3dbf776b8e457be14300e2a759e7d/execute/sync - {"script":"<script> [92 bytes]","args":[]}
RESULT: {"script":"<script> [92 bytes]","args":[]}
COMMAND: POST /session/e7d3dbf776b8e457be14300e2a759e7d/actions - {"actions":[{"id":"action7","type":"wheel","parameters":{},"actions":[{"type":"scroll","x":-1888,"y":-24,"deltaX":0,"deltaY":0,"duration":0,"origin":{"element-6066-11e4-a52e-4f735466cecf":"f.A3F04CE5D85C258E01EAA3234DD55B89.d.FD7563DB6F02BC274137D71B0348344F.e.2727"}}]}]}
COMMAND: GET /session/e7d3dbf776b8e457be14300e2a759e7d/screenshot - {}
RESULT: {}
COMMAND: POST /session/e7d3dbf776b8e457be14300e2a759e7d/execute/sync - {"script":"<script> [79 bytes]","args":[{"element-6066-11e4-a52e-4f735466cecf":"f.A3F04CE5D85C258E01EAA3234DD55B89.d.FD7563DB6F02BC274137D71B0348344F.e.2727","ELEMENT":"f.A3F04CE5D85C258E01EAA3234DD55B89.d.FD7563DB6F02BC274137D71B0348344F.e.2727"},{"block":"start","inline":"nearest"}]}
RESULT: {"script":"<script> [79 bytes]","args":[{"element-6066-11e4-a52e-4f735466cecf":"f.A3F04CE5D85C258E01EAA3234DD55B89.d.FD7563DB6F02BC274137D71B0348344F.e.2727","ELEMENT":"f.A3F04CE5D85C258E01EAA3234DD55B89.d.FD7563DB6F02BC274137D71B0348344F.e.2727"},{"block":"start","inline":"nearest"}]}
COMMAND: GET /session/e7d3dbf776b8e457be14300e2a759e7d/screenshot - {}
RESULT: {}
COMMAND: POST /session/e7d3dbf776b8e457be14300e2a759e7d/element/f.A3F04CE5D85C258E01EAA3234DD55B89.d.FD7563DB6F02BC274137D71B0348344F.e.2727/click - {}
RESULT: {}
COMMAND: GET /session/e7d3dbf776b8e457be14300e2a759e7d/screenshot - {}
RESULT: {}
RESULT: undefined
COMMAND: POST /session/e7d3dbf776b8e457be14300e2a759e7d/execute/async - {"script":"<script> [776 bytes]","args":[{"enterText":"4000360","selector":{"controlType":"sap.m.SearchField","properties":{"placeholder":"Search"},"searchOpenDialogs":true,"interaction":{"idSuffix":"I"}},"clearTextFirst":true,"interactionType":"ENTER_TEXT"}]}
RESULT: {"script":"<script> [776 bytes]","args":[{"enterText":"4000360","selector":{"controlType":"sap.m.SearchField","properties":{"placeholder":"Search"},"searchOpenDialogs":true,"interaction":{"idSuffix":"I"}},"clearTextFirst":true,"interactionType":"ENTER_TEXT"}]}
COMMAND: POST /session/e7d3dbf776b8e457be14300e2a759e7d/actions - {"actions":[{"id":"action8","type":"key","parameters":{},"actions":[{"type":"keyDown","value":""},{"type":"pause","duration":10},{"type":"keyUp","value":""}]}]}
RESULT: {"actions":[{"id":"action8","type":"key","parameters":{},"actions":[{"type":"keyDown","value":""},{"type":"pause","duration":10},{"type":"keyUp","value":""}]}]}
COMMAND: GET /session/e7d3dbf776b8e457be14300e2a759e7d/screenshot - {}
RESULT: {}
COMMAND: POST /session/e7d3dbf776b8e457be14300e2a759e7d/element - {"using":"xpath","value":"//td/div/span[contains(text(), \"BGL Vehicles\")]"}
RESULT: {"using":"xpath","value":"//td/div/span[contains(text(), \"BGL Vehicles\")]"}
COMMAND: POST /session/e7d3dbf776b8e457be14300e2a759e7d/element/f.A3F04CE5D85C258E01EAA3234DD55B89.d.FD7563DB6F02BC274137D71B0348344F.e.2747/click - {}
RESULT: {}
COMMAND: GET /session/e7d3dbf776b8e457be14300e2a759e7d/screenshot - {}
RESULT: {}
COMMAND: POST /session/e7d3dbf776b8e457be14300e2a759e7d/element - {"using":"xpath","value":"//bdi[contains(text(), \"OK\")]"}
RESULT: {"using":"xpath","value":"//bdi[contains(text(), \"OK\")]"}
COMMAND: POST /session/e7d3dbf776b8e457be14300e2a759e7d/element/f.A3F04CE5D85C258E01EAA3234DD55B89.d.FD7563DB6F02BC274137D71B0348344F.e.2748/click - {}
RESULT: {}
COMMAND: GET /session/e7d3dbf776b8e457be14300e2a759e7d/screenshot - {}
RESULT: {}
COMMAND: POST /session/e7d3dbf776b8e457be14300e2a759e7d/element - {"using":"xpath","value":"//label[contains(@class, 'sapMLabelRequired') and .//bdi[contains(text(), 'Planned Retirement')]]"}
RESULT: {"using":"xpath","value":"//label[contains(@class, 'sapMLabelRequired') and .//bdi[contains(text(), 'Planned Retirement')]]"}
COMMAND: POST /session/e7d3dbf776b8e457be14300e2a759e7d/elements - {"using":"xpath","value":"//label[contains(@class, 'sapMLabelRequired') and .//bdi[contains(text(), 'Planned Retirement')]]"}
RESULT: {"using":"xpath","value":"//label[contains(@class, 'sapMLabelRequired') and .//bdi[contains(text(), 'Planned Retirement')]]"}
COMMAND: POST /session/e7d3dbf776b8e457be14300e2a759e7d/element - {"using":"xpath","value":"//button[@data-kt=\"resourceUnitSaveButton\"]"}
RESULT: {"using":"xpath","value":"//button[@data-kt=\"resourceUnitSaveButton\"]"}
COMMAND: POST /session/e7d3dbf776b8e457be14300e2a759e7d/element/f.A3F04CE5D85C258E01EAA3234DD55B89.d.FD7563DB6F02BC274137D71B0348344F.e.2587/click - {}
RESULT: {}
COMMAND: GET /session/e7d3dbf776b8e457be14300e2a759e7d/screenshot - {}
RESULT: {}
COMMAND: POST /session/e7d3dbf776b8e457be14300e2a759e7d/element - {"using":"xpath","value":"//bdi[contains(text(), \"Close\")]"}
RESULT: {"using":"xpath","value":"//bdi[contains(text(), \"Close\")]"}
COMMAND: POST /session/e7d3dbf776b8e457be14300e2a759e7d/element/f.A3F04CE5D85C258E01EAA3234DD55B89.d.FD7563DB6F02BC274137D71B0348344F.e.2754/click - {}
RESULT: {}
COMMAND: GET /session/e7d3dbf776b8e457be14300e2a759e7d/screenshot - {}
RESULT: {}
COMMAND: POST /session/e7d3dbf776b8e457be14300e2a759e7d/element - {"using":"xpath","value":"//header[contains(@id, 'detailRruPage-headerTitle')]/div[1]/div[2]/div[2]/span[1]"}
RESULT: {"using":"xpath","value":"//header[contains(@id, 'detailRruPage-headerTitle')]/div[1]/div[2]/div[2]/span[1]"}
COMMAND: POST /session/e7d3dbf776b8e457be14300e2a759e7d/elements - {"using":"xpath","value":"//header[contains(@id, 'detailRruPage-headerTitle')]/div[1]/div[2]/div[2]/span[1]"}
RESULT: {"using":"xpath","value":"//header[contains(@id, 'detailRruPage-headerTitle')]/div[1]/div[2]/div[2]/span[1]"}
COMMAND: POST /session/e7d3dbf776b8e457be14300e2a759e7d/execute/sync - {"script":"<script> [56 bytes]","args":[{"element-6066-11e4-a52e-4f735466cecf":"f.A3F04CE5D85C258E01EAA3234DD55B89.d.FD7563DB6F02BC274137D71B0348344F.e.2781","ELEMENT":"f.A3F04CE5D85C258E01EAA3234DD55B89.d.FD7563DB6F02BC274137D71B0348344F.e.2781"}]}
RESULT: {"script":"<script> [56 bytes]","args":[{"element-6066-11e4-a52e-4f735466cecf":"f.A3F04CE5D85C258E01EAA3234DD55B89.d.FD7563DB6F02BC274137D71B0348344F.e.2781","ELEMENT":"f.A3F04CE5D85C258E01EAA3234DD55B89.d.FD7563DB6F02BC274137D71B0348344F.e.2781"}]}
COMMAND: POST /session/e7d3dbf776b8e457be14300e2a759e7d/element - {"using":"css selector","value":"#shell-header-logo"}
COMMAND: GET /session/e7d3dbf776b8e457be14300e2a759e7d/screenshot - {}
RESULT: {"using":"css selector","value":"#shell-header-logo"}
COMMAND: POST /session/e7d3dbf776b8e457be14300e2a759e7d/element/f.A3F04CE5D85C258E01EAA3234DD55B89.d.FD7563DB6F02BC274137D71B0348344F.e.2373/click - {}
RESULT: {}
RESULT: {}
COMMAND: GET /session/e7d3dbf776b8e457be14300e2a759e7d/screenshot - {}
RESULT: {}
]]></system-out>
    </testcase>
    <testcase classname="chrome.136_0_7103_93.windows.Create_masterdata_for_Yard_Overview_-_trigger_provide_US130988" name="Should do a stock increase handover" time="86.283">
      <system-out><![CDATA[
COMMAND: POST /session/e7d3dbf776b8e457be14300e2a759e7d/execute/async - {"script":"<script> [1562 bytes]","args":[{"selector":{"controlType":"sap.m.GenericTile","properties":{"header":"Manage Handovers"}},"wdio_ui5_key":"sapm.GenericTile{\"header\":\"Manage Handovers\"}"}]}
RESULT: {"script":"<script> [1562 bytes]","args":[{"selector":{"controlType":"sap.m.GenericTile","properties":{"header":"Manage Handovers"}},"wdio_ui5_key":"sapm.GenericTile{\"header\":\"Manage Handovers\"}"}]}
RESULT: undefined
COMMAND: POST /session/e7d3dbf776b8e457be14300e2a759e7d/element - {"using":"xpath","value":"//*[@id=\"__tile132\"]"}
RESULT: {"using":"xpath","value":"//*[@id=\"__tile132\"]"}
COMMAND: POST /session/e7d3dbf776b8e457be14300e2a759e7d/element/f.A3F04CE5D85C258E01EAA3234DD55B89.d.FD7563DB6F02BC274137D71B0348344F.e.205/click - {}
RESULT: {}
COMMAND: GET /session/e7d3dbf776b8e457be14300e2a759e7d/screenshot - {}
RESULT: {}
COMMAND: POST /session/e7d3dbf776b8e457be14300e2a759e7d/elements - {"using":"xpath","value":"//span[text()='Error']"}
RESULT: {"using":"xpath","value":"//span[text()='Error']"}
COMMAND: POST /session/e7d3dbf776b8e457be14300e2a759e7d/element - {"using":"xpath","value":"//button[@data-kt=\"masterHOAddButton\"]"}
RESULT: {"using":"xpath","value":"//button[@data-kt=\"masterHOAddButton\"]"}
COMMAND: POST /session/e7d3dbf776b8e457be14300e2a759e7d/elements - {"using":"xpath","value":"//button[@data-kt=\"masterHOAddButton\"]"}
RESULT: {"using":"xpath","value":"//button[@data-kt=\"masterHOAddButton\"]"}
COMMAND: POST /session/e7d3dbf776b8e457be14300e2a759e7d/execute/sync - {"script":"<script> [8489 bytes]","args":[{"element-6066-11e4-a52e-4f735466cecf":"f.A3F04CE5D85C258E01EAA3234DD55B89.d.FD7563DB6F02BC274137D71B0348344F.e.2822","ELEMENT":"f.A3F04CE5D85C258E01EAA3234DD55B89.d.FD7563DB6F02BC274137D71B0348344F.e.2822"}]}
RESULT: {"script":"<script> [8489 bytes]","args":[{"element-6066-11e4-a52e-4f735466cecf":"f.A3F04CE5D85C258E01EAA3234DD55B89.d.FD7563DB6F02BC274137D71B0348344F.e.2822","ELEMENT":"f.A3F04CE5D85C258E01EAA3234DD55B89.d.FD7563DB6F02BC274137D71B0348344F.e.2822"}]}
COMMAND: GET /session/e7d3dbf776b8e457be14300e2a759e7d/element/f.A3F04CE5D85C258E01EAA3234DD55B89.d.FD7563DB6F02BC274137D71B0348344F.e.2822/enabled - {}
COMMAND: GET /session/e7d3dbf776b8e457be14300e2a759e7d/screenshot - {}
RESULT: {}
COMMAND: POST /session/e7d3dbf776b8e457be14300e2a759e7d/execute/sync - {"script":"<script> [8489 bytes]","args":[{"element-6066-11e4-a52e-4f735466cecf":"f.A3F04CE5D85C258E01EAA3234DD55B89.d.FD7563DB6F02BC274137D71B0348344F.e.2822","ELEMENT":"f.A3F04CE5D85C258E01EAA3234DD55B89.d.FD7563DB6F02BC274137D71B0348344F.e.2822"}]}
COMMAND: GET /session/e7d3dbf776b8e457be14300e2a759e7d/screenshot - {}
RESULT: {}
RESULT: {"script":"<script> [8489 bytes]","args":[{"element-6066-11e4-a52e-4f735466cecf":"f.A3F04CE5D85C258E01EAA3234DD55B89.d.FD7563DB6F02BC274137D71B0348344F.e.2822","ELEMENT":"f.A3F04CE5D85C258E01EAA3234DD55B89.d.FD7563DB6F02BC274137D71B0348344F.e.2822"}]}
COMMAND: POST /session/e7d3dbf776b8e457be14300e2a759e7d/execute/sync - {"script":"<script> [5351 bytes]","args":[{"element-6066-11e4-a52e-4f735466cecf":"f.A3F04CE5D85C258E01EAA3234DD55B89.d.FD7563DB6F02BC274137D71B0348344F.e.2822","ELEMENT":"f.A3F04CE5D85C258E01EAA3234DD55B89.d.FD7563DB6F02BC274137D71B0348344F.e.2822"}]}
COMMAND: GET /session/e7d3dbf776b8e457be14300e2a759e7d/screenshot - {}
RESULT: {}
RESULT: {"script":"<script> [5351 bytes]","args":[{"element-6066-11e4-a52e-4f735466cecf":"f.A3F04CE5D85C258E01EAA3234DD55B89.d.FD7563DB6F02BC274137D71B0348344F.e.2822","ELEMENT":"f.A3F04CE5D85C258E01EAA3234DD55B89.d.FD7563DB6F02BC274137D71B0348344F.e.2822"}]}
COMMAND: POST /session/e7d3dbf776b8e457be14300e2a759e7d/element/f.A3F04CE5D85C258E01EAA3234DD55B89.d.FD7563DB6F02BC274137D71B0348344F.e.2822/click - {}
COMMAND: GET /session/e7d3dbf776b8e457be14300e2a759e7d/screenshot - {}
RESULT: {}
RESULT: {}
COMMAND: GET /session/e7d3dbf776b8e457be14300e2a759e7d/screenshot - {}
RESULT: {}
COMMAND: POST /session/e7d3dbf776b8e457be14300e2a759e7d/element - {"using":"xpath","value":"//span[contains(@id ,\"AddNewHO--typeSelect-arrow\")]"}
RESULT: {}
RESULT: {"using":"xpath","value":"//span[contains(@id ,\"AddNewHO--typeSelect-arrow\")]"}
COMMAND: POST /session/e7d3dbf776b8e457be14300e2a759e7d/element/f.A3F04CE5D85C258E01EAA3234DD55B89.d.FD7563DB6F02BC274137D71B0348344F.e.3175/click - {}
RESULT: {}
COMMAND: GET /session/e7d3dbf776b8e457be14300e2a759e7d/screenshot - {}
RESULT: {}
COMMAND: POST /session/e7d3dbf776b8e457be14300e2a759e7d/element - {"using":"xpath","value":"(//li[contains(text(), \"stock increase yard\")])[1]"}
RESULT: {"using":"xpath","value":"(//li[contains(text(), \"stock increase yard\")])[1]"}
COMMAND: POST /session/e7d3dbf776b8e457be14300e2a759e7d/element/f.A3F04CE5D85C258E01EAA3234DD55B89.d.FD7563DB6F02BC274137D71B0348344F.e.3176/click - {}
RESULT: {}
COMMAND: GET /session/e7d3dbf776b8e457be14300e2a759e7d/screenshot - {}
RESULT: {}
COMMAND: POST /session/e7d3dbf776b8e457be14300e2a759e7d/execute/async - {"script":"<script> [1562 bytes]","args":[{"selector":{"id":"application-managehandovers-display-component---AddNewHO--dueDate","interaction":{"idSuffix":"inner"}},"wdio_ui5_key":"applicationmanagehandovers-display-component---AddNewHO--dueDate"}]}
RESULT: {"script":"<script> [1562 bytes]","args":[{"selector":{"id":"application-managehandovers-display-component---AddNewHO--dueDate","interaction":{"idSuffix":"inner"}},"wdio_ui5_key":"applicationmanagehandovers-display-component---AddNewHO--dueDate"}]}
RESULT: undefined
COMMAND: POST /session/e7d3dbf776b8e457be14300e2a759e7d/execute/async - {"script":"<script> [6424 bytes]","args":[{"element-6066-11e4-a52e-4f735466cecf":"f.A3F04CE5D85C258E01EAA3234DD55B89.d.FD7563DB6F02BC274137D71B0348344F.e.3178"},"setValue",["5/29/25"]]}
RESULT: {"script":"<script> [6424 bytes]","args":[{"element-6066-11e4-a52e-4f735466cecf":"f.A3F04CE5D85C258E01EAA3234DD55B89.d.FD7563DB6F02BC274137D71B0348344F.e.3178"},"setValue",["5/29/25"]]}
COMMAND: POST /session/e7d3dbf776b8e457be14300e2a759e7d/element - {"using":"xpath","value":"//input[@id=\"generalSectionFrg--receiveYard-inner\"]"}
RESULT: {"using":"xpath","value":"//input[@id=\"generalSectionFrg--receiveYard-inner\"]"}
COMMAND: POST /session/e7d3dbf776b8e457be14300e2a759e7d/element/f.A3F04CE5D85C258E01EAA3234DD55B89.d.FD7563DB6F02BC274137D71B0348344F.e.3184/clear - {}
RESULT: {}
COMMAND: POST /session/e7d3dbf776b8e457be14300e2a759e7d/element/f.A3F04CE5D85C258E01EAA3234DD55B89.d.FD7563DB6F02BC274137D71B0348344F.e.3184/value - {"text":"459"}
COMMAND: GET /session/e7d3dbf776b8e457be14300e2a759e7d/screenshot - {}
RESULT: {"text":"459"}
COMMAND: GET /session/e7d3dbf776b8e457be14300e2a759e7d/screenshot - {}
RESULT: {}
RESULT: {}
COMMAND: POST /session/e7d3dbf776b8e457be14300e2a759e7d/element - {"using":"xpath","value":"//li[.//span[contains(text(),'459')]]"}
RESULT: {"using":"xpath","value":"//li[.//span[contains(text(),'459')]]"}
COMMAND: POST /session/e7d3dbf776b8e457be14300e2a759e7d/element/f.A3F04CE5D85C258E01EAA3234DD55B89.d.FD7563DB6F02BC274137D71B0348344F.e.3202/click - {}
RESULT: {}
COMMAND: GET /session/e7d3dbf776b8e457be14300e2a759e7d/screenshot - {}
RESULT: {}
COMMAND: POST /session/e7d3dbf776b8e457be14300e2a759e7d/execute/async - {"script":"<script> [1562 bytes]","args":[{"selector":{"id":"application-managehandovers-display-component---AddNewHO--ObjectPageLayout-anchBar-application-managehandovers-display-component---AddNewHO--section4-anchor","interaction":{"idSuffix":"BDI-content"}},"wdio_ui5_key":"applicationmanagehandovers-display-component---AddNewHO--ObjectPageLayout-anchBar-application-managehandovers-display-component---AddNewHO--section4-anchor"}]}
RESULT: {"script":"<script> [1562 bytes]","args":[{"selector":{"id":"application-managehandovers-display-component---AddNewHO--ObjectPageLayout-anchBar-application-managehandovers-display-component---AddNewHO--section4-anchor","interaction":{"idSuffix":"BDI-content"}},"wdio_ui5_key":"applicationmanagehandovers-display-component---AddNewHO--ObjectPageLayout-anchBar-application-managehandovers-display-component---AddNewHO--section4-anchor"}]}
RESULT: undefined
COMMAND: POST /session/e7d3dbf776b8e457be14300e2a759e7d/element - {"using":"xpath","value":"//*[@id=\"application-managehandovers-display-component---AddNewHO--ObjectPageLayout-anchBar-application-managehandovers-display-component---AddNewHO--section4-anchor\"]"}
RESULT: {"using":"xpath","value":"//*[@id=\"application-managehandovers-display-component---AddNewHO--ObjectPageLayout-anchBar-application-managehandovers-display-component---AddNewHO--section4-anchor\"]"}
COMMAND: POST /session/e7d3dbf776b8e457be14300e2a759e7d/element/f.A3F04CE5D85C258E01EAA3234DD55B89.d.FD7563DB6F02BC274137D71B0348344F.e.3204/click - {}
RESULT: {}
COMMAND: POST /session/e7d3dbf776b8e457be14300e2a759e7d/element - {"using":"xpath","value":"//button[@aria-label=\"Add\"]"}
COMMAND: GET /session/e7d3dbf776b8e457be14300e2a759e7d/screenshot - {}
RESULT: {"using":"xpath","value":"//button[@aria-label=\"Add\"]"}
COMMAND: POST /session/e7d3dbf776b8e457be14300e2a759e7d/element/f.A3F04CE5D85C258E01EAA3234DD55B89.d.FD7563DB6F02BC274137D71B0348344F.e.3208/click - {}
RESULT: {}
RESULT: {}
COMMAND: GET /session/e7d3dbf776b8e457be14300e2a759e7d/screenshot - {}
RESULT: {}
COMMAND: POST /session/e7d3dbf776b8e457be14300e2a759e7d/execute/async - {"script":"<script> [1562 bytes]","args":[{"selector":{"id":"application-managehandovers-display-component---AddNewHO--smartFilterBar-btnBasicSearch","searchOpenDialogs":true,"interaction":{"idSuffix":"I"}},"wdio_ui5_key":"applicationmanagehandovers-display-component---AddNewHO--smartFilterBar-btnBasicSearch"}]}
RESULT: {"script":"<script> [1562 bytes]","args":[{"selector":{"id":"application-managehandovers-display-component---AddNewHO--smartFilterBar-btnBasicSearch","searchOpenDialogs":true,"interaction":{"idSuffix":"I"}},"wdio_ui5_key":"applicationmanagehandovers-display-component---AddNewHO--smartFilterBar-btnBasicSearch"}]}
RESULT: undefined
COMMAND: POST /session/e7d3dbf776b8e457be14300e2a759e7d/execute/async - {"script":"<script> [776 bytes]","args":[{"enterText":"200247","selector":{"id":"application-managehandovers-display-component---AddNewHO--smartFilterBar-btnBasicSearch","searchOpenDialogs":true,"interaction":{"idSuffix":"I"}},"clearTextFirst":true,"interactionType":"ENTER_TEXT"}]}
RESULT: {"script":"<script> [776 bytes]","args":[{"enterText":"200247","selector":{"id":"application-managehandovers-display-component---AddNewHO--smartFilterBar-btnBasicSearch","searchOpenDialogs":true,"interaction":{"idSuffix":"I"}},"clearTextFirst":true,"interactionType":"ENTER_TEXT"}]}
COMMAND: POST /session/e7d3dbf776b8e457be14300e2a759e7d/actions - {"actions":[{"id":"action9","type":"key","parameters":{},"actions":[{"type":"keyDown","value":""},{"type":"pause","duration":10},{"type":"keyUp","value":""}]}]}
RESULT: {"actions":[{"id":"action9","type":"key","parameters":{},"actions":[{"type":"keyDown","value":""},{"type":"pause","duration":10},{"type":"keyUp","value":""}]}]}
COMMAND: GET /session/e7d3dbf776b8e457be14300e2a759e7d/screenshot - {}
RESULT: {}
COMMAND: POST /session/e7d3dbf776b8e457be14300e2a759e7d/execute/async - {"script":"<script> [1562 bytes]","args":[{"selector":{"id":"application-managehandovers-display-component---AddNewHO--popup-sa","searchOpenDialogs":true,"interaction":{"idSuffix":"CbBg"}},"wdio_ui5_key":"applicationmanagehandovers-display-component---AddNewHO--popup-sa"}]}
RESULT: {"script":"<script> [1562 bytes]","args":[{"selector":{"id":"application-managehandovers-display-component---AddNewHO--popup-sa","searchOpenDialogs":true,"interaction":{"idSuffix":"CbBg"}},"wdio_ui5_key":"applicationmanagehandovers-display-component---AddNewHO--popup-sa"}]}
RESULT: undefined
COMMAND: POST /session/e7d3dbf776b8e457be14300e2a759e7d/element - {"using":"xpath","value":"//*[@id=\"application-managehandovers-display-component---AddNewHO--popup-sa\"]"}
RESULT: {"using":"xpath","value":"//*[@id=\"application-managehandovers-display-component---AddNewHO--popup-sa\"]"}
COMMAND: POST /session/e7d3dbf776b8e457be14300e2a759e7d/element/f.A3F04CE5D85C258E01EAA3234DD55B89.d.FD7563DB6F02BC274137D71B0348344F.e.3362/click - {}
RESULT: {}
COMMAND: GET /session/e7d3dbf776b8e457be14300e2a759e7d/screenshot - {}
RESULT: {}
COMMAND: POST /session/e7d3dbf776b8e457be14300e2a759e7d/element - {"using":"xpath","value":"//bdi[contains(text(), \"Select\")]"}
RESULT: {"using":"xpath","value":"//bdi[contains(text(), \"Select\")]"}
COMMAND: POST /session/e7d3dbf776b8e457be14300e2a759e7d/element/f.A3F04CE5D85C258E01EAA3234DD55B89.d.FD7563DB6F02BC274137D71B0348344F.e.3363/click - {}
RESULT: {}
COMMAND: GET /session/e7d3dbf776b8e457be14300e2a759e7d/screenshot - {}
RESULT: {}
COMMAND: POST /session/e7d3dbf776b8e457be14300e2a759e7d/element - {"using":"xpath","value":"//button[@data-kt=\"AddNewHOSaveButton\"]"}
RESULT: {"using":"xpath","value":"//button[@data-kt=\"AddNewHOSaveButton\"]"}
COMMAND: POST /session/e7d3dbf776b8e457be14300e2a759e7d/element/f.A3F04CE5D85C258E01EAA3234DD55B89.d.FD7563DB6F02BC274137D71B0348344F.e.3367/click - {}
RESULT: {}
COMMAND: GET /session/e7d3dbf776b8e457be14300e2a759e7d/screenshot - {}
RESULT: {}
COMMAND: POST /session/e7d3dbf776b8e457be14300e2a759e7d/execute/async - {"script":"<script> [1562 bytes]","args":[{"selector":{"id":"receiptDatePicker","viewName":"etm.portal.ui.managehandovers.view.DetailExecuteHO","interaction":{"idSuffix":"inner"}},"wdio_ui5_key":"receiptDatePickeretmportal.ui.managehandovers.view.DetailExecuteHO"}]}
RESULT: {"script":"<script> [1562 bytes]","args":[{"selector":{"id":"receiptDatePicker","viewName":"etm.portal.ui.managehandovers.view.DetailExecuteHO","interaction":{"idSuffix":"inner"}},"wdio_ui5_key":"receiptDatePickeretmportal.ui.managehandovers.view.DetailExecuteHO"}]}
RESULT: undefined
COMMAND: POST /session/e7d3dbf776b8e457be14300e2a759e7d/execute/async - {"script":"<script> [6424 bytes]","args":[{"element-6066-11e4-a52e-4f735466cecf":"f.A3F04CE5D85C258E01EAA3234DD55B89.d.FD7563DB6F02BC274137D71B0348344F.e.3399"},"setValue",["5/29/25"]]}
RESULT: {"script":"<script> [6424 bytes]","args":[{"element-6066-11e4-a52e-4f735466cecf":"f.A3F04CE5D85C258E01EAA3234DD55B89.d.FD7563DB6F02BC274137D71B0348344F.e.3399"},"setValue",["5/29/25"]]}
COMMAND: POST /session/e7d3dbf776b8e457be14300e2a759e7d/element - {"using":"xpath","value":"//button[@data-kt=\"ReceivingTableConfirmAllButton\"]"}
RESULT: {"using":"xpath","value":"//button[@data-kt=\"ReceivingTableConfirmAllButton\"]"}
COMMAND: POST /session/e7d3dbf776b8e457be14300e2a759e7d/element/f.A3F04CE5D85C258E01EAA3234DD55B89.d.FD7563DB6F02BC274137D71B0348344F.e.3414/click - {}
RESULT: {}
COMMAND: GET /session/e7d3dbf776b8e457be14300e2a759e7d/screenshot - {}
RESULT: {}
COMMAND: POST /session/e7d3dbf776b8e457be14300e2a759e7d/element - {"using":"xpath","value":"//bdi[contains(text(), \"OK\")]"}
RESULT: {"using":"xpath","value":"//bdi[contains(text(), \"OK\")]"}
COMMAND: POST /session/e7d3dbf776b8e457be14300e2a759e7d/element/f.A3F04CE5D85C258E01EAA3234DD55B89.d.FD7563DB6F02BC274137D71B0348344F.e.3416/click - {}
RESULT: {}
COMMAND: GET /session/e7d3dbf776b8e457be14300e2a759e7d/screenshot - {}
RESULT: {}
COMMAND: POST /session/e7d3dbf776b8e457be14300e2a759e7d/element - {"using":"xpath","value":"(//bdi[contains(text(), \"Receive\")])[2]"}
RESULT: {"using":"xpath","value":"(//bdi[contains(text(), \"Receive\")])[2]"}
COMMAND: POST /session/e7d3dbf776b8e457be14300e2a759e7d/element/f.A3F04CE5D85C258E01EAA3234DD55B89.d.FD7563DB6F02BC274137D71B0348344F.e.3418/click - {}
RESULT: {}
COMMAND: GET /session/e7d3dbf776b8e457be14300e2a759e7d/screenshot - {}
RESULT: {}
COMMAND: POST /session/e7d3dbf776b8e457be14300e2a759e7d/element - {"using":"css selector","value":"#shell-header-logo"}
RESULT: {"using":"css selector","value":"#shell-header-logo"}
COMMAND: POST /session/e7d3dbf776b8e457be14300e2a759e7d/element/f.A3F04CE5D85C258E01EAA3234DD55B89.d.FD7563DB6F02BC274137D71B0348344F.e.2785/click - {}
RESULT: {}
COMMAND: GET /session/e7d3dbf776b8e457be14300e2a759e7d/screenshot - {}
RESULT: {}
]]></system-out>
    </testcase>
    <testcase classname="chrome.136_0_7103_93.windows.Create_masterdata_for_Yard_Overview_-_trigger_provide_US130988" name="Should create a new contract" time="59.111">
      <system-out><![CDATA[
COMMAND: POST /session/e7d3dbf776b8e457be14300e2a759e7d/execute/async - {"script":"<script> [1562 bytes]","args":[{"selector":{"controlType":"sap.m.GenericTile","properties":{"header":"Manage Contracts"}},"wdio_ui5_key":"sapm.GenericTile{\"header\":\"Manage Contracts\"}"}]}
RESULT: {"script":"<script> [1562 bytes]","args":[{"selector":{"controlType":"sap.m.GenericTile","properties":{"header":"Manage Contracts"}},"wdio_ui5_key":"sapm.GenericTile{\"header\":\"Manage Contracts\"}"}]}
RESULT: undefined
COMMAND: POST /session/e7d3dbf776b8e457be14300e2a759e7d/element - {"using":"xpath","value":"//*[@id=\"__tile131\"]"}
RESULT: {"using":"xpath","value":"//*[@id=\"__tile131\"]"}
COMMAND: POST /session/e7d3dbf776b8e457be14300e2a759e7d/element/f.A3F04CE5D85C258E01EAA3234DD55B89.d.FD7563DB6F02BC274137D71B0348344F.e.138/click - {}
RESULT: {}
COMMAND: GET /session/e7d3dbf776b8e457be14300e2a759e7d/screenshot - {}
RESULT: {}
COMMAND: POST /session/e7d3dbf776b8e457be14300e2a759e7d/elements - {"using":"xpath","value":"//span[text()='Error']"}
RESULT: {"using":"xpath","value":"//span[text()='Error']"}
COMMAND: POST /session/e7d3dbf776b8e457be14300e2a759e7d/element - {"using":"xpath","value":"//button[@data-kt=\"addButton\"]"}
RESULT: {"using":"xpath","value":"//button[@data-kt=\"addButton\"]"}
COMMAND: POST /session/e7d3dbf776b8e457be14300e2a759e7d/elements - {"using":"xpath","value":"//button[@data-kt=\"addButton\"]"}
RESULT: {"using":"xpath","value":"//button[@data-kt=\"addButton\"]"}
COMMAND: POST /session/e7d3dbf776b8e457be14300e2a759e7d/execute/sync - {"script":"<script> [8489 bytes]","args":[{"element-6066-11e4-a52e-4f735466cecf":"f.A3F04CE5D85C258E01EAA3234DD55B89.d.FD7563DB6F02BC274137D71B0348344F.e.3641","ELEMENT":"f.A3F04CE5D85C258E01EAA3234DD55B89.d.FD7563DB6F02BC274137D71B0348344F.e.3641"}]}
RESULT: {"script":"<script> [8489 bytes]","args":[{"element-6066-11e4-a52e-4f735466cecf":"f.A3F04CE5D85C258E01EAA3234DD55B89.d.FD7563DB6F02BC274137D71B0348344F.e.3641","ELEMENT":"f.A3F04CE5D85C258E01EAA3234DD55B89.d.FD7563DB6F02BC274137D71B0348344F.e.3641"}]}
COMMAND: GET /session/e7d3dbf776b8e457be14300e2a759e7d/element/f.A3F04CE5D85C258E01EAA3234DD55B89.d.FD7563DB6F02BC274137D71B0348344F.e.3641/enabled - {}
COMMAND: GET /session/e7d3dbf776b8e457be14300e2a759e7d/screenshot - {}
RESULT: {}
COMMAND: POST /session/e7d3dbf776b8e457be14300e2a759e7d/execute/sync - {"script":"<script> [8489 bytes]","args":[{"element-6066-11e4-a52e-4f735466cecf":"f.A3F04CE5D85C258E01EAA3234DD55B89.d.FD7563DB6F02BC274137D71B0348344F.e.3641","ELEMENT":"f.A3F04CE5D85C258E01EAA3234DD55B89.d.FD7563DB6F02BC274137D71B0348344F.e.3641"}]}
COMMAND: GET /session/e7d3dbf776b8e457be14300e2a759e7d/screenshot - {}
RESULT: {}
RESULT: {"script":"<script> [8489 bytes]","args":[{"element-6066-11e4-a52e-4f735466cecf":"f.A3F04CE5D85C258E01EAA3234DD55B89.d.FD7563DB6F02BC274137D71B0348344F.e.3641","ELEMENT":"f.A3F04CE5D85C258E01EAA3234DD55B89.d.FD7563DB6F02BC274137D71B0348344F.e.3641"}]}
COMMAND: POST /session/e7d3dbf776b8e457be14300e2a759e7d/execute/sync - {"script":"<script> [5351 bytes]","args":[{"element-6066-11e4-a52e-4f735466cecf":"f.A3F04CE5D85C258E01EAA3234DD55B89.d.FD7563DB6F02BC274137D71B0348344F.e.3641","ELEMENT":"f.A3F04CE5D85C258E01EAA3234DD55B89.d.FD7563DB6F02BC274137D71B0348344F.e.3641"}]}
COMMAND: GET /session/e7d3dbf776b8e457be14300e2a759e7d/screenshot - {}
RESULT: {}
RESULT: {"script":"<script> [5351 bytes]","args":[{"element-6066-11e4-a52e-4f735466cecf":"f.A3F04CE5D85C258E01EAA3234DD55B89.d.FD7563DB6F02BC274137D71B0348344F.e.3641","ELEMENT":"f.A3F04CE5D85C258E01EAA3234DD55B89.d.FD7563DB6F02BC274137D71B0348344F.e.3641"}]}
COMMAND: GET /session/e7d3dbf776b8e457be14300e2a759e7d/screenshot - {}
RESULT: {}
RESULT: {}
COMMAND: POST /session/e7d3dbf776b8e457be14300e2a759e7d/element/f.A3F04CE5D85C258E01EAA3234DD55B89.d.FD7563DB6F02BC274137D71B0348344F.e.3641/click - {}
RESULT: {}
COMMAND: GET /session/e7d3dbf776b8e457be14300e2a759e7d/screenshot - {}
COMMAND: POST /session/e7d3dbf776b8e457be14300e2a759e7d/execute/async - {"script":"<script> [1562 bytes]","args":[{"selector":{"id":"application-managecontracts-display-component---AddNewContract--projectDescription","interaction":{"idSuffix":"inner"}},"wdio_ui5_key":"applicationmanagecontracts-display-component---AddNewContract--projectDescription"}]}
RESULT: {}
RESULT: {"script":"<script> [1562 bytes]","args":[{"selector":{"id":"application-managecontracts-display-component---AddNewContract--projectDescription","interaction":{"idSuffix":"inner"}},"wdio_ui5_key":"applicationmanagecontracts-display-component---AddNewContract--projectDescription"}]}
RESULT: undefined
COMMAND: POST /session/e7d3dbf776b8e457be14300e2a759e7d/execute/async - {"script":"<script> [776 bytes]","args":[{"enterText":"Contract WDIO","selector":{"id":"application-managecontracts-display-component---AddNewContract--projectDescription","interaction":{"idSuffix":"inner"}},"clearTextFirst":true,"interactionType":"ENTER_TEXT"}]}
RESULT: {"script":"<script> [776 bytes]","args":[{"enterText":"Contract WDIO","selector":{"id":"application-managecontracts-display-component---AddNewContract--projectDescription","interaction":{"idSuffix":"inner"}},"clearTextFirst":true,"interactionType":"ENTER_TEXT"}]}
COMMAND: POST /session/e7d3dbf776b8e457be14300e2a759e7d/element - {"using":"xpath","value":"//input[@id=\"application-managecontracts-display-component---AddNewContract--site-inner\"]"}
RESULT: {"using":"xpath","value":"//input[@id=\"application-managecontracts-display-component---AddNewContract--site-inner\"]"}
COMMAND: POST /session/e7d3dbf776b8e457be14300e2a759e7d/element/f.A3F04CE5D85C258E01EAA3234DD55B89.d.FD7563DB6F02BC274137D71B0348344F.e.3958/clear - {}
RESULT: {}
COMMAND: POST /session/e7d3dbf776b8e457be14300e2a759e7d/element/f.A3F04CE5D85C258E01EAA3234DD55B89.d.FD7563DB6F02BC274137D71B0348344F.e.3958/value - {"text":"2233"}
COMMAND: GET /session/e7d3dbf776b8e457be14300e2a759e7d/screenshot - {}
RESULT: {"text":"2233"}
COMMAND: GET /session/e7d3dbf776b8e457be14300e2a759e7d/screenshot - {}
RESULT: {}
RESULT: {}
COMMAND: POST /session/e7d3dbf776b8e457be14300e2a759e7d/element - {"using":"xpath","value":"//li[.//span[text()='2233']]"}
RESULT: {"using":"xpath","value":"//li[.//span[text()='2233']]"}
COMMAND: POST /session/e7d3dbf776b8e457be14300e2a759e7d/element/f.A3F04CE5D85C258E01EAA3234DD55B89.d.FD7563DB6F02BC274137D71B0348344F.e.4041/click - {}
RESULT: {}
COMMAND: GET /session/e7d3dbf776b8e457be14300e2a759e7d/screenshot - {}
RESULT: {}
COMMAND: POST /session/e7d3dbf776b8e457be14300e2a759e7d/element - {"using":"xpath","value":"//input[@id=\"application-managecontracts-display-component---AddNewContract--yardId-inner\"]"}
RESULT: {"using":"xpath","value":"//input[@id=\"application-managecontracts-display-component---AddNewContract--yardId-inner\"]"}
COMMAND: GET /session/e7d3dbf776b8e457be14300e2a759e7d/element/f.A3F04CE5D85C258E01EAA3234DD55B89.d.FD7563DB6F02BC274137D71B0348344F.e.3959/property/value - {}
RESULT: {}
COMMAND: POST /session/e7d3dbf776b8e457be14300e2a759e7d/element - {"using":"xpath","value":"//input[@id=\"application-managecontracts-display-component---AddNewContract--customerSelect-inner\"]"}
COMMAND: GET /session/e7d3dbf776b8e457be14300e2a759e7d/screenshot - {}
RESULT: {"using":"xpath","value":"//input[@id=\"application-managecontracts-display-component---AddNewContract--customerSelect-inner\"]"}
COMMAND: POST /session/e7d3dbf776b8e457be14300e2a759e7d/element/f.A3F04CE5D85C258E01EAA3234DD55B89.d.FD7563DB6F02BC274137D71B0348344F.e.3957/clear - {}
RESULT: {}
RESULT: {}
COMMAND: POST /session/e7d3dbf776b8e457be14300e2a759e7d/element/f.A3F04CE5D85C258E01EAA3234DD55B89.d.FD7563DB6F02BC274137D71B0348344F.e.3957/value - {"text":"1267"}
COMMAND: GET /session/e7d3dbf776b8e457be14300e2a759e7d/screenshot - {}
RESULT: {"text":"1267"}
COMMAND: GET /session/e7d3dbf776b8e457be14300e2a759e7d/screenshot - {}
RESULT: {}
RESULT: {}
COMMAND: POST /session/e7d3dbf776b8e457be14300e2a759e7d/element - {"using":"xpath","value":"//li[.//span[text()='1267']]"}
RESULT: {"using":"xpath","value":"//li[.//span[text()='1267']]"}
COMMAND: POST /session/e7d3dbf776b8e457be14300e2a759e7d/element/f.A3F04CE5D85C258E01EAA3234DD55B89.d.FD7563DB6F02BC274137D71B0348344F.e.4044/click - {}
RESULT: {}
COMMAND: GET /session/e7d3dbf776b8e457be14300e2a759e7d/screenshot - {}
RESULT: {}
COMMAND: POST /session/e7d3dbf776b8e457be14300e2a759e7d/element - {"using":"xpath","value":"//button[@data-kt=\"saveButton\"]"}
RESULT: {"using":"xpath","value":"//button[@data-kt=\"saveButton\"]"}
COMMAND: POST /session/e7d3dbf776b8e457be14300e2a759e7d/element/f.A3F04CE5D85C258E01EAA3234DD55B89.d.FD7563DB6F02BC274137D71B0348344F.e.4034/click - {}
RESULT: {}
COMMAND: GET /session/e7d3dbf776b8e457be14300e2a759e7d/screenshot - {}
RESULT: {}
COMMAND: POST /session/e7d3dbf776b8e457be14300e2a759e7d/element - {"using":"xpath","value":"//span[contains(@id ,\"contractDetailTitleNoExpanded\")]"}
RESULT: {"using":"xpath","value":"//span[contains(@id ,\"contractDetailTitleNoExpanded\")]"}
COMMAND: POST /session/e7d3dbf776b8e457be14300e2a759e7d/elements - {"using":"xpath","value":"//span[contains(@id ,\"contractDetailTitleNoExpanded\")]"}
RESULT: {"using":"xpath","value":"//span[contains(@id ,\"contractDetailTitleNoExpanded\")]"}
COMMAND: POST /session/e7d3dbf776b8e457be14300e2a759e7d/execute/sync - {"script":"<script> [56 bytes]","args":[{"element-6066-11e4-a52e-4f735466cecf":"f.A3F04CE5D85C258E01EAA3234DD55B89.d.FD7563DB6F02BC274137D71B0348344F.e.4115","ELEMENT":"f.A3F04CE5D85C258E01EAA3234DD55B89.d.FD7563DB6F02BC274137D71B0348344F.e.4115"}]}
RESULT: {"script":"<script> [56 bytes]","args":[{"element-6066-11e4-a52e-4f735466cecf":"f.A3F04CE5D85C258E01EAA3234DD55B89.d.FD7563DB6F02BC274137D71B0348344F.e.4115","ELEMENT":"f.A3F04CE5D85C258E01EAA3234DD55B89.d.FD7563DB6F02BC274137D71B0348344F.e.4115"}]}
COMMAND: GET /session/e7d3dbf776b8e457be14300e2a759e7d/screenshot - {}
RESULT: {}
]]></system-out>
    </testcase>
    <testcase classname="chrome.136_0_7103_93.windows.Create_masterdata_for_Yard_Overview_-_trigger_provide_US130988" name="Should add created equipment to contract" time="63.994">
      <system-out><![CDATA[
COMMAND: POST /session/e7d3dbf776b8e457be14300e2a759e7d/element - {"using":"xpath","value":"//button[@data-kt=\"contractDetailEditBtnButton\"]"}
RESULT: {"using":"xpath","value":"//button[@data-kt=\"contractDetailEditBtnButton\"]"}
COMMAND: POST /session/e7d3dbf776b8e457be14300e2a759e7d/element/f.A3F04CE5D85C258E01EAA3234DD55B89.d.FD7563DB6F02BC274137D71B0348344F.e.4116/click - {}
RESULT: {}
COMMAND: GET /session/e7d3dbf776b8e457be14300e2a759e7d/screenshot - {}
RESULT: {}
COMMAND: POST /session/e7d3dbf776b8e457be14300e2a759e7d/element - {"using":"xpath","value":"(//span[contains(text(), \"Additional Addresses\")])[2]"}
RESULT: {"using":"xpath","value":"(//span[contains(text(), \"Additional Addresses\")])[2]"}
COMMAND: POST /session/e7d3dbf776b8e457be14300e2a759e7d/element/f.A3F04CE5D85C258E01EAA3234DD55B89.d.FD7563DB6F02BC274137D71B0348344F.e.4171/click - {}
RESULT: {}
COMMAND: GET /session/e7d3dbf776b8e457be14300e2a759e7d/screenshot - {}
RESULT: {}
COMMAND: POST /session/e7d3dbf776b8e457be14300e2a759e7d/element - {"using":"xpath","value":"//button[@data-kt=\"btnAddTableRowOverflowToolbarButton\"]"}
RESULT: {"using":"xpath","value":"//button[@data-kt=\"btnAddTableRowOverflowToolbarButton\"]"}
COMMAND: POST /session/e7d3dbf776b8e457be14300e2a759e7d/element/f.A3F04CE5D85C258E01EAA3234DD55B89.d.FD7563DB6F02BC274137D71B0348344F.e.4175/click - {}
RESULT: {}
COMMAND: GET /session/e7d3dbf776b8e457be14300e2a759e7d/screenshot - {}
RESULT: {}
COMMAND: POST /session/e7d3dbf776b8e457be14300e2a759e7d/element - {"using":"xpath","value":"//div[(text() = 'Standard Entry' or . = 'Standard Entry')]"}
RESULT: {"using":"xpath","value":"//div[(text() = 'Standard Entry' or . = 'Standard Entry')]"}
COMMAND: POST /session/e7d3dbf776b8e457be14300e2a759e7d/element/f.A3F04CE5D85C258E01EAA3234DD55B89.d.FD7563DB6F02BC274137D71B0348344F.e.4177/click - {}
RESULT: {}
COMMAND: GET /session/e7d3dbf776b8e457be14300e2a759e7d/screenshot - {}
RESULT: {}
COMMAND: POST /session/e7d3dbf776b8e457be14300e2a759e7d/element - {"using":"xpath","value":"//td[6]/div/div/div/span"}
RESULT: {"using":"xpath","value":"//td[6]/div/div/div/span"}
COMMAND: POST /session/e7d3dbf776b8e457be14300e2a759e7d/element/f.A3F04CE5D85C258E01EAA3234DD55B89.d.FD7563DB6F02BC274137D71B0348344F.e.4189/click - {}
RESULT: {}
COMMAND: GET /session/e7d3dbf776b8e457be14300e2a759e7d/screenshot - {}
RESULT: {}
COMMAND: POST /session/e7d3dbf776b8e457be14300e2a759e7d/element - {"using":"xpath","value":"(//span[contains(text(), \"Material\")])"}
RESULT: {"using":"xpath","value":"(//span[contains(text(), \"Material\")])"}
COMMAND: POST /session/e7d3dbf776b8e457be14300e2a759e7d/element/f.A3F04CE5D85C258E01EAA3234DD55B89.d.FD7563DB6F02BC274137D71B0348344F.e.4190/click - {}
RESULT: {}
COMMAND: GET /session/e7d3dbf776b8e457be14300e2a759e7d/screenshot - {}
RESULT: {}
COMMAND: POST /session/e7d3dbf776b8e457be14300e2a759e7d/element - {"using":"xpath","value":"//td[7]/div/div/input"}
RESULT: {"using":"xpath","value":"//td[7]/div/div/input"}
COMMAND: POST /session/e7d3dbf776b8e457be14300e2a759e7d/element/f.A3F04CE5D85C258E01EAA3234DD55B89.d.FD7563DB6F02BC274137D71B0348344F.e.4194/clear - {}
RESULT: {}
COMMAND: POST /session/e7d3dbf776b8e457be14300e2a759e7d/element/f.A3F04CE5D85C258E01EAA3234DD55B89.d.FD7563DB6F02BC274137D71B0348344F.e.4194/value - {"text":"200247"}
COMMAND: GET /session/e7d3dbf776b8e457be14300e2a759e7d/screenshot - {}
RESULT: {"text":"200247"}
COMMAND: GET /session/e7d3dbf776b8e457be14300e2a759e7d/screenshot - {}
RESULT: {}
RESULT: {}
COMMAND: POST /session/e7d3dbf776b8e457be14300e2a759e7d/actions - {"actions":[{"id":"action10","type":"key","parameters":{},"actions":[{"type":"keyDown","value":""},{"type":"pause","duration":10},{"type":"keyUp","value":""}]}]}
RESULT: {"actions":[{"id":"action10","type":"key","parameters":{},"actions":[{"type":"keyDown","value":""},{"type":"pause","duration":10},{"type":"keyUp","value":""}]}]}
COMMAND: GET /session/e7d3dbf776b8e457be14300e2a759e7d/screenshot - {}
RESULT: {}
COMMAND: POST /session/e7d3dbf776b8e457be14300e2a759e7d/execute/sync - {"script":"<script> [276 bytes]","args":["No pricing information was found"]}
RESULT: {"script":"<script> [276 bytes]","args":["No pricing information was found"]}
COMMAND: POST /session/e7d3dbf776b8e457be14300e2a759e7d/element - {"using":"xpath","value":"//bdi[contains(text(), \"OK\")]"}
COMMAND: GET /session/e7d3dbf776b8e457be14300e2a759e7d/screenshot - {}
RESULT: {"using":"xpath","value":"//bdi[contains(text(), \"OK\")]"}
COMMAND: POST /session/e7d3dbf776b8e457be14300e2a759e7d/element/f.A3F04CE5D85C258E01EAA3234DD55B89.d.FD7563DB6F02BC274137D71B0348344F.e.4220/click - {}
RESULT: {}
RESULT: {}
COMMAND: GET /session/e7d3dbf776b8e457be14300e2a759e7d/screenshot - {}
RESULT: {}
COMMAND: POST /session/e7d3dbf776b8e457be14300e2a759e7d/element - {"using":"xpath","value":"(//button[@data-kt=\"saveButton\"])[2]"}
RESULT: {"using":"xpath","value":"(//button[@data-kt=\"saveButton\"])[2]"}
COMMAND: POST /session/e7d3dbf776b8e457be14300e2a759e7d/element/f.A3F04CE5D85C258E01EAA3234DD55B89.d.FD7563DB6F02BC274137D71B0348344F.e.4221/click - {}
RESULT: {}
COMMAND: GET /session/e7d3dbf776b8e457be14300e2a759e7d/screenshot - {}
RESULT: {}
COMMAND: POST /session/e7d3dbf776b8e457be14300e2a759e7d/execute/sync - {"script":"<script> [276 bytes]","args":["Some contract items are having rental validity exceeding header rental validity"]}
RESULT: {"script":"<script> [276 bytes]","args":["Some contract items are having rental validity exceeding header rental validity"]}
COMMAND: GET /session/e7d3dbf776b8e457be14300e2a759e7d/screenshot - {}
RESULT: {}
COMMAND: POST /session/e7d3dbf776b8e457be14300e2a759e7d/element - {"using":"xpath","value":"//span[contains(@id ,\"contractItemsSmartTable-header-inner\")]"}
RESULT: {"using":"xpath","value":"//span[contains(@id ,\"contractItemsSmartTable-header-inner\")]"}
COMMAND: POST /session/e7d3dbf776b8e457be14300e2a759e7d/elements - {"using":"xpath","value":"//span[contains(@id ,\"contractItemsSmartTable-header-inner\")]"}
RESULT: {"using":"xpath","value":"//span[contains(@id ,\"contractItemsSmartTable-header-inner\")]"}
COMMAND: POST /session/e7d3dbf776b8e457be14300e2a759e7d/execute/sync - {"script":"<script> [56 bytes]","args":[{"element-6066-11e4-a52e-4f735466cecf":"f.A3F04CE5D85C258E01EAA3234DD55B89.d.FD7563DB6F02BC274137D71B0348344F.e.4226","ELEMENT":"f.A3F04CE5D85C258E01EAA3234DD55B89.d.FD7563DB6F02BC274137D71B0348344F.e.4226"}]}
RESULT: {"script":"<script> [56 bytes]","args":[{"element-6066-11e4-a52e-4f735466cecf":"f.A3F04CE5D85C258E01EAA3234DD55B89.d.FD7563DB6F02BC274137D71B0348344F.e.4226","ELEMENT":"f.A3F04CE5D85C258E01EAA3234DD55B89.d.FD7563DB6F02BC274137D71B0348344F.e.4226"}]}
COMMAND: POST /session/e7d3dbf776b8e457be14300e2a759e7d/element - {"using":"css selector","value":"#shell-header-logo"}
COMMAND: GET /session/e7d3dbf776b8e457be14300e2a759e7d/screenshot - {}
RESULT: {"using":"css selector","value":"#shell-header-logo"}
COMMAND: POST /session/e7d3dbf776b8e457be14300e2a759e7d/element/f.A3F04CE5D85C258E01EAA3234DD55B89.d.FD7563DB6F02BC274137D71B0348344F.e.3593/click - {}
RESULT: {}
RESULT: {}
COMMAND: GET /session/e7d3dbf776b8e457be14300e2a759e7d/screenshot - {}
RESULT: {}
]]></system-out>
    </testcase>
    <testcase classname="chrome.136_0_7103_93.windows.Create_masterdata_for_Yard_Overview_-_trigger_provide_US130988" name="Navigate to Yard overview and provide the RU" time="148.312">
      <system-out><![CDATA[
COMMAND: POST /session/e7d3dbf776b8e457be14300e2a759e7d/execute/async - {"script":"<script> [1562 bytes]","args":[{"selector":{"controlType":"sap.m.GenericTile","properties":{"header":"Yard Overview"}},"wdio_ui5_key":"sapm.GenericTile{\"header\":\"Yard Overview\"}"}]}
RESULT: {"script":"<script> [1562 bytes]","args":[{"selector":{"controlType":"sap.m.GenericTile","properties":{"header":"Yard Overview"}},"wdio_ui5_key":"sapm.GenericTile{\"header\":\"Yard Overview\"}"}]}
RESULT: undefined
COMMAND: POST /session/e7d3dbf776b8e457be14300e2a759e7d/element - {"using":"xpath","value":"//*[@id=\"__tile102\"]"}
RESULT: {"using":"xpath","value":"//*[@id=\"__tile102\"]"}
COMMAND: POST /session/e7d3dbf776b8e457be14300e2a759e7d/element/f.A3F04CE5D85C258E01EAA3234DD55B89.d.FD7563DB6F02BC274137D71B0348344F.e.4228/click - {}
RESULT: {}
COMMAND: GET /session/e7d3dbf776b8e457be14300e2a759e7d/screenshot - {}
RESULT: {}
COMMAND: POST /session/e7d3dbf776b8e457be14300e2a759e7d/elements - {"using":"xpath","value":"//span[text()='Error']"}
RESULT: {"using":"xpath","value":"//span[text()='Error']"}
COMMAND: POST /session/e7d3dbf776b8e457be14300e2a759e7d/element - {"using":"xpath","value":"//input[contains(@id,\"smartFilterBar-btnBasicSearch-I\")]"}
RESULT: {"using":"xpath","value":"//input[contains(@id,\"smartFilterBar-btnBasicSearch-I\")]"}
COMMAND: POST /session/e7d3dbf776b8e457be14300e2a759e7d/elements - {"using":"xpath","value":"//input[contains(@id,\"smartFilterBar-btnBasicSearch-I\")]"}
RESULT: {"using":"xpath","value":"//input[contains(@id,\"smartFilterBar-btnBasicSearch-I\")]"}
COMMAND: POST /session/e7d3dbf776b8e457be14300e2a759e7d/execute/sync - {"script":"<script> [8489 bytes]","args":[{"element-6066-11e4-a52e-4f735466cecf":"f.A3F04CE5D85C258E01EAA3234DD55B89.d.FD7563DB6F02BC274137D71B0348344F.e.4235","ELEMENT":"f.A3F04CE5D85C258E01EAA3234DD55B89.d.FD7563DB6F02BC274137D71B0348344F.e.4235"}]}
RESULT: {"script":"<script> [8489 bytes]","args":[{"element-6066-11e4-a52e-4f735466cecf":"f.A3F04CE5D85C258E01EAA3234DD55B89.d.FD7563DB6F02BC274137D71B0348344F.e.4235","ELEMENT":"f.A3F04CE5D85C258E01EAA3234DD55B89.d.FD7563DB6F02BC274137D71B0348344F.e.4235"}]}
COMMAND: GET /session/e7d3dbf776b8e457be14300e2a759e7d/element/f.A3F04CE5D85C258E01EAA3234DD55B89.d.FD7563DB6F02BC274137D71B0348344F.e.4235/enabled - {}
COMMAND: GET /session/e7d3dbf776b8e457be14300e2a759e7d/screenshot - {}
RESULT: {}
COMMAND: POST /session/e7d3dbf776b8e457be14300e2a759e7d/execute/sync - {"script":"<script> [8489 bytes]","args":[{"element-6066-11e4-a52e-4f735466cecf":"f.A3F04CE5D85C258E01EAA3234DD55B89.d.FD7563DB6F02BC274137D71B0348344F.e.4235","ELEMENT":"f.A3F04CE5D85C258E01EAA3234DD55B89.d.FD7563DB6F02BC274137D71B0348344F.e.4235"}]}
COMMAND: GET /session/e7d3dbf776b8e457be14300e2a759e7d/screenshot - {}
RESULT: {}
RESULT: {"script":"<script> [8489 bytes]","args":[{"element-6066-11e4-a52e-4f735466cecf":"f.A3F04CE5D85C258E01EAA3234DD55B89.d.FD7563DB6F02BC274137D71B0348344F.e.4235","ELEMENT":"f.A3F04CE5D85C258E01EAA3234DD55B89.d.FD7563DB6F02BC274137D71B0348344F.e.4235"}]}
COMMAND: POST /session/e7d3dbf776b8e457be14300e2a759e7d/execute/sync - {"script":"<script> [5351 bytes]","args":[{"element-6066-11e4-a52e-4f735466cecf":"f.A3F04CE5D85C258E01EAA3234DD55B89.d.FD7563DB6F02BC274137D71B0348344F.e.4235","ELEMENT":"f.A3F04CE5D85C258E01EAA3234DD55B89.d.FD7563DB6F02BC274137D71B0348344F.e.4235"}]}
COMMAND: GET /session/e7d3dbf776b8e457be14300e2a759e7d/screenshot - {}
RESULT: {}
RESULT: {"script":"<script> [5351 bytes]","args":[{"element-6066-11e4-a52e-4f735466cecf":"f.A3F04CE5D85C258E01EAA3234DD55B89.d.FD7563DB6F02BC274137D71B0348344F.e.4235","ELEMENT":"f.A3F04CE5D85C258E01EAA3234DD55B89.d.FD7563DB6F02BC274137D71B0348344F.e.4235"}]}
COMMAND: GET /session/e7d3dbf776b8e457be14300e2a759e7d/screenshot - {}
RESULT: {}
RESULT: {}
COMMAND: POST /session/e7d3dbf776b8e457be14300e2a759e7d/element/f.A3F04CE5D85C258E01EAA3234DD55B89.d.FD7563DB6F02BC274137D71B0348344F.e.4235/clear - {}
RESULT: {}
COMMAND: POST /session/e7d3dbf776b8e457be14300e2a759e7d/element/f.A3F04CE5D85C258E01EAA3234DD55B89.d.FD7563DB6F02BC274137D71B0348344F.e.4235/value - {"text":"459"}
COMMAND: GET /session/e7d3dbf776b8e457be14300e2a759e7d/screenshot - {}
RESULT: {"text":"459"}
COMMAND: GET /session/e7d3dbf776b8e457be14300e2a759e7d/screenshot - {}
RESULT: {}
RESULT: {}
COMMAND: POST /session/e7d3dbf776b8e457be14300e2a759e7d/actions - {"actions":[{"id":"action11","type":"key","parameters":{},"actions":[{"type":"keyDown","value":""},{"type":"pause","duration":10},{"type":"keyUp","value":""}]}]}
RESULT: {"actions":[{"id":"action11","type":"key","parameters":{},"actions":[{"type":"keyDown","value":""},{"type":"pause","duration":10},{"type":"keyUp","value":""}]}]}
COMMAND: GET /session/e7d3dbf776b8e457be14300e2a759e7d/screenshot - {}
RESULT: {}
COMMAND: POST /session/e7d3dbf776b8e457be14300e2a759e7d/element - {"using":"xpath","value":"//span[contains(@id, \"smartTable-header-inner\")]"}
RESULT: {"using":"xpath","value":"//span[contains(@id, \"smartTable-header-inner\")]"}
COMMAND: POST /session/e7d3dbf776b8e457be14300e2a759e7d/elements - {"using":"xpath","value":"//span[contains(@id, \"smartTable-header-inner\")]"}
RESULT: {"using":"xpath","value":"//span[contains(@id, \"smartTable-header-inner\")]"}
COMMAND: POST /session/e7d3dbf776b8e457be14300e2a759e7d/execute/sync - {"script":"<script> [56 bytes]","args":[{"element-6066-11e4-a52e-4f735466cecf":"f.A3F04CE5D85C258E01EAA3234DD55B89.d.FD7563DB6F02BC274137D71B0348344F.e.4303","ELEMENT":"f.A3F04CE5D85C258E01EAA3234DD55B89.d.FD7563DB6F02BC274137D71B0348344F.e.4303"}]}
RESULT: {"script":"<script> [56 bytes]","args":[{"element-6066-11e4-a52e-4f735466cecf":"f.A3F04CE5D85C258E01EAA3234DD55B89.d.FD7563DB6F02BC274137D71B0348344F.e.4303","ELEMENT":"f.A3F04CE5D85C258E01EAA3234DD55B89.d.FD7563DB6F02BC274137D71B0348344F.e.4303"}]}
COMMAND: POST /session/e7d3dbf776b8e457be14300e2a759e7d/element - {"using":"xpath","value":"(//span[contains(@id, \"imgNav\")])[1]"}
COMMAND: GET /session/e7d3dbf776b8e457be14300e2a759e7d/screenshot - {}
RESULT: {"using":"xpath","value":"(//span[contains(@id, \"imgNav\")])[1]"}
COMMAND: POST /session/e7d3dbf776b8e457be14300e2a759e7d/element/f.A3F04CE5D85C258E01EAA3234DD55B89.d.FD7563DB6F02BC274137D71B0348344F.e.4302/click - {}
RESULT: {}
RESULT: {}
COMMAND: GET /session/e7d3dbf776b8e457be14300e2a759e7d/screenshot - {}
RESULT: {}
COMMAND: POST /session/e7d3dbf776b8e457be14300e2a759e7d/execute/async - {"script":"<script> [1562 bytes]","args":[{"selector":{"id":"application-yardoverview-display-component---detailYardInventory--openProvides-triggerAction-provideBtn","interaction":{"idSuffix":"BDI-content"}},"wdio_ui5_key":"applicationyardoverview-display-component---detailYardInventory--openProvides-triggerAction-provideBtn"}]}
RESULT: {"script":"<script> [1562 bytes]","args":[{"selector":{"id":"application-yardoverview-display-component---detailYardInventory--openProvides-triggerAction-provideBtn","interaction":{"idSuffix":"BDI-content"}},"wdio_ui5_key":"applicationyardoverview-display-component---detailYardInventory--openProvides-triggerAction-provideBtn"}]}
RESULT: undefined
COMMAND: POST /session/e7d3dbf776b8e457be14300e2a759e7d/element - {"using":"xpath","value":"//*[@id=\"application-yardoverview-display-component---detailYardInventory--openProvides-triggerAction-provideBtn\"]"}
RESULT: {"using":"xpath","value":"//*[@id=\"application-yardoverview-display-component---detailYardInventory--openProvides-triggerAction-provideBtn\"]"}
COMMAND: POST /session/e7d3dbf776b8e457be14300e2a759e7d/element/f.A3F04CE5D85C258E01EAA3234DD55B89.d.FD7563DB6F02BC274137D71B0348344F.e.4335/click - {}
RESULT: {}
COMMAND: GET /session/e7d3dbf776b8e457be14300e2a759e7d/screenshot - {}
RESULT: {}
COMMAND: POST /session/e7d3dbf776b8e457be14300e2a759e7d/execute/async - {"script":"<script> [1562 bytes]","args":[{"selector":{"controlType":"sap.m.CheckBox","viewName":"etm.portal.ui.yardoverview.view.Detail","viewId":"application-yardoverview-display-component---detailYardInventory","properties":{"editable":true},"ancestor":{"controlType":"sap.m.ColumnListItem","viewName":"etm.portal.ui.yardoverview.view.Detail","viewId":"application-yardoverview-display-component---detailYardInventory","bindingPath":{"path":"/SmartOpenRUYardInventory(CONTRACT='10370',ITEM=10m,SUB_ITEM=0m)"},"ancestor":{"id":"application-yardoverview-display-component---detailYardInventory--customProvidesTable"}},"interaction":{"idSuffix":"CbBg"}},"wdio_ui5_key":"etmportal.ui.yardoverview.view.Detailsap.m.CheckBox{\"editable\":true}{\"controlType\":\"sap.m.ColumnListItem\",\"viewName\":\"etm.portal.ui.yardoverview.view.Detail\",\"viewId\":\"application-yardoverview-display-component---detailYardInventory\",\"bindingPath\":{\"path\":\"/SmartOpenRUYardInventory(CONTRACT='10370',ITEM=10m,SUB_ITEM=0m)\"},\"ancestor\":{\"id\":\"application-yardoverview-display-component---detailYardInventory--customProvidesTable\"}}"}]}
RESULT: {"script":"<script> [1562 bytes]","args":[{"selector":{"controlType":"sap.m.CheckBox","viewName":"etm.portal.ui.yardoverview.view.Detail","viewId":"application-yardoverview-display-component---detailYardInventory","properties":{"editable":true},"ancestor":{"controlType":"sap.m.ColumnListItem","viewName":"etm.portal.ui.yardoverview.view.Detail","viewId":"application-yardoverview-display-component---detailYardInventory","bindingPath":{"path":"/SmartOpenRUYardInventory(CONTRACT='10370',ITEM=10m,SUB_ITEM=0m)"},"ancestor":{"id":"application-yardoverview-display-component---detailYardInventory--customProvidesTable"}},"interaction":{"idSuffix":"CbBg"}},"wdio_ui5_key":"etmportal.ui.yardoverview.view.Detailsap.m.CheckBox{\"editable\":true}{\"controlType\":\"sap.m.ColumnListItem\",\"viewName\":\"etm.portal.ui.yardoverview.view.Detail\",\"viewId\":\"application-yardoverview-display-component---detailYardInventory\",\"bindingPath\":{\"path\":\"/SmartOpenRUYardInventory(CONTRACT='10370',ITEM=10m,SUB_ITEM=0m)\"},\"ancestor\":{\"id\":\"application-yardoverview-display-component---detailYardInventory--customProvidesTable\"}}"}]}
RESULT: undefined
COMMAND: POST /session/e7d3dbf776b8e457be14300e2a759e7d/element - {"using":"xpath","value":"//*[@id=\"__item3078-__clone8512-selectMulti\"]"}
RESULT: {"using":"xpath","value":"//*[@id=\"__item3078-__clone8512-selectMulti\"]"}
COMMAND: POST /session/e7d3dbf776b8e457be14300e2a759e7d/element/f.A3F04CE5D85C258E01EAA3234DD55B89.d.FD7563DB6F02BC274137D71B0348344F.e.4418/click - {}
RESULT: {}
COMMAND: GET /session/e7d3dbf776b8e457be14300e2a759e7d/screenshot - {}
RESULT: {}
RESULT: undefined
COMMAND: POST /session/e7d3dbf776b8e457be14300e2a759e7d/element - {"using":"xpath","value":"//*[@id=\"application-yardoverview-display-component---detailYardInventory--openProvides-triggerAction-provideBtn\"]"}
RESULT: {"using":"xpath","value":"//*[@id=\"application-yardoverview-display-component---detailYardInventory--openProvides-triggerAction-provideBtn\"]"}
COMMAND: POST /session/e7d3dbf776b8e457be14300e2a759e7d/element/f.A3F04CE5D85C258E01EAA3234DD55B89.d.FD7563DB6F02BC274137D71B0348344F.e.4335/click - {}
RESULT: {}
COMMAND: GET /session/e7d3dbf776b8e457be14300e2a759e7d/screenshot - {}
RESULT: {}
COMMAND: POST /session/e7d3dbf776b8e457be14300e2a759e7d/actions - {"actions":[{"id":"action12","type":"key","parameters":{},"actions":[{"type":"keyDown","value":""},{"type":"pause","duration":10},{"type":"keyUp","value":""}]}]}
RESULT: {"actions":[{"id":"action12","type":"key","parameters":{},"actions":[{"type":"keyDown","value":""},{"type":"pause","duration":10},{"type":"keyUp","value":""}]}]}
COMMAND: GET /session/e7d3dbf776b8e457be14300e2a759e7d/screenshot - {}
RESULT: {}
COMMAND: POST /session/e7d3dbf776b8e457be14300e2a759e7d/execute/async - {"script":"<script> [1562 bytes]","args":[{"selector":{"id":"application-yardoverview-display-component---detailYardInventory--smartTableProvides-btnPersonalisation-img"},"wdio_ui5_key":"applicationyardoverview-display-component---detailYardInventory--smartTableProvides-btnPersonalisation-img"}]}
RESULT: {"script":"<script> [1562 bytes]","args":[{"selector":{"id":"application-yardoverview-display-component---detailYardInventory--smartTableProvides-btnPersonalisation-img"},"wdio_ui5_key":"applicationyardoverview-display-component---detailYardInventory--smartTableProvides-btnPersonalisation-img"}]}
RESULT: undefined
COMMAND: POST /session/e7d3dbf776b8e457be14300e2a759e7d/element - {"using":"xpath","value":"//*[@id=\"application-yardoverview-display-component---detailYardInventory--smartTableProvides-btnPersonalisation-img\"]"}
RESULT: {"using":"xpath","value":"//*[@id=\"application-yardoverview-display-component---detailYardInventory--smartTableProvides-btnPersonalisation-img\"]"}
COMMAND: POST /session/e7d3dbf776b8e457be14300e2a759e7d/element/f.A3F04CE5D85C258E01EAA3234DD55B89.d.FD7563DB6F02BC274137D71B0348344F.e.4347/click - {}
RESULT: {}
COMMAND: POST /session/e7d3dbf776b8e457be14300e2a759e7d/element - {"using":"xpath","value":"//input[contains(@id ,\"searchField-I\")]"}
COMMAND: GET /session/e7d3dbf776b8e457be14300e2a759e7d/screenshot - {}
RESULT: {"using":"xpath","value":"//input[contains(@id ,\"searchField-I\")]"}
COMMAND: POST /session/e7d3dbf776b8e457be14300e2a759e7d/element/f.A3F04CE5D85C258E01EAA3234DD55B89.d.FD7563DB6F02BC274137D71B0348344F.e.4436/clear - {}
RESULT: {}
RESULT: {}
COMMAND: POST /session/e7d3dbf776b8e457be14300e2a759e7d/element/f.A3F04CE5D85C258E01EAA3234DD55B89.d.FD7563DB6F02BC274137D71B0348344F.e.4436/value - {"text":"Handover Provided"}
COMMAND: GET /session/e7d3dbf776b8e457be14300e2a759e7d/screenshot - {}
RESULT: {"text":"Handover Provided"}
COMMAND: GET /session/e7d3dbf776b8e457be14300e2a759e7d/screenshot - {}
RESULT: {}
RESULT: {}
COMMAND: POST /session/e7d3dbf776b8e457be14300e2a759e7d/element - {"using":"xpath","value":"//div[contains(@id ,\"innerSelectionPanelTable-sa-CbBg\")]"}
RESULT: {"using":"xpath","value":"//div[contains(@id ,\"innerSelectionPanelTable-sa-CbBg\")]"}
COMMAND: POST /session/e7d3dbf776b8e457be14300e2a759e7d/element/f.A3F04CE5D85C258E01EAA3234DD55B89.d.FD7563DB6F02BC274137D71B0348344F.e.4465/click - {}
RESULT: {}
COMMAND: GET /session/e7d3dbf776b8e457be14300e2a759e7d/screenshot - {}
RESULT: {}
COMMAND: POST /session/e7d3dbf776b8e457be14300e2a759e7d/element - {"using":"xpath","value":"//bdi[contains(@id ,\"confirmBtn-BDI-content\")]"}
RESULT: {"using":"xpath","value":"//bdi[contains(@id ,\"confirmBtn-BDI-content\")]"}
COMMAND: POST /session/e7d3dbf776b8e457be14300e2a759e7d/element/f.A3F04CE5D85C258E01EAA3234DD55B89.d.FD7563DB6F02BC274137D71B0348344F.e.4466/click - {}
RESULT: {}
COMMAND: GET /session/e7d3dbf776b8e457be14300e2a759e7d/screenshot - {}
RESULT: {}
COMMAND: POST /session/e7d3dbf776b8e457be14300e2a759e7d/element - {"using":"xpath","value":"//a[contains(@data-kt ,\"OpenProvidesHandOverItemLink\")]"}
RESULT: {"using":"xpath","value":"//a[contains(@data-kt ,\"OpenProvidesHandOverItemLink\")]"}
COMMAND: POST /session/e7d3dbf776b8e457be14300e2a759e7d/element/f.A3F04CE5D85C258E01EAA3234DD55B89.d.FD7563DB6F02BC274137D71B0348344F.e.4472/click - {}
RESULT: {}
COMMAND: GET /session/e7d3dbf776b8e457be14300e2a759e7d/screenshot - {}
RESULT: {}
COMMAND: POST /session/e7d3dbf776b8e457be14300e2a759e7d/actions - {"actions":[{"id":"action13","type":"key","parameters":{},"actions":[{"type":"keyDown","value":""},{"type":"pause","duration":10},{"type":"keyUp","value":""}]}]}
RESULT: {"actions":[{"id":"action13","type":"key","parameters":{},"actions":[{"type":"keyDown","value":""},{"type":"pause","duration":10},{"type":"keyUp","value":""}]}]}
COMMAND: GET /session/e7d3dbf776b8e457be14300e2a759e7d/screenshot - {}
RESULT: {}
COMMAND: POST /session/e7d3dbf776b8e457be14300e2a759e7d/execute/async - {"script":"<script> [1562 bytes]","args":[{"selector":{"id":"issueDatePicker","viewName":"etm.portal.ui.managehandovers.view.DetailExecuteHO","interaction":{"idSuffix":"inner"}},"wdio_ui5_key":"issueDatePickeretmportal.ui.managehandovers.view.DetailExecuteHO"}]}
RESULT: {"script":"<script> [1562 bytes]","args":[{"selector":{"id":"issueDatePicker","viewName":"etm.portal.ui.managehandovers.view.DetailExecuteHO","interaction":{"idSuffix":"inner"}},"wdio_ui5_key":"issueDatePickeretmportal.ui.managehandovers.view.DetailExecuteHO"}]}
RESULT: undefined
COMMAND: POST /session/e7d3dbf776b8e457be14300e2a759e7d/execute/async - {"script":"<script> [776 bytes]","args":[{"enterText":"5/29/25","selector":{"id":"issueDatePicker","viewName":"etm.portal.ui.managehandovers.view.DetailExecuteHO","interaction":{"idSuffix":"inner"}},"clearTextFirst":true,"interactionType":"ENTER_TEXT"}]}
RESULT: {"script":"<script> [776 bytes]","args":[{"enterText":"5/29/25","selector":{"id":"issueDatePicker","viewName":"etm.portal.ui.managehandovers.view.DetailExecuteHO","interaction":{"idSuffix":"inner"}},"clearTextFirst":true,"interactionType":"ENTER_TEXT"}]}
COMMAND: POST /session/e7d3dbf776b8e457be14300e2a759e7d/element - {"using":"xpath","value":"//button[@data-kt=\"PickingTableConfirmAllButton\"]"}
RESULT: {"using":"xpath","value":"//button[@data-kt=\"PickingTableConfirmAllButton\"]"}
COMMAND: POST /session/e7d3dbf776b8e457be14300e2a759e7d/element/f.A3F04CE5D85C258E01EAA3234DD55B89.d.FD7563DB6F02BC274137D71B0348344F.e.4774/click - {}
RESULT: {}
COMMAND: GET /session/e7d3dbf776b8e457be14300e2a759e7d/screenshot - {}
RESULT: {}
COMMAND: POST /session/e7d3dbf776b8e457be14300e2a759e7d/element - {"using":"xpath","value":"//bdi[contains(text(), \"OK\")]"}
RESULT: {"using":"xpath","value":"//bdi[contains(text(), \"OK\")]"}
COMMAND: POST /session/e7d3dbf776b8e457be14300e2a759e7d/element/f.A3F04CE5D85C258E01EAA3234DD55B89.d.FD7563DB6F02BC274137D71B0348344F.e.4778/click - {}
RESULT: {}
COMMAND: GET /session/e7d3dbf776b8e457be14300e2a759e7d/screenshot - {}
RESULT: {}
COMMAND: POST /session/e7d3dbf776b8e457be14300e2a759e7d/element - {"using":"xpath","value":"//bdi[contains(text(), \"Issue\")]"}
RESULT: {"using":"xpath","value":"//bdi[contains(text(), \"Issue\")]"}
COMMAND: POST /session/e7d3dbf776b8e457be14300e2a759e7d/element/f.A3F04CE5D85C258E01EAA3234DD55B89.d.FD7563DB6F02BC274137D71B0348344F.e.4779/click - {}
RESULT: {}
COMMAND: GET /session/e7d3dbf776b8e457be14300e2a759e7d/screenshot - {}
RESULT: {}
COMMAND: POST /session/e7d3dbf776b8e457be14300e2a759e7d/element - {"using":"css selector","value":"#shell-header-logo"}
RESULT: {"using":"css selector","value":"#shell-header-logo"}
COMMAND: POST /session/e7d3dbf776b8e457be14300e2a759e7d/element/f.A3F04CE5D85C258E01EAA3234DD55B89.d.FD7563DB6F02BC274137D71B0348344F.e.4231/click - {}
RESULT: {}
COMMAND: GET /session/e7d3dbf776b8e457be14300e2a759e7d/screenshot - {}
RESULT: {}
RESULT: undefined
COMMAND: POST /session/e7d3dbf776b8e457be14300e2a759e7d/element - {"using":"xpath","value":"//*[@id=\"__tile131\"]"}
RESULT: {"using":"xpath","value":"//*[@id=\"__tile131\"]"}
COMMAND: POST /session/e7d3dbf776b8e457be14300e2a759e7d/element/f.A3F04CE5D85C258E01EAA3234DD55B89.d.FD7563DB6F02BC274137D71B0348344F.e.138/click - {}
RESULT: {}
COMMAND: GET /session/e7d3dbf776b8e457be14300e2a759e7d/screenshot - {}
RESULT: {}
COMMAND: POST /session/e7d3dbf776b8e457be14300e2a759e7d/elements - {"using":"xpath","value":"//span[text()='Error']"}
RESULT: {"using":"xpath","value":"//span[text()='Error']"}
COMMAND: POST /session/e7d3dbf776b8e457be14300e2a759e7d/element - {"using":"xpath","value":"//button[@data-kt=\"addButton\"]"}
RESULT: {"using":"xpath","value":"//button[@data-kt=\"addButton\"]"}
COMMAND: POST /session/e7d3dbf776b8e457be14300e2a759e7d/elements - {"using":"xpath","value":"//button[@data-kt=\"addButton\"]"}
RESULT: {"using":"xpath","value":"//button[@data-kt=\"addButton\"]"}
COMMAND: POST /session/e7d3dbf776b8e457be14300e2a759e7d/execute/sync - {"script":"<script> [8489 bytes]","args":[{"element-6066-11e4-a52e-4f735466cecf":"f.A3F04CE5D85C258E01EAA3234DD55B89.d.FD7563DB6F02BC274137D71B0348344F.e.4893","ELEMENT":"f.A3F04CE5D85C258E01EAA3234DD55B89.d.FD7563DB6F02BC274137D71B0348344F.e.4893"}]}
RESULT: {"script":"<script> [8489 bytes]","args":[{"element-6066-11e4-a52e-4f735466cecf":"f.A3F04CE5D85C258E01EAA3234DD55B89.d.FD7563DB6F02BC274137D71B0348344F.e.4893","ELEMENT":"f.A3F04CE5D85C258E01EAA3234DD55B89.d.FD7563DB6F02BC274137D71B0348344F.e.4893"}]}
COMMAND: GET /session/e7d3dbf776b8e457be14300e2a759e7d/element/f.A3F04CE5D85C258E01EAA3234DD55B89.d.FD7563DB6F02BC274137D71B0348344F.e.4893/enabled - {}
COMMAND: GET /session/e7d3dbf776b8e457be14300e2a759e7d/screenshot - {}
RESULT: {}
COMMAND: POST /session/e7d3dbf776b8e457be14300e2a759e7d/execute/sync - {"script":"<script> [8489 bytes]","args":[{"element-6066-11e4-a52e-4f735466cecf":"f.A3F04CE5D85C258E01EAA3234DD55B89.d.FD7563DB6F02BC274137D71B0348344F.e.4893","ELEMENT":"f.A3F04CE5D85C258E01EAA3234DD55B89.d.FD7563DB6F02BC274137D71B0348344F.e.4893"}]}
COMMAND: GET /session/e7d3dbf776b8e457be14300e2a759e7d/screenshot - {}
RESULT: {}
RESULT: {"script":"<script> [8489 bytes]","args":[{"element-6066-11e4-a52e-4f735466cecf":"f.A3F04CE5D85C258E01EAA3234DD55B89.d.FD7563DB6F02BC274137D71B0348344F.e.4893","ELEMENT":"f.A3F04CE5D85C258E01EAA3234DD55B89.d.FD7563DB6F02BC274137D71B0348344F.e.4893"}]}
COMMAND: POST /session/e7d3dbf776b8e457be14300e2a759e7d/execute/sync - {"script":"<script> [5351 bytes]","args":[{"element-6066-11e4-a52e-4f735466cecf":"f.A3F04CE5D85C258E01EAA3234DD55B89.d.FD7563DB6F02BC274137D71B0348344F.e.4893","ELEMENT":"f.A3F04CE5D85C258E01EAA3234DD55B89.d.FD7563DB6F02BC274137D71B0348344F.e.4893"}]}
COMMAND: GET /session/e7d3dbf776b8e457be14300e2a759e7d/screenshot - {}
RESULT: {}
RESULT: {"script":"<script> [5351 bytes]","args":[{"element-6066-11e4-a52e-4f735466cecf":"f.A3F04CE5D85C258E01EAA3234DD55B89.d.FD7563DB6F02BC274137D71B0348344F.e.4893","ELEMENT":"f.A3F04CE5D85C258E01EAA3234DD55B89.d.FD7563DB6F02BC274137D71B0348344F.e.4893"}]}
COMMAND: GET /session/e7d3dbf776b8e457be14300e2a759e7d/screenshot - {}
RESULT: {}
RESULT: {}
COMMAND: POST /session/e7d3dbf776b8e457be14300e2a759e7d/execute/async - {"script":"<script> [1562 bytes]","args":[{"selector":{"controlType":"sap.m.SearchField","viewName":"etm.portal.ui.managecontracts.view.Master","bindingPath":{"path":"","propertyPath":"/_BASIC_SEARCH_FIELD","modelName":"fi1t3rM0d31"},"interaction":{"idSuffix":"I"}},"wdio_ui5_key":"etmportal.ui.managecontracts.view.Mastersap.m.SearchField{\"path\":\"\",\"propertyPath\":\"/_BASIC_SEARCH_FIELD\",\"modelName\":\"fi1t3rM0d31\"}"}]}
RESULT: {"script":"<script> [1562 bytes]","args":[{"selector":{"controlType":"sap.m.SearchField","viewName":"etm.portal.ui.managecontracts.view.Master","bindingPath":{"path":"","propertyPath":"/_BASIC_SEARCH_FIELD","modelName":"fi1t3rM0d31"},"interaction":{"idSuffix":"I"}},"wdio_ui5_key":"etmportal.ui.managecontracts.view.Mastersap.m.SearchField{\"path\":\"\",\"propertyPath\":\"/_BASIC_SEARCH_FIELD\",\"modelName\":\"fi1t3rM0d31\"}"}]}
RESULT: undefined
COMMAND: POST /session/e7d3dbf776b8e457be14300e2a759e7d/execute/async - {"script":"<script> [776 bytes]","args":[{"enterText":"10370","selector":{"controlType":"sap.m.SearchField","viewName":"etm.portal.ui.managecontracts.view.Master","bindingPath":{"path":"","propertyPath":"/_BASIC_SEARCH_FIELD","modelName":"fi1t3rM0d31"},"interaction":{"idSuffix":"I"}},"clearTextFirst":true,"interactionType":"ENTER_TEXT"}]}
RESULT: {"script":"<script> [776 bytes]","args":[{"enterText":"10370","selector":{"controlType":"sap.m.SearchField","viewName":"etm.portal.ui.managecontracts.view.Master","bindingPath":{"path":"","propertyPath":"/_BASIC_SEARCH_FIELD","modelName":"fi1t3rM0d31"},"interaction":{"idSuffix":"I"}},"clearTextFirst":true,"interactionType":"ENTER_TEXT"}]}
COMMAND: POST /session/e7d3dbf776b8e457be14300e2a759e7d/actions - {"actions":[{"id":"action14","type":"key","parameters":{},"actions":[{"type":"keyDown","value":""},{"type":"pause","duration":10},{"type":"keyUp","value":""}]}]}
RESULT: {"actions":[{"id":"action14","type":"key","parameters":{},"actions":[{"type":"keyDown","value":""},{"type":"pause","duration":10},{"type":"keyUp","value":""}]}]}
COMMAND: GET /session/e7d3dbf776b8e457be14300e2a759e7d/screenshot - {}
RESULT: {}
COMMAND: POST /session/e7d3dbf776b8e457be14300e2a759e7d/element - {"using":"xpath","value":"//span[contains(@id, \"masterListContractsSmartTable-header-inner\")]"}
RESULT: {"using":"xpath","value":"//span[contains(@id, \"masterListContractsSmartTable-header-inner\")]"}
COMMAND: POST /session/e7d3dbf776b8e457be14300e2a759e7d/elements - {"using":"xpath","value":"//span[contains(@id, \"masterListContractsSmartTable-header-inner\")]"}
RESULT: {"using":"xpath","value":"//span[contains(@id, \"masterListContractsSmartTable-header-inner\")]"}
COMMAND: POST /session/e7d3dbf776b8e457be14300e2a759e7d/execute/sync - {"script":"<script> [56 bytes]","args":[{"element-6066-11e4-a52e-4f735466cecf":"f.A3F04CE5D85C258E01EAA3234DD55B89.d.FD7563DB6F02BC274137D71B0348344F.e.4955","ELEMENT":"f.A3F04CE5D85C258E01EAA3234DD55B89.d.FD7563DB6F02BC274137D71B0348344F.e.4955"}]}
RESULT: {"script":"<script> [56 bytes]","args":[{"element-6066-11e4-a52e-4f735466cecf":"f.A3F04CE5D85C258E01EAA3234DD55B89.d.FD7563DB6F02BC274137D71B0348344F.e.4955","ELEMENT":"f.A3F04CE5D85C258E01EAA3234DD55B89.d.FD7563DB6F02BC274137D71B0348344F.e.4955"}]}
COMMAND: POST /session/e7d3dbf776b8e457be14300e2a759e7d/element - {"using":"xpath","value":"(//span[contains(@id, \"imgNav\")])[1]"}
COMMAND: GET /session/e7d3dbf776b8e457be14300e2a759e7d/screenshot - {}
RESULT: {"using":"xpath","value":"(//span[contains(@id, \"imgNav\")])[1]"}
COMMAND: POST /session/e7d3dbf776b8e457be14300e2a759e7d/element/f.A3F04CE5D85C258E01EAA3234DD55B89.d.FD7563DB6F02BC274137D71B0348344F.e.4954/click - {}
RESULT: {}
RESULT: {}
COMMAND: GET /session/e7d3dbf776b8e457be14300e2a759e7d/screenshot - {}
RESULT: {}
COMMAND: POST /session/e7d3dbf776b8e457be14300e2a759e7d/element - {"using":"xpath","value":"//table[contains(@id, \"ProductsTable-listUl\")]/tbody/tr[1]/td[6]/div/span"}
RESULT: {"using":"xpath","value":"//table[contains(@id, \"ProductsTable-listUl\")]/tbody/tr[1]/td[6]/div/span"}
COMMAND: POST /session/e7d3dbf776b8e457be14300e2a759e7d/elements - {"using":"xpath","value":"//table[contains(@id, \"ProductsTable-listUl\")]/tbody/tr[1]/td[6]/div/span"}
RESULT: {"using":"xpath","value":"//table[contains(@id, \"ProductsTable-listUl\")]/tbody/tr[1]/td[6]/div/span"}
COMMAND: POST /session/e7d3dbf776b8e457be14300e2a759e7d/execute/sync - {"script":"<script> [56 bytes]","args":[{"element-6066-11e4-a52e-4f735466cecf":"f.A3F04CE5D85C258E01EAA3234DD55B89.d.FD7563DB6F02BC274137D71B0348344F.e.5117","ELEMENT":"f.A3F04CE5D85C258E01EAA3234DD55B89.d.FD7563DB6F02BC274137D71B0348344F.e.5117"}]}
RESULT: {"script":"<script> [56 bytes]","args":[{"element-6066-11e4-a52e-4f735466cecf":"f.A3F04CE5D85C258E01EAA3234DD55B89.d.FD7563DB6F02BC274137D71B0348344F.e.5117","ELEMENT":"f.A3F04CE5D85C258E01EAA3234DD55B89.d.FD7563DB6F02BC274137D71B0348344F.e.5117"}]}
COMMAND: POST /session/e7d3dbf776b8e457be14300e2a759e7d/element - {"using":"css selector","value":"#shell-header-logo"}
COMMAND: GET /session/e7d3dbf776b8e457be14300e2a759e7d/screenshot - {}
RESULT: {"using":"css selector","value":"#shell-header-logo"}
COMMAND: POST /session/e7d3dbf776b8e457be14300e2a759e7d/element/f.A3F04CE5D85C258E01EAA3234DD55B89.d.FD7563DB6F02BC274137D71B0348344F.e.4845/click - {}
RESULT: {}
RESULT: {}
COMMAND: GET /session/e7d3dbf776b8e457be14300e2a759e7d/screenshot - {}
RESULT: {}
COMMAND: POST /session/e7d3dbf776b8e457be14300e2a759e7d/element - {"using":"css selector","value":"#j_username"}
COMMAND: POST /session/e7d3dbf776b8e457be14300e2a759e7d/url - {"url":"https://qa-testing-00-live-etm-ui.cfapps.eu10-004.hana.ondemand.com/"}
RESULT: {"using":"css selector","value":"#j_username"}
COMMAND: POST /session/e7d3dbf776b8e457be14300e2a759e7d/element - {"using":"css selector","value":"#j_username"}
RESULT: {"url":"https://qa-testing-00-live-etm-ui.cfapps.eu10-004.hana.ondemand.com/"}
RESULT: undefined
COMMAND: GET /session/e7d3dbf776b8e457be14300e2a759e7d/screenshot - {}
RESULT: {"using":"css selector","value":"#j_username"}
COMMAND: POST /session/e7d3dbf776b8e457be14300e2a759e7d/element - {"using":"css selector","value":"#shell-header-logo"}
RESULT: {}
RESULT: {"using":"css selector","value":"#shell-header-logo"}
COMMAND: POST /session/e7d3dbf776b8e457be14300e2a759e7d/execute/sync - {"script":"<script> [8489 bytes]","args":[{"element-6066-11e4-a52e-4f735466cecf":"f.A3F04CE5D85C258E01EAA3234DD55B89.d.0B1B370CB1467EB0A715E6D49F5AF893.e.5127","ELEMENT":"f.A3F04CE5D85C258E01EAA3234DD55B89.d.0B1B370CB1467EB0A715E6D49F5AF893.e.5127"}]}
RESULT: {"script":"<script> [8489 bytes]","args":[{"element-6066-11e4-a52e-4f735466cecf":"f.A3F04CE5D85C258E01EAA3234DD55B89.d.0B1B370CB1467EB0A715E6D49F5AF893.e.5127","ELEMENT":"f.A3F04CE5D85C258E01EAA3234DD55B89.d.0B1B370CB1467EB0A715E6D49F5AF893.e.5127"}]}
COMMAND: POST /session/e7d3dbf776b8e457be14300e2a759e7d/element - {"using":"css selector","value":"#shell-header-logo"}
COMMAND: GET /session/e7d3dbf776b8e457be14300e2a759e7d/screenshot - {}
RESULT: {"using":"css selector","value":"#shell-header-logo"}
COMMAND: POST /session/e7d3dbf776b8e457be14300e2a759e7d/execute/sync - {"script":"<script> [8489 bytes]","args":[{"element-6066-11e4-a52e-4f735466cecf":"f.A3F04CE5D85C258E01EAA3234DD55B89.d.0B1B370CB1467EB0A715E6D49F5AF893.e.5127","ELEMENT":"f.A3F04CE5D85C258E01EAA3234DD55B89.d.0B1B370CB1467EB0A715E6D49F5AF893.e.5127"}]}
RESULT: {}
RESULT: {"script":"<script> [8489 bytes]","args":[{"element-6066-11e4-a52e-4f735466cecf":"f.A3F04CE5D85C258E01EAA3234DD55B89.d.0B1B370CB1467EB0A715E6D49F5AF893.e.5127","ELEMENT":"f.A3F04CE5D85C258E01EAA3234DD55B89.d.0B1B370CB1467EB0A715E6D49F5AF893.e.5127"}]}
COMMAND: POST /session/e7d3dbf776b8e457be14300e2a759e7d/execute/sync - {"script":"<script> [5351 bytes]","args":[{"element-6066-11e4-a52e-4f735466cecf":"f.A3F04CE5D85C258E01EAA3234DD55B89.d.0B1B370CB1467EB0A715E6D49F5AF893.e.5127","ELEMENT":"f.A3F04CE5D85C258E01EAA3234DD55B89.d.0B1B370CB1467EB0A715E6D49F5AF893.e.5127"}]}
COMMAND: GET /session/e7d3dbf776b8e457be14300e2a759e7d/screenshot - {}
RESULT: {"script":"<script> [5351 bytes]","args":[{"element-6066-11e4-a52e-4f735466cecf":"f.A3F04CE5D85C258E01EAA3234DD55B89.d.0B1B370CB1467EB0A715E6D49F5AF893.e.5127","ELEMENT":"f.A3F04CE5D85C258E01EAA3234DD55B89.d.0B1B370CB1467EB0A715E6D49F5AF893.e.5127"}]}
COMMAND: POST /session/e7d3dbf776b8e457be14300e2a759e7d/element - {"using":"css selector","value":"#shell-header-logo"}
COMMAND: GET /session/e7d3dbf776b8e457be14300e2a759e7d/screenshot - {}
RESULT: {}
RESULT: {"using":"css selector","value":"#shell-header-logo"}
COMMAND: POST /session/e7d3dbf776b8e457be14300e2a759e7d/element/f.A3F04CE5D85C258E01EAA3234DD55B89.d.0B1B370CB1467EB0A715E6D49F5AF893.e.5127/click - {}
RESULT: {}
RESULT: {}
COMMAND: GET /session/e7d3dbf776b8e457be14300e2a759e7d/screenshot - {}
RESULT: {}
COMMAND: POST /session/e7d3dbf776b8e457be14300e2a759e7d/execute/async - {"script":"<script> [189 bytes]","args":[]}
RESULT: {"script":"<script> [189 bytes]","args":[]}
COMMAND: POST /session/e7d3dbf776b8e457be14300e2a759e7d/execute/async - {"script":"<script> [123 bytes]","args":[]}
RESULT: {"script":"<script> [123 bytes]","args":[]}
COMMAND: POST /session/e7d3dbf776b8e457be14300e2a759e7d/timeouts - {"script":"<number>"}
RESULT: {"script":"<number>"}
COMMAND: GET /session/e7d3dbf776b8e457be14300e2a759e7d/timeouts - {}
RESULT: {}
RESULT: undefined
COMMAND: POST /session/e7d3dbf776b8e457be14300e2a759e7d/execute/async - {"script":"<script> [2676 bytes]","args":[]}
RESULT: {"script":"<script> [2676 bytes]","args":[]}
COMMAND: POST /session/e7d3dbf776b8e457be14300e2a759e7d/execute/async - {"script":"<script> [2342 bytes]","args":[{"protocol":"http","hostname":"0.0.0.0","path":"/","capabilities":{"browserName":"chrome","goog:chromeOptions":{"binary":"C:\\Program Files\\Google\\Chrome\\Application\\chrome.exe","args":["--start-maximized"]}},"logLevel":"warn","connectionRetryTimeout":120000,"connectionRetryCount":3,"logLevels":{},"enableDirectConnect":true,"strictSSL":true,"_":"65 more keys: [\"cacheDir\",\"port\",\"requestedCapabilities\",\"automationProtocol\",\"baseUrl\",\"waitforInterval\",\"waitforTimeout\",\"onReload\",\"beforeCommand\",\"afterCommand\",\"rootDir\",\"specs\",\"suites\",\"exclude\",\"groupLogsByTestSpec\",\"excludeDriverLogs\",\"bail\",\"framework\",\"reporters\",\"services\",\"maxInstances\",\"maxInstancesPerCapability\",\"injectGlobals\",\"filesToWatch\",\"execArgv\",\"runnerEnv\",\"runner\",\"shard\",\"specFileRetries\",\"specFileRetriesDelay\",\"specFileRetriesDeferred\",\"reporterSyncInterval\",\"reporterSyncTimeout\",\"cucumberFeaturesWithLineNumbers\",\"autoCompileOpts\",\"mochaOpts\",\"jasmineOpts\",\"cucumberOpts\",\"onPrepare\",\"onWorkerStart\",\"onWorkerEnd\",\"before\",\"beforeSession\",\"beforeSuite\",\"beforeHook\",\"beforeTest\",\"afterTest\",\"afterHook\",\"afterSuite\",\"afterSession\",\"after\",\"onComplete\",\"beforeAssertion\",\"afterAssertion\",\"beforeFeature\",\"beforeScenario\",\"beforeStep\",\"afterStep\",\"afterScenario\",\"afterFeature\",\"_\",\"suite\",\"$0\",\"ignoredWorkerServices\",\"wdi5\"]"}]}
RESULT: {"script":"<script> [2342 bytes]","args":[{"protocol":"http","hostname":"0.0.0.0","path":"/","capabilities":{"browserName":"chrome","goog:chromeOptions":{"binary":"C:\\Program Files\\Google\\Chrome\\Application\\chrome.exe","args":["--start-maximized"]}},"logLevel":"warn","connectionRetryTimeout":120000,"connectionRetryCount":3,"logLevels":{},"enableDirectConnect":true,"strictSSL":true,"_":"65 more keys: [\"cacheDir\",\"port\",\"requestedCapabilities\",\"automationProtocol\",\"baseUrl\",\"waitforInterval\",\"waitforTimeout\",\"onReload\",\"beforeCommand\",\"afterCommand\",\"rootDir\",\"specs\",\"suites\",\"exclude\",\"groupLogsByTestSpec\",\"excludeDriverLogs\",\"bail\",\"framework\",\"reporters\",\"services\",\"maxInstances\",\"maxInstancesPerCapability\",\"injectGlobals\",\"filesToWatch\",\"execArgv\",\"runnerEnv\",\"runner\",\"shard\",\"specFileRetries\",\"specFileRetriesDelay\",\"specFileRetriesDeferred\",\"reporterSyncInterval\",\"reporterSyncTimeout\",\"cucumberFeaturesWithLineNumbers\",\"autoCompileOpts\",\"mochaOpts\",\"jasmineOpts\",\"cucumberOpts\",\"onPrepare\",\"onWorkerStart\",\"onWorkerEnd\",\"before\",\"beforeSession\",\"beforeSuite\",\"beforeHook\",\"beforeTest\",\"afterTest\",\"afterHook\",\"afterSuite\",\"afterSession\",\"after\",\"onComplete\",\"beforeAssertion\",\"afterAssertion\",\"beforeFeature\",\"beforeScenario\",\"beforeStep\",\"afterStep\",\"afterScenario\",\"afterFeature\",\"_\",\"suite\",\"$0\",\"ignoredWorkerServices\",\"wdi5\"]"}]}
COMMAND: POST /session/e7d3dbf776b8e457be14300e2a759e7d/execute/async - {"script":"<script> [21126 bytes]","args":[35000]}
RESULT: {"script":"<script> [21126 bytes]","args":[35000]}
COMMAND: POST /session/e7d3dbf776b8e457be14300e2a759e7d/window/maximize - {}
RESULT: {}
COMMAND: POST /session/e7d3dbf776b8e457be14300e2a759e7d/execute/async - {"script":"<script> [1562 bytes]","args":[{"selector":{"id":"shell-header","interaction":{"idSuffix":"icon"}},"wdio_ui5_key":"shellheader"}]}
COMMAND: GET /session/e7d3dbf776b8e457be14300e2a759e7d/screenshot - {}
RESULT: {"script":"<script> [1562 bytes]","args":[{"selector":{"id":"shell-header","interaction":{"idSuffix":"icon"}},"wdio_ui5_key":"shellheader"}]}
RESULT: undefined
COMMAND: POST /session/e7d3dbf776b8e457be14300e2a759e7d/window/fullscreen - {}
RESULT: {}
RESULT: {}
]]></system-out>
    </testcase>
  </testsuite>
  <testsuite timestamp="2025-05-29T15:45:12" time="195.984" tests="1" failures="0" errors="0" skipped="0">
    <properties>
      <property name="specId" value="0"/>
      <property name="suiteName" value="Create masterdata for Yard Overview - trigger provide US130988"/>
      <property name="capabilities" value="chrome.136_0_7103_93.windows"/>
      <property name="file" value="file:///D:/a/1/s/test/specs/HTR/site-overview-return.spec.js"/>
    </properties>
    <testcase classname="chrome.136_0_7103_93.windows.Create_masterdata_for_Yard_Overview_-_trigger_provide_US130988" name="Should navigate to site overview and trigger return" time="181.042">
      <system-out><![CDATA[
COMMAND: POST /session/e7d3dbf776b8e457be14300e2a759e7d/execute/async - {"script":"<script> [1562 bytes]","args":[{"selector":{"controlType":"sap.m.GenericTile","properties":{"header":"Site Overview"}},"wdio_ui5_key":"sapm.GenericTile{\"header\":\"Site Overview\"}"}]}
RESULT: {"script":"<script> [1562 bytes]","args":[{"selector":{"controlType":"sap.m.GenericTile","properties":{"header":"Site Overview"}},"wdio_ui5_key":"sapm.GenericTile{\"header\":\"Site Overview\"}"}]}
RESULT: undefined
COMMAND: POST /session/e7d3dbf776b8e457be14300e2a759e7d/element - {"using":"xpath","value":"//*[@id=\"__tile100\"]"}
RESULT: {"using":"xpath","value":"//*[@id=\"__tile100\"]"}
COMMAND: POST /session/e7d3dbf776b8e457be14300e2a759e7d/element/f.A3F04CE5D85C258E01EAA3234DD55B89.d.0B1B370CB1467EB0A715E6D49F5AF893.e.5253/click - {}
RESULT: {}
COMMAND: GET /session/e7d3dbf776b8e457be14300e2a759e7d/screenshot - {}
RESULT: {}
COMMAND: POST /session/e7d3dbf776b8e457be14300e2a759e7d/elements - {"using":"xpath","value":"//span[text()='Error']"}
RESULT: {"using":"xpath","value":"//span[text()='Error']"}
COMMAND: POST /session/e7d3dbf776b8e457be14300e2a759e7d/element - {"using":"xpath","value":"//input[contains(@id,\"smartFilterBar-btnBasicSearch-I\")]"}
RESULT: {"using":"xpath","value":"//input[contains(@id,\"smartFilterBar-btnBasicSearch-I\")]"}
COMMAND: POST /session/e7d3dbf776b8e457be14300e2a759e7d/elements - {"using":"xpath","value":"//input[contains(@id,\"smartFilterBar-btnBasicSearch-I\")]"}
RESULT: {"using":"xpath","value":"//input[contains(@id,\"smartFilterBar-btnBasicSearch-I\")]"}
COMMAND: POST /session/e7d3dbf776b8e457be14300e2a759e7d/elements - {"using":"xpath","value":"//input[contains(@id,\"smartFilterBar-btnBasicSearch-I\")]"}
RESULT: {"using":"xpath","value":"//input[contains(@id,\"smartFilterBar-btnBasicSearch-I\")]"}
COMMAND: POST /session/e7d3dbf776b8e457be14300e2a759e7d/element - {"using":"xpath","value":"//input[contains(@id,\"smartFilterBar-btnBasicSearch-I\")]"}
RESULT: {"using":"xpath","value":"//input[contains(@id,\"smartFilterBar-btnBasicSearch-I\")]"}
COMMAND: POST /session/e7d3dbf776b8e457be14300e2a759e7d/execute/sync - {"script":"<script> [8489 bytes]","args":[{"element-6066-11e4-a52e-4f735466cecf":"f.A3F04CE5D85C258E01EAA3234DD55B89.d.0B1B370CB1467EB0A715E6D49F5AF893.e.5260","ELEMENT":"f.A3F04CE5D85C258E01EAA3234DD55B89.d.0B1B370CB1467EB0A715E6D49F5AF893.e.5260"}]}
RESULT: {"script":"<script> [8489 bytes]","args":[{"element-6066-11e4-a52e-4f735466cecf":"f.A3F04CE5D85C258E01EAA3234DD55B89.d.0B1B370CB1467EB0A715E6D49F5AF893.e.5260","ELEMENT":"f.A3F04CE5D85C258E01EAA3234DD55B89.d.0B1B370CB1467EB0A715E6D49F5AF893.e.5260"}]}
COMMAND: GET /session/e7d3dbf776b8e457be14300e2a759e7d/element/f.A3F04CE5D85C258E01EAA3234DD55B89.d.0B1B370CB1467EB0A715E6D49F5AF893.e.5260/enabled - {}
COMMAND: GET /session/e7d3dbf776b8e457be14300e2a759e7d/screenshot - {}
RESULT: {}
COMMAND: POST /session/e7d3dbf776b8e457be14300e2a759e7d/execute/sync - {"script":"<script> [8489 bytes]","args":[{"element-6066-11e4-a52e-4f735466cecf":"f.A3F04CE5D85C258E01EAA3234DD55B89.d.0B1B370CB1467EB0A715E6D49F5AF893.e.5260","ELEMENT":"f.A3F04CE5D85C258E01EAA3234DD55B89.d.0B1B370CB1467EB0A715E6D49F5AF893.e.5260"}]}
COMMAND: GET /session/e7d3dbf776b8e457be14300e2a759e7d/screenshot - {}
RESULT: {}
RESULT: {"script":"<script> [8489 bytes]","args":[{"element-6066-11e4-a52e-4f735466cecf":"f.A3F04CE5D85C258E01EAA3234DD55B89.d.0B1B370CB1467EB0A715E6D49F5AF893.e.5260","ELEMENT":"f.A3F04CE5D85C258E01EAA3234DD55B89.d.0B1B370CB1467EB0A715E6D49F5AF893.e.5260"}]}
COMMAND: POST /session/e7d3dbf776b8e457be14300e2a759e7d/execute/sync - {"script":"<script> [5351 bytes]","args":[{"element-6066-11e4-a52e-4f735466cecf":"f.A3F04CE5D85C258E01EAA3234DD55B89.d.0B1B370CB1467EB0A715E6D49F5AF893.e.5260","ELEMENT":"f.A3F04CE5D85C258E01EAA3234DD55B89.d.0B1B370CB1467EB0A715E6D49F5AF893.e.5260"}]}
COMMAND: GET /session/e7d3dbf776b8e457be14300e2a759e7d/screenshot - {}
RESULT: {}
RESULT: {"script":"<script> [5351 bytes]","args":[{"element-6066-11e4-a52e-4f735466cecf":"f.A3F04CE5D85C258E01EAA3234DD55B89.d.0B1B370CB1467EB0A715E6D49F5AF893.e.5260","ELEMENT":"f.A3F04CE5D85C258E01EAA3234DD55B89.d.0B1B370CB1467EB0A715E6D49F5AF893.e.5260"}]}
COMMAND: GET /session/e7d3dbf776b8e457be14300e2a759e7d/screenshot - {}
RESULT: {}
RESULT: {}
COMMAND: POST /session/e7d3dbf776b8e457be14300e2a759e7d/element/f.A3F04CE5D85C258E01EAA3234DD55B89.d.0B1B370CB1467EB0A715E6D49F5AF893.e.5260/clear - {}
RESULT: {}
COMMAND: POST /session/e7d3dbf776b8e457be14300e2a759e7d/element/f.A3F04CE5D85C258E01EAA3234DD55B89.d.0B1B370CB1467EB0A715E6D49F5AF893.e.5260/value - {"text":"2233"}
COMMAND: GET /session/e7d3dbf776b8e457be14300e2a759e7d/screenshot - {}
RESULT: {"text":"2233"}
COMMAND: GET /session/e7d3dbf776b8e457be14300e2a759e7d/screenshot - {}
RESULT: {}
RESULT: {}
COMMAND: POST /session/e7d3dbf776b8e457be14300e2a759e7d/actions - {"actions":[{"id":"action15","type":"key","parameters":{},"actions":[{"type":"keyDown","value":""},{"type":"pause","duration":10},{"type":"keyUp","value":""}]}]}
RESULT: {"actions":[{"id":"action15","type":"key","parameters":{},"actions":[{"type":"keyDown","value":""},{"type":"pause","duration":10},{"type":"keyUp","value":""}]}]}
COMMAND: GET /session/e7d3dbf776b8e457be14300e2a759e7d/screenshot - {}
RESULT: {}
COMMAND: POST /session/e7d3dbf776b8e457be14300e2a759e7d/element - {"using":"xpath","value":"//span[contains(@id, \"smartTable-header-inner\")]"}
RESULT: {"using":"xpath","value":"//span[contains(@id, \"smartTable-header-inner\")]"}
COMMAND: POST /session/e7d3dbf776b8e457be14300e2a759e7d/elements - {"using":"xpath","value":"//span[contains(@id, \"smartTable-header-inner\")]"}
RESULT: {"using":"xpath","value":"//span[contains(@id, \"smartTable-header-inner\")]"}
COMMAND: POST /session/e7d3dbf776b8e457be14300e2a759e7d/execute/sync - {"script":"<script> [56 bytes]","args":[{"element-6066-11e4-a52e-4f735466cecf":"f.A3F04CE5D85C258E01EAA3234DD55B89.d.0B1B370CB1467EB0A715E6D49F5AF893.e.5382","ELEMENT":"f.A3F04CE5D85C258E01EAA3234DD55B89.d.0B1B370CB1467EB0A715E6D49F5AF893.e.5382"}]}
RESULT: {"script":"<script> [56 bytes]","args":[{"element-6066-11e4-a52e-4f735466cecf":"f.A3F04CE5D85C258E01EAA3234DD55B89.d.0B1B370CB1467EB0A715E6D49F5AF893.e.5382","ELEMENT":"f.A3F04CE5D85C258E01EAA3234DD55B89.d.0B1B370CB1467EB0A715E6D49F5AF893.e.5382"}]}
COMMAND: POST /session/e7d3dbf776b8e457be14300e2a759e7d/element - {"using":"xpath","value":"(//span[contains(@id, \"imgNav\")])[1]"}
COMMAND: GET /session/e7d3dbf776b8e457be14300e2a759e7d/screenshot - {}
RESULT: {"using":"xpath","value":"(//span[contains(@id, \"imgNav\")])[1]"}
COMMAND: POST /session/e7d3dbf776b8e457be14300e2a759e7d/element/f.A3F04CE5D85C258E01EAA3234DD55B89.d.0B1B370CB1467EB0A715E6D49F5AF893.e.5381/click - {}
RESULT: {}
RESULT: {}
COMMAND: GET /session/e7d3dbf776b8e457be14300e2a759e7d/screenshot - {}
RESULT: {}
COMMAND: POST /session/e7d3dbf776b8e457be14300e2a759e7d/execute/async - {"script":"<script> [1562 bytes]","args":[{"selector":{"id":"application-siteinventory-display-component---detailSiteInventory--onSite-triggerAction-returnBtn","interaction":{"idSuffix":"BDI-content"}},"wdio_ui5_key":"applicationsiteinventory-display-component---detailSiteInventory--onSite-triggerAction-returnBtn"}]}
RESULT: {"script":"<script> [1562 bytes]","args":[{"selector":{"id":"application-siteinventory-display-component---detailSiteInventory--onSite-triggerAction-returnBtn","interaction":{"idSuffix":"BDI-content"}},"wdio_ui5_key":"applicationsiteinventory-display-component---detailSiteInventory--onSite-triggerAction-returnBtn"}]}
RESULT: undefined
COMMAND: POST /session/e7d3dbf776b8e457be14300e2a759e7d/element - {"using":"xpath","value":"//*[@id=\"application-siteinventory-display-component---detailSiteInventory--onSite-triggerAction-returnBtn\"]"}
RESULT: {"using":"xpath","value":"//*[@id=\"application-siteinventory-display-component---detailSiteInventory--onSite-triggerAction-returnBtn\"]"}
COMMAND: POST /session/e7d3dbf776b8e457be14300e2a759e7d/element/f.A3F04CE5D85C258E01EAA3234DD55B89.d.0B1B370CB1467EB0A715E6D49F5AF893.e.5414/click - {}
RESULT: {}
COMMAND: GET /session/e7d3dbf776b8e457be14300e2a759e7d/screenshot - {}
RESULT: {}
COMMAND: POST /session/e7d3dbf776b8e457be14300e2a759e7d/execute/async - {"script":"<script> [1562 bytes]","args":[{"selector":{"id":"application-siteinventory-display-component---detailSiteInventory--smartSiteHoItemsTable-sa","interaction":{"idSuffix":"CbBg"}},"wdio_ui5_key":"applicationsiteinventory-display-component---detailSiteInventory--smartSiteHoItemsTable-sa"}]}
RESULT: {"script":"<script> [1562 bytes]","args":[{"selector":{"id":"application-siteinventory-display-component---detailSiteInventory--smartSiteHoItemsTable-sa","interaction":{"idSuffix":"CbBg"}},"wdio_ui5_key":"applicationsiteinventory-display-component---detailSiteInventory--smartSiteHoItemsTable-sa"}]}
RESULT: undefined
COMMAND: POST /session/e7d3dbf776b8e457be14300e2a759e7d/element - {"using":"xpath","value":"//*[@id=\"application-siteinventory-display-component---detailSiteInventory--smartSiteHoItemsTable-sa\"]"}
RESULT: {"using":"xpath","value":"//*[@id=\"application-siteinventory-display-component---detailSiteInventory--smartSiteHoItemsTable-sa\"]"}
COMMAND: POST /session/e7d3dbf776b8e457be14300e2a759e7d/element/f.A3F04CE5D85C258E01EAA3234DD55B89.d.0B1B370CB1467EB0A715E6D49F5AF893.e.5498/click - {}
RESULT: {}
COMMAND: GET /session/e7d3dbf776b8e457be14300e2a759e7d/screenshot - {}
RESULT: {}
RESULT: undefined
COMMAND: POST /session/e7d3dbf776b8e457be14300e2a759e7d/element - {"using":"xpath","value":"//*[@id=\"application-siteinventory-display-component---detailSiteInventory--onSite-triggerAction-returnBtn\"]"}
RESULT: {"using":"xpath","value":"//*[@id=\"application-siteinventory-display-component---detailSiteInventory--onSite-triggerAction-returnBtn\"]"}
COMMAND: POST /session/e7d3dbf776b8e457be14300e2a759e7d/element/f.A3F04CE5D85C258E01EAA3234DD55B89.d.0B1B370CB1467EB0A715E6D49F5AF893.e.5414/click - {}
RESULT: {}
COMMAND: GET /session/e7d3dbf776b8e457be14300e2a759e7d/screenshot - {}
RESULT: {}
COMMAND: POST /session/e7d3dbf776b8e457be14300e2a759e7d/actions - {"actions":[{"id":"action16","type":"key","parameters":{},"actions":[{"type":"keyDown","value":""},{"type":"pause","duration":10},{"type":"keyUp","value":""}]}]}
RESULT: {"actions":[{"id":"action16","type":"key","parameters":{},"actions":[{"type":"keyDown","value":""},{"type":"pause","duration":10},{"type":"keyUp","value":""}]}]}
COMMAND: GET /session/e7d3dbf776b8e457be14300e2a759e7d/screenshot - {}
RESULT: {}
COMMAND: POST /session/e7d3dbf776b8e457be14300e2a759e7d/execute/async - {"script":"<script> [1562 bytes]","args":[{"selector":{"id":"application-siteinventory-display-component---detailSiteInventory--hoItemsSmartTable-btnPersonalisation-img"},"wdio_ui5_key":"applicationsiteinventory-display-component---detailSiteInventory--hoItemsSmartTable-btnPersonalisation-img"}]}
RESULT: {"script":"<script> [1562 bytes]","args":[{"selector":{"id":"application-siteinventory-display-component---detailSiteInventory--hoItemsSmartTable-btnPersonalisation-img"},"wdio_ui5_key":"applicationsiteinventory-display-component---detailSiteInventory--hoItemsSmartTable-btnPersonalisation-img"}]}
RESULT: undefined
COMMAND: POST /session/e7d3dbf776b8e457be14300e2a759e7d/element - {"using":"xpath","value":"//*[@id=\"application-siteinventory-display-component---detailSiteInventory--hoItemsSmartTable-btnPersonalisation-img\"]"}
RESULT: {"using":"xpath","value":"//*[@id=\"application-siteinventory-display-component---detailSiteInventory--hoItemsSmartTable-btnPersonalisation-img\"]"}
COMMAND: POST /session/e7d3dbf776b8e457be14300e2a759e7d/element/f.A3F04CE5D85C258E01EAA3234DD55B89.d.0B1B370CB1467EB0A715E6D49F5AF893.e.5423/click - {}
RESULT: {}
COMMAND: GET /session/e7d3dbf776b8e457be14300e2a759e7d/screenshot - {}
RESULT: {}
COMMAND: POST /session/e7d3dbf776b8e457be14300e2a759e7d/element - {"using":"xpath","value":"//input[contains(@id ,\"searchField-I\")]"}
RESULT: {"using":"xpath","value":"//input[contains(@id ,\"searchField-I\")]"}
COMMAND: POST /session/e7d3dbf776b8e457be14300e2a759e7d/element/f.A3F04CE5D85C258E01EAA3234DD55B89.d.0B1B370CB1467EB0A715E6D49F5AF893.e.5505/clear - {}
RESULT: {}
COMMAND: POST /session/e7d3dbf776b8e457be14300e2a759e7d/element/f.A3F04CE5D85C258E01EAA3234DD55B89.d.0B1B370CB1467EB0A715E6D49F5AF893.e.5505/value - {"text":"Handover Returned"}
COMMAND: GET /session/e7d3dbf776b8e457be14300e2a759e7d/screenshot - {}
RESULT: {"text":"Handover Returned"}
COMMAND: GET /session/e7d3dbf776b8e457be14300e2a759e7d/screenshot - {}
RESULT: {}
RESULT: {}
COMMAND: POST /session/e7d3dbf776b8e457be14300e2a759e7d/element - {"using":"xpath","value":"//div[contains(@id ,\"innerSelectionPanelTable-sa-CbBg\")]"}
RESULT: {"using":"xpath","value":"//div[contains(@id ,\"innerSelectionPanelTable-sa-CbBg\")]"}
COMMAND: POST /session/e7d3dbf776b8e457be14300e2a759e7d/element/f.A3F04CE5D85C258E01EAA3234DD55B89.d.0B1B370CB1467EB0A715E6D49F5AF893.e.5531/click - {}
RESULT: {}
COMMAND: POST /session/e7d3dbf776b8e457be14300e2a759e7d/execute/async - {"script":"<script> [1562 bytes]","args":[{"selector":{"controlType":"sap.m.Button","viewName":"etm.portal.ui.siteinventory.view.Detail","viewId":"application-siteinventory-display-component---detailSiteInventory","properties":{"text":"OK"},"searchOpenDialogs":true,"interaction":{"idSuffix":"BDI-content"}},"wdio_ui5_key":"etmportal.ui.siteinventory.view.Detailsap.m.Button{\"text\":\"OK\"}"}]}
COMMAND: GET /session/e7d3dbf776b8e457be14300e2a759e7d/screenshot - {}
RESULT: {"script":"<script> [1562 bytes]","args":[{"selector":{"controlType":"sap.m.Button","viewName":"etm.portal.ui.siteinventory.view.Detail","viewId":"application-siteinventory-display-component---detailSiteInventory","properties":{"text":"OK"},"searchOpenDialogs":true,"interaction":{"idSuffix":"BDI-content"}},"wdio_ui5_key":"etmportal.ui.siteinventory.view.Detailsap.m.Button{\"text\":\"OK\"}"}]}
RESULT: undefined
COMMAND: POST /session/e7d3dbf776b8e457be14300e2a759e7d/element - {"using":"xpath","value":"//*[@id=\"__popup37-confirmBtn\"]"}
RESULT: {}
RESULT: {"using":"xpath","value":"//*[@id=\"__popup37-confirmBtn\"]"}
COMMAND: POST /session/e7d3dbf776b8e457be14300e2a759e7d/element/f.A3F04CE5D85C258E01EAA3234DD55B89.d.0B1B370CB1467EB0A715E6D49F5AF893.e.5533/click - {}
RESULT: {}
COMMAND: GET /session/e7d3dbf776b8e457be14300e2a759e7d/screenshot - {}
RESULT: {}
COMMAND: POST /session/e7d3dbf776b8e457be14300e2a759e7d/element - {"using":"css selector","value":"#shell-header-logo"}
RESULT: {"using":"css selector","value":"#shell-header-logo"}
COMMAND: POST /session/e7d3dbf776b8e457be14300e2a759e7d/element/f.A3F04CE5D85C258E01EAA3234DD55B89.d.0B1B370CB1467EB0A715E6D49F5AF893.e.5127/click - {}
RESULT: {}
COMMAND: GET /session/e7d3dbf776b8e457be14300e2a759e7d/screenshot - {}
RESULT: {}
COMMAND: POST /session/e7d3dbf776b8e457be14300e2a759e7d/execute/async - {"script":"<script> [1562 bytes]","args":[{"selector":{"controlType":"sap.m.GenericTile","properties":{"header":"Manage Handovers"}},"wdio_ui5_key":"sapm.GenericTile{\"header\":\"Manage Handovers\"}"}]}
RESULT: {"script":"<script> [1562 bytes]","args":[{"selector":{"controlType":"sap.m.GenericTile","properties":{"header":"Manage Handovers"}},"wdio_ui5_key":"sapm.GenericTile{\"header\":\"Manage Handovers\"}"}]}
RESULT: undefined
COMMAND: POST /session/e7d3dbf776b8e457be14300e2a759e7d/element - {"using":"xpath","value":"//*[@id=\"__tile130\"]"}
RESULT: {"using":"xpath","value":"//*[@id=\"__tile130\"]"}
COMMAND: POST /session/e7d3dbf776b8e457be14300e2a759e7d/element/f.A3F04CE5D85C258E01EAA3234DD55B89.d.0B1B370CB1467EB0A715E6D49F5AF893.e.5181/click - {}
RESULT: {}
COMMAND: GET /session/e7d3dbf776b8e457be14300e2a759e7d/screenshot - {}
RESULT: {}
COMMAND: POST /session/e7d3dbf776b8e457be14300e2a759e7d/elements - {"using":"xpath","value":"//span[text()='Error']"}
RESULT: {"using":"xpath","value":"//span[text()='Error']"}
COMMAND: POST /session/e7d3dbf776b8e457be14300e2a759e7d/element - {"using":"xpath","value":"//button[@data-kt=\"masterHOAddButton\"]"}
RESULT: {"using":"xpath","value":"//button[@data-kt=\"masterHOAddButton\"]"}
COMMAND: POST /session/e7d3dbf776b8e457be14300e2a759e7d/elements - {"using":"xpath","value":"//button[@data-kt=\"masterHOAddButton\"]"}
RESULT: {"using":"xpath","value":"//button[@data-kt=\"masterHOAddButton\"]"}
COMMAND: POST /session/e7d3dbf776b8e457be14300e2a759e7d/execute/sync - {"script":"<script> [8489 bytes]","args":[{"element-6066-11e4-a52e-4f735466cecf":"f.A3F04CE5D85C258E01EAA3234DD55B89.d.0B1B370CB1467EB0A715E6D49F5AF893.e.5592","ELEMENT":"f.A3F04CE5D85C258E01EAA3234DD55B89.d.0B1B370CB1467EB0A715E6D49F5AF893.e.5592"}]}
RESULT: {"script":"<script> [8489 bytes]","args":[{"element-6066-11e4-a52e-4f735466cecf":"f.A3F04CE5D85C258E01EAA3234DD55B89.d.0B1B370CB1467EB0A715E6D49F5AF893.e.5592","ELEMENT":"f.A3F04CE5D85C258E01EAA3234DD55B89.d.0B1B370CB1467EB0A715E6D49F5AF893.e.5592"}]}
COMMAND: GET /session/e7d3dbf776b8e457be14300e2a759e7d/element/f.A3F04CE5D85C258E01EAA3234DD55B89.d.0B1B370CB1467EB0A715E6D49F5AF893.e.5592/enabled - {}
COMMAND: GET /session/e7d3dbf776b8e457be14300e2a759e7d/screenshot - {}
RESULT: {}
COMMAND: POST /session/e7d3dbf776b8e457be14300e2a759e7d/execute/sync - {"script":"<script> [8489 bytes]","args":[{"element-6066-11e4-a52e-4f735466cecf":"f.A3F04CE5D85C258E01EAA3234DD55B89.d.0B1B370CB1467EB0A715E6D49F5AF893.e.5592","ELEMENT":"f.A3F04CE5D85C258E01EAA3234DD55B89.d.0B1B370CB1467EB0A715E6D49F5AF893.e.5592"}]}
COMMAND: GET /session/e7d3dbf776b8e457be14300e2a759e7d/screenshot - {}
RESULT: {}
RESULT: {"script":"<script> [8489 bytes]","args":[{"element-6066-11e4-a52e-4f735466cecf":"f.A3F04CE5D85C258E01EAA3234DD55B89.d.0B1B370CB1467EB0A715E6D49F5AF893.e.5592","ELEMENT":"f.A3F04CE5D85C258E01EAA3234DD55B89.d.0B1B370CB1467EB0A715E6D49F5AF893.e.5592"}]}
COMMAND: POST /session/e7d3dbf776b8e457be14300e2a759e7d/execute/sync - {"script":"<script> [5351 bytes]","args":[{"element-6066-11e4-a52e-4f735466cecf":"f.A3F04CE5D85C258E01EAA3234DD55B89.d.0B1B370CB1467EB0A715E6D49F5AF893.e.5592","ELEMENT":"f.A3F04CE5D85C258E01EAA3234DD55B89.d.0B1B370CB1467EB0A715E6D49F5AF893.e.5592"}]}
COMMAND: GET /session/e7d3dbf776b8e457be14300e2a759e7d/screenshot - {}
RESULT: {}
RESULT: {"script":"<script> [5351 bytes]","args":[{"element-6066-11e4-a52e-4f735466cecf":"f.A3F04CE5D85C258E01EAA3234DD55B89.d.0B1B370CB1467EB0A715E6D49F5AF893.e.5592","ELEMENT":"f.A3F04CE5D85C258E01EAA3234DD55B89.d.0B1B370CB1467EB0A715E6D49F5AF893.e.5592"}]}
COMMAND: GET /session/e7d3dbf776b8e457be14300e2a759e7d/screenshot - {}
RESULT: {}
RESULT: {}
COMMAND: POST /session/e7d3dbf776b8e457be14300e2a759e7d/element - {"using":"xpath","value":"//span[contains(@id ,\"filterItemControl_BASIC-SEND_CONTRACT-vhi\")]"}
RESULT: {"using":"xpath","value":"//span[contains(@id ,\"filterItemControl_BASIC-SEND_CONTRACT-vhi\")]"}
COMMAND: POST /session/e7d3dbf776b8e457be14300e2a759e7d/element/f.A3F04CE5D85C258E01EAA3234DD55B89.d.0B1B370CB1467EB0A715E6D49F5AF893.e.5614/click - {}
RESULT: {}
COMMAND: GET /session/e7d3dbf776b8e457be14300e2a759e7d/screenshot - {}
RESULT: {}
COMMAND: POST /session/e7d3dbf776b8e457be14300e2a759e7d/execute/async - {"script":"<script> [1562 bytes]","args":[{"selector":{"controlType":"sap.m.SearchField","viewName":"etm.portal.ui.managehandovers.view.MasterHO","bindingPath":{"path":"","propertyPath":"/_BASIC_SEARCH_FIELD","modelName":"fi1t3rM0d31"},"searchOpenDialogs":true,"interaction":{"idSuffix":"I"}},"wdio_ui5_key":"etmportal.ui.managehandovers.view.MasterHOsap.m.SearchField{\"path\":\"\",\"propertyPath\":\"/_BASIC_SEARCH_FIELD\",\"modelName\":\"fi1t3rM0d31\"}"}]}
RESULT: {"script":"<script> [1562 bytes]","args":[{"selector":{"controlType":"sap.m.SearchField","viewName":"etm.portal.ui.managehandovers.view.MasterHO","bindingPath":{"path":"","propertyPath":"/_BASIC_SEARCH_FIELD","modelName":"fi1t3rM0d31"},"searchOpenDialogs":true,"interaction":{"idSuffix":"I"}},"wdio_ui5_key":"etmportal.ui.managehandovers.view.MasterHOsap.m.SearchField{\"path\":\"\",\"propertyPath\":\"/_BASIC_SEARCH_FIELD\",\"modelName\":\"fi1t3rM0d31\"}"}]}
RESULT: undefined
COMMAND: POST /session/e7d3dbf776b8e457be14300e2a759e7d/execute/async - {"script":"<script> [776 bytes]","args":[{"enterText":"10370","selector":{"controlType":"sap.m.SearchField","viewName":"etm.portal.ui.managehandovers.view.MasterHO","bindingPath":{"path":"","propertyPath":"/_BASIC_SEARCH_FIELD","modelName":"fi1t3rM0d31"},"searchOpenDialogs":true,"interaction":{"idSuffix":"I"}},"clearTextFirst":true,"interactionType":"ENTER_TEXT"}]}
RESULT: {"script":"<script> [776 bytes]","args":[{"enterText":"10370","selector":{"controlType":"sap.m.SearchField","viewName":"etm.portal.ui.managehandovers.view.MasterHO","bindingPath":{"path":"","propertyPath":"/_BASIC_SEARCH_FIELD","modelName":"fi1t3rM0d31"},"searchOpenDialogs":true,"interaction":{"idSuffix":"I"}},"clearTextFirst":true,"interactionType":"ENTER_TEXT"}]}
COMMAND: POST /session/e7d3dbf776b8e457be14300e2a759e7d/actions - {"actions":[{"id":"action17","type":"key","parameters":{},"actions":[{"type":"keyDown","value":""},{"type":"pause","duration":10},{"type":"keyUp","value":""}]}]}
RESULT: {"actions":[{"id":"action17","type":"key","parameters":{},"actions":[{"type":"keyDown","value":""},{"type":"pause","duration":10},{"type":"keyUp","value":""}]}]}
COMMAND: GET /session/e7d3dbf776b8e457be14300e2a759e7d/screenshot - {}
RESULT: {}
COMMAND: POST /session/e7d3dbf776b8e457be14300e2a759e7d/element - {"using":"xpath","value":"//div[contains(@id, 'filterItemControl_BASIC-SEND_CONTRACT-valueHelpDialog-table-rowsel0')]"}
RESULT: {"using":"xpath","value":"//div[contains(@id, 'filterItemControl_BASIC-SEND_CONTRACT-valueHelpDialog-table-rowsel0')]"}
COMMAND: POST /session/e7d3dbf776b8e457be14300e2a759e7d/element/f.A3F04CE5D85C258E01EAA3234DD55B89.d.0B1B370CB1467EB0A715E6D49F5AF893.e.5624/click - {}
RESULT: {}
COMMAND: GET /session/e7d3dbf776b8e457be14300e2a759e7d/screenshot - {}
RESULT: {}
COMMAND: POST /session/e7d3dbf776b8e457be14300e2a759e7d/element - {"using":"xpath","value":"//bdi[contains(text(), \"OK\")]"}
RESULT: {"using":"xpath","value":"//bdi[contains(text(), \"OK\")]"}
COMMAND: POST /session/e7d3dbf776b8e457be14300e2a759e7d/element/f.A3F04CE5D85C258E01EAA3234DD55B89.d.0B1B370CB1467EB0A715E6D49F5AF893.e.5626/click - {}
RESULT: {}
COMMAND: GET /session/e7d3dbf776b8e457be14300e2a759e7d/screenshot - {}
RESULT: {}
COMMAND: POST /session/e7d3dbf776b8e457be14300e2a759e7d/element - {"using":"xpath","value":"//span[contains(@id, \"smartTable-header-inner\")]"}
RESULT: {"using":"xpath","value":"//span[contains(@id, \"smartTable-header-inner\")]"}
COMMAND: POST /session/e7d3dbf776b8e457be14300e2a759e7d/elements - {"using":"xpath","value":"//span[contains(@id, \"smartTable-header-inner\")]"}
RESULT: {"using":"xpath","value":"//span[contains(@id, \"smartTable-header-inner\")]"}
COMMAND: POST /session/e7d3dbf776b8e457be14300e2a759e7d/execute/sync - {"script":"<script> [56 bytes]","args":[{"element-6066-11e4-a52e-4f735466cecf":"f.A3F04CE5D85C258E01EAA3234DD55B89.d.0B1B370CB1467EB0A715E6D49F5AF893.e.5666","ELEMENT":"f.A3F04CE5D85C258E01EAA3234DD55B89.d.0B1B370CB1467EB0A715E6D49F5AF893.e.5666"}]}
RESULT: {"script":"<script> [56 bytes]","args":[{"element-6066-11e4-a52e-4f735466cecf":"f.A3F04CE5D85C258E01EAA3234DD55B89.d.0B1B370CB1467EB0A715E6D49F5AF893.e.5666","ELEMENT":"f.A3F04CE5D85C258E01EAA3234DD55B89.d.0B1B370CB1467EB0A715E6D49F5AF893.e.5666"}]}
COMMAND: POST /session/e7d3dbf776b8e457be14300e2a759e7d/element - {"using":"xpath","value":"//table[contains(@id, \"customHandovers\")]//tbody/tr[1]/td[2]/span"}
COMMAND: GET /session/e7d3dbf776b8e457be14300e2a759e7d/screenshot - {}
RESULT: {"using":"xpath","value":"//table[contains(@id, \"customHandovers\")]//tbody/tr[1]/td[2]/span"}
COMMAND: POST /session/e7d3dbf776b8e457be14300e2a759e7d/execute/sync - {"script":"<script> [56 bytes]","args":[{"element-6066-11e4-a52e-4f735466cecf":"f.A3F04CE5D85C258E01EAA3234DD55B89.d.0B1B370CB1467EB0A715E6D49F5AF893.e.5667","ELEMENT":"f.A3F04CE5D85C258E01EAA3234DD55B89.d.0B1B370CB1467EB0A715E6D49F5AF893.e.5667"}]}
RESULT: {}
RESULT: {"script":"<script> [56 bytes]","args":[{"element-6066-11e4-a52e-4f735466cecf":"f.A3F04CE5D85C258E01EAA3234DD55B89.d.0B1B370CB1467EB0A715E6D49F5AF893.e.5667","ELEMENT":"f.A3F04CE5D85C258E01EAA3234DD55B89.d.0B1B370CB1467EB0A715E6D49F5AF893.e.5667"}]}
COMMAND: POST /session/e7d3dbf776b8e457be14300e2a759e7d/element - {"using":"xpath","value":"(//span[contains(@id, \"imgNav\")])[1]"}
COMMAND: GET /session/e7d3dbf776b8e457be14300e2a759e7d/screenshot - {}
RESULT: {"using":"xpath","value":"(//span[contains(@id, \"imgNav\")])[1]"}
COMMAND: POST /session/e7d3dbf776b8e457be14300e2a759e7d/element/f.A3F04CE5D85C258E01EAA3234DD55B89.d.0B1B370CB1467EB0A715E6D49F5AF893.e.5664/click - {}
RESULT: {}
RESULT: {}
COMMAND: GET /session/e7d3dbf776b8e457be14300e2a759e7d/screenshot - {}
RESULT: {}
COMMAND: POST /session/e7d3dbf776b8e457be14300e2a759e7d/execute/async - {"script":"<script> [1562 bytes]","args":[{"selector":{"id":"issueDatePicker","viewName":"etm.portal.ui.managehandovers.view.DetailExecuteHO","interaction":{"idSuffix":"inner"}},"wdio_ui5_key":"issueDatePickeretmportal.ui.managehandovers.view.DetailExecuteHO"}]}
RESULT: {"script":"<script> [1562 bytes]","args":[{"selector":{"id":"issueDatePicker","viewName":"etm.portal.ui.managehandovers.view.DetailExecuteHO","interaction":{"idSuffix":"inner"}},"wdio_ui5_key":"issueDatePickeretmportal.ui.managehandovers.view.DetailExecuteHO"}]}
RESULT: undefined
COMMAND: POST /session/e7d3dbf776b8e457be14300e2a759e7d/execute/async - {"script":"<script> [776 bytes]","args":[{"enterText":"5/29/25","selector":{"id":"issueDatePicker","viewName":"etm.portal.ui.managehandovers.view.DetailExecuteHO","interaction":{"idSuffix":"inner"}},"clearTextFirst":true,"interactionType":"ENTER_TEXT"}]}
RESULT: {"script":"<script> [776 bytes]","args":[{"enterText":"5/29/25","selector":{"id":"issueDatePicker","viewName":"etm.portal.ui.managehandovers.view.DetailExecuteHO","interaction":{"idSuffix":"inner"}},"clearTextFirst":true,"interactionType":"ENTER_TEXT"}]}
COMMAND: POST /session/e7d3dbf776b8e457be14300e2a759e7d/element - {"using":"xpath","value":"//button[@data-kt=\"PickingTableConfirmAllButton\"]"}
RESULT: {"using":"xpath","value":"//button[@data-kt=\"PickingTableConfirmAllButton\"]"}
COMMAND: POST /session/e7d3dbf776b8e457be14300e2a759e7d/element/f.A3F04CE5D85C258E01EAA3234DD55B89.d.0B1B370CB1467EB0A715E6D49F5AF893.e.5781/click - {}
RESULT: {}
COMMAND: GET /session/e7d3dbf776b8e457be14300e2a759e7d/screenshot - {}
RESULT: {}
COMMAND: POST /session/e7d3dbf776b8e457be14300e2a759e7d/element - {"using":"xpath","value":"//bdi[contains(text(), \"OK\")]"}
RESULT: {"using":"xpath","value":"//bdi[contains(text(), \"OK\")]"}
COMMAND: POST /session/e7d3dbf776b8e457be14300e2a759e7d/element/f.A3F04CE5D85C258E01EAA3234DD55B89.d.0B1B370CB1467EB0A715E6D49F5AF893.e.5785/click - {}
RESULT: {}
COMMAND: GET /session/e7d3dbf776b8e457be14300e2a759e7d/screenshot - {}
RESULT: {}
COMMAND: POST /session/e7d3dbf776b8e457be14300e2a759e7d/element - {"using":"xpath","value":"//button[@data-kt=\"execHoIssueButton\"]"}
RESULT: {"using":"xpath","value":"//button[@data-kt=\"execHoIssueButton\"]"}
COMMAND: POST /session/e7d3dbf776b8e457be14300e2a759e7d/element/f.A3F04CE5D85C258E01EAA3234DD55B89.d.0B1B370CB1467EB0A715E6D49F5AF893.e.5786/click - {}
RESULT: {}
COMMAND: GET /session/e7d3dbf776b8e457be14300e2a759e7d/screenshot - {}
RESULT: {}
COMMAND: POST /session/e7d3dbf776b8e457be14300e2a759e7d/element - {"using":"css selector","value":"#shell-header-logo"}
RESULT: {"using":"css selector","value":"#shell-header-logo"}
COMMAND: POST /session/e7d3dbf776b8e457be14300e2a759e7d/element/f.A3F04CE5D85C258E01EAA3234DD55B89.d.0B1B370CB1467EB0A715E6D49F5AF893.e.5552/click - {}
RESULT: {}
COMMAND: GET /session/e7d3dbf776b8e457be14300e2a759e7d/screenshot - {}
RESULT: {}
RESULT: undefined
COMMAND: POST /session/e7d3dbf776b8e457be14300e2a759e7d/element - {"using":"xpath","value":"//*[@id=\"__tile130\"]"}
RESULT: {"using":"xpath","value":"//*[@id=\"__tile130\"]"}
COMMAND: POST /session/e7d3dbf776b8e457be14300e2a759e7d/element/f.A3F04CE5D85C258E01EAA3234DD55B89.d.0B1B370CB1467EB0A715E6D49F5AF893.e.5181/click - {}
RESULT: {}
COMMAND: GET /session/e7d3dbf776b8e457be14300e2a759e7d/screenshot - {}
RESULT: {}
COMMAND: POST /session/e7d3dbf776b8e457be14300e2a759e7d/elements - {"using":"xpath","value":"//span[text()='Error']"}
RESULT: {"using":"xpath","value":"//span[text()='Error']"}
COMMAND: POST /session/e7d3dbf776b8e457be14300e2a759e7d/element - {"using":"xpath","value":"//button[@data-kt=\"masterHOAddButton\"]"}
RESULT: {"using":"xpath","value":"//button[@data-kt=\"masterHOAddButton\"]"}
COMMAND: POST /session/e7d3dbf776b8e457be14300e2a759e7d/elements - {"using":"xpath","value":"//button[@data-kt=\"masterHOAddButton\"]"}
RESULT: {"using":"xpath","value":"//button[@data-kt=\"masterHOAddButton\"]"}
COMMAND: POST /session/e7d3dbf776b8e457be14300e2a759e7d/execute/sync - {"script":"<script> [8489 bytes]","args":[{"element-6066-11e4-a52e-4f735466cecf":"f.A3F04CE5D85C258E01EAA3234DD55B89.d.0B1B370CB1467EB0A715E6D49F5AF893.e.5861","ELEMENT":"f.A3F04CE5D85C258E01EAA3234DD55B89.d.0B1B370CB1467EB0A715E6D49F5AF893.e.5861"}]}
RESULT: {"script":"<script> [8489 bytes]","args":[{"element-6066-11e4-a52e-4f735466cecf":"f.A3F04CE5D85C258E01EAA3234DD55B89.d.0B1B370CB1467EB0A715E6D49F5AF893.e.5861","ELEMENT":"f.A3F04CE5D85C258E01EAA3234DD55B89.d.0B1B370CB1467EB0A715E6D49F5AF893.e.5861"}]}
COMMAND: GET /session/e7d3dbf776b8e457be14300e2a759e7d/element/f.A3F04CE5D85C258E01EAA3234DD55B89.d.0B1B370CB1467EB0A715E6D49F5AF893.e.5861/enabled - {}
COMMAND: GET /session/e7d3dbf776b8e457be14300e2a759e7d/screenshot - {}
RESULT: {}
COMMAND: POST /session/e7d3dbf776b8e457be14300e2a759e7d/execute/sync - {"script":"<script> [8489 bytes]","args":[{"element-6066-11e4-a52e-4f735466cecf":"f.A3F04CE5D85C258E01EAA3234DD55B89.d.0B1B370CB1467EB0A715E6D49F5AF893.e.5861","ELEMENT":"f.A3F04CE5D85C258E01EAA3234DD55B89.d.0B1B370CB1467EB0A715E6D49F5AF893.e.5861"}]}
COMMAND: GET /session/e7d3dbf776b8e457be14300e2a759e7d/screenshot - {}
RESULT: {}
RESULT: {"script":"<script> [8489 bytes]","args":[{"element-6066-11e4-a52e-4f735466cecf":"f.A3F04CE5D85C258E01EAA3234DD55B89.d.0B1B370CB1467EB0A715E6D49F5AF893.e.5861","ELEMENT":"f.A3F04CE5D85C258E01EAA3234DD55B89.d.0B1B370CB1467EB0A715E6D49F5AF893.e.5861"}]}
COMMAND: POST /session/e7d3dbf776b8e457be14300e2a759e7d/execute/sync - {"script":"<script> [5351 bytes]","args":[{"element-6066-11e4-a52e-4f735466cecf":"f.A3F04CE5D85C258E01EAA3234DD55B89.d.0B1B370CB1467EB0A715E6D49F5AF893.e.5861","ELEMENT":"f.A3F04CE5D85C258E01EAA3234DD55B89.d.0B1B370CB1467EB0A715E6D49F5AF893.e.5861"}]}
COMMAND: GET /session/e7d3dbf776b8e457be14300e2a759e7d/screenshot - {}
RESULT: {}
RESULT: {"script":"<script> [5351 bytes]","args":[{"element-6066-11e4-a52e-4f735466cecf":"f.A3F04CE5D85C258E01EAA3234DD55B89.d.0B1B370CB1467EB0A715E6D49F5AF893.e.5861","ELEMENT":"f.A3F04CE5D85C258E01EAA3234DD55B89.d.0B1B370CB1467EB0A715E6D49F5AF893.e.5861"}]}
COMMAND: GET /session/e7d3dbf776b8e457be14300e2a759e7d/screenshot - {}
RESULT: {}
RESULT: {}
COMMAND: POST /session/e7d3dbf776b8e457be14300e2a759e7d/element - {"using":"xpath","value":"//input[contains(@id ,\"smartFilterBar-btnBasicSearch-I\")]"}
RESULT: {"using":"xpath","value":"//input[contains(@id ,\"smartFilterBar-btnBasicSearch-I\")]"}
COMMAND: POST /session/e7d3dbf776b8e457be14300e2a759e7d/element/f.A3F04CE5D85C258E01EAA3234DD55B89.d.0B1B370CB1467EB0A715E6D49F5AF893.e.5835/clear - {}
RESULT: {}
COMMAND: POST /session/e7d3dbf776b8e457be14300e2a759e7d/element/f.A3F04CE5D85C258E01EAA3234DD55B89.d.0B1B370CB1467EB0A715E6D49F5AF893.e.5835/value - {"text":"30801"}
COMMAND: GET /session/e7d3dbf776b8e457be14300e2a759e7d/screenshot - {}
RESULT: {"text":"30801"}
COMMAND: GET /session/e7d3dbf776b8e457be14300e2a759e7d/screenshot - {}
RESULT: {}
RESULT: {}
COMMAND: POST /session/e7d3dbf776b8e457be14300e2a759e7d/actions - {"actions":[{"id":"action18","type":"key","parameters":{},"actions":[{"type":"keyDown","value":""},{"type":"pause","duration":10},{"type":"keyUp","value":""}]}]}
RESULT: {"actions":[{"id":"action18","type":"key","parameters":{},"actions":[{"type":"keyDown","value":""},{"type":"pause","duration":10},{"type":"keyUp","value":""}]}]}
COMMAND: GET /session/e7d3dbf776b8e457be14300e2a759e7d/screenshot - {}
RESULT: {}
COMMAND: POST /session/e7d3dbf776b8e457be14300e2a759e7d/element - {"using":"xpath","value":"//span[contains(@id, \"smartTable-header-inner\")]"}
RESULT: {"using":"xpath","value":"//span[contains(@id, \"smartTable-header-inner\")]"}
COMMAND: POST /session/e7d3dbf776b8e457be14300e2a759e7d/elements - {"using":"xpath","value":"//span[contains(@id, \"smartTable-header-inner\")]"}
RESULT: {"using":"xpath","value":"//span[contains(@id, \"smartTable-header-inner\")]"}
COMMAND: POST /session/e7d3dbf776b8e457be14300e2a759e7d/execute/sync - {"script":"<script> [56 bytes]","args":[{"element-6066-11e4-a52e-4f735466cecf":"f.A3F04CE5D85C258E01EAA3234DD55B89.d.0B1B370CB1467EB0A715E6D49F5AF893.e.5963","ELEMENT":"f.A3F04CE5D85C258E01EAA3234DD55B89.d.0B1B370CB1467EB0A715E6D49F5AF893.e.5963"}]}
RESULT: {"script":"<script> [56 bytes]","args":[{"element-6066-11e4-a52e-4f735466cecf":"f.A3F04CE5D85C258E01EAA3234DD55B89.d.0B1B370CB1467EB0A715E6D49F5AF893.e.5963","ELEMENT":"f.A3F04CE5D85C258E01EAA3234DD55B89.d.0B1B370CB1467EB0A715E6D49F5AF893.e.5963"}]}
COMMAND: POST /session/e7d3dbf776b8e457be14300e2a759e7d/element - {"using":"xpath","value":"(//span[contains(@id, \"imgNav\")])[1]"}
COMMAND: GET /session/e7d3dbf776b8e457be14300e2a759e7d/screenshot - {}
RESULT: {"using":"xpath","value":"(//span[contains(@id, \"imgNav\")])[1]"}
COMMAND: POST /session/e7d3dbf776b8e457be14300e2a759e7d/element/f.A3F04CE5D85C258E01EAA3234DD55B89.d.0B1B370CB1467EB0A715E6D49F5AF893.e.5962/click - {}
RESULT: {}
RESULT: {}
COMMAND: GET /session/e7d3dbf776b8e457be14300e2a759e7d/screenshot - {}
RESULT: {}
COMMAND: POST /session/e7d3dbf776b8e457be14300e2a759e7d/element - {"using":"xpath","value":"//section[contains(@id, \"detailManageHO--headerContentForm--FC-NoHead\")]/div/div[4]/div[2]/div/span"}
RESULT: {"using":"xpath","value":"//section[contains(@id, \"detailManageHO--headerContentForm--FC-NoHead\")]/div/div[4]/div[2]/div/span"}
COMMAND: POST /session/e7d3dbf776b8e457be14300e2a759e7d/elements - {"using":"xpath","value":"//section[contains(@id, \"detailManageHO--headerContentForm--FC-NoHead\")]/div/div[4]/div[2]/div/span"}
RESULT: {"using":"xpath","value":"//section[contains(@id, \"detailManageHO--headerContentForm--FC-NoHead\")]/div/div[4]/div[2]/div/span"}
COMMAND: POST /session/e7d3dbf776b8e457be14300e2a759e7d/execute/sync - {"script":"<script> [56 bytes]","args":[{"element-6066-11e4-a52e-4f735466cecf":"f.A3F04CE5D85C258E01EAA3234DD55B89.d.0B1B370CB1467EB0A715E6D49F5AF893.e.6048","ELEMENT":"f.A3F04CE5D85C258E01EAA3234DD55B89.d.0B1B370CB1467EB0A715E6D49F5AF893.e.6048"}]}
RESULT: {"script":"<script> [56 bytes]","args":[{"element-6066-11e4-a52e-4f735466cecf":"f.A3F04CE5D85C258E01EAA3234DD55B89.d.0B1B370CB1467EB0A715E6D49F5AF893.e.6048","ELEMENT":"f.A3F04CE5D85C258E01EAA3234DD55B89.d.0B1B370CB1467EB0A715E6D49F5AF893.e.6048"}]}
COMMAND: POST /session/e7d3dbf776b8e457be14300e2a759e7d/element - {"using":"xpath","value":"//a[contains(@data-kt ,\"GeneralSectionSendContractLink\")]"}
COMMAND: GET /session/e7d3dbf776b8e457be14300e2a759e7d/screenshot - {}
RESULT: {"using":"xpath","value":"//a[contains(@data-kt ,\"GeneralSectionSendContractLink\")]"}
COMMAND: POST /session/e7d3dbf776b8e457be14300e2a759e7d/element/f.A3F04CE5D85C258E01EAA3234DD55B89.d.0B1B370CB1467EB0A715E6D49F5AF893.e.6049/click - {}
RESULT: {}
RESULT: {}
COMMAND: GET /session/e7d3dbf776b8e457be14300e2a759e7d/screenshot - {}
RESULT: {}
COMMAND: POST /session/e7d3dbf776b8e457be14300e2a759e7d/element - {"using":"xpath","value":"//a[contains(@data-kt ,\"ContextMenuId2Link\")]"}
RESULT: {"using":"xpath","value":"//a[contains(@data-kt ,\"ContextMenuId2Link\")]"}
COMMAND: POST /session/e7d3dbf776b8e457be14300e2a759e7d/element/f.A3F04CE5D85C258E01EAA3234DD55B89.d.0B1B370CB1467EB0A715E6D49F5AF893.e.6052/click - {}
RESULT: {}
COMMAND: GET /session/e7d3dbf776b8e457be14300e2a759e7d/screenshot - {}
RESULT: {}
COMMAND: POST /session/e7d3dbf776b8e457be14300e2a759e7d/execute/async - {"script":"<script> [1562 bytes]","args":[{"selector":{"id":"headerBillingItemsTabFilter","viewName":"etm.portal.ui.managecontracts.view.Detail","interaction":{"idSuffix":"text"}},"wdio_ui5_key":"headerBillingItemsTabFilteretmportal.ui.managecontracts.view.Detail"}]}
RESULT: {"script":"<script> [1562 bytes]","args":[{"selector":{"id":"headerBillingItemsTabFilter","viewName":"etm.portal.ui.managecontracts.view.Detail","interaction":{"idSuffix":"text"}},"wdio_ui5_key":"headerBillingItemsTabFilteretmportal.ui.managecontracts.view.Detail"}]}
RESULT: undefined
COMMAND: POST /session/e7d3dbf776b8e457be14300e2a759e7d/element - {"using":"xpath","value":"//*[@id=\"__xmlview62--headerBillingItemsTabFilter\"]"}
RESULT: {"using":"xpath","value":"//*[@id=\"__xmlview62--headerBillingItemsTabFilter\"]"}
COMMAND: POST /session/e7d3dbf776b8e457be14300e2a759e7d/element/f.A3F04CE5D85C258E01EAA3234DD55B89.d.0B1B370CB1467EB0A715E6D49F5AF893.e.6279/click - {}
RESULT: {}
COMMAND: GET /session/e7d3dbf776b8e457be14300e2a759e7d/screenshot - {}
RESULT: {}
COMMAND: POST /session/e7d3dbf776b8e457be14300e2a759e7d/element - {"using":"xpath","value":"//table[contains(@id, \"ProductsTable-listUl\")]/tbody/tr[1]/td[6]/div/span"}
RESULT: {"using":"xpath","value":"//table[contains(@id, \"ProductsTable-listUl\")]/tbody/tr[1]/td[6]/div/span"}
COMMAND: POST /session/e7d3dbf776b8e457be14300e2a759e7d/elements - {"using":"xpath","value":"//table[contains(@id, \"ProductsTable-listUl\")]/tbody/tr[1]/td[6]/div/span"}
RESULT: {"using":"xpath","value":"//table[contains(@id, \"ProductsTable-listUl\")]/tbody/tr[1]/td[6]/div/span"}
COMMAND: POST /session/e7d3dbf776b8e457be14300e2a759e7d/execute/sync - {"script":"<script> [56 bytes]","args":[{"element-6066-11e4-a52e-4f735466cecf":"f.A3F04CE5D85C258E01EAA3234DD55B89.d.0B1B370CB1467EB0A715E6D49F5AF893.e.6283","ELEMENT":"f.A3F04CE5D85C258E01EAA3234DD55B89.d.0B1B370CB1467EB0A715E6D49F5AF893.e.6283"}]}
RESULT: {"script":"<script> [56 bytes]","args":[{"element-6066-11e4-a52e-4f735466cecf":"f.A3F04CE5D85C258E01EAA3234DD55B89.d.0B1B370CB1467EB0A715E6D49F5AF893.e.6283","ELEMENT":"f.A3F04CE5D85C258E01EAA3234DD55B89.d.0B1B370CB1467EB0A715E6D49F5AF893.e.6283"}]}
COMMAND: POST /session/e7d3dbf776b8e457be14300e2a759e7d/element - {"using":"css selector","value":"#shell-header-logo"}
COMMAND: GET /session/e7d3dbf776b8e457be14300e2a759e7d/screenshot - {}
RESULT: {"using":"css selector","value":"#shell-header-logo"}
COMMAND: POST /session/e7d3dbf776b8e457be14300e2a759e7d/element/f.A3F04CE5D85C258E01EAA3234DD55B89.d.0B1B370CB1467EB0A715E6D49F5AF893.e.5833/click - {}
RESULT: {}
RESULT: {}
COMMAND: GET /session/e7d3dbf776b8e457be14300e2a759e7d/screenshot - {}
RESULT: {}
COMMAND: DELETE /session/e7d3dbf776b8e457be14300e2a759e7d - {}
RESULT: {}
]]></system-out>
    </testcase>
  </testsuite>
</testsuites>