<?xml version="1.0" encoding="UTF-8"?>
<testsuites tests="17" failures="2" errors="2" skipped="0">
  <testsuite timestamp="2025-06-02T17:28:23" time="1690.584" tests="13" failures="1" errors="1" skipped="0">
    <properties>
      <property name="specId" value="0" />
      <property name="suiteName" value="Partner specific tests US150819 US151080 US151654 US151176 US103444 US151078 US151079 US151109 US151174 US151175 US151189" />
      <property name="capabilities" value="chrome.136_0_7103_93.windows" />
      <property name="file" value="file:///D:/a/1/s/test/specs/BTS/manage-partners.spec.js" />
    </properties>
    <testcase classname="chrome.136_0_7103_93.windows.Partner_specific_tests_US150819_US151080_US151654_US151176_US103444_US151078_US151079_US151109_US151174_US151175_US151189" name="Should create a new yard prerequisite" time="149.542">
      <system-out><![CDATA[
COMMAND: POST /session/13ff36e378d374199407c6416a2f579d/window/fullscreen - {}
RESULT: {}
COMMAND: POST /session/13ff36e378d374199407c6416a2f579d/element - {"using":"xpath","value":"//li[.//span[text()=\"Manage Partners\"]]"}
RESULT: {"using":"xpath","value":"//li[.//span[text()=\"Manage Partners\"]]"}
COMMAND: POST /session/13ff36e378d374199407c6416a2f579d/element - {"using":"xpath","value":"//li[.//span[text()=\"Manage Partners\"]]"}
RESULT: {"using":"xpath","value":"//li[.//span[text()=\"Manage Partners\"]]"}
COMMAND: POST /session/13ff36e378d374199407c6416a2f579d/element - {"using":"css selector","value":"#shell-header-logo"}
RESULT: {"using":"css selector","value":"#shell-header-logo"}
COMMAND: POST /session/13ff36e378d374199407c6416a2f579d/element/f.3D100000B49E76A23DA3328AC6F96CCC.d.5614AE084FBA3FA4F7FCA743EB026525.e.263/click - {}
COMMAND: POST /session/13ff36e378d374199407c6416a2f579d/execute/sync - {"script":"<script> [8489 bytes]","args":[{"element-6066-11e4-a52e-4f735466cecf":"f.3D100000B49E76A23DA3328AC6F96CCC.d.5614AE084FBA3FA4F7FCA743EB026525.e.263","ELEMENT":"f.3D100000B49E76A23DA3328AC6F96CCC.d.5614AE084FBA3FA4F7FCA743EB026525.e.263"}]}
RESULT: {}
COMMAND: GET /session/13ff36e378d374199407c6416a2f579d/screenshot - {}
RESULT: {"script":"<script> [8489 bytes]","args":[{"element-6066-11e4-a52e-4f735466cecf":"f.3D100000B49E76A23DA3328AC6F96CCC.d.5614AE084FBA3FA4F7FCA743EB026525.e.263","ELEMENT":"f.3D100000B49E76A23DA3328AC6F96CCC.d.5614AE084FBA3FA4F7FCA743EB026525.e.263"}]}
COMMAND: POST /session/13ff36e378d374199407c6416a2f579d/execute/sync - {"script":"<script> [5351 bytes]","args":[{"element-6066-11e4-a52e-4f735466cecf":"f.3D100000B49E76A23DA3328AC6F96CCC.d.5614AE084FBA3FA4F7FCA743EB026525.e.263","ELEMENT":"f.3D100000B49E76A23DA3328AC6F96CCC.d.5614AE084FBA3FA4F7FCA743EB026525.e.263"}]}
COMMAND: GET /session/13ff36e378d374199407c6416a2f579d/screenshot - {}
RESULT: {}
RESULT: {"script":"<script> [5351 bytes]","args":[{"element-6066-11e4-a52e-4f735466cecf":"f.3D100000B49E76A23DA3328AC6F96CCC.d.5614AE084FBA3FA4F7FCA743EB026525.e.263","ELEMENT":"f.3D100000B49E76A23DA3328AC6F96CCC.d.5614AE084FBA3FA4F7FCA743EB026525.e.263"}]}
COMMAND: GET /session/13ff36e378d374199407c6416a2f579d/screenshot - {}
RESULT: {}
RESULT: {}
COMMAND: POST /session/13ff36e378d374199407c6416a2f579d/execute/async - {"script":"<script> [1562 bytes]","args":[{"selector":{"controlType":"sap.m.GenericTile","properties":{"header":"Manage Yards"}},"wdio_ui5_key":"sapm.GenericTile{\"header\":\"Manage Yards\"}"}]}
RESULT: {"script":"<script> [1562 bytes]","args":[{"selector":{"controlType":"sap.m.GenericTile","properties":{"header":"Manage Yards"}},"wdio_ui5_key":"sapm.GenericTile{\"header\":\"Manage Yards\"}"}]}
RESULT: undefined
COMMAND: POST /session/13ff36e378d374199407c6416a2f579d/element - {"using":"xpath","value":"//*[@id=\"__tile41\"]"}
RESULT: {"using":"xpath","value":"//*[@id=\"__tile41\"]"}
COMMAND: POST /session/13ff36e378d374199407c6416a2f579d/element/f.3D100000B49E76A23DA3328AC6F96CCC.d.5614AE084FBA3FA4F7FCA743EB026525.e.163/click - {}
RESULT: {}
COMMAND: GET /session/13ff36e378d374199407c6416a2f579d/screenshot - {}
RESULT: {}
COMMAND: POST /session/13ff36e378d374199407c6416a2f579d/elements - {"using":"xpath","value":"//span[text()='Error']"}
RESULT: {"using":"xpath","value":"//span[text()='Error']"}
COMMAND: POST /session/13ff36e378d374199407c6416a2f579d/element - {"using":"xpath","value":"//button[@data-kt=\"addNewYardOverflowToolbarButton\"]"}
RESULT: {"using":"xpath","value":"//button[@data-kt=\"addNewYardOverflowToolbarButton\"]"}
COMMAND: POST /session/13ff36e378d374199407c6416a2f579d/elements - {"using":"xpath","value":"//button[@data-kt=\"addNewYardOverflowToolbarButton\"]"}
RESULT: {"using":"xpath","value":"//button[@data-kt=\"addNewYardOverflowToolbarButton\"]"}
COMMAND: POST /session/13ff36e378d374199407c6416a2f579d/elements - {"using":"xpath","value":"//button[@data-kt=\"addNewYardOverflowToolbarButton\"]"}
RESULT: {"using":"xpath","value":"//button[@data-kt=\"addNewYardOverflowToolbarButton\"]"}
COMMAND: POST /session/13ff36e378d374199407c6416a2f579d/elements - {"using":"xpath","value":"//button[@data-kt=\"addNewYardOverflowToolbarButton\"]"}
RESULT: {"using":"xpath","value":"//button[@data-kt=\"addNewYardOverflowToolbarButton\"]"}
COMMAND: POST /session/13ff36e378d374199407c6416a2f579d/elements - {"using":"xpath","value":"//button[@data-kt=\"addNewYardOverflowToolbarButton\"]"}
RESULT: {"using":"xpath","value":"//button[@data-kt=\"addNewYardOverflowToolbarButton\"]"}
COMMAND: POST /session/13ff36e378d374199407c6416a2f579d/elements - {"using":"xpath","value":"//button[@data-kt=\"addNewYardOverflowToolbarButton\"]"}
RESULT: {"using":"xpath","value":"//button[@data-kt=\"addNewYardOverflowToolbarButton\"]"}
COMMAND: POST /session/13ff36e378d374199407c6416a2f579d/elements - {"using":"xpath","value":"//button[@data-kt=\"addNewYardOverflowToolbarButton\"]"}
RESULT: {"using":"xpath","value":"//button[@data-kt=\"addNewYardOverflowToolbarButton\"]"}
COMMAND: POST /session/13ff36e378d374199407c6416a2f579d/elements - {"using":"xpath","value":"//button[@data-kt=\"addNewYardOverflowToolbarButton\"]"}
RESULT: {"using":"xpath","value":"//button[@data-kt=\"addNewYardOverflowToolbarButton\"]"}
COMMAND: POST /session/13ff36e378d374199407c6416a2f579d/elements - {"using":"xpath","value":"//button[@data-kt=\"addNewYardOverflowToolbarButton\"]"}
RESULT: {"using":"xpath","value":"//button[@data-kt=\"addNewYardOverflowToolbarButton\"]"}
COMMAND: POST /session/13ff36e378d374199407c6416a2f579d/elements - {"using":"xpath","value":"//button[@data-kt=\"addNewYardOverflowToolbarButton\"]"}
RESULT: {"using":"xpath","value":"//button[@data-kt=\"addNewYardOverflowToolbarButton\"]"}
COMMAND: POST /session/13ff36e378d374199407c6416a2f579d/elements - {"using":"xpath","value":"//button[@data-kt=\"addNewYardOverflowToolbarButton\"]"}
RESULT: {"using":"xpath","value":"//button[@data-kt=\"addNewYardOverflowToolbarButton\"]"}
COMMAND: POST /session/13ff36e378d374199407c6416a2f579d/elements - {"using":"xpath","value":"//button[@data-kt=\"addNewYardOverflowToolbarButton\"]"}
RESULT: {"using":"xpath","value":"//button[@data-kt=\"addNewYardOverflowToolbarButton\"]"}
COMMAND: POST /session/13ff36e378d374199407c6416a2f579d/elements - {"using":"xpath","value":"//button[@data-kt=\"addNewYardOverflowToolbarButton\"]"}
RESULT: {"using":"xpath","value":"//button[@data-kt=\"addNewYardOverflowToolbarButton\"]"}
COMMAND: POST /session/13ff36e378d374199407c6416a2f579d/element - {"using":"xpath","value":"//button[@data-kt=\"addNewYardOverflowToolbarButton\"]"}
RESULT: {"using":"xpath","value":"//button[@data-kt=\"addNewYardOverflowToolbarButton\"]"}
COMMAND: POST /session/13ff36e378d374199407c6416a2f579d/execute/sync - {"script":"<script> [8489 bytes]","args":[{"element-6066-11e4-a52e-4f735466cecf":"f.3D100000B49E76A23DA3328AC6F96CCC.d.5614AE084FBA3FA4F7FCA743EB026525.e.295","ELEMENT":"f.3D100000B49E76A23DA3328AC6F96CCC.d.5614AE084FBA3FA4F7FCA743EB026525.e.295"}]}
RESULT: {"script":"<script> [8489 bytes]","args":[{"element-6066-11e4-a52e-4f735466cecf":"f.3D100000B49E76A23DA3328AC6F96CCC.d.5614AE084FBA3FA4F7FCA743EB026525.e.295","ELEMENT":"f.3D100000B49E76A23DA3328AC6F96CCC.d.5614AE084FBA3FA4F7FCA743EB026525.e.295"}]}
COMMAND: GET /session/13ff36e378d374199407c6416a2f579d/element/f.3D100000B49E76A23DA3328AC6F96CCC.d.5614AE084FBA3FA4F7FCA743EB026525.e.295/enabled - {}
COMMAND: GET /session/13ff36e378d374199407c6416a2f579d/screenshot - {}
RESULT: {}
COMMAND: POST /session/13ff36e378d374199407c6416a2f579d/execute/sync - {"script":"<script> [8489 bytes]","args":[{"element-6066-11e4-a52e-4f735466cecf":"f.3D100000B49E76A23DA3328AC6F96CCC.d.5614AE084FBA3FA4F7FCA743EB026525.e.295","ELEMENT":"f.3D100000B49E76A23DA3328AC6F96CCC.d.5614AE084FBA3FA4F7FCA743EB026525.e.295"}]}
COMMAND: GET /session/13ff36e378d374199407c6416a2f579d/screenshot - {}
RESULT: {}
RESULT: {"script":"<script> [8489 bytes]","args":[{"element-6066-11e4-a52e-4f735466cecf":"f.3D100000B49E76A23DA3328AC6F96CCC.d.5614AE084FBA3FA4F7FCA743EB026525.e.295","ELEMENT":"f.3D100000B49E76A23DA3328AC6F96CCC.d.5614AE084FBA3FA4F7FCA743EB026525.e.295"}]}
COMMAND: POST /session/13ff36e378d374199407c6416a2f579d/execute/sync - {"script":"<script> [5351 bytes]","args":[{"element-6066-11e4-a52e-4f735466cecf":"f.3D100000B49E76A23DA3328AC6F96CCC.d.5614AE084FBA3FA4F7FCA743EB026525.e.295","ELEMENT":"f.3D100000B49E76A23DA3328AC6F96CCC.d.5614AE084FBA3FA4F7FCA743EB026525.e.295"}]}
COMMAND: GET /session/13ff36e378d374199407c6416a2f579d/screenshot - {}
RESULT: {}
RESULT: {"script":"<script> [5351 bytes]","args":[{"element-6066-11e4-a52e-4f735466cecf":"f.3D100000B49E76A23DA3328AC6F96CCC.d.5614AE084FBA3FA4F7FCA743EB026525.e.295","ELEMENT":"f.3D100000B49E76A23DA3328AC6F96CCC.d.5614AE084FBA3FA4F7FCA743EB026525.e.295"}]}
COMMAND: POST /session/13ff36e378d374199407c6416a2f579d/element/f.3D100000B49E76A23DA3328AC6F96CCC.d.5614AE084FBA3FA4F7FCA743EB026525.e.295/click - {}
COMMAND: GET /session/13ff36e378d374199407c6416a2f579d/screenshot - {}
RESULT: {}
RESULT: {}
COMMAND: GET /session/13ff36e378d374199407c6416a2f579d/screenshot - {}
RESULT: {}
RESULT: {}
COMMAND: POST /session/13ff36e378d374199407c6416a2f579d/element - {"using":"xpath","value":"//input[@id=\"application-manageyards-display-component---NewYard--yardId-inner\"]"}
RESULT: {"using":"xpath","value":"//input[@id=\"application-manageyards-display-component---NewYard--yardId-inner\"]"}
COMMAND: POST /session/13ff36e378d374199407c6416a2f579d/element - {"using":"xpath","value":"//input[@id=\"application-manageyards-display-component---NewYard--yardId-inner\"]"}
RESULT: {"using":"xpath","value":"//input[@id=\"application-manageyards-display-component---NewYard--yardId-inner\"]"}
COMMAND: POST /session/13ff36e378d374199407c6416a2f579d/execute/async - {"script":"<script> [1562 bytes]","args":[{"selector":{"id":"application-manageyards-display-component---NewYard--addressDetailDetailsName1","interaction":{"idSuffix":"inner"}},"wdio_ui5_key":"applicationmanageyards-display-component---NewYard--addressDetailDetailsName1"}]}
RESULT: {"script":"<script> [1562 bytes]","args":[{"selector":{"id":"application-manageyards-display-component---NewYard--addressDetailDetailsName1","interaction":{"idSuffix":"inner"}},"wdio_ui5_key":"applicationmanageyards-display-component---NewYard--addressDetailDetailsName1"}]}
RESULT: undefined
COMMAND: POST /session/13ff36e378d374199407c6416a2f579d/execute/async - {"script":"<script> [776 bytes]","args":[{"enterText":"Intracompany Yard wdIO","selector":{"id":"application-manageyards-display-component---NewYard--addressDetailDetailsName1","interaction":{"idSuffix":"inner"}},"clearTextFirst":true,"interactionType":"ENTER_TEXT"}]}
RESULT: {"script":"<script> [776 bytes]","args":[{"enterText":"Intracompany Yard wdIO","selector":{"id":"application-manageyards-display-component---NewYard--addressDetailDetailsName1","interaction":{"idSuffix":"inner"}},"clearTextFirst":true,"interactionType":"ENTER_TEXT"}]}
COMMAND: POST /session/13ff36e378d374199407c6416a2f579d/execute/async - {"script":"<script> [1562 bytes]","args":[{"selector":{"id":"application-manageyards-display-component---NewYard--addressDetailDetailsLanguage-arrow"},"wdio_ui5_key":"applicationmanageyards-display-component---NewYard--addressDetailDetailsLanguage-arrow"}]}
RESULT: {"script":"<script> [1562 bytes]","args":[{"selector":{"id":"application-manageyards-display-component---NewYard--addressDetailDetailsLanguage-arrow"},"wdio_ui5_key":"applicationmanageyards-display-component---NewYard--addressDetailDetailsLanguage-arrow"}]}
RESULT: undefined
COMMAND: POST /session/13ff36e378d374199407c6416a2f579d/element - {"using":"xpath","value":"//*[@id=\"application-manageyards-display-component---NewYard--addressDetailDetailsLanguage-arrow\"]"}
RESULT: {"using":"xpath","value":"//*[@id=\"application-manageyards-display-component---NewYard--addressDetailDetailsLanguage-arrow\"]"}
COMMAND: POST /session/13ff36e378d374199407c6416a2f579d/element/f.3D100000B49E76A23DA3328AC6F96CCC.d.5614AE084FBA3FA4F7FCA743EB026525.e.724/click - {}
RESULT: {}
COMMAND: POST /session/13ff36e378d374199407c6416a2f579d/element - {"using":"xpath","value":"//span[contains(text(), \"English\")]"}
COMMAND: GET /session/13ff36e378d374199407c6416a2f579d/screenshot - {}
RESULT: {"using":"xpath","value":"//span[contains(text(), \"English\")]"}
COMMAND: POST /session/13ff36e378d374199407c6416a2f579d/element/f.3D100000B49E76A23DA3328AC6F96CCC.d.5614AE084FBA3FA4F7FCA743EB026525.e.725/click - {}
RESULT: {}
RESULT: {}
COMMAND: POST /session/13ff36e378d374199407c6416a2f579d/execute/async - {"script":"<script> [1562 bytes]","args":[{"selector":{"id":"application-manageyards-display-component---NewYard--addressDetailDetailsCity1","interaction":{"idSuffix":"inner"}},"wdio_ui5_key":"applicationmanageyards-display-component---NewYard--addressDetailDetailsCity1"}]}
COMMAND: GET /session/13ff36e378d374199407c6416a2f579d/screenshot - {}
RESULT: {"script":"<script> [1562 bytes]","args":[{"selector":{"id":"application-manageyards-display-component---NewYard--addressDetailDetailsCity1","interaction":{"idSuffix":"inner"}},"wdio_ui5_key":"applicationmanageyards-display-component---NewYard--addressDetailDetailsCity1"}]}
RESULT: undefined
COMMAND: POST /session/13ff36e378d374199407c6416a2f579d/execute/async - {"script":"<script> [776 bytes]","args":[{"enterText":"Rosario","selector":{"id":"application-manageyards-display-component---NewYard--addressDetailDetailsCity1","interaction":{"idSuffix":"inner"}},"clearTextFirst":true,"interactionType":"ENTER_TEXT"}]}
RESULT: {}
RESULT: {"script":"<script> [776 bytes]","args":[{"enterText":"Rosario","selector":{"id":"application-manageyards-display-component---NewYard--addressDetailDetailsCity1","interaction":{"idSuffix":"inner"}},"clearTextFirst":true,"interactionType":"ENTER_TEXT"}]}
COMMAND: POST /session/13ff36e378d374199407c6416a2f579d/execute/async - {"script":"<script> [1562 bytes]","args":[{"selector":{"id":"application-manageyards-display-component---NewYard--addressDetailDetailsCountry-arrow"},"wdio_ui5_key":"applicationmanageyards-display-component---NewYard--addressDetailDetailsCountry-arrow"}]}
RESULT: {"script":"<script> [1562 bytes]","args":[{"selector":{"id":"application-manageyards-display-component---NewYard--addressDetailDetailsCountry-arrow"},"wdio_ui5_key":"applicationmanageyards-display-component---NewYard--addressDetailDetailsCountry-arrow"}]}
RESULT: undefined
COMMAND: POST /session/13ff36e378d374199407c6416a2f579d/element - {"using":"xpath","value":"//*[@id=\"application-manageyards-display-component---NewYard--addressDetailDetailsCountry-arrow\"]"}
RESULT: {"using":"xpath","value":"//*[@id=\"application-manageyards-display-component---NewYard--addressDetailDetailsCountry-arrow\"]"}
COMMAND: POST /session/13ff36e378d374199407c6416a2f579d/element/f.3D100000B49E76A23DA3328AC6F96CCC.d.5614AE084FBA3FA4F7FCA743EB026525.e.727/click - {}
RESULT: {}
COMMAND: POST /session/13ff36e378d374199407c6416a2f579d/element - {"using":"xpath","value":"//span[contains(text(), \"Argentina\")]"}
COMMAND: GET /session/13ff36e378d374199407c6416a2f579d/screenshot - {}
RESULT: {"using":"xpath","value":"//span[contains(text(), \"Argentina\")]"}
COMMAND: POST /session/13ff36e378d374199407c6416a2f579d/element/f.3D100000B49E76A23DA3328AC6F96CCC.d.5614AE084FBA3FA4F7FCA743EB026525.e.728/click - {}
RESULT: {}
RESULT: {}
COMMAND: POST /session/13ff36e378d374199407c6416a2f579d/execute/async - {"script":"<script> [1562 bytes]","args":[{"selector":{"id":"application-manageyards-display-component---NewYard--addressEditDetailsCostObjectCstType-arrow"},"wdio_ui5_key":"applicationmanageyards-display-component---NewYard--addressEditDetailsCostObjectCstType-arrow"}]}
COMMAND: GET /session/13ff36e378d374199407c6416a2f579d/screenshot - {}
RESULT: {"script":"<script> [1562 bytes]","args":[{"selector":{"id":"application-manageyards-display-component---NewYard--addressEditDetailsCostObjectCstType-arrow"},"wdio_ui5_key":"applicationmanageyards-display-component---NewYard--addressEditDetailsCostObjectCstType-arrow"}]}
RESULT: undefined
COMMAND: POST /session/13ff36e378d374199407c6416a2f579d/element - {"using":"xpath","value":"//*[@id=\"application-manageyards-display-component---NewYard--addressEditDetailsCostObjectCstType-arrow\"]"}
RESULT: {}
RESULT: {"using":"xpath","value":"//*[@id=\"application-manageyards-display-component---NewYard--addressEditDetailsCostObjectCstType-arrow\"]"}
COMMAND: POST /session/13ff36e378d374199407c6416a2f579d/element/f.3D100000B49E76A23DA3328AC6F96CCC.d.5614AE084FBA3FA4F7FCA743EB026525.e.730/click - {}
RESULT: {}
COMMAND: POST /session/13ff36e378d374199407c6416a2f579d/element - {"using":"xpath","value":"//span[contains(text(), \"Cost Center\")]"}
COMMAND: GET /session/13ff36e378d374199407c6416a2f579d/screenshot - {}
RESULT: {"using":"xpath","value":"//span[contains(text(), \"Cost Center\")]"}
COMMAND: POST /session/13ff36e378d374199407c6416a2f579d/element/f.3D100000B49E76A23DA3328AC6F96CCC.d.5614AE084FBA3FA4F7FCA743EB026525.e.731/click - {}
RESULT: {}
RESULT: {}
COMMAND: GET /session/13ff36e378d374199407c6416a2f579d/screenshot - {}
RESULT: {}
COMMAND: POST /session/13ff36e378d374199407c6416a2f579d/element - {"using":"xpath","value":"//span[@id=\"application-manageyards-display-component---NewYard--addressNewCostObjectCstID-vhi\"]"}
RESULT: {"using":"xpath","value":"//span[@id=\"application-manageyards-display-component---NewYard--addressNewCostObjectCstID-vhi\"]"}
COMMAND: POST /session/13ff36e378d374199407c6416a2f579d/execute/sync - {"script":"<script> [8489 bytes]","args":[{"element-6066-11e4-a52e-4f735466cecf":"f.3D100000B49E76A23DA3328AC6F96CCC.d.5614AE084FBA3FA4F7FCA743EB026525.e.735","ELEMENT":"f.3D100000B49E76A23DA3328AC6F96CCC.d.5614AE084FBA3FA4F7FCA743EB026525.e.735"}]}
RESULT: {"script":"<script> [8489 bytes]","args":[{"element-6066-11e4-a52e-4f735466cecf":"f.3D100000B49E76A23DA3328AC6F96CCC.d.5614AE084FBA3FA4F7FCA743EB026525.e.735","ELEMENT":"f.3D100000B49E76A23DA3328AC6F96CCC.d.5614AE084FBA3FA4F7FCA743EB026525.e.735"}]}
COMMAND: POST /session/13ff36e378d374199407c6416a2f579d/execute/async - {"script":"<script> [1562 bytes]","args":[{"selector":{"id":"application-manageyards-display-component---NewYard--addressNewCostObjectCstID-vhi"},"wdio_ui5_key":"applicationmanageyards-display-component---NewYard--addressNewCostObjectCstID-vhi"}]}
COMMAND: GET /session/13ff36e378d374199407c6416a2f579d/screenshot - {}
RESULT: {"script":"<script> [1562 bytes]","args":[{"selector":{"id":"application-manageyards-display-component---NewYard--addressNewCostObjectCstID-vhi"},"wdio_ui5_key":"applicationmanageyards-display-component---NewYard--addressNewCostObjectCstID-vhi"}]}
RESULT: undefined
COMMAND: POST /session/13ff36e378d374199407c6416a2f579d/element - {"using":"xpath","value":"//*[@id=\"application-manageyards-display-component---NewYard--addressNewCostObjectCstID-vhi\"]"}
RESULT: {}
RESULT: {"using":"xpath","value":"//*[@id=\"application-manageyards-display-component---NewYard--addressNewCostObjectCstID-vhi\"]"}
COMMAND: POST /session/13ff36e378d374199407c6416a2f579d/element/f.3D100000B49E76A23DA3328AC6F96CCC.d.5614AE084FBA3FA4F7FCA743EB026525.e.735/click - {}
RESULT: {}
COMMAND: GET /session/13ff36e378d374199407c6416a2f579d/screenshot - {}
RESULT: {}
COMMAND: POST /session/13ff36e378d374199407c6416a2f579d/execute/async - {"script":"<script> [1562 bytes]","args":[{"selector":{"controlType":"sap.m.SearchField","properties":{"placeholder":"Search"},"searchOpenDialogs":true,"interaction":{"idSuffix":"I"}},"wdio_ui5_key":"sapm.SearchField{\"placeholder\":\"Search\"}"}]}
RESULT: {"script":"<script> [1562 bytes]","args":[{"selector":{"controlType":"sap.m.SearchField","properties":{"placeholder":"Search"},"searchOpenDialogs":true,"interaction":{"idSuffix":"I"}},"wdio_ui5_key":"sapm.SearchField{\"placeholder\":\"Search\"}"}]}
RESULT: undefined
COMMAND: POST /session/13ff36e378d374199407c6416a2f579d/execute/async - {"script":"<script> [776 bytes]","args":[{"enterText":"bauh_b","selector":{"controlType":"sap.m.SearchField","properties":{"placeholder":"Search"},"searchOpenDialogs":true,"interaction":{"idSuffix":"I"}},"clearTextFirst":true,"interactionType":"ENTER_TEXT"}]}
RESULT: {"script":"<script> [776 bytes]","args":[{"enterText":"bauh_b","selector":{"controlType":"sap.m.SearchField","properties":{"placeholder":"Search"},"searchOpenDialogs":true,"interaction":{"idSuffix":"I"}},"clearTextFirst":true,"interactionType":"ENTER_TEXT"}]}
COMMAND: POST /session/13ff36e378d374199407c6416a2f579d/actions - {"actions":[{"id":"action1","type":"key","parameters":{},"actions":[{"type":"keyDown","value":"î€‡"},{"type":"pause","duration":10},{"type":"keyUp","value":"î€‡"}]}]}
RESULT: {"actions":[{"id":"action1","type":"key","parameters":{},"actions":[{"type":"keyDown","value":"î€‡"},{"type":"pause","duration":10},{"type":"keyUp","value":"î€‡"}]}]}
COMMAND: GET /session/13ff36e378d374199407c6416a2f579d/screenshot - {}
RESULT: {}
COMMAND: POST /session/13ff36e378d374199407c6416a2f579d/element - {"using":"xpath","value":"//span[contains(text(), \"Demo Yard\")]"}
RESULT: {"using":"xpath","value":"//span[contains(text(), \"Demo Yard\")]"}
COMMAND: POST /session/13ff36e378d374199407c6416a2f579d/element/f.3D100000B49E76A23DA3328AC6F96CCC.d.5614AE084FBA3FA4F7FCA743EB026525.e.776/click - {}
RESULT: {}
COMMAND: GET /session/13ff36e378d374199407c6416a2f579d/screenshot - {}
RESULT: {}
COMMAND: POST /session/13ff36e378d374199407c6416a2f579d/element - {"using":"xpath","value":"//bdi[contains(text(), \"OK\")]"}
RESULT: {"using":"xpath","value":"//bdi[contains(text(), \"OK\")]"}
COMMAND: POST /session/13ff36e378d374199407c6416a2f579d/element/f.3D100000B49E76A23DA3328AC6F96CCC.d.5614AE084FBA3FA4F7FCA743EB026525.e.777/click - {}
RESULT: {}
COMMAND: GET /session/13ff36e378d374199407c6416a2f579d/screenshot - {}
RESULT: {}
COMMAND: POST /session/13ff36e378d374199407c6416a2f579d/execute/async - {"script":"<script> [1562 bytes]","args":[{"selector":{"id":"application-manageyards-display-component---NewYard--addressEditDetailsCurrency-arrow"},"wdio_ui5_key":"applicationmanageyards-display-component---NewYard--addressEditDetailsCurrency-arrow"}]}
RESULT: {"script":"<script> [1562 bytes]","args":[{"selector":{"id":"application-manageyards-display-component---NewYard--addressEditDetailsCurrency-arrow"},"wdio_ui5_key":"applicationmanageyards-display-component---NewYard--addressEditDetailsCurrency-arrow"}]}
RESULT: undefined
COMMAND: POST /session/13ff36e378d374199407c6416a2f579d/element - {"using":"xpath","value":"//*[@id=\"application-manageyards-display-component---NewYard--addressEditDetailsCurrency-arrow\"]"}
RESULT: {"using":"xpath","value":"//*[@id=\"application-manageyards-display-component---NewYard--addressEditDetailsCurrency-arrow\"]"}
COMMAND: POST /session/13ff36e378d374199407c6416a2f579d/element/f.3D100000B49E76A23DA3328AC6F96CCC.d.5614AE084FBA3FA4F7FCA743EB026525.e.780/click - {}
RESULT: {}
COMMAND: POST /session/13ff36e378d374199407c6416a2f579d/element - {"using":"xpath","value":"//span[contains(text(), \"Euro\")]"}
COMMAND: GET /session/13ff36e378d374199407c6416a2f579d/screenshot - {}
RESULT: {"using":"xpath","value":"//span[contains(text(), \"Euro\")]"}
COMMAND: POST /session/13ff36e378d374199407c6416a2f579d/element/f.3D100000B49E76A23DA3328AC6F96CCC.d.5614AE084FBA3FA4F7FCA743EB026525.e.781/click - {}
RESULT: {}
RESULT: {}
COMMAND: POST /session/13ff36e378d374199407c6416a2f579d/execute/async - {"script":"<script> [1562 bytes]","args":[{"selector":{"controlType":"sap.m.Input","viewName":"etm.portal.ui.manageyards.view.New","viewId":"application-manageyards-display-component---NewYard","bindingPath":{"path":"","propertyPath":"/CONTROLLING_AREA","modelName":"NewYardModel"},"interaction":{"idSuffix":"inner"}},"wdio_ui5_key":"etmportal.ui.manageyards.view.Newsap.m.Input{\"path\":\"\",\"propertyPath\":\"/CONTROLLING_AREA\",\"modelName\":\"NewYardModel\"}"}]}
COMMAND: GET /session/13ff36e378d374199407c6416a2f579d/screenshot - {}
RESULT: {"script":"<script> [1562 bytes]","args":[{"selector":{"controlType":"sap.m.Input","viewName":"etm.portal.ui.manageyards.view.New","viewId":"application-manageyards-display-component---NewYard","bindingPath":{"path":"","propertyPath":"/CONTROLLING_AREA","modelName":"NewYardModel"},"interaction":{"idSuffix":"inner"}},"wdio_ui5_key":"etmportal.ui.manageyards.view.Newsap.m.Input{\"path\":\"\",\"propertyPath\":\"/CONTROLLING_AREA\",\"modelName\":\"NewYardModel\"}"}]}
RESULT: undefined
COMMAND: POST /session/13ff36e378d374199407c6416a2f579d/execute/async - {"script":"<script> [776 bytes]","args":[{"enterText":"Z001","selector":{"controlType":"sap.m.Input","viewName":"etm.portal.ui.manageyards.view.New","viewId":"application-manageyards-display-component---NewYard","bindingPath":{"path":"","propertyPath":"/CONTROLLING_AREA","modelName":"NewYardModel"},"interaction":{"idSuffix":"inner"}},"clearTextFirst":true,"interactionType":"ENTER_TEXT"}]}
RESULT: {}
RESULT: {"script":"<script> [776 bytes]","args":[{"enterText":"Z001","selector":{"controlType":"sap.m.Input","viewName":"etm.portal.ui.manageyards.view.New","viewId":"application-manageyards-display-component---NewYard","bindingPath":{"path":"","propertyPath":"/CONTROLLING_AREA","modelName":"NewYardModel"},"interaction":{"idSuffix":"inner"}},"clearTextFirst":true,"interactionType":"ENTER_TEXT"}]}
COMMAND: POST /session/13ff36e378d374199407c6416a2f579d/execute/async - {"script":"<script> [1562 bytes]","args":[{"selector":{"id":"application-manageyards-display-component---NewYard--companyCodeComboBox","interaction":{"idSuffix":"inner"}},"wdio_ui5_key":"applicationmanageyards-display-component---NewYard--companyCodeComboBox"}]}
RESULT: {"script":"<script> [1562 bytes]","args":[{"selector":{"id":"application-manageyards-display-component---NewYard--companyCodeComboBox","interaction":{"idSuffix":"inner"}},"wdio_ui5_key":"applicationmanageyards-display-component---NewYard--companyCodeComboBox"}]}
RESULT: undefined
COMMAND: POST /session/13ff36e378d374199407c6416a2f579d/execute/async - {"script":"<script> [776 bytes]","args":[{"enterText":"1000","selector":{"id":"application-manageyards-display-component---NewYard--companyCodeComboBox","interaction":{"idSuffix":"inner"}},"clearTextFirst":true,"interactionType":"ENTER_TEXT"}]}
RESULT: {"script":"<script> [776 bytes]","args":[{"enterText":"1000","selector":{"id":"application-manageyards-display-component---NewYard--companyCodeComboBox","interaction":{"idSuffix":"inner"}},"clearTextFirst":true,"interactionType":"ENTER_TEXT"}]}
COMMAND: POST /session/13ff36e378d374199407c6416a2f579d/execute/async - {"script":"<script> [1562 bytes]","args":[{"selector":{"controlType":"sap.m.Input","viewName":"etm.portal.ui.manageyards.view.New","viewId":"application-manageyards-display-component---NewYard","bindingPath":{"path":"","propertyPath":"/PLANT","modelName":"NewYardModel"},"interaction":{"idSuffix":"inner"}},"wdio_ui5_key":"etmportal.ui.manageyards.view.Newsap.m.Input{\"path\":\"\",\"propertyPath\":\"/PLANT\",\"modelName\":\"NewYardModel\"}"}]}
RESULT: {"script":"<script> [1562 bytes]","args":[{"selector":{"controlType":"sap.m.Input","viewName":"etm.portal.ui.manageyards.view.New","viewId":"application-manageyards-display-component---NewYard","bindingPath":{"path":"","propertyPath":"/PLANT","modelName":"NewYardModel"},"interaction":{"idSuffix":"inner"}},"wdio_ui5_key":"etmportal.ui.manageyards.view.Newsap.m.Input{\"path\":\"\",\"propertyPath\":\"/PLANT\",\"modelName\":\"NewYardModel\"}"}]}
RESULT: undefined
COMMAND: POST /session/13ff36e378d374199407c6416a2f579d/execute/async - {"script":"<script> [776 bytes]","args":[{"enterText":"1001","selector":{"controlType":"sap.m.Input","viewName":"etm.portal.ui.manageyards.view.New","viewId":"application-manageyards-display-component---NewYard","bindingPath":{"path":"","propertyPath":"/PLANT","modelName":"NewYardModel"},"interaction":{"idSuffix":"inner"}},"clearTextFirst":true,"interactionType":"ENTER_TEXT"}]}
RESULT: {"script":"<script> [776 bytes]","args":[{"enterText":"1001","selector":{"controlType":"sap.m.Input","viewName":"etm.portal.ui.manageyards.view.New","viewId":"application-manageyards-display-component---NewYard","bindingPath":{"path":"","propertyPath":"/PLANT","modelName":"NewYardModel"},"interaction":{"idSuffix":"inner"}},"clearTextFirst":true,"interactionType":"ENTER_TEXT"}]}
COMMAND: POST /session/13ff36e378d374199407c6416a2f579d/execute/async - {"script":"<script> [1562 bytes]","args":[{"selector":{"controlType":"sap.m.Input","viewName":"etm.portal.ui.manageyards.view.New","viewId":"application-manageyards-display-component---NewYard","bindingPath":{"path":"","propertyPath":"/SALES_AREA_VKORG","modelName":"NewYardModel"},"interaction":{"idSuffix":"inner"}},"wdio_ui5_key":"etmportal.ui.manageyards.view.Newsap.m.Input{\"path\":\"\",\"propertyPath\":\"/SALES_AREA_VKORG\",\"modelName\":\"NewYardModel\"}"}]}
RESULT: {"script":"<script> [1562 bytes]","args":[{"selector":{"controlType":"sap.m.Input","viewName":"etm.portal.ui.manageyards.view.New","viewId":"application-manageyards-display-component---NewYard","bindingPath":{"path":"","propertyPath":"/SALES_AREA_VKORG","modelName":"NewYardModel"},"interaction":{"idSuffix":"inner"}},"wdio_ui5_key":"etmportal.ui.manageyards.view.Newsap.m.Input{\"path\":\"\",\"propertyPath\":\"/SALES_AREA_VKORG\",\"modelName\":\"NewYardModel\"}"}]}
RESULT: undefined
COMMAND: POST /session/13ff36e378d374199407c6416a2f579d/execute/async - {"script":"<script> [776 bytes]","args":[{"enterText":"C002","selector":{"controlType":"sap.m.Input","viewName":"etm.portal.ui.manageyards.view.New","viewId":"application-manageyards-display-component---NewYard","bindingPath":{"path":"","propertyPath":"/SALES_AREA_VKORG","modelName":"NewYardModel"},"interaction":{"idSuffix":"inner"}},"clearTextFirst":true,"interactionType":"ENTER_TEXT"}]}
RESULT: {"script":"<script> [776 bytes]","args":[{"enterText":"C002","selector":{"controlType":"sap.m.Input","viewName":"etm.portal.ui.manageyards.view.New","viewId":"application-manageyards-display-component---NewYard","bindingPath":{"path":"","propertyPath":"/SALES_AREA_VKORG","modelName":"NewYardModel"},"interaction":{"idSuffix":"inner"}},"clearTextFirst":true,"interactionType":"ENTER_TEXT"}]}
COMMAND: POST /session/13ff36e378d374199407c6416a2f579d/execute/async - {"script":"<script> [1562 bytes]","args":[{"selector":{"controlType":"sap.m.Input","viewName":"etm.portal.ui.manageyards.view.New","viewId":"application-manageyards-display-component---NewYard","bindingPath":{"path":"","propertyPath":"/SALES_AREA_VTWEG","modelName":"NewYardModel"},"interaction":{"idSuffix":"inner"}},"wdio_ui5_key":"etmportal.ui.manageyards.view.Newsap.m.Input{\"path\":\"\",\"propertyPath\":\"/SALES_AREA_VTWEG\",\"modelName\":\"NewYardModel\"}"}]}
RESULT: {"script":"<script> [1562 bytes]","args":[{"selector":{"controlType":"sap.m.Input","viewName":"etm.portal.ui.manageyards.view.New","viewId":"application-manageyards-display-component---NewYard","bindingPath":{"path":"","propertyPath":"/SALES_AREA_VTWEG","modelName":"NewYardModel"},"interaction":{"idSuffix":"inner"}},"wdio_ui5_key":"etmportal.ui.manageyards.view.Newsap.m.Input{\"path\":\"\",\"propertyPath\":\"/SALES_AREA_VTWEG\",\"modelName\":\"NewYardModel\"}"}]}
RESULT: undefined
COMMAND: POST /session/13ff36e378d374199407c6416a2f579d/execute/async - {"script":"<script> [776 bytes]","args":[{"enterText":"C2","selector":{"controlType":"sap.m.Input","viewName":"etm.portal.ui.manageyards.view.New","viewId":"application-manageyards-display-component---NewYard","bindingPath":{"path":"","propertyPath":"/SALES_AREA_VTWEG","modelName":"NewYardModel"},"interaction":{"idSuffix":"inner"}},"clearTextFirst":true,"interactionType":"ENTER_TEXT"}]}
RESULT: {"script":"<script> [776 bytes]","args":[{"enterText":"C2","selector":{"controlType":"sap.m.Input","viewName":"etm.portal.ui.manageyards.view.New","viewId":"application-manageyards-display-component---NewYard","bindingPath":{"path":"","propertyPath":"/SALES_AREA_VTWEG","modelName":"NewYardModel"},"interaction":{"idSuffix":"inner"}},"clearTextFirst":true,"interactionType":"ENTER_TEXT"}]}
COMMAND: POST /session/13ff36e378d374199407c6416a2f579d/execute/async - {"script":"<script> [1562 bytes]","args":[{"selector":{"controlType":"sap.m.Input","viewName":"etm.portal.ui.manageyards.view.New","viewId":"application-manageyards-display-component---NewYard","bindingPath":{"path":"","propertyPath":"/SALES_AREA_SPART","modelName":"NewYardModel"},"interaction":{"idSuffix":"inner"}},"wdio_ui5_key":"etmportal.ui.manageyards.view.Newsap.m.Input{\"path\":\"\",\"propertyPath\":\"/SALES_AREA_SPART\",\"modelName\":\"NewYardModel\"}"}]}
RESULT: {"script":"<script> [1562 bytes]","args":[{"selector":{"controlType":"sap.m.Input","viewName":"etm.portal.ui.manageyards.view.New","viewId":"application-manageyards-display-component---NewYard","bindingPath":{"path":"","propertyPath":"/SALES_AREA_SPART","modelName":"NewYardModel"},"interaction":{"idSuffix":"inner"}},"wdio_ui5_key":"etmportal.ui.manageyards.view.Newsap.m.Input{\"path\":\"\",\"propertyPath\":\"/SALES_AREA_SPART\",\"modelName\":\"NewYardModel\"}"}]}
RESULT: undefined
COMMAND: POST /session/13ff36e378d374199407c6416a2f579d/execute/async - {"script":"<script> [776 bytes]","args":[{"enterText":"C2","selector":{"controlType":"sap.m.Input","viewName":"etm.portal.ui.manageyards.view.New","viewId":"application-manageyards-display-component---NewYard","bindingPath":{"path":"","propertyPath":"/SALES_AREA_SPART","modelName":"NewYardModel"},"interaction":{"idSuffix":"inner"}},"clearTextFirst":true,"interactionType":"ENTER_TEXT"}]}
RESULT: {"script":"<script> [776 bytes]","args":[{"enterText":"C2","selector":{"controlType":"sap.m.Input","viewName":"etm.portal.ui.manageyards.view.New","viewId":"application-manageyards-display-component---NewYard","bindingPath":{"path":"","propertyPath":"/SALES_AREA_SPART","modelName":"NewYardModel"},"interaction":{"idSuffix":"inner"}},"clearTextFirst":true,"interactionType":"ENTER_TEXT"}]}
COMMAND: POST /session/13ff36e378d374199407c6416a2f579d/execute/async - {"script":"<script> [1562 bytes]","args":[{"selector":{"controlType":"sap.m.Input","viewName":"etm.portal.ui.manageyards.view.New","viewId":"application-manageyards-display-component---NewYard","bindingPath":{"path":"","propertyPath":"/SHIP_POINT","modelName":"NewYardModel"},"interaction":{"idSuffix":"inner"}},"wdio_ui5_key":"etmportal.ui.manageyards.view.Newsap.m.Input{\"path\":\"\",\"propertyPath\":\"/SHIP_POINT\",\"modelName\":\"NewYardModel\"}"}]}
RESULT: {"script":"<script> [1562 bytes]","args":[{"selector":{"controlType":"sap.m.Input","viewName":"etm.portal.ui.manageyards.view.New","viewId":"application-manageyards-display-component---NewYard","bindingPath":{"path":"","propertyPath":"/SHIP_POINT","modelName":"NewYardModel"},"interaction":{"idSuffix":"inner"}},"wdio_ui5_key":"etmportal.ui.manageyards.view.Newsap.m.Input{\"path\":\"\",\"propertyPath\":\"/SHIP_POINT\",\"modelName\":\"NewYardModel\"}"}]}
RESULT: undefined
COMMAND: POST /session/13ff36e378d374199407c6416a2f579d/execute/async - {"script":"<script> [776 bytes]","args":[{"enterText":"1710","selector":{"controlType":"sap.m.Input","viewName":"etm.portal.ui.manageyards.view.New","viewId":"application-manageyards-display-component---NewYard","bindingPath":{"path":"","propertyPath":"/SHIP_POINT","modelName":"NewYardModel"},"interaction":{"idSuffix":"inner"}},"clearTextFirst":true,"interactionType":"ENTER_TEXT"}]}
RESULT: {"script":"<script> [776 bytes]","args":[{"enterText":"1710","selector":{"controlType":"sap.m.Input","viewName":"etm.portal.ui.manageyards.view.New","viewId":"application-manageyards-display-component---NewYard","bindingPath":{"path":"","propertyPath":"/SHIP_POINT","modelName":"NewYardModel"},"interaction":{"idSuffix":"inner"}},"clearTextFirst":true,"interactionType":"ENTER_TEXT"}]}
COMMAND: POST /session/13ff36e378d374199407c6416a2f579d/execute/async - {"script":"<script> [1562 bytes]","args":[{"selector":{"controlType":"sap.m.Input","viewName":"etm.portal.ui.manageyards.view.New","viewId":"application-manageyards-display-component---NewYard","bindingPath":{"path":"","propertyPath":"/DELIVERY_TYPE","modelName":"NewYardModel"},"interaction":{"idSuffix":"inner"}},"wdio_ui5_key":"etmportal.ui.manageyards.view.Newsap.m.Input{\"path\":\"\",\"propertyPath\":\"/DELIVERY_TYPE\",\"modelName\":\"NewYardModel\"}"}]}
RESULT: {"script":"<script> [1562 bytes]","args":[{"selector":{"controlType":"sap.m.Input","viewName":"etm.portal.ui.manageyards.view.New","viewId":"application-manageyards-display-component---NewYard","bindingPath":{"path":"","propertyPath":"/DELIVERY_TYPE","modelName":"NewYardModel"},"interaction":{"idSuffix":"inner"}},"wdio_ui5_key":"etmportal.ui.manageyards.view.Newsap.m.Input{\"path\":\"\",\"propertyPath\":\"/DELIVERY_TYPE\",\"modelName\":\"NewYardModel\"}"}]}
RESULT: undefined
COMMAND: POST /session/13ff36e378d374199407c6416a2f579d/execute/async - {"script":"<script> [776 bytes]","args":[{"enterText":"ZL01","selector":{"controlType":"sap.m.Input","viewName":"etm.portal.ui.manageyards.view.New","viewId":"application-manageyards-display-component---NewYard","bindingPath":{"path":"","propertyPath":"/DELIVERY_TYPE","modelName":"NewYardModel"},"interaction":{"idSuffix":"inner"}},"clearTextFirst":true,"interactionType":"ENTER_TEXT"}]}
RESULT: {"script":"<script> [776 bytes]","args":[{"enterText":"ZL01","selector":{"controlType":"sap.m.Input","viewName":"etm.portal.ui.manageyards.view.New","viewId":"application-manageyards-display-component---NewYard","bindingPath":{"path":"","propertyPath":"/DELIVERY_TYPE","modelName":"NewYardModel"},"interaction":{"idSuffix":"inner"}},"clearTextFirst":true,"interactionType":"ENTER_TEXT"}]}
COMMAND: POST /session/13ff36e378d374199407c6416a2f579d/execute/async - {"script":"<script> [1562 bytes]","args":[{"selector":{"controlType":"sap.m.Input","viewName":"etm.portal.ui.manageyards.view.New","viewId":"application-manageyards-display-component---NewYard","bindingPath":{"path":"","propertyPath":"/AUART","modelName":"NewYardModel"},"interaction":{"idSuffix":"inner"}},"wdio_ui5_key":"etmportal.ui.manageyards.view.Newsap.m.Input{\"path\":\"\",\"propertyPath\":\"/AUART\",\"modelName\":\"NewYardModel\"}"}]}
RESULT: {"script":"<script> [1562 bytes]","args":[{"selector":{"controlType":"sap.m.Input","viewName":"etm.portal.ui.manageyards.view.New","viewId":"application-manageyards-display-component---NewYard","bindingPath":{"path":"","propertyPath":"/AUART","modelName":"NewYardModel"},"interaction":{"idSuffix":"inner"}},"wdio_ui5_key":"etmportal.ui.manageyards.view.Newsap.m.Input{\"path\":\"\",\"propertyPath\":\"/AUART\",\"modelName\":\"NewYardModel\"}"}]}
RESULT: undefined
COMMAND: POST /session/13ff36e378d374199407c6416a2f579d/execute/async - {"script":"<script> [776 bytes]","args":[{"enterText":"TA","selector":{"controlType":"sap.m.Input","viewName":"etm.portal.ui.manageyards.view.New","viewId":"application-manageyards-display-component---NewYard","bindingPath":{"path":"","propertyPath":"/AUART","modelName":"NewYardModel"},"interaction":{"idSuffix":"inner"}},"clearTextFirst":true,"interactionType":"ENTER_TEXT"}]}
RESULT: {"script":"<script> [776 bytes]","args":[{"enterText":"TA","selector":{"controlType":"sap.m.Input","viewName":"etm.portal.ui.manageyards.view.New","viewId":"application-manageyards-display-component---NewYard","bindingPath":{"path":"","propertyPath":"/AUART","modelName":"NewYardModel"},"interaction":{"idSuffix":"inner"}},"clearTextFirst":true,"interactionType":"ENTER_TEXT"}]}
COMMAND: POST /session/13ff36e378d374199407c6416a2f579d/element - {"using":"xpath","value":"//button[@data-kt=\"newYardSaveButton\"]"}
RESULT: {"using":"xpath","value":"//button[@data-kt=\"newYardSaveButton\"]"}
COMMAND: POST /session/13ff36e378d374199407c6416a2f579d/element/f.3D100000B49E76A23DA3328AC6F96CCC.d.5614AE084FBA3FA4F7FCA743EB026525.e.709/click - {}
RESULT: {}
COMMAND: GET /session/13ff36e378d374199407c6416a2f579d/screenshot - {}
RESULT: {}
COMMAND: POST /session/13ff36e378d374199407c6416a2f579d/element - {"using":"xpath","value":"//header[contains(@id, 'ObjectPageLayout-headerTitle')]/div[1]/div[2]/div[1]/span[1]"}
RESULT: {"using":"xpath","value":"//header[contains(@id, 'ObjectPageLayout-headerTitle')]/div[1]/div[2]/div[1]/span[1]"}
COMMAND: POST /session/13ff36e378d374199407c6416a2f579d/elements - {"using":"xpath","value":"//header[contains(@id, 'ObjectPageLayout-headerTitle')]/div[1]/div[2]/div[1]/span[1]"}
RESULT: {"using":"xpath","value":"//header[contains(@id, 'ObjectPageLayout-headerTitle')]/div[1]/div[2]/div[1]/span[1]"}
COMMAND: POST /session/13ff36e378d374199407c6416a2f579d/execute/sync - {"script":"<script> [56 bytes]","args":[{"element-6066-11e4-a52e-4f735466cecf":"f.3D100000B49E76A23DA3328AC6F96CCC.d.5614AE084FBA3FA4F7FCA743EB026525.e.1003","ELEMENT":"f.3D100000B49E76A23DA3328AC6F96CCC.d.5614AE084FBA3FA4F7FCA743EB026525.e.1003"}]}
RESULT: {"script":"<script> [56 bytes]","args":[{"element-6066-11e4-a52e-4f735466cecf":"f.3D100000B49E76A23DA3328AC6F96CCC.d.5614AE084FBA3FA4F7FCA743EB026525.e.1003","ELEMENT":"f.3D100000B49E76A23DA3328AC6F96CCC.d.5614AE084FBA3FA4F7FCA743EB026525.e.1003"}]}
COMMAND: GET /session/13ff36e378d374199407c6416a2f579d/screenshot - {}
RESULT: {}
COMMAND: POST /session/13ff36e378d374199407c6416a2f579d/element - {"using":"css selector","value":"#shell-header-logo"}
RESULT: {"using":"css selector","value":"#shell-header-logo"}
COMMAND: POST /session/13ff36e378d374199407c6416a2f579d/element/f.3D100000B49E76A23DA3328AC6F96CCC.d.5614AE084FBA3FA4F7FCA743EB026525.e.263/click - {}
RESULT: {}
COMMAND: GET /session/13ff36e378d374199407c6416a2f579d/screenshot - {}
RESULT: {}
COMMAND: POST /session/13ff36e378d374199407c6416a2f579d/execute/sync - {"script":"<script> [299 bytes]","args":[["getModel","getResource"]]}
RESULT: {"script":"<script> [299 bytes]","args":[["getModel","getResource"]]}
COMMAND: GET /session/13ff36e378d374199407c6416a2f579d/screenshot - {}
]]></system-out>
    </testcase>
    <testcase classname="chrome.136_0_7103_93.windows.Partner_specific_tests_US150819_US151080_US151654_US151176_US103444_US151078_US151079_US151109_US151174_US151175_US151189" name="Should create new external partner US150819" time="114.844">
      <system-out><![CDATA[
COMMAND: POST /session/13ff36e378d374199407c6416a2f579d/element - {"using":"xpath","value":"//li[.//span[text()=\"Manage Partners\"]]"}
RESULT: {}
RESULT: {"using":"xpath","value":"//li[.//span[text()=\"Manage Partners\"]]"}
COMMAND: POST /session/13ff36e378d374199407c6416a2f579d/element - {"using":"xpath","value":"//li[.//span[text()=\"Manage Partners\"]]"}
RESULT: {"using":"xpath","value":"//li[.//span[text()=\"Manage Partners\"]]"}
COMMAND: POST /session/13ff36e378d374199407c6416a2f579d/element - {"using":"css selector","value":"#shell-header-logo"}
RESULT: {"using":"css selector","value":"#shell-header-logo"}
COMMAND: POST /session/13ff36e378d374199407c6416a2f579d/element/f.3D100000B49E76A23DA3328AC6F96CCC.d.5614AE084FBA3FA4F7FCA743EB026525.e.1005/click - {}
COMMAND: POST /session/13ff36e378d374199407c6416a2f579d/execute/sync - {"script":"<script> [8489 bytes]","args":[{"element-6066-11e4-a52e-4f735466cecf":"f.3D100000B49E76A23DA3328AC6F96CCC.d.5614AE084FBA3FA4F7FCA743EB026525.e.1005","ELEMENT":"f.3D100000B49E76A23DA3328AC6F96CCC.d.5614AE084FBA3FA4F7FCA743EB026525.e.1005"}]}
RESULT: {}
COMMAND: GET /session/13ff36e378d374199407c6416a2f579d/screenshot - {}
RESULT: {"script":"<script> [8489 bytes]","args":[{"element-6066-11e4-a52e-4f735466cecf":"f.3D100000B49E76A23DA3328AC6F96CCC.d.5614AE084FBA3FA4F7FCA743EB026525.e.1005","ELEMENT":"f.3D100000B49E76A23DA3328AC6F96CCC.d.5614AE084FBA3FA4F7FCA743EB026525.e.1005"}]}
COMMAND: POST /session/13ff36e378d374199407c6416a2f579d/execute/sync - {"script":"<script> [5351 bytes]","args":[{"element-6066-11e4-a52e-4f735466cecf":"f.3D100000B49E76A23DA3328AC6F96CCC.d.5614AE084FBA3FA4F7FCA743EB026525.e.1005","ELEMENT":"f.3D100000B49E76A23DA3328AC6F96CCC.d.5614AE084FBA3FA4F7FCA743EB026525.e.1005"}]}
COMMAND: GET /session/13ff36e378d374199407c6416a2f579d/screenshot - {}
RESULT: {}
RESULT: {"script":"<script> [5351 bytes]","args":[{"element-6066-11e4-a52e-4f735466cecf":"f.3D100000B49E76A23DA3328AC6F96CCC.d.5614AE084FBA3FA4F7FCA743EB026525.e.1005","ELEMENT":"f.3D100000B49E76A23DA3328AC6F96CCC.d.5614AE084FBA3FA4F7FCA743EB026525.e.1005"}]}
COMMAND: GET /session/13ff36e378d374199407c6416a2f579d/screenshot - {}
RESULT: {}
RESULT: {}
COMMAND: POST /session/13ff36e378d374199407c6416a2f579d/window/fullscreen - {}
RESULT: {}
COMMAND: POST /session/13ff36e378d374199407c6416a2f579d/execute/async - {"script":"<script> [1562 bytes]","args":[{"selector":{"controlType":"sap.m.GenericTile","properties":{"header":"Manage Partners"}},"wdio_ui5_key":"sapm.GenericTile{\"header\":\"Manage Partners\"}"}]}
RESULT: {"script":"<script> [1562 bytes]","args":[{"selector":{"controlType":"sap.m.GenericTile","properties":{"header":"Manage Partners"}},"wdio_ui5_key":"sapm.GenericTile{\"header\":\"Manage Partners\"}"}]}
RESULT: undefined
COMMAND: POST /session/13ff36e378d374199407c6416a2f579d/element - {"using":"xpath","value":"//*[@id=\"__tile38\"]"}
RESULT: {"using":"xpath","value":"//*[@id=\"__tile38\"]"}
COMMAND: POST /session/13ff36e378d374199407c6416a2f579d/element/f.3D100000B49E76A23DA3328AC6F96CCC.d.5614AE084FBA3FA4F7FCA743EB026525.e.154/click - {}
RESULT: {}
COMMAND: GET /session/13ff36e378d374199407c6416a2f579d/screenshot - {}
RESULT: {}
COMMAND: POST /session/13ff36e378d374199407c6416a2f579d/elements - {"using":"xpath","value":"//span[text()='Error']"}
RESULT: {"using":"xpath","value":"//span[text()='Error']"}
COMMAND: POST /session/13ff36e378d374199407c6416a2f579d/element - {"using":"xpath","value":"//button[@data-kt=\"addButton\"]"}
RESULT: {"using":"xpath","value":"//button[@data-kt=\"addButton\"]"}
COMMAND: POST /session/13ff36e378d374199407c6416a2f579d/elements - {"using":"xpath","value":"//button[@data-kt=\"addButton\"]"}
RESULT: {"using":"xpath","value":"//button[@data-kt=\"addButton\"]"}
COMMAND: POST /session/13ff36e378d374199407c6416a2f579d/elements - {"using":"xpath","value":"//button[@data-kt=\"addButton\"]"}
RESULT: {"using":"xpath","value":"//button[@data-kt=\"addButton\"]"}
COMMAND: POST /session/13ff36e378d374199407c6416a2f579d/element - {"using":"xpath","value":"//button[@data-kt=\"addButton\"]"}
RESULT: {"using":"xpath","value":"//button[@data-kt=\"addButton\"]"}
COMMAND: POST /session/13ff36e378d374199407c6416a2f579d/execute/sync - {"script":"<script> [8489 bytes]","args":[{"element-6066-11e4-a52e-4f735466cecf":"f.3D100000B49E76A23DA3328AC6F96CCC.d.5614AE084FBA3FA4F7FCA743EB026525.e.1040","ELEMENT":"f.3D100000B49E76A23DA3328AC6F96CCC.d.5614AE084FBA3FA4F7FCA743EB026525.e.1040"}]}
RESULT: {"script":"<script> [8489 bytes]","args":[{"element-6066-11e4-a52e-4f735466cecf":"f.3D100000B49E76A23DA3328AC6F96CCC.d.5614AE084FBA3FA4F7FCA743EB026525.e.1040","ELEMENT":"f.3D100000B49E76A23DA3328AC6F96CCC.d.5614AE084FBA3FA4F7FCA743EB026525.e.1040"}]}
COMMAND: GET /session/13ff36e378d374199407c6416a2f579d/element/f.3D100000B49E76A23DA3328AC6F96CCC.d.5614AE084FBA3FA4F7FCA743EB026525.e.1040/enabled - {}
COMMAND: GET /session/13ff36e378d374199407c6416a2f579d/screenshot - {}
RESULT: {}
COMMAND: POST /session/13ff36e378d374199407c6416a2f579d/execute/sync - {"script":"<script> [8489 bytes]","args":[{"element-6066-11e4-a52e-4f735466cecf":"f.3D100000B49E76A23DA3328AC6F96CCC.d.5614AE084FBA3FA4F7FCA743EB026525.e.1040","ELEMENT":"f.3D100000B49E76A23DA3328AC6F96CCC.d.5614AE084FBA3FA4F7FCA743EB026525.e.1040"}]}
COMMAND: GET /session/13ff36e378d374199407c6416a2f579d/screenshot - {}
RESULT: {}
RESULT: {"script":"<script> [8489 bytes]","args":[{"element-6066-11e4-a52e-4f735466cecf":"f.3D100000B49E76A23DA3328AC6F96CCC.d.5614AE084FBA3FA4F7FCA743EB026525.e.1040","ELEMENT":"f.3D100000B49E76A23DA3328AC6F96CCC.d.5614AE084FBA3FA4F7FCA743EB026525.e.1040"}]}
COMMAND: POST /session/13ff36e378d374199407c6416a2f579d/execute/sync - {"script":"<script> [5351 bytes]","args":[{"element-6066-11e4-a52e-4f735466cecf":"f.3D100000B49E76A23DA3328AC6F96CCC.d.5614AE084FBA3FA4F7FCA743EB026525.e.1040","ELEMENT":"f.3D100000B49E76A23DA3328AC6F96CCC.d.5614AE084FBA3FA4F7FCA743EB026525.e.1040"}]}
COMMAND: GET /session/13ff36e378d374199407c6416a2f579d/screenshot - {}
RESULT: {}
RESULT: {"script":"<script> [5351 bytes]","args":[{"element-6066-11e4-a52e-4f735466cecf":"f.3D100000B49E76A23DA3328AC6F96CCC.d.5614AE084FBA3FA4F7FCA743EB026525.e.1040","ELEMENT":"f.3D100000B49E76A23DA3328AC6F96CCC.d.5614AE084FBA3FA4F7FCA743EB026525.e.1040"}]}
COMMAND: POST /session/13ff36e378d374199407c6416a2f579d/element/f.3D100000B49E76A23DA3328AC6F96CCC.d.5614AE084FBA3FA4F7FCA743EB026525.e.1040/click - {}
COMMAND: GET /session/13ff36e378d374199407c6416a2f579d/screenshot - {}
RESULT: {}
RESULT: {}
COMMAND: GET /session/13ff36e378d374199407c6416a2f579d/screenshot - {}
RESULT: {}
RESULT: {}
COMMAND: POST /session/13ff36e378d374199407c6416a2f579d/execute/async - {"script":"<script> [1562 bytes]","args":[{"selector":{"id":"application-managepartners-display-component---NewPartner--addressDetailDetailsName1","interaction":{"idSuffix":"inner"}},"wdio_ui5_key":"applicationmanagepartners-display-component---NewPartner--addressDetailDetailsName1"}]}
RESULT: {"script":"<script> [1562 bytes]","args":[{"selector":{"id":"application-managepartners-display-component---NewPartner--addressDetailDetailsName1","interaction":{"idSuffix":"inner"}},"wdio_ui5_key":"applicationmanagepartners-display-component---NewPartner--addressDetailDetailsName1"}]}
RESULT: undefined
COMMAND: POST /session/13ff36e378d374199407c6416a2f579d/execute/async - {"script":"<script> [776 bytes]","args":[{"enterText":"External Partner WDIO","selector":{"id":"application-managepartners-display-component---NewPartner--addressDetailDetailsName1","interaction":{"idSuffix":"inner"}},"clearTextFirst":true,"interactionType":"ENTER_TEXT"}]}
RESULT: {"script":"<script> [776 bytes]","args":[{"enterText":"External Partner WDIO","selector":{"id":"application-managepartners-display-component---NewPartner--addressDetailDetailsName1","interaction":{"idSuffix":"inner"}},"clearTextFirst":true,"interactionType":"ENTER_TEXT"}]}
COMMAND: POST /session/13ff36e378d374199407c6416a2f579d/execute/async - {"script":"<script> [1562 bytes]","args":[{"selector":{"id":"application-managepartners-display-component---NewPartner--addressDetailDetailsLanguage-arrow"},"wdio_ui5_key":"applicationmanagepartners-display-component---NewPartner--addressDetailDetailsLanguage-arrow"}]}
RESULT: {"script":"<script> [1562 bytes]","args":[{"selector":{"id":"application-managepartners-display-component---NewPartner--addressDetailDetailsLanguage-arrow"},"wdio_ui5_key":"applicationmanagepartners-display-component---NewPartner--addressDetailDetailsLanguage-arrow"}]}
RESULT: undefined
COMMAND: POST /session/13ff36e378d374199407c6416a2f579d/element - {"using":"xpath","value":"//*[@id=\"application-managepartners-display-component---NewPartner--addressDetailDetailsLanguage-arrow\"]"}
RESULT: {"using":"xpath","value":"//*[@id=\"application-managepartners-display-component---NewPartner--addressDetailDetailsLanguage-arrow\"]"}
COMMAND: POST /session/13ff36e378d374199407c6416a2f579d/element/f.3D100000B49E76A23DA3328AC6F96CCC.d.5614AE084FBA3FA4F7FCA743EB026525.e.1488/click - {}
RESULT: {}
COMMAND: POST /session/13ff36e378d374199407c6416a2f579d/element - {"using":"xpath","value":"//span[contains(text(), \"English\")]"}
COMMAND: GET /session/13ff36e378d374199407c6416a2f579d/screenshot - {}
RESULT: {"using":"xpath","value":"//span[contains(text(), \"English\")]"}
COMMAND: POST /session/13ff36e378d374199407c6416a2f579d/element/f.3D100000B49E76A23DA3328AC6F96CCC.d.5614AE084FBA3FA4F7FCA743EB026525.e.1489/click - {}
RESULT: {}
RESULT: {}
COMMAND: GET /session/13ff36e378d374199407c6416a2f579d/screenshot - {}
RESULT: {}
COMMAND: POST /session/13ff36e378d374199407c6416a2f579d/execute/async - {"script":"<script> [1562 bytes]","args":[{"selector":{"id":"application-managepartners-display-component---NewPartner--addressDetailDetailsCity1","interaction":{"idSuffix":"inner"}},"wdio_ui5_key":"applicationmanagepartners-display-component---NewPartner--addressDetailDetailsCity1"}]}
RESULT: {"script":"<script> [1562 bytes]","args":[{"selector":{"id":"application-managepartners-display-component---NewPartner--addressDetailDetailsCity1","interaction":{"idSuffix":"inner"}},"wdio_ui5_key":"applicationmanagepartners-display-component---NewPartner--addressDetailDetailsCity1"}]}
RESULT: undefined
COMMAND: POST /session/13ff36e378d374199407c6416a2f579d/execute/async - {"script":"<script> [776 bytes]","args":[{"enterText":"Rosario","selector":{"id":"application-managepartners-display-component---NewPartner--addressDetailDetailsCity1","interaction":{"idSuffix":"inner"}},"clearTextFirst":true,"interactionType":"ENTER_TEXT"}]}
RESULT: {"script":"<script> [776 bytes]","args":[{"enterText":"Rosario","selector":{"id":"application-managepartners-display-component---NewPartner--addressDetailDetailsCity1","interaction":{"idSuffix":"inner"}},"clearTextFirst":true,"interactionType":"ENTER_TEXT"}]}
COMMAND: POST /session/13ff36e378d374199407c6416a2f579d/execute/async - {"script":"<script> [1562 bytes]","args":[{"selector":{"id":"application-managepartners-display-component---NewPartner--addressDetailDetailsCountry-arrow"},"wdio_ui5_key":"applicationmanagepartners-display-component---NewPartner--addressDetailDetailsCountry-arrow"}]}
RESULT: {"script":"<script> [1562 bytes]","args":[{"selector":{"id":"application-managepartners-display-component---NewPartner--addressDetailDetailsCountry-arrow"},"wdio_ui5_key":"applicationmanagepartners-display-component---NewPartner--addressDetailDetailsCountry-arrow"}]}
RESULT: undefined
COMMAND: POST /session/13ff36e378d374199407c6416a2f579d/element - {"using":"xpath","value":"//*[@id=\"application-managepartners-display-component---NewPartner--addressDetailDetailsCountry-arrow\"]"}
RESULT: {"using":"xpath","value":"//*[@id=\"application-managepartners-display-component---NewPartner--addressDetailDetailsCountry-arrow\"]"}
COMMAND: POST /session/13ff36e378d374199407c6416a2f579d/element/f.3D100000B49E76A23DA3328AC6F96CCC.d.5614AE084FBA3FA4F7FCA743EB026525.e.1471/click - {}
RESULT: {}
COMMAND: POST /session/13ff36e378d374199407c6416a2f579d/element - {"using":"xpath","value":"//span[contains(text(), \"Argentina\")]"}
COMMAND: GET /session/13ff36e378d374199407c6416a2f579d/screenshot - {}
RESULT: {"using":"xpath","value":"//span[contains(text(), \"Argentina\")]"}
COMMAND: POST /session/13ff36e378d374199407c6416a2f579d/element/f.3D100000B49E76A23DA3328AC6F96CCC.d.5614AE084FBA3FA4F7FCA743EB026525.e.1491/click - {}
RESULT: {}
RESULT: {}
COMMAND: GET /session/13ff36e378d374199407c6416a2f579d/screenshot - {}
RESULT: {}
COMMAND: POST /session/13ff36e378d374199407c6416a2f579d/element - {"using":"xpath","value":"//bdi[contains(text(), \"Commercial\")]"}
RESULT: {"using":"xpath","value":"//bdi[contains(text(), \"Commercial\")]"}
COMMAND: POST /session/13ff36e378d374199407c6416a2f579d/element/f.3D100000B49E76A23DA3328AC6F96CCC.d.5614AE084FBA3FA4F7FCA743EB026525.e.1492/click - {}
RESULT: {}
COMMAND: GET /session/13ff36e378d374199407c6416a2f579d/screenshot - {}
RESULT: {}
COMMAND: POST /session/13ff36e378d374199407c6416a2f579d/execute/async - {"script":"<script> [1562 bytes]","args":[{"selector":{"id":"application-managepartners-display-component---NewPartner--partnerDetailInternal-arrow"},"wdio_ui5_key":"applicationmanagepartners-display-component---NewPartner--partnerDetailInternal-arrow"}]}
RESULT: {"script":"<script> [1562 bytes]","args":[{"selector":{"id":"application-managepartners-display-component---NewPartner--partnerDetailInternal-arrow"},"wdio_ui5_key":"applicationmanagepartners-display-component---NewPartner--partnerDetailInternal-arrow"}]}
RESULT: undefined
COMMAND: POST /session/13ff36e378d374199407c6416a2f579d/element - {"using":"xpath","value":"//*[@id=\"application-managepartners-display-component---NewPartner--partnerDetailInternal-arrow\"]"}
RESULT: {"using":"xpath","value":"//*[@id=\"application-managepartners-display-component---NewPartner--partnerDetailInternal-arrow\"]"}
COMMAND: POST /session/13ff36e378d374199407c6416a2f579d/element/f.3D100000B49E76A23DA3328AC6F96CCC.d.5614AE084FBA3FA4F7FCA743EB026525.e.1496/click - {}
RESULT: {}
COMMAND: POST /session/13ff36e378d374199407c6416a2f579d/element - {"using":"xpath","value":"//span[contains(text(), \"External partner\")]"}
COMMAND: GET /session/13ff36e378d374199407c6416a2f579d/screenshot - {}
RESULT: {"using":"xpath","value":"//span[contains(text(), \"External partner\")]"}
COMMAND: POST /session/13ff36e378d374199407c6416a2f579d/element/f.3D100000B49E76A23DA3328AC6F96CCC.d.5614AE084FBA3FA4F7FCA743EB026525.e.1500/click - {}
RESULT: {}
RESULT: {}
COMMAND: POST /session/13ff36e378d374199407c6416a2f579d/execute/async - {"script":"<script> [1562 bytes]","args":[{"selector":{"id":"application-managepartners-display-component---NewPartner--partnerDetailsCurrency-arrow"},"wdio_ui5_key":"applicationmanagepartners-display-component---NewPartner--partnerDetailsCurrency-arrow"}]}
COMMAND: GET /session/13ff36e378d374199407c6416a2f579d/screenshot - {}
RESULT: {"script":"<script> [1562 bytes]","args":[{"selector":{"id":"application-managepartners-display-component---NewPartner--partnerDetailsCurrency-arrow"},"wdio_ui5_key":"applicationmanagepartners-display-component---NewPartner--partnerDetailsCurrency-arrow"}]}
RESULT: undefined
COMMAND: POST /session/13ff36e378d374199407c6416a2f579d/element - {"using":"xpath","value":"//*[@id=\"application-managepartners-display-component---NewPartner--partnerDetailsCurrency-arrow\"]"}
RESULT: {}
RESULT: {"using":"xpath","value":"//*[@id=\"application-managepartners-display-component---NewPartner--partnerDetailsCurrency-arrow\"]"}
COMMAND: POST /session/13ff36e378d374199407c6416a2f579d/element/f.3D100000B49E76A23DA3328AC6F96CCC.d.5614AE084FBA3FA4F7FCA743EB026525.e.1505/click - {}
RESULT: {}
COMMAND: POST /session/13ff36e378d374199407c6416a2f579d/element - {"using":"xpath","value":"//span[contains(text(), \"US Dollar\")]"}
COMMAND: GET /session/13ff36e378d374199407c6416a2f579d/screenshot - {}
RESULT: {"using":"xpath","value":"//span[contains(text(), \"US Dollar\")]"}
COMMAND: POST /session/13ff36e378d374199407c6416a2f579d/element/f.3D100000B49E76A23DA3328AC6F96CCC.d.5614AE084FBA3FA4F7FCA743EB026525.e.1506/click - {}
RESULT: {}
RESULT: {}
COMMAND: GET /session/13ff36e378d374199407c6416a2f579d/screenshot - {}
RESULT: {}
COMMAND: POST /session/13ff36e378d374199407c6416a2f579d/element - {"using":"xpath","value":"//input[@id=\"application-managepartners-display-component---NewPartner--companyCodeComboBox-inner\"]"}
RESULT: {"using":"xpath","value":"//input[@id=\"application-managepartners-display-component---NewPartner--companyCodeComboBox-inner\"]"}
COMMAND: POST /session/13ff36e378d374199407c6416a2f579d/element/f.3D100000B49E76A23DA3328AC6F96CCC.d.5614AE084FBA3FA4F7FCA743EB026525.e.1394/clear - {}
RESULT: {}
COMMAND: POST /session/13ff36e378d374199407c6416a2f579d/element/f.3D100000B49E76A23DA3328AC6F96CCC.d.5614AE084FBA3FA4F7FCA743EB026525.e.1394/value - {"text":"C002"}
COMMAND: GET /session/13ff36e378d374199407c6416a2f579d/screenshot - {}
RESULT: {"text":"C002"}
COMMAND: GET /session/13ff36e378d374199407c6416a2f579d/screenshot - {}
RESULT: {}
RESULT: {}
COMMAND: POST /session/13ff36e378d374199407c6416a2f579d/element - {"using":"xpath","value":"//li[.//span[text()= \"C002\"]]"}
RESULT: {"using":"xpath","value":"//li[.//span[text()= \"C002\"]]"}
COMMAND: POST /session/13ff36e378d374199407c6416a2f579d/element/f.3D100000B49E76A23DA3328AC6F96CCC.d.5614AE084FBA3FA4F7FCA743EB026525.e.1510/click - {}
RESULT: {}
COMMAND: GET /session/13ff36e378d374199407c6416a2f579d/screenshot - {}
RESULT: {}
COMMAND: POST /session/13ff36e378d374199407c6416a2f579d/execute/async - {"script":"<script> [1562 bytes]","args":[{"selector":{"controlType":"sap.ui.core.Icon","viewName":"etm.portal.ui.managepartners.view.NewPartner","viewId":"application-managepartners-display-component---NewPartner","properties":{"src":{"regex":{"source":"slim\\-arrow\\-down"}}},"ancestor":{"controlType":"sap.m.ComboBox","viewName":"etm.portal.ui.managepartners.view.NewPartner","viewId":"application-managepartners-display-component---NewPartner","bindingPath":{"path":"","propertyPath":"/CATALOG","modelName":"oNewPartnerModel"}}},"wdio_ui5_key":"etmportal.ui.managepartners.view.NewPartnersap.ui.core.Icon{\"src\":{\"regex\":{\"source\":\"slim\\\\-arrow\\\\-down\"}}}{\"controlType\":\"sap.m.ComboBox\",\"viewName\":\"etm.portal.ui.managepartners.view.NewPartner\",\"viewId\":\"application-managepartners-display-component---NewPartner\",\"bindingPath\":{\"path\":\"\",\"propertyPath\":\"/CATALOG\",\"modelName\":\"oNewPartnerModel\"}}"}]}
RESULT: {"script":"<script> [1562 bytes]","args":[{"selector":{"controlType":"sap.ui.core.Icon","viewName":"etm.portal.ui.managepartners.view.NewPartner","viewId":"application-managepartners-display-component---NewPartner","properties":{"src":{"regex":{"source":"slim\\-arrow\\-down"}}},"ancestor":{"controlType":"sap.m.ComboBox","viewName":"etm.portal.ui.managepartners.view.NewPartner","viewId":"application-managepartners-display-component---NewPartner","bindingPath":{"path":"","propertyPath":"/CATALOG","modelName":"oNewPartnerModel"}}},"wdio_ui5_key":"etmportal.ui.managepartners.view.NewPartnersap.ui.core.Icon{\"src\":{\"regex\":{\"source\":\"slim\\\\-arrow\\\\-down\"}}}{\"controlType\":\"sap.m.ComboBox\",\"viewName\":\"etm.portal.ui.managepartners.view.NewPartner\",\"viewId\":\"application-managepartners-display-component---NewPartner\",\"bindingPath\":{\"path\":\"\",\"propertyPath\":\"/CATALOG\",\"modelName\":\"oNewPartnerModel\"}}"}]}
RESULT: undefined
COMMAND: POST /session/13ff36e378d374199407c6416a2f579d/element - {"using":"xpath","value":"//*[@id=\"__box22-arrow\"]"}
RESULT: {"using":"xpath","value":"//*[@id=\"__box22-arrow\"]"}
COMMAND: POST /session/13ff36e378d374199407c6416a2f579d/element/f.3D100000B49E76A23DA3328AC6F96CCC.d.5614AE084FBA3FA4F7FCA743EB026525.e.1472/click - {}
RESULT: {}
COMMAND: GET /session/13ff36e378d374199407c6416a2f579d/screenshot - {}
RESULT: {}
COMMAND: POST /session/13ff36e378d374199407c6416a2f579d/element - {"using":"xpath","value":"//ul[contains(@id,\"popup-list-listUl\")]//li[.//span[text()= \"Webshop Catalog\"]]"}
RESULT: {"using":"xpath","value":"//ul[contains(@id,\"popup-list-listUl\")]//li[.//span[text()= \"Webshop Catalog\"]]"}
COMMAND: POST /session/13ff36e378d374199407c6416a2f579d/element/f.3D100000B49E76A23DA3328AC6F96CCC.d.5614AE084FBA3FA4F7FCA743EB026525.e.1512/click - {}
RESULT: {}
COMMAND: GET /session/13ff36e378d374199407c6416a2f579d/screenshot - {}
RESULT: {}
COMMAND: POST /session/13ff36e378d374199407c6416a2f579d/execute/async - {"script":"<script> [1562 bytes]","args":[{"selector":{"id":"application-managepartners-display-component---NewPartner--btnAddTableRow-img"},"wdio_ui5_key":"applicationmanagepartners-display-component---NewPartner--btnAddTableRow-img"}]}
RESULT: {"script":"<script> [1562 bytes]","args":[{"selector":{"id":"application-managepartners-display-component---NewPartner--btnAddTableRow-img"},"wdio_ui5_key":"applicationmanagepartners-display-component---NewPartner--btnAddTableRow-img"}]}
RESULT: undefined
COMMAND: POST /session/13ff36e378d374199407c6416a2f579d/element - {"using":"xpath","value":"//*[@id=\"application-managepartners-display-component---NewPartner--btnAddTableRow-img\"]"}
RESULT: {"using":"xpath","value":"//*[@id=\"application-managepartners-display-component---NewPartner--btnAddTableRow-img\"]"}
COMMAND: POST /session/13ff36e378d374199407c6416a2f579d/element/f.3D100000B49E76A23DA3328AC6F96CCC.d.5614AE084FBA3FA4F7FCA743EB026525.e.1513/click - {}
RESULT: {}
COMMAND: GET /session/13ff36e378d374199407c6416a2f579d/screenshot - {}
RESULT: {}
COMMAND: POST /session/13ff36e378d374199407c6416a2f579d/element - {"using":"xpath","value":"//input[@id=\"application-managepartners-display-component---NewPartner--assignmentYard-application-managepartners-display-component---NewPartner--assignmentsTable-0-inner\"]"}
RESULT: {"using":"xpath","value":"//input[@id=\"application-managepartners-display-component---NewPartner--assignmentYard-application-managepartners-display-component---NewPartner--assignmentsTable-0-inner\"]"}
COMMAND: POST /session/13ff36e378d374199407c6416a2f579d/element/f.3D100000B49E76A23DA3328AC6F96CCC.d.5614AE084FBA3FA4F7FCA743EB026525.e.1516/clear - {}
RESULT: {}
COMMAND: POST /session/13ff36e378d374199407c6416a2f579d/element/f.3D100000B49E76A23DA3328AC6F96CCC.d.5614AE084FBA3FA4F7FCA743EB026525.e.1516/value - {"text":"600"}
COMMAND: GET /session/13ff36e378d374199407c6416a2f579d/screenshot - {}
RESULT: {"text":"600"}
COMMAND: GET /session/13ff36e378d374199407c6416a2f579d/screenshot - {}
RESULT: {}
RESULT: {}
COMMAND: POST /session/13ff36e378d374199407c6416a2f579d/element - {"using":"xpath","value":"//li[.//span[text()='600']]"}
RESULT: {"using":"xpath","value":"//li[.//span[text()='600']]"}
COMMAND: POST /session/13ff36e378d374199407c6416a2f579d/element/f.3D100000B49E76A23DA3328AC6F96CCC.d.5614AE084FBA3FA4F7FCA743EB026525.e.1524/click - {}
RESULT: {}
COMMAND: GET /session/13ff36e378d374199407c6416a2f579d/screenshot - {}
RESULT: {}
COMMAND: POST /session/13ff36e378d374199407c6416a2f579d/actions - {"actions":[{"id":"action2","type":"key","parameters":{},"actions":[{"type":"keyDown","value":"î€‡"},{"type":"pause","duration":10},{"type":"keyUp","value":"î€‡"}]}]}
RESULT: {"actions":[{"id":"action2","type":"key","parameters":{},"actions":[{"type":"keyDown","value":"î€‡"},{"type":"pause","duration":10},{"type":"keyUp","value":"î€‡"}]}]}
COMMAND: POST /session/13ff36e378d374199407c6416a2f579d/element - {"using":"xpath","value":"//td[contains(@id, \"assignmentsTable-0-cell2\")]/div/div"}
COMMAND: GET /session/13ff36e378d374199407c6416a2f579d/screenshot - {}
RESULT: {"using":"xpath","value":"//td[contains(@id, \"assignmentsTable-0-cell2\")]/div/div"}
COMMAND: POST /session/13ff36e378d374199407c6416a2f579d/element/f.3D100000B49E76A23DA3328AC6F96CCC.d.5614AE084FBA3FA4F7FCA743EB026525.e.1527/click - {}
RESULT: {}
RESULT: {}
COMMAND: GET /session/13ff36e378d374199407c6416a2f579d/screenshot - {}
RESULT: {}
COMMAND: POST /session/13ff36e378d374199407c6416a2f579d/element - {"using":"xpath","value":"//button[@data-kt=\"saveButton\"]"}
RESULT: {"using":"xpath","value":"//button[@data-kt=\"saveButton\"]"}
COMMAND: POST /session/13ff36e378d374199407c6416a2f579d/element/f.3D100000B49E76A23DA3328AC6F96CCC.d.5614AE084FBA3FA4F7FCA743EB026525.e.1473/click - {}
RESULT: {}
COMMAND: GET /session/13ff36e378d374199407c6416a2f579d/screenshot - {}
RESULT: {}
COMMAND: POST /session/13ff36e378d374199407c6416a2f579d/element - {"using":"xpath","value":"//header[contains(@id, 'ObjectPageLayout-headerTitle')]/div[1]/div[2]/div[2]/span[1]"}
RESULT: {"using":"xpath","value":"//header[contains(@id, 'ObjectPageLayout-headerTitle')]/div[1]/div[2]/div[2]/span[1]"}
COMMAND: POST /session/13ff36e378d374199407c6416a2f579d/elements - {"using":"xpath","value":"//header[contains(@id, 'ObjectPageLayout-headerTitle')]/div[1]/div[2]/div[2]/span[1]"}
RESULT: {"using":"xpath","value":"//header[contains(@id, 'ObjectPageLayout-headerTitle')]/div[1]/div[2]/div[2]/span[1]"}
COMMAND: POST /session/13ff36e378d374199407c6416a2f579d/execute/sync - {"script":"<script> [56 bytes]","args":[{"element-6066-11e4-a52e-4f735466cecf":"f.3D100000B49E76A23DA3328AC6F96CCC.d.5614AE084FBA3FA4F7FCA743EB026525.e.1687","ELEMENT":"f.3D100000B49E76A23DA3328AC6F96CCC.d.5614AE084FBA3FA4F7FCA743EB026525.e.1687"}]}
RESULT: {"script":"<script> [56 bytes]","args":[{"element-6066-11e4-a52e-4f735466cecf":"f.3D100000B49E76A23DA3328AC6F96CCC.d.5614AE084FBA3FA4F7FCA743EB026525.e.1687","ELEMENT":"f.3D100000B49E76A23DA3328AC6F96CCC.d.5614AE084FBA3FA4F7FCA743EB026525.e.1687"}]}
COMMAND: POST /session/13ff36e378d374199407c6416a2f579d/element - {"using":"css selector","value":"#shell-header-logo"}
COMMAND: GET /session/13ff36e378d374199407c6416a2f579d/screenshot - {}
RESULT: {"using":"css selector","value":"#shell-header-logo"}
COMMAND: POST /session/13ff36e378d374199407c6416a2f579d/element/f.3D100000B49E76A23DA3328AC6F96CCC.d.5614AE084FBA3FA4F7FCA743EB026525.e.1005/click - {}
RESULT: {}
RESULT: {}
COMMAND: GET /session/13ff36e378d374199407c6416a2f579d/screenshot - {}
RESULT: {}
COMMAND: POST /session/13ff36e378d374199407c6416a2f579d/execute/sync - {"script":"<script> [299 bytes]","args":[["getModel","getResource"]]}
RESULT: {"script":"<script> [299 bytes]","args":[["getModel","getResource"]]}
]]></system-out>
    </testcase>
    <testcase classname="chrome.136_0_7103_93.windows.Partner_specific_tests_US150819_US151080_US151654_US151176_US103444_US151078_US151079_US151109_US151174_US151175_US151189" name="Should filter and search partners US151080" time="104.447">
      <system-out><![CDATA[
COMMAND: GET /session/13ff36e378d374199407c6416a2f579d/screenshot - {}
COMMAND: POST /session/13ff36e378d374199407c6416a2f579d/element - {"using":"xpath","value":"//li[.//span[text()=\"Manage Partners\"]]"}
RESULT: {"using":"xpath","value":"//li[.//span[text()=\"Manage Partners\"]]"}
COMMAND: POST /session/13ff36e378d374199407c6416a2f579d/element - {"using":"xpath","value":"//li[.//span[text()=\"Manage Partners\"]]"}
RESULT: {}
RESULT: {"using":"xpath","value":"//li[.//span[text()=\"Manage Partners\"]]"}
COMMAND: POST /session/13ff36e378d374199407c6416a2f579d/element - {"using":"css selector","value":"#shell-header-logo"}
RESULT: {"using":"css selector","value":"#shell-header-logo"}
COMMAND: POST /session/13ff36e378d374199407c6416a2f579d/element/f.3D100000B49E76A23DA3328AC6F96CCC.d.5614AE084FBA3FA4F7FCA743EB026525.e.1689/click - {}
COMMAND: POST /session/13ff36e378d374199407c6416a2f579d/execute/sync - {"script":"<script> [8489 bytes]","args":[{"element-6066-11e4-a52e-4f735466cecf":"f.3D100000B49E76A23DA3328AC6F96CCC.d.5614AE084FBA3FA4F7FCA743EB026525.e.1689","ELEMENT":"f.3D100000B49E76A23DA3328AC6F96CCC.d.5614AE084FBA3FA4F7FCA743EB026525.e.1689"}]}
RESULT: {"script":"<script> [8489 bytes]","args":[{"element-6066-11e4-a52e-4f735466cecf":"f.3D100000B49E76A23DA3328AC6F96CCC.d.5614AE084FBA3FA4F7FCA743EB026525.e.1689","ELEMENT":"f.3D100000B49E76A23DA3328AC6F96CCC.d.5614AE084FBA3FA4F7FCA743EB026525.e.1689"}]}
COMMAND: POST /session/13ff36e378d374199407c6416a2f579d/execute/sync - {"script":"<script> [5351 bytes]","args":[{"element-6066-11e4-a52e-4f735466cecf":"f.3D100000B49E76A23DA3328AC6F96CCC.d.5614AE084FBA3FA4F7FCA743EB026525.e.1689","ELEMENT":"f.3D100000B49E76A23DA3328AC6F96CCC.d.5614AE084FBA3FA4F7FCA743EB026525.e.1689"}]}
COMMAND: GET /session/13ff36e378d374199407c6416a2f579d/screenshot - {}
RESULT: {}
COMMAND: GET /session/13ff36e378d374199407c6416a2f579d/screenshot - {}
RESULT: {"script":"<script> [5351 bytes]","args":[{"element-6066-11e4-a52e-4f735466cecf":"f.3D100000B49E76A23DA3328AC6F96CCC.d.5614AE084FBA3FA4F7FCA743EB026525.e.1689","ELEMENT":"f.3D100000B49E76A23DA3328AC6F96CCC.d.5614AE084FBA3FA4F7FCA743EB026525.e.1689"}]}
COMMAND: GET /session/13ff36e378d374199407c6416a2f579d/screenshot - {}
RESULT: {}
RESULT: {}
RESULT: {}
RESULT: undefined
COMMAND: POST /session/13ff36e378d374199407c6416a2f579d/element - {"using":"xpath","value":"//*[@id=\"__tile38\"]"}
RESULT: {"using":"xpath","value":"//*[@id=\"__tile38\"]"}
COMMAND: POST /session/13ff36e378d374199407c6416a2f579d/element/f.3D100000B49E76A23DA3328AC6F96CCC.d.5614AE084FBA3FA4F7FCA743EB026525.e.154/click - {}
RESULT: {}
COMMAND: GET /session/13ff36e378d374199407c6416a2f579d/screenshot - {}
RESULT: {}
COMMAND: POST /session/13ff36e378d374199407c6416a2f579d/elements - {"using":"xpath","value":"//span[text()='Error']"}
RESULT: {"using":"xpath","value":"//span[text()='Error']"}
COMMAND: POST /session/13ff36e378d374199407c6416a2f579d/element - {"using":"xpath","value":"//button[@data-kt=\"addButton\"]"}
RESULT: {"using":"xpath","value":"//button[@data-kt=\"addButton\"]"}
COMMAND: POST /session/13ff36e378d374199407c6416a2f579d/elements - {"using":"xpath","value":"//button[@data-kt=\"addButton\"]"}
RESULT: {"using":"xpath","value":"//button[@data-kt=\"addButton\"]"}
COMMAND: POST /session/13ff36e378d374199407c6416a2f579d/execute/sync - {"script":"<script> [8489 bytes]","args":[{"element-6066-11e4-a52e-4f735466cecf":"f.3D100000B49E76A23DA3328AC6F96CCC.d.5614AE084FBA3FA4F7FCA743EB026525.e.1735","ELEMENT":"f.3D100000B49E76A23DA3328AC6F96CCC.d.5614AE084FBA3FA4F7FCA743EB026525.e.1735"}]}
RESULT: {"script":"<script> [8489 bytes]","args":[{"element-6066-11e4-a52e-4f735466cecf":"f.3D100000B49E76A23DA3328AC6F96CCC.d.5614AE084FBA3FA4F7FCA743EB026525.e.1735","ELEMENT":"f.3D100000B49E76A23DA3328AC6F96CCC.d.5614AE084FBA3FA4F7FCA743EB026525.e.1735"}]}
COMMAND: GET /session/13ff36e378d374199407c6416a2f579d/element/f.3D100000B49E76A23DA3328AC6F96CCC.d.5614AE084FBA3FA4F7FCA743EB026525.e.1735/enabled - {}
COMMAND: GET /session/13ff36e378d374199407c6416a2f579d/screenshot - {}
RESULT: {}
COMMAND: POST /session/13ff36e378d374199407c6416a2f579d/execute/sync - {"script":"<script> [8489 bytes]","args":[{"element-6066-11e4-a52e-4f735466cecf":"f.3D100000B49E76A23DA3328AC6F96CCC.d.5614AE084FBA3FA4F7FCA743EB026525.e.1735","ELEMENT":"f.3D100000B49E76A23DA3328AC6F96CCC.d.5614AE084FBA3FA4F7FCA743EB026525.e.1735"}]}
COMMAND: GET /session/13ff36e378d374199407c6416a2f579d/screenshot - {}
RESULT: {}
RESULT: {"script":"<script> [8489 bytes]","args":[{"element-6066-11e4-a52e-4f735466cecf":"f.3D100000B49E76A23DA3328AC6F96CCC.d.5614AE084FBA3FA4F7FCA743EB026525.e.1735","ELEMENT":"f.3D100000B49E76A23DA3328AC6F96CCC.d.5614AE084FBA3FA4F7FCA743EB026525.e.1735"}]}
COMMAND: POST /session/13ff36e378d374199407c6416a2f579d/execute/sync - {"script":"<script> [5351 bytes]","args":[{"element-6066-11e4-a52e-4f735466cecf":"f.3D100000B49E76A23DA3328AC6F96CCC.d.5614AE084FBA3FA4F7FCA743EB026525.e.1735","ELEMENT":"f.3D100000B49E76A23DA3328AC6F96CCC.d.5614AE084FBA3FA4F7FCA743EB026525.e.1735"}]}
COMMAND: GET /session/13ff36e378d374199407c6416a2f579d/screenshot - {}
RESULT: {}
RESULT: {"script":"<script> [5351 bytes]","args":[{"element-6066-11e4-a52e-4f735466cecf":"f.3D100000B49E76A23DA3328AC6F96CCC.d.5614AE084FBA3FA4F7FCA743EB026525.e.1735","ELEMENT":"f.3D100000B49E76A23DA3328AC6F96CCC.d.5614AE084FBA3FA4F7FCA743EB026525.e.1735"}]}
COMMAND: GET /session/13ff36e378d374199407c6416a2f579d/screenshot - {}
RESULT: {}
RESULT: {}
COMMAND: POST /session/13ff36e378d374199407c6416a2f579d/execute/async - {"script":"<script> [1562 bytes]","args":[{"selector":{"id":"application-managepartners-display-component---masterPtm--smartTable-btnPersonalisation-img"},"wdio_ui5_key":"applicationmanagepartners-display-component---masterPtm--smartTable-btnPersonalisation-img"}]}
RESULT: {"script":"<script> [1562 bytes]","args":[{"selector":{"id":"application-managepartners-display-component---masterPtm--smartTable-btnPersonalisation-img"},"wdio_ui5_key":"applicationmanagepartners-display-component---masterPtm--smartTable-btnPersonalisation-img"}]}
RESULT: undefined
COMMAND: POST /session/13ff36e378d374199407c6416a2f579d/element - {"using":"xpath","value":"//*[@id=\"application-managepartners-display-component---masterPtm--smartTable-btnPersonalisation-img\"]"}
RESULT: {"using":"xpath","value":"//*[@id=\"application-managepartners-display-component---masterPtm--smartTable-btnPersonalisation-img\"]"}
COMMAND: POST /session/13ff36e378d374199407c6416a2f579d/element/f.3D100000B49E76A23DA3328AC6F96CCC.d.5614AE084FBA3FA4F7FCA743EB026525.e.1740/click - {}
RESULT: {}
COMMAND: GET /session/13ff36e378d374199407c6416a2f579d/screenshot - {}
RESULT: {}
COMMAND: POST /session/13ff36e378d374199407c6416a2f579d/execute/async - {"script":"<script> [1562 bytes]","args":[{"selector":{"controlType":"sap.m.IconTabFilter","viewName":"etm.portal.ui.managepartners.view.Master","viewId":"application-managepartners-display-component---masterPtm","properties":{"text":"Sort"},"searchOpenDialogs":true,"interaction":{"idSuffix":"text"}},"wdio_ui5_key":"etmportal.ui.managepartners.view.Mastersap.m.IconTabFilter{\"text\":\"Sort\"}"}]}
RESULT: {"script":"<script> [1562 bytes]","args":[{"selector":{"controlType":"sap.m.IconTabFilter","viewName":"etm.portal.ui.managepartners.view.Master","viewId":"application-managepartners-display-component---masterPtm","properties":{"text":"Sort"},"searchOpenDialogs":true,"interaction":{"idSuffix":"text"}},"wdio_ui5_key":"etmportal.ui.managepartners.view.Mastersap.m.IconTabFilter{\"text\":\"Sort\"}"}]}
RESULT: undefined
COMMAND: POST /session/13ff36e378d374199407c6416a2f579d/element - {"using":"xpath","value":"//*[@id=\"__filter1\"]"}
RESULT: {"using":"xpath","value":"//*[@id=\"__filter1\"]"}
COMMAND: POST /session/13ff36e378d374199407c6416a2f579d/element/f.3D100000B49E76A23DA3328AC6F96CCC.d.5614AE084FBA3FA4F7FCA743EB026525.e.1882/click - {}
RESULT: {}
COMMAND: GET /session/13ff36e378d374199407c6416a2f579d/screenshot - {}
RESULT: {}
COMMAND: POST /session/13ff36e378d374199407c6416a2f579d/element - {"using":"xpath","value":"//input[@placeholder=\"Sort by\"]/following-sibling::div//span"}
RESULT: {"using":"xpath","value":"//input[@placeholder=\"Sort by\"]/following-sibling::div//span"}
COMMAND: POST /session/13ff36e378d374199407c6416a2f579d/element/f.3D100000B49E76A23DA3328AC6F96CCC.d.5614AE084FBA3FA4F7FCA743EB026525.e.1884/click - {}
RESULT: {}
COMMAND: GET /session/13ff36e378d374199407c6416a2f579d/screenshot - {}
RESULT: {}
COMMAND: POST /session/13ff36e378d374199407c6416a2f579d/element - {"using":"xpath","value":"//li[.//span[text()=\"Language\"]]"}
RESULT: {"using":"xpath","value":"//li[.//span[text()=\"Language\"]]"}
COMMAND: POST /session/13ff36e378d374199407c6416a2f579d/element/f.3D100000B49E76A23DA3328AC6F96CCC.d.5614AE084FBA3FA4F7FCA743EB026525.e.1885/click - {}
RESULT: {}
COMMAND: GET /session/13ff36e378d374199407c6416a2f579d/screenshot - {}
RESULT: {}
COMMAND: POST /session/13ff36e378d374199407c6416a2f579d/element - {"using":"xpath","value":"//bdi[contains(text(), \"OK\")]"}
RESULT: {"using":"xpath","value":"//bdi[contains(text(), \"OK\")]"}
COMMAND: POST /session/13ff36e378d374199407c6416a2f579d/element/f.3D100000B49E76A23DA3328AC6F96CCC.d.5614AE084FBA3FA4F7FCA743EB026525.e.1889/click - {}
RESULT: {}
COMMAND: GET /session/13ff36e378d374199407c6416a2f579d/screenshot - {}
RESULT: {}
COMMAND: POST /session/13ff36e378d374199407c6416a2f579d/element - {"using":"xpath","value":"//table[contains(@id, \"customPartnersTable\")]//tbody/tr[1]/td[3]/span"}
RESULT: {"using":"xpath","value":"//table[contains(@id, \"customPartnersTable\")]//tbody/tr[1]/td[3]/span"}
COMMAND: POST /session/13ff36e378d374199407c6416a2f579d/execute/sync - {"script":"<script> [56 bytes]","args":[{"element-6066-11e4-a52e-4f735466cecf":"f.3D100000B49E76A23DA3328AC6F96CCC.d.5614AE084FBA3FA4F7FCA743EB026525.e.1998","ELEMENT":"f.3D100000B49E76A23DA3328AC6F96CCC.d.5614AE084FBA3FA4F7FCA743EB026525.e.1998"}]}
RESULT: {"script":"<script> [56 bytes]","args":[{"element-6066-11e4-a52e-4f735466cecf":"f.3D100000B49E76A23DA3328AC6F96CCC.d.5614AE084FBA3FA4F7FCA743EB026525.e.1998","ELEMENT":"f.3D100000B49E76A23DA3328AC6F96CCC.d.5614AE084FBA3FA4F7FCA743EB026525.e.1998"}]}
RESULT: undefined
COMMAND: POST /session/13ff36e378d374199407c6416a2f579d/element - {"using":"xpath","value":"//*[@id=\"application-managepartners-display-component---masterPtm--smartTable-btnPersonalisation-img\"]"}
COMMAND: GET /session/13ff36e378d374199407c6416a2f579d/screenshot - {}
RESULT: {"using":"xpath","value":"//*[@id=\"application-managepartners-display-component---masterPtm--smartTable-btnPersonalisation-img\"]"}
COMMAND: POST /session/13ff36e378d374199407c6416a2f579d/element/f.3D100000B49E76A23DA3328AC6F96CCC.d.5614AE084FBA3FA4F7FCA743EB026525.e.1740/click - {}
RESULT: {}
RESULT: {}
COMMAND: GET /session/13ff36e378d374199407c6416a2f579d/screenshot - {}
RESULT: {}
COMMAND: POST /session/13ff36e378d374199407c6416a2f579d/element - {"using":"xpath","value":"//bdi[contains(text(), \"Reset\")]"}
RESULT: {"using":"xpath","value":"//bdi[contains(text(), \"Reset\")]"}
COMMAND: POST /session/13ff36e378d374199407c6416a2f579d/element/f.3D100000B49E76A23DA3328AC6F96CCC.d.5614AE084FBA3FA4F7FCA743EB026525.e.2002/click - {}
RESULT: {}
COMMAND: GET /session/13ff36e378d374199407c6416a2f579d/screenshot - {}
RESULT: {}
COMMAND: POST /session/13ff36e378d374199407c6416a2f579d/element - {"using":"xpath","value":"(//bdi[contains(text(), \"OK\")])[2]"}
RESULT: {"using":"xpath","value":"(//bdi[contains(text(), \"OK\")])[2]"}
COMMAND: POST /session/13ff36e378d374199407c6416a2f579d/element/f.3D100000B49E76A23DA3328AC6F96CCC.d.5614AE084FBA3FA4F7FCA743EB026525.e.2005/click - {}
RESULT: {}
COMMAND: GET /session/13ff36e378d374199407c6416a2f579d/screenshot - {}
RESULT: {}
COMMAND: POST /session/13ff36e378d374199407c6416a2f579d/element - {"using":"xpath","value":"//bdi[contains(text(), \"OK\")]"}
RESULT: {"using":"xpath","value":"//bdi[contains(text(), \"OK\")]"}
COMMAND: POST /session/13ff36e378d374199407c6416a2f579d/element/f.3D100000B49E76A23DA3328AC6F96CCC.d.5614AE084FBA3FA4F7FCA743EB026525.e.2054/click - {}
RESULT: {}
COMMAND: GET /session/13ff36e378d374199407c6416a2f579d/screenshot - {}
RESULT: {}
COMMAND: POST /session/13ff36e378d374199407c6416a2f579d/element - {"using":"xpath","value":"//table[contains(@id, \"customPartnersTable\")]//tbody/tr[1]/td[3]/span"}
RESULT: {"using":"xpath","value":"//table[contains(@id, \"customPartnersTable\")]//tbody/tr[1]/td[3]/span"}
COMMAND: POST /session/13ff36e378d374199407c6416a2f579d/execute/sync - {"script":"<script> [56 bytes]","args":[{"element-6066-11e4-a52e-4f735466cecf":"f.3D100000B49E76A23DA3328AC6F96CCC.d.5614AE084FBA3FA4F7FCA743EB026525.e.2056","ELEMENT":"f.3D100000B49E76A23DA3328AC6F96CCC.d.5614AE084FBA3FA4F7FCA743EB026525.e.2056"}]}
RESULT: {"script":"<script> [56 bytes]","args":[{"element-6066-11e4-a52e-4f735466cecf":"f.3D100000B49E76A23DA3328AC6F96CCC.d.5614AE084FBA3FA4F7FCA743EB026525.e.2056","ELEMENT":"f.3D100000B49E76A23DA3328AC6F96CCC.d.5614AE084FBA3FA4F7FCA743EB026525.e.2056"}]}
RESULT: undefined
COMMAND: POST /session/13ff36e378d374199407c6416a2f579d/element - {"using":"xpath","value":"//*[@id=\"application-managepartners-display-component---masterPtm--smartTable-btnPersonalisation-img\"]"}
COMMAND: GET /session/13ff36e378d374199407c6416a2f579d/screenshot - {}
RESULT: {"using":"xpath","value":"//*[@id=\"application-managepartners-display-component---masterPtm--smartTable-btnPersonalisation-img\"]"}
COMMAND: POST /session/13ff36e378d374199407c6416a2f579d/element/f.3D100000B49E76A23DA3328AC6F96CCC.d.5614AE084FBA3FA4F7FCA743EB026525.e.1740/click - {}
RESULT: {}
RESULT: {}
COMMAND: GET /session/13ff36e378d374199407c6416a2f579d/screenshot - {}
RESULT: {}
COMMAND: POST /session/13ff36e378d374199407c6416a2f579d/execute/async - {"script":"<script> [1562 bytes]","args":[{"selector":{"controlType":"sap.m.IconTabFilter","viewName":"etm.portal.ui.managepartners.view.Master","viewId":"application-managepartners-display-component---masterPtm","properties":{"text":"Filter"},"searchOpenDialogs":true,"interaction":{"idSuffix":"text"}},"wdio_ui5_key":"etmportal.ui.managepartners.view.Mastersap.m.IconTabFilter{\"text\":\"Filter\"}"}]}
RESULT: {"script":"<script> [1562 bytes]","args":[{"selector":{"controlType":"sap.m.IconTabFilter","viewName":"etm.portal.ui.managepartners.view.Master","viewId":"application-managepartners-display-component---masterPtm","properties":{"text":"Filter"},"searchOpenDialogs":true,"interaction":{"idSuffix":"text"}},"wdio_ui5_key":"etmportal.ui.managepartners.view.Mastersap.m.IconTabFilter{\"text\":\"Filter\"}"}]}
RESULT: undefined
COMMAND: POST /session/13ff36e378d374199407c6416a2f579d/element - {"using":"xpath","value":"//*[@id=\"__filter10\"]"}
RESULT: {"using":"xpath","value":"//*[@id=\"__filter10\"]"}
COMMAND: POST /session/13ff36e378d374199407c6416a2f579d/element/f.3D100000B49E76A23DA3328AC6F96CCC.d.5614AE084FBA3FA4F7FCA743EB026525.e.2061/click - {}
RESULT: {}
COMMAND: GET /session/13ff36e378d374199407c6416a2f579d/screenshot - {}
RESULT: {}
COMMAND: POST /session/13ff36e378d374199407c6416a2f579d/element - {"using":"xpath","value":"//input[@placeholder=\"Filter by\"]/following-sibling::div//span"}
RESULT: {"using":"xpath","value":"//input[@placeholder=\"Filter by\"]/following-sibling::div//span"}
COMMAND: POST /session/13ff36e378d374199407c6416a2f579d/element/f.3D100000B49E76A23DA3328AC6F96CCC.d.5614AE084FBA3FA4F7FCA743EB026525.e.2063/click - {}
RESULT: {}
COMMAND: GET /session/13ff36e378d374199407c6416a2f579d/screenshot - {}
RESULT: {}
COMMAND: POST /session/13ff36e378d374199407c6416a2f579d/element - {"using":"xpath","value":"//li[.//span[text()=\"Preferred Yard\"]]"}
RESULT: {"using":"xpath","value":"//li[.//span[text()=\"Preferred Yard\"]]"}
COMMAND: POST /session/13ff36e378d374199407c6416a2f579d/element/f.3D100000B49E76A23DA3328AC6F96CCC.d.5614AE084FBA3FA4F7FCA743EB026525.e.2064/click - {}
RESULT: {}
COMMAND: GET /session/13ff36e378d374199407c6416a2f579d/screenshot - {}
RESULT: {}
COMMAND: POST /session/13ff36e378d374199407c6416a2f579d/execute/async - {"script":"<script> [1562 bytes]","args":[{"selector":{"id":"FilterPanel-filterItemControl_BASIC-application-managepartners-display-component---masterPtm--smartTable-YARDYARD-vhi","searchOpenDialogs":true},"wdio_ui5_key":"FilterPanelfilterItemControl_BASIC-application-managepartners-display-component---masterPtm--smartTable-YARDYARD-vhi"}]}
RESULT: {"script":"<script> [1562 bytes]","args":[{"selector":{"id":"FilterPanel-filterItemControl_BASIC-application-managepartners-display-component---masterPtm--smartTable-YARDYARD-vhi","searchOpenDialogs":true},"wdio_ui5_key":"FilterPanelfilterItemControl_BASIC-application-managepartners-display-component---masterPtm--smartTable-YARDYARD-vhi"}]}
RESULT: undefined
COMMAND: POST /session/13ff36e378d374199407c6416a2f579d/element - {"using":"xpath","value":"//*[@id=\"FilterPanel-filterItemControl_BASIC-application-managepartners-display-component---masterPtm--smartTable-YARDYARD-vhi\"]"}
RESULT: {"using":"xpath","value":"//*[@id=\"FilterPanel-filterItemControl_BASIC-application-managepartners-display-component---masterPtm--smartTable-YARDYARD-vhi\"]"}
COMMAND: POST /session/13ff36e378d374199407c6416a2f579d/element/f.3D100000B49E76A23DA3328AC6F96CCC.d.5614AE084FBA3FA4F7FCA743EB026525.e.2067/click - {}
RESULT: {}
COMMAND: GET /session/13ff36e378d374199407c6416a2f579d/screenshot - {}
RESULT: {}
COMMAND: POST /session/13ff36e378d374199407c6416a2f579d/execute/async - {"script":"<script> [1562 bytes]","args":[{"selector":{"id":"FilterPanel-filterItemControl_BASIC-application-managepartners-display-component---masterPtm--smartTable-YARDYARD-valueHelpDialog-smartFilterBar-btnBasicSearch","searchOpenDialogs":true,"interaction":{"idSuffix":"I"}},"wdio_ui5_key":"FilterPanelfilterItemControl_BASIC-application-managepartners-display-component---masterPtm--smartTable-YARDYARD-valueHelpDialog-smartFilterBar-btnBasicSearch"}]}
RESULT: {"script":"<script> [1562 bytes]","args":[{"selector":{"id":"FilterPanel-filterItemControl_BASIC-application-managepartners-display-component---masterPtm--smartTable-YARDYARD-valueHelpDialog-smartFilterBar-btnBasicSearch","searchOpenDialogs":true,"interaction":{"idSuffix":"I"}},"wdio_ui5_key":"FilterPanelfilterItemControl_BASIC-application-managepartners-display-component---masterPtm--smartTable-YARDYARD-valueHelpDialog-smartFilterBar-btnBasicSearch"}]}
RESULT: undefined
COMMAND: POST /session/13ff36e378d374199407c6416a2f579d/execute/async - {"script":"<script> [776 bytes]","args":[{"enterText":"600","selector":{"id":"FilterPanel-filterItemControl_BASIC-application-managepartners-display-component---masterPtm--smartTable-YARDYARD-valueHelpDialog-smartFilterBar-btnBasicSearch","searchOpenDialogs":true,"interaction":{"idSuffix":"I"}},"clearTextFirst":true,"interactionType":"ENTER_TEXT"}]}
RESULT: {"script":"<script> [776 bytes]","args":[{"enterText":"600","selector":{"id":"FilterPanel-filterItemControl_BASIC-application-managepartners-display-component---masterPtm--smartTable-YARDYARD-valueHelpDialog-smartFilterBar-btnBasicSearch","searchOpenDialogs":true,"interaction":{"idSuffix":"I"}},"clearTextFirst":true,"interactionType":"ENTER_TEXT"}]}
COMMAND: POST /session/13ff36e378d374199407c6416a2f579d/actions - {"actions":[{"id":"action3","type":"key","parameters":{},"actions":[{"type":"keyDown","value":"î€‡"},{"type":"pause","duration":10},{"type":"keyUp","value":"î€‡"}]}]}
RESULT: {"actions":[{"id":"action3","type":"key","parameters":{},"actions":[{"type":"keyDown","value":"î€‡"},{"type":"pause","duration":10},{"type":"keyUp","value":"î€‡"}]}]}
COMMAND: GET /session/13ff36e378d374199407c6416a2f579d/screenshot - {}
RESULT: {}
COMMAND: POST /session/13ff36e378d374199407c6416a2f579d/elements - {"using":"xpath","value":"//table[contains(@id, \"smartTable-YARDYARD-valueHelpDialog-table-table\")]/tbody/tr"}
RESULT: {"using":"xpath","value":"//table[contains(@id, \"smartTable-YARDYARD-valueHelpDialog-table-table\")]/tbody/tr"}
COMMAND: POST /session/13ff36e378d374199407c6416a2f579d/element - {"using":"xpath","value":"//table[contains(@id, \"smartTable-YARDYARD-valueHelpDialog-table-table\")]/tbody/tr[1]/td[1]/div/span"}
RESULT: {"using":"xpath","value":"//table[contains(@id, \"smartTable-YARDYARD-valueHelpDialog-table-table\")]/tbody/tr[1]/td[1]/div/span"}
COMMAND: POST /session/13ff36e378d374199407c6416a2f579d/elements - {"using":"xpath","value":"//table[contains(@id, \"smartTable-YARDYARD-valueHelpDialog-table-table\")]/tbody/tr[1]/td[1]/div/span"}
RESULT: {"using":"xpath","value":"//table[contains(@id, \"smartTable-YARDYARD-valueHelpDialog-table-table\")]/tbody/tr[1]/td[1]/div/span"}
COMMAND: POST /session/13ff36e378d374199407c6416a2f579d/execute/sync - {"script":"<script> [56 bytes]","args":[{"element-6066-11e4-a52e-4f735466cecf":"f.3D100000B49E76A23DA3328AC6F96CCC.d.5614AE084FBA3FA4F7FCA743EB026525.e.2086","ELEMENT":"f.3D100000B49E76A23DA3328AC6F96CCC.d.5614AE084FBA3FA4F7FCA743EB026525.e.2086"}]}
RESULT: {"script":"<script> [56 bytes]","args":[{"element-6066-11e4-a52e-4f735466cecf":"f.3D100000B49E76A23DA3328AC6F96CCC.d.5614AE084FBA3FA4F7FCA743EB026525.e.2086","ELEMENT":"f.3D100000B49E76A23DA3328AC6F96CCC.d.5614AE084FBA3FA4F7FCA743EB026525.e.2086"}]}
COMMAND: POST /session/13ff36e378d374199407c6416a2f579d/element - {"using":"xpath","value":"//table[contains(@id, \"smartTable-YARDYARD-valueHelpDialog-table-table\")]/tbody/tr[2]/td[1]/div/span"}
COMMAND: GET /session/13ff36e378d374199407c6416a2f579d/screenshot - {}
RESULT: {"using":"xpath","value":"//table[contains(@id, \"smartTable-YARDYARD-valueHelpDialog-table-table\")]/tbody/tr[2]/td[1]/div/span"}
COMMAND: POST /session/13ff36e378d374199407c6416a2f579d/elements - {"using":"xpath","value":"//table[contains(@id, \"smartTable-YARDYARD-valueHelpDialog-table-table\")]/tbody/tr[2]/td[1]/div/span"}
RESULT: {}
RESULT: {"using":"xpath","value":"//table[contains(@id, \"smartTable-YARDYARD-valueHelpDialog-table-table\")]/tbody/tr[2]/td[1]/div/span"}
COMMAND: POST /session/13ff36e378d374199407c6416a2f579d/execute/sync - {"script":"<script> [56 bytes]","args":[{"element-6066-11e4-a52e-4f735466cecf":"f.3D100000B49E76A23DA3328AC6F96CCC.d.5614AE084FBA3FA4F7FCA743EB026525.e.2087","ELEMENT":"f.3D100000B49E76A23DA3328AC6F96CCC.d.5614AE084FBA3FA4F7FCA743EB026525.e.2087"}]}
RESULT: {"script":"<script> [56 bytes]","args":[{"element-6066-11e4-a52e-4f735466cecf":"f.3D100000B49E76A23DA3328AC6F96CCC.d.5614AE084FBA3FA4F7FCA743EB026525.e.2087","ELEMENT":"f.3D100000B49E76A23DA3328AC6F96CCC.d.5614AE084FBA3FA4F7FCA743EB026525.e.2087"}]}
COMMAND: POST /session/13ff36e378d374199407c6416a2f579d/element - {"using":"xpath","value":"//div[contains(@id, \"YARDYARD-valueHelpDialog-table-rowsel1\")]"}
COMMAND: GET /session/13ff36e378d374199407c6416a2f579d/screenshot - {}
RESULT: {"using":"xpath","value":"//div[contains(@id, \"YARDYARD-valueHelpDialog-table-rowsel1\")]"}
COMMAND: POST /session/13ff36e378d374199407c6416a2f579d/element/f.3D100000B49E76A23DA3328AC6F96CCC.d.5614AE084FBA3FA4F7FCA743EB026525.e.2088/click - {}
RESULT: {}
RESULT: {}
COMMAND: GET /session/13ff36e378d374199407c6416a2f579d/screenshot - {}
RESULT: {}
COMMAND: POST /session/13ff36e378d374199407c6416a2f579d/element - {"using":"xpath","value":"(//bdi[contains(text(), \"OK\")])[2]"}
RESULT: {"using":"xpath","value":"(//bdi[contains(text(), \"OK\")])[2]"}
COMMAND: POST /session/13ff36e378d374199407c6416a2f579d/element/f.3D100000B49E76A23DA3328AC6F96CCC.d.5614AE084FBA3FA4F7FCA743EB026525.e.2090/click - {}
RESULT: {}
COMMAND: GET /session/13ff36e378d374199407c6416a2f579d/screenshot - {}
RESULT: {}
COMMAND: POST /session/13ff36e378d374199407c6416a2f579d/element - {"using":"xpath","value":"//bdi[contains(text(), \"OK\")]"}
RESULT: {"using":"xpath","value":"//bdi[contains(text(), \"OK\")]"}
COMMAND: POST /session/13ff36e378d374199407c6416a2f579d/element/f.3D100000B49E76A23DA3328AC6F96CCC.d.5614AE084FBA3FA4F7FCA743EB026525.e.2093/click - {}
RESULT: {}
COMMAND: GET /session/13ff36e378d374199407c6416a2f579d/screenshot - {}
RESULT: {}
COMMAND: POST /session/13ff36e378d374199407c6416a2f579d/element - {"using":"xpath","value":"//table[contains(@id, \"customPartnersTable\")]//tbody/tr[1]/td[3]/span"}
RESULT: {"using":"xpath","value":"//table[contains(@id, \"customPartnersTable\")]//tbody/tr[1]/td[3]/span"}
COMMAND: POST /session/13ff36e378d374199407c6416a2f579d/execute/sync - {"script":"<script> [56 bytes]","args":[{"element-6066-11e4-a52e-4f735466cecf":"f.3D100000B49E76A23DA3328AC6F96CCC.d.5614AE084FBA3FA4F7FCA743EB026525.e.2056","ELEMENT":"f.3D100000B49E76A23DA3328AC6F96CCC.d.5614AE084FBA3FA4F7FCA743EB026525.e.2056"}]}
RESULT: {"script":"<script> [56 bytes]","args":[{"element-6066-11e4-a52e-4f735466cecf":"f.3D100000B49E76A23DA3328AC6F96CCC.d.5614AE084FBA3FA4F7FCA743EB026525.e.2056","ELEMENT":"f.3D100000B49E76A23DA3328AC6F96CCC.d.5614AE084FBA3FA4F7FCA743EB026525.e.2056"}]}
COMMAND: POST /session/13ff36e378d374199407c6416a2f579d/element - {"using":"css selector","value":"#shell-header-logo"}
COMMAND: GET /session/13ff36e378d374199407c6416a2f579d/screenshot - {}
RESULT: {}
RESULT: {"using":"css selector","value":"#shell-header-logo"}
COMMAND: POST /session/13ff36e378d374199407c6416a2f579d/element/f.3D100000B49E76A23DA3328AC6F96CCC.d.5614AE084FBA3FA4F7FCA743EB026525.e.1689/click - {}
RESULT: {}
COMMAND: GET /session/13ff36e378d374199407c6416a2f579d/screenshot - {}
RESULT: {}
]]></system-out>
    </testcase>
    <testcase classname="chrome.136_0_7103_93.windows.Partner_specific_tests_US150819_US151080_US151654_US151176_US103444_US151078_US151079_US151109_US151174_US151175_US151189" name="Should deactivate the created partner in earlier step US151654" time="65.457">
      <system-out><![CDATA[
COMMAND: POST /session/13ff36e378d374199407c6416a2f579d/element - {"using":"xpath","value":"//li[.//span[text()=\"Manage Partners\"]]"}
RESULT: {"using":"xpath","value":"//li[.//span[text()=\"Manage Partners\"]]"}
COMMAND: POST /session/13ff36e378d374199407c6416a2f579d/element - {"using":"xpath","value":"//li[.//span[text()=\"Manage Partners\"]]"}
RESULT: {"using":"xpath","value":"//li[.//span[text()=\"Manage Partners\"]]"}
COMMAND: POST /session/13ff36e378d374199407c6416a2f579d/element - {"using":"css selector","value":"#shell-header-logo"}
RESULT: {"using":"css selector","value":"#shell-header-logo"}
COMMAND: POST /session/13ff36e378d374199407c6416a2f579d/element/f.3D100000B49E76A23DA3328AC6F96CCC.d.5614AE084FBA3FA4F7FCA743EB026525.e.2148/click - {}
COMMAND: POST /session/13ff36e378d374199407c6416a2f579d/execute/sync - {"script":"<script> [8489 bytes]","args":[{"element-6066-11e4-a52e-4f735466cecf":"f.3D100000B49E76A23DA3328AC6F96CCC.d.5614AE084FBA3FA4F7FCA743EB026525.e.2148","ELEMENT":"f.3D100000B49E76A23DA3328AC6F96CCC.d.5614AE084FBA3FA4F7FCA743EB026525.e.2148"}]}
RESULT: {"script":"<script> [8489 bytes]","args":[{"element-6066-11e4-a52e-4f735466cecf":"f.3D100000B49E76A23DA3328AC6F96CCC.d.5614AE084FBA3FA4F7FCA743EB026525.e.2148","ELEMENT":"f.3D100000B49E76A23DA3328AC6F96CCC.d.5614AE084FBA3FA4F7FCA743EB026525.e.2148"}]}
COMMAND: POST /session/13ff36e378d374199407c6416a2f579d/execute/sync - {"script":"<script> [5351 bytes]","args":[{"element-6066-11e4-a52e-4f735466cecf":"f.3D100000B49E76A23DA3328AC6F96CCC.d.5614AE084FBA3FA4F7FCA743EB026525.e.2148","ELEMENT":"f.3D100000B49E76A23DA3328AC6F96CCC.d.5614AE084FBA3FA4F7FCA743EB026525.e.2148"}]}
COMMAND: GET /session/13ff36e378d374199407c6416a2f579d/screenshot - {}
RESULT: {}
COMMAND: GET /session/13ff36e378d374199407c6416a2f579d/screenshot - {}
RESULT: {"script":"<script> [5351 bytes]","args":[{"element-6066-11e4-a52e-4f735466cecf":"f.3D100000B49E76A23DA3328AC6F96CCC.d.5614AE084FBA3FA4F7FCA743EB026525.e.2148","ELEMENT":"f.3D100000B49E76A23DA3328AC6F96CCC.d.5614AE084FBA3FA4F7FCA743EB026525.e.2148"}]}
COMMAND: GET /session/13ff36e378d374199407c6416a2f579d/screenshot - {}
RESULT: {}
RESULT: {}
RESULT: {}
RESULT: undefined
COMMAND: POST /session/13ff36e378d374199407c6416a2f579d/element - {"using":"xpath","value":"//*[@id=\"__tile38\"]"}
RESULT: {"using":"xpath","value":"//*[@id=\"__tile38\"]"}
COMMAND: POST /session/13ff36e378d374199407c6416a2f579d/element/f.3D100000B49E76A23DA3328AC6F96CCC.d.5614AE084FBA3FA4F7FCA743EB026525.e.154/click - {}
RESULT: {}
COMMAND: GET /session/13ff36e378d374199407c6416a2f579d/screenshot - {}
RESULT: {}
COMMAND: POST /session/13ff36e378d374199407c6416a2f579d/elements - {"using":"xpath","value":"//span[text()='Error']"}
RESULT: {"using":"xpath","value":"//span[text()='Error']"}
COMMAND: POST /session/13ff36e378d374199407c6416a2f579d/element - {"using":"xpath","value":"//button[@data-kt=\"addButton\"]"}
RESULT: {"using":"xpath","value":"//button[@data-kt=\"addButton\"]"}
COMMAND: POST /session/13ff36e378d374199407c6416a2f579d/elements - {"using":"xpath","value":"//button[@data-kt=\"addButton\"]"}
RESULT: {"using":"xpath","value":"//button[@data-kt=\"addButton\"]"}
COMMAND: POST /session/13ff36e378d374199407c6416a2f579d/execute/sync - {"script":"<script> [8489 bytes]","args":[{"element-6066-11e4-a52e-4f735466cecf":"f.3D100000B49E76A23DA3328AC6F96CCC.d.5614AE084FBA3FA4F7FCA743EB026525.e.2193","ELEMENT":"f.3D100000B49E76A23DA3328AC6F96CCC.d.5614AE084FBA3FA4F7FCA743EB026525.e.2193"}]}
RESULT: {"script":"<script> [8489 bytes]","args":[{"element-6066-11e4-a52e-4f735466cecf":"f.3D100000B49E76A23DA3328AC6F96CCC.d.5614AE084FBA3FA4F7FCA743EB026525.e.2193","ELEMENT":"f.3D100000B49E76A23DA3328AC6F96CCC.d.5614AE084FBA3FA4F7FCA743EB026525.e.2193"}]}
COMMAND: GET /session/13ff36e378d374199407c6416a2f579d/element/f.3D100000B49E76A23DA3328AC6F96CCC.d.5614AE084FBA3FA4F7FCA743EB026525.e.2193/enabled - {}
COMMAND: GET /session/13ff36e378d374199407c6416a2f579d/screenshot - {}
RESULT: {}
COMMAND: POST /session/13ff36e378d374199407c6416a2f579d/execute/sync - {"script":"<script> [8489 bytes]","args":[{"element-6066-11e4-a52e-4f735466cecf":"f.3D100000B49E76A23DA3328AC6F96CCC.d.5614AE084FBA3FA4F7FCA743EB026525.e.2193","ELEMENT":"f.3D100000B49E76A23DA3328AC6F96CCC.d.5614AE084FBA3FA4F7FCA743EB026525.e.2193"}]}
COMMAND: GET /session/13ff36e378d374199407c6416a2f579d/screenshot - {}
RESULT: {}
RESULT: {"script":"<script> [8489 bytes]","args":[{"element-6066-11e4-a52e-4f735466cecf":"f.3D100000B49E76A23DA3328AC6F96CCC.d.5614AE084FBA3FA4F7FCA743EB026525.e.2193","ELEMENT":"f.3D100000B49E76A23DA3328AC6F96CCC.d.5614AE084FBA3FA4F7FCA743EB026525.e.2193"}]}
COMMAND: POST /session/13ff36e378d374199407c6416a2f579d/execute/sync - {"script":"<script> [5351 bytes]","args":[{"element-6066-11e4-a52e-4f735466cecf":"f.3D100000B49E76A23DA3328AC6F96CCC.d.5614AE084FBA3FA4F7FCA743EB026525.e.2193","ELEMENT":"f.3D100000B49E76A23DA3328AC6F96CCC.d.5614AE084FBA3FA4F7FCA743EB026525.e.2193"}]}
COMMAND: GET /session/13ff36e378d374199407c6416a2f579d/screenshot - {}
RESULT: {}
RESULT: {}
RESULT: {"script":"<script> [5351 bytes]","args":[{"element-6066-11e4-a52e-4f735466cecf":"f.3D100000B49E76A23DA3328AC6F96CCC.d.5614AE084FBA3FA4F7FCA743EB026525.e.2193","ELEMENT":"f.3D100000B49E76A23DA3328AC6F96CCC.d.5614AE084FBA3FA4F7FCA743EB026525.e.2193"}]}
COMMAND: GET /session/13ff36e378d374199407c6416a2f579d/screenshot - {}
RESULT: {}
COMMAND: POST /session/13ff36e378d374199407c6416a2f579d/execute/async - {"script":"<script> [1562 bytes]","args":[{"selector":{"id":"application-managepartners-display-component---masterPtm--smartFilterBar-btnBasicSearch","interaction":{"idSuffix":"I"}},"wdio_ui5_key":"applicationmanagepartners-display-component---masterPtm--smartFilterBar-btnBasicSearch"}]}
RESULT: {"script":"<script> [1562 bytes]","args":[{"selector":{"id":"application-managepartners-display-component---masterPtm--smartFilterBar-btnBasicSearch","interaction":{"idSuffix":"I"}},"wdio_ui5_key":"applicationmanagepartners-display-component---masterPtm--smartFilterBar-btnBasicSearch"}]}
RESULT: undefined
COMMAND: POST /session/13ff36e378d374199407c6416a2f579d/execute/async - {"script":"<script> [776 bytes]","args":[{"enterText":"1389","selector":{"id":"application-managepartners-display-component---masterPtm--smartFilterBar-btnBasicSearch","interaction":{"idSuffix":"I"}},"clearTextFirst":true,"interactionType":"ENTER_TEXT"}]}
RESULT: {"script":"<script> [776 bytes]","args":[{"enterText":"1389","selector":{"id":"application-managepartners-display-component---masterPtm--smartFilterBar-btnBasicSearch","interaction":{"idSuffix":"I"}},"clearTextFirst":true,"interactionType":"ENTER_TEXT"}]}
COMMAND: POST /session/13ff36e378d374199407c6416a2f579d/actions - {"actions":[{"id":"action4","type":"key","parameters":{},"actions":[{"type":"keyDown","value":"î€‡"},{"type":"pause","duration":10},{"type":"keyUp","value":"î€‡"}]}]}
RESULT: {"actions":[{"id":"action4","type":"key","parameters":{},"actions":[{"type":"keyDown","value":"î€‡"},{"type":"pause","duration":10},{"type":"keyUp","value":"î€‡"}]}]}
COMMAND: GET /session/13ff36e378d374199407c6416a2f579d/screenshot - {}
RESULT: {}
COMMAND: POST /session/13ff36e378d374199407c6416a2f579d/elements - {"using":"xpath","value":"//table[contains(@id, \"customPartnersTable-listUl\")]/tbody/tr"}
RESULT: {"using":"xpath","value":"//table[contains(@id, \"customPartnersTable-listUl\")]/tbody/tr"}
COMMAND: POST /session/13ff36e378d374199407c6416a2f579d/element - {"using":"xpath","value":"//table[contains(@id, \"customPartnersTable-listUl\")]/tbody/tr[1]/td[3]/span"}
RESULT: {"using":"xpath","value":"//table[contains(@id, \"customPartnersTable-listUl\")]/tbody/tr[1]/td[3]/span"}
COMMAND: POST /session/13ff36e378d374199407c6416a2f579d/elements - {"using":"xpath","value":"//table[contains(@id, \"customPartnersTable-listUl\")]/tbody/tr[1]/td[3]/span"}
RESULT: {"using":"xpath","value":"//table[contains(@id, \"customPartnersTable-listUl\")]/tbody/tr[1]/td[3]/span"}
COMMAND: POST /session/13ff36e378d374199407c6416a2f579d/execute/sync - {"script":"<script> [56 bytes]","args":[{"element-6066-11e4-a52e-4f735466cecf":"f.3D100000B49E76A23DA3328AC6F96CCC.d.5614AE084FBA3FA4F7FCA743EB026525.e.2331","ELEMENT":"f.3D100000B49E76A23DA3328AC6F96CCC.d.5614AE084FBA3FA4F7FCA743EB026525.e.2331"}]}
RESULT: {"script":"<script> [56 bytes]","args":[{"element-6066-11e4-a52e-4f735466cecf":"f.3D100000B49E76A23DA3328AC6F96CCC.d.5614AE084FBA3FA4F7FCA743EB026525.e.2331","ELEMENT":"f.3D100000B49E76A23DA3328AC6F96CCC.d.5614AE084FBA3FA4F7FCA743EB026525.e.2331"}]}
COMMAND: POST /session/13ff36e378d374199407c6416a2f579d/element - {"using":"xpath","value":"//table[contains(@id, \"customPartnersTable-listUl\")]/tbody/tr[1]/td[7]/div/span"}
COMMAND: GET /session/13ff36e378d374199407c6416a2f579d/screenshot - {}
RESULT: {"using":"xpath","value":"//table[contains(@id, \"customPartnersTable-listUl\")]/tbody/tr[1]/td[7]/div/span"}
COMMAND: POST /session/13ff36e378d374199407c6416a2f579d/execute/sync - {"script":"<script> [56 bytes]","args":[{"element-6066-11e4-a52e-4f735466cecf":"f.3D100000B49E76A23DA3328AC6F96CCC.d.5614AE084FBA3FA4F7FCA743EB026525.e.2332","ELEMENT":"f.3D100000B49E76A23DA3328AC6F96CCC.d.5614AE084FBA3FA4F7FCA743EB026525.e.2332"}]}
RESULT: {}
RESULT: {"script":"<script> [56 bytes]","args":[{"element-6066-11e4-a52e-4f735466cecf":"f.3D100000B49E76A23DA3328AC6F96CCC.d.5614AE084FBA3FA4F7FCA743EB026525.e.2332","ELEMENT":"f.3D100000B49E76A23DA3328AC6F96CCC.d.5614AE084FBA3FA4F7FCA743EB026525.e.2332"}]}
COMMAND: POST /session/13ff36e378d374199407c6416a2f579d/element - {"using":"xpath","value":"//table[contains(@id, \"customPartnersTable-listUl\")]/tbody/tr[1]/td[2]/div/div"}
COMMAND: GET /session/13ff36e378d374199407c6416a2f579d/screenshot - {}
RESULT: {"using":"xpath","value":"//table[contains(@id, \"customPartnersTable-listUl\")]/tbody/tr[1]/td[2]/div/div"}
COMMAND: POST /session/13ff36e378d374199407c6416a2f579d/element/f.3D100000B49E76A23DA3328AC6F96CCC.d.5614AE084FBA3FA4F7FCA743EB026525.e.2333/click - {}
RESULT: {}
RESULT: {}
COMMAND: GET /session/13ff36e378d374199407c6416a2f579d/screenshot - {}
RESULT: {}
COMMAND: POST /session/13ff36e378d374199407c6416a2f579d/element - {"using":"xpath","value":"//bdi[contains(text(), \"Deactivate\")]"}
RESULT: {"using":"xpath","value":"//bdi[contains(text(), \"Deactivate\")]"}
COMMAND: POST /session/13ff36e378d374199407c6416a2f579d/element/f.3D100000B49E76A23DA3328AC6F96CCC.d.5614AE084FBA3FA4F7FCA743EB026525.e.2334/click - {}
RESULT: {}
COMMAND: GET /session/13ff36e378d374199407c6416a2f579d/screenshot - {}
RESULT: {}
COMMAND: POST /session/13ff36e378d374199407c6416a2f579d/element - {"using":"xpath","value":"//bdi[contains(text(), \"Yes\")]"}
RESULT: {"using":"xpath","value":"//bdi[contains(text(), \"Yes\")]"}
COMMAND: POST /session/13ff36e378d374199407c6416a2f579d/element/f.3D100000B49E76A23DA3328AC6F96CCC.d.5614AE084FBA3FA4F7FCA743EB026525.e.2336/click - {}
RESULT: {}
COMMAND: GET /session/13ff36e378d374199407c6416a2f579d/screenshot - {}
RESULT: {}
COMMAND: POST /session/13ff36e378d374199407c6416a2f579d/element - {"using":"xpath","value":"//table[contains(@id, \"customPartnersTable-listUl\")]/tbody/tr[1]/td[7]/div/span"}
RESULT: {"using":"xpath","value":"//table[contains(@id, \"customPartnersTable-listUl\")]/tbody/tr[1]/td[7]/div/span"}
COMMAND: POST /session/13ff36e378d374199407c6416a2f579d/execute/sync - {"script":"<script> [56 bytes]","args":[{"element-6066-11e4-a52e-4f735466cecf":"f.3D100000B49E76A23DA3328AC6F96CCC.d.5614AE084FBA3FA4F7FCA743EB026525.e.2332","ELEMENT":"f.3D100000B49E76A23DA3328AC6F96CCC.d.5614AE084FBA3FA4F7FCA743EB026525.e.2332"}]}
RESULT: {"script":"<script> [56 bytes]","args":[{"element-6066-11e4-a52e-4f735466cecf":"f.3D100000B49E76A23DA3328AC6F96CCC.d.5614AE084FBA3FA4F7FCA743EB026525.e.2332","ELEMENT":"f.3D100000B49E76A23DA3328AC6F96CCC.d.5614AE084FBA3FA4F7FCA743EB026525.e.2332"}]}
COMMAND: GET /session/13ff36e378d374199407c6416a2f579d/screenshot - {}
RESULT: {}
COMMAND: POST /session/13ff36e378d374199407c6416a2f579d/element - {"using":"css selector","value":"#shell-header-logo"}
RESULT: {"using":"css selector","value":"#shell-header-logo"}
COMMAND: POST /session/13ff36e378d374199407c6416a2f579d/element/f.3D100000B49E76A23DA3328AC6F96CCC.d.5614AE084FBA3FA4F7FCA743EB026525.e.2148/click - {}
RESULT: {}
COMMAND: GET /session/13ff36e378d374199407c6416a2f579d/screenshot - {}
RESULT: {}
]]></system-out>
    </testcase>
    <testcase classname="chrome.136_0_7103_93.windows.Partner_specific_tests_US150819_US151080_US151654_US151176_US103444_US151078_US151079_US151109_US151174_US151175_US151189" name="Should activate the created partner again US151176" time="60.559">
      <system-out><![CDATA[
COMMAND: POST /session/13ff36e378d374199407c6416a2f579d/element - {"using":"xpath","value":"//li[.//span[text()=\"Manage Partners\"]]"}
RESULT: {"using":"xpath","value":"//li[.//span[text()=\"Manage Partners\"]]"}
COMMAND: POST /session/13ff36e378d374199407c6416a2f579d/element - {"using":"xpath","value":"//li[.//span[text()=\"Manage Partners\"]]"}
RESULT: {"using":"xpath","value":"//li[.//span[text()=\"Manage Partners\"]]"}
COMMAND: POST /session/13ff36e378d374199407c6416a2f579d/element - {"using":"css selector","value":"#shell-header-logo"}
RESULT: {"using":"css selector","value":"#shell-header-logo"}
COMMAND: POST /session/13ff36e378d374199407c6416a2f579d/element/f.3D100000B49E76A23DA3328AC6F96CCC.d.5614AE084FBA3FA4F7FCA743EB026525.e.2340/click - {}
COMMAND: POST /session/13ff36e378d374199407c6416a2f579d/execute/sync - {"script":"<script> [8489 bytes]","args":[{"element-6066-11e4-a52e-4f735466cecf":"f.3D100000B49E76A23DA3328AC6F96CCC.d.5614AE084FBA3FA4F7FCA743EB026525.e.2340","ELEMENT":"f.3D100000B49E76A23DA3328AC6F96CCC.d.5614AE084FBA3FA4F7FCA743EB026525.e.2340"}]}
RESULT: {}
COMMAND: GET /session/13ff36e378d374199407c6416a2f579d/screenshot - {}
RESULT: {"script":"<script> [8489 bytes]","args":[{"element-6066-11e4-a52e-4f735466cecf":"f.3D100000B49E76A23DA3328AC6F96CCC.d.5614AE084FBA3FA4F7FCA743EB026525.e.2340","ELEMENT":"f.3D100000B49E76A23DA3328AC6F96CCC.d.5614AE084FBA3FA4F7FCA743EB026525.e.2340"}]}
COMMAND: POST /session/13ff36e378d374199407c6416a2f579d/execute/sync - {"script":"<script> [5351 bytes]","args":[{"element-6066-11e4-a52e-4f735466cecf":"f.3D100000B49E76A23DA3328AC6F96CCC.d.5614AE084FBA3FA4F7FCA743EB026525.e.2340","ELEMENT":"f.3D100000B49E76A23DA3328AC6F96CCC.d.5614AE084FBA3FA4F7FCA743EB026525.e.2340"}]}
COMMAND: GET /session/13ff36e378d374199407c6416a2f579d/screenshot - {}
RESULT: {}
RESULT: {"script":"<script> [5351 bytes]","args":[{"element-6066-11e4-a52e-4f735466cecf":"f.3D100000B49E76A23DA3328AC6F96CCC.d.5614AE084FBA3FA4F7FCA743EB026525.e.2340","ELEMENT":"f.3D100000B49E76A23DA3328AC6F96CCC.d.5614AE084FBA3FA4F7FCA743EB026525.e.2340"}]}
COMMAND: GET /session/13ff36e378d374199407c6416a2f579d/screenshot - {}
RESULT: {}
RESULT: {}
RESULT: undefined
COMMAND: POST /session/13ff36e378d374199407c6416a2f579d/element - {"using":"xpath","value":"//*[@id=\"__tile38\"]"}
RESULT: {"using":"xpath","value":"//*[@id=\"__tile38\"]"}
COMMAND: POST /session/13ff36e378d374199407c6416a2f579d/element/f.3D100000B49E76A23DA3328AC6F96CCC.d.5614AE084FBA3FA4F7FCA743EB026525.e.154/click - {}
RESULT: {}
COMMAND: GET /session/13ff36e378d374199407c6416a2f579d/screenshot - {}
RESULT: {}
COMMAND: POST /session/13ff36e378d374199407c6416a2f579d/elements - {"using":"xpath","value":"//span[text()='Error']"}
RESULT: {"using":"xpath","value":"//span[text()='Error']"}
COMMAND: POST /session/13ff36e378d374199407c6416a2f579d/element - {"using":"xpath","value":"//button[@data-kt=\"addButton\"]"}
RESULT: {"using":"xpath","value":"//button[@data-kt=\"addButton\"]"}
COMMAND: POST /session/13ff36e378d374199407c6416a2f579d/elements - {"using":"xpath","value":"//button[@data-kt=\"addButton\"]"}
RESULT: {"using":"xpath","value":"//button[@data-kt=\"addButton\"]"}
COMMAND: POST /session/13ff36e378d374199407c6416a2f579d/execute/sync - {"script":"<script> [8489 bytes]","args":[{"element-6066-11e4-a52e-4f735466cecf":"f.3D100000B49E76A23DA3328AC6F96CCC.d.5614AE084FBA3FA4F7FCA743EB026525.e.2386","ELEMENT":"f.3D100000B49E76A23DA3328AC6F96CCC.d.5614AE084FBA3FA4F7FCA743EB026525.e.2386"}]}
RESULT: {"script":"<script> [8489 bytes]","args":[{"element-6066-11e4-a52e-4f735466cecf":"f.3D100000B49E76A23DA3328AC6F96CCC.d.5614AE084FBA3FA4F7FCA743EB026525.e.2386","ELEMENT":"f.3D100000B49E76A23DA3328AC6F96CCC.d.5614AE084FBA3FA4F7FCA743EB026525.e.2386"}]}
COMMAND: GET /session/13ff36e378d374199407c6416a2f579d/element/f.3D100000B49E76A23DA3328AC6F96CCC.d.5614AE084FBA3FA4F7FCA743EB026525.e.2386/enabled - {}
COMMAND: GET /session/13ff36e378d374199407c6416a2f579d/screenshot - {}
RESULT: {}
COMMAND: POST /session/13ff36e378d374199407c6416a2f579d/execute/sync - {"script":"<script> [8489 bytes]","args":[{"element-6066-11e4-a52e-4f735466cecf":"f.3D100000B49E76A23DA3328AC6F96CCC.d.5614AE084FBA3FA4F7FCA743EB026525.e.2386","ELEMENT":"f.3D100000B49E76A23DA3328AC6F96CCC.d.5614AE084FBA3FA4F7FCA743EB026525.e.2386"}]}
COMMAND: GET /session/13ff36e378d374199407c6416a2f579d/screenshot - {}
RESULT: {}
RESULT: {"script":"<script> [8489 bytes]","args":[{"element-6066-11e4-a52e-4f735466cecf":"f.3D100000B49E76A23DA3328AC6F96CCC.d.5614AE084FBA3FA4F7FCA743EB026525.e.2386","ELEMENT":"f.3D100000B49E76A23DA3328AC6F96CCC.d.5614AE084FBA3FA4F7FCA743EB026525.e.2386"}]}
COMMAND: POST /session/13ff36e378d374199407c6416a2f579d/execute/sync - {"script":"<script> [5351 bytes]","args":[{"element-6066-11e4-a52e-4f735466cecf":"f.3D100000B49E76A23DA3328AC6F96CCC.d.5614AE084FBA3FA4F7FCA743EB026525.e.2386","ELEMENT":"f.3D100000B49E76A23DA3328AC6F96CCC.d.5614AE084FBA3FA4F7FCA743EB026525.e.2386"}]}
COMMAND: GET /session/13ff36e378d374199407c6416a2f579d/screenshot - {}
RESULT: {}
RESULT: {"script":"<script> [5351 bytes]","args":[{"element-6066-11e4-a52e-4f735466cecf":"f.3D100000B49E76A23DA3328AC6F96CCC.d.5614AE084FBA3FA4F7FCA743EB026525.e.2386","ELEMENT":"f.3D100000B49E76A23DA3328AC6F96CCC.d.5614AE084FBA3FA4F7FCA743EB026525.e.2386"}]}
COMMAND: GET /session/13ff36e378d374199407c6416a2f579d/screenshot - {}
RESULT: {}
RESULT: {}
RESULT: undefined
COMMAND: POST /session/13ff36e378d374199407c6416a2f579d/execute/async - {"script":"<script> [776 bytes]","args":[{"enterText":"1389","selector":{"id":"application-managepartners-display-component---masterPtm--smartFilterBar-btnBasicSearch","interaction":{"idSuffix":"I"}},"clearTextFirst":true,"interactionType":"ENTER_TEXT"}]}
RESULT: {"script":"<script> [776 bytes]","args":[{"enterText":"1389","selector":{"id":"application-managepartners-display-component---masterPtm--smartFilterBar-btnBasicSearch","interaction":{"idSuffix":"I"}},"clearTextFirst":true,"interactionType":"ENTER_TEXT"}]}
COMMAND: POST /session/13ff36e378d374199407c6416a2f579d/actions - {"actions":[{"id":"action5","type":"key","parameters":{},"actions":[{"type":"keyDown","value":"î€‡"},{"type":"pause","duration":10},{"type":"keyUp","value":"î€‡"}]}]}
RESULT: {"actions":[{"id":"action5","type":"key","parameters":{},"actions":[{"type":"keyDown","value":"î€‡"},{"type":"pause","duration":10},{"type":"keyUp","value":"î€‡"}]}]}
COMMAND: GET /session/13ff36e378d374199407c6416a2f579d/screenshot - {}
RESULT: {}
COMMAND: POST /session/13ff36e378d374199407c6416a2f579d/elements - {"using":"xpath","value":"//table[contains(@id, \"customPartnersTable-listUl\")]/tbody/tr"}
RESULT: {"using":"xpath","value":"//table[contains(@id, \"customPartnersTable-listUl\")]/tbody/tr"}
COMMAND: POST /session/13ff36e378d374199407c6416a2f579d/element - {"using":"xpath","value":"//table[contains(@id, \"customPartnersTable-listUl\")]/tbody/tr[1]/td[3]/span"}
RESULT: {"using":"xpath","value":"//table[contains(@id, \"customPartnersTable-listUl\")]/tbody/tr[1]/td[3]/span"}
COMMAND: POST /session/13ff36e378d374199407c6416a2f579d/elements - {"using":"xpath","value":"//table[contains(@id, \"customPartnersTable-listUl\")]/tbody/tr[1]/td[3]/span"}
RESULT: {"using":"xpath","value":"//table[contains(@id, \"customPartnersTable-listUl\")]/tbody/tr[1]/td[3]/span"}
COMMAND: POST /session/13ff36e378d374199407c6416a2f579d/execute/sync - {"script":"<script> [56 bytes]","args":[{"element-6066-11e4-a52e-4f735466cecf":"f.3D100000B49E76A23DA3328AC6F96CCC.d.5614AE084FBA3FA4F7FCA743EB026525.e.2521","ELEMENT":"f.3D100000B49E76A23DA3328AC6F96CCC.d.5614AE084FBA3FA4F7FCA743EB026525.e.2521"}]}
RESULT: {"script":"<script> [56 bytes]","args":[{"element-6066-11e4-a52e-4f735466cecf":"f.3D100000B49E76A23DA3328AC6F96CCC.d.5614AE084FBA3FA4F7FCA743EB026525.e.2521","ELEMENT":"f.3D100000B49E76A23DA3328AC6F96CCC.d.5614AE084FBA3FA4F7FCA743EB026525.e.2521"}]}
COMMAND: POST /session/13ff36e378d374199407c6416a2f579d/element - {"using":"xpath","value":"//table[contains(@id, \"customPartnersTable-listUl\")]/tbody/tr[1]/td[7]/div/span"}
COMMAND: GET /session/13ff36e378d374199407c6416a2f579d/screenshot - {}
RESULT: {"using":"xpath","value":"//table[contains(@id, \"customPartnersTable-listUl\")]/tbody/tr[1]/td[7]/div/span"}
COMMAND: POST /session/13ff36e378d374199407c6416a2f579d/execute/sync - {"script":"<script> [56 bytes]","args":[{"element-6066-11e4-a52e-4f735466cecf":"f.3D100000B49E76A23DA3328AC6F96CCC.d.5614AE084FBA3FA4F7FCA743EB026525.e.2522","ELEMENT":"f.3D100000B49E76A23DA3328AC6F96CCC.d.5614AE084FBA3FA4F7FCA743EB026525.e.2522"}]}
RESULT: {}
RESULT: {"script":"<script> [56 bytes]","args":[{"element-6066-11e4-a52e-4f735466cecf":"f.3D100000B49E76A23DA3328AC6F96CCC.d.5614AE084FBA3FA4F7FCA743EB026525.e.2522","ELEMENT":"f.3D100000B49E76A23DA3328AC6F96CCC.d.5614AE084FBA3FA4F7FCA743EB026525.e.2522"}]}
COMMAND: POST /session/13ff36e378d374199407c6416a2f579d/element - {"using":"xpath","value":"//table[contains(@id, \"customPartnersTable-listUl\")]/tbody/tr[1]/td[2]/div/div"}
COMMAND: GET /session/13ff36e378d374199407c6416a2f579d/screenshot - {}
RESULT: {"using":"xpath","value":"//table[contains(@id, \"customPartnersTable-listUl\")]/tbody/tr[1]/td[2]/div/div"}
COMMAND: POST /session/13ff36e378d374199407c6416a2f579d/element/f.3D100000B49E76A23DA3328AC6F96CCC.d.5614AE084FBA3FA4F7FCA743EB026525.e.2523/click - {}
RESULT: {}
RESULT: {}
COMMAND: GET /session/13ff36e378d374199407c6416a2f579d/screenshot - {}
RESULT: {}
COMMAND: POST /session/13ff36e378d374199407c6416a2f579d/element - {"using":"xpath","value":"//bdi[contains(text(), \"Activate\")]"}
RESULT: {"using":"xpath","value":"//bdi[contains(text(), \"Activate\")]"}
COMMAND: POST /session/13ff36e378d374199407c6416a2f579d/element/f.3D100000B49E76A23DA3328AC6F96CCC.d.5614AE084FBA3FA4F7FCA743EB026525.e.2524/click - {}
RESULT: {}
COMMAND: GET /session/13ff36e378d374199407c6416a2f579d/screenshot - {}
RESULT: {}
COMMAND: POST /session/13ff36e378d374199407c6416a2f579d/element - {"using":"xpath","value":"//bdi[contains(text(), \"Yes\")]"}
RESULT: {"using":"xpath","value":"//bdi[contains(text(), \"Yes\")]"}
COMMAND: POST /session/13ff36e378d374199407c6416a2f579d/element/f.3D100000B49E76A23DA3328AC6F96CCC.d.5614AE084FBA3FA4F7FCA743EB026525.e.2526/click - {}
RESULT: {}
COMMAND: GET /session/13ff36e378d374199407c6416a2f579d/screenshot - {}
RESULT: {}
COMMAND: POST /session/13ff36e378d374199407c6416a2f579d/element - {"using":"xpath","value":"//table[contains(@id, \"customPartnersTable-listUl\")]/tbody/tr[1]/td[7]/div/span"}
RESULT: {"using":"xpath","value":"//table[contains(@id, \"customPartnersTable-listUl\")]/tbody/tr[1]/td[7]/div/span"}
COMMAND: POST /session/13ff36e378d374199407c6416a2f579d/execute/sync - {"script":"<script> [56 bytes]","args":[{"element-6066-11e4-a52e-4f735466cecf":"f.3D100000B49E76A23DA3328AC6F96CCC.d.5614AE084FBA3FA4F7FCA743EB026525.e.2522","ELEMENT":"f.3D100000B49E76A23DA3328AC6F96CCC.d.5614AE084FBA3FA4F7FCA743EB026525.e.2522"}]}
RESULT: {"script":"<script> [56 bytes]","args":[{"element-6066-11e4-a52e-4f735466cecf":"f.3D100000B49E76A23DA3328AC6F96CCC.d.5614AE084FBA3FA4F7FCA743EB026525.e.2522","ELEMENT":"f.3D100000B49E76A23DA3328AC6F96CCC.d.5614AE084FBA3FA4F7FCA743EB026525.e.2522"}]}
COMMAND: GET /session/13ff36e378d374199407c6416a2f579d/screenshot - {}
RESULT: {}
COMMAND: POST /session/13ff36e378d374199407c6416a2f579d/element - {"using":"css selector","value":"#shell-header-logo"}
RESULT: {"using":"css selector","value":"#shell-header-logo"}
COMMAND: POST /session/13ff36e378d374199407c6416a2f579d/element/f.3D100000B49E76A23DA3328AC6F96CCC.d.5614AE084FBA3FA4F7FCA743EB026525.e.2340/click - {}
RESULT: {}
COMMAND: GET /session/13ff36e378d374199407c6416a2f579d/screenshot - {}
RESULT: {}
]]></system-out>
    </testcase>
    <testcase classname="chrome.136_0_7103_93.windows.Partner_specific_tests_US150819_US151080_US151654_US151176_US103444_US151078_US151079_US151109_US151174_US151175_US151189" name="Should edit the created external partner and save it and check its content US103444" time="74.565">
      <system-out><![CDATA[
COMMAND: POST /session/13ff36e378d374199407c6416a2f579d/element - {"using":"xpath","value":"//li[.//span[text()=\"Manage Partners\"]]"}
RESULT: {"using":"xpath","value":"//li[.//span[text()=\"Manage Partners\"]]"}
COMMAND: POST /session/13ff36e378d374199407c6416a2f579d/element - {"using":"xpath","value":"//li[.//span[text()=\"Manage Partners\"]]"}
RESULT: {"using":"xpath","value":"//li[.//span[text()=\"Manage Partners\"]]"}
COMMAND: POST /session/13ff36e378d374199407c6416a2f579d/element - {"using":"css selector","value":"#shell-header-logo"}
RESULT: {"using":"css selector","value":"#shell-header-logo"}
COMMAND: POST /session/13ff36e378d374199407c6416a2f579d/element/f.3D100000B49E76A23DA3328AC6F96CCC.d.5614AE084FBA3FA4F7FCA743EB026525.e.2530/click - {}
COMMAND: POST /session/13ff36e378d374199407c6416a2f579d/execute/sync - {"script":"<script> [8489 bytes]","args":[{"element-6066-11e4-a52e-4f735466cecf":"f.3D100000B49E76A23DA3328AC6F96CCC.d.5614AE084FBA3FA4F7FCA743EB026525.e.2530","ELEMENT":"f.3D100000B49E76A23DA3328AC6F96CCC.d.5614AE084FBA3FA4F7FCA743EB026525.e.2530"}]}
RESULT: {}
COMMAND: GET /session/13ff36e378d374199407c6416a2f579d/screenshot - {}
RESULT: {"script":"<script> [8489 bytes]","args":[{"element-6066-11e4-a52e-4f735466cecf":"f.3D100000B49E76A23DA3328AC6F96CCC.d.5614AE084FBA3FA4F7FCA743EB026525.e.2530","ELEMENT":"f.3D100000B49E76A23DA3328AC6F96CCC.d.5614AE084FBA3FA4F7FCA743EB026525.e.2530"}]}
COMMAND: POST /session/13ff36e378d374199407c6416a2f579d/execute/sync - {"script":"<script> [5351 bytes]","args":[{"element-6066-11e4-a52e-4f735466cecf":"f.3D100000B49E76A23DA3328AC6F96CCC.d.5614AE084FBA3FA4F7FCA743EB026525.e.2530","ELEMENT":"f.3D100000B49E76A23DA3328AC6F96CCC.d.5614AE084FBA3FA4F7FCA743EB026525.e.2530"}]}
COMMAND: GET /session/13ff36e378d374199407c6416a2f579d/screenshot - {}
RESULT: {}
RESULT: {"script":"<script> [5351 bytes]","args":[{"element-6066-11e4-a52e-4f735466cecf":"f.3D100000B49E76A23DA3328AC6F96CCC.d.5614AE084FBA3FA4F7FCA743EB026525.e.2530","ELEMENT":"f.3D100000B49E76A23DA3328AC6F96CCC.d.5614AE084FBA3FA4F7FCA743EB026525.e.2530"}]}
COMMAND: GET /session/13ff36e378d374199407c6416a2f579d/screenshot - {}
RESULT: {}
RESULT: {}
RESULT: undefined
COMMAND: POST /session/13ff36e378d374199407c6416a2f579d/element - {"using":"xpath","value":"//*[@id=\"__tile38\"]"}
RESULT: {"using":"xpath","value":"//*[@id=\"__tile38\"]"}
COMMAND: POST /session/13ff36e378d374199407c6416a2f579d/element/f.3D100000B49E76A23DA3328AC6F96CCC.d.5614AE084FBA3FA4F7FCA743EB026525.e.154/click - {}
RESULT: {}
COMMAND: GET /session/13ff36e378d374199407c6416a2f579d/screenshot - {}
RESULT: {}
COMMAND: POST /session/13ff36e378d374199407c6416a2f579d/elements - {"using":"xpath","value":"//span[text()='Error']"}
RESULT: {"using":"xpath","value":"//span[text()='Error']"}
COMMAND: POST /session/13ff36e378d374199407c6416a2f579d/element - {"using":"xpath","value":"//button[@data-kt=\"addButton\"]"}
RESULT: {"using":"xpath","value":"//button[@data-kt=\"addButton\"]"}
COMMAND: POST /session/13ff36e378d374199407c6416a2f579d/elements - {"using":"xpath","value":"//button[@data-kt=\"addButton\"]"}
RESULT: {"using":"xpath","value":"//button[@data-kt=\"addButton\"]"}
COMMAND: POST /session/13ff36e378d374199407c6416a2f579d/execute/sync - {"script":"<script> [8489 bytes]","args":[{"element-6066-11e4-a52e-4f735466cecf":"f.3D100000B49E76A23DA3328AC6F96CCC.d.5614AE084FBA3FA4F7FCA743EB026525.e.2675","ELEMENT":"f.3D100000B49E76A23DA3328AC6F96CCC.d.5614AE084FBA3FA4F7FCA743EB026525.e.2675"}]}
RESULT: {"script":"<script> [8489 bytes]","args":[{"element-6066-11e4-a52e-4f735466cecf":"f.3D100000B49E76A23DA3328AC6F96CCC.d.5614AE084FBA3FA4F7FCA743EB026525.e.2675","ELEMENT":"f.3D100000B49E76A23DA3328AC6F96CCC.d.5614AE084FBA3FA4F7FCA743EB026525.e.2675"}]}
COMMAND: GET /session/13ff36e378d374199407c6416a2f579d/element/f.3D100000B49E76A23DA3328AC6F96CCC.d.5614AE084FBA3FA4F7FCA743EB026525.e.2675/enabled - {}
COMMAND: GET /session/13ff36e378d374199407c6416a2f579d/screenshot - {}
RESULT: {}
COMMAND: POST /session/13ff36e378d374199407c6416a2f579d/execute/sync - {"script":"<script> [8489 bytes]","args":[{"element-6066-11e4-a52e-4f735466cecf":"f.3D100000B49E76A23DA3328AC6F96CCC.d.5614AE084FBA3FA4F7FCA743EB026525.e.2675","ELEMENT":"f.3D100000B49E76A23DA3328AC6F96CCC.d.5614AE084FBA3FA4F7FCA743EB026525.e.2675"}]}
COMMAND: GET /session/13ff36e378d374199407c6416a2f579d/screenshot - {}
RESULT: {}
RESULT: {"script":"<script> [8489 bytes]","args":[{"element-6066-11e4-a52e-4f735466cecf":"f.3D100000B49E76A23DA3328AC6F96CCC.d.5614AE084FBA3FA4F7FCA743EB026525.e.2675","ELEMENT":"f.3D100000B49E76A23DA3328AC6F96CCC.d.5614AE084FBA3FA4F7FCA743EB026525.e.2675"}]}
COMMAND: POST /session/13ff36e378d374199407c6416a2f579d/execute/sync - {"script":"<script> [5351 bytes]","args":[{"element-6066-11e4-a52e-4f735466cecf":"f.3D100000B49E76A23DA3328AC6F96CCC.d.5614AE084FBA3FA4F7FCA743EB026525.e.2675","ELEMENT":"f.3D100000B49E76A23DA3328AC6F96CCC.d.5614AE084FBA3FA4F7FCA743EB026525.e.2675"}]}
COMMAND: GET /session/13ff36e378d374199407c6416a2f579d/screenshot - {}
RESULT: {}
RESULT: {"script":"<script> [5351 bytes]","args":[{"element-6066-11e4-a52e-4f735466cecf":"f.3D100000B49E76A23DA3328AC6F96CCC.d.5614AE084FBA3FA4F7FCA743EB026525.e.2675","ELEMENT":"f.3D100000B49E76A23DA3328AC6F96CCC.d.5614AE084FBA3FA4F7FCA743EB026525.e.2675"}]}
COMMAND: GET /session/13ff36e378d374199407c6416a2f579d/screenshot - {}
RESULT: {}
RESULT: {}
RESULT: undefined
COMMAND: POST /session/13ff36e378d374199407c6416a2f579d/execute/async - {"script":"<script> [776 bytes]","args":[{"enterText":"1389","selector":{"id":"application-managepartners-display-component---masterPtm--smartFilterBar-btnBasicSearch","interaction":{"idSuffix":"I"}},"clearTextFirst":true,"interactionType":"ENTER_TEXT"}]}
RESULT: {"script":"<script> [776 bytes]","args":[{"enterText":"1389","selector":{"id":"application-managepartners-display-component---masterPtm--smartFilterBar-btnBasicSearch","interaction":{"idSuffix":"I"}},"clearTextFirst":true,"interactionType":"ENTER_TEXT"}]}
COMMAND: POST /session/13ff36e378d374199407c6416a2f579d/actions - {"actions":[{"id":"action6","type":"key","parameters":{},"actions":[{"type":"keyDown","value":"î€‡"},{"type":"pause","duration":10},{"type":"keyUp","value":"î€‡"}]}]}
RESULT: {"actions":[{"id":"action6","type":"key","parameters":{},"actions":[{"type":"keyDown","value":"î€‡"},{"type":"pause","duration":10},{"type":"keyUp","value":"î€‡"}]}]}
COMMAND: GET /session/13ff36e378d374199407c6416a2f579d/screenshot - {}
RESULT: {}
COMMAND: POST /session/13ff36e378d374199407c6416a2f579d/elements - {"using":"xpath","value":"//table[contains(@id, \"customPartnersTable-listUl\")]/tbody/tr"}
RESULT: {"using":"xpath","value":"//table[contains(@id, \"customPartnersTable-listUl\")]/tbody/tr"}
COMMAND: POST /session/13ff36e378d374199407c6416a2f579d/element - {"using":"xpath","value":"//table[contains(@id, \"customPartnersTable-listUl\")]/tbody/tr[1]/td[3]/span"}
RESULT: {"using":"xpath","value":"//table[contains(@id, \"customPartnersTable-listUl\")]/tbody/tr[1]/td[3]/span"}
COMMAND: POST /session/13ff36e378d374199407c6416a2f579d/elements - {"using":"xpath","value":"//table[contains(@id, \"customPartnersTable-listUl\")]/tbody/tr[1]/td[3]/span"}
RESULT: {"using":"xpath","value":"//table[contains(@id, \"customPartnersTable-listUl\")]/tbody/tr[1]/td[3]/span"}
COMMAND: POST /session/13ff36e378d374199407c6416a2f579d/execute/sync - {"script":"<script> [56 bytes]","args":[{"element-6066-11e4-a52e-4f735466cecf":"f.3D100000B49E76A23DA3328AC6F96CCC.d.5614AE084FBA3FA4F7FCA743EB026525.e.2712","ELEMENT":"f.3D100000B49E76A23DA3328AC6F96CCC.d.5614AE084FBA3FA4F7FCA743EB026525.e.2712"}]}
RESULT: {"script":"<script> [56 bytes]","args":[{"element-6066-11e4-a52e-4f735466cecf":"f.3D100000B49E76A23DA3328AC6F96CCC.d.5614AE084FBA3FA4F7FCA743EB026525.e.2712","ELEMENT":"f.3D100000B49E76A23DA3328AC6F96CCC.d.5614AE084FBA3FA4F7FCA743EB026525.e.2712"}]}
COMMAND: POST /session/13ff36e378d374199407c6416a2f579d/element - {"using":"xpath","value":"(//span[contains(@id, \"imgNav\")])[1]"}
COMMAND: GET /session/13ff36e378d374199407c6416a2f579d/screenshot - {}
RESULT: {"using":"xpath","value":"(//span[contains(@id, \"imgNav\")])[1]"}
COMMAND: POST /session/13ff36e378d374199407c6416a2f579d/element/f.3D100000B49E76A23DA3328AC6F96CCC.d.5614AE084FBA3FA4F7FCA743EB026525.e.2710/click - {}
RESULT: {}
RESULT: {}
COMMAND: GET /session/13ff36e378d374199407c6416a2f579d/screenshot - {}
RESULT: {}
COMMAND: POST /session/13ff36e378d374199407c6416a2f579d/element - {"using":"xpath","value":"//bdi[contains(text(), \"Edit\")]"}
RESULT: {"using":"xpath","value":"//bdi[contains(text(), \"Edit\")]"}
COMMAND: POST /session/13ff36e378d374199407c6416a2f579d/element/f.3D100000B49E76A23DA3328AC6F96CCC.d.5614AE084FBA3FA4F7FCA743EB026525.e.2851/click - {}
RESULT: {}
COMMAND: GET /session/13ff36e378d374199407c6416a2f579d/screenshot - {}
RESULT: {}
COMMAND: POST /session/13ff36e378d374199407c6416a2f579d/execute/async - {"script":"<script> [1562 bytes]","args":[{"selector":{"controlType":"sap.m.Input","viewName":"etm.portal.ui.managepartners.view.EditDetail","labelFor":{"text":"Name"},"interaction":{"idSuffix":"inner"}},"wdio_ui5_key":"etmportal.ui.managepartners.view.EditDetailsap.m.Input{\"text\":\"Name\"}"}]}
RESULT: {"script":"<script> [1562 bytes]","args":[{"selector":{"controlType":"sap.m.Input","viewName":"etm.portal.ui.managepartners.view.EditDetail","labelFor":{"text":"Name"},"interaction":{"idSuffix":"inner"}},"wdio_ui5_key":"etmportal.ui.managepartners.view.EditDetailsap.m.Input{\"text\":\"Name\"}"}]}
RESULT: undefined
COMMAND: POST /session/13ff36e378d374199407c6416a2f579d/execute/async - {"script":"<script> [776 bytes]","args":[{"enterText":"External EDIT","selector":{"controlType":"sap.m.Input","viewName":"etm.portal.ui.managepartners.view.EditDetail","labelFor":{"text":"Name"},"interaction":{"idSuffix":"inner"}},"clearTextFirst":true,"interactionType":"ENTER_TEXT"}]}
RESULT: {"script":"<script> [776 bytes]","args":[{"enterText":"External EDIT","selector":{"controlType":"sap.m.Input","viewName":"etm.portal.ui.managepartners.view.EditDetail","labelFor":{"text":"Name"},"interaction":{"idSuffix":"inner"}},"clearTextFirst":true,"interactionType":"ENTER_TEXT"}]}
COMMAND: POST /session/13ff36e378d374199407c6416a2f579d/element - {"using":"xpath","value":"(//span[contains(@id,\"addressDetailDetailsLanguage-arrow\")])[1]"}
RESULT: {"using":"xpath","value":"(//span[contains(@id,\"addressDetailDetailsLanguage-arrow\")])[1]"}
COMMAND: POST /session/13ff36e378d374199407c6416a2f579d/element/f.3D100000B49E76A23DA3328AC6F96CCC.d.5614AE084FBA3FA4F7FCA743EB026525.e.2929/click - {}
RESULT: {}
COMMAND: POST /session/13ff36e378d374199407c6416a2f579d/element - {"using":"xpath","value":"//span[contains(text(), \"Chinese\")]"}
COMMAND: GET /session/13ff36e378d374199407c6416a2f579d/screenshot - {}
RESULT: {"using":"xpath","value":"//span[contains(text(), \"Chinese\")]"}
COMMAND: POST /session/13ff36e378d374199407c6416a2f579d/element/f.3D100000B49E76A23DA3328AC6F96CCC.d.5614AE084FBA3FA4F7FCA743EB026525.e.2930/click - {}
RESULT: {}
RESULT: {}
COMMAND: GET /session/13ff36e378d374199407c6416a2f579d/screenshot - {}
RESULT: {}
COMMAND: POST /session/13ff36e378d374199407c6416a2f579d/execute/async - {"script":"<script> [1562 bytes]","args":[{"selector":{"controlType":"sap.m.Input","viewName":"etm.portal.ui.managepartners.view.EditDetail","labelFor":{"text":"City"},"interaction":{"idSuffix":"inner"}},"wdio_ui5_key":"etmportal.ui.managepartners.view.EditDetailsap.m.Input{\"text\":\"City\"}"}]}
RESULT: {"script":"<script> [1562 bytes]","args":[{"selector":{"controlType":"sap.m.Input","viewName":"etm.portal.ui.managepartners.view.EditDetail","labelFor":{"text":"City"},"interaction":{"idSuffix":"inner"}},"wdio_ui5_key":"etmportal.ui.managepartners.view.EditDetailsap.m.Input{\"text\":\"City\"}"}]}
RESULT: undefined
COMMAND: POST /session/13ff36e378d374199407c6416a2f579d/execute/async - {"script":"<script> [776 bytes]","args":[{"enterText":"Clooj-Napoca","selector":{"controlType":"sap.m.Input","viewName":"etm.portal.ui.managepartners.view.EditDetail","labelFor":{"text":"City"},"interaction":{"idSuffix":"inner"}},"clearTextFirst":true,"interactionType":"ENTER_TEXT"}]}
RESULT: {"script":"<script> [776 bytes]","args":[{"enterText":"Clooj-Napoca","selector":{"controlType":"sap.m.Input","viewName":"etm.portal.ui.managepartners.view.EditDetail","labelFor":{"text":"City"},"interaction":{"idSuffix":"inner"}},"clearTextFirst":true,"interactionType":"ENTER_TEXT"}]}
COMMAND: POST /session/13ff36e378d374199407c6416a2f579d/element - {"using":"xpath","value":"//button[@data-kt=\"saveButton\"]"}
RESULT: {"using":"xpath","value":"//button[@data-kt=\"saveButton\"]"}
COMMAND: POST /session/13ff36e378d374199407c6416a2f579d/element/f.3D100000B49E76A23DA3328AC6F96CCC.d.5614AE084FBA3FA4F7FCA743EB026525.e.2914/click - {}
RESULT: {}
COMMAND: GET /session/13ff36e378d374199407c6416a2f579d/screenshot - {}
RESULT: {}
COMMAND: POST /session/13ff36e378d374199407c6416a2f579d/execute/async - {"script":"<script> [1562 bytes]","args":[{"selector":{"id":"application-managepartners-display-component---detailPtm--addressDetailDetailsName1"},"wdio_ui5_key":"applicationmanagepartners-display-component---detailPtm--addressDetailDetailsName1"}]}
RESULT: {"script":"<script> [1562 bytes]","args":[{"selector":{"id":"application-managepartners-display-component---detailPtm--addressDetailDetailsName1"},"wdio_ui5_key":"applicationmanagepartners-display-component---detailPtm--addressDetailDetailsName1"}]}
RESULT: undefined
COMMAND: POST /session/13ff36e378d374199407c6416a2f579d/execute/async - {"script":"<script> [6424 bytes]","args":[{"element-6066-11e4-a52e-4f735466cecf":"f.3D100000B49E76A23DA3328AC6F96CCC.d.5614AE084FBA3FA4F7FCA743EB026525.e.2961"},"getValue",[]]}
RESULT: {"script":"<script> [6424 bytes]","args":[{"element-6066-11e4-a52e-4f735466cecf":"f.3D100000B49E76A23DA3328AC6F96CCC.d.5614AE084FBA3FA4F7FCA743EB026525.e.2961"},"getValue",[]]}
COMMAND: POST /session/13ff36e378d374199407c6416a2f579d/element - {"using":"xpath","value":"//input[@id = \"application-managepartners-display-component---detailPtm--addressDetailDetailsLanguage-inner\"]"}
RESULT: {"using":"xpath","value":"//input[@id = \"application-managepartners-display-component---detailPtm--addressDetailDetailsLanguage-inner\"]"}
COMMAND: GET /session/13ff36e378d374199407c6416a2f579d/element/f.3D100000B49E76A23DA3328AC6F96CCC.d.5614AE084FBA3FA4F7FCA743EB026525.e.2962/property/value - {}
RESULT: {}
COMMAND: POST /session/13ff36e378d374199407c6416a2f579d/execute/async - {"script":"<script> [1562 bytes]","args":[{"selector":{"id":"application-managepartners-display-component---detailPtm--addressDetailDetailsCity1"},"wdio_ui5_key":"applicationmanagepartners-display-component---detailPtm--addressDetailDetailsCity1"}]}
COMMAND: GET /session/13ff36e378d374199407c6416a2f579d/screenshot - {}
RESULT: {"script":"<script> [1562 bytes]","args":[{"selector":{"id":"application-managepartners-display-component---detailPtm--addressDetailDetailsCity1"},"wdio_ui5_key":"applicationmanagepartners-display-component---detailPtm--addressDetailDetailsCity1"}]}
RESULT: undefined
COMMAND: POST /session/13ff36e378d374199407c6416a2f579d/execute/async - {"script":"<script> [6424 bytes]","args":[{"element-6066-11e4-a52e-4f735466cecf":"f.3D100000B49E76A23DA3328AC6F96CCC.d.5614AE084FBA3FA4F7FCA743EB026525.e.2963"},"getValue",[]]}
RESULT: {}
RESULT: {"script":"<script> [6424 bytes]","args":[{"element-6066-11e4-a52e-4f735466cecf":"f.3D100000B49E76A23DA3328AC6F96CCC.d.5614AE084FBA3FA4F7FCA743EB026525.e.2963"},"getValue",[]]}
COMMAND: POST /session/13ff36e378d374199407c6416a2f579d/element - {"using":"css selector","value":"#shell-header-logo"}
RESULT: {"using":"css selector","value":"#shell-header-logo"}
COMMAND: POST /session/13ff36e378d374199407c6416a2f579d/element/f.3D100000B49E76A23DA3328AC6F96CCC.d.5614AE084FBA3FA4F7FCA743EB026525.e.2530/click - {}
RESULT: {}
COMMAND: GET /session/13ff36e378d374199407c6416a2f579d/screenshot - {}
RESULT: {}
]]></system-out>
    </testcase>
    <testcase classname="chrome.136_0_7103_93.windows.Partner_specific_tests_US150819_US151080_US151654_US151176_US103444_US151078_US151079_US151109_US151174_US151175_US151189" name="Should create a new intercompany partner edit some of its fields US151078" time="266.953">
      <system-out><![CDATA[
COMMAND: POST /session/13ff36e378d374199407c6416a2f579d/element - {"using":"xpath","value":"//li[.//span[text()=\"Manage Partners\"]]"}
RESULT: {"using":"xpath","value":"//li[.//span[text()=\"Manage Partners\"]]"}
COMMAND: POST /session/13ff36e378d374199407c6416a2f579d/element - {"using":"xpath","value":"//li[.//span[text()=\"Manage Partners\"]]"}
RESULT: {"using":"xpath","value":"//li[.//span[text()=\"Manage Partners\"]]"}
COMMAND: POST /session/13ff36e378d374199407c6416a2f579d/element - {"using":"css selector","value":"#shell-header-logo"}
RESULT: {"using":"css selector","value":"#shell-header-logo"}
COMMAND: POST /session/13ff36e378d374199407c6416a2f579d/element/f.3D100000B49E76A23DA3328AC6F96CCC.d.5614AE084FBA3FA4F7FCA743EB026525.e.2993/click - {}
COMMAND: POST /session/13ff36e378d374199407c6416a2f579d/execute/sync - {"script":"<script> [8489 bytes]","args":[{"element-6066-11e4-a52e-4f735466cecf":"f.3D100000B49E76A23DA3328AC6F96CCC.d.5614AE084FBA3FA4F7FCA743EB026525.e.2993","ELEMENT":"f.3D100000B49E76A23DA3328AC6F96CCC.d.5614AE084FBA3FA4F7FCA743EB026525.e.2993"}]}
RESULT: {"script":"<script> [8489 bytes]","args":[{"element-6066-11e4-a52e-4f735466cecf":"f.3D100000B49E76A23DA3328AC6F96CCC.d.5614AE084FBA3FA4F7FCA743EB026525.e.2993","ELEMENT":"f.3D100000B49E76A23DA3328AC6F96CCC.d.5614AE084FBA3FA4F7FCA743EB026525.e.2993"}]}
COMMAND: POST /session/13ff36e378d374199407c6416a2f579d/execute/sync - {"script":"<script> [5351 bytes]","args":[{"element-6066-11e4-a52e-4f735466cecf":"f.3D100000B49E76A23DA3328AC6F96CCC.d.5614AE084FBA3FA4F7FCA743EB026525.e.2993","ELEMENT":"f.3D100000B49E76A23DA3328AC6F96CCC.d.5614AE084FBA3FA4F7FCA743EB026525.e.2993"}]}
COMMAND: GET /session/13ff36e378d374199407c6416a2f579d/screenshot - {}
RESULT: {}
COMMAND: GET /session/13ff36e378d374199407c6416a2f579d/screenshot - {}
RESULT: {"script":"<script> [5351 bytes]","args":[{"element-6066-11e4-a52e-4f735466cecf":"f.3D100000B49E76A23DA3328AC6F96CCC.d.5614AE084FBA3FA4F7FCA743EB026525.e.2993","ELEMENT":"f.3D100000B49E76A23DA3328AC6F96CCC.d.5614AE084FBA3FA4F7FCA743EB026525.e.2993"}]}
COMMAND: GET /session/13ff36e378d374199407c6416a2f579d/screenshot - {}
RESULT: {}
RESULT: {}
RESULT: {}
COMMAND: POST /session/13ff36e378d374199407c6416a2f579d/refresh - {}
RESULT: {}
COMMAND: GET /session/13ff36e378d374199407c6416a2f579d/screenshot - {}
RESULT: {}
COMMAND: POST /session/13ff36e378d374199407c6416a2f579d/refresh - {}
RESULT: {}
COMMAND: GET /session/13ff36e378d374199407c6416a2f579d/screenshot - {}
RESULT: {}
COMMAND: POST /session/13ff36e378d374199407c6416a2f579d/window/fullscreen - {}
RESULT: {}
COMMAND: POST /session/13ff36e378d374199407c6416a2f579d/execute/async - {"script":"<script> [189 bytes]","args":[]}
RESULT: {"script":"<script> [189 bytes]","args":[]}
COMMAND: POST /session/13ff36e378d374199407c6416a2f579d/execute/async - {"script":"<script> [123 bytes]","args":[]}
RESULT: {"script":"<script> [123 bytes]","args":[]}
COMMAND: POST /session/13ff36e378d374199407c6416a2f579d/timeouts - {"script":"<number>"}
RESULT: {"script":"<number>"}
COMMAND: GET /session/13ff36e378d374199407c6416a2f579d/timeouts - {}
RESULT: {}
RESULT: undefined
COMMAND: POST /session/13ff36e378d374199407c6416a2f579d/execute/async - {"script":"<script> [2676 bytes]","args":[]}
RESULT: {"script":"<script> [2676 bytes]","args":[]}
COMMAND: POST /session/13ff36e378d374199407c6416a2f579d/execute/async - {"script":"<script> [2342 bytes]","args":[{"protocol":"http","hostname":"0.0.0.0","path":"/","capabilities":{"browserName":"chrome","goog:chromeOptions":{"binary":"C:\\Program Files\\Google\\Chrome\\Application\\chrome.exe","args":["--start-maximized"]}},"logLevel":"warn","connectionRetryTimeout":120000,"connectionRetryCount":3,"logLevels":{},"enableDirectConnect":true,"strictSSL":true,"_":"65 more keys: [\"cacheDir\",\"port\",\"requestedCapabilities\",\"automationProtocol\",\"baseUrl\",\"waitforInterval\",\"waitforTimeout\",\"onReload\",\"beforeCommand\",\"afterCommand\",\"rootDir\",\"specs\",\"suites\",\"exclude\",\"groupLogsByTestSpec\",\"excludeDriverLogs\",\"bail\",\"framework\",\"reporters\",\"services\",\"maxInstances\",\"maxInstancesPerCapability\",\"injectGlobals\",\"filesToWatch\",\"execArgv\",\"runnerEnv\",\"runner\",\"shard\",\"specFileRetries\",\"specFileRetriesDelay\",\"specFileRetriesDeferred\",\"reporterSyncInterval\",\"reporterSyncTimeout\",\"cucumberFeaturesWithLineNumbers\",\"autoCompileOpts\",\"mochaOpts\",\"jasmineOpts\",\"cucumberOpts\",\"onPrepare\",\"onWorkerStart\",\"onWorkerEnd\",\"before\",\"beforeSession\",\"beforeSuite\",\"beforeHook\",\"beforeTest\",\"afterTest\",\"afterHook\",\"afterSuite\",\"afterSession\",\"after\",\"onComplete\",\"beforeAssertion\",\"afterAssertion\",\"beforeFeature\",\"beforeScenario\",\"beforeStep\",\"afterStep\",\"afterScenario\",\"afterFeature\",\"_\",\"suite\",\"$0\",\"ignoredWorkerServices\",\"wdi5\"]"}]}
RESULT: {"script":"<script> [2342 bytes]","args":[{"protocol":"http","hostname":"0.0.0.0","path":"/","capabilities":{"browserName":"chrome","goog:chromeOptions":{"binary":"C:\\Program Files\\Google\\Chrome\\Application\\chrome.exe","args":["--start-maximized"]}},"logLevel":"warn","connectionRetryTimeout":120000,"connectionRetryCount":3,"logLevels":{},"enableDirectConnect":true,"strictSSL":true,"_":"65 more keys: [\"cacheDir\",\"port\",\"requestedCapabilities\",\"automationProtocol\",\"baseUrl\",\"waitforInterval\",\"waitforTimeout\",\"onReload\",\"beforeCommand\",\"afterCommand\",\"rootDir\",\"specs\",\"suites\",\"exclude\",\"groupLogsByTestSpec\",\"excludeDriverLogs\",\"bail\",\"framework\",\"reporters\",\"services\",\"maxInstances\",\"maxInstancesPerCapability\",\"injectGlobals\",\"filesToWatch\",\"execArgv\",\"runnerEnv\",\"runner\",\"shard\",\"specFileRetries\",\"specFileRetriesDelay\",\"specFileRetriesDeferred\",\"reporterSyncInterval\",\"reporterSyncTimeout\",\"cucumberFeaturesWithLineNumbers\",\"autoCompileOpts\",\"mochaOpts\",\"jasmineOpts\",\"cucumberOpts\",\"onPrepare\",\"onWorkerStart\",\"onWorkerEnd\",\"before\",\"beforeSession\",\"beforeSuite\",\"beforeHook\",\"beforeTest\",\"afterTest\",\"afterHook\",\"afterSuite\",\"afterSession\",\"after\",\"onComplete\",\"beforeAssertion\",\"afterAssertion\",\"beforeFeature\",\"beforeScenario\",\"beforeStep\",\"afterStep\",\"afterScenario\",\"afterFeature\",\"_\",\"suite\",\"$0\",\"ignoredWorkerServices\",\"wdi5\"]"}]}
COMMAND: POST /session/13ff36e378d374199407c6416a2f579d/execute/async - {"script":"<script> [21126 bytes]","args":[35000]}
RESULT: {"script":"<script> [21126 bytes]","args":[35000]}
COMMAND: POST /session/13ff36e378d374199407c6416a2f579d/window/fullscreen - {}
RESULT: {}
COMMAND: POST /session/13ff36e378d374199407c6416a2f579d/window/fullscreen - {}
RESULT: {}
COMMAND: POST /session/13ff36e378d374199407c6416a2f579d/execute/async - {"script":"<script> [1562 bytes]","args":[{"selector":{"controlType":"sap.m.GenericTile","properties":{"header":"Manage Partners"}},"wdio_ui5_key":"sapm.GenericTile{\"header\":\"Manage Partners\"}"}]}
RESULT: {"script":"<script> [1562 bytes]","args":[{"selector":{"controlType":"sap.m.GenericTile","properties":{"header":"Manage Partners"}},"wdio_ui5_key":"sapm.GenericTile{\"header\":\"Manage Partners\"}"}]}
RESULT: undefined
COMMAND: POST /session/13ff36e378d374199407c6416a2f579d/element - {"using":"xpath","value":"//*[@id=\"__tile30\"]"}
RESULT: {"using":"xpath","value":"//*[@id=\"__tile30\"]"}
COMMAND: POST /session/13ff36e378d374199407c6416a2f579d/element/f.3D100000B49E76A23DA3328AC6F96CCC.d.5AA19805E274CEA4704439371173D75F.e.3057/click - {}
RESULT: {}
COMMAND: GET /session/13ff36e378d374199407c6416a2f579d/screenshot - {}
RESULT: {}
COMMAND: POST /session/13ff36e378d374199407c6416a2f579d/elements - {"using":"xpath","value":"//span[text()='Error']"}
RESULT: {"using":"xpath","value":"//span[text()='Error']"}
COMMAND: POST /session/13ff36e378d374199407c6416a2f579d/element - {"using":"xpath","value":"//button[@data-kt=\"addButton\"]"}
RESULT: {"using":"xpath","value":"//button[@data-kt=\"addButton\"]"}
COMMAND: POST /session/13ff36e378d374199407c6416a2f579d/elements - {"using":"xpath","value":"//button[@data-kt=\"addButton\"]"}
RESULT: {"using":"xpath","value":"//button[@data-kt=\"addButton\"]"}
COMMAND: POST /session/13ff36e378d374199407c6416a2f579d/elements - {"using":"xpath","value":"//button[@data-kt=\"addButton\"]"}
RESULT: {"using":"xpath","value":"//button[@data-kt=\"addButton\"]"}
COMMAND: POST /session/13ff36e378d374199407c6416a2f579d/elements - {"using":"xpath","value":"//button[@data-kt=\"addButton\"]"}
RESULT: {"using":"xpath","value":"//button[@data-kt=\"addButton\"]"}
COMMAND: POST /session/13ff36e378d374199407c6416a2f579d/elements - {"using":"xpath","value":"//button[@data-kt=\"addButton\"]"}
RESULT: {"using":"xpath","value":"//button[@data-kt=\"addButton\"]"}
COMMAND: POST /session/13ff36e378d374199407c6416a2f579d/elements - {"using":"xpath","value":"//button[@data-kt=\"addButton\"]"}
RESULT: {"using":"xpath","value":"//button[@data-kt=\"addButton\"]"}
COMMAND: POST /session/13ff36e378d374199407c6416a2f579d/elements - {"using":"xpath","value":"//button[@data-kt=\"addButton\"]"}
RESULT: {"using":"xpath","value":"//button[@data-kt=\"addButton\"]"}
COMMAND: POST /session/13ff36e378d374199407c6416a2f579d/element - {"using":"xpath","value":"//button[@data-kt=\"addButton\"]"}
RESULT: {"using":"xpath","value":"//button[@data-kt=\"addButton\"]"}
COMMAND: POST /session/13ff36e378d374199407c6416a2f579d/execute/sync - {"script":"<script> [8489 bytes]","args":[{"element-6066-11e4-a52e-4f735466cecf":"f.3D100000B49E76A23DA3328AC6F96CCC.d.5AA19805E274CEA4704439371173D75F.e.3172","ELEMENT":"f.3D100000B49E76A23DA3328AC6F96CCC.d.5AA19805E274CEA4704439371173D75F.e.3172"}]}
RESULT: {"script":"<script> [8489 bytes]","args":[{"element-6066-11e4-a52e-4f735466cecf":"f.3D100000B49E76A23DA3328AC6F96CCC.d.5AA19805E274CEA4704439371173D75F.e.3172","ELEMENT":"f.3D100000B49E76A23DA3328AC6F96CCC.d.5AA19805E274CEA4704439371173D75F.e.3172"}]}
COMMAND: GET /session/13ff36e378d374199407c6416a2f579d/element/f.3D100000B49E76A23DA3328AC6F96CCC.d.5AA19805E274CEA4704439371173D75F.e.3172/enabled - {}
COMMAND: GET /session/13ff36e378d374199407c6416a2f579d/screenshot - {}
RESULT: {}
COMMAND: POST /session/13ff36e378d374199407c6416a2f579d/execute/sync - {"script":"<script> [8489 bytes]","args":[{"element-6066-11e4-a52e-4f735466cecf":"f.3D100000B49E76A23DA3328AC6F96CCC.d.5AA19805E274CEA4704439371173D75F.e.3172","ELEMENT":"f.3D100000B49E76A23DA3328AC6F96CCC.d.5AA19805E274CEA4704439371173D75F.e.3172"}]}
COMMAND: GET /session/13ff36e378d374199407c6416a2f579d/screenshot - {}
RESULT: {}
RESULT: {"script":"<script> [8489 bytes]","args":[{"element-6066-11e4-a52e-4f735466cecf":"f.3D100000B49E76A23DA3328AC6F96CCC.d.5AA19805E274CEA4704439371173D75F.e.3172","ELEMENT":"f.3D100000B49E76A23DA3328AC6F96CCC.d.5AA19805E274CEA4704439371173D75F.e.3172"}]}
COMMAND: POST /session/13ff36e378d374199407c6416a2f579d/execute/sync - {"script":"<script> [5351 bytes]","args":[{"element-6066-11e4-a52e-4f735466cecf":"f.3D100000B49E76A23DA3328AC6F96CCC.d.5AA19805E274CEA4704439371173D75F.e.3172","ELEMENT":"f.3D100000B49E76A23DA3328AC6F96CCC.d.5AA19805E274CEA4704439371173D75F.e.3172"}]}
COMMAND: GET /session/13ff36e378d374199407c6416a2f579d/screenshot - {}
RESULT: {}
RESULT: {"script":"<script> [5351 bytes]","args":[{"element-6066-11e4-a52e-4f735466cecf":"f.3D100000B49E76A23DA3328AC6F96CCC.d.5AA19805E274CEA4704439371173D75F.e.3172","ELEMENT":"f.3D100000B49E76A23DA3328AC6F96CCC.d.5AA19805E274CEA4704439371173D75F.e.3172"}]}
COMMAND: POST /session/13ff36e378d374199407c6416a2f579d/element/f.3D100000B49E76A23DA3328AC6F96CCC.d.5AA19805E274CEA4704439371173D75F.e.3172/click - {}
COMMAND: GET /session/13ff36e378d374199407c6416a2f579d/screenshot - {}
RESULT: {}
RESULT: {}
COMMAND: GET /session/13ff36e378d374199407c6416a2f579d/screenshot - {}
COMMAND: POST /session/13ff36e378d374199407c6416a2f579d/execute/async - {"script":"<script> [1562 bytes]","args":[{"selector":{"id":"application-managepartners-display-component---NewPartner--addressDetailDetailsName1","interaction":{"idSuffix":"inner"}},"wdio_ui5_key":"applicationmanagepartners-display-component---NewPartner--addressDetailDetailsName1"}]}
RESULT: {}
RESULT: {}
RESULT: {"script":"<script> [1562 bytes]","args":[{"selector":{"id":"application-managepartners-display-component---NewPartner--addressDetailDetailsName1","interaction":{"idSuffix":"inner"}},"wdio_ui5_key":"applicationmanagepartners-display-component---NewPartner--addressDetailDetailsName1"}]}
RESULT: undefined
COMMAND: POST /session/13ff36e378d374199407c6416a2f579d/execute/async - {"script":"<script> [776 bytes]","args":[{"enterText":"Intercompany Partner WDIO","selector":{"id":"application-managepartners-display-component---NewPartner--addressDetailDetailsName1","interaction":{"idSuffix":"inner"}},"clearTextFirst":true,"interactionType":"ENTER_TEXT"}]}
RESULT: {"script":"<script> [776 bytes]","args":[{"enterText":"Intercompany Partner WDIO","selector":{"id":"application-managepartners-display-component---NewPartner--addressDetailDetailsName1","interaction":{"idSuffix":"inner"}},"clearTextFirst":true,"interactionType":"ENTER_TEXT"}]}
COMMAND: POST /session/13ff36e378d374199407c6416a2f579d/execute/async - {"script":"<script> [1562 bytes]","args":[{"selector":{"id":"application-managepartners-display-component---NewPartner--addressDetailDetailsLanguage-arrow"},"wdio_ui5_key":"applicationmanagepartners-display-component---NewPartner--addressDetailDetailsLanguage-arrow"}]}
RESULT: {"script":"<script> [1562 bytes]","args":[{"selector":{"id":"application-managepartners-display-component---NewPartner--addressDetailDetailsLanguage-arrow"},"wdio_ui5_key":"applicationmanagepartners-display-component---NewPartner--addressDetailDetailsLanguage-arrow"}]}
RESULT: undefined
COMMAND: POST /session/13ff36e378d374199407c6416a2f579d/element - {"using":"xpath","value":"//*[@id=\"application-managepartners-display-component---NewPartner--addressDetailDetailsLanguage-arrow\"]"}
RESULT: {"using":"xpath","value":"//*[@id=\"application-managepartners-display-component---NewPartner--addressDetailDetailsLanguage-arrow\"]"}
COMMAND: POST /session/13ff36e378d374199407c6416a2f579d/element/f.3D100000B49E76A23DA3328AC6F96CCC.d.5AA19805E274CEA4704439371173D75F.e.3623/click - {}
RESULT: {}
COMMAND: POST /session/13ff36e378d374199407c6416a2f579d/element - {"using":"xpath","value":"//span[contains(text(), \"English\")]"}
COMMAND: GET /session/13ff36e378d374199407c6416a2f579d/screenshot - {}
RESULT: {"using":"xpath","value":"//span[contains(text(), \"English\")]"}
COMMAND: POST /session/13ff36e378d374199407c6416a2f579d/element/f.3D100000B49E76A23DA3328AC6F96CCC.d.5AA19805E274CEA4704439371173D75F.e.3624/click - {}
RESULT: {}
RESULT: {}
COMMAND: GET /session/13ff36e378d374199407c6416a2f579d/screenshot - {}
RESULT: {}
COMMAND: POST /session/13ff36e378d374199407c6416a2f579d/execute/async - {"script":"<script> [1562 bytes]","args":[{"selector":{"id":"application-managepartners-display-component---NewPartner--addressDetailDetailsCity1","interaction":{"idSuffix":"inner"}},"wdio_ui5_key":"applicationmanagepartners-display-component---NewPartner--addressDetailDetailsCity1"}]}
RESULT: {"script":"<script> [1562 bytes]","args":[{"selector":{"id":"application-managepartners-display-component---NewPartner--addressDetailDetailsCity1","interaction":{"idSuffix":"inner"}},"wdio_ui5_key":"applicationmanagepartners-display-component---NewPartner--addressDetailDetailsCity1"}]}
RESULT: undefined
COMMAND: POST /session/13ff36e378d374199407c6416a2f579d/execute/async - {"script":"<script> [776 bytes]","args":[{"enterText":"Rosario","selector":{"id":"application-managepartners-display-component---NewPartner--addressDetailDetailsCity1","interaction":{"idSuffix":"inner"}},"clearTextFirst":true,"interactionType":"ENTER_TEXT"}]}
RESULT: {"script":"<script> [776 bytes]","args":[{"enterText":"Rosario","selector":{"id":"application-managepartners-display-component---NewPartner--addressDetailDetailsCity1","interaction":{"idSuffix":"inner"}},"clearTextFirst":true,"interactionType":"ENTER_TEXT"}]}
COMMAND: POST /session/13ff36e378d374199407c6416a2f579d/execute/async - {"script":"<script> [1562 bytes]","args":[{"selector":{"id":"application-managepartners-display-component---NewPartner--addressDetailDetailsCountry-arrow"},"wdio_ui5_key":"applicationmanagepartners-display-component---NewPartner--addressDetailDetailsCountry-arrow"}]}
RESULT: {"script":"<script> [1562 bytes]","args":[{"selector":{"id":"application-managepartners-display-component---NewPartner--addressDetailDetailsCountry-arrow"},"wdio_ui5_key":"applicationmanagepartners-display-component---NewPartner--addressDetailDetailsCountry-arrow"}]}
RESULT: undefined
COMMAND: POST /session/13ff36e378d374199407c6416a2f579d/element - {"using":"xpath","value":"//*[@id=\"application-managepartners-display-component---NewPartner--addressDetailDetailsCountry-arrow\"]"}
RESULT: {"using":"xpath","value":"//*[@id=\"application-managepartners-display-component---NewPartner--addressDetailDetailsCountry-arrow\"]"}
COMMAND: POST /session/13ff36e378d374199407c6416a2f579d/element/f.3D100000B49E76A23DA3328AC6F96CCC.d.5AA19805E274CEA4704439371173D75F.e.3587/click - {}
RESULT: {}
COMMAND: POST /session/13ff36e378d374199407c6416a2f579d/element - {"using":"xpath","value":"//span[contains(text(), \"Argentina\")]"}
COMMAND: GET /session/13ff36e378d374199407c6416a2f579d/screenshot - {}
RESULT: {"using":"xpath","value":"//span[contains(text(), \"Argentina\")]"}
COMMAND: POST /session/13ff36e378d374199407c6416a2f579d/element/f.3D100000B49E76A23DA3328AC6F96CCC.d.5AA19805E274CEA4704439371173D75F.e.3626/click - {}
RESULT: {}
RESULT: {}
COMMAND: GET /session/13ff36e378d374199407c6416a2f579d/screenshot - {}
RESULT: {}
COMMAND: POST /session/13ff36e378d374199407c6416a2f579d/element - {"using":"xpath","value":"//bdi[contains(text(), \"Commercial\")]"}
RESULT: {"using":"xpath","value":"//bdi[contains(text(), \"Commercial\")]"}
COMMAND: POST /session/13ff36e378d374199407c6416a2f579d/element/f.3D100000B49E76A23DA3328AC6F96CCC.d.5AA19805E274CEA4704439371173D75F.e.3627/click - {}
RESULT: {}
COMMAND: GET /session/13ff36e378d374199407c6416a2f579d/screenshot - {}
RESULT: {}
COMMAND: POST /session/13ff36e378d374199407c6416a2f579d/execute/async - {"script":"<script> [1562 bytes]","args":[{"selector":{"id":"application-managepartners-display-component---NewPartner--partnerDetailInternal-arrow"},"wdio_ui5_key":"applicationmanagepartners-display-component---NewPartner--partnerDetailInternal-arrow"}]}
RESULT: {"script":"<script> [1562 bytes]","args":[{"selector":{"id":"application-managepartners-display-component---NewPartner--partnerDetailInternal-arrow"},"wdio_ui5_key":"applicationmanagepartners-display-component---NewPartner--partnerDetailInternal-arrow"}]}
RESULT: undefined
COMMAND: POST /session/13ff36e378d374199407c6416a2f579d/element - {"using":"xpath","value":"//*[@id=\"application-managepartners-display-component---NewPartner--partnerDetailInternal-arrow\"]"}
RESULT: {"using":"xpath","value":"//*[@id=\"application-managepartners-display-component---NewPartner--partnerDetailInternal-arrow\"]"}
COMMAND: POST /session/13ff36e378d374199407c6416a2f579d/element/f.3D100000B49E76A23DA3328AC6F96CCC.d.5AA19805E274CEA4704439371173D75F.e.3633/click - {}
RESULT: {}
COMMAND: POST /session/13ff36e378d374199407c6416a2f579d/element - {"using":"xpath","value":"//span[contains(text(), \"Affiliated company\")]"}
COMMAND: GET /session/13ff36e378d374199407c6416a2f579d/screenshot - {}
RESULT: {"using":"xpath","value":"//span[contains(text(), \"Affiliated company\")]"}
COMMAND: POST /session/13ff36e378d374199407c6416a2f579d/element/f.3D100000B49E76A23DA3328AC6F96CCC.d.5AA19805E274CEA4704439371173D75F.e.3634/click - {}
RESULT: {}
RESULT: {}
COMMAND: POST /session/13ff36e378d374199407c6416a2f579d/execute/async - {"script":"<script> [1562 bytes]","args":[{"selector":{"id":"application-managepartners-display-component---NewPartner--partnerDetailsCurrency-arrow"},"wdio_ui5_key":"applicationmanagepartners-display-component---NewPartner--partnerDetailsCurrency-arrow"}]}
COMMAND: GET /session/13ff36e378d374199407c6416a2f579d/screenshot - {}
RESULT: {"script":"<script> [1562 bytes]","args":[{"selector":{"id":"application-managepartners-display-component---NewPartner--partnerDetailsCurrency-arrow"},"wdio_ui5_key":"applicationmanagepartners-display-component---NewPartner--partnerDetailsCurrency-arrow"}]}
RESULT: undefined
COMMAND: POST /session/13ff36e378d374199407c6416a2f579d/element - {"using":"xpath","value":"//*[@id=\"application-managepartners-display-component---NewPartner--partnerDetailsCurrency-arrow\"]"}
RESULT: {}
RESULT: {"using":"xpath","value":"//*[@id=\"application-managepartners-display-component---NewPartner--partnerDetailsCurrency-arrow\"]"}
COMMAND: POST /session/13ff36e378d374199407c6416a2f579d/element/f.3D100000B49E76A23DA3328AC6F96CCC.d.5AA19805E274CEA4704439371173D75F.e.3641/click - {}
RESULT: {}
COMMAND: POST /session/13ff36e378d374199407c6416a2f579d/element - {"using":"xpath","value":"//span[contains(text(), \"Euro\")]"}
COMMAND: GET /session/13ff36e378d374199407c6416a2f579d/screenshot - {}
RESULT: {"using":"xpath","value":"//span[contains(text(), \"Euro\")]"}
COMMAND: POST /session/13ff36e378d374199407c6416a2f579d/element/f.3D100000B49E76A23DA3328AC6F96CCC.d.5AA19805E274CEA4704439371173D75F.e.3642/click - {}
RESULT: {}
RESULT: {}
COMMAND: POST /session/13ff36e378d374199407c6416a2f579d/execute/async - {"script":"<script> [1562 bytes]","args":[{"selector":{"id":"application-managepartners-display-component---NewPartner--addressEditDetailsCostObjectCstType-arrow"},"wdio_ui5_key":"applicationmanagepartners-display-component---NewPartner--addressEditDetailsCostObjectCstType-arrow"}]}
COMMAND: GET /session/13ff36e378d374199407c6416a2f579d/screenshot - {}
RESULT: {"script":"<script> [1562 bytes]","args":[{"selector":{"id":"application-managepartners-display-component---NewPartner--addressEditDetailsCostObjectCstType-arrow"},"wdio_ui5_key":"applicationmanagepartners-display-component---NewPartner--addressEditDetailsCostObjectCstType-arrow"}]}
RESULT: undefined
COMMAND: POST /session/13ff36e378d374199407c6416a2f579d/element - {"using":"xpath","value":"//*[@id=\"application-managepartners-display-component---NewPartner--addressEditDetailsCostObjectCstType-arrow\"]"}
RESULT: {}
RESULT: {"using":"xpath","value":"//*[@id=\"application-managepartners-display-component---NewPartner--addressEditDetailsCostObjectCstType-arrow\"]"}
COMMAND: POST /session/13ff36e378d374199407c6416a2f579d/element/f.3D100000B49E76A23DA3328AC6F96CCC.d.5AA19805E274CEA4704439371173D75F.e.3643/click - {}
RESULT: {}
COMMAND: POST /session/13ff36e378d374199407c6416a2f579d/element - {"using":"xpath","value":"//span[contains(text(), \"Cost Center\")]"}
COMMAND: GET /session/13ff36e378d374199407c6416a2f579d/screenshot - {}
RESULT: {"using":"xpath","value":"//span[contains(text(), \"Cost Center\")]"}
COMMAND: POST /session/13ff36e378d374199407c6416a2f579d/element/f.3D100000B49E76A23DA3328AC6F96CCC.d.5AA19805E274CEA4704439371173D75F.e.3644/click - {}
RESULT: {}
RESULT: {}
COMMAND: GET /session/13ff36e378d374199407c6416a2f579d/screenshot - {}
RESULT: {}
COMMAND: POST /session/13ff36e378d374199407c6416a2f579d/element - {"using":"xpath","value":"//span[@id=\"application-managepartners-display-component---NewPartner--addressNewCostObjectCstID-vhi\"]"}
RESULT: {"using":"xpath","value":"//span[@id=\"application-managepartners-display-component---NewPartner--addressNewCostObjectCstID-vhi\"]"}
COMMAND: POST /session/13ff36e378d374199407c6416a2f579d/execute/sync - {"script":"<script> [8489 bytes]","args":[{"element-6066-11e4-a52e-4f735466cecf":"f.3D100000B49E76A23DA3328AC6F96CCC.d.5AA19805E274CEA4704439371173D75F.e.3648","ELEMENT":"f.3D100000B49E76A23DA3328AC6F96CCC.d.5AA19805E274CEA4704439371173D75F.e.3648"}]}
RESULT: {"script":"<script> [8489 bytes]","args":[{"element-6066-11e4-a52e-4f735466cecf":"f.3D100000B49E76A23DA3328AC6F96CCC.d.5AA19805E274CEA4704439371173D75F.e.3648","ELEMENT":"f.3D100000B49E76A23DA3328AC6F96CCC.d.5AA19805E274CEA4704439371173D75F.e.3648"}]}
COMMAND: POST /session/13ff36e378d374199407c6416a2f579d/execute/async - {"script":"<script> [1562 bytes]","args":[{"selector":{"id":"application-managepartners-display-component---NewPartner--addressNewCostObjectCstID-vhi"},"wdio_ui5_key":"applicationmanagepartners-display-component---NewPartner--addressNewCostObjectCstID-vhi"}]}
COMMAND: GET /session/13ff36e378d374199407c6416a2f579d/screenshot - {}
RESULT: {"script":"<script> [1562 bytes]","args":[{"selector":{"id":"application-managepartners-display-component---NewPartner--addressNewCostObjectCstID-vhi"},"wdio_ui5_key":"applicationmanagepartners-display-component---NewPartner--addressNewCostObjectCstID-vhi"}]}
RESULT: undefined
COMMAND: POST /session/13ff36e378d374199407c6416a2f579d/element - {"using":"xpath","value":"//*[@id=\"application-managepartners-display-component---NewPartner--addressNewCostObjectCstID-vhi\"]"}
RESULT: {}
RESULT: {"using":"xpath","value":"//*[@id=\"application-managepartners-display-component---NewPartner--addressNewCostObjectCstID-vhi\"]"}
COMMAND: POST /session/13ff36e378d374199407c6416a2f579d/element/f.3D100000B49E76A23DA3328AC6F96CCC.d.5AA19805E274CEA4704439371173D75F.e.3648/click - {}
RESULT: {}
COMMAND: GET /session/13ff36e378d374199407c6416a2f579d/screenshot - {}
RESULT: {}
COMMAND: POST /session/13ff36e378d374199407c6416a2f579d/execute/async - {"script":"<script> [1562 bytes]","args":[{"selector":{"controlType":"sap.m.SearchField","properties":{"placeholder":"Search"},"searchOpenDialogs":true,"interaction":{"idSuffix":"I"}},"wdio_ui5_key":"sapm.SearchField{\"placeholder\":\"Search\"}"}]}
RESULT: {"script":"<script> [1562 bytes]","args":[{"selector":{"controlType":"sap.m.SearchField","properties":{"placeholder":"Search"},"searchOpenDialogs":true,"interaction":{"idSuffix":"I"}},"wdio_ui5_key":"sapm.SearchField{\"placeholder\":\"Search\"}"}]}
RESULT: undefined
COMMAND: POST /session/13ff36e378d374199407c6416a2f579d/execute/async - {"script":"<script> [776 bytes]","args":[{"enterText":"10001013","selector":{"controlType":"sap.m.SearchField","properties":{"placeholder":"Search"},"searchOpenDialogs":true,"interaction":{"idSuffix":"I"}},"clearTextFirst":true,"interactionType":"ENTER_TEXT"}]}
RESULT: {"script":"<script> [776 bytes]","args":[{"enterText":"10001013","selector":{"controlType":"sap.m.SearchField","properties":{"placeholder":"Search"},"searchOpenDialogs":true,"interaction":{"idSuffix":"I"}},"clearTextFirst":true,"interactionType":"ENTER_TEXT"}]}
COMMAND: POST /session/13ff36e378d374199407c6416a2f579d/actions - {"actions":[{"id":"action7","type":"key","parameters":{},"actions":[{"type":"keyDown","value":"î€‡"},{"type":"pause","duration":10},{"type":"keyUp","value":"î€‡"}]}]}
RESULT: {"actions":[{"id":"action7","type":"key","parameters":{},"actions":[{"type":"keyDown","value":"î€‡"},{"type":"pause","duration":10},{"type":"keyUp","value":"î€‡"}]}]}
COMMAND: GET /session/13ff36e378d374199407c6416a2f579d/screenshot - {}
RESULT: {}
COMMAND: POST /session/13ff36e378d374199407c6416a2f579d/element - {"using":"xpath","value":"//span[contains(text(), \"General Management\")]"}
RESULT: {"using":"xpath","value":"//span[contains(text(), \"General Management\")]"}
COMMAND: POST /session/13ff36e378d374199407c6416a2f579d/element/f.3D100000B49E76A23DA3328AC6F96CCC.d.5AA19805E274CEA4704439371173D75F.e.3690/click - {}
RESULT: {}
COMMAND: GET /session/13ff36e378d374199407c6416a2f579d/screenshot - {}
RESULT: {}
COMMAND: POST /session/13ff36e378d374199407c6416a2f579d/element - {"using":"xpath","value":"//bdi[contains(text(), \"OK\")]"}
RESULT: {"using":"xpath","value":"//bdi[contains(text(), \"OK\")]"}
COMMAND: POST /session/13ff36e378d374199407c6416a2f579d/element/f.3D100000B49E76A23DA3328AC6F96CCC.d.5AA19805E274CEA4704439371173D75F.e.3691/click - {}
RESULT: {}
COMMAND: GET /session/13ff36e378d374199407c6416a2f579d/screenshot - {}
RESULT: {}
COMMAND: POST /session/13ff36e378d374199407c6416a2f579d/element - {"using":"xpath","value":"//input[@id=\"application-managepartners-display-component---NewPartner--companyCodeComboBox-inner\"]"}
RESULT: {"using":"xpath","value":"//input[@id=\"application-managepartners-display-component---NewPartner--companyCodeComboBox-inner\"]"}
COMMAND: POST /session/13ff36e378d374199407c6416a2f579d/element/f.3D100000B49E76A23DA3328AC6F96CCC.d.5AA19805E274CEA4704439371173D75F.e.3531/clear - {}
RESULT: {}
COMMAND: POST /session/13ff36e378d374199407c6416a2f579d/element/f.3D100000B49E76A23DA3328AC6F96CCC.d.5AA19805E274CEA4704439371173D75F.e.3531/value - {"text":"C002"}
COMMAND: GET /session/13ff36e378d374199407c6416a2f579d/screenshot - {}
RESULT: {"text":"C002"}
COMMAND: GET /session/13ff36e378d374199407c6416a2f579d/screenshot - {}
RESULT: {}
RESULT: {}
COMMAND: POST /session/13ff36e378d374199407c6416a2f579d/element - {"using":"xpath","value":"//li[.//span[text()= \"C002\"]]"}
RESULT: {"using":"xpath","value":"//li[.//span[text()= \"C002\"]]"}
COMMAND: POST /session/13ff36e378d374199407c6416a2f579d/element/f.3D100000B49E76A23DA3328AC6F96CCC.d.5AA19805E274CEA4704439371173D75F.e.3697/click - {}
RESULT: {}
COMMAND: GET /session/13ff36e378d374199407c6416a2f579d/screenshot - {}
RESULT: {}
COMMAND: POST /session/13ff36e378d374199407c6416a2f579d/execute/async - {"script":"<script> [1562 bytes]","args":[{"selector":{"id":"application-managepartners-display-component---NewPartner--btnAddTableRow-img"},"wdio_ui5_key":"applicationmanagepartners-display-component---NewPartner--btnAddTableRow-img"}]}
RESULT: {"script":"<script> [1562 bytes]","args":[{"selector":{"id":"application-managepartners-display-component---NewPartner--btnAddTableRow-img"},"wdio_ui5_key":"applicationmanagepartners-display-component---NewPartner--btnAddTableRow-img"}]}
RESULT: undefined
COMMAND: POST /session/13ff36e378d374199407c6416a2f579d/element - {"using":"xpath","value":"//*[@id=\"application-managepartners-display-component---NewPartner--btnAddTableRow-img\"]"}
RESULT: {"using":"xpath","value":"//*[@id=\"application-managepartners-display-component---NewPartner--btnAddTableRow-img\"]"}
COMMAND: POST /session/13ff36e378d374199407c6416a2f579d/element/f.3D100000B49E76A23DA3328AC6F96CCC.d.5AA19805E274CEA4704439371173D75F.e.3698/click - {}
RESULT: {}
COMMAND: GET /session/13ff36e378d374199407c6416a2f579d/screenshot - {}
RESULT: {}
COMMAND: POST /session/13ff36e378d374199407c6416a2f579d/element - {"using":"xpath","value":"//input[@id=\"application-managepartners-display-component---NewPartner--assignmentYard-application-managepartners-display-component---NewPartner--assignmentsTable-0-inner\"]"}
RESULT: {"using":"xpath","value":"//input[@id=\"application-managepartners-display-component---NewPartner--assignmentYard-application-managepartners-display-component---NewPartner--assignmentsTable-0-inner\"]"}
COMMAND: POST /session/13ff36e378d374199407c6416a2f579d/element/f.3D100000B49E76A23DA3328AC6F96CCC.d.5AA19805E274CEA4704439371173D75F.e.3701/clear - {}
RESULT: {}
COMMAND: POST /session/13ff36e378d374199407c6416a2f579d/element/f.3D100000B49E76A23DA3328AC6F96CCC.d.5AA19805E274CEA4704439371173D75F.e.3701/value - {"text":"600"}
COMMAND: GET /session/13ff36e378d374199407c6416a2f579d/screenshot - {}
RESULT: {"text":"600"}
COMMAND: GET /session/13ff36e378d374199407c6416a2f579d/screenshot - {}
RESULT: {}
RESULT: {}
COMMAND: POST /session/13ff36e378d374199407c6416a2f579d/element - {"using":"xpath","value":"//li[.//span[text()='600']]"}
RESULT: {"using":"xpath","value":"//li[.//span[text()='600']]"}
COMMAND: POST /session/13ff36e378d374199407c6416a2f579d/element/f.3D100000B49E76A23DA3328AC6F96CCC.d.5AA19805E274CEA4704439371173D75F.e.3710/click - {}
RESULT: {}
COMMAND: GET /session/13ff36e378d374199407c6416a2f579d/screenshot - {}
RESULT: {}
COMMAND: POST /session/13ff36e378d374199407c6416a2f579d/actions - {"actions":[{"id":"action8","type":"key","parameters":{},"actions":[{"type":"keyDown","value":"î€‡"},{"type":"pause","duration":10},{"type":"keyUp","value":"î€‡"}]}]}
RESULT: {"actions":[{"id":"action8","type":"key","parameters":{},"actions":[{"type":"keyDown","value":"î€‡"},{"type":"pause","duration":10},{"type":"keyUp","value":"î€‡"}]}]}
COMMAND: POST /session/13ff36e378d374199407c6416a2f579d/execute/async - {"script":"<script> [1562 bytes]","args":[{"selector":{"id":"application-managepartners-display-component---NewPartner--externalCustomerComboBox-application-managepartners-display-component---NewPartner--assignmentsTable-0-vhi"},"wdio_ui5_key":"applicationmanagepartners-display-component---NewPartner--externalCustomerComboBox-application-managepartners-display-component---NewPartner--assignmentsTable-0-vhi"}]}
COMMAND: GET /session/13ff36e378d374199407c6416a2f579d/screenshot - {}
RESULT: {"script":"<script> [1562 bytes]","args":[{"selector":{"id":"application-managepartners-display-component---NewPartner--externalCustomerComboBox-application-managepartners-display-component---NewPartner--assignmentsTable-0-vhi"},"wdio_ui5_key":"applicationmanagepartners-display-component---NewPartner--externalCustomerComboBox-application-managepartners-display-component---NewPartner--assignmentsTable-0-vhi"}]}
RESULT: undefined
COMMAND: POST /session/13ff36e378d374199407c6416a2f579d/element - {"using":"xpath","value":"//*[@id=\"application-managepartners-display-component---NewPartner--externalCustomerComboBox-application-managepartners-display-component---NewPartner--assignmentsTable-0-vhi\"]"}
RESULT: {}
RESULT: {"using":"xpath","value":"//*[@id=\"application-managepartners-display-component---NewPartner--externalCustomerComboBox-application-managepartners-display-component---NewPartner--assignmentsTable-0-vhi\"]"}
COMMAND: POST /session/13ff36e378d374199407c6416a2f579d/element/f.3D100000B49E76A23DA3328AC6F96CCC.d.5AA19805E274CEA4704439371173D75F.e.3714/click - {}
RESULT: {}
RESULT: undefined
COMMAND: POST /session/13ff36e378d374199407c6416a2f579d/execute/async - {"script":"<script> [776 bytes]","args":[{"enterText":"300003","selector":{"controlType":"sap.m.SearchField","properties":{"placeholder":"Search"},"searchOpenDialogs":true,"interaction":{"idSuffix":"I"}},"clearTextFirst":true,"interactionType":"ENTER_TEXT"}]}
COMMAND: GET /session/13ff36e378d374199407c6416a2f579d/screenshot - {}
RESULT: {"script":"<script> [776 bytes]","args":[{"enterText":"300003","selector":{"controlType":"sap.m.SearchField","properties":{"placeholder":"Search"},"searchOpenDialogs":true,"interaction":{"idSuffix":"I"}},"clearTextFirst":true,"interactionType":"ENTER_TEXT"}]}
COMMAND: POST /session/13ff36e378d374199407c6416a2f579d/actions - {"actions":[{"id":"action9","type":"key","parameters":{},"actions":[{"type":"keyDown","value":"î€‡"},{"type":"pause","duration":10},{"type":"keyUp","value":"î€‡"}]}]}
RESULT: {}
RESULT: {"actions":[{"id":"action9","type":"key","parameters":{},"actions":[{"type":"keyDown","value":"î€‡"},{"type":"pause","duration":10},{"type":"keyUp","value":"î€‡"}]}]}
COMMAND: GET /session/13ff36e378d374199407c6416a2f579d/screenshot - {}
RESULT: {}
COMMAND: POST /session/13ff36e378d374199407c6416a2f579d/element - {"using":"xpath","value":"//span[contains(text(), \"300003\")]"}
RESULT: {"using":"xpath","value":"//span[contains(text(), \"300003\")]"}
COMMAND: POST /session/13ff36e378d374199407c6416a2f579d/element/f.3D100000B49E76A23DA3328AC6F96CCC.d.5AA19805E274CEA4704439371173D75F.e.3732/click - {}
RESULT: {}
COMMAND: GET /session/13ff36e378d374199407c6416a2f579d/screenshot - {}
RESULT: {}
COMMAND: POST /session/13ff36e378d374199407c6416a2f579d/element - {"using":"xpath","value":"//bdi[contains(text(), \"OK\")]"}
RESULT: {"using":"xpath","value":"//bdi[contains(text(), \"OK\")]"}
COMMAND: POST /session/13ff36e378d374199407c6416a2f579d/element/f.3D100000B49E76A23DA3328AC6F96CCC.d.5AA19805E274CEA4704439371173D75F.e.3734/click - {}
RESULT: {}
COMMAND: GET /session/13ff36e378d374199407c6416a2f579d/screenshot - {}
RESULT: {}
COMMAND: POST /session/13ff36e378d374199407c6416a2f579d/execute/async - {"script":"<script> [1562 bytes]","args":[{"selector":{"id":"application-managepartners-display-component---NewPartner--intercompVendorComboBox-application-managepartners-display-component---NewPartner--assignmentsTable-0-vhi"},"wdio_ui5_key":"applicationmanagepartners-display-component---NewPartner--intercompVendorComboBox-application-managepartners-display-component---NewPartner--assignmentsTable-0-vhi"}]}
RESULT: {"script":"<script> [1562 bytes]","args":[{"selector":{"id":"application-managepartners-display-component---NewPartner--intercompVendorComboBox-application-managepartners-display-component---NewPartner--assignmentsTable-0-vhi"},"wdio_ui5_key":"applicationmanagepartners-display-component---NewPartner--intercompVendorComboBox-application-managepartners-display-component---NewPartner--assignmentsTable-0-vhi"}]}
RESULT: undefined
COMMAND: POST /session/13ff36e378d374199407c6416a2f579d/element - {"using":"xpath","value":"//*[@id=\"application-managepartners-display-component---NewPartner--intercompVendorComboBox-application-managepartners-display-component---NewPartner--assignmentsTable-0-vhi\"]"}
RESULT: {"using":"xpath","value":"//*[@id=\"application-managepartners-display-component---NewPartner--intercompVendorComboBox-application-managepartners-display-component---NewPartner--assignmentsTable-0-vhi\"]"}
COMMAND: POST /session/13ff36e378d374199407c6416a2f579d/element/f.3D100000B49E76A23DA3328AC6F96CCC.d.5AA19805E274CEA4704439371173D75F.e.3737/click - {}
RESULT: {}
RESULT: undefined
COMMAND: POST /session/13ff36e378d374199407c6416a2f579d/execute/async - {"script":"<script> [776 bytes]","args":[{"enterText":"100005","selector":{"controlType":"sap.m.SearchField","properties":{"placeholder":"Search"},"searchOpenDialogs":true,"interaction":{"idSuffix":"I"}},"clearTextFirst":true,"interactionType":"ENTER_TEXT"}]}
COMMAND: GET /session/13ff36e378d374199407c6416a2f579d/screenshot - {}
RESULT: {"script":"<script> [776 bytes]","args":[{"enterText":"100005","selector":{"controlType":"sap.m.SearchField","properties":{"placeholder":"Search"},"searchOpenDialogs":true,"interaction":{"idSuffix":"I"}},"clearTextFirst":true,"interactionType":"ENTER_TEXT"}]}
COMMAND: POST /session/13ff36e378d374199407c6416a2f579d/actions - {"actions":[{"id":"action10","type":"key","parameters":{},"actions":[{"type":"keyDown","value":"î€‡"},{"type":"pause","duration":10},{"type":"keyUp","value":"î€‡"}]}]}
RESULT: {}
RESULT: {"actions":[{"id":"action10","type":"key","parameters":{},"actions":[{"type":"keyDown","value":"î€‡"},{"type":"pause","duration":10},{"type":"keyUp","value":"î€‡"}]}]}
COMMAND: GET /session/13ff36e378d374199407c6416a2f579d/screenshot - {}
RESULT: {}
COMMAND: POST /session/13ff36e378d374199407c6416a2f579d/element - {"using":"xpath","value":"//span[contains(text(), \"Penguins - Field/12345 Berlin\")]"}
RESULT: {"using":"xpath","value":"//span[contains(text(), \"Penguins - Field/12345 Berlin\")]"}
COMMAND: POST /session/13ff36e378d374199407c6416a2f579d/element/f.3D100000B49E76A23DA3328AC6F96CCC.d.5AA19805E274CEA4704439371173D75F.e.3754/click - {}
RESULT: {}
COMMAND: GET /session/13ff36e378d374199407c6416a2f579d/screenshot - {}
RESULT: {}
COMMAND: POST /session/13ff36e378d374199407c6416a2f579d/element - {"using":"xpath","value":"//bdi[contains(text(), \"OK\")]"}
RESULT: {"using":"xpath","value":"//bdi[contains(text(), \"OK\")]"}
COMMAND: POST /session/13ff36e378d374199407c6416a2f579d/element/f.3D100000B49E76A23DA3328AC6F96CCC.d.5AA19805E274CEA4704439371173D75F.e.3755/click - {}
RESULT: {}
COMMAND: GET /session/13ff36e378d374199407c6416a2f579d/screenshot - {}
RESULT: {}
COMMAND: POST /session/13ff36e378d374199407c6416a2f579d/element - {"using":"xpath","value":"//button[@data-kt=\"saveButton\"]"}
RESULT: {"using":"xpath","value":"//button[@data-kt=\"saveButton\"]"}
COMMAND: POST /session/13ff36e378d374199407c6416a2f579d/element/f.3D100000B49E76A23DA3328AC6F96CCC.d.5AA19805E274CEA4704439371173D75F.e.3608/click - {}
RESULT: {}
COMMAND: GET /session/13ff36e378d374199407c6416a2f579d/screenshot - {}
RESULT: {}
COMMAND: POST /session/13ff36e378d374199407c6416a2f579d/element - {"using":"xpath","value":"//header[contains(@id, 'ObjectPageLayout-headerTitle')]/div[1]/div[2]/div[2]/span[1]"}
RESULT: {"using":"xpath","value":"//header[contains(@id, 'ObjectPageLayout-headerTitle')]/div[1]/div[2]/div[2]/span[1]"}
COMMAND: POST /session/13ff36e378d374199407c6416a2f579d/elements - {"using":"xpath","value":"//header[contains(@id, 'ObjectPageLayout-headerTitle')]/div[1]/div[2]/div[2]/span[1]"}
RESULT: {"using":"xpath","value":"//header[contains(@id, 'ObjectPageLayout-headerTitle')]/div[1]/div[2]/div[2]/span[1]"}
COMMAND: POST /session/13ff36e378d374199407c6416a2f579d/execute/sync - {"script":"<script> [56 bytes]","args":[{"element-6066-11e4-a52e-4f735466cecf":"f.3D100000B49E76A23DA3328AC6F96CCC.d.5AA19805E274CEA4704439371173D75F.e.3924","ELEMENT":"f.3D100000B49E76A23DA3328AC6F96CCC.d.5AA19805E274CEA4704439371173D75F.e.3924"}]}
RESULT: {"script":"<script> [56 bytes]","args":[{"element-6066-11e4-a52e-4f735466cecf":"f.3D100000B49E76A23DA3328AC6F96CCC.d.5AA19805E274CEA4704439371173D75F.e.3924","ELEMENT":"f.3D100000B49E76A23DA3328AC6F96CCC.d.5AA19805E274CEA4704439371173D75F.e.3924"}]}
COMMAND: POST /session/13ff36e378d374199407c6416a2f579d/element - {"using":"css selector","value":"#shell-header-logo"}
COMMAND: GET /session/13ff36e378d374199407c6416a2f579d/screenshot - {}
RESULT: {"using":"css selector","value":"#shell-header-logo"}
COMMAND: POST /session/13ff36e378d374199407c6416a2f579d/element/f.3D100000B49E76A23DA3328AC6F96CCC.d.5AA19805E274CEA4704439371173D75F.e.3137/click - {}
RESULT: {}
RESULT: {}
COMMAND: GET /session/13ff36e378d374199407c6416a2f579d/screenshot - {}
RESULT: {}
COMMAND: POST /session/13ff36e378d374199407c6416a2f579d/execute/sync - {"script":"<script> [299 bytes]","args":[["getModel","getResource"]]}
RESULT: {"script":"<script> [299 bytes]","args":[["getModel","getResource"]]}
RESULT: undefined
COMMAND: POST /session/13ff36e378d374199407c6416a2f579d/element - {"using":"xpath","value":"//*[@id=\"__tile30\"]"}
COMMAND: GET /session/13ff36e378d374199407c6416a2f579d/screenshot - {}
RESULT: {"using":"xpath","value":"//*[@id=\"__tile30\"]"}
COMMAND: POST /session/13ff36e378d374199407c6416a2f579d/element/f.3D100000B49E76A23DA3328AC6F96CCC.d.5AA19805E274CEA4704439371173D75F.e.3057/click - {}
RESULT: {}
RESULT: {}
COMMAND: GET /session/13ff36e378d374199407c6416a2f579d/screenshot - {}
RESULT: {}
COMMAND: POST /session/13ff36e378d374199407c6416a2f579d/elements - {"using":"xpath","value":"//span[text()='Error']"}
RESULT: {"using":"xpath","value":"//span[text()='Error']"}
COMMAND: POST /session/13ff36e378d374199407c6416a2f579d/element - {"using":"xpath","value":"//button[@data-kt=\"addButton\"]"}
RESULT: {"using":"xpath","value":"//button[@data-kt=\"addButton\"]"}
COMMAND: POST /session/13ff36e378d374199407c6416a2f579d/elements - {"using":"xpath","value":"//button[@data-kt=\"addButton\"]"}
RESULT: {"using":"xpath","value":"//button[@data-kt=\"addButton\"]"}
COMMAND: POST /session/13ff36e378d374199407c6416a2f579d/execute/sync - {"script":"<script> [8489 bytes]","args":[{"element-6066-11e4-a52e-4f735466cecf":"f.3D100000B49E76A23DA3328AC6F96CCC.d.5AA19805E274CEA4704439371173D75F.e.3972","ELEMENT":"f.3D100000B49E76A23DA3328AC6F96CCC.d.5AA19805E274CEA4704439371173D75F.e.3972"}]}
RESULT: {"script":"<script> [8489 bytes]","args":[{"element-6066-11e4-a52e-4f735466cecf":"f.3D100000B49E76A23DA3328AC6F96CCC.d.5AA19805E274CEA4704439371173D75F.e.3972","ELEMENT":"f.3D100000B49E76A23DA3328AC6F96CCC.d.5AA19805E274CEA4704439371173D75F.e.3972"}]}
COMMAND: GET /session/13ff36e378d374199407c6416a2f579d/element/f.3D100000B49E76A23DA3328AC6F96CCC.d.5AA19805E274CEA4704439371173D75F.e.3972/enabled - {}
COMMAND: GET /session/13ff36e378d374199407c6416a2f579d/screenshot - {}
RESULT: {}
COMMAND: POST /session/13ff36e378d374199407c6416a2f579d/execute/sync - {"script":"<script> [8489 bytes]","args":[{"element-6066-11e4-a52e-4f735466cecf":"f.3D100000B49E76A23DA3328AC6F96CCC.d.5AA19805E274CEA4704439371173D75F.e.3972","ELEMENT":"f.3D100000B49E76A23DA3328AC6F96CCC.d.5AA19805E274CEA4704439371173D75F.e.3972"}]}
COMMAND: GET /session/13ff36e378d374199407c6416a2f579d/screenshot - {}
RESULT: {}
RESULT: {"script":"<script> [8489 bytes]","args":[{"element-6066-11e4-a52e-4f735466cecf":"f.3D100000B49E76A23DA3328AC6F96CCC.d.5AA19805E274CEA4704439371173D75F.e.3972","ELEMENT":"f.3D100000B49E76A23DA3328AC6F96CCC.d.5AA19805E274CEA4704439371173D75F.e.3972"}]}
COMMAND: POST /session/13ff36e378d374199407c6416a2f579d/execute/sync - {"script":"<script> [5351 bytes]","args":[{"element-6066-11e4-a52e-4f735466cecf":"f.3D100000B49E76A23DA3328AC6F96CCC.d.5AA19805E274CEA4704439371173D75F.e.3972","ELEMENT":"f.3D100000B49E76A23DA3328AC6F96CCC.d.5AA19805E274CEA4704439371173D75F.e.3972"}]}
COMMAND: GET /session/13ff36e378d374199407c6416a2f579d/screenshot - {}
RESULT: {}
RESULT: {"script":"<script> [5351 bytes]","args":[{"element-6066-11e4-a52e-4f735466cecf":"f.3D100000B49E76A23DA3328AC6F96CCC.d.5AA19805E274CEA4704439371173D75F.e.3972","ELEMENT":"f.3D100000B49E76A23DA3328AC6F96CCC.d.5AA19805E274CEA4704439371173D75F.e.3972"}]}
COMMAND: GET /session/13ff36e378d374199407c6416a2f579d/screenshot - {}
RESULT: {}
RESULT: {}
COMMAND: POST /session/13ff36e378d374199407c6416a2f579d/execute/async - {"script":"<script> [1562 bytes]","args":[{"selector":{"id":"application-managepartners-display-component---masterPtm--smartFilterBar-btnBasicSearch","interaction":{"idSuffix":"I"}},"wdio_ui5_key":"applicationmanagepartners-display-component---masterPtm--smartFilterBar-btnBasicSearch"}]}
RESULT: {"script":"<script> [1562 bytes]","args":[{"selector":{"id":"application-managepartners-display-component---masterPtm--smartFilterBar-btnBasicSearch","interaction":{"idSuffix":"I"}},"wdio_ui5_key":"applicationmanagepartners-display-component---masterPtm--smartFilterBar-btnBasicSearch"}]}
RESULT: undefined
COMMAND: POST /session/13ff36e378d374199407c6416a2f579d/execute/async - {"script":"<script> [776 bytes]","args":[{"enterText":"1390","selector":{"id":"application-managepartners-display-component---masterPtm--smartFilterBar-btnBasicSearch","interaction":{"idSuffix":"I"}},"clearTextFirst":true,"interactionType":"ENTER_TEXT"}]}
RESULT: {"script":"<script> [776 bytes]","args":[{"enterText":"1390","selector":{"id":"application-managepartners-display-component---masterPtm--smartFilterBar-btnBasicSearch","interaction":{"idSuffix":"I"}},"clearTextFirst":true,"interactionType":"ENTER_TEXT"}]}
COMMAND: POST /session/13ff36e378d374199407c6416a2f579d/actions - {"actions":[{"id":"action11","type":"key","parameters":{},"actions":[{"type":"keyDown","value":"î€‡"},{"type":"pause","duration":10},{"type":"keyUp","value":"î€‡"}]}]}
RESULT: {"actions":[{"id":"action11","type":"key","parameters":{},"actions":[{"type":"keyDown","value":"î€‡"},{"type":"pause","duration":10},{"type":"keyUp","value":"î€‡"}]}]}
COMMAND: GET /session/13ff36e378d374199407c6416a2f579d/screenshot - {}
RESULT: {}
COMMAND: POST /session/13ff36e378d374199407c6416a2f579d/elements - {"using":"xpath","value":"//table[contains(@id, \"customPartnersTable-listUl\")]/tbody/tr"}
RESULT: {"using":"xpath","value":"//table[contains(@id, \"customPartnersTable-listUl\")]/tbody/tr"}
COMMAND: POST /session/13ff36e378d374199407c6416a2f579d/element - {"using":"xpath","value":"//table[contains(@id, \"customPartnersTable-listUl\")]/tbody/tr[1]/td[3]/span"}
RESULT: {"using":"xpath","value":"//table[contains(@id, \"customPartnersTable-listUl\")]/tbody/tr[1]/td[3]/span"}
COMMAND: POST /session/13ff36e378d374199407c6416a2f579d/elements - {"using":"xpath","value":"//table[contains(@id, \"customPartnersTable-listUl\")]/tbody/tr[1]/td[3]/span"}
RESULT: {"using":"xpath","value":"//table[contains(@id, \"customPartnersTable-listUl\")]/tbody/tr[1]/td[3]/span"}
COMMAND: POST /session/13ff36e378d374199407c6416a2f579d/execute/sync - {"script":"<script> [56 bytes]","args":[{"element-6066-11e4-a52e-4f735466cecf":"f.3D100000B49E76A23DA3328AC6F96CCC.d.5AA19805E274CEA4704439371173D75F.e.4108","ELEMENT":"f.3D100000B49E76A23DA3328AC6F96CCC.d.5AA19805E274CEA4704439371173D75F.e.4108"}]}
RESULT: {"script":"<script> [56 bytes]","args":[{"element-6066-11e4-a52e-4f735466cecf":"f.3D100000B49E76A23DA3328AC6F96CCC.d.5AA19805E274CEA4704439371173D75F.e.4108","ELEMENT":"f.3D100000B49E76A23DA3328AC6F96CCC.d.5AA19805E274CEA4704439371173D75F.e.4108"}]}
COMMAND: POST /session/13ff36e378d374199407c6416a2f579d/element - {"using":"xpath","value":"(//span[contains(@id, \"imgNav\")])[1]"}
COMMAND: GET /session/13ff36e378d374199407c6416a2f579d/screenshot - {}
RESULT: {"using":"xpath","value":"(//span[contains(@id, \"imgNav\")])[1]"}
COMMAND: POST /session/13ff36e378d374199407c6416a2f579d/element/f.3D100000B49E76A23DA3328AC6F96CCC.d.5AA19805E274CEA4704439371173D75F.e.4106/click - {}
RESULT: {}
RESULT: {}
COMMAND: GET /session/13ff36e378d374199407c6416a2f579d/screenshot - {}
COMMAND: POST /session/13ff36e378d374199407c6416a2f579d/element - {"using":"xpath","value":"//bdi[contains(text(), \"Edit\")]"}
RESULT: {}
RESULT: {"using":"xpath","value":"//bdi[contains(text(), \"Edit\")]"}
COMMAND: POST /session/13ff36e378d374199407c6416a2f579d/element/f.3D100000B49E76A23DA3328AC6F96CCC.d.5AA19805E274CEA4704439371173D75F.e.4254/click - {}
RESULT: {}
COMMAND: GET /session/13ff36e378d374199407c6416a2f579d/screenshot - {}
RESULT: {}
COMMAND: POST /session/13ff36e378d374199407c6416a2f579d/execute/async - {"script":"<script> [1562 bytes]","args":[{"selector":{"controlType":"sap.m.Input","viewName":"etm.portal.ui.managepartners.view.EditDetail","labelFor":{"text":"Name"},"interaction":{"idSuffix":"inner"}},"wdio_ui5_key":"etmportal.ui.managepartners.view.EditDetailsap.m.Input{\"text\":\"Name\"}"}]}
RESULT: {"script":"<script> [1562 bytes]","args":[{"selector":{"controlType":"sap.m.Input","viewName":"etm.portal.ui.managepartners.view.EditDetail","labelFor":{"text":"Name"},"interaction":{"idSuffix":"inner"}},"wdio_ui5_key":"etmportal.ui.managepartners.view.EditDetailsap.m.Input{\"text\":\"Name\"}"}]}
RESULT: undefined
COMMAND: POST /session/13ff36e378d374199407c6416a2f579d/execute/async - {"script":"<script> [776 bytes]","args":[{"enterText":"Intercompany EDIT","selector":{"controlType":"sap.m.Input","viewName":"etm.portal.ui.managepartners.view.EditDetail","labelFor":{"text":"Name"},"interaction":{"idSuffix":"inner"}},"clearTextFirst":true,"interactionType":"ENTER_TEXT"}]}
RESULT: {"script":"<script> [776 bytes]","args":[{"enterText":"Intercompany EDIT","selector":{"controlType":"sap.m.Input","viewName":"etm.portal.ui.managepartners.view.EditDetail","labelFor":{"text":"Name"},"interaction":{"idSuffix":"inner"}},"clearTextFirst":true,"interactionType":"ENTER_TEXT"}]}
COMMAND: POST /session/13ff36e378d374199407c6416a2f579d/element - {"using":"xpath","value":"(//span[contains(@id,\"addressDetailDetailsLanguage-arrow\")])[1]"}
RESULT: {"using":"xpath","value":"(//span[contains(@id,\"addressDetailDetailsLanguage-arrow\")])[1]"}
COMMAND: POST /session/13ff36e378d374199407c6416a2f579d/element/f.3D100000B49E76A23DA3328AC6F96CCC.d.5AA19805E274CEA4704439371173D75F.e.4338/click - {}
RESULT: {}
COMMAND: POST /session/13ff36e378d374199407c6416a2f579d/element - {"using":"xpath","value":"//span[contains(text(), \"Chinese\")]"}
COMMAND: GET /session/13ff36e378d374199407c6416a2f579d/screenshot - {}
RESULT: {"using":"xpath","value":"//span[contains(text(), \"Chinese\")]"}
COMMAND: POST /session/13ff36e378d374199407c6416a2f579d/element/f.3D100000B49E76A23DA3328AC6F96CCC.d.5AA19805E274CEA4704439371173D75F.e.4339/click - {}
RESULT: {}
RESULT: {}
COMMAND: GET /session/13ff36e378d374199407c6416a2f579d/screenshot - {}
RESULT: {}
COMMAND: POST /session/13ff36e378d374199407c6416a2f579d/execute/async - {"script":"<script> [1562 bytes]","args":[{"selector":{"controlType":"sap.m.Input","viewName":"etm.portal.ui.managepartners.view.EditDetail","labelFor":{"text":"City"},"interaction":{"idSuffix":"inner"}},"wdio_ui5_key":"etmportal.ui.managepartners.view.EditDetailsap.m.Input{\"text\":\"City\"}"}]}
RESULT: {"script":"<script> [1562 bytes]","args":[{"selector":{"controlType":"sap.m.Input","viewName":"etm.portal.ui.managepartners.view.EditDetail","labelFor":{"text":"City"},"interaction":{"idSuffix":"inner"}},"wdio_ui5_key":"etmportal.ui.managepartners.view.EditDetailsap.m.Input{\"text\":\"City\"}"}]}
RESULT: undefined
COMMAND: POST /session/13ff36e378d374199407c6416a2f579d/execute/async - {"script":"<script> [776 bytes]","args":[{"enterText":"Clooj-Napoca","selector":{"controlType":"sap.m.Input","viewName":"etm.portal.ui.managepartners.view.EditDetail","labelFor":{"text":"City"},"interaction":{"idSuffix":"inner"}},"clearTextFirst":true,"interactionType":"ENTER_TEXT"}]}
RESULT: {"script":"<script> [776 bytes]","args":[{"enterText":"Clooj-Napoca","selector":{"controlType":"sap.m.Input","viewName":"etm.portal.ui.managepartners.view.EditDetail","labelFor":{"text":"City"},"interaction":{"idSuffix":"inner"}},"clearTextFirst":true,"interactionType":"ENTER_TEXT"}]}
COMMAND: POST /session/13ff36e378d374199407c6416a2f579d/element - {"using":"xpath","value":"//button[@data-kt=\"saveButton\"]"}
RESULT: {"using":"xpath","value":"//button[@data-kt=\"saveButton\"]"}
COMMAND: POST /session/13ff36e378d374199407c6416a2f579d/element/f.3D100000B49E76A23DA3328AC6F96CCC.d.5AA19805E274CEA4704439371173D75F.e.4317/click - {}
RESULT: {}
COMMAND: GET /session/13ff36e378d374199407c6416a2f579d/screenshot - {}
RESULT: {}
COMMAND: POST /session/13ff36e378d374199407c6416a2f579d/execute/async - {"script":"<script> [1562 bytes]","args":[{"selector":{"id":"application-managepartners-display-component---detailPtm--addressDetailDetailsName1"},"wdio_ui5_key":"applicationmanagepartners-display-component---detailPtm--addressDetailDetailsName1"}]}
RESULT: {"script":"<script> [1562 bytes]","args":[{"selector":{"id":"application-managepartners-display-component---detailPtm--addressDetailDetailsName1"},"wdio_ui5_key":"applicationmanagepartners-display-component---detailPtm--addressDetailDetailsName1"}]}
RESULT: undefined
COMMAND: POST /session/13ff36e378d374199407c6416a2f579d/execute/async - {"script":"<script> [6424 bytes]","args":[{"element-6066-11e4-a52e-4f735466cecf":"f.3D100000B49E76A23DA3328AC6F96CCC.d.5AA19805E274CEA4704439371173D75F.e.4370"},"getValue",[]]}
RESULT: {"script":"<script> [6424 bytes]","args":[{"element-6066-11e4-a52e-4f735466cecf":"f.3D100000B49E76A23DA3328AC6F96CCC.d.5AA19805E274CEA4704439371173D75F.e.4370"},"getValue",[]]}
COMMAND: POST /session/13ff36e378d374199407c6416a2f579d/element - {"using":"xpath","value":"//input[@id = \"application-managepartners-display-component---detailPtm--addressDetailDetailsLanguage-inner\"]"}
RESULT: {"using":"xpath","value":"//input[@id = \"application-managepartners-display-component---detailPtm--addressDetailDetailsLanguage-inner\"]"}
COMMAND: GET /session/13ff36e378d374199407c6416a2f579d/element/f.3D100000B49E76A23DA3328AC6F96CCC.d.5AA19805E274CEA4704439371173D75F.e.4371/property/value - {}
RESULT: {}
COMMAND: POST /session/13ff36e378d374199407c6416a2f579d/execute/async - {"script":"<script> [1562 bytes]","args":[{"selector":{"id":"application-managepartners-display-component---detailPtm--addressDetailDetailsCity1"},"wdio_ui5_key":"applicationmanagepartners-display-component---detailPtm--addressDetailDetailsCity1"}]}
COMMAND: GET /session/13ff36e378d374199407c6416a2f579d/screenshot - {}
RESULT: {"script":"<script> [1562 bytes]","args":[{"selector":{"id":"application-managepartners-display-component---detailPtm--addressDetailDetailsCity1"},"wdio_ui5_key":"applicationmanagepartners-display-component---detailPtm--addressDetailDetailsCity1"}]}
RESULT: undefined
COMMAND: POST /session/13ff36e378d374199407c6416a2f579d/execute/async - {"script":"<script> [6424 bytes]","args":[{"element-6066-11e4-a52e-4f735466cecf":"f.3D100000B49E76A23DA3328AC6F96CCC.d.5AA19805E274CEA4704439371173D75F.e.4372"},"getValue",[]]}
RESULT: {}
RESULT: {"script":"<script> [6424 bytes]","args":[{"element-6066-11e4-a52e-4f735466cecf":"f.3D100000B49E76A23DA3328AC6F96CCC.d.5AA19805E274CEA4704439371173D75F.e.4372"},"getValue",[]]}
COMMAND: POST /session/13ff36e378d374199407c6416a2f579d/element - {"using":"css selector","value":"#shell-header-logo"}
RESULT: {"using":"css selector","value":"#shell-header-logo"}
COMMAND: POST /session/13ff36e378d374199407c6416a2f579d/element/f.3D100000B49E76A23DA3328AC6F96CCC.d.5AA19805E274CEA4704439371173D75F.e.3927/click - {}
RESULT: {}
COMMAND: GET /session/13ff36e378d374199407c6416a2f579d/screenshot - {}
RESULT: {}
]]></system-out>
    </testcase>
    <testcase classname="chrome.136_0_7103_93.windows.Partner_specific_tests_US150819_US151080_US151654_US151176_US103444_US151078_US151079_US151109_US151174_US151175_US151189" name="Should create a new intracompany partner edit some of its fields US151079" time="260.046">
      <system-out><![CDATA[
COMMAND: POST /session/13ff36e378d374199407c6416a2f579d/element - {"using":"xpath","value":"//li[.//span[text()=\"Manage Partners\"]]"}
RESULT: {"using":"xpath","value":"//li[.//span[text()=\"Manage Partners\"]]"}
COMMAND: POST /session/13ff36e378d374199407c6416a2f579d/element - {"using":"xpath","value":"//li[.//span[text()=\"Manage Partners\"]]"}
RESULT: {"using":"xpath","value":"//li[.//span[text()=\"Manage Partners\"]]"}
COMMAND: POST /session/13ff36e378d374199407c6416a2f579d/element - {"using":"css selector","value":"#shell-header-logo"}
RESULT: {"using":"css selector","value":"#shell-header-logo"}
COMMAND: POST /session/13ff36e378d374199407c6416a2f579d/element/f.3D100000B49E76A23DA3328AC6F96CCC.d.5AA19805E274CEA4704439371173D75F.e.4402/click - {}
COMMAND: POST /session/13ff36e378d374199407c6416a2f579d/execute/sync - {"script":"<script> [8489 bytes]","args":[{"element-6066-11e4-a52e-4f735466cecf":"f.3D100000B49E76A23DA3328AC6F96CCC.d.5AA19805E274CEA4704439371173D75F.e.4402","ELEMENT":"f.3D100000B49E76A23DA3328AC6F96CCC.d.5AA19805E274CEA4704439371173D75F.e.4402"}]}
RESULT: {"script":"<script> [8489 bytes]","args":[{"element-6066-11e4-a52e-4f735466cecf":"f.3D100000B49E76A23DA3328AC6F96CCC.d.5AA19805E274CEA4704439371173D75F.e.4402","ELEMENT":"f.3D100000B49E76A23DA3328AC6F96CCC.d.5AA19805E274CEA4704439371173D75F.e.4402"}]}
COMMAND: POST /session/13ff36e378d374199407c6416a2f579d/execute/sync - {"script":"<script> [5351 bytes]","args":[{"element-6066-11e4-a52e-4f735466cecf":"f.3D100000B49E76A23DA3328AC6F96CCC.d.5AA19805E274CEA4704439371173D75F.e.4402","ELEMENT":"f.3D100000B49E76A23DA3328AC6F96CCC.d.5AA19805E274CEA4704439371173D75F.e.4402"}]}
COMMAND: GET /session/13ff36e378d374199407c6416a2f579d/screenshot - {}
RESULT: {}
COMMAND: GET /session/13ff36e378d374199407c6416a2f579d/screenshot - {}
RESULT: {"script":"<script> [5351 bytes]","args":[{"element-6066-11e4-a52e-4f735466cecf":"f.3D100000B49E76A23DA3328AC6F96CCC.d.5AA19805E274CEA4704439371173D75F.e.4402","ELEMENT":"f.3D100000B49E76A23DA3328AC6F96CCC.d.5AA19805E274CEA4704439371173D75F.e.4402"}]}
COMMAND: GET /session/13ff36e378d374199407c6416a2f579d/screenshot - {}
RESULT: {}
RESULT: {}
RESULT: {}
COMMAND: POST /session/13ff36e378d374199407c6416a2f579d/refresh - {}
RESULT: {}
COMMAND: GET /session/13ff36e378d374199407c6416a2f579d/screenshot - {}
RESULT: {}
COMMAND: POST /session/13ff36e378d374199407c6416a2f579d/refresh - {}
RESULT: {}
COMMAND: GET /session/13ff36e378d374199407c6416a2f579d/screenshot - {}
RESULT: {}
COMMAND: POST /session/13ff36e378d374199407c6416a2f579d/window/fullscreen - {}
RESULT: {}
COMMAND: POST /session/13ff36e378d374199407c6416a2f579d/execute/async - {"script":"<script> [189 bytes]","args":[]}
RESULT: {"script":"<script> [189 bytes]","args":[]}
COMMAND: POST /session/13ff36e378d374199407c6416a2f579d/execute/async - {"script":"<script> [123 bytes]","args":[]}
RESULT: {"script":"<script> [123 bytes]","args":[]}
COMMAND: POST /session/13ff36e378d374199407c6416a2f579d/timeouts - {"script":"<number>"}
RESULT: {"script":"<number>"}
COMMAND: GET /session/13ff36e378d374199407c6416a2f579d/timeouts - {}
RESULT: {}
RESULT: undefined
COMMAND: POST /session/13ff36e378d374199407c6416a2f579d/execute/async - {"script":"<script> [2676 bytes]","args":[]}
RESULT: {"script":"<script> [2676 bytes]","args":[]}
COMMAND: POST /session/13ff36e378d374199407c6416a2f579d/execute/async - {"script":"<script> [2342 bytes]","args":[{"protocol":"http","hostname":"0.0.0.0","path":"/","capabilities":{"browserName":"chrome","goog:chromeOptions":{"binary":"C:\\Program Files\\Google\\Chrome\\Application\\chrome.exe","args":["--start-maximized"]}},"logLevel":"warn","connectionRetryTimeout":120000,"connectionRetryCount":3,"logLevels":{},"enableDirectConnect":true,"strictSSL":true,"_":"65 more keys: [\"cacheDir\",\"port\",\"requestedCapabilities\",\"automationProtocol\",\"baseUrl\",\"waitforInterval\",\"waitforTimeout\",\"onReload\",\"beforeCommand\",\"afterCommand\",\"rootDir\",\"specs\",\"suites\",\"exclude\",\"groupLogsByTestSpec\",\"excludeDriverLogs\",\"bail\",\"framework\",\"reporters\",\"services\",\"maxInstances\",\"maxInstancesPerCapability\",\"injectGlobals\",\"filesToWatch\",\"execArgv\",\"runnerEnv\",\"runner\",\"shard\",\"specFileRetries\",\"specFileRetriesDelay\",\"specFileRetriesDeferred\",\"reporterSyncInterval\",\"reporterSyncTimeout\",\"cucumberFeaturesWithLineNumbers\",\"autoCompileOpts\",\"mochaOpts\",\"jasmineOpts\",\"cucumberOpts\",\"onPrepare\",\"onWorkerStart\",\"onWorkerEnd\",\"before\",\"beforeSession\",\"beforeSuite\",\"beforeHook\",\"beforeTest\",\"afterTest\",\"afterHook\",\"afterSuite\",\"afterSession\",\"after\",\"onComplete\",\"beforeAssertion\",\"afterAssertion\",\"beforeFeature\",\"beforeScenario\",\"beforeStep\",\"afterStep\",\"afterScenario\",\"afterFeature\",\"_\",\"suite\",\"$0\",\"ignoredWorkerServices\",\"wdi5\"]"}]}
RESULT: {"script":"<script> [2342 bytes]","args":[{"protocol":"http","hostname":"0.0.0.0","path":"/","capabilities":{"browserName":"chrome","goog:chromeOptions":{"binary":"C:\\Program Files\\Google\\Chrome\\Application\\chrome.exe","args":["--start-maximized"]}},"logLevel":"warn","connectionRetryTimeout":120000,"connectionRetryCount":3,"logLevels":{},"enableDirectConnect":true,"strictSSL":true,"_":"65 more keys: [\"cacheDir\",\"port\",\"requestedCapabilities\",\"automationProtocol\",\"baseUrl\",\"waitforInterval\",\"waitforTimeout\",\"onReload\",\"beforeCommand\",\"afterCommand\",\"rootDir\",\"specs\",\"suites\",\"exclude\",\"groupLogsByTestSpec\",\"excludeDriverLogs\",\"bail\",\"framework\",\"reporters\",\"services\",\"maxInstances\",\"maxInstancesPerCapability\",\"injectGlobals\",\"filesToWatch\",\"execArgv\",\"runnerEnv\",\"runner\",\"shard\",\"specFileRetries\",\"specFileRetriesDelay\",\"specFileRetriesDeferred\",\"reporterSyncInterval\",\"reporterSyncTimeout\",\"cucumberFeaturesWithLineNumbers\",\"autoCompileOpts\",\"mochaOpts\",\"jasmineOpts\",\"cucumberOpts\",\"onPrepare\",\"onWorkerStart\",\"onWorkerEnd\",\"before\",\"beforeSession\",\"beforeSuite\",\"beforeHook\",\"beforeTest\",\"afterTest\",\"afterHook\",\"afterSuite\",\"afterSession\",\"after\",\"onComplete\",\"beforeAssertion\",\"afterAssertion\",\"beforeFeature\",\"beforeScenario\",\"beforeStep\",\"afterStep\",\"afterScenario\",\"afterFeature\",\"_\",\"suite\",\"$0\",\"ignoredWorkerServices\",\"wdi5\"]"}]}
COMMAND: POST /session/13ff36e378d374199407c6416a2f579d/execute/async - {"script":"<script> [21126 bytes]","args":[35000]}
RESULT: {"script":"<script> [21126 bytes]","args":[35000]}
COMMAND: POST /session/13ff36e378d374199407c6416a2f579d/window/fullscreen - {}
RESULT: {}
COMMAND: POST /session/13ff36e378d374199407c6416a2f579d/window/fullscreen - {}
RESULT: {}
COMMAND: POST /session/13ff36e378d374199407c6416a2f579d/execute/async - {"script":"<script> [1562 bytes]","args":[{"selector":{"controlType":"sap.m.GenericTile","properties":{"header":"Manage Partners"}},"wdio_ui5_key":"sapm.GenericTile{\"header\":\"Manage Partners\"}"}]}
RESULT: {"script":"<script> [1562 bytes]","args":[{"selector":{"controlType":"sap.m.GenericTile","properties":{"header":"Manage Partners"}},"wdio_ui5_key":"sapm.GenericTile{\"header\":\"Manage Partners\"}"}]}
RESULT: undefined
COMMAND: POST /session/13ff36e378d374199407c6416a2f579d/element - {"using":"xpath","value":"//*[@id=\"__tile30\"]"}
RESULT: {"using":"xpath","value":"//*[@id=\"__tile30\"]"}
COMMAND: POST /session/13ff36e378d374199407c6416a2f579d/element/f.3D100000B49E76A23DA3328AC6F96CCC.d.E6468576F70F13E5F58F15E21B0F0E9A.e.4472/click - {}
RESULT: {}
COMMAND: GET /session/13ff36e378d374199407c6416a2f579d/screenshot - {}
RESULT: {}
COMMAND: POST /session/13ff36e378d374199407c6416a2f579d/elements - {"using":"xpath","value":"//span[text()='Error']"}
RESULT: {"using":"xpath","value":"//span[text()='Error']"}
COMMAND: POST /session/13ff36e378d374199407c6416a2f579d/element - {"using":"xpath","value":"//button[@data-kt=\"addButton\"]"}
RESULT: {"using":"xpath","value":"//button[@data-kt=\"addButton\"]"}
COMMAND: POST /session/13ff36e378d374199407c6416a2f579d/elements - {"using":"xpath","value":"//button[@data-kt=\"addButton\"]"}
RESULT: {"using":"xpath","value":"//button[@data-kt=\"addButton\"]"}
COMMAND: POST /session/13ff36e378d374199407c6416a2f579d/elements - {"using":"xpath","value":"//button[@data-kt=\"addButton\"]"}
RESULT: {"using":"xpath","value":"//button[@data-kt=\"addButton\"]"}
COMMAND: POST /session/13ff36e378d374199407c6416a2f579d/elements - {"using":"xpath","value":"//button[@data-kt=\"addButton\"]"}
RESULT: {"using":"xpath","value":"//button[@data-kt=\"addButton\"]"}
COMMAND: POST /session/13ff36e378d374199407c6416a2f579d/elements - {"using":"xpath","value":"//button[@data-kt=\"addButton\"]"}
RESULT: {"using":"xpath","value":"//button[@data-kt=\"addButton\"]"}
COMMAND: POST /session/13ff36e378d374199407c6416a2f579d/elements - {"using":"xpath","value":"//button[@data-kt=\"addButton\"]"}
RESULT: {"using":"xpath","value":"//button[@data-kt=\"addButton\"]"}
COMMAND: POST /session/13ff36e378d374199407c6416a2f579d/elements - {"using":"xpath","value":"//button[@data-kt=\"addButton\"]"}
RESULT: {"using":"xpath","value":"//button[@data-kt=\"addButton\"]"}
COMMAND: POST /session/13ff36e378d374199407c6416a2f579d/elements - {"using":"xpath","value":"//button[@data-kt=\"addButton\"]"}
RESULT: {"using":"xpath","value":"//button[@data-kt=\"addButton\"]"}
COMMAND: POST /session/13ff36e378d374199407c6416a2f579d/elements - {"using":"xpath","value":"//button[@data-kt=\"addButton\"]"}
RESULT: {"using":"xpath","value":"//button[@data-kt=\"addButton\"]"}
COMMAND: POST /session/13ff36e378d374199407c6416a2f579d/elements - {"using":"xpath","value":"//button[@data-kt=\"addButton\"]"}
RESULT: {"using":"xpath","value":"//button[@data-kt=\"addButton\"]"}
COMMAND: POST /session/13ff36e378d374199407c6416a2f579d/elements - {"using":"xpath","value":"//button[@data-kt=\"addButton\"]"}
RESULT: {"using":"xpath","value":"//button[@data-kt=\"addButton\"]"}
COMMAND: POST /session/13ff36e378d374199407c6416a2f579d/elements - {"using":"xpath","value":"//button[@data-kt=\"addButton\"]"}
RESULT: {"using":"xpath","value":"//button[@data-kt=\"addButton\"]"}
COMMAND: POST /session/13ff36e378d374199407c6416a2f579d/elements - {"using":"xpath","value":"//button[@data-kt=\"addButton\"]"}
RESULT: {"using":"xpath","value":"//button[@data-kt=\"addButton\"]"}
COMMAND: POST /session/13ff36e378d374199407c6416a2f579d/elements - {"using":"xpath","value":"//button[@data-kt=\"addButton\"]"}
RESULT: {"using":"xpath","value":"//button[@data-kt=\"addButton\"]"}
COMMAND: POST /session/13ff36e378d374199407c6416a2f579d/elements - {"using":"xpath","value":"//button[@data-kt=\"addButton\"]"}
RESULT: {"using":"xpath","value":"//button[@data-kt=\"addButton\"]"}
COMMAND: POST /session/13ff36e378d374199407c6416a2f579d/elements - {"using":"xpath","value":"//button[@data-kt=\"addButton\"]"}
RESULT: {"using":"xpath","value":"//button[@data-kt=\"addButton\"]"}
COMMAND: POST /session/13ff36e378d374199407c6416a2f579d/elements - {"using":"xpath","value":"//button[@data-kt=\"addButton\"]"}
RESULT: {"using":"xpath","value":"//button[@data-kt=\"addButton\"]"}
COMMAND: POST /session/13ff36e378d374199407c6416a2f579d/elements - {"using":"xpath","value":"//button[@data-kt=\"addButton\"]"}
RESULT: {"using":"xpath","value":"//button[@data-kt=\"addButton\"]"}
COMMAND: POST /session/13ff36e378d374199407c6416a2f579d/elements - {"using":"xpath","value":"//button[@data-kt=\"addButton\"]"}
RESULT: {"using":"xpath","value":"//button[@data-kt=\"addButton\"]"}
COMMAND: POST /session/13ff36e378d374199407c6416a2f579d/elements - {"using":"xpath","value":"//button[@data-kt=\"addButton\"]"}
RESULT: {"using":"xpath","value":"//button[@data-kt=\"addButton\"]"}
COMMAND: POST /session/13ff36e378d374199407c6416a2f579d/elements - {"using":"xpath","value":"//button[@data-kt=\"addButton\"]"}
RESULT: {"using":"xpath","value":"//button[@data-kt=\"addButton\"]"}
COMMAND: POST /session/13ff36e378d374199407c6416a2f579d/elements - {"using":"xpath","value":"//button[@data-kt=\"addButton\"]"}
RESULT: {"using":"xpath","value":"//button[@data-kt=\"addButton\"]"}
COMMAND: POST /session/13ff36e378d374199407c6416a2f579d/elements - {"using":"xpath","value":"//button[@data-kt=\"addButton\"]"}
RESULT: {"using":"xpath","value":"//button[@data-kt=\"addButton\"]"}
COMMAND: POST /session/13ff36e378d374199407c6416a2f579d/element - {"using":"xpath","value":"//button[@data-kt=\"addButton\"]"}
RESULT: {"using":"xpath","value":"//button[@data-kt=\"addButton\"]"}
COMMAND: POST /session/13ff36e378d374199407c6416a2f579d/execute/sync - {"script":"<script> [8489 bytes]","args":[{"element-6066-11e4-a52e-4f735466cecf":"f.3D100000B49E76A23DA3328AC6F96CCC.d.E6468576F70F13E5F58F15E21B0F0E9A.e.4587","ELEMENT":"f.3D100000B49E76A23DA3328AC6F96CCC.d.E6468576F70F13E5F58F15E21B0F0E9A.e.4587"}]}
RESULT: {"script":"<script> [8489 bytes]","args":[{"element-6066-11e4-a52e-4f735466cecf":"f.3D100000B49E76A23DA3328AC6F96CCC.d.E6468576F70F13E5F58F15E21B0F0E9A.e.4587","ELEMENT":"f.3D100000B49E76A23DA3328AC6F96CCC.d.E6468576F70F13E5F58F15E21B0F0E9A.e.4587"}]}
COMMAND: GET /session/13ff36e378d374199407c6416a2f579d/element/f.3D100000B49E76A23DA3328AC6F96CCC.d.E6468576F70F13E5F58F15E21B0F0E9A.e.4587/enabled - {}
COMMAND: GET /session/13ff36e378d374199407c6416a2f579d/screenshot - {}
RESULT: {}
COMMAND: POST /session/13ff36e378d374199407c6416a2f579d/execute/sync - {"script":"<script> [8489 bytes]","args":[{"element-6066-11e4-a52e-4f735466cecf":"f.3D100000B49E76A23DA3328AC6F96CCC.d.E6468576F70F13E5F58F15E21B0F0E9A.e.4587","ELEMENT":"f.3D100000B49E76A23DA3328AC6F96CCC.d.E6468576F70F13E5F58F15E21B0F0E9A.e.4587"}]}
COMMAND: GET /session/13ff36e378d374199407c6416a2f579d/screenshot - {}
RESULT: {}
RESULT: {"script":"<script> [8489 bytes]","args":[{"element-6066-11e4-a52e-4f735466cecf":"f.3D100000B49E76A23DA3328AC6F96CCC.d.E6468576F70F13E5F58F15E21B0F0E9A.e.4587","ELEMENT":"f.3D100000B49E76A23DA3328AC6F96CCC.d.E6468576F70F13E5F58F15E21B0F0E9A.e.4587"}]}
COMMAND: POST /session/13ff36e378d374199407c6416a2f579d/execute/sync - {"script":"<script> [5351 bytes]","args":[{"element-6066-11e4-a52e-4f735466cecf":"f.3D100000B49E76A23DA3328AC6F96CCC.d.E6468576F70F13E5F58F15E21B0F0E9A.e.4587","ELEMENT":"f.3D100000B49E76A23DA3328AC6F96CCC.d.E6468576F70F13E5F58F15E21B0F0E9A.e.4587"}]}
COMMAND: GET /session/13ff36e378d374199407c6416a2f579d/screenshot - {}
RESULT: {}
RESULT: {"script":"<script> [5351 bytes]","args":[{"element-6066-11e4-a52e-4f735466cecf":"f.3D100000B49E76A23DA3328AC6F96CCC.d.E6468576F70F13E5F58F15E21B0F0E9A.e.4587","ELEMENT":"f.3D100000B49E76A23DA3328AC6F96CCC.d.E6468576F70F13E5F58F15E21B0F0E9A.e.4587"}]}
COMMAND: POST /session/13ff36e378d374199407c6416a2f579d/element/f.3D100000B49E76A23DA3328AC6F96CCC.d.E6468576F70F13E5F58F15E21B0F0E9A.e.4587/click - {}
COMMAND: GET /session/13ff36e378d374199407c6416a2f579d/screenshot - {}
RESULT: {}
RESULT: {}
COMMAND: GET /session/13ff36e378d374199407c6416a2f579d/screenshot - {}
RESULT: {}
COMMAND: POST /session/13ff36e378d374199407c6416a2f579d/execute/async - {"script":"<script> [1562 bytes]","args":[{"selector":{"id":"application-managepartners-display-component---NewPartner--addressDetailDetailsName1","interaction":{"idSuffix":"inner"}},"wdio_ui5_key":"applicationmanagepartners-display-component---NewPartner--addressDetailDetailsName1"}]}
RESULT: {}
RESULT: {"script":"<script> [1562 bytes]","args":[{"selector":{"id":"application-managepartners-display-component---NewPartner--addressDetailDetailsName1","interaction":{"idSuffix":"inner"}},"wdio_ui5_key":"applicationmanagepartners-display-component---NewPartner--addressDetailDetailsName1"}]}
RESULT: undefined
COMMAND: POST /session/13ff36e378d374199407c6416a2f579d/execute/async - {"script":"<script> [776 bytes]","args":[{"enterText":"Intracompany Partner WDIO","selector":{"id":"application-managepartners-display-component---NewPartner--addressDetailDetailsName1","interaction":{"idSuffix":"inner"}},"clearTextFirst":true,"interactionType":"ENTER_TEXT"}]}
RESULT: {"script":"<script> [776 bytes]","args":[{"enterText":"Intracompany Partner WDIO","selector":{"id":"application-managepartners-display-component---NewPartner--addressDetailDetailsName1","interaction":{"idSuffix":"inner"}},"clearTextFirst":true,"interactionType":"ENTER_TEXT"}]}
COMMAND: POST /session/13ff36e378d374199407c6416a2f579d/execute/async - {"script":"<script> [1562 bytes]","args":[{"selector":{"id":"application-managepartners-display-component---NewPartner--addressDetailDetailsLanguage-arrow"},"wdio_ui5_key":"applicationmanagepartners-display-component---NewPartner--addressDetailDetailsLanguage-arrow"}]}
RESULT: {"script":"<script> [1562 bytes]","args":[{"selector":{"id":"application-managepartners-display-component---NewPartner--addressDetailDetailsLanguage-arrow"},"wdio_ui5_key":"applicationmanagepartners-display-component---NewPartner--addressDetailDetailsLanguage-arrow"}]}
RESULT: undefined
COMMAND: POST /session/13ff36e378d374199407c6416a2f579d/element - {"using":"xpath","value":"//*[@id=\"application-managepartners-display-component---NewPartner--addressDetailDetailsLanguage-arrow\"]"}
RESULT: {"using":"xpath","value":"//*[@id=\"application-managepartners-display-component---NewPartner--addressDetailDetailsLanguage-arrow\"]"}
COMMAND: POST /session/13ff36e378d374199407c6416a2f579d/element/f.3D100000B49E76A23DA3328AC6F96CCC.d.E6468576F70F13E5F58F15E21B0F0E9A.e.5033/click - {}
RESULT: {}
COMMAND: POST /session/13ff36e378d374199407c6416a2f579d/element - {"using":"xpath","value":"//span[contains(text(), \"English\")]"}
COMMAND: GET /session/13ff36e378d374199407c6416a2f579d/screenshot - {}
RESULT: {"using":"xpath","value":"//span[contains(text(), \"English\")]"}
COMMAND: POST /session/13ff36e378d374199407c6416a2f579d/element/f.3D100000B49E76A23DA3328AC6F96CCC.d.E6468576F70F13E5F58F15E21B0F0E9A.e.5034/click - {}
RESULT: {}
RESULT: {}
COMMAND: GET /session/13ff36e378d374199407c6416a2f579d/screenshot - {}
RESULT: {}
COMMAND: POST /session/13ff36e378d374199407c6416a2f579d/execute/async - {"script":"<script> [1562 bytes]","args":[{"selector":{"id":"application-managepartners-display-component---NewPartner--addressDetailDetailsCity1","interaction":{"idSuffix":"inner"}},"wdio_ui5_key":"applicationmanagepartners-display-component---NewPartner--addressDetailDetailsCity1"}]}
RESULT: {"script":"<script> [1562 bytes]","args":[{"selector":{"id":"application-managepartners-display-component---NewPartner--addressDetailDetailsCity1","interaction":{"idSuffix":"inner"}},"wdio_ui5_key":"applicationmanagepartners-display-component---NewPartner--addressDetailDetailsCity1"}]}
RESULT: undefined
COMMAND: POST /session/13ff36e378d374199407c6416a2f579d/execute/async - {"script":"<script> [776 bytes]","args":[{"enterText":"Rosario","selector":{"id":"application-managepartners-display-component---NewPartner--addressDetailDetailsCity1","interaction":{"idSuffix":"inner"}},"clearTextFirst":true,"interactionType":"ENTER_TEXT"}]}
RESULT: {"script":"<script> [776 bytes]","args":[{"enterText":"Rosario","selector":{"id":"application-managepartners-display-component---NewPartner--addressDetailDetailsCity1","interaction":{"idSuffix":"inner"}},"clearTextFirst":true,"interactionType":"ENTER_TEXT"}]}
COMMAND: POST /session/13ff36e378d374199407c6416a2f579d/execute/async - {"script":"<script> [1562 bytes]","args":[{"selector":{"id":"application-managepartners-display-component---NewPartner--addressDetailDetailsCountry-arrow"},"wdio_ui5_key":"applicationmanagepartners-display-component---NewPartner--addressDetailDetailsCountry-arrow"}]}
RESULT: {"script":"<script> [1562 bytes]","args":[{"selector":{"id":"application-managepartners-display-component---NewPartner--addressDetailDetailsCountry-arrow"},"wdio_ui5_key":"applicationmanagepartners-display-component---NewPartner--addressDetailDetailsCountry-arrow"}]}
RESULT: undefined
COMMAND: POST /session/13ff36e378d374199407c6416a2f579d/element - {"using":"xpath","value":"//*[@id=\"application-managepartners-display-component---NewPartner--addressDetailDetailsCountry-arrow\"]"}
RESULT: {"using":"xpath","value":"//*[@id=\"application-managepartners-display-component---NewPartner--addressDetailDetailsCountry-arrow\"]"}
COMMAND: POST /session/13ff36e378d374199407c6416a2f579d/element/f.3D100000B49E76A23DA3328AC6F96CCC.d.E6468576F70F13E5F58F15E21B0F0E9A.e.4997/click - {}
RESULT: {}
COMMAND: POST /session/13ff36e378d374199407c6416a2f579d/element - {"using":"xpath","value":"//span[contains(text(), \"Argentina\")]"}
COMMAND: GET /session/13ff36e378d374199407c6416a2f579d/screenshot - {}
RESULT: {"using":"xpath","value":"//span[contains(text(), \"Argentina\")]"}
COMMAND: POST /session/13ff36e378d374199407c6416a2f579d/element/f.3D100000B49E76A23DA3328AC6F96CCC.d.E6468576F70F13E5F58F15E21B0F0E9A.e.5036/click - {}
RESULT: {}
RESULT: {}
COMMAND: GET /session/13ff36e378d374199407c6416a2f579d/screenshot - {}
RESULT: {}
COMMAND: POST /session/13ff36e378d374199407c6416a2f579d/element - {"using":"xpath","value":"//bdi[contains(text(), \"Commercial\")]"}
RESULT: {"using":"xpath","value":"//bdi[contains(text(), \"Commercial\")]"}
COMMAND: POST /session/13ff36e378d374199407c6416a2f579d/element/f.3D100000B49E76A23DA3328AC6F96CCC.d.E6468576F70F13E5F58F15E21B0F0E9A.e.5037/click - {}
RESULT: {}
COMMAND: GET /session/13ff36e378d374199407c6416a2f579d/screenshot - {}
RESULT: {}
COMMAND: POST /session/13ff36e378d374199407c6416a2f579d/execute/async - {"script":"<script> [1562 bytes]","args":[{"selector":{"id":"application-managepartners-display-component---NewPartner--partnerDetailInternal-arrow"},"wdio_ui5_key":"applicationmanagepartners-display-component---NewPartner--partnerDetailInternal-arrow"}]}
RESULT: {"script":"<script> [1562 bytes]","args":[{"selector":{"id":"application-managepartners-display-component---NewPartner--partnerDetailInternal-arrow"},"wdio_ui5_key":"applicationmanagepartners-display-component---NewPartner--partnerDetailInternal-arrow"}]}
RESULT: undefined
COMMAND: POST /session/13ff36e378d374199407c6416a2f579d/element - {"using":"xpath","value":"//*[@id=\"application-managepartners-display-component---NewPartner--partnerDetailInternal-arrow\"]"}
RESULT: {"using":"xpath","value":"//*[@id=\"application-managepartners-display-component---NewPartner--partnerDetailInternal-arrow\"]"}
COMMAND: POST /session/13ff36e378d374199407c6416a2f579d/element/f.3D100000B49E76A23DA3328AC6F96CCC.d.E6468576F70F13E5F58F15E21B0F0E9A.e.5043/click - {}
RESULT: {}
COMMAND: POST /session/13ff36e378d374199407c6416a2f579d/element - {"using":"xpath","value":"//span[contains(text(), \"Affiliated company\")]"}
COMMAND: GET /session/13ff36e378d374199407c6416a2f579d/screenshot - {}
RESULT: {"using":"xpath","value":"//span[contains(text(), \"Affiliated company\")]"}
COMMAND: POST /session/13ff36e378d374199407c6416a2f579d/element/f.3D100000B49E76A23DA3328AC6F96CCC.d.E6468576F70F13E5F58F15E21B0F0E9A.e.5044/click - {}
RESULT: {}
RESULT: {}
COMMAND: POST /session/13ff36e378d374199407c6416a2f579d/execute/async - {"script":"<script> [1562 bytes]","args":[{"selector":{"id":"application-managepartners-display-component---NewPartner--partnerDetailsCurrency-arrow"},"wdio_ui5_key":"applicationmanagepartners-display-component---NewPartner--partnerDetailsCurrency-arrow"}]}
COMMAND: GET /session/13ff36e378d374199407c6416a2f579d/screenshot - {}
RESULT: {"script":"<script> [1562 bytes]","args":[{"selector":{"id":"application-managepartners-display-component---NewPartner--partnerDetailsCurrency-arrow"},"wdio_ui5_key":"applicationmanagepartners-display-component---NewPartner--partnerDetailsCurrency-arrow"}]}
RESULT: undefined
COMMAND: POST /session/13ff36e378d374199407c6416a2f579d/element - {"using":"xpath","value":"//*[@id=\"application-managepartners-display-component---NewPartner--partnerDetailsCurrency-arrow\"]"}
RESULT: {}
RESULT: {"using":"xpath","value":"//*[@id=\"application-managepartners-display-component---NewPartner--partnerDetailsCurrency-arrow\"]"}
COMMAND: POST /session/13ff36e378d374199407c6416a2f579d/element/f.3D100000B49E76A23DA3328AC6F96CCC.d.E6468576F70F13E5F58F15E21B0F0E9A.e.5051/click - {}
RESULT: {}
COMMAND: POST /session/13ff36e378d374199407c6416a2f579d/element - {"using":"xpath","value":"//span[contains(text(), \"Euro\")]"}
RESULT: {"using":"xpath","value":"//span[contains(text(), \"Euro\")]"}
COMMAND: POST /session/13ff36e378d374199407c6416a2f579d/element/f.3D100000B49E76A23DA3328AC6F96CCC.d.E6468576F70F13E5F58F15E21B0F0E9A.e.5052/click - {}
RESULT: {}
COMMAND: POST /session/13ff36e378d374199407c6416a2f579d/execute/async - {"script":"<script> [1562 bytes]","args":[{"selector":{"id":"application-managepartners-display-component---NewPartner--addressEditDetailsCostObjectCstType-arrow"},"wdio_ui5_key":"applicationmanagepartners-display-component---NewPartner--addressEditDetailsCostObjectCstType-arrow"}]}
COMMAND: GET /session/13ff36e378d374199407c6416a2f579d/screenshot - {}
COMMAND: GET /session/13ff36e378d374199407c6416a2f579d/screenshot - {}
RESULT: {"script":"<script> [1562 bytes]","args":[{"selector":{"id":"application-managepartners-display-component---NewPartner--addressEditDetailsCostObjectCstType-arrow"},"wdio_ui5_key":"applicationmanagepartners-display-component---NewPartner--addressEditDetailsCostObjectCstType-arrow"}]}
RESULT: undefined
COMMAND: POST /session/13ff36e378d374199407c6416a2f579d/element - {"using":"xpath","value":"//*[@id=\"application-managepartners-display-component---NewPartner--addressEditDetailsCostObjectCstType-arrow\"]"}
RESULT: {}
RESULT: {}
RESULT: {"using":"xpath","value":"//*[@id=\"application-managepartners-display-component---NewPartner--addressEditDetailsCostObjectCstType-arrow\"]"}
COMMAND: POST /session/13ff36e378d374199407c6416a2f579d/element/f.3D100000B49E76A23DA3328AC6F96CCC.d.E6468576F70F13E5F58F15E21B0F0E9A.e.5053/click - {}
RESULT: {}
COMMAND: POST /session/13ff36e378d374199407c6416a2f579d/element - {"using":"xpath","value":"//span[contains(text(), \"Cost Center\")]"}
COMMAND: GET /session/13ff36e378d374199407c6416a2f579d/screenshot - {}
RESULT: {"using":"xpath","value":"//span[contains(text(), \"Cost Center\")]"}
COMMAND: POST /session/13ff36e378d374199407c6416a2f579d/element/f.3D100000B49E76A23DA3328AC6F96CCC.d.E6468576F70F13E5F58F15E21B0F0E9A.e.5054/click - {}
RESULT: {}
RESULT: {}
COMMAND: GET /session/13ff36e378d374199407c6416a2f579d/screenshot - {}
RESULT: {}
COMMAND: POST /session/13ff36e378d374199407c6416a2f579d/element - {"using":"xpath","value":"//span[@id=\"application-managepartners-display-component---NewPartner--addressNewCostObjectCstID-vhi\"]"}
RESULT: {"using":"xpath","value":"//span[@id=\"application-managepartners-display-component---NewPartner--addressNewCostObjectCstID-vhi\"]"}
COMMAND: POST /session/13ff36e378d374199407c6416a2f579d/execute/sync - {"script":"<script> [8489 bytes]","args":[{"element-6066-11e4-a52e-4f735466cecf":"f.3D100000B49E76A23DA3328AC6F96CCC.d.E6468576F70F13E5F58F15E21B0F0E9A.e.5058","ELEMENT":"f.3D100000B49E76A23DA3328AC6F96CCC.d.E6468576F70F13E5F58F15E21B0F0E9A.e.5058"}]}
RESULT: {"script":"<script> [8489 bytes]","args":[{"element-6066-11e4-a52e-4f735466cecf":"f.3D100000B49E76A23DA3328AC6F96CCC.d.E6468576F70F13E5F58F15E21B0F0E9A.e.5058","ELEMENT":"f.3D100000B49E76A23DA3328AC6F96CCC.d.E6468576F70F13E5F58F15E21B0F0E9A.e.5058"}]}
COMMAND: POST /session/13ff36e378d374199407c6416a2f579d/execute/async - {"script":"<script> [1562 bytes]","args":[{"selector":{"id":"application-managepartners-display-component---NewPartner--addressNewCostObjectCstID-vhi"},"wdio_ui5_key":"applicationmanagepartners-display-component---NewPartner--addressNewCostObjectCstID-vhi"}]}
COMMAND: GET /session/13ff36e378d374199407c6416a2f579d/screenshot - {}
RESULT: {"script":"<script> [1562 bytes]","args":[{"selector":{"id":"application-managepartners-display-component---NewPartner--addressNewCostObjectCstID-vhi"},"wdio_ui5_key":"applicationmanagepartners-display-component---NewPartner--addressNewCostObjectCstID-vhi"}]}
RESULT: undefined
COMMAND: POST /session/13ff36e378d374199407c6416a2f579d/element - {"using":"xpath","value":"//*[@id=\"application-managepartners-display-component---NewPartner--addressNewCostObjectCstID-vhi\"]"}
RESULT: {}
RESULT: {"using":"xpath","value":"//*[@id=\"application-managepartners-display-component---NewPartner--addressNewCostObjectCstID-vhi\"]"}
COMMAND: POST /session/13ff36e378d374199407c6416a2f579d/element/f.3D100000B49E76A23DA3328AC6F96CCC.d.E6468576F70F13E5F58F15E21B0F0E9A.e.5058/click - {}
RESULT: {}
COMMAND: GET /session/13ff36e378d374199407c6416a2f579d/screenshot - {}
RESULT: {}
COMMAND: POST /session/13ff36e378d374199407c6416a2f579d/execute/async - {"script":"<script> [1562 bytes]","args":[{"selector":{"controlType":"sap.m.SearchField","properties":{"placeholder":"Search"},"searchOpenDialogs":true,"interaction":{"idSuffix":"I"}},"wdio_ui5_key":"sapm.SearchField{\"placeholder\":\"Search\"}"}]}
RESULT: {"script":"<script> [1562 bytes]","args":[{"selector":{"controlType":"sap.m.SearchField","properties":{"placeholder":"Search"},"searchOpenDialogs":true,"interaction":{"idSuffix":"I"}},"wdio_ui5_key":"sapm.SearchField{\"placeholder\":\"Search\"}"}]}
RESULT: undefined
COMMAND: POST /session/13ff36e378d374199407c6416a2f579d/execute/async - {"script":"<script> [776 bytes]","args":[{"enterText":"10001013","selector":{"controlType":"sap.m.SearchField","properties":{"placeholder":"Search"},"searchOpenDialogs":true,"interaction":{"idSuffix":"I"}},"clearTextFirst":true,"interactionType":"ENTER_TEXT"}]}
RESULT: {"script":"<script> [776 bytes]","args":[{"enterText":"10001013","selector":{"controlType":"sap.m.SearchField","properties":{"placeholder":"Search"},"searchOpenDialogs":true,"interaction":{"idSuffix":"I"}},"clearTextFirst":true,"interactionType":"ENTER_TEXT"}]}
COMMAND: POST /session/13ff36e378d374199407c6416a2f579d/actions - {"actions":[{"id":"action12","type":"key","parameters":{},"actions":[{"type":"keyDown","value":"î€‡"},{"type":"pause","duration":10},{"type":"keyUp","value":"î€‡"}]}]}
RESULT: {"actions":[{"id":"action12","type":"key","parameters":{},"actions":[{"type":"keyDown","value":"î€‡"},{"type":"pause","duration":10},{"type":"keyUp","value":"î€‡"}]}]}
COMMAND: GET /session/13ff36e378d374199407c6416a2f579d/screenshot - {}
RESULT: {}
COMMAND: POST /session/13ff36e378d374199407c6416a2f579d/element - {"using":"xpath","value":"//span[contains(text(), \"General Management\")]"}
RESULT: {"using":"xpath","value":"//span[contains(text(), \"General Management\")]"}
COMMAND: POST /session/13ff36e378d374199407c6416a2f579d/element/f.3D100000B49E76A23DA3328AC6F96CCC.d.E6468576F70F13E5F58F15E21B0F0E9A.e.5100/click - {}
RESULT: {}
COMMAND: GET /session/13ff36e378d374199407c6416a2f579d/screenshot - {}
RESULT: {}
COMMAND: POST /session/13ff36e378d374199407c6416a2f579d/element - {"using":"xpath","value":"//bdi[contains(text(), \"OK\")]"}
RESULT: {"using":"xpath","value":"//bdi[contains(text(), \"OK\")]"}
COMMAND: POST /session/13ff36e378d374199407c6416a2f579d/element/f.3D100000B49E76A23DA3328AC6F96CCC.d.E6468576F70F13E5F58F15E21B0F0E9A.e.5101/click - {}
RESULT: {}
COMMAND: GET /session/13ff36e378d374199407c6416a2f579d/screenshot - {}
RESULT: {}
COMMAND: POST /session/13ff36e378d374199407c6416a2f579d/element - {"using":"xpath","value":"//input[@id=\"application-managepartners-display-component---NewPartner--companyCodeComboBox-inner\"]"}
RESULT: {"using":"xpath","value":"//input[@id=\"application-managepartners-display-component---NewPartner--companyCodeComboBox-inner\"]"}
COMMAND: POST /session/13ff36e378d374199407c6416a2f579d/element/f.3D100000B49E76A23DA3328AC6F96CCC.d.E6468576F70F13E5F58F15E21B0F0E9A.e.4939/clear - {}
RESULT: {}
COMMAND: POST /session/13ff36e378d374199407c6416a2f579d/element/f.3D100000B49E76A23DA3328AC6F96CCC.d.E6468576F70F13E5F58F15E21B0F0E9A.e.4939/value - {"text":"1000"}
COMMAND: GET /session/13ff36e378d374199407c6416a2f579d/screenshot - {}
RESULT: {"text":"1000"}
COMMAND: GET /session/13ff36e378d374199407c6416a2f579d/screenshot - {}
RESULT: {}
RESULT: {}
COMMAND: POST /session/13ff36e378d374199407c6416a2f579d/element - {"using":"xpath","value":"//li[.//span[text()= \"1000\"]]"}
RESULT: {"using":"xpath","value":"//li[.//span[text()= \"1000\"]]"}
COMMAND: POST /session/13ff36e378d374199407c6416a2f579d/element/f.3D100000B49E76A23DA3328AC6F96CCC.d.E6468576F70F13E5F58F15E21B0F0E9A.e.5107/click - {}
RESULT: {}
COMMAND: GET /session/13ff36e378d374199407c6416a2f579d/screenshot - {}
RESULT: {}
COMMAND: POST /session/13ff36e378d374199407c6416a2f579d/execute/async - {"script":"<script> [1562 bytes]","args":[{"selector":{"id":"application-managepartners-display-component---NewPartner--btnAddTableRow-img"},"wdio_ui5_key":"applicationmanagepartners-display-component---NewPartner--btnAddTableRow-img"}]}
RESULT: {"script":"<script> [1562 bytes]","args":[{"selector":{"id":"application-managepartners-display-component---NewPartner--btnAddTableRow-img"},"wdio_ui5_key":"applicationmanagepartners-display-component---NewPartner--btnAddTableRow-img"}]}
RESULT: undefined
COMMAND: POST /session/13ff36e378d374199407c6416a2f579d/element - {"using":"xpath","value":"//*[@id=\"application-managepartners-display-component---NewPartner--btnAddTableRow-img\"]"}
RESULT: {"using":"xpath","value":"//*[@id=\"application-managepartners-display-component---NewPartner--btnAddTableRow-img\"]"}
COMMAND: POST /session/13ff36e378d374199407c6416a2f579d/element/f.3D100000B49E76A23DA3328AC6F96CCC.d.E6468576F70F13E5F58F15E21B0F0E9A.e.5108/click - {}
RESULT: {}
COMMAND: GET /session/13ff36e378d374199407c6416a2f579d/screenshot - {}
RESULT: {}
COMMAND: POST /session/13ff36e378d374199407c6416a2f579d/element - {"using":"xpath","value":"//input[@id=\"application-managepartners-display-component---NewPartner--assignmentYard-application-managepartners-display-component---NewPartner--assignmentsTable-0-inner\"]"}
RESULT: {"using":"xpath","value":"//input[@id=\"application-managepartners-display-component---NewPartner--assignmentYard-application-managepartners-display-component---NewPartner--assignmentsTable-0-inner\"]"}
COMMAND: POST /session/13ff36e378d374199407c6416a2f579d/element/f.3D100000B49E76A23DA3328AC6F96CCC.d.E6468576F70F13E5F58F15E21B0F0E9A.e.5111/clear - {}
RESULT: {}
COMMAND: POST /session/13ff36e378d374199407c6416a2f579d/element/f.3D100000B49E76A23DA3328AC6F96CCC.d.E6468576F70F13E5F58F15E21B0F0E9A.e.5111/value - {"text":"600"}
COMMAND: GET /session/13ff36e378d374199407c6416a2f579d/screenshot - {}
RESULT: {"text":"600"}
COMMAND: GET /session/13ff36e378d374199407c6416a2f579d/screenshot - {}
RESULT: {}
RESULT: {}
COMMAND: POST /session/13ff36e378d374199407c6416a2f579d/element - {"using":"xpath","value":"//li[.//span[text()='600']]"}
RESULT: {"using":"xpath","value":"//li[.//span[text()='600']]"}
COMMAND: POST /session/13ff36e378d374199407c6416a2f579d/element/f.3D100000B49E76A23DA3328AC6F96CCC.d.E6468576F70F13E5F58F15E21B0F0E9A.e.5120/click - {}
RESULT: {}
COMMAND: GET /session/13ff36e378d374199407c6416a2f579d/screenshot - {}
RESULT: {}
COMMAND: POST /session/13ff36e378d374199407c6416a2f579d/actions - {"actions":[{"id":"action13","type":"key","parameters":{},"actions":[{"type":"keyDown","value":"î€‡"},{"type":"pause","duration":10},{"type":"keyUp","value":"î€‡"}]}]}
RESULT: {"actions":[{"id":"action13","type":"key","parameters":{},"actions":[{"type":"keyDown","value":"î€‡"},{"type":"pause","duration":10},{"type":"keyUp","value":"î€‡"}]}]}
COMMAND: POST /session/13ff36e378d374199407c6416a2f579d/execute/async - {"script":"<script> [1562 bytes]","args":[{"selector":{"id":"application-managepartners-display-component---NewPartner--externalCustomerComboBox-application-managepartners-display-component---NewPartner--assignmentsTable-0-vhi"},"wdio_ui5_key":"applicationmanagepartners-display-component---NewPartner--externalCustomerComboBox-application-managepartners-display-component---NewPartner--assignmentsTable-0-vhi"}]}
COMMAND: GET /session/13ff36e378d374199407c6416a2f579d/screenshot - {}
RESULT: {"script":"<script> [1562 bytes]","args":[{"selector":{"id":"application-managepartners-display-component---NewPartner--externalCustomerComboBox-application-managepartners-display-component---NewPartner--assignmentsTable-0-vhi"},"wdio_ui5_key":"applicationmanagepartners-display-component---NewPartner--externalCustomerComboBox-application-managepartners-display-component---NewPartner--assignmentsTable-0-vhi"}]}
RESULT: undefined
COMMAND: POST /session/13ff36e378d374199407c6416a2f579d/element - {"using":"xpath","value":"//*[@id=\"application-managepartners-display-component---NewPartner--externalCustomerComboBox-application-managepartners-display-component---NewPartner--assignmentsTable-0-vhi\"]"}
RESULT: {}
RESULT: {"using":"xpath","value":"//*[@id=\"application-managepartners-display-component---NewPartner--externalCustomerComboBox-application-managepartners-display-component---NewPartner--assignmentsTable-0-vhi\"]"}
COMMAND: POST /session/13ff36e378d374199407c6416a2f579d/element/f.3D100000B49E76A23DA3328AC6F96CCC.d.E6468576F70F13E5F58F15E21B0F0E9A.e.5124/click - {}
RESULT: {}
RESULT: undefined
COMMAND: POST /session/13ff36e378d374199407c6416a2f579d/execute/async - {"script":"<script> [776 bytes]","args":[{"enterText":"300003","selector":{"controlType":"sap.m.SearchField","properties":{"placeholder":"Search"},"searchOpenDialogs":true,"interaction":{"idSuffix":"I"}},"clearTextFirst":true,"interactionType":"ENTER_TEXT"}]}
COMMAND: GET /session/13ff36e378d374199407c6416a2f579d/screenshot - {}
RESULT: {"script":"<script> [776 bytes]","args":[{"enterText":"300003","selector":{"controlType":"sap.m.SearchField","properties":{"placeholder":"Search"},"searchOpenDialogs":true,"interaction":{"idSuffix":"I"}},"clearTextFirst":true,"interactionType":"ENTER_TEXT"}]}
COMMAND: POST /session/13ff36e378d374199407c6416a2f579d/actions - {"actions":[{"id":"action14","type":"key","parameters":{},"actions":[{"type":"keyDown","value":"î€‡"},{"type":"pause","duration":10},{"type":"keyUp","value":"î€‡"}]}]}
RESULT: {}
RESULT: {"actions":[{"id":"action14","type":"key","parameters":{},"actions":[{"type":"keyDown","value":"î€‡"},{"type":"pause","duration":10},{"type":"keyUp","value":"î€‡"}]}]}
COMMAND: GET /session/13ff36e378d374199407c6416a2f579d/screenshot - {}
RESULT: {}
COMMAND: POST /session/13ff36e378d374199407c6416a2f579d/element - {"using":"xpath","value":"//span[contains(text(), \"300003\")]"}
RESULT: {"using":"xpath","value":"//span[contains(text(), \"300003\")]"}
COMMAND: POST /session/13ff36e378d374199407c6416a2f579d/element/f.3D100000B49E76A23DA3328AC6F96CCC.d.E6468576F70F13E5F58F15E21B0F0E9A.e.5143/click - {}
RESULT: {}
COMMAND: GET /session/13ff36e378d374199407c6416a2f579d/screenshot - {}
RESULT: {}
COMMAND: POST /session/13ff36e378d374199407c6416a2f579d/element - {"using":"xpath","value":"//bdi[contains(text(), \"OK\")]"}
RESULT: {"using":"xpath","value":"//bdi[contains(text(), \"OK\")]"}
COMMAND: POST /session/13ff36e378d374199407c6416a2f579d/element/f.3D100000B49E76A23DA3328AC6F96CCC.d.E6468576F70F13E5F58F15E21B0F0E9A.e.5145/click - {}
RESULT: {}
COMMAND: GET /session/13ff36e378d374199407c6416a2f579d/screenshot - {}
RESULT: {}
COMMAND: POST /session/13ff36e378d374199407c6416a2f579d/execute/async - {"script":"<script> [1562 bytes]","args":[{"selector":{"id":"application-managepartners-display-component---NewPartner--intercompVendorComboBox-application-managepartners-display-component---NewPartner--assignmentsTable-0-vhi"},"wdio_ui5_key":"applicationmanagepartners-display-component---NewPartner--intercompVendorComboBox-application-managepartners-display-component---NewPartner--assignmentsTable-0-vhi"}]}
RESULT: {"script":"<script> [1562 bytes]","args":[{"selector":{"id":"application-managepartners-display-component---NewPartner--intercompVendorComboBox-application-managepartners-display-component---NewPartner--assignmentsTable-0-vhi"},"wdio_ui5_key":"applicationmanagepartners-display-component---NewPartner--intercompVendorComboBox-application-managepartners-display-component---NewPartner--assignmentsTable-0-vhi"}]}
RESULT: undefined
COMMAND: POST /session/13ff36e378d374199407c6416a2f579d/element - {"using":"xpath","value":"//*[@id=\"application-managepartners-display-component---NewPartner--intercompVendorComboBox-application-managepartners-display-component---NewPartner--assignmentsTable-0-vhi\"]"}
RESULT: {"using":"xpath","value":"//*[@id=\"application-managepartners-display-component---NewPartner--intercompVendorComboBox-application-managepartners-display-component---NewPartner--assignmentsTable-0-vhi\"]"}
COMMAND: POST /session/13ff36e378d374199407c6416a2f579d/element/f.3D100000B49E76A23DA3328AC6F96CCC.d.E6468576F70F13E5F58F15E21B0F0E9A.e.5148/click - {}
RESULT: {}
RESULT: undefined
COMMAND: POST /session/13ff36e378d374199407c6416a2f579d/execute/async - {"script":"<script> [776 bytes]","args":[{"enterText":"100005","selector":{"controlType":"sap.m.SearchField","properties":{"placeholder":"Search"},"searchOpenDialogs":true,"interaction":{"idSuffix":"I"}},"clearTextFirst":true,"interactionType":"ENTER_TEXT"}]}
COMMAND: GET /session/13ff36e378d374199407c6416a2f579d/screenshot - {}
RESULT: {"script":"<script> [776 bytes]","args":[{"enterText":"100005","selector":{"controlType":"sap.m.SearchField","properties":{"placeholder":"Search"},"searchOpenDialogs":true,"interaction":{"idSuffix":"I"}},"clearTextFirst":true,"interactionType":"ENTER_TEXT"}]}
COMMAND: POST /session/13ff36e378d374199407c6416a2f579d/actions - {"actions":[{"id":"action15","type":"key","parameters":{},"actions":[{"type":"keyDown","value":"î€‡"},{"type":"pause","duration":10},{"type":"keyUp","value":"î€‡"}]}]}
RESULT: {}
RESULT: {"actions":[{"id":"action15","type":"key","parameters":{},"actions":[{"type":"keyDown","value":"î€‡"},{"type":"pause","duration":10},{"type":"keyUp","value":"î€‡"}]}]}
COMMAND: GET /session/13ff36e378d374199407c6416a2f579d/screenshot - {}
RESULT: {}
COMMAND: POST /session/13ff36e378d374199407c6416a2f579d/element - {"using":"xpath","value":"//span[contains(text(), \"Penguins - Field/12345 Berlin\")]"}
RESULT: {"using":"xpath","value":"//span[contains(text(), \"Penguins - Field/12345 Berlin\")]"}
COMMAND: POST /session/13ff36e378d374199407c6416a2f579d/element/f.3D100000B49E76A23DA3328AC6F96CCC.d.E6468576F70F13E5F58F15E21B0F0E9A.e.5167/click - {}
RESULT: {}
COMMAND: GET /session/13ff36e378d374199407c6416a2f579d/screenshot - {}
RESULT: {}
COMMAND: POST /session/13ff36e378d374199407c6416a2f579d/element - {"using":"xpath","value":"//bdi[contains(text(), \"OK\")]"}
RESULT: {"using":"xpath","value":"//bdi[contains(text(), \"OK\")]"}
COMMAND: POST /session/13ff36e378d374199407c6416a2f579d/element/f.3D100000B49E76A23DA3328AC6F96CCC.d.E6468576F70F13E5F58F15E21B0F0E9A.e.5168/click - {}
RESULT: {}
COMMAND: GET /session/13ff36e378d374199407c6416a2f579d/screenshot - {}
RESULT: {}
COMMAND: POST /session/13ff36e378d374199407c6416a2f579d/element - {"using":"xpath","value":"//button[@data-kt=\"saveButton\"]"}
RESULT: {"using":"xpath","value":"//button[@data-kt=\"saveButton\"]"}
COMMAND: POST /session/13ff36e378d374199407c6416a2f579d/element/f.3D100000B49E76A23DA3328AC6F96CCC.d.E6468576F70F13E5F58F15E21B0F0E9A.e.5018/click - {}
RESULT: {}
COMMAND: GET /session/13ff36e378d374199407c6416a2f579d/screenshot - {}
RESULT: {}
COMMAND: POST /session/13ff36e378d374199407c6416a2f579d/element - {"using":"xpath","value":"//header[contains(@id, 'ObjectPageLayout-headerTitle')]/div[1]/div[2]/div[2]/span[1]"}
RESULT: {"using":"xpath","value":"//header[contains(@id, 'ObjectPageLayout-headerTitle')]/div[1]/div[2]/div[2]/span[1]"}
COMMAND: POST /session/13ff36e378d374199407c6416a2f579d/elements - {"using":"xpath","value":"//header[contains(@id, 'ObjectPageLayout-headerTitle')]/div[1]/div[2]/div[2]/span[1]"}
RESULT: {"using":"xpath","value":"//header[contains(@id, 'ObjectPageLayout-headerTitle')]/div[1]/div[2]/div[2]/span[1]"}
COMMAND: POST /session/13ff36e378d374199407c6416a2f579d/execute/sync - {"script":"<script> [56 bytes]","args":[{"element-6066-11e4-a52e-4f735466cecf":"f.3D100000B49E76A23DA3328AC6F96CCC.d.E6468576F70F13E5F58F15E21B0F0E9A.e.5333","ELEMENT":"f.3D100000B49E76A23DA3328AC6F96CCC.d.E6468576F70F13E5F58F15E21B0F0E9A.e.5333"}]}
RESULT: {"script":"<script> [56 bytes]","args":[{"element-6066-11e4-a52e-4f735466cecf":"f.3D100000B49E76A23DA3328AC6F96CCC.d.E6468576F70F13E5F58F15E21B0F0E9A.e.5333","ELEMENT":"f.3D100000B49E76A23DA3328AC6F96CCC.d.E6468576F70F13E5F58F15E21B0F0E9A.e.5333"}]}
COMMAND: POST /session/13ff36e378d374199407c6416a2f579d/element - {"using":"css selector","value":"#shell-header-logo"}
COMMAND: GET /session/13ff36e378d374199407c6416a2f579d/screenshot - {}
RESULT: {"using":"css selector","value":"#shell-header-logo"}
COMMAND: POST /session/13ff36e378d374199407c6416a2f579d/element/f.3D100000B49E76A23DA3328AC6F96CCC.d.E6468576F70F13E5F58F15E21B0F0E9A.e.4552/click - {}
RESULT: {}
RESULT: {}
COMMAND: GET /session/13ff36e378d374199407c6416a2f579d/screenshot - {}
RESULT: {}
COMMAND: POST /session/13ff36e378d374199407c6416a2f579d/execute/sync - {"script":"<script> [299 bytes]","args":[["getModel","getResource"]]}
RESULT: {"script":"<script> [299 bytes]","args":[["getModel","getResource"]]}
RESULT: undefined
COMMAND: POST /session/13ff36e378d374199407c6416a2f579d/element - {"using":"xpath","value":"//*[@id=\"__tile30\"]"}
COMMAND: GET /session/13ff36e378d374199407c6416a2f579d/screenshot - {}
RESULT: {"using":"xpath","value":"//*[@id=\"__tile30\"]"}
COMMAND: POST /session/13ff36e378d374199407c6416a2f579d/element/f.3D100000B49E76A23DA3328AC6F96CCC.d.E6468576F70F13E5F58F15E21B0F0E9A.e.4472/click - {}
RESULT: {}
RESULT: {}
COMMAND: GET /session/13ff36e378d374199407c6416a2f579d/screenshot - {}
RESULT: {}
COMMAND: POST /session/13ff36e378d374199407c6416a2f579d/elements - {"using":"xpath","value":"//span[text()='Error']"}
RESULT: {"using":"xpath","value":"//span[text()='Error']"}
COMMAND: POST /session/13ff36e378d374199407c6416a2f579d/element - {"using":"xpath","value":"//button[@data-kt=\"addButton\"]"}
RESULT: {"using":"xpath","value":"//button[@data-kt=\"addButton\"]"}
COMMAND: POST /session/13ff36e378d374199407c6416a2f579d/elements - {"using":"xpath","value":"//button[@data-kt=\"addButton\"]"}
RESULT: {"using":"xpath","value":"//button[@data-kt=\"addButton\"]"}
COMMAND: POST /session/13ff36e378d374199407c6416a2f579d/execute/sync - {"script":"<script> [8489 bytes]","args":[{"element-6066-11e4-a52e-4f735466cecf":"f.3D100000B49E76A23DA3328AC6F96CCC.d.E6468576F70F13E5F58F15E21B0F0E9A.e.5381","ELEMENT":"f.3D100000B49E76A23DA3328AC6F96CCC.d.E6468576F70F13E5F58F15E21B0F0E9A.e.5381"}]}
RESULT: {"script":"<script> [8489 bytes]","args":[{"element-6066-11e4-a52e-4f735466cecf":"f.3D100000B49E76A23DA3328AC6F96CCC.d.E6468576F70F13E5F58F15E21B0F0E9A.e.5381","ELEMENT":"f.3D100000B49E76A23DA3328AC6F96CCC.d.E6468576F70F13E5F58F15E21B0F0E9A.e.5381"}]}
COMMAND: GET /session/13ff36e378d374199407c6416a2f579d/element/f.3D100000B49E76A23DA3328AC6F96CCC.d.E6468576F70F13E5F58F15E21B0F0E9A.e.5381/enabled - {}
COMMAND: GET /session/13ff36e378d374199407c6416a2f579d/screenshot - {}
RESULT: {}
COMMAND: POST /session/13ff36e378d374199407c6416a2f579d/execute/sync - {"script":"<script> [8489 bytes]","args":[{"element-6066-11e4-a52e-4f735466cecf":"f.3D100000B49E76A23DA3328AC6F96CCC.d.E6468576F70F13E5F58F15E21B0F0E9A.e.5381","ELEMENT":"f.3D100000B49E76A23DA3328AC6F96CCC.d.E6468576F70F13E5F58F15E21B0F0E9A.e.5381"}]}
COMMAND: GET /session/13ff36e378d374199407c6416a2f579d/screenshot - {}
RESULT: {}
RESULT: {"script":"<script> [8489 bytes]","args":[{"element-6066-11e4-a52e-4f735466cecf":"f.3D100000B49E76A23DA3328AC6F96CCC.d.E6468576F70F13E5F58F15E21B0F0E9A.e.5381","ELEMENT":"f.3D100000B49E76A23DA3328AC6F96CCC.d.E6468576F70F13E5F58F15E21B0F0E9A.e.5381"}]}
COMMAND: POST /session/13ff36e378d374199407c6416a2f579d/execute/sync - {"script":"<script> [5351 bytes]","args":[{"element-6066-11e4-a52e-4f735466cecf":"f.3D100000B49E76A23DA3328AC6F96CCC.d.E6468576F70F13E5F58F15E21B0F0E9A.e.5381","ELEMENT":"f.3D100000B49E76A23DA3328AC6F96CCC.d.E6468576F70F13E5F58F15E21B0F0E9A.e.5381"}]}
COMMAND: GET /session/13ff36e378d374199407c6416a2f579d/screenshot - {}
RESULT: {}
RESULT: {"script":"<script> [5351 bytes]","args":[{"element-6066-11e4-a52e-4f735466cecf":"f.3D100000B49E76A23DA3328AC6F96CCC.d.E6468576F70F13E5F58F15E21B0F0E9A.e.5381","ELEMENT":"f.3D100000B49E76A23DA3328AC6F96CCC.d.E6468576F70F13E5F58F15E21B0F0E9A.e.5381"}]}
COMMAND: GET /session/13ff36e378d374199407c6416a2f579d/screenshot - {}
RESULT: {}
RESULT: {}
COMMAND: POST /session/13ff36e378d374199407c6416a2f579d/execute/async - {"script":"<script> [1562 bytes]","args":[{"selector":{"id":"application-managepartners-display-component---masterPtm--smartFilterBar-btnBasicSearch","interaction":{"idSuffix":"I"}},"wdio_ui5_key":"applicationmanagepartners-display-component---masterPtm--smartFilterBar-btnBasicSearch"}]}
RESULT: {"script":"<script> [1562 bytes]","args":[{"selector":{"id":"application-managepartners-display-component---masterPtm--smartFilterBar-btnBasicSearch","interaction":{"idSuffix":"I"}},"wdio_ui5_key":"applicationmanagepartners-display-component---masterPtm--smartFilterBar-btnBasicSearch"}]}
RESULT: undefined
COMMAND: POST /session/13ff36e378d374199407c6416a2f579d/execute/async - {"script":"<script> [776 bytes]","args":[{"enterText":"1391","selector":{"id":"application-managepartners-display-component---masterPtm--smartFilterBar-btnBasicSearch","interaction":{"idSuffix":"I"}},"clearTextFirst":true,"interactionType":"ENTER_TEXT"}]}
RESULT: {"script":"<script> [776 bytes]","args":[{"enterText":"1391","selector":{"id":"application-managepartners-display-component---masterPtm--smartFilterBar-btnBasicSearch","interaction":{"idSuffix":"I"}},"clearTextFirst":true,"interactionType":"ENTER_TEXT"}]}
COMMAND: POST /session/13ff36e378d374199407c6416a2f579d/actions - {"actions":[{"id":"action16","type":"key","parameters":{},"actions":[{"type":"keyDown","value":"î€‡"},{"type":"pause","duration":10},{"type":"keyUp","value":"î€‡"}]}]}
RESULT: {"actions":[{"id":"action16","type":"key","parameters":{},"actions":[{"type":"keyDown","value":"î€‡"},{"type":"pause","duration":10},{"type":"keyUp","value":"î€‡"}]}]}
COMMAND: GET /session/13ff36e378d374199407c6416a2f579d/screenshot - {}
RESULT: {}
COMMAND: POST /session/13ff36e378d374199407c6416a2f579d/elements - {"using":"xpath","value":"//table[contains(@id, \"customPartnersTable-listUl\")]/tbody/tr"}
RESULT: {"using":"xpath","value":"//table[contains(@id, \"customPartnersTable-listUl\")]/tbody/tr"}
COMMAND: POST /session/13ff36e378d374199407c6416a2f579d/element - {"using":"xpath","value":"//table[contains(@id, \"customPartnersTable-listUl\")]/tbody/tr[1]/td[3]/span"}
RESULT: {"using":"xpath","value":"//table[contains(@id, \"customPartnersTable-listUl\")]/tbody/tr[1]/td[3]/span"}
COMMAND: POST /session/13ff36e378d374199407c6416a2f579d/elements - {"using":"xpath","value":"//table[contains(@id, \"customPartnersTable-listUl\")]/tbody/tr[1]/td[3]/span"}
RESULT: {"using":"xpath","value":"//table[contains(@id, \"customPartnersTable-listUl\")]/tbody/tr[1]/td[3]/span"}
COMMAND: POST /session/13ff36e378d374199407c6416a2f579d/execute/sync - {"script":"<script> [56 bytes]","args":[{"element-6066-11e4-a52e-4f735466cecf":"f.3D100000B49E76A23DA3328AC6F96CCC.d.E6468576F70F13E5F58F15E21B0F0E9A.e.5517","ELEMENT":"f.3D100000B49E76A23DA3328AC6F96CCC.d.E6468576F70F13E5F58F15E21B0F0E9A.e.5517"}]}
RESULT: {"script":"<script> [56 bytes]","args":[{"element-6066-11e4-a52e-4f735466cecf":"f.3D100000B49E76A23DA3328AC6F96CCC.d.E6468576F70F13E5F58F15E21B0F0E9A.e.5517","ELEMENT":"f.3D100000B49E76A23DA3328AC6F96CCC.d.E6468576F70F13E5F58F15E21B0F0E9A.e.5517"}]}
COMMAND: POST /session/13ff36e378d374199407c6416a2f579d/element - {"using":"xpath","value":"(//span[contains(@id, \"imgNav\")])[1]"}
COMMAND: GET /session/13ff36e378d374199407c6416a2f579d/screenshot - {}
RESULT: {"using":"xpath","value":"(//span[contains(@id, \"imgNav\")])[1]"}
COMMAND: POST /session/13ff36e378d374199407c6416a2f579d/element/f.3D100000B49E76A23DA3328AC6F96CCC.d.E6468576F70F13E5F58F15E21B0F0E9A.e.5515/click - {}
RESULT: {}
RESULT: {}
COMMAND: GET /session/13ff36e378d374199407c6416a2f579d/screenshot - {}
RESULT: {}
COMMAND: POST /session/13ff36e378d374199407c6416a2f579d/element - {"using":"xpath","value":"//bdi[contains(text(), \"Edit\")]"}
RESULT: {"using":"xpath","value":"//bdi[contains(text(), \"Edit\")]"}
COMMAND: POST /session/13ff36e378d374199407c6416a2f579d/element/f.3D100000B49E76A23DA3328AC6F96CCC.d.E6468576F70F13E5F58F15E21B0F0E9A.e.5662/click - {}
RESULT: {}
COMMAND: GET /session/13ff36e378d374199407c6416a2f579d/screenshot - {}
RESULT: {}
COMMAND: POST /session/13ff36e378d374199407c6416a2f579d/execute/async - {"script":"<script> [1562 bytes]","args":[{"selector":{"controlType":"sap.m.Input","viewName":"etm.portal.ui.managepartners.view.EditDetail","labelFor":{"text":"Name"},"interaction":{"idSuffix":"inner"}},"wdio_ui5_key":"etmportal.ui.managepartners.view.EditDetailsap.m.Input{\"text\":\"Name\"}"}]}
RESULT: {"script":"<script> [1562 bytes]","args":[{"selector":{"controlType":"sap.m.Input","viewName":"etm.portal.ui.managepartners.view.EditDetail","labelFor":{"text":"Name"},"interaction":{"idSuffix":"inner"}},"wdio_ui5_key":"etmportal.ui.managepartners.view.EditDetailsap.m.Input{\"text\":\"Name\"}"}]}
RESULT: undefined
COMMAND: POST /session/13ff36e378d374199407c6416a2f579d/execute/async - {"script":"<script> [776 bytes]","args":[{"enterText":"Intracompany EDIT","selector":{"controlType":"sap.m.Input","viewName":"etm.portal.ui.managepartners.view.EditDetail","labelFor":{"text":"Name"},"interaction":{"idSuffix":"inner"}},"clearTextFirst":true,"interactionType":"ENTER_TEXT"}]}
RESULT: {"script":"<script> [776 bytes]","args":[{"enterText":"Intracompany EDIT","selector":{"controlType":"sap.m.Input","viewName":"etm.portal.ui.managepartners.view.EditDetail","labelFor":{"text":"Name"},"interaction":{"idSuffix":"inner"}},"clearTextFirst":true,"interactionType":"ENTER_TEXT"}]}
COMMAND: POST /session/13ff36e378d374199407c6416a2f579d/element - {"using":"xpath","value":"(//span[contains(@id,\"addressDetailDetailsLanguage-arrow\")])[1]"}
RESULT: {"using":"xpath","value":"(//span[contains(@id,\"addressDetailDetailsLanguage-arrow\")])[1]"}
COMMAND: POST /session/13ff36e378d374199407c6416a2f579d/element/f.3D100000B49E76A23DA3328AC6F96CCC.d.E6468576F70F13E5F58F15E21B0F0E9A.e.5747/click - {}
RESULT: {}
COMMAND: POST /session/13ff36e378d374199407c6416a2f579d/element - {"using":"xpath","value":"//span[contains(text(), \"Chinese\")]"}
COMMAND: GET /session/13ff36e378d374199407c6416a2f579d/screenshot - {}
RESULT: {"using":"xpath","value":"//span[contains(text(), \"Chinese\")]"}
COMMAND: POST /session/13ff36e378d374199407c6416a2f579d/element/f.3D100000B49E76A23DA3328AC6F96CCC.d.E6468576F70F13E5F58F15E21B0F0E9A.e.5748/click - {}
RESULT: {}
RESULT: {}
COMMAND: GET /session/13ff36e378d374199407c6416a2f579d/screenshot - {}
RESULT: {}
COMMAND: POST /session/13ff36e378d374199407c6416a2f579d/execute/async - {"script":"<script> [1562 bytes]","args":[{"selector":{"controlType":"sap.m.Input","viewName":"etm.portal.ui.managepartners.view.EditDetail","labelFor":{"text":"City"},"interaction":{"idSuffix":"inner"}},"wdio_ui5_key":"etmportal.ui.managepartners.view.EditDetailsap.m.Input{\"text\":\"City\"}"}]}
RESULT: {"script":"<script> [1562 bytes]","args":[{"selector":{"controlType":"sap.m.Input","viewName":"etm.portal.ui.managepartners.view.EditDetail","labelFor":{"text":"City"},"interaction":{"idSuffix":"inner"}},"wdio_ui5_key":"etmportal.ui.managepartners.view.EditDetailsap.m.Input{\"text\":\"City\"}"}]}
RESULT: undefined
COMMAND: POST /session/13ff36e378d374199407c6416a2f579d/execute/async - {"script":"<script> [776 bytes]","args":[{"enterText":"Clooj-Napoca","selector":{"controlType":"sap.m.Input","viewName":"etm.portal.ui.managepartners.view.EditDetail","labelFor":{"text":"City"},"interaction":{"idSuffix":"inner"}},"clearTextFirst":true,"interactionType":"ENTER_TEXT"}]}
RESULT: {"script":"<script> [776 bytes]","args":[{"enterText":"Clooj-Napoca","selector":{"controlType":"sap.m.Input","viewName":"etm.portal.ui.managepartners.view.EditDetail","labelFor":{"text":"City"},"interaction":{"idSuffix":"inner"}},"clearTextFirst":true,"interactionType":"ENTER_TEXT"}]}
COMMAND: POST /session/13ff36e378d374199407c6416a2f579d/element - {"using":"xpath","value":"//button[@data-kt=\"saveButton\"]"}
RESULT: {"using":"xpath","value":"//button[@data-kt=\"saveButton\"]"}
COMMAND: POST /session/13ff36e378d374199407c6416a2f579d/element/f.3D100000B49E76A23DA3328AC6F96CCC.d.E6468576F70F13E5F58F15E21B0F0E9A.e.5724/click - {}
RESULT: {}
COMMAND: GET /session/13ff36e378d374199407c6416a2f579d/screenshot - {}
RESULT: {}
COMMAND: POST /session/13ff36e378d374199407c6416a2f579d/execute/async - {"script":"<script> [1562 bytes]","args":[{"selector":{"id":"application-managepartners-display-component---detailPtm--addressDetailDetailsName1"},"wdio_ui5_key":"applicationmanagepartners-display-component---detailPtm--addressDetailDetailsName1"}]}
RESULT: {"script":"<script> [1562 bytes]","args":[{"selector":{"id":"application-managepartners-display-component---detailPtm--addressDetailDetailsName1"},"wdio_ui5_key":"applicationmanagepartners-display-component---detailPtm--addressDetailDetailsName1"}]}
RESULT: undefined
COMMAND: POST /session/13ff36e378d374199407c6416a2f579d/execute/async - {"script":"<script> [6424 bytes]","args":[{"element-6066-11e4-a52e-4f735466cecf":"f.3D100000B49E76A23DA3328AC6F96CCC.d.E6468576F70F13E5F58F15E21B0F0E9A.e.5779"},"getValue",[]]}
RESULT: {"script":"<script> [6424 bytes]","args":[{"element-6066-11e4-a52e-4f735466cecf":"f.3D100000B49E76A23DA3328AC6F96CCC.d.E6468576F70F13E5F58F15E21B0F0E9A.e.5779"},"getValue",[]]}
COMMAND: POST /session/13ff36e378d374199407c6416a2f579d/element - {"using":"xpath","value":"//input[@id = \"application-managepartners-display-component---detailPtm--addressDetailDetailsLanguage-inner\"]"}
RESULT: {"using":"xpath","value":"//input[@id = \"application-managepartners-display-component---detailPtm--addressDetailDetailsLanguage-inner\"]"}
COMMAND: GET /session/13ff36e378d374199407c6416a2f579d/element/f.3D100000B49E76A23DA3328AC6F96CCC.d.E6468576F70F13E5F58F15E21B0F0E9A.e.5780/property/value - {}
RESULT: {}
COMMAND: POST /session/13ff36e378d374199407c6416a2f579d/execute/async - {"script":"<script> [1562 bytes]","args":[{"selector":{"id":"application-managepartners-display-component---detailPtm--addressDetailDetailsCity1"},"wdio_ui5_key":"applicationmanagepartners-display-component---detailPtm--addressDetailDetailsCity1"}]}
COMMAND: GET /session/13ff36e378d374199407c6416a2f579d/screenshot - {}
RESULT: {"script":"<script> [1562 bytes]","args":[{"selector":{"id":"application-managepartners-display-component---detailPtm--addressDetailDetailsCity1"},"wdio_ui5_key":"applicationmanagepartners-display-component---detailPtm--addressDetailDetailsCity1"}]}
RESULT: undefined
COMMAND: POST /session/13ff36e378d374199407c6416a2f579d/execute/async - {"script":"<script> [6424 bytes]","args":[{"element-6066-11e4-a52e-4f735466cecf":"f.3D100000B49E76A23DA3328AC6F96CCC.d.E6468576F70F13E5F58F15E21B0F0E9A.e.5781"},"getValue",[]]}
RESULT: {}
RESULT: {"script":"<script> [6424 bytes]","args":[{"element-6066-11e4-a52e-4f735466cecf":"f.3D100000B49E76A23DA3328AC6F96CCC.d.E6468576F70F13E5F58F15E21B0F0E9A.e.5781"},"getValue",[]]}
COMMAND: POST /session/13ff36e378d374199407c6416a2f579d/element - {"using":"css selector","value":"#shell-header-logo"}
RESULT: {"using":"css selector","value":"#shell-header-logo"}
COMMAND: POST /session/13ff36e378d374199407c6416a2f579d/element/f.3D100000B49E76A23DA3328AC6F96CCC.d.E6468576F70F13E5F58F15E21B0F0E9A.e.5336/click - {}
RESULT: {}
COMMAND: GET /session/13ff36e378d374199407c6416a2f579d/screenshot - {}
RESULT: {}
]]></system-out>
    </testcase>
    <testcase classname="chrome.136_0_7103_93.windows.Partner_specific_tests_US150819_US151080_US151654_US151176_US103444_US151078_US151079_US151109_US151174_US151175_US151189" name="Should do filtering and navigation tests US151109" time="170.46">
      <system-out><![CDATA[
COMMAND: POST /session/13ff36e378d374199407c6416a2f579d/element - {"using":"xpath","value":"//li[.//span[text()=\"Manage Partners\"]]"}
RESULT: {"using":"xpath","value":"//li[.//span[text()=\"Manage Partners\"]]"}
COMMAND: POST /session/13ff36e378d374199407c6416a2f579d/element - {"using":"xpath","value":"//li[.//span[text()=\"Manage Partners\"]]"}
RESULT: {"using":"xpath","value":"//li[.//span[text()=\"Manage Partners\"]]"}
COMMAND: POST /session/13ff36e378d374199407c6416a2f579d/element - {"using":"css selector","value":"#shell-header-logo"}
RESULT: {"using":"css selector","value":"#shell-header-logo"}
COMMAND: POST /session/13ff36e378d374199407c6416a2f579d/element/f.3D100000B49E76A23DA3328AC6F96CCC.d.E6468576F70F13E5F58F15E21B0F0E9A.e.5811/click - {}
COMMAND: POST /session/13ff36e378d374199407c6416a2f579d/execute/sync - {"script":"<script> [8489 bytes]","args":[{"element-6066-11e4-a52e-4f735466cecf":"f.3D100000B49E76A23DA3328AC6F96CCC.d.E6468576F70F13E5F58F15E21B0F0E9A.e.5811","ELEMENT":"f.3D100000B49E76A23DA3328AC6F96CCC.d.E6468576F70F13E5F58F15E21B0F0E9A.e.5811"}]}
RESULT: {}
COMMAND: GET /session/13ff36e378d374199407c6416a2f579d/screenshot - {}
RESULT: {"script":"<script> [8489 bytes]","args":[{"element-6066-11e4-a52e-4f735466cecf":"f.3D100000B49E76A23DA3328AC6F96CCC.d.E6468576F70F13E5F58F15E21B0F0E9A.e.5811","ELEMENT":"f.3D100000B49E76A23DA3328AC6F96CCC.d.E6468576F70F13E5F58F15E21B0F0E9A.e.5811"}]}
COMMAND: POST /session/13ff36e378d374199407c6416a2f579d/execute/sync - {"script":"<script> [5351 bytes]","args":[{"element-6066-11e4-a52e-4f735466cecf":"f.3D100000B49E76A23DA3328AC6F96CCC.d.E6468576F70F13E5F58F15E21B0F0E9A.e.5811","ELEMENT":"f.3D100000B49E76A23DA3328AC6F96CCC.d.E6468576F70F13E5F58F15E21B0F0E9A.e.5811"}]}
COMMAND: GET /session/13ff36e378d374199407c6416a2f579d/screenshot - {}
RESULT: {}
RESULT: {"script":"<script> [5351 bytes]","args":[{"element-6066-11e4-a52e-4f735466cecf":"f.3D100000B49E76A23DA3328AC6F96CCC.d.E6468576F70F13E5F58F15E21B0F0E9A.e.5811","ELEMENT":"f.3D100000B49E76A23DA3328AC6F96CCC.d.E6468576F70F13E5F58F15E21B0F0E9A.e.5811"}]}
COMMAND: GET /session/13ff36e378d374199407c6416a2f579d/screenshot - {}
RESULT: {}
RESULT: {}
RESULT: undefined
COMMAND: POST /session/13ff36e378d374199407c6416a2f579d/element - {"using":"xpath","value":"//*[@id=\"__tile30\"]"}
RESULT: {"using":"xpath","value":"//*[@id=\"__tile30\"]"}
COMMAND: POST /session/13ff36e378d374199407c6416a2f579d/element/f.3D100000B49E76A23DA3328AC6F96CCC.d.E6468576F70F13E5F58F15E21B0F0E9A.e.4472/click - {}
RESULT: {}
COMMAND: GET /session/13ff36e378d374199407c6416a2f579d/screenshot - {}
RESULT: {}
COMMAND: POST /session/13ff36e378d374199407c6416a2f579d/elements - {"using":"xpath","value":"//span[text()='Error']"}
RESULT: {"using":"xpath","value":"//span[text()='Error']"}
COMMAND: POST /session/13ff36e378d374199407c6416a2f579d/element - {"using":"xpath","value":"//button[@data-kt=\"addButton\"]"}
RESULT: {"using":"xpath","value":"//button[@data-kt=\"addButton\"]"}
COMMAND: POST /session/13ff36e378d374199407c6416a2f579d/elements - {"using":"xpath","value":"//button[@data-kt=\"addButton\"]"}
RESULT: {"using":"xpath","value":"//button[@data-kt=\"addButton\"]"}
COMMAND: POST /session/13ff36e378d374199407c6416a2f579d/elements - {"using":"xpath","value":"//button[@data-kt=\"addButton\"]"}
RESULT: {"using":"xpath","value":"//button[@data-kt=\"addButton\"]"}
COMMAND: POST /session/13ff36e378d374199407c6416a2f579d/elements - {"using":"xpath","value":"//button[@data-kt=\"addButton\"]"}
RESULT: {"using":"xpath","value":"//button[@data-kt=\"addButton\"]"}
COMMAND: POST /session/13ff36e378d374199407c6416a2f579d/elements - {"using":"xpath","value":"//button[@data-kt=\"addButton\"]"}
RESULT: {"using":"xpath","value":"//button[@data-kt=\"addButton\"]"}
COMMAND: POST /session/13ff36e378d374199407c6416a2f579d/elements - {"using":"xpath","value":"//button[@data-kt=\"addButton\"]"}
RESULT: {"using":"xpath","value":"//button[@data-kt=\"addButton\"]"}
COMMAND: POST /session/13ff36e378d374199407c6416a2f579d/elements - {"using":"xpath","value":"//button[@data-kt=\"addButton\"]"}
RESULT: {"using":"xpath","value":"//button[@data-kt=\"addButton\"]"}
COMMAND: POST /session/13ff36e378d374199407c6416a2f579d/elements - {"using":"xpath","value":"//button[@data-kt=\"addButton\"]"}
RESULT: {"using":"xpath","value":"//button[@data-kt=\"addButton\"]"}
COMMAND: POST /session/13ff36e378d374199407c6416a2f579d/elements - {"using":"xpath","value":"//button[@data-kt=\"addButton\"]"}
RESULT: {"using":"xpath","value":"//button[@data-kt=\"addButton\"]"}
COMMAND: POST /session/13ff36e378d374199407c6416a2f579d/elements - {"using":"xpath","value":"//button[@data-kt=\"addButton\"]"}
RESULT: {"using":"xpath","value":"//button[@data-kt=\"addButton\"]"}
COMMAND: POST /session/13ff36e378d374199407c6416a2f579d/elements - {"using":"xpath","value":"//button[@data-kt=\"addButton\"]"}
RESULT: {"using":"xpath","value":"//button[@data-kt=\"addButton\"]"}
COMMAND: POST /session/13ff36e378d374199407c6416a2f579d/elements - {"using":"xpath","value":"//button[@data-kt=\"addButton\"]"}
RESULT: {"using":"xpath","value":"//button[@data-kt=\"addButton\"]"}
COMMAND: POST /session/13ff36e378d374199407c6416a2f579d/elements - {"using":"xpath","value":"//button[@data-kt=\"addButton\"]"}
RESULT: {"using":"xpath","value":"//button[@data-kt=\"addButton\"]"}
COMMAND: POST /session/13ff36e378d374199407c6416a2f579d/elements - {"using":"xpath","value":"//button[@data-kt=\"addButton\"]"}
RESULT: {"using":"xpath","value":"//button[@data-kt=\"addButton\"]"}
COMMAND: POST /session/13ff36e378d374199407c6416a2f579d/elements - {"using":"xpath","value":"//button[@data-kt=\"addButton\"]"}
RESULT: {"using":"xpath","value":"//button[@data-kt=\"addButton\"]"}
COMMAND: POST /session/13ff36e378d374199407c6416a2f579d/element - {"using":"xpath","value":"//button[@data-kt=\"addButton\"]"}
RESULT: {"using":"xpath","value":"//button[@data-kt=\"addButton\"]"}
COMMAND: POST /session/13ff36e378d374199407c6416a2f579d/execute/sync - {"script":"<script> [8489 bytes]","args":[{"element-6066-11e4-a52e-4f735466cecf":"f.3D100000B49E76A23DA3328AC6F96CCC.d.E6468576F70F13E5F58F15E21B0F0E9A.e.5856","ELEMENT":"f.3D100000B49E76A23DA3328AC6F96CCC.d.E6468576F70F13E5F58F15E21B0F0E9A.e.5856"}]}
RESULT: {"script":"<script> [8489 bytes]","args":[{"element-6066-11e4-a52e-4f735466cecf":"f.3D100000B49E76A23DA3328AC6F96CCC.d.E6468576F70F13E5F58F15E21B0F0E9A.e.5856","ELEMENT":"f.3D100000B49E76A23DA3328AC6F96CCC.d.E6468576F70F13E5F58F15E21B0F0E9A.e.5856"}]}
COMMAND: GET /session/13ff36e378d374199407c6416a2f579d/element/f.3D100000B49E76A23DA3328AC6F96CCC.d.E6468576F70F13E5F58F15E21B0F0E9A.e.5856/enabled - {}
COMMAND: GET /session/13ff36e378d374199407c6416a2f579d/screenshot - {}
RESULT: {}
COMMAND: POST /session/13ff36e378d374199407c6416a2f579d/execute/sync - {"script":"<script> [8489 bytes]","args":[{"element-6066-11e4-a52e-4f735466cecf":"f.3D100000B49E76A23DA3328AC6F96CCC.d.E6468576F70F13E5F58F15E21B0F0E9A.e.5856","ELEMENT":"f.3D100000B49E76A23DA3328AC6F96CCC.d.E6468576F70F13E5F58F15E21B0F0E9A.e.5856"}]}
COMMAND: GET /session/13ff36e378d374199407c6416a2f579d/screenshot - {}
RESULT: {}
RESULT: {"script":"<script> [8489 bytes]","args":[{"element-6066-11e4-a52e-4f735466cecf":"f.3D100000B49E76A23DA3328AC6F96CCC.d.E6468576F70F13E5F58F15E21B0F0E9A.e.5856","ELEMENT":"f.3D100000B49E76A23DA3328AC6F96CCC.d.E6468576F70F13E5F58F15E21B0F0E9A.e.5856"}]}
COMMAND: POST /session/13ff36e378d374199407c6416a2f579d/execute/sync - {"script":"<script> [5351 bytes]","args":[{"element-6066-11e4-a52e-4f735466cecf":"f.3D100000B49E76A23DA3328AC6F96CCC.d.E6468576F70F13E5F58F15E21B0F0E9A.e.5856","ELEMENT":"f.3D100000B49E76A23DA3328AC6F96CCC.d.E6468576F70F13E5F58F15E21B0F0E9A.e.5856"}]}
COMMAND: GET /session/13ff36e378d374199407c6416a2f579d/screenshot - {}
RESULT: {}
RESULT: {"script":"<script> [5351 bytes]","args":[{"element-6066-11e4-a52e-4f735466cecf":"f.3D100000B49E76A23DA3328AC6F96CCC.d.E6468576F70F13E5F58F15E21B0F0E9A.e.5856","ELEMENT":"f.3D100000B49E76A23DA3328AC6F96CCC.d.E6468576F70F13E5F58F15E21B0F0E9A.e.5856"}]}
COMMAND: GET /session/13ff36e378d374199407c6416a2f579d/screenshot - {}
RESULT: {}
RESULT: {}
COMMAND: POST /session/13ff36e378d374199407c6416a2f579d/element - {"using":"xpath","value":"//span[@id=\"application-managepartners-display-component---masterPtm--smartTable-header-inner\"]"}
RESULT: {"using":"xpath","value":"//span[@id=\"application-managepartners-display-component---masterPtm--smartTable-header-inner\"]"}
COMMAND: POST /session/13ff36e378d374199407c6416a2f579d/elements - {"using":"xpath","value":"//span[@id=\"application-managepartners-display-component---masterPtm--smartTable-header-inner\"]"}
RESULT: {"using":"xpath","value":"//span[@id=\"application-managepartners-display-component---masterPtm--smartTable-header-inner\"]"}
COMMAND: POST /session/13ff36e378d374199407c6416a2f579d/execute/sync - {"script":"<script> [56 bytes]","args":[{"element-6066-11e4-a52e-4f735466cecf":"f.3D100000B49E76A23DA3328AC6F96CCC.d.E6468576F70F13E5F58F15E21B0F0E9A.e.5980","ELEMENT":"f.3D100000B49E76A23DA3328AC6F96CCC.d.E6468576F70F13E5F58F15E21B0F0E9A.e.5980"}]}
RESULT: {"script":"<script> [56 bytes]","args":[{"element-6066-11e4-a52e-4f735466cecf":"f.3D100000B49E76A23DA3328AC6F96CCC.d.E6468576F70F13E5F58F15E21B0F0E9A.e.5980","ELEMENT":"f.3D100000B49E76A23DA3328AC6F96CCC.d.E6468576F70F13E5F58F15E21B0F0E9A.e.5980"}]}
RESULT: undefined
COMMAND: POST /session/13ff36e378d374199407c6416a2f579d/execute/async - {"script":"<script> [776 bytes]","args":[{"enterText":"External Partner WDIO","selector":{"id":"application-managepartners-display-component---masterPtm--smartFilterBar-btnBasicSearch","interaction":{"idSuffix":"I"}},"clearTextFirst":true,"interactionType":"ENTER_TEXT"}]}
COMMAND: GET /session/13ff36e378d374199407c6416a2f579d/screenshot - {}
RESULT: {"script":"<script> [776 bytes]","args":[{"enterText":"External Partner WDIO","selector":{"id":"application-managepartners-display-component---masterPtm--smartFilterBar-btnBasicSearch","interaction":{"idSuffix":"I"}},"clearTextFirst":true,"interactionType":"ENTER_TEXT"}]}
RESULT: {}
COMMAND: POST /session/13ff36e378d374199407c6416a2f579d/actions - {"actions":[{"id":"action17","type":"key","parameters":{},"actions":[{"type":"keyDown","value":"î€‡"},{"type":"pause","duration":10},{"type":"keyUp","value":"î€‡"}]}]}
RESULT: {"actions":[{"id":"action17","type":"key","parameters":{},"actions":[{"type":"keyDown","value":"î€‡"},{"type":"pause","duration":10},{"type":"keyUp","value":"î€‡"}]}]}
COMMAND: GET /session/13ff36e378d374199407c6416a2f579d/screenshot - {}
RESULT: {}
COMMAND: POST /session/13ff36e378d374199407c6416a2f579d/element - {"using":"xpath","value":"//span[@id=\"application-managepartners-display-component---masterPtm--smartTable-header-inner\"]"}
RESULT: {"using":"xpath","value":"//span[@id=\"application-managepartners-display-component---masterPtm--smartTable-header-inner\"]"}
COMMAND: POST /session/13ff36e378d374199407c6416a2f579d/elements - {"using":"xpath","value":"//span[@id=\"application-managepartners-display-component---masterPtm--smartTable-header-inner\"]"}
RESULT: {"using":"xpath","value":"//span[@id=\"application-managepartners-display-component---masterPtm--smartTable-header-inner\"]"}
COMMAND: POST /session/13ff36e378d374199407c6416a2f579d/execute/sync - {"script":"<script> [56 bytes]","args":[{"element-6066-11e4-a52e-4f735466cecf":"f.3D100000B49E76A23DA3328AC6F96CCC.d.E6468576F70F13E5F58F15E21B0F0E9A.e.5980","ELEMENT":"f.3D100000B49E76A23DA3328AC6F96CCC.d.E6468576F70F13E5F58F15E21B0F0E9A.e.5980"}]}
RESULT: {"script":"<script> [56 bytes]","args":[{"element-6066-11e4-a52e-4f735466cecf":"f.3D100000B49E76A23DA3328AC6F96CCC.d.E6468576F70F13E5F58F15E21B0F0E9A.e.5980","ELEMENT":"f.3D100000B49E76A23DA3328AC6F96CCC.d.E6468576F70F13E5F58F15E21B0F0E9A.e.5980"}]}
COMMAND: POST /session/13ff36e378d374199407c6416a2f579d/element - {"using":"xpath","value":"//div[contains(@id, \"managepartners-display-component---masterPtm--smartFilterBar-btnBasicSearch-reset\")]"}
RESULT: {"using":"xpath","value":"//div[contains(@id, \"managepartners-display-component---masterPtm--smartFilterBar-btnBasicSearch-reset\")]"}
COMMAND: POST /session/13ff36e378d374199407c6416a2f579d/element/f.3D100000B49E76A23DA3328AC6F96CCC.d.E6468576F70F13E5F58F15E21B0F0E9A.e.6141/click - {}
RESULT: {}
COMMAND: GET /session/13ff36e378d374199407c6416a2f579d/screenshot - {}
COMMAND: GET /session/13ff36e378d374199407c6416a2f579d/screenshot - {}
RESULT: {}
RESULT: {}
COMMAND: POST /session/13ff36e378d374199407c6416a2f579d/execute/async - {"script":"<script> [1562 bytes]","args":[{"selector":{"id":"application-managepartners-display-component---masterPtm--smartFilterBar-filterItemControl_BASIC-MAIN_ADDRESS-vhi"},"wdio_ui5_key":"applicationmanagepartners-display-component---masterPtm--smartFilterBar-filterItemControl_BASIC-MAIN_ADDRESS-vhi"}]}
RESULT: {"script":"<script> [1562 bytes]","args":[{"selector":{"id":"application-managepartners-display-component---masterPtm--smartFilterBar-filterItemControl_BASIC-MAIN_ADDRESS-vhi"},"wdio_ui5_key":"applicationmanagepartners-display-component---masterPtm--smartFilterBar-filterItemControl_BASIC-MAIN_ADDRESS-vhi"}]}
RESULT: undefined
COMMAND: POST /session/13ff36e378d374199407c6416a2f579d/element - {"using":"xpath","value":"//*[@id=\"application-managepartners-display-component---masterPtm--smartFilterBar-filterItemControl_BASIC-MAIN_ADDRESS-vhi\"]"}
RESULT: {"using":"xpath","value":"//*[@id=\"application-managepartners-display-component---masterPtm--smartFilterBar-filterItemControl_BASIC-MAIN_ADDRESS-vhi\"]"}
COMMAND: POST /session/13ff36e378d374199407c6416a2f579d/element/f.3D100000B49E76A23DA3328AC6F96CCC.d.E6468576F70F13E5F58F15E21B0F0E9A.e.6222/click - {}
RESULT: {}
COMMAND: GET /session/13ff36e378d374199407c6416a2f579d/screenshot - {}
RESULT: {}
COMMAND: POST /session/13ff36e378d374199407c6416a2f579d/execute/async - {"script":"<script> [1562 bytes]","args":[{"selector":{"id":"application-managepartners-display-component---masterPtm--smartFilterBar-filterItemControl_BASIC-MAIN_ADDRESS-valueHelpDialog-smartFilterBar-btnBasicSearch","searchOpenDialogs":true,"interaction":{"idSuffix":"I"}},"wdio_ui5_key":"applicationmanagepartners-display-component---masterPtm--smartFilterBar-filterItemControl_BASIC-MAIN_ADDRESS-valueHelpDialog-smartFilterBar-btnBasicSearch"}]}
RESULT: {"script":"<script> [1562 bytes]","args":[{"selector":{"id":"application-managepartners-display-component---masterPtm--smartFilterBar-filterItemControl_BASIC-MAIN_ADDRESS-valueHelpDialog-smartFilterBar-btnBasicSearch","searchOpenDialogs":true,"interaction":{"idSuffix":"I"}},"wdio_ui5_key":"applicationmanagepartners-display-component---masterPtm--smartFilterBar-filterItemControl_BASIC-MAIN_ADDRESS-valueHelpDialog-smartFilterBar-btnBasicSearch"}]}
RESULT: undefined
COMMAND: POST /session/13ff36e378d374199407c6416a2f579d/execute/async - {"script":"<script> [776 bytes]","args":[{"enterText":"Romania","selector":{"id":"application-managepartners-display-component---masterPtm--smartFilterBar-filterItemControl_BASIC-MAIN_ADDRESS-valueHelpDialog-smartFilterBar-btnBasicSearch","searchOpenDialogs":true,"interaction":{"idSuffix":"I"}},"clearTextFirst":true,"interactionType":"ENTER_TEXT"}]}
RESULT: {"script":"<script> [776 bytes]","args":[{"enterText":"Romania","selector":{"id":"application-managepartners-display-component---masterPtm--smartFilterBar-filterItemControl_BASIC-MAIN_ADDRESS-valueHelpDialog-smartFilterBar-btnBasicSearch","searchOpenDialogs":true,"interaction":{"idSuffix":"I"}},"clearTextFirst":true,"interactionType":"ENTER_TEXT"}]}
COMMAND: POST /session/13ff36e378d374199407c6416a2f579d/actions - {"actions":[{"id":"action18","type":"key","parameters":{},"actions":[{"type":"keyDown","value":"î€‡"},{"type":"pause","duration":10},{"type":"keyUp","value":"î€‡"}]}]}
RESULT: {"actions":[{"id":"action18","type":"key","parameters":{},"actions":[{"type":"keyDown","value":"î€‡"},{"type":"pause","duration":10},{"type":"keyUp","value":"î€‡"}]}]}
COMMAND: POST /session/13ff36e378d374199407c6416a2f579d/elements - {"using":"xpath","value":"//table[contains(@id, \"smartFilterBar-filterItemControl_BASIC-MAIN_ADDRESS-valueHelpDialog-table-table\")]/tbody/tr"}
COMMAND: GET /session/13ff36e378d374199407c6416a2f579d/screenshot - {}
RESULT: {"using":"xpath","value":"//table[contains(@id, \"smartFilterBar-filterItemControl_BASIC-MAIN_ADDRESS-valueHelpDialog-table-table\")]/tbody/tr"}
COMMAND: POST /session/13ff36e378d374199407c6416a2f579d/element - {"using":"xpath","value":"//table[contains(@id, \"smartFilterBar-filterItemControl_BASIC-MAIN_ADDRESS-valueHelpDialog-table-table\")]/tbody/tr[1]/td[1]/div/span"}
RESULT: {}
RESULT: {"using":"xpath","value":"//table[contains(@id, \"smartFilterBar-filterItemControl_BASIC-MAIN_ADDRESS-valueHelpDialog-table-table\")]/tbody/tr[1]/td[1]/div/span"}
COMMAND: POST /session/13ff36e378d374199407c6416a2f579d/elements - {"using":"xpath","value":"//table[contains(@id, \"smartFilterBar-filterItemControl_BASIC-MAIN_ADDRESS-valueHelpDialog-table-table\")]/tbody/tr[1]/td[1]/div/span"}
RESULT: {"using":"xpath","value":"//table[contains(@id, \"smartFilterBar-filterItemControl_BASIC-MAIN_ADDRESS-valueHelpDialog-table-table\")]/tbody/tr[1]/td[1]/div/span"}
COMMAND: POST /session/13ff36e378d374199407c6416a2f579d/execute/sync - {"script":"<script> [56 bytes]","args":[{"element-6066-11e4-a52e-4f735466cecf":"f.3D100000B49E76A23DA3328AC6F96CCC.d.E6468576F70F13E5F58F15E21B0F0E9A.e.6242","ELEMENT":"f.3D100000B49E76A23DA3328AC6F96CCC.d.E6468576F70F13E5F58F15E21B0F0E9A.e.6242"}]}
RESULT: {"script":"<script> [56 bytes]","args":[{"element-6066-11e4-a52e-4f735466cecf":"f.3D100000B49E76A23DA3328AC6F96CCC.d.E6468576F70F13E5F58F15E21B0F0E9A.e.6242","ELEMENT":"f.3D100000B49E76A23DA3328AC6F96CCC.d.E6468576F70F13E5F58F15E21B0F0E9A.e.6242"}]}
COMMAND: POST /session/13ff36e378d374199407c6416a2f579d/element - {"using":"xpath","value":"//div[contains(@id, \"filterItemControl_BASIC-MAIN_ADDRESS-valueHelpDialog-table-rowsel0\")]"}
COMMAND: GET /session/13ff36e378d374199407c6416a2f579d/screenshot - {}
RESULT: {"using":"xpath","value":"//div[contains(@id, \"filterItemControl_BASIC-MAIN_ADDRESS-valueHelpDialog-table-rowsel0\")]"}
COMMAND: POST /session/13ff36e378d374199407c6416a2f579d/element/f.3D100000B49E76A23DA3328AC6F96CCC.d.E6468576F70F13E5F58F15E21B0F0E9A.e.6243/click - {}
RESULT: {}
RESULT: {}
COMMAND: GET /session/13ff36e378d374199407c6416a2f579d/screenshot - {}
RESULT: {}
COMMAND: POST /session/13ff36e378d374199407c6416a2f579d/element - {"using":"xpath","value":"(//bdi[contains(text(), \"OK\")])[1]"}
RESULT: {"using":"xpath","value":"(//bdi[contains(text(), \"OK\")])[1]"}
COMMAND: POST /session/13ff36e378d374199407c6416a2f579d/element/f.3D100000B49E76A23DA3328AC6F96CCC.d.E6468576F70F13E5F58F15E21B0F0E9A.e.6245/click - {}
RESULT: {}
COMMAND: GET /session/13ff36e378d374199407c6416a2f579d/screenshot - {}
RESULT: {}
COMMAND: POST /session/13ff36e378d374199407c6416a2f579d/element - {"using":"xpath","value":"//span[@id=\"application-managepartners-display-component---masterPtm--smartTable-header-inner\"]"}
RESULT: {"using":"xpath","value":"//span[@id=\"application-managepartners-display-component---masterPtm--smartTable-header-inner\"]"}
COMMAND: POST /session/13ff36e378d374199407c6416a2f579d/elements - {"using":"xpath","value":"//span[@id=\"application-managepartners-display-component---masterPtm--smartTable-header-inner\"]"}
RESULT: {"using":"xpath","value":"//span[@id=\"application-managepartners-display-component---masterPtm--smartTable-header-inner\"]"}
COMMAND: POST /session/13ff36e378d374199407c6416a2f579d/execute/sync - {"script":"<script> [56 bytes]","args":[{"element-6066-11e4-a52e-4f735466cecf":"f.3D100000B49E76A23DA3328AC6F96CCC.d.E6468576F70F13E5F58F15E21B0F0E9A.e.5980","ELEMENT":"f.3D100000B49E76A23DA3328AC6F96CCC.d.E6468576F70F13E5F58F15E21B0F0E9A.e.5980"}]}
RESULT: {"script":"<script> [56 bytes]","args":[{"element-6066-11e4-a52e-4f735466cecf":"f.3D100000B49E76A23DA3328AC6F96CCC.d.E6468576F70F13E5F58F15E21B0F0E9A.e.5980","ELEMENT":"f.3D100000B49E76A23DA3328AC6F96CCC.d.E6468576F70F13E5F58F15E21B0F0E9A.e.5980"}]}
COMMAND: POST /session/13ff36e378d374199407c6416a2f579d/element - {"using":"xpath","value":"//span[contains(@title, \"Remove\")]"}
COMMAND: GET /session/13ff36e378d374199407c6416a2f579d/screenshot - {}
RESULT: {"using":"xpath","value":"//span[contains(@title, \"Remove\")]"}
COMMAND: POST /session/13ff36e378d374199407c6416a2f579d/element/f.3D100000B49E76A23DA3328AC6F96CCC.d.E6468576F70F13E5F58F15E21B0F0E9A.e.6258/click - {}
RESULT: {}
RESULT: {}
COMMAND: GET /session/13ff36e378d374199407c6416a2f579d/screenshot - {}
RESULT: {}
COMMAND: POST /session/13ff36e378d374199407c6416a2f579d/element - {"using":"xpath","value":"//span[@id=\"application-managepartners-display-component---masterPtm--smartTable-header-inner\"]"}
RESULT: {"using":"xpath","value":"//span[@id=\"application-managepartners-display-component---masterPtm--smartTable-header-inner\"]"}
COMMAND: POST /session/13ff36e378d374199407c6416a2f579d/elements - {"using":"xpath","value":"//span[@id=\"application-managepartners-display-component---masterPtm--smartTable-header-inner\"]"}
RESULT: {"using":"xpath","value":"//span[@id=\"application-managepartners-display-component---masterPtm--smartTable-header-inner\"]"}
COMMAND: POST /session/13ff36e378d374199407c6416a2f579d/execute/sync - {"script":"<script> [56 bytes]","args":[{"element-6066-11e4-a52e-4f735466cecf":"f.3D100000B49E76A23DA3328AC6F96CCC.d.E6468576F70F13E5F58F15E21B0F0E9A.e.5980","ELEMENT":"f.3D100000B49E76A23DA3328AC6F96CCC.d.E6468576F70F13E5F58F15E21B0F0E9A.e.5980"}]}
RESULT: {"script":"<script> [56 bytes]","args":[{"element-6066-11e4-a52e-4f735466cecf":"f.3D100000B49E76A23DA3328AC6F96CCC.d.E6468576F70F13E5F58F15E21B0F0E9A.e.5980","ELEMENT":"f.3D100000B49E76A23DA3328AC6F96CCC.d.E6468576F70F13E5F58F15E21B0F0E9A.e.5980"}]}
COMMAND: POST /session/13ff36e378d374199407c6416a2f579d/execute/async - {"script":"<script> [1562 bytes]","args":[{"selector":{"id":"application-managepartners-display-component---masterPtm--smartFilterBar-filterItemControl_BASIC-YARD-vhi"},"wdio_ui5_key":"applicationmanagepartners-display-component---masterPtm--smartFilterBar-filterItemControl_BASIC-YARD-vhi"}]}
COMMAND: GET /session/13ff36e378d374199407c6416a2f579d/screenshot - {}
RESULT: {"script":"<script> [1562 bytes]","args":[{"selector":{"id":"application-managepartners-display-component---masterPtm--smartFilterBar-filterItemControl_BASIC-YARD-vhi"},"wdio_ui5_key":"applicationmanagepartners-display-component---masterPtm--smartFilterBar-filterItemControl_BASIC-YARD-vhi"}]}
RESULT: undefined
COMMAND: POST /session/13ff36e378d374199407c6416a2f579d/element - {"using":"xpath","value":"//*[@id=\"application-managepartners-display-component---masterPtm--smartFilterBar-filterItemControl_BASIC-YARD-vhi\"]"}
RESULT: {}
RESULT: {"using":"xpath","value":"//*[@id=\"application-managepartners-display-component---masterPtm--smartFilterBar-filterItemControl_BASIC-YARD-vhi\"]"}
COMMAND: POST /session/13ff36e378d374199407c6416a2f579d/element/f.3D100000B49E76A23DA3328AC6F96CCC.d.E6468576F70F13E5F58F15E21B0F0E9A.e.6361/click - {}
RESULT: {}
COMMAND: GET /session/13ff36e378d374199407c6416a2f579d/screenshot - {}
RESULT: {}
COMMAND: POST /session/13ff36e378d374199407c6416a2f579d/execute/async - {"script":"<script> [1562 bytes]","args":[{"selector":{"id":"application-managepartners-display-component---masterPtm--smartFilterBar-filterItemControl_BASIC-YARD-valueHelpDialog-smartFilterBar-btnBasicSearch","searchOpenDialogs":true,"interaction":{"idSuffix":"I"}},"wdio_ui5_key":"applicationmanagepartners-display-component---masterPtm--smartFilterBar-filterItemControl_BASIC-YARD-valueHelpDialog-smartFilterBar-btnBasicSearch"}]}
RESULT: {"script":"<script> [1562 bytes]","args":[{"selector":{"id":"application-managepartners-display-component---masterPtm--smartFilterBar-filterItemControl_BASIC-YARD-valueHelpDialog-smartFilterBar-btnBasicSearch","searchOpenDialogs":true,"interaction":{"idSuffix":"I"}},"wdio_ui5_key":"applicationmanagepartners-display-component---masterPtm--smartFilterBar-filterItemControl_BASIC-YARD-valueHelpDialog-smartFilterBar-btnBasicSearch"}]}
RESULT: undefined
COMMAND: POST /session/13ff36e378d374199407c6416a2f579d/execute/async - {"script":"<script> [776 bytes]","args":[{"enterText":"Test","selector":{"id":"application-managepartners-display-component---masterPtm--smartFilterBar-filterItemControl_BASIC-YARD-valueHelpDialog-smartFilterBar-btnBasicSearch","searchOpenDialogs":true,"interaction":{"idSuffix":"I"}},"clearTextFirst":true,"interactionType":"ENTER_TEXT"}]}
RESULT: {"script":"<script> [776 bytes]","args":[{"enterText":"Test","selector":{"id":"application-managepartners-display-component---masterPtm--smartFilterBar-filterItemControl_BASIC-YARD-valueHelpDialog-smartFilterBar-btnBasicSearch","searchOpenDialogs":true,"interaction":{"idSuffix":"I"}},"clearTextFirst":true,"interactionType":"ENTER_TEXT"}]}
COMMAND: POST /session/13ff36e378d374199407c6416a2f579d/actions - {"actions":[{"id":"action19","type":"key","parameters":{},"actions":[{"type":"keyDown","value":"î€‡"},{"type":"pause","duration":10},{"type":"keyUp","value":"î€‡"}]}]}
RESULT: {"actions":[{"id":"action19","type":"key","parameters":{},"actions":[{"type":"keyDown","value":"î€‡"},{"type":"pause","duration":10},{"type":"keyUp","value":"î€‡"}]}]}
COMMAND: POST /session/13ff36e378d374199407c6416a2f579d/elements - {"using":"xpath","value":"//table[contains(@id, \"smartFilterBar-filterItemControl_BASIC-YARD-valueHelpDialog-table-table\")]/tbody/tr"}
COMMAND: GET /session/13ff36e378d374199407c6416a2f579d/screenshot - {}
RESULT: {"using":"xpath","value":"//table[contains(@id, \"smartFilterBar-filterItemControl_BASIC-YARD-valueHelpDialog-table-table\")]/tbody/tr"}
COMMAND: POST /session/13ff36e378d374199407c6416a2f579d/element - {"using":"xpath","value":"//table[contains(@id, \"smartFilterBar-filterItemControl_BASIC-YARD-valueHelpDialog-table-table\")]/tbody/tr[1]/td[1]/div/span"}
RESULT: {}
RESULT: {"using":"xpath","value":"//table[contains(@id, \"smartFilterBar-filterItemControl_BASIC-YARD-valueHelpDialog-table-table\")]/tbody/tr[1]/td[1]/div/span"}
COMMAND: POST /session/13ff36e378d374199407c6416a2f579d/elements - {"using":"xpath","value":"//table[contains(@id, \"smartFilterBar-filterItemControl_BASIC-YARD-valueHelpDialog-table-table\")]/tbody/tr[1]/td[1]/div/span"}
RESULT: {"using":"xpath","value":"//table[contains(@id, \"smartFilterBar-filterItemControl_BASIC-YARD-valueHelpDialog-table-table\")]/tbody/tr[1]/td[1]/div/span"}
COMMAND: POST /session/13ff36e378d374199407c6416a2f579d/execute/sync - {"script":"<script> [56 bytes]","args":[{"element-6066-11e4-a52e-4f735466cecf":"f.3D100000B49E76A23DA3328AC6F96CCC.d.E6468576F70F13E5F58F15E21B0F0E9A.e.6382","ELEMENT":"f.3D100000B49E76A23DA3328AC6F96CCC.d.E6468576F70F13E5F58F15E21B0F0E9A.e.6382"}]}
RESULT: {"script":"<script> [56 bytes]","args":[{"element-6066-11e4-a52e-4f735466cecf":"f.3D100000B49E76A23DA3328AC6F96CCC.d.E6468576F70F13E5F58F15E21B0F0E9A.e.6382","ELEMENT":"f.3D100000B49E76A23DA3328AC6F96CCC.d.E6468576F70F13E5F58F15E21B0F0E9A.e.6382"}]}
COMMAND: POST /session/13ff36e378d374199407c6416a2f579d/element - {"using":"xpath","value":"//table[contains(@id, \"smartFilterBar-filterItemControl_BASIC-YARD-valueHelpDialog-table-table\")]/tbody/tr[2]/td[1]/div/span"}
COMMAND: GET /session/13ff36e378d374199407c6416a2f579d/screenshot - {}
RESULT: {"using":"xpath","value":"//table[contains(@id, \"smartFilterBar-filterItemControl_BASIC-YARD-valueHelpDialog-table-table\")]/tbody/tr[2]/td[1]/div/span"}
COMMAND: POST /session/13ff36e378d374199407c6416a2f579d/elements - {"using":"xpath","value":"//table[contains(@id, \"smartFilterBar-filterItemControl_BASIC-YARD-valueHelpDialog-table-table\")]/tbody/tr[2]/td[1]/div/span"}
RESULT: {}
RESULT: {"using":"xpath","value":"//table[contains(@id, \"smartFilterBar-filterItemControl_BASIC-YARD-valueHelpDialog-table-table\")]/tbody/tr[2]/td[1]/div/span"}
COMMAND: POST /session/13ff36e378d374199407c6416a2f579d/execute/sync - {"script":"<script> [56 bytes]","args":[{"element-6066-11e4-a52e-4f735466cecf":"f.3D100000B49E76A23DA3328AC6F96CCC.d.E6468576F70F13E5F58F15E21B0F0E9A.e.6383","ELEMENT":"f.3D100000B49E76A23DA3328AC6F96CCC.d.E6468576F70F13E5F58F15E21B0F0E9A.e.6383"}]}
RESULT: {"script":"<script> [56 bytes]","args":[{"element-6066-11e4-a52e-4f735466cecf":"f.3D100000B49E76A23DA3328AC6F96CCC.d.E6468576F70F13E5F58F15E21B0F0E9A.e.6383","ELEMENT":"f.3D100000B49E76A23DA3328AC6F96CCC.d.E6468576F70F13E5F58F15E21B0F0E9A.e.6383"}]}
COMMAND: POST /session/13ff36e378d374199407c6416a2f579d/element - {"using":"xpath","value":"//table[contains(@id, \"smartFilterBar-filterItemControl_BASIC-YARD-valueHelpDialog-table-table\")]/tbody/tr[3]/td[1]/div/span"}
COMMAND: GET /session/13ff36e378d374199407c6416a2f579d/screenshot - {}
RESULT: {"using":"xpath","value":"//table[contains(@id, \"smartFilterBar-filterItemControl_BASIC-YARD-valueHelpDialog-table-table\")]/tbody/tr[3]/td[1]/div/span"}
COMMAND: POST /session/13ff36e378d374199407c6416a2f579d/elements - {"using":"xpath","value":"//table[contains(@id, \"smartFilterBar-filterItemControl_BASIC-YARD-valueHelpDialog-table-table\")]/tbody/tr[3]/td[1]/div/span"}
RESULT: {}
RESULT: {"using":"xpath","value":"//table[contains(@id, \"smartFilterBar-filterItemControl_BASIC-YARD-valueHelpDialog-table-table\")]/tbody/tr[3]/td[1]/div/span"}
COMMAND: POST /session/13ff36e378d374199407c6416a2f579d/execute/sync - {"script":"<script> [56 bytes]","args":[{"element-6066-11e4-a52e-4f735466cecf":"f.3D100000B49E76A23DA3328AC6F96CCC.d.E6468576F70F13E5F58F15E21B0F0E9A.e.6384","ELEMENT":"f.3D100000B49E76A23DA3328AC6F96CCC.d.E6468576F70F13E5F58F15E21B0F0E9A.e.6384"}]}
RESULT: {"script":"<script> [56 bytes]","args":[{"element-6066-11e4-a52e-4f735466cecf":"f.3D100000B49E76A23DA3328AC6F96CCC.d.E6468576F70F13E5F58F15E21B0F0E9A.e.6384","ELEMENT":"f.3D100000B49E76A23DA3328AC6F96CCC.d.E6468576F70F13E5F58F15E21B0F0E9A.e.6384"}]}
COMMAND: POST /session/13ff36e378d374199407c6416a2f579d/element - {"using":"xpath","value":"//div[contains(@id, \"filterItemControl_BASIC-YARD-valueHelpDialog-table-rowsel2\")]"}
COMMAND: GET /session/13ff36e378d374199407c6416a2f579d/screenshot - {}
RESULT: {"using":"xpath","value":"//div[contains(@id, \"filterItemControl_BASIC-YARD-valueHelpDialog-table-rowsel2\")]"}
COMMAND: POST /session/13ff36e378d374199407c6416a2f579d/element/f.3D100000B49E76A23DA3328AC6F96CCC.d.E6468576F70F13E5F58F15E21B0F0E9A.e.6385/click - {}
RESULT: {}
RESULT: {}
COMMAND: GET /session/13ff36e378d374199407c6416a2f579d/screenshot - {}
RESULT: {}
COMMAND: POST /session/13ff36e378d374199407c6416a2f579d/element - {"using":"xpath","value":"(//bdi[contains(text(), \"OK\")])[1]"}
RESULT: {"using":"xpath","value":"(//bdi[contains(text(), \"OK\")])[1]"}
COMMAND: POST /session/13ff36e378d374199407c6416a2f579d/element/f.3D100000B49E76A23DA3328AC6F96CCC.d.E6468576F70F13E5F58F15E21B0F0E9A.e.6387/click - {}
RESULT: {}
COMMAND: GET /session/13ff36e378d374199407c6416a2f579d/screenshot - {}
RESULT: {}
COMMAND: POST /session/13ff36e378d374199407c6416a2f579d/element - {"using":"xpath","value":"//span[@id=\"application-managepartners-display-component---masterPtm--smartTable-header-inner\"]"}
RESULT: {"using":"xpath","value":"//span[@id=\"application-managepartners-display-component---masterPtm--smartTable-header-inner\"]"}
COMMAND: POST /session/13ff36e378d374199407c6416a2f579d/elements - {"using":"xpath","value":"//span[@id=\"application-managepartners-display-component---masterPtm--smartTable-header-inner\"]"}
RESULT: {"using":"xpath","value":"//span[@id=\"application-managepartners-display-component---masterPtm--smartTable-header-inner\"]"}
COMMAND: POST /session/13ff36e378d374199407c6416a2f579d/execute/sync - {"script":"<script> [56 bytes]","args":[{"element-6066-11e4-a52e-4f735466cecf":"f.3D100000B49E76A23DA3328AC6F96CCC.d.E6468576F70F13E5F58F15E21B0F0E9A.e.5980","ELEMENT":"f.3D100000B49E76A23DA3328AC6F96CCC.d.E6468576F70F13E5F58F15E21B0F0E9A.e.5980"}]}
RESULT: {"script":"<script> [56 bytes]","args":[{"element-6066-11e4-a52e-4f735466cecf":"f.3D100000B49E76A23DA3328AC6F96CCC.d.E6468576F70F13E5F58F15E21B0F0E9A.e.5980","ELEMENT":"f.3D100000B49E76A23DA3328AC6F96CCC.d.E6468576F70F13E5F58F15E21B0F0E9A.e.5980"}]}
COMMAND: POST /session/13ff36e378d374199407c6416a2f579d/element - {"using":"xpath","value":"//span[contains(@title, \"Remove\")]"}
COMMAND: GET /session/13ff36e378d374199407c6416a2f579d/screenshot - {}
RESULT: {"using":"xpath","value":"//span[contains(@title, \"Remove\")]"}
COMMAND: POST /session/13ff36e378d374199407c6416a2f579d/element/f.3D100000B49E76A23DA3328AC6F96CCC.d.E6468576F70F13E5F58F15E21B0F0E9A.e.6400/click - {}
RESULT: {}
RESULT: {}
COMMAND: GET /session/13ff36e378d374199407c6416a2f579d/screenshot - {}
RESULT: {}
COMMAND: POST /session/13ff36e378d374199407c6416a2f579d/element - {"using":"xpath","value":"//span[@id=\"application-managepartners-display-component---masterPtm--smartTable-header-inner\"]"}
RESULT: {"using":"xpath","value":"//span[@id=\"application-managepartners-display-component---masterPtm--smartTable-header-inner\"]"}
COMMAND: POST /session/13ff36e378d374199407c6416a2f579d/elements - {"using":"xpath","value":"//span[@id=\"application-managepartners-display-component---masterPtm--smartTable-header-inner\"]"}
RESULT: {"using":"xpath","value":"//span[@id=\"application-managepartners-display-component---masterPtm--smartTable-header-inner\"]"}
COMMAND: POST /session/13ff36e378d374199407c6416a2f579d/execute/sync - {"script":"<script> [56 bytes]","args":[{"element-6066-11e4-a52e-4f735466cecf":"f.3D100000B49E76A23DA3328AC6F96CCC.d.E6468576F70F13E5F58F15E21B0F0E9A.e.5980","ELEMENT":"f.3D100000B49E76A23DA3328AC6F96CCC.d.E6468576F70F13E5F58F15E21B0F0E9A.e.5980"}]}
RESULT: {"script":"<script> [56 bytes]","args":[{"element-6066-11e4-a52e-4f735466cecf":"f.3D100000B49E76A23DA3328AC6F96CCC.d.E6468576F70F13E5F58F15E21B0F0E9A.e.5980","ELEMENT":"f.3D100000B49E76A23DA3328AC6F96CCC.d.E6468576F70F13E5F58F15E21B0F0E9A.e.5980"}]}
COMMAND: POST /session/13ff36e378d374199407c6416a2f579d/execute/async - {"script":"<script> [1562 bytes]","args":[{"selector":{"id":"application-managepartners-display-component---masterPtm--smartFilterBar-filterItemControl_BASIC-ALL_TAGS-vhi"},"wdio_ui5_key":"applicationmanagepartners-display-component---masterPtm--smartFilterBar-filterItemControl_BASIC-ALL_TAGS-vhi"}]}
COMMAND: GET /session/13ff36e378d374199407c6416a2f579d/screenshot - {}
RESULT: {"script":"<script> [1562 bytes]","args":[{"selector":{"id":"application-managepartners-display-component---masterPtm--smartFilterBar-filterItemControl_BASIC-ALL_TAGS-vhi"},"wdio_ui5_key":"applicationmanagepartners-display-component---masterPtm--smartFilterBar-filterItemControl_BASIC-ALL_TAGS-vhi"}]}
RESULT: undefined
COMMAND: POST /session/13ff36e378d374199407c6416a2f579d/element - {"using":"xpath","value":"//*[@id=\"application-managepartners-display-component---masterPtm--smartFilterBar-filterItemControl_BASIC-ALL_TAGS-vhi\"]"}
RESULT: {}
RESULT: {"using":"xpath","value":"//*[@id=\"application-managepartners-display-component---masterPtm--smartFilterBar-filterItemControl_BASIC-ALL_TAGS-vhi\"]"}
COMMAND: POST /session/13ff36e378d374199407c6416a2f579d/element/f.3D100000B49E76A23DA3328AC6F96CCC.d.E6468576F70F13E5F58F15E21B0F0E9A.e.6502/click - {}
RESULT: {}
COMMAND: GET /session/13ff36e378d374199407c6416a2f579d/screenshot - {}
RESULT: {}
COMMAND: POST /session/13ff36e378d374199407c6416a2f579d/execute/async - {"script":"<script> [1562 bytes]","args":[{"selector":{"id":"application-managepartners-display-component---masterPtm--smartFilterBar-filterItemControl_BASIC-ALL_TAGS-valueHelpDialog-smartFilterBar-btnBasicSearch","searchOpenDialogs":true,"interaction":{"idSuffix":"I"}},"wdio_ui5_key":"applicationmanagepartners-display-component---masterPtm--smartFilterBar-filterItemControl_BASIC-ALL_TAGS-valueHelpDialog-smartFilterBar-btnBasicSearch"}]}
RESULT: {"script":"<script> [1562 bytes]","args":[{"selector":{"id":"application-managepartners-display-component---masterPtm--smartFilterBar-filterItemControl_BASIC-ALL_TAGS-valueHelpDialog-smartFilterBar-btnBasicSearch","searchOpenDialogs":true,"interaction":{"idSuffix":"I"}},"wdio_ui5_key":"applicationmanagepartners-display-component---masterPtm--smartFilterBar-filterItemControl_BASIC-ALL_TAGS-valueHelpDialog-smartFilterBar-btnBasicSearch"}]}
RESULT: undefined
COMMAND: POST /session/13ff36e378d374199407c6416a2f579d/execute/async - {"script":"<script> [776 bytes]","args":[{"enterText":"test-tag-1","selector":{"id":"application-managepartners-display-component---masterPtm--smartFilterBar-filterItemControl_BASIC-ALL_TAGS-valueHelpDialog-smartFilterBar-btnBasicSearch","searchOpenDialogs":true,"interaction":{"idSuffix":"I"}},"clearTextFirst":true,"interactionType":"ENTER_TEXT"}]}
RESULT: {"script":"<script> [776 bytes]","args":[{"enterText":"test-tag-1","selector":{"id":"application-managepartners-display-component---masterPtm--smartFilterBar-filterItemControl_BASIC-ALL_TAGS-valueHelpDialog-smartFilterBar-btnBasicSearch","searchOpenDialogs":true,"interaction":{"idSuffix":"I"}},"clearTextFirst":true,"interactionType":"ENTER_TEXT"}]}
COMMAND: POST /session/13ff36e378d374199407c6416a2f579d/actions - {"actions":[{"id":"action20","type":"key","parameters":{},"actions":[{"type":"keyDown","value":"î€‡"},{"type":"pause","duration":10},{"type":"keyUp","value":"î€‡"}]}]}
RESULT: {"actions":[{"id":"action20","type":"key","parameters":{},"actions":[{"type":"keyDown","value":"î€‡"},{"type":"pause","duration":10},{"type":"keyUp","value":"î€‡"}]}]}
COMMAND: POST /session/13ff36e378d374199407c6416a2f579d/elements - {"using":"xpath","value":"//table[contains(@id, \"smartFilterBar-filterItemControl_BASIC-ALL_TAGS-valueHelpDialog-table-table\")]/tbody/tr"}
COMMAND: GET /session/13ff36e378d374199407c6416a2f579d/screenshot - {}
RESULT: {"using":"xpath","value":"//table[contains(@id, \"smartFilterBar-filterItemControl_BASIC-ALL_TAGS-valueHelpDialog-table-table\")]/tbody/tr"}
COMMAND: POST /session/13ff36e378d374199407c6416a2f579d/element - {"using":"xpath","value":"//table[contains(@id, \"smartFilterBar-filterItemControl_BASIC-ALL_TAGS-valueHelpDialog-table-table\")]/tbody/tr[1]/td[1]/div/span"}
RESULT: {}
RESULT: {"using":"xpath","value":"//table[contains(@id, \"smartFilterBar-filterItemControl_BASIC-ALL_TAGS-valueHelpDialog-table-table\")]/tbody/tr[1]/td[1]/div/span"}
COMMAND: POST /session/13ff36e378d374199407c6416a2f579d/elements - {"using":"xpath","value":"//table[contains(@id, \"smartFilterBar-filterItemControl_BASIC-ALL_TAGS-valueHelpDialog-table-table\")]/tbody/tr[1]/td[1]/div/span"}
RESULT: {"using":"xpath","value":"//table[contains(@id, \"smartFilterBar-filterItemControl_BASIC-ALL_TAGS-valueHelpDialog-table-table\")]/tbody/tr[1]/td[1]/div/span"}
COMMAND: POST /session/13ff36e378d374199407c6416a2f579d/execute/sync - {"script":"<script> [56 bytes]","args":[{"element-6066-11e4-a52e-4f735466cecf":"f.3D100000B49E76A23DA3328AC6F96CCC.d.E6468576F70F13E5F58F15E21B0F0E9A.e.6524","ELEMENT":"f.3D100000B49E76A23DA3328AC6F96CCC.d.E6468576F70F13E5F58F15E21B0F0E9A.e.6524"}]}
RESULT: {"script":"<script> [56 bytes]","args":[{"element-6066-11e4-a52e-4f735466cecf":"f.3D100000B49E76A23DA3328AC6F96CCC.d.E6468576F70F13E5F58F15E21B0F0E9A.e.6524","ELEMENT":"f.3D100000B49E76A23DA3328AC6F96CCC.d.E6468576F70F13E5F58F15E21B0F0E9A.e.6524"}]}
COMMAND: POST /session/13ff36e378d374199407c6416a2f579d/element - {"using":"xpath","value":"//div[contains(@id, \"filterItemControl_BASIC-ALL_TAGS-valueHelpDialog-table-rowsel0\")]"}
COMMAND: GET /session/13ff36e378d374199407c6416a2f579d/screenshot - {}
RESULT: {"using":"xpath","value":"//div[contains(@id, \"filterItemControl_BASIC-ALL_TAGS-valueHelpDialog-table-rowsel0\")]"}
COMMAND: POST /session/13ff36e378d374199407c6416a2f579d/element/f.3D100000B49E76A23DA3328AC6F96CCC.d.E6468576F70F13E5F58F15E21B0F0E9A.e.6525/click - {}
RESULT: {}
RESULT: {}
COMMAND: GET /session/13ff36e378d374199407c6416a2f579d/screenshot - {}
RESULT: {}
COMMAND: POST /session/13ff36e378d374199407c6416a2f579d/element - {"using":"xpath","value":"(//bdi[contains(text(), \"OK\")])[1]"}
RESULT: {"using":"xpath","value":"(//bdi[contains(text(), \"OK\")])[1]"}
COMMAND: POST /session/13ff36e378d374199407c6416a2f579d/element/f.3D100000B49E76A23DA3328AC6F96CCC.d.E6468576F70F13E5F58F15E21B0F0E9A.e.6527/click - {}
RESULT: {}
COMMAND: GET /session/13ff36e378d374199407c6416a2f579d/screenshot - {}
RESULT: {}
COMMAND: POST /session/13ff36e378d374199407c6416a2f579d/element - {"using":"xpath","value":"//span[@id=\"application-managepartners-display-component---masterPtm--smartTable-header-inner\"]"}
RESULT: {"using":"xpath","value":"//span[@id=\"application-managepartners-display-component---masterPtm--smartTable-header-inner\"]"}
COMMAND: POST /session/13ff36e378d374199407c6416a2f579d/elements - {"using":"xpath","value":"//span[@id=\"application-managepartners-display-component---masterPtm--smartTable-header-inner\"]"}
RESULT: {"using":"xpath","value":"//span[@id=\"application-managepartners-display-component---masterPtm--smartTable-header-inner\"]"}
COMMAND: POST /session/13ff36e378d374199407c6416a2f579d/execute/sync - {"script":"<script> [56 bytes]","args":[{"element-6066-11e4-a52e-4f735466cecf":"f.3D100000B49E76A23DA3328AC6F96CCC.d.E6468576F70F13E5F58F15E21B0F0E9A.e.5980","ELEMENT":"f.3D100000B49E76A23DA3328AC6F96CCC.d.E6468576F70F13E5F58F15E21B0F0E9A.e.5980"}]}
RESULT: {"script":"<script> [56 bytes]","args":[{"element-6066-11e4-a52e-4f735466cecf":"f.3D100000B49E76A23DA3328AC6F96CCC.d.E6468576F70F13E5F58F15E21B0F0E9A.e.5980","ELEMENT":"f.3D100000B49E76A23DA3328AC6F96CCC.d.E6468576F70F13E5F58F15E21B0F0E9A.e.5980"}]}
COMMAND: POST /session/13ff36e378d374199407c6416a2f579d/element - {"using":"xpath","value":"//span[contains(@title, \"Remove\")]"}
COMMAND: GET /session/13ff36e378d374199407c6416a2f579d/screenshot - {}
RESULT: {"using":"xpath","value":"//span[contains(@title, \"Remove\")]"}
COMMAND: POST /session/13ff36e378d374199407c6416a2f579d/element/f.3D100000B49E76A23DA3328AC6F96CCC.d.E6468576F70F13E5F58F15E21B0F0E9A.e.6549/click - {}
RESULT: {}
RESULT: {}
COMMAND: GET /session/13ff36e378d374199407c6416a2f579d/screenshot - {}
RESULT: {}
COMMAND: POST /session/13ff36e378d374199407c6416a2f579d/execute/async - {"script":"<script> [1562 bytes]","args":[{"selector":{"id":"application-managepartners-display-component---masterPtm--partnerTypes-arrow"},"wdio_ui5_key":"applicationmanagepartners-display-component---masterPtm--partnerTypes-arrow"}]}
RESULT: {"script":"<script> [1562 bytes]","args":[{"selector":{"id":"application-managepartners-display-component---masterPtm--partnerTypes-arrow"},"wdio_ui5_key":"applicationmanagepartners-display-component---masterPtm--partnerTypes-arrow"}]}
RESULT: undefined
COMMAND: POST /session/13ff36e378d374199407c6416a2f579d/element - {"using":"xpath","value":"//*[@id=\"application-managepartners-display-component---masterPtm--partnerTypes-arrow\"]"}
RESULT: {"using":"xpath","value":"//*[@id=\"application-managepartners-display-component---masterPtm--partnerTypes-arrow\"]"}
COMMAND: POST /session/13ff36e378d374199407c6416a2f579d/element/f.3D100000B49E76A23DA3328AC6F96CCC.d.E6468576F70F13E5F58F15E21B0F0E9A.e.6653/click - {}
RESULT: {}
COMMAND: GET /session/13ff36e378d374199407c6416a2f579d/screenshot - {}
RESULT: {}
COMMAND: POST /session/13ff36e378d374199407c6416a2f579d/element - {"using":"xpath","value":"//li[.//span[text()=\"External partner\"]]//div[contains(@class,\"sapMCbBg\")]"}
RESULT: {"using":"xpath","value":"//li[.//span[text()=\"External partner\"]]//div[contains(@class,\"sapMCbBg\")]"}
COMMAND: POST /session/13ff36e378d374199407c6416a2f579d/element/f.3D100000B49E76A23DA3328AC6F96CCC.d.E6468576F70F13E5F58F15E21B0F0E9A.e.6658/click - {}
RESULT: {}
COMMAND: GET /session/13ff36e378d374199407c6416a2f579d/screenshot - {}
RESULT: {}
COMMAND: POST /session/13ff36e378d374199407c6416a2f579d/element - {"using":"xpath","value":"//div[contains(@id,\"application-managepartners-display-component---masterPtm--smartFilterBar-btnBasicSearch-search\")]"}
RESULT: {"using":"xpath","value":"//div[contains(@id,\"application-managepartners-display-component---masterPtm--smartFilterBar-btnBasicSearch-search\")]"}
COMMAND: POST /session/13ff36e378d374199407c6416a2f579d/element/f.3D100000B49E76A23DA3328AC6F96CCC.d.E6468576F70F13E5F58F15E21B0F0E9A.e.6734/click - {}
RESULT: {}
COMMAND: GET /session/13ff36e378d374199407c6416a2f579d/screenshot - {}
RESULT: {}
COMMAND: POST /session/13ff36e378d374199407c6416a2f579d/element - {"using":"xpath","value":"//span[@id=\"application-managepartners-display-component---masterPtm--smartTable-header-inner\"]"}
RESULT: {"using":"xpath","value":"//span[@id=\"application-managepartners-display-component---masterPtm--smartTable-header-inner\"]"}
COMMAND: POST /session/13ff36e378d374199407c6416a2f579d/elements - {"using":"xpath","value":"//span[@id=\"application-managepartners-display-component---masterPtm--smartTable-header-inner\"]"}
RESULT: {"using":"xpath","value":"//span[@id=\"application-managepartners-display-component---masterPtm--smartTable-header-inner\"]"}
COMMAND: POST /session/13ff36e378d374199407c6416a2f579d/execute/sync - {"script":"<script> [56 bytes]","args":[{"element-6066-11e4-a52e-4f735466cecf":"f.3D100000B49E76A23DA3328AC6F96CCC.d.E6468576F70F13E5F58F15E21B0F0E9A.e.5980","ELEMENT":"f.3D100000B49E76A23DA3328AC6F96CCC.d.E6468576F70F13E5F58F15E21B0F0E9A.e.5980"}]}
RESULT: {"script":"<script> [56 bytes]","args":[{"element-6066-11e4-a52e-4f735466cecf":"f.3D100000B49E76A23DA3328AC6F96CCC.d.E6468576F70F13E5F58F15E21B0F0E9A.e.5980","ELEMENT":"f.3D100000B49E76A23DA3328AC6F96CCC.d.E6468576F70F13E5F58F15E21B0F0E9A.e.5980"}]}
COMMAND: POST /session/13ff36e378d374199407c6416a2f579d/element - {"using":"xpath","value":"//span[contains(@title, \"Remove\")]"}
COMMAND: GET /session/13ff36e378d374199407c6416a2f579d/screenshot - {}
RESULT: {"using":"xpath","value":"//span[contains(@title, \"Remove\")]"}
COMMAND: POST /session/13ff36e378d374199407c6416a2f579d/element/f.3D100000B49E76A23DA3328AC6F96CCC.d.E6468576F70F13E5F58F15E21B0F0E9A.e.6739/click - {}
RESULT: {}
RESULT: {}
COMMAND: GET /session/13ff36e378d374199407c6416a2f579d/screenshot - {}
RESULT: {}
COMMAND: POST /session/13ff36e378d374199407c6416a2f579d/execute/async - {"script":"<script> [1562 bytes]","args":[{"selector":{"id":"application-managepartners-display-component---masterPtm--smartFilterBar-btnFilters","interaction":{"idSuffix":"BDI-content"}},"wdio_ui5_key":"applicationmanagepartners-display-component---masterPtm--smartFilterBar-btnFilters"}]}
RESULT: {"script":"<script> [1562 bytes]","args":[{"selector":{"id":"application-managepartners-display-component---masterPtm--smartFilterBar-btnFilters","interaction":{"idSuffix":"BDI-content"}},"wdio_ui5_key":"applicationmanagepartners-display-component---masterPtm--smartFilterBar-btnFilters"}]}
RESULT: undefined
COMMAND: POST /session/13ff36e378d374199407c6416a2f579d/element - {"using":"xpath","value":"//*[@id=\"application-managepartners-display-component---masterPtm--smartFilterBar-btnFilters\"]"}
RESULT: {"using":"xpath","value":"//*[@id=\"application-managepartners-display-component---masterPtm--smartFilterBar-btnFilters\"]"}
COMMAND: POST /session/13ff36e378d374199407c6416a2f579d/element/f.3D100000B49E76A23DA3328AC6F96CCC.d.E6468576F70F13E5F58F15E21B0F0E9A.e.5821/click - {}
RESULT: {}
COMMAND: GET /session/13ff36e378d374199407c6416a2f579d/screenshot - {}
RESULT: {}
COMMAND: POST /session/13ff36e378d374199407c6416a2f579d/elements - {"using":"xpath","value":"//table[contains(@id, \"listView-innerSelectionPanelTable-listUl\")]/tbody/tr"}
RESULT: {"using":"xpath","value":"//table[contains(@id, \"listView-innerSelectionPanelTable-listUl\")]/tbody/tr"}
COMMAND: POST /session/13ff36e378d374199407c6416a2f579d/element - {"using":"xpath","value":"//table[contains(@id, \"listView-innerSelectionPanelTable-listUl\")]/tbody/tr[2]/td[2]/div/div"}
RESULT: {"using":"xpath","value":"//table[contains(@id, \"listView-innerSelectionPanelTable-listUl\")]/tbody/tr[2]/td[2]/div/div"}
COMMAND: POST /session/13ff36e378d374199407c6416a2f579d/element - {"using":"xpath","value":"//table[contains(@id, \"listView-innerSelectionPanelTable-listUl\")]/tbody/tr[2]/td[2]/div"}
RESULT: {"using":"xpath","value":"//table[contains(@id, \"listView-innerSelectionPanelTable-listUl\")]/tbody/tr[2]/td[2]/div"}
COMMAND: POST /session/13ff36e378d374199407c6416a2f579d/element - {"using":"xpath","value":"//table[contains(@id, \"listView-innerSelectionPanelTable-listUl\")]/tbody/tr[2]/td[3]/div/div/span/span[1]/bdi"}
RESULT: {"using":"xpath","value":"//table[contains(@id, \"listView-innerSelectionPanelTable-listUl\")]/tbody/tr[2]/td[3]/div/div/span/span[1]/bdi"}
COMMAND: POST /session/13ff36e378d374199407c6416a2f579d/execute/sync - {"script":"<script> [56 bytes]","args":[{"element-6066-11e4-a52e-4f735466cecf":"f.3D100000B49E76A23DA3328AC6F96CCC.d.E6468576F70F13E5F58F15E21B0F0E9A.e.6845","ELEMENT":"f.3D100000B49E76A23DA3328AC6F96CCC.d.E6468576F70F13E5F58F15E21B0F0E9A.e.6845"}]}
RESULT: {"script":"<script> [56 bytes]","args":[{"element-6066-11e4-a52e-4f735466cecf":"f.3D100000B49E76A23DA3328AC6F96CCC.d.E6468576F70F13E5F58F15E21B0F0E9A.e.6845","ELEMENT":"f.3D100000B49E76A23DA3328AC6F96CCC.d.E6468576F70F13E5F58F15E21B0F0E9A.e.6845"}]}
COMMAND: GET /session/13ff36e378d374199407c6416a2f579d/element/f.3D100000B49E76A23DA3328AC6F96CCC.d.E6468576F70F13E5F58F15E21B0F0E9A.e.6844/attribute/aria-checked - {}
COMMAND: GET /session/13ff36e378d374199407c6416a2f579d/screenshot - {}
RESULT: {}
COMMAND: POST /session/13ff36e378d374199407c6416a2f579d/element - {"using":"xpath","value":"//table[contains(@id, \"listView-innerSelectionPanelTable-listUl\")]/tbody/tr[3]/td[2]/div/div"}
RESULT: {}
RESULT: {"using":"xpath","value":"//table[contains(@id, \"listView-innerSelectionPanelTable-listUl\")]/tbody/tr[3]/td[2]/div/div"}
COMMAND: POST /session/13ff36e378d374199407c6416a2f579d/element - {"using":"xpath","value":"//table[contains(@id, \"listView-innerSelectionPanelTable-listUl\")]/tbody/tr[3]/td[2]/div"}
RESULT: {"using":"xpath","value":"//table[contains(@id, \"listView-innerSelectionPanelTable-listUl\")]/tbody/tr[3]/td[2]/div"}
COMMAND: POST /session/13ff36e378d374199407c6416a2f579d/element - {"using":"xpath","value":"//table[contains(@id, \"listView-innerSelectionPanelTable-listUl\")]/tbody/tr[3]/td[3]/div/div/span/span[1]/bdi"}
RESULT: {"using":"xpath","value":"//table[contains(@id, \"listView-innerSelectionPanelTable-listUl\")]/tbody/tr[3]/td[3]/div/div/span/span[1]/bdi"}
COMMAND: POST /session/13ff36e378d374199407c6416a2f579d/execute/sync - {"script":"<script> [56 bytes]","args":[{"element-6066-11e4-a52e-4f735466cecf":"f.3D100000B49E76A23DA3328AC6F96CCC.d.E6468576F70F13E5F58F15E21B0F0E9A.e.6848","ELEMENT":"f.3D100000B49E76A23DA3328AC6F96CCC.d.E6468576F70F13E5F58F15E21B0F0E9A.e.6848"}]}
RESULT: {"script":"<script> [56 bytes]","args":[{"element-6066-11e4-a52e-4f735466cecf":"f.3D100000B49E76A23DA3328AC6F96CCC.d.E6468576F70F13E5F58F15E21B0F0E9A.e.6848","ELEMENT":"f.3D100000B49E76A23DA3328AC6F96CCC.d.E6468576F70F13E5F58F15E21B0F0E9A.e.6848"}]}
COMMAND: GET /session/13ff36e378d374199407c6416a2f579d/element/f.3D100000B49E76A23DA3328AC6F96CCC.d.E6468576F70F13E5F58F15E21B0F0E9A.e.6847/attribute/aria-checked - {}
COMMAND: GET /session/13ff36e378d374199407c6416a2f579d/screenshot - {}
RESULT: {}
COMMAND: POST /session/13ff36e378d374199407c6416a2f579d/element - {"using":"xpath","value":"//table[contains(@id, \"listView-innerSelectionPanelTable-listUl\")]/tbody/tr[4]/td[2]/div/div"}
RESULT: {}
RESULT: {"using":"xpath","value":"//table[contains(@id, \"listView-innerSelectionPanelTable-listUl\")]/tbody/tr[4]/td[2]/div/div"}
COMMAND: POST /session/13ff36e378d374199407c6416a2f579d/element - {"using":"xpath","value":"//table[contains(@id, \"listView-innerSelectionPanelTable-listUl\")]/tbody/tr[4]/td[2]/div"}
RESULT: {"using":"xpath","value":"//table[contains(@id, \"listView-innerSelectionPanelTable-listUl\")]/tbody/tr[4]/td[2]/div"}
COMMAND: POST /session/13ff36e378d374199407c6416a2f579d/element - {"using":"xpath","value":"//table[contains(@id, \"listView-innerSelectionPanelTable-listUl\")]/tbody/tr[4]/td[3]/div/div/span/span[1]/bdi"}
RESULT: {"using":"xpath","value":"//table[contains(@id, \"listView-innerSelectionPanelTable-listUl\")]/tbody/tr[4]/td[3]/div/div/span/span[1]/bdi"}
COMMAND: POST /session/13ff36e378d374199407c6416a2f579d/execute/sync - {"script":"<script> [56 bytes]","args":[{"element-6066-11e4-a52e-4f735466cecf":"f.3D100000B49E76A23DA3328AC6F96CCC.d.E6468576F70F13E5F58F15E21B0F0E9A.e.6851","ELEMENT":"f.3D100000B49E76A23DA3328AC6F96CCC.d.E6468576F70F13E5F58F15E21B0F0E9A.e.6851"}]}
RESULT: {"script":"<script> [56 bytes]","args":[{"element-6066-11e4-a52e-4f735466cecf":"f.3D100000B49E76A23DA3328AC6F96CCC.d.E6468576F70F13E5F58F15E21B0F0E9A.e.6851","ELEMENT":"f.3D100000B49E76A23DA3328AC6F96CCC.d.E6468576F70F13E5F58F15E21B0F0E9A.e.6851"}]}
COMMAND: GET /session/13ff36e378d374199407c6416a2f579d/element/f.3D100000B49E76A23DA3328AC6F96CCC.d.E6468576F70F13E5F58F15E21B0F0E9A.e.6850/attribute/aria-checked - {}
COMMAND: GET /session/13ff36e378d374199407c6416a2f579d/screenshot - {}
RESULT: {}
COMMAND: POST /session/13ff36e378d374199407c6416a2f579d/element - {"using":"xpath","value":"//table[contains(@id, \"listView-innerSelectionPanelTable-listUl\")]/tbody/tr[5]/td[2]/div/div"}
RESULT: {}
RESULT: {"using":"xpath","value":"//table[contains(@id, \"listView-innerSelectionPanelTable-listUl\")]/tbody/tr[5]/td[2]/div/div"}
COMMAND: POST /session/13ff36e378d374199407c6416a2f579d/element - {"using":"xpath","value":"//table[contains(@id, \"listView-innerSelectionPanelTable-listUl\")]/tbody/tr[5]/td[2]/div"}
RESULT: {"using":"xpath","value":"//table[contains(@id, \"listView-innerSelectionPanelTable-listUl\")]/tbody/tr[5]/td[2]/div"}
COMMAND: POST /session/13ff36e378d374199407c6416a2f579d/element - {"using":"xpath","value":"//table[contains(@id, \"listView-innerSelectionPanelTable-listUl\")]/tbody/tr[5]/td[3]/div/div/span/span[1]/bdi"}
RESULT: {"using":"xpath","value":"//table[contains(@id, \"listView-innerSelectionPanelTable-listUl\")]/tbody/tr[5]/td[3]/div/div/span/span[1]/bdi"}
COMMAND: POST /session/13ff36e378d374199407c6416a2f579d/execute/sync - {"script":"<script> [56 bytes]","args":[{"element-6066-11e4-a52e-4f735466cecf":"f.3D100000B49E76A23DA3328AC6F96CCC.d.E6468576F70F13E5F58F15E21B0F0E9A.e.6854","ELEMENT":"f.3D100000B49E76A23DA3328AC6F96CCC.d.E6468576F70F13E5F58F15E21B0F0E9A.e.6854"}]}
RESULT: {"script":"<script> [56 bytes]","args":[{"element-6066-11e4-a52e-4f735466cecf":"f.3D100000B49E76A23DA3328AC6F96CCC.d.E6468576F70F13E5F58F15E21B0F0E9A.e.6854","ELEMENT":"f.3D100000B49E76A23DA3328AC6F96CCC.d.E6468576F70F13E5F58F15E21B0F0E9A.e.6854"}]}
COMMAND: GET /session/13ff36e378d374199407c6416a2f579d/element/f.3D100000B49E76A23DA3328AC6F96CCC.d.E6468576F70F13E5F58F15E21B0F0E9A.e.6853/attribute/aria-checked - {}
COMMAND: GET /session/13ff36e378d374199407c6416a2f579d/screenshot - {}
RESULT: {}
COMMAND: POST /session/13ff36e378d374199407c6416a2f579d/element - {"using":"xpath","value":"//table[contains(@id, \"listView-innerSelectionPanelTable-listUl\")]/tbody/tr[6]/td[2]/div/div"}
RESULT: {}
RESULT: {"using":"xpath","value":"//table[contains(@id, \"listView-innerSelectionPanelTable-listUl\")]/tbody/tr[6]/td[2]/div/div"}
COMMAND: POST /session/13ff36e378d374199407c6416a2f579d/element - {"using":"xpath","value":"//table[contains(@id, \"listView-innerSelectionPanelTable-listUl\")]/tbody/tr[6]/td[2]/div"}
RESULT: {"using":"xpath","value":"//table[contains(@id, \"listView-innerSelectionPanelTable-listUl\")]/tbody/tr[6]/td[2]/div"}
COMMAND: POST /session/13ff36e378d374199407c6416a2f579d/element - {"using":"xpath","value":"//table[contains(@id, \"listView-innerSelectionPanelTable-listUl\")]/tbody/tr[6]/td[3]/div/div/span/span[1]/bdi"}
RESULT: {"using":"xpath","value":"//table[contains(@id, \"listView-innerSelectionPanelTable-listUl\")]/tbody/tr[6]/td[3]/div/div/span/span[1]/bdi"}
COMMAND: POST /session/13ff36e378d374199407c6416a2f579d/execute/sync - {"script":"<script> [56 bytes]","args":[{"element-6066-11e4-a52e-4f735466cecf":"f.3D100000B49E76A23DA3328AC6F96CCC.d.E6468576F70F13E5F58F15E21B0F0E9A.e.6857","ELEMENT":"f.3D100000B49E76A23DA3328AC6F96CCC.d.E6468576F70F13E5F58F15E21B0F0E9A.e.6857"}]}
RESULT: {"script":"<script> [56 bytes]","args":[{"element-6066-11e4-a52e-4f735466cecf":"f.3D100000B49E76A23DA3328AC6F96CCC.d.E6468576F70F13E5F58F15E21B0F0E9A.e.6857","ELEMENT":"f.3D100000B49E76A23DA3328AC6F96CCC.d.E6468576F70F13E5F58F15E21B0F0E9A.e.6857"}]}
COMMAND: GET /session/13ff36e378d374199407c6416a2f579d/element/f.3D100000B49E76A23DA3328AC6F96CCC.d.E6468576F70F13E5F58F15E21B0F0E9A.e.6856/attribute/aria-checked - {}
COMMAND: GET /session/13ff36e378d374199407c6416a2f579d/screenshot - {}
RESULT: {}
COMMAND: POST /session/13ff36e378d374199407c6416a2f579d/element - {"using":"xpath","value":"//table[contains(@id, \"listView-innerSelectionPanelTable-listUl\")]/tbody/tr[7]/td[2]/div/div"}
RESULT: {}
RESULT: {"using":"xpath","value":"//table[contains(@id, \"listView-innerSelectionPanelTable-listUl\")]/tbody/tr[7]/td[2]/div/div"}
COMMAND: POST /session/13ff36e378d374199407c6416a2f579d/element - {"using":"xpath","value":"//table[contains(@id, \"listView-innerSelectionPanelTable-listUl\")]/tbody/tr[7]/td[2]/div"}
RESULT: {"using":"xpath","value":"//table[contains(@id, \"listView-innerSelectionPanelTable-listUl\")]/tbody/tr[7]/td[2]/div"}
COMMAND: POST /session/13ff36e378d374199407c6416a2f579d/element - {"using":"xpath","value":"//table[contains(@id, \"listView-innerSelectionPanelTable-listUl\")]/tbody/tr[7]/td[3]/div/div/span/span[1]/bdi"}
RESULT: {"using":"xpath","value":"//table[contains(@id, \"listView-innerSelectionPanelTable-listUl\")]/tbody/tr[7]/td[3]/div/div/span/span[1]/bdi"}
COMMAND: POST /session/13ff36e378d374199407c6416a2f579d/execute/sync - {"script":"<script> [56 bytes]","args":[{"element-6066-11e4-a52e-4f735466cecf":"f.3D100000B49E76A23DA3328AC6F96CCC.d.E6468576F70F13E5F58F15E21B0F0E9A.e.6860","ELEMENT":"f.3D100000B49E76A23DA3328AC6F96CCC.d.E6468576F70F13E5F58F15E21B0F0E9A.e.6860"}]}
RESULT: {"script":"<script> [56 bytes]","args":[{"element-6066-11e4-a52e-4f735466cecf":"f.3D100000B49E76A23DA3328AC6F96CCC.d.E6468576F70F13E5F58F15E21B0F0E9A.e.6860","ELEMENT":"f.3D100000B49E76A23DA3328AC6F96CCC.d.E6468576F70F13E5F58F15E21B0F0E9A.e.6860"}]}
COMMAND: GET /session/13ff36e378d374199407c6416a2f579d/element/f.3D100000B49E76A23DA3328AC6F96CCC.d.E6468576F70F13E5F58F15E21B0F0E9A.e.6859/attribute/aria-checked - {}
COMMAND: GET /session/13ff36e378d374199407c6416a2f579d/screenshot - {}
RESULT: {}
COMMAND: POST /session/13ff36e378d374199407c6416a2f579d/element - {"using":"xpath","value":"//table[contains(@id, \"listView-innerSelectionPanelTable-listUl\")]/tbody/tr[8]/td[2]/div/div"}
RESULT: {}
RESULT: {"using":"xpath","value":"//table[contains(@id, \"listView-innerSelectionPanelTable-listUl\")]/tbody/tr[8]/td[2]/div/div"}
COMMAND: POST /session/13ff36e378d374199407c6416a2f579d/element - {"using":"xpath","value":"//table[contains(@id, \"listView-innerSelectionPanelTable-listUl\")]/tbody/tr[8]/td[2]/div"}
RESULT: {"using":"xpath","value":"//table[contains(@id, \"listView-innerSelectionPanelTable-listUl\")]/tbody/tr[8]/td[2]/div"}
COMMAND: POST /session/13ff36e378d374199407c6416a2f579d/element - {"using":"xpath","value":"//table[contains(@id, \"listView-innerSelectionPanelTable-listUl\")]/tbody/tr[8]/td[3]/div/div/span/span[1]/bdi"}
RESULT: {"using":"xpath","value":"//table[contains(@id, \"listView-innerSelectionPanelTable-listUl\")]/tbody/tr[8]/td[3]/div/div/span/span[1]/bdi"}
COMMAND: POST /session/13ff36e378d374199407c6416a2f579d/execute/sync - {"script":"<script> [56 bytes]","args":[{"element-6066-11e4-a52e-4f735466cecf":"f.3D100000B49E76A23DA3328AC6F96CCC.d.E6468576F70F13E5F58F15E21B0F0E9A.e.6863","ELEMENT":"f.3D100000B49E76A23DA3328AC6F96CCC.d.E6468576F70F13E5F58F15E21B0F0E9A.e.6863"}]}
RESULT: {"script":"<script> [56 bytes]","args":[{"element-6066-11e4-a52e-4f735466cecf":"f.3D100000B49E76A23DA3328AC6F96CCC.d.E6468576F70F13E5F58F15E21B0F0E9A.e.6863","ELEMENT":"f.3D100000B49E76A23DA3328AC6F96CCC.d.E6468576F70F13E5F58F15E21B0F0E9A.e.6863"}]}
COMMAND: GET /session/13ff36e378d374199407c6416a2f579d/element/f.3D100000B49E76A23DA3328AC6F96CCC.d.E6468576F70F13E5F58F15E21B0F0E9A.e.6862/attribute/aria-checked - {}
COMMAND: GET /session/13ff36e378d374199407c6416a2f579d/screenshot - {}
RESULT: {}
COMMAND: POST /session/13ff36e378d374199407c6416a2f579d/element - {"using":"xpath","value":"//table[contains(@id, \"listView-innerSelectionPanelTable-listUl\")]/tbody/tr[9]/td[2]/div/div"}
RESULT: {}
RESULT: {"using":"xpath","value":"//table[contains(@id, \"listView-innerSelectionPanelTable-listUl\")]/tbody/tr[9]/td[2]/div/div"}
COMMAND: POST /session/13ff36e378d374199407c6416a2f579d/element - {"using":"xpath","value":"//table[contains(@id, \"listView-innerSelectionPanelTable-listUl\")]/tbody/tr[9]/td[2]/div"}
RESULT: {"using":"xpath","value":"//table[contains(@id, \"listView-innerSelectionPanelTable-listUl\")]/tbody/tr[9]/td[2]/div"}
COMMAND: POST /session/13ff36e378d374199407c6416a2f579d/element - {"using":"xpath","value":"//table[contains(@id, \"listView-innerSelectionPanelTable-listUl\")]/tbody/tr[9]/td[3]/div/div/span/span[1]/bdi"}
RESULT: {"using":"xpath","value":"//table[contains(@id, \"listView-innerSelectionPanelTable-listUl\")]/tbody/tr[9]/td[3]/div/div/span/span[1]/bdi"}
COMMAND: POST /session/13ff36e378d374199407c6416a2f579d/execute/sync - {"script":"<script> [56 bytes]","args":[{"element-6066-11e4-a52e-4f735466cecf":"f.3D100000B49E76A23DA3328AC6F96CCC.d.E6468576F70F13E5F58F15E21B0F0E9A.e.6866","ELEMENT":"f.3D100000B49E76A23DA3328AC6F96CCC.d.E6468576F70F13E5F58F15E21B0F0E9A.e.6866"}]}
RESULT: {"script":"<script> [56 bytes]","args":[{"element-6066-11e4-a52e-4f735466cecf":"f.3D100000B49E76A23DA3328AC6F96CCC.d.E6468576F70F13E5F58F15E21B0F0E9A.e.6866","ELEMENT":"f.3D100000B49E76A23DA3328AC6F96CCC.d.E6468576F70F13E5F58F15E21B0F0E9A.e.6866"}]}
COMMAND: GET /session/13ff36e378d374199407c6416a2f579d/element/f.3D100000B49E76A23DA3328AC6F96CCC.d.E6468576F70F13E5F58F15E21B0F0E9A.e.6865/attribute/aria-checked - {}
COMMAND: GET /session/13ff36e378d374199407c6416a2f579d/screenshot - {}
RESULT: {}
COMMAND: POST /session/13ff36e378d374199407c6416a2f579d/element - {"using":"xpath","value":"//table[contains(@id, \"listView-innerSelectionPanelTable-listUl\")]/tbody/tr[10]/td[2]/div/div"}
RESULT: {}
RESULT: {"using":"xpath","value":"//table[contains(@id, \"listView-innerSelectionPanelTable-listUl\")]/tbody/tr[10]/td[2]/div/div"}
COMMAND: POST /session/13ff36e378d374199407c6416a2f579d/element - {"using":"xpath","value":"//table[contains(@id, \"listView-innerSelectionPanelTable-listUl\")]/tbody/tr[10]/td[2]/div"}
RESULT: {"using":"xpath","value":"//table[contains(@id, \"listView-innerSelectionPanelTable-listUl\")]/tbody/tr[10]/td[2]/div"}
COMMAND: POST /session/13ff36e378d374199407c6416a2f579d/element - {"using":"xpath","value":"//table[contains(@id, \"listView-innerSelectionPanelTable-listUl\")]/tbody/tr[10]/td[3]/div/div/span/span[1]/bdi"}
RESULT: {"using":"xpath","value":"//table[contains(@id, \"listView-innerSelectionPanelTable-listUl\")]/tbody/tr[10]/td[3]/div/div/span/span[1]/bdi"}
COMMAND: POST /session/13ff36e378d374199407c6416a2f579d/execute/sync - {"script":"<script> [56 bytes]","args":[{"element-6066-11e4-a52e-4f735466cecf":"f.3D100000B49E76A23DA3328AC6F96CCC.d.E6468576F70F13E5F58F15E21B0F0E9A.e.6869","ELEMENT":"f.3D100000B49E76A23DA3328AC6F96CCC.d.E6468576F70F13E5F58F15E21B0F0E9A.e.6869"}]}
RESULT: {"script":"<script> [56 bytes]","args":[{"element-6066-11e4-a52e-4f735466cecf":"f.3D100000B49E76A23DA3328AC6F96CCC.d.E6468576F70F13E5F58F15E21B0F0E9A.e.6869","ELEMENT":"f.3D100000B49E76A23DA3328AC6F96CCC.d.E6468576F70F13E5F58F15E21B0F0E9A.e.6869"}]}
COMMAND: GET /session/13ff36e378d374199407c6416a2f579d/element/f.3D100000B49E76A23DA3328AC6F96CCC.d.E6468576F70F13E5F58F15E21B0F0E9A.e.6868/attribute/aria-checked - {}
COMMAND: GET /session/13ff36e378d374199407c6416a2f579d/screenshot - {}
RESULT: {}
COMMAND: POST /session/13ff36e378d374199407c6416a2f579d/element - {"using":"xpath","value":"//table[contains(@id, \"listView-innerSelectionPanelTable-listUl\")]/tbody/tr[11]/td[2]/div/div"}
RESULT: {}
RESULT: {"using":"xpath","value":"//table[contains(@id, \"listView-innerSelectionPanelTable-listUl\")]/tbody/tr[11]/td[2]/div/div"}
COMMAND: POST /session/13ff36e378d374199407c6416a2f579d/element - {"using":"xpath","value":"//table[contains(@id, \"listView-innerSelectionPanelTable-listUl\")]/tbody/tr[11]/td[2]/div"}
RESULT: {"using":"xpath","value":"//table[contains(@id, \"listView-innerSelectionPanelTable-listUl\")]/tbody/tr[11]/td[2]/div"}
COMMAND: POST /session/13ff36e378d374199407c6416a2f579d/element - {"using":"xpath","value":"//table[contains(@id, \"listView-innerSelectionPanelTable-listUl\")]/tbody/tr[11]/td[3]/div/div/span/span[1]/bdi"}
RESULT: {"using":"xpath","value":"//table[contains(@id, \"listView-innerSelectionPanelTable-listUl\")]/tbody/tr[11]/td[3]/div/div/span/span[1]/bdi"}
COMMAND: POST /session/13ff36e378d374199407c6416a2f579d/execute/sync - {"script":"<script> [56 bytes]","args":[{"element-6066-11e4-a52e-4f735466cecf":"f.3D100000B49E76A23DA3328AC6F96CCC.d.E6468576F70F13E5F58F15E21B0F0E9A.e.6872","ELEMENT":"f.3D100000B49E76A23DA3328AC6F96CCC.d.E6468576F70F13E5F58F15E21B0F0E9A.e.6872"}]}
RESULT: {"script":"<script> [56 bytes]","args":[{"element-6066-11e4-a52e-4f735466cecf":"f.3D100000B49E76A23DA3328AC6F96CCC.d.E6468576F70F13E5F58F15E21B0F0E9A.e.6872","ELEMENT":"f.3D100000B49E76A23DA3328AC6F96CCC.d.E6468576F70F13E5F58F15E21B0F0E9A.e.6872"}]}
COMMAND: GET /session/13ff36e378d374199407c6416a2f579d/element/f.3D100000B49E76A23DA3328AC6F96CCC.d.E6468576F70F13E5F58F15E21B0F0E9A.e.6871/attribute/aria-checked - {}
COMMAND: GET /session/13ff36e378d374199407c6416a2f579d/screenshot - {}
RESULT: {}
COMMAND: POST /session/13ff36e378d374199407c6416a2f579d/element - {"using":"xpath","value":"//table[contains(@id, \"listView-innerSelectionPanelTable-listUl\")]/tbody/tr[12]/td[2]/div/div"}
RESULT: {}
RESULT: {"using":"xpath","value":"//table[contains(@id, \"listView-innerSelectionPanelTable-listUl\")]/tbody/tr[12]/td[2]/div/div"}
COMMAND: POST /session/13ff36e378d374199407c6416a2f579d/element - {"using":"xpath","value":"//table[contains(@id, \"listView-innerSelectionPanelTable-listUl\")]/tbody/tr[12]/td[2]/div"}
RESULT: {"using":"xpath","value":"//table[contains(@id, \"listView-innerSelectionPanelTable-listUl\")]/tbody/tr[12]/td[2]/div"}
COMMAND: POST /session/13ff36e378d374199407c6416a2f579d/element - {"using":"xpath","value":"//table[contains(@id, \"listView-innerSelectionPanelTable-listUl\")]/tbody/tr[12]/td[3]/div/div/span/span[1]/bdi"}
RESULT: {"using":"xpath","value":"//table[contains(@id, \"listView-innerSelectionPanelTable-listUl\")]/tbody/tr[12]/td[3]/div/div/span/span[1]/bdi"}
COMMAND: POST /session/13ff36e378d374199407c6416a2f579d/execute/sync - {"script":"<script> [56 bytes]","args":[{"element-6066-11e4-a52e-4f735466cecf":"f.3D100000B49E76A23DA3328AC6F96CCC.d.E6468576F70F13E5F58F15E21B0F0E9A.e.6875","ELEMENT":"f.3D100000B49E76A23DA3328AC6F96CCC.d.E6468576F70F13E5F58F15E21B0F0E9A.e.6875"}]}
RESULT: {"script":"<script> [56 bytes]","args":[{"element-6066-11e4-a52e-4f735466cecf":"f.3D100000B49E76A23DA3328AC6F96CCC.d.E6468576F70F13E5F58F15E21B0F0E9A.e.6875","ELEMENT":"f.3D100000B49E76A23DA3328AC6F96CCC.d.E6468576F70F13E5F58F15E21B0F0E9A.e.6875"}]}
COMMAND: GET /session/13ff36e378d374199407c6416a2f579d/element/f.3D100000B49E76A23DA3328AC6F96CCC.d.E6468576F70F13E5F58F15E21B0F0E9A.e.6874/attribute/aria-checked - {}
COMMAND: GET /session/13ff36e378d374199407c6416a2f579d/screenshot - {}
RESULT: {}
COMMAND: POST /session/13ff36e378d374199407c6416a2f579d/element - {"using":"xpath","value":"//table[contains(@id, \"listView-innerSelectionPanelTable-listUl\")]/tbody/tr[13]/td[2]/div/div"}
RESULT: {}
RESULT: {"using":"xpath","value":"//table[contains(@id, \"listView-innerSelectionPanelTable-listUl\")]/tbody/tr[13]/td[2]/div/div"}
COMMAND: POST /session/13ff36e378d374199407c6416a2f579d/element - {"using":"xpath","value":"//table[contains(@id, \"listView-innerSelectionPanelTable-listUl\")]/tbody/tr[13]/td[2]/div"}
RESULT: {"using":"xpath","value":"//table[contains(@id, \"listView-innerSelectionPanelTable-listUl\")]/tbody/tr[13]/td[2]/div"}
COMMAND: POST /session/13ff36e378d374199407c6416a2f579d/element - {"using":"xpath","value":"//table[contains(@id, \"listView-innerSelectionPanelTable-listUl\")]/tbody/tr[13]/td[3]/div/div/span/span[1]/bdi"}
RESULT: {"using":"xpath","value":"//table[contains(@id, \"listView-innerSelectionPanelTable-listUl\")]/tbody/tr[13]/td[3]/div/div/span/span[1]/bdi"}
COMMAND: POST /session/13ff36e378d374199407c6416a2f579d/execute/sync - {"script":"<script> [56 bytes]","args":[{"element-6066-11e4-a52e-4f735466cecf":"f.3D100000B49E76A23DA3328AC6F96CCC.d.E6468576F70F13E5F58F15E21B0F0E9A.e.6878","ELEMENT":"f.3D100000B49E76A23DA3328AC6F96CCC.d.E6468576F70F13E5F58F15E21B0F0E9A.e.6878"}]}
RESULT: {"script":"<script> [56 bytes]","args":[{"element-6066-11e4-a52e-4f735466cecf":"f.3D100000B49E76A23DA3328AC6F96CCC.d.E6468576F70F13E5F58F15E21B0F0E9A.e.6878","ELEMENT":"f.3D100000B49E76A23DA3328AC6F96CCC.d.E6468576F70F13E5F58F15E21B0F0E9A.e.6878"}]}
COMMAND: GET /session/13ff36e378d374199407c6416a2f579d/element/f.3D100000B49E76A23DA3328AC6F96CCC.d.E6468576F70F13E5F58F15E21B0F0E9A.e.6877/attribute/aria-checked - {}
COMMAND: GET /session/13ff36e378d374199407c6416a2f579d/screenshot - {}
RESULT: {}
COMMAND: POST /session/13ff36e378d374199407c6416a2f579d/element - {"using":"xpath","value":"//table[contains(@id, \"listView-innerSelectionPanelTable-listUl\")]/tbody/tr[14]/td[2]/div/div"}
COMMAND: POST /session/13ff36e378d374199407c6416a2f579d/element/f.3D100000B49E76A23DA3328AC6F96CCC.d.E6468576F70F13E5F58F15E21B0F0E9A.e.6876/click - {}
RESULT: {}
RESULT: {}
COMMAND: GET /session/13ff36e378d374199407c6416a2f579d/screenshot - {}
RESULT: {"using":"xpath","value":"//table[contains(@id, \"listView-innerSelectionPanelTable-listUl\")]/tbody/tr[14]/td[2]/div/div"}
COMMAND: POST /session/13ff36e378d374199407c6416a2f579d/element - {"using":"xpath","value":"//table[contains(@id, \"listView-innerSelectionPanelTable-listUl\")]/tbody/tr[14]/td[2]/div"}
RESULT: {}
RESULT: {"using":"xpath","value":"//table[contains(@id, \"listView-innerSelectionPanelTable-listUl\")]/tbody/tr[14]/td[2]/div"}
COMMAND: POST /session/13ff36e378d374199407c6416a2f579d/element - {"using":"xpath","value":"//table[contains(@id, \"listView-innerSelectionPanelTable-listUl\")]/tbody/tr[14]/td[3]/div/div/span/span[1]/bdi"}
RESULT: {"using":"xpath","value":"//table[contains(@id, \"listView-innerSelectionPanelTable-listUl\")]/tbody/tr[14]/td[3]/div/div/span/span[1]/bdi"}
COMMAND: POST /session/13ff36e378d374199407c6416a2f579d/execute/sync - {"script":"<script> [56 bytes]","args":[{"element-6066-11e4-a52e-4f735466cecf":"f.3D100000B49E76A23DA3328AC6F96CCC.d.E6468576F70F13E5F58F15E21B0F0E9A.e.6882","ELEMENT":"f.3D100000B49E76A23DA3328AC6F96CCC.d.E6468576F70F13E5F58F15E21B0F0E9A.e.6882"}]}
RESULT: {"script":"<script> [56 bytes]","args":[{"element-6066-11e4-a52e-4f735466cecf":"f.3D100000B49E76A23DA3328AC6F96CCC.d.E6468576F70F13E5F58F15E21B0F0E9A.e.6882","ELEMENT":"f.3D100000B49E76A23DA3328AC6F96CCC.d.E6468576F70F13E5F58F15E21B0F0E9A.e.6882"}]}
COMMAND: GET /session/13ff36e378d374199407c6416a2f579d/element/f.3D100000B49E76A23DA3328AC6F96CCC.d.E6468576F70F13E5F58F15E21B0F0E9A.e.6881/attribute/aria-checked - {}
COMMAND: GET /session/13ff36e378d374199407c6416a2f579d/screenshot - {}
RESULT: {}
COMMAND: POST /session/13ff36e378d374199407c6416a2f579d/element - {"using":"xpath","value":"//table[contains(@id, \"listView-innerSelectionPanelTable-listUl\")]/tbody/tr[15]/td[2]/div/div"}
RESULT: {}
RESULT: {"using":"xpath","value":"//table[contains(@id, \"listView-innerSelectionPanelTable-listUl\")]/tbody/tr[15]/td[2]/div/div"}
COMMAND: POST /session/13ff36e378d374199407c6416a2f579d/element - {"using":"xpath","value":"//table[contains(@id, \"listView-innerSelectionPanelTable-listUl\")]/tbody/tr[15]/td[2]/div"}
RESULT: {"using":"xpath","value":"//table[contains(@id, \"listView-innerSelectionPanelTable-listUl\")]/tbody/tr[15]/td[2]/div"}
COMMAND: POST /session/13ff36e378d374199407c6416a2f579d/element - {"using":"xpath","value":"//table[contains(@id, \"listView-innerSelectionPanelTable-listUl\")]/tbody/tr[15]/td[3]/div/div/span/span[1]/bdi"}
RESULT: {"using":"xpath","value":"//table[contains(@id, \"listView-innerSelectionPanelTable-listUl\")]/tbody/tr[15]/td[3]/div/div/span/span[1]/bdi"}
COMMAND: POST /session/13ff36e378d374199407c6416a2f579d/execute/sync - {"script":"<script> [56 bytes]","args":[{"element-6066-11e4-a52e-4f735466cecf":"f.3D100000B49E76A23DA3328AC6F96CCC.d.E6468576F70F13E5F58F15E21B0F0E9A.e.6885","ELEMENT":"f.3D100000B49E76A23DA3328AC6F96CCC.d.E6468576F70F13E5F58F15E21B0F0E9A.e.6885"}]}
RESULT: {"script":"<script> [56 bytes]","args":[{"element-6066-11e4-a52e-4f735466cecf":"f.3D100000B49E76A23DA3328AC6F96CCC.d.E6468576F70F13E5F58F15E21B0F0E9A.e.6885","ELEMENT":"f.3D100000B49E76A23DA3328AC6F96CCC.d.E6468576F70F13E5F58F15E21B0F0E9A.e.6885"}]}
COMMAND: GET /session/13ff36e378d374199407c6416a2f579d/element/f.3D100000B49E76A23DA3328AC6F96CCC.d.E6468576F70F13E5F58F15E21B0F0E9A.e.6884/attribute/aria-checked - {}
COMMAND: GET /session/13ff36e378d374199407c6416a2f579d/screenshot - {}
RESULT: {}
COMMAND: POST /session/13ff36e378d374199407c6416a2f579d/element - {"using":"xpath","value":"//table[contains(@id, \"listView-innerSelectionPanelTable-listUl\")]/tbody/tr[16]/td[2]/div/div"}
RESULT: {}
RESULT: {"using":"xpath","value":"//table[contains(@id, \"listView-innerSelectionPanelTable-listUl\")]/tbody/tr[16]/td[2]/div/div"}
COMMAND: POST /session/13ff36e378d374199407c6416a2f579d/element - {"using":"xpath","value":"//table[contains(@id, \"listView-innerSelectionPanelTable-listUl\")]/tbody/tr[16]/td[2]/div"}
RESULT: {"using":"xpath","value":"//table[contains(@id, \"listView-innerSelectionPanelTable-listUl\")]/tbody/tr[16]/td[2]/div"}
COMMAND: POST /session/13ff36e378d374199407c6416a2f579d/element - {"using":"xpath","value":"//table[contains(@id, \"listView-innerSelectionPanelTable-listUl\")]/tbody/tr[16]/td[3]/div/div/span/span[1]/bdi"}
RESULT: {"using":"xpath","value":"//table[contains(@id, \"listView-innerSelectionPanelTable-listUl\")]/tbody/tr[16]/td[3]/div/div/span/span[1]/bdi"}
COMMAND: POST /session/13ff36e378d374199407c6416a2f579d/execute/sync - {"script":"<script> [56 bytes]","args":[{"element-6066-11e4-a52e-4f735466cecf":"f.3D100000B49E76A23DA3328AC6F96CCC.d.E6468576F70F13E5F58F15E21B0F0E9A.e.6888","ELEMENT":"f.3D100000B49E76A23DA3328AC6F96CCC.d.E6468576F70F13E5F58F15E21B0F0E9A.e.6888"}]}
RESULT: {"script":"<script> [56 bytes]","args":[{"element-6066-11e4-a52e-4f735466cecf":"f.3D100000B49E76A23DA3328AC6F96CCC.d.E6468576F70F13E5F58F15E21B0F0E9A.e.6888","ELEMENT":"f.3D100000B49E76A23DA3328AC6F96CCC.d.E6468576F70F13E5F58F15E21B0F0E9A.e.6888"}]}
COMMAND: GET /session/13ff36e378d374199407c6416a2f579d/element/f.3D100000B49E76A23DA3328AC6F96CCC.d.E6468576F70F13E5F58F15E21B0F0E9A.e.6887/attribute/aria-checked - {}
COMMAND: GET /session/13ff36e378d374199407c6416a2f579d/screenshot - {}
RESULT: {}
COMMAND: POST /session/13ff36e378d374199407c6416a2f579d/element - {"using":"xpath","value":"//table[contains(@id, \"listView-innerSelectionPanelTable-listUl\")]/tbody/tr[17]/td[2]/div/div"}
RESULT: {}
RESULT: {"using":"xpath","value":"//table[contains(@id, \"listView-innerSelectionPanelTable-listUl\")]/tbody/tr[17]/td[2]/div/div"}
COMMAND: POST /session/13ff36e378d374199407c6416a2f579d/element - {"using":"xpath","value":"//table[contains(@id, \"listView-innerSelectionPanelTable-listUl\")]/tbody/tr[17]/td[2]/div"}
RESULT: {"using":"xpath","value":"//table[contains(@id, \"listView-innerSelectionPanelTable-listUl\")]/tbody/tr[17]/td[2]/div"}
COMMAND: POST /session/13ff36e378d374199407c6416a2f579d/element - {"using":"xpath","value":"//table[contains(@id, \"listView-innerSelectionPanelTable-listUl\")]/tbody/tr[17]/td[3]/div/div/span/span[1]/bdi"}
RESULT: {"using":"xpath","value":"//table[contains(@id, \"listView-innerSelectionPanelTable-listUl\")]/tbody/tr[17]/td[3]/div/div/span/span[1]/bdi"}
COMMAND: POST /session/13ff36e378d374199407c6416a2f579d/execute/sync - {"script":"<script> [56 bytes]","args":[{"element-6066-11e4-a52e-4f735466cecf":"f.3D100000B49E76A23DA3328AC6F96CCC.d.E6468576F70F13E5F58F15E21B0F0E9A.e.6891","ELEMENT":"f.3D100000B49E76A23DA3328AC6F96CCC.d.E6468576F70F13E5F58F15E21B0F0E9A.e.6891"}]}
RESULT: {"script":"<script> [56 bytes]","args":[{"element-6066-11e4-a52e-4f735466cecf":"f.3D100000B49E76A23DA3328AC6F96CCC.d.E6468576F70F13E5F58F15E21B0F0E9A.e.6891","ELEMENT":"f.3D100000B49E76A23DA3328AC6F96CCC.d.E6468576F70F13E5F58F15E21B0F0E9A.e.6891"}]}
COMMAND: GET /session/13ff36e378d374199407c6416a2f579d/element/f.3D100000B49E76A23DA3328AC6F96CCC.d.E6468576F70F13E5F58F15E21B0F0E9A.e.6890/attribute/aria-checked - {}
COMMAND: GET /session/13ff36e378d374199407c6416a2f579d/screenshot - {}
RESULT: {}
COMMAND: POST /session/13ff36e378d374199407c6416a2f579d/element - {"using":"xpath","value":"//table[contains(@id, \"listView-innerSelectionPanelTable-listUl\")]/tbody/tr[18]/td[2]/div/div"}
RESULT: {}
RESULT: {"using":"xpath","value":"//table[contains(@id, \"listView-innerSelectionPanelTable-listUl\")]/tbody/tr[18]/td[2]/div/div"}
COMMAND: POST /session/13ff36e378d374199407c6416a2f579d/element - {"using":"xpath","value":"//table[contains(@id, \"listView-innerSelectionPanelTable-listUl\")]/tbody/tr[18]/td[2]/div"}
RESULT: {"using":"xpath","value":"//table[contains(@id, \"listView-innerSelectionPanelTable-listUl\")]/tbody/tr[18]/td[2]/div"}
COMMAND: POST /session/13ff36e378d374199407c6416a2f579d/element - {"using":"xpath","value":"//table[contains(@id, \"listView-innerSelectionPanelTable-listUl\")]/tbody/tr[18]/td[3]/div/div/span/span[1]/bdi"}
RESULT: {"using":"xpath","value":"//table[contains(@id, \"listView-innerSelectionPanelTable-listUl\")]/tbody/tr[18]/td[3]/div/div/span/span[1]/bdi"}
COMMAND: POST /session/13ff36e378d374199407c6416a2f579d/execute/sync - {"script":"<script> [56 bytes]","args":[{"element-6066-11e4-a52e-4f735466cecf":"f.3D100000B49E76A23DA3328AC6F96CCC.d.E6468576F70F13E5F58F15E21B0F0E9A.e.6894","ELEMENT":"f.3D100000B49E76A23DA3328AC6F96CCC.d.E6468576F70F13E5F58F15E21B0F0E9A.e.6894"}]}
RESULT: {"script":"<script> [56 bytes]","args":[{"element-6066-11e4-a52e-4f735466cecf":"f.3D100000B49E76A23DA3328AC6F96CCC.d.E6468576F70F13E5F58F15E21B0F0E9A.e.6894","ELEMENT":"f.3D100000B49E76A23DA3328AC6F96CCC.d.E6468576F70F13E5F58F15E21B0F0E9A.e.6894"}]}
COMMAND: GET /session/13ff36e378d374199407c6416a2f579d/element/f.3D100000B49E76A23DA3328AC6F96CCC.d.E6468576F70F13E5F58F15E21B0F0E9A.e.6893/attribute/aria-checked - {}
COMMAND: GET /session/13ff36e378d374199407c6416a2f579d/screenshot - {}
RESULT: {}
COMMAND: POST /session/13ff36e378d374199407c6416a2f579d/element - {"using":"xpath","value":"//table[contains(@id, \"listView-innerSelectionPanelTable-listUl\")]/tbody/tr[19]/td[2]/div/div"}
RESULT: {}
RESULT: {"using":"xpath","value":"//table[contains(@id, \"listView-innerSelectionPanelTable-listUl\")]/tbody/tr[19]/td[2]/div/div"}
COMMAND: POST /session/13ff36e378d374199407c6416a2f579d/element - {"using":"xpath","value":"//table[contains(@id, \"listView-innerSelectionPanelTable-listUl\")]/tbody/tr[19]/td[2]/div"}
RESULT: {"using":"xpath","value":"//table[contains(@id, \"listView-innerSelectionPanelTable-listUl\")]/tbody/tr[19]/td[2]/div"}
COMMAND: POST /session/13ff36e378d374199407c6416a2f579d/element - {"using":"xpath","value":"//table[contains(@id, \"listView-innerSelectionPanelTable-listUl\")]/tbody/tr[19]/td[3]/div/div/span/span[1]/bdi"}
RESULT: {"using":"xpath","value":"//table[contains(@id, \"listView-innerSelectionPanelTable-listUl\")]/tbody/tr[19]/td[3]/div/div/span/span[1]/bdi"}
COMMAND: POST /session/13ff36e378d374199407c6416a2f579d/execute/sync - {"script":"<script> [56 bytes]","args":[{"element-6066-11e4-a52e-4f735466cecf":"f.3D100000B49E76A23DA3328AC6F96CCC.d.E6468576F70F13E5F58F15E21B0F0E9A.e.6897","ELEMENT":"f.3D100000B49E76A23DA3328AC6F96CCC.d.E6468576F70F13E5F58F15E21B0F0E9A.e.6897"}]}
RESULT: {"script":"<script> [56 bytes]","args":[{"element-6066-11e4-a52e-4f735466cecf":"f.3D100000B49E76A23DA3328AC6F96CCC.d.E6468576F70F13E5F58F15E21B0F0E9A.e.6897","ELEMENT":"f.3D100000B49E76A23DA3328AC6F96CCC.d.E6468576F70F13E5F58F15E21B0F0E9A.e.6897"}]}
COMMAND: GET /session/13ff36e378d374199407c6416a2f579d/element/f.3D100000B49E76A23DA3328AC6F96CCC.d.E6468576F70F13E5F58F15E21B0F0E9A.e.6896/attribute/aria-checked - {}
COMMAND: GET /session/13ff36e378d374199407c6416a2f579d/screenshot - {}
RESULT: {}
COMMAND: POST /session/13ff36e378d374199407c6416a2f579d/element - {"using":"xpath","value":"//table[contains(@id, \"listView-innerSelectionPanelTable-listUl\")]/tbody/tr[20]/td[2]/div/div"}
RESULT: {}
RESULT: {"using":"xpath","value":"//table[contains(@id, \"listView-innerSelectionPanelTable-listUl\")]/tbody/tr[20]/td[2]/div/div"}
COMMAND: POST /session/13ff36e378d374199407c6416a2f579d/element - {"using":"xpath","value":"//table[contains(@id, \"listView-innerSelectionPanelTable-listUl\")]/tbody/tr[20]/td[2]/div"}
RESULT: {"using":"xpath","value":"//table[contains(@id, \"listView-innerSelectionPanelTable-listUl\")]/tbody/tr[20]/td[2]/div"}
COMMAND: POST /session/13ff36e378d374199407c6416a2f579d/element - {"using":"xpath","value":"//table[contains(@id, \"listView-innerSelectionPanelTable-listUl\")]/tbody/tr[20]/td[3]/div/div/span/span[1]/bdi"}
RESULT: {"using":"xpath","value":"//table[contains(@id, \"listView-innerSelectionPanelTable-listUl\")]/tbody/tr[20]/td[3]/div/div/span/span[1]/bdi"}
COMMAND: POST /session/13ff36e378d374199407c6416a2f579d/execute/sync - {"script":"<script> [56 bytes]","args":[{"element-6066-11e4-a52e-4f735466cecf":"f.3D100000B49E76A23DA3328AC6F96CCC.d.E6468576F70F13E5F58F15E21B0F0E9A.e.6900","ELEMENT":"f.3D100000B49E76A23DA3328AC6F96CCC.d.E6468576F70F13E5F58F15E21B0F0E9A.e.6900"}]}
RESULT: {"script":"<script> [56 bytes]","args":[{"element-6066-11e4-a52e-4f735466cecf":"f.3D100000B49E76A23DA3328AC6F96CCC.d.E6468576F70F13E5F58F15E21B0F0E9A.e.6900","ELEMENT":"f.3D100000B49E76A23DA3328AC6F96CCC.d.E6468576F70F13E5F58F15E21B0F0E9A.e.6900"}]}
COMMAND: GET /session/13ff36e378d374199407c6416a2f579d/element/f.3D100000B49E76A23DA3328AC6F96CCC.d.E6468576F70F13E5F58F15E21B0F0E9A.e.6899/attribute/aria-checked - {}
COMMAND: GET /session/13ff36e378d374199407c6416a2f579d/screenshot - {}
RESULT: {}
COMMAND: POST /session/13ff36e378d374199407c6416a2f579d/element - {"using":"xpath","value":"//table[contains(@id, \"listView-innerSelectionPanelTable-listUl\")]/tbody/tr[21]/td[2]/div/div"}
RESULT: {}
RESULT: {"using":"xpath","value":"//table[contains(@id, \"listView-innerSelectionPanelTable-listUl\")]/tbody/tr[21]/td[2]/div/div"}
COMMAND: POST /session/13ff36e378d374199407c6416a2f579d/element - {"using":"xpath","value":"//table[contains(@id, \"listView-innerSelectionPanelTable-listUl\")]/tbody/tr[21]/td[2]/div"}
RESULT: {"using":"xpath","value":"//table[contains(@id, \"listView-innerSelectionPanelTable-listUl\")]/tbody/tr[21]/td[2]/div"}
COMMAND: POST /session/13ff36e378d374199407c6416a2f579d/element - {"using":"xpath","value":"//table[contains(@id, \"listView-innerSelectionPanelTable-listUl\")]/tbody/tr[21]/td[3]/div/div/span/span[1]/bdi"}
RESULT: {"using":"xpath","value":"//table[contains(@id, \"listView-innerSelectionPanelTable-listUl\")]/tbody/tr[21]/td[3]/div/div/span/span[1]/bdi"}
COMMAND: POST /session/13ff36e378d374199407c6416a2f579d/execute/sync - {"script":"<script> [56 bytes]","args":[{"element-6066-11e4-a52e-4f735466cecf":"f.3D100000B49E76A23DA3328AC6F96CCC.d.E6468576F70F13E5F58F15E21B0F0E9A.e.6903","ELEMENT":"f.3D100000B49E76A23DA3328AC6F96CCC.d.E6468576F70F13E5F58F15E21B0F0E9A.e.6903"}]}
RESULT: {"script":"<script> [56 bytes]","args":[{"element-6066-11e4-a52e-4f735466cecf":"f.3D100000B49E76A23DA3328AC6F96CCC.d.E6468576F70F13E5F58F15E21B0F0E9A.e.6903","ELEMENT":"f.3D100000B49E76A23DA3328AC6F96CCC.d.E6468576F70F13E5F58F15E21B0F0E9A.e.6903"}]}
COMMAND: GET /session/13ff36e378d374199407c6416a2f579d/element/f.3D100000B49E76A23DA3328AC6F96CCC.d.E6468576F70F13E5F58F15E21B0F0E9A.e.6902/attribute/aria-checked - {}
COMMAND: GET /session/13ff36e378d374199407c6416a2f579d/screenshot - {}
RESULT: {}
COMMAND: POST /session/13ff36e378d374199407c6416a2f579d/element - {"using":"xpath","value":"//table[contains(@id, \"listView-innerSelectionPanelTable-listUl\")]/tbody/tr[22]/td[2]/div/div"}
RESULT: {}
RESULT: {"using":"xpath","value":"//table[contains(@id, \"listView-innerSelectionPanelTable-listUl\")]/tbody/tr[22]/td[2]/div/div"}
COMMAND: POST /session/13ff36e378d374199407c6416a2f579d/element - {"using":"xpath","value":"//table[contains(@id, \"listView-innerSelectionPanelTable-listUl\")]/tbody/tr[22]/td[2]/div"}
RESULT: {"using":"xpath","value":"//table[contains(@id, \"listView-innerSelectionPanelTable-listUl\")]/tbody/tr[22]/td[2]/div"}
COMMAND: POST /session/13ff36e378d374199407c6416a2f579d/element - {"using":"xpath","value":"//table[contains(@id, \"listView-innerSelectionPanelTable-listUl\")]/tbody/tr[22]/td[3]/div/div/span/span[1]/bdi"}
RESULT: {"using":"xpath","value":"//table[contains(@id, \"listView-innerSelectionPanelTable-listUl\")]/tbody/tr[22]/td[3]/div/div/span/span[1]/bdi"}
COMMAND: POST /session/13ff36e378d374199407c6416a2f579d/execute/sync - {"script":"<script> [56 bytes]","args":[{"element-6066-11e4-a52e-4f735466cecf":"f.3D100000B49E76A23DA3328AC6F96CCC.d.E6468576F70F13E5F58F15E21B0F0E9A.e.6906","ELEMENT":"f.3D100000B49E76A23DA3328AC6F96CCC.d.E6468576F70F13E5F58F15E21B0F0E9A.e.6906"}]}
RESULT: {"script":"<script> [56 bytes]","args":[{"element-6066-11e4-a52e-4f735466cecf":"f.3D100000B49E76A23DA3328AC6F96CCC.d.E6468576F70F13E5F58F15E21B0F0E9A.e.6906","ELEMENT":"f.3D100000B49E76A23DA3328AC6F96CCC.d.E6468576F70F13E5F58F15E21B0F0E9A.e.6906"}]}
COMMAND: GET /session/13ff36e378d374199407c6416a2f579d/element/f.3D100000B49E76A23DA3328AC6F96CCC.d.E6468576F70F13E5F58F15E21B0F0E9A.e.6905/attribute/aria-checked - {}
COMMAND: GET /session/13ff36e378d374199407c6416a2f579d/screenshot - {}
RESULT: {}
COMMAND: POST /session/13ff36e378d374199407c6416a2f579d/element - {"using":"xpath","value":"//table[contains(@id, \"listView-innerSelectionPanelTable-listUl\")]/tbody/tr[23]/td[2]/div/div"}
RESULT: {}
RESULT: {"using":"xpath","value":"//table[contains(@id, \"listView-innerSelectionPanelTable-listUl\")]/tbody/tr[23]/td[2]/div/div"}
COMMAND: POST /session/13ff36e378d374199407c6416a2f579d/element - {"using":"xpath","value":"//table[contains(@id, \"listView-innerSelectionPanelTable-listUl\")]/tbody/tr[23]/td[2]/div"}
RESULT: {"using":"xpath","value":"//table[contains(@id, \"listView-innerSelectionPanelTable-listUl\")]/tbody/tr[23]/td[2]/div"}
COMMAND: POST /session/13ff36e378d374199407c6416a2f579d/element - {"using":"xpath","value":"//table[contains(@id, \"listView-innerSelectionPanelTable-listUl\")]/tbody/tr[23]/td[3]/div/div/span/span[1]/bdi"}
RESULT: {"using":"xpath","value":"//table[contains(@id, \"listView-innerSelectionPanelTable-listUl\")]/tbody/tr[23]/td[3]/div/div/span/span[1]/bdi"}
COMMAND: POST /session/13ff36e378d374199407c6416a2f579d/execute/sync - {"script":"<script> [56 bytes]","args":[{"element-6066-11e4-a52e-4f735466cecf":"f.3D100000B49E76A23DA3328AC6F96CCC.d.E6468576F70F13E5F58F15E21B0F0E9A.e.6909","ELEMENT":"f.3D100000B49E76A23DA3328AC6F96CCC.d.E6468576F70F13E5F58F15E21B0F0E9A.e.6909"}]}
RESULT: {"script":"<script> [56 bytes]","args":[{"element-6066-11e4-a52e-4f735466cecf":"f.3D100000B49E76A23DA3328AC6F96CCC.d.E6468576F70F13E5F58F15E21B0F0E9A.e.6909","ELEMENT":"f.3D100000B49E76A23DA3328AC6F96CCC.d.E6468576F70F13E5F58F15E21B0F0E9A.e.6909"}]}
COMMAND: GET /session/13ff36e378d374199407c6416a2f579d/element/f.3D100000B49E76A23DA3328AC6F96CCC.d.E6468576F70F13E5F58F15E21B0F0E9A.e.6908/attribute/aria-checked - {}
COMMAND: GET /session/13ff36e378d374199407c6416a2f579d/screenshot - {}
RESULT: {}
COMMAND: POST /session/13ff36e378d374199407c6416a2f579d/element - {"using":"xpath","value":"//table[contains(@id, \"listView-innerSelectionPanelTable-listUl\")]/tbody/tr[24]/td[2]/div/div"}
RESULT: {}
RESULT: {"using":"xpath","value":"//table[contains(@id, \"listView-innerSelectionPanelTable-listUl\")]/tbody/tr[24]/td[2]/div/div"}
COMMAND: POST /session/13ff36e378d374199407c6416a2f579d/element - {"using":"xpath","value":"//table[contains(@id, \"listView-innerSelectionPanelTable-listUl\")]/tbody/tr[24]/td[2]/div"}
RESULT: {"using":"xpath","value":"//table[contains(@id, \"listView-innerSelectionPanelTable-listUl\")]/tbody/tr[24]/td[2]/div"}
COMMAND: POST /session/13ff36e378d374199407c6416a2f579d/element - {"using":"xpath","value":"//table[contains(@id, \"listView-innerSelectionPanelTable-listUl\")]/tbody/tr[24]/td[3]/div/div/span/span[1]/bdi"}
RESULT: {"using":"xpath","value":"//table[contains(@id, \"listView-innerSelectionPanelTable-listUl\")]/tbody/tr[24]/td[3]/div/div/span/span[1]/bdi"}
COMMAND: POST /session/13ff36e378d374199407c6416a2f579d/execute/sync - {"script":"<script> [56 bytes]","args":[{"element-6066-11e4-a52e-4f735466cecf":"f.3D100000B49E76A23DA3328AC6F96CCC.d.E6468576F70F13E5F58F15E21B0F0E9A.e.6912","ELEMENT":"f.3D100000B49E76A23DA3328AC6F96CCC.d.E6468576F70F13E5F58F15E21B0F0E9A.e.6912"}]}
RESULT: {"script":"<script> [56 bytes]","args":[{"element-6066-11e4-a52e-4f735466cecf":"f.3D100000B49E76A23DA3328AC6F96CCC.d.E6468576F70F13E5F58F15E21B0F0E9A.e.6912","ELEMENT":"f.3D100000B49E76A23DA3328AC6F96CCC.d.E6468576F70F13E5F58F15E21B0F0E9A.e.6912"}]}
COMMAND: GET /session/13ff36e378d374199407c6416a2f579d/element/f.3D100000B49E76A23DA3328AC6F96CCC.d.E6468576F70F13E5F58F15E21B0F0E9A.e.6911/attribute/aria-checked - {}
COMMAND: GET /session/13ff36e378d374199407c6416a2f579d/screenshot - {}
RESULT: {}
COMMAND: POST /session/13ff36e378d374199407c6416a2f579d/element - {"using":"xpath","value":"//table[contains(@id, \"listView-innerSelectionPanelTable-listUl\")]/tbody/tr[25]/td[2]/div/div"}
RESULT: {}
RESULT: {"using":"xpath","value":"//table[contains(@id, \"listView-innerSelectionPanelTable-listUl\")]/tbody/tr[25]/td[2]/div/div"}
COMMAND: POST /session/13ff36e378d374199407c6416a2f579d/element - {"using":"xpath","value":"//table[contains(@id, \"listView-innerSelectionPanelTable-listUl\")]/tbody/tr[25]/td[2]/div"}
RESULT: {"using":"xpath","value":"//table[contains(@id, \"listView-innerSelectionPanelTable-listUl\")]/tbody/tr[25]/td[2]/div"}
COMMAND: POST /session/13ff36e378d374199407c6416a2f579d/element - {"using":"xpath","value":"//table[contains(@id, \"listView-innerSelectionPanelTable-listUl\")]/tbody/tr[25]/td[3]/div/div/span/span[1]/bdi"}
RESULT: {"using":"xpath","value":"//table[contains(@id, \"listView-innerSelectionPanelTable-listUl\")]/tbody/tr[25]/td[3]/div/div/span/span[1]/bdi"}
COMMAND: POST /session/13ff36e378d374199407c6416a2f579d/execute/sync - {"script":"<script> [56 bytes]","args":[{"element-6066-11e4-a52e-4f735466cecf":"f.3D100000B49E76A23DA3328AC6F96CCC.d.E6468576F70F13E5F58F15E21B0F0E9A.e.6915","ELEMENT":"f.3D100000B49E76A23DA3328AC6F96CCC.d.E6468576F70F13E5F58F15E21B0F0E9A.e.6915"}]}
RESULT: {"script":"<script> [56 bytes]","args":[{"element-6066-11e4-a52e-4f735466cecf":"f.3D100000B49E76A23DA3328AC6F96CCC.d.E6468576F70F13E5F58F15E21B0F0E9A.e.6915","ELEMENT":"f.3D100000B49E76A23DA3328AC6F96CCC.d.E6468576F70F13E5F58F15E21B0F0E9A.e.6915"}]}
COMMAND: GET /session/13ff36e378d374199407c6416a2f579d/element/f.3D100000B49E76A23DA3328AC6F96CCC.d.E6468576F70F13E5F58F15E21B0F0E9A.e.6914/attribute/aria-checked - {}
COMMAND: GET /session/13ff36e378d374199407c6416a2f579d/screenshot - {}
RESULT: {}
COMMAND: POST /session/13ff36e378d374199407c6416a2f579d/element - {"using":"xpath","value":"//bdi[contains(text(), \"OK\")]"}
RESULT: {}
RESULT: {"using":"xpath","value":"//bdi[contains(text(), \"OK\")]"}
COMMAND: POST /session/13ff36e378d374199407c6416a2f579d/element/f.3D100000B49E76A23DA3328AC6F96CCC.d.E6468576F70F13E5F58F15E21B0F0E9A.e.6916/click - {}
RESULT: {}
COMMAND: GET /session/13ff36e378d374199407c6416a2f579d/screenshot - {}
RESULT: {}
COMMAND: POST /session/13ff36e378d374199407c6416a2f579d/execute/async - {"script":"<script> [1562 bytes]","args":[{"selector":{"id":"application-managepartners-display-component---masterPtm--smartFilterBar-filterItemControlA_-LINK_TO_ADDRESSES_MAIN.CITY1-vhi"},"wdio_ui5_key":"applicationmanagepartners-display-component---masterPtm--smartFilterBar-filterItemControlA_-LINK_TO_ADDRESSES_MAIN.CITY1-vhi"}]}
RESULT: {"script":"<script> [1562 bytes]","args":[{"selector":{"id":"application-managepartners-display-component---masterPtm--smartFilterBar-filterItemControlA_-LINK_TO_ADDRESSES_MAIN.CITY1-vhi"},"wdio_ui5_key":"applicationmanagepartners-display-component---masterPtm--smartFilterBar-filterItemControlA_-LINK_TO_ADDRESSES_MAIN.CITY1-vhi"}]}
RESULT: undefined
COMMAND: POST /session/13ff36e378d374199407c6416a2f579d/element - {"using":"xpath","value":"//*[@id=\"application-managepartners-display-component---masterPtm--smartFilterBar-filterItemControlA_-LINK_TO_ADDRESSES_MAIN.CITY1-vhi\"]"}
RESULT: {"using":"xpath","value":"//*[@id=\"application-managepartners-display-component---masterPtm--smartFilterBar-filterItemControlA_-LINK_TO_ADDRESSES_MAIN.CITY1-vhi\"]"}
COMMAND: POST /session/13ff36e378d374199407c6416a2f579d/element/f.3D100000B49E76A23DA3328AC6F96CCC.d.E6468576F70F13E5F58F15E21B0F0E9A.e.6930/click - {}
RESULT: {}
COMMAND: GET /session/13ff36e378d374199407c6416a2f579d/screenshot - {}
RESULT: {}
COMMAND: POST /session/13ff36e378d374199407c6416a2f579d/execute/async - {"script":"<script> [1562 bytes]","args":[{"selector":{"controlType":"sap.m.Input","viewName":"etm.portal.ui.managepartners.view.Master","viewId":"application-managepartners-display-component---masterPtm","properties":{"valueState":"None"},"searchOpenDialogs":true,"interaction":{"idSuffix":"inner"}},"wdio_ui5_key":"etmportal.ui.managepartners.view.Mastersap.m.Input{\"valueState\":\"None\"}"}]}
RESULT: {"script":"<script> [1562 bytes]","args":[{"selector":{"controlType":"sap.m.Input","viewName":"etm.portal.ui.managepartners.view.Master","viewId":"application-managepartners-display-component---masterPtm","properties":{"valueState":"None"},"searchOpenDialogs":true,"interaction":{"idSuffix":"inner"}},"wdio_ui5_key":"etmportal.ui.managepartners.view.Mastersap.m.Input{\"valueState\":\"None\"}"}]}
RESULT: undefined
COMMAND: POST /session/13ff36e378d374199407c6416a2f579d/execute/async - {"script":"<script> [776 bytes]","args":[{"enterText":"Bucure","selector":{"controlType":"sap.m.Input","viewName":"etm.portal.ui.managepartners.view.Master","viewId":"application-managepartners-display-component---masterPtm","properties":{"valueState":"None"},"searchOpenDialogs":true,"interaction":{"idSuffix":"inner"}},"clearTextFirst":true,"interactionType":"ENTER_TEXT"}]}
RESULT: {"script":"<script> [776 bytes]","args":[{"enterText":"Bucure","selector":{"controlType":"sap.m.Input","viewName":"etm.portal.ui.managepartners.view.Master","viewId":"application-managepartners-display-component---masterPtm","properties":{"valueState":"None"},"searchOpenDialogs":true,"interaction":{"idSuffix":"inner"}},"clearTextFirst":true,"interactionType":"ENTER_TEXT"}]}
COMMAND: POST /session/13ff36e378d374199407c6416a2f579d/actions - {"actions":[{"id":"action21","type":"key","parameters":{},"actions":[{"type":"keyDown","value":"î€‡"},{"type":"pause","duration":10},{"type":"keyUp","value":"î€‡"}]}]}
RESULT: {"actions":[{"id":"action21","type":"key","parameters":{},"actions":[{"type":"keyDown","value":"î€‡"},{"type":"pause","duration":10},{"type":"keyUp","value":"î€‡"}]}]}
COMMAND: GET /session/13ff36e378d374199407c6416a2f579d/screenshot - {}
RESULT: {}
COMMAND: POST /session/13ff36e378d374199407c6416a2f579d/element - {"using":"xpath","value":"(//bdi[contains(text(), \"OK\")])[1]"}
RESULT: {"using":"xpath","value":"(//bdi[contains(text(), \"OK\")])[1]"}
COMMAND: POST /session/13ff36e378d374199407c6416a2f579d/element/f.3D100000B49E76A23DA3328AC6F96CCC.d.E6468576F70F13E5F58F15E21B0F0E9A.e.6936/click - {}
RESULT: {}
COMMAND: GET /session/13ff36e378d374199407c6416a2f579d/screenshot - {}
RESULT: {}
COMMAND: POST /session/13ff36e378d374199407c6416a2f579d/element - {"using":"xpath","value":"//span[@id=\"application-managepartners-display-component---masterPtm--smartTable-header-inner\"]"}
RESULT: {"using":"xpath","value":"//span[@id=\"application-managepartners-display-component---masterPtm--smartTable-header-inner\"]"}
COMMAND: POST /session/13ff36e378d374199407c6416a2f579d/elements - {"using":"xpath","value":"//span[@id=\"application-managepartners-display-component---masterPtm--smartTable-header-inner\"]"}
RESULT: {"using":"xpath","value":"//span[@id=\"application-managepartners-display-component---masterPtm--smartTable-header-inner\"]"}
COMMAND: POST /session/13ff36e378d374199407c6416a2f579d/execute/sync - {"script":"<script> [56 bytes]","args":[{"element-6066-11e4-a52e-4f735466cecf":"f.3D100000B49E76A23DA3328AC6F96CCC.d.E6468576F70F13E5F58F15E21B0F0E9A.e.5980","ELEMENT":"f.3D100000B49E76A23DA3328AC6F96CCC.d.E6468576F70F13E5F58F15E21B0F0E9A.e.5980"}]}
RESULT: {"script":"<script> [56 bytes]","args":[{"element-6066-11e4-a52e-4f735466cecf":"f.3D100000B49E76A23DA3328AC6F96CCC.d.E6468576F70F13E5F58F15E21B0F0E9A.e.5980","ELEMENT":"f.3D100000B49E76A23DA3328AC6F96CCC.d.E6468576F70F13E5F58F15E21B0F0E9A.e.5980"}]}
COMMAND: POST /session/13ff36e378d374199407c6416a2f579d/element - {"using":"xpath","value":"//span[contains(@title, \"Remove\")]"}
COMMAND: GET /session/13ff36e378d374199407c6416a2f579d/screenshot - {}
RESULT: {"using":"xpath","value":"//span[contains(@title, \"Remove\")]"}
COMMAND: POST /session/13ff36e378d374199407c6416a2f579d/element/f.3D100000B49E76A23DA3328AC6F96CCC.d.E6468576F70F13E5F58F15E21B0F0E9A.e.7011/click - {}
RESULT: {}
RESULT: {}
COMMAND: GET /session/13ff36e378d374199407c6416a2f579d/screenshot - {}
RESULT: {}
COMMAND: POST /session/13ff36e378d374199407c6416a2f579d/element - {"using":"xpath","value":"//span[@id=\"application-managepartners-display-component---masterPtm--smartTable-header-inner\"]"}
RESULT: {"using":"xpath","value":"//span[@id=\"application-managepartners-display-component---masterPtm--smartTable-header-inner\"]"}
COMMAND: POST /session/13ff36e378d374199407c6416a2f579d/elements - {"using":"xpath","value":"//span[@id=\"application-managepartners-display-component---masterPtm--smartTable-header-inner\"]"}
RESULT: {"using":"xpath","value":"//span[@id=\"application-managepartners-display-component---masterPtm--smartTable-header-inner\"]"}
COMMAND: POST /session/13ff36e378d374199407c6416a2f579d/execute/sync - {"script":"<script> [56 bytes]","args":[{"element-6066-11e4-a52e-4f735466cecf":"f.3D100000B49E76A23DA3328AC6F96CCC.d.E6468576F70F13E5F58F15E21B0F0E9A.e.5980","ELEMENT":"f.3D100000B49E76A23DA3328AC6F96CCC.d.E6468576F70F13E5F58F15E21B0F0E9A.e.5980"}]}
RESULT: {"script":"<script> [56 bytes]","args":[{"element-6066-11e4-a52e-4f735466cecf":"f.3D100000B49E76A23DA3328AC6F96CCC.d.E6468576F70F13E5F58F15E21B0F0E9A.e.5980","ELEMENT":"f.3D100000B49E76A23DA3328AC6F96CCC.d.E6468576F70F13E5F58F15E21B0F0E9A.e.5980"}]}
COMMAND: POST /session/13ff36e378d374199407c6416a2f579d/element - {"using":"css selector","value":"#shell-header-logo"}
COMMAND: GET /session/13ff36e378d374199407c6416a2f579d/screenshot - {}
RESULT: {"using":"css selector","value":"#shell-header-logo"}
COMMAND: POST /session/13ff36e378d374199407c6416a2f579d/element/f.3D100000B49E76A23DA3328AC6F96CCC.d.E6468576F70F13E5F58F15E21B0F0E9A.e.5811/click - {}
RESULT: {}
RESULT: {}
COMMAND: GET /session/13ff36e378d374199407c6416a2f579d/screenshot - {}
RESULT: {}
]]></system-out>
    </testcase>
    <testcase classname="chrome.136_0_7103_93.windows.Partner_specific_tests_US150819_US151080_US151654_US151176_US103444_US151078_US151079_US151109_US151174_US151175_US151189" name="Should try to save empty partner US151174" time="51.083">
      <system-out><![CDATA[
COMMAND: POST /session/13ff36e378d374199407c6416a2f579d/element - {"using":"xpath","value":"//li[.//span[text()=\"Manage Partners\"]]"}
RESULT: {"using":"xpath","value":"//li[.//span[text()=\"Manage Partners\"]]"}
COMMAND: POST /session/13ff36e378d374199407c6416a2f579d/element - {"using":"xpath","value":"//li[.//span[text()=\"Manage Partners\"]]"}
RESULT: {"using":"xpath","value":"//li[.//span[text()=\"Manage Partners\"]]"}
COMMAND: POST /session/13ff36e378d374199407c6416a2f579d/element - {"using":"css selector","value":"#shell-header-logo"}
RESULT: {"using":"css selector","value":"#shell-header-logo"}
COMMAND: POST /session/13ff36e378d374199407c6416a2f579d/element/f.3D100000B49E76A23DA3328AC6F96CCC.d.E6468576F70F13E5F58F15E21B0F0E9A.e.7109/click - {}
COMMAND: POST /session/13ff36e378d374199407c6416a2f579d/execute/sync - {"script":"<script> [8489 bytes]","args":[{"element-6066-11e4-a52e-4f735466cecf":"f.3D100000B49E76A23DA3328AC6F96CCC.d.E6468576F70F13E5F58F15E21B0F0E9A.e.7109","ELEMENT":"f.3D100000B49E76A23DA3328AC6F96CCC.d.E6468576F70F13E5F58F15E21B0F0E9A.e.7109"}]}
RESULT: {}
COMMAND: GET /session/13ff36e378d374199407c6416a2f579d/screenshot - {}
RESULT: {"script":"<script> [8489 bytes]","args":[{"element-6066-11e4-a52e-4f735466cecf":"f.3D100000B49E76A23DA3328AC6F96CCC.d.E6468576F70F13E5F58F15E21B0F0E9A.e.7109","ELEMENT":"f.3D100000B49E76A23DA3328AC6F96CCC.d.E6468576F70F13E5F58F15E21B0F0E9A.e.7109"}]}
COMMAND: POST /session/13ff36e378d374199407c6416a2f579d/execute/sync - {"script":"<script> [5351 bytes]","args":[{"element-6066-11e4-a52e-4f735466cecf":"f.3D100000B49E76A23DA3328AC6F96CCC.d.E6468576F70F13E5F58F15E21B0F0E9A.e.7109","ELEMENT":"f.3D100000B49E76A23DA3328AC6F96CCC.d.E6468576F70F13E5F58F15E21B0F0E9A.e.7109"}]}
COMMAND: GET /session/13ff36e378d374199407c6416a2f579d/screenshot - {}
RESULT: {}
RESULT: {"script":"<script> [5351 bytes]","args":[{"element-6066-11e4-a52e-4f735466cecf":"f.3D100000B49E76A23DA3328AC6F96CCC.d.E6468576F70F13E5F58F15E21B0F0E9A.e.7109","ELEMENT":"f.3D100000B49E76A23DA3328AC6F96CCC.d.E6468576F70F13E5F58F15E21B0F0E9A.e.7109"}]}
COMMAND: GET /session/13ff36e378d374199407c6416a2f579d/screenshot - {}
RESULT: {}
RESULT: {}
RESULT: undefined
COMMAND: POST /session/13ff36e378d374199407c6416a2f579d/element - {"using":"xpath","value":"//*[@id=\"__tile30\"]"}
RESULT: {"using":"xpath","value":"//*[@id=\"__tile30\"]"}
COMMAND: POST /session/13ff36e378d374199407c6416a2f579d/element/f.3D100000B49E76A23DA3328AC6F96CCC.d.E6468576F70F13E5F58F15E21B0F0E9A.e.4472/click - {}
RESULT: {}
COMMAND: GET /session/13ff36e378d374199407c6416a2f579d/screenshot - {}
RESULT: {}
COMMAND: POST /session/13ff36e378d374199407c6416a2f579d/elements - {"using":"xpath","value":"//span[text()='Error']"}
RESULT: {"using":"xpath","value":"//span[text()='Error']"}
COMMAND: POST /session/13ff36e378d374199407c6416a2f579d/element - {"using":"xpath","value":"//button[@data-kt=\"addButton\"]"}
RESULT: {"using":"xpath","value":"//button[@data-kt=\"addButton\"]"}
COMMAND: POST /session/13ff36e378d374199407c6416a2f579d/elements - {"using":"xpath","value":"//button[@data-kt=\"addButton\"]"}
RESULT: {"using":"xpath","value":"//button[@data-kt=\"addButton\"]"}
COMMAND: POST /session/13ff36e378d374199407c6416a2f579d/execute/sync - {"script":"<script> [8489 bytes]","args":[{"element-6066-11e4-a52e-4f735466cecf":"f.3D100000B49E76A23DA3328AC6F96CCC.d.E6468576F70F13E5F58F15E21B0F0E9A.e.7154","ELEMENT":"f.3D100000B49E76A23DA3328AC6F96CCC.d.E6468576F70F13E5F58F15E21B0F0E9A.e.7154"}]}
RESULT: {"script":"<script> [8489 bytes]","args":[{"element-6066-11e4-a52e-4f735466cecf":"f.3D100000B49E76A23DA3328AC6F96CCC.d.E6468576F70F13E5F58F15E21B0F0E9A.e.7154","ELEMENT":"f.3D100000B49E76A23DA3328AC6F96CCC.d.E6468576F70F13E5F58F15E21B0F0E9A.e.7154"}]}
COMMAND: GET /session/13ff36e378d374199407c6416a2f579d/element/f.3D100000B49E76A23DA3328AC6F96CCC.d.E6468576F70F13E5F58F15E21B0F0E9A.e.7154/enabled - {}
COMMAND: GET /session/13ff36e378d374199407c6416a2f579d/screenshot - {}
RESULT: {}
COMMAND: POST /session/13ff36e378d374199407c6416a2f579d/execute/sync - {"script":"<script> [8489 bytes]","args":[{"element-6066-11e4-a52e-4f735466cecf":"f.3D100000B49E76A23DA3328AC6F96CCC.d.E6468576F70F13E5F58F15E21B0F0E9A.e.7154","ELEMENT":"f.3D100000B49E76A23DA3328AC6F96CCC.d.E6468576F70F13E5F58F15E21B0F0E9A.e.7154"}]}
COMMAND: GET /session/13ff36e378d374199407c6416a2f579d/screenshot - {}
RESULT: {}
RESULT: {"script":"<script> [8489 bytes]","args":[{"element-6066-11e4-a52e-4f735466cecf":"f.3D100000B49E76A23DA3328AC6F96CCC.d.E6468576F70F13E5F58F15E21B0F0E9A.e.7154","ELEMENT":"f.3D100000B49E76A23DA3328AC6F96CCC.d.E6468576F70F13E5F58F15E21B0F0E9A.e.7154"}]}
COMMAND: POST /session/13ff36e378d374199407c6416a2f579d/execute/sync - {"script":"<script> [5351 bytes]","args":[{"element-6066-11e4-a52e-4f735466cecf":"f.3D100000B49E76A23DA3328AC6F96CCC.d.E6468576F70F13E5F58F15E21B0F0E9A.e.7154","ELEMENT":"f.3D100000B49E76A23DA3328AC6F96CCC.d.E6468576F70F13E5F58F15E21B0F0E9A.e.7154"}]}
COMMAND: GET /session/13ff36e378d374199407c6416a2f579d/screenshot - {}
RESULT: {}
RESULT: {"script":"<script> [5351 bytes]","args":[{"element-6066-11e4-a52e-4f735466cecf":"f.3D100000B49E76A23DA3328AC6F96CCC.d.E6468576F70F13E5F58F15E21B0F0E9A.e.7154","ELEMENT":"f.3D100000B49E76A23DA3328AC6F96CCC.d.E6468576F70F13E5F58F15E21B0F0E9A.e.7154"}]}
COMMAND: POST /session/13ff36e378d374199407c6416a2f579d/element/f.3D100000B49E76A23DA3328AC6F96CCC.d.E6468576F70F13E5F58F15E21B0F0E9A.e.7154/click - {}
COMMAND: GET /session/13ff36e378d374199407c6416a2f579d/screenshot - {}
RESULT: {}
RESULT: {}
RESULT: {}
COMMAND: GET /session/13ff36e378d374199407c6416a2f579d/screenshot - {}
COMMAND: POST /session/13ff36e378d374199407c6416a2f579d/element - {"using":"xpath","value":"//button[@data-kt=\"saveButton\"]"}
RESULT: {}
RESULT: {"using":"xpath","value":"//button[@data-kt=\"saveButton\"]"}
COMMAND: POST /session/13ff36e378d374199407c6416a2f579d/element/f.3D100000B49E76A23DA3328AC6F96CCC.d.E6468576F70F13E5F58F15E21B0F0E9A.e.7564/click - {}
RESULT: {}
COMMAND: GET /session/13ff36e378d374199407c6416a2f579d/screenshot - {}
RESULT: {}
COMMAND: POST /session/13ff36e378d374199407c6416a2f579d/element - {"using":"xpath","value":"//span[contains(@class, \"sapMMsgBoxText\")]"}
RESULT: {"using":"xpath","value":"//span[contains(@class, \"sapMMsgBoxText\")]"}
COMMAND: POST /session/13ff36e378d374199407c6416a2f579d/execute/sync - {"script":"<script> [56 bytes]","args":[{"element-6066-11e4-a52e-4f735466cecf":"f.3D100000B49E76A23DA3328AC6F96CCC.d.E6468576F70F13E5F58F15E21B0F0E9A.e.7600","ELEMENT":"f.3D100000B49E76A23DA3328AC6F96CCC.d.E6468576F70F13E5F58F15E21B0F0E9A.e.7600"}]}
RESULT: {"script":"<script> [56 bytes]","args":[{"element-6066-11e4-a52e-4f735466cecf":"f.3D100000B49E76A23DA3328AC6F96CCC.d.E6468576F70F13E5F58F15E21B0F0E9A.e.7600","ELEMENT":"f.3D100000B49E76A23DA3328AC6F96CCC.d.E6468576F70F13E5F58F15E21B0F0E9A.e.7600"}]}
COMMAND: POST /session/13ff36e378d374199407c6416a2f579d/element - {"using":"xpath","value":"(//bdi[contains(text(), \"Close\")])[1]"}
COMMAND: POST /session/13ff36e378d374199407c6416a2f579d/elements - {"using":"xpath","value":"//span[contains(@class, \"sapMMsgBoxText\")]"}
COMMAND: GET /session/13ff36e378d374199407c6416a2f579d/screenshot - {}
RESULT: {"using":"xpath","value":"(//bdi[contains(text(), \"Close\")])[1]"}
COMMAND: POST /session/13ff36e378d374199407c6416a2f579d/element/f.3D100000B49E76A23DA3328AC6F96CCC.d.E6468576F70F13E5F58F15E21B0F0E9A.e.7601/click - {}
RESULT: {"using":"xpath","value":"//span[contains(@class, \"sapMMsgBoxText\")]"}
RESULT: {}
RESULT: {}
COMMAND: GET /session/13ff36e378d374199407c6416a2f579d/screenshot - {}
RESULT: {}
COMMAND: POST /session/13ff36e378d374199407c6416a2f579d/element - {"using":"css selector","value":"#shell-header-logo"}
RESULT: {"using":"css selector","value":"#shell-header-logo"}
COMMAND: POST /session/13ff36e378d374199407c6416a2f579d/element/f.3D100000B49E76A23DA3328AC6F96CCC.d.E6468576F70F13E5F58F15E21B0F0E9A.e.7109/click - {}
RESULT: {}
COMMAND: GET /session/13ff36e378d374199407c6416a2f579d/screenshot - {}
RESULT: {}
]]></system-out>
    </testcase>
    <testcase classname="chrome.136_0_7103_93.windows.Partner_specific_tests_US150819_US151080_US151654_US151176_US103444_US151078_US151079_US151109_US151174_US151175_US151189" name="Should do various searches US151175" time="166.736">
      <system-out><![CDATA[
COMMAND: POST /session/13ff36e378d374199407c6416a2f579d/element - {"using":"xpath","value":"//li[.//span[text()=\"Manage Partners\"]]"}
RESULT: {"using":"xpath","value":"//li[.//span[text()=\"Manage Partners\"]]"}
COMMAND: POST /session/13ff36e378d374199407c6416a2f579d/element - {"using":"xpath","value":"//li[.//span[text()=\"Manage Partners\"]]"}
RESULT: {"using":"xpath","value":"//li[.//span[text()=\"Manage Partners\"]]"}
COMMAND: POST /session/13ff36e378d374199407c6416a2f579d/element - {"using":"css selector","value":"#shell-header-logo"}
RESULT: {"using":"css selector","value":"#shell-header-logo"}
COMMAND: POST /session/13ff36e378d374199407c6416a2f579d/element/f.3D100000B49E76A23DA3328AC6F96CCC.d.E6468576F70F13E5F58F15E21B0F0E9A.e.7603/click - {}
COMMAND: POST /session/13ff36e378d374199407c6416a2f579d/execute/sync - {"script":"<script> [8489 bytes]","args":[{"element-6066-11e4-a52e-4f735466cecf":"f.3D100000B49E76A23DA3328AC6F96CCC.d.E6468576F70F13E5F58F15E21B0F0E9A.e.7603","ELEMENT":"f.3D100000B49E76A23DA3328AC6F96CCC.d.E6468576F70F13E5F58F15E21B0F0E9A.e.7603"}]}
RESULT: {"script":"<script> [8489 bytes]","args":[{"element-6066-11e4-a52e-4f735466cecf":"f.3D100000B49E76A23DA3328AC6F96CCC.d.E6468576F70F13E5F58F15E21B0F0E9A.e.7603","ELEMENT":"f.3D100000B49E76A23DA3328AC6F96CCC.d.E6468576F70F13E5F58F15E21B0F0E9A.e.7603"}]}
COMMAND: POST /session/13ff36e378d374199407c6416a2f579d/execute/sync - {"script":"<script> [5351 bytes]","args":[{"element-6066-11e4-a52e-4f735466cecf":"f.3D100000B49E76A23DA3328AC6F96CCC.d.E6468576F70F13E5F58F15E21B0F0E9A.e.7603","ELEMENT":"f.3D100000B49E76A23DA3328AC6F96CCC.d.E6468576F70F13E5F58F15E21B0F0E9A.e.7603"}]}
COMMAND: GET /session/13ff36e378d374199407c6416a2f579d/screenshot - {}
RESULT: {}
COMMAND: GET /session/13ff36e378d374199407c6416a2f579d/screenshot - {}
RESULT: {"script":"<script> [5351 bytes]","args":[{"element-6066-11e4-a52e-4f735466cecf":"f.3D100000B49E76A23DA3328AC6F96CCC.d.E6468576F70F13E5F58F15E21B0F0E9A.e.7603","ELEMENT":"f.3D100000B49E76A23DA3328AC6F96CCC.d.E6468576F70F13E5F58F15E21B0F0E9A.e.7603"}]}
COMMAND: GET /session/13ff36e378d374199407c6416a2f579d/screenshot - {}
RESULT: {}
RESULT: {}
RESULT: {}
RESULT: undefined
COMMAND: POST /session/13ff36e378d374199407c6416a2f579d/element - {"using":"xpath","value":"//*[@id=\"__tile30\"]"}
RESULT: {"using":"xpath","value":"//*[@id=\"__tile30\"]"}
COMMAND: POST /session/13ff36e378d374199407c6416a2f579d/element/f.3D100000B49E76A23DA3328AC6F96CCC.d.E6468576F70F13E5F58F15E21B0F0E9A.e.4472/click - {}
RESULT: {}
COMMAND: GET /session/13ff36e378d374199407c6416a2f579d/screenshot - {}
RESULT: {}
COMMAND: POST /session/13ff36e378d374199407c6416a2f579d/elements - {"using":"xpath","value":"//span[text()='Error']"}
RESULT: {"using":"xpath","value":"//span[text()='Error']"}
COMMAND: POST /session/13ff36e378d374199407c6416a2f579d/element - {"using":"xpath","value":"//button[@data-kt=\"addButton\"]"}
RESULT: {"using":"xpath","value":"//button[@data-kt=\"addButton\"]"}
COMMAND: POST /session/13ff36e378d374199407c6416a2f579d/elements - {"using":"xpath","value":"//button[@data-kt=\"addButton\"]"}
RESULT: {"using":"xpath","value":"//button[@data-kt=\"addButton\"]"}
COMMAND: POST /session/13ff36e378d374199407c6416a2f579d/execute/sync - {"script":"<script> [8489 bytes]","args":[{"element-6066-11e4-a52e-4f735466cecf":"f.3D100000B49E76A23DA3328AC6F96CCC.d.E6468576F70F13E5F58F15E21B0F0E9A.e.7638","ELEMENT":"f.3D100000B49E76A23DA3328AC6F96CCC.d.E6468576F70F13E5F58F15E21B0F0E9A.e.7638"}]}
RESULT: {"script":"<script> [8489 bytes]","args":[{"element-6066-11e4-a52e-4f735466cecf":"f.3D100000B49E76A23DA3328AC6F96CCC.d.E6468576F70F13E5F58F15E21B0F0E9A.e.7638","ELEMENT":"f.3D100000B49E76A23DA3328AC6F96CCC.d.E6468576F70F13E5F58F15E21B0F0E9A.e.7638"}]}
COMMAND: GET /session/13ff36e378d374199407c6416a2f579d/element/f.3D100000B49E76A23DA3328AC6F96CCC.d.E6468576F70F13E5F58F15E21B0F0E9A.e.7638/enabled - {}
COMMAND: GET /session/13ff36e378d374199407c6416a2f579d/screenshot - {}
RESULT: {}
COMMAND: POST /session/13ff36e378d374199407c6416a2f579d/execute/sync - {"script":"<script> [8489 bytes]","args":[{"element-6066-11e4-a52e-4f735466cecf":"f.3D100000B49E76A23DA3328AC6F96CCC.d.E6468576F70F13E5F58F15E21B0F0E9A.e.7638","ELEMENT":"f.3D100000B49E76A23DA3328AC6F96CCC.d.E6468576F70F13E5F58F15E21B0F0E9A.e.7638"}]}
COMMAND: GET /session/13ff36e378d374199407c6416a2f579d/screenshot - {}
RESULT: {}
RESULT: {"script":"<script> [8489 bytes]","args":[{"element-6066-11e4-a52e-4f735466cecf":"f.3D100000B49E76A23DA3328AC6F96CCC.d.E6468576F70F13E5F58F15E21B0F0E9A.e.7638","ELEMENT":"f.3D100000B49E76A23DA3328AC6F96CCC.d.E6468576F70F13E5F58F15E21B0F0E9A.e.7638"}]}
COMMAND: POST /session/13ff36e378d374199407c6416a2f579d/execute/sync - {"script":"<script> [5351 bytes]","args":[{"element-6066-11e4-a52e-4f735466cecf":"f.3D100000B49E76A23DA3328AC6F96CCC.d.E6468576F70F13E5F58F15E21B0F0E9A.e.7638","ELEMENT":"f.3D100000B49E76A23DA3328AC6F96CCC.d.E6468576F70F13E5F58F15E21B0F0E9A.e.7638"}]}
COMMAND: GET /session/13ff36e378d374199407c6416a2f579d/screenshot - {}
RESULT: {}
RESULT: {"script":"<script> [5351 bytes]","args":[{"element-6066-11e4-a52e-4f735466cecf":"f.3D100000B49E76A23DA3328AC6F96CCC.d.E6468576F70F13E5F58F15E21B0F0E9A.e.7638","ELEMENT":"f.3D100000B49E76A23DA3328AC6F96CCC.d.E6468576F70F13E5F58F15E21B0F0E9A.e.7638"}]}
COMMAND: GET /session/13ff36e378d374199407c6416a2f579d/screenshot - {}
RESULT: {}
RESULT: {}
COMMAND: POST /session/13ff36e378d374199407c6416a2f579d/element - {"using":"xpath","value":"//span[@id=\"application-managepartners-display-component---masterPtm--smartTable-header-inner\"]"}
RESULT: {"using":"xpath","value":"//span[@id=\"application-managepartners-display-component---masterPtm--smartTable-header-inner\"]"}
COMMAND: POST /session/13ff36e378d374199407c6416a2f579d/elements - {"using":"xpath","value":"//span[@id=\"application-managepartners-display-component---masterPtm--smartTable-header-inner\"]"}
RESULT: {"using":"xpath","value":"//span[@id=\"application-managepartners-display-component---masterPtm--smartTable-header-inner\"]"}
COMMAND: POST /session/13ff36e378d374199407c6416a2f579d/execute/sync - {"script":"<script> [56 bytes]","args":[{"element-6066-11e4-a52e-4f735466cecf":"f.3D100000B49E76A23DA3328AC6F96CCC.d.E6468576F70F13E5F58F15E21B0F0E9A.e.7774","ELEMENT":"f.3D100000B49E76A23DA3328AC6F96CCC.d.E6468576F70F13E5F58F15E21B0F0E9A.e.7774"}]}
RESULT: {"script":"<script> [56 bytes]","args":[{"element-6066-11e4-a52e-4f735466cecf":"f.3D100000B49E76A23DA3328AC6F96CCC.d.E6468576F70F13E5F58F15E21B0F0E9A.e.7774","ELEMENT":"f.3D100000B49E76A23DA3328AC6F96CCC.d.E6468576F70F13E5F58F15E21B0F0E9A.e.7774"}]}
RESULT: undefined
COMMAND: POST /session/13ff36e378d374199407c6416a2f579d/element - {"using":"xpath","value":"//*[@id=\"application-managepartners-display-component---masterPtm--smartFilterBar-btnFilters\"]"}
COMMAND: GET /session/13ff36e378d374199407c6416a2f579d/screenshot - {}
RESULT: {"using":"xpath","value":"//*[@id=\"application-managepartners-display-component---masterPtm--smartFilterBar-btnFilters\"]"}
COMMAND: POST /session/13ff36e378d374199407c6416a2f579d/element/f.3D100000B49E76A23DA3328AC6F96CCC.d.E6468576F70F13E5F58F15E21B0F0E9A.e.7614/click - {}
RESULT: {}
RESULT: {}
COMMAND: GET /session/13ff36e378d374199407c6416a2f579d/screenshot - {}
RESULT: {}
COMMAND: POST /session/13ff36e378d374199407c6416a2f579d/elements - {"using":"xpath","value":"//table[contains(@id, \"listView-innerSelectionPanelTable-listUl\")]/tbody/tr"}
RESULT: {"using":"xpath","value":"//table[contains(@id, \"listView-innerSelectionPanelTable-listUl\")]/tbody/tr"}
COMMAND: POST /session/13ff36e378d374199407c6416a2f579d/element - {"using":"xpath","value":"//table[contains(@id, \"listView-innerSelectionPanelTable-listUl\")]/tbody/tr[2]/td[2]/div/div"}
RESULT: {"using":"xpath","value":"//table[contains(@id, \"listView-innerSelectionPanelTable-listUl\")]/tbody/tr[2]/td[2]/div/div"}
COMMAND: POST /session/13ff36e378d374199407c6416a2f579d/element - {"using":"xpath","value":"//table[contains(@id, \"listView-innerSelectionPanelTable-listUl\")]/tbody/tr[2]/td[2]/div"}
RESULT: {"using":"xpath","value":"//table[contains(@id, \"listView-innerSelectionPanelTable-listUl\")]/tbody/tr[2]/td[2]/div"}
COMMAND: POST /session/13ff36e378d374199407c6416a2f579d/element - {"using":"xpath","value":"//table[contains(@id, \"listView-innerSelectionPanelTable-listUl\")]/tbody/tr[2]/td[3]/div/div/span/span[1]/bdi"}
RESULT: {"using":"xpath","value":"//table[contains(@id, \"listView-innerSelectionPanelTable-listUl\")]/tbody/tr[2]/td[3]/div/div/span/span[1]/bdi"}
COMMAND: POST /session/13ff36e378d374199407c6416a2f579d/execute/sync - {"script":"<script> [56 bytes]","args":[{"element-6066-11e4-a52e-4f735466cecf":"f.3D100000B49E76A23DA3328AC6F96CCC.d.E6468576F70F13E5F58F15E21B0F0E9A.e.7842","ELEMENT":"f.3D100000B49E76A23DA3328AC6F96CCC.d.E6468576F70F13E5F58F15E21B0F0E9A.e.7842"}]}
RESULT: {"script":"<script> [56 bytes]","args":[{"element-6066-11e4-a52e-4f735466cecf":"f.3D100000B49E76A23DA3328AC6F96CCC.d.E6468576F70F13E5F58F15E21B0F0E9A.e.7842","ELEMENT":"f.3D100000B49E76A23DA3328AC6F96CCC.d.E6468576F70F13E5F58F15E21B0F0E9A.e.7842"}]}
COMMAND: GET /session/13ff36e378d374199407c6416a2f579d/element/f.3D100000B49E76A23DA3328AC6F96CCC.d.E6468576F70F13E5F58F15E21B0F0E9A.e.7841/attribute/aria-checked - {}
COMMAND: GET /session/13ff36e378d374199407c6416a2f579d/screenshot - {}
RESULT: {}
COMMAND: POST /session/13ff36e378d374199407c6416a2f579d/element - {"using":"xpath","value":"//table[contains(@id, \"listView-innerSelectionPanelTable-listUl\")]/tbody/tr[3]/td[2]/div/div"}
RESULT: {}
RESULT: {"using":"xpath","value":"//table[contains(@id, \"listView-innerSelectionPanelTable-listUl\")]/tbody/tr[3]/td[2]/div/div"}
COMMAND: POST /session/13ff36e378d374199407c6416a2f579d/element - {"using":"xpath","value":"//table[contains(@id, \"listView-innerSelectionPanelTable-listUl\")]/tbody/tr[3]/td[2]/div"}
RESULT: {"using":"xpath","value":"//table[contains(@id, \"listView-innerSelectionPanelTable-listUl\")]/tbody/tr[3]/td[2]/div"}
COMMAND: POST /session/13ff36e378d374199407c6416a2f579d/element - {"using":"xpath","value":"//table[contains(@id, \"listView-innerSelectionPanelTable-listUl\")]/tbody/tr[3]/td[3]/div/div/span/span[1]/bdi"}
RESULT: {"using":"xpath","value":"//table[contains(@id, \"listView-innerSelectionPanelTable-listUl\")]/tbody/tr[3]/td[3]/div/div/span/span[1]/bdi"}
COMMAND: POST /session/13ff36e378d374199407c6416a2f579d/execute/sync - {"script":"<script> [56 bytes]","args":[{"element-6066-11e4-a52e-4f735466cecf":"f.3D100000B49E76A23DA3328AC6F96CCC.d.E6468576F70F13E5F58F15E21B0F0E9A.e.7845","ELEMENT":"f.3D100000B49E76A23DA3328AC6F96CCC.d.E6468576F70F13E5F58F15E21B0F0E9A.e.7845"}]}
RESULT: {"script":"<script> [56 bytes]","args":[{"element-6066-11e4-a52e-4f735466cecf":"f.3D100000B49E76A23DA3328AC6F96CCC.d.E6468576F70F13E5F58F15E21B0F0E9A.e.7845","ELEMENT":"f.3D100000B49E76A23DA3328AC6F96CCC.d.E6468576F70F13E5F58F15E21B0F0E9A.e.7845"}]}
COMMAND: GET /session/13ff36e378d374199407c6416a2f579d/element/f.3D100000B49E76A23DA3328AC6F96CCC.d.E6468576F70F13E5F58F15E21B0F0E9A.e.7844/attribute/aria-checked - {}
COMMAND: GET /session/13ff36e378d374199407c6416a2f579d/screenshot - {}
RESULT: {}
COMMAND: POST /session/13ff36e378d374199407c6416a2f579d/element - {"using":"xpath","value":"//table[contains(@id, \"listView-innerSelectionPanelTable-listUl\")]/tbody/tr[4]/td[2]/div/div"}
RESULT: {}
RESULT: {"using":"xpath","value":"//table[contains(@id, \"listView-innerSelectionPanelTable-listUl\")]/tbody/tr[4]/td[2]/div/div"}
COMMAND: POST /session/13ff36e378d374199407c6416a2f579d/element - {"using":"xpath","value":"//table[contains(@id, \"listView-innerSelectionPanelTable-listUl\")]/tbody/tr[4]/td[2]/div"}
RESULT: {"using":"xpath","value":"//table[contains(@id, \"listView-innerSelectionPanelTable-listUl\")]/tbody/tr[4]/td[2]/div"}
COMMAND: POST /session/13ff36e378d374199407c6416a2f579d/element - {"using":"xpath","value":"//table[contains(@id, \"listView-innerSelectionPanelTable-listUl\")]/tbody/tr[4]/td[3]/div/div/span/span[1]/bdi"}
RESULT: {"using":"xpath","value":"//table[contains(@id, \"listView-innerSelectionPanelTable-listUl\")]/tbody/tr[4]/td[3]/div/div/span/span[1]/bdi"}
COMMAND: POST /session/13ff36e378d374199407c6416a2f579d/execute/sync - {"script":"<script> [56 bytes]","args":[{"element-6066-11e4-a52e-4f735466cecf":"f.3D100000B49E76A23DA3328AC6F96CCC.d.E6468576F70F13E5F58F15E21B0F0E9A.e.7848","ELEMENT":"f.3D100000B49E76A23DA3328AC6F96CCC.d.E6468576F70F13E5F58F15E21B0F0E9A.e.7848"}]}
RESULT: {"script":"<script> [56 bytes]","args":[{"element-6066-11e4-a52e-4f735466cecf":"f.3D100000B49E76A23DA3328AC6F96CCC.d.E6468576F70F13E5F58F15E21B0F0E9A.e.7848","ELEMENT":"f.3D100000B49E76A23DA3328AC6F96CCC.d.E6468576F70F13E5F58F15E21B0F0E9A.e.7848"}]}
COMMAND: GET /session/13ff36e378d374199407c6416a2f579d/element/f.3D100000B49E76A23DA3328AC6F96CCC.d.E6468576F70F13E5F58F15E21B0F0E9A.e.7847/attribute/aria-checked - {}
COMMAND: GET /session/13ff36e378d374199407c6416a2f579d/screenshot - {}
RESULT: {}
COMMAND: POST /session/13ff36e378d374199407c6416a2f579d/element - {"using":"xpath","value":"//table[contains(@id, \"listView-innerSelectionPanelTable-listUl\")]/tbody/tr[5]/td[2]/div/div"}
RESULT: {}
RESULT: {"using":"xpath","value":"//table[contains(@id, \"listView-innerSelectionPanelTable-listUl\")]/tbody/tr[5]/td[2]/div/div"}
COMMAND: POST /session/13ff36e378d374199407c6416a2f579d/element - {"using":"xpath","value":"//table[contains(@id, \"listView-innerSelectionPanelTable-listUl\")]/tbody/tr[5]/td[2]/div"}
RESULT: {"using":"xpath","value":"//table[contains(@id, \"listView-innerSelectionPanelTable-listUl\")]/tbody/tr[5]/td[2]/div"}
COMMAND: POST /session/13ff36e378d374199407c6416a2f579d/element - {"using":"xpath","value":"//table[contains(@id, \"listView-innerSelectionPanelTable-listUl\")]/tbody/tr[5]/td[3]/div/div/span/span[1]/bdi"}
RESULT: {"using":"xpath","value":"//table[contains(@id, \"listView-innerSelectionPanelTable-listUl\")]/tbody/tr[5]/td[3]/div/div/span/span[1]/bdi"}
COMMAND: POST /session/13ff36e378d374199407c6416a2f579d/execute/sync - {"script":"<script> [56 bytes]","args":[{"element-6066-11e4-a52e-4f735466cecf":"f.3D100000B49E76A23DA3328AC6F96CCC.d.E6468576F70F13E5F58F15E21B0F0E9A.e.7851","ELEMENT":"f.3D100000B49E76A23DA3328AC6F96CCC.d.E6468576F70F13E5F58F15E21B0F0E9A.e.7851"}]}
RESULT: {"script":"<script> [56 bytes]","args":[{"element-6066-11e4-a52e-4f735466cecf":"f.3D100000B49E76A23DA3328AC6F96CCC.d.E6468576F70F13E5F58F15E21B0F0E9A.e.7851","ELEMENT":"f.3D100000B49E76A23DA3328AC6F96CCC.d.E6468576F70F13E5F58F15E21B0F0E9A.e.7851"}]}
COMMAND: GET /session/13ff36e378d374199407c6416a2f579d/element/f.3D100000B49E76A23DA3328AC6F96CCC.d.E6468576F70F13E5F58F15E21B0F0E9A.e.7850/attribute/aria-checked - {}
COMMAND: GET /session/13ff36e378d374199407c6416a2f579d/screenshot - {}
RESULT: {}
COMMAND: POST /session/13ff36e378d374199407c6416a2f579d/element - {"using":"xpath","value":"//table[contains(@id, \"listView-innerSelectionPanelTable-listUl\")]/tbody/tr[6]/td[2]/div/div"}
RESULT: {}
RESULT: {"using":"xpath","value":"//table[contains(@id, \"listView-innerSelectionPanelTable-listUl\")]/tbody/tr[6]/td[2]/div/div"}
COMMAND: POST /session/13ff36e378d374199407c6416a2f579d/element - {"using":"xpath","value":"//table[contains(@id, \"listView-innerSelectionPanelTable-listUl\")]/tbody/tr[6]/td[2]/div"}
RESULT: {"using":"xpath","value":"//table[contains(@id, \"listView-innerSelectionPanelTable-listUl\")]/tbody/tr[6]/td[2]/div"}
COMMAND: POST /session/13ff36e378d374199407c6416a2f579d/element - {"using":"xpath","value":"//table[contains(@id, \"listView-innerSelectionPanelTable-listUl\")]/tbody/tr[6]/td[3]/div/div/span/span[1]/bdi"}
RESULT: {"using":"xpath","value":"//table[contains(@id, \"listView-innerSelectionPanelTable-listUl\")]/tbody/tr[6]/td[3]/div/div/span/span[1]/bdi"}
COMMAND: POST /session/13ff36e378d374199407c6416a2f579d/execute/sync - {"script":"<script> [56 bytes]","args":[{"element-6066-11e4-a52e-4f735466cecf":"f.3D100000B49E76A23DA3328AC6F96CCC.d.E6468576F70F13E5F58F15E21B0F0E9A.e.7854","ELEMENT":"f.3D100000B49E76A23DA3328AC6F96CCC.d.E6468576F70F13E5F58F15E21B0F0E9A.e.7854"}]}
RESULT: {"script":"<script> [56 bytes]","args":[{"element-6066-11e4-a52e-4f735466cecf":"f.3D100000B49E76A23DA3328AC6F96CCC.d.E6468576F70F13E5F58F15E21B0F0E9A.e.7854","ELEMENT":"f.3D100000B49E76A23DA3328AC6F96CCC.d.E6468576F70F13E5F58F15E21B0F0E9A.e.7854"}]}
COMMAND: GET /session/13ff36e378d374199407c6416a2f579d/element/f.3D100000B49E76A23DA3328AC6F96CCC.d.E6468576F70F13E5F58F15E21B0F0E9A.e.7853/attribute/aria-checked - {}
COMMAND: GET /session/13ff36e378d374199407c6416a2f579d/screenshot - {}
RESULT: {}
COMMAND: POST /session/13ff36e378d374199407c6416a2f579d/element - {"using":"xpath","value":"//table[contains(@id, \"listView-innerSelectionPanelTable-listUl\")]/tbody/tr[7]/td[2]/div/div"}
RESULT: {}
RESULT: {"using":"xpath","value":"//table[contains(@id, \"listView-innerSelectionPanelTable-listUl\")]/tbody/tr[7]/td[2]/div/div"}
COMMAND: POST /session/13ff36e378d374199407c6416a2f579d/element - {"using":"xpath","value":"//table[contains(@id, \"listView-innerSelectionPanelTable-listUl\")]/tbody/tr[7]/td[2]/div"}
RESULT: {"using":"xpath","value":"//table[contains(@id, \"listView-innerSelectionPanelTable-listUl\")]/tbody/tr[7]/td[2]/div"}
COMMAND: POST /session/13ff36e378d374199407c6416a2f579d/element - {"using":"xpath","value":"//table[contains(@id, \"listView-innerSelectionPanelTable-listUl\")]/tbody/tr[7]/td[3]/div/div/span/span[1]/bdi"}
RESULT: {"using":"xpath","value":"//table[contains(@id, \"listView-innerSelectionPanelTable-listUl\")]/tbody/tr[7]/td[3]/div/div/span/span[1]/bdi"}
COMMAND: POST /session/13ff36e378d374199407c6416a2f579d/execute/sync - {"script":"<script> [56 bytes]","args":[{"element-6066-11e4-a52e-4f735466cecf":"f.3D100000B49E76A23DA3328AC6F96CCC.d.E6468576F70F13E5F58F15E21B0F0E9A.e.7857","ELEMENT":"f.3D100000B49E76A23DA3328AC6F96CCC.d.E6468576F70F13E5F58F15E21B0F0E9A.e.7857"}]}
RESULT: {"script":"<script> [56 bytes]","args":[{"element-6066-11e4-a52e-4f735466cecf":"f.3D100000B49E76A23DA3328AC6F96CCC.d.E6468576F70F13E5F58F15E21B0F0E9A.e.7857","ELEMENT":"f.3D100000B49E76A23DA3328AC6F96CCC.d.E6468576F70F13E5F58F15E21B0F0E9A.e.7857"}]}
COMMAND: GET /session/13ff36e378d374199407c6416a2f579d/element/f.3D100000B49E76A23DA3328AC6F96CCC.d.E6468576F70F13E5F58F15E21B0F0E9A.e.7856/attribute/aria-checked - {}
COMMAND: GET /session/13ff36e378d374199407c6416a2f579d/screenshot - {}
RESULT: {}
COMMAND: POST /session/13ff36e378d374199407c6416a2f579d/element - {"using":"xpath","value":"//table[contains(@id, \"listView-innerSelectionPanelTable-listUl\")]/tbody/tr[8]/td[2]/div/div"}
RESULT: {}
RESULT: {"using":"xpath","value":"//table[contains(@id, \"listView-innerSelectionPanelTable-listUl\")]/tbody/tr[8]/td[2]/div/div"}
COMMAND: POST /session/13ff36e378d374199407c6416a2f579d/element - {"using":"xpath","value":"//table[contains(@id, \"listView-innerSelectionPanelTable-listUl\")]/tbody/tr[8]/td[2]/div"}
RESULT: {"using":"xpath","value":"//table[contains(@id, \"listView-innerSelectionPanelTable-listUl\")]/tbody/tr[8]/td[2]/div"}
COMMAND: POST /session/13ff36e378d374199407c6416a2f579d/element - {"using":"xpath","value":"//table[contains(@id, \"listView-innerSelectionPanelTable-listUl\")]/tbody/tr[8]/td[3]/div/div/span/span[1]/bdi"}
RESULT: {"using":"xpath","value":"//table[contains(@id, \"listView-innerSelectionPanelTable-listUl\")]/tbody/tr[8]/td[3]/div/div/span/span[1]/bdi"}
COMMAND: POST /session/13ff36e378d374199407c6416a2f579d/execute/sync - {"script":"<script> [56 bytes]","args":[{"element-6066-11e4-a52e-4f735466cecf":"f.3D100000B49E76A23DA3328AC6F96CCC.d.E6468576F70F13E5F58F15E21B0F0E9A.e.7860","ELEMENT":"f.3D100000B49E76A23DA3328AC6F96CCC.d.E6468576F70F13E5F58F15E21B0F0E9A.e.7860"}]}
RESULT: {"script":"<script> [56 bytes]","args":[{"element-6066-11e4-a52e-4f735466cecf":"f.3D100000B49E76A23DA3328AC6F96CCC.d.E6468576F70F13E5F58F15E21B0F0E9A.e.7860","ELEMENT":"f.3D100000B49E76A23DA3328AC6F96CCC.d.E6468576F70F13E5F58F15E21B0F0E9A.e.7860"}]}
COMMAND: GET /session/13ff36e378d374199407c6416a2f579d/element/f.3D100000B49E76A23DA3328AC6F96CCC.d.E6468576F70F13E5F58F15E21B0F0E9A.e.7859/attribute/aria-checked - {}
COMMAND: GET /session/13ff36e378d374199407c6416a2f579d/screenshot - {}
RESULT: {}
COMMAND: POST /session/13ff36e378d374199407c6416a2f579d/element - {"using":"xpath","value":"//table[contains(@id, \"listView-innerSelectionPanelTable-listUl\")]/tbody/tr[9]/td[2]/div/div"}
RESULT: {}
RESULT: {"using":"xpath","value":"//table[contains(@id, \"listView-innerSelectionPanelTable-listUl\")]/tbody/tr[9]/td[2]/div/div"}
COMMAND: POST /session/13ff36e378d374199407c6416a2f579d/element - {"using":"xpath","value":"//table[contains(@id, \"listView-innerSelectionPanelTable-listUl\")]/tbody/tr[9]/td[2]/div"}
RESULT: {"using":"xpath","value":"//table[contains(@id, \"listView-innerSelectionPanelTable-listUl\")]/tbody/tr[9]/td[2]/div"}
COMMAND: POST /session/13ff36e378d374199407c6416a2f579d/element - {"using":"xpath","value":"//table[contains(@id, \"listView-innerSelectionPanelTable-listUl\")]/tbody/tr[9]/td[3]/div/div/span/span[1]/bdi"}
RESULT: {"using":"xpath","value":"//table[contains(@id, \"listView-innerSelectionPanelTable-listUl\")]/tbody/tr[9]/td[3]/div/div/span/span[1]/bdi"}
COMMAND: POST /session/13ff36e378d374199407c6416a2f579d/execute/sync - {"script":"<script> [56 bytes]","args":[{"element-6066-11e4-a52e-4f735466cecf":"f.3D100000B49E76A23DA3328AC6F96CCC.d.E6468576F70F13E5F58F15E21B0F0E9A.e.7863","ELEMENT":"f.3D100000B49E76A23DA3328AC6F96CCC.d.E6468576F70F13E5F58F15E21B0F0E9A.e.7863"}]}
RESULT: {"script":"<script> [56 bytes]","args":[{"element-6066-11e4-a52e-4f735466cecf":"f.3D100000B49E76A23DA3328AC6F96CCC.d.E6468576F70F13E5F58F15E21B0F0E9A.e.7863","ELEMENT":"f.3D100000B49E76A23DA3328AC6F96CCC.d.E6468576F70F13E5F58F15E21B0F0E9A.e.7863"}]}
COMMAND: GET /session/13ff36e378d374199407c6416a2f579d/element/f.3D100000B49E76A23DA3328AC6F96CCC.d.E6468576F70F13E5F58F15E21B0F0E9A.e.7862/attribute/aria-checked - {}
COMMAND: GET /session/13ff36e378d374199407c6416a2f579d/screenshot - {}
RESULT: {}
COMMAND: POST /session/13ff36e378d374199407c6416a2f579d/element - {"using":"xpath","value":"//table[contains(@id, \"listView-innerSelectionPanelTable-listUl\")]/tbody/tr[10]/td[2]/div/div"}
RESULT: {}
RESULT: {"using":"xpath","value":"//table[contains(@id, \"listView-innerSelectionPanelTable-listUl\")]/tbody/tr[10]/td[2]/div/div"}
COMMAND: POST /session/13ff36e378d374199407c6416a2f579d/element - {"using":"xpath","value":"//table[contains(@id, \"listView-innerSelectionPanelTable-listUl\")]/tbody/tr[10]/td[2]/div"}
RESULT: {"using":"xpath","value":"//table[contains(@id, \"listView-innerSelectionPanelTable-listUl\")]/tbody/tr[10]/td[2]/div"}
COMMAND: POST /session/13ff36e378d374199407c6416a2f579d/element - {"using":"xpath","value":"//table[contains(@id, \"listView-innerSelectionPanelTable-listUl\")]/tbody/tr[10]/td[3]/div/div/span/span[1]/bdi"}
RESULT: {"using":"xpath","value":"//table[contains(@id, \"listView-innerSelectionPanelTable-listUl\")]/tbody/tr[10]/td[3]/div/div/span/span[1]/bdi"}
COMMAND: POST /session/13ff36e378d374199407c6416a2f579d/execute/sync - {"script":"<script> [56 bytes]","args":[{"element-6066-11e4-a52e-4f735466cecf":"f.3D100000B49E76A23DA3328AC6F96CCC.d.E6468576F70F13E5F58F15E21B0F0E9A.e.7866","ELEMENT":"f.3D100000B49E76A23DA3328AC6F96CCC.d.E6468576F70F13E5F58F15E21B0F0E9A.e.7866"}]}
RESULT: {"script":"<script> [56 bytes]","args":[{"element-6066-11e4-a52e-4f735466cecf":"f.3D100000B49E76A23DA3328AC6F96CCC.d.E6468576F70F13E5F58F15E21B0F0E9A.e.7866","ELEMENT":"f.3D100000B49E76A23DA3328AC6F96CCC.d.E6468576F70F13E5F58F15E21B0F0E9A.e.7866"}]}
COMMAND: GET /session/13ff36e378d374199407c6416a2f579d/element/f.3D100000B49E76A23DA3328AC6F96CCC.d.E6468576F70F13E5F58F15E21B0F0E9A.e.7865/attribute/aria-checked - {}
COMMAND: GET /session/13ff36e378d374199407c6416a2f579d/screenshot - {}
RESULT: {}
COMMAND: POST /session/13ff36e378d374199407c6416a2f579d/element - {"using":"xpath","value":"//table[contains(@id, \"listView-innerSelectionPanelTable-listUl\")]/tbody/tr[11]/td[2]/div/div"}
RESULT: {}
RESULT: {"using":"xpath","value":"//table[contains(@id, \"listView-innerSelectionPanelTable-listUl\")]/tbody/tr[11]/td[2]/div/div"}
COMMAND: POST /session/13ff36e378d374199407c6416a2f579d/element - {"using":"xpath","value":"//table[contains(@id, \"listView-innerSelectionPanelTable-listUl\")]/tbody/tr[11]/td[2]/div"}
RESULT: {"using":"xpath","value":"//table[contains(@id, \"listView-innerSelectionPanelTable-listUl\")]/tbody/tr[11]/td[2]/div"}
COMMAND: POST /session/13ff36e378d374199407c6416a2f579d/element - {"using":"xpath","value":"//table[contains(@id, \"listView-innerSelectionPanelTable-listUl\")]/tbody/tr[11]/td[3]/div/div/span/span[1]/bdi"}
RESULT: {"using":"xpath","value":"//table[contains(@id, \"listView-innerSelectionPanelTable-listUl\")]/tbody/tr[11]/td[3]/div/div/span/span[1]/bdi"}
COMMAND: POST /session/13ff36e378d374199407c6416a2f579d/execute/sync - {"script":"<script> [56 bytes]","args":[{"element-6066-11e4-a52e-4f735466cecf":"f.3D100000B49E76A23DA3328AC6F96CCC.d.E6468576F70F13E5F58F15E21B0F0E9A.e.7869","ELEMENT":"f.3D100000B49E76A23DA3328AC6F96CCC.d.E6468576F70F13E5F58F15E21B0F0E9A.e.7869"}]}
RESULT: {"script":"<script> [56 bytes]","args":[{"element-6066-11e4-a52e-4f735466cecf":"f.3D100000B49E76A23DA3328AC6F96CCC.d.E6468576F70F13E5F58F15E21B0F0E9A.e.7869","ELEMENT":"f.3D100000B49E76A23DA3328AC6F96CCC.d.E6468576F70F13E5F58F15E21B0F0E9A.e.7869"}]}
COMMAND: GET /session/13ff36e378d374199407c6416a2f579d/element/f.3D100000B49E76A23DA3328AC6F96CCC.d.E6468576F70F13E5F58F15E21B0F0E9A.e.7868/attribute/aria-checked - {}
COMMAND: GET /session/13ff36e378d374199407c6416a2f579d/screenshot - {}
RESULT: {}
COMMAND: POST /session/13ff36e378d374199407c6416a2f579d/element - {"using":"xpath","value":"//table[contains(@id, \"listView-innerSelectionPanelTable-listUl\")]/tbody/tr[12]/td[2]/div/div"}
RESULT: {}
RESULT: {"using":"xpath","value":"//table[contains(@id, \"listView-innerSelectionPanelTable-listUl\")]/tbody/tr[12]/td[2]/div/div"}
COMMAND: POST /session/13ff36e378d374199407c6416a2f579d/element - {"using":"xpath","value":"//table[contains(@id, \"listView-innerSelectionPanelTable-listUl\")]/tbody/tr[12]/td[2]/div"}
RESULT: {"using":"xpath","value":"//table[contains(@id, \"listView-innerSelectionPanelTable-listUl\")]/tbody/tr[12]/td[2]/div"}
COMMAND: POST /session/13ff36e378d374199407c6416a2f579d/element - {"using":"xpath","value":"//table[contains(@id, \"listView-innerSelectionPanelTable-listUl\")]/tbody/tr[12]/td[3]/div/div/span/span[1]/bdi"}
RESULT: {"using":"xpath","value":"//table[contains(@id, \"listView-innerSelectionPanelTable-listUl\")]/tbody/tr[12]/td[3]/div/div/span/span[1]/bdi"}
COMMAND: POST /session/13ff36e378d374199407c6416a2f579d/execute/sync - {"script":"<script> [56 bytes]","args":[{"element-6066-11e4-a52e-4f735466cecf":"f.3D100000B49E76A23DA3328AC6F96CCC.d.E6468576F70F13E5F58F15E21B0F0E9A.e.7872","ELEMENT":"f.3D100000B49E76A23DA3328AC6F96CCC.d.E6468576F70F13E5F58F15E21B0F0E9A.e.7872"}]}
RESULT: {"script":"<script> [56 bytes]","args":[{"element-6066-11e4-a52e-4f735466cecf":"f.3D100000B49E76A23DA3328AC6F96CCC.d.E6468576F70F13E5F58F15E21B0F0E9A.e.7872","ELEMENT":"f.3D100000B49E76A23DA3328AC6F96CCC.d.E6468576F70F13E5F58F15E21B0F0E9A.e.7872"}]}
COMMAND: GET /session/13ff36e378d374199407c6416a2f579d/element/f.3D100000B49E76A23DA3328AC6F96CCC.d.E6468576F70F13E5F58F15E21B0F0E9A.e.7871/attribute/aria-checked - {}
COMMAND: GET /session/13ff36e378d374199407c6416a2f579d/screenshot - {}
RESULT: {}
COMMAND: POST /session/13ff36e378d374199407c6416a2f579d/element - {"using":"xpath","value":"//table[contains(@id, \"listView-innerSelectionPanelTable-listUl\")]/tbody/tr[13]/td[2]/div/div"}
RESULT: {}
RESULT: {"using":"xpath","value":"//table[contains(@id, \"listView-innerSelectionPanelTable-listUl\")]/tbody/tr[13]/td[2]/div/div"}
COMMAND: POST /session/13ff36e378d374199407c6416a2f579d/element - {"using":"xpath","value":"//table[contains(@id, \"listView-innerSelectionPanelTable-listUl\")]/tbody/tr[13]/td[2]/div"}
RESULT: {"using":"xpath","value":"//table[contains(@id, \"listView-innerSelectionPanelTable-listUl\")]/tbody/tr[13]/td[2]/div"}
COMMAND: POST /session/13ff36e378d374199407c6416a2f579d/element - {"using":"xpath","value":"//table[contains(@id, \"listView-innerSelectionPanelTable-listUl\")]/tbody/tr[13]/td[3]/div/div/span/span[1]/bdi"}
RESULT: {"using":"xpath","value":"//table[contains(@id, \"listView-innerSelectionPanelTable-listUl\")]/tbody/tr[13]/td[3]/div/div/span/span[1]/bdi"}
COMMAND: POST /session/13ff36e378d374199407c6416a2f579d/execute/sync - {"script":"<script> [56 bytes]","args":[{"element-6066-11e4-a52e-4f735466cecf":"f.3D100000B49E76A23DA3328AC6F96CCC.d.E6468576F70F13E5F58F15E21B0F0E9A.e.7875","ELEMENT":"f.3D100000B49E76A23DA3328AC6F96CCC.d.E6468576F70F13E5F58F15E21B0F0E9A.e.7875"}]}
RESULT: {"script":"<script> [56 bytes]","args":[{"element-6066-11e4-a52e-4f735466cecf":"f.3D100000B49E76A23DA3328AC6F96CCC.d.E6468576F70F13E5F58F15E21B0F0E9A.e.7875","ELEMENT":"f.3D100000B49E76A23DA3328AC6F96CCC.d.E6468576F70F13E5F58F15E21B0F0E9A.e.7875"}]}
COMMAND: GET /session/13ff36e378d374199407c6416a2f579d/element/f.3D100000B49E76A23DA3328AC6F96CCC.d.E6468576F70F13E5F58F15E21B0F0E9A.e.7874/attribute/aria-checked - {}
COMMAND: GET /session/13ff36e378d374199407c6416a2f579d/screenshot - {}
RESULT: {}
COMMAND: POST /session/13ff36e378d374199407c6416a2f579d/element - {"using":"xpath","value":"//table[contains(@id, \"listView-innerSelectionPanelTable-listUl\")]/tbody/tr[14]/td[2]/div/div"}
RESULT: {}
RESULT: {"using":"xpath","value":"//table[contains(@id, \"listView-innerSelectionPanelTable-listUl\")]/tbody/tr[14]/td[2]/div/div"}
COMMAND: POST /session/13ff36e378d374199407c6416a2f579d/element - {"using":"xpath","value":"//table[contains(@id, \"listView-innerSelectionPanelTable-listUl\")]/tbody/tr[14]/td[2]/div"}
RESULT: {"using":"xpath","value":"//table[contains(@id, \"listView-innerSelectionPanelTable-listUl\")]/tbody/tr[14]/td[2]/div"}
COMMAND: POST /session/13ff36e378d374199407c6416a2f579d/element - {"using":"xpath","value":"//table[contains(@id, \"listView-innerSelectionPanelTable-listUl\")]/tbody/tr[14]/td[3]/div/div/span/span[1]/bdi"}
RESULT: {"using":"xpath","value":"//table[contains(@id, \"listView-innerSelectionPanelTable-listUl\")]/tbody/tr[14]/td[3]/div/div/span/span[1]/bdi"}
COMMAND: POST /session/13ff36e378d374199407c6416a2f579d/execute/sync - {"script":"<script> [56 bytes]","args":[{"element-6066-11e4-a52e-4f735466cecf":"f.3D100000B49E76A23DA3328AC6F96CCC.d.E6468576F70F13E5F58F15E21B0F0E9A.e.7878","ELEMENT":"f.3D100000B49E76A23DA3328AC6F96CCC.d.E6468576F70F13E5F58F15E21B0F0E9A.e.7878"}]}
RESULT: {"script":"<script> [56 bytes]","args":[{"element-6066-11e4-a52e-4f735466cecf":"f.3D100000B49E76A23DA3328AC6F96CCC.d.E6468576F70F13E5F58F15E21B0F0E9A.e.7878","ELEMENT":"f.3D100000B49E76A23DA3328AC6F96CCC.d.E6468576F70F13E5F58F15E21B0F0E9A.e.7878"}]}
COMMAND: GET /session/13ff36e378d374199407c6416a2f579d/element/f.3D100000B49E76A23DA3328AC6F96CCC.d.E6468576F70F13E5F58F15E21B0F0E9A.e.7877/attribute/aria-checked - {}
COMMAND: GET /session/13ff36e378d374199407c6416a2f579d/screenshot - {}
RESULT: {}
COMMAND: POST /session/13ff36e378d374199407c6416a2f579d/element - {"using":"xpath","value":"//table[contains(@id, \"listView-innerSelectionPanelTable-listUl\")]/tbody/tr[15]/td[2]/div/div"}
RESULT: {}
RESULT: {"using":"xpath","value":"//table[contains(@id, \"listView-innerSelectionPanelTable-listUl\")]/tbody/tr[15]/td[2]/div/div"}
COMMAND: POST /session/13ff36e378d374199407c6416a2f579d/element - {"using":"xpath","value":"//table[contains(@id, \"listView-innerSelectionPanelTable-listUl\")]/tbody/tr[15]/td[2]/div"}
RESULT: {"using":"xpath","value":"//table[contains(@id, \"listView-innerSelectionPanelTable-listUl\")]/tbody/tr[15]/td[2]/div"}
COMMAND: POST /session/13ff36e378d374199407c6416a2f579d/element - {"using":"xpath","value":"//table[contains(@id, \"listView-innerSelectionPanelTable-listUl\")]/tbody/tr[15]/td[3]/div/div/span/span[1]/bdi"}
RESULT: {"using":"xpath","value":"//table[contains(@id, \"listView-innerSelectionPanelTable-listUl\")]/tbody/tr[15]/td[3]/div/div/span/span[1]/bdi"}
COMMAND: POST /session/13ff36e378d374199407c6416a2f579d/execute/sync - {"script":"<script> [56 bytes]","args":[{"element-6066-11e4-a52e-4f735466cecf":"f.3D100000B49E76A23DA3328AC6F96CCC.d.E6468576F70F13E5F58F15E21B0F0E9A.e.7881","ELEMENT":"f.3D100000B49E76A23DA3328AC6F96CCC.d.E6468576F70F13E5F58F15E21B0F0E9A.e.7881"}]}
RESULT: {"script":"<script> [56 bytes]","args":[{"element-6066-11e4-a52e-4f735466cecf":"f.3D100000B49E76A23DA3328AC6F96CCC.d.E6468576F70F13E5F58F15E21B0F0E9A.e.7881","ELEMENT":"f.3D100000B49E76A23DA3328AC6F96CCC.d.E6468576F70F13E5F58F15E21B0F0E9A.e.7881"}]}
COMMAND: GET /session/13ff36e378d374199407c6416a2f579d/element/f.3D100000B49E76A23DA3328AC6F96CCC.d.E6468576F70F13E5F58F15E21B0F0E9A.e.7880/attribute/aria-checked - {}
COMMAND: GET /session/13ff36e378d374199407c6416a2f579d/screenshot - {}
RESULT: {}
COMMAND: POST /session/13ff36e378d374199407c6416a2f579d/element - {"using":"xpath","value":"//table[contains(@id, \"listView-innerSelectionPanelTable-listUl\")]/tbody/tr[16]/td[2]/div/div"}
RESULT: {}
RESULT: {"using":"xpath","value":"//table[contains(@id, \"listView-innerSelectionPanelTable-listUl\")]/tbody/tr[16]/td[2]/div/div"}
COMMAND: POST /session/13ff36e378d374199407c6416a2f579d/element - {"using":"xpath","value":"//table[contains(@id, \"listView-innerSelectionPanelTable-listUl\")]/tbody/tr[16]/td[2]/div"}
RESULT: {"using":"xpath","value":"//table[contains(@id, \"listView-innerSelectionPanelTable-listUl\")]/tbody/tr[16]/td[2]/div"}
COMMAND: POST /session/13ff36e378d374199407c6416a2f579d/element - {"using":"xpath","value":"//table[contains(@id, \"listView-innerSelectionPanelTable-listUl\")]/tbody/tr[16]/td[3]/div/div/span/span[1]/bdi"}
RESULT: {"using":"xpath","value":"//table[contains(@id, \"listView-innerSelectionPanelTable-listUl\")]/tbody/tr[16]/td[3]/div/div/span/span[1]/bdi"}
COMMAND: POST /session/13ff36e378d374199407c6416a2f579d/execute/sync - {"script":"<script> [56 bytes]","args":[{"element-6066-11e4-a52e-4f735466cecf":"f.3D100000B49E76A23DA3328AC6F96CCC.d.E6468576F70F13E5F58F15E21B0F0E9A.e.7884","ELEMENT":"f.3D100000B49E76A23DA3328AC6F96CCC.d.E6468576F70F13E5F58F15E21B0F0E9A.e.7884"}]}
RESULT: {"script":"<script> [56 bytes]","args":[{"element-6066-11e4-a52e-4f735466cecf":"f.3D100000B49E76A23DA3328AC6F96CCC.d.E6468576F70F13E5F58F15E21B0F0E9A.e.7884","ELEMENT":"f.3D100000B49E76A23DA3328AC6F96CCC.d.E6468576F70F13E5F58F15E21B0F0E9A.e.7884"}]}
COMMAND: GET /session/13ff36e378d374199407c6416a2f579d/element/f.3D100000B49E76A23DA3328AC6F96CCC.d.E6468576F70F13E5F58F15E21B0F0E9A.e.7883/attribute/aria-checked - {}
COMMAND: GET /session/13ff36e378d374199407c6416a2f579d/screenshot - {}
RESULT: {}
COMMAND: POST /session/13ff36e378d374199407c6416a2f579d/element - {"using":"xpath","value":"//table[contains(@id, \"listView-innerSelectionPanelTable-listUl\")]/tbody/tr[17]/td[2]/div/div"}
RESULT: {}
RESULT: {"using":"xpath","value":"//table[contains(@id, \"listView-innerSelectionPanelTable-listUl\")]/tbody/tr[17]/td[2]/div/div"}
COMMAND: POST /session/13ff36e378d374199407c6416a2f579d/element - {"using":"xpath","value":"//table[contains(@id, \"listView-innerSelectionPanelTable-listUl\")]/tbody/tr[17]/td[2]/div"}
RESULT: {"using":"xpath","value":"//table[contains(@id, \"listView-innerSelectionPanelTable-listUl\")]/tbody/tr[17]/td[2]/div"}
COMMAND: POST /session/13ff36e378d374199407c6416a2f579d/element - {"using":"xpath","value":"//table[contains(@id, \"listView-innerSelectionPanelTable-listUl\")]/tbody/tr[17]/td[3]/div/div/span/span[1]/bdi"}
RESULT: {"using":"xpath","value":"//table[contains(@id, \"listView-innerSelectionPanelTable-listUl\")]/tbody/tr[17]/td[3]/div/div/span/span[1]/bdi"}
COMMAND: POST /session/13ff36e378d374199407c6416a2f579d/execute/sync - {"script":"<script> [56 bytes]","args":[{"element-6066-11e4-a52e-4f735466cecf":"f.3D100000B49E76A23DA3328AC6F96CCC.d.E6468576F70F13E5F58F15E21B0F0E9A.e.7887","ELEMENT":"f.3D100000B49E76A23DA3328AC6F96CCC.d.E6468576F70F13E5F58F15E21B0F0E9A.e.7887"}]}
RESULT: {"script":"<script> [56 bytes]","args":[{"element-6066-11e4-a52e-4f735466cecf":"f.3D100000B49E76A23DA3328AC6F96CCC.d.E6468576F70F13E5F58F15E21B0F0E9A.e.7887","ELEMENT":"f.3D100000B49E76A23DA3328AC6F96CCC.d.E6468576F70F13E5F58F15E21B0F0E9A.e.7887"}]}
COMMAND: GET /session/13ff36e378d374199407c6416a2f579d/element/f.3D100000B49E76A23DA3328AC6F96CCC.d.E6468576F70F13E5F58F15E21B0F0E9A.e.7886/attribute/aria-checked - {}
COMMAND: GET /session/13ff36e378d374199407c6416a2f579d/screenshot - {}
RESULT: {}
COMMAND: POST /session/13ff36e378d374199407c6416a2f579d/element - {"using":"xpath","value":"//table[contains(@id, \"listView-innerSelectionPanelTable-listUl\")]/tbody/tr[18]/td[2]/div/div"}
RESULT: {}
RESULT: {"using":"xpath","value":"//table[contains(@id, \"listView-innerSelectionPanelTable-listUl\")]/tbody/tr[18]/td[2]/div/div"}
COMMAND: POST /session/13ff36e378d374199407c6416a2f579d/element - {"using":"xpath","value":"//table[contains(@id, \"listView-innerSelectionPanelTable-listUl\")]/tbody/tr[18]/td[2]/div"}
RESULT: {"using":"xpath","value":"//table[contains(@id, \"listView-innerSelectionPanelTable-listUl\")]/tbody/tr[18]/td[2]/div"}
COMMAND: POST /session/13ff36e378d374199407c6416a2f579d/element - {"using":"xpath","value":"//table[contains(@id, \"listView-innerSelectionPanelTable-listUl\")]/tbody/tr[18]/td[3]/div/div/span/span[1]/bdi"}
RESULT: {"using":"xpath","value":"//table[contains(@id, \"listView-innerSelectionPanelTable-listUl\")]/tbody/tr[18]/td[3]/div/div/span/span[1]/bdi"}
COMMAND: POST /session/13ff36e378d374199407c6416a2f579d/execute/sync - {"script":"<script> [56 bytes]","args":[{"element-6066-11e4-a52e-4f735466cecf":"f.3D100000B49E76A23DA3328AC6F96CCC.d.E6468576F70F13E5F58F15E21B0F0E9A.e.7890","ELEMENT":"f.3D100000B49E76A23DA3328AC6F96CCC.d.E6468576F70F13E5F58F15E21B0F0E9A.e.7890"}]}
RESULT: {"script":"<script> [56 bytes]","args":[{"element-6066-11e4-a52e-4f735466cecf":"f.3D100000B49E76A23DA3328AC6F96CCC.d.E6468576F70F13E5F58F15E21B0F0E9A.e.7890","ELEMENT":"f.3D100000B49E76A23DA3328AC6F96CCC.d.E6468576F70F13E5F58F15E21B0F0E9A.e.7890"}]}
COMMAND: GET /session/13ff36e378d374199407c6416a2f579d/element/f.3D100000B49E76A23DA3328AC6F96CCC.d.E6468576F70F13E5F58F15E21B0F0E9A.e.7889/attribute/aria-checked - {}
COMMAND: GET /session/13ff36e378d374199407c6416a2f579d/screenshot - {}
RESULT: {}
COMMAND: POST /session/13ff36e378d374199407c6416a2f579d/element - {"using":"xpath","value":"//table[contains(@id, \"listView-innerSelectionPanelTable-listUl\")]/tbody/tr[19]/td[2]/div/div"}
RESULT: {}
RESULT: {"using":"xpath","value":"//table[contains(@id, \"listView-innerSelectionPanelTable-listUl\")]/tbody/tr[19]/td[2]/div/div"}
COMMAND: POST /session/13ff36e378d374199407c6416a2f579d/element - {"using":"xpath","value":"//table[contains(@id, \"listView-innerSelectionPanelTable-listUl\")]/tbody/tr[19]/td[2]/div"}
RESULT: {"using":"xpath","value":"//table[contains(@id, \"listView-innerSelectionPanelTable-listUl\")]/tbody/tr[19]/td[2]/div"}
COMMAND: POST /session/13ff36e378d374199407c6416a2f579d/element - {"using":"xpath","value":"//table[contains(@id, \"listView-innerSelectionPanelTable-listUl\")]/tbody/tr[19]/td[3]/div/div/span/span[1]/bdi"}
RESULT: {"using":"xpath","value":"//table[contains(@id, \"listView-innerSelectionPanelTable-listUl\")]/tbody/tr[19]/td[3]/div/div/span/span[1]/bdi"}
COMMAND: POST /session/13ff36e378d374199407c6416a2f579d/execute/sync - {"script":"<script> [56 bytes]","args":[{"element-6066-11e4-a52e-4f735466cecf":"f.3D100000B49E76A23DA3328AC6F96CCC.d.E6468576F70F13E5F58F15E21B0F0E9A.e.7893","ELEMENT":"f.3D100000B49E76A23DA3328AC6F96CCC.d.E6468576F70F13E5F58F15E21B0F0E9A.e.7893"}]}
RESULT: {"script":"<script> [56 bytes]","args":[{"element-6066-11e4-a52e-4f735466cecf":"f.3D100000B49E76A23DA3328AC6F96CCC.d.E6468576F70F13E5F58F15E21B0F0E9A.e.7893","ELEMENT":"f.3D100000B49E76A23DA3328AC6F96CCC.d.E6468576F70F13E5F58F15E21B0F0E9A.e.7893"}]}
COMMAND: GET /session/13ff36e378d374199407c6416a2f579d/element/f.3D100000B49E76A23DA3328AC6F96CCC.d.E6468576F70F13E5F58F15E21B0F0E9A.e.7892/attribute/aria-checked - {}
COMMAND: GET /session/13ff36e378d374199407c6416a2f579d/screenshot - {}
RESULT: {}
COMMAND: POST /session/13ff36e378d374199407c6416a2f579d/element - {"using":"xpath","value":"//table[contains(@id, \"listView-innerSelectionPanelTable-listUl\")]/tbody/tr[20]/td[2]/div/div"}
RESULT: {}
RESULT: {"using":"xpath","value":"//table[contains(@id, \"listView-innerSelectionPanelTable-listUl\")]/tbody/tr[20]/td[2]/div/div"}
COMMAND: POST /session/13ff36e378d374199407c6416a2f579d/element - {"using":"xpath","value":"//table[contains(@id, \"listView-innerSelectionPanelTable-listUl\")]/tbody/tr[20]/td[2]/div"}
RESULT: {"using":"xpath","value":"//table[contains(@id, \"listView-innerSelectionPanelTable-listUl\")]/tbody/tr[20]/td[2]/div"}
COMMAND: POST /session/13ff36e378d374199407c6416a2f579d/element - {"using":"xpath","value":"//table[contains(@id, \"listView-innerSelectionPanelTable-listUl\")]/tbody/tr[20]/td[3]/div/div/span/span[1]/bdi"}
RESULT: {"using":"xpath","value":"//table[contains(@id, \"listView-innerSelectionPanelTable-listUl\")]/tbody/tr[20]/td[3]/div/div/span/span[1]/bdi"}
COMMAND: POST /session/13ff36e378d374199407c6416a2f579d/execute/sync - {"script":"<script> [56 bytes]","args":[{"element-6066-11e4-a52e-4f735466cecf":"f.3D100000B49E76A23DA3328AC6F96CCC.d.E6468576F70F13E5F58F15E21B0F0E9A.e.7896","ELEMENT":"f.3D100000B49E76A23DA3328AC6F96CCC.d.E6468576F70F13E5F58F15E21B0F0E9A.e.7896"}]}
RESULT: {"script":"<script> [56 bytes]","args":[{"element-6066-11e4-a52e-4f735466cecf":"f.3D100000B49E76A23DA3328AC6F96CCC.d.E6468576F70F13E5F58F15E21B0F0E9A.e.7896","ELEMENT":"f.3D100000B49E76A23DA3328AC6F96CCC.d.E6468576F70F13E5F58F15E21B0F0E9A.e.7896"}]}
COMMAND: GET /session/13ff36e378d374199407c6416a2f579d/element/f.3D100000B49E76A23DA3328AC6F96CCC.d.E6468576F70F13E5F58F15E21B0F0E9A.e.7895/attribute/aria-checked - {}
COMMAND: GET /session/13ff36e378d374199407c6416a2f579d/screenshot - {}
RESULT: {}
COMMAND: POST /session/13ff36e378d374199407c6416a2f579d/element - {"using":"xpath","value":"//table[contains(@id, \"listView-innerSelectionPanelTable-listUl\")]/tbody/tr[21]/td[2]/div/div"}
COMMAND: POST /session/13ff36e378d374199407c6416a2f579d/element/f.3D100000B49E76A23DA3328AC6F96CCC.d.E6468576F70F13E5F58F15E21B0F0E9A.e.7894/click - {}
RESULT: {}
RESULT: {"using":"xpath","value":"//table[contains(@id, \"listView-innerSelectionPanelTable-listUl\")]/tbody/tr[21]/td[2]/div/div"}
COMMAND: POST /session/13ff36e378d374199407c6416a2f579d/element - {"using":"xpath","value":"//table[contains(@id, \"listView-innerSelectionPanelTable-listUl\")]/tbody/tr[21]/td[2]/div"}
RESULT: {}
COMMAND: GET /session/13ff36e378d374199407c6416a2f579d/screenshot - {}
RESULT: {"using":"xpath","value":"//table[contains(@id, \"listView-innerSelectionPanelTable-listUl\")]/tbody/tr[21]/td[2]/div"}
COMMAND: POST /session/13ff36e378d374199407c6416a2f579d/element - {"using":"xpath","value":"//table[contains(@id, \"listView-innerSelectionPanelTable-listUl\")]/tbody/tr[21]/td[3]/div/div/span/span[1]/bdi"}
RESULT: {}
RESULT: {"using":"xpath","value":"//table[contains(@id, \"listView-innerSelectionPanelTable-listUl\")]/tbody/tr[21]/td[3]/div/div/span/span[1]/bdi"}
COMMAND: POST /session/13ff36e378d374199407c6416a2f579d/execute/sync - {"script":"<script> [56 bytes]","args":[{"element-6066-11e4-a52e-4f735466cecf":"f.3D100000B49E76A23DA3328AC6F96CCC.d.E6468576F70F13E5F58F15E21B0F0E9A.e.7902","ELEMENT":"f.3D100000B49E76A23DA3328AC6F96CCC.d.E6468576F70F13E5F58F15E21B0F0E9A.e.7902"}]}
RESULT: {"script":"<script> [56 bytes]","args":[{"element-6066-11e4-a52e-4f735466cecf":"f.3D100000B49E76A23DA3328AC6F96CCC.d.E6468576F70F13E5F58F15E21B0F0E9A.e.7902","ELEMENT":"f.3D100000B49E76A23DA3328AC6F96CCC.d.E6468576F70F13E5F58F15E21B0F0E9A.e.7902"}]}
COMMAND: GET /session/13ff36e378d374199407c6416a2f579d/element/f.3D100000B49E76A23DA3328AC6F96CCC.d.E6468576F70F13E5F58F15E21B0F0E9A.e.7901/attribute/aria-checked - {}
COMMAND: GET /session/13ff36e378d374199407c6416a2f579d/screenshot - {}
RESULT: {}
COMMAND: POST /session/13ff36e378d374199407c6416a2f579d/element - {"using":"xpath","value":"//table[contains(@id, \"listView-innerSelectionPanelTable-listUl\")]/tbody/tr[22]/td[2]/div/div"}
COMMAND: POST /session/13ff36e378d374199407c6416a2f579d/element/f.3D100000B49E76A23DA3328AC6F96CCC.d.E6468576F70F13E5F58F15E21B0F0E9A.e.7897/click - {}
RESULT: {}
RESULT: {}
COMMAND: GET /session/13ff36e378d374199407c6416a2f579d/screenshot - {}
RESULT: {"using":"xpath","value":"//table[contains(@id, \"listView-innerSelectionPanelTable-listUl\")]/tbody/tr[22]/td[2]/div/div"}
COMMAND: POST /session/13ff36e378d374199407c6416a2f579d/element - {"using":"xpath","value":"//table[contains(@id, \"listView-innerSelectionPanelTable-listUl\")]/tbody/tr[22]/td[2]/div"}
RESULT: {}
RESULT: {"using":"xpath","value":"//table[contains(@id, \"listView-innerSelectionPanelTable-listUl\")]/tbody/tr[22]/td[2]/div"}
COMMAND: POST /session/13ff36e378d374199407c6416a2f579d/element - {"using":"xpath","value":"//table[contains(@id, \"listView-innerSelectionPanelTable-listUl\")]/tbody/tr[22]/td[3]/div/div/span/span[1]/bdi"}
RESULT: {"using":"xpath","value":"//table[contains(@id, \"listView-innerSelectionPanelTable-listUl\")]/tbody/tr[22]/td[3]/div/div/span/span[1]/bdi"}
COMMAND: POST /session/13ff36e378d374199407c6416a2f579d/execute/sync - {"script":"<script> [56 bytes]","args":[{"element-6066-11e4-a52e-4f735466cecf":"f.3D100000B49E76A23DA3328AC6F96CCC.d.E6468576F70F13E5F58F15E21B0F0E9A.e.7906","ELEMENT":"f.3D100000B49E76A23DA3328AC6F96CCC.d.E6468576F70F13E5F58F15E21B0F0E9A.e.7906"}]}
RESULT: {"script":"<script> [56 bytes]","args":[{"element-6066-11e4-a52e-4f735466cecf":"f.3D100000B49E76A23DA3328AC6F96CCC.d.E6468576F70F13E5F58F15E21B0F0E9A.e.7906","ELEMENT":"f.3D100000B49E76A23DA3328AC6F96CCC.d.E6468576F70F13E5F58F15E21B0F0E9A.e.7906"}]}
COMMAND: GET /session/13ff36e378d374199407c6416a2f579d/element/f.3D100000B49E76A23DA3328AC6F96CCC.d.E6468576F70F13E5F58F15E21B0F0E9A.e.7905/attribute/aria-checked - {}
COMMAND: GET /session/13ff36e378d374199407c6416a2f579d/screenshot - {}
RESULT: {}
COMMAND: POST /session/13ff36e378d374199407c6416a2f579d/element - {"using":"xpath","value":"//table[contains(@id, \"listView-innerSelectionPanelTable-listUl\")]/tbody/tr[23]/td[2]/div/div"}
RESULT: {}
RESULT: {"using":"xpath","value":"//table[contains(@id, \"listView-innerSelectionPanelTable-listUl\")]/tbody/tr[23]/td[2]/div/div"}
COMMAND: POST /session/13ff36e378d374199407c6416a2f579d/element - {"using":"xpath","value":"//table[contains(@id, \"listView-innerSelectionPanelTable-listUl\")]/tbody/tr[23]/td[2]/div"}
RESULT: {"using":"xpath","value":"//table[contains(@id, \"listView-innerSelectionPanelTable-listUl\")]/tbody/tr[23]/td[2]/div"}
COMMAND: POST /session/13ff36e378d374199407c6416a2f579d/element - {"using":"xpath","value":"//table[contains(@id, \"listView-innerSelectionPanelTable-listUl\")]/tbody/tr[23]/td[3]/div/div/span/span[1]/bdi"}
RESULT: {"using":"xpath","value":"//table[contains(@id, \"listView-innerSelectionPanelTable-listUl\")]/tbody/tr[23]/td[3]/div/div/span/span[1]/bdi"}
COMMAND: POST /session/13ff36e378d374199407c6416a2f579d/execute/sync - {"script":"<script> [56 bytes]","args":[{"element-6066-11e4-a52e-4f735466cecf":"f.3D100000B49E76A23DA3328AC6F96CCC.d.E6468576F70F13E5F58F15E21B0F0E9A.e.7909","ELEMENT":"f.3D100000B49E76A23DA3328AC6F96CCC.d.E6468576F70F13E5F58F15E21B0F0E9A.e.7909"}]}
RESULT: {"script":"<script> [56 bytes]","args":[{"element-6066-11e4-a52e-4f735466cecf":"f.3D100000B49E76A23DA3328AC6F96CCC.d.E6468576F70F13E5F58F15E21B0F0E9A.e.7909","ELEMENT":"f.3D100000B49E76A23DA3328AC6F96CCC.d.E6468576F70F13E5F58F15E21B0F0E9A.e.7909"}]}
COMMAND: GET /session/13ff36e378d374199407c6416a2f579d/element/f.3D100000B49E76A23DA3328AC6F96CCC.d.E6468576F70F13E5F58F15E21B0F0E9A.e.7908/attribute/aria-checked - {}
COMMAND: GET /session/13ff36e378d374199407c6416a2f579d/screenshot - {}
RESULT: {}
COMMAND: POST /session/13ff36e378d374199407c6416a2f579d/element - {"using":"xpath","value":"//table[contains(@id, \"listView-innerSelectionPanelTable-listUl\")]/tbody/tr[24]/td[2]/div/div"}
RESULT: {}
RESULT: {"using":"xpath","value":"//table[contains(@id, \"listView-innerSelectionPanelTable-listUl\")]/tbody/tr[24]/td[2]/div/div"}
COMMAND: POST /session/13ff36e378d374199407c6416a2f579d/element - {"using":"xpath","value":"//table[contains(@id, \"listView-innerSelectionPanelTable-listUl\")]/tbody/tr[24]/td[2]/div"}
RESULT: {"using":"xpath","value":"//table[contains(@id, \"listView-innerSelectionPanelTable-listUl\")]/tbody/tr[24]/td[2]/div"}
COMMAND: POST /session/13ff36e378d374199407c6416a2f579d/element - {"using":"xpath","value":"//table[contains(@id, \"listView-innerSelectionPanelTable-listUl\")]/tbody/tr[24]/td[3]/div/div/span/span[1]/bdi"}
RESULT: {"using":"xpath","value":"//table[contains(@id, \"listView-innerSelectionPanelTable-listUl\")]/tbody/tr[24]/td[3]/div/div/span/span[1]/bdi"}
COMMAND: POST /session/13ff36e378d374199407c6416a2f579d/execute/sync - {"script":"<script> [56 bytes]","args":[{"element-6066-11e4-a52e-4f735466cecf":"f.3D100000B49E76A23DA3328AC6F96CCC.d.E6468576F70F13E5F58F15E21B0F0E9A.e.7912","ELEMENT":"f.3D100000B49E76A23DA3328AC6F96CCC.d.E6468576F70F13E5F58F15E21B0F0E9A.e.7912"}]}
RESULT: {"script":"<script> [56 bytes]","args":[{"element-6066-11e4-a52e-4f735466cecf":"f.3D100000B49E76A23DA3328AC6F96CCC.d.E6468576F70F13E5F58F15E21B0F0E9A.e.7912","ELEMENT":"f.3D100000B49E76A23DA3328AC6F96CCC.d.E6468576F70F13E5F58F15E21B0F0E9A.e.7912"}]}
COMMAND: GET /session/13ff36e378d374199407c6416a2f579d/element/f.3D100000B49E76A23DA3328AC6F96CCC.d.E6468576F70F13E5F58F15E21B0F0E9A.e.7911/attribute/aria-checked - {}
COMMAND: GET /session/13ff36e378d374199407c6416a2f579d/screenshot - {}
RESULT: {}
COMMAND: POST /session/13ff36e378d374199407c6416a2f579d/element - {"using":"xpath","value":"//table[contains(@id, \"listView-innerSelectionPanelTable-listUl\")]/tbody/tr[25]/td[2]/div/div"}
RESULT: {}
RESULT: {"using":"xpath","value":"//table[contains(@id, \"listView-innerSelectionPanelTable-listUl\")]/tbody/tr[25]/td[2]/div/div"}
COMMAND: POST /session/13ff36e378d374199407c6416a2f579d/element - {"using":"xpath","value":"//table[contains(@id, \"listView-innerSelectionPanelTable-listUl\")]/tbody/tr[25]/td[2]/div"}
RESULT: {"using":"xpath","value":"//table[contains(@id, \"listView-innerSelectionPanelTable-listUl\")]/tbody/tr[25]/td[2]/div"}
COMMAND: POST /session/13ff36e378d374199407c6416a2f579d/element - {"using":"xpath","value":"//table[contains(@id, \"listView-innerSelectionPanelTable-listUl\")]/tbody/tr[25]/td[3]/div/div/span/span[1]/bdi"}
RESULT: {"using":"xpath","value":"//table[contains(@id, \"listView-innerSelectionPanelTable-listUl\")]/tbody/tr[25]/td[3]/div/div/span/span[1]/bdi"}
COMMAND: POST /session/13ff36e378d374199407c6416a2f579d/execute/sync - {"script":"<script> [56 bytes]","args":[{"element-6066-11e4-a52e-4f735466cecf":"f.3D100000B49E76A23DA3328AC6F96CCC.d.E6468576F70F13E5F58F15E21B0F0E9A.e.7915","ELEMENT":"f.3D100000B49E76A23DA3328AC6F96CCC.d.E6468576F70F13E5F58F15E21B0F0E9A.e.7915"}]}
RESULT: {"script":"<script> [56 bytes]","args":[{"element-6066-11e4-a52e-4f735466cecf":"f.3D100000B49E76A23DA3328AC6F96CCC.d.E6468576F70F13E5F58F15E21B0F0E9A.e.7915","ELEMENT":"f.3D100000B49E76A23DA3328AC6F96CCC.d.E6468576F70F13E5F58F15E21B0F0E9A.e.7915"}]}
COMMAND: GET /session/13ff36e378d374199407c6416a2f579d/element/f.3D100000B49E76A23DA3328AC6F96CCC.d.E6468576F70F13E5F58F15E21B0F0E9A.e.7914/attribute/aria-checked - {}
COMMAND: GET /session/13ff36e378d374199407c6416a2f579d/screenshot - {}
RESULT: {}
COMMAND: POST /session/13ff36e378d374199407c6416a2f579d/element - {"using":"xpath","value":"//bdi[contains(text(), \"OK\")]"}
RESULT: {}
RESULT: {"using":"xpath","value":"//bdi[contains(text(), \"OK\")]"}
COMMAND: POST /session/13ff36e378d374199407c6416a2f579d/element/f.3D100000B49E76A23DA3328AC6F96CCC.d.E6468576F70F13E5F58F15E21B0F0E9A.e.7916/click - {}
RESULT: {}
COMMAND: GET /session/13ff36e378d374199407c6416a2f579d/screenshot - {}
RESULT: {}
COMMAND: POST /session/13ff36e378d374199407c6416a2f579d/execute/async - {"script":"<script> [1562 bytes]","args":[{"selector":{"id":"application-managepartners-display-component---masterPtm--smartFilterBar-filterItemControlA_-LINK_TO_ADDRESSES_MAIN.ID-vhi"},"wdio_ui5_key":"applicationmanagepartners-display-component---masterPtm--smartFilterBar-filterItemControlA_-LINK_TO_ADDRESSES_MAIN.ID-vhi"}]}
RESULT: {"script":"<script> [1562 bytes]","args":[{"selector":{"id":"application-managepartners-display-component---masterPtm--smartFilterBar-filterItemControlA_-LINK_TO_ADDRESSES_MAIN.ID-vhi"},"wdio_ui5_key":"applicationmanagepartners-display-component---masterPtm--smartFilterBar-filterItemControlA_-LINK_TO_ADDRESSES_MAIN.ID-vhi"}]}
RESULT: undefined
COMMAND: POST /session/13ff36e378d374199407c6416a2f579d/element - {"using":"xpath","value":"//*[@id=\"application-managepartners-display-component---masterPtm--smartFilterBar-filterItemControlA_-LINK_TO_ADDRESSES_MAIN.ID-vhi\"]"}
RESULT: {"using":"xpath","value":"//*[@id=\"application-managepartners-display-component---masterPtm--smartFilterBar-filterItemControlA_-LINK_TO_ADDRESSES_MAIN.ID-vhi\"]"}
COMMAND: POST /session/13ff36e378d374199407c6416a2f579d/element/f.3D100000B49E76A23DA3328AC6F96CCC.d.E6468576F70F13E5F58F15E21B0F0E9A.e.7929/click - {}
RESULT: {}
COMMAND: GET /session/13ff36e378d374199407c6416a2f579d/screenshot - {}
RESULT: {}
COMMAND: POST /session/13ff36e378d374199407c6416a2f579d/element - {"using":"xpath","value":"//div[input[@value=\"contains\"]]//span[contains(@id, \"arrow\")]"}
RESULT: {"using":"xpath","value":"//div[input[@value=\"contains\"]]//span[contains(@id, \"arrow\")]"}
COMMAND: POST /session/13ff36e378d374199407c6416a2f579d/element/f.3D100000B49E76A23DA3328AC6F96CCC.d.E6468576F70F13E5F58F15E21B0F0E9A.e.7934/click - {}
RESULT: {}
COMMAND: GET /session/13ff36e378d374199407c6416a2f579d/screenshot - {}
RESULT: {}
COMMAND: POST /session/13ff36e378d374199407c6416a2f579d/element - {"using":"xpath","value":"//li[.//span[text()='equal to']]"}
RESULT: {"using":"xpath","value":"//li[.//span[text()='equal to']]"}
COMMAND: POST /session/13ff36e378d374199407c6416a2f579d/element/f.3D100000B49E76A23DA3328AC6F96CCC.d.E6468576F70F13E5F58F15E21B0F0E9A.e.7935/click - {}
RESULT: {}
COMMAND: GET /session/13ff36e378d374199407c6416a2f579d/screenshot - {}
RESULT: {}
RESULT: undefined
COMMAND: POST /session/13ff36e378d374199407c6416a2f579d/execute/async - {"script":"<script> [776 bytes]","args":[{"enterText":"1006","selector":{"controlType":"sap.m.Input","viewName":"etm.portal.ui.managepartners.view.Master","viewId":"application-managepartners-display-component---masterPtm","properties":{"valueState":"None"},"searchOpenDialogs":true,"interaction":{"idSuffix":"inner"}},"clearTextFirst":true,"interactionType":"ENTER_TEXT"}]}
RESULT: {"script":"<script> [776 bytes]","args":[{"enterText":"1006","selector":{"controlType":"sap.m.Input","viewName":"etm.portal.ui.managepartners.view.Master","viewId":"application-managepartners-display-component---masterPtm","properties":{"valueState":"None"},"searchOpenDialogs":true,"interaction":{"idSuffix":"inner"}},"clearTextFirst":true,"interactionType":"ENTER_TEXT"}]}
COMMAND: POST /session/13ff36e378d374199407c6416a2f579d/actions - {"actions":[{"id":"action22","type":"key","parameters":{},"actions":[{"type":"keyDown","value":"î€‡"},{"type":"pause","duration":10},{"type":"keyUp","value":"î€‡"}]}]}
RESULT: {"actions":[{"id":"action22","type":"key","parameters":{},"actions":[{"type":"keyDown","value":"î€‡"},{"type":"pause","duration":10},{"type":"keyUp","value":"î€‡"}]}]}
COMMAND: GET /session/13ff36e378d374199407c6416a2f579d/screenshot - {}
RESULT: {}
COMMAND: POST /session/13ff36e378d374199407c6416a2f579d/element - {"using":"xpath","value":"(//bdi[contains(text(), \"OK\")])[1]"}
RESULT: {"using":"xpath","value":"(//bdi[contains(text(), \"OK\")])[1]"}
COMMAND: POST /session/13ff36e378d374199407c6416a2f579d/element/f.3D100000B49E76A23DA3328AC6F96CCC.d.E6468576F70F13E5F58F15E21B0F0E9A.e.7936/click - {}
RESULT: {}
COMMAND: GET /session/13ff36e378d374199407c6416a2f579d/screenshot - {}
RESULT: {}
COMMAND: POST /session/13ff36e378d374199407c6416a2f579d/element - {"using":"xpath","value":"//span[@id=\"application-managepartners-display-component---masterPtm--smartTable-header-inner\"]"}
RESULT: {"using":"xpath","value":"//span[@id=\"application-managepartners-display-component---masterPtm--smartTable-header-inner\"]"}
COMMAND: POST /session/13ff36e378d374199407c6416a2f579d/elements - {"using":"xpath","value":"//span[@id=\"application-managepartners-display-component---masterPtm--smartTable-header-inner\"]"}
RESULT: {"using":"xpath","value":"//span[@id=\"application-managepartners-display-component---masterPtm--smartTable-header-inner\"]"}
COMMAND: POST /session/13ff36e378d374199407c6416a2f579d/execute/sync - {"script":"<script> [56 bytes]","args":[{"element-6066-11e4-a52e-4f735466cecf":"f.3D100000B49E76A23DA3328AC6F96CCC.d.E6468576F70F13E5F58F15E21B0F0E9A.e.7774","ELEMENT":"f.3D100000B49E76A23DA3328AC6F96CCC.d.E6468576F70F13E5F58F15E21B0F0E9A.e.7774"}]}
RESULT: {"script":"<script> [56 bytes]","args":[{"element-6066-11e4-a52e-4f735466cecf":"f.3D100000B49E76A23DA3328AC6F96CCC.d.E6468576F70F13E5F58F15E21B0F0E9A.e.7774","ELEMENT":"f.3D100000B49E76A23DA3328AC6F96CCC.d.E6468576F70F13E5F58F15E21B0F0E9A.e.7774"}]}
COMMAND: POST /session/13ff36e378d374199407c6416a2f579d/element - {"using":"xpath","value":"//span[contains(@title, \"Remove\")]"}
COMMAND: GET /session/13ff36e378d374199407c6416a2f579d/screenshot - {}
RESULT: {"using":"xpath","value":"//span[contains(@title, \"Remove\")]"}
COMMAND: POST /session/13ff36e378d374199407c6416a2f579d/element/f.3D100000B49E76A23DA3328AC6F96CCC.d.E6468576F70F13E5F58F15E21B0F0E9A.e.7939/click - {}
RESULT: {}
RESULT: {}
COMMAND: GET /session/13ff36e378d374199407c6416a2f579d/screenshot - {}
RESULT: {}
RESULT: undefined
COMMAND: POST /session/13ff36e378d374199407c6416a2f579d/element - {"using":"xpath","value":"//*[@id=\"application-managepartners-display-component---masterPtm--smartFilterBar-filterItemControl_BASIC-YARD-vhi\"]"}
RESULT: {"using":"xpath","value":"//*[@id=\"application-managepartners-display-component---masterPtm--smartFilterBar-filterItemControl_BASIC-YARD-vhi\"]"}
COMMAND: POST /session/13ff36e378d374199407c6416a2f579d/element/f.3D100000B49E76A23DA3328AC6F96CCC.d.E6468576F70F13E5F58F15E21B0F0E9A.e.8044/click - {}
RESULT: {}
COMMAND: GET /session/13ff36e378d374199407c6416a2f579d/screenshot - {}
RESULT: {}
RESULT: undefined
COMMAND: POST /session/13ff36e378d374199407c6416a2f579d/execute/async - {"script":"<script> [776 bytes]","args":[{"enterText":"Test","selector":{"id":"application-managepartners-display-component---masterPtm--smartFilterBar-filterItemControl_BASIC-YARD-valueHelpDialog-smartFilterBar-btnBasicSearch","searchOpenDialogs":true,"interaction":{"idSuffix":"I"}},"clearTextFirst":true,"interactionType":"ENTER_TEXT"}]}
RESULT: {"script":"<script> [776 bytes]","args":[{"enterText":"Test","selector":{"id":"application-managepartners-display-component---masterPtm--smartFilterBar-filterItemControl_BASIC-YARD-valueHelpDialog-smartFilterBar-btnBasicSearch","searchOpenDialogs":true,"interaction":{"idSuffix":"I"}},"clearTextFirst":true,"interactionType":"ENTER_TEXT"}]}
COMMAND: POST /session/13ff36e378d374199407c6416a2f579d/actions - {"actions":[{"id":"action23","type":"key","parameters":{},"actions":[{"type":"keyDown","value":"î€‡"},{"type":"pause","duration":10},{"type":"keyUp","value":"î€‡"}]}]}
RESULT: {"actions":[{"id":"action23","type":"key","parameters":{},"actions":[{"type":"keyDown","value":"î€‡"},{"type":"pause","duration":10},{"type":"keyUp","value":"î€‡"}]}]}
COMMAND: POST /session/13ff36e378d374199407c6416a2f579d/elements - {"using":"xpath","value":"//table[contains(@id, \"smartFilterBar-filterItemControl_BASIC-YARD-valueHelpDialog-table-table\")]/tbody/tr"}
COMMAND: GET /session/13ff36e378d374199407c6416a2f579d/screenshot - {}
RESULT: {"using":"xpath","value":"//table[contains(@id, \"smartFilterBar-filterItemControl_BASIC-YARD-valueHelpDialog-table-table\")]/tbody/tr"}
COMMAND: POST /session/13ff36e378d374199407c6416a2f579d/element - {"using":"xpath","value":"//table[contains(@id, \"smartFilterBar-filterItemControl_BASIC-YARD-valueHelpDialog-table-table\")]/tbody/tr[1]/td[1]/div/span"}
RESULT: {}
RESULT: {"using":"xpath","value":"//table[contains(@id, \"smartFilterBar-filterItemControl_BASIC-YARD-valueHelpDialog-table-table\")]/tbody/tr[1]/td[1]/div/span"}
COMMAND: POST /session/13ff36e378d374199407c6416a2f579d/elements - {"using":"xpath","value":"//table[contains(@id, \"smartFilterBar-filterItemControl_BASIC-YARD-valueHelpDialog-table-table\")]/tbody/tr[1]/td[1]/div/span"}
RESULT: {"using":"xpath","value":"//table[contains(@id, \"smartFilterBar-filterItemControl_BASIC-YARD-valueHelpDialog-table-table\")]/tbody/tr[1]/td[1]/div/span"}
COMMAND: POST /session/13ff36e378d374199407c6416a2f579d/execute/sync - {"script":"<script> [56 bytes]","args":[{"element-6066-11e4-a52e-4f735466cecf":"f.3D100000B49E76A23DA3328AC6F96CCC.d.E6468576F70F13E5F58F15E21B0F0E9A.e.8063","ELEMENT":"f.3D100000B49E76A23DA3328AC6F96CCC.d.E6468576F70F13E5F58F15E21B0F0E9A.e.8063"}]}
RESULT: {"script":"<script> [56 bytes]","args":[{"element-6066-11e4-a52e-4f735466cecf":"f.3D100000B49E76A23DA3328AC6F96CCC.d.E6468576F70F13E5F58F15E21B0F0E9A.e.8063","ELEMENT":"f.3D100000B49E76A23DA3328AC6F96CCC.d.E6468576F70F13E5F58F15E21B0F0E9A.e.8063"}]}
COMMAND: POST /session/13ff36e378d374199407c6416a2f579d/element - {"using":"xpath","value":"//table[contains(@id, \"smartFilterBar-filterItemControl_BASIC-YARD-valueHelpDialog-table-table\")]/tbody/tr[2]/td[1]/div/span"}
COMMAND: GET /session/13ff36e378d374199407c6416a2f579d/screenshot - {}
RESULT: {"using":"xpath","value":"//table[contains(@id, \"smartFilterBar-filterItemControl_BASIC-YARD-valueHelpDialog-table-table\")]/tbody/tr[2]/td[1]/div/span"}
COMMAND: POST /session/13ff36e378d374199407c6416a2f579d/elements - {"using":"xpath","value":"//table[contains(@id, \"smartFilterBar-filterItemControl_BASIC-YARD-valueHelpDialog-table-table\")]/tbody/tr[2]/td[1]/div/span"}
RESULT: {}
RESULT: {"using":"xpath","value":"//table[contains(@id, \"smartFilterBar-filterItemControl_BASIC-YARD-valueHelpDialog-table-table\")]/tbody/tr[2]/td[1]/div/span"}
COMMAND: POST /session/13ff36e378d374199407c6416a2f579d/execute/sync - {"script":"<script> [56 bytes]","args":[{"element-6066-11e4-a52e-4f735466cecf":"f.3D100000B49E76A23DA3328AC6F96CCC.d.E6468576F70F13E5F58F15E21B0F0E9A.e.8064","ELEMENT":"f.3D100000B49E76A23DA3328AC6F96CCC.d.E6468576F70F13E5F58F15E21B0F0E9A.e.8064"}]}
RESULT: {"script":"<script> [56 bytes]","args":[{"element-6066-11e4-a52e-4f735466cecf":"f.3D100000B49E76A23DA3328AC6F96CCC.d.E6468576F70F13E5F58F15E21B0F0E9A.e.8064","ELEMENT":"f.3D100000B49E76A23DA3328AC6F96CCC.d.E6468576F70F13E5F58F15E21B0F0E9A.e.8064"}]}
COMMAND: POST /session/13ff36e378d374199407c6416a2f579d/element - {"using":"xpath","value":"//table[contains(@id, \"smartFilterBar-filterItemControl_BASIC-YARD-valueHelpDialog-table-table\")]/tbody/tr[3]/td[1]/div/span"}
COMMAND: GET /session/13ff36e378d374199407c6416a2f579d/screenshot - {}
RESULT: {"using":"xpath","value":"//table[contains(@id, \"smartFilterBar-filterItemControl_BASIC-YARD-valueHelpDialog-table-table\")]/tbody/tr[3]/td[1]/div/span"}
COMMAND: POST /session/13ff36e378d374199407c6416a2f579d/elements - {"using":"xpath","value":"//table[contains(@id, \"smartFilterBar-filterItemControl_BASIC-YARD-valueHelpDialog-table-table\")]/tbody/tr[3]/td[1]/div/span"}
RESULT: {}
RESULT: {"using":"xpath","value":"//table[contains(@id, \"smartFilterBar-filterItemControl_BASIC-YARD-valueHelpDialog-table-table\")]/tbody/tr[3]/td[1]/div/span"}
COMMAND: POST /session/13ff36e378d374199407c6416a2f579d/execute/sync - {"script":"<script> [56 bytes]","args":[{"element-6066-11e4-a52e-4f735466cecf":"f.3D100000B49E76A23DA3328AC6F96CCC.d.E6468576F70F13E5F58F15E21B0F0E9A.e.8065","ELEMENT":"f.3D100000B49E76A23DA3328AC6F96CCC.d.E6468576F70F13E5F58F15E21B0F0E9A.e.8065"}]}
RESULT: {"script":"<script> [56 bytes]","args":[{"element-6066-11e4-a52e-4f735466cecf":"f.3D100000B49E76A23DA3328AC6F96CCC.d.E6468576F70F13E5F58F15E21B0F0E9A.e.8065","ELEMENT":"f.3D100000B49E76A23DA3328AC6F96CCC.d.E6468576F70F13E5F58F15E21B0F0E9A.e.8065"}]}
COMMAND: POST /session/13ff36e378d374199407c6416a2f579d/element - {"using":"xpath","value":"//div[contains(@id, \"filterItemControl_BASIC-YARD-valueHelpDialog-table-rowsel2\")]"}
COMMAND: GET /session/13ff36e378d374199407c6416a2f579d/screenshot - {}
RESULT: {"using":"xpath","value":"//div[contains(@id, \"filterItemControl_BASIC-YARD-valueHelpDialog-table-rowsel2\")]"}
COMMAND: POST /session/13ff36e378d374199407c6416a2f579d/element/f.3D100000B49E76A23DA3328AC6F96CCC.d.E6468576F70F13E5F58F15E21B0F0E9A.e.8066/click - {}
RESULT: {}
RESULT: {}
COMMAND: GET /session/13ff36e378d374199407c6416a2f579d/screenshot - {}
RESULT: {}
COMMAND: POST /session/13ff36e378d374199407c6416a2f579d/element - {"using":"xpath","value":"(//bdi[contains(text(), \"OK\")])[1]"}
RESULT: {"using":"xpath","value":"(//bdi[contains(text(), \"OK\")])[1]"}
COMMAND: POST /session/13ff36e378d374199407c6416a2f579d/element/f.3D100000B49E76A23DA3328AC6F96CCC.d.E6468576F70F13E5F58F15E21B0F0E9A.e.8068/click - {}
RESULT: {}
COMMAND: GET /session/13ff36e378d374199407c6416a2f579d/screenshot - {}
RESULT: {}
COMMAND: POST /session/13ff36e378d374199407c6416a2f579d/element - {"using":"xpath","value":"//span[@id=\"application-managepartners-display-component---masterPtm--smartTable-header-inner\"]"}
RESULT: {"using":"xpath","value":"//span[@id=\"application-managepartners-display-component---masterPtm--smartTable-header-inner\"]"}
COMMAND: POST /session/13ff36e378d374199407c6416a2f579d/elements - {"using":"xpath","value":"//span[@id=\"application-managepartners-display-component---masterPtm--smartTable-header-inner\"]"}
RESULT: {"using":"xpath","value":"//span[@id=\"application-managepartners-display-component---masterPtm--smartTable-header-inner\"]"}
COMMAND: POST /session/13ff36e378d374199407c6416a2f579d/execute/sync - {"script":"<script> [56 bytes]","args":[{"element-6066-11e4-a52e-4f735466cecf":"f.3D100000B49E76A23DA3328AC6F96CCC.d.E6468576F70F13E5F58F15E21B0F0E9A.e.7774","ELEMENT":"f.3D100000B49E76A23DA3328AC6F96CCC.d.E6468576F70F13E5F58F15E21B0F0E9A.e.7774"}]}
RESULT: {"script":"<script> [56 bytes]","args":[{"element-6066-11e4-a52e-4f735466cecf":"f.3D100000B49E76A23DA3328AC6F96CCC.d.E6468576F70F13E5F58F15E21B0F0E9A.e.7774","ELEMENT":"f.3D100000B49E76A23DA3328AC6F96CCC.d.E6468576F70F13E5F58F15E21B0F0E9A.e.7774"}]}
COMMAND: POST /session/13ff36e378d374199407c6416a2f579d/element - {"using":"xpath","value":"//span[contains(@title, \"Remove\")]"}
COMMAND: GET /session/13ff36e378d374199407c6416a2f579d/screenshot - {}
RESULT: {"using":"xpath","value":"//span[contains(@title, \"Remove\")]"}
COMMAND: POST /session/13ff36e378d374199407c6416a2f579d/element/f.3D100000B49E76A23DA3328AC6F96CCC.d.E6468576F70F13E5F58F15E21B0F0E9A.e.8081/click - {}
RESULT: {}
RESULT: {}
COMMAND: GET /session/13ff36e378d374199407c6416a2f579d/screenshot - {}
RESULT: undefined
COMMAND: POST /session/13ff36e378d374199407c6416a2f579d/element - {"using":"xpath","value":"//*[@id=\"application-managepartners-display-component---masterPtm--smartFilterBar-filterItemControl_BASIC-MAIN_ADDRESS-vhi\"]"}
RESULT: {}
RESULT: {"using":"xpath","value":"//*[@id=\"application-managepartners-display-component---masterPtm--smartFilterBar-filterItemControl_BASIC-MAIN_ADDRESS-vhi\"]"}
COMMAND: POST /session/13ff36e378d374199407c6416a2f579d/element/f.3D100000B49E76A23DA3328AC6F96CCC.d.E6468576F70F13E5F58F15E21B0F0E9A.e.8186/click - {}
RESULT: {}
COMMAND: GET /session/13ff36e378d374199407c6416a2f579d/screenshot - {}
RESULT: {}
RESULT: undefined
COMMAND: POST /session/13ff36e378d374199407c6416a2f579d/execute/async - {"script":"<script> [776 bytes]","args":[{"enterText":"Romania","selector":{"id":"application-managepartners-display-component---masterPtm--smartFilterBar-filterItemControl_BASIC-MAIN_ADDRESS-valueHelpDialog-smartFilterBar-btnBasicSearch","searchOpenDialogs":true,"interaction":{"idSuffix":"I"}},"clearTextFirst":true,"interactionType":"ENTER_TEXT"}]}
RESULT: {"script":"<script> [776 bytes]","args":[{"enterText":"Romania","selector":{"id":"application-managepartners-display-component---masterPtm--smartFilterBar-filterItemControl_BASIC-MAIN_ADDRESS-valueHelpDialog-smartFilterBar-btnBasicSearch","searchOpenDialogs":true,"interaction":{"idSuffix":"I"}},"clearTextFirst":true,"interactionType":"ENTER_TEXT"}]}
COMMAND: POST /session/13ff36e378d374199407c6416a2f579d/actions - {"actions":[{"id":"action24","type":"key","parameters":{},"actions":[{"type":"keyDown","value":"î€‡"},{"type":"pause","duration":10},{"type":"keyUp","value":"î€‡"}]}]}
RESULT: {"actions":[{"id":"action24","type":"key","parameters":{},"actions":[{"type":"keyDown","value":"î€‡"},{"type":"pause","duration":10},{"type":"keyUp","value":"î€‡"}]}]}
COMMAND: POST /session/13ff36e378d374199407c6416a2f579d/elements - {"using":"xpath","value":"//table[contains(@id, \"smartFilterBar-filterItemControl_BASIC-MAIN_ADDRESS-valueHelpDialog-table-table\")]/tbody/tr"}
COMMAND: GET /session/13ff36e378d374199407c6416a2f579d/screenshot - {}
RESULT: {"using":"xpath","value":"//table[contains(@id, \"smartFilterBar-filterItemControl_BASIC-MAIN_ADDRESS-valueHelpDialog-table-table\")]/tbody/tr"}
COMMAND: POST /session/13ff36e378d374199407c6416a2f579d/element - {"using":"xpath","value":"//table[contains(@id, \"smartFilterBar-filterItemControl_BASIC-MAIN_ADDRESS-valueHelpDialog-table-table\")]/tbody/tr[1]/td[1]/div/span"}
RESULT: {}
RESULT: {"using":"xpath","value":"//table[contains(@id, \"smartFilterBar-filterItemControl_BASIC-MAIN_ADDRESS-valueHelpDialog-table-table\")]/tbody/tr[1]/td[1]/div/span"}
COMMAND: POST /session/13ff36e378d374199407c6416a2f579d/elements - {"using":"xpath","value":"//table[contains(@id, \"smartFilterBar-filterItemControl_BASIC-MAIN_ADDRESS-valueHelpDialog-table-table\")]/tbody/tr[1]/td[1]/div/span"}
RESULT: {"using":"xpath","value":"//table[contains(@id, \"smartFilterBar-filterItemControl_BASIC-MAIN_ADDRESS-valueHelpDialog-table-table\")]/tbody/tr[1]/td[1]/div/span"}
COMMAND: POST /session/13ff36e378d374199407c6416a2f579d/execute/sync - {"script":"<script> [56 bytes]","args":[{"element-6066-11e4-a52e-4f735466cecf":"f.3D100000B49E76A23DA3328AC6F96CCC.d.E6468576F70F13E5F58F15E21B0F0E9A.e.8204","ELEMENT":"f.3D100000B49E76A23DA3328AC6F96CCC.d.E6468576F70F13E5F58F15E21B0F0E9A.e.8204"}]}
RESULT: {"script":"<script> [56 bytes]","args":[{"element-6066-11e4-a52e-4f735466cecf":"f.3D100000B49E76A23DA3328AC6F96CCC.d.E6468576F70F13E5F58F15E21B0F0E9A.e.8204","ELEMENT":"f.3D100000B49E76A23DA3328AC6F96CCC.d.E6468576F70F13E5F58F15E21B0F0E9A.e.8204"}]}
COMMAND: POST /session/13ff36e378d374199407c6416a2f579d/element - {"using":"xpath","value":"//div[contains(@id, \"filterItemControl_BASIC-MAIN_ADDRESS-valueHelpDialog-table-rowsel0\")]"}
COMMAND: GET /session/13ff36e378d374199407c6416a2f579d/screenshot - {}
RESULT: {"using":"xpath","value":"//div[contains(@id, \"filterItemControl_BASIC-MAIN_ADDRESS-valueHelpDialog-table-rowsel0\")]"}
COMMAND: POST /session/13ff36e378d374199407c6416a2f579d/element/f.3D100000B49E76A23DA3328AC6F96CCC.d.E6468576F70F13E5F58F15E21B0F0E9A.e.8205/click - {}
RESULT: {}
RESULT: {}
COMMAND: GET /session/13ff36e378d374199407c6416a2f579d/screenshot - {}
RESULT: {}
COMMAND: POST /session/13ff36e378d374199407c6416a2f579d/element - {"using":"xpath","value":"(//bdi[contains(text(), \"OK\")])[1]"}
RESULT: {"using":"xpath","value":"(//bdi[contains(text(), \"OK\")])[1]"}
COMMAND: POST /session/13ff36e378d374199407c6416a2f579d/element/f.3D100000B49E76A23DA3328AC6F96CCC.d.E6468576F70F13E5F58F15E21B0F0E9A.e.8207/click - {}
RESULT: {}
COMMAND: GET /session/13ff36e378d374199407c6416a2f579d/screenshot - {}
RESULT: {}
COMMAND: POST /session/13ff36e378d374199407c6416a2f579d/element - {"using":"xpath","value":"//span[@id=\"application-managepartners-display-component---masterPtm--smartTable-header-inner\"]"}
RESULT: {"using":"xpath","value":"//span[@id=\"application-managepartners-display-component---masterPtm--smartTable-header-inner\"]"}
COMMAND: POST /session/13ff36e378d374199407c6416a2f579d/elements - {"using":"xpath","value":"//span[@id=\"application-managepartners-display-component---masterPtm--smartTable-header-inner\"]"}
RESULT: {"using":"xpath","value":"//span[@id=\"application-managepartners-display-component---masterPtm--smartTable-header-inner\"]"}
COMMAND: POST /session/13ff36e378d374199407c6416a2f579d/execute/sync - {"script":"<script> [56 bytes]","args":[{"element-6066-11e4-a52e-4f735466cecf":"f.3D100000B49E76A23DA3328AC6F96CCC.d.E6468576F70F13E5F58F15E21B0F0E9A.e.7774","ELEMENT":"f.3D100000B49E76A23DA3328AC6F96CCC.d.E6468576F70F13E5F58F15E21B0F0E9A.e.7774"}]}
RESULT: {"script":"<script> [56 bytes]","args":[{"element-6066-11e4-a52e-4f735466cecf":"f.3D100000B49E76A23DA3328AC6F96CCC.d.E6468576F70F13E5F58F15E21B0F0E9A.e.7774","ELEMENT":"f.3D100000B49E76A23DA3328AC6F96CCC.d.E6468576F70F13E5F58F15E21B0F0E9A.e.7774"}]}
COMMAND: POST /session/13ff36e378d374199407c6416a2f579d/element - {"using":"xpath","value":"//span[contains(@title, \"Remove\")]"}
COMMAND: GET /session/13ff36e378d374199407c6416a2f579d/screenshot - {}
RESULT: {"using":"xpath","value":"//span[contains(@title, \"Remove\")]"}
COMMAND: POST /session/13ff36e378d374199407c6416a2f579d/element/f.3D100000B49E76A23DA3328AC6F96CCC.d.E6468576F70F13E5F58F15E21B0F0E9A.e.8220/click - {}
RESULT: {}
RESULT: {}
COMMAND: GET /session/13ff36e378d374199407c6416a2f579d/screenshot - {}
RESULT: {}
COMMAND: POST /session/13ff36e378d374199407c6416a2f579d/execute/async - {"script":"<script> [1562 bytes]","args":[{"selector":{"id":"application-managepartners-display-component---masterPtm--catalogs-arrow"},"wdio_ui5_key":"applicationmanagepartners-display-component---masterPtm--catalogs-arrow"}]}
RESULT: {"script":"<script> [1562 bytes]","args":[{"selector":{"id":"application-managepartners-display-component---masterPtm--catalogs-arrow"},"wdio_ui5_key":"applicationmanagepartners-display-component---masterPtm--catalogs-arrow"}]}
RESULT: undefined
COMMAND: POST /session/13ff36e378d374199407c6416a2f579d/element - {"using":"xpath","value":"//*[@id=\"application-managepartners-display-component---masterPtm--catalogs-arrow\"]"}
RESULT: {"using":"xpath","value":"//*[@id=\"application-managepartners-display-component---masterPtm--catalogs-arrow\"]"}
COMMAND: POST /session/13ff36e378d374199407c6416a2f579d/element/f.3D100000B49E76A23DA3328AC6F96CCC.d.E6468576F70F13E5F58F15E21B0F0E9A.e.8323/click - {}
RESULT: {}
COMMAND: GET /session/13ff36e378d374199407c6416a2f579d/screenshot - {}
RESULT: {}
COMMAND: POST /session/13ff36e378d374199407c6416a2f579d/element - {"using":"xpath","value":"//li[.//span[text()=\"Webshop Catalog\"]]//div[contains(@class,\"sapMCbBg\")]"}
RESULT: {"using":"xpath","value":"//li[.//span[text()=\"Webshop Catalog\"]]//div[contains(@class,\"sapMCbBg\")]"}
COMMAND: POST /session/13ff36e378d374199407c6416a2f579d/element/f.3D100000B49E76A23DA3328AC6F96CCC.d.E6468576F70F13E5F58F15E21B0F0E9A.e.8337/click - {}
RESULT: {}
COMMAND: GET /session/13ff36e378d374199407c6416a2f579d/screenshot - {}
RESULT: {}
RESULT: undefined
COMMAND: POST /session/13ff36e378d374199407c6416a2f579d/element - {"using":"xpath","value":"//*[@id=\"application-managepartners-display-component---masterPtm--catalogs-arrow\"]"}
RESULT: {"using":"xpath","value":"//*[@id=\"application-managepartners-display-component---masterPtm--catalogs-arrow\"]"}
COMMAND: POST /session/13ff36e378d374199407c6416a2f579d/element/f.3D100000B49E76A23DA3328AC6F96CCC.d.E6468576F70F13E5F58F15E21B0F0E9A.e.8323/click - {}
RESULT: {}
COMMAND: POST /session/13ff36e378d374199407c6416a2f579d/element - {"using":"xpath","value":"//span[@id=\"application-managepartners-display-component---masterPtm--smartTable-header-inner\"]"}
COMMAND: GET /session/13ff36e378d374199407c6416a2f579d/screenshot - {}
RESULT: {"using":"xpath","value":"//span[@id=\"application-managepartners-display-component---masterPtm--smartTable-header-inner\"]"}
COMMAND: POST /session/13ff36e378d374199407c6416a2f579d/elements - {"using":"xpath","value":"//span[@id=\"application-managepartners-display-component---masterPtm--smartTable-header-inner\"]"}
RESULT: {}
RESULT: {"using":"xpath","value":"//span[@id=\"application-managepartners-display-component---masterPtm--smartTable-header-inner\"]"}
COMMAND: POST /session/13ff36e378d374199407c6416a2f579d/execute/sync - {"script":"<script> [56 bytes]","args":[{"element-6066-11e4-a52e-4f735466cecf":"f.3D100000B49E76A23DA3328AC6F96CCC.d.E6468576F70F13E5F58F15E21B0F0E9A.e.7774","ELEMENT":"f.3D100000B49E76A23DA3328AC6F96CCC.d.E6468576F70F13E5F58F15E21B0F0E9A.e.7774"}]}
RESULT: {"script":"<script> [56 bytes]","args":[{"element-6066-11e4-a52e-4f735466cecf":"f.3D100000B49E76A23DA3328AC6F96CCC.d.E6468576F70F13E5F58F15E21B0F0E9A.e.7774","ELEMENT":"f.3D100000B49E76A23DA3328AC6F96CCC.d.E6468576F70F13E5F58F15E21B0F0E9A.e.7774"}]}
COMMAND: POST /session/13ff36e378d374199407c6416a2f579d/element - {"using":"xpath","value":"//span[contains(@title, \"Remove\")]"}
COMMAND: GET /session/13ff36e378d374199407c6416a2f579d/screenshot - {}
RESULT: {"using":"xpath","value":"//span[contains(@title, \"Remove\")]"}
COMMAND: POST /session/13ff36e378d374199407c6416a2f579d/element/f.3D100000B49E76A23DA3328AC6F96CCC.d.E6468576F70F13E5F58F15E21B0F0E9A.e.8353/click - {}
RESULT: {}
RESULT: {}
COMMAND: GET /session/13ff36e378d374199407c6416a2f579d/screenshot - {}
RESULT: {}
COMMAND: POST /session/13ff36e378d374199407c6416a2f579d/execute/async - {"script":"<script> [1562 bytes]","args":[{"selector":{"id":"application-managepartners-display-component---masterPtm--currencies-arrow"},"wdio_ui5_key":"applicationmanagepartners-display-component---masterPtm--currencies-arrow"}]}
RESULT: {"script":"<script> [1562 bytes]","args":[{"selector":{"id":"application-managepartners-display-component---masterPtm--currencies-arrow"},"wdio_ui5_key":"applicationmanagepartners-display-component---masterPtm--currencies-arrow"}]}
RESULT: undefined
COMMAND: POST /session/13ff36e378d374199407c6416a2f579d/element - {"using":"xpath","value":"//*[@id=\"application-managepartners-display-component---masterPtm--currencies-arrow\"]"}
RESULT: {"using":"xpath","value":"//*[@id=\"application-managepartners-display-component---masterPtm--currencies-arrow\"]"}
COMMAND: POST /session/13ff36e378d374199407c6416a2f579d/element/f.3D100000B49E76A23DA3328AC6F96CCC.d.E6468576F70F13E5F58F15E21B0F0E9A.e.8414/click - {}
RESULT: {}
COMMAND: GET /session/13ff36e378d374199407c6416a2f579d/screenshot - {}
RESULT: {}
COMMAND: POST /session/13ff36e378d374199407c6416a2f579d/element - {"using":"xpath","value":"//li[.//span[text()=\"US Dollar\"]]//div[contains(@class,\"sapMCbBg\")]"}
RESULT: {"using":"xpath","value":"//li[.//span[text()=\"US Dollar\"]]//div[contains(@class,\"sapMCbBg\")]"}
COMMAND: POST /session/13ff36e378d374199407c6416a2f579d/element/f.3D100000B49E76A23DA3328AC6F96CCC.d.E6468576F70F13E5F58F15E21B0F0E9A.e.8417/click - {}
RESULT: {}
COMMAND: GET /session/13ff36e378d374199407c6416a2f579d/screenshot - {}
RESULT: {}
RESULT: undefined
COMMAND: POST /session/13ff36e378d374199407c6416a2f579d/element - {"using":"xpath","value":"//*[@id=\"application-managepartners-display-component---masterPtm--currencies-arrow\"]"}
RESULT: {"using":"xpath","value":"//*[@id=\"application-managepartners-display-component---masterPtm--currencies-arrow\"]"}
COMMAND: POST /session/13ff36e378d374199407c6416a2f579d/element/f.3D100000B49E76A23DA3328AC6F96CCC.d.E6468576F70F13E5F58F15E21B0F0E9A.e.8414/click - {}
RESULT: {}
COMMAND: POST /session/13ff36e378d374199407c6416a2f579d/element - {"using":"xpath","value":"//span[@id=\"application-managepartners-display-component---masterPtm--smartTable-header-inner\"]"}
COMMAND: GET /session/13ff36e378d374199407c6416a2f579d/screenshot - {}
RESULT: {"using":"xpath","value":"//span[@id=\"application-managepartners-display-component---masterPtm--smartTable-header-inner\"]"}
COMMAND: POST /session/13ff36e378d374199407c6416a2f579d/elements - {"using":"xpath","value":"//span[@id=\"application-managepartners-display-component---masterPtm--smartTable-header-inner\"]"}
RESULT: {}
RESULT: {"using":"xpath","value":"//span[@id=\"application-managepartners-display-component---masterPtm--smartTable-header-inner\"]"}
COMMAND: POST /session/13ff36e378d374199407c6416a2f579d/execute/sync - {"script":"<script> [56 bytes]","args":[{"element-6066-11e4-a52e-4f735466cecf":"f.3D100000B49E76A23DA3328AC6F96CCC.d.E6468576F70F13E5F58F15E21B0F0E9A.e.7774","ELEMENT":"f.3D100000B49E76A23DA3328AC6F96CCC.d.E6468576F70F13E5F58F15E21B0F0E9A.e.7774"}]}
RESULT: {"script":"<script> [56 bytes]","args":[{"element-6066-11e4-a52e-4f735466cecf":"f.3D100000B49E76A23DA3328AC6F96CCC.d.E6468576F70F13E5F58F15E21B0F0E9A.e.7774","ELEMENT":"f.3D100000B49E76A23DA3328AC6F96CCC.d.E6468576F70F13E5F58F15E21B0F0E9A.e.7774"}]}
COMMAND: POST /session/13ff36e378d374199407c6416a2f579d/element - {"using":"xpath","value":"//span[contains(@title, \"Remove\")]"}
COMMAND: GET /session/13ff36e378d374199407c6416a2f579d/screenshot - {}
RESULT: {"using":"xpath","value":"//span[contains(@title, \"Remove\")]"}
COMMAND: POST /session/13ff36e378d374199407c6416a2f579d/element/f.3D100000B49E76A23DA3328AC6F96CCC.d.E6468576F70F13E5F58F15E21B0F0E9A.e.8577/click - {}
RESULT: {}
RESULT: {}
COMMAND: GET /session/13ff36e378d374199407c6416a2f579d/screenshot - {}
RESULT: {}
COMMAND: POST /session/13ff36e378d374199407c6416a2f579d/execute/async - {"script":"<script> [1562 bytes]","args":[{"selector":{"id":"application-managepartners-display-component---masterPtm--languages-arrow"},"wdio_ui5_key":"applicationmanagepartners-display-component---masterPtm--languages-arrow"}]}
RESULT: {"script":"<script> [1562 bytes]","args":[{"selector":{"id":"application-managepartners-display-component---masterPtm--languages-arrow"},"wdio_ui5_key":"applicationmanagepartners-display-component---masterPtm--languages-arrow"}]}
RESULT: undefined
COMMAND: POST /session/13ff36e378d374199407c6416a2f579d/element - {"using":"xpath","value":"//*[@id=\"application-managepartners-display-component---masterPtm--languages-arrow\"]"}
RESULT: {"using":"xpath","value":"//*[@id=\"application-managepartners-display-component---masterPtm--languages-arrow\"]"}
COMMAND: POST /session/13ff36e378d374199407c6416a2f579d/element/f.3D100000B49E76A23DA3328AC6F96CCC.d.E6468576F70F13E5F58F15E21B0F0E9A.e.8658/click - {}
RESULT: {}
COMMAND: GET /session/13ff36e378d374199407c6416a2f579d/screenshot - {}
RESULT: {}
COMMAND: POST /session/13ff36e378d374199407c6416a2f579d/element - {"using":"xpath","value":"//li[.//span[text()=\"German\"]]//div[contains(@class,\"sapMCbBg\")]"}
RESULT: {"using":"xpath","value":"//li[.//span[text()=\"German\"]]//div[contains(@class,\"sapMCbBg\")]"}
COMMAND: POST /session/13ff36e378d374199407c6416a2f579d/element/f.3D100000B49E76A23DA3328AC6F96CCC.d.E6468576F70F13E5F58F15E21B0F0E9A.e.8702/click - {}
RESULT: {}
COMMAND: GET /session/13ff36e378d374199407c6416a2f579d/screenshot - {}
RESULT: {}
RESULT: undefined
COMMAND: POST /session/13ff36e378d374199407c6416a2f579d/element - {"using":"xpath","value":"//*[@id=\"application-managepartners-display-component---masterPtm--languages-arrow\"]"}
RESULT: {"using":"xpath","value":"//*[@id=\"application-managepartners-display-component---masterPtm--languages-arrow\"]"}
COMMAND: POST /session/13ff36e378d374199407c6416a2f579d/element/f.3D100000B49E76A23DA3328AC6F96CCC.d.E6468576F70F13E5F58F15E21B0F0E9A.e.8658/click - {}
RESULT: {}
COMMAND: POST /session/13ff36e378d374199407c6416a2f579d/element - {"using":"xpath","value":"//span[@id=\"application-managepartners-display-component---masterPtm--smartTable-header-inner\"]"}
COMMAND: GET /session/13ff36e378d374199407c6416a2f579d/screenshot - {}
RESULT: {"using":"xpath","value":"//span[@id=\"application-managepartners-display-component---masterPtm--smartTable-header-inner\"]"}
COMMAND: POST /session/13ff36e378d374199407c6416a2f579d/elements - {"using":"xpath","value":"//span[@id=\"application-managepartners-display-component---masterPtm--smartTable-header-inner\"]"}
RESULT: {}
RESULT: {"using":"xpath","value":"//span[@id=\"application-managepartners-display-component---masterPtm--smartTable-header-inner\"]"}
COMMAND: POST /session/13ff36e378d374199407c6416a2f579d/execute/sync - {"script":"<script> [56 bytes]","args":[{"element-6066-11e4-a52e-4f735466cecf":"f.3D100000B49E76A23DA3328AC6F96CCC.d.E6468576F70F13E5F58F15E21B0F0E9A.e.7774","ELEMENT":"f.3D100000B49E76A23DA3328AC6F96CCC.d.E6468576F70F13E5F58F15E21B0F0E9A.e.7774"}]}
RESULT: {"script":"<script> [56 bytes]","args":[{"element-6066-11e4-a52e-4f735466cecf":"f.3D100000B49E76A23DA3328AC6F96CCC.d.E6468576F70F13E5F58F15E21B0F0E9A.e.7774","ELEMENT":"f.3D100000B49E76A23DA3328AC6F96CCC.d.E6468576F70F13E5F58F15E21B0F0E9A.e.7774"}]}
COMMAND: POST /session/13ff36e378d374199407c6416a2f579d/element - {"using":"css selector","value":"#shell-header-logo"}
COMMAND: GET /session/13ff36e378d374199407c6416a2f579d/screenshot - {}
RESULT: {"using":"css selector","value":"#shell-header-logo"}
COMMAND: POST /session/13ff36e378d374199407c6416a2f579d/element/f.3D100000B49E76A23DA3328AC6F96CCC.d.E6468576F70F13E5F58F15E21B0F0E9A.e.7603/click - {}
RESULT: {}
RESULT: {}
COMMAND: GET /session/13ff36e378d374199407c6416a2f579d/screenshot - {}
RESULT: {}
]]></system-out>
    </testcase>
    <testcase classname="chrome.136_0_7103_93.windows.Partner_specific_tests_US150819_US151080_US151654_US151176_US103444_US151078_US151079_US151109_US151174_US151175_US151189" name="Should add a new Business Partner role same role US151541" time="79.774">
      <system-out><![CDATA[
COMMAND: POST /session/13ff36e378d374199407c6416a2f579d/execute/async - {"script":"<script> [1562 bytes]","args":[{"selector":{"controlType":"sap.m.GenericTile","properties":{"header":"Data Explorer"}},"wdio_ui5_key":"sapm.GenericTile{\"header\":\"Data Explorer\"}"}]}
RESULT: {"script":"<script> [1562 bytes]","args":[{"selector":{"controlType":"sap.m.GenericTile","properties":{"header":"Data Explorer"}},"wdio_ui5_key":"sapm.GenericTile{\"header\":\"Data Explorer\"}"}]}
RESULT: undefined
COMMAND: POST /session/13ff36e378d374199407c6416a2f579d/element - {"using":"xpath","value":"//*[@id=\"__tile117\"]"}
RESULT: {"using":"xpath","value":"//*[@id=\"__tile117\"]"}
COMMAND: POST /session/13ff36e378d374199407c6416a2f579d/element/f.3D100000B49E76A23DA3328AC6F96CCC.d.E6468576F70F13E5F58F15E21B0F0E9A.e.8766/click - {}
RESULT: {}
COMMAND: GET /session/13ff36e378d374199407c6416a2f579d/screenshot - {}
RESULT: {}
COMMAND: POST /session/13ff36e378d374199407c6416a2f579d/elements - {"using":"xpath","value":"//span[text()='Error']"}
RESULT: {"using":"xpath","value":"//span[text()='Error']"}
COMMAND: POST /session/13ff36e378d374199407c6416a2f579d/window/fullscreen - {}
RESULT: {}
COMMAND: POST /session/13ff36e378d374199407c6416a2f579d/element - {"using":"xpath","value":"//input[@id=\"application-businessconfigurations-display-component---masterBusinessConfigurations--smartFilterBar-btnBasicSearch-I\"]"}
RESULT: {"using":"xpath","value":"//input[@id=\"application-businessconfigurations-display-component---masterBusinessConfigurations--smartFilterBar-btnBasicSearch-I\"]"}
COMMAND: POST /session/13ff36e378d374199407c6416a2f579d/elements - {"using":"xpath","value":"//input[@id=\"application-businessconfigurations-display-component---masterBusinessConfigurations--smartFilterBar-btnBasicSearch-I\"]"}
RESULT: {"using":"xpath","value":"//input[@id=\"application-businessconfigurations-display-component---masterBusinessConfigurations--smartFilterBar-btnBasicSearch-I\"]"}
COMMAND: POST /session/13ff36e378d374199407c6416a2f579d/execute/sync - {"script":"<script> [8489 bytes]","args":[{"element-6066-11e4-a52e-4f735466cecf":"f.3D100000B49E76A23DA3328AC6F96CCC.d.E6468576F70F13E5F58F15E21B0F0E9A.e.8790","ELEMENT":"f.3D100000B49E76A23DA3328AC6F96CCC.d.E6468576F70F13E5F58F15E21B0F0E9A.e.8790"}]}
RESULT: {"script":"<script> [8489 bytes]","args":[{"element-6066-11e4-a52e-4f735466cecf":"f.3D100000B49E76A23DA3328AC6F96CCC.d.E6468576F70F13E5F58F15E21B0F0E9A.e.8790","ELEMENT":"f.3D100000B49E76A23DA3328AC6F96CCC.d.E6468576F70F13E5F58F15E21B0F0E9A.e.8790"}]}
COMMAND: GET /session/13ff36e378d374199407c6416a2f579d/element/f.3D100000B49E76A23DA3328AC6F96CCC.d.E6468576F70F13E5F58F15E21B0F0E9A.e.8790/enabled - {}
COMMAND: GET /session/13ff36e378d374199407c6416a2f579d/screenshot - {}
RESULT: {}
COMMAND: POST /session/13ff36e378d374199407c6416a2f579d/execute/sync - {"script":"<script> [8489 bytes]","args":[{"element-6066-11e4-a52e-4f735466cecf":"f.3D100000B49E76A23DA3328AC6F96CCC.d.E6468576F70F13E5F58F15E21B0F0E9A.e.8790","ELEMENT":"f.3D100000B49E76A23DA3328AC6F96CCC.d.E6468576F70F13E5F58F15E21B0F0E9A.e.8790"}]}
COMMAND: GET /session/13ff36e378d374199407c6416a2f579d/screenshot - {}
RESULT: {}
RESULT: {"script":"<script> [8489 bytes]","args":[{"element-6066-11e4-a52e-4f735466cecf":"f.3D100000B49E76A23DA3328AC6F96CCC.d.E6468576F70F13E5F58F15E21B0F0E9A.e.8790","ELEMENT":"f.3D100000B49E76A23DA3328AC6F96CCC.d.E6468576F70F13E5F58F15E21B0F0E9A.e.8790"}]}
COMMAND: POST /session/13ff36e378d374199407c6416a2f579d/execute/sync - {"script":"<script> [5351 bytes]","args":[{"element-6066-11e4-a52e-4f735466cecf":"f.3D100000B49E76A23DA3328AC6F96CCC.d.E6468576F70F13E5F58F15E21B0F0E9A.e.8790","ELEMENT":"f.3D100000B49E76A23DA3328AC6F96CCC.d.E6468576F70F13E5F58F15E21B0F0E9A.e.8790"}]}
COMMAND: GET /session/13ff36e378d374199407c6416a2f579d/screenshot - {}
RESULT: {}
RESULT: {"script":"<script> [5351 bytes]","args":[{"element-6066-11e4-a52e-4f735466cecf":"f.3D100000B49E76A23DA3328AC6F96CCC.d.E6468576F70F13E5F58F15E21B0F0E9A.e.8790","ELEMENT":"f.3D100000B49E76A23DA3328AC6F96CCC.d.E6468576F70F13E5F58F15E21B0F0E9A.e.8790"}]}
COMMAND: GET /session/13ff36e378d374199407c6416a2f579d/screenshot - {}
RESULT: {}
RESULT: {}
COMMAND: POST /session/13ff36e378d374199407c6416a2f579d/element - {"using":"xpath","value":"//span[@id=\"application-businessconfigurations-display-component---masterBusinessConfigurations--masterListDataExplorerSmartTable-header-inner\"]"}
RESULT: {"using":"xpath","value":"//span[@id=\"application-businessconfigurations-display-component---masterBusinessConfigurations--masterListDataExplorerSmartTable-header-inner\"]"}
COMMAND: POST /session/13ff36e378d374199407c6416a2f579d/elements - {"using":"xpath","value":"//span[@id=\"application-businessconfigurations-display-component---masterBusinessConfigurations--masterListDataExplorerSmartTable-header-inner\"]"}
RESULT: {"using":"xpath","value":"//span[@id=\"application-businessconfigurations-display-component---masterBusinessConfigurations--masterListDataExplorerSmartTable-header-inner\"]"}
COMMAND: POST /session/13ff36e378d374199407c6416a2f579d/execute/sync - {"script":"<script> [56 bytes]","args":[{"element-6066-11e4-a52e-4f735466cecf":"f.3D100000B49E76A23DA3328AC6F96CCC.d.E6468576F70F13E5F58F15E21B0F0E9A.e.8934","ELEMENT":"f.3D100000B49E76A23DA3328AC6F96CCC.d.E6468576F70F13E5F58F15E21B0F0E9A.e.8934"}]}
RESULT: {"script":"<script> [56 bytes]","args":[{"element-6066-11e4-a52e-4f735466cecf":"f.3D100000B49E76A23DA3328AC6F96CCC.d.E6468576F70F13E5F58F15E21B0F0E9A.e.8934","ELEMENT":"f.3D100000B49E76A23DA3328AC6F96CCC.d.E6468576F70F13E5F58F15E21B0F0E9A.e.8934"}]}
COMMAND: POST /session/13ff36e378d374199407c6416a2f579d/element/f.3D100000B49E76A23DA3328AC6F96CCC.d.E6468576F70F13E5F58F15E21B0F0E9A.e.8790/clear - {}
COMMAND: GET /session/13ff36e378d374199407c6416a2f579d/screenshot - {}
RESULT: {}
COMMAND: POST /session/13ff36e378d374199407c6416a2f579d/element/f.3D100000B49E76A23DA3328AC6F96CCC.d.E6468576F70F13E5F58F15E21B0F0E9A.e.8790/value - {"text":"NETM_C_BUSINESS_PARTNER_ROLES"}
COMMAND: GET /session/13ff36e378d374199407c6416a2f579d/screenshot - {}
RESULT: {}
RESULT: {"text":"NETM_C_BUSINESS_PARTNER_ROLES"}
COMMAND: GET /session/13ff36e378d374199407c6416a2f579d/screenshot - {}
RESULT: {}
RESULT: {}
COMMAND: POST /session/13ff36e378d374199407c6416a2f579d/actions - {"actions":[{"id":"action25","type":"key","parameters":{},"actions":[{"type":"keyDown","value":"î€‡"},{"type":"pause","duration":10},{"type":"keyUp","value":"î€‡"}]}]}
RESULT: {"actions":[{"id":"action25","type":"key","parameters":{},"actions":[{"type":"keyDown","value":"î€‡"},{"type":"pause","duration":10},{"type":"keyUp","value":"î€‡"}]}]}
COMMAND: GET /session/13ff36e378d374199407c6416a2f579d/screenshot - {}
RESULT: {}
COMMAND: POST /session/13ff36e378d374199407c6416a2f579d/elements - {"using":"xpath","value":"//table[contains(@id, \"masterListDataExplorerTable-listUl\")]/tbody/tr"}
RESULT: {"using":"xpath","value":"//table[contains(@id, \"masterListDataExplorerTable-listUl\")]/tbody/tr"}
COMMAND: POST /session/13ff36e378d374199407c6416a2f579d/element - {"using":"xpath","value":"//table[contains(@id, \"masterListDataExplorerTable-listUl\")]/tbody/tr[2]/td[4]/span"}
RESULT: {"using":"xpath","value":"//table[contains(@id, \"masterListDataExplorerTable-listUl\")]/tbody/tr[2]/td[4]/span"}
COMMAND: POST /session/13ff36e378d374199407c6416a2f579d/elements - {"using":"xpath","value":"//table[contains(@id, \"masterListDataExplorerTable-listUl\")]/tbody/tr[2]/td[4]/span"}
RESULT: {"using":"xpath","value":"//table[contains(@id, \"masterListDataExplorerTable-listUl\")]/tbody/tr[2]/td[4]/span"}
COMMAND: POST /session/13ff36e378d374199407c6416a2f579d/execute/sync - {"script":"<script> [56 bytes]","args":[{"element-6066-11e4-a52e-4f735466cecf":"f.3D100000B49E76A23DA3328AC6F96CCC.d.E6468576F70F13E5F58F15E21B0F0E9A.e.8943","ELEMENT":"f.3D100000B49E76A23DA3328AC6F96CCC.d.E6468576F70F13E5F58F15E21B0F0E9A.e.8943"}]}
RESULT: {"script":"<script> [56 bytes]","args":[{"element-6066-11e4-a52e-4f735466cecf":"f.3D100000B49E76A23DA3328AC6F96CCC.d.E6468576F70F13E5F58F15E21B0F0E9A.e.8943","ELEMENT":"f.3D100000B49E76A23DA3328AC6F96CCC.d.E6468576F70F13E5F58F15E21B0F0E9A.e.8943"}]}
COMMAND: POST /session/13ff36e378d374199407c6416a2f579d/element - {"using":"xpath","value":"(//span[contains(@id, \"imgNav\")])[1]"}
COMMAND: GET /session/13ff36e378d374199407c6416a2f579d/screenshot - {}
RESULT: {"using":"xpath","value":"(//span[contains(@id, \"imgNav\")])[1]"}
COMMAND: POST /session/13ff36e378d374199407c6416a2f579d/element/f.3D100000B49E76A23DA3328AC6F96CCC.d.E6468576F70F13E5F58F15E21B0F0E9A.e.8944/click - {}
RESULT: {}
RESULT: {}
COMMAND: GET /session/13ff36e378d374199407c6416a2f579d/screenshot - {}
RESULT: {}
COMMAND: POST /session/13ff36e378d374199407c6416a2f579d/element - {"using":"xpath","value":"//bdi[contains(text(), \"Edit\")]"}
RESULT: {"using":"xpath","value":"//bdi[contains(text(), \"Edit\")]"}
COMMAND: POST /session/13ff36e378d374199407c6416a2f579d/element/f.3D100000B49E76A23DA3328AC6F96CCC.d.E6468576F70F13E5F58F15E21B0F0E9A.e.9067/click - {}
RESULT: {}
COMMAND: GET /session/13ff36e378d374199407c6416a2f579d/screenshot - {}
RESULT: {}
COMMAND: POST /session/13ff36e378d374199407c6416a2f579d/element - {"using":"xpath","value":"//button[contains(@id, \"detailBusinessConfigurations--addButton\")]"}
RESULT: {"using":"xpath","value":"//button[contains(@id, \"detailBusinessConfigurations--addButton\")]"}
COMMAND: POST /session/13ff36e378d374199407c6416a2f579d/element/f.3D100000B49E76A23DA3328AC6F96CCC.d.E6468576F70F13E5F58F15E21B0F0E9A.e.9077/click - {}
RESULT: {}
COMMAND: GET /session/13ff36e378d374199407c6416a2f579d/screenshot - {}
RESULT: {}
COMMAND: POST /session/13ff36e378d374199407c6416a2f579d/elements - {"using":"xpath","value":"//table[contains(@id, \"detailBusinessConfigurations--detailsTable-listUl\")]/tbody/tr"}
RESULT: {"using":"xpath","value":"//table[contains(@id, \"detailBusinessConfigurations--detailsTable-listUl\")]/tbody/tr"}
COMMAND: POST /session/13ff36e378d374199407c6416a2f579d/element - {"using":"xpath","value":"//table[contains(@id, \"detailBusinessConfigurations--detailsTable-listUl\")]/tbody/tr[1]/td[3]/div/div/div/div/input"}
RESULT: {"using":"xpath","value":"//table[contains(@id, \"detailBusinessConfigurations--detailsTable-listUl\")]/tbody/tr[1]/td[3]/div/div/div/div/input"}
COMMAND: POST /session/13ff36e378d374199407c6416a2f579d/element/f.3D100000B49E76A23DA3328AC6F96CCC.d.E6468576F70F13E5F58F15E21B0F0E9A.e.9080/clear - {}
RESULT: {}
COMMAND: POST /session/13ff36e378d374199407c6416a2f579d/element/f.3D100000B49E76A23DA3328AC6F96CCC.d.E6468576F70F13E5F58F15E21B0F0E9A.e.9080/value - {"text":"WebDriver Testy"}
COMMAND: GET /session/13ff36e378d374199407c6416a2f579d/screenshot - {}
RESULT: {"text":"WebDriver Testy"}
COMMAND: GET /session/13ff36e378d374199407c6416a2f579d/screenshot - {}
RESULT: {}
RESULT: {}
COMMAND: POST /session/13ff36e378d374199407c6416a2f579d/element - {"using":"xpath","value":"//button[contains(@id, \"detailBusinessConfigurations--addButton\")]"}
RESULT: {"using":"xpath","value":"//button[contains(@id, \"detailBusinessConfigurations--addButton\")]"}
COMMAND: POST /session/13ff36e378d374199407c6416a2f579d/element/f.3D100000B49E76A23DA3328AC6F96CCC.d.E6468576F70F13E5F58F15E21B0F0E9A.e.9077/click - {}
RESULT: {}
COMMAND: GET /session/13ff36e378d374199407c6416a2f579d/screenshot - {}
RESULT: {}
COMMAND: POST /session/13ff36e378d374199407c6416a2f579d/element - {"using":"xpath","value":"//table[contains(@id, \"detailBusinessConfigurations--detailsTable-listUl\")]/tbody/tr[1]/td[3]/div/div/div/div/input"}
RESULT: {"using":"xpath","value":"//table[contains(@id, \"detailBusinessConfigurations--detailsTable-listUl\")]/tbody/tr[1]/td[3]/div/div/div/div/input"}
COMMAND: POST /session/13ff36e378d374199407c6416a2f579d/element/f.3D100000B49E76A23DA3328AC6F96CCC.d.E6468576F70F13E5F58F15E21B0F0E9A.e.9093/clear - {}
RESULT: {}
COMMAND: POST /session/13ff36e378d374199407c6416a2f579d/element/f.3D100000B49E76A23DA3328AC6F96CCC.d.E6468576F70F13E5F58F15E21B0F0E9A.e.9093/value - {"text":"WebDriver Testy"}
COMMAND: GET /session/13ff36e378d374199407c6416a2f579d/screenshot - {}
RESULT: {"text":"WebDriver Testy"}
COMMAND: GET /session/13ff36e378d374199407c6416a2f579d/screenshot - {}
RESULT: {}
RESULT: {}
COMMAND: POST /session/13ff36e378d374199407c6416a2f579d/element - {"using":"xpath","value":"//bdi[text()=\"Save\"]"}
RESULT: {"using":"xpath","value":"//bdi[text()=\"Save\"]"}
COMMAND: POST /session/13ff36e378d374199407c6416a2f579d/element/f.3D100000B49E76A23DA3328AC6F96CCC.d.E6468576F70F13E5F58F15E21B0F0E9A.e.9100/click - {}
RESULT: {}
COMMAND: GET /session/13ff36e378d374199407c6416a2f579d/screenshot - {}
RESULT: {}
COMMAND: POST /session/13ff36e378d374199407c6416a2f579d/element - {"using":"xpath","value":"//span[contains(@class, \"sapMMsgBoxText\")]"}
RESULT: {"using":"xpath","value":"//span[contains(@class, \"sapMMsgBoxText\")]"}
COMMAND: POST /session/13ff36e378d374199407c6416a2f579d/elements - {"using":"xpath","value":"//span[contains(@class, \"sapMMsgBoxText\")]"}
RESULT: {"using":"xpath","value":"//span[contains(@class, \"sapMMsgBoxText\")]"}
COMMAND: POST /session/13ff36e378d374199407c6416a2f579d/execute/sync - {"script":"<script> [56 bytes]","args":[{"element-6066-11e4-a52e-4f735466cecf":"f.3D100000B49E76A23DA3328AC6F96CCC.d.E6468576F70F13E5F58F15E21B0F0E9A.e.9118","ELEMENT":"f.3D100000B49E76A23DA3328AC6F96CCC.d.E6468576F70F13E5F58F15E21B0F0E9A.e.9118"}]}
RESULT: {"script":"<script> [56 bytes]","args":[{"element-6066-11e4-a52e-4f735466cecf":"f.3D100000B49E76A23DA3328AC6F96CCC.d.E6468576F70F13E5F58F15E21B0F0E9A.e.9118","ELEMENT":"f.3D100000B49E76A23DA3328AC6F96CCC.d.E6468576F70F13E5F58F15E21B0F0E9A.e.9118"}]}
COMMAND: POST /session/13ff36e378d374199407c6416a2f579d/element - {"using":"xpath","value":"//bdi[text()=\"Close\"]"}
COMMAND: GET /session/13ff36e378d374199407c6416a2f579d/screenshot - {}
RESULT: {"using":"xpath","value":"//bdi[text()=\"Close\"]"}
COMMAND: POST /session/13ff36e378d374199407c6416a2f579d/element/f.3D100000B49E76A23DA3328AC6F96CCC.d.E6468576F70F13E5F58F15E21B0F0E9A.e.9120/click - {}
RESULT: {}
RESULT: {}
COMMAND: GET /session/13ff36e378d374199407c6416a2f579d/screenshot - {}
RESULT: {}
COMMAND: POST /session/13ff36e378d374199407c6416a2f579d/element - {"using":"css selector","value":"#shell-header-logo"}
RESULT: {"using":"css selector","value":"#shell-header-logo"}
COMMAND: POST /session/13ff36e378d374199407c6416a2f579d/element/f.3D100000B49E76A23DA3328AC6F96CCC.d.E6468576F70F13E5F58F15E21B0F0E9A.e.8773/click - {}
RESULT: {}
COMMAND: GET /session/13ff36e378d374199407c6416a2f579d/screenshot - {}
RESULT: {}
]]></system-out>
    </testcase>
  </testsuite>
  <testsuite timestamp="2025-06-02T17:56:34" time="591.662" tests="4" failures="1" errors="1" skipped="0">
    <properties>
      <property name="specId" value="0" />
      <property name="suiteName" value="Create partner US118246" />
      <property name="capabilities" value="chrome.136_0_7103_93.windows" />
      <property name="file" value="file:///D:/a/1/s/test/specs/BTS/create-partner.spec.js" />
    </properties>
    <testcase classname="chrome.136_0_7103_93.windows.Create_partner_US118246" name="Should create a new yard in case create yard failed" time="145.038">
      <system-out><![CDATA[
COMMAND: POST /session/13ff36e378d374199407c6416a2f579d/window/fullscreen - {}
RESULT: {}
COMMAND: POST /session/13ff36e378d374199407c6416a2f579d/execute/async - {"script":"<script> [1562 bytes]","args":[{"selector":{"controlType":"sap.m.GenericTile","properties":{"header":"Manage Yards"}},"wdio_ui5_key":"sapm.GenericTile{\"header\":\"Manage Yards\"}"}]}
RESULT: {"script":"<script> [1562 bytes]","args":[{"selector":{"controlType":"sap.m.GenericTile","properties":{"header":"Manage Yards"}},"wdio_ui5_key":"sapm.GenericTile{\"header\":\"Manage Yards\"}"}]}
RESULT: undefined
COMMAND: POST /session/13ff36e378d374199407c6416a2f579d/element - {"using":"xpath","value":"//*[@id=\"__tile41\"]"}
RESULT: {"using":"xpath","value":"//*[@id=\"__tile41\"]"}
COMMAND: POST /session/13ff36e378d374199407c6416a2f579d/element/f.3D100000B49E76A23DA3328AC6F96CCC.d.D9ED922B621F8A4914338DC794E545E5.e.9642/click - {}
RESULT: {}
COMMAND: GET /session/13ff36e378d374199407c6416a2f579d/screenshot - {}
RESULT: {}
COMMAND: POST /session/13ff36e378d374199407c6416a2f579d/elements - {"using":"xpath","value":"//span[text()='Error']"}
RESULT: {"using":"xpath","value":"//span[text()='Error']"}
COMMAND: POST /session/13ff36e378d374199407c6416a2f579d/element - {"using":"xpath","value":"//button[@data-kt=\"addNewYardOverflowToolbarButton\"]"}
RESULT: {"using":"xpath","value":"//button[@data-kt=\"addNewYardOverflowToolbarButton\"]"}
COMMAND: POST /session/13ff36e378d374199407c6416a2f579d/elements - {"using":"xpath","value":"//button[@data-kt=\"addNewYardOverflowToolbarButton\"]"}
RESULT: {"using":"xpath","value":"//button[@data-kt=\"addNewYardOverflowToolbarButton\"]"}
COMMAND: POST /session/13ff36e378d374199407c6416a2f579d/elements - {"using":"xpath","value":"//button[@data-kt=\"addNewYardOverflowToolbarButton\"]"}
RESULT: {"using":"xpath","value":"//button[@data-kt=\"addNewYardOverflowToolbarButton\"]"}
COMMAND: POST /session/13ff36e378d374199407c6416a2f579d/elements - {"using":"xpath","value":"//button[@data-kt=\"addNewYardOverflowToolbarButton\"]"}
RESULT: {"using":"xpath","value":"//button[@data-kt=\"addNewYardOverflowToolbarButton\"]"}
COMMAND: POST /session/13ff36e378d374199407c6416a2f579d/elements - {"using":"xpath","value":"//button[@data-kt=\"addNewYardOverflowToolbarButton\"]"}
RESULT: {"using":"xpath","value":"//button[@data-kt=\"addNewYardOverflowToolbarButton\"]"}
COMMAND: POST /session/13ff36e378d374199407c6416a2f579d/elements - {"using":"xpath","value":"//button[@data-kt=\"addNewYardOverflowToolbarButton\"]"}
RESULT: {"using":"xpath","value":"//button[@data-kt=\"addNewYardOverflowToolbarButton\"]"}
COMMAND: POST /session/13ff36e378d374199407c6416a2f579d/elements - {"using":"xpath","value":"//button[@data-kt=\"addNewYardOverflowToolbarButton\"]"}
RESULT: {"using":"xpath","value":"//button[@data-kt=\"addNewYardOverflowToolbarButton\"]"}
COMMAND: POST /session/13ff36e378d374199407c6416a2f579d/elements - {"using":"xpath","value":"//button[@data-kt=\"addNewYardOverflowToolbarButton\"]"}
RESULT: {"using":"xpath","value":"//button[@data-kt=\"addNewYardOverflowToolbarButton\"]"}
COMMAND: POST /session/13ff36e378d374199407c6416a2f579d/element - {"using":"xpath","value":"//button[@data-kt=\"addNewYardOverflowToolbarButton\"]"}
RESULT: {"using":"xpath","value":"//button[@data-kt=\"addNewYardOverflowToolbarButton\"]"}
COMMAND: POST /session/13ff36e378d374199407c6416a2f579d/execute/sync - {"script":"<script> [8489 bytes]","args":[{"element-6066-11e4-a52e-4f735466cecf":"f.3D100000B49E76A23DA3328AC6F96CCC.d.D9ED922B621F8A4914338DC794E545E5.e.9779","ELEMENT":"f.3D100000B49E76A23DA3328AC6F96CCC.d.D9ED922B621F8A4914338DC794E545E5.e.9779"}]}
RESULT: {"script":"<script> [8489 bytes]","args":[{"element-6066-11e4-a52e-4f735466cecf":"f.3D100000B49E76A23DA3328AC6F96CCC.d.D9ED922B621F8A4914338DC794E545E5.e.9779","ELEMENT":"f.3D100000B49E76A23DA3328AC6F96CCC.d.D9ED922B621F8A4914338DC794E545E5.e.9779"}]}
COMMAND: GET /session/13ff36e378d374199407c6416a2f579d/element/f.3D100000B49E76A23DA3328AC6F96CCC.d.D9ED922B621F8A4914338DC794E545E5.e.9779/enabled - {}
COMMAND: GET /session/13ff36e378d374199407c6416a2f579d/screenshot - {}
RESULT: {}
COMMAND: POST /session/13ff36e378d374199407c6416a2f579d/execute/sync - {"script":"<script> [8489 bytes]","args":[{"element-6066-11e4-a52e-4f735466cecf":"f.3D100000B49E76A23DA3328AC6F96CCC.d.D9ED922B621F8A4914338DC794E545E5.e.9779","ELEMENT":"f.3D100000B49E76A23DA3328AC6F96CCC.d.D9ED922B621F8A4914338DC794E545E5.e.9779"}]}
COMMAND: GET /session/13ff36e378d374199407c6416a2f579d/screenshot - {}
RESULT: {}
RESULT: {"script":"<script> [8489 bytes]","args":[{"element-6066-11e4-a52e-4f735466cecf":"f.3D100000B49E76A23DA3328AC6F96CCC.d.D9ED922B621F8A4914338DC794E545E5.e.9779","ELEMENT":"f.3D100000B49E76A23DA3328AC6F96CCC.d.D9ED922B621F8A4914338DC794E545E5.e.9779"}]}
COMMAND: POST /session/13ff36e378d374199407c6416a2f579d/execute/sync - {"script":"<script> [5351 bytes]","args":[{"element-6066-11e4-a52e-4f735466cecf":"f.3D100000B49E76A23DA3328AC6F96CCC.d.D9ED922B621F8A4914338DC794E545E5.e.9779","ELEMENT":"f.3D100000B49E76A23DA3328AC6F96CCC.d.D9ED922B621F8A4914338DC794E545E5.e.9779"}]}
COMMAND: GET /session/13ff36e378d374199407c6416a2f579d/screenshot - {}
RESULT: {}
RESULT: {"script":"<script> [5351 bytes]","args":[{"element-6066-11e4-a52e-4f735466cecf":"f.3D100000B49E76A23DA3328AC6F96CCC.d.D9ED922B621F8A4914338DC794E545E5.e.9779","ELEMENT":"f.3D100000B49E76A23DA3328AC6F96CCC.d.D9ED922B621F8A4914338DC794E545E5.e.9779"}]}
COMMAND: POST /session/13ff36e378d374199407c6416a2f579d/element/f.3D100000B49E76A23DA3328AC6F96CCC.d.D9ED922B621F8A4914338DC794E545E5.e.9779/click - {}
COMMAND: GET /session/13ff36e378d374199407c6416a2f579d/screenshot - {}
RESULT: {}
RESULT: {}
COMMAND: GET /session/13ff36e378d374199407c6416a2f579d/screenshot - {}
COMMAND: POST /session/13ff36e378d374199407c6416a2f579d/element - {"using":"xpath","value":"//input[@id=\"application-manageyards-display-component---NewYard--yardId-inner\"]"}
RESULT: {}
RESULT: {}
RESULT: {"using":"xpath","value":"//input[@id=\"application-manageyards-display-component---NewYard--yardId-inner\"]"}
COMMAND: POST /session/13ff36e378d374199407c6416a2f579d/element - {"using":"xpath","value":"//input[@id=\"application-manageyards-display-component---NewYard--yardId-inner\"]"}
RESULT: {"using":"xpath","value":"//input[@id=\"application-manageyards-display-component---NewYard--yardId-inner\"]"}
COMMAND: POST /session/13ff36e378d374199407c6416a2f579d/execute/async - {"script":"<script> [1562 bytes]","args":[{"selector":{"id":"application-manageyards-display-component---NewYard--addressDetailDetailsName1","interaction":{"idSuffix":"inner"}},"wdio_ui5_key":"applicationmanageyards-display-component---NewYard--addressDetailDetailsName1"}]}
RESULT: {"script":"<script> [1562 bytes]","args":[{"selector":{"id":"application-manageyards-display-component---NewYard--addressDetailDetailsName1","interaction":{"idSuffix":"inner"}},"wdio_ui5_key":"applicationmanageyards-display-component---NewYard--addressDetailDetailsName1"}]}
RESULT: undefined
COMMAND: POST /session/13ff36e378d374199407c6416a2f579d/execute/async - {"script":"<script> [776 bytes]","args":[{"enterText":"Intracompany Yard wdIO","selector":{"id":"application-manageyards-display-component---NewYard--addressDetailDetailsName1","interaction":{"idSuffix":"inner"}},"clearTextFirst":true,"interactionType":"ENTER_TEXT"}]}
RESULT: {"script":"<script> [776 bytes]","args":[{"enterText":"Intracompany Yard wdIO","selector":{"id":"application-manageyards-display-component---NewYard--addressDetailDetailsName1","interaction":{"idSuffix":"inner"}},"clearTextFirst":true,"interactionType":"ENTER_TEXT"}]}
COMMAND: POST /session/13ff36e378d374199407c6416a2f579d/execute/async - {"script":"<script> [1562 bytes]","args":[{"selector":{"id":"application-manageyards-display-component---NewYard--addressDetailDetailsLanguage-arrow"},"wdio_ui5_key":"applicationmanageyards-display-component---NewYard--addressDetailDetailsLanguage-arrow"}]}
RESULT: {"script":"<script> [1562 bytes]","args":[{"selector":{"id":"application-manageyards-display-component---NewYard--addressDetailDetailsLanguage-arrow"},"wdio_ui5_key":"applicationmanageyards-display-component---NewYard--addressDetailDetailsLanguage-arrow"}]}
RESULT: undefined
COMMAND: POST /session/13ff36e378d374199407c6416a2f579d/element - {"using":"xpath","value":"//*[@id=\"application-manageyards-display-component---NewYard--addressDetailDetailsLanguage-arrow\"]"}
RESULT: {"using":"xpath","value":"//*[@id=\"application-manageyards-display-component---NewYard--addressDetailDetailsLanguage-arrow\"]"}
COMMAND: POST /session/13ff36e378d374199407c6416a2f579d/element/f.3D100000B49E76A23DA3328AC6F96CCC.d.D9ED922B621F8A4914338DC794E545E5.e.10209/click - {}
RESULT: {}
COMMAND: POST /session/13ff36e378d374199407c6416a2f579d/element - {"using":"xpath","value":"//span[contains(text(), \"English\")]"}
COMMAND: GET /session/13ff36e378d374199407c6416a2f579d/screenshot - {}
RESULT: {"using":"xpath","value":"//span[contains(text(), \"English\")]"}
COMMAND: POST /session/13ff36e378d374199407c6416a2f579d/element/f.3D100000B49E76A23DA3328AC6F96CCC.d.D9ED922B621F8A4914338DC794E545E5.e.10210/click - {}
RESULT: {}
RESULT: {}
COMMAND: POST /session/13ff36e378d374199407c6416a2f579d/execute/async - {"script":"<script> [1562 bytes]","args":[{"selector":{"id":"application-manageyards-display-component---NewYard--addressDetailDetailsCity1","interaction":{"idSuffix":"inner"}},"wdio_ui5_key":"applicationmanageyards-display-component---NewYard--addressDetailDetailsCity1"}]}
COMMAND: GET /session/13ff36e378d374199407c6416a2f579d/screenshot - {}
RESULT: {"script":"<script> [1562 bytes]","args":[{"selector":{"id":"application-manageyards-display-component---NewYard--addressDetailDetailsCity1","interaction":{"idSuffix":"inner"}},"wdio_ui5_key":"applicationmanageyards-display-component---NewYard--addressDetailDetailsCity1"}]}
RESULT: undefined
COMMAND: POST /session/13ff36e378d374199407c6416a2f579d/execute/async - {"script":"<script> [776 bytes]","args":[{"enterText":"Rosario","selector":{"id":"application-manageyards-display-component---NewYard--addressDetailDetailsCity1","interaction":{"idSuffix":"inner"}},"clearTextFirst":true,"interactionType":"ENTER_TEXT"}]}
RESULT: {}
RESULT: {"script":"<script> [776 bytes]","args":[{"enterText":"Rosario","selector":{"id":"application-manageyards-display-component---NewYard--addressDetailDetailsCity1","interaction":{"idSuffix":"inner"}},"clearTextFirst":true,"interactionType":"ENTER_TEXT"}]}
COMMAND: POST /session/13ff36e378d374199407c6416a2f579d/execute/async - {"script":"<script> [1562 bytes]","args":[{"selector":{"id":"application-manageyards-display-component---NewYard--addressDetailDetailsCountry-arrow"},"wdio_ui5_key":"applicationmanageyards-display-component---NewYard--addressDetailDetailsCountry-arrow"}]}
RESULT: {"script":"<script> [1562 bytes]","args":[{"selector":{"id":"application-manageyards-display-component---NewYard--addressDetailDetailsCountry-arrow"},"wdio_ui5_key":"applicationmanageyards-display-component---NewYard--addressDetailDetailsCountry-arrow"}]}
RESULT: undefined
COMMAND: POST /session/13ff36e378d374199407c6416a2f579d/element - {"using":"xpath","value":"//*[@id=\"application-manageyards-display-component---NewYard--addressDetailDetailsCountry-arrow\"]"}
RESULT: {"using":"xpath","value":"//*[@id=\"application-manageyards-display-component---NewYard--addressDetailDetailsCountry-arrow\"]"}
COMMAND: POST /session/13ff36e378d374199407c6416a2f579d/element/f.3D100000B49E76A23DA3328AC6F96CCC.d.D9ED922B621F8A4914338DC794E545E5.e.10212/click - {}
RESULT: {}
COMMAND: POST /session/13ff36e378d374199407c6416a2f579d/element - {"using":"xpath","value":"//span[contains(text(), \"Argentina\")]"}
COMMAND: GET /session/13ff36e378d374199407c6416a2f579d/screenshot - {}
RESULT: {"using":"xpath","value":"//span[contains(text(), \"Argentina\")]"}
COMMAND: POST /session/13ff36e378d374199407c6416a2f579d/element/f.3D100000B49E76A23DA3328AC6F96CCC.d.D9ED922B621F8A4914338DC794E545E5.e.10214/click - {}
RESULT: {}
RESULT: {}
COMMAND: POST /session/13ff36e378d374199407c6416a2f579d/execute/async - {"script":"<script> [1562 bytes]","args":[{"selector":{"id":"application-manageyards-display-component---NewYard--addressEditDetailsCostObjectCstType-arrow"},"wdio_ui5_key":"applicationmanageyards-display-component---NewYard--addressEditDetailsCostObjectCstType-arrow"}]}
COMMAND: GET /session/13ff36e378d374199407c6416a2f579d/screenshot - {}
RESULT: {"script":"<script> [1562 bytes]","args":[{"selector":{"id":"application-manageyards-display-component---NewYard--addressEditDetailsCostObjectCstType-arrow"},"wdio_ui5_key":"applicationmanageyards-display-component---NewYard--addressEditDetailsCostObjectCstType-arrow"}]}
RESULT: undefined
COMMAND: POST /session/13ff36e378d374199407c6416a2f579d/element - {"using":"xpath","value":"//*[@id=\"application-manageyards-display-component---NewYard--addressEditDetailsCostObjectCstType-arrow\"]"}
RESULT: {}
RESULT: {"using":"xpath","value":"//*[@id=\"application-manageyards-display-component---NewYard--addressEditDetailsCostObjectCstType-arrow\"]"}
COMMAND: POST /session/13ff36e378d374199407c6416a2f579d/element/f.3D100000B49E76A23DA3328AC6F96CCC.d.D9ED922B621F8A4914338DC794E545E5.e.10215/click - {}
RESULT: {}
COMMAND: POST /session/13ff36e378d374199407c6416a2f579d/element - {"using":"xpath","value":"//span[contains(text(), \"Cost Center\")]"}
COMMAND: GET /session/13ff36e378d374199407c6416a2f579d/screenshot - {}
RESULT: {"using":"xpath","value":"//span[contains(text(), \"Cost Center\")]"}
COMMAND: POST /session/13ff36e378d374199407c6416a2f579d/element/f.3D100000B49E76A23DA3328AC6F96CCC.d.D9ED922B621F8A4914338DC794E545E5.e.10216/click - {}
RESULT: {}
RESULT: {}
COMMAND: GET /session/13ff36e378d374199407c6416a2f579d/screenshot - {}
RESULT: {}
COMMAND: POST /session/13ff36e378d374199407c6416a2f579d/element - {"using":"xpath","value":"//span[@id=\"application-manageyards-display-component---NewYard--addressNewCostObjectCstID-vhi\"]"}
RESULT: {"using":"xpath","value":"//span[@id=\"application-manageyards-display-component---NewYard--addressNewCostObjectCstID-vhi\"]"}
COMMAND: POST /session/13ff36e378d374199407c6416a2f579d/execute/sync - {"script":"<script> [8489 bytes]","args":[{"element-6066-11e4-a52e-4f735466cecf":"f.3D100000B49E76A23DA3328AC6F96CCC.d.D9ED922B621F8A4914338DC794E545E5.e.10220","ELEMENT":"f.3D100000B49E76A23DA3328AC6F96CCC.d.D9ED922B621F8A4914338DC794E545E5.e.10220"}]}
RESULT: {"script":"<script> [8489 bytes]","args":[{"element-6066-11e4-a52e-4f735466cecf":"f.3D100000B49E76A23DA3328AC6F96CCC.d.D9ED922B621F8A4914338DC794E545E5.e.10220","ELEMENT":"f.3D100000B49E76A23DA3328AC6F96CCC.d.D9ED922B621F8A4914338DC794E545E5.e.10220"}]}
COMMAND: POST /session/13ff36e378d374199407c6416a2f579d/execute/async - {"script":"<script> [1562 bytes]","args":[{"selector":{"id":"application-manageyards-display-component---NewYard--addressNewCostObjectCstID-vhi"},"wdio_ui5_key":"applicationmanageyards-display-component---NewYard--addressNewCostObjectCstID-vhi"}]}
COMMAND: GET /session/13ff36e378d374199407c6416a2f579d/screenshot - {}
RESULT: {"script":"<script> [1562 bytes]","args":[{"selector":{"id":"application-manageyards-display-component---NewYard--addressNewCostObjectCstID-vhi"},"wdio_ui5_key":"applicationmanageyards-display-component---NewYard--addressNewCostObjectCstID-vhi"}]}
RESULT: undefined
COMMAND: POST /session/13ff36e378d374199407c6416a2f579d/element - {"using":"xpath","value":"//*[@id=\"application-manageyards-display-component---NewYard--addressNewCostObjectCstID-vhi\"]"}
RESULT: {}
RESULT: {"using":"xpath","value":"//*[@id=\"application-manageyards-display-component---NewYard--addressNewCostObjectCstID-vhi\"]"}
COMMAND: POST /session/13ff36e378d374199407c6416a2f579d/element/f.3D100000B49E76A23DA3328AC6F96CCC.d.D9ED922B621F8A4914338DC794E545E5.e.10220/click - {}
RESULT: {}
COMMAND: GET /session/13ff36e378d374199407c6416a2f579d/screenshot - {}
RESULT: {}
COMMAND: POST /session/13ff36e378d374199407c6416a2f579d/execute/async - {"script":"<script> [1562 bytes]","args":[{"selector":{"controlType":"sap.m.SearchField","properties":{"placeholder":"Search"},"searchOpenDialogs":true,"interaction":{"idSuffix":"I"}},"wdio_ui5_key":"sapm.SearchField{\"placeholder\":\"Search\"}"}]}
RESULT: {"script":"<script> [1562 bytes]","args":[{"selector":{"controlType":"sap.m.SearchField","properties":{"placeholder":"Search"},"searchOpenDialogs":true,"interaction":{"idSuffix":"I"}},"wdio_ui5_key":"sapm.SearchField{\"placeholder\":\"Search\"}"}]}
RESULT: undefined
COMMAND: POST /session/13ff36e378d374199407c6416a2f579d/execute/async - {"script":"<script> [776 bytes]","args":[{"enterText":"bauh_b","selector":{"controlType":"sap.m.SearchField","properties":{"placeholder":"Search"},"searchOpenDialogs":true,"interaction":{"idSuffix":"I"}},"clearTextFirst":true,"interactionType":"ENTER_TEXT"}]}
RESULT: {"script":"<script> [776 bytes]","args":[{"enterText":"bauh_b","selector":{"controlType":"sap.m.SearchField","properties":{"placeholder":"Search"},"searchOpenDialogs":true,"interaction":{"idSuffix":"I"}},"clearTextFirst":true,"interactionType":"ENTER_TEXT"}]}
COMMAND: POST /session/13ff36e378d374199407c6416a2f579d/actions - {"actions":[{"id":"action30","type":"key","parameters":{},"actions":[{"type":"keyDown","value":"î€‡"},{"type":"pause","duration":10},{"type":"keyUp","value":"î€‡"}]}]}
RESULT: {"actions":[{"id":"action30","type":"key","parameters":{},"actions":[{"type":"keyDown","value":"î€‡"},{"type":"pause","duration":10},{"type":"keyUp","value":"î€‡"}]}]}
COMMAND: GET /session/13ff36e378d374199407c6416a2f579d/screenshot - {}
RESULT: {}
COMMAND: POST /session/13ff36e378d374199407c6416a2f579d/element - {"using":"xpath","value":"//span[contains(text(), \"Demo Yard\")]"}
RESULT: {"using":"xpath","value":"//span[contains(text(), \"Demo Yard\")]"}
COMMAND: POST /session/13ff36e378d374199407c6416a2f579d/element/f.3D100000B49E76A23DA3328AC6F96CCC.d.D9ED922B621F8A4914338DC794E545E5.e.10262/click - {}
RESULT: {}
COMMAND: GET /session/13ff36e378d374199407c6416a2f579d/screenshot - {}
RESULT: {}
COMMAND: POST /session/13ff36e378d374199407c6416a2f579d/element - {"using":"xpath","value":"//bdi[contains(text(), \"OK\")]"}
RESULT: {"using":"xpath","value":"//bdi[contains(text(), \"OK\")]"}
COMMAND: POST /session/13ff36e378d374199407c6416a2f579d/element/f.3D100000B49E76A23DA3328AC6F96CCC.d.D9ED922B621F8A4914338DC794E545E5.e.10263/click - {}
RESULT: {}
COMMAND: GET /session/13ff36e378d374199407c6416a2f579d/screenshot - {}
RESULT: {}
COMMAND: POST /session/13ff36e378d374199407c6416a2f579d/execute/async - {"script":"<script> [1562 bytes]","args":[{"selector":{"id":"application-manageyards-display-component---NewYard--addressEditDetailsCurrency-arrow"},"wdio_ui5_key":"applicationmanageyards-display-component---NewYard--addressEditDetailsCurrency-arrow"}]}
RESULT: {"script":"<script> [1562 bytes]","args":[{"selector":{"id":"application-manageyards-display-component---NewYard--addressEditDetailsCurrency-arrow"},"wdio_ui5_key":"applicationmanageyards-display-component---NewYard--addressEditDetailsCurrency-arrow"}]}
RESULT: undefined
COMMAND: POST /session/13ff36e378d374199407c6416a2f579d/element - {"using":"xpath","value":"//*[@id=\"application-manageyards-display-component---NewYard--addressEditDetailsCurrency-arrow\"]"}
RESULT: {"using":"xpath","value":"//*[@id=\"application-manageyards-display-component---NewYard--addressEditDetailsCurrency-arrow\"]"}
COMMAND: POST /session/13ff36e378d374199407c6416a2f579d/element/f.3D100000B49E76A23DA3328AC6F96CCC.d.D9ED922B621F8A4914338DC794E545E5.e.10266/click - {}
RESULT: {}
COMMAND: POST /session/13ff36e378d374199407c6416a2f579d/element - {"using":"xpath","value":"//span[contains(text(), \"Euro\")]"}
COMMAND: GET /session/13ff36e378d374199407c6416a2f579d/screenshot - {}
RESULT: {"using":"xpath","value":"//span[contains(text(), \"Euro\")]"}
COMMAND: POST /session/13ff36e378d374199407c6416a2f579d/element/f.3D100000B49E76A23DA3328AC6F96CCC.d.D9ED922B621F8A4914338DC794E545E5.e.10267/click - {}
RESULT: {}
RESULT: {}
COMMAND: POST /session/13ff36e378d374199407c6416a2f579d/execute/async - {"script":"<script> [1562 bytes]","args":[{"selector":{"controlType":"sap.m.Input","viewName":"etm.portal.ui.manageyards.view.New","viewId":"application-manageyards-display-component---NewYard","bindingPath":{"path":"","propertyPath":"/CONTROLLING_AREA","modelName":"NewYardModel"},"interaction":{"idSuffix":"inner"}},"wdio_ui5_key":"etmportal.ui.manageyards.view.Newsap.m.Input{\"path\":\"\",\"propertyPath\":\"/CONTROLLING_AREA\",\"modelName\":\"NewYardModel\"}"}]}
COMMAND: GET /session/13ff36e378d374199407c6416a2f579d/screenshot - {}
RESULT: {"script":"<script> [1562 bytes]","args":[{"selector":{"controlType":"sap.m.Input","viewName":"etm.portal.ui.manageyards.view.New","viewId":"application-manageyards-display-component---NewYard","bindingPath":{"path":"","propertyPath":"/CONTROLLING_AREA","modelName":"NewYardModel"},"interaction":{"idSuffix":"inner"}},"wdio_ui5_key":"etmportal.ui.manageyards.view.Newsap.m.Input{\"path\":\"\",\"propertyPath\":\"/CONTROLLING_AREA\",\"modelName\":\"NewYardModel\"}"}]}
RESULT: undefined
COMMAND: POST /session/13ff36e378d374199407c6416a2f579d/execute/async - {"script":"<script> [776 bytes]","args":[{"enterText":"Z001","selector":{"controlType":"sap.m.Input","viewName":"etm.portal.ui.manageyards.view.New","viewId":"application-manageyards-display-component---NewYard","bindingPath":{"path":"","propertyPath":"/CONTROLLING_AREA","modelName":"NewYardModel"},"interaction":{"idSuffix":"inner"}},"clearTextFirst":true,"interactionType":"ENTER_TEXT"}]}
RESULT: {}
RESULT: {"script":"<script> [776 bytes]","args":[{"enterText":"Z001","selector":{"controlType":"sap.m.Input","viewName":"etm.portal.ui.manageyards.view.New","viewId":"application-manageyards-display-component---NewYard","bindingPath":{"path":"","propertyPath":"/CONTROLLING_AREA","modelName":"NewYardModel"},"interaction":{"idSuffix":"inner"}},"clearTextFirst":true,"interactionType":"ENTER_TEXT"}]}
COMMAND: POST /session/13ff36e378d374199407c6416a2f579d/execute/async - {"script":"<script> [1562 bytes]","args":[{"selector":{"id":"application-manageyards-display-component---NewYard--companyCodeComboBox","interaction":{"idSuffix":"inner"}},"wdio_ui5_key":"applicationmanageyards-display-component---NewYard--companyCodeComboBox"}]}
RESULT: {"script":"<script> [1562 bytes]","args":[{"selector":{"id":"application-manageyards-display-component---NewYard--companyCodeComboBox","interaction":{"idSuffix":"inner"}},"wdio_ui5_key":"applicationmanageyards-display-component---NewYard--companyCodeComboBox"}]}
RESULT: undefined
COMMAND: POST /session/13ff36e378d374199407c6416a2f579d/execute/async - {"script":"<script> [776 bytes]","args":[{"enterText":"1000","selector":{"id":"application-manageyards-display-component---NewYard--companyCodeComboBox","interaction":{"idSuffix":"inner"}},"clearTextFirst":true,"interactionType":"ENTER_TEXT"}]}
RESULT: {"script":"<script> [776 bytes]","args":[{"enterText":"1000","selector":{"id":"application-manageyards-display-component---NewYard--companyCodeComboBox","interaction":{"idSuffix":"inner"}},"clearTextFirst":true,"interactionType":"ENTER_TEXT"}]}
COMMAND: POST /session/13ff36e378d374199407c6416a2f579d/execute/async - {"script":"<script> [1562 bytes]","args":[{"selector":{"controlType":"sap.m.Input","viewName":"etm.portal.ui.manageyards.view.New","viewId":"application-manageyards-display-component---NewYard","bindingPath":{"path":"","propertyPath":"/PLANT","modelName":"NewYardModel"},"interaction":{"idSuffix":"inner"}},"wdio_ui5_key":"etmportal.ui.manageyards.view.Newsap.m.Input{\"path\":\"\",\"propertyPath\":\"/PLANT\",\"modelName\":\"NewYardModel\"}"}]}
RESULT: {"script":"<script> [1562 bytes]","args":[{"selector":{"controlType":"sap.m.Input","viewName":"etm.portal.ui.manageyards.view.New","viewId":"application-manageyards-display-component---NewYard","bindingPath":{"path":"","propertyPath":"/PLANT","modelName":"NewYardModel"},"interaction":{"idSuffix":"inner"}},"wdio_ui5_key":"etmportal.ui.manageyards.view.Newsap.m.Input{\"path\":\"\",\"propertyPath\":\"/PLANT\",\"modelName\":\"NewYardModel\"}"}]}
RESULT: undefined
COMMAND: POST /session/13ff36e378d374199407c6416a2f579d/execute/async - {"script":"<script> [776 bytes]","args":[{"enterText":"1001","selector":{"controlType":"sap.m.Input","viewName":"etm.portal.ui.manageyards.view.New","viewId":"application-manageyards-display-component---NewYard","bindingPath":{"path":"","propertyPath":"/PLANT","modelName":"NewYardModel"},"interaction":{"idSuffix":"inner"}},"clearTextFirst":true,"interactionType":"ENTER_TEXT"}]}
RESULT: {"script":"<script> [776 bytes]","args":[{"enterText":"1001","selector":{"controlType":"sap.m.Input","viewName":"etm.portal.ui.manageyards.view.New","viewId":"application-manageyards-display-component---NewYard","bindingPath":{"path":"","propertyPath":"/PLANT","modelName":"NewYardModel"},"interaction":{"idSuffix":"inner"}},"clearTextFirst":true,"interactionType":"ENTER_TEXT"}]}
COMMAND: POST /session/13ff36e378d374199407c6416a2f579d/execute/async - {"script":"<script> [1562 bytes]","args":[{"selector":{"controlType":"sap.m.Input","viewName":"etm.portal.ui.manageyards.view.New","viewId":"application-manageyards-display-component---NewYard","bindingPath":{"path":"","propertyPath":"/SALES_AREA_VKORG","modelName":"NewYardModel"},"interaction":{"idSuffix":"inner"}},"wdio_ui5_key":"etmportal.ui.manageyards.view.Newsap.m.Input{\"path\":\"\",\"propertyPath\":\"/SALES_AREA_VKORG\",\"modelName\":\"NewYardModel\"}"}]}
RESULT: {"script":"<script> [1562 bytes]","args":[{"selector":{"controlType":"sap.m.Input","viewName":"etm.portal.ui.manageyards.view.New","viewId":"application-manageyards-display-component---NewYard","bindingPath":{"path":"","propertyPath":"/SALES_AREA_VKORG","modelName":"NewYardModel"},"interaction":{"idSuffix":"inner"}},"wdio_ui5_key":"etmportal.ui.manageyards.view.Newsap.m.Input{\"path\":\"\",\"propertyPath\":\"/SALES_AREA_VKORG\",\"modelName\":\"NewYardModel\"}"}]}
RESULT: undefined
COMMAND: POST /session/13ff36e378d374199407c6416a2f579d/execute/async - {"script":"<script> [776 bytes]","args":[{"enterText":"C002","selector":{"controlType":"sap.m.Input","viewName":"etm.portal.ui.manageyards.view.New","viewId":"application-manageyards-display-component---NewYard","bindingPath":{"path":"","propertyPath":"/SALES_AREA_VKORG","modelName":"NewYardModel"},"interaction":{"idSuffix":"inner"}},"clearTextFirst":true,"interactionType":"ENTER_TEXT"}]}
RESULT: {"script":"<script> [776 bytes]","args":[{"enterText":"C002","selector":{"controlType":"sap.m.Input","viewName":"etm.portal.ui.manageyards.view.New","viewId":"application-manageyards-display-component---NewYard","bindingPath":{"path":"","propertyPath":"/SALES_AREA_VKORG","modelName":"NewYardModel"},"interaction":{"idSuffix":"inner"}},"clearTextFirst":true,"interactionType":"ENTER_TEXT"}]}
COMMAND: POST /session/13ff36e378d374199407c6416a2f579d/execute/async - {"script":"<script> [1562 bytes]","args":[{"selector":{"controlType":"sap.m.Input","viewName":"etm.portal.ui.manageyards.view.New","viewId":"application-manageyards-display-component---NewYard","bindingPath":{"path":"","propertyPath":"/SALES_AREA_VTWEG","modelName":"NewYardModel"},"interaction":{"idSuffix":"inner"}},"wdio_ui5_key":"etmportal.ui.manageyards.view.Newsap.m.Input{\"path\":\"\",\"propertyPath\":\"/SALES_AREA_VTWEG\",\"modelName\":\"NewYardModel\"}"}]}
RESULT: {"script":"<script> [1562 bytes]","args":[{"selector":{"controlType":"sap.m.Input","viewName":"etm.portal.ui.manageyards.view.New","viewId":"application-manageyards-display-component---NewYard","bindingPath":{"path":"","propertyPath":"/SALES_AREA_VTWEG","modelName":"NewYardModel"},"interaction":{"idSuffix":"inner"}},"wdio_ui5_key":"etmportal.ui.manageyards.view.Newsap.m.Input{\"path\":\"\",\"propertyPath\":\"/SALES_AREA_VTWEG\",\"modelName\":\"NewYardModel\"}"}]}
RESULT: undefined
COMMAND: POST /session/13ff36e378d374199407c6416a2f579d/execute/async - {"script":"<script> [776 bytes]","args":[{"enterText":"C2","selector":{"controlType":"sap.m.Input","viewName":"etm.portal.ui.manageyards.view.New","viewId":"application-manageyards-display-component---NewYard","bindingPath":{"path":"","propertyPath":"/SALES_AREA_VTWEG","modelName":"NewYardModel"},"interaction":{"idSuffix":"inner"}},"clearTextFirst":true,"interactionType":"ENTER_TEXT"}]}
RESULT: {"script":"<script> [776 bytes]","args":[{"enterText":"C2","selector":{"controlType":"sap.m.Input","viewName":"etm.portal.ui.manageyards.view.New","viewId":"application-manageyards-display-component---NewYard","bindingPath":{"path":"","propertyPath":"/SALES_AREA_VTWEG","modelName":"NewYardModel"},"interaction":{"idSuffix":"inner"}},"clearTextFirst":true,"interactionType":"ENTER_TEXT"}]}
COMMAND: POST /session/13ff36e378d374199407c6416a2f579d/execute/async - {"script":"<script> [1562 bytes]","args":[{"selector":{"controlType":"sap.m.Input","viewName":"etm.portal.ui.manageyards.view.New","viewId":"application-manageyards-display-component---NewYard","bindingPath":{"path":"","propertyPath":"/SALES_AREA_SPART","modelName":"NewYardModel"},"interaction":{"idSuffix":"inner"}},"wdio_ui5_key":"etmportal.ui.manageyards.view.Newsap.m.Input{\"path\":\"\",\"propertyPath\":\"/SALES_AREA_SPART\",\"modelName\":\"NewYardModel\"}"}]}
RESULT: {"script":"<script> [1562 bytes]","args":[{"selector":{"controlType":"sap.m.Input","viewName":"etm.portal.ui.manageyards.view.New","viewId":"application-manageyards-display-component---NewYard","bindingPath":{"path":"","propertyPath":"/SALES_AREA_SPART","modelName":"NewYardModel"},"interaction":{"idSuffix":"inner"}},"wdio_ui5_key":"etmportal.ui.manageyards.view.Newsap.m.Input{\"path\":\"\",\"propertyPath\":\"/SALES_AREA_SPART\",\"modelName\":\"NewYardModel\"}"}]}
RESULT: undefined
COMMAND: POST /session/13ff36e378d374199407c6416a2f579d/execute/async - {"script":"<script> [776 bytes]","args":[{"enterText":"C2","selector":{"controlType":"sap.m.Input","viewName":"etm.portal.ui.manageyards.view.New","viewId":"application-manageyards-display-component---NewYard","bindingPath":{"path":"","propertyPath":"/SALES_AREA_SPART","modelName":"NewYardModel"},"interaction":{"idSuffix":"inner"}},"clearTextFirst":true,"interactionType":"ENTER_TEXT"}]}
RESULT: {"script":"<script> [776 bytes]","args":[{"enterText":"C2","selector":{"controlType":"sap.m.Input","viewName":"etm.portal.ui.manageyards.view.New","viewId":"application-manageyards-display-component---NewYard","bindingPath":{"path":"","propertyPath":"/SALES_AREA_SPART","modelName":"NewYardModel"},"interaction":{"idSuffix":"inner"}},"clearTextFirst":true,"interactionType":"ENTER_TEXT"}]}
COMMAND: POST /session/13ff36e378d374199407c6416a2f579d/execute/async - {"script":"<script> [1562 bytes]","args":[{"selector":{"controlType":"sap.m.Input","viewName":"etm.portal.ui.manageyards.view.New","viewId":"application-manageyards-display-component---NewYard","bindingPath":{"path":"","propertyPath":"/SHIP_POINT","modelName":"NewYardModel"},"interaction":{"idSuffix":"inner"}},"wdio_ui5_key":"etmportal.ui.manageyards.view.Newsap.m.Input{\"path\":\"\",\"propertyPath\":\"/SHIP_POINT\",\"modelName\":\"NewYardModel\"}"}]}
RESULT: {"script":"<script> [1562 bytes]","args":[{"selector":{"controlType":"sap.m.Input","viewName":"etm.portal.ui.manageyards.view.New","viewId":"application-manageyards-display-component---NewYard","bindingPath":{"path":"","propertyPath":"/SHIP_POINT","modelName":"NewYardModel"},"interaction":{"idSuffix":"inner"}},"wdio_ui5_key":"etmportal.ui.manageyards.view.Newsap.m.Input{\"path\":\"\",\"propertyPath\":\"/SHIP_POINT\",\"modelName\":\"NewYardModel\"}"}]}
RESULT: undefined
COMMAND: POST /session/13ff36e378d374199407c6416a2f579d/execute/async - {"script":"<script> [776 bytes]","args":[{"enterText":"1710","selector":{"controlType":"sap.m.Input","viewName":"etm.portal.ui.manageyards.view.New","viewId":"application-manageyards-display-component---NewYard","bindingPath":{"path":"","propertyPath":"/SHIP_POINT","modelName":"NewYardModel"},"interaction":{"idSuffix":"inner"}},"clearTextFirst":true,"interactionType":"ENTER_TEXT"}]}
RESULT: {"script":"<script> [776 bytes]","args":[{"enterText":"1710","selector":{"controlType":"sap.m.Input","viewName":"etm.portal.ui.manageyards.view.New","viewId":"application-manageyards-display-component---NewYard","bindingPath":{"path":"","propertyPath":"/SHIP_POINT","modelName":"NewYardModel"},"interaction":{"idSuffix":"inner"}},"clearTextFirst":true,"interactionType":"ENTER_TEXT"}]}
COMMAND: POST /session/13ff36e378d374199407c6416a2f579d/execute/async - {"script":"<script> [1562 bytes]","args":[{"selector":{"controlType":"sap.m.Input","viewName":"etm.portal.ui.manageyards.view.New","viewId":"application-manageyards-display-component---NewYard","bindingPath":{"path":"","propertyPath":"/DELIVERY_TYPE","modelName":"NewYardModel"},"interaction":{"idSuffix":"inner"}},"wdio_ui5_key":"etmportal.ui.manageyards.view.Newsap.m.Input{\"path\":\"\",\"propertyPath\":\"/DELIVERY_TYPE\",\"modelName\":\"NewYardModel\"}"}]}
RESULT: {"script":"<script> [1562 bytes]","args":[{"selector":{"controlType":"sap.m.Input","viewName":"etm.portal.ui.manageyards.view.New","viewId":"application-manageyards-display-component---NewYard","bindingPath":{"path":"","propertyPath":"/DELIVERY_TYPE","modelName":"NewYardModel"},"interaction":{"idSuffix":"inner"}},"wdio_ui5_key":"etmportal.ui.manageyards.view.Newsap.m.Input{\"path\":\"\",\"propertyPath\":\"/DELIVERY_TYPE\",\"modelName\":\"NewYardModel\"}"}]}
RESULT: undefined
COMMAND: POST /session/13ff36e378d374199407c6416a2f579d/execute/async - {"script":"<script> [776 bytes]","args":[{"enterText":"ZL01","selector":{"controlType":"sap.m.Input","viewName":"etm.portal.ui.manageyards.view.New","viewId":"application-manageyards-display-component---NewYard","bindingPath":{"path":"","propertyPath":"/DELIVERY_TYPE","modelName":"NewYardModel"},"interaction":{"idSuffix":"inner"}},"clearTextFirst":true,"interactionType":"ENTER_TEXT"}]}
RESULT: {"script":"<script> [776 bytes]","args":[{"enterText":"ZL01","selector":{"controlType":"sap.m.Input","viewName":"etm.portal.ui.manageyards.view.New","viewId":"application-manageyards-display-component---NewYard","bindingPath":{"path":"","propertyPath":"/DELIVERY_TYPE","modelName":"NewYardModel"},"interaction":{"idSuffix":"inner"}},"clearTextFirst":true,"interactionType":"ENTER_TEXT"}]}
COMMAND: POST /session/13ff36e378d374199407c6416a2f579d/execute/async - {"script":"<script> [1562 bytes]","args":[{"selector":{"controlType":"sap.m.Input","viewName":"etm.portal.ui.manageyards.view.New","viewId":"application-manageyards-display-component---NewYard","bindingPath":{"path":"","propertyPath":"/AUART","modelName":"NewYardModel"},"interaction":{"idSuffix":"inner"}},"wdio_ui5_key":"etmportal.ui.manageyards.view.Newsap.m.Input{\"path\":\"\",\"propertyPath\":\"/AUART\",\"modelName\":\"NewYardModel\"}"}]}
RESULT: {"script":"<script> [1562 bytes]","args":[{"selector":{"controlType":"sap.m.Input","viewName":"etm.portal.ui.manageyards.view.New","viewId":"application-manageyards-display-component---NewYard","bindingPath":{"path":"","propertyPath":"/AUART","modelName":"NewYardModel"},"interaction":{"idSuffix":"inner"}},"wdio_ui5_key":"etmportal.ui.manageyards.view.Newsap.m.Input{\"path\":\"\",\"propertyPath\":\"/AUART\",\"modelName\":\"NewYardModel\"}"}]}
RESULT: undefined
COMMAND: POST /session/13ff36e378d374199407c6416a2f579d/execute/async - {"script":"<script> [776 bytes]","args":[{"enterText":"TA","selector":{"controlType":"sap.m.Input","viewName":"etm.portal.ui.manageyards.view.New","viewId":"application-manageyards-display-component---NewYard","bindingPath":{"path":"","propertyPath":"/AUART","modelName":"NewYardModel"},"interaction":{"idSuffix":"inner"}},"clearTextFirst":true,"interactionType":"ENTER_TEXT"}]}
RESULT: {"script":"<script> [776 bytes]","args":[{"enterText":"TA","selector":{"controlType":"sap.m.Input","viewName":"etm.portal.ui.manageyards.view.New","viewId":"application-manageyards-display-component---NewYard","bindingPath":{"path":"","propertyPath":"/AUART","modelName":"NewYardModel"},"interaction":{"idSuffix":"inner"}},"clearTextFirst":true,"interactionType":"ENTER_TEXT"}]}
COMMAND: POST /session/13ff36e378d374199407c6416a2f579d/element - {"using":"xpath","value":"//button[@data-kt=\"newYardSaveButton\"]"}
RESULT: {"using":"xpath","value":"//button[@data-kt=\"newYardSaveButton\"]"}
COMMAND: POST /session/13ff36e378d374199407c6416a2f579d/element/f.3D100000B49E76A23DA3328AC6F96CCC.d.D9ED922B621F8A4914338DC794E545E5.e.10194/click - {}
RESULT: {}
COMMAND: GET /session/13ff36e378d374199407c6416a2f579d/screenshot - {}
RESULT: {}
COMMAND: POST /session/13ff36e378d374199407c6416a2f579d/element - {"using":"xpath","value":"//header[contains(@id, 'ObjectPageLayout-headerTitle')]/div[1]/div[2]/div[1]/span[1]"}
RESULT: {"using":"xpath","value":"//header[contains(@id, 'ObjectPageLayout-headerTitle')]/div[1]/div[2]/div[1]/span[1]"}
COMMAND: POST /session/13ff36e378d374199407c6416a2f579d/elements - {"using":"xpath","value":"//header[contains(@id, 'ObjectPageLayout-headerTitle')]/div[1]/div[2]/div[1]/span[1]"}
RESULT: {"using":"xpath","value":"//header[contains(@id, 'ObjectPageLayout-headerTitle')]/div[1]/div[2]/div[1]/span[1]"}
COMMAND: POST /session/13ff36e378d374199407c6416a2f579d/execute/sync - {"script":"<script> [56 bytes]","args":[{"element-6066-11e4-a52e-4f735466cecf":"f.3D100000B49E76A23DA3328AC6F96CCC.d.D9ED922B621F8A4914338DC794E545E5.e.10486","ELEMENT":"f.3D100000B49E76A23DA3328AC6F96CCC.d.D9ED922B621F8A4914338DC794E545E5.e.10486"}]}
RESULT: {"script":"<script> [56 bytes]","args":[{"element-6066-11e4-a52e-4f735466cecf":"f.3D100000B49E76A23DA3328AC6F96CCC.d.D9ED922B621F8A4914338DC794E545E5.e.10486","ELEMENT":"f.3D100000B49E76A23DA3328AC6F96CCC.d.D9ED922B621F8A4914338DC794E545E5.e.10486"}]}
COMMAND: GET /session/13ff36e378d374199407c6416a2f579d/screenshot - {}
RESULT: {}
COMMAND: POST /session/13ff36e378d374199407c6416a2f579d/element - {"using":"css selector","value":"#shell-header-logo"}
RESULT: {"using":"css selector","value":"#shell-header-logo"}
COMMAND: POST /session/13ff36e378d374199407c6416a2f579d/element/f.3D100000B49E76A23DA3328AC6F96CCC.d.D9ED922B621F8A4914338DC794E545E5.e.9748/click - {}
RESULT: {}
COMMAND: GET /session/13ff36e378d374199407c6416a2f579d/screenshot - {}
RESULT: {}
COMMAND: POST /session/13ff36e378d374199407c6416a2f579d/execute/sync - {"script":"<script> [299 bytes]","args":[["getModel","getResource"]]}
RESULT: {"script":"<script> [299 bytes]","args":[["getModel","getResource"]]}
]]></system-out>
    </testcase>
    <testcase classname="chrome.136_0_7103_93.windows.Create_partner_US118246" name="Should create new external partner" time="111.275">
      <system-out><![CDATA[
COMMAND: POST /session/13ff36e378d374199407c6416a2f579d/window/fullscreen - {}
COMMAND: GET /session/13ff36e378d374199407c6416a2f579d/screenshot - {}
RESULT: {}
COMMAND: POST /session/13ff36e378d374199407c6416a2f579d/execute/async - {"script":"<script> [1562 bytes]","args":[{"selector":{"controlType":"sap.m.GenericTile","properties":{"header":"Manage Partners"}},"wdio_ui5_key":"sapm.GenericTile{\"header\":\"Manage Partners\"}"}]}
RESULT: {}
RESULT: {"script":"<script> [1562 bytes]","args":[{"selector":{"controlType":"sap.m.GenericTile","properties":{"header":"Manage Partners"}},"wdio_ui5_key":"sapm.GenericTile{\"header\":\"Manage Partners\"}"}]}
RESULT: undefined
COMMAND: POST /session/13ff36e378d374199407c6416a2f579d/element - {"using":"xpath","value":"//*[@id=\"__tile38\"]"}
RESULT: {"using":"xpath","value":"//*[@id=\"__tile38\"]"}
COMMAND: POST /session/13ff36e378d374199407c6416a2f579d/element/f.3D100000B49E76A23DA3328AC6F96CCC.d.D9ED922B621F8A4914338DC794E545E5.e.9633/click - {}
RESULT: {}
COMMAND: GET /session/13ff36e378d374199407c6416a2f579d/screenshot - {}
RESULT: {}
COMMAND: POST /session/13ff36e378d374199407c6416a2f579d/elements - {"using":"xpath","value":"//span[text()='Error']"}
RESULT: {"using":"xpath","value":"//span[text()='Error']"}
COMMAND: POST /session/13ff36e378d374199407c6416a2f579d/element - {"using":"xpath","value":"//button[@data-kt=\"addButton\"]"}
RESULT: {"using":"xpath","value":"//button[@data-kt=\"addButton\"]"}
COMMAND: POST /session/13ff36e378d374199407c6416a2f579d/elements - {"using":"xpath","value":"//button[@data-kt=\"addButton\"]"}
RESULT: {"using":"xpath","value":"//button[@data-kt=\"addButton\"]"}
COMMAND: POST /session/13ff36e378d374199407c6416a2f579d/execute/sync - {"script":"<script> [8489 bytes]","args":[{"element-6066-11e4-a52e-4f735466cecf":"f.3D100000B49E76A23DA3328AC6F96CCC.d.D9ED922B621F8A4914338DC794E545E5.e.10524","ELEMENT":"f.3D100000B49E76A23DA3328AC6F96CCC.d.D9ED922B621F8A4914338DC794E545E5.e.10524"}]}
RESULT: {"script":"<script> [8489 bytes]","args":[{"element-6066-11e4-a52e-4f735466cecf":"f.3D100000B49E76A23DA3328AC6F96CCC.d.D9ED922B621F8A4914338DC794E545E5.e.10524","ELEMENT":"f.3D100000B49E76A23DA3328AC6F96CCC.d.D9ED922B621F8A4914338DC794E545E5.e.10524"}]}
COMMAND: GET /session/13ff36e378d374199407c6416a2f579d/element/f.3D100000B49E76A23DA3328AC6F96CCC.d.D9ED922B621F8A4914338DC794E545E5.e.10524/enabled - {}
COMMAND: GET /session/13ff36e378d374199407c6416a2f579d/screenshot - {}
RESULT: {}
COMMAND: POST /session/13ff36e378d374199407c6416a2f579d/execute/sync - {"script":"<script> [8489 bytes]","args":[{"element-6066-11e4-a52e-4f735466cecf":"f.3D100000B49E76A23DA3328AC6F96CCC.d.D9ED922B621F8A4914338DC794E545E5.e.10524","ELEMENT":"f.3D100000B49E76A23DA3328AC6F96CCC.d.D9ED922B621F8A4914338DC794E545E5.e.10524"}]}
COMMAND: GET /session/13ff36e378d374199407c6416a2f579d/screenshot - {}
RESULT: {}
RESULT: {"script":"<script> [8489 bytes]","args":[{"element-6066-11e4-a52e-4f735466cecf":"f.3D100000B49E76A23DA3328AC6F96CCC.d.D9ED922B621F8A4914338DC794E545E5.e.10524","ELEMENT":"f.3D100000B49E76A23DA3328AC6F96CCC.d.D9ED922B621F8A4914338DC794E545E5.e.10524"}]}
COMMAND: POST /session/13ff36e378d374199407c6416a2f579d/execute/sync - {"script":"<script> [5351 bytes]","args":[{"element-6066-11e4-a52e-4f735466cecf":"f.3D100000B49E76A23DA3328AC6F96CCC.d.D9ED922B621F8A4914338DC794E545E5.e.10524","ELEMENT":"f.3D100000B49E76A23DA3328AC6F96CCC.d.D9ED922B621F8A4914338DC794E545E5.e.10524"}]}
COMMAND: GET /session/13ff36e378d374199407c6416a2f579d/screenshot - {}
RESULT: {}
RESULT: {"script":"<script> [5351 bytes]","args":[{"element-6066-11e4-a52e-4f735466cecf":"f.3D100000B49E76A23DA3328AC6F96CCC.d.D9ED922B621F8A4914338DC794E545E5.e.10524","ELEMENT":"f.3D100000B49E76A23DA3328AC6F96CCC.d.D9ED922B621F8A4914338DC794E545E5.e.10524"}]}
COMMAND: POST /session/13ff36e378d374199407c6416a2f579d/element/f.3D100000B49E76A23DA3328AC6F96CCC.d.D9ED922B621F8A4914338DC794E545E5.e.10524/click - {}
COMMAND: GET /session/13ff36e378d374199407c6416a2f579d/screenshot - {}
RESULT: {}
RESULT: {}
COMMAND: GET /session/13ff36e378d374199407c6416a2f579d/screenshot - {}
COMMAND: POST /session/13ff36e378d374199407c6416a2f579d/execute/async - {"script":"<script> [1562 bytes]","args":[{"selector":{"id":"application-managepartners-display-component---NewPartner--addressDetailDetailsName1","interaction":{"idSuffix":"inner"}},"wdio_ui5_key":"applicationmanagepartners-display-component---NewPartner--addressDetailDetailsName1"}]}
RESULT: {}
RESULT: {}
RESULT: {"script":"<script> [1562 bytes]","args":[{"selector":{"id":"application-managepartners-display-component---NewPartner--addressDetailDetailsName1","interaction":{"idSuffix":"inner"}},"wdio_ui5_key":"applicationmanagepartners-display-component---NewPartner--addressDetailDetailsName1"}]}
RESULT: undefined
COMMAND: POST /session/13ff36e378d374199407c6416a2f579d/execute/async - {"script":"<script> [776 bytes]","args":[{"enterText":"External Partner WDIO","selector":{"id":"application-managepartners-display-component---NewPartner--addressDetailDetailsName1","interaction":{"idSuffix":"inner"}},"clearTextFirst":true,"interactionType":"ENTER_TEXT"}]}
RESULT: {"script":"<script> [776 bytes]","args":[{"enterText":"External Partner WDIO","selector":{"id":"application-managepartners-display-component---NewPartner--addressDetailDetailsName1","interaction":{"idSuffix":"inner"}},"clearTextFirst":true,"interactionType":"ENTER_TEXT"}]}
COMMAND: POST /session/13ff36e378d374199407c6416a2f579d/execute/async - {"script":"<script> [1562 bytes]","args":[{"selector":{"id":"application-managepartners-display-component---NewPartner--addressDetailDetailsLanguage-arrow"},"wdio_ui5_key":"applicationmanagepartners-display-component---NewPartner--addressDetailDetailsLanguage-arrow"}]}
RESULT: {"script":"<script> [1562 bytes]","args":[{"selector":{"id":"application-managepartners-display-component---NewPartner--addressDetailDetailsLanguage-arrow"},"wdio_ui5_key":"applicationmanagepartners-display-component---NewPartner--addressDetailDetailsLanguage-arrow"}]}
RESULT: undefined
COMMAND: POST /session/13ff36e378d374199407c6416a2f579d/element - {"using":"xpath","value":"//*[@id=\"application-managepartners-display-component---NewPartner--addressDetailDetailsLanguage-arrow\"]"}
RESULT: {"using":"xpath","value":"//*[@id=\"application-managepartners-display-component---NewPartner--addressDetailDetailsLanguage-arrow\"]"}
COMMAND: POST /session/13ff36e378d374199407c6416a2f579d/element/f.3D100000B49E76A23DA3328AC6F96CCC.d.D9ED922B621F8A4914338DC794E545E5.e.10968/click - {}
RESULT: {}
COMMAND: POST /session/13ff36e378d374199407c6416a2f579d/element - {"using":"xpath","value":"//span[contains(text(), \"English\")]"}
COMMAND: GET /session/13ff36e378d374199407c6416a2f579d/screenshot - {}
RESULT: {"using":"xpath","value":"//span[contains(text(), \"English\")]"}
COMMAND: POST /session/13ff36e378d374199407c6416a2f579d/element/f.3D100000B49E76A23DA3328AC6F96CCC.d.D9ED922B621F8A4914338DC794E545E5.e.10969/click - {}
RESULT: {}
RESULT: {}
COMMAND: GET /session/13ff36e378d374199407c6416a2f579d/screenshot - {}
RESULT: {}
COMMAND: POST /session/13ff36e378d374199407c6416a2f579d/execute/async - {"script":"<script> [1562 bytes]","args":[{"selector":{"id":"application-managepartners-display-component---NewPartner--addressDetailDetailsCity1","interaction":{"idSuffix":"inner"}},"wdio_ui5_key":"applicationmanagepartners-display-component---NewPartner--addressDetailDetailsCity1"}]}
RESULT: {"script":"<script> [1562 bytes]","args":[{"selector":{"id":"application-managepartners-display-component---NewPartner--addressDetailDetailsCity1","interaction":{"idSuffix":"inner"}},"wdio_ui5_key":"applicationmanagepartners-display-component---NewPartner--addressDetailDetailsCity1"}]}
RESULT: undefined
COMMAND: POST /session/13ff36e378d374199407c6416a2f579d/execute/async - {"script":"<script> [776 bytes]","args":[{"enterText":"Rosario","selector":{"id":"application-managepartners-display-component---NewPartner--addressDetailDetailsCity1","interaction":{"idSuffix":"inner"}},"clearTextFirst":true,"interactionType":"ENTER_TEXT"}]}
RESULT: {"script":"<script> [776 bytes]","args":[{"enterText":"Rosario","selector":{"id":"application-managepartners-display-component---NewPartner--addressDetailDetailsCity1","interaction":{"idSuffix":"inner"}},"clearTextFirst":true,"interactionType":"ENTER_TEXT"}]}
COMMAND: POST /session/13ff36e378d374199407c6416a2f579d/execute/async - {"script":"<script> [1562 bytes]","args":[{"selector":{"id":"application-managepartners-display-component---NewPartner--addressDetailDetailsCountry-arrow"},"wdio_ui5_key":"applicationmanagepartners-display-component---NewPartner--addressDetailDetailsCountry-arrow"}]}
RESULT: {"script":"<script> [1562 bytes]","args":[{"selector":{"id":"application-managepartners-display-component---NewPartner--addressDetailDetailsCountry-arrow"},"wdio_ui5_key":"applicationmanagepartners-display-component---NewPartner--addressDetailDetailsCountry-arrow"}]}
RESULT: undefined
COMMAND: POST /session/13ff36e378d374199407c6416a2f579d/element - {"using":"xpath","value":"//*[@id=\"application-managepartners-display-component---NewPartner--addressDetailDetailsCountry-arrow\"]"}
RESULT: {"using":"xpath","value":"//*[@id=\"application-managepartners-display-component---NewPartner--addressDetailDetailsCountry-arrow\"]"}
COMMAND: POST /session/13ff36e378d374199407c6416a2f579d/element/f.3D100000B49E76A23DA3328AC6F96CCC.d.D9ED922B621F8A4914338DC794E545E5.e.10947/click - {}
RESULT: {}
COMMAND: POST /session/13ff36e378d374199407c6416a2f579d/element - {"using":"xpath","value":"//span[contains(text(), \"Argentina\")]"}
COMMAND: GET /session/13ff36e378d374199407c6416a2f579d/screenshot - {}
RESULT: {"using":"xpath","value":"//span[contains(text(), \"Argentina\")]"}
COMMAND: POST /session/13ff36e378d374199407c6416a2f579d/element/f.3D100000B49E76A23DA3328AC6F96CCC.d.D9ED922B621F8A4914338DC794E545E5.e.10971/click - {}
RESULT: {}
RESULT: {}
COMMAND: GET /session/13ff36e378d374199407c6416a2f579d/screenshot - {}
RESULT: {}
COMMAND: POST /session/13ff36e378d374199407c6416a2f579d/element - {"using":"xpath","value":"//bdi[contains(text(), \"Commercial\")]"}
RESULT: {"using":"xpath","value":"//bdi[contains(text(), \"Commercial\")]"}
COMMAND: POST /session/13ff36e378d374199407c6416a2f579d/element/f.3D100000B49E76A23DA3328AC6F96CCC.d.D9ED922B621F8A4914338DC794E545E5.e.10972/click - {}
RESULT: {}
COMMAND: GET /session/13ff36e378d374199407c6416a2f579d/screenshot - {}
RESULT: {}
COMMAND: POST /session/13ff36e378d374199407c6416a2f579d/execute/async - {"script":"<script> [1562 bytes]","args":[{"selector":{"id":"application-managepartners-display-component---NewPartner--partnerDetailInternal-arrow"},"wdio_ui5_key":"applicationmanagepartners-display-component---NewPartner--partnerDetailInternal-arrow"}]}
RESULT: {"script":"<script> [1562 bytes]","args":[{"selector":{"id":"application-managepartners-display-component---NewPartner--partnerDetailInternal-arrow"},"wdio_ui5_key":"applicationmanagepartners-display-component---NewPartner--partnerDetailInternal-arrow"}]}
RESULT: undefined
COMMAND: POST /session/13ff36e378d374199407c6416a2f579d/element - {"using":"xpath","value":"//*[@id=\"application-managepartners-display-component---NewPartner--partnerDetailInternal-arrow\"]"}
RESULT: {"using":"xpath","value":"//*[@id=\"application-managepartners-display-component---NewPartner--partnerDetailInternal-arrow\"]"}
COMMAND: POST /session/13ff36e378d374199407c6416a2f579d/element/f.3D100000B49E76A23DA3328AC6F96CCC.d.D9ED922B621F8A4914338DC794E545E5.e.10978/click - {}
RESULT: {}
COMMAND: POST /session/13ff36e378d374199407c6416a2f579d/element - {"using":"xpath","value":"//span[contains(text(), \"External partner\")]"}
COMMAND: GET /session/13ff36e378d374199407c6416a2f579d/screenshot - {}
RESULT: {"using":"xpath","value":"//span[contains(text(), \"External partner\")]"}
COMMAND: POST /session/13ff36e378d374199407c6416a2f579d/element/f.3D100000B49E76A23DA3328AC6F96CCC.d.D9ED922B621F8A4914338DC794E545E5.e.10981/click - {}
RESULT: {}
RESULT: {}
COMMAND: POST /session/13ff36e378d374199407c6416a2f579d/execute/async - {"script":"<script> [1562 bytes]","args":[{"selector":{"id":"application-managepartners-display-component---NewPartner--partnerDetailsCurrency-arrow"},"wdio_ui5_key":"applicationmanagepartners-display-component---NewPartner--partnerDetailsCurrency-arrow"}]}
COMMAND: GET /session/13ff36e378d374199407c6416a2f579d/screenshot - {}
RESULT: {"script":"<script> [1562 bytes]","args":[{"selector":{"id":"application-managepartners-display-component---NewPartner--partnerDetailsCurrency-arrow"},"wdio_ui5_key":"applicationmanagepartners-display-component---NewPartner--partnerDetailsCurrency-arrow"}]}
RESULT: undefined
COMMAND: POST /session/13ff36e378d374199407c6416a2f579d/element - {"using":"xpath","value":"//*[@id=\"application-managepartners-display-component---NewPartner--partnerDetailsCurrency-arrow\"]"}
RESULT: {}
RESULT: {"using":"xpath","value":"//*[@id=\"application-managepartners-display-component---NewPartner--partnerDetailsCurrency-arrow\"]"}
COMMAND: POST /session/13ff36e378d374199407c6416a2f579d/element/f.3D100000B49E76A23DA3328AC6F96CCC.d.D9ED922B621F8A4914338DC794E545E5.e.10986/click - {}
RESULT: {}
COMMAND: POST /session/13ff36e378d374199407c6416a2f579d/element - {"using":"xpath","value":"//span[contains(text(), \"US Dollar\")]"}
COMMAND: GET /session/13ff36e378d374199407c6416a2f579d/screenshot - {}
RESULT: {"using":"xpath","value":"//span[contains(text(), \"US Dollar\")]"}
COMMAND: POST /session/13ff36e378d374199407c6416a2f579d/element/f.3D100000B49E76A23DA3328AC6F96CCC.d.D9ED922B621F8A4914338DC794E545E5.e.10987/click - {}
RESULT: {}
RESULT: {}
COMMAND: GET /session/13ff36e378d374199407c6416a2f579d/screenshot - {}
RESULT: {}
COMMAND: POST /session/13ff36e378d374199407c6416a2f579d/element - {"using":"xpath","value":"//input[@id=\"application-managepartners-display-component---NewPartner--companyCodeComboBox-inner\"]"}
RESULT: {"using":"xpath","value":"//input[@id=\"application-managepartners-display-component---NewPartner--companyCodeComboBox-inner\"]"}
COMMAND: POST /session/13ff36e378d374199407c6416a2f579d/element/f.3D100000B49E76A23DA3328AC6F96CCC.d.D9ED922B621F8A4914338DC794E545E5.e.10881/clear - {}
RESULT: {}
COMMAND: POST /session/13ff36e378d374199407c6416a2f579d/element/f.3D100000B49E76A23DA3328AC6F96CCC.d.D9ED922B621F8A4914338DC794E545E5.e.10881/value - {"text":"C002"}
COMMAND: GET /session/13ff36e378d374199407c6416a2f579d/screenshot - {}
RESULT: {"text":"C002"}
COMMAND: GET /session/13ff36e378d374199407c6416a2f579d/screenshot - {}
RESULT: {}
RESULT: {}
COMMAND: POST /session/13ff36e378d374199407c6416a2f579d/element - {"using":"xpath","value":"//li[.//span[text()= \"C002\"]]"}
RESULT: {"using":"xpath","value":"//li[.//span[text()= \"C002\"]]"}
COMMAND: POST /session/13ff36e378d374199407c6416a2f579d/element/f.3D100000B49E76A23DA3328AC6F96CCC.d.D9ED922B621F8A4914338DC794E545E5.e.10991/click - {}
RESULT: {}
COMMAND: GET /session/13ff36e378d374199407c6416a2f579d/screenshot - {}
RESULT: {}
COMMAND: POST /session/13ff36e378d374199407c6416a2f579d/execute/async - {"script":"<script> [1562 bytes]","args":[{"selector":{"controlType":"sap.ui.core.Icon","viewName":"etm.portal.ui.managepartners.view.NewPartner","viewId":"application-managepartners-display-component---NewPartner","properties":{"src":{"regex":{"source":"slim\\-arrow\\-down"}}},"ancestor":{"controlType":"sap.m.ComboBox","viewName":"etm.portal.ui.managepartners.view.NewPartner","viewId":"application-managepartners-display-component---NewPartner","bindingPath":{"path":"","propertyPath":"/CATALOG","modelName":"oNewPartnerModel"}}},"wdio_ui5_key":"etmportal.ui.managepartners.view.NewPartnersap.ui.core.Icon{\"src\":{\"regex\":{\"source\":\"slim\\\\-arrow\\\\-down\"}}}{\"controlType\":\"sap.m.ComboBox\",\"viewName\":\"etm.portal.ui.managepartners.view.NewPartner\",\"viewId\":\"application-managepartners-display-component---NewPartner\",\"bindingPath\":{\"path\":\"\",\"propertyPath\":\"/CATALOG\",\"modelName\":\"oNewPartnerModel\"}}"}]}
RESULT: {"script":"<script> [1562 bytes]","args":[{"selector":{"controlType":"sap.ui.core.Icon","viewName":"etm.portal.ui.managepartners.view.NewPartner","viewId":"application-managepartners-display-component---NewPartner","properties":{"src":{"regex":{"source":"slim\\-arrow\\-down"}}},"ancestor":{"controlType":"sap.m.ComboBox","viewName":"etm.portal.ui.managepartners.view.NewPartner","viewId":"application-managepartners-display-component---NewPartner","bindingPath":{"path":"","propertyPath":"/CATALOG","modelName":"oNewPartnerModel"}}},"wdio_ui5_key":"etmportal.ui.managepartners.view.NewPartnersap.ui.core.Icon{\"src\":{\"regex\":{\"source\":\"slim\\\\-arrow\\\\-down\"}}}{\"controlType\":\"sap.m.ComboBox\",\"viewName\":\"etm.portal.ui.managepartners.view.NewPartner\",\"viewId\":\"application-managepartners-display-component---NewPartner\",\"bindingPath\":{\"path\":\"\",\"propertyPath\":\"/CATALOG\",\"modelName\":\"oNewPartnerModel\"}}"}]}
RESULT: undefined
COMMAND: POST /session/13ff36e378d374199407c6416a2f579d/element - {"using":"xpath","value":"//*[@id=\"__box22-arrow\"]"}
RESULT: {"using":"xpath","value":"//*[@id=\"__box22-arrow\"]"}
COMMAND: POST /session/13ff36e378d374199407c6416a2f579d/element/f.3D100000B49E76A23DA3328AC6F96CCC.d.D9ED922B621F8A4914338DC794E545E5.e.10948/click - {}
RESULT: {}
COMMAND: GET /session/13ff36e378d374199407c6416a2f579d/screenshot - {}
RESULT: {}
COMMAND: POST /session/13ff36e378d374199407c6416a2f579d/element - {"using":"xpath","value":"//ul[contains(@id,\"popup-list-listUl\")]//li[.//span[text()= \"Webshop Catalog\"]]"}
RESULT: {"using":"xpath","value":"//ul[contains(@id,\"popup-list-listUl\")]//li[.//span[text()= \"Webshop Catalog\"]]"}
COMMAND: POST /session/13ff36e378d374199407c6416a2f579d/element/f.3D100000B49E76A23DA3328AC6F96CCC.d.D9ED922B621F8A4914338DC794E545E5.e.10993/click - {}
RESULT: {}
COMMAND: GET /session/13ff36e378d374199407c6416a2f579d/screenshot - {}
RESULT: {}
COMMAND: POST /session/13ff36e378d374199407c6416a2f579d/execute/async - {"script":"<script> [1562 bytes]","args":[{"selector":{"id":"application-managepartners-display-component---NewPartner--btnAddTableRow-img"},"wdio_ui5_key":"applicationmanagepartners-display-component---NewPartner--btnAddTableRow-img"}]}
RESULT: {"script":"<script> [1562 bytes]","args":[{"selector":{"id":"application-managepartners-display-component---NewPartner--btnAddTableRow-img"},"wdio_ui5_key":"applicationmanagepartners-display-component---NewPartner--btnAddTableRow-img"}]}
RESULT: undefined
COMMAND: POST /session/13ff36e378d374199407c6416a2f579d/element - {"using":"xpath","value":"//*[@id=\"application-managepartners-display-component---NewPartner--btnAddTableRow-img\"]"}
RESULT: {"using":"xpath","value":"//*[@id=\"application-managepartners-display-component---NewPartner--btnAddTableRow-img\"]"}
COMMAND: POST /session/13ff36e378d374199407c6416a2f579d/element/f.3D100000B49E76A23DA3328AC6F96CCC.d.D9ED922B621F8A4914338DC794E545E5.e.10994/click - {}
RESULT: {}
COMMAND: GET /session/13ff36e378d374199407c6416a2f579d/screenshot - {}
RESULT: {}
COMMAND: POST /session/13ff36e378d374199407c6416a2f579d/element - {"using":"xpath","value":"//input[@id=\"application-managepartners-display-component---NewPartner--assignmentYard-application-managepartners-display-component---NewPartner--assignmentsTable-0-inner\"]"}
RESULT: {"using":"xpath","value":"//input[@id=\"application-managepartners-display-component---NewPartner--assignmentYard-application-managepartners-display-component---NewPartner--assignmentsTable-0-inner\"]"}
COMMAND: POST /session/13ff36e378d374199407c6416a2f579d/element/f.3D100000B49E76A23DA3328AC6F96CCC.d.D9ED922B621F8A4914338DC794E545E5.e.10997/clear - {}
RESULT: {}
COMMAND: POST /session/13ff36e378d374199407c6416a2f579d/element/f.3D100000B49E76A23DA3328AC6F96CCC.d.D9ED922B621F8A4914338DC794E545E5.e.10997/value - {"text":"604"}
COMMAND: GET /session/13ff36e378d374199407c6416a2f579d/screenshot - {}
RESULT: {"text":"604"}
COMMAND: GET /session/13ff36e378d374199407c6416a2f579d/screenshot - {}
RESULT: {}
RESULT: {}
COMMAND: POST /session/13ff36e378d374199407c6416a2f579d/element - {"using":"xpath","value":"//li[.//span[text()='604']]"}
RESULT: {"using":"xpath","value":"//li[.//span[text()='604']]"}
COMMAND: POST /session/13ff36e378d374199407c6416a2f579d/element/f.3D100000B49E76A23DA3328AC6F96CCC.d.D9ED922B621F8A4914338DC794E545E5.e.11005/click - {}
RESULT: {}
COMMAND: GET /session/13ff36e378d374199407c6416a2f579d/screenshot - {}
RESULT: {}
COMMAND: POST /session/13ff36e378d374199407c6416a2f579d/actions - {"actions":[{"id":"action31","type":"key","parameters":{},"actions":[{"type":"keyDown","value":"î€‡"},{"type":"pause","duration":10},{"type":"keyUp","value":"î€‡"}]}]}
RESULT: {"actions":[{"id":"action31","type":"key","parameters":{},"actions":[{"type":"keyDown","value":"î€‡"},{"type":"pause","duration":10},{"type":"keyUp","value":"î€‡"}]}]}
COMMAND: POST /session/13ff36e378d374199407c6416a2f579d/element - {"using":"xpath","value":"//td[contains(@id, \"assignmentsTable-0-cell2\")]/div/div"}
COMMAND: GET /session/13ff36e378d374199407c6416a2f579d/screenshot - {}
RESULT: {"using":"xpath","value":"//td[contains(@id, \"assignmentsTable-0-cell2\")]/div/div"}
COMMAND: POST /session/13ff36e378d374199407c6416a2f579d/element/f.3D100000B49E76A23DA3328AC6F96CCC.d.D9ED922B621F8A4914338DC794E545E5.e.11008/click - {}
RESULT: {}
RESULT: {}
COMMAND: GET /session/13ff36e378d374199407c6416a2f579d/screenshot - {}
RESULT: {}
COMMAND: POST /session/13ff36e378d374199407c6416a2f579d/element - {"using":"xpath","value":"//button[@data-kt=\"saveButton\"]"}
RESULT: {"using":"xpath","value":"//button[@data-kt=\"saveButton\"]"}
COMMAND: POST /session/13ff36e378d374199407c6416a2f579d/element/f.3D100000B49E76A23DA3328AC6F96CCC.d.D9ED922B621F8A4914338DC794E545E5.e.10943/click - {}
RESULT: {}
COMMAND: GET /session/13ff36e378d374199407c6416a2f579d/screenshot - {}
RESULT: {}
COMMAND: POST /session/13ff36e378d374199407c6416a2f579d/element - {"using":"xpath","value":"//header[contains(@id, 'ObjectPageLayout-headerTitle')]/div[1]/div[2]/div[2]/span[1]"}
RESULT: {"using":"xpath","value":"//header[contains(@id, 'ObjectPageLayout-headerTitle')]/div[1]/div[2]/div[2]/span[1]"}
COMMAND: POST /session/13ff36e378d374199407c6416a2f579d/elements - {"using":"xpath","value":"//header[contains(@id, 'ObjectPageLayout-headerTitle')]/div[1]/div[2]/div[2]/span[1]"}
RESULT: {"using":"xpath","value":"//header[contains(@id, 'ObjectPageLayout-headerTitle')]/div[1]/div[2]/div[2]/span[1]"}
COMMAND: POST /session/13ff36e378d374199407c6416a2f579d/execute/sync - {"script":"<script> [56 bytes]","args":[{"element-6066-11e4-a52e-4f735466cecf":"f.3D100000B49E76A23DA3328AC6F96CCC.d.D9ED922B621F8A4914338DC794E545E5.e.11168","ELEMENT":"f.3D100000B49E76A23DA3328AC6F96CCC.d.D9ED922B621F8A4914338DC794E545E5.e.11168"}]}
RESULT: {"script":"<script> [56 bytes]","args":[{"element-6066-11e4-a52e-4f735466cecf":"f.3D100000B49E76A23DA3328AC6F96CCC.d.D9ED922B621F8A4914338DC794E545E5.e.11168","ELEMENT":"f.3D100000B49E76A23DA3328AC6F96CCC.d.D9ED922B621F8A4914338DC794E545E5.e.11168"}]}
COMMAND: POST /session/13ff36e378d374199407c6416a2f579d/element - {"using":"css selector","value":"#shell-header-logo"}
COMMAND: GET /session/13ff36e378d374199407c6416a2f579d/screenshot - {}
RESULT: {"using":"css selector","value":"#shell-header-logo"}
COMMAND: POST /session/13ff36e378d374199407c6416a2f579d/element/f.3D100000B49E76A23DA3328AC6F96CCC.d.D9ED922B621F8A4914338DC794E545E5.e.10490/click - {}
RESULT: {}
RESULT: {}
COMMAND: GET /session/13ff36e378d374199407c6416a2f579d/screenshot - {}
RESULT: {}
COMMAND: POST /session/13ff36e378d374199407c6416a2f579d/execute/sync - {"script":"<script> [299 bytes]","args":[["getModel","getResource"]]}
RESULT: {"script":"<script> [299 bytes]","args":[["getModel","getResource"]]}
COMMAND: GET /session/13ff36e378d374199407c6416a2f579d/screenshot - {}
]]></system-out>
    </testcase>
    <testcase classname="chrome.136_0_7103_93.windows.Create_partner_US118246" name="Should create a new yard in case create yard failed" time="107.749">
      <system-out><![CDATA[
RESULT: undefined
COMMAND: POST /session/13ff36e378d374199407c6416a2f579d/element - {"using":"xpath","value":"//*[@id=\"__tile41\"]"}
RESULT: {}
RESULT: {"using":"xpath","value":"//*[@id=\"__tile41\"]"}
COMMAND: POST /session/13ff36e378d374199407c6416a2f579d/element/f.3D100000B49E76A23DA3328AC6F96CCC.d.D9ED922B621F8A4914338DC794E545E5.e.9642/click - {}
RESULT: {}
COMMAND: GET /session/13ff36e378d374199407c6416a2f579d/screenshot - {}
COMMAND: POST /session/13ff36e378d374199407c6416a2f579d/elements - {"using":"xpath","value":"//span[text()='Error']"}
RESULT: {}
RESULT: {"using":"xpath","value":"//span[text()='Error']"}
COMMAND: POST /session/13ff36e378d374199407c6416a2f579d/element - {"using":"xpath","value":"//button[@data-kt=\"addNewYardOverflowToolbarButton\"]"}
RESULT: {"using":"xpath","value":"//button[@data-kt=\"addNewYardOverflowToolbarButton\"]"}
COMMAND: POST /session/13ff36e378d374199407c6416a2f579d/elements - {"using":"xpath","value":"//button[@data-kt=\"addNewYardOverflowToolbarButton\"]"}
RESULT: {"using":"xpath","value":"//button[@data-kt=\"addNewYardOverflowToolbarButton\"]"}
COMMAND: POST /session/13ff36e378d374199407c6416a2f579d/execute/sync - {"script":"<script> [8489 bytes]","args":[{"element-6066-11e4-a52e-4f735466cecf":"f.3D100000B49E76A23DA3328AC6F96CCC.d.D9ED922B621F8A4914338DC794E545E5.e.11204","ELEMENT":"f.3D100000B49E76A23DA3328AC6F96CCC.d.D9ED922B621F8A4914338DC794E545E5.e.11204"}]}
RESULT: {"script":"<script> [8489 bytes]","args":[{"element-6066-11e4-a52e-4f735466cecf":"f.3D100000B49E76A23DA3328AC6F96CCC.d.D9ED922B621F8A4914338DC794E545E5.e.11204","ELEMENT":"f.3D100000B49E76A23DA3328AC6F96CCC.d.D9ED922B621F8A4914338DC794E545E5.e.11204"}]}
COMMAND: GET /session/13ff36e378d374199407c6416a2f579d/element/f.3D100000B49E76A23DA3328AC6F96CCC.d.D9ED922B621F8A4914338DC794E545E5.e.11204/enabled - {}
COMMAND: GET /session/13ff36e378d374199407c6416a2f579d/screenshot - {}
RESULT: {}
COMMAND: POST /session/13ff36e378d374199407c6416a2f579d/execute/sync - {"script":"<script> [8489 bytes]","args":[{"element-6066-11e4-a52e-4f735466cecf":"f.3D100000B49E76A23DA3328AC6F96CCC.d.D9ED922B621F8A4914338DC794E545E5.e.11204","ELEMENT":"f.3D100000B49E76A23DA3328AC6F96CCC.d.D9ED922B621F8A4914338DC794E545E5.e.11204"}]}
COMMAND: GET /session/13ff36e378d374199407c6416a2f579d/screenshot - {}
RESULT: {}
RESULT: {"script":"<script> [8489 bytes]","args":[{"element-6066-11e4-a52e-4f735466cecf":"f.3D100000B49E76A23DA3328AC6F96CCC.d.D9ED922B621F8A4914338DC794E545E5.e.11204","ELEMENT":"f.3D100000B49E76A23DA3328AC6F96CCC.d.D9ED922B621F8A4914338DC794E545E5.e.11204"}]}
COMMAND: POST /session/13ff36e378d374199407c6416a2f579d/execute/sync - {"script":"<script> [5351 bytes]","args":[{"element-6066-11e4-a52e-4f735466cecf":"f.3D100000B49E76A23DA3328AC6F96CCC.d.D9ED922B621F8A4914338DC794E545E5.e.11204","ELEMENT":"f.3D100000B49E76A23DA3328AC6F96CCC.d.D9ED922B621F8A4914338DC794E545E5.e.11204"}]}
COMMAND: GET /session/13ff36e378d374199407c6416a2f579d/screenshot - {}
RESULT: {}
RESULT: {"script":"<script> [5351 bytes]","args":[{"element-6066-11e4-a52e-4f735466cecf":"f.3D100000B49E76A23DA3328AC6F96CCC.d.D9ED922B621F8A4914338DC794E545E5.e.11204","ELEMENT":"f.3D100000B49E76A23DA3328AC6F96CCC.d.D9ED922B621F8A4914338DC794E545E5.e.11204"}]}
COMMAND: POST /session/13ff36e378d374199407c6416a2f579d/element/f.3D100000B49E76A23DA3328AC6F96CCC.d.D9ED922B621F8A4914338DC794E545E5.e.11204/click - {}
COMMAND: GET /session/13ff36e378d374199407c6416a2f579d/screenshot - {}
RESULT: {}
RESULT: {}
COMMAND: GET /session/13ff36e378d374199407c6416a2f579d/screenshot - {}
COMMAND: POST /session/13ff36e378d374199407c6416a2f579d/element - {"using":"xpath","value":"//input[@id=\"application-manageyards-display-component---NewYard--yardId-inner\"]"}
RESULT: {}
RESULT: {}
RESULT: {"using":"xpath","value":"//input[@id=\"application-manageyards-display-component---NewYard--yardId-inner\"]"}
COMMAND: POST /session/13ff36e378d374199407c6416a2f579d/element - {"using":"xpath","value":"//input[@id=\"application-manageyards-display-component---NewYard--yardId-inner\"]"}
RESULT: {"using":"xpath","value":"//input[@id=\"application-manageyards-display-component---NewYard--yardId-inner\"]"}
RESULT: undefined
COMMAND: POST /session/13ff36e378d374199407c6416a2f579d/execute/async - {"script":"<script> [776 bytes]","args":[{"enterText":"Warehouse Managed WDIO","selector":{"id":"application-manageyards-display-component---NewYard--addressDetailDetailsName1","interaction":{"idSuffix":"inner"}},"clearTextFirst":true,"interactionType":"ENTER_TEXT"}]}
RESULT: {"script":"<script> [776 bytes]","args":[{"enterText":"Warehouse Managed WDIO","selector":{"id":"application-manageyards-display-component---NewYard--addressDetailDetailsName1","interaction":{"idSuffix":"inner"}},"clearTextFirst":true,"interactionType":"ENTER_TEXT"}]}
RESULT: undefined
COMMAND: POST /session/13ff36e378d374199407c6416a2f579d/element - {"using":"xpath","value":"//*[@id=\"application-manageyards-display-component---NewYard--addressDetailDetailsLanguage-arrow\"]"}
RESULT: {"using":"xpath","value":"//*[@id=\"application-manageyards-display-component---NewYard--addressDetailDetailsLanguage-arrow\"]"}
COMMAND: POST /session/13ff36e378d374199407c6416a2f579d/element/f.3D100000B49E76A23DA3328AC6F96CCC.d.D9ED922B621F8A4914338DC794E545E5.e.11632/click - {}
RESULT: {}
COMMAND: POST /session/13ff36e378d374199407c6416a2f579d/element - {"using":"xpath","value":"//span[contains(text(), \"English\")]"}
COMMAND: GET /session/13ff36e378d374199407c6416a2f579d/screenshot - {}
RESULT: {"using":"xpath","value":"//span[contains(text(), \"English\")]"}
COMMAND: POST /session/13ff36e378d374199407c6416a2f579d/element/f.3D100000B49E76A23DA3328AC6F96CCC.d.D9ED922B621F8A4914338DC794E545E5.e.11633/click - {}
RESULT: {}
RESULT: {}
RESULT: undefined
COMMAND: POST /session/13ff36e378d374199407c6416a2f579d/execute/async - {"script":"<script> [776 bytes]","args":[{"enterText":"Rosario","selector":{"id":"application-manageyards-display-component---NewYard--addressDetailDetailsCity1","interaction":{"idSuffix":"inner"}},"clearTextFirst":true,"interactionType":"ENTER_TEXT"}]}
COMMAND: GET /session/13ff36e378d374199407c6416a2f579d/screenshot - {}
RESULT: {"script":"<script> [776 bytes]","args":[{"enterText":"Rosario","selector":{"id":"application-manageyards-display-component---NewYard--addressDetailDetailsCity1","interaction":{"idSuffix":"inner"}},"clearTextFirst":true,"interactionType":"ENTER_TEXT"}]}
RESULT: undefined
COMMAND: POST /session/13ff36e378d374199407c6416a2f579d/element - {"using":"xpath","value":"//*[@id=\"application-manageyards-display-component---NewYard--addressDetailDetailsCountry-arrow\"]"}
RESULT: {}
RESULT: {"using":"xpath","value":"//*[@id=\"application-manageyards-display-component---NewYard--addressDetailDetailsCountry-arrow\"]"}
COMMAND: POST /session/13ff36e378d374199407c6416a2f579d/element/f.3D100000B49E76A23DA3328AC6F96CCC.d.D9ED922B621F8A4914338DC794E545E5.e.11634/click - {}
RESULT: {}
COMMAND: POST /session/13ff36e378d374199407c6416a2f579d/element - {"using":"xpath","value":"//span[contains(text(), \"Argentina\")]"}
COMMAND: GET /session/13ff36e378d374199407c6416a2f579d/screenshot - {}
RESULT: {"using":"xpath","value":"//span[contains(text(), \"Argentina\")]"}
COMMAND: POST /session/13ff36e378d374199407c6416a2f579d/element/f.3D100000B49E76A23DA3328AC6F96CCC.d.D9ED922B621F8A4914338DC794E545E5.e.11636/click - {}
RESULT: {}
RESULT: {}
RESULT: undefined
COMMAND: POST /session/13ff36e378d374199407c6416a2f579d/element - {"using":"xpath","value":"//*[@id=\"application-manageyards-display-component---NewYard--addressEditDetailsCostObjectCstType-arrow\"]"}
COMMAND: GET /session/13ff36e378d374199407c6416a2f579d/screenshot - {}
RESULT: {"using":"xpath","value":"//*[@id=\"application-manageyards-display-component---NewYard--addressEditDetailsCostObjectCstType-arrow\"]"}
COMMAND: POST /session/13ff36e378d374199407c6416a2f579d/element/f.3D100000B49E76A23DA3328AC6F96CCC.d.D9ED922B621F8A4914338DC794E545E5.e.11637/click - {}
RESULT: {}
RESULT: {}
COMMAND: POST /session/13ff36e378d374199407c6416a2f579d/element - {"using":"xpath","value":"//span[contains(text(), \"Cost Center\")]"}
COMMAND: GET /session/13ff36e378d374199407c6416a2f579d/screenshot - {}
RESULT: {"using":"xpath","value":"//span[contains(text(), \"Cost Center\")]"}
COMMAND: POST /session/13ff36e378d374199407c6416a2f579d/element/f.3D100000B49E76A23DA3328AC6F96CCC.d.D9ED922B621F8A4914338DC794E545E5.e.11638/click - {}
RESULT: {}
RESULT: {}
COMMAND: GET /session/13ff36e378d374199407c6416a2f579d/screenshot - {}
RESULT: {}
COMMAND: POST /session/13ff36e378d374199407c6416a2f579d/element - {"using":"xpath","value":"//span[@id=\"application-manageyards-display-component---NewYard--addressNewCostObjectCstID-vhi\"]"}
RESULT: {"using":"xpath","value":"//span[@id=\"application-manageyards-display-component---NewYard--addressNewCostObjectCstID-vhi\"]"}
COMMAND: POST /session/13ff36e378d374199407c6416a2f579d/execute/sync - {"script":"<script> [8489 bytes]","args":[{"element-6066-11e4-a52e-4f735466cecf":"f.3D100000B49E76A23DA3328AC6F96CCC.d.D9ED922B621F8A4914338DC794E545E5.e.11642","ELEMENT":"f.3D100000B49E76A23DA3328AC6F96CCC.d.D9ED922B621F8A4914338DC794E545E5.e.11642"}]}
RESULT: {"script":"<script> [8489 bytes]","args":[{"element-6066-11e4-a52e-4f735466cecf":"f.3D100000B49E76A23DA3328AC6F96CCC.d.D9ED922B621F8A4914338DC794E545E5.e.11642","ELEMENT":"f.3D100000B49E76A23DA3328AC6F96CCC.d.D9ED922B621F8A4914338DC794E545E5.e.11642"}]}
RESULT: undefined
COMMAND: POST /session/13ff36e378d374199407c6416a2f579d/element - {"using":"xpath","value":"//*[@id=\"application-manageyards-display-component---NewYard--addressNewCostObjectCstID-vhi\"]"}
COMMAND: GET /session/13ff36e378d374199407c6416a2f579d/screenshot - {}
RESULT: {"using":"xpath","value":"//*[@id=\"application-manageyards-display-component---NewYard--addressNewCostObjectCstID-vhi\"]"}
COMMAND: POST /session/13ff36e378d374199407c6416a2f579d/element/f.3D100000B49E76A23DA3328AC6F96CCC.d.D9ED922B621F8A4914338DC794E545E5.e.11642/click - {}
RESULT: {}
RESULT: {}
COMMAND: GET /session/13ff36e378d374199407c6416a2f579d/screenshot - {}
RESULT: {}
RESULT: undefined
COMMAND: POST /session/13ff36e378d374199407c6416a2f579d/execute/async - {"script":"<script> [776 bytes]","args":[{"enterText":"bauh_b","selector":{"controlType":"sap.m.SearchField","properties":{"placeholder":"Search"},"searchOpenDialogs":true,"interaction":{"idSuffix":"I"}},"clearTextFirst":true,"interactionType":"ENTER_TEXT"}]}
RESULT: {"script":"<script> [776 bytes]","args":[{"enterText":"bauh_b","selector":{"controlType":"sap.m.SearchField","properties":{"placeholder":"Search"},"searchOpenDialogs":true,"interaction":{"idSuffix":"I"}},"clearTextFirst":true,"interactionType":"ENTER_TEXT"}]}
COMMAND: POST /session/13ff36e378d374199407c6416a2f579d/actions - {"actions":[{"id":"action32","type":"key","parameters":{},"actions":[{"type":"keyDown","value":"î€‡"},{"type":"pause","duration":10},{"type":"keyUp","value":"î€‡"}]}]}
RESULT: {"actions":[{"id":"action32","type":"key","parameters":{},"actions":[{"type":"keyDown","value":"î€‡"},{"type":"pause","duration":10},{"type":"keyUp","value":"î€‡"}]}]}
COMMAND: GET /session/13ff36e378d374199407c6416a2f579d/screenshot - {}
RESULT: {}
COMMAND: POST /session/13ff36e378d374199407c6416a2f579d/element - {"using":"xpath","value":"//span[contains(text(), \"Demo Yard\")]"}
RESULT: {"using":"xpath","value":"//span[contains(text(), \"Demo Yard\")]"}
COMMAND: POST /session/13ff36e378d374199407c6416a2f579d/element/f.3D100000B49E76A23DA3328AC6F96CCC.d.D9ED922B621F8A4914338DC794E545E5.e.11682/click - {}
RESULT: {}
COMMAND: GET /session/13ff36e378d374199407c6416a2f579d/screenshot - {}
RESULT: {}
COMMAND: POST /session/13ff36e378d374199407c6416a2f579d/element - {"using":"xpath","value":"//bdi[contains(text(), \"OK\")]"}
RESULT: {"using":"xpath","value":"//bdi[contains(text(), \"OK\")]"}
COMMAND: POST /session/13ff36e378d374199407c6416a2f579d/element/f.3D100000B49E76A23DA3328AC6F96CCC.d.D9ED922B621F8A4914338DC794E545E5.e.11683/click - {}
RESULT: {}
COMMAND: GET /session/13ff36e378d374199407c6416a2f579d/screenshot - {}
RESULT: {}
RESULT: undefined
COMMAND: POST /session/13ff36e378d374199407c6416a2f579d/element - {"using":"xpath","value":"//*[@id=\"application-manageyards-display-component---NewYard--addressEditDetailsCurrency-arrow\"]"}
RESULT: {"using":"xpath","value":"//*[@id=\"application-manageyards-display-component---NewYard--addressEditDetailsCurrency-arrow\"]"}
COMMAND: POST /session/13ff36e378d374199407c6416a2f579d/element/f.3D100000B49E76A23DA3328AC6F96CCC.d.D9ED922B621F8A4914338DC794E545E5.e.11686/click - {}
RESULT: {}
COMMAND: POST /session/13ff36e378d374199407c6416a2f579d/element - {"using":"xpath","value":"//span[contains(text(), \"Euro\")]"}
COMMAND: GET /session/13ff36e378d374199407c6416a2f579d/screenshot - {}
RESULT: {"using":"xpath","value":"//span[contains(text(), \"Euro\")]"}
COMMAND: POST /session/13ff36e378d374199407c6416a2f579d/element/f.3D100000B49E76A23DA3328AC6F96CCC.d.D9ED922B621F8A4914338DC794E545E5.e.11687/click - {}
RESULT: {}
RESULT: {}
RESULT: undefined
COMMAND: POST /session/13ff36e378d374199407c6416a2f579d/execute/async - {"script":"<script> [776 bytes]","args":[{"enterText":"Z001","selector":{"controlType":"sap.m.Input","viewName":"etm.portal.ui.manageyards.view.New","viewId":"application-manageyards-display-component---NewYard","bindingPath":{"path":"","propertyPath":"/CONTROLLING_AREA","modelName":"NewYardModel"},"interaction":{"idSuffix":"inner"}},"clearTextFirst":true,"interactionType":"ENTER_TEXT"}]}
COMMAND: GET /session/13ff36e378d374199407c6416a2f579d/screenshot - {}
RESULT: {"script":"<script> [776 bytes]","args":[{"enterText":"Z001","selector":{"controlType":"sap.m.Input","viewName":"etm.portal.ui.manageyards.view.New","viewId":"application-manageyards-display-component---NewYard","bindingPath":{"path":"","propertyPath":"/CONTROLLING_AREA","modelName":"NewYardModel"},"interaction":{"idSuffix":"inner"}},"clearTextFirst":true,"interactionType":"ENTER_TEXT"}]}
RESULT: undefined
COMMAND: POST /session/13ff36e378d374199407c6416a2f579d/execute/async - {"script":"<script> [776 bytes]","args":[{"enterText":"1000","selector":{"id":"application-manageyards-display-component---NewYard--companyCodeComboBox","interaction":{"idSuffix":"inner"}},"clearTextFirst":true,"interactionType":"ENTER_TEXT"}]}
RESULT: {}
RESULT: {"script":"<script> [776 bytes]","args":[{"enterText":"1000","selector":{"id":"application-manageyards-display-component---NewYard--companyCodeComboBox","interaction":{"idSuffix":"inner"}},"clearTextFirst":true,"interactionType":"ENTER_TEXT"}]}
RESULT: undefined
COMMAND: POST /session/13ff36e378d374199407c6416a2f579d/execute/async - {"script":"<script> [776 bytes]","args":[{"enterText":"1001","selector":{"controlType":"sap.m.Input","viewName":"etm.portal.ui.manageyards.view.New","viewId":"application-manageyards-display-component---NewYard","bindingPath":{"path":"","propertyPath":"/PLANT","modelName":"NewYardModel"},"interaction":{"idSuffix":"inner"}},"clearTextFirst":true,"interactionType":"ENTER_TEXT"}]}
RESULT: {"script":"<script> [776 bytes]","args":[{"enterText":"1001","selector":{"controlType":"sap.m.Input","viewName":"etm.portal.ui.manageyards.view.New","viewId":"application-manageyards-display-component---NewYard","bindingPath":{"path":"","propertyPath":"/PLANT","modelName":"NewYardModel"},"interaction":{"idSuffix":"inner"}},"clearTextFirst":true,"interactionType":"ENTER_TEXT"}]}
RESULT: undefined
COMMAND: POST /session/13ff36e378d374199407c6416a2f579d/execute/async - {"script":"<script> [776 bytes]","args":[{"enterText":"C002","selector":{"controlType":"sap.m.Input","viewName":"etm.portal.ui.manageyards.view.New","viewId":"application-manageyards-display-component---NewYard","bindingPath":{"path":"","propertyPath":"/SALES_AREA_VKORG","modelName":"NewYardModel"},"interaction":{"idSuffix":"inner"}},"clearTextFirst":true,"interactionType":"ENTER_TEXT"}]}
RESULT: {"script":"<script> [776 bytes]","args":[{"enterText":"C002","selector":{"controlType":"sap.m.Input","viewName":"etm.portal.ui.manageyards.view.New","viewId":"application-manageyards-display-component---NewYard","bindingPath":{"path":"","propertyPath":"/SALES_AREA_VKORG","modelName":"NewYardModel"},"interaction":{"idSuffix":"inner"}},"clearTextFirst":true,"interactionType":"ENTER_TEXT"}]}
RESULT: undefined
COMMAND: POST /session/13ff36e378d374199407c6416a2f579d/execute/async - {"script":"<script> [776 bytes]","args":[{"enterText":"C2","selector":{"controlType":"sap.m.Input","viewName":"etm.portal.ui.manageyards.view.New","viewId":"application-manageyards-display-component---NewYard","bindingPath":{"path":"","propertyPath":"/SALES_AREA_VTWEG","modelName":"NewYardModel"},"interaction":{"idSuffix":"inner"}},"clearTextFirst":true,"interactionType":"ENTER_TEXT"}]}
RESULT: {"script":"<script> [776 bytes]","args":[{"enterText":"C2","selector":{"controlType":"sap.m.Input","viewName":"etm.portal.ui.manageyards.view.New","viewId":"application-manageyards-display-component---NewYard","bindingPath":{"path":"","propertyPath":"/SALES_AREA_VTWEG","modelName":"NewYardModel"},"interaction":{"idSuffix":"inner"}},"clearTextFirst":true,"interactionType":"ENTER_TEXT"}]}
RESULT: undefined
COMMAND: POST /session/13ff36e378d374199407c6416a2f579d/execute/async - {"script":"<script> [776 bytes]","args":[{"enterText":"C2","selector":{"controlType":"sap.m.Input","viewName":"etm.portal.ui.manageyards.view.New","viewId":"application-manageyards-display-component---NewYard","bindingPath":{"path":"","propertyPath":"/SALES_AREA_SPART","modelName":"NewYardModel"},"interaction":{"idSuffix":"inner"}},"clearTextFirst":true,"interactionType":"ENTER_TEXT"}]}
RESULT: {"script":"<script> [776 bytes]","args":[{"enterText":"C2","selector":{"controlType":"sap.m.Input","viewName":"etm.portal.ui.manageyards.view.New","viewId":"application-manageyards-display-component---NewYard","bindingPath":{"path":"","propertyPath":"/SALES_AREA_SPART","modelName":"NewYardModel"},"interaction":{"idSuffix":"inner"}},"clearTextFirst":true,"interactionType":"ENTER_TEXT"}]}
RESULT: undefined
COMMAND: POST /session/13ff36e378d374199407c6416a2f579d/execute/async - {"script":"<script> [776 bytes]","args":[{"enterText":"1710","selector":{"controlType":"sap.m.Input","viewName":"etm.portal.ui.manageyards.view.New","viewId":"application-manageyards-display-component---NewYard","bindingPath":{"path":"","propertyPath":"/SHIP_POINT","modelName":"NewYardModel"},"interaction":{"idSuffix":"inner"}},"clearTextFirst":true,"interactionType":"ENTER_TEXT"}]}
RESULT: {"script":"<script> [776 bytes]","args":[{"enterText":"1710","selector":{"controlType":"sap.m.Input","viewName":"etm.portal.ui.manageyards.view.New","viewId":"application-manageyards-display-component---NewYard","bindingPath":{"path":"","propertyPath":"/SHIP_POINT","modelName":"NewYardModel"},"interaction":{"idSuffix":"inner"}},"clearTextFirst":true,"interactionType":"ENTER_TEXT"}]}
RESULT: undefined
COMMAND: POST /session/13ff36e378d374199407c6416a2f579d/execute/async - {"script":"<script> [776 bytes]","args":[{"enterText":"ZL01","selector":{"controlType":"sap.m.Input","viewName":"etm.portal.ui.manageyards.view.New","viewId":"application-manageyards-display-component---NewYard","bindingPath":{"path":"","propertyPath":"/DELIVERY_TYPE","modelName":"NewYardModel"},"interaction":{"idSuffix":"inner"}},"clearTextFirst":true,"interactionType":"ENTER_TEXT"}]}
RESULT: {"script":"<script> [776 bytes]","args":[{"enterText":"ZL01","selector":{"controlType":"sap.m.Input","viewName":"etm.portal.ui.manageyards.view.New","viewId":"application-manageyards-display-component---NewYard","bindingPath":{"path":"","propertyPath":"/DELIVERY_TYPE","modelName":"NewYardModel"},"interaction":{"idSuffix":"inner"}},"clearTextFirst":true,"interactionType":"ENTER_TEXT"}]}
RESULT: undefined
COMMAND: POST /session/13ff36e378d374199407c6416a2f579d/execute/async - {"script":"<script> [776 bytes]","args":[{"enterText":"TA","selector":{"controlType":"sap.m.Input","viewName":"etm.portal.ui.manageyards.view.New","viewId":"application-manageyards-display-component---NewYard","bindingPath":{"path":"","propertyPath":"/AUART","modelName":"NewYardModel"},"interaction":{"idSuffix":"inner"}},"clearTextFirst":true,"interactionType":"ENTER_TEXT"}]}
RESULT: {"script":"<script> [776 bytes]","args":[{"enterText":"TA","selector":{"controlType":"sap.m.Input","viewName":"etm.portal.ui.manageyards.view.New","viewId":"application-manageyards-display-component---NewYard","bindingPath":{"path":"","propertyPath":"/AUART","modelName":"NewYardModel"},"interaction":{"idSuffix":"inner"}},"clearTextFirst":true,"interactionType":"ENTER_TEXT"}]}
COMMAND: POST /session/13ff36e378d374199407c6416a2f579d/execute/async - {"script":"<script> [1562 bytes]","args":[{"selector":{"id":"application-manageyards-display-component---NewYard--whmCheckBox","interaction":{"idSuffix":"CbBg"}},"wdio_ui5_key":"applicationmanageyards-display-component---NewYard--whmCheckBox"}]}
RESULT: {"script":"<script> [1562 bytes]","args":[{"selector":{"id":"application-manageyards-display-component---NewYard--whmCheckBox","interaction":{"idSuffix":"CbBg"}},"wdio_ui5_key":"applicationmanageyards-display-component---NewYard--whmCheckBox"}]}
RESULT: undefined
COMMAND: POST /session/13ff36e378d374199407c6416a2f579d/element - {"using":"xpath","value":"//*[@id=\"application-manageyards-display-component---NewYard--whmCheckBox\"]"}
RESULT: {"using":"xpath","value":"//*[@id=\"application-manageyards-display-component---NewYard--whmCheckBox\"]"}
COMMAND: POST /session/13ff36e378d374199407c6416a2f579d/element/f.3D100000B49E76A23DA3328AC6F96CCC.d.D9ED922B621F8A4914338DC794E545E5.e.11699/click - {}
RESULT: {}
COMMAND: GET /session/13ff36e378d374199407c6416a2f579d/screenshot - {}
RESULT: {}
COMMAND: POST /session/13ff36e378d374199407c6416a2f579d/element - {"using":"xpath","value":"//button[@data-kt=\"newYardSaveButton\"]"}
RESULT: {"using":"xpath","value":"//button[@data-kt=\"newYardSaveButton\"]"}
COMMAND: POST /session/13ff36e378d374199407c6416a2f579d/element/f.3D100000B49E76A23DA3328AC6F96CCC.d.D9ED922B621F8A4914338DC794E545E5.e.11616/click - {}
RESULT: {}
COMMAND: GET /session/13ff36e378d374199407c6416a2f579d/screenshot - {}
RESULT: {}
COMMAND: POST /session/13ff36e378d374199407c6416a2f579d/element - {"using":"xpath","value":"//header[contains(@id, 'ObjectPageLayout-headerTitle')]/div[1]/div[2]/div[1]/span[1]"}
RESULT: {"using":"xpath","value":"//header[contains(@id, 'ObjectPageLayout-headerTitle')]/div[1]/div[2]/div[1]/span[1]"}
COMMAND: POST /session/13ff36e378d374199407c6416a2f579d/elements - {"using":"xpath","value":"//header[contains(@id, 'ObjectPageLayout-headerTitle')]/div[1]/div[2]/div[1]/span[1]"}
RESULT: {"using":"xpath","value":"//header[contains(@id, 'ObjectPageLayout-headerTitle')]/div[1]/div[2]/div[1]/span[1]"}
COMMAND: POST /session/13ff36e378d374199407c6416a2f579d/execute/sync - {"script":"<script> [56 bytes]","args":[{"element-6066-11e4-a52e-4f735466cecf":"f.3D100000B49E76A23DA3328AC6F96CCC.d.D9ED922B621F8A4914338DC794E545E5.e.11898","ELEMENT":"f.3D100000B49E76A23DA3328AC6F96CCC.d.D9ED922B621F8A4914338DC794E545E5.e.11898"}]}
RESULT: {"script":"<script> [56 bytes]","args":[{"element-6066-11e4-a52e-4f735466cecf":"f.3D100000B49E76A23DA3328AC6F96CCC.d.D9ED922B621F8A4914338DC794E545E5.e.11898","ELEMENT":"f.3D100000B49E76A23DA3328AC6F96CCC.d.D9ED922B621F8A4914338DC794E545E5.e.11898"}]}
COMMAND: GET /session/13ff36e378d374199407c6416a2f579d/screenshot - {}
RESULT: {}
COMMAND: POST /session/13ff36e378d374199407c6416a2f579d/element - {"using":"css selector","value":"#shell-header-logo"}
RESULT: {"using":"css selector","value":"#shell-header-logo"}
COMMAND: POST /session/13ff36e378d374199407c6416a2f579d/element/f.3D100000B49E76A23DA3328AC6F96CCC.d.D9ED922B621F8A4914338DC794E545E5.e.11172/click - {}
RESULT: {}
COMMAND: GET /session/13ff36e378d374199407c6416a2f579d/screenshot - {}
RESULT: {}
COMMAND: POST /session/13ff36e378d374199407c6416a2f579d/execute/sync - {"script":"<script> [299 bytes]","args":[["getModel","getResource"]]}
RESULT: {"script":"<script> [299 bytes]","args":[["getModel","getResource"]]}
]]></system-out>
    </testcase>
  </testsuite>
</testsuites>